<?xml version="1.0" encoding="UTF-8" ?>
<testsuite errors="0" failures="0" hostname="travis-job-7ea0ff40-8b62-4f50-816a-0ac83ed6a5b9" name="ptolemy.domains.de.test.junit.JUnitTclTest" skipped="0" tests="101" time="125.115" timestamp="2020-08-22T15:28:58">
  <properties>
[...]
</properties>
  <testcase classname="ptolemy.util.test.junit.TclTests" name="[0] /home/travis/build/icyphy/ptII/ptolemy/domains/de/test/DependencyLoop.tcl (RunTclFile)" time="0.94" />
  <testcase classname="ptolemy.util.test.junit.TclTests" name="[1] /home/travis/build/icyphy/ptII/ptolemy/domains/de/test/RunDETestsAsQSS.tcl (RunTclFile)" time="84.0" />
  <testcase classname="ptolemy.util.test.junit.AutoKnownFailedTests" name="[0] /home/travis/build/icyphy/ptII/ptolemy/domains/de/test/auto/knownFailedTests/DESDFClockTest.xml (RunModel)" time="2.044" />
  <testcase classname="ptolemy.util.test.junit.AutoKnownFailedTests" name="[1] /home/travis/build/icyphy/ptII/ptolemy/domains/de/test/auto/knownFailedTests/DirectFeedback.xml (RunModel)" time="0.018" />
  <testcase classname="ptolemy.util.test.junit.AutoKnownFailedTests" name="[2] /home/travis/build/icyphy/ptII/ptolemy/domains/de/test/auto/knownFailedTests/FSMSource.xml (RunModel)" time="0.032" />
  <testcase classname="ptolemy.util.test.junit.AutoKnownFailedTests" name="[3] /home/travis/build/icyphy/ptII/ptolemy/domains/de/test/auto/knownFailedTests/HierarchicalModel.xml (RunModel)" time="0.056" />
  <testcase classname="ptolemy.util.test.junit.AutoKnownFailedTests" name="[4] /home/travis/build/icyphy/ptII/ptolemy/domains/de/test/auto/knownFailedTests/dependencyLoop.xml (RunModel)" time="0.043" />
  <testcase classname="ptolemy.util.test.junit.AutoKnownFailedTests" name="[5] /home/travis/build/icyphy/ptII/ptolemy/domains/de/test/auto/knownFailedTests/dependencyLoop2.xml (RunModel)" time="0.05" />
  <testcase classname="ptolemy.util.test.junit.AutoNameArchTests" name="[0] ThereAreNoAutoArchTests (RunModel)" time="0.001" />
  <testcase classname="ptolemy.util.test.junit.AutoTests" name="[0] /home/travis/build/icyphy/ptII/ptolemy/domains/de/test/auto/ActorDepthCalculation_actorWithoutPorts.xml (RunModel)" time="0.02" />
  <testcase classname="ptolemy.util.test.junit.AutoTests" name="[1] /home/travis/build/icyphy/ptII/ptolemy/domains/de/test/auto/AssemblyLine.xml (RunModel)" time="0.023" />
  <testcase classname="ptolemy.util.test.junit.AutoTests" name="[2] /home/travis/build/icyphy/ptII/ptolemy/domains/de/test/auto/CQBug1.xml (RunModel)" time="0.015" />
  <testcase classname="ptolemy.util.test.junit.AutoTests" name="[3] /home/travis/build/icyphy/ptII/ptolemy/domains/de/test/auto/CancelFireAt.xml (RunModel)" time="0.015" />
  <testcase classname="ptolemy.util.test.junit.AutoTests" name="[4] /home/travis/build/icyphy/ptII/ptolemy/domains/de/test/auto/CausalityAndComposabilityAnalysis.xml (RunModel)" time="0.014" />
  <testcase classname="ptolemy.util.test.junit.AutoTests" name="[5] /home/travis/build/icyphy/ptII/ptolemy/domains/de/test/auto/CausalityInterface1.xml (RunModel)" time="0.018" />
  <testcase classname="ptolemy.util.test.junit.AutoTests" name="[6] /home/travis/build/icyphy/ptII/ptolemy/domains/de/test/auto/CausalityInterface15.xml (RunModel)" time="0.016" />
  <testcase classname="ptolemy.util.test.junit.AutoTests" name="[7] /home/travis/build/icyphy/ptII/ptolemy/domains/de/test/auto/CausalityInterface2.xml (RunModel)" time="0.017" />
  <testcase classname="ptolemy.util.test.junit.AutoTests" name="[8] /home/travis/build/icyphy/ptII/ptolemy/domains/de/test/auto/CausalityInterface3.xml (RunModel)" time="0.019" />
  <testcase classname="ptolemy.util.test.junit.AutoTests" name="[9] /home/travis/build/icyphy/ptII/ptolemy/domains/de/test/auto/ClockDrift.xml (RunModel)" time="0.037" />
  <testcase classname="ptolemy.util.test.junit.AutoTests" name="[10] /home/travis/build/icyphy/ptII/ptolemy/domains/de/test/auto/ClockDriftAndValueChange.xml (RunModel)" time="0.034" />
  <testcase classname="ptolemy.util.test.junit.AutoTests" name="[11] /home/travis/build/icyphy/ptII/ptolemy/domains/de/test/auto/ClockDriftChange.xml (RunModel)" time="0.037" />
  <testcase classname="ptolemy.util.test.junit.AutoTests" name="[12] /home/travis/build/icyphy/ptII/ptolemy/domains/de/test/auto/ComposableCausalityAnalysis.xml (RunModel)" time="0.017" />
  <testcase classname="ptolemy.util.test.junit.AutoTests" name="[13] /home/travis/build/icyphy/ptII/ptolemy/domains/de/test/auto/DEFixedPointLimitation.xml (RunModel)" time="0.011" />
  <testcase classname="ptolemy.util.test.junit.AutoTests" name="[14] /home/travis/build/icyphy/ptII/ptolemy/domains/de/test/auto/DEScheduleTest.xml (RunModel)" time="0.017" />
  <testcase classname="ptolemy.util.test.junit.AutoTests" name="[15] /home/travis/build/icyphy/ptII/ptolemy/domains/de/test/auto/DEinDEwithStartTimes.xml (RunModel)" time="0.017" />
  <testcase classname="ptolemy.util.test.junit.AutoTests" name="[16] /home/travis/build/icyphy/ptII/ptolemy/domains/de/test/auto/DEinDEwithStartTimes2.xml (RunModel)" time="0.025" />
  <testcase classname="ptolemy.util.test.junit.AutoTests" name="[17] /home/travis/build/icyphy/ptII/ptolemy/domains/de/test/auto/DateDemo.xml (RunModel)" time="0.036" />
  <testcase classname="ptolemy.util.test.junit.AutoTests" name="[18] /home/travis/build/icyphy/ptII/ptolemy/domains/de/test/auto/DateToEvent.xml (RunModel)" time="2.049" />
  <testcase classname="ptolemy.util.test.junit.AutoTests" name="[19] /home/travis/build/icyphy/ptII/ptolemy/domains/de/test/auto/DepthTest1.xml (RunModel)" time="0.008" />
  <testcase classname="ptolemy.util.test.junit.AutoTests" name="[20] /home/travis/build/icyphy/ptII/ptolemy/domains/de/test/auto/DepthTest2.xml (RunModel)" time="0.023" />
  <testcase classname="ptolemy.util.test.junit.AutoTests" name="[21] /home/travis/build/icyphy/ptII/ptolemy/domains/de/test/auto/DepthTest3.xml (RunModel)" time="0.009" />
  <testcase classname="ptolemy.util.test.junit.AutoTests" name="[22] /home/travis/build/icyphy/ptII/ptolemy/domains/de/test/auto/DepthTest4.xml (RunModel)" time="0.02" />
  <testcase classname="ptolemy.util.test.junit.AutoTests" name="[23] /home/travis/build/icyphy/ptII/ptolemy/domains/de/test/auto/DepthTest5.xml (RunModel)" time="0.03" />
  <testcase classname="ptolemy.util.test.junit.AutoTests" name="[24] /home/travis/build/icyphy/ptII/ptolemy/domains/de/test/auto/DepthTest6.xml (RunModel)" time="0.015" />
  <testcase classname="ptolemy.util.test.junit.AutoTests" name="[25] /home/travis/build/icyphy/ptII/ptolemy/domains/de/test/auto/DepthTest7.xml (RunModel)" time="0.012" />
  <testcase classname="ptolemy.util.test.junit.AutoTests" name="[26] /home/travis/build/icyphy/ptII/ptolemy/domains/de/test/auto/EventToDate.xml (RunModel)" time="3.041" />
  <testcase classname="ptolemy.util.test.junit.AutoTests" name="[27] /home/travis/build/icyphy/ptII/ptolemy/domains/de/test/auto/FSM1.xml (RunModel)" time="0.045" />
  <testcase classname="ptolemy.util.test.junit.AutoTests" name="[28] /home/travis/build/icyphy/ptII/ptolemy/domains/de/test/auto/FSM7.xml (RunModel)" time="0.041" />
  <testcase classname="ptolemy.util.test.junit.AutoTests" name="[29] /home/travis/build/icyphy/ptII/ptolemy/domains/de/test/auto/Inspection.xml (RunModel)" time="0.043" />
  <testcase classname="ptolemy.util.test.junit.AutoTests" name="[30] /home/travis/build/icyphy/ptII/ptolemy/domains/de/test/auto/Iteration.xml (RunModel)" time="0.026" />
  <testcase classname="ptolemy.util.test.junit.AutoTests" name="[31] /home/travis/build/icyphy/ptII/ptolemy/domains/de/test/auto/LineFault.xml (RunModel)" time="0.56" />
  <testcase classname="ptolemy.util.test.junit.AutoTests" name="[32] /home/travis/build/icyphy/ptII/ptolemy/domains/de/test/auto/MergeModel1Add.xml (RunModel)" time="0.05" />
  <testcase classname="ptolemy.util.test.junit.AutoTests" name="[33] /home/travis/build/icyphy/ptII/ptolemy/domains/de/test/auto/MergeModel2Add.xml (RunModel)" time="0.039" />
  <testcase classname="ptolemy.util.test.junit.AutoTests" name="[34] /home/travis/build/icyphy/ptII/ptolemy/domains/de/test/auto/MergeModel3Add.xml (RunModel)" time="0.042" />
  <testcase classname="ptolemy.util.test.junit.AutoTests" name="[35] /home/travis/build/icyphy/ptII/ptolemy/domains/de/test/auto/MergeWithoutDiscard.xml (RunModel)" time="0.011" />
  <testcase classname="ptolemy.util.test.junit.AutoTests" name="[36] /home/travis/build/icyphy/ptII/ptolemy/domains/de/test/auto/Modal1.xml (RunModel)" time="0.035" />
  <testcase classname="ptolemy.util.test.junit.AutoTests" name="[37] /home/travis/build/icyphy/ptII/ptolemy/domains/de/test/auto/Modal2.xml (RunModel)" time="0.032" />
  <testcase classname="ptolemy.util.test.junit.AutoTests" name="[38] /home/travis/build/icyphy/ptII/ptolemy/domains/de/test/auto/Modal3.xml (RunModel)" time="0.028" />
  <testcase classname="ptolemy.util.test.junit.AutoTests" name="[39] /home/travis/build/icyphy/ptII/ptolemy/domains/de/test/auto/Modal4.xml (RunModel)" time="0.03" />
  <testcase classname="ptolemy.util.test.junit.AutoTests" name="[40] /home/travis/build/icyphy/ptII/ptolemy/domains/de/test/auto/Modal5.xml (RunModel)" time="0.035" />
  <testcase classname="ptolemy.util.test.junit.AutoTests" name="[41] /home/travis/build/icyphy/ptII/ptolemy/domains/de/test/auto/Modal6.xml (RunModel)" time="0.034" />
  <testcase classname="ptolemy.util.test.junit.AutoTests" name="[42] /home/travis/build/icyphy/ptII/ptolemy/domains/de/test/auto/Modal7.xml (RunModel)" time="0.028" />
  <testcase classname="ptolemy.util.test.junit.AutoTests" name="[43] /home/travis/build/icyphy/ptII/ptolemy/domains/de/test/auto/ModalModel.xml (RunModel)" time="0.163" />
  <testcase classname="ptolemy.util.test.junit.AutoTests" name="[44] /home/travis/build/icyphy/ptII/ptolemy/domains/de/test/auto/ModalSource.xml (RunModel)" time="0.021" />
  <testcase classname="ptolemy.util.test.junit.AutoTests" name="[45] /home/travis/build/icyphy/ptII/ptolemy/domains/de/test/auto/NonInterruptibleTimerZeroDelay.xml (RunModel)" time="0.009" />
  <testcase classname="ptolemy.util.test.junit.AutoTests" name="[46] /home/travis/build/icyphy/ptII/ptolemy/domains/de/test/auto/OpenQueueingNetwork.xml (RunModel)" time="2.438" />
  <testcase classname="ptolemy.util.test.junit.AutoTests" name="[47] /home/travis/build/icyphy/ptII/ptolemy/domains/de/test/auto/OpenQueuingNetwork.xml (RunModel)" time="0.271" />
  <testcase classname="ptolemy.util.test.junit.AutoTests" name="[48] /home/travis/build/icyphy/ptII/ptolemy/domains/de/test/auto/PeriodicSampler.xml (RunModel)" time="0.009" />
  <testcase classname="ptolemy.util.test.junit.AutoTests" name="[49] /home/travis/build/icyphy/ptII/ptolemy/domains/de/test/auto/PersistentIO.xml (RunModel)" time="0.021" />
  <testcase classname="ptolemy.util.test.junit.AutoTests" name="[50] /home/travis/build/icyphy/ptII/ptolemy/domains/de/test/auto/PortParameterResetOnInitialize.xml (RunModel)" time="0.009" />
  <testcase classname="ptolemy.util.test.junit.AutoTests" name="[51] /home/travis/build/icyphy/ptII/ptolemy/domains/de/test/auto/PortParameterUpdates.xml (RunModel)" time="0.013" />
  <testcase classname="ptolemy.util.test.junit.AutoTests" name="[52] /home/travis/build/icyphy/ptII/ptolemy/domains/de/test/auto/QueueAndServer.xml (RunModel)" time="0.026" />
  <testcase classname="ptolemy.util.test.junit.AutoTests" name="[53] /home/travis/build/icyphy/ptII/ptolemy/domains/de/test/auto/Records.xml (RunModel)" time="0.015" />
  <testcase classname="ptolemy.util.test.junit.AutoTests" name="[54] /home/travis/build/icyphy/ptII/ptolemy/domains/de/test/auto/ResetTransitionWithStartTime1.xml (RunModel)" time="0.022" />
  <testcase classname="ptolemy.util.test.junit.AutoTests" name="[55] /home/travis/build/icyphy/ptII/ptolemy/domains/de/test/auto/ResetTransitionWithStartTime2.xml (RunModel)" time="0.024" />
  <testcase classname="ptolemy.util.test.junit.AutoTests" name="[56] /home/travis/build/icyphy/ptII/ptolemy/domains/de/test/auto/ResetTransitionWithStartTime3.xml (RunModel)" time="0.023" />
  <testcase classname="ptolemy.util.test.junit.AutoTests" name="[57] /home/travis/build/icyphy/ptII/ptolemy/domains/de/test/auto/ResetTransitionWithStartTime4.xml (RunModel)" time="0.019" />
  <testcase classname="ptolemy.util.test.junit.AutoTests" name="[58] /home/travis/build/icyphy/ptII/ptolemy/domains/de/test/auto/ResettableTimer1.xml (RunModel)" time="0.009" />
  <testcase classname="ptolemy.util.test.junit.AutoTests" name="[59] /home/travis/build/icyphy/ptII/ptolemy/domains/de/test/auto/ResettableTimer2.xml (RunModel)" time="0.009" />
  <testcase classname="ptolemy.util.test.junit.AutoTests" name="[60] /home/travis/build/icyphy/ptII/ptolemy/domains/de/test/auto/ResettableTimer3.xml (RunModel)" time="0.009" />
  <testcase classname="ptolemy.util.test.junit.AutoTests" name="[61] /home/travis/build/icyphy/ptII/ptolemy/domains/de/test/auto/ResettableTimer4.xml (RunModel)" time="0.013" />
  <testcase classname="ptolemy.util.test.junit.AutoTests" name="[62] /home/travis/build/icyphy/ptII/ptolemy/domains/de/test/auto/ResettableTimer5.xml (RunModel)" time="0.01" />
  <testcase classname="ptolemy.util.test.junit.AutoTests" name="[63] /home/travis/build/icyphy/ptII/ptolemy/domains/de/test/auto/ResettableTimer6.xml (RunModel)" time="0.016" />
  <testcase classname="ptolemy.util.test.junit.AutoTests" name="[64] /home/travis/build/icyphy/ptII/ptolemy/domains/de/test/auto/ServerZeroDelay.xml (RunModel)" time="0.015" />
  <testcase classname="ptolemy.util.test.junit.AutoTests" name="[65] /home/travis/build/icyphy/ptII/ptolemy/domains/de/test/auto/SmartSender.xml (RunModel)" time="3.012" />
  <testcase classname="ptolemy.util.test.junit.AutoTests" name="[66] /home/travis/build/icyphy/ptII/ptolemy/domains/de/test/auto/ThreadedComposite.xml (RunModel)" time="0.257" />
  <testcase classname="ptolemy.util.test.junit.AutoTests" name="[67] /home/travis/build/icyphy/ptII/ptolemy/domains/de/test/auto/Time.xml (RunModel)" time="0.373" />
  <testcase classname="ptolemy.util.test.junit.AutoTests" name="[68] /home/travis/build/icyphy/ptII/ptolemy/domains/de/test/auto/TimeDelayZeroDelay.xml (RunModel)" time="0.011" />
  <testcase classname="ptolemy.util.test.junit.AutoTests" name="[69] /home/travis/build/icyphy/ptII/ptolemy/domains/de/test/auto/TimerZeroDelay.xml (RunModel)" time="0.012" />
  <testcase classname="ptolemy.util.test.junit.AutoTests" name="[70] /home/travis/build/icyphy/ptII/ptolemy/domains/de/test/auto/TimingParadox.xml (RunModel)" time="0.289" />
  <testcase classname="ptolemy.util.test.junit.AutoTests" name="[71] /home/travis/build/icyphy/ptII/ptolemy/domains/de/test/auto/TransferInputs.xml (RunModel)" time="0.014" />
  <testcase classname="ptolemy.util.test.junit.AutoTests" name="[72] /home/travis/build/icyphy/ptII/ptolemy/domains/de/test/auto/TransferOutputs2.xml (RunModel)" time="0.016" />
  <testcase classname="ptolemy.util.test.junit.AutoTests" name="[73] /home/travis/build/icyphy/ptII/ptolemy/domains/de/test/auto/Trilateration.xml (RunModel)" time="11.588" />
  <testcase classname="ptolemy.util.test.junit.AutoTests" name="[74] /home/travis/build/icyphy/ptII/ptolemy/domains/de/test/auto/TwoSigmaDelta.xml (RunModel)" time="1.878" />
  <testcase classname="ptolemy.util.test.junit.AutoTests" name="[75] /home/travis/build/icyphy/ptII/ptolemy/domains/de/test/auto/VariableDelay.xml (RunModel)" time="0.014" />
  <testcase classname="ptolemy.util.test.junit.AutoTests" name="[76] /home/travis/build/icyphy/ptII/ptolemy/domains/de/test/auto/VariableDelay2.xml (RunModel)" time="0.01" />
  <testcase classname="ptolemy.util.test.junit.AutoTests" name="[77] /home/travis/build/icyphy/ptII/ptolemy/domains/de/test/auto/VariableDelayZeroDelay.xml (RunModel)" time="0.015" />
  <testcase classname="ptolemy.util.test.junit.AutoTests" name="[78] /home/travis/build/icyphy/ptII/ptolemy/domains/de/test/auto/VariableDelayZeroDelay2.xml (RunModel)" time="0.017" />
  <testcase classname="ptolemy.util.test.junit.AutoTests" name="[79] /home/travis/build/icyphy/ptII/ptolemy/domains/de/test/auto/deInCt.xml (RunModel)" time="0.017" />
  <testcase classname="ptolemy.util.test.junit.AutoTests" name="[80] /home/travis/build/icyphy/ptII/ptolemy/domains/de/test/auto/deInCt2.xml (RunModel)" time="0.014" />
  <testcase classname="ptolemy.util.test.junit.AutoTests" name="[81] /home/travis/build/icyphy/ptII/ptolemy/domains/de/test/auto/dynamicCausalityInterface1.xml (RunModel)" time="0.018" />
  <testcase classname="ptolemy.util.test.junit.AutoTests" name="[82] /home/travis/build/icyphy/ptII/ptolemy/domains/de/test/auto/fsm_de_test.xml (RunModel)" time="0.022" />
  <testcase classname="ptolemy.util.test.junit.AutoTests" name="[83] /home/travis/build/icyphy/ptII/ptolemy/domains/de/test/auto/functionDependencyReconstruction.xml (RunModel)" time="0.029" />
  <testcase classname="ptolemy.util.test.junit.AutoTests" name="[84] /home/travis/build/icyphy/ptII/ptolemy/domains/de/test/auto/multirate.xml (RunModel)" time="0.014" />
  <testcase classname="ptolemy.util.test.junit.AutoTests" name="[85] /home/travis/build/icyphy/ptII/ptolemy/domains/de/test/auto/multirate2.xml (RunModel)" time="0.017" />
  <testcase classname="ptolemy.util.test.junit.AutoTests" name="[86] /home/travis/build/icyphy/ptII/ptolemy/domains/de/test/auto/realtime.xml (RunModel)" time="10.01" />
  <testcase classname="ptolemy.util.test.junit.AutoTests" name="[87] /home/travis/build/icyphy/ptII/ptolemy/domains/de/test/auto/relationGroup.xml (RunModel)" time="0.007" />
  <testcase classname="ptolemy.util.test.junit.AutoTests" name="[88] /home/travis/build/icyphy/ptII/ptolemy/domains/de/test/auto/relationGroup2.xml (RunModel)" time="0.03" />
  <testcase classname="ptolemy.util.test.junit.AutoTests" name="[89] /home/travis/build/icyphy/ptII/ptolemy/domains/de/test/auto/sortWithOpaquePorts.xml (RunModel)" time="0.012" />
  <testcase classname="ptolemy.util.test.junit.AutoTests" name="[90] /home/travis/build/icyphy/ptII/ptolemy/domains/de/test/auto/transferInputsandOutputs.xml (RunModel)" time="0.02" />
  <testcase classname="ptolemy.util.test.junit.AutoTests" name="[91] /home/travis/build/icyphy/ptII/ptolemy/domains/de/test/auto/triggerType.xml (RunModel)" time="0.009" />
  <system-out><![CDATA[/home/travis/build/icyphy/ptII/ptolemy/domains/de/test/DependencyLoop.tcl
testDefs.tcl: setting time out to 9000 seconds at Sat Aug 22 15:28:58 UTC 2020
78 ms. Memory: 129024K Free: 78669K (61%)
27 ms. Memory: 129024K Free: 61261K (47%)
/home/travis/build/icyphy/ptII/ptolemy/domains/de/test/RunDETestsAsQSS.tcl
Run the DE tests using ptolemy.domains.qss.test.QSSDirectorTest, which extends QSSDirector and prints a message in the constructors.
------------------ testing $PTII/ptolemy/domains/de/test/auto/knownFailedTests/DirectFeedback.xml (Known Failure) 
32 ms. Memory: 129024K Free: 56141K (44%)


==== $PTIIhome/travis/build/icyphy/ptII/ptolemy/domains/de/test/../../../../: Auto Automatic test in file $PTII/ptolemy/domains/de/test/auto/knownFailedTests/DirectFeedback.xml
==== Contents of test case:

	    # FIXME: we should use $relativeFilename here, but it
	    # might have backslashes under Windows, which causes no end
	    # of trouble.
	    createAndExecute $file
	    list {}
	
.... Test generated KNOWN error:
    while executing
ptolemy.kernel.util.IllegalActionException: Test fails in iteration 1.
Value was: 1.0. Should have been: 2.0
  in .DirectFeedback.Test
	at ptolemy.actor.lib.Test.fire(Test.java:268)
	at ptolemy.domains.de.kernel.DEDirector._fire(DEDirector.java:1949)
	at ptolemy.domains.de.kernel.DEDirector.fire(DEDirector.java:502)
	at ptolemy.actor.CompositeActor.fire(CompositeActor.java:455)
	at ptolemy.actor.Manager.iterate(Manager.java:851)
	at ptolemy.actor.Manager.execute(Manager.java:369)
	at ptolemy.actor.Manager.run(Manager.java:1263)
	at ptolemy.actor.Manager$PtolemyRunThread.run(Manager.java:1933)

    while executing
ptolemy.kernel.util.IllegalActionException: Test fails in iteration 1.
Value was: 1.0. Should have been: 2.0
  in .DirectFeedback.Test
    while executing
"java::new ptolemy.moml.MoMLSimpleApplication $file
"
    (procedure "createAndExecute" line 2)
    invoked from within
"createAndExecute $file"
    ("uplevel" body line 5)
    invoked from within
"uplevel $contents_of_test"
------------------ testing $PTII/ptolemy/domains/de/test/auto/knownFailedTests/dependencyLoop.xml (Known Failure) 
22 ms. Memory: 129024K Free: 53069K (41%)


==== $PTIIhome/travis/build/icyphy/ptII/ptolemy/domains/de/test/../../../../: Auto Automatic test in file $PTII/ptolemy/domains/de/test/auto/knownFailedTests/dependencyLoop.xml
==== Contents of test case:

	    # FIXME: we should use $relativeFilename here, but it
	    # might have backslashes under Windows, which causes no end
	    # of trouble.
	    createAndExecute $file
	    list {}
	
.... Test generated KNOWN error:
    while executing
ptolemy.kernel.util.IllegalActionException: Found a zero delay loop containing .dependencyLoop.original
  in .dependencyLoop and .dependencyLoop.original
	at ptolemy.actor.util.CausalityInterfaceForComposites._computeOutputPortDepth(CausalityInterfaceForComposites.java:759)
	at ptolemy.actor.util.CausalityInterfaceForComposites._computeInputDepth(CausalityInterfaceForComposites.java:696)
	at ptolemy.actor.util.CausalityInterfaceForComposites._computeOutputPortDepth(CausalityInterfaceForComposites.java:765)
	at ptolemy.actor.util.CausalityInterfaceForComposites._computeInputDepth(CausalityInterfaceForComposites.java:696)
	at ptolemy.actor.util.CausalityInterfaceForComposites._computeOutputPortDepth(CausalityInterfaceForComposites.java:765)
	at ptolemy.actor.util.CausalityInterfaceForComposites._computeInputDepth(CausalityInterfaceForComposites.java:696)
	at ptolemy.actor.util.CausalityInterfaceForComposites._computeActorDepth(CausalityInterfaceForComposites.java:532)
	at ptolemy.actor.util.CausalityInterfaceForComposites.checkForCycles(CausalityInterfaceForComposites.java:96)
	at ptolemy.domains.de.kernel.DEDirector.preinitialize(DEDirector.java:1338)
	at ptolemy.actor.CompositeActor.preinitialize(CompositeActor.java:1828)
	at ptolemy.actor.Manager.preinitializeAndResolveTypes(Manager.java:1040)
	at ptolemy.actor.Manager.initialize(Manager.java:710)
	at ptolemy.actor.Manager.execute(Manager.java:356)
	at ptolemy.actor.Manager.run(Manager.java:1263)
	at ptolemy.actor.Manager$PtolemyRunThread.run(Manager.java:1933)

    while executing
ptolemy.kernel.util.IllegalActionException: Found a zero delay loop containing .dependencyLoop.original
  in .dependencyLoop and .dependencyLoop.original
    while executing
"java::new ptolemy.moml.MoMLSimpleApplication $file
"
    (procedure "createAndExecute" line 2)
    invoked from within
"createAndExecute $file"
    ("uplevel" body line 5)
    invoked from within
"uplevel $contents_of_test"
------------------ testing $PTII/ptolemy/domains/de/test/auto/knownFailedTests/FSMSource.xml (Known Failure) 
93 ms. Memory: 129024K Free: 112229K (87%)
!!!! Auto was marked as failing, but now passes
------------------ testing $PTII/ptolemy/domains/de/test/auto/knownFailedTests/HierarchicalModel.xml (Known Failure) 
13 ms. Memory: 129024K Free: 94815K (73%)


==== $PTIIhome/travis/build/icyphy/ptII/ptolemy/domains/de/test/../../../../: Auto Automatic test in file $PTII/ptolemy/domains/de/test/auto/knownFailedTests/HierarchicalModel.xml
==== Contents of test case:

	    # FIXME: we should use $relativeFilename here, but it
	    # might have backslashes under Windows, which causes no end
	    # of trouble.
	    createAndExecute $file
	    list {}
	
.... Test generated KNOWN error:
    while executing
ptolemy.kernel.util.IllegalActionException: Found a zero delay loop containing .HierarchicalModel.A
  in .HierarchicalModel and .HierarchicalModel.A
	at ptolemy.actor.util.CausalityInterfaceForComposites._computeOutputPortDepth(CausalityInterfaceForComposites.java:759)
	at ptolemy.actor.util.CausalityInterfaceForComposites._computeInputDepth(CausalityInterfaceForComposites.java:696)
	at ptolemy.actor.util.CausalityInterfaceForComposites._computeOutputPortDepth(CausalityInterfaceForComposites.java:765)
	at ptolemy.actor.util.CausalityInterfaceForComposites._computeInputDepth(CausalityInterfaceForComposites.java:696)
	at ptolemy.actor.util.CausalityInterfaceForComposites._computeOutputPortDepth(CausalityInterfaceForComposites.java:765)
	at ptolemy.actor.util.CausalityInterfaceForComposites._computeInputDepth(CausalityInterfaceForComposites.java:696)
	at ptolemy.actor.util.CausalityInterfaceForComposites._computeActorDepth(CausalityInterfaceForComposites.java:532)
	at ptolemy.actor.util.CausalityInterfaceForComposites.checkForCycles(CausalityInterfaceForComposites.java:96)
	at ptolemy.domains.de.kernel.DEDirector.preinitialize(DEDirector.java:1338)
	at ptolemy.actor.CompositeActor.preinitialize(CompositeActor.java:1828)
	at ptolemy.actor.Manager.preinitializeAndResolveTypes(Manager.java:1040)
	at ptolemy.actor.Manager.initialize(Manager.java:710)
	at ptolemy.actor.Manager.execute(Manager.java:356)
	at ptolemy.actor.Manager.run(Manager.java:1263)
	at ptolemy.actor.Manager$PtolemyRunThread.run(Manager.java:1933)

    while executing
ptolemy.kernel.util.IllegalActionException: Found a zero delay loop containing .HierarchicalModel.A
  in .HierarchicalModel and .HierarchicalModel.A
    while executing
"java::new ptolemy.moml.MoMLSimpleApplication $file
"
    (procedure "createAndExecute" line 2)
    invoked from within
"createAndExecute $file"
    ("uplevel" body line 5)
    invoked from within
"uplevel $contents_of_test"
------------------ testing $PTII/ptolemy/domains/de/test/auto/knownFailedTests/dependencyLoop2.xml (Known Failure) 
12 ms. Memory: 129024K Free: 78439K (61%)


==== $PTIIhome/travis/build/icyphy/ptII/ptolemy/domains/de/test/../../../../: Auto Automatic test in file $PTII/ptolemy/domains/de/test/auto/knownFailedTests/dependencyLoop2.xml
==== Contents of test case:

	    # FIXME: we should use $relativeFilename here, but it
	    # might have backslashes under Windows, which causes no end
	    # of trouble.
	    createAndExecute $file
	    list {}
	
.... Test generated KNOWN error:
    while executing
ptolemy.kernel.util.IllegalActionException: Found a zero delay loop containing .dependencyLoop2.original
  in .dependencyLoop2 and .dependencyLoop2.original
	at ptolemy.actor.util.CausalityInterfaceForComposites._computeOutputPortDepth(CausalityInterfaceForComposites.java:759)
	at ptolemy.actor.util.CausalityInterfaceForComposites._computeInputDepth(CausalityInterfaceForComposites.java:696)
	at ptolemy.actor.util.CausalityInterfaceForComposites._computeOutputPortDepth(CausalityInterfaceForComposites.java:765)
	at ptolemy.actor.util.CausalityInterfaceForComposites._computeInputDepth(CausalityInterfaceForComposites.java:696)
	at ptolemy.actor.util.CausalityInterfaceForComposites._computeOutputPortDepth(CausalityInterfaceForComposites.java:765)
	at ptolemy.actor.util.CausalityInterfaceForComposites._computeInputDepth(CausalityInterfaceForComposites.java:696)
	at ptolemy.actor.util.CausalityInterfaceForComposites._computeActorDepth(CausalityInterfaceForComposites.java:532)
	at ptolemy.actor.util.CausalityInterfaceForComposites.checkForCycles(CausalityInterfaceForComposites.java:96)
	at ptolemy.domains.de.kernel.DEDirector.preinitialize(DEDirector.java:1338)
	at ptolemy.actor.CompositeActor.preinitialize(CompositeActor.java:1828)
	at ptolemy.actor.Manager.preinitializeAndResolveTypes(Manager.java:1040)
	at ptolemy.actor.Manager.initialize(Manager.java:710)
	at ptolemy.actor.Manager.execute(Manager.java:356)
	at ptolemy.actor.Manager.run(Manager.java:1263)
	at ptolemy.actor.Manager$PtolemyRunThread.run(Manager.java:1933)

    while executing
ptolemy.kernel.util.IllegalActionException: Found a zero delay loop containing .dependencyLoop2.original
  in .dependencyLoop2 and .dependencyLoop2.original
    while executing
"java::new ptolemy.moml.MoMLSimpleApplication $file
"
    (procedure "createAndExecute" line 2)
    invoked from within
"createAndExecute $file"
    ("uplevel" body line 5)
    invoked from within
"uplevel $contents_of_test"
------------------ testing $PTII/ptolemy/domains/de/test/auto/knownFailedTests/DESDFClockTest.xml (Known Failure) 
2062 ms. Memory: 129024K Free: 108389K (84%)


==== $PTIIhome/travis/build/icyphy/ptII/ptolemy/domains/de/test/../../../../: Auto Automatic test in file $PTII/ptolemy/domains/de/test/auto/knownFailedTests/DESDFClockTest.xml
==== Contents of test case:

	    # FIXME: we should use $relativeFilename here, but it
	    # might have backslashes under Windows, which causes no end
	    # of trouble.
	    createAndExecute $file
	    list {}
	
.... Test generated KNOWN error:
    while executing
ptolemy.kernel.util.IllegalActionException: Actor is not ready to fire.  Perhaps UpSample.prefire() returned false? Try debugging the actor by selecting "Listen to Actor".  Also, for SDF check moml for tokenConsumptionRate on input.
  in .DESDFClockTest.Play Bell.Copy1:SDF Director and .DESDFClockTest.Play Bell.UpSample
	at ptolemy.actor.sched.StaticSchedulingDirector.fire(StaticSchedulingDirector.java:227)
	at ptolemy.domains.sdf.kernel.SDFDirector.fire(SDFDirector.java:500)
	at ptolemy.actor.CompositeActor.fire(CompositeActor.java:455)
	at ptolemy.domains.de.kernel.DEDirector._fire(DEDirector.java:1949)
	at ptolemy.domains.de.kernel.DEDirector.fire(DEDirector.java:502)
	at ptolemy.actor.CompositeActor.fire(CompositeActor.java:455)
	at ptolemy.actor.Manager.iterate(Manager.java:851)
	at ptolemy.actor.Manager.execute(Manager.java:369)
	at ptolemy.actor.Manager.run(Manager.java:1263)
	at ptolemy.actor.Manager$PtolemyRunThread.run(Manager.java:1933)

    while executing
ptolemy.kernel.util.IllegalActionException: Actor is not ready to fire.  Perhaps UpSample.prefire() returned false? Try debugging the actor by selecting "Listen to Actor".  Also, for SDF check moml for tokenConsumptionRate on input.
  in .DESDFClockTest.Play Bell.Copy1:SDF Director and .DESDFClockTest.Play Bell.UpSample
    while executing
"java::new ptolemy.moml.MoMLSimpleApplication $file
"
    (procedure "createAndExecute" line 2)
    invoked from within
"createAndExecute $file"
    ("uplevel" body line 5)
    invoked from within
"uplevel $contents_of_test"
------------------ testing $PTII/ptolemy/domains/de/test/auto/ActorDepthCalculation_actorWithoutPorts.xml
auto.tcl: Setting watchdog for 200 seconds at Sat Aug 22 15:29:02 UTC 2020
10 ms. Memory: 129024K Free: 100693K (78%)
ptolemy.util.test.WatchDog.cancel(): canceling Sat Aug 22 15:29:02 UTC 2020
auto.tcl: Setting watchdog for 200 seconds at Sat Aug 22 15:29:02 UTC 2020
6 ms. Memory: 129024K Free: 99173K (77%)
ptolemy.util.test.WatchDog.cancel(): canceling Sat Aug 22 15:29:02 UTC 2020
------------------ testing $PTII/ptolemy/domains/de/test/auto/AssemblyLine.xml
auto.tcl: Setting watchdog for 200 seconds at Sat Aug 22 15:29:02 UTC 2020
8 ms. Memory: 51200K Free: 27492K (54%)
ptolemy.util.test.WatchDog.cancel(): canceling Sat Aug 22 15:29:02 UTC 2020
auto.tcl: Setting watchdog for 200 seconds at Sat Aug 22 15:29:02 UTC 2020
7 ms. Memory: 51200K Free: 27004K (53%)
ptolemy.util.test.WatchDog.cancel(): canceling Sat Aug 22 15:29:02 UTC 2020
------------------ testing $PTII/ptolemy/domains/de/test/auto/CQBug1.xml
auto.tcl: Setting watchdog for 200 seconds at Sat Aug 22 15:29:03 UTC 2020
2 ms. Memory: 48128K Free: 30265K (63%)
ptolemy.util.test.WatchDog.cancel(): canceling Sat Aug 22 15:29:03 UTC 2020
auto.tcl: Setting watchdog for 200 seconds at Sat Aug 22 15:29:03 UTC 2020
1 ms. Memory: 48128K Free: 29813K (62%)
ptolemy.util.test.WatchDog.cancel(): canceling Sat Aug 22 15:29:03 UTC 2020
------------------ testing $PTII/ptolemy/domains/de/test/auto/CancelFireAt.xml
auto.tcl: Setting watchdog for 200 seconds at Sat Aug 22 15:29:03 UTC 2020
4 ms. Memory: 48128K Free: 31691K (66%)
ptolemy.util.test.WatchDog.cancel(): canceling Sat Aug 22 15:29:03 UTC 2020
auto.tcl: Setting watchdog for 200 seconds at Sat Aug 22 15:29:03 UTC 2020
2 ms. Memory: 48128K Free: 31142K (65%)
ptolemy.util.test.WatchDog.cancel(): canceling Sat Aug 22 15:29:03 UTC 2020
------------------ testing $PTII/ptolemy/domains/de/test/auto/CausalityAndComposabilityAnalysis.xml
auto.tcl: Setting watchdog for 200 seconds at Sat Aug 22 15:29:03 UTC 2020
12 ms. Memory: 48128K Free: 29407K (61%)
ptolemy.util.test.WatchDog.cancel(): canceling Sat Aug 22 15:29:03 UTC 2020
auto.tcl: Setting watchdog for 200 seconds at Sat Aug 22 15:29:03 UTC 2020
8 ms. Memory: 48128K Free: 28965K (60%)
ptolemy.util.test.WatchDog.cancel(): canceling Sat Aug 22 15:29:03 UTC 2020
------------------ testing $PTII/ptolemy/domains/de/test/auto/CausalityInterface1.xml
auto.tcl: Setting watchdog for 200 seconds at Sat Aug 22 15:29:03 UTC 2020
29 ms. Memory: 48128K Free: 28340K (59%)
ptolemy.util.test.WatchDog.cancel(): canceling Sat Aug 22 15:29:03 UTC 2020
auto.tcl: Setting watchdog for 200 seconds at Sat Aug 22 15:29:03 UTC 2020
8 ms. Memory: 48128K Free: 27363K (57%)
ptolemy.util.test.WatchDog.cancel(): canceling Sat Aug 22 15:29:03 UTC 2020
------------------ testing $PTII/ptolemy/domains/de/test/auto/CausalityInterface15.xml
auto.tcl: Setting watchdog for 200 seconds at Sat Aug 22 15:29:03 UTC 2020
6 ms. Memory: 48128K Free: 28514K (59%)
ptolemy.util.test.WatchDog.cancel(): canceling Sat Aug 22 15:29:03 UTC 2020
auto.tcl: Setting watchdog for 200 seconds at Sat Aug 22 15:29:03 UTC 2020
5 ms. Memory: 48128K Free: 27338K (57%)
ptolemy.util.test.WatchDog.cancel(): canceling Sat Aug 22 15:29:03 UTC 2020
------------------ testing $PTII/ptolemy/domains/de/test/auto/CausalityInterface2.xml
auto.tcl: Setting watchdog for 200 seconds at Sat Aug 22 15:29:03 UTC 2020
6 ms. Memory: 48128K Free: 29021K (60%)
ptolemy.util.test.WatchDog.cancel(): canceling Sat Aug 22 15:29:03 UTC 2020
auto.tcl: Setting watchdog for 200 seconds at Sat Aug 22 15:29:03 UTC 2020
3 ms. Memory: 48128K Free: 28318K (59%)
ptolemy.util.test.WatchDog.cancel(): canceling Sat Aug 22 15:29:03 UTC 2020
------------------ testing $PTII/ptolemy/domains/de/test/auto/CausalityInterface3.xml
auto.tcl: Setting watchdog for 200 seconds at Sat Aug 22 15:29:03 UTC 2020
4 ms. Memory: 48128K Free: 28541K (59%)
ptolemy.util.test.WatchDog.cancel(): canceling Sat Aug 22 15:29:03 UTC 2020
auto.tcl: Setting watchdog for 200 seconds at Sat Aug 22 15:29:03 UTC 2020
4 ms. Memory: 48128K Free: 27754K (58%)
ptolemy.util.test.WatchDog.cancel(): canceling Sat Aug 22 15:29:03 UTC 2020
------------------ testing $PTII/ptolemy/domains/de/test/auto/ClockDrift.xml
auto.tcl: Setting watchdog for 200 seconds at Sat Aug 22 15:29:03 UTC 2020
71 ms. Memory: 48128K Free: 20649K (43%)
ptolemy.util.test.WatchDog.cancel(): canceling Sat Aug 22 15:29:03 UTC 2020
auto.tcl: Setting watchdog for 200 seconds at Sat Aug 22 15:29:03 UTC 2020
43 ms. Memory: 48128K Free: 17684K (37%)
ptolemy.util.test.WatchDog.cancel(): canceling Sat Aug 22 15:29:03 UTC 2020
------------------ testing $PTII/ptolemy/domains/de/test/auto/ClockDriftAndValueChange.xml
auto.tcl: Setting watchdog for 200 seconds at Sat Aug 22 15:29:03 UTC 2020
40 ms. Memory: 48128K Free: 21689K (45%)
ptolemy.util.test.WatchDog.cancel(): canceling Sat Aug 22 15:29:03 UTC 2020
auto.tcl: Setting watchdog for 200 seconds at Sat Aug 22 15:29:03 UTC 2020
18 ms. Memory: 48128K Free: 18596K (39%)
ptolemy.util.test.WatchDog.cancel(): canceling Sat Aug 22 15:29:04 UTC 2020
------------------ testing $PTII/ptolemy/domains/de/test/auto/ClockDriftChange.xml
auto.tcl: Setting watchdog for 200 seconds at Sat Aug 22 15:29:04 UTC 2020
15 ms. Memory: 48128K Free: 23015K (48%)
ptolemy.util.test.WatchDog.cancel(): canceling Sat Aug 22 15:29:04 UTC 2020
auto.tcl: Setting watchdog for 200 seconds at Sat Aug 22 15:29:04 UTC 2020
14 ms. Memory: 48128K Free: 20655K (43%)
ptolemy.util.test.WatchDog.cancel(): canceling Sat Aug 22 15:29:04 UTC 2020
------------------ testing $PTII/ptolemy/domains/de/test/auto/ComposableCausalityAnalysis.xml
auto.tcl: Setting watchdog for 200 seconds at Sat Aug 22 15:29:04 UTC 2020
1 ms. Memory: 48128K Free: 27862K (58%)
ptolemy.util.test.WatchDog.cancel(): canceling Sat Aug 22 15:29:04 UTC 2020
auto.tcl: Setting watchdog for 200 seconds at Sat Aug 22 15:29:04 UTC 2020
3 ms. Memory: 48128K Free: 26780K (56%)
ptolemy.util.test.WatchDog.cancel(): canceling Sat Aug 22 15:29:04 UTC 2020
------------------ testing $PTII/ptolemy/domains/de/test/auto/DEFixedPointLimitation.xml
auto.tcl: Setting watchdog for 200 seconds at Sat Aug 22 15:29:04 UTC 2020
3 ms. Memory: 48128K Free: 29233K (61%)
ptolemy.util.test.WatchDog.cancel(): canceling Sat Aug 22 15:29:04 UTC 2020
auto.tcl: Setting watchdog for 200 seconds at Sat Aug 22 15:29:04 UTC 2020
2 ms. Memory: 48128K Free: 28298K (59%)
ptolemy.util.test.WatchDog.cancel(): canceling Sat Aug 22 15:29:04 UTC 2020
------------------ testing $PTII/ptolemy/domains/de/test/auto/DEScheduleTest.xml
auto.tcl: Setting watchdog for 200 seconds at Sat Aug 22 15:29:04 UTC 2020
6 ms. Memory: 48128K Free: 29532K (61%)
ptolemy.util.test.WatchDog.cancel(): canceling Sat Aug 22 15:29:04 UTC 2020
auto.tcl: Setting watchdog for 200 seconds at Sat Aug 22 15:29:04 UTC 2020
3 ms. Memory: 48128K Free: 28756K (60%)
ptolemy.util.test.WatchDog.cancel(): canceling Sat Aug 22 15:29:04 UTC 2020
------------------ testing $PTII/ptolemy/domains/de/test/auto/DEinDEwithStartTimes.xml
auto.tcl: Setting watchdog for 200 seconds at Sat Aug 22 15:29:04 UTC 2020
5 ms. Memory: 48128K Free: 27724K (58%)
ptolemy.util.test.WatchDog.cancel(): canceling Sat Aug 22 15:29:04 UTC 2020
auto.tcl: Setting watchdog for 200 seconds at Sat Aug 22 15:29:04 UTC 2020
3 ms. Memory: 48128K Free: 26658K (55%)
ptolemy.util.test.WatchDog.cancel(): canceling Sat Aug 22 15:29:04 UTC 2020
------------------ testing $PTII/ptolemy/domains/de/test/auto/DEinDEwithStartTimes2.xml
auto.tcl: Setting watchdog for 200 seconds at Sat Aug 22 15:29:04 UTC 2020
5 ms. Memory: 48128K Free: 26891K (56%)
ptolemy.util.test.WatchDog.cancel(): canceling Sat Aug 22 15:29:04 UTC 2020
auto.tcl: Setting watchdog for 200 seconds at Sat Aug 22 15:29:04 UTC 2020
3 ms. Memory: 48128K Free: 25614K (53%)
ptolemy.util.test.WatchDog.cancel(): canceling Sat Aug 22 15:29:04 UTC 2020
------------------ testing $PTII/ptolemy/domains/de/test/auto/DateDemo.xml
auto.tcl: Setting watchdog for 200 seconds at Sat Aug 22 15:29:04 UTC 2020
25 ms. Memory: 48128K Free: 21769K (45%)
ptolemy.util.test.WatchDog.cancel(): canceling Sat Aug 22 15:29:04 UTC 2020
auto.tcl: Setting watchdog for 200 seconds at Sat Aug 22 15:29:04 UTC 2020
7 ms. Memory: 48128K Free: 20061K (42%)
ptolemy.util.test.WatchDog.cancel(): canceling Sat Aug 22 15:29:04 UTC 2020
------------------ testing $PTII/ptolemy/domains/de/test/auto/DateToEvent.xml
auto.tcl: Setting watchdog for 200 seconds at Sat Aug 22 15:29:04 UTC 2020
2010 ms. Memory: 48128K Free: 17176K (36%)
ptolemy.util.test.WatchDog.cancel(): canceling Sat Aug 22 15:29:06 UTC 2020
auto.tcl: Setting watchdog for 200 seconds at Sat Aug 22 15:29:06 UTC 2020
2004 ms. Memory: 48128K Free: 16439K (34%)
ptolemy.util.test.WatchDog.cancel(): canceling Sat Aug 22 15:29:08 UTC 2020
------------------ testing $PTII/ptolemy/domains/de/test/auto/DepthTest1.xml
auto.tcl: Setting watchdog for 200 seconds at Sat Aug 22 15:29:08 UTC 2020
6 ms. Memory: 48128K Free: 30324K (63%)
ptolemy.util.test.WatchDog.cancel(): canceling Sat Aug 22 15:29:08 UTC 2020
auto.tcl: Setting watchdog for 200 seconds at Sat Aug 22 15:29:08 UTC 2020
2 ms. Memory: 48128K Free: 29912K (62%)
ptolemy.util.test.WatchDog.cancel(): canceling Sat Aug 22 15:29:08 UTC 2020
------------------ testing $PTII/ptolemy/domains/de/test/auto/DepthTest2.xml
auto.tcl: Setting watchdog for 200 seconds at Sat Aug 22 15:29:08 UTC 2020
3 ms. Memory: 48128K Free: 27132K (56%)
ptolemy.util.test.WatchDog.cancel(): canceling Sat Aug 22 15:29:08 UTC 2020
auto.tcl: Setting watchdog for 200 seconds at Sat Aug 22 15:29:08 UTC 2020
3 ms. Memory: 48128K Free: 26708K (55%)
ptolemy.util.test.WatchDog.cancel(): canceling Sat Aug 22 15:29:08 UTC 2020
------------------ testing $PTII/ptolemy/domains/de/test/auto/DepthTest3.xml
auto.tcl: Setting watchdog for 200 seconds at Sat Aug 22 15:29:08 UTC 2020
4 ms. Memory: 48128K Free: 30654K (64%)
ptolemy.util.test.WatchDog.cancel(): canceling Sat Aug 22 15:29:08 UTC 2020
auto.tcl: Setting watchdog for 200 seconds at Sat Aug 22 15:29:08 UTC 2020
1 ms. Memory: 48128K Free: 30233K (63%)
ptolemy.util.test.WatchDog.cancel(): canceling Sat Aug 22 15:29:08 UTC 2020
------------------ testing $PTII/ptolemy/domains/de/test/auto/DepthTest4.xml
auto.tcl: Setting watchdog for 200 seconds at Sat Aug 22 15:29:08 UTC 2020
3 ms. Memory: 48128K Free: 29001K (60%)
ptolemy.util.test.WatchDog.cancel(): canceling Sat Aug 22 15:29:09 UTC 2020
auto.tcl: Setting watchdog for 200 seconds at Sat Aug 22 15:29:09 UTC 2020
2 ms. Memory: 48128K Free: 28287K (59%)
ptolemy.util.test.WatchDog.cancel(): canceling Sat Aug 22 15:29:09 UTC 2020
------------------ testing $PTII/ptolemy/domains/de/test/auto/DepthTest5.xml
auto.tcl: Setting watchdog for 200 seconds at Sat Aug 22 15:29:09 UTC 2020
4 ms. Memory: 48128K Free: 28411K (59%)
ptolemy.util.test.WatchDog.cancel(): canceling Sat Aug 22 15:29:09 UTC 2020
auto.tcl: Setting watchdog for 200 seconds at Sat Aug 22 15:29:09 UTC 2020
2 ms. Memory: 48128K Free: 27644K (57%)
ptolemy.util.test.WatchDog.cancel(): canceling Sat Aug 22 15:29:09 UTC 2020
------------------ testing $PTII/ptolemy/domains/de/test/auto/DepthTest6.xml
auto.tcl: Setting watchdog for 200 seconds at Sat Aug 22 15:29:09 UTC 2020
5 ms. Memory: 48128K Free: 28143K (58%)
ptolemy.util.test.WatchDog.cancel(): canceling Sat Aug 22 15:29:09 UTC 2020
auto.tcl: Setting watchdog for 200 seconds at Sat Aug 22 15:29:09 UTC 2020
4 ms. Memory: 48128K Free: 27193K (57%)
ptolemy.util.test.WatchDog.cancel(): canceling Sat Aug 22 15:29:09 UTC 2020
------------------ testing $PTII/ptolemy/domains/de/test/auto/DepthTest7.xml
auto.tcl: Setting watchdog for 200 seconds at Sat Aug 22 15:29:09 UTC 2020
3 ms. Memory: 48128K Free: 28663K (60%)
ptolemy.util.test.WatchDog.cancel(): canceling Sat Aug 22 15:29:09 UTC 2020
auto.tcl: Setting watchdog for 200 seconds at Sat Aug 22 15:29:09 UTC 2020
2 ms. Memory: 48128K Free: 27785K (58%)
ptolemy.util.test.WatchDog.cancel(): canceling Sat Aug 22 15:29:09 UTC 2020
------------------ testing $PTII/ptolemy/domains/de/test/auto/EventToDate.xml
auto.tcl: Setting watchdog for 200 seconds at Sat Aug 22 15:29:09 UTC 2020
3005 ms. Memory: 48128K Free: 19694K (41%)
ptolemy.util.test.WatchDog.cancel(): canceling Sat Aug 22 15:29:12 UTC 2020
auto.tcl: Setting watchdog for 200 seconds at Sat Aug 22 15:29:12 UTC 2020
3003 ms. Memory: 48128K Free: 19018K (40%)
ptolemy.util.test.WatchDog.cancel(): canceling Sat Aug 22 15:29:15 UTC 2020
------------------ testing $PTII/ptolemy/domains/de/test/auto/FSM1.xml
auto.tcl: Setting watchdog for 200 seconds at Sat Aug 22 15:29:15 UTC 2020
19 ms. Memory: 48128K Free: 20930K (43%)
ptolemy.util.test.WatchDog.cancel(): canceling Sat Aug 22 15:29:15 UTC 2020
auto.tcl: Setting watchdog for 200 seconds at Sat Aug 22 15:29:15 UTC 2020
16 ms. Memory: 48128K Free: 17670K (37%)
ptolemy.util.test.WatchDog.cancel(): canceling Sat Aug 22 15:29:15 UTC 2020
------------------ testing $PTII/ptolemy/domains/de/test/auto/FSM7.xml
auto.tcl: Setting watchdog for 200 seconds at Sat Aug 22 15:29:15 UTC 2020
15 ms. Memory: 48128K Free: 21110K (44%)
ptolemy.util.test.WatchDog.cancel(): canceling Sat Aug 22 15:29:15 UTC 2020
auto.tcl: Setting watchdog for 200 seconds at Sat Aug 22 15:29:15 UTC 2020
25 ms. Memory: 48128K Free: 17526K (36%)
ptolemy.util.test.WatchDog.cancel(): canceling Sat Aug 22 15:29:15 UTC 2020
------------------ testing $PTII/ptolemy/domains/de/test/auto/Inspection.xml
auto.tcl: Setting watchdog for 200 seconds at Sat Aug 22 15:29:15 UTC 2020
25 ms. Memory: 48128K Free: 20443K (42%)
ptolemy.util.test.WatchDog.cancel(): canceling Sat Aug 22 15:29:15 UTC 2020
auto.tcl: Setting watchdog for 200 seconds at Sat Aug 22 15:29:15 UTC 2020
25 ms. Memory: 48128K Free: 18567K (39%)
ptolemy.util.test.WatchDog.cancel(): canceling Sat Aug 22 15:29:15 UTC 2020
------------------ testing $PTII/ptolemy/domains/de/test/auto/Iteration.xml
auto.tcl: Setting watchdog for 200 seconds at Sat Aug 22 15:29:15 UTC 2020
7 ms. Memory: 48128K Free: 26384K (55%)
ptolemy.util.test.WatchDog.cancel(): canceling Sat Aug 22 15:29:15 UTC 2020
auto.tcl: Setting watchdog for 200 seconds at Sat Aug 22 15:29:15 UTC 2020
7 ms. Memory: 48128K Free: 25357K (53%)
ptolemy.util.test.WatchDog.cancel(): canceling Sat Aug 22 15:29:15 UTC 2020
------------------ testing $PTII/ptolemy/domains/de/test/auto/LineFault.xml
auto.tcl: Setting watchdog for 200 seconds at Sat Aug 22 15:29:15 UTC 2020
565 ms. Memory: 48128K Free: 24262K (50%)
ptolemy.util.test.WatchDog.cancel(): canceling Sat Aug 22 15:29:16 UTC 2020
auto.tcl: Setting watchdog for 200 seconds at Sat Aug 22 15:29:16 UTC 2020
565 ms. Memory: 62464K Free: 25632K (41%)
ptolemy.util.test.WatchDog.cancel(): canceling Sat Aug 22 15:29:17 UTC 2020
------------------ testing $PTII/ptolemy/domains/de/test/auto/MergeModel1Add.xml
auto.tcl: Setting watchdog for 200 seconds at Sat Aug 22 15:29:17 UTC 2020
37 ms. Memory: 55296K Free: 19052K (34%)
ptolemy.util.test.WatchDog.cancel(): canceling Sat Aug 22 15:29:17 UTC 2020
auto.tcl: Setting watchdog for 200 seconds at Sat Aug 22 15:29:17 UTC 2020
17 ms. Memory: 55296K Free: 17743K (32%)
ptolemy.util.test.WatchDog.cancel(): canceling Sat Aug 22 15:29:17 UTC 2020
------------------ testing $PTII/ptolemy/domains/de/test/auto/MergeModel2Add.xml
auto.tcl: Setting watchdog for 200 seconds at Sat Aug 22 15:29:17 UTC 2020
7 ms. Memory: 51200K Free: 17767K (35%)
ptolemy.util.test.WatchDog.cancel(): canceling Sat Aug 22 15:29:17 UTC 2020
auto.tcl: Setting watchdog for 200 seconds at Sat Aug 22 15:29:17 UTC 2020
8 ms. Memory: 51200K Free: 16522K (32%)
ptolemy.util.test.WatchDog.cancel(): canceling Sat Aug 22 15:29:17 UTC 2020
------------------ testing $PTII/ptolemy/domains/de/test/auto/MergeModel3Add.xml
auto.tcl: Setting watchdog for 200 seconds at Sat Aug 22 15:29:17 UTC 2020
10 ms. Memory: 51200K Free: 17550K (34%)
ptolemy.util.test.WatchDog.cancel(): canceling Sat Aug 22 15:29:17 UTC 2020
auto.tcl: Setting watchdog for 200 seconds at Sat Aug 22 15:29:17 UTC 2020
10 ms. Memory: 51200K Free: 16160K (32%)
ptolemy.util.test.WatchDog.cancel(): canceling Sat Aug 22 15:29:17 UTC 2020
------------------ testing $PTII/ptolemy/domains/de/test/auto/MergeWithoutDiscard.xml
auto.tcl: Setting watchdog for 200 seconds at Sat Aug 22 15:29:17 UTC 2020
2 ms. Memory: 51200K Free: 31833K (62%)
ptolemy.util.test.WatchDog.cancel(): canceling Sat Aug 22 15:29:17 UTC 2020
auto.tcl: Setting watchdog for 200 seconds at Sat Aug 22 15:29:17 UTC 2020
2 ms. Memory: 51200K Free: 31392K (61%)
ptolemy.util.test.WatchDog.cancel(): canceling Sat Aug 22 15:29:17 UTC 2020
------------------ testing $PTII/ptolemy/domains/de/test/auto/Modal1.xml
auto.tcl: Setting watchdog for 200 seconds at Sat Aug 22 15:29:17 UTC 2020
13 ms. Memory: 51200K Free: 24491K (48%)
ptolemy.util.test.WatchDog.cancel(): canceling Sat Aug 22 15:29:17 UTC 2020
auto.tcl: Setting watchdog for 200 seconds at Sat Aug 22 15:29:17 UTC 2020
12 ms. Memory: 51200K Free: 20959K (41%)
ptolemy.util.test.WatchDog.cancel(): canceling Sat Aug 22 15:29:17 UTC 2020
------------------ testing $PTII/ptolemy/domains/de/test/auto/Modal2.xml
auto.tcl: Setting watchdog for 200 seconds at Sat Aug 22 15:29:17 UTC 2020
20 ms. Memory: 51200K Free: 24082K (47%)
ptolemy.util.test.WatchDog.cancel(): canceling Sat Aug 22 15:29:17 UTC 2020
auto.tcl: Setting watchdog for 200 seconds at Sat Aug 22 15:29:17 UTC 2020
22 ms. Memory: 51200K Free: 20831K (41%)
ptolemy.util.test.WatchDog.cancel(): canceling Sat Aug 22 15:29:17 UTC 2020
------------------ testing $PTII/ptolemy/domains/de/test/auto/Modal3.xml
auto.tcl: Setting watchdog for 200 seconds at Sat Aug 22 15:29:18 UTC 2020
16 ms. Memory: 51200K Free: 23841K (47%)
ptolemy.util.test.WatchDog.cancel(): canceling Sat Aug 22 15:29:18 UTC 2020
auto.tcl: Setting watchdog for 200 seconds at Sat Aug 22 15:29:18 UTC 2020
13 ms. Memory: 51200K Free: 20859K (41%)
ptolemy.util.test.WatchDog.cancel(): canceling Sat Aug 22 15:29:18 UTC 2020
------------------ testing $PTII/ptolemy/domains/de/test/auto/Modal4.xml
auto.tcl: Setting watchdog for 200 seconds at Sat Aug 22 15:29:18 UTC 2020
24 ms. Memory: 51200K Free: 23056K (45%)
ptolemy.util.test.WatchDog.cancel(): canceling Sat Aug 22 15:29:18 UTC 2020
auto.tcl: Setting watchdog for 200 seconds at Sat Aug 22 15:29:18 UTC 2020
19 ms. Memory: 51200K Free: 19228K (38%)
ptolemy.util.test.WatchDog.cancel(): canceling Sat Aug 22 15:29:18 UTC 2020
------------------ testing $PTII/ptolemy/domains/de/test/auto/Modal5.xml
auto.tcl: Setting watchdog for 200 seconds at Sat Aug 22 15:29:18 UTC 2020
12 ms. Memory: 51200K Free: 23059K (45%)
ptolemy.util.test.WatchDog.cancel(): canceling Sat Aug 22 15:29:18 UTC 2020
auto.tcl: Setting watchdog for 200 seconds at Sat Aug 22 15:29:18 UTC 2020
13 ms. Memory: 51200K Free: 19214K (38%)
ptolemy.util.test.WatchDog.cancel(): canceling Sat Aug 22 15:29:18 UTC 2020
------------------ testing $PTII/ptolemy/domains/de/test/auto/Modal6.xml
auto.tcl: Setting watchdog for 200 seconds at Sat Aug 22 15:29:18 UTC 2020
12 ms. Memory: 51200K Free: 23829K (47%)
ptolemy.util.test.WatchDog.cancel(): canceling Sat Aug 22 15:29:18 UTC 2020
auto.tcl: Setting watchdog for 200 seconds at Sat Aug 22 15:29:18 UTC 2020
13 ms. Memory: 51200K Free: 20234K (40%)
ptolemy.util.test.WatchDog.cancel(): canceling Sat Aug 22 15:29:18 UTC 2020
------------------ testing $PTII/ptolemy/domains/de/test/auto/Modal7.xml
auto.tcl: Setting watchdog for 200 seconds at Sat Aug 22 15:29:18 UTC 2020
14 ms. Memory: 51200K Free: 22806K (45%)
ptolemy.util.test.WatchDog.cancel(): canceling Sat Aug 22 15:29:18 UTC 2020
auto.tcl: Setting watchdog for 200 seconds at Sat Aug 22 15:29:18 UTC 2020
10 ms. Memory: 51200K Free: 19520K (38%)
ptolemy.util.test.WatchDog.cancel(): canceling Sat Aug 22 15:29:18 UTC 2020
------------------ testing $PTII/ptolemy/domains/de/test/auto/ModalModel.xml
auto.tcl: Setting watchdog for 200 seconds at Sat Aug 22 15:29:18 UTC 2020
179 ms. Memory: 51200K Free: 13305K (26%)
ptolemy.util.test.WatchDog.cancel(): canceling Sat Aug 22 15:29:18 UTC 2020
auto.tcl: Setting watchdog for 200 seconds at Sat Aug 22 15:29:18 UTC 2020
197 ms. Memory: 67584K Free: 49085K (73%)
ptolemy.util.test.WatchDog.cancel(): canceling Sat Aug 22 15:29:18 UTC 2020
------------------ testing $PTII/ptolemy/domains/de/test/auto/ModalSource.xml
auto.tcl: Setting watchdog for 200 seconds at Sat Aug 22 15:29:19 UTC 2020
10 ms. Memory: 51200K Free: 27887K (54%)
ptolemy.util.test.WatchDog.cancel(): canceling Sat Aug 22 15:29:19 UTC 2020
auto.tcl: Setting watchdog for 200 seconds at Sat Aug 22 15:29:19 UTC 2020
6 ms. Memory: 51200K Free: 25839K (50%)
ptolemy.util.test.WatchDog.cancel(): canceling Sat Aug 22 15:29:19 UTC 2020
------------------ testing $PTII/ptolemy/domains/de/test/auto/NonInterruptibleTimerZeroDelay.xml
auto.tcl: Setting watchdog for 200 seconds at Sat Aug 22 15:29:19 UTC 2020
3 ms. Memory: 51200K Free: 33080K (65%)
ptolemy.util.test.WatchDog.cancel(): canceling Sat Aug 22 15:29:19 UTC 2020
auto.tcl: Setting watchdog for 200 seconds at Sat Aug 22 15:29:19 UTC 2020
2 ms. Memory: 51200K Free: 32195K (63%)
ptolemy.util.test.WatchDog.cancel(): canceling Sat Aug 22 15:29:19 UTC 2020
------------------ testing $PTII/ptolemy/domains/de/test/auto/OpenQueueingNetwork.xml
auto.tcl: Setting watchdog for 200 seconds at Sat Aug 22 15:29:19 UTC 2020
2760 ms. Memory: 148480K Free: 73364K (49%)
ptolemy.util.test.WatchDog.cancel(): canceling Sat Aug 22 15:29:22 UTC 2020
auto.tcl: Setting watchdog for 200 seconds at Sat Aug 22 15:29:22 UTC 2020
2540 ms. Memory: 178176K Free: 160384K (90%)
ptolemy.util.test.WatchDog.cancel(): canceling Sat Aug 22 15:29:24 UTC 2020
------------------ testing $PTII/ptolemy/domains/de/test/auto/OpenQueuingNetwork.xml
auto.tcl: Setting watchdog for 200 seconds at Sat Aug 22 15:29:24 UTC 2020
227 ms. Memory: 58368K Free: 31050K (53%)
ptolemy.util.test.WatchDog.cancel(): canceling Sat Aug 22 15:29:24 UTC 2020
auto.tcl: Setting watchdog for 200 seconds at Sat Aug 22 15:29:24 UTC 2020
235 ms. Memory: 58368K Free: 12940K (22%)
ptolemy.util.test.WatchDog.cancel(): canceling Sat Aug 22 15:29:25 UTC 2020
------------------ testing $PTII/ptolemy/domains/de/test/auto/PeriodicSampler.xml
auto.tcl: Setting watchdog for 200 seconds at Sat Aug 22 15:29:25 UTC 2020
2 ms. Memory: 55296K Free: 36603K (66%)
ptolemy.util.test.WatchDog.cancel(): canceling Sat Aug 22 15:29:25 UTC 2020
auto.tcl: Setting watchdog for 200 seconds at Sat Aug 22 15:29:25 UTC 2020
2 ms. Memory: 55296K Free: 35609K (64%)
ptolemy.util.test.WatchDog.cancel(): canceling Sat Aug 22 15:29:25 UTC 2020
------------------ testing $PTII/ptolemy/domains/de/test/auto/PersistentIO.xml
auto.tcl: Setting watchdog for 200 seconds at Sat Aug 22 15:29:25 UTC 2020
5 ms. Memory: 51200K Free: 26952K (53%)
ptolemy.util.test.WatchDog.cancel(): canceling Sat Aug 22 15:29:25 UTC 2020
auto.tcl: Setting watchdog for 200 seconds at Sat Aug 22 15:29:25 UTC 2020
4 ms. Memory: 51200K Free: 25432K (50%)
ptolemy.util.test.WatchDog.cancel(): canceling Sat Aug 22 15:29:25 UTC 2020
------------------ testing $PTII/ptolemy/domains/de/test/auto/PortParameterResetOnInitialize.xml
auto.tcl: Setting watchdog for 200 seconds at Sat Aug 22 15:29:25 UTC 2020
2 ms. Memory: 51200K Free: 31919K (62%)
ptolemy.util.test.WatchDog.cancel(): canceling Sat Aug 22 15:29:25 UTC 2020
auto.tcl: Setting watchdog for 200 seconds at Sat Aug 22 15:29:25 UTC 2020
2 ms. Memory: 51200K Free: 31439K (61%)
ptolemy.util.test.WatchDog.cancel(): canceling Sat Aug 22 15:29:25 UTC 2020
------------------ testing $PTII/ptolemy/domains/de/test/auto/PortParameterUpdates.xml
auto.tcl: Setting watchdog for 200 seconds at Sat Aug 22 15:29:25 UTC 2020
4 ms. Memory: 51200K Free: 30032K (59%)
ptolemy.util.test.WatchDog.cancel(): canceling Sat Aug 22 15:29:25 UTC 2020
auto.tcl: Setting watchdog for 200 seconds at Sat Aug 22 15:29:25 UTC 2020
4 ms. Memory: 51200K Free: 29020K (57%)
ptolemy.util.test.WatchDog.cancel(): canceling Sat Aug 22 15:29:25 UTC 2020
------------------ testing $PTII/ptolemy/domains/de/test/auto/QueueAndServer.xml
auto.tcl: Setting watchdog for 200 seconds at Sat Aug 22 15:29:25 UTC 2020
5 ms. Memory: 51200K Free: 28911K (56%)
ptolemy.util.test.WatchDog.cancel(): canceling Sat Aug 22 15:29:25 UTC 2020
auto.tcl: Setting watchdog for 200 seconds at Sat Aug 22 15:29:25 UTC 2020
6 ms. Memory: 51200K Free: 27466K (54%)
ptolemy.util.test.WatchDog.cancel(): canceling Sat Aug 22 15:29:25 UTC 2020
------------------ testing $PTII/ptolemy/domains/de/test/auto/Records.xml
auto.tcl: Setting watchdog for 200 seconds at Sat Aug 22 15:29:25 UTC 2020
6 ms. Memory: 51200K Free: 31190K (61%)
ptolemy.util.test.WatchDog.cancel(): canceling Sat Aug 22 15:29:25 UTC 2020
auto.tcl: Setting watchdog for 200 seconds at Sat Aug 22 15:29:25 UTC 2020
2 ms. Memory: 51200K Free: 30693K (60%)
ptolemy.util.test.WatchDog.cancel(): canceling Sat Aug 22 15:29:25 UTC 2020
------------------ testing $PTII/ptolemy/domains/de/test/auto/ResetTransitionWithStartTime1.xml
auto.tcl: Setting watchdog for 200 seconds at Sat Aug 22 15:29:25 UTC 2020
6 ms. Memory: 51200K Free: 28434K (56%)
ptolemy.util.test.WatchDog.cancel(): canceling Sat Aug 22 15:29:25 UTC 2020
auto.tcl: Setting watchdog for 200 seconds at Sat Aug 22 15:29:25 UTC 2020
6 ms. Memory: 51200K Free: 26370K (52%)
ptolemy.util.test.WatchDog.cancel(): canceling Sat Aug 22 15:29:25 UTC 2020
------------------ testing $PTII/ptolemy/domains/de/test/auto/ResetTransitionWithStartTime2.xml
auto.tcl: Setting watchdog for 200 seconds at Sat Aug 22 15:29:25 UTC 2020
7 ms. Memory: 51200K Free: 28425K (56%)
ptolemy.util.test.WatchDog.cancel(): canceling Sat Aug 22 15:29:25 UTC 2020
auto.tcl: Setting watchdog for 200 seconds at Sat Aug 22 15:29:25 UTC 2020
7 ms. Memory: 51200K Free: 26340K (51%)
ptolemy.util.test.WatchDog.cancel(): canceling Sat Aug 22 15:29:25 UTC 2020
------------------ testing $PTII/ptolemy/domains/de/test/auto/ResetTransitionWithStartTime3.xml
auto.tcl: Setting watchdog for 200 seconds at Sat Aug 22 15:29:25 UTC 2020
10 ms. Memory: 51200K Free: 28425K (56%)
ptolemy.util.test.WatchDog.cancel(): canceling Sat Aug 22 15:29:25 UTC 2020
auto.tcl: Setting watchdog for 200 seconds at Sat Aug 22 15:29:25 UTC 2020
8 ms. Memory: 51200K Free: 26340K (51%)
ptolemy.util.test.WatchDog.cancel(): canceling Sat Aug 22 15:29:25 UTC 2020
------------------ testing $PTII/ptolemy/domains/de/test/auto/ResetTransitionWithStartTime4.xml
auto.tcl: Setting watchdog for 200 seconds at Sat Aug 22 15:29:25 UTC 2020
11 ms. Memory: 51200K Free: 28835K (56%)
ptolemy.util.test.WatchDog.cancel(): canceling Sat Aug 22 15:29:25 UTC 2020
auto.tcl: Setting watchdog for 200 seconds at Sat Aug 22 15:29:25 UTC 2020
3 ms. Memory: 51200K Free: 27363K (53%)
ptolemy.util.test.WatchDog.cancel(): canceling Sat Aug 22 15:29:25 UTC 2020
------------------ testing $PTII/ptolemy/domains/de/test/auto/ResettableTimer1.xml
auto.tcl: Setting watchdog for 200 seconds at Sat Aug 22 15:29:25 UTC 2020
2 ms. Memory: 51200K Free: 32564K (64%)
ptolemy.util.test.WatchDog.cancel(): canceling Sat Aug 22 15:29:25 UTC 2020
auto.tcl: Setting watchdog for 200 seconds at Sat Aug 22 15:29:25 UTC 2020
2 ms. Memory: 51200K Free: 31951K (62%)
ptolemy.util.test.WatchDog.cancel(): canceling Sat Aug 22 15:29:25 UTC 2020
------------------ testing $PTII/ptolemy/domains/de/test/auto/ResettableTimer2.xml
auto.tcl: Setting watchdog for 200 seconds at Sat Aug 22 15:29:25 UTC 2020
2 ms. Memory: 51200K Free: 32629K (64%)
ptolemy.util.test.WatchDog.cancel(): canceling Sat Aug 22 15:29:25 UTC 2020
auto.tcl: Setting watchdog for 200 seconds at Sat Aug 22 15:29:25 UTC 2020
2 ms. Memory: 51200K Free: 31992K (62%)
ptolemy.util.test.WatchDog.cancel(): canceling Sat Aug 22 15:29:26 UTC 2020
------------------ testing $PTII/ptolemy/domains/de/test/auto/ResettableTimer3.xml
auto.tcl: Setting watchdog for 200 seconds at Sat Aug 22 15:29:26 UTC 2020
1 ms. Memory: 51200K Free: 32961K (64%)
ptolemy.util.test.WatchDog.cancel(): canceling Sat Aug 22 15:29:26 UTC 2020
auto.tcl: Setting watchdog for 200 seconds at Sat Aug 22 15:29:26 UTC 2020
1 ms. Memory: 51200K Free: 32521K (64%)
ptolemy.util.test.WatchDog.cancel(): canceling Sat Aug 22 15:29:26 UTC 2020
------------------ testing $PTII/ptolemy/domains/de/test/auto/ResettableTimer4.xml
auto.tcl: Setting watchdog for 200 seconds at Sat Aug 22 15:29:26 UTC 2020
1 ms. Memory: 51200K Free: 32533K (64%)
ptolemy.util.test.WatchDog.cancel(): canceling Sat Aug 22 15:29:26 UTC 2020
auto.tcl: Setting watchdog for 200 seconds at Sat Aug 22 15:29:26 UTC 2020
2 ms. Memory: 51200K Free: 32533K (64%)
ptolemy.util.test.WatchDog.cancel(): canceling Sat Aug 22 15:29:26 UTC 2020
------------------ testing $PTII/ptolemy/domains/de/test/auto/ResettableTimer5.xml
auto.tcl: Setting watchdog for 200 seconds at Sat Aug 22 15:29:26 UTC 2020
1 ms. Memory: 51200K Free: 32532K (64%)
ptolemy.util.test.WatchDog.cancel(): canceling Sat Aug 22 15:29:26 UTC 2020
auto.tcl: Setting watchdog for 200 seconds at Sat Aug 22 15:29:26 UTC 2020
1 ms. Memory: 51200K Free: 32018K (63%)
ptolemy.util.test.WatchDog.cancel(): canceling Sat Aug 22 15:29:26 UTC 2020
------------------ testing $PTII/ptolemy/domains/de/test/auto/ResettableTimer6.xml
auto.tcl: Setting watchdog for 200 seconds at Sat Aug 22 15:29:26 UTC 2020
2 ms. Memory: 51200K Free: 32008K (63%)
ptolemy.util.test.WatchDog.cancel(): canceling Sat Aug 22 15:29:26 UTC 2020
auto.tcl: Setting watchdog for 200 seconds at Sat Aug 22 15:29:26 UTC 2020
1 ms. Memory: 51200K Free: 31498K (62%)
ptolemy.util.test.WatchDog.cancel(): canceling Sat Aug 22 15:29:26 UTC 2020
------------------ testing $PTII/ptolemy/domains/de/test/auto/ServerZeroDelay.xml
auto.tcl: Setting watchdog for 200 seconds at Sat Aug 22 15:29:26 UTC 2020
3 ms. Memory: 51200K Free: 32514K (64%)
ptolemy.util.test.WatchDog.cancel(): canceling Sat Aug 22 15:29:26 UTC 2020
auto.tcl: Setting watchdog for 200 seconds at Sat Aug 22 15:29:26 UTC 2020
2 ms. Memory: 51200K Free: 31490K (62%)
ptolemy.util.test.WatchDog.cancel(): canceling Sat Aug 22 15:29:26 UTC 2020
------------------ testing $PTII/ptolemy/domains/de/test/auto/SmartSender.xml
auto.tcl: Setting watchdog for 200 seconds at Sat Aug 22 15:29:26 UTC 2020
3001 ms. Memory: 51200K Free: 32508K (63%)
ptolemy.util.test.WatchDog.cancel(): canceling Sat Aug 22 15:29:29 UTC 2020
auto.tcl: Setting watchdog for 200 seconds at Sat Aug 22 15:29:29 UTC 2020
3001 ms. Memory: 51200K Free: 32008K (63%)
ptolemy.util.test.WatchDog.cancel(): canceling Sat Aug 22 15:29:32 UTC 2020
------------------ testing $PTII/ptolemy/domains/de/test/auto/ThreadedComposite.xml
auto.tcl: Setting watchdog for 200 seconds at Sat Aug 22 15:29:32 UTC 2020
278 ms. Memory: 51200K Free: 12042K (24%)
ptolemy.util.test.WatchDog.cancel(): canceling Sat Aug 22 15:29:32 UTC 2020
auto.tcl: Setting watchdog for 200 seconds at Sat Aug 22 15:29:32 UTC 2020
141 ms. Memory: 51200K Free: 26669K (52%)
ptolemy.util.test.WatchDog.cancel(): canceling Sat Aug 22 15:29:32 UTC 2020
------------------ testing $PTII/ptolemy/domains/de/test/auto/Time.xml
auto.tcl: Setting watchdog for 200 seconds at Sat Aug 22 15:29:32 UTC 2020
407 ms. Memory: 51200K Free: 9124K (18%)
ptolemy.util.test.WatchDog.cancel(): canceling Sat Aug 22 15:29:33 UTC 2020
auto.tcl: Setting watchdog for 200 seconds at Sat Aug 22 15:29:33 UTC 2020
368 ms. Memory: 51200K Free: 13345K (26%)
ptolemy.util.test.WatchDog.cancel(): canceling Sat Aug 22 15:29:33 UTC 2020
------------------ testing $PTII/ptolemy/domains/de/test/auto/TimeDelayZeroDelay.xml
auto.tcl: Setting watchdog for 200 seconds at Sat Aug 22 15:29:33 UTC 2020
2 ms. Memory: 51200K Free: 32433K (63%)
ptolemy.util.test.WatchDog.cancel(): canceling Sat Aug 22 15:29:33 UTC 2020
auto.tcl: Setting watchdog for 200 seconds at Sat Aug 22 15:29:33 UTC 2020
2 ms. Memory: 51200K Free: 31585K (62%)
ptolemy.util.test.WatchDog.cancel(): canceling Sat Aug 22 15:29:33 UTC 2020
------------------ testing $PTII/ptolemy/domains/de/test/auto/TimerZeroDelay.xml
auto.tcl: Setting watchdog for 200 seconds at Sat Aug 22 15:29:33 UTC 2020
2 ms. Memory: 51200K Free: 32895K (64%)
ptolemy.util.test.WatchDog.cancel(): canceling Sat Aug 22 15:29:33 UTC 2020
auto.tcl: Setting watchdog for 200 seconds at Sat Aug 22 15:29:33 UTC 2020
2 ms. Memory: 51200K Free: 32066K (63%)
ptolemy.util.test.WatchDog.cancel(): canceling Sat Aug 22 15:29:33 UTC 2020
------------------ testing $PTII/ptolemy/domains/de/test/auto/TimingParadox.xml
auto.tcl: Setting watchdog for 200 seconds at Sat Aug 22 15:29:33 UTC 2020
282 ms. Memory: 51200K Free: 19607K (38%)
ptolemy.util.test.WatchDog.cancel(): canceling Sat Aug 22 15:29:34 UTC 2020
auto.tcl: Setting watchdog for 200 seconds at Sat Aug 22 15:29:34 UTC 2020
273 ms. Memory: 51200K Free: 10226K (20%)
ptolemy.util.test.WatchDog.cancel(): canceling Sat Aug 22 15:29:34 UTC 2020
------------------ testing $PTII/ptolemy/domains/de/test/auto/TransferInputs.xml
auto.tcl: Setting watchdog for 200 seconds at Sat Aug 22 15:29:34 UTC 2020
2 ms. Memory: 51200K Free: 30927K (60%)
ptolemy.util.test.WatchDog.cancel(): canceling Sat Aug 22 15:29:34 UTC 2020
auto.tcl: Setting watchdog for 200 seconds at Sat Aug 22 15:29:34 UTC 2020
1 ms. Memory: 51200K Free: 30065K (59%)
ptolemy.util.test.WatchDog.cancel(): canceling Sat Aug 22 15:29:34 UTC 2020
------------------ testing $PTII/ptolemy/domains/de/test/auto/TransferOutputs2.xml
auto.tcl: Setting watchdog for 200 seconds at Sat Aug 22 15:29:34 UTC 2020
10 ms. Memory: 51200K Free: 28386K (55%)
ptolemy.util.test.WatchDog.cancel(): canceling Sat Aug 22 15:29:34 UTC 2020
auto.tcl: Setting watchdog for 200 seconds at Sat Aug 22 15:29:34 UTC 2020
4 ms. Memory: 51200K Free: 26966K (53%)
ptolemy.util.test.WatchDog.cancel(): canceling Sat Aug 22 15:29:34 UTC 2020
------------------ testing $PTII/ptolemy/domains/de/test/auto/Trilateration.xml
auto.tcl: Setting watchdog for 200 seconds at Sat Aug 22 15:29:34 UTC 2020
12904 ms. Memory: 542720K Free: 293356K (54%)
ptolemy.util.test.WatchDog.cancel(): canceling Sat Aug 22 15:29:48 UTC 2020
auto.tcl: Setting watchdog for 200 seconds at Sat Aug 22 15:29:48 UTC 2020
9144 ms. Memory: 542720K Free: 240877K (44%)
ptolemy.util.test.WatchDog.cancel(): canceling Sat Aug 22 15:29:57 UTC 2020
------------------ testing $PTII/ptolemy/domains/de/test/auto/TwoSigmaDelta.xml
auto.tcl: Setting watchdog for 200 seconds at Sat Aug 22 15:29:57 UTC 2020
2453 ms. Memory: 89088K Free: 61361K (69%)
ptolemy.util.test.WatchDog.cancel(): canceling Sat Aug 22 15:30:00 UTC 2020
auto.tcl: Setting watchdog for 200 seconds at Sat Aug 22 15:30:00 UTC 2020
1742 ms. Memory: 89088K Free: 54693K (61%)
ptolemy.util.test.WatchDog.cancel(): canceling Sat Aug 22 15:30:02 UTC 2020
------------------ testing $PTII/ptolemy/domains/de/test/auto/VariableDelay.xml
auto.tcl: Setting watchdog for 200 seconds at Sat Aug 22 15:30:02 UTC 2020
5 ms. Memory: 51200K Free: 31440K (61%)
ptolemy.util.test.WatchDog.cancel(): canceling Sat Aug 22 15:30:02 UTC 2020
auto.tcl: Setting watchdog for 200 seconds at Sat Aug 22 15:30:02 UTC 2020
2 ms. Memory: 51200K Free: 30424K (59%)
ptolemy.util.test.WatchDog.cancel(): canceling Sat Aug 22 15:30:02 UTC 2020
------------------ testing $PTII/ptolemy/domains/de/test/auto/VariableDelay2.xml
auto.tcl: Setting watchdog for 200 seconds at Sat Aug 22 15:30:02 UTC 2020
8 ms. Memory: 51200K Free: 32520K (64%)
ptolemy.util.test.WatchDog.cancel(): canceling Sat Aug 22 15:30:02 UTC 2020
auto.tcl: Setting watchdog for 200 seconds at Sat Aug 22 15:30:02 UTC 2020
2 ms. Memory: 51200K Free: 31342K (61%)
ptolemy.util.test.WatchDog.cancel(): canceling Sat Aug 22 15:30:02 UTC 2020
------------------ testing $PTII/ptolemy/domains/de/test/auto/VariableDelayZeroDelay.xml
auto.tcl: Setting watchdog for 200 seconds at Sat Aug 22 15:30:02 UTC 2020
3 ms. Memory: 51200K Free: 32365K (63%)
ptolemy.util.test.WatchDog.cancel(): canceling Sat Aug 22 15:30:02 UTC 2020
auto.tcl: Setting watchdog for 200 seconds at Sat Aug 22 15:30:02 UTC 2020
2 ms. Memory: 51200K Free: 31851K (62%)
ptolemy.util.test.WatchDog.cancel(): canceling Sat Aug 22 15:30:02 UTC 2020
------------------ testing $PTII/ptolemy/domains/de/test/auto/VariableDelayZeroDelay2.xml
auto.tcl: Setting watchdog for 200 seconds at Sat Aug 22 15:30:02 UTC 2020
3 ms. Memory: 51200K Free: 32364K (63%)
ptolemy.util.test.WatchDog.cancel(): canceling Sat Aug 22 15:30:02 UTC 2020
auto.tcl: Setting watchdog for 200 seconds at Sat Aug 22 15:30:02 UTC 2020
2 ms. Memory: 51200K Free: 31340K (61%)
ptolemy.util.test.WatchDog.cancel(): canceling Sat Aug 22 15:30:02 UTC 2020
------------------ testing $PTII/ptolemy/domains/de/test/auto/deInCt.xml
auto.tcl: Setting watchdog for 200 seconds at Sat Aug 22 15:30:02 UTC 2020
0
1
1
1
1
0
0
0
1
1
1
1
1
0
0
0
0
1
1
1
0
0
0
0
1
1
1
0
0
0
1
1
1
0
0
0
1
1
1
0
0
0
0
11 ms. Memory: 51200K Free: 31338K (61%)
ptolemy.util.test.WatchDog.cancel(): canceling Sat Aug 22 15:30:02 UTC 2020
auto.tcl: Setting watchdog for 200 seconds at Sat Aug 22 15:30:02 UTC 2020
0
1
1
0
0
0
1
1
1
0
0
0
1
1
1
1
0
0
1
1
1
0
0
0
0
1
1
1
1
1
0
0
0
1
1
1
0
0
0
0
6 ms. Memory: 51200K Free: 29800K (58%)
ptolemy.util.test.WatchDog.cancel(): canceling Sat Aug 22 15:30:02 UTC 2020
------------------ testing $PTII/ptolemy/domains/de/test/auto/deInCt2.xml
auto.tcl: Setting watchdog for 200 seconds at Sat Aug 22 15:30:02 UTC 2020
0
1
1
1
0
0
1
1
1
0
0
1
1
1
0
0
1
1
1
0
0
1
1
1
0
0
1
1
1
0
0
1
1
1
0
0
1
1
1
0
0
0
8 ms. Memory: 51200K Free: 31338K (61%)
ptolemy.util.test.WatchDog.cancel(): canceling Sat Aug 22 15:30:02 UTC 2020
auto.tcl: Setting watchdog for 200 seconds at Sat Aug 22 15:30:02 UTC 2020
0
1
1
1
0
0
1
1
1
0
0
1
1
1
0
0
1
1
1
0
0
1
1
1
0
0
1
1
1
0
0
1
1
1
0
0
1
1
1
0
0
0
6 ms. Memory: 51200K Free: 29794K (58%)
ptolemy.util.test.WatchDog.cancel(): canceling Sat Aug 22 15:30:02 UTC 2020
------------------ testing $PTII/ptolemy/domains/de/test/auto/dynamicCausalityInterface1.xml
auto.tcl: Setting watchdog for 200 seconds at Sat Aug 22 15:30:02 UTC 2020
1 ms. Memory: 51200K Free: 27237K (53%)
ptolemy.util.test.WatchDog.cancel(): canceling Sat Aug 22 15:30:02 UTC 2020
auto.tcl: Setting watchdog for 200 seconds at Sat Aug 22 15:30:02 UTC 2020
1 ms. Memory: 51200K Free: 26723K (52%)
ptolemy.util.test.WatchDog.cancel(): canceling Sat Aug 22 15:30:02 UTC 2020
------------------ testing $PTII/ptolemy/domains/de/test/auto/fsm_de_test.xml
auto.tcl: Setting watchdog for 200 seconds at Sat Aug 22 15:30:02 UTC 2020
7 ms. Memory: 51200K Free: 27136K (53%)
ptolemy.util.test.WatchDog.cancel(): canceling Sat Aug 22 15:30:02 UTC 2020
auto.tcl: Setting watchdog for 200 seconds at Sat Aug 22 15:30:02 UTC 2020
6 ms. Memory: 51200K Free: 25088K (49%)
ptolemy.util.test.WatchDog.cancel(): canceling Sat Aug 22 15:30:02 UTC 2020
------------------ testing $PTII/ptolemy/domains/de/test/auto/functionDependencyReconstruction.xml
auto.tcl: Setting watchdog for 200 seconds at Sat Aug 22 15:30:02 UTC 2020
3 ms. Memory: 51200K Free: 20981K (41%)
ptolemy.util.test.WatchDog.cancel(): canceling Sat Aug 22 15:30:02 UTC 2020
auto.tcl: Setting watchdog for 200 seconds at Sat Aug 22 15:30:02 UTC 2020
2 ms. Memory: 51200K Free: 18933K (37%)
ptolemy.util.test.WatchDog.cancel(): canceling Sat Aug 22 15:30:02 UTC 2020
------------------ testing $PTII/ptolemy/domains/de/test/auto/multirate.xml
auto.tcl: Setting watchdog for 200 seconds at Sat Aug 22 15:30:02 UTC 2020
8 ms. Memory: 51200K Free: 29742K (58%)
ptolemy.util.test.WatchDog.cancel(): canceling Sat Aug 22 15:30:03 UTC 2020
auto.tcl: Setting watchdog for 200 seconds at Sat Aug 22 15:30:03 UTC 2020
3 ms. Memory: 51200K Free: 28031K (55%)
ptolemy.util.test.WatchDog.cancel(): canceling Sat Aug 22 15:30:03 UTC 2020
------------------ testing $PTII/ptolemy/domains/de/test/auto/multirate2.xml
auto.tcl: Setting watchdog for 200 seconds at Sat Aug 22 15:30:03 UTC 2020
2 ms. Memory: 51200K Free: 29931K (58%)
ptolemy.util.test.WatchDog.cancel(): canceling Sat Aug 22 15:30:03 UTC 2020
auto.tcl: Setting watchdog for 200 seconds at Sat Aug 22 15:30:03 UTC 2020
3 ms. Memory: 51200K Free: 28212K (55%)
ptolemy.util.test.WatchDog.cancel(): canceling Sat Aug 22 15:30:03 UTC 2020
------------------ testing $PTII/ptolemy/domains/de/test/auto/realtime.xml
auto.tcl: Setting watchdog for 200 seconds at Sat Aug 22 15:30:03 UTC 2020
10002 ms. Memory: 51200K Free: 31793K (62%)
ptolemy.util.test.WatchDog.cancel(): canceling Sat Aug 22 15:30:13 UTC 2020
auto.tcl: Setting watchdog for 200 seconds at Sat Aug 22 15:30:13 UTC 2020
10001 ms. Memory: 51200K Free: 30769K (60%)
ptolemy.util.test.WatchDog.cancel(): canceling Sat Aug 22 15:30:23 UTC 2020
------------------ testing $PTII/ptolemy/domains/de/test/auto/relationGroup.xml
auto.tcl: Setting watchdog for 200 seconds at Sat Aug 22 15:30:23 UTC 2020
2 ms. Memory: 51200K Free: 33096K (65%)
ptolemy.util.test.WatchDog.cancel(): canceling Sat Aug 22 15:30:23 UTC 2020
auto.tcl: Setting watchdog for 200 seconds at Sat Aug 22 15:30:23 UTC 2020
2 ms. Memory: 51200K Free: 32552K (64%)
ptolemy.util.test.WatchDog.cancel(): canceling Sat Aug 22 15:30:23 UTC 2020
------------------ testing $PTII/ptolemy/domains/de/test/auto/relationGroup2.xml
auto.tcl: Setting watchdog for 200 seconds at Sat Aug 22 15:30:23 UTC 2020
1 ms. Memory: 51200K Free: 32897K (64%)
ptolemy.util.test.WatchDog.cancel(): canceling Sat Aug 22 15:30:23 UTC 2020
auto.tcl: Setting watchdog for 200 seconds at Sat Aug 22 15:30:23 UTC 2020
2 ms. Memory: 51200K Free: 31873K (62%)
ptolemy.util.test.WatchDog.cancel(): canceling Sat Aug 22 15:30:23 UTC 2020
------------------ testing $PTII/ptolemy/domains/de/test/auto/sortWithOpaquePorts.xml
auto.tcl: Setting watchdog for 200 seconds at Sat Aug 22 15:30:23 UTC 2020
1 ms. Memory: 51200K Free: 31860K (62%)
ptolemy.util.test.WatchDog.cancel(): canceling Sat Aug 22 15:30:23 UTC 2020
auto.tcl: Setting watchdog for 200 seconds at Sat Aug 22 15:30:23 UTC 2020
2 ms. Memory: 51200K Free: 30850K (60%)
ptolemy.util.test.WatchDog.cancel(): canceling Sat Aug 22 15:30:23 UTC 2020
------------------ testing $PTII/ptolemy/domains/de/test/auto/transferInputsandOutputs.xml
auto.tcl: Setting watchdog for 200 seconds at Sat Aug 22 15:30:23 UTC 2020
2 ms. Memory: 51200K Free: 29303K (57%)
ptolemy.util.test.WatchDog.cancel(): canceling Sat Aug 22 15:30:23 UTC 2020
auto.tcl: Setting watchdog for 200 seconds at Sat Aug 22 15:30:23 UTC 2020
2 ms. Memory: 51200K Free: 28279K (55%)
ptolemy.util.test.WatchDog.cancel(): canceling Sat Aug 22 15:30:23 UTC 2020
------------------ testing $PTII/ptolemy/domains/de/test/auto/triggerType.xml
auto.tcl: Setting watchdog for 200 seconds at Sat Aug 22 15:30:23 UTC 2020
1 ms. Memory: 51200K Free: 32329K (63%)
ptolemy.util.test.WatchDog.cancel(): canceling Sat Aug 22 15:30:23 UTC 2020
auto.tcl: Setting watchdog for 200 seconds at Sat Aug 22 15:30:23 UTC 2020
1 ms. Memory: 51200K Free: 31305K (61%)
ptolemy.util.test.WatchDog.cancel(): canceling Sat Aug 22 15:30:23 UTC 2020
08/22/20 03:30:23
Failed: 0  Total Tests: 192  ((Passed: 187, Newly Passed: 1)  Known Failed: 5) /home/travis/build/icyphy/ptII/ptolemy/domains/de/test
08/22/20 03:30:23
Failed: 0  Total Tests: 192  ((Passed: 187, Newly Passed: 1)  Known Failed: 5) /home/travis/build/icyphy/ptII/ptolemy/domains/de/test
----------------- testing (KnownFailure) /home/travis/build/icyphy/ptII/ptolemy/domains/de/test/auto/knownFailedTests/DESDFClockTest.xml
2013 ms. Memory: 51200K Free: 25723K (50%)
Known Failure: java.lang.reflect.InvocationTargetException
----------------- testing (KnownFailure) /home/travis/build/icyphy/ptII/ptolemy/domains/de/test/auto/knownFailedTests/DirectFeedback.xml
2 ms. Memory: 51200K Free: 21627K (42%)
Known Failure: java.lang.reflect.InvocationTargetException
----------------- testing (KnownFailure) /home/travis/build/icyphy/ptII/ptolemy/domains/de/test/auto/knownFailedTests/FSMSource.xml
9 ms. Memory: 51200K Free: 13949K (27%)
----------------- testing (KnownFailure) /home/travis/build/icyphy/ptII/ptolemy/domains/de/test/auto/knownFailedTests/HierarchicalModel.xml
4 ms. Memory: 51200K Free: 26118K (51%)
Known Failure: java.lang.reflect.InvocationTargetException
----------------- testing (KnownFailure) /home/travis/build/icyphy/ptII/ptolemy/domains/de/test/auto/knownFailedTests/dependencyLoop.xml
3 ms. Memory: 51200K Free: 10822K (21%)
Known Failure: java.lang.reflect.InvocationTargetException
----------------- testing (KnownFailure) /home/travis/build/icyphy/ptII/ptolemy/domains/de/test/auto/knownFailedTests/dependencyLoop2.xml
5 ms. Memory: 51200K Free: 23758K (46%)
Known Failure: java.lang.reflect.InvocationTargetException
No auto/linux-amd64/*.xml tests in /home/travis/build/icyphy/ptII/ptolemy/domains/de/test
AutoTests.java: About to close Vertx.
AutoTests.java: Vertx closed.

===========================================================================================
----------------- testing Sat Aug 22 15:30:25 UTC 2020 /home/travis/build/icyphy/ptII/ptolemy/domains/de/test/auto/ActorDepthCalculation_actorWithoutPorts.xml
----------------- Instantiating /home/travis/build/icyphy/ptII/ptolemy/domains/de/test/auto/ActorDepthCalculation_actorWithoutPorts.xml
4 ms. Memory: 51200K Free: 16925K (33%)
----------------- Invoking toplevel() on ptolemy.moml.MoMLSimpleApplication@73b3fb96
----------------- Done invoking toplevel() on ptolemy.moml.MoMLSimpleApplication@73b3fb96
reloadAllAccessors: .ActorDepthCalculation_actorWithoutPorts

===========================================================================================
----------------- testing Sat Aug 22 15:30:25 UTC 2020 /home/travis/build/icyphy/ptII/ptolemy/domains/de/test/auto/AssemblyLine.xml
----------------- Instantiating /home/travis/build/icyphy/ptII/ptolemy/domains/de/test/auto/AssemblyLine.xml
2 ms. Memory: 51200K Free: 9787K (19%)
----------------- Invoking toplevel() on ptolemy.moml.MoMLSimpleApplication@be4ec27
----------------- Done invoking toplevel() on ptolemy.moml.MoMLSimpleApplication@be4ec27
reloadAllAccessors: .AssemblyLine

===========================================================================================
----------------- testing Sat Aug 22 15:30:25 UTC 2020 /home/travis/build/icyphy/ptII/ptolemy/domains/de/test/auto/CQBug1.xml
----------------- Instantiating /home/travis/build/icyphy/ptII/ptolemy/domains/de/test/auto/CQBug1.xml
1 ms. Memory: 51200K Free: 34404K (67%)
----------------- Invoking toplevel() on ptolemy.moml.MoMLSimpleApplication@7e91ad8e
----------------- Done invoking toplevel() on ptolemy.moml.MoMLSimpleApplication@7e91ad8e
reloadAllAccessors: .CQBug1

===========================================================================================
----------------- testing Sat Aug 22 15:30:25 UTC 2020 /home/travis/build/icyphy/ptII/ptolemy/domains/de/test/auto/CancelFireAt.xml
----------------- Instantiating /home/travis/build/icyphy/ptII/ptolemy/domains/de/test/auto/CancelFireAt.xml
2 ms. Memory: 51200K Free: 32092K (63%)
----------------- Invoking toplevel() on ptolemy.moml.MoMLSimpleApplication@7e583a7b
----------------- Done invoking toplevel() on ptolemy.moml.MoMLSimpleApplication@7e583a7b
reloadAllAccessors: .CancelFireAt

===========================================================================================
----------------- testing Sat Aug 22 15:30:25 UTC 2020 /home/travis/build/icyphy/ptII/ptolemy/domains/de/test/auto/CausalityAndComposabilityAnalysis.xml
----------------- Instantiating /home/travis/build/icyphy/ptII/ptolemy/domains/de/test/auto/CausalityAndComposabilityAnalysis.xml
3 ms. Memory: 51200K Free: 27718K (54%)
----------------- Invoking toplevel() on ptolemy.moml.MoMLSimpleApplication@792c6dff
----------------- Done invoking toplevel() on ptolemy.moml.MoMLSimpleApplication@792c6dff
reloadAllAccessors: .CausalityAndComposabilityAnalysis

===========================================================================================
----------------- testing Sat Aug 22 15:30:25 UTC 2020 /home/travis/build/icyphy/ptII/ptolemy/domains/de/test/auto/CausalityInterface1.xml
----------------- Instantiating /home/travis/build/icyphy/ptII/ptolemy/domains/de/test/auto/CausalityInterface1.xml
6 ms. Memory: 51200K Free: 22876K (45%)
----------------- Invoking toplevel() on ptolemy.moml.MoMLSimpleApplication@3ae16089
----------------- Done invoking toplevel() on ptolemy.moml.MoMLSimpleApplication@3ae16089
reloadAllAccessors: .CausalityInterface1

===========================================================================================
----------------- testing Sat Aug 22 15:30:25 UTC 2020 /home/travis/build/icyphy/ptII/ptolemy/domains/de/test/auto/CausalityInterface15.xml
----------------- Instantiating /home/travis/build/icyphy/ptII/ptolemy/domains/de/test/auto/CausalityInterface15.xml
2 ms. Memory: 51200K Free: 17478K (34%)
----------------- Invoking toplevel() on ptolemy.moml.MoMLSimpleApplication@5613404f
----------------- Done invoking toplevel() on ptolemy.moml.MoMLSimpleApplication@5613404f
reloadAllAccessors: .CausalityInterface15

===========================================================================================
----------------- testing Sat Aug 22 15:30:25 UTC 2020 /home/travis/build/icyphy/ptII/ptolemy/domains/de/test/auto/CausalityInterface2.xml
----------------- Instantiating /home/travis/build/icyphy/ptII/ptolemy/domains/de/test/auto/CausalityInterface2.xml
1 ms. Memory: 51200K Free: 13083K (26%)
[...]
	at ptolemy.actor.Manager.run(Manager.java:1263)
	at ptolemy.actor.Manager$PtolemyRunThread.run(Manager.java:1933)
java.lang.RuntimeException: Execution failed
	at ptolemy.moml.MoMLSimpleApplication$UnloadThread.run(MoMLSimpleApplication.java:402)
Caused by: ptolemy.kernel.util.IllegalActionException: Actor is not ready to fire.  Perhaps UpSample.prefire() returned false? Try debugging the actor by selecting "Listen to Actor".  Also, for SDF check moml for tokenConsumptionRate on input.
  in .DESDFClockTest.Play Bell.Copy1:SDF Director and .DESDFClockTest.Play Bell.UpSample
	at ptolemy.actor.sched.StaticSchedulingDirector.fire(StaticSchedulingDirector.java:227)
	at ptolemy.domains.sdf.kernel.SDFDirector.fire(SDFDirector.java:500)
	at ptolemy.actor.CompositeActor.fire(CompositeActor.java:455)
	at ptolemy.domains.de.kernel.DEDirector._fire(DEDirector.java:1949)
	at ptolemy.domains.de.kernel.DEDirector.fire(DEDirector.java:502)
	at ptolemy.actor.CompositeActor.fire(CompositeActor.java:455)
	at ptolemy.actor.Manager.iterate(Manager.java:851)
	at ptolemy.actor.Manager.execute(Manager.java:369)
	at ptolemy.actor.Manager.run(Manager.java:1263)
	at ptolemy.actor.Manager$PtolemyRunThread.run(Manager.java:1933)
java.lang.reflect.InvocationTargetException
	at java.base/jdk.internal.reflect.NativeConstructorAccessorImpl.newInstance0(Native Method)
	at java.base/jdk.internal.reflect.NativeConstructorAccessorImpl.newInstance(NativeConstructorAccessorImpl.java:62)
	at java.base/jdk.internal.reflect.DelegatingConstructorAccessorImpl.newInstance(DelegatingConstructorAccessorImpl.java:45)
	at java.base/java.lang.reflect.Constructor.newInstance(Constructor.java:490)
	at ptolemy.util.test.junit.AutoKnownFailedTests.RunModel(AutoKnownFailedTests.java:105)
	at java.base/jdk.internal.reflect.NativeMethodAccessorImpl.invoke0(Native Method)
	at java.base/jdk.internal.reflect.NativeMethodAccessorImpl.invoke(NativeMethodAccessorImpl.java:62)
	at java.base/jdk.internal.reflect.DelegatingMethodAccessorImpl.invoke(DelegatingMethodAccessorImpl.java:43)
	at java.base/java.lang.reflect.Method.invoke(Method.java:566)
	at org.junit.runners.model.FrameworkMethod$1.runReflectiveCall(FrameworkMethod.java:44)
	at org.junit.internal.runners.model.ReflectiveCallable.run(ReflectiveCallable.java:15)
	at org.junit.runners.model.FrameworkMethod.invokeExplosively(FrameworkMethod.java:41)
	at junitparams.internal.InvokeParameterisedMethod.evaluate(InvokeParameterisedMethod.java:102)
	at org.junit.internal.runners.statements.FailOnTimeout$1.run(FailOnTimeout.java:28)
Caused by: ptolemy.kernel.util.IllegalActionException: Actor is not ready to fire.  Perhaps UpSample.prefire() returned false? Try debugging the actor by selecting "Listen to Actor".  Also, for SDF check moml for tokenConsumptionRate on input.
  in .DESDFClockTest.Play Bell.Copy1:SDF Director and .DESDFClockTest.Play Bell.UpSample
	at ptolemy.actor.sched.StaticSchedulingDirector.fire(StaticSchedulingDirector.java:227)
	at ptolemy.domains.sdf.kernel.SDFDirector.fire(SDFDirector.java:500)
	at ptolemy.actor.CompositeActor.fire(CompositeActor.java:455)
	at ptolemy.domains.de.kernel.DEDirector._fire(DEDirector.java:1949)
	at ptolemy.domains.de.kernel.DEDirector.fire(DEDirector.java:502)
	at ptolemy.actor.CompositeActor.fire(CompositeActor.java:455)
	at ptolemy.actor.Manager.iterate(Manager.java:851)
	at ptolemy.actor.Manager.execute(Manager.java:369)
	at ptolemy.actor.Manager.run(Manager.java:1263)
	at ptolemy.actor.Manager$PtolemyRunThread.run(Manager.java:1933)
java.lang.RuntimeException: Execution failed
	at ptolemy.moml.MoMLSimpleApplication$UnloadThread.run(MoMLSimpleApplication.java:402)
Caused by: ptolemy.kernel.util.IllegalActionException: Test fails in iteration 1.
Value was: 1.0. Should have been: 2.0
  in .DirectFeedback.Test
	at ptolemy.actor.lib.Test.fire(Test.java:268)
	at ptolemy.domains.de.kernel.DEDirector._fire(DEDirector.java:1949)
	at ptolemy.domains.de.kernel.DEDirector.fire(DEDirector.java:502)
	at ptolemy.actor.CompositeActor.fire(CompositeActor.java:455)
	at ptolemy.actor.Manager.iterate(Manager.java:851)
	at ptolemy.actor.Manager.execute(Manager.java:369)
	at ptolemy.actor.Manager.run(Manager.java:1263)
	at ptolemy.actor.Manager$PtolemyRunThread.run(Manager.java:1933)
java.lang.reflect.InvocationTargetException
	at java.base/jdk.internal.reflect.NativeConstructorAccessorImpl.newInstance0(Native Method)
	at java.base/jdk.internal.reflect.NativeConstructorAccessorImpl.newInstance(NativeConstructorAccessorImpl.java:62)
	at java.base/jdk.internal.reflect.DelegatingConstructorAccessorImpl.newInstance(DelegatingConstructorAccessorImpl.java:45)
	at java.base/java.lang.reflect.Constructor.newInstance(Constructor.java:490)
	at ptolemy.util.test.junit.AutoKnownFailedTests.RunModel(AutoKnownFailedTests.java:105)
	at java.base/jdk.internal.reflect.NativeMethodAccessorImpl.invoke0(Native Method)
	at java.base/jdk.internal.reflect.NativeMethodAccessorImpl.invoke(NativeMethodAccessorImpl.java:62)
	at java.base/jdk.internal.reflect.DelegatingMethodAccessorImpl.invoke(DelegatingMethodAccessorImpl.java:43)
	at java.base/java.lang.reflect.Method.invoke(Method.java:566)
	at org.junit.runners.model.FrameworkMethod$1.runReflectiveCall(FrameworkMethod.java:44)
	at org.junit.internal.runners.model.ReflectiveCallable.run(ReflectiveCallable.java:15)
	at org.junit.runners.model.FrameworkMethod.invokeExplosively(FrameworkMethod.java:41)
	at junitparams.internal.InvokeParameterisedMethod.evaluate(InvokeParameterisedMethod.java:102)
	at org.junit.internal.runners.statements.FailOnTimeout$1.run(FailOnTimeout.java:28)
Caused by: ptolemy.kernel.util.IllegalActionException: Test fails in iteration 1.
Value was: 1.0. Should have been: 2.0
  in .DirectFeedback.Test
	at ptolemy.actor.lib.Test.fire(Test.java:268)
	at ptolemy.domains.de.kernel.DEDirector._fire(DEDirector.java:1949)
	at ptolemy.domains.de.kernel.DEDirector.fire(DEDirector.java:502)
	at ptolemy.actor.CompositeActor.fire(CompositeActor.java:455)
	at ptolemy.actor.Manager.iterate(Manager.java:851)
	at ptolemy.actor.Manager.execute(Manager.java:369)
	at ptolemy.actor.Manager.run(Manager.java:1263)
	at ptolemy.actor.Manager$PtolemyRunThread.run(Manager.java:1933)
java.lang.RuntimeException: Execution failed
	at ptolemy.moml.MoMLSimpleApplication$UnloadThread.run(MoMLSimpleApplication.java:402)
Caused by: ptolemy.kernel.util.IllegalActionException: Found a zero delay loop containing .HierarchicalModel.A
  in .HierarchicalModel and .HierarchicalModel.A
	at ptolemy.actor.util.CausalityInterfaceForComposites._computeOutputPortDepth(CausalityInterfaceForComposites.java:759)
	at ptolemy.actor.util.CausalityInterfaceForComposites._computeInputDepth(CausalityInterfaceForComposites.java:696)
	at ptolemy.actor.util.CausalityInterfaceForComposites._computeOutputPortDepth(CausalityInterfaceForComposites.java:765)
	at ptolemy.actor.util.CausalityInterfaceForComposites._computeInputDepth(CausalityInterfaceForComposites.java:696)
	at ptolemy.actor.util.CausalityInterfaceForComposites._computeOutputPortDepth(CausalityInterfaceForComposites.java:765)
	at ptolemy.actor.util.CausalityInterfaceForComposites._computeInputDepth(CausalityInterfaceForComposites.java:696)
	at ptolemy.actor.util.CausalityInterfaceForComposites._computeActorDepth(CausalityInterfaceForComposites.java:532)
	at ptolemy.actor.util.CausalityInterfaceForComposites.checkForCycles(CausalityInterfaceForComposites.java:96)
	at ptolemy.domains.de.kernel.DEDirector.preinitialize(DEDirector.java:1338)
	at ptolemy.actor.CompositeActor.preinitialize(CompositeActor.java:1828)
	at ptolemy.actor.Manager.preinitializeAndResolveTypes(Manager.java:1040)
	at ptolemy.actor.Manager.initialize(Manager.java:710)
	at ptolemy.actor.Manager.execute(Manager.java:356)
	at ptolemy.actor.Manager.run(Manager.java:1263)
	at ptolemy.actor.Manager$PtolemyRunThread.run(Manager.java:1933)
java.lang.reflect.InvocationTargetException
	at java.base/jdk.internal.reflect.NativeConstructorAccessorImpl.newInstance0(Native Method)
	at java.base/jdk.internal.reflect.NativeConstructorAccessorImpl.newInstance(NativeConstructorAccessorImpl.java:62)
	at java.base/jdk.internal.reflect.DelegatingConstructorAccessorImpl.newInstance(DelegatingConstructorAccessorImpl.java:45)
	at java.base/java.lang.reflect.Constructor.newInstance(Constructor.java:490)
	at ptolemy.util.test.junit.AutoKnownFailedTests.RunModel(AutoKnownFailedTests.java:105)
	at java.base/jdk.internal.reflect.NativeMethodAccessorImpl.invoke0(Native Method)
	at java.base/jdk.internal.reflect.NativeMethodAccessorImpl.invoke(NativeMethodAccessorImpl.java:62)
	at java.base/jdk.internal.reflect.DelegatingMethodAccessorImpl.invoke(DelegatingMethodAccessorImpl.java:43)
	at java.base/java.lang.reflect.Method.invoke(Method.java:566)
	at org.junit.runners.model.FrameworkMethod$1.runReflectiveCall(FrameworkMethod.java:44)
	at org.junit.internal.runners.model.ReflectiveCallable.run(ReflectiveCallable.java:15)
	at org.junit.runners.model.FrameworkMethod.invokeExplosively(FrameworkMethod.java:41)
	at junitparams.internal.InvokeParameterisedMethod.evaluate(InvokeParameterisedMethod.java:102)
	at org.junit.internal.runners.statements.FailOnTimeout$1.run(FailOnTimeout.java:28)
Caused by: ptolemy.kernel.util.IllegalActionException: Found a zero delay loop containing .HierarchicalModel.A
  in .HierarchicalModel and .HierarchicalModel.A
	at ptolemy.actor.util.CausalityInterfaceForComposites._computeOutputPortDepth(CausalityInterfaceForComposites.java:759)
	at ptolemy.actor.util.CausalityInterfaceForComposites._computeInputDepth(CausalityInterfaceForComposites.java:696)
	at ptolemy.actor.util.CausalityInterfaceForComposites._computeOutputPortDepth(CausalityInterfaceForComposites.java:765)
	at ptolemy.actor.util.CausalityInterfaceForComposites._computeInputDepth(CausalityInterfaceForComposites.java:696)
	at ptolemy.actor.util.CausalityInterfaceForComposites._computeOutputPortDepth(CausalityInterfaceForComposites.java:765)
	at ptolemy.actor.util.CausalityInterfaceForComposites._computeInputDepth(CausalityInterfaceForComposites.java:696)
	at ptolemy.actor.util.CausalityInterfaceForComposites._computeActorDepth(CausalityInterfaceForComposites.java:532)
	at ptolemy.actor.util.CausalityInterfaceForComposites.checkForCycles(CausalityInterfaceForComposites.java:96)
	at ptolemy.domains.de.kernel.DEDirector.preinitialize(DEDirector.java:1338)
	at ptolemy.actor.CompositeActor.preinitialize(CompositeActor.java:1828)
	at ptolemy.actor.Manager.preinitializeAndResolveTypes(Manager.java:1040)
	at ptolemy.actor.Manager.initialize(Manager.java:710)
	at ptolemy.actor.Manager.execute(Manager.java:356)
	at ptolemy.actor.Manager.run(Manager.java:1263)
	at ptolemy.actor.Manager$PtolemyRunThread.run(Manager.java:1933)
java.lang.RuntimeException: Execution failed
	at ptolemy.moml.MoMLSimpleApplication$UnloadThread.run(MoMLSimpleApplication.java:402)
Caused by: ptolemy.kernel.util.IllegalActionException: Found a zero delay loop containing .dependencyLoop.original
  in .dependencyLoop and .dependencyLoop.original
	at ptolemy.actor.util.CausalityInterfaceForComposites._computeOutputPortDepth(CausalityInterfaceForComposites.java:759)
	at ptolemy.actor.util.CausalityInterfaceForComposites._computeInputDepth(CausalityInterfaceForComposites.java:696)
	at ptolemy.actor.util.CausalityInterfaceForComposites._computeOutputPortDepth(CausalityInterfaceForComposites.java:765)
	at ptolemy.actor.util.CausalityInterfaceForComposites._computeInputDepth(CausalityInterfaceForComposites.java:696)
	at ptolemy.actor.util.CausalityInterfaceForComposites._computeOutputPortDepth(CausalityInterfaceForComposites.java:765)
	at ptolemy.actor.util.CausalityInterfaceForComposites._computeInputDepth(CausalityInterfaceForComposites.java:696)
	at ptolemy.actor.util.CausalityInterfaceForComposites._computeActorDepth(CausalityInterfaceForComposites.java:532)
	at ptolemy.actor.util.CausalityInterfaceForComposites.checkForCycles(CausalityInterfaceForComposites.java:96)
	at ptolemy.domains.de.kernel.DEDirector.preinitialize(DEDirector.java:1338)
	at ptolemy.actor.CompositeActor.preinitialize(CompositeActor.java:1828)
	at ptolemy.actor.Manager.preinitializeAndResolveTypes(Manager.java:1040)
	at ptolemy.actor.Manager.initialize(Manager.java:710)
	at ptolemy.actor.Manager.execute(Manager.java:356)
	at ptolemy.actor.Manager.run(Manager.java:1263)
	at ptolemy.actor.Manager$PtolemyRunThread.run(Manager.java:1933)
java.lang.reflect.InvocationTargetException
	at java.base/jdk.internal.reflect.NativeConstructorAccessorImpl.newInstance0(Native Method)
	at java.base/jdk.internal.reflect.NativeConstructorAccessorImpl.newInstance(NativeConstructorAccessorImpl.java:62)
	at java.base/jdk.internal.reflect.DelegatingConstructorAccessorImpl.newInstance(DelegatingConstructorAccessorImpl.java:45)
	at java.base/java.lang.reflect.Constructor.newInstance(Constructor.java:490)
	at ptolemy.util.test.junit.AutoKnownFailedTests.RunModel(AutoKnownFailedTests.java:105)
	at java.base/jdk.internal.reflect.NativeMethodAccessorImpl.invoke0(Native Method)
	at java.base/jdk.internal.reflect.NativeMethodAccessorImpl.invoke(NativeMethodAccessorImpl.java:62)
	at java.base/jdk.internal.reflect.DelegatingMethodAccessorImpl.invoke(DelegatingMethodAccessorImpl.java:43)
	at java.base/java.lang.reflect.Method.invoke(Method.java:566)
	at org.junit.runners.model.FrameworkMethod$1.runReflectiveCall(FrameworkMethod.java:44)
	at org.junit.internal.runners.model.ReflectiveCallable.run(ReflectiveCallable.java:15)
	at org.junit.runners.model.FrameworkMethod.invokeExplosively(FrameworkMethod.java:41)
	at junitparams.internal.InvokeParameterisedMethod.evaluate(InvokeParameterisedMethod.java:102)
	at org.junit.internal.runners.statements.FailOnTimeout$1.run(FailOnTimeout.java:28)
Caused by: ptolemy.kernel.util.IllegalActionException: Found a zero delay loop containing .dependencyLoop.original
  in .dependencyLoop and .dependencyLoop.original
	at ptolemy.actor.util.CausalityInterfaceForComposites._computeOutputPortDepth(CausalityInterfaceForComposites.java:759)
	at ptolemy.actor.util.CausalityInterfaceForComposites._computeInputDepth(CausalityInterfaceForComposites.java:696)
	at ptolemy.actor.util.CausalityInterfaceForComposites._computeOutputPortDepth(CausalityInterfaceForComposites.java:765)
	at ptolemy.actor.util.CausalityInterfaceForComposites._computeInputDepth(CausalityInterfaceForComposites.java:696)
	at ptolemy.actor.util.CausalityInterfaceForComposites._computeOutputPortDepth(CausalityInterfaceForComposites.java:765)
	at ptolemy.actor.util.CausalityInterfaceForComposites._computeInputDepth(CausalityInterfaceForComposites.java:696)
	at ptolemy.actor.util.CausalityInterfaceForComposites._computeActorDepth(CausalityInterfaceForComposites.java:532)
	at ptolemy.actor.util.CausalityInterfaceForComposites.checkForCycles(CausalityInterfaceForComposites.java:96)
	at ptolemy.domains.de.kernel.DEDirector.preinitialize(DEDirector.java:1338)
	at ptolemy.actor.CompositeActor.preinitialize(CompositeActor.java:1828)
	at ptolemy.actor.Manager.preinitializeAndResolveTypes(Manager.java:1040)
	at ptolemy.actor.Manager.initialize(Manager.java:710)
	at ptolemy.actor.Manager.execute(Manager.java:356)
	at ptolemy.actor.Manager.run(Manager.java:1263)
	at ptolemy.actor.Manager$PtolemyRunThread.run(Manager.java:1933)
java.lang.RuntimeException: Execution failed
	at ptolemy.moml.MoMLSimpleApplication$UnloadThread.run(MoMLSimpleApplication.java:402)
Caused by: ptolemy.kernel.util.IllegalActionException: Found a zero delay loop containing .dependencyLoop2.original
  in .dependencyLoop2 and .dependencyLoop2.original
	at ptolemy.actor.util.CausalityInterfaceForComposites._computeOutputPortDepth(CausalityInterfaceForComposites.java:759)
	at ptolemy.actor.util.CausalityInterfaceForComposites._computeInputDepth(CausalityInterfaceForComposites.java:696)
	at ptolemy.actor.util.CausalityInterfaceForComposites._computeOutputPortDepth(CausalityInterfaceForComposites.java:765)
	at ptolemy.actor.util.CausalityInterfaceForComposites._computeInputDepth(CausalityInterfaceForComposites.java:696)
	at ptolemy.actor.util.CausalityInterfaceForComposites._computeOutputPortDepth(CausalityInterfaceForComposites.java:765)
	at ptolemy.actor.util.CausalityInterfaceForComposites._computeInputDepth(CausalityInterfaceForComposites.java:696)
	at ptolemy.actor.util.CausalityInterfaceForComposites._computeActorDepth(CausalityInterfaceForComposites.java:532)
	at ptolemy.actor.util.CausalityInterfaceForComposites.checkForCycles(CausalityInterfaceForComposites.java:96)
	at ptolemy.domains.de.kernel.DEDirector.preinitialize(DEDirector.java:1338)
	at ptolemy.actor.CompositeActor.preinitialize(CompositeActor.java:1828)
	at ptolemy.actor.Manager.preinitializeAndResolveTypes(Manager.java:1040)
	at ptolemy.actor.Manager.initialize(Manager.java:710)
	at ptolemy.actor.Manager.execute(Manager.java:356)
	at ptolemy.actor.Manager.run(Manager.java:1263)
	at ptolemy.actor.Manager$PtolemyRunThread.run(Manager.java:1933)
java.lang.reflect.InvocationTargetException
	at java.base/jdk.internal.reflect.NativeConstructorAccessorImpl.newInstance0(Native Method)
	at java.base/jdk.internal.reflect.NativeConstructorAccessorImpl.newInstance(NativeConstructorAccessorImpl.java:62)
	at java.base/jdk.internal.reflect.DelegatingConstructorAccessorImpl.newInstance(DelegatingConstructorAccessorImpl.java:45)
	at java.base/java.lang.reflect.Constructor.newInstance(Constructor.java:490)
	at ptolemy.util.test.junit.AutoKnownFailedTests.RunModel(AutoKnownFailedTests.java:105)
	at java.base/jdk.internal.reflect.NativeMethodAccessorImpl.invoke0(Native Method)
	at java.base/jdk.internal.reflect.NativeMethodAccessorImpl.invoke(NativeMethodAccessorImpl.java:62)
	at java.base/jdk.internal.reflect.DelegatingMethodAccessorImpl.invoke(DelegatingMethodAccessorImpl.java:43)
	at java.base/java.lang.reflect.Method.invoke(Method.java:566)
	at org.junit.runners.model.FrameworkMethod$1.runReflectiveCall(FrameworkMethod.java:44)
	at org.junit.internal.runners.model.ReflectiveCallable.run(ReflectiveCallable.java:15)
	at org.junit.runners.model.FrameworkMethod.invokeExplosively(FrameworkMethod.java:41)
	at junitparams.internal.InvokeParameterisedMethod.evaluate(InvokeParameterisedMethod.java:102)
	at org.junit.internal.runners.statements.FailOnTimeout$1.run(FailOnTimeout.java:28)
Caused by: ptolemy.kernel.util.IllegalActionException: Found a zero delay loop containing .dependencyLoop2.original
  in .dependencyLoop2 and .dependencyLoop2.original
	at ptolemy.actor.util.CausalityInterfaceForComposites._computeOutputPortDepth(CausalityInterfaceForComposites.java:759)
	at ptolemy.actor.util.CausalityInterfaceForComposites._computeInputDepth(CausalityInterfaceForComposites.java:696)
	at ptolemy.actor.util.CausalityInterfaceForComposites._computeOutputPortDepth(CausalityInterfaceForComposites.java:765)
	at ptolemy.actor.util.CausalityInterfaceForComposites._computeInputDepth(CausalityInterfaceForComposites.java:696)
	at ptolemy.actor.util.CausalityInterfaceForComposites._computeOutputPortDepth(CausalityInterfaceForComposites.java:765)
	at ptolemy.actor.util.CausalityInterfaceForComposites._computeInputDepth(CausalityInterfaceForComposites.java:696)
	at ptolemy.actor.util.CausalityInterfaceForComposites._computeActorDepth(CausalityInterfaceForComposites.java:532)
	at ptolemy.actor.util.CausalityInterfaceForComposites.checkForCycles(CausalityInterfaceForComposites.java:96)
	at ptolemy.domains.de.kernel.DEDirector.preinitialize(DEDirector.java:1338)
	at ptolemy.actor.CompositeActor.preinitialize(CompositeActor.java:1828)
	at ptolemy.actor.Manager.preinitializeAndResolveTypes(Manager.java:1040)
	at ptolemy.actor.Manager.initialize(Manager.java:710)
	at ptolemy.actor.Manager.execute(Manager.java:356)
	at ptolemy.actor.Manager.run(Manager.java:1263)
	at ptolemy.actor.Manager$PtolemyRunThread.run(Manager.java:1933)
]]></system-err>
</testsuite>
