<?xml version="1.0" encoding="UTF-8" ?>
<testsuite errors="0" failures="0" hostname="travis-job-33fd6bdd-8239-4f1c-bb16-92f640e4ad68" name="ptolemy.domains.sdf.lib.test.junit.JUnitTclTest" skipped="0" tests="82" time="9.354" timestamp="2019-03-14T17:18:44">
  <properties>
[...]
</properties>
  <testcase classname="ptolemy.util.test.junit.TclTests" name="[0] /home/travis/build/icyphy/ptII/ptolemy/domains/sdf/lib/test/ArrayToSequence.tcl (RunTclFile)" time="0.541" />
  <testcase classname="ptolemy.util.test.junit.TclTests" name="[1] /home/travis/build/icyphy/ptII/ptolemy/domains/sdf/lib/test/BitsToInt.tcl (RunTclFile)" time="0.058" />
  <testcase classname="ptolemy.util.test.junit.TclTests" name="[2] /home/travis/build/icyphy/ptII/ptolemy/domains/sdf/lib/test/DelayLine.tcl (RunTclFile)" time="0.032" />
  <testcase classname="ptolemy.util.test.junit.TclTests" name="[3] /home/travis/build/icyphy/ptII/ptolemy/domains/sdf/lib/test/FFT.tcl (RunTclFile)" time="0.032" />
  <testcase classname="ptolemy.util.test.junit.TclTests" name="[4] /home/travis/build/icyphy/ptII/ptolemy/domains/sdf/lib/test/FIR.tcl (RunTclFile)" time="0.099" />
  <testcase classname="ptolemy.util.test.junit.TclTests" name="[5] /home/travis/build/icyphy/ptII/ptolemy/domains/sdf/lib/test/IntToBits.tcl (RunTclFile)" time="0.03" />
  <testcase classname="ptolemy.util.test.junit.TclTests" name="[6] /home/travis/build/icyphy/ptII/ptolemy/domains/sdf/lib/test/MaximumEntropySpectrum.tcl (RunTclFile)" time="0.214" />
  <testcase classname="ptolemy.util.test.junit.TclTests" name="[7] /home/travis/build/icyphy/ptII/ptolemy/domains/sdf/lib/test/Repeat.tcl (RunTclFile)" time="0.043" />
  <testcase classname="ptolemy.util.test.junit.TclTests" name="[8] /home/travis/build/icyphy/ptII/ptolemy/domains/sdf/lib/test/SampleDelay.tcl (RunTclFile)" time="0.057" />
  <testcase classname="ptolemy.util.test.junit.TclTests" name="[9] /home/travis/build/icyphy/ptII/ptolemy/domains/sdf/lib/test/SequenceToArray.tcl (RunTclFile)" time="0.037" />
  <testcase classname="ptolemy.util.test.junit.AutoKnownFailedTests" name="[0] ThereAreNoKnowFailedTests (RunModel)" time="0.0" />
  <testcase classname="ptolemy.util.test.junit.AutoNameArchTests" name="[0] ThereAreNoAutoArchTests (RunModel)" time="0.0" />
  <testcase classname="ptolemy.util.test.junit.AutoTests" name="[0] /home/travis/build/icyphy/ptII/ptolemy/domains/sdf/lib/test/auto/ArrayToSequence.xml (RunModel)" time="0.161" />
  <testcase classname="ptolemy.util.test.junit.AutoTests" name="[1] /home/travis/build/icyphy/ptII/ptolemy/domains/sdf/lib/test/auto/ArrayToSequenceTest.xml (RunModel)" time="0.065" />
  <testcase classname="ptolemy.util.test.junit.AutoTests" name="[2] /home/travis/build/icyphy/ptII/ptolemy/domains/sdf/lib/test/auto/Autocorrelation.xml (RunModel)" time="0.045" />
  <testcase classname="ptolemy.util.test.junit.AutoTests" name="[3] /home/travis/build/icyphy/ptII/ptolemy/domains/sdf/lib/test/auto/Autocorrelation2.xml (RunModel)" time="0.021" />
  <testcase classname="ptolemy.util.test.junit.AutoTests" name="[4] /home/travis/build/icyphy/ptII/ptolemy/domains/sdf/lib/test/auto/Autocorrelation3.xml (RunModel)" time="0.018" />
  <testcase classname="ptolemy.util.test.junit.AutoTests" name="[5] /home/travis/build/icyphy/ptII/ptolemy/domains/sdf/lib/test/auto/Autocorrelation4.xml (RunModel)" time="0.044" />
  <testcase classname="ptolemy.util.test.junit.AutoTests" name="[6] /home/travis/build/icyphy/ptII/ptolemy/domains/sdf/lib/test/auto/Autocorrelation5.xml (RunModel)" time="0.086" />
  <testcase classname="ptolemy.util.test.junit.AutoTests" name="[7] /home/travis/build/icyphy/ptII/ptolemy/domains/sdf/lib/test/auto/BitsToInt.xml (RunModel)" time="0.015" />
  <testcase classname="ptolemy.util.test.junit.AutoTests" name="[8] /home/travis/build/icyphy/ptII/ptolemy/domains/sdf/lib/test/auto/BooleanJoin.xml (RunModel)" time="0.058" />
  <testcase classname="ptolemy.util.test.junit.AutoTests" name="[9] /home/travis/build/icyphy/ptII/ptolemy/domains/sdf/lib/test/auto/BootstrapSampleDelay.xml (RunModel)" time="0.029" />
  <testcase classname="ptolemy.util.test.junit.AutoTests" name="[10] /home/travis/build/icyphy/ptII/ptolemy/domains/sdf/lib/test/auto/Chop.xml (RunModel)" time="0.057" />
  <testcase classname="ptolemy.util.test.junit.AutoTests" name="[11] /home/travis/build/icyphy/ptII/ptolemy/domains/sdf/lib/test/auto/Chop2.xml (RunModel)" time="0.066" />
  <testcase classname="ptolemy.util.test.junit.AutoTests" name="[12] /home/travis/build/icyphy/ptII/ptolemy/domains/sdf/lib/test/auto/ComplexJoin.xml (RunModel)" time="0.042" />
  <testcase classname="ptolemy.util.test.junit.AutoTests" name="[13] /home/travis/build/icyphy/ptII/ptolemy/domains/sdf/lib/test/auto/CountTrues.xml (RunModel)" time="0.036" />
  <testcase classname="ptolemy.util.test.junit.AutoTests" name="[14] /home/travis/build/icyphy/ptII/ptolemy/domains/sdf/lib/test/auto/DelayLine.xml (RunModel)" time="0.041" />
  <testcase classname="ptolemy.util.test.junit.AutoTests" name="[15] /home/travis/build/icyphy/ptII/ptolemy/domains/sdf/lib/test/auto/DotProduct.xml (RunModel)" time="0.018" />
  <testcase classname="ptolemy.util.test.junit.AutoTests" name="[16] /home/travis/build/icyphy/ptII/ptolemy/domains/sdf/lib/test/auto/DotProductMatrix.xml (RunModel)" time="0.021" />
  <testcase classname="ptolemy.util.test.junit.AutoTests" name="[17] /home/travis/build/icyphy/ptII/ptolemy/domains/sdf/lib/test/auto/DownSample1.xml (RunModel)" time="0.018" />
  <testcase classname="ptolemy.util.test.junit.AutoTests" name="[18] /home/travis/build/icyphy/ptII/ptolemy/domains/sdf/lib/test/auto/DynamicRateChange.xml (RunModel)" time="0.06" />
  <testcase classname="ptolemy.util.test.junit.AutoTests" name="[19] /home/travis/build/icyphy/ptII/ptolemy/domains/sdf/lib/test/auto/DynamicRates.xml (RunModel)" time="0.05" />
  <testcase classname="ptolemy.util.test.junit.AutoTests" name="[20] /home/travis/build/icyphy/ptII/ptolemy/domains/sdf/lib/test/auto/FFT1.xml (RunModel)" time="0.033" />
  <testcase classname="ptolemy.util.test.junit.AutoTests" name="[21] /home/travis/build/icyphy/ptII/ptolemy/domains/sdf/lib/test/auto/FIR1.xml (RunModel)" time="0.055" />
  <testcase classname="ptolemy.util.test.junit.AutoTests" name="[22] /home/travis/build/icyphy/ptII/ptolemy/domains/sdf/lib/test/auto/FIR2.xml (RunModel)" time="0.019" />
  <testcase classname="ptolemy.util.test.junit.AutoTests" name="[23] /home/travis/build/icyphy/ptII/ptolemy/domains/sdf/lib/test/auto/FIR4.xml (RunModel)" time="0.044" />
  <testcase classname="ptolemy.util.test.junit.AutoTests" name="[24] /home/travis/build/icyphy/ptII/ptolemy/domains/sdf/lib/test/auto/FixJoin.xml (RunModel)" time="0.047" />
  <testcase classname="ptolemy.util.test.junit.AutoTests" name="[25] /home/travis/build/icyphy/ptII/ptolemy/domains/sdf/lib/test/auto/IntJoin1.xml (RunModel)" time="0.026" />
  <testcase classname="ptolemy.util.test.junit.AutoTests" name="[26] /home/travis/build/icyphy/ptII/ptolemy/domains/sdf/lib/test/auto/IntJoin2.xml (RunModel)" time="0.026" />
  <testcase classname="ptolemy.util.test.junit.AutoTests" name="[27] /home/travis/build/icyphy/ptII/ptolemy/domains/sdf/lib/test/auto/IntJoin3.xml (RunModel)" time="0.024" />
  <testcase classname="ptolemy.util.test.junit.AutoTests" name="[28] /home/travis/build/icyphy/ptII/ptolemy/domains/sdf/lib/test/auto/IntJoin4.xml (RunModel)" time="0.026" />
  <testcase classname="ptolemy.util.test.junit.AutoTests" name="[29] /home/travis/build/icyphy/ptII/ptolemy/domains/sdf/lib/test/auto/IntJoin5.xml (RunModel)" time="0.027" />
  <testcase classname="ptolemy.util.test.junit.AutoTests" name="[30] /home/travis/build/icyphy/ptII/ptolemy/domains/sdf/lib/test/auto/IntToBits.xml (RunModel)" time="0.021" />
  <testcase classname="ptolemy.util.test.junit.AutoTests" name="[31] /home/travis/build/icyphy/ptII/ptolemy/domains/sdf/lib/test/auto/LMSAdaptive.xml (RunModel)" time="0.059" />
  <testcase classname="ptolemy.util.test.junit.AutoTests" name="[32] /home/travis/build/icyphy/ptII/ptolemy/domains/sdf/lib/test/auto/LMSAdaptiveFIR.xml (RunModel)" time="0.394" />
  <testcase classname="ptolemy.util.test.junit.AutoTests" name="[33] /home/travis/build/icyphy/ptII/ptolemy/domains/sdf/lib/test/auto/LMSAdaptiveFIR2.xml (RunModel)" time="0.465" />
  <testcase classname="ptolemy.util.test.junit.AutoTests" name="[34] /home/travis/build/icyphy/ptII/ptolemy/domains/sdf/lib/test/auto/LongJoin.xml (RunModel)" time="0.038" />
  <testcase classname="ptolemy.util.test.junit.AutoTests" name="[35] /home/travis/build/icyphy/ptII/ptolemy/domains/sdf/lib/test/auto/Matrix1.xml (RunModel)" time="0.025" />
  <testcase classname="ptolemy.util.test.junit.AutoTests" name="[36] /home/travis/build/icyphy/ptII/ptolemy/domains/sdf/lib/test/auto/Matrix2.xml (RunModel)" time="0.033" />
  <testcase classname="ptolemy.util.test.junit.AutoTests" name="[37] /home/travis/build/icyphy/ptII/ptolemy/domains/sdf/lib/test/auto/MatrixJoin1.xml (RunModel)" time="0.042" />
  <testcase classname="ptolemy.util.test.junit.AutoTests" name="[38] /home/travis/build/icyphy/ptII/ptolemy/domains/sdf/lib/test/auto/MatrixJoin2.xml (RunModel)" time="0.027" />
  <testcase classname="ptolemy.util.test.junit.AutoTests" name="[39] /home/travis/build/icyphy/ptII/ptolemy/domains/sdf/lib/test/auto/MatrixJoin3.xml (RunModel)" time="0.027" />
  <testcase classname="ptolemy.util.test.junit.AutoTests" name="[40] /home/travis/build/icyphy/ptII/ptolemy/domains/sdf/lib/test/auto/MatrixJoin4.xml (RunModel)" time="0.04" />
  <testcase classname="ptolemy.util.test.junit.AutoTests" name="[41] /home/travis/build/icyphy/ptII/ptolemy/domains/sdf/lib/test/auto/MatrixJoin5.xml (RunModel)" time="0.022" />
  <testcase classname="ptolemy.util.test.junit.AutoTests" name="[42] /home/travis/build/icyphy/ptII/ptolemy/domains/sdf/lib/test/auto/MatrixSplit1.xml (RunModel)" time="0.026" />
  <testcase classname="ptolemy.util.test.junit.AutoTests" name="[43] /home/travis/build/icyphy/ptII/ptolemy/domains/sdf/lib/test/auto/MatrixSplit10.xml (RunModel)" time="0.016" />
  <testcase classname="ptolemy.util.test.junit.AutoTests" name="[44] /home/travis/build/icyphy/ptII/ptolemy/domains/sdf/lib/test/auto/MatrixSplit11.xml (RunModel)" time="0.022" />
  <testcase classname="ptolemy.util.test.junit.AutoTests" name="[45] /home/travis/build/icyphy/ptII/ptolemy/domains/sdf/lib/test/auto/MatrixSplit12.xml (RunModel)" time="0.031" />
  <testcase classname="ptolemy.util.test.junit.AutoTests" name="[46] /home/travis/build/icyphy/ptII/ptolemy/domains/sdf/lib/test/auto/MatrixSplit13.xml (RunModel)" time="0.032" />
  <testcase classname="ptolemy.util.test.junit.AutoTests" name="[47] /home/travis/build/icyphy/ptII/ptolemy/domains/sdf/lib/test/auto/MatrixSplit14.xml (RunModel)" time="0.02" />
  <testcase classname="ptolemy.util.test.junit.AutoTests" name="[48] /home/travis/build/icyphy/ptII/ptolemy/domains/sdf/lib/test/auto/MatrixSplit2.xml (RunModel)" time="0.027" />
  <testcase classname="ptolemy.util.test.junit.AutoTests" name="[49] /home/travis/build/icyphy/ptII/ptolemy/domains/sdf/lib/test/auto/MatrixSplit3.xml (RunModel)" time="0.028" />
  <testcase classname="ptolemy.util.test.junit.AutoTests" name="[50] /home/travis/build/icyphy/ptII/ptolemy/domains/sdf/lib/test/auto/MatrixSplit4.xml (RunModel)" time="0.023" />
  <testcase classname="ptolemy.util.test.junit.AutoTests" name="[51] /home/travis/build/icyphy/ptII/ptolemy/domains/sdf/lib/test/auto/MatrixSplit5.xml (RunModel)" time="0.019" />
  <testcase classname="ptolemy.util.test.junit.AutoTests" name="[52] /home/travis/build/icyphy/ptII/ptolemy/domains/sdf/lib/test/auto/MatrixSplit6.xml (RunModel)" time="0.022" />
  <testcase classname="ptolemy.util.test.junit.AutoTests" name="[53] /home/travis/build/icyphy/ptII/ptolemy/domains/sdf/lib/test/auto/MatrixSplit7.xml (RunModel)" time="0.026" />
  <testcase classname="ptolemy.util.test.junit.AutoTests" name="[54] /home/travis/build/icyphy/ptII/ptolemy/domains/sdf/lib/test/auto/MatrixSplit8.xml (RunModel)" time="0.022" />
  <testcase classname="ptolemy.util.test.junit.AutoTests" name="[55] /home/travis/build/icyphy/ptII/ptolemy/domains/sdf/lib/test/auto/MatrixSplit9.xml (RunModel)" time="0.034" />
  <testcase classname="ptolemy.util.test.junit.AutoTests" name="[56] /home/travis/build/icyphy/ptII/ptolemy/domains/sdf/lib/test/auto/MatrixToSequence.xml (RunModel)" time="0.07" />
  <testcase classname="ptolemy.util.test.junit.AutoTests" name="[57] /home/travis/build/icyphy/ptII/ptolemy/domains/sdf/lib/test/auto/MaximumEntropySpectrum.xml (RunModel)" time="0.116" />
  <testcase classname="ptolemy.util.test.junit.AutoTests" name="[58] /home/travis/build/icyphy/ptII/ptolemy/domains/sdf/lib/test/auto/SampleDelayConversion.xml (RunModel)" time="0.024" />
  <testcase classname="ptolemy.util.test.junit.AutoTests" name="[59] /home/travis/build/icyphy/ptII/ptolemy/domains/sdf/lib/test/auto/SequenceToArray.xml (RunModel)" time="0.057" />
  <testcase classname="ptolemy.util.test.junit.AutoTests" name="[60] /home/travis/build/icyphy/ptII/ptolemy/domains/sdf/lib/test/auto/SequenceToMatrix.xml (RunModel)" time="4.352" />
  <testcase classname="ptolemy.util.test.junit.AutoTests" name="[61] /home/travis/build/icyphy/ptII/ptolemy/domains/sdf/lib/test/auto/SmoothedPeriodogram.xml (RunModel)" time="0.045" />
  <testcase classname="ptolemy.util.test.junit.AutoTests" name="[62] /home/travis/build/icyphy/ptII/ptolemy/domains/sdf/lib/test/auto/UpDownSample1.xml (RunModel)" time="0.026" />
  <testcase classname="ptolemy.util.test.junit.AutoTests" name="[63] /home/travis/build/icyphy/ptII/ptolemy/domains/sdf/lib/test/auto/UpSample1.xml (RunModel)" time="0.018" />
  <testcase classname="ptolemy.util.test.junit.AutoTests" name="[64] /home/travis/build/icyphy/ptII/ptolemy/domains/sdf/lib/test/auto/VariableFIR.xml (RunModel)" time="0.036" />
  <testcase classname="ptolemy.util.test.junit.AutoTests" name="[65] /home/travis/build/icyphy/ptII/ptolemy/domains/sdf/lib/test/auto/VariableFIR2.xml (RunModel)" time="0.028" />
  <testcase classname="ptolemy.util.test.junit.AutoTests" name="[66] /home/travis/build/icyphy/ptII/ptolemy/domains/sdf/lib/test/auto/VariableLattice.xml (RunModel)" time="0.036" />
  <testcase classname="ptolemy.util.test.junit.AutoTests" name="[67] /home/travis/build/icyphy/ptII/ptolemy/domains/sdf/lib/test/auto/VariableLattice2.xml (RunModel)" time="0.023" />
  <testcase classname="ptolemy.util.test.junit.AutoTests" name="[68] /home/travis/build/icyphy/ptII/ptolemy/domains/sdf/lib/test/auto/VariableRecursiveLattice.xml (RunModel)" time="0.02" />
  <testcase classname="ptolemy.util.test.junit.AutoTests" name="[69] /home/travis/build/icyphy/ptII/ptolemy/domains/sdf/lib/test/auto/VariableRecursiveLattice2.xml (RunModel)" time="0.019" />
  <system-out><![CDATA[/home/travis/build/icyphy/ptII/ptolemy/domains/sdf/lib/test/ArrayToSequence.tcl
testDefs.tcl: setting time out to 9000 seconds at Thu Mar 14 17:18:45 UTC 2019
51 ms. Memory: 116224K Free: 87124K (75%)
16 ms. Memory: 116224K Free: 85896K (74%)
16 ms. Memory: 116224K Free: 109548K (94%)
10 ms. Memory: 116224K Free: 108346K (93%)
/home/travis/build/icyphy/ptII/ptolemy/domains/sdf/lib/test/BitsToInt.tcl
14 ms. Memory: 116224K Free: 106539K (92%)
11 ms. Memory: 116224K Free: 104757K (90%)
/home/travis/build/icyphy/ptII/ptolemy/domains/sdf/lib/test/DelayLine.tcl
7 ms. Memory: 116224K Free: 102966K (89%)
/home/travis/build/icyphy/ptII/ptolemy/domains/sdf/lib/test/FFT.tcl
9 ms. Memory: 116224K Free: 101198K (87%)
/home/travis/build/icyphy/ptII/ptolemy/domains/sdf/lib/test/FIR.tcl
9 ms. Memory: 116224K Free: 99385K (86%)
4 ms. Memory: 116224K Free: 98167K (84%)
ptolemy.kernel.util.IllegalActionException: multiplyReverse method not supported between ptolemy.data.FixToken 'fix(-0.0625,6,2)' and ptolemy.data.IntToken '1' because the types are incomparable.
  in .top.FIRclone
Because:
multiplyReverse method not supported between ptolemy.data.FixToken 'fix(-0.0625,6,2)' and ptolemy.data.IntToken '1' because the types are incomparable.
26 ms. Memory: 116224K Free: 95779K (82%)
/home/travis/build/icyphy/ptII/ptolemy/domains/sdf/lib/test/IntToBits.tcl
6 ms. Memory: 116224K Free: 93988K (81%)
5 ms. Memory: 116224K Free: 92786K (80%)
/home/travis/build/icyphy/ptII/ptolemy/domains/sdf/lib/test/MaximumEntropySpectrum.tcl
/home/travis/build/icyphy/ptII/ptolemy/domains/sdf/lib/test/Repeat.tcl
11 ms. Memory: 146944K Free: 123249K (84%)
/home/travis/build/icyphy/ptII/ptolemy/domains/sdf/lib/test/SampleDelay.tcl
6 ms. Memory: 146944K Free: 120848K (82%)
4 ms. Memory: 146944K Free: 120848K (82%)
4 ms. Memory: 146944K Free: 119658K (81%)
3 ms. Memory: 146944K Free: 118452K (81%)
3 ms. Memory: 146944K Free: 118452K (81%)
1 ms. Memory: 146944K Free: 117245K (80%)
/home/travis/build/icyphy/ptII/ptolemy/domains/sdf/lib/test/SequenceToArray.tcl
6 ms. Memory: 146944K Free: 116039K (79%)
5 ms. Memory: 146944K Free: 114849K (78%)
5 ms. Memory: 146944K Free: 113643K (77%)
5 ms. Memory: 146944K Free: 112437K (77%)
03/14/19 05:18:46
Failed: 0  Total Tests: 41  ((Passed: 41, Newly Passed: 0)  Known Failed: 0) /home/travis/build/icyphy/ptII/ptolemy/domains/sdf/lib/test
No auto/knownFailedTests/*.xml tests in /home/travis/build/icyphy/ptII/ptolemy/domains/sdf/lib/test
No auto/linux-amd64/*.xml tests in /home/travis/build/icyphy/ptII/ptolemy/domains/sdf/lib/test
AutoTests.java: About to close Vertx.
AutoTests.java: Vertx closed.

===========================================================================================
----------------- testing Thu Mar 14 17:18:46 UTC 2019 /home/travis/build/icyphy/ptII/ptolemy/domains/sdf/lib/test/auto/ArrayToSequence.xml
----------------- Instantiating /home/travis/build/icyphy/ptII/ptolemy/domains/sdf/lib/test/auto/ArrayToSequence.xml
32 ms. Memory: 146944K Free: 132434K (90%)
----------------- Invoking toplevel() on ptolemy.moml.MoMLSimpleApplication@3c9c9583
----------------- Done invoking toplevel() on ptolemy.moml.MoMLSimpleApplication@3c9c9583
reloadAllAccessors: .ArrayToSequence

===========================================================================================
----------------- testing Thu Mar 14 17:18:46 UTC 2019 /home/travis/build/icyphy/ptII/ptolemy/domains/sdf/lib/test/auto/ArrayToSequenceTest.xml
----------------- Instantiating /home/travis/build/icyphy/ptII/ptolemy/domains/sdf/lib/test/auto/ArrayToSequenceTest.xml
16 ms. Memory: 146944K Free: 125046K (85%)
----------------- Invoking toplevel() on ptolemy.moml.MoMLSimpleApplication@52f9eef2
----------------- Done invoking toplevel() on ptolemy.moml.MoMLSimpleApplication@52f9eef2
reloadAllAccessors: .ArrayToSequenceTest

===========================================================================================
----------------- testing Thu Mar 14 17:18:46 UTC 2019 /home/travis/build/icyphy/ptII/ptolemy/domains/sdf/lib/test/auto/Autocorrelation.xml
----------------- Instantiating /home/travis/build/icyphy/ptII/ptolemy/domains/sdf/lib/test/auto/Autocorrelation.xml
4 ms. Memory: 146944K Free: 120428K (82%)
----------------- Invoking toplevel() on ptolemy.moml.MoMLSimpleApplication@50404e06
----------------- Done invoking toplevel() on ptolemy.moml.MoMLSimpleApplication@50404e06
reloadAllAccessors: .Autocorrelation

===========================================================================================
----------------- testing Thu Mar 14 17:18:46 UTC 2019 /home/travis/build/icyphy/ptII/ptolemy/domains/sdf/lib/test/auto/Autocorrelation2.xml
----------------- Instantiating /home/travis/build/icyphy/ptII/ptolemy/domains/sdf/lib/test/auto/Autocorrelation2.xml
4 ms. Memory: 146944K Free: 115857K (79%)
----------------- Invoking toplevel() on ptolemy.moml.MoMLSimpleApplication@656d5f61
----------------- Done invoking toplevel() on ptolemy.moml.MoMLSimpleApplication@656d5f61
reloadAllAccessors: .Autocorrelation2

===========================================================================================
----------------- testing Thu Mar 14 17:18:46 UTC 2019 /home/travis/build/icyphy/ptII/ptolemy/domains/sdf/lib/test/auto/Autocorrelation3.xml
----------------- Instantiating /home/travis/build/icyphy/ptII/ptolemy/domains/sdf/lib/test/auto/Autocorrelation3.xml
3 ms. Memory: 146944K Free: 110965K (76%)
----------------- Invoking toplevel() on ptolemy.moml.MoMLSimpleApplication@6c90d829
----------------- Done invoking toplevel() on ptolemy.moml.MoMLSimpleApplication@6c90d829
reloadAllAccessors: .Autocorrelation3

===========================================================================================
----------------- testing Thu Mar 14 17:18:46 UTC 2019 /home/travis/build/icyphy/ptII/ptolemy/domains/sdf/lib/test/auto/Autocorrelation4.xml
----------------- Instantiating /home/travis/build/icyphy/ptII/ptolemy/domains/sdf/lib/test/auto/Autocorrelation4.xml
9 ms. Memory: 146944K Free: 106411K (72%)
----------------- Invoking toplevel() on ptolemy.moml.MoMLSimpleApplication@18d59f7b
----------------- Done invoking toplevel() on ptolemy.moml.MoMLSimpleApplication@18d59f7b
reloadAllAccessors: .Autocorrelation4

===========================================================================================
----------------- testing Thu Mar 14 17:18:46 UTC 2019 /home/travis/build/icyphy/ptII/ptolemy/domains/sdf/lib/test/auto/Autocorrelation5.xml
----------------- Instantiating /home/travis/build/icyphy/ptII/ptolemy/domains/sdf/lib/test/auto/Autocorrelation5.xml
38 ms. Memory: 146944K Free: 98917K (67%)
----------------- Invoking toplevel() on ptolemy.moml.MoMLSimpleApplication@31da6903
----------------- Done invoking toplevel() on ptolemy.moml.MoMLSimpleApplication@31da6903
reloadAllAccessors: .Autocorrelation5

===========================================================================================
----------------- testing Thu Mar 14 17:18:46 UTC 2019 /home/travis/build/icyphy/ptII/ptolemy/domains/sdf/lib/test/auto/BitsToInt.xml
----------------- Instantiating /home/travis/build/icyphy/ptII/ptolemy/domains/sdf/lib/test/auto/BitsToInt.xml
3 ms. Memory: 146944K Free: 94452K (64%)
----------------- Invoking toplevel() on ptolemy.moml.MoMLSimpleApplication@5157c342
----------------- Done invoking toplevel() on ptolemy.moml.MoMLSimpleApplication@5157c342
reloadAllAccessors: .BitsToInt

===========================================================================================
----------------- testing Thu Mar 14 17:18:46 UTC 2019 /home/travis/build/icyphy/ptII/ptolemy/domains/sdf/lib/test/auto/BooleanJoin.xml
----------------- Instantiating /home/travis/build/icyphy/ptII/ptolemy/domains/sdf/lib/test/auto/BooleanJoin.xml
12 ms. Memory: 146944K Free: 89738K (61%)
----------------- Invoking toplevel() on ptolemy.moml.MoMLSimpleApplication@2eeaca28
----------------- Done invoking toplevel() on ptolemy.moml.MoMLSimpleApplication@2eeaca28
reloadAllAccessors: .BooleanJoin

===========================================================================================
----------------- testing Thu Mar 14 17:18:46 UTC 2019 /home/travis/build/icyphy/ptII/ptolemy/domains/sdf/lib/test/auto/BootstrapSampleDelay.xml
----------------- Instantiating /home/travis/build/icyphy/ptII/ptolemy/domains/sdf/lib/test/auto/BootstrapSampleDelay.xml
6 ms. Memory: 146944K Free: 85955K (58%)
----------------- Invoking toplevel() on ptolemy.moml.MoMLSimpleApplication@2930f8db
----------------- Done invoking toplevel() on ptolemy.moml.MoMLSimpleApplication@2930f8db
reloadAllAccessors: .BootstrapSampleDelay

===========================================================================================
----------------- testing Thu Mar 14 17:18:47 UTC 2019 /home/travis/build/icyphy/ptII/ptolemy/domains/sdf/lib/test/auto/Chop.xml
----------------- Instantiating /home/travis/build/icyphy/ptII/ptolemy/domains/sdf/lib/test/auto/Chop.xml
31 ms. Memory: 208384K Free: 199805K (96%)
----------------- Invoking toplevel() on ptolemy.moml.MoMLSimpleApplication@184f134d
----------------- Done invoking toplevel() on ptolemy.moml.MoMLSimpleApplication@184f134d
reloadAllAccessors: .Chop

===========================================================================================
----------------- testing Thu Mar 14 17:18:47 UTC 2019 /home/travis/build/icyphy/ptII/ptolemy/domains/sdf/lib/test/auto/Chop2.xml
----------------- Instantiating /home/travis/build/icyphy/ptII/ptolemy/domains/sdf/lib/test/auto/Chop2.xml
9 ms. Memory: 208384K Free: 190961K (92%)
----------------- Invoking toplevel() on ptolemy.moml.MoMLSimpleApplication@3db7a6ba
----------------- Done invoking toplevel() on ptolemy.moml.MoMLSimpleApplication@3db7a6ba
reloadAllAccessors: .Chop2

===========================================================================================
----------------- testing Thu Mar 14 17:18:47 UTC 2019 /home/travis/build/icyphy/ptII/ptolemy/domains/sdf/lib/test/auto/ComplexJoin.xml
----------------- Instantiating /home/travis/build/icyphy/ptII/ptolemy/domains/sdf/lib/test/auto/ComplexJoin.xml
5 ms. Memory: 208384K Free: 186628K (90%)
----------------- Invoking toplevel() on ptolemy.moml.MoMLSimpleApplication@c88c292
----------------- Done invoking toplevel() on ptolemy.moml.MoMLSimpleApplication@c88c292
reloadAllAccessors: .ComplexJoin

===========================================================================================
----------------- testing Thu Mar 14 17:18:47 UTC 2019 /home/travis/build/icyphy/ptII/ptolemy/domains/sdf/lib/test/auto/CountTrues.xml
----------------- Instantiating /home/travis/build/icyphy/ptII/ptolemy/domains/sdf/lib/test/auto/CountTrues.xml
7 ms. Memory: 208384K Free: 183555K (88%)
----------------- Invoking toplevel() on ptolemy.moml.MoMLSimpleApplication@646d87c5
----------------- Done invoking toplevel() on ptolemy.moml.MoMLSimpleApplication@646d87c5
reloadAllAccessors: .CountTrues

===========================================================================================
----------------- testing Thu Mar 14 17:18:47 UTC 2019 /home/travis/build/icyphy/ptII/ptolemy/domains/sdf/lib/test/auto/DelayLine.xml
----------------- Instantiating /home/travis/build/icyphy/ptII/ptolemy/domains/sdf/lib/test/auto/DelayLine.xml
6 ms. Memory: 208384K Free: 178025K (85%)
----------------- Invoking toplevel() on ptolemy.moml.MoMLSimpleApplication@60e40c10
----------------- Done invoking toplevel() on ptolemy.moml.MoMLSimpleApplication@60e40c10
reloadAllAccessors: .DelayLine

===========================================================================================
----------------- testing Thu Mar 14 17:18:47 UTC 2019 /home/travis/build/icyphy/ptII/ptolemy/domains/sdf/lib/test/auto/DotProduct.xml
----------------- Instantiating /home/travis/build/icyphy/ptII/ptolemy/domains/sdf/lib/test/auto/DotProduct.xml
2 ms. Memory: 208384K Free: 173444K (83%)
----------------- Invoking toplevel() on ptolemy.moml.MoMLSimpleApplication@4954dfb4
----------------- Done invoking toplevel() on ptolemy.moml.MoMLSimpleApplication@4954dfb4
reloadAllAccessors: .DotProduct

===========================================================================================
----------------- testing Thu Mar 14 17:18:47 UTC 2019 /home/travis/build/icyphy/ptII/ptolemy/domains/sdf/lib/test/auto/DotProductMatrix.xml
----------------- Instantiating /home/travis/build/icyphy/ptII/ptolemy/domains/sdf/lib/test/auto/DotProductMatrix.xml
2 ms. Memory: 208384K Free: 170276K (82%)
----------------- Invoking toplevel() on ptolemy.moml.MoMLSimpleApplication@74c5d9ef
----------------- Done invoking toplevel() on ptolemy.moml.MoMLSimpleApplication@74c5d9ef
reloadAllAccessors: .DotProductMatrix

===========================================================================================
----------------- testing Thu Mar 14 17:18:47 UTC 2019 /home/travis/build/icyphy/ptII/ptolemy/domains/sdf/lib/test/auto/DownSample1.xml
----------------- Instantiating /home/travis/build/icyphy/ptII/ptolemy/domains/sdf/lib/test/auto/DownSample1.xml
6 ms. Memory: 208384K Free: 166589K (80%)
----------------- Invoking toplevel() on ptolemy.moml.MoMLSimpleApplication@1fb5078a
----------------- Done invoking toplevel() on ptolemy.moml.MoMLSimpleApplication@1fb5078a
reloadAllAccessors: .DownSample1

===========================================================================================
----------------- testing Thu Mar 14 17:18:47 UTC 2019 /home/travis/build/icyphy/ptII/ptolemy/domains/sdf/lib/test/auto/DynamicRateChange.xml
----------------- Instantiating /home/travis/build/icyphy/ptII/ptolemy/domains/sdf/lib/test/auto/DynamicRateChange.xml
14 ms. Memory: 208384K Free: 160437K (77%)
----------------- Invoking toplevel() on ptolemy.moml.MoMLSimpleApplication@5083fc7d
----------------- Done invoking toplevel() on ptolemy.moml.MoMLSimpleApplication@5083fc7d
reloadAllAccessors: .DynamicRateChange

===========================================================================================
----------------- testing Thu Mar 14 17:18:47 UTC 2019 /home/travis/build/icyphy/ptII/ptolemy/domains/sdf/lib/test/auto/DynamicRates.xml
----------------- Instantiating /home/travis/build/icyphy/ptII/ptolemy/domains/sdf/lib/test/auto/DynamicRates.xml
14 ms. Memory: 208384K Free: 153973K (74%)
----------------- Invoking toplevel() on ptolemy.moml.MoMLSimpleApplication@213d519f
----------------- Done invoking toplevel() on ptolemy.moml.MoMLSimpleApplication@213d519f
reloadAllAccessors: .DynamicRates

===========================================================================================
----------------- testing Thu Mar 14 17:18:47 UTC 2019 /home/travis/build/icyphy/ptII/ptolemy/domains/sdf/lib/test/auto/FFT1.xml
----------------- Instantiating /home/travis/build/icyphy/ptII/ptolemy/domains/sdf/lib/test/auto/FFT1.xml
11 ms. Memory: 208384K Free: 149009K (72%)
----------------- Invoking toplevel() on ptolemy.moml.MoMLSimpleApplication@2a6fdb9b
----------------- Done invoking toplevel() on ptolemy.moml.MoMLSimpleApplication@2a6fdb9b
reloadAllAccessors: .FFT1

===========================================================================================
----------------- testing Thu Mar 14 17:18:47 UTC 2019 /home/travis/build/icyphy/ptII/ptolemy/domains/sdf/lib/test/auto/FIR1.xml
----------------- Instantiating /home/travis/build/icyphy/ptII/ptolemy/domains/sdf/lib/test/auto/FIR1.xml
22 ms. Memory: 208384K Free: 141475K (68%)
----------------- Invoking toplevel() on ptolemy.moml.MoMLSimpleApplication@5075b1ac
----------------- Done invoking toplevel() on ptolemy.moml.MoMLSimpleApplication@5075b1ac
reloadAllAccessors: .FIR1

===========================================================================================
----------------- testing Thu Mar 14 17:18:47 UTC 2019 /home/travis/build/icyphy/ptII/ptolemy/domains/sdf/lib/test/auto/FIR2.xml
----------------- Instantiating /home/travis/build/icyphy/ptII/ptolemy/domains/sdf/lib/test/auto/FIR2.xml
3 ms. Memory: 208384K Free: 137741K (66%)
----------------- Invoking toplevel() on ptolemy.moml.MoMLSimpleApplication@1a11e91
----------------- Done invoking toplevel() on ptolemy.moml.MoMLSimpleApplication@1a11e91
reloadAllAccessors: .FIR2

===========================================================================================
----------------- testing Thu Mar 14 17:18:47 UTC 2019 /home/travis/build/icyphy/ptII/ptolemy/domains/sdf/lib/test/auto/FIR4.xml
----------------- Instantiating /home/travis/build/icyphy/ptII/ptolemy/domains/sdf/lib/test/auto/FIR4.xml
6 ms. Memory: 208384K Free: 128260K (62%)
----------------- Invoking toplevel() on ptolemy.moml.MoMLSimpleApplication@70e77c13
----------------- Done invoking toplevel() on ptolemy.moml.MoMLSimpleApplication@70e77c13
reloadAllAccessors: .FIR4

===========================================================================================
----------------- testing Thu Mar 14 17:18:47 UTC 2019 /home/travis/build/icyphy/ptII/ptolemy/domains/sdf/lib/test/auto/FixJoin.xml
----------------- Instantiating /home/travis/build/icyphy/ptII/ptolemy/domains/sdf/lib/test/auto/FixJoin.xml
5 ms. Memory: 208384K Free: 123249K (59%)
----------------- Invoking toplevel() on ptolemy.moml.MoMLSimpleApplication@62de0832
----------------- Done invoking toplevel() on ptolemy.moml.MoMLSimpleApplication@62de0832
reloadAllAccessors: .FixJoin

===========================================================================================
----------------- testing Thu Mar 14 17:18:47 UTC 2019 /home/travis/build/icyphy/ptII/ptolemy/domains/sdf/lib/test/auto/IntJoin1.xml
----------------- Instantiating /home/travis/build/icyphy/ptII/ptolemy/domains/sdf/lib/test/auto/IntJoin1.xml
5 ms. Memory: 208384K Free: 118836K (57%)
----------------- Invoking toplevel() on ptolemy.moml.MoMLSimpleApplication@3d1ae01c
----------------- Done invoking toplevel() on ptolemy.moml.MoMLSimpleApplication@3d1ae01c
reloadAllAccessors: .IntJoin1

===========================================================================================
----------------- testing Thu Mar 14 17:18:47 UTC 2019 /home/travis/build/icyphy/ptII/ptolemy/domains/sdf/lib/test/auto/IntJoin2.xml
----------------- Instantiating /home/travis/build/icyphy/ptII/ptolemy/domains/sdf/lib/test/auto/IntJoin2.xml
6 ms. Memory: 208384K Free: 114471K (55%)
----------------- Invoking toplevel() on ptolemy.moml.MoMLSimpleApplication@5bf7b2fb
----------------- Done invoking toplevel() on ptolemy.moml.MoMLSimpleApplication@5bf7b2fb
reloadAllAccessors: .IntJoin2

===========================================================================================
----------------- testing Thu Mar 14 17:18:47 UTC 2019 /home/travis/build/icyphy/ptII/ptolemy/domains/sdf/lib/test/auto/IntJoin3.xml
----------------- Instantiating /home/travis/build/icyphy/ptII/ptolemy/domains/sdf/lib/test/auto/IntJoin3.xml
3 ms. Memory: 208384K Free: 108612K (52%)
----------------- Invoking toplevel() on ptolemy.moml.MoMLSimpleApplication@57970768
----------------- Done invoking toplevel() on ptolemy.moml.MoMLSimpleApplication@57970768
reloadAllAccessors: .IntJoin3

===========================================================================================
----------------- testing Thu Mar 14 17:18:47 UTC 2019 /home/travis/build/icyphy/ptII/ptolemy/domains/sdf/lib/test/auto/IntJoin4.xml
----------------- Instantiating /home/travis/build/icyphy/ptII/ptolemy/domains/sdf/lib/test/auto/IntJoin4.xml
5 ms. Memory: 208384K Free: 104167K (50%)
----------------- Invoking toplevel() on ptolemy.moml.MoMLSimpleApplication@709322a0
----------------- Done invoking toplevel() on ptolemy.moml.MoMLSimpleApplication@709322a0
reloadAllAccessors: .IntJoin4

===========================================================================================
----------------- testing Thu Mar 14 17:18:47 UTC 2019 /home/travis/build/icyphy/ptII/ptolemy/domains/sdf/lib/test/auto/IntJoin5.xml
----------------- Instantiating /home/travis/build/icyphy/ptII/ptolemy/domains/sdf/lib/test/auto/IntJoin5.xml
5 ms. Memory: 208384K Free: 99802K (48%)
----------------- Invoking toplevel() on ptolemy.moml.MoMLSimpleApplication@29502a9d
----------------- Done invoking toplevel() on ptolemy.moml.MoMLSimpleApplication@29502a9d
reloadAllAccessors: .IntJoin5

===========================================================================================
----------------- testing Thu Mar 14 17:18:47 UTC 2019 /home/travis/build/icyphy/ptII/ptolemy/domains/sdf/lib/test/auto/IntToBits.xml
----------------- Instantiating /home/travis/build/icyphy/ptII/ptolemy/domains/sdf/lib/test/auto/IntToBits.xml
2 ms. Memory: 208384K Free: 95221K (46%)
----------------- Invoking toplevel() on ptolemy.moml.MoMLSimpleApplication@419b2410
----------------- Done invoking toplevel() on ptolemy.moml.MoMLSimpleApplication@419b2410
reloadAllAccessors: .IntToBits

===========================================================================================
----------------- testing Thu Mar 14 17:18:47 UTC 2019 /home/travis/build/icyphy/ptII/ptolemy/domains/sdf/lib/test/auto/LMSAdaptive.xml
----------------- Instantiating /home/travis/build/icyphy/ptII/ptolemy/domains/sdf/lib/test/auto/LMSAdaptive.xml
10 ms. Memory: 208384K Free: 86539K (42%)
----------------- Invoking toplevel() on ptolemy.moml.MoMLSimpleApplication@61b1cc05
----------------- Done invoking toplevel() on ptolemy.moml.MoMLSimpleApplication@61b1cc05
reloadAllAccessors: .LMSAdaptive

===========================================================================================
----------------- testing Thu Mar 14 17:18:47 UTC 2019 /home/travis/build/icyphy/ptII/ptolemy/domains/sdf/lib/test/auto/LMSAdaptiveFIR.xml
----------------- Instantiating /home/travis/build/icyphy/ptII/ptolemy/domains/sdf/lib/test/auto/LMSAdaptiveFIR.xml
285 ms. Memory: 208384K Free: 169224K (81%)
----------------- Invoking toplevel() on ptolemy.moml.MoMLSimpleApplication@49c83e1d
----------------- Done invoking toplevel() on ptolemy.moml.MoMLSimpleApplication@49c83e1d
reloadAllAccessors: .LMSAdaptiveFIR

===========================================================================================
----------------- testing Thu Mar 14 17:18:48 UTC 2019 /home/travis/build/icyphy/ptII/ptolemy/domains/sdf/lib/test/auto/LMSAdaptiveFIR2.xml
----------------- Instantiating /home/travis/build/icyphy/ptII/ptolemy/domains/sdf/lib/test/auto/LMSAdaptiveFIR2.xml
376 ms. Memory: 208384K Free: 108428K (52%)
----------------- Invoking toplevel() on ptolemy.moml.MoMLSimpleApplication@22525814
----------------- Done invoking toplevel() on ptolemy.moml.MoMLSimpleApplication@22525814
reloadAllAccessors: .LMSAdaptiveFIR2

===========================================================================================
----------------- testing Thu Mar 14 17:18:48 UTC 2019 /home/travis/build/icyphy/ptII/ptolemy/domains/sdf/lib/test/auto/LongJoin.xml
----------------- Instantiating /home/travis/build/icyphy/ptII/ptolemy/domains/sdf/lib/test/auto/LongJoin.xml
5 ms. Memory: 208384K Free: 104095K (50%)
----------------- Invoking toplevel() on ptolemy.moml.MoMLSimpleApplication@743bc707
----------------- Done invoking toplevel() on ptolemy.moml.MoMLSimpleApplication@743bc707
reloadAllAccessors: .LongJoin

===========================================================================================
----------------- testing Thu Mar 14 17:18:48 UTC 2019 /home/travis/build/icyphy/ptII/ptolemy/domains/sdf/lib/test/auto/Matrix1.xml
----------------- Instantiating /home/travis/build/icyphy/ptII/ptolemy/domains/sdf/lib/test/auto/Matrix1.xml
3 ms. Memory: 208384K Free: 98749K (47%)
----------------- Invoking toplevel() on ptolemy.moml.MoMLSimpleApplication@7b1171a3
----------------- Done invoking toplevel() on ptolemy.moml.MoMLSimpleApplication@7b1171a3
reloadAllAccessors: .Matrix1

===========================================================================================
----------------- testing Thu Mar 14 17:18:48 UTC 2019 /home/travis/build/icyphy/ptII/ptolemy/domains/sdf/lib/test/auto/Matrix2.xml
----------------- Instantiating /home/travis/build/icyphy/ptII/ptolemy/domains/sdf/lib/test/auto/Matrix2.xml
8 ms. Memory: 208384K Free: 94416K (45%)
----------------- Invoking toplevel() on ptolemy.moml.MoMLSimpleApplication@34707b0b
----------------- Done invoking toplevel() on ptolemy.moml.MoMLSimpleApplication@34707b0b
reloadAllAccessors: .Matrix2

===========================================================================================
----------------- testing Thu Mar 14 17:18:48 UTC 2019 /home/travis/build/icyphy/ptII/ptolemy/domains/sdf/lib/test/auto/MatrixJoin1.xml
----------------- Instantiating /home/travis/build/icyphy/ptII/ptolemy/domains/sdf/lib/test/auto/MatrixJoin1.xml
9 ms. Memory: 208384K Free: 90019K (43%)
----------------- Invoking toplevel() on ptolemy.moml.MoMLSimpleApplication@1990ddd
----------------- Done invoking toplevel() on ptolemy.moml.MoMLSimpleApplication@1990ddd
reloadAllAccessors: .MatrixJoin1

===========================================================================================
----------------- testing Thu Mar 14 17:18:48 UTC 2019 /home/travis/build/icyphy/ptII/ptolemy/domains/sdf/lib/test/auto/MatrixJoin2.xml
----------------- Instantiating /home/travis/build/icyphy/ptII/ptolemy/domains/sdf/lib/test/auto/MatrixJoin2.xml
4 ms. Memory: 208384K Free: 84592K (41%)
----------------- Invoking toplevel() on ptolemy.moml.MoMLSimpleApplication@737b1875
----------------- Done invoking toplevel() on ptolemy.moml.MoMLSimpleApplication@737b1875
reloadAllAccessors: .MatrixJoin2

===========================================================================================
----------------- testing Thu Mar 14 17:18:48 UTC 2019 /home/travis/build/icyphy/ptII/ptolemy/domains/sdf/lib/test/auto/MatrixJoin3.xml
----------------- Instantiating /home/travis/build/icyphy/ptII/ptolemy/domains/sdf/lib/test/auto/MatrixJoin3.xml
4 ms. Memory: 208384K Free: 80211K (38%)
----------------- Invoking toplevel() on ptolemy.moml.MoMLSimpleApplication@3eb08f56
----------------- Done invoking toplevel() on ptolemy.moml.MoMLSimpleApplication@3eb08f56
reloadAllAccessors: .MatrixJoin3

===========================================================================================
----------------- testing Thu Mar 14 17:18:48 UTC 2019 /home/travis/build/icyphy/ptII/ptolemy/domains/sdf/lib/test/auto/MatrixJoin4.xml
----------------- Instantiating /home/travis/build/icyphy/ptII/ptolemy/domains/sdf/lib/test/auto/MatrixJoin4.xml
3 ms. Memory: 333824K Free: 322342K (97%)
----------------- Invoking toplevel() on ptolemy.moml.MoMLSimpleApplication@56527275
----------------- Done invoking toplevel() on ptolemy.moml.MoMLSimpleApplication@56527275
reloadAllAccessors: .MatrixJoin4

===========================================================================================
----------------- testing Thu Mar 14 17:18:48 UTC 2019 /home/travis/build/icyphy/ptII/ptolemy/domains/sdf/lib/test/auto/MatrixJoin5.xml
----------------- Instantiating /home/travis/build/icyphy/ptII/ptolemy/domains/sdf/lib/test/auto/MatrixJoin5.xml
2 ms. Memory: 333824K Free: 314417K (94%)
----------------- Invoking toplevel() on ptolemy.moml.MoMLSimpleApplication@1602ea5f
----------------- Done invoking toplevel() on ptolemy.moml.MoMLSimpleApplication@1602ea5f
reloadAllAccessors: .MatrixJoin5

===========================================================================================
----------------- testing Thu Mar 14 17:18:48 UTC 2019 /home/travis/build/icyphy/ptII/ptolemy/domains/sdf/lib/test/auto/MatrixSplit1.xml
----------------- Instantiating /home/travis/build/icyphy/ptII/ptolemy/domains/sdf/lib/test/auto/MatrixSplit1.xml
3 ms. Memory: 333824K Free: 307863K (92%)
----------------- Invoking toplevel() on ptolemy.moml.MoMLSimpleApplication@d54595e
----------------- Done invoking toplevel() on ptolemy.moml.MoMLSimpleApplication@d54595e
reloadAllAccessors: .MatrixSplit1

===========================================================================================
----------------- testing Thu Mar 14 17:18:49 UTC 2019 /home/travis/build/icyphy/ptII/ptolemy/domains/sdf/lib/test/auto/MatrixSplit10.xml
----------------- Instantiating /home/travis/build/icyphy/ptII/ptolemy/domains/sdf/lib/test/auto/MatrixSplit10.xml
2 ms. Memory: 333824K Free: 302948K (91%)
----------------- Invoking toplevel() on ptolemy.moml.MoMLSimpleApplication@5164988a
----------------- Done invoking toplevel() on ptolemy.moml.MoMLSimpleApplication@5164988a
reloadAllAccessors: .MatrixSplit10

===========================================================================================
----------------- testing Thu Mar 14 17:18:49 UTC 2019 /home/travis/build/icyphy/ptII/ptolemy/domains/sdf/lib/test/auto/MatrixSplit11.xml
----------------- Instantiating /home/travis/build/icyphy/ptII/ptolemy/domains/sdf/lib/test/auto/MatrixSplit11.xml
9 ms. Memory: 333824K Free: 296376K (89%)
----------------- Invoking toplevel() on ptolemy.moml.MoMLSimpleApplication@6d89bbf9
----------------- Done invoking toplevel() on ptolemy.moml.MoMLSimpleApplication@6d89bbf9
reloadAllAccessors: .MatrixSplit11

===========================================================================================
----------------- testing Thu Mar 14 17:18:49 UTC 2019 /home/travis/build/icyphy/ptII/ptolemy/domains/sdf/lib/test/auto/MatrixSplit12.xml
----------------- Instantiating /home/travis/build/icyphy/ptII/ptolemy/domains/sdf/lib/test/auto/MatrixSplit12.xml
4 ms. Memory: 333824K Free: 291461K (87%)
----------------- Invoking toplevel() on ptolemy.moml.MoMLSimpleApplication@5fe335bc
----------------- Done invoking toplevel() on ptolemy.moml.MoMLSimpleApplication@5fe335bc
reloadAllAccessors: .MatrixSplit12

===========================================================================================
----------------- testing Thu Mar 14 17:18:49 UTC 2019 /home/travis/build/icyphy/ptII/ptolemy/domains/sdf/lib/test/auto/MatrixSplit13.xml
----------------- Instantiating /home/travis/build/icyphy/ptII/ptolemy/domains/sdf/lib/test/auto/MatrixSplit13.xml
5 ms. Memory: 333824K Free: 286546K (86%)
----------------- Invoking toplevel() on ptolemy.moml.MoMLSimpleApplication@24a01337
----------------- Done invoking toplevel() on ptolemy.moml.MoMLSimpleApplication@24a01337
reloadAllAccessors: .MatrixSplit13

===========================================================================================
----------------- testing Thu Mar 14 17:18:49 UTC 2019 /home/travis/build/icyphy/ptII/ptolemy/domains/sdf/lib/test/auto/MatrixSplit14.xml
----------------- Instantiating /home/travis/build/icyphy/ptII/ptolemy/domains/sdf/lib/test/auto/MatrixSplit14.xml
2 ms. Memory: 333824K Free: 280260K (84%)
----------------- Invoking toplevel() on ptolemy.moml.MoMLSimpleApplication@488de9de
----------------- Done invoking toplevel() on ptolemy.moml.MoMLSimpleApplication@488de9de
reloadAllAccessors: .MatrixSplit14

===========================================================================================
----------------- testing Thu Mar 14 17:18:49 UTC 2019 /home/travis/build/icyphy/ptII/ptolemy/domains/sdf/lib/test/auto/MatrixSplit2.xml
----------------- Instantiating /home/travis/build/icyphy/ptII/ptolemy/domains/sdf/lib/test/auto/MatrixSplit2.xml
5 ms. Memory: 333824K Free: 275345K (82%)
----------------- Invoking toplevel() on ptolemy.moml.MoMLSimpleApplication@9a50f50
----------------- Done invoking toplevel() on ptolemy.moml.MoMLSimpleApplication@9a50f50
reloadAllAccessors: .MatrixSplit2

===========================================================================================
----------------- testing Thu Mar 14 17:18:49 UTC 2019 /home/travis/build/icyphy/ptII/ptolemy/domains/sdf/lib/test/auto/MatrixSplit3.xml
----------------- Instantiating /home/travis/build/icyphy/ptII/ptolemy/domains/sdf/lib/test/auto/MatrixSplit3.xml
4 ms. Memory: 333824K Free: 270429K (81%)
----------------- Invoking toplevel() on ptolemy.moml.MoMLSimpleApplication@7c4a10f3
----------------- Done invoking toplevel() on ptolemy.moml.MoMLSimpleApplication@7c4a10f3
reloadAllAccessors: .MatrixSplit3

===========================================================================================
----------------- testing Thu Mar 14 17:18:49 UTC 2019 /home/travis/build/icyphy/ptII/ptolemy/domains/sdf/lib/test/auto/MatrixSplit4.xml
----------------- Instantiating /home/travis/build/icyphy/ptII/ptolemy/domains/sdf/lib/test/auto/MatrixSplit4.xml
3 ms. Memory: 333824K Free: 265514K (80%)
----------------- Invoking toplevel() on ptolemy.moml.MoMLSimpleApplication@77f31933
----------------- Done invoking toplevel() on ptolemy.moml.MoMLSimpleApplication@77f31933
reloadAllAccessors: .MatrixSplit4

===========================================================================================
----------------- testing Thu Mar 14 17:18:49 UTC 2019 /home/travis/build/icyphy/ptII/ptolemy/domains/sdf/lib/test/auto/MatrixSplit5.xml
----------------- Instantiating /home/travis/build/icyphy/ptII/ptolemy/domains/sdf/lib/test/auto/MatrixSplit5.xml
2 ms. Memory: 333824K Free: 259228K (78%)
----------------- Invoking toplevel() on ptolemy.moml.MoMLSimpleApplication@175fab03
----------------- Done invoking toplevel() on ptolemy.moml.MoMLSimpleApplication@175fab03
reloadAllAccessors: .MatrixSplit5

===========================================================================================
----------------- testing Thu Mar 14 17:18:49 UTC 2019 /home/travis/build/icyphy/ptII/ptolemy/domains/sdf/lib/test/auto/MatrixSplit6.xml
----------------- Instantiating /home/travis/build/icyphy/ptII/ptolemy/domains/sdf/lib/test/auto/MatrixSplit6.xml
2 ms. Memory: 333824K Free: 254313K (76%)
----------------- Invoking toplevel() on ptolemy.moml.MoMLSimpleApplication@76d6e292
----------------- Done invoking toplevel() on ptolemy.moml.MoMLSimpleApplication@76d6e292
reloadAllAccessors: .MatrixSplit6

===========================================================================================
----------------- testing Thu Mar 14 17:18:49 UTC 2019 /home/travis/build/icyphy/ptII/ptolemy/domains/sdf/lib/test/auto/MatrixSplit7.xml
----------------- Instantiating /home/travis/build/icyphy/ptII/ptolemy/domains/sdf/lib/test/auto/MatrixSplit7.xml
2 ms. Memory: 333824K Free: 249398K (75%)
----------------- Invoking toplevel() on ptolemy.moml.MoMLSimpleApplication@2615cafa
----------------- Done invoking toplevel() on ptolemy.moml.MoMLSimpleApplication@2615cafa
reloadAllAccessors: .MatrixSplit7

===========================================================================================
----------------- testing Thu Mar 14 17:18:49 UTC 2019 /home/travis/build/icyphy/ptII/ptolemy/domains/sdf/lib/test/auto/MatrixSplit8.xml
----------------- Instantiating /home/travis/build/icyphy/ptII/ptolemy/domains/sdf/lib/test/auto/MatrixSplit8.xml
2 ms. Memory: 333824K Free: 243111K (73%)
----------------- Invoking toplevel() on ptolemy.moml.MoMLSimpleApplication@68b98128
----------------- Done invoking toplevel() on ptolemy.moml.MoMLSimpleApplication@68b98128
reloadAllAccessors: .MatrixSplit8

===========================================================================================
----------------- testing Thu Mar 14 17:18:49 UTC 2019 /home/travis/build/icyphy/ptII/ptolemy/domains/sdf/lib/test/auto/MatrixSplit9.xml
----------------- Instantiating /home/travis/build/icyphy/ptII/ptolemy/domains/sdf/lib/test/auto/MatrixSplit9.xml
1 ms. Memory: 333824K Free: 238196K (71%)
----------------- Invoking toplevel() on ptolemy.moml.MoMLSimpleApplication@6e71825d
----------------- Done invoking toplevel() on ptolemy.moml.MoMLSimpleApplication@6e71825d
reloadAllAccessors: .MatrixSplit9

===========================================================================================
----------------- testing Thu Mar 14 17:18:49 UTC 2019 /home/travis/build/icyphy/ptII/ptolemy/domains/sdf/lib/test/auto/MatrixToSequence.xml
----------------- Instantiating /home/travis/build/icyphy/ptII/ptolemy/domains/sdf/lib/test/auto/MatrixToSequence.xml
11 ms. Memory: 333824K Free: 226727K (68%)
----------------- Invoking toplevel() on ptolemy.moml.MoMLSimpleApplication@4c1b35ed
----------------- Done invoking toplevel() on ptolemy.moml.MoMLSimpleApplication@4c1b35ed
reloadAllAccessors: .MatrixToSequence

===========================================================================================
----------------- testing Thu Mar 14 17:18:49 UTC 2019 /home/travis/build/icyphy/ptII/ptolemy/domains/sdf/lib/test/auto/MaximumEntropySpectrum.xml
----------------- Instantiating /home/travis/build/icyphy/ptII/ptolemy/domains/sdf/lib/test/auto/MaximumEntropySpectrum.xml
17 ms. Memory: 333824K Free: 202418K (61%)
----------------- Invoking toplevel() on ptolemy.moml.MoMLSimpleApplication@1a560af4
----------------- Done invoking toplevel() on ptolemy.moml.MoMLSimpleApplication@1a560af4
reloadAllAccessors: .MaximumEntropySpectrum

===========================================================================================
----------------- testing Thu Mar 14 17:18:49 UTC 2019 /home/travis/build/icyphy/ptII/ptolemy/domains/sdf/lib/test/auto/SampleDelayConversion.xml
----------------- Instantiating /home/travis/build/icyphy/ptII/ptolemy/domains/sdf/lib/test/auto/SampleDelayConversion.xml
2 ms. Memory: 333824K Free: 197503K (59%)
----------------- Invoking toplevel() on ptolemy.moml.MoMLSimpleApplication@122e1984
----------------- Done invoking toplevel() on ptolemy.moml.MoMLSimpleApplication@122e1984
reloadAllAccessors: .SampleDelayConversion

===========================================================================================
----------------- testing Thu Mar 14 17:18:49 UTC 2019 /home/travis/build/icyphy/ptII/ptolemy/domains/sdf/lib/test/auto/SequenceToArray.xml
----------------- Instantiating /home/travis/build/icyphy/ptII/ptolemy/domains/sdf/lib/test/auto/SequenceToArray.xml
14 ms. Memory: 333824K Free: 184395K (55%)
----------------- Invoking toplevel() on ptolemy.moml.MoMLSimpleApplication@296de05a
----------------- Done invoking toplevel() on ptolemy.moml.MoMLSimpleApplication@296de05a
reloadAllAccessors: .SequenceToArray

===========================================================================================
----------------- testing Thu Mar 14 17:18:49 UTC 2019 /home/travis/build/icyphy/ptII/ptolemy/domains/sdf/lib/test/auto/SequenceToMatrix.xml
----------------- Instantiating /home/travis/build/icyphy/ptII/ptolemy/domains/sdf/lib/test/auto/SequenceToMatrix.xml
4324 ms. Memory: 579584K Free: 514420K (89%)
----------------- Invoking toplevel() on ptolemy.moml.MoMLSimpleApplication@651557d9
----------------- Done invoking toplevel() on ptolemy.moml.MoMLSimpleApplication@651557d9
reloadAllAccessors: .SequenceToMatrix

===========================================================================================
----------------- testing Thu Mar 14 17:18:53 UTC 2019 /home/travis/build/icyphy/ptII/ptolemy/domains/sdf/lib/test/auto/SmoothedPeriodogram.xml
----------------- Instantiating /home/travis/build/icyphy/ptII/ptolemy/domains/sdf/lib/test/auto/SmoothedPeriodogram.xml
9 ms. Memory: 579584K Free: 491134K (85%)
----------------- Invoking toplevel() on ptolemy.moml.MoMLSimpleApplication@1dd36839
----------------- Done invoking toplevel() on ptolemy.moml.MoMLSimpleApplication@1dd36839
reloadAllAccessors: .SmoothedPeriodogram

===========================================================================================
----------------- testing Thu Mar 14 17:18:54 UTC 2019 /home/travis/build/icyphy/ptII/ptolemy/domains/sdf/lib/test/auto/UpDownSample1.xml
----------------- Instantiating /home/travis/build/icyphy/ptII/ptolemy/domains/sdf/lib/test/auto/UpDownSample1.xml
6 ms. Memory: 579584K Free: 484346K (84%)
----------------- Invoking toplevel() on ptolemy.moml.MoMLSimpleApplication@591f3bd6
----------------- Done invoking toplevel() on ptolemy.moml.MoMLSimpleApplication@591f3bd6
reloadAllAccessors: .UpDownSample1

===========================================================================================
----------------- testing Thu Mar 14 17:18:54 UTC 2019 /home/travis/build/icyphy/ptII/ptolemy/domains/sdf/lib/test/auto/UpSample1.xml
----------------- Instantiating /home/travis/build/icyphy/ptII/ptolemy/domains/sdf/lib/test/auto/UpSample1.xml
1 ms. Memory: 579584K Free: 477799K (82%)
----------------- Invoking toplevel() on ptolemy.moml.MoMLSimpleApplication@56549d36
----------------- Done invoking toplevel() on ptolemy.moml.MoMLSimpleApplication@56549d36
reloadAllAccessors: .UpSample1

===========================================================================================
----------------- testing Thu Mar 14 17:18:54 UTC 2019 /home/travis/build/icyphy/ptII/ptolemy/domains/sdf/lib/test/auto/VariableFIR.xml
----------------- Instantiating /home/travis/build/icyphy/ptII/ptolemy/domains/sdf/lib/test/auto/VariableFIR.xml
8 ms. Memory: 579584K Free: 467979K (81%)
----------------- Invoking toplevel() on ptolemy.moml.MoMLSimpleApplication@1764063a
----------------- Done invoking toplevel() on ptolemy.moml.MoMLSimpleApplication@1764063a
reloadAllAccessors: .VariableFIR

===========================================================================================
----------------- testing Thu Mar 14 17:18:54 UTC 2019 /home/travis/build/icyphy/ptII/ptolemy/domains/sdf/lib/test/auto/VariableFIR2.xml
----------------- Instantiating /home/travis/build/icyphy/ptII/ptolemy/domains/sdf/lib/test/auto/VariableFIR2.xml
5 ms. Memory: 579584K Free: 456281K (79%)
----------------- Invoking toplevel() on ptolemy.moml.MoMLSimpleApplication@7c097ec
----------------- Done invoking toplevel() on ptolemy.moml.MoMLSimpleApplication@7c097ec
reloadAllAccessors: .VariableFIR2

===========================================================================================
----------------- testing Thu Mar 14 17:18:54 UTC 2019 /home/travis/build/icyphy/ptII/ptolemy/domains/sdf/lib/test/auto/VariableLattice.xml
----------------- Instantiating /home/travis/build/icyphy/ptII/ptolemy/domains/sdf/lib/test/auto/VariableLattice.xml
5 ms. Memory: 579584K Free: 446461K (77%)
----------------- Invoking toplevel() on ptolemy.moml.MoMLSimpleApplication@1cf2d590
----------------- Done invoking toplevel() on ptolemy.moml.MoMLSimpleApplication@1cf2d590
reloadAllAccessors: .VariableLattice

===========================================================================================
----------------- testing Thu Mar 14 17:18:54 UTC 2019 /home/travis/build/icyphy/ptII/ptolemy/domains/sdf/lib/test/auto/VariableLattice2.xml
----------------- Instantiating /home/travis/build/icyphy/ptII/ptolemy/domains/sdf/lib/test/auto/VariableLattice2.xml
1.0
-1.999999602036
1.9099998677481
-0.9099996420674
0.205
0.0
0.0
1.0
-0.25
-0.5
0.0
0.0
0.0
0.0
6 ms. Memory: 579584K Free: 439914K (76%)
----------------- Invoking toplevel() on ptolemy.moml.MoMLSimpleApplication@75a97195
----------------- Done invoking toplevel() on ptolemy.moml.MoMLSimpleApplication@75a97195
reloadAllAccessors: .VariableLattice2

===========================================================================================
----------------- testing Thu Mar 14 17:18:54 UTC 2019 /home/travis/build/icyphy/ptII/ptolemy/domains/sdf/lib/test/auto/VariableRecursiveLattice.xml
----------------- Instantiating /home/travis/build/icyphy/ptII/ptolemy/domains/sdf/lib/test/auto/VariableRecursiveLattice.xml
2 ms. Memory: 579584K Free: 430094K (74%)
----------------- Invoking toplevel() on ptolemy.moml.MoMLSimpleApplication@5c417b9c
----------------- Done invoking toplevel() on ptolemy.moml.MoMLSimpleApplication@5c417b9c
reloadAllAccessors: .VariableRecursiveLattice

===========================================================================================
----------------- testing Thu Mar 14 17:18:54 UTC 2019 /home/travis/build/icyphy/ptII/ptolemy/domains/sdf/lib/test/auto/VariableRecursiveLattice2.xml
----------------- Instantiating /home/travis/build/icyphy/ptII/ptolemy/domains/sdf/lib/test/auto/VariableRecursiveLattice2.xml
2 ms. Memory: 579584K Free: 421670K (73%)
----------------- Invoking toplevel() on ptolemy.moml.MoMLSimpleApplication@129c2413
----------------- Done invoking toplevel() on ptolemy.moml.MoMLSimpleApplication@129c2413
reloadAllAccessors: .VariableRecursiveLattice2
AutoTests.java: About to close Vertx.
AutoTests.java: Vertx closed.
]]></system-out>
  <system-err><![CDATA[]]></system-err>
</testsuite>
