<?xml version="1.0" encoding="UTF-8" ?>
<testsuite errors="0" failures="0" hostname="travis-job-7261dc3b-90aa-4e3f-b16a-3e4de5ef2631" name="ptolemy.domains.de.test.junit.JUnitTclTest" skipped="0" tests="101" time="122.965" timestamp="2020-02-10T21:13:58">
  <properties>
[...]
</properties>
  <testcase classname="ptolemy.util.test.junit.TclTests" name="[0] /home/travis/build/icyphy/ptII/ptolemy/domains/de/test/DependencyLoop.tcl (RunTclFile)" time="0.979" />
  <testcase classname="ptolemy.util.test.junit.TclTests" name="[1] /home/travis/build/icyphy/ptII/ptolemy/domains/de/test/RunDETestsAsQSS.tcl (RunTclFile)" time="82.863" />
  <testcase classname="ptolemy.util.test.junit.AutoKnownFailedTests" name="[0] /home/travis/build/icyphy/ptII/ptolemy/domains/de/test/auto/knownFailedTests/DESDFClockTest.xml (RunModel)" time="2.04" />
  <testcase classname="ptolemy.util.test.junit.AutoKnownFailedTests" name="[1] /home/travis/build/icyphy/ptII/ptolemy/domains/de/test/auto/knownFailedTests/DirectFeedback.xml (RunModel)" time="0.015" />
  <testcase classname="ptolemy.util.test.junit.AutoKnownFailedTests" name="[2] /home/travis/build/icyphy/ptII/ptolemy/domains/de/test/auto/knownFailedTests/FSMSource.xml (RunModel)" time="0.024" />
  <testcase classname="ptolemy.util.test.junit.AutoKnownFailedTests" name="[3] /home/travis/build/icyphy/ptII/ptolemy/domains/de/test/auto/knownFailedTests/HierarchicalModel.xml (RunModel)" time="0.041" />
  <testcase classname="ptolemy.util.test.junit.AutoKnownFailedTests" name="[4] /home/travis/build/icyphy/ptII/ptolemy/domains/de/test/auto/knownFailedTests/dependencyLoop.xml (RunModel)" time="0.045" />
  <testcase classname="ptolemy.util.test.junit.AutoKnownFailedTests" name="[5] /home/travis/build/icyphy/ptII/ptolemy/domains/de/test/auto/knownFailedTests/dependencyLoop2.xml (RunModel)" time="0.044" />
  <testcase classname="ptolemy.util.test.junit.AutoNameArchTests" name="[0] ThereAreNoAutoArchTests (RunModel)" time="0.001" />
  <testcase classname="ptolemy.util.test.junit.AutoTests" name="[0] /home/travis/build/icyphy/ptII/ptolemy/domains/de/test/auto/ActorDepthCalculation_actorWithoutPorts.xml (RunModel)" time="0.02" />
  <testcase classname="ptolemy.util.test.junit.AutoTests" name="[1] /home/travis/build/icyphy/ptII/ptolemy/domains/de/test/auto/AssemblyLine.xml (RunModel)" time="0.027" />
  <testcase classname="ptolemy.util.test.junit.AutoTests" name="[2] /home/travis/build/icyphy/ptII/ptolemy/domains/de/test/auto/CQBug1.xml (RunModel)" time="0.017" />
  <testcase classname="ptolemy.util.test.junit.AutoTests" name="[3] /home/travis/build/icyphy/ptII/ptolemy/domains/de/test/auto/CancelFireAt.xml (RunModel)" time="0.011" />
  <testcase classname="ptolemy.util.test.junit.AutoTests" name="[4] /home/travis/build/icyphy/ptII/ptolemy/domains/de/test/auto/CausalityAndComposabilityAnalysis.xml (RunModel)" time="0.014" />
  <testcase classname="ptolemy.util.test.junit.AutoTests" name="[5] /home/travis/build/icyphy/ptII/ptolemy/domains/de/test/auto/CausalityInterface1.xml (RunModel)" time="0.015" />
  <testcase classname="ptolemy.util.test.junit.AutoTests" name="[6] /home/travis/build/icyphy/ptII/ptolemy/domains/de/test/auto/CausalityInterface15.xml (RunModel)" time="0.017" />
  <testcase classname="ptolemy.util.test.junit.AutoTests" name="[7] /home/travis/build/icyphy/ptII/ptolemy/domains/de/test/auto/CausalityInterface2.xml (RunModel)" time="0.017" />
  <testcase classname="ptolemy.util.test.junit.AutoTests" name="[8] /home/travis/build/icyphy/ptII/ptolemy/domains/de/test/auto/CausalityInterface3.xml (RunModel)" time="0.013" />
  <testcase classname="ptolemy.util.test.junit.AutoTests" name="[9] /home/travis/build/icyphy/ptII/ptolemy/domains/de/test/auto/ClockDrift.xml (RunModel)" time="0.037" />
  <testcase classname="ptolemy.util.test.junit.AutoTests" name="[10] /home/travis/build/icyphy/ptII/ptolemy/domains/de/test/auto/ClockDriftAndValueChange.xml (RunModel)" time="0.036" />
  <testcase classname="ptolemy.util.test.junit.AutoTests" name="[11] /home/travis/build/icyphy/ptII/ptolemy/domains/de/test/auto/ClockDriftChange.xml (RunModel)" time="0.032" />
  <testcase classname="ptolemy.util.test.junit.AutoTests" name="[12] /home/travis/build/icyphy/ptII/ptolemy/domains/de/test/auto/ComposableCausalityAnalysis.xml (RunModel)" time="0.014" />
  <testcase classname="ptolemy.util.test.junit.AutoTests" name="[13] /home/travis/build/icyphy/ptII/ptolemy/domains/de/test/auto/DEFixedPointLimitation.xml (RunModel)" time="0.012" />
  <testcase classname="ptolemy.util.test.junit.AutoTests" name="[14] /home/travis/build/icyphy/ptII/ptolemy/domains/de/test/auto/DEScheduleTest.xml (RunModel)" time="0.013" />
  <testcase classname="ptolemy.util.test.junit.AutoTests" name="[15] /home/travis/build/icyphy/ptII/ptolemy/domains/de/test/auto/DEinDEwithStartTimes.xml (RunModel)" time="0.015" />
  <testcase classname="ptolemy.util.test.junit.AutoTests" name="[16] /home/travis/build/icyphy/ptII/ptolemy/domains/de/test/auto/DEinDEwithStartTimes2.xml (RunModel)" time="0.018" />
  <testcase classname="ptolemy.util.test.junit.AutoTests" name="[17] /home/travis/build/icyphy/ptII/ptolemy/domains/de/test/auto/DateDemo.xml (RunModel)" time="0.034" />
  <testcase classname="ptolemy.util.test.junit.AutoTests" name="[18] /home/travis/build/icyphy/ptII/ptolemy/domains/de/test/auto/DateToEvent.xml (RunModel)" time="2.044" />
  <testcase classname="ptolemy.util.test.junit.AutoTests" name="[19] /home/travis/build/icyphy/ptII/ptolemy/domains/de/test/auto/DepthTest1.xml (RunModel)" time="0.017" />
  <testcase classname="ptolemy.util.test.junit.AutoTests" name="[20] /home/travis/build/icyphy/ptII/ptolemy/domains/de/test/auto/DepthTest2.xml (RunModel)" time="0.021" />
  <testcase classname="ptolemy.util.test.junit.AutoTests" name="[21] /home/travis/build/icyphy/ptII/ptolemy/domains/de/test/auto/DepthTest3.xml (RunModel)" time="0.01" />
  <testcase classname="ptolemy.util.test.junit.AutoTests" name="[22] /home/travis/build/icyphy/ptII/ptolemy/domains/de/test/auto/DepthTest4.xml (RunModel)" time="0.019" />
  <testcase classname="ptolemy.util.test.junit.AutoTests" name="[23] /home/travis/build/icyphy/ptII/ptolemy/domains/de/test/auto/DepthTest5.xml (RunModel)" time="0.02" />
  <testcase classname="ptolemy.util.test.junit.AutoTests" name="[24] /home/travis/build/icyphy/ptII/ptolemy/domains/de/test/auto/DepthTest6.xml (RunModel)" time="0.012" />
  <testcase classname="ptolemy.util.test.junit.AutoTests" name="[25] /home/travis/build/icyphy/ptII/ptolemy/domains/de/test/auto/DepthTest7.xml (RunModel)" time="0.01" />
  <testcase classname="ptolemy.util.test.junit.AutoTests" name="[26] /home/travis/build/icyphy/ptII/ptolemy/domains/de/test/auto/EventToDate.xml (RunModel)" time="3.052" />
  <testcase classname="ptolemy.util.test.junit.AutoTests" name="[27] /home/travis/build/icyphy/ptII/ptolemy/domains/de/test/auto/FSM1.xml (RunModel)" time="0.046" />
  <testcase classname="ptolemy.util.test.junit.AutoTests" name="[28] /home/travis/build/icyphy/ptII/ptolemy/domains/de/test/auto/FSM7.xml (RunModel)" time="0.039" />
  <testcase classname="ptolemy.util.test.junit.AutoTests" name="[29] /home/travis/build/icyphy/ptII/ptolemy/domains/de/test/auto/Inspection.xml (RunModel)" time="0.042" />
  <testcase classname="ptolemy.util.test.junit.AutoTests" name="[30] /home/travis/build/icyphy/ptII/ptolemy/domains/de/test/auto/Iteration.xml (RunModel)" time="0.026" />
  <testcase classname="ptolemy.util.test.junit.AutoTests" name="[31] /home/travis/build/icyphy/ptII/ptolemy/domains/de/test/auto/LineFault.xml (RunModel)" time="0.556" />
  <testcase classname="ptolemy.util.test.junit.AutoTests" name="[32] /home/travis/build/icyphy/ptII/ptolemy/domains/de/test/auto/MergeModel1Add.xml (RunModel)" time="0.045" />
  <testcase classname="ptolemy.util.test.junit.AutoTests" name="[33] /home/travis/build/icyphy/ptII/ptolemy/domains/de/test/auto/MergeModel2Add.xml (RunModel)" time="0.035" />
  <testcase classname="ptolemy.util.test.junit.AutoTests" name="[34] /home/travis/build/icyphy/ptII/ptolemy/domains/de/test/auto/MergeModel3Add.xml (RunModel)" time="0.047" />
  <testcase classname="ptolemy.util.test.junit.AutoTests" name="[35] /home/travis/build/icyphy/ptII/ptolemy/domains/de/test/auto/MergeWithoutDiscard.xml (RunModel)" time="0.01" />
  <testcase classname="ptolemy.util.test.junit.AutoTests" name="[36] /home/travis/build/icyphy/ptII/ptolemy/domains/de/test/auto/Modal1.xml (RunModel)" time="0.033" />
  <testcase classname="ptolemy.util.test.junit.AutoTests" name="[37] /home/travis/build/icyphy/ptII/ptolemy/domains/de/test/auto/Modal2.xml (RunModel)" time="0.027" />
  <testcase classname="ptolemy.util.test.junit.AutoTests" name="[38] /home/travis/build/icyphy/ptII/ptolemy/domains/de/test/auto/Modal3.xml (RunModel)" time="0.027" />
  <testcase classname="ptolemy.util.test.junit.AutoTests" name="[39] /home/travis/build/icyphy/ptII/ptolemy/domains/de/test/auto/Modal4.xml (RunModel)" time="0.03" />
  <testcase classname="ptolemy.util.test.junit.AutoTests" name="[40] /home/travis/build/icyphy/ptII/ptolemy/domains/de/test/auto/Modal5.xml (RunModel)" time="0.03" />
  <testcase classname="ptolemy.util.test.junit.AutoTests" name="[41] /home/travis/build/icyphy/ptII/ptolemy/domains/de/test/auto/Modal6.xml (RunModel)" time="0.027" />
  <testcase classname="ptolemy.util.test.junit.AutoTests" name="[42] /home/travis/build/icyphy/ptII/ptolemy/domains/de/test/auto/Modal7.xml (RunModel)" time="0.027" />
  <testcase classname="ptolemy.util.test.junit.AutoTests" name="[43] /home/travis/build/icyphy/ptII/ptolemy/domains/de/test/auto/ModalModel.xml (RunModel)" time="0.163" />
  <testcase classname="ptolemy.util.test.junit.AutoTests" name="[44] /home/travis/build/icyphy/ptII/ptolemy/domains/de/test/auto/ModalSource.xml (RunModel)" time="0.019" />
  <testcase classname="ptolemy.util.test.junit.AutoTests" name="[45] /home/travis/build/icyphy/ptII/ptolemy/domains/de/test/auto/NonInterruptibleTimerZeroDelay.xml (RunModel)" time="0.009" />
  <testcase classname="ptolemy.util.test.junit.AutoTests" name="[46] /home/travis/build/icyphy/ptII/ptolemy/domains/de/test/auto/OpenQueueingNetwork.xml (RunModel)" time="2.374" />
  <testcase classname="ptolemy.util.test.junit.AutoTests" name="[47] /home/travis/build/icyphy/ptII/ptolemy/domains/de/test/auto/OpenQueuingNetwork.xml (RunModel)" time="0.29" />
  <testcase classname="ptolemy.util.test.junit.AutoTests" name="[48] /home/travis/build/icyphy/ptII/ptolemy/domains/de/test/auto/PeriodicSampler.xml (RunModel)" time="0.012" />
  <testcase classname="ptolemy.util.test.junit.AutoTests" name="[49] /home/travis/build/icyphy/ptII/ptolemy/domains/de/test/auto/PersistentIO.xml (RunModel)" time="0.019" />
  <testcase classname="ptolemy.util.test.junit.AutoTests" name="[50] /home/travis/build/icyphy/ptII/ptolemy/domains/de/test/auto/PortParameterResetOnInitialize.xml (RunModel)" time="0.01" />
  <testcase classname="ptolemy.util.test.junit.AutoTests" name="[51] /home/travis/build/icyphy/ptII/ptolemy/domains/de/test/auto/PortParameterUpdates.xml (RunModel)" time="0.016" />
  <testcase classname="ptolemy.util.test.junit.AutoTests" name="[52] /home/travis/build/icyphy/ptII/ptolemy/domains/de/test/auto/QueueAndServer.xml (RunModel)" time="0.024" />
  <testcase classname="ptolemy.util.test.junit.AutoTests" name="[53] /home/travis/build/icyphy/ptII/ptolemy/domains/de/test/auto/Records.xml (RunModel)" time="0.014" />
  <testcase classname="ptolemy.util.test.junit.AutoTests" name="[54] /home/travis/build/icyphy/ptII/ptolemy/domains/de/test/auto/ResetTransitionWithStartTime1.xml (RunModel)" time="0.018" />
  <testcase classname="ptolemy.util.test.junit.AutoTests" name="[55] /home/travis/build/icyphy/ptII/ptolemy/domains/de/test/auto/ResetTransitionWithStartTime2.xml (RunModel)" time="0.023" />
  <testcase classname="ptolemy.util.test.junit.AutoTests" name="[56] /home/travis/build/icyphy/ptII/ptolemy/domains/de/test/auto/ResetTransitionWithStartTime3.xml (RunModel)" time="0.02" />
  <testcase classname="ptolemy.util.test.junit.AutoTests" name="[57] /home/travis/build/icyphy/ptII/ptolemy/domains/de/test/auto/ResetTransitionWithStartTime4.xml (RunModel)" time="0.018" />
  <testcase classname="ptolemy.util.test.junit.AutoTests" name="[58] /home/travis/build/icyphy/ptII/ptolemy/domains/de/test/auto/ResettableTimer1.xml (RunModel)" time="0.009" />
  <testcase classname="ptolemy.util.test.junit.AutoTests" name="[59] /home/travis/build/icyphy/ptII/ptolemy/domains/de/test/auto/ResettableTimer2.xml (RunModel)" time="0.009" />
  <testcase classname="ptolemy.util.test.junit.AutoTests" name="[60] /home/travis/build/icyphy/ptII/ptolemy/domains/de/test/auto/ResettableTimer3.xml (RunModel)" time="0.009" />
  <testcase classname="ptolemy.util.test.junit.AutoTests" name="[61] /home/travis/build/icyphy/ptII/ptolemy/domains/de/test/auto/ResettableTimer4.xml (RunModel)" time="0.01" />
  <testcase classname="ptolemy.util.test.junit.AutoTests" name="[62] /home/travis/build/icyphy/ptII/ptolemy/domains/de/test/auto/ResettableTimer5.xml (RunModel)" time="0.009" />
  <testcase classname="ptolemy.util.test.junit.AutoTests" name="[63] /home/travis/build/icyphy/ptII/ptolemy/domains/de/test/auto/ResettableTimer6.xml (RunModel)" time="0.017" />
  <testcase classname="ptolemy.util.test.junit.AutoTests" name="[64] /home/travis/build/icyphy/ptII/ptolemy/domains/de/test/auto/ServerZeroDelay.xml (RunModel)" time="0.009" />
  <testcase classname="ptolemy.util.test.junit.AutoTests" name="[65] /home/travis/build/icyphy/ptII/ptolemy/domains/de/test/auto/SmartSender.xml (RunModel)" time="3.008" />
  <testcase classname="ptolemy.util.test.junit.AutoTests" name="[66] /home/travis/build/icyphy/ptII/ptolemy/domains/de/test/auto/ThreadedComposite.xml (RunModel)" time="0.32" />
  <testcase classname="ptolemy.util.test.junit.AutoTests" name="[67] /home/travis/build/icyphy/ptII/ptolemy/domains/de/test/auto/Time.xml (RunModel)" time="0.358" />
  <testcase classname="ptolemy.util.test.junit.AutoTests" name="[68] /home/travis/build/icyphy/ptII/ptolemy/domains/de/test/auto/TimeDelayZeroDelay.xml (RunModel)" time="0.009" />
  <testcase classname="ptolemy.util.test.junit.AutoTests" name="[69] /home/travis/build/icyphy/ptII/ptolemy/domains/de/test/auto/TimerZeroDelay.xml (RunModel)" time="0.008" />
  <testcase classname="ptolemy.util.test.junit.AutoTests" name="[70] /home/travis/build/icyphy/ptII/ptolemy/domains/de/test/auto/TimingParadox.xml (RunModel)" time="0.338" />
  <testcase classname="ptolemy.util.test.junit.AutoTests" name="[71] /home/travis/build/icyphy/ptII/ptolemy/domains/de/test/auto/TransferInputs.xml (RunModel)" time="0.033" />
  <testcase classname="ptolemy.util.test.junit.AutoTests" name="[72] /home/travis/build/icyphy/ptII/ptolemy/domains/de/test/auto/TransferOutputs2.xml (RunModel)" time="0.015" />
  <testcase classname="ptolemy.util.test.junit.AutoTests" name="[73] /home/travis/build/icyphy/ptII/ptolemy/domains/de/test/auto/Trilateration.xml (RunModel)" time="10.697" />
  <testcase classname="ptolemy.util.test.junit.AutoTests" name="[74] /home/travis/build/icyphy/ptII/ptolemy/domains/de/test/auto/TwoSigmaDelta.xml (RunModel)" time="1.853" />
  <testcase classname="ptolemy.util.test.junit.AutoTests" name="[75] /home/travis/build/icyphy/ptII/ptolemy/domains/de/test/auto/VariableDelay.xml (RunModel)" time="0.01" />
  <testcase classname="ptolemy.util.test.junit.AutoTests" name="[76] /home/travis/build/icyphy/ptII/ptolemy/domains/de/test/auto/VariableDelay2.xml (RunModel)" time="0.007" />
  <testcase classname="ptolemy.util.test.junit.AutoTests" name="[77] /home/travis/build/icyphy/ptII/ptolemy/domains/de/test/auto/VariableDelayZeroDelay.xml (RunModel)" time="0.016" />
  <testcase classname="ptolemy.util.test.junit.AutoTests" name="[78] /home/travis/build/icyphy/ptII/ptolemy/domains/de/test/auto/VariableDelayZeroDelay2.xml (RunModel)" time="0.023" />
  <testcase classname="ptolemy.util.test.junit.AutoTests" name="[79] /home/travis/build/icyphy/ptII/ptolemy/domains/de/test/auto/deInCt.xml (RunModel)" time="0.017" />
  <testcase classname="ptolemy.util.test.junit.AutoTests" name="[80] /home/travis/build/icyphy/ptII/ptolemy/domains/de/test/auto/deInCt2.xml (RunModel)" time="0.02" />
  <testcase classname="ptolemy.util.test.junit.AutoTests" name="[81] /home/travis/build/icyphy/ptII/ptolemy/domains/de/test/auto/dynamicCausalityInterface1.xml (RunModel)" time="0.024" />
  <testcase classname="ptolemy.util.test.junit.AutoTests" name="[82] /home/travis/build/icyphy/ptII/ptolemy/domains/de/test/auto/fsm_de_test.xml (RunModel)" time="0.021" />
  <testcase classname="ptolemy.util.test.junit.AutoTests" name="[83] /home/travis/build/icyphy/ptII/ptolemy/domains/de/test/auto/functionDependencyReconstruction.xml (RunModel)" time="0.027" />
  <testcase classname="ptolemy.util.test.junit.AutoTests" name="[84] /home/travis/build/icyphy/ptII/ptolemy/domains/de/test/auto/multirate.xml (RunModel)" time="0.014" />
  <testcase classname="ptolemy.util.test.junit.AutoTests" name="[85] /home/travis/build/icyphy/ptII/ptolemy/domains/de/test/auto/multirate2.xml (RunModel)" time="0.016" />
  <testcase classname="ptolemy.util.test.junit.AutoTests" name="[86] /home/travis/build/icyphy/ptII/ptolemy/domains/de/test/auto/realtime.xml (RunModel)" time="10.01" />
  <testcase classname="ptolemy.util.test.junit.AutoTests" name="[87] /home/travis/build/icyphy/ptII/ptolemy/domains/de/test/auto/relationGroup.xml (RunModel)" time="0.014" />
  <testcase classname="ptolemy.util.test.junit.AutoTests" name="[88] /home/travis/build/icyphy/ptII/ptolemy/domains/de/test/auto/relationGroup2.xml (RunModel)" time="0.006" />
  <testcase classname="ptolemy.util.test.junit.AutoTests" name="[89] /home/travis/build/icyphy/ptII/ptolemy/domains/de/test/auto/sortWithOpaquePorts.xml (RunModel)" time="0.012" />
  <testcase classname="ptolemy.util.test.junit.AutoTests" name="[90] /home/travis/build/icyphy/ptII/ptolemy/domains/de/test/auto/transferInputsandOutputs.xml (RunModel)" time="0.014" />
  <testcase classname="ptolemy.util.test.junit.AutoTests" name="[91] /home/travis/build/icyphy/ptII/ptolemy/domains/de/test/auto/triggerType.xml (RunModel)" time="0.009" />
  <system-out><![CDATA[/home/travis/build/icyphy/ptII/ptolemy/domains/de/test/DependencyLoop.tcl
testDefs.tcl: setting time out to 9000 seconds at Mon Feb 10 21:13:58 UTC 2020
76 ms. Memory: 129024K Free: 78792K (61%)
25 ms. Memory: 129024K Free: 61384K (48%)
/home/travis/build/icyphy/ptII/ptolemy/domains/de/test/RunDETestsAsQSS.tcl
Run the DE tests using ptolemy.domains.qss.test.QSSDirectorTest, which extends QSSDirector and prints a message in the constructors.
------------------ testing $PTII/ptolemy/domains/de/test/auto/knownFailedTests/DirectFeedback.xml (Known Failure) 
34 ms. Memory: 129024K Free: 56264K (44%)


==== $PTIIhome/travis/build/icyphy/ptII/ptolemy/domains/de/test/../../../../: Auto Automatic test in file $PTII/ptolemy/domains/de/test/auto/knownFailedTests/DirectFeedback.xml
==== Contents of test case:

	    # FIXME: we should use $relativeFilename here, but it
	    # might have backslashes under Windows, which causes no end
	    # of trouble.
	    createAndExecute $file
	    list {}
	
.... Test generated KNOWN error:
    while executing
ptolemy.kernel.util.IllegalActionException: Test fails in iteration 1.
Value was: 1.0. Should have been: 2.0
  in .DirectFeedback.Test
	at ptolemy.actor.lib.Test.fire(Test.java:268)
	at ptolemy.domains.de.kernel.DEDirector._fire(DEDirector.java:1949)
	at ptolemy.domains.de.kernel.DEDirector.fire(DEDirector.java:502)
	at ptolemy.actor.CompositeActor.fire(CompositeActor.java:455)
	at ptolemy.actor.Manager.iterate(Manager.java:851)
	at ptolemy.actor.Manager.execute(Manager.java:369)
	at ptolemy.actor.Manager.run(Manager.java:1263)
	at ptolemy.actor.Manager$PtolemyRunThread.run(Manager.java:1933)

    while executing
ptolemy.kernel.util.IllegalActionException: Test fails in iteration 1.
Value was: 1.0. Should have been: 2.0
  in .DirectFeedback.Test
    while executing
"java::new ptolemy.moml.MoMLSimpleApplication $file
"
    (procedure "createAndExecute" line 2)
    invoked from within
"createAndExecute $file"
    ("uplevel" body line 5)
    invoked from within
"uplevel $contents_of_test"
------------------ testing $PTII/ptolemy/domains/de/test/auto/knownFailedTests/dependencyLoop.xml (Known Failure) 
10 ms. Memory: 129024K Free: 53192K (41%)


==== $PTIIhome/travis/build/icyphy/ptII/ptolemy/domains/de/test/../../../../: Auto Automatic test in file $PTII/ptolemy/domains/de/test/auto/knownFailedTests/dependencyLoop.xml
==== Contents of test case:

	    # FIXME: we should use $relativeFilename here, but it
	    # might have backslashes under Windows, which causes no end
	    # of trouble.
	    createAndExecute $file
	    list {}
	
.... Test generated KNOWN error:
    while executing
ptolemy.kernel.util.IllegalActionException: Found a zero delay loop containing .dependencyLoop.original
  in .dependencyLoop and .dependencyLoop.original
	at ptolemy.actor.util.CausalityInterfaceForComposites._computeOutputPortDepth(CausalityInterfaceForComposites.java:759)
	at ptolemy.actor.util.CausalityInterfaceForComposites._computeInputDepth(CausalityInterfaceForComposites.java:696)
	at ptolemy.actor.util.CausalityInterfaceForComposites._computeOutputPortDepth(CausalityInterfaceForComposites.java:765)
	at ptolemy.actor.util.CausalityInterfaceForComposites._computeInputDepth(CausalityInterfaceForComposites.java:696)
	at ptolemy.actor.util.CausalityInterfaceForComposites._computeOutputPortDepth(CausalityInterfaceForComposites.java:765)
	at ptolemy.actor.util.CausalityInterfaceForComposites._computeInputDepth(CausalityInterfaceForComposites.java:696)
	at ptolemy.actor.util.CausalityInterfaceForComposites._computeActorDepth(CausalityInterfaceForComposites.java:532)
	at ptolemy.actor.util.CausalityInterfaceForComposites.checkForCycles(CausalityInterfaceForComposites.java:96)
	at ptolemy.domains.de.kernel.DEDirector.preinitialize(DEDirector.java:1338)
	at ptolemy.actor.CompositeActor.preinitialize(CompositeActor.java:1828)
	at ptolemy.actor.Manager.preinitializeAndResolveTypes(Manager.java:1040)
	at ptolemy.actor.Manager.initialize(Manager.java:710)
	at ptolemy.actor.Manager.execute(Manager.java:356)
	at ptolemy.actor.Manager.run(Manager.java:1263)
	at ptolemy.actor.Manager$PtolemyRunThread.run(Manager.java:1933)

    while executing
ptolemy.kernel.util.IllegalActionException: Found a zero delay loop containing .dependencyLoop.original
  in .dependencyLoop and .dependencyLoop.original
    while executing
"java::new ptolemy.moml.MoMLSimpleApplication $file
"
    (procedure "createAndExecute" line 2)
    invoked from within
"createAndExecute $file"
    ("uplevel" body line 5)
    invoked from within
"uplevel $contents_of_test"
------------------ testing $PTII/ptolemy/domains/de/test/auto/knownFailedTests/FSMSource.xml (Known Failure) 
95 ms. Memory: 129024K Free: 111556K (86%)
!!!! Auto was marked as failing, but now passes
------------------ testing $PTII/ptolemy/domains/de/test/auto/knownFailedTests/HierarchicalModel.xml (Known Failure) 
10 ms. Memory: 129024K Free: 94110K (73%)


==== $PTIIhome/travis/build/icyphy/ptII/ptolemy/domains/de/test/../../../../: Auto Automatic test in file $PTII/ptolemy/domains/de/test/auto/knownFailedTests/HierarchicalModel.xml
==== Contents of test case:

	    # FIXME: we should use $relativeFilename here, but it
	    # might have backslashes under Windows, which causes no end
	    # of trouble.
	    createAndExecute $file
	    list {}
	
.... Test generated KNOWN error:
    while executing
ptolemy.kernel.util.IllegalActionException: Found a zero delay loop containing .HierarchicalModel.A
  in .HierarchicalModel and .HierarchicalModel.A
	at ptolemy.actor.util.CausalityInterfaceForComposites._computeOutputPortDepth(CausalityInterfaceForComposites.java:759)
	at ptolemy.actor.util.CausalityInterfaceForComposites._computeInputDepth(CausalityInterfaceForComposites.java:696)
	at ptolemy.actor.util.CausalityInterfaceForComposites._computeOutputPortDepth(CausalityInterfaceForComposites.java:765)
	at ptolemy.actor.util.CausalityInterfaceForComposites._computeInputDepth(CausalityInterfaceForComposites.java:696)
	at ptolemy.actor.util.CausalityInterfaceForComposites._computeOutputPortDepth(CausalityInterfaceForComposites.java:765)
	at ptolemy.actor.util.CausalityInterfaceForComposites._computeInputDepth(CausalityInterfaceForComposites.java:696)
	at ptolemy.actor.util.CausalityInterfaceForComposites._computeActorDepth(CausalityInterfaceForComposites.java:532)
	at ptolemy.actor.util.CausalityInterfaceForComposites.checkForCycles(CausalityInterfaceForComposites.java:96)
	at ptolemy.domains.de.kernel.DEDirector.preinitialize(DEDirector.java:1338)
	at ptolemy.actor.CompositeActor.preinitialize(CompositeActor.java:1828)
	at ptolemy.actor.Manager.preinitializeAndResolveTypes(Manager.java:1040)
	at ptolemy.actor.Manager.initialize(Manager.java:710)
	at ptolemy.actor.Manager.execute(Manager.java:356)
	at ptolemy.actor.Manager.run(Manager.java:1263)
	at ptolemy.actor.Manager$PtolemyRunThread.run(Manager.java:1933)

    while executing
ptolemy.kernel.util.IllegalActionException: Found a zero delay loop containing .HierarchicalModel.A
  in .HierarchicalModel and .HierarchicalModel.A
    while executing
"java::new ptolemy.moml.MoMLSimpleApplication $file
"
    (procedure "createAndExecute" line 2)
    invoked from within
"createAndExecute $file"
    ("uplevel" body line 5)
    invoked from within
"uplevel $contents_of_test"
------------------ testing $PTII/ptolemy/domains/de/test/auto/knownFailedTests/dependencyLoop2.xml (Known Failure) 
3 ms. Memory: 129024K Free: 77747K (60%)


==== $PTIIhome/travis/build/icyphy/ptII/ptolemy/domains/de/test/../../../../: Auto Automatic test in file $PTII/ptolemy/domains/de/test/auto/knownFailedTests/dependencyLoop2.xml
==== Contents of test case:

	    # FIXME: we should use $relativeFilename here, but it
	    # might have backslashes under Windows, which causes no end
	    # of trouble.
	    createAndExecute $file
	    list {}
	
.... Test generated KNOWN error:
    while executing
ptolemy.kernel.util.IllegalActionException: Found a zero delay loop containing .dependencyLoop2.original
  in .dependencyLoop2 and .dependencyLoop2.original
	at ptolemy.actor.util.CausalityInterfaceForComposites._computeOutputPortDepth(CausalityInterfaceForComposites.java:759)
	at ptolemy.actor.util.CausalityInterfaceForComposites._computeInputDepth(CausalityInterfaceForComposites.java:696)
	at ptolemy.actor.util.CausalityInterfaceForComposites._computeOutputPortDepth(CausalityInterfaceForComposites.java:765)
	at ptolemy.actor.util.CausalityInterfaceForComposites._computeInputDepth(CausalityInterfaceForComposites.java:696)
	at ptolemy.actor.util.CausalityInterfaceForComposites._computeOutputPortDepth(CausalityInterfaceForComposites.java:765)
	at ptolemy.actor.util.CausalityInterfaceForComposites._computeInputDepth(CausalityInterfaceForComposites.java:696)
	at ptolemy.actor.util.CausalityInterfaceForComposites._computeActorDepth(CausalityInterfaceForComposites.java:532)
	at ptolemy.actor.util.CausalityInterfaceForComposites.checkForCycles(CausalityInterfaceForComposites.java:96)
	at ptolemy.domains.de.kernel.DEDirector.preinitialize(DEDirector.java:1338)
	at ptolemy.actor.CompositeActor.preinitialize(CompositeActor.java:1828)
	at ptolemy.actor.Manager.preinitializeAndResolveTypes(Manager.java:1040)
	at ptolemy.actor.Manager.initialize(Manager.java:710)
	at ptolemy.actor.Manager.execute(Manager.java:356)
	at ptolemy.actor.Manager.run(Manager.java:1263)
	at ptolemy.actor.Manager$PtolemyRunThread.run(Manager.java:1933)

    while executing
ptolemy.kernel.util.IllegalActionException: Found a zero delay loop containing .dependencyLoop2.original
  in .dependencyLoop2 and .dependencyLoop2.original
    while executing
"java::new ptolemy.moml.MoMLSimpleApplication $file
"
    (procedure "createAndExecute" line 2)
    invoked from within
"createAndExecute $file"
    ("uplevel" body line 5)
    invoked from within
"uplevel $contents_of_test"
------------------ testing $PTII/ptolemy/domains/de/test/auto/knownFailedTests/DESDFClockTest.xml (Known Failure) 
2060 ms. Memory: 129024K Free: 108788K (84%)


==== $PTIIhome/travis/build/icyphy/ptII/ptolemy/domains/de/test/../../../../: Auto Automatic test in file $PTII/ptolemy/domains/de/test/auto/knownFailedTests/DESDFClockTest.xml
==== Contents of test case:

	    # FIXME: we should use $relativeFilename here, but it
	    # might have backslashes under Windows, which causes no end
	    # of trouble.
	    createAndExecute $file
	    list {}
	
.... Test generated KNOWN error:
    while executing
ptolemy.kernel.util.IllegalActionException: Actor is not ready to fire.  Perhaps UpSample.prefire() returned false? Try debugging the actor by selecting "Listen to Actor".  Also, for SDF check moml for tokenConsumptionRate on input.
  in .DESDFClockTest.Play Bell.Copy1:SDF Director and .DESDFClockTest.Play Bell.UpSample
	at ptolemy.actor.sched.StaticSchedulingDirector.fire(StaticSchedulingDirector.java:227)
	at ptolemy.domains.sdf.kernel.SDFDirector.fire(SDFDirector.java:500)
	at ptolemy.actor.CompositeActor.fire(CompositeActor.java:455)
	at ptolemy.domains.de.kernel.DEDirector._fire(DEDirector.java:1949)
	at ptolemy.domains.de.kernel.DEDirector.fire(DEDirector.java:502)
	at ptolemy.actor.CompositeActor.fire(CompositeActor.java:455)
	at ptolemy.actor.Manager.iterate(Manager.java:851)
	at ptolemy.actor.Manager.execute(Manager.java:369)
	at ptolemy.actor.Manager.run(Manager.java:1263)
	at ptolemy.actor.Manager$PtolemyRunThread.run(Manager.java:1933)

    while executing
ptolemy.kernel.util.IllegalActionException: Actor is not ready to fire.  Perhaps UpSample.prefire() returned false? Try debugging the actor by selecting "Listen to Actor".  Also, for SDF check moml for tokenConsumptionRate on input.
  in .DESDFClockTest.Play Bell.Copy1:SDF Director and .DESDFClockTest.Play Bell.UpSample
    while executing
"java::new ptolemy.moml.MoMLSimpleApplication $file
"
    (procedure "createAndExecute" line 2)
    invoked from within
"createAndExecute $file"
    ("uplevel" body line 5)
    invoked from within
"uplevel $contents_of_test"
------------------ testing $PTII/ptolemy/domains/de/test/auto/ActorDepthCalculation_actorWithoutPorts.xml
auto.tcl: Setting watchdog for 200 seconds at Mon Feb 10 21:14:02 UTC 2020
9 ms. Memory: 129024K Free: 101110K (78%)
ptolemy.util.test.WatchDog.cancel(): canceling Mon Feb 10 21:14:02 UTC 2020
auto.tcl: Setting watchdog for 200 seconds at Mon Feb 10 21:14:02 UTC 2020
4 ms. Memory: 129024K Free: 99558K (77%)
ptolemy.util.test.WatchDog.cancel(): canceling Mon Feb 10 21:14:02 UTC 2020
------------------ testing $PTII/ptolemy/domains/de/test/auto/AssemblyLine.xml
auto.tcl: Setting watchdog for 200 seconds at Mon Feb 10 21:14:02 UTC 2020
9 ms. Memory: 51200K Free: 27921K (55%)
ptolemy.util.test.WatchDog.cancel(): canceling Mon Feb 10 21:14:02 UTC 2020
auto.tcl: Setting watchdog for 200 seconds at Mon Feb 10 21:14:02 UTC 2020
14 ms. Memory: 51200K Free: 26746K (52%)
ptolemy.util.test.WatchDog.cancel(): canceling Mon Feb 10 21:14:02 UTC 2020
------------------ testing $PTII/ptolemy/domains/de/test/auto/CQBug1.xml
auto.tcl: Setting watchdog for 200 seconds at Mon Feb 10 21:14:02 UTC 2020
4 ms. Memory: 51200K Free: 33227K (65%)
ptolemy.util.test.WatchDog.cancel(): canceling Mon Feb 10 21:14:02 UTC 2020
auto.tcl: Setting watchdog for 200 seconds at Mon Feb 10 21:14:02 UTC 2020
1 ms. Memory: 51200K Free: 32800K (64%)
ptolemy.util.test.WatchDog.cancel(): canceling Mon Feb 10 21:14:03 UTC 2020
------------------ testing $PTII/ptolemy/domains/de/test/auto/CancelFireAt.xml
auto.tcl: Setting watchdog for 200 seconds at Mon Feb 10 21:14:03 UTC 2020
3 ms. Memory: 51200K Free: 34469K (67%)
ptolemy.util.test.WatchDog.cancel(): canceling Mon Feb 10 21:14:03 UTC 2020
auto.tcl: Setting watchdog for 200 seconds at Mon Feb 10 21:14:03 UTC 2020
2 ms. Memory: 51200K Free: 33994K (66%)
ptolemy.util.test.WatchDog.cancel(): canceling Mon Feb 10 21:14:03 UTC 2020
------------------ testing $PTII/ptolemy/domains/de/test/auto/CausalityAndComposabilityAnalysis.xml
auto.tcl: Setting watchdog for 200 seconds at Mon Feb 10 21:14:03 UTC 2020
20 ms. Memory: 51200K Free: 32597K (64%)
ptolemy.util.test.WatchDog.cancel(): canceling Mon Feb 10 21:14:03 UTC 2020
auto.tcl: Setting watchdog for 200 seconds at Mon Feb 10 21:14:03 UTC 2020
9 ms. Memory: 51200K Free: 31954K (62%)
ptolemy.util.test.WatchDog.cancel(): canceling Mon Feb 10 21:14:03 UTC 2020
------------------ testing $PTII/ptolemy/domains/de/test/auto/CausalityInterface1.xml
auto.tcl: Setting watchdog for 200 seconds at Mon Feb 10 21:14:03 UTC 2020
22 ms. Memory: 51200K Free: 31358K (61%)
ptolemy.util.test.WatchDog.cancel(): canceling Mon Feb 10 21:14:03 UTC 2020
auto.tcl: Setting watchdog for 200 seconds at Mon Feb 10 21:14:03 UTC 2020
4 ms. Memory: 51200K Free: 30382K (59%)
ptolemy.util.test.WatchDog.cancel(): canceling Mon Feb 10 21:14:03 UTC 2020
------------------ testing $PTII/ptolemy/domains/de/test/auto/CausalityInterface15.xml
auto.tcl: Setting watchdog for 200 seconds at Mon Feb 10 21:14:03 UTC 2020
4 ms. Memory: 51200K Free: 31538K (62%)
ptolemy.util.test.WatchDog.cancel(): canceling Mon Feb 10 21:14:03 UTC 2020
auto.tcl: Setting watchdog for 200 seconds at Mon Feb 10 21:14:03 UTC 2020
3 ms. Memory: 51200K Free: 30331K (59%)
ptolemy.util.test.WatchDog.cancel(): canceling Mon Feb 10 21:14:03 UTC 2020
------------------ testing $PTII/ptolemy/domains/de/test/auto/CausalityInterface2.xml
auto.tcl: Setting watchdog for 200 seconds at Mon Feb 10 21:14:03 UTC 2020
4 ms. Memory: 51200K Free: 32016K (63%)
ptolemy.util.test.WatchDog.cancel(): canceling Mon Feb 10 21:14:03 UTC 2020
auto.tcl: Setting watchdog for 200 seconds at Mon Feb 10 21:14:03 UTC 2020
3 ms. Memory: 51200K Free: 31343K (61%)
ptolemy.util.test.WatchDog.cancel(): canceling Mon Feb 10 21:14:03 UTC 2020
------------------ testing $PTII/ptolemy/domains/de/test/auto/CausalityInterface3.xml
auto.tcl: Setting watchdog for 200 seconds at Mon Feb 10 21:14:03 UTC 2020
5 ms. Memory: 51200K Free: 31535K (62%)
ptolemy.util.test.WatchDog.cancel(): canceling Mon Feb 10 21:14:03 UTC 2020
auto.tcl: Setting watchdog for 200 seconds at Mon Feb 10 21:14:03 UTC 2020
3 ms. Memory: 51200K Free: 31048K (61%)
ptolemy.util.test.WatchDog.cancel(): canceling Mon Feb 10 21:14:03 UTC 2020
------------------ testing $PTII/ptolemy/domains/de/test/auto/ClockDrift.xml
auto.tcl: Setting watchdog for 200 seconds at Mon Feb 10 21:14:03 UTC 2020
81 ms. Memory: 51200K Free: 23852K (47%)
ptolemy.util.test.WatchDog.cancel(): canceling Mon Feb 10 21:14:03 UTC 2020
auto.tcl: Setting watchdog for 200 seconds at Mon Feb 10 21:14:03 UTC 2020
52 ms. Memory: 51200K Free: 20638K (40%)
ptolemy.util.test.WatchDog.cancel(): canceling Mon Feb 10 21:14:03 UTC 2020
------------------ testing $PTII/ptolemy/domains/de/test/auto/ClockDriftAndValueChange.xml
auto.tcl: Setting watchdog for 200 seconds at Mon Feb 10 21:14:03 UTC 2020
43 ms. Memory: 51200K Free: 23968K (47%)
ptolemy.util.test.WatchDog.cancel(): canceling Mon Feb 10 21:14:03 UTC 2020
auto.tcl: Setting watchdog for 200 seconds at Mon Feb 10 21:14:03 UTC 2020
22 ms. Memory: 51200K Free: 20982K (41%)
ptolemy.util.test.WatchDog.cancel(): canceling Mon Feb 10 21:14:03 UTC 2020
------------------ testing $PTII/ptolemy/domains/de/test/auto/ClockDriftChange.xml
auto.tcl: Setting watchdog for 200 seconds at Mon Feb 10 21:14:03 UTC 2020
14 ms. Memory: 51200K Free: 26017K (51%)
ptolemy.util.test.WatchDog.cancel(): canceling Mon Feb 10 21:14:03 UTC 2020
auto.tcl: Setting watchdog for 200 seconds at Mon Feb 10 21:14:03 UTC 2020
13 ms. Memory: 51200K Free: 23479K (46%)
ptolemy.util.test.WatchDog.cancel(): canceling Mon Feb 10 21:14:03 UTC 2020
------------------ testing $PTII/ptolemy/domains/de/test/auto/ComposableCausalityAnalysis.xml
auto.tcl: Setting watchdog for 200 seconds at Mon Feb 10 21:14:04 UTC 2020
1 ms. Memory: 51200K Free: 30823K (60%)
ptolemy.util.test.WatchDog.cancel(): canceling Mon Feb 10 21:14:04 UTC 2020
auto.tcl: Setting watchdog for 200 seconds at Mon Feb 10 21:14:04 UTC 2020
4 ms. Memory: 51200K Free: 29778K (58%)
ptolemy.util.test.WatchDog.cancel(): canceling Mon Feb 10 21:14:04 UTC 2020
------------------ testing $PTII/ptolemy/domains/de/test/auto/DEFixedPointLimitation.xml
auto.tcl: Setting watchdog for 200 seconds at Mon Feb 10 21:14:04 UTC 2020
3 ms. Memory: 51200K Free: 31997K (62%)
ptolemy.util.test.WatchDog.cancel(): canceling Mon Feb 10 21:14:04 UTC 2020
auto.tcl: Setting watchdog for 200 seconds at Mon Feb 10 21:14:04 UTC 2020
2 ms. Memory: 51200K Free: 31343K (61%)
ptolemy.util.test.WatchDog.cancel(): canceling Mon Feb 10 21:14:04 UTC 2020
------------------ testing $PTII/ptolemy/domains/de/test/auto/DEScheduleTest.xml
auto.tcl: Setting watchdog for 200 seconds at Mon Feb 10 21:14:04 UTC 2020
4 ms. Memory: 51200K Free: 32580K (64%)
ptolemy.util.test.WatchDog.cancel(): canceling Mon Feb 10 21:14:04 UTC 2020
auto.tcl: Setting watchdog for 200 seconds at Mon Feb 10 21:14:04 UTC 2020
3 ms. Memory: 51200K Free: 31824K (62%)
ptolemy.util.test.WatchDog.cancel(): canceling Mon Feb 10 21:14:04 UTC 2020
------------------ testing $PTII/ptolemy/domains/de/test/auto/DEinDEwithStartTimes.xml
auto.tcl: Setting watchdog for 200 seconds at Mon Feb 10 21:14:04 UTC 2020
4 ms. Memory: 51200K Free: 30751K (60%)
ptolemy.util.test.WatchDog.cancel(): canceling Mon Feb 10 21:14:04 UTC 2020
auto.tcl: Setting watchdog for 200 seconds at Mon Feb 10 21:14:04 UTC 2020
3 ms. Memory: 51200K Free: 29727K (58%)
ptolemy.util.test.WatchDog.cancel(): canceling Mon Feb 10 21:14:04 UTC 2020
------------------ testing $PTII/ptolemy/domains/de/test/auto/DEinDEwithStartTimes2.xml
auto.tcl: Setting watchdog for 200 seconds at Mon Feb 10 21:14:04 UTC 2020
6 ms. Memory: 51200K Free: 29865K (58%)
ptolemy.util.test.WatchDog.cancel(): canceling Mon Feb 10 21:14:04 UTC 2020
auto.tcl: Setting watchdog for 200 seconds at Mon Feb 10 21:14:04 UTC 2020
4 ms. Memory: 51200K Free: 28682K (56%)
ptolemy.util.test.WatchDog.cancel(): canceling Mon Feb 10 21:14:04 UTC 2020
------------------ testing $PTII/ptolemy/domains/de/test/auto/DateDemo.xml
auto.tcl: Setting watchdog for 200 seconds at Mon Feb 10 21:14:04 UTC 2020
22 ms. Memory: 51200K Free: 24290K (47%)
ptolemy.util.test.WatchDog.cancel(): canceling Mon Feb 10 21:14:04 UTC 2020
auto.tcl: Setting watchdog for 200 seconds at Mon Feb 10 21:14:04 UTC 2020
7 ms. Memory: 51200K Free: 22674K (44%)
ptolemy.util.test.WatchDog.cancel(): canceling Mon Feb 10 21:14:04 UTC 2020
------------------ testing $PTII/ptolemy/domains/de/test/auto/DateToEvent.xml
auto.tcl: Setting watchdog for 200 seconds at Mon Feb 10 21:14:04 UTC 2020
2018 ms. Memory: 51200K Free: 20243K (40%)
ptolemy.util.test.WatchDog.cancel(): canceling Mon Feb 10 21:14:06 UTC 2020
auto.tcl: Setting watchdog for 200 seconds at Mon Feb 10 21:14:06 UTC 2020
2004 ms. Memory: 51200K Free: 19380K (38%)
ptolemy.util.test.WatchDog.cancel(): canceling Mon Feb 10 21:14:08 UTC 2020
------------------ testing $PTII/ptolemy/domains/de/test/auto/DepthTest1.xml
auto.tcl: Setting watchdog for 200 seconds at Mon Feb 10 21:14:08 UTC 2020
4 ms. Memory: 51200K Free: 33408K (65%)
ptolemy.util.test.WatchDog.cancel(): canceling Mon Feb 10 21:14:08 UTC 2020
auto.tcl: Setting watchdog for 200 seconds at Mon Feb 10 21:14:08 UTC 2020
1 ms. Memory: 51200K Free: 32908K (64%)
ptolemy.util.test.WatchDog.cancel(): canceling Mon Feb 10 21:14:08 UTC 2020
------------------ testing $PTII/ptolemy/domains/de/test/auto/DepthTest2.xml
auto.tcl: Setting watchdog for 200 seconds at Mon Feb 10 21:14:08 UTC 2020
3 ms. Memory: 51200K Free: 30162K (59%)
ptolemy.util.test.WatchDog.cancel(): canceling Mon Feb 10 21:14:08 UTC 2020
auto.tcl: Setting watchdog for 200 seconds at Mon Feb 10 21:14:08 UTC 2020
2 ms. Memory: 51200K Free: 29719K (58%)
ptolemy.util.test.WatchDog.cancel(): canceling Mon Feb 10 21:14:08 UTC 2020
------------------ testing $PTII/ptolemy/domains/de/test/auto/DepthTest3.xml
auto.tcl: Setting watchdog for 200 seconds at Mon Feb 10 21:14:08 UTC 2020
3 ms. Memory: 51200K Free: 33721K (66%)
ptolemy.util.test.WatchDog.cancel(): canceling Mon Feb 10 21:14:08 UTC 2020
auto.tcl: Setting watchdog for 200 seconds at Mon Feb 10 21:14:08 UTC 2020
2 ms. Memory: 51200K Free: 33250K (65%)
ptolemy.util.test.WatchDog.cancel(): canceling Mon Feb 10 21:14:08 UTC 2020
------------------ testing $PTII/ptolemy/domains/de/test/auto/DepthTest4.xml
auto.tcl: Setting watchdog for 200 seconds at Mon Feb 10 21:14:08 UTC 2020
7 ms. Memory: 51200K Free: 31970K (62%)
ptolemy.util.test.WatchDog.cancel(): canceling Mon Feb 10 21:14:08 UTC 2020
auto.tcl: Setting watchdog for 200 seconds at Mon Feb 10 21:14:08 UTC 2020
2 ms. Memory: 51200K Free: 31287K (61%)
ptolemy.util.test.WatchDog.cancel(): canceling Mon Feb 10 21:14:08 UTC 2020
------------------ testing $PTII/ptolemy/domains/de/test/auto/DepthTest5.xml
auto.tcl: Setting watchdog for 200 seconds at Mon Feb 10 21:14:08 UTC 2020
3 ms. Memory: 51200K Free: 31439K (61%)
ptolemy.util.test.WatchDog.cancel(): canceling Mon Feb 10 21:14:08 UTC 2020
auto.tcl: Setting watchdog for 200 seconds at Mon Feb 10 21:14:08 UTC 2020
2 ms. Memory: 51200K Free: 30683K (60%)
ptolemy.util.test.WatchDog.cancel(): canceling Mon Feb 10 21:14:08 UTC 2020
------------------ testing $PTII/ptolemy/domains/de/test/auto/DepthTest6.xml
auto.tcl: Setting watchdog for 200 seconds at Mon Feb 10 21:14:08 UTC 2020
3 ms. Memory: 51200K Free: 30868K (60%)
ptolemy.util.test.WatchDog.cancel(): canceling Mon Feb 10 21:14:09 UTC 2020
auto.tcl: Setting watchdog for 200 seconds at Mon Feb 10 21:14:09 UTC 2020
2 ms. Memory: 51200K Free: 30190K (59%)
ptolemy.util.test.WatchDog.cancel(): canceling Mon Feb 10 21:14:09 UTC 2020
------------------ testing $PTII/ptolemy/domains/de/test/auto/DepthTest7.xml
auto.tcl: Setting watchdog for 200 seconds at Mon Feb 10 21:14:09 UTC 2020
3 ms. Memory: 51200K Free: 31680K (62%)
ptolemy.util.test.WatchDog.cancel(): canceling Mon Feb 10 21:14:09 UTC 2020
auto.tcl: Setting watchdog for 200 seconds at Mon Feb 10 21:14:09 UTC 2020
2 ms. Memory: 51200K Free: 30752K (60%)
ptolemy.util.test.WatchDog.cancel(): canceling Mon Feb 10 21:14:09 UTC 2020
------------------ testing $PTII/ptolemy/domains/de/test/auto/EventToDate.xml
auto.tcl: Setting watchdog for 200 seconds at Mon Feb 10 21:14:09 UTC 2020
3012 ms. Memory: 51200K Free: 22485K (44%)
ptolemy.util.test.WatchDog.cancel(): canceling Mon Feb 10 21:14:12 UTC 2020
auto.tcl: Setting watchdog for 200 seconds at Mon Feb 10 21:14:12 UTC 2020
3004 ms. Memory: 51200K Free: 21998K (43%)
ptolemy.util.test.WatchDog.cancel(): canceling Mon Feb 10 21:14:15 UTC 2020
------------------ testing $PTII/ptolemy/domains/de/test/auto/FSM1.xml
auto.tcl: Setting watchdog for 200 seconds at Mon Feb 10 21:14:15 UTC 2020
36 ms. Memory: 51200K Free: 23633K (46%)
ptolemy.util.test.WatchDog.cancel(): canceling Mon Feb 10 21:14:15 UTC 2020
auto.tcl: Setting watchdog for 200 seconds at Mon Feb 10 21:14:15 UTC 2020
24 ms. Memory: 51200K Free: 20689K (40%)
ptolemy.util.test.WatchDog.cancel(): canceling Mon Feb 10 21:14:15 UTC 2020
------------------ testing $PTII/ptolemy/domains/de/test/auto/FSM7.xml
auto.tcl: Setting watchdog for 200 seconds at Mon Feb 10 21:14:15 UTC 2020
14 ms. Memory: 51200K Free: 23134K (45%)
ptolemy.util.test.WatchDog.cancel(): canceling Mon Feb 10 21:14:15 UTC 2020
auto.tcl: Setting watchdog for 200 seconds at Mon Feb 10 21:14:15 UTC 2020
22 ms. Memory: 51200K Free: 19857K (39%)
ptolemy.util.test.WatchDog.cancel(): canceling Mon Feb 10 21:14:15 UTC 2020
------------------ testing $PTII/ptolemy/domains/de/test/auto/Inspection.xml
auto.tcl: Setting watchdog for 200 seconds at Mon Feb 10 21:14:15 UTC 2020
28 ms. Memory: 51200K Free: 23439K (46%)
ptolemy.util.test.WatchDog.cancel(): canceling Mon Feb 10 21:14:15 UTC 2020
auto.tcl: Setting watchdog for 200 seconds at Mon Feb 10 21:14:15 UTC 2020
27 ms. Memory: 51200K Free: 21749K (42%)
ptolemy.util.test.WatchDog.cancel(): canceling Mon Feb 10 21:14:15 UTC 2020
------------------ testing $PTII/ptolemy/domains/de/test/auto/Iteration.xml
auto.tcl: Setting watchdog for 200 seconds at Mon Feb 10 21:14:15 UTC 2020
6 ms. Memory: 51200K Free: 28985K (57%)
ptolemy.util.test.WatchDog.cancel(): canceling Mon Feb 10 21:14:15 UTC 2020
auto.tcl: Setting watchdog for 200 seconds at Mon Feb 10 21:14:15 UTC 2020
6 ms. Memory: 51200K Free: 27805K (54%)
ptolemy.util.test.WatchDog.cancel(): canceling Mon Feb 10 21:14:15 UTC 2020
------------------ testing $PTII/ptolemy/domains/de/test/auto/LineFault.xml
auto.tcl: Setting watchdog for 200 seconds at Mon Feb 10 21:14:15 UTC 2020
634 ms. Memory: 61440K Free: 23403K (38%)
ptolemy.util.test.WatchDog.cancel(): canceling Mon Feb 10 21:14:16 UTC 2020
auto.tcl: Setting watchdog for 200 seconds at Mon Feb 10 21:14:16 UTC 2020
522 ms. Memory: 61440K Free: 22950K (37%)
ptolemy.util.test.WatchDog.cancel(): canceling Mon Feb 10 21:14:17 UTC 2020
------------------ testing $PTII/ptolemy/domains/de/test/auto/MergeModel1Add.xml
auto.tcl: Setting watchdog for 200 seconds at Mon Feb 10 21:14:17 UTC 2020
29 ms. Memory: 58368K Free: 22376K (38%)
ptolemy.util.test.WatchDog.cancel(): canceling Mon Feb 10 21:14:17 UTC 2020
auto.tcl: Setting watchdog for 200 seconds at Mon Feb 10 21:14:17 UTC 2020
8 ms. Memory: 58368K Free: 20730K (36%)
ptolemy.util.test.WatchDog.cancel(): canceling Mon Feb 10 21:14:17 UTC 2020
------------------ testing $PTII/ptolemy/domains/de/test/auto/MergeModel2Add.xml
auto.tcl: Setting watchdog for 200 seconds at Mon Feb 10 21:14:17 UTC 2020
7 ms. Memory: 51200K Free: 17232K (34%)
ptolemy.util.test.WatchDog.cancel(): canceling Mon Feb 10 21:14:17 UTC 2020
auto.tcl: Setting watchdog for 200 seconds at Mon Feb 10 21:14:17 UTC 2020
8 ms. Memory: 51200K Free: 15303K (30%)
ptolemy.util.test.WatchDog.cancel(): canceling Mon Feb 10 21:14:17 UTC 2020
------------------ testing $PTII/ptolemy/domains/de/test/auto/MergeModel3Add.xml
auto.tcl: Setting watchdog for 200 seconds at Mon Feb 10 21:14:17 UTC 2020
9 ms. Memory: 51200K Free: 17261K (34%)
ptolemy.util.test.WatchDog.cancel(): canceling Mon Feb 10 21:14:17 UTC 2020
auto.tcl: Setting watchdog for 200 seconds at Mon Feb 10 21:14:17 UTC 2020
8 ms. Memory: 51200K Free: 15765K (31%)
ptolemy.util.test.WatchDog.cancel(): canceling Mon Feb 10 21:14:17 UTC 2020
------------------ testing $PTII/ptolemy/domains/de/test/auto/MergeWithoutDiscard.xml
auto.tcl: Setting watchdog for 200 seconds at Mon Feb 10 21:14:17 UTC 2020
1 ms. Memory: 51200K Free: 32148K (63%)
ptolemy.util.test.WatchDog.cancel(): canceling Mon Feb 10 21:14:17 UTC 2020
auto.tcl: Setting watchdog for 200 seconds at Mon Feb 10 21:14:17 UTC 2020
1 ms. Memory: 51200K Free: 31223K (61%)
ptolemy.util.test.WatchDog.cancel(): canceling Mon Feb 10 21:14:17 UTC 2020
------------------ testing $PTII/ptolemy/domains/de/test/auto/Modal1.xml
auto.tcl: Setting watchdog for 200 seconds at Mon Feb 10 21:14:17 UTC 2020
20 ms. Memory: 51200K Free: 23737K (46%)
ptolemy.util.test.WatchDog.cancel(): canceling Mon Feb 10 21:14:17 UTC 2020
auto.tcl: Setting watchdog for 200 seconds at Mon Feb 10 21:14:17 UTC 2020
21 ms. Memory: 51200K Free: 20238K (40%)
ptolemy.util.test.WatchDog.cancel(): canceling Mon Feb 10 21:14:17 UTC 2020
------------------ testing $PTII/ptolemy/domains/de/test/auto/Modal2.xml
auto.tcl: Setting watchdog for 200 seconds at Mon Feb 10 21:14:17 UTC 2020
12 ms. Memory: 51200K Free: 24142K (47%)
ptolemy.util.test.WatchDog.cancel(): canceling Mon Feb 10 21:14:17 UTC 2020
auto.tcl: Setting watchdog for 200 seconds at Mon Feb 10 21:14:17 UTC 2020
14 ms. Memory: 51200K Free: 20628K (40%)
ptolemy.util.test.WatchDog.cancel(): canceling Mon Feb 10 21:14:17 UTC 2020
------------------ testing $PTII/ptolemy/domains/de/test/auto/Modal3.xml
auto.tcl: Setting watchdog for 200 seconds at Mon Feb 10 21:14:17 UTC 2020
15 ms. Memory: 51200K Free: 23853K (47%)
ptolemy.util.test.WatchDog.cancel(): canceling Mon Feb 10 21:14:17 UTC 2020
auto.tcl: Setting watchdog for 200 seconds at Mon Feb 10 21:14:17 UTC 2020
15 ms. Memory: 51200K Free: 20626K (40%)
ptolemy.util.test.WatchDog.cancel(): canceling Mon Feb 10 21:14:17 UTC 2020
------------------ testing $PTII/ptolemy/domains/de/test/auto/Modal4.xml
auto.tcl: Setting watchdog for 200 seconds at Mon Feb 10 21:14:17 UTC 2020
24 ms. Memory: 51200K Free: 22856K (45%)
ptolemy.util.test.WatchDog.cancel(): canceling Mon Feb 10 21:14:17 UTC 2020
auto.tcl: Setting watchdog for 200 seconds at Mon Feb 10 21:14:17 UTC 2020
19 ms. Memory: 51200K Free: 19018K (37%)
ptolemy.util.test.WatchDog.cancel(): canceling Mon Feb 10 21:14:17 UTC 2020
------------------ testing $PTII/ptolemy/domains/de/test/auto/Modal5.xml
auto.tcl: Setting watchdog for 200 seconds at Mon Feb 10 21:14:18 UTC 2020
12 ms. Memory: 51200K Free: 22813K (45%)
ptolemy.util.test.WatchDog.cancel(): canceling Mon Feb 10 21:14:18 UTC 2020
auto.tcl: Setting watchdog for 200 seconds at Mon Feb 10 21:14:18 UTC 2020
13 ms. Memory: 51200K Free: 19005K (37%)
ptolemy.util.test.WatchDog.cancel(): canceling Mon Feb 10 21:14:18 UTC 2020
------------------ testing $PTII/ptolemy/domains/de/test/auto/Modal6.xml
auto.tcl: Setting watchdog for 200 seconds at Mon Feb 10 21:14:18 UTC 2020
12 ms. Memory: 51200K Free: 23556K (46%)
ptolemy.util.test.WatchDog.cancel(): canceling Mon Feb 10 21:14:18 UTC 2020
auto.tcl: Setting watchdog for 200 seconds at Mon Feb 10 21:14:18 UTC 2020
13 ms. Memory: 51200K Free: 19605K (38%)
ptolemy.util.test.WatchDog.cancel(): canceling Mon Feb 10 21:14:18 UTC 2020
------------------ testing $PTII/ptolemy/domains/de/test/auto/Modal7.xml
auto.tcl: Setting watchdog for 200 seconds at Mon Feb 10 21:14:18 UTC 2020
10 ms. Memory: 51200K Free: 22533K (44%)
ptolemy.util.test.WatchDog.cancel(): canceling Mon Feb 10 21:14:18 UTC 2020
auto.tcl: Setting watchdog for 200 seconds at Mon Feb 10 21:14:18 UTC 2020
9 ms. Memory: 51200K Free: 19004K (37%)
ptolemy.util.test.WatchDog.cancel(): canceling Mon Feb 10 21:14:18 UTC 2020
------------------ testing $PTII/ptolemy/domains/de/test/auto/ModalModel.xml
auto.tcl: Setting watchdog for 200 seconds at Mon Feb 10 21:14:18 UTC 2020
175 ms. Memory: 51200K Free: 15748K (31%)
ptolemy.util.test.WatchDog.cancel(): canceling Mon Feb 10 21:14:18 UTC 2020
auto.tcl: Setting watchdog for 200 seconds at Mon Feb 10 21:14:18 UTC 2020
202 ms. Memory: 61440K Free: 17261K (28%)
ptolemy.util.test.WatchDog.cancel(): canceling Mon Feb 10 21:14:18 UTC 2020
------------------ testing $PTII/ptolemy/domains/de/test/auto/ModalSource.xml
auto.tcl: Setting watchdog for 200 seconds at Mon Feb 10 21:14:18 UTC 2020
9 ms. Memory: 55296K Free: 31774K (57%)
ptolemy.util.test.WatchDog.cancel(): canceling Mon Feb 10 21:14:18 UTC 2020
auto.tcl: Setting watchdog for 200 seconds at Mon Feb 10 21:14:18 UTC 2020
8 ms. Memory: 55296K Free: 29726K (54%)
ptolemy.util.test.WatchDog.cancel(): canceling Mon Feb 10 21:14:18 UTC 2020
------------------ testing $PTII/ptolemy/domains/de/test/auto/NonInterruptibleTimerZeroDelay.xml
auto.tcl: Setting watchdog for 200 seconds at Mon Feb 10 21:14:18 UTC 2020
3 ms. Memory: 51200K Free: 32645K (64%)
ptolemy.util.test.WatchDog.cancel(): canceling Mon Feb 10 21:14:18 UTC 2020
auto.tcl: Setting watchdog for 200 seconds at Mon Feb 10 21:14:18 UTC 2020
2 ms. Memory: 51200K Free: 31952K (62%)
ptolemy.util.test.WatchDog.cancel(): canceling Mon Feb 10 21:14:18 UTC 2020
------------------ testing $PTII/ptolemy/domains/de/test/auto/OpenQueueingNetwork.xml
auto.tcl: Setting watchdog for 200 seconds at Mon Feb 10 21:14:19 UTC 2020
2956 ms. Memory: 92160K Free: 29782K (32%)
ptolemy.util.test.WatchDog.cancel(): canceling Mon Feb 10 21:14:22 UTC 2020
auto.tcl: Setting watchdog for 200 seconds at Mon Feb 10 21:14:22 UTC 2020
2301 ms. Memory: 111616K Free: 66524K (60%)
ptolemy.util.test.WatchDog.cancel(): canceling Mon Feb 10 21:14:24 UTC 2020
------------------ testing $PTII/ptolemy/domains/de/test/auto/OpenQueuingNetwork.xml
auto.tcl: Setting watchdog for 200 seconds at Mon Feb 10 21:14:24 UTC 2020
223 ms. Memory: 55296K Free: 26119K (47%)
ptolemy.util.test.WatchDog.cancel(): canceling Mon Feb 10 21:14:24 UTC 2020
auto.tcl: Setting watchdog for 200 seconds at Mon Feb 10 21:14:24 UTC 2020
216 ms. Memory: 55296K Free: 36326K (66%)
ptolemy.util.test.WatchDog.cancel(): canceling Mon Feb 10 21:14:25 UTC 2020
------------------ testing $PTII/ptolemy/domains/de/test/auto/PeriodicSampler.xml
auto.tcl: Setting watchdog for 200 seconds at Mon Feb 10 21:14:25 UTC 2020
3 ms. Memory: 55296K Free: 35906K (65%)
ptolemy.util.test.WatchDog.cancel(): canceling Mon Feb 10 21:14:25 UTC 2020
auto.tcl: Setting watchdog for 200 seconds at Mon Feb 10 21:14:25 UTC 2020
2 ms. Memory: 55296K Free: 35386K (64%)
ptolemy.util.test.WatchDog.cancel(): canceling Mon Feb 10 21:14:25 UTC 2020
------------------ testing $PTII/ptolemy/domains/de/test/auto/PersistentIO.xml
auto.tcl: Setting watchdog for 200 seconds at Mon Feb 10 21:14:25 UTC 2020
13 ms. Memory: 55296K Free: 30830K (56%)
ptolemy.util.test.WatchDog.cancel(): canceling Mon Feb 10 21:14:25 UTC 2020
auto.tcl: Setting watchdog for 200 seconds at Mon Feb 10 21:14:25 UTC 2020
4 ms. Memory: 55296K Free: 29310K (53%)
ptolemy.util.test.WatchDog.cancel(): canceling Mon Feb 10 21:14:25 UTC 2020
------------------ testing $PTII/ptolemy/domains/de/test/auto/PortParameterResetOnInitialize.xml
auto.tcl: Setting watchdog for 200 seconds at Mon Feb 10 21:14:25 UTC 2020
2 ms. Memory: 55296K Free: 35828K (65%)
ptolemy.util.test.WatchDog.cancel(): canceling Mon Feb 10 21:14:25 UTC 2020
auto.tcl: Setting watchdog for 200 seconds at Mon Feb 10 21:14:25 UTC 2020
2 ms. Memory: 55296K Free: 35316K (64%)
ptolemy.util.test.WatchDog.cancel(): canceling Mon Feb 10 21:14:25 UTC 2020
------------------ testing $PTII/ptolemy/domains/de/test/auto/PortParameterUpdates.xml
auto.tcl: Setting watchdog for 200 seconds at Mon Feb 10 21:14:25 UTC 2020
5 ms. Memory: 55296K Free: 33898K (61%)
ptolemy.util.test.WatchDog.cancel(): canceling Mon Feb 10 21:14:25 UTC 2020
auto.tcl: Setting watchdog for 200 seconds at Mon Feb 10 21:14:25 UTC 2020
3 ms. Memory: 55296K Free: 32874K (59%)
ptolemy.util.test.WatchDog.cancel(): canceling Mon Feb 10 21:14:25 UTC 2020
------------------ testing $PTII/ptolemy/domains/de/test/auto/QueueAndServer.xml
auto.tcl: Setting watchdog for 200 seconds at Mon Feb 10 21:14:25 UTC 2020
13 ms. Memory: 55296K Free: 32853K (59%)
ptolemy.util.test.WatchDog.cancel(): canceling Mon Feb 10 21:14:25 UTC 2020
auto.tcl: Setting watchdog for 200 seconds at Mon Feb 10 21:14:25 UTC 2020
7 ms. Memory: 55296K Free: 31319K (57%)
ptolemy.util.test.WatchDog.cancel(): canceling Mon Feb 10 21:14:25 UTC 2020
------------------ testing $PTII/ptolemy/domains/de/test/auto/Records.xml
auto.tcl: Setting watchdog for 200 seconds at Mon Feb 10 21:14:25 UTC 2020
3 ms. Memory: 55296K Free: 35060K (63%)
ptolemy.util.test.WatchDog.cancel(): canceling Mon Feb 10 21:14:25 UTC 2020
auto.tcl: Setting watchdog for 200 seconds at Mon Feb 10 21:14:25 UTC 2020
2 ms. Memory: 55296K Free: 34545K (62%)
ptolemy.util.test.WatchDog.cancel(): canceling Mon Feb 10 21:14:25 UTC 2020
------------------ testing $PTII/ptolemy/domains/de/test/auto/ResetTransitionWithStartTime1.xml
auto.tcl: Setting watchdog for 200 seconds at Mon Feb 10 21:14:25 UTC 2020
6 ms. Memory: 55296K Free: 32352K (59%)
ptolemy.util.test.WatchDog.cancel(): canceling Mon Feb 10 21:14:25 UTC 2020
auto.tcl: Setting watchdog for 200 seconds at Mon Feb 10 21:14:25 UTC 2020
7 ms. Memory: 55296K Free: 30267K (55%)
ptolemy.util.test.WatchDog.cancel(): canceling Mon Feb 10 21:14:25 UTC 2020
------------------ testing $PTII/ptolemy/domains/de/test/auto/ResetTransitionWithStartTime2.xml
auto.tcl: Setting watchdog for 200 seconds at Mon Feb 10 21:14:25 UTC 2020
8 ms. Memory: 51200K Free: 28173K (55%)
ptolemy.util.test.WatchDog.cancel(): canceling Mon Feb 10 21:14:25 UTC 2020
auto.tcl: Setting watchdog for 200 seconds at Mon Feb 10 21:14:25 UTC 2020
7 ms. Memory: 51200K Free: 26131K (51%)
ptolemy.util.test.WatchDog.cancel(): canceling Mon Feb 10 21:14:25 UTC 2020
------------------ testing $PTII/ptolemy/domains/de/test/auto/ResetTransitionWithStartTime3.xml
auto.tcl: Setting watchdog for 200 seconds at Mon Feb 10 21:14:25 UTC 2020
6 ms. Memory: 51200K Free: 28172K (55%)
ptolemy.util.test.WatchDog.cancel(): canceling Mon Feb 10 21:14:25 UTC 2020
auto.tcl: Setting watchdog for 200 seconds at Mon Feb 10 21:14:25 UTC 2020
5 ms. Memory: 51200K Free: 26152K (51%)
ptolemy.util.test.WatchDog.cancel(): canceling Mon Feb 10 21:14:25 UTC 2020
------------------ testing $PTII/ptolemy/domains/de/test/auto/ResetTransitionWithStartTime4.xml
auto.tcl: Setting watchdog for 200 seconds at Mon Feb 10 21:14:25 UTC 2020
7 ms. Memory: 51200K Free: 28619K (56%)
ptolemy.util.test.WatchDog.cancel(): canceling Mon Feb 10 21:14:25 UTC 2020
auto.tcl: Setting watchdog for 200 seconds at Mon Feb 10 21:14:25 UTC 2020
2 ms. Memory: 51200K Free: 27153K (53%)
ptolemy.util.test.WatchDog.cancel(): canceling Mon Feb 10 21:14:25 UTC 2020
------------------ testing $PTII/ptolemy/domains/de/test/auto/ResettableTimer1.xml
auto.tcl: Setting watchdog for 200 seconds at Mon Feb 10 21:14:25 UTC 2020
2 ms. Memory: 51200K Free: 32349K (63%)
ptolemy.util.test.WatchDog.cancel(): canceling Mon Feb 10 21:14:25 UTC 2020
auto.tcl: Setting watchdog for 200 seconds at Mon Feb 10 21:14:25 UTC 2020
2 ms. Memory: 51200K Free: 31720K (62%)
ptolemy.util.test.WatchDog.cancel(): canceling Mon Feb 10 21:14:25 UTC 2020
------------------ testing $PTII/ptolemy/domains/de/test/auto/ResettableTimer2.xml
auto.tcl: Setting watchdog for 200 seconds at Mon Feb 10 21:14:25 UTC 2020
3 ms. Memory: 51200K Free: 32443K (63%)
ptolemy.util.test.WatchDog.cancel(): canceling Mon Feb 10 21:14:25 UTC 2020
auto.tcl: Setting watchdog for 200 seconds at Mon Feb 10 21:14:25 UTC 2020
2 ms. Memory: 51200K Free: 31792K (62%)
ptolemy.util.test.WatchDog.cancel(): canceling Mon Feb 10 21:14:25 UTC 2020
------------------ testing $PTII/ptolemy/domains/de/test/auto/ResettableTimer3.xml
auto.tcl: Setting watchdog for 200 seconds at Mon Feb 10 21:14:25 UTC 2020
2 ms. Memory: 51200K Free: 32305K (63%)
ptolemy.util.test.WatchDog.cancel(): canceling Mon Feb 10 21:14:25 UTC 2020
auto.tcl: Setting watchdog for 200 seconds at Mon Feb 10 21:14:25 UTC 2020
1 ms. Memory: 51200K Free: 32305K (63%)
ptolemy.util.test.WatchDog.cancel(): canceling Mon Feb 10 21:14:25 UTC 2020
------------------ testing $PTII/ptolemy/domains/de/test/auto/ResettableTimer4.xml
auto.tcl: Setting watchdog for 200 seconds at Mon Feb 10 21:14:25 UTC 2020
1 ms. Memory: 51200K Free: 32318K (63%)
ptolemy.util.test.WatchDog.cancel(): canceling Mon Feb 10 21:14:25 UTC 2020
auto.tcl: Setting watchdog for 200 seconds at Mon Feb 10 21:14:25 UTC 2020
1 ms. Memory: 51200K Free: 31819K (62%)
ptolemy.util.test.WatchDog.cancel(): canceling Mon Feb 10 21:14:25 UTC 2020
------------------ testing $PTII/ptolemy/domains/de/test/auto/ResettableTimer5.xml
auto.tcl: Setting watchdog for 200 seconds at Mon Feb 10 21:14:25 UTC 2020
2 ms. Memory: 51200K Free: 31796K (62%)
ptolemy.util.test.WatchDog.cancel(): canceling Mon Feb 10 21:14:25 UTC 2020
auto.tcl: Setting watchdog for 200 seconds at Mon Feb 10 21:14:25 UTC 2020
1 ms. Memory: 51200K Free: 31299K (61%)
ptolemy.util.test.WatchDog.cancel(): canceling Mon Feb 10 21:14:25 UTC 2020
------------------ testing $PTII/ptolemy/domains/de/test/auto/ResettableTimer6.xml
auto.tcl: Setting watchdog for 200 seconds at Mon Feb 10 21:14:26 UTC 2020
1 ms. Memory: 51200K Free: 31793K (62%)
ptolemy.util.test.WatchDog.cancel(): canceling Mon Feb 10 21:14:26 UTC 2020
auto.tcl: Setting watchdog for 200 seconds at Mon Feb 10 21:14:26 UTC 2020
1 ms. Memory: 51200K Free: 31283K (61%)
ptolemy.util.test.WatchDog.cancel(): canceling Mon Feb 10 21:14:26 UTC 2020
------------------ testing $PTII/ptolemy/domains/de/test/auto/ServerZeroDelay.xml
auto.tcl: Setting watchdog for 200 seconds at Mon Feb 10 21:14:26 UTC 2020
3 ms. Memory: 51200K Free: 32298K (63%)
ptolemy.util.test.WatchDog.cancel(): canceling Mon Feb 10 21:14:26 UTC 2020
auto.tcl: Setting watchdog for 200 seconds at Mon Feb 10 21:14:26 UTC 2020
2 ms. Memory: 51200K Free: 31274K (61%)
ptolemy.util.test.WatchDog.cancel(): canceling Mon Feb 10 21:14:26 UTC 2020
------------------ testing $PTII/ptolemy/domains/de/test/auto/SmartSender.xml
auto.tcl: Setting watchdog for 200 seconds at Mon Feb 10 21:14:26 UTC 2020
3001 ms. Memory: 51200K Free: 32293K (63%)
ptolemy.util.test.WatchDog.cancel(): canceling Mon Feb 10 21:14:29 UTC 2020
auto.tcl: Setting watchdog for 200 seconds at Mon Feb 10 21:14:29 UTC 2020
3001 ms. Memory: 51200K Free: 31793K (62%)
ptolemy.util.test.WatchDog.cancel(): canceling Mon Feb 10 21:14:32 UTC 2020
------------------ testing $PTII/ptolemy/domains/de/test/auto/ThreadedComposite.xml
auto.tcl: Setting watchdog for 200 seconds at Mon Feb 10 21:14:32 UTC 2020
223 ms. Memory: 51200K Free: 13875K (27%)
ptolemy.util.test.WatchDog.cancel(): canceling Mon Feb 10 21:14:32 UTC 2020
auto.tcl: Setting watchdog for 200 seconds at Mon Feb 10 21:14:32 UTC 2020
137 ms. Memory: 61440K Free: 40238K (65%)
ptolemy.util.test.WatchDog.cancel(): canceling Mon Feb 10 21:14:32 UTC 2020
------------------ testing $PTII/ptolemy/domains/de/test/auto/Time.xml
auto.tcl: Setting watchdog for 200 seconds at Mon Feb 10 21:14:32 UTC 2020
392 ms. Memory: 55296K Free: 16096K (29%)
ptolemy.util.test.WatchDog.cancel(): canceling Mon Feb 10 21:14:33 UTC 2020
auto.tcl: Setting watchdog for 200 seconds at Mon Feb 10 21:14:33 UTC 2020
396 ms. Memory: 55296K Free: 26030K (47%)
ptolemy.util.test.WatchDog.cancel(): canceling Mon Feb 10 21:14:33 UTC 2020
------------------ testing $PTII/ptolemy/domains/de/test/auto/TimeDelayZeroDelay.xml
auto.tcl: Setting watchdog for 200 seconds at Mon Feb 10 21:14:33 UTC 2020
2 ms. Memory: 51200K Free: 32704K (64%)
ptolemy.util.test.WatchDog.cancel(): canceling Mon Feb 10 21:14:33 UTC 2020
auto.tcl: Setting watchdog for 200 seconds at Mon Feb 10 21:14:33 UTC 2020
2 ms. Memory: 51200K Free: 31856K (62%)
ptolemy.util.test.WatchDog.cancel(): canceling Mon Feb 10 21:14:33 UTC 2020
------------------ testing $PTII/ptolemy/domains/de/test/auto/TimerZeroDelay.xml
auto.tcl: Setting watchdog for 200 seconds at Mon Feb 10 21:14:33 UTC 2020
2 ms. Memory: 51200K Free: 32640K (64%)
ptolemy.util.test.WatchDog.cancel(): canceling Mon Feb 10 21:14:33 UTC 2020
auto.tcl: Setting watchdog for 200 seconds at Mon Feb 10 21:14:33 UTC 2020
2 ms. Memory: 51200K Free: 31899K (62%)
ptolemy.util.test.WatchDog.cancel(): canceling Mon Feb 10 21:14:33 UTC 2020
------------------ testing $PTII/ptolemy/domains/de/test/auto/TimingParadox.xml
auto.tcl: Setting watchdog for 200 seconds at Mon Feb 10 21:14:33 UTC 2020
272 ms. Memory: 51200K Free: 21942K (43%)
ptolemy.util.test.WatchDog.cancel(): canceling Mon Feb 10 21:14:34 UTC 2020
auto.tcl: Setting watchdog for 200 seconds at Mon Feb 10 21:14:34 UTC 2020
271 ms. Memory: 51200K Free: 13735K (27%)
ptolemy.util.test.WatchDog.cancel(): canceling Mon Feb 10 21:14:34 UTC 2020
------------------ testing $PTII/ptolemy/domains/de/test/auto/TransferInputs.xml
auto.tcl: Setting watchdog for 200 seconds at Mon Feb 10 21:14:34 UTC 2020
2 ms. Memory: 51200K Free: 30734K (60%)
ptolemy.util.test.WatchDog.cancel(): canceling Mon Feb 10 21:14:34 UTC 2020
auto.tcl: Setting watchdog for 200 seconds at Mon Feb 10 21:14:34 UTC 2020
2 ms. Memory: 51200K Free: 29861K (58%)
ptolemy.util.test.WatchDog.cancel(): canceling Mon Feb 10 21:14:34 UTC 2020
------------------ testing $PTII/ptolemy/domains/de/test/auto/TransferOutputs2.xml
auto.tcl: Setting watchdog for 200 seconds at Mon Feb 10 21:14:34 UTC 2020
3 ms. Memory: 51200K Free: 28176K (55%)
ptolemy.util.test.WatchDog.cancel(): canceling Mon Feb 10 21:14:34 UTC 2020
auto.tcl: Setting watchdog for 200 seconds at Mon Feb 10 21:14:34 UTC 2020
3 ms. Memory: 51200K Free: 26762K (52%)
ptolemy.util.test.WatchDog.cancel(): canceling Mon Feb 10 21:14:34 UTC 2020
------------------ testing $PTII/ptolemy/domains/de/test/auto/Trilateration.xml
auto.tcl: Setting watchdog for 200 seconds at Mon Feb 10 21:14:34 UTC 2020
12119 ms. Memory: 377856K Free: 216845K (57%)
ptolemy.util.test.WatchDog.cancel(): canceling Mon Feb 10 21:14:47 UTC 2020
auto.tcl: Setting watchdog for 200 seconds at Mon Feb 10 21:14:47 UTC 2020
9275 ms. Memory: 377856K Free: 288047K (76%)
ptolemy.util.test.WatchDog.cancel(): canceling Mon Feb 10 21:14:56 UTC 2020
------------------ testing $PTII/ptolemy/domains/de/test/auto/TwoSigmaDelta.xml
auto.tcl: Setting watchdog for 200 seconds at Mon Feb 10 21:14:57 UTC 2020
2296 ms. Memory: 92160K Free: 31414K (34%)
ptolemy.util.test.WatchDog.cancel(): canceling Mon Feb 10 21:14:59 UTC 2020
auto.tcl: Setting watchdog for 200 seconds at Mon Feb 10 21:14:59 UTC 2020
1789 ms. Memory: 92160K Free: 34567K (38%)
ptolemy.util.test.WatchDog.cancel(): canceling Mon Feb 10 21:15:01 UTC 2020
------------------ testing $PTII/ptolemy/domains/de/test/auto/VariableDelay.xml
auto.tcl: Setting watchdog for 200 seconds at Mon Feb 10 21:15:01 UTC 2020
3 ms. Memory: 55296K Free: 35326K (64%)
ptolemy.util.test.WatchDog.cancel(): canceling Mon Feb 10 21:15:01 UTC 2020
auto.tcl: Setting watchdog for 200 seconds at Mon Feb 10 21:15:01 UTC 2020
2 ms. Memory: 55296K Free: 34310K (62%)
ptolemy.util.test.WatchDog.cancel(): canceling Mon Feb 10 21:15:01 UTC 2020
------------------ testing $PTII/ptolemy/domains/de/test/auto/VariableDelay2.xml
auto.tcl: Setting watchdog for 200 seconds at Mon Feb 10 21:15:01 UTC 2020
9 ms. Memory: 55296K Free: 35911K (65%)
ptolemy.util.test.WatchDog.cancel(): canceling Mon Feb 10 21:15:01 UTC 2020
auto.tcl: Setting watchdog for 200 seconds at Mon Feb 10 21:15:01 UTC 2020
2 ms. Memory: 55296K Free: 35399K (64%)
ptolemy.util.test.WatchDog.cancel(): canceling Mon Feb 10 21:15:01 UTC 2020
------------------ testing $PTII/ptolemy/domains/de/test/auto/VariableDelayZeroDelay.xml
auto.tcl: Setting watchdog for 200 seconds at Mon Feb 10 21:15:01 UTC 2020
2 ms. Memory: 51200K Free: 32156K (63%)
ptolemy.util.test.WatchDog.cancel(): canceling Mon Feb 10 21:15:01 UTC 2020
auto.tcl: Setting watchdog for 200 seconds at Mon Feb 10 21:15:01 UTC 2020
2 ms. Memory: 51200K Free: 31628K (62%)
ptolemy.util.test.WatchDog.cancel(): canceling Mon Feb 10 21:15:01 UTC 2020
------------------ testing $PTII/ptolemy/domains/de/test/auto/VariableDelayZeroDelay2.xml
auto.tcl: Setting watchdog for 200 seconds at Mon Feb 10 21:15:01 UTC 2020
3 ms. Memory: 51200K Free: 32155K (63%)
ptolemy.util.test.WatchDog.cancel(): canceling Mon Feb 10 21:15:01 UTC 2020
auto.tcl: Setting watchdog for 200 seconds at Mon Feb 10 21:15:01 UTC 2020
2 ms. Memory: 51200K Free: 31131K (61%)
ptolemy.util.test.WatchDog.cancel(): canceling Mon Feb 10 21:15:01 UTC 2020
------------------ testing $PTII/ptolemy/domains/de/test/auto/deInCt.xml
auto.tcl: Setting watchdog for 200 seconds at Mon Feb 10 21:15:01 UTC 2020
0
1
1
1
0
0
0
1
1
1
0
0
0
0
1
1
0
0
0
1
1
1
0
0
0
0
0
1
1
1
1
0
0
0
1
1
1
1
16 ms. Memory: 51200K Free: 31128K (61%)
ptolemy.util.test.WatchDog.cancel(): canceling Mon Feb 10 21:15:01 UTC 2020
auto.tcl: Setting watchdog for 200 seconds at Mon Feb 10 21:15:01 UTC 2020
0
1
1
1
0
0
0
1
1
1
0
0
0
1
1
1
0
0
0
1
1
1
0
0
0
0
1
1
1
1
1
0
0
0
1
1
1
0
0
1
1
1
0
0
0
0
8 ms. Memory: 51200K Free: 29595K (58%)
ptolemy.util.test.WatchDog.cancel(): canceling Mon Feb 10 21:15:01 UTC 2020
------------------ testing $PTII/ptolemy/domains/de/test/auto/deInCt2.xml
auto.tcl: Setting watchdog for 200 seconds at Mon Feb 10 21:15:01 UTC 2020
0
1
1
1
0
0
1
1
1
0
0
1
1
1
0
0
1
1
1
0
0
1
1
1
0
0
1
1
1
0
0
1
1
1
0
0
1
1
1
0
0
0
9 ms. Memory: 51200K Free: 31129K (61%)
ptolemy.util.test.WatchDog.cancel(): canceling Mon Feb 10 21:15:01 UTC 2020
auto.tcl: Setting watchdog for 200 seconds at Mon Feb 10 21:15:01 UTC 2020
0
1
1
1
0
0
1
1
1
0
0
1
1
1
0
0
1
1
1
0
0
1
1
1
0
0
1
1
1
0
0
1
1
1
0
0
1
1
1
0
0
0
8 ms. Memory: 51200K Free: 29596K (58%)
ptolemy.util.test.WatchDog.cancel(): canceling Mon Feb 10 21:15:01 UTC 2020
------------------ testing $PTII/ptolemy/domains/de/test/auto/dynamicCausalityInterface1.xml
auto.tcl: Setting watchdog for 200 seconds at Mon Feb 10 21:15:01 UTC 2020
1 ms. Memory: 51200K Free: 27027K (53%)
ptolemy.util.test.WatchDog.cancel(): canceling Mon Feb 10 21:15:01 UTC 2020
auto.tcl: Setting watchdog for 200 seconds at Mon Feb 10 21:15:01 UTC 2020
1 ms. Memory: 51200K Free: 26518K (52%)
ptolemy.util.test.WatchDog.cancel(): canceling Mon Feb 10 21:15:01 UTC 2020
------------------ testing $PTII/ptolemy/domains/de/test/auto/fsm_de_test.xml
auto.tcl: Setting watchdog for 200 seconds at Mon Feb 10 21:15:01 UTC 2020
7 ms. Memory: 51200K Free: 26926K (53%)
ptolemy.util.test.WatchDog.cancel(): canceling Mon Feb 10 21:15:01 UTC 2020
auto.tcl: Setting watchdog for 200 seconds at Mon Feb 10 21:15:01 UTC 2020
4 ms. Memory: 51200K Free: 24878K (49%)
ptolemy.util.test.WatchDog.cancel(): canceling Mon Feb 10 21:15:01 UTC 2020
------------------ testing $PTII/ptolemy/domains/de/test/auto/functionDependencyReconstruction.xml
auto.tcl: Setting watchdog for 200 seconds at Mon Feb 10 21:15:01 UTC 2020
4 ms. Memory: 51200K Free: 20771K (41%)
ptolemy.util.test.WatchDog.cancel(): canceling Mon Feb 10 21:15:01 UTC 2020
auto.tcl: Setting watchdog for 200 seconds at Mon Feb 10 21:15:01 UTC 2020
3 ms. Memory: 51200K Free: 18723K (37%)
ptolemy.util.test.WatchDog.cancel(): canceling Mon Feb 10 21:15:01 UTC 2020
------------------ testing $PTII/ptolemy/domains/de/test/auto/multirate.xml
auto.tcl: Setting watchdog for 200 seconds at Mon Feb 10 21:15:01 UTC 2020
9 ms. Memory: 51200K Free: 29499K (58%)
ptolemy.util.test.WatchDog.cancel(): canceling Mon Feb 10 21:15:01 UTC 2020
auto.tcl: Setting watchdog for 200 seconds at Mon Feb 10 21:15:01 UTC 2020
3 ms. Memory: 51200K Free: 27820K (54%)
ptolemy.util.test.WatchDog.cancel(): canceling Mon Feb 10 21:15:01 UTC 2020
------------------ testing $PTII/ptolemy/domains/de/test/auto/multirate2.xml
auto.tcl: Setting watchdog for 200 seconds at Mon Feb 10 21:15:02 UTC 2020
3 ms. Memory: 51200K Free: 29746K (58%)
ptolemy.util.test.WatchDog.cancel(): canceling Mon Feb 10 21:15:02 UTC 2020
auto.tcl: Setting watchdog for 200 seconds at Mon Feb 10 21:15:02 UTC 2020
2 ms. Memory: 51200K Free: 28001K (55%)
ptolemy.util.test.WatchDog.cancel(): canceling Mon Feb 10 21:15:02 UTC 2020
------------------ testing $PTII/ptolemy/domains/de/test/auto/realtime.xml
auto.tcl: Setting watchdog for 200 seconds at Mon Feb 10 21:15:02 UTC 2020
10003 ms. Memory: 51200K Free: 31785K (62%)
ptolemy.util.test.WatchDog.cancel(): canceling Mon Feb 10 21:15:12 UTC 2020
auto.tcl: Setting watchdog for 200 seconds at Mon Feb 10 21:15:12 UTC 2020
10002 ms. Memory: 51200K Free: 31072K (61%)
ptolemy.util.test.WatchDog.cancel(): canceling Mon Feb 10 21:15:22 UTC 2020
------------------ testing $PTII/ptolemy/domains/de/test/auto/relationGroup.xml
auto.tcl: Setting watchdog for 200 seconds at Mon Feb 10 21:15:22 UTC 2020
11 ms. Memory: 51200K Free: 32857K (64%)
ptolemy.util.test.WatchDog.cancel(): canceling Mon Feb 10 21:15:22 UTC 2020
auto.tcl: Setting watchdog for 200 seconds at Mon Feb 10 21:15:22 UTC 2020
1 ms. Memory: 51200K Free: 32122K (63%)
ptolemy.util.test.WatchDog.cancel(): canceling Mon Feb 10 21:15:22 UTC 2020
------------------ testing $PTII/ptolemy/domains/de/test/auto/relationGroup2.xml
auto.tcl: Setting watchdog for 200 seconds at Mon Feb 10 21:15:22 UTC 2020
1 ms. Memory: 51200K Free: 32914K (64%)
ptolemy.util.test.WatchDog.cancel(): canceling Mon Feb 10 21:15:22 UTC 2020
auto.tcl: Setting watchdog for 200 seconds at Mon Feb 10 21:15:22 UTC 2020
1 ms. Memory: 51200K Free: 32414K (63%)
ptolemy.util.test.WatchDog.cancel(): canceling Mon Feb 10 21:15:22 UTC 2020
------------------ testing $PTII/ptolemy/domains/de/test/auto/sortWithOpaquePorts.xml
auto.tcl: Setting watchdog for 200 seconds at Mon Feb 10 21:15:22 UTC 2020
1 ms. Memory: 51200K Free: 31652K (62%)
ptolemy.util.test.WatchDog.cancel(): canceling Mon Feb 10 21:15:22 UTC 2020
auto.tcl: Setting watchdog for 200 seconds at Mon Feb 10 21:15:22 UTC 2020
2 ms. Memory: 51200K Free: 30628K (60%)
ptolemy.util.test.WatchDog.cancel(): canceling Mon Feb 10 21:15:22 UTC 2020
------------------ testing $PTII/ptolemy/domains/de/test/auto/transferInputsandOutputs.xml
auto.tcl: Setting watchdog for 200 seconds at Mon Feb 10 21:15:22 UTC 2020
4 ms. Memory: 51200K Free: 29095K (57%)
ptolemy.util.test.WatchDog.cancel(): canceling Mon Feb 10 21:15:22 UTC 2020
auto.tcl: Setting watchdog for 200 seconds at Mon Feb 10 21:15:22 UTC 2020
2 ms. Memory: 51200K Free: 28071K (55%)
ptolemy.util.test.WatchDog.cancel(): canceling Mon Feb 10 21:15:22 UTC 2020
------------------ testing $PTII/ptolemy/domains/de/test/auto/triggerType.xml
auto.tcl: Setting watchdog for 200 seconds at Mon Feb 10 21:15:22 UTC 2020
1 ms. Memory: 51200K Free: 32119K (63%)
ptolemy.util.test.WatchDog.cancel(): canceling Mon Feb 10 21:15:22 UTC 2020
auto.tcl: Setting watchdog for 200 seconds at Mon Feb 10 21:15:22 UTC 2020
1 ms. Memory: 51200K Free: 31095K (61%)
ptolemy.util.test.WatchDog.cancel(): canceling Mon Feb 10 21:15:22 UTC 2020
02/10/20 09:15:22
Failed: 0  Total Tests: 192  ((Passed: 187, Newly Passed: 1)  Known Failed: 5) /home/travis/build/icyphy/ptII/ptolemy/domains/de/test
02/10/20 09:15:22
Failed: 0  Total Tests: 192  ((Passed: 187, Newly Passed: 1)  Known Failed: 5) /home/travis/build/icyphy/ptII/ptolemy/domains/de/test
----------------- testing (KnownFailure) /home/travis/build/icyphy/ptII/ptolemy/domains/de/test/auto/knownFailedTests/DESDFClockTest.xml
2011 ms. Memory: 51200K Free: 25004K (49%)
Known Failure: java.lang.reflect.InvocationTargetException
----------------- testing (KnownFailure) /home/travis/build/icyphy/ptII/ptolemy/domains/de/test/auto/knownFailedTests/DirectFeedback.xml
1 ms. Memory: 51200K Free: 21418K (42%)
Known Failure: java.lang.reflect.InvocationTargetException
----------------- testing (KnownFailure) /home/travis/build/icyphy/ptII/ptolemy/domains/de/test/auto/knownFailedTests/FSMSource.xml
8 ms. Memory: 51200K Free: 13196K (26%)
----------------- testing (KnownFailure) /home/travis/build/icyphy/ptII/ptolemy/domains/de/test/auto/knownFailedTests/HierarchicalModel.xml
4 ms. Memory: 51200K Free: 25256K (49%)
Known Failure: java.lang.reflect.InvocationTargetException
----------------- testing (KnownFailure) /home/travis/build/icyphy/ptII/ptolemy/domains/de/test/auto/knownFailedTests/dependencyLoop.xml
2 ms. Memory: 51200K Free: 9888K (19%)
Known Failure: java.lang.reflect.InvocationTargetException
----------------- testing (KnownFailure) /home/travis/build/icyphy/ptII/ptolemy/domains/de/test/auto/knownFailedTests/dependencyLoop2.xml
6 ms. Memory: 51200K Free: 22750K (44%)
Known Failure: java.lang.reflect.InvocationTargetException
No auto/linux-amd64/*.xml tests in /home/travis/build/icyphy/ptII/ptolemy/domains/de/test
AutoTests.java: About to close Vertx.
AutoTests.java: Vertx closed.

===========================================================================================
----------------- testing Mon Feb 10 21:15:24 UTC 2020 /home/travis/build/icyphy/ptII/ptolemy/domains/de/test/auto/ActorDepthCalculation_actorWithoutPorts.xml
----------------- Instantiating /home/travis/build/icyphy/ptII/ptolemy/domains/de/test/auto/ActorDepthCalculation_actorWithoutPorts.xml
2 ms. Memory: 51200K Free: 16103K (31%)
----------------- Invoking toplevel() on ptolemy.moml.MoMLSimpleApplication@314f492c
----------------- Done invoking toplevel() on ptolemy.moml.MoMLSimpleApplication@314f492c
reloadAllAccessors: .ActorDepthCalculation_actorWithoutPorts

===========================================================================================
----------------- testing Mon Feb 10 21:15:24 UTC 2020 /home/travis/build/icyphy/ptII/ptolemy/domains/de/test/auto/AssemblyLine.xml
----------------- Instantiating /home/travis/build/icyphy/ptII/ptolemy/domains/de/test/auto/AssemblyLine.xml
3 ms. Memory: 51200K Free: 8991K (18%)
----------------- Invoking toplevel() on ptolemy.moml.MoMLSimpleApplication@2e6356c8
----------------- Done invoking toplevel() on ptolemy.moml.MoMLSimpleApplication@2e6356c8
reloadAllAccessors: .AssemblyLine

===========================================================================================
----------------- testing Mon Feb 10 21:15:24 UTC 2020 /home/travis/build/icyphy/ptII/ptolemy/domains/de/test/auto/CQBug1.xml
----------------- Instantiating /home/travis/build/icyphy/ptII/ptolemy/domains/de/test/auto/CQBug1.xml
2 ms. Memory: 51200K Free: 33921K (66%)
----------------- Invoking toplevel() on ptolemy.moml.MoMLSimpleApplication@3702843c
----------------- Done invoking toplevel() on ptolemy.moml.MoMLSimpleApplication@3702843c
reloadAllAccessors: .CQBug1

===========================================================================================
----------------- testing Mon Feb 10 21:15:24 UTC 2020 /home/travis/build/icyphy/ptII/ptolemy/domains/de/test/auto/CancelFireAt.xml
----------------- Instantiating /home/travis/build/icyphy/ptII/ptolemy/domains/de/test/auto/CancelFireAt.xml
1 ms. Memory: 51200K Free: 31524K (62%)
----------------- Invoking toplevel() on ptolemy.moml.MoMLSimpleApplication@49da2dc6
----------------- Done invoking toplevel() on ptolemy.moml.MoMLSimpleApplication@49da2dc6
reloadAllAccessors: .CancelFireAt

===========================================================================================
----------------- testing Mon Feb 10 21:15:24 UTC 2020 /home/travis/build/icyphy/ptII/ptolemy/domains/de/test/auto/CausalityAndComposabilityAnalysis.xml
----------------- Instantiating /home/travis/build/icyphy/ptII/ptolemy/domains/de/test/auto/CausalityAndComposabilityAnalysis.xml
3 ms. Memory: 51200K Free: 27222K (53%)
----------------- Invoking toplevel() on ptolemy.moml.MoMLSimpleApplication@420f538a
----------------- Done invoking toplevel() on ptolemy.moml.MoMLSimpleApplication@420f538a
reloadAllAccessors: .CausalityAndComposabilityAnalysis

===========================================================================================
----------------- testing Mon Feb 10 21:15:24 UTC 2020 /home/travis/build/icyphy/ptII/ptolemy/domains/de/test/auto/CausalityInterface1.xml
----------------- Instantiating /home/travis/build/icyphy/ptII/ptolemy/domains/de/test/auto/CausalityInterface1.xml
5 ms. Memory: 51200K Free: 22072K (43%)
----------------- Invoking toplevel() on ptolemy.moml.MoMLSimpleApplication@737a4810
----------------- Done invoking toplevel() on ptolemy.moml.MoMLSimpleApplication@737a4810
reloadAllAccessors: .CausalityInterface1

===========================================================================================
----------------- testing Mon Feb 10 21:15:24 UTC 2020 /home/travis/build/icyphy/ptII/ptolemy/domains/de/test/auto/CausalityInterface15.xml
----------------- Instantiating /home/travis/build/icyphy/ptII/ptolemy/domains/de/test/auto/CausalityInterface15.xml
2 ms. Memory: 51200K Free: 16659K (33%)
----------------- Invoking toplevel() on ptolemy.moml.MoMLSimpleApplication@76746aa1
----------------- Done invoking toplevel() on ptolemy.moml.MoMLSimpleApplication@76746aa1
reloadAllAccessors: .CausalityInterface15

===========================================================================================
----------------- testing Mon Feb 10 21:15:24 UTC 2020 /home/travis/build/icyphy/ptII/ptolemy/domains/de/test/auto/CausalityInterface2.xml
----------------- Instantiating /home/travis/build/icyphy/ptII/ptolemy/domains/de/test/auto/CausalityInterface2.xml
1 ms. Memory: 51200K Free: 12124K (24%)
[...]
	at ptolemy.actor.Manager.run(Manager.java:1263)
	at ptolemy.actor.Manager$PtolemyRunThread.run(Manager.java:1933)
java.lang.RuntimeException: Execution failed
	at ptolemy.moml.MoMLSimpleApplication$UnloadThread.run(MoMLSimpleApplication.java:402)
Caused by: ptolemy.kernel.util.IllegalActionException: Actor is not ready to fire.  Perhaps UpSample.prefire() returned false? Try debugging the actor by selecting "Listen to Actor".  Also, for SDF check moml for tokenConsumptionRate on input.
  in .DESDFClockTest.Play Bell.Copy1:SDF Director and .DESDFClockTest.Play Bell.UpSample
	at ptolemy.actor.sched.StaticSchedulingDirector.fire(StaticSchedulingDirector.java:227)
	at ptolemy.domains.sdf.kernel.SDFDirector.fire(SDFDirector.java:500)
	at ptolemy.actor.CompositeActor.fire(CompositeActor.java:455)
	at ptolemy.domains.de.kernel.DEDirector._fire(DEDirector.java:1949)
	at ptolemy.domains.de.kernel.DEDirector.fire(DEDirector.java:502)
	at ptolemy.actor.CompositeActor.fire(CompositeActor.java:455)
	at ptolemy.actor.Manager.iterate(Manager.java:851)
	at ptolemy.actor.Manager.execute(Manager.java:369)
	at ptolemy.actor.Manager.run(Manager.java:1263)
	at ptolemy.actor.Manager$PtolemyRunThread.run(Manager.java:1933)
java.lang.reflect.InvocationTargetException
	at java.base/jdk.internal.reflect.NativeConstructorAccessorImpl.newInstance0(Native Method)
	at java.base/jdk.internal.reflect.NativeConstructorAccessorImpl.newInstance(NativeConstructorAccessorImpl.java:62)
	at java.base/jdk.internal.reflect.DelegatingConstructorAccessorImpl.newInstance(DelegatingConstructorAccessorImpl.java:45)
	at java.base/java.lang.reflect.Constructor.newInstance(Constructor.java:490)
	at ptolemy.util.test.junit.AutoKnownFailedTests.RunModel(AutoKnownFailedTests.java:105)
	at java.base/jdk.internal.reflect.NativeMethodAccessorImpl.invoke0(Native Method)
	at java.base/jdk.internal.reflect.NativeMethodAccessorImpl.invoke(NativeMethodAccessorImpl.java:62)
	at java.base/jdk.internal.reflect.DelegatingMethodAccessorImpl.invoke(DelegatingMethodAccessorImpl.java:43)
	at java.base/java.lang.reflect.Method.invoke(Method.java:566)
	at org.junit.runners.model.FrameworkMethod$1.runReflectiveCall(FrameworkMethod.java:44)
	at org.junit.internal.runners.model.ReflectiveCallable.run(ReflectiveCallable.java:15)
	at org.junit.runners.model.FrameworkMethod.invokeExplosively(FrameworkMethod.java:41)
	at junitparams.internal.InvokeParameterisedMethod.evaluate(InvokeParameterisedMethod.java:102)
	at org.junit.internal.runners.statements.FailOnTimeout$1.run(FailOnTimeout.java:28)
Caused by: ptolemy.kernel.util.IllegalActionException: Actor is not ready to fire.  Perhaps UpSample.prefire() returned false? Try debugging the actor by selecting "Listen to Actor".  Also, for SDF check moml for tokenConsumptionRate on input.
  in .DESDFClockTest.Play Bell.Copy1:SDF Director and .DESDFClockTest.Play Bell.UpSample
	at ptolemy.actor.sched.StaticSchedulingDirector.fire(StaticSchedulingDirector.java:227)
	at ptolemy.domains.sdf.kernel.SDFDirector.fire(SDFDirector.java:500)
	at ptolemy.actor.CompositeActor.fire(CompositeActor.java:455)
	at ptolemy.domains.de.kernel.DEDirector._fire(DEDirector.java:1949)
	at ptolemy.domains.de.kernel.DEDirector.fire(DEDirector.java:502)
	at ptolemy.actor.CompositeActor.fire(CompositeActor.java:455)
	at ptolemy.actor.Manager.iterate(Manager.java:851)
	at ptolemy.actor.Manager.execute(Manager.java:369)
	at ptolemy.actor.Manager.run(Manager.java:1263)
	at ptolemy.actor.Manager$PtolemyRunThread.run(Manager.java:1933)
java.lang.RuntimeException: Execution failed
	at ptolemy.moml.MoMLSimpleApplication$UnloadThread.run(MoMLSimpleApplication.java:402)
Caused by: ptolemy.kernel.util.IllegalActionException: Test fails in iteration 1.
Value was: 1.0. Should have been: 2.0
  in .DirectFeedback.Test
	at ptolemy.actor.lib.Test.fire(Test.java:268)
	at ptolemy.domains.de.kernel.DEDirector._fire(DEDirector.java:1949)
	at ptolemy.domains.de.kernel.DEDirector.fire(DEDirector.java:502)
	at ptolemy.actor.CompositeActor.fire(CompositeActor.java:455)
	at ptolemy.actor.Manager.iterate(Manager.java:851)
	at ptolemy.actor.Manager.execute(Manager.java:369)
	at ptolemy.actor.Manager.run(Manager.java:1263)
	at ptolemy.actor.Manager$PtolemyRunThread.run(Manager.java:1933)
java.lang.reflect.InvocationTargetException
	at java.base/jdk.internal.reflect.NativeConstructorAccessorImpl.newInstance0(Native Method)
	at java.base/jdk.internal.reflect.NativeConstructorAccessorImpl.newInstance(NativeConstructorAccessorImpl.java:62)
	at java.base/jdk.internal.reflect.DelegatingConstructorAccessorImpl.newInstance(DelegatingConstructorAccessorImpl.java:45)
	at java.base/java.lang.reflect.Constructor.newInstance(Constructor.java:490)
	at ptolemy.util.test.junit.AutoKnownFailedTests.RunModel(AutoKnownFailedTests.java:105)
	at java.base/jdk.internal.reflect.NativeMethodAccessorImpl.invoke0(Native Method)
	at java.base/jdk.internal.reflect.NativeMethodAccessorImpl.invoke(NativeMethodAccessorImpl.java:62)
	at java.base/jdk.internal.reflect.DelegatingMethodAccessorImpl.invoke(DelegatingMethodAccessorImpl.java:43)
	at java.base/java.lang.reflect.Method.invoke(Method.java:566)
	at org.junit.runners.model.FrameworkMethod$1.runReflectiveCall(FrameworkMethod.java:44)
	at org.junit.internal.runners.model.ReflectiveCallable.run(ReflectiveCallable.java:15)
	at org.junit.runners.model.FrameworkMethod.invokeExplosively(FrameworkMethod.java:41)
	at junitparams.internal.InvokeParameterisedMethod.evaluate(InvokeParameterisedMethod.java:102)
	at org.junit.internal.runners.statements.FailOnTimeout$1.run(FailOnTimeout.java:28)
Caused by: ptolemy.kernel.util.IllegalActionException: Test fails in iteration 1.
Value was: 1.0. Should have been: 2.0
  in .DirectFeedback.Test
	at ptolemy.actor.lib.Test.fire(Test.java:268)
	at ptolemy.domains.de.kernel.DEDirector._fire(DEDirector.java:1949)
	at ptolemy.domains.de.kernel.DEDirector.fire(DEDirector.java:502)
	at ptolemy.actor.CompositeActor.fire(CompositeActor.java:455)
	at ptolemy.actor.Manager.iterate(Manager.java:851)
	at ptolemy.actor.Manager.execute(Manager.java:369)
	at ptolemy.actor.Manager.run(Manager.java:1263)
	at ptolemy.actor.Manager$PtolemyRunThread.run(Manager.java:1933)
java.lang.RuntimeException: Execution failed
	at ptolemy.moml.MoMLSimpleApplication$UnloadThread.run(MoMLSimpleApplication.java:402)
Caused by: ptolemy.kernel.util.IllegalActionException: Found a zero delay loop containing .HierarchicalModel.A
  in .HierarchicalModel and .HierarchicalModel.A
	at ptolemy.actor.util.CausalityInterfaceForComposites._computeOutputPortDepth(CausalityInterfaceForComposites.java:759)
	at ptolemy.actor.util.CausalityInterfaceForComposites._computeInputDepth(CausalityInterfaceForComposites.java:696)
	at ptolemy.actor.util.CausalityInterfaceForComposites._computeOutputPortDepth(CausalityInterfaceForComposites.java:765)
	at ptolemy.actor.util.CausalityInterfaceForComposites._computeInputDepth(CausalityInterfaceForComposites.java:696)
	at ptolemy.actor.util.CausalityInterfaceForComposites._computeOutputPortDepth(CausalityInterfaceForComposites.java:765)
	at ptolemy.actor.util.CausalityInterfaceForComposites._computeInputDepth(CausalityInterfaceForComposites.java:696)
	at ptolemy.actor.util.CausalityInterfaceForComposites._computeActorDepth(CausalityInterfaceForComposites.java:532)
	at ptolemy.actor.util.CausalityInterfaceForComposites.checkForCycles(CausalityInterfaceForComposites.java:96)
	at ptolemy.domains.de.kernel.DEDirector.preinitialize(DEDirector.java:1338)
	at ptolemy.actor.CompositeActor.preinitialize(CompositeActor.java:1828)
	at ptolemy.actor.Manager.preinitializeAndResolveTypes(Manager.java:1040)
	at ptolemy.actor.Manager.initialize(Manager.java:710)
	at ptolemy.actor.Manager.execute(Manager.java:356)
	at ptolemy.actor.Manager.run(Manager.java:1263)
	at ptolemy.actor.Manager$PtolemyRunThread.run(Manager.java:1933)
java.lang.reflect.InvocationTargetException
	at java.base/jdk.internal.reflect.NativeConstructorAccessorImpl.newInstance0(Native Method)
	at java.base/jdk.internal.reflect.NativeConstructorAccessorImpl.newInstance(NativeConstructorAccessorImpl.java:62)
	at java.base/jdk.internal.reflect.DelegatingConstructorAccessorImpl.newInstance(DelegatingConstructorAccessorImpl.java:45)
	at java.base/java.lang.reflect.Constructor.newInstance(Constructor.java:490)
	at ptolemy.util.test.junit.AutoKnownFailedTests.RunModel(AutoKnownFailedTests.java:105)
	at java.base/jdk.internal.reflect.NativeMethodAccessorImpl.invoke0(Native Method)
	at java.base/jdk.internal.reflect.NativeMethodAccessorImpl.invoke(NativeMethodAccessorImpl.java:62)
	at java.base/jdk.internal.reflect.DelegatingMethodAccessorImpl.invoke(DelegatingMethodAccessorImpl.java:43)
	at java.base/java.lang.reflect.Method.invoke(Method.java:566)
	at org.junit.runners.model.FrameworkMethod$1.runReflectiveCall(FrameworkMethod.java:44)
	at org.junit.internal.runners.model.ReflectiveCallable.run(ReflectiveCallable.java:15)
	at org.junit.runners.model.FrameworkMethod.invokeExplosively(FrameworkMethod.java:41)
	at junitparams.internal.InvokeParameterisedMethod.evaluate(InvokeParameterisedMethod.java:102)
	at org.junit.internal.runners.statements.FailOnTimeout$1.run(FailOnTimeout.java:28)
Caused by: ptolemy.kernel.util.IllegalActionException: Found a zero delay loop containing .HierarchicalModel.A
  in .HierarchicalModel and .HierarchicalModel.A
	at ptolemy.actor.util.CausalityInterfaceForComposites._computeOutputPortDepth(CausalityInterfaceForComposites.java:759)
	at ptolemy.actor.util.CausalityInterfaceForComposites._computeInputDepth(CausalityInterfaceForComposites.java:696)
	at ptolemy.actor.util.CausalityInterfaceForComposites._computeOutputPortDepth(CausalityInterfaceForComposites.java:765)
	at ptolemy.actor.util.CausalityInterfaceForComposites._computeInputDepth(CausalityInterfaceForComposites.java:696)
	at ptolemy.actor.util.CausalityInterfaceForComposites._computeOutputPortDepth(CausalityInterfaceForComposites.java:765)
	at ptolemy.actor.util.CausalityInterfaceForComposites._computeInputDepth(CausalityInterfaceForComposites.java:696)
	at ptolemy.actor.util.CausalityInterfaceForComposites._computeActorDepth(CausalityInterfaceForComposites.java:532)
	at ptolemy.actor.util.CausalityInterfaceForComposites.checkForCycles(CausalityInterfaceForComposites.java:96)
	at ptolemy.domains.de.kernel.DEDirector.preinitialize(DEDirector.java:1338)
	at ptolemy.actor.CompositeActor.preinitialize(CompositeActor.java:1828)
	at ptolemy.actor.Manager.preinitializeAndResolveTypes(Manager.java:1040)
	at ptolemy.actor.Manager.initialize(Manager.java:710)
	at ptolemy.actor.Manager.execute(Manager.java:356)
	at ptolemy.actor.Manager.run(Manager.java:1263)
	at ptolemy.actor.Manager$PtolemyRunThread.run(Manager.java:1933)
java.lang.RuntimeException: Execution failed
	at ptolemy.moml.MoMLSimpleApplication$UnloadThread.run(MoMLSimpleApplication.java:402)
Caused by: ptolemy.kernel.util.IllegalActionException: Found a zero delay loop containing .dependencyLoop.original
  in .dependencyLoop and .dependencyLoop.original
	at ptolemy.actor.util.CausalityInterfaceForComposites._computeOutputPortDepth(CausalityInterfaceForComposites.java:759)
	at ptolemy.actor.util.CausalityInterfaceForComposites._computeInputDepth(CausalityInterfaceForComposites.java:696)
	at ptolemy.actor.util.CausalityInterfaceForComposites._computeOutputPortDepth(CausalityInterfaceForComposites.java:765)
	at ptolemy.actor.util.CausalityInterfaceForComposites._computeInputDepth(CausalityInterfaceForComposites.java:696)
	at ptolemy.actor.util.CausalityInterfaceForComposites._computeOutputPortDepth(CausalityInterfaceForComposites.java:765)
	at ptolemy.actor.util.CausalityInterfaceForComposites._computeInputDepth(CausalityInterfaceForComposites.java:696)
	at ptolemy.actor.util.CausalityInterfaceForComposites._computeActorDepth(CausalityInterfaceForComposites.java:532)
	at ptolemy.actor.util.CausalityInterfaceForComposites.checkForCycles(CausalityInterfaceForComposites.java:96)
	at ptolemy.domains.de.kernel.DEDirector.preinitialize(DEDirector.java:1338)
	at ptolemy.actor.CompositeActor.preinitialize(CompositeActor.java:1828)
	at ptolemy.actor.Manager.preinitializeAndResolveTypes(Manager.java:1040)
	at ptolemy.actor.Manager.initialize(Manager.java:710)
	at ptolemy.actor.Manager.execute(Manager.java:356)
	at ptolemy.actor.Manager.run(Manager.java:1263)
	at ptolemy.actor.Manager$PtolemyRunThread.run(Manager.java:1933)
java.lang.reflect.InvocationTargetException
	at java.base/jdk.internal.reflect.NativeConstructorAccessorImpl.newInstance0(Native Method)
	at java.base/jdk.internal.reflect.NativeConstructorAccessorImpl.newInstance(NativeConstructorAccessorImpl.java:62)
	at java.base/jdk.internal.reflect.DelegatingConstructorAccessorImpl.newInstance(DelegatingConstructorAccessorImpl.java:45)
	at java.base/java.lang.reflect.Constructor.newInstance(Constructor.java:490)
	at ptolemy.util.test.junit.AutoKnownFailedTests.RunModel(AutoKnownFailedTests.java:105)
	at java.base/jdk.internal.reflect.NativeMethodAccessorImpl.invoke0(Native Method)
	at java.base/jdk.internal.reflect.NativeMethodAccessorImpl.invoke(NativeMethodAccessorImpl.java:62)
	at java.base/jdk.internal.reflect.DelegatingMethodAccessorImpl.invoke(DelegatingMethodAccessorImpl.java:43)
	at java.base/java.lang.reflect.Method.invoke(Method.java:566)
	at org.junit.runners.model.FrameworkMethod$1.runReflectiveCall(FrameworkMethod.java:44)
	at org.junit.internal.runners.model.ReflectiveCallable.run(ReflectiveCallable.java:15)
	at org.junit.runners.model.FrameworkMethod.invokeExplosively(FrameworkMethod.java:41)
	at junitparams.internal.InvokeParameterisedMethod.evaluate(InvokeParameterisedMethod.java:102)
	at org.junit.internal.runners.statements.FailOnTimeout$1.run(FailOnTimeout.java:28)
Caused by: ptolemy.kernel.util.IllegalActionException: Found a zero delay loop containing .dependencyLoop.original
  in .dependencyLoop and .dependencyLoop.original
	at ptolemy.actor.util.CausalityInterfaceForComposites._computeOutputPortDepth(CausalityInterfaceForComposites.java:759)
	at ptolemy.actor.util.CausalityInterfaceForComposites._computeInputDepth(CausalityInterfaceForComposites.java:696)
	at ptolemy.actor.util.CausalityInterfaceForComposites._computeOutputPortDepth(CausalityInterfaceForComposites.java:765)
	at ptolemy.actor.util.CausalityInterfaceForComposites._computeInputDepth(CausalityInterfaceForComposites.java:696)
	at ptolemy.actor.util.CausalityInterfaceForComposites._computeOutputPortDepth(CausalityInterfaceForComposites.java:765)
	at ptolemy.actor.util.CausalityInterfaceForComposites._computeInputDepth(CausalityInterfaceForComposites.java:696)
	at ptolemy.actor.util.CausalityInterfaceForComposites._computeActorDepth(CausalityInterfaceForComposites.java:532)
	at ptolemy.actor.util.CausalityInterfaceForComposites.checkForCycles(CausalityInterfaceForComposites.java:96)
	at ptolemy.domains.de.kernel.DEDirector.preinitialize(DEDirector.java:1338)
	at ptolemy.actor.CompositeActor.preinitialize(CompositeActor.java:1828)
	at ptolemy.actor.Manager.preinitializeAndResolveTypes(Manager.java:1040)
	at ptolemy.actor.Manager.initialize(Manager.java:710)
	at ptolemy.actor.Manager.execute(Manager.java:356)
	at ptolemy.actor.Manager.run(Manager.java:1263)
	at ptolemy.actor.Manager$PtolemyRunThread.run(Manager.java:1933)
java.lang.RuntimeException: Execution failed
	at ptolemy.moml.MoMLSimpleApplication$UnloadThread.run(MoMLSimpleApplication.java:402)
Caused by: ptolemy.kernel.util.IllegalActionException: Found a zero delay loop containing .dependencyLoop2.original
  in .dependencyLoop2 and .dependencyLoop2.original
	at ptolemy.actor.util.CausalityInterfaceForComposites._computeOutputPortDepth(CausalityInterfaceForComposites.java:759)
	at ptolemy.actor.util.CausalityInterfaceForComposites._computeInputDepth(CausalityInterfaceForComposites.java:696)
	at ptolemy.actor.util.CausalityInterfaceForComposites._computeOutputPortDepth(CausalityInterfaceForComposites.java:765)
	at ptolemy.actor.util.CausalityInterfaceForComposites._computeInputDepth(CausalityInterfaceForComposites.java:696)
	at ptolemy.actor.util.CausalityInterfaceForComposites._computeOutputPortDepth(CausalityInterfaceForComposites.java:765)
	at ptolemy.actor.util.CausalityInterfaceForComposites._computeInputDepth(CausalityInterfaceForComposites.java:696)
	at ptolemy.actor.util.CausalityInterfaceForComposites._computeActorDepth(CausalityInterfaceForComposites.java:532)
	at ptolemy.actor.util.CausalityInterfaceForComposites.checkForCycles(CausalityInterfaceForComposites.java:96)
	at ptolemy.domains.de.kernel.DEDirector.preinitialize(DEDirector.java:1338)
	at ptolemy.actor.CompositeActor.preinitialize(CompositeActor.java:1828)
	at ptolemy.actor.Manager.preinitializeAndResolveTypes(Manager.java:1040)
	at ptolemy.actor.Manager.initialize(Manager.java:710)
	at ptolemy.actor.Manager.execute(Manager.java:356)
	at ptolemy.actor.Manager.run(Manager.java:1263)
	at ptolemy.actor.Manager$PtolemyRunThread.run(Manager.java:1933)
java.lang.reflect.InvocationTargetException
	at java.base/jdk.internal.reflect.NativeConstructorAccessorImpl.newInstance0(Native Method)
	at java.base/jdk.internal.reflect.NativeConstructorAccessorImpl.newInstance(NativeConstructorAccessorImpl.java:62)
	at java.base/jdk.internal.reflect.DelegatingConstructorAccessorImpl.newInstance(DelegatingConstructorAccessorImpl.java:45)
	at java.base/java.lang.reflect.Constructor.newInstance(Constructor.java:490)
	at ptolemy.util.test.junit.AutoKnownFailedTests.RunModel(AutoKnownFailedTests.java:105)
	at java.base/jdk.internal.reflect.NativeMethodAccessorImpl.invoke0(Native Method)
	at java.base/jdk.internal.reflect.NativeMethodAccessorImpl.invoke(NativeMethodAccessorImpl.java:62)
	at java.base/jdk.internal.reflect.DelegatingMethodAccessorImpl.invoke(DelegatingMethodAccessorImpl.java:43)
	at java.base/java.lang.reflect.Method.invoke(Method.java:566)
	at org.junit.runners.model.FrameworkMethod$1.runReflectiveCall(FrameworkMethod.java:44)
	at org.junit.internal.runners.model.ReflectiveCallable.run(ReflectiveCallable.java:15)
	at org.junit.runners.model.FrameworkMethod.invokeExplosively(FrameworkMethod.java:41)
	at junitparams.internal.InvokeParameterisedMethod.evaluate(InvokeParameterisedMethod.java:102)
	at org.junit.internal.runners.statements.FailOnTimeout$1.run(FailOnTimeout.java:28)
Caused by: ptolemy.kernel.util.IllegalActionException: Found a zero delay loop containing .dependencyLoop2.original
  in .dependencyLoop2 and .dependencyLoop2.original
	at ptolemy.actor.util.CausalityInterfaceForComposites._computeOutputPortDepth(CausalityInterfaceForComposites.java:759)
	at ptolemy.actor.util.CausalityInterfaceForComposites._computeInputDepth(CausalityInterfaceForComposites.java:696)
	at ptolemy.actor.util.CausalityInterfaceForComposites._computeOutputPortDepth(CausalityInterfaceForComposites.java:765)
	at ptolemy.actor.util.CausalityInterfaceForComposites._computeInputDepth(CausalityInterfaceForComposites.java:696)
	at ptolemy.actor.util.CausalityInterfaceForComposites._computeOutputPortDepth(CausalityInterfaceForComposites.java:765)
	at ptolemy.actor.util.CausalityInterfaceForComposites._computeInputDepth(CausalityInterfaceForComposites.java:696)
	at ptolemy.actor.util.CausalityInterfaceForComposites._computeActorDepth(CausalityInterfaceForComposites.java:532)
	at ptolemy.actor.util.CausalityInterfaceForComposites.checkForCycles(CausalityInterfaceForComposites.java:96)
	at ptolemy.domains.de.kernel.DEDirector.preinitialize(DEDirector.java:1338)
	at ptolemy.actor.CompositeActor.preinitialize(CompositeActor.java:1828)
	at ptolemy.actor.Manager.preinitializeAndResolveTypes(Manager.java:1040)
	at ptolemy.actor.Manager.initialize(Manager.java:710)
	at ptolemy.actor.Manager.execute(Manager.java:356)
	at ptolemy.actor.Manager.run(Manager.java:1263)
	at ptolemy.actor.Manager$PtolemyRunThread.run(Manager.java:1933)
]]></system-err>
</testsuite>
