<?xml version="1.0" encoding="UTF-8" ?>
<testsuite errors="0" failures="0" hostname="travis-job-6abef6fe-ed76-4a83-bc7c-abb99650e526" name="ptolemy.domains.de.test.junit.JUnitTclTest" skipped="0" tests="101" time="133.4" timestamp="2019-07-25T05:07:40">
  <properties>
[...]
</properties>
  <testcase classname="ptolemy.util.test.junit.TclTests" name="[0] /home/travis/build/icyphy/ptII/ptolemy/domains/de/test/DependencyLoop.tcl (RunTclFile)" time="1.083" />
  <testcase classname="ptolemy.util.test.junit.TclTests" name="[1] /home/travis/build/icyphy/ptII/ptolemy/domains/de/test/RunDETestsAsQSS.tcl (RunTclFile)" time="90.602" />
  <testcase classname="ptolemy.util.test.junit.AutoKnownFailedTests" name="[0] /home/travis/build/icyphy/ptII/ptolemy/domains/de/test/auto/knownFailedTests/DESDFClockTest.xml (RunModel)" time="2.058" />
  <testcase classname="ptolemy.util.test.junit.AutoKnownFailedTests" name="[1] /home/travis/build/icyphy/ptII/ptolemy/domains/de/test/auto/knownFailedTests/DirectFeedback.xml (RunModel)" time="0.019" />
  <testcase classname="ptolemy.util.test.junit.AutoKnownFailedTests" name="[2] /home/travis/build/icyphy/ptII/ptolemy/domains/de/test/auto/knownFailedTests/FSMSource.xml (RunModel)" time="0.048" />
  <testcase classname="ptolemy.util.test.junit.AutoKnownFailedTests" name="[3] /home/travis/build/icyphy/ptII/ptolemy/domains/de/test/auto/knownFailedTests/HierarchicalModel.xml (RunModel)" time="0.045" />
  <testcase classname="ptolemy.util.test.junit.AutoKnownFailedTests" name="[4] /home/travis/build/icyphy/ptII/ptolemy/domains/de/test/auto/knownFailedTests/dependencyLoop.xml (RunModel)" time="0.04" />
  <testcase classname="ptolemy.util.test.junit.AutoKnownFailedTests" name="[5] /home/travis/build/icyphy/ptII/ptolemy/domains/de/test/auto/knownFailedTests/dependencyLoop2.xml (RunModel)" time="0.043" />
  <testcase classname="ptolemy.util.test.junit.AutoNameArchTests" name="[0] ThereAreNoAutoArchTests (RunModel)" time="0.002" />
  <testcase classname="ptolemy.util.test.junit.AutoTests" name="[0] /home/travis/build/icyphy/ptII/ptolemy/domains/de/test/auto/ActorDepthCalculation_actorWithoutPorts.xml (RunModel)" time="0.024" />
  <testcase classname="ptolemy.util.test.junit.AutoTests" name="[1] /home/travis/build/icyphy/ptII/ptolemy/domains/de/test/auto/AssemblyLine.xml (RunModel)" time="0.022" />
  <testcase classname="ptolemy.util.test.junit.AutoTests" name="[2] /home/travis/build/icyphy/ptII/ptolemy/domains/de/test/auto/CQBug1.xml (RunModel)" time="0.014" />
  <testcase classname="ptolemy.util.test.junit.AutoTests" name="[3] /home/travis/build/icyphy/ptII/ptolemy/domains/de/test/auto/CancelFireAt.xml (RunModel)" time="0.01" />
  <testcase classname="ptolemy.util.test.junit.AutoTests" name="[4] /home/travis/build/icyphy/ptII/ptolemy/domains/de/test/auto/CausalityAndComposabilityAnalysis.xml (RunModel)" time="0.008" />
  <testcase classname="ptolemy.util.test.junit.AutoTests" name="[5] /home/travis/build/icyphy/ptII/ptolemy/domains/de/test/auto/CausalityInterface1.xml (RunModel)" time="0.021" />
  <testcase classname="ptolemy.util.test.junit.AutoTests" name="[6] /home/travis/build/icyphy/ptII/ptolemy/domains/de/test/auto/CausalityInterface15.xml (RunModel)" time="0.011" />
  <testcase classname="ptolemy.util.test.junit.AutoTests" name="[7] /home/travis/build/icyphy/ptII/ptolemy/domains/de/test/auto/CausalityInterface2.xml (RunModel)" time="0.011" />
  <testcase classname="ptolemy.util.test.junit.AutoTests" name="[8] /home/travis/build/icyphy/ptII/ptolemy/domains/de/test/auto/CausalityInterface3.xml (RunModel)" time="0.013" />
  <testcase classname="ptolemy.util.test.junit.AutoTests" name="[9] /home/travis/build/icyphy/ptII/ptolemy/domains/de/test/auto/ClockDrift.xml (RunModel)" time="0.025" />
  <testcase classname="ptolemy.util.test.junit.AutoTests" name="[10] /home/travis/build/icyphy/ptII/ptolemy/domains/de/test/auto/ClockDriftAndValueChange.xml (RunModel)" time="0.022" />
  <testcase classname="ptolemy.util.test.junit.AutoTests" name="[11] /home/travis/build/icyphy/ptII/ptolemy/domains/de/test/auto/ClockDriftChange.xml (RunModel)" time="0.023" />
  <testcase classname="ptolemy.util.test.junit.AutoTests" name="[12] /home/travis/build/icyphy/ptII/ptolemy/domains/de/test/auto/ComposableCausalityAnalysis.xml (RunModel)" time="0.014" />
  <testcase classname="ptolemy.util.test.junit.AutoTests" name="[13] /home/travis/build/icyphy/ptII/ptolemy/domains/de/test/auto/DEFixedPointLimitation.xml (RunModel)" time="0.007" />
  <testcase classname="ptolemy.util.test.junit.AutoTests" name="[14] /home/travis/build/icyphy/ptII/ptolemy/domains/de/test/auto/DEScheduleTest.xml (RunModel)" time="0.007" />
  <testcase classname="ptolemy.util.test.junit.AutoTests" name="[15] /home/travis/build/icyphy/ptII/ptolemy/domains/de/test/auto/DEinDEwithStartTimes.xml (RunModel)" time="0.012" />
  <testcase classname="ptolemy.util.test.junit.AutoTests" name="[16] /home/travis/build/icyphy/ptII/ptolemy/domains/de/test/auto/DEinDEwithStartTimes2.xml (RunModel)" time="0.013" />
  <testcase classname="ptolemy.util.test.junit.AutoTests" name="[17] /home/travis/build/icyphy/ptII/ptolemy/domains/de/test/auto/DateDemo.xml (RunModel)" time="0.022" />
  <testcase classname="ptolemy.util.test.junit.AutoTests" name="[18] /home/travis/build/icyphy/ptII/ptolemy/domains/de/test/auto/DateToEvent.xml (RunModel)" time="2.032" />
  <testcase classname="ptolemy.util.test.junit.AutoTests" name="[19] /home/travis/build/icyphy/ptII/ptolemy/domains/de/test/auto/DepthTest1.xml (RunModel)" time="0.006" />
  <testcase classname="ptolemy.util.test.junit.AutoTests" name="[20] /home/travis/build/icyphy/ptII/ptolemy/domains/de/test/auto/DepthTest2.xml (RunModel)" time="0.01" />
  <testcase classname="ptolemy.util.test.junit.AutoTests" name="[21] /home/travis/build/icyphy/ptII/ptolemy/domains/de/test/auto/DepthTest3.xml (RunModel)" time="0.007" />
  <testcase classname="ptolemy.util.test.junit.AutoTests" name="[22] /home/travis/build/icyphy/ptII/ptolemy/domains/de/test/auto/DepthTest4.xml (RunModel)" time="0.019" />
  <testcase classname="ptolemy.util.test.junit.AutoTests" name="[23] /home/travis/build/icyphy/ptII/ptolemy/domains/de/test/auto/DepthTest5.xml (RunModel)" time="0.017" />
  <testcase classname="ptolemy.util.test.junit.AutoTests" name="[24] /home/travis/build/icyphy/ptII/ptolemy/domains/de/test/auto/DepthTest6.xml (RunModel)" time="0.012" />
  <testcase classname="ptolemy.util.test.junit.AutoTests" name="[25] /home/travis/build/icyphy/ptII/ptolemy/domains/de/test/auto/DepthTest7.xml (RunModel)" time="0.009" />
  <testcase classname="ptolemy.util.test.junit.AutoTests" name="[26] /home/travis/build/icyphy/ptII/ptolemy/domains/de/test/auto/EventToDate.xml (RunModel)" time="3.044" />
  <testcase classname="ptolemy.util.test.junit.AutoTests" name="[27] /home/travis/build/icyphy/ptII/ptolemy/domains/de/test/auto/FSM1.xml (RunModel)" time="0.029" />
  <testcase classname="ptolemy.util.test.junit.AutoTests" name="[28] /home/travis/build/icyphy/ptII/ptolemy/domains/de/test/auto/FSM7.xml (RunModel)" time="0.038" />
  <testcase classname="ptolemy.util.test.junit.AutoTests" name="[29] /home/travis/build/icyphy/ptII/ptolemy/domains/de/test/auto/Inspection.xml (RunModel)" time="0.034" />
  <testcase classname="ptolemy.util.test.junit.AutoTests" name="[30] /home/travis/build/icyphy/ptII/ptolemy/domains/de/test/auto/Iteration.xml (RunModel)" time="0.025" />
  <testcase classname="ptolemy.util.test.junit.AutoTests" name="[31] /home/travis/build/icyphy/ptII/ptolemy/domains/de/test/auto/LineFault.xml (RunModel)" time="0.487" />
  <testcase classname="ptolemy.util.test.junit.AutoTests" name="[32] /home/travis/build/icyphy/ptII/ptolemy/domains/de/test/auto/MergeModel1Add.xml (RunModel)" time="0.054" />
  <testcase classname="ptolemy.util.test.junit.AutoTests" name="[33] /home/travis/build/icyphy/ptII/ptolemy/domains/de/test/auto/MergeModel2Add.xml (RunModel)" time="0.046" />
  <testcase classname="ptolemy.util.test.junit.AutoTests" name="[34] /home/travis/build/icyphy/ptII/ptolemy/domains/de/test/auto/MergeModel3Add.xml (RunModel)" time="0.037" />
  <testcase classname="ptolemy.util.test.junit.AutoTests" name="[35] /home/travis/build/icyphy/ptII/ptolemy/domains/de/test/auto/MergeWithoutDiscard.xml (RunModel)" time="0.024" />
  <testcase classname="ptolemy.util.test.junit.AutoTests" name="[36] /home/travis/build/icyphy/ptII/ptolemy/domains/de/test/auto/Modal1.xml (RunModel)" time="0.029" />
  <testcase classname="ptolemy.util.test.junit.AutoTests" name="[37] /home/travis/build/icyphy/ptII/ptolemy/domains/de/test/auto/Modal2.xml (RunModel)" time="0.028" />
  <testcase classname="ptolemy.util.test.junit.AutoTests" name="[38] /home/travis/build/icyphy/ptII/ptolemy/domains/de/test/auto/Modal3.xml (RunModel)" time="0.024" />
  <testcase classname="ptolemy.util.test.junit.AutoTests" name="[39] /home/travis/build/icyphy/ptII/ptolemy/domains/de/test/auto/Modal4.xml (RunModel)" time="0.029" />
  <testcase classname="ptolemy.util.test.junit.AutoTests" name="[40] /home/travis/build/icyphy/ptII/ptolemy/domains/de/test/auto/Modal5.xml (RunModel)" time="0.022" />
  <testcase classname="ptolemy.util.test.junit.AutoTests" name="[41] /home/travis/build/icyphy/ptII/ptolemy/domains/de/test/auto/Modal6.xml (RunModel)" time="0.038" />
  <testcase classname="ptolemy.util.test.junit.AutoTests" name="[42] /home/travis/build/icyphy/ptII/ptolemy/domains/de/test/auto/Modal7.xml (RunModel)" time="0.032" />
  <testcase classname="ptolemy.util.test.junit.AutoTests" name="[43] /home/travis/build/icyphy/ptII/ptolemy/domains/de/test/auto/ModalModel.xml (RunModel)" time="0.185" />
  <testcase classname="ptolemy.util.test.junit.AutoTests" name="[44] /home/travis/build/icyphy/ptII/ptolemy/domains/de/test/auto/ModalSource.xml (RunModel)" time="0.025" />
  <testcase classname="ptolemy.util.test.junit.AutoTests" name="[45] /home/travis/build/icyphy/ptII/ptolemy/domains/de/test/auto/NonInterruptibleTimerZeroDelay.xml (RunModel)" time="0.011" />
  <testcase classname="ptolemy.util.test.junit.AutoTests" name="[46] /home/travis/build/icyphy/ptII/ptolemy/domains/de/test/auto/OpenQueueingNetwork.xml (RunModel)" time="2.548" />
  <testcase classname="ptolemy.util.test.junit.AutoTests" name="[47] /home/travis/build/icyphy/ptII/ptolemy/domains/de/test/auto/OpenQueuingNetwork.xml (RunModel)" time="0.248" />
  <testcase classname="ptolemy.util.test.junit.AutoTests" name="[48] /home/travis/build/icyphy/ptII/ptolemy/domains/de/test/auto/PeriodicSampler.xml (RunModel)" time="0.008" />
  <testcase classname="ptolemy.util.test.junit.AutoTests" name="[49] /home/travis/build/icyphy/ptII/ptolemy/domains/de/test/auto/PersistentIO.xml (RunModel)" time="0.02" />
  <testcase classname="ptolemy.util.test.junit.AutoTests" name="[50] /home/travis/build/icyphy/ptII/ptolemy/domains/de/test/auto/PortParameterResetOnInitialize.xml (RunModel)" time="0.008" />
  <testcase classname="ptolemy.util.test.junit.AutoTests" name="[51] /home/travis/build/icyphy/ptII/ptolemy/domains/de/test/auto/PortParameterUpdates.xml (RunModel)" time="0.014" />
  <testcase classname="ptolemy.util.test.junit.AutoTests" name="[52] /home/travis/build/icyphy/ptII/ptolemy/domains/de/test/auto/QueueAndServer.xml (RunModel)" time="0.022" />
  <testcase classname="ptolemy.util.test.junit.AutoTests" name="[53] /home/travis/build/icyphy/ptII/ptolemy/domains/de/test/auto/Records.xml (RunModel)" time="0.015" />
  <testcase classname="ptolemy.util.test.junit.AutoTests" name="[54] /home/travis/build/icyphy/ptII/ptolemy/domains/de/test/auto/ResetTransitionWithStartTime1.xml (RunModel)" time="0.021" />
  <testcase classname="ptolemy.util.test.junit.AutoTests" name="[55] /home/travis/build/icyphy/ptII/ptolemy/domains/de/test/auto/ResetTransitionWithStartTime2.xml (RunModel)" time="0.018" />
  <testcase classname="ptolemy.util.test.junit.AutoTests" name="[56] /home/travis/build/icyphy/ptII/ptolemy/domains/de/test/auto/ResetTransitionWithStartTime3.xml (RunModel)" time="0.019" />
  <testcase classname="ptolemy.util.test.junit.AutoTests" name="[57] /home/travis/build/icyphy/ptII/ptolemy/domains/de/test/auto/ResetTransitionWithStartTime4.xml (RunModel)" time="0.021" />
  <testcase classname="ptolemy.util.test.junit.AutoTests" name="[58] /home/travis/build/icyphy/ptII/ptolemy/domains/de/test/auto/ResettableTimer1.xml (RunModel)" time="0.015" />
  <testcase classname="ptolemy.util.test.junit.AutoTests" name="[59] /home/travis/build/icyphy/ptII/ptolemy/domains/de/test/auto/ResettableTimer2.xml (RunModel)" time="0.008" />
  <testcase classname="ptolemy.util.test.junit.AutoTests" name="[60] /home/travis/build/icyphy/ptII/ptolemy/domains/de/test/auto/ResettableTimer3.xml (RunModel)" time="0.01" />
  <testcase classname="ptolemy.util.test.junit.AutoTests" name="[61] /home/travis/build/icyphy/ptII/ptolemy/domains/de/test/auto/ResettableTimer4.xml (RunModel)" time="0.006" />
  <testcase classname="ptolemy.util.test.junit.AutoTests" name="[62] /home/travis/build/icyphy/ptII/ptolemy/domains/de/test/auto/ResettableTimer5.xml (RunModel)" time="0.023" />
  <testcase classname="ptolemy.util.test.junit.AutoTests" name="[63] /home/travis/build/icyphy/ptII/ptolemy/domains/de/test/auto/ResettableTimer6.xml (RunModel)" time="0.038" />
  <testcase classname="ptolemy.util.test.junit.AutoTests" name="[64] /home/travis/build/icyphy/ptII/ptolemy/domains/de/test/auto/ServerZeroDelay.xml (RunModel)" time="0.012" />
  <testcase classname="ptolemy.util.test.junit.AutoTests" name="[65] /home/travis/build/icyphy/ptII/ptolemy/domains/de/test/auto/SmartSender.xml (RunModel)" time="3.008" />
  <testcase classname="ptolemy.util.test.junit.AutoTests" name="[66] /home/travis/build/icyphy/ptII/ptolemy/domains/de/test/auto/ThreadedComposite.xml (RunModel)" time="0.2" />
  <testcase classname="ptolemy.util.test.junit.AutoTests" name="[67] /home/travis/build/icyphy/ptII/ptolemy/domains/de/test/auto/Time.xml (RunModel)" time="0.445" />
  <testcase classname="ptolemy.util.test.junit.AutoTests" name="[68] /home/travis/build/icyphy/ptII/ptolemy/domains/de/test/auto/TimeDelayZeroDelay.xml (RunModel)" time="0.012" />
  <testcase classname="ptolemy.util.test.junit.AutoTests" name="[69] /home/travis/build/icyphy/ptII/ptolemy/domains/de/test/auto/TimerZeroDelay.xml (RunModel)" time="0.01" />
  <testcase classname="ptolemy.util.test.junit.AutoTests" name="[70] /home/travis/build/icyphy/ptII/ptolemy/domains/de/test/auto/TimingParadox.xml (RunModel)" time="0.38" />
  <testcase classname="ptolemy.util.test.junit.AutoTests" name="[71] /home/travis/build/icyphy/ptII/ptolemy/domains/de/test/auto/TransferInputs.xml (RunModel)" time="0.015" />
  <testcase classname="ptolemy.util.test.junit.AutoTests" name="[72] /home/travis/build/icyphy/ptII/ptolemy/domains/de/test/auto/TransferOutputs2.xml (RunModel)" time="0.034" />
  <testcase classname="ptolemy.util.test.junit.AutoTests" name="[73] /home/travis/build/icyphy/ptII/ptolemy/domains/de/test/auto/Trilateration.xml (RunModel)" time="13.045" />
  <testcase classname="ptolemy.util.test.junit.AutoTests" name="[74] /home/travis/build/icyphy/ptII/ptolemy/domains/de/test/auto/TwoSigmaDelta.xml (RunModel)" time="1.991" />
  <testcase classname="ptolemy.util.test.junit.AutoTests" name="[75] /home/travis/build/icyphy/ptII/ptolemy/domains/de/test/auto/VariableDelay.xml (RunModel)" time="0.018" />
  <testcase classname="ptolemy.util.test.junit.AutoTests" name="[76] /home/travis/build/icyphy/ptII/ptolemy/domains/de/test/auto/VariableDelay2.xml (RunModel)" time="0.008" />
  <testcase classname="ptolemy.util.test.junit.AutoTests" name="[77] /home/travis/build/icyphy/ptII/ptolemy/domains/de/test/auto/VariableDelayZeroDelay.xml (RunModel)" time="0.01" />
  <testcase classname="ptolemy.util.test.junit.AutoTests" name="[78] /home/travis/build/icyphy/ptII/ptolemy/domains/de/test/auto/VariableDelayZeroDelay2.xml (RunModel)" time="0.006" />
  <testcase classname="ptolemy.util.test.junit.AutoTests" name="[79] /home/travis/build/icyphy/ptII/ptolemy/domains/de/test/auto/deInCt.xml (RunModel)" time="0.011" />
  <testcase classname="ptolemy.util.test.junit.AutoTests" name="[80] /home/travis/build/icyphy/ptII/ptolemy/domains/de/test/auto/deInCt2.xml (RunModel)" time="0.023" />
  <testcase classname="ptolemy.util.test.junit.AutoTests" name="[81] /home/travis/build/icyphy/ptII/ptolemy/domains/de/test/auto/dynamicCausalityInterface1.xml (RunModel)" time="0.018" />
  <testcase classname="ptolemy.util.test.junit.AutoTests" name="[82] /home/travis/build/icyphy/ptII/ptolemy/domains/de/test/auto/fsm_de_test.xml (RunModel)" time="0.028" />
  <testcase classname="ptolemy.util.test.junit.AutoTests" name="[83] /home/travis/build/icyphy/ptII/ptolemy/domains/de/test/auto/functionDependencyReconstruction.xml (RunModel)" time="0.036" />
  <testcase classname="ptolemy.util.test.junit.AutoTests" name="[84] /home/travis/build/icyphy/ptII/ptolemy/domains/de/test/auto/multirate.xml (RunModel)" time="0.015" />
  <testcase classname="ptolemy.util.test.junit.AutoTests" name="[85] /home/travis/build/icyphy/ptII/ptolemy/domains/de/test/auto/multirate2.xml (RunModel)" time="0.014" />
  <testcase classname="ptolemy.util.test.junit.AutoTests" name="[86] /home/travis/build/icyphy/ptII/ptolemy/domains/de/test/auto/realtime.xml (RunModel)" time="10.009" />
  <testcase classname="ptolemy.util.test.junit.AutoTests" name="[87] /home/travis/build/icyphy/ptII/ptolemy/domains/de/test/auto/relationGroup.xml (RunModel)" time="0.011" />
  <testcase classname="ptolemy.util.test.junit.AutoTests" name="[88] /home/travis/build/icyphy/ptII/ptolemy/domains/de/test/auto/relationGroup2.xml (RunModel)" time="0.007" />
  <testcase classname="ptolemy.util.test.junit.AutoTests" name="[89] /home/travis/build/icyphy/ptII/ptolemy/domains/de/test/auto/sortWithOpaquePorts.xml (RunModel)" time="0.008" />
  <testcase classname="ptolemy.util.test.junit.AutoTests" name="[90] /home/travis/build/icyphy/ptII/ptolemy/domains/de/test/auto/transferInputsandOutputs.xml (RunModel)" time="0.023" />
  <testcase classname="ptolemy.util.test.junit.AutoTests" name="[91] /home/travis/build/icyphy/ptII/ptolemy/domains/de/test/auto/triggerType.xml (RunModel)" time="0.013" />
  <system-out><![CDATA[/home/travis/build/icyphy/ptII/ptolemy/domains/de/test/DependencyLoop.tcl
testDefs.tcl: setting time out to 9000 seconds at Thu Jul 25 05:07:41 UTC 2019
83 ms. Memory: 120832K Free: 72130K (60%)
17 ms. Memory: 120832K Free: 54691K (45%)
/home/travis/build/icyphy/ptII/ptolemy/domains/de/test/RunDETestsAsQSS.tcl
Run the DE tests using ptolemy.domains.qss.test.QSSDirectorTest, which extends QSSDirector and prints a message in the constructors.
------------------ testing $PTII/ptolemy/domains/de/test/auto/knownFailedTests/DirectFeedback.xml (Known Failure) 
59 ms. Memory: 120832K Free: 49092K (41%)


==== $PTIIhome/travis/build/icyphy/ptII/ptolemy/domains/de/test/../../../../: Auto Automatic test in file $PTII/ptolemy/domains/de/test/auto/knownFailedTests/DirectFeedback.xml
==== Contents of test case:

	    # FIXME: we should use $relativeFilename here, but it
	    # might have backslashes under Windows, which causes no end
	    # of trouble.
	    createAndExecute $file
	    list {}
	
.... Test generated KNOWN error:
    while executing
ptolemy.kernel.util.IllegalActionException: Test fails in iteration 1.
Value was: 1.0. Should have been: 2.0
  in .DirectFeedback.Test
	at ptolemy.actor.lib.Test.fire(Test.java:268)
	at ptolemy.domains.de.kernel.DEDirector._fire(DEDirector.java:1949)
	at ptolemy.domains.de.kernel.DEDirector.fire(DEDirector.java:502)
	at ptolemy.actor.CompositeActor.fire(CompositeActor.java:455)
	at ptolemy.actor.Manager.iterate(Manager.java:851)
	at ptolemy.actor.Manager.execute(Manager.java:369)
	at ptolemy.actor.Manager.run(Manager.java:1263)
	at ptolemy.actor.Manager$PtolemyRunThread.run(Manager.java:1933)

    while executing
ptolemy.kernel.util.IllegalActionException: Test fails in iteration 1.
Value was: 1.0. Should have been: 2.0
  in .DirectFeedback.Test
    while executing
"java::new ptolemy.moml.MoMLSimpleApplication $file
"
    (procedure "createAndExecute" line 2)
    invoked from within
"createAndExecute $file"
    ("uplevel" body line 5)
    invoked from within
"uplevel $contents_of_test"
------------------ testing $PTII/ptolemy/domains/de/test/auto/knownFailedTests/dependencyLoop.xml (Known Failure) 
24 ms. Memory: 120832K Free: 46020K (38%)


==== $PTIIhome/travis/build/icyphy/ptII/ptolemy/domains/de/test/../../../../: Auto Automatic test in file $PTII/ptolemy/domains/de/test/auto/knownFailedTests/dependencyLoop.xml
==== Contents of test case:

	    # FIXME: we should use $relativeFilename here, but it
	    # might have backslashes under Windows, which causes no end
	    # of trouble.
	    createAndExecute $file
	    list {}
	
.... Test generated KNOWN error:
    while executing
ptolemy.kernel.util.IllegalActionException: Found a zero delay loop containing .dependencyLoop.original
  in .dependencyLoop and .dependencyLoop.original
	at ptolemy.actor.util.CausalityInterfaceForComposites._computeOutputPortDepth(CausalityInterfaceForComposites.java:759)
	at ptolemy.actor.util.CausalityInterfaceForComposites._computeInputDepth(CausalityInterfaceForComposites.java:696)
	at ptolemy.actor.util.CausalityInterfaceForComposites._computeOutputPortDepth(CausalityInterfaceForComposites.java:765)
	at ptolemy.actor.util.CausalityInterfaceForComposites._computeInputDepth(CausalityInterfaceForComposites.java:696)
	at ptolemy.actor.util.CausalityInterfaceForComposites._computeOutputPortDepth(CausalityInterfaceForComposites.java:765)
	at ptolemy.actor.util.CausalityInterfaceForComposites._computeInputDepth(CausalityInterfaceForComposites.java:696)
	at ptolemy.actor.util.CausalityInterfaceForComposites._computeActorDepth(CausalityInterfaceForComposites.java:532)
	at ptolemy.actor.util.CausalityInterfaceForComposites.checkForCycles(CausalityInterfaceForComposites.java:96)
	at ptolemy.domains.de.kernel.DEDirector.preinitialize(DEDirector.java:1338)
	at ptolemy.actor.CompositeActor.preinitialize(CompositeActor.java:1828)
	at ptolemy.actor.Manager.preinitializeAndResolveTypes(Manager.java:1040)
	at ptolemy.actor.Manager.initialize(Manager.java:710)
	at ptolemy.actor.Manager.execute(Manager.java:356)
	at ptolemy.actor.Manager.run(Manager.java:1263)
	at ptolemy.actor.Manager$PtolemyRunThread.run(Manager.java:1933)

    while executing
ptolemy.kernel.util.IllegalActionException: Found a zero delay loop containing .dependencyLoop.original
  in .dependencyLoop and .dependencyLoop.original
    while executing
"java::new ptolemy.moml.MoMLSimpleApplication $file
"
    (procedure "createAndExecute" line 2)
    invoked from within
"createAndExecute $file"
    ("uplevel" body line 5)
    invoked from within
"uplevel $contents_of_test"
------------------ testing $PTII/ptolemy/domains/de/test/auto/knownFailedTests/FSMSource.xml (Known Failure) 
82 ms. Memory: 120832K Free: 99388K (82%)
!!!! Auto was marked as failing, but now passes
------------------ testing $PTII/ptolemy/domains/de/test/auto/knownFailedTests/HierarchicalModel.xml (Known Failure) 
7 ms. Memory: 120832K Free: 82016K (68%)


==== $PTIIhome/travis/build/icyphy/ptII/ptolemy/domains/de/test/../../../../: Auto Automatic test in file $PTII/ptolemy/domains/de/test/auto/knownFailedTests/HierarchicalModel.xml
==== Contents of test case:

	    # FIXME: we should use $relativeFilename here, but it
	    # might have backslashes under Windows, which causes no end
	    # of trouble.
	    createAndExecute $file
	    list {}
	
.... Test generated KNOWN error:
    while executing
ptolemy.kernel.util.IllegalActionException: Found a zero delay loop containing .HierarchicalModel.A
  in .HierarchicalModel and .HierarchicalModel.A
	at ptolemy.actor.util.CausalityInterfaceForComposites._computeOutputPortDepth(CausalityInterfaceForComposites.java:759)
	at ptolemy.actor.util.CausalityInterfaceForComposites._computeInputDepth(CausalityInterfaceForComposites.java:696)
	at ptolemy.actor.util.CausalityInterfaceForComposites._computeOutputPortDepth(CausalityInterfaceForComposites.java:765)
	at ptolemy.actor.util.CausalityInterfaceForComposites._computeInputDepth(CausalityInterfaceForComposites.java:696)
	at ptolemy.actor.util.CausalityInterfaceForComposites._computeOutputPortDepth(CausalityInterfaceForComposites.java:765)
	at ptolemy.actor.util.CausalityInterfaceForComposites._computeInputDepth(CausalityInterfaceForComposites.java:696)
	at ptolemy.actor.util.CausalityInterfaceForComposites._computeActorDepth(CausalityInterfaceForComposites.java:532)
	at ptolemy.actor.util.CausalityInterfaceForComposites.checkForCycles(CausalityInterfaceForComposites.java:96)
	at ptolemy.domains.de.kernel.DEDirector.preinitialize(DEDirector.java:1338)
	at ptolemy.actor.CompositeActor.preinitialize(CompositeActor.java:1828)
	at ptolemy.actor.Manager.preinitializeAndResolveTypes(Manager.java:1040)
	at ptolemy.actor.Manager.initialize(Manager.java:710)
	at ptolemy.actor.Manager.execute(Manager.java:356)
	at ptolemy.actor.Manager.run(Manager.java:1263)
	at ptolemy.actor.Manager$PtolemyRunThread.run(Manager.java:1933)

    while executing
ptolemy.kernel.util.IllegalActionException: Found a zero delay loop containing .HierarchicalModel.A
  in .HierarchicalModel and .HierarchicalModel.A
    while executing
"java::new ptolemy.moml.MoMLSimpleApplication $file
"
    (procedure "createAndExecute" line 2)
    invoked from within
"createAndExecute $file"
    ("uplevel" body line 5)
    invoked from within
"uplevel $contents_of_test"
------------------ testing $PTII/ptolemy/domains/de/test/auto/knownFailedTests/dependencyLoop2.xml (Known Failure) 
27 ms. Memory: 120832K Free: 105858K (88%)


==== $PTIIhome/travis/build/icyphy/ptII/ptolemy/domains/de/test/../../../../: Auto Automatic test in file $PTII/ptolemy/domains/de/test/auto/knownFailedTests/dependencyLoop2.xml
==== Contents of test case:

	    # FIXME: we should use $relativeFilename here, but it
	    # might have backslashes under Windows, which causes no end
	    # of trouble.
	    createAndExecute $file
	    list {}
	
.... Test generated KNOWN error:
    while executing
ptolemy.kernel.util.IllegalActionException: Found a zero delay loop containing .dependencyLoop2.original
  in .dependencyLoop2 and .dependencyLoop2.original
	at ptolemy.actor.util.CausalityInterfaceForComposites._computeOutputPortDepth(CausalityInterfaceForComposites.java:759)
	at ptolemy.actor.util.CausalityInterfaceForComposites._computeInputDepth(CausalityInterfaceForComposites.java:696)
	at ptolemy.actor.util.CausalityInterfaceForComposites._computeOutputPortDepth(CausalityInterfaceForComposites.java:765)
	at ptolemy.actor.util.CausalityInterfaceForComposites._computeInputDepth(CausalityInterfaceForComposites.java:696)
	at ptolemy.actor.util.CausalityInterfaceForComposites._computeOutputPortDepth(CausalityInterfaceForComposites.java:765)
	at ptolemy.actor.util.CausalityInterfaceForComposites._computeInputDepth(CausalityInterfaceForComposites.java:696)
	at ptolemy.actor.util.CausalityInterfaceForComposites._computeActorDepth(CausalityInterfaceForComposites.java:532)
	at ptolemy.actor.util.CausalityInterfaceForComposites.checkForCycles(CausalityInterfaceForComposites.java:96)
	at ptolemy.domains.de.kernel.DEDirector.preinitialize(DEDirector.java:1338)
	at ptolemy.actor.CompositeActor.preinitialize(CompositeActor.java:1828)
	at ptolemy.actor.Manager.preinitializeAndResolveTypes(Manager.java:1040)
	at ptolemy.actor.Manager.initialize(Manager.java:710)
	at ptolemy.actor.Manager.execute(Manager.java:356)
	at ptolemy.actor.Manager.run(Manager.java:1263)
	at ptolemy.actor.Manager$PtolemyRunThread.run(Manager.java:1933)

    while executing
ptolemy.kernel.util.IllegalActionException: Found a zero delay loop containing .dependencyLoop2.original
  in .dependencyLoop2 and .dependencyLoop2.original
    while executing
"java::new ptolemy.moml.MoMLSimpleApplication $file
"
    (procedure "createAndExecute" line 2)
    invoked from within
"createAndExecute $file"
    ("uplevel" body line 5)
    invoked from within
"uplevel $contents_of_test"
------------------ testing $PTII/ptolemy/domains/de/test/auto/knownFailedTests/DESDFClockTest.xml (Known Failure) 
2062 ms. Memory: 120832K Free: 92598K (77%)


==== $PTIIhome/travis/build/icyphy/ptII/ptolemy/domains/de/test/../../../../: Auto Automatic test in file $PTII/ptolemy/domains/de/test/auto/knownFailedTests/DESDFClockTest.xml
==== Contents of test case:

	    # FIXME: we should use $relativeFilename here, but it
	    # might have backslashes under Windows, which causes no end
	    # of trouble.
	    createAndExecute $file
	    list {}
	
.... Test generated KNOWN error:
    while executing
ptolemy.kernel.util.IllegalActionException: Actor is not ready to fire.  Perhaps UpSample.prefire() returned false? Try debugging the actor by selecting "Listen to Actor".  Also, for SDF check moml for tokenConsumptionRate on input.
  in .DESDFClockTest.Play Bell.Copy1:SDF Director and .DESDFClockTest.Play Bell.UpSample
	at ptolemy.actor.sched.StaticSchedulingDirector.fire(StaticSchedulingDirector.java:227)
	at ptolemy.domains.sdf.kernel.SDFDirector.fire(SDFDirector.java:500)
	at ptolemy.actor.CompositeActor.fire(CompositeActor.java:455)
	at ptolemy.domains.de.kernel.DEDirector._fire(DEDirector.java:1949)
	at ptolemy.domains.de.kernel.DEDirector.fire(DEDirector.java:502)
	at ptolemy.actor.CompositeActor.fire(CompositeActor.java:455)
	at ptolemy.actor.Manager.iterate(Manager.java:851)
	at ptolemy.actor.Manager.execute(Manager.java:369)
	at ptolemy.actor.Manager.run(Manager.java:1263)
	at ptolemy.actor.Manager$PtolemyRunThread.run(Manager.java:1933)

    while executing
ptolemy.kernel.util.IllegalActionException: Actor is not ready to fire.  Perhaps UpSample.prefire() returned false? Try debugging the actor by selecting "Listen to Actor".  Also, for SDF check moml for tokenConsumptionRate on input.
  in .DESDFClockTest.Play Bell.Copy1:SDF Director and .DESDFClockTest.Play Bell.UpSample
    while executing
"java::new ptolemy.moml.MoMLSimpleApplication $file
"
    (procedure "createAndExecute" line 2)
    invoked from within
"createAndExecute $file"
    ("uplevel" body line 5)
    invoked from within
"uplevel $contents_of_test"
------------------ testing $PTII/ptolemy/domains/de/test/auto/ActorDepthCalculation_actorWithoutPorts.xml
auto.tcl: Setting watchdog for 200 seconds at Thu Jul 25 05:07:44 UTC 2019
5 ms. Memory: 120832K Free: 85409K (71%)
ptolemy.util.test.WatchDog.cancel(): canceling Thu Jul 25 05:07:44 UTC 2019
auto.tcl: Setting watchdog for 200 seconds at Thu Jul 25 05:07:44 UTC 2019
9 ms. Memory: 120832K Free: 84244K (70%)
ptolemy.util.test.WatchDog.cancel(): canceling Thu Jul 25 05:07:44 UTC 2019
------------------ testing $PTII/ptolemy/domains/de/test/auto/AssemblyLine.xml
auto.tcl: Setting watchdog for 200 seconds at Thu Jul 25 05:07:45 UTC 2019
38 ms. Memory: 48128K Free: 25216K (52%)
ptolemy.util.test.WatchDog.cancel(): canceling Thu Jul 25 05:07:45 UTC 2019
auto.tcl: Setting watchdog for 200 seconds at Thu Jul 25 05:07:45 UTC 2019
7 ms. Memory: 48128K Free: 24749K (51%)
ptolemy.util.test.WatchDog.cancel(): canceling Thu Jul 25 05:07:45 UTC 2019
------------------ testing $PTII/ptolemy/domains/de/test/auto/CQBug1.xml
auto.tcl: Setting watchdog for 200 seconds at Thu Jul 25 05:07:45 UTC 2019
2 ms. Memory: 48128K Free: 31481K (65%)
ptolemy.util.test.WatchDog.cancel(): canceling Thu Jul 25 05:07:45 UTC 2019
auto.tcl: Setting watchdog for 200 seconds at Thu Jul 25 05:07:45 UTC 2019
3 ms. Memory: 48128K Free: 31014K (64%)
ptolemy.util.test.WatchDog.cancel(): canceling Thu Jul 25 05:07:45 UTC 2019
------------------ testing $PTII/ptolemy/domains/de/test/auto/CancelFireAt.xml
auto.tcl: Setting watchdog for 200 seconds at Thu Jul 25 05:07:45 UTC 2019
2 ms. Memory: 45056K Free: 29704K (66%)
ptolemy.util.test.WatchDog.cancel(): canceling Thu Jul 25 05:07:45 UTC 2019
auto.tcl: Setting watchdog for 200 seconds at Thu Jul 25 05:07:45 UTC 2019
3 ms. Memory: 45056K Free: 29255K (65%)
ptolemy.util.test.WatchDog.cancel(): canceling Thu Jul 25 05:07:45 UTC 2019
------------------ testing $PTII/ptolemy/domains/de/test/auto/CausalityAndComposabilityAnalysis.xml
auto.tcl: Setting watchdog for 200 seconds at Thu Jul 25 05:07:45 UTC 2019
8 ms. Memory: 45056K Free: 27927K (62%)
ptolemy.util.test.WatchDog.cancel(): canceling Thu Jul 25 05:07:45 UTC 2019
auto.tcl: Setting watchdog for 200 seconds at Thu Jul 25 05:07:45 UTC 2019
5 ms. Memory: 45056K Free: 27122K (60%)
ptolemy.util.test.WatchDog.cancel(): canceling Thu Jul 25 05:07:45 UTC 2019
------------------ testing $PTII/ptolemy/domains/de/test/auto/CausalityInterface1.xml
auto.tcl: Setting watchdog for 200 seconds at Thu Jul 25 05:07:45 UTC 2019
22 ms. Memory: 45056K Free: 26376K (59%)
ptolemy.util.test.WatchDog.cancel(): canceling Thu Jul 25 05:07:45 UTC 2019
auto.tcl: Setting watchdog for 200 seconds at Thu Jul 25 05:07:45 UTC 2019
5 ms. Memory: 45056K Free: 25398K (56%)
ptolemy.util.test.WatchDog.cancel(): canceling Thu Jul 25 05:07:45 UTC 2019
------------------ testing $PTII/ptolemy/domains/de/test/auto/CausalityInterface15.xml
auto.tcl: Setting watchdog for 200 seconds at Thu Jul 25 05:07:46 UTC 2019
8 ms. Memory: 45056K Free: 26425K (59%)
ptolemy.util.test.WatchDog.cancel(): canceling Thu Jul 25 05:07:46 UTC 2019
auto.tcl: Setting watchdog for 200 seconds at Thu Jul 25 05:07:46 UTC 2019
5 ms. Memory: 45056K Free: 25350K (56%)
ptolemy.util.test.WatchDog.cancel(): canceling Thu Jul 25 05:07:46 UTC 2019
------------------ testing $PTII/ptolemy/domains/de/test/auto/CausalityInterface2.xml
auto.tcl: Setting watchdog for 200 seconds at Thu Jul 25 05:07:46 UTC 2019
4 ms. Memory: 45056K Free: 27100K (60%)
ptolemy.util.test.WatchDog.cancel(): canceling Thu Jul 25 05:07:46 UTC 2019
auto.tcl: Setting watchdog for 200 seconds at Thu Jul 25 05:07:46 UTC 2019
3 ms. Memory: 45056K Free: 26356K (58%)
ptolemy.util.test.WatchDog.cancel(): canceling Thu Jul 25 05:07:46 UTC 2019
------------------ testing $PTII/ptolemy/domains/de/test/auto/CausalityInterface3.xml
auto.tcl: Setting watchdog for 200 seconds at Thu Jul 25 05:07:46 UTC 2019
6 ms. Memory: 45056K Free: 26336K (58%)
ptolemy.util.test.WatchDog.cancel(): canceling Thu Jul 25 05:07:46 UTC 2019
auto.tcl: Setting watchdog for 200 seconds at Thu Jul 25 05:07:46 UTC 2019
3 ms. Memory: 45056K Free: 25765K (57%)
ptolemy.util.test.WatchDog.cancel(): canceling Thu Jul 25 05:07:46 UTC 2019
------------------ testing $PTII/ptolemy/domains/de/test/auto/ClockDrift.xml
auto.tcl: Setting watchdog for 200 seconds at Thu Jul 25 05:07:46 UTC 2019
92 ms. Memory: 45056K Free: 19150K (43%)
ptolemy.util.test.WatchDog.cancel(): canceling Thu Jul 25 05:07:46 UTC 2019
auto.tcl: Setting watchdog for 200 seconds at Thu Jul 25 05:07:46 UTC 2019
48 ms. Memory: 45056K Free: 16131K (36%)
ptolemy.util.test.WatchDog.cancel(): canceling Thu Jul 25 05:07:46 UTC 2019
------------------ testing $PTII/ptolemy/domains/de/test/auto/ClockDriftAndValueChange.xml
auto.tcl: Setting watchdog for 200 seconds at Thu Jul 25 05:07:46 UTC 2019
42 ms. Memory: 45056K Free: 19566K (43%)
ptolemy.util.test.WatchDog.cancel(): canceling Thu Jul 25 05:07:46 UTC 2019
auto.tcl: Setting watchdog for 200 seconds at Thu Jul 25 05:07:46 UTC 2019
18 ms. Memory: 45056K Free: 16374K (36%)
ptolemy.util.test.WatchDog.cancel(): canceling Thu Jul 25 05:07:46 UTC 2019
------------------ testing $PTII/ptolemy/domains/de/test/auto/ClockDriftChange.xml
auto.tcl: Setting watchdog for 200 seconds at Thu Jul 25 05:07:46 UTC 2019
18 ms. Memory: 45056K Free: 21276K (47%)
ptolemy.util.test.WatchDog.cancel(): canceling Thu Jul 25 05:07:46 UTC 2019
auto.tcl: Setting watchdog for 200 seconds at Thu Jul 25 05:07:46 UTC 2019
19 ms. Memory: 45056K Free: 18746K (42%)
ptolemy.util.test.WatchDog.cancel(): canceling Thu Jul 25 05:07:46 UTC 2019
------------------ testing $PTII/ptolemy/domains/de/test/auto/ComposableCausalityAnalysis.xml
auto.tcl: Setting watchdog for 200 seconds at Thu Jul 25 05:07:46 UTC 2019
2 ms. Memory: 45056K Free: 25912K (58%)
ptolemy.util.test.WatchDog.cancel(): canceling Thu Jul 25 05:07:46 UTC 2019
auto.tcl: Setting watchdog for 200 seconds at Thu Jul 25 05:07:46 UTC 2019
5 ms. Memory: 45056K Free: 24890K (55%)
ptolemy.util.test.WatchDog.cancel(): canceling Thu Jul 25 05:07:46 UTC 2019
------------------ testing $PTII/ptolemy/domains/de/test/auto/DEFixedPointLimitation.xml
auto.tcl: Setting watchdog for 200 seconds at Thu Jul 25 05:07:46 UTC 2019
11 ms. Memory: 45056K Free: 27231K (60%)
ptolemy.util.test.WatchDog.cancel(): canceling Thu Jul 25 05:07:46 UTC 2019
auto.tcl: Setting watchdog for 200 seconds at Thu Jul 25 05:07:46 UTC 2019
1 ms. Memory: 45056K Free: 26355K (58%)
ptolemy.util.test.WatchDog.cancel(): canceling Thu Jul 25 05:07:46 UTC 2019
------------------ testing $PTII/ptolemy/domains/de/test/auto/DEScheduleTest.xml
auto.tcl: Setting watchdog for 200 seconds at Thu Jul 25 05:07:46 UTC 2019
5 ms. Memory: 45056K Free: 27523K (61%)
ptolemy.util.test.WatchDog.cancel(): canceling Thu Jul 25 05:07:46 UTC 2019
auto.tcl: Setting watchdog for 200 seconds at Thu Jul 25 05:07:46 UTC 2019
2 ms. Memory: 45056K Free: 26767K (59%)
ptolemy.util.test.WatchDog.cancel(): canceling Thu Jul 25 05:07:46 UTC 2019
------------------ testing $PTII/ptolemy/domains/de/test/auto/DEinDEwithStartTimes.xml
auto.tcl: Setting watchdog for 200 seconds at Thu Jul 25 05:07:47 UTC 2019
3 ms. Memory: 45056K Free: 25728K (57%)
ptolemy.util.test.WatchDog.cancel(): canceling Thu Jul 25 05:07:47 UTC 2019
auto.tcl: Setting watchdog for 200 seconds at Thu Jul 25 05:07:47 UTC 2019
4 ms. Memory: 45056K Free: 24670K (55%)
ptolemy.util.test.WatchDog.cancel(): canceling Thu Jul 25 05:07:47 UTC 2019
------------------ testing $PTII/ptolemy/domains/de/test/auto/DEinDEwithStartTimes2.xml
auto.tcl: Setting watchdog for 200 seconds at Thu Jul 25 05:07:47 UTC 2019
6 ms. Memory: 45056K Free: 24916K (55%)
ptolemy.util.test.WatchDog.cancel(): canceling Thu Jul 25 05:07:47 UTC 2019
auto.tcl: Setting watchdog for 200 seconds at Thu Jul 25 05:07:47 UTC 2019
6 ms. Memory: 45056K Free: 23625K (52%)
ptolemy.util.test.WatchDog.cancel(): canceling Thu Jul 25 05:07:47 UTC 2019
------------------ testing $PTII/ptolemy/domains/de/test/auto/DateDemo.xml
auto.tcl: Setting watchdog for 200 seconds at Thu Jul 25 05:07:47 UTC 2019
12 ms. Memory: 45056K Free: 19576K (43%)
ptolemy.util.test.WatchDog.cancel(): canceling Thu Jul 25 05:07:47 UTC 2019
auto.tcl: Setting watchdog for 200 seconds at Thu Jul 25 05:07:47 UTC 2019
7 ms. Memory: 45056K Free: 17727K (39%)
ptolemy.util.test.WatchDog.cancel(): canceling Thu Jul 25 05:07:47 UTC 2019
------------------ testing $PTII/ptolemy/domains/de/test/auto/DateToEvent.xml
auto.tcl: Setting watchdog for 200 seconds at Thu Jul 25 05:07:47 UTC 2019
2020 ms. Memory: 45056K Free: 15186K (34%)
ptolemy.util.test.WatchDog.cancel(): canceling Thu Jul 25 05:07:49 UTC 2019
auto.tcl: Setting watchdog for 200 seconds at Thu Jul 25 05:07:49 UTC 2019
2005 ms. Memory: 45056K Free: 14183K (31%)
ptolemy.util.test.WatchDog.cancel(): canceling Thu Jul 25 05:07:51 UTC 2019
------------------ testing $PTII/ptolemy/domains/de/test/auto/DepthTest1.xml
auto.tcl: Setting watchdog for 200 seconds at Thu Jul 25 05:07:51 UTC 2019
4 ms. Memory: 45056K Free: 28492K (63%)
ptolemy.util.test.WatchDog.cancel(): canceling Thu Jul 25 05:07:51 UTC 2019
auto.tcl: Setting watchdog for 200 seconds at Thu Jul 25 05:07:51 UTC 2019
1 ms. Memory: 45056K Free: 27930K (62%)
ptolemy.util.test.WatchDog.cancel(): canceling Thu Jul 25 05:07:51 UTC 2019
------------------ testing $PTII/ptolemy/domains/de/test/auto/DepthTest2.xml
auto.tcl: Setting watchdog for 200 seconds at Thu Jul 25 05:07:51 UTC 2019
9 ms. Memory: 45056K Free: 25183K (56%)
ptolemy.util.test.WatchDog.cancel(): canceling Thu Jul 25 05:07:51 UTC 2019
auto.tcl: Setting watchdog for 200 seconds at Thu Jul 25 05:07:51 UTC 2019
2 ms. Memory: 45056K Free: 24805K (55%)
ptolemy.util.test.WatchDog.cancel(): canceling Thu Jul 25 05:07:51 UTC 2019
------------------ testing $PTII/ptolemy/domains/de/test/auto/DepthTest3.xml
auto.tcl: Setting watchdog for 200 seconds at Thu Jul 25 05:07:51 UTC 2019
2 ms. Memory: 45056K Free: 28663K (64%)
ptolemy.util.test.WatchDog.cancel(): canceling Thu Jul 25 05:07:51 UTC 2019
auto.tcl: Setting watchdog for 200 seconds at Thu Jul 25 05:07:51 UTC 2019
2 ms. Memory: 45056K Free: 28245K (63%)
ptolemy.util.test.WatchDog.cancel(): canceling Thu Jul 25 05:07:51 UTC 2019
------------------ testing $PTII/ptolemy/domains/de/test/auto/DepthTest4.xml
auto.tcl: Setting watchdog for 200 seconds at Thu Jul 25 05:07:51 UTC 2019
3 ms. Memory: 45056K Free: 27017K (60%)
ptolemy.util.test.WatchDog.cancel(): canceling Thu Jul 25 05:07:51 UTC 2019
auto.tcl: Setting watchdog for 200 seconds at Thu Jul 25 05:07:51 UTC 2019
2 ms. Memory: 45056K Free: 26316K (58%)
ptolemy.util.test.WatchDog.cancel(): canceling Thu Jul 25 05:07:51 UTC 2019
------------------ testing $PTII/ptolemy/domains/de/test/auto/DepthTest5.xml
auto.tcl: Setting watchdog for 200 seconds at Thu Jul 25 05:07:51 UTC 2019
3 ms. Memory: 45056K Free: 26420K (59%)
ptolemy.util.test.WatchDog.cancel(): canceling Thu Jul 25 05:07:51 UTC 2019
auto.tcl: Setting watchdog for 200 seconds at Thu Jul 25 05:07:51 UTC 2019
2 ms. Memory: 45056K Free: 25648K (57%)
ptolemy.util.test.WatchDog.cancel(): canceling Thu Jul 25 05:07:51 UTC 2019
------------------ testing $PTII/ptolemy/domains/de/test/auto/DepthTest6.xml
auto.tcl: Setting watchdog for 200 seconds at Thu Jul 25 05:07:51 UTC 2019
5 ms. Memory: 45056K Free: 26143K (58%)
ptolemy.util.test.WatchDog.cancel(): canceling Thu Jul 25 05:07:51 UTC 2019
auto.tcl: Setting watchdog for 200 seconds at Thu Jul 25 05:07:51 UTC 2019
2 ms. Memory: 45056K Free: 25749K (57%)
ptolemy.util.test.WatchDog.cancel(): canceling Thu Jul 25 05:07:51 UTC 2019
------------------ testing $PTII/ptolemy/domains/de/test/auto/DepthTest7.xml
auto.tcl: Setting watchdog for 200 seconds at Thu Jul 25 05:07:51 UTC 2019
3 ms. Memory: 45056K Free: 26944K (60%)
ptolemy.util.test.WatchDog.cancel(): canceling Thu Jul 25 05:07:52 UTC 2019
auto.tcl: Setting watchdog for 200 seconds at Thu Jul 25 05:07:52 UTC 2019
2 ms. Memory: 45056K Free: 26221K (58%)
ptolemy.util.test.WatchDog.cancel(): canceling Thu Jul 25 05:07:52 UTC 2019
------------------ testing $PTII/ptolemy/domains/de/test/auto/EventToDate.xml
auto.tcl: Setting watchdog for 200 seconds at Thu Jul 25 05:07:52 UTC 2019
3014 ms. Memory: 45056K Free: 17966K (40%)
ptolemy.util.test.WatchDog.cancel(): canceling Thu Jul 25 05:07:55 UTC 2019
auto.tcl: Setting watchdog for 200 seconds at Thu Jul 25 05:07:55 UTC 2019
3004 ms. Memory: 45056K Free: 17046K (38%)
ptolemy.util.test.WatchDog.cancel(): canceling Thu Jul 25 05:07:58 UTC 2019
------------------ testing $PTII/ptolemy/domains/de/test/auto/FSM1.xml
auto.tcl: Setting watchdog for 200 seconds at Thu Jul 25 05:07:58 UTC 2019
18 ms. Memory: 45056K Free: 18949K (42%)
ptolemy.util.test.WatchDog.cancel(): canceling Thu Jul 25 05:07:58 UTC 2019
auto.tcl: Setting watchdog for 200 seconds at Thu Jul 25 05:07:58 UTC 2019
15 ms. Memory: 45056K Free: 15694K (35%)
ptolemy.util.test.WatchDog.cancel(): canceling Thu Jul 25 05:07:58 UTC 2019
------------------ testing $PTII/ptolemy/domains/de/test/auto/FSM7.xml
auto.tcl: Setting watchdog for 200 seconds at Thu Jul 25 05:07:58 UTC 2019
29 ms. Memory: 45056K Free: 18672K (41%)
ptolemy.util.test.WatchDog.cancel(): canceling Thu Jul 25 05:07:58 UTC 2019
auto.tcl: Setting watchdog for 200 seconds at Thu Jul 25 05:07:58 UTC 2019
27 ms. Memory: 45056K Free: 15553K (35%)
ptolemy.util.test.WatchDog.cancel(): canceling Thu Jul 25 05:07:58 UTC 2019
------------------ testing $PTII/ptolemy/domains/de/test/auto/Inspection.xml
auto.tcl: Setting watchdog for 200 seconds at Thu Jul 25 05:07:58 UTC 2019
35 ms. Memory: 45056K Free: 18709K (42%)
ptolemy.util.test.WatchDog.cancel(): canceling Thu Jul 25 05:07:58 UTC 2019
auto.tcl: Setting watchdog for 200 seconds at Thu Jul 25 05:07:58 UTC 2019
18 ms. Memory: 45056K Free: 16958K (38%)
ptolemy.util.test.WatchDog.cancel(): canceling Thu Jul 25 05:07:58 UTC 2019
------------------ testing $PTII/ptolemy/domains/de/test/auto/Iteration.xml
auto.tcl: Setting watchdog for 200 seconds at Thu Jul 25 05:07:58 UTC 2019
9 ms. Memory: 45056K Free: 24435K (54%)
ptolemy.util.test.WatchDog.cancel(): canceling Thu Jul 25 05:07:58 UTC 2019
auto.tcl: Setting watchdog for 200 seconds at Thu Jul 25 05:07:58 UTC 2019
6 ms. Memory: 45056K Free: 23018K (51%)
ptolemy.util.test.WatchDog.cancel(): canceling Thu Jul 25 05:07:58 UTC 2019
------------------ testing $PTII/ptolemy/domains/de/test/auto/LineFault.xml
auto.tcl: Setting watchdog for 200 seconds at Thu Jul 25 05:07:58 UTC 2019
630 ms. Memory: 54272K Free: 23921K (44%)
ptolemy.util.test.WatchDog.cancel(): canceling Thu Jul 25 05:07:59 UTC 2019
auto.tcl: Setting watchdog for 200 seconds at Thu Jul 25 05:07:59 UTC 2019
628 ms. Memory: 54272K Free: 38580K (71%)
ptolemy.util.test.WatchDog.cancel(): canceling Thu Jul 25 05:08:00 UTC 2019
------------------ testing $PTII/ptolemy/domains/de/test/auto/MergeModel1Add.xml
auto.tcl: Setting watchdog for 200 seconds at Thu Jul 25 05:08:00 UTC 2019
27 ms. Memory: 51200K Free: 16531K (32%)
ptolemy.util.test.WatchDog.cancel(): canceling Thu Jul 25 05:08:00 UTC 2019
auto.tcl: Setting watchdog for 200 seconds at Thu Jul 25 05:08:00 UTC 2019
13 ms. Memory: 51200K Free: 14893K (29%)
ptolemy.util.test.WatchDog.cancel(): canceling Thu Jul 25 05:08:00 UTC 2019
------------------ testing $PTII/ptolemy/domains/de/test/auto/MergeModel2Add.xml
auto.tcl: Setting watchdog for 200 seconds at Thu Jul 25 05:08:00 UTC 2019
8 ms. Memory: 51200K Free: 18589K (36%)
ptolemy.util.test.WatchDog.cancel(): canceling Thu Jul 25 05:08:00 UTC 2019
auto.tcl: Setting watchdog for 200 seconds at Thu Jul 25 05:08:00 UTC 2019
8 ms. Memory: 51200K Free: 17049K (33%)
ptolemy.util.test.WatchDog.cancel(): canceling Thu Jul 25 05:08:00 UTC 2019
------------------ testing $PTII/ptolemy/domains/de/test/auto/MergeModel3Add.xml
auto.tcl: Setting watchdog for 200 seconds at Thu Jul 25 05:08:00 UTC 2019
10 ms. Memory: 51200K Free: 18582K (36%)
ptolemy.util.test.WatchDog.cancel(): canceling Thu Jul 25 05:08:00 UTC 2019
auto.tcl: Setting watchdog for 200 seconds at Thu Jul 25 05:08:00 UTC 2019
10 ms. Memory: 51200K Free: 17199K (34%)
ptolemy.util.test.WatchDog.cancel(): canceling Thu Jul 25 05:08:00 UTC 2019
------------------ testing $PTII/ptolemy/domains/de/test/auto/MergeWithoutDiscard.xml
auto.tcl: Setting watchdog for 200 seconds at Thu Jul 25 05:08:00 UTC 2019
3 ms. Memory: 51200K Free: 32916K (64%)
ptolemy.util.test.WatchDog.cancel(): canceling Thu Jul 25 05:08:00 UTC 2019
auto.tcl: Setting watchdog for 200 seconds at Thu Jul 25 05:08:00 UTC 2019
1 ms. Memory: 51200K Free: 32484K (63%)
ptolemy.util.test.WatchDog.cancel(): canceling Thu Jul 25 05:08:00 UTC 2019
------------------ testing $PTII/ptolemy/domains/de/test/auto/Modal1.xml
auto.tcl: Setting watchdog for 200 seconds at Thu Jul 25 05:08:00 UTC 2019
20 ms. Memory: 51200K Free: 25310K (49%)
ptolemy.util.test.WatchDog.cancel(): canceling Thu Jul 25 05:08:00 UTC 2019
auto.tcl: Setting watchdog for 200 seconds at Thu Jul 25 05:08:00 UTC 2019
26 ms. Memory: 51200K Free: 22029K (43%)
ptolemy.util.test.WatchDog.cancel(): canceling Thu Jul 25 05:08:00 UTC 2019
------------------ testing $PTII/ptolemy/domains/de/test/auto/Modal2.xml
auto.tcl: Setting watchdog for 200 seconds at Thu Jul 25 05:08:00 UTC 2019
18 ms. Memory: 51200K Free: 25434K (50%)
ptolemy.util.test.WatchDog.cancel(): canceling Thu Jul 25 05:08:00 UTC 2019
auto.tcl: Setting watchdog for 200 seconds at Thu Jul 25 05:08:00 UTC 2019
11 ms. Memory: 51200K Free: 21951K (43%)
ptolemy.util.test.WatchDog.cancel(): canceling Thu Jul 25 05:08:00 UTC 2019
------------------ testing $PTII/ptolemy/domains/de/test/auto/Modal3.xml
auto.tcl: Setting watchdog for 200 seconds at Thu Jul 25 05:08:00 UTC 2019
13 ms. Memory: 51200K Free: 25185K (49%)
ptolemy.util.test.WatchDog.cancel(): canceling Thu Jul 25 05:08:00 UTC 2019
auto.tcl: Setting watchdog for 200 seconds at Thu Jul 25 05:08:00 UTC 2019
15 ms. Memory: 51200K Free: 21932K (43%)
ptolemy.util.test.WatchDog.cancel(): canceling Thu Jul 25 05:08:00 UTC 2019
------------------ testing $PTII/ptolemy/domains/de/test/auto/Modal4.xml
auto.tcl: Setting watchdog for 200 seconds at Thu Jul 25 05:08:00 UTC 2019
23 ms. Memory: 51200K Free: 24158K (47%)
ptolemy.util.test.WatchDog.cancel(): canceling Thu Jul 25 05:08:01 UTC 2019
auto.tcl: Setting watchdog for 200 seconds at Thu Jul 25 05:08:01 UTC 2019
16 ms. Memory: 51200K Free: 20310K (40%)
ptolemy.util.test.WatchDog.cancel(): canceling Thu Jul 25 05:08:01 UTC 2019
------------------ testing $PTII/ptolemy/domains/de/test/auto/Modal5.xml
auto.tcl: Setting watchdog for 200 seconds at Thu Jul 25 05:08:01 UTC 2019
24 ms. Memory: 48128K Free: 21083K (44%)
ptolemy.util.test.WatchDog.cancel(): canceling Thu Jul 25 05:08:01 UTC 2019
auto.tcl: Setting watchdog for 200 seconds at Thu Jul 25 05:08:01 UTC 2019
13 ms. Memory: 48128K Free: 17461K (36%)
ptolemy.util.test.WatchDog.cancel(): canceling Thu Jul 25 05:08:01 UTC 2019
------------------ testing $PTII/ptolemy/domains/de/test/auto/Modal6.xml
auto.tcl: Setting watchdog for 200 seconds at Thu Jul 25 05:08:01 UTC 2019
12 ms. Memory: 48128K Free: 21869K (45%)
ptolemy.util.test.WatchDog.cancel(): canceling Thu Jul 25 05:08:01 UTC 2019
auto.tcl: Setting watchdog for 200 seconds at Thu Jul 25 05:08:01 UTC 2019
14 ms. Memory: 48128K Free: 17875K (37%)
ptolemy.util.test.WatchDog.cancel(): canceling Thu Jul 25 05:08:01 UTC 2019
------------------ testing $PTII/ptolemy/domains/de/test/auto/Modal7.xml
auto.tcl: Setting watchdog for 200 seconds at Thu Jul 25 05:08:01 UTC 2019
10 ms. Memory: 48128K Free: 21036K (44%)
ptolemy.util.test.WatchDog.cancel(): canceling Thu Jul 25 05:08:01 UTC 2019
auto.tcl: Setting watchdog for 200 seconds at Thu Jul 25 05:08:01 UTC 2019
9 ms. Memory: 48128K Free: 17512K (36%)
ptolemy.util.test.WatchDog.cancel(): canceling Thu Jul 25 05:08:01 UTC 2019
------------------ testing $PTII/ptolemy/domains/de/test/auto/ModalModel.xml
auto.tcl: Setting watchdog for 200 seconds at Thu Jul 25 05:08:01 UTC 2019
204 ms. Memory: 65536K Free: 27638K (42%)
ptolemy.util.test.WatchDog.cancel(): canceling Thu Jul 25 05:08:01 UTC 2019
auto.tcl: Setting watchdog for 200 seconds at Thu Jul 25 05:08:01 UTC 2019
176 ms. Memory: 65536K Free: 29180K (45%)
ptolemy.util.test.WatchDog.cancel(): canceling Thu Jul 25 05:08:01 UTC 2019
------------------ testing $PTII/ptolemy/domains/de/test/auto/ModalSource.xml
auto.tcl: Setting watchdog for 200 seconds at Thu Jul 25 05:08:01 UTC 2019
10 ms. Memory: 51200K Free: 28970K (57%)
ptolemy.util.test.WatchDog.cancel(): canceling Thu Jul 25 05:08:01 UTC 2019
auto.tcl: Setting watchdog for 200 seconds at Thu Jul 25 05:08:01 UTC 2019
4 ms. Memory: 51200K Free: 26922K (53%)
ptolemy.util.test.WatchDog.cancel(): canceling Thu Jul 25 05:08:01 UTC 2019
------------------ testing $PTII/ptolemy/domains/de/test/auto/NonInterruptibleTimerZeroDelay.xml
auto.tcl: Setting watchdog for 200 seconds at Thu Jul 25 05:08:01 UTC 2019
3 ms. Memory: 51200K Free: 33906K (66%)
ptolemy.util.test.WatchDog.cancel(): canceling Thu Jul 25 05:08:01 UTC 2019
auto.tcl: Setting watchdog for 200 seconds at Thu Jul 25 05:08:01 UTC 2019
3 ms. Memory: 51200K Free: 33250K (65%)
ptolemy.util.test.WatchDog.cancel(): canceling Thu Jul 25 05:08:01 UTC 2019
------------------ testing $PTII/ptolemy/domains/de/test/auto/OpenQueueingNetwork.xml
auto.tcl: Setting watchdog for 200 seconds at Thu Jul 25 05:08:02 UTC 2019
2985 ms. Memory: 110592K Free: 84634K (77%)
ptolemy.util.test.WatchDog.cancel(): canceling Thu Jul 25 05:08:05 UTC 2019
auto.tcl: Setting watchdog for 200 seconds at Thu Jul 25 05:08:05 UTC 2019
2476 ms. Memory: 133120K Free: 75908K (57%)
ptolemy.util.test.WatchDog.cancel(): canceling Thu Jul 25 05:08:07 UTC 2019
------------------ testing $PTII/ptolemy/domains/de/test/auto/OpenQueuingNetwork.xml
auto.tcl: Setting watchdog for 200 seconds at Thu Jul 25 05:08:07 UTC 2019
280 ms. Memory: 66560K Free: 37164K (56%)
ptolemy.util.test.WatchDog.cancel(): canceling Thu Jul 25 05:08:08 UTC 2019
auto.tcl: Setting watchdog for 200 seconds at Thu Jul 25 05:08:08 UTC 2019
249 ms. Memory: 66560K Free: 22279K (33%)
ptolemy.util.test.WatchDog.cancel(): canceling Thu Jul 25 05:08:08 UTC 2019
------------------ testing $PTII/ptolemy/domains/de/test/auto/PeriodicSampler.xml
auto.tcl: Setting watchdog for 200 seconds at Thu Jul 25 05:08:08 UTC 2019
3 ms. Memory: 48128K Free: 30029K (62%)
ptolemy.util.test.WatchDog.cancel(): canceling Thu Jul 25 05:08:08 UTC 2019
auto.tcl: Setting watchdog for 200 seconds at Thu Jul 25 05:08:08 UTC 2019
2 ms. Memory: 48128K Free: 29550K (61%)
ptolemy.util.test.WatchDog.cancel(): canceling Thu Jul 25 05:08:08 UTC 2019
------------------ testing $PTII/ptolemy/domains/de/test/auto/PersistentIO.xml
auto.tcl: Setting watchdog for 200 seconds at Thu Jul 25 05:08:08 UTC 2019
5 ms. Memory: 48128K Free: 24967K (52%)
ptolemy.util.test.WatchDog.cancel(): canceling Thu Jul 25 05:08:08 UTC 2019
auto.tcl: Setting watchdog for 200 seconds at Thu Jul 25 05:08:08 UTC 2019
4 ms. Memory: 48128K Free: 23480K (49%)
ptolemy.util.test.WatchDog.cancel(): canceling Thu Jul 25 05:08:08 UTC 2019
------------------ testing $PTII/ptolemy/domains/de/test/auto/PortParameterResetOnInitialize.xml
auto.tcl: Setting watchdog for 200 seconds at Thu Jul 25 05:08:08 UTC 2019
8 ms. Memory: 48128K Free: 29921K (62%)
ptolemy.util.test.WatchDog.cancel(): canceling Thu Jul 25 05:08:08 UTC 2019
auto.tcl: Setting watchdog for 200 seconds at Thu Jul 25 05:08:08 UTC 2019
2 ms. Memory: 48128K Free: 29441K (61%)
ptolemy.util.test.WatchDog.cancel(): canceling Thu Jul 25 05:08:08 UTC 2019
------------------ testing $PTII/ptolemy/domains/de/test/auto/PortParameterUpdates.xml
auto.tcl: Setting watchdog for 200 seconds at Thu Jul 25 05:08:08 UTC 2019
6 ms. Memory: 48128K Free: 28280K (59%)
ptolemy.util.test.WatchDog.cancel(): canceling Thu Jul 25 05:08:08 UTC 2019
auto.tcl: Setting watchdog for 200 seconds at Thu Jul 25 05:08:08 UTC 2019
5 ms. Memory: 48128K Free: 27061K (56%)
ptolemy.util.test.WatchDog.cancel(): canceling Thu Jul 25 05:08:08 UTC 2019
------------------ testing $PTII/ptolemy/domains/de/test/auto/QueueAndServer.xml
auto.tcl: Setting watchdog for 200 seconds at Thu Jul 25 05:08:08 UTC 2019
15 ms. Memory: 48128K Free: 27210K (57%)
ptolemy.util.test.WatchDog.cancel(): canceling Thu Jul 25 05:08:08 UTC 2019
auto.tcl: Setting watchdog for 200 seconds at Thu Jul 25 05:08:08 UTC 2019
9 ms. Memory: 48128K Free: 25510K (53%)
ptolemy.util.test.WatchDog.cancel(): canceling Thu Jul 25 05:08:08 UTC 2019
------------------ testing $PTII/ptolemy/domains/de/test/auto/Records.xml
auto.tcl: Setting watchdog for 200 seconds at Thu Jul 25 05:08:08 UTC 2019
3 ms. Memory: 48128K Free: 29212K (61%)
ptolemy.util.test.WatchDog.cancel(): canceling Thu Jul 25 05:08:08 UTC 2019
auto.tcl: Setting watchdog for 200 seconds at Thu Jul 25 05:08:08 UTC 2019
5 ms. Memory: 48128K Free: 28711K (60%)
ptolemy.util.test.WatchDog.cancel(): canceling Thu Jul 25 05:08:08 UTC 2019
------------------ testing $PTII/ptolemy/domains/de/test/auto/ResetTransitionWithStartTime1.xml
auto.tcl: Setting watchdog for 200 seconds at Thu Jul 25 05:08:08 UTC 2019
11 ms. Memory: 48128K Free: 26437K (55%)
ptolemy.util.test.WatchDog.cancel(): canceling Thu Jul 25 05:08:08 UTC 2019
auto.tcl: Setting watchdog for 200 seconds at Thu Jul 25 05:08:08 UTC 2019
5 ms. Memory: 48128K Free: 24412K (51%)
ptolemy.util.test.WatchDog.cancel(): canceling Thu Jul 25 05:08:08 UTC 2019
------------------ testing $PTII/ptolemy/domains/de/test/auto/ResetTransitionWithStartTime2.xml
auto.tcl: Setting watchdog for 200 seconds at Thu Jul 25 05:08:08 UTC 2019
9 ms. Memory: 48128K Free: 26392K (55%)
ptolemy.util.test.WatchDog.cancel(): canceling Thu Jul 25 05:08:08 UTC 2019
auto.tcl: Setting watchdog for 200 seconds at Thu Jul 25 05:08:08 UTC 2019
7 ms. Memory: 48128K Free: 23865K (50%)
ptolemy.util.test.WatchDog.cancel(): canceling Thu Jul 25 05:08:08 UTC 2019
------------------ testing $PTII/ptolemy/domains/de/test/auto/ResetTransitionWithStartTime3.xml
auto.tcl: Setting watchdog for 200 seconds at Thu Jul 25 05:08:09 UTC 2019
9 ms. Memory: 48128K Free: 26392K (55%)
ptolemy.util.test.WatchDog.cancel(): canceling Thu Jul 25 05:08:09 UTC 2019
auto.tcl: Setting watchdog for 200 seconds at Thu Jul 25 05:08:09 UTC 2019
5 ms. Memory: 48128K Free: 24344K (51%)
ptolemy.util.test.WatchDog.cancel(): canceling Thu Jul 25 05:08:09 UTC 2019
------------------ testing $PTII/ptolemy/domains/de/test/auto/ResetTransitionWithStartTime4.xml
auto.tcl: Setting watchdog for 200 seconds at Thu Jul 25 05:08:09 UTC 2019
14 ms. Memory: 48128K Free: 27131K (56%)
ptolemy.util.test.WatchDog.cancel(): canceling Thu Jul 25 05:08:09 UTC 2019
auto.tcl: Setting watchdog for 200 seconds at Thu Jul 25 05:08:09 UTC 2019
5 ms. Memory: 48128K Free: 25456K (53%)
ptolemy.util.test.WatchDog.cancel(): canceling Thu Jul 25 05:08:09 UTC 2019
------------------ testing $PTII/ptolemy/domains/de/test/auto/ResettableTimer1.xml
auto.tcl: Setting watchdog for 200 seconds at Thu Jul 25 05:08:09 UTC 2019
3 ms. Memory: 48128K Free: 30637K (64%)
ptolemy.util.test.WatchDog.cancel(): canceling Thu Jul 25 05:08:09 UTC 2019
auto.tcl: Setting watchdog for 200 seconds at Thu Jul 25 05:08:09 UTC 2019
5 ms. Memory: 48128K Free: 29978K (62%)
ptolemy.util.test.WatchDog.cancel(): canceling Thu Jul 25 05:08:09 UTC 2019
------------------ testing $PTII/ptolemy/domains/de/test/auto/ResettableTimer2.xml
auto.tcl: Setting watchdog for 200 seconds at Thu Jul 25 05:08:09 UTC 2019
4 ms. Memory: 48128K Free: 30524K (63%)
ptolemy.util.test.WatchDog.cancel(): canceling Thu Jul 25 05:08:09 UTC 2019
auto.tcl: Setting watchdog for 200 seconds at Thu Jul 25 05:08:09 UTC 2019
3 ms. Memory: 48128K Free: 29591K (61%)
ptolemy.util.test.WatchDog.cancel(): canceling Thu Jul 25 05:08:09 UTC 2019
------------------ testing $PTII/ptolemy/domains/de/test/auto/ResettableTimer3.xml
auto.tcl: Setting watchdog for 200 seconds at Thu Jul 25 05:08:09 UTC 2019
1 ms. Memory: 48128K Free: 31019K (64%)
ptolemy.util.test.WatchDog.cancel(): canceling Thu Jul 25 05:08:09 UTC 2019
auto.tcl: Setting watchdog for 200 seconds at Thu Jul 25 05:08:09 UTC 2019
1 ms. Memory: 48128K Free: 30543K (63%)
ptolemy.util.test.WatchDog.cancel(): canceling Thu Jul 25 05:08:09 UTC 2019
------------------ testing $PTII/ptolemy/domains/de/test/auto/ResettableTimer4.xml
auto.tcl: Setting watchdog for 200 seconds at Thu Jul 25 05:08:09 UTC 2019
2 ms. Memory: 48128K Free: 30558K (63%)
ptolemy.util.test.WatchDog.cancel(): canceling Thu Jul 25 05:08:09 UTC 2019
auto.tcl: Setting watchdog for 200 seconds at Thu Jul 25 05:08:09 UTC 2019
1 ms. Memory: 48128K Free: 30076K (62%)
ptolemy.util.test.WatchDog.cancel(): canceling Thu Jul 25 05:08:09 UTC 2019
------------------ testing $PTII/ptolemy/domains/de/test/auto/ResettableTimer5.xml
auto.tcl: Setting watchdog for 200 seconds at Thu Jul 25 05:08:09 UTC 2019
1 ms. Memory: 48128K Free: 30015K (62%)
ptolemy.util.test.WatchDog.cancel(): canceling Thu Jul 25 05:08:09 UTC 2019
auto.tcl: Setting watchdog for 200 seconds at Thu Jul 25 05:08:09 UTC 2019
2 ms. Memory: 48128K Free: 29557K (61%)
ptolemy.util.test.WatchDog.cancel(): canceling Thu Jul 25 05:08:09 UTC 2019
------------------ testing $PTII/ptolemy/domains/de/test/auto/ResettableTimer6.xml
auto.tcl: Setting watchdog for 200 seconds at Thu Jul 25 05:08:09 UTC 2019
1 ms. Memory: 48128K Free: 29998K (62%)
ptolemy.util.test.WatchDog.cancel(): canceling Thu Jul 25 05:08:09 UTC 2019
auto.tcl: Setting watchdog for 200 seconds at Thu Jul 25 05:08:09 UTC 2019
1 ms. Memory: 48128K Free: 29531K (61%)
ptolemy.util.test.WatchDog.cancel(): canceling Thu Jul 25 05:08:09 UTC 2019
------------------ testing $PTII/ptolemy/domains/de/test/auto/ServerZeroDelay.xml
auto.tcl: Setting watchdog for 200 seconds at Thu Jul 25 05:08:09 UTC 2019
2 ms. Memory: 48128K Free: 30517K (63%)
ptolemy.util.test.WatchDog.cancel(): canceling Thu Jul 25 05:08:09 UTC 2019
auto.tcl: Setting watchdog for 200 seconds at Thu Jul 25 05:08:09 UTC 2019
3 ms. Memory: 48128K Free: 29567K (61%)
ptolemy.util.test.WatchDog.cancel(): canceling Thu Jul 25 05:08:09 UTC 2019
------------------ testing $PTII/ptolemy/domains/de/test/auto/SmartSender.xml
auto.tcl: Setting watchdog for 200 seconds at Thu Jul 25 05:08:09 UTC 2019
3001 ms. Memory: 48128K Free: 30563K (64%)
ptolemy.util.test.WatchDog.cancel(): canceling Thu Jul 25 05:08:12 UTC 2019
auto.tcl: Setting watchdog for 200 seconds at Thu Jul 25 05:08:12 UTC 2019
3002 ms. Memory: 48128K Free: 30013K (62%)
ptolemy.util.test.WatchDog.cancel(): canceling Thu Jul 25 05:08:15 UTC 2019
------------------ testing $PTII/ptolemy/domains/de/test/auto/ThreadedComposite.xml
auto.tcl: Setting watchdog for 200 seconds at Thu Jul 25 05:08:15 UTC 2019
267 ms. Memory: 48128K Free: 9532K (20%)
ptolemy.util.test.WatchDog.cancel(): canceling Thu Jul 25 05:08:16 UTC 2019
auto.tcl: Setting watchdog for 200 seconds at Thu Jul 25 05:08:16 UTC 2019
124 ms. Memory: 48128K Free: 22381K (47%)
ptolemy.util.test.WatchDog.cancel(): canceling Thu Jul 25 05:08:16 UTC 2019
------------------ testing $PTII/ptolemy/domains/de/test/auto/Time.xml
auto.tcl: Setting watchdog for 200 seconds at Thu Jul 25 05:08:16 UTC 2019
682 ms. Memory: 48128K Free: 30282K (63%)
ptolemy.util.test.WatchDog.cancel(): canceling Thu Jul 25 05:08:16 UTC 2019
auto.tcl: Setting watchdog for 200 seconds at Thu Jul 25 05:08:16 UTC 2019
660 ms. Memory: 48128K Free: 29077K (60%)
ptolemy.util.test.WatchDog.cancel(): canceling Thu Jul 25 05:08:17 UTC 2019
------------------ testing $PTII/ptolemy/domains/de/test/auto/TimeDelayZeroDelay.xml
auto.tcl: Setting watchdog for 200 seconds at Thu Jul 25 05:08:17 UTC 2019
4 ms. Memory: 48128K Free: 30939K (64%)
ptolemy.util.test.WatchDog.cancel(): canceling Thu Jul 25 05:08:17 UTC 2019
auto.tcl: Setting watchdog for 200 seconds at Thu Jul 25 05:08:17 UTC 2019
2 ms. Memory: 48128K Free: 30443K (63%)
ptolemy.util.test.WatchDog.cancel(): canceling Thu Jul 25 05:08:17 UTC 2019
------------------ testing $PTII/ptolemy/domains/de/test/auto/TimerZeroDelay.xml
auto.tcl: Setting watchdog for 200 seconds at Thu Jul 25 05:08:17 UTC 2019
2 ms. Memory: 48128K Free: 30960K (64%)
ptolemy.util.test.WatchDog.cancel(): canceling Thu Jul 25 05:08:17 UTC 2019
auto.tcl: Setting watchdog for 200 seconds at Thu Jul 25 05:08:17 UTC 2019
1 ms. Memory: 48128K Free: 30516K (63%)
ptolemy.util.test.WatchDog.cancel(): canceling Thu Jul 25 05:08:17 UTC 2019
------------------ testing $PTII/ptolemy/domains/de/test/auto/TimingParadox.xml
auto.tcl: Setting watchdog for 200 seconds at Thu Jul 25 05:08:17 UTC 2019
436 ms. Memory: 48128K Free: 12123K (25%)
ptolemy.util.test.WatchDog.cancel(): canceling Thu Jul 25 05:08:18 UTC 2019
auto.tcl: Setting watchdog for 200 seconds at Thu Jul 25 05:08:18 UTC 2019
421 ms. Memory: 58368K Free: 32013K (55%)
ptolemy.util.test.WatchDog.cancel(): canceling Thu Jul 25 05:08:18 UTC 2019
------------------ testing $PTII/ptolemy/domains/de/test/auto/TransferInputs.xml
auto.tcl: Setting watchdog for 200 seconds at Thu Jul 25 05:08:18 UTC 2019
2 ms. Memory: 55296K Free: 36105K (65%)
ptolemy.util.test.WatchDog.cancel(): canceling Thu Jul 25 05:08:18 UTC 2019
auto.tcl: Setting watchdog for 200 seconds at Thu Jul 25 05:08:18 UTC 2019
1 ms. Memory: 55296K Free: 35211K (64%)
ptolemy.util.test.WatchDog.cancel(): canceling Thu Jul 25 05:08:18 UTC 2019
------------------ testing $PTII/ptolemy/domains/de/test/auto/TransferOutputs2.xml
auto.tcl: Setting watchdog for 200 seconds at Thu Jul 25 05:08:18 UTC 2019
3 ms. Memory: 48128K Free: 26396K (55%)
ptolemy.util.test.WatchDog.cancel(): canceling Thu Jul 25 05:08:18 UTC 2019
auto.tcl: Setting watchdog for 200 seconds at Thu Jul 25 05:08:18 UTC 2019
3 ms. Memory: 48128K Free: 25025K (52%)
ptolemy.util.test.WatchDog.cancel(): canceling Thu Jul 25 05:08:18 UTC 2019
------------------ testing $PTII/ptolemy/domains/de/test/auto/Trilateration.xml
auto.tcl: Setting watchdog for 200 seconds at Thu Jul 25 05:08:18 UTC 2019
14758 ms. Memory: 449536K Free: 340858K (76%)
ptolemy.util.test.WatchDog.cancel(): canceling Thu Jul 25 05:08:34 UTC 2019
auto.tcl: Setting watchdog for 200 seconds at Thu Jul 25 05:08:34 UTC 2019
11332 ms. Memory: 449536K Free: 354421K (79%)
ptolemy.util.test.WatchDog.cancel(): canceling Thu Jul 25 05:08:46 UTC 2019
------------------ testing $PTII/ptolemy/domains/de/test/auto/TwoSigmaDelta.xml
auto.tcl: Setting watchdog for 200 seconds at Thu Jul 25 05:08:46 UTC 2019
2909 ms. Memory: 89088K Free: 61364K (69%)
ptolemy.util.test.WatchDog.cancel(): canceling Thu Jul 25 05:08:49 UTC 2019
auto.tcl: Setting watchdog for 200 seconds at Thu Jul 25 05:08:49 UTC 2019
2091 ms. Memory: 89088K Free: 54749K (61%)
ptolemy.util.test.WatchDog.cancel(): canceling Thu Jul 25 05:08:51 UTC 2019
------------------ testing $PTII/ptolemy/domains/de/test/auto/VariableDelay.xml
auto.tcl: Setting watchdog for 200 seconds at Thu Jul 25 05:08:51 UTC 2019
2 ms. Memory: 51200K Free: 32503K (63%)
ptolemy.util.test.WatchDog.cancel(): canceling Thu Jul 25 05:08:51 UTC 2019
auto.tcl: Setting watchdog for 200 seconds at Thu Jul 25 05:08:51 UTC 2019
1 ms. Memory: 51200K Free: 31479K (61%)
ptolemy.util.test.WatchDog.cancel(): canceling Thu Jul 25 05:08:51 UTC 2019
------------------ testing $PTII/ptolemy/domains/de/test/auto/VariableDelay2.xml
auto.tcl: Setting watchdog for 200 seconds at Thu Jul 25 05:08:51 UTC 2019
2 ms. Memory: 51200K Free: 32902K (64%)
ptolemy.util.test.WatchDog.cancel(): canceling Thu Jul 25 05:08:51 UTC 2019
auto.tcl: Setting watchdog for 200 seconds at Thu Jul 25 05:08:51 UTC 2019
3 ms. Memory: 51200K Free: 32422K (63%)
ptolemy.util.test.WatchDog.cancel(): canceling Thu Jul 25 05:08:51 UTC 2019
------------------ testing $PTII/ptolemy/domains/de/test/auto/VariableDelayZeroDelay.xml
auto.tcl: Setting watchdog for 200 seconds at Thu Jul 25 05:08:51 UTC 2019
2 ms. Memory: 51200K Free: 33445K (65%)
ptolemy.util.test.WatchDog.cancel(): canceling Thu Jul 25 05:08:51 UTC 2019
auto.tcl: Setting watchdog for 200 seconds at Thu Jul 25 05:08:51 UTC 2019
2 ms. Memory: 51200K Free: 32931K (64%)
ptolemy.util.test.WatchDog.cancel(): canceling Thu Jul 25 05:08:51 UTC 2019
------------------ testing $PTII/ptolemy/domains/de/test/auto/VariableDelayZeroDelay2.xml
auto.tcl: Setting watchdog for 200 seconds at Thu Jul 25 05:08:51 UTC 2019
6 ms. Memory: 51200K Free: 33444K (65%)
ptolemy.util.test.WatchDog.cancel(): canceling Thu Jul 25 05:08:51 UTC 2019
auto.tcl: Setting watchdog for 200 seconds at Thu Jul 25 05:08:51 UTC 2019
2 ms. Memory: 51200K Free: 32420K (63%)
ptolemy.util.test.WatchDog.cancel(): canceling Thu Jul 25 05:08:51 UTC 2019
------------------ testing $PTII/ptolemy/domains/de/test/auto/deInCt.xml
auto.tcl: Setting watchdog for 200 seconds at Thu Jul 25 05:08:51 UTC 2019
0
1
1
1
0
0
0
0
1
1
1
0
0
0
1
1
1
1
0
0
0
1
1
1
1
1
1
1
9 ms. Memory: 48128K Free: 29345K (61%)
ptolemy.util.test.WatchDog.cancel(): canceling Thu Jul 25 05:08:51 UTC 2019
auto.tcl: Setting watchdog for 200 seconds at Thu Jul 25 05:08:51 UTC 2019
0
1
1
1
0
0
0
1
1
1
0
0
0
1
1
1
0
0
0
0
1
1
1
1
0
0
0
0
1
1
0
0
0
1
1
1
1
1
0
0
0
0
9 ms. Memory: 48128K Free: 27807K (58%)
ptolemy.util.test.WatchDog.cancel(): canceling Thu Jul 25 05:08:51 UTC 2019
------------------ testing $PTII/ptolemy/domains/de/test/auto/deInCt2.xml
auto.tcl: Setting watchdog for 200 seconds at Thu Jul 25 05:08:51 UTC 2019
0
1
1
1
0
0
1
1
1
0
0
1
1
1
0
0
1
1
1
0
0
1
1
1
0
0
1
1
1
0
0
1
1
1
0
0
1
1
1
0
0
0
10 ms. Memory: 48128K Free: 29347K (61%)
ptolemy.util.test.WatchDog.cancel(): canceling Thu Jul 25 05:08:51 UTC 2019
auto.tcl: Setting watchdog for 200 seconds at Thu Jul 25 05:08:51 UTC 2019
0
1
1
1
0
0
1
1
1
0
0
1
1
1
0
0
1
1
1
0
0
1
1
1
0
0
1
1
1
0
0
1
1
1
0
0
1
1
1
0
0
0
6 ms. Memory: 48128K Free: 27795K (58%)
ptolemy.util.test.WatchDog.cancel(): canceling Thu Jul 25 05:08:51 UTC 2019
------------------ testing $PTII/ptolemy/domains/de/test/auto/dynamicCausalityInterface1.xml
auto.tcl: Setting watchdog for 200 seconds at Thu Jul 25 05:08:51 UTC 2019
2 ms. Memory: 48128K Free: 25246K (52%)
ptolemy.util.test.WatchDog.cancel(): canceling Thu Jul 25 05:08:51 UTC 2019
auto.tcl: Setting watchdog for 200 seconds at Thu Jul 25 05:08:51 UTC 2019
1 ms. Memory: 48128K Free: 24748K (51%)
ptolemy.util.test.WatchDog.cancel(): canceling Thu Jul 25 05:08:51 UTC 2019
------------------ testing $PTII/ptolemy/domains/de/test/auto/fsm_de_test.xml
auto.tcl: Setting watchdog for 200 seconds at Thu Jul 25 05:08:51 UTC 2019
10 ms. Memory: 48128K Free: 25144K (52%)
ptolemy.util.test.WatchDog.cancel(): canceling Thu Jul 25 05:08:51 UTC 2019
auto.tcl: Setting watchdog for 200 seconds at Thu Jul 25 05:08:51 UTC 2019
6 ms. Memory: 48128K Free: 23111K (48%)
ptolemy.util.test.WatchDog.cancel(): canceling Thu Jul 25 05:08:51 UTC 2019
------------------ testing $PTII/ptolemy/domains/de/test/auto/functionDependencyReconstruction.xml
auto.tcl: Setting watchdog for 200 seconds at Thu Jul 25 05:08:52 UTC 2019
8 ms. Memory: 48128K Free: 19111K (40%)
ptolemy.util.test.WatchDog.cancel(): canceling Thu Jul 25 05:08:52 UTC 2019
auto.tcl: Setting watchdog for 200 seconds at Thu Jul 25 05:08:52 UTC 2019
3 ms. Memory: 48128K Free: 16943K (35%)
ptolemy.util.test.WatchDog.cancel(): canceling Thu Jul 25 05:08:52 UTC 2019
------------------ testing $PTII/ptolemy/domains/de/test/auto/multirate.xml
auto.tcl: Setting watchdog for 200 seconds at Thu Jul 25 05:08:52 UTC 2019
5 ms. Memory: 48128K Free: 27790K (58%)
ptolemy.util.test.WatchDog.cancel(): canceling Thu Jul 25 05:08:52 UTC 2019
auto.tcl: Setting watchdog for 200 seconds at Thu Jul 25 05:08:52 UTC 2019
2 ms. Memory: 48128K Free: 26075K (54%)
ptolemy.util.test.WatchDog.cancel(): canceling Thu Jul 25 05:08:52 UTC 2019
------------------ testing $PTII/ptolemy/domains/de/test/auto/multirate2.xml
auto.tcl: Setting watchdog for 200 seconds at Thu Jul 25 05:08:52 UTC 2019
3 ms. Memory: 48128K Free: 27979K (58%)
ptolemy.util.test.WatchDog.cancel(): canceling Thu Jul 25 05:08:52 UTC 2019
auto.tcl: Setting watchdog for 200 seconds at Thu Jul 25 05:08:52 UTC 2019
4 ms. Memory: 48128K Free: 26256K (55%)
ptolemy.util.test.WatchDog.cancel(): canceling Thu Jul 25 05:08:52 UTC 2019
------------------ testing $PTII/ptolemy/domains/de/test/auto/realtime.xml
auto.tcl: Setting watchdog for 200 seconds at Thu Jul 25 05:08:52 UTC 2019
10002 ms. Memory: 48128K Free: 30009K (62%)
ptolemy.util.test.WatchDog.cancel(): canceling Thu Jul 25 05:09:02 UTC 2019
auto.tcl: Setting watchdog for 200 seconds at Thu Jul 25 05:09:02 UTC 2019
10003 ms. Memory: 48128K Free: 29291K (61%)
ptolemy.util.test.WatchDog.cancel(): canceling Thu Jul 25 05:09:12 UTC 2019
------------------ testing $PTII/ptolemy/domains/de/test/auto/relationGroup.xml
auto.tcl: Setting watchdog for 200 seconds at Thu Jul 25 05:09:12 UTC 2019
3 ms. Memory: 48128K Free: 31128K (65%)
ptolemy.util.test.WatchDog.cancel(): canceling Thu Jul 25 05:09:12 UTC 2019
auto.tcl: Setting watchdog for 200 seconds at Thu Jul 25 05:09:12 UTC 2019
2 ms. Memory: 48128K Free: 30633K (64%)
ptolemy.util.test.WatchDog.cancel(): canceling Thu Jul 25 05:09:12 UTC 2019
------------------ testing $PTII/ptolemy/domains/de/test/auto/relationGroup2.xml
auto.tcl: Setting watchdog for 200 seconds at Thu Jul 25 05:09:12 UTC 2019
1 ms. Memory: 48128K Free: 31144K (65%)
ptolemy.util.test.WatchDog.cancel(): canceling Thu Jul 25 05:09:12 UTC 2019
auto.tcl: Setting watchdog for 200 seconds at Thu Jul 25 05:09:12 UTC 2019
1 ms. Memory: 48128K Free: 30632K (64%)
ptolemy.util.test.WatchDog.cancel(): canceling Thu Jul 25 05:09:12 UTC 2019
------------------ testing $PTII/ptolemy/domains/de/test/auto/sortWithOpaquePorts.xml
auto.tcl: Setting watchdog for 200 seconds at Thu Jul 25 05:09:12 UTC 2019
1 ms. Memory: 48128K Free: 30399K (63%)
ptolemy.util.test.WatchDog.cancel(): canceling Thu Jul 25 05:09:12 UTC 2019
auto.tcl: Setting watchdog for 200 seconds at Thu Jul 25 05:09:12 UTC 2019
1 ms. Memory: 48128K Free: 28887K (60%)
ptolemy.util.test.WatchDog.cancel(): canceling Thu Jul 25 05:09:12 UTC 2019
------------------ testing $PTII/ptolemy/domains/de/test/auto/transferInputsandOutputs.xml
auto.tcl: Setting watchdog for 200 seconds at Thu Jul 25 05:09:12 UTC 2019
2 ms. Memory: 48128K Free: 27314K (57%)
ptolemy.util.test.WatchDog.cancel(): canceling Thu Jul 25 05:09:12 UTC 2019
auto.tcl: Setting watchdog for 200 seconds at Thu Jul 25 05:09:12 UTC 2019
2 ms. Memory: 48128K Free: 26325K (55%)
ptolemy.util.test.WatchDog.cancel(): canceling Thu Jul 25 05:09:12 UTC 2019
------------------ testing $PTII/ptolemy/domains/de/test/auto/triggerType.xml
auto.tcl: Setting watchdog for 200 seconds at Thu Jul 25 05:09:12 UTC 2019
2 ms. Memory: 48128K Free: 30340K (63%)
ptolemy.util.test.WatchDog.cancel(): canceling Thu Jul 25 05:09:12 UTC 2019
auto.tcl: Setting watchdog for 200 seconds at Thu Jul 25 05:09:12 UTC 2019
1 ms. Memory: 48128K Free: 29316K (61%)
ptolemy.util.test.WatchDog.cancel(): canceling Thu Jul 25 05:09:12 UTC 2019
07/25/19 05:09:12
Failed: 0  Total Tests: 192  ((Passed: 187, Newly Passed: 1)  Known Failed: 5) /home/travis/build/icyphy/ptII/ptolemy/domains/de/test
07/25/19 05:09:12
Failed: 0  Total Tests: 192  ((Passed: 187, Newly Passed: 1)  Known Failed: 5) /home/travis/build/icyphy/ptII/ptolemy/domains/de/test
----------------- testing (KnownFailure) /home/travis/build/icyphy/ptII/ptolemy/domains/de/test/auto/knownFailedTests/DESDFClockTest.xml
2023 ms. Memory: 48128K Free: 23734K (49%)
Known Failure: java.lang.reflect.InvocationTargetException
----------------- testing (KnownFailure) /home/travis/build/icyphy/ptII/ptolemy/domains/de/test/auto/knownFailedTests/DirectFeedback.xml
2 ms. Memory: 48128K Free: 20152K (42%)
Known Failure: java.lang.reflect.InvocationTargetException
----------------- testing (KnownFailure) /home/travis/build/icyphy/ptII/ptolemy/domains/de/test/auto/knownFailedTests/FSMSource.xml
26 ms. Memory: 48128K Free: 12470K (26%)
----------------- testing (KnownFailure) /home/travis/build/icyphy/ptII/ptolemy/domains/de/test/auto/knownFailedTests/HierarchicalModel.xml
2 ms. Memory: 48128K Free: 23612K (49%)
Known Failure: java.lang.reflect.InvocationTargetException
----------------- testing (KnownFailure) /home/travis/build/icyphy/ptII/ptolemy/domains/de/test/auto/knownFailedTests/dependencyLoop.xml
2 ms. Memory: 48128K Free: 8687K (18%)
Known Failure: java.lang.reflect.InvocationTargetException
----------------- testing (KnownFailure) /home/travis/build/icyphy/ptII/ptolemy/domains/de/test/auto/knownFailedTests/dependencyLoop2.xml
6 ms. Memory: 48128K Free: 20969K (44%)
Known Failure: java.lang.reflect.InvocationTargetException
No auto/linux-amd64/*.xml tests in /home/travis/build/icyphy/ptII/ptolemy/domains/de/test
AutoTests.java: About to close Vertx.
AutoTests.java: Vertx closed.

===========================================================================================
----------------- testing Thu Jul 25 05:09:14 UTC 2019 /home/travis/build/icyphy/ptII/ptolemy/domains/de/test/auto/ActorDepthCalculation_actorWithoutPorts.xml
----------------- Instantiating /home/travis/build/icyphy/ptII/ptolemy/domains/de/test/auto/ActorDepthCalculation_actorWithoutPorts.xml
2 ms. Memory: 48128K Free: 14067K (29%)
----------------- Invoking toplevel() on ptolemy.moml.MoMLSimpleApplication@4beaf811
----------------- Done invoking toplevel() on ptolemy.moml.MoMLSimpleApplication@4beaf811
reloadAllAccessors: .ActorDepthCalculation_actorWithoutPorts

===========================================================================================
----------------- testing Thu Jul 25 05:09:14 UTC 2019 /home/travis/build/icyphy/ptII/ptolemy/domains/de/test/auto/AssemblyLine.xml
----------------- Instantiating /home/travis/build/icyphy/ptII/ptolemy/domains/de/test/auto/AssemblyLine.xml
6 ms. Memory: 48128K Free: 33631K (70%)
----------------- Invoking toplevel() on ptolemy.moml.MoMLSimpleApplication@27af970e
----------------- Done invoking toplevel() on ptolemy.moml.MoMLSimpleApplication@27af970e
reloadAllAccessors: .AssemblyLine

===========================================================================================
----------------- testing Thu Jul 25 05:09:14 UTC 2019 /home/travis/build/icyphy/ptII/ptolemy/domains/de/test/auto/CQBug1.xml
----------------- Instantiating /home/travis/build/icyphy/ptII/ptolemy/domains/de/test/auto/CQBug1.xml
1 ms. Memory: 48128K Free: 30421K (63%)
----------------- Invoking toplevel() on ptolemy.moml.MoMLSimpleApplication@885df6
----------------- Done invoking toplevel() on ptolemy.moml.MoMLSimpleApplication@885df6
reloadAllAccessors: .CQBug1

===========================================================================================
----------------- testing Thu Jul 25 05:09:14 UTC 2019 /home/travis/build/icyphy/ptII/ptolemy/domains/de/test/auto/CancelFireAt.xml
----------------- Instantiating /home/travis/build/icyphy/ptII/ptolemy/domains/de/test/auto/CancelFireAt.xml
0 ms. Memory: 48128K Free: 28099K (58%)
----------------- Invoking toplevel() on ptolemy.moml.MoMLSimpleApplication@6488e46c
----------------- Done invoking toplevel() on ptolemy.moml.MoMLSimpleApplication@6488e46c
reloadAllAccessors: .CancelFireAt

===========================================================================================
----------------- testing Thu Jul 25 05:09:14 UTC 2019 /home/travis/build/icyphy/ptII/ptolemy/domains/de/test/auto/CausalityAndComposabilityAnalysis.xml
----------------- Instantiating /home/travis/build/icyphy/ptII/ptolemy/domains/de/test/auto/CausalityAndComposabilityAnalysis.xml
1 ms. Memory: 48128K Free: 24229K (50%)
----------------- Invoking toplevel() on ptolemy.moml.MoMLSimpleApplication@47567ae2
----------------- Done invoking toplevel() on ptolemy.moml.MoMLSimpleApplication@47567ae2
reloadAllAccessors: .CausalityAndComposabilityAnalysis

===========================================================================================
----------------- testing Thu Jul 25 05:09:14 UTC 2019 /home/travis/build/icyphy/ptII/ptolemy/domains/de/test/auto/CausalityInterface1.xml
----------------- Instantiating /home/travis/build/icyphy/ptII/ptolemy/domains/de/test/auto/CausalityInterface1.xml
4 ms. Memory: 48128K Free: 18923K (39%)
----------------- Invoking toplevel() on ptolemy.moml.MoMLSimpleApplication@62ecf005
----------------- Done invoking toplevel() on ptolemy.moml.MoMLSimpleApplication@62ecf005
reloadAllAccessors: .CausalityInterface1

===========================================================================================
----------------- testing Thu Jul 25 05:09:15 UTC 2019 /home/travis/build/icyphy/ptII/ptolemy/domains/de/test/auto/CausalityInterface15.xml
----------------- Instantiating /home/travis/build/icyphy/ptII/ptolemy/domains/de/test/auto/CausalityInterface15.xml
2 ms. Memory: 48128K Free: 13584K (28%)
----------------- Invoking toplevel() on ptolemy.moml.MoMLSimpleApplication@10f7a7e5
----------------- Done invoking toplevel() on ptolemy.moml.MoMLSimpleApplication@10f7a7e5
reloadAllAccessors: .CausalityInterface15

===========================================================================================
----------------- testing Thu Jul 25 05:09:15 UTC 2019 /home/travis/build/icyphy/ptII/ptolemy/domains/de/test/auto/CausalityInterface2.xml
----------------- Instantiating /home/travis/build/icyphy/ptII/ptolemy/domains/de/test/auto/CausalityInterface2.xml
2 ms. Memory: 48128K Free: 9095K (19%)
[...]
	at ptolemy.actor.Manager.run(Manager.java:1263)
	at ptolemy.actor.Manager$PtolemyRunThread.run(Manager.java:1933)
java.lang.RuntimeException: Execution failed
	at ptolemy.moml.MoMLSimpleApplication$UnloadThread.run(MoMLSimpleApplication.java:402)
Caused by: ptolemy.kernel.util.IllegalActionException: Actor is not ready to fire.  Perhaps UpSample.prefire() returned false? Try debugging the actor by selecting "Listen to Actor".  Also, for SDF check moml for tokenConsumptionRate on input.
  in .DESDFClockTest.Play Bell.Copy1:SDF Director and .DESDFClockTest.Play Bell.UpSample
	at ptolemy.actor.sched.StaticSchedulingDirector.fire(StaticSchedulingDirector.java:227)
	at ptolemy.domains.sdf.kernel.SDFDirector.fire(SDFDirector.java:500)
	at ptolemy.actor.CompositeActor.fire(CompositeActor.java:455)
	at ptolemy.domains.de.kernel.DEDirector._fire(DEDirector.java:1949)
	at ptolemy.domains.de.kernel.DEDirector.fire(DEDirector.java:502)
	at ptolemy.actor.CompositeActor.fire(CompositeActor.java:455)
	at ptolemy.actor.Manager.iterate(Manager.java:851)
	at ptolemy.actor.Manager.execute(Manager.java:369)
	at ptolemy.actor.Manager.run(Manager.java:1263)
	at ptolemy.actor.Manager$PtolemyRunThread.run(Manager.java:1933)
java.lang.reflect.InvocationTargetException
	at java.base/jdk.internal.reflect.NativeConstructorAccessorImpl.newInstance0(Native Method)
	at java.base/jdk.internal.reflect.NativeConstructorAccessorImpl.newInstance(NativeConstructorAccessorImpl.java:62)
	at java.base/jdk.internal.reflect.DelegatingConstructorAccessorImpl.newInstance(DelegatingConstructorAccessorImpl.java:45)
	at java.base/java.lang.reflect.Constructor.newInstance(Constructor.java:490)
	at ptolemy.util.test.junit.AutoKnownFailedTests.RunModel(AutoKnownFailedTests.java:105)
	at java.base/jdk.internal.reflect.NativeMethodAccessorImpl.invoke0(Native Method)
	at java.base/jdk.internal.reflect.NativeMethodAccessorImpl.invoke(NativeMethodAccessorImpl.java:62)
	at java.base/jdk.internal.reflect.DelegatingMethodAccessorImpl.invoke(DelegatingMethodAccessorImpl.java:43)
	at java.base/java.lang.reflect.Method.invoke(Method.java:566)
	at org.junit.runners.model.FrameworkMethod$1.runReflectiveCall(FrameworkMethod.java:44)
	at org.junit.internal.runners.model.ReflectiveCallable.run(ReflectiveCallable.java:15)
	at org.junit.runners.model.FrameworkMethod.invokeExplosively(FrameworkMethod.java:41)
	at junitparams.internal.InvokeParameterisedMethod.evaluate(InvokeParameterisedMethod.java:102)
	at org.junit.internal.runners.statements.FailOnTimeout$1.run(FailOnTimeout.java:28)
Caused by: ptolemy.kernel.util.IllegalActionException: Actor is not ready to fire.  Perhaps UpSample.prefire() returned false? Try debugging the actor by selecting "Listen to Actor".  Also, for SDF check moml for tokenConsumptionRate on input.
  in .DESDFClockTest.Play Bell.Copy1:SDF Director and .DESDFClockTest.Play Bell.UpSample
	at ptolemy.actor.sched.StaticSchedulingDirector.fire(StaticSchedulingDirector.java:227)
	at ptolemy.domains.sdf.kernel.SDFDirector.fire(SDFDirector.java:500)
	at ptolemy.actor.CompositeActor.fire(CompositeActor.java:455)
	at ptolemy.domains.de.kernel.DEDirector._fire(DEDirector.java:1949)
	at ptolemy.domains.de.kernel.DEDirector.fire(DEDirector.java:502)
	at ptolemy.actor.CompositeActor.fire(CompositeActor.java:455)
	at ptolemy.actor.Manager.iterate(Manager.java:851)
	at ptolemy.actor.Manager.execute(Manager.java:369)
	at ptolemy.actor.Manager.run(Manager.java:1263)
	at ptolemy.actor.Manager$PtolemyRunThread.run(Manager.java:1933)
java.lang.RuntimeException: Execution failed
	at ptolemy.moml.MoMLSimpleApplication$UnloadThread.run(MoMLSimpleApplication.java:402)
Caused by: ptolemy.kernel.util.IllegalActionException: Test fails in iteration 1.
Value was: 1.0. Should have been: 2.0
  in .DirectFeedback.Test
	at ptolemy.actor.lib.Test.fire(Test.java:268)
	at ptolemy.domains.de.kernel.DEDirector._fire(DEDirector.java:1949)
	at ptolemy.domains.de.kernel.DEDirector.fire(DEDirector.java:502)
	at ptolemy.actor.CompositeActor.fire(CompositeActor.java:455)
	at ptolemy.actor.Manager.iterate(Manager.java:851)
	at ptolemy.actor.Manager.execute(Manager.java:369)
	at ptolemy.actor.Manager.run(Manager.java:1263)
	at ptolemy.actor.Manager$PtolemyRunThread.run(Manager.java:1933)
java.lang.reflect.InvocationTargetException
	at java.base/jdk.internal.reflect.NativeConstructorAccessorImpl.newInstance0(Native Method)
	at java.base/jdk.internal.reflect.NativeConstructorAccessorImpl.newInstance(NativeConstructorAccessorImpl.java:62)
	at java.base/jdk.internal.reflect.DelegatingConstructorAccessorImpl.newInstance(DelegatingConstructorAccessorImpl.java:45)
	at java.base/java.lang.reflect.Constructor.newInstance(Constructor.java:490)
	at ptolemy.util.test.junit.AutoKnownFailedTests.RunModel(AutoKnownFailedTests.java:105)
	at java.base/jdk.internal.reflect.NativeMethodAccessorImpl.invoke0(Native Method)
	at java.base/jdk.internal.reflect.NativeMethodAccessorImpl.invoke(NativeMethodAccessorImpl.java:62)
	at java.base/jdk.internal.reflect.DelegatingMethodAccessorImpl.invoke(DelegatingMethodAccessorImpl.java:43)
	at java.base/java.lang.reflect.Method.invoke(Method.java:566)
	at org.junit.runners.model.FrameworkMethod$1.runReflectiveCall(FrameworkMethod.java:44)
	at org.junit.internal.runners.model.ReflectiveCallable.run(ReflectiveCallable.java:15)
	at org.junit.runners.model.FrameworkMethod.invokeExplosively(FrameworkMethod.java:41)
	at junitparams.internal.InvokeParameterisedMethod.evaluate(InvokeParameterisedMethod.java:102)
	at org.junit.internal.runners.statements.FailOnTimeout$1.run(FailOnTimeout.java:28)
Caused by: ptolemy.kernel.util.IllegalActionException: Test fails in iteration 1.
Value was: 1.0. Should have been: 2.0
  in .DirectFeedback.Test
	at ptolemy.actor.lib.Test.fire(Test.java:268)
	at ptolemy.domains.de.kernel.DEDirector._fire(DEDirector.java:1949)
	at ptolemy.domains.de.kernel.DEDirector.fire(DEDirector.java:502)
	at ptolemy.actor.CompositeActor.fire(CompositeActor.java:455)
	at ptolemy.actor.Manager.iterate(Manager.java:851)
	at ptolemy.actor.Manager.execute(Manager.java:369)
	at ptolemy.actor.Manager.run(Manager.java:1263)
	at ptolemy.actor.Manager$PtolemyRunThread.run(Manager.java:1933)
java.lang.RuntimeException: Execution failed
	at ptolemy.moml.MoMLSimpleApplication$UnloadThread.run(MoMLSimpleApplication.java:402)
Caused by: ptolemy.kernel.util.IllegalActionException: Found a zero delay loop containing .HierarchicalModel.A
  in .HierarchicalModel and .HierarchicalModel.A
	at ptolemy.actor.util.CausalityInterfaceForComposites._computeOutputPortDepth(CausalityInterfaceForComposites.java:759)
	at ptolemy.actor.util.CausalityInterfaceForComposites._computeInputDepth(CausalityInterfaceForComposites.java:696)
	at ptolemy.actor.util.CausalityInterfaceForComposites._computeOutputPortDepth(CausalityInterfaceForComposites.java:765)
	at ptolemy.actor.util.CausalityInterfaceForComposites._computeInputDepth(CausalityInterfaceForComposites.java:696)
	at ptolemy.actor.util.CausalityInterfaceForComposites._computeOutputPortDepth(CausalityInterfaceForComposites.java:765)
	at ptolemy.actor.util.CausalityInterfaceForComposites._computeInputDepth(CausalityInterfaceForComposites.java:696)
	at ptolemy.actor.util.CausalityInterfaceForComposites._computeActorDepth(CausalityInterfaceForComposites.java:532)
	at ptolemy.actor.util.CausalityInterfaceForComposites.checkForCycles(CausalityInterfaceForComposites.java:96)
	at ptolemy.domains.de.kernel.DEDirector.preinitialize(DEDirector.java:1338)
	at ptolemy.actor.CompositeActor.preinitialize(CompositeActor.java:1828)
	at ptolemy.actor.Manager.preinitializeAndResolveTypes(Manager.java:1040)
	at ptolemy.actor.Manager.initialize(Manager.java:710)
	at ptolemy.actor.Manager.execute(Manager.java:356)
	at ptolemy.actor.Manager.run(Manager.java:1263)
	at ptolemy.actor.Manager$PtolemyRunThread.run(Manager.java:1933)
java.lang.reflect.InvocationTargetException
	at java.base/jdk.internal.reflect.NativeConstructorAccessorImpl.newInstance0(Native Method)
	at java.base/jdk.internal.reflect.NativeConstructorAccessorImpl.newInstance(NativeConstructorAccessorImpl.java:62)
	at java.base/jdk.internal.reflect.DelegatingConstructorAccessorImpl.newInstance(DelegatingConstructorAccessorImpl.java:45)
	at java.base/java.lang.reflect.Constructor.newInstance(Constructor.java:490)
	at ptolemy.util.test.junit.AutoKnownFailedTests.RunModel(AutoKnownFailedTests.java:105)
	at java.base/jdk.internal.reflect.NativeMethodAccessorImpl.invoke0(Native Method)
	at java.base/jdk.internal.reflect.NativeMethodAccessorImpl.invoke(NativeMethodAccessorImpl.java:62)
	at java.base/jdk.internal.reflect.DelegatingMethodAccessorImpl.invoke(DelegatingMethodAccessorImpl.java:43)
	at java.base/java.lang.reflect.Method.invoke(Method.java:566)
	at org.junit.runners.model.FrameworkMethod$1.runReflectiveCall(FrameworkMethod.java:44)
	at org.junit.internal.runners.model.ReflectiveCallable.run(ReflectiveCallable.java:15)
	at org.junit.runners.model.FrameworkMethod.invokeExplosively(FrameworkMethod.java:41)
	at junitparams.internal.InvokeParameterisedMethod.evaluate(InvokeParameterisedMethod.java:102)
	at org.junit.internal.runners.statements.FailOnTimeout$1.run(FailOnTimeout.java:28)
Caused by: ptolemy.kernel.util.IllegalActionException: Found a zero delay loop containing .HierarchicalModel.A
  in .HierarchicalModel and .HierarchicalModel.A
	at ptolemy.actor.util.CausalityInterfaceForComposites._computeOutputPortDepth(CausalityInterfaceForComposites.java:759)
	at ptolemy.actor.util.CausalityInterfaceForComposites._computeInputDepth(CausalityInterfaceForComposites.java:696)
	at ptolemy.actor.util.CausalityInterfaceForComposites._computeOutputPortDepth(CausalityInterfaceForComposites.java:765)
	at ptolemy.actor.util.CausalityInterfaceForComposites._computeInputDepth(CausalityInterfaceForComposites.java:696)
	at ptolemy.actor.util.CausalityInterfaceForComposites._computeOutputPortDepth(CausalityInterfaceForComposites.java:765)
	at ptolemy.actor.util.CausalityInterfaceForComposites._computeInputDepth(CausalityInterfaceForComposites.java:696)
	at ptolemy.actor.util.CausalityInterfaceForComposites._computeActorDepth(CausalityInterfaceForComposites.java:532)
	at ptolemy.actor.util.CausalityInterfaceForComposites.checkForCycles(CausalityInterfaceForComposites.java:96)
	at ptolemy.domains.de.kernel.DEDirector.preinitialize(DEDirector.java:1338)
	at ptolemy.actor.CompositeActor.preinitialize(CompositeActor.java:1828)
	at ptolemy.actor.Manager.preinitializeAndResolveTypes(Manager.java:1040)
	at ptolemy.actor.Manager.initialize(Manager.java:710)
	at ptolemy.actor.Manager.execute(Manager.java:356)
	at ptolemy.actor.Manager.run(Manager.java:1263)
	at ptolemy.actor.Manager$PtolemyRunThread.run(Manager.java:1933)
java.lang.RuntimeException: Execution failed
	at ptolemy.moml.MoMLSimpleApplication$UnloadThread.run(MoMLSimpleApplication.java:402)
Caused by: ptolemy.kernel.util.IllegalActionException: Found a zero delay loop containing .dependencyLoop.original
  in .dependencyLoop and .dependencyLoop.original
	at ptolemy.actor.util.CausalityInterfaceForComposites._computeOutputPortDepth(CausalityInterfaceForComposites.java:759)
	at ptolemy.actor.util.CausalityInterfaceForComposites._computeInputDepth(CausalityInterfaceForComposites.java:696)
	at ptolemy.actor.util.CausalityInterfaceForComposites._computeOutputPortDepth(CausalityInterfaceForComposites.java:765)
	at ptolemy.actor.util.CausalityInterfaceForComposites._computeInputDepth(CausalityInterfaceForComposites.java:696)
	at ptolemy.actor.util.CausalityInterfaceForComposites._computeOutputPortDepth(CausalityInterfaceForComposites.java:765)
	at ptolemy.actor.util.CausalityInterfaceForComposites._computeInputDepth(CausalityInterfaceForComposites.java:696)
	at ptolemy.actor.util.CausalityInterfaceForComposites._computeActorDepth(CausalityInterfaceForComposites.java:532)
	at ptolemy.actor.util.CausalityInterfaceForComposites.checkForCycles(CausalityInterfaceForComposites.java:96)
	at ptolemy.domains.de.kernel.DEDirector.preinitialize(DEDirector.java:1338)
	at ptolemy.actor.CompositeActor.preinitialize(CompositeActor.java:1828)
	at ptolemy.actor.Manager.preinitializeAndResolveTypes(Manager.java:1040)
	at ptolemy.actor.Manager.initialize(Manager.java:710)
	at ptolemy.actor.Manager.execute(Manager.java:356)
	at ptolemy.actor.Manager.run(Manager.java:1263)
	at ptolemy.actor.Manager$PtolemyRunThread.run(Manager.java:1933)
java.lang.reflect.InvocationTargetException
	at java.base/jdk.internal.reflect.NativeConstructorAccessorImpl.newInstance0(Native Method)
	at java.base/jdk.internal.reflect.NativeConstructorAccessorImpl.newInstance(NativeConstructorAccessorImpl.java:62)
	at java.base/jdk.internal.reflect.DelegatingConstructorAccessorImpl.newInstance(DelegatingConstructorAccessorImpl.java:45)
	at java.base/java.lang.reflect.Constructor.newInstance(Constructor.java:490)
	at ptolemy.util.test.junit.AutoKnownFailedTests.RunModel(AutoKnownFailedTests.java:105)
	at java.base/jdk.internal.reflect.NativeMethodAccessorImpl.invoke0(Native Method)
	at java.base/jdk.internal.reflect.NativeMethodAccessorImpl.invoke(NativeMethodAccessorImpl.java:62)
	at java.base/jdk.internal.reflect.DelegatingMethodAccessorImpl.invoke(DelegatingMethodAccessorImpl.java:43)
	at java.base/java.lang.reflect.Method.invoke(Method.java:566)
	at org.junit.runners.model.FrameworkMethod$1.runReflectiveCall(FrameworkMethod.java:44)
	at org.junit.internal.runners.model.ReflectiveCallable.run(ReflectiveCallable.java:15)
	at org.junit.runners.model.FrameworkMethod.invokeExplosively(FrameworkMethod.java:41)
	at junitparams.internal.InvokeParameterisedMethod.evaluate(InvokeParameterisedMethod.java:102)
	at org.junit.internal.runners.statements.FailOnTimeout$1.run(FailOnTimeout.java:28)
Caused by: ptolemy.kernel.util.IllegalActionException: Found a zero delay loop containing .dependencyLoop.original
  in .dependencyLoop and .dependencyLoop.original
	at ptolemy.actor.util.CausalityInterfaceForComposites._computeOutputPortDepth(CausalityInterfaceForComposites.java:759)
	at ptolemy.actor.util.CausalityInterfaceForComposites._computeInputDepth(CausalityInterfaceForComposites.java:696)
	at ptolemy.actor.util.CausalityInterfaceForComposites._computeOutputPortDepth(CausalityInterfaceForComposites.java:765)
	at ptolemy.actor.util.CausalityInterfaceForComposites._computeInputDepth(CausalityInterfaceForComposites.java:696)
	at ptolemy.actor.util.CausalityInterfaceForComposites._computeOutputPortDepth(CausalityInterfaceForComposites.java:765)
	at ptolemy.actor.util.CausalityInterfaceForComposites._computeInputDepth(CausalityInterfaceForComposites.java:696)
	at ptolemy.actor.util.CausalityInterfaceForComposites._computeActorDepth(CausalityInterfaceForComposites.java:532)
	at ptolemy.actor.util.CausalityInterfaceForComposites.checkForCycles(CausalityInterfaceForComposites.java:96)
	at ptolemy.domains.de.kernel.DEDirector.preinitialize(DEDirector.java:1338)
	at ptolemy.actor.CompositeActor.preinitialize(CompositeActor.java:1828)
	at ptolemy.actor.Manager.preinitializeAndResolveTypes(Manager.java:1040)
	at ptolemy.actor.Manager.initialize(Manager.java:710)
	at ptolemy.actor.Manager.execute(Manager.java:356)
	at ptolemy.actor.Manager.run(Manager.java:1263)
	at ptolemy.actor.Manager$PtolemyRunThread.run(Manager.java:1933)
java.lang.RuntimeException: Execution failed
	at ptolemy.moml.MoMLSimpleApplication$UnloadThread.run(MoMLSimpleApplication.java:402)
Caused by: ptolemy.kernel.util.IllegalActionException: Found a zero delay loop containing .dependencyLoop2.original
  in .dependencyLoop2 and .dependencyLoop2.original
	at ptolemy.actor.util.CausalityInterfaceForComposites._computeOutputPortDepth(CausalityInterfaceForComposites.java:759)
	at ptolemy.actor.util.CausalityInterfaceForComposites._computeInputDepth(CausalityInterfaceForComposites.java:696)
	at ptolemy.actor.util.CausalityInterfaceForComposites._computeOutputPortDepth(CausalityInterfaceForComposites.java:765)
	at ptolemy.actor.util.CausalityInterfaceForComposites._computeInputDepth(CausalityInterfaceForComposites.java:696)
	at ptolemy.actor.util.CausalityInterfaceForComposites._computeOutputPortDepth(CausalityInterfaceForComposites.java:765)
	at ptolemy.actor.util.CausalityInterfaceForComposites._computeInputDepth(CausalityInterfaceForComposites.java:696)
	at ptolemy.actor.util.CausalityInterfaceForComposites._computeActorDepth(CausalityInterfaceForComposites.java:532)
	at ptolemy.actor.util.CausalityInterfaceForComposites.checkForCycles(CausalityInterfaceForComposites.java:96)
	at ptolemy.domains.de.kernel.DEDirector.preinitialize(DEDirector.java:1338)
	at ptolemy.actor.CompositeActor.preinitialize(CompositeActor.java:1828)
	at ptolemy.actor.Manager.preinitializeAndResolveTypes(Manager.java:1040)
	at ptolemy.actor.Manager.initialize(Manager.java:710)
	at ptolemy.actor.Manager.execute(Manager.java:356)
	at ptolemy.actor.Manager.run(Manager.java:1263)
	at ptolemy.actor.Manager$PtolemyRunThread.run(Manager.java:1933)
java.lang.reflect.InvocationTargetException
	at java.base/jdk.internal.reflect.NativeConstructorAccessorImpl.newInstance0(Native Method)
	at java.base/jdk.internal.reflect.NativeConstructorAccessorImpl.newInstance(NativeConstructorAccessorImpl.java:62)
	at java.base/jdk.internal.reflect.DelegatingConstructorAccessorImpl.newInstance(DelegatingConstructorAccessorImpl.java:45)
	at java.base/java.lang.reflect.Constructor.newInstance(Constructor.java:490)
	at ptolemy.util.test.junit.AutoKnownFailedTests.RunModel(AutoKnownFailedTests.java:105)
	at java.base/jdk.internal.reflect.NativeMethodAccessorImpl.invoke0(Native Method)
	at java.base/jdk.internal.reflect.NativeMethodAccessorImpl.invoke(NativeMethodAccessorImpl.java:62)
	at java.base/jdk.internal.reflect.DelegatingMethodAccessorImpl.invoke(DelegatingMethodAccessorImpl.java:43)
	at java.base/java.lang.reflect.Method.invoke(Method.java:566)
	at org.junit.runners.model.FrameworkMethod$1.runReflectiveCall(FrameworkMethod.java:44)
	at org.junit.internal.runners.model.ReflectiveCallable.run(ReflectiveCallable.java:15)
	at org.junit.runners.model.FrameworkMethod.invokeExplosively(FrameworkMethod.java:41)
	at junitparams.internal.InvokeParameterisedMethod.evaluate(InvokeParameterisedMethod.java:102)
	at org.junit.internal.runners.statements.FailOnTimeout$1.run(FailOnTimeout.java:28)
Caused by: ptolemy.kernel.util.IllegalActionException: Found a zero delay loop containing .dependencyLoop2.original
  in .dependencyLoop2 and .dependencyLoop2.original
	at ptolemy.actor.util.CausalityInterfaceForComposites._computeOutputPortDepth(CausalityInterfaceForComposites.java:759)
	at ptolemy.actor.util.CausalityInterfaceForComposites._computeInputDepth(CausalityInterfaceForComposites.java:696)
	at ptolemy.actor.util.CausalityInterfaceForComposites._computeOutputPortDepth(CausalityInterfaceForComposites.java:765)
	at ptolemy.actor.util.CausalityInterfaceForComposites._computeInputDepth(CausalityInterfaceForComposites.java:696)
	at ptolemy.actor.util.CausalityInterfaceForComposites._computeOutputPortDepth(CausalityInterfaceForComposites.java:765)
	at ptolemy.actor.util.CausalityInterfaceForComposites._computeInputDepth(CausalityInterfaceForComposites.java:696)
	at ptolemy.actor.util.CausalityInterfaceForComposites._computeActorDepth(CausalityInterfaceForComposites.java:532)
	at ptolemy.actor.util.CausalityInterfaceForComposites.checkForCycles(CausalityInterfaceForComposites.java:96)
	at ptolemy.domains.de.kernel.DEDirector.preinitialize(DEDirector.java:1338)
	at ptolemy.actor.CompositeActor.preinitialize(CompositeActor.java:1828)
	at ptolemy.actor.Manager.preinitializeAndResolveTypes(Manager.java:1040)
	at ptolemy.actor.Manager.initialize(Manager.java:710)
	at ptolemy.actor.Manager.execute(Manager.java:356)
	at ptolemy.actor.Manager.run(Manager.java:1263)
	at ptolemy.actor.Manager$PtolemyRunThread.run(Manager.java:1933)
]]></system-err>
</testsuite>
