<?xml version="1.0" encoding="UTF-8" ?>
<testsuite errors="0" failures="0" hostname="travis-job-88771922-fec9-4623-9f52-1aa2e384ca41" name="ptolemy.domains.de.test.junit.JUnitTclTest" skipped="0" tests="101" time="123.268" timestamp="2020-08-09T15:20:32">
  <properties>
[...]
</properties>
  <testcase classname="ptolemy.util.test.junit.TclTests" name="[0] /home/travis/build/icyphy/ptII/ptolemy/domains/de/test/DependencyLoop.tcl (RunTclFile)" time="1.123" />
  <testcase classname="ptolemy.util.test.junit.TclTests" name="[1] /home/travis/build/icyphy/ptII/ptolemy/domains/de/test/RunDETestsAsQSS.tcl (RunTclFile)" time="83.439" />
  <testcase classname="ptolemy.util.test.junit.AutoKnownFailedTests" name="[0] /home/travis/build/icyphy/ptII/ptolemy/domains/de/test/auto/knownFailedTests/DESDFClockTest.xml (RunModel)" time="2.045" />
  <testcase classname="ptolemy.util.test.junit.AutoKnownFailedTests" name="[1] /home/travis/build/icyphy/ptII/ptolemy/domains/de/test/auto/knownFailedTests/DirectFeedback.xml (RunModel)" time="0.022" />
  <testcase classname="ptolemy.util.test.junit.AutoKnownFailedTests" name="[2] /home/travis/build/icyphy/ptII/ptolemy/domains/de/test/auto/knownFailedTests/FSMSource.xml (RunModel)" time="0.031" />
  <testcase classname="ptolemy.util.test.junit.AutoKnownFailedTests" name="[3] /home/travis/build/icyphy/ptII/ptolemy/domains/de/test/auto/knownFailedTests/HierarchicalModel.xml (RunModel)" time="0.059" />
  <testcase classname="ptolemy.util.test.junit.AutoKnownFailedTests" name="[4] /home/travis/build/icyphy/ptII/ptolemy/domains/de/test/auto/knownFailedTests/dependencyLoop.xml (RunModel)" time="0.044" />
  <testcase classname="ptolemy.util.test.junit.AutoKnownFailedTests" name="[5] /home/travis/build/icyphy/ptII/ptolemy/domains/de/test/auto/knownFailedTests/dependencyLoop2.xml (RunModel)" time="0.047" />
  <testcase classname="ptolemy.util.test.junit.AutoNameArchTests" name="[0] ThereAreNoAutoArchTests (RunModel)" time="0.006" />
  <testcase classname="ptolemy.util.test.junit.AutoTests" name="[0] /home/travis/build/icyphy/ptII/ptolemy/domains/de/test/auto/ActorDepthCalculation_actorWithoutPorts.xml (RunModel)" time="0.024" />
  <testcase classname="ptolemy.util.test.junit.AutoTests" name="[1] /home/travis/build/icyphy/ptII/ptolemy/domains/de/test/auto/AssemblyLine.xml (RunModel)" time="0.021" />
  <testcase classname="ptolemy.util.test.junit.AutoTests" name="[2] /home/travis/build/icyphy/ptII/ptolemy/domains/de/test/auto/CQBug1.xml (RunModel)" time="0.014" />
  <testcase classname="ptolemy.util.test.junit.AutoTests" name="[3] /home/travis/build/icyphy/ptII/ptolemy/domains/de/test/auto/CancelFireAt.xml (RunModel)" time="0.013" />
  <testcase classname="ptolemy.util.test.junit.AutoTests" name="[4] /home/travis/build/icyphy/ptII/ptolemy/domains/de/test/auto/CausalityAndComposabilityAnalysis.xml (RunModel)" time="0.012" />
  <testcase classname="ptolemy.util.test.junit.AutoTests" name="[5] /home/travis/build/icyphy/ptII/ptolemy/domains/de/test/auto/CausalityInterface1.xml (RunModel)" time="0.014" />
  <testcase classname="ptolemy.util.test.junit.AutoTests" name="[6] /home/travis/build/icyphy/ptII/ptolemy/domains/de/test/auto/CausalityInterface15.xml (RunModel)" time="0.013" />
  <testcase classname="ptolemy.util.test.junit.AutoTests" name="[7] /home/travis/build/icyphy/ptII/ptolemy/domains/de/test/auto/CausalityInterface2.xml (RunModel)" time="0.01" />
  <testcase classname="ptolemy.util.test.junit.AutoTests" name="[8] /home/travis/build/icyphy/ptII/ptolemy/domains/de/test/auto/CausalityInterface3.xml (RunModel)" time="0.017" />
  <testcase classname="ptolemy.util.test.junit.AutoTests" name="[9] /home/travis/build/icyphy/ptII/ptolemy/domains/de/test/auto/ClockDrift.xml (RunModel)" time="0.039" />
  <testcase classname="ptolemy.util.test.junit.AutoTests" name="[10] /home/travis/build/icyphy/ptII/ptolemy/domains/de/test/auto/ClockDriftAndValueChange.xml (RunModel)" time="0.032" />
  <testcase classname="ptolemy.util.test.junit.AutoTests" name="[11] /home/travis/build/icyphy/ptII/ptolemy/domains/de/test/auto/ClockDriftChange.xml (RunModel)" time="0.033" />
  <testcase classname="ptolemy.util.test.junit.AutoTests" name="[12] /home/travis/build/icyphy/ptII/ptolemy/domains/de/test/auto/ComposableCausalityAnalysis.xml (RunModel)" time="0.017" />
  <testcase classname="ptolemy.util.test.junit.AutoTests" name="[13] /home/travis/build/icyphy/ptII/ptolemy/domains/de/test/auto/DEFixedPointLimitation.xml (RunModel)" time="0.009" />
  <testcase classname="ptolemy.util.test.junit.AutoTests" name="[14] /home/travis/build/icyphy/ptII/ptolemy/domains/de/test/auto/DEScheduleTest.xml (RunModel)" time="0.015" />
  <testcase classname="ptolemy.util.test.junit.AutoTests" name="[15] /home/travis/build/icyphy/ptII/ptolemy/domains/de/test/auto/DEinDEwithStartTimes.xml (RunModel)" time="0.015" />
  <testcase classname="ptolemy.util.test.junit.AutoTests" name="[16] /home/travis/build/icyphy/ptII/ptolemy/domains/de/test/auto/DEinDEwithStartTimes2.xml (RunModel)" time="0.02" />
  <testcase classname="ptolemy.util.test.junit.AutoTests" name="[17] /home/travis/build/icyphy/ptII/ptolemy/domains/de/test/auto/DateDemo.xml (RunModel)" time="0.048" />
  <testcase classname="ptolemy.util.test.junit.AutoTests" name="[18] /home/travis/build/icyphy/ptII/ptolemy/domains/de/test/auto/DateToEvent.xml (RunModel)" time="2.054" />
  <testcase classname="ptolemy.util.test.junit.AutoTests" name="[19] /home/travis/build/icyphy/ptII/ptolemy/domains/de/test/auto/DepthTest1.xml (RunModel)" time="0.01" />
  <testcase classname="ptolemy.util.test.junit.AutoTests" name="[20] /home/travis/build/icyphy/ptII/ptolemy/domains/de/test/auto/DepthTest2.xml (RunModel)" time="0.019" />
  <testcase classname="ptolemy.util.test.junit.AutoTests" name="[21] /home/travis/build/icyphy/ptII/ptolemy/domains/de/test/auto/DepthTest3.xml (RunModel)" time="0.009" />
  <testcase classname="ptolemy.util.test.junit.AutoTests" name="[22] /home/travis/build/icyphy/ptII/ptolemy/domains/de/test/auto/DepthTest4.xml (RunModel)" time="0.02" />
  <testcase classname="ptolemy.util.test.junit.AutoTests" name="[23] /home/travis/build/icyphy/ptII/ptolemy/domains/de/test/auto/DepthTest5.xml (RunModel)" time="0.019" />
  <testcase classname="ptolemy.util.test.junit.AutoTests" name="[24] /home/travis/build/icyphy/ptII/ptolemy/domains/de/test/auto/DepthTest6.xml (RunModel)" time="0.013" />
  <testcase classname="ptolemy.util.test.junit.AutoTests" name="[25] /home/travis/build/icyphy/ptII/ptolemy/domains/de/test/auto/DepthTest7.xml (RunModel)" time="0.011" />
  <testcase classname="ptolemy.util.test.junit.AutoTests" name="[26] /home/travis/build/icyphy/ptII/ptolemy/domains/de/test/auto/EventToDate.xml (RunModel)" time="3.041" />
  <testcase classname="ptolemy.util.test.junit.AutoTests" name="[27] /home/travis/build/icyphy/ptII/ptolemy/domains/de/test/auto/FSM1.xml (RunModel)" time="0.048" />
  <testcase classname="ptolemy.util.test.junit.AutoTests" name="[28] /home/travis/build/icyphy/ptII/ptolemy/domains/de/test/auto/FSM7.xml (RunModel)" time="0.044" />
  <testcase classname="ptolemy.util.test.junit.AutoTests" name="[29] /home/travis/build/icyphy/ptII/ptolemy/domains/de/test/auto/Inspection.xml (RunModel)" time="0.039" />
  <testcase classname="ptolemy.util.test.junit.AutoTests" name="[30] /home/travis/build/icyphy/ptII/ptolemy/domains/de/test/auto/Iteration.xml (RunModel)" time="0.029" />
  <testcase classname="ptolemy.util.test.junit.AutoTests" name="[31] /home/travis/build/icyphy/ptII/ptolemy/domains/de/test/auto/LineFault.xml (RunModel)" time="0.552" />
  <testcase classname="ptolemy.util.test.junit.AutoTests" name="[32] /home/travis/build/icyphy/ptII/ptolemy/domains/de/test/auto/MergeModel1Add.xml (RunModel)" time="0.046" />
  <testcase classname="ptolemy.util.test.junit.AutoTests" name="[33] /home/travis/build/icyphy/ptII/ptolemy/domains/de/test/auto/MergeModel2Add.xml (RunModel)" time="0.041" />
  <testcase classname="ptolemy.util.test.junit.AutoTests" name="[34] /home/travis/build/icyphy/ptII/ptolemy/domains/de/test/auto/MergeModel3Add.xml (RunModel)" time="0.043" />
  <testcase classname="ptolemy.util.test.junit.AutoTests" name="[35] /home/travis/build/icyphy/ptII/ptolemy/domains/de/test/auto/MergeWithoutDiscard.xml (RunModel)" time="0.012" />
  <testcase classname="ptolemy.util.test.junit.AutoTests" name="[36] /home/travis/build/icyphy/ptII/ptolemy/domains/de/test/auto/Modal1.xml (RunModel)" time="0.033" />
  <testcase classname="ptolemy.util.test.junit.AutoTests" name="[37] /home/travis/build/icyphy/ptII/ptolemy/domains/de/test/auto/Modal2.xml (RunModel)" time="0.032" />
  <testcase classname="ptolemy.util.test.junit.AutoTests" name="[38] /home/travis/build/icyphy/ptII/ptolemy/domains/de/test/auto/Modal3.xml (RunModel)" time="0.027" />
  <testcase classname="ptolemy.util.test.junit.AutoTests" name="[39] /home/travis/build/icyphy/ptII/ptolemy/domains/de/test/auto/Modal4.xml (RunModel)" time="0.031" />
  <testcase classname="ptolemy.util.test.junit.AutoTests" name="[40] /home/travis/build/icyphy/ptII/ptolemy/domains/de/test/auto/Modal5.xml (RunModel)" time="0.03" />
  <testcase classname="ptolemy.util.test.junit.AutoTests" name="[41] /home/travis/build/icyphy/ptII/ptolemy/domains/de/test/auto/Modal6.xml (RunModel)" time="0.026" />
  <testcase classname="ptolemy.util.test.junit.AutoTests" name="[42] /home/travis/build/icyphy/ptII/ptolemy/domains/de/test/auto/Modal7.xml (RunModel)" time="0.036" />
  <testcase classname="ptolemy.util.test.junit.AutoTests" name="[43] /home/travis/build/icyphy/ptII/ptolemy/domains/de/test/auto/ModalModel.xml (RunModel)" time="0.168" />
  <testcase classname="ptolemy.util.test.junit.AutoTests" name="[44] /home/travis/build/icyphy/ptII/ptolemy/domains/de/test/auto/ModalSource.xml (RunModel)" time="0.017" />
  <testcase classname="ptolemy.util.test.junit.AutoTests" name="[45] /home/travis/build/icyphy/ptII/ptolemy/domains/de/test/auto/NonInterruptibleTimerZeroDelay.xml (RunModel)" time="0.014" />
  <testcase classname="ptolemy.util.test.junit.AutoTests" name="[46] /home/travis/build/icyphy/ptII/ptolemy/domains/de/test/auto/OpenQueueingNetwork.xml (RunModel)" time="2.242" />
  <testcase classname="ptolemy.util.test.junit.AutoTests" name="[47] /home/travis/build/icyphy/ptII/ptolemy/domains/de/test/auto/OpenQueuingNetwork.xml (RunModel)" time="0.263" />
  <testcase classname="ptolemy.util.test.junit.AutoTests" name="[48] /home/travis/build/icyphy/ptII/ptolemy/domains/de/test/auto/PeriodicSampler.xml (RunModel)" time="0.01" />
  <testcase classname="ptolemy.util.test.junit.AutoTests" name="[49] /home/travis/build/icyphy/ptII/ptolemy/domains/de/test/auto/PersistentIO.xml (RunModel)" time="0.022" />
  <testcase classname="ptolemy.util.test.junit.AutoTests" name="[50] /home/travis/build/icyphy/ptII/ptolemy/domains/de/test/auto/PortParameterResetOnInitialize.xml (RunModel)" time="0.016" />
  <testcase classname="ptolemy.util.test.junit.AutoTests" name="[51] /home/travis/build/icyphy/ptII/ptolemy/domains/de/test/auto/PortParameterUpdates.xml (RunModel)" time="0.013" />
  <testcase classname="ptolemy.util.test.junit.AutoTests" name="[52] /home/travis/build/icyphy/ptII/ptolemy/domains/de/test/auto/QueueAndServer.xml (RunModel)" time="0.023" />
  <testcase classname="ptolemy.util.test.junit.AutoTests" name="[53] /home/travis/build/icyphy/ptII/ptolemy/domains/de/test/auto/Records.xml (RunModel)" time="0.014" />
  <testcase classname="ptolemy.util.test.junit.AutoTests" name="[54] /home/travis/build/icyphy/ptII/ptolemy/domains/de/test/auto/ResetTransitionWithStartTime1.xml (RunModel)" time="0.021" />
  <testcase classname="ptolemy.util.test.junit.AutoTests" name="[55] /home/travis/build/icyphy/ptII/ptolemy/domains/de/test/auto/ResetTransitionWithStartTime2.xml (RunModel)" time="0.018" />
  <testcase classname="ptolemy.util.test.junit.AutoTests" name="[56] /home/travis/build/icyphy/ptII/ptolemy/domains/de/test/auto/ResetTransitionWithStartTime3.xml (RunModel)" time="0.02" />
  <testcase classname="ptolemy.util.test.junit.AutoTests" name="[57] /home/travis/build/icyphy/ptII/ptolemy/domains/de/test/auto/ResetTransitionWithStartTime4.xml (RunModel)" time="0.019" />
  <testcase classname="ptolemy.util.test.junit.AutoTests" name="[58] /home/travis/build/icyphy/ptII/ptolemy/domains/de/test/auto/ResettableTimer1.xml (RunModel)" time="0.01" />
  <testcase classname="ptolemy.util.test.junit.AutoTests" name="[59] /home/travis/build/icyphy/ptII/ptolemy/domains/de/test/auto/ResettableTimer2.xml (RunModel)" time="0.009" />
  <testcase classname="ptolemy.util.test.junit.AutoTests" name="[60] /home/travis/build/icyphy/ptII/ptolemy/domains/de/test/auto/ResettableTimer3.xml (RunModel)" time="0.008" />
  <testcase classname="ptolemy.util.test.junit.AutoTests" name="[61] /home/travis/build/icyphy/ptII/ptolemy/domains/de/test/auto/ResettableTimer4.xml (RunModel)" time="0.009" />
  <testcase classname="ptolemy.util.test.junit.AutoTests" name="[62] /home/travis/build/icyphy/ptII/ptolemy/domains/de/test/auto/ResettableTimer5.xml (RunModel)" time="0.011" />
  <testcase classname="ptolemy.util.test.junit.AutoTests" name="[63] /home/travis/build/icyphy/ptII/ptolemy/domains/de/test/auto/ResettableTimer6.xml (RunModel)" time="0.017" />
  <testcase classname="ptolemy.util.test.junit.AutoTests" name="[64] /home/travis/build/icyphy/ptII/ptolemy/domains/de/test/auto/ServerZeroDelay.xml (RunModel)" time="0.01" />
  <testcase classname="ptolemy.util.test.junit.AutoTests" name="[65] /home/travis/build/icyphy/ptII/ptolemy/domains/de/test/auto/SmartSender.xml (RunModel)" time="3.009" />
  <testcase classname="ptolemy.util.test.junit.AutoTests" name="[66] /home/travis/build/icyphy/ptII/ptolemy/domains/de/test/auto/ThreadedComposite.xml (RunModel)" time="0.113" />
  <testcase classname="ptolemy.util.test.junit.AutoTests" name="[67] /home/travis/build/icyphy/ptII/ptolemy/domains/de/test/auto/Time.xml (RunModel)" time="0.37" />
  <testcase classname="ptolemy.util.test.junit.AutoTests" name="[68] /home/travis/build/icyphy/ptII/ptolemy/domains/de/test/auto/TimeDelayZeroDelay.xml (RunModel)" time="0.01" />
  <testcase classname="ptolemy.util.test.junit.AutoTests" name="[69] /home/travis/build/icyphy/ptII/ptolemy/domains/de/test/auto/TimerZeroDelay.xml (RunModel)" time="0.01" />
  <testcase classname="ptolemy.util.test.junit.AutoTests" name="[70] /home/travis/build/icyphy/ptII/ptolemy/domains/de/test/auto/TimingParadox.xml (RunModel)" time="0.306" />
  <testcase classname="ptolemy.util.test.junit.AutoTests" name="[71] /home/travis/build/icyphy/ptII/ptolemy/domains/de/test/auto/TransferInputs.xml (RunModel)" time="0.021" />
  <testcase classname="ptolemy.util.test.junit.AutoTests" name="[72] /home/travis/build/icyphy/ptII/ptolemy/domains/de/test/auto/TransferOutputs2.xml (RunModel)" time="0.024" />
  <testcase classname="ptolemy.util.test.junit.AutoTests" name="[73] /home/travis/build/icyphy/ptII/ptolemy/domains/de/test/auto/Trilateration.xml (RunModel)" time="10.507" />
  <testcase classname="ptolemy.util.test.junit.AutoTests" name="[74] /home/travis/build/icyphy/ptII/ptolemy/domains/de/test/auto/TwoSigmaDelta.xml (RunModel)" time="1.846" />
  <testcase classname="ptolemy.util.test.junit.AutoTests" name="[75] /home/travis/build/icyphy/ptII/ptolemy/domains/de/test/auto/VariableDelay.xml (RunModel)" time="0.012" />
  <testcase classname="ptolemy.util.test.junit.AutoTests" name="[76] /home/travis/build/icyphy/ptII/ptolemy/domains/de/test/auto/VariableDelay2.xml (RunModel)" time="0.011" />
  <testcase classname="ptolemy.util.test.junit.AutoTests" name="[77] /home/travis/build/icyphy/ptII/ptolemy/domains/de/test/auto/VariableDelayZeroDelay.xml (RunModel)" time="0.014" />
  <testcase classname="ptolemy.util.test.junit.AutoTests" name="[78] /home/travis/build/icyphy/ptII/ptolemy/domains/de/test/auto/VariableDelayZeroDelay2.xml (RunModel)" time="0.012" />
  <testcase classname="ptolemy.util.test.junit.AutoTests" name="[79] /home/travis/build/icyphy/ptII/ptolemy/domains/de/test/auto/deInCt.xml (RunModel)" time="0.015" />
  <testcase classname="ptolemy.util.test.junit.AutoTests" name="[80] /home/travis/build/icyphy/ptII/ptolemy/domains/de/test/auto/deInCt2.xml (RunModel)" time="0.019" />
  <testcase classname="ptolemy.util.test.junit.AutoTests" name="[81] /home/travis/build/icyphy/ptII/ptolemy/domains/de/test/auto/dynamicCausalityInterface1.xml (RunModel)" time="0.018" />
  <testcase classname="ptolemy.util.test.junit.AutoTests" name="[82] /home/travis/build/icyphy/ptII/ptolemy/domains/de/test/auto/fsm_de_test.xml (RunModel)" time="0.028" />
  <testcase classname="ptolemy.util.test.junit.AutoTests" name="[83] /home/travis/build/icyphy/ptII/ptolemy/domains/de/test/auto/functionDependencyReconstruction.xml (RunModel)" time="0.028" />
  <testcase classname="ptolemy.util.test.junit.AutoTests" name="[84] /home/travis/build/icyphy/ptII/ptolemy/domains/de/test/auto/multirate.xml (RunModel)" time="0.016" />
  <testcase classname="ptolemy.util.test.junit.AutoTests" name="[85] /home/travis/build/icyphy/ptII/ptolemy/domains/de/test/auto/multirate2.xml (RunModel)" time="0.017" />
  <testcase classname="ptolemy.util.test.junit.AutoTests" name="[86] /home/travis/build/icyphy/ptII/ptolemy/domains/de/test/auto/realtime.xml (RunModel)" time="10.01" />
  <testcase classname="ptolemy.util.test.junit.AutoTests" name="[87] /home/travis/build/icyphy/ptII/ptolemy/domains/de/test/auto/relationGroup.xml (RunModel)" time="0.017" />
  <testcase classname="ptolemy.util.test.junit.AutoTests" name="[88] /home/travis/build/icyphy/ptII/ptolemy/domains/de/test/auto/relationGroup2.xml (RunModel)" time="0.015" />
  <testcase classname="ptolemy.util.test.junit.AutoTests" name="[89] /home/travis/build/icyphy/ptII/ptolemy/domains/de/test/auto/sortWithOpaquePorts.xml (RunModel)" time="0.009" />
  <testcase classname="ptolemy.util.test.junit.AutoTests" name="[90] /home/travis/build/icyphy/ptII/ptolemy/domains/de/test/auto/transferInputsandOutputs.xml (RunModel)" time="0.018" />
  <testcase classname="ptolemy.util.test.junit.AutoTests" name="[91] /home/travis/build/icyphy/ptII/ptolemy/domains/de/test/auto/triggerType.xml (RunModel)" time="0.01" />
  <system-out><![CDATA[/home/travis/build/icyphy/ptII/ptolemy/domains/de/test/DependencyLoop.tcl
testDefs.tcl: setting time out to 9000 seconds at Sun Aug 09 15:20:32 UTC 2020
99 ms. Memory: 129024K Free: 78786K (61%)
24 ms. Memory: 129024K Free: 61378K (48%)
/home/travis/build/icyphy/ptII/ptolemy/domains/de/test/RunDETestsAsQSS.tcl
Run the DE tests using ptolemy.domains.qss.test.QSSDirectorTest, which extends QSSDirector and prints a message in the constructors.
------------------ testing $PTII/ptolemy/domains/de/test/auto/knownFailedTests/DirectFeedback.xml (Known Failure) 
64 ms. Memory: 129024K Free: 56258K (44%)


==== $PTIIhome/travis/build/icyphy/ptII/ptolemy/domains/de/test/../../../../: Auto Automatic test in file $PTII/ptolemy/domains/de/test/auto/knownFailedTests/DirectFeedback.xml
==== Contents of test case:

	    # FIXME: we should use $relativeFilename here, but it
	    # might have backslashes under Windows, which causes no end
	    # of trouble.
	    createAndExecute $file
	    list {}
	
.... Test generated KNOWN error:
    while executing
ptolemy.kernel.util.IllegalActionException: Test fails in iteration 1.
Value was: 1.0. Should have been: 2.0
  in .DirectFeedback.Test
	at ptolemy.actor.lib.Test.fire(Test.java:268)
	at ptolemy.domains.de.kernel.DEDirector._fire(DEDirector.java:1949)
	at ptolemy.domains.de.kernel.DEDirector.fire(DEDirector.java:502)
	at ptolemy.actor.CompositeActor.fire(CompositeActor.java:455)
	at ptolemy.actor.Manager.iterate(Manager.java:851)
	at ptolemy.actor.Manager.execute(Manager.java:369)
	at ptolemy.actor.Manager.run(Manager.java:1263)
	at ptolemy.actor.Manager$PtolemyRunThread.run(Manager.java:1933)

    while executing
ptolemy.kernel.util.IllegalActionException: Test fails in iteration 1.
Value was: 1.0. Should have been: 2.0
  in .DirectFeedback.Test
    while executing
"java::new ptolemy.moml.MoMLSimpleApplication $file
"
    (procedure "createAndExecute" line 2)
    invoked from within
"createAndExecute $file"
    ("uplevel" body line 5)
    invoked from within
"uplevel $contents_of_test"
------------------ testing $PTII/ptolemy/domains/de/test/auto/knownFailedTests/dependencyLoop.xml (Known Failure) 
15 ms. Memory: 129024K Free: 53186K (41%)


==== $PTIIhome/travis/build/icyphy/ptII/ptolemy/domains/de/test/../../../../: Auto Automatic test in file $PTII/ptolemy/domains/de/test/auto/knownFailedTests/dependencyLoop.xml
==== Contents of test case:

	    # FIXME: we should use $relativeFilename here, but it
	    # might have backslashes under Windows, which causes no end
	    # of trouble.
	    createAndExecute $file
	    list {}
	
.... Test generated KNOWN error:
    while executing
ptolemy.kernel.util.IllegalActionException: Found a zero delay loop containing .dependencyLoop.original
  in .dependencyLoop and .dependencyLoop.original
	at ptolemy.actor.util.CausalityInterfaceForComposites._computeOutputPortDepth(CausalityInterfaceForComposites.java:759)
	at ptolemy.actor.util.CausalityInterfaceForComposites._computeInputDepth(CausalityInterfaceForComposites.java:696)
	at ptolemy.actor.util.CausalityInterfaceForComposites._computeOutputPortDepth(CausalityInterfaceForComposites.java:765)
	at ptolemy.actor.util.CausalityInterfaceForComposites._computeInputDepth(CausalityInterfaceForComposites.java:696)
	at ptolemy.actor.util.CausalityInterfaceForComposites._computeOutputPortDepth(CausalityInterfaceForComposites.java:765)
	at ptolemy.actor.util.CausalityInterfaceForComposites._computeInputDepth(CausalityInterfaceForComposites.java:696)
	at ptolemy.actor.util.CausalityInterfaceForComposites._computeActorDepth(CausalityInterfaceForComposites.java:532)
	at ptolemy.actor.util.CausalityInterfaceForComposites.checkForCycles(CausalityInterfaceForComposites.java:96)
	at ptolemy.domains.de.kernel.DEDirector.preinitialize(DEDirector.java:1338)
	at ptolemy.actor.CompositeActor.preinitialize(CompositeActor.java:1828)
	at ptolemy.actor.Manager.preinitializeAndResolveTypes(Manager.java:1040)
	at ptolemy.actor.Manager.initialize(Manager.java:710)
	at ptolemy.actor.Manager.execute(Manager.java:356)
	at ptolemy.actor.Manager.run(Manager.java:1263)
	at ptolemy.actor.Manager$PtolemyRunThread.run(Manager.java:1933)

    while executing
ptolemy.kernel.util.IllegalActionException: Found a zero delay loop containing .dependencyLoop.original
  in .dependencyLoop and .dependencyLoop.original
    while executing
"java::new ptolemy.moml.MoMLSimpleApplication $file
"
    (procedure "createAndExecute" line 2)
    invoked from within
"createAndExecute $file"
    ("uplevel" body line 5)
    invoked from within
"uplevel $contents_of_test"
------------------ testing $PTII/ptolemy/domains/de/test/auto/knownFailedTests/FSMSource.xml (Known Failure) 
75 ms. Memory: 129024K Free: 111612K (87%)
!!!! Auto was marked as failing, but now passes
------------------ testing $PTII/ptolemy/domains/de/test/auto/knownFailedTests/HierarchicalModel.xml (Known Failure) 
7 ms. Memory: 129024K Free: 94212K (73%)


==== $PTIIhome/travis/build/icyphy/ptII/ptolemy/domains/de/test/../../../../: Auto Automatic test in file $PTII/ptolemy/domains/de/test/auto/knownFailedTests/HierarchicalModel.xml
==== Contents of test case:

	    # FIXME: we should use $relativeFilename here, but it
	    # might have backslashes under Windows, which causes no end
	    # of trouble.
	    createAndExecute $file
	    list {}
	
.... Test generated KNOWN error:
    while executing
ptolemy.kernel.util.IllegalActionException: Found a zero delay loop containing .HierarchicalModel.A
  in .HierarchicalModel and .HierarchicalModel.A
	at ptolemy.actor.util.CausalityInterfaceForComposites._computeOutputPortDepth(CausalityInterfaceForComposites.java:759)
	at ptolemy.actor.util.CausalityInterfaceForComposites._computeInputDepth(CausalityInterfaceForComposites.java:696)
	at ptolemy.actor.util.CausalityInterfaceForComposites._computeOutputPortDepth(CausalityInterfaceForComposites.java:765)
	at ptolemy.actor.util.CausalityInterfaceForComposites._computeInputDepth(CausalityInterfaceForComposites.java:696)
	at ptolemy.actor.util.CausalityInterfaceForComposites._computeOutputPortDepth(CausalityInterfaceForComposites.java:765)
	at ptolemy.actor.util.CausalityInterfaceForComposites._computeInputDepth(CausalityInterfaceForComposites.java:696)
	at ptolemy.actor.util.CausalityInterfaceForComposites._computeActorDepth(CausalityInterfaceForComposites.java:532)
	at ptolemy.actor.util.CausalityInterfaceForComposites.checkForCycles(CausalityInterfaceForComposites.java:96)
	at ptolemy.domains.de.kernel.DEDirector.preinitialize(DEDirector.java:1338)
	at ptolemy.actor.CompositeActor.preinitialize(CompositeActor.java:1828)
	at ptolemy.actor.Manager.preinitializeAndResolveTypes(Manager.java:1040)
	at ptolemy.actor.Manager.initialize(Manager.java:710)
	at ptolemy.actor.Manager.execute(Manager.java:356)
	at ptolemy.actor.Manager.run(Manager.java:1263)
	at ptolemy.actor.Manager$PtolemyRunThread.run(Manager.java:1933)

    while executing
ptolemy.kernel.util.IllegalActionException: Found a zero delay loop containing .HierarchicalModel.A
  in .HierarchicalModel and .HierarchicalModel.A
    while executing
"java::new ptolemy.moml.MoMLSimpleApplication $file
"
    (procedure "createAndExecute" line 2)
    invoked from within
"createAndExecute $file"
    ("uplevel" body line 5)
    invoked from within
"uplevel $contents_of_test"
------------------ testing $PTII/ptolemy/domains/de/test/auto/knownFailedTests/dependencyLoop2.xml (Known Failure) 
5 ms. Memory: 129024K Free: 77826K (60%)


==== $PTIIhome/travis/build/icyphy/ptII/ptolemy/domains/de/test/../../../../: Auto Automatic test in file $PTII/ptolemy/domains/de/test/auto/knownFailedTests/dependencyLoop2.xml
==== Contents of test case:

	    # FIXME: we should use $relativeFilename here, but it
	    # might have backslashes under Windows, which causes no end
	    # of trouble.
	    createAndExecute $file
	    list {}
	
.... Test generated KNOWN error:
    while executing
ptolemy.kernel.util.IllegalActionException: Found a zero delay loop containing .dependencyLoop2.original
  in .dependencyLoop2 and .dependencyLoop2.original
	at ptolemy.actor.util.CausalityInterfaceForComposites._computeOutputPortDepth(CausalityInterfaceForComposites.java:759)
	at ptolemy.actor.util.CausalityInterfaceForComposites._computeInputDepth(CausalityInterfaceForComposites.java:696)
	at ptolemy.actor.util.CausalityInterfaceForComposites._computeOutputPortDepth(CausalityInterfaceForComposites.java:765)
	at ptolemy.actor.util.CausalityInterfaceForComposites._computeInputDepth(CausalityInterfaceForComposites.java:696)
	at ptolemy.actor.util.CausalityInterfaceForComposites._computeOutputPortDepth(CausalityInterfaceForComposites.java:765)
	at ptolemy.actor.util.CausalityInterfaceForComposites._computeInputDepth(CausalityInterfaceForComposites.java:696)
	at ptolemy.actor.util.CausalityInterfaceForComposites._computeActorDepth(CausalityInterfaceForComposites.java:532)
	at ptolemy.actor.util.CausalityInterfaceForComposites.checkForCycles(CausalityInterfaceForComposites.java:96)
	at ptolemy.domains.de.kernel.DEDirector.preinitialize(DEDirector.java:1338)
	at ptolemy.actor.CompositeActor.preinitialize(CompositeActor.java:1828)
	at ptolemy.actor.Manager.preinitializeAndResolveTypes(Manager.java:1040)
	at ptolemy.actor.Manager.initialize(Manager.java:710)
	at ptolemy.actor.Manager.execute(Manager.java:356)
	at ptolemy.actor.Manager.run(Manager.java:1263)
	at ptolemy.actor.Manager$PtolemyRunThread.run(Manager.java:1933)

    while executing
ptolemy.kernel.util.IllegalActionException: Found a zero delay loop containing .dependencyLoop2.original
  in .dependencyLoop2 and .dependencyLoop2.original
    while executing
"java::new ptolemy.moml.MoMLSimpleApplication $file
"
    (procedure "createAndExecute" line 2)
    invoked from within
"createAndExecute $file"
    ("uplevel" body line 5)
    invoked from within
"uplevel $contents_of_test"
------------------ testing $PTII/ptolemy/domains/de/test/auto/knownFailedTests/DESDFClockTest.xml (Known Failure) 
2063 ms. Memory: 129024K Free: 108676K (84%)


==== $PTIIhome/travis/build/icyphy/ptII/ptolemy/domains/de/test/../../../../: Auto Automatic test in file $PTII/ptolemy/domains/de/test/auto/knownFailedTests/DESDFClockTest.xml
==== Contents of test case:

	    # FIXME: we should use $relativeFilename here, but it
	    # might have backslashes under Windows, which causes no end
	    # of trouble.
	    createAndExecute $file
	    list {}
	
.... Test generated KNOWN error:
    while executing
ptolemy.kernel.util.IllegalActionException: Actor is not ready to fire.  Perhaps UpSample.prefire() returned false? Try debugging the actor by selecting "Listen to Actor".  Also, for SDF check moml for tokenConsumptionRate on input.
  in .DESDFClockTest.Play Bell.Copy1:SDF Director and .DESDFClockTest.Play Bell.UpSample
	at ptolemy.actor.sched.StaticSchedulingDirector.fire(StaticSchedulingDirector.java:227)
	at ptolemy.domains.sdf.kernel.SDFDirector.fire(SDFDirector.java:500)
	at ptolemy.actor.CompositeActor.fire(CompositeActor.java:455)
	at ptolemy.domains.de.kernel.DEDirector._fire(DEDirector.java:1949)
	at ptolemy.domains.de.kernel.DEDirector.fire(DEDirector.java:502)
	at ptolemy.actor.CompositeActor.fire(CompositeActor.java:455)
	at ptolemy.actor.Manager.iterate(Manager.java:851)
	at ptolemy.actor.Manager.execute(Manager.java:369)
	at ptolemy.actor.Manager.run(Manager.java:1263)
	at ptolemy.actor.Manager$PtolemyRunThread.run(Manager.java:1933)

    while executing
ptolemy.kernel.util.IllegalActionException: Actor is not ready to fire.  Perhaps UpSample.prefire() returned false? Try debugging the actor by selecting "Listen to Actor".  Also, for SDF check moml for tokenConsumptionRate on input.
  in .DESDFClockTest.Play Bell.Copy1:SDF Director and .DESDFClockTest.Play Bell.UpSample
    while executing
"java::new ptolemy.moml.MoMLSimpleApplication $file
"
    (procedure "createAndExecute" line 2)
    invoked from within
"createAndExecute $file"
    ("uplevel" body line 5)
    invoked from within
"uplevel $contents_of_test"
------------------ testing $PTII/ptolemy/domains/de/test/auto/ActorDepthCalculation_actorWithoutPorts.xml
auto.tcl: Setting watchdog for 200 seconds at Sun Aug 09 15:20:36 UTC 2020
5 ms. Memory: 129024K Free: 100998K (78%)
ptolemy.util.test.WatchDog.cancel(): canceling Sun Aug 09 15:20:36 UTC 2020
auto.tcl: Setting watchdog for 200 seconds at Sun Aug 09 15:20:36 UTC 2020
8 ms. Memory: 129024K Free: 99974K (77%)
ptolemy.util.test.WatchDog.cancel(): canceling Sun Aug 09 15:20:36 UTC 2020
------------------ testing $PTII/ptolemy/domains/de/test/auto/AssemblyLine.xml
auto.tcl: Setting watchdog for 200 seconds at Sun Aug 09 15:20:36 UTC 2020
7 ms. Memory: 51200K Free: 27484K (54%)
ptolemy.util.test.WatchDog.cancel(): canceling Sun Aug 09 15:20:36 UTC 2020
auto.tcl: Setting watchdog for 200 seconds at Sun Aug 09 15:20:36 UTC 2020
11 ms. Memory: 51200K Free: 27007K (53%)
ptolemy.util.test.WatchDog.cancel(): canceling Sun Aug 09 15:20:36 UTC 2020
------------------ testing $PTII/ptolemy/domains/de/test/auto/CQBug1.xml
auto.tcl: Setting watchdog for 200 seconds at Sun Aug 09 15:20:36 UTC 2020
11 ms. Memory: 51200K Free: 33491K (65%)
ptolemy.util.test.WatchDog.cancel(): canceling Sun Aug 09 15:20:36 UTC 2020
auto.tcl: Setting watchdog for 200 seconds at Sun Aug 09 15:20:36 UTC 2020
3 ms. Memory: 51200K Free: 33040K (65%)
ptolemy.util.test.WatchDog.cancel(): canceling Sun Aug 09 15:20:36 UTC 2020
------------------ testing $PTII/ptolemy/domains/de/test/auto/CancelFireAt.xml
auto.tcl: Setting watchdog for 200 seconds at Sun Aug 09 15:20:36 UTC 2020
3 ms. Memory: 48128K Free: 31631K (66%)
ptolemy.util.test.WatchDog.cancel(): canceling Sun Aug 09 15:20:36 UTC 2020
auto.tcl: Setting watchdog for 200 seconds at Sun Aug 09 15:20:36 UTC 2020
2 ms. Memory: 48128K Free: 31190K (65%)
ptolemy.util.test.WatchDog.cancel(): canceling Sun Aug 09 15:20:36 UTC 2020
------------------ testing $PTII/ptolemy/domains/de/test/auto/CausalityAndComposabilityAnalysis.xml
auto.tcl: Setting watchdog for 200 seconds at Sun Aug 09 15:20:36 UTC 2020
19 ms. Memory: 48128K Free: 29660K (62%)
ptolemy.util.test.WatchDog.cancel(): canceling Sun Aug 09 15:20:37 UTC 2020
auto.tcl: Setting watchdog for 200 seconds at Sun Aug 09 15:20:37 UTC 2020
5 ms. Memory: 48128K Free: 28884K (60%)
ptolemy.util.test.WatchDog.cancel(): canceling Sun Aug 09 15:20:37 UTC 2020
------------------ testing $PTII/ptolemy/domains/de/test/auto/CausalityInterface1.xml
auto.tcl: Setting watchdog for 200 seconds at Sun Aug 09 15:20:37 UTC 2020
36 ms. Memory: 48128K Free: 28115K (58%)
ptolemy.util.test.WatchDog.cancel(): canceling Sun Aug 09 15:20:37 UTC 2020
auto.tcl: Setting watchdog for 200 seconds at Sun Aug 09 15:20:37 UTC 2020
4 ms. Memory: 48128K Free: 27352K (57%)
ptolemy.util.test.WatchDog.cancel(): canceling Sun Aug 09 15:20:37 UTC 2020
------------------ testing $PTII/ptolemy/domains/de/test/auto/CausalityInterface15.xml
auto.tcl: Setting watchdog for 200 seconds at Sun Aug 09 15:20:37 UTC 2020
13 ms. Memory: 48128K Free: 27938K (58%)
ptolemy.util.test.WatchDog.cancel(): canceling Sun Aug 09 15:20:37 UTC 2020
auto.tcl: Setting watchdog for 200 seconds at Sun Aug 09 15:20:37 UTC 2020
5 ms. Memory: 48128K Free: 27324K (57%)
ptolemy.util.test.WatchDog.cancel(): canceling Sun Aug 09 15:20:37 UTC 2020
------------------ testing $PTII/ptolemy/domains/de/test/auto/CausalityInterface2.xml
auto.tcl: Setting watchdog for 200 seconds at Sun Aug 09 15:20:37 UTC 2020
7 ms. Memory: 48128K Free: 29231K (61%)
ptolemy.util.test.WatchDog.cancel(): canceling Sun Aug 09 15:20:37 UTC 2020
auto.tcl: Setting watchdog for 200 seconds at Sun Aug 09 15:20:37 UTC 2020
4 ms. Memory: 48128K Free: 28319K (59%)
ptolemy.util.test.WatchDog.cancel(): canceling Sun Aug 09 15:20:37 UTC 2020
------------------ testing $PTII/ptolemy/domains/de/test/auto/CausalityInterface3.xml
auto.tcl: Setting watchdog for 200 seconds at Sun Aug 09 15:20:37 UTC 2020
6 ms. Memory: 48128K Free: 28530K (59%)
ptolemy.util.test.WatchDog.cancel(): canceling Sun Aug 09 15:20:37 UTC 2020
auto.tcl: Setting watchdog for 200 seconds at Sun Aug 09 15:20:37 UTC 2020
3 ms. Memory: 48128K Free: 27744K (58%)
ptolemy.util.test.WatchDog.cancel(): canceling Sun Aug 09 15:20:37 UTC 2020
------------------ testing $PTII/ptolemy/domains/de/test/auto/ClockDrift.xml
auto.tcl: Setting watchdog for 200 seconds at Sun Aug 09 15:20:37 UTC 2020
94 ms. Memory: 48128K Free: 21114K (44%)
ptolemy.util.test.WatchDog.cancel(): canceling Sun Aug 09 15:20:37 UTC 2020
auto.tcl: Setting watchdog for 200 seconds at Sun Aug 09 15:20:37 UTC 2020
54 ms. Memory: 48128K Free: 18099K (38%)
ptolemy.util.test.WatchDog.cancel(): canceling Sun Aug 09 15:20:37 UTC 2020
------------------ testing $PTII/ptolemy/domains/de/test/auto/ClockDriftAndValueChange.xml
auto.tcl: Setting watchdog for 200 seconds at Sun Aug 09 15:20:37 UTC 2020
33 ms. Memory: 48128K Free: 21205K (44%)
ptolemy.util.test.WatchDog.cancel(): canceling Sun Aug 09 15:20:37 UTC 2020
auto.tcl: Setting watchdog for 200 seconds at Sun Aug 09 15:20:37 UTC 2020
25 ms. Memory: 48128K Free: 18361K (38%)
ptolemy.util.test.WatchDog.cancel(): canceling Sun Aug 09 15:20:37 UTC 2020
------------------ testing $PTII/ptolemy/domains/de/test/auto/ClockDriftChange.xml
auto.tcl: Setting watchdog for 200 seconds at Sun Aug 09 15:20:37 UTC 2020
24 ms. Memory: 48128K Free: 23251K (48%)
ptolemy.util.test.WatchDog.cancel(): canceling Sun Aug 09 15:20:37 UTC 2020
auto.tcl: Setting watchdog for 200 seconds at Sun Aug 09 15:20:37 UTC 2020
26 ms. Memory: 48128K Free: 20695K (43%)
ptolemy.util.test.WatchDog.cancel(): canceling Sun Aug 09 15:20:37 UTC 2020
------------------ testing $PTII/ptolemy/domains/de/test/auto/ComposableCausalityAnalysis.xml
auto.tcl: Setting watchdog for 200 seconds at Sun Aug 09 15:20:38 UTC 2020
2 ms. Memory: 48128K Free: 27897K (58%)
ptolemy.util.test.WatchDog.cancel(): canceling Sun Aug 09 15:20:38 UTC 2020
auto.tcl: Setting watchdog for 200 seconds at Sun Aug 09 15:20:38 UTC 2020
5 ms. Memory: 48128K Free: 26862K (56%)
ptolemy.util.test.WatchDog.cancel(): canceling Sun Aug 09 15:20:38 UTC 2020
------------------ testing $PTII/ptolemy/domains/de/test/auto/DEFixedPointLimitation.xml
auto.tcl: Setting watchdog for 200 seconds at Sun Aug 09 15:20:38 UTC 2020
3 ms. Memory: 48128K Free: 29244K (61%)
ptolemy.util.test.WatchDog.cancel(): canceling Sun Aug 09 15:20:38 UTC 2020
auto.tcl: Setting watchdog for 200 seconds at Sun Aug 09 15:20:38 UTC 2020
2 ms. Memory: 48128K Free: 28321K (59%)
ptolemy.util.test.WatchDog.cancel(): canceling Sun Aug 09 15:20:38 UTC 2020
------------------ testing $PTII/ptolemy/domains/de/test/auto/DEScheduleTest.xml
auto.tcl: Setting watchdog for 200 seconds at Sun Aug 09 15:20:38 UTC 2020
4 ms. Memory: 48128K Free: 29537K (61%)
ptolemy.util.test.WatchDog.cancel(): canceling Sun Aug 09 15:20:38 UTC 2020
auto.tcl: Setting watchdog for 200 seconds at Sun Aug 09 15:20:38 UTC 2020
3 ms. Memory: 48128K Free: 28751K (60%)
ptolemy.util.test.WatchDog.cancel(): canceling Sun Aug 09 15:20:38 UTC 2020
------------------ testing $PTII/ptolemy/domains/de/test/auto/DEinDEwithStartTimes.xml
auto.tcl: Setting watchdog for 200 seconds at Sun Aug 09 15:20:38 UTC 2020
9 ms. Memory: 48128K Free: 27677K (58%)
ptolemy.util.test.WatchDog.cancel(): canceling Sun Aug 09 15:20:38 UTC 2020
auto.tcl: Setting watchdog for 200 seconds at Sun Aug 09 15:20:38 UTC 2020
6 ms. Memory: 48128K Free: 26653K (55%)
ptolemy.util.test.WatchDog.cancel(): canceling Sun Aug 09 15:20:38 UTC 2020
------------------ testing $PTII/ptolemy/domains/de/test/auto/DEinDEwithStartTimes2.xml
auto.tcl: Setting watchdog for 200 seconds at Sun Aug 09 15:20:38 UTC 2020
4 ms. Memory: 48128K Free: 26877K (56%)
ptolemy.util.test.WatchDog.cancel(): canceling Sun Aug 09 15:20:38 UTC 2020
auto.tcl: Setting watchdog for 200 seconds at Sun Aug 09 15:20:38 UTC 2020
5 ms. Memory: 48128K Free: 25608K (53%)
ptolemy.util.test.WatchDog.cancel(): canceling Sun Aug 09 15:20:38 UTC 2020
------------------ testing $PTII/ptolemy/domains/de/test/auto/DateDemo.xml
auto.tcl: Setting watchdog for 200 seconds at Sun Aug 09 15:20:38 UTC 2020
12 ms. Memory: 48128K Free: 21262K (44%)
ptolemy.util.test.WatchDog.cancel(): canceling Sun Aug 09 15:20:38 UTC 2020
auto.tcl: Setting watchdog for 200 seconds at Sun Aug 09 15:20:38 UTC 2020
10 ms. Memory: 48128K Free: 19692K (41%)
ptolemy.util.test.WatchDog.cancel(): canceling Sun Aug 09 15:20:38 UTC 2020
------------------ testing $PTII/ptolemy/domains/de/test/auto/DateToEvent.xml
auto.tcl: Setting watchdog for 200 seconds at Sun Aug 09 15:20:38 UTC 2020
2016 ms. Memory: 48128K Free: 17173K (36%)
ptolemy.util.test.WatchDog.cancel(): canceling Sun Aug 09 15:20:40 UTC 2020
auto.tcl: Setting watchdog for 200 seconds at Sun Aug 09 15:20:40 UTC 2020
2006 ms. Memory: 48128K Free: 16400K (34%)
ptolemy.util.test.WatchDog.cancel(): canceling Sun Aug 09 15:20:42 UTC 2020
------------------ testing $PTII/ptolemy/domains/de/test/auto/DepthTest1.xml
auto.tcl: Setting watchdog for 200 seconds at Sun Aug 09 15:20:42 UTC 2020
2 ms. Memory: 48128K Free: 30321K (63%)
ptolemy.util.test.WatchDog.cancel(): canceling Sun Aug 09 15:20:42 UTC 2020
auto.tcl: Setting watchdog for 200 seconds at Sun Aug 09 15:20:42 UTC 2020
2 ms. Memory: 48128K Free: 29916K (62%)
ptolemy.util.test.WatchDog.cancel(): canceling Sun Aug 09 15:20:42 UTC 2020
------------------ testing $PTII/ptolemy/domains/de/test/auto/DepthTest2.xml
auto.tcl: Setting watchdog for 200 seconds at Sun Aug 09 15:20:42 UTC 2020
3 ms. Memory: 48128K Free: 27142K (56%)
ptolemy.util.test.WatchDog.cancel(): canceling Sun Aug 09 15:20:42 UTC 2020
auto.tcl: Setting watchdog for 200 seconds at Sun Aug 09 15:20:42 UTC 2020
2 ms. Memory: 48128K Free: 26762K (56%)
ptolemy.util.test.WatchDog.cancel(): canceling Sun Aug 09 15:20:42 UTC 2020
------------------ testing $PTII/ptolemy/domains/de/test/auto/DepthTest3.xml
auto.tcl: Setting watchdog for 200 seconds at Sun Aug 09 15:20:42 UTC 2020
3 ms. Memory: 48128K Free: 30650K (64%)
ptolemy.util.test.WatchDog.cancel(): canceling Sun Aug 09 15:20:42 UTC 2020
auto.tcl: Setting watchdog for 200 seconds at Sun Aug 09 15:20:42 UTC 2020
2 ms. Memory: 48128K Free: 30268K (63%)
ptolemy.util.test.WatchDog.cancel(): canceling Sun Aug 09 15:20:42 UTC 2020
------------------ testing $PTII/ptolemy/domains/de/test/auto/DepthTest4.xml
auto.tcl: Setting watchdog for 200 seconds at Sun Aug 09 15:20:42 UTC 2020
7 ms. Memory: 48128K Free: 29008K (60%)
ptolemy.util.test.WatchDog.cancel(): canceling Sun Aug 09 15:20:42 UTC 2020
auto.tcl: Setting watchdog for 200 seconds at Sun Aug 09 15:20:42 UTC 2020
3 ms. Memory: 48128K Free: 28289K (59%)
ptolemy.util.test.WatchDog.cancel(): canceling Sun Aug 09 15:20:42 UTC 2020
------------------ testing $PTII/ptolemy/domains/de/test/auto/DepthTest5.xml
auto.tcl: Setting watchdog for 200 seconds at Sun Aug 09 15:20:42 UTC 2020
5 ms. Memory: 48128K Free: 28399K (59%)
ptolemy.util.test.WatchDog.cancel(): canceling Sun Aug 09 15:20:42 UTC 2020
auto.tcl: Setting watchdog for 200 seconds at Sun Aug 09 15:20:42 UTC 2020
3 ms. Memory: 48128K Free: 27612K (57%)
ptolemy.util.test.WatchDog.cancel(): canceling Sun Aug 09 15:20:42 UTC 2020
------------------ testing $PTII/ptolemy/domains/de/test/auto/DepthTest6.xml
auto.tcl: Setting watchdog for 200 seconds at Sun Aug 09 15:20:43 UTC 2020
3 ms. Memory: 48128K Free: 28102K (58%)
ptolemy.util.test.WatchDog.cancel(): canceling Sun Aug 09 15:20:43 UTC 2020
auto.tcl: Setting watchdog for 200 seconds at Sun Aug 09 15:20:43 UTC 2020
2 ms. Memory: 48128K Free: 27697K (58%)
ptolemy.util.test.WatchDog.cancel(): canceling Sun Aug 09 15:20:43 UTC 2020
------------------ testing $PTII/ptolemy/domains/de/test/auto/DepthTest7.xml
auto.tcl: Setting watchdog for 200 seconds at Sun Aug 09 15:20:43 UTC 2020
3 ms. Memory: 48128K Free: 28731K (60%)
ptolemy.util.test.WatchDog.cancel(): canceling Sun Aug 09 15:20:43 UTC 2020
auto.tcl: Setting watchdog for 200 seconds at Sun Aug 09 15:20:43 UTC 2020
3 ms. Memory: 48128K Free: 27818K (58%)
ptolemy.util.test.WatchDog.cancel(): canceling Sun Aug 09 15:20:43 UTC 2020
------------------ testing $PTII/ptolemy/domains/de/test/auto/EventToDate.xml
auto.tcl: Setting watchdog for 200 seconds at Sun Aug 09 15:20:43 UTC 2020
3012 ms. Memory: 48128K Free: 19739K (41%)
ptolemy.util.test.WatchDog.cancel(): canceling Sun Aug 09 15:20:46 UTC 2020
auto.tcl: Setting watchdog for 200 seconds at Sun Aug 09 15:20:46 UTC 2020
3004 ms. Memory: 48128K Free: 19032K (40%)
ptolemy.util.test.WatchDog.cancel(): canceling Sun Aug 09 15:20:49 UTC 2020
------------------ testing $PTII/ptolemy/domains/de/test/auto/FSM1.xml
auto.tcl: Setting watchdog for 200 seconds at Sun Aug 09 15:20:49 UTC 2020
51 ms. Memory: 48128K Free: 20414K (42%)
ptolemy.util.test.WatchDog.cancel(): canceling Sun Aug 09 15:20:49 UTC 2020
auto.tcl: Setting watchdog for 200 seconds at Sun Aug 09 15:20:49 UTC 2020
36 ms. Memory: 48128K Free: 17232K (36%)
ptolemy.util.test.WatchDog.cancel(): canceling Sun Aug 09 15:20:49 UTC 2020
------------------ testing $PTII/ptolemy/domains/de/test/auto/FSM7.xml
auto.tcl: Setting watchdog for 200 seconds at Sun Aug 09 15:20:49 UTC 2020
19 ms. Memory: 48128K Free: 20628K (43%)
ptolemy.util.test.WatchDog.cancel(): canceling Sun Aug 09 15:20:49 UTC 2020
auto.tcl: Setting watchdog for 200 seconds at Sun Aug 09 15:20:49 UTC 2020
22 ms. Memory: 48128K Free: 17502K (36%)
ptolemy.util.test.WatchDog.cancel(): canceling Sun Aug 09 15:20:49 UTC 2020
------------------ testing $PTII/ptolemy/domains/de/test/auto/Inspection.xml
auto.tcl: Setting watchdog for 200 seconds at Sun Aug 09 15:20:49 UTC 2020
35 ms. Memory: 48128K Free: 20631K (43%)
ptolemy.util.test.WatchDog.cancel(): canceling Sun Aug 09 15:20:49 UTC 2020
auto.tcl: Setting watchdog for 200 seconds at Sun Aug 09 15:20:49 UTC 2020
32 ms. Memory: 48128K Free: 18907K (39%)
ptolemy.util.test.WatchDog.cancel(): canceling Sun Aug 09 15:20:49 UTC 2020
------------------ testing $PTII/ptolemy/domains/de/test/auto/Iteration.xml
auto.tcl: Setting watchdog for 200 seconds at Sun Aug 09 15:20:49 UTC 2020
7 ms. Memory: 48128K Free: 26392K (55%)
ptolemy.util.test.WatchDog.cancel(): canceling Sun Aug 09 15:20:49 UTC 2020
auto.tcl: Setting watchdog for 200 seconds at Sun Aug 09 15:20:49 UTC 2020
5 ms. Memory: 48128K Free: 24978K (52%)
ptolemy.util.test.WatchDog.cancel(): canceling Sun Aug 09 15:20:49 UTC 2020
------------------ testing $PTII/ptolemy/domains/de/test/auto/LineFault.xml
auto.tcl: Setting watchdog for 200 seconds at Sun Aug 09 15:20:49 UTC 2020
623 ms. Memory: 48128K Free: 23678K (49%)
ptolemy.util.test.WatchDog.cancel(): canceling Sun Aug 09 15:20:50 UTC 2020
auto.tcl: Setting watchdog for 200 seconds at Sun Aug 09 15:20:50 UTC 2020
477 ms. Memory: 58368K Free: 19651K (34%)
ptolemy.util.test.WatchDog.cancel(): canceling Sun Aug 09 15:20:51 UTC 2020
------------------ testing $PTII/ptolemy/domains/de/test/auto/MergeModel1Add.xml
auto.tcl: Setting watchdog for 200 seconds at Sun Aug 09 15:20:51 UTC 2020
18 ms. Memory: 55296K Free: 19536K (35%)
ptolemy.util.test.WatchDog.cancel(): canceling Sun Aug 09 15:20:51 UTC 2020
auto.tcl: Setting watchdog for 200 seconds at Sun Aug 09 15:20:51 UTC 2020
11 ms. Memory: 55296K Free: 17890K (32%)
ptolemy.util.test.WatchDog.cancel(): canceling Sun Aug 09 15:20:51 UTC 2020
------------------ testing $PTII/ptolemy/domains/de/test/auto/MergeModel2Add.xml
auto.tcl: Setting watchdog for 200 seconds at Sun Aug 09 15:20:51 UTC 2020
13 ms. Memory: 55296K Free: 21572K (39%)
ptolemy.util.test.WatchDog.cancel(): canceling Sun Aug 09 15:20:51 UTC 2020
auto.tcl: Setting watchdog for 200 seconds at Sun Aug 09 15:20:51 UTC 2020
9 ms. Memory: 55296K Free: 19614K (35%)
ptolemy.util.test.WatchDog.cancel(): canceling Sun Aug 09 15:20:51 UTC 2020
------------------ testing $PTII/ptolemy/domains/de/test/auto/MergeModel3Add.xml
auto.tcl: Setting watchdog for 200 seconds at Sun Aug 09 15:20:51 UTC 2020
7 ms. Memory: 55296K Free: 21564K (39%)
ptolemy.util.test.WatchDog.cancel(): canceling Sun Aug 09 15:20:51 UTC 2020
auto.tcl: Setting watchdog for 200 seconds at Sun Aug 09 15:20:51 UTC 2020
6 ms. Memory: 55296K Free: 20064K (36%)
ptolemy.util.test.WatchDog.cancel(): canceling Sun Aug 09 15:20:51 UTC 2020
------------------ testing $PTII/ptolemy/domains/de/test/auto/MergeWithoutDiscard.xml
auto.tcl: Setting watchdog for 200 seconds at Sun Aug 09 15:20:51 UTC 2020
1 ms. Memory: 55296K Free: 36128K (65%)
ptolemy.util.test.WatchDog.cancel(): canceling Sun Aug 09 15:20:51 UTC 2020
auto.tcl: Setting watchdog for 200 seconds at Sun Aug 09 15:20:51 UTC 2020
1 ms. Memory: 55296K Free: 35692K (65%)
ptolemy.util.test.WatchDog.cancel(): canceling Sun Aug 09 15:20:51 UTC 2020
------------------ testing $PTII/ptolemy/domains/de/test/auto/Modal1.xml
auto.tcl: Setting watchdog for 200 seconds at Sun Aug 09 15:20:51 UTC 2020
20 ms. Memory: 55296K Free: 28316K (51%)
ptolemy.util.test.WatchDog.cancel(): canceling Sun Aug 09 15:20:51 UTC 2020
auto.tcl: Setting watchdog for 200 seconds at Sun Aug 09 15:20:51 UTC 2020
10 ms. Memory: 55296K Free: 25032K (45%)
ptolemy.util.test.WatchDog.cancel(): canceling Sun Aug 09 15:20:51 UTC 2020
------------------ testing $PTII/ptolemy/domains/de/test/auto/Modal2.xml
auto.tcl: Setting watchdog for 200 seconds at Sun Aug 09 15:20:51 UTC 2020
16 ms. Memory: 55296K Free: 28441K (51%)
ptolemy.util.test.WatchDog.cancel(): canceling Sun Aug 09 15:20:51 UTC 2020
auto.tcl: Setting watchdog for 200 seconds at Sun Aug 09 15:20:51 UTC 2020
19 ms. Memory: 55296K Free: 24951K (45%)
ptolemy.util.test.WatchDog.cancel(): canceling Sun Aug 09 15:20:51 UTC 2020
------------------ testing $PTII/ptolemy/domains/de/test/auto/Modal3.xml
auto.tcl: Setting watchdog for 200 seconds at Sun Aug 09 15:20:51 UTC 2020
13 ms. Memory: 51200K Free: 24066K (47%)
ptolemy.util.test.WatchDog.cancel(): canceling Sun Aug 09 15:20:52 UTC 2020
auto.tcl: Setting watchdog for 200 seconds at Sun Aug 09 15:20:52 UTC 2020
11 ms. Memory: 51200K Free: 20460K (40%)
ptolemy.util.test.WatchDog.cancel(): canceling Sun Aug 09 15:20:52 UTC 2020
------------------ testing $PTII/ptolemy/domains/de/test/auto/Modal4.xml
auto.tcl: Setting watchdog for 200 seconds at Sun Aug 09 15:20:52 UTC 2020
23 ms. Memory: 51200K Free: 23078K (45%)
ptolemy.util.test.WatchDog.cancel(): canceling Sun Aug 09 15:20:52 UTC 2020
auto.tcl: Setting watchdog for 200 seconds at Sun Aug 09 15:20:52 UTC 2020
20 ms. Memory: 51200K Free: 19220K (38%)
ptolemy.util.test.WatchDog.cancel(): canceling Sun Aug 09 15:20:52 UTC 2020
------------------ testing $PTII/ptolemy/domains/de/test/auto/Modal5.xml
auto.tcl: Setting watchdog for 200 seconds at Sun Aug 09 15:20:52 UTC 2020
12 ms. Memory: 51200K Free: 23035K (45%)
ptolemy.util.test.WatchDog.cancel(): canceling Sun Aug 09 15:20:52 UTC 2020
auto.tcl: Setting watchdog for 200 seconds at Sun Aug 09 15:20:52 UTC 2020
14 ms. Memory: 51200K Free: 19206K (38%)
ptolemy.util.test.WatchDog.cancel(): canceling Sun Aug 09 15:20:52 UTC 2020
------------------ testing $PTII/ptolemy/domains/de/test/auto/Modal6.xml
auto.tcl: Setting watchdog for 200 seconds at Sun Aug 09 15:20:52 UTC 2020
12 ms. Memory: 51200K Free: 23851K (47%)
ptolemy.util.test.WatchDog.cancel(): canceling Sun Aug 09 15:20:52 UTC 2020
auto.tcl: Setting watchdog for 200 seconds at Sun Aug 09 15:20:52 UTC 2020
14 ms. Memory: 51200K Free: 19855K (39%)
ptolemy.util.test.WatchDog.cancel(): canceling Sun Aug 09 15:20:52 UTC 2020
------------------ testing $PTII/ptolemy/domains/de/test/auto/Modal7.xml
auto.tcl: Setting watchdog for 200 seconds at Sun Aug 09 15:20:52 UTC 2020
10 ms. Memory: 51200K Free: 22799K (45%)
ptolemy.util.test.WatchDog.cancel(): canceling Sun Aug 09 15:20:52 UTC 2020
auto.tcl: Setting watchdog for 200 seconds at Sun Aug 09 15:20:52 UTC 2020
11 ms. Memory: 51200K Free: 19455K (38%)
ptolemy.util.test.WatchDog.cancel(): canceling Sun Aug 09 15:20:52 UTC 2020
------------------ testing $PTII/ptolemy/domains/de/test/auto/ModalModel.xml
auto.tcl: Setting watchdog for 200 seconds at Sun Aug 09 15:20:52 UTC 2020
170 ms. Memory: 51200K Free: 14259K (28%)
ptolemy.util.test.WatchDog.cancel(): canceling Sun Aug 09 15:20:52 UTC 2020
auto.tcl: Setting watchdog for 200 seconds at Sun Aug 09 15:20:52 UTC 2020
205 ms. Memory: 62464K Free: 43984K (70%)
ptolemy.util.test.WatchDog.cancel(): canceling Sun Aug 09 15:20:52 UTC 2020
------------------ testing $PTII/ptolemy/domains/de/test/auto/ModalSource.xml
auto.tcl: Setting watchdog for 200 seconds at Sun Aug 09 15:20:52 UTC 2020
6 ms. Memory: 55296K Free: 31975K (58%)
ptolemy.util.test.WatchDog.cancel(): canceling Sun Aug 09 15:20:52 UTC 2020
auto.tcl: Setting watchdog for 200 seconds at Sun Aug 09 15:20:52 UTC 2020
6 ms. Memory: 55296K Free: 29927K (54%)
ptolemy.util.test.WatchDog.cancel(): canceling Sun Aug 09 15:20:52 UTC 2020
------------------ testing $PTII/ptolemy/domains/de/test/auto/NonInterruptibleTimerZeroDelay.xml
auto.tcl: Setting watchdog for 200 seconds at Sun Aug 09 15:20:53 UTC 2020
3 ms. Memory: 55296K Free: 37121K (67%)
ptolemy.util.test.WatchDog.cancel(): canceling Sun Aug 09 15:20:53 UTC 2020
auto.tcl: Setting watchdog for 200 seconds at Sun Aug 09 15:20:53 UTC 2020
2 ms. Memory: 55296K Free: 36263K (66%)
ptolemy.util.test.WatchDog.cancel(): canceling Sun Aug 09 15:20:53 UTC 2020
------------------ testing $PTII/ptolemy/domains/de/test/auto/OpenQueueingNetwork.xml
auto.tcl: Setting watchdog for 200 seconds at Sun Aug 09 15:20:53 UTC 2020
2918 ms. Memory: 117760K Free: 63585K (54%)
ptolemy.util.test.WatchDog.cancel(): canceling Sun Aug 09 15:20:56 UTC 2020
auto.tcl: Setting watchdog for 200 seconds at Sun Aug 09 15:20:56 UTC 2020
2296 ms. Memory: 141312K Free: 50816K (36%)
ptolemy.util.test.WatchDog.cancel(): canceling Sun Aug 09 15:20:58 UTC 2020
------------------ testing $PTII/ptolemy/domains/de/test/auto/OpenQueuingNetwork.xml
auto.tcl: Setting watchdog for 200 seconds at Sun Aug 09 15:20:58 UTC 2020
222 ms. Memory: 55296K Free: 25277K (46%)
ptolemy.util.test.WatchDog.cancel(): canceling Sun Aug 09 15:20:58 UTC 2020
auto.tcl: Setting watchdog for 200 seconds at Sun Aug 09 15:20:58 UTC 2020
214 ms. Memory: 55296K Free: 34479K (62%)
ptolemy.util.test.WatchDog.cancel(): canceling Sun Aug 09 15:20:59 UTC 2020
------------------ testing $PTII/ptolemy/domains/de/test/auto/PeriodicSampler.xml
auto.tcl: Setting watchdog for 200 seconds at Sun Aug 09 15:20:59 UTC 2020
3 ms. Memory: 55296K Free: 36110K (65%)
ptolemy.util.test.WatchDog.cancel(): canceling Sun Aug 09 15:20:59 UTC 2020
auto.tcl: Setting watchdog for 200 seconds at Sun Aug 09 15:20:59 UTC 2020
2 ms. Memory: 55296K Free: 35599K (64%)
ptolemy.util.test.WatchDog.cancel(): canceling Sun Aug 09 15:20:59 UTC 2020
------------------ testing $PTII/ptolemy/domains/de/test/auto/PersistentIO.xml
auto.tcl: Setting watchdog for 200 seconds at Sun Aug 09 15:20:59 UTC 2020
11 ms. Memory: 55296K Free: 31035K (56%)
ptolemy.util.test.WatchDog.cancel(): canceling Sun Aug 09 15:20:59 UTC 2020
auto.tcl: Setting watchdog for 200 seconds at Sun Aug 09 15:20:59 UTC 2020
5 ms. Memory: 55296K Free: 29515K (53%)
ptolemy.util.test.WatchDog.cancel(): canceling Sun Aug 09 15:20:59 UTC 2020
------------------ testing $PTII/ptolemy/domains/de/test/auto/PortParameterResetOnInitialize.xml
auto.tcl: Setting watchdog for 200 seconds at Sun Aug 09 15:20:59 UTC 2020
7 ms. Memory: 55296K Free: 36033K (65%)
ptolemy.util.test.WatchDog.cancel(): canceling Sun Aug 09 15:20:59 UTC 2020
auto.tcl: Setting watchdog for 200 seconds at Sun Aug 09 15:20:59 UTC 2020
2 ms. Memory: 55296K Free: 35523K (64%)
ptolemy.util.test.WatchDog.cancel(): canceling Sun Aug 09 15:20:59 UTC 2020
------------------ testing $PTII/ptolemy/domains/de/test/auto/PortParameterUpdates.xml
auto.tcl: Setting watchdog for 200 seconds at Sun Aug 09 15:20:59 UTC 2020
6 ms. Memory: 55296K Free: 34103K (62%)
ptolemy.util.test.WatchDog.cancel(): canceling Sun Aug 09 15:20:59 UTC 2020
auto.tcl: Setting watchdog for 200 seconds at Sun Aug 09 15:20:59 UTC 2020
5 ms. Memory: 55296K Free: 33079K (60%)
ptolemy.util.test.WatchDog.cancel(): canceling Sun Aug 09 15:20:59 UTC 2020
------------------ testing $PTII/ptolemy/domains/de/test/auto/QueueAndServer.xml
auto.tcl: Setting watchdog for 200 seconds at Sun Aug 09 15:20:59 UTC 2020
13 ms. Memory: 51200K Free: 28898K (56%)
ptolemy.util.test.WatchDog.cancel(): canceling Sun Aug 09 15:20:59 UTC 2020
auto.tcl: Setting watchdog for 200 seconds at Sun Aug 09 15:20:59 UTC 2020
7 ms. Memory: 51200K Free: 27464K (54%)
ptolemy.util.test.WatchDog.cancel(): canceling Sun Aug 09 15:20:59 UTC 2020
------------------ testing $PTII/ptolemy/domains/de/test/auto/Records.xml
auto.tcl: Setting watchdog for 200 seconds at Sun Aug 09 15:20:59 UTC 2020
3 ms. Memory: 51200K Free: 31467K (61%)
ptolemy.util.test.WatchDog.cancel(): canceling Sun Aug 09 15:20:59 UTC 2020
auto.tcl: Setting watchdog for 200 seconds at Sun Aug 09 15:20:59 UTC 2020
3 ms. Memory: 51200K Free: 30951K (60%)
ptolemy.util.test.WatchDog.cancel(): canceling Sun Aug 09 15:20:59 UTC 2020
------------------ testing $PTII/ptolemy/domains/de/test/auto/ResetTransitionWithStartTime1.xml
auto.tcl: Setting watchdog for 200 seconds at Sun Aug 09 15:20:59 UTC 2020
8 ms. Memory: 51200K Free: 28423K (56%)
ptolemy.util.test.WatchDog.cancel(): canceling Sun Aug 09 15:20:59 UTC 2020
auto.tcl: Setting watchdog for 200 seconds at Sun Aug 09 15:20:59 UTC 2020
6 ms. Memory: 51200K Free: 26359K (51%)
ptolemy.util.test.WatchDog.cancel(): canceling Sun Aug 09 15:20:59 UTC 2020
------------------ testing $PTII/ptolemy/domains/de/test/auto/ResetTransitionWithStartTime2.xml
auto.tcl: Setting watchdog for 200 seconds at Sun Aug 09 15:20:59 UTC 2020
8 ms. Memory: 51200K Free: 28378K (55%)
ptolemy.util.test.WatchDog.cancel(): canceling Sun Aug 09 15:20:59 UTC 2020
auto.tcl: Setting watchdog for 200 seconds at Sun Aug 09 15:20:59 UTC 2020
6 ms. Memory: 51200K Free: 26355K (51%)
ptolemy.util.test.WatchDog.cancel(): canceling Sun Aug 09 15:20:59 UTC 2020
------------------ testing $PTII/ptolemy/domains/de/test/auto/ResetTransitionWithStartTime3.xml
auto.tcl: Setting watchdog for 200 seconds at Sun Aug 09 15:20:59 UTC 2020
8 ms. Memory: 51200K Free: 28377K (55%)
ptolemy.util.test.WatchDog.cancel(): canceling Sun Aug 09 15:20:59 UTC 2020
auto.tcl: Setting watchdog for 200 seconds at Sun Aug 09 15:20:59 UTC 2020
5 ms. Memory: 51200K Free: 26330K (51%)
ptolemy.util.test.WatchDog.cancel(): canceling Sun Aug 09 15:20:59 UTC 2020
------------------ testing $PTII/ptolemy/domains/de/test/auto/ResetTransitionWithStartTime4.xml
auto.tcl: Setting watchdog for 200 seconds at Sun Aug 09 15:20:59 UTC 2020
10 ms. Memory: 51200K Free: 28816K (56%)
ptolemy.util.test.WatchDog.cancel(): canceling Sun Aug 09 15:20:59 UTC 2020
auto.tcl: Setting watchdog for 200 seconds at Sun Aug 09 15:20:59 UTC 2020
3 ms. Memory: 51200K Free: 27375K (53%)
ptolemy.util.test.WatchDog.cancel(): canceling Sun Aug 09 15:20:59 UTC 2020
------------------ testing $PTII/ptolemy/domains/de/test/auto/ResettableTimer1.xml
auto.tcl: Setting watchdog for 200 seconds at Sun Aug 09 15:20:59 UTC 2020
2 ms. Memory: 51200K Free: 32454K (63%)
ptolemy.util.test.WatchDog.cancel(): canceling Sun Aug 09 15:20:59 UTC 2020
auto.tcl: Setting watchdog for 200 seconds at Sun Aug 09 15:20:59 UTC 2020
2 ms. Memory: 51200K Free: 31453K (61%)
ptolemy.util.test.WatchDog.cancel(): canceling Sun Aug 09 15:20:59 UTC 2020
------------------ testing $PTII/ptolemy/domains/de/test/auto/ResettableTimer2.xml
auto.tcl: Setting watchdog for 200 seconds at Sun Aug 09 15:20:59 UTC 2020
2 ms. Memory: 51200K Free: 32510K (63%)
ptolemy.util.test.WatchDog.cancel(): canceling Sun Aug 09 15:20:59 UTC 2020
auto.tcl: Setting watchdog for 200 seconds at Sun Aug 09 15:20:59 UTC 2020
2 ms. Memory: 51200K Free: 31486K (61%)
ptolemy.util.test.WatchDog.cancel(): canceling Sun Aug 09 15:20:59 UTC 2020
------------------ testing $PTII/ptolemy/domains/de/test/auto/ResettableTimer3.xml
auto.tcl: Setting watchdog for 200 seconds at Sun Aug 09 15:20:59 UTC 2020
1 ms. Memory: 51200K Free: 32515K (64%)
ptolemy.util.test.WatchDog.cancel(): canceling Sun Aug 09 15:20:59 UTC 2020
auto.tcl: Setting watchdog for 200 seconds at Sun Aug 09 15:20:59 UTC 2020
2 ms. Memory: 51200K Free: 32515K (64%)
ptolemy.util.test.WatchDog.cancel(): canceling Sun Aug 09 15:20:59 UTC 2020
------------------ testing $PTII/ptolemy/domains/de/test/auto/ResettableTimer4.xml
auto.tcl: Setting watchdog for 200 seconds at Sun Aug 09 15:21:00 UTC 2020
1 ms. Memory: 51200K Free: 32527K (64%)
ptolemy.util.test.WatchDog.cancel(): canceling Sun Aug 09 15:21:00 UTC 2020
auto.tcl: Setting watchdog for 200 seconds at Sun Aug 09 15:21:00 UTC 2020
1 ms. Memory: 51200K Free: 32030K (63%)
ptolemy.util.test.WatchDog.cancel(): canceling Sun Aug 09 15:21:00 UTC 2020
------------------ testing $PTII/ptolemy/domains/de/test/auto/ResettableTimer5.xml
auto.tcl: Setting watchdog for 200 seconds at Sun Aug 09 15:21:00 UTC 2020
2 ms. Memory: 51200K Free: 31993K (62%)
ptolemy.util.test.WatchDog.cancel(): canceling Sun Aug 09 15:21:00 UTC 2020
auto.tcl: Setting watchdog for 200 seconds at Sun Aug 09 15:21:00 UTC 2020
2 ms. Memory: 51200K Free: 31502K (62%)
ptolemy.util.test.WatchDog.cancel(): canceling Sun Aug 09 15:21:00 UTC 2020
------------------ testing $PTII/ptolemy/domains/de/test/auto/ResettableTimer6.xml
auto.tcl: Setting watchdog for 200 seconds at Sun Aug 09 15:21:00 UTC 2020
2 ms. Memory: 51200K Free: 31998K (62%)
ptolemy.util.test.WatchDog.cancel(): canceling Sun Aug 09 15:21:00 UTC 2020
auto.tcl: Setting watchdog for 200 seconds at Sun Aug 09 15:21:00 UTC 2020
1 ms. Memory: 51200K Free: 31490K (62%)
ptolemy.util.test.WatchDog.cancel(): canceling Sun Aug 09 15:21:00 UTC 2020
------------------ testing $PTII/ptolemy/domains/de/test/auto/ServerZeroDelay.xml
auto.tcl: Setting watchdog for 200 seconds at Sun Aug 09 15:21:00 UTC 2020
4 ms. Memory: 51200K Free: 32503K (63%)
ptolemy.util.test.WatchDog.cancel(): canceling Sun Aug 09 15:21:00 UTC 2020
auto.tcl: Setting watchdog for 200 seconds at Sun Aug 09 15:21:00 UTC 2020
5 ms. Memory: 51200K Free: 31479K (61%)
ptolemy.util.test.WatchDog.cancel(): canceling Sun Aug 09 15:21:00 UTC 2020
------------------ testing $PTII/ptolemy/domains/de/test/auto/SmartSender.xml
auto.tcl: Setting watchdog for 200 seconds at Sun Aug 09 15:21:00 UTC 2020
3001 ms. Memory: 51200K Free: 32498K (63%)
ptolemy.util.test.WatchDog.cancel(): canceling Sun Aug 09 15:21:03 UTC 2020
auto.tcl: Setting watchdog for 200 seconds at Sun Aug 09 15:21:03 UTC 2020
3003 ms. Memory: 51200K Free: 32004K (63%)
ptolemy.util.test.WatchDog.cancel(): canceling Sun Aug 09 15:21:06 UTC 2020
------------------ testing $PTII/ptolemy/domains/de/test/auto/ThreadedComposite.xml
auto.tcl: Setting watchdog for 200 seconds at Sun Aug 09 15:21:06 UTC 2020
151 ms. Memory: 51200K Free: 14079K (27%)
ptolemy.util.test.WatchDog.cancel(): canceling Sun Aug 09 15:21:06 UTC 2020
auto.tcl: Setting watchdog for 200 seconds at Sun Aug 09 15:21:06 UTC 2020
137 ms. Memory: 51200K Free: 28966K (57%)
ptolemy.util.test.WatchDog.cancel(): canceling Sun Aug 09 15:21:06 UTC 2020
------------------ testing $PTII/ptolemy/domains/de/test/auto/Time.xml
auto.tcl: Setting watchdog for 200 seconds at Sun Aug 09 15:21:06 UTC 2020
507 ms. Memory: 51200K Free: 34681K (68%)
ptolemy.util.test.WatchDog.cancel(): canceling Sun Aug 09 15:21:07 UTC 2020
auto.tcl: Setting watchdog for 200 seconds at Sun Aug 09 15:21:07 UTC 2020
401 ms. Memory: 69632K Free: 27969K (40%)
ptolemy.util.test.WatchDog.cancel(): canceling Sun Aug 09 15:21:07 UTC 2020
------------------ testing $PTII/ptolemy/domains/de/test/auto/TimeDelayZeroDelay.xml
auto.tcl: Setting watchdog for 200 seconds at Sun Aug 09 15:21:07 UTC 2020
2 ms. Memory: 51200K Free: 32427K (63%)
ptolemy.util.test.WatchDog.cancel(): canceling Sun Aug 09 15:21:07 UTC 2020
auto.tcl: Setting watchdog for 200 seconds at Sun Aug 09 15:21:07 UTC 2020
1 ms. Memory: 51200K Free: 31965K (62%)
ptolemy.util.test.WatchDog.cancel(): canceling Sun Aug 09 15:21:07 UTC 2020
------------------ testing $PTII/ptolemy/domains/de/test/auto/TimerZeroDelay.xml
auto.tcl: Setting watchdog for 200 seconds at Sun Aug 09 15:21:07 UTC 2020
3 ms. Memory: 51200K Free: 32632K (64%)
ptolemy.util.test.WatchDog.cancel(): canceling Sun Aug 09 15:21:07 UTC 2020
auto.tcl: Setting watchdog for 200 seconds at Sun Aug 09 15:21:07 UTC 2020
2 ms. Memory: 51200K Free: 31993K (62%)
ptolemy.util.test.WatchDog.cancel(): canceling Sun Aug 09 15:21:07 UTC 2020
------------------ testing $PTII/ptolemy/domains/de/test/auto/TimingParadox.xml
auto.tcl: Setting watchdog for 200 seconds at Sun Aug 09 15:21:07 UTC 2020
295 ms. Memory: 51200K Free: 19094K (37%)
ptolemy.util.test.WatchDog.cancel(): canceling Sun Aug 09 15:21:08 UTC 2020
auto.tcl: Setting watchdog for 200 seconds at Sun Aug 09 15:21:08 UTC 2020
296 ms. Memory: 51200K Free: 8719K (17%)
ptolemy.util.test.WatchDog.cancel(): canceling Sun Aug 09 15:21:08 UTC 2020
------------------ testing $PTII/ptolemy/domains/de/test/auto/TransferInputs.xml
auto.tcl: Setting watchdog for 200 seconds at Sun Aug 09 15:21:08 UTC 2020
1 ms. Memory: 51200K Free: 30950K (60%)
ptolemy.util.test.WatchDog.cancel(): canceling Sun Aug 09 15:21:08 UTC 2020
auto.tcl: Setting watchdog for 200 seconds at Sun Aug 09 15:21:08 UTC 2020
2 ms. Memory: 51200K Free: 30021K (59%)
ptolemy.util.test.WatchDog.cancel(): canceling Sun Aug 09 15:21:08 UTC 2020
------------------ testing $PTII/ptolemy/domains/de/test/auto/TransferOutputs2.xml
auto.tcl: Setting watchdog for 200 seconds at Sun Aug 09 15:21:08 UTC 2020
3 ms. Memory: 51200K Free: 28378K (55%)
ptolemy.util.test.WatchDog.cancel(): canceling Sun Aug 09 15:21:08 UTC 2020
auto.tcl: Setting watchdog for 200 seconds at Sun Aug 09 15:21:08 UTC 2020
2 ms. Memory: 51200K Free: 26964K (53%)
ptolemy.util.test.WatchDog.cancel(): canceling Sun Aug 09 15:21:08 UTC 2020
------------------ testing $PTII/ptolemy/domains/de/test/auto/Trilateration.xml
auto.tcl: Setting watchdog for 200 seconds at Sun Aug 09 15:21:08 UTC 2020
12465 ms. Memory: 499712K Free: 397611K (80%)
ptolemy.util.test.WatchDog.cancel(): canceling Sun Aug 09 15:21:22 UTC 2020
auto.tcl: Setting watchdog for 200 seconds at Sun Aug 09 15:21:22 UTC 2020
8908 ms. Memory: 499712K Free: 443572K (89%)
ptolemy.util.test.WatchDog.cancel(): canceling Sun Aug 09 15:21:31 UTC 2020
------------------ testing $PTII/ptolemy/domains/de/test/auto/TwoSigmaDelta.xml
auto.tcl: Setting watchdog for 200 seconds at Sun Aug 09 15:21:31 UTC 2020
2233 ms. Memory: 92160K Free: 23987K (26%)
ptolemy.util.test.WatchDog.cancel(): canceling Sun Aug 09 15:21:33 UTC 2020
auto.tcl: Setting watchdog for 200 seconds at Sun Aug 09 15:21:33 UTC 2020
1922 ms. Memory: 92160K Free: 20382K (22%)
ptolemy.util.test.WatchDog.cancel(): canceling Sun Aug 09 15:21:35 UTC 2020
------------------ testing $PTII/ptolemy/domains/de/test/auto/VariableDelay.xml
auto.tcl: Setting watchdog for 200 seconds at Sun Aug 09 15:21:35 UTC 2020
2 ms. Memory: 51200K Free: 31440K (61%)
ptolemy.util.test.WatchDog.cancel(): canceling Sun Aug 09 15:21:35 UTC 2020
auto.tcl: Setting watchdog for 200 seconds at Sun Aug 09 15:21:35 UTC 2020
2 ms. Memory: 51200K Free: 30422K (59%)
ptolemy.util.test.WatchDog.cancel(): canceling Sun Aug 09 15:21:35 UTC 2020
------------------ testing $PTII/ptolemy/domains/de/test/auto/VariableDelay2.xml
auto.tcl: Setting watchdog for 200 seconds at Sun Aug 09 15:21:35 UTC 2020
7 ms. Memory: 51200K Free: 32040K (63%)
ptolemy.util.test.WatchDog.cancel(): canceling Sun Aug 09 15:21:35 UTC 2020
auto.tcl: Setting watchdog for 200 seconds at Sun Aug 09 15:21:35 UTC 2020
2 ms. Memory: 51200K Free: 31531K (62%)
ptolemy.util.test.WatchDog.cancel(): canceling Sun Aug 09 15:21:35 UTC 2020
------------------ testing $PTII/ptolemy/domains/de/test/auto/VariableDelayZeroDelay.xml
auto.tcl: Setting watchdog for 200 seconds at Sun Aug 09 15:21:35 UTC 2020
2 ms. Memory: 51200K Free: 32511K (63%)
ptolemy.util.test.WatchDog.cancel(): canceling Sun Aug 09 15:21:35 UTC 2020
auto.tcl: Setting watchdog for 200 seconds at Sun Aug 09 15:21:35 UTC 2020
2 ms. Memory: 51200K Free: 31841K (62%)
ptolemy.util.test.WatchDog.cancel(): canceling Sun Aug 09 15:21:35 UTC 2020
------------------ testing $PTII/ptolemy/domains/de/test/auto/VariableDelayZeroDelay2.xml
auto.tcl: Setting watchdog for 200 seconds at Sun Aug 09 15:21:35 UTC 2020
2 ms. Memory: 51200K Free: 32356K (63%)
ptolemy.util.test.WatchDog.cancel(): canceling Sun Aug 09 15:21:35 UTC 2020
auto.tcl: Setting watchdog for 200 seconds at Sun Aug 09 15:21:35 UTC 2020
2 ms. Memory: 51200K Free: 31332K (61%)
ptolemy.util.test.WatchDog.cancel(): canceling Sun Aug 09 15:21:35 UTC 2020
------------------ testing $PTII/ptolemy/domains/de/test/auto/deInCt.xml
auto.tcl: Setting watchdog for 200 seconds at Sun Aug 09 15:21:35 UTC 2020
0
1
1
1
0
0
0
1
1
1
1
0
0
1
1
1
0
0
0
1
1
1
1
0
0
0
0
1
1
1
0
0
0
1
1
0
0
0
1
1
1
0
0
0
1
1
1
1
13 ms. Memory: 51200K Free: 31329K (61%)
ptolemy.util.test.WatchDog.cancel(): canceling Sun Aug 09 15:21:35 UTC 2020
auto.tcl: Setting watchdog for 200 seconds at Sun Aug 09 15:21:35 UTC 2020
0
1
1
1
0
0
0
1
1
1
1
0
0
0
0
1
1
1
0
0
0
1
1
1
0
0
0
1
1
1
0
0
0
0
1
1
1
1
0
0
0
0
10 ms. Memory: 51200K Free: 29791K (58%)
ptolemy.util.test.WatchDog.cancel(): canceling Sun Aug 09 15:21:35 UTC 2020
------------------ testing $PTII/ptolemy/domains/de/test/auto/deInCt2.xml
auto.tcl: Setting watchdog for 200 seconds at Sun Aug 09 15:21:35 UTC 2020
0
1
1
1
0
0
1
1
1
0
0
1
1
1
0
0
1
1
1
0
0
1
1
1
0
0
1
1
1
0
0
1
1
1
0
0
1
1
1
0
0
0
10 ms. Memory: 51200K Free: 31414K (61%)
ptolemy.util.test.WatchDog.cancel(): canceling Sun Aug 09 15:21:35 UTC 2020
auto.tcl: Setting watchdog for 200 seconds at Sun Aug 09 15:21:35 UTC 2020
0
1
1
1
0
0
1
1
1
0
0
1
1
1
0
0
1
1
1
0
0
1
1
1
0
0
1
1
1
0
0
1
1
1
0
0
1
1
1
0
0
0
11 ms. Memory: 51200K Free: 29789K (58%)
ptolemy.util.test.WatchDog.cancel(): canceling Sun Aug 09 15:21:35 UTC 2020
------------------ testing $PTII/ptolemy/domains/de/test/auto/dynamicCausalityInterface1.xml
auto.tcl: Setting watchdog for 200 seconds at Sun Aug 09 15:21:35 UTC 2020
1 ms. Memory: 51200K Free: 27228K (53%)
ptolemy.util.test.WatchDog.cancel(): canceling Sun Aug 09 15:21:35 UTC 2020
auto.tcl: Setting watchdog for 200 seconds at Sun Aug 09 15:21:35 UTC 2020
1 ms. Memory: 51200K Free: 26726K (52%)
ptolemy.util.test.WatchDog.cancel(): canceling Sun Aug 09 15:21:35 UTC 2020
------------------ testing $PTII/ptolemy/domains/de/test/auto/fsm_de_test.xml
auto.tcl: Setting watchdog for 200 seconds at Sun Aug 09 15:21:36 UTC 2020
8 ms. Memory: 51200K Free: 27127K (53%)
ptolemy.util.test.WatchDog.cancel(): canceling Sun Aug 09 15:21:36 UTC 2020
auto.tcl: Setting watchdog for 200 seconds at Sun Aug 09 15:21:36 UTC 2020
6 ms. Memory: 51200K Free: 25079K (49%)
ptolemy.util.test.WatchDog.cancel(): canceling Sun Aug 09 15:21:36 UTC 2020
------------------ testing $PTII/ptolemy/domains/de/test/auto/functionDependencyReconstruction.xml
auto.tcl: Setting watchdog for 200 seconds at Sun Aug 09 15:21:36 UTC 2020
7 ms. Memory: 51200K Free: 20973K (41%)
ptolemy.util.test.WatchDog.cancel(): canceling Sun Aug 09 15:21:36 UTC 2020
auto.tcl: Setting watchdog for 200 seconds at Sun Aug 09 15:21:36 UTC 2020
3 ms. Memory: 51200K Free: 18926K (37%)
ptolemy.util.test.WatchDog.cancel(): canceling Sun Aug 09 15:21:36 UTC 2020
------------------ testing $PTII/ptolemy/domains/de/test/auto/multirate.xml
auto.tcl: Setting watchdog for 200 seconds at Sun Aug 09 15:21:36 UTC 2020
3 ms. Memory: 51200K Free: 29768K (58%)
ptolemy.util.test.WatchDog.cancel(): canceling Sun Aug 09 15:21:36 UTC 2020
auto.tcl: Setting watchdog for 200 seconds at Sun Aug 09 15:21:36 UTC 2020
3 ms. Memory: 51200K Free: 28028K (55%)
ptolemy.util.test.WatchDog.cancel(): canceling Sun Aug 09 15:21:36 UTC 2020
------------------ testing $PTII/ptolemy/domains/de/test/auto/multirate2.xml
auto.tcl: Setting watchdog for 200 seconds at Sun Aug 09 15:21:36 UTC 2020
4 ms. Memory: 51200K Free: 29724K (58%)
ptolemy.util.test.WatchDog.cancel(): canceling Sun Aug 09 15:21:36 UTC 2020
auto.tcl: Setting watchdog for 200 seconds at Sun Aug 09 15:21:36 UTC 2020
6 ms. Memory: 51200K Free: 28204K (55%)
ptolemy.util.test.WatchDog.cancel(): canceling Sun Aug 09 15:21:36 UTC 2020
------------------ testing $PTII/ptolemy/domains/de/test/auto/realtime.xml
auto.tcl: Setting watchdog for 200 seconds at Sun Aug 09 15:21:36 UTC 2020
10002 ms. Memory: 51200K Free: 31999K (62%)
ptolemy.util.test.WatchDog.cancel(): canceling Sun Aug 09 15:21:46 UTC 2020
auto.tcl: Setting watchdog for 200 seconds at Sun Aug 09 15:21:46 UTC 2020
10001 ms. Memory: 51200K Free: 31455K (61%)
ptolemy.util.test.WatchDog.cancel(): canceling Sun Aug 09 15:21:56 UTC 2020
------------------ testing $PTII/ptolemy/domains/de/test/auto/relationGroup.xml
auto.tcl: Setting watchdog for 200 seconds at Sun Aug 09 15:21:56 UTC 2020
2 ms. Memory: 51200K Free: 33088K (65%)
ptolemy.util.test.WatchDog.cancel(): canceling Sun Aug 09 15:21:56 UTC 2020
auto.tcl: Setting watchdog for 200 seconds at Sun Aug 09 15:21:56 UTC 2020
1 ms. Memory: 51200K Free: 32555K (64%)
ptolemy.util.test.WatchDog.cancel(): canceling Sun Aug 09 15:21:56 UTC 2020
------------------ testing $PTII/ptolemy/domains/de/test/auto/relationGroup2.xml
auto.tcl: Setting watchdog for 200 seconds at Sun Aug 09 15:21:56 UTC 2020
1 ms. Memory: 51200K Free: 32888K (64%)
ptolemy.util.test.WatchDog.cancel(): canceling Sun Aug 09 15:21:56 UTC 2020
auto.tcl: Setting watchdog for 200 seconds at Sun Aug 09 15:21:56 UTC 2020
2 ms. Memory: 51200K Free: 32387K (63%)
ptolemy.util.test.WatchDog.cancel(): canceling Sun Aug 09 15:21:56 UTC 2020
------------------ testing $PTII/ptolemy/domains/de/test/auto/sortWithOpaquePorts.xml
auto.tcl: Setting watchdog for 200 seconds at Sun Aug 09 15:21:56 UTC 2020
1 ms. Memory: 51200K Free: 31851K (62%)
ptolemy.util.test.WatchDog.cancel(): canceling Sun Aug 09 15:21:56 UTC 2020
auto.tcl: Setting watchdog for 200 seconds at Sun Aug 09 15:21:56 UTC 2020
2 ms. Memory: 51200K Free: 30838K (60%)
ptolemy.util.test.WatchDog.cancel(): canceling Sun Aug 09 15:21:56 UTC 2020
------------------ testing $PTII/ptolemy/domains/de/test/auto/transferInputsandOutputs.xml
auto.tcl: Setting watchdog for 200 seconds at Sun Aug 09 15:21:56 UTC 2020
4 ms. Memory: 51200K Free: 29295K (57%)
ptolemy.util.test.WatchDog.cancel(): canceling Sun Aug 09 15:21:56 UTC 2020
auto.tcl: Setting watchdog for 200 seconds at Sun Aug 09 15:21:56 UTC 2020
4 ms. Memory: 51200K Free: 28271K (55%)
ptolemy.util.test.WatchDog.cancel(): canceling Sun Aug 09 15:21:56 UTC 2020
------------------ testing $PTII/ptolemy/domains/de/test/auto/triggerType.xml
auto.tcl: Setting watchdog for 200 seconds at Sun Aug 09 15:21:56 UTC 2020
1 ms. Memory: 51200K Free: 32320K (63%)
ptolemy.util.test.WatchDog.cancel(): canceling Sun Aug 09 15:21:56 UTC 2020
auto.tcl: Setting watchdog for 200 seconds at Sun Aug 09 15:21:56 UTC 2020
2 ms. Memory: 51200K Free: 31296K (61%)
ptolemy.util.test.WatchDog.cancel(): canceling Sun Aug 09 15:21:56 UTC 2020
08/09/20 03:21:56
Failed: 0  Total Tests: 192  ((Passed: 187, Newly Passed: 1)  Known Failed: 5) /home/travis/build/icyphy/ptII/ptolemy/domains/de/test
08/09/20 03:21:56
Failed: 0  Total Tests: 192  ((Passed: 187, Newly Passed: 1)  Known Failed: 5) /home/travis/build/icyphy/ptII/ptolemy/domains/de/test
----------------- testing (KnownFailure) /home/travis/build/icyphy/ptII/ptolemy/domains/de/test/auto/knownFailedTests/DESDFClockTest.xml
2012 ms. Memory: 51200K Free: 25715K (50%)
Known Failure: java.lang.reflect.InvocationTargetException
----------------- testing (KnownFailure) /home/travis/build/icyphy/ptII/ptolemy/domains/de/test/auto/knownFailedTests/DirectFeedback.xml
5 ms. Memory: 51200K Free: 22133K (43%)
Known Failure: java.lang.reflect.InvocationTargetException
----------------- testing (KnownFailure) /home/travis/build/icyphy/ptII/ptolemy/domains/de/test/auto/knownFailedTests/FSMSource.xml
12 ms. Memory: 51200K Free: 14451K (28%)
----------------- testing (KnownFailure) /home/travis/build/icyphy/ptII/ptolemy/domains/de/test/auto/knownFailedTests/HierarchicalModel.xml
2 ms. Memory: 51200K Free: 26443K (52%)
Known Failure: java.lang.reflect.InvocationTargetException
----------------- testing (KnownFailure) /home/travis/build/icyphy/ptII/ptolemy/domains/de/test/auto/knownFailedTests/dependencyLoop.xml
3 ms. Memory: 51200K Free: 11498K (22%)
Known Failure: java.lang.reflect.InvocationTargetException
----------------- testing (KnownFailure) /home/travis/build/icyphy/ptII/ptolemy/domains/de/test/auto/knownFailedTests/dependencyLoop2.xml
7 ms. Memory: 51200K Free: 24040K (47%)
Known Failure: java.lang.reflect.InvocationTargetException
No auto/linux-amd64/*.xml tests in /home/travis/build/icyphy/ptII/ptolemy/domains/de/test
AutoTests.java: About to close Vertx.
AutoTests.java: Vertx closed.

===========================================================================================
----------------- testing Sun Aug 09 15:21:58 UTC 2020 /home/travis/build/icyphy/ptII/ptolemy/domains/de/test/auto/ActorDepthCalculation_actorWithoutPorts.xml
----------------- Instantiating /home/travis/build/icyphy/ptII/ptolemy/domains/de/test/auto/ActorDepthCalculation_actorWithoutPorts.xml
2 ms. Memory: 51200K Free: 17186K (34%)
----------------- Invoking toplevel() on ptolemy.moml.MoMLSimpleApplication@588f6e1e
----------------- Done invoking toplevel() on ptolemy.moml.MoMLSimpleApplication@588f6e1e
reloadAllAccessors: .ActorDepthCalculation_actorWithoutPorts

===========================================================================================
----------------- testing Sun Aug 09 15:21:59 UTC 2020 /home/travis/build/icyphy/ptII/ptolemy/domains/de/test/auto/AssemblyLine.xml
----------------- Instantiating /home/travis/build/icyphy/ptII/ptolemy/domains/de/test/auto/AssemblyLine.xml
3 ms. Memory: 51200K Free: 10297K (20%)
----------------- Invoking toplevel() on ptolemy.moml.MoMLSimpleApplication@1db8cec6
----------------- Done invoking toplevel() on ptolemy.moml.MoMLSimpleApplication@1db8cec6
reloadAllAccessors: .AssemblyLine

===========================================================================================
----------------- testing Sun Aug 09 15:21:59 UTC 2020 /home/travis/build/icyphy/ptII/ptolemy/domains/de/test/auto/CQBug1.xml
----------------- Instantiating /home/travis/build/icyphy/ptII/ptolemy/domains/de/test/auto/CQBug1.xml
1 ms. Memory: 51200K Free: 35205K (69%)
----------------- Invoking toplevel() on ptolemy.moml.MoMLSimpleApplication@67ed59d2
----------------- Done invoking toplevel() on ptolemy.moml.MoMLSimpleApplication@67ed59d2
reloadAllAccessors: .CQBug1

===========================================================================================
----------------- testing Sun Aug 09 15:21:59 UTC 2020 /home/travis/build/icyphy/ptII/ptolemy/domains/de/test/auto/CancelFireAt.xml
----------------- Instantiating /home/travis/build/icyphy/ptII/ptolemy/domains/de/test/auto/CancelFireAt.xml
2 ms. Memory: 51200K Free: 32793K (64%)
----------------- Invoking toplevel() on ptolemy.moml.MoMLSimpleApplication@1bc84fb1
----------------- Done invoking toplevel() on ptolemy.moml.MoMLSimpleApplication@1bc84fb1
reloadAllAccessors: .CancelFireAt

===========================================================================================
----------------- testing Sun Aug 09 15:21:59 UTC 2020 /home/travis/build/icyphy/ptII/ptolemy/domains/de/test/auto/CausalityAndComposabilityAnalysis.xml
----------------- Instantiating /home/travis/build/icyphy/ptII/ptolemy/domains/de/test/auto/CausalityAndComposabilityAnalysis.xml
2 ms. Memory: 51200K Free: 28396K (55%)
----------------- Invoking toplevel() on ptolemy.moml.MoMLSimpleApplication@3cb175b2
----------------- Done invoking toplevel() on ptolemy.moml.MoMLSimpleApplication@3cb175b2
reloadAllAccessors: .CausalityAndComposabilityAnalysis

===========================================================================================
----------------- testing Sun Aug 09 15:21:59 UTC 2020 /home/travis/build/icyphy/ptII/ptolemy/domains/de/test/auto/CausalityInterface1.xml
----------------- Instantiating /home/travis/build/icyphy/ptII/ptolemy/domains/de/test/auto/CausalityInterface1.xml
4 ms. Memory: 51200K Free: 23308K (46%)
----------------- Invoking toplevel() on ptolemy.moml.MoMLSimpleApplication@177b22b6
----------------- Done invoking toplevel() on ptolemy.moml.MoMLSimpleApplication@177b22b6
reloadAllAccessors: .CausalityInterface1

===========================================================================================
----------------- testing Sun Aug 09 15:21:59 UTC 2020 /home/travis/build/icyphy/ptII/ptolemy/domains/de/test/auto/CausalityInterface15.xml
----------------- Instantiating /home/travis/build/icyphy/ptII/ptolemy/domains/de/test/auto/CausalityInterface15.xml
2 ms. Memory: 51200K Free: 17904K (35%)
----------------- Invoking toplevel() on ptolemy.moml.MoMLSimpleApplication@25ee6c98
----------------- Done invoking toplevel() on ptolemy.moml.MoMLSimpleApplication@25ee6c98
reloadAllAccessors: .CausalityInterface15

===========================================================================================
----------------- testing Sun Aug 09 15:21:59 UTC 2020 /home/travis/build/icyphy/ptII/ptolemy/domains/de/test/auto/CausalityInterface2.xml
----------------- Instantiating /home/travis/build/icyphy/ptII/ptolemy/domains/de/test/auto/CausalityInterface2.xml
2 ms. Memory: 51200K Free: 13082K (26%)
[...]
	at ptolemy.actor.Manager.run(Manager.java:1263)
	at ptolemy.actor.Manager$PtolemyRunThread.run(Manager.java:1933)
java.lang.RuntimeException: Execution failed
	at ptolemy.moml.MoMLSimpleApplication$UnloadThread.run(MoMLSimpleApplication.java:402)
Caused by: ptolemy.kernel.util.IllegalActionException: Actor is not ready to fire.  Perhaps UpSample.prefire() returned false? Try debugging the actor by selecting "Listen to Actor".  Also, for SDF check moml for tokenConsumptionRate on input.
  in .DESDFClockTest.Play Bell.Copy1:SDF Director and .DESDFClockTest.Play Bell.UpSample
	at ptolemy.actor.sched.StaticSchedulingDirector.fire(StaticSchedulingDirector.java:227)
	at ptolemy.domains.sdf.kernel.SDFDirector.fire(SDFDirector.java:500)
	at ptolemy.actor.CompositeActor.fire(CompositeActor.java:455)
	at ptolemy.domains.de.kernel.DEDirector._fire(DEDirector.java:1949)
	at ptolemy.domains.de.kernel.DEDirector.fire(DEDirector.java:502)
	at ptolemy.actor.CompositeActor.fire(CompositeActor.java:455)
	at ptolemy.actor.Manager.iterate(Manager.java:851)
	at ptolemy.actor.Manager.execute(Manager.java:369)
	at ptolemy.actor.Manager.run(Manager.java:1263)
	at ptolemy.actor.Manager$PtolemyRunThread.run(Manager.java:1933)
java.lang.reflect.InvocationTargetException
	at java.base/jdk.internal.reflect.NativeConstructorAccessorImpl.newInstance0(Native Method)
	at java.base/jdk.internal.reflect.NativeConstructorAccessorImpl.newInstance(NativeConstructorAccessorImpl.java:62)
	at java.base/jdk.internal.reflect.DelegatingConstructorAccessorImpl.newInstance(DelegatingConstructorAccessorImpl.java:45)
	at java.base/java.lang.reflect.Constructor.newInstance(Constructor.java:490)
	at ptolemy.util.test.junit.AutoKnownFailedTests.RunModel(AutoKnownFailedTests.java:105)
	at java.base/jdk.internal.reflect.NativeMethodAccessorImpl.invoke0(Native Method)
	at java.base/jdk.internal.reflect.NativeMethodAccessorImpl.invoke(NativeMethodAccessorImpl.java:62)
	at java.base/jdk.internal.reflect.DelegatingMethodAccessorImpl.invoke(DelegatingMethodAccessorImpl.java:43)
	at java.base/java.lang.reflect.Method.invoke(Method.java:566)
	at org.junit.runners.model.FrameworkMethod$1.runReflectiveCall(FrameworkMethod.java:44)
	at org.junit.internal.runners.model.ReflectiveCallable.run(ReflectiveCallable.java:15)
	at org.junit.runners.model.FrameworkMethod.invokeExplosively(FrameworkMethod.java:41)
	at junitparams.internal.InvokeParameterisedMethod.evaluate(InvokeParameterisedMethod.java:102)
	at org.junit.internal.runners.statements.FailOnTimeout$1.run(FailOnTimeout.java:28)
Caused by: ptolemy.kernel.util.IllegalActionException: Actor is not ready to fire.  Perhaps UpSample.prefire() returned false? Try debugging the actor by selecting "Listen to Actor".  Also, for SDF check moml for tokenConsumptionRate on input.
  in .DESDFClockTest.Play Bell.Copy1:SDF Director and .DESDFClockTest.Play Bell.UpSample
	at ptolemy.actor.sched.StaticSchedulingDirector.fire(StaticSchedulingDirector.java:227)
	at ptolemy.domains.sdf.kernel.SDFDirector.fire(SDFDirector.java:500)
	at ptolemy.actor.CompositeActor.fire(CompositeActor.java:455)
	at ptolemy.domains.de.kernel.DEDirector._fire(DEDirector.java:1949)
	at ptolemy.domains.de.kernel.DEDirector.fire(DEDirector.java:502)
	at ptolemy.actor.CompositeActor.fire(CompositeActor.java:455)
	at ptolemy.actor.Manager.iterate(Manager.java:851)
	at ptolemy.actor.Manager.execute(Manager.java:369)
	at ptolemy.actor.Manager.run(Manager.java:1263)
	at ptolemy.actor.Manager$PtolemyRunThread.run(Manager.java:1933)
java.lang.RuntimeException: Execution failed
	at ptolemy.moml.MoMLSimpleApplication$UnloadThread.run(MoMLSimpleApplication.java:402)
Caused by: ptolemy.kernel.util.IllegalActionException: Test fails in iteration 1.
Value was: 1.0. Should have been: 2.0
  in .DirectFeedback.Test
	at ptolemy.actor.lib.Test.fire(Test.java:268)
	at ptolemy.domains.de.kernel.DEDirector._fire(DEDirector.java:1949)
	at ptolemy.domains.de.kernel.DEDirector.fire(DEDirector.java:502)
	at ptolemy.actor.CompositeActor.fire(CompositeActor.java:455)
	at ptolemy.actor.Manager.iterate(Manager.java:851)
	at ptolemy.actor.Manager.execute(Manager.java:369)
	at ptolemy.actor.Manager.run(Manager.java:1263)
	at ptolemy.actor.Manager$PtolemyRunThread.run(Manager.java:1933)
java.lang.reflect.InvocationTargetException
	at java.base/jdk.internal.reflect.NativeConstructorAccessorImpl.newInstance0(Native Method)
	at java.base/jdk.internal.reflect.NativeConstructorAccessorImpl.newInstance(NativeConstructorAccessorImpl.java:62)
	at java.base/jdk.internal.reflect.DelegatingConstructorAccessorImpl.newInstance(DelegatingConstructorAccessorImpl.java:45)
	at java.base/java.lang.reflect.Constructor.newInstance(Constructor.java:490)
	at ptolemy.util.test.junit.AutoKnownFailedTests.RunModel(AutoKnownFailedTests.java:105)
	at java.base/jdk.internal.reflect.NativeMethodAccessorImpl.invoke0(Native Method)
	at java.base/jdk.internal.reflect.NativeMethodAccessorImpl.invoke(NativeMethodAccessorImpl.java:62)
	at java.base/jdk.internal.reflect.DelegatingMethodAccessorImpl.invoke(DelegatingMethodAccessorImpl.java:43)
	at java.base/java.lang.reflect.Method.invoke(Method.java:566)
	at org.junit.runners.model.FrameworkMethod$1.runReflectiveCall(FrameworkMethod.java:44)
	at org.junit.internal.runners.model.ReflectiveCallable.run(ReflectiveCallable.java:15)
	at org.junit.runners.model.FrameworkMethod.invokeExplosively(FrameworkMethod.java:41)
	at junitparams.internal.InvokeParameterisedMethod.evaluate(InvokeParameterisedMethod.java:102)
	at org.junit.internal.runners.statements.FailOnTimeout$1.run(FailOnTimeout.java:28)
Caused by: ptolemy.kernel.util.IllegalActionException: Test fails in iteration 1.
Value was: 1.0. Should have been: 2.0
  in .DirectFeedback.Test
	at ptolemy.actor.lib.Test.fire(Test.java:268)
	at ptolemy.domains.de.kernel.DEDirector._fire(DEDirector.java:1949)
	at ptolemy.domains.de.kernel.DEDirector.fire(DEDirector.java:502)
	at ptolemy.actor.CompositeActor.fire(CompositeActor.java:455)
	at ptolemy.actor.Manager.iterate(Manager.java:851)
	at ptolemy.actor.Manager.execute(Manager.java:369)
	at ptolemy.actor.Manager.run(Manager.java:1263)
	at ptolemy.actor.Manager$PtolemyRunThread.run(Manager.java:1933)
java.lang.RuntimeException: Execution failed
	at ptolemy.moml.MoMLSimpleApplication$UnloadThread.run(MoMLSimpleApplication.java:402)
Caused by: ptolemy.kernel.util.IllegalActionException: Found a zero delay loop containing .HierarchicalModel.A
  in .HierarchicalModel and .HierarchicalModel.A
	at ptolemy.actor.util.CausalityInterfaceForComposites._computeOutputPortDepth(CausalityInterfaceForComposites.java:759)
	at ptolemy.actor.util.CausalityInterfaceForComposites._computeInputDepth(CausalityInterfaceForComposites.java:696)
	at ptolemy.actor.util.CausalityInterfaceForComposites._computeOutputPortDepth(CausalityInterfaceForComposites.java:765)
	at ptolemy.actor.util.CausalityInterfaceForComposites._computeInputDepth(CausalityInterfaceForComposites.java:696)
	at ptolemy.actor.util.CausalityInterfaceForComposites._computeOutputPortDepth(CausalityInterfaceForComposites.java:765)
	at ptolemy.actor.util.CausalityInterfaceForComposites._computeInputDepth(CausalityInterfaceForComposites.java:696)
	at ptolemy.actor.util.CausalityInterfaceForComposites._computeActorDepth(CausalityInterfaceForComposites.java:532)
	at ptolemy.actor.util.CausalityInterfaceForComposites.checkForCycles(CausalityInterfaceForComposites.java:96)
	at ptolemy.domains.de.kernel.DEDirector.preinitialize(DEDirector.java:1338)
	at ptolemy.actor.CompositeActor.preinitialize(CompositeActor.java:1828)
	at ptolemy.actor.Manager.preinitializeAndResolveTypes(Manager.java:1040)
	at ptolemy.actor.Manager.initialize(Manager.java:710)
	at ptolemy.actor.Manager.execute(Manager.java:356)
	at ptolemy.actor.Manager.run(Manager.java:1263)
	at ptolemy.actor.Manager$PtolemyRunThread.run(Manager.java:1933)
java.lang.reflect.InvocationTargetException
	at java.base/jdk.internal.reflect.NativeConstructorAccessorImpl.newInstance0(Native Method)
	at java.base/jdk.internal.reflect.NativeConstructorAccessorImpl.newInstance(NativeConstructorAccessorImpl.java:62)
	at java.base/jdk.internal.reflect.DelegatingConstructorAccessorImpl.newInstance(DelegatingConstructorAccessorImpl.java:45)
	at java.base/java.lang.reflect.Constructor.newInstance(Constructor.java:490)
	at ptolemy.util.test.junit.AutoKnownFailedTests.RunModel(AutoKnownFailedTests.java:105)
	at java.base/jdk.internal.reflect.NativeMethodAccessorImpl.invoke0(Native Method)
	at java.base/jdk.internal.reflect.NativeMethodAccessorImpl.invoke(NativeMethodAccessorImpl.java:62)
	at java.base/jdk.internal.reflect.DelegatingMethodAccessorImpl.invoke(DelegatingMethodAccessorImpl.java:43)
	at java.base/java.lang.reflect.Method.invoke(Method.java:566)
	at org.junit.runners.model.FrameworkMethod$1.runReflectiveCall(FrameworkMethod.java:44)
	at org.junit.internal.runners.model.ReflectiveCallable.run(ReflectiveCallable.java:15)
	at org.junit.runners.model.FrameworkMethod.invokeExplosively(FrameworkMethod.java:41)
	at junitparams.internal.InvokeParameterisedMethod.evaluate(InvokeParameterisedMethod.java:102)
	at org.junit.internal.runners.statements.FailOnTimeout$1.run(FailOnTimeout.java:28)
Caused by: ptolemy.kernel.util.IllegalActionException: Found a zero delay loop containing .HierarchicalModel.A
  in .HierarchicalModel and .HierarchicalModel.A
	at ptolemy.actor.util.CausalityInterfaceForComposites._computeOutputPortDepth(CausalityInterfaceForComposites.java:759)
	at ptolemy.actor.util.CausalityInterfaceForComposites._computeInputDepth(CausalityInterfaceForComposites.java:696)
	at ptolemy.actor.util.CausalityInterfaceForComposites._computeOutputPortDepth(CausalityInterfaceForComposites.java:765)
	at ptolemy.actor.util.CausalityInterfaceForComposites._computeInputDepth(CausalityInterfaceForComposites.java:696)
	at ptolemy.actor.util.CausalityInterfaceForComposites._computeOutputPortDepth(CausalityInterfaceForComposites.java:765)
	at ptolemy.actor.util.CausalityInterfaceForComposites._computeInputDepth(CausalityInterfaceForComposites.java:696)
	at ptolemy.actor.util.CausalityInterfaceForComposites._computeActorDepth(CausalityInterfaceForComposites.java:532)
	at ptolemy.actor.util.CausalityInterfaceForComposites.checkForCycles(CausalityInterfaceForComposites.java:96)
	at ptolemy.domains.de.kernel.DEDirector.preinitialize(DEDirector.java:1338)
	at ptolemy.actor.CompositeActor.preinitialize(CompositeActor.java:1828)
	at ptolemy.actor.Manager.preinitializeAndResolveTypes(Manager.java:1040)
	at ptolemy.actor.Manager.initialize(Manager.java:710)
	at ptolemy.actor.Manager.execute(Manager.java:356)
	at ptolemy.actor.Manager.run(Manager.java:1263)
	at ptolemy.actor.Manager$PtolemyRunThread.run(Manager.java:1933)
java.lang.RuntimeException: Execution failed
	at ptolemy.moml.MoMLSimpleApplication$UnloadThread.run(MoMLSimpleApplication.java:402)
Caused by: ptolemy.kernel.util.IllegalActionException: Found a zero delay loop containing .dependencyLoop.original
  in .dependencyLoop and .dependencyLoop.original
	at ptolemy.actor.util.CausalityInterfaceForComposites._computeOutputPortDepth(CausalityInterfaceForComposites.java:759)
	at ptolemy.actor.util.CausalityInterfaceForComposites._computeInputDepth(CausalityInterfaceForComposites.java:696)
	at ptolemy.actor.util.CausalityInterfaceForComposites._computeOutputPortDepth(CausalityInterfaceForComposites.java:765)
	at ptolemy.actor.util.CausalityInterfaceForComposites._computeInputDepth(CausalityInterfaceForComposites.java:696)
	at ptolemy.actor.util.CausalityInterfaceForComposites._computeOutputPortDepth(CausalityInterfaceForComposites.java:765)
	at ptolemy.actor.util.CausalityInterfaceForComposites._computeInputDepth(CausalityInterfaceForComposites.java:696)
	at ptolemy.actor.util.CausalityInterfaceForComposites._computeActorDepth(CausalityInterfaceForComposites.java:532)
	at ptolemy.actor.util.CausalityInterfaceForComposites.checkForCycles(CausalityInterfaceForComposites.java:96)
	at ptolemy.domains.de.kernel.DEDirector.preinitialize(DEDirector.java:1338)
	at ptolemy.actor.CompositeActor.preinitialize(CompositeActor.java:1828)
	at ptolemy.actor.Manager.preinitializeAndResolveTypes(Manager.java:1040)
	at ptolemy.actor.Manager.initialize(Manager.java:710)
	at ptolemy.actor.Manager.execute(Manager.java:356)
	at ptolemy.actor.Manager.run(Manager.java:1263)
	at ptolemy.actor.Manager$PtolemyRunThread.run(Manager.java:1933)
java.lang.reflect.InvocationTargetException
	at java.base/jdk.internal.reflect.NativeConstructorAccessorImpl.newInstance0(Native Method)
	at java.base/jdk.internal.reflect.NativeConstructorAccessorImpl.newInstance(NativeConstructorAccessorImpl.java:62)
	at java.base/jdk.internal.reflect.DelegatingConstructorAccessorImpl.newInstance(DelegatingConstructorAccessorImpl.java:45)
	at java.base/java.lang.reflect.Constructor.newInstance(Constructor.java:490)
	at ptolemy.util.test.junit.AutoKnownFailedTests.RunModel(AutoKnownFailedTests.java:105)
	at java.base/jdk.internal.reflect.NativeMethodAccessorImpl.invoke0(Native Method)
	at java.base/jdk.internal.reflect.NativeMethodAccessorImpl.invoke(NativeMethodAccessorImpl.java:62)
	at java.base/jdk.internal.reflect.DelegatingMethodAccessorImpl.invoke(DelegatingMethodAccessorImpl.java:43)
	at java.base/java.lang.reflect.Method.invoke(Method.java:566)
	at org.junit.runners.model.FrameworkMethod$1.runReflectiveCall(FrameworkMethod.java:44)
	at org.junit.internal.runners.model.ReflectiveCallable.run(ReflectiveCallable.java:15)
	at org.junit.runners.model.FrameworkMethod.invokeExplosively(FrameworkMethod.java:41)
	at junitparams.internal.InvokeParameterisedMethod.evaluate(InvokeParameterisedMethod.java:102)
	at org.junit.internal.runners.statements.FailOnTimeout$1.run(FailOnTimeout.java:28)
Caused by: ptolemy.kernel.util.IllegalActionException: Found a zero delay loop containing .dependencyLoop.original
  in .dependencyLoop and .dependencyLoop.original
	at ptolemy.actor.util.CausalityInterfaceForComposites._computeOutputPortDepth(CausalityInterfaceForComposites.java:759)
	at ptolemy.actor.util.CausalityInterfaceForComposites._computeInputDepth(CausalityInterfaceForComposites.java:696)
	at ptolemy.actor.util.CausalityInterfaceForComposites._computeOutputPortDepth(CausalityInterfaceForComposites.java:765)
	at ptolemy.actor.util.CausalityInterfaceForComposites._computeInputDepth(CausalityInterfaceForComposites.java:696)
	at ptolemy.actor.util.CausalityInterfaceForComposites._computeOutputPortDepth(CausalityInterfaceForComposites.java:765)
	at ptolemy.actor.util.CausalityInterfaceForComposites._computeInputDepth(CausalityInterfaceForComposites.java:696)
	at ptolemy.actor.util.CausalityInterfaceForComposites._computeActorDepth(CausalityInterfaceForComposites.java:532)
	at ptolemy.actor.util.CausalityInterfaceForComposites.checkForCycles(CausalityInterfaceForComposites.java:96)
	at ptolemy.domains.de.kernel.DEDirector.preinitialize(DEDirector.java:1338)
	at ptolemy.actor.CompositeActor.preinitialize(CompositeActor.java:1828)
	at ptolemy.actor.Manager.preinitializeAndResolveTypes(Manager.java:1040)
	at ptolemy.actor.Manager.initialize(Manager.java:710)
	at ptolemy.actor.Manager.execute(Manager.java:356)
	at ptolemy.actor.Manager.run(Manager.java:1263)
	at ptolemy.actor.Manager$PtolemyRunThread.run(Manager.java:1933)
java.lang.RuntimeException: Execution failed
	at ptolemy.moml.MoMLSimpleApplication$UnloadThread.run(MoMLSimpleApplication.java:402)
Caused by: ptolemy.kernel.util.IllegalActionException: Found a zero delay loop containing .dependencyLoop2.original
  in .dependencyLoop2 and .dependencyLoop2.original
	at ptolemy.actor.util.CausalityInterfaceForComposites._computeOutputPortDepth(CausalityInterfaceForComposites.java:759)
	at ptolemy.actor.util.CausalityInterfaceForComposites._computeInputDepth(CausalityInterfaceForComposites.java:696)
	at ptolemy.actor.util.CausalityInterfaceForComposites._computeOutputPortDepth(CausalityInterfaceForComposites.java:765)
	at ptolemy.actor.util.CausalityInterfaceForComposites._computeInputDepth(CausalityInterfaceForComposites.java:696)
	at ptolemy.actor.util.CausalityInterfaceForComposites._computeOutputPortDepth(CausalityInterfaceForComposites.java:765)
	at ptolemy.actor.util.CausalityInterfaceForComposites._computeInputDepth(CausalityInterfaceForComposites.java:696)
	at ptolemy.actor.util.CausalityInterfaceForComposites._computeActorDepth(CausalityInterfaceForComposites.java:532)
	at ptolemy.actor.util.CausalityInterfaceForComposites.checkForCycles(CausalityInterfaceForComposites.java:96)
	at ptolemy.domains.de.kernel.DEDirector.preinitialize(DEDirector.java:1338)
	at ptolemy.actor.CompositeActor.preinitialize(CompositeActor.java:1828)
	at ptolemy.actor.Manager.preinitializeAndResolveTypes(Manager.java:1040)
	at ptolemy.actor.Manager.initialize(Manager.java:710)
	at ptolemy.actor.Manager.execute(Manager.java:356)
	at ptolemy.actor.Manager.run(Manager.java:1263)
	at ptolemy.actor.Manager$PtolemyRunThread.run(Manager.java:1933)
java.lang.reflect.InvocationTargetException
	at java.base/jdk.internal.reflect.NativeConstructorAccessorImpl.newInstance0(Native Method)
	at java.base/jdk.internal.reflect.NativeConstructorAccessorImpl.newInstance(NativeConstructorAccessorImpl.java:62)
	at java.base/jdk.internal.reflect.DelegatingConstructorAccessorImpl.newInstance(DelegatingConstructorAccessorImpl.java:45)
	at java.base/java.lang.reflect.Constructor.newInstance(Constructor.java:490)
	at ptolemy.util.test.junit.AutoKnownFailedTests.RunModel(AutoKnownFailedTests.java:105)
	at java.base/jdk.internal.reflect.NativeMethodAccessorImpl.invoke0(Native Method)
	at java.base/jdk.internal.reflect.NativeMethodAccessorImpl.invoke(NativeMethodAccessorImpl.java:62)
	at java.base/jdk.internal.reflect.DelegatingMethodAccessorImpl.invoke(DelegatingMethodAccessorImpl.java:43)
	at java.base/java.lang.reflect.Method.invoke(Method.java:566)
	at org.junit.runners.model.FrameworkMethod$1.runReflectiveCall(FrameworkMethod.java:44)
	at org.junit.internal.runners.model.ReflectiveCallable.run(ReflectiveCallable.java:15)
	at org.junit.runners.model.FrameworkMethod.invokeExplosively(FrameworkMethod.java:41)
	at junitparams.internal.InvokeParameterisedMethod.evaluate(InvokeParameterisedMethod.java:102)
	at org.junit.internal.runners.statements.FailOnTimeout$1.run(FailOnTimeout.java:28)
Caused by: ptolemy.kernel.util.IllegalActionException: Found a zero delay loop containing .dependencyLoop2.original
  in .dependencyLoop2 and .dependencyLoop2.original
	at ptolemy.actor.util.CausalityInterfaceForComposites._computeOutputPortDepth(CausalityInterfaceForComposites.java:759)
	at ptolemy.actor.util.CausalityInterfaceForComposites._computeInputDepth(CausalityInterfaceForComposites.java:696)
	at ptolemy.actor.util.CausalityInterfaceForComposites._computeOutputPortDepth(CausalityInterfaceForComposites.java:765)
	at ptolemy.actor.util.CausalityInterfaceForComposites._computeInputDepth(CausalityInterfaceForComposites.java:696)
	at ptolemy.actor.util.CausalityInterfaceForComposites._computeOutputPortDepth(CausalityInterfaceForComposites.java:765)
	at ptolemy.actor.util.CausalityInterfaceForComposites._computeInputDepth(CausalityInterfaceForComposites.java:696)
	at ptolemy.actor.util.CausalityInterfaceForComposites._computeActorDepth(CausalityInterfaceForComposites.java:532)
	at ptolemy.actor.util.CausalityInterfaceForComposites.checkForCycles(CausalityInterfaceForComposites.java:96)
	at ptolemy.domains.de.kernel.DEDirector.preinitialize(DEDirector.java:1338)
	at ptolemy.actor.CompositeActor.preinitialize(CompositeActor.java:1828)
	at ptolemy.actor.Manager.preinitializeAndResolveTypes(Manager.java:1040)
	at ptolemy.actor.Manager.initialize(Manager.java:710)
	at ptolemy.actor.Manager.execute(Manager.java:356)
	at ptolemy.actor.Manager.run(Manager.java:1263)
	at ptolemy.actor.Manager$PtolemyRunThread.run(Manager.java:1933)
]]></system-err>
</testsuite>
