<?xml version="1.0" encoding="UTF-8" ?>
<testsuite errors="0" failures="0" hostname="travis-job-7645df8b-0bf8-4721-a585-3e9adc7f4265" name="ptolemy.actor.lib.hoc.test.junit.JUnitTclTest" skipped="0" tests="58" time="33.006" timestamp="2019-07-01T04:46:16">
  <properties>
[...]
</properties>
  <testcase classname="ptolemy.util.test.junit.TclTests" name="[0] /home/travis/build/icyphy/ptII/ptolemy/actor/lib/hoc/test/IterateOverArray.tcl (RunTclFile)" time="0.32" />
  <testcase classname="ptolemy.util.test.junit.AutoKnownFailedTests" name="[0] /home/travis/build/icyphy/ptII/ptolemy/actor/lib/hoc/test/auto/knownFailedTests/PreinitializeMustBeInvokedRunComposite.xml (RunModel)" time="0.444" />
  <testcase classname="ptolemy.util.test.junit.AutoNameArchTests" name="[0] ThereAreNoAutoArchTests (RunModel)" time="0.013" />
  <testcase classname="ptolemy.util.test.junit.AutoTests" name="[0] /home/travis/build/icyphy/ptII/ptolemy/actor/lib/hoc/test/auto/AllToAllMultiInstanceComposite.xml (RunModel)" time="0.426" />
  <testcase classname="ptolemy.util.test.junit.AutoTests" name="[1] /home/travis/build/icyphy/ptII/ptolemy/actor/lib/hoc/test/auto/ApplyFFTTest.xml (RunModel)" time="0.434" />
  <testcase classname="ptolemy.util.test.junit.AutoTests" name="[2] /home/travis/build/icyphy/ptII/ptolemy/actor/lib/hoc/test/auto/ApplyFunction.xml (RunModel)" time="0.042" />
  <testcase classname="ptolemy.util.test.junit.AutoTests" name="[3] /home/travis/build/icyphy/ptII/ptolemy/actor/lib/hoc/test/auto/BackgroundExecution.xml (RunModel)" time="0.719" />
  <testcase classname="ptolemy.util.test.junit.AutoTests" name="[4] /home/travis/build/icyphy/ptII/ptolemy/actor/lib/hoc/test/auto/Case.xml (RunModel)" time="0.089" />
  <testcase classname="ptolemy.util.test.junit.AutoTests" name="[5] /home/travis/build/icyphy/ptII/ptolemy/actor/lib/hoc/test/auto/Case1.xml (RunModel)" time="0.082" />
  <testcase classname="ptolemy.util.test.junit.AutoTests" name="[6] /home/travis/build/icyphy/ptII/ptolemy/actor/lib/hoc/test/auto/Case2.xml (RunModel)" time="0.125" />
  <testcase classname="ptolemy.util.test.junit.AutoTests" name="[7] /home/travis/build/icyphy/ptII/ptolemy/actor/lib/hoc/test/auto/Case3.xml (RunModel)" time="0.066" />
  <testcase classname="ptolemy.util.test.junit.AutoTests" name="[8] /home/travis/build/icyphy/ptII/ptolemy/actor/lib/hoc/test/auto/Case4.xml (RunModel)" time="0.077" />
  <testcase classname="ptolemy.util.test.junit.AutoTests" name="[9] /home/travis/build/icyphy/ptII/ptolemy/actor/lib/hoc/test/auto/Case5.xml (RunModel)" time="0.076" />
  <testcase classname="ptolemy.util.test.junit.AutoTests" name="[10] /home/travis/build/icyphy/ptII/ptolemy/actor/lib/hoc/test/auto/Case6.xml (RunModel)" time="0.106" />
  <testcase classname="ptolemy.util.test.junit.AutoTests" name="[11] /home/travis/build/icyphy/ptII/ptolemy/actor/lib/hoc/test/auto/CaseString2.xml (RunModel)" time="0.064" />
  <testcase classname="ptolemy.util.test.junit.AutoTests" name="[12] /home/travis/build/icyphy/ptII/ptolemy/actor/lib/hoc/test/auto/CatchUpComposite1.xml (RunModel)" time="0.078" />
  <testcase classname="ptolemy.util.test.junit.AutoTests" name="[13] /home/travis/build/icyphy/ptII/ptolemy/actor/lib/hoc/test/auto/CatchUpComposite2.xml (RunModel)" time="0.075" />
  <testcase classname="ptolemy.util.test.junit.AutoTests" name="[14] /home/travis/build/icyphy/ptII/ptolemy/actor/lib/hoc/test/auto/CatchUpComposite3.xml (RunModel)" time="0.071" />
  <testcase classname="ptolemy.util.test.junit.AutoTests" name="[15] /home/travis/build/icyphy/ptII/ptolemy/actor/lib/hoc/test/auto/CatchUpComposite4.xml (RunModel)" time="0.074" />
  <testcase classname="ptolemy.util.test.junit.AutoTests" name="[16] /home/travis/build/icyphy/ptII/ptolemy/actor/lib/hoc/test/auto/CatchUpComposite5.xml (RunModel)" time="0.046" />
  <testcase classname="ptolemy.util.test.junit.AutoTests" name="[17] /home/travis/build/icyphy/ptII/ptolemy/actor/lib/hoc/test/auto/CatchUpComposite6.xml (RunModel)" time="0.172" />
  <testcase classname="ptolemy.util.test.junit.AutoTests" name="[18] /home/travis/build/icyphy/ptII/ptolemy/actor/lib/hoc/test/auto/CatchUpComposite7.xml (RunModel)" time="0.105" />
  <testcase classname="ptolemy.util.test.junit.AutoTests" name="[19] /home/travis/build/icyphy/ptII/ptolemy/actor/lib/hoc/test/auto/ConcurrentExecutionTimeSDF.xml (RunModel)" time="1.464" />
  <testcase classname="ptolemy.util.test.junit.AutoTests" name="[20] /home/travis/build/icyphy/ptII/ptolemy/actor/lib/hoc/test/auto/ConcurrentSleep.xml (RunModel)" time="0.776" />
  <testcase classname="ptolemy.util.test.junit.AutoTests" name="[21] /home/travis/build/icyphy/ptII/ptolemy/actor/lib/hoc/test/auto/DEInPNInRunCompositeActor.xml (RunModel)" time="0.043" />
  <testcase classname="ptolemy.util.test.junit.AutoTests" name="[22] /home/travis/build/icyphy/ptII/ptolemy/actor/lib/hoc/test/auto/DFTSubSetTest.xml (RunModel)" time="0.266" />
  <testcase classname="ptolemy.util.test.junit.AutoTests" name="[23] /home/travis/build/icyphy/ptII/ptolemy/actor/lib/hoc/test/auto/HocDE.xml (RunModel)" time="0.208" />
  <testcase classname="ptolemy.util.test.junit.AutoTests" name="[24] /home/travis/build/icyphy/ptII/ptolemy/actor/lib/hoc/test/auto/IterateOverArray.xml (RunModel)" time="0.027" />
  <testcase classname="ptolemy.util.test.junit.AutoTests" name="[25] /home/travis/build/icyphy/ptII/ptolemy/actor/lib/hoc/test/auto/IterateOverArray10.xml (RunModel)" time="0.024" />
  <testcase classname="ptolemy.util.test.junit.AutoTests" name="[26] /home/travis/build/icyphy/ptII/ptolemy/actor/lib/hoc/test/auto/IterateOverArray11.xml (RunModel)" time="0.019" />
  <testcase classname="ptolemy.util.test.junit.AutoTests" name="[27] /home/travis/build/icyphy/ptII/ptolemy/actor/lib/hoc/test/auto/IterateOverArray12.xml (RunModel)" time="0.032" />
  <testcase classname="ptolemy.util.test.junit.AutoTests" name="[28] /home/travis/build/icyphy/ptII/ptolemy/actor/lib/hoc/test/auto/IterateOverArray13.xml (RunModel)" time="0.132" />
  <testcase classname="ptolemy.util.test.junit.AutoTests" name="[29] /home/travis/build/icyphy/ptII/ptolemy/actor/lib/hoc/test/auto/IterateOverArray14.xml (RunModel)" time="0.152" />
  <testcase classname="ptolemy.util.test.junit.AutoTests" name="[30] /home/travis/build/icyphy/ptII/ptolemy/actor/lib/hoc/test/auto/IterateOverArray2.xml (RunModel)" time="0.033" />
  <testcase classname="ptolemy.util.test.junit.AutoTests" name="[31] /home/travis/build/icyphy/ptII/ptolemy/actor/lib/hoc/test/auto/IterateOverArray3.xml (RunModel)" time="0.055" />
  <testcase classname="ptolemy.util.test.junit.AutoTests" name="[32] /home/travis/build/icyphy/ptII/ptolemy/actor/lib/hoc/test/auto/IterateOverArray4.xml (RunModel)" time="0.021" />
  <testcase classname="ptolemy.util.test.junit.AutoTests" name="[33] /home/travis/build/icyphy/ptII/ptolemy/actor/lib/hoc/test/auto/IterateOverArray5.xml (RunModel)" time="0.019" />
  <testcase classname="ptolemy.util.test.junit.AutoTests" name="[34] /home/travis/build/icyphy/ptII/ptolemy/actor/lib/hoc/test/auto/IterateOverArray6.xml (RunModel)" time="0.014" />
  <testcase classname="ptolemy.util.test.junit.AutoTests" name="[35] /home/travis/build/icyphy/ptII/ptolemy/actor/lib/hoc/test/auto/IterateOverArray7.xml (RunModel)" time="0.025" />
  <testcase classname="ptolemy.util.test.junit.AutoTests" name="[36] /home/travis/build/icyphy/ptII/ptolemy/actor/lib/hoc/test/auto/IterateOverArray8.xml (RunModel)" time="0.019" />
  <testcase classname="ptolemy.util.test.junit.AutoTests" name="[37] /home/travis/build/icyphy/ptII/ptolemy/actor/lib/hoc/test/auto/IterateOverArray9.xml (RunModel)" time="0.023" />
  <testcase classname="ptolemy.util.test.junit.AutoTests" name="[38] /home/travis/build/icyphy/ptII/ptolemy/actor/lib/hoc/test/auto/IterateOverArrayCoercedOutputType.xml (RunModel)" time="0.028" />
  <testcase classname="ptolemy.util.test.junit.AutoTests" name="[39] /home/travis/build/icyphy/ptII/ptolemy/actor/lib/hoc/test/auto/IterateOverArrayInferredOutputType.xml (RunModel)" time="0.017" />
  <testcase classname="ptolemy.util.test.junit.AutoTests" name="[40] /home/travis/build/icyphy/ptII/ptolemy/actor/lib/hoc/test/auto/MobileFunctionTest.xml (RunModel)" time="0.017" />
  <testcase classname="ptolemy.util.test.junit.AutoTests" name="[41] /home/travis/build/icyphy/ptII/ptolemy/actor/lib/hoc/test/auto/MobileModelTest.xml (RunModel)" time="0.167" />
  <testcase classname="ptolemy.util.test.junit.AutoTests" name="[42] /home/travis/build/icyphy/ptII/ptolemy/actor/lib/hoc/test/auto/ModelReference.xml (RunModel)" time="0.05" />
  <testcase classname="ptolemy.util.test.junit.AutoTests" name="[43] /home/travis/build/icyphy/ptII/ptolemy/actor/lib/hoc/test/auto/ModelReference3.xml (RunModel)" time="0.044" />
  <testcase classname="ptolemy.util.test.junit.AutoTests" name="[44] /home/travis/build/icyphy/ptII/ptolemy/actor/lib/hoc/test/auto/ModelReference4.xml (RunModel)" time="10.035" />
  <testcase classname="ptolemy.util.test.junit.AutoTests" name="[45] /home/travis/build/icyphy/ptII/ptolemy/actor/lib/hoc/test/auto/MultiInstanceComposite.xml (RunModel)" time="0.062" />
  <testcase classname="ptolemy.util.test.junit.AutoTests" name="[46] /home/travis/build/icyphy/ptII/ptolemy/actor/lib/hoc/test/auto/MultiInstanceComposite2.xml (RunModel)" time="0.053" />
  <testcase classname="ptolemy.util.test.junit.AutoTests" name="[47] /home/travis/build/icyphy/ptII/ptolemy/actor/lib/hoc/test/auto/MulticoreExecution.xml (RunModel)" time="1.086" />
  <testcase classname="ptolemy.util.test.junit.AutoTests" name="[48] /home/travis/build/icyphy/ptII/ptolemy/actor/lib/hoc/test/auto/ParallelExecution.xml (RunModel)" time="0.957" />
  <testcase classname="ptolemy.util.test.junit.AutoTests" name="[49] /home/travis/build/icyphy/ptII/ptolemy/actor/lib/hoc/test/auto/RunCompositeActor.xml (RunModel)" time="0.022" />
  <testcase classname="ptolemy.util.test.junit.AutoTests" name="[50] /home/travis/build/icyphy/ptII/ptolemy/actor/lib/hoc/test/auto/RunCompositeActor2.xml (RunModel)" time="0.023" />
  <testcase classname="ptolemy.util.test.junit.AutoTests" name="[51] /home/travis/build/icyphy/ptII/ptolemy/actor/lib/hoc/test/auto/RunCompositeActor3.xml (RunModel)" time="0.019" />
  <testcase classname="ptolemy.util.test.junit.AutoTests" name="[52] /home/travis/build/icyphy/ptII/ptolemy/actor/lib/hoc/test/auto/RunCompositeActor4.xml (RunModel)" time="0.025" />
  <testcase classname="ptolemy.util.test.junit.AutoTests" name="[53] /home/travis/build/icyphy/ptII/ptolemy/actor/lib/hoc/test/auto/RunCompositeIterateOverArray.xml (RunModel)" time="0.048" />
  <testcase classname="ptolemy.util.test.junit.AutoTests" name="[54] /home/travis/build/icyphy/ptII/ptolemy/actor/lib/hoc/test/auto/ThreadedJS.xml (RunModel)" time="12.528" />
  <system-out><![CDATA[/home/travis/build/icyphy/ptII/ptolemy/actor/lib/hoc/test/IterateOverArray.tcl
testDefs.tcl: setting time out to 9000 seconds at Mon Jul 01 04:46:16 UTC 2019
07/01/19 04:46:16
Failed: 0  Total Tests: 2  ((Passed: 2, Newly Passed: 0)  Known Failed: 0) /home/travis/build/icyphy/ptII/ptolemy/actor/lib/hoc/test
----------------- testing (KnownFailure) /home/travis/build/icyphy/ptII/ptolemy/actor/lib/hoc/test/auto/knownFailedTests/PreinitializeMustBeInvokedRunComposite.xml
155 ms. Memory: 120832K Free: 108051K (89%)
Known Failure: java.lang.reflect.InvocationTargetException
No auto/linux-amd64/*.xml tests in /home/travis/build/icyphy/ptII/ptolemy/actor/lib/hoc/test
AutoTests.java: About to close Vertx.
AutoTests.java: Vertx closed.

===========================================================================================
----------------- testing Mon Jul 01 04:46:17 UTC 2019 /home/travis/build/icyphy/ptII/ptolemy/actor/lib/hoc/test/auto/AllToAllMultiInstanceComposite.xml
----------------- Instantiating /home/travis/build/icyphy/ptII/ptolemy/actor/lib/hoc/test/auto/AllToAllMultiInstanceComposite.xml
201 ms. Memory: 171008K Free: 134531K (79%)
----------------- Invoking toplevel() on ptolemy.moml.MoMLSimpleApplication@25255b0
----------------- Done invoking toplevel() on ptolemy.moml.MoMLSimpleApplication@25255b0
reloadAllAccessors: .AllToAllMultiInstanceComposite

===========================================================================================
----------------- testing Mon Jul 01 04:46:17 UTC 2019 /home/travis/build/icyphy/ptII/ptolemy/actor/lib/hoc/test/auto/ApplyFFTTest.xml
----------------- Instantiating /home/travis/build/icyphy/ptII/ptolemy/actor/lib/hoc/test/auto/ApplyFFTTest.xml
152 ms. Memory: 171008K Free: 140960K (82%)
----------------- Invoking toplevel() on ptolemy.moml.MoMLSimpleApplication@396310aa
----------------- Done invoking toplevel() on ptolemy.moml.MoMLSimpleApplication@396310aa
reloadAllAccessors: .ApplyFFTTest

===========================================================================================
----------------- testing Mon Jul 01 04:46:18 UTC 2019 /home/travis/build/icyphy/ptII/ptolemy/actor/lib/hoc/test/auto/ApplyFunction.xml
----------------- Instantiating /home/travis/build/icyphy/ptII/ptolemy/actor/lib/hoc/test/auto/ApplyFunction.xml
5 ms. Memory: 171008K Free: 137570K (80%)
----------------- Invoking toplevel() on ptolemy.moml.MoMLSimpleApplication@697eae47
----------------- Done invoking toplevel() on ptolemy.moml.MoMLSimpleApplication@697eae47
reloadAllAccessors: .ApplyFunction

===========================================================================================
----------------- testing Mon Jul 01 04:46:18 UTC 2019 /home/travis/build/icyphy/ptII/ptolemy/actor/lib/hoc/test/auto/BackgroundExecution.xml
----------------- Instantiating /home/travis/build/icyphy/ptII/ptolemy/actor/lib/hoc/test/auto/BackgroundExecution.xml
635 ms. Memory: 171008K Free: 130378K (76%)
----------------- Invoking toplevel() on ptolemy.moml.MoMLSimpleApplication@62e8f51e
----------------- Done invoking toplevel() on ptolemy.moml.MoMLSimpleApplication@62e8f51e
reloadAllAccessors: .BackgroundExecution

===========================================================================================
----------------- testing Mon Jul 01 04:46:19 UTC 2019 /home/travis/build/icyphy/ptII/ptolemy/actor/lib/hoc/test/auto/Case.xml
----------------- Instantiating /home/travis/build/icyphy/ptII/ptolemy/actor/lib/hoc/test/auto/Case.xml
33 ms. Memory: 171008K Free: 123240K (72%)
----------------- Invoking toplevel() on ptolemy.moml.MoMLSimpleApplication@1526b2eb
----------------- Done invoking toplevel() on ptolemy.moml.MoMLSimpleApplication@1526b2eb
reloadAllAccessors: .Case

===========================================================================================
----------------- testing Mon Jul 01 04:46:19 UTC 2019 /home/travis/build/icyphy/ptII/ptolemy/actor/lib/hoc/test/auto/Case1.xml
----------------- Instantiating /home/travis/build/icyphy/ptII/ptolemy/actor/lib/hoc/test/auto/Case1.xml
22 ms. Memory: 171008K Free: 117010K (68%)
----------------- Invoking toplevel() on ptolemy.moml.MoMLSimpleApplication@7371b1b6
----------------- Done invoking toplevel() on ptolemy.moml.MoMLSimpleApplication@7371b1b6
reloadAllAccessors: .Case1

===========================================================================================
----------------- testing Mon Jul 01 04:46:19 UTC 2019 /home/travis/build/icyphy/ptII/ptolemy/actor/lib/hoc/test/auto/Case2.xml
----------------- Instantiating /home/travis/build/icyphy/ptII/ptolemy/actor/lib/hoc/test/auto/Case2.xml
52 ms. Memory: 171008K Free: 147215K (86%)
----------------- Invoking toplevel() on ptolemy.moml.MoMLSimpleApplication@e18ab18
----------------- Done invoking toplevel() on ptolemy.moml.MoMLSimpleApplication@e18ab18
reloadAllAccessors: .Case2

===========================================================================================
----------------- testing Mon Jul 01 04:46:19 UTC 2019 /home/travis/build/icyphy/ptII/ptolemy/actor/lib/hoc/test/auto/Case3.xml
----------------- Instantiating /home/travis/build/icyphy/ptII/ptolemy/actor/lib/hoc/test/auto/Case3.xml
18 ms. Memory: 171008K Free: 141524K (83%)
----------------- Invoking toplevel() on ptolemy.moml.MoMLSimpleApplication@2e9dc6d7
----------------- Done invoking toplevel() on ptolemy.moml.MoMLSimpleApplication@2e9dc6d7
reloadAllAccessors: .Case3

===========================================================================================
----------------- testing Mon Jul 01 04:46:19 UTC 2019 /home/travis/build/icyphy/ptII/ptolemy/actor/lib/hoc/test/auto/Case4.xml
----------------- Instantiating /home/travis/build/icyphy/ptII/ptolemy/actor/lib/hoc/test/auto/Case4.xml
21 ms. Memory: 171008K Free: 133889K (78%)
----------------- Invoking toplevel() on ptolemy.moml.MoMLSimpleApplication@53622147
----------------- Done invoking toplevel() on ptolemy.moml.MoMLSimpleApplication@53622147
reloadAllAccessors: .Case4

===========================================================================================
----------------- testing Mon Jul 01 04:46:19 UTC 2019 /home/travis/build/icyphy/ptII/ptolemy/actor/lib/hoc/test/auto/Case5.xml
----------------- Instantiating /home/travis/build/icyphy/ptII/ptolemy/actor/lib/hoc/test/auto/Case5.xml
47 ms. Memory: 171008K Free: 127239K (74%)
----------------- Invoking toplevel() on ptolemy.moml.MoMLSimpleApplication@3c3f908c
----------------- Done invoking toplevel() on ptolemy.moml.MoMLSimpleApplication@3c3f908c
reloadAllAccessors: .junk

===========================================================================================
----------------- testing Mon Jul 01 04:46:19 UTC 2019 /home/travis/build/icyphy/ptII/ptolemy/actor/lib/hoc/test/auto/Case6.xml
----------------- Instantiating /home/travis/build/icyphy/ptII/ptolemy/actor/lib/hoc/test/auto/Case6.xml
47 ms. Memory: 171008K Free: 115924K (68%)
----------------- Invoking toplevel() on ptolemy.moml.MoMLSimpleApplication@7973a73d
----------------- Done invoking toplevel() on ptolemy.moml.MoMLSimpleApplication@7973a73d
reloadAllAccessors: .Case6

===========================================================================================
----------------- testing Mon Jul 01 04:46:19 UTC 2019 /home/travis/build/icyphy/ptII/ptolemy/actor/lib/hoc/test/auto/CaseString2.xml
----------------- Instantiating /home/travis/build/icyphy/ptII/ptolemy/actor/lib/hoc/test/auto/CaseString2.xml
24 ms. Memory: 171008K Free: 108281K (63%)
----------------- Invoking toplevel() on ptolemy.moml.MoMLSimpleApplication@1d48fcbe
----------------- Done invoking toplevel() on ptolemy.moml.MoMLSimpleApplication@1d48fcbe
reloadAllAccessors: .CaseString2

===========================================================================================
----------------- testing Mon Jul 01 04:46:19 UTC 2019 /home/travis/build/icyphy/ptII/ptolemy/actor/lib/hoc/test/auto/CatchUpComposite1.xml
----------------- Instantiating /home/travis/build/icyphy/ptII/ptolemy/actor/lib/hoc/test/auto/CatchUpComposite1.xml
26 ms. Memory: 171008K Free: 98637K (58%)
----------------- Invoking toplevel() on ptolemy.moml.MoMLSimpleApplication@5d32c484
----------------- Done invoking toplevel() on ptolemy.moml.MoMLSimpleApplication@5d32c484
reloadAllAccessors: .CatchUpComposite1

===========================================================================================
----------------- testing Mon Jul 01 04:46:19 UTC 2019 /home/travis/build/icyphy/ptII/ptolemy/actor/lib/hoc/test/auto/CatchUpComposite2.xml
----------------- Instantiating /home/travis/build/icyphy/ptII/ptolemy/actor/lib/hoc/test/auto/CatchUpComposite2.xml
11 ms. Memory: 171008K Free: 90895K (53%)
----------------- Invoking toplevel() on ptolemy.moml.MoMLSimpleApplication@5b0b711b
----------------- Done invoking toplevel() on ptolemy.moml.MoMLSimpleApplication@5b0b711b
reloadAllAccessors: .CatchUpComposite2

===========================================================================================
----------------- testing Mon Jul 01 04:46:19 UTC 2019 /home/travis/build/icyphy/ptII/ptolemy/actor/lib/hoc/test/auto/CatchUpComposite3.xml
----------------- Instantiating /home/travis/build/icyphy/ptII/ptolemy/actor/lib/hoc/test/auto/CatchUpComposite3.xml
21 ms. Memory: 171008K Free: 149664K (88%)
----------------- Invoking toplevel() on ptolemy.moml.MoMLSimpleApplication@3144bbbe
----------------- Done invoking toplevel() on ptolemy.moml.MoMLSimpleApplication@3144bbbe
reloadAllAccessors: .CatchUpComposite3

===========================================================================================
----------------- testing Mon Jul 01 04:46:19 UTC 2019 /home/travis/build/icyphy/ptII/ptolemy/actor/lib/hoc/test/auto/CatchUpComposite4.xml
----------------- Instantiating /home/travis/build/icyphy/ptII/ptolemy/actor/lib/hoc/test/auto/CatchUpComposite4.xml
28 ms. Memory: 171008K Free: 141472K (83%)
----------------- Invoking toplevel() on ptolemy.moml.MoMLSimpleApplication@64f62dc6
----------------- Done invoking toplevel() on ptolemy.moml.MoMLSimpleApplication@64f62dc6
reloadAllAccessors: .CatchUpComposite4

===========================================================================================
----------------- testing Mon Jul 01 04:46:20 UTC 2019 /home/travis/build/icyphy/ptII/ptolemy/actor/lib/hoc/test/auto/CatchUpComposite5.xml
----------------- Instantiating /home/travis/build/icyphy/ptII/ptolemy/actor/lib/hoc/test/auto/CatchUpComposite5.xml
13 ms. Memory: 171008K Free: 133790K (78%)
----------------- Invoking toplevel() on ptolemy.moml.MoMLSimpleApplication@69d0ff7
----------------- Done invoking toplevel() on ptolemy.moml.MoMLSimpleApplication@69d0ff7
reloadAllAccessors: .CatchUpComposite5

===========================================================================================
----------------- testing Mon Jul 01 04:46:20 UTC 2019 /home/travis/build/icyphy/ptII/ptolemy/actor/lib/hoc/test/auto/CatchUpComposite6.xml
----------------- Instantiating /home/travis/build/icyphy/ptII/ptolemy/actor/lib/hoc/test/auto/CatchUpComposite6.xml
WARNING: The execution aspects in this model can influence the timing of actors by delaying the 
execution, potentially changing the behavior. There is no guarantee that actors fire at the 
time they request to be fired. 
Use Ptides for deterministic DE behavior that is not influenced by execution aspects. 

80 ms. Memory: 171008K Free: 118944K (70%)
----------------- Invoking toplevel() on ptolemy.moml.MoMLSimpleApplication@73a3b770
----------------- Done invoking toplevel() on ptolemy.moml.MoMLSimpleApplication@73a3b770
reloadAllAccessors: .CatchUpComposite6

===========================================================================================
----------------- testing Mon Jul 01 04:46:20 UTC 2019 /home/travis/build/icyphy/ptII/ptolemy/actor/lib/hoc/test/auto/CatchUpComposite7.xml
----------------- Instantiating /home/travis/build/icyphy/ptII/ptolemy/actor/lib/hoc/test/auto/CatchUpComposite7.xml
WARNING: The execution aspects in this model can influence the timing of actors by delaying the 
execution, potentially changing the behavior. There is no guarantee that actors fire at the 
time they request to be fired. 
Use Ptides for deterministic DE behavior that is not influenced by execution aspects. 

42 ms. Memory: 171008K Free: 105118K (61%)
----------------- Invoking toplevel() on ptolemy.moml.MoMLSimpleApplication@5d9caf1c
----------------- Done invoking toplevel() on ptolemy.moml.MoMLSimpleApplication@5d9caf1c
reloadAllAccessors: .CatchUpComposite7

===========================================================================================
----------------- testing Mon Jul 01 04:46:20 UTC 2019 /home/travis/build/icyphy/ptII/ptolemy/actor/lib/hoc/test/auto/ConcurrentExecutionTimeSDF.xml
----------------- Instantiating /home/travis/build/icyphy/ptII/ptolemy/actor/lib/hoc/test/auto/ConcurrentExecutionTimeSDF.xml
Fired ExecutionTime: 40400000
Fired ExecutionTime: 40400000
Fired ExecutionTime: 40400000
Fired ExecutionTime: 40400000
Fired ExecutionTime: 40400000
Fired ExecutionTime: 40400000
Fired ExecutionTime: 40400000
Fired ExecutionTime: 40400000
Fired ExecutionTime: 40400000
Fired ExecutionTime: 40400000
Fired ExecutionTime: 40400000
Fired ExecutionTime: 40400000
Fired ExecutionTime: 40400000
Fired ExecutionTime: 40400000
Fired ExecutionTime: 40400000
Fired ExecutionTime: 40400000
Fired ExecutionTime: 40400000
Fired ExecutionTime: 40400000
Fired ExecutionTime: 40400000
Fired ExecutionTime: 40400000
1439 ms. Memory: 171008K Free: 97950K (57%)
----------------- Invoking toplevel() on ptolemy.moml.MoMLSimpleApplication@232f29f2
----------------- Done invoking toplevel() on ptolemy.moml.MoMLSimpleApplication@232f29f2
reloadAllAccessors: .ConcurrentExecutionTimeSDF

===========================================================================================
----------------- testing Mon Jul 01 04:46:21 UTC 2019 /home/travis/build/icyphy/ptII/ptolemy/actor/lib/hoc/test/auto/ConcurrentSleep.xml
----------------- Instantiating /home/travis/build/icyphy/ptII/ptolemy/actor/lib/hoc/test/auto/ConcurrentSleep.xml
734 ms. Memory: 171008K Free: 86176K (50%)
----------------- Invoking toplevel() on ptolemy.moml.MoMLSimpleApplication@b5e1470
----------------- Done invoking toplevel() on ptolemy.moml.MoMLSimpleApplication@b5e1470
reloadAllAccessors: .ConcurrentSleep

===========================================================================================
----------------- testing Mon Jul 01 04:46:22 UTC 2019 /home/travis/build/icyphy/ptII/ptolemy/actor/lib/hoc/test/auto/DEInPNInRunCompositeActor.xml
----------------- Instantiating /home/travis/build/icyphy/ptII/ptolemy/actor/lib/hoc/test/auto/DEInPNInRunCompositeActor.xml
19 ms. Memory: 171008K Free: 80032K (47%)
----------------- Invoking toplevel() on ptolemy.moml.MoMLSimpleApplication@3301c94c
----------------- Done invoking toplevel() on ptolemy.moml.MoMLSimpleApplication@3301c94c
reloadAllAccessors: .DEInPNInRunCompositeActor

===========================================================================================
----------------- testing Mon Jul 01 04:46:22 UTC 2019 /home/travis/build/icyphy/ptII/ptolemy/actor/lib/hoc/test/auto/DFTSubSetTest.xml
----------------- Instantiating /home/travis/build/icyphy/ptII/ptolemy/actor/lib/hoc/test/auto/DFTSubSetTest.xml
157 ms. Memory: 232448K Free: 189827K (82%)
----------------- Invoking toplevel() on ptolemy.moml.MoMLSimpleApplication@6548f1ad
----------------- Done invoking toplevel() on ptolemy.moml.MoMLSimpleApplication@6548f1ad
reloadAllAccessors: .DFTSubSetTest

===========================================================================================
----------------- testing Mon Jul 01 04:46:22 UTC 2019 /home/travis/build/icyphy/ptII/ptolemy/actor/lib/hoc/test/auto/HocDE.xml
----------------- Instantiating /home/travis/build/icyphy/ptII/ptolemy/actor/lib/hoc/test/auto/HocDE.xml
165 ms. Memory: 232448K Free: 164227K (71%)
----------------- Invoking toplevel() on ptolemy.moml.MoMLSimpleApplication@62888c0e
----------------- Done invoking toplevel() on ptolemy.moml.MoMLSimpleApplication@62888c0e
reloadAllAccessors: .HocDE

===========================================================================================
----------------- testing Mon Jul 01 04:46:23 UTC 2019 /home/travis/build/icyphy/ptII/ptolemy/actor/lib/hoc/test/auto/IterateOverArray.xml
----------------- Instantiating /home/travis/build/icyphy/ptII/ptolemy/actor/lib/hoc/test/auto/IterateOverArray.xml
9 ms. Memory: 232448K Free: 160131K (69%)
----------------- Invoking toplevel() on ptolemy.moml.MoMLSimpleApplication@8f736bf
----------------- Done invoking toplevel() on ptolemy.moml.MoMLSimpleApplication@8f736bf
reloadAllAccessors: .IterateOverArray

===========================================================================================
----------------- testing Mon Jul 01 04:46:23 UTC 2019 /home/travis/build/icyphy/ptII/ptolemy/actor/lib/hoc/test/auto/IterateOverArray10.xml
----------------- Instantiating /home/travis/build/icyphy/ptII/ptolemy/actor/lib/hoc/test/auto/IterateOverArray10.xml
3 ms. Memory: 232448K Free: 156549K (67%)
----------------- Invoking toplevel() on ptolemy.moml.MoMLSimpleApplication@2701020f
----------------- Done invoking toplevel() on ptolemy.moml.MoMLSimpleApplication@2701020f
reloadAllAccessors: .IterateOverArray10

===========================================================================================
----------------- testing Mon Jul 01 04:46:23 UTC 2019 /home/travis/build/icyphy/ptII/ptolemy/actor/lib/hoc/test/auto/IterateOverArray11.xml
----------------- Instantiating /home/travis/build/icyphy/ptII/ptolemy/actor/lib/hoc/test/auto/IterateOverArray11.xml
3 ms. Memory: 232448K Free: 152453K (66%)
----------------- Invoking toplevel() on ptolemy.moml.MoMLSimpleApplication@284fcbe1
----------------- Done invoking toplevel() on ptolemy.moml.MoMLSimpleApplication@284fcbe1
reloadAllAccessors: .IterateOverArray11

===========================================================================================
----------------- testing Mon Jul 01 04:46:23 UTC 2019 /home/travis/build/icyphy/ptII/ptolemy/actor/lib/hoc/test/auto/IterateOverArray12.xml
----------------- Instantiating /home/travis/build/icyphy/ptII/ptolemy/actor/lib/hoc/test/auto/IterateOverArray12.xml
18 ms. Memory: 232448K Free: 146309K (63%)
----------------- Invoking toplevel() on ptolemy.moml.MoMLSimpleApplication@311d924a
----------------- Done invoking toplevel() on ptolemy.moml.MoMLSimpleApplication@311d924a
reloadAllAccessors: .IterateOverArray12

===========================================================================================
----------------- testing Mon Jul 01 04:46:23 UTC 2019 /home/travis/build/icyphy/ptII/ptolemy/actor/lib/hoc/test/auto/IterateOverArray13.xml
----------------- Instantiating /home/travis/build/icyphy/ptII/ptolemy/actor/lib/hoc/test/auto/IterateOverArray13.xml
58 ms. Memory: 232448K Free: 120709K (52%)
----------------- Invoking toplevel() on ptolemy.moml.MoMLSimpleApplication@3f895369
----------------- Done invoking toplevel() on ptolemy.moml.MoMLSimpleApplication@3f895369
reloadAllAccessors: .IterateOverArray13

===========================================================================================
----------------- testing Mon Jul 01 04:46:23 UTC 2019 /home/travis/build/icyphy/ptII/ptolemy/actor/lib/hoc/test/auto/IterateOverArray14.xml
----------------- Instantiating /home/travis/build/icyphy/ptII/ptolemy/actor/lib/hoc/test/auto/IterateOverArray14.xml
73 ms. Memory: 232448K Free: 87941K (38%)
----------------- Invoking toplevel() on ptolemy.moml.MoMLSimpleApplication@5a7d96b5
----------------- Done invoking toplevel() on ptolemy.moml.MoMLSimpleApplication@5a7d96b5
reloadAllAccessors: .IterateOverArray14

===========================================================================================
----------------- testing Mon Jul 01 04:46:23 UTC 2019 /home/travis/build/icyphy/ptII/ptolemy/actor/lib/hoc/test/auto/IterateOverArray2.xml
----------------- Instantiating /home/travis/build/icyphy/ptII/ptolemy/actor/lib/hoc/test/auto/IterateOverArray2.xml
9 ms. Memory: 232448K Free: 83331K (36%)
----------------- Invoking toplevel() on ptolemy.moml.MoMLSimpleApplication@7019cab9
----------------- Done invoking toplevel() on ptolemy.moml.MoMLSimpleApplication@7019cab9
reloadAllAccessors: .IterateOverArray2

===========================================================================================
----------------- testing Mon Jul 01 04:46:23 UTC 2019 /home/travis/build/icyphy/ptII/ptolemy/actor/lib/hoc/test/auto/IterateOverArray3.xml
----------------- Instantiating /home/travis/build/icyphy/ptII/ptolemy/actor/lib/hoc/test/auto/IterateOverArray3.xml
17 ms. Memory: 232448K Free: 213379K (92%)
----------------- Invoking toplevel() on ptolemy.moml.MoMLSimpleApplication@cf0d0f8
----------------- Done invoking toplevel() on ptolemy.moml.MoMLSimpleApplication@cf0d0f8
reloadAllAccessors: .IterateOverArray3

===========================================================================================
----------------- testing Mon Jul 01 04:46:23 UTC 2019 /home/travis/build/icyphy/ptII/ptolemy/actor/lib/hoc/test/auto/IterateOverArray4.xml
----------------- Instantiating /home/travis/build/icyphy/ptII/ptolemy/actor/lib/hoc/test/auto/IterateOverArray4.xml
4 ms. Memory: 232448K Free: 209283K (90%)
----------------- Invoking toplevel() on ptolemy.moml.MoMLSimpleApplication@4ebc5c24
----------------- Done invoking toplevel() on ptolemy.moml.MoMLSimpleApplication@4ebc5c24
reloadAllAccessors: .IterateOverArray4

===========================================================================================
----------------- testing Mon Jul 01 04:46:23 UTC 2019 /home/travis/build/icyphy/ptII/ptolemy/actor/lib/hoc/test/auto/IterateOverArray5.xml
----------------- Instantiating /home/travis/build/icyphy/ptII/ptolemy/actor/lib/hoc/test/auto/IterateOverArray5.xml
3 ms. Memory: 232448K Free: 205187K (88%)
----------------- Invoking toplevel() on ptolemy.moml.MoMLSimpleApplication@d1ef97c
----------------- Done invoking toplevel() on ptolemy.moml.MoMLSimpleApplication@d1ef97c
reloadAllAccessors: .IterateOverArray5

===========================================================================================
----------------- testing Mon Jul 01 04:46:23 UTC 2019 /home/travis/build/icyphy/ptII/ptolemy/actor/lib/hoc/test/auto/IterateOverArray6.xml
----------------- Instantiating /home/travis/build/icyphy/ptII/ptolemy/actor/lib/hoc/test/auto/IterateOverArray6.xml
4 ms. Memory: 232448K Free: 201605K (87%)
----------------- Invoking toplevel() on ptolemy.moml.MoMLSimpleApplication@3208f23b
----------------- Done invoking toplevel() on ptolemy.moml.MoMLSimpleApplication@3208f23b
reloadAllAccessors: .IterateOverArray6

===========================================================================================
----------------- testing Mon Jul 01 04:46:23 UTC 2019 /home/travis/build/icyphy/ptII/ptolemy/actor/lib/hoc/test/auto/IterateOverArray7.xml
----------------- Instantiating /home/travis/build/icyphy/ptII/ptolemy/actor/lib/hoc/test/auto/IterateOverArray7.xml
7 ms. Memory: 232448K Free: 196995K (85%)
----------------- Invoking toplevel() on ptolemy.moml.MoMLSimpleApplication@36b30bff
----------------- Done invoking toplevel() on ptolemy.moml.MoMLSimpleApplication@36b30bff
reloadAllAccessors: .IterateOverArray7

===========================================================================================
----------------- testing Mon Jul 01 04:46:23 UTC 2019 /home/travis/build/icyphy/ptII/ptolemy/actor/lib/hoc/test/auto/IterateOverArray8.xml
----------------- Instantiating /home/travis/build/icyphy/ptII/ptolemy/actor/lib/hoc/test/auto/IterateOverArray8.xml
3 ms. Memory: 232448K Free: 192899K (83%)
----------------- Invoking toplevel() on ptolemy.moml.MoMLSimpleApplication@1bd32142
----------------- Done invoking toplevel() on ptolemy.moml.MoMLSimpleApplication@1bd32142
reloadAllAccessors: .IterateOverArray8

===========================================================================================
----------------- testing Mon Jul 01 04:46:23 UTC 2019 /home/travis/build/icyphy/ptII/ptolemy/actor/lib/hoc/test/auto/IterateOverArray9.xml
----------------- Instantiating /home/travis/build/icyphy/ptII/ptolemy/actor/lib/hoc/test/auto/IterateOverArray9.xml
6 ms. Memory: 232448K Free: 188803K (81%)
----------------- Invoking toplevel() on ptolemy.moml.MoMLSimpleApplication@72d0ce31
----------------- Done invoking toplevel() on ptolemy.moml.MoMLSimpleApplication@72d0ce31
reloadAllAccessors: .IterateOverArray9

===========================================================================================
----------------- testing Mon Jul 01 04:46:23 UTC 2019 /home/travis/build/icyphy/ptII/ptolemy/actor/lib/hoc/test/auto/IterateOverArrayCoercedOutputType.xml
----------------- Instantiating /home/travis/build/icyphy/ptII/ptolemy/actor/lib/hoc/test/auto/IterateOverArrayCoercedOutputType.xml
3 ms. Memory: 232448K Free: 183683K (79%)
----------------- Invoking toplevel() on ptolemy.moml.MoMLSimpleApplication@6f735ffd
----------------- Done invoking toplevel() on ptolemy.moml.MoMLSimpleApplication@6f735ffd
reloadAllAccessors: .IterateOverArrayCoercedOutputType

===========================================================================================
----------------- testing Mon Jul 01 04:46:23 UTC 2019 /home/travis/build/icyphy/ptII/ptolemy/actor/lib/hoc/test/auto/IterateOverArrayInferredOutputType.xml
----------------- Instantiating /home/travis/build/icyphy/ptII/ptolemy/actor/lib/hoc/test/auto/IterateOverArrayInferredOutputType.xml
5 ms. Memory: 232448K Free: 179077K (77%)
----------------- Invoking toplevel() on ptolemy.moml.MoMLSimpleApplication@1fc7a579
----------------- Done invoking toplevel() on ptolemy.moml.MoMLSimpleApplication@1fc7a579
reloadAllAccessors: .IterateOverArrayInferredOutputType

===========================================================================================
----------------- testing Mon Jul 01 04:46:23 UTC 2019 /home/travis/build/icyphy/ptII/ptolemy/actor/lib/hoc/test/auto/MobileFunctionTest.xml
----------------- Instantiating /home/travis/build/icyphy/ptII/ptolemy/actor/lib/hoc/test/auto/MobileFunctionTest.xml
3 ms. Memory: 232448K Free: 174437K (75%)
----------------- Invoking toplevel() on ptolemy.moml.MoMLSimpleApplication@2c38cd3b
----------------- Done invoking toplevel() on ptolemy.moml.MoMLSimpleApplication@2c38cd3b
reloadAllAccessors: .MobileFunctionTest

===========================================================================================
----------------- testing Mon Jul 01 04:46:23 UTC 2019 /home/travis/build/icyphy/ptII/ptolemy/actor/lib/hoc/test/auto/MobileModelTest.xml
----------------- Instantiating /home/travis/build/icyphy/ptII/ptolemy/actor/lib/hoc/test/auto/MobileModelTest.xml
141 ms. Memory: 232448K Free: 153477K (66%)
----------------- Invoking toplevel() on ptolemy.moml.MoMLSimpleApplication@1412f16
----------------- Done invoking toplevel() on ptolemy.moml.MoMLSimpleApplication@1412f16
reloadAllAccessors: .MobileModelTest

===========================================================================================
----------------- testing Mon Jul 01 04:46:24 UTC 2019 /home/travis/build/icyphy/ptII/ptolemy/actor/lib/hoc/test/auto/ModelReference.xml
----------------- Instantiating /home/travis/build/icyphy/ptII/ptolemy/actor/lib/hoc/test/auto/ModelReference.xml
2 ms. Memory: 232448K Free: 146819K (63%)
5 ms. Memory: 232448K Free: 146309K (63%)
2 ms. Memory: 232448K Free: 145285K (63%)
2 ms. Memory: 232448K Free: 144261K (62%)
1 ms. Memory: 232448K Free: 143733K (62%)
1 ms. Memory: 232448K Free: 142723K (61%)
1 ms. Memory: 232448K Free: 142213K (61%)
1 ms. Memory: 232448K Free: 141189K (61%)
2 ms. Memory: 232448K Free: 140165K (60%)
1 ms. Memory: 232448K Free: 139637K (60%)
25 ms. Memory: 232448K Free: 139637K (60%)
----------------- Invoking toplevel() on ptolemy.moml.MoMLSimpleApplication@5ad87362
----------------- Done invoking toplevel() on ptolemy.moml.MoMLSimpleApplication@5ad87362
reloadAllAccessors: .ModelReference

===========================================================================================
----------------- testing Mon Jul 01 04:46:24 UTC 2019 /home/travis/build/icyphy/ptII/ptolemy/actor/lib/hoc/test/auto/ModelReference3.xml
----------------- Instantiating /home/travis/build/icyphy/ptII/ptolemy/actor/lib/hoc/test/auto/ModelReference3.xml
1 ms. Memory: 232448K Free: 135045K (58%)
3 ms. Memory: 232448K Free: 134501K (58%)
2 ms. Memory: 232448K Free: 133507K (57%)
3 ms. Memory: 232448K Free: 132997K (57%)
1 ms. Memory: 232448K Free: 131973K (57%)
2 ms. Memory: 232448K Free: 130949K (56%)
4 ms. Memory: 232448K Free: 130421K (56%)
2 ms. Memory: 232448K Free: 129411K (56%)
2 ms. Memory: 232448K Free: 128901K (55%)
3 ms. Memory: 232448K Free: 127877K (55%)
29 ms. Memory: 232448K Free: 127877K (55%)
----------------- Invoking toplevel() on ptolemy.moml.MoMLSimpleApplication@5e040cb9
----------------- Done invoking toplevel() on ptolemy.moml.MoMLSimpleApplication@5e040cb9
reloadAllAccessors: .ModelReference3

===========================================================================================
----------------- testing Mon Jul 01 04:46:24 UTC 2019 /home/travis/build/icyphy/ptII/ptolemy/actor/lib/hoc/test/auto/ModelReference4.xml
----------------- Instantiating /home/travis/build/icyphy/ptII/ptolemy/actor/lib/hoc/test/auto/ModelReference4.xml
5 ms. Memory: 232448K Free: 122757K (53%)
5 ms. Memory: 232448K Free: 121213K (52%)
2 ms. Memory: 232448K Free: 120181K (52%)
2 ms. Memory: 232448K Free: 119171K (51%)
2 ms. Memory: 232448K Free: 117637K (51%)
3 ms. Memory: 232448K Free: 116613K (50%)
2 ms. Memory: 232448K Free: 115069K (50%)
3 ms. Memory: 232448K Free: 114037K (49%)
2 ms. Memory: 232448K Free: 113021K (49%)
2 ms. Memory: 232448K Free: 111493K (48%)
10018 ms. Memory: 232448K Free: 111493K (48%)
----------------- Invoking toplevel() on ptolemy.moml.MoMLSimpleApplication@5f3fea20
----------------- Done invoking toplevel() on ptolemy.moml.MoMLSimpleApplication@5f3fea20
reloadAllAccessors: .ModelReference4

===========================================================================================
----------------- testing Mon Jul 01 04:46:34 UTC 2019 /home/travis/build/icyphy/ptII/ptolemy/actor/lib/hoc/test/auto/MultiInstanceComposite.xml
----------------- Instantiating /home/travis/build/icyphy/ptII/ptolemy/actor/lib/hoc/test/auto/MultiInstanceComposite.xml
31 ms. Memory: 232448K Free: 92547K (40%)
----------------- Invoking toplevel() on ptolemy.moml.MoMLSimpleApplication@1e801abe
----------------- Done invoking toplevel() on ptolemy.moml.MoMLSimpleApplication@1e801abe
reloadAllAccessors: .MultiInstanceComposite

===========================================================================================
----------------- testing Mon Jul 01 04:46:34 UTC 2019 /home/travis/build/icyphy/ptII/ptolemy/actor/lib/hoc/test/auto/MultiInstanceComposite2.xml
----------------- Instantiating /home/travis/build/icyphy/ptII/ptolemy/actor/lib/hoc/test/auto/MultiInstanceComposite2.xml
36 ms. Memory: 232448K Free: 217124K (93%)
----------------- Invoking toplevel() on ptolemy.moml.MoMLSimpleApplication@5c242988
----------------- Done invoking toplevel() on ptolemy.moml.MoMLSimpleApplication@5c242988
reloadAllAccessors: .MultiInstanceComposite2

===========================================================================================
----------------- testing Mon Jul 01 04:46:34 UTC 2019 /home/travis/build/icyphy/ptII/ptolemy/actor/lib/hoc/test/auto/MulticoreExecution.xml
----------------- Instantiating /home/travis/build/icyphy/ptII/ptolemy/actor/lib/hoc/test/auto/MulticoreExecution.xml
Fired ExecutionTime: 7600000
Fired ExecutionTime: 12800000
Fired ExecutionTime: 5600000
Fired ExecutionTime: 17200000
Fired ExecutionTime: 46800000
Fired ExecutionTime: 44000000
Fired ExecutionTime: 88400000
Fired ExecutionTime: 88800000
Fired ExecutionTime: 87600000
Fired ExecutionTime: 88800000
Fired ExecutionTime: 88400000
Fired ExecutionTime: 88800000
Fired ExecutionTime: 88800000
Fired ExecutionTime: 90000000
Fired ExecutionTime: 92400000
Fired ExecutionTime: 50400000
Fired ExecutionTime: 51200000
Fired ExecutionTime: 54800000
Fired ExecutionTime: 46800000
Fired ExecutionTime: 81600000
1065 ms. Memory: 232448K Free: 207691K (89%)
----------------- Invoking toplevel() on ptolemy.moml.MoMLSimpleApplication@8cf62a4
----------------- Done invoking toplevel() on ptolemy.moml.MoMLSimpleApplication@8cf62a4
reloadAllAccessors: .MulticoreExecution

===========================================================================================
----------------- testing Mon Jul 01 04:46:35 UTC 2019 /home/travis/build/icyphy/ptII/ptolemy/actor/lib/hoc/test/auto/ParallelExecution.xml
----------------- Instantiating /home/travis/build/icyphy/ptII/ptolemy/actor/lib/hoc/test/auto/ParallelExecution.xml
918 ms. Memory: 232448K Free: 200013K (86%)
----------------- Invoking toplevel() on ptolemy.moml.MoMLSimpleApplication@327e26ed
----------------- Done invoking toplevel() on ptolemy.moml.MoMLSimpleApplication@327e26ed
reloadAllAccessors: .ParallelExecution

===========================================================================================
----------------- testing Mon Jul 01 04:46:36 UTC 2019 /home/travis/build/icyphy/ptII/ptolemy/actor/lib/hoc/test/auto/RunCompositeActor.xml
----------------- Instantiating /home/travis/build/icyphy/ptII/ptolemy/actor/lib/hoc/test/auto/RunCompositeActor.xml
8 ms. Memory: 232448K Free: 192845K (83%)
----------------- Invoking toplevel() on ptolemy.moml.MoMLSimpleApplication@46e8c298
----------------- Done invoking toplevel() on ptolemy.moml.MoMLSimpleApplication@46e8c298
reloadAllAccessors: .RunCompositeActor

===========================================================================================
----------------- testing Mon Jul 01 04:46:36 UTC 2019 /home/travis/build/icyphy/ptII/ptolemy/actor/lib/hoc/test/auto/RunCompositeActor2.xml
----------------- Instantiating /home/travis/build/icyphy/ptII/ptolemy/actor/lib/hoc/test/auto/RunCompositeActor2.xml
8 ms. Memory: 232448K Free: 186701K (80%)
----------------- Invoking toplevel() on ptolemy.moml.MoMLSimpleApplication@72244273
----------------- Done invoking toplevel() on ptolemy.moml.MoMLSimpleApplication@72244273
reloadAllAccessors: .RunCompositeActor2

===========================================================================================
----------------- testing Mon Jul 01 04:46:36 UTC 2019 /home/travis/build/icyphy/ptII/ptolemy/actor/lib/hoc/test/auto/RunCompositeActor3.xml
----------------- Instantiating /home/travis/build/icyphy/ptII/ptolemy/actor/lib/hoc/test/auto/RunCompositeActor3.xml
4 ms. Memory: 232448K Free: 181581K (78%)
----------------- Invoking toplevel() on ptolemy.moml.MoMLSimpleApplication@1cddef80
----------------- Done invoking toplevel() on ptolemy.moml.MoMLSimpleApplication@1cddef80
reloadAllAccessors: .RunCompositeActor3

===========================================================================================
----------------- testing Mon Jul 01 04:46:36 UTC 2019 /home/travis/build/icyphy/ptII/ptolemy/actor/lib/hoc/test/auto/RunCompositeActor4.xml
----------------- Instantiating /home/travis/build/icyphy/ptII/ptolemy/actor/lib/hoc/test/auto/RunCompositeActor4.xml
12 ms. Memory: 232448K Free: 173389K (75%)
----------------- Invoking toplevel() on ptolemy.moml.MoMLSimpleApplication@7216a68b
----------------- Done invoking toplevel() on ptolemy.moml.MoMLSimpleApplication@7216a68b
reloadAllAccessors: .RunCompositeActor4

===========================================================================================
----------------- testing Mon Jul 01 04:46:36 UTC 2019 /home/travis/build/icyphy/ptII/ptolemy/actor/lib/hoc/test/auto/RunCompositeIterateOverArray.xml
----------------- Instantiating /home/travis/build/icyphy/ptII/ptolemy/actor/lib/hoc/test/auto/RunCompositeIterateOverArray.xml
6 ms. Memory: 232448K Free: 167741K (72%)
----------------- Invoking toplevel() on ptolemy.moml.MoMLSimpleApplication@21151dc9
----------------- Done invoking toplevel() on ptolemy.moml.MoMLSimpleApplication@21151dc9
reloadAllAccessors: .RunCompositeIterateOverArray

===========================================================================================
----------------- testing Mon Jul 01 04:46:36 UTC 2019 /home/travis/build/icyphy/ptII/ptolemy/actor/lib/hoc/test/auto/ThreadedJS.xml
----------------- Instantiating /home/travis/build/icyphy/ptII/ptolemy/actor/lib/hoc/test/auto/ThreadedJS.xml
5557 ms. Memory: 335872K Free: 200213K (60%)
----------------- Invoking toplevel() on ptolemy.moml.MoMLSimpleApplication@75ac7117
----------------- Done invoking toplevel() on ptolemy.moml.MoMLSimpleApplication@75ac7117
reloadAllAccessors: .ThreadedJS
AutoTests.java: About to close Vertx.
AutoTests.java: Vertx closed.
]]></system-out>
  <system-err><![CDATA[java.lang.RuntimeException: Execution failed
	at ptolemy.moml.MoMLSimpleApplication$UnloadThread.run(MoMLSimpleApplication.java:402)
Caused by: ptolemy.kernel.util.IllegalActionException: initialize() was called after wrapup() was called but preinitialize() was not called after wrapup().
	at ptolemy.actor.lib.hoc.test.PreinitializeMustBeInvoked.initialize(PreinitializeMustBeInvoked.java:78)
	at ptolemy.actor.Director.initialize(Director.java:938)
	at ptolemy.actor.Director.initialize(Director.java:907)
	at ptolemy.actor.sched.StaticSchedulingDirector.initialize(StaticSchedulingDirector.java:159)
	at ptolemy.domains.sdf.kernel.SDFDirector.initialize(SDFDirector.java:544)
	at ptolemy.actor.CompositeActor.initialize(CompositeActor.java:935)
	at ptolemy.actor.lib.hoc.LifeCycleManager._executeInsideModel(LifeCycleManager.java:339)
	at ptolemy.actor.lib.hoc.RunCompositeActor.fire(RunCompositeActor.java:205)
	at ptolemy.actor.CompositeActor.iterate(CompositeActor.java:1146)
	at ptolemy.actor.sched.StaticSchedulingDirector.fire(StaticSchedulingDirector.java:216)
	at ptolemy.domains.sdf.kernel.SDFDirector.fire(SDFDirector.java:500)
	at ptolemy.actor.CompositeActor.fire(CompositeActor.java:455)
	at ptolemy.actor.Manager.iterate(Manager.java:851)
	at ptolemy.actor.Manager.execute(Manager.java:369)
	at ptolemy.actor.Manager.run(Manager.java:1263)
	at ptolemy.actor.Manager$PtolemyRunThread.run(Manager.java:1915)
java.lang.reflect.InvocationTargetException
	at java.base/jdk.internal.reflect.NativeConstructorAccessorImpl.newInstance0(Native Method)
	at java.base/jdk.internal.reflect.NativeConstructorAccessorImpl.newInstance(NativeConstructorAccessorImpl.java:62)
	at java.base/jdk.internal.reflect.DelegatingConstructorAccessorImpl.newInstance(DelegatingConstructorAccessorImpl.java:45)
	at java.base/java.lang.reflect.Constructor.newInstance(Constructor.java:490)
	at ptolemy.util.test.junit.AutoKnownFailedTests.RunModel(AutoKnownFailedTests.java:105)
	at java.base/jdk.internal.reflect.NativeMethodAccessorImpl.invoke0(Native Method)
	at java.base/jdk.internal.reflect.NativeMethodAccessorImpl.invoke(NativeMethodAccessorImpl.java:62)
	at java.base/jdk.internal.reflect.DelegatingMethodAccessorImpl.invoke(DelegatingMethodAccessorImpl.java:43)
	at java.base/java.lang.reflect.Method.invoke(Method.java:566)
	at org.junit.runners.model.FrameworkMethod$1.runReflectiveCall(FrameworkMethod.java:44)
	at org.junit.internal.runners.model.ReflectiveCallable.run(ReflectiveCallable.java:15)
	at org.junit.runners.model.FrameworkMethod.invokeExplosively(FrameworkMethod.java:41)
	at junitparams.internal.InvokeParameterisedMethod.evaluate(InvokeParameterisedMethod.java:102)
	at org.junit.internal.runners.statements.FailOnTimeout$1.run(FailOnTimeout.java:28)
Caused by: ptolemy.kernel.util.IllegalActionException: initialize() was called after wrapup() was called but preinitialize() was not called after wrapup().
	at ptolemy.actor.lib.hoc.test.PreinitializeMustBeInvoked.initialize(PreinitializeMustBeInvoked.java:78)
	at ptolemy.actor.Director.initialize(Director.java:938)
	at ptolemy.actor.Director.initialize(Director.java:907)
	at ptolemy.actor.sched.StaticSchedulingDirector.initialize(StaticSchedulingDirector.java:159)
	at ptolemy.domains.sdf.kernel.SDFDirector.initialize(SDFDirector.java:544)
	at ptolemy.actor.CompositeActor.initialize(CompositeActor.java:935)
	at ptolemy.actor.lib.hoc.LifeCycleManager._executeInsideModel(LifeCycleManager.java:339)
	at ptolemy.actor.lib.hoc.RunCompositeActor.fire(RunCompositeActor.java:205)
	at ptolemy.actor.CompositeActor.iterate(CompositeActor.java:1146)
	at ptolemy.actor.sched.StaticSchedulingDirector.fire(StaticSchedulingDirector.java:216)
	at ptolemy.domains.sdf.kernel.SDFDirector.fire(SDFDirector.java:500)
	at ptolemy.actor.CompositeActor.fire(CompositeActor.java:455)
	at ptolemy.actor.Manager.iterate(Manager.java:851)
	at ptolemy.actor.Manager.execute(Manager.java:369)
	at ptolemy.actor.Manager.run(Manager.java:1263)
	at ptolemy.actor.Manager$PtolemyRunThread.run(Manager.java:1915)
Warning: Nashorn engine is planned to be removed from a future JDK release
Warning: Nashorn engine is planned to be removed from a future JDK release
Warning: Nashorn engine is planned to be removed from a future JDK release
Warning: Nashorn engine is planned to be removed from a future JDK release
Warning: Nashorn engine is planned to be removed from a future JDK release
Warning: Nashorn engine is planned to be removed from a future JDK release
Warning: Nashorn engine is planned to be removed from a future JDK release
Warning: Nashorn engine is planned to be removed from a future JDK release
]]></system-err>
</testsuite>
