<?xml version="1.0" encoding="UTF-8" ?>
<testsuite errors="0" failures="0" hostname="travis-job-54dbef18-4326-4530-ae6d-47936d7e634a" name="ptolemy.domains.continuous.test.junit.JUnitTclTest" skipped="0" tests="156" time="86.689" timestamp="2019-06-20T13:20:47">
  <properties>
[...]
</properties>
  <testcase classname="ptolemy.util.test.junit.TclTests" name="[0] ThereAreNoTclTests (RunTclFile)" time="0.011" />
  <testcase classname="ptolemy.util.test.junit.AutoKnownFailedTests" name="[0] ThereAreNoKnowFailedTests (RunModel)" time="0.008" />
  <testcase classname="ptolemy.util.test.junit.AutoNameArchTests" name="[0] ThereAreNoAutoArchTests (RunModel)" time="0.036" />
  <testcase classname="ptolemy.util.test.junit.AutoTests" name="[0] /home/travis/build/icyphy/ptII/ptolemy/domains/continuous/test/auto/BouncingBall.xml (RunModel)" time="3.905" />
  <testcase classname="ptolemy.util.test.junit.AutoTests" name="[1] /home/travis/build/icyphy/ptII/ptolemy/domains/continuous/test/auto/BouncingBallWithoutGR.xml (RunModel)" time="0.88" />
  <testcase classname="ptolemy.util.test.junit.AutoTests" name="[2] /home/travis/build/icyphy/ptII/ptolemy/domains/continuous/test/auto/Brownian.xml (RunModel)" time="0.08" />
  <testcase classname="ptolemy.util.test.junit.AutoTests" name="[3] /home/travis/build/icyphy/ptII/ptolemy/domains/continuous/test/auto/CarTracking.xml (RunModel)" time="4.448" />
  <testcase classname="ptolemy.util.test.junit.AutoTests" name="[4] /home/travis/build/icyphy/ptII/ptolemy/domains/continuous/test/auto/CartPendulum.xml (RunModel)" time="0.699" />
  <testcase classname="ptolemy.util.test.junit.AutoTests" name="[5] /home/travis/build/icyphy/ptII/ptolemy/domains/continuous/test/auto/CausalityInterface10.xml (RunModel)" time="0.096" />
  <testcase classname="ptolemy.util.test.junit.AutoTests" name="[6] /home/travis/build/icyphy/ptII/ptolemy/domains/continuous/test/auto/CausalityInterface11.xml (RunModel)" time="0.033" />
  <testcase classname="ptolemy.util.test.junit.AutoTests" name="[7] /home/travis/build/icyphy/ptII/ptolemy/domains/continuous/test/auto/CausalityInterface12.xml (RunModel)" time="0.047" />
  <testcase classname="ptolemy.util.test.junit.AutoTests" name="[8] /home/travis/build/icyphy/ptII/ptolemy/domains/continuous/test/auto/CausalityInterface13.xml (RunModel)" time="0.049" />
  <testcase classname="ptolemy.util.test.junit.AutoTests" name="[9] /home/travis/build/icyphy/ptII/ptolemy/domains/continuous/test/auto/CausalityInterface14.xml (RunModel)" time="0.026" />
  <testcase classname="ptolemy.util.test.junit.AutoTests" name="[10] /home/travis/build/icyphy/ptII/ptolemy/domains/continuous/test/auto/CausalityInterface4.xml (RunModel)" time="0.043" />
  <testcase classname="ptolemy.util.test.junit.AutoTests" name="[11] /home/travis/build/icyphy/ptII/ptolemy/domains/continuous/test/auto/CausalityInterface5.xml (RunModel)" time="0.059" />
  <testcase classname="ptolemy.util.test.junit.AutoTests" name="[12] /home/travis/build/icyphy/ptII/ptolemy/domains/continuous/test/auto/CausalityInterface6.xml (RunModel)" time="0.035" />
  <testcase classname="ptolemy.util.test.junit.AutoTests" name="[13] /home/travis/build/icyphy/ptII/ptolemy/domains/continuous/test/auto/CausalityInterface7.xml (RunModel)" time="0.054" />
  <testcase classname="ptolemy.util.test.junit.AutoTests" name="[14] /home/travis/build/icyphy/ptII/ptolemy/domains/continuous/test/auto/CausalityInterface8.xml (RunModel)" time="0.055" />
  <testcase classname="ptolemy.util.test.junit.AutoTests" name="[15] /home/travis/build/icyphy/ptII/ptolemy/domains/continuous/test/auto/CausalityInterface9.xml (RunModel)" time="0.064" />
  <testcase classname="ptolemy.util.test.junit.AutoTests" name="[16] /home/travis/build/icyphy/ptII/ptolemy/domains/continuous/test/auto/CausalityInterfaceFeedback1.xml (RunModel)" time="0.036" />
  <testcase classname="ptolemy.util.test.junit.AutoTests" name="[17] /home/travis/build/icyphy/ptII/ptolemy/domains/continuous/test/auto/CausalityInterfaceFeedback2.xml (RunModel)" time="0.036" />
  <testcase classname="ptolemy.util.test.junit.AutoTests" name="[18] /home/travis/build/icyphy/ptII/ptolemy/domains/continuous/test/auto/CompareWithCurrentTime.xml (RunModel)" time="0.026" />
  <testcase classname="ptolemy.util.test.junit.AutoTests" name="[19] /home/travis/build/icyphy/ptII/ptolemy/domains/continuous/test/auto/ComparedClocks.xml (RunModel)" time="0.064" />
  <testcase classname="ptolemy.util.test.junit.AutoTests" name="[20] /home/travis/build/icyphy/ptII/ptolemy/domains/continuous/test/auto/ContinuousAOCClone.xml (RunModel)" time="3.069" />
  <testcase classname="ptolemy.util.test.junit.AutoTests" name="[21] /home/travis/build/icyphy/ptII/ptolemy/domains/continuous/test/auto/ContinuousClock.xml (RunModel)" time="0.139" />
  <testcase classname="ptolemy.util.test.junit.AutoTests" name="[22] /home/travis/build/icyphy/ptII/ptolemy/domains/continuous/test/auto/ContinuousInContinuous.xml (RunModel)" time="0.096" />
  <testcase classname="ptolemy.util.test.junit.AutoTests" name="[23] /home/travis/build/icyphy/ptII/ptolemy/domains/continuous/test/auto/ContinuousInContinuousInContinuous.xml (RunModel)" time="0.027" />
  <testcase classname="ptolemy.util.test.junit.AutoTests" name="[24] /home/travis/build/icyphy/ptII/ptolemy/domains/continuous/test/auto/ContinuousInDE.xml (RunModel)" time="0.137" />
  <testcase classname="ptolemy.util.test.junit.AutoTests" name="[25] /home/travis/build/icyphy/ptII/ptolemy/domains/continuous/test/auto/ContinuousInDE2.xml (RunModel)" time="0.072" />
  <testcase classname="ptolemy.util.test.junit.AutoTests" name="[26] /home/travis/build/icyphy/ptII/ptolemy/domains/continuous/test/auto/ContinuousInDE3.xml (RunModel)" time="0.071" />
  <testcase classname="ptolemy.util.test.junit.AutoTests" name="[27] /home/travis/build/icyphy/ptII/ptolemy/domains/continuous/test/auto/ContinuousInDE4.xml (RunModel)" time="0.038" />
  <testcase classname="ptolemy.util.test.junit.AutoTests" name="[28] /home/travis/build/icyphy/ptII/ptolemy/domains/continuous/test/auto/ContinuousInDEDifferentRefinements.xml (RunModel)" time="0.135" />
  <testcase classname="ptolemy.util.test.junit.AutoTests" name="[29] /home/travis/build/icyphy/ptII/ptolemy/domains/continuous/test/auto/ContinuousInDEDifferentRefinementsPreemptive.xml (RunModel)" time="0.113" />
  <testcase classname="ptolemy.util.test.junit.AutoTests" name="[30] /home/travis/build/icyphy/ptII/ptolemy/domains/continuous/test/auto/ContinuousInDEInContinuous2.xml (RunModel)" time="0.07" />
  <testcase classname="ptolemy.util.test.junit.AutoTests" name="[31] /home/travis/build/icyphy/ptII/ptolemy/domains/continuous/test/auto/ContinuousInDEInContinuous3.xml (RunModel)" time="0.067" />
  <testcase classname="ptolemy.util.test.junit.AutoTests" name="[32] /home/travis/build/icyphy/ptII/ptolemy/domains/continuous/test/auto/ContinuousInDEInput.xml (RunModel)" time="0.052" />
  <testcase classname="ptolemy.util.test.junit.AutoTests" name="[33] /home/travis/build/icyphy/ptII/ptolemy/domains/continuous/test/auto/ContinuousInDEInput2.xml (RunModel)" time="0.035" />
  <testcase classname="ptolemy.util.test.junit.AutoTests" name="[34] /home/travis/build/icyphy/ptII/ptolemy/domains/continuous/test/auto/ContinuousInDEInput3.xml (RunModel)" time="0.036" />
  <testcase classname="ptolemy.util.test.junit.AutoTests" name="[35] /home/travis/build/icyphy/ptII/ptolemy/domains/continuous/test/auto/ContinuousInDESharingRefinement.xml (RunModel)" time="0.195" />
  <testcase classname="ptolemy.util.test.junit.AutoTests" name="[36] /home/travis/build/icyphy/ptII/ptolemy/domains/continuous/test/auto/ContinuousInDEwithNoPorts.xml (RunModel)" time="0.018" />
  <testcase classname="ptolemy.util.test.junit.AutoTests" name="[37] /home/travis/build/icyphy/ptII/ptolemy/domains/continuous/test/auto/ContinuousInsideDE.xml (RunModel)" time="0.096" />
  <testcase classname="ptolemy.util.test.junit.AutoTests" name="[38] /home/travis/build/icyphy/ptII/ptolemy/domains/continuous/test/auto/ContinuousMerge1.xml (RunModel)" time="0.02" />
  <testcase classname="ptolemy.util.test.junit.AutoTests" name="[39] /home/travis/build/icyphy/ptII/ptolemy/domains/continuous/test/auto/ContinuousMerge2.xml (RunModel)" time="0.056" />
  <testcase classname="ptolemy.util.test.junit.AutoTests" name="[40] /home/travis/build/icyphy/ptII/ptolemy/domains/continuous/test/auto/ContinuousMerge3.xml (RunModel)" time="0.109" />
  <testcase classname="ptolemy.util.test.junit.AutoTests" name="[41] /home/travis/build/icyphy/ptII/ptolemy/domains/continuous/test/auto/ContinuousWithinContinuous.xml (RunModel)" time="0.061" />
  <testcase classname="ptolemy.util.test.junit.AutoTests" name="[42] /home/travis/build/icyphy/ptII/ptolemy/domains/continuous/test/auto/ContinuousWithinContinuous2.xml (RunModel)" time="0.097" />
  <testcase classname="ptolemy.util.test.junit.AutoTests" name="[43] /home/travis/build/icyphy/ptII/ptolemy/domains/continuous/test/auto/ContinuousWithinContinuous3.xml (RunModel)" time="0.037" />
  <testcase classname="ptolemy.util.test.junit.AutoTests" name="[44] /home/travis/build/icyphy/ptII/ptolemy/domains/continuous/test/auto/ContinuousWithinContinuous4.xml (RunModel)" time="0.095" />
  <testcase classname="ptolemy.util.test.junit.AutoTests" name="[45] /home/travis/build/icyphy/ptII/ptolemy/domains/continuous/test/auto/ContinuousWithinContinuous5.xml (RunModel)" time="0.041" />
  <testcase classname="ptolemy.util.test.junit.AutoTests" name="[46] /home/travis/build/icyphy/ptII/ptolemy/domains/continuous/test/auto/ContinuousWithinContinuous6.xml (RunModel)" time="0.047" />
  <testcase classname="ptolemy.util.test.junit.AutoTests" name="[47] /home/travis/build/icyphy/ptII/ptolemy/domains/continuous/test/auto/ContinuousWithinContinuous7.xml (RunModel)" time="0.075" />
  <testcase classname="ptolemy.util.test.junit.AutoTests" name="[48] /home/travis/build/icyphy/ptII/ptolemy/domains/continuous/test/auto/DCMotor.xml (RunModel)" time="15.708" />
  <testcase classname="ptolemy.util.test.junit.AutoTests" name="[49] /home/travis/build/icyphy/ptII/ptolemy/domains/continuous/test/auto/DEInContinuous.xml (RunModel)" time="0.064" />
  <testcase classname="ptolemy.util.test.junit.AutoTests" name="[50] /home/travis/build/icyphy/ptII/ptolemy/domains/continuous/test/auto/DEinContinuous2.xml (RunModel)" time="0.037" />
  <testcase classname="ptolemy.util.test.junit.AutoTests" name="[51] /home/travis/build/icyphy/ptII/ptolemy/domains/continuous/test/auto/Derivative.xml (RunModel)" time="0.243" />
  <testcase classname="ptolemy.util.test.junit.AutoTests" name="[52] /home/travis/build/icyphy/ptII/ptolemy/domains/continuous/test/auto/Derivative1.xml (RunModel)" time="0.064" />
  <testcase classname="ptolemy.util.test.junit.AutoTests" name="[53] /home/travis/build/icyphy/ptII/ptolemy/domains/continuous/test/auto/DiscreteClock.xml (RunModel)" time="0.035" />
  <testcase classname="ptolemy.util.test.junit.AutoTests" name="[54] /home/travis/build/icyphy/ptII/ptolemy/domains/continuous/test/auto/EfficiencyCurve.xml (RunModel)" time="0.119" />
  <testcase classname="ptolemy.util.test.junit.AutoTests" name="[55] /home/travis/build/icyphy/ptII/ptolemy/domains/continuous/test/auto/ExponentialResponse.xml (RunModel)" time="0.137" />
  <testcase classname="ptolemy.util.test.junit.AutoTests" name="[56] /home/travis/build/icyphy/ptII/ptolemy/domains/continuous/test/auto/ExponentialResponseRK45.xml (RunModel)" time="0.039" />
  <testcase classname="ptolemy.util.test.junit.AutoTests" name="[57] /home/travis/build/icyphy/ptII/ptolemy/domains/continuous/test/auto/Friction.xml (RunModel)" time="1.882" />
  <testcase classname="ptolemy.util.test.junit.AutoTests" name="[58] /home/travis/build/icyphy/ptII/ptolemy/domains/continuous/test/auto/FurutaPendulum.xml (RunModel)" time="4.057" />
  <testcase classname="ptolemy.util.test.junit.AutoTests" name="[59] /home/travis/build/icyphy/ptII/ptolemy/domains/continuous/test/auto/HierarchicalExecution.xml (RunModel)" time="2.874" />
  <testcase classname="ptolemy.util.test.junit.AutoTests" name="[60] /home/travis/build/icyphy/ptII/ptolemy/domains/continuous/test/auto/HybridPlant.xml (RunModel)" time="0.714" />
  <testcase classname="ptolemy.util.test.junit.AutoTests" name="[61] /home/travis/build/icyphy/ptII/ptolemy/domains/continuous/test/auto/Hysteresis.xml (RunModel)" time="0.223" />
  <testcase classname="ptolemy.util.test.junit.AutoTests" name="[62] /home/travis/build/icyphy/ptII/ptolemy/domains/continuous/test/auto/HysteresisWithRandomDelay.xml (RunModel)" time="0.278" />
  <testcase classname="ptolemy.util.test.junit.AutoTests" name="[63] /home/travis/build/icyphy/ptII/ptolemy/domains/continuous/test/auto/HysteresisWithRandomLosses.xml (RunModel)" time="2.676" />
  <testcase classname="ptolemy.util.test.junit.AutoTests" name="[64] /home/travis/build/icyphy/ptII/ptolemy/domains/continuous/test/auto/ImmediateTransitions.xml (RunModel)" time="0.048" />
  <testcase classname="ptolemy.util.test.junit.AutoTests" name="[65] /home/travis/build/icyphy/ptII/ptolemy/domains/continuous/test/auto/ImpulseFeedback.xml (RunModel)" time="0.027" />
  <testcase classname="ptolemy.util.test.junit.AutoTests" name="[66] /home/travis/build/icyphy/ptII/ptolemy/domains/continuous/test/auto/ImpulseFeedback2.xml (RunModel)" time="0.027" />
  <testcase classname="ptolemy.util.test.junit.AutoTests" name="[67] /home/travis/build/icyphy/ptII/ptolemy/domains/continuous/test/auto/IncreasingRatePoisson.xml (RunModel)" time="0.929" />
  <testcase classname="ptolemy.util.test.junit.AutoTests" name="[68] /home/travis/build/icyphy/ptII/ptolemy/domains/continuous/test/auto/InitialStateFeedback.xml (RunModel)" time="0.021" />
  <testcase classname="ptolemy.util.test.junit.AutoTests" name="[69] /home/travis/build/icyphy/ptII/ptolemy/domains/continuous/test/auto/Integration.xml (RunModel)" time="0.018" />
  <testcase classname="ptolemy.util.test.junit.AutoTests" name="[70] /home/travis/build/icyphy/ptII/ptolemy/domains/continuous/test/auto/Integration2.xml (RunModel)" time="0.11" />
  <testcase classname="ptolemy.util.test.junit.AutoTests" name="[71] /home/travis/build/icyphy/ptII/ptolemy/domains/continuous/test/auto/Integration3.xml (RunModel)" time="0.017" />
  <testcase classname="ptolemy.util.test.junit.AutoTests" name="[72] /home/travis/build/icyphy/ptII/ptolemy/domains/continuous/test/auto/Integration5.xml (RunModel)" time="0.012" />
  <testcase classname="ptolemy.util.test.junit.AutoTests" name="[73] /home/travis/build/icyphy/ptII/ptolemy/domains/continuous/test/auto/IntegratorImpulse.xml (RunModel)" time="0.016" />
  <testcase classname="ptolemy.util.test.junit.AutoTests" name="[74] /home/travis/build/icyphy/ptII/ptolemy/domains/continuous/test/auto/IntegratorImpulse2.xml (RunModel)" time="0.015" />
  <testcase classname="ptolemy.util.test.junit.AutoTests" name="[75] /home/travis/build/icyphy/ptII/ptolemy/domains/continuous/test/auto/LevelCrossing1.xml (RunModel)" time="0.023" />
  <testcase classname="ptolemy.util.test.junit.AutoTests" name="[76] /home/travis/build/icyphy/ptII/ptolemy/domains/continuous/test/auto/LevelCrossing2.xml (RunModel)" time="0.022" />
  <testcase classname="ptolemy.util.test.junit.AutoTests" name="[77] /home/travis/build/icyphy/ptII/ptolemy/domains/continuous/test/auto/LevelCrossing3.xml (RunModel)" time="0.025" />
  <testcase classname="ptolemy.util.test.junit.AutoTests" name="[78] /home/travis/build/icyphy/ptII/ptolemy/domains/continuous/test/auto/LevelCrossing4.xml (RunModel)" time="0.018" />
  <testcase classname="ptolemy.util.test.junit.AutoTests" name="[79] /home/travis/build/icyphy/ptII/ptolemy/domains/continuous/test/auto/LevelCrossing5.xml (RunModel)" time="0.024" />
  <testcase classname="ptolemy.util.test.junit.AutoTests" name="[80] /home/travis/build/icyphy/ptII/ptolemy/domains/continuous/test/auto/LevelCrossing6.xml (RunModel)" time="0.022" />
  <testcase classname="ptolemy.util.test.junit.AutoTests" name="[81] /home/travis/build/icyphy/ptII/ptolemy/domains/continuous/test/auto/LevelCrossingDetector.xml (RunModel)" time="0.052" />
  <testcase classname="ptolemy.util.test.junit.AutoTests" name="[82] /home/travis/build/icyphy/ptII/ptolemy/domains/continuous/test/auto/LevelCrossingDetectorDetectingDirections.xml (RunModel)" time="0.102" />
  <testcase classname="ptolemy.util.test.junit.AutoTests" name="[83] /home/travis/build/icyphy/ptII/ptolemy/domains/continuous/test/auto/LevelCrossingDetectorDetectsGlitches.xml (RunModel)" time="0.069" />
  <testcase classname="ptolemy.util.test.junit.AutoTests" name="[84] /home/travis/build/icyphy/ptII/ptolemy/domains/continuous/test/auto/LevelCrossingNoInitialOuput.xml (RunModel)" time="0.017" />
  <testcase classname="ptolemy.util.test.junit.AutoTests" name="[85] /home/travis/build/icyphy/ptII/ptolemy/domains/continuous/test/auto/LinearStateSpaceExample.xml (RunModel)" time="0.077" />
  <testcase classname="ptolemy.util.test.junit.AutoTests" name="[86] /home/travis/build/icyphy/ptII/ptolemy/domains/continuous/test/auto/Lorenz.xml (RunModel)" time="4.411" />
  <testcase classname="ptolemy.util.test.junit.AutoTests" name="[87] /home/travis/build/icyphy/ptII/ptolemy/domains/continuous/test/auto/LorenzDifferentialSystem.xml (RunModel)" time="1.137" />
  <testcase classname="ptolemy.util.test.junit.AutoTests" name="[88] /home/travis/build/icyphy/ptII/ptolemy/domains/continuous/test/auto/LorenzDifferentialSystemWithInput.xml (RunModel)" time="1.505" />
  <testcase classname="ptolemy.util.test.junit.AutoTests" name="[89] /home/travis/build/icyphy/ptII/ptolemy/domains/continuous/test/auto/LorenzDifferentialSystemWithTime.xml (RunModel)" time="0.914" />
  <testcase classname="ptolemy.util.test.junit.AutoTests" name="[90] /home/travis/build/icyphy/ptII/ptolemy/domains/continuous/test/auto/Microsteps.xml (RunModel)" time="0.037" />
  <testcase classname="ptolemy.util.test.junit.AutoTests" name="[91] /home/travis/build/icyphy/ptII/ptolemy/domains/continuous/test/auto/Modal1.xml (RunModel)" time="0.059" />
  <testcase classname="ptolemy.util.test.junit.AutoTests" name="[92] /home/travis/build/icyphy/ptII/ptolemy/domains/continuous/test/auto/Modal2.xml (RunModel)" time="0.076" />
  <testcase classname="ptolemy.util.test.junit.AutoTests" name="[93] /home/travis/build/icyphy/ptII/ptolemy/domains/continuous/test/auto/ModalTransitionGuardWithReset.xml (RunModel)" time="0.04" />
  <testcase classname="ptolemy.util.test.junit.AutoTests" name="[94] /home/travis/build/icyphy/ptII/ptolemy/domains/continuous/test/auto/ModalTransitionGuardWithResetUsingPreemptiveTransition.xml (RunModel)" time="0.037" />
  <testcase classname="ptolemy.util.test.junit.AutoTests" name="[95] /home/travis/build/icyphy/ptII/ptolemy/domains/continuous/test/auto/ModalTransitionGuardWithResetUsingPreemptiveTransition2.xml (RunModel)" time="0.04" />
  <testcase classname="ptolemy.util.test.junit.AutoTests" name="[96] /home/travis/build/icyphy/ptII/ptolemy/domains/continuous/test/auto/ModalTransitionGuardWithResetUsingPreemptiveTransition3.xml (RunModel)" time="0.032" />
  <testcase classname="ptolemy.util.test.junit.AutoTests" name="[97] /home/travis/build/icyphy/ptII/ptolemy/domains/continuous/test/auto/NewtonsCradle.xml (RunModel)" time="0.988" />
  <testcase classname="ptolemy.util.test.junit.AutoTests" name="[98] /home/travis/build/icyphy/ptII/ptolemy/domains/continuous/test/auto/NewtonsCradleAnimated.xml (RunModel)" time="1.578" />
  <testcase classname="ptolemy.util.test.junit.AutoTests" name="[99] /home/travis/build/icyphy/ptII/ptolemy/domains/continuous/test/auto/NewtonsCradleComplicated.xml (RunModel)" time="1.201" />
  <testcase classname="ptolemy.util.test.junit.AutoTests" name="[100] /home/travis/build/icyphy/ptII/ptolemy/domains/continuous/test/auto/NewtonsCradleNondeterministic.xml (RunModel)" time="0.853" />
  <testcase classname="ptolemy.util.test.junit.AutoTests" name="[101] /home/travis/build/icyphy/ptII/ptolemy/domains/continuous/test/auto/NewtonsCradlePerfectlyInelastic1.xml (RunModel)" time="1.58" />
  <testcase classname="ptolemy.util.test.junit.AutoTests" name="[102] /home/travis/build/icyphy/ptII/ptolemy/domains/continuous/test/auto/Noise.xml (RunModel)" time="0.21" />
  <testcase classname="ptolemy.util.test.junit.AutoTests" name="[103] /home/travis/build/icyphy/ptII/ptolemy/domains/continuous/test/auto/NoiseSpectrum.xml (RunModel)" time="0.963" />
  <testcase classname="ptolemy.util.test.junit.AutoTests" name="[104] /home/travis/build/icyphy/ptII/ptolemy/domains/continuous/test/auto/ParameterizedNewtonsCradleAnimated.xml (RunModel)" time="0.442" />
  <testcase classname="ptolemy.util.test.junit.AutoTests" name="[105] /home/travis/build/icyphy/ptII/ptolemy/domains/continuous/test/auto/ParameterizedNewtonsCradleAnimatedNondeterministic.xml (RunModel)" time="1.327" />
  <testcase classname="ptolemy.util.test.junit.AutoTests" name="[106] /home/travis/build/icyphy/ptII/ptolemy/domains/continuous/test/auto/Pendulum3D.xml (RunModel)" time="0.198" />
  <testcase classname="ptolemy.util.test.junit.AutoTests" name="[107] /home/travis/build/icyphy/ptII/ptolemy/domains/continuous/test/auto/PeriodicSampler.xml (RunModel)" time="0.018" />
  <testcase classname="ptolemy.util.test.junit.AutoTests" name="[108] /home/travis/build/icyphy/ptII/ptolemy/domains/continuous/test/auto/PeriodicSampler1.xml (RunModel)" time="0.066" />
  <testcase classname="ptolemy.util.test.junit.AutoTests" name="[109] /home/travis/build/icyphy/ptII/ptolemy/domains/continuous/test/auto/PeriodicSampler2.xml (RunModel)" time="0.093" />
  <testcase classname="ptolemy.util.test.junit.AutoTests" name="[110] /home/travis/build/icyphy/ptII/ptolemy/domains/continuous/test/auto/Poisson.xml (RunModel)" time="0.52" />
  <testcase classname="ptolemy.util.test.junit.AutoTests" name="[111] /home/travis/build/icyphy/ptII/ptolemy/domains/continuous/test/auto/PoissonClock.xml (RunModel)" time="0.019" />
  <testcase classname="ptolemy.util.test.junit.AutoTests" name="[112] /home/travis/build/icyphy/ptII/ptolemy/domains/continuous/test/auto/PoissonClock2.xml (RunModel)" time="0.017" />
  <testcase classname="ptolemy.util.test.junit.AutoTests" name="[113] /home/travis/build/icyphy/ptII/ptolemy/domains/continuous/test/auto/PortParameterHierarchy.xml (RunModel)" time="0.039" />
  <testcase classname="ptolemy.util.test.junit.AutoTests" name="[114] /home/travis/build/icyphy/ptII/ptolemy/domains/continuous/test/auto/RandomHybridPlant.xml (RunModel)" time="0.659" />
  <testcase classname="ptolemy.util.test.junit.AutoTests" name="[115] /home/travis/build/icyphy/ptII/ptolemy/domains/continuous/test/auto/ResetTransitionWithStartTime1.xml (RunModel)" time="0.04" />
  <testcase classname="ptolemy.util.test.junit.AutoTests" name="[116] /home/travis/build/icyphy/ptII/ptolemy/domains/continuous/test/auto/ResetTransitionWithStartTime2.xml (RunModel)" time="0.036" />
  <testcase classname="ptolemy.util.test.junit.AutoTests" name="[117] /home/travis/build/icyphy/ptII/ptolemy/domains/continuous/test/auto/ResetTransitionWithStartTime3.xml (RunModel)" time="0.041" />
  <testcase classname="ptolemy.util.test.junit.AutoTests" name="[118] /home/travis/build/icyphy/ptII/ptolemy/domains/continuous/test/auto/ResetTransitionWithStartTime4.xml (RunModel)" time="0.03" />
  <testcase classname="ptolemy.util.test.junit.AutoTests" name="[119] /home/travis/build/icyphy/ptII/ptolemy/domains/continuous/test/auto/ResetTransitionWithStartTime5.xml (RunModel)" time="0.041" />
  <testcase classname="ptolemy.util.test.junit.AutoTests" name="[120] /home/travis/build/icyphy/ptII/ptolemy/domains/continuous/test/auto/ResetTransitionWithStartTime6.xml (RunModel)" time="0.03" />
  <testcase classname="ptolemy.util.test.junit.AutoTests" name="[121] /home/travis/build/icyphy/ptII/ptolemy/domains/continuous/test/auto/SRinContinuous.xml (RunModel)" time="0.028" />
  <testcase classname="ptolemy.util.test.junit.AutoTests" name="[122] /home/travis/build/icyphy/ptII/ptolemy/domains/continuous/test/auto/SampledClocks.xml (RunModel)" time="0.041" />
  <testcase classname="ptolemy.util.test.junit.AutoTests" name="[123] /home/travis/build/icyphy/ptII/ptolemy/domains/continuous/test/auto/Satellite.xml (RunModel)" time="0.941" />
  <testcase classname="ptolemy.util.test.junit.AutoTests" name="[124] /home/travis/build/icyphy/ptII/ptolemy/domains/continuous/test/auto/SigmaDelta.xml (RunModel)" time="2.871" />
  <testcase classname="ptolemy.util.test.junit.AutoTests" name="[125] /home/travis/build/icyphy/ptII/ptolemy/domains/continuous/test/auto/SingleRefinement.xml (RunModel)" time="0.508" />
  <testcase classname="ptolemy.util.test.junit.AutoTests" name="[126] /home/travis/build/icyphy/ptII/ptolemy/domains/continuous/test/auto/SinuBouncingBall.xml (RunModel)" time="0.932" />
  <testcase classname="ptolemy.util.test.junit.AutoTests" name="[127] /home/travis/build/icyphy/ptII/ptolemy/domains/continuous/test/auto/Sinusoid.xml (RunModel)" time="0.023" />
  <testcase classname="ptolemy.util.test.junit.AutoTests" name="[128] /home/travis/build/icyphy/ptII/ptolemy/domains/continuous/test/auto/SinusoidInNoise.xml (RunModel)" time="1.033" />
  <testcase classname="ptolemy.util.test.junit.AutoTests" name="[129] /home/travis/build/icyphy/ptII/ptolemy/domains/continuous/test/auto/SinusoidRK45.xml (RunModel)" time="0.019" />
  <testcase classname="ptolemy.util.test.junit.AutoTests" name="[130] /home/travis/build/icyphy/ptII/ptolemy/domains/continuous/test/auto/SinusoidWithMultipleImpulses.xml (RunModel)" time="0.02" />
  <testcase classname="ptolemy.util.test.junit.AutoTests" name="[131] /home/travis/build/icyphy/ptII/ptolemy/domains/continuous/test/auto/SquareWave.xml (RunModel)" time="0.227" />
  <testcase classname="ptolemy.util.test.junit.AutoTests" name="[132] /home/travis/build/icyphy/ptII/ptolemy/domains/continuous/test/auto/Starmac.xml (RunModel)" time="3.655" />
  <testcase classname="ptolemy.util.test.junit.AutoTests" name="[133] /home/travis/build/icyphy/ptII/ptolemy/domains/continuous/test/auto/StaticUnits.xml (RunModel)" time="2.795" />
  <testcase classname="ptolemy.util.test.junit.AutoTests" name="[134] /home/travis/build/icyphy/ptII/ptolemy/domains/continuous/test/auto/StickyMasses.xml (RunModel)" time="0.215" />
  <testcase classname="ptolemy.util.test.junit.AutoTests" name="[135] /home/travis/build/icyphy/ptII/ptolemy/domains/continuous/test/auto/StopTime.xml (RunModel)" time="0.071" />
  <testcase classname="ptolemy.util.test.junit.AutoTests" name="[136] /home/travis/build/icyphy/ptII/ptolemy/domains/continuous/test/auto/StopTime2.xml (RunModel)" time="0.067" />
  <testcase classname="ptolemy.util.test.junit.AutoTests" name="[137] /home/travis/build/icyphy/ptII/ptolemy/domains/continuous/test/auto/Switch.xml (RunModel)" time="0.074" />
  <testcase classname="ptolemy.util.test.junit.AutoTests" name="[138] /home/travis/build/icyphy/ptII/ptolemy/domains/continuous/test/auto/Thermostat.xml (RunModel)" time="0.229" />
  <testcase classname="ptolemy.util.test.junit.AutoTests" name="[139] /home/travis/build/icyphy/ptII/ptolemy/domains/continuous/test/auto/TimeDelay.xml (RunModel)" time="0.02" />
  <testcase classname="ptolemy.util.test.junit.AutoTests" name="[140] /home/travis/build/icyphy/ptII/ptolemy/domains/continuous/test/auto/TimeDelay2.xml (RunModel)" time="0.034" />
  <testcase classname="ptolemy.util.test.junit.AutoTests" name="[141] /home/travis/build/icyphy/ptII/ptolemy/domains/continuous/test/auto/TimeDelay3.xml (RunModel)" time="0.019" />
  <testcase classname="ptolemy.util.test.junit.AutoTests" name="[142] /home/travis/build/icyphy/ptII/ptolemy/domains/continuous/test/auto/TransferAbsentToInside.xml (RunModel)" time="0.134" />
  <testcase classname="ptolemy.util.test.junit.AutoTests" name="[143] /home/travis/build/icyphy/ptII/ptolemy/domains/continuous/test/auto/Transmission.xml (RunModel)" time="0.855" />
  <testcase classname="ptolemy.util.test.junit.AutoTests" name="[144] /home/travis/build/icyphy/ptII/ptolemy/domains/continuous/test/auto/TriggeredContinuousClock.xml (RunModel)" time="0.076" />
  <testcase classname="ptolemy.util.test.junit.AutoTests" name="[145] /home/travis/build/icyphy/ptII/ptolemy/domains/continuous/test/auto/TwoMachineInfiniteBusControl.xml (RunModel)" time="3.294" />
  <testcase classname="ptolemy.util.test.junit.AutoTests" name="[146] /home/travis/build/icyphy/ptII/ptolemy/domains/continuous/test/auto/V2V.xml (RunModel)" time="0.932" />
  <testcase classname="ptolemy.util.test.junit.AutoTests" name="[147] /home/travis/build/icyphy/ptII/ptolemy/domains/continuous/test/auto/hierarchicalModalModel.xml (RunModel)" time="0.045" />
  <testcase classname="ptolemy.util.test.junit.AutoTests" name="[148] /home/travis/build/icyphy/ptII/ptolemy/domains/continuous/test/auto/hierarchicalModalModel1.xml (RunModel)" time="0.036" />
  <testcase classname="ptolemy.util.test.junit.AutoTests" name="[149] /home/travis/build/icyphy/ptII/ptolemy/domains/continuous/test/auto/hierarchicalModalModel2.xml (RunModel)" time="0.032" />
  <testcase classname="ptolemy.util.test.junit.AutoTests" name="[150] /home/travis/build/icyphy/ptII/ptolemy/domains/continuous/test/auto/hierarchicalModalModel3.xml (RunModel)" time="0.046" />
  <testcase classname="ptolemy.util.test.junit.AutoTests" name="[151] /home/travis/build/icyphy/ptII/ptolemy/domains/continuous/test/auto/hierarchicalModalModel4.xml (RunModel)" time="0.029" />
  <testcase classname="ptolemy.util.test.junit.AutoTests" name="[152] /home/travis/build/icyphy/ptII/ptolemy/domains/continuous/test/auto/junk.xml (RunModel)" time="0.172" />
  <system-out><![CDATA[No tcl tests in /home/travis/build/icyphy/ptII/ptolemy/domains/continuous/test
No auto/knownFailedTests/*.xml tests in /home/travis/build/icyphy/ptII/ptolemy/domains/continuous/test
No auto/linux-amd64/*.xml tests in /home/travis/build/icyphy/ptII/ptolemy/domains/continuous/test
AutoTests.java: About to close Vertx.
AutoTests.java: Vertx closed.

===========================================================================================
----------------- testing Thu Jun 20 13:20:48 UTC 2019 /home/travis/build/icyphy/ptII/ptolemy/domains/continuous/test/auto/BouncingBall.xml
----------------- Instantiating /home/travis/build/icyphy/ptII/ptolemy/domains/continuous/test/auto/BouncingBall.xml
3060 ms. Memory: 211968K Free: 163026K (77%)
----------------- Invoking toplevel() on ptolemy.moml.MoMLSimpleApplication@d9a06fd
----------------- Done invoking toplevel() on ptolemy.moml.MoMLSimpleApplication@d9a06fd
reloadAllAccessors: .BouncingBall

===========================================================================================
----------------- testing Thu Jun 20 13:20:51 UTC 2019 /home/travis/build/icyphy/ptII/ptolemy/domains/continuous/test/auto/BouncingBallWithoutGR.xml
----------------- Instantiating /home/travis/build/icyphy/ptII/ptolemy/domains/continuous/test/auto/BouncingBallWithoutGR.xml
756 ms. Memory: 211968K Free: 110483K (52%)
----------------- Invoking toplevel() on ptolemy.moml.MoMLSimpleApplication@3b7ecd2d
----------------- Done invoking toplevel() on ptolemy.moml.MoMLSimpleApplication@3b7ecd2d
reloadAllAccessors: .BouncingBallWithoutGR

===========================================================================================
----------------- testing Thu Jun 20 13:20:52 UTC 2019 /home/travis/build/icyphy/ptII/ptolemy/domains/continuous/test/auto/Brownian.xml
----------------- Instantiating /home/travis/build/icyphy/ptII/ptolemy/domains/continuous/test/auto/Brownian.xml
21 ms. Memory: 211968K Free: 101777K (48%)
----------------- Invoking toplevel() on ptolemy.moml.MoMLSimpleApplication@c2d58e9
----------------- Done invoking toplevel() on ptolemy.moml.MoMLSimpleApplication@c2d58e9
reloadAllAccessors: .Brownian

===========================================================================================
----------------- testing Thu Jun 20 13:20:52 UTC 2019 /home/travis/build/icyphy/ptII/ptolemy/domains/continuous/test/auto/CarTracking.xml
----------------- Instantiating /home/travis/build/icyphy/ptII/ptolemy/domains/continuous/test/auto/CarTracking.xml
3902 ms. Memory: 306176K Free: 192967K (63%)
----------------- Invoking toplevel() on ptolemy.moml.MoMLSimpleApplication@5d829885
----------------- Done invoking toplevel() on ptolemy.moml.MoMLSimpleApplication@5d829885
reloadAllAccessors: .CarTracking

===========================================================================================
----------------- testing Thu Jun 20 13:20:57 UTC 2019 /home/travis/build/icyphy/ptII/ptolemy/domains/continuous/test/auto/CartPendulum.xml
----------------- Instantiating /home/travis/build/icyphy/ptII/ptolemy/domains/continuous/test/auto/CartPendulum.xml
458 ms. Memory: 306176K Free: 281578K (92%)
----------------- Invoking toplevel() on ptolemy.moml.MoMLSimpleApplication@37cff0c2
----------------- Done invoking toplevel() on ptolemy.moml.MoMLSimpleApplication@37cff0c2
reloadAllAccessors: .CartPendulum

===========================================================================================
----------------- testing Thu Jun 20 13:20:58 UTC 2019 /home/travis/build/icyphy/ptII/ptolemy/domains/continuous/test/auto/CausalityInterface10.xml
----------------- Instantiating /home/travis/build/icyphy/ptII/ptolemy/domains/continuous/test/auto/CausalityInterface10.xml
23 ms. Memory: 306176K Free: 270824K (88%)
----------------- Invoking toplevel() on ptolemy.moml.MoMLSimpleApplication@6cbc38f1
----------------- Done invoking toplevel() on ptolemy.moml.MoMLSimpleApplication@6cbc38f1
reloadAllAccessors: .CausalityInterface10

===========================================================================================
----------------- testing Thu Jun 20 13:20:58 UTC 2019 /home/travis/build/icyphy/ptII/ptolemy/domains/continuous/test/auto/CausalityInterface11.xml
----------------- Instantiating /home/travis/build/icyphy/ptII/ptolemy/domains/continuous/test/auto/CausalityInterface11.xml
9 ms. Memory: 306176K Free: 264666K (86%)
----------------- Invoking toplevel() on ptolemy.moml.MoMLSimpleApplication@5f0d8f17
----------------- Done invoking toplevel() on ptolemy.moml.MoMLSimpleApplication@5f0d8f17
reloadAllAccessors: .CausalityInterface11

===========================================================================================
----------------- testing Thu Jun 20 13:20:58 UTC 2019 /home/travis/build/icyphy/ptII/ptolemy/domains/continuous/test/auto/CausalityInterface12.xml
----------------- Instantiating /home/travis/build/icyphy/ptII/ptolemy/domains/continuous/test/auto/CausalityInterface12.xml
4 ms. Memory: 306176K Free: 258522K (84%)
----------------- Invoking toplevel() on ptolemy.moml.MoMLSimpleApplication@51655d05
----------------- Done invoking toplevel() on ptolemy.moml.MoMLSimpleApplication@51655d05
reloadAllAccessors: .CausalityInterface12

===========================================================================================
----------------- testing Thu Jun 20 13:20:58 UTC 2019 /home/travis/build/icyphy/ptII/ptolemy/domains/continuous/test/auto/CausalityInterface13.xml
----------------- Instantiating /home/travis/build/icyphy/ptII/ptolemy/domains/continuous/test/auto/CausalityInterface13.xml
5 ms. Memory: 306176K Free: 252392K (82%)
----------------- Invoking toplevel() on ptolemy.moml.MoMLSimpleApplication@49b02e8a
----------------- Done invoking toplevel() on ptolemy.moml.MoMLSimpleApplication@49b02e8a
reloadAllAccessors: .CausalityInterface13

===========================================================================================
----------------- testing Thu Jun 20 13:20:58 UTC 2019 /home/travis/build/icyphy/ptII/ptolemy/domains/continuous/test/auto/CausalityInterface14.xml
----------------- Instantiating /home/travis/build/icyphy/ptII/ptolemy/domains/continuous/test/auto/CausalityInterface14.xml
4 ms. Memory: 306176K Free: 246762K (81%)
----------------- Invoking toplevel() on ptolemy.moml.MoMLSimpleApplication@5335dcc0
----------------- Done invoking toplevel() on ptolemy.moml.MoMLSimpleApplication@5335dcc0
reloadAllAccessors: .CausalityInterface14

===========================================================================================
----------------- testing Thu Jun 20 13:20:58 UTC 2019 /home/travis/build/icyphy/ptII/ptolemy/domains/continuous/test/auto/CausalityInterface4.xml
----------------- Instantiating /home/travis/build/icyphy/ptII/ptolemy/domains/continuous/test/auto/CausalityInterface4.xml
12 ms. Memory: 306176K Free: 240104K (78%)
----------------- Invoking toplevel() on ptolemy.moml.MoMLSimpleApplication@d8b6def
----------------- Done invoking toplevel() on ptolemy.moml.MoMLSimpleApplication@d8b6def
reloadAllAccessors: .CausalityInterface4

===========================================================================================
----------------- testing Thu Jun 20 13:20:58 UTC 2019 /home/travis/build/icyphy/ptII/ptolemy/domains/continuous/test/auto/CausalityInterface5.xml
----------------- Instantiating /home/travis/build/icyphy/ptII/ptolemy/domains/continuous/test/auto/CausalityInterface5.xml
7 ms. Memory: 306176K Free: 231912K (76%)
----------------- Invoking toplevel() on ptolemy.moml.MoMLSimpleApplication@e66d103
----------------- Done invoking toplevel() on ptolemy.moml.MoMLSimpleApplication@e66d103
reloadAllAccessors: .CausalityInterface5

===========================================================================================
----------------- testing Thu Jun 20 13:20:58 UTC 2019 /home/travis/build/icyphy/ptII/ptolemy/domains/continuous/test/auto/CausalityInterface6.xml
----------------- Instantiating /home/travis/build/icyphy/ptII/ptolemy/domains/continuous/test/auto/CausalityInterface6.xml
7 ms. Memory: 306176K Free: 226778K (74%)
----------------- Invoking toplevel() on ptolemy.moml.MoMLSimpleApplication@545aff6a
----------------- Done invoking toplevel() on ptolemy.moml.MoMLSimpleApplication@545aff6a
reloadAllAccessors: .CausalityInterface6

===========================================================================================
----------------- testing Thu Jun 20 13:20:58 UTC 2019 /home/travis/build/icyphy/ptII/ptolemy/domains/continuous/test/auto/CausalityInterface7.xml
----------------- Instantiating /home/travis/build/icyphy/ptII/ptolemy/domains/continuous/test/auto/CausalityInterface7.xml
11 ms. Memory: 306176K Free: 218090K (71%)
----------------- Invoking toplevel() on ptolemy.moml.MoMLSimpleApplication@6583a8f1
----------------- Done invoking toplevel() on ptolemy.moml.MoMLSimpleApplication@6583a8f1
reloadAllAccessors: .CausalityInterface7

===========================================================================================
----------------- testing Thu Jun 20 13:20:58 UTC 2019 /home/travis/build/icyphy/ptII/ptolemy/domains/continuous/test/auto/CausalityInterface8.xml
----------------- Instantiating /home/travis/build/icyphy/ptII/ptolemy/domains/continuous/test/auto/CausalityInterface8.xml
13 ms. Memory: 306176K Free: 208874K (68%)
----------------- Invoking toplevel() on ptolemy.moml.MoMLSimpleApplication@356c2355
----------------- Done invoking toplevel() on ptolemy.moml.MoMLSimpleApplication@356c2355
reloadAllAccessors: .CausalityInterface8

===========================================================================================
----------------- testing Thu Jun 20 13:20:58 UTC 2019 /home/travis/build/icyphy/ptII/ptolemy/domains/continuous/test/auto/CausalityInterface9.xml
----------------- Instantiating /home/travis/build/icyphy/ptII/ptolemy/domains/continuous/test/auto/CausalityInterface9.xml
12 ms. Memory: 306176K Free: 198120K (65%)
----------------- Invoking toplevel() on ptolemy.moml.MoMLSimpleApplication@3b6129e0
----------------- Done invoking toplevel() on ptolemy.moml.MoMLSimpleApplication@3b6129e0
reloadAllAccessors: .CausalityInterface9

===========================================================================================
----------------- testing Thu Jun 20 13:20:58 UTC 2019 /home/travis/build/icyphy/ptII/ptolemy/domains/continuous/test/auto/CausalityInterfaceFeedback1.xml
----------------- Instantiating /home/travis/build/icyphy/ptII/ptolemy/domains/continuous/test/auto/CausalityInterfaceFeedback1.xml
8 ms. Memory: 306176K Free: 191466K (63%)
----------------- Invoking toplevel() on ptolemy.moml.MoMLSimpleApplication@11a62bb0
----------------- Done invoking toplevel() on ptolemy.moml.MoMLSimpleApplication@11a62bb0
reloadAllAccessors: .CausalityInterfaceFeedback1

===========================================================================================
----------------- testing Thu Jun 20 13:20:58 UTC 2019 /home/travis/build/icyphy/ptII/ptolemy/domains/continuous/test/auto/CausalityInterfaceFeedback2.xml
----------------- Instantiating /home/travis/build/icyphy/ptII/ptolemy/domains/continuous/test/auto/CausalityInterfaceFeedback2.xml
5 ms. Memory: 306176K Free: 184808K (60%)
----------------- Invoking toplevel() on ptolemy.moml.MoMLSimpleApplication@1939ac05
----------------- Done invoking toplevel() on ptolemy.moml.MoMLSimpleApplication@1939ac05
reloadAllAccessors: .CausalityInterfaceFeedback2

===========================================================================================
----------------- testing Thu Jun 20 13:20:58 UTC 2019 /home/travis/build/icyphy/ptII/ptolemy/domains/continuous/test/auto/CompareWithCurrentTime.xml
----------------- Instantiating /home/travis/build/icyphy/ptII/ptolemy/domains/continuous/test/auto/CompareWithCurrentTime.xml
3 ms. Memory: 306176K Free: 180712K (59%)
----------------- Invoking toplevel() on ptolemy.moml.MoMLSimpleApplication@112bd68a
----------------- Done invoking toplevel() on ptolemy.moml.MoMLSimpleApplication@112bd68a
reloadAllAccessors: .CompareWithCurrentTime

===========================================================================================
----------------- testing Thu Jun 20 13:20:58 UTC 2019 /home/travis/build/icyphy/ptII/ptolemy/domains/continuous/test/auto/ComparedClocks.xml
----------------- Instantiating /home/travis/build/icyphy/ptII/ptolemy/domains/continuous/test/auto/ComparedClocks.xml
9 ms. Memory: 306176K Free: 165338K (54%)
----------------- Invoking toplevel() on ptolemy.moml.MoMLSimpleApplication@444cbe8
----------------- Done invoking toplevel() on ptolemy.moml.MoMLSimpleApplication@444cbe8
reloadAllAccessors: .ComparedClocks

===========================================================================================
----------------- testing Thu Jun 20 13:20:58 UTC 2019 /home/travis/build/icyphy/ptII/ptolemy/domains/continuous/test/auto/ContinuousAOCClone.xml
----------------- Instantiating /home/travis/build/icyphy/ptII/ptolemy/domains/continuous/test/auto/ContinuousAOCClone.xml
2805 ms. Memory: 382976K Free: 252876K (66%)
----------------- Invoking toplevel() on ptolemy.moml.MoMLSimpleApplication@6857409e
----------------- Done invoking toplevel() on ptolemy.moml.MoMLSimpleApplication@6857409e
reloadAllAccessors: .ContinuousAOCClone

===========================================================================================
----------------- testing Thu Jun 20 13:21:01 UTC 2019 /home/travis/build/icyphy/ptII/ptolemy/domains/continuous/test/auto/ContinuousClock.xml
----------------- Instantiating /home/travis/build/icyphy/ptII/ptolemy/domains/continuous/test/auto/ContinuousClock.xml
36 ms. Memory: 382976K Free: 230862K (60%)
----------------- Invoking toplevel() on ptolemy.moml.MoMLSimpleApplication@657017aa
----------------- Done invoking toplevel() on ptolemy.moml.MoMLSimpleApplication@657017aa
reloadAllAccessors: .ContinuousClock

===========================================================================================
----------------- testing Thu Jun 20 13:21:02 UTC 2019 /home/travis/build/icyphy/ptII/ptolemy/domains/continuous/test/auto/ContinuousInContinuous.xml
----------------- Instantiating /home/travis/build/icyphy/ptII/ptolemy/domains/continuous/test/auto/ContinuousInContinuous.xml
47 ms. Memory: 382976K Free: 207310K (54%)
----------------- Invoking toplevel() on ptolemy.moml.MoMLSimpleApplication@452c21d1
----------------- Done invoking toplevel() on ptolemy.moml.MoMLSimpleApplication@452c21d1
reloadAllAccessors: .ContinuousInContinuous

===========================================================================================
----------------- testing Thu Jun 20 13:21:02 UTC 2019 /home/travis/build/icyphy/ptII/ptolemy/domains/continuous/test/auto/ContinuousInContinuousInContinuous.xml
----------------- Instantiating /home/travis/build/icyphy/ptII/ptolemy/domains/continuous/test/auto/ContinuousInContinuousInContinuous.xml
7 ms. Memory: 382976K Free: 199628K (52%)
----------------- Invoking toplevel() on ptolemy.moml.MoMLSimpleApplication@22e32dd6
----------------- Done invoking toplevel() on ptolemy.moml.MoMLSimpleApplication@22e32dd6
reloadAllAccessors: .ContinuousInContinuousInContinuous

===========================================================================================
----------------- testing Thu Jun 20 13:21:02 UTC 2019 /home/travis/build/icyphy/ptII/ptolemy/domains/continuous/test/auto/ContinuousInDE.xml
----------------- Instantiating /home/travis/build/icyphy/ptII/ptolemy/domains/continuous/test/auto/ContinuousInDE.xml
113 ms. Memory: 382976K Free: 188878K (49%)
----------------- Invoking toplevel() on ptolemy.moml.MoMLSimpleApplication@7944e3f8
----------------- Done invoking toplevel() on ptolemy.moml.MoMLSimpleApplication@7944e3f8
reloadAllAccessors: .ContinuousInDE

===========================================================================================
----------------- testing Thu Jun 20 13:21:02 UTC 2019 /home/travis/build/icyphy/ptII/ptolemy/domains/continuous/test/auto/ContinuousInDE2.xml
----------------- Instantiating /home/travis/build/icyphy/ptII/ptolemy/domains/continuous/test/auto/ContinuousInDE2.xml
39 ms. Memory: 382976K Free: 179148K (47%)
----------------- Invoking toplevel() on ptolemy.moml.MoMLSimpleApplication@38787a16
----------------- Done invoking toplevel() on ptolemy.moml.MoMLSimpleApplication@38787a16
reloadAllAccessors: .ContinuousInDE2

===========================================================================================
----------------- testing Thu Jun 20 13:21:02 UTC 2019 /home/travis/build/icyphy/ptII/ptolemy/domains/continuous/test/auto/ContinuousInDE3.xml
----------------- Instantiating /home/travis/build/icyphy/ptII/ptolemy/domains/continuous/test/auto/ContinuousInDE3.xml
40 ms. Memory: 382976K Free: 169422K (44%)
----------------- Invoking toplevel() on ptolemy.moml.MoMLSimpleApplication@1419834c
----------------- Done invoking toplevel() on ptolemy.moml.MoMLSimpleApplication@1419834c
reloadAllAccessors: .ContinuousInDE3

===========================================================================================
----------------- testing Thu Jun 20 13:21:02 UTC 2019 /home/travis/build/icyphy/ptII/ptolemy/domains/continuous/test/auto/ContinuousInDE4.xml
----------------- Instantiating /home/travis/build/icyphy/ptII/ptolemy/domains/continuous/test/auto/ContinuousInDE4.xml
15 ms. Memory: 382976K Free: 163278K (43%)
----------------- Invoking toplevel() on ptolemy.moml.MoMLSimpleApplication@7a380101
----------------- Done invoking toplevel() on ptolemy.moml.MoMLSimpleApplication@7a380101
reloadAllAccessors: .ContinuousInDE4

===========================================================================================
----------------- testing Thu Jun 20 13:21:02 UTC 2019 /home/travis/build/icyphy/ptII/ptolemy/domains/continuous/test/auto/ContinuousInDEDifferentRefinements.xml
----------------- Instantiating /home/travis/build/icyphy/ptII/ptolemy/domains/continuous/test/auto/ContinuousInDEDifferentRefinements.xml
81 ms. Memory: 382976K Free: 359968K (94%)
----------------- Invoking toplevel() on ptolemy.moml.MoMLSimpleApplication@58a70a60
----------------- Done invoking toplevel() on ptolemy.moml.MoMLSimpleApplication@58a70a60
reloadAllAccessors: .ContinuousInDEDifferentRefinements

===========================================================================================
----------------- testing Thu Jun 20 13:21:02 UTC 2019 /home/travis/build/icyphy/ptII/ptolemy/domains/continuous/test/auto/ContinuousInDEDifferentRefinementsPreemptive.xml
----------------- Instantiating /home/travis/build/icyphy/ptII/ptolemy/domains/continuous/test/auto/ContinuousInDEDifferentRefinementsPreemptive.xml
55 ms. Memory: 382976K Free: 328608K (86%)
----------------- Invoking toplevel() on ptolemy.moml.MoMLSimpleApplication@5b644b87
----------------- Done invoking toplevel() on ptolemy.moml.MoMLSimpleApplication@5b644b87
reloadAllAccessors: .ContinuousInDEDifferentRefinementsPreemptive

===========================================================================================
----------------- testing Thu Jun 20 13:21:02 UTC 2019 /home/travis/build/icyphy/ptII/ptolemy/domains/continuous/test/auto/ContinuousInDEInContinuous2.xml
----------------- Instantiating /home/travis/build/icyphy/ptII/ptolemy/domains/continuous/test/auto/ContinuousInDEInContinuous2.xml
42 ms. Memory: 382976K Free: 317344K (83%)
----------------- Invoking toplevel() on ptolemy.moml.MoMLSimpleApplication@39adfc50
----------------- Done invoking toplevel() on ptolemy.moml.MoMLSimpleApplication@39adfc50
reloadAllAccessors: .ContinuousInDEInContinuous2

===========================================================================================
----------------- testing Thu Jun 20 13:21:02 UTC 2019 /home/travis/build/icyphy/ptII/ptolemy/domains/continuous/test/auto/ContinuousInDEInContinuous3.xml
----------------- Instantiating /home/travis/build/icyphy/ptII/ptolemy/domains/continuous/test/auto/ContinuousInDEInContinuous3.xml
41 ms. Memory: 382976K Free: 305056K (80%)
----------------- Invoking toplevel() on ptolemy.moml.MoMLSimpleApplication@20d373b0
----------------- Done invoking toplevel() on ptolemy.moml.MoMLSimpleApplication@20d373b0
reloadAllAccessors: .ContinuousInDEInContinuous3

===========================================================================================
----------------- testing Thu Jun 20 13:21:02 UTC 2019 /home/travis/build/icyphy/ptII/ptolemy/domains/continuous/test/auto/ContinuousInDEInput.xml
----------------- Instantiating /home/travis/build/icyphy/ptII/ptolemy/domains/continuous/test/auto/ContinuousInDEInput.xml
17 ms. Memory: 382976K Free: 297888K (78%)
----------------- Invoking toplevel() on ptolemy.moml.MoMLSimpleApplication@124852ee
----------------- Done invoking toplevel() on ptolemy.moml.MoMLSimpleApplication@124852ee
reloadAllAccessors: .ContinuousInDEInput

===========================================================================================
----------------- testing Thu Jun 20 13:21:02 UTC 2019 /home/travis/build/icyphy/ptII/ptolemy/domains/continuous/test/auto/ContinuousInDEInput2.xml
----------------- Instantiating /home/travis/build/icyphy/ptII/ptolemy/domains/continuous/test/auto/ContinuousInDEInput2.xml
15 ms. Memory: 382976K Free: 290720K (76%)
----------------- Invoking toplevel() on ptolemy.moml.MoMLSimpleApplication@79269a59
----------------- Done invoking toplevel() on ptolemy.moml.MoMLSimpleApplication@79269a59
reloadAllAccessors: .ContinuousInDEInput2

===========================================================================================
----------------- testing Thu Jun 20 13:21:03 UTC 2019 /home/travis/build/icyphy/ptII/ptolemy/domains/continuous/test/auto/ContinuousInDEInput3.xml
----------------- Instantiating /home/travis/build/icyphy/ptII/ptolemy/domains/continuous/test/auto/ContinuousInDEInput3.xml
14 ms. Memory: 382976K Free: 283552K (74%)
----------------- Invoking toplevel() on ptolemy.moml.MoMLSimpleApplication@3f7425d0
----------------- Done invoking toplevel() on ptolemy.moml.MoMLSimpleApplication@3f7425d0
reloadAllAccessors: .ContinuousInDEInput3

===========================================================================================
----------------- testing Thu Jun 20 13:21:03 UTC 2019 /home/travis/build/icyphy/ptII/ptolemy/domains/continuous/test/auto/ContinuousInDESharingRefinement.xml
----------------- Instantiating /home/travis/build/icyphy/ptII/ptolemy/domains/continuous/test/auto/ContinuousInDESharingRefinement.xml
157 ms. Memory: 382976K Free: 189344K (49%)
----------------- Invoking toplevel() on ptolemy.moml.MoMLSimpleApplication@3cb75d74
----------------- Done invoking toplevel() on ptolemy.moml.MoMLSimpleApplication@3cb75d74
reloadAllAccessors: .ContinuousInDESharingRefinement

===========================================================================================
----------------- testing Thu Jun 20 13:21:03 UTC 2019 /home/travis/build/icyphy/ptII/ptolemy/domains/continuous/test/auto/ContinuousInDEwithNoPorts.xml
----------------- Instantiating /home/travis/build/icyphy/ptII/ptolemy/domains/continuous/test/auto/ContinuousInDEwithNoPorts.xml
6 ms. Memory: 382976K Free: 185743K (48%)
----------------- Invoking toplevel() on ptolemy.moml.MoMLSimpleApplication@2db444c6
----------------- Done invoking toplevel() on ptolemy.moml.MoMLSimpleApplication@2db444c6
reloadAllAccessors: .ContinuousInDEwithNoPorts

===========================================================================================
----------------- testing Thu Jun 20 13:21:03 UTC 2019 /home/travis/build/icyphy/ptII/ptolemy/domains/continuous/test/auto/ContinuousInsideDE.xml
----------------- Instantiating /home/travis/build/icyphy/ptII/ptolemy/domains/continuous/test/auto/ContinuousInsideDE.xml
47 ms. Memory: 382976K Free: 174494K (46%)
----------------- Invoking toplevel() on ptolemy.moml.MoMLSimpleApplication@5b2ff683
----------------- Done invoking toplevel() on ptolemy.moml.MoMLSimpleApplication@5b2ff683
reloadAllAccessors: .ContinuousInsideDE

===========================================================================================
----------------- testing Thu Jun 20 13:21:03 UTC 2019 /home/travis/build/icyphy/ptII/ptolemy/domains/continuous/test/auto/ContinuousMerge1.xml
----------------- Instantiating /home/travis/build/icyphy/ptII/ptolemy/domains/continuous/test/auto/ContinuousMerge1.xml
4 ms. Memory: 382976K Free: 169888K (44%)
----------------- Invoking toplevel() on ptolemy.moml.MoMLSimpleApplication@5ae1e7bf
----------------- Done invoking toplevel() on ptolemy.moml.MoMLSimpleApplication@5ae1e7bf
reloadAllAccessors: .ContinuousMerge1

===========================================================================================
----------------- testing Thu Jun 20 13:21:03 UTC 2019 /home/travis/build/icyphy/ptII/ptolemy/domains/continuous/test/auto/ContinuousMerge2.xml
----------------- Instantiating /home/travis/build/icyphy/ptII/ptolemy/domains/continuous/test/auto/ContinuousMerge2.xml
19 ms. Memory: 382976K Free: 159648K (42%)
----------------- Invoking toplevel() on ptolemy.moml.MoMLSimpleApplication@575f93b3
----------------- Done invoking toplevel() on ptolemy.moml.MoMLSimpleApplication@575f93b3
reloadAllAccessors: .ContinuousMerge2

===========================================================================================
----------------- testing Thu Jun 20 13:21:03 UTC 2019 /home/travis/build/icyphy/ptII/ptolemy/domains/continuous/test/auto/ContinuousMerge3.xml
----------------- Instantiating /home/travis/build/icyphy/ptII/ptolemy/domains/continuous/test/auto/ContinuousMerge3.xml
49 ms. Memory: 382976K Free: 148894K (39%)
----------------- Invoking toplevel() on ptolemy.moml.MoMLSimpleApplication@689d37ab
----------------- Done invoking toplevel() on ptolemy.moml.MoMLSimpleApplication@689d37ab
reloadAllAccessors: .ContinuousMerge3

===========================================================================================
----------------- testing Thu Jun 20 13:21:03 UTC 2019 /home/travis/build/icyphy/ptII/ptolemy/domains/continuous/test/auto/ContinuousWithinContinuous.xml
----------------- Instantiating /home/travis/build/icyphy/ptII/ptolemy/domains/continuous/test/auto/ContinuousWithinContinuous.xml
44 ms. Memory: 382976K Free: 367760K (96%)
----------------- Invoking toplevel() on ptolemy.moml.MoMLSimpleApplication@4741dd95
----------------- Done invoking toplevel() on ptolemy.moml.MoMLSimpleApplication@4741dd95
reloadAllAccessors: .ContinuousWithinContinuous

===========================================================================================
----------------- testing Thu Jun 20 13:21:03 UTC 2019 /home/travis/build/icyphy/ptII/ptolemy/domains/continuous/test/auto/ContinuousWithinContinuous2.xml
----------------- Instantiating /home/travis/build/icyphy/ptII/ptolemy/domains/continuous/test/auto/ContinuousWithinContinuous2.xml
74 ms. Memory: 382976K Free: 356261K (93%)
----------------- Invoking toplevel() on ptolemy.moml.MoMLSimpleApplication@51482295
----------------- Done invoking toplevel() on ptolemy.moml.MoMLSimpleApplication@51482295
reloadAllAccessors: .ContinuousWithinContinuous2

===========================================================================================
----------------- testing Thu Jun 20 13:21:03 UTC 2019 /home/travis/build/icyphy/ptII/ptolemy/domains/continuous/test/auto/ContinuousWithinContinuous3.xml
----------------- Instantiating /home/travis/build/icyphy/ptII/ptolemy/domains/continuous/test/auto/ContinuousWithinContinuous3.xml
15 ms. Memory: 382976K Free: 349607K (91%)
----------------- Invoking toplevel() on ptolemy.moml.MoMLSimpleApplication@5d0afcfe
----------------- Done invoking toplevel() on ptolemy.moml.MoMLSimpleApplication@5d0afcfe
reloadAllAccessors: .ContinuousWithinContinuous3

===========================================================================================
----------------- testing Thu Jun 20 13:21:03 UTC 2019 /home/travis/build/icyphy/ptII/ptolemy/domains/continuous/test/auto/ContinuousWithinContinuous4.xml
----------------- Instantiating /home/travis/build/icyphy/ptII/ptolemy/domains/continuous/test/auto/ContinuousWithinContinuous4.xml
73 ms. Memory: 382976K Free: 337319K (88%)
----------------- Invoking toplevel() on ptolemy.moml.MoMLSimpleApplication@4948b205
----------------- Done invoking toplevel() on ptolemy.moml.MoMLSimpleApplication@4948b205
reloadAllAccessors: .ContinuousWithinContinuous4

===========================================================================================
----------------- testing Thu Jun 20 13:21:03 UTC 2019 /home/travis/build/icyphy/ptII/ptolemy/domains/continuous/test/auto/ContinuousWithinContinuous5.xml
----------------- Instantiating /home/travis/build/icyphy/ptII/ptolemy/domains/continuous/test/auto/ContinuousWithinContinuous5.xml
14 ms. Memory: 382976K Free: 330151K (86%)
----------------- Invoking toplevel() on ptolemy.moml.MoMLSimpleApplication@60de150f
----------------- Done invoking toplevel() on ptolemy.moml.MoMLSimpleApplication@60de150f
reloadAllAccessors: .ContinuousWithinContinuous5

===========================================================================================
----------------- testing Thu Jun 20 13:21:03 UTC 2019 /home/travis/build/icyphy/ptII/ptolemy/domains/continuous/test/auto/ContinuousWithinContinuous6.xml
----------------- Instantiating /home/travis/build/icyphy/ptII/ptolemy/domains/continuous/test/auto/ContinuousWithinContinuous6.xml
15 ms. Memory: 382976K Free: 323493K (84%)
----------------- Invoking toplevel() on ptolemy.moml.MoMLSimpleApplication@70c32c4e
----------------- Done invoking toplevel() on ptolemy.moml.MoMLSimpleApplication@70c32c4e
reloadAllAccessors: .ContinuousWithinContinuous6

===========================================================================================
----------------- testing Thu Jun 20 13:21:03 UTC 2019 /home/travis/build/icyphy/ptII/ptolemy/domains/continuous/test/auto/ContinuousWithinContinuous7.xml
----------------- Instantiating /home/travis/build/icyphy/ptII/ptolemy/domains/continuous/test/auto/ContinuousWithinContinuous7.xml
58 ms. Memory: 382976K Free: 312229K (82%)
----------------- Invoking toplevel() on ptolemy.moml.MoMLSimpleApplication@1d21b028
----------------- Done invoking toplevel() on ptolemy.moml.MoMLSimpleApplication@1d21b028
reloadAllAccessors: .ContinuousWithinContinuous7

===========================================================================================
----------------- testing Thu Jun 20 13:21:04 UTC 2019 /home/travis/build/icyphy/ptII/ptolemy/domains/continuous/test/auto/DCMotor.xml
----------------- Instantiating /home/travis/build/icyphy/ptII/ptolemy/domains/continuous/test/auto/DCMotor.xml
15601 ms. Memory: 382976K Free: 215529K (56%)
----------------- Invoking toplevel() on ptolemy.moml.MoMLSimpleApplication@dd6af0b
----------------- Done invoking toplevel() on ptolemy.moml.MoMLSimpleApplication@dd6af0b
reloadAllAccessors: .DCMotor

===========================================================================================
----------------- testing Thu Jun 20 13:21:19 UTC 2019 /home/travis/build/icyphy/ptII/ptolemy/domains/continuous/test/auto/DEInContinuous.xml
----------------- Instantiating /home/travis/build/icyphy/ptII/ptolemy/domains/continuous/test/auto/DEInContinuous.xml
29 ms. Memory: 382976K Free: 209399K (55%)
----------------- Invoking toplevel() on ptolemy.moml.MoMLSimpleApplication@bd4a23b
----------------- Done invoking toplevel() on ptolemy.moml.MoMLSimpleApplication@bd4a23b
reloadAllAccessors: .DEInContinuous

===========================================================================================
----------------- testing Thu Jun 20 13:21:19 UTC 2019 /home/travis/build/icyphy/ptII/ptolemy/domains/continuous/test/auto/DEinContinuous2.xml
----------------- Instantiating /home/travis/build/icyphy/ptII/ptolemy/domains/continuous/test/auto/DEinContinuous2.xml
11 ms. Memory: 382976K Free: 201721K (53%)
----------------- Invoking toplevel() on ptolemy.moml.MoMLSimpleApplication@9866f5a
----------------- Done invoking toplevel() on ptolemy.moml.MoMLSimpleApplication@9866f5a
reloadAllAccessors: .DEinContinuous2

===========================================================================================
----------------- testing Thu Jun 20 13:21:19 UTC 2019 /home/travis/build/icyphy/ptII/ptolemy/domains/continuous/test/auto/Derivative.xml
----------------- Instantiating /home/travis/build/icyphy/ptII/ptolemy/domains/continuous/test/auto/Derivative.xml
185 ms. Memory: 382976K Free: 172025K (45%)
----------------- Invoking toplevel() on ptolemy.moml.MoMLSimpleApplication@7cd21389
----------------- Done invoking toplevel() on ptolemy.moml.MoMLSimpleApplication@7cd21389
reloadAllAccessors: .Derivative2

===========================================================================================
----------------- testing Thu Jun 20 13:21:20 UTC 2019 /home/travis/build/icyphy/ptII/ptolemy/domains/continuous/test/auto/Derivative1.xml
----------------- Instantiating /home/travis/build/icyphy/ptII/ptolemy/domains/continuous/test/auto/Derivative1.xml
27 ms. Memory: 382976K Free: 157175K (41%)
----------------- Invoking toplevel() on ptolemy.moml.MoMLSimpleApplication@2c98b4e6
----------------- Done invoking toplevel() on ptolemy.moml.MoMLSimpleApplication@2c98b4e6
reloadAllAccessors: .Derivative1

===========================================================================================
----------------- testing Thu Jun 20 13:21:20 UTC 2019 /home/travis/build/icyphy/ptII/ptolemy/domains/continuous/test/auto/DiscreteClock.xml
----------------- Instantiating /home/travis/build/icyphy/ptII/ptolemy/domains/continuous/test/auto/DiscreteClock.xml
5 ms. Memory: 382976K Free: 152055K (40%)
----------------- Invoking toplevel() on ptolemy.moml.MoMLSimpleApplication@335be933
----------------- Done invoking toplevel() on ptolemy.moml.MoMLSimpleApplication@335be933
reloadAllAccessors: .DiscreteClock

===========================================================================================
----------------- testing Thu Jun 20 13:21:20 UTC 2019 /home/travis/build/icyphy/ptII/ptolemy/domains/continuous/test/auto/EfficiencyCurve.xml
----------------- Instantiating /home/travis/build/icyphy/ptII/ptolemy/domains/continuous/test/auto/EfficiencyCurve.xml
57 ms. Memory: 382976K Free: 142839K (37%)
----------------- Invoking toplevel() on ptolemy.moml.MoMLSimpleApplication@4fc0cb90
----------------- Done invoking toplevel() on ptolemy.moml.MoMLSimpleApplication@4fc0cb90
reloadAllAccessors: .EfficiencyCurve

===========================================================================================
----------------- testing Thu Jun 20 13:21:20 UTC 2019 /home/travis/build/icyphy/ptII/ptolemy/domains/continuous/test/auto/ExponentialResponse.xml
----------------- Instantiating /home/travis/build/icyphy/ptII/ptolemy/domains/continuous/test/auto/ExponentialResponse.xml
117 ms. Memory: 382976K Free: 355742K (93%)
----------------- Invoking toplevel() on ptolemy.moml.MoMLSimpleApplication@644d15e0
----------------- Done invoking toplevel() on ptolemy.moml.MoMLSimpleApplication@644d15e0
reloadAllAccessors: .ExponentialResponse

===========================================================================================
----------------- testing Thu Jun 20 13:21:20 UTC 2019 /home/travis/build/icyphy/ptII/ptolemy/domains/continuous/test/auto/ExponentialResponseRK45.xml
----------------- Instantiating /home/travis/build/icyphy/ptII/ptolemy/domains/continuous/test/auto/ExponentialResponseRK45.xml
27 ms. Memory: 382976K Free: 349084K (91%)
----------------- Invoking toplevel() on ptolemy.moml.MoMLSimpleApplication@22a39e0
----------------- Done invoking toplevel() on ptolemy.moml.MoMLSimpleApplication@22a39e0
reloadAllAccessors: .ExponentialResponseRK45

===========================================================================================
----------------- testing Thu Jun 20 13:21:20 UTC 2019 /home/travis/build/icyphy/ptII/ptolemy/domains/continuous/test/auto/Friction.xml
----------------- Instantiating /home/travis/build/icyphy/ptII/ptolemy/domains/continuous/test/auto/Friction.xml
1741 ms. Memory: 382976K Free: 148025K (39%)
----------------- Invoking toplevel() on ptolemy.moml.MoMLSimpleApplication@69218a73
----------------- Done invoking toplevel() on ptolemy.moml.MoMLSimpleApplication@69218a73
reloadAllAccessors: .Friction

===========================================================================================
----------------- testing Thu Jun 20 13:21:22 UTC 2019 /home/travis/build/icyphy/ptII/ptolemy/domains/continuous/test/auto/FurutaPendulum.xml
----------------- Instantiating /home/travis/build/icyphy/ptII/ptolemy/domains/continuous/test/auto/FurutaPendulum.xml
3874 ms. Memory: 382976K Free: 310535K (81%)
----------------- Invoking toplevel() on ptolemy.moml.MoMLSimpleApplication@ffc0f62
----------------- Done invoking toplevel() on ptolemy.moml.MoMLSimpleApplication@ffc0f62
reloadAllAccessors: .FurutaPendulum

===========================================================================================
----------------- testing Thu Jun 20 13:21:26 UTC 2019 /home/travis/build/icyphy/ptII/ptolemy/domains/continuous/test/auto/HierarchicalExecution.xml
----------------- Instantiating /home/travis/build/icyphy/ptII/ptolemy/domains/continuous/test/auto/HierarchicalExecution.xml
2114 ms. Memory: 382976K Free: 249510K (65%)
----------------- Invoking toplevel() on ptolemy.moml.MoMLSimpleApplication@3971ff43
----------------- Done invoking toplevel() on ptolemy.moml.MoMLSimpleApplication@3971ff43
reloadAllAccessors: .HierarchicalExecution

===========================================================================================
----------------- testing Thu Jun 20 13:21:29 UTC 2019 /home/travis/build/icyphy/ptII/ptolemy/domains/continuous/test/auto/HybridPlant.xml
----------------- Instantiating /home/travis/build/icyphy/ptII/ptolemy/domains/continuous/test/auto/HybridPlant.xml
627 ms. Memory: 382976K Free: 212799K (56%)
----------------- Invoking toplevel() on ptolemy.moml.MoMLSimpleApplication@3dec90ec
----------------- Done invoking toplevel() on ptolemy.moml.MoMLSimpleApplication@3dec90ec
reloadAllAccessors: .HybridPlant

===========================================================================================
----------------- testing Thu Jun 20 13:21:30 UTC 2019 /home/travis/build/icyphy/ptII/ptolemy/domains/continuous/test/auto/Hysteresis.xml
----------------- Instantiating /home/travis/build/icyphy/ptII/ptolemy/domains/continuous/test/auto/Hysteresis.xml
160 ms. Memory: 382976K Free: 149821K (39%)
----------------- Invoking toplevel() on ptolemy.moml.MoMLSimpleApplication@1c47085a
----------------- Done invoking toplevel() on ptolemy.moml.MoMLSimpleApplication@1c47085a
reloadAllAccessors: .Hysteresis

===========================================================================================
----------------- testing Thu Jun 20 13:21:30 UTC 2019 /home/travis/build/icyphy/ptII/ptolemy/domains/continuous/test/auto/HysteresisWithRandomDelay.xml
----------------- Instantiating /home/travis/build/icyphy/ptII/ptolemy/domains/continuous/test/auto/HysteresisWithRandomDelay.xml
204 ms. Memory: 382976K Free: 306582K (80%)
----------------- Invoking toplevel() on ptolemy.moml.MoMLSimpleApplication@4cd041ae
----------------- Done invoking toplevel() on ptolemy.moml.MoMLSimpleApplication@4cd041ae
reloadAllAccessors: .HysteresisWithRandomDelay

===========================================================================================
----------------- testing Thu Jun 20 13:21:30 UTC 2019 /home/travis/build/icyphy/ptII/ptolemy/domains/continuous/test/auto/HysteresisWithRandomLosses.xml
----------------- Instantiating /home/travis/build/icyphy/ptII/ptolemy/domains/continuous/test/auto/HysteresisWithRandomLosses.xml
2575 ms. Memory: 382976K Free: 252356K (66%)
----------------- Invoking toplevel() on ptolemy.moml.MoMLSimpleApplication@48df301e
----------------- Done invoking toplevel() on ptolemy.moml.MoMLSimpleApplication@48df301e
reloadAllAccessors: .HysteresisWithRandomLosses

===========================================================================================
----------------- testing Thu Jun 20 13:21:33 UTC 2019 /home/travis/build/icyphy/ptII/ptolemy/domains/continuous/test/auto/ImmediateTransitions.xml
----------------- Instantiating /home/travis/build/icyphy/ptII/ptolemy/domains/continuous/test/auto/ImmediateTransitions.xml
15 ms. Memory: 382976K Free: 241634K (63%)
----------------- Invoking toplevel() on ptolemy.moml.MoMLSimpleApplication@3388ace4
----------------- Done invoking toplevel() on ptolemy.moml.MoMLSimpleApplication@3388ace4
reloadAllAccessors: .ImmediateTransitions

===========================================================================================
----------------- testing Thu Jun 20 13:21:33 UTC 2019 /home/travis/build/icyphy/ptII/ptolemy/domains/continuous/test/auto/ImpulseFeedback.xml
----------------- Instantiating /home/travis/build/icyphy/ptII/ptolemy/domains/continuous/test/auto/ImpulseFeedback.xml
9 ms. Memory: 382976K Free: 236004K (62%)
----------------- Invoking toplevel() on ptolemy.moml.MoMLSimpleApplication@295d6796
----------------- Done invoking toplevel() on ptolemy.moml.MoMLSimpleApplication@295d6796
reloadAllAccessors: .ImpulseFeedback

===========================================================================================
----------------- testing Thu Jun 20 13:21:33 UTC 2019 /home/travis/build/icyphy/ptII/ptolemy/domains/continuous/test/auto/ImpulseFeedback2.xml
----------------- Instantiating /home/travis/build/icyphy/ptII/ptolemy/domains/continuous/test/auto/ImpulseFeedback2.xml
7 ms. Memory: 382976K Free: 230370K (60%)
----------------- Invoking toplevel() on ptolemy.moml.MoMLSimpleApplication@266523
----------------- Done invoking toplevel() on ptolemy.moml.MoMLSimpleApplication@266523
reloadAllAccessors: .ImpulseFeedback2

===========================================================================================
----------------- testing Thu Jun 20 13:21:33 UTC 2019 /home/travis/build/icyphy/ptII/ptolemy/domains/continuous/test/auto/IncreasingRatePoisson.xml
----------------- Instantiating /home/travis/build/icyphy/ptII/ptolemy/domains/continuous/test/auto/IncreasingRatePoisson.xml
894 ms. Memory: 382976K Free: 345680K (90%)
----------------- Invoking toplevel() on ptolemy.moml.MoMLSimpleApplication@4435690a
----------------- Done invoking toplevel() on ptolemy.moml.MoMLSimpleApplication@4435690a
reloadAllAccessors: .IncreasingRatePoisson

===========================================================================================
----------------- testing Thu Jun 20 13:21:34 UTC 2019 /home/travis/build/icyphy/ptII/ptolemy/domains/continuous/test/auto/InitialStateFeedback.xml
----------------- Instantiating /home/travis/build/icyphy/ptII/ptolemy/domains/continuous/test/auto/InitialStateFeedback.xml
5 ms. Memory: 382976K Free: 341088K (89%)
----------------- Invoking toplevel() on ptolemy.moml.MoMLSimpleApplication@13172c92
----------------- Done invoking toplevel() on ptolemy.moml.MoMLSimpleApplication@13172c92
reloadAllAccessors: .InitialStateFeedback

===========================================================================================
----------------- testing Thu Jun 20 13:21:34 UTC 2019 /home/travis/build/icyphy/ptII/ptolemy/domains/continuous/test/auto/Integration.xml
----------------- Instantiating /home/travis/build/icyphy/ptII/ptolemy/domains/continuous/test/auto/Integration.xml
6 ms. Memory: 382976K Free: 336992K (88%)
----------------- Invoking toplevel() on ptolemy.moml.MoMLSimpleApplication@3cfbaad6
----------------- Done invoking toplevel() on ptolemy.moml.MoMLSimpleApplication@3cfbaad6
reloadAllAccessors: .Integration

===========================================================================================
----------------- testing Thu Jun 20 13:21:34 UTC 2019 /home/travis/build/icyphy/ptII/ptolemy/domains/continuous/test/auto/Integration2.xml
----------------- Instantiating /home/travis/build/icyphy/ptII/ptolemy/domains/continuous/test/auto/Integration2.xml
86 ms. Memory: 382976K Free: 322656K (84%)
----------------- Invoking toplevel() on ptolemy.moml.MoMLSimpleApplication@5cedcd31
----------------- Done invoking toplevel() on ptolemy.moml.MoMLSimpleApplication@5cedcd31
reloadAllAccessors: .Integration2

===========================================================================================
----------------- testing Thu Jun 20 13:21:34 UTC 2019 /home/travis/build/icyphy/ptII/ptolemy/domains/continuous/test/auto/Integration3.xml
----------------- Instantiating /home/travis/build/icyphy/ptII/ptolemy/domains/continuous/test/auto/Integration3.xml
3 ms. Memory: 382976K Free: 318046K (83%)
----------------- Invoking toplevel() on ptolemy.moml.MoMLSimpleApplication@2e559442
----------------- Done invoking toplevel() on ptolemy.moml.MoMLSimpleApplication@2e559442
reloadAllAccessors: .Integration3

===========================================================================================
----------------- testing Thu Jun 20 13:21:34 UTC 2019 /home/travis/build/icyphy/ptII/ptolemy/domains/continuous/test/auto/Integration5.xml
----------------- Instantiating /home/travis/build/icyphy/ptII/ptolemy/domains/continuous/test/auto/Integration5.xml
3 ms. Memory: 382976K Free: 313950K (82%)
----------------- Invoking toplevel() on ptolemy.moml.MoMLSimpleApplication@3a115e6b
----------------- Done invoking toplevel() on ptolemy.moml.MoMLSimpleApplication@3a115e6b
reloadAllAccessors: .Integration5

===========================================================================================
----------------- testing Thu Jun 20 13:21:34 UTC 2019 /home/travis/build/icyphy/ptII/ptolemy/domains/continuous/test/auto/IntegratorImpulse.xml
----------------- Instantiating /home/travis/build/icyphy/ptII/ptolemy/domains/continuous/test/auto/IntegratorImpulse.xml
3 ms. Memory: 382976K Free: 309840K (81%)
----------------- Invoking toplevel() on ptolemy.moml.MoMLSimpleApplication@69490026
----------------- Done invoking toplevel() on ptolemy.moml.MoMLSimpleApplication@69490026
reloadAllAccessors: .IntegratorImpulse

===========================================================================================
----------------- testing Thu Jun 20 13:21:34 UTC 2019 /home/travis/build/icyphy/ptII/ptolemy/domains/continuous/test/auto/IntegratorImpulse2.xml
----------------- Instantiating /home/travis/build/icyphy/ptII/ptolemy/domains/continuous/test/auto/IntegratorImpulse2.xml
4 ms. Memory: 382976K Free: 305248K (80%)
----------------- Invoking toplevel() on ptolemy.moml.MoMLSimpleApplication@500981c6
----------------- Done invoking toplevel() on ptolemy.moml.MoMLSimpleApplication@500981c6
reloadAllAccessors: .IntegratorImpulse2

===========================================================================================
----------------- testing Thu Jun 20 13:21:34 UTC 2019 /home/travis/build/icyphy/ptII/ptolemy/domains/continuous/test/auto/LevelCrossing1.xml
----------------- Instantiating /home/travis/build/icyphy/ptII/ptolemy/domains/continuous/test/auto/LevelCrossing1.xml
3 ms. Memory: 382976K Free: 300128K (78%)
----------------- Invoking toplevel() on ptolemy.moml.MoMLSimpleApplication@4330fb03
----------------- Done invoking toplevel() on ptolemy.moml.MoMLSimpleApplication@4330fb03
reloadAllAccessors: .LevelCrossing1

===========================================================================================
----------------- testing Thu Jun 20 13:21:34 UTC 2019 /home/travis/build/icyphy/ptII/ptolemy/domains/continuous/test/auto/LevelCrossing2.xml
----------------- Instantiating /home/travis/build/icyphy/ptII/ptolemy/domains/continuous/test/auto/LevelCrossing2.xml
4 ms. Memory: 382976K Free: 295008K (77%)
----------------- Invoking toplevel() on ptolemy.moml.MoMLSimpleApplication@5dd46acf
----------------- Done invoking toplevel() on ptolemy.moml.MoMLSimpleApplication@5dd46acf
reloadAllAccessors: .LevelCrossing2

===========================================================================================
----------------- testing Thu Jun 20 13:21:34 UTC 2019 /home/travis/build/icyphy/ptII/ptolemy/domains/continuous/test/auto/LevelCrossing3.xml
----------------- Instantiating /home/travis/build/icyphy/ptII/ptolemy/domains/continuous/test/auto/LevelCrossing3.xml
4 ms. Memory: 382976K Free: 289888K (76%)
----------------- Invoking toplevel() on ptolemy.moml.MoMLSimpleApplication@3017c86e
----------------- Done invoking toplevel() on ptolemy.moml.MoMLSimpleApplication@3017c86e
reloadAllAccessors: .LevelCrossing3

===========================================================================================
----------------- testing Thu Jun 20 13:21:34 UTC 2019 /home/travis/build/icyphy/ptII/ptolemy/domains/continuous/test/auto/LevelCrossing4.xml
----------------- Instantiating /home/travis/build/icyphy/ptII/ptolemy/domains/continuous/test/auto/LevelCrossing4.xml
4 ms. Memory: 382976K Free: 284768K (74%)
----------------- Invoking toplevel() on ptolemy.moml.MoMLSimpleApplication@3fccb361
----------------- Done invoking toplevel() on ptolemy.moml.MoMLSimpleApplication@3fccb361
reloadAllAccessors: .LevelCrossing4

===========================================================================================
----------------- testing Thu Jun 20 13:21:34 UTC 2019 /home/travis/build/icyphy/ptII/ptolemy/domains/continuous/test/auto/LevelCrossing5.xml
----------------- Instantiating /home/travis/build/icyphy/ptII/ptolemy/domains/continuous/test/auto/LevelCrossing5.xml
3 ms. Memory: 382976K Free: 279648K (73%)
----------------- Invoking toplevel() on ptolemy.moml.MoMLSimpleApplication@6758803b
----------------- Done invoking toplevel() on ptolemy.moml.MoMLSimpleApplication@6758803b
reloadAllAccessors: .LevelCrossing5

===========================================================================================
[...]
----------------- testing Thu Jun 20 13:21:54 UTC 2019 /home/travis/build/icyphy/ptII/ptolemy/domains/continuous/test/auto/SRinContinuous.xml
----------------- Instantiating /home/travis/build/icyphy/ptII/ptolemy/domains/continuous/test/auto/SRinContinuous.xml
5 ms. Memory: 459776K Free: 393815K (86%)
----------------- Invoking toplevel() on ptolemy.moml.MoMLSimpleApplication@39cacc5b
----------------- Done invoking toplevel() on ptolemy.moml.MoMLSimpleApplication@39cacc5b
reloadAllAccessors: .SRinContinuous

===========================================================================================
----------------- testing Thu Jun 20 13:21:54 UTC 2019 /home/travis/build/icyphy/ptII/ptolemy/domains/continuous/test/auto/SampledClocks.xml
----------------- Instantiating /home/travis/build/icyphy/ptII/ptolemy/domains/continuous/test/auto/SampledClocks.xml
7 ms. Memory: 459776K Free: 381013K (83%)
----------------- Invoking toplevel() on ptolemy.moml.MoMLSimpleApplication@223cd3b9
----------------- Done invoking toplevel() on ptolemy.moml.MoMLSimpleApplication@223cd3b9
reloadAllAccessors: .SampledClocks

===========================================================================================
----------------- testing Thu Jun 20 13:21:54 UTC 2019 /home/travis/build/icyphy/ptII/ptolemy/domains/continuous/test/auto/Satellite.xml
----------------- Instantiating /home/travis/build/icyphy/ptII/ptolemy/domains/continuous/test/auto/Satellite.xml
916 ms. Memory: 459776K Free: 175703K (38%)
----------------- Invoking toplevel() on ptolemy.moml.MoMLSimpleApplication@3c86cb14
----------------- Done invoking toplevel() on ptolemy.moml.MoMLSimpleApplication@3c86cb14
reloadAllAccessors: .Satellite

===========================================================================================
----------------- testing Thu Jun 20 13:21:55 UTC 2019 /home/travis/build/icyphy/ptII/ptolemy/domains/continuous/test/auto/SigmaDelta.xml
----------------- Instantiating /home/travis/build/icyphy/ptII/ptolemy/domains/continuous/test/auto/SigmaDelta.xml
2650 ms. Memory: 459776K Free: 191168K (42%)
----------------- Invoking toplevel() on ptolemy.moml.MoMLSimpleApplication@56a118cf
----------------- Done invoking toplevel() on ptolemy.moml.MoMLSimpleApplication@56a118cf
reloadAllAccessors: .SigmaDelta

===========================================================================================
----------------- testing Thu Jun 20 13:21:58 UTC 2019 /home/travis/build/icyphy/ptII/ptolemy/domains/continuous/test/auto/SingleRefinement.xml
----------------- Instantiating /home/travis/build/icyphy/ptII/ptolemy/domains/continuous/test/auto/SingleRefinement.xml
362 ms. Memory: 459776K Free: 281438K (61%)
----------------- Invoking toplevel() on ptolemy.moml.MoMLSimpleApplication@189d0601
----------------- Done invoking toplevel() on ptolemy.moml.MoMLSimpleApplication@189d0601
reloadAllAccessors: .SingleRefinement

===========================================================================================
----------------- testing Thu Jun 20 13:21:58 UTC 2019 /home/travis/build/icyphy/ptII/ptolemy/domains/continuous/test/auto/SinuBouncingBall.xml
----------------- Instantiating /home/travis/build/icyphy/ptII/ptolemy/domains/continuous/test/auto/SinuBouncingBall.xml
852 ms. Memory: 459776K Free: 335671K (73%)
----------------- Invoking toplevel() on ptolemy.moml.MoMLSimpleApplication@7111efd8
----------------- Done invoking toplevel() on ptolemy.moml.MoMLSimpleApplication@7111efd8
reloadAllAccessors: .SinuBouncingBall

===========================================================================================
----------------- testing Thu Jun 20 13:21:59 UTC 2019 /home/travis/build/icyphy/ptII/ptolemy/domains/continuous/test/auto/Sinusoid.xml
----------------- Instantiating /home/travis/build/icyphy/ptII/ptolemy/domains/continuous/test/auto/Sinusoid.xml
5 ms. Memory: 459776K Free: 331079K (72%)
----------------- Invoking toplevel() on ptolemy.moml.MoMLSimpleApplication@5cabd1a3
----------------- Done invoking toplevel() on ptolemy.moml.MoMLSimpleApplication@5cabd1a3
reloadAllAccessors: .Sinusoid

===========================================================================================
----------------- testing Thu Jun 20 13:21:59 UTC 2019 /home/travis/build/icyphy/ptII/ptolemy/domains/continuous/test/auto/SinusoidInNoise.xml
----------------- Instantiating /home/travis/build/icyphy/ptII/ptolemy/domains/continuous/test/auto/SinusoidInNoise.xml
984 ms. Memory: 459776K Free: 193863K (42%)
----------------- Invoking toplevel() on ptolemy.moml.MoMLSimpleApplication@3b433385
----------------- Done invoking toplevel() on ptolemy.moml.MoMLSimpleApplication@3b433385
reloadAllAccessors: .SinusoidInNoise

===========================================================================================
----------------- testing Thu Jun 20 13:22:00 UTC 2019 /home/travis/build/icyphy/ptII/ptolemy/domains/continuous/test/auto/SinusoidRK45.xml
----------------- Instantiating /home/travis/build/icyphy/ptII/ptolemy/domains/continuous/test/auto/SinusoidRK45.xml
2 ms. Memory: 459776K Free: 189767K (41%)
----------------- Invoking toplevel() on ptolemy.moml.MoMLSimpleApplication@47b504b7
----------------- Done invoking toplevel() on ptolemy.moml.MoMLSimpleApplication@47b504b7
reloadAllAccessors: .SinusoidRK45

===========================================================================================
----------------- testing Thu Jun 20 13:22:00 UTC 2019 /home/travis/build/icyphy/ptII/ptolemy/domains/continuous/test/auto/SinusoidWithMultipleImpulses.xml
----------------- Instantiating /home/travis/build/icyphy/ptII/ptolemy/domains/continuous/test/auto/SinusoidWithMultipleImpulses.xml
3 ms. Memory: 459776K Free: 185157K (40%)
----------------- Invoking toplevel() on ptolemy.moml.MoMLSimpleApplication@15a7556d
----------------- Done invoking toplevel() on ptolemy.moml.MoMLSimpleApplication@15a7556d
reloadAllAccessors: .SinusoidWithMultipleImpulses

===========================================================================================
----------------- testing Thu Jun 20 13:22:00 UTC 2019 /home/travis/build/icyphy/ptII/ptolemy/domains/continuous/test/auto/SquareWave.xml
----------------- Instantiating /home/travis/build/icyphy/ptII/ptolemy/domains/continuous/test/auto/SquareWave.xml
181 ms. Memory: 459776K Free: 432345K (94%)
----------------- Invoking toplevel() on ptolemy.moml.MoMLSimpleApplication@1c0a79be
----------------- Done invoking toplevel() on ptolemy.moml.MoMLSimpleApplication@1c0a79be
reloadAllAccessors: .SquareWave

===========================================================================================
----------------- testing Thu Jun 20 13:22:01 UTC 2019 /home/travis/build/icyphy/ptII/ptolemy/domains/continuous/test/auto/Starmac.xml
----------------- Instantiating /home/travis/build/icyphy/ptII/ptolemy/domains/continuous/test/auto/Starmac.xml
3121 ms. Memory: 459776K Free: 381142K (83%)
----------------- Invoking toplevel() on ptolemy.moml.MoMLSimpleApplication@e5cfb0a
----------------- Done invoking toplevel() on ptolemy.moml.MoMLSimpleApplication@e5cfb0a
reloadAllAccessors: .Starmac

===========================================================================================
----------------- testing Thu Jun 20 13:22:04 UTC 2019 /home/travis/build/icyphy/ptII/ptolemy/domains/continuous/test/auto/StaticUnits.xml
----------------- Instantiating /home/travis/build/icyphy/ptII/ptolemy/domains/continuous/test/auto/StaticUnits.xml
2236 ms. Memory: 459776K Free: 176613K (38%)
----------------- Invoking toplevel() on ptolemy.moml.MoMLSimpleApplication@739d04fa
----------------- Done invoking toplevel() on ptolemy.moml.MoMLSimpleApplication@739d04fa
reloadAllAccessors: .StaticUnits

===========================================================================================
----------------- testing Thu Jun 20 13:22:07 UTC 2019 /home/travis/build/icyphy/ptII/ptolemy/domains/continuous/test/auto/StickyMasses.xml
----------------- Instantiating /home/travis/build/icyphy/ptII/ptolemy/domains/continuous/test/auto/StickyMasses.xml
149 ms. Memory: 459776K Free: 396411K (86%)
----------------- Invoking toplevel() on ptolemy.moml.MoMLSimpleApplication@4f18f49f
----------------- Done invoking toplevel() on ptolemy.moml.MoMLSimpleApplication@4f18f49f
reloadAllAccessors: .StickyMasses

===========================================================================================
----------------- testing Thu Jun 20 13:22:07 UTC 2019 /home/travis/build/icyphy/ptII/ptolemy/domains/continuous/test/auto/StopTime.xml
----------------- Instantiating /home/travis/build/icyphy/ptII/ptolemy/domains/continuous/test/auto/StopTime.xml
44 ms. Memory: 459776K Free: 371325K (81%)
----------------- Invoking toplevel() on ptolemy.moml.MoMLSimpleApplication@2e491d14
----------------- Done invoking toplevel() on ptolemy.moml.MoMLSimpleApplication@2e491d14
reloadAllAccessors: .StopTime

===========================================================================================
----------------- testing Thu Jun 20 13:22:07 UTC 2019 /home/travis/build/icyphy/ptII/ptolemy/domains/continuous/test/auto/StopTime2.xml
----------------- Instantiating /home/travis/build/icyphy/ptII/ptolemy/domains/continuous/test/auto/StopTime2.xml
40 ms. Memory: 459776K Free: 349292K (76%)
----------------- Invoking toplevel() on ptolemy.moml.MoMLSimpleApplication@1b0096ec
----------------- Done invoking toplevel() on ptolemy.moml.MoMLSimpleApplication@1b0096ec
reloadAllAccessors: .StopTime2

===========================================================================================
----------------- testing Thu Jun 20 13:22:07 UTC 2019 /home/travis/build/icyphy/ptII/ptolemy/domains/continuous/test/auto/Switch.xml
----------------- Instantiating /home/travis/build/icyphy/ptII/ptolemy/domains/continuous/test/auto/Switch.xml
46 ms. Memory: 459776K Free: 324716K (71%)
----------------- Invoking toplevel() on ptolemy.moml.MoMLSimpleApplication@5ff039d4
----------------- Done invoking toplevel() on ptolemy.moml.MoMLSimpleApplication@5ff039d4
reloadAllAccessors: .Switch

===========================================================================================
----------------- testing Thu Jun 20 13:22:07 UTC 2019 /home/travis/build/icyphy/ptII/ptolemy/domains/continuous/test/auto/Thermostat.xml
----------------- Instantiating /home/travis/build/icyphy/ptII/ptolemy/domains/continuous/test/auto/Thermostat.xml
196 ms. Memory: 459776K Free: 253020K (55%)
----------------- Invoking toplevel() on ptolemy.moml.MoMLSimpleApplication@1c35afd9
----------------- Done invoking toplevel() on ptolemy.moml.MoMLSimpleApplication@1c35afd9
reloadAllAccessors: .Thermostat

===========================================================================================
----------------- testing Thu Jun 20 13:22:08 UTC 2019 /home/travis/build/icyphy/ptII/ptolemy/domains/continuous/test/auto/TimeDelay.xml
----------------- Instantiating /home/travis/build/icyphy/ptII/ptolemy/domains/continuous/test/auto/TimeDelay.xml
7 ms. Memory: 459776K Free: 248445K (54%)
----------------- Invoking toplevel() on ptolemy.moml.MoMLSimpleApplication@3ef61d4
----------------- Done invoking toplevel() on ptolemy.moml.MoMLSimpleApplication@3ef61d4
reloadAllAccessors: .TimeDelay

===========================================================================================
----------------- testing Thu Jun 20 13:22:08 UTC 2019 /home/travis/build/icyphy/ptII/ptolemy/domains/continuous/test/auto/TimeDelay2.xml
----------------- Instantiating /home/travis/build/icyphy/ptII/ptolemy/domains/continuous/test/auto/TimeDelay2.xml
8 ms. Memory: 459776K Free: 238715K (52%)
----------------- Invoking toplevel() on ptolemy.moml.MoMLSimpleApplication@5b1ec88c
----------------- Done invoking toplevel() on ptolemy.moml.MoMLSimpleApplication@5b1ec88c
reloadAllAccessors: .TimeDelay2

===========================================================================================
----------------- testing Thu Jun 20 13:22:08 UTC 2019 /home/travis/build/icyphy/ptII/ptolemy/domains/continuous/test/auto/TimeDelay3.xml
----------------- Instantiating /home/travis/build/icyphy/ptII/ptolemy/domains/continuous/test/auto/TimeDelay3.xml
7 ms. Memory: 459776K Free: 234604K (51%)
----------------- Invoking toplevel() on ptolemy.moml.MoMLSimpleApplication@6ce9fab8
----------------- Done invoking toplevel() on ptolemy.moml.MoMLSimpleApplication@6ce9fab8
reloadAllAccessors: .TimeDelay3

===========================================================================================
----------------- testing Thu Jun 20 13:22:08 UTC 2019 /home/travis/build/icyphy/ptII/ptolemy/domains/continuous/test/auto/TransferAbsentToInside.xml
----------------- Instantiating /home/travis/build/icyphy/ptII/ptolemy/domains/continuous/test/auto/TransferAbsentToInside.xml
32 ms. Memory: 459776K Free: 181885K (40%)
----------------- Invoking toplevel() on ptolemy.moml.MoMLSimpleApplication@47f969dd
----------------- Done invoking toplevel() on ptolemy.moml.MoMLSimpleApplication@47f969dd
reloadAllAccessors: .TransferAbsentToInside

===========================================================================================
----------------- testing Thu Jun 20 13:22:08 UTC 2019 /home/travis/build/icyphy/ptII/ptolemy/domains/continuous/test/auto/Transmission.xml
----------------- Instantiating /home/travis/build/icyphy/ptII/ptolemy/domains/continuous/test/auto/Transmission.xml
800 ms. Memory: 459776K Free: 218734K (48%)
----------------- Invoking toplevel() on ptolemy.moml.MoMLSimpleApplication@59fe7785
----------------- Done invoking toplevel() on ptolemy.moml.MoMLSimpleApplication@59fe7785
reloadAllAccessors: .Transmission

===========================================================================================
----------------- testing Thu Jun 20 13:22:09 UTC 2019 /home/travis/build/icyphy/ptII/ptolemy/domains/continuous/test/auto/TriggeredContinuousClock.xml
----------------- Instantiating /home/travis/build/icyphy/ptII/ptolemy/domains/continuous/test/auto/TriggeredContinuousClock.xml
41 ms. Memory: 459776K Free: 189558K (41%)
----------------- Invoking toplevel() on ptolemy.moml.MoMLSimpleApplication@357dce40
----------------- Done invoking toplevel() on ptolemy.moml.MoMLSimpleApplication@357dce40
reloadAllAccessors: .TriggeredContinuousClock

===========================================================================================
----------------- testing Thu Jun 20 13:22:09 UTC 2019 /home/travis/build/icyphy/ptII/ptolemy/domains/continuous/test/auto/TwoMachineInfiniteBusControl.xml
----------------- Instantiating /home/travis/build/icyphy/ptII/ptolemy/domains/continuous/test/auto/TwoMachineInfiniteBusControl.xml
3106 ms. Memory: 459776K Free: 401945K (87%)
----------------- Invoking toplevel() on ptolemy.moml.MoMLSimpleApplication@7798e907
----------------- Done invoking toplevel() on ptolemy.moml.MoMLSimpleApplication@7798e907
reloadAllAccessors: .TwoMachineInfiniteBusControl

===========================================================================================
----------------- testing Thu Jun 20 13:22:12 UTC 2019 /home/travis/build/icyphy/ptII/ptolemy/domains/continuous/test/auto/V2V.xml
----------------- Instantiating /home/travis/build/icyphy/ptII/ptolemy/domains/continuous/test/auto/V2V.xml
839 ms. Memory: 459776K Free: 213529K (46%)
----------------- Invoking toplevel() on ptolemy.moml.MoMLSimpleApplication@ebdef62
----------------- Done invoking toplevel() on ptolemy.moml.MoMLSimpleApplication@ebdef62
reloadAllAccessors: .V2V

===========================================================================================
----------------- testing Thu Jun 20 13:22:13 UTC 2019 /home/travis/build/icyphy/ptII/ptolemy/domains/continuous/test/auto/hierarchicalModalModel.xml
----------------- Instantiating /home/travis/build/icyphy/ptII/ptolemy/domains/continuous/test/auto/hierarchicalModalModel.xml
10 ms. Memory: 459776K Free: 199707K (43%)
----------------- Invoking toplevel() on ptolemy.moml.MoMLSimpleApplication@37496b23
----------------- Done invoking toplevel() on ptolemy.moml.MoMLSimpleApplication@37496b23
reloadAllAccessors: .hierarchicalModalModel

===========================================================================================
----------------- testing Thu Jun 20 13:22:13 UTC 2019 /home/travis/build/icyphy/ptII/ptolemy/domains/continuous/test/auto/hierarchicalModalModel1.xml
----------------- Instantiating /home/travis/build/icyphy/ptII/ptolemy/domains/continuous/test/auto/hierarchicalModalModel1.xml
10 ms. Memory: 459776K Free: 185371K (40%)
----------------- Invoking toplevel() on ptolemy.moml.MoMLSimpleApplication@6645b7c5
----------------- Done invoking toplevel() on ptolemy.moml.MoMLSimpleApplication@6645b7c5
reloadAllAccessors: .hierarchicalModalModel1

===========================================================================================
----------------- testing Thu Jun 20 13:22:13 UTC 2019 /home/travis/build/icyphy/ptII/ptolemy/domains/continuous/test/auto/hierarchicalModalModel2.xml
----------------- Instantiating /home/travis/build/icyphy/ptII/ptolemy/domains/continuous/test/auto/hierarchicalModalModel2.xml
8 ms. Memory: 459776K Free: 173083K (38%)
----------------- Invoking toplevel() on ptolemy.moml.MoMLSimpleApplication@59a50471
----------------- Done invoking toplevel() on ptolemy.moml.MoMLSimpleApplication@59a50471
reloadAllAccessors: .hierarchicalModalModel2

===========================================================================================
----------------- testing Thu Jun 20 13:22:13 UTC 2019 /home/travis/build/icyphy/ptII/ptolemy/domains/continuous/test/auto/hierarchicalModalModel3.xml
----------------- Instantiating /home/travis/build/icyphy/ptII/ptolemy/domains/continuous/test/auto/hierarchicalModalModel3.xml
6 ms. Memory: 459776K Free: 432147K (94%)
----------------- Invoking toplevel() on ptolemy.moml.MoMLSimpleApplication@31e0217b
----------------- Done invoking toplevel() on ptolemy.moml.MoMLSimpleApplication@31e0217b
reloadAllAccessors: .hierarchicalModalModel3

===========================================================================================
----------------- testing Thu Jun 20 13:22:13 UTC 2019 /home/travis/build/icyphy/ptII/ptolemy/domains/continuous/test/auto/hierarchicalModalModel4.xml
----------------- Instantiating /home/travis/build/icyphy/ptII/ptolemy/domains/continuous/test/auto/hierarchicalModalModel4.xml
5 ms. Memory: 459776K Free: 420369K (91%)
----------------- Invoking toplevel() on ptolemy.moml.MoMLSimpleApplication@3695dc1a
----------------- Done invoking toplevel() on ptolemy.moml.MoMLSimpleApplication@3695dc1a
reloadAllAccessors: .hierarchicalModalModel4

===========================================================================================
----------------- testing Thu Jun 20 13:22:13 UTC 2019 /home/travis/build/icyphy/ptII/ptolemy/domains/continuous/test/auto/junk.xml
----------------- Instantiating /home/travis/build/icyphy/ptII/ptolemy/domains/continuous/test/auto/junk.xml
144 ms. Memory: 459776K Free: 392211K (85%)
----------------- Invoking toplevel() on ptolemy.moml.MoMLSimpleApplication@102ecb8d
----------------- Done invoking toplevel() on ptolemy.moml.MoMLSimpleApplication@102ecb8d
reloadAllAccessors: .junk
AutoTests.java: About to close Vertx.
AutoTests.java: Vertx closed.
]]></system-out>
  <system-err><![CDATA[Warning: '.HysteresisWithRandomDelay.NonStrictTest' The test produced only 221 tokens, yet the correctValues parameter was expecting 222 tokens.
Warning: '.HysteresisWithRandomDelay.NonStrictTest2' The test produced only 220 tokens, yet the correctValues parameter was expecting 221 tokens.
Warning: '.Poisson.NonStrictTest' The test produced only 413 tokens, yet the correctValues parameter was expecting 430 tokens.
]]></system-err>
</testsuite>
