<?xml version="1.0" encoding="UTF-8" ?>
<testsuite errors="0" failures="0" hostname="travis-job-d988965b-0016-449d-b565-27d974e417ca" name="ptolemy.domains.modal.test.junit.JUnitTclTest" skipped="0" tests="148" time="10.379" timestamp="2020-03-11T07:16:25">
  <properties>
[...]
</properties>
  <testcase classname="ptolemy.util.test.junit.TclTests" name="[0] /home/travis/build/icyphy/ptII/ptolemy/domains/modal/test/SystemLevelType.tcl (RunTclFile)" time="1.909" />
  <testcase classname="ptolemy.util.test.junit.AutoKnownFailedTests" name="[0] /home/travis/build/icyphy/ptII/ptolemy/domains/modal/test/auto/knownFailedTests/CannotAnalysisWithPreemption.xml (RunModel)" time="0.29" />
  <testcase classname="ptolemy.util.test.junit.AutoNameArchTests" name="[0] ThereAreNoAutoArchTests (RunModel)" time="0.001" />
  <testcase classname="ptolemy.util.test.junit.AutoTests" name="[0] /home/travis/build/icyphy/ptII/ptolemy/domains/modal/test/auto/ABPTest.xml (RunModel)" time="0.633" />
  <testcase classname="ptolemy.util.test.junit.AutoTests" name="[1] /home/travis/build/icyphy/ptII/ptolemy/domains/modal/test/auto/ABROFlat.xml (RunModel)" time="0.089" />
  <testcase classname="ptolemy.util.test.junit.AutoTests" name="[2] /home/travis/build/icyphy/ptII/ptolemy/domains/modal/test/auto/ABROFlat2.xml (RunModel)" time="0.076" />
  <testcase classname="ptolemy.util.test.junit.AutoTests" name="[3] /home/travis/build/icyphy/ptII/ptolemy/domains/modal/test/auto/ABRO_present_hmm.xml (RunModel)" time="0.108" />
  <testcase classname="ptolemy.util.test.junit.AutoTests" name="[4] /home/travis/build/icyphy/ptII/ptolemy/domains/modal/test/auto/AMICoderExample.xml (RunModel)" time="0.064" />
  <testcase classname="ptolemy.util.test.junit.AutoTests" name="[5] /home/travis/build/icyphy/ptII/ptolemy/domains/modal/test/auto/AbsentToPresent.xml (RunModel)" time="0.021" />
  <testcase classname="ptolemy.util.test.junit.AutoTests" name="[6] /home/travis/build/icyphy/ptII/ptolemy/domains/modal/test/auto/Blending.xml (RunModel)" time="0.32" />
  <testcase classname="ptolemy.util.test.junit.AutoTests" name="[7] /home/travis/build/icyphy/ptII/ptolemy/domains/modal/test/auto/Broadcast.xml (RunModel)" time="0.043" />
  <testcase classname="ptolemy.util.test.junit.AutoTests" name="[8] /home/travis/build/icyphy/ptII/ptolemy/domains/modal/test/auto/BroadcastHierarchy.xml (RunModel)" time="0.063" />
  <testcase classname="ptolemy.util.test.junit.AutoTests" name="[9] /home/travis/build/icyphy/ptII/ptolemy/domains/modal/test/auto/BroadcastHierarchy2.xml (RunModel)" time="0.117" />
  <testcase classname="ptolemy.util.test.junit.AutoTests" name="[10] /home/travis/build/icyphy/ptII/ptolemy/domains/modal/test/auto/BroadcastHierarchy3.xml (RunModel)" time="0.095" />
  <testcase classname="ptolemy.util.test.junit.AutoTests" name="[11] /home/travis/build/icyphy/ptII/ptolemy/domains/modal/test/auto/BroadcastHierarchy4.xml (RunModel)" time="0.09" />
  <testcase classname="ptolemy.util.test.junit.AutoTests" name="[12] /home/travis/build/icyphy/ptII/ptolemy/domains/modal/test/auto/CannotAnalysisWithPreemption2.xml (RunModel)" time="0.037" />
  <testcase classname="ptolemy.util.test.junit.AutoTests" name="[13] /home/travis/build/icyphy/ptII/ptolemy/domains/modal/test/auto/CannotAnalysisWithPreemption3.xml (RunModel)" time="0.037" />
  <testcase classname="ptolemy.util.test.junit.AutoTests" name="[14] /home/travis/build/icyphy/ptII/ptolemy/domains/modal/test/auto/CannotProduce.xml (RunModel)" time="0.053" />
  <testcase classname="ptolemy.util.test.junit.AutoTests" name="[15] /home/travis/build/icyphy/ptII/ptolemy/domains/modal/test/auto/CannotProduceModal.xml (RunModel)" time="0.023" />
  <testcase classname="ptolemy.util.test.junit.AutoTests" name="[16] /home/travis/build/icyphy/ptII/ptolemy/domains/modal/test/auto/Case.xml (RunModel)" time="0.077" />
  <testcase classname="ptolemy.util.test.junit.AutoTests" name="[17] /home/travis/build/icyphy/ptII/ptolemy/domains/modal/test/auto/Case1.xml (RunModel)" time="0.038" />
  <testcase classname="ptolemy.util.test.junit.AutoTests" name="[18] /home/travis/build/icyphy/ptII/ptolemy/domains/modal/test/auto/Case2.xml (RunModel)" time="0.049" />
  <testcase classname="ptolemy.util.test.junit.AutoTests" name="[19] /home/travis/build/icyphy/ptII/ptolemy/domains/modal/test/auto/CausalityInterface1.xml (RunModel)" time="0.021" />
  <testcase classname="ptolemy.util.test.junit.AutoTests" name="[20] /home/travis/build/icyphy/ptII/ptolemy/domains/modal/test/auto/CausalityInterface10.xml (RunModel)" time="0.056" />
  <testcase classname="ptolemy.util.test.junit.AutoTests" name="[21] /home/travis/build/icyphy/ptII/ptolemy/domains/modal/test/auto/CausalityInterface11.xml (RunModel)" time="0.05" />
  <testcase classname="ptolemy.util.test.junit.AutoTests" name="[22] /home/travis/build/icyphy/ptII/ptolemy/domains/modal/test/auto/CausalityInterface12.xml (RunModel)" time="0.042" />
  <testcase classname="ptolemy.util.test.junit.AutoTests" name="[23] /home/travis/build/icyphy/ptII/ptolemy/domains/modal/test/auto/CausalityInterface13.xml (RunModel)" time="0.068" />
  <testcase classname="ptolemy.util.test.junit.AutoTests" name="[24] /home/travis/build/icyphy/ptII/ptolemy/domains/modal/test/auto/CausalityInterface14.xml (RunModel)" time="0.074" />
  <testcase classname="ptolemy.util.test.junit.AutoTests" name="[25] /home/travis/build/icyphy/ptII/ptolemy/domains/modal/test/auto/CausalityInterface2.xml (RunModel)" time="0.03" />
  <testcase classname="ptolemy.util.test.junit.AutoTests" name="[26] /home/travis/build/icyphy/ptII/ptolemy/domains/modal/test/auto/CausalityInterface3.xml (RunModel)" time="0.026" />
  <testcase classname="ptolemy.util.test.junit.AutoTests" name="[27] /home/travis/build/icyphy/ptII/ptolemy/domains/modal/test/auto/CausalityInterface4.xml (RunModel)" time="0.03" />
  <testcase classname="ptolemy.util.test.junit.AutoTests" name="[28] /home/travis/build/icyphy/ptII/ptolemy/domains/modal/test/auto/CausalityInterface5.xml (RunModel)" time="0.03" />
  <testcase classname="ptolemy.util.test.junit.AutoTests" name="[29] /home/travis/build/icyphy/ptII/ptolemy/domains/modal/test/auto/CausalityInterface6.xml (RunModel)" time="0.025" />
  <testcase classname="ptolemy.util.test.junit.AutoTests" name="[30] /home/travis/build/icyphy/ptII/ptolemy/domains/modal/test/auto/CausalityInterface7.xml (RunModel)" time="0.031" />
  <testcase classname="ptolemy.util.test.junit.AutoTests" name="[31] /home/travis/build/icyphy/ptII/ptolemy/domains/modal/test/auto/CausalityInterface8.xml (RunModel)" time="0.028" />
  <testcase classname="ptolemy.util.test.junit.AutoTests" name="[32] /home/travis/build/icyphy/ptII/ptolemy/domains/modal/test/auto/CausalityInterface9.xml (RunModel)" time="0.041" />
  <testcase classname="ptolemy.util.test.junit.AutoTests" name="[33] /home/travis/build/icyphy/ptII/ptolemy/domains/modal/test/auto/ChainedTransitions.xml (RunModel)" time="0.155" />
  <testcase classname="ptolemy.util.test.junit.AutoTests" name="[34] /home/travis/build/icyphy/ptII/ptolemy/domains/modal/test/auto/CycleOfImmediateTransitionsFSM.xml (RunModel)" time="0.027" />
  <testcase classname="ptolemy.util.test.junit.AutoTests" name="[35] /home/travis/build/icyphy/ptII/ptolemy/domains/modal/test/auto/CycleOfImmediateTransitionsModal.xml (RunModel)" time="0.027" />
  <testcase classname="ptolemy.util.test.junit.AutoTests" name="[36] /home/travis/build/icyphy/ptII/ptolemy/domains/modal/test/auto/CycleOfImmediateTransitionsModal2.xml (RunModel)" time="0.044" />
  <testcase classname="ptolemy.util.test.junit.AutoTests" name="[37] /home/travis/build/icyphy/ptII/ptolemy/domains/modal/test/auto/CycleOfImmediateTransitionsModal3.xml (RunModel)" time="0.081" />
  <testcase classname="ptolemy.util.test.junit.AutoTests" name="[38] /home/travis/build/icyphy/ptII/ptolemy/domains/modal/test/auto/DeepModal1.xml (RunModel)" time="0.057" />
  <testcase classname="ptolemy.util.test.junit.AutoTests" name="[39] /home/travis/build/icyphy/ptII/ptolemy/domains/modal/test/auto/DeepModal2.xml (RunModel)" time="0.058" />
  <testcase classname="ptolemy.util.test.junit.AutoTests" name="[40] /home/travis/build/icyphy/ptII/ptolemy/domains/modal/test/auto/DeepModal3.xml (RunModel)" time="0.064" />
  <testcase classname="ptolemy.util.test.junit.AutoTests" name="[41] /home/travis/build/icyphy/ptII/ptolemy/domains/modal/test/auto/DeepModal4.xml (RunModel)" time="0.071" />
  <testcase classname="ptolemy.util.test.junit.AutoTests" name="[42] /home/travis/build/icyphy/ptII/ptolemy/domains/modal/test/auto/Default1.xml (RunModel)" time="0.015" />
  <testcase classname="ptolemy.util.test.junit.AutoTests" name="[43] /home/travis/build/icyphy/ptII/ptolemy/domains/modal/test/auto/Default2.xml (RunModel)" time="0.043" />
  <testcase classname="ptolemy.util.test.junit.AutoTests" name="[44] /home/travis/build/icyphy/ptII/ptolemy/domains/modal/test/auto/Default3.xml (RunModel)" time="0.019" />
  <testcase classname="ptolemy.util.test.junit.AutoTests" name="[45] /home/travis/build/icyphy/ptII/ptolemy/domains/modal/test/auto/Default4.xml (RunModel)" time="0.019" />
  <testcase classname="ptolemy.util.test.junit.AutoTests" name="[46] /home/travis/build/icyphy/ptII/ptolemy/domains/modal/test/auto/Default5.xml (RunModel)" time="0.022" />
  <testcase classname="ptolemy.util.test.junit.AutoTests" name="[47] /home/travis/build/icyphy/ptII/ptolemy/domains/modal/test/auto/EmptyGuard.xml (RunModel)" time="0.025" />
  <testcase classname="ptolemy.util.test.junit.AutoTests" name="[48] /home/travis/build/icyphy/ptII/ptolemy/domains/modal/test/auto/ErrorTransition1.xml (RunModel)" time="0.03" />
  <testcase classname="ptolemy.util.test.junit.AutoTests" name="[49] /home/travis/build/icyphy/ptII/ptolemy/domains/modal/test/auto/ErrorTransition10.xml (RunModel)" time="0.045" />
  <testcase classname="ptolemy.util.test.junit.AutoTests" name="[50] /home/travis/build/icyphy/ptII/ptolemy/domains/modal/test/auto/ErrorTransition11.xml (RunModel)" time="0.035" />
  <testcase classname="ptolemy.util.test.junit.AutoTests" name="[51] /home/travis/build/icyphy/ptII/ptolemy/domains/modal/test/auto/ErrorTransition2.xml (RunModel)" time="0.027" />
  <testcase classname="ptolemy.util.test.junit.AutoTests" name="[52] /home/travis/build/icyphy/ptII/ptolemy/domains/modal/test/auto/ErrorTransition3.xml (RunModel)" time="0.036" />
  <testcase classname="ptolemy.util.test.junit.AutoTests" name="[53] /home/travis/build/icyphy/ptII/ptolemy/domains/modal/test/auto/ErrorTransition4.xml (RunModel)" time="0.026" />
  <testcase classname="ptolemy.util.test.junit.AutoTests" name="[54] /home/travis/build/icyphy/ptII/ptolemy/domains/modal/test/auto/ErrorTransition5.xml (RunModel)" time="0.025" />
  <testcase classname="ptolemy.util.test.junit.AutoTests" name="[55] /home/travis/build/icyphy/ptII/ptolemy/domains/modal/test/auto/ErrorTransition6.xml (RunModel)" time="0.047" />
  <testcase classname="ptolemy.util.test.junit.AutoTests" name="[56] /home/travis/build/icyphy/ptII/ptolemy/domains/modal/test/auto/ErrorTransition7.xml (RunModel)" time="0.055" />
  <testcase classname="ptolemy.util.test.junit.AutoTests" name="[57] /home/travis/build/icyphy/ptII/ptolemy/domains/modal/test/auto/ErrorTransition8.xml (RunModel)" time="0.072" />
  <testcase classname="ptolemy.util.test.junit.AutoTests" name="[58] /home/travis/build/icyphy/ptII/ptolemy/domains/modal/test/auto/ErrorTransition9.xml (RunModel)" time="0.048" />
  <testcase classname="ptolemy.util.test.junit.AutoTests" name="[59] /home/travis/build/icyphy/ptII/ptolemy/domains/modal/test/auto/ExtendedFSM.xml (RunModel)" time="0.024" />
  <testcase classname="ptolemy.util.test.junit.AutoTests" name="[60] /home/travis/build/icyphy/ptII/ptolemy/domains/modal/test/auto/FinalStates.xml (RunModel)" time="0.027" />
  <testcase classname="ptolemy.util.test.junit.AutoTests" name="[61] /home/travis/build/icyphy/ptII/ptolemy/domains/modal/test/auto/FixedPointFSM.xml (RunModel)" time="0.056" />
  <testcase classname="ptolemy.util.test.junit.AutoTests" name="[62] /home/travis/build/icyphy/ptII/ptolemy/domains/modal/test/auto/FixedPointIterationFSMActor.xml (RunModel)" time="0.036" />
  <testcase classname="ptolemy.util.test.junit.AutoTests" name="[63] /home/travis/build/icyphy/ptII/ptolemy/domains/modal/test/auto/FixedPointIterationFSMActor2.xml (RunModel)" time="0.037" />
  <testcase classname="ptolemy.util.test.junit.AutoTests" name="[64] /home/travis/build/icyphy/ptII/ptolemy/domains/modal/test/auto/ForbiddenInstantanousLoop.xml (RunModel)" time="0.031" />
  <testcase classname="ptolemy.util.test.junit.AutoTests" name="[65] /home/travis/build/icyphy/ptII/ptolemy/domains/modal/test/auto/FunctionDependencyOfFSMActorTest.xml (RunModel)" time="0.024" />
  <testcase classname="ptolemy.util.test.junit.AutoTests" name="[66] /home/travis/build/icyphy/ptII/ptolemy/domains/modal/test/auto/GuardExpression.xml (RunModel)" time="0.017" />
  <testcase classname="ptolemy.util.test.junit.AutoTests" name="[67] /home/travis/build/icyphy/ptII/ptolemy/domains/modal/test/auto/GuardNotEvaluated.xml (RunModel)" time="0.041" />
  <testcase classname="ptolemy.util.test.junit.AutoTests" name="[68] /home/travis/build/icyphy/ptII/ptolemy/domains/modal/test/auto/GuardNotEvaluated2.xml (RunModel)" time="0.026" />
  <testcase classname="ptolemy.util.test.junit.AutoTests" name="[69] /home/travis/build/icyphy/ptII/ptolemy/domains/modal/test/auto/GuardOnAbsent.xml (RunModel)" time="0.021" />
  <testcase classname="ptolemy.util.test.junit.AutoTests" name="[70] /home/travis/build/icyphy/ptII/ptolemy/domains/modal/test/auto/HierarchicalFSMTypeInference.xml (RunModel)" time="0.027" />
  <testcase classname="ptolemy.util.test.junit.AutoTests" name="[71] /home/travis/build/icyphy/ptII/ptolemy/domains/modal/test/auto/Hysteresis.xml (RunModel)" time="0.049" />
  <testcase classname="ptolemy.util.test.junit.AutoTests" name="[72] /home/travis/build/icyphy/ptII/ptolemy/domains/modal/test/auto/HysteresisWithDefault.xml (RunModel)" time="0.066" />
  <testcase classname="ptolemy.util.test.junit.AutoTests" name="[73] /home/travis/build/icyphy/ptII/ptolemy/domains/modal/test/auto/HysteresisWithDefault2.xml (RunModel)" time="0.072" />
  <testcase classname="ptolemy.util.test.junit.AutoTests" name="[74] /home/travis/build/icyphy/ptII/ptolemy/domains/modal/test/auto/ImmediateNonConstructiveness.xml (RunModel)" time="0.017" />
  <testcase classname="ptolemy.util.test.junit.AutoTests" name="[75] /home/travis/build/icyphy/ptII/ptolemy/domains/modal/test/auto/ImmediateNonConstructiveness2.xml (RunModel)" time="0.015" />
  <testcase classname="ptolemy.util.test.junit.AutoTests" name="[76] /home/travis/build/icyphy/ptII/ptolemy/domains/modal/test/auto/ImmediateTransitionReset.xml (RunModel)" time="0.032" />
  <testcase classname="ptolemy.util.test.junit.AutoTests" name="[77] /home/travis/build/icyphy/ptII/ptolemy/domains/modal/test/auto/ImmediateTransitions1.xml (RunModel)" time="0.012" />
  <testcase classname="ptolemy.util.test.junit.AutoTests" name="[78] /home/travis/build/icyphy/ptII/ptolemy/domains/modal/test/auto/ImmediateTransitionsInstantaneousCommunication.xml (RunModel)" time="0.039" />
  <testcase classname="ptolemy.util.test.junit.AutoTests" name="[79] /home/travis/build/icyphy/ptII/ptolemy/domains/modal/test/auto/InitialImmediateTransition.xml (RunModel)" time="0.015" />
  <testcase classname="ptolemy.util.test.junit.AutoTests" name="[80] /home/travis/build/icyphy/ptII/ptolemy/domains/modal/test/auto/InitialOutputs.xml (RunModel)" time="0.014" />
  <testcase classname="ptolemy.util.test.junit.AutoTests" name="[81] /home/travis/build/icyphy/ptII/ptolemy/domains/modal/test/auto/InitialStateTransition1.xml (RunModel)" time="0.02" />
  <testcase classname="ptolemy.util.test.junit.AutoTests" name="[82] /home/travis/build/icyphy/ptII/ptolemy/domains/modal/test/auto/InitialStateTransition2.xml (RunModel)" time="0.023" />
  <testcase classname="ptolemy.util.test.junit.AutoTests" name="[83] /home/travis/build/icyphy/ptII/ptolemy/domains/modal/test/auto/InitialStateTransition3.xml (RunModel)" time="0.021" />
  <testcase classname="ptolemy.util.test.junit.AutoTests" name="[84] /home/travis/build/icyphy/ptII/ptolemy/domains/modal/test/auto/InitialStateTransition4.xml (RunModel)" time="0.024" />
  <testcase classname="ptolemy.util.test.junit.AutoTests" name="[85] /home/travis/build/icyphy/ptII/ptolemy/domains/modal/test/auto/MalformedGuardExpressionNotCaught.xml (RunModel)" time="0.027" />
  <testcase classname="ptolemy.util.test.junit.AutoTests" name="[86] /home/travis/build/icyphy/ptII/ptolemy/domains/modal/test/auto/ModalBSC.xml (RunModel)" time="0.091" />
  <testcase classname="ptolemy.util.test.junit.AutoTests" name="[87] /home/travis/build/icyphy/ptII/ptolemy/domains/modal/test/auto/ModalClocks.xml (RunModel)" time="0.091" />
  <testcase classname="ptolemy.util.test.junit.AutoTests" name="[88] /home/travis/build/icyphy/ptII/ptolemy/domains/modal/test/auto/ModalDelay.xml (RunModel)" time="0.043" />
  <testcase classname="ptolemy.util.test.junit.AutoTests" name="[89] /home/travis/build/icyphy/ptII/ptolemy/domains/modal/test/auto/ModalDelay2.xml (RunModel)" time="0.057" />
  <testcase classname="ptolemy.util.test.junit.AutoTests" name="[90] /home/travis/build/icyphy/ptII/ptolemy/domains/modal/test/auto/ModalModelFromMemo.xml (RunModel)" time="0.053" />
  <testcase classname="ptolemy.util.test.junit.AutoTests" name="[91] /home/travis/build/icyphy/ptII/ptolemy/domains/modal/test/auto/ModalModelWithMultirateTransient.xml (RunModel)" time="0.046" />
  <testcase classname="ptolemy.util.test.junit.AutoTests" name="[92] /home/travis/build/icyphy/ptII/ptolemy/domains/modal/test/auto/ModalModelWithReset.xml (RunModel)" time="0.044" />
  <testcase classname="ptolemy.util.test.junit.AutoTests" name="[93] /home/travis/build/icyphy/ptII/ptolemy/domains/modal/test/auto/MouseClickFSM.xml (RunModel)" time="0.042" />
  <testcase classname="ptolemy.util.test.junit.AutoTests" name="[94] /home/travis/build/icyphy/ptII/ptolemy/domains/modal/test/auto/MouseClickFSMModal.xml (RunModel)" time="0.034" />
  <testcase classname="ptolemy.util.test.junit.AutoTests" name="[95] /home/travis/build/icyphy/ptII/ptolemy/domains/modal/test/auto/NonStrictFSM_FeedbackLoop.xml (RunModel)" time="0.05" />
  <testcase classname="ptolemy.util.test.junit.AutoTests" name="[96] /home/travis/build/icyphy/ptII/ptolemy/domains/modal/test/auto/NonStrictFSM_FeedbackLoop_Refinement.xml (RunModel)" time="0.082" />
  <testcase classname="ptolemy.util.test.junit.AutoTests" name="[97] /home/travis/build/icyphy/ptII/ptolemy/domains/modal/test/auto/NonStrictFSM_FeedbackLoop_preemptive.xml (RunModel)" time="0.066" />
  <testcase classname="ptolemy.util.test.junit.AutoTests" name="[98] /home/travis/build/icyphy/ptII/ptolemy/domains/modal/test/auto/NormalTermination.xml (RunModel)" time="0.048" />
  <testcase classname="ptolemy.util.test.junit.AutoTests" name="[99] /home/travis/build/icyphy/ptII/ptolemy/domains/modal/test/auto/Pong.xml (RunModel)" time="0.098" />
  <testcase classname="ptolemy.util.test.junit.AutoTests" name="[100] /home/travis/build/icyphy/ptII/ptolemy/domains/modal/test/auto/Pong_test.xml (RunModel)" time="0.118" />
  <testcase classname="ptolemy.util.test.junit.AutoTests" name="[101] /home/travis/build/icyphy/ptII/ptolemy/domains/modal/test/auto/PreemptionHierarchy.xml (RunModel)" time="0.023" />
  <testcase classname="ptolemy.util.test.junit.AutoTests" name="[102] /home/travis/build/icyphy/ptII/ptolemy/domains/modal/test/auto/PreemptionHierarchy2.xml (RunModel)" time="0.029" />
  <testcase classname="ptolemy.util.test.junit.AutoTests" name="[103] /home/travis/build/icyphy/ptII/ptolemy/domains/modal/test/auto/PreemptiveTransition.xml (RunModel)" time="0.024" />
  <testcase classname="ptolemy.util.test.junit.AutoTests" name="[104] /home/travis/build/icyphy/ptII/ptolemy/domains/modal/test/auto/Priorities.xml (RunModel)" time="0.08" />
  <testcase classname="ptolemy.util.test.junit.AutoTests" name="[105] /home/travis/build/icyphy/ptII/ptolemy/domains/modal/test/auto/ResetFinal.xml (RunModel)" time="0.045" />
  <testcase classname="ptolemy.util.test.junit.AutoTests" name="[106] /home/travis/build/icyphy/ptII/ptolemy/domains/modal/test/auto/ResetFinal2.xml (RunModel)" time="0.051" />
  <testcase classname="ptolemy.util.test.junit.AutoTests" name="[107] /home/travis/build/icyphy/ptII/ptolemy/domains/modal/test/auto/ResetTransitionWithStartTime.xml (RunModel)" time="0.033" />
  <testcase classname="ptolemy.util.test.junit.AutoTests" name="[108] /home/travis/build/icyphy/ptII/ptolemy/domains/modal/test/auto/SDF-FSMComposite.xml (RunModel)" time="0.02" />
  <testcase classname="ptolemy.util.test.junit.AutoTests" name="[109] /home/travis/build/icyphy/ptII/ptolemy/domains/modal/test/auto/SeeminglyNondeterminate.xml (RunModel)" time="0.067" />
  <testcase classname="ptolemy.util.test.junit.AutoTests" name="[110] /home/travis/build/icyphy/ptII/ptolemy/domains/modal/test/auto/SeeminglyNondeterminate2.xml (RunModel)" time="0.072" />
  <testcase classname="ptolemy.util.test.junit.AutoTests" name="[111] /home/travis/build/icyphy/ptII/ptolemy/domains/modal/test/auto/SpontaneousFSM.xml (RunModel)" time="0.044" />
  <testcase classname="ptolemy.util.test.junit.AutoTests" name="[112] /home/travis/build/icyphy/ptII/ptolemy/domains/modal/test/auto/SpontaneousFSM2.xml (RunModel)" time="0.03" />
  <testcase classname="ptolemy.util.test.junit.AutoTests" name="[113] /home/travis/build/icyphy/ptII/ptolemy/domains/modal/test/auto/SpontaneousFSM3.xml (RunModel)" time="0.04" />
  <testcase classname="ptolemy.util.test.junit.AutoTests" name="[114] /home/travis/build/icyphy/ptII/ptolemy/domains/modal/test/auto/SpontaneousFSM4.xml (RunModel)" time="0.045" />
  <testcase classname="ptolemy.util.test.junit.AutoTests" name="[115] /home/travis/build/icyphy/ptII/ptolemy/domains/modal/test/auto/StateTrackerTest.xml (RunModel)" time="0.069" />
  <testcase classname="ptolemy.util.test.junit.AutoTests" name="[116] /home/travis/build/icyphy/ptII/ptolemy/domains/modal/test/auto/StrongImmediateTransition.xml (RunModel)" time="0.035" />
  <testcase classname="ptolemy.util.test.junit.AutoTests" name="[117] /home/travis/build/icyphy/ptII/ptolemy/domains/modal/test/auto/SustainHierarchy.xml (RunModel)" time="0.028" />
  <testcase classname="ptolemy.util.test.junit.AutoTests" name="[118] /home/travis/build/icyphy/ptII/ptolemy/domains/modal/test/auto/TerminationTransition1.xml (RunModel)" time="0.017" />
  <testcase classname="ptolemy.util.test.junit.AutoTests" name="[119] /home/travis/build/icyphy/ptII/ptolemy/domains/modal/test/auto/TerminationTransition2.xml (RunModel)" time="0.023" />
  <testcase classname="ptolemy.util.test.junit.AutoTests" name="[120] /home/travis/build/icyphy/ptII/ptolemy/domains/modal/test/auto/TerminationTransition3.xml (RunModel)" time="0.019" />
  <testcase classname="ptolemy.util.test.junit.AutoTests" name="[121] /home/travis/build/icyphy/ptII/ptolemy/domains/modal/test/auto/TerminationTransition4.xml (RunModel)" time="0.031" />
  <testcase classname="ptolemy.util.test.junit.AutoTests" name="[122] /home/travis/build/icyphy/ptII/ptolemy/domains/modal/test/auto/TerminationTransition5.xml (RunModel)" time="0.028" />
  <testcase classname="ptolemy.util.test.junit.AutoTests" name="[123] /home/travis/build/icyphy/ptII/ptolemy/domains/modal/test/auto/TerminationTransition6.xml (RunModel)" time="0.019" />
  <testcase classname="ptolemy.util.test.junit.AutoTests" name="[124] /home/travis/build/icyphy/ptII/ptolemy/domains/modal/test/auto/TerminationTransition7.xml (RunModel)" time="0.019" />
  <testcase classname="ptolemy.util.test.junit.AutoTests" name="[125] /home/travis/build/icyphy/ptII/ptolemy/domains/modal/test/auto/TerminationTransition8.xml (RunModel)" time="0.02" />
  <testcase classname="ptolemy.util.test.junit.AutoTests" name="[126] /home/travis/build/icyphy/ptII/ptolemy/domains/modal/test/auto/Thermostat_NoHysteresis.xml (RunModel)" time="0.051" />
  <testcase classname="ptolemy.util.test.junit.AutoTests" name="[127] /home/travis/build/icyphy/ptII/ptolemy/domains/modal/test/auto/TimedFSM.xml (RunModel)" time="0.026" />
  <testcase classname="ptolemy.util.test.junit.AutoTests" name="[128] /home/travis/build/icyphy/ptII/ptolemy/domains/modal/test/auto/Timeout1.xml (RunModel)" time="0.011" />
  <testcase classname="ptolemy.util.test.junit.AutoTests" name="[129] /home/travis/build/icyphy/ptII/ptolemy/domains/modal/test/auto/Timeout2.xml (RunModel)" time="0.017" />
  <testcase classname="ptolemy.util.test.junit.AutoTests" name="[130] /home/travis/build/icyphy/ptII/ptolemy/domains/modal/test/auto/Timeout3.xml (RunModel)" time="0.011" />
  <testcase classname="ptolemy.util.test.junit.AutoTests" name="[131] /home/travis/build/icyphy/ptII/ptolemy/domains/modal/test/auto/Timeout4.xml (RunModel)" time="0.011" />
  <testcase classname="ptolemy.util.test.junit.AutoTests" name="[132] /home/travis/build/icyphy/ptII/ptolemy/domains/modal/test/auto/TransientstateModelAdvanced.xml (RunModel)" time="0.032" />
  <testcase classname="ptolemy.util.test.junit.AutoTests" name="[133] /home/travis/build/icyphy/ptII/ptolemy/domains/modal/test/auto/TransientstateModelAdvanced2.xml (RunModel)" time="0.03" />
  <testcase classname="ptolemy.util.test.junit.AutoTests" name="[134] /home/travis/build/icyphy/ptII/ptolemy/domains/modal/test/auto/TransitionRefinements.xml (RunModel)" time="0.021" />
  <testcase classname="ptolemy.util.test.junit.AutoTests" name="[135] /home/travis/build/icyphy/ptII/ptolemy/domains/modal/test/auto/TwoRefinements1.xml (RunModel)" time="0.022" />
  <testcase classname="ptolemy.util.test.junit.AutoTests" name="[136] /home/travis/build/icyphy/ptII/ptolemy/domains/modal/test/auto/TwoRefinements2.xml (RunModel)" time="0.021" />
  <testcase classname="ptolemy.util.test.junit.AutoTests" name="[137] /home/travis/build/icyphy/ptII/ptolemy/domains/modal/test/auto/WeakImmediateTransition.xml (RunModel)" time="0.021" />
  <testcase classname="ptolemy.util.test.junit.AutoTests" name="[138] /home/travis/build/icyphy/ptII/ptolemy/domains/modal/test/auto/booleanSelect.xml (RunModel)" time="0.068" />
  <testcase classname="ptolemy.util.test.junit.AutoTests" name="[139] /home/travis/build/icyphy/ptII/ptolemy/domains/modal/test/auto/modalChangingParams.xml (RunModel)" time="0.292" />
  <testcase classname="ptolemy.util.test.junit.AutoTests" name="[140] /home/travis/build/icyphy/ptII/ptolemy/domains/modal/test/auto/modalModel.xml (RunModel)" time="0.029" />
  <testcase classname="ptolemy.util.test.junit.AutoTests" name="[141] /home/travis/build/icyphy/ptII/ptolemy/domains/modal/test/auto/modalModel2.xml (RunModel)" time="0.036" />
  <testcase classname="ptolemy.util.test.junit.AutoTests" name="[142] /home/travis/build/icyphy/ptII/ptolemy/domains/modal/test/auto/modalModel3.xml (RunModel)" time="0.051" />
  <testcase classname="ptolemy.util.test.junit.AutoTests" name="[143] /home/travis/build/icyphy/ptII/ptolemy/domains/modal/test/auto/model1.xml (RunModel)" time="0.032" />
  <testcase classname="ptolemy.util.test.junit.AutoTests" name="[144] /home/travis/build/icyphy/ptII/ptolemy/domains/modal/test/auto/test-direct-in-out.xml (RunModel)" time="0.021" />
  <system-out><![CDATA[/home/travis/build/icyphy/ptII/ptolemy/domains/modal/test/SystemLevelType.tcl
testDefs.tcl: setting time out to 9000 seconds at Wed Mar 11 07:16:25 UTC 2020
03/11/20 07:16:27
Failed: 0  Total Tests: 1  ((Passed: 1, Newly Passed: 0)  Known Failed: 0) /home/travis/build/icyphy/ptII/ptolemy/domains/modal/test
----------------- testing (KnownFailure) /home/travis/build/icyphy/ptII/ptolemy/domains/modal/test/auto/knownFailedTests/CannotAnalysisWithPreemption.xml
143 ms. Memory: 129024K Free: 87835K (68%)
Known Failure: java.lang.reflect.InvocationTargetException
No auto/linux-amd64/*.xml tests in /home/travis/build/icyphy/ptII/ptolemy/domains/modal/test
AutoTests.java: About to close Vertx.
AutoTests.java: Vertx closed.

===========================================================================================
----------------- testing Wed Mar 11 07:16:28 UTC 2020 /home/travis/build/icyphy/ptII/ptolemy/domains/modal/test/auto/ABPTest.xml
----------------- Instantiating /home/travis/build/icyphy/ptII/ptolemy/domains/modal/test/auto/ABPTest.xml
298 ms. Memory: 155648K Free: 111690K (72%)
----------------- Invoking toplevel() on ptolemy.moml.MoMLSimpleApplication@7bc18a8d
----------------- Done invoking toplevel() on ptolemy.moml.MoMLSimpleApplication@7bc18a8d
reloadAllAccessors: .ABPTest

===========================================================================================
----------------- testing Wed Mar 11 07:16:29 UTC 2020 /home/travis/build/icyphy/ptII/ptolemy/domains/modal/test/auto/ABROFlat.xml
----------------- Instantiating /home/travis/build/icyphy/ptII/ptolemy/domains/modal/test/auto/ABROFlat.xml
28 ms. Memory: 155648K Free: 96221K (62%)
----------------- Invoking toplevel() on ptolemy.moml.MoMLSimpleApplication@fa65db0
----------------- Done invoking toplevel() on ptolemy.moml.MoMLSimpleApplication@fa65db0
reloadAllAccessors: .ABROFlat

===========================================================================================
----------------- testing Wed Mar 11 07:16:29 UTC 2020 /home/travis/build/icyphy/ptII/ptolemy/domains/modal/test/auto/ABROFlat2.xml
----------------- Instantiating /home/travis/build/icyphy/ptII/ptolemy/domains/modal/test/auto/ABROFlat2.xml
13 ms. Memory: 155648K Free: 79837K (51%)
----------------- Invoking toplevel() on ptolemy.moml.MoMLSimpleApplication@55f57efa
----------------- Done invoking toplevel() on ptolemy.moml.MoMLSimpleApplication@55f57efa
reloadAllAccessors: .ABROFlat2

===========================================================================================
----------------- testing Wed Mar 11 07:16:29 UTC 2020 /home/travis/build/icyphy/ptII/ptolemy/domains/modal/test/auto/ABRO_present_hmm.xml
----------------- Instantiating /home/travis/build/icyphy/ptII/ptolemy/domains/modal/test/auto/ABRO_present_hmm.xml
32 ms. Memory: 155648K Free: 53229K (34%)
----------------- Invoking toplevel() on ptolemy.moml.MoMLSimpleApplication@339dd34a
----------------- Done invoking toplevel() on ptolemy.moml.MoMLSimpleApplication@339dd34a
reloadAllAccessors: .ABRO_present_hmm

===========================================================================================
----------------- testing Wed Mar 11 07:16:29 UTC 2020 /home/travis/build/icyphy/ptII/ptolemy/domains/modal/test/auto/AMICoderExample.xml
----------------- Instantiating /home/travis/build/icyphy/ptII/ptolemy/domains/modal/test/auto/AMICoderExample.xml
26 ms. Memory: 155648K Free: 127052K (82%)
----------------- Invoking toplevel() on ptolemy.moml.MoMLSimpleApplication@6edffa91
----------------- Done invoking toplevel() on ptolemy.moml.MoMLSimpleApplication@6edffa91
reloadAllAccessors: .AMICoderExample

===========================================================================================
----------------- testing Wed Mar 11 07:16:29 UTC 2020 /home/travis/build/icyphy/ptII/ptolemy/domains/modal/test/auto/AbsentToPresent.xml
----------------- Instantiating /home/travis/build/icyphy/ptII/ptolemy/domains/modal/test/auto/AbsentToPresent.xml
5 ms. Memory: 155648K Free: 122453K (79%)
----------------- Invoking toplevel() on ptolemy.moml.MoMLSimpleApplication@724319b5
----------------- Done invoking toplevel() on ptolemy.moml.MoMLSimpleApplication@724319b5
reloadAllAccessors: .AbsentToPresent

===========================================================================================
----------------- testing Wed Mar 11 07:16:29 UTC 2020 /home/travis/build/icyphy/ptII/ptolemy/domains/modal/test/auto/Blending.xml
----------------- Instantiating /home/travis/build/icyphy/ptII/ptolemy/domains/modal/test/auto/Blending.xml
179 ms. Memory: 155648K Free: 77907K (50%)
----------------- Invoking toplevel() on ptolemy.moml.MoMLSimpleApplication@63a8f1ff
----------------- Done invoking toplevel() on ptolemy.moml.MoMLSimpleApplication@63a8f1ff
reloadAllAccessors: .Blending

===========================================================================================
----------------- testing Wed Mar 11 07:16:29 UTC 2020 /home/travis/build/icyphy/ptII/ptolemy/domains/modal/test/auto/Broadcast.xml
----------------- Instantiating /home/travis/build/icyphy/ptII/ptolemy/domains/modal/test/auto/Broadcast.xml
9 ms. Memory: 155648K Free: 67667K (43%)
----------------- Invoking toplevel() on ptolemy.moml.MoMLSimpleApplication@7184c35b
----------------- Done invoking toplevel() on ptolemy.moml.MoMLSimpleApplication@7184c35b
reloadAllAccessors: .Broadcast

===========================================================================================
----------------- testing Wed Mar 11 07:16:29 UTC 2020 /home/travis/build/icyphy/ptII/ptolemy/domains/modal/test/auto/BroadcastHierarchy.xml
----------------- Instantiating /home/travis/build/icyphy/ptII/ptolemy/domains/modal/test/auto/BroadcastHierarchy.xml
13 ms. Memory: 155648K Free: 53845K (35%)
----------------- Invoking toplevel() on ptolemy.moml.MoMLSimpleApplication@336c15c8
----------------- Done invoking toplevel() on ptolemy.moml.MoMLSimpleApplication@336c15c8
reloadAllAccessors: .BroadcastHierarchy

===========================================================================================
----------------- testing Wed Mar 11 07:16:29 UTC 2020 /home/travis/build/icyphy/ptII/ptolemy/domains/modal/test/auto/BroadcastHierarchy2.xml
----------------- Instantiating /home/travis/build/icyphy/ptII/ptolemy/domains/modal/test/auto/BroadcastHierarchy2.xml
28 ms. Memory: 155648K Free: 114886K (74%)
----------------- Invoking toplevel() on ptolemy.moml.MoMLSimpleApplication@52c5bc0c
----------------- Done invoking toplevel() on ptolemy.moml.MoMLSimpleApplication@52c5bc0c
reloadAllAccessors: .BroadcastHierarchy2

===========================================================================================
----------------- testing Wed Mar 11 07:16:30 UTC 2020 /home/travis/build/icyphy/ptII/ptolemy/domains/modal/test/auto/BroadcastHierarchy3.xml
----------------- Instantiating /home/travis/build/icyphy/ptII/ptolemy/domains/modal/test/auto/BroadcastHierarchy3.xml
27 ms. Memory: 155648K Free: 94406K (61%)
----------------- Invoking toplevel() on ptolemy.moml.MoMLSimpleApplication@67e13998
----------------- Done invoking toplevel() on ptolemy.moml.MoMLSimpleApplication@67e13998
reloadAllAccessors: .BroadcastHierarchy3

===========================================================================================
----------------- testing Wed Mar 11 07:16:30 UTC 2020 /home/travis/build/icyphy/ptII/ptolemy/domains/modal/test/auto/BroadcastHierarchy4.xml
----------------- Instantiating /home/travis/build/icyphy/ptII/ptolemy/domains/modal/test/auto/BroadcastHierarchy4.xml
15 ms. Memory: 155648K Free: 69830K (45%)
----------------- Invoking toplevel() on ptolemy.moml.MoMLSimpleApplication@7b80e9a5
----------------- Done invoking toplevel() on ptolemy.moml.MoMLSimpleApplication@7b80e9a5
reloadAllAccessors: .BroadcastHierarchy4

===========================================================================================
----------------- testing Wed Mar 11 07:16:30 UTC 2020 /home/travis/build/icyphy/ptII/ptolemy/domains/modal/test/auto/CannotAnalysisWithPreemption2.xml
----------------- Instantiating /home/travis/build/icyphy/ptII/ptolemy/domains/modal/test/auto/CannotAnalysisWithPreemption2.xml
4 ms. Memory: 155648K Free: 62662K (40%)
----------------- Invoking toplevel() on ptolemy.moml.MoMLSimpleApplication@11e26039
----------------- Done invoking toplevel() on ptolemy.moml.MoMLSimpleApplication@11e26039
reloadAllAccessors: .CannotAnalysisWithPreemption2

===========================================================================================
----------------- testing Wed Mar 11 07:16:30 UTC 2020 /home/travis/build/icyphy/ptII/ptolemy/domains/modal/test/auto/CannotAnalysisWithPreemption3.xml
----------------- Instantiating /home/travis/build/icyphy/ptII/ptolemy/domains/modal/test/auto/CannotAnalysisWithPreemption3.xml
7 ms. Memory: 155648K Free: 52422K (34%)
----------------- Invoking toplevel() on ptolemy.moml.MoMLSimpleApplication@20570f20
----------------- Done invoking toplevel() on ptolemy.moml.MoMLSimpleApplication@20570f20
reloadAllAccessors: .CannotAnalysisWithPreemption3

===========================================================================================
----------------- testing Wed Mar 11 07:16:30 UTC 2020 /home/travis/build/icyphy/ptII/ptolemy/domains/modal/test/auto/CannotProduce.xml
----------------- Instantiating /home/travis/build/icyphy/ptII/ptolemy/domains/modal/test/auto/CannotProduce.xml
16 ms. Memory: 187392K Free: 166046K (89%)
----------------- Invoking toplevel() on ptolemy.moml.MoMLSimpleApplication@bd7c763
----------------- Done invoking toplevel() on ptolemy.moml.MoMLSimpleApplication@bd7c763
reloadAllAccessors: .CannotProduce

===========================================================================================
----------------- testing Wed Mar 11 07:16:30 UTC 2020 /home/travis/build/icyphy/ptII/ptolemy/domains/modal/test/auto/CannotProduceModal.xml
----------------- Instantiating /home/travis/build/icyphy/ptII/ptolemy/domains/modal/test/auto/CannotProduceModal.xml
6 ms. Memory: 187392K Free: 158878K (85%)
----------------- Invoking toplevel() on ptolemy.moml.MoMLSimpleApplication@7af5b821
----------------- Done invoking toplevel() on ptolemy.moml.MoMLSimpleApplication@7af5b821
reloadAllAccessors: .CannotProduceModal

===========================================================================================
----------------- testing Wed Mar 11 07:16:30 UTC 2020 /home/travis/build/icyphy/ptII/ptolemy/domains/modal/test/auto/Case.xml
----------------- Instantiating /home/travis/build/icyphy/ptII/ptolemy/domains/modal/test/auto/Case.xml
31 ms. Memory: 187392K Free: 147614K (79%)
----------------- Invoking toplevel() on ptolemy.moml.MoMLSimpleApplication@52bb7249
----------------- Done invoking toplevel() on ptolemy.moml.MoMLSimpleApplication@52bb7249
reloadAllAccessors: .Case

===========================================================================================
----------------- testing Wed Mar 11 07:16:30 UTC 2020 /home/travis/build/icyphy/ptII/ptolemy/domains/modal/test/auto/Case1.xml
----------------- Instantiating /home/travis/build/icyphy/ptII/ptolemy/domains/modal/test/auto/Case1.xml
11 ms. Memory: 187392K Free: 140956K (75%)
----------------- Invoking toplevel() on ptolemy.moml.MoMLSimpleApplication@4a5252b0
----------------- Done invoking toplevel() on ptolemy.moml.MoMLSimpleApplication@4a5252b0
reloadAllAccessors: .Case1

===========================================================================================
----------------- testing Wed Mar 11 07:16:30 UTC 2020 /home/travis/build/icyphy/ptII/ptolemy/domains/modal/test/auto/Case2.xml
----------------- Instantiating /home/travis/build/icyphy/ptII/ptolemy/domains/modal/test/auto/Case2.xml
20 ms. Memory: 187392K Free: 130206K (69%)
----------------- Invoking toplevel() on ptolemy.moml.MoMLSimpleApplication@6b47c335
----------------- Done invoking toplevel() on ptolemy.moml.MoMLSimpleApplication@6b47c335
reloadAllAccessors: .Case2

===========================================================================================
----------------- testing Wed Mar 11 07:16:30 UTC 2020 /home/travis/build/icyphy/ptII/ptolemy/domains/modal/test/auto/CausalityInterface1.xml
----------------- Instantiating /home/travis/build/icyphy/ptII/ptolemy/domains/modal/test/auto/CausalityInterface1.xml
5 ms. Memory: 187392K Free: 124572K (66%)
----------------- Invoking toplevel() on ptolemy.moml.MoMLSimpleApplication@4425dc81
----------------- Done invoking toplevel() on ptolemy.moml.MoMLSimpleApplication@4425dc81
reloadAllAccessors: .CausalityInterface1

===========================================================================================
----------------- testing Wed Mar 11 07:16:30 UTC 2020 /home/travis/build/icyphy/ptII/ptolemy/domains/modal/test/auto/CausalityInterface10.xml
----------------- Instantiating /home/travis/build/icyphy/ptII/ptolemy/domains/modal/test/auto/CausalityInterface10.xml
16 ms. Memory: 187392K Free: 111246K (59%)
----------------- Invoking toplevel() on ptolemy.moml.MoMLSimpleApplication@3326c54d
----------------- Done invoking toplevel() on ptolemy.moml.MoMLSimpleApplication@3326c54d
reloadAllAccessors: .CausalityInterface10

===========================================================================================
----------------- testing Wed Mar 11 07:16:30 UTC 2020 /home/travis/build/icyphy/ptII/ptolemy/domains/modal/test/auto/CausalityInterface11.xml
----------------- Instantiating /home/travis/build/icyphy/ptII/ptolemy/domains/modal/test/auto/CausalityInterface11.xml
8 ms. Memory: 187392K Free: 97918K (52%)
----------------- Invoking toplevel() on ptolemy.moml.MoMLSimpleApplication@541a9d30
----------------- Done invoking toplevel() on ptolemy.moml.MoMLSimpleApplication@541a9d30
reloadAllAccessors: .CausalityInterface11

===========================================================================================
----------------- testing Wed Mar 11 07:16:30 UTC 2020 /home/travis/build/icyphy/ptII/ptolemy/domains/modal/test/auto/CausalityInterface12.xml
----------------- Instantiating /home/travis/build/icyphy/ptII/ptolemy/domains/modal/test/auto/CausalityInterface12.xml
8 ms. Memory: 187392K Free: 84606K (45%)
----------------- Invoking toplevel() on ptolemy.moml.MoMLSimpleApplication@2390ae94
----------------- Done invoking toplevel() on ptolemy.moml.MoMLSimpleApplication@2390ae94
reloadAllAccessors: .CausalityInterface12

===========================================================================================
----------------- testing Wed Mar 11 07:16:30 UTC 2020 /home/travis/build/icyphy/ptII/ptolemy/domains/modal/test/auto/CausalityInterface13.xml
----------------- Instantiating /home/travis/build/icyphy/ptII/ptolemy/domains/modal/test/auto/CausalityInterface13.xml
11 ms. Memory: 187392K Free: 70814K (38%)
----------------- Invoking toplevel() on ptolemy.moml.MoMLSimpleApplication@4dd27461
----------------- Done invoking toplevel() on ptolemy.moml.MoMLSimpleApplication@4dd27461
reloadAllAccessors: .CausalityInterface13

===========================================================================================
----------------- testing Wed Mar 11 07:16:30 UTC 2020 /home/travis/build/icyphy/ptII/ptolemy/domains/modal/test/auto/CausalityInterface14.xml
----------------- Instantiating /home/travis/build/icyphy/ptII/ptolemy/domains/modal/test/auto/CausalityInterface14.xml
7 ms. Memory: 187392K Free: 161458K (86%)
----------------- Invoking toplevel() on ptolemy.moml.MoMLSimpleApplication@22f341b8
----------------- Done invoking toplevel() on ptolemy.moml.MoMLSimpleApplication@22f341b8
reloadAllAccessors: .CausalityInterface14

===========================================================================================
----------------- testing Wed Mar 11 07:16:30 UTC 2020 /home/travis/build/icyphy/ptII/ptolemy/domains/modal/test/auto/CausalityInterface2.xml
----------------- Instantiating /home/travis/build/icyphy/ptII/ptolemy/domains/modal/test/auto/CausalityInterface2.xml
3 ms. Memory: 187392K Free: 154816K (83%)
----------------- Invoking toplevel() on ptolemy.moml.MoMLSimpleApplication@76db2e26
----------------- Done invoking toplevel() on ptolemy.moml.MoMLSimpleApplication@76db2e26
reloadAllAccessors: .CausalityInterface2

===========================================================================================
----------------- testing Wed Mar 11 07:16:30 UTC 2020 /home/travis/build/icyphy/ptII/ptolemy/domains/modal/test/auto/CausalityInterface3.xml
----------------- Instantiating /home/travis/build/icyphy/ptII/ptolemy/domains/modal/test/auto/CausalityInterface3.xml
3 ms. Memory: 187392K Free: 148154K (79%)
----------------- Invoking toplevel() on ptolemy.moml.MoMLSimpleApplication@10f47d38
----------------- Done invoking toplevel() on ptolemy.moml.MoMLSimpleApplication@10f47d38
reloadAllAccessors: .CausalityInterface3

===========================================================================================
----------------- testing Wed Mar 11 07:16:30 UTC 2020 /home/travis/build/icyphy/ptII/ptolemy/domains/modal/test/auto/CausalityInterface4.xml
----------------- Instantiating /home/travis/build/icyphy/ptII/ptolemy/domains/modal/test/auto/CausalityInterface4.xml
6 ms. Memory: 187392K Free: 142016K (76%)
----------------- Invoking toplevel() on ptolemy.moml.MoMLSimpleApplication@78e12930
----------------- Done invoking toplevel() on ptolemy.moml.MoMLSimpleApplication@78e12930
reloadAllAccessors: .CausalityInterface4

===========================================================================================
----------------- testing Wed Mar 11 07:16:30 UTC 2020 /home/travis/build/icyphy/ptII/ptolemy/domains/modal/test/auto/CausalityInterface5.xml
----------------- Instantiating /home/travis/build/icyphy/ptII/ptolemy/domains/modal/test/auto/CausalityInterface5.xml
4 ms. Memory: 187392K Free: 133810K (71%)
----------------- Invoking toplevel() on ptolemy.moml.MoMLSimpleApplication@63d582f2
----------------- Done invoking toplevel() on ptolemy.moml.MoMLSimpleApplication@63d582f2
reloadAllAccessors: .CausalityInterface5

===========================================================================================
----------------- testing Wed Mar 11 07:16:31 UTC 2020 /home/travis/build/icyphy/ptII/ptolemy/domains/modal/test/auto/CausalityInterface6.xml
----------------- Instantiating /home/travis/build/icyphy/ptII/ptolemy/domains/modal/test/auto/CausalityInterface6.xml
3 ms. Memory: 187392K Free: 125602K (67%)
----------------- Invoking toplevel() on ptolemy.moml.MoMLSimpleApplication@13450d18
----------------- Done invoking toplevel() on ptolemy.moml.MoMLSimpleApplication@13450d18
reloadAllAccessors: .CausalityInterface6

===========================================================================================
----------------- testing Wed Mar 11 07:16:31 UTC 2020 /home/travis/build/icyphy/ptII/ptolemy/domains/modal/test/auto/CausalityInterface7.xml
----------------- Instantiating /home/travis/build/icyphy/ptII/ptolemy/domains/modal/test/auto/CausalityInterface7.xml
5 ms. Memory: 187392K Free: 117410K (63%)
----------------- Invoking toplevel() on ptolemy.moml.MoMLSimpleApplication@649c09ea
----------------- Done invoking toplevel() on ptolemy.moml.MoMLSimpleApplication@649c09ea
reloadAllAccessors: .CausalityInterface7

===========================================================================================
----------------- testing Wed Mar 11 07:16:31 UTC 2020 /home/travis/build/icyphy/ptII/ptolemy/domains/modal/test/auto/CausalityInterface8.xml
----------------- Instantiating /home/travis/build/icyphy/ptII/ptolemy/domains/modal/test/auto/CausalityInterface8.xml
4 ms. Memory: 187392K Free: 108738K (58%)
----------------- Invoking toplevel() on ptolemy.moml.MoMLSimpleApplication@2aa13f4b
----------------- Done invoking toplevel() on ptolemy.moml.MoMLSimpleApplication@2aa13f4b
reloadAllAccessors: .CausalityInterface8

===========================================================================================
----------------- testing Wed Mar 11 07:16:31 UTC 2020 /home/travis/build/icyphy/ptII/ptolemy/domains/modal/test/auto/CausalityInterface9.xml
----------------- Instantiating /home/travis/build/icyphy/ptII/ptolemy/domains/modal/test/auto/CausalityInterface9.xml
5 ms. Memory: 187392K Free: 99522K (53%)
----------------- Invoking toplevel() on ptolemy.moml.MoMLSimpleApplication@45fb1eed
----------------- Done invoking toplevel() on ptolemy.moml.MoMLSimpleApplication@45fb1eed
reloadAllAccessors: .CausalityInterface9

===========================================================================================
----------------- testing Wed Mar 11 07:16:31 UTC 2020 /home/travis/build/icyphy/ptII/ptolemy/domains/modal/test/auto/ChainedTransitions.xml
----------------- Instantiating /home/travis/build/icyphy/ptII/ptolemy/domains/modal/test/auto/ChainedTransitions.xml
98 ms. Memory: 187392K Free: 74418K (40%)
----------------- Invoking toplevel() on ptolemy.moml.MoMLSimpleApplication@4be8d291
----------------- Done invoking toplevel() on ptolemy.moml.MoMLSimpleApplication@4be8d291
reloadAllAccessors: .ChainedTransitions

===========================================================================================
----------------- testing Wed Mar 11 07:16:31 UTC 2020 /home/travis/build/icyphy/ptII/ptolemy/domains/modal/test/auto/CycleOfImmediateTransitionsFSM.xml
----------------- Instantiating /home/travis/build/icyphy/ptII/ptolemy/domains/modal/test/auto/CycleOfImmediateTransitionsFSM.xml
4 ms. Memory: 187392K Free: 68802K (37%)
----------------- Invoking toplevel() on ptolemy.moml.MoMLSimpleApplication@88f3bde
----------------- Done invoking toplevel() on ptolemy.moml.MoMLSimpleApplication@88f3bde
reloadAllAccessors: .CycleOfImmediateTransitionsFSM

===========================================================================================
----------------- testing Wed Mar 11 07:16:31 UTC 2020 /home/travis/build/icyphy/ptII/ptolemy/domains/modal/test/auto/CycleOfImmediateTransitionsModal.xml
----------------- Instantiating /home/travis/build/icyphy/ptII/ptolemy/domains/modal/test/auto/CycleOfImmediateTransitionsModal.xml
2 ms. Memory: 187392K Free: 62658K (33%)
----------------- Invoking toplevel() on ptolemy.moml.MoMLSimpleApplication@4c95ab19
----------------- Done invoking toplevel() on ptolemy.moml.MoMLSimpleApplication@4c95ab19
reloadAllAccessors: .CycleOfImmediateTransitionsModal

===========================================================================================
----------------- testing Wed Mar 11 07:16:31 UTC 2020 /home/travis/build/icyphy/ptII/ptolemy/domains/modal/test/auto/CycleOfImmediateTransitionsModal2.xml
----------------- Instantiating /home/travis/build/icyphy/ptII/ptolemy/domains/modal/test/auto/CycleOfImmediateTransitionsModal2.xml
6 ms. Memory: 187392K Free: 162901K (87%)
----------------- Invoking toplevel() on ptolemy.moml.MoMLSimpleApplication@34aa5654
----------------- Done invoking toplevel() on ptolemy.moml.MoMLSimpleApplication@34aa5654
reloadAllAccessors: .CycleOfImmediateTransitionsModal2

===========================================================================================
----------------- testing Wed Mar 11 07:16:31 UTC 2020 /home/travis/build/icyphy/ptII/ptolemy/domains/modal/test/auto/CycleOfImmediateTransitionsModal3.xml
----------------- Instantiating /home/travis/build/icyphy/ptII/ptolemy/domains/modal/test/auto/CycleOfImmediateTransitionsModal3.xml
11 ms. Memory: 187392K Free: 140373K (75%)
----------------- Invoking toplevel() on ptolemy.moml.MoMLSimpleApplication@3feb8009
----------------- Done invoking toplevel() on ptolemy.moml.MoMLSimpleApplication@3feb8009
reloadAllAccessors: .CycleOfImmediateTransitionsModal3

===========================================================================================
----------------- testing Wed Mar 11 07:16:31 UTC 2020 /home/travis/build/icyphy/ptII/ptolemy/domains/modal/test/auto/DeepModal1.xml
----------------- Instantiating /home/travis/build/icyphy/ptII/ptolemy/domains/modal/test/auto/DeepModal1.xml
32 ms. Memory: 187392K Free: 126516K (68%)
----------------- Invoking toplevel() on ptolemy.moml.MoMLSimpleApplication@36c86247
----------------- Done invoking toplevel() on ptolemy.moml.MoMLSimpleApplication@36c86247
reloadAllAccessors: .DeepModal1

===========================================================================================
----------------- testing Wed Mar 11 07:16:31 UTC 2020 /home/travis/build/icyphy/ptII/ptolemy/domains/modal/test/auto/DeepModal2.xml
----------------- Instantiating /home/travis/build/icyphy/ptII/ptolemy/domains/modal/test/auto/DeepModal2.xml
26 ms. Memory: 187392K Free: 108115K (58%)
----------------- Invoking toplevel() on ptolemy.moml.MoMLSimpleApplication@2d346c36
----------------- Done invoking toplevel() on ptolemy.moml.MoMLSimpleApplication@2d346c36
reloadAllAccessors: .DeepModal2

===========================================================================================
----------------- testing Wed Mar 11 07:16:31 UTC 2020 /home/travis/build/icyphy/ptII/ptolemy/domains/modal/test/auto/DeepModal3.xml
----------------- Instantiating /home/travis/build/icyphy/ptII/ptolemy/domains/modal/test/auto/DeepModal3.xml
27 ms. Memory: 187392K Free: 88644K (47%)
----------------- Invoking toplevel() on ptolemy.moml.MoMLSimpleApplication@6dcaf1d3
----------------- Done invoking toplevel() on ptolemy.moml.MoMLSimpleApplication@6dcaf1d3
reloadAllAccessors: .DeepModal3

===========================================================================================
----------------- testing Wed Mar 11 07:16:31 UTC 2020 /home/travis/build/icyphy/ptII/ptolemy/domains/modal/test/auto/DeepModal4.xml
----------------- Instantiating /home/travis/build/icyphy/ptII/ptolemy/domains/modal/test/auto/DeepModal4.xml
32 ms. Memory: 187392K Free: 69203K (37%)
----------------- Invoking toplevel() on ptolemy.moml.MoMLSimpleApplication@474e2859
----------------- Done invoking toplevel() on ptolemy.moml.MoMLSimpleApplication@474e2859
reloadAllAccessors: .DeepModal4

===========================================================================================
----------------- testing Wed Mar 11 07:16:31 UTC 2020 /home/travis/build/icyphy/ptII/ptolemy/domains/modal/test/auto/Default1.xml
----------------- Instantiating /home/travis/build/icyphy/ptII/ptolemy/domains/modal/test/auto/Default1.xml
3 ms. Memory: 187392K Free: 63059K (34%)
----------------- Invoking toplevel() on ptolemy.moml.MoMLSimpleApplication@56f7ee58
----------------- Done invoking toplevel() on ptolemy.moml.MoMLSimpleApplication@56f7ee58
reloadAllAccessors: .Default1

===========================================================================================
----------------- testing Wed Mar 11 07:16:31 UTC 2020 /home/travis/build/icyphy/ptII/ptolemy/domains/modal/test/auto/Default2.xml
----------------- Instantiating /home/travis/build/icyphy/ptII/ptolemy/domains/modal/test/auto/Default2.xml
9 ms. Memory: 187392K Free: 163654K (87%)
----------------- Invoking toplevel() on ptolemy.moml.MoMLSimpleApplication@5870e205
----------------- Done invoking toplevel() on ptolemy.moml.MoMLSimpleApplication@5870e205
reloadAllAccessors: .Default2

===========================================================================================
----------------- testing Wed Mar 11 07:16:31 UTC 2020 /home/travis/build/icyphy/ptII/ptolemy/domains/modal/test/auto/Default3.xml
----------------- Instantiating /home/travis/build/icyphy/ptII/ptolemy/domains/modal/test/auto/Default3.xml
5 ms. Memory: 187392K Free: 157821K (84%)
----------------- Invoking toplevel() on ptolemy.moml.MoMLSimpleApplication@7bc358c5
----------------- Done invoking toplevel() on ptolemy.moml.MoMLSimpleApplication@7bc358c5
reloadAllAccessors: .Default3

===========================================================================================
----------------- testing Wed Mar 11 07:16:31 UTC 2020 /home/travis/build/icyphy/ptII/ptolemy/domains/modal/test/auto/Default4.xml
----------------- Instantiating /home/travis/build/icyphy/ptII/ptolemy/domains/modal/test/auto/Default4.xml
5 ms. Memory: 187392K Free: 151677K (81%)
----------------- Invoking toplevel() on ptolemy.moml.MoMLSimpleApplication@7059ee43
----------------- Done invoking toplevel() on ptolemy.moml.MoMLSimpleApplication@7059ee43
reloadAllAccessors: .Default4

===========================================================================================
----------------- testing Wed Mar 11 07:16:31 UTC 2020 /home/travis/build/icyphy/ptII/ptolemy/domains/modal/test/auto/Default5.xml
----------------- Instantiating /home/travis/build/icyphy/ptII/ptolemy/domains/modal/test/auto/Default5.xml
6 ms. Memory: 187392K Free: 143999K (77%)
----------------- Invoking toplevel() on ptolemy.moml.MoMLSimpleApplication@55b25e82
----------------- Done invoking toplevel() on ptolemy.moml.MoMLSimpleApplication@55b25e82
reloadAllAccessors: .Default5

===========================================================================================
----------------- testing Wed Mar 11 07:16:31 UTC 2020 /home/travis/build/icyphy/ptII/ptolemy/domains/modal/test/auto/EmptyGuard.xml
----------------- Instantiating /home/travis/build/icyphy/ptII/ptolemy/domains/modal/test/auto/EmptyGuard.xml
10 ms. Memory: 187392K Free: 136311K (73%)
----------------- Invoking toplevel() on ptolemy.moml.MoMLSimpleApplication@1933e659
----------------- Done invoking toplevel() on ptolemy.moml.MoMLSimpleApplication@1933e659
reloadAllAccessors: .EmptyGuard

===========================================================================================
----------------- testing Wed Mar 11 07:16:31 UTC 2020 /home/travis/build/icyphy/ptII/ptolemy/domains/modal/test/auto/ErrorTransition1.xml
----------------- Instantiating /home/travis/build/icyphy/ptII/ptolemy/domains/modal/test/auto/ErrorTransition1.xml
8 ms. Memory: 187392K Free: 127615K (68%)
----------------- Invoking toplevel() on ptolemy.moml.MoMLSimpleApplication@bd9f4b2
----------------- Done invoking toplevel() on ptolemy.moml.MoMLSimpleApplication@bd9f4b2
reloadAllAccessors: .ErrorTransition1

===========================================================================================
----------------- testing Wed Mar 11 07:16:31 UTC 2020 /home/travis/build/icyphy/ptII/ptolemy/domains/modal/test/auto/ErrorTransition10.xml
----------------- Instantiating /home/travis/build/icyphy/ptII/ptolemy/domains/modal/test/auto/ErrorTransition10.xml
14 ms. Memory: 187392K Free: 113775K (61%)
----------------- Invoking toplevel() on ptolemy.moml.MoMLSimpleApplication@52c9fcbc
----------------- Done invoking toplevel() on ptolemy.moml.MoMLSimpleApplication@52c9fcbc
reloadAllAccessors: .ErrorTransition10

===========================================================================================
----------------- testing Wed Mar 11 07:16:31 UTC 2020 /home/travis/build/icyphy/ptII/ptolemy/domains/modal/test/auto/ErrorTransition11.xml
----------------- Instantiating /home/travis/build/icyphy/ptII/ptolemy/domains/modal/test/auto/ErrorTransition11.xml
4 ms. Memory: 187392K Free: 102525K (55%)
----------------- Invoking toplevel() on ptolemy.moml.MoMLSimpleApplication@bc18790
----------------- Done invoking toplevel() on ptolemy.moml.MoMLSimpleApplication@bc18790
reloadAllAccessors: .ErrorTransition11

===========================================================================================
----------------- testing Wed Mar 11 07:16:32 UTC 2020 /home/travis/build/icyphy/ptII/ptolemy/domains/modal/test/auto/ErrorTransition2.xml
----------------- Instantiating /home/travis/build/icyphy/ptII/ptolemy/domains/modal/test/auto/ErrorTransition2.xml
8 ms. Memory: 187392K Free: 93309K (50%)
----------------- Invoking toplevel() on ptolemy.moml.MoMLSimpleApplication@6e53929c
----------------- Done invoking toplevel() on ptolemy.moml.MoMLSimpleApplication@6e53929c
reloadAllAccessors: .ErrorTransition2

===========================================================================================
----------------- testing Wed Mar 11 07:16:32 UTC 2020 /home/travis/build/icyphy/ptII/ptolemy/domains/modal/test/auto/ErrorTransition3.xml
----------------- Instantiating /home/travis/build/icyphy/ptII/ptolemy/domains/modal/test/auto/ErrorTransition3.xml
15 ms. Memory: 187392K Free: 83583K (45%)
----------------- Invoking toplevel() on ptolemy.moml.MoMLSimpleApplication@41bafa96
----------------- Done invoking toplevel() on ptolemy.moml.MoMLSimpleApplication@41bafa96
reloadAllAccessors: .ErrorTransition3

===========================================================================================
----------------- testing Wed Mar 11 07:16:32 UTC 2020 /home/travis/build/icyphy/ptII/ptolemy/domains/modal/test/auto/ErrorTransition4.xml
----------------- Instantiating /home/travis/build/icyphy/ptII/ptolemy/domains/modal/test/auto/ErrorTransition4.xml
7 ms. Memory: 187392K Free: 72319K (39%)
----------------- Invoking toplevel() on ptolemy.moml.MoMLSimpleApplication@132e8f33
----------------- Done invoking toplevel() on ptolemy.moml.MoMLSimpleApplication@132e8f33
reloadAllAccessors: .ErrorTransition4

===========================================================================================
----------------- testing Wed Mar 11 07:16:32 UTC 2020 /home/travis/build/icyphy/ptII/ptolemy/domains/modal/test/auto/ErrorTransition5.xml
----------------- Instantiating /home/travis/build/icyphy/ptII/ptolemy/domains/modal/test/auto/ErrorTransition5.xml
8 ms. Memory: 187392K Free: 62079K (33%)
----------------- Invoking toplevel() on ptolemy.moml.MoMLSimpleApplication@2375ca84
----------------- Done invoking toplevel() on ptolemy.moml.MoMLSimpleApplication@2375ca84
reloadAllAccessors: .ErrorTransition5

===========================================================================================
----------------- testing Wed Mar 11 07:16:32 UTC 2020 /home/travis/build/icyphy/ptII/ptolemy/domains/modal/test/auto/ErrorTransition6.xml
----------------- Instantiating /home/travis/build/icyphy/ptII/ptolemy/domains/modal/test/auto/ErrorTransition6.xml
15 ms. Memory: 228352K Free: 198311K (87%)
----------------- Invoking toplevel() on ptolemy.moml.MoMLSimpleApplication@54f67150
----------------- Done invoking toplevel() on ptolemy.moml.MoMLSimpleApplication@54f67150
reloadAllAccessors: .ErrorTransition6

===========================================================================================
----------------- testing Wed Mar 11 07:16:32 UTC 2020 /home/travis/build/icyphy/ptII/ptolemy/domains/modal/test/auto/ErrorTransition7.xml
----------------- Instantiating /home/travis/build/icyphy/ptII/ptolemy/domains/modal/test/auto/ErrorTransition7.xml
18 ms. Memory: 228352K Free: 185513K (81%)
----------------- Invoking toplevel() on ptolemy.moml.MoMLSimpleApplication@6b8a2be
----------------- Done invoking toplevel() on ptolemy.moml.MoMLSimpleApplication@6b8a2be
reloadAllAccessors: .ErrorTransition7

===========================================================================================
----------------- testing Wed Mar 11 07:16:32 UTC 2020 /home/travis/build/icyphy/ptII/ptolemy/domains/modal/test/auto/ErrorTransition8.xml
----------------- Instantiating /home/travis/build/icyphy/ptII/ptolemy/domains/modal/test/auto/ErrorTransition8.xml
39 ms. Memory: 228352K Free: 172201K (75%)
----------------- Invoking toplevel() on ptolemy.moml.MoMLSimpleApplication@48a9ae4c
----------------- Done invoking toplevel() on ptolemy.moml.MoMLSimpleApplication@48a9ae4c
reloadAllAccessors: .ErrorTransition8

===========================================================================================
----------------- testing Wed Mar 11 07:16:32 UTC 2020 /home/travis/build/icyphy/ptII/ptolemy/domains/modal/test/auto/ErrorTransition9.xml
----------------- Instantiating /home/travis/build/icyphy/ptII/ptolemy/domains/modal/test/auto/ErrorTransition9.xml
16 ms. Memory: 228352K Free: 158889K (70%)
----------------- Invoking toplevel() on ptolemy.moml.MoMLSimpleApplication@799d3a6e
----------------- Done invoking toplevel() on ptolemy.moml.MoMLSimpleApplication@799d3a6e
reloadAllAccessors: .ErrorTransition9

===========================================================================================
----------------- testing Wed Mar 11 07:16:32 UTC 2020 /home/travis/build/icyphy/ptII/ptolemy/domains/modal/test/auto/ExtendedFSM.xml
----------------- Instantiating /home/travis/build/icyphy/ptII/ptolemy/domains/modal/test/auto/ExtendedFSM.xml
7 ms. Memory: 228352K Free: 150169K (66%)
----------------- Invoking toplevel() on ptolemy.moml.MoMLSimpleApplication@3a5bcbf9
----------------- Done invoking toplevel() on ptolemy.moml.MoMLSimpleApplication@3a5bcbf9
reloadAllAccessors: .ExtendedFSM

===========================================================================================
----------------- testing Wed Mar 11 07:16:32 UTC 2020 /home/travis/build/icyphy/ptII/ptolemy/domains/modal/test/auto/FinalStates.xml
----------------- Instantiating /home/travis/build/icyphy/ptII/ptolemy/domains/modal/test/auto/FinalStates.xml
8 ms. Memory: 228352K Free: 141977K (62%)
----------------- Invoking toplevel() on ptolemy.moml.MoMLSimpleApplication@47eee6eb
----------------- Done invoking toplevel() on ptolemy.moml.MoMLSimpleApplication@47eee6eb
reloadAllAccessors: .FinalStates

===========================================================================================
----------------- testing Wed Mar 11 07:16:32 UTC 2020 /home/travis/build/icyphy/ptII/ptolemy/domains/modal/test/auto/FixedPointFSM.xml
----------------- Instantiating /home/travis/build/icyphy/ptII/ptolemy/domains/modal/test/auto/FixedPointFSM.xml
22 ms. Memory: 228352K Free: 127145K (56%)
----------------- Invoking toplevel() on ptolemy.moml.MoMLSimpleApplication@2683d009
----------------- Done invoking toplevel() on ptolemy.moml.MoMLSimpleApplication@2683d009
reloadAllAccessors: .FixedPointFSM

===========================================================================================
----------------- testing Wed Mar 11 07:16:32 UTC 2020 /home/travis/build/icyphy/ptII/ptolemy/domains/modal/test/auto/FixedPointIterationFSMActor.xml
----------------- Instantiating /home/travis/build/icyphy/ptII/ptolemy/domains/modal/test/auto/FixedPointIterationFSMActor.xml
12 ms. Memory: 228352K Free: 116905K (51%)
----------------- Invoking toplevel() on ptolemy.moml.MoMLSimpleApplication@1a9c1a19
----------------- Done invoking toplevel() on ptolemy.moml.MoMLSimpleApplication@1a9c1a19
reloadAllAccessors: .FixedPointIterationFSMActor

===========================================================================================
----------------- testing Wed Mar 11 07:16:32 UTC 2020 /home/travis/build/icyphy/ptII/ptolemy/domains/modal/test/auto/FixedPointIterationFSMActor2.xml
----------------- Instantiating /home/travis/build/icyphy/ptII/ptolemy/domains/modal/test/auto/FixedPointIterationFSMActor2.xml
12 ms. Memory: 228352K Free: 104617K (46%)
----------------- Invoking toplevel() on ptolemy.moml.MoMLSimpleApplication@4d904eef
----------------- Done invoking toplevel() on ptolemy.moml.MoMLSimpleApplication@4d904eef
reloadAllAccessors: .FixedPointIterationFSMActor2

===========================================================================================
----------------- testing Wed Mar 11 07:16:32 UTC 2020 /home/travis/build/icyphy/ptII/ptolemy/domains/modal/test/auto/ForbiddenInstantanousLoop.xml
----------------- Instantiating /home/travis/build/icyphy/ptII/ptolemy/domains/modal/test/auto/ForbiddenInstantanousLoop.xml
7 ms. Memory: 228352K Free: 92329K (40%)
----------------- Invoking toplevel() on ptolemy.moml.MoMLSimpleApplication@6e5d2dee
----------------- Done invoking toplevel() on ptolemy.moml.MoMLSimpleApplication@6e5d2dee
reloadAllAccessors: .ForbiddenInstantanousLoop

===========================================================================================
----------------- testing Wed Mar 11 07:16:32 UTC 2020 /home/travis/build/icyphy/ptII/ptolemy/domains/modal/test/auto/FunctionDependencyOfFSMActorTest.xml
----------------- Instantiating /home/travis/build/icyphy/ptII/ptolemy/domains/modal/test/auto/FunctionDependencyOfFSMActorTest.xml
11 ms. Memory: 228352K Free: 85657K (38%)
----------------- Invoking toplevel() on ptolemy.moml.MoMLSimpleApplication@2761963c
----------------- Done invoking toplevel() on ptolemy.moml.MoMLSimpleApplication@2761963c
reloadAllAccessors: .FunctionDependencyOfFSMActorTest

===========================================================================================
----------------- testing Wed Mar 11 07:16:32 UTC 2020 /home/travis/build/icyphy/ptII/ptolemy/domains/modal/test/auto/GuardExpression.xml
----------------- Instantiating /home/travis/build/icyphy/ptII/ptolemy/domains/modal/test/auto/GuardExpression.xml
2 ms. Memory: 228352K Free: 80551K (35%)
----------------- Invoking toplevel() on ptolemy.moml.MoMLSimpleApplication@2c81ceec
----------------- Done invoking toplevel() on ptolemy.moml.MoMLSimpleApplication@2c81ceec
reloadAllAccessors: .GuardExpression

===========================================================================================
----------------- testing Wed Mar 11 07:16:32 UTC 2020 /home/travis/build/icyphy/ptII/ptolemy/domains/modal/test/auto/GuardNotEvaluated.xml
----------------- Instantiating /home/travis/build/icyphy/ptII/ptolemy/domains/modal/test/auto/GuardNotEvaluated.xml
7 ms. Memory: 228352K Free: 202363K (89%)
----------------- Invoking toplevel() on ptolemy.moml.MoMLSimpleApplication@234a3804
----------------- Done invoking toplevel() on ptolemy.moml.MoMLSimpleApplication@234a3804
reloadAllAccessors: .GuardNotEvaluated

===========================================================================================
----------------- testing Wed Mar 11 07:16:32 UTC 2020 /home/travis/build/icyphy/ptII/ptolemy/domains/modal/test/auto/GuardNotEvaluated2.xml
----------------- Instantiating /home/travis/build/icyphy/ptII/ptolemy/domains/modal/test/auto/GuardNotEvaluated2.xml
8 ms. Memory: 228352K Free: 192633K (84%)
----------------- Invoking toplevel() on ptolemy.moml.MoMLSimpleApplication@70518106
----------------- Done invoking toplevel() on ptolemy.moml.MoMLSimpleApplication@70518106
reloadAllAccessors: .GuardNotEvaluated2

===========================================================================================
----------------- testing Wed Mar 11 07:16:32 UTC 2020 /home/travis/build/icyphy/ptII/ptolemy/domains/modal/test/auto/GuardOnAbsent.xml
----------------- Instantiating /home/travis/build/icyphy/ptII/ptolemy/domains/modal/test/auto/GuardOnAbsent.xml
8 ms. Memory: 228352K Free: 184953K (81%)
----------------- Invoking toplevel() on ptolemy.moml.MoMLSimpleApplication@4b91978e
----------------- Done invoking toplevel() on ptolemy.moml.MoMLSimpleApplication@4b91978e
reloadAllAccessors: .GuardOnAbsent

===========================================================================================
----------------- testing Wed Mar 11 07:16:32 UTC 2020 /home/travis/build/icyphy/ptII/ptolemy/domains/modal/test/auto/HierarchicalFSMTypeInference.xml
----------------- Instantiating /home/travis/build/icyphy/ptII/ptolemy/domains/modal/test/auto/HierarchicalFSMTypeInference.xml
4 ms. Memory: 228352K Free: 174715K (77%)
----------------- Invoking toplevel() on ptolemy.moml.MoMLSimpleApplication@2f321934
----------------- Done invoking toplevel() on ptolemy.moml.MoMLSimpleApplication@2f321934
reloadAllAccessors: .HierarchicalFSMTypeInference

===========================================================================================
----------------- testing Wed Mar 11 07:16:32 UTC 2020 /home/travis/build/icyphy/ptII/ptolemy/domains/modal/test/auto/Hysteresis.xml
----------------- Instantiating /home/travis/build/icyphy/ptII/ptolemy/domains/modal/test/auto/Hysteresis.xml
13 ms. Memory: 228352K Free: 161403K (71%)
----------------- Invoking toplevel() on ptolemy.moml.MoMLSimpleApplication@4d027ab2
----------------- Done invoking toplevel() on ptolemy.moml.MoMLSimpleApplication@4d027ab2
reloadAllAccessors: .Hysteresis

===========================================================================================
----------------- testing Wed Mar 11 07:16:32 UTC 2020 /home/travis/build/icyphy/ptII/ptolemy/domains/modal/test/auto/HysteresisWithDefault.xml
----------------- Instantiating /home/travis/build/icyphy/ptII/ptolemy/domains/modal/test/auto/HysteresisWithDefault.xml
40 ms. Memory: 228352K Free: 138347K (61%)
----------------- Invoking toplevel() on ptolemy.moml.MoMLSimpleApplication@331c44e
----------------- Done invoking toplevel() on ptolemy.moml.MoMLSimpleApplication@331c44e
reloadAllAccessors: .HysteresisWithDefault

===========================================================================================
----------------- testing Wed Mar 11 07:16:32 UTC 2020 /home/travis/build/icyphy/ptII/ptolemy/domains/modal/test/auto/HysteresisWithDefault2.xml
----------------- Instantiating /home/travis/build/icyphy/ptII/ptolemy/domains/modal/test/auto/HysteresisWithDefault2.xml
43 ms. Memory: 228352K Free: 109179K (48%)
----------------- Invoking toplevel() on ptolemy.moml.MoMLSimpleApplication@3fa41aff
----------------- Done invoking toplevel() on ptolemy.moml.MoMLSimpleApplication@3fa41aff
reloadAllAccessors: .HysteresisWithDefault2

===========================================================================================
----------------- testing Wed Mar 11 07:16:32 UTC 2020 /home/travis/build/icyphy/ptII/ptolemy/domains/modal/test/auto/ImmediateNonConstructiveness.xml
----------------- Instantiating /home/travis/build/icyphy/ptII/ptolemy/domains/modal/test/auto/ImmediateNonConstructiveness.xml
3 ms. Memory: 228352K Free: 102011K (45%)
----------------- Invoking toplevel() on ptolemy.moml.MoMLSimpleApplication@12d58ce3
----------------- Done invoking toplevel() on ptolemy.moml.MoMLSimpleApplication@12d58ce3
reloadAllAccessors: .ImmediateNonConstructiveness

===========================================================================================
----------------- testing Wed Mar 11 07:16:33 UTC 2020 /home/travis/build/icyphy/ptII/ptolemy/domains/modal/test/auto/ImmediateNonConstructiveness2.xml
----------------- Instantiating /home/travis/build/icyphy/ptII/ptolemy/domains/modal/test/auto/ImmediateNonConstructiveness2.xml
2 ms. Memory: 228352K Free: 95353K (42%)
----------------- Invoking toplevel() on ptolemy.moml.MoMLSimpleApplication@729de3e1
----------------- Done invoking toplevel() on ptolemy.moml.MoMLSimpleApplication@729de3e1
reloadAllAccessors: .ImmediateNonConstructiveness2

===========================================================================================
----------------- testing Wed Mar 11 07:16:33 UTC 2020 /home/travis/build/icyphy/ptII/ptolemy/domains/modal/test/auto/ImmediateTransitionReset.xml
----------------- Instantiating /home/travis/build/icyphy/ptII/ptolemy/domains/modal/test/auto/ImmediateTransitionReset.xml
8 ms. Memory: 228352K Free: 83579K (37%)
----------------- Invoking toplevel() on ptolemy.moml.MoMLSimpleApplication@72f30648
----------------- Done invoking toplevel() on ptolemy.moml.MoMLSimpleApplication@72f30648
reloadAllAccessors: .ImmediateTransitionReset

===========================================================================================
----------------- testing Wed Mar 11 07:16:33 UTC 2020 /home/travis/build/icyphy/ptII/ptolemy/domains/modal/test/auto/ImmediateTransitions1.xml
----------------- Instantiating /home/travis/build/icyphy/ptII/ptolemy/domains/modal/test/auto/ImmediateTransitions1.xml
1 ms. Memory: 228352K Free: 78459K (34%)
----------------- Invoking toplevel() on ptolemy.moml.MoMLSimpleApplication@1c51813b
----------------- Done invoking toplevel() on ptolemy.moml.MoMLSimpleApplication@1c51813b
reloadAllAccessors: .ImmediateTransitions1

===========================================================================================
----------------- testing Wed Mar 11 07:16:33 UTC 2020 /home/travis/build/icyphy/ptII/ptolemy/domains/modal/test/auto/ImmediateTransitionsInstantaneousCommunication.xml
----------------- Instantiating /home/travis/build/icyphy/ptII/ptolemy/domains/modal/test/auto/ImmediateTransitionsInstantaneousCommunication.xml
4 ms. Memory: 228352K Free: 196697K (86%)
----------------- Invoking toplevel() on ptolemy.moml.MoMLSimpleApplication@5288f58d
----------------- Done invoking toplevel() on ptolemy.moml.MoMLSimpleApplication@5288f58d
reloadAllAccessors: .ImmediateTransitionsInstantaneousCommunication

===========================================================================================
----------------- testing Wed Mar 11 07:16:33 UTC 2020 /home/travis/build/icyphy/ptII/ptolemy/domains/modal/test/auto/InitialImmediateTransition.xml
----------------- Instantiating /home/travis/build/icyphy/ptII/ptolemy/domains/modal/test/auto/InitialImmediateTransition.xml
4 ms. Memory: 228352K Free: 189529K (83%)
----------------- Invoking toplevel() on ptolemy.moml.MoMLSimpleApplication@3dd73aba
----------------- Done invoking toplevel() on ptolemy.moml.MoMLSimpleApplication@3dd73aba
reloadAllAccessors: .InitialImmediateTransition

===========================================================================================
----------------- testing Wed Mar 11 07:16:33 UTC 2020 /home/travis/build/icyphy/ptII/ptolemy/domains/modal/test/auto/InitialOutputs.xml
----------------- Instantiating /home/travis/build/icyphy/ptII/ptolemy/domains/modal/test/auto/InitialOutputs.xml
3 ms. Memory: 228352K Free: 183385K (80%)
----------------- Invoking toplevel() on ptolemy.moml.MoMLSimpleApplication@6178660c
----------------- Done invoking toplevel() on ptolemy.moml.MoMLSimpleApplication@6178660c
reloadAllAccessors: .InitialOutputs

===========================================================================================
----------------- testing Wed Mar 11 07:16:33 UTC 2020 /home/travis/build/icyphy/ptII/ptolemy/domains/modal/test/auto/InitialStateTransition1.xml
----------------- Instantiating /home/travis/build/icyphy/ptII/ptolemy/domains/modal/test/auto/InitialStateTransition1.xml
3 ms. Memory: 228352K Free: 176215K (77%)
----------------- Invoking toplevel() on ptolemy.moml.MoMLSimpleApplication@55c4d2e9
----------------- Done invoking toplevel() on ptolemy.moml.MoMLSimpleApplication@55c4d2e9
reloadAllAccessors: .InitialStateTransition1

===========================================================================================
----------------- testing Wed Mar 11 07:16:33 UTC 2020 /home/travis/build/icyphy/ptII/ptolemy/domains/modal/test/auto/InitialStateTransition2.xml
----------------- Instantiating /home/travis/build/icyphy/ptII/ptolemy/domains/modal/test/auto/InitialStateTransition2.xml
.InitialStateTransition2.TestExceptionAttributeNonConstructive: initialize() was not invoked, but wrapup() was.  This is unusual, but not always a problem.  For example, exporting JNLP will do this.
4 ms. Memory: 228352K Free: 169049K (74%)
----------------- Invoking toplevel() on ptolemy.moml.MoMLSimpleApplication@298a7c52
----------------- Done invoking toplevel() on ptolemy.moml.MoMLSimpleApplication@298a7c52
reloadAllAccessors: .InitialStateTransition2

===========================================================================================
----------------- testing Wed Mar 11 07:16:33 UTC 2020 /home/travis/build/icyphy/ptII/ptolemy/domains/modal/test/auto/InitialStateTransition3.xml
----------------- Instantiating /home/travis/build/icyphy/ptII/ptolemy/domains/modal/test/auto/InitialStateTransition3.xml
3 ms. Memory: 228352K Free: 160343K (70%)
----------------- Invoking toplevel() on ptolemy.moml.MoMLSimpleApplication@46072577
----------------- Done invoking toplevel() on ptolemy.moml.MoMLSimpleApplication@46072577
reloadAllAccessors: .InitialStateTransition3

===========================================================================================
----------------- testing Wed Mar 11 07:16:33 UTC 2020 /home/travis/build/icyphy/ptII/ptolemy/domains/modal/test/auto/InitialStateTransition4.xml
----------------- Instantiating /home/travis/build/icyphy/ptII/ptolemy/domains/modal/test/auto/InitialStateTransition4.xml
3 ms. Memory: 228352K Free: 150617K (66%)
----------------- Invoking toplevel() on ptolemy.moml.MoMLSimpleApplication@4bc990e0
----------------- Done invoking toplevel() on ptolemy.moml.MoMLSimpleApplication@4bc990e0
[...]
reloadAllAccessors: .TerminationTransition3

===========================================================================================
----------------- testing Wed Mar 11 07:16:35 UTC 2020 /home/travis/build/icyphy/ptII/ptolemy/domains/modal/test/auto/TerminationTransition4.xml
----------------- Instantiating /home/travis/build/icyphy/ptII/ptolemy/domains/modal/test/auto/TerminationTransition4.xml
5 ms. Memory: 283648K Free: 209266K (74%)
----------------- Invoking toplevel() on ptolemy.moml.MoMLSimpleApplication@4e83a912
----------------- Done invoking toplevel() on ptolemy.moml.MoMLSimpleApplication@4e83a912
reloadAllAccessors: .TerminationTransition4

===========================================================================================
----------------- testing Wed Mar 11 07:16:35 UTC 2020 /home/travis/build/icyphy/ptII/ptolemy/domains/modal/test/auto/TerminationTransition5.xml
----------------- Instantiating /home/travis/build/icyphy/ptII/ptolemy/domains/modal/test/auto/TerminationTransition5.xml
3 ms. Memory: 283648K Free: 195440K (69%)
----------------- Invoking toplevel() on ptolemy.moml.MoMLSimpleApplication@3ca8299
----------------- Done invoking toplevel() on ptolemy.moml.MoMLSimpleApplication@3ca8299
reloadAllAccessors: .TerminationTransition5

===========================================================================================
----------------- testing Wed Mar 11 07:16:35 UTC 2020 /home/travis/build/icyphy/ptII/ptolemy/domains/modal/test/auto/TerminationTransition6.xml
----------------- Instantiating /home/travis/build/icyphy/ptII/ptolemy/domains/modal/test/auto/TerminationTransition6.xml
1 ms. Memory: 283648K Free: 186738K (66%)
----------------- Invoking toplevel() on ptolemy.moml.MoMLSimpleApplication@448b253
----------------- Done invoking toplevel() on ptolemy.moml.MoMLSimpleApplication@448b253
reloadAllAccessors: .TerminationTransition6

===========================================================================================
----------------- testing Wed Mar 11 07:16:35 UTC 2020 /home/travis/build/icyphy/ptII/ptolemy/domains/modal/test/auto/TerminationTransition7.xml
----------------- Instantiating /home/travis/build/icyphy/ptII/ptolemy/domains/modal/test/auto/TerminationTransition7.xml
1 ms. Memory: 283648K Free: 177008K (62%)
----------------- Invoking toplevel() on ptolemy.moml.MoMLSimpleApplication@308e3450
----------------- Done invoking toplevel() on ptolemy.moml.MoMLSimpleApplication@308e3450
reloadAllAccessors: .TerminationTransition7

===========================================================================================
----------------- testing Wed Mar 11 07:16:35 UTC 2020 /home/travis/build/icyphy/ptII/ptolemy/domains/modal/test/auto/TerminationTransition8.xml
----------------- Instantiating /home/travis/build/icyphy/ptII/ptolemy/domains/modal/test/auto/TerminationTransition8.xml
2 ms. Memory: 283648K Free: 167792K (59%)
----------------- Invoking toplevel() on ptolemy.moml.MoMLSimpleApplication@21befc27
----------------- Done invoking toplevel() on ptolemy.moml.MoMLSimpleApplication@21befc27
reloadAllAccessors: .TerminationTransition8

===========================================================================================
----------------- testing Wed Mar 11 07:16:35 UTC 2020 /home/travis/build/icyphy/ptII/ptolemy/domains/modal/test/auto/Thermostat_NoHysteresis.xml
----------------- Instantiating /home/travis/build/icyphy/ptII/ptolemy/domains/modal/test/auto/Thermostat_NoHysteresis.xml
23 ms. Memory: 283648K Free: 143210K (50%)
----------------- Invoking toplevel() on ptolemy.moml.MoMLSimpleApplication@4c422d46
----------------- Done invoking toplevel() on ptolemy.moml.MoMLSimpleApplication@4c422d46
reloadAllAccessors: .Thermostat_NoHysteresis

===========================================================================================
----------------- testing Wed Mar 11 07:16:35 UTC 2020 /home/travis/build/icyphy/ptII/ptolemy/domains/modal/test/auto/TimedFSM.xml
----------------- Instantiating /home/travis/build/icyphy/ptII/ptolemy/domains/modal/test/auto/TimedFSM.xml
7 ms. Memory: 283648K Free: 131442K (46%)
----------------- Invoking toplevel() on ptolemy.moml.MoMLSimpleApplication@55d1de55
----------------- Done invoking toplevel() on ptolemy.moml.MoMLSimpleApplication@55d1de55
reloadAllAccessors: .TimedFSM

===========================================================================================
----------------- testing Wed Mar 11 07:16:35 UTC 2020 /home/travis/build/icyphy/ptII/ptolemy/domains/modal/test/auto/Timeout1.xml
----------------- Instantiating /home/travis/build/icyphy/ptII/ptolemy/domains/modal/test/auto/Timeout1.xml
3 ms. Memory: 283648K Free: 125794K (44%)
----------------- Invoking toplevel() on ptolemy.moml.MoMLSimpleApplication@2fc54084
----------------- Done invoking toplevel() on ptolemy.moml.MoMLSimpleApplication@2fc54084
reloadAllAccessors: .Timeout1

===========================================================================================
----------------- testing Wed Mar 11 07:16:35 UTC 2020 /home/travis/build/icyphy/ptII/ptolemy/domains/modal/test/auto/Timeout2.xml
----------------- Instantiating /home/travis/build/icyphy/ptII/ptolemy/domains/modal/test/auto/Timeout2.xml
5 ms. Memory: 283648K Free: 117106K (41%)
----------------- Invoking toplevel() on ptolemy.moml.MoMLSimpleApplication@a8201ac
----------------- Done invoking toplevel() on ptolemy.moml.MoMLSimpleApplication@a8201ac
reloadAllAccessors: .Timeout2

===========================================================================================
----------------- testing Wed Mar 11 07:16:35 UTC 2020 /home/travis/build/icyphy/ptII/ptolemy/domains/modal/test/auto/Timeout3.xml
----------------- Instantiating /home/travis/build/icyphy/ptII/ptolemy/domains/modal/test/auto/Timeout3.xml
2 ms. Memory: 283648K Free: 111986K (39%)
----------------- Invoking toplevel() on ptolemy.moml.MoMLSimpleApplication@7a308354
----------------- Done invoking toplevel() on ptolemy.moml.MoMLSimpleApplication@7a308354
reloadAllAccessors: .Timeout3

===========================================================================================
----------------- testing Wed Mar 11 07:16:35 UTC 2020 /home/travis/build/icyphy/ptII/ptolemy/domains/modal/test/auto/Timeout4.xml
----------------- Instantiating /home/travis/build/icyphy/ptII/ptolemy/domains/modal/test/auto/Timeout4.xml
2 ms. Memory: 283648K Free: 106866K (38%)
----------------- Invoking toplevel() on ptolemy.moml.MoMLSimpleApplication@3da85d31
----------------- Done invoking toplevel() on ptolemy.moml.MoMLSimpleApplication@3da85d31
reloadAllAccessors: .Timeout4

===========================================================================================
----------------- testing Wed Mar 11 07:16:35 UTC 2020 /home/travis/build/icyphy/ptII/ptolemy/domains/modal/test/auto/TransientstateModelAdvanced.xml
----------------- Instantiating /home/travis/build/icyphy/ptII/ptolemy/domains/modal/test/auto/TransientstateModelAdvanced.xml
3 ms. Memory: 283648K Free: 260829K (92%)
----------------- Invoking toplevel() on ptolemy.moml.MoMLSimpleApplication@40254b30
----------------- Done invoking toplevel() on ptolemy.moml.MoMLSimpleApplication@40254b30
reloadAllAccessors: .TransientstateModelAdvanced

===========================================================================================
----------------- testing Wed Mar 11 07:16:35 UTC 2020 /home/travis/build/icyphy/ptII/ptolemy/domains/modal/test/auto/TransientstateModelAdvanced2.xml
----------------- Instantiating /home/travis/build/icyphy/ptII/ptolemy/domains/modal/test/auto/TransientstateModelAdvanced2.xml
3 ms. Memory: 283648K Free: 246493K (87%)
----------------- Invoking toplevel() on ptolemy.moml.MoMLSimpleApplication@354f7818
----------------- Done invoking toplevel() on ptolemy.moml.MoMLSimpleApplication@354f7818
reloadAllAccessors: .transientstatemodelAdvanced

===========================================================================================
----------------- testing Wed Mar 11 07:16:35 UTC 2020 /home/travis/build/icyphy/ptII/ptolemy/domains/modal/test/auto/TransitionRefinements.xml
----------------- Instantiating /home/travis/build/icyphy/ptII/ptolemy/domains/modal/test/auto/TransitionRefinements.xml
5 ms. Memory: 283648K Free: 236749K (83%)
----------------- Invoking toplevel() on ptolemy.moml.MoMLSimpleApplication@1050fe0e
----------------- Done invoking toplevel() on ptolemy.moml.MoMLSimpleApplication@1050fe0e
reloadAllAccessors: .TransitionRefinements

===========================================================================================
----------------- testing Wed Mar 11 07:16:35 UTC 2020 /home/travis/build/icyphy/ptII/ptolemy/domains/modal/test/auto/TwoRefinements1.xml
----------------- Instantiating /home/travis/build/icyphy/ptII/ptolemy/domains/modal/test/auto/TwoRefinements1.xml
3 ms. Memory: 283648K Free: 226523K (80%)
----------------- Invoking toplevel() on ptolemy.moml.MoMLSimpleApplication@fd79455
----------------- Done invoking toplevel() on ptolemy.moml.MoMLSimpleApplication@fd79455
reloadAllAccessors: .TwoRefinements1

===========================================================================================
----------------- testing Wed Mar 11 07:16:35 UTC 2020 /home/travis/build/icyphy/ptII/ptolemy/domains/modal/test/auto/TwoRefinements2.xml
----------------- Instantiating /home/travis/build/icyphy/ptII/ptolemy/domains/modal/test/auto/TwoRefinements2.xml
3 ms. Memory: 283648K Free: 216283K (76%)
----------------- Invoking toplevel() on ptolemy.moml.MoMLSimpleApplication@55921d3c
----------------- Done invoking toplevel() on ptolemy.moml.MoMLSimpleApplication@55921d3c
reloadAllAccessors: .TwoRefinements2

===========================================================================================
----------------- testing Wed Mar 11 07:16:35 UTC 2020 /home/travis/build/icyphy/ptII/ptolemy/domains/modal/test/auto/WeakImmediateTransition.xml
----------------- Instantiating /home/travis/build/icyphy/ptII/ptolemy/domains/modal/test/auto/WeakImmediateTransition.xml
2 ms. Memory: 283648K Free: 207581K (73%)
----------------- Invoking toplevel() on ptolemy.moml.MoMLSimpleApplication@48e33ca2
----------------- Done invoking toplevel() on ptolemy.moml.MoMLSimpleApplication@48e33ca2
reloadAllAccessors: .WeakImmediateTransition

===========================================================================================
----------------- testing Wed Mar 11 07:16:35 UTC 2020 /home/travis/build/icyphy/ptII/ptolemy/domains/modal/test/auto/booleanSelect.xml
----------------- Instantiating /home/travis/build/icyphy/ptII/ptolemy/domains/modal/test/auto/booleanSelect.xml
43 ms. Memory: 283648K Free: 189659K (67%)
----------------- Invoking toplevel() on ptolemy.moml.MoMLSimpleApplication@16a15b93
----------------- Done invoking toplevel() on ptolemy.moml.MoMLSimpleApplication@16a15b93
reloadAllAccessors: .booleanSelect

===========================================================================================
----------------- testing Wed Mar 11 07:16:35 UTC 2020 /home/travis/build/icyphy/ptII/ptolemy/domains/modal/test/auto/modalChangingParams.xml
----------------- Instantiating /home/travis/build/icyphy/ptII/ptolemy/domains/modal/test/auto/modalChangingParams.xml
0
1
0
2
4
6
8
7
0
2
4
6
8
13
0
2
4
6
8
19
0
2
4
6
8
25
0
2
4
6
8
31
0
2
4
6
8
37
0
2
4
6
8
43
0
2
4
6
8
49
0
2
4
6
8
55
0
2
4
6
8
61
0
2
4
6
8
67
0
2
4
6
8
73
0
2
4
6
8
79
0
2
4
6
8
85
0
2
4
6
8
91
0
2
4
6
8
97
0
2
4
6
8
103
0
2
4
6
8
109
0
2
4
6
8
115
0
2
4
6
8
121
0
2
4
6
8
127
0
2
4
6
8
133
0
2
4
6
8
139
0
2
4
6
8
145
0
2
4
6
8
151
0
2
4
6
8
157
0
2
4
6
8
163
0
2
4
6
8
169
0
2
4
6
8
175
0
2
4
6
8
181
0
2
4
6
8
187
0
2
4
6
8
193
0
2
4
6
8
199
0
2
4
6
8
205
0
2
4
6
8
211
0
2
4
6
8
217
0
2
4
6
8
223
0
2
4
6
8
229
0
2
4
6
8
235
0
2
4
6
8
241
0
2
4
6
8
247
0
2
4
6
8
253
0
2
4
6
8
259
0
2
4
6
8
265
0
2
4
6
8
271
0
2
4
6
8
277
0
2
4
6
8
283
0
2
4
6
8
289
0
2
4
6
8
295
0
2
4
6
8
301
0
2
4
6
8
307
0
2
4
6
8
313
0
2
4
6
8
319
0
2
4
6
8
325
0
2
4
6
8
331
0
2
4
6
8
337
0
2
4
6
8
343
0
2
4
6
8
349
0
2
4
6
8
355
0
2
4
6
8
361
0
2
4
6
8
367
0
2
4
6
8
373
0
2
4
6
8
379
0
2
4
6
8
385
0
2
4
6
8
391
0
2
4
6
8
397
0
2
4
6
8
403
0
2
4
6
8
409
0
2
4
6
8
415
0
2
4
6
8
421
0
2
4
6
8
427
0
2
4
6
8
433
0
2
4
6
8
439
0
2
4
6
8
445
0
2
4
6
8
451
0
2
4
6
8
457
0
2
4
6
8
463
0
2
4
6
8
469
0
2
4
6
8
475
0
2
4
6
8
481
0
2
4
6
8
487
0
2
4
6
8
493
0
2
4
6
8
499
0
2
4
6
8
505
0
2
4
6
8
511
0
2
4
6
8
517
0
2
4
6
8
523
0
2
4
6
8
529
0
2
4
6
8
535
0
2
4
6
8
541
0
2
4
6
8
547
0
2
4
6
8
553
0
2
4
6
8
559
0
2
4
6
8
565
0
2
4
6
8
571
0
2
4
6
8
577
0
2
4
6
8
583
0
2
4
6
8
589
0
2
4
6
8
595
0
2
4
6
8
601
0
2
4
6
8
607
0
2
4
6
8
613
0
2
4
6
8
619
0
2
4
6
8
625
0
2
4
6
8
631
0
2
4
6
8
637
0
2
4
6
8
643
0
2
4
6
8
649
0
2
4
6
8
655
0
2
4
6
8
661
0
2
4
6
8
667
0
2
4
6
8
673
0
2
4
6
8
679
0
2
4
6
8
685
0
2
4
6
8
691
0
2
4
6
8
697
0
2
4
6
8
703
0
2
4
6
8
709
0
2
4
6
8
715
0
2
4
6
8
721
0
2
4
6
8
727
0
2
4
6
8
733
0
2
4
6
8
739
0
2
4
6
8
745
0
2
4
6
8
751
0
2
4
6
8
757
0
2
4
6
8
763
0
2
4
6
8
769
0
2
4
6
8
775
0
2
4
6
8
781
0
2
4
6
8
787
0
2
4
6
8
793
0
2
4
6
8
799
0
2
4
6
8
805
0
2
4
6
8
811
0
2
4
6
8
817
0
2
4
6
8
823
0
2
4
6
8
829
0
2
4
6
8
835
0
2
4
6
8
841
0
2
4
6
8
847
0
2
4
6
8
853
0
2
4
6
8
859
0
2
4
6
8
865
0
2
4
6
8
871
0
2
4
6
8
877
0
2
4
6
8
883
0
2
4
6
8
889
0
2
4
6
8
895
0
2
4
6
8
901
0
2
4
6
8
907
0
2
4
6
8
913
0
2
4
6
8
919
0
2
4
6
8
925
0
2
4
6
8
931
0
2
4
6
8
937
0
2
4
6
8
943
0
2
4
6
8
949
0
2
4
6
8
955
0
2
4
6
8
961
0
2
4
6
8
967
0
2
4
6
8
973
0
2
4
6
8
979
0
2
4
6
8
985
0
2
4
6
8
991
0
2
4
6
8
997
0
2
268 ms. Memory: 340992K Free: 299389K (88%)
----------------- Invoking toplevel() on ptolemy.moml.MoMLSimpleApplication@12481c4b
----------------- Done invoking toplevel() on ptolemy.moml.MoMLSimpleApplication@12481c4b
reloadAllAccessors: .modalChangingParams

===========================================================================================
----------------- testing Wed Mar 11 07:16:35 UTC 2020 /home/travis/build/icyphy/ptII/ptolemy/domains/modal/test/auto/modalModel.xml
----------------- Instantiating /home/travis/build/icyphy/ptII/ptolemy/domains/modal/test/auto/modalModel.xml
7 ms. Memory: 340992K Free: 290165K (85%)
----------------- Invoking toplevel() on ptolemy.moml.MoMLSimpleApplication@1a9fae22
----------------- Done invoking toplevel() on ptolemy.moml.MoMLSimpleApplication@1a9fae22
reloadAllAccessors: .modalModel

===========================================================================================
----------------- testing Wed Mar 11 07:16:35 UTC 2020 /home/travis/build/icyphy/ptII/ptolemy/domains/modal/test/auto/modalModel2.xml
----------------- Instantiating /home/travis/build/icyphy/ptII/ptolemy/domains/modal/test/auto/modalModel2.xml
12 ms. Memory: 340992K Free: 279429K (82%)
----------------- Invoking toplevel() on ptolemy.moml.MoMLSimpleApplication@743054ba
----------------- Done invoking toplevel() on ptolemy.moml.MoMLSimpleApplication@743054ba
reloadAllAccessors: .modalModel2

===========================================================================================
----------------- testing Wed Mar 11 07:16:36 UTC 2020 /home/travis/build/icyphy/ptII/ptolemy/domains/modal/test/auto/modalModel3.xml
----------------- Instantiating /home/travis/build/icyphy/ptII/ptolemy/domains/modal/test/auto/modalModel3.xml
0	0	0
3	2	1
6	4	2
9	6	3
4	0	4
7	2	5
10	4	6
13	6	7
8	0	8
11	2	9
14	4	10
17	6	11
12	0	12
15	2	13
18	4	14
18 ms. Memory: 340992K Free: 264579K (78%)
----------------- Invoking toplevel() on ptolemy.moml.MoMLSimpleApplication@3a21688d
----------------- Done invoking toplevel() on ptolemy.moml.MoMLSimpleApplication@3a21688d
reloadAllAccessors: .modalModel3

===========================================================================================
----------------- testing Wed Mar 11 07:16:36 UTC 2020 /home/travis/build/icyphy/ptII/ptolemy/domains/modal/test/auto/model1.xml
----------------- Instantiating /home/travis/build/icyphy/ptII/ptolemy/domains/modal/test/auto/model1.xml
21 ms. Memory: 340992K Free: 258949K (76%)
----------------- Invoking toplevel() on ptolemy.moml.MoMLSimpleApplication@2947d6ca
----------------- Done invoking toplevel() on ptolemy.moml.MoMLSimpleApplication@2947d6ca
reloadAllAccessors: .model1

===========================================================================================
----------------- testing Wed Mar 11 07:16:36 UTC 2020 /home/travis/build/icyphy/ptII/ptolemy/domains/modal/test/auto/test-direct-in-out.xml
----------------- Instantiating /home/travis/build/icyphy/ptII/ptolemy/domains/modal/test/auto/test-direct-in-out.xml
4 ms. Memory: 340992K Free: 251261K (74%)
----------------- Invoking toplevel() on ptolemy.moml.MoMLSimpleApplication@7c811568
----------------- Done invoking toplevel() on ptolemy.moml.MoMLSimpleApplication@7c811568
reloadAllAccessors: .test-direct-in-out
AutoTests.java: About to close Vertx.
AutoTests.java: Vertx closed.
]]></system-out>
  <system-err><![CDATA[java.lang.RuntimeException: Execution failed
	at ptolemy.moml.MoMLSimpleApplication$UnloadThread.run(MoMLSimpleApplication.java:402)
Caused by: ptolemy.kernel.util.IllegalActionException: Unknown inputs remain. Possible causality loop:
L_model_1893289564i

  in .CannotAnalysisWithPreemption.model_1893289564_region_1 and .CannotAnalysisWithPreemption.model_1893289564_region_1.L_model_1893289564i
	at ptolemy.actor.sched.FixedPointDirector.postfire(FixedPointDirector.java:515)
	at ptolemy.domains.sr.kernel.SRDirector.postfire(SRDirector.java:417)
	at ptolemy.actor.CompositeActor.postfire(CompositeActor.java:1668)
	at ptolemy.actor.Manager.iterate(Manager.java:852)
	at ptolemy.actor.Manager.execute(Manager.java:369)
	at ptolemy.actor.Manager.run(Manager.java:1263)
	at ptolemy.actor.Manager$PtolemyRunThread.run(Manager.java:1933)
java.lang.reflect.InvocationTargetException
	at java.base/jdk.internal.reflect.NativeConstructorAccessorImpl.newInstance0(Native Method)
	at java.base/jdk.internal.reflect.NativeConstructorAccessorImpl.newInstance(NativeConstructorAccessorImpl.java:62)
	at java.base/jdk.internal.reflect.DelegatingConstructorAccessorImpl.newInstance(DelegatingConstructorAccessorImpl.java:45)
	at java.base/java.lang.reflect.Constructor.newInstance(Constructor.java:490)
	at ptolemy.util.test.junit.AutoKnownFailedTests.RunModel(AutoKnownFailedTests.java:105)
	at java.base/jdk.internal.reflect.NativeMethodAccessorImpl.invoke0(Native Method)
	at java.base/jdk.internal.reflect.NativeMethodAccessorImpl.invoke(NativeMethodAccessorImpl.java:62)
	at java.base/jdk.internal.reflect.DelegatingMethodAccessorImpl.invoke(DelegatingMethodAccessorImpl.java:43)
	at java.base/java.lang.reflect.Method.invoke(Method.java:566)
	at org.junit.runners.model.FrameworkMethod$1.runReflectiveCall(FrameworkMethod.java:44)
	at org.junit.internal.runners.model.ReflectiveCallable.run(ReflectiveCallable.java:15)
	at org.junit.runners.model.FrameworkMethod.invokeExplosively(FrameworkMethod.java:41)
	at junitparams.internal.InvokeParameterisedMethod.evaluate(InvokeParameterisedMethod.java:102)
	at org.junit.internal.runners.statements.FailOnTimeout$1.run(FailOnTimeout.java:28)
Caused by: ptolemy.kernel.util.IllegalActionException: Unknown inputs remain. Possible causality loop:
L_model_1893289564i

  in .CannotAnalysisWithPreemption.model_1893289564_region_1 and .CannotAnalysisWithPreemption.model_1893289564_region_1.L_model_1893289564i
	at ptolemy.actor.sched.FixedPointDirector.postfire(FixedPointDirector.java:515)
	at ptolemy.domains.sr.kernel.SRDirector.postfire(SRDirector.java:417)
	at ptolemy.actor.CompositeActor.postfire(CompositeActor.java:1668)
	at ptolemy.actor.Manager.iterate(Manager.java:852)
	at ptolemy.actor.Manager.execute(Manager.java:369)
	at ptolemy.actor.Manager.run(Manager.java:1263)
	at ptolemy.actor.Manager$PtolemyRunThread.run(Manager.java:1933)
]]></system-err>
</testsuite>
