<?xml version="1.0" encoding="UTF-8" ?>
<testsuite errors="0" failures="0" hostname="travis-job-d802c0d1-da0f-4ab1-b18b-5b825c7be404" name="ptolemy.actor.lib.hoc.test.junit.JUnitTclTest" skipped="0" tests="58" time="24.149" timestamp="2019-05-03T04:07:22">
  <properties>
[...]
</properties>
  <testcase classname="ptolemy.util.test.junit.TclTests" name="[0] /home/travis/build/icyphy/ptII/ptolemy/actor/lib/hoc/test/IterateOverArray.tcl (RunTclFile)" time="0.345" />
  <testcase classname="ptolemy.util.test.junit.AutoKnownFailedTests" name="[0] /home/travis/build/icyphy/ptII/ptolemy/actor/lib/hoc/test/auto/knownFailedTests/PreinitializeMustBeInvokedRunComposite.xml (RunModel)" time="0.217" />
  <testcase classname="ptolemy.util.test.junit.AutoNameArchTests" name="[0] ThereAreNoAutoArchTests (RunModel)" time="0.001" />
  <testcase classname="ptolemy.util.test.junit.AutoTests" name="[0] /home/travis/build/icyphy/ptII/ptolemy/actor/lib/hoc/test/auto/AllToAllMultiInstanceComposite.xml (RunModel)" time="0.313" />
  <testcase classname="ptolemy.util.test.junit.AutoTests" name="[1] /home/travis/build/icyphy/ptII/ptolemy/actor/lib/hoc/test/auto/ApplyFFTTest.xml (RunModel)" time="0.268" />
  <testcase classname="ptolemy.util.test.junit.AutoTests" name="[2] /home/travis/build/icyphy/ptII/ptolemy/actor/lib/hoc/test/auto/ApplyFunction.xml (RunModel)" time="0.026" />
  <testcase classname="ptolemy.util.test.junit.AutoTests" name="[3] /home/travis/build/icyphy/ptII/ptolemy/actor/lib/hoc/test/auto/BackgroundExecution.xml (RunModel)" time="0.705" />
  <testcase classname="ptolemy.util.test.junit.AutoTests" name="[4] /home/travis/build/icyphy/ptII/ptolemy/actor/lib/hoc/test/auto/Case.xml (RunModel)" time="0.054" />
  <testcase classname="ptolemy.util.test.junit.AutoTests" name="[5] /home/travis/build/icyphy/ptII/ptolemy/actor/lib/hoc/test/auto/Case1.xml (RunModel)" time="0.054" />
  <testcase classname="ptolemy.util.test.junit.AutoTests" name="[6] /home/travis/build/icyphy/ptII/ptolemy/actor/lib/hoc/test/auto/Case2.xml (RunModel)" time="0.113" />
  <testcase classname="ptolemy.util.test.junit.AutoTests" name="[7] /home/travis/build/icyphy/ptII/ptolemy/actor/lib/hoc/test/auto/Case3.xml (RunModel)" time="0.027" />
  <testcase classname="ptolemy.util.test.junit.AutoTests" name="[8] /home/travis/build/icyphy/ptII/ptolemy/actor/lib/hoc/test/auto/Case4.xml (RunModel)" time="0.029" />
  <testcase classname="ptolemy.util.test.junit.AutoTests" name="[9] /home/travis/build/icyphy/ptII/ptolemy/actor/lib/hoc/test/auto/Case5.xml (RunModel)" time="0.053" />
  <testcase classname="ptolemy.util.test.junit.AutoTests" name="[10] /home/travis/build/icyphy/ptII/ptolemy/actor/lib/hoc/test/auto/Case6.xml (RunModel)" time="0.063" />
  <testcase classname="ptolemy.util.test.junit.AutoTests" name="[11] /home/travis/build/icyphy/ptII/ptolemy/actor/lib/hoc/test/auto/CaseString2.xml (RunModel)" time="0.045" />
  <testcase classname="ptolemy.util.test.junit.AutoTests" name="[12] /home/travis/build/icyphy/ptII/ptolemy/actor/lib/hoc/test/auto/CatchUpComposite1.xml (RunModel)" time="0.101" />
  <testcase classname="ptolemy.util.test.junit.AutoTests" name="[13] /home/travis/build/icyphy/ptII/ptolemy/actor/lib/hoc/test/auto/CatchUpComposite2.xml (RunModel)" time="0.073" />
  <testcase classname="ptolemy.util.test.junit.AutoTests" name="[14] /home/travis/build/icyphy/ptII/ptolemy/actor/lib/hoc/test/auto/CatchUpComposite3.xml (RunModel)" time="0.052" />
  <testcase classname="ptolemy.util.test.junit.AutoTests" name="[15] /home/travis/build/icyphy/ptII/ptolemy/actor/lib/hoc/test/auto/CatchUpComposite4.xml (RunModel)" time="0.051" />
  <testcase classname="ptolemy.util.test.junit.AutoTests" name="[16] /home/travis/build/icyphy/ptII/ptolemy/actor/lib/hoc/test/auto/CatchUpComposite5.xml (RunModel)" time="0.048" />
  <testcase classname="ptolemy.util.test.junit.AutoTests" name="[17] /home/travis/build/icyphy/ptII/ptolemy/actor/lib/hoc/test/auto/CatchUpComposite6.xml (RunModel)" time="0.169" />
  <testcase classname="ptolemy.util.test.junit.AutoTests" name="[18] /home/travis/build/icyphy/ptII/ptolemy/actor/lib/hoc/test/auto/CatchUpComposite7.xml (RunModel)" time="0.091" />
  <testcase classname="ptolemy.util.test.junit.AutoTests" name="[19] /home/travis/build/icyphy/ptII/ptolemy/actor/lib/hoc/test/auto/ConcurrentExecutionTimeSDF.xml (RunModel)" time="1.444" />
  <testcase classname="ptolemy.util.test.junit.AutoTests" name="[20] /home/travis/build/icyphy/ptII/ptolemy/actor/lib/hoc/test/auto/ConcurrentSleep.xml (RunModel)" time="0.769" />
  <testcase classname="ptolemy.util.test.junit.AutoTests" name="[21] /home/travis/build/icyphy/ptII/ptolemy/actor/lib/hoc/test/auto/DEInPNInRunCompositeActor.xml (RunModel)" time="0.027" />
  <testcase classname="ptolemy.util.test.junit.AutoTests" name="[22] /home/travis/build/icyphy/ptII/ptolemy/actor/lib/hoc/test/auto/DFTSubSetTest.xml (RunModel)" time="0.283" />
  <testcase classname="ptolemy.util.test.junit.AutoTests" name="[23] /home/travis/build/icyphy/ptII/ptolemy/actor/lib/hoc/test/auto/HocDE.xml (RunModel)" time="0.171" />
  <testcase classname="ptolemy.util.test.junit.AutoTests" name="[24] /home/travis/build/icyphy/ptII/ptolemy/actor/lib/hoc/test/auto/IterateOverArray.xml (RunModel)" time="0.038" />
  <testcase classname="ptolemy.util.test.junit.AutoTests" name="[25] /home/travis/build/icyphy/ptII/ptolemy/actor/lib/hoc/test/auto/IterateOverArray10.xml (RunModel)" time="0.016" />
  <testcase classname="ptolemy.util.test.junit.AutoTests" name="[26] /home/travis/build/icyphy/ptII/ptolemy/actor/lib/hoc/test/auto/IterateOverArray11.xml (RunModel)" time="0.03" />
  <testcase classname="ptolemy.util.test.junit.AutoTests" name="[27] /home/travis/build/icyphy/ptII/ptolemy/actor/lib/hoc/test/auto/IterateOverArray12.xml (RunModel)" time="0.04" />
  <testcase classname="ptolemy.util.test.junit.AutoTests" name="[28] /home/travis/build/icyphy/ptII/ptolemy/actor/lib/hoc/test/auto/IterateOverArray13.xml (RunModel)" time="0.134" />
  <testcase classname="ptolemy.util.test.junit.AutoTests" name="[29] /home/travis/build/icyphy/ptII/ptolemy/actor/lib/hoc/test/auto/IterateOverArray14.xml (RunModel)" time="0.151" />
  <testcase classname="ptolemy.util.test.junit.AutoTests" name="[30] /home/travis/build/icyphy/ptII/ptolemy/actor/lib/hoc/test/auto/IterateOverArray2.xml (RunModel)" time="0.034" />
  <testcase classname="ptolemy.util.test.junit.AutoTests" name="[31] /home/travis/build/icyphy/ptII/ptolemy/actor/lib/hoc/test/auto/IterateOverArray3.xml (RunModel)" time="0.039" />
  <testcase classname="ptolemy.util.test.junit.AutoTests" name="[32] /home/travis/build/icyphy/ptII/ptolemy/actor/lib/hoc/test/auto/IterateOverArray4.xml (RunModel)" time="0.03" />
  <testcase classname="ptolemy.util.test.junit.AutoTests" name="[33] /home/travis/build/icyphy/ptII/ptolemy/actor/lib/hoc/test/auto/IterateOverArray5.xml (RunModel)" time="0.023" />
  <testcase classname="ptolemy.util.test.junit.AutoTests" name="[34] /home/travis/build/icyphy/ptII/ptolemy/actor/lib/hoc/test/auto/IterateOverArray6.xml (RunModel)" time="0.015" />
  <testcase classname="ptolemy.util.test.junit.AutoTests" name="[35] /home/travis/build/icyphy/ptII/ptolemy/actor/lib/hoc/test/auto/IterateOverArray7.xml (RunModel)" time="0.02" />
  <testcase classname="ptolemy.util.test.junit.AutoTests" name="[36] /home/travis/build/icyphy/ptII/ptolemy/actor/lib/hoc/test/auto/IterateOverArray8.xml (RunModel)" time="0.021" />
  <testcase classname="ptolemy.util.test.junit.AutoTests" name="[37] /home/travis/build/icyphy/ptII/ptolemy/actor/lib/hoc/test/auto/IterateOverArray9.xml (RunModel)" time="0.024" />
  <testcase classname="ptolemy.util.test.junit.AutoTests" name="[38] /home/travis/build/icyphy/ptII/ptolemy/actor/lib/hoc/test/auto/IterateOverArrayCoercedOutputType.xml (RunModel)" time="0.032" />
  <testcase classname="ptolemy.util.test.junit.AutoTests" name="[39] /home/travis/build/icyphy/ptII/ptolemy/actor/lib/hoc/test/auto/IterateOverArrayInferredOutputType.xml (RunModel)" time="0.035" />
  <testcase classname="ptolemy.util.test.junit.AutoTests" name="[40] /home/travis/build/icyphy/ptII/ptolemy/actor/lib/hoc/test/auto/MobileFunctionTest.xml (RunModel)" time="0.028" />
  <testcase classname="ptolemy.util.test.junit.AutoTests" name="[41] /home/travis/build/icyphy/ptII/ptolemy/actor/lib/hoc/test/auto/MobileModelTest.xml (RunModel)" time="0.121" />
  <testcase classname="ptolemy.util.test.junit.AutoTests" name="[42] /home/travis/build/icyphy/ptII/ptolemy/actor/lib/hoc/test/auto/ModelReference.xml (RunModel)" time="0.084" />
  <testcase classname="ptolemy.util.test.junit.AutoTests" name="[43] /home/travis/build/icyphy/ptII/ptolemy/actor/lib/hoc/test/auto/ModelReference3.xml (RunModel)" time="0.048" />
  <testcase classname="ptolemy.util.test.junit.AutoTests" name="[44] /home/travis/build/icyphy/ptII/ptolemy/actor/lib/hoc/test/auto/ModelReference4.xml (RunModel)" time="10.044" />
  <testcase classname="ptolemy.util.test.junit.AutoTests" name="[45] /home/travis/build/icyphy/ptII/ptolemy/actor/lib/hoc/test/auto/MultiInstanceComposite.xml (RunModel)" time="0.044" />
  <testcase classname="ptolemy.util.test.junit.AutoTests" name="[46] /home/travis/build/icyphy/ptII/ptolemy/actor/lib/hoc/test/auto/MultiInstanceComposite2.xml (RunModel)" time="0.041" />
  <testcase classname="ptolemy.util.test.junit.AutoTests" name="[47] /home/travis/build/icyphy/ptII/ptolemy/actor/lib/hoc/test/auto/MulticoreExecution.xml (RunModel)" time="1.13" />
  <testcase classname="ptolemy.util.test.junit.AutoTests" name="[48] /home/travis/build/icyphy/ptII/ptolemy/actor/lib/hoc/test/auto/ParallelExecution.xml (RunModel)" time="0.953" />
  <testcase classname="ptolemy.util.test.junit.AutoTests" name="[49] /home/travis/build/icyphy/ptII/ptolemy/actor/lib/hoc/test/auto/RunCompositeActor.xml (RunModel)" time="0.025" />
  <testcase classname="ptolemy.util.test.junit.AutoTests" name="[50] /home/travis/build/icyphy/ptII/ptolemy/actor/lib/hoc/test/auto/RunCompositeActor2.xml (RunModel)" time="0.021" />
  <testcase classname="ptolemy.util.test.junit.AutoTests" name="[51] /home/travis/build/icyphy/ptII/ptolemy/actor/lib/hoc/test/auto/RunCompositeActor3.xml (RunModel)" time="0.021" />
  <testcase classname="ptolemy.util.test.junit.AutoTests" name="[52] /home/travis/build/icyphy/ptII/ptolemy/actor/lib/hoc/test/auto/RunCompositeActor4.xml (RunModel)" time="0.058" />
  <testcase classname="ptolemy.util.test.junit.AutoTests" name="[53] /home/travis/build/icyphy/ptII/ptolemy/actor/lib/hoc/test/auto/RunCompositeIterateOverArray.xml (RunModel)" time="0.023" />
  <testcase classname="ptolemy.util.test.junit.AutoTests" name="[54] /home/travis/build/icyphy/ptII/ptolemy/actor/lib/hoc/test/auto/ThreadedJS.xml (RunModel)" time="4.785" />
  <system-out><![CDATA[/home/travis/build/icyphy/ptII/ptolemy/actor/lib/hoc/test/IterateOverArray.tcl
testDefs.tcl: setting time out to 9000 seconds at Fri May 03 04:07:22 UTC 2019
05/03/19 04:07:23
Failed: 0  Total Tests: 2  ((Passed: 2, Newly Passed: 0)  Known Failed: 0) /home/travis/build/icyphy/ptII/ptolemy/actor/lib/hoc/test
----------------- testing (KnownFailure) /home/travis/build/icyphy/ptII/ptolemy/actor/lib/hoc/test/auto/knownFailedTests/PreinitializeMustBeInvokedRunComposite.xml
34 ms. Memory: 116224K Free: 106853K (92%)
Known Failure: java.lang.reflect.InvocationTargetException
No auto/linux-amd64/*.xml tests in /home/travis/build/icyphy/ptII/ptolemy/actor/lib/hoc/test
AutoTests.java: About to close Vertx.
AutoTests.java: Vertx closed.

===========================================================================================
----------------- testing Fri May 03 04:07:23 UTC 2019 /home/travis/build/icyphy/ptII/ptolemy/actor/lib/hoc/test/auto/AllToAllMultiInstanceComposite.xml
----------------- Instantiating /home/travis/build/icyphy/ptII/ptolemy/actor/lib/hoc/test/auto/AllToAllMultiInstanceComposite.xml
153 ms. Memory: 146944K Free: 120705K (82%)
----------------- Invoking toplevel() on ptolemy.moml.MoMLSimpleApplication@731aa24
----------------- Done invoking toplevel() on ptolemy.moml.MoMLSimpleApplication@731aa24
reloadAllAccessors: .AllToAllMultiInstanceComposite

===========================================================================================
----------------- testing Fri May 03 04:07:24 UTC 2019 /home/travis/build/icyphy/ptII/ptolemy/actor/lib/hoc/test/auto/ApplyFFTTest.xml
----------------- Instantiating /home/travis/build/icyphy/ptII/ptolemy/actor/lib/hoc/test/auto/ApplyFFTTest.xml
108 ms. Memory: 146944K Free: 100558K (68%)
----------------- Invoking toplevel() on ptolemy.moml.MoMLSimpleApplication@6a6042fd
----------------- Done invoking toplevel() on ptolemy.moml.MoMLSimpleApplication@6a6042fd
reloadAllAccessors: .ApplyFFTTest

===========================================================================================
----------------- testing Fri May 03 04:07:24 UTC 2019 /home/travis/build/icyphy/ptII/ptolemy/actor/lib/hoc/test/auto/ApplyFunction.xml
----------------- Instantiating /home/travis/build/icyphy/ptII/ptolemy/actor/lib/hoc/test/auto/ApplyFunction.xml
5 ms. Memory: 146944K Free: 97232K (66%)
----------------- Invoking toplevel() on ptolemy.moml.MoMLSimpleApplication@53e4bfea
----------------- Done invoking toplevel() on ptolemy.moml.MoMLSimpleApplication@53e4bfea
reloadAllAccessors: .ApplyFunction

===========================================================================================
----------------- testing Fri May 03 04:07:24 UTC 2019 /home/travis/build/icyphy/ptII/ptolemy/actor/lib/hoc/test/auto/BackgroundExecution.xml
----------------- Instantiating /home/travis/build/icyphy/ptII/ptolemy/actor/lib/hoc/test/auto/BackgroundExecution.xml
623 ms. Memory: 146944K Free: 89666K (61%)
----------------- Invoking toplevel() on ptolemy.moml.MoMLSimpleApplication@ba13414
----------------- Done invoking toplevel() on ptolemy.moml.MoMLSimpleApplication@ba13414
reloadAllAccessors: .BackgroundExecution

===========================================================================================
----------------- testing Fri May 03 04:07:25 UTC 2019 /home/travis/build/icyphy/ptII/ptolemy/actor/lib/hoc/test/auto/Case.xml
----------------- Instantiating /home/travis/build/icyphy/ptII/ptolemy/actor/lib/hoc/test/auto/Case.xml
15 ms. Memory: 146944K Free: 81129K (55%)
----------------- Invoking toplevel() on ptolemy.moml.MoMLSimpleApplication@73e5be9e
----------------- Done invoking toplevel() on ptolemy.moml.MoMLSimpleApplication@73e5be9e
reloadAllAccessors: .Case

===========================================================================================
----------------- testing Fri May 03 04:07:25 UTC 2019 /home/travis/build/icyphy/ptII/ptolemy/actor/lib/hoc/test/auto/Case1.xml
----------------- Instantiating /home/travis/build/icyphy/ptII/ptolemy/actor/lib/hoc/test/auto/Case1.xml
13 ms. Memory: 146944K Free: 136198K (93%)
----------------- Invoking toplevel() on ptolemy.moml.MoMLSimpleApplication@ddb637d
----------------- Done invoking toplevel() on ptolemy.moml.MoMLSimpleApplication@ddb637d
reloadAllAccessors: .Case1

===========================================================================================
----------------- testing Fri May 03 04:07:25 UTC 2019 /home/travis/build/icyphy/ptII/ptolemy/actor/lib/hoc/test/auto/Case2.xml
----------------- Instantiating /home/travis/build/icyphy/ptII/ptolemy/actor/lib/hoc/test/auto/Case2.xml
40 ms. Memory: 146944K Free: 124634K (85%)
----------------- Invoking toplevel() on ptolemy.moml.MoMLSimpleApplication@47a0ff1b
----------------- Done invoking toplevel() on ptolemy.moml.MoMLSimpleApplication@47a0ff1b
reloadAllAccessors: .Case2

===========================================================================================
----------------- testing Fri May 03 04:07:25 UTC 2019 /home/travis/build/icyphy/ptII/ptolemy/actor/lib/hoc/test/auto/Case3.xml
----------------- Instantiating /home/travis/build/icyphy/ptII/ptolemy/actor/lib/hoc/test/auto/Case3.xml
7 ms. Memory: 146944K Free: 118314K (81%)
----------------- Invoking toplevel() on ptolemy.moml.MoMLSimpleApplication@a1c0fd7
----------------- Done invoking toplevel() on ptolemy.moml.MoMLSimpleApplication@a1c0fd7
reloadAllAccessors: .Case3

===========================================================================================
----------------- testing Fri May 03 04:07:25 UTC 2019 /home/travis/build/icyphy/ptII/ptolemy/actor/lib/hoc/test/auto/Case4.xml
----------------- Instantiating /home/travis/build/icyphy/ptII/ptolemy/actor/lib/hoc/test/auto/Case4.xml
9 ms. Memory: 146944K Free: 109665K (75%)
----------------- Invoking toplevel() on ptolemy.moml.MoMLSimpleApplication@79a7c902
----------------- Done invoking toplevel() on ptolemy.moml.MoMLSimpleApplication@79a7c902
reloadAllAccessors: .Case4

===========================================================================================
----------------- testing Fri May 03 04:07:25 UTC 2019 /home/travis/build/icyphy/ptII/ptolemy/actor/lib/hoc/test/auto/Case5.xml
----------------- Instantiating /home/travis/build/icyphy/ptII/ptolemy/actor/lib/hoc/test/auto/Case5.xml
37 ms. Memory: 146944K Free: 103015K (70%)
----------------- Invoking toplevel() on ptolemy.moml.MoMLSimpleApplication@256457c7
----------------- Done invoking toplevel() on ptolemy.moml.MoMLSimpleApplication@256457c7
reloadAllAccessors: .junk

===========================================================================================
----------------- testing Fri May 03 04:07:25 UTC 2019 /home/travis/build/icyphy/ptII/ptolemy/actor/lib/hoc/test/auto/Case6.xml
----------------- Instantiating /home/travis/build/icyphy/ptII/ptolemy/actor/lib/hoc/test/auto/Case6.xml
31 ms. Memory: 146944K Free: 89474K (61%)
----------------- Invoking toplevel() on ptolemy.moml.MoMLSimpleApplication@107de0d6
----------------- Done invoking toplevel() on ptolemy.moml.MoMLSimpleApplication@107de0d6
reloadAllAccessors: .Case6

===========================================================================================
----------------- testing Fri May 03 04:07:25 UTC 2019 /home/travis/build/icyphy/ptII/ptolemy/actor/lib/hoc/test/auto/CaseString2.xml
----------------- Instantiating /home/travis/build/icyphy/ptII/ptolemy/actor/lib/hoc/test/auto/CaseString2.xml
8 ms. Memory: 146944K Free: 81643K (56%)
----------------- Invoking toplevel() on ptolemy.moml.MoMLSimpleApplication@5b357fc6
----------------- Done invoking toplevel() on ptolemy.moml.MoMLSimpleApplication@5b357fc6
reloadAllAccessors: .CaseString2

===========================================================================================
----------------- testing Fri May 03 04:07:25 UTC 2019 /home/travis/build/icyphy/ptII/ptolemy/actor/lib/hoc/test/auto/CatchUpComposite1.xml
----------------- Instantiating /home/travis/build/icyphy/ptII/ptolemy/actor/lib/hoc/test/auto/CatchUpComposite1.xml
23 ms. Memory: 208384K Free: 194503K (93%)
----------------- Invoking toplevel() on ptolemy.moml.MoMLSimpleApplication@2034a7c9
----------------- Done invoking toplevel() on ptolemy.moml.MoMLSimpleApplication@2034a7c9
reloadAllAccessors: .CatchUpComposite1

===========================================================================================
----------------- testing Fri May 03 04:07:25 UTC 2019 /home/travis/build/icyphy/ptII/ptolemy/actor/lib/hoc/test/auto/CatchUpComposite2.xml
----------------- Instantiating /home/travis/build/icyphy/ptII/ptolemy/actor/lib/hoc/test/auto/CatchUpComposite2.xml
20 ms. Memory: 208384K Free: 184635K (89%)
----------------- Invoking toplevel() on ptolemy.moml.MoMLSimpleApplication@3703357d
----------------- Done invoking toplevel() on ptolemy.moml.MoMLSimpleApplication@3703357d
reloadAllAccessors: .CatchUpComposite2

===========================================================================================
----------------- testing Fri May 03 04:07:25 UTC 2019 /home/travis/build/icyphy/ptII/ptolemy/actor/lib/hoc/test/auto/CatchUpComposite3.xml
----------------- Instantiating /home/travis/build/icyphy/ptII/ptolemy/actor/lib/hoc/test/auto/CatchUpComposite3.xml
15 ms. Memory: 208384K Free: 174695K (84%)
----------------- Invoking toplevel() on ptolemy.moml.MoMLSimpleApplication@3347e40
----------------- Done invoking toplevel() on ptolemy.moml.MoMLSimpleApplication@3347e40
reloadAllAccessors: .CatchUpComposite3

===========================================================================================
----------------- testing Fri May 03 04:07:25 UTC 2019 /home/travis/build/icyphy/ptII/ptolemy/actor/lib/hoc/test/auto/CatchUpComposite4.xml
----------------- Instantiating /home/travis/build/icyphy/ptII/ptolemy/actor/lib/hoc/test/auto/CatchUpComposite4.xml
13 ms. Memory: 208384K Free: 164827K (79%)
----------------- Invoking toplevel() on ptolemy.moml.MoMLSimpleApplication@74ffc422
----------------- Done invoking toplevel() on ptolemy.moml.MoMLSimpleApplication@74ffc422
reloadAllAccessors: .CatchUpComposite4

===========================================================================================
----------------- testing Fri May 03 04:07:25 UTC 2019 /home/travis/build/icyphy/ptII/ptolemy/actor/lib/hoc/test/auto/CatchUpComposite5.xml
----------------- Instantiating /home/travis/build/icyphy/ptII/ptolemy/actor/lib/hoc/test/auto/CatchUpComposite5.xml
15 ms. Memory: 208384K Free: 156618K (75%)
----------------- Invoking toplevel() on ptolemy.moml.MoMLSimpleApplication@673fcb61
----------------- Done invoking toplevel() on ptolemy.moml.MoMLSimpleApplication@673fcb61
reloadAllAccessors: .CatchUpComposite5

===========================================================================================
----------------- testing Fri May 03 04:07:25 UTC 2019 /home/travis/build/icyphy/ptII/ptolemy/actor/lib/hoc/test/auto/CatchUpComposite6.xml
----------------- Instantiating /home/travis/build/icyphy/ptII/ptolemy/actor/lib/hoc/test/auto/CatchUpComposite6.xml
WARNING: The execution aspects in this model can influence the timing of actors by delaying the 
execution, potentially changing the behavior. There is no guarantee that actors fire at the 
time they request to be fired. 
Use Ptides for deterministic DE behavior that is not influenced by execution aspects. 

92 ms. Memory: 208384K Free: 139380K (67%)
----------------- Invoking toplevel() on ptolemy.moml.MoMLSimpleApplication@24ba4afe
----------------- Done invoking toplevel() on ptolemy.moml.MoMLSimpleApplication@24ba4afe
reloadAllAccessors: .CatchUpComposite6

===========================================================================================
----------------- testing Fri May 03 04:07:26 UTC 2019 /home/travis/build/icyphy/ptII/ptolemy/actor/lib/hoc/test/auto/CatchUpComposite7.xml
----------------- Instantiating /home/travis/build/icyphy/ptII/ptolemy/actor/lib/hoc/test/auto/CatchUpComposite7.xml
WARNING: The execution aspects in this model can influence the timing of actors by delaying the 
execution, potentially changing the behavior. There is no guarantee that actors fire at the 
time they request to be fired. 
Use Ptides for deterministic DE behavior that is not influenced by execution aspects. 

35 ms. Memory: 208384K Free: 122894K (59%)
----------------- Invoking toplevel() on ptolemy.moml.MoMLSimpleApplication@6302eb0e
----------------- Done invoking toplevel() on ptolemy.moml.MoMLSimpleApplication@6302eb0e
reloadAllAccessors: .CatchUpComposite7

===========================================================================================
----------------- testing Fri May 03 04:07:26 UTC 2019 /home/travis/build/icyphy/ptII/ptolemy/actor/lib/hoc/test/auto/ConcurrentExecutionTimeSDF.xml
----------------- Instantiating /home/travis/build/icyphy/ptII/ptolemy/actor/lib/hoc/test/auto/ConcurrentExecutionTimeSDF.xml
Fired ExecutionTime: 40400000
Fired ExecutionTime: 40400000
Fired ExecutionTime: 40400000
Fired ExecutionTime: 40400000
Fired ExecutionTime: 40400000
Fired ExecutionTime: 40400000
Fired ExecutionTime: 40400000
Fired ExecutionTime: 40400000
Fired ExecutionTime: 40400000
Fired ExecutionTime: 40400000
Fired ExecutionTime: 40400000
Fired ExecutionTime: 40400000
Fired ExecutionTime: 40400000
Fired ExecutionTime: 40400000
Fired ExecutionTime: 40400000
Fired ExecutionTime: 40400000
Fired ExecutionTime: 40400000
Fired ExecutionTime: 40400000
Fired ExecutionTime: 40400000
Fired ExecutionTime: 40400000
1414 ms. Memory: 208384K Free: 114669K (55%)
----------------- Invoking toplevel() on ptolemy.moml.MoMLSimpleApplication@5538f32
----------------- Done invoking toplevel() on ptolemy.moml.MoMLSimpleApplication@5538f32
reloadAllAccessors: .ConcurrentExecutionTimeSDF

===========================================================================================
----------------- testing Fri May 03 04:07:27 UTC 2019 /home/travis/build/icyphy/ptII/ptolemy/actor/lib/hoc/test/auto/ConcurrentSleep.xml
----------------- Instantiating /home/travis/build/icyphy/ptII/ptolemy/actor/lib/hoc/test/auto/ConcurrentSleep.xml
738 ms. Memory: 208384K Free: 100630K (48%)
----------------- Invoking toplevel() on ptolemy.moml.MoMLSimpleApplication@44a785e1
----------------- Done invoking toplevel() on ptolemy.moml.MoMLSimpleApplication@44a785e1
reloadAllAccessors: .ConcurrentSleep

===========================================================================================
----------------- testing Fri May 03 04:07:28 UTC 2019 /home/travis/build/icyphy/ptII/ptolemy/actor/lib/hoc/test/auto/DEInPNInRunCompositeActor.xml
----------------- Instantiating /home/travis/build/icyphy/ptII/ptolemy/actor/lib/hoc/test/auto/DEInPNInRunCompositeActor.xml
11 ms. Memory: 208384K Free: 92385K (44%)
----------------- Invoking toplevel() on ptolemy.moml.MoMLSimpleApplication@2f73b928
----------------- Done invoking toplevel() on ptolemy.moml.MoMLSimpleApplication@2f73b928
reloadAllAccessors: .DEInPNInRunCompositeActor

===========================================================================================
----------------- testing Fri May 03 04:07:28 UTC 2019 /home/travis/build/icyphy/ptII/ptolemy/actor/lib/hoc/test/auto/DFTSubSetTest.xml
----------------- Instantiating /home/travis/build/icyphy/ptII/ptolemy/actor/lib/hoc/test/auto/DFTSubSetTest.xml
193 ms. Memory: 208384K Free: 168122K (81%)
----------------- Invoking toplevel() on ptolemy.moml.MoMLSimpleApplication@585ec8e4
----------------- Done invoking toplevel() on ptolemy.moml.MoMLSimpleApplication@585ec8e4
reloadAllAccessors: .DFTSubSetTest

===========================================================================================
----------------- testing Fri May 03 04:07:28 UTC 2019 /home/travis/build/icyphy/ptII/ptolemy/actor/lib/hoc/test/auto/HocDE.xml
----------------- Instantiating /home/travis/build/icyphy/ptII/ptolemy/actor/lib/hoc/test/auto/HocDE.xml
130 ms. Memory: 208384K Free: 141331K (68%)
----------------- Invoking toplevel() on ptolemy.moml.MoMLSimpleApplication@667568c1
----------------- Done invoking toplevel() on ptolemy.moml.MoMLSimpleApplication@667568c1
reloadAllAccessors: .HocDE

===========================================================================================
----------------- testing Fri May 03 04:07:28 UTC 2019 /home/travis/build/icyphy/ptII/ptolemy/actor/lib/hoc/test/auto/IterateOverArray.xml
----------------- Instantiating /home/travis/build/icyphy/ptII/ptolemy/actor/lib/hoc/test/auto/IterateOverArray.xml
6 ms. Memory: 208384K Free: 134973K (65%)
----------------- Invoking toplevel() on ptolemy.moml.MoMLSimpleApplication@500f5787
----------------- Done invoking toplevel() on ptolemy.moml.MoMLSimpleApplication@500f5787
reloadAllAccessors: .IterateOverArray

===========================================================================================
----------------- testing Fri May 03 04:07:28 UTC 2019 /home/travis/build/icyphy/ptII/ptolemy/actor/lib/hoc/test/auto/IterateOverArray10.xml
----------------- Instantiating /home/travis/build/icyphy/ptII/ptolemy/actor/lib/hoc/test/auto/IterateOverArray10.xml
2 ms. Memory: 208384K Free: 130861K (63%)
----------------- Invoking toplevel() on ptolemy.moml.MoMLSimpleApplication@6b2e3fca
----------------- Done invoking toplevel() on ptolemy.moml.MoMLSimpleApplication@6b2e3fca
reloadAllAccessors: .IterateOverArray10

===========================================================================================
----------------- testing Fri May 03 04:07:28 UTC 2019 /home/travis/build/icyphy/ptII/ptolemy/actor/lib/hoc/test/auto/IterateOverArray11.xml
----------------- Instantiating /home/travis/build/icyphy/ptII/ptolemy/actor/lib/hoc/test/auto/IterateOverArray11.xml
11 ms. Memory: 208384K Free: 125338K (60%)
----------------- Invoking toplevel() on ptolemy.moml.MoMLSimpleApplication@6b2fb9d7
----------------- Done invoking toplevel() on ptolemy.moml.MoMLSimpleApplication@6b2fb9d7
reloadAllAccessors: .IterateOverArray11

===========================================================================================
----------------- testing Fri May 03 04:07:28 UTC 2019 /home/travis/build/icyphy/ptII/ptolemy/actor/lib/hoc/test/auto/IterateOverArray12.xml
----------------- Instantiating /home/travis/build/icyphy/ptII/ptolemy/actor/lib/hoc/test/auto/IterateOverArray12.xml
19 ms. Memory: 208384K Free: 118784K (57%)
----------------- Invoking toplevel() on ptolemy.moml.MoMLSimpleApplication@7fd1b5a8
----------------- Done invoking toplevel() on ptolemy.moml.MoMLSimpleApplication@7fd1b5a8
reloadAllAccessors: .IterateOverArray12

===========================================================================================
----------------- testing Fri May 03 04:07:28 UTC 2019 /home/travis/build/icyphy/ptII/ptolemy/actor/lib/hoc/test/auto/IterateOverArray13.xml
----------------- Instantiating /home/travis/build/icyphy/ptII/ptolemy/actor/lib/hoc/test/auto/IterateOverArray13.xml
66 ms. Memory: 208384K Free: 90323K (43%)
----------------- Invoking toplevel() on ptolemy.moml.MoMLSimpleApplication@6746d523
----------------- Done invoking toplevel() on ptolemy.moml.MoMLSimpleApplication@6746d523
reloadAllAccessors: .IterateOverArray13

===========================================================================================
----------------- testing Fri May 03 04:07:29 UTC 2019 /home/travis/build/icyphy/ptII/ptolemy/actor/lib/hoc/test/auto/IterateOverArray14.xml
----------------- Instantiating /home/travis/build/icyphy/ptII/ptolemy/actor/lib/hoc/test/auto/IterateOverArray14.xml
59 ms. Memory: 332288K Free: 299981K (90%)
----------------- Invoking toplevel() on ptolemy.moml.MoMLSimpleApplication@354fe538
----------------- Done invoking toplevel() on ptolemy.moml.MoMLSimpleApplication@354fe538
reloadAllAccessors: .IterateOverArray14

===========================================================================================
----------------- testing Fri May 03 04:07:29 UTC 2019 /home/travis/build/icyphy/ptII/ptolemy/actor/lib/hoc/test/auto/IterateOverArray2.xml
----------------- Instantiating /home/travis/build/icyphy/ptII/ptolemy/actor/lib/hoc/test/auto/IterateOverArray2.xml
9 ms. Memory: 332288K Free: 292656K (88%)
----------------- Invoking toplevel() on ptolemy.moml.MoMLSimpleApplication@5b47e758
----------------- Done invoking toplevel() on ptolemy.moml.MoMLSimpleApplication@5b47e758
reloadAllAccessors: .IterateOverArray2

===========================================================================================
----------------- testing Fri May 03 04:07:29 UTC 2019 /home/travis/build/icyphy/ptII/ptolemy/actor/lib/hoc/test/auto/IterateOverArray3.xml
----------------- Instantiating /home/travis/build/icyphy/ptII/ptolemy/actor/lib/hoc/test/auto/IterateOverArray3.xml
10 ms. Memory: 332288K Free: 286116K (86%)
----------------- Invoking toplevel() on ptolemy.moml.MoMLSimpleApplication@50632a4b
----------------- Done invoking toplevel() on ptolemy.moml.MoMLSimpleApplication@50632a4b
reloadAllAccessors: .IterateOverArray3

===========================================================================================
----------------- testing Fri May 03 04:07:29 UTC 2019 /home/travis/build/icyphy/ptII/ptolemy/actor/lib/hoc/test/auto/IterateOverArray4.xml
----------------- Instantiating /home/travis/build/icyphy/ptII/ptolemy/actor/lib/hoc/test/auto/IterateOverArray4.xml
10 ms. Memory: 332288K Free: 280433K (84%)
----------------- Invoking toplevel() on ptolemy.moml.MoMLSimpleApplication@929ba9a
----------------- Done invoking toplevel() on ptolemy.moml.MoMLSimpleApplication@929ba9a
reloadAllAccessors: .IterateOverArray4

===========================================================================================
----------------- testing Fri May 03 04:07:29 UTC 2019 /home/travis/build/icyphy/ptII/ptolemy/actor/lib/hoc/test/auto/IterateOverArray5.xml
----------------- Instantiating /home/travis/build/icyphy/ptII/ptolemy/actor/lib/hoc/test/auto/IterateOverArray5.xml
3 ms. Memory: 332288K Free: 275528K (83%)
----------------- Invoking toplevel() on ptolemy.moml.MoMLSimpleApplication@167f51fa
----------------- Done invoking toplevel() on ptolemy.moml.MoMLSimpleApplication@167f51fa
reloadAllAccessors: .IterateOverArray5

===========================================================================================
----------------- testing Fri May 03 04:07:29 UTC 2019 /home/travis/build/icyphy/ptII/ptolemy/actor/lib/hoc/test/auto/IterateOverArray6.xml
----------------- Instantiating /home/travis/build/icyphy/ptII/ptolemy/actor/lib/hoc/test/auto/IterateOverArray6.xml
2 ms. Memory: 332288K Free: 269846K (81%)
----------------- Invoking toplevel() on ptolemy.moml.MoMLSimpleApplication@3ffdecb6
----------------- Done invoking toplevel() on ptolemy.moml.MoMLSimpleApplication@3ffdecb6
reloadAllAccessors: .IterateOverArray6

===========================================================================================
----------------- testing Fri May 03 04:07:29 UTC 2019 /home/travis/build/icyphy/ptII/ptolemy/actor/lib/hoc/test/auto/IterateOverArray7.xml
----------------- Instantiating /home/travis/build/icyphy/ptII/ptolemy/actor/lib/hoc/test/auto/IterateOverArray7.xml
3 ms. Memory: 332288K Free: 264941K (80%)
----------------- Invoking toplevel() on ptolemy.moml.MoMLSimpleApplication@6c32e8e7
----------------- Done invoking toplevel() on ptolemy.moml.MoMLSimpleApplication@6c32e8e7
reloadAllAccessors: .IterateOverArray7

===========================================================================================
----------------- testing Fri May 03 04:07:29 UTC 2019 /home/travis/build/icyphy/ptII/ptolemy/actor/lib/hoc/test/auto/IterateOverArray8.xml
----------------- Instantiating /home/travis/build/icyphy/ptII/ptolemy/actor/lib/hoc/test/auto/IterateOverArray8.xml
5 ms. Memory: 332288K Free: 260036K (78%)
----------------- Invoking toplevel() on ptolemy.moml.MoMLSimpleApplication@6ec7c946
----------------- Done invoking toplevel() on ptolemy.moml.MoMLSimpleApplication@6ec7c946
reloadAllAccessors: .IterateOverArray8

===========================================================================================
----------------- testing Fri May 03 04:07:29 UTC 2019 /home/travis/build/icyphy/ptII/ptolemy/actor/lib/hoc/test/auto/IterateOverArray9.xml
----------------- Instantiating /home/travis/build/icyphy/ptII/ptolemy/actor/lib/hoc/test/auto/IterateOverArray9.xml
7 ms. Memory: 332288K Free: 254354K (77%)
----------------- Invoking toplevel() on ptolemy.moml.MoMLSimpleApplication@5c0f93c8
----------------- Done invoking toplevel() on ptolemy.moml.MoMLSimpleApplication@5c0f93c8
reloadAllAccessors: .IterateOverArray9

===========================================================================================
----------------- testing Fri May 03 04:07:29 UTC 2019 /home/travis/build/icyphy/ptII/ptolemy/actor/lib/hoc/test/auto/IterateOverArrayCoercedOutputType.xml
----------------- Instantiating /home/travis/build/icyphy/ptII/ptolemy/actor/lib/hoc/test/auto/IterateOverArrayCoercedOutputType.xml
4 ms. Memory: 332288K Free: 247813K (75%)
----------------- Invoking toplevel() on ptolemy.moml.MoMLSimpleApplication@2331d691
----------------- Done invoking toplevel() on ptolemy.moml.MoMLSimpleApplication@2331d691
reloadAllAccessors: .IterateOverArrayCoercedOutputType

===========================================================================================
----------------- testing Fri May 03 04:07:29 UTC 2019 /home/travis/build/icyphy/ptII/ptolemy/actor/lib/hoc/test/auto/IterateOverArrayInferredOutputType.xml
----------------- Instantiating /home/travis/build/icyphy/ptII/ptolemy/actor/lib/hoc/test/auto/IterateOverArrayInferredOutputType.xml
12 ms. Memory: 332288K Free: 240496K (72%)
----------------- Invoking toplevel() on ptolemy.moml.MoMLSimpleApplication@64aa1230
----------------- Done invoking toplevel() on ptolemy.moml.MoMLSimpleApplication@64aa1230
reloadAllAccessors: .IterateOverArrayInferredOutputType

===========================================================================================
----------------- testing Fri May 03 04:07:29 UTC 2019 /home/travis/build/icyphy/ptII/ptolemy/actor/lib/hoc/test/auto/MobileFunctionTest.xml
----------------- Instantiating /home/travis/build/icyphy/ptII/ptolemy/actor/lib/hoc/test/auto/MobileFunctionTest.xml
4 ms. Memory: 332288K Free: 235591K (71%)
----------------- Invoking toplevel() on ptolemy.moml.MoMLSimpleApplication@70376bf
----------------- Done invoking toplevel() on ptolemy.moml.MoMLSimpleApplication@70376bf
reloadAllAccessors: .MobileFunctionTest

===========================================================================================
----------------- testing Fri May 03 04:07:29 UTC 2019 /home/travis/build/icyphy/ptII/ptolemy/actor/lib/hoc/test/auto/MobileModelTest.xml
----------------- Instantiating /home/travis/build/icyphy/ptII/ptolemy/actor/lib/hoc/test/auto/MobileModelTest.xml
88 ms. Memory: 332288K Free: 213445K (64%)
----------------- Invoking toplevel() on ptolemy.moml.MoMLSimpleApplication@36c0c962
----------------- Done invoking toplevel() on ptolemy.moml.MoMLSimpleApplication@36c0c962
reloadAllAccessors: .MobileModelTest

===========================================================================================
----------------- testing Fri May 03 04:07:29 UTC 2019 /home/travis/build/icyphy/ptII/ptolemy/actor/lib/hoc/test/auto/ModelReference.xml
----------------- Instantiating /home/travis/build/icyphy/ptII/ptolemy/actor/lib/hoc/test/auto/ModelReference.xml
4 ms. Memory: 332288K Free: 205230K (62%)
2 ms. Memory: 332288K Free: 205230K (62%)
3 ms. Memory: 332288K Free: 203579K (61%)
2 ms. Memory: 332288K Free: 203579K (61%)
3 ms. Memory: 332288K Free: 201944K (61%)
1 ms. Memory: 332288K Free: 201944K (61%)
5 ms. Memory: 332288K Free: 200309K (60%)
1 ms. Memory: 332288K Free: 200309K (60%)
2 ms. Memory: 332288K Free: 200309K (60%)
3 ms. Memory: 332288K Free: 198674K (60%)
34 ms. Memory: 332288K Free: 198674K (60%)
----------------- Invoking toplevel() on ptolemy.moml.MoMLSimpleApplication@158a4464
----------------- Done invoking toplevel() on ptolemy.moml.MoMLSimpleApplication@158a4464
reloadAllAccessors: .ModelReference

===========================================================================================
----------------- testing Fri May 03 04:07:29 UTC 2019 /home/travis/build/icyphy/ptII/ptolemy/actor/lib/hoc/test/auto/ModelReference3.xml
----------------- Instantiating /home/travis/build/icyphy/ptII/ptolemy/actor/lib/hoc/test/auto/ModelReference3.xml
1 ms. Memory: 332288K Free: 193753K (58%)
4 ms. Memory: 332288K Free: 192102K (58%)
1 ms. Memory: 332288K Free: 192102K (58%)
4 ms. Memory: 332288K Free: 190459K (57%)
2 ms. Memory: 332288K Free: 190459K (57%)
1 ms. Memory: 332288K Free: 188808K (57%)
2 ms. Memory: 332288K Free: 188808K (57%)
3 ms. Memory: 332288K Free: 187157K (56%)
1 ms. Memory: 332288K Free: 187157K (56%)
4 ms. Memory: 332288K Free: 185522K (56%)
34 ms. Memory: 332288K Free: 185522K (56%)
----------------- Invoking toplevel() on ptolemy.moml.MoMLSimpleApplication@2d153e9a
----------------- Done invoking toplevel() on ptolemy.moml.MoMLSimpleApplication@2d153e9a
reloadAllAccessors: .ModelReference3

===========================================================================================
----------------- testing Fri May 03 04:07:29 UTC 2019 /home/travis/build/icyphy/ptII/ptolemy/actor/lib/hoc/test/auto/ModelReference4.xml
----------------- Instantiating /home/travis/build/icyphy/ptII/ptolemy/actor/lib/hoc/test/auto/ModelReference4.xml
2 ms. Memory: 332288K Free: 178205K (54%)
3 ms. Memory: 332288K Free: 176570K (53%)
2 ms. Memory: 332288K Free: 174935K (53%)
11 ms. Memory: 332288K Free: 173300K (52%)
2 ms. Memory: 332288K Free: 170014K (51%)
11 ms. Memory: 332288K Free: 168379K (51%)
2 ms. Memory: 332288K Free: 166744K (50%)
6 ms. Memory: 332288K Free: 165109K (50%)
1 ms. Memory: 332288K Free: 163474K (49%)
2 ms. Memory: 332288K Free: 161839K (49%)
10030 ms. Memory: 332288K Free: 161839K (49%)
----------------- Invoking toplevel() on ptolemy.moml.MoMLSimpleApplication@733b19ca
----------------- Done invoking toplevel() on ptolemy.moml.MoMLSimpleApplication@733b19ca
reloadAllAccessors: .ModelReference4

===========================================================================================
----------------- testing Fri May 03 04:07:39 UTC 2019 /home/travis/build/icyphy/ptII/ptolemy/actor/lib/hoc/test/auto/MultiInstanceComposite.xml
----------------- Instantiating /home/travis/build/icyphy/ptII/ptolemy/actor/lib/hoc/test/auto/MultiInstanceComposite.xml
24 ms. Memory: 332288K Free: 143806K (43%)
----------------- Invoking toplevel() on ptolemy.moml.MoMLSimpleApplication@23fcee1c
----------------- Done invoking toplevel() on ptolemy.moml.MoMLSimpleApplication@23fcee1c
reloadAllAccessors: .MultiInstanceComposite

===========================================================================================
----------------- testing Fri May 03 04:07:39 UTC 2019 /home/travis/build/icyphy/ptII/ptolemy/actor/lib/hoc/test/auto/MultiInstanceComposite2.xml
----------------- Instantiating /home/travis/build/icyphy/ptII/ptolemy/actor/lib/hoc/test/auto/MultiInstanceComposite2.xml
20 ms. Memory: 332288K Free: 129892K (39%)
----------------- Invoking toplevel() on ptolemy.moml.MoMLSimpleApplication@2e3be610
----------------- Done invoking toplevel() on ptolemy.moml.MoMLSimpleApplication@2e3be610
reloadAllAccessors: .MultiInstanceComposite2

===========================================================================================
----------------- testing Fri May 03 04:07:39 UTC 2019 /home/travis/build/icyphy/ptII/ptolemy/actor/lib/hoc/test/auto/MulticoreExecution.xml
----------------- Instantiating /home/travis/build/icyphy/ptII/ptolemy/actor/lib/hoc/test/auto/MulticoreExecution.xml
Fired ExecutionTime: 2800000
Fired ExecutionTime: 3200000
Fired ExecutionTime: 2800000
Fired ExecutionTime: 2800000
Fired ExecutionTime: 3600000
Fired ExecutionTime: 2400000
Fired ExecutionTime: 2800000
Fired ExecutionTime: 2800000
Fired ExecutionTime: 2000000
Fired ExecutionTime: 4400000
Fired ExecutionTime: 2800000
Fired ExecutionTime: 2800000
Fired ExecutionTime: 2800000
Fired ExecutionTime: 2800000
Fired ExecutionTime: 5600000
Fired ExecutionTime: 2000000
Fired ExecutionTime: 56000000
Fired ExecutionTime: 67600000
Fired ExecutionTime: 82800000
Fired ExecutionTime: 78000000
1104 ms. Memory: 332288K Free: 116772K (35%)
----------------- Invoking toplevel() on ptolemy.moml.MoMLSimpleApplication@46283fe8
----------------- Done invoking toplevel() on ptolemy.moml.MoMLSimpleApplication@46283fe8
reloadAllAccessors: .MulticoreExecution

===========================================================================================
----------------- testing Fri May 03 04:07:41 UTC 2019 /home/travis/build/icyphy/ptII/ptolemy/actor/lib/hoc/test/auto/ParallelExecution.xml
----------------- Instantiating /home/travis/build/icyphy/ptII/ptolemy/actor/lib/hoc/test/auto/ParallelExecution.xml
923 ms. Memory: 332288K Free: 104518K (31%)
----------------- Invoking toplevel() on ptolemy.moml.MoMLSimpleApplication@18615302
----------------- Done invoking toplevel() on ptolemy.moml.MoMLSimpleApplication@18615302
reloadAllAccessors: .ParallelExecution

===========================================================================================
----------------- testing Fri May 03 04:07:42 UTC 2019 /home/travis/build/icyphy/ptII/ptolemy/actor/lib/hoc/test/auto/RunCompositeActor.xml
----------------- Instantiating /home/travis/build/icyphy/ptII/ptolemy/actor/lib/hoc/test/auto/RunCompositeActor.xml
7 ms. Memory: 332288K Free: 96326K (29%)
----------------- Invoking toplevel() on ptolemy.moml.MoMLSimpleApplication@22ee723c
----------------- Done invoking toplevel() on ptolemy.moml.MoMLSimpleApplication@22ee723c
reloadAllAccessors: .RunCompositeActor

===========================================================================================
----------------- testing Fri May 03 04:07:42 UTC 2019 /home/travis/build/icyphy/ptII/ptolemy/actor/lib/hoc/test/auto/RunCompositeActor2.xml
----------------- Instantiating /home/travis/build/icyphy/ptII/ptolemy/actor/lib/hoc/test/auto/RunCompositeActor2.xml
4 ms. Memory: 332288K Free: 89770K (27%)
----------------- Invoking toplevel() on ptolemy.moml.MoMLSimpleApplication@21433a45
----------------- Done invoking toplevel() on ptolemy.moml.MoMLSimpleApplication@21433a45
reloadAllAccessors: .RunCompositeActor2

===========================================================================================
----------------- testing Fri May 03 04:07:42 UTC 2019 /home/travis/build/icyphy/ptII/ptolemy/actor/lib/hoc/test/auto/RunCompositeActor3.xml
----------------- Instantiating /home/travis/build/icyphy/ptII/ptolemy/actor/lib/hoc/test/auto/RunCompositeActor3.xml
3 ms. Memory: 332288K Free: 82436K (25%)
----------------- Invoking toplevel() on ptolemy.moml.MoMLSimpleApplication@78991b94
----------------- Done invoking toplevel() on ptolemy.moml.MoMLSimpleApplication@78991b94
reloadAllAccessors: .RunCompositeActor3

===========================================================================================
----------------- testing Fri May 03 04:07:42 UTC 2019 /home/travis/build/icyphy/ptII/ptolemy/actor/lib/hoc/test/auto/RunCompositeActor4.xml
----------------- Instantiating /home/travis/build/icyphy/ptII/ptolemy/actor/lib/hoc/test/auto/RunCompositeActor4.xml
17 ms. Memory: 332800K Free: 318433K (96%)
----------------- Invoking toplevel() on ptolemy.moml.MoMLSimpleApplication@202dea5f
----------------- Done invoking toplevel() on ptolemy.moml.MoMLSimpleApplication@202dea5f
reloadAllAccessors: .RunCompositeActor4

===========================================================================================
----------------- testing Fri May 03 04:07:42 UTC 2019 /home/travis/build/icyphy/ptII/ptolemy/actor/lib/hoc/test/auto/RunCompositeIterateOverArray.xml
----------------- Instantiating /home/travis/build/icyphy/ptII/ptolemy/actor/lib/hoc/test/auto/RunCompositeIterateOverArray.xml
8 ms. Memory: 332800K Free: 311304K (94%)
----------------- Invoking toplevel() on ptolemy.moml.MoMLSimpleApplication@3f0ea002
----------------- Done invoking toplevel() on ptolemy.moml.MoMLSimpleApplication@3f0ea002
reloadAllAccessors: .RunCompositeIterateOverArray

===========================================================================================
----------------- testing Fri May 03 04:07:42 UTC 2019 /home/travis/build/icyphy/ptII/ptolemy/actor/lib/hoc/test/auto/ThreadedJS.xml
----------------- Instantiating /home/travis/build/icyphy/ptII/ptolemy/actor/lib/hoc/test/auto/ThreadedJS.xml
1752 ms. Memory: 541184K Free: 160747K (30%)
----------------- Invoking toplevel() on ptolemy.moml.MoMLSimpleApplication@5189b93c
----------------- Done invoking toplevel() on ptolemy.moml.MoMLSimpleApplication@5189b93c
reloadAllAccessors: .ThreadedJS
AutoTests.java: About to close Vertx.
AutoTests.java: Vertx closed.
]]></system-out>
  <system-err><![CDATA[java.lang.RuntimeException: Execution failed
	at ptolemy.moml.MoMLSimpleApplication$UnloadThread.run(MoMLSimpleApplication.java:402)
Caused by: ptolemy.kernel.util.IllegalActionException: initialize() was called after wrapup() was called but preinitialize() was not called after wrapup().
	at ptolemy.actor.lib.hoc.test.PreinitializeMustBeInvoked.initialize(PreinitializeMustBeInvoked.java:78)
	at ptolemy.actor.Director.initialize(Director.java:938)
	at ptolemy.actor.Director.initialize(Director.java:907)
	at ptolemy.actor.sched.StaticSchedulingDirector.initialize(StaticSchedulingDirector.java:159)
	at ptolemy.domains.sdf.kernel.SDFDirector.initialize(SDFDirector.java:544)
	at ptolemy.actor.CompositeActor.initialize(CompositeActor.java:935)
	at ptolemy.actor.lib.hoc.LifeCycleManager._executeInsideModel(LifeCycleManager.java:339)
	at ptolemy.actor.lib.hoc.RunCompositeActor.fire(RunCompositeActor.java:205)
	at ptolemy.actor.CompositeActor.iterate(CompositeActor.java:1146)
	at ptolemy.actor.sched.StaticSchedulingDirector.fire(StaticSchedulingDirector.java:216)
	at ptolemy.domains.sdf.kernel.SDFDirector.fire(SDFDirector.java:500)
	at ptolemy.actor.CompositeActor.fire(CompositeActor.java:455)
	at ptolemy.actor.Manager.iterate(Manager.java:851)
	at ptolemy.actor.Manager.execute(Manager.java:369)
	at ptolemy.actor.Manager.run(Manager.java:1263)
	at ptolemy.actor.Manager$PtolemyRunThread.run(Manager.java:1915)
java.lang.reflect.InvocationTargetException
	at sun.reflect.NativeConstructorAccessorImpl.newInstance0(Native Method)
	at sun.reflect.NativeConstructorAccessorImpl.newInstance(NativeConstructorAccessorImpl.java:62)
	at sun.reflect.DelegatingConstructorAccessorImpl.newInstance(DelegatingConstructorAccessorImpl.java:45)
	at java.lang.reflect.Constructor.newInstance(Constructor.java:423)
	at ptolemy.util.test.junit.AutoKnownFailedTests.RunModel(AutoKnownFailedTests.java:105)
	at sun.reflect.NativeMethodAccessorImpl.invoke0(Native Method)
	at sun.reflect.NativeMethodAccessorImpl.invoke(NativeMethodAccessorImpl.java:62)
	at sun.reflect.DelegatingMethodAccessorImpl.invoke(DelegatingMethodAccessorImpl.java:43)
	at java.lang.reflect.Method.invoke(Method.java:498)
	at org.junit.runners.model.FrameworkMethod$1.runReflectiveCall(FrameworkMethod.java:44)
	at org.junit.internal.runners.model.ReflectiveCallable.run(ReflectiveCallable.java:15)
	at org.junit.runners.model.FrameworkMethod.invokeExplosively(FrameworkMethod.java:41)
	at junitparams.internal.InvokeParameterisedMethod.evaluate(InvokeParameterisedMethod.java:102)
	at org.junit.internal.runners.statements.FailOnTimeout$1.run(FailOnTimeout.java:28)
Caused by: ptolemy.kernel.util.IllegalActionException: initialize() was called after wrapup() was called but preinitialize() was not called after wrapup().
	at ptolemy.actor.lib.hoc.test.PreinitializeMustBeInvoked.initialize(PreinitializeMustBeInvoked.java:78)
	at ptolemy.actor.Director.initialize(Director.java:938)
	at ptolemy.actor.Director.initialize(Director.java:907)
	at ptolemy.actor.sched.StaticSchedulingDirector.initialize(StaticSchedulingDirector.java:159)
	at ptolemy.domains.sdf.kernel.SDFDirector.initialize(SDFDirector.java:544)
	at ptolemy.actor.CompositeActor.initialize(CompositeActor.java:935)
	at ptolemy.actor.lib.hoc.LifeCycleManager._executeInsideModel(LifeCycleManager.java:339)
	at ptolemy.actor.lib.hoc.RunCompositeActor.fire(RunCompositeActor.java:205)
	at ptolemy.actor.CompositeActor.iterate(CompositeActor.java:1146)
	at ptolemy.actor.sched.StaticSchedulingDirector.fire(StaticSchedulingDirector.java:216)
	at ptolemy.domains.sdf.kernel.SDFDirector.fire(SDFDirector.java:500)
	at ptolemy.actor.CompositeActor.fire(CompositeActor.java:455)
	at ptolemy.actor.Manager.iterate(Manager.java:851)
	at ptolemy.actor.Manager.execute(Manager.java:369)
	at ptolemy.actor.Manager.run(Manager.java:1263)
	at ptolemy.actor.Manager$PtolemyRunThread.run(Manager.java:1915)
]]></system-err>
</testsuite>
