<?xml version="1.0" encoding="UTF-8" ?>
<testsuite errors="0" failures="0" hostname="travis-job-302f1bc8-8b8e-4d70-91b3-342ca3c67202" name="ptolemy.domains.sdf.lib.test.junit.JUnitTclTest" skipped="0" tests="82" time="9.461" timestamp="2019-07-10T18:06:07">
  <properties>
[...]
</properties>
  <testcase classname="ptolemy.util.test.junit.TclTests" name="[0] /home/travis/build/icyphy/ptII/ptolemy/domains/sdf/lib/test/ArrayToSequence.tcl (RunTclFile)" time="0.713" />
  <testcase classname="ptolemy.util.test.junit.TclTests" name="[1] /home/travis/build/icyphy/ptII/ptolemy/domains/sdf/lib/test/BitsToInt.tcl (RunTclFile)" time="0.062" />
  <testcase classname="ptolemy.util.test.junit.TclTests" name="[2] /home/travis/build/icyphy/ptII/ptolemy/domains/sdf/lib/test/DelayLine.tcl (RunTclFile)" time="0.023" />
  <testcase classname="ptolemy.util.test.junit.TclTests" name="[3] /home/travis/build/icyphy/ptII/ptolemy/domains/sdf/lib/test/FFT.tcl (RunTclFile)" time="0.018" />
  <testcase classname="ptolemy.util.test.junit.TclTests" name="[4] /home/travis/build/icyphy/ptII/ptolemy/domains/sdf/lib/test/FIR.tcl (RunTclFile)" time="0.204" />
  <testcase classname="ptolemy.util.test.junit.TclTests" name="[5] /home/travis/build/icyphy/ptII/ptolemy/domains/sdf/lib/test/IntToBits.tcl (RunTclFile)" time="0.057" />
  <testcase classname="ptolemy.util.test.junit.TclTests" name="[6] /home/travis/build/icyphy/ptII/ptolemy/domains/sdf/lib/test/MaximumEntropySpectrum.tcl (RunTclFile)" time="0.314" />
  <testcase classname="ptolemy.util.test.junit.TclTests" name="[7] /home/travis/build/icyphy/ptII/ptolemy/domains/sdf/lib/test/Repeat.tcl (RunTclFile)" time="0.024" />
  <testcase classname="ptolemy.util.test.junit.TclTests" name="[8] /home/travis/build/icyphy/ptII/ptolemy/domains/sdf/lib/test/SampleDelay.tcl (RunTclFile)" time="0.077" />
  <testcase classname="ptolemy.util.test.junit.TclTests" name="[9] /home/travis/build/icyphy/ptII/ptolemy/domains/sdf/lib/test/SequenceToArray.tcl (RunTclFile)" time="0.097" />
  <testcase classname="ptolemy.util.test.junit.AutoKnownFailedTests" name="[0] ThereAreNoKnowFailedTests (RunModel)" time="0.004" />
  <testcase classname="ptolemy.util.test.junit.AutoNameArchTests" name="[0] ThereAreNoAutoArchTests (RunModel)" time="0.009" />
  <testcase classname="ptolemy.util.test.junit.AutoTests" name="[0] /home/travis/build/icyphy/ptII/ptolemy/domains/sdf/lib/test/auto/ArrayToSequence.xml (RunModel)" time="0.248" />
  <testcase classname="ptolemy.util.test.junit.AutoTests" name="[1] /home/travis/build/icyphy/ptII/ptolemy/domains/sdf/lib/test/auto/ArrayToSequenceTest.xml (RunModel)" time="0.048" />
  <testcase classname="ptolemy.util.test.junit.AutoTests" name="[2] /home/travis/build/icyphy/ptII/ptolemy/domains/sdf/lib/test/auto/Autocorrelation.xml (RunModel)" time="0.027" />
  <testcase classname="ptolemy.util.test.junit.AutoTests" name="[3] /home/travis/build/icyphy/ptII/ptolemy/domains/sdf/lib/test/auto/Autocorrelation2.xml (RunModel)" time="0.036" />
  <testcase classname="ptolemy.util.test.junit.AutoTests" name="[4] /home/travis/build/icyphy/ptII/ptolemy/domains/sdf/lib/test/auto/Autocorrelation3.xml (RunModel)" time="0.057" />
  <testcase classname="ptolemy.util.test.junit.AutoTests" name="[5] /home/travis/build/icyphy/ptII/ptolemy/domains/sdf/lib/test/auto/Autocorrelation4.xml (RunModel)" time="0.068" />
  <testcase classname="ptolemy.util.test.junit.AutoTests" name="[6] /home/travis/build/icyphy/ptII/ptolemy/domains/sdf/lib/test/auto/Autocorrelation5.xml (RunModel)" time="0.153" />
  <testcase classname="ptolemy.util.test.junit.AutoTests" name="[7] /home/travis/build/icyphy/ptII/ptolemy/domains/sdf/lib/test/auto/BitsToInt.xml (RunModel)" time="0.066" />
  <testcase classname="ptolemy.util.test.junit.AutoTests" name="[8] /home/travis/build/icyphy/ptII/ptolemy/domains/sdf/lib/test/auto/BooleanJoin.xml (RunModel)" time="0.035" />
  <testcase classname="ptolemy.util.test.junit.AutoTests" name="[9] /home/travis/build/icyphy/ptII/ptolemy/domains/sdf/lib/test/auto/BootstrapSampleDelay.xml (RunModel)" time="0.063" />
  <testcase classname="ptolemy.util.test.junit.AutoTests" name="[10] /home/travis/build/icyphy/ptII/ptolemy/domains/sdf/lib/test/auto/Chop.xml (RunModel)" time="0.079" />
  <testcase classname="ptolemy.util.test.junit.AutoTests" name="[11] /home/travis/build/icyphy/ptII/ptolemy/domains/sdf/lib/test/auto/Chop2.xml (RunModel)" time="0.054" />
  <testcase classname="ptolemy.util.test.junit.AutoTests" name="[12] /home/travis/build/icyphy/ptII/ptolemy/domains/sdf/lib/test/auto/ComplexJoin.xml (RunModel)" time="0.047" />
  <testcase classname="ptolemy.util.test.junit.AutoTests" name="[13] /home/travis/build/icyphy/ptII/ptolemy/domains/sdf/lib/test/auto/CountTrues.xml (RunModel)" time="0.039" />
  <testcase classname="ptolemy.util.test.junit.AutoTests" name="[14] /home/travis/build/icyphy/ptII/ptolemy/domains/sdf/lib/test/auto/DelayLine.xml (RunModel)" time="0.042" />
  <testcase classname="ptolemy.util.test.junit.AutoTests" name="[15] /home/travis/build/icyphy/ptII/ptolemy/domains/sdf/lib/test/auto/DotProduct.xml (RunModel)" time="0.034" />
  <testcase classname="ptolemy.util.test.junit.AutoTests" name="[16] /home/travis/build/icyphy/ptII/ptolemy/domains/sdf/lib/test/auto/DotProductMatrix.xml (RunModel)" time="0.026" />
  <testcase classname="ptolemy.util.test.junit.AutoTests" name="[17] /home/travis/build/icyphy/ptII/ptolemy/domains/sdf/lib/test/auto/DownSample1.xml (RunModel)" time="0.03" />
  <testcase classname="ptolemy.util.test.junit.AutoTests" name="[18] /home/travis/build/icyphy/ptII/ptolemy/domains/sdf/lib/test/auto/DynamicRateChange.xml (RunModel)" time="0.053" />
  <testcase classname="ptolemy.util.test.junit.AutoTests" name="[19] /home/travis/build/icyphy/ptII/ptolemy/domains/sdf/lib/test/auto/DynamicRates.xml (RunModel)" time="0.058" />
  <testcase classname="ptolemy.util.test.junit.AutoTests" name="[20] /home/travis/build/icyphy/ptII/ptolemy/domains/sdf/lib/test/auto/FFT1.xml (RunModel)" time="0.028" />
  <testcase classname="ptolemy.util.test.junit.AutoTests" name="[21] /home/travis/build/icyphy/ptII/ptolemy/domains/sdf/lib/test/auto/FIR1.xml (RunModel)" time="0.036" />
  <testcase classname="ptolemy.util.test.junit.AutoTests" name="[22] /home/travis/build/icyphy/ptII/ptolemy/domains/sdf/lib/test/auto/FIR2.xml (RunModel)" time="0.035" />
  <testcase classname="ptolemy.util.test.junit.AutoTests" name="[23] /home/travis/build/icyphy/ptII/ptolemy/domains/sdf/lib/test/auto/FIR4.xml (RunModel)" time="0.045" />
  <testcase classname="ptolemy.util.test.junit.AutoTests" name="[24] /home/travis/build/icyphy/ptII/ptolemy/domains/sdf/lib/test/auto/FixJoin.xml (RunModel)" time="0.047" />
  <testcase classname="ptolemy.util.test.junit.AutoTests" name="[25] /home/travis/build/icyphy/ptII/ptolemy/domains/sdf/lib/test/auto/IntJoin1.xml (RunModel)" time="0.029" />
  <testcase classname="ptolemy.util.test.junit.AutoTests" name="[26] /home/travis/build/icyphy/ptII/ptolemy/domains/sdf/lib/test/auto/IntJoin2.xml (RunModel)" time="0.021" />
  <testcase classname="ptolemy.util.test.junit.AutoTests" name="[27] /home/travis/build/icyphy/ptII/ptolemy/domains/sdf/lib/test/auto/IntJoin3.xml (RunModel)" time="0.026" />
  <testcase classname="ptolemy.util.test.junit.AutoTests" name="[28] /home/travis/build/icyphy/ptII/ptolemy/domains/sdf/lib/test/auto/IntJoin4.xml (RunModel)" time="0.029" />
  <testcase classname="ptolemy.util.test.junit.AutoTests" name="[29] /home/travis/build/icyphy/ptII/ptolemy/domains/sdf/lib/test/auto/IntJoin5.xml (RunModel)" time="0.031" />
  <testcase classname="ptolemy.util.test.junit.AutoTests" name="[30] /home/travis/build/icyphy/ptII/ptolemy/domains/sdf/lib/test/auto/IntToBits.xml (RunModel)" time="0.025" />
  <testcase classname="ptolemy.util.test.junit.AutoTests" name="[31] /home/travis/build/icyphy/ptII/ptolemy/domains/sdf/lib/test/auto/LMSAdaptive.xml (RunModel)" time="0.074" />
  <testcase classname="ptolemy.util.test.junit.AutoTests" name="[32] /home/travis/build/icyphy/ptII/ptolemy/domains/sdf/lib/test/auto/LMSAdaptiveFIR.xml (RunModel)" time="0.373" />
  <testcase classname="ptolemy.util.test.junit.AutoTests" name="[33] /home/travis/build/icyphy/ptII/ptolemy/domains/sdf/lib/test/auto/LMSAdaptiveFIR2.xml (RunModel)" time="0.429" />
  <testcase classname="ptolemy.util.test.junit.AutoTests" name="[34] /home/travis/build/icyphy/ptII/ptolemy/domains/sdf/lib/test/auto/LongJoin.xml (RunModel)" time="0.032" />
  <testcase classname="ptolemy.util.test.junit.AutoTests" name="[35] /home/travis/build/icyphy/ptII/ptolemy/domains/sdf/lib/test/auto/Matrix1.xml (RunModel)" time="0.022" />
  <testcase classname="ptolemy.util.test.junit.AutoTests" name="[36] /home/travis/build/icyphy/ptII/ptolemy/domains/sdf/lib/test/auto/Matrix2.xml (RunModel)" time="0.019" />
  <testcase classname="ptolemy.util.test.junit.AutoTests" name="[37] /home/travis/build/icyphy/ptII/ptolemy/domains/sdf/lib/test/auto/MatrixJoin1.xml (RunModel)" time="0.024" />
  <testcase classname="ptolemy.util.test.junit.AutoTests" name="[38] /home/travis/build/icyphy/ptII/ptolemy/domains/sdf/lib/test/auto/MatrixJoin2.xml (RunModel)" time="0.022" />
  <testcase classname="ptolemy.util.test.junit.AutoTests" name="[39] /home/travis/build/icyphy/ptII/ptolemy/domains/sdf/lib/test/auto/MatrixJoin3.xml (RunModel)" time="0.022" />
  <testcase classname="ptolemy.util.test.junit.AutoTests" name="[40] /home/travis/build/icyphy/ptII/ptolemy/domains/sdf/lib/test/auto/MatrixJoin4.xml (RunModel)" time="0.016" />
  <testcase classname="ptolemy.util.test.junit.AutoTests" name="[41] /home/travis/build/icyphy/ptII/ptolemy/domains/sdf/lib/test/auto/MatrixJoin5.xml (RunModel)" time="0.013" />
  <testcase classname="ptolemy.util.test.junit.AutoTests" name="[42] /home/travis/build/icyphy/ptII/ptolemy/domains/sdf/lib/test/auto/MatrixSplit1.xml (RunModel)" time="0.027" />
  <testcase classname="ptolemy.util.test.junit.AutoTests" name="[43] /home/travis/build/icyphy/ptII/ptolemy/domains/sdf/lib/test/auto/MatrixSplit10.xml (RunModel)" time="0.018" />
  <testcase classname="ptolemy.util.test.junit.AutoTests" name="[44] /home/travis/build/icyphy/ptII/ptolemy/domains/sdf/lib/test/auto/MatrixSplit11.xml (RunModel)" time="0.012" />
  <testcase classname="ptolemy.util.test.junit.AutoTests" name="[45] /home/travis/build/icyphy/ptII/ptolemy/domains/sdf/lib/test/auto/MatrixSplit12.xml (RunModel)" time="0.021" />
  <testcase classname="ptolemy.util.test.junit.AutoTests" name="[46] /home/travis/build/icyphy/ptII/ptolemy/domains/sdf/lib/test/auto/MatrixSplit13.xml (RunModel)" time="0.028" />
  <testcase classname="ptolemy.util.test.junit.AutoTests" name="[47] /home/travis/build/icyphy/ptII/ptolemy/domains/sdf/lib/test/auto/MatrixSplit14.xml (RunModel)" time="0.033" />
  <testcase classname="ptolemy.util.test.junit.AutoTests" name="[48] /home/travis/build/icyphy/ptII/ptolemy/domains/sdf/lib/test/auto/MatrixSplit2.xml (RunModel)" time="0.013" />
  <testcase classname="ptolemy.util.test.junit.AutoTests" name="[49] /home/travis/build/icyphy/ptII/ptolemy/domains/sdf/lib/test/auto/MatrixSplit3.xml (RunModel)" time="0.016" />
  <testcase classname="ptolemy.util.test.junit.AutoTests" name="[50] /home/travis/build/icyphy/ptII/ptolemy/domains/sdf/lib/test/auto/MatrixSplit4.xml (RunModel)" time="0.015" />
  <testcase classname="ptolemy.util.test.junit.AutoTests" name="[51] /home/travis/build/icyphy/ptII/ptolemy/domains/sdf/lib/test/auto/MatrixSplit5.xml (RunModel)" time="0.025" />
  <testcase classname="ptolemy.util.test.junit.AutoTests" name="[52] /home/travis/build/icyphy/ptII/ptolemy/domains/sdf/lib/test/auto/MatrixSplit6.xml (RunModel)" time="0.016" />
  <testcase classname="ptolemy.util.test.junit.AutoTests" name="[53] /home/travis/build/icyphy/ptII/ptolemy/domains/sdf/lib/test/auto/MatrixSplit7.xml (RunModel)" time="0.024" />
  <testcase classname="ptolemy.util.test.junit.AutoTests" name="[54] /home/travis/build/icyphy/ptII/ptolemy/domains/sdf/lib/test/auto/MatrixSplit8.xml (RunModel)" time="0.019" />
  <testcase classname="ptolemy.util.test.junit.AutoTests" name="[55] /home/travis/build/icyphy/ptII/ptolemy/domains/sdf/lib/test/auto/MatrixSplit9.xml (RunModel)" time="0.035" />
  <testcase classname="ptolemy.util.test.junit.AutoTests" name="[56] /home/travis/build/icyphy/ptII/ptolemy/domains/sdf/lib/test/auto/MatrixToSequence.xml (RunModel)" time="0.051" />
  <testcase classname="ptolemy.util.test.junit.AutoTests" name="[57] /home/travis/build/icyphy/ptII/ptolemy/domains/sdf/lib/test/auto/MaximumEntropySpectrum.xml (RunModel)" time="0.103" />
  <testcase classname="ptolemy.util.test.junit.AutoTests" name="[58] /home/travis/build/icyphy/ptII/ptolemy/domains/sdf/lib/test/auto/SampleDelayConversion.xml (RunModel)" time="0.017" />
  <testcase classname="ptolemy.util.test.junit.AutoTests" name="[59] /home/travis/build/icyphy/ptII/ptolemy/domains/sdf/lib/test/auto/SequenceToArray.xml (RunModel)" time="0.06" />
  <testcase classname="ptolemy.util.test.junit.AutoTests" name="[60] /home/travis/build/icyphy/ptII/ptolemy/domains/sdf/lib/test/auto/SequenceToMatrix.xml (RunModel)" time="3.657" />
  <testcase classname="ptolemy.util.test.junit.AutoTests" name="[61] /home/travis/build/icyphy/ptII/ptolemy/domains/sdf/lib/test/auto/SmoothedPeriodogram.xml (RunModel)" time="0.076" />
  <testcase classname="ptolemy.util.test.junit.AutoTests" name="[62] /home/travis/build/icyphy/ptII/ptolemy/domains/sdf/lib/test/auto/UpDownSample1.xml (RunModel)" time="0.013" />
  <testcase classname="ptolemy.util.test.junit.AutoTests" name="[63] /home/travis/build/icyphy/ptII/ptolemy/domains/sdf/lib/test/auto/UpSample1.xml (RunModel)" time="0.009" />
  <testcase classname="ptolemy.util.test.junit.AutoTests" name="[64] /home/travis/build/icyphy/ptII/ptolemy/domains/sdf/lib/test/auto/VariableFIR.xml (RunModel)" time="0.034" />
  <testcase classname="ptolemy.util.test.junit.AutoTests" name="[65] /home/travis/build/icyphy/ptII/ptolemy/domains/sdf/lib/test/auto/VariableFIR2.xml (RunModel)" time="0.021" />
  <testcase classname="ptolemy.util.test.junit.AutoTests" name="[66] /home/travis/build/icyphy/ptII/ptolemy/domains/sdf/lib/test/auto/VariableLattice.xml (RunModel)" time="0.025" />
  <testcase classname="ptolemy.util.test.junit.AutoTests" name="[67] /home/travis/build/icyphy/ptII/ptolemy/domains/sdf/lib/test/auto/VariableLattice2.xml (RunModel)" time="0.019" />
  <testcase classname="ptolemy.util.test.junit.AutoTests" name="[68] /home/travis/build/icyphy/ptII/ptolemy/domains/sdf/lib/test/auto/VariableRecursiveLattice.xml (RunModel)" time="0.017" />
  <testcase classname="ptolemy.util.test.junit.AutoTests" name="[69] /home/travis/build/icyphy/ptII/ptolemy/domains/sdf/lib/test/auto/VariableRecursiveLattice2.xml (RunModel)" time="0.013" />
  <system-out><![CDATA[/home/travis/build/icyphy/ptII/ptolemy/domains/sdf/lib/test/ArrayToSequence.tcl
testDefs.tcl: setting time out to 9000 seconds at Wed Jul 10 18:06:07 UTC 2019
106 ms. Memory: 120832K Free: 99261K (82%)
17 ms. Memory: 120832K Free: 97143K (80%)
26 ms. Memory: 120832K Free: 95143K (79%)
50 ms. Memory: 120832K Free: 106493K (88%)
/home/travis/build/icyphy/ptII/ptolemy/domains/sdf/lib/test/BitsToInt.tcl
23 ms. Memory: 120832K Free: 104868K (87%)
11 ms. Memory: 120832K Free: 102999K (85%)
/home/travis/build/icyphy/ptII/ptolemy/domains/sdf/lib/test/DelayLine.tcl
8 ms. Memory: 120832K Free: 101343K (84%)
/home/travis/build/icyphy/ptII/ptolemy/domains/sdf/lib/test/FFT.tcl
5 ms. Memory: 120832K Free: 99325K (82%)
/home/travis/build/icyphy/ptII/ptolemy/domains/sdf/lib/test/FIR.tcl
16 ms. Memory: 120832K Free: 97700K (81%)
92 ms. Memory: 120832K Free: 93181K (77%)
ptolemy.kernel.util.IllegalActionException: multiplyReverse method not supported between ptolemy.data.FixToken 'fix(-0.0625,6,2)' and ptolemy.data.IntToken '1' because the types are incomparable.
  in .top.FIRclone
Because:
multiplyReverse method not supported between ptolemy.data.FixToken 'fix(-0.0625,6,2)' and ptolemy.data.IntToken '1' because the types are incomparable.
35 ms. Memory: 120832K Free: 90712K (75%)
/home/travis/build/icyphy/ptII/ptolemy/domains/sdf/lib/test/IntToBits.tcl
10 ms. Memory: 120832K Free: 89063K (74%)
12 ms. Memory: 120832K Free: 87602K (72%)
/home/travis/build/icyphy/ptII/ptolemy/domains/sdf/lib/test/MaximumEntropySpectrum.tcl
/home/travis/build/icyphy/ptII/ptolemy/domains/sdf/lib/test/Repeat.tcl
7 ms. Memory: 186368K Free: 152204K (82%)
/home/travis/build/icyphy/ptII/ptolemy/domains/sdf/lib/test/SampleDelay.tcl
6 ms. Memory: 186368K Free: 150156K (81%)
7 ms. Memory: 186368K Free: 149132K (80%)
10 ms. Memory: 186368K Free: 148604K (80%)
20 ms. Memory: 186368K Free: 147564K (79%)
3 ms. Memory: 186368K Free: 147084K (79%)
2 ms. Memory: 186368K Free: 146564K (79%)
/home/travis/build/icyphy/ptII/ptolemy/domains/sdf/lib/test/SequenceToArray.tcl
17 ms. Memory: 186368K Free: 145036K (78%)
13 ms. Memory: 186368K Free: 144012K (77%)
26 ms. Memory: 186368K Free: 142988K (77%)
14 ms. Memory: 186368K Free: 141450K (76%)
07/10/19 06:06:09
Failed: 0  Total Tests: 41  ((Passed: 41, Newly Passed: 0)  Known Failed: 0) /home/travis/build/icyphy/ptII/ptolemy/domains/sdf/lib/test
No auto/knownFailedTests/*.xml tests in /home/travis/build/icyphy/ptII/ptolemy/domains/sdf/lib/test
No auto/linux-amd64/*.xml tests in /home/travis/build/icyphy/ptII/ptolemy/domains/sdf/lib/test
AutoTests.java: About to close Vertx.
AutoTests.java: Vertx closed.

===========================================================================================
----------------- testing Wed Jul 10 18:06:09 UTC 2019 /home/travis/build/icyphy/ptII/ptolemy/domains/sdf/lib/test/auto/ArrayToSequence.xml
----------------- Instantiating /home/travis/build/icyphy/ptII/ptolemy/domains/sdf/lib/test/auto/ArrayToSequence.xml
23 ms. Memory: 186368K Free: 149562K (80%)
----------------- Invoking toplevel() on ptolemy.moml.MoMLSimpleApplication@6da3048a
----------------- Done invoking toplevel() on ptolemy.moml.MoMLSimpleApplication@6da3048a
reloadAllAccessors: .ArrayToSequence

===========================================================================================
----------------- testing Wed Jul 10 18:06:09 UTC 2019 /home/travis/build/icyphy/ptII/ptolemy/domains/sdf/lib/test/auto/ArrayToSequenceTest.xml
----------------- Instantiating /home/travis/build/icyphy/ptII/ptolemy/domains/sdf/lib/test/auto/ArrayToSequenceTest.xml
17 ms. Memory: 186368K Free: 142922K (77%)
----------------- Invoking toplevel() on ptolemy.moml.MoMLSimpleApplication@f8697fe
----------------- Done invoking toplevel() on ptolemy.moml.MoMLSimpleApplication@f8697fe
reloadAllAccessors: .ArrayToSequenceTest

===========================================================================================
----------------- testing Wed Jul 10 18:06:09 UTC 2019 /home/travis/build/icyphy/ptII/ptolemy/domains/sdf/lib/test/auto/Autocorrelation.xml
----------------- Instantiating /home/travis/build/icyphy/ptII/ptolemy/domains/sdf/lib/test/auto/Autocorrelation.xml
5 ms. Memory: 186368K Free: 138826K (74%)
----------------- Invoking toplevel() on ptolemy.moml.MoMLSimpleApplication@17f3a342
----------------- Done invoking toplevel() on ptolemy.moml.MoMLSimpleApplication@17f3a342
reloadAllAccessors: .Autocorrelation

===========================================================================================
----------------- testing Wed Jul 10 18:06:09 UTC 2019 /home/travis/build/icyphy/ptII/ptolemy/domains/sdf/lib/test/auto/Autocorrelation2.xml
----------------- Instantiating /home/travis/build/icyphy/ptII/ptolemy/domains/sdf/lib/test/auto/Autocorrelation2.xml
6 ms. Memory: 186368K Free: 134216K (72%)
----------------- Invoking toplevel() on ptolemy.moml.MoMLSimpleApplication@59634169
----------------- Done invoking toplevel() on ptolemy.moml.MoMLSimpleApplication@59634169
reloadAllAccessors: .Autocorrelation2

===========================================================================================
----------------- testing Wed Jul 10 18:06:09 UTC 2019 /home/travis/build/icyphy/ptII/ptolemy/domains/sdf/lib/test/auto/Autocorrelation3.xml
----------------- Instantiating /home/travis/build/icyphy/ptII/ptolemy/domains/sdf/lib/test/auto/Autocorrelation3.xml
6 ms. Memory: 186368K Free: 130120K (70%)
----------------- Invoking toplevel() on ptolemy.moml.MoMLSimpleApplication@478efe76
----------------- Done invoking toplevel() on ptolemy.moml.MoMLSimpleApplication@478efe76
reloadAllAccessors: .Autocorrelation3

===========================================================================================
----------------- testing Wed Jul 10 18:06:09 UTC 2019 /home/travis/build/icyphy/ptII/ptolemy/domains/sdf/lib/test/auto/Autocorrelation4.xml
----------------- Instantiating /home/travis/build/icyphy/ptII/ptolemy/domains/sdf/lib/test/auto/Autocorrelation4.xml
6 ms. Memory: 186368K Free: 126024K (68%)
----------------- Invoking toplevel() on ptolemy.moml.MoMLSimpleApplication@61cf7a51
----------------- Done invoking toplevel() on ptolemy.moml.MoMLSimpleApplication@61cf7a51
reloadAllAccessors: .Autocorrelation4

===========================================================================================
----------------- testing Wed Jul 10 18:06:10 UTC 2019 /home/travis/build/icyphy/ptII/ptolemy/domains/sdf/lib/test/auto/Autocorrelation5.xml
----------------- Instantiating /home/travis/build/icyphy/ptII/ptolemy/domains/sdf/lib/test/auto/Autocorrelation5.xml
57 ms. Memory: 186368K Free: 118346K (64%)
----------------- Invoking toplevel() on ptolemy.moml.MoMLSimpleApplication@73eb240a
----------------- Done invoking toplevel() on ptolemy.moml.MoMLSimpleApplication@73eb240a
reloadAllAccessors: .Autocorrelation5

===========================================================================================
----------------- testing Wed Jul 10 18:06:10 UTC 2019 /home/travis/build/icyphy/ptII/ptolemy/domains/sdf/lib/test/auto/BitsToInt.xml
----------------- Instantiating /home/travis/build/icyphy/ptII/ptolemy/domains/sdf/lib/test/auto/BitsToInt.xml
7 ms. Memory: 186368K Free: 115274K (62%)
----------------- Invoking toplevel() on ptolemy.moml.MoMLSimpleApplication@5954a83f
----------------- Done invoking toplevel() on ptolemy.moml.MoMLSimpleApplication@5954a83f
reloadAllAccessors: .BitsToInt

===========================================================================================
----------------- testing Wed Jul 10 18:06:10 UTC 2019 /home/travis/build/icyphy/ptII/ptolemy/domains/sdf/lib/test/auto/BooleanJoin.xml
----------------- Instantiating /home/travis/build/icyphy/ptII/ptolemy/domains/sdf/lib/test/auto/BooleanJoin.xml
5 ms. Memory: 186368K Free: 111178K (60%)
----------------- Invoking toplevel() on ptolemy.moml.MoMLSimpleApplication@77ac1e6d
----------------- Done invoking toplevel() on ptolemy.moml.MoMLSimpleApplication@77ac1e6d
reloadAllAccessors: .BooleanJoin

===========================================================================================
----------------- testing Wed Jul 10 18:06:10 UTC 2019 /home/travis/build/icyphy/ptII/ptolemy/domains/sdf/lib/test/auto/BootstrapSampleDelay.xml
----------------- Instantiating /home/travis/build/icyphy/ptII/ptolemy/domains/sdf/lib/test/auto/BootstrapSampleDelay.xml
18 ms. Memory: 186368K Free: 106568K (57%)
----------------- Invoking toplevel() on ptolemy.moml.MoMLSimpleApplication@7e48ccfa
----------------- Done invoking toplevel() on ptolemy.moml.MoMLSimpleApplication@7e48ccfa
reloadAllAccessors: .BootstrapSampleDelay

===========================================================================================
----------------- testing Wed Jul 10 18:06:10 UTC 2019 /home/travis/build/icyphy/ptII/ptolemy/domains/sdf/lib/test/auto/Chop.xml
----------------- Instantiating /home/travis/build/icyphy/ptII/ptolemy/domains/sdf/lib/test/auto/Chop.xml
17 ms. Memory: 186368K Free: 99400K (53%)
----------------- Invoking toplevel() on ptolemy.moml.MoMLSimpleApplication@4d1fb2d7
----------------- Done invoking toplevel() on ptolemy.moml.MoMLSimpleApplication@4d1fb2d7
reloadAllAccessors: .Chop

===========================================================================================
----------------- testing Wed Jul 10 18:06:10 UTC 2019 /home/travis/build/icyphy/ptII/ptolemy/domains/sdf/lib/test/auto/Chop2.xml
----------------- Instantiating /home/travis/build/icyphy/ptII/ptolemy/domains/sdf/lib/test/auto/Chop2.xml
11 ms. Memory: 186368K Free: 92746K (50%)
----------------- Invoking toplevel() on ptolemy.moml.MoMLSimpleApplication@2812ec41
----------------- Done invoking toplevel() on ptolemy.moml.MoMLSimpleApplication@2812ec41
reloadAllAccessors: .Chop2

===========================================================================================
----------------- testing Wed Jul 10 18:06:10 UTC 2019 /home/travis/build/icyphy/ptII/ptolemy/domains/sdf/lib/test/auto/ComplexJoin.xml
----------------- Instantiating /home/travis/build/icyphy/ptII/ptolemy/domains/sdf/lib/test/auto/ComplexJoin.xml
6 ms. Memory: 186368K Free: 88650K (48%)
----------------- Invoking toplevel() on ptolemy.moml.MoMLSimpleApplication@4b0cb236
----------------- Done invoking toplevel() on ptolemy.moml.MoMLSimpleApplication@4b0cb236
reloadAllAccessors: .ComplexJoin

===========================================================================================
----------------- testing Wed Jul 10 18:06:10 UTC 2019 /home/travis/build/icyphy/ptII/ptolemy/domains/sdf/lib/test/auto/CountTrues.xml
----------------- Instantiating /home/travis/build/icyphy/ptII/ptolemy/domains/sdf/lib/test/auto/CountTrues.xml
9 ms. Memory: 186368K Free: 85578K (46%)
----------------- Invoking toplevel() on ptolemy.moml.MoMLSimpleApplication@54ca102a
----------------- Done invoking toplevel() on ptolemy.moml.MoMLSimpleApplication@54ca102a
reloadAllAccessors: .CountTrues

===========================================================================================
----------------- testing Wed Jul 10 18:06:10 UTC 2019 /home/travis/build/icyphy/ptII/ptolemy/domains/sdf/lib/test/auto/DelayLine.xml
----------------- Instantiating /home/travis/build/icyphy/ptII/ptolemy/domains/sdf/lib/test/auto/DelayLine.xml
7 ms. Memory: 186368K Free: 79914K (43%)
----------------- Invoking toplevel() on ptolemy.moml.MoMLSimpleApplication@29691d6f
----------------- Done invoking toplevel() on ptolemy.moml.MoMLSimpleApplication@29691d6f
reloadAllAccessors: .DelayLine

===========================================================================================
----------------- testing Wed Jul 10 18:06:10 UTC 2019 /home/travis/build/icyphy/ptII/ptolemy/domains/sdf/lib/test/auto/DotProduct.xml
----------------- Instantiating /home/travis/build/icyphy/ptII/ptolemy/domains/sdf/lib/test/auto/DotProduct.xml
7 ms. Memory: 186368K Free: 76872K (41%)
----------------- Invoking toplevel() on ptolemy.moml.MoMLSimpleApplication@4fb264
----------------- Done invoking toplevel() on ptolemy.moml.MoMLSimpleApplication@4fb264
reloadAllAccessors: .DotProduct

===========================================================================================
----------------- testing Wed Jul 10 18:06:10 UTC 2019 /home/travis/build/icyphy/ptII/ptolemy/domains/sdf/lib/test/auto/DotProductMatrix.xml
----------------- Instantiating /home/travis/build/icyphy/ptII/ptolemy/domains/sdf/lib/test/auto/DotProductMatrix.xml
3 ms. Memory: 186368K Free: 73800K (40%)
----------------- Invoking toplevel() on ptolemy.moml.MoMLSimpleApplication@773f6033
----------------- Done invoking toplevel() on ptolemy.moml.MoMLSimpleApplication@773f6033
reloadAllAccessors: .DotProductMatrix

===========================================================================================
----------------- testing Wed Jul 10 18:06:10 UTC 2019 /home/travis/build/icyphy/ptII/ptolemy/domains/sdf/lib/test/auto/DownSample1.xml
----------------- Instantiating /home/travis/build/icyphy/ptII/ptolemy/domains/sdf/lib/test/auto/DownSample1.xml
8 ms. Memory: 186368K Free: 70728K (38%)
----------------- Invoking toplevel() on ptolemy.moml.MoMLSimpleApplication@6d855e36
----------------- Done invoking toplevel() on ptolemy.moml.MoMLSimpleApplication@6d855e36
reloadAllAccessors: .DownSample1

===========================================================================================
----------------- testing Wed Jul 10 18:06:10 UTC 2019 /home/travis/build/icyphy/ptII/ptolemy/domains/sdf/lib/test/auto/DynamicRateChange.xml
----------------- Instantiating /home/travis/build/icyphy/ptII/ptolemy/domains/sdf/lib/test/auto/DynamicRateChange.xml
16 ms. Memory: 186368K Free: 64570K (35%)
----------------- Invoking toplevel() on ptolemy.moml.MoMLSimpleApplication@182c4bd4
----------------- Done invoking toplevel() on ptolemy.moml.MoMLSimpleApplication@182c4bd4
reloadAllAccessors: .DynamicRateChange

===========================================================================================
----------------- testing Wed Jul 10 18:06:10 UTC 2019 /home/travis/build/icyphy/ptII/ptolemy/domains/sdf/lib/test/auto/DynamicRates.xml
----------------- Instantiating /home/travis/build/icyphy/ptII/ptolemy/domains/sdf/lib/test/auto/DynamicRates.xml
14 ms. Memory: 186368K Free: 166088K (89%)
----------------- Invoking toplevel() on ptolemy.moml.MoMLSimpleApplication@57775e92
----------------- Done invoking toplevel() on ptolemy.moml.MoMLSimpleApplication@57775e92
reloadAllAccessors: .DynamicRates

===========================================================================================
----------------- testing Wed Jul 10 18:06:10 UTC 2019 /home/travis/build/icyphy/ptII/ptolemy/domains/sdf/lib/test/auto/FFT1.xml
----------------- Instantiating /home/travis/build/icyphy/ptII/ptolemy/domains/sdf/lib/test/auto/FFT1.xml
6 ms. Memory: 186368K Free: 160968K (86%)
----------------- Invoking toplevel() on ptolemy.moml.MoMLSimpleApplication@2436cfce
----------------- Done invoking toplevel() on ptolemy.moml.MoMLSimpleApplication@2436cfce
reloadAllAccessors: .FFT1

===========================================================================================
----------------- testing Wed Jul 10 18:06:10 UTC 2019 /home/travis/build/icyphy/ptII/ptolemy/domains/sdf/lib/test/auto/FIR1.xml
----------------- Instantiating /home/travis/build/icyphy/ptII/ptolemy/domains/sdf/lib/test/auto/FIR1.xml
11 ms. Memory: 186368K Free: 154310K (83%)
----------------- Invoking toplevel() on ptolemy.moml.MoMLSimpleApplication@236b4cdb
----------------- Done invoking toplevel() on ptolemy.moml.MoMLSimpleApplication@236b4cdb
reloadAllAccessors: .FIR1

===========================================================================================
----------------- testing Wed Jul 10 18:06:10 UTC 2019 /home/travis/build/icyphy/ptII/ptolemy/domains/sdf/lib/test/auto/FIR2.xml
----------------- Instantiating /home/travis/build/icyphy/ptII/ptolemy/domains/sdf/lib/test/auto/FIR2.xml
11 ms. Memory: 186368K Free: 150728K (81%)
----------------- Invoking toplevel() on ptolemy.moml.MoMLSimpleApplication@33cd6b5b
----------------- Done invoking toplevel() on ptolemy.moml.MoMLSimpleApplication@33cd6b5b
reloadAllAccessors: .FIR2

===========================================================================================
----------------- testing Wed Jul 10 18:06:10 UTC 2019 /home/travis/build/icyphy/ptII/ptolemy/domains/sdf/lib/test/auto/FIR4.xml
----------------- Instantiating /home/travis/build/icyphy/ptII/ptolemy/domains/sdf/lib/test/auto/FIR4.xml
6 ms. Memory: 186368K Free: 143560K (77%)
----------------- Invoking toplevel() on ptolemy.moml.MoMLSimpleApplication@71d45205
----------------- Done invoking toplevel() on ptolemy.moml.MoMLSimpleApplication@71d45205
reloadAllAccessors: .FIR4

===========================================================================================
----------------- testing Wed Jul 10 18:06:10 UTC 2019 /home/travis/build/icyphy/ptII/ptolemy/domains/sdf/lib/test/auto/FixJoin.xml
----------------- Instantiating /home/travis/build/icyphy/ptII/ptolemy/domains/sdf/lib/test/auto/FixJoin.xml
4 ms. Memory: 186368K Free: 138440K (74%)
----------------- Invoking toplevel() on ptolemy.moml.MoMLSimpleApplication@45bca243
----------------- Done invoking toplevel() on ptolemy.moml.MoMLSimpleApplication@45bca243
reloadAllAccessors: .FixJoin

===========================================================================================
----------------- testing Wed Jul 10 18:06:11 UTC 2019 /home/travis/build/icyphy/ptII/ptolemy/domains/sdf/lib/test/auto/IntJoin1.xml
----------------- Instantiating /home/travis/build/icyphy/ptII/ptolemy/domains/sdf/lib/test/auto/IntJoin1.xml
5 ms. Memory: 186368K Free: 134344K (72%)
----------------- Invoking toplevel() on ptolemy.moml.MoMLSimpleApplication@4fa1930b
----------------- Done invoking toplevel() on ptolemy.moml.MoMLSimpleApplication@4fa1930b
reloadAllAccessors: .IntJoin1

===========================================================================================
----------------- testing Wed Jul 10 18:06:11 UTC 2019 /home/travis/build/icyphy/ptII/ptolemy/domains/sdf/lib/test/auto/IntJoin2.xml
----------------- Instantiating /home/travis/build/icyphy/ptII/ptolemy/domains/sdf/lib/test/auto/IntJoin2.xml
3 ms. Memory: 186368K Free: 129734K (70%)
----------------- Invoking toplevel() on ptolemy.moml.MoMLSimpleApplication@5411b958
----------------- Done invoking toplevel() on ptolemy.moml.MoMLSimpleApplication@5411b958
reloadAllAccessors: .IntJoin2

===========================================================================================
----------------- testing Wed Jul 10 18:06:11 UTC 2019 /home/travis/build/icyphy/ptII/ptolemy/domains/sdf/lib/test/auto/IntJoin3.xml
----------------- Instantiating /home/travis/build/icyphy/ptII/ptolemy/domains/sdf/lib/test/auto/IntJoin3.xml
4 ms. Memory: 186368K Free: 125638K (67%)
----------------- Invoking toplevel() on ptolemy.moml.MoMLSimpleApplication@1dca1ec
----------------- Done invoking toplevel() on ptolemy.moml.MoMLSimpleApplication@1dca1ec
reloadAllAccessors: .IntJoin3

===========================================================================================
----------------- testing Wed Jul 10 18:06:11 UTC 2019 /home/travis/build/icyphy/ptII/ptolemy/domains/sdf/lib/test/auto/IntJoin4.xml
----------------- Instantiating /home/travis/build/icyphy/ptII/ptolemy/domains/sdf/lib/test/auto/IntJoin4.xml
4 ms. Memory: 186368K Free: 121032K (65%)
----------------- Invoking toplevel() on ptolemy.moml.MoMLSimpleApplication@7a494408
----------------- Done invoking toplevel() on ptolemy.moml.MoMLSimpleApplication@7a494408
reloadAllAccessors: .IntJoin4

===========================================================================================
----------------- testing Wed Jul 10 18:06:11 UTC 2019 /home/travis/build/icyphy/ptII/ptolemy/domains/sdf/lib/test/auto/IntJoin5.xml
----------------- Instantiating /home/travis/build/icyphy/ptII/ptolemy/domains/sdf/lib/test/auto/IntJoin5.xml
7 ms. Memory: 186368K Free: 116936K (63%)
----------------- Invoking toplevel() on ptolemy.moml.MoMLSimpleApplication@65fd0bd2
----------------- Done invoking toplevel() on ptolemy.moml.MoMLSimpleApplication@65fd0bd2
reloadAllAccessors: .IntJoin5

===========================================================================================
----------------- testing Wed Jul 10 18:06:11 UTC 2019 /home/travis/build/icyphy/ptII/ptolemy/domains/sdf/lib/test/auto/IntToBits.xml
----------------- Instantiating /home/travis/build/icyphy/ptII/ptolemy/domains/sdf/lib/test/auto/IntToBits.xml
9 ms. Memory: 186368K Free: 113350K (61%)
----------------- Invoking toplevel() on ptolemy.moml.MoMLSimpleApplication@6c8a1725
----------------- Done invoking toplevel() on ptolemy.moml.MoMLSimpleApplication@6c8a1725
reloadAllAccessors: .IntToBits

===========================================================================================
----------------- testing Wed Jul 10 18:06:11 UTC 2019 /home/travis/build/icyphy/ptII/ptolemy/domains/sdf/lib/test/auto/LMSAdaptive.xml
----------------- Instantiating /home/travis/build/icyphy/ptII/ptolemy/domains/sdf/lib/test/auto/LMSAdaptive.xml
21 ms. Memory: 186368K Free: 105144K (56%)
----------------- Invoking toplevel() on ptolemy.moml.MoMLSimpleApplication@47c8891
----------------- Done invoking toplevel() on ptolemy.moml.MoMLSimpleApplication@47c8891
reloadAllAccessors: .LMSAdaptive

===========================================================================================
----------------- testing Wed Jul 10 18:06:11 UTC 2019 /home/travis/build/icyphy/ptII/ptolemy/domains/sdf/lib/test/auto/LMSAdaptiveFIR.xml
----------------- Instantiating /home/travis/build/icyphy/ptII/ptolemy/domains/sdf/lib/test/auto/LMSAdaptiveFIR.xml
262 ms. Memory: 186368K Free: 70342K (38%)
----------------- Invoking toplevel() on ptolemy.moml.MoMLSimpleApplication@506f9f8f
----------------- Done invoking toplevel() on ptolemy.moml.MoMLSimpleApplication@506f9f8f
reloadAllAccessors: .LMSAdaptiveFIR

===========================================================================================
----------------- testing Wed Jul 10 18:06:11 UTC 2019 /home/travis/build/icyphy/ptII/ptolemy/domains/sdf/lib/test/auto/LMSAdaptiveFIR2.xml
----------------- Instantiating /home/travis/build/icyphy/ptII/ptolemy/domains/sdf/lib/test/auto/LMSAdaptiveFIR2.xml
331 ms. Memory: 186368K Free: 118015K (63%)
----------------- Invoking toplevel() on ptolemy.moml.MoMLSimpleApplication@55748c78
----------------- Done invoking toplevel() on ptolemy.moml.MoMLSimpleApplication@55748c78
reloadAllAccessors: .LMSAdaptiveFIR2

===========================================================================================
----------------- testing Wed Jul 10 18:06:12 UTC 2019 /home/travis/build/icyphy/ptII/ptolemy/domains/sdf/lib/test/auto/LongJoin.xml
----------------- Instantiating /home/travis/build/icyphy/ptII/ptolemy/domains/sdf/lib/test/auto/LongJoin.xml
9 ms. Memory: 186368K Free: 113409K (61%)
----------------- Invoking toplevel() on ptolemy.moml.MoMLSimpleApplication@13e44f8b
----------------- Done invoking toplevel() on ptolemy.moml.MoMLSimpleApplication@13e44f8b
reloadAllAccessors: .LongJoin

===========================================================================================
----------------- testing Wed Jul 10 18:06:12 UTC 2019 /home/travis/build/icyphy/ptII/ptolemy/domains/sdf/lib/test/auto/Matrix1.xml
----------------- Instantiating /home/travis/build/icyphy/ptII/ptolemy/domains/sdf/lib/test/auto/Matrix1.xml
3 ms. Memory: 186368K Free: 109823K (59%)
----------------- Invoking toplevel() on ptolemy.moml.MoMLSimpleApplication@1c580471
----------------- Done invoking toplevel() on ptolemy.moml.MoMLSimpleApplication@1c580471
reloadAllAccessors: .Matrix1

===========================================================================================
----------------- testing Wed Jul 10 18:06:12 UTC 2019 /home/travis/build/icyphy/ptII/ptolemy/domains/sdf/lib/test/auto/Matrix2.xml
----------------- Instantiating /home/travis/build/icyphy/ptII/ptolemy/domains/sdf/lib/test/auto/Matrix2.xml
5 ms. Memory: 186368K Free: 105727K (57%)
----------------- Invoking toplevel() on ptolemy.moml.MoMLSimpleApplication@3bf9e09f
----------------- Done invoking toplevel() on ptolemy.moml.MoMLSimpleApplication@3bf9e09f
reloadAllAccessors: .Matrix2

===========================================================================================
----------------- testing Wed Jul 10 18:06:12 UTC 2019 /home/travis/build/icyphy/ptII/ptolemy/domains/sdf/lib/test/auto/MatrixJoin1.xml
----------------- Instantiating /home/travis/build/icyphy/ptII/ptolemy/domains/sdf/lib/test/auto/MatrixJoin1.xml
3 ms. Memory: 186368K Free: 101631K (55%)
----------------- Invoking toplevel() on ptolemy.moml.MoMLSimpleApplication@773fe366
----------------- Done invoking toplevel() on ptolemy.moml.MoMLSimpleApplication@773fe366
reloadAllAccessors: .MatrixJoin1

===========================================================================================
----------------- testing Wed Jul 10 18:06:12 UTC 2019 /home/travis/build/icyphy/ptII/ptolemy/domains/sdf/lib/test/auto/MatrixJoin2.xml
----------------- Instantiating /home/travis/build/icyphy/ptII/ptolemy/domains/sdf/lib/test/auto/MatrixJoin2.xml
3 ms. Memory: 186368K Free: 97025K (52%)
----------------- Invoking toplevel() on ptolemy.moml.MoMLSimpleApplication@159dce29
----------------- Done invoking toplevel() on ptolemy.moml.MoMLSimpleApplication@159dce29
reloadAllAccessors: .MatrixJoin2

===========================================================================================
----------------- testing Wed Jul 10 18:06:12 UTC 2019 /home/travis/build/icyphy/ptII/ptolemy/domains/sdf/lib/test/auto/MatrixJoin3.xml
----------------- Instantiating /home/travis/build/icyphy/ptII/ptolemy/domains/sdf/lib/test/auto/MatrixJoin3.xml
6 ms. Memory: 186368K Free: 92929K (50%)
----------------- Invoking toplevel() on ptolemy.moml.MoMLSimpleApplication@7f45e774
----------------- Done invoking toplevel() on ptolemy.moml.MoMLSimpleApplication@7f45e774
reloadAllAccessors: .MatrixJoin3

===========================================================================================
----------------- testing Wed Jul 10 18:06:12 UTC 2019 /home/travis/build/icyphy/ptII/ptolemy/domains/sdf/lib/test/auto/MatrixJoin4.xml
----------------- Instantiating /home/travis/build/icyphy/ptII/ptolemy/domains/sdf/lib/test/auto/MatrixJoin4.xml
2 ms. Memory: 186368K Free: 88319K (47%)
----------------- Invoking toplevel() on ptolemy.moml.MoMLSimpleApplication@759f6da4
----------------- Done invoking toplevel() on ptolemy.moml.MoMLSimpleApplication@759f6da4
reloadAllAccessors: .MatrixJoin4

===========================================================================================
----------------- testing Wed Jul 10 18:06:12 UTC 2019 /home/travis/build/icyphy/ptII/ptolemy/domains/sdf/lib/test/auto/MatrixJoin5.xml
----------------- Instantiating /home/travis/build/icyphy/ptII/ptolemy/domains/sdf/lib/test/auto/MatrixJoin5.xml
2 ms. Memory: 186368K Free: 84223K (45%)
----------------- Invoking toplevel() on ptolemy.moml.MoMLSimpleApplication@7b022b34
----------------- Done invoking toplevel() on ptolemy.moml.MoMLSimpleApplication@7b022b34
reloadAllAccessors: .MatrixJoin5

===========================================================================================
----------------- testing Wed Jul 10 18:06:12 UTC 2019 /home/travis/build/icyphy/ptII/ptolemy/domains/sdf/lib/test/auto/MatrixSplit1.xml
----------------- Instantiating /home/travis/build/icyphy/ptII/ptolemy/domains/sdf/lib/test/auto/MatrixSplit1.xml
4 ms. Memory: 186368K Free: 79103K (42%)
----------------- Invoking toplevel() on ptolemy.moml.MoMLSimpleApplication@45b64bed
----------------- Done invoking toplevel() on ptolemy.moml.MoMLSimpleApplication@45b64bed
reloadAllAccessors: .MatrixSplit1

===========================================================================================
----------------- testing Wed Jul 10 18:06:12 UTC 2019 /home/travis/build/icyphy/ptII/ptolemy/domains/sdf/lib/test/auto/MatrixSplit10.xml
----------------- Instantiating /home/travis/build/icyphy/ptII/ptolemy/domains/sdf/lib/test/auto/MatrixSplit10.xml
2 ms. Memory: 186368K Free: 76031K (41%)
----------------- Invoking toplevel() on ptolemy.moml.MoMLSimpleApplication@30093bcd
----------------- Done invoking toplevel() on ptolemy.moml.MoMLSimpleApplication@30093bcd
reloadAllAccessors: .MatrixSplit10

===========================================================================================
----------------- testing Wed Jul 10 18:06:12 UTC 2019 /home/travis/build/icyphy/ptII/ptolemy/domains/sdf/lib/test/auto/MatrixSplit11.xml
----------------- Instantiating /home/travis/build/icyphy/ptII/ptolemy/domains/sdf/lib/test/auto/MatrixSplit11.xml
1 ms. Memory: 186368K Free: 72449K (39%)
----------------- Invoking toplevel() on ptolemy.moml.MoMLSimpleApplication@3097ed5a
----------------- Done invoking toplevel() on ptolemy.moml.MoMLSimpleApplication@3097ed5a
reloadAllAccessors: .MatrixSplit11

===========================================================================================
----------------- testing Wed Jul 10 18:06:12 UTC 2019 /home/travis/build/icyphy/ptII/ptolemy/domains/sdf/lib/test/auto/MatrixSplit12.xml
----------------- Instantiating /home/travis/build/icyphy/ptII/ptolemy/domains/sdf/lib/test/auto/MatrixSplit12.xml
2 ms. Memory: 186368K Free: 68863K (37%)
----------------- Invoking toplevel() on ptolemy.moml.MoMLSimpleApplication@38586877
----------------- Done invoking toplevel() on ptolemy.moml.MoMLSimpleApplication@38586877
reloadAllAccessors: .MatrixSplit12

===========================================================================================
----------------- testing Wed Jul 10 18:06:12 UTC 2019 /home/travis/build/icyphy/ptII/ptolemy/domains/sdf/lib/test/auto/MatrixSplit13.xml
----------------- Instantiating /home/travis/build/icyphy/ptII/ptolemy/domains/sdf/lib/test/auto/MatrixSplit13.xml
6 ms. Memory: 186368K Free: 64767K (35%)
----------------- Invoking toplevel() on ptolemy.moml.MoMLSimpleApplication@72fb5dcd
----------------- Done invoking toplevel() on ptolemy.moml.MoMLSimpleApplication@72fb5dcd
reloadAllAccessors: .MatrixSplit13

===========================================================================================
----------------- testing Wed Jul 10 18:06:12 UTC 2019 /home/travis/build/icyphy/ptII/ptolemy/domains/sdf/lib/test/auto/MatrixSplit14.xml
----------------- Instantiating /home/travis/build/icyphy/ptII/ptolemy/domains/sdf/lib/test/auto/MatrixSplit14.xml
2 ms. Memory: 237568K Free: 218458K (92%)
----------------- Invoking toplevel() on ptolemy.moml.MoMLSimpleApplication@3e1920eb
----------------- Done invoking toplevel() on ptolemy.moml.MoMLSimpleApplication@3e1920eb
reloadAllAccessors: .MatrixSplit14

===========================================================================================
----------------- testing Wed Jul 10 18:06:12 UTC 2019 /home/travis/build/icyphy/ptII/ptolemy/domains/sdf/lib/test/auto/MatrixSplit2.xml
----------------- Instantiating /home/travis/build/icyphy/ptII/ptolemy/domains/sdf/lib/test/auto/MatrixSplit2.xml
3 ms. Memory: 237568K Free: 214876K (90%)
----------------- Invoking toplevel() on ptolemy.moml.MoMLSimpleApplication@62611ba6
----------------- Done invoking toplevel() on ptolemy.moml.MoMLSimpleApplication@62611ba6
reloadAllAccessors: .MatrixSplit2

===========================================================================================
----------------- testing Wed Jul 10 18:06:12 UTC 2019 /home/travis/build/icyphy/ptII/ptolemy/domains/sdf/lib/test/auto/MatrixSplit3.xml
----------------- Instantiating /home/travis/build/icyphy/ptII/ptolemy/domains/sdf/lib/test/auto/MatrixSplit3.xml
2 ms. Memory: 237568K Free: 211290K (89%)
----------------- Invoking toplevel() on ptolemy.moml.MoMLSimpleApplication@3c339116
----------------- Done invoking toplevel() on ptolemy.moml.MoMLSimpleApplication@3c339116
reloadAllAccessors: .MatrixSplit3

===========================================================================================
----------------- testing Wed Jul 10 18:06:12 UTC 2019 /home/travis/build/icyphy/ptII/ptolemy/domains/sdf/lib/test/auto/MatrixSplit4.xml
----------------- Instantiating /home/travis/build/icyphy/ptII/ptolemy/domains/sdf/lib/test/auto/MatrixSplit4.xml
3 ms. Memory: 237568K Free: 208218K (88%)
----------------- Invoking toplevel() on ptolemy.moml.MoMLSimpleApplication@176179f7
----------------- Done invoking toplevel() on ptolemy.moml.MoMLSimpleApplication@176179f7
reloadAllAccessors: .MatrixSplit4

===========================================================================================
----------------- testing Wed Jul 10 18:06:12 UTC 2019 /home/travis/build/icyphy/ptII/ptolemy/domains/sdf/lib/test/auto/MatrixSplit5.xml
----------------- Instantiating /home/travis/build/icyphy/ptII/ptolemy/domains/sdf/lib/test/auto/MatrixSplit5.xml
11 ms. Memory: 237568K Free: 204634K (86%)
----------------- Invoking toplevel() on ptolemy.moml.MoMLSimpleApplication@9a76925
----------------- Done invoking toplevel() on ptolemy.moml.MoMLSimpleApplication@9a76925
reloadAllAccessors: .MatrixSplit5

===========================================================================================
----------------- testing Wed Jul 10 18:06:12 UTC 2019 /home/travis/build/icyphy/ptII/ptolemy/domains/sdf/lib/test/auto/MatrixSplit6.xml
----------------- Instantiating /home/travis/build/icyphy/ptII/ptolemy/domains/sdf/lib/test/auto/MatrixSplit6.xml
2 ms. Memory: 237568K Free: 201564K (85%)
----------------- Invoking toplevel() on ptolemy.moml.MoMLSimpleApplication@3b23aeb1
----------------- Done invoking toplevel() on ptolemy.moml.MoMLSimpleApplication@3b23aeb1
reloadAllAccessors: .MatrixSplit6

===========================================================================================
----------------- testing Wed Jul 10 18:06:12 UTC 2019 /home/travis/build/icyphy/ptII/ptolemy/domains/sdf/lib/test/auto/MatrixSplit7.xml
----------------- Instantiating /home/travis/build/icyphy/ptII/ptolemy/domains/sdf/lib/test/auto/MatrixSplit7.xml
9 ms. Memory: 237568K Free: 197978K (83%)
----------------- Invoking toplevel() on ptolemy.moml.MoMLSimpleApplication@22942f19
----------------- Done invoking toplevel() on ptolemy.moml.MoMLSimpleApplication@22942f19
reloadAllAccessors: .MatrixSplit7

===========================================================================================
----------------- testing Wed Jul 10 18:06:12 UTC 2019 /home/travis/build/icyphy/ptII/ptolemy/domains/sdf/lib/test/auto/MatrixSplit8.xml
----------------- Instantiating /home/travis/build/icyphy/ptII/ptolemy/domains/sdf/lib/test/auto/MatrixSplit8.xml
1 ms. Memory: 237568K Free: 194906K (82%)
----------------- Invoking toplevel() on ptolemy.moml.MoMLSimpleApplication@16753340
----------------- Done invoking toplevel() on ptolemy.moml.MoMLSimpleApplication@16753340
reloadAllAccessors: .MatrixSplit8

===========================================================================================
----------------- testing Wed Jul 10 18:06:12 UTC 2019 /home/travis/build/icyphy/ptII/ptolemy/domains/sdf/lib/test/auto/MatrixSplit9.xml
----------------- Instantiating /home/travis/build/icyphy/ptII/ptolemy/domains/sdf/lib/test/auto/MatrixSplit9.xml
3 ms. Memory: 237568K Free: 191324K (81%)
----------------- Invoking toplevel() on ptolemy.moml.MoMLSimpleApplication@76b437c8
----------------- Done invoking toplevel() on ptolemy.moml.MoMLSimpleApplication@76b437c8
reloadAllAccessors: .MatrixSplit9

===========================================================================================
----------------- testing Wed Jul 10 18:06:12 UTC 2019 /home/travis/build/icyphy/ptII/ptolemy/domains/sdf/lib/test/auto/MatrixToSequence.xml
----------------- Instantiating /home/travis/build/icyphy/ptII/ptolemy/domains/sdf/lib/test/auto/MatrixToSequence.xml
16 ms. Memory: 237568K Free: 182574K (77%)
----------------- Invoking toplevel() on ptolemy.moml.MoMLSimpleApplication@1c16e255
----------------- Done invoking toplevel() on ptolemy.moml.MoMLSimpleApplication@1c16e255
reloadAllAccessors: .MatrixToSequence

===========================================================================================
----------------- testing Wed Jul 10 18:06:12 UTC 2019 /home/travis/build/icyphy/ptII/ptolemy/domains/sdf/lib/test/auto/MaximumEntropySpectrum.xml
----------------- Instantiating /home/travis/build/icyphy/ptII/ptolemy/domains/sdf/lib/test/auto/MaximumEntropySpectrum.xml
18 ms. Memory: 237568K Free: 161114K (68%)
----------------- Invoking toplevel() on ptolemy.moml.MoMLSimpleApplication@52281cf2
----------------- Done invoking toplevel() on ptolemy.moml.MoMLSimpleApplication@52281cf2
reloadAllAccessors: .MaximumEntropySpectrum

===========================================================================================
----------------- testing Wed Jul 10 18:06:12 UTC 2019 /home/travis/build/icyphy/ptII/ptolemy/domains/sdf/lib/test/auto/SampleDelayConversion.xml
----------------- Instantiating /home/travis/build/icyphy/ptII/ptolemy/domains/sdf/lib/test/auto/SampleDelayConversion.xml
2 ms. Memory: 237568K Free: 157532K (66%)
----------------- Invoking toplevel() on ptolemy.moml.MoMLSimpleApplication@5f7a258a
----------------- Done invoking toplevel() on ptolemy.moml.MoMLSimpleApplication@5f7a258a
reloadAllAccessors: .SampleDelayConversion

===========================================================================================
----------------- testing Wed Jul 10 18:06:12 UTC 2019 /home/travis/build/icyphy/ptII/ptolemy/domains/sdf/lib/test/auto/SequenceToArray.xml
----------------- Instantiating /home/travis/build/icyphy/ptII/ptolemy/domains/sdf/lib/test/auto/SequenceToArray.xml
9 ms. Memory: 237568K Free: 146268K (62%)
----------------- Invoking toplevel() on ptolemy.moml.MoMLSimpleApplication@704845a
----------------- Done invoking toplevel() on ptolemy.moml.MoMLSimpleApplication@704845a
reloadAllAccessors: .SequenceToArray

===========================================================================================
----------------- testing Wed Jul 10 18:06:12 UTC 2019 /home/travis/build/icyphy/ptII/ptolemy/domains/sdf/lib/test/auto/SequenceToMatrix.xml
----------------- Instantiating /home/travis/build/icyphy/ptII/ptolemy/domains/sdf/lib/test/auto/SequenceToMatrix.xml
3636 ms. Memory: 237568K Free: 188261K (79%)
----------------- Invoking toplevel() on ptolemy.moml.MoMLSimpleApplication@794f220f
----------------- Done invoking toplevel() on ptolemy.moml.MoMLSimpleApplication@794f220f
reloadAllAccessors: .SequenceToMatrix

===========================================================================================
----------------- testing Wed Jul 10 18:06:16 UTC 2019 /home/travis/build/icyphy/ptII/ptolemy/domains/sdf/lib/test/auto/SmoothedPeriodogram.xml
----------------- Instantiating /home/travis/build/icyphy/ptII/ptolemy/domains/sdf/lib/test/auto/SmoothedPeriodogram.xml
25 ms. Memory: 237568K Free: 172387K (73%)
----------------- Invoking toplevel() on ptolemy.moml.MoMLSimpleApplication@15a9cfc9
----------------- Done invoking toplevel() on ptolemy.moml.MoMLSimpleApplication@15a9cfc9
reloadAllAccessors: .SmoothedPeriodogram

===========================================================================================
----------------- testing Wed Jul 10 18:06:16 UTC 2019 /home/travis/build/icyphy/ptII/ptolemy/domains/sdf/lib/test/auto/UpDownSample1.xml
----------------- Instantiating /home/travis/build/icyphy/ptII/ptolemy/domains/sdf/lib/test/auto/UpDownSample1.xml
3 ms. Memory: 237568K Free: 168291K (71%)
----------------- Invoking toplevel() on ptolemy.moml.MoMLSimpleApplication@183ded6
----------------- Done invoking toplevel() on ptolemy.moml.MoMLSimpleApplication@183ded6
reloadAllAccessors: .UpDownSample1

===========================================================================================
----------------- testing Wed Jul 10 18:06:16 UTC 2019 /home/travis/build/icyphy/ptII/ptolemy/domains/sdf/lib/test/auto/UpSample1.xml
----------------- Instantiating /home/travis/build/icyphy/ptII/ptolemy/domains/sdf/lib/test/auto/UpSample1.xml
2 ms. Memory: 237568K Free: 165219K (70%)
----------------- Invoking toplevel() on ptolemy.moml.MoMLSimpleApplication@4f6d7320
----------------- Done invoking toplevel() on ptolemy.moml.MoMLSimpleApplication@4f6d7320
reloadAllAccessors: .UpSample1

===========================================================================================
----------------- testing Wed Jul 10 18:06:16 UTC 2019 /home/travis/build/icyphy/ptII/ptolemy/domains/sdf/lib/test/auto/VariableFIR.xml
----------------- Instantiating /home/travis/build/icyphy/ptII/ptolemy/domains/sdf/lib/test/auto/VariableFIR.xml
5 ms. Memory: 237568K Free: 159589K (67%)
----------------- Invoking toplevel() on ptolemy.moml.MoMLSimpleApplication@fabee3a
----------------- Done invoking toplevel() on ptolemy.moml.MoMLSimpleApplication@fabee3a
reloadAllAccessors: .VariableFIR

===========================================================================================
----------------- testing Wed Jul 10 18:06:16 UTC 2019 /home/travis/build/icyphy/ptII/ptolemy/domains/sdf/lib/test/auto/VariableFIR2.xml
----------------- Instantiating /home/travis/build/icyphy/ptII/ptolemy/domains/sdf/lib/test/auto/VariableFIR2.xml
4 ms. Memory: 237568K Free: 154973K (65%)
----------------- Invoking toplevel() on ptolemy.moml.MoMLSimpleApplication@713eb678
----------------- Done invoking toplevel() on ptolemy.moml.MoMLSimpleApplication@713eb678
reloadAllAccessors: .VariableFIR2

===========================================================================================
----------------- testing Wed Jul 10 18:06:16 UTC 2019 /home/travis/build/icyphy/ptII/ptolemy/domains/sdf/lib/test/auto/VariableLattice.xml
----------------- Instantiating /home/travis/build/icyphy/ptII/ptolemy/domains/sdf/lib/test/auto/VariableLattice.xml
4 ms. Memory: 237568K Free: 148325K (62%)
----------------- Invoking toplevel() on ptolemy.moml.MoMLSimpleApplication@6d38a4ca
----------------- Done invoking toplevel() on ptolemy.moml.MoMLSimpleApplication@6d38a4ca
reloadAllAccessors: .VariableLattice

===========================================================================================
----------------- testing Wed Jul 10 18:06:16 UTC 2019 /home/travis/build/icyphy/ptII/ptolemy/domains/sdf/lib/test/auto/VariableLattice2.xml
----------------- Instantiating /home/travis/build/icyphy/ptII/ptolemy/domains/sdf/lib/test/auto/VariableLattice2.xml
1.0
-1.999999602036
1.9099998677481
-0.9099996420674
0.205
0.0
0.0
1.0
-0.25
-0.5
0.0
0.0
0.0
0.0
3 ms. Memory: 237568K Free: 144229K (61%)
----------------- Invoking toplevel() on ptolemy.moml.MoMLSimpleApplication@659261f5
----------------- Done invoking toplevel() on ptolemy.moml.MoMLSimpleApplication@659261f5
reloadAllAccessors: .VariableLattice2

===========================================================================================
----------------- testing Wed Jul 10 18:06:16 UTC 2019 /home/travis/build/icyphy/ptII/ptolemy/domains/sdf/lib/test/auto/VariableRecursiveLattice.xml
----------------- Instantiating /home/travis/build/icyphy/ptII/ptolemy/domains/sdf/lib/test/auto/VariableRecursiveLattice.xml
3 ms. Memory: 237568K Free: 139619K (59%)
----------------- Invoking toplevel() on ptolemy.moml.MoMLSimpleApplication@666f6280
----------------- Done invoking toplevel() on ptolemy.moml.MoMLSimpleApplication@666f6280
reloadAllAccessors: .VariableRecursiveLattice

===========================================================================================
----------------- testing Wed Jul 10 18:06:16 UTC 2019 /home/travis/build/icyphy/ptII/ptolemy/domains/sdf/lib/test/auto/VariableRecursiveLattice2.xml
----------------- Instantiating /home/travis/build/icyphy/ptII/ptolemy/domains/sdf/lib/test/auto/VariableRecursiveLattice2.xml
2 ms. Memory: 237568K Free: 135523K (57%)
----------------- Invoking toplevel() on ptolemy.moml.MoMLSimpleApplication@2712c40e
----------------- Done invoking toplevel() on ptolemy.moml.MoMLSimpleApplication@2712c40e
reloadAllAccessors: .VariableRecursiveLattice2
AutoTests.java: About to close Vertx.
AutoTests.java: Vertx closed.
]]></system-out>
  <system-err><![CDATA[]]></system-err>
</testsuite>
