<?xml version="1.0" encoding="UTF-8" ?>
<testsuite errors="0" failures="0" hostname="travis-job-c3807a94-efdb-4543-8bfd-73e50d9a8093" name="ptolemy.actor.lib.hoc.test.junit.JUnitTclTest" skipped="0" tests="58" time="30.113" timestamp="2020-10-11T15:45:58">
  <properties>
[...]
</properties>
  <testcase classname="ptolemy.util.test.junit.TclTests" name="[0] /home/travis/build/icyphy/ptII/ptolemy/actor/lib/hoc/test/IterateOverArray.tcl (RunTclFile)" time="0.331" />
  <testcase classname="ptolemy.util.test.junit.AutoKnownFailedTests" name="[0] /home/travis/build/icyphy/ptII/ptolemy/actor/lib/hoc/test/auto/knownFailedTests/PreinitializeMustBeInvokedRunComposite.xml (RunModel)" time="0.431" />
  <testcase classname="ptolemy.util.test.junit.AutoNameArchTests" name="[0] ThereAreNoAutoArchTests (RunModel)" time="0.008" />
  <testcase classname="ptolemy.util.test.junit.AutoTests" name="[0] /home/travis/build/icyphy/ptII/ptolemy/actor/lib/hoc/test/auto/AllToAllMultiInstanceComposite.xml (RunModel)" time="0.345" />
  <testcase classname="ptolemy.util.test.junit.AutoTests" name="[1] /home/travis/build/icyphy/ptII/ptolemy/actor/lib/hoc/test/auto/ApplyFFTTest.xml (RunModel)" time="0.323" />
  <testcase classname="ptolemy.util.test.junit.AutoTests" name="[2] /home/travis/build/icyphy/ptII/ptolemy/actor/lib/hoc/test/auto/ApplyFunction.xml (RunModel)" time="0.047" />
  <testcase classname="ptolemy.util.test.junit.AutoTests" name="[3] /home/travis/build/icyphy/ptII/ptolemy/actor/lib/hoc/test/auto/BackgroundExecution.xml (RunModel)" time="0.704" />
  <testcase classname="ptolemy.util.test.junit.AutoTests" name="[4] /home/travis/build/icyphy/ptII/ptolemy/actor/lib/hoc/test/auto/Case.xml (RunModel)" time="0.086" />
  <testcase classname="ptolemy.util.test.junit.AutoTests" name="[5] /home/travis/build/icyphy/ptII/ptolemy/actor/lib/hoc/test/auto/Case1.xml (RunModel)" time="0.062" />
  <testcase classname="ptolemy.util.test.junit.AutoTests" name="[6] /home/travis/build/icyphy/ptII/ptolemy/actor/lib/hoc/test/auto/Case2.xml (RunModel)" time="0.103" />
  <testcase classname="ptolemy.util.test.junit.AutoTests" name="[7] /home/travis/build/icyphy/ptII/ptolemy/actor/lib/hoc/test/auto/Case3.xml (RunModel)" time="0.031" />
  <testcase classname="ptolemy.util.test.junit.AutoTests" name="[8] /home/travis/build/icyphy/ptII/ptolemy/actor/lib/hoc/test/auto/Case4.xml (RunModel)" time="0.05" />
  <testcase classname="ptolemy.util.test.junit.AutoTests" name="[9] /home/travis/build/icyphy/ptII/ptolemy/actor/lib/hoc/test/auto/Case5.xml (RunModel)" time="0.042" />
  <testcase classname="ptolemy.util.test.junit.AutoTests" name="[10] /home/travis/build/icyphy/ptII/ptolemy/actor/lib/hoc/test/auto/Case6.xml (RunModel)" time="0.076" />
  <testcase classname="ptolemy.util.test.junit.AutoTests" name="[11] /home/travis/build/icyphy/ptII/ptolemy/actor/lib/hoc/test/auto/CaseString2.xml (RunModel)" time="0.055" />
  <testcase classname="ptolemy.util.test.junit.AutoTests" name="[12] /home/travis/build/icyphy/ptII/ptolemy/actor/lib/hoc/test/auto/CatchUpComposite1.xml (RunModel)" time="0.078" />
  <testcase classname="ptolemy.util.test.junit.AutoTests" name="[13] /home/travis/build/icyphy/ptII/ptolemy/actor/lib/hoc/test/auto/CatchUpComposite2.xml (RunModel)" time="0.064" />
  <testcase classname="ptolemy.util.test.junit.AutoTests" name="[14] /home/travis/build/icyphy/ptII/ptolemy/actor/lib/hoc/test/auto/CatchUpComposite3.xml (RunModel)" time="0.072" />
  <testcase classname="ptolemy.util.test.junit.AutoTests" name="[15] /home/travis/build/icyphy/ptII/ptolemy/actor/lib/hoc/test/auto/CatchUpComposite4.xml (RunModel)" time="0.066" />
  <testcase classname="ptolemy.util.test.junit.AutoTests" name="[16] /home/travis/build/icyphy/ptII/ptolemy/actor/lib/hoc/test/auto/CatchUpComposite5.xml (RunModel)" time="0.041" />
  <testcase classname="ptolemy.util.test.junit.AutoTests" name="[17] /home/travis/build/icyphy/ptII/ptolemy/actor/lib/hoc/test/auto/CatchUpComposite6.xml (RunModel)" time="0.157" />
  <testcase classname="ptolemy.util.test.junit.AutoTests" name="[18] /home/travis/build/icyphy/ptII/ptolemy/actor/lib/hoc/test/auto/CatchUpComposite7.xml (RunModel)" time="0.088" />
  <testcase classname="ptolemy.util.test.junit.AutoTests" name="[19] /home/travis/build/icyphy/ptII/ptolemy/actor/lib/hoc/test/auto/ConcurrentExecutionTimeSDF.xml (RunModel)" time="0.724" />
  <testcase classname="ptolemy.util.test.junit.AutoTests" name="[20] /home/travis/build/icyphy/ptII/ptolemy/actor/lib/hoc/test/auto/ConcurrentSleep.xml (RunModel)" time="0.773" />
  <testcase classname="ptolemy.util.test.junit.AutoTests" name="[21] /home/travis/build/icyphy/ptII/ptolemy/actor/lib/hoc/test/auto/DEInPNInRunCompositeActor.xml (RunModel)" time="0.032" />
  <testcase classname="ptolemy.util.test.junit.AutoTests" name="[22] /home/travis/build/icyphy/ptII/ptolemy/actor/lib/hoc/test/auto/DFTSubSetTest.xml (RunModel)" time="0.257" />
  <testcase classname="ptolemy.util.test.junit.AutoTests" name="[23] /home/travis/build/icyphy/ptII/ptolemy/actor/lib/hoc/test/auto/HocDE.xml (RunModel)" time="0.143" />
  <testcase classname="ptolemy.util.test.junit.AutoTests" name="[24] /home/travis/build/icyphy/ptII/ptolemy/actor/lib/hoc/test/auto/IterateOverArray.xml (RunModel)" time="0.022" />
  <testcase classname="ptolemy.util.test.junit.AutoTests" name="[25] /home/travis/build/icyphy/ptII/ptolemy/actor/lib/hoc/test/auto/IterateOverArray10.xml (RunModel)" time="0.014" />
  <testcase classname="ptolemy.util.test.junit.AutoTests" name="[26] /home/travis/build/icyphy/ptII/ptolemy/actor/lib/hoc/test/auto/IterateOverArray11.xml (RunModel)" time="0.013" />
  <testcase classname="ptolemy.util.test.junit.AutoTests" name="[27] /home/travis/build/icyphy/ptII/ptolemy/actor/lib/hoc/test/auto/IterateOverArray12.xml (RunModel)" time="0.022" />
  <testcase classname="ptolemy.util.test.junit.AutoTests" name="[28] /home/travis/build/icyphy/ptII/ptolemy/actor/lib/hoc/test/auto/IterateOverArray13.xml (RunModel)" time="0.137" />
  <testcase classname="ptolemy.util.test.junit.AutoTests" name="[29] /home/travis/build/icyphy/ptII/ptolemy/actor/lib/hoc/test/auto/IterateOverArray14.xml (RunModel)" time="0.139" />
  <testcase classname="ptolemy.util.test.junit.AutoTests" name="[30] /home/travis/build/icyphy/ptII/ptolemy/actor/lib/hoc/test/auto/IterateOverArray2.xml (RunModel)" time="0.03" />
  <testcase classname="ptolemy.util.test.junit.AutoTests" name="[31] /home/travis/build/icyphy/ptII/ptolemy/actor/lib/hoc/test/auto/IterateOverArray3.xml (RunModel)" time="0.041" />
  <testcase classname="ptolemy.util.test.junit.AutoTests" name="[32] /home/travis/build/icyphy/ptII/ptolemy/actor/lib/hoc/test/auto/IterateOverArray4.xml (RunModel)" time="0.022" />
  <testcase classname="ptolemy.util.test.junit.AutoTests" name="[33] /home/travis/build/icyphy/ptII/ptolemy/actor/lib/hoc/test/auto/IterateOverArray5.xml (RunModel)" time="0.033" />
  <testcase classname="ptolemy.util.test.junit.AutoTests" name="[34] /home/travis/build/icyphy/ptII/ptolemy/actor/lib/hoc/test/auto/IterateOverArray6.xml (RunModel)" time="0.019" />
  <testcase classname="ptolemy.util.test.junit.AutoTests" name="[35] /home/travis/build/icyphy/ptII/ptolemy/actor/lib/hoc/test/auto/IterateOverArray7.xml (RunModel)" time="0.019" />
  <testcase classname="ptolemy.util.test.junit.AutoTests" name="[36] /home/travis/build/icyphy/ptII/ptolemy/actor/lib/hoc/test/auto/IterateOverArray8.xml (RunModel)" time="0.016" />
  <testcase classname="ptolemy.util.test.junit.AutoTests" name="[37] /home/travis/build/icyphy/ptII/ptolemy/actor/lib/hoc/test/auto/IterateOverArray9.xml (RunModel)" time="0.018" />
  <testcase classname="ptolemy.util.test.junit.AutoTests" name="[38] /home/travis/build/icyphy/ptII/ptolemy/actor/lib/hoc/test/auto/IterateOverArrayCoercedOutputType.xml (RunModel)" time="0.031" />
  <testcase classname="ptolemy.util.test.junit.AutoTests" name="[39] /home/travis/build/icyphy/ptII/ptolemy/actor/lib/hoc/test/auto/IterateOverArrayInferredOutputType.xml (RunModel)" time="0.02" />
  <testcase classname="ptolemy.util.test.junit.AutoTests" name="[40] /home/travis/build/icyphy/ptII/ptolemy/actor/lib/hoc/test/auto/MobileFunctionTest.xml (RunModel)" time="0.014" />
  <testcase classname="ptolemy.util.test.junit.AutoTests" name="[41] /home/travis/build/icyphy/ptII/ptolemy/actor/lib/hoc/test/auto/MobileModelTest.xml (RunModel)" time="0.165" />
  <testcase classname="ptolemy.util.test.junit.AutoTests" name="[42] /home/travis/build/icyphy/ptII/ptolemy/actor/lib/hoc/test/auto/ModelReference.xml (RunModel)" time="0.064" />
  <testcase classname="ptolemy.util.test.junit.AutoTests" name="[43] /home/travis/build/icyphy/ptII/ptolemy/actor/lib/hoc/test/auto/ModelReference3.xml (RunModel)" time="0.103" />
  <testcase classname="ptolemy.util.test.junit.AutoTests" name="[44] /home/travis/build/icyphy/ptII/ptolemy/actor/lib/hoc/test/auto/ModelReference4.xml (RunModel)" time="10.027" />
  <testcase classname="ptolemy.util.test.junit.AutoTests" name="[45] /home/travis/build/icyphy/ptII/ptolemy/actor/lib/hoc/test/auto/MultiInstanceComposite.xml (RunModel)" time="0.047" />
  <testcase classname="ptolemy.util.test.junit.AutoTests" name="[46] /home/travis/build/icyphy/ptII/ptolemy/actor/lib/hoc/test/auto/MultiInstanceComposite2.xml (RunModel)" time="0.028" />
  <testcase classname="ptolemy.util.test.junit.AutoTests" name="[47] /home/travis/build/icyphy/ptII/ptolemy/actor/lib/hoc/test/auto/MulticoreExecution.xml (RunModel)" time="1.075" />
  <testcase classname="ptolemy.util.test.junit.AutoTests" name="[48] /home/travis/build/icyphy/ptII/ptolemy/actor/lib/hoc/test/auto/ParallelExecution.xml (RunModel)" time="0.947" />
  <testcase classname="ptolemy.util.test.junit.AutoTests" name="[49] /home/travis/build/icyphy/ptII/ptolemy/actor/lib/hoc/test/auto/RunCompositeActor.xml (RunModel)" time="0.028" />
  <testcase classname="ptolemy.util.test.junit.AutoTests" name="[50] /home/travis/build/icyphy/ptII/ptolemy/actor/lib/hoc/test/auto/RunCompositeActor2.xml (RunModel)" time="0.02" />
  <testcase classname="ptolemy.util.test.junit.AutoTests" name="[51] /home/travis/build/icyphy/ptII/ptolemy/actor/lib/hoc/test/auto/RunCompositeActor3.xml (RunModel)" time="0.017" />
  <testcase classname="ptolemy.util.test.junit.AutoTests" name="[52] /home/travis/build/icyphy/ptII/ptolemy/actor/lib/hoc/test/auto/RunCompositeActor4.xml (RunModel)" time="0.037" />
  <testcase classname="ptolemy.util.test.junit.AutoTests" name="[53] /home/travis/build/icyphy/ptII/ptolemy/actor/lib/hoc/test/auto/RunCompositeIterateOverArray.xml (RunModel)" time="0.039" />
  <testcase classname="ptolemy.util.test.junit.AutoTests" name="[54] /home/travis/build/icyphy/ptII/ptolemy/actor/lib/hoc/test/auto/ThreadedJS.xml (RunModel)" time="11.094" />
  <system-out><![CDATA[/home/travis/build/icyphy/ptII/ptolemy/actor/lib/hoc/test/IterateOverArray.tcl
testDefs.tcl: setting time out to 9000 seconds at Sun Oct 11 15:45:58 UTC 2020
10/11/20 03:45:58
Failed: 0  Total Tests: 2  ((Passed: 2, Newly Passed: 0)  Known Failed: 0) /home/travis/build/icyphy/ptII/ptolemy/actor/lib/hoc/test
----------------- testing (KnownFailure) /home/travis/build/icyphy/ptII/ptolemy/actor/lib/hoc/test/auto/knownFailedTests/PreinitializeMustBeInvokedRunComposite.xml
119 ms. Memory: 129024K Free: 86984K (67%)
Known Failure: java.lang.reflect.InvocationTargetException
No auto/linux-amd64/*.xml tests in /home/travis/build/icyphy/ptII/ptolemy/actor/lib/hoc/test
AutoTests.java: About to close Vertx.
AutoTests.java: Vertx closed.

===========================================================================================
----------------- testing Sun Oct 11 15:45:59 UTC 2020 /home/travis/build/icyphy/ptII/ptolemy/actor/lib/hoc/test/auto/AllToAllMultiInstanceComposite.xml
----------------- Instantiating /home/travis/build/icyphy/ptII/ptolemy/actor/lib/hoc/test/auto/AllToAllMultiInstanceComposite.xml
188 ms. Memory: 129024K Free: 106594K (83%)
----------------- Invoking toplevel() on ptolemy.moml.MoMLSimpleApplication@66985a36
----------------- Done invoking toplevel() on ptolemy.moml.MoMLSimpleApplication@66985a36
reloadAllAccessors: .AllToAllMultiInstanceComposite

===========================================================================================
----------------- testing Sun Oct 11 15:45:59 UTC 2020 /home/travis/build/icyphy/ptII/ptolemy/actor/lib/hoc/test/auto/ApplyFFTTest.xml
----------------- Instantiating /home/travis/build/icyphy/ptII/ptolemy/actor/lib/hoc/test/auto/ApplyFFTTest.xml
109 ms. Memory: 129024K Free: 87963K (68%)
----------------- Invoking toplevel() on ptolemy.moml.MoMLSimpleApplication@78132242
----------------- Done invoking toplevel() on ptolemy.moml.MoMLSimpleApplication@78132242
reloadAllAccessors: .ApplyFFTTest

===========================================================================================
----------------- testing Sun Oct 11 15:46:00 UTC 2020 /home/travis/build/icyphy/ptII/ptolemy/actor/lib/hoc/test/auto/ApplyFunction.xml
----------------- Instantiating /home/travis/build/icyphy/ptII/ptolemy/actor/lib/hoc/test/auto/ApplyFunction.xml
5 ms. Memory: 129024K Free: 85082K (66%)
----------------- Invoking toplevel() on ptolemy.moml.MoMLSimpleApplication@7a9723af
----------------- Done invoking toplevel() on ptolemy.moml.MoMLSimpleApplication@7a9723af
reloadAllAccessors: .ApplyFunction

===========================================================================================
----------------- testing Sun Oct 11 15:46:00 UTC 2020 /home/travis/build/icyphy/ptII/ptolemy/actor/lib/hoc/test/auto/BackgroundExecution.xml
----------------- Instantiating /home/travis/build/icyphy/ptII/ptolemy/actor/lib/hoc/test/auto/BackgroundExecution.xml
619 ms. Memory: 129024K Free: 107417K (83%)
----------------- Invoking toplevel() on ptolemy.moml.MoMLSimpleApplication@69d25f34
----------------- Done invoking toplevel() on ptolemy.moml.MoMLSimpleApplication@69d25f34
reloadAllAccessors: .BackgroundExecution

===========================================================================================
----------------- testing Sun Oct 11 15:46:00 UTC 2020 /home/travis/build/icyphy/ptII/ptolemy/actor/lib/hoc/test/auto/Case.xml
----------------- Instantiating /home/travis/build/icyphy/ptII/ptolemy/actor/lib/hoc/test/auto/Case.xml
20 ms. Memory: 129024K Free: 100287K (78%)
----------------- Invoking toplevel() on ptolemy.moml.MoMLSimpleApplication@4fe6d61a
----------------- Done invoking toplevel() on ptolemy.moml.MoMLSimpleApplication@4fe6d61a
reloadAllAccessors: .Case

===========================================================================================
----------------- testing Sun Oct 11 15:46:00 UTC 2020 /home/travis/build/icyphy/ptII/ptolemy/actor/lib/hoc/test/auto/Case1.xml
----------------- Instantiating /home/travis/build/icyphy/ptII/ptolemy/actor/lib/hoc/test/auto/Case1.xml
21 ms. Memory: 129024K Free: 93895K (73%)
----------------- Invoking toplevel() on ptolemy.moml.MoMLSimpleApplication@45870af9
----------------- Done invoking toplevel() on ptolemy.moml.MoMLSimpleApplication@45870af9
reloadAllAccessors: .Case1

===========================================================================================
----------------- testing Sun Oct 11 15:46:00 UTC 2020 /home/travis/build/icyphy/ptII/ptolemy/actor/lib/hoc/test/auto/Case2.xml
----------------- Instantiating /home/travis/build/icyphy/ptII/ptolemy/actor/lib/hoc/test/auto/Case2.xml
33 ms. Memory: 129024K Free: 83697K (65%)
----------------- Invoking toplevel() on ptolemy.moml.MoMLSimpleApplication@3296b603
----------------- Done invoking toplevel() on ptolemy.moml.MoMLSimpleApplication@3296b603
reloadAllAccessors: .Case2

===========================================================================================
----------------- testing Sun Oct 11 15:46:01 UTC 2020 /home/travis/build/icyphy/ptII/ptolemy/actor/lib/hoc/test/auto/Case3.xml
----------------- Instantiating /home/travis/build/icyphy/ptII/ptolemy/actor/lib/hoc/test/auto/Case3.xml
7 ms. Memory: 129024K Free: 77924K (60%)
----------------- Invoking toplevel() on ptolemy.moml.MoMLSimpleApplication@7c9437b
----------------- Done invoking toplevel() on ptolemy.moml.MoMLSimpleApplication@7c9437b
reloadAllAccessors: .Case3

===========================================================================================
----------------- testing Sun Oct 11 15:46:01 UTC 2020 /home/travis/build/icyphy/ptII/ptolemy/actor/lib/hoc/test/auto/Case4.xml
----------------- Instantiating /home/travis/build/icyphy/ptII/ptolemy/actor/lib/hoc/test/auto/Case4.xml
10 ms. Memory: 129024K Free: 108036K (84%)
----------------- Invoking toplevel() on ptolemy.moml.MoMLSimpleApplication@2e6b5bd4
----------------- Done invoking toplevel() on ptolemy.moml.MoMLSimpleApplication@2e6b5bd4
reloadAllAccessors: .Case4

===========================================================================================
----------------- testing Sun Oct 11 15:46:01 UTC 2020 /home/travis/build/icyphy/ptII/ptolemy/actor/lib/hoc/test/auto/Case5.xml
----------------- Instantiating /home/travis/build/icyphy/ptII/ptolemy/actor/lib/hoc/test/auto/Case5.xml
24 ms. Memory: 129024K Free: 101562K (79%)
----------------- Invoking toplevel() on ptolemy.moml.MoMLSimpleApplication@25b663c8
----------------- Done invoking toplevel() on ptolemy.moml.MoMLSimpleApplication@25b663c8
reloadAllAccessors: .junk

===========================================================================================
----------------- testing Sun Oct 11 15:46:01 UTC 2020 /home/travis/build/icyphy/ptII/ptolemy/actor/lib/hoc/test/auto/Case6.xml
----------------- Instantiating /home/travis/build/icyphy/ptII/ptolemy/actor/lib/hoc/test/auto/Case6.xml
37 ms. Memory: 129024K Free: 89970K (70%)
----------------- Invoking toplevel() on ptolemy.moml.MoMLSimpleApplication@4f3ec056
----------------- Done invoking toplevel() on ptolemy.moml.MoMLSimpleApplication@4f3ec056
reloadAllAccessors: .Case6

===========================================================================================
----------------- testing Sun Oct 11 15:46:01 UTC 2020 /home/travis/build/icyphy/ptII/ptolemy/actor/lib/hoc/test/auto/CaseString2.xml
----------------- Instantiating /home/travis/build/icyphy/ptII/ptolemy/actor/lib/hoc/test/auto/CaseString2.xml
18 ms. Memory: 129024K Free: 82740K (64%)
----------------- Invoking toplevel() on ptolemy.moml.MoMLSimpleApplication@16840d7a
----------------- Done invoking toplevel() on ptolemy.moml.MoMLSimpleApplication@16840d7a
reloadAllAccessors: .CaseString2

===========================================================================================
----------------- testing Sun Oct 11 15:46:01 UTC 2020 /home/travis/build/icyphy/ptII/ptolemy/actor/lib/hoc/test/auto/CatchUpComposite1.xml
----------------- Instantiating /home/travis/build/icyphy/ptII/ptolemy/actor/lib/hoc/test/auto/CatchUpComposite1.xml
24 ms. Memory: 129024K Free: 73587K (57%)
----------------- Invoking toplevel() on ptolemy.moml.MoMLSimpleApplication@65e21a52
----------------- Done invoking toplevel() on ptolemy.moml.MoMLSimpleApplication@65e21a52
reloadAllAccessors: .CatchUpComposite1

===========================================================================================
----------------- testing Sun Oct 11 15:46:01 UTC 2020 /home/travis/build/icyphy/ptII/ptolemy/actor/lib/hoc/test/auto/CatchUpComposite2.xml
----------------- Instantiating /home/travis/build/icyphy/ptII/ptolemy/actor/lib/hoc/test/auto/CatchUpComposite2.xml
15 ms. Memory: 129024K Free: 65370K (51%)
----------------- Invoking toplevel() on ptolemy.moml.MoMLSimpleApplication@4566b027
----------------- Done invoking toplevel() on ptolemy.moml.MoMLSimpleApplication@4566b027
reloadAllAccessors: .CatchUpComposite2

===========================================================================================
----------------- testing Sun Oct 11 15:46:01 UTC 2020 /home/travis/build/icyphy/ptII/ptolemy/actor/lib/hoc/test/auto/CatchUpComposite3.xml
----------------- Instantiating /home/travis/build/icyphy/ptII/ptolemy/actor/lib/hoc/test/auto/CatchUpComposite3.xml
21 ms. Memory: 129024K Free: 106102K (82%)
----------------- Invoking toplevel() on ptolemy.moml.MoMLSimpleApplication@6415cfac
----------------- Done invoking toplevel() on ptolemy.moml.MoMLSimpleApplication@6415cfac
reloadAllAccessors: .CatchUpComposite3

===========================================================================================
----------------- testing Sun Oct 11 15:46:01 UTC 2020 /home/travis/build/icyphy/ptII/ptolemy/actor/lib/hoc/test/auto/CatchUpComposite4.xml
----------------- Instantiating /home/travis/build/icyphy/ptII/ptolemy/actor/lib/hoc/test/auto/CatchUpComposite4.xml
16 ms. Memory: 129024K Free: 98115K (76%)
----------------- Invoking toplevel() on ptolemy.moml.MoMLSimpleApplication@6a8aa523
----------------- Done invoking toplevel() on ptolemy.moml.MoMLSimpleApplication@6a8aa523
reloadAllAccessors: .CatchUpComposite4

===========================================================================================
----------------- testing Sun Oct 11 15:46:01 UTC 2020 /home/travis/build/icyphy/ptII/ptolemy/actor/lib/hoc/test/auto/CatchUpComposite5.xml
----------------- Instantiating /home/travis/build/icyphy/ptII/ptolemy/actor/lib/hoc/test/auto/CatchUpComposite5.xml
9 ms. Memory: 129024K Free: 90742K (70%)
----------------- Invoking toplevel() on ptolemy.moml.MoMLSimpleApplication@64c6945b
----------------- Done invoking toplevel() on ptolemy.moml.MoMLSimpleApplication@64c6945b
reloadAllAccessors: .CatchUpComposite5

===========================================================================================
----------------- testing Sun Oct 11 15:46:01 UTC 2020 /home/travis/build/icyphy/ptII/ptolemy/actor/lib/hoc/test/auto/CatchUpComposite6.xml
----------------- Instantiating /home/travis/build/icyphy/ptII/ptolemy/actor/lib/hoc/test/auto/CatchUpComposite6.xml
WARNING: The execution aspects in this model can influence the timing of actors by delaying the 
execution, potentially changing the behavior. There is no guarantee that actors fire at the 
time they request to be fired. 
Use Ptides for deterministic DE behavior that is not influenced by execution aspects. 

83 ms. Memory: 129024K Free: 76015K (59%)
----------------- Invoking toplevel() on ptolemy.moml.MoMLSimpleApplication@54312b8e
----------------- Done invoking toplevel() on ptolemy.moml.MoMLSimpleApplication@54312b8e
reloadAllAccessors: .CatchUpComposite6

===========================================================================================
----------------- testing Sun Oct 11 15:46:01 UTC 2020 /home/travis/build/icyphy/ptII/ptolemy/actor/lib/hoc/test/auto/CatchUpComposite7.xml
----------------- Instantiating /home/travis/build/icyphy/ptII/ptolemy/actor/lib/hoc/test/auto/CatchUpComposite7.xml
WARNING: The execution aspects in this model can influence the timing of actors by delaying the 
execution, potentially changing the behavior. There is no guarantee that actors fire at the 
time they request to be fired. 
Use Ptides for deterministic DE behavior that is not influenced by execution aspects. 

37 ms. Memory: 129024K Free: 62314K (48%)
----------------- Invoking toplevel() on ptolemy.moml.MoMLSimpleApplication@7f8545f5
----------------- Done invoking toplevel() on ptolemy.moml.MoMLSimpleApplication@7f8545f5
reloadAllAccessors: .CatchUpComposite7

===========================================================================================
----------------- testing Sun Oct 11 15:46:01 UTC 2020 /home/travis/build/icyphy/ptII/ptolemy/actor/lib/hoc/test/auto/ConcurrentExecutionTimeSDF.xml
----------------- Instantiating /home/travis/build/icyphy/ptII/ptolemy/actor/lib/hoc/test/auto/ConcurrentExecutionTimeSDF.xml
Fired ExecutionTime: 40400000
Fired ExecutionTime: 40400000
Fired ExecutionTime: 40400000
Fired ExecutionTime: 40400000
Fired ExecutionTime: 40400000
Fired ExecutionTime: 40400000
Fired ExecutionTime: 40400000
Fired ExecutionTime: 40400000
Fired ExecutionTime: 40400000
Fired ExecutionTime: 40400000
Fired ExecutionTime: 40400000
Fired ExecutionTime: 40400000
Fired ExecutionTime: 40400000
Fired ExecutionTime: 40400000
Fired ExecutionTime: 40400000
Fired ExecutionTime: 40400000
Fired ExecutionTime: 40400000
Fired ExecutionTime: 40400000
Fired ExecutionTime: 40400000
Fired ExecutionTime: 40400000
702 ms. Memory: 163840K Free: 147964K (90%)
----------------- Invoking toplevel() on ptolemy.moml.MoMLSimpleApplication@605cd20
----------------- Done invoking toplevel() on ptolemy.moml.MoMLSimpleApplication@605cd20
reloadAllAccessors: .ConcurrentExecutionTimeSDF

===========================================================================================
----------------- testing Sun Oct 11 15:46:02 UTC 2020 /home/travis/build/icyphy/ptII/ptolemy/actor/lib/hoc/test/auto/ConcurrentSleep.xml
----------------- Instantiating /home/travis/build/icyphy/ptII/ptolemy/actor/lib/hoc/test/auto/ConcurrentSleep.xml
731 ms. Memory: 163840K Free: 137264K (84%)
----------------- Invoking toplevel() on ptolemy.moml.MoMLSimpleApplication@255ef990
----------------- Done invoking toplevel() on ptolemy.moml.MoMLSimpleApplication@255ef990
reloadAllAccessors: .ConcurrentSleep

===========================================================================================
----------------- testing Sun Oct 11 15:46:03 UTC 2020 /home/travis/build/icyphy/ptII/ptolemy/actor/lib/hoc/test/auto/DEInPNInRunCompositeActor.xml
----------------- Instantiating /home/travis/build/icyphy/ptII/ptolemy/actor/lib/hoc/test/auto/DEInPNInRunCompositeActor.xml
12 ms. Memory: 163840K Free: 131835K (80%)
----------------- Invoking toplevel() on ptolemy.moml.MoMLSimpleApplication@2616e387
----------------- Done invoking toplevel() on ptolemy.moml.MoMLSimpleApplication@2616e387
reloadAllAccessors: .DEInPNInRunCompositeActor

===========================================================================================
----------------- testing Sun Oct 11 15:46:03 UTC 2020 /home/travis/build/icyphy/ptII/ptolemy/actor/lib/hoc/test/auto/DFTSubSetTest.xml
----------------- Instantiating /home/travis/build/icyphy/ptII/ptolemy/actor/lib/hoc/test/auto/DFTSubSetTest.xml
162 ms. Memory: 163840K Free: 89191K (54%)
----------------- Invoking toplevel() on ptolemy.moml.MoMLSimpleApplication@4f398a84
----------------- Done invoking toplevel() on ptolemy.moml.MoMLSimpleApplication@4f398a84
reloadAllAccessors: .DFTSubSetTest

===========================================================================================
----------------- testing Sun Oct 11 15:46:03 UTC 2020 /home/travis/build/icyphy/ptII/ptolemy/actor/lib/hoc/test/auto/HocDE.xml
----------------- Instantiating /home/travis/build/icyphy/ptII/ptolemy/actor/lib/hoc/test/auto/HocDE.xml
99 ms. Memory: 163840K Free: 136684K (83%)
----------------- Invoking toplevel() on ptolemy.moml.MoMLSimpleApplication@15630bd3
----------------- Done invoking toplevel() on ptolemy.moml.MoMLSimpleApplication@15630bd3
reloadAllAccessors: .HocDE

===========================================================================================
----------------- testing Sun Oct 11 15:46:03 UTC 2020 /home/travis/build/icyphy/ptII/ptolemy/actor/lib/hoc/test/auto/IterateOverArray.xml
----------------- Instantiating /home/travis/build/icyphy/ptII/ptolemy/actor/lib/hoc/test/auto/IterateOverArray.xml
4 ms. Memory: 163840K Free: 131705K (80%)
----------------- Invoking toplevel() on ptolemy.moml.MoMLSimpleApplication@7d3e9c0c
----------------- Done invoking toplevel() on ptolemy.moml.MoMLSimpleApplication@7d3e9c0c
reloadAllAccessors: .IterateOverArray

===========================================================================================
----------------- testing Sun Oct 11 15:46:03 UTC 2020 /home/travis/build/icyphy/ptII/ptolemy/actor/lib/hoc/test/auto/IterateOverArray10.xml
----------------- Instantiating /home/travis/build/icyphy/ptII/ptolemy/actor/lib/hoc/test/auto/IterateOverArray10.xml
2 ms. Memory: 163840K Free: 128619K (79%)
----------------- Invoking toplevel() on ptolemy.moml.MoMLSimpleApplication@12d5ca9f
----------------- Done invoking toplevel() on ptolemy.moml.MoMLSimpleApplication@12d5ca9f
reloadAllAccessors: .IterateOverArray10

===========================================================================================
----------------- testing Sun Oct 11 15:46:03 UTC 2020 /home/travis/build/icyphy/ptII/ptolemy/actor/lib/hoc/test/auto/IterateOverArray11.xml
----------------- Instantiating /home/travis/build/icyphy/ptII/ptolemy/actor/lib/hoc/test/auto/IterateOverArray11.xml
3 ms. Memory: 163840K Free: 124537K (76%)
----------------- Invoking toplevel() on ptolemy.moml.MoMLSimpleApplication@8aff1cf
----------------- Done invoking toplevel() on ptolemy.moml.MoMLSimpleApplication@8aff1cf
reloadAllAccessors: .IterateOverArray11

===========================================================================================
----------------- testing Sun Oct 11 15:46:03 UTC 2020 /home/travis/build/icyphy/ptII/ptolemy/actor/lib/hoc/test/auto/IterateOverArray12.xml
----------------- Instantiating /home/travis/build/icyphy/ptII/ptolemy/actor/lib/hoc/test/auto/IterateOverArray12.xml
9 ms. Memory: 163840K Free: 118393K (72%)
----------------- Invoking toplevel() on ptolemy.moml.MoMLSimpleApplication@1beb83e6
----------------- Done invoking toplevel() on ptolemy.moml.MoMLSimpleApplication@1beb83e6
reloadAllAccessors: .IterateOverArray12

===========================================================================================
----------------- testing Sun Oct 11 15:46:03 UTC 2020 /home/travis/build/icyphy/ptII/ptolemy/actor/lib/hoc/test/auto/IterateOverArray13.xml
----------------- Instantiating /home/travis/build/icyphy/ptII/ptolemy/actor/lib/hoc/test/auto/IterateOverArray13.xml
61 ms. Memory: 163840K Free: 89301K (55%)
----------------- Invoking toplevel() on ptolemy.moml.MoMLSimpleApplication@31c84d33
----------------- Done invoking toplevel() on ptolemy.moml.MoMLSimpleApplication@31c84d33
reloadAllAccessors: .IterateOverArray13

===========================================================================================
----------------- testing Sun Oct 11 15:46:04 UTC 2020 /home/travis/build/icyphy/ptII/ptolemy/actor/lib/hoc/test/auto/IterateOverArray14.xml
----------------- Instantiating /home/travis/build/icyphy/ptII/ptolemy/actor/lib/hoc/test/auto/IterateOverArray14.xml
59 ms. Memory: 163840K Free: 140031K (85%)
----------------- Invoking toplevel() on ptolemy.moml.MoMLSimpleApplication@29912f68
----------------- Done invoking toplevel() on ptolemy.moml.MoMLSimpleApplication@29912f68
reloadAllAccessors: .IterateOverArray14

===========================================================================================
----------------- testing Sun Oct 11 15:46:04 UTC 2020 /home/travis/build/icyphy/ptII/ptolemy/actor/lib/hoc/test/auto/IterateOverArray2.xml
----------------- Instantiating /home/travis/build/icyphy/ptII/ptolemy/actor/lib/hoc/test/auto/IterateOverArray2.xml
9 ms. Memory: 163840K Free: 134693K (82%)
----------------- Invoking toplevel() on ptolemy.moml.MoMLSimpleApplication@49f8614d
----------------- Done invoking toplevel() on ptolemy.moml.MoMLSimpleApplication@49f8614d
reloadAllAccessors: .IterateOverArray2

===========================================================================================
----------------- testing Sun Oct 11 15:46:04 UTC 2020 /home/travis/build/icyphy/ptII/ptolemy/actor/lib/hoc/test/auto/IterateOverArray3.xml
----------------- Instantiating /home/travis/build/icyphy/ptII/ptolemy/actor/lib/hoc/test/auto/IterateOverArray3.xml
15 ms. Memory: 163840K Free: 128549K (78%)
----------------- Invoking toplevel() on ptolemy.moml.MoMLSimpleApplication@7b205e47
----------------- Done invoking toplevel() on ptolemy.moml.MoMLSimpleApplication@7b205e47
reloadAllAccessors: .IterateOverArray3

===========================================================================================
----------------- testing Sun Oct 11 15:46:04 UTC 2020 /home/travis/build/icyphy/ptII/ptolemy/actor/lib/hoc/test/auto/IterateOverArray4.xml
----------------- Instantiating /home/travis/build/icyphy/ptII/ptolemy/actor/lib/hoc/test/auto/IterateOverArray4.xml
4 ms. Memory: 163840K Free: 124453K (76%)
----------------- Invoking toplevel() on ptolemy.moml.MoMLSimpleApplication@140bb799
----------------- Done invoking toplevel() on ptolemy.moml.MoMLSimpleApplication@140bb799
reloadAllAccessors: .IterateOverArray4

===========================================================================================
----------------- testing Sun Oct 11 15:46:04 UTC 2020 /home/travis/build/icyphy/ptII/ptolemy/actor/lib/hoc/test/auto/IterateOverArray5.xml
----------------- Instantiating /home/travis/build/icyphy/ptII/ptolemy/actor/lib/hoc/test/auto/IterateOverArray5.xml
8 ms. Memory: 163840K Free: 120357K (73%)
----------------- Invoking toplevel() on ptolemy.moml.MoMLSimpleApplication@156bb4ea
----------------- Done invoking toplevel() on ptolemy.moml.MoMLSimpleApplication@156bb4ea
reloadAllAccessors: .IterateOverArray5

===========================================================================================
----------------- testing Sun Oct 11 15:46:04 UTC 2020 /home/travis/build/icyphy/ptII/ptolemy/actor/lib/hoc/test/auto/IterateOverArray6.xml
----------------- Instantiating /home/travis/build/icyphy/ptII/ptolemy/actor/lib/hoc/test/auto/IterateOverArray6.xml
7 ms. Memory: 163840K Free: 116792K (71%)
----------------- Invoking toplevel() on ptolemy.moml.MoMLSimpleApplication@26fdcf67
----------------- Done invoking toplevel() on ptolemy.moml.MoMLSimpleApplication@26fdcf67
reloadAllAccessors: .IterateOverArray6

===========================================================================================
----------------- testing Sun Oct 11 15:46:04 UTC 2020 /home/travis/build/icyphy/ptII/ptolemy/actor/lib/hoc/test/auto/IterateOverArray7.xml
----------------- Instantiating /home/travis/build/icyphy/ptII/ptolemy/actor/lib/hoc/test/auto/IterateOverArray7.xml
5 ms. Memory: 163840K Free: 112165K (68%)
----------------- Invoking toplevel() on ptolemy.moml.MoMLSimpleApplication@41ca35c1
----------------- Done invoking toplevel() on ptolemy.moml.MoMLSimpleApplication@41ca35c1
reloadAllAccessors: .IterateOverArray7

===========================================================================================
----------------- testing Sun Oct 11 15:46:04 UTC 2020 /home/travis/build/icyphy/ptII/ptolemy/actor/lib/hoc/test/auto/IterateOverArray8.xml
----------------- Instantiating /home/travis/build/icyphy/ptII/ptolemy/actor/lib/hoc/test/auto/IterateOverArray8.xml
3 ms. Memory: 163840K Free: 108069K (66%)
----------------- Invoking toplevel() on ptolemy.moml.MoMLSimpleApplication@288bd4a8
----------------- Done invoking toplevel() on ptolemy.moml.MoMLSimpleApplication@288bd4a8
reloadAllAccessors: .IterateOverArray8

===========================================================================================
----------------- testing Sun Oct 11 15:46:04 UTC 2020 /home/travis/build/icyphy/ptII/ptolemy/actor/lib/hoc/test/auto/IterateOverArray9.xml
----------------- Instantiating /home/travis/build/icyphy/ptII/ptolemy/actor/lib/hoc/test/auto/IterateOverArray9.xml
5 ms. Memory: 163840K Free: 103973K (63%)
----------------- Invoking toplevel() on ptolemy.moml.MoMLSimpleApplication@642b9506
----------------- Done invoking toplevel() on ptolemy.moml.MoMLSimpleApplication@642b9506
reloadAllAccessors: .IterateOverArray9

===========================================================================================
----------------- testing Sun Oct 11 15:46:04 UTC 2020 /home/travis/build/icyphy/ptII/ptolemy/actor/lib/hoc/test/auto/IterateOverArrayCoercedOutputType.xml
----------------- Instantiating /home/travis/build/icyphy/ptII/ptolemy/actor/lib/hoc/test/auto/IterateOverArrayCoercedOutputType.xml
4 ms. Memory: 163840K Free: 98853K (60%)
----------------- Invoking toplevel() on ptolemy.moml.MoMLSimpleApplication@154713e4
----------------- Done invoking toplevel() on ptolemy.moml.MoMLSimpleApplication@154713e4
reloadAllAccessors: .IterateOverArrayCoercedOutputType

===========================================================================================
----------------- testing Sun Oct 11 15:46:04 UTC 2020 /home/travis/build/icyphy/ptII/ptolemy/actor/lib/hoc/test/auto/IterateOverArrayInferredOutputType.xml
----------------- Instantiating /home/travis/build/icyphy/ptII/ptolemy/actor/lib/hoc/test/auto/IterateOverArrayInferredOutputType.xml
6 ms. Memory: 163840K Free: 94244K (58%)
----------------- Invoking toplevel() on ptolemy.moml.MoMLSimpleApplication@2437cd90
----------------- Done invoking toplevel() on ptolemy.moml.MoMLSimpleApplication@2437cd90
reloadAllAccessors: .IterateOverArrayInferredOutputType

===========================================================================================
----------------- testing Sun Oct 11 15:46:04 UTC 2020 /home/travis/build/icyphy/ptII/ptolemy/actor/lib/hoc/test/auto/MobileFunctionTest.xml
----------------- Instantiating /home/travis/build/icyphy/ptII/ptolemy/actor/lib/hoc/test/auto/MobileFunctionTest.xml
2 ms. Memory: 163840K Free: 90136K (55%)
----------------- Invoking toplevel() on ptolemy.moml.MoMLSimpleApplication@75f5e336
----------------- Done invoking toplevel() on ptolemy.moml.MoMLSimpleApplication@75f5e336
reloadAllAccessors: .MobileFunctionTest

===========================================================================================
----------------- testing Sun Oct 11 15:46:04 UTC 2020 /home/travis/build/icyphy/ptII/ptolemy/actor/lib/hoc/test/auto/MobileModelTest.xml
----------------- Instantiating /home/travis/build/icyphy/ptII/ptolemy/actor/lib/hoc/test/auto/MobileModelTest.xml
134 ms. Memory: 163840K Free: 69157K (42%)
----------------- Invoking toplevel() on ptolemy.moml.MoMLSimpleApplication@62f0f637
----------------- Done invoking toplevel() on ptolemy.moml.MoMLSimpleApplication@62f0f637
reloadAllAccessors: .MobileModelTest

===========================================================================================
----------------- testing Sun Oct 11 15:46:04 UTC 2020 /home/travis/build/icyphy/ptII/ptolemy/actor/lib/hoc/test/auto/ModelReference.xml
----------------- Instantiating /home/travis/build/icyphy/ptII/ptolemy/actor/lib/hoc/test/auto/ModelReference.xml
2 ms. Memory: 163840K Free: 62472K (38%)
1 ms. Memory: 163840K Free: 61911K (38%)
2 ms. Memory: 163840K Free: 60965K (37%)
2 ms. Memory: 163840K Free: 60414K (37%)
1 ms. Memory: 163840K Free: 59424K (36%)
2 ms. Memory: 163840K Free: 58384K (36%)
1 ms. Memory: 163840K Free: 57879K (35%)
2 ms. Memory: 163840K Free: 56855K (35%)
1 ms. Memory: 163840K Free: 56318K (34%)
4 ms. Memory: 163840K Free: 55328K (34%)
30 ms. Memory: 163840K Free: 55328K (34%)
----------------- Invoking toplevel() on ptolemy.moml.MoMLSimpleApplication@2f84db20
----------------- Done invoking toplevel() on ptolemy.moml.MoMLSimpleApplication@2f84db20
reloadAllAccessors: .ModelReference

===========================================================================================
----------------- testing Sun Oct 11 15:46:04 UTC 2020 /home/travis/build/icyphy/ptII/ptolemy/actor/lib/hoc/test/auto/ModelReference3.xml
----------------- Instantiating /home/travis/build/icyphy/ptII/ptolemy/actor/lib/hoc/test/auto/ModelReference3.xml
2 ms. Memory: 163840K Free: 144311K (88%)
4 ms. Memory: 163840K Free: 143276K (87%)
2 ms. Memory: 163840K Free: 142296K (87%)
6 ms. Memory: 163840K Free: 141748K (87%)
3 ms. Memory: 163840K Free: 140746K (86%)
2 ms. Memory: 163840K Free: 140200K (86%)
3 ms. Memory: 163840K Free: 139224K (85%)
3 ms. Memory: 163840K Free: 138206K (84%)
2 ms. Memory: 163840K Free: 137652K (84%)
2 ms. Memory: 163840K Free: 136650K (83%)
36 ms. Memory: 163840K Free: 136650K (83%)
----------------- Invoking toplevel() on ptolemy.moml.MoMLSimpleApplication@4216e5ce
----------------- Done invoking toplevel() on ptolemy.moml.MoMLSimpleApplication@4216e5ce
reloadAllAccessors: .ModelReference3

===========================================================================================
----------------- testing Sun Oct 11 15:46:04 UTC 2020 /home/travis/build/icyphy/ptII/ptolemy/actor/lib/hoc/test/auto/ModelReference4.xml
----------------- Instantiating /home/travis/build/icyphy/ptII/ptolemy/actor/lib/hoc/test/auto/ModelReference4.xml
3 ms. Memory: 163840K Free: 132024K (81%)
2 ms. Memory: 163840K Free: 130468K (80%)
2 ms. Memory: 163840K Free: 129452K (79%)
2 ms. Memory: 163840K Free: 127944K (78%)
2 ms. Memory: 163840K Free: 126928K (77%)
2 ms. Memory: 163840K Free: 125912K (77%)
2 ms. Memory: 163840K Free: 124362K (76%)
3 ms. Memory: 163840K Free: 123316K (75%)
2 ms. Memory: 163840K Free: 121792K (74%)
2 ms. Memory: 163840K Free: 120776K (74%)
10014 ms. Memory: 163840K Free: 120776K (74%)
----------------- Invoking toplevel() on ptolemy.moml.MoMLSimpleApplication@4943d576
----------------- Done invoking toplevel() on ptolemy.moml.MoMLSimpleApplication@4943d576
reloadAllAccessors: .ModelReference4

===========================================================================================
----------------- testing Sun Oct 11 15:46:14 UTC 2020 /home/travis/build/icyphy/ptII/ptolemy/actor/lib/hoc/test/auto/MultiInstanceComposite.xml
----------------- Instantiating /home/travis/build/icyphy/ptII/ptolemy/actor/lib/hoc/test/auto/MultiInstanceComposite.xml
20 ms. Memory: 163840K Free: 101834K (62%)
----------------- Invoking toplevel() on ptolemy.moml.MoMLSimpleApplication@6eaab53b
----------------- Done invoking toplevel() on ptolemy.moml.MoMLSimpleApplication@6eaab53b
reloadAllAccessors: .MultiInstanceComposite

===========================================================================================
----------------- testing Sun Oct 11 15:46:14 UTC 2020 /home/travis/build/icyphy/ptII/ptolemy/actor/lib/hoc/test/auto/MultiInstanceComposite2.xml
----------------- Instantiating /home/travis/build/icyphy/ptII/ptolemy/actor/lib/hoc/test/auto/MultiInstanceComposite2.xml
13 ms. Memory: 163840K Free: 90556K (55%)
----------------- Invoking toplevel() on ptolemy.moml.MoMLSimpleApplication@6137890a
----------------- Done invoking toplevel() on ptolemy.moml.MoMLSimpleApplication@6137890a
reloadAllAccessors: .MultiInstanceComposite2

===========================================================================================
----------------- testing Sun Oct 11 15:46:14 UTC 2020 /home/travis/build/icyphy/ptII/ptolemy/actor/lib/hoc/test/auto/MulticoreExecution.xml
----------------- Instantiating /home/travis/build/icyphy/ptII/ptolemy/actor/lib/hoc/test/auto/MulticoreExecution.xml
Fired ExecutionTime: 32800000
Fired ExecutionTime: 39200000
Fired ExecutionTime: 58000000
Fired ExecutionTime: 35600000
Fired ExecutionTime: 60800000
Fired ExecutionTime: 54400000
Fired ExecutionTime: 33200000
Fired ExecutionTime: 36000000
Fired ExecutionTime: 57600000
Fired ExecutionTime: 59600000
Fired ExecutionTime: 60400000
Fired ExecutionTime: 60000000
Fired ExecutionTime: 28400000
Fired ExecutionTime: 63200000
Fired ExecutionTime: 53600000
Fired ExecutionTime: 32800000
Fired ExecutionTime: 60000000
Fired ExecutionTime: 58400000
Fired ExecutionTime: 61600000
Fired ExecutionTime: 54000000
1051 ms. Memory: 163840K Free: 81832K (50%)
----------------- Invoking toplevel() on ptolemy.moml.MoMLSimpleApplication@66fa6226
----------------- Done invoking toplevel() on ptolemy.moml.MoMLSimpleApplication@66fa6226
reloadAllAccessors: .MulticoreExecution

===========================================================================================
----------------- testing Sun Oct 11 15:46:15 UTC 2020 /home/travis/build/icyphy/ptII/ptolemy/actor/lib/hoc/test/auto/ParallelExecution.xml
----------------- Instantiating /home/travis/build/icyphy/ptII/ptolemy/actor/lib/hoc/test/auto/ParallelExecution.xml
920 ms. Memory: 163840K Free: 74186K (45%)
----------------- Invoking toplevel() on ptolemy.moml.MoMLSimpleApplication@743be8b1
----------------- Done invoking toplevel() on ptolemy.moml.MoMLSimpleApplication@743be8b1
reloadAllAccessors: .ParallelExecution

===========================================================================================
----------------- testing Sun Oct 11 15:46:16 UTC 2020 /home/travis/build/icyphy/ptII/ptolemy/actor/lib/hoc/test/auto/RunCompositeActor.xml
----------------- Instantiating /home/travis/build/icyphy/ptII/ptolemy/actor/lib/hoc/test/auto/RunCompositeActor.xml
7 ms. Memory: 163840K Free: 67004K (41%)
----------------- Invoking toplevel() on ptolemy.moml.MoMLSimpleApplication@c5ff260
----------------- Done invoking toplevel() on ptolemy.moml.MoMLSimpleApplication@c5ff260
reloadAllAccessors: .RunCompositeActor

===========================================================================================
----------------- testing Sun Oct 11 15:46:16 UTC 2020 /home/travis/build/icyphy/ptII/ptolemy/actor/lib/hoc/test/auto/RunCompositeActor2.xml
----------------- Instantiating /home/travis/build/icyphy/ptII/ptolemy/actor/lib/hoc/test/auto/RunCompositeActor2.xml
8 ms. Memory: 163840K Free: 60860K (37%)
----------------- Invoking toplevel() on ptolemy.moml.MoMLSimpleApplication@30be7860
----------------- Done invoking toplevel() on ptolemy.moml.MoMLSimpleApplication@30be7860
reloadAllAccessors: .RunCompositeActor2

===========================================================================================
----------------- testing Sun Oct 11 15:46:16 UTC 2020 /home/travis/build/icyphy/ptII/ptolemy/actor/lib/hoc/test/auto/RunCompositeActor3.xml
----------------- Instantiating /home/travis/build/icyphy/ptII/ptolemy/actor/lib/hoc/test/auto/RunCompositeActor3.xml
4 ms. Memory: 163840K Free: 55240K (34%)
----------------- Invoking toplevel() on ptolemy.moml.MoMLSimpleApplication@600c8b01
----------------- Done invoking toplevel() on ptolemy.moml.MoMLSimpleApplication@600c8b01
reloadAllAccessors: .RunCompositeActor3

===========================================================================================
----------------- testing Sun Oct 11 15:46:17 UTC 2020 /home/travis/build/icyphy/ptII/ptolemy/actor/lib/hoc/test/auto/RunCompositeActor4.xml
----------------- Instantiating /home/travis/build/icyphy/ptII/ptolemy/actor/lib/hoc/test/auto/RunCompositeActor4.xml
11 ms. Memory: 197632K Free: 176360K (89%)
----------------- Invoking toplevel() on ptolemy.moml.MoMLSimpleApplication@518330c3
----------------- Done invoking toplevel() on ptolemy.moml.MoMLSimpleApplication@518330c3
reloadAllAccessors: .RunCompositeActor4

===========================================================================================
----------------- testing Sun Oct 11 15:46:17 UTC 2020 /home/travis/build/icyphy/ptII/ptolemy/actor/lib/hoc/test/auto/RunCompositeIterateOverArray.xml
----------------- Instantiating /home/travis/build/icyphy/ptII/ptolemy/actor/lib/hoc/test/auto/RunCompositeIterateOverArray.xml
5 ms. Memory: 197632K Free: 170230K (86%)
----------------- Invoking toplevel() on ptolemy.moml.MoMLSimpleApplication@35fb141f
----------------- Done invoking toplevel() on ptolemy.moml.MoMLSimpleApplication@35fb141f
reloadAllAccessors: .RunCompositeIterateOverArray

===========================================================================================
----------------- testing Sun Oct 11 15:46:17 UTC 2020 /home/travis/build/icyphy/ptII/ptolemy/actor/lib/hoc/test/auto/ThreadedJS.xml
----------------- Instantiating /home/travis/build/icyphy/ptII/ptolemy/actor/lib/hoc/test/auto/ThreadedJS.xml
5047 ms. Memory: 237568K Free: 105472K (44%)
----------------- Invoking toplevel() on ptolemy.moml.MoMLSimpleApplication@674deca4
----------------- Done invoking toplevel() on ptolemy.moml.MoMLSimpleApplication@674deca4
reloadAllAccessors: .ThreadedJS
AutoTests.java: About to close Vertx.
AutoTests.java: Vertx closed.
]]></system-out>
  <system-err><![CDATA[java.lang.RuntimeException: Execution failed
	at ptolemy.moml.MoMLSimpleApplication$UnloadThread.run(MoMLSimpleApplication.java:402)
Caused by: ptolemy.kernel.util.IllegalActionException: initialize() was called after wrapup() was called but preinitialize() was not called after wrapup().
	at ptolemy.actor.lib.hoc.test.PreinitializeMustBeInvoked.initialize(PreinitializeMustBeInvoked.java:78)
	at ptolemy.actor.Director.initialize(Director.java:938)
	at ptolemy.actor.Director.initialize(Director.java:907)
	at ptolemy.actor.sched.StaticSchedulingDirector.initialize(StaticSchedulingDirector.java:159)
	at ptolemy.domains.sdf.kernel.SDFDirector.initialize(SDFDirector.java:544)
	at ptolemy.actor.CompositeActor.initialize(CompositeActor.java:935)
	at ptolemy.actor.lib.hoc.LifeCycleManager._executeInsideModel(LifeCycleManager.java:339)
	at ptolemy.actor.lib.hoc.RunCompositeActor.fire(RunCompositeActor.java:205)
	at ptolemy.actor.CompositeActor.iterate(CompositeActor.java:1146)
	at ptolemy.actor.sched.StaticSchedulingDirector.fire(StaticSchedulingDirector.java:216)
	at ptolemy.domains.sdf.kernel.SDFDirector.fire(SDFDirector.java:500)
	at ptolemy.actor.CompositeActor.fire(CompositeActor.java:455)
	at ptolemy.actor.Manager.iterate(Manager.java:851)
	at ptolemy.actor.Manager.execute(Manager.java:369)
	at ptolemy.actor.Manager.run(Manager.java:1263)
	at ptolemy.actor.Manager$PtolemyRunThread.run(Manager.java:1933)
java.lang.reflect.InvocationTargetException
	at java.base/jdk.internal.reflect.NativeConstructorAccessorImpl.newInstance0(Native Method)
	at java.base/jdk.internal.reflect.NativeConstructorAccessorImpl.newInstance(NativeConstructorAccessorImpl.java:62)
	at java.base/jdk.internal.reflect.DelegatingConstructorAccessorImpl.newInstance(DelegatingConstructorAccessorImpl.java:45)
	at java.base/java.lang.reflect.Constructor.newInstance(Constructor.java:490)
	at ptolemy.util.test.junit.AutoKnownFailedTests.RunModel(AutoKnownFailedTests.java:105)
	at java.base/jdk.internal.reflect.NativeMethodAccessorImpl.invoke0(Native Method)
	at java.base/jdk.internal.reflect.NativeMethodAccessorImpl.invoke(NativeMethodAccessorImpl.java:62)
	at java.base/jdk.internal.reflect.DelegatingMethodAccessorImpl.invoke(DelegatingMethodAccessorImpl.java:43)
	at java.base/java.lang.reflect.Method.invoke(Method.java:566)
	at org.junit.runners.model.FrameworkMethod$1.runReflectiveCall(FrameworkMethod.java:44)
	at org.junit.internal.runners.model.ReflectiveCallable.run(ReflectiveCallable.java:15)
	at org.junit.runners.model.FrameworkMethod.invokeExplosively(FrameworkMethod.java:41)
	at junitparams.internal.InvokeParameterisedMethod.evaluate(InvokeParameterisedMethod.java:102)
	at org.junit.internal.runners.statements.FailOnTimeout$1.run(FailOnTimeout.java:28)
Caused by: ptolemy.kernel.util.IllegalActionException: initialize() was called after wrapup() was called but preinitialize() was not called after wrapup().
	at ptolemy.actor.lib.hoc.test.PreinitializeMustBeInvoked.initialize(PreinitializeMustBeInvoked.java:78)
	at ptolemy.actor.Director.initialize(Director.java:938)
	at ptolemy.actor.Director.initialize(Director.java:907)
	at ptolemy.actor.sched.StaticSchedulingDirector.initialize(StaticSchedulingDirector.java:159)
	at ptolemy.domains.sdf.kernel.SDFDirector.initialize(SDFDirector.java:544)
	at ptolemy.actor.CompositeActor.initialize(CompositeActor.java:935)
	at ptolemy.actor.lib.hoc.LifeCycleManager._executeInsideModel(LifeCycleManager.java:339)
	at ptolemy.actor.lib.hoc.RunCompositeActor.fire(RunCompositeActor.java:205)
	at ptolemy.actor.CompositeActor.iterate(CompositeActor.java:1146)
	at ptolemy.actor.sched.StaticSchedulingDirector.fire(StaticSchedulingDirector.java:216)
	at ptolemy.domains.sdf.kernel.SDFDirector.fire(SDFDirector.java:500)
	at ptolemy.actor.CompositeActor.fire(CompositeActor.java:455)
	at ptolemy.actor.Manager.iterate(Manager.java:851)
	at ptolemy.actor.Manager.execute(Manager.java:369)
	at ptolemy.actor.Manager.run(Manager.java:1263)
	at ptolemy.actor.Manager$PtolemyRunThread.run(Manager.java:1933)
Warning: Nashorn engine is planned to be removed from a future JDK release
Warning: Nashorn engine is planned to be removed from a future JDK release
Warning: Nashorn engine is planned to be removed from a future JDK release
Warning: Nashorn engine is planned to be removed from a future JDK release
Warning: Nashorn engine is planned to be removed from a future JDK release
Warning: Nashorn engine is planned to be removed from a future JDK release
Warning: Nashorn engine is planned to be removed from a future JDK release
Warning: Nashorn engine is planned to be removed from a future JDK release
]]></system-err>
</testsuite>
