<?xml version="1.0" encoding="UTF-8" ?>
<testsuite errors="0" failures="0" hostname="travis-job-d6cddc7f-aa7b-477e-b75f-3a3dba11ee7f" name="ptolemy.actor.lib.hoc.test.junit.JUnitTclTest" skipped="0" tests="58" time="35.161" timestamp="2019-10-10T16:42:51">
  <properties>
[...]
</properties>
  <testcase classname="ptolemy.util.test.junit.TclTests" name="[0] /home/travis/build/icyphy/ptII/ptolemy/actor/lib/hoc/test/IterateOverArray.tcl (RunTclFile)" time="0.297" />
  <testcase classname="ptolemy.util.test.junit.AutoKnownFailedTests" name="[0] /home/travis/build/icyphy/ptII/ptolemy/actor/lib/hoc/test/auto/knownFailedTests/PreinitializeMustBeInvokedRunComposite.xml (RunModel)" time="0.486" />
  <testcase classname="ptolemy.util.test.junit.AutoNameArchTests" name="[0] ThereAreNoAutoArchTests (RunModel)" time="0.011" />
  <testcase classname="ptolemy.util.test.junit.AutoTests" name="[0] /home/travis/build/icyphy/ptII/ptolemy/actor/lib/hoc/test/auto/AllToAllMultiInstanceComposite.xml (RunModel)" time="0.368" />
  <testcase classname="ptolemy.util.test.junit.AutoTests" name="[1] /home/travis/build/icyphy/ptII/ptolemy/actor/lib/hoc/test/auto/ApplyFFTTest.xml (RunModel)" time="0.437" />
  <testcase classname="ptolemy.util.test.junit.AutoTests" name="[2] /home/travis/build/icyphy/ptII/ptolemy/actor/lib/hoc/test/auto/ApplyFunction.xml (RunModel)" time="0.042" />
  <testcase classname="ptolemy.util.test.junit.AutoTests" name="[3] /home/travis/build/icyphy/ptII/ptolemy/actor/lib/hoc/test/auto/BackgroundExecution.xml (RunModel)" time="0.71" />
  <testcase classname="ptolemy.util.test.junit.AutoTests" name="[4] /home/travis/build/icyphy/ptII/ptolemy/actor/lib/hoc/test/auto/Case.xml (RunModel)" time="0.094" />
  <testcase classname="ptolemy.util.test.junit.AutoTests" name="[5] /home/travis/build/icyphy/ptII/ptolemy/actor/lib/hoc/test/auto/Case1.xml (RunModel)" time="0.107" />
  <testcase classname="ptolemy.util.test.junit.AutoTests" name="[6] /home/travis/build/icyphy/ptII/ptolemy/actor/lib/hoc/test/auto/Case2.xml (RunModel)" time="0.162" />
  <testcase classname="ptolemy.util.test.junit.AutoTests" name="[7] /home/travis/build/icyphy/ptII/ptolemy/actor/lib/hoc/test/auto/Case3.xml (RunModel)" time="0.075" />
  <testcase classname="ptolemy.util.test.junit.AutoTests" name="[8] /home/travis/build/icyphy/ptII/ptolemy/actor/lib/hoc/test/auto/Case4.xml (RunModel)" time="0.097" />
  <testcase classname="ptolemy.util.test.junit.AutoTests" name="[9] /home/travis/build/icyphy/ptII/ptolemy/actor/lib/hoc/test/auto/Case5.xml (RunModel)" time="0.08" />
  <testcase classname="ptolemy.util.test.junit.AutoTests" name="[10] /home/travis/build/icyphy/ptII/ptolemy/actor/lib/hoc/test/auto/Case6.xml (RunModel)" time="0.106" />
  <testcase classname="ptolemy.util.test.junit.AutoTests" name="[11] /home/travis/build/icyphy/ptII/ptolemy/actor/lib/hoc/test/auto/CaseString2.xml (RunModel)" time="0.064" />
  <testcase classname="ptolemy.util.test.junit.AutoTests" name="[12] /home/travis/build/icyphy/ptII/ptolemy/actor/lib/hoc/test/auto/CatchUpComposite1.xml (RunModel)" time="0.111" />
  <testcase classname="ptolemy.util.test.junit.AutoTests" name="[13] /home/travis/build/icyphy/ptII/ptolemy/actor/lib/hoc/test/auto/CatchUpComposite2.xml (RunModel)" time="0.073" />
  <testcase classname="ptolemy.util.test.junit.AutoTests" name="[14] /home/travis/build/icyphy/ptII/ptolemy/actor/lib/hoc/test/auto/CatchUpComposite3.xml (RunModel)" time="0.061" />
  <testcase classname="ptolemy.util.test.junit.AutoTests" name="[15] /home/travis/build/icyphy/ptII/ptolemy/actor/lib/hoc/test/auto/CatchUpComposite4.xml (RunModel)" time="0.051" />
  <testcase classname="ptolemy.util.test.junit.AutoTests" name="[16] /home/travis/build/icyphy/ptII/ptolemy/actor/lib/hoc/test/auto/CatchUpComposite5.xml (RunModel)" time="0.059" />
  <testcase classname="ptolemy.util.test.junit.AutoTests" name="[17] /home/travis/build/icyphy/ptII/ptolemy/actor/lib/hoc/test/auto/CatchUpComposite6.xml (RunModel)" time="0.197" />
  <testcase classname="ptolemy.util.test.junit.AutoTests" name="[18] /home/travis/build/icyphy/ptII/ptolemy/actor/lib/hoc/test/auto/CatchUpComposite7.xml (RunModel)" time="0.105" />
  <testcase classname="ptolemy.util.test.junit.AutoTests" name="[19] /home/travis/build/icyphy/ptII/ptolemy/actor/lib/hoc/test/auto/ConcurrentExecutionTimeSDF.xml (RunModel)" time="1.672" />
  <testcase classname="ptolemy.util.test.junit.AutoTests" name="[20] /home/travis/build/icyphy/ptII/ptolemy/actor/lib/hoc/test/auto/ConcurrentSleep.xml (RunModel)" time="0.796" />
  <testcase classname="ptolemy.util.test.junit.AutoTests" name="[21] /home/travis/build/icyphy/ptII/ptolemy/actor/lib/hoc/test/auto/DEInPNInRunCompositeActor.xml (RunModel)" time="0.044" />
  <testcase classname="ptolemy.util.test.junit.AutoTests" name="[22] /home/travis/build/icyphy/ptII/ptolemy/actor/lib/hoc/test/auto/DFTSubSetTest.xml (RunModel)" time="0.395" />
  <testcase classname="ptolemy.util.test.junit.AutoTests" name="[23] /home/travis/build/icyphy/ptII/ptolemy/actor/lib/hoc/test/auto/HocDE.xml (RunModel)" time="0.212" />
  <testcase classname="ptolemy.util.test.junit.AutoTests" name="[24] /home/travis/build/icyphy/ptII/ptolemy/actor/lib/hoc/test/auto/IterateOverArray.xml (RunModel)" time="0.024" />
  <testcase classname="ptolemy.util.test.junit.AutoTests" name="[25] /home/travis/build/icyphy/ptII/ptolemy/actor/lib/hoc/test/auto/IterateOverArray10.xml (RunModel)" time="0.036" />
  <testcase classname="ptolemy.util.test.junit.AutoTests" name="[26] /home/travis/build/icyphy/ptII/ptolemy/actor/lib/hoc/test/auto/IterateOverArray11.xml (RunModel)" time="0.032" />
  <testcase classname="ptolemy.util.test.junit.AutoTests" name="[27] /home/travis/build/icyphy/ptII/ptolemy/actor/lib/hoc/test/auto/IterateOverArray12.xml (RunModel)" time="0.042" />
  <testcase classname="ptolemy.util.test.junit.AutoTests" name="[28] /home/travis/build/icyphy/ptII/ptolemy/actor/lib/hoc/test/auto/IterateOverArray13.xml (RunModel)" time="0.183" />
  <testcase classname="ptolemy.util.test.junit.AutoTests" name="[29] /home/travis/build/icyphy/ptII/ptolemy/actor/lib/hoc/test/auto/IterateOverArray14.xml (RunModel)" time="0.169" />
  <testcase classname="ptolemy.util.test.junit.AutoTests" name="[30] /home/travis/build/icyphy/ptII/ptolemy/actor/lib/hoc/test/auto/IterateOverArray2.xml (RunModel)" time="0.023" />
  <testcase classname="ptolemy.util.test.junit.AutoTests" name="[31] /home/travis/build/icyphy/ptII/ptolemy/actor/lib/hoc/test/auto/IterateOverArray3.xml (RunModel)" time="0.044" />
  <testcase classname="ptolemy.util.test.junit.AutoTests" name="[32] /home/travis/build/icyphy/ptII/ptolemy/actor/lib/hoc/test/auto/IterateOverArray4.xml (RunModel)" time="0.028" />
  <testcase classname="ptolemy.util.test.junit.AutoTests" name="[33] /home/travis/build/icyphy/ptII/ptolemy/actor/lib/hoc/test/auto/IterateOverArray5.xml (RunModel)" time="0.02" />
  <testcase classname="ptolemy.util.test.junit.AutoTests" name="[34] /home/travis/build/icyphy/ptII/ptolemy/actor/lib/hoc/test/auto/IterateOverArray6.xml (RunModel)" time="0.021" />
  <testcase classname="ptolemy.util.test.junit.AutoTests" name="[35] /home/travis/build/icyphy/ptII/ptolemy/actor/lib/hoc/test/auto/IterateOverArray7.xml (RunModel)" time="0.021" />
  <testcase classname="ptolemy.util.test.junit.AutoTests" name="[36] /home/travis/build/icyphy/ptII/ptolemy/actor/lib/hoc/test/auto/IterateOverArray8.xml (RunModel)" time="0.021" />
  <testcase classname="ptolemy.util.test.junit.AutoTests" name="[37] /home/travis/build/icyphy/ptII/ptolemy/actor/lib/hoc/test/auto/IterateOverArray9.xml (RunModel)" time="0.031" />
  <testcase classname="ptolemy.util.test.junit.AutoTests" name="[38] /home/travis/build/icyphy/ptII/ptolemy/actor/lib/hoc/test/auto/IterateOverArrayCoercedOutputType.xml (RunModel)" time="0.054" />
  <testcase classname="ptolemy.util.test.junit.AutoTests" name="[39] /home/travis/build/icyphy/ptII/ptolemy/actor/lib/hoc/test/auto/IterateOverArrayInferredOutputType.xml (RunModel)" time="0.03" />
  <testcase classname="ptolemy.util.test.junit.AutoTests" name="[40] /home/travis/build/icyphy/ptII/ptolemy/actor/lib/hoc/test/auto/MobileFunctionTest.xml (RunModel)" time="0.029" />
  <testcase classname="ptolemy.util.test.junit.AutoTests" name="[41] /home/travis/build/icyphy/ptII/ptolemy/actor/lib/hoc/test/auto/MobileModelTest.xml (RunModel)" time="0.201" />
  <testcase classname="ptolemy.util.test.junit.AutoTests" name="[42] /home/travis/build/icyphy/ptII/ptolemy/actor/lib/hoc/test/auto/ModelReference.xml (RunModel)" time="0.087" />
  <testcase classname="ptolemy.util.test.junit.AutoTests" name="[43] /home/travis/build/icyphy/ptII/ptolemy/actor/lib/hoc/test/auto/ModelReference3.xml (RunModel)" time="0.053" />
  <testcase classname="ptolemy.util.test.junit.AutoTests" name="[44] /home/travis/build/icyphy/ptII/ptolemy/actor/lib/hoc/test/auto/ModelReference4.xml (RunModel)" time="10.038" />
  <testcase classname="ptolemy.util.test.junit.AutoTests" name="[45] /home/travis/build/icyphy/ptII/ptolemy/actor/lib/hoc/test/auto/MultiInstanceComposite.xml (RunModel)" time="0.06" />
  <testcase classname="ptolemy.util.test.junit.AutoTests" name="[46] /home/travis/build/icyphy/ptII/ptolemy/actor/lib/hoc/test/auto/MultiInstanceComposite2.xml (RunModel)" time="0.036" />
  <testcase classname="ptolemy.util.test.junit.AutoTests" name="[47] /home/travis/build/icyphy/ptII/ptolemy/actor/lib/hoc/test/auto/MulticoreExecution.xml (RunModel)" time="1.117" />
  <testcase classname="ptolemy.util.test.junit.AutoTests" name="[48] /home/travis/build/icyphy/ptII/ptolemy/actor/lib/hoc/test/auto/ParallelExecution.xml (RunModel)" time="0.961" />
  <testcase classname="ptolemy.util.test.junit.AutoTests" name="[49] /home/travis/build/icyphy/ptII/ptolemy/actor/lib/hoc/test/auto/RunCompositeActor.xml (RunModel)" time="0.034" />
  <testcase classname="ptolemy.util.test.junit.AutoTests" name="[50] /home/travis/build/icyphy/ptII/ptolemy/actor/lib/hoc/test/auto/RunCompositeActor2.xml (RunModel)" time="0.026" />
  <testcase classname="ptolemy.util.test.junit.AutoTests" name="[51] /home/travis/build/icyphy/ptII/ptolemy/actor/lib/hoc/test/auto/RunCompositeActor3.xml (RunModel)" time="0.026" />
  <testcase classname="ptolemy.util.test.junit.AutoTests" name="[52] /home/travis/build/icyphy/ptII/ptolemy/actor/lib/hoc/test/auto/RunCompositeActor4.xml (RunModel)" time="0.028" />
  <testcase classname="ptolemy.util.test.junit.AutoTests" name="[53] /home/travis/build/icyphy/ptII/ptolemy/actor/lib/hoc/test/auto/RunCompositeIterateOverArray.xml (RunModel)" time="0.05" />
  <testcase classname="ptolemy.util.test.junit.AutoTests" name="[54] /home/travis/build/icyphy/ptII/ptolemy/actor/lib/hoc/test/auto/ThreadedJS.xml (RunModel)" time="13.963" />
  <system-out><![CDATA[/home/travis/build/icyphy/ptII/ptolemy/actor/lib/hoc/test/IterateOverArray.tcl
testDefs.tcl: setting time out to 9000 seconds at Thu Oct 10 16:42:51 UTC 2019
10/10/19 04:42:51
Failed: 0  Total Tests: 2  ((Passed: 2, Newly Passed: 0)  Known Failed: 0) /home/travis/build/icyphy/ptII/ptolemy/actor/lib/hoc/test
----------------- testing (KnownFailure) /home/travis/build/icyphy/ptII/ptolemy/actor/lib/hoc/test/auto/knownFailedTests/PreinitializeMustBeInvokedRunComposite.xml
104 ms. Memory: 120832K Free: 79816K (66%)
Known Failure: java.lang.reflect.InvocationTargetException
No auto/linux-amd64/*.xml tests in /home/travis/build/icyphy/ptII/ptolemy/actor/lib/hoc/test
AutoTests.java: About to close Vertx.
AutoTests.java: Vertx closed.

===========================================================================================
----------------- testing Thu Oct 10 16:42:52 UTC 2019 /home/travis/build/icyphy/ptII/ptolemy/actor/lib/hoc/test/auto/AllToAllMultiInstanceComposite.xml
----------------- Instantiating /home/travis/build/icyphy/ptII/ptolemy/actor/lib/hoc/test/auto/AllToAllMultiInstanceComposite.xml
182 ms. Memory: 120832K Free: 99565K (82%)
----------------- Invoking toplevel() on ptolemy.moml.MoMLSimpleApplication@75247721
----------------- Done invoking toplevel() on ptolemy.moml.MoMLSimpleApplication@75247721
reloadAllAccessors: .AllToAllMultiInstanceComposite

===========================================================================================
----------------- testing Thu Oct 10 16:42:53 UTC 2019 /home/travis/build/icyphy/ptII/ptolemy/actor/lib/hoc/test/auto/ApplyFFTTest.xml
----------------- Instantiating /home/travis/build/icyphy/ptII/ptolemy/actor/lib/hoc/test/auto/ApplyFFTTest.xml
134 ms. Memory: 120832K Free: 80496K (67%)
----------------- Invoking toplevel() on ptolemy.moml.MoMLSimpleApplication@66870d8e
----------------- Done invoking toplevel() on ptolemy.moml.MoMLSimpleApplication@66870d8e
reloadAllAccessors: .ApplyFFTTest

===========================================================================================
----------------- testing Thu Oct 10 16:42:53 UTC 2019 /home/travis/build/icyphy/ptII/ptolemy/actor/lib/hoc/test/auto/ApplyFunction.xml
----------------- Instantiating /home/travis/build/icyphy/ptII/ptolemy/actor/lib/hoc/test/auto/ApplyFunction.xml
5 ms. Memory: 120832K Free: 77566K (64%)
----------------- Invoking toplevel() on ptolemy.moml.MoMLSimpleApplication@736b6fc
----------------- Done invoking toplevel() on ptolemy.moml.MoMLSimpleApplication@736b6fc
reloadAllAccessors: .ApplyFunction

===========================================================================================
----------------- testing Thu Oct 10 16:42:53 UTC 2019 /home/travis/build/icyphy/ptII/ptolemy/actor/lib/hoc/test/auto/BackgroundExecution.xml
----------------- Instantiating /home/travis/build/icyphy/ptII/ptolemy/actor/lib/hoc/test/auto/BackgroundExecution.xml
642 ms. Memory: 120832K Free: 101206K (84%)
----------------- Invoking toplevel() on ptolemy.moml.MoMLSimpleApplication@1e2b519a
----------------- Done invoking toplevel() on ptolemy.moml.MoMLSimpleApplication@1e2b519a
reloadAllAccessors: .BackgroundExecution

===========================================================================================
----------------- testing Thu Oct 10 16:42:54 UTC 2019 /home/travis/build/icyphy/ptII/ptolemy/actor/lib/hoc/test/auto/Case.xml
----------------- Instantiating /home/travis/build/icyphy/ptII/ptolemy/actor/lib/hoc/test/auto/Case.xml
44 ms. Memory: 120832K Free: 93984K (78%)
----------------- Invoking toplevel() on ptolemy.moml.MoMLSimpleApplication@89ece1e
----------------- Done invoking toplevel() on ptolemy.moml.MoMLSimpleApplication@89ece1e
reloadAllAccessors: .Case

===========================================================================================
----------------- testing Thu Oct 10 16:42:54 UTC 2019 /home/travis/build/icyphy/ptII/ptolemy/actor/lib/hoc/test/auto/Case1.xml
----------------- Instantiating /home/travis/build/icyphy/ptII/ptolemy/actor/lib/hoc/test/auto/Case1.xml
33 ms. Memory: 120832K Free: 87493K (72%)
----------------- Invoking toplevel() on ptolemy.moml.MoMLSimpleApplication@44fc38be
----------------- Done invoking toplevel() on ptolemy.moml.MoMLSimpleApplication@44fc38be
reloadAllAccessors: .Case1

===========================================================================================
----------------- testing Thu Oct 10 16:42:54 UTC 2019 /home/travis/build/icyphy/ptII/ptolemy/actor/lib/hoc/test/auto/Case2.xml
----------------- Instantiating /home/travis/build/icyphy/ptII/ptolemy/actor/lib/hoc/test/auto/Case2.xml
62 ms. Memory: 120832K Free: 77258K (64%)
----------------- Invoking toplevel() on ptolemy.moml.MoMLSimpleApplication@55a20457
----------------- Done invoking toplevel() on ptolemy.moml.MoMLSimpleApplication@55a20457
reloadAllAccessors: .Case2

===========================================================================================
----------------- testing Thu Oct 10 16:42:54 UTC 2019 /home/travis/build/icyphy/ptII/ptolemy/actor/lib/hoc/test/auto/Case3.xml
----------------- Instantiating /home/travis/build/icyphy/ptII/ptolemy/actor/lib/hoc/test/auto/Case3.xml
26 ms. Memory: 120832K Free: 71311K (59%)
----------------- Invoking toplevel() on ptolemy.moml.MoMLSimpleApplication@dee437c
----------------- Done invoking toplevel() on ptolemy.moml.MoMLSimpleApplication@dee437c
reloadAllAccessors: .Case3

===========================================================================================
----------------- testing Thu Oct 10 16:42:54 UTC 2019 /home/travis/build/icyphy/ptII/ptolemy/actor/lib/hoc/test/auto/Case4.xml
----------------- Instantiating /home/travis/build/icyphy/ptII/ptolemy/actor/lib/hoc/test/auto/Case4.xml
27 ms. Memory: 120832K Free: 102303K (85%)
----------------- Invoking toplevel() on ptolemy.moml.MoMLSimpleApplication@5692fb53
----------------- Done invoking toplevel() on ptolemy.moml.MoMLSimpleApplication@5692fb53
reloadAllAccessors: .Case4

===========================================================================================
----------------- testing Thu Oct 10 16:42:54 UTC 2019 /home/travis/build/icyphy/ptII/ptolemy/actor/lib/hoc/test/auto/Case5.xml
----------------- Instantiating /home/travis/build/icyphy/ptII/ptolemy/actor/lib/hoc/test/auto/Case5.xml
45 ms. Memory: 120832K Free: 95470K (79%)
----------------- Invoking toplevel() on ptolemy.moml.MoMLSimpleApplication@6a752bc7
----------------- Done invoking toplevel() on ptolemy.moml.MoMLSimpleApplication@6a752bc7
reloadAllAccessors: .junk

===========================================================================================
----------------- testing Thu Oct 10 16:42:55 UTC 2019 /home/travis/build/icyphy/ptII/ptolemy/actor/lib/hoc/test/auto/Case6.xml
----------------- Instantiating /home/travis/build/icyphy/ptII/ptolemy/actor/lib/hoc/test/auto/Case6.xml
60 ms. Memory: 120832K Free: 83871K (69%)
----------------- Invoking toplevel() on ptolemy.moml.MoMLSimpleApplication@55697195
----------------- Done invoking toplevel() on ptolemy.moml.MoMLSimpleApplication@55697195
reloadAllAccessors: .Case6

===========================================================================================
----------------- testing Thu Oct 10 16:42:55 UTC 2019 /home/travis/build/icyphy/ptII/ptolemy/actor/lib/hoc/test/auto/CaseString2.xml
----------------- Instantiating /home/travis/build/icyphy/ptII/ptolemy/actor/lib/hoc/test/auto/CaseString2.xml
22 ms. Memory: 120832K Free: 75984K (63%)
----------------- Invoking toplevel() on ptolemy.moml.MoMLSimpleApplication@34228b77
----------------- Done invoking toplevel() on ptolemy.moml.MoMLSimpleApplication@34228b77
reloadAllAccessors: .CaseString2

===========================================================================================
----------------- testing Thu Oct 10 16:42:55 UTC 2019 /home/travis/build/icyphy/ptII/ptolemy/actor/lib/hoc/test/auto/CatchUpComposite1.xml
----------------- Instantiating /home/travis/build/icyphy/ptII/ptolemy/actor/lib/hoc/test/auto/CatchUpComposite1.xml
43 ms. Memory: 120832K Free: 67153K (56%)
----------------- Invoking toplevel() on ptolemy.moml.MoMLSimpleApplication@6db1693
----------------- Done invoking toplevel() on ptolemy.moml.MoMLSimpleApplication@6db1693
reloadAllAccessors: .CatchUpComposite1

===========================================================================================
----------------- testing Thu Oct 10 16:42:55 UTC 2019 /home/travis/build/icyphy/ptII/ptolemy/actor/lib/hoc/test/auto/CatchUpComposite2.xml
----------------- Instantiating /home/travis/build/icyphy/ptII/ptolemy/actor/lib/hoc/test/auto/CatchUpComposite2.xml
13 ms. Memory: 120832K Free: 58575K (48%)
----------------- Invoking toplevel() on ptolemy.moml.MoMLSimpleApplication@49c9749
----------------- Done invoking toplevel() on ptolemy.moml.MoMLSimpleApplication@49c9749
reloadAllAccessors: .CatchUpComposite2

===========================================================================================
----------------- testing Thu Oct 10 16:42:55 UTC 2019 /home/travis/build/icyphy/ptII/ptolemy/actor/lib/hoc/test/auto/CatchUpComposite3.xml
----------------- Instantiating /home/travis/build/icyphy/ptII/ptolemy/actor/lib/hoc/test/auto/CatchUpComposite3.xml
15 ms. Memory: 120832K Free: 100002K (83%)
----------------- Invoking toplevel() on ptolemy.moml.MoMLSimpleApplication@230330ae
----------------- Done invoking toplevel() on ptolemy.moml.MoMLSimpleApplication@230330ae
reloadAllAccessors: .CatchUpComposite3

===========================================================================================
----------------- testing Thu Oct 10 16:42:55 UTC 2019 /home/travis/build/icyphy/ptII/ptolemy/actor/lib/hoc/test/auto/CatchUpComposite4.xml
----------------- Instantiating /home/travis/build/icyphy/ptII/ptolemy/actor/lib/hoc/test/auto/CatchUpComposite4.xml
17 ms. Memory: 120832K Free: 92162K (76%)
----------------- Invoking toplevel() on ptolemy.moml.MoMLSimpleApplication@cbdf4b1
----------------- Done invoking toplevel() on ptolemy.moml.MoMLSimpleApplication@cbdf4b1
reloadAllAccessors: .CatchUpComposite4

===========================================================================================
----------------- testing Thu Oct 10 16:42:55 UTC 2019 /home/travis/build/icyphy/ptII/ptolemy/actor/lib/hoc/test/auto/CatchUpComposite5.xml
----------------- Instantiating /home/travis/build/icyphy/ptII/ptolemy/actor/lib/hoc/test/auto/CatchUpComposite5.xml
18 ms. Memory: 120832K Free: 84642K (70%)
----------------- Invoking toplevel() on ptolemy.moml.MoMLSimpleApplication@6c271065
----------------- Done invoking toplevel() on ptolemy.moml.MoMLSimpleApplication@6c271065
reloadAllAccessors: .CatchUpComposite5

===========================================================================================
----------------- testing Thu Oct 10 16:42:55 UTC 2019 /home/travis/build/icyphy/ptII/ptolemy/actor/lib/hoc/test/auto/CatchUpComposite6.xml
----------------- Instantiating /home/travis/build/icyphy/ptII/ptolemy/actor/lib/hoc/test/auto/CatchUpComposite6.xml
WARNING: The execution aspects in this model can influence the timing of actors by delaying the 
execution, potentially changing the behavior. There is no guarantee that actors fire at the 
time they request to be fired. 
Use Ptides for deterministic DE behavior that is not influenced by execution aspects. 

105 ms. Memory: 120832K Free: 70306K (58%)
----------------- Invoking toplevel() on ptolemy.moml.MoMLSimpleApplication@521d0e74
----------------- Done invoking toplevel() on ptolemy.moml.MoMLSimpleApplication@521d0e74
reloadAllAccessors: .CatchUpComposite6

===========================================================================================
----------------- testing Thu Oct 10 16:42:55 UTC 2019 /home/travis/build/icyphy/ptII/ptolemy/actor/lib/hoc/test/auto/CatchUpComposite7.xml
----------------- Instantiating /home/travis/build/icyphy/ptII/ptolemy/actor/lib/hoc/test/auto/CatchUpComposite7.xml
WARNING: The execution aspects in this model can influence the timing of actors by delaying the 
execution, potentially changing the behavior. There is no guarantee that actors fire at the 
time they request to be fired. 
Use Ptides for deterministic DE behavior that is not influenced by execution aspects. 

44 ms. Memory: 120832K Free: 56352K (47%)
----------------- Invoking toplevel() on ptolemy.moml.MoMLSimpleApplication@33f771e0
----------------- Done invoking toplevel() on ptolemy.moml.MoMLSimpleApplication@33f771e0
reloadAllAccessors: .CatchUpComposite7

===========================================================================================
----------------- testing Thu Oct 10 16:42:55 UTC 2019 /home/travis/build/icyphy/ptII/ptolemy/actor/lib/hoc/test/auto/ConcurrentExecutionTimeSDF.xml
----------------- Instantiating /home/travis/build/icyphy/ptII/ptolemy/actor/lib/hoc/test/auto/ConcurrentExecutionTimeSDF.xml
Fired ExecutionTime: 40400000
Fired ExecutionTime: 40400000
Fired ExecutionTime: 40400000
Fired ExecutionTime: 40400000
Fired ExecutionTime: 40400000
Fired ExecutionTime: 40400000
Fired ExecutionTime: 40400000
Fired ExecutionTime: 40400000
Fired ExecutionTime: 40400000
Fired ExecutionTime: 40400000
Fired ExecutionTime: 40400000
Fired ExecutionTime: 40400000
Fired ExecutionTime: 40400000
Fired ExecutionTime: 40400000
Fired ExecutionTime: 40400000
Fired ExecutionTime: 40400000
Fired ExecutionTime: 40400000
Fired ExecutionTime: 40400000
Fired ExecutionTime: 40400000
Fired ExecutionTime: 40400000
1642 ms. Memory: 120832K Free: 49569K (41%)
----------------- Invoking toplevel() on ptolemy.moml.MoMLSimpleApplication@5dbd3271
----------------- Done invoking toplevel() on ptolemy.moml.MoMLSimpleApplication@5dbd3271
reloadAllAccessors: .ConcurrentExecutionTimeSDF

===========================================================================================
----------------- testing Thu Oct 10 16:42:57 UTC 2019 /home/travis/build/icyphy/ptII/ptolemy/actor/lib/hoc/test/auto/ConcurrentSleep.xml
----------------- Instantiating /home/travis/build/icyphy/ptII/ptolemy/actor/lib/hoc/test/auto/ConcurrentSleep.xml
741 ms. Memory: 154624K Free: 130598K (84%)
----------------- Invoking toplevel() on ptolemy.moml.MoMLSimpleApplication@5a69728f
----------------- Done invoking toplevel() on ptolemy.moml.MoMLSimpleApplication@5a69728f
reloadAllAccessors: .ConcurrentSleep

===========================================================================================
----------------- testing Thu Oct 10 16:42:58 UTC 2019 /home/travis/build/icyphy/ptII/ptolemy/actor/lib/hoc/test/auto/DEInPNInRunCompositeActor.xml
----------------- Instantiating /home/travis/build/icyphy/ptII/ptolemy/actor/lib/hoc/test/auto/DEInPNInRunCompositeActor.xml
16 ms. Memory: 154624K Free: 125478K (81%)
----------------- Invoking toplevel() on ptolemy.moml.MoMLSimpleApplication@188c4a4f
----------------- Done invoking toplevel() on ptolemy.moml.MoMLSimpleApplication@188c4a4f
reloadAllAccessors: .DEInPNInRunCompositeActor

===========================================================================================
----------------- testing Thu Oct 10 16:42:58 UTC 2019 /home/travis/build/icyphy/ptII/ptolemy/actor/lib/hoc/test/auto/DFTSubSetTest.xml
----------------- Instantiating /home/travis/build/icyphy/ptII/ptolemy/actor/lib/hoc/test/auto/DFTSubSetTest.xml
239 ms. Memory: 154624K Free: 82550K (53%)
----------------- Invoking toplevel() on ptolemy.moml.MoMLSimpleApplication@5eeb04ce
----------------- Done invoking toplevel() on ptolemy.moml.MoMLSimpleApplication@5eeb04ce
reloadAllAccessors: .DFTSubSetTest

===========================================================================================
----------------- testing Thu Oct 10 16:42:58 UTC 2019 /home/travis/build/icyphy/ptII/ptolemy/actor/lib/hoc/test/auto/HocDE.xml
----------------- Instantiating /home/travis/build/icyphy/ptII/ptolemy/actor/lib/hoc/test/auto/HocDE.xml
165 ms. Memory: 154624K Free: 127636K (83%)
----------------- Invoking toplevel() on ptolemy.moml.MoMLSimpleApplication@6a12728a
----------------- Done invoking toplevel() on ptolemy.moml.MoMLSimpleApplication@6a12728a
reloadAllAccessors: .HocDE

===========================================================================================
----------------- testing Thu Oct 10 16:42:59 UTC 2019 /home/travis/build/icyphy/ptII/ptolemy/actor/lib/hoc/test/auto/IterateOverArray.xml
----------------- Instantiating /home/travis/build/icyphy/ptII/ptolemy/actor/lib/hoc/test/auto/IterateOverArray.xml
7 ms. Memory: 154624K Free: 122852K (79%)
----------------- Invoking toplevel() on ptolemy.moml.MoMLSimpleApplication@5ba1a951
----------------- Done invoking toplevel() on ptolemy.moml.MoMLSimpleApplication@5ba1a951
reloadAllAccessors: .IterateOverArray

===========================================================================================
----------------- testing Thu Oct 10 16:42:59 UTC 2019 /home/travis/build/icyphy/ptII/ptolemy/actor/lib/hoc/test/auto/IterateOverArray10.xml
----------------- Instantiating /home/travis/build/icyphy/ptII/ptolemy/actor/lib/hoc/test/auto/IterateOverArray10.xml
5 ms. Memory: 154624K Free: 119780K (77%)
----------------- Invoking toplevel() on ptolemy.moml.MoMLSimpleApplication@2744a791
----------------- Done invoking toplevel() on ptolemy.moml.MoMLSimpleApplication@2744a791
reloadAllAccessors: .IterateOverArray10

===========================================================================================
----------------- testing Thu Oct 10 16:42:59 UTC 2019 /home/travis/build/icyphy/ptII/ptolemy/actor/lib/hoc/test/auto/IterateOverArray11.xml
----------------- Instantiating /home/travis/build/icyphy/ptII/ptolemy/actor/lib/hoc/test/auto/IterateOverArray11.xml
7 ms. Memory: 154624K Free: 115684K (75%)
----------------- Invoking toplevel() on ptolemy.moml.MoMLSimpleApplication@5537122c
----------------- Done invoking toplevel() on ptolemy.moml.MoMLSimpleApplication@5537122c
reloadAllAccessors: .IterateOverArray11

===========================================================================================
----------------- testing Thu Oct 10 16:42:59 UTC 2019 /home/travis/build/icyphy/ptII/ptolemy/actor/lib/hoc/test/auto/IterateOverArray12.xml
----------------- Instantiating /home/travis/build/icyphy/ptII/ptolemy/actor/lib/hoc/test/auto/IterateOverArray12.xml
18 ms. Memory: 154624K Free: 109540K (71%)
----------------- Invoking toplevel() on ptolemy.moml.MoMLSimpleApplication@3332844f
----------------- Done invoking toplevel() on ptolemy.moml.MoMLSimpleApplication@3332844f
reloadAllAccessors: .IterateOverArray12

===========================================================================================
----------------- testing Thu Oct 10 16:42:59 UTC 2019 /home/travis/build/icyphy/ptII/ptolemy/actor/lib/hoc/test/auto/IterateOverArray13.xml
----------------- Instantiating /home/travis/build/icyphy/ptII/ptolemy/actor/lib/hoc/test/auto/IterateOverArray13.xml
81 ms. Memory: 154624K Free: 80354K (52%)
----------------- Invoking toplevel() on ptolemy.moml.MoMLSimpleApplication@3f7fd19b
----------------- Done invoking toplevel() on ptolemy.moml.MoMLSimpleApplication@3f7fd19b
reloadAllAccessors: .IterateOverArray13

===========================================================================================
----------------- testing Thu Oct 10 16:42:59 UTC 2019 /home/travis/build/icyphy/ptII/ptolemy/actor/lib/hoc/test/auto/IterateOverArray14.xml
----------------- Instantiating /home/travis/build/icyphy/ptII/ptolemy/actor/lib/hoc/test/auto/IterateOverArray14.xml
63 ms. Memory: 154624K Free: 126750K (82%)
----------------- Invoking toplevel() on ptolemy.moml.MoMLSimpleApplication@4683c0c5
----------------- Done invoking toplevel() on ptolemy.moml.MoMLSimpleApplication@4683c0c5
reloadAllAccessors: .IterateOverArray14

===========================================================================================
----------------- testing Thu Oct 10 16:42:59 UTC 2019 /home/travis/build/icyphy/ptII/ptolemy/actor/lib/hoc/test/auto/IterateOverArray2.xml
----------------- Instantiating /home/travis/build/icyphy/ptII/ptolemy/actor/lib/hoc/test/auto/IterateOverArray2.xml
6 ms. Memory: 154624K Free: 122140K (79%)
----------------- Invoking toplevel() on ptolemy.moml.MoMLSimpleApplication@7e4b32a3
----------------- Done invoking toplevel() on ptolemy.moml.MoMLSimpleApplication@7e4b32a3
reloadAllAccessors: .IterateOverArray2

===========================================================================================
----------------- testing Thu Oct 10 16:42:59 UTC 2019 /home/travis/build/icyphy/ptII/ptolemy/actor/lib/hoc/test/auto/IterateOverArray3.xml
----------------- Instantiating /home/travis/build/icyphy/ptII/ptolemy/actor/lib/hoc/test/auto/IterateOverArray3.xml
18 ms. Memory: 154624K Free: 116510K (75%)
----------------- Invoking toplevel() on ptolemy.moml.MoMLSimpleApplication@5b212ab9
----------------- Done invoking toplevel() on ptolemy.moml.MoMLSimpleApplication@5b212ab9
reloadAllAccessors: .IterateOverArray3

===========================================================================================
----------------- testing Thu Oct 10 16:42:59 UTC 2019 /home/travis/build/icyphy/ptII/ptolemy/actor/lib/hoc/test/auto/IterateOverArray4.xml
----------------- Instantiating /home/travis/build/icyphy/ptII/ptolemy/actor/lib/hoc/test/auto/IterateOverArray4.xml
5 ms. Memory: 154624K Free: 112414K (73%)
----------------- Invoking toplevel() on ptolemy.moml.MoMLSimpleApplication@a84f31e
----------------- Done invoking toplevel() on ptolemy.moml.MoMLSimpleApplication@a84f31e
reloadAllAccessors: .IterateOverArray4

===========================================================================================
----------------- testing Thu Oct 10 16:42:59 UTC 2019 /home/travis/build/icyphy/ptII/ptolemy/actor/lib/hoc/test/auto/IterateOverArray5.xml
----------------- Instantiating /home/travis/build/icyphy/ptII/ptolemy/actor/lib/hoc/test/auto/IterateOverArray5.xml
4 ms. Memory: 154624K Free: 108318K (70%)
----------------- Invoking toplevel() on ptolemy.moml.MoMLSimpleApplication@67b0856c
----------------- Done invoking toplevel() on ptolemy.moml.MoMLSimpleApplication@67b0856c
reloadAllAccessors: .IterateOverArray5

===========================================================================================
----------------- testing Thu Oct 10 16:42:59 UTC 2019 /home/travis/build/icyphy/ptII/ptolemy/actor/lib/hoc/test/auto/IterateOverArray6.xml
----------------- Instantiating /home/travis/build/icyphy/ptII/ptolemy/actor/lib/hoc/test/auto/IterateOverArray6.xml
4 ms. Memory: 154624K Free: 104732K (68%)
----------------- Invoking toplevel() on ptolemy.moml.MoMLSimpleApplication@3c11af3a
----------------- Done invoking toplevel() on ptolemy.moml.MoMLSimpleApplication@3c11af3a
reloadAllAccessors: .IterateOverArray6

===========================================================================================
----------------- testing Thu Oct 10 16:42:59 UTC 2019 /home/travis/build/icyphy/ptII/ptolemy/actor/lib/hoc/test/auto/IterateOverArray7.xml
----------------- Instantiating /home/travis/build/icyphy/ptII/ptolemy/actor/lib/hoc/test/auto/IterateOverArray7.xml
4 ms. Memory: 154624K Free: 100126K (65%)
----------------- Invoking toplevel() on ptolemy.moml.MoMLSimpleApplication@6b2eb9ce
----------------- Done invoking toplevel() on ptolemy.moml.MoMLSimpleApplication@6b2eb9ce
reloadAllAccessors: .IterateOverArray7

===========================================================================================
----------------- testing Thu Oct 10 16:42:59 UTC 2019 /home/travis/build/icyphy/ptII/ptolemy/actor/lib/hoc/test/auto/IterateOverArray8.xml
----------------- Instantiating /home/travis/build/icyphy/ptII/ptolemy/actor/lib/hoc/test/auto/IterateOverArray8.xml
8 ms. Memory: 154624K Free: 96030K (62%)
----------------- Invoking toplevel() on ptolemy.moml.MoMLSimpleApplication@417590c8
----------------- Done invoking toplevel() on ptolemy.moml.MoMLSimpleApplication@417590c8
reloadAllAccessors: .IterateOverArray8

===========================================================================================
----------------- testing Thu Oct 10 16:42:59 UTC 2019 /home/travis/build/icyphy/ptII/ptolemy/actor/lib/hoc/test/auto/IterateOverArray9.xml
----------------- Instantiating /home/travis/build/icyphy/ptII/ptolemy/actor/lib/hoc/test/auto/IterateOverArray9.xml
8 ms. Memory: 154624K Free: 91934K (59%)
----------------- Invoking toplevel() on ptolemy.moml.MoMLSimpleApplication@559bd45a
----------------- Done invoking toplevel() on ptolemy.moml.MoMLSimpleApplication@559bd45a
reloadAllAccessors: .IterateOverArray9

===========================================================================================
----------------- testing Thu Oct 10 16:42:59 UTC 2019 /home/travis/build/icyphy/ptII/ptolemy/actor/lib/hoc/test/auto/IterateOverArrayCoercedOutputType.xml
----------------- Instantiating /home/travis/build/icyphy/ptII/ptolemy/actor/lib/hoc/test/auto/IterateOverArrayCoercedOutputType.xml
8 ms. Memory: 154624K Free: 86814K (56%)
----------------- Invoking toplevel() on ptolemy.moml.MoMLSimpleApplication@63fd6fd3
----------------- Done invoking toplevel() on ptolemy.moml.MoMLSimpleApplication@63fd6fd3
reloadAllAccessors: .IterateOverArrayCoercedOutputType

===========================================================================================
----------------- testing Thu Oct 10 16:42:59 UTC 2019 /home/travis/build/icyphy/ptII/ptolemy/actor/lib/hoc/test/auto/IterateOverArrayInferredOutputType.xml
----------------- Instantiating /home/travis/build/icyphy/ptII/ptolemy/actor/lib/hoc/test/auto/IterateOverArrayInferredOutputType.xml
11 ms. Memory: 154624K Free: 82204K (53%)
----------------- Invoking toplevel() on ptolemy.moml.MoMLSimpleApplication@2f059be5
----------------- Done invoking toplevel() on ptolemy.moml.MoMLSimpleApplication@2f059be5
reloadAllAccessors: .IterateOverArrayInferredOutputType

===========================================================================================
----------------- testing Thu Oct 10 16:42:59 UTC 2019 /home/travis/build/icyphy/ptII/ptolemy/actor/lib/hoc/test/auto/MobileFunctionTest.xml
----------------- Instantiating /home/travis/build/icyphy/ptII/ptolemy/actor/lib/hoc/test/auto/MobileFunctionTest.xml
5 ms. Memory: 154624K Free: 78102K (51%)
----------------- Invoking toplevel() on ptolemy.moml.MoMLSimpleApplication@47d58139
----------------- Done invoking toplevel() on ptolemy.moml.MoMLSimpleApplication@47d58139
reloadAllAccessors: .MobileFunctionTest

===========================================================================================
----------------- testing Thu Oct 10 16:42:59 UTC 2019 /home/travis/build/icyphy/ptII/ptolemy/actor/lib/hoc/test/auto/MobileModelTest.xml
----------------- Instantiating /home/travis/build/icyphy/ptII/ptolemy/actor/lib/hoc/test/auto/MobileModelTest.xml
166 ms. Memory: 154624K Free: 57118K (37%)
----------------- Invoking toplevel() on ptolemy.moml.MoMLSimpleApplication@14df69a4
----------------- Done invoking toplevel() on ptolemy.moml.MoMLSimpleApplication@14df69a4
reloadAllAccessors: .MobileModelTest

===========================================================================================
----------------- testing Thu Oct 10 16:43:00 UTC 2019 /home/travis/build/icyphy/ptII/ptolemy/actor/lib/hoc/test/auto/ModelReference.xml
----------------- Instantiating /home/travis/build/icyphy/ptII/ptolemy/actor/lib/hoc/test/auto/ModelReference.xml
24 ms. Memory: 154624K Free: 139875K (90%)
3 ms. Memory: 154624K Free: 139127K (90%)
2 ms. Memory: 154624K Free: 138248K (89%)
2 ms. Memory: 154624K Free: 137498K (89%)
2 ms. Memory: 154624K Free: 136482K (88%)
2 ms. Memory: 154624K Free: 135779K (88%)
2 ms. Memory: 154624K Free: 135031K (87%)
2 ms. Memory: 154624K Free: 134160K (87%)
1 ms. Memory: 154624K Free: 133370K (86%)
3 ms. Memory: 154624K Free: 132652K (86%)
58 ms. Memory: 154624K Free: 132652K (86%)
----------------- Invoking toplevel() on ptolemy.moml.MoMLSimpleApplication@4d819e47
----------------- Done invoking toplevel() on ptolemy.moml.MoMLSimpleApplication@4d819e47
reloadAllAccessors: .ModelReference

===========================================================================================
----------------- testing Thu Oct 10 16:43:00 UTC 2019 /home/travis/build/icyphy/ptII/ptolemy/actor/lib/hoc/test/auto/ModelReference3.xml
----------------- Instantiating /home/travis/build/icyphy/ptII/ptolemy/actor/lib/hoc/test/auto/ModelReference3.xml
2 ms. Memory: 154624K Free: 127319K (82%)
5 ms. Memory: 154624K Free: 126837K (82%)
2 ms. Memory: 154624K Free: 125815K (81%)
4 ms. Memory: 154624K Free: 125271K (81%)
3 ms. Memory: 154624K Free: 124263K (80%)
2 ms. Memory: 154624K Free: 123239K (80%)
4 ms. Memory: 154624K Free: 122743K (79%)
3 ms. Memory: 154624K Free: 121719K (79%)
5 ms. Memory: 154624K Free: 121175K (78%)
2 ms. Memory: 154624K Free: 120167K (78%)
40 ms. Memory: 154624K Free: 120167K (78%)
----------------- Invoking toplevel() on ptolemy.moml.MoMLSimpleApplication@5d74f9a9
----------------- Done invoking toplevel() on ptolemy.moml.MoMLSimpleApplication@5d74f9a9
reloadAllAccessors: .ModelReference3

===========================================================================================
----------------- testing Thu Oct 10 16:43:00 UTC 2019 /home/travis/build/icyphy/ptII/ptolemy/actor/lib/hoc/test/auto/ModelReference4.xml
----------------- Instantiating /home/travis/build/icyphy/ptII/ptolemy/actor/lib/hoc/test/auto/ModelReference4.xml
3 ms. Memory: 154624K Free: 115575K (75%)
2 ms. Memory: 154624K Free: 114031K (74%)
2 ms. Memory: 154624K Free: 112999K (73%)
6 ms. Memory: 154624K Free: 111989K (72%)
2 ms. Memory: 154624K Free: 110455K (71%)
9 ms. Memory: 154624K Free: 109431K (71%)
3 ms. Memory: 154624K Free: 107887K (70%)
3 ms. Memory: 154624K Free: 106855K (69%)
8 ms. Memory: 154624K Free: 105839K (68%)
3 ms. Memory: 154624K Free: 104311K (67%)
10023 ms. Memory: 154624K Free: 104311K (67%)
----------------- Invoking toplevel() on ptolemy.moml.MoMLSimpleApplication@442b0108
----------------- Done invoking toplevel() on ptolemy.moml.MoMLSimpleApplication@442b0108
reloadAllAccessors: .ModelReference4

===========================================================================================
----------------- testing Thu Oct 10 16:43:10 UTC 2019 /home/travis/build/icyphy/ptII/ptolemy/actor/lib/hoc/test/auto/MultiInstanceComposite.xml
----------------- Instantiating /home/travis/build/icyphy/ptII/ptolemy/actor/lib/hoc/test/auto/MultiInstanceComposite.xml
29 ms. Memory: 154624K Free: 85365K (55%)
----------------- Invoking toplevel() on ptolemy.moml.MoMLSimpleApplication@26d1365a
----------------- Done invoking toplevel() on ptolemy.moml.MoMLSimpleApplication@26d1365a
reloadAllAccessors: .MultiInstanceComposite

===========================================================================================
----------------- testing Thu Oct 10 16:43:10 UTC 2019 /home/travis/build/icyphy/ptII/ptolemy/actor/lib/hoc/test/auto/MultiInstanceComposite2.xml
----------------- Instantiating /home/travis/build/icyphy/ptII/ptolemy/actor/lib/hoc/test/auto/MultiInstanceComposite2.xml
15 ms. Memory: 154624K Free: 74101K (48%)
----------------- Invoking toplevel() on ptolemy.moml.MoMLSimpleApplication@304f375a
----------------- Done invoking toplevel() on ptolemy.moml.MoMLSimpleApplication@304f375a
reloadAllAccessors: .MultiInstanceComposite2

===========================================================================================
----------------- testing Thu Oct 10 16:43:10 UTC 2019 /home/travis/build/icyphy/ptII/ptolemy/actor/lib/hoc/test/auto/MulticoreExecution.xml
----------------- Instantiating /home/travis/build/icyphy/ptII/ptolemy/actor/lib/hoc/test/auto/MulticoreExecution.xml
Fired ExecutionTime: 2400000
Fired ExecutionTime: 2800000
Fired ExecutionTime: 2400000
Fired ExecutionTime: 3200000
Fired ExecutionTime: 2000000
Fired ExecutionTime: 4000000
Fired ExecutionTime: 12000000
Fired ExecutionTime: 14000000
Fired ExecutionTime: 87200000
Fired ExecutionTime: 88400000
Fired ExecutionTime: 88400000
Fired ExecutionTime: 88800000
Fired ExecutionTime: 89200000
Fired ExecutionTime: 90400000
Fired ExecutionTime: 88800000
Fired ExecutionTime: 89600000
Fired ExecutionTime: 88400000
Fired ExecutionTime: 89200000
Fired ExecutionTime: 86800000
Fired ExecutionTime: 90800000
1094 ms. Memory: 154624K Free: 64885K (42%)
----------------- Invoking toplevel() on ptolemy.moml.MoMLSimpleApplication@46220025
----------------- Done invoking toplevel() on ptolemy.moml.MoMLSimpleApplication@46220025
reloadAllAccessors: .MulticoreExecution

===========================================================================================
----------------- testing Thu Oct 10 16:43:11 UTC 2019 /home/travis/build/icyphy/ptII/ptolemy/actor/lib/hoc/test/auto/ParallelExecution.xml
----------------- Instantiating /home/travis/build/icyphy/ptII/ptolemy/actor/lib/hoc/test/auto/ParallelExecution.xml
918 ms. Memory: 154624K Free: 57207K (37%)
----------------- Invoking toplevel() on ptolemy.moml.MoMLSimpleApplication@772d22
----------------- Done invoking toplevel() on ptolemy.moml.MoMLSimpleApplication@772d22
reloadAllAccessors: .ParallelExecution

===========================================================================================
----------------- testing Thu Oct 10 16:43:12 UTC 2019 /home/travis/build/icyphy/ptII/ptolemy/actor/lib/hoc/test/auto/RunCompositeActor.xml
----------------- Instantiating /home/travis/build/icyphy/ptII/ptolemy/actor/lib/hoc/test/auto/RunCompositeActor.xml
19 ms. Memory: 154624K Free: 139185K (90%)
----------------- Invoking toplevel() on ptolemy.moml.MoMLSimpleApplication@9071124
----------------- Done invoking toplevel() on ptolemy.moml.MoMLSimpleApplication@9071124
reloadAllAccessors: .RunCompositeActor

===========================================================================================
----------------- testing Thu Oct 10 16:43:12 UTC 2019 /home/travis/build/icyphy/ptII/ptolemy/actor/lib/hoc/test/auto/RunCompositeActor2.xml
----------------- Instantiating /home/travis/build/icyphy/ptII/ptolemy/actor/lib/hoc/test/auto/RunCompositeActor2.xml
6 ms. Memory: 154624K Free: 132579K (86%)
----------------- Invoking toplevel() on ptolemy.moml.MoMLSimpleApplication@201b398f
----------------- Done invoking toplevel() on ptolemy.moml.MoMLSimpleApplication@201b398f
reloadAllAccessors: .RunCompositeActor2

===========================================================================================
----------------- testing Thu Oct 10 16:43:12 UTC 2019 /home/travis/build/icyphy/ptII/ptolemy/actor/lib/hoc/test/auto/RunCompositeActor3.xml
----------------- Instantiating /home/travis/build/icyphy/ptII/ptolemy/actor/lib/hoc/test/auto/RunCompositeActor3.xml
8 ms. Memory: 154624K Free: 126974K (82%)
----------------- Invoking toplevel() on ptolemy.moml.MoMLSimpleApplication@11af82d2
----------------- Done invoking toplevel() on ptolemy.moml.MoMLSimpleApplication@11af82d2
reloadAllAccessors: .RunCompositeActor3

===========================================================================================
----------------- testing Thu Oct 10 16:43:12 UTC 2019 /home/travis/build/icyphy/ptII/ptolemy/actor/lib/hoc/test/auto/RunCompositeActor4.xml
----------------- Instantiating /home/travis/build/icyphy/ptII/ptolemy/actor/lib/hoc/test/auto/RunCompositeActor4.xml
13 ms. Memory: 154624K Free: 118814K (77%)
----------------- Invoking toplevel() on ptolemy.moml.MoMLSimpleApplication@ef109c7
----------------- Done invoking toplevel() on ptolemy.moml.MoMLSimpleApplication@ef109c7
reloadAllAccessors: .RunCompositeActor4

===========================================================================================
----------------- testing Thu Oct 10 16:43:12 UTC 2019 /home/travis/build/icyphy/ptII/ptolemy/actor/lib/hoc/test/auto/RunCompositeIterateOverArray.xml
----------------- Instantiating /home/travis/build/icyphy/ptII/ptolemy/actor/lib/hoc/test/auto/RunCompositeIterateOverArray.xml
5 ms. Memory: 154624K Free: 112662K (73%)
----------------- Invoking toplevel() on ptolemy.moml.MoMLSimpleApplication@2527e985
----------------- Done invoking toplevel() on ptolemy.moml.MoMLSimpleApplication@2527e985
reloadAllAccessors: .RunCompositeIterateOverArray

===========================================================================================
----------------- testing Thu Oct 10 16:43:12 UTC 2019 /home/travis/build/icyphy/ptII/ptolemy/actor/lib/hoc/test/auto/ThreadedJS.xml
----------------- Instantiating /home/travis/build/icyphy/ptII/ptolemy/actor/lib/hoc/test/auto/ThreadedJS.xml
6513 ms. Memory: 224256K Free: 66062K (29%)
----------------- Invoking toplevel() on ptolemy.moml.MoMLSimpleApplication@67b2f7c
----------------- Done invoking toplevel() on ptolemy.moml.MoMLSimpleApplication@67b2f7c
reloadAllAccessors: .ThreadedJS
AutoTests.java: About to close Vertx.
AutoTests.java: Vertx closed.
]]></system-out>
  <system-err><![CDATA[java.lang.RuntimeException: Execution failed
	at ptolemy.moml.MoMLSimpleApplication$UnloadThread.run(MoMLSimpleApplication.java:402)
Caused by: ptolemy.kernel.util.IllegalActionException: initialize() was called after wrapup() was called but preinitialize() was not called after wrapup().
	at ptolemy.actor.lib.hoc.test.PreinitializeMustBeInvoked.initialize(PreinitializeMustBeInvoked.java:78)
	at ptolemy.actor.Director.initialize(Director.java:938)
	at ptolemy.actor.Director.initialize(Director.java:907)
	at ptolemy.actor.sched.StaticSchedulingDirector.initialize(StaticSchedulingDirector.java:159)
	at ptolemy.domains.sdf.kernel.SDFDirector.initialize(SDFDirector.java:544)
	at ptolemy.actor.CompositeActor.initialize(CompositeActor.java:935)
	at ptolemy.actor.lib.hoc.LifeCycleManager._executeInsideModel(LifeCycleManager.java:339)
	at ptolemy.actor.lib.hoc.RunCompositeActor.fire(RunCompositeActor.java:205)
	at ptolemy.actor.CompositeActor.iterate(CompositeActor.java:1146)
	at ptolemy.actor.sched.StaticSchedulingDirector.fire(StaticSchedulingDirector.java:216)
	at ptolemy.domains.sdf.kernel.SDFDirector.fire(SDFDirector.java:500)
	at ptolemy.actor.CompositeActor.fire(CompositeActor.java:455)
	at ptolemy.actor.Manager.iterate(Manager.java:851)
	at ptolemy.actor.Manager.execute(Manager.java:369)
	at ptolemy.actor.Manager.run(Manager.java:1263)
	at ptolemy.actor.Manager$PtolemyRunThread.run(Manager.java:1933)
java.lang.reflect.InvocationTargetException
	at java.base/jdk.internal.reflect.NativeConstructorAccessorImpl.newInstance0(Native Method)
	at java.base/jdk.internal.reflect.NativeConstructorAccessorImpl.newInstance(NativeConstructorAccessorImpl.java:62)
	at java.base/jdk.internal.reflect.DelegatingConstructorAccessorImpl.newInstance(DelegatingConstructorAccessorImpl.java:45)
	at java.base/java.lang.reflect.Constructor.newInstance(Constructor.java:490)
	at ptolemy.util.test.junit.AutoKnownFailedTests.RunModel(AutoKnownFailedTests.java:105)
	at java.base/jdk.internal.reflect.NativeMethodAccessorImpl.invoke0(Native Method)
	at java.base/jdk.internal.reflect.NativeMethodAccessorImpl.invoke(NativeMethodAccessorImpl.java:62)
	at java.base/jdk.internal.reflect.DelegatingMethodAccessorImpl.invoke(DelegatingMethodAccessorImpl.java:43)
	at java.base/java.lang.reflect.Method.invoke(Method.java:566)
	at org.junit.runners.model.FrameworkMethod$1.runReflectiveCall(FrameworkMethod.java:44)
	at org.junit.internal.runners.model.ReflectiveCallable.run(ReflectiveCallable.java:15)
	at org.junit.runners.model.FrameworkMethod.invokeExplosively(FrameworkMethod.java:41)
	at junitparams.internal.InvokeParameterisedMethod.evaluate(InvokeParameterisedMethod.java:102)
	at org.junit.internal.runners.statements.FailOnTimeout$1.run(FailOnTimeout.java:28)
Caused by: ptolemy.kernel.util.IllegalActionException: initialize() was called after wrapup() was called but preinitialize() was not called after wrapup().
	at ptolemy.actor.lib.hoc.test.PreinitializeMustBeInvoked.initialize(PreinitializeMustBeInvoked.java:78)
	at ptolemy.actor.Director.initialize(Director.java:938)
	at ptolemy.actor.Director.initialize(Director.java:907)
	at ptolemy.actor.sched.StaticSchedulingDirector.initialize(StaticSchedulingDirector.java:159)
	at ptolemy.domains.sdf.kernel.SDFDirector.initialize(SDFDirector.java:544)
	at ptolemy.actor.CompositeActor.initialize(CompositeActor.java:935)
	at ptolemy.actor.lib.hoc.LifeCycleManager._executeInsideModel(LifeCycleManager.java:339)
	at ptolemy.actor.lib.hoc.RunCompositeActor.fire(RunCompositeActor.java:205)
	at ptolemy.actor.CompositeActor.iterate(CompositeActor.java:1146)
	at ptolemy.actor.sched.StaticSchedulingDirector.fire(StaticSchedulingDirector.java:216)
	at ptolemy.domains.sdf.kernel.SDFDirector.fire(SDFDirector.java:500)
	at ptolemy.actor.CompositeActor.fire(CompositeActor.java:455)
	at ptolemy.actor.Manager.iterate(Manager.java:851)
	at ptolemy.actor.Manager.execute(Manager.java:369)
	at ptolemy.actor.Manager.run(Manager.java:1263)
	at ptolemy.actor.Manager$PtolemyRunThread.run(Manager.java:1933)
Warning: Nashorn engine is planned to be removed from a future JDK release
Warning: Nashorn engine is planned to be removed from a future JDK release
Warning: Nashorn engine is planned to be removed from a future JDK release
Warning: Nashorn engine is planned to be removed from a future JDK release
Warning: Nashorn engine is planned to be removed from a future JDK release
Warning: Nashorn engine is planned to be removed from a future JDK release
Warning: Nashorn engine is planned to be removed from a future JDK release
Warning: Nashorn engine is planned to be removed from a future JDK release
]]></system-err>
</testsuite>
