<?xml version="1.0" encoding="UTF-8" ?>
<testsuite errors="0" failures="0" hostname="travis-job-6838de69-bea7-49e8-b0cc-99a89b3217ae" name="ptolemy.domains.de.test.junit.JUnitTclTest" skipped="0" tests="101" time="139.353" timestamp="2019-07-16T14:38:36">
  <properties>
[...]
</properties>
  <testcase classname="ptolemy.util.test.junit.TclTests" name="[0] /home/travis/build/icyphy/ptII/ptolemy/domains/de/test/DependencyLoop.tcl (RunTclFile)" time="1.067" />
  <testcase classname="ptolemy.util.test.junit.TclTests" name="[1] /home/travis/build/icyphy/ptII/ptolemy/domains/de/test/RunDETestsAsQSS.tcl (RunTclFile)" time="94.485" />
  <testcase classname="ptolemy.util.test.junit.AutoKnownFailedTests" name="[0] /home/travis/build/icyphy/ptII/ptolemy/domains/de/test/auto/knownFailedTests/DESDFClockTest.xml (RunModel)" time="2.113" />
  <testcase classname="ptolemy.util.test.junit.AutoKnownFailedTests" name="[1] /home/travis/build/icyphy/ptII/ptolemy/domains/de/test/auto/knownFailedTests/DirectFeedback.xml (RunModel)" time="0.031" />
  <testcase classname="ptolemy.util.test.junit.AutoKnownFailedTests" name="[2] /home/travis/build/icyphy/ptII/ptolemy/domains/de/test/auto/knownFailedTests/FSMSource.xml (RunModel)" time="0.041" />
  <testcase classname="ptolemy.util.test.junit.AutoKnownFailedTests" name="[3] /home/travis/build/icyphy/ptII/ptolemy/domains/de/test/auto/knownFailedTests/HierarchicalModel.xml (RunModel)" time="0.072" />
  <testcase classname="ptolemy.util.test.junit.AutoKnownFailedTests" name="[4] /home/travis/build/icyphy/ptII/ptolemy/domains/de/test/auto/knownFailedTests/dependencyLoop.xml (RunModel)" time="0.057" />
  <testcase classname="ptolemy.util.test.junit.AutoKnownFailedTests" name="[5] /home/travis/build/icyphy/ptII/ptolemy/domains/de/test/auto/knownFailedTests/dependencyLoop2.xml (RunModel)" time="0.045" />
  <testcase classname="ptolemy.util.test.junit.AutoNameArchTests" name="[0] ThereAreNoAutoArchTests (RunModel)" time="0.005" />
  <testcase classname="ptolemy.util.test.junit.AutoTests" name="[0] /home/travis/build/icyphy/ptII/ptolemy/domains/de/test/auto/ActorDepthCalculation_actorWithoutPorts.xml (RunModel)" time="0.023" />
  <testcase classname="ptolemy.util.test.junit.AutoTests" name="[1] /home/travis/build/icyphy/ptII/ptolemy/domains/de/test/auto/AssemblyLine.xml (RunModel)" time="0.026" />
  <testcase classname="ptolemy.util.test.junit.AutoTests" name="[2] /home/travis/build/icyphy/ptII/ptolemy/domains/de/test/auto/CQBug1.xml (RunModel)" time="0.015" />
  <testcase classname="ptolemy.util.test.junit.AutoTests" name="[3] /home/travis/build/icyphy/ptII/ptolemy/domains/de/test/auto/CancelFireAt.xml (RunModel)" time="0.015" />
  <testcase classname="ptolemy.util.test.junit.AutoTests" name="[4] /home/travis/build/icyphy/ptII/ptolemy/domains/de/test/auto/CausalityAndComposabilityAnalysis.xml (RunModel)" time="0.015" />
  <testcase classname="ptolemy.util.test.junit.AutoTests" name="[5] /home/travis/build/icyphy/ptII/ptolemy/domains/de/test/auto/CausalityInterface1.xml (RunModel)" time="0.018" />
  <testcase classname="ptolemy.util.test.junit.AutoTests" name="[6] /home/travis/build/icyphy/ptII/ptolemy/domains/de/test/auto/CausalityInterface15.xml (RunModel)" time="0.02" />
  <testcase classname="ptolemy.util.test.junit.AutoTests" name="[7] /home/travis/build/icyphy/ptII/ptolemy/domains/de/test/auto/CausalityInterface2.xml (RunModel)" time="0.033" />
  <testcase classname="ptolemy.util.test.junit.AutoTests" name="[8] /home/travis/build/icyphy/ptII/ptolemy/domains/de/test/auto/CausalityInterface3.xml (RunModel)" time="0.015" />
  <testcase classname="ptolemy.util.test.junit.AutoTests" name="[9] /home/travis/build/icyphy/ptII/ptolemy/domains/de/test/auto/ClockDrift.xml (RunModel)" time="0.048" />
  <testcase classname="ptolemy.util.test.junit.AutoTests" name="[10] /home/travis/build/icyphy/ptII/ptolemy/domains/de/test/auto/ClockDriftAndValueChange.xml (RunModel)" time="0.041" />
  <testcase classname="ptolemy.util.test.junit.AutoTests" name="[11] /home/travis/build/icyphy/ptII/ptolemy/domains/de/test/auto/ClockDriftChange.xml (RunModel)" time="0.033" />
  <testcase classname="ptolemy.util.test.junit.AutoTests" name="[12] /home/travis/build/icyphy/ptII/ptolemy/domains/de/test/auto/ComposableCausalityAnalysis.xml (RunModel)" time="0.018" />
  <testcase classname="ptolemy.util.test.junit.AutoTests" name="[13] /home/travis/build/icyphy/ptII/ptolemy/domains/de/test/auto/DEFixedPointLimitation.xml (RunModel)" time="0.013" />
  <testcase classname="ptolemy.util.test.junit.AutoTests" name="[14] /home/travis/build/icyphy/ptII/ptolemy/domains/de/test/auto/DEScheduleTest.xml (RunModel)" time="0.013" />
  <testcase classname="ptolemy.util.test.junit.AutoTests" name="[15] /home/travis/build/icyphy/ptII/ptolemy/domains/de/test/auto/DEinDEwithStartTimes.xml (RunModel)" time="0.015" />
  <testcase classname="ptolemy.util.test.junit.AutoTests" name="[16] /home/travis/build/icyphy/ptII/ptolemy/domains/de/test/auto/DEinDEwithStartTimes2.xml (RunModel)" time="0.014" />
  <testcase classname="ptolemy.util.test.junit.AutoTests" name="[17] /home/travis/build/icyphy/ptII/ptolemy/domains/de/test/auto/DateDemo.xml (RunModel)" time="0.041" />
  <testcase classname="ptolemy.util.test.junit.AutoTests" name="[18] /home/travis/build/icyphy/ptII/ptolemy/domains/de/test/auto/DateToEvent.xml (RunModel)" time="2.047" />
  <testcase classname="ptolemy.util.test.junit.AutoTests" name="[19] /home/travis/build/icyphy/ptII/ptolemy/domains/de/test/auto/DepthTest1.xml (RunModel)" time="0.01" />
  <testcase classname="ptolemy.util.test.junit.AutoTests" name="[20] /home/travis/build/icyphy/ptII/ptolemy/domains/de/test/auto/DepthTest2.xml (RunModel)" time="0.033" />
  <testcase classname="ptolemy.util.test.junit.AutoTests" name="[21] /home/travis/build/icyphy/ptII/ptolemy/domains/de/test/auto/DepthTest3.xml (RunModel)" time="0.011" />
  <testcase classname="ptolemy.util.test.junit.AutoTests" name="[22] /home/travis/build/icyphy/ptII/ptolemy/domains/de/test/auto/DepthTest4.xml (RunModel)" time="0.024" />
  <testcase classname="ptolemy.util.test.junit.AutoTests" name="[23] /home/travis/build/icyphy/ptII/ptolemy/domains/de/test/auto/DepthTest5.xml (RunModel)" time="0.017" />
  <testcase classname="ptolemy.util.test.junit.AutoTests" name="[24] /home/travis/build/icyphy/ptII/ptolemy/domains/de/test/auto/DepthTest6.xml (RunModel)" time="0.015" />
  <testcase classname="ptolemy.util.test.junit.AutoTests" name="[25] /home/travis/build/icyphy/ptII/ptolemy/domains/de/test/auto/DepthTest7.xml (RunModel)" time="0.015" />
  <testcase classname="ptolemy.util.test.junit.AutoTests" name="[26] /home/travis/build/icyphy/ptII/ptolemy/domains/de/test/auto/EventToDate.xml (RunModel)" time="3.053" />
  <testcase classname="ptolemy.util.test.junit.AutoTests" name="[27] /home/travis/build/icyphy/ptII/ptolemy/domains/de/test/auto/FSM1.xml (RunModel)" time="0.068" />
  <testcase classname="ptolemy.util.test.junit.AutoTests" name="[28] /home/travis/build/icyphy/ptII/ptolemy/domains/de/test/auto/FSM7.xml (RunModel)" time="0.039" />
  <testcase classname="ptolemy.util.test.junit.AutoTests" name="[29] /home/travis/build/icyphy/ptII/ptolemy/domains/de/test/auto/Inspection.xml (RunModel)" time="0.056" />
  <testcase classname="ptolemy.util.test.junit.AutoTests" name="[30] /home/travis/build/icyphy/ptII/ptolemy/domains/de/test/auto/Iteration.xml (RunModel)" time="0.03" />
  <testcase classname="ptolemy.util.test.junit.AutoTests" name="[31] /home/travis/build/icyphy/ptII/ptolemy/domains/de/test/auto/LineFault.xml (RunModel)" time="0.662" />
  <testcase classname="ptolemy.util.test.junit.AutoTests" name="[32] /home/travis/build/icyphy/ptII/ptolemy/domains/de/test/auto/MergeModel1Add.xml (RunModel)" time="0.059" />
  <testcase classname="ptolemy.util.test.junit.AutoTests" name="[33] /home/travis/build/icyphy/ptII/ptolemy/domains/de/test/auto/MergeModel2Add.xml (RunModel)" time="0.051" />
  <testcase classname="ptolemy.util.test.junit.AutoTests" name="[34] /home/travis/build/icyphy/ptII/ptolemy/domains/de/test/auto/MergeModel3Add.xml (RunModel)" time="0.053" />
  <testcase classname="ptolemy.util.test.junit.AutoTests" name="[35] /home/travis/build/icyphy/ptII/ptolemy/domains/de/test/auto/MergeWithoutDiscard.xml (RunModel)" time="0.022" />
  <testcase classname="ptolemy.util.test.junit.AutoTests" name="[36] /home/travis/build/icyphy/ptII/ptolemy/domains/de/test/auto/Modal1.xml (RunModel)" time="0.027" />
  <testcase classname="ptolemy.util.test.junit.AutoTests" name="[37] /home/travis/build/icyphy/ptII/ptolemy/domains/de/test/auto/Modal2.xml (RunModel)" time="0.043" />
  <testcase classname="ptolemy.util.test.junit.AutoTests" name="[38] /home/travis/build/icyphy/ptII/ptolemy/domains/de/test/auto/Modal3.xml (RunModel)" time="0.036" />
  <testcase classname="ptolemy.util.test.junit.AutoTests" name="[39] /home/travis/build/icyphy/ptII/ptolemy/domains/de/test/auto/Modal4.xml (RunModel)" time="0.036" />
  <testcase classname="ptolemy.util.test.junit.AutoTests" name="[40] /home/travis/build/icyphy/ptII/ptolemy/domains/de/test/auto/Modal5.xml (RunModel)" time="0.042" />
  <testcase classname="ptolemy.util.test.junit.AutoTests" name="[41] /home/travis/build/icyphy/ptII/ptolemy/domains/de/test/auto/Modal6.xml (RunModel)" time="0.034" />
  <testcase classname="ptolemy.util.test.junit.AutoTests" name="[42] /home/travis/build/icyphy/ptII/ptolemy/domains/de/test/auto/Modal7.xml (RunModel)" time="0.038" />
  <testcase classname="ptolemy.util.test.junit.AutoTests" name="[43] /home/travis/build/icyphy/ptII/ptolemy/domains/de/test/auto/ModalModel.xml (RunModel)" time="0.19" />
  <testcase classname="ptolemy.util.test.junit.AutoTests" name="[44] /home/travis/build/icyphy/ptII/ptolemy/domains/de/test/auto/ModalSource.xml (RunModel)" time="0.019" />
  <testcase classname="ptolemy.util.test.junit.AutoTests" name="[45] /home/travis/build/icyphy/ptII/ptolemy/domains/de/test/auto/NonInterruptibleTimerZeroDelay.xml (RunModel)" time="0.011" />
  <testcase classname="ptolemy.util.test.junit.AutoTests" name="[46] /home/travis/build/icyphy/ptII/ptolemy/domains/de/test/auto/OpenQueueingNetwork.xml (RunModel)" time="2.61" />
  <testcase classname="ptolemy.util.test.junit.AutoTests" name="[47] /home/travis/build/icyphy/ptII/ptolemy/domains/de/test/auto/OpenQueuingNetwork.xml (RunModel)" time="0.285" />
  <testcase classname="ptolemy.util.test.junit.AutoTests" name="[48] /home/travis/build/icyphy/ptII/ptolemy/domains/de/test/auto/PeriodicSampler.xml (RunModel)" time="0.012" />
  <testcase classname="ptolemy.util.test.junit.AutoTests" name="[49] /home/travis/build/icyphy/ptII/ptolemy/domains/de/test/auto/PersistentIO.xml (RunModel)" time="0.027" />
  <testcase classname="ptolemy.util.test.junit.AutoTests" name="[50] /home/travis/build/icyphy/ptII/ptolemy/domains/de/test/auto/PortParameterResetOnInitialize.xml (RunModel)" time="0.011" />
  <testcase classname="ptolemy.util.test.junit.AutoTests" name="[51] /home/travis/build/icyphy/ptII/ptolemy/domains/de/test/auto/PortParameterUpdates.xml (RunModel)" time="0.017" />
  <testcase classname="ptolemy.util.test.junit.AutoTests" name="[52] /home/travis/build/icyphy/ptII/ptolemy/domains/de/test/auto/QueueAndServer.xml (RunModel)" time="0.035" />
  <testcase classname="ptolemy.util.test.junit.AutoTests" name="[53] /home/travis/build/icyphy/ptII/ptolemy/domains/de/test/auto/Records.xml (RunModel)" time="0.015" />
  <testcase classname="ptolemy.util.test.junit.AutoTests" name="[54] /home/travis/build/icyphy/ptII/ptolemy/domains/de/test/auto/ResetTransitionWithStartTime1.xml (RunModel)" time="0.02" />
  <testcase classname="ptolemy.util.test.junit.AutoTests" name="[55] /home/travis/build/icyphy/ptII/ptolemy/domains/de/test/auto/ResetTransitionWithStartTime2.xml (RunModel)" time="0.024" />
  <testcase classname="ptolemy.util.test.junit.AutoTests" name="[56] /home/travis/build/icyphy/ptII/ptolemy/domains/de/test/auto/ResetTransitionWithStartTime3.xml (RunModel)" time="0.019" />
  <testcase classname="ptolemy.util.test.junit.AutoTests" name="[57] /home/travis/build/icyphy/ptII/ptolemy/domains/de/test/auto/ResetTransitionWithStartTime4.xml (RunModel)" time="0.019" />
  <testcase classname="ptolemy.util.test.junit.AutoTests" name="[58] /home/travis/build/icyphy/ptII/ptolemy/domains/de/test/auto/ResettableTimer1.xml (RunModel)" time="0.012" />
  <testcase classname="ptolemy.util.test.junit.AutoTests" name="[59] /home/travis/build/icyphy/ptII/ptolemy/domains/de/test/auto/ResettableTimer2.xml (RunModel)" time="0.011" />
  <testcase classname="ptolemy.util.test.junit.AutoTests" name="[60] /home/travis/build/icyphy/ptII/ptolemy/domains/de/test/auto/ResettableTimer3.xml (RunModel)" time="0.01" />
  <testcase classname="ptolemy.util.test.junit.AutoTests" name="[61] /home/travis/build/icyphy/ptII/ptolemy/domains/de/test/auto/ResettableTimer4.xml (RunModel)" time="0.012" />
  <testcase classname="ptolemy.util.test.junit.AutoTests" name="[62] /home/travis/build/icyphy/ptII/ptolemy/domains/de/test/auto/ResettableTimer5.xml (RunModel)" time="0.011" />
  <testcase classname="ptolemy.util.test.junit.AutoTests" name="[63] /home/travis/build/icyphy/ptII/ptolemy/domains/de/test/auto/ResettableTimer6.xml (RunModel)" time="0.021" />
  <testcase classname="ptolemy.util.test.junit.AutoTests" name="[64] /home/travis/build/icyphy/ptII/ptolemy/domains/de/test/auto/ServerZeroDelay.xml (RunModel)" time="0.017" />
  <testcase classname="ptolemy.util.test.junit.AutoTests" name="[65] /home/travis/build/icyphy/ptII/ptolemy/domains/de/test/auto/SmartSender.xml (RunModel)" time="3.011" />
  <testcase classname="ptolemy.util.test.junit.AutoTests" name="[66] /home/travis/build/icyphy/ptII/ptolemy/domains/de/test/auto/ThreadedComposite.xml (RunModel)" time="0.126" />
  <testcase classname="ptolemy.util.test.junit.AutoTests" name="[67] /home/travis/build/icyphy/ptII/ptolemy/domains/de/test/auto/Time.xml (RunModel)" time="0.445" />
  <testcase classname="ptolemy.util.test.junit.AutoTests" name="[68] /home/travis/build/icyphy/ptII/ptolemy/domains/de/test/auto/TimeDelayZeroDelay.xml (RunModel)" time="0.011" />
  <testcase classname="ptolemy.util.test.junit.AutoTests" name="[69] /home/travis/build/icyphy/ptII/ptolemy/domains/de/test/auto/TimerZeroDelay.xml (RunModel)" time="0.012" />
  <testcase classname="ptolemy.util.test.junit.AutoTests" name="[70] /home/travis/build/icyphy/ptII/ptolemy/domains/de/test/auto/TimingParadox.xml (RunModel)" time="0.414" />
  <testcase classname="ptolemy.util.test.junit.AutoTests" name="[71] /home/travis/build/icyphy/ptII/ptolemy/domains/de/test/auto/TransferInputs.xml (RunModel)" time="0.015" />
  <testcase classname="ptolemy.util.test.junit.AutoTests" name="[72] /home/travis/build/icyphy/ptII/ptolemy/domains/de/test/auto/TransferOutputs2.xml (RunModel)" time="0.017" />
  <testcase classname="ptolemy.util.test.junit.AutoTests" name="[73] /home/travis/build/icyphy/ptII/ptolemy/domains/de/test/auto/Trilateration.xml (RunModel)" time="13.887" />
  <testcase classname="ptolemy.util.test.junit.AutoTests" name="[74] /home/travis/build/icyphy/ptII/ptolemy/domains/de/test/auto/TwoSigmaDelta.xml (RunModel)" time="2.492" />
  <testcase classname="ptolemy.util.test.junit.AutoTests" name="[75] /home/travis/build/icyphy/ptII/ptolemy/domains/de/test/auto/VariableDelay.xml (RunModel)" time="0.012" />
  <testcase classname="ptolemy.util.test.junit.AutoTests" name="[76] /home/travis/build/icyphy/ptII/ptolemy/domains/de/test/auto/VariableDelay2.xml (RunModel)" time="0.012" />
  <testcase classname="ptolemy.util.test.junit.AutoTests" name="[77] /home/travis/build/icyphy/ptII/ptolemy/domains/de/test/auto/VariableDelayZeroDelay.xml (RunModel)" time="0.019" />
  <testcase classname="ptolemy.util.test.junit.AutoTests" name="[78] /home/travis/build/icyphy/ptII/ptolemy/domains/de/test/auto/VariableDelayZeroDelay2.xml (RunModel)" time="0.013" />
  <testcase classname="ptolemy.util.test.junit.AutoTests" name="[79] /home/travis/build/icyphy/ptII/ptolemy/domains/de/test/auto/deInCt.xml (RunModel)" time="0.019" />
  <testcase classname="ptolemy.util.test.junit.AutoTests" name="[80] /home/travis/build/icyphy/ptII/ptolemy/domains/de/test/auto/deInCt2.xml (RunModel)" time="0.021" />
  <testcase classname="ptolemy.util.test.junit.AutoTests" name="[81] /home/travis/build/icyphy/ptII/ptolemy/domains/de/test/auto/dynamicCausalityInterface1.xml (RunModel)" time="0.024" />
  <testcase classname="ptolemy.util.test.junit.AutoTests" name="[82] /home/travis/build/icyphy/ptII/ptolemy/domains/de/test/auto/fsm_de_test.xml (RunModel)" time="0.028" />
  <testcase classname="ptolemy.util.test.junit.AutoTests" name="[83] /home/travis/build/icyphy/ptII/ptolemy/domains/de/test/auto/functionDependencyReconstruction.xml (RunModel)" time="0.034" />
  <testcase classname="ptolemy.util.test.junit.AutoTests" name="[84] /home/travis/build/icyphy/ptII/ptolemy/domains/de/test/auto/multirate.xml (RunModel)" time="0.016" />
  <testcase classname="ptolemy.util.test.junit.AutoTests" name="[85] /home/travis/build/icyphy/ptII/ptolemy/domains/de/test/auto/multirate2.xml (RunModel)" time="0.019" />
  <testcase classname="ptolemy.util.test.junit.AutoTests" name="[86] /home/travis/build/icyphy/ptII/ptolemy/domains/de/test/auto/realtime.xml (RunModel)" time="10.011" />
  <testcase classname="ptolemy.util.test.junit.AutoTests" name="[87] /home/travis/build/icyphy/ptII/ptolemy/domains/de/test/auto/relationGroup.xml (RunModel)" time="0.009" />
  <testcase classname="ptolemy.util.test.junit.AutoTests" name="[88] /home/travis/build/icyphy/ptII/ptolemy/domains/de/test/auto/relationGroup2.xml (RunModel)" time="0.012" />
  <testcase classname="ptolemy.util.test.junit.AutoTests" name="[89] /home/travis/build/icyphy/ptII/ptolemy/domains/de/test/auto/sortWithOpaquePorts.xml (RunModel)" time="0.012" />
  <testcase classname="ptolemy.util.test.junit.AutoTests" name="[90] /home/travis/build/icyphy/ptII/ptolemy/domains/de/test/auto/transferInputsandOutputs.xml (RunModel)" time="0.013" />
  <testcase classname="ptolemy.util.test.junit.AutoTests" name="[91] /home/travis/build/icyphy/ptII/ptolemy/domains/de/test/auto/triggerType.xml (RunModel)" time="0.009" />
  <system-out><![CDATA[/home/travis/build/icyphy/ptII/ptolemy/domains/de/test/DependencyLoop.tcl
testDefs.tcl: setting time out to 9000 seconds at Tue Jul 16 14:38:37 UTC 2019
61 ms. Memory: 120832K Free: 71624K (59%)
34 ms. Memory: 120832K Free: 54216K (45%)
/home/travis/build/icyphy/ptII/ptolemy/domains/de/test/RunDETestsAsQSS.tcl
Run the DE tests using ptolemy.domains.qss.test.QSSDirectorTest, which extends QSSDirector and prints a message in the constructors.
------------------ testing $PTII/ptolemy/domains/de/test/auto/knownFailedTests/DirectFeedback.xml (Known Failure) 
43 ms. Memory: 120832K Free: 49096K (41%)


==== $PTIIhome/travis/build/icyphy/ptII/ptolemy/domains/de/test/../../../../: Auto Automatic test in file $PTII/ptolemy/domains/de/test/auto/knownFailedTests/DirectFeedback.xml
==== Contents of test case:

	    # FIXME: we should use $relativeFilename here, but it
	    # might have backslashes under Windows, which causes no end
	    # of trouble.
	    createAndExecute $file
	    list {}
	
.... Test generated KNOWN error:
    while executing
ptolemy.kernel.util.IllegalActionException: Test fails in iteration 1.
Value was: 1.0. Should have been: 2.0
  in .DirectFeedback.Test
	at ptolemy.actor.lib.Test.fire(Test.java:268)
	at ptolemy.domains.de.kernel.DEDirector._fire(DEDirector.java:1949)
	at ptolemy.domains.de.kernel.DEDirector.fire(DEDirector.java:502)
	at ptolemy.actor.CompositeActor.fire(CompositeActor.java:455)
	at ptolemy.actor.Manager.iterate(Manager.java:851)
	at ptolemy.actor.Manager.execute(Manager.java:369)
	at ptolemy.actor.Manager.run(Manager.java:1263)
	at ptolemy.actor.Manager$PtolemyRunThread.run(Manager.java:1933)

    while executing
ptolemy.kernel.util.IllegalActionException: Test fails in iteration 1.
Value was: 1.0. Should have been: 2.0
  in .DirectFeedback.Test
    while executing
"java::new ptolemy.moml.MoMLSimpleApplication $file
"
    (procedure "createAndExecute" line 2)
    invoked from within
"createAndExecute $file"
    ("uplevel" body line 5)
    invoked from within
"uplevel $contents_of_test"
------------------ testing $PTII/ptolemy/domains/de/test/auto/knownFailedTests/dependencyLoop.xml (Known Failure) 
12 ms. Memory: 120832K Free: 46024K (38%)


==== $PTIIhome/travis/build/icyphy/ptII/ptolemy/domains/de/test/../../../../: Auto Automatic test in file $PTII/ptolemy/domains/de/test/auto/knownFailedTests/dependencyLoop.xml
==== Contents of test case:

	    # FIXME: we should use $relativeFilename here, but it
	    # might have backslashes under Windows, which causes no end
	    # of trouble.
	    createAndExecute $file
	    list {}
	
.... Test generated KNOWN error:
    while executing
ptolemy.kernel.util.IllegalActionException: Found a zero delay loop containing .dependencyLoop.original
  in .dependencyLoop and .dependencyLoop.original
	at ptolemy.actor.util.CausalityInterfaceForComposites._computeOutputPortDepth(CausalityInterfaceForComposites.java:759)
	at ptolemy.actor.util.CausalityInterfaceForComposites._computeInputDepth(CausalityInterfaceForComposites.java:696)
	at ptolemy.actor.util.CausalityInterfaceForComposites._computeOutputPortDepth(CausalityInterfaceForComposites.java:765)
	at ptolemy.actor.util.CausalityInterfaceForComposites._computeInputDepth(CausalityInterfaceForComposites.java:696)
	at ptolemy.actor.util.CausalityInterfaceForComposites._computeOutputPortDepth(CausalityInterfaceForComposites.java:765)
	at ptolemy.actor.util.CausalityInterfaceForComposites._computeInputDepth(CausalityInterfaceForComposites.java:696)
	at ptolemy.actor.util.CausalityInterfaceForComposites._computeActorDepth(CausalityInterfaceForComposites.java:532)
	at ptolemy.actor.util.CausalityInterfaceForComposites.checkForCycles(CausalityInterfaceForComposites.java:96)
	at ptolemy.domains.de.kernel.DEDirector.preinitialize(DEDirector.java:1338)
	at ptolemy.actor.CompositeActor.preinitialize(CompositeActor.java:1828)
	at ptolemy.actor.Manager.preinitializeAndResolveTypes(Manager.java:1040)
	at ptolemy.actor.Manager.initialize(Manager.java:710)
	at ptolemy.actor.Manager.execute(Manager.java:356)
	at ptolemy.actor.Manager.run(Manager.java:1263)
	at ptolemy.actor.Manager$PtolemyRunThread.run(Manager.java:1933)

    while executing
ptolemy.kernel.util.IllegalActionException: Found a zero delay loop containing .dependencyLoop.original
  in .dependencyLoop and .dependencyLoop.original
    while executing
"java::new ptolemy.moml.MoMLSimpleApplication $file
"
    (procedure "createAndExecute" line 2)
    invoked from within
"createAndExecute $file"
    ("uplevel" body line 5)
    invoked from within
"uplevel $contents_of_test"
------------------ testing $PTII/ptolemy/domains/de/test/auto/knownFailedTests/FSMSource.xml (Known Failure) 
89 ms. Memory: 120832K Free: 99793K (83%)
!!!! Auto was marked as failing, but now passes
------------------ testing $PTII/ptolemy/domains/de/test/auto/knownFailedTests/HierarchicalModel.xml (Known Failure) 
14 ms. Memory: 120832K Free: 82389K (68%)


==== $PTIIhome/travis/build/icyphy/ptII/ptolemy/domains/de/test/../../../../: Auto Automatic test in file $PTII/ptolemy/domains/de/test/auto/knownFailedTests/HierarchicalModel.xml
==== Contents of test case:

	    # FIXME: we should use $relativeFilename here, but it
	    # might have backslashes under Windows, which causes no end
	    # of trouble.
	    createAndExecute $file
	    list {}
	
.... Test generated KNOWN error:
    while executing
ptolemy.kernel.util.IllegalActionException: Found a zero delay loop containing .HierarchicalModel.A
  in .HierarchicalModel and .HierarchicalModel.A
	at ptolemy.actor.util.CausalityInterfaceForComposites._computeOutputPortDepth(CausalityInterfaceForComposites.java:759)
	at ptolemy.actor.util.CausalityInterfaceForComposites._computeInputDepth(CausalityInterfaceForComposites.java:696)
	at ptolemy.actor.util.CausalityInterfaceForComposites._computeOutputPortDepth(CausalityInterfaceForComposites.java:765)
	at ptolemy.actor.util.CausalityInterfaceForComposites._computeInputDepth(CausalityInterfaceForComposites.java:696)
	at ptolemy.actor.util.CausalityInterfaceForComposites._computeOutputPortDepth(CausalityInterfaceForComposites.java:765)
	at ptolemy.actor.util.CausalityInterfaceForComposites._computeInputDepth(CausalityInterfaceForComposites.java:696)
	at ptolemy.actor.util.CausalityInterfaceForComposites._computeActorDepth(CausalityInterfaceForComposites.java:532)
	at ptolemy.actor.util.CausalityInterfaceForComposites.checkForCycles(CausalityInterfaceForComposites.java:96)
	at ptolemy.domains.de.kernel.DEDirector.preinitialize(DEDirector.java:1338)
	at ptolemy.actor.CompositeActor.preinitialize(CompositeActor.java:1828)
	at ptolemy.actor.Manager.preinitializeAndResolveTypes(Manager.java:1040)
	at ptolemy.actor.Manager.initialize(Manager.java:710)
	at ptolemy.actor.Manager.execute(Manager.java:356)
	at ptolemy.actor.Manager.run(Manager.java:1263)
	at ptolemy.actor.Manager$PtolemyRunThread.run(Manager.java:1933)

    while executing
ptolemy.kernel.util.IllegalActionException: Found a zero delay loop containing .HierarchicalModel.A
  in .HierarchicalModel and .HierarchicalModel.A
    while executing
"java::new ptolemy.moml.MoMLSimpleApplication $file
"
    (procedure "createAndExecute" line 2)
    invoked from within
"createAndExecute $file"
    ("uplevel" body line 5)
    invoked from within
"uplevel $contents_of_test"
------------------ testing $PTII/ptolemy/domains/de/test/auto/knownFailedTests/dependencyLoop2.xml (Known Failure) 
5 ms. Memory: 120832K Free: 104433K (86%)


==== $PTIIhome/travis/build/icyphy/ptII/ptolemy/domains/de/test/../../../../: Auto Automatic test in file $PTII/ptolemy/domains/de/test/auto/knownFailedTests/dependencyLoop2.xml
==== Contents of test case:

	    # FIXME: we should use $relativeFilename here, but it
	    # might have backslashes under Windows, which causes no end
	    # of trouble.
	    createAndExecute $file
	    list {}
	
.... Test generated KNOWN error:
    while executing
ptolemy.kernel.util.IllegalActionException: Found a zero delay loop containing .dependencyLoop2.original
  in .dependencyLoop2 and .dependencyLoop2.original
	at ptolemy.actor.util.CausalityInterfaceForComposites._computeOutputPortDepth(CausalityInterfaceForComposites.java:759)
	at ptolemy.actor.util.CausalityInterfaceForComposites._computeInputDepth(CausalityInterfaceForComposites.java:696)
	at ptolemy.actor.util.CausalityInterfaceForComposites._computeOutputPortDepth(CausalityInterfaceForComposites.java:765)
	at ptolemy.actor.util.CausalityInterfaceForComposites._computeInputDepth(CausalityInterfaceForComposites.java:696)
	at ptolemy.actor.util.CausalityInterfaceForComposites._computeOutputPortDepth(CausalityInterfaceForComposites.java:765)
	at ptolemy.actor.util.CausalityInterfaceForComposites._computeInputDepth(CausalityInterfaceForComposites.java:696)
	at ptolemy.actor.util.CausalityInterfaceForComposites._computeActorDepth(CausalityInterfaceForComposites.java:532)
	at ptolemy.actor.util.CausalityInterfaceForComposites.checkForCycles(CausalityInterfaceForComposites.java:96)
	at ptolemy.domains.de.kernel.DEDirector.preinitialize(DEDirector.java:1338)
	at ptolemy.actor.CompositeActor.preinitialize(CompositeActor.java:1828)
	at ptolemy.actor.Manager.preinitializeAndResolveTypes(Manager.java:1040)
	at ptolemy.actor.Manager.initialize(Manager.java:710)
	at ptolemy.actor.Manager.execute(Manager.java:356)
	at ptolemy.actor.Manager.run(Manager.java:1263)
	at ptolemy.actor.Manager$PtolemyRunThread.run(Manager.java:1933)

    while executing
ptolemy.kernel.util.IllegalActionException: Found a zero delay loop containing .dependencyLoop2.original
  in .dependencyLoop2 and .dependencyLoop2.original
    while executing
"java::new ptolemy.moml.MoMLSimpleApplication $file
"
    (procedure "createAndExecute" line 2)
    invoked from within
"createAndExecute $file"
    ("uplevel" body line 5)
    invoked from within
"uplevel $contents_of_test"
------------------ testing $PTII/ptolemy/domains/de/test/auto/knownFailedTests/DESDFClockTest.xml (Known Failure) 
2061 ms. Memory: 120832K Free: 91135K (75%)


==== $PTIIhome/travis/build/icyphy/ptII/ptolemy/domains/de/test/../../../../: Auto Automatic test in file $PTII/ptolemy/domains/de/test/auto/knownFailedTests/DESDFClockTest.xml
==== Contents of test case:

	    # FIXME: we should use $relativeFilename here, but it
	    # might have backslashes under Windows, which causes no end
	    # of trouble.
	    createAndExecute $file
	    list {}
	
.... Test generated KNOWN error:
    while executing
ptolemy.kernel.util.IllegalActionException: Actor is not ready to fire.  Perhaps UpSample.prefire() returned false? Try debugging the actor by selecting "Listen to Actor".  Also, for SDF check moml for tokenConsumptionRate on input.
  in .DESDFClockTest.Play Bell.Copy1:SDF Director and .DESDFClockTest.Play Bell.UpSample
	at ptolemy.actor.sched.StaticSchedulingDirector.fire(StaticSchedulingDirector.java:227)
	at ptolemy.domains.sdf.kernel.SDFDirector.fire(SDFDirector.java:500)
	at ptolemy.actor.CompositeActor.fire(CompositeActor.java:455)
	at ptolemy.domains.de.kernel.DEDirector._fire(DEDirector.java:1949)
	at ptolemy.domains.de.kernel.DEDirector.fire(DEDirector.java:502)
	at ptolemy.actor.CompositeActor.fire(CompositeActor.java:455)
	at ptolemy.actor.Manager.iterate(Manager.java:851)
	at ptolemy.actor.Manager.execute(Manager.java:369)
	at ptolemy.actor.Manager.run(Manager.java:1263)
	at ptolemy.actor.Manager$PtolemyRunThread.run(Manager.java:1933)

    while executing
ptolemy.kernel.util.IllegalActionException: Actor is not ready to fire.  Perhaps UpSample.prefire() returned false? Try debugging the actor by selecting "Listen to Actor".  Also, for SDF check moml for tokenConsumptionRate on input.
  in .DESDFClockTest.Play Bell.Copy1:SDF Director and .DESDFClockTest.Play Bell.UpSample
    while executing
"java::new ptolemy.moml.MoMLSimpleApplication $file
"
    (procedure "createAndExecute" line 2)
    invoked from within
"createAndExecute $file"
    ("uplevel" body line 5)
    invoked from within
"uplevel $contents_of_test"
------------------ testing $PTII/ptolemy/domains/de/test/auto/ActorDepthCalculation_actorWithoutPorts.xml
auto.tcl: Setting watchdog for 200 seconds at Tue Jul 16 14:38:41 UTC 2019
8 ms. Memory: 120832K Free: 83457K (69%)
ptolemy.util.test.WatchDog.cancel(): canceling Tue Jul 16 14:38:41 UTC 2019
auto.tcl: Setting watchdog for 200 seconds at Tue Jul 16 14:38:41 UTC 2019
8 ms. Memory: 120832K Free: 81919K (68%)
ptolemy.util.test.WatchDog.cancel(): canceling Tue Jul 16 14:38:41 UTC 2019
------------------ testing $PTII/ptolemy/domains/de/test/auto/AssemblyLine.xml
auto.tcl: Setting watchdog for 200 seconds at Tue Jul 16 14:38:41 UTC 2019
27 ms. Memory: 51200K Free: 28273K (55%)
ptolemy.util.test.WatchDog.cancel(): canceling Tue Jul 16 14:38:41 UTC 2019
auto.tcl: Setting watchdog for 200 seconds at Tue Jul 16 14:38:41 UTC 2019
14 ms. Memory: 51200K Free: 27836K (54%)
ptolemy.util.test.WatchDog.cancel(): canceling Tue Jul 16 14:38:41 UTC 2019
------------------ testing $PTII/ptolemy/domains/de/test/auto/CQBug1.xml
auto.tcl: Setting watchdog for 200 seconds at Tue Jul 16 14:38:41 UTC 2019
3 ms. Memory: 48128K Free: 31533K (66%)
ptolemy.util.test.WatchDog.cancel(): canceling Tue Jul 16 14:38:41 UTC 2019
auto.tcl: Setting watchdog for 200 seconds at Tue Jul 16 14:38:41 UTC 2019
3 ms. Memory: 48128K Free: 31090K (65%)
ptolemy.util.test.WatchDog.cancel(): canceling Tue Jul 16 14:38:42 UTC 2019
------------------ testing $PTII/ptolemy/domains/de/test/auto/CancelFireAt.xml
auto.tcl: Setting watchdog for 200 seconds at Tue Jul 16 14:38:42 UTC 2019
2 ms. Memory: 48128K Free: 32776K (68%)
ptolemy.util.test.WatchDog.cancel(): canceling Tue Jul 16 14:38:42 UTC 2019
auto.tcl: Setting watchdog for 200 seconds at Tue Jul 16 14:38:42 UTC 2019
3 ms. Memory: 48128K Free: 32003K (66%)
ptolemy.util.test.WatchDog.cancel(): canceling Tue Jul 16 14:38:42 UTC 2019
------------------ testing $PTII/ptolemy/domains/de/test/auto/CausalityAndComposabilityAnalysis.xml
auto.tcl: Setting watchdog for 200 seconds at Tue Jul 16 14:38:42 UTC 2019
13 ms. Memory: 48128K Free: 30472K (63%)
ptolemy.util.test.WatchDog.cancel(): canceling Tue Jul 16 14:38:42 UTC 2019
auto.tcl: Setting watchdog for 200 seconds at Tue Jul 16 14:38:42 UTC 2019
7 ms. Memory: 48128K Free: 30070K (62%)
ptolemy.util.test.WatchDog.cancel(): canceling Tue Jul 16 14:38:42 UTC 2019
------------------ testing $PTII/ptolemy/domains/de/test/auto/CausalityInterface1.xml
auto.tcl: Setting watchdog for 200 seconds at Tue Jul 16 14:38:42 UTC 2019
25 ms. Memory: 48128K Free: 29428K (61%)
ptolemy.util.test.WatchDog.cancel(): canceling Tue Jul 16 14:38:42 UTC 2019
auto.tcl: Setting watchdog for 200 seconds at Tue Jul 16 14:38:42 UTC 2019
4 ms. Memory: 48128K Free: 28458K (59%)
ptolemy.util.test.WatchDog.cancel(): canceling Tue Jul 16 14:38:42 UTC 2019
------------------ testing $PTII/ptolemy/domains/de/test/auto/CausalityInterface15.xml
auto.tcl: Setting watchdog for 200 seconds at Tue Jul 16 14:38:42 UTC 2019
13 ms. Memory: 48128K Free: 29573K (61%)
ptolemy.util.test.WatchDog.cancel(): canceling Tue Jul 16 14:38:42 UTC 2019
auto.tcl: Setting watchdog for 200 seconds at Tue Jul 16 14:38:42 UTC 2019
7 ms. Memory: 48128K Free: 28421K (59%)
ptolemy.util.test.WatchDog.cancel(): canceling Tue Jul 16 14:38:42 UTC 2019
------------------ testing $PTII/ptolemy/domains/de/test/auto/CausalityInterface2.xml
auto.tcl: Setting watchdog for 200 seconds at Tue Jul 16 14:38:42 UTC 2019
4 ms. Memory: 48128K Free: 29599K (62%)
ptolemy.util.test.WatchDog.cancel(): canceling Tue Jul 16 14:38:42 UTC 2019
auto.tcl: Setting watchdog for 200 seconds at Tue Jul 16 14:38:42 UTC 2019
3 ms. Memory: 48128K Free: 28826K (60%)
ptolemy.util.test.WatchDog.cancel(): canceling Tue Jul 16 14:38:42 UTC 2019
------------------ testing $PTII/ptolemy/domains/de/test/auto/CausalityInterface3.xml
auto.tcl: Setting watchdog for 200 seconds at Tue Jul 16 14:38:42 UTC 2019
4 ms. Memory: 48128K Free: 29610K (62%)
ptolemy.util.test.WatchDog.cancel(): canceling Tue Jul 16 14:38:42 UTC 2019
auto.tcl: Setting watchdog for 200 seconds at Tue Jul 16 14:38:42 UTC 2019
4 ms. Memory: 48128K Free: 28824K (60%)
ptolemy.util.test.WatchDog.cancel(): canceling Tue Jul 16 14:38:42 UTC 2019
------------------ testing $PTII/ptolemy/domains/de/test/auto/ClockDrift.xml
auto.tcl: Setting watchdog for 200 seconds at Tue Jul 16 14:38:42 UTC 2019
113 ms. Memory: 48128K Free: 22174K (46%)
ptolemy.util.test.WatchDog.cancel(): canceling Tue Jul 16 14:38:42 UTC 2019
auto.tcl: Setting watchdog for 200 seconds at Tue Jul 16 14:38:42 UTC 2019
43 ms. Memory: 48128K Free: 18787K (39%)
ptolemy.util.test.WatchDog.cancel(): canceling Tue Jul 16 14:38:42 UTC 2019
------------------ testing $PTII/ptolemy/domains/de/test/auto/ClockDriftAndValueChange.xml
auto.tcl: Setting watchdog for 200 seconds at Tue Jul 16 14:38:42 UTC 2019
52 ms. Memory: 48128K Free: 22553K (47%)
ptolemy.util.test.WatchDog.cancel(): canceling Tue Jul 16 14:38:43 UTC 2019
auto.tcl: Setting watchdog for 200 seconds at Tue Jul 16 14:38:43 UTC 2019
35 ms. Memory: 48128K Free: 19442K (40%)
ptolemy.util.test.WatchDog.cancel(): canceling Tue Jul 16 14:38:43 UTC 2019
------------------ testing $PTII/ptolemy/domains/de/test/auto/ClockDriftChange.xml
auto.tcl: Setting watchdog for 200 seconds at Tue Jul 16 14:38:43 UTC 2019
22 ms. Memory: 48128K Free: 24324K (51%)
ptolemy.util.test.WatchDog.cancel(): canceling Tue Jul 16 14:38:43 UTC 2019
auto.tcl: Setting watchdog for 200 seconds at Tue Jul 16 14:38:43 UTC 2019
31 ms. Memory: 48128K Free: 21768K (45%)
ptolemy.util.test.WatchDog.cancel(): canceling Tue Jul 16 14:38:43 UTC 2019
------------------ testing $PTII/ptolemy/domains/de/test/auto/ComposableCausalityAnalysis.xml
auto.tcl: Setting watchdog for 200 seconds at Tue Jul 16 14:38:43 UTC 2019
2 ms. Memory: 48128K Free: 29010K (60%)
ptolemy.util.test.WatchDog.cancel(): canceling Tue Jul 16 14:38:43 UTC 2019
auto.tcl: Setting watchdog for 200 seconds at Tue Jul 16 14:38:43 UTC 2019
6 ms. Memory: 48128K Free: 27901K (58%)
ptolemy.util.test.WatchDog.cancel(): canceling Tue Jul 16 14:38:43 UTC 2019
------------------ testing $PTII/ptolemy/domains/de/test/auto/DEFixedPointLimitation.xml
auto.tcl: Setting watchdog for 200 seconds at Tue Jul 16 14:38:43 UTC 2019
8 ms. Memory: 48128K Free: 30211K (63%)
ptolemy.util.test.WatchDog.cancel(): canceling Tue Jul 16 14:38:43 UTC 2019
auto.tcl: Setting watchdog for 200 seconds at Tue Jul 16 14:38:43 UTC 2019
2 ms. Memory: 48128K Free: 29378K (61%)
ptolemy.util.test.WatchDog.cancel(): canceling Tue Jul 16 14:38:43 UTC 2019
------------------ testing $PTII/ptolemy/domains/de/test/auto/DEScheduleTest.xml
auto.tcl: Setting watchdog for 200 seconds at Tue Jul 16 14:38:43 UTC 2019
9 ms. Memory: 48128K Free: 30590K (64%)
ptolemy.util.test.WatchDog.cancel(): canceling Tue Jul 16 14:38:43 UTC 2019
auto.tcl: Setting watchdog for 200 seconds at Tue Jul 16 14:38:43 UTC 2019
3 ms. Memory: 48128K Free: 29834K (62%)
ptolemy.util.test.WatchDog.cancel(): canceling Tue Jul 16 14:38:43 UTC 2019
------------------ testing $PTII/ptolemy/domains/de/test/auto/DEinDEwithStartTimes.xml
auto.tcl: Setting watchdog for 200 seconds at Tue Jul 16 14:38:43 UTC 2019
4 ms. Memory: 48128K Free: 28770K (60%)
ptolemy.util.test.WatchDog.cancel(): canceling Tue Jul 16 14:38:43 UTC 2019
auto.tcl: Setting watchdog for 200 seconds at Tue Jul 16 14:38:43 UTC 2019
4 ms. Memory: 48128K Free: 27737K (58%)
ptolemy.util.test.WatchDog.cancel(): canceling Tue Jul 16 14:38:43 UTC 2019
------------------ testing $PTII/ptolemy/domains/de/test/auto/DEinDEwithStartTimes2.xml
auto.tcl: Setting watchdog for 200 seconds at Tue Jul 16 14:38:43 UTC 2019
7 ms. Memory: 48128K Free: 27961K (58%)
ptolemy.util.test.WatchDog.cancel(): canceling Tue Jul 16 14:38:43 UTC 2019
auto.tcl: Setting watchdog for 200 seconds at Tue Jul 16 14:38:43 UTC 2019
5 ms. Memory: 48128K Free: 26692K (55%)
ptolemy.util.test.WatchDog.cancel(): canceling Tue Jul 16 14:38:43 UTC 2019
------------------ testing $PTII/ptolemy/domains/de/test/auto/DateDemo.xml
auto.tcl: Setting watchdog for 200 seconds at Tue Jul 16 14:38:43 UTC 2019
13 ms. Memory: 48128K Free: 22618K (47%)
ptolemy.util.test.WatchDog.cancel(): canceling Tue Jul 16 14:38:43 UTC 2019
auto.tcl: Setting watchdog for 200 seconds at Tue Jul 16 14:38:43 UTC 2019
11 ms. Memory: 48128K Free: 21152K (44%)
ptolemy.util.test.WatchDog.cancel(): canceling Tue Jul 16 14:38:43 UTC 2019
------------------ testing $PTII/ptolemy/domains/de/test/auto/DateToEvent.xml
auto.tcl: Setting watchdog for 200 seconds at Tue Jul 16 14:38:43 UTC 2019
2022 ms. Memory: 48128K Free: 17762K (37%)
ptolemy.util.test.WatchDog.cancel(): canceling Tue Jul 16 14:38:45 UTC 2019
auto.tcl: Setting watchdog for 200 seconds at Tue Jul 16 14:38:45 UTC 2019
2006 ms. Memory: 48128K Free: 17354K (36%)
ptolemy.util.test.WatchDog.cancel(): canceling Tue Jul 16 14:38:47 UTC 2019
------------------ testing $PTII/ptolemy/domains/de/test/auto/DepthTest1.xml
auto.tcl: Setting watchdog for 200 seconds at Tue Jul 16 14:38:47 UTC 2019
3 ms. Memory: 48128K Free: 31402K (65%)
ptolemy.util.test.WatchDog.cancel(): canceling Tue Jul 16 14:38:47 UTC 2019
auto.tcl: Setting watchdog for 200 seconds at Tue Jul 16 14:38:47 UTC 2019
2 ms. Memory: 48128K Free: 30986K (64%)
ptolemy.util.test.WatchDog.cancel(): canceling Tue Jul 16 14:38:48 UTC 2019
------------------ testing $PTII/ptolemy/domains/de/test/auto/DepthTest2.xml
auto.tcl: Setting watchdog for 200 seconds at Tue Jul 16 14:38:48 UTC 2019
15 ms. Memory: 48128K Free: 28261K (59%)
ptolemy.util.test.WatchDog.cancel(): canceling Tue Jul 16 14:38:48 UTC 2019
auto.tcl: Setting watchdog for 200 seconds at Tue Jul 16 14:38:48 UTC 2019
6 ms. Memory: 48128K Free: 27731K (58%)
ptolemy.util.test.WatchDog.cancel(): canceling Tue Jul 16 14:38:48 UTC 2019
------------------ testing $PTII/ptolemy/domains/de/test/auto/DepthTest3.xml
auto.tcl: Setting watchdog for 200 seconds at Tue Jul 16 14:38:48 UTC 2019
8 ms. Memory: 48128K Free: 31733K (66%)
ptolemy.util.test.WatchDog.cancel(): canceling Tue Jul 16 14:38:48 UTC 2019
auto.tcl: Setting watchdog for 200 seconds at Tue Jul 16 14:38:48 UTC 2019
2 ms. Memory: 48128K Free: 31309K (65%)
ptolemy.util.test.WatchDog.cancel(): canceling Tue Jul 16 14:38:48 UTC 2019
------------------ testing $PTII/ptolemy/domains/de/test/auto/DepthTest4.xml
auto.tcl: Setting watchdog for 200 seconds at Tue Jul 16 14:38:48 UTC 2019
6 ms. Memory: 48128K Free: 30084K (63%)
ptolemy.util.test.WatchDog.cancel(): canceling Tue Jul 16 14:38:48 UTC 2019
auto.tcl: Setting watchdog for 200 seconds at Tue Jul 16 14:38:48 UTC 2019
2 ms. Memory: 48128K Free: 29375K (61%)
ptolemy.util.test.WatchDog.cancel(): canceling Tue Jul 16 14:38:48 UTC 2019
------------------ testing $PTII/ptolemy/domains/de/test/auto/DepthTest5.xml
auto.tcl: Setting watchdog for 200 seconds at Tue Jul 16 14:38:48 UTC 2019
3 ms. Memory: 48128K Free: 29467K (61%)
ptolemy.util.test.WatchDog.cancel(): canceling Tue Jul 16 14:38:48 UTC 2019
auto.tcl: Setting watchdog for 200 seconds at Tue Jul 16 14:38:48 UTC 2019
2 ms. Memory: 48128K Free: 28695K (60%)
ptolemy.util.test.WatchDog.cancel(): canceling Tue Jul 16 14:38:48 UTC 2019
------------------ testing $PTII/ptolemy/domains/de/test/auto/DepthTest6.xml
auto.tcl: Setting watchdog for 200 seconds at Tue Jul 16 14:38:48 UTC 2019
6 ms. Memory: 48128K Free: 29201K (61%)
ptolemy.util.test.WatchDog.cancel(): canceling Tue Jul 16 14:38:48 UTC 2019
auto.tcl: Setting watchdog for 200 seconds at Tue Jul 16 14:38:48 UTC 2019
2 ms. Memory: 48128K Free: 28793K (60%)
ptolemy.util.test.WatchDog.cancel(): canceling Tue Jul 16 14:38:48 UTC 2019
------------------ testing $PTII/ptolemy/domains/de/test/auto/DepthTest7.xml
auto.tcl: Setting watchdog for 200 seconds at Tue Jul 16 14:38:48 UTC 2019
3 ms. Memory: 48128K Free: 29445K (61%)
ptolemy.util.test.WatchDog.cancel(): canceling Tue Jul 16 14:38:48 UTC 2019
auto.tcl: Setting watchdog for 200 seconds at Tue Jul 16 14:38:48 UTC 2019
3 ms. Memory: 48128K Free: 29021K (60%)
ptolemy.util.test.WatchDog.cancel(): canceling Tue Jul 16 14:38:48 UTC 2019
------------------ testing $PTII/ptolemy/domains/de/test/auto/EventToDate.xml
auto.tcl: Setting watchdog for 200 seconds at Tue Jul 16 14:38:48 UTC 2019
3012 ms. Memory: 48128K Free: 20744K (43%)
ptolemy.util.test.WatchDog.cancel(): canceling Tue Jul 16 14:38:51 UTC 2019
auto.tcl: Setting watchdog for 200 seconds at Tue Jul 16 14:38:51 UTC 2019
3004 ms. Memory: 48128K Free: 20078K (42%)
ptolemy.util.test.WatchDog.cancel(): canceling Tue Jul 16 14:38:54 UTC 2019
------------------ testing $PTII/ptolemy/domains/de/test/auto/FSM1.xml
auto.tcl: Setting watchdog for 200 seconds at Tue Jul 16 14:38:54 UTC 2019
41 ms. Memory: 48128K Free: 21474K (45%)
ptolemy.util.test.WatchDog.cancel(): canceling Tue Jul 16 14:38:54 UTC 2019
auto.tcl: Setting watchdog for 200 seconds at Tue Jul 16 14:38:54 UTC 2019
39 ms. Memory: 48128K Free: 18327K (38%)
ptolemy.util.test.WatchDog.cancel(): canceling Tue Jul 16 14:38:54 UTC 2019
------------------ testing $PTII/ptolemy/domains/de/test/auto/FSM7.xml
auto.tcl: Setting watchdog for 200 seconds at Tue Jul 16 14:38:54 UTC 2019
15 ms. Memory: 48128K Free: 21685K (45%)
ptolemy.util.test.WatchDog.cancel(): canceling Tue Jul 16 14:38:54 UTC 2019
auto.tcl: Setting watchdog for 200 seconds at Tue Jul 16 14:38:54 UTC 2019
23 ms. Memory: 48128K Free: 18343K (38%)
ptolemy.util.test.WatchDog.cancel(): canceling Tue Jul 16 14:38:54 UTC 2019
------------------ testing $PTII/ptolemy/domains/de/test/auto/Inspection.xml
auto.tcl: Setting watchdog for 200 seconds at Tue Jul 16 14:38:54 UTC 2019
31 ms. Memory: 48128K Free: 21481K (45%)
ptolemy.util.test.WatchDog.cancel(): canceling Tue Jul 16 14:38:55 UTC 2019
auto.tcl: Setting watchdog for 200 seconds at Tue Jul 16 14:38:55 UTC 2019
33 ms. Memory: 48128K Free: 19626K (41%)
ptolemy.util.test.WatchDog.cancel(): canceling Tue Jul 16 14:38:55 UTC 2019
------------------ testing $PTII/ptolemy/domains/de/test/auto/Iteration.xml
auto.tcl: Setting watchdog for 200 seconds at Tue Jul 16 14:38:55 UTC 2019
11 ms. Memory: 48128K Free: 27461K (57%)
ptolemy.util.test.WatchDog.cancel(): canceling Tue Jul 16 14:38:55 UTC 2019
auto.tcl: Setting watchdog for 200 seconds at Tue Jul 16 14:38:55 UTC 2019
7 ms. Memory: 48128K Free: 26437K (55%)
ptolemy.util.test.WatchDog.cancel(): canceling Tue Jul 16 14:38:55 UTC 2019
------------------ testing $PTII/ptolemy/domains/de/test/auto/LineFault.xml
auto.tcl: Setting watchdog for 200 seconds at Tue Jul 16 14:38:55 UTC 2019
710 ms. Memory: 66560K Free: 42674K (64%)
ptolemy.util.test.WatchDog.cancel(): canceling Tue Jul 16 14:38:56 UTC 2019
auto.tcl: Setting watchdog for 200 seconds at Tue Jul 16 14:38:56 UTC 2019
638 ms. Memory: 66560K Free: 43604K (66%)
ptolemy.util.test.WatchDog.cancel(): canceling Tue Jul 16 14:38:56 UTC 2019
------------------ testing $PTII/ptolemy/domains/de/test/auto/MergeModel1Add.xml
auto.tcl: Setting watchdog for 200 seconds at Tue Jul 16 14:38:56 UTC 2019
18 ms. Memory: 55296K Free: 20053K (36%)
ptolemy.util.test.WatchDog.cancel(): canceling Tue Jul 16 14:38:56 UTC 2019
auto.tcl: Setting watchdog for 200 seconds at Tue Jul 16 14:38:56 UTC 2019
10 ms. Memory: 55296K Free: 18822K (34%)
ptolemy.util.test.WatchDog.cancel(): canceling Tue Jul 16 14:38:56 UTC 2019
------------------ testing $PTII/ptolemy/domains/de/test/auto/MergeModel2Add.xml
auto.tcl: Setting watchdog for 200 seconds at Tue Jul 16 14:38:57 UTC 2019
12 ms. Memory: 48128K Free: 16020K (33%)
ptolemy.util.test.WatchDog.cancel(): canceling Tue Jul 16 14:38:57 UTC 2019
auto.tcl: Setting watchdog for 200 seconds at Tue Jul 16 14:38:57 UTC 2019
11 ms. Memory: 48128K Free: 14567K (30%)
ptolemy.util.test.WatchDog.cancel(): canceling Tue Jul 16 14:38:57 UTC 2019
------------------ testing $PTII/ptolemy/domains/de/test/auto/MergeModel3Add.xml
auto.tcl: Setting watchdog for 200 seconds at Tue Jul 16 14:38:57 UTC 2019
11 ms. Memory: 48128K Free: 15320K (32%)
ptolemy.util.test.WatchDog.cancel(): canceling Tue Jul 16 14:38:57 UTC 2019
auto.tcl: Setting watchdog for 200 seconds at Tue Jul 16 14:38:57 UTC 2019
8 ms. Memory: 48128K Free: 13565K (28%)
ptolemy.util.test.WatchDog.cancel(): canceling Tue Jul 16 14:38:57 UTC 2019
------------------ testing $PTII/ptolemy/domains/de/test/auto/MergeWithoutDiscard.xml
auto.tcl: Setting watchdog for 200 seconds at Tue Jul 16 14:38:57 UTC 2019
1 ms. Memory: 48128K Free: 29852K (62%)
ptolemy.util.test.WatchDog.cancel(): canceling Tue Jul 16 14:38:57 UTC 2019
auto.tcl: Setting watchdog for 200 seconds at Tue Jul 16 14:38:57 UTC 2019
1 ms. Memory: 48128K Free: 29420K (61%)
ptolemy.util.test.WatchDog.cancel(): canceling Tue Jul 16 14:38:57 UTC 2019
------------------ testing $PTII/ptolemy/domains/de/test/auto/Modal1.xml
auto.tcl: Setting watchdog for 200 seconds at Tue Jul 16 14:38:57 UTC 2019
17 ms. Memory: 48128K Free: 21966K (46%)
ptolemy.util.test.WatchDog.cancel(): canceling Tue Jul 16 14:38:57 UTC 2019
auto.tcl: Setting watchdog for 200 seconds at Tue Jul 16 14:38:57 UTC 2019
23 ms. Memory: 48128K Free: 18478K (38%)
ptolemy.util.test.WatchDog.cancel(): canceling Tue Jul 16 14:38:57 UTC 2019
------------------ testing $PTII/ptolemy/domains/de/test/auto/Modal2.xml
auto.tcl: Setting watchdog for 200 seconds at Tue Jul 16 14:38:57 UTC 2019
22 ms. Memory: 48128K Free: 22096K (46%)
ptolemy.util.test.WatchDog.cancel(): canceling Tue Jul 16 14:38:57 UTC 2019
auto.tcl: Setting watchdog for 200 seconds at Tue Jul 16 14:38:57 UTC 2019
21 ms. Memory: 48128K Free: 18857K (39%)
ptolemy.util.test.WatchDog.cancel(): canceling Tue Jul 16 14:38:57 UTC 2019
------------------ testing $PTII/ptolemy/domains/de/test/auto/Modal3.xml
auto.tcl: Setting watchdog for 200 seconds at Tue Jul 16 14:38:57 UTC 2019
14 ms. Memory: 48128K Free: 21443K (45%)
ptolemy.util.test.WatchDog.cancel(): canceling Tue Jul 16 14:38:57 UTC 2019
auto.tcl: Setting watchdog for 200 seconds at Tue Jul 16 14:38:57 UTC 2019
10 ms. Memory: 48128K Free: 18262K (38%)
ptolemy.util.test.WatchDog.cancel(): canceling Tue Jul 16 14:38:57 UTC 2019
------------------ testing $PTII/ptolemy/domains/de/test/auto/Modal4.xml
auto.tcl: Setting watchdog for 200 seconds at Tue Jul 16 14:38:57 UTC 2019
14 ms. Memory: 48128K Free: 20608K (43%)
ptolemy.util.test.WatchDog.cancel(): canceling Tue Jul 16 14:38:57 UTC 2019
auto.tcl: Setting watchdog for 200 seconds at Tue Jul 16 14:38:57 UTC 2019
19 ms. Memory: 48128K Free: 16634K (35%)
ptolemy.util.test.WatchDog.cancel(): canceling Tue Jul 16 14:38:57 UTC 2019
------------------ testing $PTII/ptolemy/domains/de/test/auto/Modal5.xml
auto.tcl: Setting watchdog for 200 seconds at Tue Jul 16 14:38:57 UTC 2019
14 ms. Memory: 48128K Free: 20862K (43%)
ptolemy.util.test.WatchDog.cancel(): canceling Tue Jul 16 14:38:57 UTC 2019
auto.tcl: Setting watchdog for 200 seconds at Tue Jul 16 14:38:57 UTC 2019
13 ms. Memory: 48128K Free: 17014K (35%)
ptolemy.util.test.WatchDog.cancel(): canceling Tue Jul 16 14:38:57 UTC 2019
------------------ testing $PTII/ptolemy/domains/de/test/auto/Modal6.xml
auto.tcl: Setting watchdog for 200 seconds at Tue Jul 16 14:38:57 UTC 2019
12 ms. Memory: 48128K Free: 21631K (45%)
ptolemy.util.test.WatchDog.cancel(): canceling Tue Jul 16 14:38:58 UTC 2019
auto.tcl: Setting watchdog for 200 seconds at Tue Jul 16 14:38:58 UTC 2019
13 ms. Memory: 48128K Free: 17624K (37%)
ptolemy.util.test.WatchDog.cancel(): canceling Tue Jul 16 14:38:58 UTC 2019
------------------ testing $PTII/ptolemy/domains/de/test/auto/Modal7.xml
auto.tcl: Setting watchdog for 200 seconds at Tue Jul 16 14:38:58 UTC 2019
10 ms. Memory: 48128K Free: 20100K (42%)
ptolemy.util.test.WatchDog.cancel(): canceling Tue Jul 16 14:38:58 UTC 2019
auto.tcl: Setting watchdog for 200 seconds at Tue Jul 16 14:38:58 UTC 2019
11 ms. Memory: 48128K Free: 16638K (35%)
ptolemy.util.test.WatchDog.cancel(): canceling Tue Jul 16 14:38:58 UTC 2019
------------------ testing $PTII/ptolemy/domains/de/test/auto/ModalModel.xml
auto.tcl: Setting watchdog for 200 seconds at Tue Jul 16 14:38:58 UTC 2019
221 ms. Memory: 48128K Free: 11688K (24%)
ptolemy.util.test.WatchDog.cancel(): canceling Tue Jul 16 14:38:58 UTC 2019
auto.tcl: Setting watchdog for 200 seconds at Tue Jul 16 14:38:58 UTC 2019
217 ms. Memory: 58368K Free: 15349K (26%)
ptolemy.util.test.WatchDog.cancel(): canceling Tue Jul 16 14:38:58 UTC 2019
------------------ testing $PTII/ptolemy/domains/de/test/auto/ModalSource.xml
auto.tcl: Setting watchdog for 200 seconds at Tue Jul 16 14:38:58 UTC 2019
7 ms. Memory: 51200K Free: 28759K (56%)
ptolemy.util.test.WatchDog.cancel(): canceling Tue Jul 16 14:38:58 UTC 2019
auto.tcl: Setting watchdog for 200 seconds at Tue Jul 16 14:38:58 UTC 2019
7 ms. Memory: 51200K Free: 26711K (52%)
ptolemy.util.test.WatchDog.cancel(): canceling Tue Jul 16 14:38:58 UTC 2019
------------------ testing $PTII/ptolemy/domains/de/test/auto/NonInterruptibleTimerZeroDelay.xml
auto.tcl: Setting watchdog for 200 seconds at Tue Jul 16 14:38:58 UTC 2019
5 ms. Memory: 51200K Free: 33952K (66%)
ptolemy.util.test.WatchDog.cancel(): canceling Tue Jul 16 14:38:58 UTC 2019
auto.tcl: Setting watchdog for 200 seconds at Tue Jul 16 14:38:58 UTC 2019
3 ms. Memory: 51200K Free: 33057K (65%)
ptolemy.util.test.WatchDog.cancel(): canceling Tue Jul 16 14:38:58 UTC 2019
------------------ testing $PTII/ptolemy/domains/de/test/auto/OpenQueueingNetwork.xml
auto.tcl: Setting watchdog for 200 seconds at Tue Jul 16 14:38:58 UTC 2019
3105 ms. Memory: 89088K Free: 29240K (33%)
ptolemy.util.test.WatchDog.cancel(): canceling Tue Jul 16 14:39:02 UTC 2019
auto.tcl: Setting watchdog for 200 seconds at Tue Jul 16 14:39:02 UTC 2019
2674 ms. Memory: 112640K Free: 71704K (64%)
ptolemy.util.test.WatchDog.cancel(): canceling Tue Jul 16 14:39:04 UTC 2019
------------------ testing $PTII/ptolemy/domains/de/test/auto/OpenQueuingNetwork.xml
auto.tcl: Setting watchdog for 200 seconds at Tue Jul 16 14:39:04 UTC 2019
251 ms. Memory: 51200K Free: 15890K (31%)
ptolemy.util.test.WatchDog.cancel(): canceling Tue Jul 16 14:39:05 UTC 2019
auto.tcl: Setting watchdog for 200 seconds at Tue Jul 16 14:39:05 UTC 2019
252 ms. Memory: 61440K Free: 30749K (50%)
ptolemy.util.test.WatchDog.cancel(): canceling Tue Jul 16 14:39:05 UTC 2019
------------------ testing $PTII/ptolemy/domains/de/test/auto/PeriodicSampler.xml
auto.tcl: Setting watchdog for 200 seconds at Tue Jul 16 14:39:05 UTC 2019
2 ms. Memory: 51200K Free: 32896K (64%)
ptolemy.util.test.WatchDog.cancel(): canceling Tue Jul 16 14:39:05 UTC 2019
auto.tcl: Setting watchdog for 200 seconds at Tue Jul 16 14:39:05 UTC 2019
2 ms. Memory: 51200K Free: 31990K (62%)
ptolemy.util.test.WatchDog.cancel(): canceling Tue Jul 16 14:39:05 UTC 2019
------------------ testing $PTII/ptolemy/domains/de/test/auto/PersistentIO.xml
auto.tcl: Setting watchdog for 200 seconds at Tue Jul 16 14:39:05 UTC 2019
6 ms. Memory: 48128K Free: 24756K (51%)
ptolemy.util.test.WatchDog.cancel(): canceling Tue Jul 16 14:39:05 UTC 2019
auto.tcl: Setting watchdog for 200 seconds at Tue Jul 16 14:39:05 UTC 2019
5 ms. Memory: 48128K Free: 23318K (48%)
ptolemy.util.test.WatchDog.cancel(): canceling Tue Jul 16 14:39:05 UTC 2019
------------------ testing $PTII/ptolemy/domains/de/test/auto/PortParameterResetOnInitialize.xml
auto.tcl: Setting watchdog for 200 seconds at Tue Jul 16 14:39:05 UTC 2019
2 ms. Memory: 48128K Free: 29977K (62%)
ptolemy.util.test.WatchDog.cancel(): canceling Tue Jul 16 14:39:05 UTC 2019
auto.tcl: Setting watchdog for 200 seconds at Tue Jul 16 14:39:05 UTC 2019
3 ms. Memory: 48128K Free: 29235K (61%)
ptolemy.util.test.WatchDog.cancel(): canceling Tue Jul 16 14:39:05 UTC 2019
------------------ testing $PTII/ptolemy/domains/de/test/auto/PortParameterUpdates.xml
auto.tcl: Setting watchdog for 200 seconds at Tue Jul 16 14:39:05 UTC 2019
5 ms. Memory: 48128K Free: 28076K (58%)
ptolemy.util.test.WatchDog.cancel(): canceling Tue Jul 16 14:39:05 UTC 2019
auto.tcl: Setting watchdog for 200 seconds at Tue Jul 16 14:39:05 UTC 2019
5 ms. Memory: 48128K Free: 26883K (56%)
ptolemy.util.test.WatchDog.cancel(): canceling Tue Jul 16 14:39:05 UTC 2019
------------------ testing $PTII/ptolemy/domains/de/test/auto/QueueAndServer.xml
auto.tcl: Setting watchdog for 200 seconds at Tue Jul 16 14:39:05 UTC 2019
7 ms. Memory: 48128K Free: 26750K (56%)
ptolemy.util.test.WatchDog.cancel(): canceling Tue Jul 16 14:39:05 UTC 2019
auto.tcl: Setting watchdog for 200 seconds at Tue Jul 16 14:39:05 UTC 2019
7 ms. Memory: 48128K Free: 25388K (53%)
ptolemy.util.test.WatchDog.cancel(): canceling Tue Jul 16 14:39:05 UTC 2019
------------------ testing $PTII/ptolemy/domains/de/test/auto/Records.xml
auto.tcl: Setting watchdog for 200 seconds at Tue Jul 16 14:39:06 UTC 2019
4 ms. Memory: 48128K Free: 29308K (61%)
ptolemy.util.test.WatchDog.cancel(): canceling Tue Jul 16 14:39:06 UTC 2019
auto.tcl: Setting watchdog for 200 seconds at Tue Jul 16 14:39:06 UTC 2019
3 ms. Memory: 48128K Free: 28392K (59%)
ptolemy.util.test.WatchDog.cancel(): canceling Tue Jul 16 14:39:06 UTC 2019
------------------ testing $PTII/ptolemy/domains/de/test/auto/ResetTransitionWithStartTime1.xml
auto.tcl: Setting watchdog for 200 seconds at Tue Jul 16 14:39:06 UTC 2019
12 ms. Memory: 48128K Free: 26233K (55%)
ptolemy.util.test.WatchDog.cancel(): canceling Tue Jul 16 14:39:06 UTC 2019
auto.tcl: Setting watchdog for 200 seconds at Tue Jul 16 14:39:06 UTC 2019
11 ms. Memory: 48128K Free: 23734K (49%)
ptolemy.util.test.WatchDog.cancel(): canceling Tue Jul 16 14:39:06 UTC 2019
------------------ testing $PTII/ptolemy/domains/de/test/auto/ResetTransitionWithStartTime2.xml
auto.tcl: Setting watchdog for 200 seconds at Tue Jul 16 14:39:06 UTC 2019
6 ms. Memory: 48128K Free: 26188K (54%)
ptolemy.util.test.WatchDog.cancel(): canceling Tue Jul 16 14:39:06 UTC 2019
auto.tcl: Setting watchdog for 200 seconds at Tue Jul 16 14:39:06 UTC 2019
7 ms. Memory: 48128K Free: 23673K (49%)
ptolemy.util.test.WatchDog.cancel(): canceling Tue Jul 16 14:39:06 UTC 2019
------------------ testing $PTII/ptolemy/domains/de/test/auto/ResetTransitionWithStartTime3.xml
auto.tcl: Setting watchdog for 200 seconds at Tue Jul 16 14:39:06 UTC 2019
11 ms. Memory: 48128K Free: 26378K (55%)
ptolemy.util.test.WatchDog.cancel(): canceling Tue Jul 16 14:39:06 UTC 2019
auto.tcl: Setting watchdog for 200 seconds at Tue Jul 16 14:39:06 UTC 2019
7 ms. Memory: 48128K Free: 24139K (50%)
ptolemy.util.test.WatchDog.cancel(): canceling Tue Jul 16 14:39:06 UTC 2019
------------------ testing $PTII/ptolemy/domains/de/test/auto/ResetTransitionWithStartTime4.xml
auto.tcl: Setting watchdog for 200 seconds at Tue Jul 16 14:39:06 UTC 2019
11 ms. Memory: 48128K Free: 26676K (55%)
ptolemy.util.test.WatchDog.cancel(): canceling Tue Jul 16 14:39:06 UTC 2019
auto.tcl: Setting watchdog for 200 seconds at Tue Jul 16 14:39:06 UTC 2019
5 ms. Memory: 48128K Free: 25284K (53%)
ptolemy.util.test.WatchDog.cancel(): canceling Tue Jul 16 14:39:06 UTC 2019
------------------ testing $PTII/ptolemy/domains/de/test/auto/ResettableTimer1.xml
auto.tcl: Setting watchdog for 200 seconds at Tue Jul 16 14:39:06 UTC 2019
3 ms. Memory: 48128K Free: 30469K (63%)
ptolemy.util.test.WatchDog.cancel(): canceling Tue Jul 16 14:39:06 UTC 2019
auto.tcl: Setting watchdog for 200 seconds at Tue Jul 16 14:39:06 UTC 2019
3 ms. Memory: 48128K Free: 29811K (62%)
ptolemy.util.test.WatchDog.cancel(): canceling Tue Jul 16 14:39:06 UTC 2019
------------------ testing $PTII/ptolemy/domains/de/test/auto/ResettableTimer2.xml
auto.tcl: Setting watchdog for 200 seconds at Tue Jul 16 14:39:06 UTC 2019
4 ms. Memory: 48128K Free: 30528K (63%)
ptolemy.util.test.WatchDog.cancel(): canceling Tue Jul 16 14:39:06 UTC 2019
auto.tcl: Setting watchdog for 200 seconds at Tue Jul 16 14:39:06 UTC 2019
3 ms. Memory: 48128K Free: 29883K (62%)
ptolemy.util.test.WatchDog.cancel(): canceling Tue Jul 16 14:39:06 UTC 2019
------------------ testing $PTII/ptolemy/domains/de/test/auto/ResettableTimer3.xml
auto.tcl: Setting watchdog for 200 seconds at Tue Jul 16 14:39:06 UTC 2019
2 ms. Memory: 48128K Free: 30830K (64%)
ptolemy.util.test.WatchDog.cancel(): canceling Tue Jul 16 14:39:06 UTC 2019
auto.tcl: Setting watchdog for 200 seconds at Tue Jul 16 14:39:06 UTC 2019
2 ms. Memory: 48128K Free: 30320K (63%)
ptolemy.util.test.WatchDog.cancel(): canceling Tue Jul 16 14:39:06 UTC 2019
------------------ testing $PTII/ptolemy/domains/de/test/auto/ResettableTimer4.xml
auto.tcl: Setting watchdog for 200 seconds at Tue Jul 16 14:39:06 UTC 2019
2 ms. Memory: 48128K Free: 30843K (64%)
ptolemy.util.test.WatchDog.cancel(): canceling Tue Jul 16 14:39:06 UTC 2019
auto.tcl: Setting watchdog for 200 seconds at Tue Jul 16 14:39:06 UTC 2019
2 ms. Memory: 48128K Free: 30333K (63%)
ptolemy.util.test.WatchDog.cancel(): canceling Tue Jul 16 14:39:06 UTC 2019
------------------ testing $PTII/ptolemy/domains/de/test/auto/ResettableTimer5.xml
auto.tcl: Setting watchdog for 200 seconds at Tue Jul 16 14:39:06 UTC 2019
2 ms. Memory: 48128K Free: 29804K (62%)
ptolemy.util.test.WatchDog.cancel(): canceling Tue Jul 16 14:39:06 UTC 2019
auto.tcl: Setting watchdog for 200 seconds at Tue Jul 16 14:39:06 UTC 2019
1 ms. Memory: 48128K Free: 29352K (61%)
ptolemy.util.test.WatchDog.cancel(): canceling Tue Jul 16 14:39:06 UTC 2019
------------------ testing $PTII/ptolemy/domains/de/test/auto/ResettableTimer6.xml
auto.tcl: Setting watchdog for 200 seconds at Tue Jul 16 14:39:06 UTC 2019
2 ms. Memory: 48128K Free: 29778K (62%)
ptolemy.util.test.WatchDog.cancel(): canceling Tue Jul 16 14:39:06 UTC 2019
auto.tcl: Setting watchdog for 200 seconds at Tue Jul 16 14:39:06 UTC 2019
2 ms. Memory: 48128K Free: 29343K (61%)
ptolemy.util.test.WatchDog.cancel(): canceling Tue Jul 16 14:39:06 UTC 2019
------------------ testing $PTII/ptolemy/domains/de/test/auto/ServerZeroDelay.xml
auto.tcl: Setting watchdog for 200 seconds at Tue Jul 16 14:39:06 UTC 2019
3 ms. Memory: 48128K Free: 30314K (63%)
ptolemy.util.test.WatchDog.cancel(): canceling Tue Jul 16 14:39:06 UTC 2019
auto.tcl: Setting watchdog for 200 seconds at Tue Jul 16 14:39:06 UTC 2019
2 ms. Memory: 48128K Free: 29433K (61%)
ptolemy.util.test.WatchDog.cancel(): canceling Tue Jul 16 14:39:06 UTC 2019
------------------ testing $PTII/ptolemy/domains/de/test/auto/SmartSender.xml
auto.tcl: Setting watchdog for 200 seconds at Tue Jul 16 14:39:06 UTC 2019
3002 ms. Memory: 48128K Free: 30818K (64%)
ptolemy.util.test.WatchDog.cancel(): canceling Tue Jul 16 14:39:09 UTC 2019
auto.tcl: Setting watchdog for 200 seconds at Tue Jul 16 14:39:09 UTC 2019
3002 ms. Memory: 48128K Free: 29871K (62%)
ptolemy.util.test.WatchDog.cancel(): canceling Tue Jul 16 14:39:13 UTC 2019
------------------ testing $PTII/ptolemy/domains/de/test/auto/ThreadedComposite.xml
auto.tcl: Setting watchdog for 200 seconds at Tue Jul 16 14:39:13 UTC 2019
249 ms. Memory: 48128K Free: 11376K (24%)
ptolemy.util.test.WatchDog.cancel(): canceling Tue Jul 16 14:39:13 UTC 2019
auto.tcl: Setting watchdog for 200 seconds at Tue Jul 16 14:39:13 UTC 2019
138 ms. Memory: 48128K Free: 24213K (50%)
ptolemy.util.test.WatchDog.cancel(): canceling Tue Jul 16 14:39:13 UTC 2019
------------------ testing $PTII/ptolemy/domains/de/test/auto/Time.xml
auto.tcl: Setting watchdog for 200 seconds at Tue Jul 16 14:39:13 UTC 2019
571 ms. Memory: 48128K Free: 27016K (56%)
ptolemy.util.test.WatchDog.cancel(): canceling Tue Jul 16 14:39:14 UTC 2019
auto.tcl: Setting watchdog for 200 seconds at Tue Jul 16 14:39:14 UTC 2019
566 ms. Memory: 48128K Free: 23004K (48%)
ptolemy.util.test.WatchDog.cancel(): canceling Tue Jul 16 14:39:14 UTC 2019
------------------ testing $PTII/ptolemy/domains/de/test/auto/TimeDelayZeroDelay.xml
auto.tcl: Setting watchdog for 200 seconds at Tue Jul 16 14:39:14 UTC 2019
3 ms. Memory: 48128K Free: 30732K (64%)
ptolemy.util.test.WatchDog.cancel(): canceling Tue Jul 16 14:39:14 UTC 2019
auto.tcl: Setting watchdog for 200 seconds at Tue Jul 16 14:39:14 UTC 2019
2 ms. Memory: 48128K Free: 29833K (62%)
ptolemy.util.test.WatchDog.cancel(): canceling Tue Jul 16 14:39:14 UTC 2019
------------------ testing $PTII/ptolemy/domains/de/test/auto/TimerZeroDelay.xml
auto.tcl: Setting watchdog for 200 seconds at Tue Jul 16 14:39:14 UTC 2019
4 ms. Memory: 48128K Free: 30783K (64%)
ptolemy.util.test.WatchDog.cancel(): canceling Tue Jul 16 14:39:14 UTC 2019
auto.tcl: Setting watchdog for 200 seconds at Tue Jul 16 14:39:14 UTC 2019
2 ms. Memory: 48128K Free: 30279K (63%)
ptolemy.util.test.WatchDog.cancel(): canceling Tue Jul 16 14:39:14 UTC 2019
------------------ testing $PTII/ptolemy/domains/de/test/auto/TimingParadox.xml
auto.tcl: Setting watchdog for 200 seconds at Tue Jul 16 14:39:14 UTC 2019
352 ms. Memory: 48128K Free: 11316K (24%)
ptolemy.util.test.WatchDog.cancel(): canceling Tue Jul 16 14:39:15 UTC 2019
auto.tcl: Setting watchdog for 200 seconds at Tue Jul 16 14:39:15 UTC 2019
334 ms. Memory: 48128K Free: 20847K (43%)
ptolemy.util.test.WatchDog.cancel(): canceling Tue Jul 16 14:39:15 UTC 2019
------------------ testing $PTII/ptolemy/domains/de/test/auto/TransferInputs.xml
auto.tcl: Setting watchdog for 200 seconds at Tue Jul 16 14:39:15 UTC 2019
10 ms. Memory: 48128K Free: 28761K (60%)
ptolemy.util.test.WatchDog.cancel(): canceling Tue Jul 16 14:39:15 UTC 2019
auto.tcl: Setting watchdog for 200 seconds at Tue Jul 16 14:39:15 UTC 2019
2 ms. Memory: 48128K Free: 27853K (58%)
ptolemy.util.test.WatchDog.cancel(): canceling Tue Jul 16 14:39:15 UTC 2019
------------------ testing $PTII/ptolemy/domains/de/test/auto/TransferOutputs2.xml
auto.tcl: Setting watchdog for 200 seconds at Tue Jul 16 14:39:15 UTC 2019
3 ms. Memory: 48128K Free: 26189K (54%)
ptolemy.util.test.WatchDog.cancel(): canceling Tue Jul 16 14:39:15 UTC 2019
auto.tcl: Setting watchdog for 200 seconds at Tue Jul 16 14:39:15 UTC 2019
3 ms. Memory: 48128K Free: 24759K (51%)
ptolemy.util.test.WatchDog.cancel(): canceling Tue Jul 16 14:39:15 UTC 2019
------------------ testing $PTII/ptolemy/domains/de/test/auto/Trilateration.xml
auto.tcl: Setting watchdog for 200 seconds at Tue Jul 16 14:39:15 UTC 2019
16607 ms. Memory: 595968K Free: 523080K (88%)
ptolemy.util.test.WatchDog.cancel(): canceling Tue Jul 16 14:39:33 UTC 2019
auto.tcl: Setting watchdog for 200 seconds at Tue Jul 16 14:39:33 UTC 2019
11972 ms. Memory: 595968K Free: 363687K (61%)
ptolemy.util.test.WatchDog.cancel(): canceling Tue Jul 16 14:39:45 UTC 2019
------------------ testing $PTII/ptolemy/domains/de/test/auto/TwoSigmaDelta.xml
auto.tcl: Setting watchdog for 200 seconds at Tue Jul 16 14:39:45 UTC 2019
2885 ms. Memory: 107520K Free: 31491K (29%)
ptolemy.util.test.WatchDog.cancel(): canceling Tue Jul 16 14:39:48 UTC 2019
auto.tcl: Setting watchdog for 200 seconds at Tue Jul 16 14:39:48 UTC 2019
2107 ms. Memory: 107520K Free: 56604K (53%)
ptolemy.util.test.WatchDog.cancel(): canceling Tue Jul 16 14:39:51 UTC 2019
------------------ testing $PTII/ptolemy/domains/de/test/auto/VariableDelay.xml
auto.tcl: Setting watchdog for 200 seconds at Tue Jul 16 14:39:51 UTC 2019
5 ms. Memory: 51200K Free: 32317K (63%)
ptolemy.util.test.WatchDog.cancel(): canceling Tue Jul 16 14:39:51 UTC 2019
auto.tcl: Setting watchdog for 200 seconds at Tue Jul 16 14:39:51 UTC 2019
2 ms. Memory: 51200K Free: 31324K (61%)
ptolemy.util.test.WatchDog.cancel(): canceling Tue Jul 16 14:39:51 UTC 2019
------------------ testing $PTII/ptolemy/domains/de/test/auto/VariableDelay2.xml
auto.tcl: Setting watchdog for 200 seconds at Tue Jul 16 14:39:51 UTC 2019
8 ms. Memory: 51200K Free: 32915K (64%)
ptolemy.util.test.WatchDog.cancel(): canceling Tue Jul 16 14:39:51 UTC 2019
auto.tcl: Setting watchdog for 200 seconds at Tue Jul 16 14:39:51 UTC 2019
2 ms. Memory: 51200K Free: 32220K (63%)
ptolemy.util.test.WatchDog.cancel(): canceling Tue Jul 16 14:39:51 UTC 2019
------------------ testing $PTII/ptolemy/domains/de/test/auto/VariableDelayZeroDelay.xml
auto.tcl: Setting watchdog for 200 seconds at Tue Jul 16 14:39:51 UTC 2019
11 ms. Memory: 48128K Free: 30172K (63%)
ptolemy.util.test.WatchDog.cancel(): canceling Tue Jul 16 14:39:51 UTC 2019
auto.tcl: Setting watchdog for 200 seconds at Tue Jul 16 14:39:51 UTC 2019
2 ms. Memory: 48128K Free: 29257K (61%)
ptolemy.util.test.WatchDog.cancel(): canceling Tue Jul 16 14:39:51 UTC 2019
------------------ testing $PTII/ptolemy/domains/de/test/auto/VariableDelayZeroDelay2.xml
auto.tcl: Setting watchdog for 200 seconds at Tue Jul 16 14:39:51 UTC 2019
2 ms. Memory: 48128K Free: 30171K (63%)
ptolemy.util.test.WatchDog.cancel(): canceling Tue Jul 16 14:39:51 UTC 2019
auto.tcl: Setting watchdog for 200 seconds at Tue Jul 16 14:39:51 UTC 2019
2 ms. Memory: 48128K Free: 29256K (61%)
ptolemy.util.test.WatchDog.cancel(): canceling Tue Jul 16 14:39:51 UTC 2019
------------------ testing $PTII/ptolemy/domains/de/test/auto/deInCt.xml
auto.tcl: Setting watchdog for 200 seconds at Tue Jul 16 14:39:51 UTC 2019
0
1
1
1
0
0
1
1
1
0
0
0
1
1
1
0
0
0
1
1
0
0
0
0
1
1
1
0
0
0
1
1
1
1
0
0
0
1
1
1
0
0
0
1
1
1
0
0
0
0
20 ms. Memory: 48128K Free: 29144K (61%)
ptolemy.util.test.WatchDog.cancel(): canceling Tue Jul 16 14:39:51 UTC 2019
auto.tcl: Setting watchdog for 200 seconds at Tue Jul 16 14:39:51 UTC 2019
0
1
1
1
1
0
0
1
1
1
0
0
0
1
1
0
0
0
0
1
1
1
0
0
0
0
1
1
1
0
0
1
1
1
1
1
9 ms. Memory: 48128K Free: 27686K (58%)
ptolemy.util.test.WatchDog.cancel(): canceling Tue Jul 16 14:39:51 UTC 2019
------------------ testing $PTII/ptolemy/domains/de/test/auto/deInCt2.xml
auto.tcl: Setting watchdog for 200 seconds at Tue Jul 16 14:39:51 UTC 2019
0
1
1
1
0
0
1
1
1
0
0
1
1
1
0
0
1
1
1
0
0
1
1
1
0
0
1
1
1
0
0
1
1
1
0
0
1
1
1
0
0
0
6 ms. Memory: 48128K Free: 29146K (61%)
ptolemy.util.test.WatchDog.cancel(): canceling Tue Jul 16 14:39:51 UTC 2019
auto.tcl: Setting watchdog for 200 seconds at Tue Jul 16 14:39:51 UTC 2019
0
1
1
1
0
0
1
1
1
0
0
1
1
1
0
0
1
1
1
0
0
1
1
1
0
0
1
1
1
0
0
1
1
1
0
0
1
1
1
0
0
0
6 ms. Memory: 48128K Free: 27651K (57%)
ptolemy.util.test.WatchDog.cancel(): canceling Tue Jul 16 14:39:51 UTC 2019
------------------ testing $PTII/ptolemy/domains/de/test/auto/dynamicCausalityInterface1.xml
auto.tcl: Setting watchdog for 200 seconds at Tue Jul 16 14:39:51 UTC 2019
2 ms. Memory: 48128K Free: 24495K (51%)
ptolemy.util.test.WatchDog.cancel(): canceling Tue Jul 16 14:39:51 UTC 2019
auto.tcl: Setting watchdog for 200 seconds at Tue Jul 16 14:39:51 UTC 2019
1 ms. Memory: 48128K Free: 24040K (50%)
ptolemy.util.test.WatchDog.cancel(): canceling Tue Jul 16 14:39:51 UTC 2019
------------------ testing $PTII/ptolemy/domains/de/test/auto/fsm_de_test.xml
auto.tcl: Setting watchdog for 200 seconds at Tue Jul 16 14:39:51 UTC 2019
13 ms. Memory: 48128K Free: 24429K (51%)
ptolemy.util.test.WatchDog.cancel(): canceling Tue Jul 16 14:39:51 UTC 2019
auto.tcl: Setting watchdog for 200 seconds at Tue Jul 16 14:39:51 UTC 2019
11 ms. Memory: 48128K Free: 22431K (47%)
ptolemy.util.test.WatchDog.cancel(): canceling Tue Jul 16 14:39:51 UTC 2019
------------------ testing $PTII/ptolemy/domains/de/test/auto/functionDependencyReconstruction.xml
auto.tcl: Setting watchdog for 200 seconds at Tue Jul 16 14:39:51 UTC 2019
3 ms. Memory: 48128K Free: 18879K (39%)
ptolemy.util.test.WatchDog.cancel(): canceling Tue Jul 16 14:39:51 UTC 2019
auto.tcl: Setting watchdog for 200 seconds at Tue Jul 16 14:39:51 UTC 2019
3 ms. Memory: 48128K Free: 16796K (35%)
ptolemy.util.test.WatchDog.cancel(): canceling Tue Jul 16 14:39:51 UTC 2019
------------------ testing $PTII/ptolemy/domains/de/test/auto/multirate.xml
auto.tcl: Setting watchdog for 200 seconds at Tue Jul 16 14:39:51 UTC 2019
3 ms. Memory: 48128K Free: 27587K (57%)
ptolemy.util.test.WatchDog.cancel(): canceling Tue Jul 16 14:39:51 UTC 2019
auto.tcl: Setting watchdog for 200 seconds at Tue Jul 16 14:39:51 UTC 2019
3 ms. Memory: 48128K Free: 25932K (54%)
ptolemy.util.test.WatchDog.cancel(): canceling Tue Jul 16 14:39:51 UTC 2019
------------------ testing $PTII/ptolemy/domains/de/test/auto/multirate2.xml
auto.tcl: Setting watchdog for 200 seconds at Tue Jul 16 14:39:52 UTC 2019
3 ms. Memory: 48128K Free: 27800K (58%)
ptolemy.util.test.WatchDog.cancel(): canceling Tue Jul 16 14:39:52 UTC 2019
auto.tcl: Setting watchdog for 200 seconds at Tue Jul 16 14:39:52 UTC 2019
5 ms. Memory: 48128K Free: 26191K (54%)
ptolemy.util.test.WatchDog.cancel(): canceling Tue Jul 16 14:39:52 UTC 2019
------------------ testing $PTII/ptolemy/domains/de/test/auto/realtime.xml
auto.tcl: Setting watchdog for 200 seconds at Tue Jul 16 14:39:52 UTC 2019
10001 ms. Memory: 48128K Free: 29836K (62%)
ptolemy.util.test.WatchDog.cancel(): canceling Tue Jul 16 14:40:02 UTC 2019
auto.tcl: Setting watchdog for 200 seconds at Tue Jul 16 14:40:02 UTC 2019
10002 ms. Memory: 48128K Free: 29121K (61%)
ptolemy.util.test.WatchDog.cancel(): canceling Tue Jul 16 14:40:12 UTC 2019
------------------ testing $PTII/ptolemy/domains/de/test/auto/relationGroup.xml
auto.tcl: Setting watchdog for 200 seconds at Tue Jul 16 14:40:12 UTC 2019
3 ms. Memory: 48128K Free: 30903K (64%)
ptolemy.util.test.WatchDog.cancel(): canceling Tue Jul 16 14:40:12 UTC 2019
auto.tcl: Setting watchdog for 200 seconds at Tue Jul 16 14:40:12 UTC 2019
2 ms. Memory: 48128K Free: 30169K (63%)
ptolemy.util.test.WatchDog.cancel(): canceling Tue Jul 16 14:40:12 UTC 2019
------------------ testing $PTII/ptolemy/domains/de/test/auto/relationGroup2.xml
auto.tcl: Setting watchdog for 200 seconds at Tue Jul 16 14:40:12 UTC 2019
1 ms. Memory: 48128K Free: 30872K (64%)
ptolemy.util.test.WatchDog.cancel(): canceling Tue Jul 16 14:40:12 UTC 2019
auto.tcl: Setting watchdog for 200 seconds at Tue Jul 16 14:40:12 UTC 2019
2 ms. Memory: 48128K Free: 30195K (63%)
ptolemy.util.test.WatchDog.cancel(): canceling Tue Jul 16 14:40:12 UTC 2019
------------------ testing $PTII/ptolemy/domains/de/test/auto/sortWithOpaquePorts.xml
auto.tcl: Setting watchdog for 200 seconds at Tue Jul 16 14:40:12 UTC 2019
2 ms. Memory: 48128K Free: 29668K (62%)
ptolemy.util.test.WatchDog.cancel(): canceling Tue Jul 16 14:40:12 UTC 2019
auto.tcl: Setting watchdog for 200 seconds at Tue Jul 16 14:40:12 UTC 2019
2 ms. Memory: 48128K Free: 28700K (60%)
ptolemy.util.test.WatchDog.cancel(): canceling Tue Jul 16 14:40:12 UTC 2019
------------------ testing $PTII/ptolemy/domains/de/test/auto/transferInputsandOutputs.xml
auto.tcl: Setting watchdog for 200 seconds at Tue Jul 16 14:40:12 UTC 2019
2 ms. Memory: 48128K Free: 27111K (56%)
ptolemy.util.test.WatchDog.cancel(): canceling Tue Jul 16 14:40:12 UTC 2019
auto.tcl: Setting watchdog for 200 seconds at Tue Jul 16 14:40:12 UTC 2019
3 ms. Memory: 48128K Free: 26087K (54%)
ptolemy.util.test.WatchDog.cancel(): canceling Tue Jul 16 14:40:12 UTC 2019
------------------ testing $PTII/ptolemy/domains/de/test/auto/triggerType.xml
auto.tcl: Setting watchdog for 200 seconds at Tue Jul 16 14:40:12 UTC 2019
3 ms. Memory: 48128K Free: 30137K (63%)
ptolemy.util.test.WatchDog.cancel(): canceling Tue Jul 16 14:40:12 UTC 2019
auto.tcl: Setting watchdog for 200 seconds at Tue Jul 16 14:40:12 UTC 2019
2 ms. Memory: 48128K Free: 29216K (61%)
ptolemy.util.test.WatchDog.cancel(): canceling Tue Jul 16 14:40:12 UTC 2019
07/16/19 02:40:12
Failed: 0  Total Tests: 192  ((Passed: 187, Newly Passed: 1)  Known Failed: 5) /home/travis/build/icyphy/ptII/ptolemy/domains/de/test
07/16/19 02:40:12
Failed: 0  Total Tests: 192  ((Passed: 187, Newly Passed: 1)  Known Failed: 5) /home/travis/build/icyphy/ptII/ptolemy/domains/de/test
----------------- testing (KnownFailure) /home/travis/build/icyphy/ptII/ptolemy/domains/de/test/auto/knownFailedTests/DESDFClockTest.xml
2018 ms. Memory: 48128K Free: 23531K (49%)
Known Failure: java.lang.reflect.InvocationTargetException
----------------- testing (KnownFailure) /home/travis/build/icyphy/ptII/ptolemy/domains/de/test/auto/knownFailedTests/DirectFeedback.xml
2 ms. Memory: 48128K Free: 19949K (41%)
Known Failure: java.lang.reflect.InvocationTargetException
----------------- testing (KnownFailure) /home/travis/build/icyphy/ptII/ptolemy/domains/de/test/auto/knownFailedTests/FSMSource.xml
18 ms. Memory: 48128K Free: 12253K (25%)
----------------- testing (KnownFailure) /home/travis/build/icyphy/ptII/ptolemy/domains/de/test/auto/knownFailedTests/HierarchicalModel.xml
3 ms. Memory: 48128K Free: 22221K (46%)
Known Failure: java.lang.reflect.InvocationTargetException
----------------- testing (KnownFailure) /home/travis/build/icyphy/ptII/ptolemy/domains/de/test/auto/knownFailedTests/dependencyLoop.xml
9 ms. Memory: 48128K Free: 32626K (68%)
Known Failure: java.lang.reflect.InvocationTargetException
----------------- testing (KnownFailure) /home/travis/build/icyphy/ptII/ptolemy/domains/de/test/auto/knownFailedTests/dependencyLoop2.xml
3 ms. Memory: 48128K Free: 17432K (36%)
Known Failure: java.lang.reflect.InvocationTargetException
No auto/linux-amd64/*.xml tests in /home/travis/build/icyphy/ptII/ptolemy/domains/de/test
AutoTests.java: About to close Vertx.
AutoTests.java: Vertx closed.

===========================================================================================
----------------- testing Tue Jul 16 14:40:15 UTC 2019 /home/travis/build/icyphy/ptII/ptolemy/domains/de/test/auto/ActorDepthCalculation_actorWithoutPorts.xml
----------------- Instantiating /home/travis/build/icyphy/ptII/ptolemy/domains/de/test/auto/ActorDepthCalculation_actorWithoutPorts.xml
2 ms. Memory: 48128K Free: 11288K (23%)
----------------- Invoking toplevel() on ptolemy.moml.MoMLSimpleApplication@417caa54
----------------- Done invoking toplevel() on ptolemy.moml.MoMLSimpleApplication@417caa54
reloadAllAccessors: .ActorDepthCalculation_actorWithoutPorts

===========================================================================================
----------------- testing Tue Jul 16 14:40:15 UTC 2019 /home/travis/build/icyphy/ptII/ptolemy/domains/de/test/auto/AssemblyLine.xml
----------------- Instantiating /home/travis/build/icyphy/ptII/ptolemy/domains/de/test/auto/AssemblyLine.xml
3 ms. Memory: 48128K Free: 29929K (62%)
----------------- Invoking toplevel() on ptolemy.moml.MoMLSimpleApplication@17190ed7
----------------- Done invoking toplevel() on ptolemy.moml.MoMLSimpleApplication@17190ed7
reloadAllAccessors: .AssemblyLine

===========================================================================================
----------------- testing Tue Jul 16 14:40:15 UTC 2019 /home/travis/build/icyphy/ptII/ptolemy/domains/de/test/auto/CQBug1.xml
----------------- Instantiating /home/travis/build/icyphy/ptII/ptolemy/domains/de/test/auto/CQBug1.xml
3 ms. Memory: 48128K Free: 27000K (56%)
----------------- Invoking toplevel() on ptolemy.moml.MoMLSimpleApplication@df10fe1
----------------- Done invoking toplevel() on ptolemy.moml.MoMLSimpleApplication@df10fe1
reloadAllAccessors: .CQBug1

===========================================================================================
----------------- testing Tue Jul 16 14:40:15 UTC 2019 /home/travis/build/icyphy/ptII/ptolemy/domains/de/test/auto/CancelFireAt.xml
----------------- Instantiating /home/travis/build/icyphy/ptII/ptolemy/domains/de/test/auto/CancelFireAt.xml
2 ms. Memory: 48128K Free: 24755K (51%)
----------------- Invoking toplevel() on ptolemy.moml.MoMLSimpleApplication@1736d934
----------------- Done invoking toplevel() on ptolemy.moml.MoMLSimpleApplication@1736d934
reloadAllAccessors: .CancelFireAt

===========================================================================================
----------------- testing Tue Jul 16 14:40:15 UTC 2019 /home/travis/build/icyphy/ptII/ptolemy/domains/de/test/auto/CausalityAndComposabilityAnalysis.xml
----------------- Instantiating /home/travis/build/icyphy/ptII/ptolemy/domains/de/test/auto/CausalityAndComposabilityAnalysis.xml
4 ms. Memory: 48128K Free: 20390K (42%)
----------------- Invoking toplevel() on ptolemy.moml.MoMLSimpleApplication@4ed18d65
----------------- Done invoking toplevel() on ptolemy.moml.MoMLSimpleApplication@4ed18d65
reloadAllAccessors: .CausalityAndComposabilityAnalysis

===========================================================================================
----------------- testing Tue Jul 16 14:40:15 UTC 2019 /home/travis/build/icyphy/ptII/ptolemy/domains/de/test/auto/CausalityInterface1.xml
----------------- Instantiating /home/travis/build/icyphy/ptII/ptolemy/domains/de/test/auto/CausalityInterface1.xml
6 ms. Memory: 48128K Free: 15507K (32%)
----------------- Invoking toplevel() on ptolemy.moml.MoMLSimpleApplication@47d51455
----------------- Done invoking toplevel() on ptolemy.moml.MoMLSimpleApplication@47d51455
reloadAllAccessors: .CausalityInterface1

===========================================================================================
----------------- testing Tue Jul 16 14:40:15 UTC 2019 /home/travis/build/icyphy/ptII/ptolemy/domains/de/test/auto/CausalityInterface15.xml
----------------- Instantiating /home/travis/build/icyphy/ptII/ptolemy/domains/de/test/auto/CausalityInterface15.xml
2 ms. Memory: 48128K Free: 10150K (21%)
----------------- Invoking toplevel() on ptolemy.moml.MoMLSimpleApplication@536d659e
----------------- Done invoking toplevel() on ptolemy.moml.MoMLSimpleApplication@536d659e
reloadAllAccessors: .CausalityInterface15

===========================================================================================
----------------- testing Tue Jul 16 14:40:15 UTC 2019 /home/travis/build/icyphy/ptII/ptolemy/domains/de/test/auto/CausalityInterface2.xml
----------------- Instantiating /home/travis/build/icyphy/ptII/ptolemy/domains/de/test/auto/CausalityInterface2.xml
1 ms. Memory: 48128K Free: 31119K (65%)
[...]
	at ptolemy.actor.Manager.run(Manager.java:1263)
	at ptolemy.actor.Manager$PtolemyRunThread.run(Manager.java:1933)
java.lang.RuntimeException: Execution failed
	at ptolemy.moml.MoMLSimpleApplication$UnloadThread.run(MoMLSimpleApplication.java:402)
Caused by: ptolemy.kernel.util.IllegalActionException: Actor is not ready to fire.  Perhaps UpSample.prefire() returned false? Try debugging the actor by selecting "Listen to Actor".  Also, for SDF check moml for tokenConsumptionRate on input.
  in .DESDFClockTest.Play Bell.Copy1:SDF Director and .DESDFClockTest.Play Bell.UpSample
	at ptolemy.actor.sched.StaticSchedulingDirector.fire(StaticSchedulingDirector.java:227)
	at ptolemy.domains.sdf.kernel.SDFDirector.fire(SDFDirector.java:500)
	at ptolemy.actor.CompositeActor.fire(CompositeActor.java:455)
	at ptolemy.domains.de.kernel.DEDirector._fire(DEDirector.java:1949)
	at ptolemy.domains.de.kernel.DEDirector.fire(DEDirector.java:502)
	at ptolemy.actor.CompositeActor.fire(CompositeActor.java:455)
	at ptolemy.actor.Manager.iterate(Manager.java:851)
	at ptolemy.actor.Manager.execute(Manager.java:369)
	at ptolemy.actor.Manager.run(Manager.java:1263)
	at ptolemy.actor.Manager$PtolemyRunThread.run(Manager.java:1933)
java.lang.reflect.InvocationTargetException
	at java.base/jdk.internal.reflect.NativeConstructorAccessorImpl.newInstance0(Native Method)
	at java.base/jdk.internal.reflect.NativeConstructorAccessorImpl.newInstance(NativeConstructorAccessorImpl.java:62)
	at java.base/jdk.internal.reflect.DelegatingConstructorAccessorImpl.newInstance(DelegatingConstructorAccessorImpl.java:45)
	at java.base/java.lang.reflect.Constructor.newInstance(Constructor.java:490)
	at ptolemy.util.test.junit.AutoKnownFailedTests.RunModel(AutoKnownFailedTests.java:105)
	at java.base/jdk.internal.reflect.NativeMethodAccessorImpl.invoke0(Native Method)
	at java.base/jdk.internal.reflect.NativeMethodAccessorImpl.invoke(NativeMethodAccessorImpl.java:62)
	at java.base/jdk.internal.reflect.DelegatingMethodAccessorImpl.invoke(DelegatingMethodAccessorImpl.java:43)
	at java.base/java.lang.reflect.Method.invoke(Method.java:566)
	at org.junit.runners.model.FrameworkMethod$1.runReflectiveCall(FrameworkMethod.java:44)
	at org.junit.internal.runners.model.ReflectiveCallable.run(ReflectiveCallable.java:15)
	at org.junit.runners.model.FrameworkMethod.invokeExplosively(FrameworkMethod.java:41)
	at junitparams.internal.InvokeParameterisedMethod.evaluate(InvokeParameterisedMethod.java:102)
	at org.junit.internal.runners.statements.FailOnTimeout$1.run(FailOnTimeout.java:28)
Caused by: ptolemy.kernel.util.IllegalActionException: Actor is not ready to fire.  Perhaps UpSample.prefire() returned false? Try debugging the actor by selecting "Listen to Actor".  Also, for SDF check moml for tokenConsumptionRate on input.
  in .DESDFClockTest.Play Bell.Copy1:SDF Director and .DESDFClockTest.Play Bell.UpSample
	at ptolemy.actor.sched.StaticSchedulingDirector.fire(StaticSchedulingDirector.java:227)
	at ptolemy.domains.sdf.kernel.SDFDirector.fire(SDFDirector.java:500)
	at ptolemy.actor.CompositeActor.fire(CompositeActor.java:455)
	at ptolemy.domains.de.kernel.DEDirector._fire(DEDirector.java:1949)
	at ptolemy.domains.de.kernel.DEDirector.fire(DEDirector.java:502)
	at ptolemy.actor.CompositeActor.fire(CompositeActor.java:455)
	at ptolemy.actor.Manager.iterate(Manager.java:851)
	at ptolemy.actor.Manager.execute(Manager.java:369)
	at ptolemy.actor.Manager.run(Manager.java:1263)
	at ptolemy.actor.Manager$PtolemyRunThread.run(Manager.java:1933)
java.lang.RuntimeException: Execution failed
	at ptolemy.moml.MoMLSimpleApplication$UnloadThread.run(MoMLSimpleApplication.java:402)
Caused by: ptolemy.kernel.util.IllegalActionException: Test fails in iteration 1.
Value was: 1.0. Should have been: 2.0
  in .DirectFeedback.Test
	at ptolemy.actor.lib.Test.fire(Test.java:268)
	at ptolemy.domains.de.kernel.DEDirector._fire(DEDirector.java:1949)
	at ptolemy.domains.de.kernel.DEDirector.fire(DEDirector.java:502)
	at ptolemy.actor.CompositeActor.fire(CompositeActor.java:455)
	at ptolemy.actor.Manager.iterate(Manager.java:851)
	at ptolemy.actor.Manager.execute(Manager.java:369)
	at ptolemy.actor.Manager.run(Manager.java:1263)
	at ptolemy.actor.Manager$PtolemyRunThread.run(Manager.java:1933)
java.lang.reflect.InvocationTargetException
	at java.base/jdk.internal.reflect.NativeConstructorAccessorImpl.newInstance0(Native Method)
	at java.base/jdk.internal.reflect.NativeConstructorAccessorImpl.newInstance(NativeConstructorAccessorImpl.java:62)
	at java.base/jdk.internal.reflect.DelegatingConstructorAccessorImpl.newInstance(DelegatingConstructorAccessorImpl.java:45)
	at java.base/java.lang.reflect.Constructor.newInstance(Constructor.java:490)
	at ptolemy.util.test.junit.AutoKnownFailedTests.RunModel(AutoKnownFailedTests.java:105)
	at java.base/jdk.internal.reflect.NativeMethodAccessorImpl.invoke0(Native Method)
	at java.base/jdk.internal.reflect.NativeMethodAccessorImpl.invoke(NativeMethodAccessorImpl.java:62)
	at java.base/jdk.internal.reflect.DelegatingMethodAccessorImpl.invoke(DelegatingMethodAccessorImpl.java:43)
	at java.base/java.lang.reflect.Method.invoke(Method.java:566)
	at org.junit.runners.model.FrameworkMethod$1.runReflectiveCall(FrameworkMethod.java:44)
	at org.junit.internal.runners.model.ReflectiveCallable.run(ReflectiveCallable.java:15)
	at org.junit.runners.model.FrameworkMethod.invokeExplosively(FrameworkMethod.java:41)
	at junitparams.internal.InvokeParameterisedMethod.evaluate(InvokeParameterisedMethod.java:102)
	at org.junit.internal.runners.statements.FailOnTimeout$1.run(FailOnTimeout.java:28)
Caused by: ptolemy.kernel.util.IllegalActionException: Test fails in iteration 1.
Value was: 1.0. Should have been: 2.0
  in .DirectFeedback.Test
	at ptolemy.actor.lib.Test.fire(Test.java:268)
	at ptolemy.domains.de.kernel.DEDirector._fire(DEDirector.java:1949)
	at ptolemy.domains.de.kernel.DEDirector.fire(DEDirector.java:502)
	at ptolemy.actor.CompositeActor.fire(CompositeActor.java:455)
	at ptolemy.actor.Manager.iterate(Manager.java:851)
	at ptolemy.actor.Manager.execute(Manager.java:369)
	at ptolemy.actor.Manager.run(Manager.java:1263)
	at ptolemy.actor.Manager$PtolemyRunThread.run(Manager.java:1933)
java.lang.RuntimeException: Execution failed
	at ptolemy.moml.MoMLSimpleApplication$UnloadThread.run(MoMLSimpleApplication.java:402)
Caused by: ptolemy.kernel.util.IllegalActionException: Found a zero delay loop containing .HierarchicalModel.A
  in .HierarchicalModel and .HierarchicalModel.A
	at ptolemy.actor.util.CausalityInterfaceForComposites._computeOutputPortDepth(CausalityInterfaceForComposites.java:759)
	at ptolemy.actor.util.CausalityInterfaceForComposites._computeInputDepth(CausalityInterfaceForComposites.java:696)
	at ptolemy.actor.util.CausalityInterfaceForComposites._computeOutputPortDepth(CausalityInterfaceForComposites.java:765)
	at ptolemy.actor.util.CausalityInterfaceForComposites._computeInputDepth(CausalityInterfaceForComposites.java:696)
	at ptolemy.actor.util.CausalityInterfaceForComposites._computeOutputPortDepth(CausalityInterfaceForComposites.java:765)
	at ptolemy.actor.util.CausalityInterfaceForComposites._computeInputDepth(CausalityInterfaceForComposites.java:696)
	at ptolemy.actor.util.CausalityInterfaceForComposites._computeActorDepth(CausalityInterfaceForComposites.java:532)
	at ptolemy.actor.util.CausalityInterfaceForComposites.checkForCycles(CausalityInterfaceForComposites.java:96)
	at ptolemy.domains.de.kernel.DEDirector.preinitialize(DEDirector.java:1338)
	at ptolemy.actor.CompositeActor.preinitialize(CompositeActor.java:1828)
	at ptolemy.actor.Manager.preinitializeAndResolveTypes(Manager.java:1040)
	at ptolemy.actor.Manager.initialize(Manager.java:710)
	at ptolemy.actor.Manager.execute(Manager.java:356)
	at ptolemy.actor.Manager.run(Manager.java:1263)
	at ptolemy.actor.Manager$PtolemyRunThread.run(Manager.java:1933)
java.lang.reflect.InvocationTargetException
	at java.base/jdk.internal.reflect.NativeConstructorAccessorImpl.newInstance0(Native Method)
	at java.base/jdk.internal.reflect.NativeConstructorAccessorImpl.newInstance(NativeConstructorAccessorImpl.java:62)
	at java.base/jdk.internal.reflect.DelegatingConstructorAccessorImpl.newInstance(DelegatingConstructorAccessorImpl.java:45)
	at java.base/java.lang.reflect.Constructor.newInstance(Constructor.java:490)
	at ptolemy.util.test.junit.AutoKnownFailedTests.RunModel(AutoKnownFailedTests.java:105)
	at java.base/jdk.internal.reflect.NativeMethodAccessorImpl.invoke0(Native Method)
	at java.base/jdk.internal.reflect.NativeMethodAccessorImpl.invoke(NativeMethodAccessorImpl.java:62)
	at java.base/jdk.internal.reflect.DelegatingMethodAccessorImpl.invoke(DelegatingMethodAccessorImpl.java:43)
	at java.base/java.lang.reflect.Method.invoke(Method.java:566)
	at org.junit.runners.model.FrameworkMethod$1.runReflectiveCall(FrameworkMethod.java:44)
	at org.junit.internal.runners.model.ReflectiveCallable.run(ReflectiveCallable.java:15)
	at org.junit.runners.model.FrameworkMethod.invokeExplosively(FrameworkMethod.java:41)
	at junitparams.internal.InvokeParameterisedMethod.evaluate(InvokeParameterisedMethod.java:102)
	at org.junit.internal.runners.statements.FailOnTimeout$1.run(FailOnTimeout.java:28)
Caused by: ptolemy.kernel.util.IllegalActionException: Found a zero delay loop containing .HierarchicalModel.A
  in .HierarchicalModel and .HierarchicalModel.A
	at ptolemy.actor.util.CausalityInterfaceForComposites._computeOutputPortDepth(CausalityInterfaceForComposites.java:759)
	at ptolemy.actor.util.CausalityInterfaceForComposites._computeInputDepth(CausalityInterfaceForComposites.java:696)
	at ptolemy.actor.util.CausalityInterfaceForComposites._computeOutputPortDepth(CausalityInterfaceForComposites.java:765)
	at ptolemy.actor.util.CausalityInterfaceForComposites._computeInputDepth(CausalityInterfaceForComposites.java:696)
	at ptolemy.actor.util.CausalityInterfaceForComposites._computeOutputPortDepth(CausalityInterfaceForComposites.java:765)
	at ptolemy.actor.util.CausalityInterfaceForComposites._computeInputDepth(CausalityInterfaceForComposites.java:696)
	at ptolemy.actor.util.CausalityInterfaceForComposites._computeActorDepth(CausalityInterfaceForComposites.java:532)
	at ptolemy.actor.util.CausalityInterfaceForComposites.checkForCycles(CausalityInterfaceForComposites.java:96)
	at ptolemy.domains.de.kernel.DEDirector.preinitialize(DEDirector.java:1338)
	at ptolemy.actor.CompositeActor.preinitialize(CompositeActor.java:1828)
	at ptolemy.actor.Manager.preinitializeAndResolveTypes(Manager.java:1040)
	at ptolemy.actor.Manager.initialize(Manager.java:710)
	at ptolemy.actor.Manager.execute(Manager.java:356)
	at ptolemy.actor.Manager.run(Manager.java:1263)
	at ptolemy.actor.Manager$PtolemyRunThread.run(Manager.java:1933)
java.lang.RuntimeException: Execution failed
	at ptolemy.moml.MoMLSimpleApplication$UnloadThread.run(MoMLSimpleApplication.java:402)
Caused by: ptolemy.kernel.util.IllegalActionException: Found a zero delay loop containing .dependencyLoop.original
  in .dependencyLoop and .dependencyLoop.original
	at ptolemy.actor.util.CausalityInterfaceForComposites._computeOutputPortDepth(CausalityInterfaceForComposites.java:759)
	at ptolemy.actor.util.CausalityInterfaceForComposites._computeInputDepth(CausalityInterfaceForComposites.java:696)
	at ptolemy.actor.util.CausalityInterfaceForComposites._computeOutputPortDepth(CausalityInterfaceForComposites.java:765)
	at ptolemy.actor.util.CausalityInterfaceForComposites._computeInputDepth(CausalityInterfaceForComposites.java:696)
	at ptolemy.actor.util.CausalityInterfaceForComposites._computeOutputPortDepth(CausalityInterfaceForComposites.java:765)
	at ptolemy.actor.util.CausalityInterfaceForComposites._computeInputDepth(CausalityInterfaceForComposites.java:696)
	at ptolemy.actor.util.CausalityInterfaceForComposites._computeActorDepth(CausalityInterfaceForComposites.java:532)
	at ptolemy.actor.util.CausalityInterfaceForComposites.checkForCycles(CausalityInterfaceForComposites.java:96)
	at ptolemy.domains.de.kernel.DEDirector.preinitialize(DEDirector.java:1338)
	at ptolemy.actor.CompositeActor.preinitialize(CompositeActor.java:1828)
	at ptolemy.actor.Manager.preinitializeAndResolveTypes(Manager.java:1040)
	at ptolemy.actor.Manager.initialize(Manager.java:710)
	at ptolemy.actor.Manager.execute(Manager.java:356)
	at ptolemy.actor.Manager.run(Manager.java:1263)
	at ptolemy.actor.Manager$PtolemyRunThread.run(Manager.java:1933)
java.lang.reflect.InvocationTargetException
	at java.base/jdk.internal.reflect.NativeConstructorAccessorImpl.newInstance0(Native Method)
	at java.base/jdk.internal.reflect.NativeConstructorAccessorImpl.newInstance(NativeConstructorAccessorImpl.java:62)
	at java.base/jdk.internal.reflect.DelegatingConstructorAccessorImpl.newInstance(DelegatingConstructorAccessorImpl.java:45)
	at java.base/java.lang.reflect.Constructor.newInstance(Constructor.java:490)
	at ptolemy.util.test.junit.AutoKnownFailedTests.RunModel(AutoKnownFailedTests.java:105)
	at java.base/jdk.internal.reflect.NativeMethodAccessorImpl.invoke0(Native Method)
	at java.base/jdk.internal.reflect.NativeMethodAccessorImpl.invoke(NativeMethodAccessorImpl.java:62)
	at java.base/jdk.internal.reflect.DelegatingMethodAccessorImpl.invoke(DelegatingMethodAccessorImpl.java:43)
	at java.base/java.lang.reflect.Method.invoke(Method.java:566)
	at org.junit.runners.model.FrameworkMethod$1.runReflectiveCall(FrameworkMethod.java:44)
	at org.junit.internal.runners.model.ReflectiveCallable.run(ReflectiveCallable.java:15)
	at org.junit.runners.model.FrameworkMethod.invokeExplosively(FrameworkMethod.java:41)
	at junitparams.internal.InvokeParameterisedMethod.evaluate(InvokeParameterisedMethod.java:102)
	at org.junit.internal.runners.statements.FailOnTimeout$1.run(FailOnTimeout.java:28)
Caused by: ptolemy.kernel.util.IllegalActionException: Found a zero delay loop containing .dependencyLoop.original
  in .dependencyLoop and .dependencyLoop.original
	at ptolemy.actor.util.CausalityInterfaceForComposites._computeOutputPortDepth(CausalityInterfaceForComposites.java:759)
	at ptolemy.actor.util.CausalityInterfaceForComposites._computeInputDepth(CausalityInterfaceForComposites.java:696)
	at ptolemy.actor.util.CausalityInterfaceForComposites._computeOutputPortDepth(CausalityInterfaceForComposites.java:765)
	at ptolemy.actor.util.CausalityInterfaceForComposites._computeInputDepth(CausalityInterfaceForComposites.java:696)
	at ptolemy.actor.util.CausalityInterfaceForComposites._computeOutputPortDepth(CausalityInterfaceForComposites.java:765)
	at ptolemy.actor.util.CausalityInterfaceForComposites._computeInputDepth(CausalityInterfaceForComposites.java:696)
	at ptolemy.actor.util.CausalityInterfaceForComposites._computeActorDepth(CausalityInterfaceForComposites.java:532)
	at ptolemy.actor.util.CausalityInterfaceForComposites.checkForCycles(CausalityInterfaceForComposites.java:96)
	at ptolemy.domains.de.kernel.DEDirector.preinitialize(DEDirector.java:1338)
	at ptolemy.actor.CompositeActor.preinitialize(CompositeActor.java:1828)
	at ptolemy.actor.Manager.preinitializeAndResolveTypes(Manager.java:1040)
	at ptolemy.actor.Manager.initialize(Manager.java:710)
	at ptolemy.actor.Manager.execute(Manager.java:356)
	at ptolemy.actor.Manager.run(Manager.java:1263)
	at ptolemy.actor.Manager$PtolemyRunThread.run(Manager.java:1933)
java.lang.RuntimeException: Execution failed
	at ptolemy.moml.MoMLSimpleApplication$UnloadThread.run(MoMLSimpleApplication.java:402)
Caused by: ptolemy.kernel.util.IllegalActionException: Found a zero delay loop containing .dependencyLoop2.original
  in .dependencyLoop2 and .dependencyLoop2.original
	at ptolemy.actor.util.CausalityInterfaceForComposites._computeOutputPortDepth(CausalityInterfaceForComposites.java:759)
	at ptolemy.actor.util.CausalityInterfaceForComposites._computeInputDepth(CausalityInterfaceForComposites.java:696)
	at ptolemy.actor.util.CausalityInterfaceForComposites._computeOutputPortDepth(CausalityInterfaceForComposites.java:765)
	at ptolemy.actor.util.CausalityInterfaceForComposites._computeInputDepth(CausalityInterfaceForComposites.java:696)
	at ptolemy.actor.util.CausalityInterfaceForComposites._computeOutputPortDepth(CausalityInterfaceForComposites.java:765)
	at ptolemy.actor.util.CausalityInterfaceForComposites._computeInputDepth(CausalityInterfaceForComposites.java:696)
	at ptolemy.actor.util.CausalityInterfaceForComposites._computeActorDepth(CausalityInterfaceForComposites.java:532)
	at ptolemy.actor.util.CausalityInterfaceForComposites.checkForCycles(CausalityInterfaceForComposites.java:96)
	at ptolemy.domains.de.kernel.DEDirector.preinitialize(DEDirector.java:1338)
	at ptolemy.actor.CompositeActor.preinitialize(CompositeActor.java:1828)
	at ptolemy.actor.Manager.preinitializeAndResolveTypes(Manager.java:1040)
	at ptolemy.actor.Manager.initialize(Manager.java:710)
	at ptolemy.actor.Manager.execute(Manager.java:356)
	at ptolemy.actor.Manager.run(Manager.java:1263)
	at ptolemy.actor.Manager$PtolemyRunThread.run(Manager.java:1933)
java.lang.reflect.InvocationTargetException
	at java.base/jdk.internal.reflect.NativeConstructorAccessorImpl.newInstance0(Native Method)
	at java.base/jdk.internal.reflect.NativeConstructorAccessorImpl.newInstance(NativeConstructorAccessorImpl.java:62)
	at java.base/jdk.internal.reflect.DelegatingConstructorAccessorImpl.newInstance(DelegatingConstructorAccessorImpl.java:45)
	at java.base/java.lang.reflect.Constructor.newInstance(Constructor.java:490)
	at ptolemy.util.test.junit.AutoKnownFailedTests.RunModel(AutoKnownFailedTests.java:105)
	at java.base/jdk.internal.reflect.NativeMethodAccessorImpl.invoke0(Native Method)
	at java.base/jdk.internal.reflect.NativeMethodAccessorImpl.invoke(NativeMethodAccessorImpl.java:62)
	at java.base/jdk.internal.reflect.DelegatingMethodAccessorImpl.invoke(DelegatingMethodAccessorImpl.java:43)
	at java.base/java.lang.reflect.Method.invoke(Method.java:566)
	at org.junit.runners.model.FrameworkMethod$1.runReflectiveCall(FrameworkMethod.java:44)
	at org.junit.internal.runners.model.ReflectiveCallable.run(ReflectiveCallable.java:15)
	at org.junit.runners.model.FrameworkMethod.invokeExplosively(FrameworkMethod.java:41)
	at junitparams.internal.InvokeParameterisedMethod.evaluate(InvokeParameterisedMethod.java:102)
	at org.junit.internal.runners.statements.FailOnTimeout$1.run(FailOnTimeout.java:28)
Caused by: ptolemy.kernel.util.IllegalActionException: Found a zero delay loop containing .dependencyLoop2.original
  in .dependencyLoop2 and .dependencyLoop2.original
	at ptolemy.actor.util.CausalityInterfaceForComposites._computeOutputPortDepth(CausalityInterfaceForComposites.java:759)
	at ptolemy.actor.util.CausalityInterfaceForComposites._computeInputDepth(CausalityInterfaceForComposites.java:696)
	at ptolemy.actor.util.CausalityInterfaceForComposites._computeOutputPortDepth(CausalityInterfaceForComposites.java:765)
	at ptolemy.actor.util.CausalityInterfaceForComposites._computeInputDepth(CausalityInterfaceForComposites.java:696)
	at ptolemy.actor.util.CausalityInterfaceForComposites._computeOutputPortDepth(CausalityInterfaceForComposites.java:765)
	at ptolemy.actor.util.CausalityInterfaceForComposites._computeInputDepth(CausalityInterfaceForComposites.java:696)
	at ptolemy.actor.util.CausalityInterfaceForComposites._computeActorDepth(CausalityInterfaceForComposites.java:532)
	at ptolemy.actor.util.CausalityInterfaceForComposites.checkForCycles(CausalityInterfaceForComposites.java:96)
	at ptolemy.domains.de.kernel.DEDirector.preinitialize(DEDirector.java:1338)
	at ptolemy.actor.CompositeActor.preinitialize(CompositeActor.java:1828)
	at ptolemy.actor.Manager.preinitializeAndResolveTypes(Manager.java:1040)
	at ptolemy.actor.Manager.initialize(Manager.java:710)
	at ptolemy.actor.Manager.execute(Manager.java:356)
	at ptolemy.actor.Manager.run(Manager.java:1263)
	at ptolemy.actor.Manager$PtolemyRunThread.run(Manager.java:1933)
]]></system-err>
</testsuite>
