<?xml version="1.0" encoding="UTF-8" ?>
<testsuite errors="0" failures="0" hostname="travis-job-ae0119bb-7ba8-4dcc-ac15-abc1cf5819ba" name="ptolemy.domains.de.test.junit.JUnitTclTest" skipped="0" tests="101" time="141.378" timestamp="2019-09-22T05:42:07">
  <properties>
[...]
</properties>
  <testcase classname="ptolemy.util.test.junit.TclTests" name="[0] /home/travis/build/icyphy/ptII/ptolemy/domains/de/test/DependencyLoop.tcl (RunTclFile)" time="1.186" />
  <testcase classname="ptolemy.util.test.junit.TclTests" name="[1] /home/travis/build/icyphy/ptII/ptolemy/domains/de/test/RunDETestsAsQSS.tcl (RunTclFile)" time="95.769" />
  <testcase classname="ptolemy.util.test.junit.AutoKnownFailedTests" name="[0] /home/travis/build/icyphy/ptII/ptolemy/domains/de/test/auto/knownFailedTests/DESDFClockTest.xml (RunModel)" time="2.073" />
  <testcase classname="ptolemy.util.test.junit.AutoKnownFailedTests" name="[1] /home/travis/build/icyphy/ptII/ptolemy/domains/de/test/auto/knownFailedTests/DirectFeedback.xml (RunModel)" time="0.018" />
  <testcase classname="ptolemy.util.test.junit.AutoKnownFailedTests" name="[2] /home/travis/build/icyphy/ptII/ptolemy/domains/de/test/auto/knownFailedTests/FSMSource.xml (RunModel)" time="0.051" />
  <testcase classname="ptolemy.util.test.junit.AutoKnownFailedTests" name="[3] /home/travis/build/icyphy/ptII/ptolemy/domains/de/test/auto/knownFailedTests/HierarchicalModel.xml (RunModel)" time="0.051" />
  <testcase classname="ptolemy.util.test.junit.AutoKnownFailedTests" name="[4] /home/travis/build/icyphy/ptII/ptolemy/domains/de/test/auto/knownFailedTests/dependencyLoop.xml (RunModel)" time="0.057" />
  <testcase classname="ptolemy.util.test.junit.AutoKnownFailedTests" name="[5] /home/travis/build/icyphy/ptII/ptolemy/domains/de/test/auto/knownFailedTests/dependencyLoop2.xml (RunModel)" time="0.054" />
  <testcase classname="ptolemy.util.test.junit.AutoNameArchTests" name="[0] ThereAreNoAutoArchTests (RunModel)" time="0.006" />
  <testcase classname="ptolemy.util.test.junit.AutoTests" name="[0] /home/travis/build/icyphy/ptII/ptolemy/domains/de/test/auto/ActorDepthCalculation_actorWithoutPorts.xml (RunModel)" time="0.032" />
  <testcase classname="ptolemy.util.test.junit.AutoTests" name="[1] /home/travis/build/icyphy/ptII/ptolemy/domains/de/test/auto/AssemblyLine.xml (RunModel)" time="0.034" />
  <testcase classname="ptolemy.util.test.junit.AutoTests" name="[2] /home/travis/build/icyphy/ptII/ptolemy/domains/de/test/auto/CQBug1.xml (RunModel)" time="0.013" />
  <testcase classname="ptolemy.util.test.junit.AutoTests" name="[3] /home/travis/build/icyphy/ptII/ptolemy/domains/de/test/auto/CancelFireAt.xml (RunModel)" time="0.014" />
  <testcase classname="ptolemy.util.test.junit.AutoTests" name="[4] /home/travis/build/icyphy/ptII/ptolemy/domains/de/test/auto/CausalityAndComposabilityAnalysis.xml (RunModel)" time="0.014" />
  <testcase classname="ptolemy.util.test.junit.AutoTests" name="[5] /home/travis/build/icyphy/ptII/ptolemy/domains/de/test/auto/CausalityInterface1.xml (RunModel)" time="0.024" />
  <testcase classname="ptolemy.util.test.junit.AutoTests" name="[6] /home/travis/build/icyphy/ptII/ptolemy/domains/de/test/auto/CausalityInterface15.xml (RunModel)" time="0.019" />
  <testcase classname="ptolemy.util.test.junit.AutoTests" name="[7] /home/travis/build/icyphy/ptII/ptolemy/domains/de/test/auto/CausalityInterface2.xml (RunModel)" time="0.02" />
  <testcase classname="ptolemy.util.test.junit.AutoTests" name="[8] /home/travis/build/icyphy/ptII/ptolemy/domains/de/test/auto/CausalityInterface3.xml (RunModel)" time="0.017" />
  <testcase classname="ptolemy.util.test.junit.AutoTests" name="[9] /home/travis/build/icyphy/ptII/ptolemy/domains/de/test/auto/ClockDrift.xml (RunModel)" time="0.051" />
  <testcase classname="ptolemy.util.test.junit.AutoTests" name="[10] /home/travis/build/icyphy/ptII/ptolemy/domains/de/test/auto/ClockDriftAndValueChange.xml (RunModel)" time="0.044" />
  <testcase classname="ptolemy.util.test.junit.AutoTests" name="[11] /home/travis/build/icyphy/ptII/ptolemy/domains/de/test/auto/ClockDriftChange.xml (RunModel)" time="0.045" />
  <testcase classname="ptolemy.util.test.junit.AutoTests" name="[12] /home/travis/build/icyphy/ptII/ptolemy/domains/de/test/auto/ComposableCausalityAnalysis.xml (RunModel)" time="0.019" />
  <testcase classname="ptolemy.util.test.junit.AutoTests" name="[13] /home/travis/build/icyphy/ptII/ptolemy/domains/de/test/auto/DEFixedPointLimitation.xml (RunModel)" time="0.011" />
  <testcase classname="ptolemy.util.test.junit.AutoTests" name="[14] /home/travis/build/icyphy/ptII/ptolemy/domains/de/test/auto/DEScheduleTest.xml (RunModel)" time="0.018" />
  <testcase classname="ptolemy.util.test.junit.AutoTests" name="[15] /home/travis/build/icyphy/ptII/ptolemy/domains/de/test/auto/DEinDEwithStartTimes.xml (RunModel)" time="0.016" />
  <testcase classname="ptolemy.util.test.junit.AutoTests" name="[16] /home/travis/build/icyphy/ptII/ptolemy/domains/de/test/auto/DEinDEwithStartTimes2.xml (RunModel)" time="0.021" />
  <testcase classname="ptolemy.util.test.junit.AutoTests" name="[17] /home/travis/build/icyphy/ptII/ptolemy/domains/de/test/auto/DateDemo.xml (RunModel)" time="0.037" />
  <testcase classname="ptolemy.util.test.junit.AutoTests" name="[18] /home/travis/build/icyphy/ptII/ptolemy/domains/de/test/auto/DateToEvent.xml (RunModel)" time="2.05" />
  <testcase classname="ptolemy.util.test.junit.AutoTests" name="[19] /home/travis/build/icyphy/ptII/ptolemy/domains/de/test/auto/DepthTest1.xml (RunModel)" time="0.009" />
  <testcase classname="ptolemy.util.test.junit.AutoTests" name="[20] /home/travis/build/icyphy/ptII/ptolemy/domains/de/test/auto/DepthTest2.xml (RunModel)" time="0.027" />
  <testcase classname="ptolemy.util.test.junit.AutoTests" name="[21] /home/travis/build/icyphy/ptII/ptolemy/domains/de/test/auto/DepthTest3.xml (RunModel)" time="0.012" />
  <testcase classname="ptolemy.util.test.junit.AutoTests" name="[22] /home/travis/build/icyphy/ptII/ptolemy/domains/de/test/auto/DepthTest4.xml (RunModel)" time="0.02" />
  <testcase classname="ptolemy.util.test.junit.AutoTests" name="[23] /home/travis/build/icyphy/ptII/ptolemy/domains/de/test/auto/DepthTest5.xml (RunModel)" time="0.014" />
  <testcase classname="ptolemy.util.test.junit.AutoTests" name="[24] /home/travis/build/icyphy/ptII/ptolemy/domains/de/test/auto/DepthTest6.xml (RunModel)" time="0.014" />
  <testcase classname="ptolemy.util.test.junit.AutoTests" name="[25] /home/travis/build/icyphy/ptII/ptolemy/domains/de/test/auto/DepthTest7.xml (RunModel)" time="0.014" />
  <testcase classname="ptolemy.util.test.junit.AutoTests" name="[26] /home/travis/build/icyphy/ptII/ptolemy/domains/de/test/auto/EventToDate.xml (RunModel)" time="3.057" />
  <testcase classname="ptolemy.util.test.junit.AutoTests" name="[27] /home/travis/build/icyphy/ptII/ptolemy/domains/de/test/auto/FSM1.xml (RunModel)" time="0.076" />
  <testcase classname="ptolemy.util.test.junit.AutoTests" name="[28] /home/travis/build/icyphy/ptII/ptolemy/domains/de/test/auto/FSM7.xml (RunModel)" time="0.041" />
  <testcase classname="ptolemy.util.test.junit.AutoTests" name="[29] /home/travis/build/icyphy/ptII/ptolemy/domains/de/test/auto/Inspection.xml (RunModel)" time="0.054" />
  <testcase classname="ptolemy.util.test.junit.AutoTests" name="[30] /home/travis/build/icyphy/ptII/ptolemy/domains/de/test/auto/Iteration.xml (RunModel)" time="0.035" />
  <testcase classname="ptolemy.util.test.junit.AutoTests" name="[31] /home/travis/build/icyphy/ptII/ptolemy/domains/de/test/auto/LineFault.xml (RunModel)" time="0.81" />
  <testcase classname="ptolemy.util.test.junit.AutoTests" name="[32] /home/travis/build/icyphy/ptII/ptolemy/domains/de/test/auto/MergeModel1Add.xml (RunModel)" time="0.069" />
  <testcase classname="ptolemy.util.test.junit.AutoTests" name="[33] /home/travis/build/icyphy/ptII/ptolemy/domains/de/test/auto/MergeModel2Add.xml (RunModel)" time="0.047" />
  <testcase classname="ptolemy.util.test.junit.AutoTests" name="[34] /home/travis/build/icyphy/ptII/ptolemy/domains/de/test/auto/MergeModel3Add.xml (RunModel)" time="0.063" />
  <testcase classname="ptolemy.util.test.junit.AutoTests" name="[35] /home/travis/build/icyphy/ptII/ptolemy/domains/de/test/auto/MergeWithoutDiscard.xml (RunModel)" time="0.02" />
  <testcase classname="ptolemy.util.test.junit.AutoTests" name="[36] /home/travis/build/icyphy/ptII/ptolemy/domains/de/test/auto/Modal1.xml (RunModel)" time="0.039" />
  <testcase classname="ptolemy.util.test.junit.AutoTests" name="[37] /home/travis/build/icyphy/ptII/ptolemy/domains/de/test/auto/Modal2.xml (RunModel)" time="0.043" />
  <testcase classname="ptolemy.util.test.junit.AutoTests" name="[38] /home/travis/build/icyphy/ptII/ptolemy/domains/de/test/auto/Modal3.xml (RunModel)" time="0.035" />
  <testcase classname="ptolemy.util.test.junit.AutoTests" name="[39] /home/travis/build/icyphy/ptII/ptolemy/domains/de/test/auto/Modal4.xml (RunModel)" time="0.044" />
  <testcase classname="ptolemy.util.test.junit.AutoTests" name="[40] /home/travis/build/icyphy/ptII/ptolemy/domains/de/test/auto/Modal5.xml (RunModel)" time="0.036" />
  <testcase classname="ptolemy.util.test.junit.AutoTests" name="[41] /home/travis/build/icyphy/ptII/ptolemy/domains/de/test/auto/Modal6.xml (RunModel)" time="0.047" />
  <testcase classname="ptolemy.util.test.junit.AutoTests" name="[42] /home/travis/build/icyphy/ptII/ptolemy/domains/de/test/auto/Modal7.xml (RunModel)" time="0.038" />
  <testcase classname="ptolemy.util.test.junit.AutoTests" name="[43] /home/travis/build/icyphy/ptII/ptolemy/domains/de/test/auto/ModalModel.xml (RunModel)" time="0.268" />
  <testcase classname="ptolemy.util.test.junit.AutoTests" name="[44] /home/travis/build/icyphy/ptII/ptolemy/domains/de/test/auto/ModalSource.xml (RunModel)" time="0.021" />
  <testcase classname="ptolemy.util.test.junit.AutoTests" name="[45] /home/travis/build/icyphy/ptII/ptolemy/domains/de/test/auto/NonInterruptibleTimerZeroDelay.xml (RunModel)" time="0.01" />
  <testcase classname="ptolemy.util.test.junit.AutoTests" name="[46] /home/travis/build/icyphy/ptII/ptolemy/domains/de/test/auto/OpenQueueingNetwork.xml (RunModel)" time="3.328" />
  <testcase classname="ptolemy.util.test.junit.AutoTests" name="[47] /home/travis/build/icyphy/ptII/ptolemy/domains/de/test/auto/OpenQueuingNetwork.xml (RunModel)" time="0.371" />
  <testcase classname="ptolemy.util.test.junit.AutoTests" name="[48] /home/travis/build/icyphy/ptII/ptolemy/domains/de/test/auto/PeriodicSampler.xml (RunModel)" time="0.009" />
  <testcase classname="ptolemy.util.test.junit.AutoTests" name="[49] /home/travis/build/icyphy/ptII/ptolemy/domains/de/test/auto/PersistentIO.xml (RunModel)" time="0.021" />
  <testcase classname="ptolemy.util.test.junit.AutoTests" name="[50] /home/travis/build/icyphy/ptII/ptolemy/domains/de/test/auto/PortParameterResetOnInitialize.xml (RunModel)" time="0.011" />
  <testcase classname="ptolemy.util.test.junit.AutoTests" name="[51] /home/travis/build/icyphy/ptII/ptolemy/domains/de/test/auto/PortParameterUpdates.xml (RunModel)" time="0.018" />
  <testcase classname="ptolemy.util.test.junit.AutoTests" name="[52] /home/travis/build/icyphy/ptII/ptolemy/domains/de/test/auto/QueueAndServer.xml (RunModel)" time="0.024" />
  <testcase classname="ptolemy.util.test.junit.AutoTests" name="[53] /home/travis/build/icyphy/ptII/ptolemy/domains/de/test/auto/Records.xml (RunModel)" time="0.024" />
  <testcase classname="ptolemy.util.test.junit.AutoTests" name="[54] /home/travis/build/icyphy/ptII/ptolemy/domains/de/test/auto/ResetTransitionWithStartTime1.xml (RunModel)" time="0.026" />
  <testcase classname="ptolemy.util.test.junit.AutoTests" name="[55] /home/travis/build/icyphy/ptII/ptolemy/domains/de/test/auto/ResetTransitionWithStartTime2.xml (RunModel)" time="0.029" />
  <testcase classname="ptolemy.util.test.junit.AutoTests" name="[56] /home/travis/build/icyphy/ptII/ptolemy/domains/de/test/auto/ResetTransitionWithStartTime3.xml (RunModel)" time="0.024" />
  <testcase classname="ptolemy.util.test.junit.AutoTests" name="[57] /home/travis/build/icyphy/ptII/ptolemy/domains/de/test/auto/ResetTransitionWithStartTime4.xml (RunModel)" time="0.019" />
  <testcase classname="ptolemy.util.test.junit.AutoTests" name="[58] /home/travis/build/icyphy/ptII/ptolemy/domains/de/test/auto/ResettableTimer1.xml (RunModel)" time="0.01" />
  <testcase classname="ptolemy.util.test.junit.AutoTests" name="[59] /home/travis/build/icyphy/ptII/ptolemy/domains/de/test/auto/ResettableTimer2.xml (RunModel)" time="0.012" />
  <testcase classname="ptolemy.util.test.junit.AutoTests" name="[60] /home/travis/build/icyphy/ptII/ptolemy/domains/de/test/auto/ResettableTimer3.xml (RunModel)" time="0.009" />
  <testcase classname="ptolemy.util.test.junit.AutoTests" name="[61] /home/travis/build/icyphy/ptII/ptolemy/domains/de/test/auto/ResettableTimer4.xml (RunModel)" time="0.016" />
  <testcase classname="ptolemy.util.test.junit.AutoTests" name="[62] /home/travis/build/icyphy/ptII/ptolemy/domains/de/test/auto/ResettableTimer5.xml (RunModel)" time="0.01" />
  <testcase classname="ptolemy.util.test.junit.AutoTests" name="[63] /home/travis/build/icyphy/ptII/ptolemy/domains/de/test/auto/ResettableTimer6.xml (RunModel)" time="0.02" />
  <testcase classname="ptolemy.util.test.junit.AutoTests" name="[64] /home/travis/build/icyphy/ptII/ptolemy/domains/de/test/auto/ServerZeroDelay.xml (RunModel)" time="0.011" />
  <testcase classname="ptolemy.util.test.junit.AutoTests" name="[65] /home/travis/build/icyphy/ptII/ptolemy/domains/de/test/auto/SmartSender.xml (RunModel)" time="3.01" />
  <testcase classname="ptolemy.util.test.junit.AutoTests" name="[66] /home/travis/build/icyphy/ptII/ptolemy/domains/de/test/auto/ThreadedComposite.xml (RunModel)" time="0.156" />
  <testcase classname="ptolemy.util.test.junit.AutoTests" name="[67] /home/travis/build/icyphy/ptII/ptolemy/domains/de/test/auto/Time.xml (RunModel)" time="0.471" />
  <testcase classname="ptolemy.util.test.junit.AutoTests" name="[68] /home/travis/build/icyphy/ptII/ptolemy/domains/de/test/auto/TimeDelayZeroDelay.xml (RunModel)" time="0.022" />
  <testcase classname="ptolemy.util.test.junit.AutoTests" name="[69] /home/travis/build/icyphy/ptII/ptolemy/domains/de/test/auto/TimerZeroDelay.xml (RunModel)" time="0.01" />
  <testcase classname="ptolemy.util.test.junit.AutoTests" name="[70] /home/travis/build/icyphy/ptII/ptolemy/domains/de/test/auto/TimingParadox.xml (RunModel)" time="0.473" />
  <testcase classname="ptolemy.util.test.junit.AutoTests" name="[71] /home/travis/build/icyphy/ptII/ptolemy/domains/de/test/auto/TransferInputs.xml (RunModel)" time="0.014" />
  <testcase classname="ptolemy.util.test.junit.AutoTests" name="[72] /home/travis/build/icyphy/ptII/ptolemy/domains/de/test/auto/TransferOutputs2.xml (RunModel)" time="0.022" />
  <testcase classname="ptolemy.util.test.junit.AutoTests" name="[73] /home/travis/build/icyphy/ptII/ptolemy/domains/de/test/auto/Trilateration.xml (RunModel)" time="13.376" />
  <testcase classname="ptolemy.util.test.junit.AutoTests" name="[74] /home/travis/build/icyphy/ptII/ptolemy/domains/de/test/auto/TwoSigmaDelta.xml (RunModel)" time="2.438" />
  <testcase classname="ptolemy.util.test.junit.AutoTests" name="[75] /home/travis/build/icyphy/ptII/ptolemy/domains/de/test/auto/VariableDelay.xml (RunModel)" time="0.015" />
  <testcase classname="ptolemy.util.test.junit.AutoTests" name="[76] /home/travis/build/icyphy/ptII/ptolemy/domains/de/test/auto/VariableDelay2.xml (RunModel)" time="0.012" />
  <testcase classname="ptolemy.util.test.junit.AutoTests" name="[77] /home/travis/build/icyphy/ptII/ptolemy/domains/de/test/auto/VariableDelayZeroDelay.xml (RunModel)" time="0.012" />
  <testcase classname="ptolemy.util.test.junit.AutoTests" name="[78] /home/travis/build/icyphy/ptII/ptolemy/domains/de/test/auto/VariableDelayZeroDelay2.xml (RunModel)" time="0.015" />
  <testcase classname="ptolemy.util.test.junit.AutoTests" name="[79] /home/travis/build/icyphy/ptII/ptolemy/domains/de/test/auto/deInCt.xml (RunModel)" time="0.015" />
  <testcase classname="ptolemy.util.test.junit.AutoTests" name="[80] /home/travis/build/icyphy/ptII/ptolemy/domains/de/test/auto/deInCt2.xml (RunModel)" time="0.015" />
  <testcase classname="ptolemy.util.test.junit.AutoTests" name="[81] /home/travis/build/icyphy/ptII/ptolemy/domains/de/test/auto/dynamicCausalityInterface1.xml (RunModel)" time="0.02" />
  <testcase classname="ptolemy.util.test.junit.AutoTests" name="[82] /home/travis/build/icyphy/ptII/ptolemy/domains/de/test/auto/fsm_de_test.xml (RunModel)" time="0.025" />
  <testcase classname="ptolemy.util.test.junit.AutoTests" name="[83] /home/travis/build/icyphy/ptII/ptolemy/domains/de/test/auto/functionDependencyReconstruction.xml (RunModel)" time="0.042" />
  <testcase classname="ptolemy.util.test.junit.AutoTests" name="[84] /home/travis/build/icyphy/ptII/ptolemy/domains/de/test/auto/multirate.xml (RunModel)" time="0.017" />
  <testcase classname="ptolemy.util.test.junit.AutoTests" name="[85] /home/travis/build/icyphy/ptII/ptolemy/domains/de/test/auto/multirate2.xml (RunModel)" time="0.019" />
  <testcase classname="ptolemy.util.test.junit.AutoTests" name="[86] /home/travis/build/icyphy/ptII/ptolemy/domains/de/test/auto/realtime.xml (RunModel)" time="10.01" />
  <testcase classname="ptolemy.util.test.junit.AutoTests" name="[87] /home/travis/build/icyphy/ptII/ptolemy/domains/de/test/auto/relationGroup.xml (RunModel)" time="0.013" />
  <testcase classname="ptolemy.util.test.junit.AutoTests" name="[88] /home/travis/build/icyphy/ptII/ptolemy/domains/de/test/auto/relationGroup2.xml (RunModel)" time="0.005" />
  <testcase classname="ptolemy.util.test.junit.AutoTests" name="[89] /home/travis/build/icyphy/ptII/ptolemy/domains/de/test/auto/sortWithOpaquePorts.xml (RunModel)" time="0.013" />
  <testcase classname="ptolemy.util.test.junit.AutoTests" name="[90] /home/travis/build/icyphy/ptII/ptolemy/domains/de/test/auto/transferInputsandOutputs.xml (RunModel)" time="0.026" />
  <testcase classname="ptolemy.util.test.junit.AutoTests" name="[91] /home/travis/build/icyphy/ptII/ptolemy/domains/de/test/auto/triggerType.xml (RunModel)" time="0.009" />
  <system-out><![CDATA[/home/travis/build/icyphy/ptII/ptolemy/domains/de/test/DependencyLoop.tcl
testDefs.tcl: setting time out to 9000 seconds at Sun Sep 22 05:42:07 UTC 2019
124 ms. Memory: 120832K Free: 72134K (60%)
24 ms. Memory: 120832K Free: 54719K (45%)
/home/travis/build/icyphy/ptII/ptolemy/domains/de/test/RunDETestsAsQSS.tcl
Run the DE tests using ptolemy.domains.qss.test.QSSDirectorTest, which extends QSSDirector and prints a message in the constructors.
------------------ testing $PTII/ptolemy/domains/de/test/auto/knownFailedTests/DirectFeedback.xml (Known Failure) 
70 ms. Memory: 120832K Free: 48582K (40%)


==== $PTIIhome/travis/build/icyphy/ptII/ptolemy/domains/de/test/../../../../: Auto Automatic test in file $PTII/ptolemy/domains/de/test/auto/knownFailedTests/DirectFeedback.xml
==== Contents of test case:

	    # FIXME: we should use $relativeFilename here, but it
	    # might have backslashes under Windows, which causes no end
	    # of trouble.
	    createAndExecute $file
	    list {}
	
.... Test generated KNOWN error:
    while executing
ptolemy.kernel.util.IllegalActionException: Test fails in iteration 1.
Value was: 1.0. Should have been: 2.0
  in .DirectFeedback.Test
	at ptolemy.actor.lib.Test.fire(Test.java:268)
	at ptolemy.domains.de.kernel.DEDirector._fire(DEDirector.java:1949)
	at ptolemy.domains.de.kernel.DEDirector.fire(DEDirector.java:502)
	at ptolemy.actor.CompositeActor.fire(CompositeActor.java:455)
	at ptolemy.actor.Manager.iterate(Manager.java:851)
	at ptolemy.actor.Manager.execute(Manager.java:369)
	at ptolemy.actor.Manager.run(Manager.java:1263)
	at ptolemy.actor.Manager$PtolemyRunThread.run(Manager.java:1933)

    while executing
ptolemy.kernel.util.IllegalActionException: Test fails in iteration 1.
Value was: 1.0. Should have been: 2.0
  in .DirectFeedback.Test
    while executing
"java::new ptolemy.moml.MoMLSimpleApplication $file
"
    (procedure "createAndExecute" line 2)
    invoked from within
"createAndExecute $file"
    ("uplevel" body line 5)
    invoked from within
"uplevel $contents_of_test"
------------------ testing $PTII/ptolemy/domains/de/test/auto/knownFailedTests/dependencyLoop.xml (Known Failure) 
35 ms. Memory: 120832K Free: 108396K (90%)


==== $PTIIhome/travis/build/icyphy/ptII/ptolemy/domains/de/test/../../../../: Auto Automatic test in file $PTII/ptolemy/domains/de/test/auto/knownFailedTests/dependencyLoop.xml
==== Contents of test case:

	    # FIXME: we should use $relativeFilename here, but it
	    # might have backslashes under Windows, which causes no end
	    # of trouble.
	    createAndExecute $file
	    list {}
	
.... Test generated KNOWN error:
    while executing
ptolemy.kernel.util.IllegalActionException: Found a zero delay loop containing .dependencyLoop.original
  in .dependencyLoop and .dependencyLoop.original
	at ptolemy.actor.util.CausalityInterfaceForComposites._computeOutputPortDepth(CausalityInterfaceForComposites.java:759)
	at ptolemy.actor.util.CausalityInterfaceForComposites._computeInputDepth(CausalityInterfaceForComposites.java:696)
	at ptolemy.actor.util.CausalityInterfaceForComposites._computeOutputPortDepth(CausalityInterfaceForComposites.java:765)
	at ptolemy.actor.util.CausalityInterfaceForComposites._computeInputDepth(CausalityInterfaceForComposites.java:696)
	at ptolemy.actor.util.CausalityInterfaceForComposites._computeOutputPortDepth(CausalityInterfaceForComposites.java:765)
	at ptolemy.actor.util.CausalityInterfaceForComposites._computeInputDepth(CausalityInterfaceForComposites.java:696)
	at ptolemy.actor.util.CausalityInterfaceForComposites._computeActorDepth(CausalityInterfaceForComposites.java:532)
	at ptolemy.actor.util.CausalityInterfaceForComposites.checkForCycles(CausalityInterfaceForComposites.java:96)
	at ptolemy.domains.de.kernel.DEDirector.preinitialize(DEDirector.java:1338)
	at ptolemy.actor.CompositeActor.preinitialize(CompositeActor.java:1828)
	at ptolemy.actor.Manager.preinitializeAndResolveTypes(Manager.java:1040)
	at ptolemy.actor.Manager.initialize(Manager.java:710)
	at ptolemy.actor.Manager.execute(Manager.java:356)
	at ptolemy.actor.Manager.run(Manager.java:1263)
	at ptolemy.actor.Manager$PtolemyRunThread.run(Manager.java:1933)

    while executing
ptolemy.kernel.util.IllegalActionException: Found a zero delay loop containing .dependencyLoop.original
  in .dependencyLoop and .dependencyLoop.original
    while executing
"java::new ptolemy.moml.MoMLSimpleApplication $file
"
    (procedure "createAndExecute" line 2)
    invoked from within
"createAndExecute $file"
    ("uplevel" body line 5)
    invoked from within
"uplevel $contents_of_test"
------------------ testing $PTII/ptolemy/domains/de/test/auto/knownFailedTests/FSMSource.xml (Known Failure) 
73 ms. Memory: 120832K Free: 99240K (82%)
!!!! Auto was marked as failing, but now passes
------------------ testing $PTII/ptolemy/domains/de/test/auto/knownFailedTests/HierarchicalModel.xml (Known Failure) 
18 ms. Memory: 120832K Free: 81819K (68%)


==== $PTIIhome/travis/build/icyphy/ptII/ptolemy/domains/de/test/../../../../: Auto Automatic test in file $PTII/ptolemy/domains/de/test/auto/knownFailedTests/HierarchicalModel.xml
==== Contents of test case:

	    # FIXME: we should use $relativeFilename here, but it
	    # might have backslashes under Windows, which causes no end
	    # of trouble.
	    createAndExecute $file
	    list {}
	
.... Test generated KNOWN error:
    while executing
ptolemy.kernel.util.IllegalActionException: Found a zero delay loop containing .HierarchicalModel.A
  in .HierarchicalModel and .HierarchicalModel.A
	at ptolemy.actor.util.CausalityInterfaceForComposites._computeOutputPortDepth(CausalityInterfaceForComposites.java:759)
	at ptolemy.actor.util.CausalityInterfaceForComposites._computeInputDepth(CausalityInterfaceForComposites.java:696)
	at ptolemy.actor.util.CausalityInterfaceForComposites._computeOutputPortDepth(CausalityInterfaceForComposites.java:765)
	at ptolemy.actor.util.CausalityInterfaceForComposites._computeInputDepth(CausalityInterfaceForComposites.java:696)
	at ptolemy.actor.util.CausalityInterfaceForComposites._computeOutputPortDepth(CausalityInterfaceForComposites.java:765)
	at ptolemy.actor.util.CausalityInterfaceForComposites._computeInputDepth(CausalityInterfaceForComposites.java:696)
	at ptolemy.actor.util.CausalityInterfaceForComposites._computeActorDepth(CausalityInterfaceForComposites.java:532)
	at ptolemy.actor.util.CausalityInterfaceForComposites.checkForCycles(CausalityInterfaceForComposites.java:96)
	at ptolemy.domains.de.kernel.DEDirector.preinitialize(DEDirector.java:1338)
	at ptolemy.actor.CompositeActor.preinitialize(CompositeActor.java:1828)
	at ptolemy.actor.Manager.preinitializeAndResolveTypes(Manager.java:1040)
	at ptolemy.actor.Manager.initialize(Manager.java:710)
	at ptolemy.actor.Manager.execute(Manager.java:356)
	at ptolemy.actor.Manager.run(Manager.java:1263)
	at ptolemy.actor.Manager$PtolemyRunThread.run(Manager.java:1933)

    while executing
ptolemy.kernel.util.IllegalActionException: Found a zero delay loop containing .HierarchicalModel.A
  in .HierarchicalModel and .HierarchicalModel.A
    while executing
"java::new ptolemy.moml.MoMLSimpleApplication $file
"
    (procedure "createAndExecute" line 2)
    invoked from within
"createAndExecute $file"
    ("uplevel" body line 5)
    invoked from within
"uplevel $contents_of_test"
------------------ testing $PTII/ptolemy/domains/de/test/auto/knownFailedTests/dependencyLoop2.xml (Known Failure) 
5 ms. Memory: 120832K Free: 65418K (54%)


==== $PTIIhome/travis/build/icyphy/ptII/ptolemy/domains/de/test/../../../../: Auto Automatic test in file $PTII/ptolemy/domains/de/test/auto/knownFailedTests/dependencyLoop2.xml
==== Contents of test case:

	    # FIXME: we should use $relativeFilename here, but it
	    # might have backslashes under Windows, which causes no end
	    # of trouble.
	    createAndExecute $file
	    list {}
	
.... Test generated KNOWN error:
    while executing
ptolemy.kernel.util.IllegalActionException: Found a zero delay loop containing .dependencyLoop2.original
  in .dependencyLoop2 and .dependencyLoop2.original
	at ptolemy.actor.util.CausalityInterfaceForComposites._computeOutputPortDepth(CausalityInterfaceForComposites.java:759)
	at ptolemy.actor.util.CausalityInterfaceForComposites._computeInputDepth(CausalityInterfaceForComposites.java:696)
	at ptolemy.actor.util.CausalityInterfaceForComposites._computeOutputPortDepth(CausalityInterfaceForComposites.java:765)
	at ptolemy.actor.util.CausalityInterfaceForComposites._computeInputDepth(CausalityInterfaceForComposites.java:696)
	at ptolemy.actor.util.CausalityInterfaceForComposites._computeOutputPortDepth(CausalityInterfaceForComposites.java:765)
	at ptolemy.actor.util.CausalityInterfaceForComposites._computeInputDepth(CausalityInterfaceForComposites.java:696)
	at ptolemy.actor.util.CausalityInterfaceForComposites._computeActorDepth(CausalityInterfaceForComposites.java:532)
	at ptolemy.actor.util.CausalityInterfaceForComposites.checkForCycles(CausalityInterfaceForComposites.java:96)
	at ptolemy.domains.de.kernel.DEDirector.preinitialize(DEDirector.java:1338)
	at ptolemy.actor.CompositeActor.preinitialize(CompositeActor.java:1828)
	at ptolemy.actor.Manager.preinitializeAndResolveTypes(Manager.java:1040)
	at ptolemy.actor.Manager.initialize(Manager.java:710)
	at ptolemy.actor.Manager.execute(Manager.java:356)
	at ptolemy.actor.Manager.run(Manager.java:1263)
	at ptolemy.actor.Manager$PtolemyRunThread.run(Manager.java:1933)

    while executing
ptolemy.kernel.util.IllegalActionException: Found a zero delay loop containing .dependencyLoop2.original
  in .dependencyLoop2 and .dependencyLoop2.original
    while executing
"java::new ptolemy.moml.MoMLSimpleApplication $file
"
    (procedure "createAndExecute" line 2)
    invoked from within
"createAndExecute $file"
    ("uplevel" body line 5)
    invoked from within
"uplevel $contents_of_test"
------------------ testing $PTII/ptolemy/domains/de/test/auto/knownFailedTests/DESDFClockTest.xml (Known Failure) 
2055 ms. Memory: 120832K Free: 96223K (80%)


==== $PTIIhome/travis/build/icyphy/ptII/ptolemy/domains/de/test/../../../../: Auto Automatic test in file $PTII/ptolemy/domains/de/test/auto/knownFailedTests/DESDFClockTest.xml
==== Contents of test case:

	    # FIXME: we should use $relativeFilename here, but it
	    # might have backslashes under Windows, which causes no end
	    # of trouble.
	    createAndExecute $file
	    list {}
	
.... Test generated KNOWN error:
    while executing
ptolemy.kernel.util.IllegalActionException: Actor is not ready to fire.  Perhaps UpSample.prefire() returned false? Try debugging the actor by selecting "Listen to Actor".  Also, for SDF check moml for tokenConsumptionRate on input.
  in .DESDFClockTest.Play Bell.Copy1:SDF Director and .DESDFClockTest.Play Bell.UpSample
	at ptolemy.actor.sched.StaticSchedulingDirector.fire(StaticSchedulingDirector.java:227)
	at ptolemy.domains.sdf.kernel.SDFDirector.fire(SDFDirector.java:500)
	at ptolemy.actor.CompositeActor.fire(CompositeActor.java:455)
	at ptolemy.domains.de.kernel.DEDirector._fire(DEDirector.java:1949)
	at ptolemy.domains.de.kernel.DEDirector.fire(DEDirector.java:502)
	at ptolemy.actor.CompositeActor.fire(CompositeActor.java:455)
	at ptolemy.actor.Manager.iterate(Manager.java:851)
	at ptolemy.actor.Manager.execute(Manager.java:369)
	at ptolemy.actor.Manager.run(Manager.java:1263)
	at ptolemy.actor.Manager$PtolemyRunThread.run(Manager.java:1933)

    while executing
ptolemy.kernel.util.IllegalActionException: Actor is not ready to fire.  Perhaps UpSample.prefire() returned false? Try debugging the actor by selecting "Listen to Actor".  Also, for SDF check moml for tokenConsumptionRate on input.
  in .DESDFClockTest.Play Bell.Copy1:SDF Director and .DESDFClockTest.Play Bell.UpSample
    while executing
"java::new ptolemy.moml.MoMLSimpleApplication $file
"
    (procedure "createAndExecute" line 2)
    invoked from within
"createAndExecute $file"
    ("uplevel" body line 5)
    invoked from within
"uplevel $contents_of_test"
------------------ testing $PTII/ptolemy/domains/de/test/auto/ActorDepthCalculation_actorWithoutPorts.xml
auto.tcl: Setting watchdog for 200 seconds at Sun Sep 22 05:42:11 UTC 2019
6 ms. Memory: 120832K Free: 89025K (74%)
ptolemy.util.test.WatchDog.cancel(): canceling Sun Sep 22 05:42:11 UTC 2019
auto.tcl: Setting watchdog for 200 seconds at Sun Sep 22 05:42:11 UTC 2019
6 ms. Memory: 120832K Free: 87398K (72%)
ptolemy.util.test.WatchDog.cancel(): canceling Sun Sep 22 05:42:11 UTC 2019
------------------ testing $PTII/ptolemy/domains/de/test/auto/AssemblyLine.xml
auto.tcl: Setting watchdog for 200 seconds at Sun Sep 22 05:42:12 UTC 2019
9 ms. Memory: 45056K Free: 22778K (51%)
ptolemy.util.test.WatchDog.cancel(): canceling Sun Sep 22 05:42:12 UTC 2019
auto.tcl: Setting watchdog for 200 seconds at Sun Sep 22 05:42:12 UTC 2019
13 ms. Memory: 45056K Free: 21866K (49%)
ptolemy.util.test.WatchDog.cancel(): canceling Sun Sep 22 05:42:12 UTC 2019
------------------ testing $PTII/ptolemy/domains/de/test/auto/CQBug1.xml
auto.tcl: Setting watchdog for 200 seconds at Sun Sep 22 05:42:12 UTC 2019
4 ms. Memory: 45056K Free: 28499K (63%)
ptolemy.util.test.WatchDog.cancel(): canceling Sun Sep 22 05:42:12 UTC 2019
auto.tcl: Setting watchdog for 200 seconds at Sun Sep 22 05:42:12 UTC 2019
3 ms. Memory: 45056K Free: 28089K (62%)
ptolemy.util.test.WatchDog.cancel(): canceling Sun Sep 22 05:42:12 UTC 2019
------------------ testing $PTII/ptolemy/domains/de/test/auto/CancelFireAt.xml
auto.tcl: Setting watchdog for 200 seconds at Sun Sep 22 05:42:12 UTC 2019
3 ms. Memory: 45056K Free: 29724K (66%)
ptolemy.util.test.WatchDog.cancel(): canceling Sun Sep 22 05:42:12 UTC 2019
auto.tcl: Setting watchdog for 200 seconds at Sun Sep 22 05:42:12 UTC 2019
3 ms. Memory: 45056K Free: 29321K (65%)
ptolemy.util.test.WatchDog.cancel(): canceling Sun Sep 22 05:42:12 UTC 2019
------------------ testing $PTII/ptolemy/domains/de/test/auto/CausalityAndComposabilityAnalysis.xml
auto.tcl: Setting watchdog for 200 seconds at Sun Sep 22 05:42:12 UTC 2019
21 ms. Memory: 45056K Free: 27338K (61%)
ptolemy.util.test.WatchDog.cancel(): canceling Sun Sep 22 05:42:12 UTC 2019
auto.tcl: Setting watchdog for 200 seconds at Sun Sep 22 05:42:12 UTC 2019
6 ms. Memory: 45056K Free: 26938K (60%)
ptolemy.util.test.WatchDog.cancel(): canceling Sun Sep 22 05:42:12 UTC 2019
------------------ testing $PTII/ptolemy/domains/de/test/auto/CausalityInterface1.xml
auto.tcl: Setting watchdog for 200 seconds at Sun Sep 22 05:42:12 UTC 2019
32 ms. Memory: 45056K Free: 26404K (59%)
ptolemy.util.test.WatchDog.cancel(): canceling Sun Sep 22 05:42:12 UTC 2019
auto.tcl: Setting watchdog for 200 seconds at Sun Sep 22 05:42:12 UTC 2019
6 ms. Memory: 45056K Free: 25412K (56%)
ptolemy.util.test.WatchDog.cancel(): canceling Sun Sep 22 05:42:12 UTC 2019
------------------ testing $PTII/ptolemy/domains/de/test/auto/CausalityInterface15.xml
auto.tcl: Setting watchdog for 200 seconds at Sun Sep 22 05:42:12 UTC 2019
11 ms. Memory: 45056K Free: 26054K (58%)
ptolemy.util.test.WatchDog.cancel(): canceling Sun Sep 22 05:42:12 UTC 2019
auto.tcl: Setting watchdog for 200 seconds at Sun Sep 22 05:42:12 UTC 2019
7 ms. Memory: 45056K Free: 25365K (56%)
ptolemy.util.test.WatchDog.cancel(): canceling Sun Sep 22 05:42:12 UTC 2019
------------------ testing $PTII/ptolemy/domains/de/test/auto/CausalityInterface2.xml
auto.tcl: Setting watchdog for 200 seconds at Sun Sep 22 05:42:12 UTC 2019
14 ms. Memory: 45056K Free: 27093K (60%)
ptolemy.util.test.WatchDog.cancel(): canceling Sun Sep 22 05:42:12 UTC 2019
auto.tcl: Setting watchdog for 200 seconds at Sun Sep 22 05:42:12 UTC 2019
3 ms. Memory: 45056K Free: 26361K (59%)
ptolemy.util.test.WatchDog.cancel(): canceling Sun Sep 22 05:42:12 UTC 2019
------------------ testing $PTII/ptolemy/domains/de/test/auto/CausalityInterface3.xml
auto.tcl: Setting watchdog for 200 seconds at Sun Sep 22 05:42:12 UTC 2019
4 ms. Memory: 45056K Free: 26565K (59%)
ptolemy.util.test.WatchDog.cancel(): canceling Sun Sep 22 05:42:12 UTC 2019
auto.tcl: Setting watchdog for 200 seconds at Sun Sep 22 05:42:12 UTC 2019
4 ms. Memory: 45056K Free: 25812K (57%)
ptolemy.util.test.WatchDog.cancel(): canceling Sun Sep 22 05:42:12 UTC 2019
------------------ testing $PTII/ptolemy/domains/de/test/auto/ClockDrift.xml
auto.tcl: Setting watchdog for 200 seconds at Sun Sep 22 05:42:13 UTC 2019
86 ms. Memory: 45056K Free: 19164K (43%)
ptolemy.util.test.WatchDog.cancel(): canceling Sun Sep 22 05:42:13 UTC 2019
auto.tcl: Setting watchdog for 200 seconds at Sun Sep 22 05:42:13 UTC 2019
94 ms. Memory: 45056K Free: 16146K (36%)
ptolemy.util.test.WatchDog.cancel(): canceling Sun Sep 22 05:42:13 UTC 2019
------------------ testing $PTII/ptolemy/domains/de/test/auto/ClockDriftAndValueChange.xml
auto.tcl: Setting watchdog for 200 seconds at Sun Sep 22 05:42:13 UTC 2019
50 ms. Memory: 45056K Free: 19228K (43%)
ptolemy.util.test.WatchDog.cancel(): canceling Sun Sep 22 05:42:13 UTC 2019
auto.tcl: Setting watchdog for 200 seconds at Sun Sep 22 05:42:13 UTC 2019
38 ms. Memory: 45056K Free: 16373K (36%)
ptolemy.util.test.WatchDog.cancel(): canceling Sun Sep 22 05:42:13 UTC 2019
------------------ testing $PTII/ptolemy/domains/de/test/auto/ClockDriftChange.xml
auto.tcl: Setting watchdog for 200 seconds at Sun Sep 22 05:42:13 UTC 2019
25 ms. Memory: 45056K Free: 21276K (47%)
ptolemy.util.test.WatchDog.cancel(): canceling Sun Sep 22 05:42:13 UTC 2019
auto.tcl: Setting watchdog for 200 seconds at Sun Sep 22 05:42:13 UTC 2019
24 ms. Memory: 45056K Free: 18421K (41%)
ptolemy.util.test.WatchDog.cancel(): canceling Sun Sep 22 05:42:13 UTC 2019
------------------ testing $PTII/ptolemy/domains/de/test/auto/ComposableCausalityAnalysis.xml
auto.tcl: Setting watchdog for 200 seconds at Sun Sep 22 05:42:13 UTC 2019
2 ms. Memory: 45056K Free: 25902K (57%)
ptolemy.util.test.WatchDog.cancel(): canceling Sun Sep 22 05:42:13 UTC 2019
auto.tcl: Setting watchdog for 200 seconds at Sun Sep 22 05:42:13 UTC 2019
2 ms. Memory: 45056K Free: 24864K (55%)
ptolemy.util.test.WatchDog.cancel(): canceling Sun Sep 22 05:42:13 UTC 2019
------------------ testing $PTII/ptolemy/domains/de/test/auto/DEFixedPointLimitation.xml
auto.tcl: Setting watchdog for 200 seconds at Sun Sep 22 05:42:13 UTC 2019
2 ms. Memory: 45056K Free: 27273K (61%)
ptolemy.util.test.WatchDog.cancel(): canceling Sun Sep 22 05:42:13 UTC 2019
auto.tcl: Setting watchdog for 200 seconds at Sun Sep 22 05:42:13 UTC 2019
1 ms. Memory: 45056K Free: 26353K (58%)
ptolemy.util.test.WatchDog.cancel(): canceling Sun Sep 22 05:42:13 UTC 2019
------------------ testing $PTII/ptolemy/domains/de/test/auto/DEScheduleTest.xml
auto.tcl: Setting watchdog for 200 seconds at Sun Sep 22 05:42:13 UTC 2019
4 ms. Memory: 45056K Free: 27541K (61%)
ptolemy.util.test.WatchDog.cancel(): canceling Sun Sep 22 05:42:13 UTC 2019
auto.tcl: Setting watchdog for 200 seconds at Sun Sep 22 05:42:13 UTC 2019
3 ms. Memory: 45056K Free: 26785K (59%)
ptolemy.util.test.WatchDog.cancel(): canceling Sun Sep 22 05:42:13 UTC 2019
------------------ testing $PTII/ptolemy/domains/de/test/auto/DEinDEwithStartTimes.xml
auto.tcl: Setting watchdog for 200 seconds at Sun Sep 22 05:42:13 UTC 2019
7 ms. Memory: 45056K Free: 25696K (57%)
ptolemy.util.test.WatchDog.cancel(): canceling Sun Sep 22 05:42:13 UTC 2019
auto.tcl: Setting watchdog for 200 seconds at Sun Sep 22 05:42:13 UTC 2019
5 ms. Memory: 45056K Free: 24305K (54%)
ptolemy.util.test.WatchDog.cancel(): canceling Sun Sep 22 05:42:13 UTC 2019
------------------ testing $PTII/ptolemy/domains/de/test/auto/DEinDEwithStartTimes2.xml
auto.tcl: Setting watchdog for 200 seconds at Sun Sep 22 05:42:14 UTC 2019
6 ms. Memory: 45056K Free: 24956K (55%)
ptolemy.util.test.WatchDog.cancel(): canceling Sun Sep 22 05:42:14 UTC 2019
auto.tcl: Setting watchdog for 200 seconds at Sun Sep 22 05:42:14 UTC 2019
4 ms. Memory: 45056K Free: 23624K (52%)
ptolemy.util.test.WatchDog.cancel(): canceling Sun Sep 22 05:42:14 UTC 2019
------------------ testing $PTII/ptolemy/domains/de/test/auto/DateDemo.xml
auto.tcl: Setting watchdog for 200 seconds at Sun Sep 22 05:42:14 UTC 2019
13 ms. Memory: 45056K Free: 19287K (43%)
ptolemy.util.test.WatchDog.cancel(): canceling Sun Sep 22 05:42:14 UTC 2019
auto.tcl: Setting watchdog for 200 seconds at Sun Sep 22 05:42:14 UTC 2019
8 ms. Memory: 45056K Free: 17771K (39%)
ptolemy.util.test.WatchDog.cancel(): canceling Sun Sep 22 05:42:14 UTC 2019
------------------ testing $PTII/ptolemy/domains/de/test/auto/DateToEvent.xml
auto.tcl: Setting watchdog for 200 seconds at Sun Sep 22 05:42:14 UTC 2019
2011 ms. Memory: 45056K Free: 15189K (34%)
ptolemy.util.test.WatchDog.cancel(): canceling Sun Sep 22 05:42:16 UTC 2019
auto.tcl: Setting watchdog for 200 seconds at Sun Sep 22 05:42:16 UTC 2019
2005 ms. Memory: 45056K Free: 14442K (32%)
ptolemy.util.test.WatchDog.cancel(): canceling Sun Sep 22 05:42:18 UTC 2019
------------------ testing $PTII/ptolemy/domains/de/test/auto/DepthTest1.xml
auto.tcl: Setting watchdog for 200 seconds at Sun Sep 22 05:42:18 UTC 2019
4 ms. Memory: 45056K Free: 28842K (64%)
ptolemy.util.test.WatchDog.cancel(): canceling Sun Sep 22 05:42:18 UTC 2019
auto.tcl: Setting watchdog for 200 seconds at Sun Sep 22 05:42:18 UTC 2019
2 ms. Memory: 45056K Free: 27943K (62%)
ptolemy.util.test.WatchDog.cancel(): canceling Sun Sep 22 05:42:18 UTC 2019
------------------ testing $PTII/ptolemy/domains/de/test/auto/DepthTest2.xml
auto.tcl: Setting watchdog for 200 seconds at Sun Sep 22 05:42:18 UTC 2019
4 ms. Memory: 45056K Free: 25104K (56%)
ptolemy.util.test.WatchDog.cancel(): canceling Sun Sep 22 05:42:18 UTC 2019
auto.tcl: Setting watchdog for 200 seconds at Sun Sep 22 05:42:18 UTC 2019
3 ms. Memory: 45056K Free: 24665K (55%)
ptolemy.util.test.WatchDog.cancel(): canceling Sun Sep 22 05:42:18 UTC 2019
------------------ testing $PTII/ptolemy/domains/de/test/auto/DepthTest3.xml
auto.tcl: Setting watchdog for 200 seconds at Sun Sep 22 05:42:18 UTC 2019
3 ms. Memory: 45056K Free: 28817K (64%)
ptolemy.util.test.WatchDog.cancel(): canceling Sun Sep 22 05:42:18 UTC 2019
auto.tcl: Setting watchdog for 200 seconds at Sun Sep 22 05:42:18 UTC 2019
2 ms. Memory: 45056K Free: 28281K (63%)
ptolemy.util.test.WatchDog.cancel(): canceling Sun Sep 22 05:42:18 UTC 2019
------------------ testing $PTII/ptolemy/domains/de/test/auto/DepthTest4.xml
auto.tcl: Setting watchdog for 200 seconds at Sun Sep 22 05:42:18 UTC 2019
8 ms. Memory: 45056K Free: 27030K (60%)
ptolemy.util.test.WatchDog.cancel(): canceling Sun Sep 22 05:42:18 UTC 2019
auto.tcl: Setting watchdog for 200 seconds at Sun Sep 22 05:42:18 UTC 2019
3 ms. Memory: 45056K Free: 26316K (58%)
ptolemy.util.test.WatchDog.cancel(): canceling Sun Sep 22 05:42:18 UTC 2019
------------------ testing $PTII/ptolemy/domains/de/test/auto/DepthTest5.xml
auto.tcl: Setting watchdog for 200 seconds at Sun Sep 22 05:42:18 UTC 2019
3 ms. Memory: 45056K Free: 26434K (59%)
ptolemy.util.test.WatchDog.cancel(): canceling Sun Sep 22 05:42:18 UTC 2019
auto.tcl: Setting watchdog for 200 seconds at Sun Sep 22 05:42:18 UTC 2019
3 ms. Memory: 45056K Free: 25695K (57%)
ptolemy.util.test.WatchDog.cancel(): canceling Sun Sep 22 05:42:18 UTC 2019
------------------ testing $PTII/ptolemy/domains/de/test/auto/DepthTest6.xml
auto.tcl: Setting watchdog for 200 seconds at Sun Sep 22 05:42:18 UTC 2019
3 ms. Memory: 45056K Free: 26109K (58%)
ptolemy.util.test.WatchDog.cancel(): canceling Sun Sep 22 05:42:18 UTC 2019
auto.tcl: Setting watchdog for 200 seconds at Sun Sep 22 05:42:18 UTC 2019
3 ms. Memory: 45056K Free: 25604K (57%)
ptolemy.util.test.WatchDog.cancel(): canceling Sun Sep 22 05:42:18 UTC 2019
------------------ testing $PTII/ptolemy/domains/de/test/auto/DepthTest7.xml
auto.tcl: Setting watchdog for 200 seconds at Sun Sep 22 05:42:18 UTC 2019
3 ms. Memory: 45056K Free: 26953K (60%)
ptolemy.util.test.WatchDog.cancel(): canceling Sun Sep 22 05:42:18 UTC 2019
auto.tcl: Setting watchdog for 200 seconds at Sun Sep 22 05:42:18 UTC 2019
2 ms. Memory: 45056K Free: 26223K (58%)
ptolemy.util.test.WatchDog.cancel(): canceling Sun Sep 22 05:42:18 UTC 2019
------------------ testing $PTII/ptolemy/domains/de/test/auto/EventToDate.xml
auto.tcl: Setting watchdog for 200 seconds at Sun Sep 22 05:42:18 UTC 2019
3009 ms. Memory: 45056K Free: 17760K (39%)
ptolemy.util.test.WatchDog.cancel(): canceling Sun Sep 22 05:42:21 UTC 2019
auto.tcl: Setting watchdog for 200 seconds at Sun Sep 22 05:42:21 UTC 2019
3004 ms. Memory: 45056K Free: 17058K (38%)
ptolemy.util.test.WatchDog.cancel(): canceling Sun Sep 22 05:42:25 UTC 2019
------------------ testing $PTII/ptolemy/domains/de/test/auto/FSM1.xml
auto.tcl: Setting watchdog for 200 seconds at Sun Sep 22 05:42:25 UTC 2019
25 ms. Memory: 45056K Free: 18953K (42%)
ptolemy.util.test.WatchDog.cancel(): canceling Sun Sep 22 05:42:25 UTC 2019
auto.tcl: Setting watchdog for 200 seconds at Sun Sep 22 05:42:25 UTC 2019
22 ms. Memory: 45056K Free: 15721K (35%)
ptolemy.util.test.WatchDog.cancel(): canceling Sun Sep 22 05:42:25 UTC 2019
------------------ testing $PTII/ptolemy/domains/de/test/auto/FSM7.xml
auto.tcl: Setting watchdog for 200 seconds at Sun Sep 22 05:42:25 UTC 2019
35 ms. Memory: 45056K Free: 18658K (41%)
ptolemy.util.test.WatchDog.cancel(): canceling Sun Sep 22 05:42:25 UTC 2019
auto.tcl: Setting watchdog for 200 seconds at Sun Sep 22 05:42:25 UTC 2019
32 ms. Memory: 45056K Free: 15554K (35%)
ptolemy.util.test.WatchDog.cancel(): canceling Sun Sep 22 05:42:25 UTC 2019
------------------ testing $PTII/ptolemy/domains/de/test/auto/Inspection.xml
auto.tcl: Setting watchdog for 200 seconds at Sun Sep 22 05:42:25 UTC 2019
38 ms. Memory: 45056K Free: 18710K (42%)
ptolemy.util.test.WatchDog.cancel(): canceling Sun Sep 22 05:42:25 UTC 2019
auto.tcl: Setting watchdog for 200 seconds at Sun Sep 22 05:42:25 UTC 2019
39 ms. Memory: 45056K Free: 16958K (38%)
ptolemy.util.test.WatchDog.cancel(): canceling Sun Sep 22 05:42:25 UTC 2019
------------------ testing $PTII/ptolemy/domains/de/test/auto/Iteration.xml
auto.tcl: Setting watchdog for 200 seconds at Sun Sep 22 05:42:25 UTC 2019
8 ms. Memory: 45056K Free: 24395K (54%)
ptolemy.util.test.WatchDog.cancel(): canceling Sun Sep 22 05:42:25 UTC 2019
auto.tcl: Setting watchdog for 200 seconds at Sun Sep 22 05:42:25 UTC 2019
8 ms. Memory: 45056K Free: 23013K (51%)
ptolemy.util.test.WatchDog.cancel(): canceling Sun Sep 22 05:42:25 UTC 2019
------------------ testing $PTII/ptolemy/domains/de/test/auto/LineFault.xml
auto.tcl: Setting watchdog for 200 seconds at Sun Sep 22 05:42:25 UTC 2019
883 ms. Memory: 45056K Free: 10716K (24%)
ptolemy.util.test.WatchDog.cancel(): canceling Sun Sep 22 05:42:26 UTC 2019
auto.tcl: Setting watchdog for 200 seconds at Sun Sep 22 05:42:26 UTC 2019
740 ms. Memory: 56320K Free: 27443K (49%)
ptolemy.util.test.WatchDog.cancel(): canceling Sun Sep 22 05:42:27 UTC 2019
------------------ testing $PTII/ptolemy/domains/de/test/auto/MergeModel1Add.xml
auto.tcl: Setting watchdog for 200 seconds at Sun Sep 22 05:42:27 UTC 2019
38 ms. Memory: 51200K Free: 16541K (32%)
ptolemy.util.test.WatchDog.cancel(): canceling Sun Sep 22 05:42:27 UTC 2019
auto.tcl: Setting watchdog for 200 seconds at Sun Sep 22 05:42:27 UTC 2019
15 ms. Memory: 51200K Free: 14972K (29%)
ptolemy.util.test.WatchDog.cancel(): canceling Sun Sep 22 05:42:27 UTC 2019
------------------ testing $PTII/ptolemy/domains/de/test/auto/MergeModel2Add.xml
auto.tcl: Setting watchdog for 200 seconds at Sun Sep 22 05:42:27 UTC 2019
13 ms. Memory: 48128K Free: 15332K (32%)
ptolemy.util.test.WatchDog.cancel(): canceling Sun Sep 22 05:42:28 UTC 2019
auto.tcl: Setting watchdog for 200 seconds at Sun Sep 22 05:42:28 UTC 2019
9 ms. Memory: 48128K Free: 13590K (28%)
ptolemy.util.test.WatchDog.cancel(): canceling Sun Sep 22 05:42:28 UTC 2019
------------------ testing $PTII/ptolemy/domains/de/test/auto/MergeModel3Add.xml
auto.tcl: Setting watchdog for 200 seconds at Sun Sep 22 05:42:28 UTC 2019
11 ms. Memory: 48128K Free: 15582K (32%)
ptolemy.util.test.WatchDog.cancel(): canceling Sun Sep 22 05:42:28 UTC 2019
auto.tcl: Setting watchdog for 200 seconds at Sun Sep 22 05:42:28 UTC 2019
12 ms. Memory: 48128K Free: 13987K (29%)
ptolemy.util.test.WatchDog.cancel(): canceling Sun Sep 22 05:42:28 UTC 2019
------------------ testing $PTII/ptolemy/domains/de/test/auto/MergeWithoutDiscard.xml
auto.tcl: Setting watchdog for 200 seconds at Sun Sep 22 05:42:28 UTC 2019
2 ms. Memory: 48128K Free: 29916K (62%)
ptolemy.util.test.WatchDog.cancel(): canceling Sun Sep 22 05:42:28 UTC 2019
auto.tcl: Setting watchdog for 200 seconds at Sun Sep 22 05:42:28 UTC 2019
1 ms. Memory: 48128K Free: 29499K (61%)
ptolemy.util.test.WatchDog.cancel(): canceling Sun Sep 22 05:42:28 UTC 2019
------------------ testing $PTII/ptolemy/domains/de/test/auto/Modal1.xml
auto.tcl: Setting watchdog for 200 seconds at Sun Sep 22 05:42:28 UTC 2019
14 ms. Memory: 48128K Free: 22020K (46%)
ptolemy.util.test.WatchDog.cancel(): canceling Sun Sep 22 05:42:28 UTC 2019
auto.tcl: Setting watchdog for 200 seconds at Sun Sep 22 05:42:28 UTC 2019
15 ms. Memory: 48128K Free: 18626K (39%)
ptolemy.util.test.WatchDog.cancel(): canceling Sun Sep 22 05:42:28 UTC 2019
------------------ testing $PTII/ptolemy/domains/de/test/auto/Modal2.xml
auto.tcl: Setting watchdog for 200 seconds at Sun Sep 22 05:42:28 UTC 2019
17 ms. Memory: 48128K Free: 22123K (46%)
ptolemy.util.test.WatchDog.cancel(): canceling Sun Sep 22 05:42:28 UTC 2019
auto.tcl: Setting watchdog for 200 seconds at Sun Sep 22 05:42:28 UTC 2019
15 ms. Memory: 48128K Free: 18893K (39%)
ptolemy.util.test.WatchDog.cancel(): canceling Sun Sep 22 05:42:28 UTC 2019
------------------ testing $PTII/ptolemy/domains/de/test/auto/Modal3.xml
auto.tcl: Setting watchdog for 200 seconds at Sun Sep 22 05:42:28 UTC 2019
16 ms. Memory: 48128K Free: 22114K (46%)
ptolemy.util.test.WatchDog.cancel(): canceling Sun Sep 22 05:42:28 UTC 2019
auto.tcl: Setting watchdog for 200 seconds at Sun Sep 22 05:42:28 UTC 2019
17 ms. Memory: 48128K Free: 18525K (38%)
ptolemy.util.test.WatchDog.cancel(): canceling Sun Sep 22 05:42:28 UTC 2019
------------------ testing $PTII/ptolemy/domains/de/test/auto/Modal4.xml
auto.tcl: Setting watchdog for 200 seconds at Sun Sep 22 05:42:28 UTC 2019
28 ms. Memory: 48128K Free: 21086K (44%)
ptolemy.util.test.WatchDog.cancel(): canceling Sun Sep 22 05:42:28 UTC 2019
auto.tcl: Setting watchdog for 200 seconds at Sun Sep 22 05:42:28 UTC 2019
17 ms. Memory: 48128K Free: 17239K (36%)
ptolemy.util.test.WatchDog.cancel(): canceling Sun Sep 22 05:42:28 UTC 2019
------------------ testing $PTII/ptolemy/domains/de/test/auto/Modal5.xml
auto.tcl: Setting watchdog for 200 seconds at Sun Sep 22 05:42:28 UTC 2019
14 ms. Memory: 48128K Free: 21057K (44%)
ptolemy.util.test.WatchDog.cancel(): canceling Sun Sep 22 05:42:28 UTC 2019
auto.tcl: Setting watchdog for 200 seconds at Sun Sep 22 05:42:28 UTC 2019
17 ms. Memory: 48128K Free: 17226K (36%)
ptolemy.util.test.WatchDog.cancel(): canceling Sun Sep 22 05:42:28 UTC 2019
------------------ testing $PTII/ptolemy/domains/de/test/auto/Modal6.xml
auto.tcl: Setting watchdog for 200 seconds at Sun Sep 22 05:42:28 UTC 2019
14 ms. Memory: 48128K Free: 21861K (45%)
ptolemy.util.test.WatchDog.cancel(): canceling Sun Sep 22 05:42:28 UTC 2019
auto.tcl: Setting watchdog for 200 seconds at Sun Sep 22 05:42:28 UTC 2019
18 ms. Memory: 48128K Free: 17891K (37%)
ptolemy.util.test.WatchDog.cancel(): canceling Sun Sep 22 05:42:28 UTC 2019
------------------ testing $PTII/ptolemy/domains/de/test/auto/Modal7.xml
auto.tcl: Setting watchdog for 200 seconds at Sun Sep 22 05:42:28 UTC 2019
17 ms. Memory: 48128K Free: 20847K (43%)
ptolemy.util.test.WatchDog.cancel(): canceling Sun Sep 22 05:42:29 UTC 2019
auto.tcl: Setting watchdog for 200 seconds at Sun Sep 22 05:42:29 UTC 2019
15 ms. Memory: 48128K Free: 17228K (36%)
ptolemy.util.test.WatchDog.cancel(): canceling Sun Sep 22 05:42:29 UTC 2019
------------------ testing $PTII/ptolemy/domains/de/test/auto/ModalModel.xml
auto.tcl: Setting watchdog for 200 seconds at Sun Sep 22 05:42:29 UTC 2019
233 ms. Memory: 58368K Free: 39522K (68%)
ptolemy.util.test.WatchDog.cancel(): canceling Sun Sep 22 05:42:29 UTC 2019
auto.tcl: Setting watchdog for 200 seconds at Sun Sep 22 05:42:29 UTC 2019
251 ms. Memory: 58368K Free: 32778K (56%)
ptolemy.util.test.WatchDog.cancel(): canceling Sun Sep 22 05:42:29 UTC 2019
------------------ testing $PTII/ptolemy/domains/de/test/auto/ModalSource.xml
auto.tcl: Setting watchdog for 200 seconds at Sun Sep 22 05:42:29 UTC 2019
7 ms. Memory: 48128K Free: 25949K (54%)
ptolemy.util.test.WatchDog.cancel(): canceling Sun Sep 22 05:42:29 UTC 2019
auto.tcl: Setting watchdog for 200 seconds at Sun Sep 22 05:42:29 UTC 2019
8 ms. Memory: 48128K Free: 23852K (50%)
ptolemy.util.test.WatchDog.cancel(): canceling Sun Sep 22 05:42:29 UTC 2019
------------------ testing $PTII/ptolemy/domains/de/test/auto/NonInterruptibleTimerZeroDelay.xml
auto.tcl: Setting watchdog for 200 seconds at Sun Sep 22 05:42:29 UTC 2019
4 ms. Memory: 48128K Free: 30873K (64%)
ptolemy.util.test.WatchDog.cancel(): canceling Sun Sep 22 05:42:29 UTC 2019
auto.tcl: Setting watchdog for 200 seconds at Sun Sep 22 05:42:29 UTC 2019
3 ms. Memory: 48128K Free: 30177K (63%)
ptolemy.util.test.WatchDog.cancel(): canceling Sun Sep 22 05:42:29 UTC 2019
------------------ testing $PTII/ptolemy/domains/de/test/auto/OpenQueueingNetwork.xml
auto.tcl: Setting watchdog for 200 seconds at Sun Sep 22 05:42:29 UTC 2019
3992 ms. Memory: 108544K Free: 74563K (69%)
ptolemy.util.test.WatchDog.cancel(): canceling Sun Sep 22 05:42:33 UTC 2019
auto.tcl: Setting watchdog for 200 seconds at Sun Sep 22 05:42:33 UTC 2019
2743 ms. Memory: 131072K Free: 104639K (80%)
ptolemy.util.test.WatchDog.cancel(): canceling Sun Sep 22 05:42:36 UTC 2019
------------------ testing $PTII/ptolemy/domains/de/test/auto/OpenQueuingNetwork.xml
auto.tcl: Setting watchdog for 200 seconds at Sun Sep 22 05:42:36 UTC 2019
305 ms. Memory: 55296K Free: 27003K (49%)
ptolemy.util.test.WatchDog.cancel(): canceling Sun Sep 22 05:42:37 UTC 2019
auto.tcl: Setting watchdog for 200 seconds at Sun Sep 22 05:42:37 UTC 2019
303 ms. Memory: 55296K Free: 36591K (66%)
ptolemy.util.test.WatchDog.cancel(): canceling Sun Sep 22 05:42:37 UTC 2019
------------------ testing $PTII/ptolemy/domains/de/test/auto/PeriodicSampler.xml
auto.tcl: Setting watchdog for 200 seconds at Sun Sep 22 05:42:37 UTC 2019
5 ms. Memory: 48128K Free: 30029K (62%)
ptolemy.util.test.WatchDog.cancel(): canceling Sun Sep 22 05:42:37 UTC 2019
auto.tcl: Setting watchdog for 200 seconds at Sun Sep 22 05:42:37 UTC 2019
3 ms. Memory: 48128K Free: 29519K (61%)
ptolemy.util.test.WatchDog.cancel(): canceling Sun Sep 22 05:42:37 UTC 2019
------------------ testing $PTII/ptolemy/domains/de/test/auto/PersistentIO.xml
auto.tcl: Setting watchdog for 200 seconds at Sun Sep 22 05:42:37 UTC 2019
14 ms. Memory: 48128K Free: 24938K (52%)
ptolemy.util.test.WatchDog.cancel(): canceling Sun Sep 22 05:42:37 UTC 2019
auto.tcl: Setting watchdog for 200 seconds at Sun Sep 22 05:42:37 UTC 2019
5 ms. Memory: 48128K Free: 23462K (49%)
ptolemy.util.test.WatchDog.cancel(): canceling Sun Sep 22 05:42:37 UTC 2019
------------------ testing $PTII/ptolemy/domains/de/test/auto/PortParameterResetOnInitialize.xml
auto.tcl: Setting watchdog for 200 seconds at Sun Sep 22 05:42:37 UTC 2019
8 ms. Memory: 48128K Free: 29937K (62%)
ptolemy.util.test.WatchDog.cancel(): canceling Sun Sep 22 05:42:37 UTC 2019
auto.tcl: Setting watchdog for 200 seconds at Sun Sep 22 05:42:37 UTC 2019
2 ms. Memory: 48128K Free: 29461K (61%)
ptolemy.util.test.WatchDog.cancel(): canceling Sun Sep 22 05:42:37 UTC 2019
------------------ testing $PTII/ptolemy/domains/de/test/auto/PortParameterUpdates.xml
auto.tcl: Setting watchdog for 200 seconds at Sun Sep 22 05:42:37 UTC 2019
7 ms. Memory: 48128K Free: 28241K (59%)
ptolemy.util.test.WatchDog.cancel(): canceling Sun Sep 22 05:42:37 UTC 2019
auto.tcl: Setting watchdog for 200 seconds at Sun Sep 22 05:42:37 UTC 2019
7 ms. Memory: 48128K Free: 27016K (56%)
ptolemy.util.test.WatchDog.cancel(): canceling Sun Sep 22 05:42:37 UTC 2019
------------------ testing $PTII/ptolemy/domains/de/test/auto/QueueAndServer.xml
auto.tcl: Setting watchdog for 200 seconds at Sun Sep 22 05:42:37 UTC 2019
16 ms. Memory: 48128K Free: 26935K (56%)
ptolemy.util.test.WatchDog.cancel(): canceling Sun Sep 22 05:42:37 UTC 2019
auto.tcl: Setting watchdog for 200 seconds at Sun Sep 22 05:42:37 UTC 2019
11 ms. Memory: 48128K Free: 25491K (53%)
ptolemy.util.test.WatchDog.cancel(): canceling Sun Sep 22 05:42:37 UTC 2019
------------------ testing $PTII/ptolemy/domains/de/test/auto/Records.xml
auto.tcl: Setting watchdog for 200 seconds at Sun Sep 22 05:42:37 UTC 2019
5 ms. Memory: 48128K Free: 29478K (61%)
ptolemy.util.test.WatchDog.cancel(): canceling Sun Sep 22 05:42:38 UTC 2019
auto.tcl: Setting watchdog for 200 seconds at Sun Sep 22 05:42:38 UTC 2019
2 ms. Memory: 48128K Free: 29017K (60%)
ptolemy.util.test.WatchDog.cancel(): canceling Sun Sep 22 05:42:38 UTC 2019
------------------ testing $PTII/ptolemy/domains/de/test/auto/ResetTransitionWithStartTime1.xml
auto.tcl: Setting watchdog for 200 seconds at Sun Sep 22 05:42:38 UTC 2019
15 ms. Memory: 48128K Free: 26436K (55%)
ptolemy.util.test.WatchDog.cancel(): canceling Sun Sep 22 05:42:38 UTC 2019
auto.tcl: Setting watchdog for 200 seconds at Sun Sep 22 05:42:38 UTC 2019
8 ms. Memory: 48128K Free: 24388K (51%)
ptolemy.util.test.WatchDog.cancel(): canceling Sun Sep 22 05:42:38 UTC 2019
------------------ testing $PTII/ptolemy/domains/de/test/auto/ResetTransitionWithStartTime2.xml
auto.tcl: Setting watchdog for 200 seconds at Sun Sep 22 05:42:38 UTC 2019
6 ms. Memory: 48128K Free: 26391K (55%)
ptolemy.util.test.WatchDog.cancel(): canceling Sun Sep 22 05:42:38 UTC 2019
auto.tcl: Setting watchdog for 200 seconds at Sun Sep 22 05:42:38 UTC 2019
8 ms. Memory: 48128K Free: 23881K (50%)
ptolemy.util.test.WatchDog.cancel(): canceling Sun Sep 22 05:42:38 UTC 2019
------------------ testing $PTII/ptolemy/domains/de/test/auto/ResetTransitionWithStartTime3.xml
auto.tcl: Setting watchdog for 200 seconds at Sun Sep 22 05:42:38 UTC 2019
11 ms. Memory: 48128K Free: 26390K (55%)
ptolemy.util.test.WatchDog.cancel(): canceling Sun Sep 22 05:42:38 UTC 2019
auto.tcl: Setting watchdog for 200 seconds at Sun Sep 22 05:42:38 UTC 2019
8 ms. Memory: 48128K Free: 23880K (50%)
ptolemy.util.test.WatchDog.cancel(): canceling Sun Sep 22 05:42:38 UTC 2019
------------------ testing $PTII/ptolemy/domains/de/test/auto/ResetTransitionWithStartTime4.xml
auto.tcl: Setting watchdog for 200 seconds at Sun Sep 22 05:42:38 UTC 2019
11 ms. Memory: 48128K Free: 26864K (56%)
ptolemy.util.test.WatchDog.cancel(): canceling Sun Sep 22 05:42:38 UTC 2019
auto.tcl: Setting watchdog for 200 seconds at Sun Sep 22 05:42:38 UTC 2019
5 ms. Memory: 48128K Free: 25444K (53%)
ptolemy.util.test.WatchDog.cancel(): canceling Sun Sep 22 05:42:38 UTC 2019
------------------ testing $PTII/ptolemy/domains/de/test/auto/ResettableTimer1.xml
auto.tcl: Setting watchdog for 200 seconds at Sun Sep 22 05:42:38 UTC 2019
4 ms. Memory: 48128K Free: 30467K (63%)
ptolemy.util.test.WatchDog.cancel(): canceling Sun Sep 22 05:42:38 UTC 2019
auto.tcl: Setting watchdog for 200 seconds at Sun Sep 22 05:42:38 UTC 2019
2 ms. Memory: 48128K Free: 29487K (61%)
ptolemy.util.test.WatchDog.cancel(): canceling Sun Sep 22 05:42:38 UTC 2019
------------------ testing $PTII/ptolemy/domains/de/test/auto/ResettableTimer2.xml
auto.tcl: Setting watchdog for 200 seconds at Sun Sep 22 05:42:38 UTC 2019
4 ms. Memory: 48128K Free: 30523K (63%)
ptolemy.util.test.WatchDog.cancel(): canceling Sun Sep 22 05:42:38 UTC 2019
auto.tcl: Setting watchdog for 200 seconds at Sun Sep 22 05:42:38 UTC 2019
5 ms. Memory: 48128K Free: 29570K (61%)
ptolemy.util.test.WatchDog.cancel(): canceling Sun Sep 22 05:42:38 UTC 2019
------------------ testing $PTII/ptolemy/domains/de/test/auto/ResettableTimer3.xml
auto.tcl: Setting watchdog for 200 seconds at Sun Sep 22 05:42:38 UTC 2019
2 ms. Memory: 48128K Free: 30540K (63%)
ptolemy.util.test.WatchDog.cancel(): canceling Sun Sep 22 05:42:38 UTC 2019
auto.tcl: Setting watchdog for 200 seconds at Sun Sep 22 05:42:38 UTC 2019
2 ms. Memory: 48128K Free: 30540K (63%)
ptolemy.util.test.WatchDog.cancel(): canceling Sun Sep 22 05:42:38 UTC 2019
------------------ testing $PTII/ptolemy/domains/de/test/auto/ResettableTimer4.xml
auto.tcl: Setting watchdog for 200 seconds at Sun Sep 22 05:42:38 UTC 2019
2 ms. Memory: 48128K Free: 30567K (64%)
ptolemy.util.test.WatchDog.cancel(): canceling Sun Sep 22 05:42:38 UTC 2019
auto.tcl: Setting watchdog for 200 seconds at Sun Sep 22 05:42:38 UTC 2019
1 ms. Memory: 48128K Free: 30055K (62%)
ptolemy.util.test.WatchDog.cancel(): canceling Sun Sep 22 05:42:38 UTC 2019
------------------ testing $PTII/ptolemy/domains/de/test/auto/ResettableTimer5.xml
auto.tcl: Setting watchdog for 200 seconds at Sun Sep 22 05:42:38 UTC 2019
1 ms. Memory: 48128K Free: 30020K (62%)
ptolemy.util.test.WatchDog.cancel(): canceling Sun Sep 22 05:42:38 UTC 2019
auto.tcl: Setting watchdog for 200 seconds at Sun Sep 22 05:42:38 UTC 2019
1 ms. Memory: 48128K Free: 29526K (61%)
ptolemy.util.test.WatchDog.cancel(): canceling Sun Sep 22 05:42:38 UTC 2019
------------------ testing $PTII/ptolemy/domains/de/test/auto/ResettableTimer6.xml
auto.tcl: Setting watchdog for 200 seconds at Sun Sep 22 05:42:38 UTC 2019
1 ms. Memory: 48128K Free: 30004K (62%)
ptolemy.util.test.WatchDog.cancel(): canceling Sun Sep 22 05:42:38 UTC 2019
auto.tcl: Setting watchdog for 200 seconds at Sun Sep 22 05:42:38 UTC 2019
2 ms. Memory: 48128K Free: 29504K (61%)
ptolemy.util.test.WatchDog.cancel(): canceling Sun Sep 22 05:42:38 UTC 2019
------------------ testing $PTII/ptolemy/domains/de/test/auto/ServerZeroDelay.xml
auto.tcl: Setting watchdog for 200 seconds at Sun Sep 22 05:42:38 UTC 2019
3 ms. Memory: 48128K Free: 30515K (63%)
ptolemy.util.test.WatchDog.cancel(): canceling Sun Sep 22 05:42:38 UTC 2019
auto.tcl: Setting watchdog for 200 seconds at Sun Sep 22 05:42:38 UTC 2019
1 ms. Memory: 48128K Free: 29510K (61%)
ptolemy.util.test.WatchDog.cancel(): canceling Sun Sep 22 05:42:38 UTC 2019
------------------ testing $PTII/ptolemy/domains/de/test/auto/SmartSender.xml
auto.tcl: Setting watchdog for 200 seconds at Sun Sep 22 05:42:38 UTC 2019
3001 ms. Memory: 48128K Free: 30512K (63%)
ptolemy.util.test.WatchDog.cancel(): canceling Sun Sep 22 05:42:41 UTC 2019
auto.tcl: Setting watchdog for 200 seconds at Sun Sep 22 05:42:41 UTC 2019
3002 ms. Memory: 48128K Free: 30016K (62%)
ptolemy.util.test.WatchDog.cancel(): canceling Sun Sep 22 05:42:44 UTC 2019
------------------ testing $PTII/ptolemy/domains/de/test/auto/ThreadedComposite.xml
auto.tcl: Setting watchdog for 200 seconds at Sun Sep 22 05:42:44 UTC 2019
301 ms. Memory: 48128K Free: 11068K (23%)
ptolemy.util.test.WatchDog.cancel(): canceling Sun Sep 22 05:42:45 UTC 2019
auto.tcl: Setting watchdog for 200 seconds at Sun Sep 22 05:42:45 UTC 2019
242 ms. Memory: 58368K Free: 34536K (59%)
ptolemy.util.test.WatchDog.cancel(): canceling Sun Sep 22 05:42:45 UTC 2019
------------------ testing $PTII/ptolemy/domains/de/test/auto/Time.xml
auto.tcl: Setting watchdog for 200 seconds at Sun Sep 22 05:42:45 UTC 2019
755 ms. Memory: 51200K Free: 8772K (17%)
ptolemy.util.test.WatchDog.cancel(): canceling Sun Sep 22 05:42:46 UTC 2019
auto.tcl: Setting watchdog for 200 seconds at Sun Sep 22 05:42:46 UTC 2019
719 ms. Memory: 51200K Free: 13378K (26%)
ptolemy.util.test.WatchDog.cancel(): canceling Sun Sep 22 05:42:47 UTC 2019
------------------ testing $PTII/ptolemy/domains/de/test/auto/TimeDelayZeroDelay.xml
auto.tcl: Setting watchdog for 200 seconds at Sun Sep 22 05:42:47 UTC 2019
3 ms. Memory: 48128K Free: 30949K (64%)
ptolemy.util.test.WatchDog.cancel(): canceling Sun Sep 22 05:42:47 UTC 2019
auto.tcl: Setting watchdog for 200 seconds at Sun Sep 22 05:42:47 UTC 2019
2 ms. Memory: 48128K Free: 30046K (62%)
ptolemy.util.test.WatchDog.cancel(): canceling Sun Sep 22 05:42:47 UTC 2019
------------------ testing $PTII/ptolemy/domains/de/test/auto/TimerZeroDelay.xml
auto.tcl: Setting watchdog for 200 seconds at Sun Sep 22 05:42:47 UTC 2019
4 ms. Memory: 48128K Free: 30943K (64%)
ptolemy.util.test.WatchDog.cancel(): canceling Sun Sep 22 05:42:47 UTC 2019
auto.tcl: Setting watchdog for 200 seconds at Sun Sep 22 05:42:47 UTC 2019
2 ms. Memory: 48128K Free: 30088K (63%)
ptolemy.util.test.WatchDog.cancel(): canceling Sun Sep 22 05:42:47 UTC 2019
------------------ testing $PTII/ptolemy/domains/de/test/auto/TimingParadox.xml
auto.tcl: Setting watchdog for 200 seconds at Sun Sep 22 05:42:47 UTC 2019
461 ms. Memory: 48128K Free: 13155K (27%)
ptolemy.util.test.WatchDog.cancel(): canceling Sun Sep 22 05:42:47 UTC 2019
auto.tcl: Setting watchdog for 200 seconds at Sun Sep 22 05:42:47 UTC 2019
429 ms. Memory: 48128K Free: 24841K (52%)
ptolemy.util.test.WatchDog.cancel(): canceling Sun Sep 22 05:42:48 UTC 2019
------------------ testing $PTII/ptolemy/domains/de/test/auto/TransferInputs.xml
auto.tcl: Setting watchdog for 200 seconds at Sun Sep 22 05:42:48 UTC 2019
2 ms. Memory: 48128K Free: 28950K (60%)
ptolemy.util.test.WatchDog.cancel(): canceling Sun Sep 22 05:42:48 UTC 2019
auto.tcl: Setting watchdog for 200 seconds at Sun Sep 22 05:42:48 UTC 2019
2 ms. Memory: 48128K Free: 28090K (58%)
ptolemy.util.test.WatchDog.cancel(): canceling Sun Sep 22 05:42:48 UTC 2019
------------------ testing $PTII/ptolemy/domains/de/test/auto/TransferOutputs2.xml
auto.tcl: Setting watchdog for 200 seconds at Sun Sep 22 05:42:48 UTC 2019
3 ms. Memory: 48128K Free: 26392K (55%)
ptolemy.util.test.WatchDog.cancel(): canceling Sun Sep 22 05:42:48 UTC 2019
auto.tcl: Setting watchdog for 200 seconds at Sun Sep 22 05:42:48 UTC 2019
4 ms. Memory: 48128K Free: 25004K (52%)
ptolemy.util.test.WatchDog.cancel(): canceling Sun Sep 22 05:42:48 UTC 2019
------------------ testing $PTII/ptolemy/domains/de/test/auto/Trilateration.xml
auto.tcl: Setting watchdog for 200 seconds at Sun Sep 22 05:42:48 UTC 2019
15558 ms. Memory: 334848K Free: 138754K (41%)
ptolemy.util.test.WatchDog.cancel(): canceling Sun Sep 22 05:43:05 UTC 2019
auto.tcl: Setting watchdog for 200 seconds at Sun Sep 22 05:43:05 UTC 2019
11740 ms. Memory: 334848K Free: 288188K (86%)
ptolemy.util.test.WatchDog.cancel(): canceling Sun Sep 22 05:43:17 UTC 2019
------------------ testing $PTII/ptolemy/domains/de/test/auto/TwoSigmaDelta.xml
auto.tcl: Setting watchdog for 200 seconds at Sun Sep 22 05:43:17 UTC 2019
3304 ms. Memory: 86016K Free: 20977K (24%)
ptolemy.util.test.WatchDog.cancel(): canceling Sun Sep 22 05:43:20 UTC 2019
auto.tcl: Setting watchdog for 200 seconds at Sun Sep 22 05:43:20 UTC 2019
2181 ms. Memory: 86016K Free: 12760K (15%)
ptolemy.util.test.WatchDog.cancel(): canceling Sun Sep 22 05:43:23 UTC 2019
------------------ testing $PTII/ptolemy/domains/de/test/auto/VariableDelay.xml
auto.tcl: Setting watchdog for 200 seconds at Sun Sep 22 05:43:23 UTC 2019
3 ms. Memory: 51200K Free: 32514K (64%)
ptolemy.util.test.WatchDog.cancel(): canceling Sun Sep 22 05:43:23 UTC 2019
auto.tcl: Setting watchdog for 200 seconds at Sun Sep 22 05:43:23 UTC 2019
2 ms. Memory: 51200K Free: 31498K (62%)
ptolemy.util.test.WatchDog.cancel(): canceling Sun Sep 22 05:43:23 UTC 2019
------------------ testing $PTII/ptolemy/domains/de/test/auto/VariableDelay2.xml
auto.tcl: Setting watchdog for 200 seconds at Sun Sep 22 05:43:23 UTC 2019
11 ms. Memory: 51200K Free: 32822K (64%)
ptolemy.util.test.WatchDog.cancel(): canceling Sun Sep 22 05:43:23 UTC 2019
auto.tcl: Setting watchdog for 200 seconds at Sun Sep 22 05:43:23 UTC 2019
3 ms. Memory: 51200K Free: 31872K (62%)
ptolemy.util.test.WatchDog.cancel(): canceling Sun Sep 22 05:43:23 UTC 2019
------------------ testing $PTII/ptolemy/domains/de/test/auto/VariableDelayZeroDelay.xml
auto.tcl: Setting watchdog for 200 seconds at Sun Sep 22 05:43:23 UTC 2019
2 ms. Memory: 51200K Free: 33440K (65%)
ptolemy.util.test.WatchDog.cancel(): canceling Sun Sep 22 05:43:23 UTC 2019
auto.tcl: Setting watchdog for 200 seconds at Sun Sep 22 05:43:23 UTC 2019
2 ms. Memory: 51200K Free: 32912K (64%)
ptolemy.util.test.WatchDog.cancel(): canceling Sun Sep 22 05:43:23 UTC 2019
------------------ testing $PTII/ptolemy/domains/de/test/auto/VariableDelayZeroDelay2.xml
auto.tcl: Setting watchdog for 200 seconds at Sun Sep 22 05:43:23 UTC 2019
7 ms. Memory: 51200K Free: 33439K (65%)
ptolemy.util.test.WatchDog.cancel(): canceling Sun Sep 22 05:43:23 UTC 2019
auto.tcl: Setting watchdog for 200 seconds at Sun Sep 22 05:43:23 UTC 2019
2 ms. Memory: 51200K Free: 32415K (63%)
ptolemy.util.test.WatchDog.cancel(): canceling Sun Sep 22 05:43:23 UTC 2019
------------------ testing $PTII/ptolemy/domains/de/test/auto/deInCt.xml
auto.tcl: Setting watchdog for 200 seconds at Sun Sep 22 05:43:23 UTC 2019
0
1
1
1
0
0
0
1
1
1
0
0
0
0
0
1
1
1
0
0
0
0
0
1
1
1
1
1
0
0
0
0
16 ms. Memory: 51200K Free: 32412K (63%)
ptolemy.util.test.WatchDog.cancel(): canceling Sun Sep 22 05:43:23 UTC 2019
auto.tcl: Setting watchdog for 200 seconds at Sun Sep 22 05:43:23 UTC 2019
0
1
1
1
1
1
0
0
0
1
1
1
1
1
0
0
0
1
1
1
0
0
0
1
1
1
0
0
0
1
1
1
0
0
0
0
0
15 ms. Memory: 51200K Free: 30874K (60%)
ptolemy.util.test.WatchDog.cancel(): canceling Sun Sep 22 05:43:23 UTC 2019
------------------ testing $PTII/ptolemy/domains/de/test/auto/deInCt2.xml
auto.tcl: Setting watchdog for 200 seconds at Sun Sep 22 05:43:23 UTC 2019
0
1
1
1
0
0
1
1
1
0
0
1
1
1
0
0
1
1
1
0
0
1
1
1
0
0
1
1
1
0
0
1
1
1
0
0
1
1
1
0
0
0
9 ms. Memory: 48128K Free: 29342K (61%)
ptolemy.util.test.WatchDog.cancel(): canceling Sun Sep 22 05:43:23 UTC 2019
auto.tcl: Setting watchdog for 200 seconds at Sun Sep 22 05:43:23 UTC 2019
0
1
1
1
0
0
1
1
1
0
0
1
1
1
0
0
1
1
1
0
0
1
1
1
0
0
1
1
1
0
0
1
1
1
0
0
1
1
1
0
0
0
9 ms. Memory: 48128K Free: 27795K (58%)
ptolemy.util.test.WatchDog.cancel(): canceling Sun Sep 22 05:43:23 UTC 2019
------------------ testing $PTII/ptolemy/domains/de/test/auto/dynamicCausalityInterface1.xml
auto.tcl: Setting watchdog for 200 seconds at Sun Sep 22 05:43:23 UTC 2019
2 ms. Memory: 48128K Free: 24650K (51%)
ptolemy.util.test.WatchDog.cancel(): canceling Sun Sep 22 05:43:23 UTC 2019
auto.tcl: Setting watchdog for 200 seconds at Sun Sep 22 05:43:23 UTC 2019
1 ms. Memory: 48128K Free: 24251K (50%)
ptolemy.util.test.WatchDog.cancel(): canceling Sun Sep 22 05:43:23 UTC 2019
------------------ testing $PTII/ptolemy/domains/de/test/auto/fsm_de_test.xml
auto.tcl: Setting watchdog for 200 seconds at Sun Sep 22 05:43:23 UTC 2019
7 ms. Memory: 48128K Free: 25173K (52%)
ptolemy.util.test.WatchDog.cancel(): canceling Sun Sep 22 05:43:23 UTC 2019
auto.tcl: Setting watchdog for 200 seconds at Sun Sep 22 05:43:23 UTC 2019
6 ms. Memory: 48128K Free: 23171K (48%)
ptolemy.util.test.WatchDog.cancel(): canceling Sun Sep 22 05:43:23 UTC 2019
------------------ testing $PTII/ptolemy/domains/de/test/auto/functionDependencyReconstruction.xml
auto.tcl: Setting watchdog for 200 seconds at Sun Sep 22 05:43:23 UTC 2019
3 ms. Memory: 48128K Free: 19180K (40%)
ptolemy.util.test.WatchDog.cancel(): canceling Sun Sep 22 05:43:23 UTC 2019
auto.tcl: Setting watchdog for 200 seconds at Sun Sep 22 05:43:23 UTC 2019
4 ms. Memory: 48128K Free: 17016K (35%)
ptolemy.util.test.WatchDog.cancel(): canceling Sun Sep 22 05:43:23 UTC 2019
------------------ testing $PTII/ptolemy/domains/de/test/auto/multirate.xml
auto.tcl: Setting watchdog for 200 seconds at Sun Sep 22 05:43:23 UTC 2019
4 ms. Memory: 48128K Free: 27824K (58%)
ptolemy.util.test.WatchDog.cancel(): canceling Sun Sep 22 05:43:23 UTC 2019
auto.tcl: Setting watchdog for 200 seconds at Sun Sep 22 05:43:23 UTC 2019
3 ms. Memory: 48128K Free: 26109K (54%)
ptolemy.util.test.WatchDog.cancel(): canceling Sun Sep 22 05:43:23 UTC 2019
------------------ testing $PTII/ptolemy/domains/de/test/auto/multirate2.xml
auto.tcl: Setting watchdog for 200 seconds at Sun Sep 22 05:43:24 UTC 2019
6 ms. Memory: 48128K Free: 27769K (58%)
ptolemy.util.test.WatchDog.cancel(): canceling Sun Sep 22 05:43:24 UTC 2019
auto.tcl: Setting watchdog for 200 seconds at Sun Sep 22 05:43:24 UTC 2019
4 ms. Memory: 48128K Free: 26265K (55%)
ptolemy.util.test.WatchDog.cancel(): canceling Sun Sep 22 05:43:24 UTC 2019
------------------ testing $PTII/ptolemy/domains/de/test/auto/realtime.xml
auto.tcl: Setting watchdog for 200 seconds at Sun Sep 22 05:43:24 UTC 2019
10001 ms. Memory: 48128K Free: 30027K (62%)
ptolemy.util.test.WatchDog.cancel(): canceling Sun Sep 22 05:43:34 UTC 2019
auto.tcl: Setting watchdog for 200 seconds at Sun Sep 22 05:43:34 UTC 2019
10001 ms. Memory: 48128K Free: 29320K (61%)
ptolemy.util.test.WatchDog.cancel(): canceling Sun Sep 22 05:43:44 UTC 2019
------------------ testing $PTII/ptolemy/domains/de/test/auto/relationGroup.xml
auto.tcl: Setting watchdog for 200 seconds at Sun Sep 22 05:43:44 UTC 2019
2 ms. Memory: 48128K Free: 31079K (65%)
ptolemy.util.test.WatchDog.cancel(): canceling Sun Sep 22 05:43:44 UTC 2019
auto.tcl: Setting watchdog for 200 seconds at Sun Sep 22 05:43:44 UTC 2019
1 ms. Memory: 48128K Free: 30370K (63%)
ptolemy.util.test.WatchDog.cancel(): canceling Sun Sep 22 05:43:44 UTC 2019
------------------ testing $PTII/ptolemy/domains/de/test/auto/relationGroup2.xml
auto.tcl: Setting watchdog for 200 seconds at Sun Sep 22 05:43:44 UTC 2019
1 ms. Memory: 48128K Free: 31097K (65%)
ptolemy.util.test.WatchDog.cancel(): canceling Sun Sep 22 05:43:44 UTC 2019
auto.tcl: Setting watchdog for 200 seconds at Sun Sep 22 05:43:44 UTC 2019
2 ms. Memory: 48128K Free: 30396K (63%)
ptolemy.util.test.WatchDog.cancel(): canceling Sun Sep 22 05:43:44 UTC 2019
------------------ testing $PTII/ptolemy/domains/de/test/auto/sortWithOpaquePorts.xml
auto.tcl: Setting watchdog for 200 seconds at Sun Sep 22 05:43:44 UTC 2019
2 ms. Memory: 48128K Free: 29881K (62%)
ptolemy.util.test.WatchDog.cancel(): canceling Sun Sep 22 05:43:44 UTC 2019
auto.tcl: Setting watchdog for 200 seconds at Sun Sep 22 05:43:44 UTC 2019
3 ms. Memory: 48128K Free: 28395K (59%)
ptolemy.util.test.WatchDog.cancel(): canceling Sun Sep 22 05:43:44 UTC 2019
------------------ testing $PTII/ptolemy/domains/de/test/auto/transferInputsandOutputs.xml
auto.tcl: Setting watchdog for 200 seconds at Sun Sep 22 05:43:44 UTC 2019
5 ms. Memory: 48128K Free: 27311K (57%)
ptolemy.util.test.WatchDog.cancel(): canceling Sun Sep 22 05:43:44 UTC 2019
auto.tcl: Setting watchdog for 200 seconds at Sun Sep 22 05:43:44 UTC 2019
3 ms. Memory: 48128K Free: 26338K (55%)
ptolemy.util.test.WatchDog.cancel(): canceling Sun Sep 22 05:43:44 UTC 2019
------------------ testing $PTII/ptolemy/domains/de/test/auto/triggerType.xml
auto.tcl: Setting watchdog for 200 seconds at Sun Sep 22 05:43:44 UTC 2019
2 ms. Memory: 48128K Free: 30336K (63%)
ptolemy.util.test.WatchDog.cancel(): canceling Sun Sep 22 05:43:44 UTC 2019
auto.tcl: Setting watchdog for 200 seconds at Sun Sep 22 05:43:44 UTC 2019
2 ms. Memory: 48128K Free: 29374K (61%)
ptolemy.util.test.WatchDog.cancel(): canceling Sun Sep 22 05:43:44 UTC 2019
09/22/19 05:43:44
Failed: 0  Total Tests: 192  ((Passed: 187, Newly Passed: 1)  Known Failed: 5) /home/travis/build/icyphy/ptII/ptolemy/domains/de/test
09/22/19 05:43:44
Failed: 0  Total Tests: 192  ((Passed: 187, Newly Passed: 1)  Known Failed: 5) /home/travis/build/icyphy/ptII/ptolemy/domains/de/test
----------------- testing (KnownFailure) /home/travis/build/icyphy/ptII/ptolemy/domains/de/test/auto/knownFailedTests/DESDFClockTest.xml
2016 ms. Memory: 48128K Free: 23731K (49%)
Known Failure: java.lang.reflect.InvocationTargetException
----------------- testing (KnownFailure) /home/travis/build/icyphy/ptII/ptolemy/domains/de/test/auto/knownFailedTests/DirectFeedback.xml
2 ms. Memory: 48128K Free: 20149K (42%)
Known Failure: java.lang.reflect.InvocationTargetException
----------------- testing (KnownFailure) /home/travis/build/icyphy/ptII/ptolemy/domains/de/test/auto/knownFailedTests/FSMSource.xml
20 ms. Memory: 48128K Free: 12981K (27%)
----------------- testing (KnownFailure) /home/travis/build/icyphy/ptII/ptolemy/domains/de/test/auto/knownFailedTests/HierarchicalModel.xml
3 ms. Memory: 48128K Free: 22915K (48%)
Known Failure: java.lang.reflect.InvocationTargetException
----------------- testing (KnownFailure) /home/travis/build/icyphy/ptII/ptolemy/domains/de/test/auto/knownFailedTests/dependencyLoop.xml
8 ms. Memory: 48128K Free: 33601K (70%)
Known Failure: java.lang.reflect.InvocationTargetException
----------------- testing (KnownFailure) /home/travis/build/icyphy/ptII/ptolemy/domains/de/test/auto/knownFailedTests/dependencyLoop2.xml
8 ms. Memory: 48128K Free: 18703K (39%)
Known Failure: java.lang.reflect.InvocationTargetException
No auto/linux-amd64/*.xml tests in /home/travis/build/icyphy/ptII/ptolemy/domains/de/test
AutoTests.java: About to close Vertx.
AutoTests.java: Vertx closed.

===========================================================================================
----------------- testing Sun Sep 22 05:43:46 UTC 2019 /home/travis/build/icyphy/ptII/ptolemy/domains/de/test/auto/ActorDepthCalculation_actorWithoutPorts.xml
----------------- Instantiating /home/travis/build/icyphy/ptII/ptolemy/domains/de/test/auto/ActorDepthCalculation_actorWithoutPorts.xml
3 ms. Memory: 48128K Free: 12387K (26%)
----------------- Invoking toplevel() on ptolemy.moml.MoMLSimpleApplication@88fc1a1
----------------- Done invoking toplevel() on ptolemy.moml.MoMLSimpleApplication@88fc1a1
reloadAllAccessors: .ActorDepthCalculation_actorWithoutPorts

===========================================================================================
----------------- testing Sun Sep 22 05:43:46 UTC 2019 /home/travis/build/icyphy/ptII/ptolemy/domains/de/test/auto/AssemblyLine.xml
----------------- Instantiating /home/travis/build/icyphy/ptII/ptolemy/domains/de/test/auto/AssemblyLine.xml
2 ms. Memory: 48128K Free: 31023K (64%)
----------------- Invoking toplevel() on ptolemy.moml.MoMLSimpleApplication@483efcef
----------------- Done invoking toplevel() on ptolemy.moml.MoMLSimpleApplication@483efcef
reloadAllAccessors: .AssemblyLine

===========================================================================================
----------------- testing Sun Sep 22 05:43:46 UTC 2019 /home/travis/build/icyphy/ptII/ptolemy/domains/de/test/auto/CQBug1.xml
----------------- Instantiating /home/travis/build/icyphy/ptII/ptolemy/domains/de/test/auto/CQBug1.xml
2 ms. Memory: 48128K Free: 28031K (58%)
----------------- Invoking toplevel() on ptolemy.moml.MoMLSimpleApplication@77f81f80
----------------- Done invoking toplevel() on ptolemy.moml.MoMLSimpleApplication@77f81f80
reloadAllAccessors: .CQBug1

===========================================================================================
----------------- testing Sun Sep 22 05:43:46 UTC 2019 /home/travis/build/icyphy/ptII/ptolemy/domains/de/test/auto/CancelFireAt.xml
----------------- Instantiating /home/travis/build/icyphy/ptII/ptolemy/domains/de/test/auto/CancelFireAt.xml
1 ms. Memory: 48128K Free: 25514K (53%)
----------------- Invoking toplevel() on ptolemy.moml.MoMLSimpleApplication@47294cbe
----------------- Done invoking toplevel() on ptolemy.moml.MoMLSimpleApplication@47294cbe
reloadAllAccessors: .CancelFireAt

===========================================================================================
----------------- testing Sun Sep 22 05:43:46 UTC 2019 /home/travis/build/icyphy/ptII/ptolemy/domains/de/test/auto/CausalityAndComposabilityAnalysis.xml
----------------- Instantiating /home/travis/build/icyphy/ptII/ptolemy/domains/de/test/auto/CausalityAndComposabilityAnalysis.xml
3 ms. Memory: 48128K Free: 21410K (44%)
----------------- Invoking toplevel() on ptolemy.moml.MoMLSimpleApplication@6ec5b75a
----------------- Done invoking toplevel() on ptolemy.moml.MoMLSimpleApplication@6ec5b75a
reloadAllAccessors: .CausalityAndComposabilityAnalysis

===========================================================================================
----------------- testing Sun Sep 22 05:43:46 UTC 2019 /home/travis/build/icyphy/ptII/ptolemy/domains/de/test/auto/CausalityInterface1.xml
----------------- Instantiating /home/travis/build/icyphy/ptII/ptolemy/domains/de/test/auto/CausalityInterface1.xml
6 ms. Memory: 48128K Free: 16514K (34%)
----------------- Invoking toplevel() on ptolemy.moml.MoMLSimpleApplication@22697339
----------------- Done invoking toplevel() on ptolemy.moml.MoMLSimpleApplication@22697339
reloadAllAccessors: .CausalityInterface1

===========================================================================================
----------------- testing Sun Sep 22 05:43:46 UTC 2019 /home/travis/build/icyphy/ptII/ptolemy/domains/de/test/auto/CausalityInterface15.xml
----------------- Instantiating /home/travis/build/icyphy/ptII/ptolemy/domains/de/test/auto/CausalityInterface15.xml
2 ms. Memory: 48128K Free: 11194K (23%)
----------------- Invoking toplevel() on ptolemy.moml.MoMLSimpleApplication@1b0d432d
----------------- Done invoking toplevel() on ptolemy.moml.MoMLSimpleApplication@1b0d432d
reloadAllAccessors: .CausalityInterface15

===========================================================================================
----------------- testing Sun Sep 22 05:43:47 UTC 2019 /home/travis/build/icyphy/ptII/ptolemy/domains/de/test/auto/CausalityInterface2.xml
----------------- Instantiating /home/travis/build/icyphy/ptII/ptolemy/domains/de/test/auto/CausalityInterface2.xml
2 ms. Memory: 48128K Free: 32300K (67%)
[...]
	at ptolemy.actor.Manager.run(Manager.java:1263)
	at ptolemy.actor.Manager$PtolemyRunThread.run(Manager.java:1933)
java.lang.RuntimeException: Execution failed
	at ptolemy.moml.MoMLSimpleApplication$UnloadThread.run(MoMLSimpleApplication.java:402)
Caused by: ptolemy.kernel.util.IllegalActionException: Actor is not ready to fire.  Perhaps UpSample.prefire() returned false? Try debugging the actor by selecting "Listen to Actor".  Also, for SDF check moml for tokenConsumptionRate on input.
  in .DESDFClockTest.Play Bell.Copy1:SDF Director and .DESDFClockTest.Play Bell.UpSample
	at ptolemy.actor.sched.StaticSchedulingDirector.fire(StaticSchedulingDirector.java:227)
	at ptolemy.domains.sdf.kernel.SDFDirector.fire(SDFDirector.java:500)
	at ptolemy.actor.CompositeActor.fire(CompositeActor.java:455)
	at ptolemy.domains.de.kernel.DEDirector._fire(DEDirector.java:1949)
	at ptolemy.domains.de.kernel.DEDirector.fire(DEDirector.java:502)
	at ptolemy.actor.CompositeActor.fire(CompositeActor.java:455)
	at ptolemy.actor.Manager.iterate(Manager.java:851)
	at ptolemy.actor.Manager.execute(Manager.java:369)
	at ptolemy.actor.Manager.run(Manager.java:1263)
	at ptolemy.actor.Manager$PtolemyRunThread.run(Manager.java:1933)
java.lang.reflect.InvocationTargetException
	at java.base/jdk.internal.reflect.NativeConstructorAccessorImpl.newInstance0(Native Method)
	at java.base/jdk.internal.reflect.NativeConstructorAccessorImpl.newInstance(NativeConstructorAccessorImpl.java:62)
	at java.base/jdk.internal.reflect.DelegatingConstructorAccessorImpl.newInstance(DelegatingConstructorAccessorImpl.java:45)
	at java.base/java.lang.reflect.Constructor.newInstance(Constructor.java:490)
	at ptolemy.util.test.junit.AutoKnownFailedTests.RunModel(AutoKnownFailedTests.java:105)
	at java.base/jdk.internal.reflect.NativeMethodAccessorImpl.invoke0(Native Method)
	at java.base/jdk.internal.reflect.NativeMethodAccessorImpl.invoke(NativeMethodAccessorImpl.java:62)
	at java.base/jdk.internal.reflect.DelegatingMethodAccessorImpl.invoke(DelegatingMethodAccessorImpl.java:43)
	at java.base/java.lang.reflect.Method.invoke(Method.java:566)
	at org.junit.runners.model.FrameworkMethod$1.runReflectiveCall(FrameworkMethod.java:44)
	at org.junit.internal.runners.model.ReflectiveCallable.run(ReflectiveCallable.java:15)
	at org.junit.runners.model.FrameworkMethod.invokeExplosively(FrameworkMethod.java:41)
	at junitparams.internal.InvokeParameterisedMethod.evaluate(InvokeParameterisedMethod.java:102)
	at org.junit.internal.runners.statements.FailOnTimeout$1.run(FailOnTimeout.java:28)
Caused by: ptolemy.kernel.util.IllegalActionException: Actor is not ready to fire.  Perhaps UpSample.prefire() returned false? Try debugging the actor by selecting "Listen to Actor".  Also, for SDF check moml for tokenConsumptionRate on input.
  in .DESDFClockTest.Play Bell.Copy1:SDF Director and .DESDFClockTest.Play Bell.UpSample
	at ptolemy.actor.sched.StaticSchedulingDirector.fire(StaticSchedulingDirector.java:227)
	at ptolemy.domains.sdf.kernel.SDFDirector.fire(SDFDirector.java:500)
	at ptolemy.actor.CompositeActor.fire(CompositeActor.java:455)
	at ptolemy.domains.de.kernel.DEDirector._fire(DEDirector.java:1949)
	at ptolemy.domains.de.kernel.DEDirector.fire(DEDirector.java:502)
	at ptolemy.actor.CompositeActor.fire(CompositeActor.java:455)
	at ptolemy.actor.Manager.iterate(Manager.java:851)
	at ptolemy.actor.Manager.execute(Manager.java:369)
	at ptolemy.actor.Manager.run(Manager.java:1263)
	at ptolemy.actor.Manager$PtolemyRunThread.run(Manager.java:1933)
java.lang.RuntimeException: Execution failed
	at ptolemy.moml.MoMLSimpleApplication$UnloadThread.run(MoMLSimpleApplication.java:402)
Caused by: ptolemy.kernel.util.IllegalActionException: Test fails in iteration 1.
Value was: 1.0. Should have been: 2.0
  in .DirectFeedback.Test
	at ptolemy.actor.lib.Test.fire(Test.java:268)
	at ptolemy.domains.de.kernel.DEDirector._fire(DEDirector.java:1949)
	at ptolemy.domains.de.kernel.DEDirector.fire(DEDirector.java:502)
	at ptolemy.actor.CompositeActor.fire(CompositeActor.java:455)
	at ptolemy.actor.Manager.iterate(Manager.java:851)
	at ptolemy.actor.Manager.execute(Manager.java:369)
	at ptolemy.actor.Manager.run(Manager.java:1263)
	at ptolemy.actor.Manager$PtolemyRunThread.run(Manager.java:1933)
java.lang.reflect.InvocationTargetException
	at java.base/jdk.internal.reflect.NativeConstructorAccessorImpl.newInstance0(Native Method)
	at java.base/jdk.internal.reflect.NativeConstructorAccessorImpl.newInstance(NativeConstructorAccessorImpl.java:62)
	at java.base/jdk.internal.reflect.DelegatingConstructorAccessorImpl.newInstance(DelegatingConstructorAccessorImpl.java:45)
	at java.base/java.lang.reflect.Constructor.newInstance(Constructor.java:490)
	at ptolemy.util.test.junit.AutoKnownFailedTests.RunModel(AutoKnownFailedTests.java:105)
	at java.base/jdk.internal.reflect.NativeMethodAccessorImpl.invoke0(Native Method)
	at java.base/jdk.internal.reflect.NativeMethodAccessorImpl.invoke(NativeMethodAccessorImpl.java:62)
	at java.base/jdk.internal.reflect.DelegatingMethodAccessorImpl.invoke(DelegatingMethodAccessorImpl.java:43)
	at java.base/java.lang.reflect.Method.invoke(Method.java:566)
	at org.junit.runners.model.FrameworkMethod$1.runReflectiveCall(FrameworkMethod.java:44)
	at org.junit.internal.runners.model.ReflectiveCallable.run(ReflectiveCallable.java:15)
	at org.junit.runners.model.FrameworkMethod.invokeExplosively(FrameworkMethod.java:41)
	at junitparams.internal.InvokeParameterisedMethod.evaluate(InvokeParameterisedMethod.java:102)
	at org.junit.internal.runners.statements.FailOnTimeout$1.run(FailOnTimeout.java:28)
Caused by: ptolemy.kernel.util.IllegalActionException: Test fails in iteration 1.
Value was: 1.0. Should have been: 2.0
  in .DirectFeedback.Test
	at ptolemy.actor.lib.Test.fire(Test.java:268)
	at ptolemy.domains.de.kernel.DEDirector._fire(DEDirector.java:1949)
	at ptolemy.domains.de.kernel.DEDirector.fire(DEDirector.java:502)
	at ptolemy.actor.CompositeActor.fire(CompositeActor.java:455)
	at ptolemy.actor.Manager.iterate(Manager.java:851)
	at ptolemy.actor.Manager.execute(Manager.java:369)
	at ptolemy.actor.Manager.run(Manager.java:1263)
	at ptolemy.actor.Manager$PtolemyRunThread.run(Manager.java:1933)
java.lang.RuntimeException: Execution failed
	at ptolemy.moml.MoMLSimpleApplication$UnloadThread.run(MoMLSimpleApplication.java:402)
Caused by: ptolemy.kernel.util.IllegalActionException: Found a zero delay loop containing .HierarchicalModel.A
  in .HierarchicalModel and .HierarchicalModel.A
	at ptolemy.actor.util.CausalityInterfaceForComposites._computeOutputPortDepth(CausalityInterfaceForComposites.java:759)
	at ptolemy.actor.util.CausalityInterfaceForComposites._computeInputDepth(CausalityInterfaceForComposites.java:696)
	at ptolemy.actor.util.CausalityInterfaceForComposites._computeOutputPortDepth(CausalityInterfaceForComposites.java:765)
	at ptolemy.actor.util.CausalityInterfaceForComposites._computeInputDepth(CausalityInterfaceForComposites.java:696)
	at ptolemy.actor.util.CausalityInterfaceForComposites._computeOutputPortDepth(CausalityInterfaceForComposites.java:765)
	at ptolemy.actor.util.CausalityInterfaceForComposites._computeInputDepth(CausalityInterfaceForComposites.java:696)
	at ptolemy.actor.util.CausalityInterfaceForComposites._computeActorDepth(CausalityInterfaceForComposites.java:532)
	at ptolemy.actor.util.CausalityInterfaceForComposites.checkForCycles(CausalityInterfaceForComposites.java:96)
	at ptolemy.domains.de.kernel.DEDirector.preinitialize(DEDirector.java:1338)
	at ptolemy.actor.CompositeActor.preinitialize(CompositeActor.java:1828)
	at ptolemy.actor.Manager.preinitializeAndResolveTypes(Manager.java:1040)
	at ptolemy.actor.Manager.initialize(Manager.java:710)
	at ptolemy.actor.Manager.execute(Manager.java:356)
	at ptolemy.actor.Manager.run(Manager.java:1263)
	at ptolemy.actor.Manager$PtolemyRunThread.run(Manager.java:1933)
java.lang.reflect.InvocationTargetException
	at java.base/jdk.internal.reflect.NativeConstructorAccessorImpl.newInstance0(Native Method)
	at java.base/jdk.internal.reflect.NativeConstructorAccessorImpl.newInstance(NativeConstructorAccessorImpl.java:62)
	at java.base/jdk.internal.reflect.DelegatingConstructorAccessorImpl.newInstance(DelegatingConstructorAccessorImpl.java:45)
	at java.base/java.lang.reflect.Constructor.newInstance(Constructor.java:490)
	at ptolemy.util.test.junit.AutoKnownFailedTests.RunModel(AutoKnownFailedTests.java:105)
	at java.base/jdk.internal.reflect.NativeMethodAccessorImpl.invoke0(Native Method)
	at java.base/jdk.internal.reflect.NativeMethodAccessorImpl.invoke(NativeMethodAccessorImpl.java:62)
	at java.base/jdk.internal.reflect.DelegatingMethodAccessorImpl.invoke(DelegatingMethodAccessorImpl.java:43)
	at java.base/java.lang.reflect.Method.invoke(Method.java:566)
	at org.junit.runners.model.FrameworkMethod$1.runReflectiveCall(FrameworkMethod.java:44)
	at org.junit.internal.runners.model.ReflectiveCallable.run(ReflectiveCallable.java:15)
	at org.junit.runners.model.FrameworkMethod.invokeExplosively(FrameworkMethod.java:41)
	at junitparams.internal.InvokeParameterisedMethod.evaluate(InvokeParameterisedMethod.java:102)
	at org.junit.internal.runners.statements.FailOnTimeout$1.run(FailOnTimeout.java:28)
Caused by: ptolemy.kernel.util.IllegalActionException: Found a zero delay loop containing .HierarchicalModel.A
  in .HierarchicalModel and .HierarchicalModel.A
	at ptolemy.actor.util.CausalityInterfaceForComposites._computeOutputPortDepth(CausalityInterfaceForComposites.java:759)
	at ptolemy.actor.util.CausalityInterfaceForComposites._computeInputDepth(CausalityInterfaceForComposites.java:696)
	at ptolemy.actor.util.CausalityInterfaceForComposites._computeOutputPortDepth(CausalityInterfaceForComposites.java:765)
	at ptolemy.actor.util.CausalityInterfaceForComposites._computeInputDepth(CausalityInterfaceForComposites.java:696)
	at ptolemy.actor.util.CausalityInterfaceForComposites._computeOutputPortDepth(CausalityInterfaceForComposites.java:765)
	at ptolemy.actor.util.CausalityInterfaceForComposites._computeInputDepth(CausalityInterfaceForComposites.java:696)
	at ptolemy.actor.util.CausalityInterfaceForComposites._computeActorDepth(CausalityInterfaceForComposites.java:532)
	at ptolemy.actor.util.CausalityInterfaceForComposites.checkForCycles(CausalityInterfaceForComposites.java:96)
	at ptolemy.domains.de.kernel.DEDirector.preinitialize(DEDirector.java:1338)
	at ptolemy.actor.CompositeActor.preinitialize(CompositeActor.java:1828)
	at ptolemy.actor.Manager.preinitializeAndResolveTypes(Manager.java:1040)
	at ptolemy.actor.Manager.initialize(Manager.java:710)
	at ptolemy.actor.Manager.execute(Manager.java:356)
	at ptolemy.actor.Manager.run(Manager.java:1263)
	at ptolemy.actor.Manager$PtolemyRunThread.run(Manager.java:1933)
java.lang.RuntimeException: Execution failed
	at ptolemy.moml.MoMLSimpleApplication$UnloadThread.run(MoMLSimpleApplication.java:402)
Caused by: ptolemy.kernel.util.IllegalActionException: Found a zero delay loop containing .dependencyLoop.original
  in .dependencyLoop and .dependencyLoop.original
	at ptolemy.actor.util.CausalityInterfaceForComposites._computeOutputPortDepth(CausalityInterfaceForComposites.java:759)
	at ptolemy.actor.util.CausalityInterfaceForComposites._computeInputDepth(CausalityInterfaceForComposites.java:696)
	at ptolemy.actor.util.CausalityInterfaceForComposites._computeOutputPortDepth(CausalityInterfaceForComposites.java:765)
	at ptolemy.actor.util.CausalityInterfaceForComposites._computeInputDepth(CausalityInterfaceForComposites.java:696)
	at ptolemy.actor.util.CausalityInterfaceForComposites._computeOutputPortDepth(CausalityInterfaceForComposites.java:765)
	at ptolemy.actor.util.CausalityInterfaceForComposites._computeInputDepth(CausalityInterfaceForComposites.java:696)
	at ptolemy.actor.util.CausalityInterfaceForComposites._computeActorDepth(CausalityInterfaceForComposites.java:532)
	at ptolemy.actor.util.CausalityInterfaceForComposites.checkForCycles(CausalityInterfaceForComposites.java:96)
	at ptolemy.domains.de.kernel.DEDirector.preinitialize(DEDirector.java:1338)
	at ptolemy.actor.CompositeActor.preinitialize(CompositeActor.java:1828)
	at ptolemy.actor.Manager.preinitializeAndResolveTypes(Manager.java:1040)
	at ptolemy.actor.Manager.initialize(Manager.java:710)
	at ptolemy.actor.Manager.execute(Manager.java:356)
	at ptolemy.actor.Manager.run(Manager.java:1263)
	at ptolemy.actor.Manager$PtolemyRunThread.run(Manager.java:1933)
java.lang.reflect.InvocationTargetException
	at java.base/jdk.internal.reflect.NativeConstructorAccessorImpl.newInstance0(Native Method)
	at java.base/jdk.internal.reflect.NativeConstructorAccessorImpl.newInstance(NativeConstructorAccessorImpl.java:62)
	at java.base/jdk.internal.reflect.DelegatingConstructorAccessorImpl.newInstance(DelegatingConstructorAccessorImpl.java:45)
	at java.base/java.lang.reflect.Constructor.newInstance(Constructor.java:490)
	at ptolemy.util.test.junit.AutoKnownFailedTests.RunModel(AutoKnownFailedTests.java:105)
	at java.base/jdk.internal.reflect.NativeMethodAccessorImpl.invoke0(Native Method)
	at java.base/jdk.internal.reflect.NativeMethodAccessorImpl.invoke(NativeMethodAccessorImpl.java:62)
	at java.base/jdk.internal.reflect.DelegatingMethodAccessorImpl.invoke(DelegatingMethodAccessorImpl.java:43)
	at java.base/java.lang.reflect.Method.invoke(Method.java:566)
	at org.junit.runners.model.FrameworkMethod$1.runReflectiveCall(FrameworkMethod.java:44)
	at org.junit.internal.runners.model.ReflectiveCallable.run(ReflectiveCallable.java:15)
	at org.junit.runners.model.FrameworkMethod.invokeExplosively(FrameworkMethod.java:41)
	at junitparams.internal.InvokeParameterisedMethod.evaluate(InvokeParameterisedMethod.java:102)
	at org.junit.internal.runners.statements.FailOnTimeout$1.run(FailOnTimeout.java:28)
Caused by: ptolemy.kernel.util.IllegalActionException: Found a zero delay loop containing .dependencyLoop.original
  in .dependencyLoop and .dependencyLoop.original
	at ptolemy.actor.util.CausalityInterfaceForComposites._computeOutputPortDepth(CausalityInterfaceForComposites.java:759)
	at ptolemy.actor.util.CausalityInterfaceForComposites._computeInputDepth(CausalityInterfaceForComposites.java:696)
	at ptolemy.actor.util.CausalityInterfaceForComposites._computeOutputPortDepth(CausalityInterfaceForComposites.java:765)
	at ptolemy.actor.util.CausalityInterfaceForComposites._computeInputDepth(CausalityInterfaceForComposites.java:696)
	at ptolemy.actor.util.CausalityInterfaceForComposites._computeOutputPortDepth(CausalityInterfaceForComposites.java:765)
	at ptolemy.actor.util.CausalityInterfaceForComposites._computeInputDepth(CausalityInterfaceForComposites.java:696)
	at ptolemy.actor.util.CausalityInterfaceForComposites._computeActorDepth(CausalityInterfaceForComposites.java:532)
	at ptolemy.actor.util.CausalityInterfaceForComposites.checkForCycles(CausalityInterfaceForComposites.java:96)
	at ptolemy.domains.de.kernel.DEDirector.preinitialize(DEDirector.java:1338)
	at ptolemy.actor.CompositeActor.preinitialize(CompositeActor.java:1828)
	at ptolemy.actor.Manager.preinitializeAndResolveTypes(Manager.java:1040)
	at ptolemy.actor.Manager.initialize(Manager.java:710)
	at ptolemy.actor.Manager.execute(Manager.java:356)
	at ptolemy.actor.Manager.run(Manager.java:1263)
	at ptolemy.actor.Manager$PtolemyRunThread.run(Manager.java:1933)
java.lang.RuntimeException: Execution failed
	at ptolemy.moml.MoMLSimpleApplication$UnloadThread.run(MoMLSimpleApplication.java:402)
Caused by: ptolemy.kernel.util.IllegalActionException: Found a zero delay loop containing .dependencyLoop2.original
  in .dependencyLoop2 and .dependencyLoop2.original
	at ptolemy.actor.util.CausalityInterfaceForComposites._computeOutputPortDepth(CausalityInterfaceForComposites.java:759)
	at ptolemy.actor.util.CausalityInterfaceForComposites._computeInputDepth(CausalityInterfaceForComposites.java:696)
	at ptolemy.actor.util.CausalityInterfaceForComposites._computeOutputPortDepth(CausalityInterfaceForComposites.java:765)
	at ptolemy.actor.util.CausalityInterfaceForComposites._computeInputDepth(CausalityInterfaceForComposites.java:696)
	at ptolemy.actor.util.CausalityInterfaceForComposites._computeOutputPortDepth(CausalityInterfaceForComposites.java:765)
	at ptolemy.actor.util.CausalityInterfaceForComposites._computeInputDepth(CausalityInterfaceForComposites.java:696)
	at ptolemy.actor.util.CausalityInterfaceForComposites._computeActorDepth(CausalityInterfaceForComposites.java:532)
	at ptolemy.actor.util.CausalityInterfaceForComposites.checkForCycles(CausalityInterfaceForComposites.java:96)
	at ptolemy.domains.de.kernel.DEDirector.preinitialize(DEDirector.java:1338)
	at ptolemy.actor.CompositeActor.preinitialize(CompositeActor.java:1828)
	at ptolemy.actor.Manager.preinitializeAndResolveTypes(Manager.java:1040)
	at ptolemy.actor.Manager.initialize(Manager.java:710)
	at ptolemy.actor.Manager.execute(Manager.java:356)
	at ptolemy.actor.Manager.run(Manager.java:1263)
	at ptolemy.actor.Manager$PtolemyRunThread.run(Manager.java:1933)
java.lang.reflect.InvocationTargetException
	at java.base/jdk.internal.reflect.NativeConstructorAccessorImpl.newInstance0(Native Method)
	at java.base/jdk.internal.reflect.NativeConstructorAccessorImpl.newInstance(NativeConstructorAccessorImpl.java:62)
	at java.base/jdk.internal.reflect.DelegatingConstructorAccessorImpl.newInstance(DelegatingConstructorAccessorImpl.java:45)
	at java.base/java.lang.reflect.Constructor.newInstance(Constructor.java:490)
	at ptolemy.util.test.junit.AutoKnownFailedTests.RunModel(AutoKnownFailedTests.java:105)
	at java.base/jdk.internal.reflect.NativeMethodAccessorImpl.invoke0(Native Method)
	at java.base/jdk.internal.reflect.NativeMethodAccessorImpl.invoke(NativeMethodAccessorImpl.java:62)
	at java.base/jdk.internal.reflect.DelegatingMethodAccessorImpl.invoke(DelegatingMethodAccessorImpl.java:43)
	at java.base/java.lang.reflect.Method.invoke(Method.java:566)
	at org.junit.runners.model.FrameworkMethod$1.runReflectiveCall(FrameworkMethod.java:44)
	at org.junit.internal.runners.model.ReflectiveCallable.run(ReflectiveCallable.java:15)
	at org.junit.runners.model.FrameworkMethod.invokeExplosively(FrameworkMethod.java:41)
	at junitparams.internal.InvokeParameterisedMethod.evaluate(InvokeParameterisedMethod.java:102)
	at org.junit.internal.runners.statements.FailOnTimeout$1.run(FailOnTimeout.java:28)
Caused by: ptolemy.kernel.util.IllegalActionException: Found a zero delay loop containing .dependencyLoop2.original
  in .dependencyLoop2 and .dependencyLoop2.original
	at ptolemy.actor.util.CausalityInterfaceForComposites._computeOutputPortDepth(CausalityInterfaceForComposites.java:759)
	at ptolemy.actor.util.CausalityInterfaceForComposites._computeInputDepth(CausalityInterfaceForComposites.java:696)
	at ptolemy.actor.util.CausalityInterfaceForComposites._computeOutputPortDepth(CausalityInterfaceForComposites.java:765)
	at ptolemy.actor.util.CausalityInterfaceForComposites._computeInputDepth(CausalityInterfaceForComposites.java:696)
	at ptolemy.actor.util.CausalityInterfaceForComposites._computeOutputPortDepth(CausalityInterfaceForComposites.java:765)
	at ptolemy.actor.util.CausalityInterfaceForComposites._computeInputDepth(CausalityInterfaceForComposites.java:696)
	at ptolemy.actor.util.CausalityInterfaceForComposites._computeActorDepth(CausalityInterfaceForComposites.java:532)
	at ptolemy.actor.util.CausalityInterfaceForComposites.checkForCycles(CausalityInterfaceForComposites.java:96)
	at ptolemy.domains.de.kernel.DEDirector.preinitialize(DEDirector.java:1338)
	at ptolemy.actor.CompositeActor.preinitialize(CompositeActor.java:1828)
	at ptolemy.actor.Manager.preinitializeAndResolveTypes(Manager.java:1040)
	at ptolemy.actor.Manager.initialize(Manager.java:710)
	at ptolemy.actor.Manager.execute(Manager.java:356)
	at ptolemy.actor.Manager.run(Manager.java:1263)
	at ptolemy.actor.Manager$PtolemyRunThread.run(Manager.java:1933)
]]></system-err>
</testsuite>
