<?xml version="1.0" encoding="UTF-8" ?>
<testsuite errors="0" failures="0" hostname="travis-job-4f8985c3-68d7-44c2-a031-03bf53bc16e9" name="ptolemy.domains.de.test.junit.JUnitTclTest" skipped="0" tests="101" time="127.507" timestamp="2019-04-10T16:32:32">
  <properties>
[...]
</properties>
  <testcase classname="ptolemy.util.test.junit.TclTests" name="[0] /home/travis/build/icyphy/ptII/ptolemy/domains/de/test/DependencyLoop.tcl (RunTclFile)" time="0.752" />
  <testcase classname="ptolemy.util.test.junit.TclTests" name="[1] /home/travis/build/icyphy/ptII/ptolemy/domains/de/test/RunDETestsAsQSS.tcl (RunTclFile)" time="86.964" />
  <testcase classname="ptolemy.util.test.junit.AutoKnownFailedTests" name="[0] /home/travis/build/icyphy/ptII/ptolemy/domains/de/test/auto/knownFailedTests/DESDFClockTest.xml (RunModel)" time="2.027" />
  <testcase classname="ptolemy.util.test.junit.AutoKnownFailedTests" name="[1] /home/travis/build/icyphy/ptII/ptolemy/domains/de/test/auto/knownFailedTests/DirectFeedback.xml (RunModel)" time="0.018" />
  <testcase classname="ptolemy.util.test.junit.AutoKnownFailedTests" name="[2] /home/travis/build/icyphy/ptII/ptolemy/domains/de/test/auto/knownFailedTests/FSMSource.xml (RunModel)" time="0.02" />
  <testcase classname="ptolemy.util.test.junit.AutoKnownFailedTests" name="[3] /home/travis/build/icyphy/ptII/ptolemy/domains/de/test/auto/knownFailedTests/HierarchicalModel.xml (RunModel)" time="0.046" />
  <testcase classname="ptolemy.util.test.junit.AutoKnownFailedTests" name="[4] /home/travis/build/icyphy/ptII/ptolemy/domains/de/test/auto/knownFailedTests/dependencyLoop.xml (RunModel)" time="0.045" />
  <testcase classname="ptolemy.util.test.junit.AutoKnownFailedTests" name="[5] /home/travis/build/icyphy/ptII/ptolemy/domains/de/test/auto/knownFailedTests/dependencyLoop2.xml (RunModel)" time="0.038" />
  <testcase classname="ptolemy.util.test.junit.AutoNameArchTests" name="[0] ThereAreNoAutoArchTests (RunModel)" time="0.001" />
  <testcase classname="ptolemy.util.test.junit.AutoTests" name="[0] /home/travis/build/icyphy/ptII/ptolemy/domains/de/test/auto/ActorDepthCalculation_actorWithoutPorts.xml (RunModel)" time="0.016" />
  <testcase classname="ptolemy.util.test.junit.AutoTests" name="[1] /home/travis/build/icyphy/ptII/ptolemy/domains/de/test/auto/AssemblyLine.xml (RunModel)" time="0.02" />
  <testcase classname="ptolemy.util.test.junit.AutoTests" name="[2] /home/travis/build/icyphy/ptII/ptolemy/domains/de/test/auto/CQBug1.xml (RunModel)" time="0.011" />
  <testcase classname="ptolemy.util.test.junit.AutoTests" name="[3] /home/travis/build/icyphy/ptII/ptolemy/domains/de/test/auto/CancelFireAt.xml (RunModel)" time="0.011" />
  <testcase classname="ptolemy.util.test.junit.AutoTests" name="[4] /home/travis/build/icyphy/ptII/ptolemy/domains/de/test/auto/CausalityAndComposabilityAnalysis.xml (RunModel)" time="0.011" />
  <testcase classname="ptolemy.util.test.junit.AutoTests" name="[5] /home/travis/build/icyphy/ptII/ptolemy/domains/de/test/auto/CausalityInterface1.xml (RunModel)" time="0.016" />
  <testcase classname="ptolemy.util.test.junit.AutoTests" name="[6] /home/travis/build/icyphy/ptII/ptolemy/domains/de/test/auto/CausalityInterface15.xml (RunModel)" time="0.012" />
  <testcase classname="ptolemy.util.test.junit.AutoTests" name="[7] /home/travis/build/icyphy/ptII/ptolemy/domains/de/test/auto/CausalityInterface2.xml (RunModel)" time="0.01" />
  <testcase classname="ptolemy.util.test.junit.AutoTests" name="[8] /home/travis/build/icyphy/ptII/ptolemy/domains/de/test/auto/CausalityInterface3.xml (RunModel)" time="0.012" />
  <testcase classname="ptolemy.util.test.junit.AutoTests" name="[9] /home/travis/build/icyphy/ptII/ptolemy/domains/de/test/auto/ClockDrift.xml (RunModel)" time="0.033" />
  <testcase classname="ptolemy.util.test.junit.AutoTests" name="[10] /home/travis/build/icyphy/ptII/ptolemy/domains/de/test/auto/ClockDriftAndValueChange.xml (RunModel)" time="0.032" />
  <testcase classname="ptolemy.util.test.junit.AutoTests" name="[11] /home/travis/build/icyphy/ptII/ptolemy/domains/de/test/auto/ClockDriftChange.xml (RunModel)" time="0.022" />
  <testcase classname="ptolemy.util.test.junit.AutoTests" name="[12] /home/travis/build/icyphy/ptII/ptolemy/domains/de/test/auto/ComposableCausalityAnalysis.xml (RunModel)" time="0.021" />
  <testcase classname="ptolemy.util.test.junit.AutoTests" name="[13] /home/travis/build/icyphy/ptII/ptolemy/domains/de/test/auto/DEFixedPointLimitation.xml (RunModel)" time="0.009" />
  <testcase classname="ptolemy.util.test.junit.AutoTests" name="[14] /home/travis/build/icyphy/ptII/ptolemy/domains/de/test/auto/DEScheduleTest.xml (RunModel)" time="0.01" />
  <testcase classname="ptolemy.util.test.junit.AutoTests" name="[15] /home/travis/build/icyphy/ptII/ptolemy/domains/de/test/auto/DEinDEwithStartTimes.xml (RunModel)" time="0.012" />
  <testcase classname="ptolemy.util.test.junit.AutoTests" name="[16] /home/travis/build/icyphy/ptII/ptolemy/domains/de/test/auto/DEinDEwithStartTimes2.xml (RunModel)" time="0.012" />
  <testcase classname="ptolemy.util.test.junit.AutoTests" name="[17] /home/travis/build/icyphy/ptII/ptolemy/domains/de/test/auto/DateDemo.xml (RunModel)" time="0.025" />
  <testcase classname="ptolemy.util.test.junit.AutoTests" name="[18] /home/travis/build/icyphy/ptII/ptolemy/domains/de/test/auto/DateToEvent.xml (RunModel)" time="2.032" />
  <testcase classname="ptolemy.util.test.junit.AutoTests" name="[19] /home/travis/build/icyphy/ptII/ptolemy/domains/de/test/auto/DepthTest1.xml (RunModel)" time="0.005" />
  <testcase classname="ptolemy.util.test.junit.AutoTests" name="[20] /home/travis/build/icyphy/ptII/ptolemy/domains/de/test/auto/DepthTest2.xml (RunModel)" time="0.01" />
  <testcase classname="ptolemy.util.test.junit.AutoTests" name="[21] /home/travis/build/icyphy/ptII/ptolemy/domains/de/test/auto/DepthTest3.xml (RunModel)" time="0.004" />
  <testcase classname="ptolemy.util.test.junit.AutoTests" name="[22] /home/travis/build/icyphy/ptII/ptolemy/domains/de/test/auto/DepthTest4.xml (RunModel)" time="0.007" />
  <testcase classname="ptolemy.util.test.junit.AutoTests" name="[23] /home/travis/build/icyphy/ptII/ptolemy/domains/de/test/auto/DepthTest5.xml (RunModel)" time="0.008" />
  <testcase classname="ptolemy.util.test.junit.AutoTests" name="[24] /home/travis/build/icyphy/ptII/ptolemy/domains/de/test/auto/DepthTest6.xml (RunModel)" time="0.008" />
  <testcase classname="ptolemy.util.test.junit.AutoTests" name="[25] /home/travis/build/icyphy/ptII/ptolemy/domains/de/test/auto/DepthTest7.xml (RunModel)" time="0.007" />
  <testcase classname="ptolemy.util.test.junit.AutoTests" name="[26] /home/travis/build/icyphy/ptII/ptolemy/domains/de/test/auto/EventToDate.xml (RunModel)" time="3.02" />
  <testcase classname="ptolemy.util.test.junit.AutoTests" name="[27] /home/travis/build/icyphy/ptII/ptolemy/domains/de/test/auto/FSM1.xml (RunModel)" time="0.023" />
  <testcase classname="ptolemy.util.test.junit.AutoTests" name="[28] /home/travis/build/icyphy/ptII/ptolemy/domains/de/test/auto/FSM7.xml (RunModel)" time="0.027" />
  <testcase classname="ptolemy.util.test.junit.AutoTests" name="[29] /home/travis/build/icyphy/ptII/ptolemy/domains/de/test/auto/Inspection.xml (RunModel)" time="0.028" />
  <testcase classname="ptolemy.util.test.junit.AutoTests" name="[30] /home/travis/build/icyphy/ptII/ptolemy/domains/de/test/auto/Iteration.xml (RunModel)" time="0.014" />
  <testcase classname="ptolemy.util.test.junit.AutoTests" name="[31] /home/travis/build/icyphy/ptII/ptolemy/domains/de/test/auto/LineFault.xml (RunModel)" time="0.392" />
  <testcase classname="ptolemy.util.test.junit.AutoTests" name="[32] /home/travis/build/icyphy/ptII/ptolemy/domains/de/test/auto/MergeModel1Add.xml (RunModel)" time="0.033" />
  <testcase classname="ptolemy.util.test.junit.AutoTests" name="[33] /home/travis/build/icyphy/ptII/ptolemy/domains/de/test/auto/MergeModel2Add.xml (RunModel)" time="0.028" />
  <testcase classname="ptolemy.util.test.junit.AutoTests" name="[34] /home/travis/build/icyphy/ptII/ptolemy/domains/de/test/auto/MergeModel3Add.xml (RunModel)" time="0.028" />
  <testcase classname="ptolemy.util.test.junit.AutoTests" name="[35] /home/travis/build/icyphy/ptII/ptolemy/domains/de/test/auto/MergeWithoutDiscard.xml (RunModel)" time="0.008" />
  <testcase classname="ptolemy.util.test.junit.AutoTests" name="[36] /home/travis/build/icyphy/ptII/ptolemy/domains/de/test/auto/Modal1.xml (RunModel)" time="0.021" />
  <testcase classname="ptolemy.util.test.junit.AutoTests" name="[37] /home/travis/build/icyphy/ptII/ptolemy/domains/de/test/auto/Modal2.xml (RunModel)" time="0.021" />
  <testcase classname="ptolemy.util.test.junit.AutoTests" name="[38] /home/travis/build/icyphy/ptII/ptolemy/domains/de/test/auto/Modal3.xml (RunModel)" time="0.019" />
  <testcase classname="ptolemy.util.test.junit.AutoTests" name="[39] /home/travis/build/icyphy/ptII/ptolemy/domains/de/test/auto/Modal4.xml (RunModel)" time="0.021" />
  <testcase classname="ptolemy.util.test.junit.AutoTests" name="[40] /home/travis/build/icyphy/ptII/ptolemy/domains/de/test/auto/Modal5.xml (RunModel)" time="0.021" />
  <testcase classname="ptolemy.util.test.junit.AutoTests" name="[41] /home/travis/build/icyphy/ptII/ptolemy/domains/de/test/auto/Modal6.xml (RunModel)" time="0.021" />
  <testcase classname="ptolemy.util.test.junit.AutoTests" name="[42] /home/travis/build/icyphy/ptII/ptolemy/domains/de/test/auto/Modal7.xml (RunModel)" time="0.025" />
  <testcase classname="ptolemy.util.test.junit.AutoTests" name="[43] /home/travis/build/icyphy/ptII/ptolemy/domains/de/test/auto/ModalModel.xml (RunModel)" time="0.134" />
  <testcase classname="ptolemy.util.test.junit.AutoTests" name="[44] /home/travis/build/icyphy/ptII/ptolemy/domains/de/test/auto/ModalSource.xml (RunModel)" time="0.018" />
  <testcase classname="ptolemy.util.test.junit.AutoTests" name="[45] /home/travis/build/icyphy/ptII/ptolemy/domains/de/test/auto/NonInterruptibleTimerZeroDelay.xml (RunModel)" time="0.01" />
  <testcase classname="ptolemy.util.test.junit.AutoTests" name="[46] /home/travis/build/icyphy/ptII/ptolemy/domains/de/test/auto/OpenQueueingNetwork.xml (RunModel)" time="1.963" />
  <testcase classname="ptolemy.util.test.junit.AutoTests" name="[47] /home/travis/build/icyphy/ptII/ptolemy/domains/de/test/auto/OpenQueuingNetwork.xml (RunModel)" time="0.27" />
  <testcase classname="ptolemy.util.test.junit.AutoTests" name="[48] /home/travis/build/icyphy/ptII/ptolemy/domains/de/test/auto/PeriodicSampler.xml (RunModel)" time="0.008" />
  <testcase classname="ptolemy.util.test.junit.AutoTests" name="[49] /home/travis/build/icyphy/ptII/ptolemy/domains/de/test/auto/PersistentIO.xml (RunModel)" time="0.029" />
  <testcase classname="ptolemy.util.test.junit.AutoTests" name="[50] /home/travis/build/icyphy/ptII/ptolemy/domains/de/test/auto/PortParameterResetOnInitialize.xml (RunModel)" time="0.012" />
  <testcase classname="ptolemy.util.test.junit.AutoTests" name="[51] /home/travis/build/icyphy/ptII/ptolemy/domains/de/test/auto/PortParameterUpdates.xml (RunModel)" time="0.014" />
  <testcase classname="ptolemy.util.test.junit.AutoTests" name="[52] /home/travis/build/icyphy/ptII/ptolemy/domains/de/test/auto/QueueAndServer.xml (RunModel)" time="0.022" />
  <testcase classname="ptolemy.util.test.junit.AutoTests" name="[53] /home/travis/build/icyphy/ptII/ptolemy/domains/de/test/auto/Records.xml (RunModel)" time="0.021" />
  <testcase classname="ptolemy.util.test.junit.AutoTests" name="[54] /home/travis/build/icyphy/ptII/ptolemy/domains/de/test/auto/ResetTransitionWithStartTime1.xml (RunModel)" time="0.023" />
  <testcase classname="ptolemy.util.test.junit.AutoTests" name="[55] /home/travis/build/icyphy/ptII/ptolemy/domains/de/test/auto/ResetTransitionWithStartTime2.xml (RunModel)" time="0.025" />
  <testcase classname="ptolemy.util.test.junit.AutoTests" name="[56] /home/travis/build/icyphy/ptII/ptolemy/domains/de/test/auto/ResetTransitionWithStartTime3.xml (RunModel)" time="0.018" />
  <testcase classname="ptolemy.util.test.junit.AutoTests" name="[57] /home/travis/build/icyphy/ptII/ptolemy/domains/de/test/auto/ResetTransitionWithStartTime4.xml (RunModel)" time="0.023" />
  <testcase classname="ptolemy.util.test.junit.AutoTests" name="[58] /home/travis/build/icyphy/ptII/ptolemy/domains/de/test/auto/ResettableTimer1.xml (RunModel)" time="0.01" />
  <testcase classname="ptolemy.util.test.junit.AutoTests" name="[59] /home/travis/build/icyphy/ptII/ptolemy/domains/de/test/auto/ResettableTimer2.xml (RunModel)" time="0.009" />
  <testcase classname="ptolemy.util.test.junit.AutoTests" name="[60] /home/travis/build/icyphy/ptII/ptolemy/domains/de/test/auto/ResettableTimer3.xml (RunModel)" time="0.009" />
  <testcase classname="ptolemy.util.test.junit.AutoTests" name="[61] /home/travis/build/icyphy/ptII/ptolemy/domains/de/test/auto/ResettableTimer4.xml (RunModel)" time="0.01" />
  <testcase classname="ptolemy.util.test.junit.AutoTests" name="[62] /home/travis/build/icyphy/ptII/ptolemy/domains/de/test/auto/ResettableTimer5.xml (RunModel)" time="0.009" />
  <testcase classname="ptolemy.util.test.junit.AutoTests" name="[63] /home/travis/build/icyphy/ptII/ptolemy/domains/de/test/auto/ResettableTimer6.xml (RunModel)" time="0.017" />
  <testcase classname="ptolemy.util.test.junit.AutoTests" name="[64] /home/travis/build/icyphy/ptII/ptolemy/domains/de/test/auto/ServerZeroDelay.xml (RunModel)" time="0.011" />
  <testcase classname="ptolemy.util.test.junit.AutoTests" name="[65] /home/travis/build/icyphy/ptII/ptolemy/domains/de/test/auto/SmartSender.xml (RunModel)" time="3.008" />
  <testcase classname="ptolemy.util.test.junit.AutoTests" name="[66] /home/travis/build/icyphy/ptII/ptolemy/domains/de/test/auto/ThreadedComposite.xml (RunModel)" time="0.172" />
  <testcase classname="ptolemy.util.test.junit.AutoTests" name="[67] /home/travis/build/icyphy/ptII/ptolemy/domains/de/test/auto/Time.xml (RunModel)" time="0.43" />
  <testcase classname="ptolemy.util.test.junit.AutoTests" name="[68] /home/travis/build/icyphy/ptII/ptolemy/domains/de/test/auto/TimeDelayZeroDelay.xml (RunModel)" time="0.012" />
  <testcase classname="ptolemy.util.test.junit.AutoTests" name="[69] /home/travis/build/icyphy/ptII/ptolemy/domains/de/test/auto/TimerZeroDelay.xml (RunModel)" time="0.009" />
  <testcase classname="ptolemy.util.test.junit.AutoTests" name="[70] /home/travis/build/icyphy/ptII/ptolemy/domains/de/test/auto/TimingParadox.xml (RunModel)" time="0.346" />
  <testcase classname="ptolemy.util.test.junit.AutoTests" name="[71] /home/travis/build/icyphy/ptII/ptolemy/domains/de/test/auto/TransferInputs.xml (RunModel)" time="0.013" />
  <testcase classname="ptolemy.util.test.junit.AutoTests" name="[72] /home/travis/build/icyphy/ptII/ptolemy/domains/de/test/auto/TransferOutputs2.xml (RunModel)" time="0.014" />
  <testcase classname="ptolemy.util.test.junit.AutoTests" name="[73] /home/travis/build/icyphy/ptII/ptolemy/domains/de/test/auto/Trilateration.xml (RunModel)" time="12.384" />
  <testcase classname="ptolemy.util.test.junit.AutoTests" name="[74] /home/travis/build/icyphy/ptII/ptolemy/domains/de/test/auto/TwoSigmaDelta.xml (RunModel)" time="1.923" />
  <testcase classname="ptolemy.util.test.junit.AutoTests" name="[75] /home/travis/build/icyphy/ptII/ptolemy/domains/de/test/auto/VariableDelay.xml (RunModel)" time="0.01" />
  <testcase classname="ptolemy.util.test.junit.AutoTests" name="[76] /home/travis/build/icyphy/ptII/ptolemy/domains/de/test/auto/VariableDelay2.xml (RunModel)" time="0.008" />
  <testcase classname="ptolemy.util.test.junit.AutoTests" name="[77] /home/travis/build/icyphy/ptII/ptolemy/domains/de/test/auto/VariableDelayZeroDelay.xml (RunModel)" time="0.009" />
  <testcase classname="ptolemy.util.test.junit.AutoTests" name="[78] /home/travis/build/icyphy/ptII/ptolemy/domains/de/test/auto/VariableDelayZeroDelay2.xml (RunModel)" time="0.01" />
  <testcase classname="ptolemy.util.test.junit.AutoTests" name="[79] /home/travis/build/icyphy/ptII/ptolemy/domains/de/test/auto/deInCt.xml (RunModel)" time="0.013" />
  <testcase classname="ptolemy.util.test.junit.AutoTests" name="[80] /home/travis/build/icyphy/ptII/ptolemy/domains/de/test/auto/deInCt2.xml (RunModel)" time="0.013" />
  <testcase classname="ptolemy.util.test.junit.AutoTests" name="[81] /home/travis/build/icyphy/ptII/ptolemy/domains/de/test/auto/dynamicCausalityInterface1.xml (RunModel)" time="0.018" />
  <testcase classname="ptolemy.util.test.junit.AutoTests" name="[82] /home/travis/build/icyphy/ptII/ptolemy/domains/de/test/auto/fsm_de_test.xml (RunModel)" time="0.027" />
  <testcase classname="ptolemy.util.test.junit.AutoTests" name="[83] /home/travis/build/icyphy/ptII/ptolemy/domains/de/test/auto/functionDependencyReconstruction.xml (RunModel)" time="0.032" />
  <testcase classname="ptolemy.util.test.junit.AutoTests" name="[84] /home/travis/build/icyphy/ptII/ptolemy/domains/de/test/auto/multirate.xml (RunModel)" time="0.014" />
  <testcase classname="ptolemy.util.test.junit.AutoTests" name="[85] /home/travis/build/icyphy/ptII/ptolemy/domains/de/test/auto/multirate2.xml (RunModel)" time="0.013" />
  <testcase classname="ptolemy.util.test.junit.AutoTests" name="[86] /home/travis/build/icyphy/ptII/ptolemy/domains/de/test/auto/realtime.xml (RunModel)" time="10.011" />
  <testcase classname="ptolemy.util.test.junit.AutoTests" name="[87] /home/travis/build/icyphy/ptII/ptolemy/domains/de/test/auto/relationGroup.xml (RunModel)" time="0.007" />
  <testcase classname="ptolemy.util.test.junit.AutoTests" name="[88] /home/travis/build/icyphy/ptII/ptolemy/domains/de/test/auto/relationGroup2.xml (RunModel)" time="0.008" />
  <testcase classname="ptolemy.util.test.junit.AutoTests" name="[89] /home/travis/build/icyphy/ptII/ptolemy/domains/de/test/auto/sortWithOpaquePorts.xml (RunModel)" time="0.019" />
  <testcase classname="ptolemy.util.test.junit.AutoTests" name="[90] /home/travis/build/icyphy/ptII/ptolemy/domains/de/test/auto/transferInputsandOutputs.xml (RunModel)" time="0.021" />
  <testcase classname="ptolemy.util.test.junit.AutoTests" name="[91] /home/travis/build/icyphy/ptII/ptolemy/domains/de/test/auto/triggerType.xml (RunModel)" time="0.008" />
  <system-out><![CDATA[/home/travis/build/icyphy/ptII/ptolemy/domains/de/test/DependencyLoop.tcl
testDefs.tcl: setting time out to 9000 seconds at Wed Apr 10 16:32:32 UTC 2019
18 ms. Memory: 116224K Free: 97360K (84%)
23 ms. Memory: 146944K Free: 141278K (96%)
/home/travis/build/icyphy/ptII/ptolemy/domains/de/test/RunDETestsAsQSS.tcl
Run the DE tests using ptolemy.domains.qss.test.QSSDirectorTest, which extends QSSDirector and prints a message in the constructors.
------------------ testing $PTII/ptolemy/domains/de/test/auto/knownFailedTests/dependencyLoop.xml (Known Failure) 
11 ms. Memory: 146944K Free: 137025K (93%)


==== $PTIIhome/travis/build/icyphy/ptII/ptolemy/domains/de/test/../../../../: Auto Automatic test in file $PTII/ptolemy/domains/de/test/auto/knownFailedTests/dependencyLoop.xml
==== Contents of test case:

	    # FIXME: we should use $relativeFilename here, but it
	    # might have backslashes under Windows, which causes no end
	    # of trouble.
	    createAndExecute $file
	    list {}
	
.... Test generated KNOWN error:
    while executing
ptolemy.kernel.util.IllegalActionException: Found a zero delay loop containing .dependencyLoop.original
  in .dependencyLoop and .dependencyLoop.original
	at ptolemy.actor.util.CausalityInterfaceForComposites._computeOutputPortDepth(CausalityInterfaceForComposites.java:759)
	at ptolemy.actor.util.CausalityInterfaceForComposites._computeInputDepth(CausalityInterfaceForComposites.java:696)
	at ptolemy.actor.util.CausalityInterfaceForComposites._computeOutputPortDepth(CausalityInterfaceForComposites.java:765)
	at ptolemy.actor.util.CausalityInterfaceForComposites._computeInputDepth(CausalityInterfaceForComposites.java:696)
	at ptolemy.actor.util.CausalityInterfaceForComposites._computeOutputPortDepth(CausalityInterfaceForComposites.java:765)
	at ptolemy.actor.util.CausalityInterfaceForComposites._computeInputDepth(CausalityInterfaceForComposites.java:696)
	at ptolemy.actor.util.CausalityInterfaceForComposites._computeActorDepth(CausalityInterfaceForComposites.java:532)
	at ptolemy.actor.util.CausalityInterfaceForComposites.checkForCycles(CausalityInterfaceForComposites.java:96)
	at ptolemy.domains.de.kernel.DEDirector.preinitialize(DEDirector.java:1338)
	at ptolemy.actor.CompositeActor.preinitialize(CompositeActor.java:1828)
	at ptolemy.actor.Manager.preinitializeAndResolveTypes(Manager.java:1040)
	at ptolemy.actor.Manager.initialize(Manager.java:710)
	at ptolemy.actor.Manager.execute(Manager.java:356)
	at ptolemy.actor.Manager.run(Manager.java:1263)
	at ptolemy.actor.Manager$PtolemyRunThread.run(Manager.java:1915)

    while executing
ptolemy.kernel.util.IllegalActionException: Found a zero delay loop containing .dependencyLoop.original
  in .dependencyLoop and .dependencyLoop.original
    while executing
"java::new ptolemy.moml.MoMLSimpleApplication $file
"
    (procedure "createAndExecute" line 2)
    invoked from within
"createAndExecute $file"
    ("uplevel" body line 5)
    invoked from within
"uplevel $contents_of_test"
------------------ testing $PTII/ptolemy/domains/de/test/auto/knownFailedTests/DESDFClockTest.xml (Known Failure) 
2079 ms. Memory: 146944K Free: 121374K (83%)


==== $PTIIhome/travis/build/icyphy/ptII/ptolemy/domains/de/test/../../../../: Auto Automatic test in file $PTII/ptolemy/domains/de/test/auto/knownFailedTests/DESDFClockTest.xml
==== Contents of test case:

	    # FIXME: we should use $relativeFilename here, but it
	    # might have backslashes under Windows, which causes no end
	    # of trouble.
	    createAndExecute $file
	    list {}
	
.... Test generated KNOWN error:
    while executing
ptolemy.kernel.util.IllegalActionException: Actor is not ready to fire.  Perhaps UpSample.prefire() returned false? Try debugging the actor by selecting "Listen to Actor".  Also, for SDF check moml for tokenConsumptionRate on input.
  in .DESDFClockTest.Play Bell.Copy1:SDF Director and .DESDFClockTest.Play Bell.UpSample
	at ptolemy.actor.sched.StaticSchedulingDirector.fire(StaticSchedulingDirector.java:227)
	at ptolemy.domains.sdf.kernel.SDFDirector.fire(SDFDirector.java:500)
	at ptolemy.actor.CompositeActor.fire(CompositeActor.java:455)
	at ptolemy.domains.de.kernel.DEDirector._fire(DEDirector.java:1949)
	at ptolemy.domains.de.kernel.DEDirector.fire(DEDirector.java:502)
	at ptolemy.actor.CompositeActor.fire(CompositeActor.java:455)
	at ptolemy.actor.Manager.iterate(Manager.java:851)
	at ptolemy.actor.Manager.execute(Manager.java:369)
	at ptolemy.actor.Manager.run(Manager.java:1263)
	at ptolemy.actor.Manager$PtolemyRunThread.run(Manager.java:1915)

    while executing
ptolemy.kernel.util.IllegalActionException: Actor is not ready to fire.  Perhaps UpSample.prefire() returned false? Try debugging the actor by selecting "Listen to Actor".  Also, for SDF check moml for tokenConsumptionRate on input.
  in .DESDFClockTest.Play Bell.Copy1:SDF Director and .DESDFClockTest.Play Bell.UpSample
    while executing
"java::new ptolemy.moml.MoMLSimpleApplication $file
"
    (procedure "createAndExecute" line 2)
    invoked from within
"createAndExecute $file"
    ("uplevel" body line 5)
    invoked from within
"uplevel $contents_of_test"
------------------ testing $PTII/ptolemy/domains/de/test/auto/knownFailedTests/FSMSource.xml (Known Failure) 
28 ms. Memory: 146944K Free: 111900K (76%)
!!!! Auto was marked as failing, but now passes
------------------ testing $PTII/ptolemy/domains/de/test/auto/knownFailedTests/dependencyLoop2.xml (Known Failure) 
10 ms. Memory: 146944K Free: 110025K (75%)


==== $PTIIhome/travis/build/icyphy/ptII/ptolemy/domains/de/test/../../../../: Auto Automatic test in file $PTII/ptolemy/domains/de/test/auto/knownFailedTests/dependencyLoop2.xml
==== Contents of test case:

	    # FIXME: we should use $relativeFilename here, but it
	    # might have backslashes under Windows, which causes no end
	    # of trouble.
	    createAndExecute $file
	    list {}
	
.... Test generated KNOWN error:
    while executing
ptolemy.kernel.util.IllegalActionException: Found a zero delay loop containing .dependencyLoop2.original
  in .dependencyLoop2 and .dependencyLoop2.original
	at ptolemy.actor.util.CausalityInterfaceForComposites._computeOutputPortDepth(CausalityInterfaceForComposites.java:759)
	at ptolemy.actor.util.CausalityInterfaceForComposites._computeInputDepth(CausalityInterfaceForComposites.java:696)
	at ptolemy.actor.util.CausalityInterfaceForComposites._computeOutputPortDepth(CausalityInterfaceForComposites.java:765)
	at ptolemy.actor.util.CausalityInterfaceForComposites._computeInputDepth(CausalityInterfaceForComposites.java:696)
	at ptolemy.actor.util.CausalityInterfaceForComposites._computeOutputPortDepth(CausalityInterfaceForComposites.java:765)
	at ptolemy.actor.util.CausalityInterfaceForComposites._computeInputDepth(CausalityInterfaceForComposites.java:696)
	at ptolemy.actor.util.CausalityInterfaceForComposites._computeActorDepth(CausalityInterfaceForComposites.java:532)
	at ptolemy.actor.util.CausalityInterfaceForComposites.checkForCycles(CausalityInterfaceForComposites.java:96)
	at ptolemy.domains.de.kernel.DEDirector.preinitialize(DEDirector.java:1338)
	at ptolemy.actor.CompositeActor.preinitialize(CompositeActor.java:1828)
	at ptolemy.actor.Manager.preinitializeAndResolveTypes(Manager.java:1040)
	at ptolemy.actor.Manager.initialize(Manager.java:710)
	at ptolemy.actor.Manager.execute(Manager.java:356)
	at ptolemy.actor.Manager.run(Manager.java:1263)
	at ptolemy.actor.Manager$PtolemyRunThread.run(Manager.java:1915)

    while executing
ptolemy.kernel.util.IllegalActionException: Found a zero delay loop containing .dependencyLoop2.original
  in .dependencyLoop2 and .dependencyLoop2.original
    while executing
"java::new ptolemy.moml.MoMLSimpleApplication $file
"
    (procedure "createAndExecute" line 2)
    invoked from within
"createAndExecute $file"
    ("uplevel" body line 5)
    invoked from within
"uplevel $contents_of_test"
------------------ testing $PTII/ptolemy/domains/de/test/auto/knownFailedTests/HierarchicalModel.xml (Known Failure) 
5 ms. Memory: 146944K Free: 89683K (61%)


==== $PTIIhome/travis/build/icyphy/ptII/ptolemy/domains/de/test/../../../../: Auto Automatic test in file $PTII/ptolemy/domains/de/test/auto/knownFailedTests/HierarchicalModel.xml
==== Contents of test case:

	    # FIXME: we should use $relativeFilename here, but it
	    # might have backslashes under Windows, which causes no end
	    # of trouble.
	    createAndExecute $file
	    list {}
	
.... Test generated KNOWN error:
    while executing
ptolemy.kernel.util.IllegalActionException: Found a zero delay loop containing .HierarchicalModel.A
  in .HierarchicalModel and .HierarchicalModel.A
	at ptolemy.actor.util.CausalityInterfaceForComposites._computeOutputPortDepth(CausalityInterfaceForComposites.java:759)
	at ptolemy.actor.util.CausalityInterfaceForComposites._computeInputDepth(CausalityInterfaceForComposites.java:696)
	at ptolemy.actor.util.CausalityInterfaceForComposites._computeOutputPortDepth(CausalityInterfaceForComposites.java:765)
	at ptolemy.actor.util.CausalityInterfaceForComposites._computeInputDepth(CausalityInterfaceForComposites.java:696)
	at ptolemy.actor.util.CausalityInterfaceForComposites._computeOutputPortDepth(CausalityInterfaceForComposites.java:765)
	at ptolemy.actor.util.CausalityInterfaceForComposites._computeInputDepth(CausalityInterfaceForComposites.java:696)
	at ptolemy.actor.util.CausalityInterfaceForComposites._computeActorDepth(CausalityInterfaceForComposites.java:532)
	at ptolemy.actor.util.CausalityInterfaceForComposites.checkForCycles(CausalityInterfaceForComposites.java:96)
	at ptolemy.domains.de.kernel.DEDirector.preinitialize(DEDirector.java:1338)
	at ptolemy.actor.CompositeActor.preinitialize(CompositeActor.java:1828)
	at ptolemy.actor.Manager.preinitializeAndResolveTypes(Manager.java:1040)
	at ptolemy.actor.Manager.initialize(Manager.java:710)
	at ptolemy.actor.Manager.execute(Manager.java:356)
	at ptolemy.actor.Manager.run(Manager.java:1263)
	at ptolemy.actor.Manager$PtolemyRunThread.run(Manager.java:1915)

    while executing
ptolemy.kernel.util.IllegalActionException: Found a zero delay loop containing .HierarchicalModel.A
  in .HierarchicalModel and .HierarchicalModel.A
    while executing
"java::new ptolemy.moml.MoMLSimpleApplication $file
"
    (procedure "createAndExecute" line 2)
    invoked from within
"createAndExecute $file"
    ("uplevel" body line 5)
    invoked from within
"uplevel $contents_of_test"
------------------ testing $PTII/ptolemy/domains/de/test/auto/knownFailedTests/DirectFeedback.xml (Known Failure) 
11 ms. Memory: 146944K Free: 85557K (58%)


==== $PTIIhome/travis/build/icyphy/ptII/ptolemy/domains/de/test/../../../../: Auto Automatic test in file $PTII/ptolemy/domains/de/test/auto/knownFailedTests/DirectFeedback.xml
==== Contents of test case:

	    # FIXME: we should use $relativeFilename here, but it
	    # might have backslashes under Windows, which causes no end
	    # of trouble.
	    createAndExecute $file
	    list {}
	
.... Test generated KNOWN error:
    while executing
ptolemy.kernel.util.IllegalActionException: Test fails in iteration 1.
Value was: 1.0. Should have been: 2.0
  in .DirectFeedback.Test
	at ptolemy.actor.lib.Test.fire(Test.java:268)
	at ptolemy.domains.de.kernel.DEDirector._fire(DEDirector.java:1949)
	at ptolemy.domains.de.kernel.DEDirector.fire(DEDirector.java:502)
	at ptolemy.actor.CompositeActor.fire(CompositeActor.java:455)
	at ptolemy.actor.Manager.iterate(Manager.java:851)
	at ptolemy.actor.Manager.execute(Manager.java:369)
	at ptolemy.actor.Manager.run(Manager.java:1263)
	at ptolemy.actor.Manager$PtolemyRunThread.run(Manager.java:1915)

    while executing
ptolemy.kernel.util.IllegalActionException: Test fails in iteration 1.
Value was: 1.0. Should have been: 2.0
  in .DirectFeedback.Test
    while executing
"java::new ptolemy.moml.MoMLSimpleApplication $file
"
    (procedure "createAndExecute" line 2)
    invoked from within
"createAndExecute $file"
    ("uplevel" body line 5)
    invoked from within
"uplevel $contents_of_test"
------------------ testing $PTII/ptolemy/domains/de/test/auto/ActorDepthCalculation_actorWithoutPorts.xml
auto.tcl: Setting watchdog for 200 seconds at Wed Apr 10 16:32:36 UTC 2019
8 ms. Memory: 146944K Free: 138673K (94%)
ptolemy.util.test.WatchDog.cancel(): canceling Wed Apr 10 16:32:36 UTC 2019
auto.tcl: Setting watchdog for 200 seconds at Wed Apr 10 16:32:36 UTC 2019
5 ms. Memory: 146944K Free: 137648K (94%)
ptolemy.util.test.WatchDog.cancel(): canceling Wed Apr 10 16:32:36 UTC 2019
------------------ testing $PTII/ptolemy/domains/de/test/auto/AssemblyLine.xml
auto.tcl: Setting watchdog for 200 seconds at Wed Apr 10 16:32:36 UTC 2019
25 ms. Memory: 208384K Free: 183362K (88%)
ptolemy.util.test.WatchDog.cancel(): canceling Wed Apr 10 16:32:36 UTC 2019
auto.tcl: Setting watchdog for 200 seconds at Wed Apr 10 16:32:36 UTC 2019
7 ms. Memory: 208384K Free: 183362K (88%)
ptolemy.util.test.WatchDog.cancel(): canceling Wed Apr 10 16:32:36 UTC 2019
------------------ testing $PTII/ptolemy/domains/de/test/auto/CQBug1.xml
auto.tcl: Setting watchdog for 200 seconds at Wed Apr 10 16:32:37 UTC 2019
4 ms. Memory: 208384K Free: 197887K (95%)
ptolemy.util.test.WatchDog.cancel(): canceling Wed Apr 10 16:32:37 UTC 2019
auto.tcl: Setting watchdog for 200 seconds at Wed Apr 10 16:32:37 UTC 2019
2 ms. Memory: 208384K Free: 197887K (95%)
ptolemy.util.test.WatchDog.cancel(): canceling Wed Apr 10 16:32:37 UTC 2019
------------------ testing $PTII/ptolemy/domains/de/test/auto/CancelFireAt.xml
auto.tcl: Setting watchdog for 200 seconds at Wed Apr 10 16:32:37 UTC 2019
8 ms. Memory: 208384K Free: 201038K (96%)
ptolemy.util.test.WatchDog.cancel(): canceling Wed Apr 10 16:32:37 UTC 2019
auto.tcl: Setting watchdog for 200 seconds at Wed Apr 10 16:32:37 UTC 2019
2 ms. Memory: 208384K Free: 198988K (95%)
ptolemy.util.test.WatchDog.cancel(): canceling Wed Apr 10 16:32:37 UTC 2019
------------------ testing $PTII/ptolemy/domains/de/test/auto/CausalityAndComposabilityAnalysis.xml
auto.tcl: Setting watchdog for 200 seconds at Wed Apr 10 16:32:37 UTC 2019
22 ms. Memory: 208384K Free: 198585K (95%)
ptolemy.util.test.WatchDog.cancel(): canceling Wed Apr 10 16:32:37 UTC 2019
auto.tcl: Setting watchdog for 200 seconds at Wed Apr 10 16:32:37 UTC 2019
5 ms. Memory: 208384K Free: 196535K (94%)
ptolemy.util.test.WatchDog.cancel(): canceling Wed Apr 10 16:32:37 UTC 2019
------------------ testing $PTII/ptolemy/domains/de/test/auto/CausalityInterface1.xml
auto.tcl: Setting watchdog for 200 seconds at Wed Apr 10 16:32:37 UTC 2019
27 ms. Memory: 208384K Free: 196472K (94%)
ptolemy.util.test.WatchDog.cancel(): canceling Wed Apr 10 16:32:37 UTC 2019
auto.tcl: Setting watchdog for 200 seconds at Wed Apr 10 16:32:37 UTC 2019
5 ms. Memory: 208384K Free: 196472K (94%)
ptolemy.util.test.WatchDog.cancel(): canceling Wed Apr 10 16:32:37 UTC 2019
------------------ testing $PTII/ptolemy/domains/de/test/auto/CausalityInterface15.xml
auto.tcl: Setting watchdog for 200 seconds at Wed Apr 10 16:32:37 UTC 2019
11 ms. Memory: 208384K Free: 196430K (94%)
ptolemy.util.test.WatchDog.cancel(): canceling Wed Apr 10 16:32:37 UTC 2019
auto.tcl: Setting watchdog for 200 seconds at Wed Apr 10 16:32:37 UTC 2019
3 ms. Memory: 208384K Free: 196430K (94%)
ptolemy.util.test.WatchDog.cancel(): canceling Wed Apr 10 16:32:37 UTC 2019
------------------ testing $PTII/ptolemy/domains/de/test/auto/CausalityInterface2.xml
auto.tcl: Setting watchdog for 200 seconds at Wed Apr 10 16:32:37 UTC 2019
8 ms. Memory: 208384K Free: 196445K (94%)
ptolemy.util.test.WatchDog.cancel(): canceling Wed Apr 10 16:32:37 UTC 2019
auto.tcl: Setting watchdog for 200 seconds at Wed Apr 10 16:32:37 UTC 2019
3 ms. Memory: 208384K Free: 196445K (94%)
ptolemy.util.test.WatchDog.cancel(): canceling Wed Apr 10 16:32:37 UTC 2019
------------------ testing $PTII/ptolemy/domains/de/test/auto/CausalityInterface3.xml
auto.tcl: Setting watchdog for 200 seconds at Wed Apr 10 16:32:37 UTC 2019
8 ms. Memory: 208384K Free: 196459K (94%)
ptolemy.util.test.WatchDog.cancel(): canceling Wed Apr 10 16:32:37 UTC 2019
auto.tcl: Setting watchdog for 200 seconds at Wed Apr 10 16:32:37 UTC 2019
7 ms. Memory: 208384K Free: 196459K (94%)
ptolemy.util.test.WatchDog.cancel(): canceling Wed Apr 10 16:32:37 UTC 2019
------------------ testing $PTII/ptolemy/domains/de/test/auto/ClockDrift.xml
auto.tcl: Setting watchdog for 200 seconds at Wed Apr 10 16:32:37 UTC 2019
91 ms. Memory: 208384K Free: 187838K (90%)
ptolemy.util.test.WatchDog.cancel(): canceling Wed Apr 10 16:32:37 UTC 2019
auto.tcl: Setting watchdog for 200 seconds at Wed Apr 10 16:32:37 UTC 2019
33 ms. Memory: 208384K Free: 185788K (89%)
ptolemy.util.test.WatchDog.cancel(): canceling Wed Apr 10 16:32:37 UTC 2019
------------------ testing $PTII/ptolemy/domains/de/test/auto/ClockDriftAndValueChange.xml
auto.tcl: Setting watchdog for 200 seconds at Wed Apr 10 16:32:37 UTC 2019
27 ms. Memory: 208384K Free: 189725K (91%)
ptolemy.util.test.WatchDog.cancel(): canceling Wed Apr 10 16:32:38 UTC 2019
auto.tcl: Setting watchdog for 200 seconds at Wed Apr 10 16:32:38 UTC 2019
41 ms. Memory: 208384K Free: 185625K (89%)
ptolemy.util.test.WatchDog.cancel(): canceling Wed Apr 10 16:32:38 UTC 2019
------------------ testing $PTII/ptolemy/domains/de/test/auto/ClockDriftChange.xml
auto.tcl: Setting watchdog for 200 seconds at Wed Apr 10 16:32:38 UTC 2019
40 ms. Memory: 208384K Free: 190950K (92%)
ptolemy.util.test.WatchDog.cancel(): canceling Wed Apr 10 16:32:38 UTC 2019
auto.tcl: Setting watchdog for 200 seconds at Wed Apr 10 16:32:38 UTC 2019
37 ms. Memory: 208384K Free: 188900K (91%)
ptolemy.util.test.WatchDog.cancel(): canceling Wed Apr 10 16:32:38 UTC 2019
------------------ testing $PTII/ptolemy/domains/de/test/auto/ComposableCausalityAnalysis.xml
auto.tcl: Setting watchdog for 200 seconds at Wed Apr 10 16:32:38 UTC 2019
3 ms. Memory: 208384K Free: 196315K (94%)
ptolemy.util.test.WatchDog.cancel(): canceling Wed Apr 10 16:32:38 UTC 2019
auto.tcl: Setting watchdog for 200 seconds at Wed Apr 10 16:32:38 UTC 2019
2 ms. Memory: 208384K Free: 194265K (93%)
ptolemy.util.test.WatchDog.cancel(): canceling Wed Apr 10 16:32:38 UTC 2019
------------------ testing $PTII/ptolemy/domains/de/test/auto/DEFixedPointLimitation.xml
auto.tcl: Setting watchdog for 200 seconds at Wed Apr 10 16:32:38 UTC 2019
3 ms. Memory: 208384K Free: 198446K (95%)
ptolemy.util.test.WatchDog.cancel(): canceling Wed Apr 10 16:32:38 UTC 2019
auto.tcl: Setting watchdog for 200 seconds at Wed Apr 10 16:32:38 UTC 2019
2 ms. Memory: 208384K Free: 196396K (94%)
ptolemy.util.test.WatchDog.cancel(): canceling Wed Apr 10 16:32:38 UTC 2019
------------------ testing $PTII/ptolemy/domains/de/test/auto/DEScheduleTest.xml
auto.tcl: Setting watchdog for 200 seconds at Wed Apr 10 16:32:38 UTC 2019
7 ms. Memory: 208384K Free: 199000K (95%)
ptolemy.util.test.WatchDog.cancel(): canceling Wed Apr 10 16:32:38 UTC 2019
auto.tcl: Setting watchdog for 200 seconds at Wed Apr 10 16:32:38 UTC 2019
4 ms. Memory: 208384K Free: 196950K (95%)
ptolemy.util.test.WatchDog.cancel(): canceling Wed Apr 10 16:32:38 UTC 2019
------------------ testing $PTII/ptolemy/domains/de/test/auto/DEinDEwithStartTimes.xml
auto.tcl: Setting watchdog for 200 seconds at Wed Apr 10 16:32:38 UTC 2019
3 ms. Memory: 208384K Free: 196401K (94%)
ptolemy.util.test.WatchDog.cancel(): canceling Wed Apr 10 16:32:38 UTC 2019
auto.tcl: Setting watchdog for 200 seconds at Wed Apr 10 16:32:38 UTC 2019
5 ms. Memory: 208384K Free: 196401K (94%)
ptolemy.util.test.WatchDog.cancel(): canceling Wed Apr 10 16:32:38 UTC 2019
------------------ testing $PTII/ptolemy/domains/de/test/auto/DEinDEwithStartTimes2.xml
auto.tcl: Setting watchdog for 200 seconds at Wed Apr 10 16:32:38 UTC 2019
5 ms. Memory: 208384K Free: 196380K (94%)
ptolemy.util.test.WatchDog.cancel(): canceling Wed Apr 10 16:32:38 UTC 2019
auto.tcl: Setting watchdog for 200 seconds at Wed Apr 10 16:32:38 UTC 2019
4 ms. Memory: 208384K Free: 194330K (93%)
ptolemy.util.test.WatchDog.cancel(): canceling Wed Apr 10 16:32:38 UTC 2019
------------------ testing $PTII/ptolemy/domains/de/test/auto/DateDemo.xml
auto.tcl: Setting watchdog for 200 seconds at Wed Apr 10 16:32:38 UTC 2019
8 ms. Memory: 208384K Free: 188968K (91%)
ptolemy.util.test.WatchDog.cancel(): canceling Wed Apr 10 16:32:38 UTC 2019
auto.tcl: Setting watchdog for 200 seconds at Wed Apr 10 16:32:38 UTC 2019
6 ms. Memory: 208384K Free: 186918K (90%)
ptolemy.util.test.WatchDog.cancel(): canceling Wed Apr 10 16:32:38 UTC 2019
------------------ testing $PTII/ptolemy/domains/de/test/auto/DateToEvent.xml
auto.tcl: Setting watchdog for 200 seconds at Wed Apr 10 16:32:38 UTC 2019
2021 ms. Memory: 208384K Free: 183816K (88%)
ptolemy.util.test.WatchDog.cancel(): canceling Wed Apr 10 16:32:40 UTC 2019
auto.tcl: Setting watchdog for 200 seconds at Wed Apr 10 16:32:40 UTC 2019
2006 ms. Memory: 208384K Free: 183816K (88%)
ptolemy.util.test.WatchDog.cancel(): canceling Wed Apr 10 16:32:43 UTC 2019
------------------ testing $PTII/ptolemy/domains/de/test/auto/DepthTest1.xml
auto.tcl: Setting watchdog for 200 seconds at Wed Apr 10 16:32:43 UTC 2019
3 ms. Memory: 208384K Free: 198009K (95%)
ptolemy.util.test.WatchDog.cancel(): canceling Wed Apr 10 16:32:43 UTC 2019
auto.tcl: Setting watchdog for 200 seconds at Wed Apr 10 16:32:43 UTC 2019
4 ms. Memory: 208384K Free: 198009K (95%)
ptolemy.util.test.WatchDog.cancel(): canceling Wed Apr 10 16:32:43 UTC 2019
------------------ testing $PTII/ptolemy/domains/de/test/auto/DepthTest2.xml
auto.tcl: Setting watchdog for 200 seconds at Wed Apr 10 16:32:43 UTC 2019
5 ms. Memory: 208384K Free: 194342K (93%)
ptolemy.util.test.WatchDog.cancel(): canceling Wed Apr 10 16:32:43 UTC 2019
auto.tcl: Setting watchdog for 200 seconds at Wed Apr 10 16:32:43 UTC 2019
5 ms. Memory: 208384K Free: 194342K (93%)
ptolemy.util.test.WatchDog.cancel(): canceling Wed Apr 10 16:32:43 UTC 2019
------------------ testing $PTII/ptolemy/domains/de/test/auto/DepthTest3.xml
auto.tcl: Setting watchdog for 200 seconds at Wed Apr 10 16:32:43 UTC 2019
6 ms. Memory: 208384K Free: 198343K (95%)
ptolemy.util.test.WatchDog.cancel(): canceling Wed Apr 10 16:32:43 UTC 2019
auto.tcl: Setting watchdog for 200 seconds at Wed Apr 10 16:32:43 UTC 2019
2 ms. Memory: 208384K Free: 198343K (95%)
ptolemy.util.test.WatchDog.cancel(): canceling Wed Apr 10 16:32:43 UTC 2019
------------------ testing $PTII/ptolemy/domains/de/test/auto/DepthTest4.xml
auto.tcl: Setting watchdog for 200 seconds at Wed Apr 10 16:32:43 UTC 2019
10 ms. Memory: 208384K Free: 196380K (94%)
ptolemy.util.test.WatchDog.cancel(): canceling Wed Apr 10 16:32:43 UTC 2019
auto.tcl: Setting watchdog for 200 seconds at Wed Apr 10 16:32:43 UTC 2019
2 ms. Memory: 208384K Free: 196380K (94%)
ptolemy.util.test.WatchDog.cancel(): canceling Wed Apr 10 16:32:43 UTC 2019
------------------ testing $PTII/ptolemy/domains/de/test/auto/DepthTest5.xml
auto.tcl: Setting watchdog for 200 seconds at Wed Apr 10 16:32:43 UTC 2019
3 ms. Memory: 208384K Free: 196327K (94%)
ptolemy.util.test.WatchDog.cancel(): canceling Wed Apr 10 16:32:43 UTC 2019
auto.tcl: Setting watchdog for 200 seconds at Wed Apr 10 16:32:43 UTC 2019
2 ms. Memory: 208384K Free: 196327K (94%)
ptolemy.util.test.WatchDog.cancel(): canceling Wed Apr 10 16:32:43 UTC 2019
------------------ testing $PTII/ptolemy/domains/de/test/auto/DepthTest6.xml
auto.tcl: Setting watchdog for 200 seconds at Wed Apr 10 16:32:43 UTC 2019
9 ms. Memory: 208384K Free: 196303K (94%)
ptolemy.util.test.WatchDog.cancel(): canceling Wed Apr 10 16:32:43 UTC 2019
auto.tcl: Setting watchdog for 200 seconds at Wed Apr 10 16:32:43 UTC 2019
2 ms. Memory: 208384K Free: 196303K (94%)
ptolemy.util.test.WatchDog.cancel(): canceling Wed Apr 10 16:32:43 UTC 2019
------------------ testing $PTII/ptolemy/domains/de/test/auto/DepthTest7.xml
auto.tcl: Setting watchdog for 200 seconds at Wed Apr 10 16:32:43 UTC 2019
2 ms. Memory: 208384K Free: 196284K (94%)
ptolemy.util.test.WatchDog.cancel(): canceling Wed Apr 10 16:32:43 UTC 2019
auto.tcl: Setting watchdog for 200 seconds at Wed Apr 10 16:32:43 UTC 2019
3 ms. Memory: 208384K Free: 196284K (94%)
ptolemy.util.test.WatchDog.cancel(): canceling Wed Apr 10 16:32:43 UTC 2019
------------------ testing $PTII/ptolemy/domains/de/test/auto/EventToDate.xml
auto.tcl: Setting watchdog for 200 seconds at Wed Apr 10 16:32:43 UTC 2019
3005 ms. Memory: 208384K Free: 188090K (90%)
ptolemy.util.test.WatchDog.cancel(): canceling Wed Apr 10 16:32:46 UTC 2019
auto.tcl: Setting watchdog for 200 seconds at Wed Apr 10 16:32:46 UTC 2019
3005 ms. Memory: 208384K Free: 186040K (89%)
ptolemy.util.test.WatchDog.cancel(): canceling Wed Apr 10 16:32:49 UTC 2019
------------------ testing $PTII/ptolemy/domains/de/test/auto/FSM1.xml
auto.tcl: Setting watchdog for 200 seconds at Wed Apr 10 16:32:49 UTC 2019
18 ms. Memory: 208384K Free: 189437K (91%)
ptolemy.util.test.WatchDog.cancel(): canceling Wed Apr 10 16:32:49 UTC 2019
auto.tcl: Setting watchdog for 200 seconds at Wed Apr 10 16:32:49 UTC 2019
14 ms. Memory: 208384K Free: 185337K (89%)
ptolemy.util.test.WatchDog.cancel(): canceling Wed Apr 10 16:32:49 UTC 2019
------------------ testing $PTII/ptolemy/domains/de/test/auto/FSM7.xml
auto.tcl: Setting watchdog for 200 seconds at Wed Apr 10 16:32:49 UTC 2019
14 ms. Memory: 208384K Free: 189641K (91%)
ptolemy.util.test.WatchDog.cancel(): canceling Wed Apr 10 16:32:49 UTC 2019
auto.tcl: Setting watchdog for 200 seconds at Wed Apr 10 16:32:49 UTC 2019
12 ms. Memory: 208384K Free: 185541K (89%)
ptolemy.util.test.WatchDog.cancel(): canceling Wed Apr 10 16:32:49 UTC 2019
------------------ testing $PTII/ptolemy/domains/de/test/auto/Inspection.xml
auto.tcl: Setting watchdog for 200 seconds at Wed Apr 10 16:32:49 UTC 2019
38 ms. Memory: 208384K Free: 188797K (91%)
ptolemy.util.test.WatchDog.cancel(): canceling Wed Apr 10 16:32:50 UTC 2019
auto.tcl: Setting watchdog for 200 seconds at Wed Apr 10 16:32:50 UTC 2019
17 ms. Memory: 208384K Free: 186747K (90%)
ptolemy.util.test.WatchDog.cancel(): canceling Wed Apr 10 16:32:50 UTC 2019
------------------ testing $PTII/ptolemy/domains/de/test/auto/Iteration.xml
auto.tcl: Setting watchdog for 200 seconds at Wed Apr 10 16:32:50 UTC 2019
9 ms. Memory: 208384K Free: 196092K (94%)
ptolemy.util.test.WatchDog.cancel(): canceling Wed Apr 10 16:32:50 UTC 2019
auto.tcl: Setting watchdog for 200 seconds at Wed Apr 10 16:32:50 UTC 2019
6 ms. Memory: 208384K Free: 194041K (93%)
ptolemy.util.test.WatchDog.cancel(): canceling Wed Apr 10 16:32:50 UTC 2019
------------------ testing $PTII/ptolemy/domains/de/test/auto/LineFault.xml
auto.tcl: Setting watchdog for 200 seconds at Wed Apr 10 16:32:50 UTC 2019
713 ms. Memory: 208384K Free: 197241K (95%)
ptolemy.util.test.WatchDog.cancel(): canceling Wed Apr 10 16:32:51 UTC 2019
auto.tcl: Setting watchdog for 200 seconds at Wed Apr 10 16:32:51 UTC 2019
597 ms. Memory: 208384K Free: 139920K (67%)
ptolemy.util.test.WatchDog.cancel(): canceling Wed Apr 10 16:32:51 UTC 2019
------------------ testing $PTII/ptolemy/domains/de/test/auto/MergeModel1Add.xml
auto.tcl: Setting watchdog for 200 seconds at Wed Apr 10 16:32:51 UTC 2019
18 ms. Memory: 331264K Free: 303035K (91%)
ptolemy.util.test.WatchDog.cancel(): canceling Wed Apr 10 16:32:52 UTC 2019
auto.tcl: Setting watchdog for 200 seconds at Wed Apr 10 16:32:52 UTC 2019
14 ms. Memory: 331264K Free: 299148K (90%)
ptolemy.util.test.WatchDog.cancel(): canceling Wed Apr 10 16:32:52 UTC 2019
------------------ testing $PTII/ptolemy/domains/de/test/auto/MergeModel2Add.xml
auto.tcl: Setting watchdog for 200 seconds at Wed Apr 10 16:32:52 UTC 2019
9 ms. Memory: 331264K Free: 304373K (92%)
ptolemy.util.test.WatchDog.cancel(): canceling Wed Apr 10 16:32:52 UTC 2019
auto.tcl: Setting watchdog for 200 seconds at Wed Apr 10 16:32:52 UTC 2019
11 ms. Memory: 331264K Free: 304373K (92%)
ptolemy.util.test.WatchDog.cancel(): canceling Wed Apr 10 16:32:52 UTC 2019
------------------ testing $PTII/ptolemy/domains/de/test/auto/MergeModel3Add.xml
auto.tcl: Setting watchdog for 200 seconds at Wed Apr 10 16:32:52 UTC 2019
12 ms. Memory: 331264K Free: 304384K (92%)
ptolemy.util.test.WatchDog.cancel(): canceling Wed Apr 10 16:32:52 UTC 2019
auto.tcl: Setting watchdog for 200 seconds at Wed Apr 10 16:32:52 UTC 2019
10 ms. Memory: 331264K Free: 304384K (92%)
ptolemy.util.test.WatchDog.cancel(): canceling Wed Apr 10 16:32:52 UTC 2019
------------------ testing $PTII/ptolemy/domains/de/test/auto/MergeWithoutDiscard.xml
auto.tcl: Setting watchdog for 200 seconds at Wed Apr 10 16:32:52 UTC 2019
6 ms. Memory: 331264K Free: 320366K (97%)
ptolemy.util.test.WatchDog.cancel(): canceling Wed Apr 10 16:32:52 UTC 2019
auto.tcl: Setting watchdog for 200 seconds at Wed Apr 10 16:32:52 UTC 2019
1 ms. Memory: 331264K Free: 316480K (96%)
ptolemy.util.test.WatchDog.cancel(): canceling Wed Apr 10 16:32:52 UTC 2019
------------------ testing $PTII/ptolemy/domains/de/test/auto/Modal1.xml
auto.tcl: Setting watchdog for 200 seconds at Wed Apr 10 16:32:52 UTC 2019
12 ms. Memory: 331264K Free: 310011K (94%)
ptolemy.util.test.WatchDog.cancel(): canceling Wed Apr 10 16:32:52 UTC 2019
auto.tcl: Setting watchdog for 200 seconds at Wed Apr 10 16:32:52 UTC 2019
12 ms. Memory: 331264K Free: 306124K (92%)
ptolemy.util.test.WatchDog.cancel(): canceling Wed Apr 10 16:32:52 UTC 2019
------------------ testing $PTII/ptolemy/domains/de/test/auto/Modal2.xml
auto.tcl: Setting watchdog for 200 seconds at Wed Apr 10 16:32:52 UTC 2019
23 ms. Memory: 331264K Free: 309884K (94%)
ptolemy.util.test.WatchDog.cancel(): canceling Wed Apr 10 16:32:52 UTC 2019
auto.tcl: Setting watchdog for 200 seconds at Wed Apr 10 16:32:52 UTC 2019
19 ms. Memory: 331264K Free: 305998K (92%)
ptolemy.util.test.WatchDog.cancel(): canceling Wed Apr 10 16:32:52 UTC 2019
------------------ testing $PTII/ptolemy/domains/de/test/auto/Modal3.xml
auto.tcl: Setting watchdog for 200 seconds at Wed Apr 10 16:32:52 UTC 2019
21 ms. Memory: 331264K Free: 307426K (93%)
ptolemy.util.test.WatchDog.cancel(): canceling Wed Apr 10 16:32:52 UTC 2019
auto.tcl: Setting watchdog for 200 seconds at Wed Apr 10 16:32:52 UTC 2019
16 ms. Memory: 331264K Free: 303539K (92%)
ptolemy.util.test.WatchDog.cancel(): canceling Wed Apr 10 16:32:52 UTC 2019
------------------ testing $PTII/ptolemy/domains/de/test/auto/Modal4.xml
auto.tcl: Setting watchdog for 200 seconds at Wed Apr 10 16:32:52 UTC 2019
14 ms. Memory: 331264K Free: 309880K (94%)
ptolemy.util.test.WatchDog.cancel(): canceling Wed Apr 10 16:32:52 UTC 2019
auto.tcl: Setting watchdog for 200 seconds at Wed Apr 10 16:32:52 UTC 2019
14 ms. Memory: 331264K Free: 305993K (92%)
ptolemy.util.test.WatchDog.cancel(): canceling Wed Apr 10 16:32:52 UTC 2019
------------------ testing $PTII/ptolemy/domains/de/test/auto/Modal5.xml
auto.tcl: Setting watchdog for 200 seconds at Wed Apr 10 16:32:52 UTC 2019
18 ms. Memory: 331264K Free: 309867K (94%)
ptolemy.util.test.WatchDog.cancel(): canceling Wed Apr 10 16:32:52 UTC 2019
auto.tcl: Setting watchdog for 200 seconds at Wed Apr 10 16:32:52 UTC 2019
14 ms. Memory: 331264K Free: 305980K (92%)
ptolemy.util.test.WatchDog.cancel(): canceling Wed Apr 10 16:32:52 UTC 2019
------------------ testing $PTII/ptolemy/domains/de/test/auto/Modal6.xml
auto.tcl: Setting watchdog for 200 seconds at Wed Apr 10 16:32:52 UTC 2019
12 ms. Memory: 331264K Free: 309865K (94%)
ptolemy.util.test.WatchDog.cancel(): canceling Wed Apr 10 16:32:53 UTC 2019
auto.tcl: Setting watchdog for 200 seconds at Wed Apr 10 16:32:53 UTC 2019
14 ms. Memory: 331264K Free: 305978K (92%)
ptolemy.util.test.WatchDog.cancel(): canceling Wed Apr 10 16:32:53 UTC 2019
------------------ testing $PTII/ptolemy/domains/de/test/auto/Modal7.xml
auto.tcl: Setting watchdog for 200 seconds at Wed Apr 10 16:32:53 UTC 2019
9 ms. Memory: 331264K Free: 309865K (94%)
ptolemy.util.test.WatchDog.cancel(): canceling Wed Apr 10 16:32:53 UTC 2019
auto.tcl: Setting watchdog for 200 seconds at Wed Apr 10 16:32:53 UTC 2019
10 ms. Memory: 331264K Free: 305978K (92%)
ptolemy.util.test.WatchDog.cancel(): canceling Wed Apr 10 16:32:53 UTC 2019
------------------ testing $PTII/ptolemy/domains/de/test/auto/ModalModel.xml
auto.tcl: Setting watchdog for 200 seconds at Wed Apr 10 16:32:53 UTC 2019
212 ms. Memory: 331264K Free: 250449K (76%)
ptolemy.util.test.WatchDog.cancel(): canceling Wed Apr 10 16:32:53 UTC 2019
auto.tcl: Setting watchdog for 200 seconds at Wed Apr 10 16:32:53 UTC 2019
183 ms. Memory: 331264K Free: 192084K (58%)
ptolemy.util.test.WatchDog.cancel(): canceling Wed Apr 10 16:32:53 UTC 2019
------------------ testing $PTII/ptolemy/domains/de/test/auto/ModalSource.xml
auto.tcl: Setting watchdog for 200 seconds at Wed Apr 10 16:32:53 UTC 2019
10 ms. Memory: 331264K Free: 316615K (96%)
ptolemy.util.test.WatchDog.cancel(): canceling Wed Apr 10 16:32:53 UTC 2019
auto.tcl: Setting watchdog for 200 seconds at Wed Apr 10 16:32:53 UTC 2019
6 ms. Memory: 331264K Free: 313146K (95%)
ptolemy.util.test.WatchDog.cancel(): canceling Wed Apr 10 16:32:53 UTC 2019
------------------ testing $PTII/ptolemy/domains/de/test/auto/NonInterruptibleTimerZeroDelay.xml
auto.tcl: Setting watchdog for 200 seconds at Wed Apr 10 16:32:53 UTC 2019
4 ms. Memory: 331264K Free: 321021K (97%)
ptolemy.util.test.WatchDog.cancel(): canceling Wed Apr 10 16:32:53 UTC 2019
auto.tcl: Setting watchdog for 200 seconds at Wed Apr 10 16:32:53 UTC 2019
2 ms. Memory: 331264K Free: 317536K (96%)
ptolemy.util.test.WatchDog.cancel(): canceling Wed Apr 10 16:32:53 UTC 2019
------------------ testing $PTII/ptolemy/domains/de/test/auto/OpenQueueingNetwork.xml
auto.tcl: Setting watchdog for 200 seconds at Wed Apr 10 16:32:53 UTC 2019
2846 ms. Memory: 573952K Free: 406025K (71%)
ptolemy.util.test.WatchDog.cancel(): canceling Wed Apr 10 16:32:56 UTC 2019
auto.tcl: Setting watchdog for 200 seconds at Wed Apr 10 16:32:56 UTC 2019
2506 ms. Memory: 550912K Free: 294649K (53%)
ptolemy.util.test.WatchDog.cancel(): canceling Wed Apr 10 16:32:59 UTC 2019
------------------ testing $PTII/ptolemy/domains/de/test/auto/OpenQueuingNetwork.xml
auto.tcl: Setting watchdog for 200 seconds at Wed Apr 10 16:32:59 UTC 2019
240 ms. Memory: 549888K Free: 444698K (81%)
ptolemy.util.test.WatchDog.cancel(): canceling Wed Apr 10 16:32:59 UTC 2019
auto.tcl: Setting watchdog for 200 seconds at Wed Apr 10 16:32:59 UTC 2019
227 ms. Memory: 549888K Free: 384719K (70%)
ptolemy.util.test.WatchDog.cancel(): canceling Wed Apr 10 16:32:59 UTC 2019
------------------ testing $PTII/ptolemy/domains/de/test/auto/PeriodicSampler.xml
auto.tcl: Setting watchdog for 200 seconds at Wed Apr 10 16:33:00 UTC 2019
2 ms. Memory: 551936K Free: 535664K (97%)
ptolemy.util.test.WatchDog.cancel(): canceling Wed Apr 10 16:33:00 UTC 2019
auto.tcl: Setting watchdog for 200 seconds at Wed Apr 10 16:33:00 UTC 2019
2 ms. Memory: 551936K Free: 535664K (97%)
ptolemy.util.test.WatchDog.cancel(): canceling Wed Apr 10 16:33:00 UTC 2019
------------------ testing $PTII/ptolemy/domains/de/test/auto/PersistentIO.xml
auto.tcl: Setting watchdog for 200 seconds at Wed Apr 10 16:33:00 UTC 2019
4 ms. Memory: 549376K Free: 522360K (95%)
ptolemy.util.test.WatchDog.cancel(): canceling Wed Apr 10 16:33:00 UTC 2019
auto.tcl: Setting watchdog for 200 seconds at Wed Apr 10 16:33:00 UTC 2019
4 ms. Memory: 549376K Free: 522360K (95%)
ptolemy.util.test.WatchDog.cancel(): canceling Wed Apr 10 16:33:00 UTC 2019
------------------ testing $PTII/ptolemy/domains/de/test/auto/PortParameterResetOnInitialize.xml
auto.tcl: Setting watchdog for 200 seconds at Wed Apr 10 16:33:00 UTC 2019
3 ms. Memory: 551424K Free: 530934K (96%)
ptolemy.util.test.WatchDog.cancel(): canceling Wed Apr 10 16:33:00 UTC 2019
auto.tcl: Setting watchdog for 200 seconds at Wed Apr 10 16:33:00 UTC 2019
2 ms. Memory: 551424K Free: 530934K (96%)
ptolemy.util.test.WatchDog.cancel(): canceling Wed Apr 10 16:33:00 UTC 2019
------------------ testing $PTII/ptolemy/domains/de/test/auto/PortParameterUpdates.xml
auto.tcl: Setting watchdog for 200 seconds at Wed Apr 10 16:33:00 UTC 2019
3 ms. Memory: 549376K Free: 533700K (97%)
ptolemy.util.test.WatchDog.cancel(): canceling Wed Apr 10 16:33:00 UTC 2019
auto.tcl: Setting watchdog for 200 seconds at Wed Apr 10 16:33:00 UTC 2019
4 ms. Memory: 549376K Free: 533700K (97%)
ptolemy.util.test.WatchDog.cancel(): canceling Wed Apr 10 16:33:00 UTC 2019
------------------ testing $PTII/ptolemy/domains/de/test/auto/QueueAndServer.xml
auto.tcl: Setting watchdog for 200 seconds at Wed Apr 10 16:33:00 UTC 2019
6 ms. Memory: 551424K Free: 530679K (96%)
ptolemy.util.test.WatchDog.cancel(): canceling Wed Apr 10 16:33:00 UTC 2019
auto.tcl: Setting watchdog for 200 seconds at Wed Apr 10 16:33:00 UTC 2019
5 ms. Memory: 551424K Free: 523998K (95%)
ptolemy.util.test.WatchDog.cancel(): canceling Wed Apr 10 16:33:00 UTC 2019
------------------ testing $PTII/ptolemy/domains/de/test/auto/Records.xml
auto.tcl: Setting watchdog for 200 seconds at Wed Apr 10 16:33:00 UTC 2019
4 ms. Memory: 549376K Free: 533252K (97%)
ptolemy.util.test.WatchDog.cancel(): canceling Wed Apr 10 16:33:00 UTC 2019
auto.tcl: Setting watchdog for 200 seconds at Wed Apr 10 16:33:00 UTC 2019
2 ms. Memory: 549376K Free: 533252K (97%)
ptolemy.util.test.WatchDog.cancel(): canceling Wed Apr 10 16:33:00 UTC 2019
------------------ testing $PTII/ptolemy/domains/de/test/auto/ResetTransitionWithStartTime1.xml
auto.tcl: Setting watchdog for 200 seconds at Wed Apr 10 16:33:00 UTC 2019
13 ms. Memory: 551424K Free: 535325K (97%)
ptolemy.util.test.WatchDog.cancel(): canceling Wed Apr 10 16:33:00 UTC 2019
auto.tcl: Setting watchdog for 200 seconds at Wed Apr 10 16:33:00 UTC 2019
9 ms. Memory: 551424K Free: 528645K (96%)
ptolemy.util.test.WatchDog.cancel(): canceling Wed Apr 10 16:33:00 UTC 2019
------------------ testing $PTII/ptolemy/domains/de/test/auto/ResetTransitionWithStartTime2.xml
auto.tcl: Setting watchdog for 200 seconds at Wed Apr 10 16:33:00 UTC 2019
7 ms. Memory: 549376K Free: 533621K (97%)
ptolemy.util.test.WatchDog.cancel(): canceling Wed Apr 10 16:33:00 UTC 2019
auto.tcl: Setting watchdog for 200 seconds at Wed Apr 10 16:33:00 UTC 2019
8 ms. Memory: 549376K Free: 526949K (96%)
ptolemy.util.test.WatchDog.cancel(): canceling Wed Apr 10 16:33:00 UTC 2019
------------------ testing $PTII/ptolemy/domains/de/test/auto/ResetTransitionWithStartTime3.xml
auto.tcl: Setting watchdog for 200 seconds at Wed Apr 10 16:33:00 UTC 2019
5 ms. Memory: 550912K Free: 534803K (97%)
ptolemy.util.test.WatchDog.cancel(): canceling Wed Apr 10 16:33:00 UTC 2019
auto.tcl: Setting watchdog for 200 seconds at Wed Apr 10 16:33:00 UTC 2019
5 ms. Memory: 550912K Free: 528131K (96%)
ptolemy.util.test.WatchDog.cancel(): canceling Wed Apr 10 16:33:00 UTC 2019
------------------ testing $PTII/ptolemy/domains/de/test/auto/ResetTransitionWithStartTime4.xml
auto.tcl: Setting watchdog for 200 seconds at Wed Apr 10 16:33:00 UTC 2019
4 ms. Memory: 549376K Free: 533265K (97%)
ptolemy.util.test.WatchDog.cancel(): canceling Wed Apr 10 16:33:00 UTC 2019
auto.tcl: Setting watchdog for 200 seconds at Wed Apr 10 16:33:00 UTC 2019
4 ms. Memory: 549376K Free: 526585K (96%)
ptolemy.util.test.WatchDog.cancel(): canceling Wed Apr 10 16:33:00 UTC 2019
------------------ testing $PTII/ptolemy/domains/de/test/auto/ResettableTimer1.xml
auto.tcl: Setting watchdog for 200 seconds at Wed Apr 10 16:33:00 UTC 2019
3 ms. Memory: 550912K Free: 534796K (97%)
ptolemy.util.test.WatchDog.cancel(): canceling Wed Apr 10 16:33:00 UTC 2019
auto.tcl: Setting watchdog for 200 seconds at Wed Apr 10 16:33:00 UTC 2019
1 ms. Memory: 550912K Free: 534796K (97%)
ptolemy.util.test.WatchDog.cancel(): canceling Wed Apr 10 16:33:00 UTC 2019
------------------ testing $PTII/ptolemy/domains/de/test/auto/ResettableTimer2.xml
auto.tcl: Setting watchdog for 200 seconds at Wed Apr 10 16:33:00 UTC 2019
3 ms. Memory: 549376K Free: 533671K (97%)
ptolemy.util.test.WatchDog.cancel(): canceling Wed Apr 10 16:33:00 UTC 2019
auto.tcl: Setting watchdog for 200 seconds at Wed Apr 10 16:33:00 UTC 2019
3 ms. Memory: 549376K Free: 533671K (97%)
ptolemy.util.test.WatchDog.cancel(): canceling Wed Apr 10 16:33:00 UTC 2019
------------------ testing $PTII/ptolemy/domains/de/test/auto/ResettableTimer3.xml
auto.tcl: Setting watchdog for 200 seconds at Wed Apr 10 16:33:00 UTC 2019
2 ms. Memory: 550912K Free: 534854K (97%)
ptolemy.util.test.WatchDog.cancel(): canceling Wed Apr 10 16:33:00 UTC 2019
auto.tcl: Setting watchdog for 200 seconds at Wed Apr 10 16:33:00 UTC 2019
1 ms. Memory: 550912K Free: 534854K (97%)
ptolemy.util.test.WatchDog.cancel(): canceling Wed Apr 10 16:33:00 UTC 2019
------------------ testing $PTII/ptolemy/domains/de/test/auto/ResettableTimer4.xml
auto.tcl: Setting watchdog for 200 seconds at Wed Apr 10 16:33:00 UTC 2019
1 ms. Memory: 549376K Free: 533684K (97%)
ptolemy.util.test.WatchDog.cancel(): canceling Wed Apr 10 16:33:00 UTC 2019
auto.tcl: Setting watchdog for 200 seconds at Wed Apr 10 16:33:00 UTC 2019
1 ms. Memory: 549376K Free: 533684K (97%)
ptolemy.util.test.WatchDog.cancel(): canceling Wed Apr 10 16:33:00 UTC 2019
------------------ testing $PTII/ptolemy/domains/de/test/auto/ResettableTimer5.xml
auto.tcl: Setting watchdog for 200 seconds at Wed Apr 10 16:33:00 UTC 2019
2 ms. Memory: 550400K Free: 529673K (96%)
ptolemy.util.test.WatchDog.cancel(): canceling Wed Apr 10 16:33:01 UTC 2019
auto.tcl: Setting watchdog for 200 seconds at Wed Apr 10 16:33:01 UTC 2019
1 ms. Memory: 550400K Free: 529673K (96%)
ptolemy.util.test.WatchDog.cancel(): canceling Wed Apr 10 16:33:01 UTC 2019
------------------ testing $PTII/ptolemy/domains/de/test/auto/ResettableTimer6.xml
auto.tcl: Setting watchdog for 200 seconds at Wed Apr 10 16:33:01 UTC 2019
2 ms. Memory: 549376K Free: 533278K (97%)
ptolemy.util.test.WatchDog.cancel(): canceling Wed Apr 10 16:33:01 UTC 2019
auto.tcl: Setting watchdog for 200 seconds at Wed Apr 10 16:33:01 UTC 2019
1 ms. Memory: 549376K Free: 533278K (97%)
ptolemy.util.test.WatchDog.cancel(): canceling Wed Apr 10 16:33:01 UTC 2019
------------------ testing $PTII/ptolemy/domains/de/test/auto/ServerZeroDelay.xml
auto.tcl: Setting watchdog for 200 seconds at Wed Apr 10 16:33:01 UTC 2019
2 ms. Memory: 550400K Free: 534646K (97%)
ptolemy.util.test.WatchDog.cancel(): canceling Wed Apr 10 16:33:01 UTC 2019
auto.tcl: Setting watchdog for 200 seconds at Wed Apr 10 16:33:01 UTC 2019
2 ms. Memory: 550400K Free: 534646K (97%)
ptolemy.util.test.WatchDog.cancel(): canceling Wed Apr 10 16:33:01 UTC 2019
------------------ testing $PTII/ptolemy/domains/de/test/auto/SmartSender.xml
auto.tcl: Setting watchdog for 200 seconds at Wed Apr 10 16:33:01 UTC 2019
3002 ms. Memory: 549376K Free: 533617K (97%)
ptolemy.util.test.WatchDog.cancel(): canceling Wed Apr 10 16:33:04 UTC 2019
auto.tcl: Setting watchdog for 200 seconds at Wed Apr 10 16:33:04 UTC 2019
3002 ms. Memory: 549376K Free: 533617K (97%)
ptolemy.util.test.WatchDog.cancel(): canceling Wed Apr 10 16:33:07 UTC 2019
------------------ testing $PTII/ptolemy/domains/de/test/auto/ThreadedComposite.xml
auto.tcl: Setting watchdog for 200 seconds at Wed Apr 10 16:33:07 UTC 2019
231 ms. Memory: 550400K Free: 513598K (93%)
ptolemy.util.test.WatchDog.cancel(): canceling Wed Apr 10 16:33:07 UTC 2019
auto.tcl: Setting watchdog for 200 seconds at Wed Apr 10 16:33:07 UTC 2019
264 ms. Memory: 550400K Free: 488215K (89%)
ptolemy.util.test.WatchDog.cancel(): canceling Wed Apr 10 16:33:07 UTC 2019
------------------ testing $PTII/ptolemy/domains/de/test/auto/Time.xml
auto.tcl: Setting watchdog for 200 seconds at Wed Apr 10 16:33:07 UTC 2019
548 ms. Memory: 549376K Free: 481511K (88%)
ptolemy.util.test.WatchDog.cancel(): canceling Wed Apr 10 16:33:08 UTC 2019
auto.tcl: Setting watchdog for 200 seconds at Wed Apr 10 16:33:08 UTC 2019
467 ms. Memory: 549376K Free: 428197K (78%)
ptolemy.util.test.WatchDog.cancel(): canceling Wed Apr 10 16:33:08 UTC 2019
------------------ testing $PTII/ptolemy/domains/de/test/auto/TimeDelayZeroDelay.xml
auto.tcl: Setting watchdog for 200 seconds at Wed Apr 10 16:33:08 UTC 2019
2 ms. Memory: 550400K Free: 534206K (97%)
ptolemy.util.test.WatchDog.cancel(): canceling Wed Apr 10 16:33:08 UTC 2019
auto.tcl: Setting watchdog for 200 seconds at Wed Apr 10 16:33:08 UTC 2019
1 ms. Memory: 550400K Free: 534206K (97%)
ptolemy.util.test.WatchDog.cancel(): canceling Wed Apr 10 16:33:08 UTC 2019
------------------ testing $PTII/ptolemy/domains/de/test/auto/TimerZeroDelay.xml
auto.tcl: Setting watchdog for 200 seconds at Wed Apr 10 16:33:08 UTC 2019
4 ms. Memory: 549376K Free: 533579K (97%)
ptolemy.util.test.WatchDog.cancel(): canceling Wed Apr 10 16:33:08 UTC 2019
auto.tcl: Setting watchdog for 200 seconds at Wed Apr 10 16:33:08 UTC 2019
2 ms. Memory: 549376K Free: 533579K (97%)
ptolemy.util.test.WatchDog.cancel(): canceling Wed Apr 10 16:33:08 UTC 2019
------------------ testing $PTII/ptolemy/domains/de/test/auto/TimingParadox.xml
auto.tcl: Setting watchdog for 200 seconds at Wed Apr 10 16:33:08 UTC 2019
342 ms. Memory: 549888K Free: 467626K (85%)
ptolemy.util.test.WatchDog.cancel(): canceling Wed Apr 10 16:33:09 UTC 2019
auto.tcl: Setting watchdog for 200 seconds at Wed Apr 10 16:33:09 UTC 2019
310 ms. Memory: 549888K Free: 434305K (79%)
ptolemy.util.test.WatchDog.cancel(): canceling Wed Apr 10 16:33:09 UTC 2019
------------------ testing $PTII/ptolemy/domains/de/test/auto/TransferInputs.xml
auto.tcl: Setting watchdog for 200 seconds at Wed Apr 10 16:33:09 UTC 2019
2 ms. Memory: 549888K Free: 533053K (97%)
ptolemy.util.test.WatchDog.cancel(): canceling Wed Apr 10 16:33:09 UTC 2019
auto.tcl: Setting watchdog for 200 seconds at Wed Apr 10 16:33:09 UTC 2019
1 ms. Memory: 549888K Free: 533053K (97%)
ptolemy.util.test.WatchDog.cancel(): canceling Wed Apr 10 16:33:09 UTC 2019
------------------ testing $PTII/ptolemy/domains/de/test/auto/TransferOutputs2.xml
auto.tcl: Setting watchdog for 200 seconds at Wed Apr 10 16:33:09 UTC 2019
3 ms. Memory: 549376K Free: 522282K (95%)
ptolemy.util.test.WatchDog.cancel(): canceling Wed Apr 10 16:33:09 UTC 2019
auto.tcl: Setting watchdog for 200 seconds at Wed Apr 10 16:33:09 UTC 2019
3 ms. Memory: 549376K Free: 522282K (95%)
ptolemy.util.test.WatchDog.cancel(): canceling Wed Apr 10 16:33:09 UTC 2019
------------------ testing $PTII/ptolemy/domains/de/test/auto/Trilateration.xml
auto.tcl: Setting watchdog for 200 seconds at Wed Apr 10 16:33:09 UTC 2019
12819 ms. Memory: 766976K Free: 249477K (33%)
ptolemy.util.test.WatchDog.cancel(): canceling Wed Apr 10 16:33:23 UTC 2019
auto.tcl: Setting watchdog for 200 seconds at Wed Apr 10 16:33:23 UTC 2019
10655 ms. Memory: 646144K Free: 80462K (12%)
ptolemy.util.test.WatchDog.cancel(): canceling Wed Apr 10 16:33:34 UTC 2019
------------------ testing $PTII/ptolemy/domains/de/test/auto/TwoSigmaDelta.xml
auto.tcl: Setting watchdog for 200 seconds at Wed Apr 10 16:33:34 UTC 2019
2685 ms. Memory: 649728K Free: 341375K (53%)
ptolemy.util.test.WatchDog.cancel(): canceling Wed Apr 10 16:33:37 UTC 2019
auto.tcl: Setting watchdog for 200 seconds at Wed Apr 10 16:33:37 UTC 2019
2147 ms. Memory: 649728K Free: 92730K (14%)
ptolemy.util.test.WatchDog.cancel(): canceling Wed Apr 10 16:33:39 UTC 2019
------------------ testing $PTII/ptolemy/domains/de/test/auto/VariableDelay.xml
auto.tcl: Setting watchdog for 200 seconds at Wed Apr 10 16:33:39 UTC 2019
2 ms. Memory: 646656K Free: 627403K (97%)
ptolemy.util.test.WatchDog.cancel(): canceling Wed Apr 10 16:33:39 UTC 2019
auto.tcl: Setting watchdog for 200 seconds at Wed Apr 10 16:33:39 UTC 2019
2 ms. Memory: 646656K Free: 627403K (97%)
ptolemy.util.test.WatchDog.cancel(): canceling Wed Apr 10 16:33:39 UTC 2019
------------------ testing $PTII/ptolemy/domains/de/test/auto/VariableDelay2.xml
auto.tcl: Setting watchdog for 200 seconds at Wed Apr 10 16:33:39 UTC 2019
6 ms. Memory: 646144K Free: 627354K (97%)
ptolemy.util.test.WatchDog.cancel(): canceling Wed Apr 10 16:33:39 UTC 2019
auto.tcl: Setting watchdog for 200 seconds at Wed Apr 10 16:33:39 UTC 2019
2 ms. Memory: 646144K Free: 627354K (97%)
ptolemy.util.test.WatchDog.cancel(): canceling Wed Apr 10 16:33:39 UTC 2019
------------------ testing $PTII/ptolemy/domains/de/test/auto/VariableDelayZeroDelay.xml
auto.tcl: Setting watchdog for 200 seconds at Wed Apr 10 16:33:39 UTC 2019
2 ms. Memory: 646144K Free: 621704K (96%)
ptolemy.util.test.WatchDog.cancel(): canceling Wed Apr 10 16:33:39 UTC 2019
auto.tcl: Setting watchdog for 200 seconds at Wed Apr 10 16:33:39 UTC 2019
1 ms. Memory: 646144K Free: 621704K (96%)
ptolemy.util.test.WatchDog.cancel(): canceling Wed Apr 10 16:33:39 UTC 2019
------------------ testing $PTII/ptolemy/domains/de/test/auto/VariableDelayZeroDelay2.xml
auto.tcl: Setting watchdog for 200 seconds at Wed Apr 10 16:33:39 UTC 2019
2 ms. Memory: 649216K Free: 624774K (96%)
ptolemy.util.test.WatchDog.cancel(): canceling Wed Apr 10 16:33:39 UTC 2019
auto.tcl: Setting watchdog for 200 seconds at Wed Apr 10 16:33:39 UTC 2019
2 ms. Memory: 649216K Free: 624774K (96%)
ptolemy.util.test.WatchDog.cancel(): canceling Wed Apr 10 16:33:39 UTC 2019
------------------ testing $PTII/ptolemy/domains/de/test/auto/deInCt.xml
auto.tcl: Setting watchdog for 200 seconds at Wed Apr 10 16:33:39 UTC 2019
0
1
1
1
1
0
0
0
0
0
1
1
1
0
0
1
1
1
1
0
0
1
1
1
1
0
0
0
1
1
1
0
0
0
0
8 ms. Memory: 646144K Free: 621649K (96%)
ptolemy.util.test.WatchDog.cancel(): canceling Wed Apr 10 16:33:39 UTC 2019
auto.tcl: Setting watchdog for 200 seconds at Wed Apr 10 16:33:39 UTC 2019
0
1
1
1
0
0
0
1
1
1
1
0
0
0
0
1
1
1
1
0
0
0
1
1
1
0
0
0
1
1
1
1
0
0
0
0
1
1
1
8 ms. Memory: 646144K Free: 621649K (96%)
ptolemy.util.test.WatchDog.cancel(): canceling Wed Apr 10 16:33:39 UTC 2019
------------------ testing $PTII/ptolemy/domains/de/test/auto/deInCt2.xml
auto.tcl: Setting watchdog for 200 seconds at Wed Apr 10 16:33:39 UTC 2019
0
1
1
1
0
0
1
1
1
0
0
1
1
1
0
0
1
1
1
0
0
1
1
1
0
0
1
1
1
0
0
1
1
1
0
0
1
1
1
0
0
0
11 ms. Memory: 648704K Free: 624209K (96%)
ptolemy.util.test.WatchDog.cancel(): canceling Wed Apr 10 16:33:39 UTC 2019
auto.tcl: Setting watchdog for 200 seconds at Wed Apr 10 16:33:39 UTC 2019
0
1
1
1
0
0
1
1
1
0
0
1
1
1
0
0
1
1
1
0
0
1
1
1
0
0
1
1
1
0
0
1
1
1
0
0
1
1
1
0
0
0
7 ms. Memory: 648704K Free: 624209K (96%)
ptolemy.util.test.WatchDog.cancel(): canceling Wed Apr 10 16:33:39 UTC 2019
------------------ testing $PTII/ptolemy/domains/de/test/auto/dynamicCausalityInterface1.xml
auto.tcl: Setting watchdog for 200 seconds at Wed Apr 10 16:33:39 UTC 2019
1 ms. Memory: 646144K Free: 618697K (96%)
ptolemy.util.test.WatchDog.cancel(): canceling Wed Apr 10 16:33:39 UTC 2019
auto.tcl: Setting watchdog for 200 seconds at Wed Apr 10 16:33:39 UTC 2019
1 ms. Memory: 646144K Free: 618697K (96%)
ptolemy.util.test.WatchDog.cancel(): canceling Wed Apr 10 16:33:39 UTC 2019
------------------ testing $PTII/ptolemy/domains/de/test/auto/fsm_de_test.xml
auto.tcl: Setting watchdog for 200 seconds at Wed Apr 10 16:33:39 UTC 2019
7 ms. Memory: 648192K Free: 623636K (96%)
ptolemy.util.test.WatchDog.cancel(): canceling Wed Apr 10 16:33:39 UTC 2019
auto.tcl: Setting watchdog for 200 seconds at Wed Apr 10 16:33:39 UTC 2019
8 ms. Memory: 648192K Free: 615000K (95%)
ptolemy.util.test.WatchDog.cancel(): canceling Wed Apr 10 16:33:39 UTC 2019
------------------ testing $PTII/ptolemy/domains/de/test/auto/functionDependencyReconstruction.xml
auto.tcl: Setting watchdog for 200 seconds at Wed Apr 10 16:33:39 UTC 2019
3 ms. Memory: 646144K Free: 612951K (95%)
ptolemy.util.test.WatchDog.cancel(): canceling Wed Apr 10 16:33:40 UTC 2019
auto.tcl: Setting watchdog for 200 seconds at Wed Apr 10 16:33:40 UTC 2019
3 ms. Memory: 646144K Free: 612951K (95%)
ptolemy.util.test.WatchDog.cancel(): canceling Wed Apr 10 16:33:40 UTC 2019
------------------ testing $PTII/ptolemy/domains/de/test/auto/multirate.xml
auto.tcl: Setting watchdog for 200 seconds at Wed Apr 10 16:33:40 UTC 2019
6 ms. Memory: 648192K Free: 623503K (96%)
ptolemy.util.test.WatchDog.cancel(): canceling Wed Apr 10 16:33:40 UTC 2019
auto.tcl: Setting watchdog for 200 seconds at Wed Apr 10 16:33:40 UTC 2019
3 ms. Memory: 648192K Free: 623453K (96%)
ptolemy.util.test.WatchDog.cancel(): canceling Wed Apr 10 16:33:40 UTC 2019
------------------ testing $PTII/ptolemy/domains/de/test/auto/multirate2.xml
auto.tcl: Setting watchdog for 200 seconds at Wed Apr 10 16:33:40 UTC 2019
7 ms. Memory: 646144K Free: 621642K (96%)
ptolemy.util.test.WatchDog.cancel(): canceling Wed Apr 10 16:33:40 UTC 2019
auto.tcl: Setting watchdog for 200 seconds at Wed Apr 10 16:33:40 UTC 2019
3 ms. Memory: 646144K Free: 621642K (96%)
ptolemy.util.test.WatchDog.cancel(): canceling Wed Apr 10 16:33:40 UTC 2019
------------------ testing $PTII/ptolemy/domains/de/test/auto/realtime.xml
auto.tcl: Setting watchdog for 200 seconds at Wed Apr 10 16:33:40 UTC 2019
10002 ms. Memory: 647680K Free: 617480K (95%)
ptolemy.util.test.WatchDog.cancel(): canceling Wed Apr 10 16:33:50 UTC 2019
auto.tcl: Setting watchdog for 200 seconds at Wed Apr 10 16:33:50 UTC 2019
10002 ms. Memory: 647680K Free: 617480K (95%)
ptolemy.util.test.WatchDog.cancel(): canceling Wed Apr 10 16:34:00 UTC 2019
------------------ testing $PTII/ptolemy/domains/de/test/auto/relationGroup.xml
auto.tcl: Setting watchdog for 200 seconds at Wed Apr 10 16:34:00 UTC 2019
1 ms. Memory: 646144K Free: 627314K (97%)
ptolemy.util.test.WatchDog.cancel(): canceling Wed Apr 10 16:34:00 UTC 2019
auto.tcl: Setting watchdog for 200 seconds at Wed Apr 10 16:34:00 UTC 2019
2 ms. Memory: 646144K Free: 627314K (97%)
ptolemy.util.test.WatchDog.cancel(): canceling Wed Apr 10 16:34:00 UTC 2019
------------------ testing $PTII/ptolemy/domains/de/test/auto/relationGroup2.xml
auto.tcl: Setting watchdog for 200 seconds at Wed Apr 10 16:34:00 UTC 2019
6 ms. Memory: 647680K Free: 628876K (97%)
ptolemy.util.test.WatchDog.cancel(): canceling Wed Apr 10 16:34:00 UTC 2019
auto.tcl: Setting watchdog for 200 seconds at Wed Apr 10 16:34:00 UTC 2019
4 ms. Memory: 647680K Free: 628876K (97%)
ptolemy.util.test.WatchDog.cancel(): canceling Wed Apr 10 16:34:00 UTC 2019
------------------ testing $PTII/ptolemy/domains/de/test/auto/sortWithOpaquePorts.xml
auto.tcl: Setting watchdog for 200 seconds at Wed Apr 10 16:34:00 UTC 2019
1 ms. Memory: 646144K Free: 621694K (96%)
ptolemy.util.test.WatchDog.cancel(): canceling Wed Apr 10 16:34:00 UTC 2019
auto.tcl: Setting watchdog for 200 seconds at Wed Apr 10 16:34:00 UTC 2019
1 ms. Memory: 646144K Free: 621694K (96%)
ptolemy.util.test.WatchDog.cancel(): canceling Wed Apr 10 16:34:00 UTC 2019
------------------ testing $PTII/ptolemy/domains/de/test/auto/transferInputsandOutputs.xml
auto.tcl: Setting watchdog for 200 seconds at Wed Apr 10 16:34:00 UTC 2019
1 ms. Memory: 647168K Free: 622705K (96%)
ptolemy.util.test.WatchDog.cancel(): canceling Wed Apr 10 16:34:00 UTC 2019
auto.tcl: Setting watchdog for 200 seconds at Wed Apr 10 16:34:00 UTC 2019
2 ms. Memory: 647168K Free: 622705K (96%)
ptolemy.util.test.WatchDog.cancel(): canceling Wed Apr 10 16:34:00 UTC 2019
------------------ testing $PTII/ptolemy/domains/de/test/auto/triggerType.xml
auto.tcl: Setting watchdog for 200 seconds at Wed Apr 10 16:34:00 UTC 2019
1 ms. Memory: 646144K Free: 621631K (96%)
ptolemy.util.test.WatchDog.cancel(): canceling Wed Apr 10 16:34:00 UTC 2019
auto.tcl: Setting watchdog for 200 seconds at Wed Apr 10 16:34:00 UTC 2019
1 ms. Memory: 646144K Free: 621631K (96%)
ptolemy.util.test.WatchDog.cancel(): canceling Wed Apr 10 16:34:00 UTC 2019
04/10/19 04:34:00
Failed: 0  Total Tests: 192  ((Passed: 187, Newly Passed: 1)  Known Failed: 5) /home/travis/build/icyphy/ptII/ptolemy/domains/de/test
04/10/19 04:34:00
Failed: 0  Total Tests: 192  ((Passed: 187, Newly Passed: 1)  Known Failed: 5) /home/travis/build/icyphy/ptII/ptolemy/domains/de/test
----------------- testing (KnownFailure) /home/travis/build/icyphy/ptII/ptolemy/domains/de/test/auto/knownFailedTests/DESDFClockTest.xml
2007 ms. Memory: 647168K Free: 611364K (94%)
Known Failure: java.lang.reflect.InvocationTargetException
----------------- testing (KnownFailure) /home/travis/build/icyphy/ptII/ptolemy/domains/de/test/auto/knownFailedTests/DirectFeedback.xml
2 ms. Memory: 647168K Free: 566185K (87%)
Known Failure: java.lang.reflect.InvocationTargetException
----------------- testing (KnownFailure) /home/travis/build/icyphy/ptII/ptolemy/domains/de/test/auto/knownFailedTests/FSMSource.xml
6 ms. Memory: 647168K Free: 521006K (81%)
----------------- testing (KnownFailure) /home/travis/build/icyphy/ptII/ptolemy/domains/de/test/auto/knownFailedTests/HierarchicalModel.xml
6 ms. Memory: 647168K Free: 487114K (75%)
Known Failure: java.lang.reflect.InvocationTargetException
----------------- testing (KnownFailure) /home/travis/build/icyphy/ptII/ptolemy/domains/de/test/auto/knownFailedTests/dependencyLoop.xml
2 ms. Memory: 647168K Free: 430640K (67%)
Known Failure: java.lang.reflect.InvocationTargetException
----------------- testing (KnownFailure) /home/travis/build/icyphy/ptII/ptolemy/domains/de/test/auto/knownFailedTests/dependencyLoop2.xml
3 ms. Memory: 647168K Free: 374150K (58%)
Known Failure: java.lang.reflect.InvocationTargetException
No auto/linux-amd64/*.xml tests in /home/travis/build/icyphy/ptII/ptolemy/domains/de/test
AutoTests.java: About to close Vertx.
AutoTests.java: Vertx closed.

===========================================================================================
----------------- testing Wed Apr 10 16:34:02 UTC 2019 /home/travis/build/icyphy/ptII/ptolemy/domains/de/test/auto/ActorDepthCalculation_actorWithoutPorts.xml
----------------- Instantiating /home/travis/build/icyphy/ptII/ptolemy/domains/de/test/auto/ActorDepthCalculation_actorWithoutPorts.xml
2 ms. Memory: 647168K Free: 317676K (49%)
----------------- Invoking toplevel() on ptolemy.moml.MoMLSimpleApplication@2a942525
----------------- Done invoking toplevel() on ptolemy.moml.MoMLSimpleApplication@2a942525
reloadAllAccessors: .ActorDepthCalculation_actorWithoutPorts

===========================================================================================
----------------- testing Wed Apr 10 16:34:02 UTC 2019 /home/travis/build/icyphy/ptII/ptolemy/domains/de/test/auto/AssemblyLine.xml
----------------- Instantiating /home/travis/build/icyphy/ptII/ptolemy/domains/de/test/auto/AssemblyLine.xml
2 ms. Memory: 647168K Free: 295087K (46%)
----------------- Invoking toplevel() on ptolemy.moml.MoMLSimpleApplication@31b869db
----------------- Done invoking toplevel() on ptolemy.moml.MoMLSimpleApplication@31b869db
reloadAllAccessors: .AssemblyLine

===========================================================================================
----------------- testing Wed Apr 10 16:34:02 UTC 2019 /home/travis/build/icyphy/ptII/ptolemy/domains/de/test/auto/CQBug1.xml
----------------- Instantiating /home/travis/build/icyphy/ptII/ptolemy/domains/de/test/auto/CQBug1.xml
0 ms. Memory: 647168K Free: 272497K (42%)
----------------- Invoking toplevel() on ptolemy.moml.MoMLSimpleApplication@15155c51
----------------- Done invoking toplevel() on ptolemy.moml.MoMLSimpleApplication@15155c51
reloadAllAccessors: .CQBug1

===========================================================================================
----------------- testing Wed Apr 10 16:34:02 UTC 2019 /home/travis/build/icyphy/ptII/ptolemy/domains/de/test/auto/CancelFireAt.xml
----------------- Instantiating /home/travis/build/icyphy/ptII/ptolemy/domains/de/test/auto/CancelFireAt.xml
0 ms. Memory: 647168K Free: 249908K (39%)
----------------- Invoking toplevel() on ptolemy.moml.MoMLSimpleApplication@76118caf
----------------- Done invoking toplevel() on ptolemy.moml.MoMLSimpleApplication@76118caf
reloadAllAccessors: .CancelFireAt

===========================================================================================
----------------- testing Wed Apr 10 16:34:02 UTC 2019 /home/travis/build/icyphy/ptII/ptolemy/domains/de/test/auto/CausalityAndComposabilityAnalysis.xml
----------------- Instantiating /home/travis/build/icyphy/ptII/ptolemy/domains/de/test/auto/CausalityAndComposabilityAnalysis.xml
1 ms. Memory: 647168K Free: 227318K (35%)
----------------- Invoking toplevel() on ptolemy.moml.MoMLSimpleApplication@573cb544
----------------- Done invoking toplevel() on ptolemy.moml.MoMLSimpleApplication@573cb544
reloadAllAccessors: .CausalityAndComposabilityAnalysis

===========================================================================================
----------------- testing Wed Apr 10 16:34:02 UTC 2019 /home/travis/build/icyphy/ptII/ptolemy/domains/de/test/auto/CausalityInterface1.xml
----------------- Instantiating /home/travis/build/icyphy/ptII/ptolemy/domains/de/test/auto/CausalityInterface1.xml
4 ms. Memory: 647168K Free: 204729K (32%)
----------------- Invoking toplevel() on ptolemy.moml.MoMLSimpleApplication@43c0ab77
----------------- Done invoking toplevel() on ptolemy.moml.MoMLSimpleApplication@43c0ab77
reloadAllAccessors: .CausalityInterface1

===========================================================================================
----------------- testing Wed Apr 10 16:34:02 UTC 2019 /home/travis/build/icyphy/ptII/ptolemy/domains/de/test/auto/CausalityInterface15.xml
----------------- Instantiating /home/travis/build/icyphy/ptII/ptolemy/domains/de/test/auto/CausalityInterface15.xml
2 ms. Memory: 647168K Free: 182139K (28%)
----------------- Invoking toplevel() on ptolemy.moml.MoMLSimpleApplication@549f3d92
----------------- Done invoking toplevel() on ptolemy.moml.MoMLSimpleApplication@549f3d92
reloadAllAccessors: .CausalityInterface15

[...]
java.lang.RuntimeException: Execution failed
	at ptolemy.moml.MoMLSimpleApplication$UnloadThread.run(MoMLSimpleApplication.java:402)
Caused by: ptolemy.kernel.util.IllegalActionException: Test fails in iteration 1.
Value was: 1.0. Should have been: 2.0
  in .DirectFeedback.Test
	at ptolemy.actor.lib.Test.fire(Test.java:268)
	at ptolemy.domains.de.kernel.DEDirector._fire(DEDirector.java:1949)
	at ptolemy.domains.de.kernel.DEDirector.fire(DEDirector.java:502)
	at ptolemy.actor.CompositeActor.fire(CompositeActor.java:455)
	at ptolemy.actor.Manager.iterate(Manager.java:851)
	at ptolemy.actor.Manager.execute(Manager.java:369)
	at ptolemy.actor.Manager.run(Manager.java:1263)
	at ptolemy.actor.Manager$PtolemyRunThread.run(Manager.java:1915)
java.lang.RuntimeException: Execution failed
	at ptolemy.moml.MoMLSimpleApplication$UnloadThread.run(MoMLSimpleApplication.java:402)
Caused by: ptolemy.kernel.util.IllegalActionException: Actor is not ready to fire.  Perhaps UpSample.prefire() returned false? Try debugging the actor by selecting "Listen to Actor".  Also, for SDF check moml for tokenConsumptionRate on input.
  in .DESDFClockTest.Play Bell.Copy1:SDF Director and .DESDFClockTest.Play Bell.UpSample
	at ptolemy.actor.sched.StaticSchedulingDirector.fire(StaticSchedulingDirector.java:227)
	at ptolemy.domains.sdf.kernel.SDFDirector.fire(SDFDirector.java:500)
	at ptolemy.actor.CompositeActor.fire(CompositeActor.java:455)
	at ptolemy.domains.de.kernel.DEDirector._fire(DEDirector.java:1949)
	at ptolemy.domains.de.kernel.DEDirector.fire(DEDirector.java:502)
	at ptolemy.actor.CompositeActor.fire(CompositeActor.java:455)
	at ptolemy.actor.Manager.iterate(Manager.java:851)
	at ptolemy.actor.Manager.execute(Manager.java:369)
	at ptolemy.actor.Manager.run(Manager.java:1263)
	at ptolemy.actor.Manager$PtolemyRunThread.run(Manager.java:1915)
java.lang.reflect.InvocationTargetException
	at sun.reflect.NativeConstructorAccessorImpl.newInstance0(Native Method)
	at sun.reflect.NativeConstructorAccessorImpl.newInstance(NativeConstructorAccessorImpl.java:62)
	at sun.reflect.DelegatingConstructorAccessorImpl.newInstance(DelegatingConstructorAccessorImpl.java:45)
	at java.lang.reflect.Constructor.newInstance(Constructor.java:423)
	at ptolemy.util.test.junit.AutoKnownFailedTests.RunModel(AutoKnownFailedTests.java:105)
	at sun.reflect.NativeMethodAccessorImpl.invoke0(Native Method)
	at sun.reflect.NativeMethodAccessorImpl.invoke(NativeMethodAccessorImpl.java:62)
	at sun.reflect.DelegatingMethodAccessorImpl.invoke(DelegatingMethodAccessorImpl.java:43)
	at java.lang.reflect.Method.invoke(Method.java:498)
	at org.junit.runners.model.FrameworkMethod$1.runReflectiveCall(FrameworkMethod.java:44)
	at org.junit.internal.runners.model.ReflectiveCallable.run(ReflectiveCallable.java:15)
	at org.junit.runners.model.FrameworkMethod.invokeExplosively(FrameworkMethod.java:41)
	at junitparams.internal.InvokeParameterisedMethod.evaluate(InvokeParameterisedMethod.java:102)
	at org.junit.internal.runners.statements.FailOnTimeout$1.run(FailOnTimeout.java:28)
Caused by: ptolemy.kernel.util.IllegalActionException: Actor is not ready to fire.  Perhaps UpSample.prefire() returned false? Try debugging the actor by selecting "Listen to Actor".  Also, for SDF check moml for tokenConsumptionRate on input.
  in .DESDFClockTest.Play Bell.Copy1:SDF Director and .DESDFClockTest.Play Bell.UpSample
	at ptolemy.actor.sched.StaticSchedulingDirector.fire(StaticSchedulingDirector.java:227)
	at ptolemy.domains.sdf.kernel.SDFDirector.fire(SDFDirector.java:500)
	at ptolemy.actor.CompositeActor.fire(CompositeActor.java:455)
	at ptolemy.domains.de.kernel.DEDirector._fire(DEDirector.java:1949)
	at ptolemy.domains.de.kernel.DEDirector.fire(DEDirector.java:502)
	at ptolemy.actor.CompositeActor.fire(CompositeActor.java:455)
	at ptolemy.actor.Manager.iterate(Manager.java:851)
	at ptolemy.actor.Manager.execute(Manager.java:369)
	at ptolemy.actor.Manager.run(Manager.java:1263)
	at ptolemy.actor.Manager$PtolemyRunThread.run(Manager.java:1915)
java.lang.RuntimeException: Execution failed
	at ptolemy.moml.MoMLSimpleApplication$UnloadThread.run(MoMLSimpleApplication.java:402)
Caused by: ptolemy.kernel.util.IllegalActionException: Test fails in iteration 1.
Value was: 1.0. Should have been: 2.0
  in .DirectFeedback.Test
	at ptolemy.actor.lib.Test.fire(Test.java:268)
	at ptolemy.domains.de.kernel.DEDirector._fire(DEDirector.java:1949)
	at ptolemy.domains.de.kernel.DEDirector.fire(DEDirector.java:502)
	at ptolemy.actor.CompositeActor.fire(CompositeActor.java:455)
	at ptolemy.actor.Manager.iterate(Manager.java:851)
	at ptolemy.actor.Manager.execute(Manager.java:369)
	at ptolemy.actor.Manager.run(Manager.java:1263)
	at ptolemy.actor.Manager$PtolemyRunThread.run(Manager.java:1915)
java.lang.reflect.InvocationTargetException
	at sun.reflect.NativeConstructorAccessorImpl.newInstance0(Native Method)
	at sun.reflect.NativeConstructorAccessorImpl.newInstance(NativeConstructorAccessorImpl.java:62)
	at sun.reflect.DelegatingConstructorAccessorImpl.newInstance(DelegatingConstructorAccessorImpl.java:45)
	at java.lang.reflect.Constructor.newInstance(Constructor.java:423)
	at ptolemy.util.test.junit.AutoKnownFailedTests.RunModel(AutoKnownFailedTests.java:105)
	at sun.reflect.NativeMethodAccessorImpl.invoke0(Native Method)
	at sun.reflect.NativeMethodAccessorImpl.invoke(NativeMethodAccessorImpl.java:62)
	at sun.reflect.DelegatingMethodAccessorImpl.invoke(DelegatingMethodAccessorImpl.java:43)
	at java.lang.reflect.Method.invoke(Method.java:498)
	at org.junit.runners.model.FrameworkMethod$1.runReflectiveCall(FrameworkMethod.java:44)
	at org.junit.internal.runners.model.ReflectiveCallable.run(ReflectiveCallable.java:15)
	at org.junit.runners.model.FrameworkMethod.invokeExplosively(FrameworkMethod.java:41)
	at junitparams.internal.InvokeParameterisedMethod.evaluate(InvokeParameterisedMethod.java:102)
	at org.junit.internal.runners.statements.FailOnTimeout$1.run(FailOnTimeout.java:28)
Caused by: ptolemy.kernel.util.IllegalActionException: Test fails in iteration 1.
Value was: 1.0. Should have been: 2.0
  in .DirectFeedback.Test
	at ptolemy.actor.lib.Test.fire(Test.java:268)
	at ptolemy.domains.de.kernel.DEDirector._fire(DEDirector.java:1949)
	at ptolemy.domains.de.kernel.DEDirector.fire(DEDirector.java:502)
	at ptolemy.actor.CompositeActor.fire(CompositeActor.java:455)
	at ptolemy.actor.Manager.iterate(Manager.java:851)
	at ptolemy.actor.Manager.execute(Manager.java:369)
	at ptolemy.actor.Manager.run(Manager.java:1263)
	at ptolemy.actor.Manager$PtolemyRunThread.run(Manager.java:1915)
java.lang.RuntimeException: Execution failed
	at ptolemy.moml.MoMLSimpleApplication$UnloadThread.run(MoMLSimpleApplication.java:402)
Caused by: ptolemy.kernel.util.IllegalActionException: Found a zero delay loop containing .HierarchicalModel.A
  in .HierarchicalModel and .HierarchicalModel.A
	at ptolemy.actor.util.CausalityInterfaceForComposites._computeOutputPortDepth(CausalityInterfaceForComposites.java:759)
	at ptolemy.actor.util.CausalityInterfaceForComposites._computeInputDepth(CausalityInterfaceForComposites.java:696)
	at ptolemy.actor.util.CausalityInterfaceForComposites._computeOutputPortDepth(CausalityInterfaceForComposites.java:765)
	at ptolemy.actor.util.CausalityInterfaceForComposites._computeInputDepth(CausalityInterfaceForComposites.java:696)
	at ptolemy.actor.util.CausalityInterfaceForComposites._computeOutputPortDepth(CausalityInterfaceForComposites.java:765)
	at ptolemy.actor.util.CausalityInterfaceForComposites._computeInputDepth(CausalityInterfaceForComposites.java:696)
	at ptolemy.actor.util.CausalityInterfaceForComposites._computeActorDepth(CausalityInterfaceForComposites.java:532)
	at ptolemy.actor.util.CausalityInterfaceForComposites.checkForCycles(CausalityInterfaceForComposites.java:96)
	at ptolemy.domains.de.kernel.DEDirector.preinitialize(DEDirector.java:1338)
	at ptolemy.actor.CompositeActor.preinitialize(CompositeActor.java:1828)
	at ptolemy.actor.Manager.preinitializeAndResolveTypes(Manager.java:1040)
	at ptolemy.actor.Manager.initialize(Manager.java:710)
	at ptolemy.actor.Manager.execute(Manager.java:356)
	at ptolemy.actor.Manager.run(Manager.java:1263)
	at ptolemy.actor.Manager$PtolemyRunThread.run(Manager.java:1915)
java.lang.reflect.InvocationTargetException
	at sun.reflect.NativeConstructorAccessorImpl.newInstance0(Native Method)
	at sun.reflect.NativeConstructorAccessorImpl.newInstance(NativeConstructorAccessorImpl.java:62)
	at sun.reflect.DelegatingConstructorAccessorImpl.newInstance(DelegatingConstructorAccessorImpl.java:45)
	at java.lang.reflect.Constructor.newInstance(Constructor.java:423)
	at ptolemy.util.test.junit.AutoKnownFailedTests.RunModel(AutoKnownFailedTests.java:105)
	at sun.reflect.NativeMethodAccessorImpl.invoke0(Native Method)
	at sun.reflect.NativeMethodAccessorImpl.invoke(NativeMethodAccessorImpl.java:62)
	at sun.reflect.DelegatingMethodAccessorImpl.invoke(DelegatingMethodAccessorImpl.java:43)
	at java.lang.reflect.Method.invoke(Method.java:498)
	at org.junit.runners.model.FrameworkMethod$1.runReflectiveCall(FrameworkMethod.java:44)
	at org.junit.internal.runners.model.ReflectiveCallable.run(ReflectiveCallable.java:15)
	at org.junit.runners.model.FrameworkMethod.invokeExplosively(FrameworkMethod.java:41)
	at junitparams.internal.InvokeParameterisedMethod.evaluate(InvokeParameterisedMethod.java:102)
	at org.junit.internal.runners.statements.FailOnTimeout$1.run(FailOnTimeout.java:28)
Caused by: ptolemy.kernel.util.IllegalActionException: Found a zero delay loop containing .HierarchicalModel.A
  in .HierarchicalModel and .HierarchicalModel.A
	at ptolemy.actor.util.CausalityInterfaceForComposites._computeOutputPortDepth(CausalityInterfaceForComposites.java:759)
	at ptolemy.actor.util.CausalityInterfaceForComposites._computeInputDepth(CausalityInterfaceForComposites.java:696)
	at ptolemy.actor.util.CausalityInterfaceForComposites._computeOutputPortDepth(CausalityInterfaceForComposites.java:765)
	at ptolemy.actor.util.CausalityInterfaceForComposites._computeInputDepth(CausalityInterfaceForComposites.java:696)
	at ptolemy.actor.util.CausalityInterfaceForComposites._computeOutputPortDepth(CausalityInterfaceForComposites.java:765)
	at ptolemy.actor.util.CausalityInterfaceForComposites._computeInputDepth(CausalityInterfaceForComposites.java:696)
	at ptolemy.actor.util.CausalityInterfaceForComposites._computeActorDepth(CausalityInterfaceForComposites.java:532)
	at ptolemy.actor.util.CausalityInterfaceForComposites.checkForCycles(CausalityInterfaceForComposites.java:96)
	at ptolemy.domains.de.kernel.DEDirector.preinitialize(DEDirector.java:1338)
	at ptolemy.actor.CompositeActor.preinitialize(CompositeActor.java:1828)
	at ptolemy.actor.Manager.preinitializeAndResolveTypes(Manager.java:1040)
	at ptolemy.actor.Manager.initialize(Manager.java:710)
	at ptolemy.actor.Manager.execute(Manager.java:356)
	at ptolemy.actor.Manager.run(Manager.java:1263)
	at ptolemy.actor.Manager$PtolemyRunThread.run(Manager.java:1915)
java.lang.RuntimeException: Execution failed
	at ptolemy.moml.MoMLSimpleApplication$UnloadThread.run(MoMLSimpleApplication.java:402)
Caused by: ptolemy.kernel.util.IllegalActionException: Found a zero delay loop containing .dependencyLoop.original
  in .dependencyLoop and .dependencyLoop.original
	at ptolemy.actor.util.CausalityInterfaceForComposites._computeOutputPortDepth(CausalityInterfaceForComposites.java:759)
	at ptolemy.actor.util.CausalityInterfaceForComposites._computeInputDepth(CausalityInterfaceForComposites.java:696)
	at ptolemy.actor.util.CausalityInterfaceForComposites._computeOutputPortDepth(CausalityInterfaceForComposites.java:765)
	at ptolemy.actor.util.CausalityInterfaceForComposites._computeInputDepth(CausalityInterfaceForComposites.java:696)
	at ptolemy.actor.util.CausalityInterfaceForComposites._computeOutputPortDepth(CausalityInterfaceForComposites.java:765)
	at ptolemy.actor.util.CausalityInterfaceForComposites._computeInputDepth(CausalityInterfaceForComposites.java:696)
	at ptolemy.actor.util.CausalityInterfaceForComposites._computeActorDepth(CausalityInterfaceForComposites.java:532)
	at ptolemy.actor.util.CausalityInterfaceForComposites.checkForCycles(CausalityInterfaceForComposites.java:96)
	at ptolemy.domains.de.kernel.DEDirector.preinitialize(DEDirector.java:1338)
	at ptolemy.actor.CompositeActor.preinitialize(CompositeActor.java:1828)
	at ptolemy.actor.Manager.preinitializeAndResolveTypes(Manager.java:1040)
	at ptolemy.actor.Manager.initialize(Manager.java:710)
	at ptolemy.actor.Manager.execute(Manager.java:356)
	at ptolemy.actor.Manager.run(Manager.java:1263)
	at ptolemy.actor.Manager$PtolemyRunThread.run(Manager.java:1915)
java.lang.reflect.InvocationTargetException
	at sun.reflect.NativeConstructorAccessorImpl.newInstance0(Native Method)
	at sun.reflect.NativeConstructorAccessorImpl.newInstance(NativeConstructorAccessorImpl.java:62)
	at sun.reflect.DelegatingConstructorAccessorImpl.newInstance(DelegatingConstructorAccessorImpl.java:45)
	at java.lang.reflect.Constructor.newInstance(Constructor.java:423)
	at ptolemy.util.test.junit.AutoKnownFailedTests.RunModel(AutoKnownFailedTests.java:105)
	at sun.reflect.NativeMethodAccessorImpl.invoke0(Native Method)
	at sun.reflect.NativeMethodAccessorImpl.invoke(NativeMethodAccessorImpl.java:62)
	at sun.reflect.DelegatingMethodAccessorImpl.invoke(DelegatingMethodAccessorImpl.java:43)
	at java.lang.reflect.Method.invoke(Method.java:498)
	at org.junit.runners.model.FrameworkMethod$1.runReflectiveCall(FrameworkMethod.java:44)
	at org.junit.internal.runners.model.ReflectiveCallable.run(ReflectiveCallable.java:15)
	at org.junit.runners.model.FrameworkMethod.invokeExplosively(FrameworkMethod.java:41)
	at junitparams.internal.InvokeParameterisedMethod.evaluate(InvokeParameterisedMethod.java:102)
	at org.junit.internal.runners.statements.FailOnTimeout$1.run(FailOnTimeout.java:28)
Caused by: ptolemy.kernel.util.IllegalActionException: Found a zero delay loop containing .dependencyLoop.original
  in .dependencyLoop and .dependencyLoop.original
	at ptolemy.actor.util.CausalityInterfaceForComposites._computeOutputPortDepth(CausalityInterfaceForComposites.java:759)
	at ptolemy.actor.util.CausalityInterfaceForComposites._computeInputDepth(CausalityInterfaceForComposites.java:696)
	at ptolemy.actor.util.CausalityInterfaceForComposites._computeOutputPortDepth(CausalityInterfaceForComposites.java:765)
	at ptolemy.actor.util.CausalityInterfaceForComposites._computeInputDepth(CausalityInterfaceForComposites.java:696)
	at ptolemy.actor.util.CausalityInterfaceForComposites._computeOutputPortDepth(CausalityInterfaceForComposites.java:765)
	at ptolemy.actor.util.CausalityInterfaceForComposites._computeInputDepth(CausalityInterfaceForComposites.java:696)
	at ptolemy.actor.util.CausalityInterfaceForComposites._computeActorDepth(CausalityInterfaceForComposites.java:532)
	at ptolemy.actor.util.CausalityInterfaceForComposites.checkForCycles(CausalityInterfaceForComposites.java:96)
	at ptolemy.domains.de.kernel.DEDirector.preinitialize(DEDirector.java:1338)
	at ptolemy.actor.CompositeActor.preinitialize(CompositeActor.java:1828)
	at ptolemy.actor.Manager.preinitializeAndResolveTypes(Manager.java:1040)
	at ptolemy.actor.Manager.initialize(Manager.java:710)
	at ptolemy.actor.Manager.execute(Manager.java:356)
	at ptolemy.actor.Manager.run(Manager.java:1263)
	at ptolemy.actor.Manager$PtolemyRunThread.run(Manager.java:1915)
java.lang.RuntimeException: Execution failed
	at ptolemy.moml.MoMLSimpleApplication$UnloadThread.run(MoMLSimpleApplication.java:402)
Caused by: ptolemy.kernel.util.IllegalActionException: Found a zero delay loop containing .dependencyLoop2.original
  in .dependencyLoop2 and .dependencyLoop2.original
	at ptolemy.actor.util.CausalityInterfaceForComposites._computeOutputPortDepth(CausalityInterfaceForComposites.java:759)
	at ptolemy.actor.util.CausalityInterfaceForComposites._computeInputDepth(CausalityInterfaceForComposites.java:696)
	at ptolemy.actor.util.CausalityInterfaceForComposites._computeOutputPortDepth(CausalityInterfaceForComposites.java:765)
	at ptolemy.actor.util.CausalityInterfaceForComposites._computeInputDepth(CausalityInterfaceForComposites.java:696)
	at ptolemy.actor.util.CausalityInterfaceForComposites._computeOutputPortDepth(CausalityInterfaceForComposites.java:765)
	at ptolemy.actor.util.CausalityInterfaceForComposites._computeInputDepth(CausalityInterfaceForComposites.java:696)
	at ptolemy.actor.util.CausalityInterfaceForComposites._computeActorDepth(CausalityInterfaceForComposites.java:532)
	at ptolemy.actor.util.CausalityInterfaceForComposites.checkForCycles(CausalityInterfaceForComposites.java:96)
	at ptolemy.domains.de.kernel.DEDirector.preinitialize(DEDirector.java:1338)
	at ptolemy.actor.CompositeActor.preinitialize(CompositeActor.java:1828)
	at ptolemy.actor.Manager.preinitializeAndResolveTypes(Manager.java:1040)
	at ptolemy.actor.Manager.initialize(Manager.java:710)
	at ptolemy.actor.Manager.execute(Manager.java:356)
	at ptolemy.actor.Manager.run(Manager.java:1263)
	at ptolemy.actor.Manager$PtolemyRunThread.run(Manager.java:1915)
java.lang.reflect.InvocationTargetException
	at sun.reflect.NativeConstructorAccessorImpl.newInstance0(Native Method)
	at sun.reflect.NativeConstructorAccessorImpl.newInstance(NativeConstructorAccessorImpl.java:62)
	at sun.reflect.DelegatingConstructorAccessorImpl.newInstance(DelegatingConstructorAccessorImpl.java:45)
	at java.lang.reflect.Constructor.newInstance(Constructor.java:423)
	at ptolemy.util.test.junit.AutoKnownFailedTests.RunModel(AutoKnownFailedTests.java:105)
	at sun.reflect.NativeMethodAccessorImpl.invoke0(Native Method)
	at sun.reflect.NativeMethodAccessorImpl.invoke(NativeMethodAccessorImpl.java:62)
	at sun.reflect.DelegatingMethodAccessorImpl.invoke(DelegatingMethodAccessorImpl.java:43)
	at java.lang.reflect.Method.invoke(Method.java:498)
	at org.junit.runners.model.FrameworkMethod$1.runReflectiveCall(FrameworkMethod.java:44)
	at org.junit.internal.runners.model.ReflectiveCallable.run(ReflectiveCallable.java:15)
	at org.junit.runners.model.FrameworkMethod.invokeExplosively(FrameworkMethod.java:41)
	at junitparams.internal.InvokeParameterisedMethod.evaluate(InvokeParameterisedMethod.java:102)
	at org.junit.internal.runners.statements.FailOnTimeout$1.run(FailOnTimeout.java:28)
Caused by: ptolemy.kernel.util.IllegalActionException: Found a zero delay loop containing .dependencyLoop2.original
  in .dependencyLoop2 and .dependencyLoop2.original
	at ptolemy.actor.util.CausalityInterfaceForComposites._computeOutputPortDepth(CausalityInterfaceForComposites.java:759)
	at ptolemy.actor.util.CausalityInterfaceForComposites._computeInputDepth(CausalityInterfaceForComposites.java:696)
	at ptolemy.actor.util.CausalityInterfaceForComposites._computeOutputPortDepth(CausalityInterfaceForComposites.java:765)
	at ptolemy.actor.util.CausalityInterfaceForComposites._computeInputDepth(CausalityInterfaceForComposites.java:696)
	at ptolemy.actor.util.CausalityInterfaceForComposites._computeOutputPortDepth(CausalityInterfaceForComposites.java:765)
	at ptolemy.actor.util.CausalityInterfaceForComposites._computeInputDepth(CausalityInterfaceForComposites.java:696)
	at ptolemy.actor.util.CausalityInterfaceForComposites._computeActorDepth(CausalityInterfaceForComposites.java:532)
	at ptolemy.actor.util.CausalityInterfaceForComposites.checkForCycles(CausalityInterfaceForComposites.java:96)
	at ptolemy.domains.de.kernel.DEDirector.preinitialize(DEDirector.java:1338)
	at ptolemy.actor.CompositeActor.preinitialize(CompositeActor.java:1828)
	at ptolemy.actor.Manager.preinitializeAndResolveTypes(Manager.java:1040)
	at ptolemy.actor.Manager.initialize(Manager.java:710)
	at ptolemy.actor.Manager.execute(Manager.java:356)
	at ptolemy.actor.Manager.run(Manager.java:1263)
	at ptolemy.actor.Manager$PtolemyRunThread.run(Manager.java:1915)
]]></system-err>
</testsuite>
