<?xml version="1.0" encoding="UTF-8" ?>
<testsuite errors="0" failures="0" hostname="travis-job-46588d9a-4960-4d0b-995f-f6330cbb8948" name="ptolemy.demo.test.junit.JUnitTclTest" skipped="0" tests="23" time="61.947" timestamp="2019-07-10T03:36:26">
  <properties>
[...]
</properties>
  <testcase classname="ptolemy.util.test.junit.TclTests" name="[0] ThereAreNoTclTests (RunTclFile)" time="0.009" />
  <testcase classname="ptolemy.util.test.junit.AutoKnownFailedTests" name="[0] ThereAreNoKnowFailedTests (RunModel)" time="0.005" />
  <testcase classname="ptolemy.util.test.junit.AutoNameArchTests" name="[0] ThereAreNoAutoArchTests (RunModel)" time="0.026" />
  <testcase classname="ptolemy.util.test.junit.AutoTests" name="[0] /home/travis/build/icyphy/ptII/ptolemy/demo/test/auto/ChannelFaultModel.xml (RunModel)" time="1.283" />
  <testcase classname="ptolemy.util.test.junit.AutoTests" name="[1] /home/travis/build/icyphy/ptII/ptolemy/demo/test/auto/ContactorTester.xml (RunModel)" time="1.044" />
  <testcase classname="ptolemy.util.test.junit.AutoTests" name="[2] /home/travis/build/icyphy/ptII/ptolemy/demo/test/auto/FuelSystem.xml (RunModel)" time="7.179" />
  <testcase classname="ptolemy.util.test.junit.AutoTests" name="[3] /home/travis/build/icyphy/ptII/ptolemy/demo/test/auto/FuelSystem2Tanks.xml (RunModel)" time="0.842" />
  <testcase classname="ptolemy.util.test.junit.AutoTests" name="[4] /home/travis/build/icyphy/ptII/ptolemy/demo/test/auto/FuelSystemErrorHandling.xml (RunModel)" time="7.587" />
  <testcase classname="ptolemy.util.test.junit.AutoTests" name="[5] /home/travis/build/icyphy/ptII/ptolemy/demo/test/auto/FuelSystemOntology.xml (RunModel)" time="10.242" />
  <testcase classname="ptolemy.util.test.junit.AutoTests" name="[6] /home/travis/build/icyphy/ptII/ptolemy/demo/test/auto/FuelSystemQuantityManager.xml (RunModel)" time="0.888" />
  <testcase classname="ptolemy.util.test.junit.AutoTests" name="[7] /home/travis/build/icyphy/ptII/ptolemy/demo/test/auto/FuelSystemSingleTankImproved.xml (RunModel)" time="0.269" />
  <testcase classname="ptolemy.util.test.junit.AutoTests" name="[8] /home/travis/build/icyphy/ptII/ptolemy/demo/test/auto/GMMConvergenceAnalysis.xml (RunModel)" time="27.269" />
  <testcase classname="ptolemy.util.test.junit.AutoTests" name="[9] /home/travis/build/icyphy/ptII/ptolemy/demo/test/auto/GaussianMixtureModel.xml (RunModel)" time="0.065" />
  <testcase classname="ptolemy.util.test.junit.AutoTests" name="[10] /home/travis/build/icyphy/ptII/ptolemy/demo/test/auto/GeneratorRegulator.xml (RunModel)" time="0.422" />
  <testcase classname="ptolemy.util.test.junit.AutoTests" name="[11] /home/travis/build/icyphy/ptII/ptolemy/demo/test/auto/GeneratorRegulatorFMUProtector.xml (RunModel)" time="0.461" />
  <testcase classname="ptolemy.util.test.junit.AutoTests" name="[12] /home/travis/build/icyphy/ptII/ptolemy/demo/test/auto/GeneratorRegulatorProtector.xml (RunModel)" time="0.324" />
  <testcase classname="ptolemy.util.test.junit.AutoTests" name="[13] /home/travis/build/icyphy/ptII/ptolemy/demo/test/auto/GeneratorRegulatorProtectorTuLiP.xml (RunModel)" time="0.367" />
  <testcase classname="ptolemy.util.test.junit.AutoTests" name="[14] /home/travis/build/icyphy/ptII/ptolemy/demo/test/auto/GeneratorRegulatorProtectorWithBus.xml (RunModel)" time="0.372" />
  <testcase classname="ptolemy.util.test.junit.AutoTests" name="[15] /home/travis/build/icyphy/ptII/ptolemy/demo/test/auto/GeneratorRegulatorProtectorWithConstraintMonitor.xml (RunModel)" time="0.684" />
  <testcase classname="ptolemy.util.test.junit.AutoTests" name="[16] /home/travis/build/icyphy/ptII/ptolemy/demo/test/auto/GeneratorRegulatorProtectorWithProcessor.xml (RunModel)" time="0.513" />
  <testcase classname="ptolemy.util.test.junit.AutoTests" name="[17] /home/travis/build/icyphy/ptII/ptolemy/demo/test/auto/GeneratorRegulatorProtectorWithSpecification.xml (RunModel)" time="0.406" />
  <testcase classname="ptolemy.util.test.junit.AutoTests" name="[18] /home/travis/build/icyphy/ptII/ptolemy/demo/test/auto/GeneratorTester.xml (RunModel)" time="0.279" />
  <testcase classname="ptolemy.util.test.junit.AutoTests" name="[19] /home/travis/build/icyphy/ptII/ptolemy/demo/test/auto/HiddenMarkovModelAnalysis.xml (RunModel)" time="0.67" />
  <system-out><![CDATA[No tcl tests in /home/travis/build/icyphy/ptII/ptolemy/demo/test
No auto/knownFailedTests/*.xml tests in /home/travis/build/icyphy/ptII/ptolemy/demo/test
No auto/linux-amd64/*.xml tests in /home/travis/build/icyphy/ptII/ptolemy/demo/test
AutoTests.java: About to close Vertx.
AutoTests.java: Vertx closed.

===========================================================================================
----------------- testing Wed Jul 10 03:36:27 UTC 2019 /home/travis/build/icyphy/ptII/ptolemy/demo/test/auto/ChannelFaultModel.xml
----------------- Instantiating /home/travis/build/icyphy/ptII/ptolemy/demo/test/auto/ChannelFaultModel.xml
381 ms. Memory: 171008K Free: 139978K (82%)
----------------- Invoking toplevel() on ptolemy.moml.MoMLSimpleApplication@419d60f6
----------------- Done invoking toplevel() on ptolemy.moml.MoMLSimpleApplication@419d60f6
reloadAllAccessors: .ChannelFaultModel

===========================================================================================
----------------- testing Wed Jul 10 03:36:28 UTC 2019 /home/travis/build/icyphy/ptII/ptolemy/demo/test/auto/ContactorTester.xml
----------------- Instantiating /home/travis/build/icyphy/ptII/ptolemy/demo/test/auto/ContactorTester.xml
612 ms. Memory: 171008K Free: 120961K (71%)
----------------- Invoking toplevel() on ptolemy.moml.MoMLSimpleApplication@655625f7
----------------- Done invoking toplevel() on ptolemy.moml.MoMLSimpleApplication@655625f7
reloadAllAccessors: .ContactorTester

===========================================================================================
----------------- testing Wed Jul 10 03:36:29 UTC 2019 /home/travis/build/icyphy/ptII/ptolemy/demo/test/auto/FuelSystem.xml
----------------- Instantiating /home/travis/build/icyphy/ptII/ptolemy/demo/test/auto/FuelSystem.xml
7007 ms. Memory: 171008K Free: 97409K (57%)
----------------- Invoking toplevel() on ptolemy.moml.MoMLSimpleApplication@7651e5fc
----------------- Done invoking toplevel() on ptolemy.moml.MoMLSimpleApplication@7651e5fc
reloadAllAccessors: .FuelSystem

===========================================================================================
----------------- testing Wed Jul 10 03:36:36 UTC 2019 /home/travis/build/icyphy/ptII/ptolemy/demo/test/auto/FuelSystem2Tanks.xml
----------------- Instantiating /home/travis/build/icyphy/ptII/ptolemy/demo/test/auto/FuelSystem2Tanks.xml
567 ms. Memory: 205824K Free: 146166K (71%)
----------------- Invoking toplevel() on ptolemy.moml.MoMLSimpleApplication@37771690
----------------- Done invoking toplevel() on ptolemy.moml.MoMLSimpleApplication@37771690
reloadAllAccessors: .FuelSystem2Tanks

===========================================================================================
----------------- testing Wed Jul 10 03:36:37 UTC 2019 /home/travis/build/icyphy/ptII/ptolemy/demo/test/auto/FuelSystemErrorHandling.xml
----------------- Instantiating /home/travis/build/icyphy/ptII/ptolemy/demo/test/auto/FuelSystemErrorHandling.xml
7046 ms. Memory: 412672K Free: 265779K (64%)
----------------- Invoking toplevel() on ptolemy.moml.MoMLSimpleApplication@55704822
----------------- Done invoking toplevel() on ptolemy.moml.MoMLSimpleApplication@55704822
reloadAllAccessors: .FuelSystemErrorHandling

===========================================================================================
----------------- testing Wed Jul 10 03:36:44 UTC 2019 /home/travis/build/icyphy/ptII/ptolemy/demo/test/auto/FuelSystemOntology.xml
----------------- Instantiating /home/travis/build/icyphy/ptII/ptolemy/demo/test/auto/FuelSystemOntology.xml
10019 ms. Memory: 412672K Free: 321070K (78%)
----------------- Invoking toplevel() on ptolemy.moml.MoMLSimpleApplication@27673e4
----------------- Done invoking toplevel() on ptolemy.moml.MoMLSimpleApplication@27673e4
reloadAllAccessors: .FuelSystemOntology

===========================================================================================
----------------- testing Wed Jul 10 03:36:55 UTC 2019 /home/travis/build/icyphy/ptII/ptolemy/demo/test/auto/FuelSystemQuantityManager.xml
----------------- Instantiating /home/travis/build/icyphy/ptII/ptolemy/demo/test/auto/FuelSystemQuantityManager.xml
758 ms. Memory: 412672K Free: 241746K (59%)
----------------- Invoking toplevel() on ptolemy.moml.MoMLSimpleApplication@6c8831b9
----------------- Done invoking toplevel() on ptolemy.moml.MoMLSimpleApplication@6c8831b9
reloadAllAccessors: .FuelSystemQuantityManager

===========================================================================================
----------------- testing Wed Jul 10 03:36:56 UTC 2019 /home/travis/build/icyphy/ptII/ptolemy/demo/test/auto/FuelSystemSingleTankImproved.xml
----------------- Instantiating /home/travis/build/icyphy/ptII/ptolemy/demo/test/auto/FuelSystemSingleTankImproved.xml
218 ms. Memory: 412672K Free: 381706K (92%)
----------------- Invoking toplevel() on ptolemy.moml.MoMLSimpleApplication@58af4147
----------------- Done invoking toplevel() on ptolemy.moml.MoMLSimpleApplication@58af4147
reloadAllAccessors: .FuelSystemSingleTankImproved

===========================================================================================
----------------- testing Wed Jul 10 03:36:56 UTC 2019 /home/travis/build/icyphy/ptII/ptolemy/demo/test/auto/GMMConvergenceAnalysis.xml
----------------- Instantiating /home/travis/build/icyphy/ptII/ptolemy/demo/test/auto/GMMConvergenceAnalysis.xml
TableauFrame._addMenus: configuration == null?
TableauFrame._addMenus: configuration == null?
26894 ms. Memory: 596992K Free: 538283K (90%)
----------------- Invoking toplevel() on ptolemy.moml.MoMLSimpleApplication@2768b8fd
----------------- Done invoking toplevel() on ptolemy.moml.MoMLSimpleApplication@2768b8fd
reloadAllAccessors: .GMMConvergenceAnalysis

===========================================================================================
----------------- testing Wed Jul 10 03:37:23 UTC 2019 /home/travis/build/icyphy/ptII/ptolemy/demo/test/auto/GaussianMixtureModel.xml
----------------- Instantiating /home/travis/build/icyphy/ptII/ptolemy/demo/test/auto/GaussianMixtureModel.xml
19 ms. Memory: 596992K Free: 568617K (95%)
----------------- Invoking toplevel() on ptolemy.moml.MoMLSimpleApplication@6ef275f
----------------- Done invoking toplevel() on ptolemy.moml.MoMLSimpleApplication@6ef275f
reloadAllAccessors: .GaussianMixtureModel

===========================================================================================
----------------- testing Wed Jul 10 03:37:23 UTC 2019 /home/travis/build/icyphy/ptII/ptolemy/demo/test/auto/GeneratorRegulator.xml
----------------- Instantiating /home/travis/build/icyphy/ptII/ptolemy/demo/test/auto/GeneratorRegulator.xml
262 ms. Memory: 596992K Free: 522023K (87%)
----------------- Invoking toplevel() on ptolemy.moml.MoMLSimpleApplication@a4c3c4d
----------------- Done invoking toplevel() on ptolemy.moml.MoMLSimpleApplication@a4c3c4d
reloadAllAccessors: .GeneratorRegulator

===========================================================================================
----------------- testing Wed Jul 10 03:37:24 UTC 2019 /home/travis/build/icyphy/ptII/ptolemy/demo/test/auto/GeneratorRegulatorFMUProtector.xml
----------------- Instantiating /home/travis/build/icyphy/ptII/ptolemy/demo/test/auto/GeneratorRegulatorFMUProtector.xml
353 ms. Memory: 596992K Free: 474919K (80%)
----------------- Invoking toplevel() on ptolemy.moml.MoMLSimpleApplication@7c6a1c47
----------------- Done invoking toplevel() on ptolemy.moml.MoMLSimpleApplication@7c6a1c47
reloadAllAccessors: .GeneratorRegulatorFMUProtector

===========================================================================================
----------------- testing Wed Jul 10 03:37:24 UTC 2019 /home/travis/build/icyphy/ptII/ptolemy/demo/test/auto/GeneratorRegulatorProtector.xml
----------------- Instantiating /home/travis/build/icyphy/ptII/ptolemy/demo/test/auto/GeneratorRegulatorProtector.xml
278 ms. Memory: 596992K Free: 428329K (72%)
----------------- Invoking toplevel() on ptolemy.moml.MoMLSimpleApplication@62dfc14
----------------- Done invoking toplevel() on ptolemy.moml.MoMLSimpleApplication@62dfc14
reloadAllAccessors: .GeneratorRegulatorProtector

===========================================================================================
----------------- testing Wed Jul 10 03:37:24 UTC 2019 /home/travis/build/icyphy/ptII/ptolemy/demo/test/auto/GeneratorRegulatorProtectorTuLiP.xml
----------------- Instantiating /home/travis/build/icyphy/ptII/ptolemy/demo/test/auto/GeneratorRegulatorProtectorTuLiP.xml
307 ms. Memory: 596992K Free: 375081K (63%)
----------------- Invoking toplevel() on ptolemy.moml.MoMLSimpleApplication@762a4b7b
----------------- Done invoking toplevel() on ptolemy.moml.MoMLSimpleApplication@762a4b7b
reloadAllAccessors: .GeneratorRegulatorProtectorTuLiP

===========================================================================================
----------------- testing Wed Jul 10 03:37:25 UTC 2019 /home/travis/build/icyphy/ptII/ptolemy/demo/test/auto/GeneratorRegulatorProtectorWithBus.xml
----------------- Instantiating /home/travis/build/icyphy/ptII/ptolemy/demo/test/auto/GeneratorRegulatorProtectorWithBus.xml
291 ms. Memory: 596992K Free: 324377K (54%)
----------------- Invoking toplevel() on ptolemy.moml.MoMLSimpleApplication@67bc45a
----------------- Done invoking toplevel() on ptolemy.moml.MoMLSimpleApplication@67bc45a
reloadAllAccessors: .GeneratorRegulatorProtectorWithBus

===========================================================================================
----------------- testing Wed Jul 10 03:37:25 UTC 2019 /home/travis/build/icyphy/ptII/ptolemy/demo/test/auto/GeneratorRegulatorProtectorWithConstraintMonitor.xml
----------------- Instantiating /home/travis/build/icyphy/ptII/ptolemy/demo/test/auto/GeneratorRegulatorProtectorWithConstraintMonitor.xml
WARNING: The execution aspects in this model can influence the timing of actors by delaying the 
execution, potentially changing the behavior. There is no guarantee that actors fire at the 
time they request to be fired. 
Use Ptides for deterministic DE behavior that is not influenced by execution aspects. 

481 ms. Memory: 596992K Free: 567425K (95%)
----------------- Invoking toplevel() on ptolemy.moml.MoMLSimpleApplication@7a5196e
----------------- Done invoking toplevel() on ptolemy.moml.MoMLSimpleApplication@7a5196e
reloadAllAccessors: .GeneratorRegulatorProtectorWithConstraintMonitor

===========================================================================================
----------------- testing Wed Jul 10 03:37:26 UTC 2019 /home/travis/build/icyphy/ptII/ptolemy/demo/test/auto/GeneratorRegulatorProtectorWithProcessor.xml
----------------- Instantiating /home/travis/build/icyphy/ptII/ptolemy/demo/test/auto/GeneratorRegulatorProtectorWithProcessor.xml
WARNING: The execution aspects in this model can influence the timing of actors by delaying the 
execution, potentially changing the behavior. There is no guarantee that actors fire at the 
time they request to be fired. 
Use Ptides for deterministic DE behavior that is not influenced by execution aspects. 

379 ms. Memory: 596992K Free: 481409K (81%)
----------------- Invoking toplevel() on ptolemy.moml.MoMLSimpleApplication@1137ff39
----------------- Done invoking toplevel() on ptolemy.moml.MoMLSimpleApplication@1137ff39
reloadAllAccessors: .GeneratorRegulatorProtectorWithProcessor

===========================================================================================
----------------- testing Wed Jul 10 03:37:26 UTC 2019 /home/travis/build/icyphy/ptII/ptolemy/demo/test/auto/GeneratorRegulatorProtectorWithSpecification.xml
----------------- Instantiating /home/travis/build/icyphy/ptII/ptolemy/demo/test/auto/GeneratorRegulatorProtectorWithSpecification.xml
297 ms. Memory: 596992K Free: 402561K (67%)
----------------- Invoking toplevel() on ptolemy.moml.MoMLSimpleApplication@6e3aca08
----------------- Done invoking toplevel() on ptolemy.moml.MoMLSimpleApplication@6e3aca08
reloadAllAccessors: .GeneratorRegulatorProtectorWithSpecification

===========================================================================================
----------------- testing Wed Jul 10 03:37:27 UTC 2019 /home/travis/build/icyphy/ptII/ptolemy/demo/test/auto/GeneratorTester.xml
----------------- Instantiating /home/travis/build/icyphy/ptII/ptolemy/demo/test/auto/GeneratorTester.xml
250 ms. Memory: 596992K Free: 364673K (61%)
----------------- Invoking toplevel() on ptolemy.moml.MoMLSimpleApplication@5013c999
----------------- Done invoking toplevel() on ptolemy.moml.MoMLSimpleApplication@5013c999
reloadAllAccessors: .GeneratorTester

===========================================================================================
----------------- testing Wed Jul 10 03:37:27 UTC 2019 /home/travis/build/icyphy/ptII/ptolemy/demo/test/auto/HiddenMarkovModelAnalysis.xml
----------------- Instantiating /home/travis/build/icyphy/ptII/ptolemy/demo/test/auto/HiddenMarkovModelAnalysis.xml
546 ms. Memory: 596992K Free: 423654K (71%)
----------------- Invoking toplevel() on ptolemy.moml.MoMLSimpleApplication@32a1c677
----------------- Done invoking toplevel() on ptolemy.moml.MoMLSimpleApplication@32a1c677
reloadAllAccessors: .HiddenMarkovModelAnalysis
AutoTests.java: About to close Vertx.
AutoTests.java: Vertx closed.
]]></system-out>
  <system-err><![CDATA[Warning: Tried to create Export PDF menu item, but failed: java.lang.IndexOutOfBoundsException: Index: 0, Size: 0
Warning: Tried to create Export PDF menu item, but failed: java.lang.IndexOutOfBoundsException: Index: 0, Size: 0
Warning: '.HiddenMarkovModelAnalysis.NonStrictTest2' The test produced only 411 tokens, yet the correctValues parameter was expecting 418 tokens.
Warning: '.HiddenMarkovModelAnalysis.NonStrictTest3' The test produced only 821 tokens, yet the correctValues parameter was expecting 827 tokens.
]]></system-err>
</testsuite>
