<?xml version="1.0" encoding="UTF-8" ?>
<testsuite errors="0" failures="0" hostname="travis-job-53c65f9e-5524-41bf-9502-424829135c98" name="ptolemy.domains.continuous.test.junit.JUnitTclTest" skipped="0" tests="156" time="77.409" timestamp="2019-07-19T06:53:13">
  <properties>
[...]
</properties>
  <testcase classname="ptolemy.util.test.junit.TclTests" name="[0] ThereAreNoTclTests (RunTclFile)" time="0.022" />
  <testcase classname="ptolemy.util.test.junit.AutoKnownFailedTests" name="[0] ThereAreNoKnowFailedTests (RunModel)" time="0.012" />
  <testcase classname="ptolemy.util.test.junit.AutoNameArchTests" name="[0] ThereAreNoAutoArchTests (RunModel)" time="0.02" />
  <testcase classname="ptolemy.util.test.junit.AutoTests" name="[0] /home/travis/build/icyphy/ptII/ptolemy/domains/continuous/test/auto/BouncingBall.xml (RunModel)" time="3.329" />
  <testcase classname="ptolemy.util.test.junit.AutoTests" name="[1] /home/travis/build/icyphy/ptII/ptolemy/domains/continuous/test/auto/BouncingBallWithoutGR.xml (RunModel)" time="1.1" />
  <testcase classname="ptolemy.util.test.junit.AutoTests" name="[2] /home/travis/build/icyphy/ptII/ptolemy/domains/continuous/test/auto/Brownian.xml (RunModel)" time="0.123" />
  <testcase classname="ptolemy.util.test.junit.AutoTests" name="[3] /home/travis/build/icyphy/ptII/ptolemy/domains/continuous/test/auto/CarTracking.xml (RunModel)" time="4.184" />
  <testcase classname="ptolemy.util.test.junit.AutoTests" name="[4] /home/travis/build/icyphy/ptII/ptolemy/domains/continuous/test/auto/CartPendulum.xml (RunModel)" time="0.592" />
  <testcase classname="ptolemy.util.test.junit.AutoTests" name="[5] /home/travis/build/icyphy/ptII/ptolemy/domains/continuous/test/auto/CausalityInterface10.xml (RunModel)" time="0.083" />
  <testcase classname="ptolemy.util.test.junit.AutoTests" name="[6] /home/travis/build/icyphy/ptII/ptolemy/domains/continuous/test/auto/CausalityInterface11.xml (RunModel)" time="0.054" />
  <testcase classname="ptolemy.util.test.junit.AutoTests" name="[7] /home/travis/build/icyphy/ptII/ptolemy/domains/continuous/test/auto/CausalityInterface12.xml (RunModel)" time="0.045" />
  <testcase classname="ptolemy.util.test.junit.AutoTests" name="[8] /home/travis/build/icyphy/ptII/ptolemy/domains/continuous/test/auto/CausalityInterface13.xml (RunModel)" time="0.058" />
  <testcase classname="ptolemy.util.test.junit.AutoTests" name="[9] /home/travis/build/icyphy/ptII/ptolemy/domains/continuous/test/auto/CausalityInterface14.xml (RunModel)" time="0.035" />
  <testcase classname="ptolemy.util.test.junit.AutoTests" name="[10] /home/travis/build/icyphy/ptII/ptolemy/domains/continuous/test/auto/CausalityInterface4.xml (RunModel)" time="0.05" />
  <testcase classname="ptolemy.util.test.junit.AutoTests" name="[11] /home/travis/build/icyphy/ptII/ptolemy/domains/continuous/test/auto/CausalityInterface5.xml (RunModel)" time="0.041" />
  <testcase classname="ptolemy.util.test.junit.AutoTests" name="[12] /home/travis/build/icyphy/ptII/ptolemy/domains/continuous/test/auto/CausalityInterface6.xml (RunModel)" time="0.026" />
  <testcase classname="ptolemy.util.test.junit.AutoTests" name="[13] /home/travis/build/icyphy/ptII/ptolemy/domains/continuous/test/auto/CausalityInterface7.xml (RunModel)" time="0.041" />
  <testcase classname="ptolemy.util.test.junit.AutoTests" name="[14] /home/travis/build/icyphy/ptII/ptolemy/domains/continuous/test/auto/CausalityInterface8.xml (RunModel)" time="0.034" />
  <testcase classname="ptolemy.util.test.junit.AutoTests" name="[15] /home/travis/build/icyphy/ptII/ptolemy/domains/continuous/test/auto/CausalityInterface9.xml (RunModel)" time="0.038" />
  <testcase classname="ptolemy.util.test.junit.AutoTests" name="[16] /home/travis/build/icyphy/ptII/ptolemy/domains/continuous/test/auto/CausalityInterfaceFeedback1.xml (RunModel)" time="0.027" />
  <testcase classname="ptolemy.util.test.junit.AutoTests" name="[17] /home/travis/build/icyphy/ptII/ptolemy/domains/continuous/test/auto/CausalityInterfaceFeedback2.xml (RunModel)" time="0.024" />
  <testcase classname="ptolemy.util.test.junit.AutoTests" name="[18] /home/travis/build/icyphy/ptII/ptolemy/domains/continuous/test/auto/CompareWithCurrentTime.xml (RunModel)" time="0.016" />
  <testcase classname="ptolemy.util.test.junit.AutoTests" name="[19] /home/travis/build/icyphy/ptII/ptolemy/domains/continuous/test/auto/ComparedClocks.xml (RunModel)" time="0.061" />
  <testcase classname="ptolemy.util.test.junit.AutoTests" name="[20] /home/travis/build/icyphy/ptII/ptolemy/domains/continuous/test/auto/ContinuousAOCClone.xml (RunModel)" time="3.085" />
  <testcase classname="ptolemy.util.test.junit.AutoTests" name="[21] /home/travis/build/icyphy/ptII/ptolemy/domains/continuous/test/auto/ContinuousClock.xml (RunModel)" time="0.074" />
  <testcase classname="ptolemy.util.test.junit.AutoTests" name="[22] /home/travis/build/icyphy/ptII/ptolemy/domains/continuous/test/auto/ContinuousInContinuous.xml (RunModel)" time="0.095" />
  <testcase classname="ptolemy.util.test.junit.AutoTests" name="[23] /home/travis/build/icyphy/ptII/ptolemy/domains/continuous/test/auto/ContinuousInContinuousInContinuous.xml (RunModel)" time="0.03" />
  <testcase classname="ptolemy.util.test.junit.AutoTests" name="[24] /home/travis/build/icyphy/ptII/ptolemy/domains/continuous/test/auto/ContinuousInDE.xml (RunModel)" time="0.117" />
  <testcase classname="ptolemy.util.test.junit.AutoTests" name="[25] /home/travis/build/icyphy/ptII/ptolemy/domains/continuous/test/auto/ContinuousInDE2.xml (RunModel)" time="0.053" />
  <testcase classname="ptolemy.util.test.junit.AutoTests" name="[26] /home/travis/build/icyphy/ptII/ptolemy/domains/continuous/test/auto/ContinuousInDE3.xml (RunModel)" time="0.051" />
  <testcase classname="ptolemy.util.test.junit.AutoTests" name="[27] /home/travis/build/icyphy/ptII/ptolemy/domains/continuous/test/auto/ContinuousInDE4.xml (RunModel)" time="0.031" />
  <testcase classname="ptolemy.util.test.junit.AutoTests" name="[28] /home/travis/build/icyphy/ptII/ptolemy/domains/continuous/test/auto/ContinuousInDEDifferentRefinements.xml (RunModel)" time="0.088" />
  <testcase classname="ptolemy.util.test.junit.AutoTests" name="[29] /home/travis/build/icyphy/ptII/ptolemy/domains/continuous/test/auto/ContinuousInDEDifferentRefinementsPreemptive.xml (RunModel)" time="0.103" />
  <testcase classname="ptolemy.util.test.junit.AutoTests" name="[30] /home/travis/build/icyphy/ptII/ptolemy/domains/continuous/test/auto/ContinuousInDEInContinuous2.xml (RunModel)" time="0.068" />
  <testcase classname="ptolemy.util.test.junit.AutoTests" name="[31] /home/travis/build/icyphy/ptII/ptolemy/domains/continuous/test/auto/ContinuousInDEInContinuous3.xml (RunModel)" time="0.069" />
  <testcase classname="ptolemy.util.test.junit.AutoTests" name="[32] /home/travis/build/icyphy/ptII/ptolemy/domains/continuous/test/auto/ContinuousInDEInput.xml (RunModel)" time="0.038" />
  <testcase classname="ptolemy.util.test.junit.AutoTests" name="[33] /home/travis/build/icyphy/ptII/ptolemy/domains/continuous/test/auto/ContinuousInDEInput2.xml (RunModel)" time="0.038" />
  <testcase classname="ptolemy.util.test.junit.AutoTests" name="[34] /home/travis/build/icyphy/ptII/ptolemy/domains/continuous/test/auto/ContinuousInDEInput3.xml (RunModel)" time="0.03" />
  <testcase classname="ptolemy.util.test.junit.AutoTests" name="[35] /home/travis/build/icyphy/ptII/ptolemy/domains/continuous/test/auto/ContinuousInDESharingRefinement.xml (RunModel)" time="0.179" />
  <testcase classname="ptolemy.util.test.junit.AutoTests" name="[36] /home/travis/build/icyphy/ptII/ptolemy/domains/continuous/test/auto/ContinuousInDEwithNoPorts.xml (RunModel)" time="0.019" />
  <testcase classname="ptolemy.util.test.junit.AutoTests" name="[37] /home/travis/build/icyphy/ptII/ptolemy/domains/continuous/test/auto/ContinuousInsideDE.xml (RunModel)" time="0.084" />
  <testcase classname="ptolemy.util.test.junit.AutoTests" name="[38] /home/travis/build/icyphy/ptII/ptolemy/domains/continuous/test/auto/ContinuousMerge1.xml (RunModel)" time="0.024" />
  <testcase classname="ptolemy.util.test.junit.AutoTests" name="[39] /home/travis/build/icyphy/ptII/ptolemy/domains/continuous/test/auto/ContinuousMerge2.xml (RunModel)" time="0.062" />
  <testcase classname="ptolemy.util.test.junit.AutoTests" name="[40] /home/travis/build/icyphy/ptII/ptolemy/domains/continuous/test/auto/ContinuousMerge3.xml (RunModel)" time="0.07" />
  <testcase classname="ptolemy.util.test.junit.AutoTests" name="[41] /home/travis/build/icyphy/ptII/ptolemy/domains/continuous/test/auto/ContinuousWithinContinuous.xml (RunModel)" time="0.054" />
  <testcase classname="ptolemy.util.test.junit.AutoTests" name="[42] /home/travis/build/icyphy/ptII/ptolemy/domains/continuous/test/auto/ContinuousWithinContinuous2.xml (RunModel)" time="0.082" />
  <testcase classname="ptolemy.util.test.junit.AutoTests" name="[43] /home/travis/build/icyphy/ptII/ptolemy/domains/continuous/test/auto/ContinuousWithinContinuous3.xml (RunModel)" time="0.027" />
  <testcase classname="ptolemy.util.test.junit.AutoTests" name="[44] /home/travis/build/icyphy/ptII/ptolemy/domains/continuous/test/auto/ContinuousWithinContinuous4.xml (RunModel)" time="0.094" />
  <testcase classname="ptolemy.util.test.junit.AutoTests" name="[45] /home/travis/build/icyphy/ptII/ptolemy/domains/continuous/test/auto/ContinuousWithinContinuous5.xml (RunModel)" time="0.034" />
  <testcase classname="ptolemy.util.test.junit.AutoTests" name="[46] /home/travis/build/icyphy/ptII/ptolemy/domains/continuous/test/auto/ContinuousWithinContinuous6.xml (RunModel)" time="0.03" />
  <testcase classname="ptolemy.util.test.junit.AutoTests" name="[47] /home/travis/build/icyphy/ptII/ptolemy/domains/continuous/test/auto/ContinuousWithinContinuous7.xml (RunModel)" time="0.079" />
  <testcase classname="ptolemy.util.test.junit.AutoTests" name="[48] /home/travis/build/icyphy/ptII/ptolemy/domains/continuous/test/auto/DCMotor.xml (RunModel)" time="13.841" />
  <testcase classname="ptolemy.util.test.junit.AutoTests" name="[49] /home/travis/build/icyphy/ptII/ptolemy/domains/continuous/test/auto/DEInContinuous.xml (RunModel)" time="0.035" />
  <testcase classname="ptolemy.util.test.junit.AutoTests" name="[50] /home/travis/build/icyphy/ptII/ptolemy/domains/continuous/test/auto/DEinContinuous2.xml (RunModel)" time="0.029" />
  <testcase classname="ptolemy.util.test.junit.AutoTests" name="[51] /home/travis/build/icyphy/ptII/ptolemy/domains/continuous/test/auto/Derivative.xml (RunModel)" time="0.205" />
  <testcase classname="ptolemy.util.test.junit.AutoTests" name="[52] /home/travis/build/icyphy/ptII/ptolemy/domains/continuous/test/auto/Derivative1.xml (RunModel)" time="0.055" />
  <testcase classname="ptolemy.util.test.junit.AutoTests" name="[53] /home/travis/build/icyphy/ptII/ptolemy/domains/continuous/test/auto/DiscreteClock.xml (RunModel)" time="0.014" />
  <testcase classname="ptolemy.util.test.junit.AutoTests" name="[54] /home/travis/build/icyphy/ptII/ptolemy/domains/continuous/test/auto/EfficiencyCurve.xml (RunModel)" time="0.113" />
  <testcase classname="ptolemy.util.test.junit.AutoTests" name="[55] /home/travis/build/icyphy/ptII/ptolemy/domains/continuous/test/auto/ExponentialResponse.xml (RunModel)" time="0.118" />
  <testcase classname="ptolemy.util.test.junit.AutoTests" name="[56] /home/travis/build/icyphy/ptII/ptolemy/domains/continuous/test/auto/ExponentialResponseRK45.xml (RunModel)" time="0.036" />
  <testcase classname="ptolemy.util.test.junit.AutoTests" name="[57] /home/travis/build/icyphy/ptII/ptolemy/domains/continuous/test/auto/Friction.xml (RunModel)" time="1.631" />
  <testcase classname="ptolemy.util.test.junit.AutoTests" name="[58] /home/travis/build/icyphy/ptII/ptolemy/domains/continuous/test/auto/FurutaPendulum.xml (RunModel)" time="3.601" />
  <testcase classname="ptolemy.util.test.junit.AutoTests" name="[59] /home/travis/build/icyphy/ptII/ptolemy/domains/continuous/test/auto/HierarchicalExecution.xml (RunModel)" time="2.127" />
  <testcase classname="ptolemy.util.test.junit.AutoTests" name="[60] /home/travis/build/icyphy/ptII/ptolemy/domains/continuous/test/auto/HybridPlant.xml (RunModel)" time="0.559" />
  <testcase classname="ptolemy.util.test.junit.AutoTests" name="[61] /home/travis/build/icyphy/ptII/ptolemy/domains/continuous/test/auto/Hysteresis.xml (RunModel)" time="0.184" />
  <testcase classname="ptolemy.util.test.junit.AutoTests" name="[62] /home/travis/build/icyphy/ptII/ptolemy/domains/continuous/test/auto/HysteresisWithRandomDelay.xml (RunModel)" time="0.224" />
  <testcase classname="ptolemy.util.test.junit.AutoTests" name="[63] /home/travis/build/icyphy/ptII/ptolemy/domains/continuous/test/auto/HysteresisWithRandomLosses.xml (RunModel)" time="2.35" />
  <testcase classname="ptolemy.util.test.junit.AutoTests" name="[64] /home/travis/build/icyphy/ptII/ptolemy/domains/continuous/test/auto/ImmediateTransitions.xml (RunModel)" time="0.043" />
  <testcase classname="ptolemy.util.test.junit.AutoTests" name="[65] /home/travis/build/icyphy/ptII/ptolemy/domains/continuous/test/auto/ImpulseFeedback.xml (RunModel)" time="0.024" />
  <testcase classname="ptolemy.util.test.junit.AutoTests" name="[66] /home/travis/build/icyphy/ptII/ptolemy/domains/continuous/test/auto/ImpulseFeedback2.xml (RunModel)" time="0.016" />
  <testcase classname="ptolemy.util.test.junit.AutoTests" name="[67] /home/travis/build/icyphy/ptII/ptolemy/domains/continuous/test/auto/IncreasingRatePoisson.xml (RunModel)" time="0.73" />
  <testcase classname="ptolemy.util.test.junit.AutoTests" name="[68] /home/travis/build/icyphy/ptII/ptolemy/domains/continuous/test/auto/InitialStateFeedback.xml (RunModel)" time="0.018" />
  <testcase classname="ptolemy.util.test.junit.AutoTests" name="[69] /home/travis/build/icyphy/ptII/ptolemy/domains/continuous/test/auto/Integration.xml (RunModel)" time="0.009" />
  <testcase classname="ptolemy.util.test.junit.AutoTests" name="[70] /home/travis/build/icyphy/ptII/ptolemy/domains/continuous/test/auto/Integration2.xml (RunModel)" time="0.096" />
  <testcase classname="ptolemy.util.test.junit.AutoTests" name="[71] /home/travis/build/icyphy/ptII/ptolemy/domains/continuous/test/auto/Integration3.xml (RunModel)" time="0.031" />
  <testcase classname="ptolemy.util.test.junit.AutoTests" name="[72] /home/travis/build/icyphy/ptII/ptolemy/domains/continuous/test/auto/Integration5.xml (RunModel)" time="0.012" />
  <testcase classname="ptolemy.util.test.junit.AutoTests" name="[73] /home/travis/build/icyphy/ptII/ptolemy/domains/continuous/test/auto/IntegratorImpulse.xml (RunModel)" time="0.014" />
  <testcase classname="ptolemy.util.test.junit.AutoTests" name="[74] /home/travis/build/icyphy/ptII/ptolemy/domains/continuous/test/auto/IntegratorImpulse2.xml (RunModel)" time="0.011" />
  <testcase classname="ptolemy.util.test.junit.AutoTests" name="[75] /home/travis/build/icyphy/ptII/ptolemy/domains/continuous/test/auto/LevelCrossing1.xml (RunModel)" time="0.013" />
  <testcase classname="ptolemy.util.test.junit.AutoTests" name="[76] /home/travis/build/icyphy/ptII/ptolemy/domains/continuous/test/auto/LevelCrossing2.xml (RunModel)" time="0.018" />
  <testcase classname="ptolemy.util.test.junit.AutoTests" name="[77] /home/travis/build/icyphy/ptII/ptolemy/domains/continuous/test/auto/LevelCrossing3.xml (RunModel)" time="0.015" />
  <testcase classname="ptolemy.util.test.junit.AutoTests" name="[78] /home/travis/build/icyphy/ptII/ptolemy/domains/continuous/test/auto/LevelCrossing4.xml (RunModel)" time="0.014" />
  <testcase classname="ptolemy.util.test.junit.AutoTests" name="[79] /home/travis/build/icyphy/ptII/ptolemy/domains/continuous/test/auto/LevelCrossing5.xml (RunModel)" time="0.016" />
  <testcase classname="ptolemy.util.test.junit.AutoTests" name="[80] /home/travis/build/icyphy/ptII/ptolemy/domains/continuous/test/auto/LevelCrossing6.xml (RunModel)" time="0.013" />
  <testcase classname="ptolemy.util.test.junit.AutoTests" name="[81] /home/travis/build/icyphy/ptII/ptolemy/domains/continuous/test/auto/LevelCrossingDetector.xml (RunModel)" time="0.036" />
  <testcase classname="ptolemy.util.test.junit.AutoTests" name="[82] /home/travis/build/icyphy/ptII/ptolemy/domains/continuous/test/auto/LevelCrossingDetectorDetectingDirections.xml (RunModel)" time="0.094" />
  <testcase classname="ptolemy.util.test.junit.AutoTests" name="[83] /home/travis/build/icyphy/ptII/ptolemy/domains/continuous/test/auto/LevelCrossingDetectorDetectsGlitches.xml (RunModel)" time="0.064" />
  <testcase classname="ptolemy.util.test.junit.AutoTests" name="[84] /home/travis/build/icyphy/ptII/ptolemy/domains/continuous/test/auto/LevelCrossingNoInitialOuput.xml (RunModel)" time="0.015" />
  <testcase classname="ptolemy.util.test.junit.AutoTests" name="[85] /home/travis/build/icyphy/ptII/ptolemy/domains/continuous/test/auto/LinearStateSpaceExample.xml (RunModel)" time="0.044" />
  <testcase classname="ptolemy.util.test.junit.AutoTests" name="[86] /home/travis/build/icyphy/ptII/ptolemy/domains/continuous/test/auto/Lorenz.xml (RunModel)" time="4.206" />
  <testcase classname="ptolemy.util.test.junit.AutoTests" name="[87] /home/travis/build/icyphy/ptII/ptolemy/domains/continuous/test/auto/LorenzDifferentialSystem.xml (RunModel)" time="1.155" />
  <testcase classname="ptolemy.util.test.junit.AutoTests" name="[88] /home/travis/build/icyphy/ptII/ptolemy/domains/continuous/test/auto/LorenzDifferentialSystemWithInput.xml (RunModel)" time="1.44" />
  <testcase classname="ptolemy.util.test.junit.AutoTests" name="[89] /home/travis/build/icyphy/ptII/ptolemy/domains/continuous/test/auto/LorenzDifferentialSystemWithTime.xml (RunModel)" time="0.726" />
  <testcase classname="ptolemy.util.test.junit.AutoTests" name="[90] /home/travis/build/icyphy/ptII/ptolemy/domains/continuous/test/auto/Microsteps.xml (RunModel)" time="0.032" />
  <testcase classname="ptolemy.util.test.junit.AutoTests" name="[91] /home/travis/build/icyphy/ptII/ptolemy/domains/continuous/test/auto/Modal1.xml (RunModel)" time="0.038" />
  <testcase classname="ptolemy.util.test.junit.AutoTests" name="[92] /home/travis/build/icyphy/ptII/ptolemy/domains/continuous/test/auto/Modal2.xml (RunModel)" time="0.057" />
  <testcase classname="ptolemy.util.test.junit.AutoTests" name="[93] /home/travis/build/icyphy/ptII/ptolemy/domains/continuous/test/auto/ModalTransitionGuardWithReset.xml (RunModel)" time="0.028" />
  <testcase classname="ptolemy.util.test.junit.AutoTests" name="[94] /home/travis/build/icyphy/ptII/ptolemy/domains/continuous/test/auto/ModalTransitionGuardWithResetUsingPreemptiveTransition.xml (RunModel)" time="0.028" />
  <testcase classname="ptolemy.util.test.junit.AutoTests" name="[95] /home/travis/build/icyphy/ptII/ptolemy/domains/continuous/test/auto/ModalTransitionGuardWithResetUsingPreemptiveTransition2.xml (RunModel)" time="0.036" />
  <testcase classname="ptolemy.util.test.junit.AutoTests" name="[96] /home/travis/build/icyphy/ptII/ptolemy/domains/continuous/test/auto/ModalTransitionGuardWithResetUsingPreemptiveTransition3.xml (RunModel)" time="0.022" />
  <testcase classname="ptolemy.util.test.junit.AutoTests" name="[97] /home/travis/build/icyphy/ptII/ptolemy/domains/continuous/test/auto/NewtonsCradle.xml (RunModel)" time="0.799" />
  <testcase classname="ptolemy.util.test.junit.AutoTests" name="[98] /home/travis/build/icyphy/ptII/ptolemy/domains/continuous/test/auto/NewtonsCradleAnimated.xml (RunModel)" time="1.169" />
  <testcase classname="ptolemy.util.test.junit.AutoTests" name="[99] /home/travis/build/icyphy/ptII/ptolemy/domains/continuous/test/auto/NewtonsCradleComplicated.xml (RunModel)" time="0.857" />
  <testcase classname="ptolemy.util.test.junit.AutoTests" name="[100] /home/travis/build/icyphy/ptII/ptolemy/domains/continuous/test/auto/NewtonsCradleNondeterministic.xml (RunModel)" time="0.656" />
  <testcase classname="ptolemy.util.test.junit.AutoTests" name="[101] /home/travis/build/icyphy/ptII/ptolemy/domains/continuous/test/auto/NewtonsCradlePerfectlyInelastic1.xml (RunModel)" time="1.428" />
  <testcase classname="ptolemy.util.test.junit.AutoTests" name="[102] /home/travis/build/icyphy/ptII/ptolemy/domains/continuous/test/auto/Noise.xml (RunModel)" time="0.196" />
  <testcase classname="ptolemy.util.test.junit.AutoTests" name="[103] /home/travis/build/icyphy/ptII/ptolemy/domains/continuous/test/auto/NoiseSpectrum.xml (RunModel)" time="0.768" />
  <testcase classname="ptolemy.util.test.junit.AutoTests" name="[104] /home/travis/build/icyphy/ptII/ptolemy/domains/continuous/test/auto/ParameterizedNewtonsCradleAnimated.xml (RunModel)" time="0.334" />
  <testcase classname="ptolemy.util.test.junit.AutoTests" name="[105] /home/travis/build/icyphy/ptII/ptolemy/domains/continuous/test/auto/ParameterizedNewtonsCradleAnimatedNondeterministic.xml (RunModel)" time="1.204" />
  <testcase classname="ptolemy.util.test.junit.AutoTests" name="[106] /home/travis/build/icyphy/ptII/ptolemy/domains/continuous/test/auto/Pendulum3D.xml (RunModel)" time="0.179" />
  <testcase classname="ptolemy.util.test.junit.AutoTests" name="[107] /home/travis/build/icyphy/ptII/ptolemy/domains/continuous/test/auto/PeriodicSampler.xml (RunModel)" time="0.011" />
  <testcase classname="ptolemy.util.test.junit.AutoTests" name="[108] /home/travis/build/icyphy/ptII/ptolemy/domains/continuous/test/auto/PeriodicSampler1.xml (RunModel)" time="0.05" />
  <testcase classname="ptolemy.util.test.junit.AutoTests" name="[109] /home/travis/build/icyphy/ptII/ptolemy/domains/continuous/test/auto/PeriodicSampler2.xml (RunModel)" time="0.085" />
  <testcase classname="ptolemy.util.test.junit.AutoTests" name="[110] /home/travis/build/icyphy/ptII/ptolemy/domains/continuous/test/auto/Poisson.xml (RunModel)" time="0.45" />
  <testcase classname="ptolemy.util.test.junit.AutoTests" name="[111] /home/travis/build/icyphy/ptII/ptolemy/domains/continuous/test/auto/PoissonClock.xml (RunModel)" time="0.015" />
  <testcase classname="ptolemy.util.test.junit.AutoTests" name="[112] /home/travis/build/icyphy/ptII/ptolemy/domains/continuous/test/auto/PoissonClock2.xml (RunModel)" time="0.013" />
  <testcase classname="ptolemy.util.test.junit.AutoTests" name="[113] /home/travis/build/icyphy/ptII/ptolemy/domains/continuous/test/auto/PortParameterHierarchy.xml (RunModel)" time="0.025" />
  <testcase classname="ptolemy.util.test.junit.AutoTests" name="[114] /home/travis/build/icyphy/ptII/ptolemy/domains/continuous/test/auto/RandomHybridPlant.xml (RunModel)" time="0.548" />
  <testcase classname="ptolemy.util.test.junit.AutoTests" name="[115] /home/travis/build/icyphy/ptII/ptolemy/domains/continuous/test/auto/ResetTransitionWithStartTime1.xml (RunModel)" time="0.03" />
  <testcase classname="ptolemy.util.test.junit.AutoTests" name="[116] /home/travis/build/icyphy/ptII/ptolemy/domains/continuous/test/auto/ResetTransitionWithStartTime2.xml (RunModel)" time="0.038" />
  <testcase classname="ptolemy.util.test.junit.AutoTests" name="[117] /home/travis/build/icyphy/ptII/ptolemy/domains/continuous/test/auto/ResetTransitionWithStartTime3.xml (RunModel)" time="0.039" />
  <testcase classname="ptolemy.util.test.junit.AutoTests" name="[118] /home/travis/build/icyphy/ptII/ptolemy/domains/continuous/test/auto/ResetTransitionWithStartTime4.xml (RunModel)" time="0.027" />
  <testcase classname="ptolemy.util.test.junit.AutoTests" name="[119] /home/travis/build/icyphy/ptII/ptolemy/domains/continuous/test/auto/ResetTransitionWithStartTime5.xml (RunModel)" time="0.032" />
  <testcase classname="ptolemy.util.test.junit.AutoTests" name="[120] /home/travis/build/icyphy/ptII/ptolemy/domains/continuous/test/auto/ResetTransitionWithStartTime6.xml (RunModel)" time="0.025" />
  <testcase classname="ptolemy.util.test.junit.AutoTests" name="[121] /home/travis/build/icyphy/ptII/ptolemy/domains/continuous/test/auto/SRinContinuous.xml (RunModel)" time="0.023" />
  <testcase classname="ptolemy.util.test.junit.AutoTests" name="[122] /home/travis/build/icyphy/ptII/ptolemy/domains/continuous/test/auto/SampledClocks.xml (RunModel)" time="0.032" />
  <testcase classname="ptolemy.util.test.junit.AutoTests" name="[123] /home/travis/build/icyphy/ptII/ptolemy/domains/continuous/test/auto/Satellite.xml (RunModel)" time="0.83" />
  <testcase classname="ptolemy.util.test.junit.AutoTests" name="[124] /home/travis/build/icyphy/ptII/ptolemy/domains/continuous/test/auto/SigmaDelta.xml (RunModel)" time="2.441" />
  <testcase classname="ptolemy.util.test.junit.AutoTests" name="[125] /home/travis/build/icyphy/ptII/ptolemy/domains/continuous/test/auto/SingleRefinement.xml (RunModel)" time="0.448" />
  <testcase classname="ptolemy.util.test.junit.AutoTests" name="[126] /home/travis/build/icyphy/ptII/ptolemy/domains/continuous/test/auto/SinuBouncingBall.xml (RunModel)" time="0.896" />
  <testcase classname="ptolemy.util.test.junit.AutoTests" name="[127] /home/travis/build/icyphy/ptII/ptolemy/domains/continuous/test/auto/Sinusoid.xml (RunModel)" time="0.024" />
  <testcase classname="ptolemy.util.test.junit.AutoTests" name="[128] /home/travis/build/icyphy/ptII/ptolemy/domains/continuous/test/auto/SinusoidInNoise.xml (RunModel)" time="0.962" />
  <testcase classname="ptolemy.util.test.junit.AutoTests" name="[129] /home/travis/build/icyphy/ptII/ptolemy/domains/continuous/test/auto/SinusoidRK45.xml (RunModel)" time="0.016" />
  <testcase classname="ptolemy.util.test.junit.AutoTests" name="[130] /home/travis/build/icyphy/ptII/ptolemy/domains/continuous/test/auto/SinusoidWithMultipleImpulses.xml (RunModel)" time="0.018" />
  <testcase classname="ptolemy.util.test.junit.AutoTests" name="[131] /home/travis/build/icyphy/ptII/ptolemy/domains/continuous/test/auto/SquareWave.xml (RunModel)" time="0.21" />
  <testcase classname="ptolemy.util.test.junit.AutoTests" name="[132] /home/travis/build/icyphy/ptII/ptolemy/domains/continuous/test/auto/Starmac.xml (RunModel)" time="3.386" />
  <testcase classname="ptolemy.util.test.junit.AutoTests" name="[133] /home/travis/build/icyphy/ptII/ptolemy/domains/continuous/test/auto/StaticUnits.xml (RunModel)" time="2.983" />
  <testcase classname="ptolemy.util.test.junit.AutoTests" name="[134] /home/travis/build/icyphy/ptII/ptolemy/domains/continuous/test/auto/StickyMasses.xml (RunModel)" time="0.186" />
  <testcase classname="ptolemy.util.test.junit.AutoTests" name="[135] /home/travis/build/icyphy/ptII/ptolemy/domains/continuous/test/auto/StopTime.xml (RunModel)" time="0.068" />
  <testcase classname="ptolemy.util.test.junit.AutoTests" name="[136] /home/travis/build/icyphy/ptII/ptolemy/domains/continuous/test/auto/StopTime2.xml (RunModel)" time="0.081" />
  <testcase classname="ptolemy.util.test.junit.AutoTests" name="[137] /home/travis/build/icyphy/ptII/ptolemy/domains/continuous/test/auto/Switch.xml (RunModel)" time="0.065" />
  <testcase classname="ptolemy.util.test.junit.AutoTests" name="[138] /home/travis/build/icyphy/ptII/ptolemy/domains/continuous/test/auto/Thermostat.xml (RunModel)" time="0.218" />
  <testcase classname="ptolemy.util.test.junit.AutoTests" name="[139] /home/travis/build/icyphy/ptII/ptolemy/domains/continuous/test/auto/TimeDelay.xml (RunModel)" time="0.014" />
  <testcase classname="ptolemy.util.test.junit.AutoTests" name="[140] /home/travis/build/icyphy/ptII/ptolemy/domains/continuous/test/auto/TimeDelay2.xml (RunModel)" time="0.025" />
  <testcase classname="ptolemy.util.test.junit.AutoTests" name="[141] /home/travis/build/icyphy/ptII/ptolemy/domains/continuous/test/auto/TimeDelay3.xml (RunModel)" time="0.014" />
  <testcase classname="ptolemy.util.test.junit.AutoTests" name="[142] /home/travis/build/icyphy/ptII/ptolemy/domains/continuous/test/auto/TransferAbsentToInside.xml (RunModel)" time="0.107" />
  <testcase classname="ptolemy.util.test.junit.AutoTests" name="[143] /home/travis/build/icyphy/ptII/ptolemy/domains/continuous/test/auto/Transmission.xml (RunModel)" time="0.784" />
  <testcase classname="ptolemy.util.test.junit.AutoTests" name="[144] /home/travis/build/icyphy/ptII/ptolemy/domains/continuous/test/auto/TriggeredContinuousClock.xml (RunModel)" time="0.08" />
  <testcase classname="ptolemy.util.test.junit.AutoTests" name="[145] /home/travis/build/icyphy/ptII/ptolemy/domains/continuous/test/auto/TwoMachineInfiniteBusControl.xml (RunModel)" time="3.262" />
  <testcase classname="ptolemy.util.test.junit.AutoTests" name="[146] /home/travis/build/icyphy/ptII/ptolemy/domains/continuous/test/auto/V2V.xml (RunModel)" time="0.81" />
  <testcase classname="ptolemy.util.test.junit.AutoTests" name="[147] /home/travis/build/icyphy/ptII/ptolemy/domains/continuous/test/auto/hierarchicalModalModel.xml (RunModel)" time="0.031" />
  <testcase classname="ptolemy.util.test.junit.AutoTests" name="[148] /home/travis/build/icyphy/ptII/ptolemy/domains/continuous/test/auto/hierarchicalModalModel1.xml (RunModel)" time="0.032" />
  <testcase classname="ptolemy.util.test.junit.AutoTests" name="[149] /home/travis/build/icyphy/ptII/ptolemy/domains/continuous/test/auto/hierarchicalModalModel2.xml (RunModel)" time="0.029" />
  <testcase classname="ptolemy.util.test.junit.AutoTests" name="[150] /home/travis/build/icyphy/ptII/ptolemy/domains/continuous/test/auto/hierarchicalModalModel3.xml (RunModel)" time="0.024" />
  <testcase classname="ptolemy.util.test.junit.AutoTests" name="[151] /home/travis/build/icyphy/ptII/ptolemy/domains/continuous/test/auto/hierarchicalModalModel4.xml (RunModel)" time="0.024" />
  <testcase classname="ptolemy.util.test.junit.AutoTests" name="[152] /home/travis/build/icyphy/ptII/ptolemy/domains/continuous/test/auto/junk.xml (RunModel)" time="0.177" />
  <system-out><![CDATA[No tcl tests in /home/travis/build/icyphy/ptII/ptolemy/domains/continuous/test
No auto/knownFailedTests/*.xml tests in /home/travis/build/icyphy/ptII/ptolemy/domains/continuous/test
No auto/linux-amd64/*.xml tests in /home/travis/build/icyphy/ptII/ptolemy/domains/continuous/test
AutoTests.java: About to close Vertx.
AutoTests.java: Vertx closed.

===========================================================================================
----------------- testing Fri Jul 19 06:53:14 UTC 2019 /home/travis/build/icyphy/ptII/ptolemy/domains/continuous/test/auto/BouncingBall.xml
----------------- Instantiating /home/travis/build/icyphy/ptII/ptolemy/domains/continuous/test/auto/BouncingBall.xml
2686 ms. Memory: 145408K Free: 84292K (58%)
----------------- Invoking toplevel() on ptolemy.moml.MoMLSimpleApplication@6a78548f
----------------- Done invoking toplevel() on ptolemy.moml.MoMLSimpleApplication@6a78548f
reloadAllAccessors: .BouncingBall

===========================================================================================
----------------- testing Fri Jul 19 06:53:17 UTC 2019 /home/travis/build/icyphy/ptII/ptolemy/domains/continuous/test/auto/BouncingBallWithoutGR.xml
----------------- Instantiating /home/travis/build/icyphy/ptII/ptolemy/domains/continuous/test/auto/BouncingBallWithoutGR.xml
958 ms. Memory: 175104K Free: 106169K (61%)
----------------- Invoking toplevel() on ptolemy.moml.MoMLSimpleApplication@5b5d9cf8
----------------- Done invoking toplevel() on ptolemy.moml.MoMLSimpleApplication@5b5d9cf8
reloadAllAccessors: .BouncingBallWithoutGR

===========================================================================================
----------------- testing Fri Jul 19 06:53:18 UTC 2019 /home/travis/build/icyphy/ptII/ptolemy/domains/continuous/test/auto/Brownian.xml
----------------- Instantiating /home/travis/build/icyphy/ptII/ptolemy/domains/continuous/test/auto/Brownian.xml
36 ms. Memory: 175104K Free: 97463K (56%)
----------------- Invoking toplevel() on ptolemy.moml.MoMLSimpleApplication@7a3e9c02
----------------- Done invoking toplevel() on ptolemy.moml.MoMLSimpleApplication@7a3e9c02
reloadAllAccessors: .Brownian

===========================================================================================
----------------- testing Fri Jul 19 06:53:18 UTC 2019 /home/travis/build/icyphy/ptII/ptolemy/domains/continuous/test/auto/CarTracking.xml
----------------- Instantiating /home/travis/build/icyphy/ptII/ptolemy/domains/continuous/test/auto/CarTracking.xml
3708 ms. Memory: 210944K Free: 187209K (89%)
----------------- Invoking toplevel() on ptolemy.moml.MoMLSimpleApplication@1a87a511
----------------- Done invoking toplevel() on ptolemy.moml.MoMLSimpleApplication@1a87a511
reloadAllAccessors: .CarTracking

===========================================================================================
----------------- testing Fri Jul 19 06:53:22 UTC 2019 /home/travis/build/icyphy/ptII/ptolemy/domains/continuous/test/auto/CartPendulum.xml
----------------- Instantiating /home/travis/build/icyphy/ptII/ptolemy/domains/continuous/test/auto/CartPendulum.xml
447 ms. Memory: 210944K Free: 96073K (46%)
----------------- Invoking toplevel() on ptolemy.moml.MoMLSimpleApplication@3ad587c0
----------------- Done invoking toplevel() on ptolemy.moml.MoMLSimpleApplication@3ad587c0
reloadAllAccessors: .CartPendulum

===========================================================================================
----------------- testing Fri Jul 19 06:53:23 UTC 2019 /home/travis/build/icyphy/ptII/ptolemy/domains/continuous/test/auto/CausalityInterface10.xml
----------------- Instantiating /home/travis/build/icyphy/ptII/ptolemy/domains/continuous/test/auto/CausalityInterface10.xml
19 ms. Memory: 210944K Free: 85833K (41%)
----------------- Invoking toplevel() on ptolemy.moml.MoMLSimpleApplication@61429f6
----------------- Done invoking toplevel() on ptolemy.moml.MoMLSimpleApplication@61429f6
reloadAllAccessors: .CausalityInterface10

===========================================================================================
----------------- testing Fri Jul 19 06:53:23 UTC 2019 /home/travis/build/icyphy/ptII/ptolemy/domains/continuous/test/auto/CausalityInterface11.xml
----------------- Instantiating /home/travis/build/icyphy/ptII/ptolemy/domains/continuous/test/auto/CausalityInterface11.xml
8 ms. Memory: 210944K Free: 79689K (38%)
----------------- Invoking toplevel() on ptolemy.moml.MoMLSimpleApplication@29826ee4
----------------- Done invoking toplevel() on ptolemy.moml.MoMLSimpleApplication@29826ee4
reloadAllAccessors: .CausalityInterface11

===========================================================================================
----------------- testing Fri Jul 19 06:53:23 UTC 2019 /home/travis/build/icyphy/ptII/ptolemy/domains/continuous/test/auto/CausalityInterface12.xml
----------------- Instantiating /home/travis/build/icyphy/ptII/ptolemy/domains/continuous/test/auto/CausalityInterface12.xml
5 ms. Memory: 210944K Free: 73545K (35%)
----------------- Invoking toplevel() on ptolemy.moml.MoMLSimpleApplication@61f2e7b2
----------------- Done invoking toplevel() on ptolemy.moml.MoMLSimpleApplication@61f2e7b2
reloadAllAccessors: .CausalityInterface12

===========================================================================================
----------------- testing Fri Jul 19 06:53:23 UTC 2019 /home/travis/build/icyphy/ptII/ptolemy/domains/continuous/test/auto/CausalityInterface13.xml
----------------- Instantiating /home/travis/build/icyphy/ptII/ptolemy/domains/continuous/test/auto/CausalityInterface13.xml
14 ms. Memory: 253952K Free: 234988K (93%)
----------------- Invoking toplevel() on ptolemy.moml.MoMLSimpleApplication@71b279bb
----------------- Done invoking toplevel() on ptolemy.moml.MoMLSimpleApplication@71b279bb
reloadAllAccessors: .CausalityInterface13

===========================================================================================
----------------- testing Fri Jul 19 06:53:23 UTC 2019 /home/travis/build/icyphy/ptII/ptolemy/domains/continuous/test/auto/CausalityInterface14.xml
----------------- Instantiating /home/travis/build/icyphy/ptII/ptolemy/domains/continuous/test/auto/CausalityInterface14.xml
9 ms. Memory: 253952K Free: 229356K (90%)
----------------- Invoking toplevel() on ptolemy.moml.MoMLSimpleApplication@3dde2474
----------------- Done invoking toplevel() on ptolemy.moml.MoMLSimpleApplication@3dde2474
reloadAllAccessors: .CausalityInterface14

===========================================================================================
----------------- testing Fri Jul 19 06:53:23 UTC 2019 /home/travis/build/icyphy/ptII/ptolemy/domains/continuous/test/auto/CausalityInterface4.xml
----------------- Instantiating /home/travis/build/icyphy/ptII/ptolemy/domains/continuous/test/auto/CausalityInterface4.xml
5 ms. Memory: 253952K Free: 222174K (87%)
----------------- Invoking toplevel() on ptolemy.moml.MoMLSimpleApplication@a2e9496
----------------- Done invoking toplevel() on ptolemy.moml.MoMLSimpleApplication@a2e9496
reloadAllAccessors: .CausalityInterface4

===========================================================================================
----------------- testing Fri Jul 19 06:53:23 UTC 2019 /home/travis/build/icyphy/ptII/ptolemy/domains/continuous/test/auto/CausalityInterface5.xml
----------------- Instantiating /home/travis/build/icyphy/ptII/ptolemy/domains/continuous/test/auto/CausalityInterface5.xml
9 ms. Memory: 253952K Free: 213996K (84%)
----------------- Invoking toplevel() on ptolemy.moml.MoMLSimpleApplication@d532474
----------------- Done invoking toplevel() on ptolemy.moml.MoMLSimpleApplication@d532474
reloadAllAccessors: .CausalityInterface5

===========================================================================================
----------------- testing Fri Jul 19 06:53:23 UTC 2019 /home/travis/build/icyphy/ptII/ptolemy/domains/continuous/test/auto/CausalityInterface6.xml
----------------- Instantiating /home/travis/build/icyphy/ptII/ptolemy/domains/continuous/test/auto/CausalityInterface6.xml
4 ms. Memory: 253952K Free: 208366K (82%)
----------------- Invoking toplevel() on ptolemy.moml.MoMLSimpleApplication@24f2d74f
----------------- Done invoking toplevel() on ptolemy.moml.MoMLSimpleApplication@24f2d74f
reloadAllAccessors: .CausalityInterface6

===========================================================================================
----------------- testing Fri Jul 19 06:53:23 UTC 2019 /home/travis/build/icyphy/ptII/ptolemy/domains/continuous/test/auto/CausalityInterface7.xml
----------------- Instantiating /home/travis/build/icyphy/ptII/ptolemy/domains/continuous/test/auto/CausalityInterface7.xml
8 ms. Memory: 253952K Free: 199660K (79%)
----------------- Invoking toplevel() on ptolemy.moml.MoMLSimpleApplication@3f5aea9c
----------------- Done invoking toplevel() on ptolemy.moml.MoMLSimpleApplication@3f5aea9c
reloadAllAccessors: .CausalityInterface7

===========================================================================================
----------------- testing Fri Jul 19 06:53:23 UTC 2019 /home/travis/build/icyphy/ptII/ptolemy/domains/continuous/test/auto/CausalityInterface8.xml
----------------- Instantiating /home/travis/build/icyphy/ptII/ptolemy/domains/continuous/test/auto/CausalityInterface8.xml
5 ms. Memory: 253952K Free: 190444K (75%)
----------------- Invoking toplevel() on ptolemy.moml.MoMLSimpleApplication@5ddab512
----------------- Done invoking toplevel() on ptolemy.moml.MoMLSimpleApplication@5ddab512
reloadAllAccessors: .CausalityInterface8

===========================================================================================
----------------- testing Fri Jul 19 06:53:24 UTC 2019 /home/travis/build/icyphy/ptII/ptolemy/domains/continuous/test/auto/CausalityInterface9.xml
----------------- Instantiating /home/travis/build/icyphy/ptII/ptolemy/domains/continuous/test/auto/CausalityInterface9.xml
6 ms. Memory: 253952K Free: 179694K (71%)
----------------- Invoking toplevel() on ptolemy.moml.MoMLSimpleApplication@702a282d
----------------- Done invoking toplevel() on ptolemy.moml.MoMLSimpleApplication@702a282d
reloadAllAccessors: .CausalityInterface9

===========================================================================================
----------------- testing Fri Jul 19 06:53:24 UTC 2019 /home/travis/build/icyphy/ptII/ptolemy/domains/continuous/test/auto/CausalityInterfaceFeedback1.xml
----------------- Instantiating /home/travis/build/icyphy/ptII/ptolemy/domains/continuous/test/auto/CausalityInterfaceFeedback1.xml
4 ms. Memory: 253952K Free: 173022K (68%)
----------------- Invoking toplevel() on ptolemy.moml.MoMLSimpleApplication@7b05fd83
----------------- Done invoking toplevel() on ptolemy.moml.MoMLSimpleApplication@7b05fd83
reloadAllAccessors: .CausalityInterfaceFeedback1

===========================================================================================
----------------- testing Fri Jul 19 06:53:24 UTC 2019 /home/travis/build/icyphy/ptII/ptolemy/domains/continuous/test/auto/CausalityInterfaceFeedback2.xml
----------------- Instantiating /home/travis/build/icyphy/ptII/ptolemy/domains/continuous/test/auto/CausalityInterfaceFeedback2.xml
3 ms. Memory: 253952K Free: 166892K (66%)
----------------- Invoking toplevel() on ptolemy.moml.MoMLSimpleApplication@42d62a79
----------------- Done invoking toplevel() on ptolemy.moml.MoMLSimpleApplication@42d62a79
reloadAllAccessors: .CausalityInterfaceFeedback2

===========================================================================================
----------------- testing Fri Jul 19 06:53:24 UTC 2019 /home/travis/build/icyphy/ptII/ptolemy/domains/continuous/test/auto/CompareWithCurrentTime.xml
----------------- Instantiating /home/travis/build/icyphy/ptII/ptolemy/domains/continuous/test/auto/CompareWithCurrentTime.xml
3 ms. Memory: 253952K Free: 162796K (64%)
----------------- Invoking toplevel() on ptolemy.moml.MoMLSimpleApplication@49dbe044
----------------- Done invoking toplevel() on ptolemy.moml.MoMLSimpleApplication@49dbe044
reloadAllAccessors: .CompareWithCurrentTime

===========================================================================================
----------------- testing Fri Jul 19 06:53:24 UTC 2019 /home/travis/build/icyphy/ptII/ptolemy/domains/continuous/test/auto/ComparedClocks.xml
----------------- Instantiating /home/travis/build/icyphy/ptII/ptolemy/domains/continuous/test/auto/ComparedClocks.xml
6 ms. Memory: 253952K Free: 147422K (58%)
----------------- Invoking toplevel() on ptolemy.moml.MoMLSimpleApplication@3ca4fcc8
----------------- Done invoking toplevel() on ptolemy.moml.MoMLSimpleApplication@3ca4fcc8
reloadAllAccessors: .ComparedClocks

===========================================================================================
----------------- testing Fri Jul 19 06:53:24 UTC 2019 /home/travis/build/icyphy/ptII/ptolemy/domains/continuous/test/auto/ContinuousAOCClone.xml
----------------- Instantiating /home/travis/build/icyphy/ptII/ptolemy/domains/continuous/test/auto/ContinuousAOCClone.xml
2806 ms. Memory: 253952K Free: 215224K (85%)
----------------- Invoking toplevel() on ptolemy.moml.MoMLSimpleApplication@fab350f
----------------- Done invoking toplevel() on ptolemy.moml.MoMLSimpleApplication@fab350f
reloadAllAccessors: .ContinuousAOCClone

===========================================================================================
----------------- testing Fri Jul 19 06:53:27 UTC 2019 /home/travis/build/icyphy/ptII/ptolemy/domains/continuous/test/auto/ContinuousClock.xml
----------------- Instantiating /home/travis/build/icyphy/ptII/ptolemy/domains/continuous/test/auto/ContinuousClock.xml
32 ms. Memory: 253952K Free: 193720K (76%)
----------------- Invoking toplevel() on ptolemy.moml.MoMLSimpleApplication@2541201a
----------------- Done invoking toplevel() on ptolemy.moml.MoMLSimpleApplication@2541201a
reloadAllAccessors: .ContinuousClock

===========================================================================================
----------------- testing Fri Jul 19 06:53:27 UTC 2019 /home/travis/build/icyphy/ptII/ptolemy/domains/continuous/test/auto/ContinuousInContinuous.xml
----------------- Instantiating /home/travis/build/icyphy/ptII/ptolemy/domains/continuous/test/auto/ContinuousInContinuous.xml
47 ms. Memory: 253952K Free: 170162K (67%)
----------------- Invoking toplevel() on ptolemy.moml.MoMLSimpleApplication@49171aa1
----------------- Done invoking toplevel() on ptolemy.moml.MoMLSimpleApplication@49171aa1
reloadAllAccessors: .ContinuousInContinuous

===========================================================================================
----------------- testing Fri Jul 19 06:53:27 UTC 2019 /home/travis/build/icyphy/ptII/ptolemy/domains/continuous/test/auto/ContinuousInContinuousInContinuous.xml
----------------- Instantiating /home/travis/build/icyphy/ptII/ptolemy/domains/continuous/test/auto/ContinuousInContinuousInContinuous.xml
8 ms. Memory: 253952K Free: 162490K (64%)
----------------- Invoking toplevel() on ptolemy.moml.MoMLSimpleApplication@35ee1446
----------------- Done invoking toplevel() on ptolemy.moml.MoMLSimpleApplication@35ee1446
reloadAllAccessors: .ContinuousInContinuousInContinuous

===========================================================================================
----------------- testing Fri Jul 19 06:53:27 UTC 2019 /home/travis/build/icyphy/ptII/ptolemy/domains/continuous/test/auto/ContinuousInDE.xml
----------------- Instantiating /home/travis/build/icyphy/ptII/ptolemy/domains/continuous/test/auto/ContinuousInDE.xml
90 ms. Memory: 253952K Free: 152250K (60%)
----------------- Invoking toplevel() on ptolemy.moml.MoMLSimpleApplication@22b900c7
----------------- Done invoking toplevel() on ptolemy.moml.MoMLSimpleApplication@22b900c7
reloadAllAccessors: .ContinuousInDE

===========================================================================================
----------------- testing Fri Jul 19 06:53:27 UTC 2019 /home/travis/build/icyphy/ptII/ptolemy/domains/continuous/test/auto/ContinuousInDE2.xml
----------------- Instantiating /home/travis/build/icyphy/ptII/ptolemy/domains/continuous/test/auto/ContinuousInDE2.xml
38 ms. Memory: 253952K Free: 142520K (56%)
----------------- Invoking toplevel() on ptolemy.moml.MoMLSimpleApplication@7fbb90be
----------------- Done invoking toplevel() on ptolemy.moml.MoMLSimpleApplication@7fbb90be
reloadAllAccessors: .ContinuousInDE2

===========================================================================================
----------------- testing Fri Jul 19 06:53:27 UTC 2019 /home/travis/build/icyphy/ptII/ptolemy/domains/continuous/test/auto/ContinuousInDE3.xml
----------------- Instantiating /home/travis/build/icyphy/ptII/ptolemy/domains/continuous/test/auto/ContinuousInDE3.xml
37 ms. Memory: 253952K Free: 132794K (52%)
----------------- Invoking toplevel() on ptolemy.moml.MoMLSimpleApplication@78dfd8d9
----------------- Done invoking toplevel() on ptolemy.moml.MoMLSimpleApplication@78dfd8d9
reloadAllAccessors: .ContinuousInDE3

===========================================================================================
----------------- testing Fri Jul 19 06:53:27 UTC 2019 /home/travis/build/icyphy/ptII/ptolemy/domains/continuous/test/auto/ContinuousInDE4.xml
----------------- Instantiating /home/travis/build/icyphy/ptII/ptolemy/domains/continuous/test/auto/ContinuousInDE4.xml
16 ms. Memory: 253952K Free: 126650K (50%)
----------------- Invoking toplevel() on ptolemy.moml.MoMLSimpleApplication@5fad1171
----------------- Done invoking toplevel() on ptolemy.moml.MoMLSimpleApplication@5fad1171
reloadAllAccessors: .ContinuousInDE4

===========================================================================================
----------------- testing Fri Jul 19 06:53:27 UTC 2019 /home/travis/build/icyphy/ptII/ptolemy/domains/continuous/test/auto/ContinuousInDEDifferentRefinements.xml
----------------- Instantiating /home/travis/build/icyphy/ptII/ptolemy/domains/continuous/test/auto/ContinuousInDEDifferentRefinements.xml
50 ms. Memory: 253952K Free: 95402K (38%)
----------------- Invoking toplevel() on ptolemy.moml.MoMLSimpleApplication@393460f0
----------------- Done invoking toplevel() on ptolemy.moml.MoMLSimpleApplication@393460f0
reloadAllAccessors: .ContinuousInDEDifferentRefinements

===========================================================================================
----------------- testing Fri Jul 19 06:53:27 UTC 2019 /home/travis/build/icyphy/ptII/ptolemy/domains/continuous/test/auto/ContinuousInDEDifferentRefinementsPreemptive.xml
----------------- Instantiating /home/travis/build/icyphy/ptII/ptolemy/domains/continuous/test/auto/ContinuousInDEDifferentRefinementsPreemptive.xml
52 ms. Memory: 305152K Free: 265877K (87%)
----------------- Invoking toplevel() on ptolemy.moml.MoMLSimpleApplication@280d3a38
----------------- Done invoking toplevel() on ptolemy.moml.MoMLSimpleApplication@280d3a38
reloadAllAccessors: .ContinuousInDEDifferentRefinementsPreemptive

===========================================================================================
----------------- testing Fri Jul 19 06:53:27 UTC 2019 /home/travis/build/icyphy/ptII/ptolemy/domains/continuous/test/auto/ContinuousInDEInContinuous2.xml
----------------- Instantiating /home/travis/build/icyphy/ptII/ptolemy/domains/continuous/test/auto/ContinuousInDEInContinuous2.xml
42 ms. Memory: 305152K Free: 254644K (83%)
----------------- Invoking toplevel() on ptolemy.moml.MoMLSimpleApplication@2a37fbd4
----------------- Done invoking toplevel() on ptolemy.moml.MoMLSimpleApplication@2a37fbd4
reloadAllAccessors: .ContinuousInDEInContinuous2

===========================================================================================
----------------- testing Fri Jul 19 06:53:28 UTC 2019 /home/travis/build/icyphy/ptII/ptolemy/domains/continuous/test/auto/ContinuousInDEInContinuous3.xml
----------------- Instantiating /home/travis/build/icyphy/ptII/ptolemy/domains/continuous/test/auto/ContinuousInDEInContinuous3.xml
39 ms. Memory: 305152K Free: 242356K (79%)
----------------- Invoking toplevel() on ptolemy.moml.MoMLSimpleApplication@15fae797
----------------- Done invoking toplevel() on ptolemy.moml.MoMLSimpleApplication@15fae797
reloadAllAccessors: .ContinuousInDEInContinuous3

===========================================================================================
----------------- testing Fri Jul 19 06:53:28 UTC 2019 /home/travis/build/icyphy/ptII/ptolemy/domains/continuous/test/auto/ContinuousInDEInput.xml
----------------- Instantiating /home/travis/build/icyphy/ptII/ptolemy/domains/continuous/test/auto/ContinuousInDEInput.xml
19 ms. Memory: 305152K Free: 235188K (77%)
----------------- Invoking toplevel() on ptolemy.moml.MoMLSimpleApplication@af109fe
----------------- Done invoking toplevel() on ptolemy.moml.MoMLSimpleApplication@af109fe
reloadAllAccessors: .ContinuousInDEInput

===========================================================================================
----------------- testing Fri Jul 19 06:53:28 UTC 2019 /home/travis/build/icyphy/ptII/ptolemy/domains/continuous/test/auto/ContinuousInDEInput2.xml
----------------- Instantiating /home/travis/build/icyphy/ptII/ptolemy/domains/continuous/test/auto/ContinuousInDEInput2.xml
15 ms. Memory: 305152K Free: 228020K (75%)
----------------- Invoking toplevel() on ptolemy.moml.MoMLSimpleApplication@701e36e2
----------------- Done invoking toplevel() on ptolemy.moml.MoMLSimpleApplication@701e36e2
reloadAllAccessors: .ContinuousInDEInput2

===========================================================================================
----------------- testing Fri Jul 19 06:53:28 UTC 2019 /home/travis/build/icyphy/ptII/ptolemy/domains/continuous/test/auto/ContinuousInDEInput3.xml
----------------- Instantiating /home/travis/build/icyphy/ptII/ptolemy/domains/continuous/test/auto/ContinuousInDEInput3.xml
14 ms. Memory: 305152K Free: 220852K (72%)
----------------- Invoking toplevel() on ptolemy.moml.MoMLSimpleApplication@1dc880c0
----------------- Done invoking toplevel() on ptolemy.moml.MoMLSimpleApplication@1dc880c0
reloadAllAccessors: .ContinuousInDEInput3

===========================================================================================
----------------- testing Fri Jul 19 06:53:28 UTC 2019 /home/travis/build/icyphy/ptII/ptolemy/domains/continuous/test/auto/ContinuousInDESharingRefinement.xml
----------------- Instantiating /home/travis/build/icyphy/ptII/ptolemy/domains/continuous/test/auto/ContinuousInDESharingRefinement.xml
147 ms. Memory: 305152K Free: 126134K (41%)
----------------- Invoking toplevel() on ptolemy.moml.MoMLSimpleApplication@26f8d0ce
----------------- Done invoking toplevel() on ptolemy.moml.MoMLSimpleApplication@26f8d0ce
reloadAllAccessors: .ContinuousInDESharingRefinement

===========================================================================================
----------------- testing Fri Jul 19 06:53:28 UTC 2019 /home/travis/build/icyphy/ptII/ptolemy/domains/continuous/test/auto/ContinuousInDEwithNoPorts.xml
----------------- Instantiating /home/travis/build/icyphy/ptII/ptolemy/domains/continuous/test/auto/ContinuousInDEwithNoPorts.xml
5 ms. Memory: 305152K Free: 122038K (40%)
----------------- Invoking toplevel() on ptolemy.moml.MoMLSimpleApplication@18b63234
----------------- Done invoking toplevel() on ptolemy.moml.MoMLSimpleApplication@18b63234
reloadAllAccessors: .ContinuousInDEwithNoPorts

===========================================================================================
----------------- testing Fri Jul 19 06:53:28 UTC 2019 /home/travis/build/icyphy/ptII/ptolemy/domains/continuous/test/auto/ContinuousInsideDE.xml
----------------- Instantiating /home/travis/build/icyphy/ptII/ptolemy/domains/continuous/test/auto/ContinuousInsideDE.xml
38 ms. Memory: 305152K Free: 110260K (36%)
----------------- Invoking toplevel() on ptolemy.moml.MoMLSimpleApplication@1b2454bf
----------------- Done invoking toplevel() on ptolemy.moml.MoMLSimpleApplication@1b2454bf
reloadAllAccessors: .ContinuousInsideDE

===========================================================================================
----------------- testing Fri Jul 19 06:53:28 UTC 2019 /home/travis/build/icyphy/ptII/ptolemy/domains/continuous/test/auto/ContinuousMerge1.xml
----------------- Instantiating /home/travis/build/icyphy/ptII/ptolemy/domains/continuous/test/auto/ContinuousMerge1.xml
3 ms. Memory: 305152K Free: 287720K (94%)
----------------- Invoking toplevel() on ptolemy.moml.MoMLSimpleApplication@184c84ad
----------------- Done invoking toplevel() on ptolemy.moml.MoMLSimpleApplication@184c84ad
reloadAllAccessors: .ContinuousMerge1

===========================================================================================
----------------- testing Fri Jul 19 06:53:28 UTC 2019 /home/travis/build/icyphy/ptII/ptolemy/domains/continuous/test/auto/ContinuousMerge2.xml
----------------- Instantiating /home/travis/build/icyphy/ptII/ptolemy/domains/continuous/test/auto/ContinuousMerge2.xml
23 ms. Memory: 305152K Free: 277494K (91%)
----------------- Invoking toplevel() on ptolemy.moml.MoMLSimpleApplication@22f78fbb
----------------- Done invoking toplevel() on ptolemy.moml.MoMLSimpleApplication@22f78fbb
reloadAllAccessors: .ContinuousMerge2

===========================================================================================
----------------- testing Fri Jul 19 06:53:28 UTC 2019 /home/travis/build/icyphy/ptII/ptolemy/domains/continuous/test/auto/ContinuousMerge3.xml
----------------- Instantiating /home/travis/build/icyphy/ptII/ptolemy/domains/continuous/test/auto/ContinuousMerge3.xml
48 ms. Memory: 305152K Free: 266744K (87%)
----------------- Invoking toplevel() on ptolemy.moml.MoMLSimpleApplication@2fb2b98d
----------------- Done invoking toplevel() on ptolemy.moml.MoMLSimpleApplication@2fb2b98d
reloadAllAccessors: .ContinuousMerge3

===========================================================================================
----------------- testing Fri Jul 19 06:53:28 UTC 2019 /home/travis/build/icyphy/ptII/ptolemy/domains/continuous/test/auto/ContinuousWithinContinuous.xml
----------------- Instantiating /home/travis/build/icyphy/ptII/ptolemy/domains/continuous/test/auto/ContinuousWithinContinuous.xml
39 ms. Memory: 305152K Free: 257014K (84%)
----------------- Invoking toplevel() on ptolemy.moml.MoMLSimpleApplication@2a335fa1
----------------- Done invoking toplevel() on ptolemy.moml.MoMLSimpleApplication@2a335fa1
reloadAllAccessors: .ContinuousWithinContinuous

===========================================================================================
----------------- testing Fri Jul 19 06:53:28 UTC 2019 /home/travis/build/icyphy/ptII/ptolemy/domains/continuous/test/auto/ContinuousWithinContinuous2.xml
----------------- Instantiating /home/travis/build/icyphy/ptII/ptolemy/domains/continuous/test/auto/ContinuousWithinContinuous2.xml
69 ms. Memory: 305152K Free: 246264K (81%)
----------------- Invoking toplevel() on ptolemy.moml.MoMLSimpleApplication@49012de3
----------------- Done invoking toplevel() on ptolemy.moml.MoMLSimpleApplication@49012de3
reloadAllAccessors: .ContinuousWithinContinuous2

===========================================================================================
----------------- testing Fri Jul 19 06:53:28 UTC 2019 /home/travis/build/icyphy/ptII/ptolemy/domains/continuous/test/auto/ContinuousWithinContinuous3.xml
----------------- Instantiating /home/travis/build/icyphy/ptII/ptolemy/domains/continuous/test/auto/ContinuousWithinContinuous3.xml
13 ms. Memory: 305152K Free: 239096K (78%)
----------------- Invoking toplevel() on ptolemy.moml.MoMLSimpleApplication@6447255e
----------------- Done invoking toplevel() on ptolemy.moml.MoMLSimpleApplication@6447255e
reloadAllAccessors: .ContinuousWithinContinuous3

===========================================================================================
----------------- testing Fri Jul 19 06:53:28 UTC 2019 /home/travis/build/icyphy/ptII/ptolemy/domains/continuous/test/auto/ContinuousWithinContinuous4.xml
----------------- Instantiating /home/travis/build/icyphy/ptII/ptolemy/domains/continuous/test/auto/ContinuousWithinContinuous4.xml
81 ms. Memory: 305152K Free: 226808K (74%)
----------------- Invoking toplevel() on ptolemy.moml.MoMLSimpleApplication@40e1195d
----------------- Done invoking toplevel() on ptolemy.moml.MoMLSimpleApplication@40e1195d
reloadAllAccessors: .ContinuousWithinContinuous4

===========================================================================================
----------------- testing Fri Jul 19 06:53:28 UTC 2019 /home/travis/build/icyphy/ptII/ptolemy/domains/continuous/test/auto/ContinuousWithinContinuous5.xml
----------------- Instantiating /home/travis/build/icyphy/ptII/ptolemy/domains/continuous/test/auto/ContinuousWithinContinuous5.xml
15 ms. Memory: 305152K Free: 218616K (72%)
----------------- Invoking toplevel() on ptolemy.moml.MoMLSimpleApplication@6804e01d
----------------- Done invoking toplevel() on ptolemy.moml.MoMLSimpleApplication@6804e01d
reloadAllAccessors: .ContinuousWithinContinuous5

===========================================================================================
----------------- testing Fri Jul 19 06:53:28 UTC 2019 /home/travis/build/icyphy/ptII/ptolemy/domains/continuous/test/auto/ContinuousWithinContinuous6.xml
----------------- Instantiating /home/travis/build/icyphy/ptII/ptolemy/domains/continuous/test/auto/ContinuousWithinContinuous6.xml
14 ms. Memory: 305152K Free: 211448K (69%)
----------------- Invoking toplevel() on ptolemy.moml.MoMLSimpleApplication@52d9196c
----------------- Done invoking toplevel() on ptolemy.moml.MoMLSimpleApplication@52d9196c
reloadAllAccessors: .ContinuousWithinContinuous6

===========================================================================================
----------------- testing Fri Jul 19 06:53:28 UTC 2019 /home/travis/build/icyphy/ptII/ptolemy/domains/continuous/test/auto/ContinuousWithinContinuous7.xml
----------------- Instantiating /home/travis/build/icyphy/ptII/ptolemy/domains/continuous/test/auto/ContinuousWithinContinuous7.xml
64 ms. Memory: 305152K Free: 200694K (66%)
----------------- Invoking toplevel() on ptolemy.moml.MoMLSimpleApplication@70cf9bbe
----------------- Done invoking toplevel() on ptolemy.moml.MoMLSimpleApplication@70cf9bbe
reloadAllAccessors: .ContinuousWithinContinuous7

===========================================================================================
----------------- testing Fri Jul 19 06:53:29 UTC 2019 /home/travis/build/icyphy/ptII/ptolemy/domains/continuous/test/auto/DCMotor.xml
----------------- Instantiating /home/travis/build/icyphy/ptII/ptolemy/domains/continuous/test/auto/DCMotor.xml
13733 ms. Memory: 305152K Free: 220491K (72%)
----------------- Invoking toplevel() on ptolemy.moml.MoMLSimpleApplication@5df8603d
----------------- Done invoking toplevel() on ptolemy.moml.MoMLSimpleApplication@5df8603d
reloadAllAccessors: .DCMotor

===========================================================================================
----------------- testing Fri Jul 19 06:53:42 UTC 2019 /home/travis/build/icyphy/ptII/ptolemy/domains/continuous/test/auto/DEInContinuous.xml
----------------- Instantiating /home/travis/build/icyphy/ptII/ptolemy/domains/continuous/test/auto/DEInContinuous.xml
8 ms. Memory: 305152K Free: 213837K (70%)
----------------- Invoking toplevel() on ptolemy.moml.MoMLSimpleApplication@5888886b
----------------- Done invoking toplevel() on ptolemy.moml.MoMLSimpleApplication@5888886b
reloadAllAccessors: .DEInContinuous

===========================================================================================
----------------- testing Fri Jul 19 06:53:42 UTC 2019 /home/travis/build/icyphy/ptII/ptolemy/domains/continuous/test/auto/DEinContinuous2.xml
----------------- Instantiating /home/travis/build/icyphy/ptII/ptolemy/domains/continuous/test/auto/DEinContinuous2.xml
6 ms. Memory: 305152K Free: 206141K (68%)
----------------- Invoking toplevel() on ptolemy.moml.MoMLSimpleApplication@1fcc2c5c
----------------- Done invoking toplevel() on ptolemy.moml.MoMLSimpleApplication@1fcc2c5c
reloadAllAccessors: .DEinContinuous2

===========================================================================================
----------------- testing Fri Jul 19 06:53:42 UTC 2019 /home/travis/build/icyphy/ptII/ptolemy/domains/continuous/test/auto/Derivative.xml
----------------- Instantiating /home/travis/build/icyphy/ptII/ptolemy/domains/continuous/test/auto/Derivative.xml
162 ms. Memory: 305152K Free: 176973K (58%)
----------------- Invoking toplevel() on ptolemy.moml.MoMLSimpleApplication@6ef21013
----------------- Done invoking toplevel() on ptolemy.moml.MoMLSimpleApplication@6ef21013
reloadAllAccessors: .Derivative2

===========================================================================================
----------------- testing Fri Jul 19 06:53:43 UTC 2019 /home/travis/build/icyphy/ptII/ptolemy/domains/continuous/test/auto/Derivative1.xml
----------------- Instantiating /home/travis/build/icyphy/ptII/ptolemy/domains/continuous/test/auto/Derivative1.xml
29 ms. Memory: 305152K Free: 162637K (53%)
----------------- Invoking toplevel() on ptolemy.moml.MoMLSimpleApplication@1a7538e2
----------------- Done invoking toplevel() on ptolemy.moml.MoMLSimpleApplication@1a7538e2
reloadAllAccessors: .Derivative1

===========================================================================================
----------------- testing Fri Jul 19 06:53:43 UTC 2019 /home/travis/build/icyphy/ptII/ptolemy/domains/continuous/test/auto/DiscreteClock.xml
----------------- Instantiating /home/travis/build/icyphy/ptII/ptolemy/domains/continuous/test/auto/DiscreteClock.xml
4 ms. Memory: 305152K Free: 157517K (52%)
----------------- Invoking toplevel() on ptolemy.moml.MoMLSimpleApplication@1bcc3091
----------------- Done invoking toplevel() on ptolemy.moml.MoMLSimpleApplication@1bcc3091
reloadAllAccessors: .DiscreteClock

===========================================================================================
----------------- testing Fri Jul 19 06:53:43 UTC 2019 /home/travis/build/icyphy/ptII/ptolemy/domains/continuous/test/auto/EfficiencyCurve.xml
----------------- Instantiating /home/travis/build/icyphy/ptII/ptolemy/domains/continuous/test/auto/EfficiencyCurve.xml
86 ms. Memory: 305152K Free: 147787K (48%)
----------------- Invoking toplevel() on ptolemy.moml.MoMLSimpleApplication@4f67558e
----------------- Done invoking toplevel() on ptolemy.moml.MoMLSimpleApplication@4f67558e
reloadAllAccessors: .EfficiencyCurve

===========================================================================================
----------------- testing Fri Jul 19 06:53:43 UTC 2019 /home/travis/build/icyphy/ptII/ptolemy/domains/continuous/test/auto/ExponentialResponse.xml
----------------- Instantiating /home/travis/build/icyphy/ptII/ptolemy/domains/continuous/test/auto/ExponentialResponse.xml
107 ms. Memory: 305152K Free: 131917K (43%)
----------------- Invoking toplevel() on ptolemy.moml.MoMLSimpleApplication@70bf1fc4
----------------- Done invoking toplevel() on ptolemy.moml.MoMLSimpleApplication@70bf1fc4
reloadAllAccessors: .ExponentialResponse

===========================================================================================
----------------- testing Fri Jul 19 06:53:43 UTC 2019 /home/travis/build/icyphy/ptII/ptolemy/domains/continuous/test/auto/ExponentialResponseRK45.xml
----------------- Instantiating /home/travis/build/icyphy/ptII/ptolemy/domains/continuous/test/auto/ExponentialResponseRK45.xml
26 ms. Memory: 305152K Free: 125259K (41%)
----------------- Invoking toplevel() on ptolemy.moml.MoMLSimpleApplication@3bc72f3e
----------------- Done invoking toplevel() on ptolemy.moml.MoMLSimpleApplication@3bc72f3e
reloadAllAccessors: .ExponentialResponseRK45

===========================================================================================
----------------- testing Fri Jul 19 06:53:43 UTC 2019 /home/travis/build/icyphy/ptII/ptolemy/domains/continuous/test/auto/Friction.xml
----------------- Instantiating /home/travis/build/icyphy/ptII/ptolemy/domains/continuous/test/auto/Friction.xml
1505 ms. Memory: 305152K Free: 245400K (80%)
----------------- Invoking toplevel() on ptolemy.moml.MoMLSimpleApplication@2ea2928d
----------------- Done invoking toplevel() on ptolemy.moml.MoMLSimpleApplication@2ea2928d
reloadAllAccessors: .Friction

===========================================================================================
----------------- testing Fri Jul 19 06:53:45 UTC 2019 /home/travis/build/icyphy/ptII/ptolemy/domains/continuous/test/auto/FurutaPendulum.xml
----------------- Instantiating /home/travis/build/icyphy/ptII/ptolemy/domains/continuous/test/auto/FurutaPendulum.xml
3441 ms. Memory: 305152K Free: 114974K (38%)
----------------- Invoking toplevel() on ptolemy.moml.MoMLSimpleApplication@19c5f3e7
----------------- Done invoking toplevel() on ptolemy.moml.MoMLSimpleApplication@19c5f3e7
reloadAllAccessors: .FurutaPendulum

===========================================================================================
----------------- testing Fri Jul 19 06:53:48 UTC 2019 /home/travis/build/icyphy/ptII/ptolemy/domains/continuous/test/auto/HierarchicalExecution.xml
----------------- Instantiating /home/travis/build/icyphy/ptII/ptolemy/domains/continuous/test/auto/HierarchicalExecution.xml
1833 ms. Memory: 305152K Free: 196372K (64%)
----------------- Invoking toplevel() on ptolemy.moml.MoMLSimpleApplication@c4fd094
----------------- Done invoking toplevel() on ptolemy.moml.MoMLSimpleApplication@c4fd094
reloadAllAccessors: .HierarchicalExecution

===========================================================================================
----------------- testing Fri Jul 19 06:53:50 UTC 2019 /home/travis/build/icyphy/ptII/ptolemy/domains/continuous/test/auto/HybridPlant.xml
----------------- Instantiating /home/travis/build/icyphy/ptII/ptolemy/domains/continuous/test/auto/HybridPlant.xml
487 ms. Memory: 305152K Free: 113991K (37%)
----------------- Invoking toplevel() on ptolemy.moml.MoMLSimpleApplication@1ee228fb
----------------- Done invoking toplevel() on ptolemy.moml.MoMLSimpleApplication@1ee228fb
reloadAllAccessors: .HybridPlant

===========================================================================================
----------------- testing Fri Jul 19 06:53:51 UTC 2019 /home/travis/build/icyphy/ptII/ptolemy/domains/continuous/test/auto/Hysteresis.xml
----------------- Instantiating /home/travis/build/icyphy/ptII/ptolemy/domains/continuous/test/auto/Hysteresis.xml
140 ms. Memory: 305152K Free: 233645K (77%)
----------------- Invoking toplevel() on ptolemy.moml.MoMLSimpleApplication@7cbd2af5
----------------- Done invoking toplevel() on ptolemy.moml.MoMLSimpleApplication@7cbd2af5
reloadAllAccessors: .Hysteresis

===========================================================================================
----------------- testing Fri Jul 19 06:53:51 UTC 2019 /home/travis/build/icyphy/ptII/ptolemy/domains/continuous/test/auto/HysteresisWithRandomDelay.xml
----------------- Instantiating /home/travis/build/icyphy/ptII/ptolemy/domains/continuous/test/auto/HysteresisWithRandomDelay.xml
174 ms. Memory: 305152K Free: 162475K (53%)
----------------- Invoking toplevel() on ptolemy.moml.MoMLSimpleApplication@105f3d98
----------------- Done invoking toplevel() on ptolemy.moml.MoMLSimpleApplication@105f3d98
reloadAllAccessors: .HysteresisWithRandomDelay

===========================================================================================
----------------- testing Fri Jul 19 06:53:51 UTC 2019 /home/travis/build/icyphy/ptII/ptolemy/domains/continuous/test/auto/HysteresisWithRandomLosses.xml
----------------- Instantiating /home/travis/build/icyphy/ptII/ptolemy/domains/continuous/test/auto/HysteresisWithRandomLosses.xml
2286 ms. Memory: 305152K Free: 147979K (48%)
----------------- Invoking toplevel() on ptolemy.moml.MoMLSimpleApplication@67536bb8
----------------- Done invoking toplevel() on ptolemy.moml.MoMLSimpleApplication@67536bb8
reloadAllAccessors: .HysteresisWithRandomLosses

===========================================================================================
----------------- testing Fri Jul 19 06:53:54 UTC 2019 /home/travis/build/icyphy/ptII/ptolemy/domains/continuous/test/auto/ImmediateTransitions.xml
----------------- Instantiating /home/travis/build/icyphy/ptII/ptolemy/domains/continuous/test/auto/ImmediateTransitions.xml
9 ms. Memory: 305152K Free: 136715K (45%)
----------------- Invoking toplevel() on ptolemy.moml.MoMLSimpleApplication@25682372
----------------- Done invoking toplevel() on ptolemy.moml.MoMLSimpleApplication@25682372
reloadAllAccessors: .ImmediateTransitions

===========================================================================================
----------------- testing Fri Jul 19 06:53:54 UTC 2019 /home/travis/build/icyphy/ptII/ptolemy/domains/continuous/test/auto/ImpulseFeedback.xml
----------------- Instantiating /home/travis/build/icyphy/ptII/ptolemy/domains/continuous/test/auto/ImpulseFeedback.xml
11 ms. Memory: 305152K Free: 131081K (43%)
----------------- Invoking toplevel() on ptolemy.moml.MoMLSimpleApplication@64e60c65
----------------- Done invoking toplevel() on ptolemy.moml.MoMLSimpleApplication@64e60c65
reloadAllAccessors: .ImpulseFeedback

===========================================================================================
----------------- testing Fri Jul 19 06:53:54 UTC 2019 /home/travis/build/icyphy/ptII/ptolemy/domains/continuous/test/auto/ImpulseFeedback2.xml
----------------- Instantiating /home/travis/build/icyphy/ptII/ptolemy/domains/continuous/test/auto/ImpulseFeedback2.xml
5 ms. Memory: 305152K Free: 125451K (41%)
----------------- Invoking toplevel() on ptolemy.moml.MoMLSimpleApplication@6f5d2b8
----------------- Done invoking toplevel() on ptolemy.moml.MoMLSimpleApplication@6f5d2b8
reloadAllAccessors: .ImpulseFeedback2

===========================================================================================
----------------- testing Fri Jul 19 06:53:54 UTC 2019 /home/travis/build/icyphy/ptII/ptolemy/domains/continuous/test/auto/IncreasingRatePoisson.xml
----------------- Instantiating /home/travis/build/icyphy/ptII/ptolemy/domains/continuous/test/auto/IncreasingRatePoisson.xml
705 ms. Memory: 305152K Free: 160348K (53%)
----------------- Invoking toplevel() on ptolemy.moml.MoMLSimpleApplication@54ef56fc
----------------- Done invoking toplevel() on ptolemy.moml.MoMLSimpleApplication@54ef56fc
reloadAllAccessors: .IncreasingRatePoisson

===========================================================================================
----------------- testing Fri Jul 19 06:53:55 UTC 2019 /home/travis/build/icyphy/ptII/ptolemy/domains/continuous/test/auto/InitialStateFeedback.xml
----------------- Instantiating /home/travis/build/icyphy/ptII/ptolemy/domains/continuous/test/auto/InitialStateFeedback.xml
7 ms. Memory: 305152K Free: 155772K (51%)
----------------- Invoking toplevel() on ptolemy.moml.MoMLSimpleApplication@4296d9d3
----------------- Done invoking toplevel() on ptolemy.moml.MoMLSimpleApplication@4296d9d3
reloadAllAccessors: .InitialStateFeedback

===========================================================================================
----------------- testing Fri Jul 19 06:53:55 UTC 2019 /home/travis/build/icyphy/ptII/ptolemy/domains/continuous/test/auto/Integration.xml
----------------- Instantiating /home/travis/build/icyphy/ptII/ptolemy/domains/continuous/test/auto/Integration.xml
1 ms. Memory: 305152K Free: 151676K (50%)
----------------- Invoking toplevel() on ptolemy.moml.MoMLSimpleApplication@eb00db0
----------------- Done invoking toplevel() on ptolemy.moml.MoMLSimpleApplication@eb00db0
reloadAllAccessors: .Integration

===========================================================================================
----------------- testing Fri Jul 19 06:53:55 UTC 2019 /home/travis/build/icyphy/ptII/ptolemy/domains/continuous/test/auto/Integration2.xml
----------------- Instantiating /home/travis/build/icyphy/ptII/ptolemy/domains/continuous/test/auto/Integration2.xml
85 ms. Memory: 305152K Free: 137340K (45%)
----------------- Invoking toplevel() on ptolemy.moml.MoMLSimpleApplication@4092be59
----------------- Done invoking toplevel() on ptolemy.moml.MoMLSimpleApplication@4092be59
reloadAllAccessors: .Integration2

===========================================================================================
----------------- testing Fri Jul 19 06:53:55 UTC 2019 /home/travis/build/icyphy/ptII/ptolemy/domains/continuous/test/auto/Integration3.xml
----------------- Instantiating /home/travis/build/icyphy/ptII/ptolemy/domains/continuous/test/auto/Integration3.xml
3 ms. Memory: 305152K Free: 132730K (43%)
----------------- Invoking toplevel() on ptolemy.moml.MoMLSimpleApplication@11d4d3f1
----------------- Done invoking toplevel() on ptolemy.moml.MoMLSimpleApplication@11d4d3f1
reloadAllAccessors: .Integration3

===========================================================================================
----------------- testing Fri Jul 19 06:53:55 UTC 2019 /home/travis/build/icyphy/ptII/ptolemy/domains/continuous/test/auto/Integration5.xml
----------------- Instantiating /home/travis/build/icyphy/ptII/ptolemy/domains/continuous/test/auto/Integration5.xml
2 ms. Memory: 305152K Free: 128634K (42%)
----------------- Invoking toplevel() on ptolemy.moml.MoMLSimpleApplication@70ca4e67
----------------- Done invoking toplevel() on ptolemy.moml.MoMLSimpleApplication@70ca4e67
reloadAllAccessors: .Integration5

===========================================================================================
----------------- testing Fri Jul 19 06:53:55 UTC 2019 /home/travis/build/icyphy/ptII/ptolemy/domains/continuous/test/auto/IntegratorImpulse.xml
----------------- Instantiating /home/travis/build/icyphy/ptII/ptolemy/domains/continuous/test/auto/IntegratorImpulse.xml
2 ms. Memory: 305152K Free: 124508K (41%)
----------------- Invoking toplevel() on ptolemy.moml.MoMLSimpleApplication@3797a5e
----------------- Done invoking toplevel() on ptolemy.moml.MoMLSimpleApplication@3797a5e
reloadAllAccessors: .IntegratorImpulse

===========================================================================================
----------------- testing Fri Jul 19 06:53:55 UTC 2019 /home/travis/build/icyphy/ptII/ptolemy/domains/continuous/test/auto/IntegratorImpulse2.xml
----------------- Instantiating /home/travis/build/icyphy/ptII/ptolemy/domains/continuous/test/auto/IntegratorImpulse2.xml
3 ms. Memory: 305152K Free: 119932K (39%)
----------------- Invoking toplevel() on ptolemy.moml.MoMLSimpleApplication@50832835
----------------- Done invoking toplevel() on ptolemy.moml.MoMLSimpleApplication@50832835
reloadAllAccessors: .IntegratorImpulse2

===========================================================================================
----------------- testing Fri Jul 19 06:53:55 UTC 2019 /home/travis/build/icyphy/ptII/ptolemy/domains/continuous/test/auto/LevelCrossing1.xml
----------------- Instantiating /home/travis/build/icyphy/ptII/ptolemy/domains/continuous/test/auto/LevelCrossing1.xml
2 ms. Memory: 305152K Free: 114812K (38%)
----------------- Invoking toplevel() on ptolemy.moml.MoMLSimpleApplication@35ac3fc3
----------------- Done invoking toplevel() on ptolemy.moml.MoMLSimpleApplication@35ac3fc3
reloadAllAccessors: .LevelCrossing1

===========================================================================================
----------------- testing Fri Jul 19 06:53:55 UTC 2019 /home/travis/build/icyphy/ptII/ptolemy/domains/continuous/test/auto/LevelCrossing2.xml
----------------- Instantiating /home/travis/build/icyphy/ptII/ptolemy/domains/continuous/test/auto/LevelCrossing2.xml
3 ms. Memory: 305152K Free: 109692K (36%)
----------------- Invoking toplevel() on ptolemy.moml.MoMLSimpleApplication@51755b52
----------------- Done invoking toplevel() on ptolemy.moml.MoMLSimpleApplication@51755b52
reloadAllAccessors: .LevelCrossing2

===========================================================================================
----------------- testing Fri Jul 19 06:53:55 UTC 2019 /home/travis/build/icyphy/ptII/ptolemy/domains/continuous/test/auto/LevelCrossing3.xml
----------------- Instantiating /home/travis/build/icyphy/ptII/ptolemy/domains/continuous/test/auto/LevelCrossing3.xml
2 ms. Memory: 305152K Free: 286411K (94%)
----------------- Invoking toplevel() on ptolemy.moml.MoMLSimpleApplication@5d27beb8
----------------- Done invoking toplevel() on ptolemy.moml.MoMLSimpleApplication@5d27beb8
reloadAllAccessors: .LevelCrossing3

===========================================================================================
----------------- testing Fri Jul 19 06:53:55 UTC 2019 /home/travis/build/icyphy/ptII/ptolemy/domains/continuous/test/auto/LevelCrossing4.xml
----------------- Instantiating /home/travis/build/icyphy/ptII/ptolemy/domains/continuous/test/auto/LevelCrossing4.xml
4 ms. Memory: 305152K Free: 281321K (92%)
----------------- Invoking toplevel() on ptolemy.moml.MoMLSimpleApplication@751bf586
----------------- Done invoking toplevel() on ptolemy.moml.MoMLSimpleApplication@751bf586
reloadAllAccessors: .LevelCrossing4

===========================================================================================
----------------- testing Fri Jul 19 06:53:55 UTC 2019 /home/travis/build/icyphy/ptII/ptolemy/domains/continuous/test/auto/LevelCrossing5.xml
----------------- Instantiating /home/travis/build/icyphy/ptII/ptolemy/domains/continuous/test/auto/LevelCrossing5.xml
3 ms. Memory: 305152K Free: 276201K (91%)
----------------- Invoking toplevel() on ptolemy.moml.MoMLSimpleApplication@45337af5
----------------- Done invoking toplevel() on ptolemy.moml.MoMLSimpleApplication@45337af5
reloadAllAccessors: .LevelCrossing5

===========================================================================================
[...]
----------------- testing Fri Jul 19 06:54:12 UTC 2019 /home/travis/build/icyphy/ptII/ptolemy/domains/continuous/test/auto/SRinContinuous.xml
----------------- Instantiating /home/travis/build/icyphy/ptII/ptolemy/domains/continuous/test/auto/SRinContinuous.xml
5 ms. Memory: 305152K Free: 183208K (60%)
----------------- Invoking toplevel() on ptolemy.moml.MoMLSimpleApplication@5f6f424d
----------------- Done invoking toplevel() on ptolemy.moml.MoMLSimpleApplication@5f6f424d
reloadAllAccessors: .SRinContinuous

===========================================================================================
----------------- testing Fri Jul 19 06:54:12 UTC 2019 /home/travis/build/icyphy/ptII/ptolemy/domains/continuous/test/auto/SampledClocks.xml
----------------- Instantiating /home/travis/build/icyphy/ptII/ptolemy/domains/continuous/test/auto/SampledClocks.xml
7 ms. Memory: 305152K Free: 170410K (56%)
----------------- Invoking toplevel() on ptolemy.moml.MoMLSimpleApplication@368326
----------------- Done invoking toplevel() on ptolemy.moml.MoMLSimpleApplication@368326
reloadAllAccessors: .SampledClocks

===========================================================================================
----------------- testing Fri Jul 19 06:54:12 UTC 2019 /home/travis/build/icyphy/ptII/ptolemy/domains/continuous/test/auto/Satellite.xml
----------------- Instantiating /home/travis/build/icyphy/ptII/ptolemy/domains/continuous/test/auto/Satellite.xml
799 ms. Memory: 305152K Free: 156184K (51%)
----------------- Invoking toplevel() on ptolemy.moml.MoMLSimpleApplication@217f06dc
----------------- Done invoking toplevel() on ptolemy.moml.MoMLSimpleApplication@217f06dc
reloadAllAccessors: .Satellite

===========================================================================================
----------------- testing Fri Jul 19 06:54:13 UTC 2019 /home/travis/build/icyphy/ptII/ptolemy/domains/continuous/test/auto/SigmaDelta.xml
----------------- Instantiating /home/travis/build/icyphy/ptII/ptolemy/domains/continuous/test/auto/SigmaDelta.xml
2308 ms. Memory: 305152K Free: 249518K (82%)
----------------- Invoking toplevel() on ptolemy.moml.MoMLSimpleApplication@5dd7edf0
----------------- Done invoking toplevel() on ptolemy.moml.MoMLSimpleApplication@5dd7edf0
reloadAllAccessors: .SigmaDelta

===========================================================================================
----------------- testing Fri Jul 19 06:54:15 UTC 2019 /home/travis/build/icyphy/ptII/ptolemy/domains/continuous/test/auto/SingleRefinement.xml
----------------- Instantiating /home/travis/build/icyphy/ptII/ptolemy/domains/continuous/test/auto/SingleRefinement.xml
337 ms. Memory: 366592K Free: 308888K (84%)
----------------- Invoking toplevel() on ptolemy.moml.MoMLSimpleApplication@38d6fd90
----------------- Done invoking toplevel() on ptolemy.moml.MoMLSimpleApplication@38d6fd90
reloadAllAccessors: .SingleRefinement

===========================================================================================
----------------- testing Fri Jul 19 06:54:16 UTC 2019 /home/travis/build/icyphy/ptII/ptolemy/domains/continuous/test/auto/SinuBouncingBall.xml
----------------- Instantiating /home/travis/build/icyphy/ptII/ptolemy/domains/continuous/test/auto/SinuBouncingBall.xml
812 ms. Memory: 366592K Free: 312709K (85%)
----------------- Invoking toplevel() on ptolemy.moml.MoMLSimpleApplication@24187273
----------------- Done invoking toplevel() on ptolemy.moml.MoMLSimpleApplication@24187273
reloadAllAccessors: .SinuBouncingBall

===========================================================================================
----------------- testing Fri Jul 19 06:54:17 UTC 2019 /home/travis/build/icyphy/ptII/ptolemy/domains/continuous/test/auto/Sinusoid.xml
----------------- Instantiating /home/travis/build/icyphy/ptII/ptolemy/domains/continuous/test/auto/Sinusoid.xml
5 ms. Memory: 366592K Free: 308085K (84%)
----------------- Invoking toplevel() on ptolemy.moml.MoMLSimpleApplication@7e3dfe70
----------------- Done invoking toplevel() on ptolemy.moml.MoMLSimpleApplication@7e3dfe70
reloadAllAccessors: .Sinusoid

===========================================================================================
----------------- testing Fri Jul 19 06:54:17 UTC 2019 /home/travis/build/icyphy/ptII/ptolemy/domains/continuous/test/auto/SinusoidInNoise.xml
----------------- Instantiating /home/travis/build/icyphy/ptII/ptolemy/domains/continuous/test/auto/SinusoidInNoise.xml
923 ms. Memory: 366592K Free: 174469K (48%)
----------------- Invoking toplevel() on ptolemy.moml.MoMLSimpleApplication@125bcfe2
----------------- Done invoking toplevel() on ptolemy.moml.MoMLSimpleApplication@125bcfe2
reloadAllAccessors: .SinusoidInNoise

===========================================================================================
----------------- testing Fri Jul 19 06:54:18 UTC 2019 /home/travis/build/icyphy/ptII/ptolemy/domains/continuous/test/auto/SinusoidRK45.xml
----------------- Instantiating /home/travis/build/icyphy/ptII/ptolemy/domains/continuous/test/auto/SinusoidRK45.xml
3 ms. Memory: 366592K Free: 170373K (46%)
----------------- Invoking toplevel() on ptolemy.moml.MoMLSimpleApplication@6b065443
----------------- Done invoking toplevel() on ptolemy.moml.MoMLSimpleApplication@6b065443
reloadAllAccessors: .SinusoidRK45

===========================================================================================
----------------- testing Fri Jul 19 06:54:18 UTC 2019 /home/travis/build/icyphy/ptII/ptolemy/domains/continuous/test/auto/SinusoidWithMultipleImpulses.xml
----------------- Instantiating /home/travis/build/icyphy/ptII/ptolemy/domains/continuous/test/auto/SinusoidWithMultipleImpulses.xml
6 ms. Memory: 366592K Free: 165763K (45%)
----------------- Invoking toplevel() on ptolemy.moml.MoMLSimpleApplication@210bc39f
----------------- Done invoking toplevel() on ptolemy.moml.MoMLSimpleApplication@210bc39f
reloadAllAccessors: .SinusoidWithMultipleImpulses

===========================================================================================
----------------- testing Fri Jul 19 06:54:18 UTC 2019 /home/travis/build/icyphy/ptII/ptolemy/domains/continuous/test/auto/SquareWave.xml
----------------- Instantiating /home/travis/build/icyphy/ptII/ptolemy/domains/continuous/test/auto/SquareWave.xml
170 ms. Memory: 366592K Free: 138115K (38%)
----------------- Invoking toplevel() on ptolemy.moml.MoMLSimpleApplication@33046d65
----------------- Done invoking toplevel() on ptolemy.moml.MoMLSimpleApplication@33046d65
reloadAllAccessors: .SquareWave

===========================================================================================
----------------- testing Fri Jul 19 06:54:18 UTC 2019 /home/travis/build/icyphy/ptII/ptolemy/domains/continuous/test/auto/Starmac.xml
----------------- Instantiating /home/travis/build/icyphy/ptII/ptolemy/domains/continuous/test/auto/Starmac.xml
3078 ms. Memory: 366592K Free: 257315K (70%)
----------------- Invoking toplevel() on ptolemy.moml.MoMLSimpleApplication@342e8c8d
----------------- Done invoking toplevel() on ptolemy.moml.MoMLSimpleApplication@342e8c8d
reloadAllAccessors: .Starmac

===========================================================================================
----------------- testing Fri Jul 19 06:54:21 UTC 2019 /home/travis/build/icyphy/ptII/ptolemy/domains/continuous/test/auto/StaticUnits.xml
----------------- Instantiating /home/travis/build/icyphy/ptII/ptolemy/domains/continuous/test/auto/StaticUnits.xml
2250 ms. Memory: 366592K Free: 222844K (61%)
----------------- Invoking toplevel() on ptolemy.moml.MoMLSimpleApplication@5c0b13de
----------------- Done invoking toplevel() on ptolemy.moml.MoMLSimpleApplication@5c0b13de
reloadAllAccessors: .StaticUnits

===========================================================================================
----------------- testing Fri Jul 19 06:54:24 UTC 2019 /home/travis/build/icyphy/ptII/ptolemy/domains/continuous/test/auto/StickyMasses.xml
----------------- Instantiating /home/travis/build/icyphy/ptII/ptolemy/domains/continuous/test/auto/StickyMasses.xml
135 ms. Memory: 366592K Free: 173178K (47%)
----------------- Invoking toplevel() on ptolemy.moml.MoMLSimpleApplication@3950f426
----------------- Done invoking toplevel() on ptolemy.moml.MoMLSimpleApplication@3950f426
reloadAllAccessors: .StickyMasses

===========================================================================================
----------------- testing Fri Jul 19 06:54:24 UTC 2019 /home/travis/build/icyphy/ptII/ptolemy/domains/continuous/test/auto/StopTime.xml
----------------- Instantiating /home/travis/build/icyphy/ptII/ptolemy/domains/continuous/test/auto/StopTime.xml
46 ms. Memory: 366592K Free: 148092K (40%)
----------------- Invoking toplevel() on ptolemy.moml.MoMLSimpleApplication@652fcb25
----------------- Done invoking toplevel() on ptolemy.moml.MoMLSimpleApplication@652fcb25
reloadAllAccessors: .StopTime

===========================================================================================
----------------- testing Fri Jul 19 06:54:25 UTC 2019 /home/travis/build/icyphy/ptII/ptolemy/domains/continuous/test/auto/StopTime2.xml
----------------- Instantiating /home/travis/build/icyphy/ptII/ptolemy/domains/continuous/test/auto/StopTime2.xml
57 ms. Memory: 366592K Free: 339685K (93%)
----------------- Invoking toplevel() on ptolemy.moml.MoMLSimpleApplication@8709103
----------------- Done invoking toplevel() on ptolemy.moml.MoMLSimpleApplication@8709103
reloadAllAccessors: .StopTime2

===========================================================================================
----------------- testing Fri Jul 19 06:54:25 UTC 2019 /home/travis/build/icyphy/ptII/ptolemy/domains/continuous/test/auto/Switch.xml
----------------- Instantiating /home/travis/build/icyphy/ptII/ptolemy/domains/continuous/test/auto/Switch.xml
41 ms. Memory: 366592K Free: 314429K (86%)
----------------- Invoking toplevel() on ptolemy.moml.MoMLSimpleApplication@2439edfd
----------------- Done invoking toplevel() on ptolemy.moml.MoMLSimpleApplication@2439edfd
reloadAllAccessors: .Switch

===========================================================================================
----------------- testing Fri Jul 19 06:54:25 UTC 2019 /home/travis/build/icyphy/ptII/ptolemy/domains/continuous/test/auto/Thermostat.xml
----------------- Instantiating /home/travis/build/icyphy/ptII/ptolemy/domains/continuous/test/auto/Thermostat.xml
193 ms. Memory: 366592K Free: 242204K (66%)
----------------- Invoking toplevel() on ptolemy.moml.MoMLSimpleApplication@3352e2db
----------------- Done invoking toplevel() on ptolemy.moml.MoMLSimpleApplication@3352e2db
reloadAllAccessors: .Thermostat

===========================================================================================
----------------- testing Fri Jul 19 06:54:25 UTC 2019 /home/travis/build/icyphy/ptII/ptolemy/domains/continuous/test/auto/TimeDelay.xml
----------------- Instantiating /home/travis/build/icyphy/ptII/ptolemy/domains/continuous/test/auto/TimeDelay.xml
5 ms. Memory: 366592K Free: 237108K (65%)
----------------- Invoking toplevel() on ptolemy.moml.MoMLSimpleApplication@1757d83e
----------------- Done invoking toplevel() on ptolemy.moml.MoMLSimpleApplication@1757d83e
reloadAllAccessors: .TimeDelay

===========================================================================================
----------------- testing Fri Jul 19 06:54:25 UTC 2019 /home/travis/build/icyphy/ptII/ptolemy/domains/continuous/test/auto/TimeDelay2.xml
----------------- Instantiating /home/travis/build/icyphy/ptII/ptolemy/domains/continuous/test/auto/TimeDelay2.xml
7 ms. Memory: 366592K Free: 227389K (62%)
----------------- Invoking toplevel() on ptolemy.moml.MoMLSimpleApplication@1c01a252
----------------- Done invoking toplevel() on ptolemy.moml.MoMLSimpleApplication@1c01a252
reloadAllAccessors: .TimeDelay2

===========================================================================================
----------------- testing Fri Jul 19 06:54:25 UTC 2019 /home/travis/build/icyphy/ptII/ptolemy/domains/continuous/test/auto/TimeDelay3.xml
----------------- Instantiating /home/travis/build/icyphy/ptII/ptolemy/domains/continuous/test/auto/TimeDelay3.xml
5 ms. Memory: 366592K Free: 222762K (61%)
----------------- Invoking toplevel() on ptolemy.moml.MoMLSimpleApplication@220a1b7a
----------------- Done invoking toplevel() on ptolemy.moml.MoMLSimpleApplication@220a1b7a
reloadAllAccessors: .TimeDelay3

===========================================================================================
----------------- testing Fri Jul 19 06:54:25 UTC 2019 /home/travis/build/icyphy/ptII/ptolemy/domains/continuous/test/auto/TransferAbsentToInside.xml
----------------- Instantiating /home/travis/build/icyphy/ptII/ptolemy/domains/continuous/test/auto/TransferAbsentToInside.xml
29 ms. Memory: 366592K Free: 170540K (47%)
----------------- Invoking toplevel() on ptolemy.moml.MoMLSimpleApplication@5f28fd25
----------------- Done invoking toplevel() on ptolemy.moml.MoMLSimpleApplication@5f28fd25
reloadAllAccessors: .TransferAbsentToInside

===========================================================================================
----------------- testing Fri Jul 19 06:54:25 UTC 2019 /home/travis/build/icyphy/ptII/ptolemy/domains/continuous/test/auto/Transmission.xml
----------------- Instantiating /home/travis/build/icyphy/ptII/ptolemy/domains/continuous/test/auto/Transmission.xml
753 ms. Memory: 366592K Free: 152624K (42%)
----------------- Invoking toplevel() on ptolemy.moml.MoMLSimpleApplication@6c0d604a
----------------- Done invoking toplevel() on ptolemy.moml.MoMLSimpleApplication@6c0d604a
reloadAllAccessors: .Transmission

===========================================================================================
----------------- testing Fri Jul 19 06:54:26 UTC 2019 /home/travis/build/icyphy/ptII/ptolemy/domains/continuous/test/auto/TriggeredContinuousClock.xml
----------------- Instantiating /home/travis/build/icyphy/ptII/ptolemy/domains/continuous/test/auto/TriggeredContinuousClock.xml
49 ms. Memory: 366592K Free: 335609K (92%)
----------------- Invoking toplevel() on ptolemy.moml.MoMLSimpleApplication@72adc9b9
----------------- Done invoking toplevel() on ptolemy.moml.MoMLSimpleApplication@72adc9b9
reloadAllAccessors: .TriggeredContinuousClock

===========================================================================================
----------------- testing Fri Jul 19 06:54:26 UTC 2019 /home/travis/build/icyphy/ptII/ptolemy/domains/continuous/test/auto/TwoMachineInfiniteBusControl.xml
----------------- Instantiating /home/travis/build/icyphy/ptII/ptolemy/domains/continuous/test/auto/TwoMachineInfiniteBusControl.xml
3131 ms. Memory: 366592K Free: 183321K (50%)
----------------- Invoking toplevel() on ptolemy.moml.MoMLSimpleApplication@9a9ab91
----------------- Done invoking toplevel() on ptolemy.moml.MoMLSimpleApplication@9a9ab91
reloadAllAccessors: .TwoMachineInfiniteBusControl

===========================================================================================
----------------- testing Fri Jul 19 06:54:29 UTC 2019 /home/travis/build/icyphy/ptII/ptolemy/domains/continuous/test/auto/V2V.xml
----------------- Instantiating /home/travis/build/icyphy/ptII/ptolemy/domains/continuous/test/auto/V2V.xml
741 ms. Memory: 366592K Free: 209466K (57%)
----------------- Invoking toplevel() on ptolemy.moml.MoMLSimpleApplication@60813f00
----------------- Done invoking toplevel() on ptolemy.moml.MoMLSimpleApplication@60813f00
reloadAllAccessors: .V2V

===========================================================================================
----------------- testing Fri Jul 19 06:54:30 UTC 2019 /home/travis/build/icyphy/ptII/ptolemy/domains/continuous/test/auto/hierarchicalModalModel.xml
----------------- Instantiating /home/travis/build/icyphy/ptII/ptolemy/domains/continuous/test/auto/hierarchicalModalModel.xml
8 ms. Memory: 366592K Free: 195080K (53%)
----------------- Invoking toplevel() on ptolemy.moml.MoMLSimpleApplication@9cd0ef5
----------------- Done invoking toplevel() on ptolemy.moml.MoMLSimpleApplication@9cd0ef5
reloadAllAccessors: .hierarchicalModalModel

===========================================================================================
----------------- testing Fri Jul 19 06:54:30 UTC 2019 /home/travis/build/icyphy/ptII/ptolemy/domains/continuous/test/auto/hierarchicalModalModel1.xml
----------------- Instantiating /home/travis/build/icyphy/ptII/ptolemy/domains/continuous/test/auto/hierarchicalModalModel1.xml
8 ms. Memory: 366592K Free: 180249K (49%)
----------------- Invoking toplevel() on ptolemy.moml.MoMLSimpleApplication@6356a98
----------------- Done invoking toplevel() on ptolemy.moml.MoMLSimpleApplication@6356a98
reloadAllAccessors: .hierarchicalModalModel1

===========================================================================================
----------------- testing Fri Jul 19 06:54:30 UTC 2019 /home/travis/build/icyphy/ptII/ptolemy/domains/continuous/test/auto/hierarchicalModalModel2.xml
----------------- Instantiating /home/travis/build/icyphy/ptII/ptolemy/domains/continuous/test/auto/hierarchicalModalModel2.xml
6 ms. Memory: 366592K Free: 167961K (46%)
----------------- Invoking toplevel() on ptolemy.moml.MoMLSimpleApplication@4779e67
----------------- Done invoking toplevel() on ptolemy.moml.MoMLSimpleApplication@4779e67
reloadAllAccessors: .hierarchicalModalModel2

===========================================================================================
----------------- testing Fri Jul 19 06:54:30 UTC 2019 /home/travis/build/icyphy/ptII/ptolemy/domains/continuous/test/auto/hierarchicalModalModel3.xml
----------------- Instantiating /home/travis/build/icyphy/ptII/ptolemy/domains/continuous/test/auto/hierarchicalModalModel3.xml
6 ms. Memory: 366592K Free: 157207K (43%)
----------------- Invoking toplevel() on ptolemy.moml.MoMLSimpleApplication@7628a384
----------------- Done invoking toplevel() on ptolemy.moml.MoMLSimpleApplication@7628a384
reloadAllAccessors: .hierarchicalModalModel3

===========================================================================================
----------------- testing Fri Jul 19 06:54:30 UTC 2019 /home/travis/build/icyphy/ptII/ptolemy/domains/continuous/test/auto/hierarchicalModalModel4.xml
----------------- Instantiating /home/travis/build/icyphy/ptII/ptolemy/domains/continuous/test/auto/hierarchicalModalModel4.xml
4 ms. Memory: 366592K Free: 145433K (40%)
----------------- Invoking toplevel() on ptolemy.moml.MoMLSimpleApplication@f2a21e6
----------------- Done invoking toplevel() on ptolemy.moml.MoMLSimpleApplication@f2a21e6
reloadAllAccessors: .hierarchicalModalModel4

===========================================================================================
----------------- testing Fri Jul 19 06:54:30 UTC 2019 /home/travis/build/icyphy/ptII/ptolemy/domains/continuous/test/auto/junk.xml
----------------- Instantiating /home/travis/build/icyphy/ptII/ptolemy/domains/continuous/test/auto/junk.xml
162 ms. Memory: 440320K Free: 405751K (92%)
----------------- Invoking toplevel() on ptolemy.moml.MoMLSimpleApplication@12c8ff1b
----------------- Done invoking toplevel() on ptolemy.moml.MoMLSimpleApplication@12c8ff1b
reloadAllAccessors: .junk
AutoTests.java: About to close Vertx.
AutoTests.java: Vertx closed.
]]></system-out>
  <system-err><![CDATA[Warning: '.HysteresisWithRandomDelay.NonStrictTest' The test produced only 221 tokens, yet the correctValues parameter was expecting 222 tokens.
Warning: '.HysteresisWithRandomDelay.NonStrictTest2' The test produced only 220 tokens, yet the correctValues parameter was expecting 221 tokens.
Warning: '.Poisson.NonStrictTest' The test produced only 394 tokens, yet the correctValues parameter was expecting 430 tokens.
]]></system-err>
</testsuite>
