<?xml version="1.0" encoding="UTF-8" ?>
<testsuite errors="0" failures="0" hostname="travis-job-34725c7f-b844-4a5d-8498-c15e6a6b19c0" name="ptolemy.vergil.basic.export.test.junit.ExportModelJUnitTestBatch5" skipped="0" tests="150" time="1950.252" timestamp="2019-03-14T16:20:46">
  <properties>
[...]
</properties>
  <testcase classname="ptolemy.vergil.basic.export.test.junit.ExportModelJUnitTestBatch5" name="[0] ptolemy/demo/Quarry/QuarryLagrangian.xml (RunExportModel)" time="8.631" />
  <testcase classname="ptolemy.vergil.basic.export.test.junit.ExportModelJUnitTestBatch5" name="[1] ptolemy/demo/Quarry/QuarryLagrangianRobot.xml (RunExportModel)" time="37.798" />
  <testcase classname="ptolemy.vergil.basic.export.test.junit.ExportModelJUnitTestBatch5" name="[2] ptolemy/demo/Quarry/QuarryLagrangianStopAndGo.xml (RunExportModel)" time="5.048" />
  <testcase classname="ptolemy.vergil.basic.export.test.junit.ExportModelJUnitTestBatch5" name="[3] ptolemy/demo/RobotMPC/CollisionAvoidance.xml (RunExportModel)" time="9.101" />
  <testcase classname="ptolemy.vergil.basic.export.test.junit.ExportModelJUnitTestBatch5" name="[4] ptolemy/demo/RobotMPC/CollisionAvoidanceWithAccModel.xml (RunExportModel)" time="8.099" />
  <testcase classname="ptolemy.vergil.basic.export.test.junit.ExportModelJUnitTestBatch5" name="[5] ptolemy/demo/RobotMPC/CollisionAvoidanceWithObservationRobots.xml (RunExportModel)" time="80.075" />
  <testcase classname="ptolemy.vergil.basic.export.test.junit.ExportModelJUnitTestBatch5" name="[6] ptolemy/demo/RobotMPC/CollisionAvoidanceWithUncertainMeasurement.xml (RunExportModel)" time="15.244" />
  <testcase classname="ptolemy.vergil.basic.export.test.junit.ExportModelJUnitTestBatch5" name="[7] ptolemy/demo/RobotMPC/RobotMPC.xml (RunExportModel)" time="3.17" />
  <testcase classname="ptolemy.vergil.basic.export.test.junit.ExportModelJUnitTestBatch5" name="[8] ptolemy/demo/RobotMPC/SimpleChase.xml (RunExportModel)" time="6.35" />
  <testcase classname="ptolemy.vergil.basic.export.test.junit.ExportModelJUnitTestBatch5" name="[9] ptolemy/distributed/demo/Sleep/Sleep.xml (RunExportModel)" time="3.159" />
  <testcase classname="ptolemy.vergil.basic.export.test.junit.ExportModelJUnitTestBatch5" name="[10] ptolemy/domains/algebraic/demo/HeaterOpenTank/HeaterOpenTank.xml (RunExportModel)" time="4.846" />
  <testcase classname="ptolemy.vergil.basic.export.test.junit.ExportModelJUnitTestBatch5" name="[11] ptolemy/domains/algebraic/demo/HeaterOpenTank/HeaterOpenTankRefactored.xml (RunExportModel)" time="4.319" />
  <testcase classname="ptolemy.vergil.basic.export.test.junit.ExportModelJUnitTestBatch5" name="[12] ptolemy/domains/algebraic/demo/RLC/RLC.xml (RunExportModel)" time="4.336" />
  <testcase classname="ptolemy.vergil.basic.export.test.junit.ExportModelJUnitTestBatch5" name="[13] ptolemy/domains/atc/demo/FirstPolicy/FirstPolicy.xml (RunExportModel)" time="34.831" />
  <testcase classname="ptolemy.vergil.basic.export.test.junit.ExportModelJUnitTestBatch5" name="[14] ptolemy/domains/atc/demo/SecondPolicy/SecondPolicy.xml (RunExportModel)" time="34.628" />
  <testcase classname="ptolemy.vergil.basic.export.test.junit.ExportModelJUnitTestBatch5" name="[15] ptolemy/domains/ca/demo/Conway/Conway.xml (RunExportModel)" time="24.76" />
  <testcase classname="ptolemy.vergil.basic.export.test.junit.ExportModelJUnitTestBatch5" name="[16] ptolemy/domains/ca/demo/ConwayRandom/ConwayRandom.xml (RunExportModel)" time="64.215" />
  <testcase classname="ptolemy.vergil.basic.export.test.junit.ExportModelJUnitTestBatch5" name="[17] ptolemy/domains/ci/demo/Router/Router.xml (RunExportModel)" time="34.364" />
  <testcase classname="ptolemy.vergil.basic.export.test.junit.ExportModelJUnitTestBatch5" name="[18] ptolemy/domains/continuous/demo/BouncingBall/BouncingBall.xml (RunExportModel)" time="34.641" />
  <testcase classname="ptolemy.vergil.basic.export.test.junit.ExportModelJUnitTestBatch5" name="[19] ptolemy/domains/continuous/demo/BouncingBall/BouncingBallWithoutGR.xml (RunExportModel)" time="4.698" />
  <testcase classname="ptolemy.vergil.basic.export.test.junit.ExportModelJUnitTestBatch5" name="[20] ptolemy/domains/continuous/demo/Brownian/Brownian.xml (RunExportModel)" time="4.38" />
  <testcase classname="ptolemy.vergil.basic.export.test.junit.ExportModelJUnitTestBatch5" name="[21] ptolemy/domains/continuous/demo/CartPendulum/CartPendulum.xml (RunExportModel)" time="22.739" />
  <testcase classname="ptolemy.vergil.basic.export.test.junit.ExportModelJUnitTestBatch5" name="[22] ptolemy/domains/continuous/demo/CarTracking/CarTracking.xml (RunExportModel)" time="8.373" />
  <testcase classname="ptolemy.vergil.basic.export.test.junit.ExportModelJUnitTestBatch5" name="[23] ptolemy/domains/continuous/demo/ComparedClocks/ComparedClocks.xml (RunExportModel)" time="4.442" />
  <testcase classname="ptolemy.vergil.basic.export.test.junit.ExportModelJUnitTestBatch5" name="[24] ptolemy/domains/continuous/demo/ContinuousInsideDE/ContinuousInsideDE.xml (RunExportModel)" time="4.267" />
  <testcase classname="ptolemy.vergil.basic.export.test.junit.ExportModelJUnitTestBatch5" name="[25] ptolemy/domains/continuous/demo/DCMotor/DCMotor.xml (RunExportModel)" time="34.334" />
  <testcase classname="ptolemy.vergil.basic.export.test.junit.ExportModelJUnitTestBatch5" name="[26] ptolemy/domains/continuous/demo/Derivative/Derivative.xml (RunExportModel)" time="4.391" />
  <testcase classname="ptolemy.vergil.basic.export.test.junit.ExportModelJUnitTestBatch5" name="[27] ptolemy/domains/continuous/demo/Friction/Friction.xml (RunExportModel)" time="5.728" />
  <testcase classname="ptolemy.vergil.basic.export.test.junit.ExportModelJUnitTestBatch5" name="[28] ptolemy/domains/continuous/demo/FurutaPendulum/FurutaPendulum.xml (RunExportModel)" time="29.617" />
  <testcase classname="ptolemy.vergil.basic.export.test.junit.ExportModelJUnitTestBatch5" name="[29] ptolemy/domains/continuous/demo/HierarchicalExecution/HierarchicalExecution.xml (RunExportModel)" time="5.723" />
  <testcase classname="ptolemy.vergil.basic.export.test.junit.ExportModelJUnitTestBatch5" name="[30] ptolemy/domains/continuous/demo/HybridPlant/HybridPlant.xml (RunExportModel)" time="4.816" />
  <testcase classname="ptolemy.vergil.basic.export.test.junit.ExportModelJUnitTestBatch5" name="[31] ptolemy/domains/continuous/demo/HybridPlant/RandomHybridPlant.xml (RunExportModel)" time="4.811" />
  <testcase classname="ptolemy.vergil.basic.export.test.junit.ExportModelJUnitTestBatch5" name="[32] ptolemy/domains/continuous/demo/Hysteresis/Hysteresis.xml (RunExportModel)" time="4.429" />
  <testcase classname="ptolemy.vergil.basic.export.test.junit.ExportModelJUnitTestBatch5" name="[33] ptolemy/domains/continuous/demo/Hysteresis/HysteresisWithRandomDelay.xml (RunExportModel)" time="4.376" />
  <testcase classname="ptolemy.vergil.basic.export.test.junit.ExportModelJUnitTestBatch5" name="[34] ptolemy/domains/continuous/demo/Hysteresis/HysteresisWithRandomLosses.xml (RunExportModel)" time="5.124" />
  <testcase classname="ptolemy.vergil.basic.export.test.junit.ExportModelJUnitTestBatch5" name="[35] ptolemy/domains/continuous/demo/LevelCrossingDetector/LevelCrossingDetector.xml (RunExportModel)" time="4.206" />
  <testcase classname="ptolemy.vergil.basic.export.test.junit.ExportModelJUnitTestBatch5" name="[36] ptolemy/domains/continuous/demo/LevelCrossingDetector/LevelCrossingDetectorDetectingDirections.xml (RunExportModel)" time="4.223" />
  <testcase classname="ptolemy.vergil.basic.export.test.junit.ExportModelJUnitTestBatch5" name="[37] ptolemy/domains/continuous/demo/LevelCrossingDetectorDetectsGlitches/LevelCrossingDetectorDetectsGlitches.xml (RunExportModel)" time="4.317" />
  <testcase classname="ptolemy.vergil.basic.export.test.junit.ExportModelJUnitTestBatch5" name="[38] ptolemy/domains/continuous/demo/Lorenz/Lorenz.xml (RunExportModel)" time="7.849" />
  <testcase classname="ptolemy.vergil.basic.export.test.junit.ExportModelJUnitTestBatch5" name="[39] ptolemy/domains/continuous/demo/Lorenz/LorenzDifferentialSystem.xml (RunExportModel)" time="13.131" />
  <testcase classname="ptolemy.vergil.basic.export.test.junit.ExportModelJUnitTestBatch5" name="[40] ptolemy/domains/continuous/demo/NewtonsCradle/NewtonsCradle.xml (RunExportModel)" time="7.764" />
  <testcase classname="ptolemy.vergil.basic.export.test.junit.ExportModelJUnitTestBatch5" name="[41] ptolemy/domains/continuous/demo/NewtonsCradle/NewtonsCradleAnimated.xml (RunExportModel)" time="36.657" />
  <testcase classname="ptolemy.vergil.basic.export.test.junit.ExportModelJUnitTestBatch5" name="[42] ptolemy/domains/continuous/demo/NewtonsCradle/NewtonsCradleComplicated.xml (RunExportModel)" time="34.698" />
  <testcase classname="ptolemy.vergil.basic.export.test.junit.ExportModelJUnitTestBatch5" name="[43] ptolemy/domains/continuous/demo/NewtonsCradle/NewtonsCradleNondeterministic.xml (RunExportModel)" time="34.989" />
  <testcase classname="ptolemy.vergil.basic.export.test.junit.ExportModelJUnitTestBatch5" name="[44] ptolemy/domains/continuous/demo/NewtonsCradle/NewtonsCradlePerfectlyInelastic1.xml (RunExportModel)" time="11.838" />
  <testcase classname="ptolemy.vergil.basic.export.test.junit.ExportModelJUnitTestBatch5" name="[45] ptolemy/domains/continuous/demo/NewtonsCradle/ParameterizedNewtonsCradleAnimated.xml (RunExportModel)" time="13.873" />
  <testcase classname="ptolemy.vergil.basic.export.test.junit.ExportModelJUnitTestBatch5" name="[46] ptolemy/domains/continuous/demo/NewtonsCradle/ParameterizedNewtonsCradleAnimatedNondeterministic.xml (RunExportModel)" time="34.837" />
  <testcase classname="ptolemy.vergil.basic.export.test.junit.ExportModelJUnitTestBatch5" name="[47] ptolemy/domains/continuous/demo/Noise/Noise.xml (RunExportModel)" time="4.327" />
  <testcase classname="ptolemy.vergil.basic.export.test.junit.ExportModelJUnitTestBatch5" name="[48] ptolemy/domains/continuous/demo/Noise/NoiseSpectrum.xml (RunExportModel)" time="4.887" />
  <testcase classname="ptolemy.vergil.basic.export.test.junit.ExportModelJUnitTestBatch5" name="[49] ptolemy/domains/continuous/demo/Noise/SinusoidInNoise.xml (RunExportModel)" time="5.493" />
  <testcase classname="ptolemy.vergil.basic.export.test.junit.ExportModelJUnitTestBatch5" name="[50] ptolemy/domains/continuous/demo/Pendulum3D/Pendulum3D.xml (RunExportModel)" time="34.571" />
  <testcase classname="ptolemy.vergil.basic.export.test.junit.ExportModelJUnitTestBatch5" name="[51] ptolemy/domains/continuous/demo/Poisson/IncreasingRatePoisson.xml (RunExportModel)" time="4.746" />
  <testcase classname="ptolemy.vergil.basic.export.test.junit.ExportModelJUnitTestBatch5" name="[52] ptolemy/domains/continuous/demo/Poisson/Poisson.xml (RunExportModel)" time="4.491" />
  <testcase classname="ptolemy.vergil.basic.export.test.junit.ExportModelJUnitTestBatch5" name="[53] ptolemy/domains/continuous/demo/SampledClocks/SampledClocks.xml (RunExportModel)" time="4.2" />
  <testcase classname="ptolemy.vergil.basic.export.test.junit.ExportModelJUnitTestBatch5" name="[54] ptolemy/domains/continuous/demo/Satellite/Satellite.xml (RunExportModel)" time="5.182" />
  <testcase classname="ptolemy.vergil.basic.export.test.junit.ExportModelJUnitTestBatch5" name="[55] ptolemy/domains/continuous/demo/SigmaDelta/SigmaDelta.xml (RunExportModel)" time="32.773" />
  <testcase classname="ptolemy.vergil.basic.export.test.junit.ExportModelJUnitTestBatch5" name="[56] ptolemy/domains/continuous/demo/SinuBouncingBall/SinuBouncingBall.xml (RunExportModel)" time="6.669" />
  <testcase classname="ptolemy.vergil.basic.export.test.junit.ExportModelJUnitTestBatch5" name="[57] ptolemy/domains/continuous/demo/Sinusoid/Sinusoid.xml (RunExportModel)" time="4.13" />
  <testcase classname="ptolemy.vergil.basic.export.test.junit.ExportModelJUnitTestBatch5" name="[58] ptolemy/domains/continuous/demo/SquareWave/SquareWave.xml (RunExportModel)" time="4.441" />
  <testcase classname="ptolemy.vergil.basic.export.test.junit.ExportModelJUnitTestBatch5" name="[59] ptolemy/domains/continuous/demo/Starmac/Starmac.xml (RunExportModel)" time="18.706" />
  <testcase classname="ptolemy.vergil.basic.export.test.junit.ExportModelJUnitTestBatch5" name="[60] ptolemy/domains/continuous/demo/StickyMasses/StickyMasses.xml (RunExportModel)" time="19.241" />
  <testcase classname="ptolemy.vergil.basic.export.test.junit.ExportModelJUnitTestBatch5" name="[61] ptolemy/domains/continuous/demo/Switch/Switch.xml (RunExportModel)" time="4.302" />
  <testcase classname="ptolemy.vergil.basic.export.test.junit.ExportModelJUnitTestBatch5" name="[62] ptolemy/domains/continuous/demo/Thermostat/Thermostat.xml (RunExportModel)" time="4.358" />
  <testcase classname="ptolemy.vergil.basic.export.test.junit.ExportModelJUnitTestBatch5" name="[63] ptolemy/domains/continuous/demo/Transmission/EfficiencyCurve.xml (RunExportModel)" time="4.269" />
  <testcase classname="ptolemy.vergil.basic.export.test.junit.ExportModelJUnitTestBatch5" name="[64] ptolemy/domains/continuous/demo/Transmission/Transmission.xml (RunExportModel)" time="4.784" />
  <testcase classname="ptolemy.vergil.basic.export.test.junit.ExportModelJUnitTestBatch5" name="[65] ptolemy/domains/continuous/demo/TwoMachineInfiniteBusControl/TwoMachineInfiniteBusControl.xml (RunExportModel)" time="7.786" />
  <testcase classname="ptolemy.vergil.basic.export.test.junit.ExportModelJUnitTestBatch5" name="[66] ptolemy/domains/continuous/demo/V2V/V2V.xml (RunExportModel)" time="4.931" />
  <testcase classname="ptolemy.vergil.basic.export.test.junit.ExportModelJUnitTestBatch5" name="[67] ptolemy/domains/csp/demo/Barrier/Barrier.xml (RunExportModel)" time="34.831" />
  <testcase classname="ptolemy.vergil.basic.export.test.junit.ExportModelJUnitTestBatch5" name="[68] ptolemy/domains/csp/demo/ResourcePool/ResourcePool.xml (RunExportModel)" time="34.189" />
  <testcase classname="ptolemy.vergil.basic.export.test.junit.ExportModelJUnitTestBatch5" name="[69] ptolemy/domains/csp/demo/WriteRegulator/WriteRegulator.xml (RunExportModel)" time="34.52" />
  <testcase classname="ptolemy.vergil.basic.export.test.junit.ExportModelJUnitTestBatch5" name="[70] ptolemy/domains/curriculum/demo/Curriculum/Curriculum.xml (RunExportModel)" time="3.53" />
  <testcase classname="ptolemy.vergil.basic.export.test.junit.ExportModelJUnitTestBatch5" name="[71] ptolemy/domains/dde/demo/LocalZeno/LocalZeno.xml (RunExportModel)" time="34.234" />
  <testcase classname="ptolemy.vergil.basic.export.test.junit.ExportModelJUnitTestBatch5" name="[72] ptolemy/domains/ddf/demo/Eratosthenes/Eratosthenes.xml (RunExportModel)" time="9.767" />
  <testcase classname="ptolemy.vergil.basic.export.test.junit.ExportModelJUnitTestBatch5" name="[73] ptolemy/domains/ddf/demo/Factorial/Factorial.xml (RunExportModel)" time="6.071" />
  <testcase classname="ptolemy.vergil.basic.export.test.junit.ExportModelJUnitTestBatch5" name="[74] ptolemy/domains/ddf/demo/HanoiTower/HanoiTower.xml (RunExportModel)" time="69.398" />
  <testcase classname="ptolemy.vergil.basic.export.test.junit.ExportModelJUnitTestBatch5" name="[75] ptolemy/domains/ddf/demo/IfThenElse/IfThenElse.xml (RunExportModel)" time="4.172" />
  <testcase classname="ptolemy.vergil.basic.export.test.junit.ExportModelJUnitTestBatch5" name="[76] ptolemy/domains/ddf/demo/IfThenElse/IfThenElseFSM.xml (RunExportModel)" time="4.308" />
  <testcase classname="ptolemy.vergil.basic.export.test.junit.ExportModelJUnitTestBatch5" name="[77] ptolemy/domains/ddf/demo/Loop/Loop.xml (RunExportModel)" time="4.2" />
  <testcase classname="ptolemy.vergil.basic.export.test.junit.ExportModelJUnitTestBatch5" name="[78] ptolemy/domains/ddf/demo/OrderedMerge/OrderedMerge.xml (RunExportModel)" time="4.181" />
  <testcase classname="ptolemy.vergil.basic.export.test.junit.ExportModelJUnitTestBatch5" name="[79] ptolemy/domains/ddf/demo/RandomWalk/RandomWalk.xml (RunExportModel)" time="4.208" />
  <testcase classname="ptolemy.vergil.basic.export.test.junit.ExportModelJUnitTestBatch5" name="[80] ptolemy/domains/ddf/demo/RijndaelEncryption/RijndaelEncryption.xml (RunExportModel)" time="5.032" />
  <testcase classname="ptolemy.vergil.basic.export.test.junit.ExportModelJUnitTestBatch5" name="[81] ptolemy/domains/de/demo/AFDX/AFDX.xml (RunExportModel)" time="4.38" />
  <testcase classname="ptolemy.vergil.basic.export.test.junit.ExportModelJUnitTestBatch5" name="[82] ptolemy/domains/de/demo/AssemblyLine/AssemblyLine.xml (RunExportModel)" time="4.17" />
  <testcase classname="ptolemy.vergil.basic.export.test.junit.ExportModelJUnitTestBatch5" name="[83] ptolemy/domains/de/demo/Bus/Bus.xml (RunExportModel)" time="4.231" />
  <testcase classname="ptolemy.vergil.basic.export.test.junit.ExportModelJUnitTestBatch5" name="[84] ptolemy/domains/de/demo/Clock/Clock.xml (RunExportModel)" time="3.204" />
  <testcase classname="ptolemy.vergil.basic.export.test.junit.ExportModelJUnitTestBatch5" name="[85] ptolemy/domains/de/demo/ClockDrift/ClockDrift.xml (RunExportModel)" time="4.202" />
  <testcase classname="ptolemy.vergil.basic.export.test.junit.ExportModelJUnitTestBatch5" name="[86] ptolemy/domains/de/demo/DateDemo/DateDemo.xml (RunExportModel)" time="7.367" />
  <testcase classname="ptolemy.vergil.basic.export.test.junit.ExportModelJUnitTestBatch5" name="[87] ptolemy/domains/de/demo/EventButton/EventButton.xml (RunExportModel)" time="34.142" />
  <testcase classname="ptolemy.vergil.basic.export.test.junit.ExportModelJUnitTestBatch5" name="[88] ptolemy/domains/de/demo/Inspection/Inspection.xml (RunExportModel)" time="4.268" />
  <testcase classname="ptolemy.vergil.basic.export.test.junit.ExportModelJUnitTestBatch5" name="[89] ptolemy/domains/de/demo/LineFault/LineFault.xml (RunExportModel)" time="6.586" />
  <testcase classname="ptolemy.vergil.basic.export.test.junit.ExportModelJUnitTestBatch5" name="[90] ptolemy/domains/de/demo/LongRuns/LongRuns.xml (RunExportModel)" time="3.156" />
  <testcase classname="ptolemy.vergil.basic.export.test.junit.ExportModelJUnitTestBatch5" name="[91] ptolemy/domains/de/demo/ModalModel/ModalModel.xml (RunExportModel)" time="4.45" />
  <testcase classname="ptolemy.vergil.basic.export.test.junit.ExportModelJUnitTestBatch5" name="[92] ptolemy/domains/de/demo/OpenQueueingNetwork/OpenQueueingNetwork.xml (RunExportModel)" time="6.289" />
  <testcase classname="ptolemy.vergil.basic.export.test.junit.ExportModelJUnitTestBatch5" name="[93] ptolemy/domains/de/demo/PersistentIO/PersistentIO.xml (RunExportModel)" time="4.225" />
  <testcase classname="ptolemy.vergil.basic.export.test.junit.ExportModelJUnitTestBatch5" name="[94] ptolemy/domains/de/demo/QueueAndServer/QueueAndServer.xml (RunExportModel)" time="4.139" />
  <testcase classname="ptolemy.vergil.basic.export.test.junit.ExportModelJUnitTestBatch5" name="[95] ptolemy/domains/de/demo/RealTimeComposite/RealTimeComposite.xml (RunExportModel)" time="3.474" />
  <testcase classname="ptolemy.vergil.basic.export.test.junit.ExportModelJUnitTestBatch5" name="[96] ptolemy/domains/de/demo/SmartSender/SmartSender.xml (RunExportModel)" time="34.143" />
  <testcase classname="ptolemy.vergil.basic.export.test.junit.ExportModelJUnitTestBatch5" name="[97] ptolemy/domains/de/demo/Switch/Switch.xml (RunExportModel)" time="4.426" />
  <testcase classname="ptolemy.vergil.basic.export.test.junit.ExportModelJUnitTestBatch5" name="[98] ptolemy/domains/de/demo/TimingParadox/TimingParadox.xml (RunExportModel)" time="7.333" />
  <testcase classname="ptolemy.vergil.basic.export.test.junit.ExportModelJUnitTestBatch5" name="[99] ptolemy/domains/de/demo/Trilateration/Trilateration.xml (RunExportModel)" time="50.429" />
  <testcase classname="ptolemy.vergil.basic.export.test.junit.ExportModelJUnitTestBatch5" name="[100] ptolemy/domains/de/demo/TTE/TTE.xml (RunExportModel)" time="4.244" />
  <testcase classname="ptolemy.vergil.basic.export.test.junit.ExportModelJUnitTestBatch5" name="[101] ptolemy/domains/de/demo/VariableDelay/VariableDelay.xml (RunExportModel)" time="4.119" />
  <testcase classname="ptolemy.vergil.basic.export.test.junit.ExportModelJUnitTestBatch5" name="[102] ptolemy/domains/dt/demo/Eye/Eye.xml (RunExportModel)" time="34.153" />
  <testcase classname="ptolemy.vergil.basic.export.test.junit.ExportModelJUnitTestBatch5" name="[103] ptolemy/domains/giotto/cgc/demo/SoundGenerator/SoundGenerator.xml (RunExportModel)" time="34.131" />
  <testcase classname="ptolemy.vergil.basic.export.test.junit.ExportModelJUnitTestBatch5" name="[104] ptolemy/domains/giotto/demo/Composite/Composite.xml (RunExportModel)" time="4.162" />
  <testcase classname="ptolemy.vergil.basic.export.test.junit.ExportModelJUnitTestBatch5" name="[105] ptolemy/domains/giotto/demo/Hierarchy/Hierarchy.xml (RunExportModel)" time="4.159" />
  <testcase classname="ptolemy.vergil.basic.export.test.junit.ExportModelJUnitTestBatch5" name="[106] ptolemy/domains/giotto/demo/Multimode/Multimode.xml (RunExportModel)" time="4.293" />
  <testcase classname="ptolemy.vergil.basic.export.test.junit.ExportModelJUnitTestBatch5" name="[107] ptolemy/domains/giotto/demo/Simple/Simple.xml (RunExportModel)" time="4.132" />
  <testcase classname="ptolemy.vergil.basic.export.test.junit.ExportModelJUnitTestBatch5" name="[108] ptolemy/domains/gr/demo/FurutaPendulum/FurutaPendulum.xml (RunExportModel)" time="29.27" />
  <testcase classname="ptolemy.vergil.basic.export.test.junit.ExportModelJUnitTestBatch5" name="[109] ptolemy/domains/gr/demo/Helen/Helen.xml (RunExportModel)" time="64.255" />
  <testcase classname="ptolemy.vergil.basic.export.test.junit.ExportModelJUnitTestBatch5" name="[110] ptolemy/domains/gr/demo/Pendulum/Pendulum.xml (RunExportModel)" time="64.214" />
  <testcase classname="ptolemy.vergil.basic.export.test.junit.ExportModelJUnitTestBatch5" name="[111] ptolemy/domains/gr/demo/Pong/Pong.xml (RunExportModel)" time="10.526" />
  <testcase classname="ptolemy.vergil.basic.export.test.junit.ExportModelJUnitTestBatch5" name="[112] ptolemy/domains/gr/demo/SolarSystem/SolarSystem.xml (RunExportModel)" time="64.605" />
  <testcase classname="ptolemy.vergil.basic.export.test.junit.ExportModelJUnitTestBatch5" name="[113] ptolemy/domains/gr/demo/StickyMasses/StickyMasses.xml (RunExportModel)" time="23.625" />
  <testcase classname="ptolemy.vergil.basic.export.test.junit.ExportModelJUnitTestBatch5" name="[114] ptolemy/domains/gr/demo/Universe/Universe.xml (RunExportModel)" time="64.173" />
  <testcase classname="ptolemy.vergil.basic.export.test.junit.ExportModelJUnitTestBatch5" name="[115] ptolemy/domains/hdf/demo/AdaptiveCoding/AdaptiveCoding.xml (RunExportModel)" time="5.246" />
  <testcase classname="ptolemy.vergil.basic.export.test.junit.ExportModelJUnitTestBatch5" name="[116] ptolemy/domains/hdf/demo/Fibonacci/Fibonacci.xml (RunExportModel)" time="4.459" />
  <testcase classname="ptolemy.vergil.basic.export.test.junit.ExportModelJUnitTestBatch5" name="[117] ptolemy/domains/hdf/demo/Hysteresis/Hysteresis.xml (RunExportModel)" time="4.306" />
  <testcase classname="ptolemy.vergil.basic.export.test.junit.ExportModelJUnitTestBatch5" name="[118] ptolemy/domains/hdf/demo/Merge/Merge.xml (RunExportModel)" time="4.348" />
  <testcase classname="ptolemy.vergil.basic.export.test.junit.ExportModelJUnitTestBatch5" name="[119] ptolemy/domains/modal/demo/ABP/ABP.xml (RunExportModel)" time="4.594" />
  <testcase classname="ptolemy.vergil.basic.export.test.junit.ExportModelJUnitTestBatch5" name="[120] ptolemy/domains/modal/demo/Blending/Blending.xml (RunExportModel)" time="4.515" />
  <testcase classname="ptolemy.vergil.basic.export.test.junit.ExportModelJUnitTestBatch5" name="[121] ptolemy/domains/modal/demo/Case/Case.xml (RunExportModel)" time="4.307" />
  <testcase classname="ptolemy.vergil.basic.export.test.junit.ExportModelJUnitTestBatch5" name="[122] ptolemy/domains/modal/demo/ChainedTransitions/ChainedTransitions.xml (RunExportModel)" time="4.258" />
  <testcase classname="ptolemy.vergil.basic.export.test.junit.ExportModelJUnitTestBatch5" name="[123] ptolemy/domains/modal/demo/ModalBSC/ModalBSC.xml (RunExportModel)" time="4.337" />
  <testcase classname="ptolemy.vergil.basic.export.test.junit.ExportModelJUnitTestBatch5" name="[124] ptolemy/domains/modal/demo/MultipleRuns/MultipleRuns.xml (RunExportModel)" time="4.674" />
  <testcase classname="ptolemy.vergil.basic.export.test.junit.ExportModelJUnitTestBatch5" name="[125] ptolemy/domains/modal/demo/PersistentIO/PersistentIO.xml (RunExportModel)" time="4.228" />
  <testcase classname="ptolemy.vergil.basic.export.test.junit.ExportModelJUnitTestBatch5" name="[126] ptolemy/domains/modal/demo/StateTracker/StateTracker.xml (RunExportModel)" time="4.333" />
  <testcase classname="ptolemy.vergil.basic.export.test.junit.ExportModelJUnitTestBatch5" name="[127] ptolemy/domains/modal/demo/SystemLevelType/CSPDomain.xml (RunExportModel)" time="3.151" />
  <testcase classname="ptolemy.vergil.basic.export.test.junit.ExportModelJUnitTestBatch5" name="[128] ptolemy/domains/modal/demo/SystemLevelType/CSPDomain_PolyActor.xml (RunExportModel)" time="3.136" />
  <testcase classname="ptolemy.vergil.basic.export.test.junit.ExportModelJUnitTestBatch5" name="[129] ptolemy/domains/modal/demo/SystemLevelType/CSPDomain_SDFActor.xml (RunExportModel)" time="3.118" />
  <testcase classname="ptolemy.vergil.basic.export.test.junit.ExportModelJUnitTestBatch5" name="[130] ptolemy/domains/modal/demo/SystemLevelType/DEDomain.xml (RunExportModel)" time="3.207" />
  <testcase classname="ptolemy.vergil.basic.export.test.junit.ExportModelJUnitTestBatch5" name="[131] ptolemy/domains/modal/demo/SystemLevelType/DEDomain_PolyActor.xml (RunExportModel)" time="3.13" />
  <testcase classname="ptolemy.vergil.basic.export.test.junit.ExportModelJUnitTestBatch5" name="[132] ptolemy/domains/modal/demo/SystemLevelType/DEDomain_SDFActor.xml (RunExportModel)" time="3.103" />
  <testcase classname="ptolemy.vergil.basic.export.test.junit.ExportModelJUnitTestBatch5" name="[133] ptolemy/domains/modal/demo/SystemLevelType/DP.xml (RunExportModel)" time="3.145" />
  <testcase classname="ptolemy.vergil.basic.export.test.junit.ExportModelJUnitTestBatch5" name="[134] ptolemy/domains/modal/demo/SystemLevelType/DummyDirector1.xml (RunExportModel)" time="3.367" />
  <testcase classname="ptolemy.vergil.basic.export.test.junit.ExportModelJUnitTestBatch5" name="[135] ptolemy/domains/modal/demo/SystemLevelType/DummyDirector1_SDFActor.xml (RunExportModel)" time="3.118" />
  <testcase classname="ptolemy.vergil.basic.export.test.junit.ExportModelJUnitTestBatch5" name="[136] ptolemy/domains/modal/demo/SystemLevelType/DummyDirector2.xml (RunExportModel)" time="3.125" />
  <testcase classname="ptolemy.vergil.basic.export.test.junit.ExportModelJUnitTestBatch5" name="[137] ptolemy/domains/modal/demo/SystemLevelType/DummyDirector2_SDFActor.xml (RunExportModel)" time="3.111" />
  <testcase classname="ptolemy.vergil.basic.export.test.junit.ExportModelJUnitTestBatch5" name="[138] ptolemy/domains/modal/demo/SystemLevelType/InterruptableWaitingThreadA.xml (RunExportModel)" time="3.154" />
  <testcase classname="ptolemy.vergil.basic.export.test.junit.ExportModelJUnitTestBatch5" name="[139] ptolemy/domains/modal/demo/SystemLevelType/Interrupter.xml (RunExportModel)" time="3.142" />
  <testcase classname="ptolemy.vergil.basic.export.test.junit.ExportModelJUnitTestBatch5" name="[140] ptolemy/domains/modal/demo/SystemLevelType/Monitor.xml (RunExportModel)" time="3.127" />
  <testcase classname="ptolemy.vergil.basic.export.test.junit.ExportModelJUnitTestBatch5" name="[141] ptolemy/domains/modal/demo/SystemLevelType/PNDomain.xml (RunExportModel)" time="3.14" />
  <testcase classname="ptolemy.vergil.basic.export.test.junit.ExportModelJUnitTestBatch5" name="[142] ptolemy/domains/modal/demo/SystemLevelType/PNDomain_PolyActor.xml (RunExportModel)" time="3.185" />
  <testcase classname="ptolemy.vergil.basic.export.test.junit.ExportModelJUnitTestBatch5" name="[143] ptolemy/domains/modal/demo/SystemLevelType/PNDomain_SDFActor.xml (RunExportModel)" time="3.112" />
  <testcase classname="ptolemy.vergil.basic.export.test.junit.ExportModelJUnitTestBatch5" name="[144] ptolemy/domains/modal/demo/SystemLevelType/PolyActor.xml (RunExportModel)" time="3.113" />
  <testcase classname="ptolemy.vergil.basic.export.test.junit.ExportModelJUnitTestBatch5" name="[145] ptolemy/domains/modal/demo/SystemLevelType/SDFActor.xml (RunExportModel)" time="3.111" />
  <testcase classname="ptolemy.vergil.basic.export.test.junit.ExportModelJUnitTestBatch5" name="[146] ptolemy/domains/modal/demo/SystemLevelType/SDFDomain.xml (RunExportModel)" time="3.121" />
  <testcase classname="ptolemy.vergil.basic.export.test.junit.ExportModelJUnitTestBatch5" name="[147] ptolemy/domains/modal/demo/SystemLevelType/SDFDomain_PolyActor.xml (RunExportModel)" time="3.132" />
  <testcase classname="ptolemy.vergil.basic.export.test.junit.ExportModelJUnitTestBatch5" name="[148] ptolemy/domains/modal/demo/SystemLevelType/SDFDomain_SDFActor.xml (RunExportModel)" time="3.134" />
  <testcase classname="ptolemy.vergil.basic.export.test.junit.ExportModelJUnitTestBatch5" name="[149] ptolemy/domains/modal/demo/SystemLevelType/ThreadA.xml (RunExportModel)" time="3.132" />
  <system-out><![CDATA[ExportModeJUnitTestBatch: There are 746 demos. Exporting demos: 441 to 590.
####### 1 Thu Mar 14 16:20:47 UTC 2019 $PTII/bin/ptinvoke ptolemy.vergil.basic.export.ExportModel -force htm -run -openComposites -timeOut 30000 -whiteBackground ptolemy/demo/Quarry/QuarryLagrangian.xml $PTII/ptolemy/demo/Quarry/QuarryLagrangian
Running .QuarryLagrangian
630 ms. Memory: 180224K Free: 72909K (40%)
Exported /home/travis/build/icyphy/ptII/ptolemy/demo/Quarry/QuarryLagrangian/index.html
8623 ms. Memory: 239104K Free: 174171K (73%)
####### 2 Thu Mar 14 16:20:55 UTC 2019 $PTII/bin/ptinvoke ptolemy.vergil.basic.export.ExportModel -force htm -run -openComposites -timeOut 30000 -whiteBackground ptolemy/demo/Quarry/QuarryLagrangianRobot.xml $PTII/ptolemy/demo/Quarry/QuarryLagrangianRobot
Running .QuarryLagrangianRobot
RobotController: false (Thread[AWT-EventQueue-0,6,main])
RobotController: 90 (Thread[AWT-EventQueue-0,6,main])
RobotController: true (Thread[AWT-EventQueue-0,6,main])
RobotController: false (Thread[AWT-EventQueue-0,6,main])
RobotController: 90 (Thread[AWT-EventQueue-0,6,main])
RobotController: true (Thread[AWT-EventQueue-0,6,main])
RobotController: false (Thread[AWT-EventQueue-0,6,main])
RobotController: 90 (Thread[AWT-EventQueue-0,6,main])
RobotController: true (Thread[AWT-EventQueue-0,6,main])
RobotController: false (Thread[AWT-EventQueue-0,6,main])
RobotController: 90 (Thread[AWT-EventQueue-0,6,main])
RobotController: true (Thread[AWT-EventQueue-0,6,main])
RobotController: false (Thread[AWT-EventQueue-0,6,main])
RobotController: 90 (Thread[AWT-EventQueue-0,6,main])
RobotController: true (Thread[AWT-EventQueue-0,6,main])
RobotController: false (Thread[AWT-EventQueue-0,6,main])
RobotController: 90 (Thread[AWT-EventQueue-0,6,main])
RobotController: true (Thread[AWT-EventQueue-0,6,main])
RobotController: false (Thread[AWT-EventQueue-0,6,main])
RobotController: 90 (Thread[AWT-EventQueue-0,6,main])
RobotController: true (Thread[AWT-EventQueue-0,6,main])
RobotController: false (Thread[AWT-EventQueue-0,6,main])
RobotController: 90 (Thread[AWT-EventQueue-0,6,main])
RobotController: true (Thread[AWT-EventQueue-0,6,main])
RobotController: false (Thread[AWT-EventQueue-0,6,main])
RobotController: 90 (Thread[AWT-EventQueue-0,6,main])
RobotController: true (Thread[AWT-EventQueue-0,6,main])
RobotController: false (Thread[AWT-EventQueue-0,6,main])
RobotController: 90 (Thread[AWT-EventQueue-0,6,main])
RobotController: true (Thread[AWT-EventQueue-0,6,main])
RobotController: false (Thread[AWT-EventQueue-0,6,main])
RobotController: 90 (Thread[AWT-EventQueue-0,6,main])
RobotController: true (Thread[AWT-EventQueue-0,6,main])
RobotController: false (Thread[AWT-EventQueue-0,6,main])
RobotController: 90 (Thread[AWT-EventQueue-0,6,main])
RobotController: true (Thread[AWT-EventQueue-0,6,main])
RobotController: false (Thread[AWT-EventQueue-0,6,main])
RobotController: 90 (Thread[AWT-EventQueue-0,6,main])
RobotController: true (Thread[AWT-EventQueue-0,6,main])
RobotController: false (Thread[AWT-EventQueue-0,6,main])
RobotController: 90 (Thread[AWT-EventQueue-0,6,main])
RobotController: true (Thread[AWT-EventQueue-0,6,main])
RobotController: false (Thread[AWT-EventQueue-0,6,main])
RobotController: 90 (Thread[AWT-EventQueue-0,6,main])
ExportHTMLTimer went off after 30000 ms., calling getDirector().finish and getDirector().stopFire()
30021 ms. Memory: 356352K Free: 103657K (29%)
Exported /home/travis/build/icyphy/ptII/ptolemy/demo/Quarry/QuarryLagrangianRobot/index.html
37796 ms. Memory: 358912K Free: 284401K (79%)
####### 3 Thu Mar 14 16:21:33 UTC 2019 $PTII/bin/ptinvoke ptolemy.vergil.basic.export.ExportModel -force htm -run -openComposites -timeOut 30000 -whiteBackground ptolemy/demo/Quarry/QuarryLagrangianStopAndGo.xml $PTII/ptolemy/demo/Quarry/QuarryLagrangianStopAndGo
Running .QuarryLagrangianStopAndGo
192 ms. Memory: 358912K Free: 85701K (24%)
Exported /home/travis/build/icyphy/ptII/ptolemy/demo/Quarry/QuarryLagrangianStopAndGo/index.html
5047 ms. Memory: 424960K Free: 185970K (44%)
####### 4 Thu Mar 14 16:21:38 UTC 2019 $PTII/bin/ptinvoke ptolemy.vergil.basic.export.ExportModel -force htm  -openComposites -timeOut 30000 -whiteBackground ptolemy/demo/RobotMPC/CollisionAvoidance.xml $PTII/ptolemy/demo/RobotMPC/CollisionAvoidance
Warning: not running ptolemy/demo/RobotMPC/CollisionAvoidance.xml. See ptolemy/vergil/basic/export/test/junit/ExportModelJUnitTest.java
Exported /home/travis/build/icyphy/ptII/ptolemy/demo/RobotMPC/CollisionAvoidance/index.html
9100 ms. Memory: 681984K Free: 605292K (89%)
####### 5 Thu Mar 14 16:21:47 UTC 2019 $PTII/bin/ptinvoke ptolemy.vergil.basic.export.ExportModel -force htm  -openComposites -timeOut 30000 -whiteBackground ptolemy/demo/RobotMPC/CollisionAvoidanceWithAccModel.xml $PTII/ptolemy/demo/RobotMPC/CollisionAvoidanceWithAccModel
Warning: not running ptolemy/demo/RobotMPC/CollisionAvoidanceWithAccModel.xml. See ptolemy/vergil/basic/export/test/junit/ExportModelJUnitTest.java
Exported /home/travis/build/icyphy/ptII/ptolemy/demo/RobotMPC/CollisionAvoidanceWithAccModel/index.html
8098 ms. Memory: 891904K Free: 202864K (23%)
####### 6 Thu Mar 14 16:21:55 UTC 2019 $PTII/bin/ptinvoke ptolemy.vergil.basic.export.ExportModel -force htm  -openComposites -timeOut 30000 -whiteBackground ptolemy/demo/RobotMPC/CollisionAvoidanceWithObservationRobots.xml $PTII/ptolemy/demo/RobotMPC/CollisionAvoidanceWithObservationRobots
Warning: not running ptolemy/demo/RobotMPC/CollisionAvoidanceWithObservationRobots.xml. See ptolemy/vergil/basic/export/test/junit/ExportModelJUnitTest.java
Exported /home/travis/build/icyphy/ptII/ptolemy/demo/RobotMPC/CollisionAvoidanceWithObservationRobots/index.html
80074 ms. Memory: 1849344K Free: 461781K (25%)
####### 7 Thu Mar 14 16:23:15 UTC 2019 $PTII/bin/ptinvoke ptolemy.vergil.basic.export.ExportModel -force htm  -openComposites -timeOut 30000 -whiteBackground ptolemy/demo/RobotMPC/CollisionAvoidanceWithUncertainMeasurement.xml $PTII/ptolemy/demo/RobotMPC/CollisionAvoidanceWithUncertainMeasurement
Warning: not running ptolemy/demo/RobotMPC/CollisionAvoidanceWithUncertainMeasurement.xml. See ptolemy/vergil/basic/export/test/junit/ExportModelJUnitTest.java
Exported /home/travis/build/icyphy/ptII/ptolemy/demo/RobotMPC/CollisionAvoidanceWithUncertainMeasurement/index.html
15244 ms. Memory: 1849344K Free: 785858K (42%)
####### 8 Thu Mar 14 16:23:31 UTC 2019 $PTII/bin/ptinvoke ptolemy.vergil.basic.export.ExportModel -force htm  -openComposites -timeOut 30000 -whiteBackground ptolemy/demo/RobotMPC/RobotMPC.xml $PTII/ptolemy/demo/RobotMPC/RobotMPC
Warning: not running ptolemy/demo/RobotMPC/RobotMPC.xml. See ptolemy/vergil/basic/export/test/junit/ExportModelJUnitTest.java
Exported /home/travis/build/icyphy/ptII/ptolemy/demo/RobotMPC/RobotMPC/index.html
3170 ms. Memory: 1849344K Free: 660584K (36%)
####### 9 Thu Mar 14 16:23:34 UTC 2019 $PTII/bin/ptinvoke ptolemy.vergil.basic.export.ExportModel -force htm  -openComposites -timeOut 30000 -whiteBackground ptolemy/demo/RobotMPC/SimpleChase.xml $PTII/ptolemy/demo/RobotMPC/SimpleChase
Warning: not running ptolemy/demo/RobotMPC/SimpleChase.xml. See ptolemy/vergil/basic/export/test/junit/ExportModelJUnitTest.java
Exported /home/travis/build/icyphy/ptII/ptolemy/demo/RobotMPC/SimpleChase/index.html
6350 ms. Memory: 1861120K Free: 1455359K (78%)
####### 10 Thu Mar 14 16:23:40 UTC 2019 $PTII/bin/ptinvoke ptolemy.vergil.basic.export.ExportModel -force htm  -openComposites -timeOut 30000 -whiteBackground ptolemy/distributed/demo/Sleep/Sleep.xml $PTII/ptolemy/distributed/demo/Sleep/Sleep
Warning: not running ptolemy/distributed/demo/Sleep/Sleep.xml. See ptolemy/vergil/basic/export/test/junit/ExportModelJUnitTest.java
Exported /home/travis/build/icyphy/ptII/ptolemy/distributed/demo/Sleep/Sleep/index.html
3159 ms. Memory: 1861120K Free: 1328228K (71%)
####### 11 Thu Mar 14 16:23:43 UTC 2019 $PTII/bin/ptinvoke ptolemy.vergil.basic.export.ExportModel -force htm -run -openComposites -timeOut 30000 -whiteBackground ptolemy/domains/algebraic/demo/HeaterOpenTank/HeaterOpenTank.xml $PTII/ptolemy/domains/algebraic/demo/HeaterOpenTank/HeaterOpenTank
Running .HeaterOpenTank
444 ms. Memory: 1861120K Free: 1165480K (63%)
Exported /home/travis/build/icyphy/ptII/ptolemy/domains/algebraic/demo/HeaterOpenTank/HeaterOpenTank/index.html
4845 ms. Memory: 1861120K Free: 952042K (51%)
####### 12 Thu Mar 14 16:23:48 UTC 2019 $PTII/bin/ptinvoke ptolemy.vergil.basic.export.ExportModel -force htm -run -openComposites -timeOut 30000 -whiteBackground ptolemy/domains/algebraic/demo/HeaterOpenTank/HeaterOpenTankRefactored.xml $PTII/ptolemy/domains/algebraic/demo/HeaterOpenTank/HeaterOpenTankRefactored
Running .HeaterOpenTankRefactored
85 ms. Memory: 1861120K Free: 835774K (45%)
Exported /home/travis/build/icyphy/ptII/ptolemy/domains/algebraic/demo/HeaterOpenTank/HeaterOpenTankRefactored/index.html
4319 ms. Memory: 1861120K Free: 721378K (39%)
####### 13 Thu Mar 14 16:23:52 UTC 2019 $PTII/bin/ptinvoke ptolemy.vergil.basic.export.ExportModel -force htm -run -openComposites -timeOut 30000 -whiteBackground ptolemy/domains/algebraic/demo/RLC/RLC.xml $PTII/ptolemy/domains/algebraic/demo/RLC/RLC
Running .RLC
58 ms. Memory: 1861120K Free: 591788K (32%)
Exported /home/travis/build/icyphy/ptII/ptolemy/domains/algebraic/demo/RLC/RLC/index.html
4336 ms. Memory: 1861120K Free: 447251K (24%)
####### 14 Thu Mar 14 16:23:57 UTC 2019 $PTII/bin/ptinvoke ptolemy.vergil.basic.export.ExportModel -force htm -run -openComposites -timeOut 30000 -whiteBackground ptolemy/domains/atc/demo/FirstPolicy/FirstPolicy.xml $PTII/ptolemy/domains/atc/demo/FirstPolicy/FirstPolicy
Running .FirstPolicy
ExportHTMLTimer went off after 30000 ms., calling getDirector().finish and getDirector().stopFire()
30001 ms. Memory: 1613824K Free: 1073117K (66%)
Exported /home/travis/build/icyphy/ptII/ptolemy/domains/atc/demo/FirstPolicy/FirstPolicy/index.html
34831 ms. Memory: 1613824K Free: 770254K (48%)
####### 15 Thu Mar 14 16:24:32 UTC 2019 $PTII/bin/ptinvoke ptolemy.vergil.basic.export.ExportModel -force htm -run -openComposites -timeOut 30000 -whiteBackground ptolemy/domains/atc/demo/SecondPolicy/SecondPolicy.xml $PTII/ptolemy/domains/atc/demo/SecondPolicy/SecondPolicy
Running .SecondPolicy
ExportHTMLTimer went off after 30000 ms., calling getDirector().finish and getDirector().stopFire()
30001 ms. Memory: 1613824K Free: 492202K (30%)
Exported /home/travis/build/icyphy/ptII/ptolemy/domains/atc/demo/SecondPolicy/SecondPolicy/index.html
34628 ms. Memory: 1613824K Free: 193757K (12%)
####### 16 Thu Mar 14 16:25:06 UTC 2019 $PTII/bin/ptinvoke ptolemy.vergil.basic.export.ExportModel -force htm -run -openComposites -timeOut 30000 -whiteBackground ptolemy/domains/ca/demo/Conway/Conway.xml $PTII/ptolemy/domains/ca/demo/Conway/Conway
Running .Conway
20467 ms. Memory: 1868288K Free: 1385623K (74%)
Exported /home/travis/build/icyphy/ptII/ptolemy/domains/ca/demo/Conway/Conway/index.html
24760 ms. Memory: 1868288K Free: 1282477K (69%)
####### 17 Thu Mar 14 16:25:31 UTC 2019 $PTII/bin/ptinvoke ptolemy.vergil.basic.export.ExportModel -force htm -run -openComposites -timeOut 30000 -whiteBackground ptolemy/domains/ca/demo/ConwayRandom/ConwayRandom.xml $PTII/ptolemy/domains/ca/demo/ConwayRandom/ConwayRandom
Running .ConwayRandom
ExportHTMLTimer went off after 30000 ms., calling getDirector().finish and getDirector().stopFire()
ExportHTMLTimer went off after 60000 ms., calling manager.stop().
59997 ms. Memory: 1879552K Free: 1290195K (69%)
Exported /home/travis/build/icyphy/ptII/ptolemy/domains/ca/demo/ConwayRandom/ConwayRandom/index.html
64215 ms. Memory: 1879552K Free: 1187083K (63%)
####### 18 Thu Mar 14 16:26:35 UTC 2019 $PTII/bin/ptinvoke ptolemy.vergil.basic.export.ExportModel -force htm -run -openComposites -timeOut 30000 -whiteBackground ptolemy/domains/ci/demo/Router/Router.xml $PTII/ptolemy/domains/ci/demo/Router/Router
Running .Router
ExportHTMLTimer went off after 30000 ms., calling getDirector().finish and getDirector().stopFire()
30002 ms. Memory: 1879552K Free: 951077K (51%)
Exported /home/travis/build/icyphy/ptII/ptolemy/domains/ci/demo/Router/Router/index.html
34364 ms. Memory: 1879552K Free: 754678K (40%)
####### 19 Thu Mar 14 16:27:10 UTC 2019 $PTII/bin/ptinvoke ptolemy.vergil.basic.export.ExportModel -force htm -run -openComposites -timeOut 30000 -whiteBackground ptolemy/domains/continuous/demo/BouncingBall/BouncingBall.xml $PTII/ptolemy/domains/continuous/demo/BouncingBall/BouncingBall
Running .BouncingBall
creating preferred configuration... 
ExportHTMLTimer went off after 30000 ms., calling getDirector().finish and getDirector().stopFire()
30019 ms. Memory: 1867776K Free: 1241736K (66%)
Exported /home/travis/build/icyphy/ptII/ptolemy/domains/continuous/demo/BouncingBall/BouncingBall/index.html
34641 ms. Memory: 1867776K Free: 1038639K (56%)
####### 20 Thu Mar 14 16:27:44 UTC 2019 $PTII/bin/ptinvoke ptolemy.vergil.basic.export.ExportModel -force htm -run -openComposites -timeOut 30000 -whiteBackground ptolemy/domains/continuous/demo/BouncingBall/BouncingBallWithoutGR.xml $PTII/ptolemy/domains/continuous/demo/BouncingBall/BouncingBallWithoutGR
Running .BouncingBallWithoutGR
436 ms. Memory: 1867776K Free: 750438K (40%)
Exported /home/travis/build/icyphy/ptII/ptolemy/domains/continuous/demo/BouncingBall/BouncingBallWithoutGR/index.html
4697 ms. Memory: 1867776K Free: 624609K (33%)
####### 21 Thu Mar 14 16:27:49 UTC 2019 $PTII/bin/ptinvoke ptolemy.vergil.basic.export.ExportModel -force htm -run -openComposites -timeOut 30000 -whiteBackground ptolemy/domains/continuous/demo/Brownian/Brownian.xml $PTII/ptolemy/domains/continuous/demo/Brownian/Brownian
Running .Brownian
206 ms. Memory: 1867776K Free: 462434K (25%)
Exported /home/travis/build/icyphy/ptII/ptolemy/domains/continuous/demo/Brownian/Brownian/index.html
4380 ms. Memory: 1867776K Free: 411438K (22%)
####### 22 Thu Mar 14 16:27:53 UTC 2019 $PTII/bin/ptinvoke ptolemy.vergil.basic.export.ExportModel -force htm -run -openComposites -timeOut 30000 -whiteBackground ptolemy/domains/continuous/demo/CartPendulum/CartPendulum.xml $PTII/ptolemy/domains/continuous/demo/CartPendulum/CartPendulum
Running .CartPendulum
creating preferred configuration... 
17971 ms. Memory: 1882624K Free: 539454K (29%)
Exported /home/travis/build/icyphy/ptII/ptolemy/domains/continuous/demo/CartPendulum/CartPendulum/index.html
22738 ms. Memory: 1869312K Free: 1377809K (74%)
####### 23 Thu Mar 14 16:28:16 UTC 2019 $PTII/bin/ptinvoke ptolemy.vergil.basic.export.ExportModel -force htm -run -openComposites -timeOut 30000 -whiteBackground ptolemy/domains/continuous/demo/CarTracking/CarTracking.xml $PTII/ptolemy/domains/continuous/demo/CarTracking/CarTracking
Running .CarTracking
2825 ms. Memory: 1869312K Free: 445003K (24%)
Exported /home/travis/build/icyphy/ptII/ptolemy/domains/continuous/demo/CarTracking/CarTracking/index.html
8373 ms. Memory: 1882112K Free: 1168355K (62%)
####### 24 Thu Mar 14 16:28:24 UTC 2019 $PTII/bin/ptinvoke ptolemy.vergil.basic.export.ExportModel -force htm -run -openComposites -timeOut 30000 -whiteBackground ptolemy/domains/continuous/demo/ComparedClocks/ComparedClocks.xml $PTII/ptolemy/domains/continuous/demo/ComparedClocks/ComparedClocks
Running .ComparedClocks
89 ms. Memory: 1882112K Free: 981320K (52%)
Exported /home/travis/build/icyphy/ptII/ptolemy/domains/continuous/demo/ComparedClocks/ComparedClocks/index.html
4442 ms. Memory: 1882112K Free: 772050K (41%)
####### 25 Thu Mar 14 16:28:29 UTC 2019 $PTII/bin/ptinvoke ptolemy.vergil.basic.export.ExportModel -force htm -run -openComposites -timeOut 30000 -whiteBackground ptolemy/domains/continuous/demo/ContinuousInsideDE/ContinuousInsideDE.xml $PTII/ptolemy/domains/continuous/demo/ContinuousInsideDE/ContinuousInsideDE
Running .ContinuousInsideDE
50 ms. Memory: 1882112K Free: 628334K (33%)
Exported /home/travis/build/icyphy/ptII/ptolemy/domains/continuous/demo/ContinuousInsideDE/ContinuousInsideDE/index.html
4267 ms. Memory: 1882112K Free: 544101K (29%)
####### 26 Thu Mar 14 16:28:33 UTC 2019 $PTII/bin/ptinvoke ptolemy.vergil.basic.export.ExportModel -force htm -run -openComposites -timeOut 30000 -whiteBackground ptolemy/domains/continuous/demo/DCMotor/DCMotor.xml $PTII/ptolemy/domains/continuous/demo/DCMotor/DCMotor
Running .DCMotor
ExportHTMLTimer went off after 30000 ms., calling getDirector().finish and getDirector().stopFire()
30008 ms. Memory: 2000896K Free: 400413K (20%)
Exported /home/travis/build/icyphy/ptII/ptolemy/domains/continuous/demo/DCMotor/DCMotor/index.html
34333 ms. Memory: 2005504K Free: 1639961K (82%)
####### 27 Thu Mar 14 16:29:07 UTC 2019 $PTII/bin/ptinvoke ptolemy.vergil.basic.export.ExportModel -force htm -run -openComposites -timeOut 30000 -whiteBackground ptolemy/domains/continuous/demo/Derivative/Derivative.xml $PTII/ptolemy/domains/continuous/demo/Derivative/Derivative
Running .Derivative
136 ms. Memory: 2005504K Free: 1507914K (75%)
Exported /home/travis/build/icyphy/ptII/ptolemy/domains/continuous/demo/Derivative/Derivative/index.html
4390 ms. Memory: 2005504K Free: 1374148K (69%)
####### 28 Thu Mar 14 16:29:12 UTC 2019 $PTII/bin/ptinvoke ptolemy.vergil.basic.export.ExportModel -force htm -run -openComposites -timeOut 30000 -whiteBackground ptolemy/domains/continuous/demo/Friction/Friction.xml $PTII/ptolemy/domains/continuous/demo/Friction/Friction
Running .Friction
881 ms. Memory: 2005504K Free: 829971K (41%)
Exported /home/travis/build/icyphy/ptII/ptolemy/domains/continuous/demo/Friction/Friction/index.html
5728 ms. Memory: 2005504K Free: 444430K (22%)
####### 29 Thu Mar 14 16:29:18 UTC 2019 $PTII/bin/ptinvoke ptolemy.vergil.basic.export.ExportModel -force htm -run -openComposites -timeOut 30000 -whiteBackground ptolemy/domains/continuous/demo/FurutaPendulum/FurutaPendulum.xml $PTII/ptolemy/domains/continuous/demo/FurutaPendulum/FurutaPendulum
Running .FurutaPendulum
creating preferred configuration... 
24032 ms. Memory: 2015232K Free: 1165969K (58%)
Exported /home/travis/build/icyphy/ptII/ptolemy/domains/continuous/demo/FurutaPendulum/FurutaPendulum/index.html
29617 ms. Memory: 2015232K Free: 436577K (22%)
####### 30 Thu Mar 14 16:29:47 UTC 2019 $PTII/bin/ptinvoke ptolemy.vergil.basic.export.ExportModel -force htm -run -openComposites -timeOut 30000 -whiteBackground ptolemy/domains/continuous/demo/HierarchicalExecution/HierarchicalExecution.xml $PTII/ptolemy/domains/continuous/demo/HierarchicalExecution/HierarchicalExecution
Running .HierarchicalExecution
1574 ms. Memory: 2018304K Free: 1537567K (76%)
Exported /home/travis/build/icyphy/ptII/ptolemy/domains/continuous/demo/HierarchicalExecution/HierarchicalExecution/index.html
5722 ms. Memory: 2018304K Free: 1448580K (72%)
####### 31 Thu Mar 14 16:29:53 UTC 2019 $PTII/bin/ptinvoke ptolemy.vergil.basic.export.ExportModel -force htm -run -openComposites -timeOut 30000 -whiteBackground ptolemy/domains/continuous/demo/HybridPlant/HybridPlant.xml $PTII/ptolemy/domains/continuous/demo/HybridPlant/HybridPlant
Running .HybridPlant
553 ms. Memory: 2018304K Free: 1070312K (53%)
Exported /home/travis/build/icyphy/ptII/ptolemy/domains/continuous/demo/HybridPlant/HybridPlant/index.html
4816 ms. Memory: 2018304K Free: 867204K (43%)
####### 32 Thu Mar 14 16:29:58 UTC 2019 $PTII/bin/ptinvoke ptolemy.vergil.basic.export.ExportModel -force htm -run -openComposites -timeOut 30000 -whiteBackground ptolemy/domains/continuous/demo/HybridPlant/RandomHybridPlant.xml $PTII/ptolemy/domains/continuous/demo/HybridPlant/RandomHybridPlant
Running .RandomHybridPlant
522 ms. Memory: 2018304K Free: 465659K (23%)
Exported /home/travis/build/icyphy/ptII/ptolemy/domains/continuous/demo/HybridPlant/RandomHybridPlant/index.html
4811 ms. Memory: 2018304K Free: 260100K (13%)
####### 33 Thu Mar 14 16:30:03 UTC 2019 $PTII/bin/ptinvoke ptolemy.vergil.basic.export.ExportModel -force htm -run -openComposites -timeOut 30000 -whiteBackground ptolemy/domains/continuous/demo/Hysteresis/Hysteresis.xml $PTII/ptolemy/domains/continuous/demo/Hysteresis/Hysteresis
Running .Hysteresis
130 ms. Memory: 2027008K Free: 1590519K (78%)
Exported /home/travis/build/icyphy/ptII/ptolemy/domains/continuous/demo/Hysteresis/Hysteresis/index.html
4429 ms. Memory: 2027008K Free: 1440976K (71%)
####### 34 Thu Mar 14 16:30:07 UTC 2019 $PTII/bin/ptinvoke ptolemy.vergil.basic.export.ExportModel -force htm -run -openComposites -timeOut 30000 -whiteBackground ptolemy/domains/continuous/demo/Hysteresis/HysteresisWithRandomDelay.xml $PTII/ptolemy/domains/continuous/demo/Hysteresis/HysteresisWithRandomDelay
Running .HysteresisWithRandomDelay
125 ms. Memory: 2027008K Free: 1232430K (61%)
Exported /home/travis/build/icyphy/ptII/ptolemy/domains/continuous/demo/Hysteresis/HysteresisWithRandomDelay/index.html
4376 ms. Memory: 2027008K Free: 1053913K (52%)
####### 35 Thu Mar 14 16:30:11 UTC 2019 $PTII/bin/ptinvoke ptolemy.vergil.basic.export.ExportModel -force htm -run -openComposites -timeOut 30000 -whiteBackground ptolemy/domains/continuous/demo/Hysteresis/HysteresisWithRandomLosses.xml $PTII/ptolemy/domains/continuous/demo/Hysteresis/HysteresisWithRandomLosses
Running .HysteresisWithRandomLosses
865 ms. Memory: 2027008K Free: 497513K (25%)
Exported /home/travis/build/icyphy/ptII/ptolemy/domains/continuous/demo/Hysteresis/HysteresisWithRandomLosses/index.html
5124 ms. Memory: 2027008K Free: 348239K (17%)
####### 36 Thu Mar 14 16:30:17 UTC 2019 $PTII/bin/ptinvoke ptolemy.vergil.basic.export.ExportModel -force htm -run -openComposites -timeOut 30000 -whiteBackground ptolemy/domains/continuous/demo/LevelCrossingDetector/LevelCrossingDetector.xml $PTII/ptolemy/domains/continuous/demo/LevelCrossingDetector/LevelCrossingDetector
Running .LevelCrossingDetector
24 ms. Memory: 2027008K Free: 230524K (11%)
Exported /home/travis/build/icyphy/ptII/ptolemy/domains/continuous/demo/LevelCrossingDetector/LevelCrossingDetector/index.html
4206 ms. Memory: 2029056K Free: 1659470K (82%)
####### 37 Thu Mar 14 16:30:21 UTC 2019 $PTII/bin/ptinvoke ptolemy.vergil.basic.export.ExportModel -force htm -run -openComposites -timeOut 30000 -whiteBackground ptolemy/domains/continuous/demo/LevelCrossingDetector/LevelCrossingDetectorDetectingDirections.xml $PTII/ptolemy/domains/continuous/demo/LevelCrossingDetector/LevelCrossingDetectorDetectingDirections
Running .LevelCrossingDetectorDetectingDirections
52 ms. Memory: 2029056K Free: 1537236K (76%)
Exported /home/travis/build/icyphy/ptII/ptolemy/domains/continuous/demo/LevelCrossingDetector/LevelCrossingDetectorDetectingDirections/index.html
4223 ms. Memory: 2029056K Free: 1440095K (71%)
####### 38 Thu Mar 14 16:30:25 UTC 2019 $PTII/bin/ptinvoke ptolemy.vergil.basic.export.ExportModel -force htm -run -openComposites -timeOut 30000 -whiteBackground ptolemy/domains/continuous/demo/LevelCrossingDetectorDetectsGlitches/LevelCrossingDetectorDetectsGlitches.xml $PTII/ptolemy/domains/continuous/demo/LevelCrossingDetectorDetectsGlitches/LevelCrossingDetectorDetectsGlitches
Running .LevelCrossingDetectorDetectsGlitches
43 ms. Memory: 2029056K Free: 1293139K (64%)
Exported /home/travis/build/icyphy/ptII/ptolemy/domains/continuous/demo/LevelCrossingDetectorDetectsGlitches/LevelCrossingDetectorDetectsGlitches/index.html
4316 ms. Memory: 2029056K Free: 1053067K (52%)
####### 39 Thu Mar 14 16:30:29 UTC 2019 $PTII/bin/ptinvoke ptolemy.vergil.basic.export.ExportModel -force htm -run -openComposites -timeOut 30000 -whiteBackground ptolemy/domains/continuous/demo/Lorenz/Lorenz.xml $PTII/ptolemy/domains/continuous/demo/Lorenz/Lorenz
Running .Lorenz
3724 ms. Memory: 2029056K Free: 409072K (20%)
Exported /home/travis/build/icyphy/ptII/ptolemy/domains/continuous/demo/Lorenz/Lorenz/index.html
7849 ms. Memory: 2029056K Free: 376493K (19%)
####### 40 Thu Mar 14 16:30:37 UTC 2019 $PTII/bin/ptinvoke ptolemy.vergil.basic.export.ExportModel -force htm -run -openComposites -timeOut 30000 -whiteBackground ptolemy/domains/continuous/demo/Lorenz/LorenzDifferentialSystem.xml $PTII/ptolemy/domains/continuous/demo/Lorenz/LorenzDifferentialSystem
Running .LorenzDifferentialSystem
8973 ms. Memory: 2042368K Free: 458306K (22%)
Exported /home/travis/build/icyphy/ptII/ptolemy/domains/continuous/demo/Lorenz/LorenzDifferentialSystem/index.html
13131 ms. Memory: 2042368K Free: 365703K (18%)
####### 41 Thu Mar 14 16:30:50 UTC 2019 $PTII/bin/ptinvoke ptolemy.vergil.basic.export.ExportModel -force htm -run -openComposites -timeOut 30000 -whiteBackground ptolemy/domains/continuous/demo/NewtonsCradle/NewtonsCradle.xml $PTII/ptolemy/domains/continuous/demo/NewtonsCradle/NewtonsCradle
Running .NewtonsCradle
2339 ms. Memory: 2042368K Free: 598066K (29%)
Exported /home/travis/build/icyphy/ptII/ptolemy/domains/continuous/demo/NewtonsCradle/NewtonsCradle/index.html
7763 ms. Memory: 2042880K Free: 1420993K (70%)
####### 42 Thu Mar 14 16:30:58 UTC 2019 $PTII/bin/ptinvoke ptolemy.vergil.basic.export.ExportModel -force htm -run -openComposites -timeOut 30000 -whiteBackground ptolemy/domains/continuous/demo/NewtonsCradle/NewtonsCradleAnimated.xml $PTII/ptolemy/domains/continuous/demo/NewtonsCradle/NewtonsCradleAnimated
Running .NewtonsCradleAnimated
creating preferred configuration... 
ExportHTMLTimer went off after 30000 ms., calling getDirector().finish and getDirector().stopFire()
30056 ms. Memory: 2045440K Free: 1519959K (74%)
Exported /home/travis/build/icyphy/ptII/ptolemy/domains/continuous/demo/NewtonsCradle/NewtonsCradleAnimated/index.html
36657 ms. Memory: 2044416K Free: 1568533K (77%)
####### 43 Thu Mar 14 16:31:35 UTC 2019 $PTII/bin/ptinvoke ptolemy.vergil.basic.export.ExportModel -force htm -run -openComposites -timeOut 30000 -whiteBackground ptolemy/domains/continuous/demo/NewtonsCradle/NewtonsCradleComplicated.xml $PTII/ptolemy/domains/continuous/demo/NewtonsCradle/NewtonsCradleComplicated
Running .NewtonsCradleComplicated
creating preferred configuration... 
ExportHTMLTimer went off after 30000 ms., calling getDirector().finish and getDirector().stopFire()
30025 ms. Memory: 2044416K Free: 912333K (45%)
Exported /home/travis/build/icyphy/ptII/ptolemy/domains/continuous/demo/NewtonsCradle/NewtonsCradleComplicated/index.html
34698 ms. Memory: 2044416K Free: 431158K (21%)
####### 44 Thu Mar 14 16:32:09 UTC 2019 $PTII/bin/ptinvoke ptolemy.vergil.basic.export.ExportModel -force htm -run -openComposites -timeOut 30000 -whiteBackground ptolemy/domains/continuous/demo/NewtonsCradle/NewtonsCradleNondeterministic.xml $PTII/ptolemy/domains/continuous/demo/NewtonsCradle/NewtonsCradleNondeterministic
Running .NewtonsCradleNondeterministic
creating preferred configuration... 
ExportHTMLTimer went off after 30000 ms., calling getDirector().finish and getDirector().stopFire()
30100 ms. Memory: 2049536K Free: 1349984K (66%)
Exported /home/travis/build/icyphy/ptII/ptolemy/domains/continuous/demo/NewtonsCradle/NewtonsCradleNondeterministic/index.html
34989 ms. Memory: 2049536K Free: 635774K (31%)
####### 45 Thu Mar 14 16:32:44 UTC 2019 $PTII/bin/ptinvoke ptolemy.vergil.basic.export.ExportModel -force htm -run -openComposites -timeOut 30000 -whiteBackground ptolemy/domains/continuous/demo/NewtonsCradle/NewtonsCradlePerfectlyInelastic1.xml $PTII/ptolemy/domains/continuous/demo/NewtonsCradle/NewtonsCradlePerfectlyInelastic1
Running .NewtonsCradlePerfectlyInelastic1
creating preferred configuration... 
7189 ms. Memory: 2059264K Free: 1624949K (79%)
Exported /home/travis/build/icyphy/ptII/ptolemy/domains/continuous/demo/NewtonsCradle/NewtonsCradlePerfectlyInelastic1/index.html
11838 ms. Memory: 2059264K Free: 1180812K (57%)
####### 46 Thu Mar 14 16:32:56 UTC 2019 $PTII/bin/ptinvoke ptolemy.vergil.basic.export.ExportModel -force htm -run -openComposites -timeOut 30000 -whiteBackground ptolemy/domains/continuous/demo/NewtonsCradle/ParameterizedNewtonsCradleAnimated.xml $PTII/ptolemy/domains/continuous/demo/NewtonsCradle/ParameterizedNewtonsCradleAnimated
Running .ParameterizedNewtonsCradleAnimated
creating preferred configuration... 
9076 ms. Memory: 2059264K Free: 561367K (27%)
Exported /home/travis/build/icyphy/ptII/ptolemy/domains/continuous/demo/NewtonsCradle/ParameterizedNewtonsCradleAnimated/index.html
13873 ms. Memory: 2046976K Free: 1504525K (73%)
####### 47 Thu Mar 14 16:33:10 UTC 2019 $PTII/bin/ptinvoke ptolemy.vergil.basic.export.ExportModel -force htm -run -openComposites -timeOut 30000 -whiteBackground ptolemy/domains/continuous/demo/NewtonsCradle/ParameterizedNewtonsCradleAnimatedNondeterministic.xml $PTII/ptolemy/domains/continuous/demo/NewtonsCradle/ParameterizedNewtonsCradleAnimatedNondeterministic
Running .ParameterizedNewtonsCradleAnimatedNondeterministic
creating preferred configuration... 
ExportHTMLTimer went off after 30000 ms., calling getDirector().finish and getDirector().stopFire()
30043 ms. Memory: 2046976K Free: 918514K (45%)
Exported /home/travis/build/icyphy/ptII/ptolemy/domains/continuous/demo/NewtonsCradle/ParameterizedNewtonsCradleAnimatedNondeterministic/index.html
34836 ms. Memory: 2046976K Free: 359748K (18%)
####### 48 Thu Mar 14 16:33:45 UTC 2019 $PTII/bin/ptinvoke ptolemy.vergil.basic.export.ExportModel -force htm -run -openComposites -timeOut 30000 -whiteBackground ptolemy/domains/continuous/demo/Noise/Noise.xml $PTII/ptolemy/domains/continuous/demo/Noise/Noise
Running .Noise
112 ms. Memory: 2046976K Free: 174206K (9%)
Exported /home/travis/build/icyphy/ptII/ptolemy/domains/continuous/demo/Noise/Noise/index.html
4327 ms. Memory: 2032640K Free: 1539433K (76%)
####### 49 Thu Mar 14 16:33:49 UTC 2019 $PTII/bin/ptinvoke ptolemy.vergil.basic.export.ExportModel -force htm -run -openComposites -timeOut 30000 -whiteBackground ptolemy/domains/continuous/demo/Noise/NoiseSpectrum.xml $PTII/ptolemy/domains/continuous/demo/Noise/NoiseSpectrum
Running .NoiseSpectrum
635 ms. Memory: 2032640K Free: 1267518K (62%)
Exported /home/travis/build/icyphy/ptII/ptolemy/domains/continuous/demo/Noise/NoiseSpectrum/index.html
4887 ms. Memory: 2032640K Free: 1118068K (55%)
####### 50 Thu Mar 14 16:33:54 UTC 2019 $PTII/bin/ptinvoke ptolemy.vergil.basic.export.ExportModel -force htm -run -openComposites -timeOut 30000 -whiteBackground ptolemy/domains/continuous/demo/Noise/SinusoidInNoise.xml $PTII/ptolemy/domains/continuous/demo/Noise/SinusoidInNoise
Running .SinusoidInNoise
1197 ms. Memory: 2032640K Free: 704224K (35%)
Exported /home/travis/build/icyphy/ptII/ptolemy/domains/continuous/demo/Noise/SinusoidInNoise/index.html
5492 ms. Memory: 2032640K Free: 584253K (29%)
####### 51 Thu Mar 14 16:34:00 UTC 2019 $PTII/bin/ptinvoke ptolemy.vergil.basic.export.ExportModel -force htm -run -openComposites -timeOut 30000 -whiteBackground ptolemy/domains/continuous/demo/Pendulum3D/Pendulum3D.xml $PTII/ptolemy/domains/continuous/demo/Pendulum3D/Pendulum3D
Running .Pendulum3D
creating preferred configuration... 
ExportHTMLTimer went off after 30000 ms., calling getDirector().finish and getDirector().stopFire()
30008 ms. Memory: 2032128K Free: 196761K (10%)
Exported /home/travis/build/icyphy/ptII/ptolemy/domains/continuous/demo/Pendulum3D/Pendulum3D/index.html
34571 ms. Memory: 2014208K Free: 1333311K (66%)
####### 52 Thu Mar 14 16:34:34 UTC 2019 $PTII/bin/ptinvoke ptolemy.vergil.basic.export.ExportModel -force htm -run -openComposites -timeOut 30000 -whiteBackground ptolemy/domains/continuous/demo/Poisson/IncreasingRatePoisson.xml $PTII/ptolemy/domains/continuous/demo/Poisson/IncreasingRatePoisson
Running .IncreasingRatePoisson
559 ms. Memory: 2014208K Free: 892720K (44%)
Exported /home/travis/build/icyphy/ptII/ptolemy/domains/continuous/demo/Poisson/IncreasingRatePoisson/index.html
4746 ms. Memory: 2014208K Free: 773459K (38%)
####### 53 Thu Mar 14 16:34:39 UTC 2019 $PTII/bin/ptinvoke ptolemy.vergil.basic.export.ExportModel -force htm -run -openComposites -timeOut 30000 -whiteBackground ptolemy/domains/continuous/demo/Poisson/Poisson.xml $PTII/ptolemy/domains/continuous/demo/Poisson/Poisson
Running .Poisson
296 ms. Memory: 2014208K Free: 455154K (23%)
Exported /home/travis/build/icyphy/ptII/ptolemy/domains/continuous/demo/Poisson/Poisson/index.html
4491 ms. Memory: 2014208K Free: 366216K (18%)
####### 54 Thu Mar 14 16:34:43 UTC 2019 $PTII/bin/ptinvoke ptolemy.vergil.basic.export.ExportModel -force htm -run -openComposites -timeOut 30000 -whiteBackground ptolemy/domains/continuous/demo/SampledClocks/SampledClocks.xml $PTII/ptolemy/domains/continuous/demo/SampledClocks/SampledClocks
Running .SampledClocks
32 ms. Memory: 2014208K Free: 221017K (11%)
Exported /home/travis/build/icyphy/ptII/ptolemy/domains/continuous/demo/SampledClocks/SampledClocks/index.html
4200 ms. Memory: 2014208K Free: 160960K (8%)
####### 55 Thu Mar 14 16:34:48 UTC 2019 $PTII/bin/ptinvoke ptolemy.vergil.basic.export.ExportModel -force htm -run -openComposites -timeOut 30000 -whiteBackground ptolemy/domains/continuous/demo/Satellite/Satellite.xml $PTII/ptolemy/domains/continuous/demo/Satellite/Satellite
Running .Satellite
894 ms. Memory: 1998848K Free: 1286345K (64%)
Exported /home/travis/build/icyphy/ptII/ptolemy/domains/continuous/demo/Satellite/Satellite/index.html
5182 ms. Memory: 1998848K Free: 1221773K (61%)
####### 56 Thu Mar 14 16:34:53 UTC 2019 $PTII/bin/ptinvoke ptolemy.vergil.basic.export.ExportModel -force htm -run -openComposites -timeOut 30000 -whiteBackground ptolemy/domains/continuous/demo/SigmaDelta/SigmaDelta.xml $PTII/ptolemy/domains/continuous/demo/SigmaDelta/SigmaDelta
Running .SigmaDelta
28588 ms. Memory: 1986048K Free: 560596K (28%)
Exported /home/travis/build/icyphy/ptII/ptolemy/domains/continuous/demo/SigmaDelta/SigmaDelta/index.html
32773 ms. Memory: 1986048K Free: 442365K (22%)
####### 57 Thu Mar 14 16:35:26 UTC 2019 $PTII/bin/ptinvoke ptolemy.vergil.basic.export.ExportModel -force htm -run -openComposites -timeOut 30000 -whiteBackground ptolemy/domains/continuous/demo/SinuBouncingBall/SinuBouncingBall.xml $PTII/ptolemy/domains/continuous/demo/SinuBouncingBall/SinuBouncingBall
Running .SinuBouncingBall
2366 ms. Memory: 1994240K Free: 1072747K (54%)
Exported /home/travis/build/icyphy/ptII/ptolemy/domains/continuous/demo/SinuBouncingBall/SinuBouncingBall/index.html
6667 ms. Memory: 1994240K Free: 872063K (44%)
####### 58 Thu Mar 14 16:35:32 UTC 2019 $PTII/bin/ptinvoke ptolemy.vergil.basic.export.ExportModel -force htm -run -openComposites -timeOut 30000 -whiteBackground ptolemy/domains/continuous/demo/Sinusoid/Sinusoid.xml $PTII/ptolemy/domains/continuous/demo/Sinusoid/Sinusoid
Running .Sinusoid
20 ms. Memory: 1994240K Free: 773301K (39%)
Exported /home/travis/build/icyphy/ptII/ptolemy/domains/continuous/demo/Sinusoid/Sinusoid/index.html
4128 ms. Memory: 1994240K Free: 712624K (36%)
####### 59 Thu Mar 14 16:35:36 UTC 2019 $PTII/bin/ptinvoke ptolemy.vergil.basic.export.ExportModel -force htm -run -openComposites -timeOut 30000 -whiteBackground ptolemy/domains/continuous/demo/SquareWave/SquareWave.xml $PTII/ptolemy/domains/continuous/demo/SquareWave/SquareWave
Running .SquareWave
245 ms. Memory: 1994240K Free: 599981K (30%)
Exported /home/travis/build/icyphy/ptII/ptolemy/domains/continuous/demo/SquareWave/SquareWave/index.html
4440 ms. Memory: 1994240K Free: 483323K (24%)
####### 60 Thu Mar 14 16:35:41 UTC 2019 $PTII/bin/ptinvoke ptolemy.vergil.basic.export.ExportModel -force htm -run -openComposites -timeOut 30000 -whiteBackground ptolemy/domains/continuous/demo/Starmac/Starmac.xml $PTII/ptolemy/domains/continuous/demo/Starmac/Starmac
Running .Starmac
creating preferred configuration... 
5200 ms. Memory: 1992704K Free: 890874K (45%)
Exported /home/travis/build/icyphy/ptII/ptolemy/domains/continuous/demo/Starmac/Starmac/index.html
18705 ms. Memory: 1941504K Free: 1049229K (54%)
####### 61 Thu Mar 14 16:36:00 UTC 2019 $PTII/bin/ptinvoke ptolemy.vergil.basic.export.ExportModel -force htm -run -openComposites -timeOut 30000 -whiteBackground ptolemy/domains/continuous/demo/StickyMasses/StickyMasses.xml $PTII/ptolemy/domains/continuous/demo/StickyMasses/StickyMasses
Running .StickyMasses
creating preferred configuration... 
13064 ms. Memory: 1941504K Free: 622085K (32%)
Exported /home/travis/build/icyphy/ptII/ptolemy/domains/continuous/demo/StickyMasses/StickyMasses/index.html
19241 ms. Memory: 1995264K Free: 766836K (38%)
####### 62 Thu Mar 14 16:36:19 UTC 2019 $PTII/bin/ptinvoke ptolemy.vergil.basic.export.ExportModel -force htm -run -openComposites -timeOut 30000 -whiteBackground ptolemy/domains/continuous/demo/Switch/Switch.xml $PTII/ptolemy/domains/continuous/demo/Switch/Switch
Running .Switch
78 ms. Memory: 1995264K Free: 648841K (33%)
Exported /home/travis/build/icyphy/ptII/ptolemy/domains/continuous/demo/Switch/Switch/index.html
4302 ms. Memory: 1995264K Free: 534609K (27%)
####### 63 Thu Mar 14 16:36:23 UTC 2019 $PTII/bin/ptinvoke ptolemy.vergil.basic.export.ExportModel -force htm -run -openComposites -timeOut 30000 -whiteBackground ptolemy/domains/continuous/demo/Thermostat/Thermostat.xml $PTII/ptolemy/domains/continuous/demo/Thermostat/Thermostat
Running .Thermostat
131 ms. Memory: 1995264K Free: 364247K (18%)
Exported /home/travis/build/icyphy/ptII/ptolemy/domains/continuous/demo/Thermostat/Thermostat/index.html
4358 ms. Memory: 1995264K Free: 222265K (11%)
####### 64 Thu Mar 14 16:36:27 UTC 2019 $PTII/bin/ptinvoke ptolemy.vergil.basic.export.ExportModel -force htm -run -openComposites -timeOut 30000 -whiteBackground ptolemy/domains/continuous/demo/Transmission/EfficiencyCurve.xml $PTII/ptolemy/domains/continuous/demo/Transmission/EfficiencyCurve
Running .EfficiencyCurve
146 ms. Memory: 1925120K Free: 1445554K (75%)
Exported /home/travis/build/icyphy/ptII/ptolemy/domains/continuous/demo/Transmission/EfficiencyCurve/index.html
4269 ms. Memory: 1925120K Free: 1414608K (73%)
####### 65 Thu Mar 14 16:36:32 UTC 2019 $PTII/bin/ptinvoke ptolemy.vergil.basic.export.ExportModel -force htm -run -openComposites -timeOut 30000 -whiteBackground ptolemy/domains/continuous/demo/Transmission/Transmission.xml $PTII/ptolemy/domains/continuous/demo/Transmission/Transmission
Running .Transmission
561 ms. Memory: 1925120K Free: 1046468K (54%)
Exported /home/travis/build/icyphy/ptII/ptolemy/domains/continuous/demo/Transmission/Transmission/index.html
4784 ms. Memory: 1925120K Free: 928521K (48%)
####### 66 Thu Mar 14 16:36:37 UTC 2019 $PTII/bin/ptinvoke ptolemy.vergil.basic.export.ExportModel -force htm -run -openComposites -timeOut 30000 -whiteBackground ptolemy/domains/continuous/demo/TwoMachineInfiniteBusControl/TwoMachineInfiniteBusControl.xml $PTII/ptolemy/domains/continuous/demo/TwoMachineInfiniteBusControl/TwoMachineInfiniteBusControl
Running .TwoMachineInfiniteBusControl
2803 ms. Memory: 1989120K Free: 1507226K (76%)
Exported /home/travis/build/icyphy/ptII/ptolemy/domains/continuous/demo/TwoMachineInfiniteBusControl/TwoMachineInfiniteBusControl/index.html
7786 ms. Memory: 1989120K Free: 1080475K (54%)
####### 67 Thu Mar 14 16:36:44 UTC 2019 $PTII/bin/ptinvoke ptolemy.vergil.basic.export.ExportModel -force htm -run -openComposites -timeOut 30000 -whiteBackground ptolemy/domains/continuous/demo/V2V/V2V.xml $PTII/ptolemy/domains/continuous/demo/V2V/V2V
Running .V2V
566 ms. Memory: 1989120K Free: 738444K (37%)
Exported /home/travis/build/icyphy/ptII/ptolemy/domains/continuous/demo/V2V/V2V/index.html
4930 ms. Memory: 1989120K Free: 455376K (23%)
####### 68 Thu Mar 14 16:36:49 UTC 2019 $PTII/bin/ptinvoke ptolemy.vergil.basic.export.ExportModel -force htm -run -openComposites -timeOut 30000 -whiteBackground ptolemy/domains/csp/demo/Barrier/Barrier.xml $PTII/ptolemy/domains/csp/demo/Barrier/Barrier
Running .Barrier
ExportHTMLTimer went off after 30000 ms., calling getDirector().finish and getDirector().stopFire()
30150 ms. Memory: 2102272K Free: 1887718K (90%)
Exported /home/travis/build/icyphy/ptII/ptolemy/domains/csp/demo/Barrier/Barrier/index.html
34830 ms. Memory: 2102272K Free: 1699747K (81%)
####### 69 Thu Mar 14 16:37:24 UTC 2019 $PTII/bin/ptinvoke ptolemy.vergil.basic.export.ExportModel -force htm -run -openComposites -timeOut 30000 -whiteBackground ptolemy/domains/csp/demo/ResourcePool/ResourcePool.xml $PTII/ptolemy/domains/csp/demo/ResourcePool/ResourcePool
Running .ResourcePool
ExportHTMLTimer went off after 30000 ms., calling getDirector().finish and getDirector().stopFire()
30067 ms. Memory: 2097664K Free: 1242869K (59%)
Exported /home/travis/build/icyphy/ptII/ptolemy/domains/csp/demo/ResourcePool/ResourcePool/index.html
34188 ms. Memory: 2097664K Free: 1224702K (58%)
####### 70 Thu Mar 14 16:37:58 UTC 2019 $PTII/bin/ptinvoke ptolemy.vergil.basic.export.ExportModel -force htm -run -openComposites -timeOut 30000 -whiteBackground ptolemy/domains/csp/demo/WriteRegulator/WriteRegulator.xml $PTII/ptolemy/domains/csp/demo/WriteRegulator/WriteRegulator
Running .WriteRegulator
ExportHTMLTimer went off after 30000 ms., calling getDirector().finish and getDirector().stopFire()
30387 ms. Memory: 2097664K Free: 910609K (43%)
Exported /home/travis/build/icyphy/ptII/ptolemy/domains/csp/demo/WriteRegulator/WriteRegulator/index.html
34520 ms. Memory: 2097664K Free: 877247K (42%)
####### 71 Thu Mar 14 16:38:33 UTC 2019 $PTII/bin/ptinvoke ptolemy.vergil.basic.export.ExportModel -force htm -run -openComposites -timeOut 30000 -whiteBackground ptolemy/domains/curriculum/demo/Curriculum/Curriculum.xml $PTII/ptolemy/domains/curriculum/demo/Curriculum/Curriculum
Model ".Curriculum" contains actors such cannot be run  as part of the export process from ExportModel or it has a WebExportParameters value that runBeforeExport set to false. To export run this model and export it, use vergil.
Exported /home/travis/build/icyphy/ptII/ptolemy/domains/curriculum/demo/Curriculum/Curriculum/index.html
3530 ms. Memory: 2097664K Free: 423453K (20%)
####### 72 Thu Mar 14 16:38:36 UTC 2019 $PTII/bin/ptinvoke ptolemy.vergil.basic.export.ExportModel -force htm -run -openComposites -timeOut 30000 -whiteBackground ptolemy/domains/dde/demo/LocalZeno/LocalZeno.xml $PTII/ptolemy/domains/dde/demo/LocalZeno/LocalZeno
Running .LocalZeno
ExportHTMLTimer went off after 30000 ms., calling getDirector().finish and getDirector().stopFire()
30095 ms. Memory: 2097664K Free: 245823K (12%)
Exported /home/travis/build/icyphy/ptII/ptolemy/domains/dde/demo/LocalZeno/LocalZeno/index.html
34234 ms. Memory: 2085888K Free: 1842537K (88%)
####### 73 Thu Mar 14 16:39:11 UTC 2019 $PTII/bin/ptinvoke ptolemy.vergil.basic.export.ExportModel -force htm -run -openComposites -timeOut 30000 -whiteBackground ptolemy/domains/ddf/demo/Eratosthenes/Eratosthenes.xml $PTII/ptolemy/domains/ddf/demo/Eratosthenes/Eratosthenes
Running .Eratosthenes
594 ms. Memory: 2085888K Free: 1317177K (63%)
Exported /home/travis/build/icyphy/ptII/ptolemy/domains/ddf/demo/Eratosthenes/Eratosthenes/index.html
9767 ms. Memory: 2092032K Free: 1576120K (75%)
####### 74 Thu Mar 14 16:39:20 UTC 2019 $PTII/bin/ptinvoke ptolemy.vergil.basic.export.ExportModel -force htm -run -openComposites -timeOut 30000 -whiteBackground ptolemy/domains/ddf/demo/Factorial/Factorial.xml $PTII/ptolemy/domains/ddf/demo/Factorial/Factorial
Running .Factorial
66 ms. Memory: 2092032K Free: 1437550K (69%)
Exported /home/travis/build/icyphy/ptII/ptolemy/domains/ddf/demo/Factorial/Factorial/index.html
6070 ms. Memory: 2092032K Free: 672617K (32%)
####### 75 Thu Mar 14 16:39:26 UTC 2019 $PTII/bin/ptinvoke ptolemy.vergil.basic.export.ExportModel -force htm -run -openComposites -timeOut 30000 -whiteBackground ptolemy/domains/ddf/demo/HanoiTower/HanoiTower.xml $PTII/ptolemy/domains/ddf/demo/HanoiTower/HanoiTower
Running .HanoiTower
creating preferred configuration... 
ExportHTMLTimer went off after 30000 ms., calling getDirector().finish and getDirector().stopFire()
30003 ms. Memory: 2064384K Free: 480859K (23%)
Exported /home/travis/build/icyphy/ptII/ptolemy/domains/ddf/demo/HanoiTower/HanoiTower/index.html
69398 ms. Memory: 2100224K Free: 817539K (39%)
####### 76 Thu Mar 14 16:40:36 UTC 2019 $PTII/bin/ptinvoke ptolemy.vergil.basic.export.ExportModel -force htm -run -openComposites -timeOut 30000 -whiteBackground ptolemy/domains/ddf/demo/IfThenElse/IfThenElse.xml $PTII/ptolemy/domains/ddf/demo/IfThenElse/IfThenElse
Running .IfThenElse
15 ms. Memory: 2100224K Free: 663135K (32%)
Exported /home/travis/build/icyphy/ptII/ptolemy/domains/ddf/demo/IfThenElse/IfThenElse/index.html
4171 ms. Memory: 2100224K Free: 593111K (28%)
####### 77 Thu Mar 14 16:40:40 UTC 2019 $PTII/bin/ptinvoke ptolemy.vergil.basic.export.ExportModel -force htm -run -openComposites -timeOut 30000 -whiteBackground ptolemy/domains/ddf/demo/IfThenElse/IfThenElseFSM.xml $PTII/ptolemy/domains/ddf/demo/IfThenElse/IfThenElseFSM
Running .IfThenElseFSM
68 ms. Memory: 2100224K Free: 467535K (22%)
Exported /home/travis/build/icyphy/ptII/ptolemy/domains/ddf/demo/IfThenElse/IfThenElseFSM/index.html
4308 ms. Memory: 2100224K Free: 283863K (14%)
####### 78 Thu Mar 14 16:40:44 UTC 2019 $PTII/bin/ptinvoke ptolemy.vergil.basic.export.ExportModel -force htm -run -openComposites -timeOut 30000 -whiteBackground ptolemy/domains/ddf/demo/Loop/Loop.xml $PTII/ptolemy/domains/ddf/demo/Loop/Loop
Running .Loop
29 ms. Memory: 2088960K Free: 1599130K (77%)
Exported /home/travis/build/icyphy/ptII/ptolemy/domains/ddf/demo/Loop/Loop/index.html
4200 ms. Memory: 2088960K Free: 1536071K (74%)
####### 79 Thu Mar 14 16:40:48 UTC 2019 $PTII/bin/ptinvoke ptolemy.vergil.basic.export.ExportModel -force htm -run -openComposites -timeOut 30000 -whiteBackground ptolemy/domains/ddf/demo/OrderedMerge/OrderedMerge.xml $PTII/ptolemy/domains/ddf/demo/OrderedMerge/OrderedMerge
Running .OrderedMerge
33 ms. Memory: 2088960K Free: 1420898K (68%)
Exported /home/travis/build/icyphy/ptII/ptolemy/domains/ddf/demo/OrderedMerge/OrderedMerge/index.html
4181 ms. Memory: 2088960K Free: 1386436K (66%)
####### 80 Thu Mar 14 16:40:53 UTC 2019 $PTII/bin/ptinvoke ptolemy.vergil.basic.export.ExportModel -force htm -run -openComposites -timeOut 30000 -whiteBackground ptolemy/domains/ddf/demo/RandomWalk/RandomWalk.xml $PTII/ptolemy/domains/ddf/demo/RandomWalk/RandomWalk
Running .RandomWalk
31 ms. Memory: 2088960K Free: 1271214K (61%)
Exported /home/travis/build/icyphy/ptII/ptolemy/domains/ddf/demo/RandomWalk/RandomWalk/index.html
4207 ms. Memory: 2088960K Free: 1179509K (56%)
####### 81 Thu Mar 14 16:40:57 UTC 2019 $PTII/bin/ptinvoke ptolemy.vergil.basic.export.ExportModel -force htm  -openComposites -timeOut 30000 -whiteBackground ptolemy/domains/ddf/demo/RijndaelEncryption/RijndaelEncryption.xml $PTII/ptolemy/domains/ddf/demo/RijndaelEncryption/RijndaelEncryption
Warning: not running ptolemy/domains/ddf/demo/RijndaelEncryption/RijndaelEncryption.xml. See ptolemy/vergil/basic/export/test/junit/ExportModelJUnitTest.java
Exported /home/travis/build/icyphy/ptII/ptolemy/domains/ddf/demo/RijndaelEncryption/RijndaelEncryption/index.html
5032 ms. Memory: 2095616K Free: 1492303K (71%)
####### 82 Thu Mar 14 16:41:02 UTC 2019 $PTII/bin/ptinvoke ptolemy.vergil.basic.export.ExportModel -force htm -run -openComposites -timeOut 30000 -whiteBackground ptolemy/domains/de/demo/AFDX/AFDX.xml $PTII/ptolemy/domains/de/demo/AFDX/AFDX
Running .AFDX
66 ms. Memory: 2095616K Free: 1342623K (64%)
Exported /home/travis/build/icyphy/ptII/ptolemy/domains/de/demo/AFDX/AFDX/index.html
4380 ms. Memory: 2095616K Free: 1193645K (57%)
####### 83 Thu Mar 14 16:41:06 UTC 2019 $PTII/bin/ptinvoke ptolemy.vergil.basic.export.ExportModel -force htm -run -openComposites -timeOut 30000 -whiteBackground ptolemy/domains/de/demo/AssemblyLine/AssemblyLine.xml $PTII/ptolemy/domains/de/demo/AssemblyLine/AssemblyLine
Running .AssemblyLine
22 ms. Memory: 2095616K Free: 1050292K (50%)
Exported /home/travis/build/icyphy/ptII/ptolemy/domains/de/demo/AssemblyLine/AssemblyLine/index.html
4170 ms. Memory: 2095616K Free: 988398K (47%)
####### 84 Thu Mar 14 16:41:10 UTC 2019 $PTII/bin/ptinvoke ptolemy.vergil.basic.export.ExportModel -force htm -run -openComposites -timeOut 30000 -whiteBackground ptolemy/domains/de/demo/Bus/Bus.xml $PTII/ptolemy/domains/de/demo/Bus/Bus
Running .Bus
9 ms. Memory: 2095616K Free: 902129K (43%)
Exported /home/travis/build/icyphy/ptII/ptolemy/domains/de/demo/Bus/Bus/index.html
4231 ms. Memory: 2095616K Free: 781743K (37%)
####### 85 Thu Mar 14 16:41:15 UTC 2019 $PTII/bin/ptinvoke ptolemy.vergil.basic.export.ExportModel -force htm  -openComposites -timeOut 30000 -whiteBackground ptolemy/domains/de/demo/Clock/Clock.xml $PTII/ptolemy/domains/de/demo/Clock/Clock
Warning: not running ptolemy/domains/de/demo/Clock/Clock.xml. See ptolemy/vergil/basic/export/test/junit/ExportModelJUnitTest.java
Exported /home/travis/build/icyphy/ptII/ptolemy/domains/de/demo/Clock/Clock/index.html
3201 ms. Memory: 2095616K Free: 571649K (27%)
####### 86 Thu Mar 14 16:41:18 UTC 2019 $PTII/bin/ptinvoke ptolemy.vergil.basic.export.ExportModel -force htm -run -openComposites -timeOut 30000 -whiteBackground ptolemy/domains/de/demo/ClockDrift/ClockDrift.xml $PTII/ptolemy/domains/de/demo/ClockDrift/ClockDrift
Running .ClockDrift
30 ms. Memory: 2095616K Free: 485366K (23%)
Exported /home/travis/build/icyphy/ptII/ptolemy/domains/de/demo/ClockDrift/ClockDrift/index.html
4201 ms. Memory: 2095616K Free: 393538K (19%)
####### 87 Thu Mar 14 16:41:22 UTC 2019 $PTII/bin/ptinvoke ptolemy.vergil.basic.export.ExportModel -force htm -run -openComposites -timeOut 30000 -whiteBackground ptolemy/domains/de/demo/DateDemo/DateDemo.xml $PTII/ptolemy/domains/de/demo/DateDemo/DateDemo
Running .DateDemo
3054 ms. Memory: 2097152K Free: 1553585K (74%)
Exported /home/travis/build/icyphy/ptII/ptolemy/domains/de/demo/DateDemo/DateDemo/index.html
7367 ms. Memory: 2097152K Free: 1488691K (71%)
####### 88 Thu Mar 14 16:41:29 UTC 2019 $PTII/bin/ptinvoke ptolemy.vergil.basic.export.ExportModel -force htm -run -openComposites -timeOut 30000 -whiteBackground ptolemy/domains/de/demo/EventButton/EventButton.xml $PTII/ptolemy/domains/de/demo/EventButton/EventButton
Running .EventButton
ExportHTMLTimer went off after 30000 ms., calling getDirector().finish and getDirector().stopFire()
30003 ms. Memory: 2097152K Free: 1393315K (66%)
Exported /home/travis/build/icyphy/ptII/ptolemy/domains/de/demo/EventButton/EventButton/index.html
34141 ms. Memory: 2097152K Free: 1360340K (65%)
####### 89 Thu Mar 14 16:42:04 UTC 2019 $PTII/bin/ptinvoke ptolemy.vergil.basic.export.ExportModel -force htm -run -openComposites -timeOut 30000 -whiteBackground ptolemy/domains/de/demo/Inspection/Inspection.xml $PTII/ptolemy/domains/de/demo/Inspection/Inspection
Running .Inspection
37 ms. Memory: 2097152K Free: 1178597K (56%)
Exported /home/travis/build/icyphy/ptII/ptolemy/domains/de/demo/Inspection/Inspection/index.html
4268 ms. Memory: 2097152K Free: 1056952K (50%)
[...]
Running .Universe
creating preferred configuration... 
ExportHTMLTimer went off after 30000 ms., calling getDirector().finish and getDirector().stopFire()
ExportHTMLTimer went off after 60000 ms., calling manager.stop().
60043 ms. Memory: 2164224K Free: 737296K (34%)
Exported /home/travis/build/icyphy/ptII/ptolemy/domains/gr/demo/Universe/Universe/index.html
64172 ms. Memory: 2164224K Free: 691985K (32%)
####### 116 Thu Mar 14 16:51:11 UTC 2019 $PTII/bin/ptinvoke ptolemy.vergil.basic.export.ExportModel -force htm -run -openComposites -timeOut 30000 -whiteBackground ptolemy/domains/hdf/demo/AdaptiveCoding/AdaptiveCoding.xml $PTII/ptolemy/domains/hdf/demo/AdaptiveCoding/AdaptiveCoding
Running .AdaptiveCoding
845 ms. Memory: 2169856K Free: 1577144K (73%)
Exported /home/travis/build/icyphy/ptII/ptolemy/domains/hdf/demo/AdaptiveCoding/AdaptiveCoding/index.html
5245 ms. Memory: 2169856K Free: 1270891K (59%)
####### 117 Thu Mar 14 16:51:16 UTC 2019 $PTII/bin/ptinvoke ptolemy.vergil.basic.export.ExportModel -force htm -run -openComposites -timeOut 30000 -whiteBackground ptolemy/domains/hdf/demo/Fibonacci/Fibonacci.xml $PTII/ptolemy/domains/hdf/demo/Fibonacci/Fibonacci
Running .Fibonacci
280 ms. Memory: 2169856K Free: 902699K (42%)
Exported /home/travis/build/icyphy/ptII/ptolemy/domains/hdf/demo/Fibonacci/Fibonacci/index.html
4458 ms. Memory: 2169856K Free: 809627K (37%)
####### 118 Thu Mar 14 16:51:20 UTC 2019 $PTII/bin/ptinvoke ptolemy.vergil.basic.export.ExportModel -force htm -run -openComposites -timeOut 30000 -whiteBackground ptolemy/domains/hdf/demo/Hysteresis/Hysteresis.xml $PTII/ptolemy/domains/hdf/demo/Hysteresis/Hysteresis
Running .Hysteresis
53 ms. Memory: 2169856K Free: 654941K (30%)
Exported /home/travis/build/icyphy/ptII/ptolemy/domains/hdf/demo/Hysteresis/Hysteresis/index.html
4305 ms. Memory: 2169856K Free: 500668K (23%)
####### 119 Thu Mar 14 16:51:25 UTC 2019 $PTII/bin/ptinvoke ptolemy.vergil.basic.export.ExportModel -force htm -run -openComposites -timeOut 30000 -whiteBackground ptolemy/domains/hdf/demo/Merge/Merge.xml $PTII/ptolemy/domains/hdf/demo/Merge/Merge
Running .Merge
114 ms. Memory: 2169856K Free: 256331K (12%)
Exported /home/travis/build/icyphy/ptII/ptolemy/domains/hdf/demo/Merge/Merge/index.html
4348 ms. Memory: 2169856K Free: 102333K (5%)
####### 120 Thu Mar 14 16:51:29 UTC 2019 $PTII/bin/ptinvoke ptolemy.vergil.basic.export.ExportModel -force htm -run -openComposites -timeOut 30000 -whiteBackground ptolemy/domains/modal/demo/ABP/ABP.xml $PTII/ptolemy/domains/modal/demo/ABP/ABP
Running .ABP
91 ms. Memory: 2140160K Free: 1386365K (65%)
Exported /home/travis/build/icyphy/ptII/ptolemy/domains/modal/demo/ABP/ABP/index.html
4594 ms. Memory: 2140160K Free: 1111287K (52%)
####### 121 Thu Mar 14 16:51:34 UTC 2019 $PTII/bin/ptinvoke ptolemy.vergil.basic.export.ExportModel -force htm -run -openComposites -timeOut 30000 -whiteBackground ptolemy/domains/modal/demo/Blending/Blending.xml $PTII/ptolemy/domains/modal/demo/Blending/Blending
Running .Blending
182 ms. Memory: 2140160K Free: 839006K (39%)
Exported /home/travis/build/icyphy/ptII/ptolemy/domains/modal/demo/Blending/Blending/index.html
4514 ms. Memory: 2140160K Free: 595636K (28%)
####### 122 Thu Mar 14 16:51:38 UTC 2019 $PTII/bin/ptinvoke ptolemy.vergil.basic.export.ExportModel -force htm -run -openComposites -timeOut 30000 -whiteBackground ptolemy/domains/modal/demo/Case/Case.xml $PTII/ptolemy/domains/modal/demo/Case/Case
Running .Case
26 ms. Memory: 2140160K Free: 474317K (22%)
Exported /home/travis/build/icyphy/ptII/ptolemy/domains/modal/demo/Case/Case/index.html
4307 ms. Memory: 2140160K Free: 321414K (15%)
####### 123 Thu Mar 14 16:51:42 UTC 2019 $PTII/bin/ptinvoke ptolemy.vergil.basic.export.ExportModel -force htm -run -openComposites -timeOut 30000 -whiteBackground ptolemy/domains/modal/demo/ChainedTransitions/ChainedTransitions.xml $PTII/ptolemy/domains/modal/demo/ChainedTransitions/ChainedTransitions
Running .ChainedTransitions
31 ms. Memory: 2140160K Free: 169098K (8%)
Exported /home/travis/build/icyphy/ptII/ptolemy/domains/modal/demo/ChainedTransitions/ChainedTransitions/index.html
4258 ms. Memory: 2143232K Free: 1566895K (73%)
####### 124 Thu Mar 14 16:51:47 UTC 2019 $PTII/bin/ptinvoke ptolemy.vergil.basic.export.ExportModel -force htm -run -openComposites -timeOut 30000 -whiteBackground ptolemy/domains/modal/demo/ModalBSC/ModalBSC.xml $PTII/ptolemy/domains/modal/demo/ModalBSC/ModalBSC
Running .ModalBSC
68 ms. Memory: 2143232K Free: 1413250K (66%)
Exported /home/travis/build/icyphy/ptII/ptolemy/domains/modal/demo/ModalBSC/ModalBSC/index.html
4337 ms. Memory: 2143232K Free: 1258767K (59%)
####### 125 Thu Mar 14 16:51:51 UTC 2019 $PTII/bin/ptinvoke ptolemy.vergil.basic.export.ExportModel -force htm -run -openComposites -timeOut 30000 -whiteBackground ptolemy/domains/modal/demo/MultipleRuns/MultipleRuns.xml $PTII/ptolemy/domains/modal/demo/MultipleRuns/MultipleRuns
Running .MultipleRuns
458 ms. Memory: 2143232K Free: 1106218K (52%)
Exported /home/travis/build/icyphy/ptII/ptolemy/domains/modal/demo/MultipleRuns/MultipleRuns/index.html
4674 ms. Memory: 2143232K Free: 979523K (46%)
####### 126 Thu Mar 14 16:51:56 UTC 2019 $PTII/bin/ptinvoke ptolemy.vergil.basic.export.ExportModel -force htm -run -openComposites -timeOut 30000 -whiteBackground ptolemy/domains/modal/demo/PersistentIO/PersistentIO.xml $PTII/ptolemy/domains/modal/demo/PersistentIO/PersistentIO
Running .PersistentIO
27 ms. Memory: 2143232K Free: 856795K (40%)
Exported /home/travis/build/icyphy/ptII/ptolemy/domains/modal/demo/PersistentIO/PersistentIO/index.html
4227 ms. Memory: 2143232K Free: 732150K (34%)
####### 127 Thu Mar 14 16:52:00 UTC 2019 $PTII/bin/ptinvoke ptolemy.vergil.basic.export.ExportModel -force htm -run -openComposites -timeOut 30000 -whiteBackground ptolemy/domains/modal/demo/StateTracker/StateTracker.xml $PTII/ptolemy/domains/modal/demo/StateTracker/StateTracker
Running .StateTracker
20 ms. Memory: 2143232K Free: 640244K (30%)
Exported /home/travis/build/icyphy/ptII/ptolemy/domains/modal/demo/StateTracker/StateTracker/index.html
4333 ms. Memory: 2143232K Free: 438388K (20%)
####### 128 Thu Mar 14 16:52:04 UTC 2019 $PTII/bin/ptinvoke ptolemy.vergil.basic.export.ExportModel -force htm  -openComposites -timeOut 30000 -whiteBackground ptolemy/domains/modal/demo/SystemLevelType/CSPDomain.xml $PTII/ptolemy/domains/modal/demo/SystemLevelType/CSPDomain
Warning: not running ptolemy/domains/modal/demo/SystemLevelType/CSPDomain.xml. See ptolemy/vergil/basic/export/test/junit/ExportModelJUnitTest.java
Exported /home/travis/build/icyphy/ptII/ptolemy/domains/modal/demo/SystemLevelType/CSPDomain/index.html
3150 ms. Memory: 2143232K Free: 313569K (15%)
####### 129 Thu Mar 14 16:52:07 UTC 2019 $PTII/bin/ptinvoke ptolemy.vergil.basic.export.ExportModel -force htm  -openComposites -timeOut 30000 -whiteBackground ptolemy/domains/modal/demo/SystemLevelType/CSPDomain_PolyActor.xml $PTII/ptolemy/domains/modal/demo/SystemLevelType/CSPDomain_PolyActor
Warning: not running ptolemy/domains/modal/demo/SystemLevelType/CSPDomain_PolyActor.xml. See ptolemy/vergil/basic/export/test/junit/ExportModelJUnitTest.java
Exported /home/travis/build/icyphy/ptII/ptolemy/domains/modal/demo/SystemLevelType/CSPDomain_PolyActor/index.html
3135 ms. Memory: 2143232K Free: 188693K (9%)
####### 130 Thu Mar 14 16:52:11 UTC 2019 $PTII/bin/ptinvoke ptolemy.vergil.basic.export.ExportModel -force htm  -openComposites -timeOut 30000 -whiteBackground ptolemy/domains/modal/demo/SystemLevelType/CSPDomain_SDFActor.xml $PTII/ptolemy/domains/modal/demo/SystemLevelType/CSPDomain_SDFActor
Warning: not running ptolemy/domains/modal/demo/SystemLevelType/CSPDomain_SDFActor.xml. See ptolemy/vergil/basic/export/test/junit/ExportModelJUnitTest.java
Exported /home/travis/build/icyphy/ptII/ptolemy/domains/modal/demo/SystemLevelType/CSPDomain_SDFActor/index.html
3118 ms. Memory: 2143232K Free: 63890K (3%)
####### 131 Thu Mar 14 16:52:14 UTC 2019 $PTII/bin/ptinvoke ptolemy.vergil.basic.export.ExportModel -force htm  -openComposites -timeOut 30000 -whiteBackground ptolemy/domains/modal/demo/SystemLevelType/DEDomain.xml $PTII/ptolemy/domains/modal/demo/SystemLevelType/DEDomain
Warning: not running ptolemy/domains/modal/demo/SystemLevelType/DEDomain.xml. See ptolemy/vergil/basic/export/test/junit/ExportModelJUnitTest.java
Exported /home/travis/build/icyphy/ptII/ptolemy/domains/modal/demo/SystemLevelType/DEDomain/index.html
3206 ms. Memory: 2133504K Free: 1496697K (70%)
####### 132 Thu Mar 14 16:52:17 UTC 2019 $PTII/bin/ptinvoke ptolemy.vergil.basic.export.ExportModel -force htm  -openComposites -timeOut 30000 -whiteBackground ptolemy/domains/modal/demo/SystemLevelType/DEDomain_PolyActor.xml $PTII/ptolemy/domains/modal/demo/SystemLevelType/DEDomain_PolyActor
Warning: not running ptolemy/domains/modal/demo/SystemLevelType/DEDomain_PolyActor.xml. See ptolemy/vergil/basic/export/test/junit/ExportModelJUnitTest.java
Exported /home/travis/build/icyphy/ptII/ptolemy/domains/modal/demo/SystemLevelType/DEDomain_PolyActor/index.html
3129 ms. Memory: 2133504K Free: 1344197K (63%)
####### 133 Thu Mar 14 16:52:20 UTC 2019 $PTII/bin/ptinvoke ptolemy.vergil.basic.export.ExportModel -force htm  -openComposites -timeOut 30000 -whiteBackground ptolemy/domains/modal/demo/SystemLevelType/DEDomain_SDFActor.xml $PTII/ptolemy/domains/modal/demo/SystemLevelType/DEDomain_SDFActor
Warning: not running ptolemy/domains/modal/demo/SystemLevelType/DEDomain_SDFActor.xml. See ptolemy/vergil/basic/export/test/junit/ExportModelJUnitTest.java
Exported /home/travis/build/icyphy/ptII/ptolemy/domains/modal/demo/SystemLevelType/DEDomain_SDFActor/index.html
3103 ms. Memory: 2133504K Free: 1221518K (57%)
####### 134 Thu Mar 14 16:52:23 UTC 2019 $PTII/bin/ptinvoke ptolemy.vergil.basic.export.ExportModel -force htm  -openComposites -timeOut 30000 -whiteBackground ptolemy/domains/modal/demo/SystemLevelType/DP.xml $PTII/ptolemy/domains/modal/demo/SystemLevelType/DP
Warning: not running ptolemy/domains/modal/demo/SystemLevelType/DP.xml. See ptolemy/vergil/basic/export/test/junit/ExportModelJUnitTest.java
Exported /home/travis/build/icyphy/ptII/ptolemy/domains/modal/demo/SystemLevelType/DP/index.html
3145 ms. Memory: 2133504K Free: 1124629K (53%)
####### 135 Thu Mar 14 16:52:26 UTC 2019 $PTII/bin/ptinvoke ptolemy.vergil.basic.export.ExportModel -force htm  -openComposites -timeOut 30000 -whiteBackground ptolemy/domains/modal/demo/SystemLevelType/DummyDirector1.xml $PTII/ptolemy/domains/modal/demo/SystemLevelType/DummyDirector1
Warning: not running ptolemy/domains/modal/demo/SystemLevelType/DummyDirector1.xml. See ptolemy/vergil/basic/export/test/junit/ExportModelJUnitTest.java
Exported /home/travis/build/icyphy/ptII/ptolemy/domains/modal/demo/SystemLevelType/DummyDirector1/index.html
3367 ms. Memory: 2133504K Free: 1001848K (47%)
####### 136 Thu Mar 14 16:52:30 UTC 2019 $PTII/bin/ptinvoke ptolemy.vergil.basic.export.ExportModel -force htm  -openComposites -timeOut 30000 -whiteBackground ptolemy/domains/modal/demo/SystemLevelType/DummyDirector1_SDFActor.xml $PTII/ptolemy/domains/modal/demo/SystemLevelType/DummyDirector1_SDFActor
Warning: not running ptolemy/domains/modal/demo/SystemLevelType/DummyDirector1_SDFActor.xml. See ptolemy/vergil/basic/export/test/junit/ExportModelJUnitTest.java
Exported /home/travis/build/icyphy/ptII/ptolemy/domains/modal/demo/SystemLevelType/DummyDirector1_SDFActor/index.html
3118 ms. Memory: 2133504K Free: 878813K (41%)
####### 137 Thu Mar 14 16:52:33 UTC 2019 $PTII/bin/ptinvoke ptolemy.vergil.basic.export.ExportModel -force htm  -openComposites -timeOut 30000 -whiteBackground ptolemy/domains/modal/demo/SystemLevelType/DummyDirector2.xml $PTII/ptolemy/domains/modal/demo/SystemLevelType/DummyDirector2
Warning: not running ptolemy/domains/modal/demo/SystemLevelType/DummyDirector2.xml. See ptolemy/vergil/basic/export/test/junit/ExportModelJUnitTest.java
Exported /home/travis/build/icyphy/ptII/ptolemy/domains/modal/demo/SystemLevelType/DummyDirector2/index.html
3124 ms. Memory: 2133504K Free: 785908K (37%)
####### 138 Thu Mar 14 16:52:36 UTC 2019 $PTII/bin/ptinvoke ptolemy.vergil.basic.export.ExportModel -force htm  -openComposites -timeOut 30000 -whiteBackground ptolemy/domains/modal/demo/SystemLevelType/DummyDirector2_SDFActor.xml $PTII/ptolemy/domains/modal/demo/SystemLevelType/DummyDirector2_SDFActor
Warning: not running ptolemy/domains/modal/demo/SystemLevelType/DummyDirector2_SDFActor.xml. See ptolemy/vergil/basic/export/test/junit/ExportModelJUnitTest.java
Exported /home/travis/build/icyphy/ptII/ptolemy/domains/modal/demo/SystemLevelType/DummyDirector2_SDFActor/index.html
3111 ms. Memory: 2133504K Free: 692928K (32%)
####### 139 Thu Mar 14 16:52:39 UTC 2019 $PTII/bin/ptinvoke ptolemy.vergil.basic.export.ExportModel -force htm  -openComposites -timeOut 30000 -whiteBackground ptolemy/domains/modal/demo/SystemLevelType/InterruptableWaitingThreadA.xml $PTII/ptolemy/domains/modal/demo/SystemLevelType/InterruptableWaitingThreadA
Warning: not running ptolemy/domains/modal/demo/SystemLevelType/InterruptableWaitingThreadA.xml. See ptolemy/vergil/basic/export/test/junit/ExportModelJUnitTest.java
Exported /home/travis/build/icyphy/ptII/ptolemy/domains/modal/demo/SystemLevelType/InterruptableWaitingThreadA/index.html
3153 ms. Memory: 2133504K Free: 540441K (25%)
####### 140 Thu Mar 14 16:52:42 UTC 2019 $PTII/bin/ptinvoke ptolemy.vergil.basic.export.ExportModel -force htm  -openComposites -timeOut 30000 -whiteBackground ptolemy/domains/modal/demo/SystemLevelType/Interrupter.xml $PTII/ptolemy/domains/modal/demo/SystemLevelType/Interrupter
Warning: not running ptolemy/domains/modal/demo/SystemLevelType/Interrupter.xml. See ptolemy/vergil/basic/export/test/junit/ExportModelJUnitTest.java
Exported /home/travis/build/icyphy/ptII/ptolemy/domains/modal/demo/SystemLevelType/Interrupter/index.html
3141 ms. Memory: 2133504K Free: 416120K (20%)
####### 141 Thu Mar 14 16:52:45 UTC 2019 $PTII/bin/ptinvoke ptolemy.vergil.basic.export.ExportModel -force htm  -openComposites -timeOut 30000 -whiteBackground ptolemy/domains/modal/demo/SystemLevelType/Monitor.xml $PTII/ptolemy/domains/modal/demo/SystemLevelType/Monitor
Warning: not running ptolemy/domains/modal/demo/SystemLevelType/Monitor.xml. See ptolemy/vergil/basic/export/test/junit/ExportModelJUnitTest.java
Exported /home/travis/build/icyphy/ptII/ptolemy/domains/modal/demo/SystemLevelType/Monitor/index.html
3127 ms. Memory: 2133504K Free: 293341K (14%)
####### 142 Thu Mar 14 16:52:48 UTC 2019 $PTII/bin/ptinvoke ptolemy.vergil.basic.export.ExportModel -force htm  -openComposites -timeOut 30000 -whiteBackground ptolemy/domains/modal/demo/SystemLevelType/PNDomain.xml $PTII/ptolemy/domains/modal/demo/SystemLevelType/PNDomain
Warning: not running ptolemy/domains/modal/demo/SystemLevelType/PNDomain.xml. See ptolemy/vergil/basic/export/test/junit/ExportModelJUnitTest.java
Exported /home/travis/build/icyphy/ptII/ptolemy/domains/modal/demo/SystemLevelType/PNDomain/index.html
3140 ms. Memory: 2133504K Free: 138081K (6%)
####### 143 Thu Mar 14 16:52:52 UTC 2019 $PTII/bin/ptinvoke ptolemy.vergil.basic.export.ExportModel -force htm  -openComposites -timeOut 30000 -whiteBackground ptolemy/domains/modal/demo/SystemLevelType/PNDomain_PolyActor.xml $PTII/ptolemy/domains/modal/demo/SystemLevelType/PNDomain_PolyActor
Warning: not running ptolemy/domains/modal/demo/SystemLevelType/PNDomain_PolyActor.xml. See ptolemy/vergil/basic/export/test/junit/ExportModelJUnitTest.java
Exported /home/travis/build/icyphy/ptII/ptolemy/domains/modal/demo/SystemLevelType/PNDomain_PolyActor/index.html
3185 ms. Memory: 2110976K Free: 1533877K (73%)
####### 144 Thu Mar 14 16:52:55 UTC 2019 $PTII/bin/ptinvoke ptolemy.vergil.basic.export.ExportModel -force htm  -openComposites -timeOut 30000 -whiteBackground ptolemy/domains/modal/demo/SystemLevelType/PNDomain_SDFActor.xml $PTII/ptolemy/domains/modal/demo/SystemLevelType/PNDomain_SDFActor
Warning: not running ptolemy/domains/modal/demo/SystemLevelType/PNDomain_SDFActor.xml. See ptolemy/vergil/basic/export/test/junit/ExportModelJUnitTest.java
Exported /home/travis/build/icyphy/ptII/ptolemy/domains/modal/demo/SystemLevelType/PNDomain_SDFActor/index.html
3112 ms. Memory: 2110976K Free: 1411651K (67%)
####### 145 Thu Mar 14 16:52:58 UTC 2019 $PTII/bin/ptinvoke ptolemy.vergil.basic.export.ExportModel -force htm  -openComposites -timeOut 30000 -whiteBackground ptolemy/domains/modal/demo/SystemLevelType/PolyActor.xml $PTII/ptolemy/domains/modal/demo/SystemLevelType/PolyActor
Warning: not running ptolemy/domains/modal/demo/SystemLevelType/PolyActor.xml. See ptolemy/vergil/basic/export/test/junit/ExportModelJUnitTest.java
Exported /home/travis/build/icyphy/ptII/ptolemy/domains/modal/demo/SystemLevelType/PolyActor/index.html
3113 ms. Memory: 2110976K Free: 1289435K (61%)
####### 146 Thu Mar 14 16:53:01 UTC 2019 $PTII/bin/ptinvoke ptolemy.vergil.basic.export.ExportModel -force htm  -openComposites -timeOut 30000 -whiteBackground ptolemy/domains/modal/demo/SystemLevelType/SDFActor.xml $PTII/ptolemy/domains/modal/demo/SystemLevelType/SDFActor
Warning: not running ptolemy/domains/modal/demo/SystemLevelType/SDFActor.xml. See ptolemy/vergil/basic/export/test/junit/ExportModelJUnitTest.java
Exported /home/travis/build/icyphy/ptII/ptolemy/domains/modal/demo/SystemLevelType/SDFActor/index.html
3111 ms. Memory: 2110976K Free: 1167449K (55%)
####### 147 Thu Mar 14 16:53:04 UTC 2019 $PTII/bin/ptinvoke ptolemy.vergil.basic.export.ExportModel -force htm  -openComposites -timeOut 30000 -whiteBackground ptolemy/domains/modal/demo/SystemLevelType/SDFDomain.xml $PTII/ptolemy/domains/modal/demo/SystemLevelType/SDFDomain
Warning: not running ptolemy/domains/modal/demo/SystemLevelType/SDFDomain.xml. See ptolemy/vergil/basic/export/test/junit/ExportModelJUnitTest.java
Exported /home/travis/build/icyphy/ptII/ptolemy/domains/modal/demo/SystemLevelType/SDFDomain/index.html
3121 ms. Memory: 2110976K Free: 1045202K (50%)
####### 148 Thu Mar 14 16:53:07 UTC 2019 $PTII/bin/ptinvoke ptolemy.vergil.basic.export.ExportModel -force htm  -openComposites -timeOut 30000 -whiteBackground ptolemy/domains/modal/demo/SystemLevelType/SDFDomain_PolyActor.xml $PTII/ptolemy/domains/modal/demo/SystemLevelType/SDFDomain_PolyActor
Warning: not running ptolemy/domains/modal/demo/SystemLevelType/SDFDomain_PolyActor.xml. See ptolemy/vergil/basic/export/test/junit/ExportModelJUnitTest.java
Exported /home/travis/build/icyphy/ptII/ptolemy/domains/modal/demo/SystemLevelType/SDFDomain_PolyActor/index.html
3132 ms. Memory: 2110976K Free: 923056K (44%)
####### 149 Thu Mar 14 16:53:10 UTC 2019 $PTII/bin/ptinvoke ptolemy.vergil.basic.export.ExportModel -force htm  -openComposites -timeOut 30000 -whiteBackground ptolemy/domains/modal/demo/SystemLevelType/SDFDomain_SDFActor.xml $PTII/ptolemy/domains/modal/demo/SystemLevelType/SDFDomain_SDFActor
Warning: not running ptolemy/domains/modal/demo/SystemLevelType/SDFDomain_SDFActor.xml. See ptolemy/vergil/basic/export/test/junit/ExportModelJUnitTest.java
Exported /home/travis/build/icyphy/ptII/ptolemy/domains/modal/demo/SystemLevelType/SDFDomain_SDFActor/index.html
3133 ms. Memory: 2110976K Free: 769345K (36%)
####### 150 Thu Mar 14 16:53:14 UTC 2019 $PTII/bin/ptinvoke ptolemy.vergil.basic.export.ExportModel -force htm  -openComposites -timeOut 30000 -whiteBackground ptolemy/domains/modal/demo/SystemLevelType/ThreadA.xml $PTII/ptolemy/domains/modal/demo/SystemLevelType/ThreadA
Warning: not running ptolemy/domains/modal/demo/SystemLevelType/ThreadA.xml. See ptolemy/vergil/basic/export/test/junit/ExportModelJUnitTest.java
Exported /home/travis/build/icyphy/ptII/ptolemy/domains/modal/demo/SystemLevelType/ThreadA/index.html
3132 ms. Memory: 2110976K Free: 676037K (32%)
]]></system-out>
  <system-err><![CDATA[]]></system-err>
</testsuite>
