<?xml version="1.0" encoding="UTF-8" ?>
<testsuite errors="0" failures="0" hostname="travis-job-9e6dae41-f960-4cdd-9a18-0ced9b7e19eb" name="ptolemy.domains.sdf.lib.test.junit.JUnitTclTest" skipped="0" tests="82" time="8.59" timestamp="2020-02-03T07:12:40">
  <properties>
[...]
</properties>
  <testcase classname="ptolemy.util.test.junit.TclTests" name="[0] /home/travis/build/icyphy/ptII/ptolemy/domains/sdf/lib/test/ArrayToSequence.tcl (RunTclFile)" time="0.635" />
  <testcase classname="ptolemy.util.test.junit.TclTests" name="[1] /home/travis/build/icyphy/ptII/ptolemy/domains/sdf/lib/test/BitsToInt.tcl (RunTclFile)" time="0.053" />
  <testcase classname="ptolemy.util.test.junit.TclTests" name="[2] /home/travis/build/icyphy/ptII/ptolemy/domains/sdf/lib/test/DelayLine.tcl (RunTclFile)" time="0.021" />
  <testcase classname="ptolemy.util.test.junit.TclTests" name="[3] /home/travis/build/icyphy/ptII/ptolemy/domains/sdf/lib/test/FFT.tcl (RunTclFile)" time="0.017" />
  <testcase classname="ptolemy.util.test.junit.TclTests" name="[4] /home/travis/build/icyphy/ptII/ptolemy/domains/sdf/lib/test/FIR.tcl (RunTclFile)" time="0.198" />
  <testcase classname="ptolemy.util.test.junit.TclTests" name="[5] /home/travis/build/icyphy/ptII/ptolemy/domains/sdf/lib/test/IntToBits.tcl (RunTclFile)" time="0.064" />
  <testcase classname="ptolemy.util.test.junit.TclTests" name="[6] /home/travis/build/icyphy/ptII/ptolemy/domains/sdf/lib/test/MaximumEntropySpectrum.tcl (RunTclFile)" time="0.366" />
  <testcase classname="ptolemy.util.test.junit.TclTests" name="[7] /home/travis/build/icyphy/ptII/ptolemy/domains/sdf/lib/test/Repeat.tcl (RunTclFile)" time="0.069" />
  <testcase classname="ptolemy.util.test.junit.TclTests" name="[8] /home/travis/build/icyphy/ptII/ptolemy/domains/sdf/lib/test/SampleDelay.tcl (RunTclFile)" time="0.038" />
  <testcase classname="ptolemy.util.test.junit.TclTests" name="[9] /home/travis/build/icyphy/ptII/ptolemy/domains/sdf/lib/test/SequenceToArray.tcl (RunTclFile)" time="0.029" />
  <testcase classname="ptolemy.util.test.junit.AutoKnownFailedTests" name="[0] ThereAreNoKnowFailedTests (RunModel)" time="0.001" />
  <testcase classname="ptolemy.util.test.junit.AutoNameArchTests" name="[0] ThereAreNoAutoArchTests (RunModel)" time="0.009" />
  <testcase classname="ptolemy.util.test.junit.AutoTests" name="[0] /home/travis/build/icyphy/ptII/ptolemy/domains/sdf/lib/test/auto/ArrayToSequence.xml (RunModel)" time="0.246" />
  <testcase classname="ptolemy.util.test.junit.AutoTests" name="[1] /home/travis/build/icyphy/ptII/ptolemy/domains/sdf/lib/test/auto/ArrayToSequenceTest.xml (RunModel)" time="0.088" />
  <testcase classname="ptolemy.util.test.junit.AutoTests" name="[2] /home/travis/build/icyphy/ptII/ptolemy/domains/sdf/lib/test/auto/Autocorrelation.xml (RunModel)" time="0.034" />
  <testcase classname="ptolemy.util.test.junit.AutoTests" name="[3] /home/travis/build/icyphy/ptII/ptolemy/domains/sdf/lib/test/auto/Autocorrelation2.xml (RunModel)" time="0.061" />
  <testcase classname="ptolemy.util.test.junit.AutoTests" name="[4] /home/travis/build/icyphy/ptII/ptolemy/domains/sdf/lib/test/auto/Autocorrelation3.xml (RunModel)" time="0.035" />
  <testcase classname="ptolemy.util.test.junit.AutoTests" name="[5] /home/travis/build/icyphy/ptII/ptolemy/domains/sdf/lib/test/auto/Autocorrelation4.xml (RunModel)" time="0.03" />
  <testcase classname="ptolemy.util.test.junit.AutoTests" name="[6] /home/travis/build/icyphy/ptII/ptolemy/domains/sdf/lib/test/auto/Autocorrelation5.xml (RunModel)" time="0.073" />
  <testcase classname="ptolemy.util.test.junit.AutoTests" name="[7] /home/travis/build/icyphy/ptII/ptolemy/domains/sdf/lib/test/auto/BitsToInt.xml (RunModel)" time="0.029" />
  <testcase classname="ptolemy.util.test.junit.AutoTests" name="[8] /home/travis/build/icyphy/ptII/ptolemy/domains/sdf/lib/test/auto/BooleanJoin.xml (RunModel)" time="0.038" />
  <testcase classname="ptolemy.util.test.junit.AutoTests" name="[9] /home/travis/build/icyphy/ptII/ptolemy/domains/sdf/lib/test/auto/BootstrapSampleDelay.xml (RunModel)" time="0.027" />
  <testcase classname="ptolemy.util.test.junit.AutoTests" name="[10] /home/travis/build/icyphy/ptII/ptolemy/domains/sdf/lib/test/auto/Chop.xml (RunModel)" time="0.031" />
  <testcase classname="ptolemy.util.test.junit.AutoTests" name="[11] /home/travis/build/icyphy/ptII/ptolemy/domains/sdf/lib/test/auto/Chop2.xml (RunModel)" time="0.046" />
  <testcase classname="ptolemy.util.test.junit.AutoTests" name="[12] /home/travis/build/icyphy/ptII/ptolemy/domains/sdf/lib/test/auto/ComplexJoin.xml (RunModel)" time="0.061" />
  <testcase classname="ptolemy.util.test.junit.AutoTests" name="[13] /home/travis/build/icyphy/ptII/ptolemy/domains/sdf/lib/test/auto/CountTrues.xml (RunModel)" time="0.027" />
  <testcase classname="ptolemy.util.test.junit.AutoTests" name="[14] /home/travis/build/icyphy/ptII/ptolemy/domains/sdf/lib/test/auto/DelayLine.xml (RunModel)" time="0.031" />
  <testcase classname="ptolemy.util.test.junit.AutoTests" name="[15] /home/travis/build/icyphy/ptII/ptolemy/domains/sdf/lib/test/auto/DotProduct.xml (RunModel)" time="0.025" />
  <testcase classname="ptolemy.util.test.junit.AutoTests" name="[16] /home/travis/build/icyphy/ptII/ptolemy/domains/sdf/lib/test/auto/DotProductMatrix.xml (RunModel)" time="0.023" />
  <testcase classname="ptolemy.util.test.junit.AutoTests" name="[17] /home/travis/build/icyphy/ptII/ptolemy/domains/sdf/lib/test/auto/DownSample1.xml (RunModel)" time="0.03" />
  <testcase classname="ptolemy.util.test.junit.AutoTests" name="[18] /home/travis/build/icyphy/ptII/ptolemy/domains/sdf/lib/test/auto/DynamicRateChange.xml (RunModel)" time="0.042" />
  <testcase classname="ptolemy.util.test.junit.AutoTests" name="[19] /home/travis/build/icyphy/ptII/ptolemy/domains/sdf/lib/test/auto/DynamicRates.xml (RunModel)" time="0.04" />
  <testcase classname="ptolemy.util.test.junit.AutoTests" name="[20] /home/travis/build/icyphy/ptII/ptolemy/domains/sdf/lib/test/auto/FFT1.xml (RunModel)" time="0.048" />
  <testcase classname="ptolemy.util.test.junit.AutoTests" name="[21] /home/travis/build/icyphy/ptII/ptolemy/domains/sdf/lib/test/auto/FIR1.xml (RunModel)" time="0.058" />
  <testcase classname="ptolemy.util.test.junit.AutoTests" name="[22] /home/travis/build/icyphy/ptII/ptolemy/domains/sdf/lib/test/auto/FIR2.xml (RunModel)" time="0.03" />
  <testcase classname="ptolemy.util.test.junit.AutoTests" name="[23] /home/travis/build/icyphy/ptII/ptolemy/domains/sdf/lib/test/auto/FIR4.xml (RunModel)" time="0.051" />
  <testcase classname="ptolemy.util.test.junit.AutoTests" name="[24] /home/travis/build/icyphy/ptII/ptolemy/domains/sdf/lib/test/auto/FixJoin.xml (RunModel)" time="0.054" />
  <testcase classname="ptolemy.util.test.junit.AutoTests" name="[25] /home/travis/build/icyphy/ptII/ptolemy/domains/sdf/lib/test/auto/IntJoin1.xml (RunModel)" time="0.026" />
  <testcase classname="ptolemy.util.test.junit.AutoTests" name="[26] /home/travis/build/icyphy/ptII/ptolemy/domains/sdf/lib/test/auto/IntJoin2.xml (RunModel)" time="0.03" />
  <testcase classname="ptolemy.util.test.junit.AutoTests" name="[27] /home/travis/build/icyphy/ptII/ptolemy/domains/sdf/lib/test/auto/IntJoin3.xml (RunModel)" time="0.026" />
  <testcase classname="ptolemy.util.test.junit.AutoTests" name="[28] /home/travis/build/icyphy/ptII/ptolemy/domains/sdf/lib/test/auto/IntJoin4.xml (RunModel)" time="0.025" />
  <testcase classname="ptolemy.util.test.junit.AutoTests" name="[29] /home/travis/build/icyphy/ptII/ptolemy/domains/sdf/lib/test/auto/IntJoin5.xml (RunModel)" time="0.024" />
  <testcase classname="ptolemy.util.test.junit.AutoTests" name="[30] /home/travis/build/icyphy/ptII/ptolemy/domains/sdf/lib/test/auto/IntToBits.xml (RunModel)" time="0.028" />
  <testcase classname="ptolemy.util.test.junit.AutoTests" name="[31] /home/travis/build/icyphy/ptII/ptolemy/domains/sdf/lib/test/auto/LMSAdaptive.xml (RunModel)" time="0.073" />
  <testcase classname="ptolemy.util.test.junit.AutoTests" name="[32] /home/travis/build/icyphy/ptII/ptolemy/domains/sdf/lib/test/auto/LMSAdaptiveFIR.xml (RunModel)" time="0.357" />
  <testcase classname="ptolemy.util.test.junit.AutoTests" name="[33] /home/travis/build/icyphy/ptII/ptolemy/domains/sdf/lib/test/auto/LMSAdaptiveFIR2.xml (RunModel)" time="0.488" />
  <testcase classname="ptolemy.util.test.junit.AutoTests" name="[34] /home/travis/build/icyphy/ptII/ptolemy/domains/sdf/lib/test/auto/LongJoin.xml (RunModel)" time="0.025" />
  <testcase classname="ptolemy.util.test.junit.AutoTests" name="[35] /home/travis/build/icyphy/ptII/ptolemy/domains/sdf/lib/test/auto/Matrix1.xml (RunModel)" time="0.02" />
  <testcase classname="ptolemy.util.test.junit.AutoTests" name="[36] /home/travis/build/icyphy/ptII/ptolemy/domains/sdf/lib/test/auto/Matrix2.xml (RunModel)" time="0.02" />
  <testcase classname="ptolemy.util.test.junit.AutoTests" name="[37] /home/travis/build/icyphy/ptII/ptolemy/domains/sdf/lib/test/auto/MatrixJoin1.xml (RunModel)" time="0.034" />
  <testcase classname="ptolemy.util.test.junit.AutoTests" name="[38] /home/travis/build/icyphy/ptII/ptolemy/domains/sdf/lib/test/auto/MatrixJoin2.xml (RunModel)" time="0.023" />
  <testcase classname="ptolemy.util.test.junit.AutoTests" name="[39] /home/travis/build/icyphy/ptII/ptolemy/domains/sdf/lib/test/auto/MatrixJoin3.xml (RunModel)" time="0.021" />
  <testcase classname="ptolemy.util.test.junit.AutoTests" name="[40] /home/travis/build/icyphy/ptII/ptolemy/domains/sdf/lib/test/auto/MatrixJoin4.xml (RunModel)" time="0.018" />
  <testcase classname="ptolemy.util.test.junit.AutoTests" name="[41] /home/travis/build/icyphy/ptII/ptolemy/domains/sdf/lib/test/auto/MatrixJoin5.xml (RunModel)" time="0.016" />
  <testcase classname="ptolemy.util.test.junit.AutoTests" name="[42] /home/travis/build/icyphy/ptII/ptolemy/domains/sdf/lib/test/auto/MatrixSplit1.xml (RunModel)" time="0.032" />
  <testcase classname="ptolemy.util.test.junit.AutoTests" name="[43] /home/travis/build/icyphy/ptII/ptolemy/domains/sdf/lib/test/auto/MatrixSplit10.xml (RunModel)" time="0.015" />
  <testcase classname="ptolemy.util.test.junit.AutoTests" name="[44] /home/travis/build/icyphy/ptII/ptolemy/domains/sdf/lib/test/auto/MatrixSplit11.xml (RunModel)" time="0.015" />
  <testcase classname="ptolemy.util.test.junit.AutoTests" name="[45] /home/travis/build/icyphy/ptII/ptolemy/domains/sdf/lib/test/auto/MatrixSplit12.xml (RunModel)" time="0.016" />
  <testcase classname="ptolemy.util.test.junit.AutoTests" name="[46] /home/travis/build/icyphy/ptII/ptolemy/domains/sdf/lib/test/auto/MatrixSplit13.xml (RunModel)" time="0.025" />
  <testcase classname="ptolemy.util.test.junit.AutoTests" name="[47] /home/travis/build/icyphy/ptII/ptolemy/domains/sdf/lib/test/auto/MatrixSplit14.xml (RunModel)" time="0.013" />
  <testcase classname="ptolemy.util.test.junit.AutoTests" name="[48] /home/travis/build/icyphy/ptII/ptolemy/domains/sdf/lib/test/auto/MatrixSplit2.xml (RunModel)" time="0.014" />
  <testcase classname="ptolemy.util.test.junit.AutoTests" name="[49] /home/travis/build/icyphy/ptII/ptolemy/domains/sdf/lib/test/auto/MatrixSplit3.xml (RunModel)" time="0.017" />
  <testcase classname="ptolemy.util.test.junit.AutoTests" name="[50] /home/travis/build/icyphy/ptII/ptolemy/domains/sdf/lib/test/auto/MatrixSplit4.xml (RunModel)" time="0.014" />
  <testcase classname="ptolemy.util.test.junit.AutoTests" name="[51] /home/travis/build/icyphy/ptII/ptolemy/domains/sdf/lib/test/auto/MatrixSplit5.xml (RunModel)" time="0.021" />
  <testcase classname="ptolemy.util.test.junit.AutoTests" name="[52] /home/travis/build/icyphy/ptII/ptolemy/domains/sdf/lib/test/auto/MatrixSplit6.xml (RunModel)" time="0.016" />
  <testcase classname="ptolemy.util.test.junit.AutoTests" name="[53] /home/travis/build/icyphy/ptII/ptolemy/domains/sdf/lib/test/auto/MatrixSplit7.xml (RunModel)" time="0.015" />
  <testcase classname="ptolemy.util.test.junit.AutoTests" name="[54] /home/travis/build/icyphy/ptII/ptolemy/domains/sdf/lib/test/auto/MatrixSplit8.xml (RunModel)" time="0.012" />
  <testcase classname="ptolemy.util.test.junit.AutoTests" name="[55] /home/travis/build/icyphy/ptII/ptolemy/domains/sdf/lib/test/auto/MatrixSplit9.xml (RunModel)" time="0.028" />
  <testcase classname="ptolemy.util.test.junit.AutoTests" name="[56] /home/travis/build/icyphy/ptII/ptolemy/domains/sdf/lib/test/auto/MatrixToSequence.xml (RunModel)" time="0.042" />
  <testcase classname="ptolemy.util.test.junit.AutoTests" name="[57] /home/travis/build/icyphy/ptII/ptolemy/domains/sdf/lib/test/auto/MaximumEntropySpectrum.xml (RunModel)" time="0.084" />
  <testcase classname="ptolemy.util.test.junit.AutoTests" name="[58] /home/travis/build/icyphy/ptII/ptolemy/domains/sdf/lib/test/auto/SampleDelayConversion.xml (RunModel)" time="0.023" />
  <testcase classname="ptolemy.util.test.junit.AutoTests" name="[59] /home/travis/build/icyphy/ptII/ptolemy/domains/sdf/lib/test/auto/SequenceToArray.xml (RunModel)" time="0.042" />
  <testcase classname="ptolemy.util.test.junit.AutoTests" name="[60] /home/travis/build/icyphy/ptII/ptolemy/domains/sdf/lib/test/auto/SequenceToMatrix.xml (RunModel)" time="3.298" />
  <testcase classname="ptolemy.util.test.junit.AutoTests" name="[61] /home/travis/build/icyphy/ptII/ptolemy/domains/sdf/lib/test/auto/SmoothedPeriodogram.xml (RunModel)" time="0.05" />
  <testcase classname="ptolemy.util.test.junit.AutoTests" name="[62] /home/travis/build/icyphy/ptII/ptolemy/domains/sdf/lib/test/auto/UpDownSample1.xml (RunModel)" time="0.015" />
  <testcase classname="ptolemy.util.test.junit.AutoTests" name="[63] /home/travis/build/icyphy/ptII/ptolemy/domains/sdf/lib/test/auto/UpSample1.xml (RunModel)" time="0.018" />
  <testcase classname="ptolemy.util.test.junit.AutoTests" name="[64] /home/travis/build/icyphy/ptII/ptolemy/domains/sdf/lib/test/auto/VariableFIR.xml (RunModel)" time="0.028" />
  <testcase classname="ptolemy.util.test.junit.AutoTests" name="[65] /home/travis/build/icyphy/ptII/ptolemy/domains/sdf/lib/test/auto/VariableFIR2.xml (RunModel)" time="0.024" />
  <testcase classname="ptolemy.util.test.junit.AutoTests" name="[66] /home/travis/build/icyphy/ptII/ptolemy/domains/sdf/lib/test/auto/VariableLattice.xml (RunModel)" time="0.032" />
  <testcase classname="ptolemy.util.test.junit.AutoTests" name="[67] /home/travis/build/icyphy/ptII/ptolemy/domains/sdf/lib/test/auto/VariableLattice2.xml (RunModel)" time="0.018" />
  <testcase classname="ptolemy.util.test.junit.AutoTests" name="[68] /home/travis/build/icyphy/ptII/ptolemy/domains/sdf/lib/test/auto/VariableRecursiveLattice.xml (RunModel)" time="0.022" />
  <testcase classname="ptolemy.util.test.junit.AutoTests" name="[69] /home/travis/build/icyphy/ptII/ptolemy/domains/sdf/lib/test/auto/VariableRecursiveLattice2.xml (RunModel)" time="0.016" />
  <system-out><![CDATA[/home/travis/build/icyphy/ptII/ptolemy/domains/sdf/lib/test/ArrayToSequence.tcl
testDefs.tcl: setting time out to 9000 seconds at Mon Feb 03 07:12:40 UTC 2020
103 ms. Memory: 129024K Free: 93607K (73%)
25 ms. Memory: 129024K Free: 91590K (71%)
24 ms. Memory: 129024K Free: 89527K (69%)
17 ms. Memory: 129024K Free: 88518K (69%)
/home/travis/build/icyphy/ptII/ptolemy/domains/sdf/lib/test/BitsToInt.tcl
18 ms. Memory: 129024K Free: 86455K (67%)
7 ms. Memory: 129024K Free: 84422K (65%)
/home/travis/build/icyphy/ptII/ptolemy/domains/sdf/lib/test/DelayLine.tcl
7 ms. Memory: 129024K Free: 82888K (64%)
/home/travis/build/icyphy/ptII/ptolemy/domains/sdf/lib/test/FFT.tcl
5 ms. Memory: 129024K Free: 81335K (63%)
/home/travis/build/icyphy/ptII/ptolemy/domains/sdf/lib/test/FIR.tcl
8 ms. Memory: 129024K Free: 79295K (61%)
92 ms. Memory: 129024K Free: 75206K (58%)
ptolemy.kernel.util.IllegalActionException: multiplyReverse method not supported between ptolemy.data.FixToken 'fix(-0.0625,6,2)' and ptolemy.data.IntToken '1' because the types are incomparable.
  in .top.FIRclone
Because:
multiplyReverse method not supported between ptolemy.data.FixToken 'fix(-0.0625,6,2)' and ptolemy.data.IntToken '1' because the types are incomparable.
32 ms. Memory: 129024K Free: 72648K (56%)
/home/travis/build/icyphy/ptII/ptolemy/domains/sdf/lib/test/IntToBits.tcl
14 ms. Memory: 129024K Free: 71095K (55%)
14 ms. Memory: 129024K Free: 69576K (54%)
/home/travis/build/icyphy/ptII/ptolemy/domains/sdf/lib/test/MaximumEntropySpectrum.tcl
/home/travis/build/icyphy/ptII/ptolemy/domains/sdf/lib/test/Repeat.tcl
14 ms. Memory: 129024K Free: 48072K (37%)
/home/travis/build/icyphy/ptII/ptolemy/domains/sdf/lib/test/SampleDelay.tcl
4 ms. Memory: 129024K Free: 112759K (87%)
3 ms. Memory: 129024K Free: 111735K (87%)
3 ms. Memory: 129024K Free: 111215K (86%)
3 ms. Memory: 129024K Free: 110183K (85%)
2 ms. Memory: 129024K Free: 109687K (85%)
1 ms. Memory: 129024K Free: 109159K (85%)
/home/travis/build/icyphy/ptII/ptolemy/domains/sdf/lib/test/SequenceToArray.tcl
4 ms. Memory: 129024K Free: 107639K (83%)
3 ms. Memory: 129024K Free: 106615K (83%)
5 ms. Memory: 129024K Free: 105077K (81%)
4 ms. Memory: 129024K Free: 104039K (81%)
02/03/20 07:12:42
Failed: 0  Total Tests: 41  ((Passed: 41, Newly Passed: 0)  Known Failed: 0) /home/travis/build/icyphy/ptII/ptolemy/domains/sdf/lib/test
No auto/knownFailedTests/*.xml tests in /home/travis/build/icyphy/ptII/ptolemy/domains/sdf/lib/test
No auto/linux-amd64/*.xml tests in /home/travis/build/icyphy/ptII/ptolemy/domains/sdf/lib/test
AutoTests.java: About to close Vertx.
AutoTests.java: Vertx closed.

===========================================================================================
----------------- testing Mon Feb 03 07:12:42 UTC 2020 /home/travis/build/icyphy/ptII/ptolemy/domains/sdf/lib/test/auto/ArrayToSequence.xml
----------------- Instantiating /home/travis/build/icyphy/ptII/ptolemy/domains/sdf/lib/test/auto/ArrayToSequence.xml
35 ms. Memory: 129024K Free: 92383K (72%)
----------------- Invoking toplevel() on ptolemy.moml.MoMLSimpleApplication@7a853793
----------------- Done invoking toplevel() on ptolemy.moml.MoMLSimpleApplication@7a853793
reloadAllAccessors: .ArrayToSequence

===========================================================================================
----------------- testing Mon Feb 03 07:12:42 UTC 2020 /home/travis/build/icyphy/ptII/ptolemy/domains/sdf/lib/test/auto/ArrayToSequenceTest.xml
----------------- Instantiating /home/travis/build/icyphy/ptII/ptolemy/domains/sdf/lib/test/auto/ArrayToSequenceTest.xml
19 ms. Memory: 129024K Free: 85886K (67%)
----------------- Invoking toplevel() on ptolemy.moml.MoMLSimpleApplication@41e3463
----------------- Done invoking toplevel() on ptolemy.moml.MoMLSimpleApplication@41e3463
reloadAllAccessors: .ArrayToSequenceTest

===========================================================================================
----------------- testing Mon Feb 03 07:12:42 UTC 2020 /home/travis/build/icyphy/ptII/ptolemy/domains/sdf/lib/test/auto/Autocorrelation.xml
----------------- Instantiating /home/travis/build/icyphy/ptII/ptolemy/domains/sdf/lib/test/auto/Autocorrelation.xml
8 ms. Memory: 129024K Free: 81760K (63%)
----------------- Invoking toplevel() on ptolemy.moml.MoMLSimpleApplication@3f5a72fd
----------------- Done invoking toplevel() on ptolemy.moml.MoMLSimpleApplication@3f5a72fd
reloadAllAccessors: .Autocorrelation

===========================================================================================
----------------- testing Mon Feb 03 07:12:42 UTC 2020 /home/travis/build/icyphy/ptII/ptolemy/domains/sdf/lib/test/auto/Autocorrelation2.xml
----------------- Instantiating /home/travis/build/icyphy/ptII/ptolemy/domains/sdf/lib/test/auto/Autocorrelation2.xml
8 ms. Memory: 129024K Free: 109426K (85%)
----------------- Invoking toplevel() on ptolemy.moml.MoMLSimpleApplication@3f6a5ae4
----------------- Done invoking toplevel() on ptolemy.moml.MoMLSimpleApplication@3f6a5ae4
reloadAllAccessors: .Autocorrelation2

===========================================================================================
----------------- testing Mon Feb 03 07:12:43 UTC 2020 /home/travis/build/icyphy/ptII/ptolemy/domains/sdf/lib/test/auto/Autocorrelation3.xml
----------------- Instantiating /home/travis/build/icyphy/ptII/ptolemy/domains/sdf/lib/test/auto/Autocorrelation3.xml
5 ms. Memory: 129024K Free: 105255K (82%)
----------------- Invoking toplevel() on ptolemy.moml.MoMLSimpleApplication@61f65949
----------------- Done invoking toplevel() on ptolemy.moml.MoMLSimpleApplication@61f65949
reloadAllAccessors: .Autocorrelation3

===========================================================================================
----------------- testing Mon Feb 03 07:12:43 UTC 2020 /home/travis/build/icyphy/ptII/ptolemy/domains/sdf/lib/test/auto/Autocorrelation4.xml
----------------- Instantiating /home/travis/build/icyphy/ptII/ptolemy/domains/sdf/lib/test/auto/Autocorrelation4.xml
10 ms. Memory: 129024K Free: 101137K (78%)
----------------- Invoking toplevel() on ptolemy.moml.MoMLSimpleApplication@d391b8
----------------- Done invoking toplevel() on ptolemy.moml.MoMLSimpleApplication@d391b8
reloadAllAccessors: .Autocorrelation4

===========================================================================================
----------------- testing Mon Feb 03 07:12:43 UTC 2020 /home/travis/build/icyphy/ptII/ptolemy/domains/sdf/lib/test/auto/Autocorrelation5.xml
----------------- Instantiating /home/travis/build/icyphy/ptII/ptolemy/domains/sdf/lib/test/auto/Autocorrelation5.xml
44 ms. Memory: 129024K Free: 93923K (73%)
----------------- Invoking toplevel() on ptolemy.moml.MoMLSimpleApplication@613ba14
----------------- Done invoking toplevel() on ptolemy.moml.MoMLSimpleApplication@613ba14
reloadAllAccessors: .Autocorrelation5

===========================================================================================
----------------- testing Mon Feb 03 07:12:43 UTC 2020 /home/travis/build/icyphy/ptII/ptolemy/domains/sdf/lib/test/auto/BitsToInt.xml
----------------- Instantiating /home/travis/build/icyphy/ptII/ptolemy/domains/sdf/lib/test/auto/BitsToInt.xml
6 ms. Memory: 129024K Free: 90905K (70%)
----------------- Invoking toplevel() on ptolemy.moml.MoMLSimpleApplication@76902825
----------------- Done invoking toplevel() on ptolemy.moml.MoMLSimpleApplication@76902825
reloadAllAccessors: .BitsToInt

===========================================================================================
----------------- testing Mon Feb 03 07:12:43 UTC 2020 /home/travis/build/icyphy/ptII/ptolemy/domains/sdf/lib/test/auto/BooleanJoin.xml
----------------- Instantiating /home/travis/build/icyphy/ptII/ptolemy/domains/sdf/lib/test/auto/BooleanJoin.xml
7 ms. Memory: 129024K Free: 86453K (67%)
----------------- Invoking toplevel() on ptolemy.moml.MoMLSimpleApplication@55e995be
----------------- Done invoking toplevel() on ptolemy.moml.MoMLSimpleApplication@55e995be
reloadAllAccessors: .BooleanJoin

===========================================================================================
----------------- testing Mon Feb 03 07:12:43 UTC 2020 /home/travis/build/icyphy/ptII/ptolemy/domains/sdf/lib/test/auto/BootstrapSampleDelay.xml
----------------- Instantiating /home/travis/build/icyphy/ptII/ptolemy/domains/sdf/lib/test/auto/BootstrapSampleDelay.xml
10 ms. Memory: 129024K Free: 82327K (64%)
----------------- Invoking toplevel() on ptolemy.moml.MoMLSimpleApplication@52f953f0
----------------- Done invoking toplevel() on ptolemy.moml.MoMLSimpleApplication@52f953f0
reloadAllAccessors: .BootstrapSampleDelay

===========================================================================================
----------------- testing Mon Feb 03 07:12:43 UTC 2020 /home/travis/build/icyphy/ptII/ptolemy/domains/sdf/lib/test/auto/Chop.xml
----------------- Instantiating /home/travis/build/icyphy/ptII/ptolemy/domains/sdf/lib/test/auto/Chop.xml
5 ms. Memory: 129024K Free: 75189K (58%)
----------------- Invoking toplevel() on ptolemy.moml.MoMLSimpleApplication@9492e60
----------------- Done invoking toplevel() on ptolemy.moml.MoMLSimpleApplication@9492e60
reloadAllAccessors: .Chop

===========================================================================================
----------------- testing Mon Feb 03 07:12:43 UTC 2020 /home/travis/build/icyphy/ptII/ptolemy/domains/sdf/lib/test/auto/Chop2.xml
----------------- Instantiating /home/travis/build/icyphy/ptII/ptolemy/domains/sdf/lib/test/auto/Chop2.xml
4 ms. Memory: 129024K Free: 68674K (53%)
----------------- Invoking toplevel() on ptolemy.moml.MoMLSimpleApplication@47f38ab1
----------------- Done invoking toplevel() on ptolemy.moml.MoMLSimpleApplication@47f38ab1
reloadAllAccessors: .Chop2

===========================================================================================
----------------- testing Mon Feb 03 07:12:43 UTC 2020 /home/travis/build/icyphy/ptII/ptolemy/domains/sdf/lib/test/auto/ComplexJoin.xml
----------------- Instantiating /home/travis/build/icyphy/ptII/ptolemy/domains/sdf/lib/test/auto/ComplexJoin.xml
6 ms. Memory: 155648K Free: 135862K (87%)
----------------- Invoking toplevel() on ptolemy.moml.MoMLSimpleApplication@16871ff3
----------------- Done invoking toplevel() on ptolemy.moml.MoMLSimpleApplication@16871ff3
reloadAllAccessors: .ComplexJoin

===========================================================================================
----------------- testing Mon Feb 03 07:12:43 UTC 2020 /home/travis/build/icyphy/ptII/ptolemy/domains/sdf/lib/test/auto/CountTrues.xml
----------------- Instantiating /home/travis/build/icyphy/ptII/ptolemy/domains/sdf/lib/test/auto/CountTrues.xml
2 ms. Memory: 155648K Free: 132358K (85%)
----------------- Invoking toplevel() on ptolemy.moml.MoMLSimpleApplication@1f21dbdd
----------------- Done invoking toplevel() on ptolemy.moml.MoMLSimpleApplication@1f21dbdd
reloadAllAccessors: .CountTrues

===========================================================================================
----------------- testing Mon Feb 03 07:12:43 UTC 2020 /home/travis/build/icyphy/ptII/ptolemy/domains/sdf/lib/test/auto/DelayLine.xml
----------------- Instantiating /home/travis/build/icyphy/ptII/ptolemy/domains/sdf/lib/test/auto/DelayLine.xml
5 ms. Memory: 155648K Free: 127238K (82%)
----------------- Invoking toplevel() on ptolemy.moml.MoMLSimpleApplication@124a6684
----------------- Done invoking toplevel() on ptolemy.moml.MoMLSimpleApplication@124a6684
reloadAllAccessors: .DelayLine

===========================================================================================
----------------- testing Mon Feb 03 07:12:43 UTC 2020 /home/travis/build/icyphy/ptII/ptolemy/domains/sdf/lib/test/auto/DotProduct.xml
----------------- Instantiating /home/travis/build/icyphy/ptII/ptolemy/domains/sdf/lib/test/auto/DotProduct.xml
3 ms. Memory: 155648K Free: 123574K (79%)
----------------- Invoking toplevel() on ptolemy.moml.MoMLSimpleApplication@4dde8590
----------------- Done invoking toplevel() on ptolemy.moml.MoMLSimpleApplication@4dde8590
reloadAllAccessors: .DotProduct

===========================================================================================
----------------- testing Mon Feb 03 07:12:43 UTC 2020 /home/travis/build/icyphy/ptII/ptolemy/domains/sdf/lib/test/auto/DotProductMatrix.xml
----------------- Instantiating /home/travis/build/icyphy/ptII/ptolemy/domains/sdf/lib/test/auto/DotProductMatrix.xml
3 ms. Memory: 155648K Free: 121056K (78%)
----------------- Invoking toplevel() on ptolemy.moml.MoMLSimpleApplication@57b99c45
----------------- Done invoking toplevel() on ptolemy.moml.MoMLSimpleApplication@57b99c45
reloadAllAccessors: .DotProductMatrix

===========================================================================================
----------------- testing Mon Feb 03 07:12:43 UTC 2020 /home/travis/build/icyphy/ptII/ptolemy/domains/sdf/lib/test/auto/DownSample1.xml
----------------- Instantiating /home/travis/build/icyphy/ptII/ptolemy/domains/sdf/lib/test/auto/DownSample1.xml
6 ms. Memory: 155648K Free: 117590K (76%)
----------------- Invoking toplevel() on ptolemy.moml.MoMLSimpleApplication@434538d4
----------------- Done invoking toplevel() on ptolemy.moml.MoMLSimpleApplication@434538d4
reloadAllAccessors: .DownSample1

===========================================================================================
----------------- testing Mon Feb 03 07:12:43 UTC 2020 /home/travis/build/icyphy/ptII/ptolemy/domains/sdf/lib/test/auto/DynamicRateChange.xml
----------------- Instantiating /home/travis/build/icyphy/ptII/ptolemy/domains/sdf/lib/test/auto/DynamicRateChange.xml
13 ms. Memory: 155648K Free: 111885K (72%)
----------------- Invoking toplevel() on ptolemy.moml.MoMLSimpleApplication@7218ff3d
----------------- Done invoking toplevel() on ptolemy.moml.MoMLSimpleApplication@7218ff3d
reloadAllAccessors: .DynamicRateChange

===========================================================================================
----------------- testing Mon Feb 03 07:12:43 UTC 2020 /home/travis/build/icyphy/ptII/ptolemy/domains/sdf/lib/test/auto/DynamicRates.xml
----------------- Instantiating /home/travis/build/icyphy/ptII/ptolemy/domains/sdf/lib/test/auto/DynamicRates.xml
13 ms. Memory: 155648K Free: 106765K (69%)
----------------- Invoking toplevel() on ptolemy.moml.MoMLSimpleApplication@62229204
----------------- Done invoking toplevel() on ptolemy.moml.MoMLSimpleApplication@62229204
reloadAllAccessors: .DynamicRates

===========================================================================================
----------------- testing Mon Feb 03 07:12:43 UTC 2020 /home/travis/build/icyphy/ptII/ptolemy/domains/sdf/lib/test/auto/FFT1.xml
----------------- Instantiating /home/travis/build/icyphy/ptII/ptolemy/domains/sdf/lib/test/auto/FFT1.xml
11 ms. Memory: 155648K Free: 102245K (66%)
----------------- Invoking toplevel() on ptolemy.moml.MoMLSimpleApplication@115d4be8
----------------- Done invoking toplevel() on ptolemy.moml.MoMLSimpleApplication@115d4be8
reloadAllAccessors: .FFT1

===========================================================================================
----------------- testing Mon Feb 03 07:12:43 UTC 2020 /home/travis/build/icyphy/ptII/ptolemy/domains/sdf/lib/test/auto/FIR1.xml
----------------- Instantiating /home/travis/build/icyphy/ptII/ptolemy/domains/sdf/lib/test/auto/FIR1.xml
21 ms. Memory: 155648K Free: 95501K (61%)
----------------- Invoking toplevel() on ptolemy.moml.MoMLSimpleApplication@10ac1d60
----------------- Done invoking toplevel() on ptolemy.moml.MoMLSimpleApplication@10ac1d60
reloadAllAccessors: .FIR1

===========================================================================================
----------------- testing Mon Feb 03 07:12:43 UTC 2020 /home/travis/build/icyphy/ptII/ptolemy/domains/sdf/lib/test/auto/FIR2.xml
----------------- Instantiating /home/travis/build/icyphy/ptII/ptolemy/domains/sdf/lib/test/auto/FIR2.xml
3 ms. Memory: 155648K Free: 91830K (59%)
----------------- Invoking toplevel() on ptolemy.moml.MoMLSimpleApplication@52e003d5
----------------- Done invoking toplevel() on ptolemy.moml.MoMLSimpleApplication@52e003d5
reloadAllAccessors: .FIR2

===========================================================================================
----------------- testing Mon Feb 03 07:12:43 UTC 2020 /home/travis/build/icyphy/ptII/ptolemy/domains/sdf/lib/test/auto/FIR4.xml
----------------- Instantiating /home/travis/build/icyphy/ptII/ptolemy/domains/sdf/lib/test/auto/FIR4.xml
6 ms. Memory: 155648K Free: 84776K (54%)
----------------- Invoking toplevel() on ptolemy.moml.MoMLSimpleApplication@3dd31f36
----------------- Done invoking toplevel() on ptolemy.moml.MoMLSimpleApplication@3dd31f36
reloadAllAccessors: .FIR4

===========================================================================================
----------------- testing Mon Feb 03 07:12:43 UTC 2020 /home/travis/build/icyphy/ptII/ptolemy/domains/sdf/lib/test/auto/FixJoin.xml
----------------- Instantiating /home/travis/build/icyphy/ptII/ptolemy/domains/sdf/lib/test/auto/FixJoin.xml
7 ms. Memory: 155648K Free: 79542K (51%)
----------------- Invoking toplevel() on ptolemy.moml.MoMLSimpleApplication@42b44b75
----------------- Done invoking toplevel() on ptolemy.moml.MoMLSimpleApplication@42b44b75
reloadAllAccessors: .FixJoin

===========================================================================================
----------------- testing Mon Feb 03 07:12:43 UTC 2020 /home/travis/build/icyphy/ptII/ptolemy/domains/sdf/lib/test/auto/IntJoin1.xml
----------------- Instantiating /home/travis/build/icyphy/ptII/ptolemy/domains/sdf/lib/test/auto/IntJoin1.xml
3 ms. Memory: 155648K Free: 138908K (89%)
----------------- Invoking toplevel() on ptolemy.moml.MoMLSimpleApplication@6c203cc4
----------------- Done invoking toplevel() on ptolemy.moml.MoMLSimpleApplication@6c203cc4
reloadAllAccessors: .IntJoin1

===========================================================================================
----------------- testing Mon Feb 03 07:12:43 UTC 2020 /home/travis/build/icyphy/ptII/ptolemy/domains/sdf/lib/test/auto/IntJoin2.xml
----------------- Instantiating /home/travis/build/icyphy/ptII/ptolemy/domains/sdf/lib/test/auto/IntJoin2.xml
6 ms. Memory: 155648K Free: 134085K (86%)
----------------- Invoking toplevel() on ptolemy.moml.MoMLSimpleApplication@7ccb15ff
----------------- Done invoking toplevel() on ptolemy.moml.MoMLSimpleApplication@7ccb15ff
reloadAllAccessors: .IntJoin2

===========================================================================================
----------------- testing Mon Feb 03 07:12:43 UTC 2020 /home/travis/build/icyphy/ptII/ptolemy/domains/sdf/lib/test/auto/IntJoin3.xml
----------------- Instantiating /home/travis/build/icyphy/ptII/ptolemy/domains/sdf/lib/test/auto/IntJoin3.xml
5 ms. Memory: 155648K Free: 129989K (84%)
----------------- Invoking toplevel() on ptolemy.moml.MoMLSimpleApplication@6cf35bd6
----------------- Done invoking toplevel() on ptolemy.moml.MoMLSimpleApplication@6cf35bd6
reloadAllAccessors: .IntJoin3

===========================================================================================
----------------- testing Mon Feb 03 07:12:43 UTC 2020 /home/travis/build/icyphy/ptII/ptolemy/domains/sdf/lib/test/auto/IntJoin4.xml
----------------- Instantiating /home/travis/build/icyphy/ptII/ptolemy/domains/sdf/lib/test/auto/IntJoin4.xml
4 ms. Memory: 155648K Free: 125893K (81%)
----------------- Invoking toplevel() on ptolemy.moml.MoMLSimpleApplication@d56dc06
----------------- Done invoking toplevel() on ptolemy.moml.MoMLSimpleApplication@d56dc06
reloadAllAccessors: .IntJoin4

===========================================================================================
----------------- testing Mon Feb 03 07:12:44 UTC 2020 /home/travis/build/icyphy/ptII/ptolemy/domains/sdf/lib/test/auto/IntJoin5.xml
----------------- Instantiating /home/travis/build/icyphy/ptII/ptolemy/domains/sdf/lib/test/auto/IntJoin5.xml
2 ms. Memory: 155648K Free: 121287K (78%)
----------------- Invoking toplevel() on ptolemy.moml.MoMLSimpleApplication@45fa98d1
----------------- Done invoking toplevel() on ptolemy.moml.MoMLSimpleApplication@45fa98d1
reloadAllAccessors: .IntJoin5

===========================================================================================
----------------- testing Mon Feb 03 07:12:44 UTC 2020 /home/travis/build/icyphy/ptII/ptolemy/domains/sdf/lib/test/auto/IntToBits.xml
----------------- Instantiating /home/travis/build/icyphy/ptII/ptolemy/domains/sdf/lib/test/auto/IntToBits.xml
8 ms. Memory: 155648K Free: 118215K (76%)
----------------- Invoking toplevel() on ptolemy.moml.MoMLSimpleApplication@7aad1f43
----------------- Done invoking toplevel() on ptolemy.moml.MoMLSimpleApplication@7aad1f43
reloadAllAccessors: .IntToBits

===========================================================================================
----------------- testing Mon Feb 03 07:12:44 UTC 2020 /home/travis/build/icyphy/ptII/ptolemy/domains/sdf/lib/test/auto/LMSAdaptive.xml
----------------- Instantiating /home/travis/build/icyphy/ptII/ptolemy/domains/sdf/lib/test/auto/LMSAdaptive.xml
11 ms. Memory: 155648K Free: 109495K (70%)
----------------- Invoking toplevel() on ptolemy.moml.MoMLSimpleApplication@3b36d31d
----------------- Done invoking toplevel() on ptolemy.moml.MoMLSimpleApplication@3b36d31d
reloadAllAccessors: .LMSAdaptive

===========================================================================================
----------------- testing Mon Feb 03 07:12:44 UTC 2020 /home/travis/build/icyphy/ptII/ptolemy/domains/sdf/lib/test/auto/LMSAdaptiveFIR.xml
----------------- Instantiating /home/travis/build/icyphy/ptII/ptolemy/domains/sdf/lib/test/auto/LMSAdaptiveFIR.xml
245 ms. Memory: 155648K Free: 74693K (48%)
----------------- Invoking toplevel() on ptolemy.moml.MoMLSimpleApplication@2fb8ee39
----------------- Done invoking toplevel() on ptolemy.moml.MoMLSimpleApplication@2fb8ee39
reloadAllAccessors: .LMSAdaptiveFIR

===========================================================================================
----------------- testing Mon Feb 03 07:12:44 UTC 2020 /home/travis/build/icyphy/ptII/ptolemy/domains/sdf/lib/test/auto/LMSAdaptiveFIR2.xml
----------------- Instantiating /home/travis/build/icyphy/ptII/ptolemy/domains/sdf/lib/test/auto/LMSAdaptiveFIR2.xml
395 ms. Memory: 155648K Free: 93228K (60%)
----------------- Invoking toplevel() on ptolemy.moml.MoMLSimpleApplication@52a597c9
----------------- Done invoking toplevel() on ptolemy.moml.MoMLSimpleApplication@52a597c9
reloadAllAccessors: .LMSAdaptiveFIR2

===========================================================================================
----------------- testing Mon Feb 03 07:12:45 UTC 2020 /home/travis/build/icyphy/ptII/ptolemy/domains/sdf/lib/test/auto/LongJoin.xml
----------------- Instantiating /home/travis/build/icyphy/ptII/ptolemy/domains/sdf/lib/test/auto/LongJoin.xml
3 ms. Memory: 155648K Free: 89132K (57%)
----------------- Invoking toplevel() on ptolemy.moml.MoMLSimpleApplication@6b1f8fe
----------------- Done invoking toplevel() on ptolemy.moml.MoMLSimpleApplication@6b1f8fe
reloadAllAccessors: .LongJoin

===========================================================================================
----------------- testing Mon Feb 03 07:12:45 UTC 2020 /home/travis/build/icyphy/ptII/ptolemy/domains/sdf/lib/test/auto/Matrix1.xml
----------------- Instantiating /home/travis/build/icyphy/ptII/ptolemy/domains/sdf/lib/test/auto/Matrix1.xml
2 ms. Memory: 155648K Free: 85036K (55%)
----------------- Invoking toplevel() on ptolemy.moml.MoMLSimpleApplication@2c2eaeef
----------------- Done invoking toplevel() on ptolemy.moml.MoMLSimpleApplication@2c2eaeef
reloadAllAccessors: .Matrix1

===========================================================================================
----------------- testing Mon Feb 03 07:12:45 UTC 2020 /home/travis/build/icyphy/ptII/ptolemy/domains/sdf/lib/test/auto/Matrix2.xml
----------------- Instantiating /home/travis/build/icyphy/ptII/ptolemy/domains/sdf/lib/test/auto/Matrix2.xml
3 ms. Memory: 155648K Free: 80940K (52%)
----------------- Invoking toplevel() on ptolemy.moml.MoMLSimpleApplication@4b64e971
----------------- Done invoking toplevel() on ptolemy.moml.MoMLSimpleApplication@4b64e971
reloadAllAccessors: .Matrix2

===========================================================================================
----------------- testing Mon Feb 03 07:12:45 UTC 2020 /home/travis/build/icyphy/ptII/ptolemy/domains/sdf/lib/test/auto/MatrixJoin1.xml
----------------- Instantiating /home/travis/build/icyphy/ptII/ptolemy/domains/sdf/lib/test/auto/MatrixJoin1.xml
2 ms. Memory: 155648K Free: 76844K (49%)
----------------- Invoking toplevel() on ptolemy.moml.MoMLSimpleApplication@2db5e8f3
----------------- Done invoking toplevel() on ptolemy.moml.MoMLSimpleApplication@2db5e8f3
reloadAllAccessors: .MatrixJoin1

===========================================================================================
----------------- testing Mon Feb 03 07:12:45 UTC 2020 /home/travis/build/icyphy/ptII/ptolemy/domains/sdf/lib/test/auto/MatrixJoin2.xml
----------------- Instantiating /home/travis/build/icyphy/ptII/ptolemy/domains/sdf/lib/test/auto/MatrixJoin2.xml
2 ms. Memory: 155648K Free: 72238K (46%)
----------------- Invoking toplevel() on ptolemy.moml.MoMLSimpleApplication@378e724
----------------- Done invoking toplevel() on ptolemy.moml.MoMLSimpleApplication@378e724
reloadAllAccessors: .MatrixJoin2

===========================================================================================
----------------- testing Mon Feb 03 07:12:45 UTC 2020 /home/travis/build/icyphy/ptII/ptolemy/domains/sdf/lib/test/auto/MatrixJoin3.xml
----------------- Instantiating /home/travis/build/icyphy/ptII/ptolemy/domains/sdf/lib/test/auto/MatrixJoin3.xml
5 ms. Memory: 155648K Free: 67628K (43%)
----------------- Invoking toplevel() on ptolemy.moml.MoMLSimpleApplication@7d966e91
----------------- Done invoking toplevel() on ptolemy.moml.MoMLSimpleApplication@7d966e91
reloadAllAccessors: .MatrixJoin3

===========================================================================================
----------------- testing Mon Feb 03 07:12:45 UTC 2020 /home/travis/build/icyphy/ptII/ptolemy/domains/sdf/lib/test/auto/MatrixJoin4.xml
----------------- Instantiating /home/travis/build/icyphy/ptII/ptolemy/domains/sdf/lib/test/auto/MatrixJoin4.xml
2 ms. Memory: 155648K Free: 63532K (41%)
----------------- Invoking toplevel() on ptolemy.moml.MoMLSimpleApplication@4f9a5c3f
----------------- Done invoking toplevel() on ptolemy.moml.MoMLSimpleApplication@4f9a5c3f
reloadAllAccessors: .MatrixJoin4

===========================================================================================
----------------- testing Mon Feb 03 07:12:45 UTC 2020 /home/travis/build/icyphy/ptII/ptolemy/domains/sdf/lib/test/auto/MatrixJoin5.xml
----------------- Instantiating /home/travis/build/icyphy/ptII/ptolemy/domains/sdf/lib/test/auto/MatrixJoin5.xml
1 ms. Memory: 155648K Free: 59436K (38%)
----------------- Invoking toplevel() on ptolemy.moml.MoMLSimpleApplication@6968dd8f
----------------- Done invoking toplevel() on ptolemy.moml.MoMLSimpleApplication@6968dd8f
reloadAllAccessors: .MatrixJoin5

===========================================================================================
----------------- testing Mon Feb 03 07:12:45 UTC 2020 /home/travis/build/icyphy/ptII/ptolemy/domains/sdf/lib/test/auto/MatrixSplit1.xml
----------------- Instantiating /home/travis/build/icyphy/ptII/ptolemy/domains/sdf/lib/test/auto/MatrixSplit1.xml
2 ms. Memory: 155648K Free: 134983K (87%)
----------------- Invoking toplevel() on ptolemy.moml.MoMLSimpleApplication@3551fd45
----------------- Done invoking toplevel() on ptolemy.moml.MoMLSimpleApplication@3551fd45
reloadAllAccessors: .MatrixSplit1

===========================================================================================
----------------- testing Mon Feb 03 07:12:45 UTC 2020 /home/travis/build/icyphy/ptII/ptolemy/domains/sdf/lib/test/auto/MatrixSplit10.xml
----------------- Instantiating /home/travis/build/icyphy/ptII/ptolemy/domains/sdf/lib/test/auto/MatrixSplit10.xml
3 ms. Memory: 155648K Free: 131401K (84%)
----------------- Invoking toplevel() on ptolemy.moml.MoMLSimpleApplication@1c244081
----------------- Done invoking toplevel() on ptolemy.moml.MoMLSimpleApplication@1c244081
reloadAllAccessors: .MatrixSplit10

===========================================================================================
----------------- testing Mon Feb 03 07:12:45 UTC 2020 /home/travis/build/icyphy/ptII/ptolemy/domains/sdf/lib/test/auto/MatrixSplit11.xml
----------------- Instantiating /home/travis/build/icyphy/ptII/ptolemy/domains/sdf/lib/test/auto/MatrixSplit11.xml
2 ms. Memory: 155648K Free: 127815K (82%)
----------------- Invoking toplevel() on ptolemy.moml.MoMLSimpleApplication@4dbaec7f
----------------- Done invoking toplevel() on ptolemy.moml.MoMLSimpleApplication@4dbaec7f
reloadAllAccessors: .MatrixSplit11

===========================================================================================
----------------- testing Mon Feb 03 07:12:45 UTC 2020 /home/travis/build/icyphy/ptII/ptolemy/domains/sdf/lib/test/auto/MatrixSplit12.xml
----------------- Instantiating /home/travis/build/icyphy/ptII/ptolemy/domains/sdf/lib/test/auto/MatrixSplit12.xml
2 ms. Memory: 155648K Free: 124233K (80%)
----------------- Invoking toplevel() on ptolemy.moml.MoMLSimpleApplication@720c6f2a
----------------- Done invoking toplevel() on ptolemy.moml.MoMLSimpleApplication@720c6f2a
reloadAllAccessors: .MatrixSplit12

===========================================================================================
----------------- testing Mon Feb 03 07:12:45 UTC 2020 /home/travis/build/icyphy/ptII/ptolemy/domains/sdf/lib/test/auto/MatrixSplit13.xml
----------------- Instantiating /home/travis/build/icyphy/ptII/ptolemy/domains/sdf/lib/test/auto/MatrixSplit13.xml
5 ms. Memory: 155648K Free: 120647K (78%)
----------------- Invoking toplevel() on ptolemy.moml.MoMLSimpleApplication@24b0bf36
----------------- Done invoking toplevel() on ptolemy.moml.MoMLSimpleApplication@24b0bf36
reloadAllAccessors: .MatrixSplit13

===========================================================================================
----------------- testing Mon Feb 03 07:12:45 UTC 2020 /home/travis/build/icyphy/ptII/ptolemy/domains/sdf/lib/test/auto/MatrixSplit14.xml
----------------- Instantiating /home/travis/build/icyphy/ptII/ptolemy/domains/sdf/lib/test/auto/MatrixSplit14.xml
2 ms. Memory: 155648K Free: 117065K (75%)
----------------- Invoking toplevel() on ptolemy.moml.MoMLSimpleApplication@64132451
----------------- Done invoking toplevel() on ptolemy.moml.MoMLSimpleApplication@64132451
reloadAllAccessors: .MatrixSplit14

===========================================================================================
----------------- testing Mon Feb 03 07:12:45 UTC 2020 /home/travis/build/icyphy/ptII/ptolemy/domains/sdf/lib/test/auto/MatrixSplit2.xml
----------------- Instantiating /home/travis/build/icyphy/ptII/ptolemy/domains/sdf/lib/test/auto/MatrixSplit2.xml
2 ms. Memory: 155648K Free: 113993K (73%)
----------------- Invoking toplevel() on ptolemy.moml.MoMLSimpleApplication@3bc8948c
----------------- Done invoking toplevel() on ptolemy.moml.MoMLSimpleApplication@3bc8948c
reloadAllAccessors: .MatrixSplit2

===========================================================================================
----------------- testing Mon Feb 03 07:12:45 UTC 2020 /home/travis/build/icyphy/ptII/ptolemy/domains/sdf/lib/test/auto/MatrixSplit3.xml
----------------- Instantiating /home/travis/build/icyphy/ptII/ptolemy/domains/sdf/lib/test/auto/MatrixSplit3.xml
3 ms. Memory: 155648K Free: 110407K (71%)
----------------- Invoking toplevel() on ptolemy.moml.MoMLSimpleApplication@1e292550
----------------- Done invoking toplevel() on ptolemy.moml.MoMLSimpleApplication@1e292550
reloadAllAccessors: .MatrixSplit3

===========================================================================================
----------------- testing Mon Feb 03 07:12:45 UTC 2020 /home/travis/build/icyphy/ptII/ptolemy/domains/sdf/lib/test/auto/MatrixSplit4.xml
----------------- Instantiating /home/travis/build/icyphy/ptII/ptolemy/domains/sdf/lib/test/auto/MatrixSplit4.xml
2 ms. Memory: 155648K Free: 106825K (69%)
----------------- Invoking toplevel() on ptolemy.moml.MoMLSimpleApplication@609f1e90
----------------- Done invoking toplevel() on ptolemy.moml.MoMLSimpleApplication@609f1e90
reloadAllAccessors: .MatrixSplit4

===========================================================================================
----------------- testing Mon Feb 03 07:12:45 UTC 2020 /home/travis/build/icyphy/ptII/ptolemy/domains/sdf/lib/test/auto/MatrixSplit5.xml
----------------- Instantiating /home/travis/build/icyphy/ptII/ptolemy/domains/sdf/lib/test/auto/MatrixSplit5.xml
8 ms. Memory: 155648K Free: 103239K (66%)
----------------- Invoking toplevel() on ptolemy.moml.MoMLSimpleApplication@5cb6b575
----------------- Done invoking toplevel() on ptolemy.moml.MoMLSimpleApplication@5cb6b575
reloadAllAccessors: .MatrixSplit5

===========================================================================================
----------------- testing Mon Feb 03 07:12:45 UTC 2020 /home/travis/build/icyphy/ptII/ptolemy/domains/sdf/lib/test/auto/MatrixSplit6.xml
----------------- Instantiating /home/travis/build/icyphy/ptII/ptolemy/domains/sdf/lib/test/auto/MatrixSplit6.xml
2 ms. Memory: 155648K Free: 99657K (64%)
----------------- Invoking toplevel() on ptolemy.moml.MoMLSimpleApplication@37f1d6cf
----------------- Done invoking toplevel() on ptolemy.moml.MoMLSimpleApplication@37f1d6cf
reloadAllAccessors: .MatrixSplit6

===========================================================================================
----------------- testing Mon Feb 03 07:12:45 UTC 2020 /home/travis/build/icyphy/ptII/ptolemy/domains/sdf/lib/test/auto/MatrixSplit7.xml
----------------- Instantiating /home/travis/build/icyphy/ptII/ptolemy/domains/sdf/lib/test/auto/MatrixSplit7.xml
1 ms. Memory: 155648K Free: 96071K (62%)
----------------- Invoking toplevel() on ptolemy.moml.MoMLSimpleApplication@697351b8
----------------- Done invoking toplevel() on ptolemy.moml.MoMLSimpleApplication@697351b8
reloadAllAccessors: .MatrixSplit7

===========================================================================================
----------------- testing Mon Feb 03 07:12:45 UTC 2020 /home/travis/build/icyphy/ptII/ptolemy/domains/sdf/lib/test/auto/MatrixSplit8.xml
----------------- Instantiating /home/travis/build/icyphy/ptII/ptolemy/domains/sdf/lib/test/auto/MatrixSplit8.xml
2 ms. Memory: 155648K Free: 92489K (59%)
----------------- Invoking toplevel() on ptolemy.moml.MoMLSimpleApplication@6491cd43
----------------- Done invoking toplevel() on ptolemy.moml.MoMLSimpleApplication@6491cd43
reloadAllAccessors: .MatrixSplit8

===========================================================================================
----------------- testing Mon Feb 03 07:12:45 UTC 2020 /home/travis/build/icyphy/ptII/ptolemy/domains/sdf/lib/test/auto/MatrixSplit9.xml
----------------- Instantiating /home/travis/build/icyphy/ptII/ptolemy/domains/sdf/lib/test/auto/MatrixSplit9.xml
4 ms. Memory: 155648K Free: 88903K (57%)
----------------- Invoking toplevel() on ptolemy.moml.MoMLSimpleApplication@5cde204d
----------------- Done invoking toplevel() on ptolemy.moml.MoMLSimpleApplication@5cde204d
reloadAllAccessors: .MatrixSplit9

===========================================================================================
----------------- testing Mon Feb 03 07:12:45 UTC 2020 /home/travis/build/icyphy/ptII/ptolemy/domains/sdf/lib/test/auto/MatrixToSequence.xml
----------------- Instantiating /home/travis/build/icyphy/ptII/ptolemy/domains/sdf/lib/test/auto/MatrixToSequence.xml
14 ms. Memory: 155648K Free: 79687K (51%)
----------------- Invoking toplevel() on ptolemy.moml.MoMLSimpleApplication@26683bc5
----------------- Done invoking toplevel() on ptolemy.moml.MoMLSimpleApplication@26683bc5
reloadAllAccessors: .MatrixToSequence

===========================================================================================
----------------- testing Mon Feb 03 07:12:45 UTC 2020 /home/travis/build/icyphy/ptII/ptolemy/domains/sdf/lib/test/auto/MaximumEntropySpectrum.xml
----------------- Instantiating /home/travis/build/icyphy/ptII/ptolemy/domains/sdf/lib/test/auto/MaximumEntropySpectrum.xml
12 ms. Memory: 155648K Free: 58697K (38%)
----------------- Invoking toplevel() on ptolemy.moml.MoMLSimpleApplication@525419f7
----------------- Done invoking toplevel() on ptolemy.moml.MoMLSimpleApplication@525419f7
reloadAllAccessors: .MaximumEntropySpectrum

===========================================================================================
----------------- testing Mon Feb 03 07:12:45 UTC 2020 /home/travis/build/icyphy/ptII/ptolemy/domains/sdf/lib/test/auto/SampleDelayConversion.xml
----------------- Instantiating /home/travis/build/icyphy/ptII/ptolemy/domains/sdf/lib/test/auto/SampleDelayConversion.xml
8 ms. Memory: 155648K Free: 138552K (89%)
----------------- Invoking toplevel() on ptolemy.moml.MoMLSimpleApplication@64077ede
----------------- Done invoking toplevel() on ptolemy.moml.MoMLSimpleApplication@64077ede
reloadAllAccessors: .SampleDelayConversion

===========================================================================================
----------------- testing Mon Feb 03 07:12:45 UTC 2020 /home/travis/build/icyphy/ptII/ptolemy/domains/sdf/lib/test/auto/SequenceToArray.xml
----------------- Instantiating /home/travis/build/icyphy/ptII/ptolemy/domains/sdf/lib/test/auto/SequenceToArray.xml
10 ms. Memory: 155648K Free: 126744K (81%)
----------------- Invoking toplevel() on ptolemy.moml.MoMLSimpleApplication@921fa33
----------------- Done invoking toplevel() on ptolemy.moml.MoMLSimpleApplication@921fa33
reloadAllAccessors: .SequenceToArray

===========================================================================================
----------------- testing Mon Feb 03 07:12:45 UTC 2020 /home/travis/build/icyphy/ptII/ptolemy/domains/sdf/lib/test/auto/SequenceToMatrix.xml
----------------- Instantiating /home/travis/build/icyphy/ptII/ptolemy/domains/sdf/lib/test/auto/SequenceToMatrix.xml
3276 ms. Memory: 155648K Free: 70478K (45%)
----------------- Invoking toplevel() on ptolemy.moml.MoMLSimpleApplication@43710502
----------------- Done invoking toplevel() on ptolemy.moml.MoMLSimpleApplication@43710502
reloadAllAccessors: .SequenceToMatrix

===========================================================================================
----------------- testing Mon Feb 03 07:12:48 UTC 2020 /home/travis/build/icyphy/ptII/ptolemy/domains/sdf/lib/test/auto/SmoothedPeriodogram.xml
----------------- Instantiating /home/travis/build/icyphy/ptII/ptolemy/domains/sdf/lib/test/auto/SmoothedPeriodogram.xml
11 ms. Memory: 155648K Free: 54608K (35%)
----------------- Invoking toplevel() on ptolemy.moml.MoMLSimpleApplication@e27ab33
----------------- Done invoking toplevel() on ptolemy.moml.MoMLSimpleApplication@e27ab33
reloadAllAccessors: .SmoothedPeriodogram

===========================================================================================
----------------- testing Mon Feb 03 07:12:49 UTC 2020 /home/travis/build/icyphy/ptII/ptolemy/domains/sdf/lib/test/auto/UpDownSample1.xml
----------------- Instantiating /home/travis/build/icyphy/ptII/ptolemy/domains/sdf/lib/test/auto/UpDownSample1.xml
2 ms. Memory: 155648K Free: 50512K (32%)
----------------- Invoking toplevel() on ptolemy.moml.MoMLSimpleApplication@7dd6637c
----------------- Done invoking toplevel() on ptolemy.moml.MoMLSimpleApplication@7dd6637c
reloadAllAccessors: .UpDownSample1

===========================================================================================
----------------- testing Mon Feb 03 07:12:49 UTC 2020 /home/travis/build/icyphy/ptII/ptolemy/domains/sdf/lib/test/auto/UpSample1.xml
----------------- Instantiating /home/travis/build/icyphy/ptII/ptolemy/domains/sdf/lib/test/auto/UpSample1.xml
2 ms. Memory: 155648K Free: 138510K (89%)
----------------- Invoking toplevel() on ptolemy.moml.MoMLSimpleApplication@387ddf9a
----------------- Done invoking toplevel() on ptolemy.moml.MoMLSimpleApplication@387ddf9a
reloadAllAccessors: .UpSample1

===========================================================================================
----------------- testing Mon Feb 03 07:12:49 UTC 2020 /home/travis/build/icyphy/ptII/ptolemy/domains/sdf/lib/test/auto/VariableFIR.xml
----------------- Instantiating /home/travis/build/icyphy/ptII/ptolemy/domains/sdf/lib/test/auto/VariableFIR.xml
4 ms. Memory: 155648K Free: 132876K (85%)
----------------- Invoking toplevel() on ptolemy.moml.MoMLSimpleApplication@73c620df
----------------- Done invoking toplevel() on ptolemy.moml.MoMLSimpleApplication@73c620df
reloadAllAccessors: .VariableFIR

===========================================================================================
----------------- testing Mon Feb 03 07:12:49 UTC 2020 /home/travis/build/icyphy/ptII/ptolemy/domains/sdf/lib/test/auto/VariableFIR2.xml
----------------- Instantiating /home/travis/build/icyphy/ptII/ptolemy/domains/sdf/lib/test/auto/VariableFIR2.xml
6 ms. Memory: 155648K Free: 127726K (82%)
----------------- Invoking toplevel() on ptolemy.moml.MoMLSimpleApplication@2fff12d2
----------------- Done invoking toplevel() on ptolemy.moml.MoMLSimpleApplication@2fff12d2
reloadAllAccessors: .VariableFIR2

===========================================================================================
----------------- testing Mon Feb 03 07:12:49 UTC 2020 /home/travis/build/icyphy/ptII/ptolemy/domains/sdf/lib/test/auto/VariableLattice.xml
----------------- Instantiating /home/travis/build/icyphy/ptII/ptolemy/domains/sdf/lib/test/auto/VariableLattice.xml
5 ms. Memory: 155648K Free: 121612K (78%)
----------------- Invoking toplevel() on ptolemy.moml.MoMLSimpleApplication@19739980
----------------- Done invoking toplevel() on ptolemy.moml.MoMLSimpleApplication@19739980
reloadAllAccessors: .VariableLattice

===========================================================================================
----------------- testing Mon Feb 03 07:12:49 UTC 2020 /home/travis/build/icyphy/ptII/ptolemy/domains/sdf/lib/test/auto/VariableLattice2.xml
----------------- Instantiating /home/travis/build/icyphy/ptII/ptolemy/domains/sdf/lib/test/auto/VariableLattice2.xml
1.0
-1.999999602036
1.9099998677481
-0.9099996420674
0.205
0.0
0.0
1.0
-0.25
-0.5
0.0
0.0
0.0
0.0
4 ms. Memory: 155648K Free: 117006K (75%)
----------------- Invoking toplevel() on ptolemy.moml.MoMLSimpleApplication@a0625ab
----------------- Done invoking toplevel() on ptolemy.moml.MoMLSimpleApplication@a0625ab
reloadAllAccessors: .VariableLattice2

===========================================================================================
----------------- testing Mon Feb 03 07:12:49 UTC 2020 /home/travis/build/icyphy/ptII/ptolemy/domains/sdf/lib/test/auto/VariableRecursiveLattice.xml
----------------- Instantiating /home/travis/build/icyphy/ptII/ptolemy/domains/sdf/lib/test/auto/VariableRecursiveLattice.xml
6 ms. Memory: 155648K Free: 112396K (72%)
----------------- Invoking toplevel() on ptolemy.moml.MoMLSimpleApplication@ad43a65
----------------- Done invoking toplevel() on ptolemy.moml.MoMLSimpleApplication@ad43a65
reloadAllAccessors: .VariableRecursiveLattice

===========================================================================================
----------------- testing Mon Feb 03 07:12:49 UTC 2020 /home/travis/build/icyphy/ptII/ptolemy/domains/sdf/lib/test/auto/VariableRecursiveLattice2.xml
----------------- Instantiating /home/travis/build/icyphy/ptII/ptolemy/domains/sdf/lib/test/auto/VariableRecursiveLattice2.xml
2 ms. Memory: 155648K Free: 108300K (70%)
----------------- Invoking toplevel() on ptolemy.moml.MoMLSimpleApplication@5f706f40
----------------- Done invoking toplevel() on ptolemy.moml.MoMLSimpleApplication@5f706f40
reloadAllAccessors: .VariableRecursiveLattice2
AutoTests.java: About to close Vertx.
AutoTests.java: Vertx closed.
]]></system-out>
  <system-err><![CDATA[]]></system-err>
</testsuite>
