<?xml version="1.0" encoding="UTF-8" ?>
<testsuite errors="0" failures="0" hostname="travis-job-0c72b847-72f9-486f-825b-6a7161cebc22" name="ptolemy.domains.sdf.lib.test.junit.JUnitTclTest" skipped="0" tests="82" time="8.906" timestamp="2019-12-24T16:56:54">
  <properties>
[...]
</properties>
  <testcase classname="ptolemy.util.test.junit.TclTests" name="[0] /home/travis/build/icyphy/ptII/ptolemy/domains/sdf/lib/test/ArrayToSequence.tcl (RunTclFile)" time="0.72" />
  <testcase classname="ptolemy.util.test.junit.TclTests" name="[1] /home/travis/build/icyphy/ptII/ptolemy/domains/sdf/lib/test/BitsToInt.tcl (RunTclFile)" time="0.071" />
  <testcase classname="ptolemy.util.test.junit.TclTests" name="[2] /home/travis/build/icyphy/ptII/ptolemy/domains/sdf/lib/test/DelayLine.tcl (RunTclFile)" time="0.024" />
  <testcase classname="ptolemy.util.test.junit.TclTests" name="[3] /home/travis/build/icyphy/ptII/ptolemy/domains/sdf/lib/test/FFT.tcl (RunTclFile)" time="0.019" />
  <testcase classname="ptolemy.util.test.junit.TclTests" name="[4] /home/travis/build/icyphy/ptII/ptolemy/domains/sdf/lib/test/FIR.tcl (RunTclFile)" time="0.261" />
  <testcase classname="ptolemy.util.test.junit.TclTests" name="[5] /home/travis/build/icyphy/ptII/ptolemy/domains/sdf/lib/test/IntToBits.tcl (RunTclFile)" time="0.063" />
  <testcase classname="ptolemy.util.test.junit.TclTests" name="[6] /home/travis/build/icyphy/ptII/ptolemy/domains/sdf/lib/test/MaximumEntropySpectrum.tcl (RunTclFile)" time="0.357" />
  <testcase classname="ptolemy.util.test.junit.TclTests" name="[7] /home/travis/build/icyphy/ptII/ptolemy/domains/sdf/lib/test/Repeat.tcl (RunTclFile)" time="0.049" />
  <testcase classname="ptolemy.util.test.junit.TclTests" name="[8] /home/travis/build/icyphy/ptII/ptolemy/domains/sdf/lib/test/SampleDelay.tcl (RunTclFile)" time="0.123" />
  <testcase classname="ptolemy.util.test.junit.TclTests" name="[9] /home/travis/build/icyphy/ptII/ptolemy/domains/sdf/lib/test/SequenceToArray.tcl (RunTclFile)" time="0.067" />
  <testcase classname="ptolemy.util.test.junit.AutoKnownFailedTests" name="[0] ThereAreNoKnowFailedTests (RunModel)" time="0.003" />
  <testcase classname="ptolemy.util.test.junit.AutoNameArchTests" name="[0] ThereAreNoAutoArchTests (RunModel)" time="0.004" />
  <testcase classname="ptolemy.util.test.junit.AutoTests" name="[0] /home/travis/build/icyphy/ptII/ptolemy/domains/sdf/lib/test/auto/ArrayToSequence.xml (RunModel)" time="0.188" />
  <testcase classname="ptolemy.util.test.junit.AutoTests" name="[1] /home/travis/build/icyphy/ptII/ptolemy/domains/sdf/lib/test/auto/ArrayToSequenceTest.xml (RunModel)" time="0.098" />
  <testcase classname="ptolemy.util.test.junit.AutoTests" name="[2] /home/travis/build/icyphy/ptII/ptolemy/domains/sdf/lib/test/auto/Autocorrelation.xml (RunModel)" time="0.066" />
  <testcase classname="ptolemy.util.test.junit.AutoTests" name="[3] /home/travis/build/icyphy/ptII/ptolemy/domains/sdf/lib/test/auto/Autocorrelation2.xml (RunModel)" time="0.06" />
  <testcase classname="ptolemy.util.test.junit.AutoTests" name="[4] /home/travis/build/icyphy/ptII/ptolemy/domains/sdf/lib/test/auto/Autocorrelation3.xml (RunModel)" time="0.04" />
  <testcase classname="ptolemy.util.test.junit.AutoTests" name="[5] /home/travis/build/icyphy/ptII/ptolemy/domains/sdf/lib/test/auto/Autocorrelation4.xml (RunModel)" time="0.058" />
  <testcase classname="ptolemy.util.test.junit.AutoTests" name="[6] /home/travis/build/icyphy/ptII/ptolemy/domains/sdf/lib/test/auto/Autocorrelation5.xml (RunModel)" time="0.1" />
  <testcase classname="ptolemy.util.test.junit.AutoTests" name="[7] /home/travis/build/icyphy/ptII/ptolemy/domains/sdf/lib/test/auto/BitsToInt.xml (RunModel)" time="0.033" />
  <testcase classname="ptolemy.util.test.junit.AutoTests" name="[8] /home/travis/build/icyphy/ptII/ptolemy/domains/sdf/lib/test/auto/BooleanJoin.xml (RunModel)" time="0.049" />
  <testcase classname="ptolemy.util.test.junit.AutoTests" name="[9] /home/travis/build/icyphy/ptII/ptolemy/domains/sdf/lib/test/auto/BootstrapSampleDelay.xml (RunModel)" time="0.045" />
  <testcase classname="ptolemy.util.test.junit.AutoTests" name="[10] /home/travis/build/icyphy/ptII/ptolemy/domains/sdf/lib/test/auto/Chop.xml (RunModel)" time="0.058" />
  <testcase classname="ptolemy.util.test.junit.AutoTests" name="[11] /home/travis/build/icyphy/ptII/ptolemy/domains/sdf/lib/test/auto/Chop2.xml (RunModel)" time="0.043" />
  <testcase classname="ptolemy.util.test.junit.AutoTests" name="[12] /home/travis/build/icyphy/ptII/ptolemy/domains/sdf/lib/test/auto/ComplexJoin.xml (RunModel)" time="0.031" />
  <testcase classname="ptolemy.util.test.junit.AutoTests" name="[13] /home/travis/build/icyphy/ptII/ptolemy/domains/sdf/lib/test/auto/CountTrues.xml (RunModel)" time="0.037" />
  <testcase classname="ptolemy.util.test.junit.AutoTests" name="[14] /home/travis/build/icyphy/ptII/ptolemy/domains/sdf/lib/test/auto/DelayLine.xml (RunModel)" time="0.047" />
  <testcase classname="ptolemy.util.test.junit.AutoTests" name="[15] /home/travis/build/icyphy/ptII/ptolemy/domains/sdf/lib/test/auto/DotProduct.xml (RunModel)" time="0.03" />
  <testcase classname="ptolemy.util.test.junit.AutoTests" name="[16] /home/travis/build/icyphy/ptII/ptolemy/domains/sdf/lib/test/auto/DotProductMatrix.xml (RunModel)" time="0.021" />
  <testcase classname="ptolemy.util.test.junit.AutoTests" name="[17] /home/travis/build/icyphy/ptII/ptolemy/domains/sdf/lib/test/auto/DownSample1.xml (RunModel)" time="0.022" />
  <testcase classname="ptolemy.util.test.junit.AutoTests" name="[18] /home/travis/build/icyphy/ptII/ptolemy/domains/sdf/lib/test/auto/DynamicRateChange.xml (RunModel)" time="0.037" />
  <testcase classname="ptolemy.util.test.junit.AutoTests" name="[19] /home/travis/build/icyphy/ptII/ptolemy/domains/sdf/lib/test/auto/DynamicRates.xml (RunModel)" time="0.037" />
  <testcase classname="ptolemy.util.test.junit.AutoTests" name="[20] /home/travis/build/icyphy/ptII/ptolemy/domains/sdf/lib/test/auto/FFT1.xml (RunModel)" time="0.04" />
  <testcase classname="ptolemy.util.test.junit.AutoTests" name="[21] /home/travis/build/icyphy/ptII/ptolemy/domains/sdf/lib/test/auto/FIR1.xml (RunModel)" time="0.054" />
  <testcase classname="ptolemy.util.test.junit.AutoTests" name="[22] /home/travis/build/icyphy/ptII/ptolemy/domains/sdf/lib/test/auto/FIR2.xml (RunModel)" time="0.024" />
  <testcase classname="ptolemy.util.test.junit.AutoTests" name="[23] /home/travis/build/icyphy/ptII/ptolemy/domains/sdf/lib/test/auto/FIR4.xml (RunModel)" time="0.042" />
  <testcase classname="ptolemy.util.test.junit.AutoTests" name="[24] /home/travis/build/icyphy/ptII/ptolemy/domains/sdf/lib/test/auto/FixJoin.xml (RunModel)" time="0.026" />
  <testcase classname="ptolemy.util.test.junit.AutoTests" name="[25] /home/travis/build/icyphy/ptII/ptolemy/domains/sdf/lib/test/auto/IntJoin1.xml (RunModel)" time="0.033" />
  <testcase classname="ptolemy.util.test.junit.AutoTests" name="[26] /home/travis/build/icyphy/ptII/ptolemy/domains/sdf/lib/test/auto/IntJoin2.xml (RunModel)" time="0.026" />
  <testcase classname="ptolemy.util.test.junit.AutoTests" name="[27] /home/travis/build/icyphy/ptII/ptolemy/domains/sdf/lib/test/auto/IntJoin3.xml (RunModel)" time="0.028" />
  <testcase classname="ptolemy.util.test.junit.AutoTests" name="[28] /home/travis/build/icyphy/ptII/ptolemy/domains/sdf/lib/test/auto/IntJoin4.xml (RunModel)" time="0.032" />
  <testcase classname="ptolemy.util.test.junit.AutoTests" name="[29] /home/travis/build/icyphy/ptII/ptolemy/domains/sdf/lib/test/auto/IntJoin5.xml (RunModel)" time="0.02" />
  <testcase classname="ptolemy.util.test.junit.AutoTests" name="[30] /home/travis/build/icyphy/ptII/ptolemy/domains/sdf/lib/test/auto/IntToBits.xml (RunModel)" time="0.043" />
  <testcase classname="ptolemy.util.test.junit.AutoTests" name="[31] /home/travis/build/icyphy/ptII/ptolemy/domains/sdf/lib/test/auto/LMSAdaptive.xml (RunModel)" time="0.044" />
  <testcase classname="ptolemy.util.test.junit.AutoTests" name="[32] /home/travis/build/icyphy/ptII/ptolemy/domains/sdf/lib/test/auto/LMSAdaptiveFIR.xml (RunModel)" time="0.404" />
  <testcase classname="ptolemy.util.test.junit.AutoTests" name="[33] /home/travis/build/icyphy/ptII/ptolemy/domains/sdf/lib/test/auto/LMSAdaptiveFIR2.xml (RunModel)" time="0.535" />
  <testcase classname="ptolemy.util.test.junit.AutoTests" name="[34] /home/travis/build/icyphy/ptII/ptolemy/domains/sdf/lib/test/auto/LongJoin.xml (RunModel)" time="0.038" />
  <testcase classname="ptolemy.util.test.junit.AutoTests" name="[35] /home/travis/build/icyphy/ptII/ptolemy/domains/sdf/lib/test/auto/Matrix1.xml (RunModel)" time="0.025" />
  <testcase classname="ptolemy.util.test.junit.AutoTests" name="[36] /home/travis/build/icyphy/ptII/ptolemy/domains/sdf/lib/test/auto/Matrix2.xml (RunModel)" time="0.021" />
  <testcase classname="ptolemy.util.test.junit.AutoTests" name="[37] /home/travis/build/icyphy/ptII/ptolemy/domains/sdf/lib/test/auto/MatrixJoin1.xml (RunModel)" time="0.033" />
  <testcase classname="ptolemy.util.test.junit.AutoTests" name="[38] /home/travis/build/icyphy/ptII/ptolemy/domains/sdf/lib/test/auto/MatrixJoin2.xml (RunModel)" time="0.034" />
  <testcase classname="ptolemy.util.test.junit.AutoTests" name="[39] /home/travis/build/icyphy/ptII/ptolemy/domains/sdf/lib/test/auto/MatrixJoin3.xml (RunModel)" time="0.028" />
  <testcase classname="ptolemy.util.test.junit.AutoTests" name="[40] /home/travis/build/icyphy/ptII/ptolemy/domains/sdf/lib/test/auto/MatrixJoin4.xml (RunModel)" time="0.024" />
  <testcase classname="ptolemy.util.test.junit.AutoTests" name="[41] /home/travis/build/icyphy/ptII/ptolemy/domains/sdf/lib/test/auto/MatrixJoin5.xml (RunModel)" time="0.02" />
  <testcase classname="ptolemy.util.test.junit.AutoTests" name="[42] /home/travis/build/icyphy/ptII/ptolemy/domains/sdf/lib/test/auto/MatrixSplit1.xml (RunModel)" time="0.026" />
  <testcase classname="ptolemy.util.test.junit.AutoTests" name="[43] /home/travis/build/icyphy/ptII/ptolemy/domains/sdf/lib/test/auto/MatrixSplit10.xml (RunModel)" time="0.017" />
  <testcase classname="ptolemy.util.test.junit.AutoTests" name="[44] /home/travis/build/icyphy/ptII/ptolemy/domains/sdf/lib/test/auto/MatrixSplit11.xml (RunModel)" time="0.015" />
  <testcase classname="ptolemy.util.test.junit.AutoTests" name="[45] /home/travis/build/icyphy/ptII/ptolemy/domains/sdf/lib/test/auto/MatrixSplit12.xml (RunModel)" time="0.015" />
  <testcase classname="ptolemy.util.test.junit.AutoTests" name="[46] /home/travis/build/icyphy/ptII/ptolemy/domains/sdf/lib/test/auto/MatrixSplit13.xml (RunModel)" time="0.048" />
  <testcase classname="ptolemy.util.test.junit.AutoTests" name="[47] /home/travis/build/icyphy/ptII/ptolemy/domains/sdf/lib/test/auto/MatrixSplit14.xml (RunModel)" time="0.013" />
  <testcase classname="ptolemy.util.test.junit.AutoTests" name="[48] /home/travis/build/icyphy/ptII/ptolemy/domains/sdf/lib/test/auto/MatrixSplit2.xml (RunModel)" time="0.013" />
  <testcase classname="ptolemy.util.test.junit.AutoTests" name="[49] /home/travis/build/icyphy/ptII/ptolemy/domains/sdf/lib/test/auto/MatrixSplit3.xml (RunModel)" time="0.015" />
  <testcase classname="ptolemy.util.test.junit.AutoTests" name="[50] /home/travis/build/icyphy/ptII/ptolemy/domains/sdf/lib/test/auto/MatrixSplit4.xml (RunModel)" time="0.018" />
  <testcase classname="ptolemy.util.test.junit.AutoTests" name="[51] /home/travis/build/icyphy/ptII/ptolemy/domains/sdf/lib/test/auto/MatrixSplit5.xml (RunModel)" time="0.017" />
  <testcase classname="ptolemy.util.test.junit.AutoTests" name="[52] /home/travis/build/icyphy/ptII/ptolemy/domains/sdf/lib/test/auto/MatrixSplit6.xml (RunModel)" time="0.023" />
  <testcase classname="ptolemy.util.test.junit.AutoTests" name="[53] /home/travis/build/icyphy/ptII/ptolemy/domains/sdf/lib/test/auto/MatrixSplit7.xml (RunModel)" time="0.014" />
  <testcase classname="ptolemy.util.test.junit.AutoTests" name="[54] /home/travis/build/icyphy/ptII/ptolemy/domains/sdf/lib/test/auto/MatrixSplit8.xml (RunModel)" time="0.014" />
  <testcase classname="ptolemy.util.test.junit.AutoTests" name="[55] /home/travis/build/icyphy/ptII/ptolemy/domains/sdf/lib/test/auto/MatrixSplit9.xml (RunModel)" time="0.029" />
  <testcase classname="ptolemy.util.test.junit.AutoTests" name="[56] /home/travis/build/icyphy/ptII/ptolemy/domains/sdf/lib/test/auto/MatrixToSequence.xml (RunModel)" time="0.044" />
  <testcase classname="ptolemy.util.test.junit.AutoTests" name="[57] /home/travis/build/icyphy/ptII/ptolemy/domains/sdf/lib/test/auto/MaximumEntropySpectrum.xml (RunModel)" time="0.102" />
  <testcase classname="ptolemy.util.test.junit.AutoTests" name="[58] /home/travis/build/icyphy/ptII/ptolemy/domains/sdf/lib/test/auto/SampleDelayConversion.xml (RunModel)" time="0.018" />
  <testcase classname="ptolemy.util.test.junit.AutoTests" name="[59] /home/travis/build/icyphy/ptII/ptolemy/domains/sdf/lib/test/auto/SequenceToArray.xml (RunModel)" time="0.039" />
  <testcase classname="ptolemy.util.test.junit.AutoTests" name="[60] /home/travis/build/icyphy/ptII/ptolemy/domains/sdf/lib/test/auto/SequenceToMatrix.xml (RunModel)" time="3.095" />
  <testcase classname="ptolemy.util.test.junit.AutoTests" name="[61] /home/travis/build/icyphy/ptII/ptolemy/domains/sdf/lib/test/auto/SmoothedPeriodogram.xml (RunModel)" time="0.074" />
  <testcase classname="ptolemy.util.test.junit.AutoTests" name="[62] /home/travis/build/icyphy/ptII/ptolemy/domains/sdf/lib/test/auto/UpDownSample1.xml (RunModel)" time="0.013" />
  <testcase classname="ptolemy.util.test.junit.AutoTests" name="[63] /home/travis/build/icyphy/ptII/ptolemy/domains/sdf/lib/test/auto/UpSample1.xml (RunModel)" time="0.01" />
  <testcase classname="ptolemy.util.test.junit.AutoTests" name="[64] /home/travis/build/icyphy/ptII/ptolemy/domains/sdf/lib/test/auto/VariableFIR.xml (RunModel)" time="0.019" />
  <testcase classname="ptolemy.util.test.junit.AutoTests" name="[65] /home/travis/build/icyphy/ptII/ptolemy/domains/sdf/lib/test/auto/VariableFIR2.xml (RunModel)" time="0.019" />
  <testcase classname="ptolemy.util.test.junit.AutoTests" name="[66] /home/travis/build/icyphy/ptII/ptolemy/domains/sdf/lib/test/auto/VariableLattice.xml (RunModel)" time="0.027" />
  <testcase classname="ptolemy.util.test.junit.AutoTests" name="[67] /home/travis/build/icyphy/ptII/ptolemy/domains/sdf/lib/test/auto/VariableLattice2.xml (RunModel)" time="0.018" />
  <testcase classname="ptolemy.util.test.junit.AutoTests" name="[68] /home/travis/build/icyphy/ptII/ptolemy/domains/sdf/lib/test/auto/VariableRecursiveLattice.xml (RunModel)" time="0.017" />
  <testcase classname="ptolemy.util.test.junit.AutoTests" name="[69] /home/travis/build/icyphy/ptII/ptolemy/domains/sdf/lib/test/auto/VariableRecursiveLattice2.xml (RunModel)" time="0.013" />
  <system-out><![CDATA[/home/travis/build/icyphy/ptII/ptolemy/domains/sdf/lib/test/ArrayToSequence.tcl
testDefs.tcl: setting time out to 9000 seconds at Tue Dec 24 16:56:54 UTC 2019
106 ms. Memory: 129024K Free: 95175K (74%)
20 ms. Memory: 129024K Free: 93127K (72%)
29 ms. Memory: 129024K Free: 91079K (71%)
17 ms. Memory: 129024K Free: 89541K (69%)
/home/travis/build/icyphy/ptII/ptolemy/domains/sdf/lib/test/BitsToInt.tcl
16 ms. Memory: 129024K Free: 88007K (68%)
21 ms. Memory: 129024K Free: 85959K (67%)
/home/travis/build/icyphy/ptII/ptolemy/domains/sdf/lib/test/DelayLine.tcl
8 ms. Memory: 129024K Free: 84415K (65%)
/home/travis/build/icyphy/ptII/ptolemy/domains/sdf/lib/test/FFT.tcl
6 ms. Memory: 129024K Free: 82373K (64%)
/home/travis/build/icyphy/ptII/ptolemy/domains/sdf/lib/test/FIR.tcl
17 ms. Memory: 129024K Free: 80839K (63%)
130 ms. Memory: 129024K Free: 76229K (59%)
ptolemy.kernel.util.IllegalActionException: multiplyReverse method not supported between ptolemy.data.FixToken 'fix(-0.0625,6,2)' and ptolemy.data.IntToken '1' because the types are incomparable.
  in .top.FIRclone
Because:
multiplyReverse method not supported between ptolemy.data.FixToken 'fix(-0.0625,6,2)' and ptolemy.data.IntToken '1' because the types are incomparable.
45 ms. Memory: 129024K Free: 74181K (57%)
/home/travis/build/icyphy/ptII/ptolemy/domains/sdf/lib/test/IntToBits.tcl
17 ms. Memory: 129024K Free: 72647K (56%)
6 ms. Memory: 129024K Free: 71103K (55%)
/home/travis/build/icyphy/ptII/ptolemy/domains/sdf/lib/test/MaximumEntropySpectrum.tcl
/home/travis/build/icyphy/ptII/ptolemy/domains/sdf/lib/test/Repeat.tcl
8 ms. Memory: 129024K Free: 49599K (38%)
/home/travis/build/icyphy/ptII/ptolemy/domains/sdf/lib/test/SampleDelay.tcl
11 ms. Memory: 129024K Free: 114262K (89%)
11 ms. Memory: 129024K Free: 113254K (88%)
13 ms. Memory: 129024K Free: 112734K (87%)
4 ms. Memory: 129024K Free: 111729K (87%)
9 ms. Memory: 129024K Free: 111176K (86%)
8 ms. Memory: 129024K Free: 110686K (86%)
/home/travis/build/icyphy/ptII/ptolemy/domains/sdf/lib/test/SequenceToArray.tcl
13 ms. Memory: 129024K Free: 109139K (85%)
9 ms. Memory: 129024K Free: 108118K (84%)
13 ms. Memory: 129024K Free: 106590K (83%)
7 ms. Memory: 129024K Free: 105574K (82%)
12/24/19 04:56:56
Failed: 0  Total Tests: 41  ((Passed: 41, Newly Passed: 0)  Known Failed: 0) /home/travis/build/icyphy/ptII/ptolemy/domains/sdf/lib/test
No auto/knownFailedTests/*.xml tests in /home/travis/build/icyphy/ptII/ptolemy/domains/sdf/lib/test
No auto/linux-amd64/*.xml tests in /home/travis/build/icyphy/ptII/ptolemy/domains/sdf/lib/test
AutoTests.java: About to close Vertx.
AutoTests.java: Vertx closed.

===========================================================================================
----------------- testing Tue Dec 24 16:56:57 UTC 2019 /home/travis/build/icyphy/ptII/ptolemy/domains/sdf/lib/test/auto/ArrayToSequence.xml
----------------- Instantiating /home/travis/build/icyphy/ptII/ptolemy/domains/sdf/lib/test/auto/ArrayToSequence.xml
43 ms. Memory: 129024K Free: 93990K (73%)
----------------- Invoking toplevel() on ptolemy.moml.MoMLSimpleApplication@5a9cfa38
----------------- Done invoking toplevel() on ptolemy.moml.MoMLSimpleApplication@5a9cfa38
reloadAllAccessors: .ArrayToSequence

===========================================================================================
----------------- testing Tue Dec 24 16:56:57 UTC 2019 /home/travis/build/icyphy/ptII/ptolemy/domains/sdf/lib/test/auto/ArrayToSequenceTest.xml
----------------- Instantiating /home/travis/build/icyphy/ptII/ptolemy/domains/sdf/lib/test/auto/ArrayToSequenceTest.xml
14 ms. Memory: 129024K Free: 87628K (68%)
----------------- Invoking toplevel() on ptolemy.moml.MoMLSimpleApplication@f8207ee
----------------- Done invoking toplevel() on ptolemy.moml.MoMLSimpleApplication@f8207ee
reloadAllAccessors: .ArrayToSequenceTest

===========================================================================================
----------------- testing Tue Dec 24 16:56:57 UTC 2019 /home/travis/build/icyphy/ptII/ptolemy/domains/sdf/lib/test/auto/Autocorrelation.xml
----------------- Instantiating /home/travis/build/icyphy/ptII/ptolemy/domains/sdf/lib/test/auto/Autocorrelation.xml
5 ms. Memory: 129024K Free: 83470K (65%)
----------------- Invoking toplevel() on ptolemy.moml.MoMLSimpleApplication@195aa5eb
----------------- Done invoking toplevel() on ptolemy.moml.MoMLSimpleApplication@195aa5eb
reloadAllAccessors: .Autocorrelation

===========================================================================================
----------------- testing Tue Dec 24 16:56:57 UTC 2019 /home/travis/build/icyphy/ptII/ptolemy/domains/sdf/lib/test/auto/Autocorrelation2.xml
----------------- Instantiating /home/travis/build/icyphy/ptII/ptolemy/domains/sdf/lib/test/auto/Autocorrelation2.xml
8 ms. Memory: 129024K Free: 111304K (86%)
----------------- Invoking toplevel() on ptolemy.moml.MoMLSimpleApplication@1c1f6b98
----------------- Done invoking toplevel() on ptolemy.moml.MoMLSimpleApplication@1c1f6b98
reloadAllAccessors: .Autocorrelation2

===========================================================================================
----------------- testing Tue Dec 24 16:56:57 UTC 2019 /home/travis/build/icyphy/ptII/ptolemy/domains/sdf/lib/test/auto/Autocorrelation3.xml
----------------- Instantiating /home/travis/build/icyphy/ptII/ptolemy/domains/sdf/lib/test/auto/Autocorrelation3.xml
3 ms. Memory: 129024K Free: 107272K (83%)
----------------- Invoking toplevel() on ptolemy.moml.MoMLSimpleApplication@6093b16
----------------- Done invoking toplevel() on ptolemy.moml.MoMLSimpleApplication@6093b16
reloadAllAccessors: .Autocorrelation3

===========================================================================================
----------------- testing Tue Dec 24 16:56:57 UTC 2019 /home/travis/build/icyphy/ptII/ptolemy/domains/sdf/lib/test/auto/Autocorrelation4.xml
----------------- Instantiating /home/travis/build/icyphy/ptII/ptolemy/domains/sdf/lib/test/auto/Autocorrelation4.xml
11 ms. Memory: 129024K Free: 103168K (80%)
----------------- Invoking toplevel() on ptolemy.moml.MoMLSimpleApplication@757b76d2
----------------- Done invoking toplevel() on ptolemy.moml.MoMLSimpleApplication@757b76d2
reloadAllAccessors: .Autocorrelation4

===========================================================================================
----------------- testing Tue Dec 24 16:56:57 UTC 2019 /home/travis/build/icyphy/ptII/ptolemy/domains/sdf/lib/test/auto/Autocorrelation5.xml
----------------- Instantiating /home/travis/build/icyphy/ptII/ptolemy/domains/sdf/lib/test/auto/Autocorrelation5.xml
32 ms. Memory: 129024K Free: 95628K (74%)
----------------- Invoking toplevel() on ptolemy.moml.MoMLSimpleApplication@5e54767c
----------------- Done invoking toplevel() on ptolemy.moml.MoMLSimpleApplication@5e54767c
reloadAllAccessors: .Autocorrelation5

===========================================================================================
----------------- testing Tue Dec 24 16:56:57 UTC 2019 /home/travis/build/icyphy/ptII/ptolemy/domains/sdf/lib/test/auto/BitsToInt.xml
----------------- Instantiating /home/travis/build/icyphy/ptII/ptolemy/domains/sdf/lib/test/auto/BitsToInt.xml
2 ms. Memory: 129024K Free: 92556K (72%)
----------------- Invoking toplevel() on ptolemy.moml.MoMLSimpleApplication@f3f39a8
----------------- Done invoking toplevel() on ptolemy.moml.MoMLSimpleApplication@f3f39a8
reloadAllAccessors: .BitsToInt

===========================================================================================
----------------- testing Tue Dec 24 16:56:57 UTC 2019 /home/travis/build/icyphy/ptII/ptolemy/domains/sdf/lib/test/auto/BooleanJoin.xml
----------------- Instantiating /home/travis/build/icyphy/ptII/ptolemy/domains/sdf/lib/test/auto/BooleanJoin.xml
10 ms. Memory: 129024K Free: 88467K (69%)
----------------- Invoking toplevel() on ptolemy.moml.MoMLSimpleApplication@444dc695
----------------- Done invoking toplevel() on ptolemy.moml.MoMLSimpleApplication@444dc695
reloadAllAccessors: .BooleanJoin

===========================================================================================
----------------- testing Tue Dec 24 16:56:57 UTC 2019 /home/travis/build/icyphy/ptII/ptolemy/domains/sdf/lib/test/auto/BootstrapSampleDelay.xml
----------------- Instantiating /home/travis/build/icyphy/ptII/ptolemy/domains/sdf/lib/test/auto/BootstrapSampleDelay.xml
16 ms. Memory: 129024K Free: 84025K (65%)
----------------- Invoking toplevel() on ptolemy.moml.MoMLSimpleApplication@1454876e
----------------- Done invoking toplevel() on ptolemy.moml.MoMLSimpleApplication@1454876e
reloadAllAccessors: .BootstrapSampleDelay

===========================================================================================
----------------- testing Tue Dec 24 16:56:57 UTC 2019 /home/travis/build/icyphy/ptII/ptolemy/domains/sdf/lib/test/auto/Chop.xml
----------------- Instantiating /home/travis/build/icyphy/ptII/ptolemy/domains/sdf/lib/test/auto/Chop.xml
7 ms. Memory: 129024K Free: 76809K (60%)
----------------- Invoking toplevel() on ptolemy.moml.MoMLSimpleApplication@7ad694ea
----------------- Done invoking toplevel() on ptolemy.moml.MoMLSimpleApplication@7ad694ea
reloadAllAccessors: .Chop

===========================================================================================
----------------- testing Tue Dec 24 16:56:57 UTC 2019 /home/travis/build/icyphy/ptII/ptolemy/domains/sdf/lib/test/auto/Chop2.xml
----------------- Instantiating /home/travis/build/icyphy/ptII/ptolemy/domains/sdf/lib/test/auto/Chop2.xml
13 ms. Memory: 129024K Free: 70344K (55%)
----------------- Invoking toplevel() on ptolemy.moml.MoMLSimpleApplication@23c2dbdf
----------------- Done invoking toplevel() on ptolemy.moml.MoMLSimpleApplication@23c2dbdf
reloadAllAccessors: .Chop2

===========================================================================================
----------------- testing Tue Dec 24 16:56:57 UTC 2019 /home/travis/build/icyphy/ptII/ptolemy/domains/sdf/lib/test/auto/ComplexJoin.xml
----------------- Instantiating /home/travis/build/icyphy/ptII/ptolemy/domains/sdf/lib/test/auto/ComplexJoin.xml
3 ms. Memory: 129024K Free: 111109K (86%)
----------------- Invoking toplevel() on ptolemy.moml.MoMLSimpleApplication@508c0a22
----------------- Done invoking toplevel() on ptolemy.moml.MoMLSimpleApplication@508c0a22
reloadAllAccessors: .ComplexJoin

===========================================================================================
----------------- testing Tue Dec 24 16:56:57 UTC 2019 /home/travis/build/icyphy/ptII/ptolemy/domains/sdf/lib/test/auto/CountTrues.xml
----------------- Instantiating /home/travis/build/icyphy/ptII/ptolemy/domains/sdf/lib/test/auto/CountTrues.xml
5 ms. Memory: 129024K Free: 107429K (83%)
----------------- Invoking toplevel() on ptolemy.moml.MoMLSimpleApplication@52e7cf24
----------------- Done invoking toplevel() on ptolemy.moml.MoMLSimpleApplication@52e7cf24
reloadAllAccessors: .CountTrues

===========================================================================================
----------------- testing Tue Dec 24 16:56:57 UTC 2019 /home/travis/build/icyphy/ptII/ptolemy/domains/sdf/lib/test/auto/DelayLine.xml
----------------- Instantiating /home/travis/build/icyphy/ptII/ptolemy/domains/sdf/lib/test/auto/DelayLine.xml
9 ms. Memory: 129024K Free: 102323K (79%)
----------------- Invoking toplevel() on ptolemy.moml.MoMLSimpleApplication@23c70293
----------------- Done invoking toplevel() on ptolemy.moml.MoMLSimpleApplication@23c70293
reloadAllAccessors: .DelayLine

===========================================================================================
----------------- testing Tue Dec 24 16:56:58 UTC 2019 /home/travis/build/icyphy/ptII/ptolemy/domains/sdf/lib/test/auto/DotProduct.xml
----------------- Instantiating /home/travis/build/icyphy/ptII/ptolemy/domains/sdf/lib/test/auto/DotProduct.xml
4 ms. Memory: 129024K Free: 99229K (77%)
----------------- Invoking toplevel() on ptolemy.moml.MoMLSimpleApplication@19bbcef2
----------------- Done invoking toplevel() on ptolemy.moml.MoMLSimpleApplication@19bbcef2
reloadAllAccessors: .DotProduct

===========================================================================================
----------------- testing Tue Dec 24 16:56:58 UTC 2019 /home/travis/build/icyphy/ptII/ptolemy/domains/sdf/lib/test/auto/DotProductMatrix.xml
----------------- Instantiating /home/travis/build/icyphy/ptII/ptolemy/domains/sdf/lib/test/auto/DotProductMatrix.xml
5 ms. Memory: 129024K Free: 96157K (75%)
----------------- Invoking toplevel() on ptolemy.moml.MoMLSimpleApplication@1320745b
----------------- Done invoking toplevel() on ptolemy.moml.MoMLSimpleApplication@1320745b
reloadAllAccessors: .DotProductMatrix

===========================================================================================
----------------- testing Tue Dec 24 16:56:58 UTC 2019 /home/travis/build/icyphy/ptII/ptolemy/domains/sdf/lib/test/auto/DownSample1.xml
----------------- Instantiating /home/travis/build/icyphy/ptII/ptolemy/domains/sdf/lib/test/auto/DownSample1.xml
4 ms. Memory: 129024K Free: 93077K (72%)
----------------- Invoking toplevel() on ptolemy.moml.MoMLSimpleApplication@268f4188
----------------- Done invoking toplevel() on ptolemy.moml.MoMLSimpleApplication@268f4188
reloadAllAccessors: .DownSample1

===========================================================================================
----------------- testing Tue Dec 24 16:56:58 UTC 2019 /home/travis/build/icyphy/ptII/ptolemy/domains/sdf/lib/test/auto/DynamicRateChange.xml
----------------- Instantiating /home/travis/build/icyphy/ptII/ptolemy/domains/sdf/lib/test/auto/DynamicRateChange.xml
14 ms. Memory: 129024K Free: 86963K (67%)
----------------- Invoking toplevel() on ptolemy.moml.MoMLSimpleApplication@478fd1f6
----------------- Done invoking toplevel() on ptolemy.moml.MoMLSimpleApplication@478fd1f6
reloadAllAccessors: .DynamicRateChange

===========================================================================================
----------------- testing Tue Dec 24 16:56:58 UTC 2019 /home/travis/build/icyphy/ptII/ptolemy/domains/sdf/lib/test/auto/DynamicRates.xml
----------------- Instantiating /home/travis/build/icyphy/ptII/ptolemy/domains/sdf/lib/test/auto/DynamicRates.xml
9 ms. Memory: 129024K Free: 82275K (64%)
----------------- Invoking toplevel() on ptolemy.moml.MoMLSimpleApplication@16722ce8
----------------- Done invoking toplevel() on ptolemy.moml.MoMLSimpleApplication@16722ce8
reloadAllAccessors: .DynamicRates

===========================================================================================
----------------- testing Tue Dec 24 16:56:58 UTC 2019 /home/travis/build/icyphy/ptII/ptolemy/domains/sdf/lib/test/auto/FFT1.xml
----------------- Instantiating /home/travis/build/icyphy/ptII/ptolemy/domains/sdf/lib/test/auto/FFT1.xml
12 ms. Memory: 129024K Free: 77317K (60%)
----------------- Invoking toplevel() on ptolemy.moml.MoMLSimpleApplication@3b3d1661
----------------- Done invoking toplevel() on ptolemy.moml.MoMLSimpleApplication@3b3d1661
reloadAllAccessors: .FFT1

===========================================================================================
----------------- testing Tue Dec 24 16:56:58 UTC 2019 /home/travis/build/icyphy/ptII/ptolemy/domains/sdf/lib/test/auto/FIR1.xml
----------------- Instantiating /home/travis/build/icyphy/ptII/ptolemy/domains/sdf/lib/test/auto/FIR1.xml
19 ms. Memory: 129024K Free: 70579K (55%)
----------------- Invoking toplevel() on ptolemy.moml.MoMLSimpleApplication@608cfeb6
----------------- Done invoking toplevel() on ptolemy.moml.MoMLSimpleApplication@608cfeb6
reloadAllAccessors: .FIR1

===========================================================================================
----------------- testing Tue Dec 24 16:56:58 UTC 2019 /home/travis/build/icyphy/ptII/ptolemy/domains/sdf/lib/test/auto/FIR2.xml
----------------- Instantiating /home/travis/build/icyphy/ptII/ptolemy/domains/sdf/lib/test/auto/FIR2.xml
2 ms. Memory: 129024K Free: 66475K (52%)
----------------- Invoking toplevel() on ptolemy.moml.MoMLSimpleApplication@37b56f31
----------------- Done invoking toplevel() on ptolemy.moml.MoMLSimpleApplication@37b56f31
reloadAllAccessors: .FIR2

===========================================================================================
----------------- testing Tue Dec 24 16:56:58 UTC 2019 /home/travis/build/icyphy/ptII/ptolemy/domains/sdf/lib/test/auto/FIR4.xml
----------------- Instantiating /home/travis/build/icyphy/ptII/ptolemy/domains/sdf/lib/test/auto/FIR4.xml
9 ms. Memory: 129024K Free: 58855K (46%)
----------------- Invoking toplevel() on ptolemy.moml.MoMLSimpleApplication@21540c2e
----------------- Done invoking toplevel() on ptolemy.moml.MoMLSimpleApplication@21540c2e
reloadAllAccessors: .FIR4

===========================================================================================
----------------- testing Tue Dec 24 16:56:58 UTC 2019 /home/travis/build/icyphy/ptII/ptolemy/domains/sdf/lib/test/auto/FixJoin.xml
----------------- Instantiating /home/travis/build/icyphy/ptII/ptolemy/domains/sdf/lib/test/auto/FixJoin.xml
3 ms. Memory: 129024K Free: 54627K (42%)
----------------- Invoking toplevel() on ptolemy.moml.MoMLSimpleApplication@1e0881b8
----------------- Done invoking toplevel() on ptolemy.moml.MoMLSimpleApplication@1e0881b8
reloadAllAccessors: .FixJoin

===========================================================================================
----------------- testing Tue Dec 24 16:56:58 UTC 2019 /home/travis/build/icyphy/ptII/ptolemy/domains/sdf/lib/test/auto/IntJoin1.xml
----------------- Instantiating /home/travis/build/icyphy/ptII/ptolemy/domains/sdf/lib/test/auto/IntJoin1.xml
3 ms. Memory: 129024K Free: 50091K (39%)
----------------- Invoking toplevel() on ptolemy.moml.MoMLSimpleApplication@7fb5017a
----------------- Done invoking toplevel() on ptolemy.moml.MoMLSimpleApplication@7fb5017a
reloadAllAccessors: .IntJoin1

===========================================================================================
----------------- testing Tue Dec 24 16:56:58 UTC 2019 /home/travis/build/icyphy/ptII/ptolemy/domains/sdf/lib/test/auto/IntJoin2.xml
----------------- Instantiating /home/travis/build/icyphy/ptII/ptolemy/domains/sdf/lib/test/auto/IntJoin2.xml
4 ms. Memory: 129024K Free: 109970K (85%)
----------------- Invoking toplevel() on ptolemy.moml.MoMLSimpleApplication@2f47491
----------------- Done invoking toplevel() on ptolemy.moml.MoMLSimpleApplication@2f47491
reloadAllAccessors: .IntJoin2

===========================================================================================
----------------- testing Tue Dec 24 16:56:58 UTC 2019 /home/travis/build/icyphy/ptII/ptolemy/domains/sdf/lib/test/auto/IntJoin3.xml
----------------- Instantiating /home/travis/build/icyphy/ptII/ptolemy/domains/sdf/lib/test/auto/IntJoin3.xml
5 ms. Memory: 129024K Free: 105198K (82%)
----------------- Invoking toplevel() on ptolemy.moml.MoMLSimpleApplication@7a2b59eb
----------------- Done invoking toplevel() on ptolemy.moml.MoMLSimpleApplication@7a2b59eb
reloadAllAccessors: .IntJoin3

===========================================================================================
----------------- testing Tue Dec 24 16:56:58 UTC 2019 /home/travis/build/icyphy/ptII/ptolemy/domains/sdf/lib/test/auto/IntJoin4.xml
----------------- Instantiating /home/travis/build/icyphy/ptII/ptolemy/domains/sdf/lib/test/auto/IntJoin4.xml
6 ms. Memory: 129024K Free: 101173K (78%)
----------------- Invoking toplevel() on ptolemy.moml.MoMLSimpleApplication@4ff3541d
----------------- Done invoking toplevel() on ptolemy.moml.MoMLSimpleApplication@4ff3541d
reloadAllAccessors: .IntJoin4

===========================================================================================
----------------- testing Tue Dec 24 16:56:58 UTC 2019 /home/travis/build/icyphy/ptII/ptolemy/domains/sdf/lib/test/auto/IntJoin5.xml
----------------- Instantiating /home/travis/build/icyphy/ptII/ptolemy/domains/sdf/lib/test/auto/IntJoin5.xml
4 ms. Memory: 129024K Free: 96551K (75%)
----------------- Invoking toplevel() on ptolemy.moml.MoMLSimpleApplication@6c1e73c9
----------------- Done invoking toplevel() on ptolemy.moml.MoMLSimpleApplication@6c1e73c9
reloadAllAccessors: .IntJoin5

===========================================================================================
----------------- testing Tue Dec 24 16:56:58 UTC 2019 /home/travis/build/icyphy/ptII/ptolemy/domains/sdf/lib/test/auto/IntToBits.xml
----------------- Instantiating /home/travis/build/icyphy/ptII/ptolemy/domains/sdf/lib/test/auto/IntToBits.xml
3 ms. Memory: 129024K Free: 93586K (73%)
----------------- Invoking toplevel() on ptolemy.moml.MoMLSimpleApplication@2d03fb93
----------------- Done invoking toplevel() on ptolemy.moml.MoMLSimpleApplication@2d03fb93
reloadAllAccessors: .IntToBits

===========================================================================================
----------------- testing Tue Dec 24 16:56:58 UTC 2019 /home/travis/build/icyphy/ptII/ptolemy/domains/sdf/lib/test/auto/LMSAdaptive.xml
----------------- Instantiating /home/travis/build/icyphy/ptII/ptolemy/domains/sdf/lib/test/auto/LMSAdaptive.xml
8 ms. Memory: 129024K Free: 84827K (66%)
----------------- Invoking toplevel() on ptolemy.moml.MoMLSimpleApplication@756e7910
----------------- Done invoking toplevel() on ptolemy.moml.MoMLSimpleApplication@756e7910
reloadAllAccessors: .LMSAdaptive

===========================================================================================
----------------- testing Tue Dec 24 16:56:58 UTC 2019 /home/travis/build/icyphy/ptII/ptolemy/domains/sdf/lib/test/auto/LMSAdaptiveFIR.xml
----------------- Instantiating /home/travis/build/icyphy/ptII/ptolemy/domains/sdf/lib/test/auto/LMSAdaptiveFIR.xml
292 ms. Memory: 129024K Free: 50011K (39%)
----------------- Invoking toplevel() on ptolemy.moml.MoMLSimpleApplication@68953481
----------------- Done invoking toplevel() on ptolemy.moml.MoMLSimpleApplication@68953481
reloadAllAccessors: .LMSAdaptiveFIR

===========================================================================================
----------------- testing Tue Dec 24 16:56:59 UTC 2019 /home/travis/build/icyphy/ptII/ptolemy/domains/sdf/lib/test/auto/LMSAdaptiveFIR2.xml
----------------- Instantiating /home/travis/build/icyphy/ptII/ptolemy/domains/sdf/lib/test/auto/LMSAdaptiveFIR2.xml
411 ms. Memory: 129024K Free: 59939K (46%)
----------------- Invoking toplevel() on ptolemy.moml.MoMLSimpleApplication@22b78940
----------------- Done invoking toplevel() on ptolemy.moml.MoMLSimpleApplication@22b78940
reloadAllAccessors: .LMSAdaptiveFIR2

===========================================================================================
----------------- testing Tue Dec 24 16:56:59 UTC 2019 /home/travis/build/icyphy/ptII/ptolemy/domains/sdf/lib/test/auto/LongJoin.xml
----------------- Instantiating /home/travis/build/icyphy/ptII/ptolemy/domains/sdf/lib/test/auto/LongJoin.xml
9 ms. Memory: 129024K Free: 55327K (43%)
----------------- Invoking toplevel() on ptolemy.moml.MoMLSimpleApplication@44e31883
----------------- Done invoking toplevel() on ptolemy.moml.MoMLSimpleApplication@44e31883
reloadAllAccessors: .LongJoin

===========================================================================================
----------------- testing Tue Dec 24 16:56:59 UTC 2019 /home/travis/build/icyphy/ptII/ptolemy/domains/sdf/lib/test/auto/Matrix1.xml
----------------- Instantiating /home/travis/build/icyphy/ptII/ptolemy/domains/sdf/lib/test/auto/Matrix1.xml
4 ms. Memory: 129024K Free: 51247K (40%)
----------------- Invoking toplevel() on ptolemy.moml.MoMLSimpleApplication@403cdaf9
----------------- Done invoking toplevel() on ptolemy.moml.MoMLSimpleApplication@403cdaf9
reloadAllAccessors: .Matrix1

===========================================================================================
----------------- testing Tue Dec 24 16:56:59 UTC 2019 /home/travis/build/icyphy/ptII/ptolemy/domains/sdf/lib/test/auto/Matrix2.xml
----------------- Instantiating /home/travis/build/icyphy/ptII/ptolemy/domains/sdf/lib/test/auto/Matrix2.xml
5 ms. Memory: 129024K Free: 47135K (37%)
----------------- Invoking toplevel() on ptolemy.moml.MoMLSimpleApplication@391b926b
----------------- Done invoking toplevel() on ptolemy.moml.MoMLSimpleApplication@391b926b
reloadAllAccessors: .Matrix2

===========================================================================================
----------------- testing Tue Dec 24 16:56:59 UTC 2019 /home/travis/build/icyphy/ptII/ptolemy/domains/sdf/lib/test/auto/MatrixJoin1.xml
----------------- Instantiating /home/travis/build/icyphy/ptII/ptolemy/domains/sdf/lib/test/auto/MatrixJoin1.xml
2 ms. Memory: 129024K Free: 43039K (33%)
----------------- Invoking toplevel() on ptolemy.moml.MoMLSimpleApplication@7d966e91
----------------- Done invoking toplevel() on ptolemy.moml.MoMLSimpleApplication@7d966e91
reloadAllAccessors: .MatrixJoin1

===========================================================================================
----------------- testing Tue Dec 24 16:56:59 UTC 2019 /home/travis/build/icyphy/ptII/ptolemy/domains/sdf/lib/test/auto/MatrixJoin2.xml
----------------- Instantiating /home/travis/build/icyphy/ptII/ptolemy/domains/sdf/lib/test/auto/MatrixJoin2.xml
3 ms. Memory: 156672K Free: 137847K (88%)
----------------- Invoking toplevel() on ptolemy.moml.MoMLSimpleApplication@4ec2c6fc
----------------- Done invoking toplevel() on ptolemy.moml.MoMLSimpleApplication@4ec2c6fc
reloadAllAccessors: .MatrixJoin2

===========================================================================================
----------------- testing Tue Dec 24 16:56:59 UTC 2019 /home/travis/build/icyphy/ptII/ptolemy/domains/sdf/lib/test/auto/MatrixJoin3.xml
----------------- Instantiating /home/travis/build/icyphy/ptII/ptolemy/domains/sdf/lib/test/auto/MatrixJoin3.xml
7 ms. Memory: 156672K Free: 133255K (85%)
----------------- Invoking toplevel() on ptolemy.moml.MoMLSimpleApplication@2978c4d1
----------------- Done invoking toplevel() on ptolemy.moml.MoMLSimpleApplication@2978c4d1
reloadAllAccessors: .MatrixJoin3

===========================================================================================
----------------- testing Tue Dec 24 16:56:59 UTC 2019 /home/travis/build/icyphy/ptII/ptolemy/domains/sdf/lib/test/auto/MatrixJoin4.xml
----------------- Instantiating /home/travis/build/icyphy/ptII/ptolemy/domains/sdf/lib/test/auto/MatrixJoin4.xml
3 ms. Memory: 156672K Free: 129159K (82%)
----------------- Invoking toplevel() on ptolemy.moml.MoMLSimpleApplication@53160d1c
----------------- Done invoking toplevel() on ptolemy.moml.MoMLSimpleApplication@53160d1c
reloadAllAccessors: .MatrixJoin4

===========================================================================================
----------------- testing Tue Dec 24 16:56:59 UTC 2019 /home/travis/build/icyphy/ptII/ptolemy/domains/sdf/lib/test/auto/MatrixJoin5.xml
----------------- Instantiating /home/travis/build/icyphy/ptII/ptolemy/domains/sdf/lib/test/auto/MatrixJoin5.xml
2 ms. Memory: 156672K Free: 124549K (79%)
----------------- Invoking toplevel() on ptolemy.moml.MoMLSimpleApplication@19325573
----------------- Done invoking toplevel() on ptolemy.moml.MoMLSimpleApplication@19325573
reloadAllAccessors: .MatrixJoin5

===========================================================================================
----------------- testing Tue Dec 24 16:56:59 UTC 2019 /home/travis/build/icyphy/ptII/ptolemy/domains/sdf/lib/test/auto/MatrixSplit1.xml
----------------- Instantiating /home/travis/build/icyphy/ptII/ptolemy/domains/sdf/lib/test/auto/MatrixSplit1.xml
2 ms. Memory: 156672K Free: 119429K (76%)
----------------- Invoking toplevel() on ptolemy.moml.MoMLSimpleApplication@271cc78e
----------------- Done invoking toplevel() on ptolemy.moml.MoMLSimpleApplication@271cc78e
reloadAllAccessors: .MatrixSplit1

===========================================================================================
----------------- testing Tue Dec 24 16:56:59 UTC 2019 /home/travis/build/icyphy/ptII/ptolemy/domains/sdf/lib/test/auto/MatrixSplit10.xml
----------------- Instantiating /home/travis/build/icyphy/ptII/ptolemy/domains/sdf/lib/test/auto/MatrixSplit10.xml
2 ms. Memory: 156672K Free: 115847K (74%)
----------------- Invoking toplevel() on ptolemy.moml.MoMLSimpleApplication@3901ac97
----------------- Done invoking toplevel() on ptolemy.moml.MoMLSimpleApplication@3901ac97
reloadAllAccessors: .MatrixSplit10

===========================================================================================
----------------- testing Tue Dec 24 16:56:59 UTC 2019 /home/travis/build/icyphy/ptII/ptolemy/domains/sdf/lib/test/auto/MatrixSplit11.xml
----------------- Instantiating /home/travis/build/icyphy/ptII/ptolemy/domains/sdf/lib/test/auto/MatrixSplit11.xml
1 ms. Memory: 156672K Free: 112261K (72%)
----------------- Invoking toplevel() on ptolemy.moml.MoMLSimpleApplication@7ef381dc
----------------- Done invoking toplevel() on ptolemy.moml.MoMLSimpleApplication@7ef381dc
reloadAllAccessors: .MatrixSplit11

===========================================================================================
----------------- testing Tue Dec 24 16:56:59 UTC 2019 /home/travis/build/icyphy/ptII/ptolemy/domains/sdf/lib/test/auto/MatrixSplit12.xml
----------------- Instantiating /home/travis/build/icyphy/ptII/ptolemy/domains/sdf/lib/test/auto/MatrixSplit12.xml
2 ms. Memory: 156672K Free: 108679K (69%)
----------------- Invoking toplevel() on ptolemy.moml.MoMLSimpleApplication@526c7cc
----------------- Done invoking toplevel() on ptolemy.moml.MoMLSimpleApplication@526c7cc
reloadAllAccessors: .MatrixSplit12

===========================================================================================
----------------- testing Tue Dec 24 16:56:59 UTC 2019 /home/travis/build/icyphy/ptII/ptolemy/domains/sdf/lib/test/auto/MatrixSplit13.xml
----------------- Instantiating /home/travis/build/icyphy/ptII/ptolemy/domains/sdf/lib/test/auto/MatrixSplit13.xml
2 ms. Memory: 156672K Free: 105093K (67%)
----------------- Invoking toplevel() on ptolemy.moml.MoMLSimpleApplication@697351b8
----------------- Done invoking toplevel() on ptolemy.moml.MoMLSimpleApplication@697351b8
reloadAllAccessors: .MatrixSplit13

===========================================================================================
----------------- testing Tue Dec 24 16:56:59 UTC 2019 /home/travis/build/icyphy/ptII/ptolemy/domains/sdf/lib/test/auto/MatrixSplit14.xml
----------------- Instantiating /home/travis/build/icyphy/ptII/ptolemy/domains/sdf/lib/test/auto/MatrixSplit14.xml
2 ms. Memory: 156672K Free: 101511K (65%)
----------------- Invoking toplevel() on ptolemy.moml.MoMLSimpleApplication@37441ada
----------------- Done invoking toplevel() on ptolemy.moml.MoMLSimpleApplication@37441ada
reloadAllAccessors: .MatrixSplit14

===========================================================================================
----------------- testing Tue Dec 24 16:56:59 UTC 2019 /home/travis/build/icyphy/ptII/ptolemy/domains/sdf/lib/test/auto/MatrixSplit2.xml
----------------- Instantiating /home/travis/build/icyphy/ptII/ptolemy/domains/sdf/lib/test/auto/MatrixSplit2.xml
2 ms. Memory: 156672K Free: 97925K (63%)
----------------- Invoking toplevel() on ptolemy.moml.MoMLSimpleApplication@5cde204d
----------------- Done invoking toplevel() on ptolemy.moml.MoMLSimpleApplication@5cde204d
reloadAllAccessors: .MatrixSplit2

===========================================================================================
----------------- testing Tue Dec 24 16:56:59 UTC 2019 /home/travis/build/icyphy/ptII/ptolemy/domains/sdf/lib/test/auto/MatrixSplit3.xml
----------------- Instantiating /home/travis/build/icyphy/ptII/ptolemy/domains/sdf/lib/test/auto/MatrixSplit3.xml
2 ms. Memory: 156672K Free: 94343K (60%)
----------------- Invoking toplevel() on ptolemy.moml.MoMLSimpleApplication@115eda4c
----------------- Done invoking toplevel() on ptolemy.moml.MoMLSimpleApplication@115eda4c
reloadAllAccessors: .MatrixSplit3

===========================================================================================
----------------- testing Tue Dec 24 16:56:59 UTC 2019 /home/travis/build/icyphy/ptII/ptolemy/domains/sdf/lib/test/auto/MatrixSplit4.xml
----------------- Instantiating /home/travis/build/icyphy/ptII/ptolemy/domains/sdf/lib/test/auto/MatrixSplit4.xml
2 ms. Memory: 156672K Free: 90757K (58%)
----------------- Invoking toplevel() on ptolemy.moml.MoMLSimpleApplication@32a54393
----------------- Done invoking toplevel() on ptolemy.moml.MoMLSimpleApplication@32a54393
reloadAllAccessors: .MatrixSplit4

===========================================================================================
----------------- testing Tue Dec 24 16:56:59 UTC 2019 /home/travis/build/icyphy/ptII/ptolemy/domains/sdf/lib/test/auto/MatrixSplit5.xml
----------------- Instantiating /home/travis/build/icyphy/ptII/ptolemy/domains/sdf/lib/test/auto/MatrixSplit5.xml
4 ms. Memory: 156672K Free: 87175K (56%)
----------------- Invoking toplevel() on ptolemy.moml.MoMLSimpleApplication@4dc69435
----------------- Done invoking toplevel() on ptolemy.moml.MoMLSimpleApplication@4dc69435
reloadAllAccessors: .MatrixSplit5

===========================================================================================
----------------- testing Tue Dec 24 16:57:00 UTC 2019 /home/travis/build/icyphy/ptII/ptolemy/domains/sdf/lib/test/auto/MatrixSplit6.xml
----------------- Instantiating /home/travis/build/icyphy/ptII/ptolemy/domains/sdf/lib/test/auto/MatrixSplit6.xml
3 ms. Memory: 156672K Free: 83589K (53%)
----------------- Invoking toplevel() on ptolemy.moml.MoMLSimpleApplication@5f320082
----------------- Done invoking toplevel() on ptolemy.moml.MoMLSimpleApplication@5f320082
reloadAllAccessors: .MatrixSplit6

===========================================================================================
----------------- testing Tue Dec 24 16:57:00 UTC 2019 /home/travis/build/icyphy/ptII/ptolemy/domains/sdf/lib/test/auto/MatrixSplit7.xml
----------------- Instantiating /home/travis/build/icyphy/ptII/ptolemy/domains/sdf/lib/test/auto/MatrixSplit7.xml
2 ms. Memory: 156672K Free: 80007K (51%)
----------------- Invoking toplevel() on ptolemy.moml.MoMLSimpleApplication@76f23718
----------------- Done invoking toplevel() on ptolemy.moml.MoMLSimpleApplication@76f23718
reloadAllAccessors: .MatrixSplit7

===========================================================================================
----------------- testing Tue Dec 24 16:57:00 UTC 2019 /home/travis/build/icyphy/ptII/ptolemy/domains/sdf/lib/test/auto/MatrixSplit8.xml
----------------- Instantiating /home/travis/build/icyphy/ptII/ptolemy/domains/sdf/lib/test/auto/MatrixSplit8.xml
2 ms. Memory: 156672K Free: 76421K (49%)
----------------- Invoking toplevel() on ptolemy.moml.MoMLSimpleApplication@75b0dcb1
----------------- Done invoking toplevel() on ptolemy.moml.MoMLSimpleApplication@75b0dcb1
reloadAllAccessors: .MatrixSplit8

===========================================================================================
----------------- testing Tue Dec 24 16:57:00 UTC 2019 /home/travis/build/icyphy/ptII/ptolemy/domains/sdf/lib/test/auto/MatrixSplit9.xml
----------------- Instantiating /home/travis/build/icyphy/ptII/ptolemy/domains/sdf/lib/test/auto/MatrixSplit9.xml
2 ms. Memory: 156672K Free: 72839K (46%)
----------------- Invoking toplevel() on ptolemy.moml.MoMLSimpleApplication@3c2b55f
----------------- Done invoking toplevel() on ptolemy.moml.MoMLSimpleApplication@3c2b55f
reloadAllAccessors: .MatrixSplit9

===========================================================================================
----------------- testing Tue Dec 24 16:57:00 UTC 2019 /home/travis/build/icyphy/ptII/ptolemy/domains/sdf/lib/test/auto/MatrixToSequence.xml
----------------- Instantiating /home/travis/build/icyphy/ptII/ptolemy/domains/sdf/lib/test/auto/MatrixToSequence.xml
14 ms. Memory: 156672K Free: 63623K (41%)
----------------- Invoking toplevel() on ptolemy.moml.MoMLSimpleApplication@7f9e5e37
----------------- Done invoking toplevel() on ptolemy.moml.MoMLSimpleApplication@7f9e5e37
reloadAllAccessors: .MatrixToSequence

===========================================================================================
----------------- testing Tue Dec 24 16:57:00 UTC 2019 /home/travis/build/icyphy/ptII/ptolemy/domains/sdf/lib/test/auto/MaximumEntropySpectrum.xml
----------------- Instantiating /home/travis/build/icyphy/ptII/ptolemy/domains/sdf/lib/test/auto/MaximumEntropySpectrum.xml
16 ms. Memory: 156672K Free: 127295K (81%)
----------------- Invoking toplevel() on ptolemy.moml.MoMLSimpleApplication@75e5eeb4
----------------- Done invoking toplevel() on ptolemy.moml.MoMLSimpleApplication@75e5eeb4
reloadAllAccessors: .MaximumEntropySpectrum

===========================================================================================
----------------- testing Tue Dec 24 16:57:00 UTC 2019 /home/travis/build/icyphy/ptII/ptolemy/domains/sdf/lib/test/auto/SampleDelayConversion.xml
----------------- Instantiating /home/travis/build/icyphy/ptII/ptolemy/domains/sdf/lib/test/auto/SampleDelayConversion.xml
2 ms. Memory: 156672K Free: 123213K (79%)
----------------- Invoking toplevel() on ptolemy.moml.MoMLSimpleApplication@780aeab1
----------------- Done invoking toplevel() on ptolemy.moml.MoMLSimpleApplication@780aeab1
reloadAllAccessors: .SampleDelayConversion

===========================================================================================
----------------- testing Tue Dec 24 16:57:00 UTC 2019 /home/travis/build/icyphy/ptII/ptolemy/domains/sdf/lib/test/auto/SequenceToArray.xml
----------------- Instantiating /home/travis/build/icyphy/ptII/ptolemy/domains/sdf/lib/test/auto/SequenceToArray.xml
9 ms. Memory: 156672K Free: 111919K (71%)
----------------- Invoking toplevel() on ptolemy.moml.MoMLSimpleApplication@7f8cc457
----------------- Done invoking toplevel() on ptolemy.moml.MoMLSimpleApplication@7f8cc457
reloadAllAccessors: .SequenceToArray

===========================================================================================
----------------- testing Tue Dec 24 16:57:00 UTC 2019 /home/travis/build/icyphy/ptII/ptolemy/domains/sdf/lib/test/auto/SequenceToMatrix.xml
----------------- Instantiating /home/travis/build/icyphy/ptII/ptolemy/domains/sdf/lib/test/auto/SequenceToMatrix.xml
3073 ms. Memory: 156672K Free: 52855K (34%)
----------------- Invoking toplevel() on ptolemy.moml.MoMLSimpleApplication@4c4a57d2
----------------- Done invoking toplevel() on ptolemy.moml.MoMLSimpleApplication@4c4a57d2
reloadAllAccessors: .SequenceToMatrix

===========================================================================================
----------------- testing Tue Dec 24 16:57:03 UTC 2019 /home/travis/build/icyphy/ptII/ptolemy/domains/sdf/lib/test/auto/SmoothedPeriodogram.xml
----------------- Instantiating /home/travis/build/icyphy/ptII/ptolemy/domains/sdf/lib/test/auto/SmoothedPeriodogram.xml
18 ms. Memory: 156672K Free: 128300K (82%)
----------------- Invoking toplevel() on ptolemy.moml.MoMLSimpleApplication@2a38f71b
----------------- Done invoking toplevel() on ptolemy.moml.MoMLSimpleApplication@2a38f71b
reloadAllAccessors: .SmoothedPeriodogram

===========================================================================================
----------------- testing Tue Dec 24 16:57:03 UTC 2019 /home/travis/build/icyphy/ptII/ptolemy/domains/sdf/lib/test/auto/UpDownSample1.xml
----------------- Instantiating /home/travis/build/icyphy/ptII/ptolemy/domains/sdf/lib/test/auto/UpDownSample1.xml
3 ms. Memory: 156672K Free: 124204K (79%)
----------------- Invoking toplevel() on ptolemy.moml.MoMLSimpleApplication@650804
----------------- Done invoking toplevel() on ptolemy.moml.MoMLSimpleApplication@650804
reloadAllAccessors: .UpDownSample1

===========================================================================================
----------------- testing Tue Dec 24 16:57:03 UTC 2019 /home/travis/build/icyphy/ptII/ptolemy/domains/sdf/lib/test/auto/UpSample1.xml
----------------- Instantiating /home/travis/build/icyphy/ptII/ptolemy/domains/sdf/lib/test/auto/UpSample1.xml
1 ms. Memory: 156672K Free: 120622K (77%)
----------------- Invoking toplevel() on ptolemy.moml.MoMLSimpleApplication@715c2cc0
----------------- Done invoking toplevel() on ptolemy.moml.MoMLSimpleApplication@715c2cc0
reloadAllAccessors: .UpSample1

===========================================================================================
----------------- testing Tue Dec 24 16:57:03 UTC 2019 /home/travis/build/icyphy/ptII/ptolemy/domains/sdf/lib/test/auto/VariableFIR.xml
----------------- Instantiating /home/travis/build/icyphy/ptII/ptolemy/domains/sdf/lib/test/auto/VariableFIR.xml
5 ms. Memory: 156672K Free: 115502K (74%)
----------------- Invoking toplevel() on ptolemy.moml.MoMLSimpleApplication@56eb3907
----------------- Done invoking toplevel() on ptolemy.moml.MoMLSimpleApplication@56eb3907
reloadAllAccessors: .VariableFIR

===========================================================================================
----------------- testing Tue Dec 24 16:57:03 UTC 2019 /home/travis/build/icyphy/ptII/ptolemy/domains/sdf/lib/test/auto/VariableFIR2.xml
----------------- Instantiating /home/travis/build/icyphy/ptII/ptolemy/domains/sdf/lib/test/auto/VariableFIR2.xml
4 ms. Memory: 156672K Free: 110382K (70%)
----------------- Invoking toplevel() on ptolemy.moml.MoMLSimpleApplication@1d855e8c
----------------- Done invoking toplevel() on ptolemy.moml.MoMLSimpleApplication@1d855e8c
reloadAllAccessors: .VariableFIR2

===========================================================================================
----------------- testing Tue Dec 24 16:57:03 UTC 2019 /home/travis/build/icyphy/ptII/ptolemy/domains/sdf/lib/test/auto/VariableLattice.xml
----------------- Instantiating /home/travis/build/icyphy/ptII/ptolemy/domains/sdf/lib/test/auto/VariableLattice.xml
4 ms. Memory: 156672K Free: 104238K (67%)
----------------- Invoking toplevel() on ptolemy.moml.MoMLSimpleApplication@1612afb2
----------------- Done invoking toplevel() on ptolemy.moml.MoMLSimpleApplication@1612afb2
reloadAllAccessors: .VariableLattice

===========================================================================================
----------------- testing Tue Dec 24 16:57:03 UTC 2019 /home/travis/build/icyphy/ptII/ptolemy/domains/sdf/lib/test/auto/VariableLattice2.xml
----------------- Instantiating /home/travis/build/icyphy/ptII/ptolemy/domains/sdf/lib/test/auto/VariableLattice2.xml
1.0
-1.999999602036
1.9099998677481
-0.9099996420674
0.205
0.0
0.0
1.0
-0.25
-0.5
0.0
0.0
0.0
0.0
4 ms. Memory: 156672K Free: 99628K (64%)
----------------- Invoking toplevel() on ptolemy.moml.MoMLSimpleApplication@6877eced
----------------- Done invoking toplevel() on ptolemy.moml.MoMLSimpleApplication@6877eced
reloadAllAccessors: .VariableLattice2

===========================================================================================
----------------- testing Tue Dec 24 16:57:03 UTC 2019 /home/travis/build/icyphy/ptII/ptolemy/domains/sdf/lib/test/auto/VariableRecursiveLattice.xml
----------------- Instantiating /home/travis/build/icyphy/ptII/ptolemy/domains/sdf/lib/test/auto/VariableRecursiveLattice.xml
3 ms. Memory: 156672K Free: 95022K (61%)
----------------- Invoking toplevel() on ptolemy.moml.MoMLSimpleApplication@53af4040
----------------- Done invoking toplevel() on ptolemy.moml.MoMLSimpleApplication@53af4040
reloadAllAccessors: .VariableRecursiveLattice

===========================================================================================
----------------- testing Tue Dec 24 16:57:03 UTC 2019 /home/travis/build/icyphy/ptII/ptolemy/domains/sdf/lib/test/auto/VariableRecursiveLattice2.xml
----------------- Instantiating /home/travis/build/icyphy/ptII/ptolemy/domains/sdf/lib/test/auto/VariableRecursiveLattice2.xml
3 ms. Memory: 156672K Free: 90926K (58%)
----------------- Invoking toplevel() on ptolemy.moml.MoMLSimpleApplication@1a7a443e
----------------- Done invoking toplevel() on ptolemy.moml.MoMLSimpleApplication@1a7a443e
reloadAllAccessors: .VariableRecursiveLattice2
AutoTests.java: About to close Vertx.
AutoTests.java: Vertx closed.
]]></system-out>
  <system-err><![CDATA[]]></system-err>
</testsuite>
