<?xml version="1.0" encoding="UTF-8" ?>
<testsuite errors="0" failures="2" hostname="travis-job-6ad2838b-e793-4e41-8d8c-5f89a43f65d6" name="ptolemy.configs.test.junit.JUnitTclTest" skipped="0" tests="9" time="1204.884" timestamp="2020-07-23T15:25:12">
  <properties>
[...]
</properties>
  <testcase classname="ptolemy.util.test.junit.TclTests" name="[0] /home/travis/build/icyphy/ptII/ptolemy/configs/test/allConfigs.tcl (RunTclFile)" time="833.145" />
  <testcase classname="ptolemy.util.test.junit.TclTests" name="[1] /home/travis/build/icyphy/ptII/ptolemy/configs/test/allDemos.tcl (RunTclFile)" time="0.002" />
  <testcase classname="ptolemy.util.test.junit.TclTests" name="[2] /home/travis/build/icyphy/ptII/ptolemy/configs/test/cloneTest.tcl (RunTclFile)" time="0.023" />
  <testcase classname="ptolemy.util.test.junit.TclTests" name="[3] /home/travis/build/icyphy/ptII/ptolemy/configs/test/configurationTools.tcl (RunTclFile)" time="0.004" />
  <testcase classname="ptolemy.util.test.junit.TclTests" name="[4] /home/travis/build/icyphy/ptII/ptolemy/configs/test/missingDemos.tcl (RunTclFile)" time="340.913">
    <failure message="Number of failed tests is has increased. expected:&lt;0&gt; but was:&lt;1&gt;" type="junit.framework.AssertionFailedError">junit.framework.AssertionFailedError: Number of failed tests is has increased. expected:&lt;0&gt; but was:&lt;1&gt;
	at ptolemy.util.test.junit.TclTests.RunTclFile(TclTests.java:286)
	at java.base/jdk.internal.reflect.NativeMethodAccessorImpl.invoke0(Native Method)
	at java.base/jdk.internal.reflect.NativeMethodAccessorImpl.invoke(NativeMethodAccessorImpl.java:62)
	at java.base/jdk.internal.reflect.DelegatingMethodAccessorImpl.invoke(DelegatingMethodAccessorImpl.java:43)
	at junitparams.internal.InvokeParameterisedMethod.evaluate(InvokeParameterisedMethod.java:102)
	at junitparams.internal.ParameterisedTestMethodRunner.runMethodInvoker(ParameterisedTestMethodRunner.java:47)
	at junitparams.internal.ParameterisedTestMethodRunner.runTestMethod(ParameterisedTestMethodRunner.java:41)
	at junitparams.internal.ParameterisedTestClassRunner.runParameterisedTest(ParameterisedTestClassRunner.java:143)
	at junitparams.JUnitParamsRunner.runChild(JUnitParamsRunner.java:237)
	at junitparams.JUnitParamsRunner.runChild(JUnitParamsRunner.java:215)
</failure>
  </testcase>
  <testcase classname="ptolemy.util.test.junit.TclTests" name="[5] /home/travis/build/icyphy/ptII/ptolemy/configs/test/validDemos.tcl (RunTclFile)" time="30.631">
    <failure message="Number of failed tests is has increased. expected:&lt;1&gt; but was:&lt;28&gt;" type="junit.framework.AssertionFailedError">junit.framework.AssertionFailedError: Number of failed tests is has increased. expected:&lt;1&gt; but was:&lt;28&gt;
	at ptolemy.util.test.junit.TclTests.RunTclFile(TclTests.java:286)
	at java.base/jdk.internal.reflect.NativeMethodAccessorImpl.invoke0(Native Method)
	at java.base/jdk.internal.reflect.NativeMethodAccessorImpl.invoke(NativeMethodAccessorImpl.java:62)
	at java.base/jdk.internal.reflect.DelegatingMethodAccessorImpl.invoke(DelegatingMethodAccessorImpl.java:43)
	at junitparams.internal.InvokeParameterisedMethod.evaluate(InvokeParameterisedMethod.java:102)
	at junitparams.internal.ParameterisedTestMethodRunner.runMethodInvoker(ParameterisedTestMethodRunner.java:47)
	at junitparams.internal.ParameterisedTestMethodRunner.runTestMethod(ParameterisedTestMethodRunner.java:41)
	at junitparams.internal.ParameterisedTestClassRunner.runParameterisedTest(ParameterisedTestClassRunner.java:143)
	at junitparams.JUnitParamsRunner.runChild(JUnitParamsRunner.java:237)
	at junitparams.JUnitParamsRunner.runChild(JUnitParamsRunner.java:215)
</failure>
  </testcase>
  <testcase classname="ptolemy.util.test.junit.AutoKnownFailedTests" name="[0] ThereAreNoKnowFailedTests (RunModel)" time="0.001" />
  <testcase classname="ptolemy.util.test.junit.AutoNameArchTests" name="[0] ThereAreNoAutoArchTests (RunModel)" time="0.001" />
  <testcase classname="ptolemy.util.test.junit.AutoTests" name="[0] ThereAreNoAutoTests (RunModel)" time="0.002" />
  <system-out><![CDATA[/home/travis/build/icyphy/ptII/ptolemy/configs/test/allConfigs.tcl
testDefs.tcl: setting time out to 9000 seconds at Thu Jul 23 15:25:13 UTC 2020
31 ms. Memory: 129024K Free: 103758K (80%)
Skipping jxta/configuration.xml, running vergil -jxta brings up a window
 Force everything to get expanded ptolemy/configs/full/configuration.xml
    (Skipping certain optional packages, jxta and viptos)
JSAccessor: PT_NO_NET environment variable is set, so git pull and ptdoc are not being run.
Retrieving library from file:/home/travis/build/icyphy/ptII/org/terraswarm/accessor/accessors/web/index.json
Retrieving library from file:/home/travis/build/icyphy/ptII/org/terraswarm/accessor/accessors/web/adapters/index.json
Retrieving library from file:/home/travis/build/icyphy/ptII/org/terraswarm/accessor/accessors/web/audio/index.json
Prism pipeline init order: es2 sw 
Using Double Precision Marlin Rasterizer
Using dirty region optimizations
Not using texture mask for primitives
Not forcing power of 2 sizes for textures
Using hardware CLAMP_TO_ZERO mode
Opting in for HiDPI pixel scaling
Prism pipeline name = com.sun.prism.es2.ES2Pipeline
Loading ES2 native library ... prism_es2
	succeeded.
GLFactory using com.sun.prism.es2.X11GLFactory
(X) Got class = class com.sun.prism.es2.ES2Pipeline
Prism pipeline name = com.sun.prism.sw.SWPipeline
(X) Got class = class com.sun.prism.sw.SWPipeline
Initialized prism pipeline: com.sun.prism.sw.SWPipeline
Retrieving library from file:/home/travis/build/icyphy/ptII/org/terraswarm/accessor/accessors/web/cameras/index.json
No physical cameras found, using WebcamDummyDriver.
Retrieving library from file:/home/travis/build/icyphy/ptII/org/terraswarm/accessor/accessors/web/dashboard/index.json
Retrieving library from file:/home/travis/build/icyphy/ptII/org/terraswarm/accessor/accessors/web/devices/index.json
Retrieving library from file:/home/travis/build/icyphy/ptII/org/terraswarm/accessor/accessors/web/image/index.json
CharacterRecognition: The tesseract module was not present.  The CharacterRecognition accessor is not supported on this accessor host. (Thread[main,5,main])
CharacterRecognition: The tesseract module was not present.  The CharacterRecognition accessor is not supported on this accessor host. (Thread[main,5,main])
Retrieving library from file:/home/travis/build/icyphy/ptII/org/terraswarm/accessor/accessors/web/net/index.json
Retrieving library from file:/home/travis/build/icyphy/ptII/org/terraswarm/accessor/accessors/web/robotics/index.json
Retrieving library from file:/home/travis/build/icyphy/ptII/org/terraswarm/accessor/accessors/web/geodesy/index.json
Retrieving library from file:/home/travis/build/icyphy/ptII/org/terraswarm/accessor/accessors/web/services/index.json
Retrieving library from file:/home/travis/build/icyphy/ptII/org/terraswarm/accessor/accessors/web/signals/index.json
Retrieving library from file:/home/travis/build/icyphy/ptII/org/terraswarm/accessor/accessors/web/test/index.json
Retrieving library from file:/home/travis/build/icyphy/ptII/org/terraswarm/accessor/accessors/web/utilities/index.json
The Mutable accessor original file has no documentation, so we are not running jsdoc on https://accessors.org/utilities/Mutable.js
HLA version is 1.3.
HLA version is 1.3.
-------> Before clone
HLA version is 1.3.
-------> after clone

Warning: In 'ptolemy.actor.lib.io.FileReader'
  The getName() method returns
   'fileOrURL' but the  field is named
   'fileOrURLPort'
   This is technically a violation  of the coding standard,
   but permissible because the name  ends in 'Port'
HLA version is 1.3.
Skipping StateSpaceModel as this test iterates through the attributes and calls attributeChanged, which triggers a ConcurrentModificationException.  See org/ptolemy/ssm/test/SSMTest.java
Skipping StateSpaceModel as this test iterates through the attributes and calls attributeChanged, which triggers a ConcurrentModificationException.  See org/ptolemy/ssm/test/SSMTest.java
Skipping StateSpaceModel as this test iterates through the attributes and calls attributeChanged, which triggers a ConcurrentModificationException.  See org/ptolemy/ssm/test/SSMTest.java
HLA version is 1.3.
HLA version is 1.3.
Skipping drop test of tm.kernel.SchedulePlotter because it must be dropped into a container that has a TMDirector
-------> Before clone
HLA version is 1.3.
-------> after clone
379934 ms. Memory: 2422784K Free: 917504K (38%)
The time is 15:31:33
Setting containers of atomic entities to null
381515 ms. Memory: 2393088K Free: 1685079K (70%)
 Force everything to get expanded ptolemy/configs/space/configuration.xml
    (Skipping certain optional packages, jxta and viptos)
-------> Before clone
-------> after clone
Warning: space/configuration.xml has no 'actor library.Directors'? (this is ok for dsp, viptos)
-------> Before clone
-------> after clone
381979 ms. Memory: 2393088K Free: 1620057K (68%)
The time is 15:31:35
Setting containers of atomic entities to null
383206 ms. Memory: 2355200K Free: 1656370K (70%)
 Force everything to get expanded ptolemy/configs/pn/configuration.xml
    (Skipping certain optional packages, jxta and viptos)
-------> Before clone
-------> after clone

Warning: In 'ptolemy.actor.lib.io.FileReader'
  The getName() method returns
   'fileOrURL' but the  field is named
   'fileOrURLPort'
   This is technically a violation  of the coding standard,
   but permissible because the name  ends in 'Port'
Warning: pn/configuration.xml has no 'actor library.Directors'? (this is ok for dsp, viptos)
-------> Before clone
-------> after clone
388954 ms. Memory: 2355200K Free: 892969K (38%)
The time is 15:31:42
Setting containers of atomic entities to null
390334 ms. Memory: 2341888K Free: 1644907K (70%)
Skipping viptos/configuration.xml, PtinyOS is not typically installed.
 Force everything to get expanded ptolemy/configs/capecode/configuration.xml
    (Skipping certain optional packages, jxta and viptos)
Retrieving library from file:/home/travis/build/icyphy/ptII/org/terraswarm/accessor/accessors/web/index.json
Retrieving library from file:/home/travis/build/icyphy/ptII/org/terraswarm/accessor/accessors/web/adapters/index.json
Retrieving library from file:/home/travis/build/icyphy/ptII/org/terraswarm/accessor/accessors/web/audio/index.json
Retrieving library from file:/home/travis/build/icyphy/ptII/org/terraswarm/accessor/accessors/web/cameras/index.json
Retrieving library from file:/home/travis/build/icyphy/ptII/org/terraswarm/accessor/accessors/web/dashboard/index.json
Retrieving library from file:/home/travis/build/icyphy/ptII/org/terraswarm/accessor/accessors/web/devices/index.json
Retrieving library from file:/home/travis/build/icyphy/ptII/org/terraswarm/accessor/accessors/web/image/index.json
CharacterRecognition: The tesseract module was not present.  The CharacterRecognition accessor is not supported on this accessor host. (Thread[main,5,main])
CharacterRecognition: The tesseract module was not present.  The CharacterRecognition accessor is not supported on this accessor host. (Thread[main,5,main])
Retrieving library from file:/home/travis/build/icyphy/ptII/org/terraswarm/accessor/accessors/web/net/index.json
Retrieving library from file:/home/travis/build/icyphy/ptII/org/terraswarm/accessor/accessors/web/robotics/index.json
Retrieving library from file:/home/travis/build/icyphy/ptII/org/terraswarm/accessor/accessors/web/geodesy/index.json
Retrieving library from file:/home/travis/build/icyphy/ptII/org/terraswarm/accessor/accessors/web/services/index.json
Retrieving library from file:/home/travis/build/icyphy/ptII/org/terraswarm/accessor/accessors/web/signals/index.json
Retrieving library from file:/home/travis/build/icyphy/ptII/org/terraswarm/accessor/accessors/web/test/index.json
Retrieving library from file:/home/travis/build/icyphy/ptII/org/terraswarm/accessor/accessors/web/utilities/index.json
The Mutable accessor original file has no documentation, so we are not running jsdoc on https://accessors.org/utilities/Mutable.js
-------> Before clone
-------> after clone

Warning: In 'ptolemy.actor.lib.io.FileReader'
  The getName() method returns
   'fileOrURL' but the  field is named
   'fileOrURLPort'
   This is technically a violation  of the coding standard,
   but permissible because the name  ends in 'Port'
Skipping StateSpaceModel as this test iterates through the attributes and calls attributeChanged, which triggers a ConcurrentModificationException.  See org/ptolemy/ssm/test/SSMTest.java
Skipping StateSpaceModel as this test iterates through the attributes and calls attributeChanged, which triggers a ConcurrentModificationException.  See org/ptolemy/ssm/test/SSMTest.java
Skipping StateSpaceModel as this test iterates through the attributes and calls attributeChanged, which triggers a ConcurrentModificationException.  See org/ptolemy/ssm/test/SSMTest.java
Warning: capecode/configuration.xml has no 'actor library.Directors'? (this is ok for dsp, viptos)
-------> Before clone
-------> after clone
762070 ms. Memory: 2887680K Free: 781659K (27%)
The time is 15:37:55
Setting containers of atomic entities to null
764566 ms. Memory: 2887680K Free: 1597890K (55%)
 Force everything to get expanded ptolemy/configs/ptiny/configuration.xml
    (Skipping certain optional packages, jxta and viptos)
-------> Before clone
-------> after clone

Warning: In 'ptolemy.actor.lib.io.FileReader'
  The getName() method returns
   'fileOrURL' but the  field is named
   'fileOrURLPort'
   This is technically a violation  of the coding standard,
   but permissible because the name  ends in 'Port'
-------> Before clone
-------> after clone
772070 ms. Memory: 2887680K Free: 1451884K (50%)
The time is 15:38:05
Setting containers of atomic entities to null
774251 ms. Memory: 2887680K Free: 1594698K (55%)
 Force everything to get expanded ptolemy/configs/fullViewer/configuration.xml
    (Skipping certain optional packages, jxta and viptos)
-------> Before clone
-------> after clone
Warning: fullViewer/configuration.xml has no 'actor library'?  (this is ok for ptinyViewer)
-------> Before clone
-------> after clone
774341 ms. Memory: 2887680K Free: 1558346K (54%)
The time is 15:38:07
Setting containers of atomic entities to null
776416 ms. Memory: 2887680K Free: 1596167K (55%)
 Force everything to get expanded ptolemy/configs/ptinyKepler/configuration.xml
    (Skipping certain optional packages, jxta and viptos)
-------> Before clone
-------> after clone

Warning: In 'ptolemy.actor.lib.io.FileReader'
  The getName() method returns
   'fileOrURL' but the  field is named
   'fileOrURLPort'
   This is technically a violation  of the coding standard,
   but permissible because the name  ends in 'Port'
-------> Before clone
-------> after clone
783638 ms. Memory: 2887680K Free: 931079K (32%)
The time is 15:38:16
Setting containers of atomic entities to null
785841 ms. Memory: 2887680K Free: 1556223K (54%)
 Force everything to get expanded ptolemy/configs/cyphysim/configuration.xml
    (Skipping certain optional packages, jxta and viptos)
HLA version is 1.3.
HLA version is 1.3.
HLA version is 1.3.
-------> Before clone
HLA version is 1.3.
-------> after clone

Warning: In 'ptolemy.actor.lib.io.FileReader'
  The getName() method returns
   'fileOrURL' but the  field is named
   'fileOrURLPort'
   This is technically a violation  of the coding standard,
   but permissible because the name  ends in 'Port'
HLA version is 1.3.
Skipping StateSpaceModel as this test iterates through the attributes and calls attributeChanged, which triggers a ConcurrentModificationException.  See org/ptolemy/ssm/test/SSMTest.java
Skipping StateSpaceModel as this test iterates through the attributes and calls attributeChanged, which triggers a ConcurrentModificationException.  See org/ptolemy/ssm/test/SSMTest.java
Skipping StateSpaceModel as this test iterates through the attributes and calls attributeChanged, which triggers a ConcurrentModificationException.  See org/ptolemy/ssm/test/SSMTest.java
HLA version is 1.3.
HLA version is 1.3.
Warning: cyphysim/configuration.xml has no 'actor library.Directors'? (this is ok for dsp, viptos)
-------> Before clone
HLA version is 1.3.
-------> after clone
795557 ms. Memory: 2887680K Free: 612093K (21%)
The time is 15:38:28
Setting containers of atomic entities to null
797954 ms. Memory: 2887680K Free: 1499182K (52%)
 Force everything to get expanded ptolemy/configs/bcvtb/configuration.xml
    (Skipping certain optional packages, jxta and viptos)
-------> Before clone
-------> after clone

Warning: In 'ptolemy.actor.lib.io.FileReader'
  The getName() method returns
   'fileOrURL' but the  field is named
   'fileOrURLPort'
   This is technically a violation  of the coding standard,
   but permissible because the name  ends in 'Port'
-------> Before clone
-------> after clone
800972 ms. Memory: 2887680K Free: 918571K (32%)
The time is 15:38:34
Setting containers of atomic entities to null
803341 ms. Memory: 2887680K Free: 1474197K (51%)
 Force everything to get expanded ptolemy/configs/visualsense/configuration.xml
    (Skipping certain optional packages, jxta and viptos)
-------> Before clone
-------> after clone

Warning: In 'ptolemy.actor.lib.io.FileReader'
  The getName() method returns
   'fileOrURL' but the  field is named
   'fileOrURLPort'
   This is technically a violation  of the coding standard,
   but permissible because the name  ends in 'Port'
-------> Before clone
-------> after clone
808667 ms. Memory: 2887680K Free: 976533K (34%)
The time is 15:38:41
Setting containers of atomic entities to null
811057 ms. Memory: 2887680K Free: 1433615K (50%)
 Force everything to get expanded ptolemy/configs/hyvisual/configuration.xml
    (Skipping certain optional packages, jxta and viptos)
-------> Before clone
-------> after clone
-------> Before clone
-------> after clone
814135 ms. Memory: 2887680K Free: 1278164K (44%)
The time is 15:38:47
Setting containers of atomic entities to null
816473 ms. Memory: 2887680K Free: 1413189K (49%)
 Force everything to get expanded ptolemy/configs/ptinyViewer/configuration.xml
    (Skipping certain optional packages, jxta and viptos)
-------> Before clone
-------> after clone
Warning: ptinyViewer/configuration.xml has no 'actor library'?  (this is ok for ptinyViewer)
-------> Before clone
-------> after clone
816485 ms. Memory: 2887680K Free: 1408069K (49%)
The time is 15:38:49
Setting containers of atomic entities to null
818778 ms. Memory: 2887680K Free: 1415217K (49%)
 Force everything to get expanded ptolemy/configs/dsp/configuration.xml
    (Skipping certain optional packages, jxta and viptos)
-------> Before clone
-------> after clone

Warning: In 'ptolemy.actor.lib.io.FileReader'
  The getName() method returns
   'fileOrURL' but the  field is named
   'fileOrURLPort'
   This is technically a violation  of the coding standard,
   but permissible because the name  ends in 'Port'
Warning: dsp/configuration.xml has no 'actor library.Directors'? (this is ok for dsp, viptos)
-------> Before clone
-------> after clone
820876 ms. Memory: 2887680K Free: 1275441K (44%)
The time is 15:38:53
Setting containers of atomic entities to null
823285 ms. Memory: 2887680K Free: 1396079K (48%)
 Force everything to get expanded ptolemy/configs/ptserver/configuration.xml
    (Skipping certain optional packages, jxta and viptos)
-------> Before clone
-------> after clone

Warning: In 'ptolemy.actor.lib.io.FileReader'
  The getName() method returns
   'fileOrURL' but the  field is named
   'fileOrURLPort'
   This is technically a violation  of the coding standard,
   but permissible because the name  ends in 'Port'
-------> Before clone
-------> after clone
830452 ms. Memory: 2887680K Free: 647533K (22%)
The time is 15:39:03
Setting containers of atomic entities to null
832995 ms. Memory: 2887680K Free: 1355872K (47%)
allConfigs.tcl done!
/home/travis/build/icyphy/ptII/ptolemy/configs/test/allDemos.tcl
Skipping allDemos-1.0, use cd /home/travis/build/icyphy/ptII/ptolemy/configs/test/../../..; ant test.single -Dtest.name=ptolemy.vergil.basic.export.test.junit.ExportModelJUnitTest
/home/travis/build/icyphy/ptII/ptolemy/configs/test/cloneTest.tcl
Simple standalone clone test
The constraints of the master:
  1. (TypeConstant, arrayType(double,2)) <= (variable .Top.Map.origin: arrayType(double))
  2. (TypeConstant, double) <= (variable .Top.Map.resolution: double)
  3. (TypeConstant, {grid = arrayType(int,2), height = int, width = int}) <= (variable .Top.Map.map: {grid = arrayType(int), height = int, width = int})
  4. (port .Top.Map.map: unknown) <= (variable .Top.Map.map: {grid = arrayType(int), height = int, width = int})
  5. (variable .Top.Map.map: {grid = arrayType(int), height = int, width = int}) <= (port .Top.Map.map: unknown)
The constraints of the clone:
  1. (TypeConstant, arrayType(double,2)) <= (variable .Top.Map.origin: arrayType(double))
  2. (TypeConstant, double) <= (variable .Top.Map.resolution: double)
  3. (TypeConstant, {grid = arrayType(int,2), height = int, width = int}) <= (variable .Top.Map.map: {grid = arrayType(int), height = int, width = int})
  4. (port .Top.Map.map: unknown) <= (variable .Top.Map.map: {grid = arrayType(int), height = int, width = int})
  5. (variable .Top.Map.map: {grid = arrayType(int), height = int, width = int}) <= (port .Top.Map.map: unknown)
Congrats, the constraints are the same.
/home/travis/build/icyphy/ptII/ptolemy/configs/test/configurationTools.tcl
/home/travis/build/icyphy/ptII/ptolemy/configs/test/missingDemos.tcl
Updating /home/travis/build/icyphy/ptII/ptolemy/configs/test/../../../ptolemy/configs/doc/models.txt.  This could take a minute.
Done updating /home/travis/build/icyphy/ptII/ptolemy/configs/test/../../../ptolemy/configs/doc/models.txt
Stderr for 'make -C ../doc missingDemos' was
--start--

--end--
Stderr for '/home/travis/build/icyphy/ptII/ptolemy/configs/test/../../../ptolemy/configs/test/missingDemos' was
--start--
org/hlacerti/demo/Fleet1516e/Fleet1516e.xml is not present
org/hlacerti/demo/Fleet1516e/Fleet1516e.xml is not present in completeDemos.htm.  Check for jar files in org/hlacerti/demo/Fleet1516e
--end--


==== $PTII/ptolemy/configs/test/missingDemos.tcl: missingDemos-2.0 Run the missingDemos script.
==== Contents of test case:

    jdkCaptureOutAndErr {
	# In the installer, missingDemos might not be executable.
	exec chmod a+x $PTII/ptolemy/configs/test/missingDemos
        exec $PTII/ptolemy/configs/test/missingDemos
    } out err
    puts "Stderr for '$PTII/ptolemy/configs/test/missingDemos' was\n--start--\n$err\n--end--"
    regsub -all {make: [^']*'} $err {} err2
    list $out $err2

==== Result was:
{} {org/hlacerti/demo/Fleet1516e/Fleet1516e.xml is not present
org/hlacerti/demo/Fleet1516e/Fleet1516e.xml is not present in completeDemos.htm.  Check for jar files in org/hlacerti/demo/Fleet1516e}
---- Result should have been:
{} {}
---- missingDemos-2.0 FAILED
/home/travis/build/icyphy/ptII/ptolemy/configs/test/validDemos.tcl
Validating the xml in /auto/ xml files after removing the configure blocks
................................................................................................................................................................................................................................................................................................................................................................................................................................................................................................................................................................................................................................................................................................................................................................................................................................................................................................................................................................................................................................................................................................................................................................................................................................................................................................................................................................................................................................................................................................................................................................................................................................................................................................................................................................................................................................................................................................................................................................................................................................................................................................................................................................................................................................................................................................................................................................................................................................................................................................................................................................................................................................................................................................................................................................................................................................................
 Error parsing line 2, uri file:///tmp/validDemos9657286603008414280.xml
   Document root element "objectModel", must match DOCTYPE root "null".
Could not parse /home/travis/build/icyphy/ptII/ptolemy/configs/test/../../../org/hlacerti/test/auto/FEDfiles/OneClassVehicle.xml, file /tmp/validDemos9657286603008414280.xml was
<?xml version="1.0"?>
<objectModel>
	<objects>
		<objectClass>
			<name>Vehicle</name>
			<attribute>
				<name>x</name>
				<dataType>HLAfloat64LE</dataType>
				<transportation>HLAreliable</transportation>
				<order>TimeStamp</order>
			</attribute>
			<attribute>
				<name>y</name>
				<dataType>HLAfloat64LE</dataType>
				<transportation>HLAreliable</transportation>
				<order>TimeStamp</order>
			</attribute>
            <attribute>
                <name>z</name>
                <dataType>HLAfloat64LE</dataType>
                <transportation>HLAreliable</transportation>
                <order>TimeStamp</order>
            </attribute>
		</objectClass>
		<objectClass>
			<name>Boule</name>
			<attribute>
				<name>Color</name>
				<dataType>HLAfloat64LE</dataType>
				<transportation>HLAreliable</transportation>
				<order>TimeStamp</order>
			</attribute>
		</objectClass>
	</objects>
	<interactions>
		<interactionClass>
			<name>Bing</name>
		    	<transportation>HLAreliable</transportation>
		    	<order>TimeStamp</order>
		    	<parameter>
		        	<name>BoulNum</name>
		        		<dataType>HLAfloat64LE</dataType>
		    		</parameter>
		    	<parameter>
		        	<name>DX</name>
		        	<dataType>HLAfloat64LE</dataType>
		    	</parameter>
			<parameter> 
				<name>DY</name>
				<dataType>HLAfloat64LE</dataType>
			</parameter>
		</interactionClass>
	    </interactions>
	<routingSpace>
        	<name>Geo</name>
        	<dimension>
            		<name>X</name>
        	</dimension>
        	<dimension>
            		<name>Y</name>
        	</dimension>
    	</routingSpace>
    		<synchronizations>
        	<synchronization label="Init" dataType="NA" capability="RegisterAchieve"/>
        	<synchronization label="Start" dataType="NA" capability="RegisterAchieve"/>
    	</synchronizations>
    	<transportations>
        	<transportation name="HLAreliable" description="Provide reliable delivery of data in the sense that TCP/IP delivers its data reliably"/>
        	<transportation name="HLAbestEffort" description="Make an effort to deliver data in the sense that UDP provides best-effort delivery"/>
    	</transportations>
	<dataTypes>
		<basicDataRepresentations>
			<basicData>
				<name>HLAinteger16BE</name>
				<size>16</size>
				<interpretation>Integer in the range [-2^15, 2^15 - 1]</interpretation>
				<endian>Big</endian>
				<encoding>16-bit two's complement signed integer. The most significant bit contains the sign.</encoding>
			</basicData>
			<basicData>
				<name>HLAinteger32BE</name>
				<size>32</size>
				<interpretation>Integer in the range [-2^31, 2^31 - 1]</interpretation>
				<endian>Big</endian>
				<encoding>32-bit two's complement signed integer. The most significant bit contains the sign.</encoding>
			</basicData>
			<basicData>
				<name>HLAinteger64BE</name>
				<size>64</size>
				<interpretation>Integer in the range [-2^63, 2^63 - 1]</interpretation>
				<endian>Big</endian>
				<encoding>64-bit two's complement signed integer first. The most significant bit contains the sign.
				</encoding>
			</basicData>
			<basicData>
				<name>HLAfloat32BE</name>
				<size>32</size>
				<interpretation>Single-precision floating point number</interpretation>
				<endian>Big</endian>
				<encoding>32-bit IEEE normalized single-precision format. See IEEE Std 754-1985</encoding>
			</basicData>
			<basicData>
				<name>HLAfloat64BE</name>
				<size>64</size>
				<interpretation>Double-precision floating point number</interpretation>
				<endian>Big</endian>
				<encoding>64-bit IEEE normalized double-precision format. See IEEE Std 754-1985</encoding>
			</basicData>
			<basicData>
				<name>HLAoctetPairBE</name>
				<size>16</size>
				<interpretation>16-bit value</interpretation>
				<endian>Big</endian>
				<encoding>Assumed to be portable among devices.</encoding>
			</basicData>
			<basicData>
				<name>HLAinteger16LE</name>
				<size>16</size>
				<interpretation>Integer in the range [-2^15, 2^15 - 1]</interpretation>
				<endian>Little</endian>
				<encoding>16-bit two's complement signed integer. The most significant bit contains the sign.</encoding>
			</basicData>
			<basicData>
				<name>HLAinteger32LE</name>
				<size>32</size>
				<interpretation>Integer in the range [-2^31, 2^31 - 1]</interpretation>
				<endian>Little</endian>
				<encoding>32-bit two's complement signed integer. The most significant bit contains the sign.</encoding>
			</basicData>
			<basicData>
				<name>HLAinteger64LE</name>
				<size>64</size>
				<interpretation>Integer in the range [-2^63, 2^63 - 1]</interpretation>
				<endian>Little</endian>
				<encoding>64-bit two's complement signed integer first. The most significant bit contains the sign.
				</encoding>
			</basicData>
			<basicData>
				<name>HLAfloat32LE</name>
				<size>32</size>
				<interpretation>Single-precision floating point number</interpretation>
				<endian>Little</endian>
				<encoding>32-bit IEEE normalized single-precision format. See IEEE Std 754-1985</encoding>
			</basicData>
			<basicData>
				<name>HLAfloat64LE</name>
				<size>64</size>
				<interpretation>Double-precision floating point number</interpretation>
				<endian>Little</endian>
				<encoding>64-bit IEEE normalized double-precision format. See IEEE Std 754-1985</encoding>
			</basicData>
			<basicData>
				<name>HLAoctetPairLE</name>
				<size>16</size>
				<interpretation>16-bit value</interpretation>
				<endian>Little</endian>
				<encoding>Assumed to be portable among hardware devices.</encoding>
			</basicData>
			<basicData>
				<name>HLAoctet</name>
				<size>8</size>
				<interpretation>8-bit value</interpretation>
				<endian>Big</endian>
				<encoding>Assumed to be portable among hardware devices.</encoding>
			</basicData>
		</basicDataRepresentations>
	</dataTypes>
</objectModel>




==== $PTII/ptolemy/configs/test/validDemos.tcl: validDemos-2736 Validating parse of /home/travis/build/icyphy/ptII/ptolemy/configs/test/../../../org/hlacerti/test/auto/FEDfiles/OneClassVehicle.xml after removing configure
==== Contents of test case:

	    set errMsg {}
	    if [catch {java::call ptolemy.configs.test.ValidatingXMLParser parse $filename} errMsg] {
		puts "Could not parse $modelPath, file $filename was"
		# Print out the contents of the failed file.
		# A common failure is a version control system conflict.
		set fp [open $filename r]
		puts [read $fp]
		close $fp
	    }

	    list $errMsg
	
==== Result was:
{org.xml.sax.SAXParseException; systemId: file:///tmp/validDemos9657286603008414280.xml; lineNumber: 2; columnNumber: 14; Document root element "objectModel", must match DOCTYPE root "null".}
---- Result should have been:
{}
---- validDemos-2736 FAILED
.
 Error parsing line 2, uri file:///tmp/validDemos9657286603008414280.xml
   Document root element "objectModel", must match DOCTYPE root "null".
Could not parse /home/travis/build/icyphy/ptII/ptolemy/configs/test/../../../org/hlacerti/test/auto/FEDfiles/Signal.xml, file /tmp/validDemos9657286603008414280.xml was
<?xml version="1.0"?>
<objectModel>
    <objects>
        <objectClass>
            <name>Signal</name>
            <attribute>
                <name>val</name>
                <dataType>HLAfloat64LE</dataType>
                <transportation>HLAreliable</transportation>
                <order>TimeStamp</order>
            </attribute>
        </objectClass>
    </objects>
    <dataTypes>
        <basicDataRepresentations>
            <basicData>
                <name>HLAinteger16BE</name>
                <size>16</size>
                <interpretation>Integer in the range [-2^15, 2^15 - 1]</interpretation>
                <endian>Big</endian>
                <encoding>16-bit two's complement signed integer. The most significant bit contains the sign.</encoding>
            </basicData>
            <basicData>
                <name>HLAinteger32BE</name>
                <size>32</size>
                <interpretation>Integer in the range [-2^31, 2^31 - 1]</interpretation>
                <endian>Big</endian>
                <encoding>32-bit two's complement signed integer. The most significant bit contains the sign.</encoding>
            </basicData>
            <basicData>
                <name>HLAinteger64BE</name>
                <size>64</size>
                <interpretation>Integer in the range [-2^63, 2^63 - 1]</interpretation>
                <endian>Big</endian>
                <encoding>64-bit two's complement signed integer first. The most significant bit contains the sign.
                </encoding>
            </basicData>
            <basicData>
                <name>HLAfloat32BE</name>
                <size>32</size>
                <interpretation>Single-precision floating point number</interpretation>
                <endian>Big</endian>
                <encoding>32-bit IEEE normalized single-precision format. See IEEE Std 754-1985</encoding>
            </basicData>
            <basicData>
                <name>HLAfloat64BE</name>
                <size>64</size>
                <interpretation>Double-precision floating point number</interpretation>
                <endian>Big</endian>
                <encoding>64-bit IEEE normalized double-precision format. See IEEE Std 754-1985</encoding>
            </basicData>
            <basicData>
                <name>HLAoctetPairBE</name>
                <size>16</size>
                <interpretation>16-bit value</interpretation>
                <endian>Big</endian>
                <encoding>Assumed to be portable among devices.</encoding>
            </basicData>
            <basicData>
                <name>HLAinteger16LE</name>
                <size>16</size>
                <interpretation>Integer in the range [-2^15, 2^15 - 1]</interpretation>
                <endian>Little</endian>
                <encoding>16-bit two's complement signed integer. The most significant bit contains the sign.</encoding>
            </basicData>
            <basicData>
                <name>HLAinteger32LE</name>
                <size>32</size>
                <interpretation>Integer in the range [-2^31, 2^31 - 1]</interpretation>
                <endian>Little</endian>
                <encoding>32-bit two's complement signed integer. The most significant bit contains the sign.</encoding>
            </basicData>
            <basicData>
                <name>HLAinteger64LE</name>
                <size>64</size>
                <interpretation>Integer in the range [-2^63, 2^63 - 1]</interpretation>
                <endian>Little</endian>
                <encoding>64-bit two's complement signed integer first. The most significant bit contains the sign.
                </encoding>
            </basicData>
            <basicData>
                <name>HLAfloat32LE</name>
                <size>32</size>
                <interpretation>Single-precision floating point number</interpretation>
                <endian>Little</endian>
                <encoding>32-bit IEEE normalized single-precision format. See IEEE Std 754-1985</encoding>
            </basicData>
            <basicData>
                <name>HLAfloat64LE</name>
                <size>64</size>
                <interpretation>Double-precision floating point number</interpretation>
                <endian>Little</endian>
                <encoding>64-bit IEEE normalized double-precision format. See IEEE Std 754-1985</encoding>
            </basicData>
            <basicData>
                <name>HLAoctetPairLE</name>
                <size>16</size>
                <interpretation>16-bit value</interpretation>
                <endian>Little</endian>
                <encoding>Assumed to be portable among hardware devices.</encoding>
            </basicData>
            <basicData>
                <name>HLAoctet</name>
                <size>8</size>
                <interpretation>8-bit value</interpretation>
                <endian>Big</endian>
                <encoding>Assumed to be portable among hardware devices.</encoding>
            </basicData>
        </basicDataRepresentations>
    </dataTypes>
</objectModel>



==== $PTII/ptolemy/configs/test/validDemos.tcl: validDemos-2737 Validating parse of /home/travis/build/icyphy/ptII/ptolemy/configs/test/../../../org/hlacerti/test/auto/FEDfiles/Signal.xml after removing configure
==== Contents of test case:

	    set errMsg {}
	    if [catch {java::call ptolemy.configs.test.ValidatingXMLParser parse $filename} errMsg] {
		puts "Could not parse $modelPath, file $filename was"
		# Print out the contents of the failed file.
		# A common failure is a version control system conflict.
		set fp [open $filename r]
		puts [read $fp]
		close $fp
	    }

	    list $errMsg
	
==== Result was:
{org.xml.sax.SAXParseException; systemId: file:///tmp/validDemos9657286603008414280.xml; lineNumber: 2; columnNumber: 14; Document root element "objectModel", must match DOCTYPE root "null".}
---- Result should have been:
{}
---- validDemos-2737 FAILED
.
 Error parsing line 2, uri file:///tmp/validDemos9657286603008414280.xml
   Document root element "objectModel", must match DOCTYPE root "null".
Could not parse /home/travis/build/icyphy/ptII/ptolemy/configs/test/../../../org/hlacerti/test/auto/FEDfiles/StaticMultiInstance12.xml, file /tmp/validDemos9657286603008414280.xml was
<?xml version="1.0"?>
<objectModel>
	<objects>
		<objectClass>
			<name>ValueTransfer</name>
			<attribute>
				<name>val1</name>
				<dataType>HLAfloat64LE</dataType>
				<transportation>HLAreliable</transportation>
				<order>TimeStamp</order>
			</attribute>
			<attribute>
				<name>val2</name>
				<dataType>HLAfloat64LE</dataType>
				<transportation>HLAreliable</transportation>
				<order>TimeStamp</order>
			</attribute>
		</objectClass>
		<objectClass>
			<name>AnotherValueTransfer</name>
			<attribute>
				<name>val3</name>
				<dataType>HLAfloat64LE</dataType>
				<transportation>HLAreliable</transportation>
				<order>TimeStamp</order>
			</attribute>
			<attribute>
				<name>val4</name>
				<dataType>HLAfloat64LE</dataType>
				<transportation>HLAreliable</transportation>
				<order>TimeStamp</order>
			</attribute>
		</objectClass>
	</objects>
	<dataTypes>
		<basicDataRepresentations>
			<basicData>
				<name>HLAinteger16BE</name>
				<size>16</size>
				<interpretation>Integer in the range [-2^15, 2^15 - 1]</interpretation>
				<endian>Big</endian>
				<encoding>16-bit two's complement signed integer. The most significant bit contains the sign.</encoding>
			</basicData>
			<basicData>
				<name>HLAinteger32BE</name>
				<size>32</size>
				<interpretation>Integer in the range [-2^31, 2^31 - 1]</interpretation>
				<endian>Big</endian>
				<encoding>32-bit two's complement signed integer. The most significant bit contains the sign.</encoding>
			</basicData>
			<basicData>
				<name>HLAinteger64BE</name>
				<size>64</size>
				<interpretation>Integer in the range [-2^63, 2^63 - 1]</interpretation>
				<endian>Big</endian>
				<encoding>64-bit two's complement signed integer first. The most significant bit contains the sign.
				</encoding>
			</basicData>
			<basicData>
				<name>HLAfloat32BE</name>
				<size>32</size>
				<interpretation>Single-precision floating point number</interpretation>
				<endian>Big</endian>
				<encoding>32-bit IEEE normalized single-precision format. See IEEE Std 754-1985</encoding>
			</basicData>
			<basicData>
				<name>HLAfloat64BE</name>
				<size>64</size>
				<interpretation>Double-precision floating point number</interpretation>
				<endian>Big</endian>
				<encoding>64-bit IEEE normalized double-precision format. See IEEE Std 754-1985</encoding>
			</basicData>
			<basicData>
				<name>HLAoctetPairBE</name>
				<size>16</size>
				<interpretation>16-bit value</interpretation>
				<endian>Big</endian>
				<encoding>Assumed to be portable among devices.</encoding>
			</basicData>
			<basicData>
				<name>HLAinteger16LE</name>
				<size>16</size>
				<interpretation>Integer in the range [-2^15, 2^15 - 1]</interpretation>
				<endian>Little</endian>
				<encoding>16-bit two's complement signed integer. The most significant bit contains the sign.</encoding>
			</basicData>
			<basicData>
				<name>HLAinteger32LE</name>
				<size>32</size>
				<interpretation>Integer in the range [-2^31, 2^31 - 1]</interpretation>
				<endian>Little</endian>
				<encoding>32-bit two's complement signed integer. The most significant bit contains the sign.</encoding>
			</basicData>
			<basicData>
				<name>HLAinteger64LE</name>
				<size>64</size>
				<interpretation>Integer in the range [-2^63, 2^63 - 1]</interpretation>
				<endian>Little</endian>
				<encoding>64-bit two's complement signed integer first. The most significant bit contains the sign.
				</encoding>
			</basicData>
			<basicData>
				<name>HLAfloat32LE</name>
				<size>32</size>
				<interpretation>Single-precision floating point number</interpretation>
				<endian>Little</endian>
				<encoding>32-bit IEEE normalized single-precision format. See IEEE Std 754-1985</encoding>
			</basicData>
			<basicData>
				<name>HLAfloat64LE</name>
				<size>64</size>
				<interpretation>Double-precision floating point number</interpretation>
				<endian>Little</endian>
				<encoding>64-bit IEEE normalized double-precision format. See IEEE Std 754-1985</encoding>
			</basicData>
			<basicData>
				<name>HLAoctetPairLE</name>
				<size>16</size>
				<interpretation>16-bit value</interpretation>
				<endian>Little</endian>
				<encoding>Assumed to be portable among hardware devices.</encoding>
			</basicData>
			<basicData>
				<name>HLAoctet</name>
				<size>8</size>
				<interpretation>8-bit value</interpretation>
				<endian>Big</endian>
				<encoding>Assumed to be portable among hardware devices.</encoding>
			</basicData>
		</basicDataRepresentations>
	</dataTypes>
</objectModel>



==== $PTII/ptolemy/configs/test/validDemos.tcl: validDemos-2738 Validating parse of /home/travis/build/icyphy/ptII/ptolemy/configs/test/../../../org/hlacerti/test/auto/FEDfiles/StaticMultiInstance12.xml after removing configure
==== Contents of test case:

	    set errMsg {}
	    if [catch {java::call ptolemy.configs.test.ValidatingXMLParser parse $filename} errMsg] {
		puts "Could not parse $modelPath, file $filename was"
		# Print out the contents of the failed file.
		# A common failure is a version control system conflict.
		set fp [open $filename r]
		puts [read $fp]
		close $fp
	    }

	    list $errMsg
	
==== Result was:
{org.xml.sax.SAXParseException; systemId: file:///tmp/validDemos9657286603008414280.xml; lineNumber: 2; columnNumber: 14; Document root element "objectModel", must match DOCTYPE root "null".}
---- Result should have been:
{}
---- validDemos-2738 FAILED
.
 Error parsing line 2, uri file:///tmp/validDemos9657286603008414280.xml
   Document root element "objectModel", must match DOCTYPE root "null".
Could not parse /home/travis/build/icyphy/ptII/ptolemy/configs/test/../../../org/hlacerti/test/auto/FEDfiles/Test1516e.xml, file /tmp/validDemos9657286603008414280.xml was
<?xml version="1.0"?>
<objectModel>
	<objects>
		<objectClass>
			<name>Bille</name>
			<attribute>
				<name>PositionX</name>
				<dataType>HLAfloat64LE</dataType>
				<transportation>HLAreliable</transportation>
				<order>TimeStamp</order>
			</attribute>
			<attribute>
				<name>PositionY</name>
				<dataType>HLAfloat64LE</dataType>
				<transportation>HLAreliable</transportation>
				<order>TimeStamp</order>
			</attribute>
		</objectClass>
		<objectClass>
			<name>Boule</name>
			<attribute>
				<name>Color</name>
				<dataType>HLAfloat64LE</dataType>
				<transportation>HLAreliable</transportation>
				<order>TimeStamp</order>
			</attribute>
		</objectClass>
	</objects>
	<interactions>
		<interactionClass>
			<name>Bing</name>
		    	<transportation>HLAreliable</transportation>
		    	<order>TimeStamp</order>
		    	<parameter>
		        	<name>BoulNum</name>
		        		<dataType>HLAfloat64LE</dataType>
		    		</parameter>
		    	<parameter>
		        	<name>DX</name>
		        	<dataType>HLAfloat64LE</dataType>
		    	</parameter>
			<parameter> 
				<name>DY</name>
				<dataType>HLAfloat64LE</dataType>
			</parameter>
		</interactionClass>
	    </interactions>
	<routingSpace>
        	<name>Geo</name>
        	<dimension>
            		<name>X</name>
        	</dimension>
        	<dimension>
            		<name>Y</name>
        	</dimension>
    	</routingSpace>
    		<synchronizations>
        	<synchronization label="Init" dataType="NA" capability="RegisterAchieve"/>
        	<synchronization label="Start" dataType="NA" capability="RegisterAchieve"/>
    	</synchronizations>
    	<transportations>
        	<transportation name="HLAreliable" description="Provide reliable delivery of data in the sense that TCP/IP delivers its data reliably"/>
        	<transportation name="HLAbestEffort" description="Make an effort to deliver data in the sense that UDP provides best-effort delivery"/>
    	</transportations>
	<dataTypes>
		<basicDataRepresentations>
			<basicData>
				<name>HLAinteger16BE</name>
				<size>16</size>
				<interpretation>Integer in the range [-2^15, 2^15 - 1]</interpretation>
				<endian>Big</endian>
				<encoding>16-bit two's complement signed integer. The most significant bit contains the sign.</encoding>
			</basicData>
			<basicData>
				<name>HLAinteger32BE</name>
				<size>32</size>
				<interpretation>Integer in the range [-2^31, 2^31 - 1]</interpretation>
				<endian>Big</endian>
				<encoding>32-bit two's complement signed integer. The most significant bit contains the sign.</encoding>
			</basicData>
			<basicData>
				<name>HLAinteger64BE</name>
				<size>64</size>
				<interpretation>Integer in the range [-2^63, 2^63 - 1]</interpretation>
				<endian>Big</endian>
				<encoding>64-bit two's complement signed integer first. The most significant bit contains the sign.
				</encoding>
			</basicData>
			<basicData>
				<name>HLAfloat32BE</name>
				<size>32</size>
				<interpretation>Single-precision floating point number</interpretation>
				<endian>Big</endian>
				<encoding>32-bit IEEE normalized single-precision format. See IEEE Std 754-1985</encoding>
			</basicData>
			<basicData>
				<name>HLAfloat64BE</name>
				<size>64</size>
				<interpretation>Double-precision floating point number</interpretation>
				<endian>Big</endian>
				<encoding>64-bit IEEE normalized double-precision format. See IEEE Std 754-1985</encoding>
			</basicData>
			<basicData>
				<name>HLAoctetPairBE</name>
				<size>16</size>
				<interpretation>16-bit value</interpretation>
				<endian>Big</endian>
				<encoding>Assumed to be portable among devices.</encoding>
			</basicData>
			<basicData>
				<name>HLAinteger16LE</name>
				<size>16</size>
				<interpretation>Integer in the range [-2^15, 2^15 - 1]</interpretation>
				<endian>Little</endian>
				<encoding>16-bit two's complement signed integer. The most significant bit contains the sign.</encoding>
			</basicData>
			<basicData>
				<name>HLAinteger32LE</name>
				<size>32</size>
				<interpretation>Integer in the range [-2^31, 2^31 - 1]</interpretation>
				<endian>Little</endian>
				<encoding>32-bit two's complement signed integer. The most significant bit contains the sign.</encoding>
			</basicData>
			<basicData>
				<name>HLAinteger64LE</name>
				<size>64</size>
				<interpretation>Integer in the range [-2^63, 2^63 - 1]</interpretation>
				<endian>Little</endian>
				<encoding>64-bit two's complement signed integer first. The most significant bit contains the sign.
				</encoding>
			</basicData>
			<basicData>
				<name>HLAfloat32LE</name>
				<size>32</size>
				<interpretation>Single-precision floating point number</interpretation>
				<endian>Little</endian>
				<encoding>32-bit IEEE normalized single-precision format. See IEEE Std 754-1985</encoding>
			</basicData>
			<basicData>
				<name>HLAfloat64LE</name>
				<size>64</size>
				<interpretation>Double-precision floating point number</interpretation>
				<endian>Little</endian>
				<encoding>64-bit IEEE normalized double-precision format. See IEEE Std 754-1985</encoding>
			</basicData>
			<basicData>
				<name>HLAoctetPairLE</name>
				<size>16</size>
				<interpretation>16-bit value</interpretation>
				<endian>Little</endian>
				<encoding>Assumed to be portable among hardware devices.</encoding>
			</basicData>
			<basicData>
				<name>HLAoctet</name>
				<size>8</size>
				<interpretation>8-bit value</interpretation>
				<endian>Big</endian>
				<encoding>Assumed to be portable among hardware devices.</encoding>
			</basicData>
		</basicDataRepresentations>
	</dataTypes>
</objectModel>




==== $PTII/ptolemy/configs/test/validDemos.tcl: validDemos-2739 Validating parse of /home/travis/build/icyphy/ptII/ptolemy/configs/test/../../../org/hlacerti/test/auto/FEDfiles/Test1516e.xml after removing configure
==== Contents of test case:

	    set errMsg {}
	    if [catch {java::call ptolemy.configs.test.ValidatingXMLParser parse $filename} errMsg] {
		puts "Could not parse $modelPath, file $filename was"
		# Print out the contents of the failed file.
		# A common failure is a version control system conflict.
		set fp [open $filename r]
		puts [read $fp]
		close $fp
	    }

	    list $errMsg
	
==== Result was:
{org.xml.sax.SAXParseException; systemId: file:///tmp/validDemos9657286603008414280.xml; lineNumber: 2; columnNumber: 14; Document root element "objectModel", must match DOCTYPE root "null".}
---- Result should have been:
{}
---- validDemos-2739 FAILED
.
 Error parsing line 2, uri file:///tmp/validDemos9657286603008414280.xml
   Document root element "objectModel", must match DOCTYPE root "null".
Could not parse /home/travis/build/icyphy/ptII/ptolemy/configs/test/../../../org/hlacerti/test/auto/FEDfiles/1PublisherBadClassName.xml, file /tmp/validDemos9657286603008414280.xml was
<?xml version="1.0"?>
<objectModel>
	<objects>
		<objectClass>
			<name>ValueTransfer</name>
			<attribute>
				<name>val1</name>
				<dataType>HLAfloat64LE</dataType>
				<transportation>HLAreliable</transportation>
				<order>TimeStamp</order>
			</attribute>
		</objectClass>
	</objects>
	<dataTypes>
		<basicDataRepresentations>
			<basicData>
				<name>HLAinteger16BE</name>
				<size>16</size>
				<interpretation>Integer in the range [-2^15, 2^15 - 1]</interpretation>
				<endian>Big</endian>
				<encoding>16-bit two's complement signed integer. The most significant bit contains the sign.</encoding>
			</basicData>
			<basicData>
				<name>HLAinteger32BE</name>
				<size>32</size>
				<interpretation>Integer in the range [-2^31, 2^31 - 1]</interpretation>
				<endian>Big</endian>
				<encoding>32-bit two's complement signed integer. The most significant bit contains the sign.</encoding>
			</basicData>
			<basicData>
				<name>HLAinteger64BE</name>
				<size>64</size>
				<interpretation>Integer in the range [-2^63, 2^63 - 1]</interpretation>
				<endian>Big</endian>
				<encoding>64-bit two's complement signed integer first. The most significant bit contains the sign.
				</encoding>
			</basicData>
			<basicData>
				<name>HLAfloat32BE</name>
				<size>32</size>
				<interpretation>Single-precision floating point number</interpretation>
				<endian>Big</endian>
				<encoding>32-bit IEEE normalized single-precision format. See IEEE Std 754-1985</encoding>
			</basicData>
			<basicData>
				<name>HLAfloat64BE</name>
				<size>64</size>
				<interpretation>Double-precision floating point number</interpretation>
				<endian>Big</endian>
				<encoding>64-bit IEEE normalized double-precision format. See IEEE Std 754-1985</encoding>
			</basicData>
			<basicData>
				<name>HLAoctetPairBE</name>
				<size>16</size>
				<interpretation>16-bit value</interpretation>
				<endian>Big</endian>
				<encoding>Assumed to be portable among devices.</encoding>
			</basicData>
			<basicData>
				<name>HLAinteger16LE</name>
				<size>16</size>
				<interpretation>Integer in the range [-2^15, 2^15 - 1]</interpretation>
				<endian>Little</endian>
				<encoding>16-bit two's complement signed integer. The most significant bit contains the sign.</encoding>
			</basicData>
			<basicData>
				<name>HLAinteger32LE</name>
				<size>32</size>
				<interpretation>Integer in the range [-2^31, 2^31 - 1]</interpretation>
				<endian>Little</endian>
				<encoding>32-bit two's complement signed integer. The most significant bit contains the sign.</encoding>
			</basicData>
			<basicData>
				<name>HLAinteger64LE</name>
				<size>64</size>
				<interpretation>Integer in the range [-2^63, 2^63 - 1]</interpretation>
				<endian>Little</endian>
				<encoding>64-bit two's complement signed integer first. The most significant bit contains the sign.
				</encoding>
			</basicData>
			<basicData>
				<name>HLAfloat32LE</name>
				<size>32</size>
				<interpretation>Single-precision floating point number</interpretation>
				<endian>Little</endian>
				<encoding>32-bit IEEE normalized single-precision format. See IEEE Std 754-1985</encoding>
			</basicData>
			<basicData>
				<name>HLAfloat64LE</name>
				<size>64</size>
				<interpretation>Double-precision floating point number</interpretation>
				<endian>Little</endian>
				<encoding>64-bit IEEE normalized double-precision format. See IEEE Std 754-1985</encoding>
			</basicData>
			<basicData>
				<name>HLAoctetPairLE</name>
				<size>16</size>
				<interpretation>16-bit value</interpretation>
				<endian>Little</endian>
				<encoding>Assumed to be portable among hardware devices.</encoding>
			</basicData>
			<basicData>
				<name>HLAoctet</name>
				<size>8</size>
				<interpretation>8-bit value</interpretation>
				<endian>Big</endian>
				<encoding>Assumed to be portable among hardware devices.</encoding>
			</basicData>
		</basicDataRepresentations>
	</dataTypes>
</objectModel>



==== $PTII/ptolemy/configs/test/validDemos.tcl: validDemos-2740 Validating parse of /home/travis/build/icyphy/ptII/ptolemy/configs/test/../../../org/hlacerti/test/auto/FEDfiles/1PublisherBadClassName.xml after removing configure
==== Contents of test case:

	    set errMsg {}
	    if [catch {java::call ptolemy.configs.test.ValidatingXMLParser parse $filename} errMsg] {
		puts "Could not parse $modelPath, file $filename was"
		# Print out the contents of the failed file.
		# A common failure is a version control system conflict.
		set fp [open $filename r]
		puts [read $fp]
		close $fp
	    }

	    list $errMsg
	
==== Result was:
{org.xml.sax.SAXParseException; systemId: file:///tmp/validDemos9657286603008414280.xml; lineNumber: 2; columnNumber: 14; Document root element "objectModel", must match DOCTYPE root "null".}
---- Result should have been:
{}
---- validDemos-2740 FAILED
.
 Error parsing line 2, uri file:///tmp/validDemos9657286603008414280.xml
   Document root element "objectModel", must match DOCTYPE root "null".
Could not parse /home/travis/build/icyphy/ptII/ptolemy/configs/test/../../../org/hlacerti/test/auto/FEDfiles/StaticMultiInstance1516e.xml, file /tmp/validDemos9657286603008414280.xml was
<?xml version="1.0"?>
<objectModel>
	<objects>
		<objectClass>
			<name>ValueTransfer</name>
			<attribute>
				<name>val1</name>
				<dataType>HLAfloat64LE</dataType>
				<transportation>HLAreliable</transportation>
				<order>TimeStamp</order>
			</attribute>
			<attribute>
				<name>val2</name>
				<dataType>HLAfloat64LE</dataType>
				<transportation>HLAreliable</transportation>
				<order>TimeStamp</order>
			</attribute>
		</objectClass>
		<objectClass>
			<name>AnotherValueTransfer</name>
			<attribute>
				<name>val3</name>
				<dataType>HLAfloat64LE</dataType>
				<transportation>HLAreliable</transportation>
				<order>TimeStamp</order>
			</attribute>
			<attribute>
				<name>val4</name>
				<dataType>HLAfloat64LE</dataType>
				<transportation>HLAreliable</transportation>
				<order>TimeStamp</order>
			</attribute>
		</objectClass>
	</objects>
	<dataTypes>
		<basicDataRepresentations>
			<basicData>
				<name>HLAinteger16BE</name>
				<size>16</size>
				<interpretation>Integer in the range [-2^15, 2^15 - 1]</interpretation>
				<endian>Big</endian>
				<encoding>16-bit two's complement signed integer. The most significant bit contains the sign.</encoding>
			</basicData>
			<basicData>
				<name>HLAinteger32BE</name>
				<size>32</size>
				<interpretation>Integer in the range [-2^31, 2^31 - 1]</interpretation>
				<endian>Big</endian>
				<encoding>32-bit two's complement signed integer. The most significant bit contains the sign.</encoding>
			</basicData>
			<basicData>
				<name>HLAinteger64BE</name>
				<size>64</size>
				<interpretation>Integer in the range [-2^63, 2^63 - 1]</interpretation>
				<endian>Big</endian>
				<encoding>64-bit two's complement signed integer first. The most significant bit contains the sign.
				</encoding>
			</basicData>
			<basicData>
				<name>HLAfloat32BE</name>
				<size>32</size>
				<interpretation>Single-precision floating point number</interpretation>
				<endian>Big</endian>
				<encoding>32-bit IEEE normalized single-precision format. See IEEE Std 754-1985</encoding>
			</basicData>
			<basicData>
				<name>HLAfloat64BE</name>
				<size>64</size>
				<interpretation>Double-precision floating point number</interpretation>
				<endian>Big</endian>
				<encoding>64-bit IEEE normalized double-precision format. See IEEE Std 754-1985</encoding>
			</basicData>
			<basicData>
				<name>HLAoctetPairBE</name>
				<size>16</size>
				<interpretation>16-bit value</interpretation>
				<endian>Big</endian>
				<encoding>Assumed to be portable among devices.</encoding>
			</basicData>
			<basicData>
				<name>HLAinteger16LE</name>
				<size>16</size>
				<interpretation>Integer in the range [-2^15, 2^15 - 1]</interpretation>
				<endian>Little</endian>
				<encoding>16-bit two's complement signed integer. The most significant bit contains the sign.</encoding>
			</basicData>
			<basicData>
				<name>HLAinteger32LE</name>
				<size>32</size>
				<interpretation>Integer in the range [-2^31, 2^31 - 1]</interpretation>
				<endian>Little</endian>
				<encoding>32-bit two's complement signed integer. The most significant bit contains the sign.</encoding>
			</basicData>
			<basicData>
				<name>HLAinteger64LE</name>
				<size>64</size>
				<interpretation>Integer in the range [-2^63, 2^63 - 1]</interpretation>
				<endian>Little</endian>
				<encoding>64-bit two's complement signed integer first. The most significant bit contains the sign.
				</encoding>
			</basicData>
			<basicData>
				<name>HLAfloat32LE</name>
				<size>32</size>
				<interpretation>Single-precision floating point number</interpretation>
				<endian>Little</endian>
				<encoding>32-bit IEEE normalized single-precision format. See IEEE Std 754-1985</encoding>
			</basicData>
			<basicData>
				<name>HLAfloat64LE</name>
				<size>64</size>
				<interpretation>Double-precision floating point number</interpretation>
				<endian>Little</endian>
				<encoding>64-bit IEEE normalized double-precision format. See IEEE Std 754-1985</encoding>
			</basicData>
			<basicData>
				<name>HLAoctetPairLE</name>
				<size>16</size>
				<interpretation>16-bit value</interpretation>
				<endian>Little</endian>
				<encoding>Assumed to be portable among hardware devices.</encoding>
			</basicData>
			<basicData>
				<name>HLAoctet</name>
				<size>8</size>
				<interpretation>8-bit value</interpretation>
				<endian>Big</endian>
				<encoding>Assumed to be portable among hardware devices.</encoding>
			</basicData>
		</basicDataRepresentations>
	</dataTypes>
</objectModel>



==== $PTII/ptolemy/configs/test/validDemos.tcl: validDemos-2741 Validating parse of /home/travis/build/icyphy/ptII/ptolemy/configs/test/../../../org/hlacerti/test/auto/FEDfiles/StaticMultiInstance1516e.xml after removing configure
==== Contents of test case:

	    set errMsg {}
	    if [catch {java::call ptolemy.configs.test.ValidatingXMLParser parse $filename} errMsg] {
		puts "Could not parse $modelPath, file $filename was"
		# Print out the contents of the failed file.
		# A common failure is a version control system conflict.
		set fp [open $filename r]
		puts [read $fp]
		close $fp
	    }

	    list $errMsg
	
==== Result was:
{org.xml.sax.SAXParseException; systemId: file:///tmp/validDemos9657286603008414280.xml; lineNumber: 2; columnNumber: 14; Document root element "objectModel", must match DOCTYPE root "null".}
---- Result should have been:
{}
---- validDemos-2741 FAILED
.
 Error parsing line 2, uri file:///tmp/validDemos9657286603008414280.xml
   Document root element "objectModel", must match DOCTYPE root "null".
Could not parse /home/travis/build/icyphy/ptII/ptolemy/configs/test/../../../org/hlacerti/test/auto/FEDfiles/StaticMultiInstance21.xml, file /tmp/validDemos9657286603008414280.xml was
<?xml version="1.0"?>
<objectModel>
	<objects>
		<objectClass>
			<name>ValueTransfer</name>
			<attribute>
				<name>val1</name>
				<dataType>HLAfloat64LE</dataType>
				<transportation>HLAreliable</transportation>
				<order>TimeStamp</order>
			</attribute>
			<attribute>
				<name>val2</name>
				<dataType>HLAfloat64LE</dataType>
				<transportation>HLAreliable</transportation>
				<order>TimeStamp</order>
			</attribute>
		</objectClass>
		<objectClass>
			<name>AnotherValueTransfer</name>
			<attribute>
				<name>val3</name>
				<dataType>HLAfloat64LE</dataType>
				<transportation>HLAreliable</transportation>
				<order>TimeStamp</order>
			</attribute>
			<attribute>
				<name>val4</name>
				<dataType>HLAfloat64LE</dataType>
				<transportation>HLAreliable</transportation>
				<order>TimeStamp</order>
			</attribute>
		</objectClass>
	</objects>
	<dataTypes>
		<basicDataRepresentations>
			<basicData>
				<name>HLAinteger16BE</name>
				<size>16</size>
				<interpretation>Integer in the range [-2^15, 2^15 - 1]</interpretation>
				<endian>Big</endian>
				<encoding>16-bit two's complement signed integer. The most significant bit contains the sign.</encoding>
			</basicData>
			<basicData>
				<name>HLAinteger32BE</name>
				<size>32</size>
				<interpretation>Integer in the range [-2^31, 2^31 - 1]</interpretation>
				<endian>Big</endian>
				<encoding>32-bit two's complement signed integer. The most significant bit contains the sign.</encoding>
			</basicData>
			<basicData>
				<name>HLAinteger64BE</name>
				<size>64</size>
				<interpretation>Integer in the range [-2^63, 2^63 - 1]</interpretation>
				<endian>Big</endian>
				<encoding>64-bit two's complement signed integer first. The most significant bit contains the sign.
				</encoding>
			</basicData>
			<basicData>
				<name>HLAfloat32BE</name>
				<size>32</size>
				<interpretation>Single-precision floating point number</interpretation>
				<endian>Big</endian>
				<encoding>32-bit IEEE normalized single-precision format. See IEEE Std 754-1985</encoding>
			</basicData>
			<basicData>
				<name>HLAfloat64BE</name>
				<size>64</size>
				<interpretation>Double-precision floating point number</interpretation>
				<endian>Big</endian>
				<encoding>64-bit IEEE normalized double-precision format. See IEEE Std 754-1985</encoding>
			</basicData>
			<basicData>
				<name>HLAoctetPairBE</name>
				<size>16</size>
				<interpretation>16-bit value</interpretation>
				<endian>Big</endian>
				<encoding>Assumed to be portable among devices.</encoding>
			</basicData>
			<basicData>
				<name>HLAinteger16LE</name>
				<size>16</size>
				<interpretation>Integer in the range [-2^15, 2^15 - 1]</interpretation>
				<endian>Little</endian>
				<encoding>16-bit two's complement signed integer. The most significant bit contains the sign.</encoding>
			</basicData>
			<basicData>
				<name>HLAinteger32LE</name>
				<size>32</size>
				<interpretation>Integer in the range [-2^31, 2^31 - 1]</interpretation>
				<endian>Little</endian>
				<encoding>32-bit two's complement signed integer. The most significant bit contains the sign.</encoding>
			</basicData>
			<basicData>
				<name>HLAinteger64LE</name>
				<size>64</size>
				<interpretation>Integer in the range [-2^63, 2^63 - 1]</interpretation>
				<endian>Little</endian>
				<encoding>64-bit two's complement signed integer first. The most significant bit contains the sign.
				</encoding>
			</basicData>
			<basicData>
				<name>HLAfloat32LE</name>
				<size>32</size>
				<interpretation>Single-precision floating point number</interpretation>
				<endian>Little</endian>
				<encoding>32-bit IEEE normalized single-precision format. See IEEE Std 754-1985</encoding>
			</basicData>
			<basicData>
				<name>HLAfloat64LE</name>
				<size>64</size>
				<interpretation>Double-precision floating point number</interpretation>
				<endian>Little</endian>
				<encoding>64-bit IEEE normalized double-precision format. See IEEE Std 754-1985</encoding>
			</basicData>
			<basicData>
				<name>HLAoctetPairLE</name>
				<size>16</size>
				<interpretation>16-bit value</interpretation>
				<endian>Little</endian>
				<encoding>Assumed to be portable among hardware devices.</encoding>
			</basicData>
			<basicData>
				<name>HLAoctet</name>
				<size>8</size>
				<interpretation>8-bit value</interpretation>
				<endian>Big</endian>
				<encoding>Assumed to be portable among hardware devices.</encoding>
			</basicData>
		</basicDataRepresentations>
	</dataTypes>
</objectModel>



==== $PTII/ptolemy/configs/test/validDemos.tcl: validDemos-2742 Validating parse of /home/travis/build/icyphy/ptII/ptolemy/configs/test/../../../org/hlacerti/test/auto/FEDfiles/StaticMultiInstance21.xml after removing configure
==== Contents of test case:

	    set errMsg {}
	    if [catch {java::call ptolemy.configs.test.ValidatingXMLParser parse $filename} errMsg] {
		puts "Could not parse $modelPath, file $filename was"
		# Print out the contents of the failed file.
		# A common failure is a version control system conflict.
		set fp [open $filename r]
		puts [read $fp]
		close $fp
	    }

	    list $errMsg
	
==== Result was:
{org.xml.sax.SAXParseException; systemId: file:///tmp/validDemos9657286603008414280.xml; lineNumber: 2; columnNumber: 14; Document root element "objectModel", must match DOCTYPE root "null".}
---- Result should have been:
{}
---- validDemos-2742 FAILED
.
 Error parsing line 2, uri file:///tmp/validDemos9657286603008414280.xml
   Document root element "objectModel", must match DOCTYPE root "null".
Could not parse /home/travis/build/icyphy/ptII/ptolemy/configs/test/../../../org/hlacerti/test/auto/FEDfiles/NoData.xml, file /tmp/validDemos9657286603008414280.xml was
<?xml version="1.0"?>
<objectModel>
    <objects>
        <objectClass name="Signal">
            <attribute name="val" transportation="HLAreliable" order="TimeStamp" />
            <attribute name="PositionY" transportation="HLAreliable" order="TimeStamp" />
        </objectClass>
    </objects>
    <interactions>
        <interactionClass name="Bing" transportation="HLAreliable" order="TimeStamp">
            <parameter name="BoulNum" />
            <parameter name="DX" />
            <parameter name="DY" />
        </interactionClass>
    </interactions>
    <dimensions>
    </dimensions>
    <time>
    </time>
    <transportations>
        <transportation name="HLAreliable" description="Provide reliable delivery of data in the sense that TCP/IP delivers its data reliably"/>
        <transportation name="HLAbestEffort" description="Make an effort to deliver data in the sense that UDP provides best-effort delivery"/>
    </transportations>
</objectModel>




==== $PTII/ptolemy/configs/test/validDemos.tcl: validDemos-2743 Validating parse of /home/travis/build/icyphy/ptII/ptolemy/configs/test/../../../org/hlacerti/test/auto/FEDfiles/NoData.xml after removing configure
==== Contents of test case:

	    set errMsg {}
	    if [catch {java::call ptolemy.configs.test.ValidatingXMLParser parse $filename} errMsg] {
		puts "Could not parse $modelPath, file $filename was"
		# Print out the contents of the failed file.
		# A common failure is a version control system conflict.
		set fp [open $filename r]
		puts [read $fp]
		close $fp
	    }

	    list $errMsg
	
==== Result was:
{org.xml.sax.SAXParseException; systemId: file:///tmp/validDemos9657286603008414280.xml; lineNumber: 2; columnNumber: 14; Document root element "objectModel", must match DOCTYPE root "null".}
---- Result should have been:
{}
---- validDemos-2743 FAILED
.
 Error parsing line 2, uri file:///tmp/validDemos9657286603008414280.xml
   Document root element "objectModel", must match DOCTYPE root "null".
Could not parse /home/travis/build/icyphy/ptII/ptolemy/configs/test/../../../org/hlacerti/test/auto/FEDfiles/uav_array.xml, file /tmp/validDemos9657286603008414280.xml was
<?xml version="1.0"?>
<objectModel>
    <objects>
        <objectClass>
            <name>ObjectRoot</name>
            <attribute>
                <name>privilegeToDelete</name>
                <dataType>HLAfloat64LE</dataType>
                <transportation>HLAreliable</transportation>
                <order>TimeStamp</order>
            </attribute>
            <objectClass>
                <name>RTIprivate</name>
            </objectClass>
            <objectClass>
                <name>SampleClass</name>
                <attribute>
                    <name>FixedArrayAttribute</name>
                    <dataType>HLAfixedArray</dataType>
                    <transportation>HLAreliable</transportation>
                    <order>TimeStamp</order>
                </attribute>
                <attribute>
                    <name>FixedRecordAttribute</name>
                    <dataType>HLAfixedRecord</dataType>
                    <transportation>HLAreliable</transportation>
                    <order>TimeStamp</order>
                </attribute>
                <attribute>
                    <name>VariableArrayAttribute</name>
                    <dataType>HLAvariableArray</dataType>
                    <transportation>HLAreliable</transportation>
                    <order>TimeStamp</order>
                </attribute>
                <attribute>
                    <name>FloatAttribute</name>
                    <dataType>HLAfloat32BE</dataType>
                    <transportation>HLAreliable</transportation>
                    <order>TimeStamp</order>
                </attribute>
                <attribute>
                    <name>DoubleAttribute</name>
                    <dataType>HLAfloat64BE</dataType>
                    <transportation>HLAreliable</transportation>
                    <order>TimeStamp</order>
                </attribute>
                <attribute>
                    <name>IntegerAttribute</name>
                    <dataType>HLAInteger64BE</dataType>
                    <transportation>HLAreliable</transportation>
                    <order>TimeStamp</order>
                </attribute>
            </objectClass>
        </objectClass>
    </objects>
    
</objectModel>





==== $PTII/ptolemy/configs/test/validDemos.tcl: validDemos-2744 Validating parse of /home/travis/build/icyphy/ptII/ptolemy/configs/test/../../../org/hlacerti/test/auto/FEDfiles/uav_array.xml after removing configure
==== Contents of test case:

	    set errMsg {}
	    if [catch {java::call ptolemy.configs.test.ValidatingXMLParser parse $filename} errMsg] {
		puts "Could not parse $modelPath, file $filename was"
		# Print out the contents of the failed file.
		# A common failure is a version control system conflict.
		set fp [open $filename r]
		puts [read $fp]
		close $fp
	    }

	    list $errMsg
	
==== Result was:
{org.xml.sax.SAXParseException; systemId: file:///tmp/validDemos9657286603008414280.xml; lineNumber: 2; columnNumber: 14; Document root element "objectModel", must match DOCTYPE root "null".}
---- Result should have been:
{}
---- validDemos-2744 FAILED
.
 Error parsing line 2, uri file:///tmp/validDemos9657286603008414280.xml
   Document root element "objectModel", must match DOCTYPE root "null".
Could not parse /home/travis/build/icyphy/ptII/ptolemy/configs/test/../../../org/hlacerti/test/auto/FEDfiles/1SubscriberBadClassName.xml, file /tmp/validDemos9657286603008414280.xml was
<?xml version="1.0"?>
<objectModel>
	<objects>
		<objectClass>
			<name>ValueTransfer</name>
			<attribute>
				<name>val1</name>
				<dataType>HLAfloat64LE</dataType>
				<transportation>HLAreliable</transportation>
				<order>TimeStamp</order>
			</attribute>
		</objectClass>
	</objects>
	<dataTypes>
		<basicDataRepresentations>
			<basicData>
				<name>HLAinteger16BE</name>
				<size>16</size>
				<interpretation>Integer in the range [-2^15, 2^15 - 1]</interpretation>
				<endian>Big</endian>
				<encoding>16-bit two's complement signed integer. The most significant bit contains the sign.</encoding>
			</basicData>
			<basicData>
				<name>HLAinteger32BE</name>
				<size>32</size>
				<interpretation>Integer in the range [-2^31, 2^31 - 1]</interpretation>
				<endian>Big</endian>
				<encoding>32-bit two's complement signed integer. The most significant bit contains the sign.</encoding>
			</basicData>
			<basicData>
				<name>HLAinteger64BE</name>
				<size>64</size>
				<interpretation>Integer in the range [-2^63, 2^63 - 1]</interpretation>
				<endian>Big</endian>
				<encoding>64-bit two's complement signed integer first. The most significant bit contains the sign.
				</encoding>
			</basicData>
			<basicData>
				<name>HLAfloat32BE</name>
				<size>32</size>
				<interpretation>Single-precision floating point number</interpretation>
				<endian>Big</endian>
				<encoding>32-bit IEEE normalized single-precision format. See IEEE Std 754-1985</encoding>
			</basicData>
			<basicData>
				<name>HLAfloat64BE</name>
				<size>64</size>
				<interpretation>Double-precision floating point number</interpretation>
				<endian>Big</endian>
				<encoding>64-bit IEEE normalized double-precision format. See IEEE Std 754-1985</encoding>
			</basicData>
			<basicData>
				<name>HLAoctetPairBE</name>
				<size>16</size>
				<interpretation>16-bit value</interpretation>
				<endian>Big</endian>
				<encoding>Assumed to be portable among devices.</encoding>
			</basicData>
			<basicData>
				<name>HLAinteger16LE</name>
				<size>16</size>
				<interpretation>Integer in the range [-2^15, 2^15 - 1]</interpretation>
				<endian>Little</endian>
				<encoding>16-bit two's complement signed integer. The most significant bit contains the sign.</encoding>
			</basicData>
			<basicData>
				<name>HLAinteger32LE</name>
				<size>32</size>
				<interpretation>Integer in the range [-2^31, 2^31 - 1]</interpretation>
				<endian>Little</endian>
				<encoding>32-bit two's complement signed integer. The most significant bit contains the sign.</encoding>
			</basicData>
			<basicData>
				<name>HLAinteger64LE</name>
				<size>64</size>
				<interpretation>Integer in the range [-2^63, 2^63 - 1]</interpretation>
				<endian>Little</endian>
				<encoding>64-bit two's complement signed integer first. The most significant bit contains the sign.
				</encoding>
			</basicData>
			<basicData>
				<name>HLAfloat32LE</name>
				<size>32</size>
				<interpretation>Single-precision floating point number</interpretation>
				<endian>Little</endian>
				<encoding>32-bit IEEE normalized single-precision format. See IEEE Std 754-1985</encoding>
			</basicData>
			<basicData>
				<name>HLAfloat64LE</name>
				<size>64</size>
				<interpretation>Double-precision floating point number</interpretation>
				<endian>Little</endian>
				<encoding>64-bit IEEE normalized double-precision format. See IEEE Std 754-1985</encoding>
			</basicData>
			<basicData>
				<name>HLAoctetPairLE</name>
				<size>16</size>
				<interpretation>16-bit value</interpretation>
				<endian>Little</endian>
				<encoding>Assumed to be portable among hardware devices.</encoding>
			</basicData>
			<basicData>
				<name>HLAoctet</name>
				<size>8</size>
				<interpretation>8-bit value</interpretation>
				<endian>Big</endian>
				<encoding>Assumed to be portable among hardware devices.</encoding>
			</basicData>
		</basicDataRepresentations>
	</dataTypes>
</objectModel>



==== $PTII/ptolemy/configs/test/validDemos.tcl: validDemos-2745 Validating parse of /home/travis/build/icyphy/ptII/ptolemy/configs/test/../../../org/hlacerti/test/auto/FEDfiles/1SubscriberBadClassName.xml after removing configure
==== Contents of test case:

	    set errMsg {}
	    if [catch {java::call ptolemy.configs.test.ValidatingXMLParser parse $filename} errMsg] {
		puts "Could not parse $modelPath, file $filename was"
		# Print out the contents of the failed file.
		# A common failure is a version control system conflict.
		set fp [open $filename r]
		puts [read $fp]
		close $fp
	    }

	    list $errMsg
	
==== Result was:
{org.xml.sax.SAXParseException; systemId: file:///tmp/validDemos9657286603008414280.xml; lineNumber: 2; columnNumber: 14; Document root element "objectModel", must match DOCTYPE root "null".}
---- Result should have been:
{}
---- validDemos-2745 FAILED
.
 Error parsing line 2, uri file:///tmp/validDemos9657286603008414280.xml
   Document root element "objectModel", must match DOCTYPE root "null".
Could not parse /home/travis/build/icyphy/ptII/ptolemy/configs/test/../../../org/hlacerti/test/auto/FEDfiles/aircraftFleet.xml, file /tmp/validDemos9657286603008414280.xml was
<?xml version="1.0"?>
<objectModel>
    <objects>
	<objectClass>
		<name>ObjectRoot</name>
		<attribute> 
			<name>privilegeToDelete</name>
			<dataType>HLAfloat64LE</dataType>
[...]
Warning: Nashorn engine is planned to be removed from a future JDK release
Warning: Nashorn engine is planned to be removed from a future JDK release
Warning: Nashorn engine is planned to be removed from a future JDK release
Warning: Nashorn engine is planned to be removed from a future JDK release
Warning: Nashorn engine is planned to be removed from a future JDK release
Warning: Nashorn engine is planned to be removed from a future JDK release
Warning: Nashorn engine is planned to be removed from a future JDK release
Warning: Nashorn engine is planned to be removed from a future JDK release
Warning: Nashorn engine is planned to be removed from a future JDK release
Warning: Nashorn engine is planned to be removed from a future JDK release
Warning: Nashorn engine is planned to be removed from a future JDK release
Warning: Nashorn engine is planned to be removed from a future JDK release
Warning: Nashorn engine is planned to be removed from a future JDK release
Warning: Nashorn engine is planned to be removed from a future JDK release
Warning: Nashorn engine is planned to be removed from a future JDK release
Warning: Nashorn engine is planned to be removed from a future JDK release
Warning: Nashorn engine is planned to be removed from a future JDK release
Warning: Nashorn engine is planned to be removed from a future JDK release
Warning: Nashorn engine is planned to be removed from a future JDK release
Warning: Nashorn engine is planned to be removed from a future JDK release
Warning: Nashorn engine is planned to be removed from a future JDK release
Warning: Nashorn engine is planned to be removed from a future JDK release
Warning: Nashorn engine is planned to be removed from a future JDK release
Warning: Nashorn engine is planned to be removed from a future JDK release
Warning: Nashorn engine is planned to be removed from a future JDK release
Warning: Nashorn engine is planned to be removed from a future JDK release
Warning: Nashorn engine is planned to be removed from a future JDK release
Warning: Nashorn engine is planned to be removed from a future JDK release
Warning: Nashorn engine is planned to be removed from a future JDK release
Warning: Nashorn engine is planned to be removed from a future JDK release
Warning: Nashorn engine is planned to be removed from a future JDK release
Warning: Nashorn engine is planned to be removed from a future JDK release
Warning: Nashorn engine is planned to be removed from a future JDK release
Warning: Nashorn engine is planned to be removed from a future JDK release
Warning: Nashorn engine is planned to be removed from a future JDK release
Warning: Nashorn engine is planned to be removed from a future JDK release
Warning: Nashorn engine is planned to be removed from a future JDK release
Warning: Nashorn engine is planned to be removed from a future JDK release
Warning: Nashorn engine is planned to be removed from a future JDK release
Warning: Nashorn engine is planned to be removed from a future JDK release
Warning: Nashorn engine is planned to be removed from a future JDK release
Warning: Nashorn engine is planned to be removed from a future JDK release
Warning: Nashorn engine is planned to be removed from a future JDK release
Warning: Nashorn engine is planned to be removed from a future JDK release
Warning: Nashorn engine is planned to be removed from a future JDK release
Warning: Nashorn engine is planned to be removed from a future JDK release
Warning: Nashorn engine is planned to be removed from a future JDK release
Warning: Nashorn engine is planned to be removed from a future JDK release
Warning: Nashorn engine is planned to be removed from a future JDK release
Warning: Nashorn engine is planned to be removed from a future JDK release
Warning: Nashorn engine is planned to be removed from a future JDK release
Warning: Nashorn engine is planned to be removed from a future JDK release
Warning: Nashorn engine is planned to be removed from a future JDK release
Warning: Nashorn engine is planned to be removed from a future JDK release
Warning: Nashorn engine is planned to be removed from a future JDK release
Warning: Nashorn engine is planned to be removed from a future JDK release
Warning: Nashorn engine is planned to be removed from a future JDK release
Warning: Nashorn engine is planned to be removed from a future JDK release
Warning: Nashorn engine is planned to be removed from a future JDK release
Warning: Nashorn engine is planned to be removed from a future JDK release
Warning: Nashorn engine is planned to be removed from a future JDK release
Warning: Nashorn engine is planned to be removed from a future JDK release
Warning: Nashorn engine is planned to be removed from a future JDK release
Warning: Nashorn engine is planned to be removed from a future JDK release
Warning: Nashorn engine is planned to be removed from a future JDK release
Warning: Nashorn engine is planned to be removed from a future JDK release
Warning: Nashorn engine is planned to be removed from a future JDK release
Warning: Nashorn engine is planned to be removed from a future JDK release
Warning: Nashorn engine is planned to be removed from a future JDK release
Warning: Nashorn engine is planned to be removed from a future JDK release
Warning: Nashorn engine is planned to be removed from a future JDK release
Warning: Nashorn engine is planned to be removed from a future JDK release
Warning: Nashorn engine is planned to be removed from a future JDK release
Warning: Nashorn engine is planned to be removed from a future JDK release
Warning: Nashorn engine is planned to be removed from a future JDK release
Warning: Nashorn engine is planned to be removed from a future JDK release
Warning: Nashorn engine is planned to be removed from a future JDK release
Warning: Nashorn engine is planned to be removed from a future JDK release
Warning: Nashorn engine is planned to be removed from a future JDK release
Warning: Nashorn engine is planned to be removed from a future JDK release
Warning: Nashorn engine is planned to be removed from a future JDK release
Warning: Nashorn engine is planned to be removed from a future JDK release
Warning: Nashorn engine is planned to be removed from a future JDK release
Warning: Nashorn engine is planned to be removed from a future JDK release
Warning: Nashorn engine is planned to be removed from a future JDK release
Warning: Nashorn engine is planned to be removed from a future JDK release
Warning: Nashorn engine is planned to be removed from a future JDK release
Warning: Nashorn engine is planned to be removed from a future JDK release
Warning: Nashorn engine is planned to be removed from a future JDK release
Warning: Nashorn engine is planned to be removed from a future JDK release
Warning: Nashorn engine is planned to be removed from a future JDK release
Warning: Nashorn engine is planned to be removed from a future JDK release
Warning: Nashorn engine is planned to be removed from a future JDK release
Warning: Nashorn engine is planned to be removed from a future JDK release
Warning: Nashorn engine is planned to be removed from a future JDK release
Warning: Nashorn engine is planned to be removed from a future JDK release
Warning: Nashorn engine is planned to be removed from a future JDK release
Warning: Nashorn engine is planned to be removed from a future JDK release
Warning: Nashorn engine is planned to be removed from a future JDK release
Warning: Nashorn engine is planned to be removed from a future JDK release
Warning: Nashorn engine is planned to be removed from a future JDK release
Warning: Nashorn engine is planned to be removed from a future JDK release
Warning: Nashorn engine is planned to be removed from a future JDK release
Warning: Nashorn engine is planned to be removed from a future JDK release
Warning: Nashorn engine is planned to be removed from a future JDK release
Warning: Nashorn engine is planned to be removed from a future JDK release
Warning: Nashorn engine is planned to be removed from a future JDK release
Warning: Nashorn engine is planned to be removed from a future JDK release
Warning: Nashorn engine is planned to be removed from a future JDK release
Warning: Nashorn engine is planned to be removed from a future JDK release
Warning: Nashorn engine is planned to be removed from a future JDK release
Warning: Nashorn engine is planned to be removed from a future JDK release
Warning: Nashorn engine is planned to be removed from a future JDK release
Warning: Nashorn engine is planned to be removed from a future JDK release
Warning: Nashorn engine is planned to be removed from a future JDK release
Warning: Nashorn engine is planned to be removed from a future JDK release
Warning: Nashorn engine is planned to be removed from a future JDK release
Warning: Nashorn engine is planned to be removed from a future JDK release
Warning: Nashorn engine is planned to be removed from a future JDK release
Warning: Nashorn engine is planned to be removed from a future JDK release
Warning: Nashorn engine is planned to be removed from a future JDK release
Warning: Nashorn engine is planned to be removed from a future JDK release
Warning: Nashorn engine is planned to be removed from a future JDK release
Warning: Nashorn engine is planned to be removed from a future JDK release
Warning: Nashorn engine is planned to be removed from a future JDK release
Warning: Nashorn engine is planned to be removed from a future JDK release
Warning: Nashorn engine is planned to be removed from a future JDK release
Warning: Nashorn engine is planned to be removed from a future JDK release
Warning: Nashorn engine is planned to be removed from a future JDK release
Warning: Nashorn engine is planned to be removed from a future JDK release
Warning: Nashorn engine is planned to be removed from a future JDK release
Warning: Nashorn engine is planned to be removed from a future JDK release
Warning: Nashorn engine is planned to be removed from a future JDK release
Warning: Nashorn engine is planned to be removed from a future JDK release
Warning: Nashorn engine is planned to be removed from a future JDK release
Warning: Nashorn engine is planned to be removed from a future JDK release
Warning: Nashorn engine is planned to be removed from a future JDK release
Warning: Nashorn engine is planned to be removed from a future JDK release
Warning: Nashorn engine is planned to be removed from a future JDK release
Warning: Nashorn engine is planned to be removed from a future JDK release
Warning: Nashorn engine is planned to be removed from a future JDK release
Warning: Nashorn engine is planned to be removed from a future JDK release
Warning: Nashorn engine is planned to be removed from a future JDK release
Warning: Nashorn engine is planned to be removed from a future JDK release
Warning: Nashorn engine is planned to be removed from a future JDK release
Warning: Nashorn engine is planned to be removed from a future JDK release
Warning: Nashorn engine is planned to be removed from a future JDK release
Warning: Nashorn engine is planned to be removed from a future JDK release
Warning: Nashorn engine is planned to be removed from a future JDK release
Warning: Nashorn engine is planned to be removed from a future JDK release
Warning: Nashorn engine is planned to be removed from a future JDK release
Warning: Nashorn engine is planned to be removed from a future JDK release
Warning: Nashorn engine is planned to be removed from a future JDK release
Warning: Nashorn engine is planned to be removed from a future JDK release
Warning: Nashorn engine is planned to be removed from a future JDK release
Warning: Nashorn engine is planned to be removed from a future JDK release
Warning: Nashorn engine is planned to be removed from a future JDK release
Warning: Nashorn engine is planned to be removed from a future JDK release
Warning: Nashorn engine is planned to be removed from a future JDK release
Warning: Nashorn engine is planned to be removed from a future JDK release
Warning: Nashorn engine is planned to be removed from a future JDK release
Warning: Nashorn engine is planned to be removed from a future JDK release
Warning: Nashorn engine is planned to be removed from a future JDK release
Warning: Nashorn engine is planned to be removed from a future JDK release
Warning: Nashorn engine is planned to be removed from a future JDK release
Warning: Nashorn engine is planned to be removed from a future JDK release
Warning: Nashorn engine is planned to be removed from a future JDK release
Warning: Nashorn engine is planned to be removed from a future JDK release
Warning: Nashorn engine is planned to be removed from a future JDK release
Warning: Nashorn engine is planned to be removed from a future JDK release
Warning: Nashorn engine is planned to be removed from a future JDK release
Warning: Nashorn engine is planned to be removed from a future JDK release
Warning: Nashorn engine is planned to be removed from a future JDK release
Warning: Nashorn engine is planned to be removed from a future JDK release
Warning: Nashorn engine is planned to be removed from a future JDK release
Warning: Nashorn engine is planned to be removed from a future JDK release
Warning: Nashorn engine is planned to be removed from a future JDK release
Warning: Nashorn engine is planned to be removed from a future JDK release
Warning: Nashorn engine is planned to be removed from a future JDK release
Warning: Nashorn engine is planned to be removed from a future JDK release
Warning: Nashorn engine is planned to be removed from a future JDK release
Warning: Nashorn engine is planned to be removed from a future JDK release
Warning: Nashorn engine is planned to be removed from a future JDK release
Warning: Nashorn engine is planned to be removed from a future JDK release
Warning: Nashorn engine is planned to be removed from a future JDK release
Warning: Nashorn engine is planned to be removed from a future JDK release
Warning: Nashorn engine is planned to be removed from a future JDK release
Warning: Nashorn engine is planned to be removed from a future JDK release
Warning: Nashorn engine is planned to be removed from a future JDK release
Warning: Nashorn engine is planned to be removed from a future JDK release
Warning: Nashorn engine is planned to be removed from a future JDK release
Warning: Nashorn engine is planned to be removed from a future JDK release
Warning: Nashorn engine is planned to be removed from a future JDK release
Warning: Nashorn engine is planned to be removed from a future JDK release
Warning: Nashorn engine is planned to be removed from a future JDK release
error: org.xml.sax.SAXParseException; systemId: file:///tmp/validDemos9657286603008414280.xml; lineNumber: 2; columnNumber: 14; Document root element "objectModel", must match DOCTYPE root "null".
error: org.xml.sax.SAXParseException; systemId: file:///tmp/validDemos9657286603008414280.xml; lineNumber: 2; columnNumber: 14; Document root element "objectModel", must match DOCTYPE root "null".
error: org.xml.sax.SAXParseException; systemId: file:///tmp/validDemos9657286603008414280.xml; lineNumber: 2; columnNumber: 14; Document root element "objectModel", must match DOCTYPE root "null".
error: org.xml.sax.SAXParseException; systemId: file:///tmp/validDemos9657286603008414280.xml; lineNumber: 2; columnNumber: 14; Document root element "objectModel", must match DOCTYPE root "null".
error: org.xml.sax.SAXParseException; systemId: file:///tmp/validDemos9657286603008414280.xml; lineNumber: 2; columnNumber: 14; Document root element "objectModel", must match DOCTYPE root "null".
error: org.xml.sax.SAXParseException; systemId: file:///tmp/validDemos9657286603008414280.xml; lineNumber: 2; columnNumber: 14; Document root element "objectModel", must match DOCTYPE root "null".
error: org.xml.sax.SAXParseException; systemId: file:///tmp/validDemos9657286603008414280.xml; lineNumber: 2; columnNumber: 14; Document root element "objectModel", must match DOCTYPE root "null".
error: org.xml.sax.SAXParseException; systemId: file:///tmp/validDemos9657286603008414280.xml; lineNumber: 2; columnNumber: 14; Document root element "objectModel", must match DOCTYPE root "null".
error: org.xml.sax.SAXParseException; systemId: file:///tmp/validDemos9657286603008414280.xml; lineNumber: 2; columnNumber: 14; Document root element "objectModel", must match DOCTYPE root "null".
error: org.xml.sax.SAXParseException; systemId: file:///tmp/validDemos9657286603008414280.xml; lineNumber: 2; columnNumber: 14; Document root element "objectModel", must match DOCTYPE root "null".
error: org.xml.sax.SAXParseException; systemId: file:///tmp/validDemos9657286603008414280.xml; lineNumber: 2; columnNumber: 14; Document root element "objectModel", must match DOCTYPE root "null".
error: org.xml.sax.SAXParseException; systemId: file:///tmp/validDemos9657286603008414280.xml; lineNumber: 2; columnNumber: 14; Document root element "objectModel", must match DOCTYPE root "null".
error: org.xml.sax.SAXParseException; systemId: file:///tmp/validDemos9657286603008414280.xml; lineNumber: 2; columnNumber: 14; Document root element "objectModel", must match DOCTYPE root "null".
error: org.xml.sax.SAXParseException; systemId: file:///tmp/validDemos9657286603008414280.xml; lineNumber: 2; columnNumber: 14; Document root element "objectModel", must match DOCTYPE root "null".
error: org.xml.sax.SAXParseException; systemId: file:///tmp/validDemos9657286603008414280.xml; lineNumber: 2; columnNumber: 14; Document root element "objectModel", must match DOCTYPE root "null".
error: org.xml.sax.SAXParseException; systemId: file:///tmp/validDemos9657286603008414280.xml; lineNumber: 2; columnNumber: 14; Document root element "objectModel", must match DOCTYPE root "null".
error: org.xml.sax.SAXParseException; systemId: file:///tmp/validDemos9657286603008414280.xml; lineNumber: 2; columnNumber: 14; Document root element "objectModel", must match DOCTYPE root "null".
error: org.xml.sax.SAXParseException; systemId: file:///tmp/validDemos9657286603008414280.xml; lineNumber: 2; columnNumber: 14; Document root element "objectModel", must match DOCTYPE root "null".
error: org.xml.sax.SAXParseException; systemId: file:///tmp/validDemos9657286603008414280.xml; lineNumber: 2; columnNumber: 14; Document root element "objectModel", must match DOCTYPE root "null".
error: org.xml.sax.SAXParseException; systemId: file:///tmp/validDemos9657286603008414280.xml; lineNumber: 2; columnNumber: 14; Document root element "objectModel", must match DOCTYPE root "null".
error: org.xml.sax.SAXParseException; systemId: file:///tmp/validDemos9657286603008414280.xml; lineNumber: 2; columnNumber: 14; Document root element "objectModel", must match DOCTYPE root "null".
error: org.xml.sax.SAXParseException; systemId: file:///tmp/validDemos9657286603008414280.xml; lineNumber: 2; columnNumber: 14; Document root element "objectModel", must match DOCTYPE root "null".
error: org.xml.sax.SAXParseException; systemId: file:///tmp/validDemos9657286603008414280.xml; lineNumber: 2; columnNumber: 14; Document root element "objectModel", must match DOCTYPE root "null".
error: org.xml.sax.SAXParseException; systemId: file:///tmp/validDemos9657286603008414280.xml; lineNumber: 2; columnNumber: 14; Document root element "objectModel", must match DOCTYPE root "null".
error: org.xml.sax.SAXParseException; systemId: file:///tmp/validDemos9657286603008414280.xml; lineNumber: 2; columnNumber: 14; Document root element "objectModel", must match DOCTYPE root "null".
error: org.xml.sax.SAXParseException; systemId: file:///tmp/validDemos9657286603008414280.xml; lineNumber: 2; columnNumber: 14; Document root element "objectModel", must match DOCTYPE root "null".
error: org.xml.sax.SAXParseException; systemId: file:///tmp/validDemos9657286603008414280.xml; lineNumber: 2; columnNumber: 14; Document root element "objectModel", must match DOCTYPE root "null".
]]></system-err>
</testsuite>
