<?xml version="1.0" encoding="UTF-8" ?>
<testsuite errors="0" failures="0" hostname="travis-job-9ebd8aab-05e8-47b9-a154-5eeb3ca7dce7" name="ptolemy.domains.de.test.junit.JUnitTclTest" skipped="0" tests="101" time="128.72" timestamp="2019-02-22T18:47:29">
  <properties>
[...]
</properties>
  <testcase classname="ptolemy.util.test.junit.TclTests" name="[0] /home/travis/build/icyphy/ptII/ptolemy/domains/de/test/DependencyLoop.tcl (RunTclFile)" time="0.792" />
  <testcase classname="ptolemy.util.test.junit.TclTests" name="[1] /home/travis/build/icyphy/ptII/ptolemy/domains/de/test/RunDETestsAsQSS.tcl (RunTclFile)" time="88.129" />
  <testcase classname="ptolemy.util.test.junit.AutoKnownFailedTests" name="[0] /home/travis/build/icyphy/ptII/ptolemy/domains/de/test/auto/knownFailedTests/DESDFClockTest.xml (RunModel)" time="2.03" />
  <testcase classname="ptolemy.util.test.junit.AutoKnownFailedTests" name="[1] /home/travis/build/icyphy/ptII/ptolemy/domains/de/test/auto/knownFailedTests/DirectFeedback.xml (RunModel)" time="0.013" />
  <testcase classname="ptolemy.util.test.junit.AutoKnownFailedTests" name="[2] /home/travis/build/icyphy/ptII/ptolemy/domains/de/test/auto/knownFailedTests/FSMSource.xml (RunModel)" time="0.032" />
  <testcase classname="ptolemy.util.test.junit.AutoKnownFailedTests" name="[3] /home/travis/build/icyphy/ptII/ptolemy/domains/de/test/auto/knownFailedTests/HierarchicalModel.xml (RunModel)" time="0.027" />
  <testcase classname="ptolemy.util.test.junit.AutoKnownFailedTests" name="[4] /home/travis/build/icyphy/ptII/ptolemy/domains/de/test/auto/knownFailedTests/dependencyLoop.xml (RunModel)" time="0.021" />
  <testcase classname="ptolemy.util.test.junit.AutoKnownFailedTests" name="[5] /home/travis/build/icyphy/ptII/ptolemy/domains/de/test/auto/knownFailedTests/dependencyLoop2.xml (RunModel)" time="0.034" />
  <testcase classname="ptolemy.util.test.junit.AutoNameArchTests" name="[0] ThereAreNoAutoArchTests (RunModel)" time="0.005" />
  <testcase classname="ptolemy.util.test.junit.AutoTests" name="[0] /home/travis/build/icyphy/ptII/ptolemy/domains/de/test/auto/ActorDepthCalculation_actorWithoutPorts.xml (RunModel)" time="0.011" />
  <testcase classname="ptolemy.util.test.junit.AutoTests" name="[1] /home/travis/build/icyphy/ptII/ptolemy/domains/de/test/auto/AssemblyLine.xml (RunModel)" time="0.016" />
  <testcase classname="ptolemy.util.test.junit.AutoTests" name="[2] /home/travis/build/icyphy/ptII/ptolemy/domains/de/test/auto/CQBug1.xml (RunModel)" time="0.006" />
  <testcase classname="ptolemy.util.test.junit.AutoTests" name="[3] /home/travis/build/icyphy/ptII/ptolemy/domains/de/test/auto/CancelFireAt.xml (RunModel)" time="0.005" />
  <testcase classname="ptolemy.util.test.junit.AutoTests" name="[4] /home/travis/build/icyphy/ptII/ptolemy/domains/de/test/auto/CausalityAndComposabilityAnalysis.xml (RunModel)" time="0.01" />
  <testcase classname="ptolemy.util.test.junit.AutoTests" name="[5] /home/travis/build/icyphy/ptII/ptolemy/domains/de/test/auto/CausalityInterface1.xml (RunModel)" time="0.012" />
  <testcase classname="ptolemy.util.test.junit.AutoTests" name="[6] /home/travis/build/icyphy/ptII/ptolemy/domains/de/test/auto/CausalityInterface15.xml (RunModel)" time="0.021" />
  <testcase classname="ptolemy.util.test.junit.AutoTests" name="[7] /home/travis/build/icyphy/ptII/ptolemy/domains/de/test/auto/CausalityInterface2.xml (RunModel)" time="0.028" />
  <testcase classname="ptolemy.util.test.junit.AutoTests" name="[8] /home/travis/build/icyphy/ptII/ptolemy/domains/de/test/auto/CausalityInterface3.xml (RunModel)" time="0.011" />
  <testcase classname="ptolemy.util.test.junit.AutoTests" name="[9] /home/travis/build/icyphy/ptII/ptolemy/domains/de/test/auto/ClockDrift.xml (RunModel)" time="0.045" />
  <testcase classname="ptolemy.util.test.junit.AutoTests" name="[10] /home/travis/build/icyphy/ptII/ptolemy/domains/de/test/auto/ClockDriftAndValueChange.xml (RunModel)" time="0.03" />
  <testcase classname="ptolemy.util.test.junit.AutoTests" name="[11] /home/travis/build/icyphy/ptII/ptolemy/domains/de/test/auto/ClockDriftChange.xml (RunModel)" time="0.031" />
  <testcase classname="ptolemy.util.test.junit.AutoTests" name="[12] /home/travis/build/icyphy/ptII/ptolemy/domains/de/test/auto/ComposableCausalityAnalysis.xml (RunModel)" time="0.014" />
  <testcase classname="ptolemy.util.test.junit.AutoTests" name="[13] /home/travis/build/icyphy/ptII/ptolemy/domains/de/test/auto/DEFixedPointLimitation.xml (RunModel)" time="0.009" />
  <testcase classname="ptolemy.util.test.junit.AutoTests" name="[14] /home/travis/build/icyphy/ptII/ptolemy/domains/de/test/auto/DEScheduleTest.xml (RunModel)" time="0.033" />
  <testcase classname="ptolemy.util.test.junit.AutoTests" name="[15] /home/travis/build/icyphy/ptII/ptolemy/domains/de/test/auto/DEinDEwithStartTimes.xml (RunModel)" time="0.019" />
  <testcase classname="ptolemy.util.test.junit.AutoTests" name="[16] /home/travis/build/icyphy/ptII/ptolemy/domains/de/test/auto/DEinDEwithStartTimes2.xml (RunModel)" time="0.015" />
  <testcase classname="ptolemy.util.test.junit.AutoTests" name="[17] /home/travis/build/icyphy/ptII/ptolemy/domains/de/test/auto/DateDemo.xml (RunModel)" time="0.029" />
  <testcase classname="ptolemy.util.test.junit.AutoTests" name="[18] /home/travis/build/icyphy/ptII/ptolemy/domains/de/test/auto/DateToEvent.xml (RunModel)" time="2.038" />
  <testcase classname="ptolemy.util.test.junit.AutoTests" name="[19] /home/travis/build/icyphy/ptII/ptolemy/domains/de/test/auto/DepthTest1.xml (RunModel)" time="0.006" />
  <testcase classname="ptolemy.util.test.junit.AutoTests" name="[20] /home/travis/build/icyphy/ptII/ptolemy/domains/de/test/auto/DepthTest2.xml (RunModel)" time="0.019" />
  <testcase classname="ptolemy.util.test.junit.AutoTests" name="[21] /home/travis/build/icyphy/ptII/ptolemy/domains/de/test/auto/DepthTest3.xml (RunModel)" time="0.006" />
  <testcase classname="ptolemy.util.test.junit.AutoTests" name="[22] /home/travis/build/icyphy/ptII/ptolemy/domains/de/test/auto/DepthTest4.xml (RunModel)" time="0.009" />
  <testcase classname="ptolemy.util.test.junit.AutoTests" name="[23] /home/travis/build/icyphy/ptII/ptolemy/domains/de/test/auto/DepthTest5.xml (RunModel)" time="0.008" />
  <testcase classname="ptolemy.util.test.junit.AutoTests" name="[24] /home/travis/build/icyphy/ptII/ptolemy/domains/de/test/auto/DepthTest6.xml (RunModel)" time="0.008" />
  <testcase classname="ptolemy.util.test.junit.AutoTests" name="[25] /home/travis/build/icyphy/ptII/ptolemy/domains/de/test/auto/DepthTest7.xml (RunModel)" time="0.007" />
  <testcase classname="ptolemy.util.test.junit.AutoTests" name="[26] /home/travis/build/icyphy/ptII/ptolemy/domains/de/test/auto/EventToDate.xml (RunModel)" time="3.022" />
  <testcase classname="ptolemy.util.test.junit.AutoTests" name="[27] /home/travis/build/icyphy/ptII/ptolemy/domains/de/test/auto/FSM1.xml (RunModel)" time="0.041" />
  <testcase classname="ptolemy.util.test.junit.AutoTests" name="[28] /home/travis/build/icyphy/ptII/ptolemy/domains/de/test/auto/FSM7.xml (RunModel)" time="0.043" />
  <testcase classname="ptolemy.util.test.junit.AutoTests" name="[29] /home/travis/build/icyphy/ptII/ptolemy/domains/de/test/auto/Inspection.xml (RunModel)" time="0.048" />
  <testcase classname="ptolemy.util.test.junit.AutoTests" name="[30] /home/travis/build/icyphy/ptII/ptolemy/domains/de/test/auto/Iteration.xml (RunModel)" time="0.026" />
  <testcase classname="ptolemy.util.test.junit.AutoTests" name="[31] /home/travis/build/icyphy/ptII/ptolemy/domains/de/test/auto/LineFault.xml (RunModel)" time="0.442" />
  <testcase classname="ptolemy.util.test.junit.AutoTests" name="[32] /home/travis/build/icyphy/ptII/ptolemy/domains/de/test/auto/MergeModel1Add.xml (RunModel)" time="0.044" />
  <testcase classname="ptolemy.util.test.junit.AutoTests" name="[33] /home/travis/build/icyphy/ptII/ptolemy/domains/de/test/auto/MergeModel2Add.xml (RunModel)" time="0.043" />
  <testcase classname="ptolemy.util.test.junit.AutoTests" name="[34] /home/travis/build/icyphy/ptII/ptolemy/domains/de/test/auto/MergeModel3Add.xml (RunModel)" time="0.046" />
  <testcase classname="ptolemy.util.test.junit.AutoTests" name="[35] /home/travis/build/icyphy/ptII/ptolemy/domains/de/test/auto/MergeWithoutDiscard.xml (RunModel)" time="0.01" />
  <testcase classname="ptolemy.util.test.junit.AutoTests" name="[36] /home/travis/build/icyphy/ptII/ptolemy/domains/de/test/auto/Modal1.xml (RunModel)" time="0.036" />
  <testcase classname="ptolemy.util.test.junit.AutoTests" name="[37] /home/travis/build/icyphy/ptII/ptolemy/domains/de/test/auto/Modal2.xml (RunModel)" time="0.038" />
  <testcase classname="ptolemy.util.test.junit.AutoTests" name="[38] /home/travis/build/icyphy/ptII/ptolemy/domains/de/test/auto/Modal3.xml (RunModel)" time="0.028" />
  <testcase classname="ptolemy.util.test.junit.AutoTests" name="[39] /home/travis/build/icyphy/ptII/ptolemy/domains/de/test/auto/Modal4.xml (RunModel)" time="0.033" />
  <testcase classname="ptolemy.util.test.junit.AutoTests" name="[40] /home/travis/build/icyphy/ptII/ptolemy/domains/de/test/auto/Modal5.xml (RunModel)" time="0.027" />
  <testcase classname="ptolemy.util.test.junit.AutoTests" name="[41] /home/travis/build/icyphy/ptII/ptolemy/domains/de/test/auto/Modal6.xml (RunModel)" time="0.028" />
  <testcase classname="ptolemy.util.test.junit.AutoTests" name="[42] /home/travis/build/icyphy/ptII/ptolemy/domains/de/test/auto/Modal7.xml (RunModel)" time="0.028" />
  <testcase classname="ptolemy.util.test.junit.AutoTests" name="[43] /home/travis/build/icyphy/ptII/ptolemy/domains/de/test/auto/ModalModel.xml (RunModel)" time="0.179" />
  <testcase classname="ptolemy.util.test.junit.AutoTests" name="[44] /home/travis/build/icyphy/ptII/ptolemy/domains/de/test/auto/ModalSource.xml (RunModel)" time="0.021" />
  <testcase classname="ptolemy.util.test.junit.AutoTests" name="[45] /home/travis/build/icyphy/ptII/ptolemy/domains/de/test/auto/NonInterruptibleTimerZeroDelay.xml (RunModel)" time="0.009" />
  <testcase classname="ptolemy.util.test.junit.AutoTests" name="[46] /home/travis/build/icyphy/ptII/ptolemy/domains/de/test/auto/OpenQueueingNetwork.xml (RunModel)" time="1.913" />
  <testcase classname="ptolemy.util.test.junit.AutoTests" name="[47] /home/travis/build/icyphy/ptII/ptolemy/domains/de/test/auto/OpenQueuingNetwork.xml (RunModel)" time="0.257" />
  <testcase classname="ptolemy.util.test.junit.AutoTests" name="[48] /home/travis/build/icyphy/ptII/ptolemy/domains/de/test/auto/PeriodicSampler.xml (RunModel)" time="0.007" />
  <testcase classname="ptolemy.util.test.junit.AutoTests" name="[49] /home/travis/build/icyphy/ptII/ptolemy/domains/de/test/auto/PersistentIO.xml (RunModel)" time="0.019" />
  <testcase classname="ptolemy.util.test.junit.AutoTests" name="[50] /home/travis/build/icyphy/ptII/ptolemy/domains/de/test/auto/PortParameterResetOnInitialize.xml (RunModel)" time="0.012" />
  <testcase classname="ptolemy.util.test.junit.AutoTests" name="[51] /home/travis/build/icyphy/ptII/ptolemy/domains/de/test/auto/PortParameterUpdates.xml (RunModel)" time="0.016" />
  <testcase classname="ptolemy.util.test.junit.AutoTests" name="[52] /home/travis/build/icyphy/ptII/ptolemy/domains/de/test/auto/QueueAndServer.xml (RunModel)" time="0.022" />
  <testcase classname="ptolemy.util.test.junit.AutoTests" name="[53] /home/travis/build/icyphy/ptII/ptolemy/domains/de/test/auto/Records.xml (RunModel)" time="0.018" />
  <testcase classname="ptolemy.util.test.junit.AutoTests" name="[54] /home/travis/build/icyphy/ptII/ptolemy/domains/de/test/auto/ResetTransitionWithStartTime1.xml (RunModel)" time="0.018" />
  <testcase classname="ptolemy.util.test.junit.AutoTests" name="[55] /home/travis/build/icyphy/ptII/ptolemy/domains/de/test/auto/ResetTransitionWithStartTime2.xml (RunModel)" time="0.016" />
  <testcase classname="ptolemy.util.test.junit.AutoTests" name="[56] /home/travis/build/icyphy/ptII/ptolemy/domains/de/test/auto/ResetTransitionWithStartTime3.xml (RunModel)" time="0.016" />
  <testcase classname="ptolemy.util.test.junit.AutoTests" name="[57] /home/travis/build/icyphy/ptII/ptolemy/domains/de/test/auto/ResetTransitionWithStartTime4.xml (RunModel)" time="0.017" />
  <testcase classname="ptolemy.util.test.junit.AutoTests" name="[58] /home/travis/build/icyphy/ptII/ptolemy/domains/de/test/auto/ResettableTimer1.xml (RunModel)" time="0.011" />
  <testcase classname="ptolemy.util.test.junit.AutoTests" name="[59] /home/travis/build/icyphy/ptII/ptolemy/domains/de/test/auto/ResettableTimer2.xml (RunModel)" time="0.008" />
  <testcase classname="ptolemy.util.test.junit.AutoTests" name="[60] /home/travis/build/icyphy/ptII/ptolemy/domains/de/test/auto/ResettableTimer3.xml (RunModel)" time="0.008" />
  <testcase classname="ptolemy.util.test.junit.AutoTests" name="[61] /home/travis/build/icyphy/ptII/ptolemy/domains/de/test/auto/ResettableTimer4.xml (RunModel)" time="0.01" />
  <testcase classname="ptolemy.util.test.junit.AutoTests" name="[62] /home/travis/build/icyphy/ptII/ptolemy/domains/de/test/auto/ResettableTimer5.xml (RunModel)" time="0.009" />
  <testcase classname="ptolemy.util.test.junit.AutoTests" name="[63] /home/travis/build/icyphy/ptII/ptolemy/domains/de/test/auto/ResettableTimer6.xml (RunModel)" time="0.016" />
  <testcase classname="ptolemy.util.test.junit.AutoTests" name="[64] /home/travis/build/icyphy/ptII/ptolemy/domains/de/test/auto/ServerZeroDelay.xml (RunModel)" time="0.011" />
  <testcase classname="ptolemy.util.test.junit.AutoTests" name="[65] /home/travis/build/icyphy/ptII/ptolemy/domains/de/test/auto/SmartSender.xml (RunModel)" time="3.008" />
  <testcase classname="ptolemy.util.test.junit.AutoTests" name="[66] /home/travis/build/icyphy/ptII/ptolemy/domains/de/test/auto/ThreadedComposite.xml (RunModel)" time="0.169" />
  <testcase classname="ptolemy.util.test.junit.AutoTests" name="[67] /home/travis/build/icyphy/ptII/ptolemy/domains/de/test/auto/Time.xml (RunModel)" time="0.422" />
  <testcase classname="ptolemy.util.test.junit.AutoTests" name="[68] /home/travis/build/icyphy/ptII/ptolemy/domains/de/test/auto/TimeDelayZeroDelay.xml (RunModel)" time="0.01" />
  <testcase classname="ptolemy.util.test.junit.AutoTests" name="[69] /home/travis/build/icyphy/ptII/ptolemy/domains/de/test/auto/TimerZeroDelay.xml (RunModel)" time="0.008" />
  <testcase classname="ptolemy.util.test.junit.AutoTests" name="[70] /home/travis/build/icyphy/ptII/ptolemy/domains/de/test/auto/TimingParadox.xml (RunModel)" time="0.347" />
  <testcase classname="ptolemy.util.test.junit.AutoTests" name="[71] /home/travis/build/icyphy/ptII/ptolemy/domains/de/test/auto/TransferInputs.xml (RunModel)" time="0.013" />
  <testcase classname="ptolemy.util.test.junit.AutoTests" name="[72] /home/travis/build/icyphy/ptII/ptolemy/domains/de/test/auto/TransferOutputs2.xml (RunModel)" time="0.014" />
  <testcase classname="ptolemy.util.test.junit.AutoTests" name="[73] /home/travis/build/icyphy/ptII/ptolemy/domains/de/test/auto/Trilateration.xml (RunModel)" time="11.97" />
  <testcase classname="ptolemy.util.test.junit.AutoTests" name="[74] /home/travis/build/icyphy/ptII/ptolemy/domains/de/test/auto/TwoSigmaDelta.xml (RunModel)" time="2.159" />
  <testcase classname="ptolemy.util.test.junit.AutoTests" name="[75] /home/travis/build/icyphy/ptII/ptolemy/domains/de/test/auto/VariableDelay.xml (RunModel)" time="0.013" />
  <testcase classname="ptolemy.util.test.junit.AutoTests" name="[76] /home/travis/build/icyphy/ptII/ptolemy/domains/de/test/auto/VariableDelay2.xml (RunModel)" time="0.009" />
  <testcase classname="ptolemy.util.test.junit.AutoTests" name="[77] /home/travis/build/icyphy/ptII/ptolemy/domains/de/test/auto/VariableDelayZeroDelay.xml (RunModel)" time="0.011" />
  <testcase classname="ptolemy.util.test.junit.AutoTests" name="[78] /home/travis/build/icyphy/ptII/ptolemy/domains/de/test/auto/VariableDelayZeroDelay2.xml (RunModel)" time="0.008" />
  <testcase classname="ptolemy.util.test.junit.AutoTests" name="[79] /home/travis/build/icyphy/ptII/ptolemy/domains/de/test/auto/deInCt.xml (RunModel)" time="0.017" />
  <testcase classname="ptolemy.util.test.junit.AutoTests" name="[80] /home/travis/build/icyphy/ptII/ptolemy/domains/de/test/auto/deInCt2.xml (RunModel)" time="0.011" />
  <testcase classname="ptolemy.util.test.junit.AutoTests" name="[81] /home/travis/build/icyphy/ptII/ptolemy/domains/de/test/auto/dynamicCausalityInterface1.xml (RunModel)" time="0.015" />
  <testcase classname="ptolemy.util.test.junit.AutoTests" name="[82] /home/travis/build/icyphy/ptII/ptolemy/domains/de/test/auto/fsm_de_test.xml (RunModel)" time="0.018" />
  <testcase classname="ptolemy.util.test.junit.AutoTests" name="[83] /home/travis/build/icyphy/ptII/ptolemy/domains/de/test/auto/functionDependencyReconstruction.xml (RunModel)" time="0.029" />
  <testcase classname="ptolemy.util.test.junit.AutoTests" name="[84] /home/travis/build/icyphy/ptII/ptolemy/domains/de/test/auto/multirate.xml (RunModel)" time="0.014" />
  <testcase classname="ptolemy.util.test.junit.AutoTests" name="[85] /home/travis/build/icyphy/ptII/ptolemy/domains/de/test/auto/multirate2.xml (RunModel)" time="0.014" />
  <testcase classname="ptolemy.util.test.junit.AutoTests" name="[86] /home/travis/build/icyphy/ptII/ptolemy/domains/de/test/auto/realtime.xml (RunModel)" time="10.009" />
  <testcase classname="ptolemy.util.test.junit.AutoTests" name="[87] /home/travis/build/icyphy/ptII/ptolemy/domains/de/test/auto/relationGroup.xml (RunModel)" time="0.012" />
  <testcase classname="ptolemy.util.test.junit.AutoTests" name="[88] /home/travis/build/icyphy/ptII/ptolemy/domains/de/test/auto/relationGroup2.xml (RunModel)" time="0.006" />
  <testcase classname="ptolemy.util.test.junit.AutoTests" name="[89] /home/travis/build/icyphy/ptII/ptolemy/domains/de/test/auto/sortWithOpaquePorts.xml (RunModel)" time="0.008" />
  <testcase classname="ptolemy.util.test.junit.AutoTests" name="[90] /home/travis/build/icyphy/ptII/ptolemy/domains/de/test/auto/transferInputsandOutputs.xml (RunModel)" time="0.012" />
  <testcase classname="ptolemy.util.test.junit.AutoTests" name="[91] /home/travis/build/icyphy/ptII/ptolemy/domains/de/test/auto/triggerType.xml (RunModel)" time="0.007" />
  <system-out><![CDATA[/home/travis/build/icyphy/ptII/ptolemy/domains/de/test/DependencyLoop.tcl
testDefs.tcl: setting time out to 9000 seconds at Fri Feb 22 18:47:29 UTC 2019
14 ms. Memory: 116224K Free: 97426K (84%)
29 ms. Memory: 146944K Free: 141545K (96%)
/home/travis/build/icyphy/ptII/ptolemy/domains/de/test/RunDETestsAsQSS.tcl
Run the DE tests using ptolemy.domains.qss.test.QSSDirectorTest, which extends QSSDirector and prints a message in the constructors.
------------------ testing $PTII/ptolemy/domains/de/test/auto/knownFailedTests/dependencyLoop.xml (Known Failure) 
11 ms. Memory: 146944K Free: 137296K (93%)


==== $PTIIhome/travis/build/icyphy/ptII/ptolemy/domains/de/test/../../../../: Auto Automatic test in file $PTII/ptolemy/domains/de/test/auto/knownFailedTests/dependencyLoop.xml
==== Contents of test case:

	    # FIXME: we should use $relativeFilename here, but it
	    # might have backslashes under Windows, which causes no end
	    # of trouble.
	    createAndExecute $file
	    list {}
	
.... Test generated KNOWN error:
    while executing
ptolemy.kernel.util.IllegalActionException: Found a zero delay loop containing .dependencyLoop.original
  in .dependencyLoop and .dependencyLoop.original
	at ptolemy.actor.util.CausalityInterfaceForComposites._computeOutputPortDepth(CausalityInterfaceForComposites.java:759)
	at ptolemy.actor.util.CausalityInterfaceForComposites._computeInputDepth(CausalityInterfaceForComposites.java:696)
	at ptolemy.actor.util.CausalityInterfaceForComposites._computeOutputPortDepth(CausalityInterfaceForComposites.java:765)
	at ptolemy.actor.util.CausalityInterfaceForComposites._computeInputDepth(CausalityInterfaceForComposites.java:696)
	at ptolemy.actor.util.CausalityInterfaceForComposites._computeOutputPortDepth(CausalityInterfaceForComposites.java:765)
	at ptolemy.actor.util.CausalityInterfaceForComposites._computeInputDepth(CausalityInterfaceForComposites.java:696)
	at ptolemy.actor.util.CausalityInterfaceForComposites._computeActorDepth(CausalityInterfaceForComposites.java:532)
	at ptolemy.actor.util.CausalityInterfaceForComposites.checkForCycles(CausalityInterfaceForComposites.java:96)
	at ptolemy.domains.de.kernel.DEDirector.preinitialize(DEDirector.java:1338)
	at ptolemy.actor.CompositeActor.preinitialize(CompositeActor.java:1828)
	at ptolemy.actor.Manager.preinitializeAndResolveTypes(Manager.java:1040)
	at ptolemy.actor.Manager.initialize(Manager.java:710)
	at ptolemy.actor.Manager.execute(Manager.java:356)
	at ptolemy.actor.Manager.run(Manager.java:1263)
	at ptolemy.actor.Manager$PtolemyRunThread.run(Manager.java:1915)

    while executing
ptolemy.kernel.util.IllegalActionException: Found a zero delay loop containing .dependencyLoop.original
  in .dependencyLoop and .dependencyLoop.original
    while executing
"java::new ptolemy.moml.MoMLSimpleApplication $file
"
    (procedure "createAndExecute" line 2)
    invoked from within
"createAndExecute $file"
    ("uplevel" body line 5)
    invoked from within
"uplevel $contents_of_test"
------------------ testing $PTII/ptolemy/domains/de/test/auto/knownFailedTests/DESDFClockTest.xml (Known Failure) 
2062 ms. Memory: 146944K Free: 121701K (83%)


==== $PTIIhome/travis/build/icyphy/ptII/ptolemy/domains/de/test/../../../../: Auto Automatic test in file $PTII/ptolemy/domains/de/test/auto/knownFailedTests/DESDFClockTest.xml
==== Contents of test case:

	    # FIXME: we should use $relativeFilename here, but it
	    # might have backslashes under Windows, which causes no end
	    # of trouble.
	    createAndExecute $file
	    list {}
	
.... Test generated KNOWN error:
    while executing
ptolemy.kernel.util.IllegalActionException: Actor is not ready to fire.  Perhaps UpSample.prefire() returned false? Try debugging the actor by selecting "Listen to Actor".  Also, for SDF check moml for tokenConsumptionRate on input.
  in .DESDFClockTest.Play Bell.Copy1:SDF Director and .DESDFClockTest.Play Bell.UpSample
	at ptolemy.actor.sched.StaticSchedulingDirector.fire(StaticSchedulingDirector.java:227)
	at ptolemy.domains.sdf.kernel.SDFDirector.fire(SDFDirector.java:500)
	at ptolemy.actor.CompositeActor.fire(CompositeActor.java:455)
	at ptolemy.domains.de.kernel.DEDirector._fire(DEDirector.java:1949)
	at ptolemy.domains.de.kernel.DEDirector.fire(DEDirector.java:502)
	at ptolemy.actor.CompositeActor.fire(CompositeActor.java:455)
	at ptolemy.actor.Manager.iterate(Manager.java:851)
	at ptolemy.actor.Manager.execute(Manager.java:369)
	at ptolemy.actor.Manager.run(Manager.java:1263)
	at ptolemy.actor.Manager$PtolemyRunThread.run(Manager.java:1915)

    while executing
ptolemy.kernel.util.IllegalActionException: Actor is not ready to fire.  Perhaps UpSample.prefire() returned false? Try debugging the actor by selecting "Listen to Actor".  Also, for SDF check moml for tokenConsumptionRate on input.
  in .DESDFClockTest.Play Bell.Copy1:SDF Director and .DESDFClockTest.Play Bell.UpSample
    while executing
"java::new ptolemy.moml.MoMLSimpleApplication $file
"
    (procedure "createAndExecute" line 2)
    invoked from within
"createAndExecute $file"
    ("uplevel" body line 5)
    invoked from within
"uplevel $contents_of_test"
------------------ testing $PTII/ptolemy/domains/de/test/auto/knownFailedTests/FSMSource.xml (Known Failure) 
26 ms. Memory: 146944K Free: 112237K (76%)
!!!! Auto was marked as failing, but now passes
------------------ testing $PTII/ptolemy/domains/de/test/auto/knownFailedTests/dependencyLoop2.xml (Known Failure) 
7 ms. Memory: 146944K Free: 110354K (75%)


==== $PTIIhome/travis/build/icyphy/ptII/ptolemy/domains/de/test/../../../../: Auto Automatic test in file $PTII/ptolemy/domains/de/test/auto/knownFailedTests/dependencyLoop2.xml
==== Contents of test case:

	    # FIXME: we should use $relativeFilename here, but it
	    # might have backslashes under Windows, which causes no end
	    # of trouble.
	    createAndExecute $file
	    list {}
	
.... Test generated KNOWN error:
    while executing
ptolemy.kernel.util.IllegalActionException: Found a zero delay loop containing .dependencyLoop2.original
  in .dependencyLoop2 and .dependencyLoop2.original
	at ptolemy.actor.util.CausalityInterfaceForComposites._computeOutputPortDepth(CausalityInterfaceForComposites.java:759)
	at ptolemy.actor.util.CausalityInterfaceForComposites._computeInputDepth(CausalityInterfaceForComposites.java:696)
	at ptolemy.actor.util.CausalityInterfaceForComposites._computeOutputPortDepth(CausalityInterfaceForComposites.java:765)
	at ptolemy.actor.util.CausalityInterfaceForComposites._computeInputDepth(CausalityInterfaceForComposites.java:696)
	at ptolemy.actor.util.CausalityInterfaceForComposites._computeOutputPortDepth(CausalityInterfaceForComposites.java:765)
	at ptolemy.actor.util.CausalityInterfaceForComposites._computeInputDepth(CausalityInterfaceForComposites.java:696)
	at ptolemy.actor.util.CausalityInterfaceForComposites._computeActorDepth(CausalityInterfaceForComposites.java:532)
	at ptolemy.actor.util.CausalityInterfaceForComposites.checkForCycles(CausalityInterfaceForComposites.java:96)
	at ptolemy.domains.de.kernel.DEDirector.preinitialize(DEDirector.java:1338)
	at ptolemy.actor.CompositeActor.preinitialize(CompositeActor.java:1828)
	at ptolemy.actor.Manager.preinitializeAndResolveTypes(Manager.java:1040)
	at ptolemy.actor.Manager.initialize(Manager.java:710)
	at ptolemy.actor.Manager.execute(Manager.java:356)
	at ptolemy.actor.Manager.run(Manager.java:1263)
	at ptolemy.actor.Manager$PtolemyRunThread.run(Manager.java:1915)

    while executing
ptolemy.kernel.util.IllegalActionException: Found a zero delay loop containing .dependencyLoop2.original
  in .dependencyLoop2 and .dependencyLoop2.original
    while executing
"java::new ptolemy.moml.MoMLSimpleApplication $file
"
    (procedure "createAndExecute" line 2)
    invoked from within
"createAndExecute $file"
    ("uplevel" body line 5)
    invoked from within
"uplevel $contents_of_test"
------------------ testing $PTII/ptolemy/domains/de/test/auto/knownFailedTests/HierarchicalModel.xml (Known Failure) 
14 ms. Memory: 146944K Free: 90041K (61%)


==== $PTIIhome/travis/build/icyphy/ptII/ptolemy/domains/de/test/../../../../: Auto Automatic test in file $PTII/ptolemy/domains/de/test/auto/knownFailedTests/HierarchicalModel.xml
==== Contents of test case:

	    # FIXME: we should use $relativeFilename here, but it
	    # might have backslashes under Windows, which causes no end
	    # of trouble.
	    createAndExecute $file
	    list {}
	
.... Test generated KNOWN error:
    while executing
ptolemy.kernel.util.IllegalActionException: Found a zero delay loop containing .HierarchicalModel.A
  in .HierarchicalModel and .HierarchicalModel.A
	at ptolemy.actor.util.CausalityInterfaceForComposites._computeOutputPortDepth(CausalityInterfaceForComposites.java:759)
	at ptolemy.actor.util.CausalityInterfaceForComposites._computeInputDepth(CausalityInterfaceForComposites.java:696)
	at ptolemy.actor.util.CausalityInterfaceForComposites._computeOutputPortDepth(CausalityInterfaceForComposites.java:765)
	at ptolemy.actor.util.CausalityInterfaceForComposites._computeInputDepth(CausalityInterfaceForComposites.java:696)
	at ptolemy.actor.util.CausalityInterfaceForComposites._computeOutputPortDepth(CausalityInterfaceForComposites.java:765)
	at ptolemy.actor.util.CausalityInterfaceForComposites._computeInputDepth(CausalityInterfaceForComposites.java:696)
	at ptolemy.actor.util.CausalityInterfaceForComposites._computeActorDepth(CausalityInterfaceForComposites.java:532)
	at ptolemy.actor.util.CausalityInterfaceForComposites.checkForCycles(CausalityInterfaceForComposites.java:96)
	at ptolemy.domains.de.kernel.DEDirector.preinitialize(DEDirector.java:1338)
	at ptolemy.actor.CompositeActor.preinitialize(CompositeActor.java:1828)
	at ptolemy.actor.Manager.preinitializeAndResolveTypes(Manager.java:1040)
	at ptolemy.actor.Manager.initialize(Manager.java:710)
	at ptolemy.actor.Manager.execute(Manager.java:356)
	at ptolemy.actor.Manager.run(Manager.java:1263)
	at ptolemy.actor.Manager$PtolemyRunThread.run(Manager.java:1915)

    while executing
ptolemy.kernel.util.IllegalActionException: Found a zero delay loop containing .HierarchicalModel.A
  in .HierarchicalModel and .HierarchicalModel.A
    while executing
"java::new ptolemy.moml.MoMLSimpleApplication $file
"
    (procedure "createAndExecute" line 2)
    invoked from within
"createAndExecute $file"
    ("uplevel" body line 5)
    invoked from within
"uplevel $contents_of_test"
------------------ testing $PTII/ptolemy/domains/de/test/auto/knownFailedTests/DirectFeedback.xml (Known Failure) 
4 ms. Memory: 146944K Free: 85922K (58%)


==== $PTIIhome/travis/build/icyphy/ptII/ptolemy/domains/de/test/../../../../: Auto Automatic test in file $PTII/ptolemy/domains/de/test/auto/knownFailedTests/DirectFeedback.xml
==== Contents of test case:

	    # FIXME: we should use $relativeFilename here, but it
	    # might have backslashes under Windows, which causes no end
	    # of trouble.
	    createAndExecute $file
	    list {}
	
.... Test generated KNOWN error:
    while executing
ptolemy.kernel.util.IllegalActionException: Test fails in iteration 1.
Value was: 1.0. Should have been: 2.0
  in .DirectFeedback.Test
	at ptolemy.actor.lib.Test.fire(Test.java:268)
	at ptolemy.domains.de.kernel.DEDirector._fire(DEDirector.java:1949)
	at ptolemy.domains.de.kernel.DEDirector.fire(DEDirector.java:502)
	at ptolemy.actor.CompositeActor.fire(CompositeActor.java:455)
	at ptolemy.actor.Manager.iterate(Manager.java:851)
	at ptolemy.actor.Manager.execute(Manager.java:369)
	at ptolemy.actor.Manager.run(Manager.java:1263)
	at ptolemy.actor.Manager$PtolemyRunThread.run(Manager.java:1915)

    while executing
ptolemy.kernel.util.IllegalActionException: Test fails in iteration 1.
Value was: 1.0. Should have been: 2.0
  in .DirectFeedback.Test
    while executing
"java::new ptolemy.moml.MoMLSimpleApplication $file
"
    (procedure "createAndExecute" line 2)
    invoked from within
"createAndExecute $file"
    ("uplevel" body line 5)
    invoked from within
"uplevel $contents_of_test"
------------------ testing $PTII/ptolemy/domains/de/test/auto/ActorDepthCalculation_actorWithoutPorts.xml
auto.tcl: Setting watchdog for 200 seconds at Fri Feb 22 18:47:32 UTC 2019
8 ms. Memory: 146944K Free: 138596K (94%)
ptolemy.util.test.WatchDog.cancel(): canceling Fri Feb 22 18:47:32 UTC 2019
auto.tcl: Setting watchdog for 200 seconds at Fri Feb 22 18:47:32 UTC 2019
4 ms. Memory: 146944K Free: 137568K (94%)
ptolemy.util.test.WatchDog.cancel(): canceling Fri Feb 22 18:47:32 UTC 2019
------------------ testing $PTII/ptolemy/domains/de/test/auto/AssemblyLine.xml
auto.tcl: Setting watchdog for 200 seconds at Fri Feb 22 18:47:33 UTC 2019
12 ms. Memory: 208384K Free: 183327K (88%)
ptolemy.util.test.WatchDog.cancel(): canceling Fri Feb 22 18:47:33 UTC 2019
auto.tcl: Setting watchdog for 200 seconds at Fri Feb 22 18:47:33 UTC 2019
9 ms. Memory: 208384K Free: 183327K (88%)
ptolemy.util.test.WatchDog.cancel(): canceling Fri Feb 22 18:47:33 UTC 2019
------------------ testing $PTII/ptolemy/domains/de/test/auto/CQBug1.xml
auto.tcl: Setting watchdog for 200 seconds at Fri Feb 22 18:47:33 UTC 2019
7 ms. Memory: 208384K Free: 197863K (95%)
ptolemy.util.test.WatchDog.cancel(): canceling Fri Feb 22 18:47:33 UTC 2019
auto.tcl: Setting watchdog for 200 seconds at Fri Feb 22 18:47:33 UTC 2019
2 ms. Memory: 208384K Free: 197863K (95%)
ptolemy.util.test.WatchDog.cancel(): canceling Fri Feb 22 18:47:33 UTC 2019
------------------ testing $PTII/ptolemy/domains/de/test/auto/CancelFireAt.xml
auto.tcl: Setting watchdog for 200 seconds at Fri Feb 22 18:47:33 UTC 2019
8 ms. Memory: 208384K Free: 201539K (97%)
ptolemy.util.test.WatchDog.cancel(): canceling Fri Feb 22 18:47:33 UTC 2019
auto.tcl: Setting watchdog for 200 seconds at Fri Feb 22 18:47:33 UTC 2019
3 ms. Memory: 208384K Free: 199483K (96%)
ptolemy.util.test.WatchDog.cancel(): canceling Fri Feb 22 18:47:33 UTC 2019
------------------ testing $PTII/ptolemy/domains/de/test/auto/CausalityAndComposabilityAnalysis.xml
auto.tcl: Setting watchdog for 200 seconds at Fri Feb 22 18:47:33 UTC 2019
8 ms. Memory: 208384K Free: 198562K (95%)
ptolemy.util.test.WatchDog.cancel(): canceling Fri Feb 22 18:47:33 UTC 2019
auto.tcl: Setting watchdog for 200 seconds at Fri Feb 22 18:47:33 UTC 2019
6 ms. Memory: 208384K Free: 196506K (94%)
ptolemy.util.test.WatchDog.cancel(): canceling Fri Feb 22 18:47:33 UTC 2019
------------------ testing $PTII/ptolemy/domains/de/test/auto/CausalityInterface1.xml
auto.tcl: Setting watchdog for 200 seconds at Fri Feb 22 18:47:33 UTC 2019
21 ms. Memory: 208384K Free: 198500K (95%)
ptolemy.util.test.WatchDog.cancel(): canceling Fri Feb 22 18:47:33 UTC 2019
auto.tcl: Setting watchdog for 200 seconds at Fri Feb 22 18:47:33 UTC 2019
8 ms. Memory: 208384K Free: 196444K (94%)
ptolemy.util.test.WatchDog.cancel(): canceling Fri Feb 22 18:47:33 UTC 2019
------------------ testing $PTII/ptolemy/domains/de/test/auto/CausalityInterface15.xml
auto.tcl: Setting watchdog for 200 seconds at Fri Feb 22 18:47:33 UTC 2019
12 ms. Memory: 208384K Free: 196435K (94%)
ptolemy.util.test.WatchDog.cancel(): canceling Fri Feb 22 18:47:33 UTC 2019
auto.tcl: Setting watchdog for 200 seconds at Fri Feb 22 18:47:33 UTC 2019
4 ms. Memory: 208384K Free: 196435K (94%)
ptolemy.util.test.WatchDog.cancel(): canceling Fri Feb 22 18:47:33 UTC 2019
------------------ testing $PTII/ptolemy/domains/de/test/auto/CausalityInterface2.xml
auto.tcl: Setting watchdog for 200 seconds at Fri Feb 22 18:47:34 UTC 2019
8 ms. Memory: 208384K Free: 196419K (94%)
ptolemy.util.test.WatchDog.cancel(): canceling Fri Feb 22 18:47:34 UTC 2019
auto.tcl: Setting watchdog for 200 seconds at Fri Feb 22 18:47:34 UTC 2019
3 ms. Memory: 208384K Free: 196419K (94%)
ptolemy.util.test.WatchDog.cancel(): canceling Fri Feb 22 18:47:34 UTC 2019
------------------ testing $PTII/ptolemy/domains/de/test/auto/CausalityInterface3.xml
auto.tcl: Setting watchdog for 200 seconds at Fri Feb 22 18:47:34 UTC 2019
5 ms. Memory: 208384K Free: 196432K (94%)
ptolemy.util.test.WatchDog.cancel(): canceling Fri Feb 22 18:47:34 UTC 2019
auto.tcl: Setting watchdog for 200 seconds at Fri Feb 22 18:47:34 UTC 2019
6 ms. Memory: 208384K Free: 196432K (94%)
ptolemy.util.test.WatchDog.cancel(): canceling Fri Feb 22 18:47:34 UTC 2019
------------------ testing $PTII/ptolemy/domains/de/test/auto/ClockDrift.xml
auto.tcl: Setting watchdog for 200 seconds at Fri Feb 22 18:47:34 UTC 2019
98 ms. Memory: 208384K Free: 187798K (90%)
ptolemy.util.test.WatchDog.cancel(): canceling Fri Feb 22 18:47:34 UTC 2019
auto.tcl: Setting watchdog for 200 seconds at Fri Feb 22 18:47:34 UTC 2019
40 ms. Memory: 208384K Free: 185742K (89%)
ptolemy.util.test.WatchDog.cancel(): canceling Fri Feb 22 18:47:34 UTC 2019
------------------ testing $PTII/ptolemy/domains/de/test/auto/ClockDriftAndValueChange.xml
auto.tcl: Setting watchdog for 200 seconds at Fri Feb 22 18:47:34 UTC 2019
27 ms. Memory: 208384K Free: 189688K (91%)
ptolemy.util.test.WatchDog.cancel(): canceling Fri Feb 22 18:47:34 UTC 2019
auto.tcl: Setting watchdog for 200 seconds at Fri Feb 22 18:47:34 UTC 2019
21 ms. Memory: 208384K Free: 185577K (89%)
ptolemy.util.test.WatchDog.cancel(): canceling Fri Feb 22 18:47:34 UTC 2019
------------------ testing $PTII/ptolemy/domains/de/test/auto/ClockDriftChange.xml
auto.tcl: Setting watchdog for 200 seconds at Fri Feb 22 18:47:34 UTC 2019
36 ms. Memory: 208384K Free: 190920K (92%)
ptolemy.util.test.WatchDog.cancel(): canceling Fri Feb 22 18:47:34 UTC 2019
auto.tcl: Setting watchdog for 200 seconds at Fri Feb 22 18:47:34 UTC 2019
26 ms. Memory: 208384K Free: 188864K (91%)
ptolemy.util.test.WatchDog.cancel(): canceling Fri Feb 22 18:47:34 UTC 2019
------------------ testing $PTII/ptolemy/domains/de/test/auto/ComposableCausalityAnalysis.xml
auto.tcl: Setting watchdog for 200 seconds at Fri Feb 22 18:47:34 UTC 2019
2 ms. Memory: 208384K Free: 196294K (94%)
ptolemy.util.test.WatchDog.cancel(): canceling Fri Feb 22 18:47:34 UTC 2019
auto.tcl: Setting watchdog for 200 seconds at Fri Feb 22 18:47:34 UTC 2019
1 ms. Memory: 208384K Free: 196294K (94%)
ptolemy.util.test.WatchDog.cancel(): canceling Fri Feb 22 18:47:34 UTC 2019
------------------ testing $PTII/ptolemy/domains/de/test/auto/DEFixedPointLimitation.xml
auto.tcl: Setting watchdog for 200 seconds at Fri Feb 22 18:47:34 UTC 2019
3 ms. Memory: 208384K Free: 198431K (95%)
ptolemy.util.test.WatchDog.cancel(): canceling Fri Feb 22 18:47:34 UTC 2019
auto.tcl: Setting watchdog for 200 seconds at Fri Feb 22 18:47:34 UTC 2019
2 ms. Memory: 208384K Free: 196375K (94%)
ptolemy.util.test.WatchDog.cancel(): canceling Fri Feb 22 18:47:34 UTC 2019
------------------ testing $PTII/ptolemy/domains/de/test/auto/DEScheduleTest.xml
auto.tcl: Setting watchdog for 200 seconds at Fri Feb 22 18:47:34 UTC 2019
6 ms. Memory: 208384K Free: 198985K (95%)
ptolemy.util.test.WatchDog.cancel(): canceling Fri Feb 22 18:47:34 UTC 2019
auto.tcl: Setting watchdog for 200 seconds at Fri Feb 22 18:47:34 UTC 2019
3 ms. Memory: 208384K Free: 196410K (94%)
ptolemy.util.test.WatchDog.cancel(): canceling Fri Feb 22 18:47:34 UTC 2019
------------------ testing $PTII/ptolemy/domains/de/test/auto/DEinDEwithStartTimes.xml
auto.tcl: Setting watchdog for 200 seconds at Fri Feb 22 18:47:34 UTC 2019
7 ms. Memory: 208384K Free: 196380K (94%)
ptolemy.util.test.WatchDog.cancel(): canceling Fri Feb 22 18:47:35 UTC 2019
auto.tcl: Setting watchdog for 200 seconds at Fri Feb 22 18:47:35 UTC 2019
8 ms. Memory: 208384K Free: 196380K (94%)
ptolemy.util.test.WatchDog.cancel(): canceling Fri Feb 22 18:47:35 UTC 2019
------------------ testing $PTII/ptolemy/domains/de/test/auto/DEinDEwithStartTimes2.xml
auto.tcl: Setting watchdog for 200 seconds at Fri Feb 22 18:47:35 UTC 2019
8 ms. Memory: 208384K Free: 196358K (94%)
ptolemy.util.test.WatchDog.cancel(): canceling Fri Feb 22 18:47:35 UTC 2019
auto.tcl: Setting watchdog for 200 seconds at Fri Feb 22 18:47:35 UTC 2019
5 ms. Memory: 208384K Free: 194303K (93%)
ptolemy.util.test.WatchDog.cancel(): canceling Fri Feb 22 18:47:35 UTC 2019
------------------ testing $PTII/ptolemy/domains/de/test/auto/DateDemo.xml
auto.tcl: Setting watchdog for 200 seconds at Fri Feb 22 18:47:35 UTC 2019
17 ms. Memory: 208384K Free: 188922K (91%)
ptolemy.util.test.WatchDog.cancel(): canceling Fri Feb 22 18:47:35 UTC 2019
auto.tcl: Setting watchdog for 200 seconds at Fri Feb 22 18:47:35 UTC 2019
7 ms. Memory: 208384K Free: 186866K (90%)
ptolemy.util.test.WatchDog.cancel(): canceling Fri Feb 22 18:47:35 UTC 2019
------------------ testing $PTII/ptolemy/domains/de/test/auto/DateToEvent.xml
auto.tcl: Setting watchdog for 200 seconds at Fri Feb 22 18:47:35 UTC 2019
2010 ms. Memory: 208384K Free: 183761K (88%)
ptolemy.util.test.WatchDog.cancel(): canceling Fri Feb 22 18:47:37 UTC 2019
auto.tcl: Setting watchdog for 200 seconds at Fri Feb 22 18:47:37 UTC 2019
2005 ms. Memory: 208384K Free: 183761K (88%)
ptolemy.util.test.WatchDog.cancel(): canceling Fri Feb 22 18:47:39 UTC 2019
------------------ testing $PTII/ptolemy/domains/de/test/auto/DepthTest1.xml
auto.tcl: Setting watchdog for 200 seconds at Fri Feb 22 18:47:39 UTC 2019
4 ms. Memory: 208384K Free: 197670K (95%)
ptolemy.util.test.WatchDog.cancel(): canceling Fri Feb 22 18:47:39 UTC 2019
auto.tcl: Setting watchdog for 200 seconds at Fri Feb 22 18:47:39 UTC 2019
2 ms. Memory: 208384K Free: 197670K (95%)
ptolemy.util.test.WatchDog.cancel(): canceling Fri Feb 22 18:47:39 UTC 2019
------------------ testing $PTII/ptolemy/domains/de/test/auto/DepthTest2.xml
auto.tcl: Setting watchdog for 200 seconds at Fri Feb 22 18:47:39 UTC 2019
4 ms. Memory: 208384K Free: 193991K (93%)
ptolemy.util.test.WatchDog.cancel(): canceling Fri Feb 22 18:47:39 UTC 2019
auto.tcl: Setting watchdog for 200 seconds at Fri Feb 22 18:47:39 UTC 2019
3 ms. Memory: 208384K Free: 193991K (93%)
ptolemy.util.test.WatchDog.cancel(): canceling Fri Feb 22 18:47:39 UTC 2019
------------------ testing $PTII/ptolemy/domains/de/test/auto/DepthTest3.xml
auto.tcl: Setting watchdog for 200 seconds at Fri Feb 22 18:47:39 UTC 2019
7 ms. Memory: 208384K Free: 198523K (95%)
ptolemy.util.test.WatchDog.cancel(): canceling Fri Feb 22 18:47:39 UTC 2019
auto.tcl: Setting watchdog for 200 seconds at Fri Feb 22 18:47:39 UTC 2019
1 ms. Memory: 208384K Free: 198523K (95%)
ptolemy.util.test.WatchDog.cancel(): canceling Fri Feb 22 18:47:39 UTC 2019
------------------ testing $PTII/ptolemy/domains/de/test/auto/DepthTest4.xml
auto.tcl: Setting watchdog for 200 seconds at Fri Feb 22 18:47:39 UTC 2019
6 ms. Memory: 208384K Free: 196036K (94%)
ptolemy.util.test.WatchDog.cancel(): canceling Fri Feb 22 18:47:39 UTC 2019
auto.tcl: Setting watchdog for 200 seconds at Fri Feb 22 18:47:39 UTC 2019
2 ms. Memory: 208384K Free: 196036K (94%)
ptolemy.util.test.WatchDog.cancel(): canceling Fri Feb 22 18:47:39 UTC 2019
------------------ testing $PTII/ptolemy/domains/de/test/auto/DepthTest5.xml
auto.tcl: Setting watchdog for 200 seconds at Fri Feb 22 18:47:39 UTC 2019
4 ms. Memory: 208384K Free: 195983K (94%)
ptolemy.util.test.WatchDog.cancel(): canceling Fri Feb 22 18:47:39 UTC 2019
auto.tcl: Setting watchdog for 200 seconds at Fri Feb 22 18:47:39 UTC 2019
3 ms. Memory: 208384K Free: 195983K (94%)
ptolemy.util.test.WatchDog.cancel(): canceling Fri Feb 22 18:47:39 UTC 2019
------------------ testing $PTII/ptolemy/domains/de/test/auto/DepthTest6.xml
auto.tcl: Setting watchdog for 200 seconds at Fri Feb 22 18:47:39 UTC 2019
9 ms. Memory: 208384K Free: 196478K (94%)
ptolemy.util.test.WatchDog.cancel(): canceling Fri Feb 22 18:47:39 UTC 2019
auto.tcl: Setting watchdog for 200 seconds at Fri Feb 22 18:47:39 UTC 2019
3 ms. Memory: 208384K Free: 196478K (94%)
ptolemy.util.test.WatchDog.cancel(): canceling Fri Feb 22 18:47:39 UTC 2019
------------------ testing $PTII/ptolemy/domains/de/test/auto/DepthTest7.xml
auto.tcl: Setting watchdog for 200 seconds at Fri Feb 22 18:47:39 UTC 2019
2 ms. Memory: 208384K Free: 195940K (94%)
ptolemy.util.test.WatchDog.cancel(): canceling Fri Feb 22 18:47:39 UTC 2019
auto.tcl: Setting watchdog for 200 seconds at Fri Feb 22 18:47:39 UTC 2019
2 ms. Memory: 208384K Free: 195940K (94%)
ptolemy.util.test.WatchDog.cancel(): canceling Fri Feb 22 18:47:39 UTC 2019
------------------ testing $PTII/ptolemy/domains/de/test/auto/EventToDate.xml
auto.tcl: Setting watchdog for 200 seconds at Fri Feb 22 18:47:39 UTC 2019
3005 ms. Memory: 208384K Free: 187731K (90%)
ptolemy.util.test.WatchDog.cancel(): canceling Fri Feb 22 18:47:43 UTC 2019
auto.tcl: Setting watchdog for 200 seconds at Fri Feb 22 18:47:43 UTC 2019
3004 ms. Memory: 208384K Free: 185676K (89%)
ptolemy.util.test.WatchDog.cancel(): canceling Fri Feb 22 18:47:46 UTC 2019
------------------ testing $PTII/ptolemy/domains/de/test/auto/FSM1.xml
auto.tcl: Setting watchdog for 200 seconds at Fri Feb 22 18:47:46 UTC 2019
17 ms. Memory: 208384K Free: 189081K (91%)
ptolemy.util.test.WatchDog.cancel(): canceling Fri Feb 22 18:47:46 UTC 2019
auto.tcl: Setting watchdog for 200 seconds at Fri Feb 22 18:47:46 UTC 2019
14 ms. Memory: 208384K Free: 184970K (89%)
ptolemy.util.test.WatchDog.cancel(): canceling Fri Feb 22 18:47:46 UTC 2019
------------------ testing $PTII/ptolemy/domains/de/test/auto/FSM7.xml
auto.tcl: Setting watchdog for 200 seconds at Fri Feb 22 18:47:46 UTC 2019
25 ms. Memory: 208384K Free: 189282K (91%)
ptolemy.util.test.WatchDog.cancel(): canceling Fri Feb 22 18:47:46 UTC 2019
auto.tcl: Setting watchdog for 200 seconds at Fri Feb 22 18:47:46 UTC 2019
18 ms. Memory: 208384K Free: 185171K (89%)
ptolemy.util.test.WatchDog.cancel(): canceling Fri Feb 22 18:47:46 UTC 2019
------------------ testing $PTII/ptolemy/domains/de/test/auto/Inspection.xml
auto.tcl: Setting watchdog for 200 seconds at Fri Feb 22 18:47:46 UTC 2019
22 ms. Memory: 208384K Free: 188953K (91%)
ptolemy.util.test.WatchDog.cancel(): canceling Fri Feb 22 18:47:46 UTC 2019
auto.tcl: Setting watchdog for 200 seconds at Fri Feb 22 18:47:46 UTC 2019
24 ms. Memory: 208384K Free: 186897K (90%)
ptolemy.util.test.WatchDog.cancel(): canceling Fri Feb 22 18:47:46 UTC 2019
------------------ testing $PTII/ptolemy/domains/de/test/auto/Iteration.xml
auto.tcl: Setting watchdog for 200 seconds at Fri Feb 22 18:47:46 UTC 2019
17 ms. Memory: 208384K Free: 196265K (94%)
ptolemy.util.test.WatchDog.cancel(): canceling Fri Feb 22 18:47:46 UTC 2019
auto.tcl: Setting watchdog for 200 seconds at Fri Feb 22 18:47:46 UTC 2019
7 ms. Memory: 208384K Free: 194210K (93%)
ptolemy.util.test.WatchDog.cancel(): canceling Fri Feb 22 18:47:46 UTC 2019
------------------ testing $PTII/ptolemy/domains/de/test/auto/LineFault.xml
auto.tcl: Setting watchdog for 200 seconds at Fri Feb 22 18:47:46 UTC 2019
756 ms. Memory: 208384K Free: 197973K (95%)
ptolemy.util.test.WatchDog.cancel(): canceling Fri Feb 22 18:47:47 UTC 2019
auto.tcl: Setting watchdog for 200 seconds at Fri Feb 22 18:47:47 UTC 2019
590 ms. Memory: 208384K Free: 140501K (67%)
ptolemy.util.test.WatchDog.cancel(): canceling Fri Feb 22 18:47:48 UTC 2019
------------------ testing $PTII/ptolemy/domains/de/test/auto/MergeModel1Add.xml
auto.tcl: Setting watchdog for 200 seconds at Fri Feb 22 18:47:48 UTC 2019
16 ms. Memory: 331264K Free: 300301K (91%)
ptolemy.util.test.WatchDog.cancel(): canceling Fri Feb 22 18:47:48 UTC 2019
auto.tcl: Setting watchdog for 200 seconds at Fri Feb 22 18:47:48 UTC 2019
14 ms. Memory: 331264K Free: 300301K (91%)
ptolemy.util.test.WatchDog.cancel(): canceling Fri Feb 22 18:47:48 UTC 2019
------------------ testing $PTII/ptolemy/domains/de/test/auto/MergeModel2Add.xml
auto.tcl: Setting watchdog for 200 seconds at Fri Feb 22 18:47:48 UTC 2019
9 ms. Memory: 331264K Free: 305248K (92%)
ptolemy.util.test.WatchDog.cancel(): canceling Fri Feb 22 18:47:48 UTC 2019
auto.tcl: Setting watchdog for 200 seconds at Fri Feb 22 18:47:48 UTC 2019
12 ms. Memory: 331264K Free: 301640K (91%)
ptolemy.util.test.WatchDog.cancel(): canceling Fri Feb 22 18:47:48 UTC 2019
------------------ testing $PTII/ptolemy/domains/de/test/auto/MergeModel3Add.xml
auto.tcl: Setting watchdog for 200 seconds at Fri Feb 22 18:47:48 UTC 2019
8 ms. Memory: 331264K Free: 305274K (92%)
ptolemy.util.test.WatchDog.cancel(): canceling Fri Feb 22 18:47:48 UTC 2019
auto.tcl: Setting watchdog for 200 seconds at Fri Feb 22 18:47:48 UTC 2019
6 ms. Memory: 331264K Free: 301682K (91%)
ptolemy.util.test.WatchDog.cancel(): canceling Fri Feb 22 18:47:48 UTC 2019
------------------ testing $PTII/ptolemy/domains/de/test/auto/MergeWithoutDiscard.xml
auto.tcl: Setting watchdog for 200 seconds at Fri Feb 22 18:47:48 UTC 2019
2 ms. Memory: 331264K Free: 316730K (96%)
ptolemy.util.test.WatchDog.cancel(): canceling Fri Feb 22 18:47:48 UTC 2019
auto.tcl: Setting watchdog for 200 seconds at Fri Feb 22 18:47:48 UTC 2019
2 ms. Memory: 331264K Free: 316730K (96%)
ptolemy.util.test.WatchDog.cancel(): canceling Fri Feb 22 18:47:48 UTC 2019
------------------ testing $PTII/ptolemy/domains/de/test/auto/Modal1.xml
auto.tcl: Setting watchdog for 200 seconds at Fri Feb 22 18:47:48 UTC 2019
22 ms. Memory: 331264K Free: 310296K (94%)
ptolemy.util.test.WatchDog.cancel(): canceling Fri Feb 22 18:47:48 UTC 2019
auto.tcl: Setting watchdog for 200 seconds at Fri Feb 22 18:47:48 UTC 2019
20 ms. Memory: 331264K Free: 306688K (93%)
ptolemy.util.test.WatchDog.cancel(): canceling Fri Feb 22 18:47:48 UTC 2019
------------------ testing $PTII/ptolemy/domains/de/test/auto/Modal2.xml
auto.tcl: Setting watchdog for 200 seconds at Fri Feb 22 18:47:48 UTC 2019
18 ms. Memory: 331264K Free: 310168K (94%)
ptolemy.util.test.WatchDog.cancel(): canceling Fri Feb 22 18:47:49 UTC 2019
auto.tcl: Setting watchdog for 200 seconds at Fri Feb 22 18:47:49 UTC 2019
11 ms. Memory: 331264K Free: 306576K (93%)
ptolemy.util.test.WatchDog.cancel(): canceling Fri Feb 22 18:47:49 UTC 2019
------------------ testing $PTII/ptolemy/domains/de/test/auto/Modal3.xml
auto.tcl: Setting watchdog for 200 seconds at Fri Feb 22 18:47:49 UTC 2019
14 ms. Memory: 331264K Free: 310617K (94%)
ptolemy.util.test.WatchDog.cancel(): canceling Fri Feb 22 18:47:49 UTC 2019
auto.tcl: Setting watchdog for 200 seconds at Fri Feb 22 18:47:49 UTC 2019
14 ms. Memory: 331264K Free: 306334K (92%)
ptolemy.util.test.WatchDog.cancel(): canceling Fri Feb 22 18:47:49 UTC 2019
------------------ testing $PTII/ptolemy/domains/de/test/auto/Modal4.xml
auto.tcl: Setting watchdog for 200 seconds at Fri Feb 22 18:47:49 UTC 2019
24 ms. Memory: 331264K Free: 309978K (94%)
ptolemy.util.test.WatchDog.cancel(): canceling Fri Feb 22 18:47:49 UTC 2019
auto.tcl: Setting watchdog for 200 seconds at Fri Feb 22 18:47:49 UTC 2019
14 ms. Memory: 331264K Free: 306386K (92%)
ptolemy.util.test.WatchDog.cancel(): canceling Fri Feb 22 18:47:49 UTC 2019
------------------ testing $PTII/ptolemy/domains/de/test/auto/Modal5.xml
auto.tcl: Setting watchdog for 200 seconds at Fri Feb 22 18:47:49 UTC 2019
11 ms. Memory: 331264K Free: 309958K (94%)
ptolemy.util.test.WatchDog.cancel(): canceling Fri Feb 22 18:47:49 UTC 2019
auto.tcl: Setting watchdog for 200 seconds at Fri Feb 22 18:47:49 UTC 2019
11 ms. Memory: 331264K Free: 306350K (92%)
ptolemy.util.test.WatchDog.cancel(): canceling Fri Feb 22 18:47:49 UTC 2019
------------------ testing $PTII/ptolemy/domains/de/test/auto/Modal6.xml
auto.tcl: Setting watchdog for 200 seconds at Fri Feb 22 18:47:49 UTC 2019
12 ms. Memory: 331264K Free: 309955K (94%)
ptolemy.util.test.WatchDog.cancel(): canceling Fri Feb 22 18:47:49 UTC 2019
auto.tcl: Setting watchdog for 200 seconds at Fri Feb 22 18:47:49 UTC 2019
17 ms. Memory: 331264K Free: 306347K (92%)
ptolemy.util.test.WatchDog.cancel(): canceling Fri Feb 22 18:47:49 UTC 2019
------------------ testing $PTII/ptolemy/domains/de/test/auto/Modal7.xml
auto.tcl: Setting watchdog for 200 seconds at Fri Feb 22 18:47:49 UTC 2019
9 ms. Memory: 331264K Free: 306348K (92%)
ptolemy.util.test.WatchDog.cancel(): canceling Fri Feb 22 18:47:49 UTC 2019
auto.tcl: Setting watchdog for 200 seconds at Fri Feb 22 18:47:49 UTC 2019
9 ms. Memory: 331264K Free: 302740K (91%)
ptolemy.util.test.WatchDog.cancel(): canceling Fri Feb 22 18:47:49 UTC 2019
------------------ testing $PTII/ptolemy/domains/de/test/auto/ModalModel.xml
auto.tcl: Setting watchdog for 200 seconds at Fri Feb 22 18:47:49 UTC 2019
155 ms. Memory: 331264K Free: 249794K (75%)
ptolemy.util.test.WatchDog.cancel(): canceling Fri Feb 22 18:47:49 UTC 2019
auto.tcl: Setting watchdog for 200 seconds at Fri Feb 22 18:47:49 UTC 2019
171 ms. Memory: 331264K Free: 192163K (58%)
ptolemy.util.test.WatchDog.cancel(): canceling Fri Feb 22 18:47:50 UTC 2019
------------------ testing $PTII/ptolemy/domains/de/test/auto/ModalSource.xml
auto.tcl: Setting watchdog for 200 seconds at Fri Feb 22 18:47:50 UTC 2019
6 ms. Memory: 331264K Free: 316251K (95%)
ptolemy.util.test.WatchDog.cancel(): canceling Fri Feb 22 18:47:50 UTC 2019
auto.tcl: Setting watchdog for 200 seconds at Fri Feb 22 18:47:50 UTC 2019
6 ms. Memory: 331264K Free: 312932K (94%)
ptolemy.util.test.WatchDog.cancel(): canceling Fri Feb 22 18:47:50 UTC 2019
------------------ testing $PTII/ptolemy/domains/de/test/auto/NonInterruptibleTimerZeroDelay.xml
auto.tcl: Setting watchdog for 200 seconds at Fri Feb 22 18:47:50 UTC 2019
4 ms. Memory: 331264K Free: 320646K (97%)
ptolemy.util.test.WatchDog.cancel(): canceling Fri Feb 22 18:47:50 UTC 2019
auto.tcl: Setting watchdog for 200 seconds at Fri Feb 22 18:47:50 UTC 2019
2 ms. Memory: 331264K Free: 317334K (96%)
ptolemy.util.test.WatchDog.cancel(): canceling Fri Feb 22 18:47:50 UTC 2019
------------------ testing $PTII/ptolemy/domains/de/test/auto/OpenQueueingNetwork.xml
auto.tcl: Setting watchdog for 200 seconds at Fri Feb 22 18:47:50 UTC 2019
2790 ms. Memory: 573952K Free: 420740K (73%)
ptolemy.util.test.WatchDog.cancel(): canceling Fri Feb 22 18:47:53 UTC 2019
auto.tcl: Setting watchdog for 200 seconds at Fri Feb 22 18:47:53 UTC 2019
2469 ms. Memory: 550912K Free: 322591K (59%)
ptolemy.util.test.WatchDog.cancel(): canceling Fri Feb 22 18:47:55 UTC 2019
------------------ testing $PTII/ptolemy/domains/de/test/auto/OpenQueuingNetwork.xml
auto.tcl: Setting watchdog for 200 seconds at Fri Feb 22 18:47:55 UTC 2019
229 ms. Memory: 549888K Free: 436275K (79%)
ptolemy.util.test.WatchDog.cancel(): canceling Fri Feb 22 18:47:56 UTC 2019
auto.tcl: Setting watchdog for 200 seconds at Fri Feb 22 18:47:56 UTC 2019
214 ms. Memory: 549888K Free: 378240K (69%)
ptolemy.util.test.WatchDog.cancel(): canceling Fri Feb 22 18:47:56 UTC 2019
------------------ testing $PTII/ptolemy/domains/de/test/auto/PeriodicSampler.xml
auto.tcl: Setting watchdog for 200 seconds at Fri Feb 22 18:47:56 UTC 2019
2 ms. Memory: 551936K Free: 535972K (97%)
ptolemy.util.test.WatchDog.cancel(): canceling Fri Feb 22 18:47:56 UTC 2019
auto.tcl: Setting watchdog for 200 seconds at Fri Feb 22 18:47:56 UTC 2019
1 ms. Memory: 551936K Free: 535972K (97%)
ptolemy.util.test.WatchDog.cancel(): canceling Fri Feb 22 18:47:56 UTC 2019
------------------ testing $PTII/ptolemy/domains/de/test/auto/PersistentIO.xml
auto.tcl: Setting watchdog for 200 seconds at Fri Feb 22 18:47:56 UTC 2019
14 ms. Memory: 549376K Free: 529270K (96%)
ptolemy.util.test.WatchDog.cancel(): canceling Fri Feb 22 18:47:56 UTC 2019
auto.tcl: Setting watchdog for 200 seconds at Fri Feb 22 18:47:56 UTC 2019
4 ms. Memory: 549376K Free: 529270K (96%)
ptolemy.util.test.WatchDog.cancel(): canceling Fri Feb 22 18:47:56 UTC 2019
------------------ testing $PTII/ptolemy/domains/de/test/auto/PortParameterResetOnInitialize.xml
auto.tcl: Setting watchdog for 200 seconds at Fri Feb 22 18:47:56 UTC 2019
2 ms. Memory: 551424K Free: 536463K (97%)
ptolemy.util.test.WatchDog.cancel(): canceling Fri Feb 22 18:47:56 UTC 2019
auto.tcl: Setting watchdog for 200 seconds at Fri Feb 22 18:47:56 UTC 2019
1 ms. Memory: 551424K Free: 536463K (97%)
ptolemy.util.test.WatchDog.cancel(): canceling Fri Feb 22 18:47:56 UTC 2019
------------------ testing $PTII/ptolemy/domains/de/test/auto/PortParameterUpdates.xml
auto.tcl: Setting watchdog for 200 seconds at Fri Feb 22 18:47:56 UTC 2019
3 ms. Memory: 549376K Free: 529869K (96%)
ptolemy.util.test.WatchDog.cancel(): canceling Fri Feb 22 18:47:56 UTC 2019
auto.tcl: Setting watchdog for 200 seconds at Fri Feb 22 18:47:56 UTC 2019
3 ms. Memory: 549376K Free: 524577K (95%)
ptolemy.util.test.WatchDog.cancel(): canceling Fri Feb 22 18:47:56 UTC 2019
------------------ testing $PTII/ptolemy/domains/de/test/auto/QueueAndServer.xml
auto.tcl: Setting watchdog for 200 seconds at Fri Feb 22 18:47:56 UTC 2019
26 ms. Memory: 551424K Free: 526046K (95%)
ptolemy.util.test.WatchDog.cancel(): canceling Fri Feb 22 18:47:56 UTC 2019
auto.tcl: Setting watchdog for 200 seconds at Fri Feb 22 18:47:56 UTC 2019
6 ms. Memory: 551424K Free: 526046K (95%)
ptolemy.util.test.WatchDog.cancel(): canceling Fri Feb 22 18:47:56 UTC 2019
------------------ testing $PTII/ptolemy/domains/de/test/auto/Records.xml
auto.tcl: Setting watchdog for 200 seconds at Fri Feb 22 18:47:56 UTC 2019
8 ms. Memory: 549376K Free: 533911K (97%)
ptolemy.util.test.WatchDog.cancel(): canceling Fri Feb 22 18:47:56 UTC 2019
auto.tcl: Setting watchdog for 200 seconds at Fri Feb 22 18:47:56 UTC 2019
2 ms. Memory: 549376K Free: 533911K (97%)
ptolemy.util.test.WatchDog.cancel(): canceling Fri Feb 22 18:47:56 UTC 2019
------------------ testing $PTII/ptolemy/domains/de/test/auto/ResetTransitionWithStartTime1.xml
auto.tcl: Setting watchdog for 200 seconds at Fri Feb 22 18:47:56 UTC 2019
6 ms. Memory: 551424K Free: 530693K (96%)
ptolemy.util.test.WatchDog.cancel(): canceling Fri Feb 22 18:47:56 UTC 2019
auto.tcl: Setting watchdog for 200 seconds at Fri Feb 22 18:47:56 UTC 2019
6 ms. Memory: 551424K Free: 530693K (96%)
ptolemy.util.test.WatchDog.cancel(): canceling Fri Feb 22 18:47:56 UTC 2019
------------------ testing $PTII/ptolemy/domains/de/test/auto/ResetTransitionWithStartTime2.xml
auto.tcl: Setting watchdog for 200 seconds at Fri Feb 22 18:47:56 UTC 2019
9 ms. Memory: 549376K Free: 529195K (96%)
ptolemy.util.test.WatchDog.cancel(): canceling Fri Feb 22 18:47:56 UTC 2019
auto.tcl: Setting watchdog for 200 seconds at Fri Feb 22 18:47:56 UTC 2019
12 ms. Memory: 549376K Free: 529195K (96%)
ptolemy.util.test.WatchDog.cancel(): canceling Fri Feb 22 18:47:56 UTC 2019
------------------ testing $PTII/ptolemy/domains/de/test/auto/ResetTransitionWithStartTime3.xml
auto.tcl: Setting watchdog for 200 seconds at Fri Feb 22 18:47:56 UTC 2019
7 ms. Memory: 550912K Free: 530171K (96%)
ptolemy.util.test.WatchDog.cancel(): canceling Fri Feb 22 18:47:56 UTC 2019
auto.tcl: Setting watchdog for 200 seconds at Fri Feb 22 18:47:56 UTC 2019
7 ms. Memory: 550912K Free: 530171K (96%)
ptolemy.util.test.WatchDog.cancel(): canceling Fri Feb 22 18:47:56 UTC 2019
------------------ testing $PTII/ptolemy/domains/de/test/auto/ResetTransitionWithStartTime4.xml
auto.tcl: Setting watchdog for 200 seconds at Fri Feb 22 18:47:56 UTC 2019
3 ms. Memory: 549376K Free: 528634K (96%)
ptolemy.util.test.WatchDog.cancel(): canceling Fri Feb 22 18:47:56 UTC 2019
auto.tcl: Setting watchdog for 200 seconds at Fri Feb 22 18:47:56 UTC 2019
3 ms. Memory: 549376K Free: 528634K (96%)
ptolemy.util.test.WatchDog.cancel(): canceling Fri Feb 22 18:47:56 UTC 2019
------------------ testing $PTII/ptolemy/domains/de/test/auto/ResettableTimer1.xml
auto.tcl: Setting watchdog for 200 seconds at Fri Feb 22 18:47:57 UTC 2019
3 ms. Memory: 550912K Free: 535457K (97%)
ptolemy.util.test.WatchDog.cancel(): canceling Fri Feb 22 18:47:57 UTC 2019
auto.tcl: Setting watchdog for 200 seconds at Fri Feb 22 18:47:57 UTC 2019
2 ms. Memory: 550912K Free: 535457K (97%)
ptolemy.util.test.WatchDog.cancel(): canceling Fri Feb 22 18:47:57 UTC 2019
------------------ testing $PTII/ptolemy/domains/de/test/auto/ResettableTimer2.xml
auto.tcl: Setting watchdog for 200 seconds at Fri Feb 22 18:47:57 UTC 2019
3 ms. Memory: 549376K Free: 534522K (97%)
ptolemy.util.test.WatchDog.cancel(): canceling Fri Feb 22 18:47:57 UTC 2019
auto.tcl: Setting watchdog for 200 seconds at Fri Feb 22 18:47:57 UTC 2019
2 ms. Memory: 549376K Free: 534522K (97%)
ptolemy.util.test.WatchDog.cancel(): canceling Fri Feb 22 18:47:57 UTC 2019
------------------ testing $PTII/ptolemy/domains/de/test/auto/ResettableTimer3.xml
auto.tcl: Setting watchdog for 200 seconds at Fri Feb 22 18:47:57 UTC 2019
1 ms. Memory: 550912K Free: 535514K (97%)
ptolemy.util.test.WatchDog.cancel(): canceling Fri Feb 22 18:47:57 UTC 2019
auto.tcl: Setting watchdog for 200 seconds at Fri Feb 22 18:47:57 UTC 2019
1 ms. Memory: 550912K Free: 535514K (97%)
ptolemy.util.test.WatchDog.cancel(): canceling Fri Feb 22 18:47:57 UTC 2019
------------------ testing $PTII/ptolemy/domains/de/test/auto/ResettableTimer4.xml
auto.tcl: Setting watchdog for 200 seconds at Fri Feb 22 18:47:57 UTC 2019
1 ms. Memory: 549376K Free: 534534K (97%)
ptolemy.util.test.WatchDog.cancel(): canceling Fri Feb 22 18:47:57 UTC 2019
auto.tcl: Setting watchdog for 200 seconds at Fri Feb 22 18:47:57 UTC 2019
1 ms. Memory: 549376K Free: 525175K (96%)
ptolemy.util.test.WatchDog.cancel(): canceling Fri Feb 22 18:47:57 UTC 2019
------------------ testing $PTII/ptolemy/domains/de/test/auto/ResettableTimer5.xml
auto.tcl: Setting watchdog for 200 seconds at Fri Feb 22 18:47:57 UTC 2019
2 ms. Memory: 550400K Free: 535557K (97%)
ptolemy.util.test.WatchDog.cancel(): canceling Fri Feb 22 18:47:57 UTC 2019
auto.tcl: Setting watchdog for 200 seconds at Fri Feb 22 18:47:57 UTC 2019
1 ms. Memory: 550400K Free: 535557K (97%)
ptolemy.util.test.WatchDog.cancel(): canceling Fri Feb 22 18:47:57 UTC 2019
------------------ testing $PTII/ptolemy/domains/de/test/auto/ResettableTimer6.xml
auto.tcl: Setting watchdog for 200 seconds at Fri Feb 22 18:47:57 UTC 2019
2 ms. Memory: 549376K Free: 533938K (97%)
ptolemy.util.test.WatchDog.cancel(): canceling Fri Feb 22 18:47:57 UTC 2019
auto.tcl: Setting watchdog for 200 seconds at Fri Feb 22 18:47:57 UTC 2019
1 ms. Memory: 549376K Free: 533938K (97%)
ptolemy.util.test.WatchDog.cancel(): canceling Fri Feb 22 18:47:57 UTC 2019
------------------ testing $PTII/ptolemy/domains/de/test/auto/ServerZeroDelay.xml
auto.tcl: Setting watchdog for 200 seconds at Fri Feb 22 18:47:57 UTC 2019
4 ms. Memory: 550400K Free: 535496K (97%)
ptolemy.util.test.WatchDog.cancel(): canceling Fri Feb 22 18:47:57 UTC 2019
auto.tcl: Setting watchdog for 200 seconds at Fri Feb 22 18:47:57 UTC 2019
2 ms. Memory: 550400K Free: 535496K (97%)
ptolemy.util.test.WatchDog.cancel(): canceling Fri Feb 22 18:47:57 UTC 2019
------------------ testing $PTII/ptolemy/domains/de/test/auto/SmartSender.xml
auto.tcl: Setting watchdog for 200 seconds at Fri Feb 22 18:47:57 UTC 2019
3001 ms. Memory: 549376K Free: 529788K (96%)
ptolemy.util.test.WatchDog.cancel(): canceling Fri Feb 22 18:48:00 UTC 2019
auto.tcl: Setting watchdog for 200 seconds at Fri Feb 22 18:48:00 UTC 2019
3002 ms. Memory: 549376K Free: 529788K (96%)
ptolemy.util.test.WatchDog.cancel(): canceling Fri Feb 22 18:48:03 UTC 2019
------------------ testing $PTII/ptolemy/domains/de/test/auto/ThreadedComposite.xml
auto.tcl: Setting watchdog for 200 seconds at Fri Feb 22 18:48:03 UTC 2019
157 ms. Memory: 550400K Free: 510339K (93%)
ptolemy.util.test.WatchDog.cancel(): canceling Fri Feb 22 18:48:03 UTC 2019
auto.tcl: Setting watchdog for 200 seconds at Fri Feb 22 18:48:03 UTC 2019
105 ms. Memory: 550400K Free: 495704K (90%)
ptolemy.util.test.WatchDog.cancel(): canceling Fri Feb 22 18:48:03 UTC 2019
------------------ testing $PTII/ptolemy/domains/de/test/auto/Time.xml
auto.tcl: Setting watchdog for 200 seconds at Fri Feb 22 18:48:03 UTC 2019
539 ms. Memory: 549376K Free: 482173K (88%)
ptolemy.util.test.WatchDog.cancel(): canceling Fri Feb 22 18:48:04 UTC 2019
auto.tcl: Setting watchdog for 200 seconds at Fri Feb 22 18:48:04 UTC 2019
556 ms. Memory: 549376K Free: 429415K (78%)
ptolemy.util.test.WatchDog.cancel(): canceling Fri Feb 22 18:48:05 UTC 2019
------------------ testing $PTII/ptolemy/domains/de/test/auto/TimeDelayZeroDelay.xml
auto.tcl: Setting watchdog for 200 seconds at Fri Feb 22 18:48:05 UTC 2019
3 ms. Memory: 550400K Free: 534871K (97%)
ptolemy.util.test.WatchDog.cancel(): canceling Fri Feb 22 18:48:05 UTC 2019
auto.tcl: Setting watchdog for 200 seconds at Fri Feb 22 18:48:05 UTC 2019
2 ms. Memory: 550400K Free: 534871K (97%)
ptolemy.util.test.WatchDog.cancel(): canceling Fri Feb 22 18:48:05 UTC 2019
------------------ testing $PTII/ptolemy/domains/de/test/auto/TimerZeroDelay.xml
auto.tcl: Setting watchdog for 200 seconds at Fri Feb 22 18:48:05 UTC 2019
4 ms. Memory: 549376K Free: 534434K (97%)
ptolemy.util.test.WatchDog.cancel(): canceling Fri Feb 22 18:48:05 UTC 2019
auto.tcl: Setting watchdog for 200 seconds at Fri Feb 22 18:48:05 UTC 2019
2 ms. Memory: 549376K Free: 534434K (97%)
ptolemy.util.test.WatchDog.cancel(): canceling Fri Feb 22 18:48:05 UTC 2019
------------------ testing $PTII/ptolemy/domains/de/test/auto/TimingParadox.xml
auto.tcl: Setting watchdog for 200 seconds at Fri Feb 22 18:48:05 UTC 2019
328 ms. Memory: 549888K Free: 469941K (85%)
ptolemy.util.test.WatchDog.cancel(): canceling Fri Feb 22 18:48:05 UTC 2019
auto.tcl: Setting watchdog for 200 seconds at Fri Feb 22 18:48:05 UTC 2019
329 ms. Memory: 549888K Free: 433010K (79%)
ptolemy.util.test.WatchDog.cancel(): canceling Fri Feb 22 18:48:05 UTC 2019
------------------ testing $PTII/ptolemy/domains/de/test/auto/TransferInputs.xml
auto.tcl: Setting watchdog for 200 seconds at Fri Feb 22 18:48:06 UTC 2019
2 ms. Memory: 549888K Free: 533907K (97%)
ptolemy.util.test.WatchDog.cancel(): canceling Fri Feb 22 18:48:06 UTC 2019
auto.tcl: Setting watchdog for 200 seconds at Fri Feb 22 18:48:06 UTC 2019
2 ms. Memory: 549888K Free: 533907K (97%)
ptolemy.util.test.WatchDog.cancel(): canceling Fri Feb 22 18:48:06 UTC 2019
------------------ testing $PTII/ptolemy/domains/de/test/auto/TransferOutputs2.xml
auto.tcl: Setting watchdog for 200 seconds at Fri Feb 22 18:48:06 UTC 2019
3 ms. Memory: 549376K Free: 524525K (95%)
ptolemy.util.test.WatchDog.cancel(): canceling Fri Feb 22 18:48:06 UTC 2019
auto.tcl: Setting watchdog for 200 seconds at Fri Feb 22 18:48:06 UTC 2019
3 ms. Memory: 549376K Free: 524525K (95%)
ptolemy.util.test.WatchDog.cancel(): canceling Fri Feb 22 18:48:06 UTC 2019
------------------ testing $PTII/ptolemy/domains/de/test/auto/Trilateration.xml
auto.tcl: Setting watchdog for 200 seconds at Fri Feb 22 18:48:06 UTC 2019
14628 ms. Memory: 453632K Free: 137969K (30%)
ptolemy.util.test.WatchDog.cancel(): canceling Fri Feb 22 18:48:21 UTC 2019
auto.tcl: Setting watchdog for 200 seconds at Fri Feb 22 18:48:21 UTC 2019
10742 ms. Memory: 331264K Free: 245449K (74%)
ptolemy.util.test.WatchDog.cancel(): canceling Fri Feb 22 18:48:32 UTC 2019
------------------ testing $PTII/ptolemy/domains/de/test/auto/TwoSigmaDelta.xml
auto.tcl: Setting watchdog for 200 seconds at Fri Feb 22 18:48:32 UTC 2019
2609 ms. Memory: 320000K Free: 266465K (83%)
ptolemy.util.test.WatchDog.cancel(): canceling Fri Feb 22 18:48:35 UTC 2019
auto.tcl: Setting watchdog for 200 seconds at Fri Feb 22 18:48:35 UTC 2019
1967 ms. Memory: 307712K Free: 260376K (85%)
ptolemy.util.test.WatchDog.cancel(): canceling Fri Feb 22 18:48:37 UTC 2019
------------------ testing $PTII/ptolemy/domains/de/test/auto/VariableDelay.xml
auto.tcl: Setting watchdog for 200 seconds at Fri Feb 22 18:48:37 UTC 2019
4 ms. Memory: 309760K Free: 293137K (95%)
ptolemy.util.test.WatchDog.cancel(): canceling Fri Feb 22 18:48:37 UTC 2019
auto.tcl: Setting watchdog for 200 seconds at Fri Feb 22 18:48:37 UTC 2019
2 ms. Memory: 309760K Free: 293137K (95%)
ptolemy.util.test.WatchDog.cancel(): canceling Fri Feb 22 18:48:37 UTC 2019
------------------ testing $PTII/ptolemy/domains/de/test/auto/VariableDelay2.xml
auto.tcl: Setting watchdog for 200 seconds at Fri Feb 22 18:48:37 UTC 2019
1 ms. Memory: 307712K Free: 293778K (95%)
ptolemy.util.test.WatchDog.cancel(): canceling Fri Feb 22 18:48:37 UTC 2019
auto.tcl: Setting watchdog for 200 seconds at Fri Feb 22 18:48:37 UTC 2019
1 ms. Memory: 307712K Free: 293778K (95%)
ptolemy.util.test.WatchDog.cancel(): canceling Fri Feb 22 18:48:37 UTC 2019
------------------ testing $PTII/ptolemy/domains/de/test/auto/VariableDelayZeroDelay.xml
auto.tcl: Setting watchdog for 200 seconds at Fri Feb 22 18:48:37 UTC 2019
2 ms. Memory: 309248K Free: 296360K (96%)
ptolemy.util.test.WatchDog.cancel(): canceling Fri Feb 22 18:48:37 UTC 2019
auto.tcl: Setting watchdog for 200 seconds at Fri Feb 22 18:48:37 UTC 2019
2 ms. Memory: 309248K Free: 293033K (95%)
ptolemy.util.test.WatchDog.cancel(): canceling Fri Feb 22 18:48:37 UTC 2019
------------------ testing $PTII/ptolemy/domains/de/test/auto/VariableDelayZeroDelay2.xml
auto.tcl: Setting watchdog for 200 seconds at Fri Feb 22 18:48:37 UTC 2019
2 ms. Memory: 307712K Free: 294822K (96%)
ptolemy.util.test.WatchDog.cancel(): canceling Fri Feb 22 18:48:37 UTC 2019
auto.tcl: Setting watchdog for 200 seconds at Fri Feb 22 18:48:37 UTC 2019
2 ms. Memory: 307712K Free: 291496K (95%)
ptolemy.util.test.WatchDog.cancel(): canceling Fri Feb 22 18:48:37 UTC 2019
------------------ testing $PTII/ptolemy/domains/de/test/auto/deInCt.xml
auto.tcl: Setting watchdog for 200 seconds at Fri Feb 22 18:48:37 UTC 2019
0
1
1
1
1
0
0
0
1
1
1
1
0
0
0
0
1
1
1
0
0
0
1
1
1
0
0
0
0
1
1
1
0
0
0
0
14 ms. Memory: 309248K Free: 293017K (95%)
ptolemy.util.test.WatchDog.cancel(): canceling Fri Feb 22 18:48:37 UTC 2019
auto.tcl: Setting watchdog for 200 seconds at Fri Feb 22 18:48:37 UTC 2019
0
1
1
1
0
0
0
0
1
1
1
0
0
1
1
0
0
0
1
1
0
0
1
1
0
0
0
0
1
1
1
1
1
1
1
1
5 ms. Memory: 309248K Free: 293017K (95%)
ptolemy.util.test.WatchDog.cancel(): canceling Fri Feb 22 18:48:37 UTC 2019
------------------ testing $PTII/ptolemy/domains/de/test/auto/deInCt2.xml
auto.tcl: Setting watchdog for 200 seconds at Fri Feb 22 18:48:37 UTC 2019
0
1
1
1
0
0
1
1
1
0
0
1
1
1
0
0
1
1
1
0
0
1
1
1
0
0
1
1
1
0
0
1
1
1
0
0
1
1
1
0
0
0
12 ms. Memory: 307712K Free: 291488K (95%)
ptolemy.util.test.WatchDog.cancel(): canceling Fri Feb 22 18:48:37 UTC 2019
auto.tcl: Setting watchdog for 200 seconds at Fri Feb 22 18:48:37 UTC 2019
0
1
1
1
0
0
1
1
1
0
0
1
1
1
0
0
1
1
1
0
0
1
1
1
0
0
1
1
1
0
0
1
1
1
0
0
1
1
1
0
0
0
5 ms. Memory: 307712K Free: 291488K (95%)
ptolemy.util.test.WatchDog.cancel(): canceling Fri Feb 22 18:48:37 UTC 2019
------------------ testing $PTII/ptolemy/domains/de/test/auto/dynamicCausalityInterface1.xml
auto.tcl: Setting watchdog for 200 seconds at Fri Feb 22 18:48:37 UTC 2019
1 ms. Memory: 308736K Free: 291481K (94%)
ptolemy.util.test.WatchDog.cancel(): canceling Fri Feb 22 18:48:37 UTC 2019
auto.tcl: Setting watchdog for 200 seconds at Fri Feb 22 18:48:37 UTC 2019
1 ms. Memory: 308736K Free: 291481K (94%)
ptolemy.util.test.WatchDog.cancel(): canceling Fri Feb 22 18:48:37 UTC 2019
------------------ testing $PTII/ptolemy/domains/de/test/auto/fsm_de_test.xml
auto.tcl: Setting watchdog for 200 seconds at Fri Feb 22 18:48:37 UTC 2019
7 ms. Memory: 307712K Free: 288088K (94%)
ptolemy.util.test.WatchDog.cancel(): canceling Fri Feb 22 18:48:37 UTC 2019
auto.tcl: Setting watchdog for 200 seconds at Fri Feb 22 18:48:37 UTC 2019
5 ms. Memory: 307712K Free: 288088K (94%)
ptolemy.util.test.WatchDog.cancel(): canceling Fri Feb 22 18:48:37 UTC 2019
------------------ testing $PTII/ptolemy/domains/de/test/auto/functionDependencyReconstruction.xml
auto.tcl: Setting watchdog for 200 seconds at Fri Feb 22 18:48:37 UTC 2019
7 ms. Memory: 308736K Free: 282435K (91%)
ptolemy.util.test.WatchDog.cancel(): canceling Fri Feb 22 18:48:37 UTC 2019
auto.tcl: Setting watchdog for 200 seconds at Fri Feb 22 18:48:37 UTC 2019
2 ms. Memory: 308736K Free: 282435K (91%)
ptolemy.util.test.WatchDog.cancel(): canceling Fri Feb 22 18:48:37 UTC 2019
------------------ testing $PTII/ptolemy/domains/de/test/auto/multirate.xml
auto.tcl: Setting watchdog for 200 seconds at Fri Feb 22 18:48:37 UTC 2019
3 ms. Memory: 307712K Free: 293525K (95%)
ptolemy.util.test.WatchDog.cancel(): canceling Fri Feb 22 18:48:37 UTC 2019
auto.tcl: Setting watchdog for 200 seconds at Fri Feb 22 18:48:37 UTC 2019
3 ms. Memory: 307712K Free: 290207K (94%)
ptolemy.util.test.WatchDog.cancel(): canceling Fri Feb 22 18:48:37 UTC 2019
------------------ testing $PTII/ptolemy/domains/de/test/auto/multirate2.xml
auto.tcl: Setting watchdog for 200 seconds at Fri Feb 22 18:48:38 UTC 2019
3 ms. Memory: 308736K Free: 292458K (95%)
ptolemy.util.test.WatchDog.cancel(): canceling Fri Feb 22 18:48:38 UTC 2019
auto.tcl: Setting watchdog for 200 seconds at Fri Feb 22 18:48:38 UTC 2019
3 ms. Memory: 308736K Free: 289148K (94%)
ptolemy.util.test.WatchDog.cancel(): canceling Fri Feb 22 18:48:38 UTC 2019
------------------ testing $PTII/ptolemy/domains/de/test/auto/realtime.xml
auto.tcl: Setting watchdog for 200 seconds at Fri Feb 22 18:48:38 UTC 2019
10002 ms. Memory: 307712K Free: 291413K (95%)
ptolemy.util.test.WatchDog.cancel(): canceling Fri Feb 22 18:48:48 UTC 2019
auto.tcl: Setting watchdog for 200 seconds at Fri Feb 22 18:48:48 UTC 2019
10000 ms. Memory: 307712K Free: 291413K (95%)
ptolemy.util.test.WatchDog.cancel(): canceling Fri Feb 22 18:48:58 UTC 2019
------------------ testing $PTII/ptolemy/domains/de/test/auto/relationGroup.xml
auto.tcl: Setting watchdog for 200 seconds at Fri Feb 22 18:48:58 UTC 2019
2 ms. Memory: 308224K Free: 295296K (96%)
ptolemy.util.test.WatchDog.cancel(): canceling Fri Feb 22 18:48:58 UTC 2019
auto.tcl: Setting watchdog for 200 seconds at Fri Feb 22 18:48:58 UTC 2019
2 ms. Memory: 308224K Free: 295296K (96%)
ptolemy.util.test.WatchDog.cancel(): canceling Fri Feb 22 18:48:58 UTC 2019
------------------ testing $PTII/ptolemy/domains/de/test/auto/relationGroup2.xml
auto.tcl: Setting watchdog for 200 seconds at Fri Feb 22 18:48:58 UTC 2019
1 ms. Memory: 307712K Free: 294811K (96%)
ptolemy.util.test.WatchDog.cancel(): canceling Fri Feb 22 18:48:58 UTC 2019
auto.tcl: Setting watchdog for 200 seconds at Fri Feb 22 18:48:58 UTC 2019
1 ms. Memory: 307712K Free: 294811K (96%)
ptolemy.util.test.WatchDog.cancel(): canceling Fri Feb 22 18:48:58 UTC 2019
------------------ testing $PTII/ptolemy/domains/de/test/auto/sortWithOpaquePorts.xml
auto.tcl: Setting watchdog for 200 seconds at Fri Feb 22 18:48:58 UTC 2019
1 ms. Memory: 308224K Free: 291997K (95%)
ptolemy.util.test.WatchDog.cancel(): canceling Fri Feb 22 18:48:58 UTC 2019
auto.tcl: Setting watchdog for 200 seconds at Fri Feb 22 18:48:58 UTC 2019
2 ms. Memory: 308224K Free: 291997K (95%)
ptolemy.util.test.WatchDog.cancel(): canceling Fri Feb 22 18:48:58 UTC 2019
------------------ testing $PTII/ptolemy/domains/de/test/auto/transferInputsandOutputs.xml
auto.tcl: Setting watchdog for 200 seconds at Fri Feb 22 18:48:58 UTC 2019
3 ms. Memory: 307712K Free: 291479K (95%)
ptolemy.util.test.WatchDog.cancel(): canceling Fri Feb 22 18:48:58 UTC 2019
auto.tcl: Setting watchdog for 200 seconds at Fri Feb 22 18:48:58 UTC 2019
2 ms. Memory: 307712K Free: 288153K (94%)
ptolemy.util.test.WatchDog.cancel(): canceling Fri Feb 22 18:48:58 UTC 2019
------------------ testing $PTII/ptolemy/domains/de/test/auto/triggerType.xml
auto.tcl: Setting watchdog for 200 seconds at Fri Feb 22 18:48:58 UTC 2019
2 ms. Memory: 308224K Free: 295259K (96%)
ptolemy.util.test.WatchDog.cancel(): canceling Fri Feb 22 18:48:58 UTC 2019
auto.tcl: Setting watchdog for 200 seconds at Fri Feb 22 18:48:58 UTC 2019
1 ms. Memory: 308224K Free: 291933K (95%)
ptolemy.util.test.WatchDog.cancel(): canceling Fri Feb 22 18:48:58 UTC 2019
02/22/19 06:48:58
Failed: 0  Total Tests: 192  ((Passed: 187, Newly Passed: 1)  Known Failed: 5) /home/travis/build/icyphy/ptII/ptolemy/domains/de/test
02/22/19 06:48:58
Failed: 0  Total Tests: 192  ((Passed: 187, Newly Passed: 1)  Known Failed: 5) /home/travis/build/icyphy/ptII/ptolemy/domains/de/test
----------------- testing (KnownFailure) /home/travis/build/icyphy/ptII/ptolemy/domains/de/test/auto/knownFailedTests/DESDFClockTest.xml
2011 ms. Memory: 307712K Free: 285728K (93%)
Known Failure: java.lang.reflect.InvocationTargetException
----------------- testing (KnownFailure) /home/travis/build/icyphy/ptII/ptolemy/domains/de/test/auto/knownFailedTests/DirectFeedback.xml
1 ms. Memory: 307712K Free: 267623K (87%)
Known Failure: java.lang.reflect.InvocationTargetException
----------------- testing (KnownFailure) /home/travis/build/icyphy/ptII/ptolemy/domains/de/test/auto/knownFailedTests/FSMSource.xml
15 ms. Memory: 307712K Free: 244985K (80%)
----------------- testing (KnownFailure) /home/travis/build/icyphy/ptII/ptolemy/domains/de/test/auto/knownFailedTests/HierarchicalModel.xml
1 ms. Memory: 307712K Free: 222338K (72%)
Known Failure: java.lang.reflect.InvocationTargetException
----------------- testing (KnownFailure) /home/travis/build/icyphy/ptII/ptolemy/domains/de/test/auto/knownFailedTests/dependencyLoop.xml
2 ms. Memory: 307712K Free: 190639K (62%)
Known Failure: java.lang.reflect.InvocationTargetException
----------------- testing (KnownFailure) /home/travis/build/icyphy/ptII/ptolemy/domains/de/test/auto/knownFailedTests/dependencyLoop2.xml
2 ms. Memory: 307712K Free: 158940K (52%)
Known Failure: java.lang.reflect.InvocationTargetException
No auto/linux-amd64/*.xml tests in /home/travis/build/icyphy/ptII/ptolemy/domains/de/test
AutoTests.java: About to close Vertx.
AutoTests.java: Vertx closed.

===========================================================================================
----------------- testing Fri Feb 22 18:49:00 UTC 2019 /home/travis/build/icyphy/ptII/ptolemy/domains/de/test/auto/ActorDepthCalculation_actorWithoutPorts.xml
----------------- Instantiating /home/travis/build/icyphy/ptII/ptolemy/domains/de/test/auto/ActorDepthCalculation_actorWithoutPorts.xml
2 ms. Memory: 307712K Free: 136309K (44%)
----------------- Invoking toplevel() on ptolemy.moml.MoMLSimpleApplication@7d41a8ec
----------------- Done invoking toplevel() on ptolemy.moml.MoMLSimpleApplication@7d41a8ec
reloadAllAccessors: .ActorDepthCalculation_actorWithoutPorts

===========================================================================================
----------------- testing Fri Feb 22 18:49:00 UTC 2019 /home/travis/build/icyphy/ptII/ptolemy/domains/de/test/auto/AssemblyLine.xml
----------------- Instantiating /home/travis/build/icyphy/ptII/ptolemy/domains/de/test/auto/AssemblyLine.xml
2 ms. Memory: 307712K Free: 122730K (40%)
----------------- Invoking toplevel() on ptolemy.moml.MoMLSimpleApplication@4b4066ff
----------------- Done invoking toplevel() on ptolemy.moml.MoMLSimpleApplication@4b4066ff
reloadAllAccessors: .AssemblyLine

===========================================================================================
----------------- testing Fri Feb 22 18:49:00 UTC 2019 /home/travis/build/icyphy/ptII/ptolemy/domains/de/test/auto/CQBug1.xml
----------------- Instantiating /home/travis/build/icyphy/ptII/ptolemy/domains/de/test/auto/CQBug1.xml
1 ms. Memory: 307712K Free: 113678K (37%)
----------------- Invoking toplevel() on ptolemy.moml.MoMLSimpleApplication@37e673f
----------------- Done invoking toplevel() on ptolemy.moml.MoMLSimpleApplication@37e673f
reloadAllAccessors: .CQBug1

===========================================================================================
----------------- testing Fri Feb 22 18:49:00 UTC 2019 /home/travis/build/icyphy/ptII/ptolemy/domains/de/test/auto/CancelFireAt.xml
----------------- Instantiating /home/travis/build/icyphy/ptII/ptolemy/domains/de/test/auto/CancelFireAt.xml
0 ms. Memory: 307712K Free: 104625K (34%)
----------------- Invoking toplevel() on ptolemy.moml.MoMLSimpleApplication@686b21e7
----------------- Done invoking toplevel() on ptolemy.moml.MoMLSimpleApplication@686b21e7
reloadAllAccessors: .CancelFireAt

===========================================================================================
----------------- testing Fri Feb 22 18:49:00 UTC 2019 /home/travis/build/icyphy/ptII/ptolemy/domains/de/test/auto/CausalityAndComposabilityAnalysis.xml
----------------- Instantiating /home/travis/build/icyphy/ptII/ptolemy/domains/de/test/auto/CausalityAndComposabilityAnalysis.xml
1 ms. Memory: 307712K Free: 95573K (31%)
----------------- Invoking toplevel() on ptolemy.moml.MoMLSimpleApplication@4e541955
----------------- Done invoking toplevel() on ptolemy.moml.MoMLSimpleApplication@4e541955
reloadAllAccessors: .CausalityAndComposabilityAnalysis

===========================================================================================
----------------- testing Fri Feb 22 18:49:00 UTC 2019 /home/travis/build/icyphy/ptII/ptolemy/domains/de/test/auto/CausalityInterface1.xml
----------------- Instantiating /home/travis/build/icyphy/ptII/ptolemy/domains/de/test/auto/CausalityInterface1.xml
3 ms. Memory: 307712K Free: 83211K (27%)
----------------- Invoking toplevel() on ptolemy.moml.MoMLSimpleApplication@36f8a70a
----------------- Done invoking toplevel() on ptolemy.moml.MoMLSimpleApplication@36f8a70a
reloadAllAccessors: .CausalityInterface1

===========================================================================================
----------------- testing Fri Feb 22 18:49:00 UTC 2019 /home/travis/build/icyphy/ptII/ptolemy/domains/de/test/auto/CausalityInterface15.xml
----------------- Instantiating /home/travis/build/icyphy/ptII/ptolemy/domains/de/test/auto/CausalityInterface15.xml
10 ms. Memory: 298496K Free: 288755K (97%)
----------------- Invoking toplevel() on ptolemy.moml.MoMLSimpleApplication@1203f4fa
----------------- Done invoking toplevel() on ptolemy.moml.MoMLSimpleApplication@1203f4fa
reloadAllAccessors: .CausalityInterface15

[...]
java.lang.RuntimeException: Execution failed
	at ptolemy.moml.MoMLSimpleApplication$UnloadThread.run(MoMLSimpleApplication.java:402)
Caused by: ptolemy.kernel.util.IllegalActionException: Test fails in iteration 1.
Value was: 1.0. Should have been: 2.0
  in .DirectFeedback.Test
	at ptolemy.actor.lib.Test.fire(Test.java:268)
	at ptolemy.domains.de.kernel.DEDirector._fire(DEDirector.java:1949)
	at ptolemy.domains.de.kernel.DEDirector.fire(DEDirector.java:502)
	at ptolemy.actor.CompositeActor.fire(CompositeActor.java:455)
	at ptolemy.actor.Manager.iterate(Manager.java:851)
	at ptolemy.actor.Manager.execute(Manager.java:369)
	at ptolemy.actor.Manager.run(Manager.java:1263)
	at ptolemy.actor.Manager$PtolemyRunThread.run(Manager.java:1915)
java.lang.RuntimeException: Execution failed
	at ptolemy.moml.MoMLSimpleApplication$UnloadThread.run(MoMLSimpleApplication.java:402)
Caused by: ptolemy.kernel.util.IllegalActionException: Actor is not ready to fire.  Perhaps UpSample.prefire() returned false? Try debugging the actor by selecting "Listen to Actor".  Also, for SDF check moml for tokenConsumptionRate on input.
  in .DESDFClockTest.Play Bell.Copy1:SDF Director and .DESDFClockTest.Play Bell.UpSample
	at ptolemy.actor.sched.StaticSchedulingDirector.fire(StaticSchedulingDirector.java:227)
	at ptolemy.domains.sdf.kernel.SDFDirector.fire(SDFDirector.java:500)
	at ptolemy.actor.CompositeActor.fire(CompositeActor.java:455)
	at ptolemy.domains.de.kernel.DEDirector._fire(DEDirector.java:1949)
	at ptolemy.domains.de.kernel.DEDirector.fire(DEDirector.java:502)
	at ptolemy.actor.CompositeActor.fire(CompositeActor.java:455)
	at ptolemy.actor.Manager.iterate(Manager.java:851)
	at ptolemy.actor.Manager.execute(Manager.java:369)
	at ptolemy.actor.Manager.run(Manager.java:1263)
	at ptolemy.actor.Manager$PtolemyRunThread.run(Manager.java:1915)
java.lang.reflect.InvocationTargetException
	at sun.reflect.NativeConstructorAccessorImpl.newInstance0(Native Method)
	at sun.reflect.NativeConstructorAccessorImpl.newInstance(NativeConstructorAccessorImpl.java:62)
	at sun.reflect.DelegatingConstructorAccessorImpl.newInstance(DelegatingConstructorAccessorImpl.java:45)
	at java.lang.reflect.Constructor.newInstance(Constructor.java:423)
	at ptolemy.util.test.junit.AutoKnownFailedTests.RunModel(AutoKnownFailedTests.java:105)
	at sun.reflect.NativeMethodAccessorImpl.invoke0(Native Method)
	at sun.reflect.NativeMethodAccessorImpl.invoke(NativeMethodAccessorImpl.java:62)
	at sun.reflect.DelegatingMethodAccessorImpl.invoke(DelegatingMethodAccessorImpl.java:43)
	at java.lang.reflect.Method.invoke(Method.java:498)
	at org.junit.runners.model.FrameworkMethod$1.runReflectiveCall(FrameworkMethod.java:44)
	at org.junit.internal.runners.model.ReflectiveCallable.run(ReflectiveCallable.java:15)
	at org.junit.runners.model.FrameworkMethod.invokeExplosively(FrameworkMethod.java:41)
	at junitparams.internal.InvokeParameterisedMethod.evaluate(InvokeParameterisedMethod.java:102)
	at org.junit.internal.runners.statements.FailOnTimeout$1.run(FailOnTimeout.java:28)
Caused by: ptolemy.kernel.util.IllegalActionException: Actor is not ready to fire.  Perhaps UpSample.prefire() returned false? Try debugging the actor by selecting "Listen to Actor".  Also, for SDF check moml for tokenConsumptionRate on input.
  in .DESDFClockTest.Play Bell.Copy1:SDF Director and .DESDFClockTest.Play Bell.UpSample
	at ptolemy.actor.sched.StaticSchedulingDirector.fire(StaticSchedulingDirector.java:227)
	at ptolemy.domains.sdf.kernel.SDFDirector.fire(SDFDirector.java:500)
	at ptolemy.actor.CompositeActor.fire(CompositeActor.java:455)
	at ptolemy.domains.de.kernel.DEDirector._fire(DEDirector.java:1949)
	at ptolemy.domains.de.kernel.DEDirector.fire(DEDirector.java:502)
	at ptolemy.actor.CompositeActor.fire(CompositeActor.java:455)
	at ptolemy.actor.Manager.iterate(Manager.java:851)
	at ptolemy.actor.Manager.execute(Manager.java:369)
	at ptolemy.actor.Manager.run(Manager.java:1263)
	at ptolemy.actor.Manager$PtolemyRunThread.run(Manager.java:1915)
java.lang.RuntimeException: Execution failed
	at ptolemy.moml.MoMLSimpleApplication$UnloadThread.run(MoMLSimpleApplication.java:402)
Caused by: ptolemy.kernel.util.IllegalActionException: Test fails in iteration 1.
Value was: 1.0. Should have been: 2.0
  in .DirectFeedback.Test
	at ptolemy.actor.lib.Test.fire(Test.java:268)
	at ptolemy.domains.de.kernel.DEDirector._fire(DEDirector.java:1949)
	at ptolemy.domains.de.kernel.DEDirector.fire(DEDirector.java:502)
	at ptolemy.actor.CompositeActor.fire(CompositeActor.java:455)
	at ptolemy.actor.Manager.iterate(Manager.java:851)
	at ptolemy.actor.Manager.execute(Manager.java:369)
	at ptolemy.actor.Manager.run(Manager.java:1263)
	at ptolemy.actor.Manager$PtolemyRunThread.run(Manager.java:1915)
java.lang.reflect.InvocationTargetException
	at sun.reflect.NativeConstructorAccessorImpl.newInstance0(Native Method)
	at sun.reflect.NativeConstructorAccessorImpl.newInstance(NativeConstructorAccessorImpl.java:62)
	at sun.reflect.DelegatingConstructorAccessorImpl.newInstance(DelegatingConstructorAccessorImpl.java:45)
	at java.lang.reflect.Constructor.newInstance(Constructor.java:423)
	at ptolemy.util.test.junit.AutoKnownFailedTests.RunModel(AutoKnownFailedTests.java:105)
	at sun.reflect.NativeMethodAccessorImpl.invoke0(Native Method)
	at sun.reflect.NativeMethodAccessorImpl.invoke(NativeMethodAccessorImpl.java:62)
	at sun.reflect.DelegatingMethodAccessorImpl.invoke(DelegatingMethodAccessorImpl.java:43)
	at java.lang.reflect.Method.invoke(Method.java:498)
	at org.junit.runners.model.FrameworkMethod$1.runReflectiveCall(FrameworkMethod.java:44)
	at org.junit.internal.runners.model.ReflectiveCallable.run(ReflectiveCallable.java:15)
	at org.junit.runners.model.FrameworkMethod.invokeExplosively(FrameworkMethod.java:41)
	at junitparams.internal.InvokeParameterisedMethod.evaluate(InvokeParameterisedMethod.java:102)
	at org.junit.internal.runners.statements.FailOnTimeout$1.run(FailOnTimeout.java:28)
Caused by: ptolemy.kernel.util.IllegalActionException: Test fails in iteration 1.
Value was: 1.0. Should have been: 2.0
  in .DirectFeedback.Test
	at ptolemy.actor.lib.Test.fire(Test.java:268)
	at ptolemy.domains.de.kernel.DEDirector._fire(DEDirector.java:1949)
	at ptolemy.domains.de.kernel.DEDirector.fire(DEDirector.java:502)
	at ptolemy.actor.CompositeActor.fire(CompositeActor.java:455)
	at ptolemy.actor.Manager.iterate(Manager.java:851)
	at ptolemy.actor.Manager.execute(Manager.java:369)
	at ptolemy.actor.Manager.run(Manager.java:1263)
	at ptolemy.actor.Manager$PtolemyRunThread.run(Manager.java:1915)
java.lang.RuntimeException: Execution failed
	at ptolemy.moml.MoMLSimpleApplication$UnloadThread.run(MoMLSimpleApplication.java:402)
Caused by: ptolemy.kernel.util.IllegalActionException: Found a zero delay loop containing .HierarchicalModel.A
  in .HierarchicalModel and .HierarchicalModel.A
	at ptolemy.actor.util.CausalityInterfaceForComposites._computeOutputPortDepth(CausalityInterfaceForComposites.java:759)
	at ptolemy.actor.util.CausalityInterfaceForComposites._computeInputDepth(CausalityInterfaceForComposites.java:696)
	at ptolemy.actor.util.CausalityInterfaceForComposites._computeOutputPortDepth(CausalityInterfaceForComposites.java:765)
	at ptolemy.actor.util.CausalityInterfaceForComposites._computeInputDepth(CausalityInterfaceForComposites.java:696)
	at ptolemy.actor.util.CausalityInterfaceForComposites._computeOutputPortDepth(CausalityInterfaceForComposites.java:765)
	at ptolemy.actor.util.CausalityInterfaceForComposites._computeInputDepth(CausalityInterfaceForComposites.java:696)
	at ptolemy.actor.util.CausalityInterfaceForComposites._computeActorDepth(CausalityInterfaceForComposites.java:532)
	at ptolemy.actor.util.CausalityInterfaceForComposites.checkForCycles(CausalityInterfaceForComposites.java:96)
	at ptolemy.domains.de.kernel.DEDirector.preinitialize(DEDirector.java:1338)
	at ptolemy.actor.CompositeActor.preinitialize(CompositeActor.java:1828)
	at ptolemy.actor.Manager.preinitializeAndResolveTypes(Manager.java:1040)
	at ptolemy.actor.Manager.initialize(Manager.java:710)
	at ptolemy.actor.Manager.execute(Manager.java:356)
	at ptolemy.actor.Manager.run(Manager.java:1263)
	at ptolemy.actor.Manager$PtolemyRunThread.run(Manager.java:1915)
java.lang.reflect.InvocationTargetException
	at sun.reflect.NativeConstructorAccessorImpl.newInstance0(Native Method)
	at sun.reflect.NativeConstructorAccessorImpl.newInstance(NativeConstructorAccessorImpl.java:62)
	at sun.reflect.DelegatingConstructorAccessorImpl.newInstance(DelegatingConstructorAccessorImpl.java:45)
	at java.lang.reflect.Constructor.newInstance(Constructor.java:423)
	at ptolemy.util.test.junit.AutoKnownFailedTests.RunModel(AutoKnownFailedTests.java:105)
	at sun.reflect.NativeMethodAccessorImpl.invoke0(Native Method)
	at sun.reflect.NativeMethodAccessorImpl.invoke(NativeMethodAccessorImpl.java:62)
	at sun.reflect.DelegatingMethodAccessorImpl.invoke(DelegatingMethodAccessorImpl.java:43)
	at java.lang.reflect.Method.invoke(Method.java:498)
	at org.junit.runners.model.FrameworkMethod$1.runReflectiveCall(FrameworkMethod.java:44)
	at org.junit.internal.runners.model.ReflectiveCallable.run(ReflectiveCallable.java:15)
	at org.junit.runners.model.FrameworkMethod.invokeExplosively(FrameworkMethod.java:41)
	at junitparams.internal.InvokeParameterisedMethod.evaluate(InvokeParameterisedMethod.java:102)
	at org.junit.internal.runners.statements.FailOnTimeout$1.run(FailOnTimeout.java:28)
Caused by: ptolemy.kernel.util.IllegalActionException: Found a zero delay loop containing .HierarchicalModel.A
  in .HierarchicalModel and .HierarchicalModel.A
	at ptolemy.actor.util.CausalityInterfaceForComposites._computeOutputPortDepth(CausalityInterfaceForComposites.java:759)
	at ptolemy.actor.util.CausalityInterfaceForComposites._computeInputDepth(CausalityInterfaceForComposites.java:696)
	at ptolemy.actor.util.CausalityInterfaceForComposites._computeOutputPortDepth(CausalityInterfaceForComposites.java:765)
	at ptolemy.actor.util.CausalityInterfaceForComposites._computeInputDepth(CausalityInterfaceForComposites.java:696)
	at ptolemy.actor.util.CausalityInterfaceForComposites._computeOutputPortDepth(CausalityInterfaceForComposites.java:765)
	at ptolemy.actor.util.CausalityInterfaceForComposites._computeInputDepth(CausalityInterfaceForComposites.java:696)
	at ptolemy.actor.util.CausalityInterfaceForComposites._computeActorDepth(CausalityInterfaceForComposites.java:532)
	at ptolemy.actor.util.CausalityInterfaceForComposites.checkForCycles(CausalityInterfaceForComposites.java:96)
	at ptolemy.domains.de.kernel.DEDirector.preinitialize(DEDirector.java:1338)
	at ptolemy.actor.CompositeActor.preinitialize(CompositeActor.java:1828)
	at ptolemy.actor.Manager.preinitializeAndResolveTypes(Manager.java:1040)
	at ptolemy.actor.Manager.initialize(Manager.java:710)
	at ptolemy.actor.Manager.execute(Manager.java:356)
	at ptolemy.actor.Manager.run(Manager.java:1263)
	at ptolemy.actor.Manager$PtolemyRunThread.run(Manager.java:1915)
java.lang.RuntimeException: Execution failed
	at ptolemy.moml.MoMLSimpleApplication$UnloadThread.run(MoMLSimpleApplication.java:402)
Caused by: ptolemy.kernel.util.IllegalActionException: Found a zero delay loop containing .dependencyLoop.original
  in .dependencyLoop and .dependencyLoop.original
	at ptolemy.actor.util.CausalityInterfaceForComposites._computeOutputPortDepth(CausalityInterfaceForComposites.java:759)
	at ptolemy.actor.util.CausalityInterfaceForComposites._computeInputDepth(CausalityInterfaceForComposites.java:696)
	at ptolemy.actor.util.CausalityInterfaceForComposites._computeOutputPortDepth(CausalityInterfaceForComposites.java:765)
	at ptolemy.actor.util.CausalityInterfaceForComposites._computeInputDepth(CausalityInterfaceForComposites.java:696)
	at ptolemy.actor.util.CausalityInterfaceForComposites._computeOutputPortDepth(CausalityInterfaceForComposites.java:765)
	at ptolemy.actor.util.CausalityInterfaceForComposites._computeInputDepth(CausalityInterfaceForComposites.java:696)
	at ptolemy.actor.util.CausalityInterfaceForComposites._computeActorDepth(CausalityInterfaceForComposites.java:532)
	at ptolemy.actor.util.CausalityInterfaceForComposites.checkForCycles(CausalityInterfaceForComposites.java:96)
	at ptolemy.domains.de.kernel.DEDirector.preinitialize(DEDirector.java:1338)
	at ptolemy.actor.CompositeActor.preinitialize(CompositeActor.java:1828)
	at ptolemy.actor.Manager.preinitializeAndResolveTypes(Manager.java:1040)
	at ptolemy.actor.Manager.initialize(Manager.java:710)
	at ptolemy.actor.Manager.execute(Manager.java:356)
	at ptolemy.actor.Manager.run(Manager.java:1263)
	at ptolemy.actor.Manager$PtolemyRunThread.run(Manager.java:1915)
java.lang.reflect.InvocationTargetException
	at sun.reflect.NativeConstructorAccessorImpl.newInstance0(Native Method)
	at sun.reflect.NativeConstructorAccessorImpl.newInstance(NativeConstructorAccessorImpl.java:62)
	at sun.reflect.DelegatingConstructorAccessorImpl.newInstance(DelegatingConstructorAccessorImpl.java:45)
	at java.lang.reflect.Constructor.newInstance(Constructor.java:423)
	at ptolemy.util.test.junit.AutoKnownFailedTests.RunModel(AutoKnownFailedTests.java:105)
	at sun.reflect.NativeMethodAccessorImpl.invoke0(Native Method)
	at sun.reflect.NativeMethodAccessorImpl.invoke(NativeMethodAccessorImpl.java:62)
	at sun.reflect.DelegatingMethodAccessorImpl.invoke(DelegatingMethodAccessorImpl.java:43)
	at java.lang.reflect.Method.invoke(Method.java:498)
	at org.junit.runners.model.FrameworkMethod$1.runReflectiveCall(FrameworkMethod.java:44)
	at org.junit.internal.runners.model.ReflectiveCallable.run(ReflectiveCallable.java:15)
	at org.junit.runners.model.FrameworkMethod.invokeExplosively(FrameworkMethod.java:41)
	at junitparams.internal.InvokeParameterisedMethod.evaluate(InvokeParameterisedMethod.java:102)
	at org.junit.internal.runners.statements.FailOnTimeout$1.run(FailOnTimeout.java:28)
Caused by: ptolemy.kernel.util.IllegalActionException: Found a zero delay loop containing .dependencyLoop.original
  in .dependencyLoop and .dependencyLoop.original
	at ptolemy.actor.util.CausalityInterfaceForComposites._computeOutputPortDepth(CausalityInterfaceForComposites.java:759)
	at ptolemy.actor.util.CausalityInterfaceForComposites._computeInputDepth(CausalityInterfaceForComposites.java:696)
	at ptolemy.actor.util.CausalityInterfaceForComposites._computeOutputPortDepth(CausalityInterfaceForComposites.java:765)
	at ptolemy.actor.util.CausalityInterfaceForComposites._computeInputDepth(CausalityInterfaceForComposites.java:696)
	at ptolemy.actor.util.CausalityInterfaceForComposites._computeOutputPortDepth(CausalityInterfaceForComposites.java:765)
	at ptolemy.actor.util.CausalityInterfaceForComposites._computeInputDepth(CausalityInterfaceForComposites.java:696)
	at ptolemy.actor.util.CausalityInterfaceForComposites._computeActorDepth(CausalityInterfaceForComposites.java:532)
	at ptolemy.actor.util.CausalityInterfaceForComposites.checkForCycles(CausalityInterfaceForComposites.java:96)
	at ptolemy.domains.de.kernel.DEDirector.preinitialize(DEDirector.java:1338)
	at ptolemy.actor.CompositeActor.preinitialize(CompositeActor.java:1828)
	at ptolemy.actor.Manager.preinitializeAndResolveTypes(Manager.java:1040)
	at ptolemy.actor.Manager.initialize(Manager.java:710)
	at ptolemy.actor.Manager.execute(Manager.java:356)
	at ptolemy.actor.Manager.run(Manager.java:1263)
	at ptolemy.actor.Manager$PtolemyRunThread.run(Manager.java:1915)
java.lang.RuntimeException: Execution failed
	at ptolemy.moml.MoMLSimpleApplication$UnloadThread.run(MoMLSimpleApplication.java:402)
Caused by: ptolemy.kernel.util.IllegalActionException: Found a zero delay loop containing .dependencyLoop2.original
  in .dependencyLoop2 and .dependencyLoop2.original
	at ptolemy.actor.util.CausalityInterfaceForComposites._computeOutputPortDepth(CausalityInterfaceForComposites.java:759)
	at ptolemy.actor.util.CausalityInterfaceForComposites._computeInputDepth(CausalityInterfaceForComposites.java:696)
	at ptolemy.actor.util.CausalityInterfaceForComposites._computeOutputPortDepth(CausalityInterfaceForComposites.java:765)
	at ptolemy.actor.util.CausalityInterfaceForComposites._computeInputDepth(CausalityInterfaceForComposites.java:696)
	at ptolemy.actor.util.CausalityInterfaceForComposites._computeOutputPortDepth(CausalityInterfaceForComposites.java:765)
	at ptolemy.actor.util.CausalityInterfaceForComposites._computeInputDepth(CausalityInterfaceForComposites.java:696)
	at ptolemy.actor.util.CausalityInterfaceForComposites._computeActorDepth(CausalityInterfaceForComposites.java:532)
	at ptolemy.actor.util.CausalityInterfaceForComposites.checkForCycles(CausalityInterfaceForComposites.java:96)
	at ptolemy.domains.de.kernel.DEDirector.preinitialize(DEDirector.java:1338)
	at ptolemy.actor.CompositeActor.preinitialize(CompositeActor.java:1828)
	at ptolemy.actor.Manager.preinitializeAndResolveTypes(Manager.java:1040)
	at ptolemy.actor.Manager.initialize(Manager.java:710)
	at ptolemy.actor.Manager.execute(Manager.java:356)
	at ptolemy.actor.Manager.run(Manager.java:1263)
	at ptolemy.actor.Manager$PtolemyRunThread.run(Manager.java:1915)
java.lang.reflect.InvocationTargetException
	at sun.reflect.NativeConstructorAccessorImpl.newInstance0(Native Method)
	at sun.reflect.NativeConstructorAccessorImpl.newInstance(NativeConstructorAccessorImpl.java:62)
	at sun.reflect.DelegatingConstructorAccessorImpl.newInstance(DelegatingConstructorAccessorImpl.java:45)
	at java.lang.reflect.Constructor.newInstance(Constructor.java:423)
	at ptolemy.util.test.junit.AutoKnownFailedTests.RunModel(AutoKnownFailedTests.java:105)
	at sun.reflect.NativeMethodAccessorImpl.invoke0(Native Method)
	at sun.reflect.NativeMethodAccessorImpl.invoke(NativeMethodAccessorImpl.java:62)
	at sun.reflect.DelegatingMethodAccessorImpl.invoke(DelegatingMethodAccessorImpl.java:43)
	at java.lang.reflect.Method.invoke(Method.java:498)
	at org.junit.runners.model.FrameworkMethod$1.runReflectiveCall(FrameworkMethod.java:44)
	at org.junit.internal.runners.model.ReflectiveCallable.run(ReflectiveCallable.java:15)
	at org.junit.runners.model.FrameworkMethod.invokeExplosively(FrameworkMethod.java:41)
	at junitparams.internal.InvokeParameterisedMethod.evaluate(InvokeParameterisedMethod.java:102)
	at org.junit.internal.runners.statements.FailOnTimeout$1.run(FailOnTimeout.java:28)
Caused by: ptolemy.kernel.util.IllegalActionException: Found a zero delay loop containing .dependencyLoop2.original
  in .dependencyLoop2 and .dependencyLoop2.original
	at ptolemy.actor.util.CausalityInterfaceForComposites._computeOutputPortDepth(CausalityInterfaceForComposites.java:759)
	at ptolemy.actor.util.CausalityInterfaceForComposites._computeInputDepth(CausalityInterfaceForComposites.java:696)
	at ptolemy.actor.util.CausalityInterfaceForComposites._computeOutputPortDepth(CausalityInterfaceForComposites.java:765)
	at ptolemy.actor.util.CausalityInterfaceForComposites._computeInputDepth(CausalityInterfaceForComposites.java:696)
	at ptolemy.actor.util.CausalityInterfaceForComposites._computeOutputPortDepth(CausalityInterfaceForComposites.java:765)
	at ptolemy.actor.util.CausalityInterfaceForComposites._computeInputDepth(CausalityInterfaceForComposites.java:696)
	at ptolemy.actor.util.CausalityInterfaceForComposites._computeActorDepth(CausalityInterfaceForComposites.java:532)
	at ptolemy.actor.util.CausalityInterfaceForComposites.checkForCycles(CausalityInterfaceForComposites.java:96)
	at ptolemy.domains.de.kernel.DEDirector.preinitialize(DEDirector.java:1338)
	at ptolemy.actor.CompositeActor.preinitialize(CompositeActor.java:1828)
	at ptolemy.actor.Manager.preinitializeAndResolveTypes(Manager.java:1040)
	at ptolemy.actor.Manager.initialize(Manager.java:710)
	at ptolemy.actor.Manager.execute(Manager.java:356)
	at ptolemy.actor.Manager.run(Manager.java:1263)
	at ptolemy.actor.Manager$PtolemyRunThread.run(Manager.java:1915)
]]></system-err>
</testsuite>
