<?xml version="1.0" encoding="UTF-8" ?>
<testsuite errors="0" failures="0" hostname="travis-job-7ea0ff40-8b62-4f50-816a-0ac83ed6a5b9" name="ptolemy.domains.continuous.test.junit.JUnitTclTest" skipped="0" tests="156" time="69.771" timestamp="2020-08-22T15:27:21">
  <properties>
[...]
</properties>
  <testcase classname="ptolemy.util.test.junit.TclTests" name="[0] ThereAreNoTclTests (RunTclFile)" time="0.008" />
  <testcase classname="ptolemy.util.test.junit.AutoKnownFailedTests" name="[0] ThereAreNoKnowFailedTests (RunModel)" time="0.002" />
  <testcase classname="ptolemy.util.test.junit.AutoNameArchTests" name="[0] ThereAreNoAutoArchTests (RunModel)" time="0.009" />
  <testcase classname="ptolemy.util.test.junit.AutoTests" name="[0] /home/travis/build/icyphy/ptII/ptolemy/domains/continuous/test/auto/BouncingBall.xml (RunModel)" time="2.983" />
  <testcase classname="ptolemy.util.test.junit.AutoTests" name="[1] /home/travis/build/icyphy/ptII/ptolemy/domains/continuous/test/auto/BouncingBallWithoutGR.xml (RunModel)" time="0.932" />
  <testcase classname="ptolemy.util.test.junit.AutoTests" name="[2] /home/travis/build/icyphy/ptII/ptolemy/domains/continuous/test/auto/Brownian.xml (RunModel)" time="0.133" />
  <testcase classname="ptolemy.util.test.junit.AutoTests" name="[3] /home/travis/build/icyphy/ptII/ptolemy/domains/continuous/test/auto/CarTracking.xml (RunModel)" time="4.131" />
  <testcase classname="ptolemy.util.test.junit.AutoTests" name="[4] /home/travis/build/icyphy/ptII/ptolemy/domains/continuous/test/auto/CartPendulum.xml (RunModel)" time="0.526" />
  <testcase classname="ptolemy.util.test.junit.AutoTests" name="[5] /home/travis/build/icyphy/ptII/ptolemy/domains/continuous/test/auto/CausalityInterface10.xml (RunModel)" time="0.089" />
  <testcase classname="ptolemy.util.test.junit.AutoTests" name="[6] /home/travis/build/icyphy/ptII/ptolemy/domains/continuous/test/auto/CausalityInterface11.xml (RunModel)" time="0.042" />
  <testcase classname="ptolemy.util.test.junit.AutoTests" name="[7] /home/travis/build/icyphy/ptII/ptolemy/domains/continuous/test/auto/CausalityInterface12.xml (RunModel)" time="0.035" />
  <testcase classname="ptolemy.util.test.junit.AutoTests" name="[8] /home/travis/build/icyphy/ptII/ptolemy/domains/continuous/test/auto/CausalityInterface13.xml (RunModel)" time="0.041" />
  <testcase classname="ptolemy.util.test.junit.AutoTests" name="[9] /home/travis/build/icyphy/ptII/ptolemy/domains/continuous/test/auto/CausalityInterface14.xml (RunModel)" time="0.026" />
  <testcase classname="ptolemy.util.test.junit.AutoTests" name="[10] /home/travis/build/icyphy/ptII/ptolemy/domains/continuous/test/auto/CausalityInterface4.xml (RunModel)" time="0.03" />
  <testcase classname="ptolemy.util.test.junit.AutoTests" name="[11] /home/travis/build/icyphy/ptII/ptolemy/domains/continuous/test/auto/CausalityInterface5.xml (RunModel)" time="0.028" />
  <testcase classname="ptolemy.util.test.junit.AutoTests" name="[12] /home/travis/build/icyphy/ptII/ptolemy/domains/continuous/test/auto/CausalityInterface6.xml (RunModel)" time="0.027" />
  <testcase classname="ptolemy.util.test.junit.AutoTests" name="[13] /home/travis/build/icyphy/ptII/ptolemy/domains/continuous/test/auto/CausalityInterface7.xml (RunModel)" time="0.037" />
  <testcase classname="ptolemy.util.test.junit.AutoTests" name="[14] /home/travis/build/icyphy/ptII/ptolemy/domains/continuous/test/auto/CausalityInterface8.xml (RunModel)" time="0.044" />
  <testcase classname="ptolemy.util.test.junit.AutoTests" name="[15] /home/travis/build/icyphy/ptII/ptolemy/domains/continuous/test/auto/CausalityInterface9.xml (RunModel)" time="0.053" />
  <testcase classname="ptolemy.util.test.junit.AutoTests" name="[16] /home/travis/build/icyphy/ptII/ptolemy/domains/continuous/test/auto/CausalityInterfaceFeedback1.xml (RunModel)" time="0.03" />
  <testcase classname="ptolemy.util.test.junit.AutoTests" name="[17] /home/travis/build/icyphy/ptII/ptolemy/domains/continuous/test/auto/CausalityInterfaceFeedback2.xml (RunModel)" time="0.035" />
  <testcase classname="ptolemy.util.test.junit.AutoTests" name="[18] /home/travis/build/icyphy/ptII/ptolemy/domains/continuous/test/auto/CompareWithCurrentTime.xml (RunModel)" time="0.018" />
  <testcase classname="ptolemy.util.test.junit.AutoTests" name="[19] /home/travis/build/icyphy/ptII/ptolemy/domains/continuous/test/auto/ComparedClocks.xml (RunModel)" time="0.071" />
  <testcase classname="ptolemy.util.test.junit.AutoTests" name="[20] /home/travis/build/icyphy/ptII/ptolemy/domains/continuous/test/auto/ContinuousAOCClone.xml (RunModel)" time="2.454" />
  <testcase classname="ptolemy.util.test.junit.AutoTests" name="[21] /home/travis/build/icyphy/ptII/ptolemy/domains/continuous/test/auto/ContinuousClock.xml (RunModel)" time="0.107" />
  <testcase classname="ptolemy.util.test.junit.AutoTests" name="[22] /home/travis/build/icyphy/ptII/ptolemy/domains/continuous/test/auto/ContinuousInContinuous.xml (RunModel)" time="0.077" />
  <testcase classname="ptolemy.util.test.junit.AutoTests" name="[23] /home/travis/build/icyphy/ptII/ptolemy/domains/continuous/test/auto/ContinuousInContinuousInContinuous.xml (RunModel)" time="0.03" />
  <testcase classname="ptolemy.util.test.junit.AutoTests" name="[24] /home/travis/build/icyphy/ptII/ptolemy/domains/continuous/test/auto/ContinuousInDE.xml (RunModel)" time="0.086" />
  <testcase classname="ptolemy.util.test.junit.AutoTests" name="[25] /home/travis/build/icyphy/ptII/ptolemy/domains/continuous/test/auto/ContinuousInDE2.xml (RunModel)" time="0.049" />
  <testcase classname="ptolemy.util.test.junit.AutoTests" name="[26] /home/travis/build/icyphy/ptII/ptolemy/domains/continuous/test/auto/ContinuousInDE3.xml (RunModel)" time="0.043" />
  <testcase classname="ptolemy.util.test.junit.AutoTests" name="[27] /home/travis/build/icyphy/ptII/ptolemy/domains/continuous/test/auto/ContinuousInDE4.xml (RunModel)" time="0.026" />
  <testcase classname="ptolemy.util.test.junit.AutoTests" name="[28] /home/travis/build/icyphy/ptII/ptolemy/domains/continuous/test/auto/ContinuousInDEDifferentRefinements.xml (RunModel)" time="0.093" />
  <testcase classname="ptolemy.util.test.junit.AutoTests" name="[29] /home/travis/build/icyphy/ptII/ptolemy/domains/continuous/test/auto/ContinuousInDEDifferentRefinementsPreemptive.xml (RunModel)" time="0.089" />
  <testcase classname="ptolemy.util.test.junit.AutoTests" name="[30] /home/travis/build/icyphy/ptII/ptolemy/domains/continuous/test/auto/ContinuousInDEInContinuous2.xml (RunModel)" time="0.056" />
  <testcase classname="ptolemy.util.test.junit.AutoTests" name="[31] /home/travis/build/icyphy/ptII/ptolemy/domains/continuous/test/auto/ContinuousInDEInContinuous3.xml (RunModel)" time="0.053" />
  <testcase classname="ptolemy.util.test.junit.AutoTests" name="[32] /home/travis/build/icyphy/ptII/ptolemy/domains/continuous/test/auto/ContinuousInDEInput.xml (RunModel)" time="0.031" />
  <testcase classname="ptolemy.util.test.junit.AutoTests" name="[33] /home/travis/build/icyphy/ptII/ptolemy/domains/continuous/test/auto/ContinuousInDEInput2.xml (RunModel)" time="0.036" />
  <testcase classname="ptolemy.util.test.junit.AutoTests" name="[34] /home/travis/build/icyphy/ptII/ptolemy/domains/continuous/test/auto/ContinuousInDEInput3.xml (RunModel)" time="0.03" />
  <testcase classname="ptolemy.util.test.junit.AutoTests" name="[35] /home/travis/build/icyphy/ptII/ptolemy/domains/continuous/test/auto/ContinuousInDESharingRefinement.xml (RunModel)" time="0.171" />
  <testcase classname="ptolemy.util.test.junit.AutoTests" name="[36] /home/travis/build/icyphy/ptII/ptolemy/domains/continuous/test/auto/ContinuousInDEwithNoPorts.xml (RunModel)" time="0.023" />
  <testcase classname="ptolemy.util.test.junit.AutoTests" name="[37] /home/travis/build/icyphy/ptII/ptolemy/domains/continuous/test/auto/ContinuousInsideDE.xml (RunModel)" time="0.075" />
  <testcase classname="ptolemy.util.test.junit.AutoTests" name="[38] /home/travis/build/icyphy/ptII/ptolemy/domains/continuous/test/auto/ContinuousMerge1.xml (RunModel)" time="0.018" />
  <testcase classname="ptolemy.util.test.junit.AutoTests" name="[39] /home/travis/build/icyphy/ptII/ptolemy/domains/continuous/test/auto/ContinuousMerge2.xml (RunModel)" time="0.057" />
  <testcase classname="ptolemy.util.test.junit.AutoTests" name="[40] /home/travis/build/icyphy/ptII/ptolemy/domains/continuous/test/auto/ContinuousMerge3.xml (RunModel)" time="0.068" />
  <testcase classname="ptolemy.util.test.junit.AutoTests" name="[41] /home/travis/build/icyphy/ptII/ptolemy/domains/continuous/test/auto/ContinuousWithinContinuous.xml (RunModel)" time="0.045" />
  <testcase classname="ptolemy.util.test.junit.AutoTests" name="[42] /home/travis/build/icyphy/ptII/ptolemy/domains/continuous/test/auto/ContinuousWithinContinuous2.xml (RunModel)" time="0.075" />
  <testcase classname="ptolemy.util.test.junit.AutoTests" name="[43] /home/travis/build/icyphy/ptII/ptolemy/domains/continuous/test/auto/ContinuousWithinContinuous3.xml (RunModel)" time="0.027" />
  <testcase classname="ptolemy.util.test.junit.AutoTests" name="[44] /home/travis/build/icyphy/ptII/ptolemy/domains/continuous/test/auto/ContinuousWithinContinuous4.xml (RunModel)" time="0.073" />
  <testcase classname="ptolemy.util.test.junit.AutoTests" name="[45] /home/travis/build/icyphy/ptII/ptolemy/domains/continuous/test/auto/ContinuousWithinContinuous5.xml (RunModel)" time="0.031" />
  <testcase classname="ptolemy.util.test.junit.AutoTests" name="[46] /home/travis/build/icyphy/ptII/ptolemy/domains/continuous/test/auto/ContinuousWithinContinuous6.xml (RunModel)" time="0.03" />
  <testcase classname="ptolemy.util.test.junit.AutoTests" name="[47] /home/travis/build/icyphy/ptII/ptolemy/domains/continuous/test/auto/ContinuousWithinContinuous7.xml (RunModel)" time="0.073" />
  <testcase classname="ptolemy.util.test.junit.AutoTests" name="[48] /home/travis/build/icyphy/ptII/ptolemy/domains/continuous/test/auto/DCMotor.xml (RunModel)" time="12.203" />
  <testcase classname="ptolemy.util.test.junit.AutoTests" name="[49] /home/travis/build/icyphy/ptII/ptolemy/domains/continuous/test/auto/DEInContinuous.xml (RunModel)" time="0.037" />
  <testcase classname="ptolemy.util.test.junit.AutoTests" name="[50] /home/travis/build/icyphy/ptII/ptolemy/domains/continuous/test/auto/DEinContinuous2.xml (RunModel)" time="0.033" />
  <testcase classname="ptolemy.util.test.junit.AutoTests" name="[51] /home/travis/build/icyphy/ptII/ptolemy/domains/continuous/test/auto/Derivative.xml (RunModel)" time="0.198" />
  <testcase classname="ptolemy.util.test.junit.AutoTests" name="[52] /home/travis/build/icyphy/ptII/ptolemy/domains/continuous/test/auto/Derivative1.xml (RunModel)" time="0.052" />
  <testcase classname="ptolemy.util.test.junit.AutoTests" name="[53] /home/travis/build/icyphy/ptII/ptolemy/domains/continuous/test/auto/DiscreteClock.xml (RunModel)" time="0.013" />
  <testcase classname="ptolemy.util.test.junit.AutoTests" name="[54] /home/travis/build/icyphy/ptII/ptolemy/domains/continuous/test/auto/EfficiencyCurve.xml (RunModel)" time="0.108" />
  <testcase classname="ptolemy.util.test.junit.AutoTests" name="[55] /home/travis/build/icyphy/ptII/ptolemy/domains/continuous/test/auto/ExponentialResponse.xml (RunModel)" time="0.09" />
  <testcase classname="ptolemy.util.test.junit.AutoTests" name="[56] /home/travis/build/icyphy/ptII/ptolemy/domains/continuous/test/auto/ExponentialResponseRK45.xml (RunModel)" time="0.029" />
  <testcase classname="ptolemy.util.test.junit.AutoTests" name="[57] /home/travis/build/icyphy/ptII/ptolemy/domains/continuous/test/auto/Friction.xml (RunModel)" time="1.596" />
  <testcase classname="ptolemy.util.test.junit.AutoTests" name="[58] /home/travis/build/icyphy/ptII/ptolemy/domains/continuous/test/auto/FurutaPendulum.xml (RunModel)" time="3.11" />
  <testcase classname="ptolemy.util.test.junit.AutoTests" name="[59] /home/travis/build/icyphy/ptII/ptolemy/domains/continuous/test/auto/HierarchicalExecution.xml (RunModel)" time="2.141" />
  <testcase classname="ptolemy.util.test.junit.AutoTests" name="[60] /home/travis/build/icyphy/ptII/ptolemy/domains/continuous/test/auto/HybridPlant.xml (RunModel)" time="0.556" />
  <testcase classname="ptolemy.util.test.junit.AutoTests" name="[61] /home/travis/build/icyphy/ptII/ptolemy/domains/continuous/test/auto/Hysteresis.xml (RunModel)" time="0.186" />
  <testcase classname="ptolemy.util.test.junit.AutoTests" name="[62] /home/travis/build/icyphy/ptII/ptolemy/domains/continuous/test/auto/HysteresisWithRandomDelay.xml (RunModel)" time="0.223" />
  <testcase classname="ptolemy.util.test.junit.AutoTests" name="[63] /home/travis/build/icyphy/ptII/ptolemy/domains/continuous/test/auto/HysteresisWithRandomLosses.xml (RunModel)" time="2.235" />
  <testcase classname="ptolemy.util.test.junit.AutoTests" name="[64] /home/travis/build/icyphy/ptII/ptolemy/domains/continuous/test/auto/ImmediateTransitions.xml (RunModel)" time="0.041" />
  <testcase classname="ptolemy.util.test.junit.AutoTests" name="[65] /home/travis/build/icyphy/ptII/ptolemy/domains/continuous/test/auto/ImpulseFeedback.xml (RunModel)" time="0.02" />
  <testcase classname="ptolemy.util.test.junit.AutoTests" name="[66] /home/travis/build/icyphy/ptII/ptolemy/domains/continuous/test/auto/ImpulseFeedback2.xml (RunModel)" time="0.017" />
  <testcase classname="ptolemy.util.test.junit.AutoTests" name="[67] /home/travis/build/icyphy/ptII/ptolemy/domains/continuous/test/auto/IncreasingRatePoisson.xml (RunModel)" time="0.651" />
  <testcase classname="ptolemy.util.test.junit.AutoTests" name="[68] /home/travis/build/icyphy/ptII/ptolemy/domains/continuous/test/auto/InitialStateFeedback.xml (RunModel)" time="0.013" />
  <testcase classname="ptolemy.util.test.junit.AutoTests" name="[69] /home/travis/build/icyphy/ptII/ptolemy/domains/continuous/test/auto/Integration.xml (RunModel)" time="0.009" />
  <testcase classname="ptolemy.util.test.junit.AutoTests" name="[70] /home/travis/build/icyphy/ptII/ptolemy/domains/continuous/test/auto/Integration2.xml (RunModel)" time="0.076" />
  <testcase classname="ptolemy.util.test.junit.AutoTests" name="[71] /home/travis/build/icyphy/ptII/ptolemy/domains/continuous/test/auto/Integration3.xml (RunModel)" time="0.028" />
  <testcase classname="ptolemy.util.test.junit.AutoTests" name="[72] /home/travis/build/icyphy/ptII/ptolemy/domains/continuous/test/auto/Integration5.xml (RunModel)" time="0.015" />
  <testcase classname="ptolemy.util.test.junit.AutoTests" name="[73] /home/travis/build/icyphy/ptII/ptolemy/domains/continuous/test/auto/IntegratorImpulse.xml (RunModel)" time="0.009" />
  <testcase classname="ptolemy.util.test.junit.AutoTests" name="[74] /home/travis/build/icyphy/ptII/ptolemy/domains/continuous/test/auto/IntegratorImpulse2.xml (RunModel)" time="0.01" />
  <testcase classname="ptolemy.util.test.junit.AutoTests" name="[75] /home/travis/build/icyphy/ptII/ptolemy/domains/continuous/test/auto/LevelCrossing1.xml (RunModel)" time="0.01" />
  <testcase classname="ptolemy.util.test.junit.AutoTests" name="[76] /home/travis/build/icyphy/ptII/ptolemy/domains/continuous/test/auto/LevelCrossing2.xml (RunModel)" time="0.016" />
  <testcase classname="ptolemy.util.test.junit.AutoTests" name="[77] /home/travis/build/icyphy/ptII/ptolemy/domains/continuous/test/auto/LevelCrossing3.xml (RunModel)" time="0.016" />
  <testcase classname="ptolemy.util.test.junit.AutoTests" name="[78] /home/travis/build/icyphy/ptII/ptolemy/domains/continuous/test/auto/LevelCrossing4.xml (RunModel)" time="0.012" />
  <testcase classname="ptolemy.util.test.junit.AutoTests" name="[79] /home/travis/build/icyphy/ptII/ptolemy/domains/continuous/test/auto/LevelCrossing5.xml (RunModel)" time="0.016" />
  <testcase classname="ptolemy.util.test.junit.AutoTests" name="[80] /home/travis/build/icyphy/ptII/ptolemy/domains/continuous/test/auto/LevelCrossing6.xml (RunModel)" time="0.013" />
  <testcase classname="ptolemy.util.test.junit.AutoTests" name="[81] /home/travis/build/icyphy/ptII/ptolemy/domains/continuous/test/auto/LevelCrossingDetector.xml (RunModel)" time="0.039" />
  <testcase classname="ptolemy.util.test.junit.AutoTests" name="[82] /home/travis/build/icyphy/ptII/ptolemy/domains/continuous/test/auto/LevelCrossingDetectorDetectingDirections.xml (RunModel)" time="0.081" />
  <testcase classname="ptolemy.util.test.junit.AutoTests" name="[83] /home/travis/build/icyphy/ptII/ptolemy/domains/continuous/test/auto/LevelCrossingDetectorDetectsGlitches.xml (RunModel)" time="0.06" />
  <testcase classname="ptolemy.util.test.junit.AutoTests" name="[84] /home/travis/build/icyphy/ptII/ptolemy/domains/continuous/test/auto/LevelCrossingNoInitialOuput.xml (RunModel)" time="0.018" />
  <testcase classname="ptolemy.util.test.junit.AutoTests" name="[85] /home/travis/build/icyphy/ptII/ptolemy/domains/continuous/test/auto/LinearStateSpaceExample.xml (RunModel)" time="0.059" />
  <testcase classname="ptolemy.util.test.junit.AutoTests" name="[86] /home/travis/build/icyphy/ptII/ptolemy/domains/continuous/test/auto/Lorenz.xml (RunModel)" time="3.312" />
  <testcase classname="ptolemy.util.test.junit.AutoTests" name="[87] /home/travis/build/icyphy/ptII/ptolemy/domains/continuous/test/auto/LorenzDifferentialSystem.xml (RunModel)" time="0.954" />
  <testcase classname="ptolemy.util.test.junit.AutoTests" name="[88] /home/travis/build/icyphy/ptII/ptolemy/domains/continuous/test/auto/LorenzDifferentialSystemWithInput.xml (RunModel)" time="1.133" />
  <testcase classname="ptolemy.util.test.junit.AutoTests" name="[89] /home/travis/build/icyphy/ptII/ptolemy/domains/continuous/test/auto/LorenzDifferentialSystemWithTime.xml (RunModel)" time="0.632" />
  <testcase classname="ptolemy.util.test.junit.AutoTests" name="[90] /home/travis/build/icyphy/ptII/ptolemy/domains/continuous/test/auto/Microsteps.xml (RunModel)" time="0.028" />
  <testcase classname="ptolemy.util.test.junit.AutoTests" name="[91] /home/travis/build/icyphy/ptII/ptolemy/domains/continuous/test/auto/Modal1.xml (RunModel)" time="0.047" />
  <testcase classname="ptolemy.util.test.junit.AutoTests" name="[92] /home/travis/build/icyphy/ptII/ptolemy/domains/continuous/test/auto/Modal2.xml (RunModel)" time="0.037" />
  <testcase classname="ptolemy.util.test.junit.AutoTests" name="[93] /home/travis/build/icyphy/ptII/ptolemy/domains/continuous/test/auto/ModalTransitionGuardWithReset.xml (RunModel)" time="0.022" />
  <testcase classname="ptolemy.util.test.junit.AutoTests" name="[94] /home/travis/build/icyphy/ptII/ptolemy/domains/continuous/test/auto/ModalTransitionGuardWithResetUsingPreemptiveTransition.xml (RunModel)" time="0.024" />
  <testcase classname="ptolemy.util.test.junit.AutoTests" name="[95] /home/travis/build/icyphy/ptII/ptolemy/domains/continuous/test/auto/ModalTransitionGuardWithResetUsingPreemptiveTransition2.xml (RunModel)" time="0.027" />
  <testcase classname="ptolemy.util.test.junit.AutoTests" name="[96] /home/travis/build/icyphy/ptII/ptolemy/domains/continuous/test/auto/ModalTransitionGuardWithResetUsingPreemptiveTransition3.xml (RunModel)" time="0.029" />
  <testcase classname="ptolemy.util.test.junit.AutoTests" name="[97] /home/travis/build/icyphy/ptII/ptolemy/domains/continuous/test/auto/NewtonsCradle.xml (RunModel)" time="0.76" />
  <testcase classname="ptolemy.util.test.junit.AutoTests" name="[98] /home/travis/build/icyphy/ptII/ptolemy/domains/continuous/test/auto/NewtonsCradleAnimated.xml (RunModel)" time="1.275" />
  <testcase classname="ptolemy.util.test.junit.AutoTests" name="[99] /home/travis/build/icyphy/ptII/ptolemy/domains/continuous/test/auto/NewtonsCradleComplicated.xml (RunModel)" time="0.867" />
  <testcase classname="ptolemy.util.test.junit.AutoTests" name="[100] /home/travis/build/icyphy/ptII/ptolemy/domains/continuous/test/auto/NewtonsCradleNondeterministic.xml (RunModel)" time="0.593" />
  <testcase classname="ptolemy.util.test.junit.AutoTests" name="[101] /home/travis/build/icyphy/ptII/ptolemy/domains/continuous/test/auto/NewtonsCradlePerfectlyInelastic1.xml (RunModel)" time="1.146" />
  <testcase classname="ptolemy.util.test.junit.AutoTests" name="[102] /home/travis/build/icyphy/ptII/ptolemy/domains/continuous/test/auto/Noise.xml (RunModel)" time="0.176" />
  <testcase classname="ptolemy.util.test.junit.AutoTests" name="[103] /home/travis/build/icyphy/ptII/ptolemy/domains/continuous/test/auto/NoiseSpectrum.xml (RunModel)" time="0.639" />
  <testcase classname="ptolemy.util.test.junit.AutoTests" name="[104] /home/travis/build/icyphy/ptII/ptolemy/domains/continuous/test/auto/ParameterizedNewtonsCradleAnimated.xml (RunModel)" time="0.342" />
  <testcase classname="ptolemy.util.test.junit.AutoTests" name="[105] /home/travis/build/icyphy/ptII/ptolemy/domains/continuous/test/auto/ParameterizedNewtonsCradleAnimatedNondeterministic.xml (RunModel)" time="1.124" />
  <testcase classname="ptolemy.util.test.junit.AutoTests" name="[106] /home/travis/build/icyphy/ptII/ptolemy/domains/continuous/test/auto/Pendulum3D.xml (RunModel)" time="0.172" />
  <testcase classname="ptolemy.util.test.junit.AutoTests" name="[107] /home/travis/build/icyphy/ptII/ptolemy/domains/continuous/test/auto/PeriodicSampler.xml (RunModel)" time="0.012" />
  <testcase classname="ptolemy.util.test.junit.AutoTests" name="[108] /home/travis/build/icyphy/ptII/ptolemy/domains/continuous/test/auto/PeriodicSampler1.xml (RunModel)" time="0.038" />
  <testcase classname="ptolemy.util.test.junit.AutoTests" name="[109] /home/travis/build/icyphy/ptII/ptolemy/domains/continuous/test/auto/PeriodicSampler2.xml (RunModel)" time="0.075" />
  <testcase classname="ptolemy.util.test.junit.AutoTests" name="[110] /home/travis/build/icyphy/ptII/ptolemy/domains/continuous/test/auto/Poisson.xml (RunModel)" time="0.418" />
  <testcase classname="ptolemy.util.test.junit.AutoTests" name="[111] /home/travis/build/icyphy/ptII/ptolemy/domains/continuous/test/auto/PoissonClock.xml (RunModel)" time="0.011" />
  <testcase classname="ptolemy.util.test.junit.AutoTests" name="[112] /home/travis/build/icyphy/ptII/ptolemy/domains/continuous/test/auto/PoissonClock2.xml (RunModel)" time="0.028" />
  <testcase classname="ptolemy.util.test.junit.AutoTests" name="[113] /home/travis/build/icyphy/ptII/ptolemy/domains/continuous/test/auto/PortParameterHierarchy.xml (RunModel)" time="0.048" />
  <testcase classname="ptolemy.util.test.junit.AutoTests" name="[114] /home/travis/build/icyphy/ptII/ptolemy/domains/continuous/test/auto/RandomHybridPlant.xml (RunModel)" time="0.608" />
  <testcase classname="ptolemy.util.test.junit.AutoTests" name="[115] /home/travis/build/icyphy/ptII/ptolemy/domains/continuous/test/auto/ResetTransitionWithStartTime1.xml (RunModel)" time="0.032" />
  <testcase classname="ptolemy.util.test.junit.AutoTests" name="[116] /home/travis/build/icyphy/ptII/ptolemy/domains/continuous/test/auto/ResetTransitionWithStartTime2.xml (RunModel)" time="0.043" />
  <testcase classname="ptolemy.util.test.junit.AutoTests" name="[117] /home/travis/build/icyphy/ptII/ptolemy/domains/continuous/test/auto/ResetTransitionWithStartTime3.xml (RunModel)" time="0.04" />
  <testcase classname="ptolemy.util.test.junit.AutoTests" name="[118] /home/travis/build/icyphy/ptII/ptolemy/domains/continuous/test/auto/ResetTransitionWithStartTime4.xml (RunModel)" time="0.03" />
  <testcase classname="ptolemy.util.test.junit.AutoTests" name="[119] /home/travis/build/icyphy/ptII/ptolemy/domains/continuous/test/auto/ResetTransitionWithStartTime5.xml (RunModel)" time="0.052" />
  <testcase classname="ptolemy.util.test.junit.AutoTests" name="[120] /home/travis/build/icyphy/ptII/ptolemy/domains/continuous/test/auto/ResetTransitionWithStartTime6.xml (RunModel)" time="0.031" />
  <testcase classname="ptolemy.util.test.junit.AutoTests" name="[121] /home/travis/build/icyphy/ptII/ptolemy/domains/continuous/test/auto/SRinContinuous.xml (RunModel)" time="0.027" />
  <testcase classname="ptolemy.util.test.junit.AutoTests" name="[122] /home/travis/build/icyphy/ptII/ptolemy/domains/continuous/test/auto/SampledClocks.xml (RunModel)" time="0.031" />
  <testcase classname="ptolemy.util.test.junit.AutoTests" name="[123] /home/travis/build/icyphy/ptII/ptolemy/domains/continuous/test/auto/Satellite.xml (RunModel)" time="0.727" />
  <testcase classname="ptolemy.util.test.junit.AutoTests" name="[124] /home/travis/build/icyphy/ptII/ptolemy/domains/continuous/test/auto/SigmaDelta.xml (RunModel)" time="1.836" />
  <testcase classname="ptolemy.util.test.junit.AutoTests" name="[125] /home/travis/build/icyphy/ptII/ptolemy/domains/continuous/test/auto/SingleRefinement.xml (RunModel)" time="0.414" />
  <testcase classname="ptolemy.util.test.junit.AutoTests" name="[126] /home/travis/build/icyphy/ptII/ptolemy/domains/continuous/test/auto/SinuBouncingBall.xml (RunModel)" time="0.8" />
  <testcase classname="ptolemy.util.test.junit.AutoTests" name="[127] /home/travis/build/icyphy/ptII/ptolemy/domains/continuous/test/auto/Sinusoid.xml (RunModel)" time="0.018" />
  <testcase classname="ptolemy.util.test.junit.AutoTests" name="[128] /home/travis/build/icyphy/ptII/ptolemy/domains/continuous/test/auto/SinusoidInNoise.xml (RunModel)" time="0.813" />
  <testcase classname="ptolemy.util.test.junit.AutoTests" name="[129] /home/travis/build/icyphy/ptII/ptolemy/domains/continuous/test/auto/SinusoidRK45.xml (RunModel)" time="0.014" />
  <testcase classname="ptolemy.util.test.junit.AutoTests" name="[130] /home/travis/build/icyphy/ptII/ptolemy/domains/continuous/test/auto/SinusoidWithMultipleImpulses.xml (RunModel)" time="0.018" />
  <testcase classname="ptolemy.util.test.junit.AutoTests" name="[131] /home/travis/build/icyphy/ptII/ptolemy/domains/continuous/test/auto/SquareWave.xml (RunModel)" time="0.164" />
  <testcase classname="ptolemy.util.test.junit.AutoTests" name="[132] /home/travis/build/icyphy/ptII/ptolemy/domains/continuous/test/auto/Starmac.xml (RunModel)" time="3.392" />
  <testcase classname="ptolemy.util.test.junit.AutoTests" name="[133] /home/travis/build/icyphy/ptII/ptolemy/domains/continuous/test/auto/StaticUnits.xml (RunModel)" time="2.322" />
  <testcase classname="ptolemy.util.test.junit.AutoTests" name="[134] /home/travis/build/icyphy/ptII/ptolemy/domains/continuous/test/auto/StickyMasses.xml (RunModel)" time="0.192" />
  <testcase classname="ptolemy.util.test.junit.AutoTests" name="[135] /home/travis/build/icyphy/ptII/ptolemy/domains/continuous/test/auto/StopTime.xml (RunModel)" time="0.074" />
  <testcase classname="ptolemy.util.test.junit.AutoTests" name="[136] /home/travis/build/icyphy/ptII/ptolemy/domains/continuous/test/auto/StopTime2.xml (RunModel)" time="0.063" />
  <testcase classname="ptolemy.util.test.junit.AutoTests" name="[137] /home/travis/build/icyphy/ptII/ptolemy/domains/continuous/test/auto/Switch.xml (RunModel)" time="0.066" />
  <testcase classname="ptolemy.util.test.junit.AutoTests" name="[138] /home/travis/build/icyphy/ptII/ptolemy/domains/continuous/test/auto/Thermostat.xml (RunModel)" time="0.234" />
  <testcase classname="ptolemy.util.test.junit.AutoTests" name="[139] /home/travis/build/icyphy/ptII/ptolemy/domains/continuous/test/auto/TimeDelay.xml (RunModel)" time="0.015" />
  <testcase classname="ptolemy.util.test.junit.AutoTests" name="[140] /home/travis/build/icyphy/ptII/ptolemy/domains/continuous/test/auto/TimeDelay2.xml (RunModel)" time="0.028" />
  <testcase classname="ptolemy.util.test.junit.AutoTests" name="[141] /home/travis/build/icyphy/ptII/ptolemy/domains/continuous/test/auto/TimeDelay3.xml (RunModel)" time="0.011" />
  <testcase classname="ptolemy.util.test.junit.AutoTests" name="[142] /home/travis/build/icyphy/ptII/ptolemy/domains/continuous/test/auto/TransferAbsentToInside.xml (RunModel)" time="0.1" />
  <testcase classname="ptolemy.util.test.junit.AutoTests" name="[143] /home/travis/build/icyphy/ptII/ptolemy/domains/continuous/test/auto/Transmission.xml (RunModel)" time="0.745" />
  <testcase classname="ptolemy.util.test.junit.AutoTests" name="[144] /home/travis/build/icyphy/ptII/ptolemy/domains/continuous/test/auto/TriggeredContinuousClock.xml (RunModel)" time="0.095" />
  <testcase classname="ptolemy.util.test.junit.AutoTests" name="[145] /home/travis/build/icyphy/ptII/ptolemy/domains/continuous/test/auto/TwoMachineInfiniteBusControl.xml (RunModel)" time="2.868" />
  <testcase classname="ptolemy.util.test.junit.AutoTests" name="[146] /home/travis/build/icyphy/ptII/ptolemy/domains/continuous/test/auto/V2V.xml (RunModel)" time="0.901" />
  <testcase classname="ptolemy.util.test.junit.AutoTests" name="[147] /home/travis/build/icyphy/ptII/ptolemy/domains/continuous/test/auto/hierarchicalModalModel.xml (RunModel)" time="0.03" />
  <testcase classname="ptolemy.util.test.junit.AutoTests" name="[148] /home/travis/build/icyphy/ptII/ptolemy/domains/continuous/test/auto/hierarchicalModalModel1.xml (RunModel)" time="0.028" />
  <testcase classname="ptolemy.util.test.junit.AutoTests" name="[149] /home/travis/build/icyphy/ptII/ptolemy/domains/continuous/test/auto/hierarchicalModalModel2.xml (RunModel)" time="0.025" />
  <testcase classname="ptolemy.util.test.junit.AutoTests" name="[150] /home/travis/build/icyphy/ptII/ptolemy/domains/continuous/test/auto/hierarchicalModalModel3.xml (RunModel)" time="0.026" />
  <testcase classname="ptolemy.util.test.junit.AutoTests" name="[151] /home/travis/build/icyphy/ptII/ptolemy/domains/continuous/test/auto/hierarchicalModalModel4.xml (RunModel)" time="0.022" />
  <testcase classname="ptolemy.util.test.junit.AutoTests" name="[152] /home/travis/build/icyphy/ptII/ptolemy/domains/continuous/test/auto/junk.xml (RunModel)" time="0.131" />
  <system-out><![CDATA[No tcl tests in /home/travis/build/icyphy/ptII/ptolemy/domains/continuous/test
No auto/knownFailedTests/*.xml tests in /home/travis/build/icyphy/ptII/ptolemy/domains/continuous/test
No auto/linux-amd64/*.xml tests in /home/travis/build/icyphy/ptII/ptolemy/domains/continuous/test
AutoTests.java: About to close Vertx.
AutoTests.java: Vertx closed.

===========================================================================================
----------------- testing Sat Aug 22 15:27:21 UTC 2020 /home/travis/build/icyphy/ptII/ptolemy/domains/continuous/test/auto/BouncingBall.xml
----------------- Instantiating /home/travis/build/icyphy/ptII/ptolemy/domains/continuous/test/auto/BouncingBall.xml
2333 ms. Memory: 156672K Free: 139576K (89%)
----------------- Invoking toplevel() on ptolemy.moml.MoMLSimpleApplication@25e296d
----------------- Done invoking toplevel() on ptolemy.moml.MoMLSimpleApplication@25e296d
reloadAllAccessors: .BouncingBall

===========================================================================================
----------------- testing Sat Aug 22 15:27:24 UTC 2020 /home/travis/build/icyphy/ptII/ptolemy/domains/continuous/test/auto/BouncingBallWithoutGR.xml
----------------- Instantiating /home/travis/build/icyphy/ptII/ptolemy/domains/continuous/test/auto/BouncingBallWithoutGR.xml
743 ms. Memory: 156672K Free: 136997K (87%)
----------------- Invoking toplevel() on ptolemy.moml.MoMLSimpleApplication@318bf699
----------------- Done invoking toplevel() on ptolemy.moml.MoMLSimpleApplication@318bf699
reloadAllAccessors: .BouncingBallWithoutGR

===========================================================================================
----------------- testing Sat Aug 22 15:27:25 UTC 2020 /home/travis/build/icyphy/ptII/ptolemy/domains/continuous/test/auto/Brownian.xml
----------------- Instantiating /home/travis/build/icyphy/ptII/ptolemy/domains/continuous/test/auto/Brownian.xml
39 ms. Memory: 156672K Free: 128291K (82%)
----------------- Invoking toplevel() on ptolemy.moml.MoMLSimpleApplication@7b51db95
----------------- Done invoking toplevel() on ptolemy.moml.MoMLSimpleApplication@7b51db95
reloadAllAccessors: .Brownian

===========================================================================================
----------------- testing Sat Aug 22 15:27:25 UTC 2020 /home/travis/build/icyphy/ptII/ptolemy/domains/continuous/test/auto/CarTracking.xml
----------------- Instantiating /home/travis/build/icyphy/ptII/ptolemy/domains/continuous/test/auto/CarTracking.xml
3691 ms. Memory: 226304K Free: 174436K (77%)
----------------- Invoking toplevel() on ptolemy.moml.MoMLSimpleApplication@74c9fb91
----------------- Done invoking toplevel() on ptolemy.moml.MoMLSimpleApplication@74c9fb91
reloadAllAccessors: .CarTracking

===========================================================================================
----------------- testing Sat Aug 22 15:27:29 UTC 2020 /home/travis/build/icyphy/ptII/ptolemy/domains/continuous/test/auto/CartPendulum.xml
----------------- Instantiating /home/travis/build/icyphy/ptII/ptolemy/domains/continuous/test/auto/CartPendulum.xml
403 ms. Memory: 226304K Free: 80234K (35%)
----------------- Invoking toplevel() on ptolemy.moml.MoMLSimpleApplication@7bcb8e19
----------------- Done invoking toplevel() on ptolemy.moml.MoMLSimpleApplication@7bcb8e19
reloadAllAccessors: .CartPendulum

===========================================================================================
----------------- testing Sat Aug 22 15:27:30 UTC 2020 /home/travis/build/icyphy/ptII/ptolemy/domains/continuous/test/auto/CausalityInterface10.xml
----------------- Instantiating /home/travis/build/icyphy/ptII/ptolemy/domains/continuous/test/auto/CausalityInterface10.xml
11 ms. Memory: 226304K Free: 202870K (90%)
----------------- Invoking toplevel() on ptolemy.moml.MoMLSimpleApplication@37589e7a
----------------- Done invoking toplevel() on ptolemy.moml.MoMLSimpleApplication@37589e7a
reloadAllAccessors: .CausalityInterface10

===========================================================================================
----------------- testing Sat Aug 22 15:27:30 UTC 2020 /home/travis/build/icyphy/ptII/ptolemy/domains/continuous/test/auto/CausalityInterface11.xml
----------------- Instantiating /home/travis/build/icyphy/ptII/ptolemy/domains/continuous/test/auto/CausalityInterface11.xml
15 ms. Memory: 226304K Free: 196696K (87%)
----------------- Invoking toplevel() on ptolemy.moml.MoMLSimpleApplication@5a5038fd
----------------- Done invoking toplevel() on ptolemy.moml.MoMLSimpleApplication@5a5038fd
reloadAllAccessors: .CausalityInterface11

===========================================================================================
----------------- testing Sat Aug 22 15:27:30 UTC 2020 /home/travis/build/icyphy/ptII/ptolemy/domains/continuous/test/auto/CausalityInterface12.xml
----------------- Instantiating /home/travis/build/icyphy/ptII/ptolemy/domains/continuous/test/auto/CausalityInterface12.xml
9 ms. Memory: 226304K Free: 190568K (84%)
----------------- Invoking toplevel() on ptolemy.moml.MoMLSimpleApplication@6cedda30
----------------- Done invoking toplevel() on ptolemy.moml.MoMLSimpleApplication@6cedda30
reloadAllAccessors: .CausalityInterface12

===========================================================================================
----------------- testing Sat Aug 22 15:27:30 UTC 2020 /home/travis/build/icyphy/ptII/ptolemy/domains/continuous/test/auto/CausalityInterface13.xml
----------------- Instantiating /home/travis/build/icyphy/ptII/ptolemy/domains/continuous/test/auto/CausalityInterface13.xml
7 ms. Memory: 226304K Free: 184438K (82%)
----------------- Invoking toplevel() on ptolemy.moml.MoMLSimpleApplication@60f852f1
----------------- Done invoking toplevel() on ptolemy.moml.MoMLSimpleApplication@60f852f1
reloadAllAccessors: .CausalityInterface13

===========================================================================================
----------------- testing Sat Aug 22 15:27:31 UTC 2020 /home/travis/build/icyphy/ptII/ptolemy/domains/continuous/test/auto/CausalityInterface14.xml
----------------- Instantiating /home/travis/build/icyphy/ptII/ptolemy/domains/continuous/test/auto/CausalityInterface14.xml
4 ms. Memory: 226304K Free: 178808K (79%)
----------------- Invoking toplevel() on ptolemy.moml.MoMLSimpleApplication@6a14cd09
----------------- Done invoking toplevel() on ptolemy.moml.MoMLSimpleApplication@6a14cd09
reloadAllAccessors: .CausalityInterface14

===========================================================================================
----------------- testing Sat Aug 22 15:27:31 UTC 2020 /home/travis/build/icyphy/ptII/ptolemy/domains/continuous/test/auto/CausalityInterface4.xml
----------------- Instantiating /home/travis/build/icyphy/ptII/ptolemy/domains/continuous/test/auto/CausalityInterface4.xml
5 ms. Memory: 226304K Free: 172136K (76%)
----------------- Invoking toplevel() on ptolemy.moml.MoMLSimpleApplication@6c7ff5c8
----------------- Done invoking toplevel() on ptolemy.moml.MoMLSimpleApplication@6c7ff5c8
reloadAllAccessors: .CausalityInterface4

===========================================================================================
----------------- testing Sat Aug 22 15:27:31 UTC 2020 /home/travis/build/icyphy/ptII/ptolemy/domains/continuous/test/auto/CausalityInterface5.xml
----------------- Instantiating /home/travis/build/icyphy/ptII/ptolemy/domains/continuous/test/auto/CausalityInterface5.xml
4 ms. Memory: 226304K Free: 163958K (72%)
----------------- Invoking toplevel() on ptolemy.moml.MoMLSimpleApplication@a103c7f
----------------- Done invoking toplevel() on ptolemy.moml.MoMLSimpleApplication@a103c7f
reloadAllAccessors: .CausalityInterface5

===========================================================================================
----------------- testing Sat Aug 22 15:27:31 UTC 2020 /home/travis/build/icyphy/ptII/ptolemy/domains/continuous/test/auto/CausalityInterface6.xml
----------------- Instantiating /home/travis/build/icyphy/ptII/ptolemy/domains/continuous/test/auto/CausalityInterface6.xml
6 ms. Memory: 226304K Free: 158328K (70%)
----------------- Invoking toplevel() on ptolemy.moml.MoMLSimpleApplication@26bf8041
----------------- Done invoking toplevel() on ptolemy.moml.MoMLSimpleApplication@26bf8041
reloadAllAccessors: .CausalityInterface6

===========================================================================================
----------------- testing Sat Aug 22 15:27:31 UTC 2020 /home/travis/build/icyphy/ptII/ptolemy/domains/continuous/test/auto/CausalityInterface7.xml
----------------- Instantiating /home/travis/build/icyphy/ptII/ptolemy/domains/continuous/test/auto/CausalityInterface7.xml
10 ms. Memory: 226304K Free: 149622K (66%)
----------------- Invoking toplevel() on ptolemy.moml.MoMLSimpleApplication@47877764
----------------- Done invoking toplevel() on ptolemy.moml.MoMLSimpleApplication@47877764
reloadAllAccessors: .CausalityInterface7

===========================================================================================
----------------- testing Sat Aug 22 15:27:31 UTC 2020 /home/travis/build/icyphy/ptII/ptolemy/domains/continuous/test/auto/CausalityInterface8.xml
----------------- Instantiating /home/travis/build/icyphy/ptII/ptolemy/domains/continuous/test/auto/CausalityInterface8.xml
7 ms. Memory: 226304K Free: 140920K (62%)
----------------- Invoking toplevel() on ptolemy.moml.MoMLSimpleApplication@43cb826f
----------------- Done invoking toplevel() on ptolemy.moml.MoMLSimpleApplication@43cb826f
reloadAllAccessors: .CausalityInterface8

===========================================================================================
----------------- testing Sat Aug 22 15:27:31 UTC 2020 /home/travis/build/icyphy/ptII/ptolemy/domains/continuous/test/auto/CausalityInterface9.xml
----------------- Instantiating /home/travis/build/icyphy/ptII/ptolemy/domains/continuous/test/auto/CausalityInterface9.xml
10 ms. Memory: 226304K Free: 130166K (58%)
----------------- Invoking toplevel() on ptolemy.moml.MoMLSimpleApplication@72557d5f
----------------- Done invoking toplevel() on ptolemy.moml.MoMLSimpleApplication@72557d5f
reloadAllAccessors: .CausalityInterface9

===========================================================================================
----------------- testing Sat Aug 22 15:27:31 UTC 2020 /home/travis/build/icyphy/ptII/ptolemy/domains/continuous/test/auto/CausalityInterfaceFeedback1.xml
----------------- Instantiating /home/travis/build/icyphy/ptII/ptolemy/domains/continuous/test/auto/CausalityInterfaceFeedback1.xml
3 ms. Memory: 226304K Free: 123512K (55%)
----------------- Invoking toplevel() on ptolemy.moml.MoMLSimpleApplication@1dc8a11c
----------------- Done invoking toplevel() on ptolemy.moml.MoMLSimpleApplication@1dc8a11c
reloadAllAccessors: .CausalityInterfaceFeedback1

===========================================================================================
----------------- testing Sat Aug 22 15:27:31 UTC 2020 /home/travis/build/icyphy/ptII/ptolemy/domains/continuous/test/auto/CausalityInterfaceFeedback2.xml
----------------- Instantiating /home/travis/build/icyphy/ptII/ptolemy/domains/continuous/test/auto/CausalityInterfaceFeedback2.xml
4 ms. Memory: 226304K Free: 116840K (52%)
----------------- Invoking toplevel() on ptolemy.moml.MoMLSimpleApplication@3db3ad33
----------------- Done invoking toplevel() on ptolemy.moml.MoMLSimpleApplication@3db3ad33
reloadAllAccessors: .CausalityInterfaceFeedback2

===========================================================================================
----------------- testing Sat Aug 22 15:27:31 UTC 2020 /home/travis/build/icyphy/ptII/ptolemy/domains/continuous/test/auto/CompareWithCurrentTime.xml
----------------- Instantiating /home/travis/build/icyphy/ptII/ptolemy/domains/continuous/test/auto/CompareWithCurrentTime.xml
2 ms. Memory: 226304K Free: 112758K (50%)
----------------- Invoking toplevel() on ptolemy.moml.MoMLSimpleApplication@7986c001
----------------- Done invoking toplevel() on ptolemy.moml.MoMLSimpleApplication@7986c001
reloadAllAccessors: .CompareWithCurrentTime

===========================================================================================
----------------- testing Sat Aug 22 15:27:31 UTC 2020 /home/travis/build/icyphy/ptII/ptolemy/domains/continuous/test/auto/ComparedClocks.xml
----------------- Instantiating /home/travis/build/icyphy/ptII/ptolemy/domains/continuous/test/auto/ComparedClocks.xml
10 ms. Memory: 226304K Free: 97384K (43%)
----------------- Invoking toplevel() on ptolemy.moml.MoMLSimpleApplication@51c21102
----------------- Done invoking toplevel() on ptolemy.moml.MoMLSimpleApplication@51c21102
reloadAllAccessors: .ComparedClocks

===========================================================================================
----------------- testing Sat Aug 22 15:27:31 UTC 2020 /home/travis/build/icyphy/ptII/ptolemy/domains/continuous/test/auto/ContinuousAOCClone.xml
----------------- Instantiating /home/travis/build/icyphy/ptII/ptolemy/domains/continuous/test/auto/ContinuousAOCClone.xml
2173 ms. Memory: 272384K Free: 150325K (55%)
----------------- Invoking toplevel() on ptolemy.moml.MoMLSimpleApplication@46026180
----------------- Done invoking toplevel() on ptolemy.moml.MoMLSimpleApplication@46026180
reloadAllAccessors: .ContinuousAOCClone

===========================================================================================
----------------- testing Sat Aug 22 15:27:33 UTC 2020 /home/travis/build/icyphy/ptII/ptolemy/domains/continuous/test/auto/ContinuousClock.xml
----------------- Instantiating /home/travis/build/icyphy/ptII/ptolemy/domains/continuous/test/auto/ContinuousClock.xml
36 ms. Memory: 272384K Free: 128311K (47%)
----------------- Invoking toplevel() on ptolemy.moml.MoMLSimpleApplication@13dfb4d4
----------------- Done invoking toplevel() on ptolemy.moml.MoMLSimpleApplication@13dfb4d4
reloadAllAccessors: .ContinuousClock

===========================================================================================
----------------- testing Sat Aug 22 15:27:34 UTC 2020 /home/travis/build/icyphy/ptII/ptolemy/domains/continuous/test/auto/ContinuousInContinuous.xml
----------------- Instantiating /home/travis/build/icyphy/ptII/ptolemy/domains/continuous/test/auto/ContinuousInContinuous.xml
39 ms. Memory: 272384K Free: 104759K (38%)
----------------- Invoking toplevel() on ptolemy.moml.MoMLSimpleApplication@206d5d9b
----------------- Done invoking toplevel() on ptolemy.moml.MoMLSimpleApplication@206d5d9b
reloadAllAccessors: .ContinuousInContinuous

===========================================================================================
----------------- testing Sat Aug 22 15:27:34 UTC 2020 /home/travis/build/icyphy/ptII/ptolemy/domains/continuous/test/auto/ContinuousInContinuousInContinuous.xml
----------------- Instantiating /home/travis/build/icyphy/ptII/ptolemy/domains/continuous/test/auto/ContinuousInContinuousInContinuous.xml
8 ms. Memory: 272384K Free: 97077K (36%)
----------------- Invoking toplevel() on ptolemy.moml.MoMLSimpleApplication@58037611
----------------- Done invoking toplevel() on ptolemy.moml.MoMLSimpleApplication@58037611
reloadAllAccessors: .ContinuousInContinuousInContinuous

===========================================================================================
----------------- testing Sat Aug 22 15:27:34 UTC 2020 /home/travis/build/icyphy/ptII/ptolemy/domains/continuous/test/auto/ContinuousInDE.xml
----------------- Instantiating /home/travis/build/icyphy/ptII/ptolemy/domains/continuous/test/auto/ContinuousInDE.xml
57 ms. Memory: 272384K Free: 248099K (91%)
----------------- Invoking toplevel() on ptolemy.moml.MoMLSimpleApplication@1d701827
----------------- Done invoking toplevel() on ptolemy.moml.MoMLSimpleApplication@1d701827
reloadAllAccessors: .ContinuousInDE

===========================================================================================
----------------- testing Sat Aug 22 15:27:34 UTC 2020 /home/travis/build/icyphy/ptII/ptolemy/domains/continuous/test/auto/ContinuousInDE2.xml
----------------- Instantiating /home/travis/build/icyphy/ptII/ptolemy/domains/continuous/test/auto/ContinuousInDE2.xml
35 ms. Memory: 272384K Free: 238369K (88%)
----------------- Invoking toplevel() on ptolemy.moml.MoMLSimpleApplication@54b09a33
----------------- Done invoking toplevel() on ptolemy.moml.MoMLSimpleApplication@54b09a33
reloadAllAccessors: .ContinuousInDE2

===========================================================================================
----------------- testing Sat Aug 22 15:27:34 UTC 2020 /home/travis/build/icyphy/ptII/ptolemy/domains/continuous/test/auto/ContinuousInDE3.xml
----------------- Instantiating /home/travis/build/icyphy/ptII/ptolemy/domains/continuous/test/auto/ContinuousInDE3.xml
30 ms. Memory: 272384K Free: 228129K (84%)
----------------- Invoking toplevel() on ptolemy.moml.MoMLSimpleApplication@2ec0ce2
----------------- Done invoking toplevel() on ptolemy.moml.MoMLSimpleApplication@2ec0ce2
reloadAllAccessors: .ContinuousInDE3

===========================================================================================
----------------- testing Sat Aug 22 15:27:34 UTC 2020 /home/travis/build/icyphy/ptII/ptolemy/domains/continuous/test/auto/ContinuousInDE4.xml
----------------- Instantiating /home/travis/build/icyphy/ptII/ptolemy/domains/continuous/test/auto/ContinuousInDE4.xml
12 ms. Memory: 272384K Free: 221985K (81%)
----------------- Invoking toplevel() on ptolemy.moml.MoMLSimpleApplication@2cb4152
----------------- Done invoking toplevel() on ptolemy.moml.MoMLSimpleApplication@2cb4152
reloadAllAccessors: .ContinuousInDE4

===========================================================================================
----------------- testing Sat Aug 22 15:27:34 UTC 2020 /home/travis/build/icyphy/ptII/ptolemy/domains/continuous/test/auto/ContinuousInDEDifferentRefinements.xml
----------------- Instantiating /home/travis/build/icyphy/ptII/ptolemy/domains/continuous/test/auto/ContinuousInDEDifferentRefinements.xml
59 ms. Memory: 272384K Free: 190755K (70%)
----------------- Invoking toplevel() on ptolemy.moml.MoMLSimpleApplication@1cd7cce7
----------------- Done invoking toplevel() on ptolemy.moml.MoMLSimpleApplication@1cd7cce7
reloadAllAccessors: .ContinuousInDEDifferentRefinements

===========================================================================================
----------------- testing Sat Aug 22 15:27:34 UTC 2020 /home/travis/build/icyphy/ptII/ptolemy/domains/continuous/test/auto/ContinuousInDEDifferentRefinementsPreemptive.xml
----------------- Instantiating /home/travis/build/icyphy/ptII/ptolemy/domains/continuous/test/auto/ContinuousInDEDifferentRefinementsPreemptive.xml
46 ms. Memory: 272384K Free: 160035K (59%)
----------------- Invoking toplevel() on ptolemy.moml.MoMLSimpleApplication@68bda354
----------------- Done invoking toplevel() on ptolemy.moml.MoMLSimpleApplication@68bda354
reloadAllAccessors: .ContinuousInDEDifferentRefinementsPreemptive

===========================================================================================
----------------- testing Sat Aug 22 15:27:34 UTC 2020 /home/travis/build/icyphy/ptII/ptolemy/domains/continuous/test/auto/ContinuousInDEInContinuous2.xml
----------------- Instantiating /home/travis/build/icyphy/ptII/ptolemy/domains/continuous/test/auto/ContinuousInDEInContinuous2.xml
31 ms. Memory: 272384K Free: 148771K (55%)
----------------- Invoking toplevel() on ptolemy.moml.MoMLSimpleApplication@68ed7efc
----------------- Done invoking toplevel() on ptolemy.moml.MoMLSimpleApplication@68ed7efc
reloadAllAccessors: .ContinuousInDEInContinuous2

===========================================================================================
----------------- testing Sat Aug 22 15:27:34 UTC 2020 /home/travis/build/icyphy/ptII/ptolemy/domains/continuous/test/auto/ContinuousInDEInContinuous3.xml
----------------- Instantiating /home/travis/build/icyphy/ptII/ptolemy/domains/continuous/test/auto/ContinuousInDEInContinuous3.xml
34 ms. Memory: 272384K Free: 136993K (50%)
----------------- Invoking toplevel() on ptolemy.moml.MoMLSimpleApplication@6332937e
----------------- Done invoking toplevel() on ptolemy.moml.MoMLSimpleApplication@6332937e
reloadAllAccessors: .ContinuousInDEInContinuous3

===========================================================================================
----------------- testing Sat Aug 22 15:27:34 UTC 2020 /home/travis/build/icyphy/ptII/ptolemy/domains/continuous/test/auto/ContinuousInDEInput.xml
----------------- Instantiating /home/travis/build/icyphy/ptII/ptolemy/domains/continuous/test/auto/ContinuousInDEInput.xml
16 ms. Memory: 272384K Free: 129825K (48%)
----------------- Invoking toplevel() on ptolemy.moml.MoMLSimpleApplication@72c71e62
----------------- Done invoking toplevel() on ptolemy.moml.MoMLSimpleApplication@72c71e62
reloadAllAccessors: .ContinuousInDEInput

===========================================================================================
----------------- testing Sat Aug 22 15:27:34 UTC 2020 /home/travis/build/icyphy/ptII/ptolemy/domains/continuous/test/auto/ContinuousInDEInput2.xml
----------------- Instantiating /home/travis/build/icyphy/ptII/ptolemy/domains/continuous/test/auto/ContinuousInDEInput2.xml
16 ms. Memory: 272384K Free: 122657K (45%)
----------------- Invoking toplevel() on ptolemy.moml.MoMLSimpleApplication@7b796dc7
----------------- Done invoking toplevel() on ptolemy.moml.MoMLSimpleApplication@7b796dc7
reloadAllAccessors: .ContinuousInDEInput2

===========================================================================================
----------------- testing Sat Aug 22 15:27:34 UTC 2020 /home/travis/build/icyphy/ptII/ptolemy/domains/continuous/test/auto/ContinuousInDEInput3.xml
----------------- Instantiating /home/travis/build/icyphy/ptII/ptolemy/domains/continuous/test/auto/ContinuousInDEInput3.xml
11 ms. Memory: 272384K Free: 115489K (42%)
----------------- Invoking toplevel() on ptolemy.moml.MoMLSimpleApplication@3308dc90
----------------- Done invoking toplevel() on ptolemy.moml.MoMLSimpleApplication@3308dc90
reloadAllAccessors: .ContinuousInDEInput3

===========================================================================================
----------------- testing Sat Aug 22 15:27:34 UTC 2020 /home/travis/build/icyphy/ptII/ptolemy/domains/continuous/test/auto/ContinuousInDESharingRefinement.xml
----------------- Instantiating /home/travis/build/icyphy/ptII/ptolemy/domains/continuous/test/auto/ContinuousInDESharingRefinement.xml
138 ms. Memory: 272384K Free: 182831K (67%)
----------------- Invoking toplevel() on ptolemy.moml.MoMLSimpleApplication@3981d624
----------------- Done invoking toplevel() on ptolemy.moml.MoMLSimpleApplication@3981d624
reloadAllAccessors: .ContinuousInDESharingRefinement

===========================================================================================
----------------- testing Sat Aug 22 15:27:34 UTC 2020 /home/travis/build/icyphy/ptII/ptolemy/domains/continuous/test/auto/ContinuousInDEwithNoPorts.xml
----------------- Instantiating /home/travis/build/icyphy/ptII/ptolemy/domains/continuous/test/auto/ContinuousInDEwithNoPorts.xml
3 ms. Memory: 272384K Free: 178488K (66%)
----------------- Invoking toplevel() on ptolemy.moml.MoMLSimpleApplication@46239704
----------------- Done invoking toplevel() on ptolemy.moml.MoMLSimpleApplication@46239704
reloadAllAccessors: .ContinuousInDEwithNoPorts

===========================================================================================
----------------- testing Sat Aug 22 15:27:35 UTC 2020 /home/travis/build/icyphy/ptII/ptolemy/domains/continuous/test/auto/ContinuousInsideDE.xml
----------------- Instantiating /home/travis/build/icyphy/ptII/ptolemy/domains/continuous/test/auto/ContinuousInsideDE.xml
27 ms. Memory: 272384K Free: 167224K (61%)
----------------- Invoking toplevel() on ptolemy.moml.MoMLSimpleApplication@17a4780a
----------------- Done invoking toplevel() on ptolemy.moml.MoMLSimpleApplication@17a4780a
reloadAllAccessors: .ContinuousInsideDE

===========================================================================================
----------------- testing Sat Aug 22 15:27:35 UTC 2020 /home/travis/build/icyphy/ptII/ptolemy/domains/continuous/test/auto/ContinuousMerge1.xml
----------------- Instantiating /home/travis/build/icyphy/ptII/ptolemy/domains/continuous/test/auto/ContinuousMerge1.xml
2 ms. Memory: 272384K Free: 163128K (60%)
----------------- Invoking toplevel() on ptolemy.moml.MoMLSimpleApplication@73bb8326
----------------- Done invoking toplevel() on ptolemy.moml.MoMLSimpleApplication@73bb8326
reloadAllAccessors: .ContinuousMerge1

===========================================================================================
----------------- testing Sat Aug 22 15:27:35 UTC 2020 /home/travis/build/icyphy/ptII/ptolemy/domains/continuous/test/auto/ContinuousMerge2.xml
----------------- Instantiating /home/travis/build/icyphy/ptII/ptolemy/domains/continuous/test/auto/ContinuousMerge2.xml
17 ms. Memory: 272384K Free: 152888K (56%)
----------------- Invoking toplevel() on ptolemy.moml.MoMLSimpleApplication@c819e18
----------------- Done invoking toplevel() on ptolemy.moml.MoMLSimpleApplication@c819e18
reloadAllAccessors: .ContinuousMerge2

===========================================================================================
----------------- testing Sat Aug 22 15:27:35 UTC 2020 /home/travis/build/icyphy/ptII/ptolemy/domains/continuous/test/auto/ContinuousMerge3.xml
----------------- Instantiating /home/travis/build/icyphy/ptII/ptolemy/domains/continuous/test/auto/ContinuousMerge3.xml
39 ms. Memory: 272384K Free: 142134K (52%)
----------------- Invoking toplevel() on ptolemy.moml.MoMLSimpleApplication@77f79259
----------------- Done invoking toplevel() on ptolemy.moml.MoMLSimpleApplication@77f79259
reloadAllAccessors: .ContinuousMerge3

===========================================================================================
----------------- testing Sat Aug 22 15:27:35 UTC 2020 /home/travis/build/icyphy/ptII/ptolemy/domains/continuous/test/auto/ContinuousWithinContinuous.xml
----------------- Instantiating /home/travis/build/icyphy/ptII/ptolemy/domains/continuous/test/auto/ContinuousWithinContinuous.xml
29 ms. Memory: 272384K Free: 133432K (49%)
----------------- Invoking toplevel() on ptolemy.moml.MoMLSimpleApplication@70b47ee8
----------------- Done invoking toplevel() on ptolemy.moml.MoMLSimpleApplication@70b47ee8
reloadAllAccessors: .ContinuousWithinContinuous

===========================================================================================
----------------- testing Sat Aug 22 15:27:35 UTC 2020 /home/travis/build/icyphy/ptII/ptolemy/domains/continuous/test/auto/ContinuousWithinContinuous2.xml
----------------- Instantiating /home/travis/build/icyphy/ptII/ptolemy/domains/continuous/test/auto/ContinuousWithinContinuous2.xml
59 ms. Memory: 272384K Free: 122678K (45%)
----------------- Invoking toplevel() on ptolemy.moml.MoMLSimpleApplication@3749e270
----------------- Done invoking toplevel() on ptolemy.moml.MoMLSimpleApplication@3749e270
reloadAllAccessors: .ContinuousWithinContinuous2

===========================================================================================
----------------- testing Sat Aug 22 15:27:35 UTC 2020 /home/travis/build/icyphy/ptII/ptolemy/domains/continuous/test/auto/ContinuousWithinContinuous3.xml
----------------- Instantiating /home/travis/build/icyphy/ptII/ptolemy/domains/continuous/test/auto/ContinuousWithinContinuous3.xml
11 ms. Memory: 272384K Free: 116024K (43%)
----------------- Invoking toplevel() on ptolemy.moml.MoMLSimpleApplication@56d655
----------------- Done invoking toplevel() on ptolemy.moml.MoMLSimpleApplication@56d655
reloadAllAccessors: .ContinuousWithinContinuous3

===========================================================================================
----------------- testing Sat Aug 22 15:27:35 UTC 2020 /home/travis/build/icyphy/ptII/ptolemy/domains/continuous/test/auto/ContinuousWithinContinuous4.xml
----------------- Instantiating /home/travis/build/icyphy/ptII/ptolemy/domains/continuous/test/auto/ContinuousWithinContinuous4.xml
59 ms. Memory: 272384K Free: 103222K (38%)
----------------- Invoking toplevel() on ptolemy.moml.MoMLSimpleApplication@a9d2c57
----------------- Done invoking toplevel() on ptolemy.moml.MoMLSimpleApplication@a9d2c57
reloadAllAccessors: .ContinuousWithinContinuous4

===========================================================================================
----------------- testing Sat Aug 22 15:27:35 UTC 2020 /home/travis/build/icyphy/ptII/ptolemy/domains/continuous/test/auto/ContinuousWithinContinuous5.xml
----------------- Instantiating /home/travis/build/icyphy/ptII/ptolemy/domains/continuous/test/auto/ContinuousWithinContinuous5.xml
12 ms. Memory: 272384K Free: 96054K (35%)
----------------- Invoking toplevel() on ptolemy.moml.MoMLSimpleApplication@596abfa4
----------------- Done invoking toplevel() on ptolemy.moml.MoMLSimpleApplication@596abfa4
reloadAllAccessors: .ContinuousWithinContinuous5

===========================================================================================
----------------- testing Sat Aug 22 15:27:35 UTC 2020 /home/travis/build/icyphy/ptII/ptolemy/domains/continuous/test/auto/ContinuousWithinContinuous6.xml
----------------- Instantiating /home/travis/build/icyphy/ptII/ptolemy/domains/continuous/test/auto/ContinuousWithinContinuous6.xml
9 ms. Memory: 272384K Free: 251016K (92%)
----------------- Invoking toplevel() on ptolemy.moml.MoMLSimpleApplication@3d745571
----------------- Done invoking toplevel() on ptolemy.moml.MoMLSimpleApplication@3d745571
reloadAllAccessors: .ContinuousWithinContinuous6

===========================================================================================
----------------- testing Sat Aug 22 15:27:35 UTC 2020 /home/travis/build/icyphy/ptII/ptolemy/domains/continuous/test/auto/ContinuousWithinContinuous7.xml
----------------- Instantiating /home/travis/build/icyphy/ptII/ptolemy/domains/continuous/test/auto/ContinuousWithinContinuous7.xml
44 ms. Memory: 272384K Free: 240266K (88%)
----------------- Invoking toplevel() on ptolemy.moml.MoMLSimpleApplication@10801b0f
----------------- Done invoking toplevel() on ptolemy.moml.MoMLSimpleApplication@10801b0f
reloadAllAccessors: .ContinuousWithinContinuous7

===========================================================================================
----------------- testing Sat Aug 22 15:27:35 UTC 2020 /home/travis/build/icyphy/ptII/ptolemy/domains/continuous/test/auto/DCMotor.xml
----------------- Instantiating /home/travis/build/icyphy/ptII/ptolemy/domains/continuous/test/auto/DCMotor.xml
12112 ms. Memory: 272384K Free: 214407K (79%)
----------------- Invoking toplevel() on ptolemy.moml.MoMLSimpleApplication@1be2418c
----------------- Done invoking toplevel() on ptolemy.moml.MoMLSimpleApplication@1be2418c
reloadAllAccessors: .DCMotor

===========================================================================================
----------------- testing Sat Aug 22 15:27:47 UTC 2020 /home/travis/build/icyphy/ptII/ptolemy/domains/continuous/test/auto/DEInContinuous.xml
----------------- Instantiating /home/travis/build/icyphy/ptII/ptolemy/domains/continuous/test/auto/DEInContinuous.xml
16 ms. Memory: 272384K Free: 208263K (76%)
----------------- Invoking toplevel() on ptolemy.moml.MoMLSimpleApplication@b29136b
----------------- Done invoking toplevel() on ptolemy.moml.MoMLSimpleApplication@b29136b
reloadAllAccessors: .DEInContinuous

===========================================================================================
----------------- testing Sat Aug 22 15:27:47 UTC 2020 /home/travis/build/icyphy/ptII/ptolemy/domains/continuous/test/auto/DEinContinuous2.xml
----------------- Instantiating /home/travis/build/icyphy/ptII/ptolemy/domains/continuous/test/auto/DEinContinuous2.xml
9 ms. Memory: 272384K Free: 200585K (74%)
----------------- Invoking toplevel() on ptolemy.moml.MoMLSimpleApplication@60a4572f
----------------- Done invoking toplevel() on ptolemy.moml.MoMLSimpleApplication@60a4572f
reloadAllAccessors: .DEinContinuous2

===========================================================================================
----------------- testing Sat Aug 22 15:27:47 UTC 2020 /home/travis/build/icyphy/ptII/ptolemy/domains/continuous/test/auto/Derivative.xml
----------------- Instantiating /home/travis/build/icyphy/ptII/ptolemy/domains/continuous/test/auto/Derivative.xml
130 ms. Memory: 272384K Free: 170887K (63%)
----------------- Invoking toplevel() on ptolemy.moml.MoMLSimpleApplication@23527944
----------------- Done invoking toplevel() on ptolemy.moml.MoMLSimpleApplication@23527944
reloadAllAccessors: .Derivative2

===========================================================================================
----------------- testing Sat Aug 22 15:27:48 UTC 2020 /home/travis/build/icyphy/ptII/ptolemy/domains/continuous/test/auto/Derivative1.xml
----------------- Instantiating /home/travis/build/icyphy/ptII/ptolemy/domains/continuous/test/auto/Derivative1.xml
24 ms. Memory: 272384K Free: 156553K (57%)
----------------- Invoking toplevel() on ptolemy.moml.MoMLSimpleApplication@69c5dffd
----------------- Done invoking toplevel() on ptolemy.moml.MoMLSimpleApplication@69c5dffd
reloadAllAccessors: .Derivative1

===========================================================================================
----------------- testing Sat Aug 22 15:27:48 UTC 2020 /home/travis/build/icyphy/ptII/ptolemy/domains/continuous/test/auto/DiscreteClock.xml
----------------- Instantiating /home/travis/build/icyphy/ptII/ptolemy/domains/continuous/test/auto/DiscreteClock.xml
4 ms. Memory: 272384K Free: 151433K (56%)
----------------- Invoking toplevel() on ptolemy.moml.MoMLSimpleApplication@91ddb8d
----------------- Done invoking toplevel() on ptolemy.moml.MoMLSimpleApplication@91ddb8d
reloadAllAccessors: .DiscreteClock

===========================================================================================
----------------- testing Sat Aug 22 15:27:48 UTC 2020 /home/travis/build/icyphy/ptII/ptolemy/domains/continuous/test/auto/EfficiencyCurve.xml
----------------- Instantiating /home/travis/build/icyphy/ptII/ptolemy/domains/continuous/test/auto/EfficiencyCurve.xml
61 ms. Memory: 272384K Free: 142727K (52%)
----------------- Invoking toplevel() on ptolemy.moml.MoMLSimpleApplication@6dfd7ed4
----------------- Done invoking toplevel() on ptolemy.moml.MoMLSimpleApplication@6dfd7ed4
reloadAllAccessors: .EfficiencyCurve

===========================================================================================
----------------- testing Sat Aug 22 15:27:48 UTC 2020 /home/travis/build/icyphy/ptII/ptolemy/domains/continuous/test/auto/ExponentialResponse.xml
----------------- Instantiating /home/travis/build/icyphy/ptII/ptolemy/domains/continuous/test/auto/ExponentialResponse.xml
80 ms. Memory: 272384K Free: 127367K (47%)
----------------- Invoking toplevel() on ptolemy.moml.MoMLSimpleApplication@56523214
----------------- Done invoking toplevel() on ptolemy.moml.MoMLSimpleApplication@56523214
reloadAllAccessors: .ExponentialResponse

===========================================================================================
----------------- testing Sat Aug 22 15:27:48 UTC 2020 /home/travis/build/icyphy/ptII/ptolemy/domains/continuous/test/auto/ExponentialResponseRK45.xml
----------------- Instantiating /home/travis/build/icyphy/ptII/ptolemy/domains/continuous/test/auto/ExponentialResponseRK45.xml
20 ms. Memory: 272384K Free: 120713K (44%)
----------------- Invoking toplevel() on ptolemy.moml.MoMLSimpleApplication@516345fd
----------------- Done invoking toplevel() on ptolemy.moml.MoMLSimpleApplication@516345fd
reloadAllAccessors: .ExponentialResponseRK45

===========================================================================================
----------------- testing Sat Aug 22 15:27:48 UTC 2020 /home/travis/build/icyphy/ptII/ptolemy/domains/continuous/test/auto/Friction.xml
----------------- Instantiating /home/travis/build/icyphy/ptII/ptolemy/domains/continuous/test/auto/Friction.xml
1474 ms. Memory: 272384K Free: 174447K (64%)
----------------- Invoking toplevel() on ptolemy.moml.MoMLSimpleApplication@403669a
----------------- Done invoking toplevel() on ptolemy.moml.MoMLSimpleApplication@403669a
reloadAllAccessors: .Friction

===========================================================================================
----------------- testing Sat Aug 22 15:27:49 UTC 2020 /home/travis/build/icyphy/ptII/ptolemy/domains/continuous/test/auto/FurutaPendulum.xml
----------------- Instantiating /home/travis/build/icyphy/ptII/ptolemy/domains/continuous/test/auto/FurutaPendulum.xml
2968 ms. Memory: 272384K Free: 151329K (56%)
----------------- Invoking toplevel() on ptolemy.moml.MoMLSimpleApplication@4b2ad8c5
----------------- Done invoking toplevel() on ptolemy.moml.MoMLSimpleApplication@4b2ad8c5
reloadAllAccessors: .FurutaPendulum

===========================================================================================
----------------- testing Sat Aug 22 15:27:53 UTC 2020 /home/travis/build/icyphy/ptII/ptolemy/domains/continuous/test/auto/HierarchicalExecution.xml
----------------- Instantiating /home/travis/build/icyphy/ptII/ptolemy/domains/continuous/test/auto/HierarchicalExecution.xml
1707 ms. Memory: 327680K Free: 234399K (72%)
----------------- Invoking toplevel() on ptolemy.moml.MoMLSimpleApplication@2f6340a6
----------------- Done invoking toplevel() on ptolemy.moml.MoMLSimpleApplication@2f6340a6
reloadAllAccessors: .HierarchicalExecution

===========================================================================================
----------------- testing Sat Aug 22 15:27:55 UTC 2020 /home/travis/build/icyphy/ptII/ptolemy/domains/continuous/test/auto/HybridPlant.xml
----------------- Instantiating /home/travis/build/icyphy/ptII/ptolemy/domains/continuous/test/auto/HybridPlant.xml
498 ms. Memory: 327680K Free: 164762K (50%)
----------------- Invoking toplevel() on ptolemy.moml.MoMLSimpleApplication@31538bc5
----------------- Done invoking toplevel() on ptolemy.moml.MoMLSimpleApplication@31538bc5
reloadAllAccessors: .HybridPlant

===========================================================================================
----------------- testing Sat Aug 22 15:27:55 UTC 2020 /home/travis/build/icyphy/ptII/ptolemy/domains/continuous/test/auto/Hysteresis.xml
----------------- Instantiating /home/travis/build/icyphy/ptII/ptolemy/domains/continuous/test/auto/Hysteresis.xml
141 ms. Memory: 327680K Free: 296329K (90%)
----------------- Invoking toplevel() on ptolemy.moml.MoMLSimpleApplication@7e2aecd1
----------------- Done invoking toplevel() on ptolemy.moml.MoMLSimpleApplication@7e2aecd1
reloadAllAccessors: .Hysteresis

===========================================================================================
----------------- testing Sat Aug 22 15:27:56 UTC 2020 /home/travis/build/icyphy/ptII/ptolemy/domains/continuous/test/auto/HysteresisWithRandomDelay.xml
----------------- Instantiating /home/travis/build/icyphy/ptII/ptolemy/domains/continuous/test/auto/HysteresisWithRandomDelay.xml
173 ms. Memory: 327680K Free: 224154K (68%)
----------------- Invoking toplevel() on ptolemy.moml.MoMLSimpleApplication@73f47bb2
----------------- Done invoking toplevel() on ptolemy.moml.MoMLSimpleApplication@73f47bb2
reloadAllAccessors: .HysteresisWithRandomDelay

===========================================================================================
----------------- testing Sat Aug 22 15:27:56 UTC 2020 /home/travis/build/icyphy/ptII/ptolemy/domains/continuous/test/auto/HysteresisWithRandomLosses.xml
----------------- Instantiating /home/travis/build/icyphy/ptII/ptolemy/domains/continuous/test/auto/HysteresisWithRandomLosses.xml
2166 ms. Memory: 327680K Free: 249928K (76%)
----------------- Invoking toplevel() on ptolemy.moml.MoMLSimpleApplication@2d405a23
----------------- Done invoking toplevel() on ptolemy.moml.MoMLSimpleApplication@2d405a23
reloadAllAccessors: .HysteresisWithRandomLosses

===========================================================================================
----------------- testing Sat Aug 22 15:27:58 UTC 2020 /home/travis/build/icyphy/ptII/ptolemy/domains/continuous/test/auto/ImmediateTransitions.xml
----------------- Instantiating /home/travis/build/icyphy/ptII/ptolemy/domains/continuous/test/auto/ImmediateTransitions.xml
13 ms. Memory: 327680K Free: 239192K (73%)
----------------- Invoking toplevel() on ptolemy.moml.MoMLSimpleApplication@43ad4541
----------------- Done invoking toplevel() on ptolemy.moml.MoMLSimpleApplication@43ad4541
reloadAllAccessors: .ImmediateTransitions

===========================================================================================
----------------- testing Sat Aug 22 15:27:58 UTC 2020 /home/travis/build/icyphy/ptII/ptolemy/domains/continuous/test/auto/ImpulseFeedback.xml
----------------- Instantiating /home/travis/build/icyphy/ptII/ptolemy/domains/continuous/test/auto/ImpulseFeedback.xml
7 ms. Memory: 327680K Free: 233558K (71%)
----------------- Invoking toplevel() on ptolemy.moml.MoMLSimpleApplication@2d2a4392
----------------- Done invoking toplevel() on ptolemy.moml.MoMLSimpleApplication@2d2a4392
reloadAllAccessors: .ImpulseFeedback

===========================================================================================
----------------- testing Sat Aug 22 15:27:58 UTC 2020 /home/travis/build/icyphy/ptII/ptolemy/domains/continuous/test/auto/ImpulseFeedback2.xml
----------------- Instantiating /home/travis/build/icyphy/ptII/ptolemy/domains/continuous/test/auto/ImpulseFeedback2.xml
5 ms. Memory: 327680K Free: 227928K (70%)
----------------- Invoking toplevel() on ptolemy.moml.MoMLSimpleApplication@733a83fd
----------------- Done invoking toplevel() on ptolemy.moml.MoMLSimpleApplication@733a83fd
reloadAllAccessors: .ImpulseFeedback2

===========================================================================================
----------------- testing Sat Aug 22 15:27:58 UTC 2020 /home/travis/build/icyphy/ptII/ptolemy/domains/continuous/test/auto/IncreasingRatePoisson.xml
----------------- Instantiating /home/travis/build/icyphy/ptII/ptolemy/domains/continuous/test/auto/IncreasingRatePoisson.xml
627 ms. Memory: 327680K Free: 142803K (44%)
----------------- Invoking toplevel() on ptolemy.moml.MoMLSimpleApplication@6cc7439a
----------------- Done invoking toplevel() on ptolemy.moml.MoMLSimpleApplication@6cc7439a
reloadAllAccessors: .IncreasingRatePoisson

===========================================================================================
----------------- testing Sat Aug 22 15:27:59 UTC 2020 /home/travis/build/icyphy/ptII/ptolemy/domains/continuous/test/auto/InitialStateFeedback.xml
----------------- Instantiating /home/travis/build/icyphy/ptII/ptolemy/domains/continuous/test/auto/InitialStateFeedback.xml
3 ms. Memory: 327680K Free: 138211K (42%)
----------------- Invoking toplevel() on ptolemy.moml.MoMLSimpleApplication@3c96987f
----------------- Done invoking toplevel() on ptolemy.moml.MoMLSimpleApplication@3c96987f
reloadAllAccessors: .InitialStateFeedback

===========================================================================================
----------------- testing Sat Aug 22 15:27:59 UTC 2020 /home/travis/build/icyphy/ptII/ptolemy/domains/continuous/test/auto/Integration.xml
----------------- Instantiating /home/travis/build/icyphy/ptII/ptolemy/domains/continuous/test/auto/Integration.xml
2 ms. Memory: 327680K Free: 134115K (41%)
----------------- Invoking toplevel() on ptolemy.moml.MoMLSimpleApplication@1449ebd7
----------------- Done invoking toplevel() on ptolemy.moml.MoMLSimpleApplication@1449ebd7
reloadAllAccessors: .Integration

===========================================================================================
----------------- testing Sat Aug 22 15:27:59 UTC 2020 /home/travis/build/icyphy/ptII/ptolemy/domains/continuous/test/auto/Integration2.xml
----------------- Instantiating /home/travis/build/icyphy/ptII/ptolemy/domains/continuous/test/auto/Integration2.xml
68 ms. Memory: 327680K Free: 120289K (37%)
----------------- Invoking toplevel() on ptolemy.moml.MoMLSimpleApplication@222cab93
----------------- Done invoking toplevel() on ptolemy.moml.MoMLSimpleApplication@222cab93
reloadAllAccessors: .Integration2

===========================================================================================
----------------- testing Sat Aug 22 15:27:59 UTC 2020 /home/travis/build/icyphy/ptII/ptolemy/domains/continuous/test/auto/Integration3.xml
----------------- Instantiating /home/travis/build/icyphy/ptII/ptolemy/domains/continuous/test/auto/Integration3.xml
3 ms. Memory: 327680K Free: 115683K (35%)
----------------- Invoking toplevel() on ptolemy.moml.MoMLSimpleApplication@63fc30a3
----------------- Done invoking toplevel() on ptolemy.moml.MoMLSimpleApplication@63fc30a3
reloadAllAccessors: .Integration3

===========================================================================================
----------------- testing Sat Aug 22 15:27:59 UTC 2020 /home/travis/build/icyphy/ptII/ptolemy/domains/continuous/test/auto/Integration5.xml
----------------- Instantiating /home/travis/build/icyphy/ptII/ptolemy/domains/continuous/test/auto/Integration5.xml
4 ms. Memory: 327680K Free: 307652K (94%)
----------------- Invoking toplevel() on ptolemy.moml.MoMLSimpleApplication@244a66d1
----------------- Done invoking toplevel() on ptolemy.moml.MoMLSimpleApplication@244a66d1
reloadAllAccessors: .Integration5

===========================================================================================
----------------- testing Sat Aug 22 15:27:59 UTC 2020 /home/travis/build/icyphy/ptII/ptolemy/domains/continuous/test/auto/IntegratorImpulse.xml
----------------- Instantiating /home/travis/build/icyphy/ptII/ptolemy/domains/continuous/test/auto/IntegratorImpulse.xml
2 ms. Memory: 327680K Free: 303556K (93%)
----------------- Invoking toplevel() on ptolemy.moml.MoMLSimpleApplication@62c2660b
----------------- Done invoking toplevel() on ptolemy.moml.MoMLSimpleApplication@62c2660b
reloadAllAccessors: .IntegratorImpulse

===========================================================================================
----------------- testing Sat Aug 22 15:27:59 UTC 2020 /home/travis/build/icyphy/ptII/ptolemy/domains/continuous/test/auto/IntegratorImpulse2.xml
----------------- Instantiating /home/travis/build/icyphy/ptII/ptolemy/domains/continuous/test/auto/IntegratorImpulse2.xml
3 ms. Memory: 327680K Free: 298932K (91%)
----------------- Invoking toplevel() on ptolemy.moml.MoMLSimpleApplication@74e522e4
----------------- Done invoking toplevel() on ptolemy.moml.MoMLSimpleApplication@74e522e4
reloadAllAccessors: .IntegratorImpulse2

===========================================================================================
----------------- testing Sat Aug 22 15:27:59 UTC 2020 /home/travis/build/icyphy/ptII/ptolemy/domains/continuous/test/auto/LevelCrossing1.xml
----------------- Instantiating /home/travis/build/icyphy/ptII/ptolemy/domains/continuous/test/auto/LevelCrossing1.xml
2 ms. Memory: 327680K Free: 293826K (90%)
----------------- Invoking toplevel() on ptolemy.moml.MoMLSimpleApplication@35d6929a
----------------- Done invoking toplevel() on ptolemy.moml.MoMLSimpleApplication@35d6929a
reloadAllAccessors: .LevelCrossing1

===========================================================================================
----------------- testing Sat Aug 22 15:27:59 UTC 2020 /home/travis/build/icyphy/ptII/ptolemy/domains/continuous/test/auto/LevelCrossing2.xml
----------------- Instantiating /home/travis/build/icyphy/ptII/ptolemy/domains/continuous/test/auto/LevelCrossing2.xml
7 ms. Memory: 327680K Free: 288692K (88%)
----------------- Invoking toplevel() on ptolemy.moml.MoMLSimpleApplication@40185469
----------------- Done invoking toplevel() on ptolemy.moml.MoMLSimpleApplication@40185469
reloadAllAccessors: .LevelCrossing2

===========================================================================================
----------------- testing Sat Aug 22 15:27:59 UTC 2020 /home/travis/build/icyphy/ptII/ptolemy/domains/continuous/test/auto/LevelCrossing3.xml
----------------- Instantiating /home/travis/build/icyphy/ptII/ptolemy/domains/continuous/test/auto/LevelCrossing3.xml
5 ms. Memory: 327680K Free: 283586K (87%)
----------------- Invoking toplevel() on ptolemy.moml.MoMLSimpleApplication@6fe2b929
----------------- Done invoking toplevel() on ptolemy.moml.MoMLSimpleApplication@6fe2b929
reloadAllAccessors: .LevelCrossing3

===========================================================================================
----------------- testing Sat Aug 22 15:27:59 UTC 2020 /home/travis/build/icyphy/ptII/ptolemy/domains/continuous/test/auto/LevelCrossing4.xml
----------------- Instantiating /home/travis/build/icyphy/ptII/ptolemy/domains/continuous/test/auto/LevelCrossing4.xml
3 ms. Memory: 327680K Free: 278466K (85%)
----------------- Invoking toplevel() on ptolemy.moml.MoMLSimpleApplication@1abff3e2
----------------- Done invoking toplevel() on ptolemy.moml.MoMLSimpleApplication@1abff3e2
reloadAllAccessors: .LevelCrossing4

===========================================================================================
----------------- testing Sat Aug 22 15:27:59 UTC 2020 /home/travis/build/icyphy/ptII/ptolemy/domains/continuous/test/auto/LevelCrossing5.xml
----------------- Instantiating /home/travis/build/icyphy/ptII/ptolemy/domains/continuous/test/auto/LevelCrossing5.xml
4 ms. Memory: 327680K Free: 273332K (83%)
----------------- Invoking toplevel() on ptolemy.moml.MoMLSimpleApplication@12583739
----------------- Done invoking toplevel() on ptolemy.moml.MoMLSimpleApplication@12583739
reloadAllAccessors: .LevelCrossing5

===========================================================================================
[...]
----------------- testing Sat Aug 22 15:28:14 UTC 2020 /home/travis/build/icyphy/ptII/ptolemy/domains/continuous/test/auto/SRinContinuous.xml
----------------- Instantiating /home/travis/build/icyphy/ptII/ptolemy/domains/continuous/test/auto/SRinContinuous.xml
4 ms. Memory: 327680K Free: 291141K (89%)
----------------- Invoking toplevel() on ptolemy.moml.MoMLSimpleApplication@201fc8e9
----------------- Done invoking toplevel() on ptolemy.moml.MoMLSimpleApplication@201fc8e9
reloadAllAccessors: .SRinContinuous

===========================================================================================
----------------- testing Sat Aug 22 15:28:14 UTC 2020 /home/travis/build/icyphy/ptII/ptolemy/domains/continuous/test/auto/SampledClocks.xml
----------------- Instantiating /home/travis/build/icyphy/ptII/ptolemy/domains/continuous/test/auto/SampledClocks.xml
6 ms. Memory: 327680K Free: 278853K (85%)
----------------- Invoking toplevel() on ptolemy.moml.MoMLSimpleApplication@25c84533
----------------- Done invoking toplevel() on ptolemy.moml.MoMLSimpleApplication@25c84533
reloadAllAccessors: .SampledClocks

===========================================================================================
----------------- testing Sat Aug 22 15:28:14 UTC 2020 /home/travis/build/icyphy/ptII/ptolemy/domains/continuous/test/auto/Satellite.xml
----------------- Instantiating /home/travis/build/icyphy/ptII/ptolemy/domains/continuous/test/auto/Satellite.xml
710 ms. Memory: 327680K Free: 286295K (87%)
----------------- Invoking toplevel() on ptolemy.moml.MoMLSimpleApplication@1ffc2f3a
----------------- Done invoking toplevel() on ptolemy.moml.MoMLSimpleApplication@1ffc2f3a
reloadAllAccessors: .Satellite

===========================================================================================
----------------- testing Sat Aug 22 15:28:15 UTC 2020 /home/travis/build/icyphy/ptII/ptolemy/domains/continuous/test/auto/SigmaDelta.xml
----------------- Instantiating /home/travis/build/icyphy/ptII/ptolemy/domains/continuous/test/auto/SigmaDelta.xml
1709 ms. Memory: 327680K Free: 215745K (66%)
----------------- Invoking toplevel() on ptolemy.moml.MoMLSimpleApplication@4b3e8702
----------------- Done invoking toplevel() on ptolemy.moml.MoMLSimpleApplication@4b3e8702
reloadAllAccessors: .SigmaDelta

===========================================================================================
----------------- testing Sat Aug 22 15:28:17 UTC 2020 /home/travis/build/icyphy/ptII/ptolemy/domains/continuous/test/auto/SingleRefinement.xml
----------------- Instantiating /home/travis/build/icyphy/ptII/ptolemy/domains/continuous/test/auto/SingleRefinement.xml
297 ms. Memory: 327680K Free: 227589K (69%)
----------------- Invoking toplevel() on ptolemy.moml.MoMLSimpleApplication@41b1d10f
----------------- Done invoking toplevel() on ptolemy.moml.MoMLSimpleApplication@41b1d10f
reloadAllAccessors: .SingleRefinement

===========================================================================================
----------------- testing Sat Aug 22 15:28:17 UTC 2020 /home/travis/build/icyphy/ptII/ptolemy/domains/continuous/test/auto/SinuBouncingBall.xml
----------------- Instantiating /home/travis/build/icyphy/ptII/ptolemy/domains/continuous/test/auto/SinuBouncingBall.xml
729 ms. Memory: 327680K Free: 208724K (64%)
----------------- Invoking toplevel() on ptolemy.moml.MoMLSimpleApplication@cee1746
----------------- Done invoking toplevel() on ptolemy.moml.MoMLSimpleApplication@cee1746
reloadAllAccessors: .SinuBouncingBall

===========================================================================================
----------------- testing Sat Aug 22 15:28:18 UTC 2020 /home/travis/build/icyphy/ptII/ptolemy/domains/continuous/test/auto/Sinusoid.xml
----------------- Instantiating /home/travis/build/icyphy/ptII/ptolemy/domains/continuous/test/auto/Sinusoid.xml
4 ms. Memory: 327680K Free: 204148K (62%)
----------------- Invoking toplevel() on ptolemy.moml.MoMLSimpleApplication@333e603f
----------------- Done invoking toplevel() on ptolemy.moml.MoMLSimpleApplication@333e603f
reloadAllAccessors: .Sinusoid

===========================================================================================
----------------- testing Sat Aug 22 15:28:18 UTC 2020 /home/travis/build/icyphy/ptII/ptolemy/domains/continuous/test/auto/SinusoidInNoise.xml
----------------- Instantiating /home/travis/build/icyphy/ptII/ptolemy/domains/continuous/test/auto/SinusoidInNoise.xml
763 ms. Memory: 327680K Free: 260688K (80%)
----------------- Invoking toplevel() on ptolemy.moml.MoMLSimpleApplication@313965bd
----------------- Done invoking toplevel() on ptolemy.moml.MoMLSimpleApplication@313965bd
reloadAllAccessors: .SinusoidInNoise

===========================================================================================
----------------- testing Sat Aug 22 15:28:19 UTC 2020 /home/travis/build/icyphy/ptII/ptolemy/domains/continuous/test/auto/SinusoidRK45.xml
----------------- Instantiating /home/travis/build/icyphy/ptII/ptolemy/domains/continuous/test/auto/SinusoidRK45.xml
2 ms. Memory: 327680K Free: 256082K (78%)
----------------- Invoking toplevel() on ptolemy.moml.MoMLSimpleApplication@4fce4266
----------------- Done invoking toplevel() on ptolemy.moml.MoMLSimpleApplication@4fce4266
reloadAllAccessors: .SinusoidRK45

===========================================================================================
----------------- testing Sat Aug 22 15:28:19 UTC 2020 /home/travis/build/icyphy/ptII/ptolemy/domains/continuous/test/auto/SinusoidWithMultipleImpulses.xml
----------------- Instantiating /home/travis/build/icyphy/ptII/ptolemy/domains/continuous/test/auto/SinusoidWithMultipleImpulses.xml
3 ms. Memory: 327680K Free: 251472K (77%)
----------------- Invoking toplevel() on ptolemy.moml.MoMLSimpleApplication@5f9a7fab
----------------- Done invoking toplevel() on ptolemy.moml.MoMLSimpleApplication@5f9a7fab
reloadAllAccessors: .SinusoidWithMultipleImpulses

===========================================================================================
----------------- testing Sat Aug 22 15:28:19 UTC 2020 /home/travis/build/icyphy/ptII/ptolemy/domains/continuous/test/auto/SquareWave.xml
----------------- Instantiating /home/travis/build/icyphy/ptII/ptolemy/domains/continuous/test/auto/SquareWave.xml
134 ms. Memory: 327680K Free: 224338K (68%)
----------------- Invoking toplevel() on ptolemy.moml.MoMLSimpleApplication@43ed0859
----------------- Done invoking toplevel() on ptolemy.moml.MoMLSimpleApplication@43ed0859
reloadAllAccessors: .SquareWave

===========================================================================================
----------------- testing Sat Aug 22 15:28:19 UTC 2020 /home/travis/build/icyphy/ptII/ptolemy/domains/continuous/test/auto/Starmac.xml
----------------- Instantiating /home/travis/build/icyphy/ptII/ptolemy/domains/continuous/test/auto/Starmac.xml
3066 ms. Memory: 327680K Free: 302817K (92%)
----------------- Invoking toplevel() on ptolemy.moml.MoMLSimpleApplication@79e286ee
----------------- Done invoking toplevel() on ptolemy.moml.MoMLSimpleApplication@79e286ee
reloadAllAccessors: .Starmac

===========================================================================================
----------------- testing Sat Aug 22 15:28:22 UTC 2020 /home/travis/build/icyphy/ptII/ptolemy/domains/continuous/test/auto/StaticUnits.xml
----------------- Instantiating /home/travis/build/icyphy/ptII/ptolemy/domains/continuous/test/auto/StaticUnits.xml
1643 ms. Memory: 327680K Free: 250054K (76%)
----------------- Invoking toplevel() on ptolemy.moml.MoMLSimpleApplication@377b3347
----------------- Done invoking toplevel() on ptolemy.moml.MoMLSimpleApplication@377b3347
reloadAllAccessors: .StaticUnits

===========================================================================================
----------------- testing Sat Aug 22 15:28:25 UTC 2020 /home/travis/build/icyphy/ptII/ptolemy/domains/continuous/test/auto/StickyMasses.xml
----------------- Instantiating /home/travis/build/icyphy/ptII/ptolemy/domains/continuous/test/auto/StickyMasses.xml
142 ms. Memory: 327680K Free: 199864K (61%)
----------------- Invoking toplevel() on ptolemy.moml.MoMLSimpleApplication@254f92b7
----------------- Done invoking toplevel() on ptolemy.moml.MoMLSimpleApplication@254f92b7
reloadAllAccessors: .StickyMasses

===========================================================================================
----------------- testing Sat Aug 22 15:28:25 UTC 2020 /home/travis/build/icyphy/ptII/ptolemy/domains/continuous/test/auto/StopTime.xml
----------------- Instantiating /home/travis/build/icyphy/ptII/ptolemy/domains/continuous/test/auto/StopTime.xml
47 ms. Memory: 327680K Free: 174792K (53%)
----------------- Invoking toplevel() on ptolemy.moml.MoMLSimpleApplication@1c62e2d6
----------------- Done invoking toplevel() on ptolemy.moml.MoMLSimpleApplication@1c62e2d6
reloadAllAccessors: .StopTime

===========================================================================================
----------------- testing Sat Aug 22 15:28:25 UTC 2020 /home/travis/build/icyphy/ptII/ptolemy/domains/continuous/test/auto/StopTime2.xml
----------------- Instantiating /home/travis/build/icyphy/ptII/ptolemy/domains/continuous/test/auto/StopTime2.xml
40 ms. Memory: 327680K Free: 152744K (47%)
----------------- Invoking toplevel() on ptolemy.moml.MoMLSimpleApplication@61a6d755
----------------- Done invoking toplevel() on ptolemy.moml.MoMLSimpleApplication@61a6d755
reloadAllAccessors: .StopTime2

===========================================================================================
----------------- testing Sat Aug 22 15:28:25 UTC 2020 /home/travis/build/icyphy/ptII/ptolemy/domains/continuous/test/auto/Switch.xml
----------------- Instantiating /home/travis/build/icyphy/ptII/ptolemy/domains/continuous/test/auto/Switch.xml
42 ms. Memory: 327680K Free: 127688K (39%)
----------------- Invoking toplevel() on ptolemy.moml.MoMLSimpleApplication@7a7a548f
----------------- Done invoking toplevel() on ptolemy.moml.MoMLSimpleApplication@7a7a548f
reloadAllAccessors: .Switch

===========================================================================================
----------------- testing Sat Aug 22 15:28:25 UTC 2020 /home/travis/build/icyphy/ptII/ptolemy/domains/continuous/test/auto/Thermostat.xml
----------------- Instantiating /home/travis/build/icyphy/ptII/ptolemy/domains/continuous/test/auto/Thermostat.xml
205 ms. Memory: 327680K Free: 245967K (75%)
----------------- Invoking toplevel() on ptolemy.moml.MoMLSimpleApplication@2937f973
----------------- Done invoking toplevel() on ptolemy.moml.MoMLSimpleApplication@2937f973
reloadAllAccessors: .Thermostat

===========================================================================================
----------------- testing Sat Aug 22 15:28:25 UTC 2020 /home/travis/build/icyphy/ptII/ptolemy/domains/continuous/test/auto/TimeDelay.xml
----------------- Instantiating /home/travis/build/icyphy/ptII/ptolemy/domains/continuous/test/auto/TimeDelay.xml
4 ms. Memory: 327680K Free: 240614K (73%)
----------------- Invoking toplevel() on ptolemy.moml.MoMLSimpleApplication@1fc8a7b5
----------------- Done invoking toplevel() on ptolemy.moml.MoMLSimpleApplication@1fc8a7b5
reloadAllAccessors: .TimeDelay

===========================================================================================
----------------- testing Sat Aug 22 15:28:25 UTC 2020 /home/travis/build/icyphy/ptII/ptolemy/domains/continuous/test/auto/TimeDelay2.xml
----------------- Instantiating /home/travis/build/icyphy/ptII/ptolemy/domains/continuous/test/auto/TimeDelay2.xml
9 ms. Memory: 327680K Free: 230894K (70%)
----------------- Invoking toplevel() on ptolemy.moml.MoMLSimpleApplication@722fdeb2
----------------- Done invoking toplevel() on ptolemy.moml.MoMLSimpleApplication@722fdeb2
reloadAllAccessors: .TimeDelay2

===========================================================================================
----------------- testing Sat Aug 22 15:28:25 UTC 2020 /home/travis/build/icyphy/ptII/ptolemy/domains/continuous/test/auto/TimeDelay3.xml
----------------- Instantiating /home/travis/build/icyphy/ptII/ptolemy/domains/continuous/test/auto/TimeDelay3.xml
5 ms. Memory: 327680K Free: 226282K (69%)
----------------- Invoking toplevel() on ptolemy.moml.MoMLSimpleApplication@19e81e9e
----------------- Done invoking toplevel() on ptolemy.moml.MoMLSimpleApplication@19e81e9e
reloadAllAccessors: .TimeDelay3

===========================================================================================
----------------- testing Sat Aug 22 15:28:25 UTC 2020 /home/travis/build/icyphy/ptII/ptolemy/domains/continuous/test/auto/TransferAbsentToInside.xml
----------------- Instantiating /home/travis/build/icyphy/ptII/ptolemy/domains/continuous/test/auto/TransferAbsentToInside.xml
30 ms. Memory: 327680K Free: 173550K (53%)
----------------- Invoking toplevel() on ptolemy.moml.MoMLSimpleApplication@5724ae2f
----------------- Done invoking toplevel() on ptolemy.moml.MoMLSimpleApplication@5724ae2f
reloadAllAccessors: .TransferAbsentToInside

===========================================================================================
----------------- testing Sat Aug 22 15:28:26 UTC 2020 /home/travis/build/icyphy/ptII/ptolemy/domains/continuous/test/auto/Transmission.xml
----------------- Instantiating /home/travis/build/icyphy/ptII/ptolemy/domains/continuous/test/auto/Transmission.xml
715 ms. Memory: 327680K Free: 130184K (40%)
----------------- Invoking toplevel() on ptolemy.moml.MoMLSimpleApplication@825dbc0
----------------- Done invoking toplevel() on ptolemy.moml.MoMLSimpleApplication@825dbc0
reloadAllAccessors: .Transmission

===========================================================================================
----------------- testing Sat Aug 22 15:28:26 UTC 2020 /home/travis/build/icyphy/ptII/ptolemy/domains/continuous/test/auto/TriggeredContinuousClock.xml
----------------- Instantiating /home/travis/build/icyphy/ptII/ptolemy/domains/continuous/test/auto/TriggeredContinuousClock.xml
67 ms. Memory: 393216K Free: 356522K (91%)
----------------- Invoking toplevel() on ptolemy.moml.MoMLSimpleApplication@6bb8060c
----------------- Done invoking toplevel() on ptolemy.moml.MoMLSimpleApplication@6bb8060c
reloadAllAccessors: .TriggeredContinuousClock

===========================================================================================
----------------- testing Sat Aug 22 15:28:26 UTC 2020 /home/travis/build/icyphy/ptII/ptolemy/domains/continuous/test/auto/TwoMachineInfiniteBusControl.xml
----------------- Instantiating /home/travis/build/icyphy/ptII/ptolemy/domains/continuous/test/auto/TwoMachineInfiniteBusControl.xml
2716 ms. Memory: 393216K Free: 248420K (63%)
----------------- Invoking toplevel() on ptolemy.moml.MoMLSimpleApplication@3bf7087a
----------------- Done invoking toplevel() on ptolemy.moml.MoMLSimpleApplication@3bf7087a
reloadAllAccessors: .TwoMachineInfiniteBusControl

===========================================================================================
----------------- testing Sat Aug 22 15:28:29 UTC 2020 /home/travis/build/icyphy/ptII/ptolemy/domains/continuous/test/auto/V2V.xml
----------------- Instantiating /home/travis/build/icyphy/ptII/ptolemy/domains/continuous/test/auto/V2V.xml
808 ms. Memory: 393216K Free: 287813K (73%)
----------------- Invoking toplevel() on ptolemy.moml.MoMLSimpleApplication@46e9b29d
----------------- Done invoking toplevel() on ptolemy.moml.MoMLSimpleApplication@46e9b29d
reloadAllAccessors: .V2V

===========================================================================================
----------------- testing Sat Aug 22 15:28:30 UTC 2020 /home/travis/build/icyphy/ptII/ptolemy/domains/continuous/test/auto/hierarchicalModalModel.xml
----------------- Instantiating /home/travis/build/icyphy/ptII/ptolemy/domains/continuous/test/auto/hierarchicalModalModel.xml
7 ms. Memory: 393216K Free: 273492K (70%)
----------------- Invoking toplevel() on ptolemy.moml.MoMLSimpleApplication@6f540d37
----------------- Done invoking toplevel() on ptolemy.moml.MoMLSimpleApplication@6f540d37
reloadAllAccessors: .hierarchicalModalModel

===========================================================================================
----------------- testing Sat Aug 22 15:28:30 UTC 2020 /home/travis/build/icyphy/ptII/ptolemy/domains/continuous/test/auto/hierarchicalModalModel1.xml
----------------- Instantiating /home/travis/build/icyphy/ptII/ptolemy/domains/continuous/test/auto/hierarchicalModalModel1.xml
8 ms. Memory: 393216K Free: 259156K (66%)
----------------- Invoking toplevel() on ptolemy.moml.MoMLSimpleApplication@7c20fff8
----------------- Done invoking toplevel() on ptolemy.moml.MoMLSimpleApplication@7c20fff8
reloadAllAccessors: .hierarchicalModalModel1

===========================================================================================
----------------- testing Sat Aug 22 15:28:30 UTC 2020 /home/travis/build/icyphy/ptII/ptolemy/domains/continuous/test/auto/hierarchicalModalModel2.xml
----------------- Instantiating /home/travis/build/icyphy/ptII/ptolemy/domains/continuous/test/auto/hierarchicalModalModel2.xml
6 ms. Memory: 393216K Free: 246837K (63%)
----------------- Invoking toplevel() on ptolemy.moml.MoMLSimpleApplication@3e8f7008
----------------- Done invoking toplevel() on ptolemy.moml.MoMLSimpleApplication@3e8f7008
reloadAllAccessors: .hierarchicalModalModel2

===========================================================================================
----------------- testing Sat Aug 22 15:28:30 UTC 2020 /home/travis/build/icyphy/ptII/ptolemy/domains/continuous/test/auto/hierarchicalModalModel3.xml
----------------- Instantiating /home/travis/build/icyphy/ptII/ptolemy/domains/continuous/test/auto/hierarchicalModalModel3.xml
6 ms. Memory: 393216K Free: 236118K (60%)
----------------- Invoking toplevel() on ptolemy.moml.MoMLSimpleApplication@67846b41
----------------- Done invoking toplevel() on ptolemy.moml.MoMLSimpleApplication@67846b41
reloadAllAccessors: .hierarchicalModalModel3

===========================================================================================
----------------- testing Sat Aug 22 15:28:30 UTC 2020 /home/travis/build/icyphy/ptII/ptolemy/domains/continuous/test/auto/hierarchicalModalModel4.xml
----------------- Instantiating /home/travis/build/icyphy/ptII/ptolemy/domains/continuous/test/auto/hierarchicalModalModel4.xml
5 ms. Memory: 393216K Free: 224340K (57%)
----------------- Invoking toplevel() on ptolemy.moml.MoMLSimpleApplication@4d954f0f
----------------- Done invoking toplevel() on ptolemy.moml.MoMLSimpleApplication@4d954f0f
reloadAllAccessors: .hierarchicalModalModel4

===========================================================================================
----------------- testing Sat Aug 22 15:28:30 UTC 2020 /home/travis/build/icyphy/ptII/ptolemy/domains/continuous/test/auto/junk.xml
----------------- Instantiating /home/travis/build/icyphy/ptII/ptolemy/domains/continuous/test/auto/junk.xml
117 ms. Memory: 393216K Free: 198740K (51%)
----------------- Invoking toplevel() on ptolemy.moml.MoMLSimpleApplication@56d51e24
----------------- Done invoking toplevel() on ptolemy.moml.MoMLSimpleApplication@56d51e24
reloadAllAccessors: .junk
AutoTests.java: About to close Vertx.
AutoTests.java: Vertx closed.
]]></system-out>
  <system-err><![CDATA[Warning: '.HysteresisWithRandomDelay.NonStrictTest3' The test produced only 24 tokens, yet the correctValues parameter was expecting 30 tokens.
Warning: '.IncreasingRatePoisson.NonStrictTest' The test produced only 352 tokens, yet the correctValues parameter was expecting 402 tokens.
Warning: '.Poisson.NonStrictTest' The test produced only 376 tokens, yet the correctValues parameter was expecting 430 tokens.
]]></system-err>
</testsuite>
