<?xml version="1.0" encoding="UTF-8" ?>
<testsuite errors="0" failures="0" hostname="travis-job-90751209-dd54-4074-a0e3-87660f899c04" name="ptolemy.actor.lib.hoc.test.junit.JUnitTclTest" skipped="0" tests="58" time="33.18" timestamp="2019-07-23T15:20:43">
  <properties>
[...]
</properties>
  <testcase classname="ptolemy.util.test.junit.TclTests" name="[0] /home/travis/build/icyphy/ptII/ptolemy/actor/lib/hoc/test/IterateOverArray.tcl (RunTclFile)" time="0.291" />
  <testcase classname="ptolemy.util.test.junit.AutoKnownFailedTests" name="[0] /home/travis/build/icyphy/ptII/ptolemy/actor/lib/hoc/test/auto/knownFailedTests/PreinitializeMustBeInvokedRunComposite.xml (RunModel)" time="0.499" />
  <testcase classname="ptolemy.util.test.junit.AutoNameArchTests" name="[0] ThereAreNoAutoArchTests (RunModel)" time="0.006" />
  <testcase classname="ptolemy.util.test.junit.AutoTests" name="[0] /home/travis/build/icyphy/ptII/ptolemy/actor/lib/hoc/test/auto/AllToAllMultiInstanceComposite.xml (RunModel)" time="0.409" />
  <testcase classname="ptolemy.util.test.junit.AutoTests" name="[1] /home/travis/build/icyphy/ptII/ptolemy/actor/lib/hoc/test/auto/ApplyFFTTest.xml (RunModel)" time="0.46" />
  <testcase classname="ptolemy.util.test.junit.AutoTests" name="[2] /home/travis/build/icyphy/ptII/ptolemy/actor/lib/hoc/test/auto/ApplyFunction.xml (RunModel)" time="0.053" />
  <testcase classname="ptolemy.util.test.junit.AutoTests" name="[3] /home/travis/build/icyphy/ptII/ptolemy/actor/lib/hoc/test/auto/BackgroundExecution.xml (RunModel)" time="0.738" />
  <testcase classname="ptolemy.util.test.junit.AutoTests" name="[4] /home/travis/build/icyphy/ptII/ptolemy/actor/lib/hoc/test/auto/Case.xml (RunModel)" time="0.072" />
  <testcase classname="ptolemy.util.test.junit.AutoTests" name="[5] /home/travis/build/icyphy/ptII/ptolemy/actor/lib/hoc/test/auto/Case1.xml (RunModel)" time="0.05" />
  <testcase classname="ptolemy.util.test.junit.AutoTests" name="[6] /home/travis/build/icyphy/ptII/ptolemy/actor/lib/hoc/test/auto/Case2.xml (RunModel)" time="0.13" />
  <testcase classname="ptolemy.util.test.junit.AutoTests" name="[7] /home/travis/build/icyphy/ptII/ptolemy/actor/lib/hoc/test/auto/Case3.xml (RunModel)" time="0.065" />
  <testcase classname="ptolemy.util.test.junit.AutoTests" name="[8] /home/travis/build/icyphy/ptII/ptolemy/actor/lib/hoc/test/auto/Case4.xml (RunModel)" time="0.09" />
  <testcase classname="ptolemy.util.test.junit.AutoTests" name="[9] /home/travis/build/icyphy/ptII/ptolemy/actor/lib/hoc/test/auto/Case5.xml (RunModel)" time="0.062" />
  <testcase classname="ptolemy.util.test.junit.AutoTests" name="[10] /home/travis/build/icyphy/ptII/ptolemy/actor/lib/hoc/test/auto/Case6.xml (RunModel)" time="0.095" />
  <testcase classname="ptolemy.util.test.junit.AutoTests" name="[11] /home/travis/build/icyphy/ptII/ptolemy/actor/lib/hoc/test/auto/CaseString2.xml (RunModel)" time="0.076" />
  <testcase classname="ptolemy.util.test.junit.AutoTests" name="[12] /home/travis/build/icyphy/ptII/ptolemy/actor/lib/hoc/test/auto/CatchUpComposite1.xml (RunModel)" time="0.102" />
  <testcase classname="ptolemy.util.test.junit.AutoTests" name="[13] /home/travis/build/icyphy/ptII/ptolemy/actor/lib/hoc/test/auto/CatchUpComposite2.xml (RunModel)" time="0.072" />
  <testcase classname="ptolemy.util.test.junit.AutoTests" name="[14] /home/travis/build/icyphy/ptII/ptolemy/actor/lib/hoc/test/auto/CatchUpComposite3.xml (RunModel)" time="0.069" />
  <testcase classname="ptolemy.util.test.junit.AutoTests" name="[15] /home/travis/build/icyphy/ptII/ptolemy/actor/lib/hoc/test/auto/CatchUpComposite4.xml (RunModel)" time="0.066" />
  <testcase classname="ptolemy.util.test.junit.AutoTests" name="[16] /home/travis/build/icyphy/ptII/ptolemy/actor/lib/hoc/test/auto/CatchUpComposite5.xml (RunModel)" time="0.051" />
  <testcase classname="ptolemy.util.test.junit.AutoTests" name="[17] /home/travis/build/icyphy/ptII/ptolemy/actor/lib/hoc/test/auto/CatchUpComposite6.xml (RunModel)" time="0.202" />
  <testcase classname="ptolemy.util.test.junit.AutoTests" name="[18] /home/travis/build/icyphy/ptII/ptolemy/actor/lib/hoc/test/auto/CatchUpComposite7.xml (RunModel)" time="0.116" />
  <testcase classname="ptolemy.util.test.junit.AutoTests" name="[19] /home/travis/build/icyphy/ptII/ptolemy/actor/lib/hoc/test/auto/ConcurrentExecutionTimeSDF.xml (RunModel)" time="1.008" />
  <testcase classname="ptolemy.util.test.junit.AutoTests" name="[20] /home/travis/build/icyphy/ptII/ptolemy/actor/lib/hoc/test/auto/ConcurrentSleep.xml (RunModel)" time="0.758" />
  <testcase classname="ptolemy.util.test.junit.AutoTests" name="[21] /home/travis/build/icyphy/ptII/ptolemy/actor/lib/hoc/test/auto/DEInPNInRunCompositeActor.xml (RunModel)" time="0.037" />
  <testcase classname="ptolemy.util.test.junit.AutoTests" name="[22] /home/travis/build/icyphy/ptII/ptolemy/actor/lib/hoc/test/auto/DFTSubSetTest.xml (RunModel)" time="0.292" />
  <testcase classname="ptolemy.util.test.junit.AutoTests" name="[23] /home/travis/build/icyphy/ptII/ptolemy/actor/lib/hoc/test/auto/HocDE.xml (RunModel)" time="0.225" />
  <testcase classname="ptolemy.util.test.junit.AutoTests" name="[24] /home/travis/build/icyphy/ptII/ptolemy/actor/lib/hoc/test/auto/IterateOverArray.xml (RunModel)" time="0.046" />
  <testcase classname="ptolemy.util.test.junit.AutoTests" name="[25] /home/travis/build/icyphy/ptII/ptolemy/actor/lib/hoc/test/auto/IterateOverArray10.xml (RunModel)" time="0.02" />
  <testcase classname="ptolemy.util.test.junit.AutoTests" name="[26] /home/travis/build/icyphy/ptII/ptolemy/actor/lib/hoc/test/auto/IterateOverArray11.xml (RunModel)" time="0.023" />
  <testcase classname="ptolemy.util.test.junit.AutoTests" name="[27] /home/travis/build/icyphy/ptII/ptolemy/actor/lib/hoc/test/auto/IterateOverArray12.xml (RunModel)" time="0.04" />
  <testcase classname="ptolemy.util.test.junit.AutoTests" name="[28] /home/travis/build/icyphy/ptII/ptolemy/actor/lib/hoc/test/auto/IterateOverArray13.xml (RunModel)" time="0.133" />
  <testcase classname="ptolemy.util.test.junit.AutoTests" name="[29] /home/travis/build/icyphy/ptII/ptolemy/actor/lib/hoc/test/auto/IterateOverArray14.xml (RunModel)" time="0.142" />
  <testcase classname="ptolemy.util.test.junit.AutoTests" name="[30] /home/travis/build/icyphy/ptII/ptolemy/actor/lib/hoc/test/auto/IterateOverArray2.xml (RunModel)" time="0.021" />
  <testcase classname="ptolemy.util.test.junit.AutoTests" name="[31] /home/travis/build/icyphy/ptII/ptolemy/actor/lib/hoc/test/auto/IterateOverArray3.xml (RunModel)" time="0.032" />
  <testcase classname="ptolemy.util.test.junit.AutoTests" name="[32] /home/travis/build/icyphy/ptII/ptolemy/actor/lib/hoc/test/auto/IterateOverArray4.xml (RunModel)" time="0.02" />
  <testcase classname="ptolemy.util.test.junit.AutoTests" name="[33] /home/travis/build/icyphy/ptII/ptolemy/actor/lib/hoc/test/auto/IterateOverArray5.xml (RunModel)" time="0.019" />
  <testcase classname="ptolemy.util.test.junit.AutoTests" name="[34] /home/travis/build/icyphy/ptII/ptolemy/actor/lib/hoc/test/auto/IterateOverArray6.xml (RunModel)" time="0.017" />
  <testcase classname="ptolemy.util.test.junit.AutoTests" name="[35] /home/travis/build/icyphy/ptII/ptolemy/actor/lib/hoc/test/auto/IterateOverArray7.xml (RunModel)" time="0.024" />
  <testcase classname="ptolemy.util.test.junit.AutoTests" name="[36] /home/travis/build/icyphy/ptII/ptolemy/actor/lib/hoc/test/auto/IterateOverArray8.xml (RunModel)" time="0.019" />
  <testcase classname="ptolemy.util.test.junit.AutoTests" name="[37] /home/travis/build/icyphy/ptII/ptolemy/actor/lib/hoc/test/auto/IterateOverArray9.xml (RunModel)" time="0.025" />
  <testcase classname="ptolemy.util.test.junit.AutoTests" name="[38] /home/travis/build/icyphy/ptII/ptolemy/actor/lib/hoc/test/auto/IterateOverArrayCoercedOutputType.xml (RunModel)" time="0.047" />
  <testcase classname="ptolemy.util.test.junit.AutoTests" name="[39] /home/travis/build/icyphy/ptII/ptolemy/actor/lib/hoc/test/auto/IterateOverArrayInferredOutputType.xml (RunModel)" time="0.026" />
  <testcase classname="ptolemy.util.test.junit.AutoTests" name="[40] /home/travis/build/icyphy/ptII/ptolemy/actor/lib/hoc/test/auto/MobileFunctionTest.xml (RunModel)" time="0.022" />
  <testcase classname="ptolemy.util.test.junit.AutoTests" name="[41] /home/travis/build/icyphy/ptII/ptolemy/actor/lib/hoc/test/auto/MobileModelTest.xml (RunModel)" time="0.218" />
  <testcase classname="ptolemy.util.test.junit.AutoTests" name="[42] /home/travis/build/icyphy/ptII/ptolemy/actor/lib/hoc/test/auto/ModelReference.xml (RunModel)" time="0.064" />
  <testcase classname="ptolemy.util.test.junit.AutoTests" name="[43] /home/travis/build/icyphy/ptII/ptolemy/actor/lib/hoc/test/auto/ModelReference3.xml (RunModel)" time="0.047" />
  <testcase classname="ptolemy.util.test.junit.AutoTests" name="[44] /home/travis/build/icyphy/ptII/ptolemy/actor/lib/hoc/test/auto/ModelReference4.xml (RunModel)" time="10.036" />
  <testcase classname="ptolemy.util.test.junit.AutoTests" name="[45] /home/travis/build/icyphy/ptII/ptolemy/actor/lib/hoc/test/auto/MultiInstanceComposite.xml (RunModel)" time="0.059" />
  <testcase classname="ptolemy.util.test.junit.AutoTests" name="[46] /home/travis/build/icyphy/ptII/ptolemy/actor/lib/hoc/test/auto/MultiInstanceComposite2.xml (RunModel)" time="0.049" />
  <testcase classname="ptolemy.util.test.junit.AutoTests" name="[47] /home/travis/build/icyphy/ptII/ptolemy/actor/lib/hoc/test/auto/MulticoreExecution.xml (RunModel)" time="1.111" />
  <testcase classname="ptolemy.util.test.junit.AutoTests" name="[48] /home/travis/build/icyphy/ptII/ptolemy/actor/lib/hoc/test/auto/ParallelExecution.xml (RunModel)" time="0.96" />
  <testcase classname="ptolemy.util.test.junit.AutoTests" name="[49] /home/travis/build/icyphy/ptII/ptolemy/actor/lib/hoc/test/auto/RunCompositeActor.xml (RunModel)" time="0.022" />
  <testcase classname="ptolemy.util.test.junit.AutoTests" name="[50] /home/travis/build/icyphy/ptII/ptolemy/actor/lib/hoc/test/auto/RunCompositeActor2.xml (RunModel)" time="0.023" />
  <testcase classname="ptolemy.util.test.junit.AutoTests" name="[51] /home/travis/build/icyphy/ptII/ptolemy/actor/lib/hoc/test/auto/RunCompositeActor3.xml (RunModel)" time="0.018" />
  <testcase classname="ptolemy.util.test.junit.AutoTests" name="[52] /home/travis/build/icyphy/ptII/ptolemy/actor/lib/hoc/test/auto/RunCompositeActor4.xml (RunModel)" time="0.027" />
  <testcase classname="ptolemy.util.test.junit.AutoTests" name="[53] /home/travis/build/icyphy/ptII/ptolemy/actor/lib/hoc/test/auto/RunCompositeIterateOverArray.xml (RunModel)" time="0.049" />
  <testcase classname="ptolemy.util.test.junit.AutoTests" name="[54] /home/travis/build/icyphy/ptII/ptolemy/actor/lib/hoc/test/auto/ThreadedJS.xml (RunModel)" time="13.097" />
  <system-out><![CDATA[/home/travis/build/icyphy/ptII/ptolemy/actor/lib/hoc/test/IterateOverArray.tcl
testDefs.tcl: setting time out to 9000 seconds at Tue Jul 23 15:20:43 UTC 2019
07/23/19 03:20:43
Failed: 0  Total Tests: 2  ((Passed: 2, Newly Passed: 0)  Known Failed: 0) /home/travis/build/icyphy/ptII/ptolemy/actor/lib/hoc/test
----------------- testing (KnownFailure) /home/travis/build/icyphy/ptII/ptolemy/actor/lib/hoc/test/auto/knownFailedTests/PreinitializeMustBeInvokedRunComposite.xml
100 ms. Memory: 120832K Free: 79812K (66%)
Known Failure: java.lang.reflect.InvocationTargetException
No auto/linux-amd64/*.xml tests in /home/travis/build/icyphy/ptII/ptolemy/actor/lib/hoc/test
AutoTests.java: About to close Vertx.
AutoTests.java: Vertx closed.

===========================================================================================
----------------- testing Tue Jul 23 15:20:44 UTC 2019 /home/travis/build/icyphy/ptII/ptolemy/actor/lib/hoc/test/auto/AllToAllMultiInstanceComposite.xml
----------------- Instantiating /home/travis/build/icyphy/ptII/ptolemy/actor/lib/hoc/test/auto/AllToAllMultiInstanceComposite.xml
185 ms. Memory: 120832K Free: 94670K (78%)
----------------- Invoking toplevel() on ptolemy.moml.MoMLSimpleApplication@4a2b48c6
----------------- Done invoking toplevel() on ptolemy.moml.MoMLSimpleApplication@4a2b48c6
reloadAllAccessors: .AllToAllMultiInstanceComposite

===========================================================================================
----------------- testing Tue Jul 23 15:20:44 UTC 2019 /home/travis/build/icyphy/ptII/ptolemy/actor/lib/hoc/test/auto/ApplyFFTTest.xml
----------------- Instantiating /home/travis/build/icyphy/ptII/ptolemy/actor/lib/hoc/test/auto/ApplyFFTTest.xml
139 ms. Memory: 120832K Free: 99848K (83%)
----------------- Invoking toplevel() on ptolemy.moml.MoMLSimpleApplication@2fc98076
----------------- Done invoking toplevel() on ptolemy.moml.MoMLSimpleApplication@2fc98076
reloadAllAccessors: .ApplyFFTTest

===========================================================================================
----------------- testing Tue Jul 23 15:20:45 UTC 2019 /home/travis/build/icyphy/ptII/ptolemy/actor/lib/hoc/test/auto/ApplyFunction.xml
----------------- Instantiating /home/travis/build/icyphy/ptII/ptolemy/actor/lib/hoc/test/auto/ApplyFunction.xml
5 ms. Memory: 120832K Free: 96511K (80%)
----------------- Invoking toplevel() on ptolemy.moml.MoMLSimpleApplication@3a2e2911
----------------- Done invoking toplevel() on ptolemy.moml.MoMLSimpleApplication@3a2e2911
reloadAllAccessors: .ApplyFunction

===========================================================================================
----------------- testing Tue Jul 23 15:20:45 UTC 2019 /home/travis/build/icyphy/ptII/ptolemy/actor/lib/hoc/test/auto/BackgroundExecution.xml
----------------- Instantiating /home/travis/build/icyphy/ptII/ptolemy/actor/lib/hoc/test/auto/BackgroundExecution.xml
630 ms. Memory: 120832K Free: 89150K (74%)
----------------- Invoking toplevel() on ptolemy.moml.MoMLSimpleApplication@3ecd718
----------------- Done invoking toplevel() on ptolemy.moml.MoMLSimpleApplication@3ecd718
reloadAllAccessors: .BackgroundExecution

===========================================================================================
----------------- testing Tue Jul 23 15:20:46 UTC 2019 /home/travis/build/icyphy/ptII/ptolemy/actor/lib/hoc/test/auto/Case.xml
----------------- Instantiating /home/travis/build/icyphy/ptII/ptolemy/actor/lib/hoc/test/auto/Case.xml
28 ms. Memory: 120832K Free: 82199K (68%)
----------------- Invoking toplevel() on ptolemy.moml.MoMLSimpleApplication@14bd2484
----------------- Done invoking toplevel() on ptolemy.moml.MoMLSimpleApplication@14bd2484
reloadAllAccessors: .Case

===========================================================================================
----------------- testing Tue Jul 23 15:20:46 UTC 2019 /home/travis/build/icyphy/ptII/ptolemy/actor/lib/hoc/test/auto/Case1.xml
----------------- Instantiating /home/travis/build/icyphy/ptII/ptolemy/actor/lib/hoc/test/auto/Case1.xml
21 ms. Memory: 120832K Free: 75608K (63%)
----------------- Invoking toplevel() on ptolemy.moml.MoMLSimpleApplication@59d1238
----------------- Done invoking toplevel() on ptolemy.moml.MoMLSimpleApplication@59d1238
reloadAllAccessors: .Case1

===========================================================================================
----------------- testing Tue Jul 23 15:20:46 UTC 2019 /home/travis/build/icyphy/ptII/ptolemy/actor/lib/hoc/test/auto/Case2.xml
----------------- Instantiating /home/travis/build/icyphy/ptII/ptolemy/actor/lib/hoc/test/auto/Case2.xml
44 ms. Memory: 120832K Free: 98350K (81%)
----------------- Invoking toplevel() on ptolemy.moml.MoMLSimpleApplication@3296b603
----------------- Done invoking toplevel() on ptolemy.moml.MoMLSimpleApplication@3296b603
reloadAllAccessors: .Case2

===========================================================================================
----------------- testing Tue Jul 23 15:20:46 UTC 2019 /home/travis/build/icyphy/ptII/ptolemy/actor/lib/hoc/test/auto/Case3.xml
----------------- Instantiating /home/travis/build/icyphy/ptII/ptolemy/actor/lib/hoc/test/auto/Case3.xml
15 ms. Memory: 120832K Free: 92190K (76%)
----------------- Invoking toplevel() on ptolemy.moml.MoMLSimpleApplication@7b346474
----------------- Done invoking toplevel() on ptolemy.moml.MoMLSimpleApplication@7b346474
reloadAllAccessors: .Case3

===========================================================================================
----------------- testing Tue Jul 23 15:20:46 UTC 2019 /home/travis/build/icyphy/ptII/ptolemy/actor/lib/hoc/test/auto/Case4.xml
----------------- Instantiating /home/travis/build/icyphy/ptII/ptolemy/actor/lib/hoc/test/auto/Case4.xml
13 ms. Memory: 120832K Free: 84307K (70%)
----------------- Invoking toplevel() on ptolemy.moml.MoMLSimpleApplication@192e9f76
----------------- Done invoking toplevel() on ptolemy.moml.MoMLSimpleApplication@192e9f76
reloadAllAccessors: .Case4

===========================================================================================
----------------- testing Tue Jul 23 15:20:46 UTC 2019 /home/travis/build/icyphy/ptII/ptolemy/actor/lib/hoc/test/auto/Case5.xml
----------------- Instantiating /home/travis/build/icyphy/ptII/ptolemy/actor/lib/hoc/test/auto/Case5.xml
27 ms. Memory: 120832K Free: 77870K (64%)
----------------- Invoking toplevel() on ptolemy.moml.MoMLSimpleApplication@7b10cfe9
----------------- Done invoking toplevel() on ptolemy.moml.MoMLSimpleApplication@7b10cfe9
reloadAllAccessors: .junk

===========================================================================================
----------------- testing Tue Jul 23 15:20:46 UTC 2019 /home/travis/build/icyphy/ptII/ptolemy/actor/lib/hoc/test/auto/Case6.xml
----------------- Instantiating /home/travis/build/icyphy/ptII/ptolemy/actor/lib/hoc/test/auto/Case6.xml
50 ms. Memory: 120832K Free: 66299K (55%)
----------------- Invoking toplevel() on ptolemy.moml.MoMLSimpleApplication@3943e085
----------------- Done invoking toplevel() on ptolemy.moml.MoMLSimpleApplication@3943e085
reloadAllAccessors: .Case6

===========================================================================================
----------------- testing Tue Jul 23 15:20:46 UTC 2019 /home/travis/build/icyphy/ptII/ptolemy/actor/lib/hoc/test/auto/CaseString2.xml
----------------- Instantiating /home/travis/build/icyphy/ptII/ptolemy/actor/lib/hoc/test/auto/CaseString2.xml
23 ms. Memory: 120832K Free: 104573K (87%)
----------------- Invoking toplevel() on ptolemy.moml.MoMLSimpleApplication@41c02fc4
----------------- Done invoking toplevel() on ptolemy.moml.MoMLSimpleApplication@41c02fc4
reloadAllAccessors: .CaseString2

===========================================================================================
----------------- testing Tue Jul 23 15:20:46 UTC 2019 /home/travis/build/icyphy/ptII/ptolemy/actor/lib/hoc/test/auto/CatchUpComposite1.xml
----------------- Instantiating /home/travis/build/icyphy/ptII/ptolemy/actor/lib/hoc/test/auto/CatchUpComposite1.xml
43 ms. Memory: 120832K Free: 95357K (79%)
----------------- Invoking toplevel() on ptolemy.moml.MoMLSimpleApplication@1f96c3bb
----------------- Done invoking toplevel() on ptolemy.moml.MoMLSimpleApplication@1f96c3bb
reloadAllAccessors: .CatchUpComposite1

===========================================================================================
----------------- testing Tue Jul 23 15:20:46 UTC 2019 /home/travis/build/icyphy/ptII/ptolemy/actor/lib/hoc/test/auto/CatchUpComposite2.xml
----------------- Instantiating /home/travis/build/icyphy/ptII/ptolemy/actor/lib/hoc/test/auto/CatchUpComposite2.xml
18 ms. Memory: 120832K Free: 87135K (72%)
----------------- Invoking toplevel() on ptolemy.moml.MoMLSimpleApplication@37995d25
----------------- Done invoking toplevel() on ptolemy.moml.MoMLSimpleApplication@37995d25
reloadAllAccessors: .CatchUpComposite2

===========================================================================================
----------------- testing Tue Jul 23 15:20:46 UTC 2019 /home/travis/build/icyphy/ptII/ptolemy/actor/lib/hoc/test/auto/CatchUpComposite3.xml
----------------- Instantiating /home/travis/build/icyphy/ptII/ptolemy/actor/lib/hoc/test/auto/CatchUpComposite3.xml
22 ms. Memory: 120832K Free: 78582K (65%)
----------------- Invoking toplevel() on ptolemy.moml.MoMLSimpleApplication@58a1f6c2
----------------- Done invoking toplevel() on ptolemy.moml.MoMLSimpleApplication@58a1f6c2
reloadAllAccessors: .CatchUpComposite3

===========================================================================================
----------------- testing Tue Jul 23 15:20:47 UTC 2019 /home/travis/build/icyphy/ptII/ptolemy/actor/lib/hoc/test/auto/CatchUpComposite4.xml
----------------- Instantiating /home/travis/build/icyphy/ptII/ptolemy/actor/lib/hoc/test/auto/CatchUpComposite4.xml
19 ms. Memory: 120832K Free: 70743K (59%)
----------------- Invoking toplevel() on ptolemy.moml.MoMLSimpleApplication@479c792d
----------------- Done invoking toplevel() on ptolemy.moml.MoMLSimpleApplication@479c792d
reloadAllAccessors: .CatchUpComposite4

===========================================================================================
----------------- testing Tue Jul 23 15:20:47 UTC 2019 /home/travis/build/icyphy/ptII/ptolemy/actor/lib/hoc/test/auto/CatchUpComposite5.xml
----------------- Instantiating /home/travis/build/icyphy/ptII/ptolemy/actor/lib/hoc/test/auto/CatchUpComposite5.xml
15 ms. Memory: 120832K Free: 63181K (52%)
----------------- Invoking toplevel() on ptolemy.moml.MoMLSimpleApplication@670c00ea
----------------- Done invoking toplevel() on ptolemy.moml.MoMLSimpleApplication@670c00ea
reloadAllAccessors: .CatchUpComposite5

===========================================================================================
----------------- testing Tue Jul 23 15:20:47 UTC 2019 /home/travis/build/icyphy/ptII/ptolemy/actor/lib/hoc/test/auto/CatchUpComposite6.xml
----------------- Instantiating /home/travis/build/icyphy/ptII/ptolemy/actor/lib/hoc/test/auto/CatchUpComposite6.xml
WARNING: The execution aspects in this model can influence the timing of actors by delaying the 
execution, potentially changing the behavior. There is no guarantee that actors fire at the 
time they request to be fired. 
Use Ptides for deterministic DE behavior that is not influenced by execution aspects. 

115 ms. Memory: 149504K Free: 131559K (88%)
----------------- Invoking toplevel() on ptolemy.moml.MoMLSimpleApplication@47ce1f61
----------------- Done invoking toplevel() on ptolemy.moml.MoMLSimpleApplication@47ce1f61
reloadAllAccessors: .CatchUpComposite6

===========================================================================================
----------------- testing Tue Jul 23 15:20:47 UTC 2019 /home/travis/build/icyphy/ptII/ptolemy/actor/lib/hoc/test/auto/CatchUpComposite7.xml
----------------- Instantiating /home/travis/build/icyphy/ptII/ptolemy/actor/lib/hoc/test/auto/CatchUpComposite7.xml
WARNING: The execution aspects in this model can influence the timing of actors by delaying the 
execution, potentially changing the behavior. There is no guarantee that actors fire at the 
time they request to be fired. 
Use Ptides for deterministic DE behavior that is not influenced by execution aspects. 

44 ms. Memory: 149504K Free: 117223K (78%)
----------------- Invoking toplevel() on ptolemy.moml.MoMLSimpleApplication@5db68188
----------------- Done invoking toplevel() on ptolemy.moml.MoMLSimpleApplication@5db68188
reloadAllAccessors: .CatchUpComposite7

===========================================================================================
----------------- testing Tue Jul 23 15:20:47 UTC 2019 /home/travis/build/icyphy/ptII/ptolemy/actor/lib/hoc/test/auto/ConcurrentExecutionTimeSDF.xml
----------------- Instantiating /home/travis/build/icyphy/ptII/ptolemy/actor/lib/hoc/test/auto/ConcurrentExecutionTimeSDF.xml
Fired ExecutionTime: 40400000
Fired ExecutionTime: 40400000
Fired ExecutionTime: 40400000
Fired ExecutionTime: 40400000
Fired ExecutionTime: 40400000
Fired ExecutionTime: 40400000
Fired ExecutionTime: 40400000
Fired ExecutionTime: 40400000
Fired ExecutionTime: 40400000
Fired ExecutionTime: 40400000
Fired ExecutionTime: 40400000
Fired ExecutionTime: 40400000
Fired ExecutionTime: 40400000
Fired ExecutionTime: 40400000
Fired ExecutionTime: 40400000
Fired ExecutionTime: 40400000
Fired ExecutionTime: 40400000
Fired ExecutionTime: 40400000
Fired ExecutionTime: 40400000
Fired ExecutionTime: 40400000
976 ms. Memory: 149504K Free: 110055K (74%)
----------------- Invoking toplevel() on ptolemy.moml.MoMLSimpleApplication@1b270005
----------------- Done invoking toplevel() on ptolemy.moml.MoMLSimpleApplication@1b270005
reloadAllAccessors: .ConcurrentExecutionTimeSDF

===========================================================================================
----------------- testing Tue Jul 23 15:20:48 UTC 2019 /home/travis/build/icyphy/ptII/ptolemy/actor/lib/hoc/test/auto/ConcurrentSleep.xml
----------------- Instantiating /home/travis/build/icyphy/ptII/ptolemy/actor/lib/hoc/test/auto/ConcurrentSleep.xml
726 ms. Memory: 149504K Free: 98791K (66%)
----------------- Invoking toplevel() on ptolemy.moml.MoMLSimpleApplication@654b4609
----------------- Done invoking toplevel() on ptolemy.moml.MoMLSimpleApplication@654b4609
reloadAllAccessors: .ConcurrentSleep

===========================================================================================
----------------- testing Tue Jul 23 15:20:49 UTC 2019 /home/travis/build/icyphy/ptII/ptolemy/actor/lib/hoc/test/auto/DEInPNInRunCompositeActor.xml
----------------- Instantiating /home/travis/build/icyphy/ptII/ptolemy/actor/lib/hoc/test/auto/DEInPNInRunCompositeActor.xml
11 ms. Memory: 149504K Free: 92647K (62%)
----------------- Invoking toplevel() on ptolemy.moml.MoMLSimpleApplication@2b5f6ecf
----------------- Done invoking toplevel() on ptolemy.moml.MoMLSimpleApplication@2b5f6ecf
reloadAllAccessors: .DEInPNInRunCompositeActor

===========================================================================================
----------------- testing Tue Jul 23 15:20:49 UTC 2019 /home/travis/build/icyphy/ptII/ptolemy/actor/lib/hoc/test/auto/DFTSubSetTest.xml
----------------- Instantiating /home/travis/build/icyphy/ptII/ptolemy/actor/lib/hoc/test/auto/DFTSubSetTest.xml
183 ms. Memory: 149504K Free: 50149K (34%)
----------------- Invoking toplevel() on ptolemy.moml.MoMLSimpleApplication@78cb62fc
----------------- Done invoking toplevel() on ptolemy.moml.MoMLSimpleApplication@78cb62fc
reloadAllAccessors: .DFTSubSetTest

===========================================================================================
----------------- testing Tue Jul 23 15:20:49 UTC 2019 /home/travis/build/icyphy/ptII/ptolemy/actor/lib/hoc/test/auto/HocDE.xml
----------------- Instantiating /home/travis/build/icyphy/ptII/ptolemy/actor/lib/hoc/test/auto/HocDE.xml
149 ms. Memory: 149504K Free: 112038K (75%)
----------------- Invoking toplevel() on ptolemy.moml.MoMLSimpleApplication@10e8f6a0
----------------- Done invoking toplevel() on ptolemy.moml.MoMLSimpleApplication@10e8f6a0
reloadAllAccessors: .HocDE

===========================================================================================
----------------- testing Tue Jul 23 15:20:49 UTC 2019 /home/travis/build/icyphy/ptII/ptolemy/actor/lib/hoc/test/auto/IterateOverArray.xml
----------------- Instantiating /home/travis/build/icyphy/ptII/ptolemy/actor/lib/hoc/test/auto/IterateOverArray.xml
10 ms. Memory: 149504K Free: 107428K (72%)
----------------- Invoking toplevel() on ptolemy.moml.MoMLSimpleApplication@7d3e9c0c
----------------- Done invoking toplevel() on ptolemy.moml.MoMLSimpleApplication@7d3e9c0c
reloadAllAccessors: .IterateOverArray

===========================================================================================
----------------- testing Tue Jul 23 15:20:49 UTC 2019 /home/travis/build/icyphy/ptII/ptolemy/actor/lib/hoc/test/auto/IterateOverArray10.xml
----------------- Instantiating /home/travis/build/icyphy/ptII/ptolemy/actor/lib/hoc/test/auto/IterateOverArray10.xml
4 ms. Memory: 149504K Free: 104356K (70%)
----------------- Invoking toplevel() on ptolemy.moml.MoMLSimpleApplication@12d5ca9f
----------------- Done invoking toplevel() on ptolemy.moml.MoMLSimpleApplication@12d5ca9f
reloadAllAccessors: .IterateOverArray10

===========================================================================================
----------------- testing Tue Jul 23 15:20:49 UTC 2019 /home/travis/build/icyphy/ptII/ptolemy/actor/lib/hoc/test/auto/IterateOverArray11.xml
----------------- Instantiating /home/travis/build/icyphy/ptII/ptolemy/actor/lib/hoc/test/auto/IterateOverArray11.xml
4 ms. Memory: 149504K Free: 100260K (67%)
----------------- Invoking toplevel() on ptolemy.moml.MoMLSimpleApplication@22d2a3b3
----------------- Done invoking toplevel() on ptolemy.moml.MoMLSimpleApplication@22d2a3b3
reloadAllAccessors: .IterateOverArray11

===========================================================================================
----------------- testing Tue Jul 23 15:20:49 UTC 2019 /home/travis/build/icyphy/ptII/ptolemy/actor/lib/hoc/test/auto/IterateOverArray12.xml
----------------- Instantiating /home/travis/build/icyphy/ptII/ptolemy/actor/lib/hoc/test/auto/IterateOverArray12.xml
17 ms. Memory: 149504K Free: 94116K (63%)
----------------- Invoking toplevel() on ptolemy.moml.MoMLSimpleApplication@35854815
----------------- Done invoking toplevel() on ptolemy.moml.MoMLSimpleApplication@35854815
reloadAllAccessors: .IterateOverArray12

===========================================================================================
----------------- testing Tue Jul 23 15:20:49 UTC 2019 /home/travis/build/icyphy/ptII/ptolemy/actor/lib/hoc/test/auto/IterateOverArray13.xml
----------------- Instantiating /home/travis/build/icyphy/ptII/ptolemy/actor/lib/hoc/test/auto/IterateOverArray13.xml
62 ms. Memory: 149504K Free: 64420K (43%)
----------------- Invoking toplevel() on ptolemy.moml.MoMLSimpleApplication@75d09cb7
----------------- Done invoking toplevel() on ptolemy.moml.MoMLSimpleApplication@75d09cb7
reloadAllAccessors: .IterateOverArray13

===========================================================================================
----------------- testing Tue Jul 23 15:20:50 UTC 2019 /home/travis/build/icyphy/ptII/ptolemy/actor/lib/hoc/test/auto/IterateOverArray14.xml
----------------- Instantiating /home/travis/build/icyphy/ptII/ptolemy/actor/lib/hoc/test/auto/IterateOverArray14.xml
56 ms. Memory: 149504K Free: 117437K (79%)
----------------- Invoking toplevel() on ptolemy.moml.MoMLSimpleApplication@30a3b095
----------------- Done invoking toplevel() on ptolemy.moml.MoMLSimpleApplication@30a3b095
reloadAllAccessors: .IterateOverArray14

===========================================================================================
----------------- testing Tue Jul 23 15:20:50 UTC 2019 /home/travis/build/icyphy/ptII/ptolemy/actor/lib/hoc/test/auto/IterateOverArray2.xml
----------------- Instantiating /home/travis/build/icyphy/ptII/ptolemy/actor/lib/hoc/test/auto/IterateOverArray2.xml
5 ms. Memory: 149504K Free: 112831K (75%)
----------------- Invoking toplevel() on ptolemy.moml.MoMLSimpleApplication@37055341
----------------- Done invoking toplevel() on ptolemy.moml.MoMLSimpleApplication@37055341
reloadAllAccessors: .IterateOverArray2

===========================================================================================
----------------- testing Tue Jul 23 15:20:50 UTC 2019 /home/travis/build/icyphy/ptII/ptolemy/actor/lib/hoc/test/auto/IterateOverArray3.xml
----------------- Instantiating /home/travis/build/icyphy/ptII/ptolemy/actor/lib/hoc/test/auto/IterateOverArray3.xml
7 ms. Memory: 149504K Free: 106687K (71%)
----------------- Invoking toplevel() on ptolemy.moml.MoMLSimpleApplication@2fa93b02
----------------- Done invoking toplevel() on ptolemy.moml.MoMLSimpleApplication@2fa93b02
reloadAllAccessors: .IterateOverArray3

===========================================================================================
----------------- testing Tue Jul 23 15:20:50 UTC 2019 /home/travis/build/icyphy/ptII/ptolemy/actor/lib/hoc/test/auto/IterateOverArray4.xml
----------------- Instantiating /home/travis/build/icyphy/ptII/ptolemy/actor/lib/hoc/test/auto/IterateOverArray4.xml
5 ms. Memory: 149504K Free: 102591K (69%)
----------------- Invoking toplevel() on ptolemy.moml.MoMLSimpleApplication@18770186
----------------- Done invoking toplevel() on ptolemy.moml.MoMLSimpleApplication@18770186
reloadAllAccessors: .IterateOverArray4

===========================================================================================
----------------- testing Tue Jul 23 15:20:50 UTC 2019 /home/travis/build/icyphy/ptII/ptolemy/actor/lib/hoc/test/auto/IterateOverArray5.xml
----------------- Instantiating /home/travis/build/icyphy/ptII/ptolemy/actor/lib/hoc/test/auto/IterateOverArray5.xml
3 ms. Memory: 149504K Free: 98495K (66%)
----------------- Invoking toplevel() on ptolemy.moml.MoMLSimpleApplication@2c51ff4
----------------- Done invoking toplevel() on ptolemy.moml.MoMLSimpleApplication@2c51ff4
reloadAllAccessors: .IterateOverArray5

===========================================================================================
----------------- testing Tue Jul 23 15:20:50 UTC 2019 /home/travis/build/icyphy/ptII/ptolemy/actor/lib/hoc/test/auto/IterateOverArray6.xml
----------------- Instantiating /home/travis/build/icyphy/ptII/ptolemy/actor/lib/hoc/test/auto/IterateOverArray6.xml
3 ms. Memory: 149504K Free: 94909K (63%)
----------------- Invoking toplevel() on ptolemy.moml.MoMLSimpleApplication@533c1475
----------------- Done invoking toplevel() on ptolemy.moml.MoMLSimpleApplication@533c1475
reloadAllAccessors: .IterateOverArray6

===========================================================================================
----------------- testing Tue Jul 23 15:20:50 UTC 2019 /home/travis/build/icyphy/ptII/ptolemy/actor/lib/hoc/test/auto/IterateOverArray7.xml
----------------- Instantiating /home/travis/build/icyphy/ptII/ptolemy/actor/lib/hoc/test/auto/IterateOverArray7.xml
4 ms. Memory: 149504K Free: 90303K (60%)
----------------- Invoking toplevel() on ptolemy.moml.MoMLSimpleApplication@1ea7ebe3
----------------- Done invoking toplevel() on ptolemy.moml.MoMLSimpleApplication@1ea7ebe3
reloadAllAccessors: .IterateOverArray7

===========================================================================================
----------------- testing Tue Jul 23 15:20:50 UTC 2019 /home/travis/build/icyphy/ptII/ptolemy/actor/lib/hoc/test/auto/IterateOverArray8.xml
----------------- Instantiating /home/travis/build/icyphy/ptII/ptolemy/actor/lib/hoc/test/auto/IterateOverArray8.xml
4 ms. Memory: 149504K Free: 86207K (58%)
----------------- Invoking toplevel() on ptolemy.moml.MoMLSimpleApplication@68348f00
----------------- Done invoking toplevel() on ptolemy.moml.MoMLSimpleApplication@68348f00
reloadAllAccessors: .IterateOverArray8

===========================================================================================
----------------- testing Tue Jul 23 15:20:50 UTC 2019 /home/travis/build/icyphy/ptII/ptolemy/actor/lib/hoc/test/auto/IterateOverArray9.xml
----------------- Instantiating /home/travis/build/icyphy/ptII/ptolemy/actor/lib/hoc/test/auto/IterateOverArray9.xml
6 ms. Memory: 149504K Free: 82111K (55%)
----------------- Invoking toplevel() on ptolemy.moml.MoMLSimpleApplication@7a8b187d
----------------- Done invoking toplevel() on ptolemy.moml.MoMLSimpleApplication@7a8b187d
reloadAllAccessors: .IterateOverArray9

===========================================================================================
----------------- testing Tue Jul 23 15:20:50 UTC 2019 /home/travis/build/icyphy/ptII/ptolemy/actor/lib/hoc/test/auto/IterateOverArrayCoercedOutputType.xml
----------------- Instantiating /home/travis/build/icyphy/ptII/ptolemy/actor/lib/hoc/test/auto/IterateOverArrayCoercedOutputType.xml
7 ms. Memory: 149504K Free: 76991K (51%)
----------------- Invoking toplevel() on ptolemy.moml.MoMLSimpleApplication@313e170b
----------------- Done invoking toplevel() on ptolemy.moml.MoMLSimpleApplication@313e170b
reloadAllAccessors: .IterateOverArrayCoercedOutputType

===========================================================================================
----------------- testing Tue Jul 23 15:20:50 UTC 2019 /home/travis/build/icyphy/ptII/ptolemy/actor/lib/hoc/test/auto/IterateOverArrayInferredOutputType.xml
----------------- Instantiating /home/travis/build/icyphy/ptII/ptolemy/actor/lib/hoc/test/auto/IterateOverArrayInferredOutputType.xml
9 ms. Memory: 149504K Free: 72381K (48%)
----------------- Invoking toplevel() on ptolemy.moml.MoMLSimpleApplication@339505fa
----------------- Done invoking toplevel() on ptolemy.moml.MoMLSimpleApplication@339505fa
reloadAllAccessors: .IterateOverArrayInferredOutputType

===========================================================================================
----------------- testing Tue Jul 23 15:20:50 UTC 2019 /home/travis/build/icyphy/ptII/ptolemy/actor/lib/hoc/test/auto/MobileFunctionTest.xml
----------------- Instantiating /home/travis/build/icyphy/ptII/ptolemy/actor/lib/hoc/test/auto/MobileFunctionTest.xml
4 ms. Memory: 149504K Free: 68254K (46%)
----------------- Invoking toplevel() on ptolemy.moml.MoMLSimpleApplication@469858cf
----------------- Done invoking toplevel() on ptolemy.moml.MoMLSimpleApplication@469858cf
reloadAllAccessors: .MobileFunctionTest

===========================================================================================
----------------- testing Tue Jul 23 15:20:50 UTC 2019 /home/travis/build/icyphy/ptII/ptolemy/actor/lib/hoc/test/auto/MobileModelTest.xml
----------------- Instantiating /home/travis/build/icyphy/ptII/ptolemy/actor/lib/hoc/test/auto/MobileModelTest.xml
185 ms. Memory: 149504K Free: 134025K (90%)
----------------- Invoking toplevel() on ptolemy.moml.MoMLSimpleApplication@6c8bafc2
----------------- Done invoking toplevel() on ptolemy.moml.MoMLSimpleApplication@6c8bafc2
reloadAllAccessors: .MobileModelTest

===========================================================================================
----------------- testing Tue Jul 23 15:20:50 UTC 2019 /home/travis/build/icyphy/ptII/ptolemy/actor/lib/hoc/test/auto/ModelReference.xml
----------------- Instantiating /home/travis/build/icyphy/ptII/ptolemy/actor/lib/hoc/test/auto/ModelReference.xml
3 ms. Memory: 149504K Free: 127153K (85%)
7 ms. Memory: 149504K Free: 126643K (85%)
6 ms. Memory: 149504K Free: 125619K (84%)
2 ms. Memory: 149504K Free: 125075K (84%)
2 ms. Memory: 149504K Free: 124067K (83%)
2 ms. Memory: 149504K Free: 123057K (82%)
1 ms. Memory: 149504K Free: 122547K (82%)
1 ms. Memory: 149504K Free: 121523K (81%)
2 ms. Memory: 149504K Free: 120499K (81%)
1 ms. Memory: 149504K Free: 119985K (80%)
37 ms. Memory: 149504K Free: 119985K (80%)
----------------- Invoking toplevel() on ptolemy.moml.MoMLSimpleApplication@4bb423af
----------------- Done invoking toplevel() on ptolemy.moml.MoMLSimpleApplication@4bb423af
reloadAllAccessors: .ModelReference

===========================================================================================
----------------- testing Tue Jul 23 15:20:50 UTC 2019 /home/travis/build/icyphy/ptII/ptolemy/actor/lib/hoc/test/auto/ModelReference3.xml
----------------- Instantiating /home/travis/build/icyphy/ptII/ptolemy/actor/lib/hoc/test/auto/ModelReference3.xml
2 ms. Memory: 149504K Free: 115379K (77%)
5 ms. Memory: 149504K Free: 114817K (77%)
2 ms. Memory: 149504K Free: 113841K (76%)
4 ms. Memory: 149504K Free: 113331K (76%)
3 ms. Memory: 149504K Free: 112307K (75%)
2 ms. Memory: 149504K Free: 111283K (74%)
3 ms. Memory: 149504K Free: 110763K (74%)
2 ms. Memory: 149504K Free: 109745K (73%)
2 ms. Memory: 149504K Free: 109235K (73%)
1 ms. Memory: 149504K Free: 108211K (72%)
32 ms. Memory: 149504K Free: 108211K (72%)
----------------- Invoking toplevel() on ptolemy.moml.MoMLSimpleApplication@5d6400c3
----------------- Done invoking toplevel() on ptolemy.moml.MoMLSimpleApplication@5d6400c3
reloadAllAccessors: .ModelReference3

===========================================================================================
----------------- testing Tue Jul 23 15:20:50 UTC 2019 /home/travis/build/icyphy/ptII/ptolemy/actor/lib/hoc/test/auto/ModelReference4.xml
----------------- Instantiating /home/travis/build/icyphy/ptII/ptolemy/actor/lib/hoc/test/auto/ModelReference4.xml
2 ms. Memory: 149504K Free: 103587K (69%)
2 ms. Memory: 149504K Free: 102067K (68%)
3 ms. Memory: 149504K Free: 101043K (68%)
2 ms. Memory: 149504K Free: 99499K (67%)
2 ms. Memory: 149504K Free: 97971K (66%)
4 ms. Memory: 149504K Free: 96947K (65%)
5 ms. Memory: 149504K Free: 95403K (64%)
3 ms. Memory: 149504K Free: 94371K (63%)
3 ms. Memory: 149504K Free: 92851K (62%)
2 ms. Memory: 149504K Free: 91827K (61%)
10021 ms. Memory: 149504K Free: 91827K (61%)
----------------- Invoking toplevel() on ptolemy.moml.MoMLSimpleApplication@4a599f83
----------------- Done invoking toplevel() on ptolemy.moml.MoMLSimpleApplication@4a599f83
reloadAllAccessors: .ModelReference4

===========================================================================================
----------------- testing Tue Jul 23 15:21:00 UTC 2019 /home/travis/build/icyphy/ptII/ptolemy/actor/lib/hoc/test/auto/MultiInstanceComposite.xml
----------------- Instantiating /home/travis/build/icyphy/ptII/ptolemy/actor/lib/hoc/test/auto/MultiInstanceComposite.xml
28 ms. Memory: 149504K Free: 72881K (49%)
----------------- Invoking toplevel() on ptolemy.moml.MoMLSimpleApplication@231cac4d
----------------- Done invoking toplevel() on ptolemy.moml.MoMLSimpleApplication@231cac4d
reloadAllAccessors: .MultiInstanceComposite

===========================================================================================
----------------- testing Tue Jul 23 15:21:00 UTC 2019 /home/travis/build/icyphy/ptII/ptolemy/actor/lib/hoc/test/auto/MultiInstanceComposite2.xml
----------------- Instantiating /home/travis/build/icyphy/ptII/ptolemy/actor/lib/hoc/test/auto/MultiInstanceComposite2.xml
27 ms. Memory: 149504K Free: 61617K (41%)
----------------- Invoking toplevel() on ptolemy.moml.MoMLSimpleApplication@61f5b5fd
----------------- Done invoking toplevel() on ptolemy.moml.MoMLSimpleApplication@61f5b5fd
reloadAllAccessors: .MultiInstanceComposite2

===========================================================================================
----------------- testing Tue Jul 23 15:21:00 UTC 2019 /home/travis/build/icyphy/ptII/ptolemy/actor/lib/hoc/test/auto/MulticoreExecution.xml
----------------- Instantiating /home/travis/build/icyphy/ptII/ptolemy/actor/lib/hoc/test/auto/MulticoreExecution.xml
Fired ExecutionTime: 2400000
Fired ExecutionTime: 3600000
Fired ExecutionTime: 2800000
Fired ExecutionTime: 2800000
Fired ExecutionTime: 3200000
Fired ExecutionTime: 2400000
Fired ExecutionTime: 47200000
Fired ExecutionTime: 91600000
Fired ExecutionTime: 86400000
Fired ExecutionTime: 80400000
Fired ExecutionTime: 88800000
Fired ExecutionTime: 92400000
Fired ExecutionTime: 89200000
Fired ExecutionTime: 89200000
Fired ExecutionTime: 89200000
Fired ExecutionTime: 88800000
Fired ExecutionTime: 88400000
Fired ExecutionTime: 90000000
Fired ExecutionTime: 84000000
Fired ExecutionTime: 90800000
1091 ms. Memory: 149504K Free: 52401K (35%)
----------------- Invoking toplevel() on ptolemy.moml.MoMLSimpleApplication@33d1fe56
----------------- Done invoking toplevel() on ptolemy.moml.MoMLSimpleApplication@33d1fe56
reloadAllAccessors: .MulticoreExecution

===========================================================================================
----------------- testing Tue Jul 23 15:21:02 UTC 2019 /home/travis/build/icyphy/ptII/ptolemy/actor/lib/hoc/test/auto/ParallelExecution.xml
----------------- Instantiating /home/travis/build/icyphy/ptII/ptolemy/actor/lib/hoc/test/auto/ParallelExecution.xml
931 ms. Memory: 149504K Free: 131186K (88%)
----------------- Invoking toplevel() on ptolemy.moml.MoMLSimpleApplication@36b9cf3c
----------------- Done invoking toplevel() on ptolemy.moml.MoMLSimpleApplication@36b9cf3c
reloadAllAccessors: .ParallelExecution

===========================================================================================
----------------- testing Tue Jul 23 15:21:03 UTC 2019 /home/travis/build/icyphy/ptII/ptolemy/actor/lib/hoc/test/auto/RunCompositeActor.xml
----------------- Instantiating /home/travis/build/icyphy/ptII/ptolemy/actor/lib/hoc/test/auto/RunCompositeActor.xml
8 ms. Memory: 149504K Free: 123987K (83%)
----------------- Invoking toplevel() on ptolemy.moml.MoMLSimpleApplication@6f3e0e85
----------------- Done invoking toplevel() on ptolemy.moml.MoMLSimpleApplication@6f3e0e85
reloadAllAccessors: .RunCompositeActor

===========================================================================================
----------------- testing Tue Jul 23 15:21:03 UTC 2019 /home/travis/build/icyphy/ptII/ptolemy/actor/lib/hoc/test/auto/RunCompositeActor2.xml
----------------- Instantiating /home/travis/build/icyphy/ptII/ptolemy/actor/lib/hoc/test/auto/RunCompositeActor2.xml
8 ms. Memory: 149504K Free: 117843K (79%)
----------------- Invoking toplevel() on ptolemy.moml.MoMLSimpleApplication@23648118
----------------- Done invoking toplevel() on ptolemy.moml.MoMLSimpleApplication@23648118
reloadAllAccessors: .RunCompositeActor2

===========================================================================================
----------------- testing Tue Jul 23 15:21:03 UTC 2019 /home/travis/build/icyphy/ptII/ptolemy/actor/lib/hoc/test/auto/RunCompositeActor3.xml
----------------- Instantiating /home/travis/build/icyphy/ptII/ptolemy/actor/lib/hoc/test/auto/RunCompositeActor3.xml
4 ms. Memory: 149504K Free: 112724K (75%)
----------------- Invoking toplevel() on ptolemy.moml.MoMLSimpleApplication@668e3393
----------------- Done invoking toplevel() on ptolemy.moml.MoMLSimpleApplication@668e3393
reloadAllAccessors: .RunCompositeActor3

===========================================================================================
----------------- testing Tue Jul 23 15:21:03 UTC 2019 /home/travis/build/icyphy/ptII/ptolemy/actor/lib/hoc/test/auto/RunCompositeActor4.xml
----------------- Instantiating /home/travis/build/icyphy/ptII/ptolemy/actor/lib/hoc/test/auto/RunCompositeActor4.xml
12 ms. Memory: 149504K Free: 104524K (70%)
----------------- Invoking toplevel() on ptolemy.moml.MoMLSimpleApplication@783df4f8
----------------- Done invoking toplevel() on ptolemy.moml.MoMLSimpleApplication@783df4f8
reloadAllAccessors: .RunCompositeActor4

===========================================================================================
----------------- testing Tue Jul 23 15:21:03 UTC 2019 /home/travis/build/icyphy/ptII/ptolemy/actor/lib/hoc/test/auto/RunCompositeIterateOverArray.xml
----------------- Instantiating /home/travis/build/icyphy/ptII/ptolemy/actor/lib/hoc/test/auto/RunCompositeIterateOverArray.xml
9 ms. Memory: 149504K Free: 98848K (66%)
----------------- Invoking toplevel() on ptolemy.moml.MoMLSimpleApplication@741d8c31
----------------- Done invoking toplevel() on ptolemy.moml.MoMLSimpleApplication@741d8c31
reloadAllAccessors: .RunCompositeIterateOverArray

===========================================================================================
----------------- testing Tue Jul 23 15:21:03 UTC 2019 /home/travis/build/icyphy/ptII/ptolemy/actor/lib/hoc/test/auto/ThreadedJS.xml
----------------- Instantiating /home/travis/build/icyphy/ptII/ptolemy/actor/lib/hoc/test/auto/ThreadedJS.xml
5978 ms. Memory: 217088K Free: 127927K (59%)
----------------- Invoking toplevel() on ptolemy.moml.MoMLSimpleApplication@5f5177ff
----------------- Done invoking toplevel() on ptolemy.moml.MoMLSimpleApplication@5f5177ff
reloadAllAccessors: .ThreadedJS
AutoTests.java: About to close Vertx.
AutoTests.java: Vertx closed.
]]></system-out>
  <system-err><![CDATA[java.lang.RuntimeException: Execution failed
	at ptolemy.moml.MoMLSimpleApplication$UnloadThread.run(MoMLSimpleApplication.java:402)
Caused by: ptolemy.kernel.util.IllegalActionException: initialize() was called after wrapup() was called but preinitialize() was not called after wrapup().
	at ptolemy.actor.lib.hoc.test.PreinitializeMustBeInvoked.initialize(PreinitializeMustBeInvoked.java:78)
	at ptolemy.actor.Director.initialize(Director.java:938)
	at ptolemy.actor.Director.initialize(Director.java:907)
	at ptolemy.actor.sched.StaticSchedulingDirector.initialize(StaticSchedulingDirector.java:159)
	at ptolemy.domains.sdf.kernel.SDFDirector.initialize(SDFDirector.java:544)
	at ptolemy.actor.CompositeActor.initialize(CompositeActor.java:935)
	at ptolemy.actor.lib.hoc.LifeCycleManager._executeInsideModel(LifeCycleManager.java:339)
	at ptolemy.actor.lib.hoc.RunCompositeActor.fire(RunCompositeActor.java:205)
	at ptolemy.actor.CompositeActor.iterate(CompositeActor.java:1146)
	at ptolemy.actor.sched.StaticSchedulingDirector.fire(StaticSchedulingDirector.java:216)
	at ptolemy.domains.sdf.kernel.SDFDirector.fire(SDFDirector.java:500)
	at ptolemy.actor.CompositeActor.fire(CompositeActor.java:455)
	at ptolemy.actor.Manager.iterate(Manager.java:851)
	at ptolemy.actor.Manager.execute(Manager.java:369)
	at ptolemy.actor.Manager.run(Manager.java:1263)
	at ptolemy.actor.Manager$PtolemyRunThread.run(Manager.java:1933)
java.lang.reflect.InvocationTargetException
	at java.base/jdk.internal.reflect.NativeConstructorAccessorImpl.newInstance0(Native Method)
	at java.base/jdk.internal.reflect.NativeConstructorAccessorImpl.newInstance(NativeConstructorAccessorImpl.java:62)
	at java.base/jdk.internal.reflect.DelegatingConstructorAccessorImpl.newInstance(DelegatingConstructorAccessorImpl.java:45)
	at java.base/java.lang.reflect.Constructor.newInstance(Constructor.java:490)
	at ptolemy.util.test.junit.AutoKnownFailedTests.RunModel(AutoKnownFailedTests.java:105)
	at java.base/jdk.internal.reflect.NativeMethodAccessorImpl.invoke0(Native Method)
	at java.base/jdk.internal.reflect.NativeMethodAccessorImpl.invoke(NativeMethodAccessorImpl.java:62)
	at java.base/jdk.internal.reflect.DelegatingMethodAccessorImpl.invoke(DelegatingMethodAccessorImpl.java:43)
	at java.base/java.lang.reflect.Method.invoke(Method.java:566)
	at org.junit.runners.model.FrameworkMethod$1.runReflectiveCall(FrameworkMethod.java:44)
	at org.junit.internal.runners.model.ReflectiveCallable.run(ReflectiveCallable.java:15)
	at org.junit.runners.model.FrameworkMethod.invokeExplosively(FrameworkMethod.java:41)
	at junitparams.internal.InvokeParameterisedMethod.evaluate(InvokeParameterisedMethod.java:102)
	at org.junit.internal.runners.statements.FailOnTimeout$1.run(FailOnTimeout.java:28)
Caused by: ptolemy.kernel.util.IllegalActionException: initialize() was called after wrapup() was called but preinitialize() was not called after wrapup().
	at ptolemy.actor.lib.hoc.test.PreinitializeMustBeInvoked.initialize(PreinitializeMustBeInvoked.java:78)
	at ptolemy.actor.Director.initialize(Director.java:938)
	at ptolemy.actor.Director.initialize(Director.java:907)
	at ptolemy.actor.sched.StaticSchedulingDirector.initialize(StaticSchedulingDirector.java:159)
	at ptolemy.domains.sdf.kernel.SDFDirector.initialize(SDFDirector.java:544)
	at ptolemy.actor.CompositeActor.initialize(CompositeActor.java:935)
	at ptolemy.actor.lib.hoc.LifeCycleManager._executeInsideModel(LifeCycleManager.java:339)
	at ptolemy.actor.lib.hoc.RunCompositeActor.fire(RunCompositeActor.java:205)
	at ptolemy.actor.CompositeActor.iterate(CompositeActor.java:1146)
	at ptolemy.actor.sched.StaticSchedulingDirector.fire(StaticSchedulingDirector.java:216)
	at ptolemy.domains.sdf.kernel.SDFDirector.fire(SDFDirector.java:500)
	at ptolemy.actor.CompositeActor.fire(CompositeActor.java:455)
	at ptolemy.actor.Manager.iterate(Manager.java:851)
	at ptolemy.actor.Manager.execute(Manager.java:369)
	at ptolemy.actor.Manager.run(Manager.java:1263)
	at ptolemy.actor.Manager$PtolemyRunThread.run(Manager.java:1933)
Warning: Nashorn engine is planned to be removed from a future JDK release
Warning: Nashorn engine is planned to be removed from a future JDK release
Warning: Nashorn engine is planned to be removed from a future JDK release
Warning: Nashorn engine is planned to be removed from a future JDK release
Warning: Nashorn engine is planned to be removed from a future JDK release
Warning: Nashorn engine is planned to be removed from a future JDK release
Warning: Nashorn engine is planned to be removed from a future JDK release
Warning: Nashorn engine is planned to be removed from a future JDK release
]]></system-err>
</testsuite>
