<?xml version="1.0" encoding="UTF-8" ?>
<testsuite errors="0" failures="0" hostname="travis-job-c0643ec2-e302-4cfe-a75a-794916246662" name="ptolemy.domains.continuous.test.junit.JUnitTclTest" skipped="0" tests="155" time="71.06" timestamp="2018-06-15T22:27:46">
  <properties>
[...]
</properties>
  <testcase classname="ptolemy.util.test.junit.TclTests" name="[0] ThereAreNoTclTests (RunTclFile)" time="0.001" />
  <testcase classname="ptolemy.util.test.junit.AutoKnownFailedTests" name="[0] ThereAreNoKnowFailedTests (RunModel)" time="0.001" />
  <testcase classname="ptolemy.util.test.junit.AutoNameArchTests" name="[0] ThereAreNoAutoArchTests (RunModel)" time="0.002" />
  <testcase classname="ptolemy.util.test.junit.AutoTests" name="[0] /home/travis/build/icyphy/ptII/ptolemy/domains/continuous/test/auto/BouncingBall.xml (RunModel)" time="2.748" />
  <testcase classname="ptolemy.util.test.junit.AutoTests" name="[1] /home/travis/build/icyphy/ptII/ptolemy/domains/continuous/test/auto/BouncingBallWithoutGR.xml (RunModel)" time="0.881" />
  <testcase classname="ptolemy.util.test.junit.AutoTests" name="[2] /home/travis/build/icyphy/ptII/ptolemy/domains/continuous/test/auto/Brownian.xml (RunModel)" time="0.132" />
  <testcase classname="ptolemy.util.test.junit.AutoTests" name="[3] /home/travis/build/icyphy/ptII/ptolemy/domains/continuous/test/auto/CarTracking.xml (RunModel)" time="3.238" />
  <testcase classname="ptolemy.util.test.junit.AutoTests" name="[4] /home/travis/build/icyphy/ptII/ptolemy/domains/continuous/test/auto/CartPendulum.xml (RunModel)" time="0.53" />
  <testcase classname="ptolemy.util.test.junit.AutoTests" name="[5] /home/travis/build/icyphy/ptII/ptolemy/domains/continuous/test/auto/CausalityInterface10.xml (RunModel)" time="0.051" />
  <testcase classname="ptolemy.util.test.junit.AutoTests" name="[6] /home/travis/build/icyphy/ptII/ptolemy/domains/continuous/test/auto/CausalityInterface11.xml (RunModel)" time="0.04" />
  <testcase classname="ptolemy.util.test.junit.AutoTests" name="[7] /home/travis/build/icyphy/ptII/ptolemy/domains/continuous/test/auto/CausalityInterface12.xml (RunModel)" time="0.034" />
  <testcase classname="ptolemy.util.test.junit.AutoTests" name="[8] /home/travis/build/icyphy/ptII/ptolemy/domains/continuous/test/auto/CausalityInterface13.xml (RunModel)" time="0.031" />
  <testcase classname="ptolemy.util.test.junit.AutoTests" name="[9] /home/travis/build/icyphy/ptII/ptolemy/domains/continuous/test/auto/CausalityInterface14.xml (RunModel)" time="0.028" />
  <testcase classname="ptolemy.util.test.junit.AutoTests" name="[10] /home/travis/build/icyphy/ptII/ptolemy/domains/continuous/test/auto/CausalityInterface4.xml (RunModel)" time="0.038" />
  <testcase classname="ptolemy.util.test.junit.AutoTests" name="[11] /home/travis/build/icyphy/ptII/ptolemy/domains/continuous/test/auto/CausalityInterface5.xml (RunModel)" time="0.04" />
  <testcase classname="ptolemy.util.test.junit.AutoTests" name="[12] /home/travis/build/icyphy/ptII/ptolemy/domains/continuous/test/auto/CausalityInterface6.xml (RunModel)" time="0.025" />
  <testcase classname="ptolemy.util.test.junit.AutoTests" name="[13] /home/travis/build/icyphy/ptII/ptolemy/domains/continuous/test/auto/CausalityInterface7.xml (RunModel)" time="0.053" />
  <testcase classname="ptolemy.util.test.junit.AutoTests" name="[14] /home/travis/build/icyphy/ptII/ptolemy/domains/continuous/test/auto/CausalityInterface8.xml (RunModel)" time="0.05" />
  <testcase classname="ptolemy.util.test.junit.AutoTests" name="[15] /home/travis/build/icyphy/ptII/ptolemy/domains/continuous/test/auto/CausalityInterface9.xml (RunModel)" time="0.052" />
  <testcase classname="ptolemy.util.test.junit.AutoTests" name="[16] /home/travis/build/icyphy/ptII/ptolemy/domains/continuous/test/auto/CausalityInterfaceFeedback1.xml (RunModel)" time="0.033" />
  <testcase classname="ptolemy.util.test.junit.AutoTests" name="[17] /home/travis/build/icyphy/ptII/ptolemy/domains/continuous/test/auto/CausalityInterfaceFeedback2.xml (RunModel)" time="0.028" />
  <testcase classname="ptolemy.util.test.junit.AutoTests" name="[18] /home/travis/build/icyphy/ptII/ptolemy/domains/continuous/test/auto/CompareWithCurrentTime.xml (RunModel)" time="0.035" />
  <testcase classname="ptolemy.util.test.junit.AutoTests" name="[19] /home/travis/build/icyphy/ptII/ptolemy/domains/continuous/test/auto/ComparedClocks.xml (RunModel)" time="0.083" />
  <testcase classname="ptolemy.util.test.junit.AutoTests" name="[20] /home/travis/build/icyphy/ptII/ptolemy/domains/continuous/test/auto/ContinuousAOCClone.xml (RunModel)" time="2.535" />
  <testcase classname="ptolemy.util.test.junit.AutoTests" name="[21] /home/travis/build/icyphy/ptII/ptolemy/domains/continuous/test/auto/ContinuousClock.xml (RunModel)" time="0.112" />
  <testcase classname="ptolemy.util.test.junit.AutoTests" name="[22] /home/travis/build/icyphy/ptII/ptolemy/domains/continuous/test/auto/ContinuousInContinuous.xml (RunModel)" time="0.083" />
  <testcase classname="ptolemy.util.test.junit.AutoTests" name="[23] /home/travis/build/icyphy/ptII/ptolemy/domains/continuous/test/auto/ContinuousInContinuousInContinuous.xml (RunModel)" time="0.027" />
  <testcase classname="ptolemy.util.test.junit.AutoTests" name="[24] /home/travis/build/icyphy/ptII/ptolemy/domains/continuous/test/auto/ContinuousInDE.xml (RunModel)" time="0.142" />
  <testcase classname="ptolemy.util.test.junit.AutoTests" name="[25] /home/travis/build/icyphy/ptII/ptolemy/domains/continuous/test/auto/ContinuousInDE2.xml (RunModel)" time="0.059" />
  <testcase classname="ptolemy.util.test.junit.AutoTests" name="[26] /home/travis/build/icyphy/ptII/ptolemy/domains/continuous/test/auto/ContinuousInDE3.xml (RunModel)" time="0.059" />
  <testcase classname="ptolemy.util.test.junit.AutoTests" name="[27] /home/travis/build/icyphy/ptII/ptolemy/domains/continuous/test/auto/ContinuousInDE4.xml (RunModel)" time="0.029" />
  <testcase classname="ptolemy.util.test.junit.AutoTests" name="[28] /home/travis/build/icyphy/ptII/ptolemy/domains/continuous/test/auto/ContinuousInDEDifferentRefinements.xml (RunModel)" time="0.117" />
  <testcase classname="ptolemy.util.test.junit.AutoTests" name="[29] /home/travis/build/icyphy/ptII/ptolemy/domains/continuous/test/auto/ContinuousInDEDifferentRefinementsPreemptive.xml (RunModel)" time="0.087" />
  <testcase classname="ptolemy.util.test.junit.AutoTests" name="[30] /home/travis/build/icyphy/ptII/ptolemy/domains/continuous/test/auto/ContinuousInDEInContinuous2.xml (RunModel)" time="0.061" />
  <testcase classname="ptolemy.util.test.junit.AutoTests" name="[31] /home/travis/build/icyphy/ptII/ptolemy/domains/continuous/test/auto/ContinuousInDEInContinuous3.xml (RunModel)" time="0.065" />
  <testcase classname="ptolemy.util.test.junit.AutoTests" name="[32] /home/travis/build/icyphy/ptII/ptolemy/domains/continuous/test/auto/ContinuousInDEInput.xml (RunModel)" time="0.037" />
  <testcase classname="ptolemy.util.test.junit.AutoTests" name="[33] /home/travis/build/icyphy/ptII/ptolemy/domains/continuous/test/auto/ContinuousInDEInput2.xml (RunModel)" time="0.035" />
  <testcase classname="ptolemy.util.test.junit.AutoTests" name="[34] /home/travis/build/icyphy/ptII/ptolemy/domains/continuous/test/auto/ContinuousInDEInput3.xml (RunModel)" time="0.032" />
  <testcase classname="ptolemy.util.test.junit.AutoTests" name="[35] /home/travis/build/icyphy/ptII/ptolemy/domains/continuous/test/auto/ContinuousInDESharingRefinement.xml (RunModel)" time="0.164" />
  <testcase classname="ptolemy.util.test.junit.AutoTests" name="[36] /home/travis/build/icyphy/ptII/ptolemy/domains/continuous/test/auto/ContinuousInDEwithNoPorts.xml (RunModel)" time="0.017" />
  <testcase classname="ptolemy.util.test.junit.AutoTests" name="[37] /home/travis/build/icyphy/ptII/ptolemy/domains/continuous/test/auto/ContinuousInsideDE.xml (RunModel)" time="0.082" />
  <testcase classname="ptolemy.util.test.junit.AutoTests" name="[38] /home/travis/build/icyphy/ptII/ptolemy/domains/continuous/test/auto/ContinuousMerge1.xml (RunModel)" time="0.025" />
  <testcase classname="ptolemy.util.test.junit.AutoTests" name="[39] /home/travis/build/icyphy/ptII/ptolemy/domains/continuous/test/auto/ContinuousMerge2.xml (RunModel)" time="0.048" />
  <testcase classname="ptolemy.util.test.junit.AutoTests" name="[40] /home/travis/build/icyphy/ptII/ptolemy/domains/continuous/test/auto/ContinuousMerge3.xml (RunModel)" time="0.069" />
  <testcase classname="ptolemy.util.test.junit.AutoTests" name="[41] /home/travis/build/icyphy/ptII/ptolemy/domains/continuous/test/auto/ContinuousWithinContinuous.xml (RunModel)" time="0.064" />
  <testcase classname="ptolemy.util.test.junit.AutoTests" name="[42] /home/travis/build/icyphy/ptII/ptolemy/domains/continuous/test/auto/ContinuousWithinContinuous2.xml (RunModel)" time="0.087" />
  <testcase classname="ptolemy.util.test.junit.AutoTests" name="[43] /home/travis/build/icyphy/ptII/ptolemy/domains/continuous/test/auto/ContinuousWithinContinuous3.xml (RunModel)" time="0.031" />
  <testcase classname="ptolemy.util.test.junit.AutoTests" name="[44] /home/travis/build/icyphy/ptII/ptolemy/domains/continuous/test/auto/ContinuousWithinContinuous4.xml (RunModel)" time="0.092" />
  <testcase classname="ptolemy.util.test.junit.AutoTests" name="[45] /home/travis/build/icyphy/ptII/ptolemy/domains/continuous/test/auto/ContinuousWithinContinuous5.xml (RunModel)" time="0.035" />
  <testcase classname="ptolemy.util.test.junit.AutoTests" name="[46] /home/travis/build/icyphy/ptII/ptolemy/domains/continuous/test/auto/ContinuousWithinContinuous6.xml (RunModel)" time="0.028" />
  <testcase classname="ptolemy.util.test.junit.AutoTests" name="[47] /home/travis/build/icyphy/ptII/ptolemy/domains/continuous/test/auto/ContinuousWithinContinuous7.xml (RunModel)" time="0.073" />
  <testcase classname="ptolemy.util.test.junit.AutoTests" name="[48] /home/travis/build/icyphy/ptII/ptolemy/domains/continuous/test/auto/DCMotor.xml (RunModel)" time="14.09" />
  <testcase classname="ptolemy.util.test.junit.AutoTests" name="[49] /home/travis/build/icyphy/ptII/ptolemy/domains/continuous/test/auto/DEInContinuous.xml (RunModel)" time="0.019" />
  <testcase classname="ptolemy.util.test.junit.AutoTests" name="[50] /home/travis/build/icyphy/ptII/ptolemy/domains/continuous/test/auto/DEinContinuous2.xml (RunModel)" time="0.031" />
  <testcase classname="ptolemy.util.test.junit.AutoTests" name="[51] /home/travis/build/icyphy/ptII/ptolemy/domains/continuous/test/auto/Derivative.xml (RunModel)" time="0.244" />
  <testcase classname="ptolemy.util.test.junit.AutoTests" name="[52] /home/travis/build/icyphy/ptII/ptolemy/domains/continuous/test/auto/Derivative1.xml (RunModel)" time="0.059" />
  <testcase classname="ptolemy.util.test.junit.AutoTests" name="[53] /home/travis/build/icyphy/ptII/ptolemy/domains/continuous/test/auto/DiscreteClock.xml (RunModel)" time="0.016" />
  <testcase classname="ptolemy.util.test.junit.AutoTests" name="[54] /home/travis/build/icyphy/ptII/ptolemy/domains/continuous/test/auto/EfficiencyCurve.xml (RunModel)" time="0.09" />
  <testcase classname="ptolemy.util.test.junit.AutoTests" name="[55] /home/travis/build/icyphy/ptII/ptolemy/domains/continuous/test/auto/ExponentialResponse.xml (RunModel)" time="0.123" />
  <testcase classname="ptolemy.util.test.junit.AutoTests" name="[56] /home/travis/build/icyphy/ptII/ptolemy/domains/continuous/test/auto/ExponentialResponseRK45.xml (RunModel)" time="0.035" />
  <testcase classname="ptolemy.util.test.junit.AutoTests" name="[57] /home/travis/build/icyphy/ptII/ptolemy/domains/continuous/test/auto/Friction.xml (RunModel)" time="1.45" />
  <testcase classname="ptolemy.util.test.junit.AutoTests" name="[58] /home/travis/build/icyphy/ptII/ptolemy/domains/continuous/test/auto/FurutaPendulum.xml (RunModel)" time="3.278" />
  <testcase classname="ptolemy.util.test.junit.AutoTests" name="[59] /home/travis/build/icyphy/ptII/ptolemy/domains/continuous/test/auto/HierarchicalExecution.xml (RunModel)" time="1.897" />
  <testcase classname="ptolemy.util.test.junit.AutoTests" name="[60] /home/travis/build/icyphy/ptII/ptolemy/domains/continuous/test/auto/HybridPlant.xml (RunModel)" time="0.54" />
  <testcase classname="ptolemy.util.test.junit.AutoTests" name="[61] /home/travis/build/icyphy/ptII/ptolemy/domains/continuous/test/auto/Hysteresis.xml (RunModel)" time="0.159" />
  <testcase classname="ptolemy.util.test.junit.AutoTests" name="[62] /home/travis/build/icyphy/ptII/ptolemy/domains/continuous/test/auto/HysteresisWithRandomDelay.xml (RunModel)" time="0.202" />
  <testcase classname="ptolemy.util.test.junit.AutoTests" name="[63] /home/travis/build/icyphy/ptII/ptolemy/domains/continuous/test/auto/HysteresisWithRandomLosses.xml (RunModel)" time="2.205" />
  <testcase classname="ptolemy.util.test.junit.AutoTests" name="[64] /home/travis/build/icyphy/ptII/ptolemy/domains/continuous/test/auto/ImmediateTransitions.xml (RunModel)" time="0.032" />
  <testcase classname="ptolemy.util.test.junit.AutoTests" name="[65] /home/travis/build/icyphy/ptII/ptolemy/domains/continuous/test/auto/ImpulseFeedback.xml (RunModel)" time="0.036" />
  <testcase classname="ptolemy.util.test.junit.AutoTests" name="[66] /home/travis/build/icyphy/ptII/ptolemy/domains/continuous/test/auto/ImpulseFeedback2.xml (RunModel)" time="0.016" />
  <testcase classname="ptolemy.util.test.junit.AutoTests" name="[67] /home/travis/build/icyphy/ptII/ptolemy/domains/continuous/test/auto/IncreasingRatePoisson.xml (RunModel)" time="0.635" />
  <testcase classname="ptolemy.util.test.junit.AutoTests" name="[68] /home/travis/build/icyphy/ptII/ptolemy/domains/continuous/test/auto/InitialStateFeedback.xml (RunModel)" time="0.019" />
  <testcase classname="ptolemy.util.test.junit.AutoTests" name="[69] /home/travis/build/icyphy/ptII/ptolemy/domains/continuous/test/auto/Integration.xml (RunModel)" time="0.015" />
  <testcase classname="ptolemy.util.test.junit.AutoTests" name="[70] /home/travis/build/icyphy/ptII/ptolemy/domains/continuous/test/auto/Integration2.xml (RunModel)" time="0.093" />
  <testcase classname="ptolemy.util.test.junit.AutoTests" name="[71] /home/travis/build/icyphy/ptII/ptolemy/domains/continuous/test/auto/Integration3.xml (RunModel)" time="0.012" />
  <testcase classname="ptolemy.util.test.junit.AutoTests" name="[72] /home/travis/build/icyphy/ptII/ptolemy/domains/continuous/test/auto/Integration5.xml (RunModel)" time="0.022" />
  <testcase classname="ptolemy.util.test.junit.AutoTests" name="[73] /home/travis/build/icyphy/ptII/ptolemy/domains/continuous/test/auto/IntegratorImpulse.xml (RunModel)" time="0.011" />
  <testcase classname="ptolemy.util.test.junit.AutoTests" name="[74] /home/travis/build/icyphy/ptII/ptolemy/domains/continuous/test/auto/IntegratorImpulse2.xml (RunModel)" time="0.012" />
  <testcase classname="ptolemy.util.test.junit.AutoTests" name="[75] /home/travis/build/icyphy/ptII/ptolemy/domains/continuous/test/auto/LevelCrossing1.xml (RunModel)" time="0.012" />
  <testcase classname="ptolemy.util.test.junit.AutoTests" name="[76] /home/travis/build/icyphy/ptII/ptolemy/domains/continuous/test/auto/LevelCrossing2.xml (RunModel)" time="0.015" />
  <testcase classname="ptolemy.util.test.junit.AutoTests" name="[77] /home/travis/build/icyphy/ptII/ptolemy/domains/continuous/test/auto/LevelCrossing3.xml (RunModel)" time="0.016" />
  <testcase classname="ptolemy.util.test.junit.AutoTests" name="[78] /home/travis/build/icyphy/ptII/ptolemy/domains/continuous/test/auto/LevelCrossing4.xml (RunModel)" time="0.013" />
  <testcase classname="ptolemy.util.test.junit.AutoTests" name="[79] /home/travis/build/icyphy/ptII/ptolemy/domains/continuous/test/auto/LevelCrossing5.xml (RunModel)" time="0.013" />
  <testcase classname="ptolemy.util.test.junit.AutoTests" name="[80] /home/travis/build/icyphy/ptII/ptolemy/domains/continuous/test/auto/LevelCrossing6.xml (RunModel)" time="0.013" />
  <testcase classname="ptolemy.util.test.junit.AutoTests" name="[81] /home/travis/build/icyphy/ptII/ptolemy/domains/continuous/test/auto/LevelCrossingDetector.xml (RunModel)" time="0.039" />
  <testcase classname="ptolemy.util.test.junit.AutoTests" name="[82] /home/travis/build/icyphy/ptII/ptolemy/domains/continuous/test/auto/LevelCrossingDetectorDetectingDirections.xml (RunModel)" time="0.088" />
  <testcase classname="ptolemy.util.test.junit.AutoTests" name="[83] /home/travis/build/icyphy/ptII/ptolemy/domains/continuous/test/auto/LevelCrossingDetectorDetectsGlitches.xml (RunModel)" time="0.068" />
  <testcase classname="ptolemy.util.test.junit.AutoTests" name="[84] /home/travis/build/icyphy/ptII/ptolemy/domains/continuous/test/auto/LevelCrossingNoInitialOuput.xml (RunModel)" time="0.013" />
  <testcase classname="ptolemy.util.test.junit.AutoTests" name="[85] /home/travis/build/icyphy/ptII/ptolemy/domains/continuous/test/auto/LinearStateSpaceExample.xml (RunModel)" time="0.067" />
  <testcase classname="ptolemy.util.test.junit.AutoTests" name="[86] /home/travis/build/icyphy/ptII/ptolemy/domains/continuous/test/auto/Lorenz.xml (RunModel)" time="4.134" />
  <testcase classname="ptolemy.util.test.junit.AutoTests" name="[87] /home/travis/build/icyphy/ptII/ptolemy/domains/continuous/test/auto/LorenzDifferentialSystem.xml (RunModel)" time="1.048" />
  <testcase classname="ptolemy.util.test.junit.AutoTests" name="[88] /home/travis/build/icyphy/ptII/ptolemy/domains/continuous/test/auto/LorenzDifferentialSystemWithInput.xml (RunModel)" time="1.324" />
  <testcase classname="ptolemy.util.test.junit.AutoTests" name="[89] /home/travis/build/icyphy/ptII/ptolemy/domains/continuous/test/auto/LorenzDifferentialSystemWithTime.xml (RunModel)" time="0.799" />
  <testcase classname="ptolemy.util.test.junit.AutoTests" name="[90] /home/travis/build/icyphy/ptII/ptolemy/domains/continuous/test/auto/Microsteps.xml (RunModel)" time="0.032" />
  <testcase classname="ptolemy.util.test.junit.AutoTests" name="[91] /home/travis/build/icyphy/ptII/ptolemy/domains/continuous/test/auto/Modal1.xml (RunModel)" time="0.032" />
  <testcase classname="ptolemy.util.test.junit.AutoTests" name="[92] /home/travis/build/icyphy/ptII/ptolemy/domains/continuous/test/auto/Modal2.xml (RunModel)" time="0.037" />
  <testcase classname="ptolemy.util.test.junit.AutoTests" name="[93] /home/travis/build/icyphy/ptII/ptolemy/domains/continuous/test/auto/ModalTransitionGuardWithReset.xml (RunModel)" time="0.036" />
  <testcase classname="ptolemy.util.test.junit.AutoTests" name="[94] /home/travis/build/icyphy/ptII/ptolemy/domains/continuous/test/auto/ModalTransitionGuardWithResetUsingPreemptiveTransition.xml (RunModel)" time="0.024" />
  <testcase classname="ptolemy.util.test.junit.AutoTests" name="[95] /home/travis/build/icyphy/ptII/ptolemy/domains/continuous/test/auto/ModalTransitionGuardWithResetUsingPreemptiveTransition2.xml (RunModel)" time="0.047" />
  <testcase classname="ptolemy.util.test.junit.AutoTests" name="[96] /home/travis/build/icyphy/ptII/ptolemy/domains/continuous/test/auto/ModalTransitionGuardWithResetUsingPreemptiveTransition3.xml (RunModel)" time="0.024" />
  <testcase classname="ptolemy.util.test.junit.AutoTests" name="[97] /home/travis/build/icyphy/ptII/ptolemy/domains/continuous/test/auto/NewtonsCradle.xml (RunModel)" time="0.692" />
  <testcase classname="ptolemy.util.test.junit.AutoTests" name="[98] /home/travis/build/icyphy/ptII/ptolemy/domains/continuous/test/auto/NewtonsCradleAnimated.xml (RunModel)" time="1.201" />
  <testcase classname="ptolemy.util.test.junit.AutoTests" name="[99] /home/travis/build/icyphy/ptII/ptolemy/domains/continuous/test/auto/NewtonsCradleComplicated.xml (RunModel)" time="0.837" />
  <testcase classname="ptolemy.util.test.junit.AutoTests" name="[100] /home/travis/build/icyphy/ptII/ptolemy/domains/continuous/test/auto/NewtonsCradleNondeterministic.xml (RunModel)" time="0.651" />
  <testcase classname="ptolemy.util.test.junit.AutoTests" name="[101] /home/travis/build/icyphy/ptII/ptolemy/domains/continuous/test/auto/NewtonsCradlePerfectlyInelastic1.xml (RunModel)" time="1.199" />
  <testcase classname="ptolemy.util.test.junit.AutoTests" name="[102] /home/travis/build/icyphy/ptII/ptolemy/domains/continuous/test/auto/Noise.xml (RunModel)" time="0.17" />
  <testcase classname="ptolemy.util.test.junit.AutoTests" name="[103] /home/travis/build/icyphy/ptII/ptolemy/domains/continuous/test/auto/NoiseSpectrum.xml (RunModel)" time="0.802" />
  <testcase classname="ptolemy.util.test.junit.AutoTests" name="[104] /home/travis/build/icyphy/ptII/ptolemy/domains/continuous/test/auto/ParameterizedNewtonsCradleAnimated.xml (RunModel)" time="0.351" />
  <testcase classname="ptolemy.util.test.junit.AutoTests" name="[105] /home/travis/build/icyphy/ptII/ptolemy/domains/continuous/test/auto/ParameterizedNewtonsCradleAnimatedNondeterministic.xml (RunModel)" time="1.107" />
  <testcase classname="ptolemy.util.test.junit.AutoTests" name="[106] /home/travis/build/icyphy/ptII/ptolemy/domains/continuous/test/auto/Pendulum3D.xml (RunModel)" time="0.167" />
  <testcase classname="ptolemy.util.test.junit.AutoTests" name="[107] /home/travis/build/icyphy/ptII/ptolemy/domains/continuous/test/auto/PeriodicSampler.xml (RunModel)" time="0.009" />
  <testcase classname="ptolemy.util.test.junit.AutoTests" name="[108] /home/travis/build/icyphy/ptII/ptolemy/domains/continuous/test/auto/PeriodicSampler1.xml (RunModel)" time="0.043" />
  <testcase classname="ptolemy.util.test.junit.AutoTests" name="[109] /home/travis/build/icyphy/ptII/ptolemy/domains/continuous/test/auto/PeriodicSampler2.xml (RunModel)" time="0.069" />
  <testcase classname="ptolemy.util.test.junit.AutoTests" name="[110] /home/travis/build/icyphy/ptII/ptolemy/domains/continuous/test/auto/Poisson.xml (RunModel)" time="0.391" />
  <testcase classname="ptolemy.util.test.junit.AutoTests" name="[111] /home/travis/build/icyphy/ptII/ptolemy/domains/continuous/test/auto/PoissonClock.xml (RunModel)" time="0.012" />
  <testcase classname="ptolemy.util.test.junit.AutoTests" name="[112] /home/travis/build/icyphy/ptII/ptolemy/domains/continuous/test/auto/PoissonClock2.xml (RunModel)" time="0.012" />
  <testcase classname="ptolemy.util.test.junit.AutoTests" name="[113] /home/travis/build/icyphy/ptII/ptolemy/domains/continuous/test/auto/PortParameterHierarchy.xml (RunModel)" time="0.018" />
  <testcase classname="ptolemy.util.test.junit.AutoTests" name="[114] /home/travis/build/icyphy/ptII/ptolemy/domains/continuous/test/auto/RandomHybridPlant.xml (RunModel)" time="0.543" />
  <testcase classname="ptolemy.util.test.junit.AutoTests" name="[115] /home/travis/build/icyphy/ptII/ptolemy/domains/continuous/test/auto/ResetTransitionWithStartTime1.xml (RunModel)" time="0.041" />
  <testcase classname="ptolemy.util.test.junit.AutoTests" name="[116] /home/travis/build/icyphy/ptII/ptolemy/domains/continuous/test/auto/ResetTransitionWithStartTime2.xml (RunModel)" time="0.041" />
  <testcase classname="ptolemy.util.test.junit.AutoTests" name="[117] /home/travis/build/icyphy/ptII/ptolemy/domains/continuous/test/auto/ResetTransitionWithStartTime3.xml (RunModel)" time="0.038" />
  <testcase classname="ptolemy.util.test.junit.AutoTests" name="[118] /home/travis/build/icyphy/ptII/ptolemy/domains/continuous/test/auto/ResetTransitionWithStartTime4.xml (RunModel)" time="0.03" />
  <testcase classname="ptolemy.util.test.junit.AutoTests" name="[119] /home/travis/build/icyphy/ptII/ptolemy/domains/continuous/test/auto/ResetTransitionWithStartTime5.xml (RunModel)" time="0.033" />
  <testcase classname="ptolemy.util.test.junit.AutoTests" name="[120] /home/travis/build/icyphy/ptII/ptolemy/domains/continuous/test/auto/ResetTransitionWithStartTime6.xml (RunModel)" time="0.03" />
  <testcase classname="ptolemy.util.test.junit.AutoTests" name="[121] /home/travis/build/icyphy/ptII/ptolemy/domains/continuous/test/auto/SRinContinuous.xml (RunModel)" time="0.022" />
  <testcase classname="ptolemy.util.test.junit.AutoTests" name="[122] /home/travis/build/icyphy/ptII/ptolemy/domains/continuous/test/auto/SampledClocks.xml (RunModel)" time="0.026" />
  <testcase classname="ptolemy.util.test.junit.AutoTests" name="[123] /home/travis/build/icyphy/ptII/ptolemy/domains/continuous/test/auto/Satellite.xml (RunModel)" time="0.813" />
  <testcase classname="ptolemy.util.test.junit.AutoTests" name="[124] /home/travis/build/icyphy/ptII/ptolemy/domains/continuous/test/auto/SigmaDelta.xml (RunModel)" time="2.266" />
  <testcase classname="ptolemy.util.test.junit.AutoTests" name="[125] /home/travis/build/icyphy/ptII/ptolemy/domains/continuous/test/auto/SinuBouncingBall.xml (RunModel)" time="0.847" />
  <testcase classname="ptolemy.util.test.junit.AutoTests" name="[126] /home/travis/build/icyphy/ptII/ptolemy/domains/continuous/test/auto/Sinusoid.xml (RunModel)" time="0.013" />
  <testcase classname="ptolemy.util.test.junit.AutoTests" name="[127] /home/travis/build/icyphy/ptII/ptolemy/domains/continuous/test/auto/SinusoidInNoise.xml (RunModel)" time="0.839" />
  <testcase classname="ptolemy.util.test.junit.AutoTests" name="[128] /home/travis/build/icyphy/ptII/ptolemy/domains/continuous/test/auto/SinusoidRK45.xml (RunModel)" time="0.01" />
  <testcase classname="ptolemy.util.test.junit.AutoTests" name="[129] /home/travis/build/icyphy/ptII/ptolemy/domains/continuous/test/auto/SinusoidWithMultipleImpulses.xml (RunModel)" time="0.017" />
  <testcase classname="ptolemy.util.test.junit.AutoTests" name="[130] /home/travis/build/icyphy/ptII/ptolemy/domains/continuous/test/auto/SquareWave.xml (RunModel)" time="0.181" />
  <testcase classname="ptolemy.util.test.junit.AutoTests" name="[131] /home/travis/build/icyphy/ptII/ptolemy/domains/continuous/test/auto/Starmac.xml (RunModel)" time="3.413" />
  <testcase classname="ptolemy.util.test.junit.AutoTests" name="[132] /home/travis/build/icyphy/ptII/ptolemy/domains/continuous/test/auto/StaticUnits.xml (RunModel)" time="2.344" />
  <testcase classname="ptolemy.util.test.junit.AutoTests" name="[133] /home/travis/build/icyphy/ptII/ptolemy/domains/continuous/test/auto/StickyMasses.xml (RunModel)" time="0.17" />
  <testcase classname="ptolemy.util.test.junit.AutoTests" name="[134] /home/travis/build/icyphy/ptII/ptolemy/domains/continuous/test/auto/StopTime.xml (RunModel)" time="0.061" />
  <testcase classname="ptolemy.util.test.junit.AutoTests" name="[135] /home/travis/build/icyphy/ptII/ptolemy/domains/continuous/test/auto/StopTime2.xml (RunModel)" time="0.058" />
  <testcase classname="ptolemy.util.test.junit.AutoTests" name="[136] /home/travis/build/icyphy/ptII/ptolemy/domains/continuous/test/auto/Switch.xml (RunModel)" time="0.058" />
  <testcase classname="ptolemy.util.test.junit.AutoTests" name="[137] /home/travis/build/icyphy/ptII/ptolemy/domains/continuous/test/auto/Thermostat.xml (RunModel)" time="0.177" />
  <testcase classname="ptolemy.util.test.junit.AutoTests" name="[138] /home/travis/build/icyphy/ptII/ptolemy/domains/continuous/test/auto/TimeDelay.xml (RunModel)" time="0.013" />
  <testcase classname="ptolemy.util.test.junit.AutoTests" name="[139] /home/travis/build/icyphy/ptII/ptolemy/domains/continuous/test/auto/TimeDelay2.xml (RunModel)" time="0.016" />
  <testcase classname="ptolemy.util.test.junit.AutoTests" name="[140] /home/travis/build/icyphy/ptII/ptolemy/domains/continuous/test/auto/TimeDelay3.xml (RunModel)" time="0.01" />
  <testcase classname="ptolemy.util.test.junit.AutoTests" name="[141] /home/travis/build/icyphy/ptII/ptolemy/domains/continuous/test/auto/TransferAbsentToInside.xml (RunModel)" time="0.098" />
  <testcase classname="ptolemy.util.test.junit.AutoTests" name="[142] /home/travis/build/icyphy/ptII/ptolemy/domains/continuous/test/auto/Transmission.xml (RunModel)" time="0.739" />
  <testcase classname="ptolemy.util.test.junit.AutoTests" name="[143] /home/travis/build/icyphy/ptII/ptolemy/domains/continuous/test/auto/TriggeredContinuousClock.xml (RunModel)" time="0.09" />
  <testcase classname="ptolemy.util.test.junit.AutoTests" name="[144] /home/travis/build/icyphy/ptII/ptolemy/domains/continuous/test/auto/TwoMachineInfiniteBusControl.xml (RunModel)" time="2.813" />
  <testcase classname="ptolemy.util.test.junit.AutoTests" name="[145] /home/travis/build/icyphy/ptII/ptolemy/domains/continuous/test/auto/V2V.xml (RunModel)" time="0.711" />
  <testcase classname="ptolemy.util.test.junit.AutoTests" name="[146] /home/travis/build/icyphy/ptII/ptolemy/domains/continuous/test/auto/hierarchicalModalModel.xml (RunModel)" time="0.031" />
  <testcase classname="ptolemy.util.test.junit.AutoTests" name="[147] /home/travis/build/icyphy/ptII/ptolemy/domains/continuous/test/auto/hierarchicalModalModel1.xml (RunModel)" time="0.038" />
  <testcase classname="ptolemy.util.test.junit.AutoTests" name="[148] /home/travis/build/icyphy/ptII/ptolemy/domains/continuous/test/auto/hierarchicalModalModel2.xml (RunModel)" time="0.028" />
  <testcase classname="ptolemy.util.test.junit.AutoTests" name="[149] /home/travis/build/icyphy/ptII/ptolemy/domains/continuous/test/auto/hierarchicalModalModel3.xml (RunModel)" time="0.024" />
  <testcase classname="ptolemy.util.test.junit.AutoTests" name="[150] /home/travis/build/icyphy/ptII/ptolemy/domains/continuous/test/auto/hierarchicalModalModel4.xml (RunModel)" time="0.031" />
  <testcase classname="ptolemy.util.test.junit.AutoTests" name="[151] /home/travis/build/icyphy/ptII/ptolemy/domains/continuous/test/auto/junk.xml (RunModel)" time="0.131" />
  <system-out><![CDATA[No tcl tests in /home/travis/build/icyphy/ptII/ptolemy/domains/continuous/test
No auto/knownFailedTests/*.xml tests in /home/travis/build/icyphy/ptII/ptolemy/domains/continuous/test
No auto/linux-amd64/*.xml tests in /home/travis/build/icyphy/ptII/ptolemy/domains/continuous/test
AutoTests.java: About to close Vertx.
AutoTests.java: Vertx closed.

===========================================================================================
----------------- testing Fri Jun 15 22:27:47 UTC 2018 /home/travis/build/icyphy/ptII/ptolemy/domains/continuous/test/auto/BouncingBall.xml
----------------- Instantiating /home/travis/build/icyphy/ptII/ptolemy/domains/continuous/test/auto/BouncingBall.xml
2211 ms. Memory: 331776K Free: 259570K (78%)
----------------- Invoking toplevel() on ptolemy.moml.MoMLSimpleApplication@206eae6a
----------------- Done invoking toplevel() on ptolemy.moml.MoMLSimpleApplication@206eae6a
reloadAllAccessors: .BouncingBall

===========================================================================================
----------------- testing Fri Jun 15 22:27:50 UTC 2018 /home/travis/build/icyphy/ptII/ptolemy/domains/continuous/test/auto/BouncingBallWithoutGR.xml
----------------- Instantiating /home/travis/build/icyphy/ptII/ptolemy/domains/continuous/test/auto/BouncingBallWithoutGR.xml
720 ms. Memory: 331776K Free: 318225K (96%)
----------------- Invoking toplevel() on ptolemy.moml.MoMLSimpleApplication@1db98a60
----------------- Done invoking toplevel() on ptolemy.moml.MoMLSimpleApplication@1db98a60
reloadAllAccessors: .BouncingBallWithoutGR

===========================================================================================
----------------- testing Fri Jun 15 22:27:51 UTC 2018 /home/travis/build/icyphy/ptII/ptolemy/domains/continuous/test/auto/Brownian.xml
----------------- Instantiating /home/travis/build/icyphy/ptII/ptolemy/domains/continuous/test/auto/Brownian.xml
43 ms. Memory: 331776K Free: 304544K (92%)
----------------- Invoking toplevel() on ptolemy.moml.MoMLSimpleApplication@2a3005c7
----------------- Done invoking toplevel() on ptolemy.moml.MoMLSimpleApplication@2a3005c7
reloadAllAccessors: .Brownian

===========================================================================================
----------------- testing Fri Jun 15 22:27:51 UTC 2018 /home/travis/build/icyphy/ptII/ptolemy/domains/continuous/test/auto/CarTracking.xml
----------------- Instantiating /home/travis/build/icyphy/ptII/ptolemy/domains/continuous/test/auto/CarTracking.xml
2848 ms. Memory: 578048K Free: 465239K (80%)
----------------- Invoking toplevel() on ptolemy.moml.MoMLSimpleApplication@1577a3b3
----------------- Done invoking toplevel() on ptolemy.moml.MoMLSimpleApplication@1577a3b3
reloadAllAccessors: .CarTracking

===========================================================================================
----------------- testing Fri Jun 15 22:27:54 UTC 2018 /home/travis/build/icyphy/ptII/ptolemy/domains/continuous/test/auto/CartPendulum.xml
----------------- Instantiating /home/travis/build/icyphy/ptII/ptolemy/domains/continuous/test/auto/CartPendulum.xml
401 ms. Memory: 578048K Free: 357208K (62%)
----------------- Invoking toplevel() on ptolemy.moml.MoMLSimpleApplication@6c8f8748
----------------- Done invoking toplevel() on ptolemy.moml.MoMLSimpleApplication@6c8f8748
reloadAllAccessors: .CartPendulum

===========================================================================================
----------------- testing Fri Jun 15 22:27:54 UTC 2018 /home/travis/build/icyphy/ptII/ptolemy/domains/continuous/test/auto/CausalityInterface10.xml
----------------- Instantiating /home/travis/build/icyphy/ptII/ptolemy/domains/continuous/test/auto/CausalityInterface10.xml
17 ms. Memory: 578048K Free: 344085K (60%)
----------------- Invoking toplevel() on ptolemy.moml.MoMLSimpleApplication@46b69d49
----------------- Done invoking toplevel() on ptolemy.moml.MoMLSimpleApplication@46b69d49
reloadAllAccessors: .CausalityInterface10

===========================================================================================
----------------- testing Fri Jun 15 22:27:54 UTC 2018 /home/travis/build/icyphy/ptII/ptolemy/domains/continuous/test/auto/CausalityInterface11.xml
----------------- Instantiating /home/travis/build/icyphy/ptII/ptolemy/domains/continuous/test/auto/CausalityInterface11.xml
12 ms. Memory: 578048K Free: 334254K (58%)
----------------- Invoking toplevel() on ptolemy.moml.MoMLSimpleApplication@4c891399
----------------- Done invoking toplevel() on ptolemy.moml.MoMLSimpleApplication@4c891399
reloadAllAccessors: .CausalityInterface11

===========================================================================================
----------------- testing Fri Jun 15 22:27:54 UTC 2018 /home/travis/build/icyphy/ptII/ptolemy/domains/continuous/test/auto/CausalityInterface12.xml
----------------- Instantiating /home/travis/build/icyphy/ptII/ptolemy/domains/continuous/test/auto/CausalityInterface12.xml
4 ms. Memory: 578048K Free: 324408K (56%)
----------------- Invoking toplevel() on ptolemy.moml.MoMLSimpleApplication@43771bac
----------------- Done invoking toplevel() on ptolemy.moml.MoMLSimpleApplication@43771bac
reloadAllAccessors: .CausalityInterface12

===========================================================================================
----------------- testing Fri Jun 15 22:27:55 UTC 2018 /home/travis/build/icyphy/ptII/ptolemy/domains/continuous/test/auto/CausalityInterface13.xml
----------------- Instantiating /home/travis/build/icyphy/ptII/ptolemy/domains/continuous/test/auto/CausalityInterface13.xml
7 ms. Memory: 578048K Free: 311365K (54%)
----------------- Invoking toplevel() on ptolemy.moml.MoMLSimpleApplication@4b6493d1
----------------- Done invoking toplevel() on ptolemy.moml.MoMLSimpleApplication@4b6493d1
reloadAllAccessors: .CausalityInterface13

===========================================================================================
----------------- testing Fri Jun 15 22:27:55 UTC 2018 /home/travis/build/icyphy/ptII/ptolemy/domains/continuous/test/auto/CausalityInterface14.xml
----------------- Instantiating /home/travis/build/icyphy/ptII/ptolemy/domains/continuous/test/auto/CausalityInterface14.xml
5 ms. Memory: 578048K Free: 301535K (52%)
----------------- Invoking toplevel() on ptolemy.moml.MoMLSimpleApplication@230e255
----------------- Done invoking toplevel() on ptolemy.moml.MoMLSimpleApplication@230e255
reloadAllAccessors: .CausalityInterface14

===========================================================================================
----------------- testing Fri Jun 15 22:27:55 UTC 2018 /home/travis/build/icyphy/ptII/ptolemy/domains/continuous/test/auto/CausalityInterface4.xml
----------------- Instantiating /home/travis/build/icyphy/ptII/ptolemy/domains/continuous/test/auto/CausalityInterface4.xml
7 ms. Memory: 578048K Free: 291688K (50%)
----------------- Invoking toplevel() on ptolemy.moml.MoMLSimpleApplication@237cd06a
----------------- Done invoking toplevel() on ptolemy.moml.MoMLSimpleApplication@237cd06a
reloadAllAccessors: .CausalityInterface4

===========================================================================================
----------------- testing Fri Jun 15 22:27:55 UTC 2018 /home/travis/build/icyphy/ptII/ptolemy/domains/continuous/test/auto/CausalityInterface5.xml
----------------- Instantiating /home/travis/build/icyphy/ptII/ptolemy/domains/continuous/test/auto/CausalityInterface5.xml
8 ms. Memory: 578048K Free: 278565K (48%)
----------------- Invoking toplevel() on ptolemy.moml.MoMLSimpleApplication@194f92e3
----------------- Done invoking toplevel() on ptolemy.moml.MoMLSimpleApplication@194f92e3
reloadAllAccessors: .CausalityInterface5

===========================================================================================
----------------- testing Fri Jun 15 22:27:55 UTC 2018 /home/travis/build/icyphy/ptII/ptolemy/domains/continuous/test/auto/CausalityInterface6.xml
----------------- Instantiating /home/travis/build/icyphy/ptII/ptolemy/domains/continuous/test/auto/CausalityInterface6.xml
3 ms. Memory: 578048K Free: 265539K (46%)
----------------- Invoking toplevel() on ptolemy.moml.MoMLSimpleApplication@19be338
----------------- Done invoking toplevel() on ptolemy.moml.MoMLSimpleApplication@19be338
reloadAllAccessors: .CausalityInterface6

===========================================================================================
----------------- testing Fri Jun 15 22:27:55 UTC 2018 /home/travis/build/icyphy/ptII/ptolemy/domains/continuous/test/auto/CausalityInterface7.xml
----------------- Instantiating /home/travis/build/icyphy/ptII/ptolemy/domains/continuous/test/auto/CausalityInterface7.xml
18 ms. Memory: 578048K Free: 252423K (44%)
----------------- Invoking toplevel() on ptolemy.moml.MoMLSimpleApplication@52b81b68
----------------- Done invoking toplevel() on ptolemy.moml.MoMLSimpleApplication@52b81b68
reloadAllAccessors: .CausalityInterface7

===========================================================================================
----------------- testing Fri Jun 15 22:27:55 UTC 2018 /home/travis/build/icyphy/ptII/ptolemy/domains/continuous/test/auto/CausalityInterface8.xml
----------------- Instantiating /home/travis/build/icyphy/ptII/ptolemy/domains/continuous/test/auto/CausalityInterface8.xml
3 ms. Memory: 578048K Free: 229486K (40%)
----------------- Invoking toplevel() on ptolemy.moml.MoMLSimpleApplication@d7b0ff
----------------- Done invoking toplevel() on ptolemy.moml.MoMLSimpleApplication@d7b0ff
reloadAllAccessors: .CausalityInterface8

===========================================================================================
----------------- testing Fri Jun 15 22:27:55 UTC 2018 /home/travis/build/icyphy/ptII/ptolemy/domains/continuous/test/auto/CausalityInterface9.xml
----------------- Instantiating /home/travis/build/icyphy/ptII/ptolemy/domains/continuous/test/auto/CausalityInterface9.xml
10 ms. Memory: 578048K Free: 213069K (37%)
----------------- Invoking toplevel() on ptolemy.moml.MoMLSimpleApplication@663cdba8
----------------- Done invoking toplevel() on ptolemy.moml.MoMLSimpleApplication@663cdba8
reloadAllAccessors: .CausalityInterface9

===========================================================================================
----------------- testing Fri Jun 15 22:27:55 UTC 2018 /home/travis/build/icyphy/ptII/ptolemy/domains/continuous/test/auto/CausalityInterfaceFeedback1.xml
----------------- Instantiating /home/travis/build/icyphy/ptII/ptolemy/domains/continuous/test/auto/CausalityInterfaceFeedback1.xml
5 ms. Memory: 578048K Free: 200027K (35%)
----------------- Invoking toplevel() on ptolemy.moml.MoMLSimpleApplication@48148dc0
----------------- Done invoking toplevel() on ptolemy.moml.MoMLSimpleApplication@48148dc0
reloadAllAccessors: .CausalityInterfaceFeedback1

===========================================================================================
----------------- testing Fri Jun 15 22:27:55 UTC 2018 /home/travis/build/icyphy/ptII/ptolemy/domains/continuous/test/auto/CausalityInterfaceFeedback2.xml
----------------- Instantiating /home/travis/build/icyphy/ptII/ptolemy/domains/continuous/test/auto/CausalityInterfaceFeedback2.xml
3 ms. Memory: 578048K Free: 190181K (33%)
----------------- Invoking toplevel() on ptolemy.moml.MoMLSimpleApplication@5f933736
----------------- Done invoking toplevel() on ptolemy.moml.MoMLSimpleApplication@5f933736
reloadAllAccessors: .CausalityInterfaceFeedback2

===========================================================================================
----------------- testing Fri Jun 15 22:27:55 UTC 2018 /home/travis/build/icyphy/ptII/ptolemy/domains/continuous/test/auto/CompareWithCurrentTime.xml
----------------- Instantiating /home/travis/build/icyphy/ptII/ptolemy/domains/continuous/test/auto/CompareWithCurrentTime.xml
10 ms. Memory: 578048K Free: 183627K (32%)
----------------- Invoking toplevel() on ptolemy.moml.MoMLSimpleApplication@6a37c77a
----------------- Done invoking toplevel() on ptolemy.moml.MoMLSimpleApplication@6a37c77a
reloadAllAccessors: .CompareWithCurrentTime

===========================================================================================
----------------- testing Fri Jun 15 22:27:55 UTC 2018 /home/travis/build/icyphy/ptII/ptolemy/domains/continuous/test/auto/ComparedClocks.xml
----------------- Instantiating /home/travis/build/icyphy/ptII/ptolemy/domains/continuous/test/auto/ComparedClocks.xml
7 ms. Memory: 578048K Free: 163934K (28%)
----------------- Invoking toplevel() on ptolemy.moml.MoMLSimpleApplication@5e725df3
----------------- Done invoking toplevel() on ptolemy.moml.MoMLSimpleApplication@5e725df3
reloadAllAccessors: .ComparedClocks

===========================================================================================
----------------- testing Fri Jun 15 22:27:55 UTC 2018 /home/travis/build/icyphy/ptII/ptolemy/domains/continuous/test/auto/ContinuousAOCClone.xml
----------------- Instantiating /home/travis/build/icyphy/ptII/ptolemy/domains/continuous/test/auto/ContinuousAOCClone.xml
2321 ms. Memory: 872448K Free: 439650K (50%)
----------------- Invoking toplevel() on ptolemy.moml.MoMLSimpleApplication@c576182
----------------- Done invoking toplevel() on ptolemy.moml.MoMLSimpleApplication@c576182
reloadAllAccessors: .ContinuousAOCClone

===========================================================================================
----------------- testing Fri Jun 15 22:27:58 UTC 2018 /home/travis/build/icyphy/ptII/ptolemy/domains/continuous/test/auto/ContinuousClock.xml
----------------- Instantiating /home/travis/build/icyphy/ptII/ptolemy/domains/continuous/test/auto/ContinuousClock.xml
31 ms. Memory: 872448K Free: 405090K (46%)
----------------- Invoking toplevel() on ptolemy.moml.MoMLSimpleApplication@5013809c
----------------- Done invoking toplevel() on ptolemy.moml.MoMLSimpleApplication@5013809c
reloadAllAccessors: .ContinuousClock

===========================================================================================
----------------- testing Fri Jun 15 22:27:58 UTC 2018 /home/travis/build/icyphy/ptII/ptolemy/domains/continuous/test/auto/ContinuousInContinuous.xml
----------------- Instantiating /home/travis/build/icyphy/ptII/ptolemy/domains/continuous/test/auto/ContinuousInContinuous.xml
36 ms. Memory: 872448K Free: 377519K (43%)
----------------- Invoking toplevel() on ptolemy.moml.MoMLSimpleApplication@588a8b07
----------------- Done invoking toplevel() on ptolemy.moml.MoMLSimpleApplication@588a8b07
reloadAllAccessors: .ContinuousInContinuous

===========================================================================================
----------------- testing Fri Jun 15 22:27:58 UTC 2018 /home/travis/build/icyphy/ptII/ptolemy/domains/continuous/test/auto/ContinuousInContinuousInContinuous.xml
----------------- Instantiating /home/travis/build/icyphy/ptII/ptolemy/domains/continuous/test/auto/ContinuousInContinuousInContinuous.xml
7 ms. Memory: 872448K Free: 365722K (42%)
----------------- Invoking toplevel() on ptolemy.moml.MoMLSimpleApplication@7d3500a8
----------------- Done invoking toplevel() on ptolemy.moml.MoMLSimpleApplication@7d3500a8
reloadAllAccessors: .ContinuousInContinuousInContinuous

===========================================================================================
----------------- testing Fri Jun 15 22:27:58 UTC 2018 /home/travis/build/icyphy/ptII/ptolemy/domains/continuous/test/auto/ContinuousInDE.xml
----------------- Instantiating /home/travis/build/icyphy/ptII/ptolemy/domains/continuous/test/auto/ContinuousInDE.xml
117 ms. Memory: 872448K Free: 349987K (40%)
----------------- Invoking toplevel() on ptolemy.moml.MoMLSimpleApplication@1695bab9
----------------- Done invoking toplevel() on ptolemy.moml.MoMLSimpleApplication@1695bab9
reloadAllAccessors: .ContinuousInDE

===========================================================================================
----------------- testing Fri Jun 15 22:27:58 UTC 2018 /home/travis/build/icyphy/ptII/ptolemy/domains/continuous/test/auto/ContinuousInDE2.xml
----------------- Instantiating /home/travis/build/icyphy/ptII/ptolemy/domains/continuous/test/auto/ContinuousInDE2.xml
39 ms. Memory: 872448K Free: 330789K (38%)
----------------- Invoking toplevel() on ptolemy.moml.MoMLSimpleApplication@15063921
----------------- Done invoking toplevel() on ptolemy.moml.MoMLSimpleApplication@15063921
reloadAllAccessors: .ContinuousInDE2

===========================================================================================
----------------- testing Fri Jun 15 22:27:58 UTC 2018 /home/travis/build/icyphy/ptII/ptolemy/domains/continuous/test/auto/ContinuousInDE3.xml
----------------- Instantiating /home/travis/build/icyphy/ptII/ptolemy/domains/continuous/test/auto/ContinuousInDE3.xml
37 ms. Memory: 872448K Free: 315054K (36%)
----------------- Invoking toplevel() on ptolemy.moml.MoMLSimpleApplication@fecd1c5
----------------- Done invoking toplevel() on ptolemy.moml.MoMLSimpleApplication@fecd1c5
reloadAllAccessors: .ContinuousInDE3

===========================================================================================
----------------- testing Fri Jun 15 22:27:58 UTC 2018 /home/travis/build/icyphy/ptII/ptolemy/domains/continuous/test/auto/ContinuousInDE4.xml
----------------- Instantiating /home/travis/build/icyphy/ptII/ptolemy/domains/continuous/test/auto/ContinuousInDE4.xml
15 ms. Memory: 872448K Free: 303249K (35%)
----------------- Invoking toplevel() on ptolemy.moml.MoMLSimpleApplication@69ae676
----------------- Done invoking toplevel() on ptolemy.moml.MoMLSimpleApplication@69ae676
reloadAllAccessors: .ContinuousInDE4

===========================================================================================
----------------- testing Fri Jun 15 22:27:58 UTC 2018 /home/travis/build/icyphy/ptII/ptolemy/domains/continuous/test/auto/ContinuousInDEDifferentRefinements.xml
----------------- Instantiating /home/travis/build/icyphy/ptII/ptolemy/domains/continuous/test/auto/ContinuousInDEDifferentRefinements.xml
58 ms. Memory: 872448K Free: 267827K (31%)
----------------- Invoking toplevel() on ptolemy.moml.MoMLSimpleApplication@419b0e46
----------------- Done invoking toplevel() on ptolemy.moml.MoMLSimpleApplication@419b0e46
reloadAllAccessors: .ContinuousInDEDifferentRefinements

===========================================================================================
----------------- testing Fri Jun 15 22:27:58 UTC 2018 /home/travis/build/icyphy/ptII/ptolemy/domains/continuous/test/auto/ContinuousInDEDifferentRefinementsPreemptive.xml
----------------- Instantiating /home/travis/build/icyphy/ptII/ptolemy/domains/continuous/test/auto/ContinuousInDEDifferentRefinementsPreemptive.xml
41 ms. Memory: 872448K Free: 228955K (26%)
----------------- Invoking toplevel() on ptolemy.moml.MoMLSimpleApplication@77fc25ac
----------------- Done invoking toplevel() on ptolemy.moml.MoMLSimpleApplication@77fc25ac
reloadAllAccessors: .ContinuousInDEDifferentRefinementsPreemptive

===========================================================================================
----------------- testing Fri Jun 15 22:27:58 UTC 2018 /home/travis/build/icyphy/ptII/ptolemy/domains/continuous/test/auto/ContinuousInDEInContinuous2.xml
----------------- Instantiating /home/travis/build/icyphy/ptII/ptolemy/domains/continuous/test/auto/ContinuousInDEInContinuous2.xml
34 ms. Memory: 872448K Free: 209290K (24%)
----------------- Invoking toplevel() on ptolemy.moml.MoMLSimpleApplication@36b66460
----------------- Done invoking toplevel() on ptolemy.moml.MoMLSimpleApplication@36b66460
reloadAllAccessors: .ContinuousInDEInContinuous2

===========================================================================================
----------------- testing Fri Jun 15 22:27:58 UTC 2018 /home/travis/build/icyphy/ptII/ptolemy/domains/continuous/test/auto/ContinuousInDEInContinuous3.xml
----------------- Instantiating /home/travis/build/icyphy/ptII/ptolemy/domains/continuous/test/auto/ContinuousInDEInContinuous3.xml
39 ms. Memory: 872448K Free: 189610K (22%)
----------------- Invoking toplevel() on ptolemy.moml.MoMLSimpleApplication@49e1085f
----------------- Done invoking toplevel() on ptolemy.moml.MoMLSimpleApplication@49e1085f
reloadAllAccessors: .ContinuousInDEInContinuous3

===========================================================================================
----------------- testing Fri Jun 15 22:27:58 UTC 2018 /home/travis/build/icyphy/ptII/ptolemy/domains/continuous/test/auto/ContinuousInDEInput.xml
----------------- Instantiating /home/travis/build/icyphy/ptII/ptolemy/domains/continuous/test/auto/ContinuousInDEInput.xml
15 ms. Memory: 872448K Free: 177813K (20%)
----------------- Invoking toplevel() on ptolemy.moml.MoMLSimpleApplication@7582f0f9
----------------- Done invoking toplevel() on ptolemy.moml.MoMLSimpleApplication@7582f0f9
reloadAllAccessors: .ContinuousInDEInput

===========================================================================================
----------------- testing Fri Jun 15 22:27:58 UTC 2018 /home/travis/build/icyphy/ptII/ptolemy/domains/continuous/test/auto/ContinuousInDEInput2.xml
----------------- Instantiating /home/travis/build/icyphy/ptII/ptolemy/domains/continuous/test/auto/ContinuousInDEInput2.xml
20 ms. Memory: 872448K Free: 166008K (19%)
----------------- Invoking toplevel() on ptolemy.moml.MoMLSimpleApplication@5cdbd1a9
----------------- Done invoking toplevel() on ptolemy.moml.MoMLSimpleApplication@5cdbd1a9
reloadAllAccessors: .ContinuousInDEInput2

===========================================================================================
----------------- testing Fri Jun 15 22:27:59 UTC 2018 /home/travis/build/icyphy/ptII/ptolemy/domains/continuous/test/auto/ContinuousInDEInput3.xml
----------------- Instantiating /home/travis/build/icyphy/ptII/ptolemy/domains/continuous/test/auto/ContinuousInDEInput3.xml
13 ms. Memory: 872448K Free: 150739K (17%)
----------------- Invoking toplevel() on ptolemy.moml.MoMLSimpleApplication@1ec0bb05
----------------- Done invoking toplevel() on ptolemy.moml.MoMLSimpleApplication@1ec0bb05
reloadAllAccessors: .ContinuousInDEInput3

===========================================================================================
----------------- testing Fri Jun 15 22:27:59 UTC 2018 /home/travis/build/icyphy/ptII/ptolemy/domains/continuous/test/auto/ContinuousInDESharingRefinement.xml
----------------- Instantiating /home/travis/build/icyphy/ptII/ptolemy/domains/continuous/test/auto/ContinuousInDESharingRefinement.xml
136 ms. Memory: 829952K Free: 794765K (96%)
----------------- Invoking toplevel() on ptolemy.moml.MoMLSimpleApplication@6873a74c
----------------- Done invoking toplevel() on ptolemy.moml.MoMLSimpleApplication@6873a74c
reloadAllAccessors: .ContinuousInDESharingRefinement

===========================================================================================
----------------- testing Fri Jun 15 22:27:59 UTC 2018 /home/travis/build/icyphy/ptII/ptolemy/domains/continuous/test/auto/ContinuousInDEwithNoPorts.xml
----------------- Instantiating /home/travis/build/icyphy/ptII/ptolemy/domains/continuous/test/auto/ContinuousInDEwithNoPorts.xml
4 ms. Memory: 829952K Free: 783117K (94%)
----------------- Invoking toplevel() on ptolemy.moml.MoMLSimpleApplication@1b833db5
----------------- Done invoking toplevel() on ptolemy.moml.MoMLSimpleApplication@1b833db5
reloadAllAccessors: .ContinuousInDEwithNoPorts

===========================================================================================
----------------- testing Fri Jun 15 22:27:59 UTC 2018 /home/travis/build/icyphy/ptII/ptolemy/domains/continuous/test/auto/ContinuousInsideDE.xml
----------------- Instantiating /home/travis/build/icyphy/ptII/ptolemy/domains/continuous/test/auto/ContinuousInsideDE.xml
48 ms. Memory: 829952K Free: 764396K (92%)
----------------- Invoking toplevel() on ptolemy.moml.MoMLSimpleApplication@72c94622
----------------- Done invoking toplevel() on ptolemy.moml.MoMLSimpleApplication@72c94622
reloadAllAccessors: .ContinuousInsideDE

===========================================================================================
----------------- testing Fri Jun 15 22:27:59 UTC 2018 /home/travis/build/icyphy/ptII/ptolemy/domains/continuous/test/auto/ContinuousMerge1.xml
----------------- Instantiating /home/travis/build/icyphy/ptII/ptolemy/domains/continuous/test/auto/ContinuousMerge1.xml
2 ms. Memory: 829952K Free: 754694K (91%)
----------------- Invoking toplevel() on ptolemy.moml.MoMLSimpleApplication@44bd38e8
----------------- Done invoking toplevel() on ptolemy.moml.MoMLSimpleApplication@44bd38e8
reloadAllAccessors: .ContinuousMerge1

===========================================================================================
----------------- testing Fri Jun 15 22:27:59 UTC 2018 /home/travis/build/icyphy/ptII/ptolemy/domains/continuous/test/auto/ContinuousMerge2.xml
----------------- Instantiating /home/travis/build/icyphy/ptII/ptolemy/domains/continuous/test/auto/ContinuousMerge2.xml
14 ms. Memory: 829952K Free: 739567K (89%)
----------------- Invoking toplevel() on ptolemy.moml.MoMLSimpleApplication@483743d2
----------------- Done invoking toplevel() on ptolemy.moml.MoMLSimpleApplication@483743d2
reloadAllAccessors: .ContinuousMerge2

===========================================================================================
----------------- testing Fri Jun 15 22:27:59 UTC 2018 /home/travis/build/icyphy/ptII/ptolemy/domains/continuous/test/auto/ContinuousMerge3.xml
----------------- Instantiating /home/travis/build/icyphy/ptII/ptolemy/domains/continuous/test/auto/ContinuousMerge3.xml
42 ms. Memory: 829952K Free: 724580K (87%)
----------------- Invoking toplevel() on ptolemy.moml.MoMLSimpleApplication@3f0c1ddd
----------------- Done invoking toplevel() on ptolemy.moml.MoMLSimpleApplication@3f0c1ddd
reloadAllAccessors: .ContinuousMerge3

===========================================================================================
----------------- testing Fri Jun 15 22:27:59 UTC 2018 /home/travis/build/icyphy/ptII/ptolemy/domains/continuous/test/auto/ContinuousWithinContinuous.xml
----------------- Instantiating /home/travis/build/icyphy/ptII/ptolemy/domains/continuous/test/auto/ContinuousWithinContinuous.xml
42 ms. Memory: 829952K Free: 707377K (85%)
----------------- Invoking toplevel() on ptolemy.moml.MoMLSimpleApplication@68810504
----------------- Done invoking toplevel() on ptolemy.moml.MoMLSimpleApplication@68810504
reloadAllAccessors: .ContinuousWithinContinuous

===========================================================================================
----------------- testing Fri Jun 15 22:27:59 UTC 2018 /home/travis/build/icyphy/ptII/ptolemy/domains/continuous/test/auto/ContinuousWithinContinuous2.xml
----------------- Instantiating /home/travis/build/icyphy/ptII/ptolemy/domains/continuous/test/auto/ContinuousWithinContinuous2.xml
72 ms. Memory: 829952K Free: 692406K (83%)
----------------- Invoking toplevel() on ptolemy.moml.MoMLSimpleApplication@78ed151f
----------------- Done invoking toplevel() on ptolemy.moml.MoMLSimpleApplication@78ed151f
reloadAllAccessors: .ContinuousWithinContinuous2

===========================================================================================
----------------- testing Fri Jun 15 22:27:59 UTC 2018 /home/travis/build/icyphy/ptII/ptolemy/domains/continuous/test/auto/ContinuousWithinContinuous3.xml
----------------- Instantiating /home/travis/build/icyphy/ptII/ptolemy/domains/continuous/test/auto/ContinuousWithinContinuous3.xml
13 ms. Memory: 829952K Free: 681162K (82%)
----------------- Invoking toplevel() on ptolemy.moml.MoMLSimpleApplication@62239e13
----------------- Done invoking toplevel() on ptolemy.moml.MoMLSimpleApplication@62239e13
reloadAllAccessors: .ContinuousWithinContinuous3

===========================================================================================
----------------- testing Fri Jun 15 22:27:59 UTC 2018 /home/travis/build/icyphy/ptII/ptolemy/domains/continuous/test/auto/ContinuousWithinContinuous4.xml
----------------- Instantiating /home/travis/build/icyphy/ptII/ptolemy/domains/continuous/test/auto/ContinuousWithinContinuous4.xml
78 ms. Memory: 829952K Free: 660215K (80%)
----------------- Invoking toplevel() on ptolemy.moml.MoMLSimpleApplication@4c99cc56
----------------- Done invoking toplevel() on ptolemy.moml.MoMLSimpleApplication@4c99cc56
reloadAllAccessors: .ContinuousWithinContinuous4

===========================================================================================
----------------- testing Fri Jun 15 22:27:59 UTC 2018 /home/travis/build/icyphy/ptII/ptolemy/domains/continuous/test/auto/ContinuousWithinContinuous5.xml
----------------- Instantiating /home/travis/build/icyphy/ptII/ptolemy/domains/continuous/test/auto/ContinuousWithinContinuous5.xml
13 ms. Memory: 829952K Free: 648971K (78%)
----------------- Invoking toplevel() on ptolemy.moml.MoMLSimpleApplication@52362ceb
----------------- Done invoking toplevel() on ptolemy.moml.MoMLSimpleApplication@52362ceb
reloadAllAccessors: .ContinuousWithinContinuous5

===========================================================================================
----------------- testing Fri Jun 15 22:27:59 UTC 2018 /home/travis/build/icyphy/ptII/ptolemy/domains/continuous/test/auto/ContinuousWithinContinuous6.xml
----------------- Instantiating /home/travis/build/icyphy/ptII/ptolemy/domains/continuous/test/auto/ContinuousWithinContinuous6.xml
12 ms. Memory: 829952K Free: 635511K (77%)
----------------- Invoking toplevel() on ptolemy.moml.MoMLSimpleApplication@33adb9a2
----------------- Done invoking toplevel() on ptolemy.moml.MoMLSimpleApplication@33adb9a2
reloadAllAccessors: .ContinuousWithinContinuous6

===========================================================================================
----------------- testing Fri Jun 15 22:27:59 UTC 2018 /home/travis/build/icyphy/ptII/ptolemy/domains/continuous/test/auto/ContinuousWithinContinuous7.xml
----------------- Instantiating /home/travis/build/icyphy/ptII/ptolemy/domains/continuous/test/auto/ContinuousWithinContinuous7.xml
57 ms. Memory: 829952K Free: 620540K (75%)
----------------- Invoking toplevel() on ptolemy.moml.MoMLSimpleApplication@46807d58
----------------- Done invoking toplevel() on ptolemy.moml.MoMLSimpleApplication@46807d58
reloadAllAccessors: .ContinuousWithinContinuous7

===========================================================================================
----------------- testing Fri Jun 15 22:27:59 UTC 2018 /home/travis/build/icyphy/ptII/ptolemy/domains/continuous/test/auto/DCMotor.xml
----------------- Instantiating /home/travis/build/icyphy/ptII/ptolemy/domains/continuous/test/auto/DCMotor.xml
14000 ms. Memory: 668160K Free: 495199K (74%)
----------------- Invoking toplevel() on ptolemy.moml.MoMLSimpleApplication@50f41a6d
----------------- Done invoking toplevel() on ptolemy.moml.MoMLSimpleApplication@50f41a6d
reloadAllAccessors: .DCMotor

===========================================================================================
----------------- testing Fri Jun 15 22:28:14 UTC 2018 /home/travis/build/icyphy/ptII/ptolemy/domains/continuous/test/auto/DEInContinuous.xml
----------------- Instantiating /home/travis/build/icyphy/ptII/ptolemy/domains/continuous/test/auto/DEInContinuous.xml
7 ms. Memory: 668160K Free: 480576K (72%)
----------------- Invoking toplevel() on ptolemy.moml.MoMLSimpleApplication@6d426da7
----------------- Done invoking toplevel() on ptolemy.moml.MoMLSimpleApplication@6d426da7
reloadAllAccessors: .DEInContinuous

===========================================================================================
----------------- testing Fri Jun 15 22:28:14 UTC 2018 /home/travis/build/icyphy/ptII/ptolemy/domains/continuous/test/auto/DEinContinuous2.xml
----------------- Instantiating /home/travis/build/icyphy/ptII/ptolemy/domains/continuous/test/auto/DEinContinuous2.xml
8 ms. Memory: 668160K Free: 461771K (69%)
----------------- Invoking toplevel() on ptolemy.moml.MoMLSimpleApplication@9ee7d0
----------------- Done invoking toplevel() on ptolemy.moml.MoMLSimpleApplication@9ee7d0
reloadAllAccessors: .DEinContinuous2

===========================================================================================
----------------- testing Fri Jun 15 22:28:14 UTC 2018 /home/travis/build/icyphy/ptII/ptolemy/domains/continuous/test/auto/Derivative.xml
----------------- Instantiating /home/travis/build/icyphy/ptII/ptolemy/domains/continuous/test/auto/Derivative.xml
182 ms. Memory: 668160K Free: 419452K (63%)
----------------- Invoking toplevel() on ptolemy.moml.MoMLSimpleApplication@5c831fe6
----------------- Done invoking toplevel() on ptolemy.moml.MoMLSimpleApplication@5c831fe6
reloadAllAccessors: .Derivative2

===========================================================================================
----------------- testing Fri Jun 15 22:28:14 UTC 2018 /home/travis/build/icyphy/ptII/ptolemy/domains/continuous/test/auto/Derivative1.xml
----------------- Instantiating /home/travis/build/icyphy/ptII/ptolemy/domains/continuous/test/auto/Derivative1.xml
20 ms. Memory: 668160K Free: 401842K (60%)
----------------- Invoking toplevel() on ptolemy.moml.MoMLSimpleApplication@1c5b4f55
----------------- Done invoking toplevel() on ptolemy.moml.MoMLSimpleApplication@1c5b4f55
reloadAllAccessors: .Derivative1

===========================================================================================
----------------- testing Fri Jun 15 22:28:14 UTC 2018 /home/travis/build/icyphy/ptII/ptolemy/domains/continuous/test/auto/DiscreteClock.xml
----------------- Instantiating /home/travis/build/icyphy/ptII/ptolemy/domains/continuous/test/auto/DiscreteClock.xml
6 ms. Memory: 668160K Free: 388921K (58%)
----------------- Invoking toplevel() on ptolemy.moml.MoMLSimpleApplication@1a348ba8
----------------- Done invoking toplevel() on ptolemy.moml.MoMLSimpleApplication@1a348ba8
reloadAllAccessors: .DiscreteClock

===========================================================================================
----------------- testing Fri Jun 15 22:28:14 UTC 2018 /home/travis/build/icyphy/ptII/ptolemy/domains/continuous/test/auto/EfficiencyCurve.xml
----------------- Instantiating /home/travis/build/icyphy/ptII/ptolemy/domains/continuous/test/auto/EfficiencyCurve.xml
64 ms. Memory: 668160K Free: 375999K (56%)
----------------- Invoking toplevel() on ptolemy.moml.MoMLSimpleApplication@3ffd67ab
----------------- Done invoking toplevel() on ptolemy.moml.MoMLSimpleApplication@3ffd67ab
reloadAllAccessors: .EfficiencyCurve

===========================================================================================
----------------- testing Fri Jun 15 22:28:14 UTC 2018 /home/travis/build/icyphy/ptII/ptolemy/domains/continuous/test/auto/ExponentialResponse.xml
----------------- Instantiating /home/travis/build/icyphy/ptII/ptolemy/domains/continuous/test/auto/ExponentialResponse.xml
102 ms. Memory: 668160K Free: 352529K (53%)
----------------- Invoking toplevel() on ptolemy.moml.MoMLSimpleApplication@5a2afed8
----------------- Done invoking toplevel() on ptolemy.moml.MoMLSimpleApplication@5a2afed8
reloadAllAccessors: .ExponentialResponse

===========================================================================================
----------------- testing Fri Jun 15 22:28:14 UTC 2018 /home/travis/build/icyphy/ptII/ptolemy/domains/continuous/test/auto/ExponentialResponseRK45.xml
----------------- Instantiating /home/travis/build/icyphy/ptII/ptolemy/domains/continuous/test/auto/ExponentialResponseRK45.xml
26 ms. Memory: 668160K Free: 339608K (51%)
----------------- Invoking toplevel() on ptolemy.moml.MoMLSimpleApplication@233c2555
----------------- Done invoking toplevel() on ptolemy.moml.MoMLSimpleApplication@233c2555
reloadAllAccessors: .ExponentialResponseRK45

===========================================================================================
----------------- testing Fri Jun 15 22:28:14 UTC 2018 /home/travis/build/icyphy/ptII/ptolemy/domains/continuous/test/auto/Friction.xml
----------------- Instantiating /home/travis/build/icyphy/ptII/ptolemy/domains/continuous/test/auto/Friction.xml
1354 ms. Memory: 647168K Free: 451187K (70%)
----------------- Invoking toplevel() on ptolemy.moml.MoMLSimpleApplication@6ed89b7b
----------------- Done invoking toplevel() on ptolemy.moml.MoMLSimpleApplication@6ed89b7b
reloadAllAccessors: .Friction

===========================================================================================
----------------- testing Fri Jun 15 22:28:16 UTC 2018 /home/travis/build/icyphy/ptII/ptolemy/domains/continuous/test/auto/FurutaPendulum.xml
----------------- Instantiating /home/travis/build/icyphy/ptII/ptolemy/domains/continuous/test/auto/FurutaPendulum.xml
3118 ms. Memory: 617472K Free: 472237K (76%)
----------------- Invoking toplevel() on ptolemy.moml.MoMLSimpleApplication@d8d6dc1
----------------- Done invoking toplevel() on ptolemy.moml.MoMLSimpleApplication@d8d6dc1
reloadAllAccessors: .FurutaPendulum

===========================================================================================
----------------- testing Fri Jun 15 22:28:19 UTC 2018 /home/travis/build/icyphy/ptII/ptolemy/domains/continuous/test/auto/HierarchicalExecution.xml
----------------- Instantiating /home/travis/build/icyphy/ptII/ptolemy/domains/continuous/test/auto/HierarchicalExecution.xml
1629 ms. Memory: 617472K Free: 164989K (27%)
----------------- Invoking toplevel() on ptolemy.moml.MoMLSimpleApplication@2741b9c8
----------------- Done invoking toplevel() on ptolemy.moml.MoMLSimpleApplication@2741b9c8
reloadAllAccessors: .HierarchicalExecution

===========================================================================================
----------------- testing Fri Jun 15 22:28:21 UTC 2018 /home/travis/build/icyphy/ptII/ptolemy/domains/continuous/test/auto/HybridPlant.xml
----------------- Instantiating /home/travis/build/icyphy/ptII/ptolemy/domains/continuous/test/auto/HybridPlant.xml
480 ms. Memory: 589824K Free: 394500K (67%)
----------------- Invoking toplevel() on ptolemy.moml.MoMLSimpleApplication@762db6a6
----------------- Done invoking toplevel() on ptolemy.moml.MoMLSimpleApplication@762db6a6
reloadAllAccessors: .HybridPlant

===========================================================================================
----------------- testing Fri Jun 15 22:28:21 UTC 2018 /home/travis/build/icyphy/ptII/ptolemy/domains/continuous/test/auto/Hysteresis.xml
----------------- Instantiating /home/travis/build/icyphy/ptII/ptolemy/domains/continuous/test/auto/Hysteresis.xml
124 ms. Memory: 589824K Free: 328430K (56%)
----------------- Invoking toplevel() on ptolemy.moml.MoMLSimpleApplication@74aa06f9
----------------- Done invoking toplevel() on ptolemy.moml.MoMLSimpleApplication@74aa06f9
reloadAllAccessors: .Hysteresis

===========================================================================================
----------------- testing Fri Jun 15 22:28:21 UTC 2018 /home/travis/build/icyphy/ptII/ptolemy/domains/continuous/test/auto/HysteresisWithRandomDelay.xml
----------------- Instantiating /home/travis/build/icyphy/ptII/ptolemy/domains/continuous/test/auto/HysteresisWithRandomDelay.xml
150 ms. Memory: 589824K Free: 248531K (42%)
----------------- Invoking toplevel() on ptolemy.moml.MoMLSimpleApplication@46961bc4
----------------- Done invoking toplevel() on ptolemy.moml.MoMLSimpleApplication@46961bc4
reloadAllAccessors: .HysteresisWithRandomDelay

===========================================================================================
----------------- testing Fri Jun 15 22:28:22 UTC 2018 /home/travis/build/icyphy/ptII/ptolemy/domains/continuous/test/auto/HysteresisWithRandomLosses.xml
----------------- Instantiating /home/travis/build/icyphy/ptII/ptolemy/domains/continuous/test/auto/HysteresisWithRandomLosses.xml
2131 ms. Memory: 543232K Free: 423293K (78%)
----------------- Invoking toplevel() on ptolemy.moml.MoMLSimpleApplication@194fc8b0
----------------- Done invoking toplevel() on ptolemy.moml.MoMLSimpleApplication@194fc8b0
reloadAllAccessors: .HysteresisWithRandomLosses

===========================================================================================
----------------- testing Fri Jun 15 22:28:24 UTC 2018 /home/travis/build/icyphy/ptII/ptolemy/domains/continuous/test/auto/ImmediateTransitions.xml
----------------- Instantiating /home/travis/build/icyphy/ptII/ptolemy/domains/continuous/test/auto/ImmediateTransitions.xml
13 ms. Memory: 543232K Free: 405474K (75%)
----------------- Invoking toplevel() on ptolemy.moml.MoMLSimpleApplication@650b76be
----------------- Done invoking toplevel() on ptolemy.moml.MoMLSimpleApplication@650b76be
reloadAllAccessors: .ImmediateTransitions

===========================================================================================
----------------- testing Fri Jun 15 22:28:24 UTC 2018 /home/travis/build/icyphy/ptII/ptolemy/domains/continuous/test/auto/ImpulseFeedback.xml
----------------- Instantiating /home/travis/build/icyphy/ptII/ptolemy/domains/continuous/test/auto/ImpulseFeedback.xml
14 ms. Memory: 543232K Free: 395408K (73%)
----------------- Invoking toplevel() on ptolemy.moml.MoMLSimpleApplication@72a815cb
----------------- Done invoking toplevel() on ptolemy.moml.MoMLSimpleApplication@72a815cb
reloadAllAccessors: .ImpulseFeedback

===========================================================================================
----------------- testing Fri Jun 15 22:28:24 UTC 2018 /home/travis/build/icyphy/ptII/ptolemy/domains/continuous/test/auto/ImpulseFeedback2.xml
----------------- Instantiating /home/travis/build/icyphy/ptII/ptolemy/domains/continuous/test/auto/ImpulseFeedback2.xml
4 ms. Memory: 543232K Free: 385365K (71%)
----------------- Invoking toplevel() on ptolemy.moml.MoMLSimpleApplication@26a9b2c9
----------------- Done invoking toplevel() on ptolemy.moml.MoMLSimpleApplication@26a9b2c9
reloadAllAccessors: .ImpulseFeedback2

===========================================================================================
----------------- testing Fri Jun 15 22:28:24 UTC 2018 /home/travis/build/icyphy/ptII/ptolemy/domains/continuous/test/auto/IncreasingRatePoisson.xml
----------------- Instantiating /home/travis/build/icyphy/ptII/ptolemy/domains/continuous/test/auto/IncreasingRatePoisson.xml
610 ms. Memory: 543232K Free: 66435K (12%)
----------------- Invoking toplevel() on ptolemy.moml.MoMLSimpleApplication@2d29ab59
----------------- Done invoking toplevel() on ptolemy.moml.MoMLSimpleApplication@2d29ab59
reloadAllAccessors: .IncreasingRatePoisson

===========================================================================================
----------------- testing Fri Jun 15 22:28:25 UTC 2018 /home/travis/build/icyphy/ptII/ptolemy/domains/continuous/test/auto/InitialStateFeedback.xml
----------------- Instantiating /home/travis/build/icyphy/ptII/ptolemy/domains/continuous/test/auto/InitialStateFeedback.xml
3 ms. Memory: 543232K Free: 59752K (11%)
----------------- Invoking toplevel() on ptolemy.moml.MoMLSimpleApplication@2ed61fdf
----------------- Done invoking toplevel() on ptolemy.moml.MoMLSimpleApplication@2ed61fdf
reloadAllAccessors: .InitialStateFeedback

===========================================================================================
----------------- testing Fri Jun 15 22:28:25 UTC 2018 /home/travis/build/icyphy/ptII/ptolemy/domains/continuous/test/auto/Integration.xml
----------------- Instantiating /home/travis/build/icyphy/ptII/ptolemy/domains/continuous/test/auto/Integration.xml
6 ms. Memory: 521728K Free: 493170K (95%)
----------------- Invoking toplevel() on ptolemy.moml.MoMLSimpleApplication@74714aaf
----------------- Done invoking toplevel() on ptolemy.moml.MoMLSimpleApplication@74714aaf
reloadAllAccessors: .Integration

===========================================================================================
----------------- testing Fri Jun 15 22:28:25 UTC 2018 /home/travis/build/icyphy/ptII/ptolemy/domains/continuous/test/auto/Integration2.xml
----------------- Instantiating /home/travis/build/icyphy/ptII/ptolemy/domains/continuous/test/auto/Integration2.xml
78 ms. Memory: 521728K Free: 474775K (91%)
----------------- Invoking toplevel() on ptolemy.moml.MoMLSimpleApplication@df7f5e3
----------------- Done invoking toplevel() on ptolemy.moml.MoMLSimpleApplication@df7f5e3
reloadAllAccessors: .Integration2

===========================================================================================
----------------- testing Fri Jun 15 22:28:25 UTC 2018 /home/travis/build/icyphy/ptII/ptolemy/domains/continuous/test/auto/Integration3.xml
----------------- Instantiating /home/travis/build/icyphy/ptII/ptolemy/domains/continuous/test/auto/Integration3.xml
2 ms. Memory: 521728K Free: 465034K (89%)
----------------- Invoking toplevel() on ptolemy.moml.MoMLSimpleApplication@774450e2
----------------- Done invoking toplevel() on ptolemy.moml.MoMLSimpleApplication@774450e2
reloadAllAccessors: .Integration3

===========================================================================================
----------------- testing Fri Jun 15 22:28:25 UTC 2018 /home/travis/build/icyphy/ptII/ptolemy/domains/continuous/test/auto/Integration5.xml
----------------- Instantiating /home/travis/build/icyphy/ptII/ptolemy/domains/continuous/test/auto/Integration5.xml
2 ms. Memory: 521728K Free: 458244K (88%)
----------------- Invoking toplevel() on ptolemy.moml.MoMLSimpleApplication@7f68e9f6
----------------- Done invoking toplevel() on ptolemy.moml.MoMLSimpleApplication@7f68e9f6
reloadAllAccessors: .Integration5

===========================================================================================
----------------- testing Fri Jun 15 22:28:25 UTC 2018 /home/travis/build/icyphy/ptII/ptolemy/domains/continuous/test/auto/IntegratorImpulse.xml
----------------- Instantiating /home/travis/build/icyphy/ptII/ptolemy/domains/continuous/test/auto/IntegratorImpulse.xml
2 ms. Memory: 521728K Free: 451607K (87%)
----------------- Invoking toplevel() on ptolemy.moml.MoMLSimpleApplication@64d332aa
----------------- Done invoking toplevel() on ptolemy.moml.MoMLSimpleApplication@64d332aa
reloadAllAccessors: .IntegratorImpulse

===========================================================================================
----------------- testing Fri Jun 15 22:28:25 UTC 2018 /home/travis/build/icyphy/ptII/ptolemy/domains/continuous/test/auto/IntegratorImpulse2.xml
----------------- Instantiating /home/travis/build/icyphy/ptII/ptolemy/domains/continuous/test/auto/IntegratorImpulse2.xml
3 ms. Memory: 521728K Free: 441865K (85%)
----------------- Invoking toplevel() on ptolemy.moml.MoMLSimpleApplication@4d0e8c7
----------------- Done invoking toplevel() on ptolemy.moml.MoMLSimpleApplication@4d0e8c7
reloadAllAccessors: .IntegratorImpulse2

===========================================================================================
----------------- testing Fri Jun 15 22:28:25 UTC 2018 /home/travis/build/icyphy/ptII/ptolemy/domains/continuous/test/auto/LevelCrossing1.xml
----------------- Instantiating /home/travis/build/icyphy/ptII/ptolemy/domains/continuous/test/auto/LevelCrossing1.xml
2 ms. Memory: 521728K Free: 432293K (83%)
----------------- Invoking toplevel() on ptolemy.moml.MoMLSimpleApplication@52412f78
----------------- Done invoking toplevel() on ptolemy.moml.MoMLSimpleApplication@52412f78
reloadAllAccessors: .LevelCrossing1

===========================================================================================
----------------- testing Fri Jun 15 22:28:25 UTC 2018 /home/travis/build/icyphy/ptII/ptolemy/domains/continuous/test/auto/LevelCrossing2.xml
----------------- Instantiating /home/travis/build/icyphy/ptII/ptolemy/domains/continuous/test/auto/LevelCrossing2.xml
3 ms. Memory: 521728K Free: 422567K (81%)
----------------- Invoking toplevel() on ptolemy.moml.MoMLSimpleApplication@255a3d9
----------------- Done invoking toplevel() on ptolemy.moml.MoMLSimpleApplication@255a3d9
reloadAllAccessors: .LevelCrossing2

===========================================================================================
----------------- testing Fri Jun 15 22:28:25 UTC 2018 /home/travis/build/icyphy/ptII/ptolemy/domains/continuous/test/auto/LevelCrossing3.xml
----------------- Instantiating /home/travis/build/icyphy/ptII/ptolemy/domains/continuous/test/auto/LevelCrossing3.xml
2 ms. Memory: 521728K Free: 412994K (79%)
----------------- Invoking toplevel() on ptolemy.moml.MoMLSimpleApplication@7152fceb
----------------- Done invoking toplevel() on ptolemy.moml.MoMLSimpleApplication@7152fceb
reloadAllAccessors: .LevelCrossing3

===========================================================================================
----------------- testing Fri Jun 15 22:28:25 UTC 2018 /home/travis/build/icyphy/ptII/ptolemy/domains/continuous/test/auto/LevelCrossing4.xml
----------------- Instantiating /home/travis/build/icyphy/ptII/ptolemy/domains/continuous/test/auto/LevelCrossing4.xml
3 ms. Memory: 521728K Free: 403253K (77%)
----------------- Invoking toplevel() on ptolemy.moml.MoMLSimpleApplication@6fad5067
----------------- Done invoking toplevel() on ptolemy.moml.MoMLSimpleApplication@6fad5067
reloadAllAccessors: .LevelCrossing4

===========================================================================================
----------------- testing Fri Jun 15 22:28:25 UTC 2018 /home/travis/build/icyphy/ptII/ptolemy/domains/continuous/test/auto/LevelCrossing5.xml
----------------- Instantiating /home/travis/build/icyphy/ptII/ptolemy/domains/continuous/test/auto/LevelCrossing5.xml
3 ms. Memory: 521728K Free: 393527K (75%)
----------------- Invoking toplevel() on ptolemy.moml.MoMLSimpleApplication@4f118e1
----------------- Done invoking toplevel() on ptolemy.moml.MoMLSimpleApplication@4f118e1
reloadAllAccessors: .LevelCrossing5

===========================================================================================
----------------- testing Fri Jun 15 22:28:25 UTC 2018 /home/travis/build/icyphy/ptII/ptolemy/domains/continuous/test/auto/LevelCrossing6.xml
----------------- Instantiating /home/travis/build/icyphy/ptII/ptolemy/domains/continuous/test/auto/LevelCrossing6.xml
2 ms. Memory: 521728K Free: 383954K (74%)
[...]
reloadAllAccessors: .ResetTransitionWithStartTime5

===========================================================================================
----------------- testing Fri Jun 15 22:28:41 UTC 2018 /home/travis/build/icyphy/ptII/ptolemy/domains/continuous/test/auto/ResetTransitionWithStartTime6.xml
----------------- Instantiating /home/travis/build/icyphy/ptII/ptolemy/domains/continuous/test/auto/ResetTransitionWithStartTime6.xml
14 ms. Memory: 779776K Free: 407203K (52%)
----------------- Invoking toplevel() on ptolemy.moml.MoMLSimpleApplication@39fc2375
----------------- Done invoking toplevel() on ptolemy.moml.MoMLSimpleApplication@39fc2375
reloadAllAccessors: .ResetTransitionWithStartTime6

===========================================================================================
----------------- testing Fri Jun 15 22:28:41 UTC 2018 /home/travis/build/icyphy/ptII/ptolemy/domains/continuous/test/auto/SRinContinuous.xml
----------------- Instantiating /home/travis/build/icyphy/ptII/ptolemy/domains/continuous/test/auto/SRinContinuous.xml
4 ms. Memory: 779776K Free: 395870K (51%)
----------------- Invoking toplevel() on ptolemy.moml.MoMLSimpleApplication@7deda0f8
----------------- Done invoking toplevel() on ptolemy.moml.MoMLSimpleApplication@7deda0f8
reloadAllAccessors: .SRinContinuous

===========================================================================================
----------------- testing Fri Jun 15 22:28:41 UTC 2018 /home/travis/build/icyphy/ptII/ptolemy/domains/continuous/test/auto/SampledClocks.xml
----------------- Instantiating /home/travis/build/icyphy/ptII/ptolemy/domains/continuous/test/auto/SampledClocks.xml
8 ms. Memory: 779776K Free: 381045K (49%)
----------------- Invoking toplevel() on ptolemy.moml.MoMLSimpleApplication@14cfddee
----------------- Done invoking toplevel() on ptolemy.moml.MoMLSimpleApplication@14cfddee
reloadAllAccessors: .SampledClocks

===========================================================================================
----------------- testing Fri Jun 15 22:28:41 UTC 2018 /home/travis/build/icyphy/ptII/ptolemy/domains/continuous/test/auto/Satellite.xml
----------------- Instantiating /home/travis/build/icyphy/ptII/ptolemy/domains/continuous/test/auto/Satellite.xml
792 ms. Memory: 779776K Free: 198614K (25%)
----------------- Invoking toplevel() on ptolemy.moml.MoMLSimpleApplication@70ffaaa9
----------------- Done invoking toplevel() on ptolemy.moml.MoMLSimpleApplication@70ffaaa9
reloadAllAccessors: .Satellite

===========================================================================================
----------------- testing Fri Jun 15 22:28:42 UTC 2018 /home/travis/build/icyphy/ptII/ptolemy/domains/continuous/test/auto/SigmaDelta.xml
----------------- Instantiating /home/travis/build/icyphy/ptII/ptolemy/domains/continuous/test/auto/SigmaDelta.xml
2163 ms. Memory: 787968K Free: 525581K (67%)
----------------- Invoking toplevel() on ptolemy.moml.MoMLSimpleApplication@13201b3d
----------------- Done invoking toplevel() on ptolemy.moml.MoMLSimpleApplication@13201b3d
reloadAllAccessors: .SigmaDelta

===========================================================================================
----------------- testing Fri Jun 15 22:28:44 UTC 2018 /home/travis/build/icyphy/ptII/ptolemy/domains/continuous/test/auto/SinuBouncingBall.xml
----------------- Instantiating /home/travis/build/icyphy/ptII/ptolemy/domains/continuous/test/auto/SinuBouncingBall.xml
720 ms. Memory: 787968K Free: 298552K (38%)
----------------- Invoking toplevel() on ptolemy.moml.MoMLSimpleApplication@3b4264a8
----------------- Done invoking toplevel() on ptolemy.moml.MoMLSimpleApplication@3b4264a8
reloadAllAccessors: .SinuBouncingBall

===========================================================================================
----------------- testing Fri Jun 15 22:28:45 UTC 2018 /home/travis/build/icyphy/ptII/ptolemy/domains/continuous/test/auto/Sinusoid.xml
----------------- Instantiating /home/travis/build/icyphy/ptII/ptolemy/domains/continuous/test/auto/Sinusoid.xml
4 ms. Memory: 787968K Free: 290723K (37%)
----------------- Invoking toplevel() on ptolemy.moml.MoMLSimpleApplication@7bbb4d45
----------------- Done invoking toplevel() on ptolemy.moml.MoMLSimpleApplication@7bbb4d45
reloadAllAccessors: .Sinusoid

===========================================================================================
----------------- testing Fri Jun 15 22:28:45 UTC 2018 /home/travis/build/icyphy/ptII/ptolemy/domains/continuous/test/auto/SinusoidInNoise.xml
----------------- Instantiating /home/travis/build/icyphy/ptII/ptolemy/domains/continuous/test/auto/SinusoidInNoise.xml
809 ms. Memory: 787968K Free: 87195K (11%)
----------------- Invoking toplevel() on ptolemy.moml.MoMLSimpleApplication@305088b2
----------------- Done invoking toplevel() on ptolemy.moml.MoMLSimpleApplication@305088b2
reloadAllAccessors: .SinusoidInNoise

===========================================================================================
----------------- testing Fri Jun 15 22:28:46 UTC 2018 /home/travis/build/icyphy/ptII/ptolemy/domains/continuous/test/auto/SinusoidRK45.xml
----------------- Instantiating /home/travis/build/icyphy/ptII/ptolemy/domains/continuous/test/auto/SinusoidRK45.xml
2 ms. Memory: 787968K Free: 79365K (10%)
----------------- Invoking toplevel() on ptolemy.moml.MoMLSimpleApplication@74eb5d81
----------------- Done invoking toplevel() on ptolemy.moml.MoMLSimpleApplication@74eb5d81
reloadAllAccessors: .SinusoidRK45

===========================================================================================
----------------- testing Fri Jun 15 22:28:46 UTC 2018 /home/travis/build/icyphy/ptII/ptolemy/domains/continuous/test/auto/SinusoidWithMultipleImpulses.xml
----------------- Instantiating /home/travis/build/icyphy/ptII/ptolemy/domains/continuous/test/auto/SinusoidWithMultipleImpulses.xml
3 ms. Memory: 787968K Free: 71536K (9%)
----------------- Invoking toplevel() on ptolemy.moml.MoMLSimpleApplication@5364970
----------------- Done invoking toplevel() on ptolemy.moml.MoMLSimpleApplication@5364970
reloadAllAccessors: .SinusoidWithMultipleImpulses

===========================================================================================
----------------- testing Fri Jun 15 22:28:46 UTC 2018 /home/travis/build/icyphy/ptII/ptolemy/domains/continuous/test/auto/SquareWave.xml
----------------- Instantiating /home/travis/build/icyphy/ptII/ptolemy/domains/continuous/test/auto/SquareWave.xml
155 ms. Memory: 787968K Free: 42605K (5%)
----------------- Invoking toplevel() on ptolemy.moml.MoMLSimpleApplication@72f78f9f
----------------- Done invoking toplevel() on ptolemy.moml.MoMLSimpleApplication@72f78f9f
reloadAllAccessors: .SquareWave

===========================================================================================
----------------- testing Fri Jun 15 22:28:46 UTC 2018 /home/travis/build/icyphy/ptII/ptolemy/domains/continuous/test/auto/Starmac.xml
----------------- Instantiating /home/travis/build/icyphy/ptII/ptolemy/domains/continuous/test/auto/Starmac.xml
3051 ms. Memory: 747520K Free: 329273K (44%)
----------------- Invoking toplevel() on ptolemy.moml.MoMLSimpleApplication@37206379
----------------- Done invoking toplevel() on ptolemy.moml.MoMLSimpleApplication@37206379
reloadAllAccessors: .Starmac

===========================================================================================
----------------- testing Fri Jun 15 22:28:50 UTC 2018 /home/travis/build/icyphy/ptII/ptolemy/domains/continuous/test/auto/StaticUnits.xml
----------------- Instantiating /home/travis/build/icyphy/ptII/ptolemy/domains/continuous/test/auto/StaticUnits.xml
1962 ms. Memory: 723456K Free: 496512K (69%)
----------------- Invoking toplevel() on ptolemy.moml.MoMLSimpleApplication@788d7e55
----------------- Done invoking toplevel() on ptolemy.moml.MoMLSimpleApplication@788d7e55
reloadAllAccessors: .StaticUnits

===========================================================================================
----------------- testing Fri Jun 15 22:28:52 UTC 2018 /home/travis/build/icyphy/ptII/ptolemy/domains/continuous/test/auto/StickyMasses.xml
----------------- Instantiating /home/travis/build/icyphy/ptII/ptolemy/domains/continuous/test/auto/StickyMasses.xml
120 ms. Memory: 723456K Free: 436117K (60%)
----------------- Invoking toplevel() on ptolemy.moml.MoMLSimpleApplication@29e51e5d
----------------- Done invoking toplevel() on ptolemy.moml.MoMLSimpleApplication@29e51e5d
reloadAllAccessors: .StickyMasses

===========================================================================================
----------------- testing Fri Jun 15 22:28:52 UTC 2018 /home/travis/build/icyphy/ptII/ptolemy/domains/continuous/test/auto/StopTime.xml
----------------- Instantiating /home/travis/build/icyphy/ptII/ptolemy/domains/continuous/test/auto/StopTime.xml
36 ms. Memory: 723456K Free: 406590K (56%)
----------------- Invoking toplevel() on ptolemy.moml.MoMLSimpleApplication@2e5b4e21
----------------- Done invoking toplevel() on ptolemy.moml.MoMLSimpleApplication@2e5b4e21
reloadAllAccessors: .StopTime

===========================================================================================
----------------- testing Fri Jun 15 22:28:52 UTC 2018 /home/travis/build/icyphy/ptII/ptolemy/domains/continuous/test/auto/StopTime2.xml
----------------- Instantiating /home/travis/build/icyphy/ptII/ptolemy/domains/continuous/test/auto/StopTime2.xml
35 ms. Memory: 723456K Free: 380339K (53%)
----------------- Invoking toplevel() on ptolemy.moml.MoMLSimpleApplication@50f156c6
----------------- Done invoking toplevel() on ptolemy.moml.MoMLSimpleApplication@50f156c6
reloadAllAccessors: .StopTime2

===========================================================================================
----------------- testing Fri Jun 15 22:28:52 UTC 2018 /home/travis/build/icyphy/ptII/ptolemy/domains/continuous/test/auto/Switch.xml
----------------- Instantiating /home/travis/build/icyphy/ptII/ptolemy/domains/continuous/test/auto/Switch.xml
33 ms. Memory: 723456K Free: 350837K (48%)
----------------- Invoking toplevel() on ptolemy.moml.MoMLSimpleApplication@1bdb9621
----------------- Done invoking toplevel() on ptolemy.moml.MoMLSimpleApplication@1bdb9621
reloadAllAccessors: .Switch

===========================================================================================
----------------- testing Fri Jun 15 22:28:52 UTC 2018 /home/travis/build/icyphy/ptII/ptolemy/domains/continuous/test/auto/Thermostat.xml
----------------- Instantiating /home/travis/build/icyphy/ptII/ptolemy/domains/continuous/test/auto/Thermostat.xml
154 ms. Memory: 723456K Free: 273790K (38%)
----------------- Invoking toplevel() on ptolemy.moml.MoMLSimpleApplication@3fe167d2
----------------- Done invoking toplevel() on ptolemy.moml.MoMLSimpleApplication@3fe167d2
reloadAllAccessors: .Thermostat

===========================================================================================
----------------- testing Fri Jun 15 22:28:53 UTC 2018 /home/travis/build/icyphy/ptII/ptolemy/domains/continuous/test/auto/TimeDelay.xml
----------------- Instantiating /home/travis/build/icyphy/ptII/ptolemy/domains/continuous/test/auto/TimeDelay.xml
5 ms. Memory: 723456K Free: 263343K (36%)
----------------- Invoking toplevel() on ptolemy.moml.MoMLSimpleApplication@32ffafa
----------------- Done invoking toplevel() on ptolemy.moml.MoMLSimpleApplication@32ffafa
reloadAllAccessors: .TimeDelay

===========================================================================================
----------------- testing Fri Jun 15 22:28:53 UTC 2018 /home/travis/build/icyphy/ptII/ptolemy/domains/continuous/test/auto/TimeDelay2.xml
----------------- Instantiating /home/travis/build/icyphy/ptII/ptolemy/domains/continuous/test/auto/TimeDelay2.xml
7 ms. Memory: 723456K Free: 252881K (35%)
----------------- Invoking toplevel() on ptolemy.moml.MoMLSimpleApplication@239b6e82
----------------- Done invoking toplevel() on ptolemy.moml.MoMLSimpleApplication@239b6e82
reloadAllAccessors: .TimeDelay2

===========================================================================================
----------------- testing Fri Jun 15 22:28:53 UTC 2018 /home/travis/build/icyphy/ptII/ptolemy/domains/continuous/test/auto/TimeDelay3.xml
----------------- Instantiating /home/travis/build/icyphy/ptII/ptolemy/domains/continuous/test/auto/TimeDelay3.xml
2 ms. Memory: 723456K Free: 245601K (34%)
----------------- Invoking toplevel() on ptolemy.moml.MoMLSimpleApplication@407ab83c
----------------- Done invoking toplevel() on ptolemy.moml.MoMLSimpleApplication@407ab83c
reloadAllAccessors: .TimeDelay3

===========================================================================================
----------------- testing Fri Jun 15 22:28:53 UTC 2018 /home/travis/build/icyphy/ptII/ptolemy/domains/continuous/test/auto/TransferAbsentToInside.xml
----------------- Instantiating /home/travis/build/icyphy/ptII/ptolemy/domains/continuous/test/auto/TransferAbsentToInside.xml
25 ms. Memory: 723456K Free: 184418K (25%)
----------------- Invoking toplevel() on ptolemy.moml.MoMLSimpleApplication@21c7365f
----------------- Done invoking toplevel() on ptolemy.moml.MoMLSimpleApplication@21c7365f
reloadAllAccessors: .TransferAbsentToInside

===========================================================================================
----------------- testing Fri Jun 15 22:28:53 UTC 2018 /home/travis/build/icyphy/ptII/ptolemy/domains/continuous/test/auto/Transmission.xml
----------------- Instantiating /home/travis/build/icyphy/ptII/ptolemy/domains/continuous/test/auto/Transmission.xml
696 ms. Memory: 685568K Free: 539357K (79%)
----------------- Invoking toplevel() on ptolemy.moml.MoMLSimpleApplication@27ecb64b
----------------- Done invoking toplevel() on ptolemy.moml.MoMLSimpleApplication@27ecb64b
reloadAllAccessors: .Transmission

===========================================================================================
----------------- testing Fri Jun 15 22:28:54 UTC 2018 /home/travis/build/icyphy/ptII/ptolemy/domains/continuous/test/auto/TriggeredContinuousClock.xml
----------------- Instantiating /home/travis/build/icyphy/ptII/ptolemy/domains/continuous/test/auto/TriggeredContinuousClock.xml
48 ms. Memory: 685568K Free: 503557K (73%)
----------------- Invoking toplevel() on ptolemy.moml.MoMLSimpleApplication@28c226f8
----------------- Done invoking toplevel() on ptolemy.moml.MoMLSimpleApplication@28c226f8
reloadAllAccessors: .TriggeredContinuousClock

===========================================================================================
----------------- testing Fri Jun 15 22:28:54 UTC 2018 /home/travis/build/icyphy/ptII/ptolemy/domains/continuous/test/auto/TwoMachineInfiniteBusControl.xml
----------------- Instantiating /home/travis/build/icyphy/ptII/ptolemy/domains/continuous/test/auto/TwoMachineInfiniteBusControl.xml
2676 ms. Memory: 666624K Free: 505936K (76%)
----------------- Invoking toplevel() on ptolemy.moml.MoMLSimpleApplication@10a6b94d
----------------- Done invoking toplevel() on ptolemy.moml.MoMLSimpleApplication@10a6b94d
reloadAllAccessors: .TwoMachineInfiniteBusControl

===========================================================================================
----------------- testing Fri Jun 15 22:28:56 UTC 2018 /home/travis/build/icyphy/ptII/ptolemy/domains/continuous/test/auto/V2V.xml
----------------- Instantiating /home/travis/build/icyphy/ptII/ptolemy/domains/continuous/test/auto/V2V.xml
628 ms. Memory: 666624K Free: 307054K (46%)
----------------- Invoking toplevel() on ptolemy.moml.MoMLSimpleApplication@4bcd64ca
----------------- Done invoking toplevel() on ptolemy.moml.MoMLSimpleApplication@4bcd64ca
reloadAllAccessors: .V2V

===========================================================================================
----------------- testing Fri Jun 15 22:28:57 UTC 2018 /home/travis/build/icyphy/ptII/ptolemy/domains/continuous/test/auto/hierarchicalModalModel.xml
----------------- Instantiating /home/travis/build/icyphy/ptII/ptolemy/domains/continuous/test/auto/hierarchicalModalModel.xml
6 ms. Memory: 666624K Free: 285891K (43%)
----------------- Invoking toplevel() on ptolemy.moml.MoMLSimpleApplication@631b7bde
----------------- Done invoking toplevel() on ptolemy.moml.MoMLSimpleApplication@631b7bde
reloadAllAccessors: .hierarchicalModalModel

===========================================================================================
----------------- testing Fri Jun 15 22:28:57 UTC 2018 /home/travis/build/icyphy/ptII/ptolemy/domains/continuous/test/auto/hierarchicalModalModel1.xml
----------------- Instantiating /home/travis/build/icyphy/ptII/ptolemy/domains/continuous/test/auto/hierarchicalModalModel1.xml
8 ms. Memory: 666624K Free: 267669K (40%)
----------------- Invoking toplevel() on ptolemy.moml.MoMLSimpleApplication@46218f63
----------------- Done invoking toplevel() on ptolemy.moml.MoMLSimpleApplication@46218f63
reloadAllAccessors: .hierarchicalModalModel1

===========================================================================================
----------------- testing Fri Jun 15 22:28:57 UTC 2018 /home/travis/build/icyphy/ptII/ptolemy/domains/continuous/test/auto/hierarchicalModalModel2.xml
----------------- Instantiating /home/travis/build/icyphy/ptII/ptolemy/domains/continuous/test/auto/hierarchicalModalModel2.xml
6 ms. Memory: 666624K Free: 252348K (38%)
----------------- Invoking toplevel() on ptolemy.moml.MoMLSimpleApplication@a340b67
----------------- Done invoking toplevel() on ptolemy.moml.MoMLSimpleApplication@a340b67
reloadAllAccessors: .hierarchicalModalModel2

===========================================================================================
----------------- testing Fri Jun 15 22:28:57 UTC 2018 /home/travis/build/icyphy/ptII/ptolemy/domains/continuous/test/auto/hierarchicalModalModel3.xml
----------------- Instantiating /home/travis/build/icyphy/ptII/ptolemy/domains/continuous/test/auto/hierarchicalModalModel3.xml
5 ms. Memory: 666624K Free: 237034K (36%)
----------------- Invoking toplevel() on ptolemy.moml.MoMLSimpleApplication@7d80fc0e
----------------- Done invoking toplevel() on ptolemy.moml.MoMLSimpleApplication@7d80fc0e
reloadAllAccessors: .hierarchicalModalModel3

===========================================================================================
----------------- testing Fri Jun 15 22:28:57 UTC 2018 /home/travis/build/icyphy/ptII/ptolemy/domains/continuous/test/auto/hierarchicalModalModel4.xml
----------------- Instantiating /home/travis/build/icyphy/ptII/ptolemy/domains/continuous/test/auto/hierarchicalModalModel4.xml
7 ms. Memory: 666624K Free: 221706K (33%)
----------------- Invoking toplevel() on ptolemy.moml.MoMLSimpleApplication@2399e2d7
----------------- Done invoking toplevel() on ptolemy.moml.MoMLSimpleApplication@2399e2d7
reloadAllAccessors: .hierarchicalModalModel4

===========================================================================================
----------------- testing Fri Jun 15 22:28:57 UTC 2018 /home/travis/build/icyphy/ptII/ptolemy/domains/continuous/test/auto/junk.xml
----------------- Instantiating /home/travis/build/icyphy/ptII/ptolemy/domains/continuous/test/auto/junk.xml
114 ms. Memory: 666624K Free: 189160K (28%)
----------------- Invoking toplevel() on ptolemy.moml.MoMLSimpleApplication@701c1e7
----------------- Done invoking toplevel() on ptolemy.moml.MoMLSimpleApplication@701c1e7
reloadAllAccessors: .junk
AutoTests.java: About to close Vertx.
AutoTests.java: Vertx closed.
]]></system-out>
  <system-err><![CDATA[Warning: '.IncreasingRatePoisson.NonStrictTest' The test produced only 391 tokens, yet the correctValues parameter was expecting 402 tokens.
Warning: '.Poisson.NonStrictTest' The test produced only 389 tokens, yet the correctValues parameter was expecting 430 tokens.
]]></system-err>
</testsuite>
