<?xml version="1.0" encoding="UTF-8" ?>
<testsuite errors="0" failures="0" hostname="travis-job-979a4b34-40a4-4f23-a33f-dbee014c0360" name="ptolemy.domains.de.test.junit.JUnitTclTest" skipped="0" tests="101" time="137.581" timestamp="2019-11-27T06:17:48">
  <properties>
[...]
</properties>
  <testcase classname="ptolemy.util.test.junit.TclTests" name="[0] /home/travis/build/icyphy/ptII/ptolemy/domains/de/test/DependencyLoop.tcl (RunTclFile)" time="1.17" />
  <testcase classname="ptolemy.util.test.junit.TclTests" name="[1] /home/travis/build/icyphy/ptII/ptolemy/domains/de/test/RunDETestsAsQSS.tcl (RunTclFile)" time="92.941" />
  <testcase classname="ptolemy.util.test.junit.AutoKnownFailedTests" name="[0] /home/travis/build/icyphy/ptII/ptolemy/domains/de/test/auto/knownFailedTests/DESDFClockTest.xml (RunModel)" time="2.072" />
  <testcase classname="ptolemy.util.test.junit.AutoKnownFailedTests" name="[1] /home/travis/build/icyphy/ptII/ptolemy/domains/de/test/auto/knownFailedTests/DirectFeedback.xml (RunModel)" time="0.033" />
  <testcase classname="ptolemy.util.test.junit.AutoKnownFailedTests" name="[2] /home/travis/build/icyphy/ptII/ptolemy/domains/de/test/auto/knownFailedTests/FSMSource.xml (RunModel)" time="0.05" />
  <testcase classname="ptolemy.util.test.junit.AutoKnownFailedTests" name="[3] /home/travis/build/icyphy/ptII/ptolemy/domains/de/test/auto/knownFailedTests/HierarchicalModel.xml (RunModel)" time="0.061" />
  <testcase classname="ptolemy.util.test.junit.AutoKnownFailedTests" name="[4] /home/travis/build/icyphy/ptII/ptolemy/domains/de/test/auto/knownFailedTests/dependencyLoop.xml (RunModel)" time="0.064" />
  <testcase classname="ptolemy.util.test.junit.AutoKnownFailedTests" name="[5] /home/travis/build/icyphy/ptII/ptolemy/domains/de/test/auto/knownFailedTests/dependencyLoop2.xml (RunModel)" time="0.081" />
  <testcase classname="ptolemy.util.test.junit.AutoNameArchTests" name="[0] ThereAreNoAutoArchTests (RunModel)" time="0.001" />
  <testcase classname="ptolemy.util.test.junit.AutoTests" name="[0] /home/travis/build/icyphy/ptII/ptolemy/domains/de/test/auto/ActorDepthCalculation_actorWithoutPorts.xml (RunModel)" time="0.019" />
  <testcase classname="ptolemy.util.test.junit.AutoTests" name="[1] /home/travis/build/icyphy/ptII/ptolemy/domains/de/test/auto/AssemblyLine.xml (RunModel)" time="0.026" />
  <testcase classname="ptolemy.util.test.junit.AutoTests" name="[2] /home/travis/build/icyphy/ptII/ptolemy/domains/de/test/auto/CQBug1.xml (RunModel)" time="0.01" />
  <testcase classname="ptolemy.util.test.junit.AutoTests" name="[3] /home/travis/build/icyphy/ptII/ptolemy/domains/de/test/auto/CancelFireAt.xml (RunModel)" time="0.018" />
  <testcase classname="ptolemy.util.test.junit.AutoTests" name="[4] /home/travis/build/icyphy/ptII/ptolemy/domains/de/test/auto/CausalityAndComposabilityAnalysis.xml (RunModel)" time="0.018" />
  <testcase classname="ptolemy.util.test.junit.AutoTests" name="[5] /home/travis/build/icyphy/ptII/ptolemy/domains/de/test/auto/CausalityInterface1.xml (RunModel)" time="0.023" />
  <testcase classname="ptolemy.util.test.junit.AutoTests" name="[6] /home/travis/build/icyphy/ptII/ptolemy/domains/de/test/auto/CausalityInterface15.xml (RunModel)" time="0.019" />
  <testcase classname="ptolemy.util.test.junit.AutoTests" name="[7] /home/travis/build/icyphy/ptII/ptolemy/domains/de/test/auto/CausalityInterface2.xml (RunModel)" time="0.018" />
  <testcase classname="ptolemy.util.test.junit.AutoTests" name="[8] /home/travis/build/icyphy/ptII/ptolemy/domains/de/test/auto/CausalityInterface3.xml (RunModel)" time="0.019" />
  <testcase classname="ptolemy.util.test.junit.AutoTests" name="[9] /home/travis/build/icyphy/ptII/ptolemy/domains/de/test/auto/ClockDrift.xml (RunModel)" time="0.043" />
  <testcase classname="ptolemy.util.test.junit.AutoTests" name="[10] /home/travis/build/icyphy/ptII/ptolemy/domains/de/test/auto/ClockDriftAndValueChange.xml (RunModel)" time="0.04" />
  <testcase classname="ptolemy.util.test.junit.AutoTests" name="[11] /home/travis/build/icyphy/ptII/ptolemy/domains/de/test/auto/ClockDriftChange.xml (RunModel)" time="0.04" />
  <testcase classname="ptolemy.util.test.junit.AutoTests" name="[12] /home/travis/build/icyphy/ptII/ptolemy/domains/de/test/auto/ComposableCausalityAnalysis.xml (RunModel)" time="0.016" />
  <testcase classname="ptolemy.util.test.junit.AutoTests" name="[13] /home/travis/build/icyphy/ptII/ptolemy/domains/de/test/auto/DEFixedPointLimitation.xml (RunModel)" time="0.012" />
  <testcase classname="ptolemy.util.test.junit.AutoTests" name="[14] /home/travis/build/icyphy/ptII/ptolemy/domains/de/test/auto/DEScheduleTest.xml (RunModel)" time="0.016" />
  <testcase classname="ptolemy.util.test.junit.AutoTests" name="[15] /home/travis/build/icyphy/ptII/ptolemy/domains/de/test/auto/DEinDEwithStartTimes.xml (RunModel)" time="0.023" />
  <testcase classname="ptolemy.util.test.junit.AutoTests" name="[16] /home/travis/build/icyphy/ptII/ptolemy/domains/de/test/auto/DEinDEwithStartTimes2.xml (RunModel)" time="0.022" />
  <testcase classname="ptolemy.util.test.junit.AutoTests" name="[17] /home/travis/build/icyphy/ptII/ptolemy/domains/de/test/auto/DateDemo.xml (RunModel)" time="0.035" />
  <testcase classname="ptolemy.util.test.junit.AutoTests" name="[18] /home/travis/build/icyphy/ptII/ptolemy/domains/de/test/auto/DateToEvent.xml (RunModel)" time="2.052" />
  <testcase classname="ptolemy.util.test.junit.AutoTests" name="[19] /home/travis/build/icyphy/ptII/ptolemy/domains/de/test/auto/DepthTest1.xml (RunModel)" time="0.017" />
  <testcase classname="ptolemy.util.test.junit.AutoTests" name="[20] /home/travis/build/icyphy/ptII/ptolemy/domains/de/test/auto/DepthTest2.xml (RunModel)" time="0.023" />
  <testcase classname="ptolemy.util.test.junit.AutoTests" name="[21] /home/travis/build/icyphy/ptII/ptolemy/domains/de/test/auto/DepthTest3.xml (RunModel)" time="0.011" />
  <testcase classname="ptolemy.util.test.junit.AutoTests" name="[22] /home/travis/build/icyphy/ptII/ptolemy/domains/de/test/auto/DepthTest4.xml (RunModel)" time="0.03" />
  <testcase classname="ptolemy.util.test.junit.AutoTests" name="[23] /home/travis/build/icyphy/ptII/ptolemy/domains/de/test/auto/DepthTest5.xml (RunModel)" time="0.021" />
  <testcase classname="ptolemy.util.test.junit.AutoTests" name="[24] /home/travis/build/icyphy/ptII/ptolemy/domains/de/test/auto/DepthTest6.xml (RunModel)" time="0.018" />
  <testcase classname="ptolemy.util.test.junit.AutoTests" name="[25] /home/travis/build/icyphy/ptII/ptolemy/domains/de/test/auto/DepthTest7.xml (RunModel)" time="0.014" />
  <testcase classname="ptolemy.util.test.junit.AutoTests" name="[26] /home/travis/build/icyphy/ptII/ptolemy/domains/de/test/auto/EventToDate.xml (RunModel)" time="3.056" />
  <testcase classname="ptolemy.util.test.junit.AutoTests" name="[27] /home/travis/build/icyphy/ptII/ptolemy/domains/de/test/auto/FSM1.xml (RunModel)" time="0.037" />
  <testcase classname="ptolemy.util.test.junit.AutoTests" name="[28] /home/travis/build/icyphy/ptII/ptolemy/domains/de/test/auto/FSM7.xml (RunModel)" time="0.05" />
  <testcase classname="ptolemy.util.test.junit.AutoTests" name="[29] /home/travis/build/icyphy/ptII/ptolemy/domains/de/test/auto/Inspection.xml (RunModel)" time="0.06" />
  <testcase classname="ptolemy.util.test.junit.AutoTests" name="[30] /home/travis/build/icyphy/ptII/ptolemy/domains/de/test/auto/Iteration.xml (RunModel)" time="0.033" />
  <testcase classname="ptolemy.util.test.junit.AutoTests" name="[31] /home/travis/build/icyphy/ptII/ptolemy/domains/de/test/auto/LineFault.xml (RunModel)" time="0.643" />
  <testcase classname="ptolemy.util.test.junit.AutoTests" name="[32] /home/travis/build/icyphy/ptII/ptolemy/domains/de/test/auto/MergeModel1Add.xml (RunModel)" time="0.047" />
  <testcase classname="ptolemy.util.test.junit.AutoTests" name="[33] /home/travis/build/icyphy/ptII/ptolemy/domains/de/test/auto/MergeModel2Add.xml (RunModel)" time="0.047" />
  <testcase classname="ptolemy.util.test.junit.AutoTests" name="[34] /home/travis/build/icyphy/ptII/ptolemy/domains/de/test/auto/MergeModel3Add.xml (RunModel)" time="0.042" />
  <testcase classname="ptolemy.util.test.junit.AutoTests" name="[35] /home/travis/build/icyphy/ptII/ptolemy/domains/de/test/auto/MergeWithoutDiscard.xml (RunModel)" time="0.015" />
  <testcase classname="ptolemy.util.test.junit.AutoTests" name="[36] /home/travis/build/icyphy/ptII/ptolemy/domains/de/test/auto/Modal1.xml (RunModel)" time="0.027" />
  <testcase classname="ptolemy.util.test.junit.AutoTests" name="[37] /home/travis/build/icyphy/ptII/ptolemy/domains/de/test/auto/Modal2.xml (RunModel)" time="0.037" />
  <testcase classname="ptolemy.util.test.junit.AutoTests" name="[38] /home/travis/build/icyphy/ptII/ptolemy/domains/de/test/auto/Modal3.xml (RunModel)" time="0.03" />
  <testcase classname="ptolemy.util.test.junit.AutoTests" name="[39] /home/travis/build/icyphy/ptII/ptolemy/domains/de/test/auto/Modal4.xml (RunModel)" time="0.032" />
  <testcase classname="ptolemy.util.test.junit.AutoTests" name="[40] /home/travis/build/icyphy/ptII/ptolemy/domains/de/test/auto/Modal5.xml (RunModel)" time="0.036" />
  <testcase classname="ptolemy.util.test.junit.AutoTests" name="[41] /home/travis/build/icyphy/ptII/ptolemy/domains/de/test/auto/Modal6.xml (RunModel)" time="0.031" />
  <testcase classname="ptolemy.util.test.junit.AutoTests" name="[42] /home/travis/build/icyphy/ptII/ptolemy/domains/de/test/auto/Modal7.xml (RunModel)" time="0.037" />
  <testcase classname="ptolemy.util.test.junit.AutoTests" name="[43] /home/travis/build/icyphy/ptII/ptolemy/domains/de/test/auto/ModalModel.xml (RunModel)" time="0.19" />
  <testcase classname="ptolemy.util.test.junit.AutoTests" name="[44] /home/travis/build/icyphy/ptII/ptolemy/domains/de/test/auto/ModalSource.xml (RunModel)" time="0.025" />
  <testcase classname="ptolemy.util.test.junit.AutoTests" name="[45] /home/travis/build/icyphy/ptII/ptolemy/domains/de/test/auto/NonInterruptibleTimerZeroDelay.xml (RunModel)" time="0.011" />
  <testcase classname="ptolemy.util.test.junit.AutoTests" name="[46] /home/travis/build/icyphy/ptII/ptolemy/domains/de/test/auto/OpenQueueingNetwork.xml (RunModel)" time="2.479" />
  <testcase classname="ptolemy.util.test.junit.AutoTests" name="[47] /home/travis/build/icyphy/ptII/ptolemy/domains/de/test/auto/OpenQueuingNetwork.xml (RunModel)" time="0.313" />
  <testcase classname="ptolemy.util.test.junit.AutoTests" name="[48] /home/travis/build/icyphy/ptII/ptolemy/domains/de/test/auto/PeriodicSampler.xml (RunModel)" time="0.017" />
  <testcase classname="ptolemy.util.test.junit.AutoTests" name="[49] /home/travis/build/icyphy/ptII/ptolemy/domains/de/test/auto/PersistentIO.xml (RunModel)" time="0.021" />
  <testcase classname="ptolemy.util.test.junit.AutoTests" name="[50] /home/travis/build/icyphy/ptII/ptolemy/domains/de/test/auto/PortParameterResetOnInitialize.xml (RunModel)" time="0.011" />
  <testcase classname="ptolemy.util.test.junit.AutoTests" name="[51] /home/travis/build/icyphy/ptII/ptolemy/domains/de/test/auto/PortParameterUpdates.xml (RunModel)" time="0.018" />
  <testcase classname="ptolemy.util.test.junit.AutoTests" name="[52] /home/travis/build/icyphy/ptII/ptolemy/domains/de/test/auto/QueueAndServer.xml (RunModel)" time="0.029" />
  <testcase classname="ptolemy.util.test.junit.AutoTests" name="[53] /home/travis/build/icyphy/ptII/ptolemy/domains/de/test/auto/Records.xml (RunModel)" time="0.024" />
  <testcase classname="ptolemy.util.test.junit.AutoTests" name="[54] /home/travis/build/icyphy/ptII/ptolemy/domains/de/test/auto/ResetTransitionWithStartTime1.xml (RunModel)" time="0.027" />
  <testcase classname="ptolemy.util.test.junit.AutoTests" name="[55] /home/travis/build/icyphy/ptII/ptolemy/domains/de/test/auto/ResetTransitionWithStartTime2.xml (RunModel)" time="0.027" />
  <testcase classname="ptolemy.util.test.junit.AutoTests" name="[56] /home/travis/build/icyphy/ptII/ptolemy/domains/de/test/auto/ResetTransitionWithStartTime3.xml (RunModel)" time="0.021" />
  <testcase classname="ptolemy.util.test.junit.AutoTests" name="[57] /home/travis/build/icyphy/ptII/ptolemy/domains/de/test/auto/ResetTransitionWithStartTime4.xml (RunModel)" time="0.019" />
  <testcase classname="ptolemy.util.test.junit.AutoTests" name="[58] /home/travis/build/icyphy/ptII/ptolemy/domains/de/test/auto/ResettableTimer1.xml (RunModel)" time="0.011" />
  <testcase classname="ptolemy.util.test.junit.AutoTests" name="[59] /home/travis/build/icyphy/ptII/ptolemy/domains/de/test/auto/ResettableTimer2.xml (RunModel)" time="0.011" />
  <testcase classname="ptolemy.util.test.junit.AutoTests" name="[60] /home/travis/build/icyphy/ptII/ptolemy/domains/de/test/auto/ResettableTimer3.xml (RunModel)" time="0.009" />
  <testcase classname="ptolemy.util.test.junit.AutoTests" name="[61] /home/travis/build/icyphy/ptII/ptolemy/domains/de/test/auto/ResettableTimer4.xml (RunModel)" time="0.011" />
  <testcase classname="ptolemy.util.test.junit.AutoTests" name="[62] /home/travis/build/icyphy/ptII/ptolemy/domains/de/test/auto/ResettableTimer5.xml (RunModel)" time="0.01" />
  <testcase classname="ptolemy.util.test.junit.AutoTests" name="[63] /home/travis/build/icyphy/ptII/ptolemy/domains/de/test/auto/ResettableTimer6.xml (RunModel)" time="0.019" />
  <testcase classname="ptolemy.util.test.junit.AutoTests" name="[64] /home/travis/build/icyphy/ptII/ptolemy/domains/de/test/auto/ServerZeroDelay.xml (RunModel)" time="0.012" />
  <testcase classname="ptolemy.util.test.junit.AutoTests" name="[65] /home/travis/build/icyphy/ptII/ptolemy/domains/de/test/auto/SmartSender.xml (RunModel)" time="3.01" />
  <testcase classname="ptolemy.util.test.junit.AutoTests" name="[66] /home/travis/build/icyphy/ptII/ptolemy/domains/de/test/auto/ThreadedComposite.xml (RunModel)" time="0.131" />
  <testcase classname="ptolemy.util.test.junit.AutoTests" name="[67] /home/travis/build/icyphy/ptII/ptolemy/domains/de/test/auto/Time.xml (RunModel)" time="0.436" />
  <testcase classname="ptolemy.util.test.junit.AutoTests" name="[68] /home/travis/build/icyphy/ptII/ptolemy/domains/de/test/auto/TimeDelayZeroDelay.xml (RunModel)" time="0.013" />
  <testcase classname="ptolemy.util.test.junit.AutoTests" name="[69] /home/travis/build/icyphy/ptII/ptolemy/domains/de/test/auto/TimerZeroDelay.xml (RunModel)" time="0.01" />
  <testcase classname="ptolemy.util.test.junit.AutoTests" name="[70] /home/travis/build/icyphy/ptII/ptolemy/domains/de/test/auto/TimingParadox.xml (RunModel)" time="0.386" />
  <testcase classname="ptolemy.util.test.junit.AutoTests" name="[71] /home/travis/build/icyphy/ptII/ptolemy/domains/de/test/auto/TransferInputs.xml (RunModel)" time="0.017" />
  <testcase classname="ptolemy.util.test.junit.AutoTests" name="[72] /home/travis/build/icyphy/ptII/ptolemy/domains/de/test/auto/TransferOutputs2.xml (RunModel)" time="0.02" />
  <testcase classname="ptolemy.util.test.junit.AutoTests" name="[73] /home/travis/build/icyphy/ptII/ptolemy/domains/de/test/auto/Trilateration.xml (RunModel)" time="14.019" />
  <testcase classname="ptolemy.util.test.junit.AutoTests" name="[74] /home/travis/build/icyphy/ptII/ptolemy/domains/de/test/auto/TwoSigmaDelta.xml (RunModel)" time="2.111" />
  <testcase classname="ptolemy.util.test.junit.AutoTests" name="[75] /home/travis/build/icyphy/ptII/ptolemy/domains/de/test/auto/VariableDelay.xml (RunModel)" time="0.017" />
  <testcase classname="ptolemy.util.test.junit.AutoTests" name="[76] /home/travis/build/icyphy/ptII/ptolemy/domains/de/test/auto/VariableDelay2.xml (RunModel)" time="0.019" />
  <testcase classname="ptolemy.util.test.junit.AutoTests" name="[77] /home/travis/build/icyphy/ptII/ptolemy/domains/de/test/auto/VariableDelayZeroDelay.xml (RunModel)" time="0.028" />
  <testcase classname="ptolemy.util.test.junit.AutoTests" name="[78] /home/travis/build/icyphy/ptII/ptolemy/domains/de/test/auto/VariableDelayZeroDelay2.xml (RunModel)" time="0.02" />
  <testcase classname="ptolemy.util.test.junit.AutoTests" name="[79] /home/travis/build/icyphy/ptII/ptolemy/domains/de/test/auto/deInCt.xml (RunModel)" time="0.019" />
  <testcase classname="ptolemy.util.test.junit.AutoTests" name="[80] /home/travis/build/icyphy/ptII/ptolemy/domains/de/test/auto/deInCt2.xml (RunModel)" time="0.017" />
  <testcase classname="ptolemy.util.test.junit.AutoTests" name="[81] /home/travis/build/icyphy/ptII/ptolemy/domains/de/test/auto/dynamicCausalityInterface1.xml (RunModel)" time="0.02" />
  <testcase classname="ptolemy.util.test.junit.AutoTests" name="[82] /home/travis/build/icyphy/ptII/ptolemy/domains/de/test/auto/fsm_de_test.xml (RunModel)" time="0.032" />
  <testcase classname="ptolemy.util.test.junit.AutoTests" name="[83] /home/travis/build/icyphy/ptII/ptolemy/domains/de/test/auto/functionDependencyReconstruction.xml (RunModel)" time="0.033" />
  <testcase classname="ptolemy.util.test.junit.AutoTests" name="[84] /home/travis/build/icyphy/ptII/ptolemy/domains/de/test/auto/multirate.xml (RunModel)" time="0.018" />
  <testcase classname="ptolemy.util.test.junit.AutoTests" name="[85] /home/travis/build/icyphy/ptII/ptolemy/domains/de/test/auto/multirate2.xml (RunModel)" time="0.035" />
  <testcase classname="ptolemy.util.test.junit.AutoTests" name="[86] /home/travis/build/icyphy/ptII/ptolemy/domains/de/test/auto/realtime.xml (RunModel)" time="10.019" />
  <testcase classname="ptolemy.util.test.junit.AutoTests" name="[87] /home/travis/build/icyphy/ptII/ptolemy/domains/de/test/auto/relationGroup.xml (RunModel)" time="0.016" />
  <testcase classname="ptolemy.util.test.junit.AutoTests" name="[88] /home/travis/build/icyphy/ptII/ptolemy/domains/de/test/auto/relationGroup2.xml (RunModel)" time="0.01" />
  <testcase classname="ptolemy.util.test.junit.AutoTests" name="[89] /home/travis/build/icyphy/ptII/ptolemy/domains/de/test/auto/sortWithOpaquePorts.xml (RunModel)" time="0.015" />
  <testcase classname="ptolemy.util.test.junit.AutoTests" name="[90] /home/travis/build/icyphy/ptII/ptolemy/domains/de/test/auto/transferInputsandOutputs.xml (RunModel)" time="0.02" />
  <testcase classname="ptolemy.util.test.junit.AutoTests" name="[91] /home/travis/build/icyphy/ptII/ptolemy/domains/de/test/auto/triggerType.xml (RunModel)" time="0.018" />
  <system-out><![CDATA[/home/travis/build/icyphy/ptII/ptolemy/domains/de/test/DependencyLoop.tcl
testDefs.tcl: setting time out to 9000 seconds at Wed Nov 27 06:17:48 UTC 2019
66 ms. Memory: 120832K Free: 72007K (60%)
24 ms. Memory: 120832K Free: 54585K (45%)
/home/travis/build/icyphy/ptII/ptolemy/domains/de/test/RunDETestsAsQSS.tcl
Run the DE tests using ptolemy.domains.qss.test.QSSDirectorTest, which extends QSSDirector and prints a message in the constructors.
------------------ testing $PTII/ptolemy/domains/de/test/auto/knownFailedTests/DirectFeedback.xml (Known Failure) 
72 ms. Memory: 120832K Free: 48969K (41%)


==== $PTIIhome/travis/build/icyphy/ptII/ptolemy/domains/de/test/../../../../: Auto Automatic test in file $PTII/ptolemy/domains/de/test/auto/knownFailedTests/DirectFeedback.xml
==== Contents of test case:

	    # FIXME: we should use $relativeFilename here, but it
	    # might have backslashes under Windows, which causes no end
	    # of trouble.
	    createAndExecute $file
	    list {}
	
.... Test generated KNOWN error:
    while executing
ptolemy.kernel.util.IllegalActionException: Test fails in iteration 1.
Value was: 1.0. Should have been: 2.0
  in .DirectFeedback.Test
	at ptolemy.actor.lib.Test.fire(Test.java:268)
	at ptolemy.domains.de.kernel.DEDirector._fire(DEDirector.java:1949)
	at ptolemy.domains.de.kernel.DEDirector.fire(DEDirector.java:502)
	at ptolemy.actor.CompositeActor.fire(CompositeActor.java:455)
	at ptolemy.actor.Manager.iterate(Manager.java:851)
	at ptolemy.actor.Manager.execute(Manager.java:369)
	at ptolemy.actor.Manager.run(Manager.java:1263)
	at ptolemy.actor.Manager$PtolemyRunThread.run(Manager.java:1933)

    while executing
ptolemy.kernel.util.IllegalActionException: Test fails in iteration 1.
Value was: 1.0. Should have been: 2.0
  in .DirectFeedback.Test
    while executing
"java::new ptolemy.moml.MoMLSimpleApplication $file
"
    (procedure "createAndExecute" line 2)
    invoked from within
"createAndExecute $file"
    ("uplevel" body line 5)
    invoked from within
"uplevel $contents_of_test"
------------------ testing $PTII/ptolemy/domains/de/test/auto/knownFailedTests/dependencyLoop.xml (Known Failure) 
18 ms. Memory: 120832K Free: 45897K (38%)


==== $PTIIhome/travis/build/icyphy/ptII/ptolemy/domains/de/test/../../../../: Auto Automatic test in file $PTII/ptolemy/domains/de/test/auto/knownFailedTests/dependencyLoop.xml
==== Contents of test case:

	    # FIXME: we should use $relativeFilename here, but it
	    # might have backslashes under Windows, which causes no end
	    # of trouble.
	    createAndExecute $file
	    list {}
	
.... Test generated KNOWN error:
    while executing
ptolemy.kernel.util.IllegalActionException: Found a zero delay loop containing .dependencyLoop.original
  in .dependencyLoop and .dependencyLoop.original
	at ptolemy.actor.util.CausalityInterfaceForComposites._computeOutputPortDepth(CausalityInterfaceForComposites.java:759)
	at ptolemy.actor.util.CausalityInterfaceForComposites._computeInputDepth(CausalityInterfaceForComposites.java:696)
	at ptolemy.actor.util.CausalityInterfaceForComposites._computeOutputPortDepth(CausalityInterfaceForComposites.java:765)
	at ptolemy.actor.util.CausalityInterfaceForComposites._computeInputDepth(CausalityInterfaceForComposites.java:696)
	at ptolemy.actor.util.CausalityInterfaceForComposites._computeOutputPortDepth(CausalityInterfaceForComposites.java:765)
	at ptolemy.actor.util.CausalityInterfaceForComposites._computeInputDepth(CausalityInterfaceForComposites.java:696)
	at ptolemy.actor.util.CausalityInterfaceForComposites._computeActorDepth(CausalityInterfaceForComposites.java:532)
	at ptolemy.actor.util.CausalityInterfaceForComposites.checkForCycles(CausalityInterfaceForComposites.java:96)
	at ptolemy.domains.de.kernel.DEDirector.preinitialize(DEDirector.java:1338)
	at ptolemy.actor.CompositeActor.preinitialize(CompositeActor.java:1828)
	at ptolemy.actor.Manager.preinitializeAndResolveTypes(Manager.java:1040)
	at ptolemy.actor.Manager.initialize(Manager.java:710)
	at ptolemy.actor.Manager.execute(Manager.java:356)
	at ptolemy.actor.Manager.run(Manager.java:1263)
	at ptolemy.actor.Manager$PtolemyRunThread.run(Manager.java:1933)

    while executing
ptolemy.kernel.util.IllegalActionException: Found a zero delay loop containing .dependencyLoop.original
  in .dependencyLoop and .dependencyLoop.original
    while executing
"java::new ptolemy.moml.MoMLSimpleApplication $file
"
    (procedure "createAndExecute" line 2)
    invoked from within
"createAndExecute $file"
    ("uplevel" body line 5)
    invoked from within
"uplevel $contents_of_test"
------------------ testing $PTII/ptolemy/domains/de/test/auto/knownFailedTests/FSMSource.xml (Known Failure) 
88 ms. Memory: 120832K Free: 99877K (83%)
!!!! Auto was marked as failing, but now passes
------------------ testing $PTII/ptolemy/domains/de/test/auto/knownFailedTests/HierarchicalModel.xml (Known Failure) 
10 ms. Memory: 120832K Free: 82017K (68%)


==== $PTIIhome/travis/build/icyphy/ptII/ptolemy/domains/de/test/../../../../: Auto Automatic test in file $PTII/ptolemy/domains/de/test/auto/knownFailedTests/HierarchicalModel.xml
==== Contents of test case:

	    # FIXME: we should use $relativeFilename here, but it
	    # might have backslashes under Windows, which causes no end
	    # of trouble.
	    createAndExecute $file
	    list {}
	
.... Test generated KNOWN error:
    while executing
ptolemy.kernel.util.IllegalActionException: Found a zero delay loop containing .HierarchicalModel.A
  in .HierarchicalModel and .HierarchicalModel.A
	at ptolemy.actor.util.CausalityInterfaceForComposites._computeOutputPortDepth(CausalityInterfaceForComposites.java:759)
	at ptolemy.actor.util.CausalityInterfaceForComposites._computeInputDepth(CausalityInterfaceForComposites.java:696)
	at ptolemy.actor.util.CausalityInterfaceForComposites._computeOutputPortDepth(CausalityInterfaceForComposites.java:765)
	at ptolemy.actor.util.CausalityInterfaceForComposites._computeInputDepth(CausalityInterfaceForComposites.java:696)
	at ptolemy.actor.util.CausalityInterfaceForComposites._computeOutputPortDepth(CausalityInterfaceForComposites.java:765)
	at ptolemy.actor.util.CausalityInterfaceForComposites._computeInputDepth(CausalityInterfaceForComposites.java:696)
	at ptolemy.actor.util.CausalityInterfaceForComposites._computeActorDepth(CausalityInterfaceForComposites.java:532)
	at ptolemy.actor.util.CausalityInterfaceForComposites.checkForCycles(CausalityInterfaceForComposites.java:96)
	at ptolemy.domains.de.kernel.DEDirector.preinitialize(DEDirector.java:1338)
	at ptolemy.actor.CompositeActor.preinitialize(CompositeActor.java:1828)
	at ptolemy.actor.Manager.preinitializeAndResolveTypes(Manager.java:1040)
	at ptolemy.actor.Manager.initialize(Manager.java:710)
	at ptolemy.actor.Manager.execute(Manager.java:356)
	at ptolemy.actor.Manager.run(Manager.java:1263)
	at ptolemy.actor.Manager$PtolemyRunThread.run(Manager.java:1933)

    while executing
ptolemy.kernel.util.IllegalActionException: Found a zero delay loop containing .HierarchicalModel.A
  in .HierarchicalModel and .HierarchicalModel.A
    while executing
"java::new ptolemy.moml.MoMLSimpleApplication $file
"
    (procedure "createAndExecute" line 2)
    invoked from within
"createAndExecute $file"
    ("uplevel" body line 5)
    invoked from within
"uplevel $contents_of_test"
------------------ testing $PTII/ptolemy/domains/de/test/auto/knownFailedTests/dependencyLoop2.xml (Known Failure) 
51 ms. Memory: 120832K Free: 106748K (88%)


==== $PTIIhome/travis/build/icyphy/ptII/ptolemy/domains/de/test/../../../../: Auto Automatic test in file $PTII/ptolemy/domains/de/test/auto/knownFailedTests/dependencyLoop2.xml
==== Contents of test case:

	    # FIXME: we should use $relativeFilename here, but it
	    # might have backslashes under Windows, which causes no end
	    # of trouble.
	    createAndExecute $file
	    list {}
	
.... Test generated KNOWN error:
    while executing
ptolemy.kernel.util.IllegalActionException: Found a zero delay loop containing .dependencyLoop2.original
  in .dependencyLoop2 and .dependencyLoop2.original
	at ptolemy.actor.util.CausalityInterfaceForComposites._computeOutputPortDepth(CausalityInterfaceForComposites.java:759)
	at ptolemy.actor.util.CausalityInterfaceForComposites._computeInputDepth(CausalityInterfaceForComposites.java:696)
	at ptolemy.actor.util.CausalityInterfaceForComposites._computeOutputPortDepth(CausalityInterfaceForComposites.java:765)
	at ptolemy.actor.util.CausalityInterfaceForComposites._computeInputDepth(CausalityInterfaceForComposites.java:696)
	at ptolemy.actor.util.CausalityInterfaceForComposites._computeOutputPortDepth(CausalityInterfaceForComposites.java:765)
	at ptolemy.actor.util.CausalityInterfaceForComposites._computeInputDepth(CausalityInterfaceForComposites.java:696)
	at ptolemy.actor.util.CausalityInterfaceForComposites._computeActorDepth(CausalityInterfaceForComposites.java:532)
	at ptolemy.actor.util.CausalityInterfaceForComposites.checkForCycles(CausalityInterfaceForComposites.java:96)
	at ptolemy.domains.de.kernel.DEDirector.preinitialize(DEDirector.java:1338)
	at ptolemy.actor.CompositeActor.preinitialize(CompositeActor.java:1828)
	at ptolemy.actor.Manager.preinitializeAndResolveTypes(Manager.java:1040)
	at ptolemy.actor.Manager.initialize(Manager.java:710)
	at ptolemy.actor.Manager.execute(Manager.java:356)
	at ptolemy.actor.Manager.run(Manager.java:1263)
	at ptolemy.actor.Manager$PtolemyRunThread.run(Manager.java:1933)

    while executing
ptolemy.kernel.util.IllegalActionException: Found a zero delay loop containing .dependencyLoop2.original
  in .dependencyLoop2 and .dependencyLoop2.original
    while executing
"java::new ptolemy.moml.MoMLSimpleApplication $file
"
    (procedure "createAndExecute" line 2)
    invoked from within
"createAndExecute $file"
    ("uplevel" body line 5)
    invoked from within
"uplevel $contents_of_test"
------------------ testing $PTII/ptolemy/domains/de/test/auto/knownFailedTests/DESDFClockTest.xml (Known Failure) 
2057 ms. Memory: 120832K Free: 92996K (77%)


==== $PTIIhome/travis/build/icyphy/ptII/ptolemy/domains/de/test/../../../../: Auto Automatic test in file $PTII/ptolemy/domains/de/test/auto/knownFailedTests/DESDFClockTest.xml
==== Contents of test case:

	    # FIXME: we should use $relativeFilename here, but it
	    # might have backslashes under Windows, which causes no end
	    # of trouble.
	    createAndExecute $file
	    list {}
	
.... Test generated KNOWN error:
    while executing
ptolemy.kernel.util.IllegalActionException: Actor is not ready to fire.  Perhaps UpSample.prefire() returned false? Try debugging the actor by selecting "Listen to Actor".  Also, for SDF check moml for tokenConsumptionRate on input.
  in .DESDFClockTest.Play Bell.Copy1:SDF Director and .DESDFClockTest.Play Bell.UpSample
	at ptolemy.actor.sched.StaticSchedulingDirector.fire(StaticSchedulingDirector.java:227)
	at ptolemy.domains.sdf.kernel.SDFDirector.fire(SDFDirector.java:500)
	at ptolemy.actor.CompositeActor.fire(CompositeActor.java:455)
	at ptolemy.domains.de.kernel.DEDirector._fire(DEDirector.java:1949)
	at ptolemy.domains.de.kernel.DEDirector.fire(DEDirector.java:502)
	at ptolemy.actor.CompositeActor.fire(CompositeActor.java:455)
	at ptolemy.actor.Manager.iterate(Manager.java:851)
	at ptolemy.actor.Manager.execute(Manager.java:369)
	at ptolemy.actor.Manager.run(Manager.java:1263)
	at ptolemy.actor.Manager$PtolemyRunThread.run(Manager.java:1933)

    while executing
ptolemy.kernel.util.IllegalActionException: Actor is not ready to fire.  Perhaps UpSample.prefire() returned false? Try debugging the actor by selecting "Listen to Actor".  Also, for SDF check moml for tokenConsumptionRate on input.
  in .DESDFClockTest.Play Bell.Copy1:SDF Director and .DESDFClockTest.Play Bell.UpSample
    while executing
"java::new ptolemy.moml.MoMLSimpleApplication $file
"
    (procedure "createAndExecute" line 2)
    invoked from within
"createAndExecute $file"
    ("uplevel" body line 5)
    invoked from within
"uplevel $contents_of_test"
------------------ testing $PTII/ptolemy/domains/de/test/auto/ActorDepthCalculation_actorWithoutPorts.xml
auto.tcl: Setting watchdog for 200 seconds at Wed Nov 27 06:17:52 UTC 2019
5 ms. Memory: 120832K Free: 85300K (71%)
ptolemy.util.test.WatchDog.cancel(): canceling Wed Nov 27 06:17:52 UTC 2019
auto.tcl: Setting watchdog for 200 seconds at Wed Nov 27 06:17:52 UTC 2019
10 ms. Memory: 120832K Free: 83780K (69%)
ptolemy.util.test.WatchDog.cancel(): canceling Wed Nov 27 06:17:52 UTC 2019
------------------ testing $PTII/ptolemy/domains/de/test/auto/AssemblyLine.xml
auto.tcl: Setting watchdog for 200 seconds at Wed Nov 27 06:17:53 UTC 2019
17 ms. Memory: 48128K Free: 26015K (54%)
ptolemy.util.test.WatchDog.cancel(): canceling Wed Nov 27 06:17:53 UTC 2019
auto.tcl: Setting watchdog for 200 seconds at Wed Nov 27 06:17:53 UTC 2019
7 ms. Memory: 48128K Free: 25303K (53%)
ptolemy.util.test.WatchDog.cancel(): canceling Wed Nov 27 06:17:53 UTC 2019
------------------ testing $PTII/ptolemy/domains/de/test/auto/CQBug1.xml
auto.tcl: Setting watchdog for 200 seconds at Wed Nov 27 06:17:53 UTC 2019
3 ms. Memory: 48128K Free: 31549K (66%)
ptolemy.util.test.WatchDog.cancel(): canceling Wed Nov 27 06:17:53 UTC 2019
auto.tcl: Setting watchdog for 200 seconds at Wed Nov 27 06:17:53 UTC 2019
3 ms. Memory: 48128K Free: 31133K (65%)
ptolemy.util.test.WatchDog.cancel(): canceling Wed Nov 27 06:17:53 UTC 2019
------------------ testing $PTII/ptolemy/domains/de/test/auto/CancelFireAt.xml
auto.tcl: Setting watchdog for 200 seconds at Wed Nov 27 06:17:53 UTC 2019
3 ms. Memory: 45056K Free: 29732K (66%)
ptolemy.util.test.WatchDog.cancel(): canceling Wed Nov 27 06:17:53 UTC 2019
auto.tcl: Setting watchdog for 200 seconds at Wed Nov 27 06:17:53 UTC 2019
4 ms. Memory: 45056K Free: 29283K (65%)
ptolemy.util.test.WatchDog.cancel(): canceling Wed Nov 27 06:17:53 UTC 2019
------------------ testing $PTII/ptolemy/domains/de/test/auto/CausalityAndComposabilityAnalysis.xml
auto.tcl: Setting watchdog for 200 seconds at Wed Nov 27 06:17:53 UTC 2019
8 ms. Memory: 45056K Free: 27439K (61%)
ptolemy.util.test.WatchDog.cancel(): canceling Wed Nov 27 06:17:53 UTC 2019
auto.tcl: Setting watchdog for 200 seconds at Wed Nov 27 06:17:53 UTC 2019
6 ms. Memory: 45056K Free: 27008K (60%)
ptolemy.util.test.WatchDog.cancel(): canceling Wed Nov 27 06:17:53 UTC 2019
------------------ testing $PTII/ptolemy/domains/de/test/auto/CausalityInterface1.xml
auto.tcl: Setting watchdog for 200 seconds at Wed Nov 27 06:17:53 UTC 2019
19 ms. Memory: 45056K Free: 26372K (59%)
ptolemy.util.test.WatchDog.cancel(): canceling Wed Nov 27 06:17:53 UTC 2019
auto.tcl: Setting watchdog for 200 seconds at Wed Nov 27 06:17:53 UTC 2019
4 ms. Memory: 45056K Free: 25402K (56%)
ptolemy.util.test.WatchDog.cancel(): canceling Wed Nov 27 06:17:53 UTC 2019
------------------ testing $PTII/ptolemy/domains/de/test/auto/CausalityInterface15.xml
auto.tcl: Setting watchdog for 200 seconds at Wed Nov 27 06:17:53 UTC 2019
6 ms. Memory: 45056K Free: 26071K (58%)
ptolemy.util.test.WatchDog.cancel(): canceling Wed Nov 27 06:17:53 UTC 2019
auto.tcl: Setting watchdog for 200 seconds at Wed Nov 27 06:17:53 UTC 2019
4 ms. Memory: 45056K Free: 25340K (56%)
ptolemy.util.test.WatchDog.cancel(): canceling Wed Nov 27 06:17:53 UTC 2019
------------------ testing $PTII/ptolemy/domains/de/test/auto/CausalityInterface2.xml
auto.tcl: Setting watchdog for 200 seconds at Wed Nov 27 06:17:53 UTC 2019
7 ms. Memory: 45056K Free: 27095K (60%)
ptolemy.util.test.WatchDog.cancel(): canceling Wed Nov 27 06:17:54 UTC 2019
auto.tcl: Setting watchdog for 200 seconds at Wed Nov 27 06:17:54 UTC 2019
3 ms. Memory: 45056K Free: 26348K (58%)
ptolemy.util.test.WatchDog.cancel(): canceling Wed Nov 27 06:17:54 UTC 2019
------------------ testing $PTII/ptolemy/domains/de/test/auto/CausalityInterface3.xml
auto.tcl: Setting watchdog for 200 seconds at Wed Nov 27 06:17:54 UTC 2019
11 ms. Memory: 45056K Free: 26565K (59%)
ptolemy.util.test.WatchDog.cancel(): canceling Wed Nov 27 06:17:54 UTC 2019
auto.tcl: Setting watchdog for 200 seconds at Wed Nov 27 06:17:54 UTC 2019
4 ms. Memory: 45056K Free: 25768K (57%)
ptolemy.util.test.WatchDog.cancel(): canceling Wed Nov 27 06:17:54 UTC 2019
------------------ testing $PTII/ptolemy/domains/de/test/auto/ClockDrift.xml
auto.tcl: Setting watchdog for 200 seconds at Wed Nov 27 06:17:54 UTC 2019
101 ms. Memory: 45056K Free: 19158K (43%)
ptolemy.util.test.WatchDog.cancel(): canceling Wed Nov 27 06:17:54 UTC 2019
auto.tcl: Setting watchdog for 200 seconds at Wed Nov 27 06:17:54 UTC 2019
64 ms. Memory: 45056K Free: 15739K (35%)
ptolemy.util.test.WatchDog.cancel(): canceling Wed Nov 27 06:17:54 UTC 2019
------------------ testing $PTII/ptolemy/domains/de/test/auto/ClockDriftAndValueChange.xml
auto.tcl: Setting watchdog for 200 seconds at Wed Nov 27 06:17:54 UTC 2019
47 ms. Memory: 45056K Free: 19513K (43%)
ptolemy.util.test.WatchDog.cancel(): canceling Wed Nov 27 06:17:54 UTC 2019
auto.tcl: Setting watchdog for 200 seconds at Wed Nov 27 06:17:54 UTC 2019
31 ms. Memory: 45056K Free: 16382K (36%)
ptolemy.util.test.WatchDog.cancel(): canceling Wed Nov 27 06:17:54 UTC 2019
------------------ testing $PTII/ptolemy/domains/de/test/auto/ClockDriftChange.xml
auto.tcl: Setting watchdog for 200 seconds at Wed Nov 27 06:17:54 UTC 2019
22 ms. Memory: 45056K Free: 21272K (47%)
ptolemy.util.test.WatchDog.cancel(): canceling Wed Nov 27 06:17:54 UTC 2019
auto.tcl: Setting watchdog for 200 seconds at Wed Nov 27 06:17:54 UTC 2019
29 ms. Memory: 45056K Free: 18702K (42%)
ptolemy.util.test.WatchDog.cancel(): canceling Wed Nov 27 06:17:54 UTC 2019
------------------ testing $PTII/ptolemy/domains/de/test/auto/ComposableCausalityAnalysis.xml
auto.tcl: Setting watchdog for 200 seconds at Wed Nov 27 06:17:54 UTC 2019
2 ms. Memory: 45056K Free: 25934K (58%)
ptolemy.util.test.WatchDog.cancel(): canceling Wed Nov 27 06:17:54 UTC 2019
auto.tcl: Setting watchdog for 200 seconds at Wed Nov 27 06:17:54 UTC 2019
6 ms. Memory: 45056K Free: 24840K (55%)
ptolemy.util.test.WatchDog.cancel(): canceling Wed Nov 27 06:17:54 UTC 2019
------------------ testing $PTII/ptolemy/domains/de/test/auto/DEFixedPointLimitation.xml
auto.tcl: Setting watchdog for 200 seconds at Wed Nov 27 06:17:54 UTC 2019
3 ms. Memory: 45056K Free: 27234K (60%)
ptolemy.util.test.WatchDog.cancel(): canceling Wed Nov 27 06:17:54 UTC 2019
auto.tcl: Setting watchdog for 200 seconds at Wed Nov 27 06:17:54 UTC 2019
2 ms. Memory: 45056K Free: 26336K (58%)
ptolemy.util.test.WatchDog.cancel(): canceling Wed Nov 27 06:17:55 UTC 2019
------------------ testing $PTII/ptolemy/domains/de/test/auto/DEScheduleTest.xml
auto.tcl: Setting watchdog for 200 seconds at Wed Nov 27 06:17:55 UTC 2019
5 ms. Memory: 45056K Free: 27559K (61%)
ptolemy.util.test.WatchDog.cancel(): canceling Wed Nov 27 06:17:55 UTC 2019
auto.tcl: Setting watchdog for 200 seconds at Wed Nov 27 06:17:55 UTC 2019
7 ms. Memory: 45056K Free: 26772K (59%)
ptolemy.util.test.WatchDog.cancel(): canceling Wed Nov 27 06:17:55 UTC 2019
------------------ testing $PTII/ptolemy/domains/de/test/auto/DEinDEwithStartTimes.xml
auto.tcl: Setting watchdog for 200 seconds at Wed Nov 27 06:17:55 UTC 2019
5 ms. Memory: 45056K Free: 25699K (57%)
ptolemy.util.test.WatchDog.cancel(): canceling Wed Nov 27 06:17:55 UTC 2019
auto.tcl: Setting watchdog for 200 seconds at Wed Nov 27 06:17:55 UTC 2019
4 ms. Memory: 45056K Free: 24304K (54%)
ptolemy.util.test.WatchDog.cancel(): canceling Wed Nov 27 06:17:55 UTC 2019
------------------ testing $PTII/ptolemy/domains/de/test/auto/DEinDEwithStartTimes2.xml
auto.tcl: Setting watchdog for 200 seconds at Wed Nov 27 06:17:55 UTC 2019
8 ms. Memory: 45056K Free: 24939K (55%)
ptolemy.util.test.WatchDog.cancel(): canceling Wed Nov 27 06:17:55 UTC 2019
auto.tcl: Setting watchdog for 200 seconds at Wed Nov 27 06:17:55 UTC 2019
5 ms. Memory: 45056K Free: 23631K (52%)
ptolemy.util.test.WatchDog.cancel(): canceling Wed Nov 27 06:17:55 UTC 2019
------------------ testing $PTII/ptolemy/domains/de/test/auto/DateDemo.xml
auto.tcl: Setting watchdog for 200 seconds at Wed Nov 27 06:17:55 UTC 2019
17 ms. Memory: 45056K Free: 19865K (44%)
ptolemy.util.test.WatchDog.cancel(): canceling Wed Nov 27 06:17:55 UTC 2019
auto.tcl: Setting watchdog for 200 seconds at Wed Nov 27 06:17:55 UTC 2019
11 ms. Memory: 45056K Free: 18126K (40%)
ptolemy.util.test.WatchDog.cancel(): canceling Wed Nov 27 06:17:55 UTC 2019
------------------ testing $PTII/ptolemy/domains/de/test/auto/DateToEvent.xml
auto.tcl: Setting watchdog for 200 seconds at Wed Nov 27 06:17:55 UTC 2019
2022 ms. Memory: 45056K Free: 14597K (32%)
ptolemy.util.test.WatchDog.cancel(): canceling Wed Nov 27 06:17:57 UTC 2019
auto.tcl: Setting watchdog for 200 seconds at Wed Nov 27 06:17:57 UTC 2019
2011 ms. Memory: 45056K Free: 14203K (32%)
ptolemy.util.test.WatchDog.cancel(): canceling Wed Nov 27 06:17:59 UTC 2019
------------------ testing $PTII/ptolemy/domains/de/test/auto/DepthTest1.xml
auto.tcl: Setting watchdog for 200 seconds at Wed Nov 27 06:17:59 UTC 2019
3 ms. Memory: 45056K Free: 28326K (63%)
ptolemy.util.test.WatchDog.cancel(): canceling Wed Nov 27 06:17:59 UTC 2019
auto.tcl: Setting watchdog for 200 seconds at Wed Nov 27 06:17:59 UTC 2019
2 ms. Memory: 45056K Free: 27790K (62%)
ptolemy.util.test.WatchDog.cancel(): canceling Wed Nov 27 06:17:59 UTC 2019
------------------ testing $PTII/ptolemy/domains/de/test/auto/DepthTest2.xml
auto.tcl: Setting watchdog for 200 seconds at Wed Nov 27 06:17:59 UTC 2019
12 ms. Memory: 45056K Free: 25028K (56%)
ptolemy.util.test.WatchDog.cancel(): canceling Wed Nov 27 06:17:59 UTC 2019
auto.tcl: Setting watchdog for 200 seconds at Wed Nov 27 06:17:59 UTC 2019
3 ms. Memory: 45056K Free: 24523K (54%)
ptolemy.util.test.WatchDog.cancel(): canceling Wed Nov 27 06:17:59 UTC 2019
------------------ testing $PTII/ptolemy/domains/de/test/auto/DepthTest3.xml
auto.tcl: Setting watchdog for 200 seconds at Wed Nov 27 06:17:59 UTC 2019
5 ms. Memory: 45056K Free: 28525K (63%)
ptolemy.util.test.WatchDog.cancel(): canceling Wed Nov 27 06:17:59 UTC 2019
auto.tcl: Setting watchdog for 200 seconds at Wed Nov 27 06:17:59 UTC 2019
2 ms. Memory: 45056K Free: 28142K (62%)
ptolemy.util.test.WatchDog.cancel(): canceling Wed Nov 27 06:17:59 UTC 2019
------------------ testing $PTII/ptolemy/domains/de/test/auto/DepthTest4.xml
auto.tcl: Setting watchdog for 200 seconds at Wed Nov 27 06:17:59 UTC 2019
7 ms. Memory: 45056K Free: 26883K (60%)
ptolemy.util.test.WatchDog.cancel(): canceling Wed Nov 27 06:18:00 UTC 2019
auto.tcl: Setting watchdog for 200 seconds at Wed Nov 27 06:18:00 UTC 2019
2 ms. Memory: 45056K Free: 26139K (58%)
ptolemy.util.test.WatchDog.cancel(): canceling Wed Nov 27 06:18:00 UTC 2019
------------------ testing $PTII/ptolemy/domains/de/test/auto/DepthTest5.xml
auto.tcl: Setting watchdog for 200 seconds at Wed Nov 27 06:18:00 UTC 2019
4 ms. Memory: 45056K Free: 26283K (58%)
ptolemy.util.test.WatchDog.cancel(): canceling Wed Nov 27 06:18:00 UTC 2019
auto.tcl: Setting watchdog for 200 seconds at Wed Nov 27 06:18:00 UTC 2019
3 ms. Memory: 45056K Free: 25505K (57%)
ptolemy.util.test.WatchDog.cancel(): canceling Wed Nov 27 06:18:00 UTC 2019
------------------ testing $PTII/ptolemy/domains/de/test/auto/DepthTest6.xml
auto.tcl: Setting watchdog for 200 seconds at Wed Nov 27 06:18:00 UTC 2019
8 ms. Memory: 45056K Free: 25531K (57%)
ptolemy.util.test.WatchDog.cancel(): canceling Wed Nov 27 06:18:00 UTC 2019
auto.tcl: Setting watchdog for 200 seconds at Wed Nov 27 06:18:00 UTC 2019
3 ms. Memory: 45056K Free: 25043K (56%)
ptolemy.util.test.WatchDog.cancel(): canceling Wed Nov 27 06:18:00 UTC 2019
------------------ testing $PTII/ptolemy/domains/de/test/auto/DepthTest7.xml
auto.tcl: Setting watchdog for 200 seconds at Wed Nov 27 06:18:00 UTC 2019
4 ms. Memory: 45056K Free: 26485K (59%)
ptolemy.util.test.WatchDog.cancel(): canceling Wed Nov 27 06:18:00 UTC 2019
auto.tcl: Setting watchdog for 200 seconds at Wed Nov 27 06:18:00 UTC 2019
2 ms. Memory: 45056K Free: 26119K (58%)
ptolemy.util.test.WatchDog.cancel(): canceling Wed Nov 27 06:18:00 UTC 2019
------------------ testing $PTII/ptolemy/domains/de/test/auto/EventToDate.xml
auto.tcl: Setting watchdog for 200 seconds at Wed Nov 27 06:18:00 UTC 2019
3007 ms. Memory: 45056K Free: 17613K (39%)
ptolemy.util.test.WatchDog.cancel(): canceling Wed Nov 27 06:18:03 UTC 2019
auto.tcl: Setting watchdog for 200 seconds at Wed Nov 27 06:18:03 UTC 2019
3004 ms. Memory: 45056K Free: 16892K (37%)
ptolemy.util.test.WatchDog.cancel(): canceling Wed Nov 27 06:18:06 UTC 2019
------------------ testing $PTII/ptolemy/domains/de/test/auto/FSM1.xml
auto.tcl: Setting watchdog for 200 seconds at Wed Nov 27 06:18:06 UTC 2019
45 ms. Memory: 45056K Free: 18813K (42%)
ptolemy.util.test.WatchDog.cancel(): canceling Wed Nov 27 06:18:06 UTC 2019
auto.tcl: Setting watchdog for 200 seconds at Wed Nov 27 06:18:06 UTC 2019
20 ms. Memory: 45056K Free: 15553K (35%)
ptolemy.util.test.WatchDog.cancel(): canceling Wed Nov 27 06:18:06 UTC 2019
------------------ testing $PTII/ptolemy/domains/de/test/auto/FSM7.xml
auto.tcl: Setting watchdog for 200 seconds at Wed Nov 27 06:18:06 UTC 2019
27 ms. Memory: 45056K Free: 18707K (42%)
ptolemy.util.test.WatchDog.cancel(): canceling Wed Nov 27 06:18:06 UTC 2019
auto.tcl: Setting watchdog for 200 seconds at Wed Nov 27 06:18:06 UTC 2019
17 ms. Memory: 45056K Free: 15750K (35%)
ptolemy.util.test.WatchDog.cancel(): canceling Wed Nov 27 06:18:06 UTC 2019
------------------ testing $PTII/ptolemy/domains/de/test/auto/Inspection.xml
auto.tcl: Setting watchdog for 200 seconds at Wed Nov 27 06:18:06 UTC 2019
32 ms. Memory: 45056K Free: 18354K (41%)
ptolemy.util.test.WatchDog.cancel(): canceling Wed Nov 27 06:18:06 UTC 2019
auto.tcl: Setting watchdog for 200 seconds at Wed Nov 27 06:18:06 UTC 2019
33 ms. Memory: 45056K Free: 16469K (37%)
ptolemy.util.test.WatchDog.cancel(): canceling Wed Nov 27 06:18:06 UTC 2019
------------------ testing $PTII/ptolemy/domains/de/test/auto/Iteration.xml
auto.tcl: Setting watchdog for 200 seconds at Wed Nov 27 06:18:06 UTC 2019
9 ms. Memory: 45056K Free: 24270K (54%)
ptolemy.util.test.WatchDog.cancel(): canceling Wed Nov 27 06:18:06 UTC 2019
auto.tcl: Setting watchdog for 200 seconds at Wed Nov 27 06:18:06 UTC 2019
6 ms. Memory: 45056K Free: 23227K (52%)
ptolemy.util.test.WatchDog.cancel(): canceling Wed Nov 27 06:18:07 UTC 2019
------------------ testing $PTII/ptolemy/domains/de/test/auto/LineFault.xml
auto.tcl: Setting watchdog for 200 seconds at Wed Nov 27 06:18:07 UTC 2019
640 ms. Memory: 55296K Free: 13705K (25%)
ptolemy.util.test.WatchDog.cancel(): canceling Wed Nov 27 06:18:07 UTC 2019
auto.tcl: Setting watchdog for 200 seconds at Wed Nov 27 06:18:07 UTC 2019
631 ms. Memory: 55296K Free: 36361K (66%)
ptolemy.util.test.WatchDog.cancel(): canceling Wed Nov 27 06:18:08 UTC 2019
------------------ testing $PTII/ptolemy/domains/de/test/auto/MergeModel1Add.xml
auto.tcl: Setting watchdog for 200 seconds at Wed Nov 27 06:18:08 UTC 2019
31 ms. Memory: 51200K Free: 15838K (31%)
ptolemy.util.test.WatchDog.cancel(): canceling Wed Nov 27 06:18:08 UTC 2019
auto.tcl: Setting watchdog for 200 seconds at Wed Nov 27 06:18:08 UTC 2019
11 ms. Memory: 51200K Free: 14154K (28%)
ptolemy.util.test.WatchDog.cancel(): canceling Wed Nov 27 06:18:08 UTC 2019
------------------ testing $PTII/ptolemy/domains/de/test/auto/MergeModel2Add.xml
auto.tcl: Setting watchdog for 200 seconds at Wed Nov 27 06:18:08 UTC 2019
8 ms. Memory: 51200K Free: 18689K (37%)
ptolemy.util.test.WatchDog.cancel(): canceling Wed Nov 27 06:18:08 UTC 2019
auto.tcl: Setting watchdog for 200 seconds at Wed Nov 27 06:18:08 UTC 2019
8 ms. Memory: 51200K Free: 17011K (33%)
ptolemy.util.test.WatchDog.cancel(): canceling Wed Nov 27 06:18:08 UTC 2019
------------------ testing $PTII/ptolemy/domains/de/test/auto/MergeModel3Add.xml
auto.tcl: Setting watchdog for 200 seconds at Wed Nov 27 06:18:08 UTC 2019
8 ms. Memory: 48128K Free: 15357K (32%)
ptolemy.util.test.WatchDog.cancel(): canceling Wed Nov 27 06:18:09 UTC 2019
auto.tcl: Setting watchdog for 200 seconds at Wed Nov 27 06:18:09 UTC 2019
8 ms. Memory: 48128K Free: 13989K (29%)
ptolemy.util.test.WatchDog.cancel(): canceling Wed Nov 27 06:18:09 UTC 2019
------------------ testing $PTII/ptolemy/domains/de/test/auto/MergeWithoutDiscard.xml
auto.tcl: Setting watchdog for 200 seconds at Wed Nov 27 06:18:09 UTC 2019
2 ms. Memory: 48128K Free: 30228K (63%)
ptolemy.util.test.WatchDog.cancel(): canceling Wed Nov 27 06:18:09 UTC 2019
auto.tcl: Setting watchdog for 200 seconds at Wed Nov 27 06:18:09 UTC 2019
2 ms. Memory: 48128K Free: 29324K (61%)
ptolemy.util.test.WatchDog.cancel(): canceling Wed Nov 27 06:18:09 UTC 2019
------------------ testing $PTII/ptolemy/domains/de/test/auto/Modal1.xml
auto.tcl: Setting watchdog for 200 seconds at Wed Nov 27 06:18:09 UTC 2019
13 ms. Memory: 48128K Free: 22088K (46%)
ptolemy.util.test.WatchDog.cancel(): canceling Wed Nov 27 06:18:09 UTC 2019
auto.tcl: Setting watchdog for 200 seconds at Wed Nov 27 06:18:09 UTC 2019
13 ms. Memory: 48128K Free: 18806K (39%)
ptolemy.util.test.WatchDog.cancel(): canceling Wed Nov 27 06:18:09 UTC 2019
------------------ testing $PTII/ptolemy/domains/de/test/auto/Modal2.xml
auto.tcl: Setting watchdog for 200 seconds at Wed Nov 27 06:18:09 UTC 2019
18 ms. Memory: 48128K Free: 21966K (46%)
ptolemy.util.test.WatchDog.cancel(): canceling Wed Nov 27 06:18:09 UTC 2019
auto.tcl: Setting watchdog for 200 seconds at Wed Nov 27 06:18:09 UTC 2019
27 ms. Memory: 48128K Free: 18719K (39%)
ptolemy.util.test.WatchDog.cancel(): canceling Wed Nov 27 06:18:09 UTC 2019
------------------ testing $PTII/ptolemy/domains/de/test/auto/Modal3.xml
auto.tcl: Setting watchdog for 200 seconds at Wed Nov 27 06:18:09 UTC 2019
14 ms. Memory: 48128K Free: 21705K (45%)
ptolemy.util.test.WatchDog.cancel(): canceling Wed Nov 27 06:18:09 UTC 2019
auto.tcl: Setting watchdog for 200 seconds at Wed Nov 27 06:18:09 UTC 2019
15 ms. Memory: 48128K Free: 18702K (39%)
ptolemy.util.test.WatchDog.cancel(): canceling Wed Nov 27 06:18:09 UTC 2019
------------------ testing $PTII/ptolemy/domains/de/test/auto/Modal4.xml
auto.tcl: Setting watchdog for 200 seconds at Wed Nov 27 06:18:09 UTC 2019
13 ms. Memory: 48128K Free: 20899K (43%)
ptolemy.util.test.WatchDog.cancel(): canceling Wed Nov 27 06:18:09 UTC 2019
auto.tcl: Setting watchdog for 200 seconds at Wed Nov 27 06:18:09 UTC 2019
18 ms. Memory: 48128K Free: 17099K (36%)
ptolemy.util.test.WatchDog.cancel(): canceling Wed Nov 27 06:18:09 UTC 2019
------------------ testing $PTII/ptolemy/domains/de/test/auto/Modal5.xml
auto.tcl: Setting watchdog for 200 seconds at Wed Nov 27 06:18:09 UTC 2019
16 ms. Memory: 48128K Free: 20909K (43%)
ptolemy.util.test.WatchDog.cancel(): canceling Wed Nov 27 06:18:09 UTC 2019
auto.tcl: Setting watchdog for 200 seconds at Wed Nov 27 06:18:09 UTC 2019
18 ms. Memory: 48128K Free: 17085K (35%)
ptolemy.util.test.WatchDog.cancel(): canceling Wed Nov 27 06:18:09 UTC 2019
------------------ testing $PTII/ptolemy/domains/de/test/auto/Modal6.xml
auto.tcl: Setting watchdog for 200 seconds at Wed Nov 27 06:18:09 UTC 2019
14 ms. Memory: 48128K Free: 21379K (44%)
ptolemy.util.test.WatchDog.cancel(): canceling Wed Nov 27 06:18:09 UTC 2019
auto.tcl: Setting watchdog for 200 seconds at Wed Nov 27 06:18:09 UTC 2019
15 ms. Memory: 48128K Free: 17708K (37%)
ptolemy.util.test.WatchDog.cancel(): canceling Wed Nov 27 06:18:09 UTC 2019
------------------ testing $PTII/ptolemy/domains/de/test/auto/Modal7.xml
auto.tcl: Setting watchdog for 200 seconds at Wed Nov 27 06:18:09 UTC 2019
11 ms. Memory: 48128K Free: 20644K (43%)
ptolemy.util.test.WatchDog.cancel(): canceling Wed Nov 27 06:18:09 UTC 2019
auto.tcl: Setting watchdog for 200 seconds at Wed Nov 27 06:18:09 UTC 2019
13 ms. Memory: 48128K Free: 17085K (35%)
ptolemy.util.test.WatchDog.cancel(): canceling Wed Nov 27 06:18:09 UTC 2019
------------------ testing $PTII/ptolemy/domains/de/test/auto/ModalModel.xml
auto.tcl: Setting watchdog for 200 seconds at Wed Nov 27 06:18:10 UTC 2019
221 ms. Memory: 48128K Free: 13580K (28%)
ptolemy.util.test.WatchDog.cancel(): canceling Wed Nov 27 06:18:10 UTC 2019
auto.tcl: Setting watchdog for 200 seconds at Wed Nov 27 06:18:10 UTC 2019
206 ms. Memory: 64512K Free: 25515K (40%)
ptolemy.util.test.WatchDog.cancel(): canceling Wed Nov 27 06:18:10 UTC 2019
------------------ testing $PTII/ptolemy/domains/de/test/auto/ModalSource.xml
auto.tcl: Setting watchdog for 200 seconds at Wed Nov 27 06:18:10 UTC 2019
7 ms. Memory: 51200K Free: 28831K (56%)
ptolemy.util.test.WatchDog.cancel(): canceling Wed Nov 27 06:18:10 UTC 2019
auto.tcl: Setting watchdog for 200 seconds at Wed Nov 27 06:18:10 UTC 2019
6 ms. Memory: 51200K Free: 26783K (52%)
ptolemy.util.test.WatchDog.cancel(): canceling Wed Nov 27 06:18:10 UTC 2019
------------------ testing $PTII/ptolemy/domains/de/test/auto/NonInterruptibleTimerZeroDelay.xml
auto.tcl: Setting watchdog for 200 seconds at Wed Nov 27 06:18:10 UTC 2019
4 ms. Memory: 51200K Free: 34015K (66%)
ptolemy.util.test.WatchDog.cancel(): canceling Wed Nov 27 06:18:10 UTC 2019
auto.tcl: Setting watchdog for 200 seconds at Wed Nov 27 06:18:10 UTC 2019
3 ms. Memory: 51200K Free: 33133K (65%)
ptolemy.util.test.WatchDog.cancel(): canceling Wed Nov 27 06:18:10 UTC 2019
------------------ testing $PTII/ptolemy/domains/de/test/auto/OpenQueueingNetwork.xml
auto.tcl: Setting watchdog for 200 seconds at Wed Nov 27 06:18:10 UTC 2019
2910 ms. Memory: 138240K Free: 97798K (71%)
ptolemy.util.test.WatchDog.cancel(): canceling Wed Nov 27 06:18:13 UTC 2019
auto.tcl: Setting watchdog for 200 seconds at Wed Nov 27 06:18:13 UTC 2019
2766 ms. Memory: 168960K Free: 65693K (39%)
ptolemy.util.test.WatchDog.cancel(): canceling Wed Nov 27 06:18:16 UTC 2019
------------------ testing $PTII/ptolemy/domains/de/test/auto/OpenQueuingNetwork.xml
auto.tcl: Setting watchdog for 200 seconds at Wed Nov 27 06:18:16 UTC 2019
260 ms. Memory: 55296K Free: 23380K (42%)
ptolemy.util.test.WatchDog.cancel(): canceling Wed Nov 27 06:18:17 UTC 2019
auto.tcl: Setting watchdog for 200 seconds at Wed Nov 27 06:18:17 UTC 2019
297 ms. Memory: 66560K Free: 42568K (64%)
ptolemy.util.test.WatchDog.cancel(): canceling Wed Nov 27 06:18:17 UTC 2019
------------------ testing $PTII/ptolemy/domains/de/test/auto/PeriodicSampler.xml
auto.tcl: Setting watchdog for 200 seconds at Wed Nov 27 06:18:17 UTC 2019
3 ms. Memory: 51200K Free: 32964K (64%)
ptolemy.util.test.WatchDog.cancel(): canceling Wed Nov 27 06:18:17 UTC 2019
auto.tcl: Setting watchdog for 200 seconds at Wed Nov 27 06:18:17 UTC 2019
3 ms. Memory: 51200K Free: 32479K (63%)
ptolemy.util.test.WatchDog.cancel(): canceling Wed Nov 27 06:18:17 UTC 2019
------------------ testing $PTII/ptolemy/domains/de/test/auto/PersistentIO.xml
auto.tcl: Setting watchdog for 200 seconds at Wed Nov 27 06:18:17 UTC 2019
6 ms. Memory: 48128K Free: 24817K (52%)
ptolemy.util.test.WatchDog.cancel(): canceling Wed Nov 27 06:18:17 UTC 2019
auto.tcl: Setting watchdog for 200 seconds at Wed Nov 27 06:18:17 UTC 2019
4 ms. Memory: 48128K Free: 23342K (48%)
ptolemy.util.test.WatchDog.cancel(): canceling Wed Nov 27 06:18:17 UTC 2019
------------------ testing $PTII/ptolemy/domains/de/test/auto/PortParameterResetOnInitialize.xml
auto.tcl: Setting watchdog for 200 seconds at Wed Nov 27 06:18:17 UTC 2019
3 ms. Memory: 48128K Free: 29800K (62%)
ptolemy.util.test.WatchDog.cancel(): canceling Wed Nov 27 06:18:17 UTC 2019
auto.tcl: Setting watchdog for 200 seconds at Wed Nov 27 06:18:17 UTC 2019
8 ms. Memory: 48128K Free: 29341K (61%)
ptolemy.util.test.WatchDog.cancel(): canceling Wed Nov 27 06:18:17 UTC 2019
------------------ testing $PTII/ptolemy/domains/de/test/auto/PortParameterUpdates.xml
auto.tcl: Setting watchdog for 200 seconds at Wed Nov 27 06:18:17 UTC 2019
7 ms. Memory: 48128K Free: 28120K (58%)
ptolemy.util.test.WatchDog.cancel(): canceling Wed Nov 27 06:18:17 UTC 2019
auto.tcl: Setting watchdog for 200 seconds at Wed Nov 27 06:18:17 UTC 2019
7 ms. Memory: 48128K Free: 26889K (56%)
ptolemy.util.test.WatchDog.cancel(): canceling Wed Nov 27 06:18:17 UTC 2019
------------------ testing $PTII/ptolemy/domains/de/test/auto/QueueAndServer.xml
auto.tcl: Setting watchdog for 200 seconds at Wed Nov 27 06:18:17 UTC 2019
16 ms. Memory: 48128K Free: 27074K (56%)
ptolemy.util.test.WatchDog.cancel(): canceling Wed Nov 27 06:18:17 UTC 2019
auto.tcl: Setting watchdog for 200 seconds at Wed Nov 27 06:18:17 UTC 2019
8 ms. Memory: 48128K Free: 25831K (54%)
ptolemy.util.test.WatchDog.cancel(): canceling Wed Nov 27 06:18:17 UTC 2019
------------------ testing $PTII/ptolemy/domains/de/test/auto/Records.xml
auto.tcl: Setting watchdog for 200 seconds at Wed Nov 27 06:18:17 UTC 2019
3 ms. Memory: 48128K Free: 29344K (61%)
ptolemy.util.test.WatchDog.cancel(): canceling Wed Nov 27 06:18:17 UTC 2019
auto.tcl: Setting watchdog for 200 seconds at Wed Nov 27 06:18:17 UTC 2019
2 ms. Memory: 48128K Free: 28845K (60%)
ptolemy.util.test.WatchDog.cancel(): canceling Wed Nov 27 06:18:17 UTC 2019
------------------ testing $PTII/ptolemy/domains/de/test/auto/ResetTransitionWithStartTime1.xml
auto.tcl: Setting watchdog for 200 seconds at Wed Nov 27 06:18:18 UTC 2019
8 ms. Memory: 48128K Free: 26300K (55%)
ptolemy.util.test.WatchDog.cancel(): canceling Wed Nov 27 06:18:18 UTC 2019
auto.tcl: Setting watchdog for 200 seconds at Wed Nov 27 06:18:18 UTC 2019
7 ms. Memory: 48128K Free: 23771K (49%)
ptolemy.util.test.WatchDog.cancel(): canceling Wed Nov 27 06:18:18 UTC 2019
------------------ testing $PTII/ptolemy/domains/de/test/auto/ResetTransitionWithStartTime2.xml
auto.tcl: Setting watchdog for 200 seconds at Wed Nov 27 06:18:18 UTC 2019
7 ms. Memory: 48128K Free: 26255K (55%)
ptolemy.util.test.WatchDog.cancel(): canceling Wed Nov 27 06:18:18 UTC 2019
auto.tcl: Setting watchdog for 200 seconds at Wed Nov 27 06:18:18 UTC 2019
8 ms. Memory: 48128K Free: 23732K (49%)
ptolemy.util.test.WatchDog.cancel(): canceling Wed Nov 27 06:18:18 UTC 2019
------------------ testing $PTII/ptolemy/domains/de/test/auto/ResetTransitionWithStartTime3.xml
auto.tcl: Setting watchdog for 200 seconds at Wed Nov 27 06:18:18 UTC 2019
7 ms. Memory: 48128K Free: 26254K (55%)
ptolemy.util.test.WatchDog.cancel(): canceling Wed Nov 27 06:18:18 UTC 2019
auto.tcl: Setting watchdog for 200 seconds at Wed Nov 27 06:18:18 UTC 2019
6 ms. Memory: 48128K Free: 23731K (49%)
ptolemy.util.test.WatchDog.cancel(): canceling Wed Nov 27 06:18:18 UTC 2019
------------------ testing $PTII/ptolemy/domains/de/test/auto/ResetTransitionWithStartTime4.xml
auto.tcl: Setting watchdog for 200 seconds at Wed Nov 27 06:18:18 UTC 2019
9 ms. Memory: 48128K Free: 26743K (56%)
ptolemy.util.test.WatchDog.cancel(): canceling Wed Nov 27 06:18:18 UTC 2019
auto.tcl: Setting watchdog for 200 seconds at Wed Nov 27 06:18:18 UTC 2019
5 ms. Memory: 48128K Free: 25339K (53%)
ptolemy.util.test.WatchDog.cancel(): canceling Wed Nov 27 06:18:18 UTC 2019
------------------ testing $PTII/ptolemy/domains/de/test/auto/ResettableTimer1.xml
auto.tcl: Setting watchdog for 200 seconds at Wed Nov 27 06:18:18 UTC 2019
5 ms. Memory: 48128K Free: 30759K (64%)
ptolemy.util.test.WatchDog.cancel(): canceling Wed Nov 27 06:18:18 UTC 2019
auto.tcl: Setting watchdog for 200 seconds at Wed Nov 27 06:18:18 UTC 2019
3 ms. Memory: 48128K Free: 29859K (62%)
ptolemy.util.test.WatchDog.cancel(): canceling Wed Nov 27 06:18:18 UTC 2019
------------------ testing $PTII/ptolemy/domains/de/test/auto/ResettableTimer2.xml
auto.tcl: Setting watchdog for 200 seconds at Wed Nov 27 06:18:18 UTC 2019
3 ms. Memory: 48128K Free: 30565K (64%)
ptolemy.util.test.WatchDog.cancel(): canceling Wed Nov 27 06:18:18 UTC 2019
auto.tcl: Setting watchdog for 200 seconds at Wed Nov 27 06:18:18 UTC 2019
2 ms. Memory: 48128K Free: 29460K (61%)
ptolemy.util.test.WatchDog.cancel(): canceling Wed Nov 27 06:18:18 UTC 2019
------------------ testing $PTII/ptolemy/domains/de/test/auto/ResettableTimer3.xml
auto.tcl: Setting watchdog for 200 seconds at Wed Nov 27 06:18:18 UTC 2019
2 ms. Memory: 48128K Free: 30860K (64%)
ptolemy.util.test.WatchDog.cancel(): canceling Wed Nov 27 06:18:18 UTC 2019
auto.tcl: Setting watchdog for 200 seconds at Wed Nov 27 06:18:18 UTC 2019
2 ms. Memory: 48128K Free: 30396K (63%)
ptolemy.util.test.WatchDog.cancel(): canceling Wed Nov 27 06:18:18 UTC 2019
------------------ testing $PTII/ptolemy/domains/de/test/auto/ResettableTimer4.xml
auto.tcl: Setting watchdog for 200 seconds at Wed Nov 27 06:18:18 UTC 2019
1 ms. Memory: 48128K Free: 30432K (63%)
ptolemy.util.test.WatchDog.cancel(): canceling Wed Nov 27 06:18:18 UTC 2019
auto.tcl: Setting watchdog for 200 seconds at Wed Nov 27 06:18:18 UTC 2019
1 ms. Memory: 48128K Free: 30400K (63%)
ptolemy.util.test.WatchDog.cancel(): canceling Wed Nov 27 06:18:18 UTC 2019
------------------ testing $PTII/ptolemy/domains/de/test/auto/ResettableTimer5.xml
auto.tcl: Setting watchdog for 200 seconds at Wed Nov 27 06:18:18 UTC 2019
2 ms. Memory: 48128K Free: 29884K (62%)
ptolemy.util.test.WatchDog.cancel(): canceling Wed Nov 27 06:18:18 UTC 2019
auto.tcl: Setting watchdog for 200 seconds at Wed Nov 27 06:18:18 UTC 2019
1 ms. Memory: 48128K Free: 29436K (61%)
ptolemy.util.test.WatchDog.cancel(): canceling Wed Nov 27 06:18:18 UTC 2019
------------------ testing $PTII/ptolemy/domains/de/test/auto/ResettableTimer6.xml
auto.tcl: Setting watchdog for 200 seconds at Wed Nov 27 06:18:18 UTC 2019
2 ms. Memory: 48128K Free: 29860K (62%)
ptolemy.util.test.WatchDog.cancel(): canceling Wed Nov 27 06:18:18 UTC 2019
auto.tcl: Setting watchdog for 200 seconds at Wed Nov 27 06:18:18 UTC 2019
1 ms. Memory: 48128K Free: 29372K (61%)
ptolemy.util.test.WatchDog.cancel(): canceling Wed Nov 27 06:18:18 UTC 2019
------------------ testing $PTII/ptolemy/domains/de/test/auto/ServerZeroDelay.xml
auto.tcl: Setting watchdog for 200 seconds at Wed Nov 27 06:18:18 UTC 2019
3 ms. Memory: 48128K Free: 30380K (63%)
ptolemy.util.test.WatchDog.cancel(): canceling Wed Nov 27 06:18:18 UTC 2019
auto.tcl: Setting watchdog for 200 seconds at Wed Nov 27 06:18:18 UTC 2019
3 ms. Memory: 48128K Free: 29443K (61%)
ptolemy.util.test.WatchDog.cancel(): canceling Wed Nov 27 06:18:18 UTC 2019
------------------ testing $PTII/ptolemy/domains/de/test/auto/SmartSender.xml
auto.tcl: Setting watchdog for 200 seconds at Wed Nov 27 06:18:18 UTC 2019
3002 ms. Memory: 48128K Free: 30388K (63%)
ptolemy.util.test.WatchDog.cancel(): canceling Wed Nov 27 06:18:22 UTC 2019
auto.tcl: Setting watchdog for 200 seconds at Wed Nov 27 06:18:22 UTC 2019
3002 ms. Memory: 48128K Free: 29893K (62%)
ptolemy.util.test.WatchDog.cancel(): canceling Wed Nov 27 06:18:25 UTC 2019
------------------ testing $PTII/ptolemy/domains/de/test/auto/ThreadedComposite.xml
auto.tcl: Setting watchdog for 200 seconds at Wed Nov 27 06:18:25 UTC 2019
266 ms. Memory: 48128K Free: 10418K (22%)
ptolemy.util.test.WatchDog.cancel(): canceling Wed Nov 27 06:18:25 UTC 2019
auto.tcl: Setting watchdog for 200 seconds at Wed Nov 27 06:18:25 UTC 2019
140 ms. Memory: 48128K Free: 23584K (49%)
ptolemy.util.test.WatchDog.cancel(): canceling Wed Nov 27 06:18:25 UTC 2019
------------------ testing $PTII/ptolemy/domains/de/test/auto/Time.xml
auto.tcl: Setting watchdog for 200 seconds at Wed Nov 27 06:18:25 UTC 2019
542 ms. Memory: 48128K Free: 26488K (55%)
ptolemy.util.test.WatchDog.cancel(): canceling Wed Nov 27 06:18:26 UTC 2019
auto.tcl: Setting watchdog for 200 seconds at Wed Nov 27 06:18:26 UTC 2019
489 ms. Memory: 48128K Free: 23444K (49%)
ptolemy.util.test.WatchDog.cancel(): canceling Wed Nov 27 06:18:26 UTC 2019
------------------ testing $PTII/ptolemy/domains/de/test/auto/TimeDelayZeroDelay.xml
auto.tcl: Setting watchdog for 200 seconds at Wed Nov 27 06:18:26 UTC 2019
3 ms. Memory: 48128K Free: 30813K (64%)
ptolemy.util.test.WatchDog.cancel(): canceling Wed Nov 27 06:18:26 UTC 2019
auto.tcl: Setting watchdog for 200 seconds at Wed Nov 27 06:18:26 UTC 2019
3 ms. Memory: 48128K Free: 29915K (62%)
ptolemy.util.test.WatchDog.cancel(): canceling Wed Nov 27 06:18:26 UTC 2019
------------------ testing $PTII/ptolemy/domains/de/test/auto/TimerZeroDelay.xml
auto.tcl: Setting watchdog for 200 seconds at Wed Nov 27 06:18:26 UTC 2019
4 ms. Memory: 48128K Free: 30843K (64%)
ptolemy.util.test.WatchDog.cancel(): canceling Wed Nov 27 06:18:26 UTC 2019
auto.tcl: Setting watchdog for 200 seconds at Wed Nov 27 06:18:26 UTC 2019
1 ms. Memory: 48128K Free: 29958K (62%)
ptolemy.util.test.WatchDog.cancel(): canceling Wed Nov 27 06:18:26 UTC 2019
------------------ testing $PTII/ptolemy/domains/de/test/auto/TimingParadox.xml
auto.tcl: Setting watchdog for 200 seconds at Wed Nov 27 06:18:26 UTC 2019
349 ms. Memory: 48128K Free: 12808K (27%)
ptolemy.util.test.WatchDog.cancel(): canceling Wed Nov 27 06:18:27 UTC 2019
auto.tcl: Setting watchdog for 200 seconds at Wed Nov 27 06:18:27 UTC 2019
350 ms. Memory: 48128K Free: 24699K (51%)
ptolemy.util.test.WatchDog.cancel(): canceling Wed Nov 27 06:18:27 UTC 2019
------------------ testing $PTII/ptolemy/domains/de/test/auto/TransferInputs.xml
auto.tcl: Setting watchdog for 200 seconds at Wed Nov 27 06:18:27 UTC 2019
3 ms. Memory: 48128K Free: 28814K (60%)
ptolemy.util.test.WatchDog.cancel(): canceling Wed Nov 27 06:18:27 UTC 2019
auto.tcl: Setting watchdog for 200 seconds at Wed Nov 27 06:18:27 UTC 2019
2 ms. Memory: 48128K Free: 27950K (58%)
ptolemy.util.test.WatchDog.cancel(): canceling Wed Nov 27 06:18:27 UTC 2019
------------------ testing $PTII/ptolemy/domains/de/test/auto/TransferOutputs2.xml
auto.tcl: Setting watchdog for 200 seconds at Wed Nov 27 06:18:27 UTC 2019
14 ms. Memory: 48128K Free: 26257K (55%)
ptolemy.util.test.WatchDog.cancel(): canceling Wed Nov 27 06:18:27 UTC 2019
auto.tcl: Setting watchdog for 200 seconds at Wed Nov 27 06:18:27 UTC 2019
5 ms. Memory: 48128K Free: 24867K (52%)
ptolemy.util.test.WatchDog.cancel(): canceling Wed Nov 27 06:18:27 UTC 2019
------------------ testing $PTII/ptolemy/domains/de/test/auto/Trilateration.xml
auto.tcl: Setting watchdog for 200 seconds at Wed Nov 27 06:18:27 UTC 2019
14530 ms. Memory: 481280K Free: 210021K (44%)
ptolemy.util.test.WatchDog.cancel(): canceling Wed Nov 27 06:18:43 UTC 2019
auto.tcl: Setting watchdog for 200 seconds at Wed Nov 27 06:18:43 UTC 2019
11517 ms. Memory: 481280K Free: 439189K (91%)
ptolemy.util.test.WatchDog.cancel(): canceling Wed Nov 27 06:18:55 UTC 2019
------------------ testing $PTII/ptolemy/domains/de/test/auto/TwoSigmaDelta.xml
auto.tcl: Setting watchdog for 200 seconds at Wed Nov 27 06:18:55 UTC 2019
2925 ms. Memory: 89088K Free: 14139K (16%)
ptolemy.util.test.WatchDog.cancel(): canceling Wed Nov 27 06:18:58 UTC 2019
auto.tcl: Setting watchdog for 200 seconds at Wed Nov 27 06:18:58 UTC 2019
2369 ms. Memory: 89088K Free: 58189K (65%)
ptolemy.util.test.WatchDog.cancel(): canceling Wed Nov 27 06:19:00 UTC 2019
------------------ testing $PTII/ptolemy/domains/de/test/auto/VariableDelay.xml
auto.tcl: Setting watchdog for 200 seconds at Wed Nov 27 06:19:00 UTC 2019
4 ms. Memory: 51200K Free: 32361K (63%)
ptolemy.util.test.WatchDog.cancel(): canceling Wed Nov 27 06:19:00 UTC 2019
auto.tcl: Setting watchdog for 200 seconds at Wed Nov 27 06:19:00 UTC 2019
3 ms. Memory: 51200K Free: 31367K (61%)
ptolemy.util.test.WatchDog.cancel(): canceling Wed Nov 27 06:19:00 UTC 2019
------------------ testing $PTII/ptolemy/domains/de/test/auto/VariableDelay2.xml
auto.tcl: Setting watchdog for 200 seconds at Wed Nov 27 06:19:00 UTC 2019
10 ms. Memory: 51200K Free: 33401K (65%)
ptolemy.util.test.WatchDog.cancel(): canceling Wed Nov 27 06:19:01 UTC 2019
auto.tcl: Setting watchdog for 200 seconds at Wed Nov 27 06:19:01 UTC 2019
2 ms. Memory: 51200K Free: 32278K (63%)
ptolemy.util.test.WatchDog.cancel(): canceling Wed Nov 27 06:19:01 UTC 2019
------------------ testing $PTII/ptolemy/domains/de/test/auto/VariableDelayZeroDelay.xml
auto.tcl: Setting watchdog for 200 seconds at Wed Nov 27 06:19:01 UTC 2019
2 ms. Memory: 51200K Free: 33402K (65%)
ptolemy.util.test.WatchDog.cancel(): canceling Wed Nov 27 06:19:01 UTC 2019
auto.tcl: Setting watchdog for 200 seconds at Wed Nov 27 06:19:01 UTC 2019
2 ms. Memory: 51200K Free: 32759K (64%)
ptolemy.util.test.WatchDog.cancel(): canceling Wed Nov 27 06:19:01 UTC 2019
------------------ testing $PTII/ptolemy/domains/de/test/auto/VariableDelayZeroDelay2.xml
auto.tcl: Setting watchdog for 200 seconds at Wed Nov 27 06:19:01 UTC 2019
2 ms. Memory: 51200K Free: 33302K (65%)
ptolemy.util.test.WatchDog.cancel(): canceling Wed Nov 27 06:19:01 UTC 2019
auto.tcl: Setting watchdog for 200 seconds at Wed Nov 27 06:19:01 UTC 2019
2 ms. Memory: 51200K Free: 32278K (63%)
ptolemy.util.test.WatchDog.cancel(): canceling Wed Nov 27 06:19:01 UTC 2019
------------------ testing $PTII/ptolemy/domains/de/test/auto/deInCt.xml
auto.tcl: Setting watchdog for 200 seconds at Wed Nov 27 06:19:01 UTC 2019
0
1
1
1
1
0
0
0
0
0
1
1
1
1
1
0
0
0
1
1
0
0
0
1
1
1
0
0
0
0
11 ms. Memory: 48128K Free: 29204K (61%)
ptolemy.util.test.WatchDog.cancel(): canceling Wed Nov 27 06:19:01 UTC 2019
auto.tcl: Setting watchdog for 200 seconds at Wed Nov 27 06:19:01 UTC 2019
0
1
1
1
0
0
0
0
0
1
1
1
1
1
0
0
0
1
1
1
0
0
0
1
1
1
0
0
0
1
1
0
0
0
0
1
1
0
0
0
1
1
1
1
10 ms. Memory: 48128K Free: 27686K (58%)
ptolemy.util.test.WatchDog.cancel(): canceling Wed Nov 27 06:19:01 UTC 2019
------------------ testing $PTII/ptolemy/domains/de/test/auto/deInCt2.xml
auto.tcl: Setting watchdog for 200 seconds at Wed Nov 27 06:19:01 UTC 2019
0
1
1
1
0
0
1
1
1
0
0
1
1
1
0
0
1
1
1
0
0
1
1
1
0
0
1
1
1
0
0
1
1
1
0
0
1
1
1
0
0
0
13 ms. Memory: 48128K Free: 29206K (61%)
ptolemy.util.test.WatchDog.cancel(): canceling Wed Nov 27 06:19:01 UTC 2019
auto.tcl: Setting watchdog for 200 seconds at Wed Nov 27 06:19:01 UTC 2019
0
1
1
1
0
0
1
1
1
0
0
1
1
1
0
0
1
1
1
0
0
1
1
1
0
0
1
1
1
0
0
1
1
1
0
0
1
1
1
0
0
0
5 ms. Memory: 48128K Free: 27672K (57%)
ptolemy.util.test.WatchDog.cancel(): canceling Wed Nov 27 06:19:01 UTC 2019
------------------ testing $PTII/ptolemy/domains/de/test/auto/dynamicCausalityInterface1.xml
auto.tcl: Setting watchdog for 200 seconds at Wed Nov 27 06:19:01 UTC 2019
5 ms. Memory: 48128K Free: 24495K (51%)
ptolemy.util.test.WatchDog.cancel(): canceling Wed Nov 27 06:19:01 UTC 2019
auto.tcl: Setting watchdog for 200 seconds at Wed Nov 27 06:19:01 UTC 2019
1 ms. Memory: 48128K Free: 24080K (50%)
ptolemy.util.test.WatchDog.cancel(): canceling Wed Nov 27 06:19:01 UTC 2019
------------------ testing $PTII/ptolemy/domains/de/test/auto/fsm_de_test.xml
auto.tcl: Setting watchdog for 200 seconds at Wed Nov 27 06:19:01 UTC 2019
11 ms. Memory: 48128K Free: 25003K (52%)
ptolemy.util.test.WatchDog.cancel(): canceling Wed Nov 27 06:19:01 UTC 2019
auto.tcl: Setting watchdog for 200 seconds at Wed Nov 27 06:19:01 UTC 2019
10 ms. Memory: 48128K Free: 22955K (48%)
ptolemy.util.test.WatchDog.cancel(): canceling Wed Nov 27 06:19:01 UTC 2019
------------------ testing $PTII/ptolemy/domains/de/test/auto/functionDependencyReconstruction.xml
auto.tcl: Setting watchdog for 200 seconds at Wed Nov 27 06:19:01 UTC 2019
4 ms. Memory: 48128K Free: 18993K (39%)
ptolemy.util.test.WatchDog.cancel(): canceling Wed Nov 27 06:19:01 UTC 2019
auto.tcl: Setting watchdog for 200 seconds at Wed Nov 27 06:19:01 UTC 2019
3 ms. Memory: 48128K Free: 16886K (35%)
ptolemy.util.test.WatchDog.cancel(): canceling Wed Nov 27 06:19:01 UTC 2019
------------------ testing $PTII/ptolemy/domains/de/test/auto/multirate.xml
auto.tcl: Setting watchdog for 200 seconds at Wed Nov 27 06:19:01 UTC 2019
9 ms. Memory: 48128K Free: 27342K (57%)
ptolemy.util.test.WatchDog.cancel(): canceling Wed Nov 27 06:19:01 UTC 2019
auto.tcl: Setting watchdog for 200 seconds at Wed Nov 27 06:19:01 UTC 2019
4 ms. Memory: 48128K Free: 26473K (55%)
ptolemy.util.test.WatchDog.cancel(): canceling Wed Nov 27 06:19:01 UTC 2019
------------------ testing $PTII/ptolemy/domains/de/test/auto/multirate2.xml
auto.tcl: Setting watchdog for 200 seconds at Wed Nov 27 06:19:01 UTC 2019
6 ms. Memory: 48128K Free: 27862K (58%)
ptolemy.util.test.WatchDog.cancel(): canceling Wed Nov 27 06:19:01 UTC 2019
auto.tcl: Setting watchdog for 200 seconds at Wed Nov 27 06:19:01 UTC 2019
5 ms. Memory: 48128K Free: 26204K (54%)
ptolemy.util.test.WatchDog.cancel(): canceling Wed Nov 27 06:19:01 UTC 2019
------------------ testing $PTII/ptolemy/domains/de/test/auto/realtime.xml
auto.tcl: Setting watchdog for 200 seconds at Wed Nov 27 06:19:02 UTC 2019
10002 ms. Memory: 48128K Free: 29897K (62%)
ptolemy.util.test.WatchDog.cancel(): canceling Wed Nov 27 06:19:12 UTC 2019
auto.tcl: Setting watchdog for 200 seconds at Wed Nov 27 06:19:12 UTC 2019
10003 ms. Memory: 48128K Free: 29182K (61%)
ptolemy.util.test.WatchDog.cancel(): canceling Wed Nov 27 06:19:22 UTC 2019
------------------ testing $PTII/ptolemy/domains/de/test/auto/relationGroup.xml
auto.tcl: Setting watchdog for 200 seconds at Wed Nov 27 06:19:22 UTC 2019
2 ms. Memory: 48128K Free: 30925K (64%)
ptolemy.util.test.WatchDog.cancel(): canceling Wed Nov 27 06:19:22 UTC 2019
auto.tcl: Setting watchdog for 200 seconds at Wed Nov 27 06:19:22 UTC 2019
2 ms. Memory: 48128K Free: 30232K (63%)
ptolemy.util.test.WatchDog.cancel(): canceling Wed Nov 27 06:19:22 UTC 2019
------------------ testing $PTII/ptolemy/domains/de/test/auto/relationGroup2.xml
auto.tcl: Setting watchdog for 200 seconds at Wed Nov 27 06:19:22 UTC 2019
2 ms. Memory: 48128K Free: 30967K (64%)
ptolemy.util.test.WatchDog.cancel(): canceling Wed Nov 27 06:19:22 UTC 2019
auto.tcl: Setting watchdog for 200 seconds at Wed Nov 27 06:19:22 UTC 2019
2 ms. Memory: 48128K Free: 30257K (63%)
ptolemy.util.test.WatchDog.cancel(): canceling Wed Nov 27 06:19:22 UTC 2019
------------------ testing $PTII/ptolemy/domains/de/test/auto/sortWithOpaquePorts.xml
auto.tcl: Setting watchdog for 200 seconds at Wed Nov 27 06:19:22 UTC 2019
2 ms. Memory: 48128K Free: 29654K (62%)
ptolemy.util.test.WatchDog.cancel(): canceling Wed Nov 27 06:19:22 UTC 2019
auto.tcl: Setting watchdog for 200 seconds at Wed Nov 27 06:19:22 UTC 2019
3 ms. Memory: 48128K Free: 28744K (60%)
ptolemy.util.test.WatchDog.cancel(): canceling Wed Nov 27 06:19:22 UTC 2019
------------------ testing $PTII/ptolemy/domains/de/test/auto/transferInputsandOutputs.xml
auto.tcl: Setting watchdog for 200 seconds at Wed Nov 27 06:19:22 UTC 2019
3 ms. Memory: 48128K Free: 27174K (56%)
ptolemy.util.test.WatchDog.cancel(): canceling Wed Nov 27 06:19:22 UTC 2019
auto.tcl: Setting watchdog for 200 seconds at Wed Nov 27 06:19:22 UTC 2019
3 ms. Memory: 48128K Free: 26210K (54%)
ptolemy.util.test.WatchDog.cancel(): canceling Wed Nov 27 06:19:22 UTC 2019
------------------ testing $PTII/ptolemy/domains/de/test/auto/triggerType.xml
auto.tcl: Setting watchdog for 200 seconds at Wed Nov 27 06:19:22 UTC 2019
1 ms. Memory: 48128K Free: 30198K (63%)
ptolemy.util.test.WatchDog.cancel(): canceling Wed Nov 27 06:19:22 UTC 2019
auto.tcl: Setting watchdog for 200 seconds at Wed Nov 27 06:19:22 UTC 2019
1 ms. Memory: 48128K Free: 29250K (61%)
ptolemy.util.test.WatchDog.cancel(): canceling Wed Nov 27 06:19:22 UTC 2019
11/27/19 06:19:22
Failed: 0  Total Tests: 192  ((Passed: 187, Newly Passed: 1)  Known Failed: 5) /home/travis/build/icyphy/ptII/ptolemy/domains/de/test
11/27/19 06:19:22
Failed: 0  Total Tests: 192  ((Passed: 187, Newly Passed: 1)  Known Failed: 5) /home/travis/build/icyphy/ptII/ptolemy/domains/de/test
----------------- testing (KnownFailure) /home/travis/build/icyphy/ptII/ptolemy/domains/de/test/auto/knownFailedTests/DESDFClockTest.xml
2018 ms. Memory: 48128K Free: 23084K (48%)
Known Failure: java.lang.reflect.InvocationTargetException
----------------- testing (KnownFailure) /home/travis/build/icyphy/ptII/ptolemy/domains/de/test/auto/knownFailedTests/DirectFeedback.xml
2 ms. Memory: 48128K Free: 19498K (41%)
Known Failure: java.lang.reflect.InvocationTargetException
----------------- testing (KnownFailure) /home/travis/build/icyphy/ptII/ptolemy/domains/de/test/auto/knownFailedTests/FSMSource.xml
28 ms. Memory: 48128K Free: 11820K (25%)
----------------- testing (KnownFailure) /home/travis/build/icyphy/ptII/ptolemy/domains/de/test/auto/knownFailedTests/HierarchicalModel.xml
5 ms. Memory: 48128K Free: 22863K (48%)
Known Failure: java.lang.reflect.InvocationTargetException
----------------- testing (KnownFailure) /home/travis/build/icyphy/ptII/ptolemy/domains/de/test/auto/knownFailedTests/dependencyLoop.xml
12 ms. Memory: 48128K Free: 33734K (70%)
Known Failure: java.lang.reflect.InvocationTargetException
----------------- testing (KnownFailure) /home/travis/build/icyphy/ptII/ptolemy/domains/de/test/auto/knownFailedTests/dependencyLoop2.xml
3 ms. Memory: 48128K Free: 18526K (38%)
Known Failure: java.lang.reflect.InvocationTargetException
No auto/linux-amd64/*.xml tests in /home/travis/build/icyphy/ptII/ptolemy/domains/de/test
AutoTests.java: About to close Vertx.
AutoTests.java: Vertx closed.

===========================================================================================
----------------- testing Wed Nov 27 06:19:24 UTC 2019 /home/travis/build/icyphy/ptII/ptolemy/domains/de/test/auto/ActorDepthCalculation_actorWithoutPorts.xml
----------------- Instantiating /home/travis/build/icyphy/ptII/ptolemy/domains/de/test/auto/ActorDepthCalculation_actorWithoutPorts.xml
3 ms. Memory: 48128K Free: 12452K (26%)
----------------- Invoking toplevel() on ptolemy.moml.MoMLSimpleApplication@f6ec463
----------------- Done invoking toplevel() on ptolemy.moml.MoMLSimpleApplication@f6ec463
reloadAllAccessors: .ActorDepthCalculation_actorWithoutPorts

===========================================================================================
----------------- testing Wed Nov 27 06:19:24 UTC 2019 /home/travis/build/icyphy/ptII/ptolemy/domains/de/test/auto/AssemblyLine.xml
----------------- Instantiating /home/travis/build/icyphy/ptII/ptolemy/domains/de/test/auto/AssemblyLine.xml
3 ms. Memory: 48128K Free: 32228K (67%)
----------------- Invoking toplevel() on ptolemy.moml.MoMLSimpleApplication@26b4f371
----------------- Done invoking toplevel() on ptolemy.moml.MoMLSimpleApplication@26b4f371
reloadAllAccessors: .AssemblyLine

===========================================================================================
----------------- testing Wed Nov 27 06:19:24 UTC 2019 /home/travis/build/icyphy/ptII/ptolemy/domains/de/test/auto/CQBug1.xml
----------------- Instantiating /home/travis/build/icyphy/ptII/ptolemy/domains/de/test/auto/CQBug1.xml
1 ms. Memory: 48128K Free: 29439K (61%)
----------------- Invoking toplevel() on ptolemy.moml.MoMLSimpleApplication@580f9774
----------------- Done invoking toplevel() on ptolemy.moml.MoMLSimpleApplication@580f9774
reloadAllAccessors: .CQBug1

===========================================================================================
----------------- testing Wed Nov 27 06:19:25 UTC 2019 /home/travis/build/icyphy/ptII/ptolemy/domains/de/test/auto/CancelFireAt.xml
----------------- Instantiating /home/travis/build/icyphy/ptII/ptolemy/domains/de/test/auto/CancelFireAt.xml
2 ms. Memory: 48128K Free: 26834K (56%)
----------------- Invoking toplevel() on ptolemy.moml.MoMLSimpleApplication@186eecf6
----------------- Done invoking toplevel() on ptolemy.moml.MoMLSimpleApplication@186eecf6
reloadAllAccessors: .CancelFireAt

===========================================================================================
----------------- testing Wed Nov 27 06:19:25 UTC 2019 /home/travis/build/icyphy/ptII/ptolemy/domains/de/test/auto/CausalityAndComposabilityAnalysis.xml
----------------- Instantiating /home/travis/build/icyphy/ptII/ptolemy/domains/de/test/auto/CausalityAndComposabilityAnalysis.xml
2 ms. Memory: 48128K Free: 22720K (47%)
----------------- Invoking toplevel() on ptolemy.moml.MoMLSimpleApplication@553d0c61
----------------- Done invoking toplevel() on ptolemy.moml.MoMLSimpleApplication@553d0c61
reloadAllAccessors: .CausalityAndComposabilityAnalysis

===========================================================================================
----------------- testing Wed Nov 27 06:19:25 UTC 2019 /home/travis/build/icyphy/ptII/ptolemy/domains/de/test/auto/CausalityInterface1.xml
----------------- Instantiating /home/travis/build/icyphy/ptII/ptolemy/domains/de/test/auto/CausalityInterface1.xml
6 ms. Memory: 48128K Free: 17650K (37%)
----------------- Invoking toplevel() on ptolemy.moml.MoMLSimpleApplication@7444253a
----------------- Done invoking toplevel() on ptolemy.moml.MoMLSimpleApplication@7444253a
reloadAllAccessors: .CausalityInterface1

===========================================================================================
----------------- testing Wed Nov 27 06:19:25 UTC 2019 /home/travis/build/icyphy/ptII/ptolemy/domains/de/test/auto/CausalityInterface15.xml
----------------- Instantiating /home/travis/build/icyphy/ptII/ptolemy/domains/de/test/auto/CausalityInterface15.xml
2 ms. Memory: 48128K Free: 12125K (25%)
----------------- Invoking toplevel() on ptolemy.moml.MoMLSimpleApplication@17a62d7
----------------- Done invoking toplevel() on ptolemy.moml.MoMLSimpleApplication@17a62d7
reloadAllAccessors: .CausalityInterface15

===========================================================================================
----------------- testing Wed Nov 27 06:19:25 UTC 2019 /home/travis/build/icyphy/ptII/ptolemy/domains/de/test/auto/CausalityInterface2.xml
----------------- Instantiating /home/travis/build/icyphy/ptII/ptolemy/domains/de/test/auto/CausalityInterface2.xml
2 ms. Memory: 48128K Free: 7633K (16%)
[...]
	at ptolemy.actor.Manager.run(Manager.java:1263)
	at ptolemy.actor.Manager$PtolemyRunThread.run(Manager.java:1933)
java.lang.RuntimeException: Execution failed
	at ptolemy.moml.MoMLSimpleApplication$UnloadThread.run(MoMLSimpleApplication.java:402)
Caused by: ptolemy.kernel.util.IllegalActionException: Actor is not ready to fire.  Perhaps UpSample.prefire() returned false? Try debugging the actor by selecting "Listen to Actor".  Also, for SDF check moml for tokenConsumptionRate on input.
  in .DESDFClockTest.Play Bell.Copy1:SDF Director and .DESDFClockTest.Play Bell.UpSample
	at ptolemy.actor.sched.StaticSchedulingDirector.fire(StaticSchedulingDirector.java:227)
	at ptolemy.domains.sdf.kernel.SDFDirector.fire(SDFDirector.java:500)
	at ptolemy.actor.CompositeActor.fire(CompositeActor.java:455)
	at ptolemy.domains.de.kernel.DEDirector._fire(DEDirector.java:1949)
	at ptolemy.domains.de.kernel.DEDirector.fire(DEDirector.java:502)
	at ptolemy.actor.CompositeActor.fire(CompositeActor.java:455)
	at ptolemy.actor.Manager.iterate(Manager.java:851)
	at ptolemy.actor.Manager.execute(Manager.java:369)
	at ptolemy.actor.Manager.run(Manager.java:1263)
	at ptolemy.actor.Manager$PtolemyRunThread.run(Manager.java:1933)
java.lang.reflect.InvocationTargetException
	at java.base/jdk.internal.reflect.NativeConstructorAccessorImpl.newInstance0(Native Method)
	at java.base/jdk.internal.reflect.NativeConstructorAccessorImpl.newInstance(NativeConstructorAccessorImpl.java:62)
	at java.base/jdk.internal.reflect.DelegatingConstructorAccessorImpl.newInstance(DelegatingConstructorAccessorImpl.java:45)
	at java.base/java.lang.reflect.Constructor.newInstance(Constructor.java:490)
	at ptolemy.util.test.junit.AutoKnownFailedTests.RunModel(AutoKnownFailedTests.java:105)
	at java.base/jdk.internal.reflect.NativeMethodAccessorImpl.invoke0(Native Method)
	at java.base/jdk.internal.reflect.NativeMethodAccessorImpl.invoke(NativeMethodAccessorImpl.java:62)
	at java.base/jdk.internal.reflect.DelegatingMethodAccessorImpl.invoke(DelegatingMethodAccessorImpl.java:43)
	at java.base/java.lang.reflect.Method.invoke(Method.java:566)
	at org.junit.runners.model.FrameworkMethod$1.runReflectiveCall(FrameworkMethod.java:44)
	at org.junit.internal.runners.model.ReflectiveCallable.run(ReflectiveCallable.java:15)
	at org.junit.runners.model.FrameworkMethod.invokeExplosively(FrameworkMethod.java:41)
	at junitparams.internal.InvokeParameterisedMethod.evaluate(InvokeParameterisedMethod.java:102)
	at org.junit.internal.runners.statements.FailOnTimeout$1.run(FailOnTimeout.java:28)
Caused by: ptolemy.kernel.util.IllegalActionException: Actor is not ready to fire.  Perhaps UpSample.prefire() returned false? Try debugging the actor by selecting "Listen to Actor".  Also, for SDF check moml for tokenConsumptionRate on input.
  in .DESDFClockTest.Play Bell.Copy1:SDF Director and .DESDFClockTest.Play Bell.UpSample
	at ptolemy.actor.sched.StaticSchedulingDirector.fire(StaticSchedulingDirector.java:227)
	at ptolemy.domains.sdf.kernel.SDFDirector.fire(SDFDirector.java:500)
	at ptolemy.actor.CompositeActor.fire(CompositeActor.java:455)
	at ptolemy.domains.de.kernel.DEDirector._fire(DEDirector.java:1949)
	at ptolemy.domains.de.kernel.DEDirector.fire(DEDirector.java:502)
	at ptolemy.actor.CompositeActor.fire(CompositeActor.java:455)
	at ptolemy.actor.Manager.iterate(Manager.java:851)
	at ptolemy.actor.Manager.execute(Manager.java:369)
	at ptolemy.actor.Manager.run(Manager.java:1263)
	at ptolemy.actor.Manager$PtolemyRunThread.run(Manager.java:1933)
java.lang.RuntimeException: Execution failed
	at ptolemy.moml.MoMLSimpleApplication$UnloadThread.run(MoMLSimpleApplication.java:402)
Caused by: ptolemy.kernel.util.IllegalActionException: Test fails in iteration 1.
Value was: 1.0. Should have been: 2.0
  in .DirectFeedback.Test
	at ptolemy.actor.lib.Test.fire(Test.java:268)
	at ptolemy.domains.de.kernel.DEDirector._fire(DEDirector.java:1949)
	at ptolemy.domains.de.kernel.DEDirector.fire(DEDirector.java:502)
	at ptolemy.actor.CompositeActor.fire(CompositeActor.java:455)
	at ptolemy.actor.Manager.iterate(Manager.java:851)
	at ptolemy.actor.Manager.execute(Manager.java:369)
	at ptolemy.actor.Manager.run(Manager.java:1263)
	at ptolemy.actor.Manager$PtolemyRunThread.run(Manager.java:1933)
java.lang.reflect.InvocationTargetException
	at java.base/jdk.internal.reflect.NativeConstructorAccessorImpl.newInstance0(Native Method)
	at java.base/jdk.internal.reflect.NativeConstructorAccessorImpl.newInstance(NativeConstructorAccessorImpl.java:62)
	at java.base/jdk.internal.reflect.DelegatingConstructorAccessorImpl.newInstance(DelegatingConstructorAccessorImpl.java:45)
	at java.base/java.lang.reflect.Constructor.newInstance(Constructor.java:490)
	at ptolemy.util.test.junit.AutoKnownFailedTests.RunModel(AutoKnownFailedTests.java:105)
	at java.base/jdk.internal.reflect.NativeMethodAccessorImpl.invoke0(Native Method)
	at java.base/jdk.internal.reflect.NativeMethodAccessorImpl.invoke(NativeMethodAccessorImpl.java:62)
	at java.base/jdk.internal.reflect.DelegatingMethodAccessorImpl.invoke(DelegatingMethodAccessorImpl.java:43)
	at java.base/java.lang.reflect.Method.invoke(Method.java:566)
	at org.junit.runners.model.FrameworkMethod$1.runReflectiveCall(FrameworkMethod.java:44)
	at org.junit.internal.runners.model.ReflectiveCallable.run(ReflectiveCallable.java:15)
	at org.junit.runners.model.FrameworkMethod.invokeExplosively(FrameworkMethod.java:41)
	at junitparams.internal.InvokeParameterisedMethod.evaluate(InvokeParameterisedMethod.java:102)
	at org.junit.internal.runners.statements.FailOnTimeout$1.run(FailOnTimeout.java:28)
Caused by: ptolemy.kernel.util.IllegalActionException: Test fails in iteration 1.
Value was: 1.0. Should have been: 2.0
  in .DirectFeedback.Test
	at ptolemy.actor.lib.Test.fire(Test.java:268)
	at ptolemy.domains.de.kernel.DEDirector._fire(DEDirector.java:1949)
	at ptolemy.domains.de.kernel.DEDirector.fire(DEDirector.java:502)
	at ptolemy.actor.CompositeActor.fire(CompositeActor.java:455)
	at ptolemy.actor.Manager.iterate(Manager.java:851)
	at ptolemy.actor.Manager.execute(Manager.java:369)
	at ptolemy.actor.Manager.run(Manager.java:1263)
	at ptolemy.actor.Manager$PtolemyRunThread.run(Manager.java:1933)
java.lang.RuntimeException: Execution failed
	at ptolemy.moml.MoMLSimpleApplication$UnloadThread.run(MoMLSimpleApplication.java:402)
Caused by: ptolemy.kernel.util.IllegalActionException: Found a zero delay loop containing .HierarchicalModel.A
  in .HierarchicalModel and .HierarchicalModel.A
	at ptolemy.actor.util.CausalityInterfaceForComposites._computeOutputPortDepth(CausalityInterfaceForComposites.java:759)
	at ptolemy.actor.util.CausalityInterfaceForComposites._computeInputDepth(CausalityInterfaceForComposites.java:696)
	at ptolemy.actor.util.CausalityInterfaceForComposites._computeOutputPortDepth(CausalityInterfaceForComposites.java:765)
	at ptolemy.actor.util.CausalityInterfaceForComposites._computeInputDepth(CausalityInterfaceForComposites.java:696)
	at ptolemy.actor.util.CausalityInterfaceForComposites._computeOutputPortDepth(CausalityInterfaceForComposites.java:765)
	at ptolemy.actor.util.CausalityInterfaceForComposites._computeInputDepth(CausalityInterfaceForComposites.java:696)
	at ptolemy.actor.util.CausalityInterfaceForComposites._computeActorDepth(CausalityInterfaceForComposites.java:532)
	at ptolemy.actor.util.CausalityInterfaceForComposites.checkForCycles(CausalityInterfaceForComposites.java:96)
	at ptolemy.domains.de.kernel.DEDirector.preinitialize(DEDirector.java:1338)
	at ptolemy.actor.CompositeActor.preinitialize(CompositeActor.java:1828)
	at ptolemy.actor.Manager.preinitializeAndResolveTypes(Manager.java:1040)
	at ptolemy.actor.Manager.initialize(Manager.java:710)
	at ptolemy.actor.Manager.execute(Manager.java:356)
	at ptolemy.actor.Manager.run(Manager.java:1263)
	at ptolemy.actor.Manager$PtolemyRunThread.run(Manager.java:1933)
java.lang.reflect.InvocationTargetException
	at java.base/jdk.internal.reflect.NativeConstructorAccessorImpl.newInstance0(Native Method)
	at java.base/jdk.internal.reflect.NativeConstructorAccessorImpl.newInstance(NativeConstructorAccessorImpl.java:62)
	at java.base/jdk.internal.reflect.DelegatingConstructorAccessorImpl.newInstance(DelegatingConstructorAccessorImpl.java:45)
	at java.base/java.lang.reflect.Constructor.newInstance(Constructor.java:490)
	at ptolemy.util.test.junit.AutoKnownFailedTests.RunModel(AutoKnownFailedTests.java:105)
	at java.base/jdk.internal.reflect.NativeMethodAccessorImpl.invoke0(Native Method)
	at java.base/jdk.internal.reflect.NativeMethodAccessorImpl.invoke(NativeMethodAccessorImpl.java:62)
	at java.base/jdk.internal.reflect.DelegatingMethodAccessorImpl.invoke(DelegatingMethodAccessorImpl.java:43)
	at java.base/java.lang.reflect.Method.invoke(Method.java:566)
	at org.junit.runners.model.FrameworkMethod$1.runReflectiveCall(FrameworkMethod.java:44)
	at org.junit.internal.runners.model.ReflectiveCallable.run(ReflectiveCallable.java:15)
	at org.junit.runners.model.FrameworkMethod.invokeExplosively(FrameworkMethod.java:41)
	at junitparams.internal.InvokeParameterisedMethod.evaluate(InvokeParameterisedMethod.java:102)
	at org.junit.internal.runners.statements.FailOnTimeout$1.run(FailOnTimeout.java:28)
Caused by: ptolemy.kernel.util.IllegalActionException: Found a zero delay loop containing .HierarchicalModel.A
  in .HierarchicalModel and .HierarchicalModel.A
	at ptolemy.actor.util.CausalityInterfaceForComposites._computeOutputPortDepth(CausalityInterfaceForComposites.java:759)
	at ptolemy.actor.util.CausalityInterfaceForComposites._computeInputDepth(CausalityInterfaceForComposites.java:696)
	at ptolemy.actor.util.CausalityInterfaceForComposites._computeOutputPortDepth(CausalityInterfaceForComposites.java:765)
	at ptolemy.actor.util.CausalityInterfaceForComposites._computeInputDepth(CausalityInterfaceForComposites.java:696)
	at ptolemy.actor.util.CausalityInterfaceForComposites._computeOutputPortDepth(CausalityInterfaceForComposites.java:765)
	at ptolemy.actor.util.CausalityInterfaceForComposites._computeInputDepth(CausalityInterfaceForComposites.java:696)
	at ptolemy.actor.util.CausalityInterfaceForComposites._computeActorDepth(CausalityInterfaceForComposites.java:532)
	at ptolemy.actor.util.CausalityInterfaceForComposites.checkForCycles(CausalityInterfaceForComposites.java:96)
	at ptolemy.domains.de.kernel.DEDirector.preinitialize(DEDirector.java:1338)
	at ptolemy.actor.CompositeActor.preinitialize(CompositeActor.java:1828)
	at ptolemy.actor.Manager.preinitializeAndResolveTypes(Manager.java:1040)
	at ptolemy.actor.Manager.initialize(Manager.java:710)
	at ptolemy.actor.Manager.execute(Manager.java:356)
	at ptolemy.actor.Manager.run(Manager.java:1263)
	at ptolemy.actor.Manager$PtolemyRunThread.run(Manager.java:1933)
java.lang.RuntimeException: Execution failed
	at ptolemy.moml.MoMLSimpleApplication$UnloadThread.run(MoMLSimpleApplication.java:402)
Caused by: ptolemy.kernel.util.IllegalActionException: Found a zero delay loop containing .dependencyLoop.original
  in .dependencyLoop and .dependencyLoop.original
	at ptolemy.actor.util.CausalityInterfaceForComposites._computeOutputPortDepth(CausalityInterfaceForComposites.java:759)
	at ptolemy.actor.util.CausalityInterfaceForComposites._computeInputDepth(CausalityInterfaceForComposites.java:696)
	at ptolemy.actor.util.CausalityInterfaceForComposites._computeOutputPortDepth(CausalityInterfaceForComposites.java:765)
	at ptolemy.actor.util.CausalityInterfaceForComposites._computeInputDepth(CausalityInterfaceForComposites.java:696)
	at ptolemy.actor.util.CausalityInterfaceForComposites._computeOutputPortDepth(CausalityInterfaceForComposites.java:765)
	at ptolemy.actor.util.CausalityInterfaceForComposites._computeInputDepth(CausalityInterfaceForComposites.java:696)
	at ptolemy.actor.util.CausalityInterfaceForComposites._computeActorDepth(CausalityInterfaceForComposites.java:532)
	at ptolemy.actor.util.CausalityInterfaceForComposites.checkForCycles(CausalityInterfaceForComposites.java:96)
	at ptolemy.domains.de.kernel.DEDirector.preinitialize(DEDirector.java:1338)
	at ptolemy.actor.CompositeActor.preinitialize(CompositeActor.java:1828)
	at ptolemy.actor.Manager.preinitializeAndResolveTypes(Manager.java:1040)
	at ptolemy.actor.Manager.initialize(Manager.java:710)
	at ptolemy.actor.Manager.execute(Manager.java:356)
	at ptolemy.actor.Manager.run(Manager.java:1263)
	at ptolemy.actor.Manager$PtolemyRunThread.run(Manager.java:1933)
java.lang.reflect.InvocationTargetException
	at java.base/jdk.internal.reflect.NativeConstructorAccessorImpl.newInstance0(Native Method)
	at java.base/jdk.internal.reflect.NativeConstructorAccessorImpl.newInstance(NativeConstructorAccessorImpl.java:62)
	at java.base/jdk.internal.reflect.DelegatingConstructorAccessorImpl.newInstance(DelegatingConstructorAccessorImpl.java:45)
	at java.base/java.lang.reflect.Constructor.newInstance(Constructor.java:490)
	at ptolemy.util.test.junit.AutoKnownFailedTests.RunModel(AutoKnownFailedTests.java:105)
	at java.base/jdk.internal.reflect.NativeMethodAccessorImpl.invoke0(Native Method)
	at java.base/jdk.internal.reflect.NativeMethodAccessorImpl.invoke(NativeMethodAccessorImpl.java:62)
	at java.base/jdk.internal.reflect.DelegatingMethodAccessorImpl.invoke(DelegatingMethodAccessorImpl.java:43)
	at java.base/java.lang.reflect.Method.invoke(Method.java:566)
	at org.junit.runners.model.FrameworkMethod$1.runReflectiveCall(FrameworkMethod.java:44)
	at org.junit.internal.runners.model.ReflectiveCallable.run(ReflectiveCallable.java:15)
	at org.junit.runners.model.FrameworkMethod.invokeExplosively(FrameworkMethod.java:41)
	at junitparams.internal.InvokeParameterisedMethod.evaluate(InvokeParameterisedMethod.java:102)
	at org.junit.internal.runners.statements.FailOnTimeout$1.run(FailOnTimeout.java:28)
Caused by: ptolemy.kernel.util.IllegalActionException: Found a zero delay loop containing .dependencyLoop.original
  in .dependencyLoop and .dependencyLoop.original
	at ptolemy.actor.util.CausalityInterfaceForComposites._computeOutputPortDepth(CausalityInterfaceForComposites.java:759)
	at ptolemy.actor.util.CausalityInterfaceForComposites._computeInputDepth(CausalityInterfaceForComposites.java:696)
	at ptolemy.actor.util.CausalityInterfaceForComposites._computeOutputPortDepth(CausalityInterfaceForComposites.java:765)
	at ptolemy.actor.util.CausalityInterfaceForComposites._computeInputDepth(CausalityInterfaceForComposites.java:696)
	at ptolemy.actor.util.CausalityInterfaceForComposites._computeOutputPortDepth(CausalityInterfaceForComposites.java:765)
	at ptolemy.actor.util.CausalityInterfaceForComposites._computeInputDepth(CausalityInterfaceForComposites.java:696)
	at ptolemy.actor.util.CausalityInterfaceForComposites._computeActorDepth(CausalityInterfaceForComposites.java:532)
	at ptolemy.actor.util.CausalityInterfaceForComposites.checkForCycles(CausalityInterfaceForComposites.java:96)
	at ptolemy.domains.de.kernel.DEDirector.preinitialize(DEDirector.java:1338)
	at ptolemy.actor.CompositeActor.preinitialize(CompositeActor.java:1828)
	at ptolemy.actor.Manager.preinitializeAndResolveTypes(Manager.java:1040)
	at ptolemy.actor.Manager.initialize(Manager.java:710)
	at ptolemy.actor.Manager.execute(Manager.java:356)
	at ptolemy.actor.Manager.run(Manager.java:1263)
	at ptolemy.actor.Manager$PtolemyRunThread.run(Manager.java:1933)
java.lang.RuntimeException: Execution failed
	at ptolemy.moml.MoMLSimpleApplication$UnloadThread.run(MoMLSimpleApplication.java:402)
Caused by: ptolemy.kernel.util.IllegalActionException: Found a zero delay loop containing .dependencyLoop2.original
  in .dependencyLoop2 and .dependencyLoop2.original
	at ptolemy.actor.util.CausalityInterfaceForComposites._computeOutputPortDepth(CausalityInterfaceForComposites.java:759)
	at ptolemy.actor.util.CausalityInterfaceForComposites._computeInputDepth(CausalityInterfaceForComposites.java:696)
	at ptolemy.actor.util.CausalityInterfaceForComposites._computeOutputPortDepth(CausalityInterfaceForComposites.java:765)
	at ptolemy.actor.util.CausalityInterfaceForComposites._computeInputDepth(CausalityInterfaceForComposites.java:696)
	at ptolemy.actor.util.CausalityInterfaceForComposites._computeOutputPortDepth(CausalityInterfaceForComposites.java:765)
	at ptolemy.actor.util.CausalityInterfaceForComposites._computeInputDepth(CausalityInterfaceForComposites.java:696)
	at ptolemy.actor.util.CausalityInterfaceForComposites._computeActorDepth(CausalityInterfaceForComposites.java:532)
	at ptolemy.actor.util.CausalityInterfaceForComposites.checkForCycles(CausalityInterfaceForComposites.java:96)
	at ptolemy.domains.de.kernel.DEDirector.preinitialize(DEDirector.java:1338)
	at ptolemy.actor.CompositeActor.preinitialize(CompositeActor.java:1828)
	at ptolemy.actor.Manager.preinitializeAndResolveTypes(Manager.java:1040)
	at ptolemy.actor.Manager.initialize(Manager.java:710)
	at ptolemy.actor.Manager.execute(Manager.java:356)
	at ptolemy.actor.Manager.run(Manager.java:1263)
	at ptolemy.actor.Manager$PtolemyRunThread.run(Manager.java:1933)
java.lang.reflect.InvocationTargetException
	at java.base/jdk.internal.reflect.NativeConstructorAccessorImpl.newInstance0(Native Method)
	at java.base/jdk.internal.reflect.NativeConstructorAccessorImpl.newInstance(NativeConstructorAccessorImpl.java:62)
	at java.base/jdk.internal.reflect.DelegatingConstructorAccessorImpl.newInstance(DelegatingConstructorAccessorImpl.java:45)
	at java.base/java.lang.reflect.Constructor.newInstance(Constructor.java:490)
	at ptolemy.util.test.junit.AutoKnownFailedTests.RunModel(AutoKnownFailedTests.java:105)
	at java.base/jdk.internal.reflect.NativeMethodAccessorImpl.invoke0(Native Method)
	at java.base/jdk.internal.reflect.NativeMethodAccessorImpl.invoke(NativeMethodAccessorImpl.java:62)
	at java.base/jdk.internal.reflect.DelegatingMethodAccessorImpl.invoke(DelegatingMethodAccessorImpl.java:43)
	at java.base/java.lang.reflect.Method.invoke(Method.java:566)
	at org.junit.runners.model.FrameworkMethod$1.runReflectiveCall(FrameworkMethod.java:44)
	at org.junit.internal.runners.model.ReflectiveCallable.run(ReflectiveCallable.java:15)
	at org.junit.runners.model.FrameworkMethod.invokeExplosively(FrameworkMethod.java:41)
	at junitparams.internal.InvokeParameterisedMethod.evaluate(InvokeParameterisedMethod.java:102)
	at org.junit.internal.runners.statements.FailOnTimeout$1.run(FailOnTimeout.java:28)
Caused by: ptolemy.kernel.util.IllegalActionException: Found a zero delay loop containing .dependencyLoop2.original
  in .dependencyLoop2 and .dependencyLoop2.original
	at ptolemy.actor.util.CausalityInterfaceForComposites._computeOutputPortDepth(CausalityInterfaceForComposites.java:759)
	at ptolemy.actor.util.CausalityInterfaceForComposites._computeInputDepth(CausalityInterfaceForComposites.java:696)
	at ptolemy.actor.util.CausalityInterfaceForComposites._computeOutputPortDepth(CausalityInterfaceForComposites.java:765)
	at ptolemy.actor.util.CausalityInterfaceForComposites._computeInputDepth(CausalityInterfaceForComposites.java:696)
	at ptolemy.actor.util.CausalityInterfaceForComposites._computeOutputPortDepth(CausalityInterfaceForComposites.java:765)
	at ptolemy.actor.util.CausalityInterfaceForComposites._computeInputDepth(CausalityInterfaceForComposites.java:696)
	at ptolemy.actor.util.CausalityInterfaceForComposites._computeActorDepth(CausalityInterfaceForComposites.java:532)
	at ptolemy.actor.util.CausalityInterfaceForComposites.checkForCycles(CausalityInterfaceForComposites.java:96)
	at ptolemy.domains.de.kernel.DEDirector.preinitialize(DEDirector.java:1338)
	at ptolemy.actor.CompositeActor.preinitialize(CompositeActor.java:1828)
	at ptolemy.actor.Manager.preinitializeAndResolveTypes(Manager.java:1040)
	at ptolemy.actor.Manager.initialize(Manager.java:710)
	at ptolemy.actor.Manager.execute(Manager.java:356)
	at ptolemy.actor.Manager.run(Manager.java:1263)
	at ptolemy.actor.Manager$PtolemyRunThread.run(Manager.java:1933)
]]></system-err>
</testsuite>
