<?xml version="1.0" encoding="UTF-8" ?>
<testsuite errors="0" failures="0" hostname="travis-job-137e815c-710d-412b-ac45-06946d35f436" name="ptolemy.domains.pn.test.junit.JUnitTclTest" skipped="0" tests="43" time="6.096" timestamp="2019-12-24T06:32:42">
  <properties>
[...]
</properties>
  <testcase classname="ptolemy.util.test.junit.TclTests" name="[0] /home/travis/build/icyphy/ptII/ptolemy/domains/pn/test/PNDirector.tcl (RunTclFile)" time="0.604" />
  <testcase classname="ptolemy.util.test.junit.TclTests" name="[1] /home/travis/build/icyphy/ptII/ptolemy/domains/pn/test/TimedPNDirector.tcl (RunTclFile)" time="0.023" />
  <testcase classname="ptolemy.util.test.junit.AutoKnownFailedTests" name="[0] ThereAreNoKnowFailedTests (RunModel)" time="0.002" />
  <testcase classname="ptolemy.util.test.junit.AutoNameArchTests" name="[0] ThereAreNoAutoArchTests (RunModel)" time="0.001" />
  <testcase classname="ptolemy.util.test.junit.AutoTests" name="[0] /home/travis/build/icyphy/ptII/ptolemy/domains/pn/test/auto/Branching-switch-PN-ptolemy-2.xml (RunModel)" time="0.19" />
  <testcase classname="ptolemy.util.test.junit.AutoTests" name="[1] /home/travis/build/icyphy/ptII/ptolemy/domains/pn/test/auto/Branching-switch-PN-ptolemy.xml (RunModel)" time="0.145" />
  <testcase classname="ptolemy.util.test.junit.AutoTests" name="[2] /home/travis/build/icyphy/ptII/ptolemy/domains/pn/test/auto/BrockAckermanTest.xml (RunModel)" time="0.309" />
  <testcase classname="ptolemy.util.test.junit.AutoTests" name="[3] /home/travis/build/icyphy/ptII/ptolemy/domains/pn/test/auto/CounterMachine.xml (RunModel)" time="1.321" />
  <testcase classname="ptolemy.util.test.junit.AutoTests" name="[4] /home/travis/build/icyphy/ptII/ptolemy/domains/pn/test/auto/CounterMachine1.xml (RunModel)" time="1.098" />
  <testcase classname="ptolemy.util.test.junit.AutoTests" name="[5] /home/travis/build/icyphy/ptII/ptolemy/domains/pn/test/auto/CounterMachineWithException.xml (RunModel)" time="0.557" />
  <testcase classname="ptolemy.util.test.junit.AutoTests" name="[6] /home/travis/build/icyphy/ptII/ptolemy/domains/pn/test/auto/FinalState.xml (RunModel)" time="0.082" />
  <testcase classname="ptolemy.util.test.junit.AutoTests" name="[7] /home/travis/build/icyphy/ptII/ptolemy/domains/pn/test/auto/FourExpressions.xml (RunModel)" time="0.052" />
  <testcase classname="ptolemy.util.test.junit.AutoTests" name="[8] /home/travis/build/icyphy/ptII/ptolemy/domains/pn/test/auto/Identity.xml (RunModel)" time="0.055" />
  <testcase classname="ptolemy.util.test.junit.AutoTests" name="[9] /home/travis/build/icyphy/ptII/ptolemy/domains/pn/test/auto/IdentityWithFeedback.xml (RunModel)" time="0.043" />
  <testcase classname="ptolemy.util.test.junit.AutoTests" name="[10] /home/travis/build/icyphy/ptII/ptolemy/domains/pn/test/auto/NondeterministicMergeTest.xml (RunModel)" time="0.047" />
  <testcase classname="ptolemy.util.test.junit.AutoTests" name="[11] /home/travis/build/icyphy/ptII/ptolemy/domains/pn/test/auto/OrderedMerge.xml (RunModel)" time="0.128" />
  <testcase classname="ptolemy.util.test.junit.AutoTests" name="[12] /home/travis/build/icyphy/ptII/ptolemy/domains/pn/test/auto/PNAbstractReceiverTest.xml (RunModel)" time="0.023" />
  <testcase classname="ptolemy.util.test.junit.AutoTests" name="[13] /home/travis/build/icyphy/ptII/ptolemy/domains/pn/test/auto/QR.xml (RunModel)" time="0.074" />
  <testcase classname="ptolemy.util.test.junit.AutoTests" name="[14] /home/travis/build/icyphy/ptII/ptolemy/domains/pn/test/auto/RemoveNilTokens.xml (RunModel)" time="0.053" />
  <testcase classname="ptolemy.util.test.junit.AutoTests" name="[15] /home/travis/build/icyphy/ptII/ptolemy/domains/pn/test/auto/Stack.xml (RunModel)" time="0.129" />
  <testcase classname="ptolemy.util.test.junit.AutoTests" name="[16] /home/travis/build/icyphy/ptII/ptolemy/domains/pn/test/auto/TestRemoveNilTokens.xml (RunModel)" time="0.039" />
  <testcase classname="ptolemy.util.test.junit.AutoTests" name="[17] /home/travis/build/icyphy/ptII/ptolemy/domains/pn/test/auto/TestSeq2Array.xml (RunModel)" time="0.033" />
  <testcase classname="ptolemy.util.test.junit.AutoTests" name="[18] /home/travis/build/icyphy/ptII/ptolemy/domains/pn/test/auto/TrivialIdentity.xml (RunModel)" time="0.042" />
  <testcase classname="ptolemy.util.test.junit.AutoTests" name="[19] /home/travis/build/icyphy/ptII/ptolemy/domains/pn/test/auto/WidthInferenceTest1.xml (RunModel)" time="0.029" />
  <testcase classname="ptolemy.util.test.junit.AutoTests" name="[20] /home/travis/build/icyphy/ptII/ptolemy/domains/pn/test/auto/WidthInferenceTest2.xml (RunModel)" time="0.031" />
  <testcase classname="ptolemy.util.test.junit.AutoTests" name="[21] /home/travis/build/icyphy/ptII/ptolemy/domains/pn/test/auto/WidthInferenceTest3.xml (RunModel)" time="0.047" />
  <testcase classname="ptolemy.util.test.junit.AutoTests" name="[22] /home/travis/build/icyphy/ptII/ptolemy/domains/pn/test/auto/WidthInferenceTest4.xml (RunModel)" time="0.068" />
  <testcase classname="ptolemy.util.test.junit.AutoTests" name="[23] /home/travis/build/icyphy/ptII/ptolemy/domains/pn/test/auto/WidthInferenceTest5.xml (RunModel)" time="0.05" />
  <testcase classname="ptolemy.util.test.junit.AutoTests" name="[24] /home/travis/build/icyphy/ptII/ptolemy/domains/pn/test/auto/controlled_kahnnet.xml (RunModel)" time="0.02" />
  <testcase classname="ptolemy.util.test.junit.AutoTests" name="[25] /home/travis/build/icyphy/ptII/ptolemy/domains/pn/test/auto/demandDriven.xml (RunModel)" time="0.023" />
  <testcase classname="ptolemy.util.test.junit.AutoTests" name="[26] /home/travis/build/icyphy/ptII/ptolemy/domains/pn/test/auto/feedback.xml (RunModel)" time="0.02" />
  <testcase classname="ptolemy.util.test.junit.AutoTests" name="[27] /home/travis/build/icyphy/ptII/ptolemy/domains/pn/test/auto/helloWorld.xml (RunModel)" time="0.025" />
  <testcase classname="ptolemy.util.test.junit.AutoTests" name="[28] /home/travis/build/icyphy/ptII/ptolemy/domains/pn/test/auto/helloWorld2.xml (RunModel)" time="0.023" />
  <testcase classname="ptolemy.util.test.junit.AutoTests" name="[29] /home/travis/build/icyphy/ptII/ptolemy/domains/pn/test/auto/noOutput.xml (RunModel)" time="0.04" />
  <testcase classname="ptolemy.util.test.junit.AutoTests" name="[30] /home/travis/build/icyphy/ptII/ptolemy/domains/pn/test/auto/relationGroup.xml (RunModel)" time="0.016" />
  <testcase classname="ptolemy.util.test.junit.AutoTests" name="[31] /home/travis/build/icyphy/ptII/ptolemy/domains/pn/test/auto/relationGroup2.xml (RunModel)" time="0.022" />
  <testcase classname="ptolemy.util.test.junit.AutoTests" name="[32] /home/travis/build/icyphy/ptII/ptolemy/domains/pn/test/auto/relationGroup3.xml (RunModel)" time="0.018" />
  <testcase classname="ptolemy.util.test.junit.AutoTests" name="[33] /home/travis/build/icyphy/ptII/ptolemy/domains/pn/test/auto/relationGroup4.xml (RunModel)" time="0.011" />
  <testcase classname="ptolemy.util.test.junit.AutoTests" name="[34] /home/travis/build/icyphy/ptII/ptolemy/domains/pn/test/auto/relationGroup5.xml (RunModel)" time="0.018" />
  <testcase classname="ptolemy.util.test.junit.AutoTests" name="[35] /home/travis/build/icyphy/ptII/ptolemy/domains/pn/test/auto/relationGroup6.xml (RunModel)" time="0.017" />
  <testcase classname="ptolemy.util.test.junit.AutoTests" name="[36] /home/travis/build/icyphy/ptII/ptolemy/domains/pn/test/auto/relationGroup7.xml (RunModel)" time="0.015" />
  <testcase classname="ptolemy.util.test.junit.AutoTests" name="[37] /home/travis/build/icyphy/ptII/ptolemy/domains/pn/test/auto/relationGroup8.xml (RunModel)" time="0.02" />
  <testcase classname="ptolemy.util.test.junit.AutoTests" name="[38] /home/travis/build/icyphy/ptII/ptolemy/domains/pn/test/auto/widthTest.xml (RunModel)" time="0.04" />
  <system-out><![CDATA[/home/travis/build/icyphy/ptII/ptolemy/domains/pn/test/PNDirector.tcl
testDefs.tcl: setting time out to 9000 seconds at Tue Dec 24 06:32:42 UTC 2019
75 ms. Memory: 129024K Free: 97219K (75%)
58 ms. Memory: 129024K Free: 89537K (69%)
/home/travis/build/icyphy/ptII/ptolemy/domains/pn/test/TimedPNDirector.tcl


==== $PTII/ptolemy/domains/pn/test/TimedPNDirector.tcl: TimedPNDirector-6.1 Test an application
==== Contents of test case:


    set e0 [java::new ptolemy.actor.TypedCompositeActor]
    set manager [java::new ptolemy.actor.Manager]
    set director [java::new ptolemy.domains.pn.kernel.TimedPNDirector]
    $e0 setDirector $director
    $e0 setName top
    $e0 setManager $manager

    # FIXME: why doesn't the getParameter option work.
    set ramp [java::new ptolemy.actor.lib.Ramp $e0 ramp]
    set param [java::cast ptolemy.data.expr.Parameter  [$ramp getAttribute  firingCountLimit]]
    $param setExpression 20

    set rec [java::new ptolemy.actor.lib.Recorder $e0 rec]
    $e0 connect  [java::field [java::cast ptolemy.actor.lib.Source $ramp] output]  [java::field [java::cast ptolemy.actor.lib.Sink $rec] input]

    error "Running this test sometimes causes an endless loop" 

#    [$e0 getManager] execute
#    enumToTokenValues [$rec getRecord 0]


.... Test generated KNOWN error:
Running this test sometimes causes an endless loop
    while executing
"error "Running this test sometimes causes an endless loop" "
    ("uplevel" body line 18)
    invoked from within
"uplevel $contents_of_test"
12/24/19 06:32:43
Failed: 0  Total Tests: 3  ((Passed: 2, Newly Passed: 0)  Known Failed: 1) /home/travis/build/icyphy/ptII/ptolemy/domains/pn/test
No auto/knownFailedTests/*.xml tests in /home/travis/build/icyphy/ptII/ptolemy/domains/pn/test
No auto/linux-amd64/*.xml tests in /home/travis/build/icyphy/ptII/ptolemy/domains/pn/test
AutoTests.java: About to close Vertx.
AutoTests.java: Vertx closed.

===========================================================================================
----------------- testing Tue Dec 24 06:32:43 UTC 2019 /home/travis/build/icyphy/ptII/ptolemy/domains/pn/test/auto/Branching-switch-PN-ptolemy-2.xml
----------------- Instantiating /home/travis/build/icyphy/ptII/ptolemy/domains/pn/test/auto/Branching-switch-PN-ptolemy-2.xml
62 ms. Memory: 129024K Free: 104185K (81%)
----------------- Invoking toplevel() on ptolemy.moml.MoMLSimpleApplication@30bbff0a
----------------- Done invoking toplevel() on ptolemy.moml.MoMLSimpleApplication@30bbff0a
reloadAllAccessors: .Branching-switch-PN-ptolemy-2

===========================================================================================
----------------- testing Tue Dec 24 06:32:43 UTC 2019 /home/travis/build/icyphy/ptII/ptolemy/domains/pn/test/auto/Branching-switch-PN-ptolemy.xml
----------------- Instantiating /home/travis/build/icyphy/ptII/ptolemy/domains/pn/test/auto/Branching-switch-PN-ptolemy.xml
61 ms. Memory: 129024K Free: 112107K (87%)
----------------- Invoking toplevel() on ptolemy.moml.MoMLSimpleApplication@2c3e23f3
----------------- Done invoking toplevel() on ptolemy.moml.MoMLSimpleApplication@2c3e23f3
reloadAllAccessors: .Branching-switch-PN-ptolemy

===========================================================================================
----------------- testing Tue Dec 24 06:32:43 UTC 2019 /home/travis/build/icyphy/ptII/ptolemy/domains/pn/test/auto/BrockAckermanTest.xml
----------------- Instantiating /home/travis/build/icyphy/ptII/ptolemy/domains/pn/test/auto/BrockAckermanTest.xml
218 ms. Memory: 129024K Free: 95918K (74%)
----------------- Invoking toplevel() on ptolemy.moml.MoMLSimpleApplication@32ece720
----------------- Done invoking toplevel() on ptolemy.moml.MoMLSimpleApplication@32ece720
reloadAllAccessors: .BrockAckermanTest

===========================================================================================
----------------- testing Tue Dec 24 06:32:44 UTC 2019 /home/travis/build/icyphy/ptII/ptolemy/domains/pn/test/auto/CounterMachine.xml
----------------- Instantiating /home/travis/build/icyphy/ptII/ptolemy/domains/pn/test/auto/CounterMachine.xml
734 ms. Memory: 155648K Free: 51937K (33%)
----------------- Invoking toplevel() on ptolemy.moml.MoMLSimpleApplication@18dbb412
----------------- Done invoking toplevel() on ptolemy.moml.MoMLSimpleApplication@18dbb412
reloadAllAccessors: .CounterMachine

===========================================================================================
----------------- testing Tue Dec 24 06:32:45 UTC 2019 /home/travis/build/icyphy/ptII/ptolemy/domains/pn/test/auto/CounterMachine1.xml
----------------- Instantiating /home/travis/build/icyphy/ptII/ptolemy/domains/pn/test/auto/CounterMachine1.xml
763 ms. Memory: 155648K Free: 67896K (44%)
----------------- Invoking toplevel() on ptolemy.moml.MoMLSimpleApplication@6c693f84
----------------- Done invoking toplevel() on ptolemy.moml.MoMLSimpleApplication@6c693f84
reloadAllAccessors: .CounterMachine1

===========================================================================================
----------------- testing Tue Dec 24 06:32:46 UTC 2019 /home/travis/build/icyphy/ptII/ptolemy/domains/pn/test/auto/CounterMachineWithException.xml
----------------- Instantiating /home/travis/build/icyphy/ptII/ptolemy/domains/pn/test/auto/CounterMachineWithException.xml
336 ms. Memory: 155648K Free: 76760K (49%)
----------------- Invoking toplevel() on ptolemy.moml.MoMLSimpleApplication@7be8239d
----------------- Done invoking toplevel() on ptolemy.moml.MoMLSimpleApplication@7be8239d
reloadAllAccessors: .CounterMachineWithException

===========================================================================================
----------------- testing Tue Dec 24 06:32:47 UTC 2019 /home/travis/build/icyphy/ptII/ptolemy/domains/pn/test/auto/FinalState.xml
----------------- Instantiating /home/travis/build/icyphy/ptII/ptolemy/domains/pn/test/auto/FinalState.xml
20 ms. Memory: 155648K Free: 68943K (44%)
----------------- Invoking toplevel() on ptolemy.moml.MoMLSimpleApplication@5863ece4
----------------- Done invoking toplevel() on ptolemy.moml.MoMLSimpleApplication@5863ece4
reloadAllAccessors: .FinalState

===========================================================================================
----------------- testing Tue Dec 24 06:32:47 UTC 2019 /home/travis/build/icyphy/ptII/ptolemy/domains/pn/test/auto/FourExpressions.xml
----------------- Instantiating /home/travis/build/icyphy/ptII/ptolemy/domains/pn/test/auto/FourExpressions.xml
17 ms. Memory: 155648K Free: 59605K (38%)
----------------- Invoking toplevel() on ptolemy.moml.MoMLSimpleApplication@6b2ca6fc
----------------- Done invoking toplevel() on ptolemy.moml.MoMLSimpleApplication@6b2ca6fc
reloadAllAccessors: .FourExpressions

===========================================================================================
----------------- testing Tue Dec 24 06:32:47 UTC 2019 /home/travis/build/icyphy/ptII/ptolemy/domains/pn/test/auto/Identity.xml
----------------- Instantiating /home/travis/build/icyphy/ptII/ptolemy/domains/pn/test/auto/Identity.xml
16 ms. Memory: 155648K Free: 52439K (34%)
----------------- Invoking toplevel() on ptolemy.moml.MoMLSimpleApplication@2f27d6ea
----------------- Done invoking toplevel() on ptolemy.moml.MoMLSimpleApplication@2f27d6ea
reloadAllAccessors: .Identity

===========================================================================================
----------------- testing Tue Dec 24 06:32:47 UTC 2019 /home/travis/build/icyphy/ptII/ptolemy/domains/pn/test/auto/IdentityWithFeedback.xml
----------------- Instantiating /home/travis/build/icyphy/ptII/ptolemy/domains/pn/test/auto/IdentityWithFeedback.xml
23 ms. Memory: 155648K Free: 139249K (89%)
----------------- Invoking toplevel() on ptolemy.moml.MoMLSimpleApplication@602520d7
----------------- Done invoking toplevel() on ptolemy.moml.MoMLSimpleApplication@602520d7
reloadAllAccessors: .IdentityWithFeedback

===========================================================================================
----------------- testing Tue Dec 24 06:32:47 UTC 2019 /home/travis/build/icyphy/ptII/ptolemy/domains/pn/test/auto/NondeterministicMergeTest.xml
----------------- Instantiating /home/travis/build/icyphy/ptII/ptolemy/domains/pn/test/auto/NondeterministicMergeTest.xml
16 ms. Memory: 155648K Free: 131157K (84%)
----------------- Invoking toplevel() on ptolemy.moml.MoMLSimpleApplication@4e109088
----------------- Done invoking toplevel() on ptolemy.moml.MoMLSimpleApplication@4e109088
reloadAllAccessors: .NondeterministicMergeTest

===========================================================================================
----------------- testing Tue Dec 24 06:32:47 UTC 2019 /home/travis/build/icyphy/ptII/ptolemy/domains/pn/test/auto/OrderedMerge.xml
----------------- Instantiating /home/travis/build/icyphy/ptII/ptolemy/domains/pn/test/auto/OrderedMerge.xml
97 ms. Memory: 155648K Free: 120354K (77%)
----------------- Invoking toplevel() on ptolemy.moml.MoMLSimpleApplication@4d2f6bef
----------------- Done invoking toplevel() on ptolemy.moml.MoMLSimpleApplication@4d2f6bef
reloadAllAccessors: .OrderedMerge

===========================================================================================
----------------- testing Tue Dec 24 06:32:47 UTC 2019 /home/travis/build/icyphy/ptII/ptolemy/domains/pn/test/auto/PNAbstractReceiverTest.xml
----------------- Instantiating /home/travis/build/icyphy/ptII/ptolemy/domains/pn/test/auto/PNAbstractReceiverTest.xml
9 ms. Memory: 155648K Free: 115697K (74%)
----------------- Invoking toplevel() on ptolemy.moml.MoMLSimpleApplication@e55bd59
----------------- Done invoking toplevel() on ptolemy.moml.MoMLSimpleApplication@e55bd59
reloadAllAccessors: .PNAbstractReceiverTest

===========================================================================================
----------------- testing Tue Dec 24 06:32:47 UTC 2019 /home/travis/build/icyphy/ptII/ptolemy/domains/pn/test/auto/QR.xml
----------------- Instantiating /home/travis/build/icyphy/ptII/ptolemy/domains/pn/test/auto/QR.xml
26 ms. Memory: 155648K Free: 104994K (67%)
----------------- Invoking toplevel() on ptolemy.moml.MoMLSimpleApplication@5be2439e
----------------- Done invoking toplevel() on ptolemy.moml.MoMLSimpleApplication@5be2439e
reloadAllAccessors: .QR

===========================================================================================
----------------- testing Tue Dec 24 06:32:47 UTC 2019 /home/travis/build/icyphy/ptII/ptolemy/domains/pn/test/auto/RemoveNilTokens.xml
----------------- Instantiating /home/travis/build/icyphy/ptII/ptolemy/domains/pn/test/auto/RemoveNilTokens.xml
20 ms. Memory: 155648K Free: 93269K (60%)
----------------- Invoking toplevel() on ptolemy.moml.MoMLSimpleApplication@57524f8b
----------------- Done invoking toplevel() on ptolemy.moml.MoMLSimpleApplication@57524f8b
reloadAllAccessors: .RemoveNilTokens

===========================================================================================
----------------- testing Tue Dec 24 06:32:47 UTC 2019 /home/travis/build/icyphy/ptII/ptolemy/domains/pn/test/auto/Stack.xml
----------------- Instantiating /home/travis/build/icyphy/ptII/ptolemy/domains/pn/test/auto/Stack.xml
56 ms. Memory: 155648K Free: 66543K (43%)
----------------- Invoking toplevel() on ptolemy.moml.MoMLSimpleApplication@126c71d4
----------------- Done invoking toplevel() on ptolemy.moml.MoMLSimpleApplication@126c71d4
reloadAllAccessors: .Stack

===========================================================================================
----------------- testing Tue Dec 24 06:32:47 UTC 2019 /home/travis/build/icyphy/ptII/ptolemy/domains/pn/test/auto/TestRemoveNilTokens.xml
----------------- Instantiating /home/travis/build/icyphy/ptII/ptolemy/domains/pn/test/auto/TestRemoveNilTokens.xml
16 ms. Memory: 155648K Free: 57890K (37%)
----------------- Invoking toplevel() on ptolemy.moml.MoMLSimpleApplication@1c8151dc
----------------- Done invoking toplevel() on ptolemy.moml.MoMLSimpleApplication@1c8151dc
reloadAllAccessors: .TestRemoveNilTokens

===========================================================================================
----------------- testing Tue Dec 24 06:32:47 UTC 2019 /home/travis/build/icyphy/ptII/ptolemy/domains/pn/test/auto/TestSeq2Array.xml
----------------- Instantiating /home/travis/build/icyphy/ptII/ptolemy/domains/pn/test/auto/TestSeq2Array.xml
17 ms. Memory: 155648K Free: 51285K (33%)
----------------- Invoking toplevel() on ptolemy.moml.MoMLSimpleApplication@7f7e490b
----------------- Done invoking toplevel() on ptolemy.moml.MoMLSimpleApplication@7f7e490b
reloadAllAccessors: .TestSeq2Array

===========================================================================================
----------------- testing Tue Dec 24 06:32:48 UTC 2019 /home/travis/build/icyphy/ptII/ptolemy/domains/pn/test/auto/TrivialIdentity.xml
----------------- Instantiating /home/travis/build/icyphy/ptII/ptolemy/domains/pn/test/auto/TrivialIdentity.xml
3 ms. Memory: 155648K Free: 138064K (89%)
----------------- Invoking toplevel() on ptolemy.moml.MoMLSimpleApplication@7c0032c1
----------------- Done invoking toplevel() on ptolemy.moml.MoMLSimpleApplication@7c0032c1
reloadAllAccessors: .TrivialIdentity

===========================================================================================
----------------- testing Tue Dec 24 06:32:48 UTC 2019 /home/travis/build/icyphy/ptII/ptolemy/domains/pn/test/auto/WidthInferenceTest1.xml
----------------- Instantiating /home/travis/build/icyphy/ptII/ptolemy/domains/pn/test/auto/WidthInferenceTest1.xml
8 ms. Memory: 155648K Free: 130908K (84%)
----------------- Invoking toplevel() on ptolemy.moml.MoMLSimpleApplication@41395bcb
----------------- Done invoking toplevel() on ptolemy.moml.MoMLSimpleApplication@41395bcb
reloadAllAccessors: .1

===========================================================================================
----------------- testing Tue Dec 24 06:32:48 UTC 2019 /home/travis/build/icyphy/ptII/ptolemy/domains/pn/test/auto/WidthInferenceTest2.xml
----------------- Instantiating /home/travis/build/icyphy/ptII/ptolemy/domains/pn/test/auto/WidthInferenceTest2.xml
14 ms. Memory: 155648K Free: 123740K (79%)
----------------- Invoking toplevel() on ptolemy.moml.MoMLSimpleApplication@1ddbafff
----------------- Done invoking toplevel() on ptolemy.moml.MoMLSimpleApplication@1ddbafff
reloadAllAccessors: .2

===========================================================================================
----------------- testing Tue Dec 24 06:32:48 UTC 2019 /home/travis/build/icyphy/ptII/ptolemy/domains/pn/test/auto/WidthInferenceTest3.xml
----------------- Instantiating /home/travis/build/icyphy/ptII/ptolemy/domains/pn/test/auto/WidthInferenceTest3.xml
15 ms. Memory: 155648K Free: 107812K (69%)
----------------- Invoking toplevel() on ptolemy.moml.MoMLSimpleApplication@52186dd1
----------------- Done invoking toplevel() on ptolemy.moml.MoMLSimpleApplication@52186dd1
reloadAllAccessors: .3

===========================================================================================
----------------- testing Tue Dec 24 06:32:48 UTC 2019 /home/travis/build/icyphy/ptII/ptolemy/domains/pn/test/auto/WidthInferenceTest4.xml
----------------- Instantiating /home/travis/build/icyphy/ptII/ptolemy/domains/pn/test/auto/WidthInferenceTest4.xml
21 ms. Memory: 155648K Free: 92910K (60%)
----------------- Invoking toplevel() on ptolemy.moml.MoMLSimpleApplication@4280d77f
----------------- Done invoking toplevel() on ptolemy.moml.MoMLSimpleApplication@4280d77f
reloadAllAccessors: .WidthInferenceTest4

===========================================================================================
----------------- testing Tue Dec 24 06:32:48 UTC 2019 /home/travis/build/icyphy/ptII/ptolemy/domains/pn/test/auto/WidthInferenceTest5.xml
----------------- Instantiating /home/travis/build/icyphy/ptII/ptolemy/domains/pn/test/auto/WidthInferenceTest5.xml
22 ms. Memory: 155648K Free: 77660K (50%)
----------------- Invoking toplevel() on ptolemy.moml.MoMLSimpleApplication@5bce0f23
----------------- Done invoking toplevel() on ptolemy.moml.MoMLSimpleApplication@5bce0f23
reloadAllAccessors: .WidthInferenceTest5

===========================================================================================
----------------- testing Tue Dec 24 06:32:48 UTC 2019 /home/travis/build/icyphy/ptII/ptolemy/domains/pn/test/auto/controlled_kahnnet.xml
----------------- Instantiating /home/travis/build/icyphy/ptII/ptolemy/domains/pn/test/auto/controlled_kahnnet.xml
5 ms. Memory: 155648K Free: 71516K (46%)
----------------- Invoking toplevel() on ptolemy.moml.MoMLSimpleApplication@51b56208
----------------- Done invoking toplevel() on ptolemy.moml.MoMLSimpleApplication@51b56208
reloadAllAccessors: .controlled_kahnnet

===========================================================================================
----------------- testing Tue Dec 24 06:32:48 UTC 2019 /home/travis/build/icyphy/ptII/ptolemy/domains/pn/test/auto/demandDriven.xml
----------------- Instantiating /home/travis/build/icyphy/ptII/ptolemy/domains/pn/test/auto/demandDriven.xml
10 ms. Memory: 155648K Free: 66852K (43%)
----------------- Invoking toplevel() on ptolemy.moml.MoMLSimpleApplication@6ee99189
----------------- Done invoking toplevel() on ptolemy.moml.MoMLSimpleApplication@6ee99189
reloadAllAccessors: .demandDriven

===========================================================================================
----------------- testing Tue Dec 24 06:32:48 UTC 2019 /home/travis/build/icyphy/ptII/ptolemy/domains/pn/test/auto/feedback.xml
----------------- Instantiating /home/travis/build/icyphy/ptII/ptolemy/domains/pn/test/auto/feedback.xml
8 ms. Memory: 155648K Free: 62188K (40%)
----------------- Invoking toplevel() on ptolemy.moml.MoMLSimpleApplication@44e56f99
----------------- Done invoking toplevel() on ptolemy.moml.MoMLSimpleApplication@44e56f99
reloadAllAccessors: .feedback

===========================================================================================
----------------- testing Tue Dec 24 06:32:48 UTC 2019 /home/travis/build/icyphy/ptII/ptolemy/domains/pn/test/auto/helloWorld.xml
----------------- Instantiating /home/travis/build/icyphy/ptII/ptolemy/domains/pn/test/auto/helloWorld.xml
10 ms. Memory: 155648K Free: 59684K (38%)
----------------- Invoking toplevel() on ptolemy.moml.MoMLSimpleApplication@5b60fb8a
----------------- Done invoking toplevel() on ptolemy.moml.MoMLSimpleApplication@5b60fb8a
reloadAllAccessors: .helloWorld

===========================================================================================
----------------- testing Tue Dec 24 06:32:48 UTC 2019 /home/travis/build/icyphy/ptII/ptolemy/domains/pn/test/auto/helloWorld2.xml
----------------- Instantiating /home/travis/build/icyphy/ptII/ptolemy/domains/pn/test/auto/helloWorld2.xml
8 ms. Memory: 155648K Free: 54108K (35%)
----------------- Invoking toplevel() on ptolemy.moml.MoMLSimpleApplication@7b1ec23e
----------------- Done invoking toplevel() on ptolemy.moml.MoMLSimpleApplication@7b1ec23e
reloadAllAccessors: .helloWorld2

===========================================================================================
----------------- testing Tue Dec 24 06:32:48 UTC 2019 /home/travis/build/icyphy/ptII/ptolemy/domains/pn/test/auto/noOutput.xml
----------------- Instantiating /home/travis/build/icyphy/ptII/ptolemy/domains/pn/test/auto/noOutput.xml
25 ms. Memory: 187392K Free: 171526K (92%)
----------------- Invoking toplevel() on ptolemy.moml.MoMLSimpleApplication@7200f6ea
----------------- Done invoking toplevel() on ptolemy.moml.MoMLSimpleApplication@7200f6ea
reloadAllAccessors: .noOutput

===========================================================================================
----------------- testing Tue Dec 24 06:32:48 UTC 2019 /home/travis/build/icyphy/ptII/ptolemy/domains/pn/test/auto/relationGroup.xml
----------------- Instantiating /home/travis/build/icyphy/ptII/ptolemy/domains/pn/test/auto/relationGroup.xml
5 ms. Memory: 187392K Free: 167704K (89%)
----------------- Invoking toplevel() on ptolemy.moml.MoMLSimpleApplication@5ea934d1
----------------- Done invoking toplevel() on ptolemy.moml.MoMLSimpleApplication@5ea934d1
reloadAllAccessors: .relationGroup

===========================================================================================
----------------- testing Tue Dec 24 06:32:48 UTC 2019 /home/travis/build/icyphy/ptII/ptolemy/domains/pn/test/auto/relationGroup2.xml
----------------- Instantiating /home/travis/build/icyphy/ptII/ptolemy/domains/pn/test/auto/relationGroup2.xml
11 ms. Memory: 187392K Free: 164634K (88%)
----------------- Invoking toplevel() on ptolemy.moml.MoMLSimpleApplication@2138ee5c
----------------- Done invoking toplevel() on ptolemy.moml.MoMLSimpleApplication@2138ee5c
reloadAllAccessors: .relationGroup2

===========================================================================================
----------------- testing Tue Dec 24 06:32:48 UTC 2019 /home/travis/build/icyphy/ptII/ptolemy/domains/pn/test/auto/relationGroup3.xml
----------------- Instantiating /home/travis/build/icyphy/ptII/ptolemy/domains/pn/test/auto/relationGroup3.xml
8 ms. Memory: 187392K Free: 161562K (86%)
----------------- Invoking toplevel() on ptolemy.moml.MoMLSimpleApplication@7e1e9a47
----------------- Done invoking toplevel() on ptolemy.moml.MoMLSimpleApplication@7e1e9a47
reloadAllAccessors: .relationGroup3

===========================================================================================
----------------- testing Tue Dec 24 06:32:48 UTC 2019 /home/travis/build/icyphy/ptII/ptolemy/domains/pn/test/auto/relationGroup4.xml
----------------- Instantiating /home/travis/build/icyphy/ptII/ptolemy/domains/pn/test/auto/relationGroup4.xml
5 ms. Memory: 187392K Free: 158490K (85%)
----------------- Invoking toplevel() on ptolemy.moml.MoMLSimpleApplication@2c6501f6
----------------- Done invoking toplevel() on ptolemy.moml.MoMLSimpleApplication@2c6501f6
reloadAllAccessors: .relationGroup4

===========================================================================================
----------------- testing Tue Dec 24 06:32:48 UTC 2019 /home/travis/build/icyphy/ptII/ptolemy/domains/pn/test/auto/relationGroup5.xml
----------------- Instantiating /home/travis/build/icyphy/ptII/ptolemy/domains/pn/test/auto/relationGroup5.xml
8 ms. Memory: 187392K Free: 155418K (83%)
----------------- Invoking toplevel() on ptolemy.moml.MoMLSimpleApplication@31589c2e
----------------- Done invoking toplevel() on ptolemy.moml.MoMLSimpleApplication@31589c2e
reloadAllAccessors: .relationGroup5

===========================================================================================
----------------- testing Tue Dec 24 06:32:48 UTC 2019 /home/travis/build/icyphy/ptII/ptolemy/domains/pn/test/auto/relationGroup6.xml
----------------- Instantiating /home/travis/build/icyphy/ptII/ptolemy/domains/pn/test/auto/relationGroup6.xml
8 ms. Memory: 187392K Free: 151322K (81%)
----------------- Invoking toplevel() on ptolemy.moml.MoMLSimpleApplication@7bce009a
----------------- Done invoking toplevel() on ptolemy.moml.MoMLSimpleApplication@7bce009a
reloadAllAccessors: .relationGroup6

===========================================================================================
----------------- testing Tue Dec 24 06:32:48 UTC 2019 /home/travis/build/icyphy/ptII/ptolemy/domains/pn/test/auto/relationGroup7.xml
----------------- Instantiating /home/travis/build/icyphy/ptII/ptolemy/domains/pn/test/auto/relationGroup7.xml
7 ms. Memory: 187392K Free: 147226K (79%)
----------------- Invoking toplevel() on ptolemy.moml.MoMLSimpleApplication@123f3b24
----------------- Done invoking toplevel() on ptolemy.moml.MoMLSimpleApplication@123f3b24
reloadAllAccessors: .relationGroup7

===========================================================================================
----------------- testing Tue Dec 24 06:32:48 UTC 2019 /home/travis/build/icyphy/ptII/ptolemy/domains/pn/test/auto/relationGroup8.xml
----------------- Instantiating /home/travis/build/icyphy/ptII/ptolemy/domains/pn/test/auto/relationGroup8.xml
8 ms. Memory: 187392K Free: 143130K (76%)
----------------- Invoking toplevel() on ptolemy.moml.MoMLSimpleApplication@78c69598
----------------- Done invoking toplevel() on ptolemy.moml.MoMLSimpleApplication@78c69598
reloadAllAccessors: .relationGroup8

===========================================================================================
----------------- testing Tue Dec 24 06:32:48 UTC 2019 /home/travis/build/icyphy/ptII/ptolemy/domains/pn/test/auto/widthTest.xml
----------------- Instantiating /home/travis/build/icyphy/ptII/ptolemy/domains/pn/test/auto/widthTest.xml
18 ms. Memory: 187392K Free: 139034K (74%)
----------------- Invoking toplevel() on ptolemy.moml.MoMLSimpleApplication@454812b3
----------------- Done invoking toplevel() on ptolemy.moml.MoMLSimpleApplication@454812b3
reloadAllAccessors: .widthTest
AutoTests.java: About to close Vertx.
AutoTests.java: Vertx closed.
]]></system-out>
  <system-err><![CDATA[java.lang.RuntimeException: Execution failed
	at ptolemy.moml.MoMLSimpleApplication$UnloadThread.run(MoMLSimpleApplication.java:402)
Caused by: ptolemy.kernel.util.IllegalActionException: At the current time, process-oriented domains (PN and CSP) cannot be nested inside firing-based domains (SDF, DE, CT, etc.).
  in .PNInsideDE.CompositeActor.port
Because:
class ptolemy.domains.de.kernel.DEReceiver cannot be cast to class ptolemy.actor.process.ProcessReceiver (ptolemy.domains.de.kernel.DEReceiver and ptolemy.actor.process.ProcessReceiver are in unnamed module of loader 'app')
	at ptolemy.actor.process.BranchController.addBranches(BranchController.java:182)
	at ptolemy.actor.process.CompositeProcessDirector.createBranchController(CompositeProcessDirector.java:221)
	at ptolemy.actor.process.CompositeProcessDirector.initialize(CompositeProcessDirector.java:289)
	at ptolemy.domains.pn.kernel.PNDirector.initialize(PNDirector.java:241)
	at ptolemy.actor.CompositeActor.initialize(CompositeActor.java:935)
	at ptolemy.actor.Director.initialize(Director.java:938)
	at ptolemy.actor.Director.initialize(Director.java:907)
	at ptolemy.domains.de.kernel.DEDirector.initialize(DEDirector.java:944)
	at ptolemy.actor.CompositeActor.initialize(CompositeActor.java:935)
	at ptolemy.actor.Manager.initialize(Manager.java:724)
	at ptolemy.actor.Manager.execute(Manager.java:356)
	at ptolemy.actor.Manager.run(Manager.java:1263)
	at ptolemy.actor.Manager$PtolemyRunThread.run(Manager.java:1933)
Caused by: java.lang.ClassCastException: class ptolemy.domains.de.kernel.DEReceiver cannot be cast to class ptolemy.actor.process.ProcessReceiver (ptolemy.domains.de.kernel.DEReceiver and ptolemy.actor.process.ProcessReceiver are in unnamed module of loader 'app')
	at ptolemy.actor.process.BranchController.addBranches(BranchController.java:178)
	... 12 more
Warning: '.RemoveNilTokens.Test2' The test produced only 7 tokens, yet the correctValues parameter was expecting 8 tokens.
Warning: '.RemoveNilTokens.Test' The test produced only 9 tokens, yet the correctValues parameter was expecting 13 tokens.
]]></system-err>
</testsuite>
