<?xml version="1.0" encoding="UTF-8" ?>
<testsuite errors="0" failures="0" hostname="travis-job-6103584c-c015-41f4-ae3b-352b2e3764e0" name="ptolemy.domains.continuous.test.junit.JUnitTclTest" skipped="0" tests="156" time="69.514" timestamp="2020-06-29T15:33:31">
  <properties>
[...]
</properties>
  <testcase classname="ptolemy.util.test.junit.TclTests" name="[0] ThereAreNoTclTests (RunTclFile)" time="0.014" />
  <testcase classname="ptolemy.util.test.junit.AutoKnownFailedTests" name="[0] ThereAreNoKnowFailedTests (RunModel)" time="0.002" />
  <testcase classname="ptolemy.util.test.junit.AutoNameArchTests" name="[0] ThereAreNoAutoArchTests (RunModel)" time="0.009" />
  <testcase classname="ptolemy.util.test.junit.AutoTests" name="[0] /home/travis/build/icyphy/ptII/ptolemy/domains/continuous/test/auto/BouncingBall.xml (RunModel)" time="2.997" />
  <testcase classname="ptolemy.util.test.junit.AutoTests" name="[1] /home/travis/build/icyphy/ptII/ptolemy/domains/continuous/test/auto/BouncingBallWithoutGR.xml (RunModel)" time="0.945" />
  <testcase classname="ptolemy.util.test.junit.AutoTests" name="[2] /home/travis/build/icyphy/ptII/ptolemy/domains/continuous/test/auto/Brownian.xml (RunModel)" time="0.119" />
  <testcase classname="ptolemy.util.test.junit.AutoTests" name="[3] /home/travis/build/icyphy/ptII/ptolemy/domains/continuous/test/auto/CarTracking.xml (RunModel)" time="4.319" />
  <testcase classname="ptolemy.util.test.junit.AutoTests" name="[4] /home/travis/build/icyphy/ptII/ptolemy/domains/continuous/test/auto/CartPendulum.xml (RunModel)" time="0.533" />
  <testcase classname="ptolemy.util.test.junit.AutoTests" name="[5] /home/travis/build/icyphy/ptII/ptolemy/domains/continuous/test/auto/CausalityInterface10.xml (RunModel)" time="0.055" />
  <testcase classname="ptolemy.util.test.junit.AutoTests" name="[6] /home/travis/build/icyphy/ptII/ptolemy/domains/continuous/test/auto/CausalityInterface11.xml (RunModel)" time="0.031" />
  <testcase classname="ptolemy.util.test.junit.AutoTests" name="[7] /home/travis/build/icyphy/ptII/ptolemy/domains/continuous/test/auto/CausalityInterface12.xml (RunModel)" time="0.033" />
  <testcase classname="ptolemy.util.test.junit.AutoTests" name="[8] /home/travis/build/icyphy/ptII/ptolemy/domains/continuous/test/auto/CausalityInterface13.xml (RunModel)" time="0.029" />
  <testcase classname="ptolemy.util.test.junit.AutoTests" name="[9] /home/travis/build/icyphy/ptII/ptolemy/domains/continuous/test/auto/CausalityInterface14.xml (RunModel)" time="0.036" />
  <testcase classname="ptolemy.util.test.junit.AutoTests" name="[10] /home/travis/build/icyphy/ptII/ptolemy/domains/continuous/test/auto/CausalityInterface4.xml (RunModel)" time="0.049" />
  <testcase classname="ptolemy.util.test.junit.AutoTests" name="[11] /home/travis/build/icyphy/ptII/ptolemy/domains/continuous/test/auto/CausalityInterface5.xml (RunModel)" time="0.026" />
  <testcase classname="ptolemy.util.test.junit.AutoTests" name="[12] /home/travis/build/icyphy/ptII/ptolemy/domains/continuous/test/auto/CausalityInterface6.xml (RunModel)" time="0.019" />
  <testcase classname="ptolemy.util.test.junit.AutoTests" name="[13] /home/travis/build/icyphy/ptII/ptolemy/domains/continuous/test/auto/CausalityInterface7.xml (RunModel)" time="0.039" />
  <testcase classname="ptolemy.util.test.junit.AutoTests" name="[14] /home/travis/build/icyphy/ptII/ptolemy/domains/continuous/test/auto/CausalityInterface8.xml (RunModel)" time="0.036" />
  <testcase classname="ptolemy.util.test.junit.AutoTests" name="[15] /home/travis/build/icyphy/ptII/ptolemy/domains/continuous/test/auto/CausalityInterface9.xml (RunModel)" time="0.069" />
  <testcase classname="ptolemy.util.test.junit.AutoTests" name="[16] /home/travis/build/icyphy/ptII/ptolemy/domains/continuous/test/auto/CausalityInterfaceFeedback1.xml (RunModel)" time="0.035" />
  <testcase classname="ptolemy.util.test.junit.AutoTests" name="[17] /home/travis/build/icyphy/ptII/ptolemy/domains/continuous/test/auto/CausalityInterfaceFeedback2.xml (RunModel)" time="0.035" />
  <testcase classname="ptolemy.util.test.junit.AutoTests" name="[18] /home/travis/build/icyphy/ptII/ptolemy/domains/continuous/test/auto/CompareWithCurrentTime.xml (RunModel)" time="0.023" />
  <testcase classname="ptolemy.util.test.junit.AutoTests" name="[19] /home/travis/build/icyphy/ptII/ptolemy/domains/continuous/test/auto/ComparedClocks.xml (RunModel)" time="0.075" />
  <testcase classname="ptolemy.util.test.junit.AutoTests" name="[20] /home/travis/build/icyphy/ptII/ptolemy/domains/continuous/test/auto/ContinuousAOCClone.xml (RunModel)" time="2.708" />
  <testcase classname="ptolemy.util.test.junit.AutoTests" name="[21] /home/travis/build/icyphy/ptII/ptolemy/domains/continuous/test/auto/ContinuousClock.xml (RunModel)" time="0.072" />
  <testcase classname="ptolemy.util.test.junit.AutoTests" name="[22] /home/travis/build/icyphy/ptII/ptolemy/domains/continuous/test/auto/ContinuousInContinuous.xml (RunModel)" time="0.094" />
  <testcase classname="ptolemy.util.test.junit.AutoTests" name="[23] /home/travis/build/icyphy/ptII/ptolemy/domains/continuous/test/auto/ContinuousInContinuousInContinuous.xml (RunModel)" time="0.023" />
  <testcase classname="ptolemy.util.test.junit.AutoTests" name="[24] /home/travis/build/icyphy/ptII/ptolemy/domains/continuous/test/auto/ContinuousInDE.xml (RunModel)" time="0.075" />
  <testcase classname="ptolemy.util.test.junit.AutoTests" name="[25] /home/travis/build/icyphy/ptII/ptolemy/domains/continuous/test/auto/ContinuousInDE2.xml (RunModel)" time="0.063" />
  <testcase classname="ptolemy.util.test.junit.AutoTests" name="[26] /home/travis/build/icyphy/ptII/ptolemy/domains/continuous/test/auto/ContinuousInDE3.xml (RunModel)" time="0.058" />
  <testcase classname="ptolemy.util.test.junit.AutoTests" name="[27] /home/travis/build/icyphy/ptII/ptolemy/domains/continuous/test/auto/ContinuousInDE4.xml (RunModel)" time="0.032" />
  <testcase classname="ptolemy.util.test.junit.AutoTests" name="[28] /home/travis/build/icyphy/ptII/ptolemy/domains/continuous/test/auto/ContinuousInDEDifferentRefinements.xml (RunModel)" time="0.105" />
  <testcase classname="ptolemy.util.test.junit.AutoTests" name="[29] /home/travis/build/icyphy/ptII/ptolemy/domains/continuous/test/auto/ContinuousInDEDifferentRefinementsPreemptive.xml (RunModel)" time="0.096" />
  <testcase classname="ptolemy.util.test.junit.AutoTests" name="[30] /home/travis/build/icyphy/ptII/ptolemy/domains/continuous/test/auto/ContinuousInDEInContinuous2.xml (RunModel)" time="0.063" />
  <testcase classname="ptolemy.util.test.junit.AutoTests" name="[31] /home/travis/build/icyphy/ptII/ptolemy/domains/continuous/test/auto/ContinuousInDEInContinuous3.xml (RunModel)" time="0.061" />
  <testcase classname="ptolemy.util.test.junit.AutoTests" name="[32] /home/travis/build/icyphy/ptII/ptolemy/domains/continuous/test/auto/ContinuousInDEInput.xml (RunModel)" time="0.035" />
  <testcase classname="ptolemy.util.test.junit.AutoTests" name="[33] /home/travis/build/icyphy/ptII/ptolemy/domains/continuous/test/auto/ContinuousInDEInput2.xml (RunModel)" time="0.034" />
  <testcase classname="ptolemy.util.test.junit.AutoTests" name="[34] /home/travis/build/icyphy/ptII/ptolemy/domains/continuous/test/auto/ContinuousInDEInput3.xml (RunModel)" time="0.028" />
  <testcase classname="ptolemy.util.test.junit.AutoTests" name="[35] /home/travis/build/icyphy/ptII/ptolemy/domains/continuous/test/auto/ContinuousInDESharingRefinement.xml (RunModel)" time="0.172" />
  <testcase classname="ptolemy.util.test.junit.AutoTests" name="[36] /home/travis/build/icyphy/ptII/ptolemy/domains/continuous/test/auto/ContinuousInDEwithNoPorts.xml (RunModel)" time="0.022" />
  <testcase classname="ptolemy.util.test.junit.AutoTests" name="[37] /home/travis/build/icyphy/ptII/ptolemy/domains/continuous/test/auto/ContinuousInsideDE.xml (RunModel)" time="0.083" />
  <testcase classname="ptolemy.util.test.junit.AutoTests" name="[38] /home/travis/build/icyphy/ptII/ptolemy/domains/continuous/test/auto/ContinuousMerge1.xml (RunModel)" time="0.017" />
  <testcase classname="ptolemy.util.test.junit.AutoTests" name="[39] /home/travis/build/icyphy/ptII/ptolemy/domains/continuous/test/auto/ContinuousMerge2.xml (RunModel)" time="0.049" />
  <testcase classname="ptolemy.util.test.junit.AutoTests" name="[40] /home/travis/build/icyphy/ptII/ptolemy/domains/continuous/test/auto/ContinuousMerge3.xml (RunModel)" time="0.059" />
  <testcase classname="ptolemy.util.test.junit.AutoTests" name="[41] /home/travis/build/icyphy/ptII/ptolemy/domains/continuous/test/auto/ContinuousWithinContinuous.xml (RunModel)" time="0.041" />
  <testcase classname="ptolemy.util.test.junit.AutoTests" name="[42] /home/travis/build/icyphy/ptII/ptolemy/domains/continuous/test/auto/ContinuousWithinContinuous2.xml (RunModel)" time="0.062" />
  <testcase classname="ptolemy.util.test.junit.AutoTests" name="[43] /home/travis/build/icyphy/ptII/ptolemy/domains/continuous/test/auto/ContinuousWithinContinuous3.xml (RunModel)" time="0.024" />
  <testcase classname="ptolemy.util.test.junit.AutoTests" name="[44] /home/travis/build/icyphy/ptII/ptolemy/domains/continuous/test/auto/ContinuousWithinContinuous4.xml (RunModel)" time="0.064" />
  <testcase classname="ptolemy.util.test.junit.AutoTests" name="[45] /home/travis/build/icyphy/ptII/ptolemy/domains/continuous/test/auto/ContinuousWithinContinuous5.xml (RunModel)" time="0.025" />
  <testcase classname="ptolemy.util.test.junit.AutoTests" name="[46] /home/travis/build/icyphy/ptII/ptolemy/domains/continuous/test/auto/ContinuousWithinContinuous6.xml (RunModel)" time="0.024" />
  <testcase classname="ptolemy.util.test.junit.AutoTests" name="[47] /home/travis/build/icyphy/ptII/ptolemy/domains/continuous/test/auto/ContinuousWithinContinuous7.xml (RunModel)" time="0.057" />
  <testcase classname="ptolemy.util.test.junit.AutoTests" name="[48] /home/travis/build/icyphy/ptII/ptolemy/domains/continuous/test/auto/DCMotor.xml (RunModel)" time="12.386" />
  <testcase classname="ptolemy.util.test.junit.AutoTests" name="[49] /home/travis/build/icyphy/ptII/ptolemy/domains/continuous/test/auto/DEInContinuous.xml (RunModel)" time="0.032" />
  <testcase classname="ptolemy.util.test.junit.AutoTests" name="[50] /home/travis/build/icyphy/ptII/ptolemy/domains/continuous/test/auto/DEinContinuous2.xml (RunModel)" time="0.023" />
  <testcase classname="ptolemy.util.test.junit.AutoTests" name="[51] /home/travis/build/icyphy/ptII/ptolemy/domains/continuous/test/auto/Derivative.xml (RunModel)" time="0.152" />
  <testcase classname="ptolemy.util.test.junit.AutoTests" name="[52] /home/travis/build/icyphy/ptII/ptolemy/domains/continuous/test/auto/Derivative1.xml (RunModel)" time="0.038" />
  <testcase classname="ptolemy.util.test.junit.AutoTests" name="[53] /home/travis/build/icyphy/ptII/ptolemy/domains/continuous/test/auto/DiscreteClock.xml (RunModel)" time="0.012" />
  <testcase classname="ptolemy.util.test.junit.AutoTests" name="[54] /home/travis/build/icyphy/ptII/ptolemy/domains/continuous/test/auto/EfficiencyCurve.xml (RunModel)" time="0.091" />
  <testcase classname="ptolemy.util.test.junit.AutoTests" name="[55] /home/travis/build/icyphy/ptII/ptolemy/domains/continuous/test/auto/ExponentialResponse.xml (RunModel)" time="0.095" />
  <testcase classname="ptolemy.util.test.junit.AutoTests" name="[56] /home/travis/build/icyphy/ptII/ptolemy/domains/continuous/test/auto/ExponentialResponseRK45.xml (RunModel)" time="0.028" />
  <testcase classname="ptolemy.util.test.junit.AutoTests" name="[57] /home/travis/build/icyphy/ptII/ptolemy/domains/continuous/test/auto/Friction.xml (RunModel)" time="1.515" />
  <testcase classname="ptolemy.util.test.junit.AutoTests" name="[58] /home/travis/build/icyphy/ptII/ptolemy/domains/continuous/test/auto/FurutaPendulum.xml (RunModel)" time="3.129" />
  <testcase classname="ptolemy.util.test.junit.AutoTests" name="[59] /home/travis/build/icyphy/ptII/ptolemy/domains/continuous/test/auto/HierarchicalExecution.xml (RunModel)" time="1.825" />
  <testcase classname="ptolemy.util.test.junit.AutoTests" name="[60] /home/travis/build/icyphy/ptII/ptolemy/domains/continuous/test/auto/HybridPlant.xml (RunModel)" time="0.556" />
  <testcase classname="ptolemy.util.test.junit.AutoTests" name="[61] /home/travis/build/icyphy/ptII/ptolemy/domains/continuous/test/auto/Hysteresis.xml (RunModel)" time="0.167" />
  <testcase classname="ptolemy.util.test.junit.AutoTests" name="[62] /home/travis/build/icyphy/ptII/ptolemy/domains/continuous/test/auto/HysteresisWithRandomDelay.xml (RunModel)" time="0.211" />
  <testcase classname="ptolemy.util.test.junit.AutoTests" name="[63] /home/travis/build/icyphy/ptII/ptolemy/domains/continuous/test/auto/HysteresisWithRandomLosses.xml (RunModel)" time="2.286" />
  <testcase classname="ptolemy.util.test.junit.AutoTests" name="[64] /home/travis/build/icyphy/ptII/ptolemy/domains/continuous/test/auto/ImmediateTransitions.xml (RunModel)" time="0.044" />
  <testcase classname="ptolemy.util.test.junit.AutoTests" name="[65] /home/travis/build/icyphy/ptII/ptolemy/domains/continuous/test/auto/ImpulseFeedback.xml (RunModel)" time="0.019" />
  <testcase classname="ptolemy.util.test.junit.AutoTests" name="[66] /home/travis/build/icyphy/ptII/ptolemy/domains/continuous/test/auto/ImpulseFeedback2.xml (RunModel)" time="0.017" />
  <testcase classname="ptolemy.util.test.junit.AutoTests" name="[67] /home/travis/build/icyphy/ptII/ptolemy/domains/continuous/test/auto/IncreasingRatePoisson.xml (RunModel)" time="0.726" />
  <testcase classname="ptolemy.util.test.junit.AutoTests" name="[68] /home/travis/build/icyphy/ptII/ptolemy/domains/continuous/test/auto/InitialStateFeedback.xml (RunModel)" time="0.013" />
  <testcase classname="ptolemy.util.test.junit.AutoTests" name="[69] /home/travis/build/icyphy/ptII/ptolemy/domains/continuous/test/auto/Integration.xml (RunModel)" time="0.008" />
  <testcase classname="ptolemy.util.test.junit.AutoTests" name="[70] /home/travis/build/icyphy/ptII/ptolemy/domains/continuous/test/auto/Integration2.xml (RunModel)" time="0.083" />
  <testcase classname="ptolemy.util.test.junit.AutoTests" name="[71] /home/travis/build/icyphy/ptII/ptolemy/domains/continuous/test/auto/Integration3.xml (RunModel)" time="0.046" />
  <testcase classname="ptolemy.util.test.junit.AutoTests" name="[72] /home/travis/build/icyphy/ptII/ptolemy/domains/continuous/test/auto/Integration5.xml (RunModel)" time="0.01" />
  <testcase classname="ptolemy.util.test.junit.AutoTests" name="[73] /home/travis/build/icyphy/ptII/ptolemy/domains/continuous/test/auto/IntegratorImpulse.xml (RunModel)" time="0.014" />
  <testcase classname="ptolemy.util.test.junit.AutoTests" name="[74] /home/travis/build/icyphy/ptII/ptolemy/domains/continuous/test/auto/IntegratorImpulse2.xml (RunModel)" time="0.017" />
  <testcase classname="ptolemy.util.test.junit.AutoTests" name="[75] /home/travis/build/icyphy/ptII/ptolemy/domains/continuous/test/auto/LevelCrossing1.xml (RunModel)" time="0.015" />
  <testcase classname="ptolemy.util.test.junit.AutoTests" name="[76] /home/travis/build/icyphy/ptII/ptolemy/domains/continuous/test/auto/LevelCrossing2.xml (RunModel)" time="0.012" />
  <testcase classname="ptolemy.util.test.junit.AutoTests" name="[77] /home/travis/build/icyphy/ptII/ptolemy/domains/continuous/test/auto/LevelCrossing3.xml (RunModel)" time="0.016" />
  <testcase classname="ptolemy.util.test.junit.AutoTests" name="[78] /home/travis/build/icyphy/ptII/ptolemy/domains/continuous/test/auto/LevelCrossing4.xml (RunModel)" time="0.015" />
  <testcase classname="ptolemy.util.test.junit.AutoTests" name="[79] /home/travis/build/icyphy/ptII/ptolemy/domains/continuous/test/auto/LevelCrossing5.xml (RunModel)" time="0.013" />
  <testcase classname="ptolemy.util.test.junit.AutoTests" name="[80] /home/travis/build/icyphy/ptII/ptolemy/domains/continuous/test/auto/LevelCrossing6.xml (RunModel)" time="0.012" />
  <testcase classname="ptolemy.util.test.junit.AutoTests" name="[81] /home/travis/build/icyphy/ptII/ptolemy/domains/continuous/test/auto/LevelCrossingDetector.xml (RunModel)" time="0.039" />
  <testcase classname="ptolemy.util.test.junit.AutoTests" name="[82] /home/travis/build/icyphy/ptII/ptolemy/domains/continuous/test/auto/LevelCrossingDetectorDetectingDirections.xml (RunModel)" time="0.084" />
  <testcase classname="ptolemy.util.test.junit.AutoTests" name="[83] /home/travis/build/icyphy/ptII/ptolemy/domains/continuous/test/auto/LevelCrossingDetectorDetectsGlitches.xml (RunModel)" time="0.061" />
  <testcase classname="ptolemy.util.test.junit.AutoTests" name="[84] /home/travis/build/icyphy/ptII/ptolemy/domains/continuous/test/auto/LevelCrossingNoInitialOuput.xml (RunModel)" time="0.013" />
  <testcase classname="ptolemy.util.test.junit.AutoTests" name="[85] /home/travis/build/icyphy/ptII/ptolemy/domains/continuous/test/auto/LinearStateSpaceExample.xml (RunModel)" time="0.065" />
  <testcase classname="ptolemy.util.test.junit.AutoTests" name="[86] /home/travis/build/icyphy/ptII/ptolemy/domains/continuous/test/auto/Lorenz.xml (RunModel)" time="3.652" />
  <testcase classname="ptolemy.util.test.junit.AutoTests" name="[87] /home/travis/build/icyphy/ptII/ptolemy/domains/continuous/test/auto/LorenzDifferentialSystem.xml (RunModel)" time="1.047" />
  <testcase classname="ptolemy.util.test.junit.AutoTests" name="[88] /home/travis/build/icyphy/ptII/ptolemy/domains/continuous/test/auto/LorenzDifferentialSystemWithInput.xml (RunModel)" time="1.179" />
  <testcase classname="ptolemy.util.test.junit.AutoTests" name="[89] /home/travis/build/icyphy/ptII/ptolemy/domains/continuous/test/auto/LorenzDifferentialSystemWithTime.xml (RunModel)" time="0.665" />
  <testcase classname="ptolemy.util.test.junit.AutoTests" name="[90] /home/travis/build/icyphy/ptII/ptolemy/domains/continuous/test/auto/Microsteps.xml (RunModel)" time="0.021" />
  <testcase classname="ptolemy.util.test.junit.AutoTests" name="[91] /home/travis/build/icyphy/ptII/ptolemy/domains/continuous/test/auto/Modal1.xml (RunModel)" time="0.04" />
  <testcase classname="ptolemy.util.test.junit.AutoTests" name="[92] /home/travis/build/icyphy/ptII/ptolemy/domains/continuous/test/auto/Modal2.xml (RunModel)" time="0.036" />
  <testcase classname="ptolemy.util.test.junit.AutoTests" name="[93] /home/travis/build/icyphy/ptII/ptolemy/domains/continuous/test/auto/ModalTransitionGuardWithReset.xml (RunModel)" time="0.029" />
  <testcase classname="ptolemy.util.test.junit.AutoTests" name="[94] /home/travis/build/icyphy/ptII/ptolemy/domains/continuous/test/auto/ModalTransitionGuardWithResetUsingPreemptiveTransition.xml (RunModel)" time="0.025" />
  <testcase classname="ptolemy.util.test.junit.AutoTests" name="[95] /home/travis/build/icyphy/ptII/ptolemy/domains/continuous/test/auto/ModalTransitionGuardWithResetUsingPreemptiveTransition2.xml (RunModel)" time="0.025" />
  <testcase classname="ptolemy.util.test.junit.AutoTests" name="[96] /home/travis/build/icyphy/ptII/ptolemy/domains/continuous/test/auto/ModalTransitionGuardWithResetUsingPreemptiveTransition3.xml (RunModel)" time="0.023" />
  <testcase classname="ptolemy.util.test.junit.AutoTests" name="[97] /home/travis/build/icyphy/ptII/ptolemy/domains/continuous/test/auto/NewtonsCradle.xml (RunModel)" time="0.759" />
  <testcase classname="ptolemy.util.test.junit.AutoTests" name="[98] /home/travis/build/icyphy/ptII/ptolemy/domains/continuous/test/auto/NewtonsCradleAnimated.xml (RunModel)" time="1.063" />
  <testcase classname="ptolemy.util.test.junit.AutoTests" name="[99] /home/travis/build/icyphy/ptII/ptolemy/domains/continuous/test/auto/NewtonsCradleComplicated.xml (RunModel)" time="0.9" />
  <testcase classname="ptolemy.util.test.junit.AutoTests" name="[100] /home/travis/build/icyphy/ptII/ptolemy/domains/continuous/test/auto/NewtonsCradleNondeterministic.xml (RunModel)" time="0.629" />
  <testcase classname="ptolemy.util.test.junit.AutoTests" name="[101] /home/travis/build/icyphy/ptII/ptolemy/domains/continuous/test/auto/NewtonsCradlePerfectlyInelastic1.xml (RunModel)" time="1.173" />
  <testcase classname="ptolemy.util.test.junit.AutoTests" name="[102] /home/travis/build/icyphy/ptII/ptolemy/domains/continuous/test/auto/Noise.xml (RunModel)" time="0.18" />
  <testcase classname="ptolemy.util.test.junit.AutoTests" name="[103] /home/travis/build/icyphy/ptII/ptolemy/domains/continuous/test/auto/NoiseSpectrum.xml (RunModel)" time="0.671" />
  <testcase classname="ptolemy.util.test.junit.AutoTests" name="[104] /home/travis/build/icyphy/ptII/ptolemy/domains/continuous/test/auto/ParameterizedNewtonsCradleAnimated.xml (RunModel)" time="0.374" />
  <testcase classname="ptolemy.util.test.junit.AutoTests" name="[105] /home/travis/build/icyphy/ptII/ptolemy/domains/continuous/test/auto/ParameterizedNewtonsCradleAnimatedNondeterministic.xml (RunModel)" time="1.096" />
  <testcase classname="ptolemy.util.test.junit.AutoTests" name="[106] /home/travis/build/icyphy/ptII/ptolemy/domains/continuous/test/auto/Pendulum3D.xml (RunModel)" time="0.16" />
  <testcase classname="ptolemy.util.test.junit.AutoTests" name="[107] /home/travis/build/icyphy/ptII/ptolemy/domains/continuous/test/auto/PeriodicSampler.xml (RunModel)" time="0.014" />
  <testcase classname="ptolemy.util.test.junit.AutoTests" name="[108] /home/travis/build/icyphy/ptII/ptolemy/domains/continuous/test/auto/PeriodicSampler1.xml (RunModel)" time="0.043" />
  <testcase classname="ptolemy.util.test.junit.AutoTests" name="[109] /home/travis/build/icyphy/ptII/ptolemy/domains/continuous/test/auto/PeriodicSampler2.xml (RunModel)" time="0.074" />
  <testcase classname="ptolemy.util.test.junit.AutoTests" name="[110] /home/travis/build/icyphy/ptII/ptolemy/domains/continuous/test/auto/Poisson.xml (RunModel)" time="0.453" />
  <testcase classname="ptolemy.util.test.junit.AutoTests" name="[111] /home/travis/build/icyphy/ptII/ptolemy/domains/continuous/test/auto/PoissonClock.xml (RunModel)" time="0.014" />
  <testcase classname="ptolemy.util.test.junit.AutoTests" name="[112] /home/travis/build/icyphy/ptII/ptolemy/domains/continuous/test/auto/PoissonClock2.xml (RunModel)" time="0.012" />
  <testcase classname="ptolemy.util.test.junit.AutoTests" name="[113] /home/travis/build/icyphy/ptII/ptolemy/domains/continuous/test/auto/PortParameterHierarchy.xml (RunModel)" time="0.023" />
  <testcase classname="ptolemy.util.test.junit.AutoTests" name="[114] /home/travis/build/icyphy/ptII/ptolemy/domains/continuous/test/auto/RandomHybridPlant.xml (RunModel)" time="0.572" />
  <testcase classname="ptolemy.util.test.junit.AutoTests" name="[115] /home/travis/build/icyphy/ptII/ptolemy/domains/continuous/test/auto/ResetTransitionWithStartTime1.xml (RunModel)" time="0.033" />
  <testcase classname="ptolemy.util.test.junit.AutoTests" name="[116] /home/travis/build/icyphy/ptII/ptolemy/domains/continuous/test/auto/ResetTransitionWithStartTime2.xml (RunModel)" time="0.037" />
  <testcase classname="ptolemy.util.test.junit.AutoTests" name="[117] /home/travis/build/icyphy/ptII/ptolemy/domains/continuous/test/auto/ResetTransitionWithStartTime3.xml (RunModel)" time="0.033" />
  <testcase classname="ptolemy.util.test.junit.AutoTests" name="[118] /home/travis/build/icyphy/ptII/ptolemy/domains/continuous/test/auto/ResetTransitionWithStartTime4.xml (RunModel)" time="0.023" />
  <testcase classname="ptolemy.util.test.junit.AutoTests" name="[119] /home/travis/build/icyphy/ptII/ptolemy/domains/continuous/test/auto/ResetTransitionWithStartTime5.xml (RunModel)" time="0.034" />
  <testcase classname="ptolemy.util.test.junit.AutoTests" name="[120] /home/travis/build/icyphy/ptII/ptolemy/domains/continuous/test/auto/ResetTransitionWithStartTime6.xml (RunModel)" time="0.027" />
  <testcase classname="ptolemy.util.test.junit.AutoTests" name="[121] /home/travis/build/icyphy/ptII/ptolemy/domains/continuous/test/auto/SRinContinuous.xml (RunModel)" time="0.021" />
  <testcase classname="ptolemy.util.test.junit.AutoTests" name="[122] /home/travis/build/icyphy/ptII/ptolemy/domains/continuous/test/auto/SampledClocks.xml (RunModel)" time="0.032" />
  <testcase classname="ptolemy.util.test.junit.AutoTests" name="[123] /home/travis/build/icyphy/ptII/ptolemy/domains/continuous/test/auto/Satellite.xml (RunModel)" time="0.641" />
  <testcase classname="ptolemy.util.test.junit.AutoTests" name="[124] /home/travis/build/icyphy/ptII/ptolemy/domains/continuous/test/auto/SigmaDelta.xml (RunModel)" time="2.067" />
  <testcase classname="ptolemy.util.test.junit.AutoTests" name="[125] /home/travis/build/icyphy/ptII/ptolemy/domains/continuous/test/auto/SingleRefinement.xml (RunModel)" time="0.381" />
  <testcase classname="ptolemy.util.test.junit.AutoTests" name="[126] /home/travis/build/icyphy/ptII/ptolemy/domains/continuous/test/auto/SinuBouncingBall.xml (RunModel)" time="0.786" />
  <testcase classname="ptolemy.util.test.junit.AutoTests" name="[127] /home/travis/build/icyphy/ptII/ptolemy/domains/continuous/test/auto/Sinusoid.xml (RunModel)" time="0.015" />
  <testcase classname="ptolemy.util.test.junit.AutoTests" name="[128] /home/travis/build/icyphy/ptII/ptolemy/domains/continuous/test/auto/SinusoidInNoise.xml (RunModel)" time="0.702" />
  <testcase classname="ptolemy.util.test.junit.AutoTests" name="[129] /home/travis/build/icyphy/ptII/ptolemy/domains/continuous/test/auto/SinusoidRK45.xml (RunModel)" time="0.012" />
  <testcase classname="ptolemy.util.test.junit.AutoTests" name="[130] /home/travis/build/icyphy/ptII/ptolemy/domains/continuous/test/auto/SinusoidWithMultipleImpulses.xml (RunModel)" time="0.013" />
  <testcase classname="ptolemy.util.test.junit.AutoTests" name="[131] /home/travis/build/icyphy/ptII/ptolemy/domains/continuous/test/auto/SquareWave.xml (RunModel)" time="0.165" />
  <testcase classname="ptolemy.util.test.junit.AutoTests" name="[132] /home/travis/build/icyphy/ptII/ptolemy/domains/continuous/test/auto/Starmac.xml (RunModel)" time="3.34" />
  <testcase classname="ptolemy.util.test.junit.AutoTests" name="[133] /home/travis/build/icyphy/ptII/ptolemy/domains/continuous/test/auto/StaticUnits.xml (RunModel)" time="2.366" />
  <testcase classname="ptolemy.util.test.junit.AutoTests" name="[134] /home/travis/build/icyphy/ptII/ptolemy/domains/continuous/test/auto/StickyMasses.xml (RunModel)" time="0.207" />
  <testcase classname="ptolemy.util.test.junit.AutoTests" name="[135] /home/travis/build/icyphy/ptII/ptolemy/domains/continuous/test/auto/StopTime.xml (RunModel)" time="0.068" />
  <testcase classname="ptolemy.util.test.junit.AutoTests" name="[136] /home/travis/build/icyphy/ptII/ptolemy/domains/continuous/test/auto/StopTime2.xml (RunModel)" time="0.051" />
  <testcase classname="ptolemy.util.test.junit.AutoTests" name="[137] /home/travis/build/icyphy/ptII/ptolemy/domains/continuous/test/auto/Switch.xml (RunModel)" time="0.061" />
  <testcase classname="ptolemy.util.test.junit.AutoTests" name="[138] /home/travis/build/icyphy/ptII/ptolemy/domains/continuous/test/auto/Thermostat.xml (RunModel)" time="0.2" />
  <testcase classname="ptolemy.util.test.junit.AutoTests" name="[139] /home/travis/build/icyphy/ptII/ptolemy/domains/continuous/test/auto/TimeDelay.xml (RunModel)" time="0.012" />
  <testcase classname="ptolemy.util.test.junit.AutoTests" name="[140] /home/travis/build/icyphy/ptII/ptolemy/domains/continuous/test/auto/TimeDelay2.xml (RunModel)" time="0.025" />
  <testcase classname="ptolemy.util.test.junit.AutoTests" name="[141] /home/travis/build/icyphy/ptII/ptolemy/domains/continuous/test/auto/TimeDelay3.xml (RunModel)" time="0.014" />
  <testcase classname="ptolemy.util.test.junit.AutoTests" name="[142] /home/travis/build/icyphy/ptII/ptolemy/domains/continuous/test/auto/TransferAbsentToInside.xml (RunModel)" time="0.109" />
  <testcase classname="ptolemy.util.test.junit.AutoTests" name="[143] /home/travis/build/icyphy/ptII/ptolemy/domains/continuous/test/auto/Transmission.xml (RunModel)" time="0.79" />
  <testcase classname="ptolemy.util.test.junit.AutoTests" name="[144] /home/travis/build/icyphy/ptII/ptolemy/domains/continuous/test/auto/TriggeredContinuousClock.xml (RunModel)" time="0.07" />
  <testcase classname="ptolemy.util.test.junit.AutoTests" name="[145] /home/travis/build/icyphy/ptII/ptolemy/domains/continuous/test/auto/TwoMachineInfiniteBusControl.xml (RunModel)" time="2.569" />
  <testcase classname="ptolemy.util.test.junit.AutoTests" name="[146] /home/travis/build/icyphy/ptII/ptolemy/domains/continuous/test/auto/V2V.xml (RunModel)" time="0.833" />
  <testcase classname="ptolemy.util.test.junit.AutoTests" name="[147] /home/travis/build/icyphy/ptII/ptolemy/domains/continuous/test/auto/hierarchicalModalModel.xml (RunModel)" time="0.026" />
  <testcase classname="ptolemy.util.test.junit.AutoTests" name="[148] /home/travis/build/icyphy/ptII/ptolemy/domains/continuous/test/auto/hierarchicalModalModel1.xml (RunModel)" time="0.033" />
  <testcase classname="ptolemy.util.test.junit.AutoTests" name="[149] /home/travis/build/icyphy/ptII/ptolemy/domains/continuous/test/auto/hierarchicalModalModel2.xml (RunModel)" time="0.024" />
  <testcase classname="ptolemy.util.test.junit.AutoTests" name="[150] /home/travis/build/icyphy/ptII/ptolemy/domains/continuous/test/auto/hierarchicalModalModel3.xml (RunModel)" time="0.024" />
  <testcase classname="ptolemy.util.test.junit.AutoTests" name="[151] /home/travis/build/icyphy/ptII/ptolemy/domains/continuous/test/auto/hierarchicalModalModel4.xml (RunModel)" time="0.026" />
  <testcase classname="ptolemy.util.test.junit.AutoTests" name="[152] /home/travis/build/icyphy/ptII/ptolemy/domains/continuous/test/auto/junk.xml (RunModel)" time="0.121" />
  <system-out><![CDATA[No tcl tests in /home/travis/build/icyphy/ptII/ptolemy/domains/continuous/test
No auto/knownFailedTests/*.xml tests in /home/travis/build/icyphy/ptII/ptolemy/domains/continuous/test
No auto/linux-amd64/*.xml tests in /home/travis/build/icyphy/ptII/ptolemy/domains/continuous/test
AutoTests.java: About to close Vertx.
AutoTests.java: Vertx closed.

===========================================================================================
----------------- testing Mon Jun 29 15:33:32 UTC 2020 /home/travis/build/icyphy/ptII/ptolemy/domains/continuous/test/auto/BouncingBall.xml
----------------- Instantiating /home/travis/build/icyphy/ptII/ptolemy/domains/continuous/test/auto/BouncingBall.xml
2332 ms. Memory: 160768K Free: 105658K (66%)
----------------- Invoking toplevel() on ptolemy.moml.MoMLSimpleApplication@6a78548f
----------------- Done invoking toplevel() on ptolemy.moml.MoMLSimpleApplication@6a78548f
reloadAllAccessors: .BouncingBall

===========================================================================================
----------------- testing Mon Jun 29 15:33:35 UTC 2020 /home/travis/build/icyphy/ptII/ptolemy/domains/continuous/test/auto/BouncingBallWithoutGR.xml
----------------- Instantiating /home/travis/build/icyphy/ptII/ptolemy/domains/continuous/test/auto/BouncingBallWithoutGR.xml
782 ms. Memory: 160768K Free: 112704K (70%)
----------------- Invoking toplevel() on ptolemy.moml.MoMLSimpleApplication@251af5a8
----------------- Done invoking toplevel() on ptolemy.moml.MoMLSimpleApplication@251af5a8
reloadAllAccessors: .BouncingBallWithoutGR

===========================================================================================
----------------- testing Mon Jun 29 15:33:35 UTC 2020 /home/travis/build/icyphy/ptII/ptolemy/domains/continuous/test/auto/Brownian.xml
----------------- Instantiating /home/travis/build/icyphy/ptII/ptolemy/domains/continuous/test/auto/Brownian.xml
35 ms. Memory: 160768K Free: 103488K (64%)
----------------- Invoking toplevel() on ptolemy.moml.MoMLSimpleApplication@2c0fbf9d
----------------- Done invoking toplevel() on ptolemy.moml.MoMLSimpleApplication@2c0fbf9d
reloadAllAccessors: .Brownian

===========================================================================================
----------------- testing Mon Jun 29 15:33:36 UTC 2020 /home/travis/build/icyphy/ptII/ptolemy/domains/continuous/test/auto/CarTracking.xml
----------------- Instantiating /home/travis/build/icyphy/ptII/ptolemy/domains/continuous/test/auto/CarTracking.xml
3865 ms. Memory: 200704K Free: 117698K (59%)
----------------- Invoking toplevel() on ptolemy.moml.MoMLSimpleApplication@71c231f1
----------------- Done invoking toplevel() on ptolemy.moml.MoMLSimpleApplication@71c231f1
reloadAllAccessors: .CarTracking

===========================================================================================
----------------- testing Mon Jun 29 15:33:40 UTC 2020 /home/travis/build/icyphy/ptII/ptolemy/domains/continuous/test/auto/CartPendulum.xml
----------------- Instantiating /home/travis/build/icyphy/ptII/ptolemy/domains/continuous/test/auto/CartPendulum.xml
399 ms. Memory: 200704K Free: 143234K (71%)
----------------- Invoking toplevel() on ptolemy.moml.MoMLSimpleApplication@27475cc0
----------------- Done invoking toplevel() on ptolemy.moml.MoMLSimpleApplication@27475cc0
reloadAllAccessors: .CartPendulum

===========================================================================================
----------------- testing Mon Jun 29 15:33:40 UTC 2020 /home/travis/build/icyphy/ptII/ptolemy/domains/continuous/test/auto/CausalityInterface10.xml
----------------- Instantiating /home/travis/build/icyphy/ptII/ptolemy/domains/continuous/test/auto/CausalityInterface10.xml
11 ms. Memory: 200704K Free: 132480K (66%)
----------------- Invoking toplevel() on ptolemy.moml.MoMLSimpleApplication@2fd1461
----------------- Done invoking toplevel() on ptolemy.moml.MoMLSimpleApplication@2fd1461
reloadAllAccessors: .CausalityInterface10

===========================================================================================
----------------- testing Mon Jun 29 15:33:41 UTC 2020 /home/travis/build/icyphy/ptII/ptolemy/domains/continuous/test/auto/CausalityInterface11.xml
----------------- Instantiating /home/travis/build/icyphy/ptII/ptolemy/domains/continuous/test/auto/CausalityInterface11.xml
8 ms. Memory: 200704K Free: 126336K (63%)
----------------- Invoking toplevel() on ptolemy.moml.MoMLSimpleApplication@2062a04e
----------------- Done invoking toplevel() on ptolemy.moml.MoMLSimpleApplication@2062a04e
reloadAllAccessors: .CausalityInterface11

===========================================================================================
----------------- testing Mon Jun 29 15:33:41 UTC 2020 /home/travis/build/icyphy/ptII/ptolemy/domains/continuous/test/auto/CausalityInterface12.xml
----------------- Instantiating /home/travis/build/icyphy/ptII/ptolemy/domains/continuous/test/auto/CausalityInterface12.xml
9 ms. Memory: 200704K Free: 120178K (60%)
----------------- Invoking toplevel() on ptolemy.moml.MoMLSimpleApplication@77b78468
----------------- Done invoking toplevel() on ptolemy.moml.MoMLSimpleApplication@77b78468
reloadAllAccessors: .CausalityInterface12

===========================================================================================
----------------- testing Mon Jun 29 15:33:41 UTC 2020 /home/travis/build/icyphy/ptII/ptolemy/domains/continuous/test/auto/CausalityInterface13.xml
----------------- Instantiating /home/travis/build/icyphy/ptII/ptolemy/domains/continuous/test/auto/CausalityInterface13.xml
4 ms. Memory: 200704K Free: 114018K (57%)
----------------- Invoking toplevel() on ptolemy.moml.MoMLSimpleApplication@883981f
----------------- Done invoking toplevel() on ptolemy.moml.MoMLSimpleApplication@883981f
reloadAllAccessors: .CausalityInterface13

===========================================================================================
----------------- testing Mon Jun 29 15:33:41 UTC 2020 /home/travis/build/icyphy/ptII/ptolemy/domains/continuous/test/auto/CausalityInterface14.xml
----------------- Instantiating /home/travis/build/icyphy/ptII/ptolemy/domains/continuous/test/auto/CausalityInterface14.xml
5 ms. Memory: 200704K Free: 108418K (54%)
----------------- Invoking toplevel() on ptolemy.moml.MoMLSimpleApplication@124166a1
----------------- Done invoking toplevel() on ptolemy.moml.MoMLSimpleApplication@124166a1
reloadAllAccessors: .CausalityInterface14

===========================================================================================
----------------- testing Mon Jun 29 15:33:41 UTC 2020 /home/travis/build/icyphy/ptII/ptolemy/domains/continuous/test/auto/CausalityInterface4.xml
----------------- Instantiating /home/travis/build/icyphy/ptII/ptolemy/domains/continuous/test/auto/CausalityInterface4.xml
4 ms. Memory: 200704K Free: 101250K (50%)
----------------- Invoking toplevel() on ptolemy.moml.MoMLSimpleApplication@468c19e5
----------------- Done invoking toplevel() on ptolemy.moml.MoMLSimpleApplication@468c19e5
reloadAllAccessors: .CausalityInterface4

===========================================================================================
----------------- testing Mon Jun 29 15:33:41 UTC 2020 /home/travis/build/icyphy/ptII/ptolemy/domains/continuous/test/auto/CausalityInterface5.xml
----------------- Instantiating /home/travis/build/icyphy/ptII/ptolemy/domains/continuous/test/auto/CausalityInterface5.xml
4 ms. Memory: 200704K Free: 93058K (46%)
----------------- Invoking toplevel() on ptolemy.moml.MoMLSimpleApplication@479cc98b
----------------- Done invoking toplevel() on ptolemy.moml.MoMLSimpleApplication@479cc98b
reloadAllAccessors: .CausalityInterface5

===========================================================================================
----------------- testing Mon Jun 29 15:33:41 UTC 2020 /home/travis/build/icyphy/ptII/ptolemy/domains/continuous/test/auto/CausalityInterface6.xml
----------------- Instantiating /home/travis/build/icyphy/ptII/ptolemy/domains/continuous/test/auto/CausalityInterface6.xml
3 ms. Memory: 200704K Free: 87938K (44%)
----------------- Invoking toplevel() on ptolemy.moml.MoMLSimpleApplication@41517894
----------------- Done invoking toplevel() on ptolemy.moml.MoMLSimpleApplication@41517894
reloadAllAccessors: .CausalityInterface6

===========================================================================================
----------------- testing Mon Jun 29 15:33:41 UTC 2020 /home/travis/build/icyphy/ptII/ptolemy/domains/continuous/test/auto/CausalityInterface7.xml
----------------- Instantiating /home/travis/build/icyphy/ptII/ptolemy/domains/continuous/test/auto/CausalityInterface7.xml
10 ms. Memory: 200704K Free: 79232K (39%)
----------------- Invoking toplevel() on ptolemy.moml.MoMLSimpleApplication@596cb9ce
----------------- Done invoking toplevel() on ptolemy.moml.MoMLSimpleApplication@596cb9ce
reloadAllAccessors: .CausalityInterface7

===========================================================================================
----------------- testing Mon Jun 29 15:33:41 UTC 2020 /home/travis/build/icyphy/ptII/ptolemy/domains/continuous/test/auto/CausalityInterface8.xml
----------------- Instantiating /home/travis/build/icyphy/ptII/ptolemy/domains/continuous/test/auto/CausalityInterface8.xml
9 ms. Memory: 200704K Free: 70016K (35%)
----------------- Invoking toplevel() on ptolemy.moml.MoMLSimpleApplication@27d33773
----------------- Done invoking toplevel() on ptolemy.moml.MoMLSimpleApplication@27d33773
reloadAllAccessors: .CausalityInterface8

===========================================================================================
----------------- testing Mon Jun 29 15:33:41 UTC 2020 /home/travis/build/icyphy/ptII/ptolemy/domains/continuous/test/auto/CausalityInterface9.xml
----------------- Instantiating /home/travis/build/icyphy/ptII/ptolemy/domains/continuous/test/auto/CausalityInterface9.xml
18 ms. Memory: 241664K Free: 218002K (90%)
----------------- Invoking toplevel() on ptolemy.moml.MoMLSimpleApplication@ab88923
----------------- Done invoking toplevel() on ptolemy.moml.MoMLSimpleApplication@ab88923
reloadAllAccessors: .CausalityInterface9

===========================================================================================
----------------- testing Mon Jun 29 15:33:41 UTC 2020 /home/travis/build/icyphy/ptII/ptolemy/domains/continuous/test/auto/CausalityInterfaceFeedback1.xml
----------------- Instantiating /home/travis/build/icyphy/ptII/ptolemy/domains/continuous/test/auto/CausalityInterfaceFeedback1.xml
6 ms. Memory: 241664K Free: 211351K (87%)
----------------- Invoking toplevel() on ptolemy.moml.MoMLSimpleApplication@4906b80b
----------------- Done invoking toplevel() on ptolemy.moml.MoMLSimpleApplication@4906b80b
reloadAllAccessors: .CausalityInterfaceFeedback1

===========================================================================================
----------------- testing Mon Jun 29 15:33:41 UTC 2020 /home/travis/build/icyphy/ptII/ptolemy/domains/continuous/test/auto/CausalityInterfaceFeedback2.xml
----------------- Instantiating /home/travis/build/icyphy/ptII/ptolemy/domains/continuous/test/auto/CausalityInterfaceFeedback2.xml
7 ms. Memory: 241664K Free: 204679K (85%)
----------------- Invoking toplevel() on ptolemy.moml.MoMLSimpleApplication@28cc81e8
----------------- Done invoking toplevel() on ptolemy.moml.MoMLSimpleApplication@28cc81e8
reloadAllAccessors: .CausalityInterfaceFeedback2

===========================================================================================
----------------- testing Mon Jun 29 15:33:41 UTC 2020 /home/travis/build/icyphy/ptII/ptolemy/domains/continuous/test/auto/CompareWithCurrentTime.xml
----------------- Instantiating /home/travis/build/icyphy/ptII/ptolemy/domains/continuous/test/auto/CompareWithCurrentTime.xml
4 ms. Memory: 241664K Free: 200597K (83%)
----------------- Invoking toplevel() on ptolemy.moml.MoMLSimpleApplication@2cc57e53
----------------- Done invoking toplevel() on ptolemy.moml.MoMLSimpleApplication@2cc57e53
reloadAllAccessors: .CompareWithCurrentTime

===========================================================================================
----------------- testing Mon Jun 29 15:33:41 UTC 2020 /home/travis/build/icyphy/ptII/ptolemy/domains/continuous/test/auto/ComparedClocks.xml
----------------- Instantiating /home/travis/build/icyphy/ptII/ptolemy/domains/continuous/test/auto/ComparedClocks.xml
6 ms. Memory: 241664K Free: 185223K (77%)
----------------- Invoking toplevel() on ptolemy.moml.MoMLSimpleApplication@424508e1
----------------- Done invoking toplevel() on ptolemy.moml.MoMLSimpleApplication@424508e1
reloadAllAccessors: .ComparedClocks

===========================================================================================
----------------- testing Mon Jun 29 15:33:41 UTC 2020 /home/travis/build/icyphy/ptII/ptolemy/domains/continuous/test/auto/ContinuousAOCClone.xml
----------------- Instantiating /home/travis/build/icyphy/ptII/ptolemy/domains/continuous/test/auto/ContinuousAOCClone.xml
2495 ms. Memory: 241664K Free: 84043K (35%)
----------------- Invoking toplevel() on ptolemy.moml.MoMLSimpleApplication@15e0e2ba
----------------- Done invoking toplevel() on ptolemy.moml.MoMLSimpleApplication@15e0e2ba
reloadAllAccessors: .ContinuousAOCClone

===========================================================================================
----------------- testing Mon Jun 29 15:33:44 UTC 2020 /home/travis/build/icyphy/ptII/ptolemy/domains/continuous/test/auto/ContinuousClock.xml
----------------- Instantiating /home/travis/build/icyphy/ptII/ptolemy/domains/continuous/test/auto/ContinuousClock.xml
32 ms. Memory: 241664K Free: 200257K (83%)
----------------- Invoking toplevel() on ptolemy.moml.MoMLSimpleApplication@2c6db6df
----------------- Done invoking toplevel() on ptolemy.moml.MoMLSimpleApplication@2c6db6df
reloadAllAccessors: .ContinuousClock

===========================================================================================
----------------- testing Mon Jun 29 15:33:44 UTC 2020 /home/travis/build/icyphy/ptII/ptolemy/domains/continuous/test/auto/ContinuousInContinuous.xml
----------------- Instantiating /home/travis/build/icyphy/ptII/ptolemy/domains/continuous/test/auto/ContinuousInContinuous.xml
40 ms. Memory: 241664K Free: 176705K (73%)
----------------- Invoking toplevel() on ptolemy.moml.MoMLSimpleApplication@3af4c1ca
----------------- Done invoking toplevel() on ptolemy.moml.MoMLSimpleApplication@3af4c1ca
reloadAllAccessors: .ContinuousInContinuous

===========================================================================================
----------------- testing Mon Jun 29 15:33:44 UTC 2020 /home/travis/build/icyphy/ptII/ptolemy/domains/continuous/test/auto/ContinuousInContinuousInContinuous.xml
----------------- Instantiating /home/travis/build/icyphy/ptII/ptolemy/domains/continuous/test/auto/ContinuousInContinuousInContinuous.xml
8 ms. Memory: 241664K Free: 169023K (70%)
----------------- Invoking toplevel() on ptolemy.moml.MoMLSimpleApplication@32a1e9a3
----------------- Done invoking toplevel() on ptolemy.moml.MoMLSimpleApplication@32a1e9a3
reloadAllAccessors: .ContinuousInContinuousInContinuous

===========================================================================================
----------------- testing Mon Jun 29 15:33:44 UTC 2020 /home/travis/build/icyphy/ptII/ptolemy/domains/continuous/test/auto/ContinuousInDE.xml
----------------- Instantiating /home/travis/build/icyphy/ptII/ptolemy/domains/continuous/test/auto/ContinuousInDE.xml
53 ms. Memory: 241664K Free: 158783K (66%)
----------------- Invoking toplevel() on ptolemy.moml.MoMLSimpleApplication@251ad27f
----------------- Done invoking toplevel() on ptolemy.moml.MoMLSimpleApplication@251ad27f
reloadAllAccessors: .ContinuousInDE

===========================================================================================
----------------- testing Mon Jun 29 15:33:44 UTC 2020 /home/travis/build/icyphy/ptII/ptolemy/domains/continuous/test/auto/ContinuousInDE2.xml
----------------- Instantiating /home/travis/build/icyphy/ptII/ptolemy/domains/continuous/test/auto/ContinuousInDE2.xml
51 ms. Memory: 241664K Free: 149057K (62%)
----------------- Invoking toplevel() on ptolemy.moml.MoMLSimpleApplication@238cb232
----------------- Done invoking toplevel() on ptolemy.moml.MoMLSimpleApplication@238cb232
reloadAllAccessors: .ContinuousInDE2

===========================================================================================
----------------- testing Mon Jun 29 15:33:44 UTC 2020 /home/travis/build/icyphy/ptII/ptolemy/domains/continuous/test/auto/ContinuousInDE3.xml
----------------- Instantiating /home/travis/build/icyphy/ptII/ptolemy/domains/continuous/test/auto/ContinuousInDE3.xml
35 ms. Memory: 241664K Free: 139327K (58%)
----------------- Invoking toplevel() on ptolemy.moml.MoMLSimpleApplication@328dda6b
----------------- Done invoking toplevel() on ptolemy.moml.MoMLSimpleApplication@328dda6b
reloadAllAccessors: .ContinuousInDE3

===========================================================================================
----------------- testing Mon Jun 29 15:33:44 UTC 2020 /home/travis/build/icyphy/ptII/ptolemy/domains/continuous/test/auto/ContinuousInDE4.xml
----------------- Instantiating /home/travis/build/icyphy/ptII/ptolemy/domains/continuous/test/auto/ContinuousInDE4.xml
14 ms. Memory: 241664K Free: 133180K (55%)
----------------- Invoking toplevel() on ptolemy.moml.MoMLSimpleApplication@5fad1171
----------------- Done invoking toplevel() on ptolemy.moml.MoMLSimpleApplication@5fad1171
reloadAllAccessors: .ContinuousInDE4

===========================================================================================
----------------- testing Mon Jun 29 15:33:44 UTC 2020 /home/travis/build/icyphy/ptII/ptolemy/domains/continuous/test/auto/ContinuousInDEDifferentRefinements.xml
----------------- Instantiating /home/travis/build/icyphy/ptII/ptolemy/domains/continuous/test/auto/ContinuousInDEDifferentRefinements.xml
60 ms. Memory: 241664K Free: 101953K (42%)
----------------- Invoking toplevel() on ptolemy.moml.MoMLSimpleApplication@672114dd
----------------- Done invoking toplevel() on ptolemy.moml.MoMLSimpleApplication@672114dd
reloadAllAccessors: .ContinuousInDEDifferentRefinements

===========================================================================================
----------------- testing Mon Jun 29 15:33:44 UTC 2020 /home/travis/build/icyphy/ptII/ptolemy/domains/continuous/test/auto/ContinuousInDEDifferentRefinementsPreemptive.xml
----------------- Instantiating /home/travis/build/icyphy/ptII/ptolemy/domains/continuous/test/auto/ContinuousInDEDifferentRefinementsPreemptive.xml
57 ms. Memory: 290816K Free: 263351K (91%)
----------------- Invoking toplevel() on ptolemy.moml.MoMLSimpleApplication@192967ec
----------------- Done invoking toplevel() on ptolemy.moml.MoMLSimpleApplication@192967ec
reloadAllAccessors: .ContinuousInDEDifferentRefinementsPreemptive

===========================================================================================
----------------- testing Mon Jun 29 15:33:44 UTC 2020 /home/travis/build/icyphy/ptII/ptolemy/domains/continuous/test/auto/ContinuousInDEInContinuous2.xml
----------------- Instantiating /home/travis/build/icyphy/ptII/ptolemy/domains/continuous/test/auto/ContinuousInDEInContinuous2.xml
38 ms. Memory: 290816K Free: 251357K (86%)
----------------- Invoking toplevel() on ptolemy.moml.MoMLSimpleApplication@60f03911
----------------- Done invoking toplevel() on ptolemy.moml.MoMLSimpleApplication@60f03911
reloadAllAccessors: .ContinuousInDEInContinuous2

===========================================================================================
----------------- testing Mon Jun 29 15:33:45 UTC 2020 /home/travis/build/icyphy/ptII/ptolemy/domains/continuous/test/auto/ContinuousInDEInContinuous3.xml
----------------- Instantiating /home/travis/build/icyphy/ptII/ptolemy/domains/continuous/test/auto/ContinuousInDEInContinuous3.xml
37 ms. Memory: 290816K Free: 239069K (82%)
----------------- Invoking toplevel() on ptolemy.moml.MoMLSimpleApplication@2785de4b
----------------- Done invoking toplevel() on ptolemy.moml.MoMLSimpleApplication@2785de4b
reloadAllAccessors: .ContinuousInDEInContinuous3

===========================================================================================
----------------- testing Mon Jun 29 15:33:45 UTC 2020 /home/travis/build/icyphy/ptII/ptolemy/domains/continuous/test/auto/ContinuousInDEInput.xml
----------------- Instantiating /home/travis/build/icyphy/ptII/ptolemy/domains/continuous/test/auto/ContinuousInDEInput.xml
16 ms. Memory: 290816K Free: 231901K (80%)
----------------- Invoking toplevel() on ptolemy.moml.MoMLSimpleApplication@241b3295
----------------- Done invoking toplevel() on ptolemy.moml.MoMLSimpleApplication@241b3295
reloadAllAccessors: .ContinuousInDEInput

===========================================================================================
----------------- testing Mon Jun 29 15:33:45 UTC 2020 /home/travis/build/icyphy/ptII/ptolemy/domains/continuous/test/auto/ContinuousInDEInput2.xml
----------------- Instantiating /home/travis/build/icyphy/ptII/ptolemy/domains/continuous/test/auto/ContinuousInDEInput2.xml
12 ms. Memory: 290816K Free: 224733K (77%)
----------------- Invoking toplevel() on ptolemy.moml.MoMLSimpleApplication@4245559c
----------------- Done invoking toplevel() on ptolemy.moml.MoMLSimpleApplication@4245559c
reloadAllAccessors: .ContinuousInDEInput2

===========================================================================================
----------------- testing Mon Jun 29 15:33:45 UTC 2020 /home/travis/build/icyphy/ptII/ptolemy/domains/continuous/test/auto/ContinuousInDEInput3.xml
----------------- Instantiating /home/travis/build/icyphy/ptII/ptolemy/domains/continuous/test/auto/ContinuousInDEInput3.xml
11 ms. Memory: 290816K Free: 217565K (75%)
----------------- Invoking toplevel() on ptolemy.moml.MoMLSimpleApplication@6fb354fe
----------------- Done invoking toplevel() on ptolemy.moml.MoMLSimpleApplication@6fb354fe
reloadAllAccessors: .ContinuousInDEInput3

===========================================================================================
----------------- testing Mon Jun 29 15:33:45 UTC 2020 /home/travis/build/icyphy/ptII/ptolemy/domains/continuous/test/auto/ContinuousInDESharingRefinement.xml
----------------- Instantiating /home/travis/build/icyphy/ptII/ptolemy/domains/continuous/test/auto/ContinuousInDESharingRefinement.xml
146 ms. Memory: 290816K Free: 122847K (42%)
----------------- Invoking toplevel() on ptolemy.moml.MoMLSimpleApplication@2e520f73
----------------- Done invoking toplevel() on ptolemy.moml.MoMLSimpleApplication@2e520f73
reloadAllAccessors: .ContinuousInDESharingRefinement

===========================================================================================
----------------- testing Mon Jun 29 15:33:45 UTC 2020 /home/travis/build/icyphy/ptII/ptolemy/domains/continuous/test/auto/ContinuousInDEwithNoPorts.xml
----------------- Instantiating /home/travis/build/icyphy/ptII/ptolemy/domains/continuous/test/auto/ContinuousInDEwithNoPorts.xml
7 ms. Memory: 290816K Free: 118751K (41%)
----------------- Invoking toplevel() on ptolemy.moml.MoMLSimpleApplication@2cc4dabd
----------------- Done invoking toplevel() on ptolemy.moml.MoMLSimpleApplication@2cc4dabd
reloadAllAccessors: .ContinuousInDEwithNoPorts

===========================================================================================
----------------- testing Mon Jun 29 15:33:45 UTC 2020 /home/travis/build/icyphy/ptII/ptolemy/domains/continuous/test/auto/ContinuousInsideDE.xml
----------------- Instantiating /home/travis/build/icyphy/ptII/ptolemy/domains/continuous/test/auto/ContinuousInsideDE.xml
32 ms. Memory: 290816K Free: 107487K (37%)
----------------- Invoking toplevel() on ptolemy.moml.MoMLSimpleApplication@69bdbb82
----------------- Done invoking toplevel() on ptolemy.moml.MoMLSimpleApplication@69bdbb82
reloadAllAccessors: .ContinuousInsideDE

===========================================================================================
----------------- testing Mon Jun 29 15:33:45 UTC 2020 /home/travis/build/icyphy/ptII/ptolemy/domains/continuous/test/auto/ContinuousMerge1.xml
----------------- Instantiating /home/travis/build/icyphy/ptII/ptolemy/domains/continuous/test/auto/ContinuousMerge1.xml
3 ms. Memory: 290816K Free: 102847K (35%)
----------------- Invoking toplevel() on ptolemy.moml.MoMLSimpleApplication@60d86a2
----------------- Done invoking toplevel() on ptolemy.moml.MoMLSimpleApplication@60d86a2
reloadAllAccessors: .ContinuousMerge1

===========================================================================================
----------------- testing Mon Jun 29 15:33:45 UTC 2020 /home/travis/build/icyphy/ptII/ptolemy/domains/continuous/test/auto/ContinuousMerge2.xml
----------------- Instantiating /home/travis/build/icyphy/ptII/ptolemy/domains/continuous/test/auto/ContinuousMerge2.xml
12 ms. Memory: 290816K Free: 266156K (92%)
----------------- Invoking toplevel() on ptolemy.moml.MoMLSimpleApplication@5c789c87
----------------- Done invoking toplevel() on ptolemy.moml.MoMLSimpleApplication@5c789c87
reloadAllAccessors: .ContinuousMerge2

===========================================================================================
----------------- testing Mon Jun 29 15:33:45 UTC 2020 /home/travis/build/icyphy/ptII/ptolemy/domains/continuous/test/auto/ContinuousMerge3.xml
----------------- Instantiating /home/travis/build/icyphy/ptII/ptolemy/domains/continuous/test/auto/ContinuousMerge3.xml
34 ms. Memory: 290816K Free: 255406K (88%)
----------------- Invoking toplevel() on ptolemy.moml.MoMLSimpleApplication@6a934619
----------------- Done invoking toplevel() on ptolemy.moml.MoMLSimpleApplication@6a934619
reloadAllAccessors: .ContinuousMerge3

===========================================================================================
----------------- testing Mon Jun 29 15:33:45 UTC 2020 /home/travis/build/icyphy/ptII/ptolemy/domains/continuous/test/auto/ContinuousWithinContinuous.xml
----------------- Instantiating /home/travis/build/icyphy/ptII/ptolemy/domains/continuous/test/auto/ContinuousWithinContinuous.xml
27 ms. Memory: 290816K Free: 245676K (84%)
----------------- Invoking toplevel() on ptolemy.moml.MoMLSimpleApplication@579b738b
----------------- Done invoking toplevel() on ptolemy.moml.MoMLSimpleApplication@579b738b
reloadAllAccessors: .ContinuousWithinContinuous

===========================================================================================
----------------- testing Mon Jun 29 15:33:45 UTC 2020 /home/travis/build/icyphy/ptII/ptolemy/domains/continuous/test/auto/ContinuousWithinContinuous2.xml
----------------- Instantiating /home/travis/build/icyphy/ptII/ptolemy/domains/continuous/test/auto/ContinuousWithinContinuous2.xml
47 ms. Memory: 290816K Free: 234412K (81%)
----------------- Invoking toplevel() on ptolemy.moml.MoMLSimpleApplication@51e3babf
----------------- Done invoking toplevel() on ptolemy.moml.MoMLSimpleApplication@51e3babf
reloadAllAccessors: .ContinuousWithinContinuous2

===========================================================================================
----------------- testing Mon Jun 29 15:33:45 UTC 2020 /home/travis/build/icyphy/ptII/ptolemy/domains/continuous/test/auto/ContinuousWithinContinuous3.xml
----------------- Instantiating /home/travis/build/icyphy/ptII/ptolemy/domains/continuous/test/auto/ContinuousWithinContinuous3.xml
9 ms. Memory: 290816K Free: 227758K (78%)
----------------- Invoking toplevel() on ptolemy.moml.MoMLSimpleApplication@4959a319
----------------- Done invoking toplevel() on ptolemy.moml.MoMLSimpleApplication@4959a319
reloadAllAccessors: .ContinuousWithinContinuous3

===========================================================================================
----------------- testing Mon Jun 29 15:33:45 UTC 2020 /home/travis/build/icyphy/ptII/ptolemy/domains/continuous/test/auto/ContinuousWithinContinuous4.xml
----------------- Instantiating /home/travis/build/icyphy/ptII/ptolemy/domains/continuous/test/auto/ContinuousWithinContinuous4.xml
51 ms. Memory: 290816K Free: 215470K (74%)
----------------- Invoking toplevel() on ptolemy.moml.MoMLSimpleApplication@208f6f5e
----------------- Done invoking toplevel() on ptolemy.moml.MoMLSimpleApplication@208f6f5e
reloadAllAccessors: .ContinuousWithinContinuous4

===========================================================================================
----------------- testing Mon Jun 29 15:33:45 UTC 2020 /home/travis/build/icyphy/ptII/ptolemy/domains/continuous/test/auto/ContinuousWithinContinuous5.xml
----------------- Instantiating /home/travis/build/icyphy/ptII/ptolemy/domains/continuous/test/auto/ContinuousWithinContinuous5.xml
10 ms. Memory: 290816K Free: 208302K (72%)
----------------- Invoking toplevel() on ptolemy.moml.MoMLSimpleApplication@621aefb7
----------------- Done invoking toplevel() on ptolemy.moml.MoMLSimpleApplication@621aefb7
reloadAllAccessors: .ContinuousWithinContinuous5

===========================================================================================
----------------- testing Mon Jun 29 15:33:45 UTC 2020 /home/travis/build/icyphy/ptII/ptolemy/domains/continuous/test/auto/ContinuousWithinContinuous6.xml
----------------- Instantiating /home/travis/build/icyphy/ptII/ptolemy/domains/continuous/test/auto/ContinuousWithinContinuous6.xml
9 ms. Memory: 290816K Free: 201134K (69%)
----------------- Invoking toplevel() on ptolemy.moml.MoMLSimpleApplication@b59de0b
----------------- Done invoking toplevel() on ptolemy.moml.MoMLSimpleApplication@b59de0b
reloadAllAccessors: .ContinuousWithinContinuous6

===========================================================================================
----------------- testing Mon Jun 29 15:33:45 UTC 2020 /home/travis/build/icyphy/ptII/ptolemy/domains/continuous/test/auto/ContinuousWithinContinuous7.xml
----------------- Instantiating /home/travis/build/icyphy/ptII/ptolemy/domains/continuous/test/auto/ContinuousWithinContinuous7.xml
46 ms. Memory: 290816K Free: 189870K (65%)
----------------- Invoking toplevel() on ptolemy.moml.MoMLSimpleApplication@49012de3
----------------- Done invoking toplevel() on ptolemy.moml.MoMLSimpleApplication@49012de3
reloadAllAccessors: .ContinuousWithinContinuous7

===========================================================================================
----------------- testing Mon Jun 29 15:33:45 UTC 2020 /home/travis/build/icyphy/ptII/ptolemy/domains/continuous/test/auto/DCMotor.xml
----------------- Instantiating /home/travis/build/icyphy/ptII/ptolemy/domains/continuous/test/auto/DCMotor.xml
12315 ms. Memory: 290816K Free: 248502K (85%)
----------------- Invoking toplevel() on ptolemy.moml.MoMLSimpleApplication@60f34eba
----------------- Done invoking toplevel() on ptolemy.moml.MoMLSimpleApplication@60f34eba
reloadAllAccessors: .DCMotor

===========================================================================================
----------------- testing Mon Jun 29 15:33:58 UTC 2020 /home/travis/build/icyphy/ptII/ptolemy/domains/continuous/test/auto/DEInContinuous.xml
----------------- Instantiating /home/travis/build/icyphy/ptII/ptolemy/domains/continuous/test/auto/DEInContinuous.xml
14 ms. Memory: 290816K Free: 242358K (83%)
----------------- Invoking toplevel() on ptolemy.moml.MoMLSimpleApplication@12735b0c
----------------- Done invoking toplevel() on ptolemy.moml.MoMLSimpleApplication@12735b0c
reloadAllAccessors: .DEInContinuous

===========================================================================================
----------------- testing Mon Jun 29 15:33:58 UTC 2020 /home/travis/build/icyphy/ptII/ptolemy/domains/continuous/test/auto/DEinContinuous2.xml
----------------- Instantiating /home/travis/build/icyphy/ptII/ptolemy/domains/continuous/test/auto/DEinContinuous2.xml
6 ms. Memory: 290816K Free: 234662K (81%)
----------------- Invoking toplevel() on ptolemy.moml.MoMLSimpleApplication@78593b9
----------------- Done invoking toplevel() on ptolemy.moml.MoMLSimpleApplication@78593b9
reloadAllAccessors: .DEinContinuous2

===========================================================================================
----------------- testing Mon Jun 29 15:33:58 UTC 2020 /home/travis/build/icyphy/ptII/ptolemy/domains/continuous/test/auto/Derivative.xml
----------------- Instantiating /home/travis/build/icyphy/ptII/ptolemy/domains/continuous/test/auto/Derivative.xml
108 ms. Memory: 290816K Free: 205494K (71%)
----------------- Invoking toplevel() on ptolemy.moml.MoMLSimpleApplication@8303847
----------------- Done invoking toplevel() on ptolemy.moml.MoMLSimpleApplication@8303847
reloadAllAccessors: .Derivative2

===========================================================================================
----------------- testing Mon Jun 29 15:33:58 UTC 2020 /home/travis/build/icyphy/ptII/ptolemy/domains/continuous/test/auto/Derivative1.xml
----------------- Instantiating /home/travis/build/icyphy/ptII/ptolemy/domains/continuous/test/auto/Derivative1.xml
14 ms. Memory: 290816K Free: 191158K (66%)
----------------- Invoking toplevel() on ptolemy.moml.MoMLSimpleApplication@41761783
----------------- Done invoking toplevel() on ptolemy.moml.MoMLSimpleApplication@41761783
reloadAllAccessors: .Derivative1

===========================================================================================
----------------- testing Mon Jun 29 15:33:58 UTC 2020 /home/travis/build/icyphy/ptII/ptolemy/domains/continuous/test/auto/DiscreteClock.xml
----------------- Instantiating /home/travis/build/icyphy/ptII/ptolemy/domains/continuous/test/auto/DiscreteClock.xml
3 ms. Memory: 290816K Free: 186038K (64%)
----------------- Invoking toplevel() on ptolemy.moml.MoMLSimpleApplication@25d1b3f7
----------------- Done invoking toplevel() on ptolemy.moml.MoMLSimpleApplication@25d1b3f7
reloadAllAccessors: .DiscreteClock

===========================================================================================
----------------- testing Mon Jun 29 15:33:58 UTC 2020 /home/travis/build/icyphy/ptII/ptolemy/domains/continuous/test/auto/EfficiencyCurve.xml
----------------- Instantiating /home/travis/build/icyphy/ptII/ptolemy/domains/continuous/test/auto/EfficiencyCurve.xml
57 ms. Memory: 290816K Free: 176822K (61%)
----------------- Invoking toplevel() on ptolemy.moml.MoMLSimpleApplication@13ae51d0
----------------- Done invoking toplevel() on ptolemy.moml.MoMLSimpleApplication@13ae51d0
reloadAllAccessors: .EfficiencyCurve

===========================================================================================
----------------- testing Mon Jun 29 15:33:58 UTC 2020 /home/travis/build/icyphy/ptII/ptolemy/domains/continuous/test/auto/ExponentialResponse.xml
----------------- Instantiating /home/travis/build/icyphy/ptII/ptolemy/domains/continuous/test/auto/ExponentialResponse.xml
81 ms. Memory: 290816K Free: 160948K (55%)
----------------- Invoking toplevel() on ptolemy.moml.MoMLSimpleApplication@33721711
----------------- Done invoking toplevel() on ptolemy.moml.MoMLSimpleApplication@33721711
reloadAllAccessors: .ExponentialResponse

===========================================================================================
----------------- testing Mon Jun 29 15:33:58 UTC 2020 /home/travis/build/icyphy/ptII/ptolemy/domains/continuous/test/auto/ExponentialResponseRK45.xml
----------------- Instantiating /home/travis/build/icyphy/ptII/ptolemy/domains/continuous/test/auto/ExponentialResponseRK45.xml
19 ms. Memory: 290816K Free: 154294K (53%)
----------------- Invoking toplevel() on ptolemy.moml.MoMLSimpleApplication@7a897d39
----------------- Done invoking toplevel() on ptolemy.moml.MoMLSimpleApplication@7a897d39
reloadAllAccessors: .ExponentialResponseRK45

===========================================================================================
----------------- testing Mon Jun 29 15:33:58 UTC 2020 /home/travis/build/icyphy/ptII/ptolemy/domains/continuous/test/auto/Friction.xml
----------------- Instantiating /home/travis/build/icyphy/ptII/ptolemy/domains/continuous/test/auto/Friction.xml
1390 ms. Memory: 290816K Free: 248960K (86%)
----------------- Invoking toplevel() on ptolemy.moml.MoMLSimpleApplication@73d87f64
----------------- Done invoking toplevel() on ptolemy.moml.MoMLSimpleApplication@73d87f64
reloadAllAccessors: .Friction

===========================================================================================
----------------- testing Mon Jun 29 15:34:00 UTC 2020 /home/travis/build/icyphy/ptII/ptolemy/domains/continuous/test/auto/FurutaPendulum.xml
----------------- Instantiating /home/travis/build/icyphy/ptII/ptolemy/domains/continuous/test/auto/FurutaPendulum.xml
2972 ms. Memory: 290816K Free: 104575K (36%)
----------------- Invoking toplevel() on ptolemy.moml.MoMLSimpleApplication@47752a5b
----------------- Done invoking toplevel() on ptolemy.moml.MoMLSimpleApplication@47752a5b
reloadAllAccessors: .FurutaPendulum

===========================================================================================
----------------- testing Mon Jun 29 15:34:03 UTC 2020 /home/travis/build/icyphy/ptII/ptolemy/domains/continuous/test/auto/HierarchicalExecution.xml
----------------- Instantiating /home/travis/build/icyphy/ptII/ptolemy/domains/continuous/test/auto/HierarchicalExecution.xml
1558 ms. Memory: 290816K Free: 169231K (58%)
----------------- Invoking toplevel() on ptolemy.moml.MoMLSimpleApplication@2c45307b
----------------- Done invoking toplevel() on ptolemy.moml.MoMLSimpleApplication@2c45307b
reloadAllAccessors: .HierarchicalExecution

===========================================================================================
----------------- testing Mon Jun 29 15:34:05 UTC 2020 /home/travis/build/icyphy/ptII/ptolemy/domains/continuous/test/auto/HybridPlant.xml
----------------- Instantiating /home/travis/build/icyphy/ptII/ptolemy/domains/continuous/test/auto/HybridPlant.xml
497 ms. Memory: 290816K Free: 251050K (86%)
----------------- Invoking toplevel() on ptolemy.moml.MoMLSimpleApplication@1eb97069
----------------- Done invoking toplevel() on ptolemy.moml.MoMLSimpleApplication@1eb97069
reloadAllAccessors: .HybridPlant

===========================================================================================
----------------- testing Mon Jun 29 15:34:05 UTC 2020 /home/travis/build/icyphy/ptII/ptolemy/domains/continuous/test/auto/Hysteresis.xml
----------------- Instantiating /home/travis/build/icyphy/ptII/ptolemy/domains/continuous/test/auto/Hysteresis.xml
130 ms. Memory: 290816K Free: 188586K (65%)
----------------- Invoking toplevel() on ptolemy.moml.MoMLSimpleApplication@428fb966
----------------- Done invoking toplevel() on ptolemy.moml.MoMLSimpleApplication@428fb966
reloadAllAccessors: .Hysteresis

===========================================================================================
----------------- testing Mon Jun 29 15:34:06 UTC 2020 /home/travis/build/icyphy/ptII/ptolemy/domains/continuous/test/auto/HysteresisWithRandomDelay.xml
----------------- Instantiating /home/travis/build/icyphy/ptII/ptolemy/domains/continuous/test/auto/HysteresisWithRandomDelay.xml
169 ms. Memory: 290816K Free: 117434K (40%)
----------------- Invoking toplevel() on ptolemy.moml.MoMLSimpleApplication@69092be6
----------------- Done invoking toplevel() on ptolemy.moml.MoMLSimpleApplication@69092be6
reloadAllAccessors: .HysteresisWithRandomDelay

===========================================================================================
----------------- testing Mon Jun 29 15:34:06 UTC 2020 /home/travis/build/icyphy/ptII/ptolemy/domains/continuous/test/auto/HysteresisWithRandomLosses.xml
----------------- Instantiating /home/travis/build/icyphy/ptII/ptolemy/domains/continuous/test/auto/HysteresisWithRandomLosses.xml
2206 ms. Memory: 290816K Free: 242509K (83%)
----------------- Invoking toplevel() on ptolemy.moml.MoMLSimpleApplication@33e7d5e0
----------------- Done invoking toplevel() on ptolemy.moml.MoMLSimpleApplication@33e7d5e0
reloadAllAccessors: .HysteresisWithRandomLosses

===========================================================================================
----------------- testing Mon Jun 29 15:34:08 UTC 2020 /home/travis/build/icyphy/ptII/ptolemy/domains/continuous/test/auto/ImmediateTransitions.xml
----------------- Instantiating /home/travis/build/icyphy/ptII/ptolemy/domains/continuous/test/auto/ImmediateTransitions.xml
20 ms. Memory: 290816K Free: 231789K (80%)
----------------- Invoking toplevel() on ptolemy.moml.MoMLSimpleApplication@da7fae8
----------------- Done invoking toplevel() on ptolemy.moml.MoMLSimpleApplication@da7fae8
reloadAllAccessors: .ImmediateTransitions

===========================================================================================
----------------- testing Mon Jun 29 15:34:08 UTC 2020 /home/travis/build/icyphy/ptII/ptolemy/domains/continuous/test/auto/ImpulseFeedback.xml
----------------- Instantiating /home/travis/build/icyphy/ptII/ptolemy/domains/continuous/test/auto/ImpulseFeedback.xml
8 ms. Memory: 290816K Free: 226155K (78%)
----------------- Invoking toplevel() on ptolemy.moml.MoMLSimpleApplication@179dcde0
----------------- Done invoking toplevel() on ptolemy.moml.MoMLSimpleApplication@179dcde0
reloadAllAccessors: .ImpulseFeedback

===========================================================================================
----------------- testing Mon Jun 29 15:34:08 UTC 2020 /home/travis/build/icyphy/ptII/ptolemy/domains/continuous/test/auto/ImpulseFeedback2.xml
----------------- Instantiating /home/travis/build/icyphy/ptII/ptolemy/domains/continuous/test/auto/ImpulseFeedback2.xml
7 ms. Memory: 290816K Free: 220525K (76%)
----------------- Invoking toplevel() on ptolemy.moml.MoMLSimpleApplication@313f4f3d
----------------- Done invoking toplevel() on ptolemy.moml.MoMLSimpleApplication@313f4f3d
reloadAllAccessors: .ImpulseFeedback2

===========================================================================================
----------------- testing Mon Jun 29 15:34:08 UTC 2020 /home/travis/build/icyphy/ptII/ptolemy/domains/continuous/test/auto/IncreasingRatePoisson.xml
----------------- Instantiating /home/travis/build/icyphy/ptII/ptolemy/domains/continuous/test/auto/IncreasingRatePoisson.xml
704 ms. Memory: 349184K Free: 330113K (95%)
----------------- Invoking toplevel() on ptolemy.moml.MoMLSimpleApplication@252458a3
----------------- Done invoking toplevel() on ptolemy.moml.MoMLSimpleApplication@252458a3
reloadAllAccessors: .IncreasingRatePoisson

===========================================================================================
----------------- testing Mon Jun 29 15:34:09 UTC 2020 /home/travis/build/icyphy/ptII/ptolemy/domains/continuous/test/auto/InitialStateFeedback.xml
----------------- Instantiating /home/travis/build/icyphy/ptII/ptolemy/domains/continuous/test/auto/InitialStateFeedback.xml
5 ms. Memory: 349184K Free: 325521K (93%)
----------------- Invoking toplevel() on ptolemy.moml.MoMLSimpleApplication@68c5111
----------------- Done invoking toplevel() on ptolemy.moml.MoMLSimpleApplication@68c5111
reloadAllAccessors: .InitialStateFeedback

===========================================================================================
----------------- testing Mon Jun 29 15:34:09 UTC 2020 /home/travis/build/icyphy/ptII/ptolemy/domains/continuous/test/auto/Integration.xml
----------------- Instantiating /home/travis/build/icyphy/ptII/ptolemy/domains/continuous/test/auto/Integration.xml
2 ms. Memory: 349184K Free: 321425K (92%)
----------------- Invoking toplevel() on ptolemy.moml.MoMLSimpleApplication@fdc4afb
----------------- Done invoking toplevel() on ptolemy.moml.MoMLSimpleApplication@fdc4afb
reloadAllAccessors: .Integration

===========================================================================================
----------------- testing Mon Jun 29 15:34:09 UTC 2020 /home/travis/build/icyphy/ptII/ptolemy/domains/continuous/test/auto/Integration2.xml
----------------- Instantiating /home/travis/build/icyphy/ptII/ptolemy/domains/continuous/test/auto/Integration2.xml
73 ms. Memory: 349184K Free: 307089K (88%)
----------------- Invoking toplevel() on ptolemy.moml.MoMLSimpleApplication@36395cf
----------------- Done invoking toplevel() on ptolemy.moml.MoMLSimpleApplication@36395cf
reloadAllAccessors: .Integration2

===========================================================================================
----------------- testing Mon Jun 29 15:34:09 UTC 2020 /home/travis/build/icyphy/ptII/ptolemy/domains/continuous/test/auto/Integration3.xml
----------------- Instantiating /home/travis/build/icyphy/ptII/ptolemy/domains/continuous/test/auto/Integration3.xml
2 ms. Memory: 349184K Free: 302479K (87%)
----------------- Invoking toplevel() on ptolemy.moml.MoMLSimpleApplication@6a628b5d
----------------- Done invoking toplevel() on ptolemy.moml.MoMLSimpleApplication@6a628b5d
reloadAllAccessors: .Integration3

===========================================================================================
----------------- testing Mon Jun 29 15:34:09 UTC 2020 /home/travis/build/icyphy/ptII/ptolemy/domains/continuous/test/auto/Integration5.xml
----------------- Instantiating /home/travis/build/icyphy/ptII/ptolemy/domains/continuous/test/auto/Integration5.xml
2 ms. Memory: 349184K Free: 298383K (85%)
----------------- Invoking toplevel() on ptolemy.moml.MoMLSimpleApplication@14206ecd
----------------- Done invoking toplevel() on ptolemy.moml.MoMLSimpleApplication@14206ecd
reloadAllAccessors: .Integration5

===========================================================================================
----------------- testing Mon Jun 29 15:34:09 UTC 2020 /home/travis/build/icyphy/ptII/ptolemy/domains/continuous/test/auto/IntegratorImpulse.xml
----------------- Instantiating /home/travis/build/icyphy/ptII/ptolemy/domains/continuous/test/auto/IntegratorImpulse.xml
2 ms. Memory: 349184K Free: 294257K (84%)
----------------- Invoking toplevel() on ptolemy.moml.MoMLSimpleApplication@9b33be
----------------- Done invoking toplevel() on ptolemy.moml.MoMLSimpleApplication@9b33be
reloadAllAccessors: .IntegratorImpulse

===========================================================================================
----------------- testing Mon Jun 29 15:34:09 UTC 2020 /home/travis/build/icyphy/ptII/ptolemy/domains/continuous/test/auto/IntegratorImpulse2.xml
----------------- Instantiating /home/travis/build/icyphy/ptII/ptolemy/domains/continuous/test/auto/IntegratorImpulse2.xml
5 ms. Memory: 349184K Free: 289681K (83%)
----------------- Invoking toplevel() on ptolemy.moml.MoMLSimpleApplication@120bd1bf
----------------- Done invoking toplevel() on ptolemy.moml.MoMLSimpleApplication@120bd1bf
reloadAllAccessors: .IntegratorImpulse2

===========================================================================================
----------------- testing Mon Jun 29 15:34:09 UTC 2020 /home/travis/build/icyphy/ptII/ptolemy/domains/continuous/test/auto/LevelCrossing1.xml
----------------- Instantiating /home/travis/build/icyphy/ptII/ptolemy/domains/continuous/test/auto/LevelCrossing1.xml
2 ms. Memory: 349184K Free: 284561K (81%)
----------------- Invoking toplevel() on ptolemy.moml.MoMLSimpleApplication@7dcab84
----------------- Done invoking toplevel() on ptolemy.moml.MoMLSimpleApplication@7dcab84
reloadAllAccessors: .LevelCrossing1

===========================================================================================
----------------- testing Mon Jun 29 15:34:09 UTC 2020 /home/travis/build/icyphy/ptII/ptolemy/domains/continuous/test/auto/LevelCrossing2.xml
----------------- Instantiating /home/travis/build/icyphy/ptII/ptolemy/domains/continuous/test/auto/LevelCrossing2.xml
3 ms. Memory: 349184K Free: 279441K (80%)
----------------- Invoking toplevel() on ptolemy.moml.MoMLSimpleApplication@282bbc69
----------------- Done invoking toplevel() on ptolemy.moml.MoMLSimpleApplication@282bbc69
reloadAllAccessors: .LevelCrossing2

===========================================================================================
----------------- testing Mon Jun 29 15:34:09 UTC 2020 /home/travis/build/icyphy/ptII/ptolemy/domains/continuous/test/auto/LevelCrossing3.xml
----------------- Instantiating /home/travis/build/icyphy/ptII/ptolemy/domains/continuous/test/auto/LevelCrossing3.xml
2 ms. Memory: 349184K Free: 274321K (79%)
----------------- Invoking toplevel() on ptolemy.moml.MoMLSimpleApplication@4ca288c
----------------- Done invoking toplevel() on ptolemy.moml.MoMLSimpleApplication@4ca288c
reloadAllAccessors: .LevelCrossing3

===========================================================================================
----------------- testing Mon Jun 29 15:34:09 UTC 2020 /home/travis/build/icyphy/ptII/ptolemy/domains/continuous/test/auto/LevelCrossing4.xml
----------------- Instantiating /home/travis/build/icyphy/ptII/ptolemy/domains/continuous/test/auto/LevelCrossing4.xml
4 ms. Memory: 349184K Free: 269201K (77%)
----------------- Invoking toplevel() on ptolemy.moml.MoMLSimpleApplication@13d60fc9
----------------- Done invoking toplevel() on ptolemy.moml.MoMLSimpleApplication@13d60fc9
reloadAllAccessors: .LevelCrossing4

===========================================================================================
----------------- testing Mon Jun 29 15:34:09 UTC 2020 /home/travis/build/icyphy/ptII/ptolemy/domains/continuous/test/auto/LevelCrossing5.xml
----------------- Instantiating /home/travis/build/icyphy/ptII/ptolemy/domains/continuous/test/auto/LevelCrossing5.xml
3 ms. Memory: 349184K Free: 264081K (76%)
----------------- Invoking toplevel() on ptolemy.moml.MoMLSimpleApplication@77d1fb44
----------------- Done invoking toplevel() on ptolemy.moml.MoMLSimpleApplication@77d1fb44
reloadAllAccessors: .LevelCrossing5

===========================================================================================
[...]
----------------- testing Mon Jun 29 15:34:25 UTC 2020 /home/travis/build/icyphy/ptII/ptolemy/domains/continuous/test/auto/SRinContinuous.xml
----------------- Instantiating /home/travis/build/icyphy/ptII/ptolemy/domains/continuous/test/auto/SRinContinuous.xml
4 ms. Memory: 349184K Free: 318044K (91%)
----------------- Invoking toplevel() on ptolemy.moml.MoMLSimpleApplication@113d95f5
----------------- Done invoking toplevel() on ptolemy.moml.MoMLSimpleApplication@113d95f5
reloadAllAccessors: .SRinContinuous

===========================================================================================
----------------- testing Mon Jun 29 15:34:25 UTC 2020 /home/travis/build/icyphy/ptII/ptolemy/domains/continuous/test/auto/SampledClocks.xml
----------------- Instantiating /home/travis/build/icyphy/ptII/ptolemy/domains/continuous/test/auto/SampledClocks.xml
6 ms. Memory: 349184K Free: 305242K (87%)
----------------- Invoking toplevel() on ptolemy.moml.MoMLSimpleApplication@77fd70d3
----------------- Done invoking toplevel() on ptolemy.moml.MoMLSimpleApplication@77fd70d3
reloadAllAccessors: .SampledClocks

===========================================================================================
----------------- testing Mon Jun 29 15:34:25 UTC 2020 /home/travis/build/icyphy/ptII/ptolemy/domains/continuous/test/auto/Satellite.xml
----------------- Instantiating /home/travis/build/icyphy/ptII/ptolemy/domains/continuous/test/auto/Satellite.xml
624 ms. Memory: 349184K Free: 320887K (92%)
----------------- Invoking toplevel() on ptolemy.moml.MoMLSimpleApplication@750a89ac
----------------- Done invoking toplevel() on ptolemy.moml.MoMLSimpleApplication@750a89ac
reloadAllAccessors: .Satellite

===========================================================================================
----------------- testing Mon Jun 29 15:34:25 UTC 2020 /home/travis/build/icyphy/ptII/ptolemy/domains/continuous/test/auto/SigmaDelta.xml
----------------- Instantiating /home/travis/build/icyphy/ptII/ptolemy/domains/continuous/test/auto/SigmaDelta.xml
1936 ms. Memory: 349184K Free: 265259K (76%)
----------------- Invoking toplevel() on ptolemy.moml.MoMLSimpleApplication@56a6f54e
----------------- Done invoking toplevel() on ptolemy.moml.MoMLSimpleApplication@56a6f54e
reloadAllAccessors: .SigmaDelta

===========================================================================================
----------------- testing Mon Jun 29 15:34:27 UTC 2020 /home/travis/build/icyphy/ptII/ptolemy/domains/continuous/test/auto/SingleRefinement.xml
----------------- Instantiating /home/travis/build/icyphy/ptII/ptolemy/domains/continuous/test/auto/SingleRefinement.xml
285 ms. Memory: 349184K Free: 289796K (83%)
----------------- Invoking toplevel() on ptolemy.moml.MoMLSimpleApplication@65d36fa9
----------------- Done invoking toplevel() on ptolemy.moml.MoMLSimpleApplication@65d36fa9
reloadAllAccessors: .SingleRefinement

===========================================================================================
----------------- testing Mon Jun 29 15:34:28 UTC 2020 /home/travis/build/icyphy/ptII/ptolemy/domains/continuous/test/auto/SinuBouncingBall.xml
----------------- Instantiating /home/travis/build/icyphy/ptII/ptolemy/domains/continuous/test/auto/SinuBouncingBall.xml
718 ms. Memory: 349184K Free: 279702K (80%)
----------------- Invoking toplevel() on ptolemy.moml.MoMLSimpleApplication@628a07a5
----------------- Done invoking toplevel() on ptolemy.moml.MoMLSimpleApplication@628a07a5
reloadAllAccessors: .SinuBouncingBall

===========================================================================================
----------------- testing Mon Jun 29 15:34:29 UTC 2020 /home/travis/build/icyphy/ptII/ptolemy/domains/continuous/test/auto/Sinusoid.xml
----------------- Instantiating /home/travis/build/icyphy/ptII/ptolemy/domains/continuous/test/auto/Sinusoid.xml
4 ms. Memory: 349184K Free: 275077K (79%)
----------------- Invoking toplevel() on ptolemy.moml.MoMLSimpleApplication@417d9d44
----------------- Done invoking toplevel() on ptolemy.moml.MoMLSimpleApplication@417d9d44
reloadAllAccessors: .Sinusoid

===========================================================================================
----------------- testing Mon Jun 29 15:34:29 UTC 2020 /home/travis/build/icyphy/ptII/ptolemy/domains/continuous/test/auto/SinusoidInNoise.xml
----------------- Instantiating /home/travis/build/icyphy/ptII/ptolemy/domains/continuous/test/auto/SinusoidInNoise.xml
666 ms. Memory: 349184K Free: 140438K (40%)
----------------- Invoking toplevel() on ptolemy.moml.MoMLSimpleApplication@b51e769
----------------- Done invoking toplevel() on ptolemy.moml.MoMLSimpleApplication@b51e769
reloadAllAccessors: .SinusoidInNoise

===========================================================================================
----------------- testing Mon Jun 29 15:34:29 UTC 2020 /home/travis/build/icyphy/ptII/ptolemy/domains/continuous/test/auto/SinusoidRK45.xml
----------------- Instantiating /home/travis/build/icyphy/ptII/ptolemy/domains/continuous/test/auto/SinusoidRK45.xml
2 ms. Memory: 349184K Free: 136342K (39%)
----------------- Invoking toplevel() on ptolemy.moml.MoMLSimpleApplication@6d5f0c3f
----------------- Done invoking toplevel() on ptolemy.moml.MoMLSimpleApplication@6d5f0c3f
reloadAllAccessors: .SinusoidRK45

===========================================================================================
----------------- testing Mon Jun 29 15:34:29 UTC 2020 /home/travis/build/icyphy/ptII/ptolemy/domains/continuous/test/auto/SinusoidWithMultipleImpulses.xml
----------------- Instantiating /home/travis/build/icyphy/ptII/ptolemy/domains/continuous/test/auto/SinusoidWithMultipleImpulses.xml
3 ms. Memory: 349184K Free: 131732K (38%)
----------------- Invoking toplevel() on ptolemy.moml.MoMLSimpleApplication@6ef07402
----------------- Done invoking toplevel() on ptolemy.moml.MoMLSimpleApplication@6ef07402
reloadAllAccessors: .SinusoidWithMultipleImpulses

===========================================================================================
----------------- testing Mon Jun 29 15:34:29 UTC 2020 /home/travis/build/icyphy/ptII/ptolemy/domains/continuous/test/auto/SquareWave.xml
----------------- Instantiating /home/travis/build/icyphy/ptII/ptolemy/domains/continuous/test/auto/SquareWave.xml
134 ms. Memory: 349184K Free: 312348K (89%)
----------------- Invoking toplevel() on ptolemy.moml.MoMLSimpleApplication@b772c71
----------------- Done invoking toplevel() on ptolemy.moml.MoMLSimpleApplication@b772c71
reloadAllAccessors: .SquareWave

===========================================================================================
----------------- testing Mon Jun 29 15:34:29 UTC 2020 /home/travis/build/icyphy/ptII/ptolemy/domains/continuous/test/auto/Starmac.xml
----------------- Instantiating /home/travis/build/icyphy/ptII/ptolemy/domains/continuous/test/auto/Starmac.xml
3064 ms. Memory: 349184K Free: 202848K (58%)
----------------- Invoking toplevel() on ptolemy.moml.MoMLSimpleApplication@5f75138b
----------------- Done invoking toplevel() on ptolemy.moml.MoMLSimpleApplication@5f75138b
reloadAllAccessors: .Starmac

===========================================================================================
----------------- testing Mon Jun 29 15:34:33 UTC 2020 /home/travis/build/icyphy/ptII/ptolemy/domains/continuous/test/auto/StaticUnits.xml
----------------- Instantiating /home/travis/build/icyphy/ptII/ptolemy/domains/continuous/test/auto/StaticUnits.xml
1688 ms. Memory: 349184K Free: 154630K (44%)
----------------- Invoking toplevel() on ptolemy.moml.MoMLSimpleApplication@39a3af4
----------------- Done invoking toplevel() on ptolemy.moml.MoMLSimpleApplication@39a3af4
reloadAllAccessors: .StaticUnits

===========================================================================================
----------------- testing Mon Jun 29 15:34:35 UTC 2020 /home/travis/build/icyphy/ptII/ptolemy/domains/continuous/test/auto/StickyMasses.xml
----------------- Instantiating /home/travis/build/icyphy/ptII/ptolemy/domains/continuous/test/auto/StickyMasses.xml
155 ms. Memory: 349184K Free: 308226K (88%)
----------------- Invoking toplevel() on ptolemy.moml.MoMLSimpleApplication@3e330496
----------------- Done invoking toplevel() on ptolemy.moml.MoMLSimpleApplication@3e330496
reloadAllAccessors: .StickyMasses

===========================================================================================
----------------- testing Mon Jun 29 15:34:35 UTC 2020 /home/travis/build/icyphy/ptII/ptolemy/domains/continuous/test/auto/StopTime.xml
----------------- Instantiating /home/travis/build/icyphy/ptII/ptolemy/domains/continuous/test/auto/StopTime.xml
44 ms. Memory: 349184K Free: 282626K (81%)
----------------- Invoking toplevel() on ptolemy.moml.MoMLSimpleApplication@1b2b6041
----------------- Done invoking toplevel() on ptolemy.moml.MoMLSimpleApplication@1b2b6041
reloadAllAccessors: .StopTime

===========================================================================================
----------------- testing Mon Jun 29 15:34:35 UTC 2020 /home/travis/build/icyphy/ptII/ptolemy/domains/continuous/test/auto/StopTime2.xml
----------------- Instantiating /home/travis/build/icyphy/ptII/ptolemy/domains/continuous/test/auto/StopTime2.xml
33 ms. Memory: 349184K Free: 260608K (75%)
----------------- Invoking toplevel() on ptolemy.moml.MoMLSimpleApplication@3a5cd341
----------------- Done invoking toplevel() on ptolemy.moml.MoMLSimpleApplication@3a5cd341
reloadAllAccessors: .StopTime2

===========================================================================================
----------------- testing Mon Jun 29 15:34:35 UTC 2020 /home/travis/build/icyphy/ptII/ptolemy/domains/continuous/test/auto/Switch.xml
----------------- Instantiating /home/travis/build/icyphy/ptII/ptolemy/domains/continuous/test/auto/Switch.xml
42 ms. Memory: 349184K Free: 235522K (67%)
----------------- Invoking toplevel() on ptolemy.moml.MoMLSimpleApplication@318e777f
----------------- Done invoking toplevel() on ptolemy.moml.MoMLSimpleApplication@318e777f
reloadAllAccessors: .Switch

===========================================================================================
----------------- testing Mon Jun 29 15:34:36 UTC 2020 /home/travis/build/icyphy/ptII/ptolemy/domains/continuous/test/auto/Thermostat.xml
----------------- Instantiating /home/travis/build/icyphy/ptII/ptolemy/domains/continuous/test/auto/Thermostat.xml
176 ms. Memory: 349184K Free: 163313K (47%)
----------------- Invoking toplevel() on ptolemy.moml.MoMLSimpleApplication@3f46b09e
----------------- Done invoking toplevel() on ptolemy.moml.MoMLSimpleApplication@3f46b09e
reloadAllAccessors: .Thermostat

===========================================================================================
----------------- testing Mon Jun 29 15:34:36 UTC 2020 /home/travis/build/icyphy/ptII/ptolemy/domains/continuous/test/auto/TimeDelay.xml
----------------- Instantiating /home/travis/build/icyphy/ptII/ptolemy/domains/continuous/test/auto/TimeDelay.xml
5 ms. Memory: 349184K Free: 158722K (45%)
----------------- Invoking toplevel() on ptolemy.moml.MoMLSimpleApplication@337e943d
----------------- Done invoking toplevel() on ptolemy.moml.MoMLSimpleApplication@337e943d
reloadAllAccessors: .TimeDelay

===========================================================================================
----------------- testing Mon Jun 29 15:34:36 UTC 2020 /home/travis/build/icyphy/ptII/ptolemy/domains/continuous/test/auto/TimeDelay2.xml
----------------- Instantiating /home/travis/build/icyphy/ptII/ptolemy/domains/continuous/test/auto/TimeDelay2.xml
7 ms. Memory: 349184K Free: 148992K (43%)
----------------- Invoking toplevel() on ptolemy.moml.MoMLSimpleApplication@17f8cd51
----------------- Done invoking toplevel() on ptolemy.moml.MoMLSimpleApplication@17f8cd51
reloadAllAccessors: .TimeDelay2

===========================================================================================
----------------- testing Mon Jun 29 15:34:36 UTC 2020 /home/travis/build/icyphy/ptII/ptolemy/domains/continuous/test/auto/TimeDelay3.xml
----------------- Instantiating /home/travis/build/icyphy/ptII/ptolemy/domains/continuous/test/auto/TimeDelay3.xml
4 ms. Memory: 349184K Free: 144386K (41%)
----------------- Invoking toplevel() on ptolemy.moml.MoMLSimpleApplication@6cc0d789
----------------- Done invoking toplevel() on ptolemy.moml.MoMLSimpleApplication@6cc0d789
reloadAllAccessors: .TimeDelay3

===========================================================================================
----------------- testing Mon Jun 29 15:34:36 UTC 2020 /home/travis/build/icyphy/ptII/ptolemy/domains/continuous/test/auto/TransferAbsentToInside.xml
----------------- Instantiating /home/travis/build/icyphy/ptII/ptolemy/domains/continuous/test/auto/TransferAbsentToInside.xml
26 ms. Memory: 349184K Free: 293807K (84%)
----------------- Invoking toplevel() on ptolemy.moml.MoMLSimpleApplication@7323b967
----------------- Done invoking toplevel() on ptolemy.moml.MoMLSimpleApplication@7323b967
reloadAllAccessors: .TransferAbsentToInside

===========================================================================================
----------------- testing Mon Jun 29 15:34:36 UTC 2020 /home/travis/build/icyphy/ptII/ptolemy/domains/continuous/test/auto/Transmission.xml
----------------- Instantiating /home/travis/build/icyphy/ptII/ptolemy/domains/continuous/test/auto/Transmission.xml
761 ms. Memory: 349184K Free: 265641K (76%)
----------------- Invoking toplevel() on ptolemy.moml.MoMLSimpleApplication@115fcef9
----------------- Done invoking toplevel() on ptolemy.moml.MoMLSimpleApplication@115fcef9
reloadAllAccessors: .Transmission

===========================================================================================
----------------- testing Mon Jun 29 15:34:37 UTC 2020 /home/travis/build/icyphy/ptII/ptolemy/domains/continuous/test/auto/TriggeredContinuousClock.xml
----------------- Instantiating /home/travis/build/icyphy/ptII/ptolemy/domains/continuous/test/auto/TriggeredContinuousClock.xml
39 ms. Memory: 349184K Free: 235931K (68%)
----------------- Invoking toplevel() on ptolemy.moml.MoMLSimpleApplication@639458db
----------------- Done invoking toplevel() on ptolemy.moml.MoMLSimpleApplication@639458db
reloadAllAccessors: .TriggeredContinuousClock

===========================================================================================
----------------- testing Mon Jun 29 15:34:37 UTC 2020 /home/travis/build/icyphy/ptII/ptolemy/domains/continuous/test/auto/TwoMachineInfiniteBusControl.xml
----------------- Instantiating /home/travis/build/icyphy/ptII/ptolemy/domains/continuous/test/auto/TwoMachineInfiniteBusControl.xml
2453 ms. Memory: 349184K Free: 276175K (79%)
----------------- Invoking toplevel() on ptolemy.moml.MoMLSimpleApplication@9f08cc6
----------------- Done invoking toplevel() on ptolemy.moml.MoMLSimpleApplication@9f08cc6
reloadAllAccessors: .TwoMachineInfiniteBusControl

===========================================================================================
----------------- testing Mon Jun 29 15:34:39 UTC 2020 /home/travis/build/icyphy/ptII/ptolemy/domains/continuous/test/auto/V2V.xml
----------------- Instantiating /home/travis/build/icyphy/ptII/ptolemy/domains/continuous/test/auto/V2V.xml
767 ms. Memory: 349184K Free: 290675K (83%)
----------------- Invoking toplevel() on ptolemy.moml.MoMLSimpleApplication@16fbc3ae
----------------- Done invoking toplevel() on ptolemy.moml.MoMLSimpleApplication@16fbc3ae
reloadAllAccessors: .V2V

===========================================================================================
----------------- testing Mon Jun 29 15:34:40 UTC 2020 /home/travis/build/icyphy/ptII/ptolemy/domains/continuous/test/auto/hierarchicalModalModel.xml
----------------- Instantiating /home/travis/build/icyphy/ptII/ptolemy/domains/continuous/test/auto/hierarchicalModalModel.xml
7 ms. Memory: 349184K Free: 276339K (79%)
----------------- Invoking toplevel() on ptolemy.moml.MoMLSimpleApplication@2d6503aa
----------------- Done invoking toplevel() on ptolemy.moml.MoMLSimpleApplication@2d6503aa
reloadAllAccessors: .hierarchicalModalModel

===========================================================================================
----------------- testing Mon Jun 29 15:34:40 UTC 2020 /home/travis/build/icyphy/ptII/ptolemy/domains/continuous/test/auto/hierarchicalModalModel1.xml
----------------- Instantiating /home/travis/build/icyphy/ptII/ptolemy/domains/continuous/test/auto/hierarchicalModalModel1.xml
7 ms. Memory: 349184K Free: 261493K (75%)
----------------- Invoking toplevel() on ptolemy.moml.MoMLSimpleApplication@34f6e2cc
----------------- Done invoking toplevel() on ptolemy.moml.MoMLSimpleApplication@34f6e2cc
reloadAllAccessors: .hierarchicalModalModel1

===========================================================================================
----------------- testing Mon Jun 29 15:34:40 UTC 2020 /home/travis/build/icyphy/ptII/ptolemy/domains/continuous/test/auto/hierarchicalModalModel2.xml
----------------- Instantiating /home/travis/build/icyphy/ptII/ptolemy/domains/continuous/test/auto/hierarchicalModalModel2.xml
6 ms. Memory: 349184K Free: 249205K (71%)
----------------- Invoking toplevel() on ptolemy.moml.MoMLSimpleApplication@6f59639
----------------- Done invoking toplevel() on ptolemy.moml.MoMLSimpleApplication@6f59639
reloadAllAccessors: .hierarchicalModalModel2

===========================================================================================
----------------- testing Mon Jun 29 15:34:40 UTC 2020 /home/travis/build/icyphy/ptII/ptolemy/domains/continuous/test/auto/hierarchicalModalModel3.xml
----------------- Instantiating /home/travis/build/icyphy/ptII/ptolemy/domains/continuous/test/auto/hierarchicalModalModel3.xml
5 ms. Memory: 349184K Free: 238451K (68%)
----------------- Invoking toplevel() on ptolemy.moml.MoMLSimpleApplication@cfc8915
----------------- Done invoking toplevel() on ptolemy.moml.MoMLSimpleApplication@cfc8915
reloadAllAccessors: .hierarchicalModalModel3

===========================================================================================
----------------- testing Mon Jun 29 15:34:40 UTC 2020 /home/travis/build/icyphy/ptII/ptolemy/domains/continuous/test/auto/hierarchicalModalModel4.xml
----------------- Instantiating /home/travis/build/icyphy/ptII/ptolemy/domains/continuous/test/auto/hierarchicalModalModel4.xml
6 ms. Memory: 349184K Free: 226677K (65%)
----------------- Invoking toplevel() on ptolemy.moml.MoMLSimpleApplication@1d6b1074
----------------- Done invoking toplevel() on ptolemy.moml.MoMLSimpleApplication@1d6b1074
reloadAllAccessors: .hierarchicalModalModel4

===========================================================================================
----------------- testing Mon Jun 29 15:34:40 UTC 2020 /home/travis/build/icyphy/ptII/ptolemy/domains/continuous/test/auto/junk.xml
----------------- Instantiating /home/travis/build/icyphy/ptII/ptolemy/domains/continuous/test/auto/junk.xml
107 ms. Memory: 349184K Free: 201587K (58%)
----------------- Invoking toplevel() on ptolemy.moml.MoMLSimpleApplication@b0090a8
----------------- Done invoking toplevel() on ptolemy.moml.MoMLSimpleApplication@b0090a8
reloadAllAccessors: .junk
AutoTests.java: About to close Vertx.
AutoTests.java: Vertx closed.
]]></system-out>
  <system-err><![CDATA[Warning: '.HysteresisWithRandomDelay.NonStrictTest' The test produced only 221 tokens, yet the correctValues parameter was expecting 222 tokens.
Warning: '.HysteresisWithRandomDelay.NonStrictTest2' The test produced only 220 tokens, yet the correctValues parameter was expecting 221 tokens.
Warning: '.Poisson.NonStrictTest' The test produced only 400 tokens, yet the correctValues parameter was expecting 430 tokens.
]]></system-err>
</testsuite>
