<?xml version="1.0" encoding="UTF-8" ?>
<testsuite errors="0" failures="0" hostname="travis-job-9e09afa4-28ac-483f-93df-06d2394f92c5" name="ptolemy.domains.de.test.junit.JUnitTclTest" skipped="0" tests="101" time="129.575" timestamp="2018-10-23T02:37:26">
  <properties>
[...]
</properties>
  <testcase classname="ptolemy.util.test.junit.TclTests" name="[0] /home/travis/build/icyphy/ptII/ptolemy/domains/de/test/DependencyLoop.tcl (RunTclFile)" time="0.803" />
  <testcase classname="ptolemy.util.test.junit.TclTests" name="[1] /home/travis/build/icyphy/ptII/ptolemy/domains/de/test/RunDETestsAsQSS.tcl (RunTclFile)" time="88.921" />
  <testcase classname="ptolemy.util.test.junit.AutoKnownFailedTests" name="[0] /home/travis/build/icyphy/ptII/ptolemy/domains/de/test/auto/knownFailedTests/DESDFClockTest.xml (RunModel)" time="2.036" />
  <testcase classname="ptolemy.util.test.junit.AutoKnownFailedTests" name="[1] /home/travis/build/icyphy/ptII/ptolemy/domains/de/test/auto/knownFailedTests/DirectFeedback.xml (RunModel)" time="0.01" />
  <testcase classname="ptolemy.util.test.junit.AutoKnownFailedTests" name="[2] /home/travis/build/icyphy/ptII/ptolemy/domains/de/test/auto/knownFailedTests/FSMSource.xml (RunModel)" time="0.025" />
  <testcase classname="ptolemy.util.test.junit.AutoKnownFailedTests" name="[3] /home/travis/build/icyphy/ptII/ptolemy/domains/de/test/auto/knownFailedTests/HierarchicalModel.xml (RunModel)" time="0.04" />
  <testcase classname="ptolemy.util.test.junit.AutoKnownFailedTests" name="[4] /home/travis/build/icyphy/ptII/ptolemy/domains/de/test/auto/knownFailedTests/dependencyLoop.xml (RunModel)" time="0.038" />
  <testcase classname="ptolemy.util.test.junit.AutoKnownFailedTests" name="[5] /home/travis/build/icyphy/ptII/ptolemy/domains/de/test/auto/knownFailedTests/dependencyLoop2.xml (RunModel)" time="0.024" />
  <testcase classname="ptolemy.util.test.junit.AutoNameArchTests" name="[0] ThereAreNoAutoArchTests (RunModel)" time="0.005" />
  <testcase classname="ptolemy.util.test.junit.AutoTests" name="[0] /home/travis/build/icyphy/ptII/ptolemy/domains/de/test/auto/ActorDepthCalculation_actorWithoutPorts.xml (RunModel)" time="0.018" />
  <testcase classname="ptolemy.util.test.junit.AutoTests" name="[1] /home/travis/build/icyphy/ptII/ptolemy/domains/de/test/auto/AssemblyLine.xml (RunModel)" time="0.018" />
  <testcase classname="ptolemy.util.test.junit.AutoTests" name="[2] /home/travis/build/icyphy/ptII/ptolemy/domains/de/test/auto/CQBug1.xml (RunModel)" time="0.007" />
  <testcase classname="ptolemy.util.test.junit.AutoTests" name="[3] /home/travis/build/icyphy/ptII/ptolemy/domains/de/test/auto/CancelFireAt.xml (RunModel)" time="0.006" />
  <testcase classname="ptolemy.util.test.junit.AutoTests" name="[4] /home/travis/build/icyphy/ptII/ptolemy/domains/de/test/auto/CausalityAndComposabilityAnalysis.xml (RunModel)" time="0.011" />
  <testcase classname="ptolemy.util.test.junit.AutoTests" name="[5] /home/travis/build/icyphy/ptII/ptolemy/domains/de/test/auto/CausalityInterface1.xml (RunModel)" time="0.012" />
  <testcase classname="ptolemy.util.test.junit.AutoTests" name="[6] /home/travis/build/icyphy/ptII/ptolemy/domains/de/test/auto/CausalityInterface15.xml (RunModel)" time="0.013" />
  <testcase classname="ptolemy.util.test.junit.AutoTests" name="[7] /home/travis/build/icyphy/ptII/ptolemy/domains/de/test/auto/CausalityInterface2.xml (RunModel)" time="0.01" />
  <testcase classname="ptolemy.util.test.junit.AutoTests" name="[8] /home/travis/build/icyphy/ptII/ptolemy/domains/de/test/auto/CausalityInterface3.xml (RunModel)" time="0.011" />
  <testcase classname="ptolemy.util.test.junit.AutoTests" name="[9] /home/travis/build/icyphy/ptII/ptolemy/domains/de/test/auto/ClockDrift.xml (RunModel)" time="0.032" />
  <testcase classname="ptolemy.util.test.junit.AutoTests" name="[10] /home/travis/build/icyphy/ptII/ptolemy/domains/de/test/auto/ClockDriftAndValueChange.xml (RunModel)" time="0.029" />
  <testcase classname="ptolemy.util.test.junit.AutoTests" name="[11] /home/travis/build/icyphy/ptII/ptolemy/domains/de/test/auto/ClockDriftChange.xml (RunModel)" time="0.03" />
  <testcase classname="ptolemy.util.test.junit.AutoTests" name="[12] /home/travis/build/icyphy/ptII/ptolemy/domains/de/test/auto/ComposableCausalityAnalysis.xml (RunModel)" time="0.012" />
  <testcase classname="ptolemy.util.test.junit.AutoTests" name="[13] /home/travis/build/icyphy/ptII/ptolemy/domains/de/test/auto/DEFixedPointLimitation.xml (RunModel)" time="0.014" />
  <testcase classname="ptolemy.util.test.junit.AutoTests" name="[14] /home/travis/build/icyphy/ptII/ptolemy/domains/de/test/auto/DEScheduleTest.xml (RunModel)" time="0.033" />
  <testcase classname="ptolemy.util.test.junit.AutoTests" name="[15] /home/travis/build/icyphy/ptII/ptolemy/domains/de/test/auto/DEinDEwithStartTimes.xml (RunModel)" time="0.015" />
  <testcase classname="ptolemy.util.test.junit.AutoTests" name="[16] /home/travis/build/icyphy/ptII/ptolemy/domains/de/test/auto/DEinDEwithStartTimes2.xml (RunModel)" time="0.015" />
  <testcase classname="ptolemy.util.test.junit.AutoTests" name="[17] /home/travis/build/icyphy/ptII/ptolemy/domains/de/test/auto/DateDemo.xml (RunModel)" time="0.029" />
  <testcase classname="ptolemy.util.test.junit.AutoTests" name="[18] /home/travis/build/icyphy/ptII/ptolemy/domains/de/test/auto/DateToEvent.xml (RunModel)" time="2.036" />
  <testcase classname="ptolemy.util.test.junit.AutoTests" name="[19] /home/travis/build/icyphy/ptII/ptolemy/domains/de/test/auto/DepthTest1.xml (RunModel)" time="0.007" />
  <testcase classname="ptolemy.util.test.junit.AutoTests" name="[20] /home/travis/build/icyphy/ptII/ptolemy/domains/de/test/auto/DepthTest2.xml (RunModel)" time="0.017" />
  <testcase classname="ptolemy.util.test.junit.AutoTests" name="[21] /home/travis/build/icyphy/ptII/ptolemy/domains/de/test/auto/DepthTest3.xml (RunModel)" time="0.007" />
  <testcase classname="ptolemy.util.test.junit.AutoTests" name="[22] /home/travis/build/icyphy/ptII/ptolemy/domains/de/test/auto/DepthTest4.xml (RunModel)" time="0.012" />
  <testcase classname="ptolemy.util.test.junit.AutoTests" name="[23] /home/travis/build/icyphy/ptII/ptolemy/domains/de/test/auto/DepthTest5.xml (RunModel)" time="0.013" />
  <testcase classname="ptolemy.util.test.junit.AutoTests" name="[24] /home/travis/build/icyphy/ptII/ptolemy/domains/de/test/auto/DepthTest6.xml (RunModel)" time="0.013" />
  <testcase classname="ptolemy.util.test.junit.AutoTests" name="[25] /home/travis/build/icyphy/ptII/ptolemy/domains/de/test/auto/DepthTest7.xml (RunModel)" time="0.011" />
  <testcase classname="ptolemy.util.test.junit.AutoTests" name="[26] /home/travis/build/icyphy/ptII/ptolemy/domains/de/test/auto/EventToDate.xml (RunModel)" time="3.032" />
  <testcase classname="ptolemy.util.test.junit.AutoTests" name="[27] /home/travis/build/icyphy/ptII/ptolemy/domains/de/test/auto/FSM1.xml (RunModel)" time="0.028" />
  <testcase classname="ptolemy.util.test.junit.AutoTests" name="[28] /home/travis/build/icyphy/ptII/ptolemy/domains/de/test/auto/FSM7.xml (RunModel)" time="0.037" />
  <testcase classname="ptolemy.util.test.junit.AutoTests" name="[29] /home/travis/build/icyphy/ptII/ptolemy/domains/de/test/auto/Inspection.xml (RunModel)" time="0.046" />
  <testcase classname="ptolemy.util.test.junit.AutoTests" name="[30] /home/travis/build/icyphy/ptII/ptolemy/domains/de/test/auto/Iteration.xml (RunModel)" time="0.027" />
  <testcase classname="ptolemy.util.test.junit.AutoTests" name="[31] /home/travis/build/icyphy/ptII/ptolemy/domains/de/test/auto/LineFault.xml (RunModel)" time="0.58" />
  <testcase classname="ptolemy.util.test.junit.AutoTests" name="[32] /home/travis/build/icyphy/ptII/ptolemy/domains/de/test/auto/MergeModel1Add.xml (RunModel)" time="0.041" />
  <testcase classname="ptolemy.util.test.junit.AutoTests" name="[33] /home/travis/build/icyphy/ptII/ptolemy/domains/de/test/auto/MergeModel2Add.xml (RunModel)" time="0.039" />
  <testcase classname="ptolemy.util.test.junit.AutoTests" name="[34] /home/travis/build/icyphy/ptII/ptolemy/domains/de/test/auto/MergeModel3Add.xml (RunModel)" time="0.038" />
  <testcase classname="ptolemy.util.test.junit.AutoTests" name="[35] /home/travis/build/icyphy/ptII/ptolemy/domains/de/test/auto/MergeWithoutDiscard.xml (RunModel)" time="0.01" />
  <testcase classname="ptolemy.util.test.junit.AutoTests" name="[36] /home/travis/build/icyphy/ptII/ptolemy/domains/de/test/auto/Modal1.xml (RunModel)" time="0.028" />
  <testcase classname="ptolemy.util.test.junit.AutoTests" name="[37] /home/travis/build/icyphy/ptII/ptolemy/domains/de/test/auto/Modal2.xml (RunModel)" time="0.027" />
  <testcase classname="ptolemy.util.test.junit.AutoTests" name="[38] /home/travis/build/icyphy/ptII/ptolemy/domains/de/test/auto/Modal3.xml (RunModel)" time="0.027" />
  <testcase classname="ptolemy.util.test.junit.AutoTests" name="[39] /home/travis/build/icyphy/ptII/ptolemy/domains/de/test/auto/Modal4.xml (RunModel)" time="0.037" />
  <testcase classname="ptolemy.util.test.junit.AutoTests" name="[40] /home/travis/build/icyphy/ptII/ptolemy/domains/de/test/auto/Modal5.xml (RunModel)" time="0.027" />
  <testcase classname="ptolemy.util.test.junit.AutoTests" name="[41] /home/travis/build/icyphy/ptII/ptolemy/domains/de/test/auto/Modal6.xml (RunModel)" time="0.025" />
  <testcase classname="ptolemy.util.test.junit.AutoTests" name="[42] /home/travis/build/icyphy/ptII/ptolemy/domains/de/test/auto/Modal7.xml (RunModel)" time="0.026" />
  <testcase classname="ptolemy.util.test.junit.AutoTests" name="[43] /home/travis/build/icyphy/ptII/ptolemy/domains/de/test/auto/ModalModel.xml (RunModel)" time="0.135" />
  <testcase classname="ptolemy.util.test.junit.AutoTests" name="[44] /home/travis/build/icyphy/ptII/ptolemy/domains/de/test/auto/ModalSource.xml (RunModel)" time="0.016" />
  <testcase classname="ptolemy.util.test.junit.AutoTests" name="[45] /home/travis/build/icyphy/ptII/ptolemy/domains/de/test/auto/NonInterruptibleTimerZeroDelay.xml (RunModel)" time="0.008" />
  <testcase classname="ptolemy.util.test.junit.AutoTests" name="[46] /home/travis/build/icyphy/ptII/ptolemy/domains/de/test/auto/OpenQueueingNetwork.xml (RunModel)" time="2.16" />
  <testcase classname="ptolemy.util.test.junit.AutoTests" name="[47] /home/travis/build/icyphy/ptII/ptolemy/domains/de/test/auto/OpenQueuingNetwork.xml (RunModel)" time="0.264" />
  <testcase classname="ptolemy.util.test.junit.AutoTests" name="[48] /home/travis/build/icyphy/ptII/ptolemy/domains/de/test/auto/PeriodicSampler.xml (RunModel)" time="0.008" />
  <testcase classname="ptolemy.util.test.junit.AutoTests" name="[49] /home/travis/build/icyphy/ptII/ptolemy/domains/de/test/auto/PersistentIO.xml (RunModel)" time="0.018" />
  <testcase classname="ptolemy.util.test.junit.AutoTests" name="[50] /home/travis/build/icyphy/ptII/ptolemy/domains/de/test/auto/PortParameterResetOnInitialize.xml (RunModel)" time="0.008" />
  <testcase classname="ptolemy.util.test.junit.AutoTests" name="[51] /home/travis/build/icyphy/ptII/ptolemy/domains/de/test/auto/PortParameterUpdates.xml (RunModel)" time="0.013" />
  <testcase classname="ptolemy.util.test.junit.AutoTests" name="[52] /home/travis/build/icyphy/ptII/ptolemy/domains/de/test/auto/QueueAndServer.xml (RunModel)" time="0.021" />
  <testcase classname="ptolemy.util.test.junit.AutoTests" name="[53] /home/travis/build/icyphy/ptII/ptolemy/domains/de/test/auto/Records.xml (RunModel)" time="0.013" />
  <testcase classname="ptolemy.util.test.junit.AutoTests" name="[54] /home/travis/build/icyphy/ptII/ptolemy/domains/de/test/auto/ResetTransitionWithStartTime1.xml (RunModel)" time="0.018" />
  <testcase classname="ptolemy.util.test.junit.AutoTests" name="[55] /home/travis/build/icyphy/ptII/ptolemy/domains/de/test/auto/ResetTransitionWithStartTime2.xml (RunModel)" time="0.018" />
  <testcase classname="ptolemy.util.test.junit.AutoTests" name="[56] /home/travis/build/icyphy/ptII/ptolemy/domains/de/test/auto/ResetTransitionWithStartTime3.xml (RunModel)" time="0.02" />
  <testcase classname="ptolemy.util.test.junit.AutoTests" name="[57] /home/travis/build/icyphy/ptII/ptolemy/domains/de/test/auto/ResetTransitionWithStartTime4.xml (RunModel)" time="0.019" />
  <testcase classname="ptolemy.util.test.junit.AutoTests" name="[58] /home/travis/build/icyphy/ptII/ptolemy/domains/de/test/auto/ResettableTimer1.xml (RunModel)" time="0.011" />
  <testcase classname="ptolemy.util.test.junit.AutoTests" name="[59] /home/travis/build/icyphy/ptII/ptolemy/domains/de/test/auto/ResettableTimer2.xml (RunModel)" time="0.009" />
  <testcase classname="ptolemy.util.test.junit.AutoTests" name="[60] /home/travis/build/icyphy/ptII/ptolemy/domains/de/test/auto/ResettableTimer3.xml (RunModel)" time="0.01" />
  <testcase classname="ptolemy.util.test.junit.AutoTests" name="[61] /home/travis/build/icyphy/ptII/ptolemy/domains/de/test/auto/ResettableTimer4.xml (RunModel)" time="0.01" />
  <testcase classname="ptolemy.util.test.junit.AutoTests" name="[62] /home/travis/build/icyphy/ptII/ptolemy/domains/de/test/auto/ResettableTimer5.xml (RunModel)" time="0.011" />
  <testcase classname="ptolemy.util.test.junit.AutoTests" name="[63] /home/travis/build/icyphy/ptII/ptolemy/domains/de/test/auto/ResettableTimer6.xml (RunModel)" time="0.015" />
  <testcase classname="ptolemy.util.test.junit.AutoTests" name="[64] /home/travis/build/icyphy/ptII/ptolemy/domains/de/test/auto/ServerZeroDelay.xml (RunModel)" time="0.018" />
  <testcase classname="ptolemy.util.test.junit.AutoTests" name="[65] /home/travis/build/icyphy/ptII/ptolemy/domains/de/test/auto/SmartSender.xml (RunModel)" time="3.008" />
  <testcase classname="ptolemy.util.test.junit.AutoTests" name="[66] /home/travis/build/icyphy/ptII/ptolemy/domains/de/test/auto/ThreadedComposite.xml (RunModel)" time="0.198" />
  <testcase classname="ptolemy.util.test.junit.AutoTests" name="[67] /home/travis/build/icyphy/ptII/ptolemy/domains/de/test/auto/Time.xml (RunModel)" time="0.427" />
  <testcase classname="ptolemy.util.test.junit.AutoTests" name="[68] /home/travis/build/icyphy/ptII/ptolemy/domains/de/test/auto/TimeDelayZeroDelay.xml (RunModel)" time="0.009" />
  <testcase classname="ptolemy.util.test.junit.AutoTests" name="[69] /home/travis/build/icyphy/ptII/ptolemy/domains/de/test/auto/TimerZeroDelay.xml (RunModel)" time="0.012" />
  <testcase classname="ptolemy.util.test.junit.AutoTests" name="[70] /home/travis/build/icyphy/ptII/ptolemy/domains/de/test/auto/TimingParadox.xml (RunModel)" time="0.358" />
  <testcase classname="ptolemy.util.test.junit.AutoTests" name="[71] /home/travis/build/icyphy/ptII/ptolemy/domains/de/test/auto/TransferInputs.xml (RunModel)" time="0.009" />
  <testcase classname="ptolemy.util.test.junit.AutoTests" name="[72] /home/travis/build/icyphy/ptII/ptolemy/domains/de/test/auto/TransferOutputs2.xml (RunModel)" time="0.014" />
  <testcase classname="ptolemy.util.test.junit.AutoTests" name="[73] /home/travis/build/icyphy/ptII/ptolemy/domains/de/test/auto/Trilateration.xml (RunModel)" time="11.639" />
  <testcase classname="ptolemy.util.test.junit.AutoTests" name="[74] /home/travis/build/icyphy/ptII/ptolemy/domains/de/test/auto/TwoSigmaDelta.xml (RunModel)" time="2.16" />
  <testcase classname="ptolemy.util.test.junit.AutoTests" name="[75] /home/travis/build/icyphy/ptII/ptolemy/domains/de/test/auto/VariableDelay.xml (RunModel)" time="0.011" />
  <testcase classname="ptolemy.util.test.junit.AutoTests" name="[76] /home/travis/build/icyphy/ptII/ptolemy/domains/de/test/auto/VariableDelay2.xml (RunModel)" time="0.009" />
  <testcase classname="ptolemy.util.test.junit.AutoTests" name="[77] /home/travis/build/icyphy/ptII/ptolemy/domains/de/test/auto/VariableDelayZeroDelay.xml (RunModel)" time="0.009" />
  <testcase classname="ptolemy.util.test.junit.AutoTests" name="[78] /home/travis/build/icyphy/ptII/ptolemy/domains/de/test/auto/VariableDelayZeroDelay2.xml (RunModel)" time="0.011" />
  <testcase classname="ptolemy.util.test.junit.AutoTests" name="[79] /home/travis/build/icyphy/ptII/ptolemy/domains/de/test/auto/deInCt.xml (RunModel)" time="0.019" />
  <testcase classname="ptolemy.util.test.junit.AutoTests" name="[80] /home/travis/build/icyphy/ptII/ptolemy/domains/de/test/auto/deInCt2.xml (RunModel)" time="0.014" />
  <testcase classname="ptolemy.util.test.junit.AutoTests" name="[81] /home/travis/build/icyphy/ptII/ptolemy/domains/de/test/auto/dynamicCausalityInterface1.xml (RunModel)" time="0.018" />
  <testcase classname="ptolemy.util.test.junit.AutoTests" name="[82] /home/travis/build/icyphy/ptII/ptolemy/domains/de/test/auto/fsm_de_test.xml (RunModel)" time="0.024" />
  <testcase classname="ptolemy.util.test.junit.AutoTests" name="[83] /home/travis/build/icyphy/ptII/ptolemy/domains/de/test/auto/functionDependencyReconstruction.xml (RunModel)" time="0.034" />
  <testcase classname="ptolemy.util.test.junit.AutoTests" name="[84] /home/travis/build/icyphy/ptII/ptolemy/domains/de/test/auto/multirate.xml (RunModel)" time="0.014" />
  <testcase classname="ptolemy.util.test.junit.AutoTests" name="[85] /home/travis/build/icyphy/ptII/ptolemy/domains/de/test/auto/multirate2.xml (RunModel)" time="0.014" />
  <testcase classname="ptolemy.util.test.junit.AutoTests" name="[86] /home/travis/build/icyphy/ptII/ptolemy/domains/de/test/auto/realtime.xml (RunModel)" time="10.01" />
  <testcase classname="ptolemy.util.test.junit.AutoTests" name="[87] /home/travis/build/icyphy/ptII/ptolemy/domains/de/test/auto/relationGroup.xml (RunModel)" time="0.01" />
  <testcase classname="ptolemy.util.test.junit.AutoTests" name="[88] /home/travis/build/icyphy/ptII/ptolemy/domains/de/test/auto/relationGroup2.xml (RunModel)" time="0.012" />
  <testcase classname="ptolemy.util.test.junit.AutoTests" name="[89] /home/travis/build/icyphy/ptII/ptolemy/domains/de/test/auto/sortWithOpaquePorts.xml (RunModel)" time="0.01" />
  <testcase classname="ptolemy.util.test.junit.AutoTests" name="[90] /home/travis/build/icyphy/ptII/ptolemy/domains/de/test/auto/transferInputsandOutputs.xml (RunModel)" time="0.013" />
  <testcase classname="ptolemy.util.test.junit.AutoTests" name="[91] /home/travis/build/icyphy/ptII/ptolemy/domains/de/test/auto/triggerType.xml (RunModel)" time="0.011" />
  <system-out><![CDATA[/home/travis/build/icyphy/ptII/ptolemy/domains/de/test/DependencyLoop.tcl
testDefs.tcl: setting time out to 9000 seconds at Tue Oct 23 02:37:26 UTC 2018
15 ms. Memory: 116224K Free: 93498K (80%)
6 ms. Memory: 146944K Free: 135505K (92%)
/home/travis/build/icyphy/ptII/ptolemy/domains/de/test/RunDETestsAsQSS.tcl
Run the DE tests using ptolemy.domains.qss.test.QSSDirectorTest, which extends QSSDirector and prints a message in the constructors.
------------------ testing $PTII/ptolemy/domains/de/test/auto/knownFailedTests/dependencyLoop.xml (Known Failure) 
7 ms. Memory: 146944K Free: 132393K (90%)


==== $PTIIhome/travis/build/icyphy/ptII/ptolemy/domains/de/test/../../../../: Auto Automatic test in file $PTII/ptolemy/domains/de/test/auto/knownFailedTests/dependencyLoop.xml
==== Contents of test case:

	    # FIXME: we should use $relativeFilename here, but it
	    # might have backslashes under Windows, which causes no end
	    # of trouble.
	    createAndExecute $file
	    list {}
	
.... Test generated KNOWN error:
    while executing
ptolemy.kernel.util.IllegalActionException: Found a zero delay loop containing .dependencyLoop.original
  in .dependencyLoop and .dependencyLoop.original
	at ptolemy.actor.util.CausalityInterfaceForComposites._computeOutputPortDepth(CausalityInterfaceForComposites.java:759)
	at ptolemy.actor.util.CausalityInterfaceForComposites._computeInputDepth(CausalityInterfaceForComposites.java:696)
	at ptolemy.actor.util.CausalityInterfaceForComposites._computeOutputPortDepth(CausalityInterfaceForComposites.java:765)
	at ptolemy.actor.util.CausalityInterfaceForComposites._computeInputDepth(CausalityInterfaceForComposites.java:696)
	at ptolemy.actor.util.CausalityInterfaceForComposites._computeOutputPortDepth(CausalityInterfaceForComposites.java:765)
	at ptolemy.actor.util.CausalityInterfaceForComposites._computeInputDepth(CausalityInterfaceForComposites.java:696)
	at ptolemy.actor.util.CausalityInterfaceForComposites._computeActorDepth(CausalityInterfaceForComposites.java:532)
	at ptolemy.actor.util.CausalityInterfaceForComposites.checkForCycles(CausalityInterfaceForComposites.java:96)
	at ptolemy.domains.de.kernel.DEDirector.preinitialize(DEDirector.java:1338)
	at ptolemy.actor.CompositeActor.preinitialize(CompositeActor.java:1828)
	at ptolemy.actor.Manager.preinitializeAndResolveTypes(Manager.java:1040)
	at ptolemy.actor.Manager.initialize(Manager.java:710)
	at ptolemy.actor.Manager.execute(Manager.java:356)
	at ptolemy.actor.Manager.run(Manager.java:1263)
	at ptolemy.actor.Manager$PtolemyRunThread.run(Manager.java:1915)

    while executing
ptolemy.kernel.util.IllegalActionException: Found a zero delay loop containing .dependencyLoop.original
  in .dependencyLoop and .dependencyLoop.original
    while executing
"java::new ptolemy.moml.MoMLSimpleApplication $file
"
    (procedure "createAndExecute" line 2)
    invoked from within
"createAndExecute $file"
    ("uplevel" body line 5)
    invoked from within
"uplevel $contents_of_test"
------------------ testing $PTII/ptolemy/domains/de/test/auto/knownFailedTests/DESDFClockTest.xml (Known Failure) 
2070 ms. Memory: 146944K Free: 116691K (79%)


==== $PTIIhome/travis/build/icyphy/ptII/ptolemy/domains/de/test/../../../../: Auto Automatic test in file $PTII/ptolemy/domains/de/test/auto/knownFailedTests/DESDFClockTest.xml
==== Contents of test case:

	    # FIXME: we should use $relativeFilename here, but it
	    # might have backslashes under Windows, which causes no end
	    # of trouble.
	    createAndExecute $file
	    list {}
	
.... Test generated KNOWN error:
    while executing
ptolemy.kernel.util.IllegalActionException: Actor is not ready to fire.  Perhaps UpSample.prefire() returned false? Try debugging the actor by selecting "Listen to Actor".  Also, for SDF check moml for tokenConsumptionRate on input.
  in .DESDFClockTest.Play Bell.Copy1:SDF Director and .DESDFClockTest.Play Bell.UpSample
	at ptolemy.actor.sched.StaticSchedulingDirector.fire(StaticSchedulingDirector.java:227)
	at ptolemy.domains.sdf.kernel.SDFDirector.fire(SDFDirector.java:500)
	at ptolemy.actor.CompositeActor.fire(CompositeActor.java:455)
	at ptolemy.domains.de.kernel.DEDirector._fire(DEDirector.java:1949)
	at ptolemy.domains.de.kernel.DEDirector.fire(DEDirector.java:502)
	at ptolemy.actor.CompositeActor.fire(CompositeActor.java:455)
	at ptolemy.actor.Manager.iterate(Manager.java:851)
	at ptolemy.actor.Manager.execute(Manager.java:369)
	at ptolemy.actor.Manager.run(Manager.java:1263)
	at ptolemy.actor.Manager$PtolemyRunThread.run(Manager.java:1915)

    while executing
ptolemy.kernel.util.IllegalActionException: Actor is not ready to fire.  Perhaps UpSample.prefire() returned false? Try debugging the actor by selecting "Listen to Actor".  Also, for SDF check moml for tokenConsumptionRate on input.
  in .DESDFClockTest.Play Bell.Copy1:SDF Director and .DESDFClockTest.Play Bell.UpSample
    while executing
"java::new ptolemy.moml.MoMLSimpleApplication $file
"
    (procedure "createAndExecute" line 2)
    invoked from within
"createAndExecute $file"
    ("uplevel" body line 5)
    invoked from within
"uplevel $contents_of_test"
------------------ testing $PTII/ptolemy/domains/de/test/auto/knownFailedTests/FSMSource.xml (Known Failure) 
40 ms. Memory: 146944K Free: 107767K (73%)
!!!! Auto was marked as failing, but now passes
------------------ testing $PTII/ptolemy/domains/de/test/auto/knownFailedTests/dependencyLoop2.xml (Known Failure) 
6 ms. Memory: 146944K Free: 105884K (72%)


==== $PTIIhome/travis/build/icyphy/ptII/ptolemy/domains/de/test/../../../../: Auto Automatic test in file $PTII/ptolemy/domains/de/test/auto/knownFailedTests/dependencyLoop2.xml
==== Contents of test case:

	    # FIXME: we should use $relativeFilename here, but it
	    # might have backslashes under Windows, which causes no end
	    # of trouble.
	    createAndExecute $file
	    list {}
	
.... Test generated KNOWN error:
    while executing
ptolemy.kernel.util.IllegalActionException: Found a zero delay loop containing .dependencyLoop2.original
  in .dependencyLoop2 and .dependencyLoop2.original
	at ptolemy.actor.util.CausalityInterfaceForComposites._computeOutputPortDepth(CausalityInterfaceForComposites.java:759)
	at ptolemy.actor.util.CausalityInterfaceForComposites._computeInputDepth(CausalityInterfaceForComposites.java:696)
	at ptolemy.actor.util.CausalityInterfaceForComposites._computeOutputPortDepth(CausalityInterfaceForComposites.java:765)
	at ptolemy.actor.util.CausalityInterfaceForComposites._computeInputDepth(CausalityInterfaceForComposites.java:696)
	at ptolemy.actor.util.CausalityInterfaceForComposites._computeOutputPortDepth(CausalityInterfaceForComposites.java:765)
	at ptolemy.actor.util.CausalityInterfaceForComposites._computeInputDepth(CausalityInterfaceForComposites.java:696)
	at ptolemy.actor.util.CausalityInterfaceForComposites._computeActorDepth(CausalityInterfaceForComposites.java:532)
	at ptolemy.actor.util.CausalityInterfaceForComposites.checkForCycles(CausalityInterfaceForComposites.java:96)
	at ptolemy.domains.de.kernel.DEDirector.preinitialize(DEDirector.java:1338)
	at ptolemy.actor.CompositeActor.preinitialize(CompositeActor.java:1828)
	at ptolemy.actor.Manager.preinitializeAndResolveTypes(Manager.java:1040)
	at ptolemy.actor.Manager.initialize(Manager.java:710)
	at ptolemy.actor.Manager.execute(Manager.java:356)
	at ptolemy.actor.Manager.run(Manager.java:1263)
	at ptolemy.actor.Manager$PtolemyRunThread.run(Manager.java:1915)

    while executing
ptolemy.kernel.util.IllegalActionException: Found a zero delay loop containing .dependencyLoop2.original
  in .dependencyLoop2 and .dependencyLoop2.original
    while executing
"java::new ptolemy.moml.MoMLSimpleApplication $file
"
    (procedure "createAndExecute" line 2)
    invoked from within
"createAndExecute $file"
    ("uplevel" body line 5)
    invoked from within
"uplevel $contents_of_test"
------------------ testing $PTII/ptolemy/domains/de/test/auto/knownFailedTests/HierarchicalModel.xml (Known Failure) 
5 ms. Memory: 146944K Free: 84386K (57%)


==== $PTIIhome/travis/build/icyphy/ptII/ptolemy/domains/de/test/../../../../: Auto Automatic test in file $PTII/ptolemy/domains/de/test/auto/knownFailedTests/HierarchicalModel.xml
==== Contents of test case:

	    # FIXME: we should use $relativeFilename here, but it
	    # might have backslashes under Windows, which causes no end
	    # of trouble.
	    createAndExecute $file
	    list {}
	
.... Test generated KNOWN error:
    while executing
ptolemy.kernel.util.IllegalActionException: Found a zero delay loop containing .HierarchicalModel.A
  in .HierarchicalModel and .HierarchicalModel.A
	at ptolemy.actor.util.CausalityInterfaceForComposites._computeOutputPortDepth(CausalityInterfaceForComposites.java:759)
	at ptolemy.actor.util.CausalityInterfaceForComposites._computeInputDepth(CausalityInterfaceForComposites.java:696)
	at ptolemy.actor.util.CausalityInterfaceForComposites._computeOutputPortDepth(CausalityInterfaceForComposites.java:765)
	at ptolemy.actor.util.CausalityInterfaceForComposites._computeInputDepth(CausalityInterfaceForComposites.java:696)
	at ptolemy.actor.util.CausalityInterfaceForComposites._computeOutputPortDepth(CausalityInterfaceForComposites.java:765)
	at ptolemy.actor.util.CausalityInterfaceForComposites._computeInputDepth(CausalityInterfaceForComposites.java:696)
	at ptolemy.actor.util.CausalityInterfaceForComposites._computeActorDepth(CausalityInterfaceForComposites.java:532)
	at ptolemy.actor.util.CausalityInterfaceForComposites.checkForCycles(CausalityInterfaceForComposites.java:96)
	at ptolemy.domains.de.kernel.DEDirector.preinitialize(DEDirector.java:1338)
	at ptolemy.actor.CompositeActor.preinitialize(CompositeActor.java:1828)
	at ptolemy.actor.Manager.preinitializeAndResolveTypes(Manager.java:1040)
	at ptolemy.actor.Manager.initialize(Manager.java:710)
	at ptolemy.actor.Manager.execute(Manager.java:356)
	at ptolemy.actor.Manager.run(Manager.java:1263)
	at ptolemy.actor.Manager$PtolemyRunThread.run(Manager.java:1915)

    while executing
ptolemy.kernel.util.IllegalActionException: Found a zero delay loop containing .HierarchicalModel.A
  in .HierarchicalModel and .HierarchicalModel.A
    while executing
"java::new ptolemy.moml.MoMLSimpleApplication $file
"
    (procedure "createAndExecute" line 2)
    invoked from within
"createAndExecute $file"
    ("uplevel" body line 5)
    invoked from within
"uplevel $contents_of_test"
------------------ testing $PTII/ptolemy/domains/de/test/auto/knownFailedTests/DirectFeedback.xml (Known Failure) 
5 ms. Memory: 146944K Free: 141385K (96%)


==== $PTIIhome/travis/build/icyphy/ptII/ptolemy/domains/de/test/../../../../: Auto Automatic test in file $PTII/ptolemy/domains/de/test/auto/knownFailedTests/DirectFeedback.xml
==== Contents of test case:

	    # FIXME: we should use $relativeFilename here, but it
	    # might have backslashes under Windows, which causes no end
	    # of trouble.
	    createAndExecute $file
	    list {}
	
.... Test generated KNOWN error:
    while executing
ptolemy.kernel.util.IllegalActionException: Test fails in iteration 1.
Value was: 1.0. Should have been: 2.0
  in .DirectFeedback.Test
	at ptolemy.actor.lib.Test.fire(Test.java:268)
	at ptolemy.domains.de.kernel.DEDirector._fire(DEDirector.java:1949)
	at ptolemy.domains.de.kernel.DEDirector.fire(DEDirector.java:502)
	at ptolemy.actor.CompositeActor.fire(CompositeActor.java:455)
	at ptolemy.actor.Manager.iterate(Manager.java:851)
	at ptolemy.actor.Manager.execute(Manager.java:369)
	at ptolemy.actor.Manager.run(Manager.java:1263)
	at ptolemy.actor.Manager$PtolemyRunThread.run(Manager.java:1915)

    while executing
ptolemy.kernel.util.IllegalActionException: Test fails in iteration 1.
Value was: 1.0. Should have been: 2.0
  in .DirectFeedback.Test
    while executing
"java::new ptolemy.moml.MoMLSimpleApplication $file
"
    (procedure "createAndExecute" line 2)
    invoked from within
"createAndExecute $file"
    ("uplevel" body line 5)
    invoked from within
"uplevel $contents_of_test"
------------------ testing $PTII/ptolemy/domains/de/test/auto/ActorDepthCalculation_actorWithoutPorts.xml
auto.tcl: Setting watchdog for 200 seconds at Tue Oct 23 02:37:29 UTC 2018
7 ms. Memory: 146944K Free: 132426K (90%)
ptolemy.util.test.WatchDog.cancel(): canceling Tue Oct 23 02:37:29 UTC 2018
auto.tcl: Setting watchdog for 200 seconds at Tue Oct 23 02:37:29 UTC 2018
9 ms. Memory: 146944K Free: 131385K (89%)
ptolemy.util.test.WatchDog.cancel(): canceling Tue Oct 23 02:37:29 UTC 2018
------------------ testing $PTII/ptolemy/domains/de/test/auto/AssemblyLine.xml
auto.tcl: Setting watchdog for 200 seconds at Tue Oct 23 02:37:29 UTC 2018
16 ms. Memory: 208384K Free: 186350K (89%)
ptolemy.util.test.WatchDog.cancel(): canceling Tue Oct 23 02:37:30 UTC 2018
auto.tcl: Setting watchdog for 200 seconds at Tue Oct 23 02:37:30 UTC 2018
11 ms. Memory: 208384K Free: 186350K (89%)
ptolemy.util.test.WatchDog.cancel(): canceling Tue Oct 23 02:37:30 UTC 2018
------------------ testing $PTII/ptolemy/domains/de/test/auto/CQBug1.xml
auto.tcl: Setting watchdog for 200 seconds at Tue Oct 23 02:37:30 UTC 2018
8 ms. Memory: 208384K Free: 197725K (95%)
ptolemy.util.test.WatchDog.cancel(): canceling Tue Oct 23 02:37:30 UTC 2018
auto.tcl: Setting watchdog for 200 seconds at Tue Oct 23 02:37:30 UTC 2018
2 ms. Memory: 208384K Free: 197725K (95%)
ptolemy.util.test.WatchDog.cancel(): canceling Tue Oct 23 02:37:30 UTC 2018
------------------ testing $PTII/ptolemy/domains/de/test/auto/CancelFireAt.xml
auto.tcl: Setting watchdog for 200 seconds at Tue Oct 23 02:37:30 UTC 2018
9 ms. Memory: 208384K Free: 201433K (97%)
ptolemy.util.test.WatchDog.cancel(): canceling Tue Oct 23 02:37:30 UTC 2018
auto.tcl: Setting watchdog for 200 seconds at Tue Oct 23 02:37:30 UTC 2018
2 ms. Memory: 208384K Free: 199343K (96%)
ptolemy.util.test.WatchDog.cancel(): canceling Tue Oct 23 02:37:30 UTC 2018
------------------ testing $PTII/ptolemy/domains/de/test/auto/CausalityAndComposabilityAnalysis.xml
auto.tcl: Setting watchdog for 200 seconds at Tue Oct 23 02:37:30 UTC 2018
7 ms. Memory: 208384K Free: 196852K (94%)
ptolemy.util.test.WatchDog.cancel(): canceling Tue Oct 23 02:37:30 UTC 2018
auto.tcl: Setting watchdog for 200 seconds at Tue Oct 23 02:37:30 UTC 2018
6 ms. Memory: 208384K Free: 196852K (94%)
ptolemy.util.test.WatchDog.cancel(): canceling Tue Oct 23 02:37:30 UTC 2018
------------------ testing $PTII/ptolemy/domains/de/test/auto/CausalityInterface1.xml
auto.tcl: Setting watchdog for 200 seconds at Tue Oct 23 02:37:30 UTC 2018
16 ms. Memory: 208384K Free: 196452K (94%)
ptolemy.util.test.WatchDog.cancel(): canceling Tue Oct 23 02:37:30 UTC 2018
auto.tcl: Setting watchdog for 200 seconds at Tue Oct 23 02:37:30 UTC 2018
4 ms. Memory: 208384K Free: 196452K (94%)
ptolemy.util.test.WatchDog.cancel(): canceling Tue Oct 23 02:37:30 UTC 2018
------------------ testing $PTII/ptolemy/domains/de/test/auto/CausalityInterface15.xml
auto.tcl: Setting watchdog for 200 seconds at Tue Oct 23 02:37:30 UTC 2018
21 ms. Memory: 208384K Free: 196443K (94%)
ptolemy.util.test.WatchDog.cancel(): canceling Tue Oct 23 02:37:30 UTC 2018
auto.tcl: Setting watchdog for 200 seconds at Tue Oct 23 02:37:30 UTC 2018
6 ms. Memory: 208384K Free: 194353K (93%)
ptolemy.util.test.WatchDog.cancel(): canceling Tue Oct 23 02:37:30 UTC 2018
------------------ testing $PTII/ptolemy/domains/de/test/auto/CausalityInterface2.xml
auto.tcl: Setting watchdog for 200 seconds at Tue Oct 23 02:37:30 UTC 2018
4 ms. Memory: 208384K Free: 196427K (94%)
ptolemy.util.test.WatchDog.cancel(): canceling Tue Oct 23 02:37:30 UTC 2018
auto.tcl: Setting watchdog for 200 seconds at Tue Oct 23 02:37:30 UTC 2018
7 ms. Memory: 208384K Free: 196427K (94%)
ptolemy.util.test.WatchDog.cancel(): canceling Tue Oct 23 02:37:30 UTC 2018
------------------ testing $PTII/ptolemy/domains/de/test/auto/CausalityInterface3.xml
auto.tcl: Setting watchdog for 200 seconds at Tue Oct 23 02:37:30 UTC 2018
11 ms. Memory: 208384K Free: 196440K (94%)
ptolemy.util.test.WatchDog.cancel(): canceling Tue Oct 23 02:37:30 UTC 2018
auto.tcl: Setting watchdog for 200 seconds at Tue Oct 23 02:37:30 UTC 2018
3 ms. Memory: 208384K Free: 196440K (94%)
ptolemy.util.test.WatchDog.cancel(): canceling Tue Oct 23 02:37:30 UTC 2018
------------------ testing $PTII/ptolemy/domains/de/test/auto/ClockDrift.xml
auto.tcl: Setting watchdog for 200 seconds at Tue Oct 23 02:37:30 UTC 2018
91 ms. Memory: 208384K Free: 187703K (90%)
ptolemy.util.test.WatchDog.cancel(): canceling Tue Oct 23 02:37:30 UTC 2018
auto.tcl: Setting watchdog for 200 seconds at Tue Oct 23 02:37:30 UTC 2018
56 ms. Memory: 208384K Free: 185614K (89%)
ptolemy.util.test.WatchDog.cancel(): canceling Tue Oct 23 02:37:31 UTC 2018
------------------ testing $PTII/ptolemy/domains/de/test/auto/ClockDriftAndValueChange.xml
auto.tcl: Setting watchdog for 200 seconds at Tue Oct 23 02:37:31 UTC 2018
46 ms. Memory: 208384K Free: 187537K (90%)
ptolemy.util.test.WatchDog.cancel(): canceling Tue Oct 23 02:37:31 UTC 2018
auto.tcl: Setting watchdog for 200 seconds at Tue Oct 23 02:37:31 UTC 2018
33 ms. Memory: 208384K Free: 185447K (89%)
ptolemy.util.test.WatchDog.cancel(): canceling Tue Oct 23 02:37:31 UTC 2018
------------------ testing $PTII/ptolemy/domains/de/test/auto/ClockDriftChange.xml
auto.tcl: Setting watchdog for 200 seconds at Tue Oct 23 02:37:31 UTC 2018
21 ms. Memory: 208384K Free: 190854K (92%)
ptolemy.util.test.WatchDog.cancel(): canceling Tue Oct 23 02:37:31 UTC 2018
auto.tcl: Setting watchdog for 200 seconds at Tue Oct 23 02:37:31 UTC 2018
31 ms. Memory: 208384K Free: 188764K (91%)
ptolemy.util.test.WatchDog.cancel(): canceling Tue Oct 23 02:37:31 UTC 2018
------------------ testing $PTII/ptolemy/domains/de/test/auto/ComposableCausalityAnalysis.xml
auto.tcl: Setting watchdog for 200 seconds at Tue Oct 23 02:37:31 UTC 2018
2 ms. Memory: 208384K Free: 196054K (94%)
ptolemy.util.test.WatchDog.cancel(): canceling Tue Oct 23 02:37:31 UTC 2018
auto.tcl: Setting watchdog for 200 seconds at Tue Oct 23 02:37:31 UTC 2018
2 ms. Memory: 208384K Free: 193964K (93%)
ptolemy.util.test.WatchDog.cancel(): canceling Tue Oct 23 02:37:31 UTC 2018
------------------ testing $PTII/ptolemy/domains/de/test/auto/DEFixedPointLimitation.xml
auto.tcl: Setting watchdog for 200 seconds at Tue Oct 23 02:37:31 UTC 2018
2 ms. Memory: 208384K Free: 196134K (94%)
ptolemy.util.test.WatchDog.cancel(): canceling Tue Oct 23 02:37:31 UTC 2018
auto.tcl: Setting watchdog for 200 seconds at Tue Oct 23 02:37:31 UTC 2018
2 ms. Memory: 208384K Free: 196134K (94%)
ptolemy.util.test.WatchDog.cancel(): canceling Tue Oct 23 02:37:31 UTC 2018
------------------ testing $PTII/ptolemy/domains/de/test/auto/DEScheduleTest.xml
auto.tcl: Setting watchdog for 200 seconds at Tue Oct 23 02:37:31 UTC 2018
4 ms. Memory: 208384K Free: 198259K (95%)
ptolemy.util.test.WatchDog.cancel(): canceling Tue Oct 23 02:37:31 UTC 2018
auto.tcl: Setting watchdog for 200 seconds at Tue Oct 23 02:37:31 UTC 2018
7 ms. Memory: 208384K Free: 196169K (94%)
ptolemy.util.test.WatchDog.cancel(): canceling Tue Oct 23 02:37:31 UTC 2018
------------------ testing $PTII/ptolemy/domains/de/test/auto/DEinDEwithStartTimes.xml
auto.tcl: Setting watchdog for 200 seconds at Tue Oct 23 02:37:31 UTC 2018
4 ms. Memory: 208384K Free: 196139K (94%)
ptolemy.util.test.WatchDog.cancel(): canceling Tue Oct 23 02:37:31 UTC 2018
auto.tcl: Setting watchdog for 200 seconds at Tue Oct 23 02:37:31 UTC 2018
4 ms. Memory: 208384K Free: 194050K (93%)
ptolemy.util.test.WatchDog.cancel(): canceling Tue Oct 23 02:37:31 UTC 2018
------------------ testing $PTII/ptolemy/domains/de/test/auto/DEinDEwithStartTimes2.xml
auto.tcl: Setting watchdog for 200 seconds at Tue Oct 23 02:37:31 UTC 2018
7 ms. Memory: 208384K Free: 196119K (94%)
ptolemy.util.test.WatchDog.cancel(): canceling Tue Oct 23 02:37:31 UTC 2018
auto.tcl: Setting watchdog for 200 seconds at Tue Oct 23 02:37:31 UTC 2018
3 ms. Memory: 208384K Free: 194029K (93%)
ptolemy.util.test.WatchDog.cancel(): canceling Tue Oct 23 02:37:31 UTC 2018
------------------ testing $PTII/ptolemy/domains/de/test/auto/DateDemo.xml
auto.tcl: Setting watchdog for 200 seconds at Tue Oct 23 02:37:31 UTC 2018
13 ms. Memory: 208384K Free: 188587K (90%)
ptolemy.util.test.WatchDog.cancel(): canceling Tue Oct 23 02:37:31 UTC 2018
auto.tcl: Setting watchdog for 200 seconds at Tue Oct 23 02:37:31 UTC 2018
5 ms. Memory: 208384K Free: 186497K (89%)
ptolemy.util.test.WatchDog.cancel(): canceling Tue Oct 23 02:37:31 UTC 2018
------------------ testing $PTII/ptolemy/domains/de/test/auto/DateToEvent.xml
auto.tcl: Setting watchdog for 200 seconds at Tue Oct 23 02:37:31 UTC 2018
2011 ms. Memory: 208384K Free: 183671K (88%)
ptolemy.util.test.WatchDog.cancel(): canceling Tue Oct 23 02:37:34 UTC 2018
auto.tcl: Setting watchdog for 200 seconds at Tue Oct 23 02:37:34 UTC 2018
2006 ms. Memory: 208384K Free: 181213K (87%)
ptolemy.util.test.WatchDog.cancel(): canceling Tue Oct 23 02:37:36 UTC 2018
------------------ testing $PTII/ptolemy/domains/de/test/auto/DepthTest1.xml
auto.tcl: Setting watchdog for 200 seconds at Tue Oct 23 02:37:36 UTC 2018
4 ms. Memory: 208384K Free: 197789K (95%)
ptolemy.util.test.WatchDog.cancel(): canceling Tue Oct 23 02:37:36 UTC 2018
auto.tcl: Setting watchdog for 200 seconds at Tue Oct 23 02:37:36 UTC 2018
3 ms. Memory: 208384K Free: 197789K (95%)
ptolemy.util.test.WatchDog.cancel(): canceling Tue Oct 23 02:37:36 UTC 2018
------------------ testing $PTII/ptolemy/domains/de/test/auto/DepthTest2.xml
auto.tcl: Setting watchdog for 200 seconds at Tue Oct 23 02:37:36 UTC 2018
3 ms. Memory: 208384K Free: 194349K (93%)
ptolemy.util.test.WatchDog.cancel(): canceling Tue Oct 23 02:37:36 UTC 2018
auto.tcl: Setting watchdog for 200 seconds at Tue Oct 23 02:37:36 UTC 2018
6 ms. Memory: 208384K Free: 194349K (93%)
ptolemy.util.test.WatchDog.cancel(): canceling Tue Oct 23 02:37:36 UTC 2018
------------------ testing $PTII/ptolemy/domains/de/test/auto/DepthTest3.xml
auto.tcl: Setting watchdog for 200 seconds at Tue Oct 23 02:37:36 UTC 2018
2 ms. Memory: 208384K Free: 198462K (95%)
ptolemy.util.test.WatchDog.cancel(): canceling Tue Oct 23 02:37:36 UTC 2018
auto.tcl: Setting watchdog for 200 seconds at Tue Oct 23 02:37:36 UTC 2018
2 ms. Memory: 208384K Free: 198125K (95%)
ptolemy.util.test.WatchDog.cancel(): canceling Tue Oct 23 02:37:36 UTC 2018
------------------ testing $PTII/ptolemy/domains/de/test/auto/DepthTest4.xml
auto.tcl: Setting watchdog for 200 seconds at Tue Oct 23 02:37:36 UTC 2018
5 ms. Memory: 208384K Free: 196122K (94%)
ptolemy.util.test.WatchDog.cancel(): canceling Tue Oct 23 02:37:36 UTC 2018
auto.tcl: Setting watchdog for 200 seconds at Tue Oct 23 02:37:36 UTC 2018
3 ms. Memory: 208384K Free: 196122K (94%)
ptolemy.util.test.WatchDog.cancel(): canceling Tue Oct 23 02:37:36 UTC 2018
------------------ testing $PTII/ptolemy/domains/de/test/auto/DepthTest5.xml
auto.tcl: Setting watchdog for 200 seconds at Tue Oct 23 02:37:36 UTC 2018
8 ms. Memory: 208384K Free: 196069K (94%)
ptolemy.util.test.WatchDog.cancel(): canceling Tue Oct 23 02:37:36 UTC 2018
auto.tcl: Setting watchdog for 200 seconds at Tue Oct 23 02:37:36 UTC 2018
3 ms. Memory: 208384K Free: 196069K (94%)
ptolemy.util.test.WatchDog.cancel(): canceling Tue Oct 23 02:37:36 UTC 2018
------------------ testing $PTII/ptolemy/domains/de/test/auto/DepthTest6.xml
auto.tcl: Setting watchdog for 200 seconds at Tue Oct 23 02:37:36 UTC 2018
8 ms. Memory: 208384K Free: 196383K (94%)
ptolemy.util.test.WatchDog.cancel(): canceling Tue Oct 23 02:37:36 UTC 2018
auto.tcl: Setting watchdog for 200 seconds at Tue Oct 23 02:37:36 UTC 2018
3 ms. Memory: 208384K Free: 196383K (94%)
ptolemy.util.test.WatchDog.cancel(): canceling Tue Oct 23 02:37:36 UTC 2018
------------------ testing $PTII/ptolemy/domains/de/test/auto/DepthTest7.xml
auto.tcl: Setting watchdog for 200 seconds at Tue Oct 23 02:37:36 UTC 2018
2 ms. Memory: 208384K Free: 196027K (94%)
ptolemy.util.test.WatchDog.cancel(): canceling Tue Oct 23 02:37:36 UTC 2018
auto.tcl: Setting watchdog for 200 seconds at Tue Oct 23 02:37:36 UTC 2018
2 ms. Memory: 208384K Free: 196027K (94%)
ptolemy.util.test.WatchDog.cancel(): canceling Tue Oct 23 02:37:36 UTC 2018
------------------ testing $PTII/ptolemy/domains/de/test/auto/EventToDate.xml
auto.tcl: Setting watchdog for 200 seconds at Tue Oct 23 02:37:36 UTC 2018
3012 ms. Memory: 208384K Free: 185600K (89%)
ptolemy.util.test.WatchDog.cancel(): canceling Tue Oct 23 02:37:39 UTC 2018
auto.tcl: Setting watchdog for 200 seconds at Tue Oct 23 02:37:39 UTC 2018
3007 ms. Memory: 208384K Free: 185600K (89%)
ptolemy.util.test.WatchDog.cancel(): canceling Tue Oct 23 02:37:42 UTC 2018
------------------ testing $PTII/ptolemy/domains/de/test/auto/FSM1.xml
auto.tcl: Setting watchdog for 200 seconds at Tue Oct 23 02:37:42 UTC 2018
28 ms. Memory: 208384K Free: 187010K (90%)
ptolemy.util.test.WatchDog.cancel(): canceling Tue Oct 23 02:37:42 UTC 2018
auto.tcl: Setting watchdog for 200 seconds at Tue Oct 23 02:37:42 UTC 2018
14 ms. Memory: 208384K Free: 184920K (89%)
ptolemy.util.test.WatchDog.cancel(): canceling Tue Oct 23 02:37:42 UTC 2018
------------------ testing $PTII/ptolemy/domains/de/test/auto/FSM7.xml
auto.tcl: Setting watchdog for 200 seconds at Tue Oct 23 02:37:42 UTC 2018
17 ms. Memory: 208384K Free: 187210K (90%)
ptolemy.util.test.WatchDog.cancel(): canceling Tue Oct 23 02:37:42 UTC 2018
auto.tcl: Setting watchdog for 200 seconds at Tue Oct 23 02:37:42 UTC 2018
14 ms. Memory: 208384K Free: 185120K (89%)
ptolemy.util.test.WatchDog.cancel(): canceling Tue Oct 23 02:37:42 UTC 2018
------------------ testing $PTII/ptolemy/domains/de/test/auto/Inspection.xml
auto.tcl: Setting watchdog for 200 seconds at Tue Oct 23 02:37:42 UTC 2018
23 ms. Memory: 208384K Free: 188762K (91%)
ptolemy.util.test.WatchDog.cancel(): canceling Tue Oct 23 02:37:43 UTC 2018
auto.tcl: Setting watchdog for 200 seconds at Tue Oct 23 02:37:43 UTC 2018
22 ms. Memory: 208384K Free: 186673K (90%)
ptolemy.util.test.WatchDog.cancel(): canceling Tue Oct 23 02:37:43 UTC 2018
------------------ testing $PTII/ptolemy/domains/de/test/auto/Iteration.xml
auto.tcl: Setting watchdog for 200 seconds at Tue Oct 23 02:37:43 UTC 2018
9 ms. Memory: 208384K Free: 196168K (94%)
ptolemy.util.test.WatchDog.cancel(): canceling Tue Oct 23 02:37:43 UTC 2018
auto.tcl: Setting watchdog for 200 seconds at Tue Oct 23 02:37:43 UTC 2018
6 ms. Memory: 208384K Free: 194078K (93%)
ptolemy.util.test.WatchDog.cancel(): canceling Tue Oct 23 02:37:43 UTC 2018
------------------ testing $PTII/ptolemy/domains/de/test/auto/LineFault.xml
auto.tcl: Setting watchdog for 200 seconds at Tue Oct 23 02:37:43 UTC 2018
674 ms. Memory: 208384K Free: 196285K (94%)
ptolemy.util.test.WatchDog.cancel(): canceling Tue Oct 23 02:37:44 UTC 2018
auto.tcl: Setting watchdog for 200 seconds at Tue Oct 23 02:37:44 UTC 2018
595 ms. Memory: 208384K Free: 139242K (67%)
ptolemy.util.test.WatchDog.cancel(): canceling Tue Oct 23 02:37:44 UTC 2018
------------------ testing $PTII/ptolemy/domains/de/test/auto/MergeModel1Add.xml
auto.tcl: Setting watchdog for 200 seconds at Tue Oct 23 02:37:44 UTC 2018
16 ms. Memory: 331264K Free: 302535K (91%)
ptolemy.util.test.WatchDog.cancel(): canceling Tue Oct 23 02:37:44 UTC 2018
auto.tcl: Setting watchdog for 200 seconds at Tue Oct 23 02:37:44 UTC 2018
11 ms. Memory: 331264K Free: 298582K (90%)
ptolemy.util.test.WatchDog.cancel(): canceling Tue Oct 23 02:37:44 UTC 2018
------------------ testing $PTII/ptolemy/domains/de/test/auto/MergeModel2Add.xml
auto.tcl: Setting watchdog for 200 seconds at Tue Oct 23 02:37:44 UTC 2018
9 ms. Memory: 331264K Free: 303875K (92%)
ptolemy.util.test.WatchDog.cancel(): canceling Tue Oct 23 02:37:44 UTC 2018
auto.tcl: Setting watchdog for 200 seconds at Tue Oct 23 02:37:44 UTC 2018
7 ms. Memory: 331264K Free: 299922K (91%)
ptolemy.util.test.WatchDog.cancel(): canceling Tue Oct 23 02:37:44 UTC 2018
------------------ testing $PTII/ptolemy/domains/de/test/auto/MergeModel3Add.xml
auto.tcl: Setting watchdog for 200 seconds at Tue Oct 23 02:37:45 UTC 2018
11 ms. Memory: 331264K Free: 303884K (92%)
ptolemy.util.test.WatchDog.cancel(): canceling Tue Oct 23 02:37:45 UTC 2018
auto.tcl: Setting watchdog for 200 seconds at Tue Oct 23 02:37:45 UTC 2018
7 ms. Memory: 331264K Free: 299931K (91%)
ptolemy.util.test.WatchDog.cancel(): canceling Tue Oct 23 02:37:45 UTC 2018
------------------ testing $PTII/ptolemy/domains/de/test/auto/MergeWithoutDiscard.xml
auto.tcl: Setting watchdog for 200 seconds at Tue Oct 23 02:37:45 UTC 2018
2 ms. Memory: 331264K Free: 316024K (95%)
ptolemy.util.test.WatchDog.cancel(): canceling Tue Oct 23 02:37:45 UTC 2018
auto.tcl: Setting watchdog for 200 seconds at Tue Oct 23 02:37:45 UTC 2018
2 ms. Memory: 331264K Free: 315738K (95%)
ptolemy.util.test.WatchDog.cancel(): canceling Tue Oct 23 02:37:45 UTC 2018
------------------ testing $PTII/ptolemy/domains/de/test/auto/Modal1.xml
auto.tcl: Setting watchdog for 200 seconds at Tue Oct 23 02:37:45 UTC 2018
22 ms. Memory: 331264K Free: 309634K (93%)
ptolemy.util.test.WatchDog.cancel(): canceling Tue Oct 23 02:37:45 UTC 2018
auto.tcl: Setting watchdog for 200 seconds at Tue Oct 23 02:37:45 UTC 2018
11 ms. Memory: 331264K Free: 305681K (92%)
ptolemy.util.test.WatchDog.cancel(): canceling Tue Oct 23 02:37:45 UTC 2018
------------------ testing $PTII/ptolemy/domains/de/test/auto/Modal2.xml
auto.tcl: Setting watchdog for 200 seconds at Tue Oct 23 02:37:45 UTC 2018
16 ms. Memory: 331264K Free: 304600K (92%)
ptolemy.util.test.WatchDog.cancel(): canceling Tue Oct 23 02:37:45 UTC 2018
auto.tcl: Setting watchdog for 200 seconds at Tue Oct 23 02:37:45 UTC 2018
14 ms. Memory: 331264K Free: 300647K (91%)
ptolemy.util.test.WatchDog.cancel(): canceling Tue Oct 23 02:37:45 UTC 2018
------------------ testing $PTII/ptolemy/domains/de/test/auto/Modal3.xml
auto.tcl: Setting watchdog for 200 seconds at Tue Oct 23 02:37:45 UTC 2018
17 ms. Memory: 331264K Free: 309498K (93%)
ptolemy.util.test.WatchDog.cancel(): canceling Tue Oct 23 02:37:45 UTC 2018
auto.tcl: Setting watchdog for 200 seconds at Tue Oct 23 02:37:45 UTC 2018
14 ms. Memory: 331264K Free: 305545K (92%)
ptolemy.util.test.WatchDog.cancel(): canceling Tue Oct 23 02:37:45 UTC 2018
------------------ testing $PTII/ptolemy/domains/de/test/auto/Modal4.xml
auto.tcl: Setting watchdog for 200 seconds at Tue Oct 23 02:37:45 UTC 2018
24 ms. Memory: 331264K Free: 309511K (93%)
ptolemy.util.test.WatchDog.cancel(): canceling Tue Oct 23 02:37:45 UTC 2018
auto.tcl: Setting watchdog for 200 seconds at Tue Oct 23 02:37:45 UTC 2018
15 ms. Memory: 331264K Free: 305558K (92%)
ptolemy.util.test.WatchDog.cancel(): canceling Tue Oct 23 02:37:45 UTC 2018
------------------ testing $PTII/ptolemy/domains/de/test/auto/Modal5.xml
auto.tcl: Setting watchdog for 200 seconds at Tue Oct 23 02:37:45 UTC 2018
13 ms. Memory: 331264K Free: 309498K (93%)
ptolemy.util.test.WatchDog.cancel(): canceling Tue Oct 23 02:37:45 UTC 2018
auto.tcl: Setting watchdog for 200 seconds at Tue Oct 23 02:37:45 UTC 2018
12 ms. Memory: 331264K Free: 305545K (92%)
ptolemy.util.test.WatchDog.cancel(): canceling Tue Oct 23 02:37:45 UTC 2018
------------------ testing $PTII/ptolemy/domains/de/test/auto/Modal6.xml
auto.tcl: Setting watchdog for 200 seconds at Tue Oct 23 02:37:45 UTC 2018
11 ms. Memory: 331264K Free: 309495K (93%)
ptolemy.util.test.WatchDog.cancel(): canceling Tue Oct 23 02:37:45 UTC 2018
auto.tcl: Setting watchdog for 200 seconds at Tue Oct 23 02:37:45 UTC 2018
12 ms. Memory: 331264K Free: 305543K (92%)
ptolemy.util.test.WatchDog.cancel(): canceling Tue Oct 23 02:37:45 UTC 2018
------------------ testing $PTII/ptolemy/domains/de/test/auto/Modal7.xml
auto.tcl: Setting watchdog for 200 seconds at Tue Oct 23 02:37:45 UTC 2018
13 ms. Memory: 331264K Free: 309495K (93%)
ptolemy.util.test.WatchDog.cancel(): canceling Tue Oct 23 02:37:45 UTC 2018
auto.tcl: Setting watchdog for 200 seconds at Tue Oct 23 02:37:45 UTC 2018
10 ms. Memory: 331264K Free: 305543K (92%)
ptolemy.util.test.WatchDog.cancel(): canceling Tue Oct 23 02:37:45 UTC 2018
------------------ testing $PTII/ptolemy/domains/de/test/auto/ModalModel.xml
auto.tcl: Setting watchdog for 200 seconds at Tue Oct 23 02:37:45 UTC 2018
173 ms. Memory: 331264K Free: 245883K (74%)
ptolemy.util.test.WatchDog.cancel(): canceling Tue Oct 23 02:37:46 UTC 2018
auto.tcl: Setting watchdog for 200 seconds at Tue Oct 23 02:37:46 UTC 2018
172 ms. Memory: 331264K Free: 190433K (57%)
ptolemy.util.test.WatchDog.cancel(): canceling Tue Oct 23 02:37:46 UTC 2018
------------------ testing $PTII/ptolemy/domains/de/test/auto/ModalSource.xml
auto.tcl: Setting watchdog for 200 seconds at Tue Oct 23 02:37:46 UTC 2018
9 ms. Memory: 331264K Free: 316274K (95%)
ptolemy.util.test.WatchDog.cancel(): canceling Tue Oct 23 02:37:46 UTC 2018
auto.tcl: Setting watchdog for 200 seconds at Tue Oct 23 02:37:46 UTC 2018
5 ms. Memory: 331264K Free: 312756K (94%)
ptolemy.util.test.WatchDog.cancel(): canceling Tue Oct 23 02:37:46 UTC 2018
------------------ testing $PTII/ptolemy/domains/de/test/auto/NonInterruptibleTimerZeroDelay.xml
auto.tcl: Setting watchdog for 200 seconds at Tue Oct 23 02:37:46 UTC 2018
4 ms. Memory: 331264K Free: 320647K (97%)
ptolemy.util.test.WatchDog.cancel(): canceling Tue Oct 23 02:37:46 UTC 2018
auto.tcl: Setting watchdog for 200 seconds at Tue Oct 23 02:37:46 UTC 2018
2 ms. Memory: 331264K Free: 317112K (96%)
ptolemy.util.test.WatchDog.cancel(): canceling Tue Oct 23 02:37:46 UTC 2018
------------------ testing $PTII/ptolemy/domains/de/test/auto/OpenQueueingNetwork.xml
auto.tcl: Setting watchdog for 200 seconds at Tue Oct 23 02:37:46 UTC 2018
2657 ms. Memory: 573952K Free: 405288K (71%)
ptolemy.util.test.WatchDog.cancel(): canceling Tue Oct 23 02:37:49 UTC 2018
auto.tcl: Setting watchdog for 200 seconds at Tue Oct 23 02:37:49 UTC 2018
2373 ms. Memory: 574464K Free: 326097K (57%)
ptolemy.util.test.WatchDog.cancel(): canceling Tue Oct 23 02:37:51 UTC 2018
------------------ testing $PTII/ptolemy/domains/de/test/auto/OpenQueuingNetwork.xml
auto.tcl: Setting watchdog for 200 seconds at Tue Oct 23 02:37:51 UTC 2018
226 ms. Memory: 1064960K Free: 938030K (88%)
ptolemy.util.test.WatchDog.cancel(): canceling Tue Oct 23 02:37:52 UTC 2018
auto.tcl: Setting watchdog for 200 seconds at Tue Oct 23 02:37:52 UTC 2018
218 ms. Memory: 1064960K Free: 881938K (83%)
ptolemy.util.test.WatchDog.cancel(): canceling Tue Oct 23 02:37:52 UTC 2018
------------------ testing $PTII/ptolemy/domains/de/test/auto/PeriodicSampler.xml
auto.tcl: Setting watchdog for 200 seconds at Tue Oct 23 02:37:52 UTC 2018
2 ms. Memory: 1065472K Free: 1026564K (96%)
ptolemy.util.test.WatchDog.cancel(): canceling Tue Oct 23 02:37:52 UTC 2018
auto.tcl: Setting watchdog for 200 seconds at Tue Oct 23 02:37:52 UTC 2018
2 ms. Memory: 1065472K Free: 1026564K (96%)
ptolemy.util.test.WatchDog.cancel(): canceling Tue Oct 23 02:37:52 UTC 2018
------------------ testing $PTII/ptolemy/domains/de/test/auto/PersistentIO.xml
auto.tcl: Setting watchdog for 200 seconds at Tue Oct 23 02:37:52 UTC 2018
4 ms. Memory: 1065472K Free: 1027145K (96%)
ptolemy.util.test.WatchDog.cancel(): canceling Tue Oct 23 02:37:52 UTC 2018
auto.tcl: Setting watchdog for 200 seconds at Tue Oct 23 02:37:52 UTC 2018
4 ms. Memory: 1065472K Free: 1027145K (96%)
ptolemy.util.test.WatchDog.cancel(): canceling Tue Oct 23 02:37:52 UTC 2018
------------------ testing $PTII/ptolemy/domains/de/test/auto/PortParameterResetOnInitialize.xml
auto.tcl: Setting watchdog for 200 seconds at Tue Oct 23 02:37:52 UTC 2018
2 ms. Memory: 1065472K Free: 1027007K (96%)
ptolemy.util.test.WatchDog.cancel(): canceling Tue Oct 23 02:37:52 UTC 2018
auto.tcl: Setting watchdog for 200 seconds at Tue Oct 23 02:37:52 UTC 2018
1 ms. Memory: 1065472K Free: 1027007K (96%)
ptolemy.util.test.WatchDog.cancel(): canceling Tue Oct 23 02:37:52 UTC 2018
------------------ testing $PTII/ptolemy/domains/de/test/auto/PortParameterUpdates.xml
auto.tcl: Setting watchdog for 200 seconds at Tue Oct 23 02:37:52 UTC 2018
3 ms. Memory: 1065472K Free: 1027140K (96%)
ptolemy.util.test.WatchDog.cancel(): canceling Tue Oct 23 02:37:52 UTC 2018
auto.tcl: Setting watchdog for 200 seconds at Tue Oct 23 02:37:52 UTC 2018
4 ms. Memory: 1065472K Free: 1027140K (96%)
ptolemy.util.test.WatchDog.cancel(): canceling Tue Oct 23 02:37:52 UTC 2018
------------------ testing $PTII/ptolemy/domains/de/test/auto/QueueAndServer.xml
auto.tcl: Setting watchdog for 200 seconds at Tue Oct 23 02:37:52 UTC 2018
6 ms. Memory: 1065472K Free: 1036442K (97%)
ptolemy.util.test.WatchDog.cancel(): canceling Tue Oct 23 02:37:52 UTC 2018
auto.tcl: Setting watchdog for 200 seconds at Tue Oct 23 02:37:52 UTC 2018
7 ms. Memory: 1065472K Free: 1036442K (97%)
ptolemy.util.test.WatchDog.cancel(): canceling Tue Oct 23 02:37:52 UTC 2018
------------------ testing $PTII/ptolemy/domains/de/test/auto/Records.xml
auto.tcl: Setting watchdog for 200 seconds at Tue Oct 23 02:37:52 UTC 2018
4 ms. Memory: 1065472K Free: 1036384K (97%)
ptolemy.util.test.WatchDog.cancel(): canceling Tue Oct 23 02:37:52 UTC 2018
auto.tcl: Setting watchdog for 200 seconds at Tue Oct 23 02:37:52 UTC 2018
2 ms. Memory: 1065472K Free: 1036384K (97%)
ptolemy.util.test.WatchDog.cancel(): canceling Tue Oct 23 02:37:52 UTC 2018
------------------ testing $PTII/ptolemy/domains/de/test/auto/ResetTransitionWithStartTime1.xml
auto.tcl: Setting watchdog for 200 seconds at Tue Oct 23 02:37:52 UTC 2018
17 ms. Memory: 1065472K Free: 1036410K (97%)
ptolemy.util.test.WatchDog.cancel(): canceling Tue Oct 23 02:37:52 UTC 2018
auto.tcl: Setting watchdog for 200 seconds at Tue Oct 23 02:37:52 UTC 2018
5 ms. Memory: 1065472K Free: 1036410K (97%)
ptolemy.util.test.WatchDog.cancel(): canceling Tue Oct 23 02:37:52 UTC 2018
------------------ testing $PTII/ptolemy/domains/de/test/auto/ResetTransitionWithStartTime2.xml
auto.tcl: Setting watchdog for 200 seconds at Tue Oct 23 02:37:52 UTC 2018
4 ms. Memory: 1064448K Free: 1035377K (97%)
ptolemy.util.test.WatchDog.cancel(): canceling Tue Oct 23 02:37:52 UTC 2018
auto.tcl: Setting watchdog for 200 seconds at Tue Oct 23 02:37:52 UTC 2018
5 ms. Memory: 1064448K Free: 1035377K (97%)
ptolemy.util.test.WatchDog.cancel(): canceling Tue Oct 23 02:37:52 UTC 2018
------------------ testing $PTII/ptolemy/domains/de/test/auto/ResetTransitionWithStartTime3.xml
auto.tcl: Setting watchdog for 200 seconds at Tue Oct 23 02:37:52 UTC 2018
5 ms. Memory: 1064960K Free: 1035887K (97%)
ptolemy.util.test.WatchDog.cancel(): canceling Tue Oct 23 02:37:52 UTC 2018
auto.tcl: Setting watchdog for 200 seconds at Tue Oct 23 02:37:52 UTC 2018
5 ms. Memory: 1064960K Free: 1035887K (97%)
ptolemy.util.test.WatchDog.cancel(): canceling Tue Oct 23 02:37:52 UTC 2018
------------------ testing $PTII/ptolemy/domains/de/test/auto/ResetTransitionWithStartTime4.xml
auto.tcl: Setting watchdog for 200 seconds at Tue Oct 23 02:37:53 UTC 2018
5 ms. Memory: 1064960K Free: 1036367K (97%)
ptolemy.util.test.WatchDog.cancel(): canceling Tue Oct 23 02:37:53 UTC 2018
auto.tcl: Setting watchdog for 200 seconds at Tue Oct 23 02:37:53 UTC 2018
3 ms. Memory: 1064960K Free: 1036367K (97%)
ptolemy.util.test.WatchDog.cancel(): canceling Tue Oct 23 02:37:53 UTC 2018
------------------ testing $PTII/ptolemy/domains/de/test/auto/ResettableTimer1.xml
auto.tcl: Setting watchdog for 200 seconds at Tue Oct 23 02:37:53 UTC 2018
3 ms. Memory: 1064960K Free: 1035881K (97%)
ptolemy.util.test.WatchDog.cancel(): canceling Tue Oct 23 02:37:53 UTC 2018
auto.tcl: Setting watchdog for 200 seconds at Tue Oct 23 02:37:53 UTC 2018
2 ms. Memory: 1064960K Free: 1035881K (97%)
ptolemy.util.test.WatchDog.cancel(): canceling Tue Oct 23 02:37:53 UTC 2018
------------------ testing $PTII/ptolemy/domains/de/test/auto/ResettableTimer2.xml
auto.tcl: Setting watchdog for 200 seconds at Tue Oct 23 02:37:53 UTC 2018
3 ms. Memory: 1064960K Free: 1036421K (97%)
ptolemy.util.test.WatchDog.cancel(): canceling Tue Oct 23 02:37:53 UTC 2018
auto.tcl: Setting watchdog for 200 seconds at Tue Oct 23 02:37:53 UTC 2018
2 ms. Memory: 1064960K Free: 1036421K (97%)
ptolemy.util.test.WatchDog.cancel(): canceling Tue Oct 23 02:37:53 UTC 2018
------------------ testing $PTII/ptolemy/domains/de/test/auto/ResettableTimer3.xml
auto.tcl: Setting watchdog for 200 seconds at Tue Oct 23 02:37:53 UTC 2018
1 ms. Memory: 1064960K Free: 1026116K (96%)
ptolemy.util.test.WatchDog.cancel(): canceling Tue Oct 23 02:37:53 UTC 2018
auto.tcl: Setting watchdog for 200 seconds at Tue Oct 23 02:37:53 UTC 2018
1 ms. Memory: 1064960K Free: 1026116K (96%)
ptolemy.util.test.WatchDog.cancel(): canceling Tue Oct 23 02:37:53 UTC 2018
------------------ testing $PTII/ptolemy/domains/de/test/auto/ResettableTimer4.xml
auto.tcl: Setting watchdog for 200 seconds at Tue Oct 23 02:37:53 UTC 2018
3 ms. Memory: 1063936K Free: 1035408K (97%)
ptolemy.util.test.WatchDog.cancel(): canceling Tue Oct 23 02:37:53 UTC 2018
auto.tcl: Setting watchdog for 200 seconds at Tue Oct 23 02:37:53 UTC 2018
1 ms. Memory: 1063936K Free: 1035408K (97%)
ptolemy.util.test.WatchDog.cancel(): canceling Tue Oct 23 02:37:53 UTC 2018
------------------ testing $PTII/ptolemy/domains/de/test/auto/ResettableTimer5.xml
auto.tcl: Setting watchdog for 200 seconds at Tue Oct 23 02:37:53 UTC 2018
1 ms. Memory: 1064448K Free: 1026098K (96%)
ptolemy.util.test.WatchDog.cancel(): canceling Tue Oct 23 02:37:53 UTC 2018
auto.tcl: Setting watchdog for 200 seconds at Tue Oct 23 02:37:53 UTC 2018
2 ms. Memory: 1064448K Free: 1026098K (96%)
ptolemy.util.test.WatchDog.cancel(): canceling Tue Oct 23 02:37:53 UTC 2018
------------------ testing $PTII/ptolemy/domains/de/test/auto/ResettableTimer6.xml
auto.tcl: Setting watchdog for 200 seconds at Tue Oct 23 02:37:53 UTC 2018
1 ms. Memory: 1064448K Free: 1025566K (96%)
ptolemy.util.test.WatchDog.cancel(): canceling Tue Oct 23 02:37:53 UTC 2018
auto.tcl: Setting watchdog for 200 seconds at Tue Oct 23 02:37:53 UTC 2018
2 ms. Memory: 1064448K Free: 1025566K (96%)
ptolemy.util.test.WatchDog.cancel(): canceling Tue Oct 23 02:37:53 UTC 2018
------------------ testing $PTII/ptolemy/domains/de/test/auto/ServerZeroDelay.xml
auto.tcl: Setting watchdog for 200 seconds at Tue Oct 23 02:37:53 UTC 2018
4 ms. Memory: 1064448K Free: 1035858K (97%)
ptolemy.util.test.WatchDog.cancel(): canceling Tue Oct 23 02:37:53 UTC 2018
auto.tcl: Setting watchdog for 200 seconds at Tue Oct 23 02:37:53 UTC 2018
4 ms. Memory: 1064448K Free: 1035858K (97%)
ptolemy.util.test.WatchDog.cancel(): canceling Tue Oct 23 02:37:53 UTC 2018
------------------ testing $PTII/ptolemy/domains/de/test/auto/SmartSender.xml
auto.tcl: Setting watchdog for 200 seconds at Tue Oct 23 02:37:53 UTC 2018
3002 ms. Memory: 1064448K Free: 1026033K (96%)
ptolemy.util.test.WatchDog.cancel(): canceling Tue Oct 23 02:37:56 UTC 2018
auto.tcl: Setting watchdog for 200 seconds at Tue Oct 23 02:37:56 UTC 2018
3001 ms. Memory: 1064448K Free: 1026033K (96%)
ptolemy.util.test.WatchDog.cancel(): canceling Tue Oct 23 02:37:59 UTC 2018
------------------ testing $PTII/ptolemy/domains/de/test/auto/ThreadedComposite.xml
auto.tcl: Setting watchdog for 200 seconds at Tue Oct 23 02:37:59 UTC 2018
206 ms. Memory: 1064448K Free: 1005924K (95%)
ptolemy.util.test.WatchDog.cancel(): canceling Tue Oct 23 02:37:59 UTC 2018
auto.tcl: Setting watchdog for 200 seconds at Tue Oct 23 02:37:59 UTC 2018
115 ms. Memory: 1064448K Free: 972237K (91%)
ptolemy.util.test.WatchDog.cancel(): canceling Tue Oct 23 02:37:59 UTC 2018
------------------ testing $PTII/ptolemy/domains/de/test/auto/Time.xml
auto.tcl: Setting watchdog for 200 seconds at Tue Oct 23 02:37:59 UTC 2018
525 ms. Memory: 1064448K Free: 985995K (93%)
ptolemy.util.test.WatchDog.cancel(): canceling Tue Oct 23 02:38:00 UTC 2018
auto.tcl: Setting watchdog for 200 seconds at Tue Oct 23 02:38:00 UTC 2018
512 ms. Memory: 1064448K Free: 929873K (87%)
ptolemy.util.test.WatchDog.cancel(): canceling Tue Oct 23 02:38:01 UTC 2018
------------------ testing $PTII/ptolemy/domains/de/test/auto/TimeDelayZeroDelay.xml
auto.tcl: Setting watchdog for 200 seconds at Tue Oct 23 02:38:01 UTC 2018
2 ms. Memory: 1064448K Free: 1035293K (97%)
ptolemy.util.test.WatchDog.cancel(): canceling Tue Oct 23 02:38:01 UTC 2018
auto.tcl: Setting watchdog for 200 seconds at Tue Oct 23 02:38:01 UTC 2018
2 ms. Memory: 1064448K Free: 1035293K (97%)
ptolemy.util.test.WatchDog.cancel(): canceling Tue Oct 23 02:38:01 UTC 2018
------------------ testing $PTII/ptolemy/domains/de/test/auto/TimerZeroDelay.xml
auto.tcl: Setting watchdog for 200 seconds at Tue Oct 23 02:38:01 UTC 2018
2 ms. Memory: 1063424K Free: 1034795K (97%)
ptolemy.util.test.WatchDog.cancel(): canceling Tue Oct 23 02:38:01 UTC 2018
auto.tcl: Setting watchdog for 200 seconds at Tue Oct 23 02:38:01 UTC 2018
1 ms. Memory: 1063424K Free: 1034795K (97%)
ptolemy.util.test.WatchDog.cancel(): canceling Tue Oct 23 02:38:01 UTC 2018
------------------ testing $PTII/ptolemy/domains/de/test/auto/TimingParadox.xml
auto.tcl: Setting watchdog for 200 seconds at Tue Oct 23 02:38:01 UTC 2018
323 ms. Memory: 1063936K Free: 977287K (92%)
ptolemy.util.test.WatchDog.cancel(): canceling Tue Oct 23 02:38:01 UTC 2018
auto.tcl: Setting watchdog for 200 seconds at Tue Oct 23 02:38:01 UTC 2018
313 ms. Memory: 1063936K Free: 949226K (89%)
ptolemy.util.test.WatchDog.cancel(): canceling Tue Oct 23 02:38:01 UTC 2018
------------------ testing $PTII/ptolemy/domains/de/test/auto/TransferInputs.xml
auto.tcl: Setting watchdog for 200 seconds at Tue Oct 23 02:38:02 UTC 2018
1 ms. Memory: 1063424K Free: 1033712K (97%)
ptolemy.util.test.WatchDog.cancel(): canceling Tue Oct 23 02:38:02 UTC 2018
auto.tcl: Setting watchdog for 200 seconds at Tue Oct 23 02:38:02 UTC 2018
1 ms. Memory: 1063424K Free: 1033712K (97%)
ptolemy.util.test.WatchDog.cancel(): canceling Tue Oct 23 02:38:02 UTC 2018
------------------ testing $PTII/ptolemy/domains/de/test/auto/TransferOutputs2.xml
auto.tcl: Setting watchdog for 200 seconds at Tue Oct 23 02:38:02 UTC 2018
3 ms. Memory: 1063936K Free: 1025511K (96%)
ptolemy.util.test.WatchDog.cancel(): canceling Tue Oct 23 02:38:02 UTC 2018
auto.tcl: Setting watchdog for 200 seconds at Tue Oct 23 02:38:02 UTC 2018
3 ms. Memory: 1063936K Free: 1025511K (96%)
ptolemy.util.test.WatchDog.cancel(): canceling Tue Oct 23 02:38:02 UTC 2018
------------------ testing $PTII/ptolemy/domains/de/test/auto/Trilateration.xml
auto.tcl: Setting watchdog for 200 seconds at Tue Oct 23 02:38:02 UTC 2018
14767 ms. Memory: 976384K Free: 926650K (95%)
ptolemy.util.test.WatchDog.cancel(): canceling Tue Oct 23 02:38:18 UTC 2018
auto.tcl: Setting watchdog for 200 seconds at Tue Oct 23 02:38:18 UTC 2018
11416 ms. Memory: 849408K Free: 764020K (90%)
ptolemy.util.test.WatchDog.cancel(): canceling Tue Oct 23 02:38:29 UTC 2018
------------------ testing $PTII/ptolemy/domains/de/test/auto/TwoSigmaDelta.xml
auto.tcl: Setting watchdog for 200 seconds at Tue Oct 23 02:38:29 UTC 2018
2811 ms. Memory: 853504K Free: 532921K (62%)
ptolemy.util.test.WatchDog.cancel(): canceling Tue Oct 23 02:38:32 UTC 2018
auto.tcl: Setting watchdog for 200 seconds at Tue Oct 23 02:38:32 UTC 2018
2012 ms. Memory: 853504K Free: 302003K (35%)
ptolemy.util.test.WatchDog.cancel(): canceling Tue Oct 23 02:38:34 UTC 2018
------------------ testing $PTII/ptolemy/domains/de/test/auto/VariableDelay.xml
auto.tcl: Setting watchdog for 200 seconds at Tue Oct 23 02:38:34 UTC 2018
3 ms. Memory: 849920K Free: 825594K (97%)
ptolemy.util.test.WatchDog.cancel(): canceling Tue Oct 23 02:38:34 UTC 2018
auto.tcl: Setting watchdog for 200 seconds at Tue Oct 23 02:38:34 UTC 2018
1 ms. Memory: 849920K Free: 825594K (97%)
ptolemy.util.test.WatchDog.cancel(): canceling Tue Oct 23 02:38:34 UTC 2018
------------------ testing $PTII/ptolemy/domains/de/test/auto/VariableDelay2.xml
auto.tcl: Setting watchdog for 200 seconds at Tue Oct 23 02:38:34 UTC 2018
4 ms. Memory: 849408K Free: 825539K (97%)
ptolemy.util.test.WatchDog.cancel(): canceling Tue Oct 23 02:38:34 UTC 2018
auto.tcl: Setting watchdog for 200 seconds at Tue Oct 23 02:38:34 UTC 2018
1 ms. Memory: 849408K Free: 825539K (97%)
ptolemy.util.test.WatchDog.cancel(): canceling Tue Oct 23 02:38:34 UTC 2018
------------------ testing $PTII/ptolemy/domains/de/test/auto/VariableDelayZeroDelay.xml
auto.tcl: Setting watchdog for 200 seconds at Tue Oct 23 02:38:34 UTC 2018
2 ms. Memory: 849408K Free: 825537K (97%)
ptolemy.util.test.WatchDog.cancel(): canceling Tue Oct 23 02:38:34 UTC 2018
auto.tcl: Setting watchdog for 200 seconds at Tue Oct 23 02:38:34 UTC 2018
2 ms. Memory: 849408K Free: 825537K (97%)
ptolemy.util.test.WatchDog.cancel(): canceling Tue Oct 23 02:38:34 UTC 2018
------------------ testing $PTII/ptolemy/domains/de/test/auto/VariableDelayZeroDelay2.xml
auto.tcl: Setting watchdog for 200 seconds at Tue Oct 23 02:38:34 UTC 2018
3 ms. Memory: 852480K Free: 820928K (96%)
ptolemy.util.test.WatchDog.cancel(): canceling Tue Oct 23 02:38:34 UTC 2018
auto.tcl: Setting watchdog for 200 seconds at Tue Oct 23 02:38:34 UTC 2018
2 ms. Memory: 852480K Free: 820928K (96%)
ptolemy.util.test.WatchDog.cancel(): canceling Tue Oct 23 02:38:34 UTC 2018
------------------ testing $PTII/ptolemy/domains/de/test/auto/deInCt.xml
auto.tcl: Setting watchdog for 200 seconds at Tue Oct 23 02:38:34 UTC 2018
0
1
1
1
0
0
0
0
1
1
1
0
0
0
1
1
1
0
0
0
1
1
1
0
0
0
1
1
1
0
0
0
1
1
1
0
0
0
1
1
1
0
0
0
0
1
1
1
1
0
0
0
0
1
1
1
18 ms. Memory: 849408K Free: 817809K (96%)
ptolemy.util.test.WatchDog.cancel(): canceling Tue Oct 23 02:38:34 UTC 2018
auto.tcl: Setting watchdog for 200 seconds at Tue Oct 23 02:38:34 UTC 2018
0
1
1
1
0
0
0
1
1
1
1
1
0
0
0
1
1
1
1
1
1
1
0
0
0
1
1
1
1
5 ms. Memory: 849408K Free: 817809K (96%)
ptolemy.util.test.WatchDog.cancel(): canceling Tue Oct 23 02:38:34 UTC 2018
------------------ testing $PTII/ptolemy/domains/de/test/auto/deInCt2.xml
auto.tcl: Setting watchdog for 200 seconds at Tue Oct 23 02:38:34 UTC 2018
0
1
1
1
0
0
1
1
1
0
0
1
1
1
0
0
1
1
1
0
0
1
1
1
0
0
1
1
1
0
0
1
1
1
0
0
1
1
1
0
0
0
8 ms. Memory: 852480K Free: 820925K (96%)
ptolemy.util.test.WatchDog.cancel(): canceling Tue Oct 23 02:38:34 UTC 2018
auto.tcl: Setting watchdog for 200 seconds at Tue Oct 23 02:38:34 UTC 2018
0
1
1
1
0
0
1
1
1
0
0
1
1
1
0
0
1
1
1
0
0
1
1
1
0
0
1
1
1
0
0
1
1
1
0
0
1
1
1
0
0
0
6 ms. Memory: 852480K Free: 820925K (96%)
ptolemy.util.test.WatchDog.cancel(): canceling Tue Oct 23 02:38:34 UTC 2018
------------------ testing $PTII/ptolemy/domains/de/test/auto/dynamicCausalityInterface1.xml
auto.tcl: Setting watchdog for 200 seconds at Tue Oct 23 02:38:35 UTC 2018
10 ms. Memory: 849408K Free: 817849K (96%)
ptolemy.util.test.WatchDog.cancel(): canceling Tue Oct 23 02:38:35 UTC 2018
auto.tcl: Setting watchdog for 200 seconds at Tue Oct 23 02:38:35 UTC 2018
1 ms. Memory: 849408K Free: 817849K (96%)
ptolemy.util.test.WatchDog.cancel(): canceling Tue Oct 23 02:38:35 UTC 2018
------------------ testing $PTII/ptolemy/domains/de/test/auto/fsm_de_test.xml
auto.tcl: Setting watchdog for 200 seconds at Tue Oct 23 02:38:35 UTC 2018
17 ms. Memory: 851968K Free: 827984K (97%)
ptolemy.util.test.WatchDog.cancel(): canceling Tue Oct 23 02:38:35 UTC 2018
auto.tcl: Setting watchdog for 200 seconds at Tue Oct 23 02:38:35 UTC 2018
4 ms. Memory: 851968K Free: 827984K (97%)
ptolemy.util.test.WatchDog.cancel(): canceling Tue Oct 23 02:38:35 UTC 2018
------------------ testing $PTII/ptolemy/domains/de/test/auto/functionDependencyReconstruction.xml
auto.tcl: Setting watchdog for 200 seconds at Tue Oct 23 02:38:35 UTC 2018
3 ms. Memory: 849408K Free: 806431K (95%)
ptolemy.util.test.WatchDog.cancel(): canceling Tue Oct 23 02:38:35 UTC 2018
auto.tcl: Setting watchdog for 200 seconds at Tue Oct 23 02:38:35 UTC 2018
3 ms. Memory: 849408K Free: 806431K (95%)
ptolemy.util.test.WatchDog.cancel(): canceling Tue Oct 23 02:38:35 UTC 2018
------------------ testing $PTII/ptolemy/domains/de/test/auto/multirate.xml
auto.tcl: Setting watchdog for 200 seconds at Tue Oct 23 02:38:35 UTC 2018
8 ms. Memory: 851456K Free: 827294K (97%)
ptolemy.util.test.WatchDog.cancel(): canceling Tue Oct 23 02:38:35 UTC 2018
auto.tcl: Setting watchdog for 200 seconds at Tue Oct 23 02:38:35 UTC 2018
3 ms. Memory: 851456K Free: 827294K (97%)
ptolemy.util.test.WatchDog.cancel(): canceling Tue Oct 23 02:38:35 UTC 2018
------------------ testing $PTII/ptolemy/domains/de/test/auto/multirate2.xml
auto.tcl: Setting watchdog for 200 seconds at Tue Oct 23 02:38:35 UTC 2018
2 ms. Memory: 849408K Free: 825478K (97%)
ptolemy.util.test.WatchDog.cancel(): canceling Tue Oct 23 02:38:35 UTC 2018
auto.tcl: Setting watchdog for 200 seconds at Tue Oct 23 02:38:35 UTC 2018
3 ms. Memory: 849408K Free: 825478K (97%)
ptolemy.util.test.WatchDog.cancel(): canceling Tue Oct 23 02:38:35 UTC 2018
------------------ testing $PTII/ptolemy/domains/de/test/auto/realtime.xml
auto.tcl: Setting watchdog for 200 seconds at Tue Oct 23 02:38:35 UTC 2018
10001 ms. Memory: 851456K Free: 819801K (96%)
ptolemy.util.test.WatchDog.cancel(): canceling Tue Oct 23 02:38:45 UTC 2018
auto.tcl: Setting watchdog for 200 seconds at Tue Oct 23 02:38:45 UTC 2018
10001 ms. Memory: 851456K Free: 819801K (96%)
ptolemy.util.test.WatchDog.cancel(): canceling Tue Oct 23 02:38:55 UTC 2018
------------------ testing $PTII/ptolemy/domains/de/test/auto/relationGroup.xml
auto.tcl: Setting watchdog for 200 seconds at Tue Oct 23 02:38:55 UTC 2018
1 ms. Memory: 849408K Free: 825503K (97%)
ptolemy.util.test.WatchDog.cancel(): canceling Tue Oct 23 02:38:55 UTC 2018
auto.tcl: Setting watchdog for 200 seconds at Tue Oct 23 02:38:55 UTC 2018
2 ms. Memory: 849408K Free: 825503K (97%)
ptolemy.util.test.WatchDog.cancel(): canceling Tue Oct 23 02:38:55 UTC 2018
------------------ testing $PTII/ptolemy/domains/de/test/auto/relationGroup2.xml
auto.tcl: Setting watchdog for 200 seconds at Tue Oct 23 02:38:55 UTC 2018
1 ms. Memory: 850944K Free: 819385K (96%)
ptolemy.util.test.WatchDog.cancel(): canceling Tue Oct 23 02:38:55 UTC 2018
auto.tcl: Setting watchdog for 200 seconds at Tue Oct 23 02:38:55 UTC 2018
1 ms. Memory: 850944K Free: 819385K (96%)
ptolemy.util.test.WatchDog.cancel(): canceling Tue Oct 23 02:38:55 UTC 2018
------------------ testing $PTII/ptolemy/domains/de/test/auto/sortWithOpaquePorts.xml
auto.tcl: Setting watchdog for 200 seconds at Tue Oct 23 02:38:55 UTC 2018
1 ms. Memory: 849408K Free: 817850K (96%)
ptolemy.util.test.WatchDog.cancel(): canceling Tue Oct 23 02:38:55 UTC 2018
auto.tcl: Setting watchdog for 200 seconds at Tue Oct 23 02:38:55 UTC 2018
2 ms. Memory: 849408K Free: 817850K (96%)
ptolemy.util.test.WatchDog.cancel(): canceling Tue Oct 23 02:38:55 UTC 2018
------------------ testing $PTII/ptolemy/domains/de/test/auto/transferInputsandOutputs.xml
auto.tcl: Setting watchdog for 200 seconds at Tue Oct 23 02:38:55 UTC 2018
5 ms. Memory: 850944K Free: 819373K (96%)
ptolemy.util.test.WatchDog.cancel(): canceling Tue Oct 23 02:38:55 UTC 2018
auto.tcl: Setting watchdog for 200 seconds at Tue Oct 23 02:38:55 UTC 2018
1 ms. Memory: 850944K Free: 819373K (96%)
ptolemy.util.test.WatchDog.cancel(): canceling Tue Oct 23 02:38:55 UTC 2018
------------------ testing $PTII/ptolemy/domains/de/test/auto/triggerType.xml
auto.tcl: Setting watchdog for 200 seconds at Tue Oct 23 02:38:55 UTC 2018
2 ms. Memory: 849408K Free: 817787K (96%)
ptolemy.util.test.WatchDog.cancel(): canceling Tue Oct 23 02:38:55 UTC 2018
auto.tcl: Setting watchdog for 200 seconds at Tue Oct 23 02:38:55 UTC 2018
1 ms. Memory: 849408K Free: 817787K (96%)
ptolemy.util.test.WatchDog.cancel(): canceling Tue Oct 23 02:38:55 UTC 2018
10/23/18 02:38:55
Failed: 0  Total Tests: 192  ((Passed: 187, Newly Passed: 1)  Known Failed: 5) /home/travis/build/icyphy/ptII/ptolemy/domains/de/test
10/23/18 02:38:55
Failed: 0  Total Tests: 192  ((Passed: 187, Newly Passed: 1)  Known Failed: 5) /home/travis/build/icyphy/ptII/ptolemy/domains/de/test
----------------- testing (KnownFailure) /home/travis/build/icyphy/ptII/ptolemy/domains/de/test/auto/knownFailedTests/DESDFClockTest.xml
2010 ms. Memory: 850432K Free: 803461K (94%)
Known Failure: java.lang.reflect.InvocationTargetException
----------------- testing (KnownFailure) /home/travis/build/icyphy/ptII/ptolemy/domains/de/test/auto/knownFailedTests/DirectFeedback.xml
1 ms. Memory: 850432K Free: 742020K (87%)
Known Failure: java.lang.reflect.InvocationTargetException
----------------- testing (KnownFailure) /home/travis/build/icyphy/ptII/ptolemy/domains/de/test/auto/knownFailedTests/FSMSource.xml
5 ms. Memory: 850432K Free: 680580K (80%)
----------------- testing (KnownFailure) /home/travis/build/icyphy/ptII/ptolemy/domains/de/test/auto/knownFailedTests/HierarchicalModel.xml
2 ms. Memory: 850432K Free: 634484K (75%)
Known Failure: java.lang.reflect.InvocationTargetException
----------------- testing (KnownFailure) /home/travis/build/icyphy/ptII/ptolemy/domains/de/test/auto/knownFailedTests/dependencyLoop.xml
2 ms. Memory: 850432K Free: 573044K (67%)
Known Failure: java.lang.reflect.InvocationTargetException
----------------- testing (KnownFailure) /home/travis/build/icyphy/ptII/ptolemy/domains/de/test/auto/knownFailedTests/dependencyLoop2.xml
1 ms. Memory: 850432K Free: 511603K (60%)
Known Failure: java.lang.reflect.InvocationTargetException
No auto/linux-amd64/*.xml tests in /home/travis/build/icyphy/ptII/ptolemy/domains/de/test
AutoTests.java: About to close Vertx.
AutoTests.java: Vertx closed.

===========================================================================================
----------------- testing Tue Oct 23 02:38:58 UTC 2018 /home/travis/build/icyphy/ptII/ptolemy/domains/de/test/auto/ActorDepthCalculation_actorWithoutPorts.xml
----------------- Instantiating /home/travis/build/icyphy/ptII/ptolemy/domains/de/test/auto/ActorDepthCalculation_actorWithoutPorts.xml
1 ms. Memory: 850432K Free: 434803K (51%)
----------------- Invoking toplevel() on ptolemy.moml.MoMLSimpleApplication@28bdddef
----------------- Done invoking toplevel() on ptolemy.moml.MoMLSimpleApplication@28bdddef
reloadAllAccessors: .ActorDepthCalculation_actorWithoutPorts

===========================================================================================
----------------- testing Tue Oct 23 02:38:58 UTC 2018 /home/travis/build/icyphy/ptII/ptolemy/domains/de/test/auto/AssemblyLine.xml
----------------- Instantiating /home/travis/build/icyphy/ptII/ptolemy/domains/de/test/auto/AssemblyLine.xml
2 ms. Memory: 850432K Free: 404083K (48%)
----------------- Invoking toplevel() on ptolemy.moml.MoMLSimpleApplication@6071ebf3
----------------- Done invoking toplevel() on ptolemy.moml.MoMLSimpleApplication@6071ebf3
reloadAllAccessors: .AssemblyLine

===========================================================================================
----------------- testing Tue Oct 23 02:38:58 UTC 2018 /home/travis/build/icyphy/ptII/ptolemy/domains/de/test/auto/CQBug1.xml
----------------- Instantiating /home/travis/build/icyphy/ptII/ptolemy/domains/de/test/auto/CQBug1.xml
0 ms. Memory: 850432K Free: 373363K (44%)
----------------- Invoking toplevel() on ptolemy.moml.MoMLSimpleApplication@6f53d277
----------------- Done invoking toplevel() on ptolemy.moml.MoMLSimpleApplication@6f53d277
reloadAllAccessors: .CQBug1

===========================================================================================
----------------- testing Tue Oct 23 02:38:58 UTC 2018 /home/travis/build/icyphy/ptII/ptolemy/domains/de/test/auto/CancelFireAt.xml
----------------- Instantiating /home/travis/build/icyphy/ptII/ptolemy/domains/de/test/auto/CancelFireAt.xml
0 ms. Memory: 850432K Free: 342643K (40%)
----------------- Invoking toplevel() on ptolemy.moml.MoMLSimpleApplication@7bcb2e6a
----------------- Done invoking toplevel() on ptolemy.moml.MoMLSimpleApplication@7bcb2e6a
reloadAllAccessors: .CancelFireAt

===========================================================================================
----------------- testing Tue Oct 23 02:38:58 UTC 2018 /home/travis/build/icyphy/ptII/ptolemy/domains/de/test/auto/CausalityAndComposabilityAnalysis.xml
----------------- Instantiating /home/travis/build/icyphy/ptII/ptolemy/domains/de/test/auto/CausalityAndComposabilityAnalysis.xml
1 ms. Memory: 850432K Free: 311923K (37%)
----------------- Invoking toplevel() on ptolemy.moml.MoMLSimpleApplication@3f3583e3
----------------- Done invoking toplevel() on ptolemy.moml.MoMLSimpleApplication@3f3583e3
reloadAllAccessors: .CausalityAndComposabilityAnalysis

===========================================================================================
----------------- testing Tue Oct 23 02:38:58 UTC 2018 /home/travis/build/icyphy/ptII/ptolemy/domains/de/test/auto/CausalityInterface1.xml
----------------- Instantiating /home/travis/build/icyphy/ptII/ptolemy/domains/de/test/auto/CausalityInterface1.xml
3 ms. Memory: 850432K Free: 281203K (33%)
----------------- Invoking toplevel() on ptolemy.moml.MoMLSimpleApplication@3398e7ce
----------------- Done invoking toplevel() on ptolemy.moml.MoMLSimpleApplication@3398e7ce
reloadAllAccessors: .CausalityInterface1

===========================================================================================
----------------- testing Tue Oct 23 02:38:58 UTC 2018 /home/travis/build/icyphy/ptII/ptolemy/domains/de/test/auto/CausalityInterface15.xml
----------------- Instantiating /home/travis/build/icyphy/ptII/ptolemy/domains/de/test/auto/CausalityInterface15.xml
1 ms. Memory: 850432K Free: 250483K (29%)
----------------- Invoking toplevel() on ptolemy.moml.MoMLSimpleApplication@3d90af99
[...]
java.lang.RuntimeException: Execution failed
	at ptolemy.moml.MoMLSimpleApplication$UnloadThread.run(MoMLSimpleApplication.java:402)
Caused by: ptolemy.kernel.util.IllegalActionException: Test fails in iteration 1.
Value was: 1.0. Should have been: 2.0
  in .DirectFeedback.Test
	at ptolemy.actor.lib.Test.fire(Test.java:268)
	at ptolemy.domains.de.kernel.DEDirector._fire(DEDirector.java:1949)
	at ptolemy.domains.de.kernel.DEDirector.fire(DEDirector.java:502)
	at ptolemy.actor.CompositeActor.fire(CompositeActor.java:455)
	at ptolemy.actor.Manager.iterate(Manager.java:851)
	at ptolemy.actor.Manager.execute(Manager.java:369)
	at ptolemy.actor.Manager.run(Manager.java:1263)
	at ptolemy.actor.Manager$PtolemyRunThread.run(Manager.java:1915)
java.lang.RuntimeException: Execution failed
	at ptolemy.moml.MoMLSimpleApplication$UnloadThread.run(MoMLSimpleApplication.java:402)
Caused by: ptolemy.kernel.util.IllegalActionException: Actor is not ready to fire.  Perhaps UpSample.prefire() returned false? Try debugging the actor by selecting "Listen to Actor".  Also, for SDF check moml for tokenConsumptionRate on input.
  in .DESDFClockTest.Play Bell.Copy1:SDF Director and .DESDFClockTest.Play Bell.UpSample
	at ptolemy.actor.sched.StaticSchedulingDirector.fire(StaticSchedulingDirector.java:227)
	at ptolemy.domains.sdf.kernel.SDFDirector.fire(SDFDirector.java:500)
	at ptolemy.actor.CompositeActor.fire(CompositeActor.java:455)
	at ptolemy.domains.de.kernel.DEDirector._fire(DEDirector.java:1949)
	at ptolemy.domains.de.kernel.DEDirector.fire(DEDirector.java:502)
	at ptolemy.actor.CompositeActor.fire(CompositeActor.java:455)
	at ptolemy.actor.Manager.iterate(Manager.java:851)
	at ptolemy.actor.Manager.execute(Manager.java:369)
	at ptolemy.actor.Manager.run(Manager.java:1263)
	at ptolemy.actor.Manager$PtolemyRunThread.run(Manager.java:1915)
java.lang.reflect.InvocationTargetException
	at sun.reflect.NativeConstructorAccessorImpl.newInstance0(Native Method)
	at sun.reflect.NativeConstructorAccessorImpl.newInstance(NativeConstructorAccessorImpl.java:62)
	at sun.reflect.DelegatingConstructorAccessorImpl.newInstance(DelegatingConstructorAccessorImpl.java:45)
	at java.lang.reflect.Constructor.newInstance(Constructor.java:423)
	at ptolemy.util.test.junit.AutoKnownFailedTests.RunModel(AutoKnownFailedTests.java:105)
	at sun.reflect.NativeMethodAccessorImpl.invoke0(Native Method)
	at sun.reflect.NativeMethodAccessorImpl.invoke(NativeMethodAccessorImpl.java:62)
	at sun.reflect.DelegatingMethodAccessorImpl.invoke(DelegatingMethodAccessorImpl.java:43)
	at java.lang.reflect.Method.invoke(Method.java:498)
	at org.junit.runners.model.FrameworkMethod$1.runReflectiveCall(FrameworkMethod.java:44)
	at org.junit.internal.runners.model.ReflectiveCallable.run(ReflectiveCallable.java:15)
	at org.junit.runners.model.FrameworkMethod.invokeExplosively(FrameworkMethod.java:41)
	at junitparams.internal.InvokeParameterisedMethod.evaluate(InvokeParameterisedMethod.java:102)
	at org.junit.internal.runners.statements.FailOnTimeout$1.run(FailOnTimeout.java:28)
Caused by: ptolemy.kernel.util.IllegalActionException: Actor is not ready to fire.  Perhaps UpSample.prefire() returned false? Try debugging the actor by selecting "Listen to Actor".  Also, for SDF check moml for tokenConsumptionRate on input.
  in .DESDFClockTest.Play Bell.Copy1:SDF Director and .DESDFClockTest.Play Bell.UpSample
	at ptolemy.actor.sched.StaticSchedulingDirector.fire(StaticSchedulingDirector.java:227)
	at ptolemy.domains.sdf.kernel.SDFDirector.fire(SDFDirector.java:500)
	at ptolemy.actor.CompositeActor.fire(CompositeActor.java:455)
	at ptolemy.domains.de.kernel.DEDirector._fire(DEDirector.java:1949)
	at ptolemy.domains.de.kernel.DEDirector.fire(DEDirector.java:502)
	at ptolemy.actor.CompositeActor.fire(CompositeActor.java:455)
	at ptolemy.actor.Manager.iterate(Manager.java:851)
	at ptolemy.actor.Manager.execute(Manager.java:369)
	at ptolemy.actor.Manager.run(Manager.java:1263)
	at ptolemy.actor.Manager$PtolemyRunThread.run(Manager.java:1915)
java.lang.RuntimeException: Execution failed
	at ptolemy.moml.MoMLSimpleApplication$UnloadThread.run(MoMLSimpleApplication.java:402)
Caused by: ptolemy.kernel.util.IllegalActionException: Test fails in iteration 1.
Value was: 1.0. Should have been: 2.0
  in .DirectFeedback.Test
	at ptolemy.actor.lib.Test.fire(Test.java:268)
	at ptolemy.domains.de.kernel.DEDirector._fire(DEDirector.java:1949)
	at ptolemy.domains.de.kernel.DEDirector.fire(DEDirector.java:502)
	at ptolemy.actor.CompositeActor.fire(CompositeActor.java:455)
	at ptolemy.actor.Manager.iterate(Manager.java:851)
	at ptolemy.actor.Manager.execute(Manager.java:369)
	at ptolemy.actor.Manager.run(Manager.java:1263)
	at ptolemy.actor.Manager$PtolemyRunThread.run(Manager.java:1915)
java.lang.reflect.InvocationTargetException
	at sun.reflect.NativeConstructorAccessorImpl.newInstance0(Native Method)
	at sun.reflect.NativeConstructorAccessorImpl.newInstance(NativeConstructorAccessorImpl.java:62)
	at sun.reflect.DelegatingConstructorAccessorImpl.newInstance(DelegatingConstructorAccessorImpl.java:45)
	at java.lang.reflect.Constructor.newInstance(Constructor.java:423)
	at ptolemy.util.test.junit.AutoKnownFailedTests.RunModel(AutoKnownFailedTests.java:105)
	at sun.reflect.NativeMethodAccessorImpl.invoke0(Native Method)
	at sun.reflect.NativeMethodAccessorImpl.invoke(NativeMethodAccessorImpl.java:62)
	at sun.reflect.DelegatingMethodAccessorImpl.invoke(DelegatingMethodAccessorImpl.java:43)
	at java.lang.reflect.Method.invoke(Method.java:498)
	at org.junit.runners.model.FrameworkMethod$1.runReflectiveCall(FrameworkMethod.java:44)
	at org.junit.internal.runners.model.ReflectiveCallable.run(ReflectiveCallable.java:15)
	at org.junit.runners.model.FrameworkMethod.invokeExplosively(FrameworkMethod.java:41)
	at junitparams.internal.InvokeParameterisedMethod.evaluate(InvokeParameterisedMethod.java:102)
	at org.junit.internal.runners.statements.FailOnTimeout$1.run(FailOnTimeout.java:28)
Caused by: ptolemy.kernel.util.IllegalActionException: Test fails in iteration 1.
Value was: 1.0. Should have been: 2.0
  in .DirectFeedback.Test
	at ptolemy.actor.lib.Test.fire(Test.java:268)
	at ptolemy.domains.de.kernel.DEDirector._fire(DEDirector.java:1949)
	at ptolemy.domains.de.kernel.DEDirector.fire(DEDirector.java:502)
	at ptolemy.actor.CompositeActor.fire(CompositeActor.java:455)
	at ptolemy.actor.Manager.iterate(Manager.java:851)
	at ptolemy.actor.Manager.execute(Manager.java:369)
	at ptolemy.actor.Manager.run(Manager.java:1263)
	at ptolemy.actor.Manager$PtolemyRunThread.run(Manager.java:1915)
java.lang.RuntimeException: Execution failed
	at ptolemy.moml.MoMLSimpleApplication$UnloadThread.run(MoMLSimpleApplication.java:402)
Caused by: ptolemy.kernel.util.IllegalActionException: Found a zero delay loop containing .HierarchicalModel.A
  in .HierarchicalModel and .HierarchicalModel.A
	at ptolemy.actor.util.CausalityInterfaceForComposites._computeOutputPortDepth(CausalityInterfaceForComposites.java:759)
	at ptolemy.actor.util.CausalityInterfaceForComposites._computeInputDepth(CausalityInterfaceForComposites.java:696)
	at ptolemy.actor.util.CausalityInterfaceForComposites._computeOutputPortDepth(CausalityInterfaceForComposites.java:765)
	at ptolemy.actor.util.CausalityInterfaceForComposites._computeInputDepth(CausalityInterfaceForComposites.java:696)
	at ptolemy.actor.util.CausalityInterfaceForComposites._computeOutputPortDepth(CausalityInterfaceForComposites.java:765)
	at ptolemy.actor.util.CausalityInterfaceForComposites._computeInputDepth(CausalityInterfaceForComposites.java:696)
	at ptolemy.actor.util.CausalityInterfaceForComposites._computeActorDepth(CausalityInterfaceForComposites.java:532)
	at ptolemy.actor.util.CausalityInterfaceForComposites.checkForCycles(CausalityInterfaceForComposites.java:96)
	at ptolemy.domains.de.kernel.DEDirector.preinitialize(DEDirector.java:1338)
	at ptolemy.actor.CompositeActor.preinitialize(CompositeActor.java:1828)
	at ptolemy.actor.Manager.preinitializeAndResolveTypes(Manager.java:1040)
	at ptolemy.actor.Manager.initialize(Manager.java:710)
	at ptolemy.actor.Manager.execute(Manager.java:356)
	at ptolemy.actor.Manager.run(Manager.java:1263)
	at ptolemy.actor.Manager$PtolemyRunThread.run(Manager.java:1915)
java.lang.reflect.InvocationTargetException
	at sun.reflect.NativeConstructorAccessorImpl.newInstance0(Native Method)
	at sun.reflect.NativeConstructorAccessorImpl.newInstance(NativeConstructorAccessorImpl.java:62)
	at sun.reflect.DelegatingConstructorAccessorImpl.newInstance(DelegatingConstructorAccessorImpl.java:45)
	at java.lang.reflect.Constructor.newInstance(Constructor.java:423)
	at ptolemy.util.test.junit.AutoKnownFailedTests.RunModel(AutoKnownFailedTests.java:105)
	at sun.reflect.NativeMethodAccessorImpl.invoke0(Native Method)
	at sun.reflect.NativeMethodAccessorImpl.invoke(NativeMethodAccessorImpl.java:62)
	at sun.reflect.DelegatingMethodAccessorImpl.invoke(DelegatingMethodAccessorImpl.java:43)
	at java.lang.reflect.Method.invoke(Method.java:498)
	at org.junit.runners.model.FrameworkMethod$1.runReflectiveCall(FrameworkMethod.java:44)
	at org.junit.internal.runners.model.ReflectiveCallable.run(ReflectiveCallable.java:15)
	at org.junit.runners.model.FrameworkMethod.invokeExplosively(FrameworkMethod.java:41)
	at junitparams.internal.InvokeParameterisedMethod.evaluate(InvokeParameterisedMethod.java:102)
	at org.junit.internal.runners.statements.FailOnTimeout$1.run(FailOnTimeout.java:28)
Caused by: ptolemy.kernel.util.IllegalActionException: Found a zero delay loop containing .HierarchicalModel.A
  in .HierarchicalModel and .HierarchicalModel.A
	at ptolemy.actor.util.CausalityInterfaceForComposites._computeOutputPortDepth(CausalityInterfaceForComposites.java:759)
	at ptolemy.actor.util.CausalityInterfaceForComposites._computeInputDepth(CausalityInterfaceForComposites.java:696)
	at ptolemy.actor.util.CausalityInterfaceForComposites._computeOutputPortDepth(CausalityInterfaceForComposites.java:765)
	at ptolemy.actor.util.CausalityInterfaceForComposites._computeInputDepth(CausalityInterfaceForComposites.java:696)
	at ptolemy.actor.util.CausalityInterfaceForComposites._computeOutputPortDepth(CausalityInterfaceForComposites.java:765)
	at ptolemy.actor.util.CausalityInterfaceForComposites._computeInputDepth(CausalityInterfaceForComposites.java:696)
	at ptolemy.actor.util.CausalityInterfaceForComposites._computeActorDepth(CausalityInterfaceForComposites.java:532)
	at ptolemy.actor.util.CausalityInterfaceForComposites.checkForCycles(CausalityInterfaceForComposites.java:96)
	at ptolemy.domains.de.kernel.DEDirector.preinitialize(DEDirector.java:1338)
	at ptolemy.actor.CompositeActor.preinitialize(CompositeActor.java:1828)
	at ptolemy.actor.Manager.preinitializeAndResolveTypes(Manager.java:1040)
	at ptolemy.actor.Manager.initialize(Manager.java:710)
	at ptolemy.actor.Manager.execute(Manager.java:356)
	at ptolemy.actor.Manager.run(Manager.java:1263)
	at ptolemy.actor.Manager$PtolemyRunThread.run(Manager.java:1915)
java.lang.RuntimeException: Execution failed
	at ptolemy.moml.MoMLSimpleApplication$UnloadThread.run(MoMLSimpleApplication.java:402)
Caused by: ptolemy.kernel.util.IllegalActionException: Found a zero delay loop containing .dependencyLoop.original
  in .dependencyLoop and .dependencyLoop.original
	at ptolemy.actor.util.CausalityInterfaceForComposites._computeOutputPortDepth(CausalityInterfaceForComposites.java:759)
	at ptolemy.actor.util.CausalityInterfaceForComposites._computeInputDepth(CausalityInterfaceForComposites.java:696)
	at ptolemy.actor.util.CausalityInterfaceForComposites._computeOutputPortDepth(CausalityInterfaceForComposites.java:765)
	at ptolemy.actor.util.CausalityInterfaceForComposites._computeInputDepth(CausalityInterfaceForComposites.java:696)
	at ptolemy.actor.util.CausalityInterfaceForComposites._computeOutputPortDepth(CausalityInterfaceForComposites.java:765)
	at ptolemy.actor.util.CausalityInterfaceForComposites._computeInputDepth(CausalityInterfaceForComposites.java:696)
	at ptolemy.actor.util.CausalityInterfaceForComposites._computeActorDepth(CausalityInterfaceForComposites.java:532)
	at ptolemy.actor.util.CausalityInterfaceForComposites.checkForCycles(CausalityInterfaceForComposites.java:96)
	at ptolemy.domains.de.kernel.DEDirector.preinitialize(DEDirector.java:1338)
	at ptolemy.actor.CompositeActor.preinitialize(CompositeActor.java:1828)
	at ptolemy.actor.Manager.preinitializeAndResolveTypes(Manager.java:1040)
	at ptolemy.actor.Manager.initialize(Manager.java:710)
	at ptolemy.actor.Manager.execute(Manager.java:356)
	at ptolemy.actor.Manager.run(Manager.java:1263)
	at ptolemy.actor.Manager$PtolemyRunThread.run(Manager.java:1915)
java.lang.reflect.InvocationTargetException
	at sun.reflect.NativeConstructorAccessorImpl.newInstance0(Native Method)
	at sun.reflect.NativeConstructorAccessorImpl.newInstance(NativeConstructorAccessorImpl.java:62)
	at sun.reflect.DelegatingConstructorAccessorImpl.newInstance(DelegatingConstructorAccessorImpl.java:45)
	at java.lang.reflect.Constructor.newInstance(Constructor.java:423)
	at ptolemy.util.test.junit.AutoKnownFailedTests.RunModel(AutoKnownFailedTests.java:105)
	at sun.reflect.NativeMethodAccessorImpl.invoke0(Native Method)
	at sun.reflect.NativeMethodAccessorImpl.invoke(NativeMethodAccessorImpl.java:62)
	at sun.reflect.DelegatingMethodAccessorImpl.invoke(DelegatingMethodAccessorImpl.java:43)
	at java.lang.reflect.Method.invoke(Method.java:498)
	at org.junit.runners.model.FrameworkMethod$1.runReflectiveCall(FrameworkMethod.java:44)
	at org.junit.internal.runners.model.ReflectiveCallable.run(ReflectiveCallable.java:15)
	at org.junit.runners.model.FrameworkMethod.invokeExplosively(FrameworkMethod.java:41)
	at junitparams.internal.InvokeParameterisedMethod.evaluate(InvokeParameterisedMethod.java:102)
	at org.junit.internal.runners.statements.FailOnTimeout$1.run(FailOnTimeout.java:28)
Caused by: ptolemy.kernel.util.IllegalActionException: Found a zero delay loop containing .dependencyLoop.original
  in .dependencyLoop and .dependencyLoop.original
	at ptolemy.actor.util.CausalityInterfaceForComposites._computeOutputPortDepth(CausalityInterfaceForComposites.java:759)
	at ptolemy.actor.util.CausalityInterfaceForComposites._computeInputDepth(CausalityInterfaceForComposites.java:696)
	at ptolemy.actor.util.CausalityInterfaceForComposites._computeOutputPortDepth(CausalityInterfaceForComposites.java:765)
	at ptolemy.actor.util.CausalityInterfaceForComposites._computeInputDepth(CausalityInterfaceForComposites.java:696)
	at ptolemy.actor.util.CausalityInterfaceForComposites._computeOutputPortDepth(CausalityInterfaceForComposites.java:765)
	at ptolemy.actor.util.CausalityInterfaceForComposites._computeInputDepth(CausalityInterfaceForComposites.java:696)
	at ptolemy.actor.util.CausalityInterfaceForComposites._computeActorDepth(CausalityInterfaceForComposites.java:532)
	at ptolemy.actor.util.CausalityInterfaceForComposites.checkForCycles(CausalityInterfaceForComposites.java:96)
	at ptolemy.domains.de.kernel.DEDirector.preinitialize(DEDirector.java:1338)
	at ptolemy.actor.CompositeActor.preinitialize(CompositeActor.java:1828)
	at ptolemy.actor.Manager.preinitializeAndResolveTypes(Manager.java:1040)
	at ptolemy.actor.Manager.initialize(Manager.java:710)
	at ptolemy.actor.Manager.execute(Manager.java:356)
	at ptolemy.actor.Manager.run(Manager.java:1263)
	at ptolemy.actor.Manager$PtolemyRunThread.run(Manager.java:1915)
java.lang.RuntimeException: Execution failed
	at ptolemy.moml.MoMLSimpleApplication$UnloadThread.run(MoMLSimpleApplication.java:402)
Caused by: ptolemy.kernel.util.IllegalActionException: Found a zero delay loop containing .dependencyLoop2.original
  in .dependencyLoop2 and .dependencyLoop2.original
	at ptolemy.actor.util.CausalityInterfaceForComposites._computeOutputPortDepth(CausalityInterfaceForComposites.java:759)
	at ptolemy.actor.util.CausalityInterfaceForComposites._computeInputDepth(CausalityInterfaceForComposites.java:696)
	at ptolemy.actor.util.CausalityInterfaceForComposites._computeOutputPortDepth(CausalityInterfaceForComposites.java:765)
	at ptolemy.actor.util.CausalityInterfaceForComposites._computeInputDepth(CausalityInterfaceForComposites.java:696)
	at ptolemy.actor.util.CausalityInterfaceForComposites._computeOutputPortDepth(CausalityInterfaceForComposites.java:765)
	at ptolemy.actor.util.CausalityInterfaceForComposites._computeInputDepth(CausalityInterfaceForComposites.java:696)
	at ptolemy.actor.util.CausalityInterfaceForComposites._computeActorDepth(CausalityInterfaceForComposites.java:532)
	at ptolemy.actor.util.CausalityInterfaceForComposites.checkForCycles(CausalityInterfaceForComposites.java:96)
	at ptolemy.domains.de.kernel.DEDirector.preinitialize(DEDirector.java:1338)
	at ptolemy.actor.CompositeActor.preinitialize(CompositeActor.java:1828)
	at ptolemy.actor.Manager.preinitializeAndResolveTypes(Manager.java:1040)
	at ptolemy.actor.Manager.initialize(Manager.java:710)
	at ptolemy.actor.Manager.execute(Manager.java:356)
	at ptolemy.actor.Manager.run(Manager.java:1263)
	at ptolemy.actor.Manager$PtolemyRunThread.run(Manager.java:1915)
java.lang.reflect.InvocationTargetException
	at sun.reflect.NativeConstructorAccessorImpl.newInstance0(Native Method)
	at sun.reflect.NativeConstructorAccessorImpl.newInstance(NativeConstructorAccessorImpl.java:62)
	at sun.reflect.DelegatingConstructorAccessorImpl.newInstance(DelegatingConstructorAccessorImpl.java:45)
	at java.lang.reflect.Constructor.newInstance(Constructor.java:423)
	at ptolemy.util.test.junit.AutoKnownFailedTests.RunModel(AutoKnownFailedTests.java:105)
	at sun.reflect.NativeMethodAccessorImpl.invoke0(Native Method)
	at sun.reflect.NativeMethodAccessorImpl.invoke(NativeMethodAccessorImpl.java:62)
	at sun.reflect.DelegatingMethodAccessorImpl.invoke(DelegatingMethodAccessorImpl.java:43)
	at java.lang.reflect.Method.invoke(Method.java:498)
	at org.junit.runners.model.FrameworkMethod$1.runReflectiveCall(FrameworkMethod.java:44)
	at org.junit.internal.runners.model.ReflectiveCallable.run(ReflectiveCallable.java:15)
	at org.junit.runners.model.FrameworkMethod.invokeExplosively(FrameworkMethod.java:41)
	at junitparams.internal.InvokeParameterisedMethod.evaluate(InvokeParameterisedMethod.java:102)
	at org.junit.internal.runners.statements.FailOnTimeout$1.run(FailOnTimeout.java:28)
Caused by: ptolemy.kernel.util.IllegalActionException: Found a zero delay loop containing .dependencyLoop2.original
  in .dependencyLoop2 and .dependencyLoop2.original
	at ptolemy.actor.util.CausalityInterfaceForComposites._computeOutputPortDepth(CausalityInterfaceForComposites.java:759)
	at ptolemy.actor.util.CausalityInterfaceForComposites._computeInputDepth(CausalityInterfaceForComposites.java:696)
	at ptolemy.actor.util.CausalityInterfaceForComposites._computeOutputPortDepth(CausalityInterfaceForComposites.java:765)
	at ptolemy.actor.util.CausalityInterfaceForComposites._computeInputDepth(CausalityInterfaceForComposites.java:696)
	at ptolemy.actor.util.CausalityInterfaceForComposites._computeOutputPortDepth(CausalityInterfaceForComposites.java:765)
	at ptolemy.actor.util.CausalityInterfaceForComposites._computeInputDepth(CausalityInterfaceForComposites.java:696)
	at ptolemy.actor.util.CausalityInterfaceForComposites._computeActorDepth(CausalityInterfaceForComposites.java:532)
	at ptolemy.actor.util.CausalityInterfaceForComposites.checkForCycles(CausalityInterfaceForComposites.java:96)
	at ptolemy.domains.de.kernel.DEDirector.preinitialize(DEDirector.java:1338)
	at ptolemy.actor.CompositeActor.preinitialize(CompositeActor.java:1828)
	at ptolemy.actor.Manager.preinitializeAndResolveTypes(Manager.java:1040)
	at ptolemy.actor.Manager.initialize(Manager.java:710)
	at ptolemy.actor.Manager.execute(Manager.java:356)
	at ptolemy.actor.Manager.run(Manager.java:1263)
	at ptolemy.actor.Manager$PtolemyRunThread.run(Manager.java:1915)
]]></system-err>
</testsuite>
