<?xml version="1.0" encoding="UTF-8" ?>
<testsuite errors="0" failures="0" hostname="travis-job-5315c4c4-e2eb-4342-ab63-d371846580a7" name="ptolemy.domains.de.test.junit.JUnitTclTest" skipped="0" tests="101" time="124.797" timestamp="2020-03-02T21:01:12">
  <properties>
[...]
</properties>
  <testcase classname="ptolemy.util.test.junit.TclTests" name="[0] /home/travis/build/icyphy/ptII/ptolemy/domains/de/test/DependencyLoop.tcl (RunTclFile)" time="1.022" />
  <testcase classname="ptolemy.util.test.junit.TclTests" name="[1] /home/travis/build/icyphy/ptII/ptolemy/domains/de/test/RunDETestsAsQSS.tcl (RunTclFile)" time="85.203" />
  <testcase classname="ptolemy.util.test.junit.AutoKnownFailedTests" name="[0] /home/travis/build/icyphy/ptII/ptolemy/domains/de/test/auto/knownFailedTests/DESDFClockTest.xml (RunModel)" time="2.04" />
  <testcase classname="ptolemy.util.test.junit.AutoKnownFailedTests" name="[1] /home/travis/build/icyphy/ptII/ptolemy/domains/de/test/auto/knownFailedTests/DirectFeedback.xml (RunModel)" time="0.014" />
  <testcase classname="ptolemy.util.test.junit.AutoKnownFailedTests" name="[2] /home/travis/build/icyphy/ptII/ptolemy/domains/de/test/auto/knownFailedTests/FSMSource.xml (RunModel)" time="0.047" />
  <testcase classname="ptolemy.util.test.junit.AutoKnownFailedTests" name="[3] /home/travis/build/icyphy/ptII/ptolemy/domains/de/test/auto/knownFailedTests/HierarchicalModel.xml (RunModel)" time="0.062" />
  <testcase classname="ptolemy.util.test.junit.AutoKnownFailedTests" name="[4] /home/travis/build/icyphy/ptII/ptolemy/domains/de/test/auto/knownFailedTests/dependencyLoop.xml (RunModel)" time="0.059" />
  <testcase classname="ptolemy.util.test.junit.AutoKnownFailedTests" name="[5] /home/travis/build/icyphy/ptII/ptolemy/domains/de/test/auto/knownFailedTests/dependencyLoop2.xml (RunModel)" time="0.049" />
  <testcase classname="ptolemy.util.test.junit.AutoNameArchTests" name="[0] ThereAreNoAutoArchTests (RunModel)" time="0.001" />
  <testcase classname="ptolemy.util.test.junit.AutoTests" name="[0] /home/travis/build/icyphy/ptII/ptolemy/domains/de/test/auto/ActorDepthCalculation_actorWithoutPorts.xml (RunModel)" time="0.025" />
  <testcase classname="ptolemy.util.test.junit.AutoTests" name="[1] /home/travis/build/icyphy/ptII/ptolemy/domains/de/test/auto/AssemblyLine.xml (RunModel)" time="0.025" />
  <testcase classname="ptolemy.util.test.junit.AutoTests" name="[2] /home/travis/build/icyphy/ptII/ptolemy/domains/de/test/auto/CQBug1.xml (RunModel)" time="0.015" />
  <testcase classname="ptolemy.util.test.junit.AutoTests" name="[3] /home/travis/build/icyphy/ptII/ptolemy/domains/de/test/auto/CancelFireAt.xml (RunModel)" time="0.017" />
  <testcase classname="ptolemy.util.test.junit.AutoTests" name="[4] /home/travis/build/icyphy/ptII/ptolemy/domains/de/test/auto/CausalityAndComposabilityAnalysis.xml (RunModel)" time="0.014" />
  <testcase classname="ptolemy.util.test.junit.AutoTests" name="[5] /home/travis/build/icyphy/ptII/ptolemy/domains/de/test/auto/CausalityInterface1.xml (RunModel)" time="0.016" />
  <testcase classname="ptolemy.util.test.junit.AutoTests" name="[6] /home/travis/build/icyphy/ptII/ptolemy/domains/de/test/auto/CausalityInterface15.xml (RunModel)" time="0.016" />
  <testcase classname="ptolemy.util.test.junit.AutoTests" name="[7] /home/travis/build/icyphy/ptII/ptolemy/domains/de/test/auto/CausalityInterface2.xml (RunModel)" time="0.015" />
  <testcase classname="ptolemy.util.test.junit.AutoTests" name="[8] /home/travis/build/icyphy/ptII/ptolemy/domains/de/test/auto/CausalityInterface3.xml (RunModel)" time="0.015" />
  <testcase classname="ptolemy.util.test.junit.AutoTests" name="[9] /home/travis/build/icyphy/ptII/ptolemy/domains/de/test/auto/ClockDrift.xml (RunModel)" time="0.042" />
  <testcase classname="ptolemy.util.test.junit.AutoTests" name="[10] /home/travis/build/icyphy/ptII/ptolemy/domains/de/test/auto/ClockDriftAndValueChange.xml (RunModel)" time="0.035" />
  <testcase classname="ptolemy.util.test.junit.AutoTests" name="[11] /home/travis/build/icyphy/ptII/ptolemy/domains/de/test/auto/ClockDriftChange.xml (RunModel)" time="0.042" />
  <testcase classname="ptolemy.util.test.junit.AutoTests" name="[12] /home/travis/build/icyphy/ptII/ptolemy/domains/de/test/auto/ComposableCausalityAnalysis.xml (RunModel)" time="0.019" />
  <testcase classname="ptolemy.util.test.junit.AutoTests" name="[13] /home/travis/build/icyphy/ptII/ptolemy/domains/de/test/auto/DEFixedPointLimitation.xml (RunModel)" time="0.011" />
  <testcase classname="ptolemy.util.test.junit.AutoTests" name="[14] /home/travis/build/icyphy/ptII/ptolemy/domains/de/test/auto/DEScheduleTest.xml (RunModel)" time="0.017" />
  <testcase classname="ptolemy.util.test.junit.AutoTests" name="[15] /home/travis/build/icyphy/ptII/ptolemy/domains/de/test/auto/DEinDEwithStartTimes.xml (RunModel)" time="0.017" />
  <testcase classname="ptolemy.util.test.junit.AutoTests" name="[16] /home/travis/build/icyphy/ptII/ptolemy/domains/de/test/auto/DEinDEwithStartTimes2.xml (RunModel)" time="0.025" />
  <testcase classname="ptolemy.util.test.junit.AutoTests" name="[17] /home/travis/build/icyphy/ptII/ptolemy/domains/de/test/auto/DateDemo.xml (RunModel)" time="0.037" />
  <testcase classname="ptolemy.util.test.junit.AutoTests" name="[18] /home/travis/build/icyphy/ptII/ptolemy/domains/de/test/auto/DateToEvent.xml (RunModel)" time="2.048" />
  <testcase classname="ptolemy.util.test.junit.AutoTests" name="[19] /home/travis/build/icyphy/ptII/ptolemy/domains/de/test/auto/DepthTest1.xml (RunModel)" time="0.01" />
  <testcase classname="ptolemy.util.test.junit.AutoTests" name="[20] /home/travis/build/icyphy/ptII/ptolemy/domains/de/test/auto/DepthTest2.xml (RunModel)" time="0.018" />
  <testcase classname="ptolemy.util.test.junit.AutoTests" name="[21] /home/travis/build/icyphy/ptII/ptolemy/domains/de/test/auto/DepthTest3.xml (RunModel)" time="0.01" />
  <testcase classname="ptolemy.util.test.junit.AutoTests" name="[22] /home/travis/build/icyphy/ptII/ptolemy/domains/de/test/auto/DepthTest4.xml (RunModel)" time="0.018" />
  <testcase classname="ptolemy.util.test.junit.AutoTests" name="[23] /home/travis/build/icyphy/ptII/ptolemy/domains/de/test/auto/DepthTest5.xml (RunModel)" time="0.017" />
  <testcase classname="ptolemy.util.test.junit.AutoTests" name="[24] /home/travis/build/icyphy/ptII/ptolemy/domains/de/test/auto/DepthTest6.xml (RunModel)" time="0.019" />
  <testcase classname="ptolemy.util.test.junit.AutoTests" name="[25] /home/travis/build/icyphy/ptII/ptolemy/domains/de/test/auto/DepthTest7.xml (RunModel)" time="0.012" />
  <testcase classname="ptolemy.util.test.junit.AutoTests" name="[26] /home/travis/build/icyphy/ptII/ptolemy/domains/de/test/auto/EventToDate.xml (RunModel)" time="3.034" />
  <testcase classname="ptolemy.util.test.junit.AutoTests" name="[27] /home/travis/build/icyphy/ptII/ptolemy/domains/de/test/auto/FSM1.xml (RunModel)" time="0.047" />
  <testcase classname="ptolemy.util.test.junit.AutoTests" name="[28] /home/travis/build/icyphy/ptII/ptolemy/domains/de/test/auto/FSM7.xml (RunModel)" time="0.039" />
  <testcase classname="ptolemy.util.test.junit.AutoTests" name="[29] /home/travis/build/icyphy/ptII/ptolemy/domains/de/test/auto/Inspection.xml (RunModel)" time="0.05" />
  <testcase classname="ptolemy.util.test.junit.AutoTests" name="[30] /home/travis/build/icyphy/ptII/ptolemy/domains/de/test/auto/Iteration.xml (RunModel)" time="0.025" />
  <testcase classname="ptolemy.util.test.junit.AutoTests" name="[31] /home/travis/build/icyphy/ptII/ptolemy/domains/de/test/auto/LineFault.xml (RunModel)" time="0.562" />
  <testcase classname="ptolemy.util.test.junit.AutoTests" name="[32] /home/travis/build/icyphy/ptII/ptolemy/domains/de/test/auto/MergeModel1Add.xml (RunModel)" time="0.043" />
  <testcase classname="ptolemy.util.test.junit.AutoTests" name="[33] /home/travis/build/icyphy/ptII/ptolemy/domains/de/test/auto/MergeModel2Add.xml (RunModel)" time="0.037" />
  <testcase classname="ptolemy.util.test.junit.AutoTests" name="[34] /home/travis/build/icyphy/ptII/ptolemy/domains/de/test/auto/MergeModel3Add.xml (RunModel)" time="0.043" />
  <testcase classname="ptolemy.util.test.junit.AutoTests" name="[35] /home/travis/build/icyphy/ptII/ptolemy/domains/de/test/auto/MergeWithoutDiscard.xml (RunModel)" time="0.016" />
  <testcase classname="ptolemy.util.test.junit.AutoTests" name="[36] /home/travis/build/icyphy/ptII/ptolemy/domains/de/test/auto/Modal1.xml (RunModel)" time="0.029" />
  <testcase classname="ptolemy.util.test.junit.AutoTests" name="[37] /home/travis/build/icyphy/ptII/ptolemy/domains/de/test/auto/Modal2.xml (RunModel)" time="0.026" />
  <testcase classname="ptolemy.util.test.junit.AutoTests" name="[38] /home/travis/build/icyphy/ptII/ptolemy/domains/de/test/auto/Modal3.xml (RunModel)" time="0.03" />
  <testcase classname="ptolemy.util.test.junit.AutoTests" name="[39] /home/travis/build/icyphy/ptII/ptolemy/domains/de/test/auto/Modal4.xml (RunModel)" time="0.031" />
  <testcase classname="ptolemy.util.test.junit.AutoTests" name="[40] /home/travis/build/icyphy/ptII/ptolemy/domains/de/test/auto/Modal5.xml (RunModel)" time="0.032" />
  <testcase classname="ptolemy.util.test.junit.AutoTests" name="[41] /home/travis/build/icyphy/ptII/ptolemy/domains/de/test/auto/Modal6.xml (RunModel)" time="0.027" />
  <testcase classname="ptolemy.util.test.junit.AutoTests" name="[42] /home/travis/build/icyphy/ptII/ptolemy/domains/de/test/auto/Modal7.xml (RunModel)" time="0.037" />
  <testcase classname="ptolemy.util.test.junit.AutoTests" name="[43] /home/travis/build/icyphy/ptII/ptolemy/domains/de/test/auto/ModalModel.xml (RunModel)" time="0.191" />
  <testcase classname="ptolemy.util.test.junit.AutoTests" name="[44] /home/travis/build/icyphy/ptII/ptolemy/domains/de/test/auto/ModalSource.xml (RunModel)" time="0.028" />
  <testcase classname="ptolemy.util.test.junit.AutoTests" name="[45] /home/travis/build/icyphy/ptII/ptolemy/domains/de/test/auto/NonInterruptibleTimerZeroDelay.xml (RunModel)" time="0.014" />
  <testcase classname="ptolemy.util.test.junit.AutoTests" name="[46] /home/travis/build/icyphy/ptII/ptolemy/domains/de/test/auto/OpenQueueingNetwork.xml (RunModel)" time="1.823" />
  <testcase classname="ptolemy.util.test.junit.AutoTests" name="[47] /home/travis/build/icyphy/ptII/ptolemy/domains/de/test/auto/OpenQueuingNetwork.xml (RunModel)" time="0.217" />
  <testcase classname="ptolemy.util.test.junit.AutoTests" name="[48] /home/travis/build/icyphy/ptII/ptolemy/domains/de/test/auto/PeriodicSampler.xml (RunModel)" time="0.01" />
  <testcase classname="ptolemy.util.test.junit.AutoTests" name="[49] /home/travis/build/icyphy/ptII/ptolemy/domains/de/test/auto/PersistentIO.xml (RunModel)" time="0.022" />
  <testcase classname="ptolemy.util.test.junit.AutoTests" name="[50] /home/travis/build/icyphy/ptII/ptolemy/domains/de/test/auto/PortParameterResetOnInitialize.xml (RunModel)" time="0.011" />
  <testcase classname="ptolemy.util.test.junit.AutoTests" name="[51] /home/travis/build/icyphy/ptII/ptolemy/domains/de/test/auto/PortParameterUpdates.xml (RunModel)" time="0.016" />
  <testcase classname="ptolemy.util.test.junit.AutoTests" name="[52] /home/travis/build/icyphy/ptII/ptolemy/domains/de/test/auto/QueueAndServer.xml (RunModel)" time="0.02" />
  <testcase classname="ptolemy.util.test.junit.AutoTests" name="[53] /home/travis/build/icyphy/ptII/ptolemy/domains/de/test/auto/Records.xml (RunModel)" time="0.015" />
  <testcase classname="ptolemy.util.test.junit.AutoTests" name="[54] /home/travis/build/icyphy/ptII/ptolemy/domains/de/test/auto/ResetTransitionWithStartTime1.xml (RunModel)" time="0.018" />
  <testcase classname="ptolemy.util.test.junit.AutoTests" name="[55] /home/travis/build/icyphy/ptII/ptolemy/domains/de/test/auto/ResetTransitionWithStartTime2.xml (RunModel)" time="0.021" />
  <testcase classname="ptolemy.util.test.junit.AutoTests" name="[56] /home/travis/build/icyphy/ptII/ptolemy/domains/de/test/auto/ResetTransitionWithStartTime3.xml (RunModel)" time="0.025" />
  <testcase classname="ptolemy.util.test.junit.AutoTests" name="[57] /home/travis/build/icyphy/ptII/ptolemy/domains/de/test/auto/ResetTransitionWithStartTime4.xml (RunModel)" time="0.024" />
  <testcase classname="ptolemy.util.test.junit.AutoTests" name="[58] /home/travis/build/icyphy/ptII/ptolemy/domains/de/test/auto/ResettableTimer1.xml (RunModel)" time="0.012" />
  <testcase classname="ptolemy.util.test.junit.AutoTests" name="[59] /home/travis/build/icyphy/ptII/ptolemy/domains/de/test/auto/ResettableTimer2.xml (RunModel)" time="0.011" />
  <testcase classname="ptolemy.util.test.junit.AutoTests" name="[60] /home/travis/build/icyphy/ptII/ptolemy/domains/de/test/auto/ResettableTimer3.xml (RunModel)" time="0.01" />
  <testcase classname="ptolemy.util.test.junit.AutoTests" name="[61] /home/travis/build/icyphy/ptII/ptolemy/domains/de/test/auto/ResettableTimer4.xml (RunModel)" time="0.012" />
  <testcase classname="ptolemy.util.test.junit.AutoTests" name="[62] /home/travis/build/icyphy/ptII/ptolemy/domains/de/test/auto/ResettableTimer5.xml (RunModel)" time="0.009" />
  <testcase classname="ptolemy.util.test.junit.AutoTests" name="[63] /home/travis/build/icyphy/ptII/ptolemy/domains/de/test/auto/ResettableTimer6.xml (RunModel)" time="0.015" />
  <testcase classname="ptolemy.util.test.junit.AutoTests" name="[64] /home/travis/build/icyphy/ptII/ptolemy/domains/de/test/auto/ServerZeroDelay.xml (RunModel)" time="0.01" />
  <testcase classname="ptolemy.util.test.junit.AutoTests" name="[65] /home/travis/build/icyphy/ptII/ptolemy/domains/de/test/auto/SmartSender.xml (RunModel)" time="3.009" />
  <testcase classname="ptolemy.util.test.junit.AutoTests" name="[66] /home/travis/build/icyphy/ptII/ptolemy/domains/de/test/auto/ThreadedComposite.xml (RunModel)" time="0.12" />
  <testcase classname="ptolemy.util.test.junit.AutoTests" name="[67] /home/travis/build/icyphy/ptII/ptolemy/domains/de/test/auto/Time.xml (RunModel)" time="0.336" />
  <testcase classname="ptolemy.util.test.junit.AutoTests" name="[68] /home/travis/build/icyphy/ptII/ptolemy/domains/de/test/auto/TimeDelayZeroDelay.xml (RunModel)" time="0.01" />
  <testcase classname="ptolemy.util.test.junit.AutoTests" name="[69] /home/travis/build/icyphy/ptII/ptolemy/domains/de/test/auto/TimerZeroDelay.xml (RunModel)" time="0.009" />
  <testcase classname="ptolemy.util.test.junit.AutoTests" name="[70] /home/travis/build/icyphy/ptII/ptolemy/domains/de/test/auto/TimingParadox.xml (RunModel)" time="0.297" />
  <testcase classname="ptolemy.util.test.junit.AutoTests" name="[71] /home/travis/build/icyphy/ptII/ptolemy/domains/de/test/auto/TransferInputs.xml (RunModel)" time="0.014" />
  <testcase classname="ptolemy.util.test.junit.AutoTests" name="[72] /home/travis/build/icyphy/ptII/ptolemy/domains/de/test/auto/TransferOutputs2.xml (RunModel)" time="0.02" />
  <testcase classname="ptolemy.util.test.junit.AutoTests" name="[73] /home/travis/build/icyphy/ptII/ptolemy/domains/de/test/auto/Trilateration.xml (RunModel)" time="10.839" />
  <testcase classname="ptolemy.util.test.junit.AutoTests" name="[74] /home/travis/build/icyphy/ptII/ptolemy/domains/de/test/auto/TwoSigmaDelta.xml (RunModel)" time="1.801" />
  <testcase classname="ptolemy.util.test.junit.AutoTests" name="[75] /home/travis/build/icyphy/ptII/ptolemy/domains/de/test/auto/VariableDelay.xml (RunModel)" time="0.023" />
  <testcase classname="ptolemy.util.test.junit.AutoTests" name="[76] /home/travis/build/icyphy/ptII/ptolemy/domains/de/test/auto/VariableDelay2.xml (RunModel)" time="0.009" />
  <testcase classname="ptolemy.util.test.junit.AutoTests" name="[77] /home/travis/build/icyphy/ptII/ptolemy/domains/de/test/auto/VariableDelayZeroDelay.xml (RunModel)" time="0.015" />
  <testcase classname="ptolemy.util.test.junit.AutoTests" name="[78] /home/travis/build/icyphy/ptII/ptolemy/domains/de/test/auto/VariableDelayZeroDelay2.xml (RunModel)" time="0.009" />
  <testcase classname="ptolemy.util.test.junit.AutoTests" name="[79] /home/travis/build/icyphy/ptII/ptolemy/domains/de/test/auto/deInCt.xml (RunModel)" time="0.014" />
  <testcase classname="ptolemy.util.test.junit.AutoTests" name="[80] /home/travis/build/icyphy/ptII/ptolemy/domains/de/test/auto/deInCt2.xml (RunModel)" time="0.018" />
  <testcase classname="ptolemy.util.test.junit.AutoTests" name="[81] /home/travis/build/icyphy/ptII/ptolemy/domains/de/test/auto/dynamicCausalityInterface1.xml (RunModel)" time="0.02" />
  <testcase classname="ptolemy.util.test.junit.AutoTests" name="[82] /home/travis/build/icyphy/ptII/ptolemy/domains/de/test/auto/fsm_de_test.xml (RunModel)" time="0.025" />
  <testcase classname="ptolemy.util.test.junit.AutoTests" name="[83] /home/travis/build/icyphy/ptII/ptolemy/domains/de/test/auto/functionDependencyReconstruction.xml (RunModel)" time="0.036" />
  <testcase classname="ptolemy.util.test.junit.AutoTests" name="[84] /home/travis/build/icyphy/ptII/ptolemy/domains/de/test/auto/multirate.xml (RunModel)" time="0.016" />
  <testcase classname="ptolemy.util.test.junit.AutoTests" name="[85] /home/travis/build/icyphy/ptII/ptolemy/domains/de/test/auto/multirate2.xml (RunModel)" time="0.023" />
  <testcase classname="ptolemy.util.test.junit.AutoTests" name="[86] /home/travis/build/icyphy/ptII/ptolemy/domains/de/test/auto/realtime.xml (RunModel)" time="10.02" />
  <testcase classname="ptolemy.util.test.junit.AutoTests" name="[87] /home/travis/build/icyphy/ptII/ptolemy/domains/de/test/auto/relationGroup.xml (RunModel)" time="0.01" />
  <testcase classname="ptolemy.util.test.junit.AutoTests" name="[88] /home/travis/build/icyphy/ptII/ptolemy/domains/de/test/auto/relationGroup2.xml (RunModel)" time="0.014" />
  <testcase classname="ptolemy.util.test.junit.AutoTests" name="[89] /home/travis/build/icyphy/ptII/ptolemy/domains/de/test/auto/sortWithOpaquePorts.xml (RunModel)" time="0.01" />
  <testcase classname="ptolemy.util.test.junit.AutoTests" name="[90] /home/travis/build/icyphy/ptII/ptolemy/domains/de/test/auto/transferInputsandOutputs.xml (RunModel)" time="0.023" />
  <testcase classname="ptolemy.util.test.junit.AutoTests" name="[91] /home/travis/build/icyphy/ptII/ptolemy/domains/de/test/auto/triggerType.xml (RunModel)" time="0.011" />
  <system-out><![CDATA[/home/travis/build/icyphy/ptII/ptolemy/domains/de/test/DependencyLoop.tcl
testDefs.tcl: setting time out to 9000 seconds at Mon Mar 02 21:01:12 UTC 2020
68 ms. Memory: 129024K Free: 78792K (61%)
23 ms. Memory: 129024K Free: 61384K (48%)
/home/travis/build/icyphy/ptII/ptolemy/domains/de/test/RunDETestsAsQSS.tcl
Run the DE tests using ptolemy.domains.qss.test.QSSDirectorTest, which extends QSSDirector and prints a message in the constructors.
------------------ testing $PTII/ptolemy/domains/de/test/auto/knownFailedTests/DirectFeedback.xml (Known Failure) 
49 ms. Memory: 129024K Free: 56264K (44%)


==== $PTIIhome/travis/build/icyphy/ptII/ptolemy/domains/de/test/../../../../: Auto Automatic test in file $PTII/ptolemy/domains/de/test/auto/knownFailedTests/DirectFeedback.xml
==== Contents of test case:

	    # FIXME: we should use $relativeFilename here, but it
	    # might have backslashes under Windows, which causes no end
	    # of trouble.
	    createAndExecute $file
	    list {}
	
.... Test generated KNOWN error:
    while executing
ptolemy.kernel.util.IllegalActionException: Test fails in iteration 1.
Value was: 1.0. Should have been: 2.0
  in .DirectFeedback.Test
	at ptolemy.actor.lib.Test.fire(Test.java:268)
	at ptolemy.domains.de.kernel.DEDirector._fire(DEDirector.java:1949)
	at ptolemy.domains.de.kernel.DEDirector.fire(DEDirector.java:502)
	at ptolemy.actor.CompositeActor.fire(CompositeActor.java:455)
	at ptolemy.actor.Manager.iterate(Manager.java:851)
	at ptolemy.actor.Manager.execute(Manager.java:369)
	at ptolemy.actor.Manager.run(Manager.java:1263)
	at ptolemy.actor.Manager$PtolemyRunThread.run(Manager.java:1933)

    while executing
ptolemy.kernel.util.IllegalActionException: Test fails in iteration 1.
Value was: 1.0. Should have been: 2.0
  in .DirectFeedback.Test
    while executing
"java::new ptolemy.moml.MoMLSimpleApplication $file
"
    (procedure "createAndExecute" line 2)
    invoked from within
"createAndExecute $file"
    ("uplevel" body line 5)
    invoked from within
"uplevel $contents_of_test"
------------------ testing $PTII/ptolemy/domains/de/test/auto/knownFailedTests/dependencyLoop.xml (Known Failure) 
24 ms. Memory: 129024K Free: 53192K (41%)


==== $PTIIhome/travis/build/icyphy/ptII/ptolemy/domains/de/test/../../../../: Auto Automatic test in file $PTII/ptolemy/domains/de/test/auto/knownFailedTests/dependencyLoop.xml
==== Contents of test case:

	    # FIXME: we should use $relativeFilename here, but it
	    # might have backslashes under Windows, which causes no end
	    # of trouble.
	    createAndExecute $file
	    list {}
	
.... Test generated KNOWN error:
    while executing
ptolemy.kernel.util.IllegalActionException: Found a zero delay loop containing .dependencyLoop.original
  in .dependencyLoop and .dependencyLoop.original
	at ptolemy.actor.util.CausalityInterfaceForComposites._computeOutputPortDepth(CausalityInterfaceForComposites.java:759)
	at ptolemy.actor.util.CausalityInterfaceForComposites._computeInputDepth(CausalityInterfaceForComposites.java:696)
	at ptolemy.actor.util.CausalityInterfaceForComposites._computeOutputPortDepth(CausalityInterfaceForComposites.java:765)
	at ptolemy.actor.util.CausalityInterfaceForComposites._computeInputDepth(CausalityInterfaceForComposites.java:696)
	at ptolemy.actor.util.CausalityInterfaceForComposites._computeOutputPortDepth(CausalityInterfaceForComposites.java:765)
	at ptolemy.actor.util.CausalityInterfaceForComposites._computeInputDepth(CausalityInterfaceForComposites.java:696)
	at ptolemy.actor.util.CausalityInterfaceForComposites._computeActorDepth(CausalityInterfaceForComposites.java:532)
	at ptolemy.actor.util.CausalityInterfaceForComposites.checkForCycles(CausalityInterfaceForComposites.java:96)
	at ptolemy.domains.de.kernel.DEDirector.preinitialize(DEDirector.java:1338)
	at ptolemy.actor.CompositeActor.preinitialize(CompositeActor.java:1828)
	at ptolemy.actor.Manager.preinitializeAndResolveTypes(Manager.java:1040)
	at ptolemy.actor.Manager.initialize(Manager.java:710)
	at ptolemy.actor.Manager.execute(Manager.java:356)
	at ptolemy.actor.Manager.run(Manager.java:1263)
	at ptolemy.actor.Manager$PtolemyRunThread.run(Manager.java:1933)

    while executing
ptolemy.kernel.util.IllegalActionException: Found a zero delay loop containing .dependencyLoop.original
  in .dependencyLoop and .dependencyLoop.original
    while executing
"java::new ptolemy.moml.MoMLSimpleApplication $file
"
    (procedure "createAndExecute" line 2)
    invoked from within
"createAndExecute $file"
    ("uplevel" body line 5)
    invoked from within
"uplevel $contents_of_test"
------------------ testing $PTII/ptolemy/domains/de/test/auto/knownFailedTests/FSMSource.xml (Known Failure) 
61 ms. Memory: 129024K Free: 111550K (86%)
!!!! Auto was marked as failing, but now passes
------------------ testing $PTII/ptolemy/domains/de/test/auto/knownFailedTests/HierarchicalModel.xml (Known Failure) 
15 ms. Memory: 129024K Free: 93584K (73%)


==== $PTIIhome/travis/build/icyphy/ptII/ptolemy/domains/de/test/../../../../: Auto Automatic test in file $PTII/ptolemy/domains/de/test/auto/knownFailedTests/HierarchicalModel.xml
==== Contents of test case:

	    # FIXME: we should use $relativeFilename here, but it
	    # might have backslashes under Windows, which causes no end
	    # of trouble.
	    createAndExecute $file
	    list {}
	
.... Test generated KNOWN error:
    while executing
ptolemy.kernel.util.IllegalActionException: Found a zero delay loop containing .HierarchicalModel.A
  in .HierarchicalModel and .HierarchicalModel.A
	at ptolemy.actor.util.CausalityInterfaceForComposites._computeOutputPortDepth(CausalityInterfaceForComposites.java:759)
	at ptolemy.actor.util.CausalityInterfaceForComposites._computeInputDepth(CausalityInterfaceForComposites.java:696)
	at ptolemy.actor.util.CausalityInterfaceForComposites._computeOutputPortDepth(CausalityInterfaceForComposites.java:765)
	at ptolemy.actor.util.CausalityInterfaceForComposites._computeInputDepth(CausalityInterfaceForComposites.java:696)
	at ptolemy.actor.util.CausalityInterfaceForComposites._computeOutputPortDepth(CausalityInterfaceForComposites.java:765)
	at ptolemy.actor.util.CausalityInterfaceForComposites._computeInputDepth(CausalityInterfaceForComposites.java:696)
	at ptolemy.actor.util.CausalityInterfaceForComposites._computeActorDepth(CausalityInterfaceForComposites.java:532)
	at ptolemy.actor.util.CausalityInterfaceForComposites.checkForCycles(CausalityInterfaceForComposites.java:96)
	at ptolemy.domains.de.kernel.DEDirector.preinitialize(DEDirector.java:1338)
	at ptolemy.actor.CompositeActor.preinitialize(CompositeActor.java:1828)
	at ptolemy.actor.Manager.preinitializeAndResolveTypes(Manager.java:1040)
	at ptolemy.actor.Manager.initialize(Manager.java:710)
	at ptolemy.actor.Manager.execute(Manager.java:356)
	at ptolemy.actor.Manager.run(Manager.java:1263)
	at ptolemy.actor.Manager$PtolemyRunThread.run(Manager.java:1933)

    while executing
ptolemy.kernel.util.IllegalActionException: Found a zero delay loop containing .HierarchicalModel.A
  in .HierarchicalModel and .HierarchicalModel.A
    while executing
"java::new ptolemy.moml.MoMLSimpleApplication $file
"
    (procedure "createAndExecute" line 2)
    invoked from within
"createAndExecute $file"
    ("uplevel" body line 5)
    invoked from within
"uplevel $contents_of_test"
------------------ testing $PTII/ptolemy/domains/de/test/auto/knownFailedTests/dependencyLoop2.xml (Known Failure) 
8 ms. Memory: 129024K Free: 77779K (60%)


==== $PTIIhome/travis/build/icyphy/ptII/ptolemy/domains/de/test/../../../../: Auto Automatic test in file $PTII/ptolemy/domains/de/test/auto/knownFailedTests/dependencyLoop2.xml
==== Contents of test case:

	    # FIXME: we should use $relativeFilename here, but it
	    # might have backslashes under Windows, which causes no end
	    # of trouble.
	    createAndExecute $file
	    list {}
	
.... Test generated KNOWN error:
    while executing
ptolemy.kernel.util.IllegalActionException: Found a zero delay loop containing .dependencyLoop2.original
  in .dependencyLoop2 and .dependencyLoop2.original
	at ptolemy.actor.util.CausalityInterfaceForComposites._computeOutputPortDepth(CausalityInterfaceForComposites.java:759)
	at ptolemy.actor.util.CausalityInterfaceForComposites._computeInputDepth(CausalityInterfaceForComposites.java:696)
	at ptolemy.actor.util.CausalityInterfaceForComposites._computeOutputPortDepth(CausalityInterfaceForComposites.java:765)
	at ptolemy.actor.util.CausalityInterfaceForComposites._computeInputDepth(CausalityInterfaceForComposites.java:696)
	at ptolemy.actor.util.CausalityInterfaceForComposites._computeOutputPortDepth(CausalityInterfaceForComposites.java:765)
	at ptolemy.actor.util.CausalityInterfaceForComposites._computeInputDepth(CausalityInterfaceForComposites.java:696)
	at ptolemy.actor.util.CausalityInterfaceForComposites._computeActorDepth(CausalityInterfaceForComposites.java:532)
	at ptolemy.actor.util.CausalityInterfaceForComposites.checkForCycles(CausalityInterfaceForComposites.java:96)
	at ptolemy.domains.de.kernel.DEDirector.preinitialize(DEDirector.java:1338)
	at ptolemy.actor.CompositeActor.preinitialize(CompositeActor.java:1828)
	at ptolemy.actor.Manager.preinitializeAndResolveTypes(Manager.java:1040)
	at ptolemy.actor.Manager.initialize(Manager.java:710)
	at ptolemy.actor.Manager.execute(Manager.java:356)
	at ptolemy.actor.Manager.run(Manager.java:1263)
	at ptolemy.actor.Manager$PtolemyRunThread.run(Manager.java:1933)

    while executing
ptolemy.kernel.util.IllegalActionException: Found a zero delay loop containing .dependencyLoop2.original
  in .dependencyLoop2 and .dependencyLoop2.original
    while executing
"java::new ptolemy.moml.MoMLSimpleApplication $file
"
    (procedure "createAndExecute" line 2)
    invoked from within
"createAndExecute $file"
    ("uplevel" body line 5)
    invoked from within
"uplevel $contents_of_test"
------------------ testing $PTII/ptolemy/domains/de/test/auto/knownFailedTests/DESDFClockTest.xml (Known Failure) 
2063 ms. Memory: 129024K Free: 108199K (84%)


==== $PTIIhome/travis/build/icyphy/ptII/ptolemy/domains/de/test/../../../../: Auto Automatic test in file $PTII/ptolemy/domains/de/test/auto/knownFailedTests/DESDFClockTest.xml
==== Contents of test case:

	    # FIXME: we should use $relativeFilename here, but it
	    # might have backslashes under Windows, which causes no end
	    # of trouble.
	    createAndExecute $file
	    list {}
	
.... Test generated KNOWN error:
    while executing
ptolemy.kernel.util.IllegalActionException: Actor is not ready to fire.  Perhaps UpSample.prefire() returned false? Try debugging the actor by selecting "Listen to Actor".  Also, for SDF check moml for tokenConsumptionRate on input.
  in .DESDFClockTest.Play Bell.Copy1:SDF Director and .DESDFClockTest.Play Bell.UpSample
	at ptolemy.actor.sched.StaticSchedulingDirector.fire(StaticSchedulingDirector.java:227)
	at ptolemy.domains.sdf.kernel.SDFDirector.fire(SDFDirector.java:500)
	at ptolemy.actor.CompositeActor.fire(CompositeActor.java:455)
	at ptolemy.domains.de.kernel.DEDirector._fire(DEDirector.java:1949)
	at ptolemy.domains.de.kernel.DEDirector.fire(DEDirector.java:502)
	at ptolemy.actor.CompositeActor.fire(CompositeActor.java:455)
	at ptolemy.actor.Manager.iterate(Manager.java:851)
	at ptolemy.actor.Manager.execute(Manager.java:369)
	at ptolemy.actor.Manager.run(Manager.java:1263)
	at ptolemy.actor.Manager$PtolemyRunThread.run(Manager.java:1933)

    while executing
ptolemy.kernel.util.IllegalActionException: Actor is not ready to fire.  Perhaps UpSample.prefire() returned false? Try debugging the actor by selecting "Listen to Actor".  Also, for SDF check moml for tokenConsumptionRate on input.
  in .DESDFClockTest.Play Bell.Copy1:SDF Director and .DESDFClockTest.Play Bell.UpSample
    while executing
"java::new ptolemy.moml.MoMLSimpleApplication $file
"
    (procedure "createAndExecute" line 2)
    invoked from within
"createAndExecute $file"
    ("uplevel" body line 5)
    invoked from within
"uplevel $contents_of_test"
------------------ testing $PTII/ptolemy/domains/de/test/auto/ActorDepthCalculation_actorWithoutPorts.xml
auto.tcl: Setting watchdog for 200 seconds at Mon Mar 02 21:01:16 UTC 2020
6 ms. Memory: 129024K Free: 100503K (78%)
ptolemy.util.test.WatchDog.cancel(): canceling Mon Mar 02 21:01:16 UTC 2020
auto.tcl: Setting watchdog for 200 seconds at Mon Mar 02 21:01:16 UTC 2020
10 ms. Memory: 129024K Free: 98983K (77%)
ptolemy.util.test.WatchDog.cancel(): canceling Mon Mar 02 21:01:16 UTC 2020
------------------ testing $PTII/ptolemy/domains/de/test/auto/AssemblyLine.xml
auto.tcl: Setting watchdog for 200 seconds at Mon Mar 02 21:01:17 UTC 2020
25 ms. Memory: 51200K Free: 27488K (54%)
ptolemy.util.test.WatchDog.cancel(): canceling Mon Mar 02 21:01:17 UTC 2020
auto.tcl: Setting watchdog for 200 seconds at Mon Mar 02 21:01:17 UTC 2020
7 ms. Memory: 51200K Free: 26995K (53%)
ptolemy.util.test.WatchDog.cancel(): canceling Mon Mar 02 21:01:17 UTC 2020
------------------ testing $PTII/ptolemy/domains/de/test/auto/CQBug1.xml
auto.tcl: Setting watchdog for 200 seconds at Mon Mar 02 21:01:17 UTC 2020
3 ms. Memory: 51200K Free: 33254K (65%)
ptolemy.util.test.WatchDog.cancel(): canceling Mon Mar 02 21:01:17 UTC 2020
auto.tcl: Setting watchdog for 200 seconds at Mon Mar 02 21:01:17 UTC 2020
2 ms. Memory: 51200K Free: 33254K (65%)
ptolemy.util.test.WatchDog.cancel(): canceling Mon Mar 02 21:01:17 UTC 2020
------------------ testing $PTII/ptolemy/domains/de/test/auto/CancelFireAt.xml
auto.tcl: Setting watchdog for 200 seconds at Mon Mar 02 21:01:17 UTC 2020
4 ms. Memory: 51200K Free: 34623K (68%)
ptolemy.util.test.WatchDog.cancel(): canceling Mon Mar 02 21:01:17 UTC 2020
auto.tcl: Setting watchdog for 200 seconds at Mon Mar 02 21:01:17 UTC 2020
2 ms. Memory: 51200K Free: 34130K (67%)
ptolemy.util.test.WatchDog.cancel(): canceling Mon Mar 02 21:01:17 UTC 2020
------------------ testing $PTII/ptolemy/domains/de/test/auto/CausalityAndComposabilityAnalysis.xml
auto.tcl: Setting watchdog for 200 seconds at Mon Mar 02 21:01:17 UTC 2020
5 ms. Memory: 51200K Free: 32389K (63%)
ptolemy.util.test.WatchDog.cancel(): canceling Mon Mar 02 21:01:17 UTC 2020
auto.tcl: Setting watchdog for 200 seconds at Mon Mar 02 21:01:17 UTC 2020
4 ms. Memory: 51200K Free: 31962K (62%)
ptolemy.util.test.WatchDog.cancel(): canceling Mon Mar 02 21:01:17 UTC 2020
------------------ testing $PTII/ptolemy/domains/de/test/auto/CausalityInterface1.xml
auto.tcl: Setting watchdog for 200 seconds at Mon Mar 02 21:01:17 UTC 2020
20 ms. Memory: 51200K Free: 31367K (61%)
ptolemy.util.test.WatchDog.cancel(): canceling Mon Mar 02 21:01:17 UTC 2020
auto.tcl: Setting watchdog for 200 seconds at Mon Mar 02 21:01:17 UTC 2020
3 ms. Memory: 51200K Free: 30392K (59%)
ptolemy.util.test.WatchDog.cancel(): canceling Mon Mar 02 21:01:17 UTC 2020
------------------ testing $PTII/ptolemy/domains/de/test/auto/CausalityInterface15.xml
auto.tcl: Setting watchdog for 200 seconds at Mon Mar 02 21:01:17 UTC 2020
8 ms. Memory: 51200K Free: 31278K (61%)
ptolemy.util.test.WatchDog.cancel(): canceling Mon Mar 02 21:01:17 UTC 2020
auto.tcl: Setting watchdog for 200 seconds at Mon Mar 02 21:01:17 UTC 2020
4 ms. Memory: 51200K Free: 30326K (59%)
ptolemy.util.test.WatchDog.cancel(): canceling Mon Mar 02 21:01:17 UTC 2020
------------------ testing $PTII/ptolemy/domains/de/test/auto/CausalityInterface2.xml
auto.tcl: Setting watchdog for 200 seconds at Mon Mar 02 21:01:17 UTC 2020
6 ms. Memory: 51200K Free: 31974K (62%)
ptolemy.util.test.WatchDog.cancel(): canceling Mon Mar 02 21:01:17 UTC 2020
auto.tcl: Setting watchdog for 200 seconds at Mon Mar 02 21:01:17 UTC 2020
3 ms. Memory: 51200K Free: 31344K (61%)
ptolemy.util.test.WatchDog.cancel(): canceling Mon Mar 02 21:01:17 UTC 2020
------------------ testing $PTII/ptolemy/domains/de/test/auto/CausalityInterface3.xml
auto.tcl: Setting watchdog for 200 seconds at Mon Mar 02 21:01:17 UTC 2020
6 ms. Memory: 51200K Free: 31560K (62%)
ptolemy.util.test.WatchDog.cancel(): canceling Mon Mar 02 21:01:17 UTC 2020
auto.tcl: Setting watchdog for 200 seconds at Mon Mar 02 21:01:17 UTC 2020
2 ms. Memory: 51200K Free: 31109K (61%)
ptolemy.util.test.WatchDog.cancel(): canceling Mon Mar 02 21:01:17 UTC 2020
------------------ testing $PTII/ptolemy/domains/de/test/auto/ClockDrift.xml
auto.tcl: Setting watchdog for 200 seconds at Mon Mar 02 21:01:17 UTC 2020
82 ms. Memory: 51200K Free: 23867K (47%)
ptolemy.util.test.WatchDog.cancel(): canceling Mon Mar 02 21:01:18 UTC 2020
auto.tcl: Setting watchdog for 200 seconds at Mon Mar 02 21:01:18 UTC 2020
33 ms. Memory: 51200K Free: 20656K (40%)
ptolemy.util.test.WatchDog.cancel(): canceling Mon Mar 02 21:01:18 UTC 2020
------------------ testing $PTII/ptolemy/domains/de/test/auto/ClockDriftAndValueChange.xml
auto.tcl: Setting watchdog for 200 seconds at Mon Mar 02 21:01:18 UTC 2020
25 ms. Memory: 51200K Free: 24000K (47%)
ptolemy.util.test.WatchDog.cancel(): canceling Mon Mar 02 21:01:18 UTC 2020
auto.tcl: Setting watchdog for 200 seconds at Mon Mar 02 21:01:18 UTC 2020
27 ms. Memory: 51200K Free: 21011K (41%)
ptolemy.util.test.WatchDog.cancel(): canceling Mon Mar 02 21:01:18 UTC 2020
------------------ testing $PTII/ptolemy/domains/de/test/auto/ClockDriftChange.xml
auto.tcl: Setting watchdog for 200 seconds at Mon Mar 02 21:01:18 UTC 2020
23 ms. Memory: 51200K Free: 26301K (51%)
ptolemy.util.test.WatchDog.cancel(): canceling Mon Mar 02 21:01:18 UTC 2020
auto.tcl: Setting watchdog for 200 seconds at Mon Mar 02 21:01:18 UTC 2020
15 ms. Memory: 51200K Free: 23678K (46%)
ptolemy.util.test.WatchDog.cancel(): canceling Mon Mar 02 21:01:18 UTC 2020
------------------ testing $PTII/ptolemy/domains/de/test/auto/ComposableCausalityAnalysis.xml
auto.tcl: Setting watchdog for 200 seconds at Mon Mar 02 21:01:18 UTC 2020
8 ms. Memory: 51200K Free: 30864K (60%)
ptolemy.util.test.WatchDog.cancel(): canceling Mon Mar 02 21:01:18 UTC 2020
auto.tcl: Setting watchdog for 200 seconds at Mon Mar 02 21:01:18 UTC 2020
4 ms. Memory: 51200K Free: 29827K (58%)
ptolemy.util.test.WatchDog.cancel(): canceling Mon Mar 02 21:01:18 UTC 2020
------------------ testing $PTII/ptolemy/domains/de/test/auto/DEFixedPointLimitation.xml
auto.tcl: Setting watchdog for 200 seconds at Mon Mar 02 21:01:18 UTC 2020
5 ms. Memory: 51200K Free: 32187K (63%)
ptolemy.util.test.WatchDog.cancel(): canceling Mon Mar 02 21:01:18 UTC 2020
auto.tcl: Setting watchdog for 200 seconds at Mon Mar 02 21:01:18 UTC 2020
1 ms. Memory: 51200K Free: 31332K (61%)
ptolemy.util.test.WatchDog.cancel(): canceling Mon Mar 02 21:01:18 UTC 2020
------------------ testing $PTII/ptolemy/domains/de/test/auto/DEScheduleTest.xml
auto.tcl: Setting watchdog for 200 seconds at Mon Mar 02 21:01:18 UTC 2020
4 ms. Memory: 51200K Free: 32592K (64%)
ptolemy.util.test.WatchDog.cancel(): canceling Mon Mar 02 21:01:18 UTC 2020
auto.tcl: Setting watchdog for 200 seconds at Mon Mar 02 21:01:18 UTC 2020
3 ms. Memory: 51200K Free: 31826K (62%)
ptolemy.util.test.WatchDog.cancel(): canceling Mon Mar 02 21:01:18 UTC 2020
------------------ testing $PTII/ptolemy/domains/de/test/auto/DEinDEwithStartTimes.xml
auto.tcl: Setting watchdog for 200 seconds at Mon Mar 02 21:01:18 UTC 2020
6 ms. Memory: 51200K Free: 30751K (60%)
ptolemy.util.test.WatchDog.cancel(): canceling Mon Mar 02 21:01:18 UTC 2020
auto.tcl: Setting watchdog for 200 seconds at Mon Mar 02 21:01:18 UTC 2020
5 ms. Memory: 51200K Free: 29727K (58%)
ptolemy.util.test.WatchDog.cancel(): canceling Mon Mar 02 21:01:18 UTC 2020
------------------ testing $PTII/ptolemy/domains/de/test/auto/DEinDEwithStartTimes2.xml
auto.tcl: Setting watchdog for 200 seconds at Mon Mar 02 21:01:18 UTC 2020
4 ms. Memory: 51200K Free: 29858K (58%)
ptolemy.util.test.WatchDog.cancel(): canceling Mon Mar 02 21:01:18 UTC 2020
auto.tcl: Setting watchdog for 200 seconds at Mon Mar 02 21:01:18 UTC 2020
3 ms. Memory: 51200K Free: 28681K (56%)
ptolemy.util.test.WatchDog.cancel(): canceling Mon Mar 02 21:01:18 UTC 2020
------------------ testing $PTII/ptolemy/domains/de/test/auto/DateDemo.xml
auto.tcl: Setting watchdog for 200 seconds at Mon Mar 02 21:01:18 UTC 2020
13 ms. Memory: 51200K Free: 24714K (48%)
ptolemy.util.test.WatchDog.cancel(): canceling Mon Mar 02 21:01:18 UTC 2020
auto.tcl: Setting watchdog for 200 seconds at Mon Mar 02 21:01:18 UTC 2020
6 ms. Memory: 51200K Free: 22651K (44%)
ptolemy.util.test.WatchDog.cancel(): canceling Mon Mar 02 21:01:18 UTC 2020
------------------ testing $PTII/ptolemy/domains/de/test/auto/DateToEvent.xml
auto.tcl: Setting watchdog for 200 seconds at Mon Mar 02 21:01:18 UTC 2020
2009 ms. Memory: 51200K Free: 19988K (39%)
ptolemy.util.test.WatchDog.cancel(): canceling Mon Mar 02 21:01:20 UTC 2020
auto.tcl: Setting watchdog for 200 seconds at Mon Mar 02 21:01:20 UTC 2020
2004 ms. Memory: 51200K Free: 19222K (38%)
ptolemy.util.test.WatchDog.cancel(): canceling Mon Mar 02 21:01:22 UTC 2020
------------------ testing $PTII/ptolemy/domains/de/test/auto/DepthTest1.xml
auto.tcl: Setting watchdog for 200 seconds at Mon Mar 02 21:01:22 UTC 2020
2 ms. Memory: 51200K Free: 33423K (65%)
ptolemy.util.test.WatchDog.cancel(): canceling Mon Mar 02 21:01:22 UTC 2020
auto.tcl: Setting watchdog for 200 seconds at Mon Mar 02 21:01:22 UTC 2020
2 ms. Memory: 51200K Free: 32952K (64%)
ptolemy.util.test.WatchDog.cancel(): canceling Mon Mar 02 21:01:22 UTC 2020
------------------ testing $PTII/ptolemy/domains/de/test/auto/DepthTest2.xml
auto.tcl: Setting watchdog for 200 seconds at Mon Mar 02 21:01:22 UTC 2020
4 ms. Memory: 51200K Free: 30165K (59%)
ptolemy.util.test.WatchDog.cancel(): canceling Mon Mar 02 21:01:23 UTC 2020
auto.tcl: Setting watchdog for 200 seconds at Mon Mar 02 21:01:23 UTC 2020
3 ms. Memory: 51200K Free: 29722K (58%)
ptolemy.util.test.WatchDog.cancel(): canceling Mon Mar 02 21:01:23 UTC 2020
------------------ testing $PTII/ptolemy/domains/de/test/auto/DepthTest3.xml
auto.tcl: Setting watchdog for 200 seconds at Mon Mar 02 21:01:23 UTC 2020
2 ms. Memory: 51200K Free: 33767K (66%)
ptolemy.util.test.WatchDog.cancel(): canceling Mon Mar 02 21:01:23 UTC 2020
auto.tcl: Setting watchdog for 200 seconds at Mon Mar 02 21:01:23 UTC 2020
1 ms. Memory: 51200K Free: 33281K (65%)
ptolemy.util.test.WatchDog.cancel(): canceling Mon Mar 02 21:01:23 UTC 2020
------------------ testing $PTII/ptolemy/domains/de/test/auto/DepthTest4.xml
auto.tcl: Setting watchdog for 200 seconds at Mon Mar 02 21:01:23 UTC 2020
4 ms. Memory: 51200K Free: 31499K (62%)
ptolemy.util.test.WatchDog.cancel(): canceling Mon Mar 02 21:01:23 UTC 2020
auto.tcl: Setting watchdog for 200 seconds at Mon Mar 02 21:01:23 UTC 2020
2 ms. Memory: 51200K Free: 31074K (61%)
ptolemy.util.test.WatchDog.cancel(): canceling Mon Mar 02 21:01:23 UTC 2020
------------------ testing $PTII/ptolemy/domains/de/test/auto/DepthTest5.xml
auto.tcl: Setting watchdog for 200 seconds at Mon Mar 02 21:01:23 UTC 2020
3 ms. Memory: 51200K Free: 31420K (61%)
ptolemy.util.test.WatchDog.cancel(): canceling Mon Mar 02 21:01:23 UTC 2020
auto.tcl: Setting watchdog for 200 seconds at Mon Mar 02 21:01:23 UTC 2020
3 ms. Memory: 51200K Free: 30684K (60%)
ptolemy.util.test.WatchDog.cancel(): canceling Mon Mar 02 21:01:23 UTC 2020
------------------ testing $PTII/ptolemy/domains/de/test/auto/DepthTest6.xml
auto.tcl: Setting watchdog for 200 seconds at Mon Mar 02 21:01:23 UTC 2020
4 ms. Memory: 51200K Free: 30915K (60%)
ptolemy.util.test.WatchDog.cancel(): canceling Mon Mar 02 21:01:23 UTC 2020
auto.tcl: Setting watchdog for 200 seconds at Mon Mar 02 21:01:23 UTC 2020
3 ms. Memory: 51200K Free: 30204K (59%)
ptolemy.util.test.WatchDog.cancel(): canceling Mon Mar 02 21:01:23 UTC 2020
------------------ testing $PTII/ptolemy/domains/de/test/auto/DepthTest7.xml
auto.tcl: Setting watchdog for 200 seconds at Mon Mar 02 21:01:23 UTC 2020
2 ms. Memory: 51200K Free: 31410K (61%)
ptolemy.util.test.WatchDog.cancel(): canceling Mon Mar 02 21:01:23 UTC 2020
auto.tcl: Setting watchdog for 200 seconds at Mon Mar 02 21:01:23 UTC 2020
2 ms. Memory: 51200K Free: 30969K (60%)
ptolemy.util.test.WatchDog.cancel(): canceling Mon Mar 02 21:01:23 UTC 2020
------------------ testing $PTII/ptolemy/domains/de/test/auto/EventToDate.xml
auto.tcl: Setting watchdog for 200 seconds at Mon Mar 02 21:01:23 UTC 2020
3006 ms. Memory: 51200K Free: 22711K (44%)
ptolemy.util.test.WatchDog.cancel(): canceling Mon Mar 02 21:01:26 UTC 2020
auto.tcl: Setting watchdog for 200 seconds at Mon Mar 02 21:01:26 UTC 2020
3004 ms. Memory: 51200K Free: 22059K (43%)
ptolemy.util.test.WatchDog.cancel(): canceling Mon Mar 02 21:01:29 UTC 2020
------------------ testing $PTII/ptolemy/domains/de/test/auto/FSM1.xml
auto.tcl: Setting watchdog for 200 seconds at Mon Mar 02 21:01:29 UTC 2020
24 ms. Memory: 51200K Free: 23969K (47%)
ptolemy.util.test.WatchDog.cancel(): canceling Mon Mar 02 21:01:29 UTC 2020
auto.tcl: Setting watchdog for 200 seconds at Mon Mar 02 21:01:29 UTC 2020
33 ms. Memory: 51200K Free: 20686K (40%)
ptolemy.util.test.WatchDog.cancel(): canceling Mon Mar 02 21:01:29 UTC 2020
------------------ testing $PTII/ptolemy/domains/de/test/auto/FSM7.xml
auto.tcl: Setting watchdog for 200 seconds at Mon Mar 02 21:01:29 UTC 2020
25 ms. Memory: 51200K Free: 23878K (47%)
ptolemy.util.test.WatchDog.cancel(): canceling Mon Mar 02 21:01:29 UTC 2020
auto.tcl: Setting watchdog for 200 seconds at Mon Mar 02 21:01:29 UTC 2020
15 ms. Memory: 51200K Free: 20925K (41%)
ptolemy.util.test.WatchDog.cancel(): canceling Mon Mar 02 21:01:29 UTC 2020
------------------ testing $PTII/ptolemy/domains/de/test/auto/Inspection.xml
auto.tcl: Setting watchdog for 200 seconds at Mon Mar 02 21:01:29 UTC 2020
31 ms. Memory: 51200K Free: 23646K (46%)
ptolemy.util.test.WatchDog.cancel(): canceling Mon Mar 02 21:01:29 UTC 2020
auto.tcl: Setting watchdog for 200 seconds at Mon Mar 02 21:01:29 UTC 2020
28 ms. Memory: 51200K Free: 21954K (43%)
ptolemy.util.test.WatchDog.cancel(): canceling Mon Mar 02 21:01:29 UTC 2020
------------------ testing $PTII/ptolemy/domains/de/test/auto/Iteration.xml
auto.tcl: Setting watchdog for 200 seconds at Mon Mar 02 21:01:29 UTC 2020
11 ms. Memory: 51200K Free: 29183K (57%)
ptolemy.util.test.WatchDog.cancel(): canceling Mon Mar 02 21:01:29 UTC 2020
auto.tcl: Setting watchdog for 200 seconds at Mon Mar 02 21:01:29 UTC 2020
6 ms. Memory: 51200K Free: 27995K (55%)
ptolemy.util.test.WatchDog.cancel(): canceling Mon Mar 02 21:01:29 UTC 2020
------------------ testing $PTII/ptolemy/domains/de/test/auto/LineFault.xml
auto.tcl: Setting watchdog for 200 seconds at Mon Mar 02 21:01:30 UTC 2020
693 ms. Memory: 51200K Free: 17457K (34%)
ptolemy.util.test.WatchDog.cancel(): canceling Mon Mar 02 21:01:30 UTC 2020
auto.tcl: Setting watchdog for 200 seconds at Mon Mar 02 21:01:30 UTC 2020
507 ms. Memory: 63488K Free: 46180K (73%)
ptolemy.util.test.WatchDog.cancel(): canceling Mon Mar 02 21:01:31 UTC 2020
------------------ testing $PTII/ptolemy/domains/de/test/auto/MergeModel1Add.xml
auto.tcl: Setting watchdog for 200 seconds at Mon Mar 02 21:01:31 UTC 2020
15 ms. Memory: 55296K Free: 19063K (34%)
ptolemy.util.test.WatchDog.cancel(): canceling Mon Mar 02 21:01:31 UTC 2020
auto.tcl: Setting watchdog for 200 seconds at Mon Mar 02 21:01:31 UTC 2020
9 ms. Memory: 55296K Free: 17587K (32%)
ptolemy.util.test.WatchDog.cancel(): canceling Mon Mar 02 21:01:31 UTC 2020
------------------ testing $PTII/ptolemy/domains/de/test/auto/MergeModel2Add.xml
auto.tcl: Setting watchdog for 200 seconds at Mon Mar 02 21:01:31 UTC 2020
11 ms. Memory: 55296K Free: 21950K (40%)
ptolemy.util.test.WatchDog.cancel(): canceling Mon Mar 02 21:01:31 UTC 2020
auto.tcl: Setting watchdog for 200 seconds at Mon Mar 02 21:01:31 UTC 2020
10 ms. Memory: 55296K Free: 20453K (37%)
ptolemy.util.test.WatchDog.cancel(): canceling Mon Mar 02 21:01:31 UTC 2020
------------------ testing $PTII/ptolemy/domains/de/test/auto/MergeModel3Add.xml
auto.tcl: Setting watchdog for 200 seconds at Mon Mar 02 21:01:31 UTC 2020
10 ms. Memory: 55296K Free: 22183K (40%)
ptolemy.util.test.WatchDog.cancel(): canceling Mon Mar 02 21:01:31 UTC 2020
auto.tcl: Setting watchdog for 200 seconds at Mon Mar 02 21:01:31 UTC 2020
10 ms. Memory: 55296K Free: 20461K (37%)
ptolemy.util.test.WatchDog.cancel(): canceling Mon Mar 02 21:01:31 UTC 2020
------------------ testing $PTII/ptolemy/domains/de/test/auto/MergeWithoutDiscard.xml
auto.tcl: Setting watchdog for 200 seconds at Mon Mar 02 21:01:31 UTC 2020
1 ms. Memory: 51200K Free: 32198K (63%)
ptolemy.util.test.WatchDog.cancel(): canceling Mon Mar 02 21:01:31 UTC 2020
auto.tcl: Setting watchdog for 200 seconds at Mon Mar 02 21:01:31 UTC 2020
2 ms. Memory: 51200K Free: 31302K (61%)
ptolemy.util.test.WatchDog.cancel(): canceling Mon Mar 02 21:01:31 UTC 2020
------------------ testing $PTII/ptolemy/domains/de/test/auto/Modal1.xml
auto.tcl: Setting watchdog for 200 seconds at Mon Mar 02 21:01:32 UTC 2020
11 ms. Memory: 51200K Free: 23809K (47%)
ptolemy.util.test.WatchDog.cancel(): canceling Mon Mar 02 21:01:32 UTC 2020
auto.tcl: Setting watchdog for 200 seconds at Mon Mar 02 21:01:32 UTC 2020
13 ms. Memory: 51200K Free: 20346K (40%)
ptolemy.util.test.WatchDog.cancel(): canceling Mon Mar 02 21:01:32 UTC 2020
------------------ testing $PTII/ptolemy/domains/de/test/auto/Modal2.xml
auto.tcl: Setting watchdog for 200 seconds at Mon Mar 02 21:01:32 UTC 2020
11 ms. Memory: 51200K Free: 23936K (47%)
ptolemy.util.test.WatchDog.cancel(): canceling Mon Mar 02 21:01:32 UTC 2020
auto.tcl: Setting watchdog for 200 seconds at Mon Mar 02 21:01:32 UTC 2020
12 ms. Memory: 51200K Free: 20672K (40%)
ptolemy.util.test.WatchDog.cancel(): canceling Mon Mar 02 21:01:32 UTC 2020
------------------ testing $PTII/ptolemy/domains/de/test/auto/Modal3.xml
auto.tcl: Setting watchdog for 200 seconds at Mon Mar 02 21:01:32 UTC 2020
17 ms. Memory: 51200K Free: 23683K (46%)
ptolemy.util.test.WatchDog.cancel(): canceling Mon Mar 02 21:01:32 UTC 2020
auto.tcl: Setting watchdog for 200 seconds at Mon Mar 02 21:01:32 UTC 2020
14 ms. Memory: 51200K Free: 20681K (40%)
ptolemy.util.test.WatchDog.cancel(): canceling Mon Mar 02 21:01:32 UTC 2020
------------------ testing $PTII/ptolemy/domains/de/test/auto/Modal4.xml
auto.tcl: Setting watchdog for 200 seconds at Mon Mar 02 21:01:32 UTC 2020
14 ms. Memory: 51200K Free: 22885K (45%)
ptolemy.util.test.WatchDog.cancel(): canceling Mon Mar 02 21:01:32 UTC 2020
auto.tcl: Setting watchdog for 200 seconds at Mon Mar 02 21:01:32 UTC 2020
14 ms. Memory: 51200K Free: 19069K (37%)
ptolemy.util.test.WatchDog.cancel(): canceling Mon Mar 02 21:01:32 UTC 2020
------------------ testing $PTII/ptolemy/domains/de/test/auto/Modal5.xml
auto.tcl: Setting watchdog for 200 seconds at Mon Mar 02 21:01:32 UTC 2020
16 ms. Memory: 51200K Free: 22894K (45%)
ptolemy.util.test.WatchDog.cancel(): canceling Mon Mar 02 21:01:32 UTC 2020
auto.tcl: Setting watchdog for 200 seconds at Mon Mar 02 21:01:32 UTC 2020
16 ms. Memory: 51200K Free: 19056K (37%)
ptolemy.util.test.WatchDog.cancel(): canceling Mon Mar 02 21:01:32 UTC 2020
------------------ testing $PTII/ptolemy/domains/de/test/auto/Modal6.xml
auto.tcl: Setting watchdog for 200 seconds at Mon Mar 02 21:01:32 UTC 2020
19 ms. Memory: 51200K Free: 23649K (46%)
ptolemy.util.test.WatchDog.cancel(): canceling Mon Mar 02 21:01:32 UTC 2020
auto.tcl: Setting watchdog for 200 seconds at Mon Mar 02 21:01:32 UTC 2020
18 ms. Memory: 51200K Free: 19691K (38%)
ptolemy.util.test.WatchDog.cancel(): canceling Mon Mar 02 21:01:32 UTC 2020
------------------ testing $PTII/ptolemy/domains/de/test/auto/Modal7.xml
auto.tcl: Setting watchdog for 200 seconds at Mon Mar 02 21:01:32 UTC 2020
16 ms. Memory: 51200K Free: 22604K (44%)
ptolemy.util.test.WatchDog.cancel(): canceling Mon Mar 02 21:01:32 UTC 2020
auto.tcl: Setting watchdog for 200 seconds at Mon Mar 02 21:01:32 UTC 2020
11 ms. Memory: 51200K Free: 19054K (37%)
ptolemy.util.test.WatchDog.cancel(): canceling Mon Mar 02 21:01:32 UTC 2020
------------------ testing $PTII/ptolemy/domains/de/test/auto/ModalModel.xml
auto.tcl: Setting watchdog for 200 seconds at Mon Mar 02 21:01:32 UTC 2020
205 ms. Memory: 51200K Free: 16701K (33%)
ptolemy.util.test.WatchDog.cancel(): canceling Mon Mar 02 21:01:33 UTC 2020
auto.tcl: Setting watchdog for 200 seconds at Mon Mar 02 21:01:33 UTC 2020
192 ms. Memory: 61440K Free: 20322K (33%)
ptolemy.util.test.WatchDog.cancel(): canceling Mon Mar 02 21:01:33 UTC 2020
------------------ testing $PTII/ptolemy/domains/de/test/auto/ModalSource.xml
auto.tcl: Setting watchdog for 200 seconds at Mon Mar 02 21:01:33 UTC 2020
6 ms. Memory: 55296K Free: 31824K (58%)
ptolemy.util.test.WatchDog.cancel(): canceling Mon Mar 02 21:01:33 UTC 2020
auto.tcl: Setting watchdog for 200 seconds at Mon Mar 02 21:01:33 UTC 2020
7 ms. Memory: 55296K Free: 29902K (54%)
ptolemy.util.test.WatchDog.cancel(): canceling Mon Mar 02 21:01:33 UTC 2020
------------------ testing $PTII/ptolemy/domains/de/test/auto/NonInterruptibleTimerZeroDelay.xml
auto.tcl: Setting watchdog for 200 seconds at Mon Mar 02 21:01:33 UTC 2020
3 ms. Memory: 55296K Free: 36955K (67%)
ptolemy.util.test.WatchDog.cancel(): canceling Mon Mar 02 21:01:33 UTC 2020
auto.tcl: Setting watchdog for 200 seconds at Mon Mar 02 21:01:33 UTC 2020
2 ms. Memory: 55296K Free: 36105K (65%)
ptolemy.util.test.WatchDog.cancel(): canceling Mon Mar 02 21:01:33 UTC 2020
------------------ testing $PTII/ptolemy/domains/de/test/auto/OpenQueueingNetwork.xml
auto.tcl: Setting watchdog for 200 seconds at Mon Mar 02 21:01:33 UTC 2020
2848 ms. Memory: 96256K Free: 41061K (43%)
ptolemy.util.test.WatchDog.cancel(): canceling Mon Mar 02 21:01:36 UTC 2020
auto.tcl: Setting watchdog for 200 seconds at Mon Mar 02 21:01:36 UTC 2020
2468 ms. Memory: 115712K Free: 80387K (69%)
ptolemy.util.test.WatchDog.cancel(): canceling Mon Mar 02 21:01:38 UTC 2020
------------------ testing $PTII/ptolemy/domains/de/test/auto/OpenQueuingNetwork.xml
auto.tcl: Setting watchdog for 200 seconds at Mon Mar 02 21:01:38 UTC 2020
271 ms. Memory: 58368K Free: 29438K (50%)
ptolemy.util.test.WatchDog.cancel(): canceling Mon Mar 02 21:01:39 UTC 2020
auto.tcl: Setting watchdog for 200 seconds at Mon Mar 02 21:01:39 UTC 2020
240 ms. Memory: 58368K Free: 10738K (18%)
ptolemy.util.test.WatchDog.cancel(): canceling Mon Mar 02 21:01:39 UTC 2020
------------------ testing $PTII/ptolemy/domains/de/test/auto/PeriodicSampler.xml
auto.tcl: Setting watchdog for 200 seconds at Mon Mar 02 21:01:39 UTC 2020
3 ms. Memory: 55296K Free: 35956K (65%)
ptolemy.util.test.WatchDog.cancel(): canceling Mon Mar 02 21:01:39 UTC 2020
auto.tcl: Setting watchdog for 200 seconds at Mon Mar 02 21:01:39 UTC 2020
2 ms. Memory: 55296K Free: 35436K (64%)
ptolemy.util.test.WatchDog.cancel(): canceling Mon Mar 02 21:01:39 UTC 2020
------------------ testing $PTII/ptolemy/domains/de/test/auto/PersistentIO.xml
auto.tcl: Setting watchdog for 200 seconds at Mon Mar 02 21:01:39 UTC 2020
12 ms. Memory: 55296K Free: 30882K (56%)
ptolemy.util.test.WatchDog.cancel(): canceling Mon Mar 02 21:01:39 UTC 2020
auto.tcl: Setting watchdog for 200 seconds at Mon Mar 02 21:01:39 UTC 2020
3 ms. Memory: 55296K Free: 29362K (53%)
ptolemy.util.test.WatchDog.cancel(): canceling Mon Mar 02 21:01:39 UTC 2020
------------------ testing $PTII/ptolemy/domains/de/test/auto/PortParameterResetOnInitialize.xml
auto.tcl: Setting watchdog for 200 seconds at Mon Mar 02 21:01:39 UTC 2020
2 ms. Memory: 51200K Free: 31753K (62%)
ptolemy.util.test.WatchDog.cancel(): canceling Mon Mar 02 21:01:39 UTC 2020
auto.tcl: Setting watchdog for 200 seconds at Mon Mar 02 21:01:39 UTC 2020
2 ms. Memory: 51200K Free: 31273K (61%)
ptolemy.util.test.WatchDog.cancel(): canceling Mon Mar 02 21:01:39 UTC 2020
------------------ testing $PTII/ptolemy/domains/de/test/auto/PortParameterUpdates.xml
auto.tcl: Setting watchdog for 200 seconds at Mon Mar 02 21:01:39 UTC 2020
5 ms. Memory: 51200K Free: 29868K (58%)
ptolemy.util.test.WatchDog.cancel(): canceling Mon Mar 02 21:01:39 UTC 2020
auto.tcl: Setting watchdog for 200 seconds at Mon Mar 02 21:01:39 UTC 2020
5 ms. Memory: 51200K Free: 28818K (56%)
ptolemy.util.test.WatchDog.cancel(): canceling Mon Mar 02 21:01:39 UTC 2020
------------------ testing $PTII/ptolemy/domains/de/test/auto/QueueAndServer.xml
auto.tcl: Setting watchdog for 200 seconds at Mon Mar 02 21:01:39 UTC 2020
13 ms. Memory: 51200K Free: 28807K (56%)
ptolemy.util.test.WatchDog.cancel(): canceling Mon Mar 02 21:01:39 UTC 2020
auto.tcl: Setting watchdog for 200 seconds at Mon Mar 02 21:01:39 UTC 2020
8 ms. Memory: 51200K Free: 27273K (53%)
ptolemy.util.test.WatchDog.cancel(): canceling Mon Mar 02 21:01:39 UTC 2020
------------------ testing $PTII/ptolemy/domains/de/test/auto/Records.xml
auto.tcl: Setting watchdog for 200 seconds at Mon Mar 02 21:01:39 UTC 2020
6 ms. Memory: 51200K Free: 31023K (61%)
ptolemy.util.test.WatchDog.cancel(): canceling Mon Mar 02 21:01:40 UTC 2020
auto.tcl: Setting watchdog for 200 seconds at Mon Mar 02 21:01:40 UTC 2020
3 ms. Memory: 51200K Free: 30518K (60%)
ptolemy.util.test.WatchDog.cancel(): canceling Mon Mar 02 21:01:40 UTC 2020
------------------ testing $PTII/ptolemy/domains/de/test/auto/ResetTransitionWithStartTime1.xml
auto.tcl: Setting watchdog for 200 seconds at Mon Mar 02 21:01:40 UTC 2020
15 ms. Memory: 51200K Free: 28269K (55%)
ptolemy.util.test.WatchDog.cancel(): canceling Mon Mar 02 21:01:40 UTC 2020
auto.tcl: Setting watchdog for 200 seconds at Mon Mar 02 21:01:40 UTC 2020
6 ms. Memory: 51200K Free: 25722K (50%)
ptolemy.util.test.WatchDog.cancel(): canceling Mon Mar 02 21:01:40 UTC 2020
------------------ testing $PTII/ptolemy/domains/de/test/auto/ResetTransitionWithStartTime2.xml
auto.tcl: Setting watchdog for 200 seconds at Mon Mar 02 21:01:40 UTC 2020
5 ms. Memory: 51200K Free: 28225K (55%)
ptolemy.util.test.WatchDog.cancel(): canceling Mon Mar 02 21:01:40 UTC 2020
auto.tcl: Setting watchdog for 200 seconds at Mon Mar 02 21:01:40 UTC 2020
5 ms. Memory: 51200K Free: 26177K (51%)
ptolemy.util.test.WatchDog.cancel(): canceling Mon Mar 02 21:01:40 UTC 2020
------------------ testing $PTII/ptolemy/domains/de/test/auto/ResetTransitionWithStartTime3.xml
auto.tcl: Setting watchdog for 200 seconds at Mon Mar 02 21:01:40 UTC 2020
10 ms. Memory: 51200K Free: 28224K (55%)
ptolemy.util.test.WatchDog.cancel(): canceling Mon Mar 02 21:01:40 UTC 2020
auto.tcl: Setting watchdog for 200 seconds at Mon Mar 02 21:01:40 UTC 2020
6 ms. Memory: 51200K Free: 26176K (51%)
ptolemy.util.test.WatchDog.cancel(): canceling Mon Mar 02 21:01:40 UTC 2020
------------------ testing $PTII/ptolemy/domains/de/test/auto/ResetTransitionWithStartTime4.xml
auto.tcl: Setting watchdog for 200 seconds at Mon Mar 02 21:01:40 UTC 2020
10 ms. Memory: 51200K Free: 28671K (56%)
ptolemy.util.test.WatchDog.cancel(): canceling Mon Mar 02 21:01:40 UTC 2020
auto.tcl: Setting watchdog for 200 seconds at Mon Mar 02 21:01:40 UTC 2020
4 ms. Memory: 51200K Free: 27199K (53%)
ptolemy.util.test.WatchDog.cancel(): canceling Mon Mar 02 21:01:40 UTC 2020
------------------ testing $PTII/ptolemy/domains/de/test/auto/ResettableTimer1.xml
auto.tcl: Setting watchdog for 200 seconds at Mon Mar 02 21:01:40 UTC 2020
3 ms. Memory: 51200K Free: 32400K (63%)
ptolemy.util.test.WatchDog.cancel(): canceling Mon Mar 02 21:01:40 UTC 2020
auto.tcl: Setting watchdog for 200 seconds at Mon Mar 02 21:01:40 UTC 2020
3 ms. Memory: 51200K Free: 31773K (62%)
ptolemy.util.test.WatchDog.cancel(): canceling Mon Mar 02 21:01:40 UTC 2020
------------------ testing $PTII/ptolemy/domains/de/test/auto/ResettableTimer2.xml
auto.tcl: Setting watchdog for 200 seconds at Mon Mar 02 21:01:40 UTC 2020
4 ms. Memory: 51200K Free: 32357K (63%)
ptolemy.util.test.WatchDog.cancel(): canceling Mon Mar 02 21:01:40 UTC 2020
auto.tcl: Setting watchdog for 200 seconds at Mon Mar 02 21:01:40 UTC 2020
3 ms. Memory: 51200K Free: 31333K (61%)
ptolemy.util.test.WatchDog.cancel(): canceling Mon Mar 02 21:01:40 UTC 2020
------------------ testing $PTII/ptolemy/domains/de/test/auto/ResettableTimer3.xml
auto.tcl: Setting watchdog for 200 seconds at Mon Mar 02 21:01:40 UTC 2020
1 ms. Memory: 51200K Free: 32852K (64%)
ptolemy.util.test.WatchDog.cancel(): canceling Mon Mar 02 21:01:40 UTC 2020
auto.tcl: Setting watchdog for 200 seconds at Mon Mar 02 21:01:40 UTC 2020
2 ms. Memory: 51200K Free: 32356K (63%)
ptolemy.util.test.WatchDog.cancel(): canceling Mon Mar 02 21:01:40 UTC 2020
------------------ testing $PTII/ptolemy/domains/de/test/auto/ResettableTimer4.xml
auto.tcl: Setting watchdog for 200 seconds at Mon Mar 02 21:01:40 UTC 2020
1 ms. Memory: 51200K Free: 32370K (63%)
ptolemy.util.test.WatchDog.cancel(): canceling Mon Mar 02 21:01:40 UTC 2020
auto.tcl: Setting watchdog for 200 seconds at Mon Mar 02 21:01:40 UTC 2020
2 ms. Memory: 51200K Free: 31871K (62%)
ptolemy.util.test.WatchDog.cancel(): canceling Mon Mar 02 21:01:40 UTC 2020
------------------ testing $PTII/ptolemy/domains/de/test/auto/ResettableTimer5.xml
auto.tcl: Setting watchdog for 200 seconds at Mon Mar 02 21:01:40 UTC 2020
1 ms. Memory: 51200K Free: 32368K (63%)
ptolemy.util.test.WatchDog.cancel(): canceling Mon Mar 02 21:01:40 UTC 2020
auto.tcl: Setting watchdog for 200 seconds at Mon Mar 02 21:01:40 UTC 2020
2 ms. Memory: 51200K Free: 31868K (62%)
ptolemy.util.test.WatchDog.cancel(): canceling Mon Mar 02 21:01:40 UTC 2020
------------------ testing $PTII/ptolemy/domains/de/test/auto/ResettableTimer6.xml
auto.tcl: Setting watchdog for 200 seconds at Mon Mar 02 21:01:40 UTC 2020
1 ms. Memory: 51200K Free: 31845K (62%)
ptolemy.util.test.WatchDog.cancel(): canceling Mon Mar 02 21:01:40 UTC 2020
auto.tcl: Setting watchdog for 200 seconds at Mon Mar 02 21:01:40 UTC 2020
1 ms. Memory: 51200K Free: 31335K (61%)
ptolemy.util.test.WatchDog.cancel(): canceling Mon Mar 02 21:01:40 UTC 2020
------------------ testing $PTII/ptolemy/domains/de/test/auto/ServerZeroDelay.xml
auto.tcl: Setting watchdog for 200 seconds at Mon Mar 02 21:01:40 UTC 2020
3 ms. Memory: 51200K Free: 32350K (63%)
ptolemy.util.test.WatchDog.cancel(): canceling Mon Mar 02 21:01:40 UTC 2020
auto.tcl: Setting watchdog for 200 seconds at Mon Mar 02 21:01:40 UTC 2020
2 ms. Memory: 51200K Free: 31326K (61%)
ptolemy.util.test.WatchDog.cancel(): canceling Mon Mar 02 21:01:40 UTC 2020
------------------ testing $PTII/ptolemy/domains/de/test/auto/SmartSender.xml
auto.tcl: Setting watchdog for 200 seconds at Mon Mar 02 21:01:40 UTC 2020
3001 ms. Memory: 51200K Free: 32344K (63%)
ptolemy.util.test.WatchDog.cancel(): canceling Mon Mar 02 21:01:43 UTC 2020
auto.tcl: Setting watchdog for 200 seconds at Mon Mar 02 21:01:43 UTC 2020
3003 ms. Memory: 51200K Free: 31800K (62%)
ptolemy.util.test.WatchDog.cancel(): canceling Mon Mar 02 21:01:46 UTC 2020
------------------ testing $PTII/ptolemy/domains/de/test/auto/ThreadedComposite.xml
auto.tcl: Setting watchdog for 200 seconds at Mon Mar 02 21:01:46 UTC 2020
153 ms. Memory: 51200K Free: 12902K (25%)
ptolemy.util.test.WatchDog.cancel(): canceling Mon Mar 02 21:01:47 UTC 2020
auto.tcl: Setting watchdog for 200 seconds at Mon Mar 02 21:01:47 UTC 2020
115 ms. Memory: 51200K Free: 28553K (56%)
ptolemy.util.test.WatchDog.cancel(): canceling Mon Mar 02 21:01:47 UTC 2020
------------------ testing $PTII/ptolemy/domains/de/test/auto/Time.xml
auto.tcl: Setting watchdog for 200 seconds at Mon Mar 02 21:01:47 UTC 2020
491 ms. Memory: 51200K Free: 9627K (19%)
ptolemy.util.test.WatchDog.cancel(): canceling Mon Mar 02 21:01:47 UTC 2020
auto.tcl: Setting watchdog for 200 seconds at Mon Mar 02 21:01:47 UTC 2020
476 ms. Memory: 51200K Free: 14865K (29%)
ptolemy.util.test.WatchDog.cancel(): canceling Mon Mar 02 21:01:48 UTC 2020
------------------ testing $PTII/ptolemy/domains/de/test/auto/TimeDelayZeroDelay.xml
auto.tcl: Setting watchdog for 200 seconds at Mon Mar 02 21:01:48 UTC 2020
2 ms. Memory: 51200K Free: 32275K (63%)
ptolemy.util.test.WatchDog.cancel(): canceling Mon Mar 02 21:01:48 UTC 2020
auto.tcl: Setting watchdog for 200 seconds at Mon Mar 02 21:01:48 UTC 2020
2 ms. Memory: 51200K Free: 31416K (61%)
ptolemy.util.test.WatchDog.cancel(): canceling Mon Mar 02 21:01:48 UTC 2020
------------------ testing $PTII/ptolemy/domains/de/test/auto/TimerZeroDelay.xml
auto.tcl: Setting watchdog for 200 seconds at Mon Mar 02 21:01:48 UTC 2020
3 ms. Memory: 51200K Free: 32683K (64%)
ptolemy.util.test.WatchDog.cancel(): canceling Mon Mar 02 21:01:48 UTC 2020
auto.tcl: Setting watchdog for 200 seconds at Mon Mar 02 21:01:48 UTC 2020
2 ms. Memory: 51200K Free: 31887K (62%)
ptolemy.util.test.WatchDog.cancel(): canceling Mon Mar 02 21:01:48 UTC 2020
------------------ testing $PTII/ptolemy/domains/de/test/auto/TimingParadox.xml
auto.tcl: Setting watchdog for 200 seconds at Mon Mar 02 21:01:48 UTC 2020
371 ms. Memory: 51200K Free: 17385K (34%)
ptolemy.util.test.WatchDog.cancel(): canceling Mon Mar 02 21:01:48 UTC 2020
auto.tcl: Setting watchdog for 200 seconds at Mon Mar 02 21:01:48 UTC 2020
315 ms. Memory: 51200K Free: 33232K (65%)
ptolemy.util.test.WatchDog.cancel(): canceling Mon Mar 02 21:01:49 UTC 2020
------------------ testing $PTII/ptolemy/domains/de/test/auto/TransferInputs.xml
auto.tcl: Setting watchdog for 200 seconds at Mon Mar 02 21:01:49 UTC 2020
2 ms. Memory: 51200K Free: 30785K (60%)
ptolemy.util.test.WatchDog.cancel(): canceling Mon Mar 02 21:01:49 UTC 2020
auto.tcl: Setting watchdog for 200 seconds at Mon Mar 02 21:01:49 UTC 2020
2 ms. Memory: 51200K Free: 29912K (58%)
ptolemy.util.test.WatchDog.cancel(): canceling Mon Mar 02 21:01:49 UTC 2020
------------------ testing $PTII/ptolemy/domains/de/test/auto/TransferOutputs2.xml
auto.tcl: Setting watchdog for 200 seconds at Mon Mar 02 21:01:49 UTC 2020
10 ms. Memory: 51200K Free: 28228K (55%)
ptolemy.util.test.WatchDog.cancel(): canceling Mon Mar 02 21:01:49 UTC 2020
auto.tcl: Setting watchdog for 200 seconds at Mon Mar 02 21:01:49 UTC 2020
4 ms. Memory: 51200K Free: 26826K (52%)
ptolemy.util.test.WatchDog.cancel(): canceling Mon Mar 02 21:01:49 UTC 2020
------------------ testing $PTII/ptolemy/domains/de/test/auto/Trilateration.xml
auto.tcl: Setting watchdog for 200 seconds at Mon Mar 02 21:01:49 UTC 2020
12982 ms. Memory: 502784K Free: 189460K (38%)
ptolemy.util.test.WatchDog.cancel(): canceling Mon Mar 02 21:02:03 UTC 2020
auto.tcl: Setting watchdog for 200 seconds at Mon Mar 02 21:02:03 UTC 2020
9806 ms. Memory: 502784K Free: 227398K (45%)
ptolemy.util.test.WatchDog.cancel(): canceling Mon Mar 02 21:02:13 UTC 2020
------------------ testing $PTII/ptolemy/domains/de/test/auto/TwoSigmaDelta.xml
auto.tcl: Setting watchdog for 200 seconds at Mon Mar 02 21:02:13 UTC 2020
2303 ms. Memory: 92160K Free: 26389K (29%)
ptolemy.util.test.WatchDog.cancel(): canceling Mon Mar 02 21:02:15 UTC 2020
auto.tcl: Setting watchdog for 200 seconds at Mon Mar 02 21:02:15 UTC 2020
1819 ms. Memory: 92160K Free: 27908K (30%)
ptolemy.util.test.WatchDog.cancel(): canceling Mon Mar 02 21:02:17 UTC 2020
------------------ testing $PTII/ptolemy/domains/de/test/auto/VariableDelay.xml
auto.tcl: Setting watchdog for 200 seconds at Mon Mar 02 21:02:17 UTC 2020
3 ms. Memory: 55296K Free: 35375K (64%)
ptolemy.util.test.WatchDog.cancel(): canceling Mon Mar 02 21:02:17 UTC 2020
auto.tcl: Setting watchdog for 200 seconds at Mon Mar 02 21:02:17 UTC 2020
2 ms. Memory: 55296K Free: 34365K (62%)
ptolemy.util.test.WatchDog.cancel(): canceling Mon Mar 02 21:02:17 UTC 2020
------------------ testing $PTII/ptolemy/domains/de/test/auto/VariableDelay2.xml
auto.tcl: Setting watchdog for 200 seconds at Mon Mar 02 21:02:17 UTC 2020
2 ms. Memory: 55296K Free: 35961K (65%)
ptolemy.util.test.WatchDog.cancel(): canceling Mon Mar 02 21:02:17 UTC 2020
auto.tcl: Setting watchdog for 200 seconds at Mon Mar 02 21:02:17 UTC 2020
2 ms. Memory: 55296K Free: 35417K (64%)
ptolemy.util.test.WatchDog.cancel(): canceling Mon Mar 02 21:02:17 UTC 2020
------------------ testing $PTII/ptolemy/domains/de/test/auto/VariableDelayZeroDelay.xml
auto.tcl: Setting watchdog for 200 seconds at Mon Mar 02 21:02:17 UTC 2020
2 ms. Memory: 55296K Free: 36302K (66%)
ptolemy.util.test.WatchDog.cancel(): canceling Mon Mar 02 21:02:17 UTC 2020
auto.tcl: Setting watchdog for 200 seconds at Mon Mar 02 21:02:17 UTC 2020
3 ms. Memory: 55296K Free: 35788K (65%)
ptolemy.util.test.WatchDog.cancel(): canceling Mon Mar 02 21:02:17 UTC 2020
------------------ testing $PTII/ptolemy/domains/de/test/auto/VariableDelayZeroDelay2.xml
auto.tcl: Setting watchdog for 200 seconds at Mon Mar 02 21:02:17 UTC 2020
6 ms. Memory: 51200K Free: 32205K (63%)
ptolemy.util.test.WatchDog.cancel(): canceling Mon Mar 02 21:02:17 UTC 2020
auto.tcl: Setting watchdog for 200 seconds at Mon Mar 02 21:02:17 UTC 2020
2 ms. Memory: 51200K Free: 31181K (61%)
ptolemy.util.test.WatchDog.cancel(): canceling Mon Mar 02 21:02:17 UTC 2020
------------------ testing $PTII/ptolemy/domains/de/test/auto/deInCt.xml
auto.tcl: Setting watchdog for 200 seconds at Mon Mar 02 21:02:18 UTC 2020
0
1
1
1
0
0
0
1
1
1
0
0
1
1
1
1
1
0
0
0
1
1
1
0
0
0
0
1
1
1
0
0
0
0
1
1
1
0
0
0
1
1
1
1
14 ms. Memory: 51200K Free: 31178K (61%)
ptolemy.util.test.WatchDog.cancel(): canceling Mon Mar 02 21:02:18 UTC 2020
auto.tcl: Setting watchdog for 200 seconds at Mon Mar 02 21:02:18 UTC 2020
0
1
1
1
0
0
0
1
1
1
0
0
0
0
0
1
1
1
0
0
1
1
1
1
0
0
1
1
1
0
0
0
0
1
1
1
0
0
0
1
1
1
0
0
0
1
1
1
1
7 ms. Memory: 51200K Free: 29647K (58%)
ptolemy.util.test.WatchDog.cancel(): canceling Mon Mar 02 21:02:18 UTC 2020
------------------ testing $PTII/ptolemy/domains/de/test/auto/deInCt2.xml
auto.tcl: Setting watchdog for 200 seconds at Mon Mar 02 21:02:18 UTC 2020
0
1
1
1
0
0
1
1
1
0
0
1
1
1
0
0
1
1
1
0
0
1
1
1
0
0
1
1
1
0
0
1
1
1
0
0
1
1
1
0
0
0
14 ms. Memory: 51200K Free: 31179K (61%)
ptolemy.util.test.WatchDog.cancel(): canceling Mon Mar 02 21:02:18 UTC 2020
auto.tcl: Setting watchdog for 200 seconds at Mon Mar 02 21:02:18 UTC 2020
0
1
1
1
0
0
1
1
1
0
0
1
1
1
0
0
1
1
1
0
0
1
1
1
0
0
1
1
1
0
0
1
1
1
0
0
1
1
1
0
0
0
8 ms. Memory: 51200K Free: 29648K (58%)
ptolemy.util.test.WatchDog.cancel(): canceling Mon Mar 02 21:02:18 UTC 2020
------------------ testing $PTII/ptolemy/domains/de/test/auto/dynamicCausalityInterface1.xml
auto.tcl: Setting watchdog for 200 seconds at Mon Mar 02 21:02:18 UTC 2020
4 ms. Memory: 51200K Free: 26564K (52%)
ptolemy.util.test.WatchDog.cancel(): canceling Mon Mar 02 21:02:18 UTC 2020
auto.tcl: Setting watchdog for 200 seconds at Mon Mar 02 21:02:18 UTC 2020
1 ms. Memory: 51200K Free: 26054K (51%)
ptolemy.util.test.WatchDog.cancel(): canceling Mon Mar 02 21:02:18 UTC 2020
------------------ testing $PTII/ptolemy/domains/de/test/auto/fsm_de_test.xml
auto.tcl: Setting watchdog for 200 seconds at Mon Mar 02 21:02:18 UTC 2020
9 ms. Memory: 51200K Free: 26977K (53%)
ptolemy.util.test.WatchDog.cancel(): canceling Mon Mar 02 21:02:18 UTC 2020
auto.tcl: Setting watchdog for 200 seconds at Mon Mar 02 21:02:18 UTC 2020
5 ms. Memory: 51200K Free: 24929K (49%)
ptolemy.util.test.WatchDog.cancel(): canceling Mon Mar 02 21:02:18 UTC 2020
------------------ testing $PTII/ptolemy/domains/de/test/auto/functionDependencyReconstruction.xml
auto.tcl: Setting watchdog for 200 seconds at Mon Mar 02 21:02:18 UTC 2020
3 ms. Memory: 51200K Free: 20822K (41%)
ptolemy.util.test.WatchDog.cancel(): canceling Mon Mar 02 21:02:18 UTC 2020
auto.tcl: Setting watchdog for 200 seconds at Mon Mar 02 21:02:18 UTC 2020
3 ms. Memory: 51200K Free: 18774K (37%)
ptolemy.util.test.WatchDog.cancel(): canceling Mon Mar 02 21:02:18 UTC 2020
------------------ testing $PTII/ptolemy/domains/de/test/auto/multirate.xml
auto.tcl: Setting watchdog for 200 seconds at Mon Mar 02 21:02:18 UTC 2020
8 ms. Memory: 51200K Free: 29393K (57%)
ptolemy.util.test.WatchDog.cancel(): canceling Mon Mar 02 21:02:18 UTC 2020
auto.tcl: Setting watchdog for 200 seconds at Mon Mar 02 21:02:18 UTC 2020
3 ms. Memory: 51200K Free: 27883K (54%)
ptolemy.util.test.WatchDog.cancel(): canceling Mon Mar 02 21:02:18 UTC 2020
------------------ testing $PTII/ptolemy/domains/de/test/auto/multirate2.xml
auto.tcl: Setting watchdog for 200 seconds at Mon Mar 02 21:02:18 UTC 2020
4 ms. Memory: 51200K Free: 29798K (58%)
ptolemy.util.test.WatchDog.cancel(): canceling Mon Mar 02 21:02:18 UTC 2020
auto.tcl: Setting watchdog for 200 seconds at Mon Mar 02 21:02:18 UTC 2020
3 ms. Memory: 51200K Free: 28064K (55%)
ptolemy.util.test.WatchDog.cancel(): canceling Mon Mar 02 21:02:18 UTC 2020
------------------ testing $PTII/ptolemy/domains/de/test/auto/realtime.xml
auto.tcl: Setting watchdog for 200 seconds at Mon Mar 02 21:02:18 UTC 2020
10001 ms. Memory: 51200K Free: 31829K (62%)
ptolemy.util.test.WatchDog.cancel(): canceling Mon Mar 02 21:02:28 UTC 2020
auto.tcl: Setting watchdog for 200 seconds at Mon Mar 02 21:02:28 UTC 2020
10002 ms. Memory: 51200K Free: 31124K (61%)
ptolemy.util.test.WatchDog.cancel(): canceling Mon Mar 02 21:02:38 UTC 2020
------------------ testing $PTII/ptolemy/domains/de/test/auto/relationGroup.xml
auto.tcl: Setting watchdog for 200 seconds at Mon Mar 02 21:02:38 UTC 2020
2 ms. Memory: 51200K Free: 32939K (64%)
ptolemy.util.test.WatchDog.cancel(): canceling Mon Mar 02 21:02:38 UTC 2020
auto.tcl: Setting watchdog for 200 seconds at Mon Mar 02 21:02:38 UTC 2020
3 ms. Memory: 51200K Free: 32427K (63%)
ptolemy.util.test.WatchDog.cancel(): canceling Mon Mar 02 21:02:38 UTC 2020
------------------ testing $PTII/ptolemy/domains/de/test/auto/relationGroup2.xml
auto.tcl: Setting watchdog for 200 seconds at Mon Mar 02 21:02:38 UTC 2020
4 ms. Memory: 51200K Free: 32965K (64%)
ptolemy.util.test.WatchDog.cancel(): canceling Mon Mar 02 21:02:38 UTC 2020
auto.tcl: Setting watchdog for 200 seconds at Mon Mar 02 21:02:38 UTC 2020
1 ms. Memory: 51200K Free: 32229K (63%)
ptolemy.util.test.WatchDog.cancel(): canceling Mon Mar 02 21:02:38 UTC 2020
------------------ testing $PTII/ptolemy/domains/de/test/auto/sortWithOpaquePorts.xml
auto.tcl: Setting watchdog for 200 seconds at Mon Mar 02 21:02:38 UTC 2020
1 ms. Memory: 51200K Free: 31703K (62%)
ptolemy.util.test.WatchDog.cancel(): canceling Mon Mar 02 21:02:38 UTC 2020
auto.tcl: Setting watchdog for 200 seconds at Mon Mar 02 21:02:38 UTC 2020
2 ms. Memory: 51200K Free: 30705K (60%)
ptolemy.util.test.WatchDog.cancel(): canceling Mon Mar 02 21:02:38 UTC 2020
------------------ testing $PTII/ptolemy/domains/de/test/auto/transferInputsandOutputs.xml
auto.tcl: Setting watchdog for 200 seconds at Mon Mar 02 21:02:38 UTC 2020
2 ms. Memory: 51200K Free: 29146K (57%)
ptolemy.util.test.WatchDog.cancel(): canceling Mon Mar 02 21:02:38 UTC 2020
auto.tcl: Setting watchdog for 200 seconds at Mon Mar 02 21:02:38 UTC 2020
3 ms. Memory: 51200K Free: 28132K (55%)
ptolemy.util.test.WatchDog.cancel(): canceling Mon Mar 02 21:02:38 UTC 2020
------------------ testing $PTII/ptolemy/domains/de/test/auto/triggerType.xml
auto.tcl: Setting watchdog for 200 seconds at Mon Mar 02 21:02:38 UTC 2020
1 ms. Memory: 51200K Free: 32171K (63%)
ptolemy.util.test.WatchDog.cancel(): canceling Mon Mar 02 21:02:38 UTC 2020
auto.tcl: Setting watchdog for 200 seconds at Mon Mar 02 21:02:38 UTC 2020
1 ms. Memory: 51200K Free: 31147K (61%)
ptolemy.util.test.WatchDog.cancel(): canceling Mon Mar 02 21:02:38 UTC 2020
03/02/20 09:02:38
Failed: 0  Total Tests: 192  ((Passed: 187, Newly Passed: 1)  Known Failed: 5) /home/travis/build/icyphy/ptII/ptolemy/domains/de/test
03/02/20 09:02:38
Failed: 0  Total Tests: 192  ((Passed: 187, Newly Passed: 1)  Known Failed: 5) /home/travis/build/icyphy/ptII/ptolemy/domains/de/test
----------------- testing (KnownFailure) /home/travis/build/icyphy/ptII/ptolemy/domains/de/test/auto/knownFailedTests/DESDFClockTest.xml
2010 ms. Memory: 51200K Free: 25056K (49%)
Known Failure: java.lang.reflect.InvocationTargetException
----------------- testing (KnownFailure) /home/travis/build/icyphy/ptII/ptolemy/domains/de/test/auto/knownFailedTests/DirectFeedback.xml
2 ms. Memory: 51200K Free: 20960K (41%)
Known Failure: java.lang.reflect.InvocationTargetException
----------------- testing (KnownFailure) /home/travis/build/icyphy/ptII/ptolemy/domains/de/test/auto/knownFailedTests/FSMSource.xml
24 ms. Memory: 51200K Free: 13792K (27%)
----------------- testing (KnownFailure) /home/travis/build/icyphy/ptII/ptolemy/domains/de/test/auto/knownFailedTests/HierarchicalModel.xml
4 ms. Memory: 51200K Free: 26950K (53%)
Known Failure: java.lang.reflect.InvocationTargetException
----------------- testing (KnownFailure) /home/travis/build/icyphy/ptII/ptolemy/domains/de/test/auto/knownFailedTests/dependencyLoop.xml
3 ms. Memory: 51200K Free: 11606K (23%)
Known Failure: java.lang.reflect.InvocationTargetException
----------------- testing (KnownFailure) /home/travis/build/icyphy/ptII/ptolemy/domains/de/test/auto/knownFailedTests/dependencyLoop2.xml
6 ms. Memory: 51200K Free: 25605K (50%)
Known Failure: java.lang.reflect.InvocationTargetException
No auto/linux-amd64/*.xml tests in /home/travis/build/icyphy/ptII/ptolemy/domains/de/test
AutoTests.java: About to close Vertx.
AutoTests.java: Vertx closed.

===========================================================================================
----------------- testing Mon Mar 02 21:02:41 UTC 2020 /home/travis/build/icyphy/ptII/ptolemy/domains/de/test/auto/ActorDepthCalculation_actorWithoutPorts.xml
----------------- Instantiating /home/travis/build/icyphy/ptII/ptolemy/domains/de/test/auto/ActorDepthCalculation_actorWithoutPorts.xml
2 ms. Memory: 51200K Free: 18823K (37%)
----------------- Invoking toplevel() on ptolemy.moml.MoMLSimpleApplication@7dc7a856
----------------- Done invoking toplevel() on ptolemy.moml.MoMLSimpleApplication@7dc7a856
reloadAllAccessors: .ActorDepthCalculation_actorWithoutPorts

===========================================================================================
----------------- testing Mon Mar 02 21:02:41 UTC 2020 /home/travis/build/icyphy/ptII/ptolemy/domains/de/test/auto/AssemblyLine.xml
----------------- Instantiating /home/travis/build/icyphy/ptII/ptolemy/domains/de/test/auto/AssemblyLine.xml
4 ms. Memory: 51200K Free: 11703K (23%)
----------------- Invoking toplevel() on ptolemy.moml.MoMLSimpleApplication@a6f6c71
----------------- Done invoking toplevel() on ptolemy.moml.MoMLSimpleApplication@a6f6c71
reloadAllAccessors: .AssemblyLine

===========================================================================================
----------------- testing Mon Mar 02 21:02:41 UTC 2020 /home/travis/build/icyphy/ptII/ptolemy/domains/de/test/auto/CQBug1.xml
----------------- Instantiating /home/travis/build/icyphy/ptII/ptolemy/domains/de/test/auto/CQBug1.xml
1 ms. Memory: 51200K Free: 8918K (17%)
----------------- Invoking toplevel() on ptolemy.moml.MoMLSimpleApplication@df10fe1
----------------- Done invoking toplevel() on ptolemy.moml.MoMLSimpleApplication@df10fe1
reloadAllAccessors: .CQBug1

===========================================================================================
----------------- testing Mon Mar 02 21:02:41 UTC 2020 /home/travis/build/icyphy/ptII/ptolemy/domains/de/test/auto/CancelFireAt.xml
----------------- Instantiating /home/travis/build/icyphy/ptII/ptolemy/domains/de/test/auto/CancelFireAt.xml
2 ms. Memory: 51200K Free: 35255K (69%)
----------------- Invoking toplevel() on ptolemy.moml.MoMLSimpleApplication@156a3b67
----------------- Done invoking toplevel() on ptolemy.moml.MoMLSimpleApplication@156a3b67
reloadAllAccessors: .CancelFireAt

===========================================================================================
----------------- testing Mon Mar 02 21:02:41 UTC 2020 /home/travis/build/icyphy/ptII/ptolemy/domains/de/test/auto/CausalityAndComposabilityAnalysis.xml
----------------- Instantiating /home/travis/build/icyphy/ptII/ptolemy/domains/de/test/auto/CausalityAndComposabilityAnalysis.xml
2 ms. Memory: 51200K Free: 31030K (61%)
----------------- Invoking toplevel() on ptolemy.moml.MoMLSimpleApplication@b9c1cd7
----------------- Done invoking toplevel() on ptolemy.moml.MoMLSimpleApplication@b9c1cd7
reloadAllAccessors: .CausalityAndComposabilityAnalysis

===========================================================================================
----------------- testing Mon Mar 02 21:02:41 UTC 2020 /home/travis/build/icyphy/ptII/ptolemy/domains/de/test/auto/CausalityInterface1.xml
----------------- Instantiating /home/travis/build/icyphy/ptII/ptolemy/domains/de/test/auto/CausalityInterface1.xml
5 ms. Memory: 51200K Free: 25902K (51%)
----------------- Invoking toplevel() on ptolemy.moml.MoMLSimpleApplication@33eca0fa
----------------- Done invoking toplevel() on ptolemy.moml.MoMLSimpleApplication@33eca0fa
reloadAllAccessors: .CausalityInterface1

===========================================================================================
----------------- testing Mon Mar 02 21:02:41 UTC 2020 /home/travis/build/icyphy/ptII/ptolemy/domains/de/test/auto/CausalityInterface15.xml
----------------- Instantiating /home/travis/build/icyphy/ptII/ptolemy/domains/de/test/auto/CausalityInterface15.xml
2 ms. Memory: 51200K Free: 20331K (40%)
----------------- Invoking toplevel() on ptolemy.moml.MoMLSimpleApplication@13e927b
----------------- Done invoking toplevel() on ptolemy.moml.MoMLSimpleApplication@13e927b
reloadAllAccessors: .CausalityInterface15

===========================================================================================
----------------- testing Mon Mar 02 21:02:41 UTC 2020 /home/travis/build/icyphy/ptII/ptolemy/domains/de/test/auto/CausalityInterface2.xml
----------------- Instantiating /home/travis/build/icyphy/ptII/ptolemy/domains/de/test/auto/CausalityInterface2.xml
2 ms. Memory: 51200K Free: 15700K (31%)
[...]
	at ptolemy.actor.Manager.run(Manager.java:1263)
	at ptolemy.actor.Manager$PtolemyRunThread.run(Manager.java:1933)
java.lang.RuntimeException: Execution failed
	at ptolemy.moml.MoMLSimpleApplication$UnloadThread.run(MoMLSimpleApplication.java:402)
Caused by: ptolemy.kernel.util.IllegalActionException: Actor is not ready to fire.  Perhaps UpSample.prefire() returned false? Try debugging the actor by selecting "Listen to Actor".  Also, for SDF check moml for tokenConsumptionRate on input.
  in .DESDFClockTest.Play Bell.Copy1:SDF Director and .DESDFClockTest.Play Bell.UpSample
	at ptolemy.actor.sched.StaticSchedulingDirector.fire(StaticSchedulingDirector.java:227)
	at ptolemy.domains.sdf.kernel.SDFDirector.fire(SDFDirector.java:500)
	at ptolemy.actor.CompositeActor.fire(CompositeActor.java:455)
	at ptolemy.domains.de.kernel.DEDirector._fire(DEDirector.java:1949)
	at ptolemy.domains.de.kernel.DEDirector.fire(DEDirector.java:502)
	at ptolemy.actor.CompositeActor.fire(CompositeActor.java:455)
	at ptolemy.actor.Manager.iterate(Manager.java:851)
	at ptolemy.actor.Manager.execute(Manager.java:369)
	at ptolemy.actor.Manager.run(Manager.java:1263)
	at ptolemy.actor.Manager$PtolemyRunThread.run(Manager.java:1933)
java.lang.reflect.InvocationTargetException
	at java.base/jdk.internal.reflect.NativeConstructorAccessorImpl.newInstance0(Native Method)
	at java.base/jdk.internal.reflect.NativeConstructorAccessorImpl.newInstance(NativeConstructorAccessorImpl.java:62)
	at java.base/jdk.internal.reflect.DelegatingConstructorAccessorImpl.newInstance(DelegatingConstructorAccessorImpl.java:45)
	at java.base/java.lang.reflect.Constructor.newInstance(Constructor.java:490)
	at ptolemy.util.test.junit.AutoKnownFailedTests.RunModel(AutoKnownFailedTests.java:105)
	at java.base/jdk.internal.reflect.NativeMethodAccessorImpl.invoke0(Native Method)
	at java.base/jdk.internal.reflect.NativeMethodAccessorImpl.invoke(NativeMethodAccessorImpl.java:62)
	at java.base/jdk.internal.reflect.DelegatingMethodAccessorImpl.invoke(DelegatingMethodAccessorImpl.java:43)
	at java.base/java.lang.reflect.Method.invoke(Method.java:566)
	at org.junit.runners.model.FrameworkMethod$1.runReflectiveCall(FrameworkMethod.java:44)
	at org.junit.internal.runners.model.ReflectiveCallable.run(ReflectiveCallable.java:15)
	at org.junit.runners.model.FrameworkMethod.invokeExplosively(FrameworkMethod.java:41)
	at junitparams.internal.InvokeParameterisedMethod.evaluate(InvokeParameterisedMethod.java:102)
	at org.junit.internal.runners.statements.FailOnTimeout$1.run(FailOnTimeout.java:28)
Caused by: ptolemy.kernel.util.IllegalActionException: Actor is not ready to fire.  Perhaps UpSample.prefire() returned false? Try debugging the actor by selecting "Listen to Actor".  Also, for SDF check moml for tokenConsumptionRate on input.
  in .DESDFClockTest.Play Bell.Copy1:SDF Director and .DESDFClockTest.Play Bell.UpSample
	at ptolemy.actor.sched.StaticSchedulingDirector.fire(StaticSchedulingDirector.java:227)
	at ptolemy.domains.sdf.kernel.SDFDirector.fire(SDFDirector.java:500)
	at ptolemy.actor.CompositeActor.fire(CompositeActor.java:455)
	at ptolemy.domains.de.kernel.DEDirector._fire(DEDirector.java:1949)
	at ptolemy.domains.de.kernel.DEDirector.fire(DEDirector.java:502)
	at ptolemy.actor.CompositeActor.fire(CompositeActor.java:455)
	at ptolemy.actor.Manager.iterate(Manager.java:851)
	at ptolemy.actor.Manager.execute(Manager.java:369)
	at ptolemy.actor.Manager.run(Manager.java:1263)
	at ptolemy.actor.Manager$PtolemyRunThread.run(Manager.java:1933)
java.lang.RuntimeException: Execution failed
	at ptolemy.moml.MoMLSimpleApplication$UnloadThread.run(MoMLSimpleApplication.java:402)
Caused by: ptolemy.kernel.util.IllegalActionException: Test fails in iteration 1.
Value was: 1.0. Should have been: 2.0
  in .DirectFeedback.Test
	at ptolemy.actor.lib.Test.fire(Test.java:268)
	at ptolemy.domains.de.kernel.DEDirector._fire(DEDirector.java:1949)
	at ptolemy.domains.de.kernel.DEDirector.fire(DEDirector.java:502)
	at ptolemy.actor.CompositeActor.fire(CompositeActor.java:455)
	at ptolemy.actor.Manager.iterate(Manager.java:851)
	at ptolemy.actor.Manager.execute(Manager.java:369)
	at ptolemy.actor.Manager.run(Manager.java:1263)
	at ptolemy.actor.Manager$PtolemyRunThread.run(Manager.java:1933)
java.lang.reflect.InvocationTargetException
	at java.base/jdk.internal.reflect.NativeConstructorAccessorImpl.newInstance0(Native Method)
	at java.base/jdk.internal.reflect.NativeConstructorAccessorImpl.newInstance(NativeConstructorAccessorImpl.java:62)
	at java.base/jdk.internal.reflect.DelegatingConstructorAccessorImpl.newInstance(DelegatingConstructorAccessorImpl.java:45)
	at java.base/java.lang.reflect.Constructor.newInstance(Constructor.java:490)
	at ptolemy.util.test.junit.AutoKnownFailedTests.RunModel(AutoKnownFailedTests.java:105)
	at java.base/jdk.internal.reflect.NativeMethodAccessorImpl.invoke0(Native Method)
	at java.base/jdk.internal.reflect.NativeMethodAccessorImpl.invoke(NativeMethodAccessorImpl.java:62)
	at java.base/jdk.internal.reflect.DelegatingMethodAccessorImpl.invoke(DelegatingMethodAccessorImpl.java:43)
	at java.base/java.lang.reflect.Method.invoke(Method.java:566)
	at org.junit.runners.model.FrameworkMethod$1.runReflectiveCall(FrameworkMethod.java:44)
	at org.junit.internal.runners.model.ReflectiveCallable.run(ReflectiveCallable.java:15)
	at org.junit.runners.model.FrameworkMethod.invokeExplosively(FrameworkMethod.java:41)
	at junitparams.internal.InvokeParameterisedMethod.evaluate(InvokeParameterisedMethod.java:102)
	at org.junit.internal.runners.statements.FailOnTimeout$1.run(FailOnTimeout.java:28)
Caused by: ptolemy.kernel.util.IllegalActionException: Test fails in iteration 1.
Value was: 1.0. Should have been: 2.0
  in .DirectFeedback.Test
	at ptolemy.actor.lib.Test.fire(Test.java:268)
	at ptolemy.domains.de.kernel.DEDirector._fire(DEDirector.java:1949)
	at ptolemy.domains.de.kernel.DEDirector.fire(DEDirector.java:502)
	at ptolemy.actor.CompositeActor.fire(CompositeActor.java:455)
	at ptolemy.actor.Manager.iterate(Manager.java:851)
	at ptolemy.actor.Manager.execute(Manager.java:369)
	at ptolemy.actor.Manager.run(Manager.java:1263)
	at ptolemy.actor.Manager$PtolemyRunThread.run(Manager.java:1933)
java.lang.RuntimeException: Execution failed
	at ptolemy.moml.MoMLSimpleApplication$UnloadThread.run(MoMLSimpleApplication.java:402)
Caused by: ptolemy.kernel.util.IllegalActionException: Found a zero delay loop containing .HierarchicalModel.A
  in .HierarchicalModel and .HierarchicalModel.A
	at ptolemy.actor.util.CausalityInterfaceForComposites._computeOutputPortDepth(CausalityInterfaceForComposites.java:759)
	at ptolemy.actor.util.CausalityInterfaceForComposites._computeInputDepth(CausalityInterfaceForComposites.java:696)
	at ptolemy.actor.util.CausalityInterfaceForComposites._computeOutputPortDepth(CausalityInterfaceForComposites.java:765)
	at ptolemy.actor.util.CausalityInterfaceForComposites._computeInputDepth(CausalityInterfaceForComposites.java:696)
	at ptolemy.actor.util.CausalityInterfaceForComposites._computeOutputPortDepth(CausalityInterfaceForComposites.java:765)
	at ptolemy.actor.util.CausalityInterfaceForComposites._computeInputDepth(CausalityInterfaceForComposites.java:696)
	at ptolemy.actor.util.CausalityInterfaceForComposites._computeActorDepth(CausalityInterfaceForComposites.java:532)
	at ptolemy.actor.util.CausalityInterfaceForComposites.checkForCycles(CausalityInterfaceForComposites.java:96)
	at ptolemy.domains.de.kernel.DEDirector.preinitialize(DEDirector.java:1338)
	at ptolemy.actor.CompositeActor.preinitialize(CompositeActor.java:1828)
	at ptolemy.actor.Manager.preinitializeAndResolveTypes(Manager.java:1040)
	at ptolemy.actor.Manager.initialize(Manager.java:710)
	at ptolemy.actor.Manager.execute(Manager.java:356)
	at ptolemy.actor.Manager.run(Manager.java:1263)
	at ptolemy.actor.Manager$PtolemyRunThread.run(Manager.java:1933)
java.lang.reflect.InvocationTargetException
	at java.base/jdk.internal.reflect.NativeConstructorAccessorImpl.newInstance0(Native Method)
	at java.base/jdk.internal.reflect.NativeConstructorAccessorImpl.newInstance(NativeConstructorAccessorImpl.java:62)
	at java.base/jdk.internal.reflect.DelegatingConstructorAccessorImpl.newInstance(DelegatingConstructorAccessorImpl.java:45)
	at java.base/java.lang.reflect.Constructor.newInstance(Constructor.java:490)
	at ptolemy.util.test.junit.AutoKnownFailedTests.RunModel(AutoKnownFailedTests.java:105)
	at java.base/jdk.internal.reflect.NativeMethodAccessorImpl.invoke0(Native Method)
	at java.base/jdk.internal.reflect.NativeMethodAccessorImpl.invoke(NativeMethodAccessorImpl.java:62)
	at java.base/jdk.internal.reflect.DelegatingMethodAccessorImpl.invoke(DelegatingMethodAccessorImpl.java:43)
	at java.base/java.lang.reflect.Method.invoke(Method.java:566)
	at org.junit.runners.model.FrameworkMethod$1.runReflectiveCall(FrameworkMethod.java:44)
	at org.junit.internal.runners.model.ReflectiveCallable.run(ReflectiveCallable.java:15)
	at org.junit.runners.model.FrameworkMethod.invokeExplosively(FrameworkMethod.java:41)
	at junitparams.internal.InvokeParameterisedMethod.evaluate(InvokeParameterisedMethod.java:102)
	at org.junit.internal.runners.statements.FailOnTimeout$1.run(FailOnTimeout.java:28)
Caused by: ptolemy.kernel.util.IllegalActionException: Found a zero delay loop containing .HierarchicalModel.A
  in .HierarchicalModel and .HierarchicalModel.A
	at ptolemy.actor.util.CausalityInterfaceForComposites._computeOutputPortDepth(CausalityInterfaceForComposites.java:759)
	at ptolemy.actor.util.CausalityInterfaceForComposites._computeInputDepth(CausalityInterfaceForComposites.java:696)
	at ptolemy.actor.util.CausalityInterfaceForComposites._computeOutputPortDepth(CausalityInterfaceForComposites.java:765)
	at ptolemy.actor.util.CausalityInterfaceForComposites._computeInputDepth(CausalityInterfaceForComposites.java:696)
	at ptolemy.actor.util.CausalityInterfaceForComposites._computeOutputPortDepth(CausalityInterfaceForComposites.java:765)
	at ptolemy.actor.util.CausalityInterfaceForComposites._computeInputDepth(CausalityInterfaceForComposites.java:696)
	at ptolemy.actor.util.CausalityInterfaceForComposites._computeActorDepth(CausalityInterfaceForComposites.java:532)
	at ptolemy.actor.util.CausalityInterfaceForComposites.checkForCycles(CausalityInterfaceForComposites.java:96)
	at ptolemy.domains.de.kernel.DEDirector.preinitialize(DEDirector.java:1338)
	at ptolemy.actor.CompositeActor.preinitialize(CompositeActor.java:1828)
	at ptolemy.actor.Manager.preinitializeAndResolveTypes(Manager.java:1040)
	at ptolemy.actor.Manager.initialize(Manager.java:710)
	at ptolemy.actor.Manager.execute(Manager.java:356)
	at ptolemy.actor.Manager.run(Manager.java:1263)
	at ptolemy.actor.Manager$PtolemyRunThread.run(Manager.java:1933)
java.lang.RuntimeException: Execution failed
	at ptolemy.moml.MoMLSimpleApplication$UnloadThread.run(MoMLSimpleApplication.java:402)
Caused by: ptolemy.kernel.util.IllegalActionException: Found a zero delay loop containing .dependencyLoop.original
  in .dependencyLoop and .dependencyLoop.original
	at ptolemy.actor.util.CausalityInterfaceForComposites._computeOutputPortDepth(CausalityInterfaceForComposites.java:759)
	at ptolemy.actor.util.CausalityInterfaceForComposites._computeInputDepth(CausalityInterfaceForComposites.java:696)
	at ptolemy.actor.util.CausalityInterfaceForComposites._computeOutputPortDepth(CausalityInterfaceForComposites.java:765)
	at ptolemy.actor.util.CausalityInterfaceForComposites._computeInputDepth(CausalityInterfaceForComposites.java:696)
	at ptolemy.actor.util.CausalityInterfaceForComposites._computeOutputPortDepth(CausalityInterfaceForComposites.java:765)
	at ptolemy.actor.util.CausalityInterfaceForComposites._computeInputDepth(CausalityInterfaceForComposites.java:696)
	at ptolemy.actor.util.CausalityInterfaceForComposites._computeActorDepth(CausalityInterfaceForComposites.java:532)
	at ptolemy.actor.util.CausalityInterfaceForComposites.checkForCycles(CausalityInterfaceForComposites.java:96)
	at ptolemy.domains.de.kernel.DEDirector.preinitialize(DEDirector.java:1338)
	at ptolemy.actor.CompositeActor.preinitialize(CompositeActor.java:1828)
	at ptolemy.actor.Manager.preinitializeAndResolveTypes(Manager.java:1040)
	at ptolemy.actor.Manager.initialize(Manager.java:710)
	at ptolemy.actor.Manager.execute(Manager.java:356)
	at ptolemy.actor.Manager.run(Manager.java:1263)
	at ptolemy.actor.Manager$PtolemyRunThread.run(Manager.java:1933)
java.lang.reflect.InvocationTargetException
	at java.base/jdk.internal.reflect.NativeConstructorAccessorImpl.newInstance0(Native Method)
	at java.base/jdk.internal.reflect.NativeConstructorAccessorImpl.newInstance(NativeConstructorAccessorImpl.java:62)
	at java.base/jdk.internal.reflect.DelegatingConstructorAccessorImpl.newInstance(DelegatingConstructorAccessorImpl.java:45)
	at java.base/java.lang.reflect.Constructor.newInstance(Constructor.java:490)
	at ptolemy.util.test.junit.AutoKnownFailedTests.RunModel(AutoKnownFailedTests.java:105)
	at java.base/jdk.internal.reflect.NativeMethodAccessorImpl.invoke0(Native Method)
	at java.base/jdk.internal.reflect.NativeMethodAccessorImpl.invoke(NativeMethodAccessorImpl.java:62)
	at java.base/jdk.internal.reflect.DelegatingMethodAccessorImpl.invoke(DelegatingMethodAccessorImpl.java:43)
	at java.base/java.lang.reflect.Method.invoke(Method.java:566)
	at org.junit.runners.model.FrameworkMethod$1.runReflectiveCall(FrameworkMethod.java:44)
	at org.junit.internal.runners.model.ReflectiveCallable.run(ReflectiveCallable.java:15)
	at org.junit.runners.model.FrameworkMethod.invokeExplosively(FrameworkMethod.java:41)
	at junitparams.internal.InvokeParameterisedMethod.evaluate(InvokeParameterisedMethod.java:102)
	at org.junit.internal.runners.statements.FailOnTimeout$1.run(FailOnTimeout.java:28)
Caused by: ptolemy.kernel.util.IllegalActionException: Found a zero delay loop containing .dependencyLoop.original
  in .dependencyLoop and .dependencyLoop.original
	at ptolemy.actor.util.CausalityInterfaceForComposites._computeOutputPortDepth(CausalityInterfaceForComposites.java:759)
	at ptolemy.actor.util.CausalityInterfaceForComposites._computeInputDepth(CausalityInterfaceForComposites.java:696)
	at ptolemy.actor.util.CausalityInterfaceForComposites._computeOutputPortDepth(CausalityInterfaceForComposites.java:765)
	at ptolemy.actor.util.CausalityInterfaceForComposites._computeInputDepth(CausalityInterfaceForComposites.java:696)
	at ptolemy.actor.util.CausalityInterfaceForComposites._computeOutputPortDepth(CausalityInterfaceForComposites.java:765)
	at ptolemy.actor.util.CausalityInterfaceForComposites._computeInputDepth(CausalityInterfaceForComposites.java:696)
	at ptolemy.actor.util.CausalityInterfaceForComposites._computeActorDepth(CausalityInterfaceForComposites.java:532)
	at ptolemy.actor.util.CausalityInterfaceForComposites.checkForCycles(CausalityInterfaceForComposites.java:96)
	at ptolemy.domains.de.kernel.DEDirector.preinitialize(DEDirector.java:1338)
	at ptolemy.actor.CompositeActor.preinitialize(CompositeActor.java:1828)
	at ptolemy.actor.Manager.preinitializeAndResolveTypes(Manager.java:1040)
	at ptolemy.actor.Manager.initialize(Manager.java:710)
	at ptolemy.actor.Manager.execute(Manager.java:356)
	at ptolemy.actor.Manager.run(Manager.java:1263)
	at ptolemy.actor.Manager$PtolemyRunThread.run(Manager.java:1933)
java.lang.RuntimeException: Execution failed
	at ptolemy.moml.MoMLSimpleApplication$UnloadThread.run(MoMLSimpleApplication.java:402)
Caused by: ptolemy.kernel.util.IllegalActionException: Found a zero delay loop containing .dependencyLoop2.original
  in .dependencyLoop2 and .dependencyLoop2.original
	at ptolemy.actor.util.CausalityInterfaceForComposites._computeOutputPortDepth(CausalityInterfaceForComposites.java:759)
	at ptolemy.actor.util.CausalityInterfaceForComposites._computeInputDepth(CausalityInterfaceForComposites.java:696)
	at ptolemy.actor.util.CausalityInterfaceForComposites._computeOutputPortDepth(CausalityInterfaceForComposites.java:765)
	at ptolemy.actor.util.CausalityInterfaceForComposites._computeInputDepth(CausalityInterfaceForComposites.java:696)
	at ptolemy.actor.util.CausalityInterfaceForComposites._computeOutputPortDepth(CausalityInterfaceForComposites.java:765)
	at ptolemy.actor.util.CausalityInterfaceForComposites._computeInputDepth(CausalityInterfaceForComposites.java:696)
	at ptolemy.actor.util.CausalityInterfaceForComposites._computeActorDepth(CausalityInterfaceForComposites.java:532)
	at ptolemy.actor.util.CausalityInterfaceForComposites.checkForCycles(CausalityInterfaceForComposites.java:96)
	at ptolemy.domains.de.kernel.DEDirector.preinitialize(DEDirector.java:1338)
	at ptolemy.actor.CompositeActor.preinitialize(CompositeActor.java:1828)
	at ptolemy.actor.Manager.preinitializeAndResolveTypes(Manager.java:1040)
	at ptolemy.actor.Manager.initialize(Manager.java:710)
	at ptolemy.actor.Manager.execute(Manager.java:356)
	at ptolemy.actor.Manager.run(Manager.java:1263)
	at ptolemy.actor.Manager$PtolemyRunThread.run(Manager.java:1933)
java.lang.reflect.InvocationTargetException
	at java.base/jdk.internal.reflect.NativeConstructorAccessorImpl.newInstance0(Native Method)
	at java.base/jdk.internal.reflect.NativeConstructorAccessorImpl.newInstance(NativeConstructorAccessorImpl.java:62)
	at java.base/jdk.internal.reflect.DelegatingConstructorAccessorImpl.newInstance(DelegatingConstructorAccessorImpl.java:45)
	at java.base/java.lang.reflect.Constructor.newInstance(Constructor.java:490)
	at ptolemy.util.test.junit.AutoKnownFailedTests.RunModel(AutoKnownFailedTests.java:105)
	at java.base/jdk.internal.reflect.NativeMethodAccessorImpl.invoke0(Native Method)
	at java.base/jdk.internal.reflect.NativeMethodAccessorImpl.invoke(NativeMethodAccessorImpl.java:62)
	at java.base/jdk.internal.reflect.DelegatingMethodAccessorImpl.invoke(DelegatingMethodAccessorImpl.java:43)
	at java.base/java.lang.reflect.Method.invoke(Method.java:566)
	at org.junit.runners.model.FrameworkMethod$1.runReflectiveCall(FrameworkMethod.java:44)
	at org.junit.internal.runners.model.ReflectiveCallable.run(ReflectiveCallable.java:15)
	at org.junit.runners.model.FrameworkMethod.invokeExplosively(FrameworkMethod.java:41)
	at junitparams.internal.InvokeParameterisedMethod.evaluate(InvokeParameterisedMethod.java:102)
	at org.junit.internal.runners.statements.FailOnTimeout$1.run(FailOnTimeout.java:28)
Caused by: ptolemy.kernel.util.IllegalActionException: Found a zero delay loop containing .dependencyLoop2.original
  in .dependencyLoop2 and .dependencyLoop2.original
	at ptolemy.actor.util.CausalityInterfaceForComposites._computeOutputPortDepth(CausalityInterfaceForComposites.java:759)
	at ptolemy.actor.util.CausalityInterfaceForComposites._computeInputDepth(CausalityInterfaceForComposites.java:696)
	at ptolemy.actor.util.CausalityInterfaceForComposites._computeOutputPortDepth(CausalityInterfaceForComposites.java:765)
	at ptolemy.actor.util.CausalityInterfaceForComposites._computeInputDepth(CausalityInterfaceForComposites.java:696)
	at ptolemy.actor.util.CausalityInterfaceForComposites._computeOutputPortDepth(CausalityInterfaceForComposites.java:765)
	at ptolemy.actor.util.CausalityInterfaceForComposites._computeInputDepth(CausalityInterfaceForComposites.java:696)
	at ptolemy.actor.util.CausalityInterfaceForComposites._computeActorDepth(CausalityInterfaceForComposites.java:532)
	at ptolemy.actor.util.CausalityInterfaceForComposites.checkForCycles(CausalityInterfaceForComposites.java:96)
	at ptolemy.domains.de.kernel.DEDirector.preinitialize(DEDirector.java:1338)
	at ptolemy.actor.CompositeActor.preinitialize(CompositeActor.java:1828)
	at ptolemy.actor.Manager.preinitializeAndResolveTypes(Manager.java:1040)
	at ptolemy.actor.Manager.initialize(Manager.java:710)
	at ptolemy.actor.Manager.execute(Manager.java:356)
	at ptolemy.actor.Manager.run(Manager.java:1263)
	at ptolemy.actor.Manager$PtolemyRunThread.run(Manager.java:1933)
]]></system-err>
</testsuite>
