<?xml version="1.0" encoding="UTF-8" ?>
<testsuite errors="0" failures="0" hostname="travis-job-a3d23872-dbc0-4430-925e-c2f5c4801806" name="ptolemy.domains.modal.test.junit.JUnitTclTest" skipped="0" tests="148" time="10.491" timestamp="2021-08-23T21:30:04">
  <properties>
[...]
</properties>
  <testcase classname="ptolemy.util.test.junit.TclTests" name="[0] /home/travis/build/icyphy/ptII/ptolemy/domains/modal/test/SystemLevelType.tcl (RunTclFile)" time="1.925" />
  <testcase classname="ptolemy.util.test.junit.AutoKnownFailedTests" name="[0] /home/travis/build/icyphy/ptII/ptolemy/domains/modal/test/auto/knownFailedTests/CannotAnalysisWithPreemption.xml (RunModel)" time="0.278" />
  <testcase classname="ptolemy.util.test.junit.AutoNameArchTests" name="[0] ThereAreNoAutoArchTests (RunModel)" time="0.001" />
  <testcase classname="ptolemy.util.test.junit.AutoTests" name="[0] /home/travis/build/icyphy/ptII/ptolemy/domains/modal/test/auto/ABPTest.xml (RunModel)" time="0.818" />
  <testcase classname="ptolemy.util.test.junit.AutoTests" name="[1] /home/travis/build/icyphy/ptII/ptolemy/domains/modal/test/auto/ABROFlat.xml (RunModel)" time="0.086" />
  <testcase classname="ptolemy.util.test.junit.AutoTests" name="[2] /home/travis/build/icyphy/ptII/ptolemy/domains/modal/test/auto/ABROFlat2.xml (RunModel)" time="0.077" />
  <testcase classname="ptolemy.util.test.junit.AutoTests" name="[3] /home/travis/build/icyphy/ptII/ptolemy/domains/modal/test/auto/ABRO_present_hmm.xml (RunModel)" time="0.158" />
  <testcase classname="ptolemy.util.test.junit.AutoTests" name="[4] /home/travis/build/icyphy/ptII/ptolemy/domains/modal/test/auto/AMICoderExample.xml (RunModel)" time="0.105" />
  <testcase classname="ptolemy.util.test.junit.AutoTests" name="[5] /home/travis/build/icyphy/ptII/ptolemy/domains/modal/test/auto/AbsentToPresent.xml (RunModel)" time="0.029" />
  <testcase classname="ptolemy.util.test.junit.AutoTests" name="[6] /home/travis/build/icyphy/ptII/ptolemy/domains/modal/test/auto/Blending.xml (RunModel)" time="0.283" />
  <testcase classname="ptolemy.util.test.junit.AutoTests" name="[7] /home/travis/build/icyphy/ptII/ptolemy/domains/modal/test/auto/Broadcast.xml (RunModel)" time="0.032" />
  <testcase classname="ptolemy.util.test.junit.AutoTests" name="[8] /home/travis/build/icyphy/ptII/ptolemy/domains/modal/test/auto/BroadcastHierarchy.xml (RunModel)" time="0.051" />
  <testcase classname="ptolemy.util.test.junit.AutoTests" name="[9] /home/travis/build/icyphy/ptII/ptolemy/domains/modal/test/auto/BroadcastHierarchy2.xml (RunModel)" time="0.132" />
  <testcase classname="ptolemy.util.test.junit.AutoTests" name="[10] /home/travis/build/icyphy/ptII/ptolemy/domains/modal/test/auto/BroadcastHierarchy3.xml (RunModel)" time="0.086" />
  <testcase classname="ptolemy.util.test.junit.AutoTests" name="[11] /home/travis/build/icyphy/ptII/ptolemy/domains/modal/test/auto/BroadcastHierarchy4.xml (RunModel)" time="0.096" />
  <testcase classname="ptolemy.util.test.junit.AutoTests" name="[12] /home/travis/build/icyphy/ptII/ptolemy/domains/modal/test/auto/CannotAnalysisWithPreemption2.xml (RunModel)" time="0.033" />
  <testcase classname="ptolemy.util.test.junit.AutoTests" name="[13] /home/travis/build/icyphy/ptII/ptolemy/domains/modal/test/auto/CannotAnalysisWithPreemption3.xml (RunModel)" time="0.039" />
  <testcase classname="ptolemy.util.test.junit.AutoTests" name="[14] /home/travis/build/icyphy/ptII/ptolemy/domains/modal/test/auto/CannotProduce.xml (RunModel)" time="0.031" />
  <testcase classname="ptolemy.util.test.junit.AutoTests" name="[15] /home/travis/build/icyphy/ptII/ptolemy/domains/modal/test/auto/CannotProduceModal.xml (RunModel)" time="0.038" />
  <testcase classname="ptolemy.util.test.junit.AutoTests" name="[16] /home/travis/build/icyphy/ptII/ptolemy/domains/modal/test/auto/Case.xml (RunModel)" time="0.084" />
  <testcase classname="ptolemy.util.test.junit.AutoTests" name="[17] /home/travis/build/icyphy/ptII/ptolemy/domains/modal/test/auto/Case1.xml (RunModel)" time="0.038" />
  <testcase classname="ptolemy.util.test.junit.AutoTests" name="[18] /home/travis/build/icyphy/ptII/ptolemy/domains/modal/test/auto/Case2.xml (RunModel)" time="0.063" />
  <testcase classname="ptolemy.util.test.junit.AutoTests" name="[19] /home/travis/build/icyphy/ptII/ptolemy/domains/modal/test/auto/CausalityInterface1.xml (RunModel)" time="0.053" />
  <testcase classname="ptolemy.util.test.junit.AutoTests" name="[20] /home/travis/build/icyphy/ptII/ptolemy/domains/modal/test/auto/CausalityInterface10.xml (RunModel)" time="0.06" />
  <testcase classname="ptolemy.util.test.junit.AutoTests" name="[21] /home/travis/build/icyphy/ptII/ptolemy/domains/modal/test/auto/CausalityInterface11.xml (RunModel)" time="0.048" />
  <testcase classname="ptolemy.util.test.junit.AutoTests" name="[22] /home/travis/build/icyphy/ptII/ptolemy/domains/modal/test/auto/CausalityInterface12.xml (RunModel)" time="0.049" />
  <testcase classname="ptolemy.util.test.junit.AutoTests" name="[23] /home/travis/build/icyphy/ptII/ptolemy/domains/modal/test/auto/CausalityInterface13.xml (RunModel)" time="0.054" />
  <testcase classname="ptolemy.util.test.junit.AutoTests" name="[24] /home/travis/build/icyphy/ptII/ptolemy/domains/modal/test/auto/CausalityInterface14.xml (RunModel)" time="0.07" />
  <testcase classname="ptolemy.util.test.junit.AutoTests" name="[25] /home/travis/build/icyphy/ptII/ptolemy/domains/modal/test/auto/CausalityInterface2.xml (RunModel)" time="0.026" />
  <testcase classname="ptolemy.util.test.junit.AutoTests" name="[26] /home/travis/build/icyphy/ptII/ptolemy/domains/modal/test/auto/CausalityInterface3.xml (RunModel)" time="0.025" />
  <testcase classname="ptolemy.util.test.junit.AutoTests" name="[27] /home/travis/build/icyphy/ptII/ptolemy/domains/modal/test/auto/CausalityInterface4.xml (RunModel)" time="0.022" />
  <testcase classname="ptolemy.util.test.junit.AutoTests" name="[28] /home/travis/build/icyphy/ptII/ptolemy/domains/modal/test/auto/CausalityInterface5.xml (RunModel)" time="0.037" />
  <testcase classname="ptolemy.util.test.junit.AutoTests" name="[29] /home/travis/build/icyphy/ptII/ptolemy/domains/modal/test/auto/CausalityInterface6.xml (RunModel)" time="0.043" />
  <testcase classname="ptolemy.util.test.junit.AutoTests" name="[30] /home/travis/build/icyphy/ptII/ptolemy/domains/modal/test/auto/CausalityInterface7.xml (RunModel)" time="0.04" />
  <testcase classname="ptolemy.util.test.junit.AutoTests" name="[31] /home/travis/build/icyphy/ptII/ptolemy/domains/modal/test/auto/CausalityInterface8.xml (RunModel)" time="0.027" />
  <testcase classname="ptolemy.util.test.junit.AutoTests" name="[32] /home/travis/build/icyphy/ptII/ptolemy/domains/modal/test/auto/CausalityInterface9.xml (RunModel)" time="0.047" />
  <testcase classname="ptolemy.util.test.junit.AutoTests" name="[33] /home/travis/build/icyphy/ptII/ptolemy/domains/modal/test/auto/ChainedTransitions.xml (RunModel)" time="0.147" />
  <testcase classname="ptolemy.util.test.junit.AutoTests" name="[34] /home/travis/build/icyphy/ptII/ptolemy/domains/modal/test/auto/CycleOfImmediateTransitionsFSM.xml (RunModel)" time="0.017" />
  <testcase classname="ptolemy.util.test.junit.AutoTests" name="[35] /home/travis/build/icyphy/ptII/ptolemy/domains/modal/test/auto/CycleOfImmediateTransitionsModal.xml (RunModel)" time="0.016" />
  <testcase classname="ptolemy.util.test.junit.AutoTests" name="[36] /home/travis/build/icyphy/ptII/ptolemy/domains/modal/test/auto/CycleOfImmediateTransitionsModal2.xml (RunModel)" time="0.034" />
  <testcase classname="ptolemy.util.test.junit.AutoTests" name="[37] /home/travis/build/icyphy/ptII/ptolemy/domains/modal/test/auto/CycleOfImmediateTransitionsModal3.xml (RunModel)" time="0.081" />
  <testcase classname="ptolemy.util.test.junit.AutoTests" name="[38] /home/travis/build/icyphy/ptII/ptolemy/domains/modal/test/auto/DeepModal1.xml (RunModel)" time="0.048" />
  <testcase classname="ptolemy.util.test.junit.AutoTests" name="[39] /home/travis/build/icyphy/ptII/ptolemy/domains/modal/test/auto/DeepModal2.xml (RunModel)" time="0.053" />
  <testcase classname="ptolemy.util.test.junit.AutoTests" name="[40] /home/travis/build/icyphy/ptII/ptolemy/domains/modal/test/auto/DeepModal3.xml (RunModel)" time="0.065" />
  <testcase classname="ptolemy.util.test.junit.AutoTests" name="[41] /home/travis/build/icyphy/ptII/ptolemy/domains/modal/test/auto/DeepModal4.xml (RunModel)" time="0.066" />
  <testcase classname="ptolemy.util.test.junit.AutoTests" name="[42] /home/travis/build/icyphy/ptII/ptolemy/domains/modal/test/auto/Default1.xml (RunModel)" time="0.021" />
  <testcase classname="ptolemy.util.test.junit.AutoTests" name="[43] /home/travis/build/icyphy/ptII/ptolemy/domains/modal/test/auto/Default2.xml (RunModel)" time="0.018" />
  <testcase classname="ptolemy.util.test.junit.AutoTests" name="[44] /home/travis/build/icyphy/ptII/ptolemy/domains/modal/test/auto/Default3.xml (RunModel)" time="0.034" />
  <testcase classname="ptolemy.util.test.junit.AutoTests" name="[45] /home/travis/build/icyphy/ptII/ptolemy/domains/modal/test/auto/Default4.xml (RunModel)" time="0.017" />
  <testcase classname="ptolemy.util.test.junit.AutoTests" name="[46] /home/travis/build/icyphy/ptII/ptolemy/domains/modal/test/auto/Default5.xml (RunModel)" time="0.024" />
  <testcase classname="ptolemy.util.test.junit.AutoTests" name="[47] /home/travis/build/icyphy/ptII/ptolemy/domains/modal/test/auto/EmptyGuard.xml (RunModel)" time="0.025" />
  <testcase classname="ptolemy.util.test.junit.AutoTests" name="[48] /home/travis/build/icyphy/ptII/ptolemy/domains/modal/test/auto/ErrorTransition1.xml (RunModel)" time="0.028" />
  <testcase classname="ptolemy.util.test.junit.AutoTests" name="[49] /home/travis/build/icyphy/ptII/ptolemy/domains/modal/test/auto/ErrorTransition10.xml (RunModel)" time="0.036" />
  <testcase classname="ptolemy.util.test.junit.AutoTests" name="[50] /home/travis/build/icyphy/ptII/ptolemy/domains/modal/test/auto/ErrorTransition11.xml (RunModel)" time="0.031" />
  <testcase classname="ptolemy.util.test.junit.AutoTests" name="[51] /home/travis/build/icyphy/ptII/ptolemy/domains/modal/test/auto/ErrorTransition2.xml (RunModel)" time="0.025" />
  <testcase classname="ptolemy.util.test.junit.AutoTests" name="[52] /home/travis/build/icyphy/ptII/ptolemy/domains/modal/test/auto/ErrorTransition3.xml (RunModel)" time="0.04" />
  <testcase classname="ptolemy.util.test.junit.AutoTests" name="[53] /home/travis/build/icyphy/ptII/ptolemy/domains/modal/test/auto/ErrorTransition4.xml (RunModel)" time="0.031" />
  <testcase classname="ptolemy.util.test.junit.AutoTests" name="[54] /home/travis/build/icyphy/ptII/ptolemy/domains/modal/test/auto/ErrorTransition5.xml (RunModel)" time="0.025" />
  <testcase classname="ptolemy.util.test.junit.AutoTests" name="[55] /home/travis/build/icyphy/ptII/ptolemy/domains/modal/test/auto/ErrorTransition6.xml (RunModel)" time="0.041" />
  <testcase classname="ptolemy.util.test.junit.AutoTests" name="[56] /home/travis/build/icyphy/ptII/ptolemy/domains/modal/test/auto/ErrorTransition7.xml (RunModel)" time="0.05" />
  <testcase classname="ptolemy.util.test.junit.AutoTests" name="[57] /home/travis/build/icyphy/ptII/ptolemy/domains/modal/test/auto/ErrorTransition8.xml (RunModel)" time="0.061" />
  <testcase classname="ptolemy.util.test.junit.AutoTests" name="[58] /home/travis/build/icyphy/ptII/ptolemy/domains/modal/test/auto/ErrorTransition9.xml (RunModel)" time="0.056" />
  <testcase classname="ptolemy.util.test.junit.AutoTests" name="[59] /home/travis/build/icyphy/ptII/ptolemy/domains/modal/test/auto/ExtendedFSM.xml (RunModel)" time="0.019" />
  <testcase classname="ptolemy.util.test.junit.AutoTests" name="[60] /home/travis/build/icyphy/ptII/ptolemy/domains/modal/test/auto/FinalStates.xml (RunModel)" time="0.022" />
  <testcase classname="ptolemy.util.test.junit.AutoTests" name="[61] /home/travis/build/icyphy/ptII/ptolemy/domains/modal/test/auto/FixedPointFSM.xml (RunModel)" time="0.043" />
  <testcase classname="ptolemy.util.test.junit.AutoTests" name="[62] /home/travis/build/icyphy/ptII/ptolemy/domains/modal/test/auto/FixedPointIterationFSMActor.xml (RunModel)" time="0.028" />
  <testcase classname="ptolemy.util.test.junit.AutoTests" name="[63] /home/travis/build/icyphy/ptII/ptolemy/domains/modal/test/auto/FixedPointIterationFSMActor2.xml (RunModel)" time="0.03" />
  <testcase classname="ptolemy.util.test.junit.AutoTests" name="[64] /home/travis/build/icyphy/ptII/ptolemy/domains/modal/test/auto/ForbiddenInstantanousLoop.xml (RunModel)" time="0.036" />
  <testcase classname="ptolemy.util.test.junit.AutoTests" name="[65] /home/travis/build/icyphy/ptII/ptolemy/domains/modal/test/auto/FunctionDependencyOfFSMActorTest.xml (RunModel)" time="0.032" />
  <testcase classname="ptolemy.util.test.junit.AutoTests" name="[66] /home/travis/build/icyphy/ptII/ptolemy/domains/modal/test/auto/GuardExpression.xml (RunModel)" time="0.018" />
  <testcase classname="ptolemy.util.test.junit.AutoTests" name="[67] /home/travis/build/icyphy/ptII/ptolemy/domains/modal/test/auto/GuardNotEvaluated.xml (RunModel)" time="0.03" />
  <testcase classname="ptolemy.util.test.junit.AutoTests" name="[68] /home/travis/build/icyphy/ptII/ptolemy/domains/modal/test/auto/GuardNotEvaluated2.xml (RunModel)" time="0.043" />
  <testcase classname="ptolemy.util.test.junit.AutoTests" name="[69] /home/travis/build/icyphy/ptII/ptolemy/domains/modal/test/auto/GuardOnAbsent.xml (RunModel)" time="0.024" />
  <testcase classname="ptolemy.util.test.junit.AutoTests" name="[70] /home/travis/build/icyphy/ptII/ptolemy/domains/modal/test/auto/HierarchicalFSMTypeInference.xml (RunModel)" time="0.028" />
  <testcase classname="ptolemy.util.test.junit.AutoTests" name="[71] /home/travis/build/icyphy/ptII/ptolemy/domains/modal/test/auto/Hysteresis.xml (RunModel)" time="0.038" />
  <testcase classname="ptolemy.util.test.junit.AutoTests" name="[72] /home/travis/build/icyphy/ptII/ptolemy/domains/modal/test/auto/HysteresisWithDefault.xml (RunModel)" time="0.065" />
  <testcase classname="ptolemy.util.test.junit.AutoTests" name="[73] /home/travis/build/icyphy/ptII/ptolemy/domains/modal/test/auto/HysteresisWithDefault2.xml (RunModel)" time="0.069" />
  <testcase classname="ptolemy.util.test.junit.AutoTests" name="[74] /home/travis/build/icyphy/ptII/ptolemy/domains/modal/test/auto/ImmediateNonConstructiveness.xml (RunModel)" time="0.015" />
  <testcase classname="ptolemy.util.test.junit.AutoTests" name="[75] /home/travis/build/icyphy/ptII/ptolemy/domains/modal/test/auto/ImmediateNonConstructiveness2.xml (RunModel)" time="0.014" />
  <testcase classname="ptolemy.util.test.junit.AutoTests" name="[76] /home/travis/build/icyphy/ptII/ptolemy/domains/modal/test/auto/ImmediateTransitionReset.xml (RunModel)" time="0.032" />
  <testcase classname="ptolemy.util.test.junit.AutoTests" name="[77] /home/travis/build/icyphy/ptII/ptolemy/domains/modal/test/auto/ImmediateTransitions1.xml (RunModel)" time="0.013" />
  <testcase classname="ptolemy.util.test.junit.AutoTests" name="[78] /home/travis/build/icyphy/ptII/ptolemy/domains/modal/test/auto/ImmediateTransitionsInstantaneousCommunication.xml (RunModel)" time="0.042" />
  <testcase classname="ptolemy.util.test.junit.AutoTests" name="[79] /home/travis/build/icyphy/ptII/ptolemy/domains/modal/test/auto/InitialImmediateTransition.xml (RunModel)" time="0.016" />
  <testcase classname="ptolemy.util.test.junit.AutoTests" name="[80] /home/travis/build/icyphy/ptII/ptolemy/domains/modal/test/auto/InitialOutputs.xml (RunModel)" time="0.018" />
  <testcase classname="ptolemy.util.test.junit.AutoTests" name="[81] /home/travis/build/icyphy/ptII/ptolemy/domains/modal/test/auto/InitialStateTransition1.xml (RunModel)" time="0.017" />
  <testcase classname="ptolemy.util.test.junit.AutoTests" name="[82] /home/travis/build/icyphy/ptII/ptolemy/domains/modal/test/auto/InitialStateTransition2.xml (RunModel)" time="0.019" />
  <testcase classname="ptolemy.util.test.junit.AutoTests" name="[83] /home/travis/build/icyphy/ptII/ptolemy/domains/modal/test/auto/InitialStateTransition3.xml (RunModel)" time="0.02" />
  <testcase classname="ptolemy.util.test.junit.AutoTests" name="[84] /home/travis/build/icyphy/ptII/ptolemy/domains/modal/test/auto/InitialStateTransition4.xml (RunModel)" time="0.024" />
  <testcase classname="ptolemy.util.test.junit.AutoTests" name="[85] /home/travis/build/icyphy/ptII/ptolemy/domains/modal/test/auto/MalformedGuardExpressionNotCaught.xml (RunModel)" time="0.025" />
  <testcase classname="ptolemy.util.test.junit.AutoTests" name="[86] /home/travis/build/icyphy/ptII/ptolemy/domains/modal/test/auto/ModalBSC.xml (RunModel)" time="0.084" />
  <testcase classname="ptolemy.util.test.junit.AutoTests" name="[87] /home/travis/build/icyphy/ptII/ptolemy/domains/modal/test/auto/ModalClocks.xml (RunModel)" time="0.078" />
  <testcase classname="ptolemy.util.test.junit.AutoTests" name="[88] /home/travis/build/icyphy/ptII/ptolemy/domains/modal/test/auto/ModalDelay.xml (RunModel)" time="0.043" />
  <testcase classname="ptolemy.util.test.junit.AutoTests" name="[89] /home/travis/build/icyphy/ptII/ptolemy/domains/modal/test/auto/ModalDelay2.xml (RunModel)" time="0.054" />
  <testcase classname="ptolemy.util.test.junit.AutoTests" name="[90] /home/travis/build/icyphy/ptII/ptolemy/domains/modal/test/auto/ModalModelFromMemo.xml (RunModel)" time="0.054" />
  <testcase classname="ptolemy.util.test.junit.AutoTests" name="[91] /home/travis/build/icyphy/ptII/ptolemy/domains/modal/test/auto/ModalModelWithMultirateTransient.xml (RunModel)" time="0.048" />
  <testcase classname="ptolemy.util.test.junit.AutoTests" name="[92] /home/travis/build/icyphy/ptII/ptolemy/domains/modal/test/auto/ModalModelWithReset.xml (RunModel)" time="0.048" />
  <testcase classname="ptolemy.util.test.junit.AutoTests" name="[93] /home/travis/build/icyphy/ptII/ptolemy/domains/modal/test/auto/MouseClickFSM.xml (RunModel)" time="0.042" />
  <testcase classname="ptolemy.util.test.junit.AutoTests" name="[94] /home/travis/build/icyphy/ptII/ptolemy/domains/modal/test/auto/MouseClickFSMModal.xml (RunModel)" time="0.032" />
  <testcase classname="ptolemy.util.test.junit.AutoTests" name="[95] /home/travis/build/icyphy/ptII/ptolemy/domains/modal/test/auto/NonStrictFSM_FeedbackLoop.xml (RunModel)" time="0.037" />
  <testcase classname="ptolemy.util.test.junit.AutoTests" name="[96] /home/travis/build/icyphy/ptII/ptolemy/domains/modal/test/auto/NonStrictFSM_FeedbackLoop_Refinement.xml (RunModel)" time="0.078" />
  <testcase classname="ptolemy.util.test.junit.AutoTests" name="[97] /home/travis/build/icyphy/ptII/ptolemy/domains/modal/test/auto/NonStrictFSM_FeedbackLoop_preemptive.xml (RunModel)" time="0.063" />
  <testcase classname="ptolemy.util.test.junit.AutoTests" name="[98] /home/travis/build/icyphy/ptII/ptolemy/domains/modal/test/auto/NormalTermination.xml (RunModel)" time="0.049" />
  <testcase classname="ptolemy.util.test.junit.AutoTests" name="[99] /home/travis/build/icyphy/ptII/ptolemy/domains/modal/test/auto/Pong.xml (RunModel)" time="0.084" />
  <testcase classname="ptolemy.util.test.junit.AutoTests" name="[100] /home/travis/build/icyphy/ptII/ptolemy/domains/modal/test/auto/Pong_test.xml (RunModel)" time="0.107" />
  <testcase classname="ptolemy.util.test.junit.AutoTests" name="[101] /home/travis/build/icyphy/ptII/ptolemy/domains/modal/test/auto/PreemptionHierarchy.xml (RunModel)" time="0.03" />
  <testcase classname="ptolemy.util.test.junit.AutoTests" name="[102] /home/travis/build/icyphy/ptII/ptolemy/domains/modal/test/auto/PreemptionHierarchy2.xml (RunModel)" time="0.035" />
  <testcase classname="ptolemy.util.test.junit.AutoTests" name="[103] /home/travis/build/icyphy/ptII/ptolemy/domains/modal/test/auto/PreemptiveTransition.xml (RunModel)" time="0.021" />
  <testcase classname="ptolemy.util.test.junit.AutoTests" name="[104] /home/travis/build/icyphy/ptII/ptolemy/domains/modal/test/auto/Priorities.xml (RunModel)" time="0.069" />
  <testcase classname="ptolemy.util.test.junit.AutoTests" name="[105] /home/travis/build/icyphy/ptII/ptolemy/domains/modal/test/auto/ResetFinal.xml (RunModel)" time="0.037" />
  <testcase classname="ptolemy.util.test.junit.AutoTests" name="[106] /home/travis/build/icyphy/ptII/ptolemy/domains/modal/test/auto/ResetFinal2.xml (RunModel)" time="0.03" />
  <testcase classname="ptolemy.util.test.junit.AutoTests" name="[107] /home/travis/build/icyphy/ptII/ptolemy/domains/modal/test/auto/ResetTransitionWithStartTime.xml (RunModel)" time="0.048" />
  <testcase classname="ptolemy.util.test.junit.AutoTests" name="[108] /home/travis/build/icyphy/ptII/ptolemy/domains/modal/test/auto/SDF-FSMComposite.xml (RunModel)" time="0.025" />
  <testcase classname="ptolemy.util.test.junit.AutoTests" name="[109] /home/travis/build/icyphy/ptII/ptolemy/domains/modal/test/auto/SeeminglyNondeterminate.xml (RunModel)" time="0.057" />
  <testcase classname="ptolemy.util.test.junit.AutoTests" name="[110] /home/travis/build/icyphy/ptII/ptolemy/domains/modal/test/auto/SeeminglyNondeterminate2.xml (RunModel)" time="0.063" />
  <testcase classname="ptolemy.util.test.junit.AutoTests" name="[111] /home/travis/build/icyphy/ptII/ptolemy/domains/modal/test/auto/SpontaneousFSM.xml (RunModel)" time="0.043" />
  <testcase classname="ptolemy.util.test.junit.AutoTests" name="[112] /home/travis/build/icyphy/ptII/ptolemy/domains/modal/test/auto/SpontaneousFSM2.xml (RunModel)" time="0.028" />
  <testcase classname="ptolemy.util.test.junit.AutoTests" name="[113] /home/travis/build/icyphy/ptII/ptolemy/domains/modal/test/auto/SpontaneousFSM3.xml (RunModel)" time="0.035" />
  <testcase classname="ptolemy.util.test.junit.AutoTests" name="[114] /home/travis/build/icyphy/ptII/ptolemy/domains/modal/test/auto/SpontaneousFSM4.xml (RunModel)" time="0.04" />
  <testcase classname="ptolemy.util.test.junit.AutoTests" name="[115] /home/travis/build/icyphy/ptII/ptolemy/domains/modal/test/auto/StateTrackerTest.xml (RunModel)" time="0.063" />
  <testcase classname="ptolemy.util.test.junit.AutoTests" name="[116] /home/travis/build/icyphy/ptII/ptolemy/domains/modal/test/auto/StrongImmediateTransition.xml (RunModel)" time="0.029" />
  <testcase classname="ptolemy.util.test.junit.AutoTests" name="[117] /home/travis/build/icyphy/ptII/ptolemy/domains/modal/test/auto/SustainHierarchy.xml (RunModel)" time="0.027" />
  <testcase classname="ptolemy.util.test.junit.AutoTests" name="[118] /home/travis/build/icyphy/ptII/ptolemy/domains/modal/test/auto/TerminationTransition1.xml (RunModel)" time="0.017" />
  <testcase classname="ptolemy.util.test.junit.AutoTests" name="[119] /home/travis/build/icyphy/ptII/ptolemy/domains/modal/test/auto/TerminationTransition2.xml (RunModel)" time="0.022" />
  <testcase classname="ptolemy.util.test.junit.AutoTests" name="[120] /home/travis/build/icyphy/ptII/ptolemy/domains/modal/test/auto/TerminationTransition3.xml (RunModel)" time="0.019" />
  <testcase classname="ptolemy.util.test.junit.AutoTests" name="[121] /home/travis/build/icyphy/ptII/ptolemy/domains/modal/test/auto/TerminationTransition4.xml (RunModel)" time="0.031" />
  <testcase classname="ptolemy.util.test.junit.AutoTests" name="[122] /home/travis/build/icyphy/ptII/ptolemy/domains/modal/test/auto/TerminationTransition5.xml (RunModel)" time="0.028" />
  <testcase classname="ptolemy.util.test.junit.AutoTests" name="[123] /home/travis/build/icyphy/ptII/ptolemy/domains/modal/test/auto/TerminationTransition6.xml (RunModel)" time="0.018" />
  <testcase classname="ptolemy.util.test.junit.AutoTests" name="[124] /home/travis/build/icyphy/ptII/ptolemy/domains/modal/test/auto/TerminationTransition7.xml (RunModel)" time="0.018" />
  <testcase classname="ptolemy.util.test.junit.AutoTests" name="[125] /home/travis/build/icyphy/ptII/ptolemy/domains/modal/test/auto/TerminationTransition8.xml (RunModel)" time="0.023" />
  <testcase classname="ptolemy.util.test.junit.AutoTests" name="[126] /home/travis/build/icyphy/ptII/ptolemy/domains/modal/test/auto/Thermostat_NoHysteresis.xml (RunModel)" time="0.053" />
  <testcase classname="ptolemy.util.test.junit.AutoTests" name="[127] /home/travis/build/icyphy/ptII/ptolemy/domains/modal/test/auto/TimedFSM.xml (RunModel)" time="0.031" />
  <testcase classname="ptolemy.util.test.junit.AutoTests" name="[128] /home/travis/build/icyphy/ptII/ptolemy/domains/modal/test/auto/Timeout1.xml (RunModel)" time="0.014" />
  <testcase classname="ptolemy.util.test.junit.AutoTests" name="[129] /home/travis/build/icyphy/ptII/ptolemy/domains/modal/test/auto/Timeout2.xml (RunModel)" time="0.022" />
  <testcase classname="ptolemy.util.test.junit.AutoTests" name="[130] /home/travis/build/icyphy/ptII/ptolemy/domains/modal/test/auto/Timeout3.xml (RunModel)" time="0.01" />
  <testcase classname="ptolemy.util.test.junit.AutoTests" name="[131] /home/travis/build/icyphy/ptII/ptolemy/domains/modal/test/auto/Timeout4.xml (RunModel)" time="0.011" />
  <testcase classname="ptolemy.util.test.junit.AutoTests" name="[132] /home/travis/build/icyphy/ptII/ptolemy/domains/modal/test/auto/TransientstateModelAdvanced.xml (RunModel)" time="0.039" />
  <testcase classname="ptolemy.util.test.junit.AutoTests" name="[133] /home/travis/build/icyphy/ptII/ptolemy/domains/modal/test/auto/TransientstateModelAdvanced2.xml (RunModel)" time="0.028" />
  <testcase classname="ptolemy.util.test.junit.AutoTests" name="[134] /home/travis/build/icyphy/ptII/ptolemy/domains/modal/test/auto/TransitionRefinements.xml (RunModel)" time="0.021" />
  <testcase classname="ptolemy.util.test.junit.AutoTests" name="[135] /home/travis/build/icyphy/ptII/ptolemy/domains/modal/test/auto/TwoRefinements1.xml (RunModel)" time="0.026" />
  <testcase classname="ptolemy.util.test.junit.AutoTests" name="[136] /home/travis/build/icyphy/ptII/ptolemy/domains/modal/test/auto/TwoRefinements2.xml (RunModel)" time="0.027" />
  <testcase classname="ptolemy.util.test.junit.AutoTests" name="[137] /home/travis/build/icyphy/ptII/ptolemy/domains/modal/test/auto/WeakImmediateTransition.xml (RunModel)" time="0.019" />
  <testcase classname="ptolemy.util.test.junit.AutoTests" name="[138] /home/travis/build/icyphy/ptII/ptolemy/domains/modal/test/auto/booleanSelect.xml (RunModel)" time="0.081" />
  <testcase classname="ptolemy.util.test.junit.AutoTests" name="[139] /home/travis/build/icyphy/ptII/ptolemy/domains/modal/test/auto/modalChangingParams.xml (RunModel)" time="0.293" />
  <testcase classname="ptolemy.util.test.junit.AutoTests" name="[140] /home/travis/build/icyphy/ptII/ptolemy/domains/modal/test/auto/modalModel.xml (RunModel)" time="0.031" />
  <testcase classname="ptolemy.util.test.junit.AutoTests" name="[141] /home/travis/build/icyphy/ptII/ptolemy/domains/modal/test/auto/modalModel2.xml (RunModel)" time="0.03" />
  <testcase classname="ptolemy.util.test.junit.AutoTests" name="[142] /home/travis/build/icyphy/ptII/ptolemy/domains/modal/test/auto/modalModel3.xml (RunModel)" time="0.044" />
  <testcase classname="ptolemy.util.test.junit.AutoTests" name="[143] /home/travis/build/icyphy/ptII/ptolemy/domains/modal/test/auto/model1.xml (RunModel)" time="0.018" />
  <testcase classname="ptolemy.util.test.junit.AutoTests" name="[144] /home/travis/build/icyphy/ptII/ptolemy/domains/modal/test/auto/test-direct-in-out.xml (RunModel)" time="0.028" />
  <system-out><![CDATA[/home/travis/build/icyphy/ptII/ptolemy/domains/modal/test/SystemLevelType.tcl
testDefs.tcl: setting time out to 9000 seconds at Mon Aug 23 21:30:04 UTC 2021
08/23/21 09:30:06
Failed: 0  Total Tests: 1  ((Passed: 1, Newly Passed: 0)  Known Failed: 0) /home/travis/build/icyphy/ptII/ptolemy/domains/modal/test
----------------- testing (KnownFailure) /home/travis/build/icyphy/ptII/ptolemy/domains/modal/test/auto/knownFailedTests/CannotAnalysisWithPreemption.xml
148 ms. Memory: 129024K Free: 69031K (54%)
Known Failure: java.lang.reflect.InvocationTargetException
No auto/linux-amd64/*.xml tests in /home/travis/build/icyphy/ptII/ptolemy/domains/modal/test
AutoTests.java: About to close Vertx.
AutoTests.java: Vertx closed.

===========================================================================================
----------------- testing Mon Aug 23 21:30:06 UTC 2021 /home/travis/build/icyphy/ptII/ptolemy/domains/modal/test/auto/ABPTest.xml
----------------- Instantiating /home/travis/build/icyphy/ptII/ptolemy/domains/modal/test/auto/ABPTest.xml
338 ms. Memory: 155648K Free: 116572K (75%)
----------------- Invoking toplevel() on ptolemy.moml.MoMLSimpleApplication@3fb673ab
----------------- Done invoking toplevel() on ptolemy.moml.MoMLSimpleApplication@3fb673ab
reloadAllAccessors: .ABPTest

===========================================================================================
----------------- testing Mon Aug 23 21:30:07 UTC 2021 /home/travis/build/icyphy/ptII/ptolemy/domains/modal/test/auto/ABROFlat.xml
----------------- Instantiating /home/travis/build/icyphy/ptII/ptolemy/domains/modal/test/auto/ABROFlat.xml
22 ms. Memory: 155648K Free: 100238K (64%)
----------------- Invoking toplevel() on ptolemy.moml.MoMLSimpleApplication@26d57de2
----------------- Done invoking toplevel() on ptolemy.moml.MoMLSimpleApplication@26d57de2
reloadAllAccessors: .ABROFlat

===========================================================================================
----------------- testing Mon Aug 23 21:30:07 UTC 2021 /home/travis/build/icyphy/ptII/ptolemy/domains/modal/test/auto/ABROFlat2.xml
----------------- Instantiating /home/travis/build/icyphy/ptII/ptolemy/domains/modal/test/auto/ABROFlat2.xml
23 ms. Memory: 155648K Free: 83824K (54%)
----------------- Invoking toplevel() on ptolemy.moml.MoMLSimpleApplication@7eef5cf5
----------------- Done invoking toplevel() on ptolemy.moml.MoMLSimpleApplication@7eef5cf5
reloadAllAccessors: .ABROFlat2

===========================================================================================
----------------- testing Mon Aug 23 21:30:07 UTC 2021 /home/travis/build/icyphy/ptII/ptolemy/domains/modal/test/auto/ABRO_present_hmm.xml
----------------- Instantiating /home/travis/build/icyphy/ptII/ptolemy/domains/modal/test/auto/ABRO_present_hmm.xml
29 ms. Memory: 155648K Free: 57216K (37%)
----------------- Invoking toplevel() on ptolemy.moml.MoMLSimpleApplication@569a655a
----------------- Done invoking toplevel() on ptolemy.moml.MoMLSimpleApplication@569a655a
reloadAllAccessors: .ABRO_present_hmm

===========================================================================================
----------------- testing Mon Aug 23 21:30:07 UTC 2021 /home/travis/build/icyphy/ptII/ptolemy/domains/modal/test/auto/AMICoderExample.xml
----------------- Instantiating /home/travis/build/icyphy/ptII/ptolemy/domains/modal/test/auto/AMICoderExample.xml
66 ms. Memory: 155648K Free: 133846K (86%)
----------------- Invoking toplevel() on ptolemy.moml.MoMLSimpleApplication@765b3f75
----------------- Done invoking toplevel() on ptolemy.moml.MoMLSimpleApplication@765b3f75
reloadAllAccessors: .AMICoderExample

===========================================================================================
----------------- testing Mon Aug 23 21:30:08 UTC 2021 /home/travis/build/icyphy/ptII/ptolemy/domains/modal/test/auto/AbsentToPresent.xml
----------------- Instantiating /home/travis/build/icyphy/ptII/ptolemy/domains/modal/test/auto/AbsentToPresent.xml
8 ms. Memory: 155648K Free: 129080K (83%)
----------------- Invoking toplevel() on ptolemy.moml.MoMLSimpleApplication@4777abe4
----------------- Done invoking toplevel() on ptolemy.moml.MoMLSimpleApplication@4777abe4
reloadAllAccessors: .AbsentToPresent

===========================================================================================
----------------- testing Mon Aug 23 21:30:08 UTC 2021 /home/travis/build/icyphy/ptII/ptolemy/domains/modal/test/auto/Blending.xml
----------------- Instantiating /home/travis/build/icyphy/ptII/ptolemy/domains/modal/test/auto/Blending.xml
161 ms. Memory: 155648K Free: 84513K (54%)
----------------- Invoking toplevel() on ptolemy.moml.MoMLSimpleApplication@5f6f357
----------------- Done invoking toplevel() on ptolemy.moml.MoMLSimpleApplication@5f6f357
reloadAllAccessors: .Blending

===========================================================================================
----------------- testing Mon Aug 23 21:30:08 UTC 2021 /home/travis/build/icyphy/ptII/ptolemy/domains/modal/test/auto/Broadcast.xml
----------------- Instantiating /home/travis/build/icyphy/ptII/ptolemy/domains/modal/test/auto/Broadcast.xml
6 ms. Memory: 155648K Free: 74295K (48%)
----------------- Invoking toplevel() on ptolemy.moml.MoMLSimpleApplication@69098f29
----------------- Done invoking toplevel() on ptolemy.moml.MoMLSimpleApplication@69098f29
reloadAllAccessors: .Broadcast

===========================================================================================
----------------- testing Mon Aug 23 21:30:08 UTC 2021 /home/travis/build/icyphy/ptII/ptolemy/domains/modal/test/auto/BroadcastHierarchy.xml
----------------- Instantiating /home/travis/build/icyphy/ptII/ptolemy/domains/modal/test/auto/BroadcastHierarchy.xml
8 ms. Memory: 155648K Free: 60504K (39%)
----------------- Invoking toplevel() on ptolemy.moml.MoMLSimpleApplication@3b2fccc8
----------------- Done invoking toplevel() on ptolemy.moml.MoMLSimpleApplication@3b2fccc8
reloadAllAccessors: .BroadcastHierarchy

===========================================================================================
----------------- testing Mon Aug 23 21:30:08 UTC 2021 /home/travis/build/icyphy/ptII/ptolemy/domains/modal/test/auto/BroadcastHierarchy2.xml
----------------- Instantiating /home/travis/build/icyphy/ptII/ptolemy/domains/modal/test/auto/BroadcastHierarchy2.xml
28 ms. Memory: 155648K Free: 122037K (78%)
----------------- Invoking toplevel() on ptolemy.moml.MoMLSimpleApplication@4440e8bf
----------------- Done invoking toplevel() on ptolemy.moml.MoMLSimpleApplication@4440e8bf
reloadAllAccessors: .BroadcastHierarchy2

===========================================================================================
----------------- testing Mon Aug 23 21:30:08 UTC 2021 /home/travis/build/icyphy/ptII/ptolemy/domains/modal/test/auto/BroadcastHierarchy3.xml
----------------- Instantiating /home/travis/build/icyphy/ptII/ptolemy/domains/modal/test/auto/BroadcastHierarchy3.xml
21 ms. Memory: 155648K Free: 101525K (65%)
----------------- Invoking toplevel() on ptolemy.moml.MoMLSimpleApplication@58408064
----------------- Done invoking toplevel() on ptolemy.moml.MoMLSimpleApplication@58408064
reloadAllAccessors: .BroadcastHierarchy3

===========================================================================================
----------------- testing Mon Aug 23 21:30:08 UTC 2021 /home/travis/build/icyphy/ptII/ptolemy/domains/modal/test/auto/BroadcastHierarchy4.xml
----------------- Instantiating /home/travis/build/icyphy/ptII/ptolemy/domains/modal/test/auto/BroadcastHierarchy4.xml
23 ms. Memory: 155648K Free: 76949K (49%)
----------------- Invoking toplevel() on ptolemy.moml.MoMLSimpleApplication@2150111d
----------------- Done invoking toplevel() on ptolemy.moml.MoMLSimpleApplication@2150111d
reloadAllAccessors: .BroadcastHierarchy4

===========================================================================================
----------------- testing Mon Aug 23 21:30:08 UTC 2021 /home/travis/build/icyphy/ptII/ptolemy/domains/modal/test/auto/CannotAnalysisWithPreemption2.xml
----------------- Instantiating /home/travis/build/icyphy/ptII/ptolemy/domains/modal/test/auto/CannotAnalysisWithPreemption2.xml
4 ms. Memory: 155648K Free: 69843K (45%)
----------------- Invoking toplevel() on ptolemy.moml.MoMLSimpleApplication@1dec399a
----------------- Done invoking toplevel() on ptolemy.moml.MoMLSimpleApplication@1dec399a
reloadAllAccessors: .CannotAnalysisWithPreemption2

===========================================================================================
----------------- testing Mon Aug 23 21:30:08 UTC 2021 /home/travis/build/icyphy/ptII/ptolemy/domains/modal/test/auto/CannotAnalysisWithPreemption3.xml
----------------- Instantiating /home/travis/build/icyphy/ptII/ptolemy/domains/modal/test/auto/CannotAnalysisWithPreemption3.xml
6 ms. Memory: 155648K Free: 60043K (39%)
----------------- Invoking toplevel() on ptolemy.moml.MoMLSimpleApplication@1e94ac5b
----------------- Done invoking toplevel() on ptolemy.moml.MoMLSimpleApplication@1e94ac5b
reloadAllAccessors: .CannotAnalysisWithPreemption3

===========================================================================================
----------------- testing Mon Aug 23 21:30:08 UTC 2021 /home/travis/build/icyphy/ptII/ptolemy/domains/modal/test/auto/CannotProduce.xml
----------------- Instantiating /home/travis/build/icyphy/ptII/ptolemy/domains/modal/test/auto/CannotProduce.xml
14 ms. Memory: 155648K Free: 53421K (34%)
----------------- Invoking toplevel() on ptolemy.moml.MoMLSimpleApplication@57aeadc4
----------------- Done invoking toplevel() on ptolemy.moml.MoMLSimpleApplication@57aeadc4
reloadAllAccessors: .CannotProduce

===========================================================================================
----------------- testing Mon Aug 23 21:30:08 UTC 2021 /home/travis/build/icyphy/ptII/ptolemy/domains/modal/test/auto/CannotProduceModal.xml
----------------- Instantiating /home/travis/build/icyphy/ptII/ptolemy/domains/modal/test/auto/CannotProduceModal.xml
14 ms. Memory: 190464K Free: 169506K (89%)
----------------- Invoking toplevel() on ptolemy.moml.MoMLSimpleApplication@bce7c70
----------------- Done invoking toplevel() on ptolemy.moml.MoMLSimpleApplication@bce7c70
reloadAllAccessors: .CannotProduceModal

===========================================================================================
----------------- testing Mon Aug 23 21:30:08 UTC 2021 /home/travis/build/icyphy/ptII/ptolemy/domains/modal/test/auto/Case.xml
----------------- Instantiating /home/travis/build/icyphy/ptII/ptolemy/domains/modal/test/auto/Case.xml
33 ms. Memory: 190464K Free: 157738K (83%)
----------------- Invoking toplevel() on ptolemy.moml.MoMLSimpleApplication@7baa73cc
----------------- Done invoking toplevel() on ptolemy.moml.MoMLSimpleApplication@7baa73cc
reloadAllAccessors: .Case

===========================================================================================
----------------- testing Mon Aug 23 21:30:08 UTC 2021 /home/travis/build/icyphy/ptII/ptolemy/domains/modal/test/auto/Case1.xml
----------------- Instantiating /home/travis/build/icyphy/ptII/ptolemy/domains/modal/test/auto/Case1.xml
11 ms. Memory: 190464K Free: 150570K (79%)
----------------- Invoking toplevel() on ptolemy.moml.MoMLSimpleApplication@673c076f
----------------- Done invoking toplevel() on ptolemy.moml.MoMLSimpleApplication@673c076f
reloadAllAccessors: .Case1

===========================================================================================
----------------- testing Mon Aug 23 21:30:09 UTC 2021 /home/travis/build/icyphy/ptII/ptolemy/domains/modal/test/auto/Case2.xml
----------------- Instantiating /home/travis/build/icyphy/ptII/ptolemy/domains/modal/test/auto/Case2.xml
29 ms. Memory: 190464K Free: 139816K (73%)
----------------- Invoking toplevel() on ptolemy.moml.MoMLSimpleApplication@7922f35c
----------------- Done invoking toplevel() on ptolemy.moml.MoMLSimpleApplication@7922f35c
reloadAllAccessors: .Case2

===========================================================================================
----------------- testing Mon Aug 23 21:30:09 UTC 2021 /home/travis/build/icyphy/ptII/ptolemy/domains/modal/test/auto/CausalityInterface1.xml
----------------- Instantiating /home/travis/build/icyphy/ptII/ptolemy/domains/modal/test/auto/CausalityInterface1.xml
3 ms. Memory: 190464K Free: 134696K (71%)
----------------- Invoking toplevel() on ptolemy.moml.MoMLSimpleApplication@4359b023
----------------- Done invoking toplevel() on ptolemy.moml.MoMLSimpleApplication@4359b023
reloadAllAccessors: .CausalityInterface1

===========================================================================================
----------------- testing Mon Aug 23 21:30:09 UTC 2021 /home/travis/build/icyphy/ptII/ptolemy/domains/modal/test/auto/CausalityInterface10.xml
----------------- Instantiating /home/travis/build/icyphy/ptII/ptolemy/domains/modal/test/auto/CausalityInterface10.xml
10 ms. Memory: 190464K Free: 121370K (64%)
----------------- Invoking toplevel() on ptolemy.moml.MoMLSimpleApplication@339d5115
----------------- Done invoking toplevel() on ptolemy.moml.MoMLSimpleApplication@339d5115
reloadAllAccessors: .CausalityInterface10

===========================================================================================
----------------- testing Mon Aug 23 21:30:09 UTC 2021 /home/travis/build/icyphy/ptII/ptolemy/domains/modal/test/auto/CausalityInterface11.xml
----------------- Instantiating /home/travis/build/icyphy/ptII/ptolemy/domains/modal/test/auto/CausalityInterface11.xml
8 ms. Memory: 190464K Free: 108042K (57%)
----------------- Invoking toplevel() on ptolemy.moml.MoMLSimpleApplication@7489ab17
----------------- Done invoking toplevel() on ptolemy.moml.MoMLSimpleApplication@7489ab17
reloadAllAccessors: .CausalityInterface11

===========================================================================================
----------------- testing Mon Aug 23 21:30:09 UTC 2021 /home/travis/build/icyphy/ptII/ptolemy/domains/modal/test/auto/CausalityInterface12.xml
----------------- Instantiating /home/travis/build/icyphy/ptII/ptolemy/domains/modal/test/auto/CausalityInterface12.xml
7 ms. Memory: 190464K Free: 94730K (50%)
----------------- Invoking toplevel() on ptolemy.moml.MoMLSimpleApplication@360b3bc6
----------------- Done invoking toplevel() on ptolemy.moml.MoMLSimpleApplication@360b3bc6
reloadAllAccessors: .CausalityInterface12

===========================================================================================
----------------- testing Mon Aug 23 21:30:09 UTC 2021 /home/travis/build/icyphy/ptII/ptolemy/domains/modal/test/auto/CausalityInterface13.xml
----------------- Instantiating /home/travis/build/icyphy/ptII/ptolemy/domains/modal/test/auto/CausalityInterface13.xml
11 ms. Memory: 190464K Free: 80938K (42%)
----------------- Invoking toplevel() on ptolemy.moml.MoMLSimpleApplication@39b1e737
----------------- Done invoking toplevel() on ptolemy.moml.MoMLSimpleApplication@39b1e737
reloadAllAccessors: .CausalityInterface13

===========================================================================================
----------------- testing Mon Aug 23 21:30:09 UTC 2021 /home/travis/build/icyphy/ptII/ptolemy/domains/modal/test/auto/CausalityInterface14.xml
----------------- Instantiating /home/travis/build/icyphy/ptII/ptolemy/domains/modal/test/auto/CausalityInterface14.xml
24 ms. Memory: 190464K Free: 169561K (89%)
----------------- Invoking toplevel() on ptolemy.moml.MoMLSimpleApplication@6c22685d
----------------- Done invoking toplevel() on ptolemy.moml.MoMLSimpleApplication@6c22685d
reloadAllAccessors: .CausalityInterface14

===========================================================================================
----------------- testing Mon Aug 23 21:30:09 UTC 2021 /home/travis/build/icyphy/ptII/ptolemy/domains/modal/test/auto/CausalityInterface2.xml
----------------- Instantiating /home/travis/build/icyphy/ptII/ptolemy/domains/modal/test/auto/CausalityInterface2.xml
6 ms. Memory: 190464K Free: 162377K (85%)
----------------- Invoking toplevel() on ptolemy.moml.MoMLSimpleApplication@3b28bf12
----------------- Done invoking toplevel() on ptolemy.moml.MoMLSimpleApplication@3b28bf12
reloadAllAccessors: .CausalityInterface2

===========================================================================================
----------------- testing Mon Aug 23 21:30:09 UTC 2021 /home/travis/build/icyphy/ptII/ptolemy/domains/modal/test/auto/CausalityInterface3.xml
----------------- Instantiating /home/travis/build/icyphy/ptII/ptolemy/domains/modal/test/auto/CausalityInterface3.xml
3 ms. Memory: 190464K Free: 156257K (82%)
----------------- Invoking toplevel() on ptolemy.moml.MoMLSimpleApplication@78881328
----------------- Done invoking toplevel() on ptolemy.moml.MoMLSimpleApplication@78881328
reloadAllAccessors: .CausalityInterface3

===========================================================================================
----------------- testing Mon Aug 23 21:30:09 UTC 2021 /home/travis/build/icyphy/ptII/ptolemy/domains/modal/test/auto/CausalityInterface4.xml
----------------- Instantiating /home/travis/build/icyphy/ptII/ptolemy/domains/modal/test/auto/CausalityInterface4.xml
4 ms. Memory: 190464K Free: 149609K (79%)
----------------- Invoking toplevel() on ptolemy.moml.MoMLSimpleApplication@6e9a0910
----------------- Done invoking toplevel() on ptolemy.moml.MoMLSimpleApplication@6e9a0910
reloadAllAccessors: .CausalityInterface4

===========================================================================================
----------------- testing Mon Aug 23 21:30:09 UTC 2021 /home/travis/build/icyphy/ptII/ptolemy/domains/modal/test/auto/CausalityInterface5.xml
----------------- Instantiating /home/travis/build/icyphy/ptII/ptolemy/domains/modal/test/auto/CausalityInterface5.xml
7 ms. Memory: 190464K Free: 141417K (74%)
----------------- Invoking toplevel() on ptolemy.moml.MoMLSimpleApplication@9f99f2
----------------- Done invoking toplevel() on ptolemy.moml.MoMLSimpleApplication@9f99f2
reloadAllAccessors: .CausalityInterface5

===========================================================================================
----------------- testing Mon Aug 23 21:30:09 UTC 2021 /home/travis/build/icyphy/ptII/ptolemy/domains/modal/test/auto/CausalityInterface6.xml
----------------- Instantiating /home/travis/build/icyphy/ptII/ptolemy/domains/modal/test/auto/CausalityInterface6.xml
6 ms. Memory: 190464K Free: 133225K (70%)
----------------- Invoking toplevel() on ptolemy.moml.MoMLSimpleApplication@d76455
----------------- Done invoking toplevel() on ptolemy.moml.MoMLSimpleApplication@d76455
reloadAllAccessors: .CausalityInterface6

===========================================================================================
----------------- testing Mon Aug 23 21:30:09 UTC 2021 /home/travis/build/icyphy/ptII/ptolemy/domains/modal/test/auto/CausalityInterface7.xml
----------------- Instantiating /home/travis/build/icyphy/ptII/ptolemy/domains/modal/test/auto/CausalityInterface7.xml
10 ms. Memory: 190464K Free: 125033K (66%)
----------------- Invoking toplevel() on ptolemy.moml.MoMLSimpleApplication@2754bd27
----------------- Done invoking toplevel() on ptolemy.moml.MoMLSimpleApplication@2754bd27
reloadAllAccessors: .CausalityInterface7

===========================================================================================
----------------- testing Mon Aug 23 21:30:09 UTC 2021 /home/travis/build/icyphy/ptII/ptolemy/domains/modal/test/auto/CausalityInterface8.xml
----------------- Instantiating /home/travis/build/icyphy/ptII/ptolemy/domains/modal/test/auto/CausalityInterface8.xml
3 ms. Memory: 190464K Free: 116321K (61%)
----------------- Invoking toplevel() on ptolemy.moml.MoMLSimpleApplication@557fe834
----------------- Done invoking toplevel() on ptolemy.moml.MoMLSimpleApplication@557fe834
reloadAllAccessors: .CausalityInterface8

===========================================================================================
----------------- testing Mon Aug 23 21:30:09 UTC 2021 /home/travis/build/icyphy/ptII/ptolemy/domains/modal/test/auto/CausalityInterface9.xml
----------------- Instantiating /home/travis/build/icyphy/ptII/ptolemy/domains/modal/test/auto/CausalityInterface9.xml
7 ms. Memory: 190464K Free: 107111K (56%)
----------------- Invoking toplevel() on ptolemy.moml.MoMLSimpleApplication@26ce2264
----------------- Done invoking toplevel() on ptolemy.moml.MoMLSimpleApplication@26ce2264
reloadAllAccessors: .CausalityInterface9

===========================================================================================
----------------- testing Mon Aug 23 21:30:09 UTC 2021 /home/travis/build/icyphy/ptII/ptolemy/domains/modal/test/auto/ChainedTransitions.xml
----------------- Instantiating /home/travis/build/icyphy/ptII/ptolemy/domains/modal/test/auto/ChainedTransitions.xml
86 ms. Memory: 190464K Free: 82521K (43%)
----------------- Invoking toplevel() on ptolemy.moml.MoMLSimpleApplication@604c27f9
----------------- Done invoking toplevel() on ptolemy.moml.MoMLSimpleApplication@604c27f9
reloadAllAccessors: .ChainedTransitions

===========================================================================================
----------------- testing Mon Aug 23 21:30:09 UTC 2021 /home/travis/build/icyphy/ptII/ptolemy/domains/modal/test/auto/CycleOfImmediateTransitionsFSM.xml
----------------- Instantiating /home/travis/build/icyphy/ptII/ptolemy/domains/modal/test/auto/CycleOfImmediateTransitionsFSM.xml
2 ms. Memory: 190464K Free: 76905K (40%)
----------------- Invoking toplevel() on ptolemy.moml.MoMLSimpleApplication@44a5921e
----------------- Done invoking toplevel() on ptolemy.moml.MoMLSimpleApplication@44a5921e
reloadAllAccessors: .CycleOfImmediateTransitionsFSM

===========================================================================================
----------------- testing Mon Aug 23 21:30:09 UTC 2021 /home/travis/build/icyphy/ptII/ptolemy/domains/modal/test/auto/CycleOfImmediateTransitionsModal.xml
----------------- Instantiating /home/travis/build/icyphy/ptII/ptolemy/domains/modal/test/auto/CycleOfImmediateTransitionsModal.xml
2 ms. Memory: 190464K Free: 70247K (37%)
----------------- Invoking toplevel() on ptolemy.moml.MoMLSimpleApplication@76f18ca1
----------------- Done invoking toplevel() on ptolemy.moml.MoMLSimpleApplication@76f18ca1
reloadAllAccessors: .CycleOfImmediateTransitionsModal

===========================================================================================
----------------- testing Mon Aug 23 21:30:09 UTC 2021 /home/travis/build/icyphy/ptII/ptolemy/domains/modal/test/auto/CycleOfImmediateTransitionsModal2.xml
----------------- Instantiating /home/travis/build/icyphy/ptII/ptolemy/domains/modal/test/auto/CycleOfImmediateTransitionsModal2.xml
7 ms. Memory: 190464K Free: 64103K (34%)
----------------- Invoking toplevel() on ptolemy.moml.MoMLSimpleApplication@702707d2
----------------- Done invoking toplevel() on ptolemy.moml.MoMLSimpleApplication@702707d2
reloadAllAccessors: .CycleOfImmediateTransitionsModal2

===========================================================================================
----------------- testing Mon Aug 23 21:30:09 UTC 2021 /home/travis/build/icyphy/ptII/ptolemy/domains/modal/test/auto/CycleOfImmediateTransitionsModal3.xml
----------------- Instantiating /home/travis/build/icyphy/ptII/ptolemy/domains/modal/test/auto/CycleOfImmediateTransitionsModal3.xml
11 ms. Memory: 190464K Free: 149985K (79%)
----------------- Invoking toplevel() on ptolemy.moml.MoMLSimpleApplication@769e1719
----------------- Done invoking toplevel() on ptolemy.moml.MoMLSimpleApplication@769e1719
reloadAllAccessors: .CycleOfImmediateTransitionsModal3

===========================================================================================
----------------- testing Mon Aug 23 21:30:10 UTC 2021 /home/travis/build/icyphy/ptII/ptolemy/domains/modal/test/auto/DeepModal1.xml
----------------- Instantiating /home/travis/build/icyphy/ptII/ptolemy/domains/modal/test/auto/DeepModal1.xml
26 ms. Memory: 190464K Free: 136177K (71%)
----------------- Invoking toplevel() on ptolemy.moml.MoMLSimpleApplication@56c8dcfa
----------------- Done invoking toplevel() on ptolemy.moml.MoMLSimpleApplication@56c8dcfa
reloadAllAccessors: .DeepModal1

===========================================================================================
----------------- testing Mon Aug 23 21:30:10 UTC 2021 /home/travis/build/icyphy/ptII/ptolemy/domains/modal/test/auto/DeepModal2.xml
----------------- Instantiating /home/travis/build/icyphy/ptII/ptolemy/domains/modal/test/auto/DeepModal2.xml
21 ms. Memory: 190464K Free: 117231K (62%)
----------------- Invoking toplevel() on ptolemy.moml.MoMLSimpleApplication@44fb5153
----------------- Done invoking toplevel() on ptolemy.moml.MoMLSimpleApplication@44fb5153
reloadAllAccessors: .DeepModal2

===========================================================================================
----------------- testing Mon Aug 23 21:30:10 UTC 2021 /home/travis/build/icyphy/ptII/ptolemy/domains/modal/test/auto/DeepModal3.xml
----------------- Instantiating /home/travis/build/icyphy/ptII/ptolemy/domains/modal/test/auto/DeepModal3.xml
31 ms. Memory: 190464K Free: 97775K (51%)
----------------- Invoking toplevel() on ptolemy.moml.MoMLSimpleApplication@5b2e1149
----------------- Done invoking toplevel() on ptolemy.moml.MoMLSimpleApplication@5b2e1149
reloadAllAccessors: .DeepModal3

===========================================================================================
----------------- testing Mon Aug 23 21:30:10 UTC 2021 /home/travis/build/icyphy/ptII/ptolemy/domains/modal/test/auto/DeepModal4.xml
----------------- Instantiating /home/travis/build/icyphy/ptII/ptolemy/domains/modal/test/auto/DeepModal4.xml
29 ms. Memory: 190464K Free: 78319K (41%)
----------------- Invoking toplevel() on ptolemy.moml.MoMLSimpleApplication@4ba2d14a
----------------- Done invoking toplevel() on ptolemy.moml.MoMLSimpleApplication@4ba2d14a
reloadAllAccessors: .DeepModal4

===========================================================================================
----------------- testing Mon Aug 23 21:30:10 UTC 2021 /home/travis/build/icyphy/ptII/ptolemy/domains/modal/test/auto/Default1.xml
----------------- Instantiating /home/travis/build/icyphy/ptII/ptolemy/domains/modal/test/auto/Default1.xml
2 ms. Memory: 190464K Free: 72175K (38%)
----------------- Invoking toplevel() on ptolemy.moml.MoMLSimpleApplication@3ed1cfbf
----------------- Done invoking toplevel() on ptolemy.moml.MoMLSimpleApplication@3ed1cfbf
reloadAllAccessors: .Default1

===========================================================================================
----------------- testing Mon Aug 23 21:30:10 UTC 2021 /home/travis/build/icyphy/ptII/ptolemy/domains/modal/test/auto/Default2.xml
----------------- Instantiating /home/travis/build/icyphy/ptII/ptolemy/domains/modal/test/auto/Default2.xml
7 ms. Memory: 190464K Free: 66545K (35%)
----------------- Invoking toplevel() on ptolemy.moml.MoMLSimpleApplication@444f0ba
----------------- Done invoking toplevel() on ptolemy.moml.MoMLSimpleApplication@444f0ba
reloadAllAccessors: .Default2

===========================================================================================
----------------- testing Mon Aug 23 21:30:10 UTC 2021 /home/travis/build/icyphy/ptII/ptolemy/domains/modal/test/auto/Default3.xml
----------------- Instantiating /home/travis/build/icyphy/ptII/ptolemy/domains/modal/test/auto/Default3.xml
5 ms. Memory: 190464K Free: 169149K (89%)
----------------- Invoking toplevel() on ptolemy.moml.MoMLSimpleApplication@67df2e93
----------------- Done invoking toplevel() on ptolemy.moml.MoMLSimpleApplication@67df2e93
reloadAllAccessors: .Default3

===========================================================================================
----------------- testing Mon Aug 23 21:30:10 UTC 2021 /home/travis/build/icyphy/ptII/ptolemy/domains/modal/test/auto/Default4.xml
----------------- Instantiating /home/travis/build/icyphy/ptII/ptolemy/domains/modal/test/auto/Default4.xml
5 ms. Memory: 190464K Free: 162801K (85%)
----------------- Invoking toplevel() on ptolemy.moml.MoMLSimpleApplication@7e4a00ff
----------------- Done invoking toplevel() on ptolemy.moml.MoMLSimpleApplication@7e4a00ff
reloadAllAccessors: .Default4

===========================================================================================
----------------- testing Mon Aug 23 21:30:10 UTC 2021 /home/travis/build/icyphy/ptII/ptolemy/domains/modal/test/auto/Default5.xml
----------------- Instantiating /home/travis/build/icyphy/ptII/ptolemy/domains/modal/test/auto/Default5.xml
7 ms. Memory: 190464K Free: 154609K (81%)
----------------- Invoking toplevel() on ptolemy.moml.MoMLSimpleApplication@7a1f5cf1
----------------- Done invoking toplevel() on ptolemy.moml.MoMLSimpleApplication@7a1f5cf1
reloadAllAccessors: .Default5

===========================================================================================
----------------- testing Mon Aug 23 21:30:10 UTC 2021 /home/travis/build/icyphy/ptII/ptolemy/domains/modal/test/auto/EmptyGuard.xml
----------------- Instantiating /home/travis/build/icyphy/ptII/ptolemy/domains/modal/test/auto/EmptyGuard.xml
10 ms. Memory: 190464K Free: 146921K (77%)
----------------- Invoking toplevel() on ptolemy.moml.MoMLSimpleApplication@4076652a
----------------- Done invoking toplevel() on ptolemy.moml.MoMLSimpleApplication@4076652a
reloadAllAccessors: .EmptyGuard

===========================================================================================
----------------- testing Mon Aug 23 21:30:10 UTC 2021 /home/travis/build/icyphy/ptII/ptolemy/domains/modal/test/auto/ErrorTransition1.xml
----------------- Instantiating /home/travis/build/icyphy/ptII/ptolemy/domains/modal/test/auto/ErrorTransition1.xml
9 ms. Memory: 190464K Free: 137711K (72%)
----------------- Invoking toplevel() on ptolemy.moml.MoMLSimpleApplication@41d2addf
----------------- Done invoking toplevel() on ptolemy.moml.MoMLSimpleApplication@41d2addf
reloadAllAccessors: .ErrorTransition1

===========================================================================================
----------------- testing Mon Aug 23 21:30:10 UTC 2021 /home/travis/build/icyphy/ptII/ptolemy/domains/modal/test/auto/ErrorTransition10.xml
----------------- Instantiating /home/travis/build/icyphy/ptII/ptolemy/domains/modal/test/auto/ErrorTransition10.xml
14 ms. Memory: 190464K Free: 123889K (65%)
----------------- Invoking toplevel() on ptolemy.moml.MoMLSimpleApplication@6577e388
----------------- Done invoking toplevel() on ptolemy.moml.MoMLSimpleApplication@6577e388
reloadAllAccessors: .ErrorTransition10

===========================================================================================
----------------- testing Mon Aug 23 21:30:10 UTC 2021 /home/travis/build/icyphy/ptII/ptolemy/domains/modal/test/auto/ErrorTransition11.xml
----------------- Instantiating /home/travis/build/icyphy/ptII/ptolemy/domains/modal/test/auto/ErrorTransition11.xml
5 ms. Memory: 190464K Free: 112625K (59%)
----------------- Invoking toplevel() on ptolemy.moml.MoMLSimpleApplication@5d4e33b5
----------------- Done invoking toplevel() on ptolemy.moml.MoMLSimpleApplication@5d4e33b5
reloadAllAccessors: .ErrorTransition11

===========================================================================================
----------------- testing Mon Aug 23 21:30:10 UTC 2021 /home/travis/build/icyphy/ptII/ptolemy/domains/modal/test/auto/ErrorTransition2.xml
----------------- Instantiating /home/travis/build/icyphy/ptII/ptolemy/domains/modal/test/auto/ErrorTransition2.xml
8 ms. Memory: 190464K Free: 103919K (55%)
----------------- Invoking toplevel() on ptolemy.moml.MoMLSimpleApplication@3efc6ac8
----------------- Done invoking toplevel() on ptolemy.moml.MoMLSimpleApplication@3efc6ac8
reloadAllAccessors: .ErrorTransition2

===========================================================================================
----------------- testing Mon Aug 23 21:30:10 UTC 2021 /home/travis/build/icyphy/ptII/ptolemy/domains/modal/test/auto/ErrorTransition3.xml
----------------- Instantiating /home/travis/build/icyphy/ptII/ptolemy/domains/modal/test/auto/ErrorTransition3.xml
21 ms. Memory: 190464K Free: 94193K (49%)
----------------- Invoking toplevel() on ptolemy.moml.MoMLSimpleApplication@53d5678e
----------------- Done invoking toplevel() on ptolemy.moml.MoMLSimpleApplication@53d5678e
reloadAllAccessors: .ErrorTransition3

===========================================================================================
----------------- testing Mon Aug 23 21:30:10 UTC 2021 /home/travis/build/icyphy/ptII/ptolemy/domains/modal/test/auto/ErrorTransition4.xml
----------------- Instantiating /home/travis/build/icyphy/ptII/ptolemy/domains/modal/test/auto/ErrorTransition4.xml
13 ms. Memory: 190464K Free: 82929K (44%)
----------------- Invoking toplevel() on ptolemy.moml.MoMLSimpleApplication@10625383
----------------- Done invoking toplevel() on ptolemy.moml.MoMLSimpleApplication@10625383
reloadAllAccessors: .ErrorTransition4

===========================================================================================
----------------- testing Mon Aug 23 21:30:10 UTC 2021 /home/travis/build/icyphy/ptII/ptolemy/domains/modal/test/auto/ErrorTransition5.xml
----------------- Instantiating /home/travis/build/icyphy/ptII/ptolemy/domains/modal/test/auto/ErrorTransition5.xml
7 ms. Memory: 190464K Free: 72689K (38%)
----------------- Invoking toplevel() on ptolemy.moml.MoMLSimpleApplication@34095baf
----------------- Done invoking toplevel() on ptolemy.moml.MoMLSimpleApplication@34095baf
reloadAllAccessors: .ErrorTransition5

===========================================================================================
----------------- testing Mon Aug 23 21:30:10 UTC 2021 /home/travis/build/icyphy/ptII/ptolemy/domains/modal/test/auto/ErrorTransition6.xml
----------------- Instantiating /home/travis/build/icyphy/ptII/ptolemy/domains/modal/test/auto/ErrorTransition6.xml
22 ms. Memory: 229376K Free: 209646K (91%)
----------------- Invoking toplevel() on ptolemy.moml.MoMLSimpleApplication@196549c8
----------------- Done invoking toplevel() on ptolemy.moml.MoMLSimpleApplication@196549c8
reloadAllAccessors: .ErrorTransition6

===========================================================================================
----------------- testing Mon Aug 23 21:30:10 UTC 2021 /home/travis/build/icyphy/ptII/ptolemy/domains/modal/test/auto/ErrorTransition7.xml
----------------- Instantiating /home/travis/build/icyphy/ptII/ptolemy/domains/modal/test/auto/ErrorTransition7.xml
16 ms. Memory: 229376K Free: 196672K (86%)
----------------- Invoking toplevel() on ptolemy.moml.MoMLSimpleApplication@43f69631
----------------- Done invoking toplevel() on ptolemy.moml.MoMLSimpleApplication@43f69631
reloadAllAccessors: .ErrorTransition7

===========================================================================================
----------------- testing Mon Aug 23 21:30:10 UTC 2021 /home/travis/build/icyphy/ptII/ptolemy/domains/modal/test/auto/ErrorTransition8.xml
----------------- Instantiating /home/travis/build/icyphy/ptII/ptolemy/domains/modal/test/auto/ErrorTransition8.xml
30 ms. Memory: 229376K Free: 183360K (80%)
----------------- Invoking toplevel() on ptolemy.moml.MoMLSimpleApplication@49cc1b6c
----------------- Done invoking toplevel() on ptolemy.moml.MoMLSimpleApplication@49cc1b6c
reloadAllAccessors: .ErrorTransition8

===========================================================================================
----------------- testing Mon Aug 23 21:30:10 UTC 2021 /home/travis/build/icyphy/ptII/ptolemy/domains/modal/test/auto/ErrorTransition9.xml
----------------- Instantiating /home/travis/build/icyphy/ptII/ptolemy/domains/modal/test/auto/ErrorTransition9.xml
17 ms. Memory: 229376K Free: 170048K (74%)
----------------- Invoking toplevel() on ptolemy.moml.MoMLSimpleApplication@584cfbb9
----------------- Done invoking toplevel() on ptolemy.moml.MoMLSimpleApplication@584cfbb9
reloadAllAccessors: .ErrorTransition9

===========================================================================================
----------------- testing Mon Aug 23 21:30:10 UTC 2021 /home/travis/build/icyphy/ptII/ptolemy/domains/modal/test/auto/ExtendedFSM.xml
----------------- Instantiating /home/travis/build/icyphy/ptII/ptolemy/domains/modal/test/auto/ExtendedFSM.xml
6 ms. Memory: 229376K Free: 161328K (70%)
----------------- Invoking toplevel() on ptolemy.moml.MoMLSimpleApplication@6cd4d467
----------------- Done invoking toplevel() on ptolemy.moml.MoMLSimpleApplication@6cd4d467
reloadAllAccessors: .ExtendedFSM

===========================================================================================
----------------- testing Mon Aug 23 21:30:10 UTC 2021 /home/travis/build/icyphy/ptII/ptolemy/domains/modal/test/auto/FinalStates.xml
----------------- Instantiating /home/travis/build/icyphy/ptII/ptolemy/domains/modal/test/auto/FinalStates.xml
7 ms. Memory: 229376K Free: 153136K (67%)
----------------- Invoking toplevel() on ptolemy.moml.MoMLSimpleApplication@7afa293f
----------------- Done invoking toplevel() on ptolemy.moml.MoMLSimpleApplication@7afa293f
reloadAllAccessors: .FinalStates

===========================================================================================
----------------- testing Mon Aug 23 21:30:10 UTC 2021 /home/travis/build/icyphy/ptII/ptolemy/domains/modal/test/auto/FixedPointFSM.xml
----------------- Instantiating /home/travis/build/icyphy/ptII/ptolemy/domains/modal/test/auto/FixedPointFSM.xml
20 ms. Memory: 229376K Free: 138304K (60%)
----------------- Invoking toplevel() on ptolemy.moml.MoMLSimpleApplication@79bbacf9
----------------- Done invoking toplevel() on ptolemy.moml.MoMLSimpleApplication@79bbacf9
reloadAllAccessors: .FixedPointFSM

===========================================================================================
----------------- testing Mon Aug 23 21:30:10 UTC 2021 /home/travis/build/icyphy/ptII/ptolemy/domains/modal/test/auto/FixedPointIterationFSMActor.xml
----------------- Instantiating /home/travis/build/icyphy/ptII/ptolemy/domains/modal/test/auto/FixedPointIterationFSMActor.xml
7 ms. Memory: 229376K Free: 127544K (56%)
----------------- Invoking toplevel() on ptolemy.moml.MoMLSimpleApplication@38466360
----------------- Done invoking toplevel() on ptolemy.moml.MoMLSimpleApplication@38466360
reloadAllAccessors: .FixedPointIterationFSMActor

===========================================================================================
----------------- testing Mon Aug 23 21:30:11 UTC 2021 /home/travis/build/icyphy/ptII/ptolemy/domains/modal/test/auto/FixedPointIterationFSMActor2.xml
----------------- Instantiating /home/travis/build/icyphy/ptII/ptolemy/domains/modal/test/auto/FixedPointIterationFSMActor2.xml
11 ms. Memory: 229376K Free: 115256K (50%)
----------------- Invoking toplevel() on ptolemy.moml.MoMLSimpleApplication@2432a407
----------------- Done invoking toplevel() on ptolemy.moml.MoMLSimpleApplication@2432a407
reloadAllAccessors: .FixedPointIterationFSMActor2

===========================================================================================
----------------- testing Mon Aug 23 21:30:11 UTC 2021 /home/travis/build/icyphy/ptII/ptolemy/domains/modal/test/auto/ForbiddenInstantanousLoop.xml
----------------- Instantiating /home/travis/build/icyphy/ptII/ptolemy/domains/modal/test/auto/ForbiddenInstantanousLoop.xml
7 ms. Memory: 229376K Free: 102960K (45%)
----------------- Invoking toplevel() on ptolemy.moml.MoMLSimpleApplication@1a008b0
----------------- Done invoking toplevel() on ptolemy.moml.MoMLSimpleApplication@1a008b0
reloadAllAccessors: .ForbiddenInstantanousLoop

===========================================================================================
----------------- testing Mon Aug 23 21:30:11 UTC 2021 /home/travis/build/icyphy/ptII/ptolemy/domains/modal/test/auto/FunctionDependencyOfFSMActorTest.xml
----------------- Instantiating /home/travis/build/icyphy/ptII/ptolemy/domains/modal/test/auto/FunctionDependencyOfFSMActorTest.xml
17 ms. Memory: 229376K Free: 95776K (42%)
----------------- Invoking toplevel() on ptolemy.moml.MoMLSimpleApplication@156d0672
----------------- Done invoking toplevel() on ptolemy.moml.MoMLSimpleApplication@156d0672
reloadAllAccessors: .FunctionDependencyOfFSMActorTest

===========================================================================================
----------------- testing Mon Aug 23 21:30:11 UTC 2021 /home/travis/build/icyphy/ptII/ptolemy/domains/modal/test/auto/GuardExpression.xml
----------------- Instantiating /home/travis/build/icyphy/ptII/ptolemy/domains/modal/test/auto/GuardExpression.xml
2 ms. Memory: 229376K Free: 90686K (40%)
----------------- Invoking toplevel() on ptolemy.moml.MoMLSimpleApplication@708eb9f
----------------- Done invoking toplevel() on ptolemy.moml.MoMLSimpleApplication@708eb9f
reloadAllAccessors: .GuardExpression

===========================================================================================
----------------- testing Mon Aug 23 21:30:11 UTC 2021 /home/travis/build/icyphy/ptII/ptolemy/domains/modal/test/auto/GuardNotEvaluated.xml
----------------- Instantiating /home/travis/build/icyphy/ptII/ptolemy/domains/modal/test/auto/GuardNotEvaluated.xml
7 ms. Memory: 229376K Free: 81984K (36%)
----------------- Invoking toplevel() on ptolemy.moml.MoMLSimpleApplication@41016a2e
----------------- Done invoking toplevel() on ptolemy.moml.MoMLSimpleApplication@41016a2e
reloadAllAccessors: .GuardNotEvaluated

===========================================================================================
----------------- testing Mon Aug 23 21:30:11 UTC 2021 /home/travis/build/icyphy/ptII/ptolemy/domains/modal/test/auto/GuardNotEvaluated2.xml
----------------- Instantiating /home/travis/build/icyphy/ptII/ptolemy/domains/modal/test/auto/GuardNotEvaluated2.xml
12 ms. Memory: 229376K Free: 200756K (88%)
----------------- Invoking toplevel() on ptolemy.moml.MoMLSimpleApplication@62bf170e
----------------- Done invoking toplevel() on ptolemy.moml.MoMLSimpleApplication@62bf170e
reloadAllAccessors: .GuardNotEvaluated2

===========================================================================================
----------------- testing Mon Aug 23 21:30:11 UTC 2021 /home/travis/build/icyphy/ptII/ptolemy/domains/modal/test/auto/GuardOnAbsent.xml
----------------- Instantiating /home/travis/build/icyphy/ptII/ptolemy/domains/modal/test/auto/GuardOnAbsent.xml
9 ms. Memory: 229376K Free: 193041K (84%)
----------------- Invoking toplevel() on ptolemy.moml.MoMLSimpleApplication@4f11b4b5
----------------- Done invoking toplevel() on ptolemy.moml.MoMLSimpleApplication@4f11b4b5
reloadAllAccessors: .GuardOnAbsent

===========================================================================================
----------------- testing Mon Aug 23 21:30:11 UTC 2021 /home/travis/build/icyphy/ptII/ptolemy/domains/modal/test/auto/HierarchicalFSMTypeInference.xml
----------------- Instantiating /home/travis/build/icyphy/ptII/ptolemy/domains/modal/test/auto/HierarchicalFSMTypeInference.xml
5 ms. Memory: 229376K Free: 182324K (79%)
----------------- Invoking toplevel() on ptolemy.moml.MoMLSimpleApplication@615e5aaf
----------------- Done invoking toplevel() on ptolemy.moml.MoMLSimpleApplication@615e5aaf
reloadAllAccessors: .HierarchicalFSMTypeInference

===========================================================================================
----------------- testing Mon Aug 23 21:30:11 UTC 2021 /home/travis/build/icyphy/ptII/ptolemy/domains/modal/test/auto/Hysteresis.xml
----------------- Instantiating /home/travis/build/icyphy/ptII/ptolemy/domains/modal/test/auto/Hysteresis.xml
12 ms. Memory: 229376K Free: 169012K (74%)
----------------- Invoking toplevel() on ptolemy.moml.MoMLSimpleApplication@11e67a65
----------------- Done invoking toplevel() on ptolemy.moml.MoMLSimpleApplication@11e67a65
reloadAllAccessors: .Hysteresis

===========================================================================================
----------------- testing Mon Aug 23 21:30:11 UTC 2021 /home/travis/build/icyphy/ptII/ptolemy/domains/modal/test/auto/HysteresisWithDefault.xml
----------------- Instantiating /home/travis/build/icyphy/ptII/ptolemy/domains/modal/test/auto/HysteresisWithDefault.xml
38 ms. Memory: 229376K Free: 145956K (64%)
----------------- Invoking toplevel() on ptolemy.moml.MoMLSimpleApplication@20410c1f
----------------- Done invoking toplevel() on ptolemy.moml.MoMLSimpleApplication@20410c1f
reloadAllAccessors: .HysteresisWithDefault

===========================================================================================
----------------- testing Mon Aug 23 21:30:11 UTC 2021 /home/travis/build/icyphy/ptII/ptolemy/domains/modal/test/auto/HysteresisWithDefault2.xml
----------------- Instantiating /home/travis/build/icyphy/ptII/ptolemy/domains/modal/test/auto/HysteresisWithDefault2.xml
43 ms. Memory: 229376K Free: 116274K (51%)
----------------- Invoking toplevel() on ptolemy.moml.MoMLSimpleApplication@1a82bf93
----------------- Done invoking toplevel() on ptolemy.moml.MoMLSimpleApplication@1a82bf93
reloadAllAccessors: .HysteresisWithDefault2

===========================================================================================
----------------- testing Mon Aug 23 21:30:11 UTC 2021 /home/travis/build/icyphy/ptII/ptolemy/domains/modal/test/auto/ImmediateNonConstructiveness.xml
----------------- Instantiating /home/travis/build/icyphy/ptII/ptolemy/domains/modal/test/auto/ImmediateNonConstructiveness.xml
2 ms. Memory: 229376K Free: 109076K (48%)
----------------- Invoking toplevel() on ptolemy.moml.MoMLSimpleApplication@2ff7cf48
----------------- Done invoking toplevel() on ptolemy.moml.MoMLSimpleApplication@2ff7cf48
reloadAllAccessors: .ImmediateNonConstructiveness

===========================================================================================
----------------- testing Mon Aug 23 21:30:11 UTC 2021 /home/travis/build/icyphy/ptII/ptolemy/domains/modal/test/auto/ImmediateNonConstructiveness2.xml
----------------- Instantiating /home/travis/build/icyphy/ptII/ptolemy/domains/modal/test/auto/ImmediateNonConstructiveness2.xml
2 ms. Memory: 229376K Free: 102452K (45%)
----------------- Invoking toplevel() on ptolemy.moml.MoMLSimpleApplication@4fcc7f10
----------------- Done invoking toplevel() on ptolemy.moml.MoMLSimpleApplication@4fcc7f10
reloadAllAccessors: .ImmediateNonConstructiveness2

===========================================================================================
----------------- testing Mon Aug 23 21:30:11 UTC 2021 /home/travis/build/icyphy/ptII/ptolemy/domains/modal/test/auto/ImmediateTransitionReset.xml
----------------- Instantiating /home/travis/build/icyphy/ptII/ptolemy/domains/modal/test/auto/ImmediateTransitionReset.xml
4 ms. Memory: 229376K Free: 90674K (40%)
----------------- Invoking toplevel() on ptolemy.moml.MoMLSimpleApplication@417cce69
----------------- Done invoking toplevel() on ptolemy.moml.MoMLSimpleApplication@417cce69
reloadAllAccessors: .ImmediateTransitionReset

===========================================================================================
----------------- testing Mon Aug 23 21:30:11 UTC 2021 /home/travis/build/icyphy/ptII/ptolemy/domains/modal/test/auto/ImmediateTransitions1.xml
----------------- Instantiating /home/travis/build/icyphy/ptII/ptolemy/domains/modal/test/auto/ImmediateTransitions1.xml
1 ms. Memory: 229376K Free: 85554K (37%)
----------------- Invoking toplevel() on ptolemy.moml.MoMLSimpleApplication@3760c2f6
----------------- Done invoking toplevel() on ptolemy.moml.MoMLSimpleApplication@3760c2f6
reloadAllAccessors: .ImmediateTransitions1

===========================================================================================
----------------- testing Mon Aug 23 21:30:11 UTC 2021 /home/travis/build/icyphy/ptII/ptolemy/domains/modal/test/auto/ImmediateTransitionsInstantaneousCommunication.xml
----------------- Instantiating /home/travis/build/icyphy/ptII/ptolemy/domains/modal/test/auto/ImmediateTransitionsInstantaneousCommunication.xml
3 ms. Memory: 229376K Free: 204252K (89%)
----------------- Invoking toplevel() on ptolemy.moml.MoMLSimpleApplication@4a0f18d7
----------------- Done invoking toplevel() on ptolemy.moml.MoMLSimpleApplication@4a0f18d7
reloadAllAccessors: .ImmediateTransitionsInstantaneousCommunication

===========================================================================================
----------------- testing Mon Aug 23 21:30:11 UTC 2021 /home/travis/build/icyphy/ptII/ptolemy/domains/modal/test/auto/InitialImmediateTransition.xml
----------------- Instantiating /home/travis/build/icyphy/ptII/ptolemy/domains/modal/test/auto/InitialImmediateTransition.xml
3 ms. Memory: 229376K Free: 197108K (86%)
----------------- Invoking toplevel() on ptolemy.moml.MoMLSimpleApplication@3003e2e4
----------------- Done invoking toplevel() on ptolemy.moml.MoMLSimpleApplication@3003e2e4
reloadAllAccessors: .InitialImmediateTransition

===========================================================================================
----------------- testing Mon Aug 23 21:30:11 UTC 2021 /home/travis/build/icyphy/ptII/ptolemy/domains/modal/test/auto/InitialOutputs.xml
----------------- Instantiating /home/travis/build/icyphy/ptII/ptolemy/domains/modal/test/auto/InitialOutputs.xml
3 ms. Memory: 229376K Free: 190956K (83%)
----------------- Invoking toplevel() on ptolemy.moml.MoMLSimpleApplication@67062d3e
----------------- Done invoking toplevel() on ptolemy.moml.MoMLSimpleApplication@67062d3e
reloadAllAccessors: .InitialOutputs

===========================================================================================
----------------- testing Mon Aug 23 21:30:11 UTC 2021 /home/travis/build/icyphy/ptII/ptolemy/domains/modal/test/auto/InitialStateTransition1.xml
----------------- Instantiating /home/travis/build/icyphy/ptII/ptolemy/domains/modal/test/auto/InitialStateTransition1.xml
2 ms. Memory: 229376K Free: 183802K (80%)
----------------- Invoking toplevel() on ptolemy.moml.MoMLSimpleApplication@1e5536bd
----------------- Done invoking toplevel() on ptolemy.moml.MoMLSimpleApplication@1e5536bd
reloadAllAccessors: .InitialStateTransition1

===========================================================================================
----------------- testing Mon Aug 23 21:30:11 UTC 2021 /home/travis/build/icyphy/ptII/ptolemy/domains/modal/test/auto/InitialStateTransition2.xml
----------------- Instantiating /home/travis/build/icyphy/ptII/ptolemy/domains/modal/test/auto/InitialStateTransition2.xml
.InitialStateTransition2.TestExceptionAttributeNonConstructive: initialize() was not invoked, but wrapup() was.  This is unusual, but not always a problem.  For example, exporting JNLP will do this.
2 ms. Memory: 229376K Free: 176634K (77%)
----------------- Invoking toplevel() on ptolemy.moml.MoMLSimpleApplication@ee31cb1
----------------- Done invoking toplevel() on ptolemy.moml.MoMLSimpleApplication@ee31cb1
reloadAllAccessors: .InitialStateTransition2

===========================================================================================
----------------- testing Mon Aug 23 21:30:11 UTC 2021 /home/travis/build/icyphy/ptII/ptolemy/domains/modal/test/auto/InitialStateTransition3.xml
----------------- Instantiating /home/travis/build/icyphy/ptII/ptolemy/domains/modal/test/auto/InitialStateTransition3.xml
3 ms. Memory: 229376K Free: 168442K (73%)
----------------- Invoking toplevel() on ptolemy.moml.MoMLSimpleApplication@2b728ec2
----------------- Done invoking toplevel() on ptolemy.moml.MoMLSimpleApplication@2b728ec2
reloadAllAccessors: .InitialStateTransition3

===========================================================================================
----------------- testing Mon Aug 23 21:30:11 UTC 2021 /home/travis/build/icyphy/ptII/ptolemy/domains/modal/test/auto/InitialStateTransition4.xml
----------------- Instantiating /home/travis/build/icyphy/ptII/ptolemy/domains/modal/test/auto/InitialStateTransition4.xml
4 ms. Memory: 229376K Free: 158716K (69%)
----------------- Invoking toplevel() on ptolemy.moml.MoMLSimpleApplication@5bbf75e3
----------------- Done invoking toplevel() on ptolemy.moml.MoMLSimpleApplication@5bbf75e3
[...]
reloadAllAccessors: .TerminationTransition3

===========================================================================================
----------------- testing Mon Aug 23 21:30:13 UTC 2021 /home/travis/build/icyphy/ptII/ptolemy/domains/modal/test/auto/TerminationTransition4.xml
----------------- Instantiating /home/travis/build/icyphy/ptII/ptolemy/domains/modal/test/auto/TerminationTransition4.xml
5 ms. Memory: 275456K Free: 200392K (73%)
----------------- Invoking toplevel() on ptolemy.moml.MoMLSimpleApplication@17b8c013
----------------- Done invoking toplevel() on ptolemy.moml.MoMLSimpleApplication@17b8c013
reloadAllAccessors: .TerminationTransition4

===========================================================================================
----------------- testing Mon Aug 23 21:30:13 UTC 2021 /home/travis/build/icyphy/ptII/ptolemy/domains/modal/test/auto/TerminationTransition5.xml
----------------- Instantiating /home/travis/build/icyphy/ptII/ptolemy/domains/modal/test/auto/TerminationTransition5.xml
2 ms. Memory: 275456K Free: 186570K (68%)
----------------- Invoking toplevel() on ptolemy.moml.MoMLSimpleApplication@46d874d6
----------------- Done invoking toplevel() on ptolemy.moml.MoMLSimpleApplication@46d874d6
reloadAllAccessors: .TerminationTransition5

===========================================================================================
----------------- testing Mon Aug 23 21:30:13 UTC 2021 /home/travis/build/icyphy/ptII/ptolemy/domains/modal/test/auto/TerminationTransition6.xml
----------------- Instantiating /home/travis/build/icyphy/ptII/ptolemy/domains/modal/test/auto/TerminationTransition6.xml
2 ms. Memory: 275456K Free: 177864K (65%)
----------------- Invoking toplevel() on ptolemy.moml.MoMLSimpleApplication@76da99b6
----------------- Done invoking toplevel() on ptolemy.moml.MoMLSimpleApplication@76da99b6
reloadAllAccessors: .TerminationTransition6

===========================================================================================
----------------- testing Mon Aug 23 21:30:13 UTC 2021 /home/travis/build/icyphy/ptII/ptolemy/domains/modal/test/auto/TerminationTransition7.xml
----------------- Instantiating /home/travis/build/icyphy/ptII/ptolemy/domains/modal/test/auto/TerminationTransition7.xml
2 ms. Memory: 275456K Free: 168138K (61%)
----------------- Invoking toplevel() on ptolemy.moml.MoMLSimpleApplication@1d801ccf
----------------- Done invoking toplevel() on ptolemy.moml.MoMLSimpleApplication@1d801ccf
reloadAllAccessors: .TerminationTransition7

===========================================================================================
----------------- testing Mon Aug 23 21:30:13 UTC 2021 /home/travis/build/icyphy/ptII/ptolemy/domains/modal/test/auto/TerminationTransition8.xml
----------------- Instantiating /home/travis/build/icyphy/ptII/ptolemy/domains/modal/test/auto/TerminationTransition8.xml
2 ms. Memory: 275456K Free: 158408K (58%)
----------------- Invoking toplevel() on ptolemy.moml.MoMLSimpleApplication@689dd1f6
----------------- Done invoking toplevel() on ptolemy.moml.MoMLSimpleApplication@689dd1f6
reloadAllAccessors: .TerminationTransition8

===========================================================================================
----------------- testing Mon Aug 23 21:30:13 UTC 2021 /home/travis/build/icyphy/ptII/ptolemy/domains/modal/test/auto/Thermostat_NoHysteresis.xml
----------------- Instantiating /home/travis/build/icyphy/ptII/ptolemy/domains/modal/test/auto/Thermostat_NoHysteresis.xml
25 ms. Memory: 275456K Free: 133322K (48%)
----------------- Invoking toplevel() on ptolemy.moml.MoMLSimpleApplication@3b25aa17
----------------- Done invoking toplevel() on ptolemy.moml.MoMLSimpleApplication@3b25aa17
reloadAllAccessors: .Thermostat_NoHysteresis

===========================================================================================
----------------- testing Mon Aug 23 21:30:13 UTC 2021 /home/travis/build/icyphy/ptII/ptolemy/domains/modal/test/auto/TimedFSM.xml
----------------- Instantiating /home/travis/build/icyphy/ptII/ptolemy/domains/modal/test/auto/TimedFSM.xml
8 ms. Memory: 275456K Free: 121544K (44%)
----------------- Invoking toplevel() on ptolemy.moml.MoMLSimpleApplication@167158bb
----------------- Done invoking toplevel() on ptolemy.moml.MoMLSimpleApplication@167158bb
reloadAllAccessors: .TimedFSM

===========================================================================================
----------------- testing Mon Aug 23 21:30:13 UTC 2021 /home/travis/build/icyphy/ptII/ptolemy/domains/modal/test/auto/Timeout1.xml
----------------- Instantiating /home/travis/build/icyphy/ptII/ptolemy/domains/modal/test/auto/Timeout1.xml
3 ms. Memory: 275456K Free: 115914K (42%)
----------------- Invoking toplevel() on ptolemy.moml.MoMLSimpleApplication@153a07e0
----------------- Done invoking toplevel() on ptolemy.moml.MoMLSimpleApplication@153a07e0
reloadAllAccessors: .Timeout1

===========================================================================================
----------------- testing Mon Aug 23 21:30:13 UTC 2021 /home/travis/build/icyphy/ptII/ptolemy/domains/modal/test/auto/Timeout2.xml
----------------- Instantiating /home/travis/build/icyphy/ptII/ptolemy/domains/modal/test/auto/Timeout2.xml
8 ms. Memory: 275456K Free: 107194K (39%)
----------------- Invoking toplevel() on ptolemy.moml.MoMLSimpleApplication@469ad512
----------------- Done invoking toplevel() on ptolemy.moml.MoMLSimpleApplication@469ad512
reloadAllAccessors: .Timeout2

===========================================================================================
----------------- testing Mon Aug 23 21:30:13 UTC 2021 /home/travis/build/icyphy/ptII/ptolemy/domains/modal/test/auto/Timeout3.xml
----------------- Instantiating /home/travis/build/icyphy/ptII/ptolemy/domains/modal/test/auto/Timeout3.xml
2 ms. Memory: 275456K Free: 102058K (37%)
----------------- Invoking toplevel() on ptolemy.moml.MoMLSimpleApplication@41dbe2a7
----------------- Done invoking toplevel() on ptolemy.moml.MoMLSimpleApplication@41dbe2a7
reloadAllAccessors: .Timeout3

===========================================================================================
----------------- testing Mon Aug 23 21:30:13 UTC 2021 /home/travis/build/icyphy/ptII/ptolemy/domains/modal/test/auto/Timeout4.xml
----------------- Instantiating /home/travis/build/icyphy/ptII/ptolemy/domains/modal/test/auto/Timeout4.xml
2 ms. Memory: 275456K Free: 96954K (35%)
----------------- Invoking toplevel() on ptolemy.moml.MoMLSimpleApplication@6f853b99
----------------- Done invoking toplevel() on ptolemy.moml.MoMLSimpleApplication@6f853b99
reloadAllAccessors: .Timeout4

===========================================================================================
----------------- testing Mon Aug 23 21:30:13 UTC 2021 /home/travis/build/icyphy/ptII/ptolemy/domains/modal/test/auto/TransientstateModelAdvanced.xml
----------------- Instantiating /home/travis/build/icyphy/ptII/ptolemy/domains/modal/test/auto/TransientstateModelAdvanced.xml
3 ms. Memory: 275456K Free: 245210K (89%)
----------------- Invoking toplevel() on ptolemy.moml.MoMLSimpleApplication@724bc877
----------------- Done invoking toplevel() on ptolemy.moml.MoMLSimpleApplication@724bc877
reloadAllAccessors: .TransientstateModelAdvanced

===========================================================================================
----------------- testing Mon Aug 23 21:30:13 UTC 2021 /home/travis/build/icyphy/ptII/ptolemy/domains/modal/test/auto/TransientstateModelAdvanced2.xml
----------------- Instantiating /home/travis/build/icyphy/ptII/ptolemy/domains/modal/test/auto/TransientstateModelAdvanced2.xml
3 ms. Memory: 275456K Free: 230904K (84%)
----------------- Invoking toplevel() on ptolemy.moml.MoMLSimpleApplication@57cb7293
----------------- Done invoking toplevel() on ptolemy.moml.MoMLSimpleApplication@57cb7293
reloadAllAccessors: .transientstatemodelAdvanced

===========================================================================================
----------------- testing Mon Aug 23 21:30:13 UTC 2021 /home/travis/build/icyphy/ptII/ptolemy/domains/modal/test/auto/TransitionRefinements.xml
----------------- Instantiating /home/travis/build/icyphy/ptII/ptolemy/domains/modal/test/auto/TransitionRefinements.xml
7 ms. Memory: 275456K Free: 221178K (80%)
----------------- Invoking toplevel() on ptolemy.moml.MoMLSimpleApplication@c7291ce
----------------- Done invoking toplevel() on ptolemy.moml.MoMLSimpleApplication@c7291ce
reloadAllAccessors: .TransitionRefinements

===========================================================================================
----------------- testing Mon Aug 23 21:30:13 UTC 2021 /home/travis/build/icyphy/ptII/ptolemy/domains/modal/test/auto/TwoRefinements1.xml
----------------- Instantiating /home/travis/build/icyphy/ptII/ptolemy/domains/modal/test/auto/TwoRefinements1.xml
3 ms. Memory: 275456K Free: 210938K (77%)
----------------- Invoking toplevel() on ptolemy.moml.MoMLSimpleApplication@3bc998a2
----------------- Done invoking toplevel() on ptolemy.moml.MoMLSimpleApplication@3bc998a2
reloadAllAccessors: .TwoRefinements1

===========================================================================================
----------------- testing Mon Aug 23 21:30:13 UTC 2021 /home/travis/build/icyphy/ptII/ptolemy/domains/modal/test/auto/TwoRefinements2.xml
----------------- Instantiating /home/travis/build/icyphy/ptII/ptolemy/domains/modal/test/auto/TwoRefinements2.xml
2 ms. Memory: 275456K Free: 200698K (73%)
----------------- Invoking toplevel() on ptolemy.moml.MoMLSimpleApplication@6d696e4b
----------------- Done invoking toplevel() on ptolemy.moml.MoMLSimpleApplication@6d696e4b
reloadAllAccessors: .TwoRefinements2

===========================================================================================
----------------- testing Mon Aug 23 21:30:13 UTC 2021 /home/travis/build/icyphy/ptII/ptolemy/domains/modal/test/auto/WeakImmediateTransition.xml
----------------- Instantiating /home/travis/build/icyphy/ptII/ptolemy/domains/modal/test/auto/WeakImmediateTransition.xml
3 ms. Memory: 275456K Free: 191992K (70%)
----------------- Invoking toplevel() on ptolemy.moml.MoMLSimpleApplication@7ea4adf2
----------------- Done invoking toplevel() on ptolemy.moml.MoMLSimpleApplication@7ea4adf2
reloadAllAccessors: .WeakImmediateTransition

===========================================================================================
----------------- testing Mon Aug 23 21:30:13 UTC 2021 /home/travis/build/icyphy/ptII/ptolemy/domains/modal/test/auto/booleanSelect.xml
----------------- Instantiating /home/travis/build/icyphy/ptII/ptolemy/domains/modal/test/auto/booleanSelect.xml
40 ms. Memory: 275456K Free: 174074K (63%)
----------------- Invoking toplevel() on ptolemy.moml.MoMLSimpleApplication@54ceccbc
----------------- Done invoking toplevel() on ptolemy.moml.MoMLSimpleApplication@54ceccbc
reloadAllAccessors: .booleanSelect

===========================================================================================
----------------- testing Mon Aug 23 21:30:13 UTC 2021 /home/travis/build/icyphy/ptII/ptolemy/domains/modal/test/auto/modalChangingParams.xml
----------------- Instantiating /home/travis/build/icyphy/ptII/ptolemy/domains/modal/test/auto/modalChangingParams.xml
0
1
0
2
4
6
8
7
0
2
4
6
8
13
0
2
4
6
8
19
0
2
4
6
8
25
0
2
4
6
8
31
0
2
4
6
8
37
0
2
4
6
8
43
0
2
4
6
8
49
0
2
4
6
8
55
0
2
4
6
8
61
0
2
4
6
8
67
0
2
4
6
8
73
0
2
4
6
8
79
0
2
4
6
8
85
0
2
4
6
8
91
0
2
4
6
8
97
0
2
4
6
8
103
0
2
4
6
8
109
0
2
4
6
8
115
0
2
4
6
8
121
0
2
4
6
8
127
0
2
4
6
8
133
0
2
4
6
8
139
0
2
4
6
8
145
0
2
4
6
8
151
0
2
4
6
8
157
0
2
4
6
8
163
0
2
4
6
8
169
0
2
4
6
8
175
0
2
4
6
8
181
0
2
4
6
8
187
0
2
4
6
8
193
0
2
4
6
8
199
0
2
4
6
8
205
0
2
4
6
8
211
0
2
4
6
8
217
0
2
4
6
8
223
0
2
4
6
8
229
0
2
4
6
8
235
0
2
4
6
8
241
0
2
4
6
8
247
0
2
4
6
8
253
0
2
4
6
8
259
0
2
4
6
8
265
0
2
4
6
8
271
0
2
4
6
8
277
0
2
4
6
8
283
0
2
4
6
8
289
0
2
4
6
8
295
0
2
4
6
8
301
0
2
4
6
8
307
0
2
4
6
8
313
0
2
4
6
8
319
0
2
4
6
8
325
0
2
4
6
8
331
0
2
4
6
8
337
0
2
4
6
8
343
0
2
4
6
8
349
0
2
4
6
8
355
0
2
4
6
8
361
0
2
4
6
8
367
0
2
4
6
8
373
0
2
4
6
8
379
0
2
4
6
8
385
0
2
4
6
8
391
0
2
4
6
8
397
0
2
4
6
8
403
0
2
4
6
8
409
0
2
4
6
8
415
0
2
4
6
8
421
0
2
4
6
8
427
0
2
4
6
8
433
0
2
4
6
8
439
0
2
4
6
8
445
0
2
4
6
8
451
0
2
4
6
8
457
0
2
4
6
8
463
0
2
4
6
8
469
0
2
4
6
8
475
0
2
4
6
8
481
0
2
4
6
8
487
0
2
4
6
8
493
0
2
4
6
8
499
0
2
4
6
8
505
0
2
4
6
8
511
0
2
4
6
8
517
0
2
4
6
8
523
0
2
4
6
8
529
0
2
4
6
8
535
0
2
4
6
8
541
0
2
4
6
8
547
0
2
4
6
8
553
0
2
4
6
8
559
0
2
4
6
8
565
0
2
4
6
8
571
0
2
4
6
8
577
0
2
4
6
8
583
0
2
4
6
8
589
0
2
4
6
8
595
0
2
4
6
8
601
0
2
4
6
8
607
0
2
4
6
8
613
0
2
4
6
8
619
0
2
4
6
8
625
0
2
4
6
8
631
0
2
4
6
8
637
0
2
4
6
8
643
0
2
4
6
8
649
0
2
4
6
8
655
0
2
4
6
8
661
0
2
4
6
8
667
0
2
4
6
8
673
0
2
4
6
8
679
0
2
4
6
8
685
0
2
4
6
8
691
0
2
4
6
8
697
0
2
4
6
8
703
0
2
4
6
8
709
0
2
4
6
8
715
0
2
4
6
8
721
0
2
4
6
8
727
0
2
4
6
8
733
0
2
4
6
8
739
0
2
4
6
8
745
0
2
4
6
8
751
0
2
4
6
8
757
0
2
4
6
8
763
0
2
4
6
8
769
0
2
4
6
8
775
0
2
4
6
8
781
0
2
4
6
8
787
0
2
4
6
8
793
0
2
4
6
8
799
0
2
4
6
8
805
0
2
4
6
8
811
0
2
4
6
8
817
0
2
4
6
8
823
0
2
4
6
8
829
0
2
4
6
8
835
0
2
4
6
8
841
0
2
4
6
8
847
0
2
4
6
8
853
0
2
4
6
8
859
0
2
4
6
8
865
0
2
4
6
8
871
0
2
4
6
8
877
0
2
4
6
8
883
0
2
4
6
8
889
0
2
4
6
8
895
0
2
4
6
8
901
0
2
4
6
8
907
0
2
4
6
8
913
0
2
4
6
8
919
0
2
4
6
8
925
0
2
4
6
8
931
0
2
4
6
8
937
0
2
4
6
8
943
0
2
4
6
8
949
0
2
4
6
8
955
0
2
4
6
8
961
0
2
4
6
8
967
0
2
4
6
8
973
0
2
4
6
8
979
0
2
4
6
8
985
0
2
4
6
8
991
0
2
4
6
8
997
0
2
268 ms. Memory: 343040K Free: 288788K (84%)
----------------- Invoking toplevel() on ptolemy.moml.MoMLSimpleApplication@170b9c8d
----------------- Done invoking toplevel() on ptolemy.moml.MoMLSimpleApplication@170b9c8d
reloadAllAccessors: .modalChangingParams

===========================================================================================
----------------- testing Mon Aug 23 21:30:14 UTC 2021 /home/travis/build/icyphy/ptII/ptolemy/domains/modal/test/auto/modalModel.xml
----------------- Instantiating /home/travis/build/icyphy/ptII/ptolemy/domains/modal/test/auto/modalModel.xml
14 ms. Memory: 343040K Free: 279572K (81%)
----------------- Invoking toplevel() on ptolemy.moml.MoMLSimpleApplication@37c288bc
----------------- Done invoking toplevel() on ptolemy.moml.MoMLSimpleApplication@37c288bc
reloadAllAccessors: .modalModel

===========================================================================================
----------------- testing Mon Aug 23 21:30:14 UTC 2021 /home/travis/build/icyphy/ptII/ptolemy/domains/modal/test/auto/modalModel2.xml
----------------- Instantiating /home/travis/build/icyphy/ptII/ptolemy/domains/modal/test/auto/modalModel2.xml
9 ms. Memory: 343040K Free: 268804K (78%)
----------------- Invoking toplevel() on ptolemy.moml.MoMLSimpleApplication@22fd9464
----------------- Done invoking toplevel() on ptolemy.moml.MoMLSimpleApplication@22fd9464
reloadAllAccessors: .modalModel2

===========================================================================================
----------------- testing Mon Aug 23 21:30:14 UTC 2021 /home/travis/build/icyphy/ptII/ptolemy/domains/modal/test/auto/modalModel3.xml
----------------- Instantiating /home/travis/build/icyphy/ptII/ptolemy/domains/modal/test/auto/modalModel3.xml
0	0	0
1	0	1
4	2	2
7	4	3
10	6	4
5	0	5
8	2	6
11	4	7
14	6	8
9	0	9
12	2	10
15	4	11
18	6	12
13	0	13
16	2	14
18 ms. Memory: 343040K Free: 253972K (74%)
----------------- Invoking toplevel() on ptolemy.moml.MoMLSimpleApplication@12098713
----------------- Done invoking toplevel() on ptolemy.moml.MoMLSimpleApplication@12098713
reloadAllAccessors: .modalModel3

===========================================================================================
----------------- testing Mon Aug 23 21:30:14 UTC 2021 /home/travis/build/icyphy/ptII/ptolemy/domains/modal/test/auto/model1.xml
----------------- Instantiating /home/travis/build/icyphy/ptII/ptolemy/domains/modal/test/auto/model1.xml
10 ms. Memory: 343040K Free: 248332K (72%)
----------------- Invoking toplevel() on ptolemy.moml.MoMLSimpleApplication@1dc68614
----------------- Done invoking toplevel() on ptolemy.moml.MoMLSimpleApplication@1dc68614
reloadAllAccessors: .model1

===========================================================================================
----------------- testing Mon Aug 23 21:30:14 UTC 2021 /home/travis/build/icyphy/ptII/ptolemy/domains/modal/test/auto/test-direct-in-out.xml
----------------- Instantiating /home/travis/build/icyphy/ptII/ptolemy/domains/modal/test/auto/test-direct-in-out.xml
5 ms. Memory: 343040K Free: 240660K (70%)
----------------- Invoking toplevel() on ptolemy.moml.MoMLSimpleApplication@596cff2e
----------------- Done invoking toplevel() on ptolemy.moml.MoMLSimpleApplication@596cff2e
reloadAllAccessors: .test-direct-in-out
AutoTests.java: About to close Vertx.
AutoTests.java: Vertx closed.
]]></system-out>
  <system-err><![CDATA[java.lang.RuntimeException: Execution failed
	at ptolemy.moml.MoMLSimpleApplication$UnloadThread.run(MoMLSimpleApplication.java:402)
Caused by: ptolemy.kernel.util.IllegalActionException: Unknown inputs remain. Possible causality loop:
L_model_1893289564i

  in .CannotAnalysisWithPreemption.model_1893289564_region_1 and .CannotAnalysisWithPreemption.model_1893289564_region_1.L_model_1893289564i
	at ptolemy.actor.sched.FixedPointDirector.postfire(FixedPointDirector.java:515)
	at ptolemy.domains.sr.kernel.SRDirector.postfire(SRDirector.java:417)
	at ptolemy.actor.CompositeActor.postfire(CompositeActor.java:1668)
	at ptolemy.actor.Manager.iterate(Manager.java:852)
	at ptolemy.actor.Manager.execute(Manager.java:369)
	at ptolemy.actor.Manager.run(Manager.java:1263)
	at ptolemy.actor.Manager$PtolemyRunThread.run(Manager.java:1933)
java.lang.reflect.InvocationTargetException
	at java.base/jdk.internal.reflect.NativeConstructorAccessorImpl.newInstance0(Native Method)
	at java.base/jdk.internal.reflect.NativeConstructorAccessorImpl.newInstance(NativeConstructorAccessorImpl.java:62)
	at java.base/jdk.internal.reflect.DelegatingConstructorAccessorImpl.newInstance(DelegatingConstructorAccessorImpl.java:45)
	at java.base/java.lang.reflect.Constructor.newInstance(Constructor.java:490)
	at ptolemy.util.test.junit.AutoKnownFailedTests.RunModel(AutoKnownFailedTests.java:105)
	at java.base/jdk.internal.reflect.NativeMethodAccessorImpl.invoke0(Native Method)
	at java.base/jdk.internal.reflect.NativeMethodAccessorImpl.invoke(NativeMethodAccessorImpl.java:62)
	at java.base/jdk.internal.reflect.DelegatingMethodAccessorImpl.invoke(DelegatingMethodAccessorImpl.java:43)
	at java.base/java.lang.reflect.Method.invoke(Method.java:566)
	at org.junit.runners.model.FrameworkMethod$1.runReflectiveCall(FrameworkMethod.java:44)
	at org.junit.internal.runners.model.ReflectiveCallable.run(ReflectiveCallable.java:15)
	at org.junit.runners.model.FrameworkMethod.invokeExplosively(FrameworkMethod.java:41)
	at junitparams.internal.InvokeParameterisedMethod.evaluate(InvokeParameterisedMethod.java:102)
	at org.junit.internal.runners.statements.FailOnTimeout$1.run(FailOnTimeout.java:28)
Caused by: ptolemy.kernel.util.IllegalActionException: Unknown inputs remain. Possible causality loop:
L_model_1893289564i

  in .CannotAnalysisWithPreemption.model_1893289564_region_1 and .CannotAnalysisWithPreemption.model_1893289564_region_1.L_model_1893289564i
	at ptolemy.actor.sched.FixedPointDirector.postfire(FixedPointDirector.java:515)
	at ptolemy.domains.sr.kernel.SRDirector.postfire(SRDirector.java:417)
	at ptolemy.actor.CompositeActor.postfire(CompositeActor.java:1668)
	at ptolemy.actor.Manager.iterate(Manager.java:852)
	at ptolemy.actor.Manager.execute(Manager.java:369)
	at ptolemy.actor.Manager.run(Manager.java:1263)
	at ptolemy.actor.Manager$PtolemyRunThread.run(Manager.java:1933)
]]></system-err>
</testsuite>
