<?xml version="1.0" encoding="UTF-8" ?>
<testsuite errors="0" failures="0" hostname="travis-job-d325aee2-0ed1-4140-b66f-306f65ed5851" name="ptolemy.domains.de.test.junit.JUnitTclTest" skipped="0" tests="101" time="136.378" timestamp="2019-07-16T06:31:06">
  <properties>
[...]
</properties>
  <testcase classname="ptolemy.util.test.junit.TclTests" name="[0] /home/travis/build/icyphy/ptII/ptolemy/domains/de/test/DependencyLoop.tcl (RunTclFile)" time="1.148" />
  <testcase classname="ptolemy.util.test.junit.TclTests" name="[1] /home/travis/build/icyphy/ptII/ptolemy/domains/de/test/RunDETestsAsQSS.tcl (RunTclFile)" time="92.84" />
  <testcase classname="ptolemy.util.test.junit.AutoKnownFailedTests" name="[0] /home/travis/build/icyphy/ptII/ptolemy/domains/de/test/auto/knownFailedTests/DESDFClockTest.xml (RunModel)" time="2.035" />
  <testcase classname="ptolemy.util.test.junit.AutoKnownFailedTests" name="[1] /home/travis/build/icyphy/ptII/ptolemy/domains/de/test/auto/knownFailedTests/DirectFeedback.xml (RunModel)" time="0.014" />
  <testcase classname="ptolemy.util.test.junit.AutoKnownFailedTests" name="[2] /home/travis/build/icyphy/ptII/ptolemy/domains/de/test/auto/knownFailedTests/FSMSource.xml (RunModel)" time="0.023" />
  <testcase classname="ptolemy.util.test.junit.AutoKnownFailedTests" name="[3] /home/travis/build/icyphy/ptII/ptolemy/domains/de/test/auto/knownFailedTests/HierarchicalModel.xml (RunModel)" time="0.047" />
  <testcase classname="ptolemy.util.test.junit.AutoKnownFailedTests" name="[4] /home/travis/build/icyphy/ptII/ptolemy/domains/de/test/auto/knownFailedTests/dependencyLoop.xml (RunModel)" time="0.036" />
  <testcase classname="ptolemy.util.test.junit.AutoKnownFailedTests" name="[5] /home/travis/build/icyphy/ptII/ptolemy/domains/de/test/auto/knownFailedTests/dependencyLoop2.xml (RunModel)" time="0.04" />
  <testcase classname="ptolemy.util.test.junit.AutoNameArchTests" name="[0] ThereAreNoAutoArchTests (RunModel)" time="0.001" />
  <testcase classname="ptolemy.util.test.junit.AutoTests" name="[0] /home/travis/build/icyphy/ptII/ptolemy/domains/de/test/auto/ActorDepthCalculation_actorWithoutPorts.xml (RunModel)" time="0.016" />
  <testcase classname="ptolemy.util.test.junit.AutoTests" name="[1] /home/travis/build/icyphy/ptII/ptolemy/domains/de/test/auto/AssemblyLine.xml (RunModel)" time="0.026" />
  <testcase classname="ptolemy.util.test.junit.AutoTests" name="[2] /home/travis/build/icyphy/ptII/ptolemy/domains/de/test/auto/CQBug1.xml (RunModel)" time="0.009" />
  <testcase classname="ptolemy.util.test.junit.AutoTests" name="[3] /home/travis/build/icyphy/ptII/ptolemy/domains/de/test/auto/CancelFireAt.xml (RunModel)" time="0.009" />
  <testcase classname="ptolemy.util.test.junit.AutoTests" name="[4] /home/travis/build/icyphy/ptII/ptolemy/domains/de/test/auto/CausalityAndComposabilityAnalysis.xml (RunModel)" time="0.01" />
  <testcase classname="ptolemy.util.test.junit.AutoTests" name="[5] /home/travis/build/icyphy/ptII/ptolemy/domains/de/test/auto/CausalityInterface1.xml (RunModel)" time="0.014" />
  <testcase classname="ptolemy.util.test.junit.AutoTests" name="[6] /home/travis/build/icyphy/ptII/ptolemy/domains/de/test/auto/CausalityInterface15.xml (RunModel)" time="0.025" />
  <testcase classname="ptolemy.util.test.junit.AutoTests" name="[7] /home/travis/build/icyphy/ptII/ptolemy/domains/de/test/auto/CausalityInterface2.xml (RunModel)" time="0.017" />
  <testcase classname="ptolemy.util.test.junit.AutoTests" name="[8] /home/travis/build/icyphy/ptII/ptolemy/domains/de/test/auto/CausalityInterface3.xml (RunModel)" time="0.018" />
  <testcase classname="ptolemy.util.test.junit.AutoTests" name="[9] /home/travis/build/icyphy/ptII/ptolemy/domains/de/test/auto/ClockDrift.xml (RunModel)" time="0.031" />
  <testcase classname="ptolemy.util.test.junit.AutoTests" name="[10] /home/travis/build/icyphy/ptII/ptolemy/domains/de/test/auto/ClockDriftAndValueChange.xml (RunModel)" time="0.029" />
  <testcase classname="ptolemy.util.test.junit.AutoTests" name="[11] /home/travis/build/icyphy/ptII/ptolemy/domains/de/test/auto/ClockDriftChange.xml (RunModel)" time="0.025" />
  <testcase classname="ptolemy.util.test.junit.AutoTests" name="[12] /home/travis/build/icyphy/ptII/ptolemy/domains/de/test/auto/ComposableCausalityAnalysis.xml (RunModel)" time="0.013" />
  <testcase classname="ptolemy.util.test.junit.AutoTests" name="[13] /home/travis/build/icyphy/ptII/ptolemy/domains/de/test/auto/DEFixedPointLimitation.xml (RunModel)" time="0.007" />
  <testcase classname="ptolemy.util.test.junit.AutoTests" name="[14] /home/travis/build/icyphy/ptII/ptolemy/domains/de/test/auto/DEScheduleTest.xml (RunModel)" time="0.011" />
  <testcase classname="ptolemy.util.test.junit.AutoTests" name="[15] /home/travis/build/icyphy/ptII/ptolemy/domains/de/test/auto/DEinDEwithStartTimes.xml (RunModel)" time="0.012" />
  <testcase classname="ptolemy.util.test.junit.AutoTests" name="[16] /home/travis/build/icyphy/ptII/ptolemy/domains/de/test/auto/DEinDEwithStartTimes2.xml (RunModel)" time="0.014" />
  <testcase classname="ptolemy.util.test.junit.AutoTests" name="[17] /home/travis/build/icyphy/ptII/ptolemy/domains/de/test/auto/DateDemo.xml (RunModel)" time="0.025" />
  <testcase classname="ptolemy.util.test.junit.AutoTests" name="[18] /home/travis/build/icyphy/ptII/ptolemy/domains/de/test/auto/DateToEvent.xml (RunModel)" time="2.038" />
  <testcase classname="ptolemy.util.test.junit.AutoTests" name="[19] /home/travis/build/icyphy/ptII/ptolemy/domains/de/test/auto/DepthTest1.xml (RunModel)" time="0.008" />
  <testcase classname="ptolemy.util.test.junit.AutoTests" name="[20] /home/travis/build/icyphy/ptII/ptolemy/domains/de/test/auto/DepthTest2.xml (RunModel)" time="0.034" />
  <testcase classname="ptolemy.util.test.junit.AutoTests" name="[21] /home/travis/build/icyphy/ptII/ptolemy/domains/de/test/auto/DepthTest3.xml (RunModel)" time="0.009" />
  <testcase classname="ptolemy.util.test.junit.AutoTests" name="[22] /home/travis/build/icyphy/ptII/ptolemy/domains/de/test/auto/DepthTest4.xml (RunModel)" time="0.023" />
  <testcase classname="ptolemy.util.test.junit.AutoTests" name="[23] /home/travis/build/icyphy/ptII/ptolemy/domains/de/test/auto/DepthTest5.xml (RunModel)" time="0.016" />
  <testcase classname="ptolemy.util.test.junit.AutoTests" name="[24] /home/travis/build/icyphy/ptII/ptolemy/domains/de/test/auto/DepthTest6.xml (RunModel)" time="0.013" />
  <testcase classname="ptolemy.util.test.junit.AutoTests" name="[25] /home/travis/build/icyphy/ptII/ptolemy/domains/de/test/auto/DepthTest7.xml (RunModel)" time="0.012" />
  <testcase classname="ptolemy.util.test.junit.AutoTests" name="[26] /home/travis/build/icyphy/ptII/ptolemy/domains/de/test/auto/EventToDate.xml (RunModel)" time="3.036" />
  <testcase classname="ptolemy.util.test.junit.AutoTests" name="[27] /home/travis/build/icyphy/ptII/ptolemy/domains/de/test/auto/FSM1.xml (RunModel)" time="0.053" />
  <testcase classname="ptolemy.util.test.junit.AutoTests" name="[28] /home/travis/build/icyphy/ptII/ptolemy/domains/de/test/auto/FSM7.xml (RunModel)" time="0.04" />
  <testcase classname="ptolemy.util.test.junit.AutoTests" name="[29] /home/travis/build/icyphy/ptII/ptolemy/domains/de/test/auto/Inspection.xml (RunModel)" time="0.044" />
  <testcase classname="ptolemy.util.test.junit.AutoTests" name="[30] /home/travis/build/icyphy/ptII/ptolemy/domains/de/test/auto/Iteration.xml (RunModel)" time="0.026" />
  <testcase classname="ptolemy.util.test.junit.AutoTests" name="[31] /home/travis/build/icyphy/ptII/ptolemy/domains/de/test/auto/LineFault.xml (RunModel)" time="0.656" />
  <testcase classname="ptolemy.util.test.junit.AutoTests" name="[32] /home/travis/build/icyphy/ptII/ptolemy/domains/de/test/auto/MergeModel1Add.xml (RunModel)" time="0.057" />
  <testcase classname="ptolemy.util.test.junit.AutoTests" name="[33] /home/travis/build/icyphy/ptII/ptolemy/domains/de/test/auto/MergeModel2Add.xml (RunModel)" time="0.042" />
  <testcase classname="ptolemy.util.test.junit.AutoTests" name="[34] /home/travis/build/icyphy/ptII/ptolemy/domains/de/test/auto/MergeModel3Add.xml (RunModel)" time="0.051" />
  <testcase classname="ptolemy.util.test.junit.AutoTests" name="[35] /home/travis/build/icyphy/ptII/ptolemy/domains/de/test/auto/MergeWithoutDiscard.xml (RunModel)" time="0.02" />
  <testcase classname="ptolemy.util.test.junit.AutoTests" name="[36] /home/travis/build/icyphy/ptII/ptolemy/domains/de/test/auto/Modal1.xml (RunModel)" time="0.027" />
  <testcase classname="ptolemy.util.test.junit.AutoTests" name="[37] /home/travis/build/icyphy/ptII/ptolemy/domains/de/test/auto/Modal2.xml (RunModel)" time="0.039" />
  <testcase classname="ptolemy.util.test.junit.AutoTests" name="[38] /home/travis/build/icyphy/ptII/ptolemy/domains/de/test/auto/Modal3.xml (RunModel)" time="0.029" />
  <testcase classname="ptolemy.util.test.junit.AutoTests" name="[39] /home/travis/build/icyphy/ptII/ptolemy/domains/de/test/auto/Modal4.xml (RunModel)" time="0.035" />
  <testcase classname="ptolemy.util.test.junit.AutoTests" name="[40] /home/travis/build/icyphy/ptII/ptolemy/domains/de/test/auto/Modal5.xml (RunModel)" time="0.037" />
  <testcase classname="ptolemy.util.test.junit.AutoTests" name="[41] /home/travis/build/icyphy/ptII/ptolemy/domains/de/test/auto/Modal6.xml (RunModel)" time="0.03" />
  <testcase classname="ptolemy.util.test.junit.AutoTests" name="[42] /home/travis/build/icyphy/ptII/ptolemy/domains/de/test/auto/Modal7.xml (RunModel)" time="0.04" />
  <testcase classname="ptolemy.util.test.junit.AutoTests" name="[43] /home/travis/build/icyphy/ptII/ptolemy/domains/de/test/auto/ModalModel.xml (RunModel)" time="0.201" />
  <testcase classname="ptolemy.util.test.junit.AutoTests" name="[44] /home/travis/build/icyphy/ptII/ptolemy/domains/de/test/auto/ModalSource.xml (RunModel)" time="0.022" />
  <testcase classname="ptolemy.util.test.junit.AutoTests" name="[45] /home/travis/build/icyphy/ptII/ptolemy/domains/de/test/auto/NonInterruptibleTimerZeroDelay.xml (RunModel)" time="0.009" />
  <testcase classname="ptolemy.util.test.junit.AutoTests" name="[46] /home/travis/build/icyphy/ptII/ptolemy/domains/de/test/auto/OpenQueueingNetwork.xml (RunModel)" time="2.55" />
  <testcase classname="ptolemy.util.test.junit.AutoTests" name="[47] /home/travis/build/icyphy/ptII/ptolemy/domains/de/test/auto/OpenQueuingNetwork.xml (RunModel)" time="0.303" />
  <testcase classname="ptolemy.util.test.junit.AutoTests" name="[48] /home/travis/build/icyphy/ptII/ptolemy/domains/de/test/auto/PeriodicSampler.xml (RunModel)" time="0.013" />
  <testcase classname="ptolemy.util.test.junit.AutoTests" name="[49] /home/travis/build/icyphy/ptII/ptolemy/domains/de/test/auto/PersistentIO.xml (RunModel)" time="0.021" />
  <testcase classname="ptolemy.util.test.junit.AutoTests" name="[50] /home/travis/build/icyphy/ptII/ptolemy/domains/de/test/auto/PortParameterResetOnInitialize.xml (RunModel)" time="0.01" />
  <testcase classname="ptolemy.util.test.junit.AutoTests" name="[51] /home/travis/build/icyphy/ptII/ptolemy/domains/de/test/auto/PortParameterUpdates.xml (RunModel)" time="0.014" />
  <testcase classname="ptolemy.util.test.junit.AutoTests" name="[52] /home/travis/build/icyphy/ptII/ptolemy/domains/de/test/auto/QueueAndServer.xml (RunModel)" time="0.021" />
  <testcase classname="ptolemy.util.test.junit.AutoTests" name="[53] /home/travis/build/icyphy/ptII/ptolemy/domains/de/test/auto/Records.xml (RunModel)" time="0.014" />
  <testcase classname="ptolemy.util.test.junit.AutoTests" name="[54] /home/travis/build/icyphy/ptII/ptolemy/domains/de/test/auto/ResetTransitionWithStartTime1.xml (RunModel)" time="0.02" />
  <testcase classname="ptolemy.util.test.junit.AutoTests" name="[55] /home/travis/build/icyphy/ptII/ptolemy/domains/de/test/auto/ResetTransitionWithStartTime2.xml (RunModel)" time="0.027" />
  <testcase classname="ptolemy.util.test.junit.AutoTests" name="[56] /home/travis/build/icyphy/ptII/ptolemy/domains/de/test/auto/ResetTransitionWithStartTime3.xml (RunModel)" time="0.026" />
  <testcase classname="ptolemy.util.test.junit.AutoTests" name="[57] /home/travis/build/icyphy/ptII/ptolemy/domains/de/test/auto/ResetTransitionWithStartTime4.xml (RunModel)" time="0.022" />
  <testcase classname="ptolemy.util.test.junit.AutoTests" name="[58] /home/travis/build/icyphy/ptII/ptolemy/domains/de/test/auto/ResettableTimer1.xml (RunModel)" time="0.012" />
  <testcase classname="ptolemy.util.test.junit.AutoTests" name="[59] /home/travis/build/icyphy/ptII/ptolemy/domains/de/test/auto/ResettableTimer2.xml (RunModel)" time="0.013" />
  <testcase classname="ptolemy.util.test.junit.AutoTests" name="[60] /home/travis/build/icyphy/ptII/ptolemy/domains/de/test/auto/ResettableTimer3.xml (RunModel)" time="0.011" />
  <testcase classname="ptolemy.util.test.junit.AutoTests" name="[61] /home/travis/build/icyphy/ptII/ptolemy/domains/de/test/auto/ResettableTimer4.xml (RunModel)" time="0.013" />
  <testcase classname="ptolemy.util.test.junit.AutoTests" name="[62] /home/travis/build/icyphy/ptII/ptolemy/domains/de/test/auto/ResettableTimer5.xml (RunModel)" time="0.011" />
  <testcase classname="ptolemy.util.test.junit.AutoTests" name="[63] /home/travis/build/icyphy/ptII/ptolemy/domains/de/test/auto/ResettableTimer6.xml (RunModel)" time="0.019" />
  <testcase classname="ptolemy.util.test.junit.AutoTests" name="[64] /home/travis/build/icyphy/ptII/ptolemy/domains/de/test/auto/ServerZeroDelay.xml (RunModel)" time="0.013" />
  <testcase classname="ptolemy.util.test.junit.AutoTests" name="[65] /home/travis/build/icyphy/ptII/ptolemy/domains/de/test/auto/SmartSender.xml (RunModel)" time="3.009" />
  <testcase classname="ptolemy.util.test.junit.AutoTests" name="[66] /home/travis/build/icyphy/ptII/ptolemy/domains/de/test/auto/ThreadedComposite.xml (RunModel)" time="0.289" />
  <testcase classname="ptolemy.util.test.junit.AutoTests" name="[67] /home/travis/build/icyphy/ptII/ptolemy/domains/de/test/auto/Time.xml (RunModel)" time="0.44" />
  <testcase classname="ptolemy.util.test.junit.AutoTests" name="[68] /home/travis/build/icyphy/ptII/ptolemy/domains/de/test/auto/TimeDelayZeroDelay.xml (RunModel)" time="0.011" />
  <testcase classname="ptolemy.util.test.junit.AutoTests" name="[69] /home/travis/build/icyphy/ptII/ptolemy/domains/de/test/auto/TimerZeroDelay.xml (RunModel)" time="0.012" />
  <testcase classname="ptolemy.util.test.junit.AutoTests" name="[70] /home/travis/build/icyphy/ptII/ptolemy/domains/de/test/auto/TimingParadox.xml (RunModel)" time="0.413" />
  <testcase classname="ptolemy.util.test.junit.AutoTests" name="[71] /home/travis/build/icyphy/ptII/ptolemy/domains/de/test/auto/TransferInputs.xml (RunModel)" time="0.016" />
  <testcase classname="ptolemy.util.test.junit.AutoTests" name="[72] /home/travis/build/icyphy/ptII/ptolemy/domains/de/test/auto/TransferOutputs2.xml (RunModel)" time="0.018" />
  <testcase classname="ptolemy.util.test.junit.AutoTests" name="[73] /home/travis/build/icyphy/ptII/ptolemy/domains/de/test/auto/Trilateration.xml (RunModel)" time="12.898" />
  <testcase classname="ptolemy.util.test.junit.AutoTests" name="[74] /home/travis/build/icyphy/ptII/ptolemy/domains/de/test/auto/TwoSigmaDelta.xml (RunModel)" time="2.302" />
  <testcase classname="ptolemy.util.test.junit.AutoTests" name="[75] /home/travis/build/icyphy/ptII/ptolemy/domains/de/test/auto/VariableDelay.xml (RunModel)" time="0.015" />
  <testcase classname="ptolemy.util.test.junit.AutoTests" name="[76] /home/travis/build/icyphy/ptII/ptolemy/domains/de/test/auto/VariableDelay2.xml (RunModel)" time="0.011" />
  <testcase classname="ptolemy.util.test.junit.AutoTests" name="[77] /home/travis/build/icyphy/ptII/ptolemy/domains/de/test/auto/VariableDelayZeroDelay.xml (RunModel)" time="0.014" />
  <testcase classname="ptolemy.util.test.junit.AutoTests" name="[78] /home/travis/build/icyphy/ptII/ptolemy/domains/de/test/auto/VariableDelayZeroDelay2.xml (RunModel)" time="0.015" />
  <testcase classname="ptolemy.util.test.junit.AutoTests" name="[79] /home/travis/build/icyphy/ptII/ptolemy/domains/de/test/auto/deInCt.xml (RunModel)" time="0.019" />
  <testcase classname="ptolemy.util.test.junit.AutoTests" name="[80] /home/travis/build/icyphy/ptII/ptolemy/domains/de/test/auto/deInCt2.xml (RunModel)" time="0.022" />
  <testcase classname="ptolemy.util.test.junit.AutoTests" name="[81] /home/travis/build/icyphy/ptII/ptolemy/domains/de/test/auto/dynamicCausalityInterface1.xml (RunModel)" time="0.033" />
  <testcase classname="ptolemy.util.test.junit.AutoTests" name="[82] /home/travis/build/icyphy/ptII/ptolemy/domains/de/test/auto/fsm_de_test.xml (RunModel)" time="0.058" />
  <testcase classname="ptolemy.util.test.junit.AutoTests" name="[83] /home/travis/build/icyphy/ptII/ptolemy/domains/de/test/auto/functionDependencyReconstruction.xml (RunModel)" time="0.033" />
  <testcase classname="ptolemy.util.test.junit.AutoTests" name="[84] /home/travis/build/icyphy/ptII/ptolemy/domains/de/test/auto/multirate.xml (RunModel)" time="0.016" />
  <testcase classname="ptolemy.util.test.junit.AutoTests" name="[85] /home/travis/build/icyphy/ptII/ptolemy/domains/de/test/auto/multirate2.xml (RunModel)" time="0.015" />
  <testcase classname="ptolemy.util.test.junit.AutoTests" name="[86] /home/travis/build/icyphy/ptII/ptolemy/domains/de/test/auto/realtime.xml (RunModel)" time="10.011" />
  <testcase classname="ptolemy.util.test.junit.AutoTests" name="[87] /home/travis/build/icyphy/ptII/ptolemy/domains/de/test/auto/relationGroup.xml (RunModel)" time="0.013" />
  <testcase classname="ptolemy.util.test.junit.AutoTests" name="[88] /home/travis/build/icyphy/ptII/ptolemy/domains/de/test/auto/relationGroup2.xml (RunModel)" time="0.02" />
  <testcase classname="ptolemy.util.test.junit.AutoTests" name="[89] /home/travis/build/icyphy/ptII/ptolemy/domains/de/test/auto/sortWithOpaquePorts.xml (RunModel)" time="0.012" />
  <testcase classname="ptolemy.util.test.junit.AutoTests" name="[90] /home/travis/build/icyphy/ptII/ptolemy/domains/de/test/auto/transferInputsandOutputs.xml (RunModel)" time="0.02" />
  <testcase classname="ptolemy.util.test.junit.AutoTests" name="[91] /home/travis/build/icyphy/ptII/ptolemy/domains/de/test/auto/triggerType.xml (RunModel)" time="0.011" />
  <system-out><![CDATA[/home/travis/build/icyphy/ptII/ptolemy/domains/de/test/DependencyLoop.tcl
testDefs.tcl: setting time out to 9000 seconds at Tue Jul 16 06:31:06 UTC 2019
59 ms. Memory: 120832K Free: 71624K (59%)
22 ms. Memory: 120832K Free: 54216K (45%)
/home/travis/build/icyphy/ptII/ptolemy/domains/de/test/RunDETestsAsQSS.tcl
Run the DE tests using ptolemy.domains.qss.test.QSSDirectorTest, which extends QSSDirector and prints a message in the constructors.
------------------ testing $PTII/ptolemy/domains/de/test/auto/knownFailedTests/DirectFeedback.xml (Known Failure) 
41 ms. Memory: 120832K Free: 49096K (41%)


==== $PTIIhome/travis/build/icyphy/ptII/ptolemy/domains/de/test/../../../../: Auto Automatic test in file $PTII/ptolemy/domains/de/test/auto/knownFailedTests/DirectFeedback.xml
==== Contents of test case:

	    # FIXME: we should use $relativeFilename here, but it
	    # might have backslashes under Windows, which causes no end
	    # of trouble.
	    createAndExecute $file
	    list {}
	
.... Test generated KNOWN error:
    while executing
ptolemy.kernel.util.IllegalActionException: Test fails in iteration 1.
Value was: 1.0. Should have been: 2.0
  in .DirectFeedback.Test
	at ptolemy.actor.lib.Test.fire(Test.java:268)
	at ptolemy.domains.de.kernel.DEDirector._fire(DEDirector.java:1949)
	at ptolemy.domains.de.kernel.DEDirector.fire(DEDirector.java:502)
	at ptolemy.actor.CompositeActor.fire(CompositeActor.java:455)
	at ptolemy.actor.Manager.iterate(Manager.java:851)
	at ptolemy.actor.Manager.execute(Manager.java:369)
	at ptolemy.actor.Manager.run(Manager.java:1263)
	at ptolemy.actor.Manager$PtolemyRunThread.run(Manager.java:1933)

    while executing
ptolemy.kernel.util.IllegalActionException: Test fails in iteration 1.
Value was: 1.0. Should have been: 2.0
  in .DirectFeedback.Test
    while executing
"java::new ptolemy.moml.MoMLSimpleApplication $file
"
    (procedure "createAndExecute" line 2)
    invoked from within
"createAndExecute $file"
    ("uplevel" body line 5)
    invoked from within
"uplevel $contents_of_test"
------------------ testing $PTII/ptolemy/domains/de/test/auto/knownFailedTests/dependencyLoop.xml (Known Failure) 
24 ms. Memory: 120832K Free: 46024K (38%)


==== $PTIIhome/travis/build/icyphy/ptII/ptolemy/domains/de/test/../../../../: Auto Automatic test in file $PTII/ptolemy/domains/de/test/auto/knownFailedTests/dependencyLoop.xml
==== Contents of test case:

	    # FIXME: we should use $relativeFilename here, but it
	    # might have backslashes under Windows, which causes no end
	    # of trouble.
	    createAndExecute $file
	    list {}
	
.... Test generated KNOWN error:
    while executing
ptolemy.kernel.util.IllegalActionException: Found a zero delay loop containing .dependencyLoop.original
  in .dependencyLoop and .dependencyLoop.original
	at ptolemy.actor.util.CausalityInterfaceForComposites._computeOutputPortDepth(CausalityInterfaceForComposites.java:759)
	at ptolemy.actor.util.CausalityInterfaceForComposites._computeInputDepth(CausalityInterfaceForComposites.java:696)
	at ptolemy.actor.util.CausalityInterfaceForComposites._computeOutputPortDepth(CausalityInterfaceForComposites.java:765)
	at ptolemy.actor.util.CausalityInterfaceForComposites._computeInputDepth(CausalityInterfaceForComposites.java:696)
	at ptolemy.actor.util.CausalityInterfaceForComposites._computeOutputPortDepth(CausalityInterfaceForComposites.java:765)
	at ptolemy.actor.util.CausalityInterfaceForComposites._computeInputDepth(CausalityInterfaceForComposites.java:696)
	at ptolemy.actor.util.CausalityInterfaceForComposites._computeActorDepth(CausalityInterfaceForComposites.java:532)
	at ptolemy.actor.util.CausalityInterfaceForComposites.checkForCycles(CausalityInterfaceForComposites.java:96)
	at ptolemy.domains.de.kernel.DEDirector.preinitialize(DEDirector.java:1338)
	at ptolemy.actor.CompositeActor.preinitialize(CompositeActor.java:1828)
	at ptolemy.actor.Manager.preinitializeAndResolveTypes(Manager.java:1040)
	at ptolemy.actor.Manager.initialize(Manager.java:710)
	at ptolemy.actor.Manager.execute(Manager.java:356)
	at ptolemy.actor.Manager.run(Manager.java:1263)
	at ptolemy.actor.Manager$PtolemyRunThread.run(Manager.java:1933)

    while executing
ptolemy.kernel.util.IllegalActionException: Found a zero delay loop containing .dependencyLoop.original
  in .dependencyLoop and .dependencyLoop.original
    while executing
"java::new ptolemy.moml.MoMLSimpleApplication $file
"
    (procedure "createAndExecute" line 2)
    invoked from within
"createAndExecute $file"
    ("uplevel" body line 5)
    invoked from within
"uplevel $contents_of_test"
------------------ testing $PTII/ptolemy/domains/de/test/auto/knownFailedTests/FSMSource.xml (Known Failure) 
94 ms. Memory: 120832K Free: 99685K (82%)
!!!! Auto was marked as failing, but now passes
------------------ testing $PTII/ptolemy/domains/de/test/auto/knownFailedTests/HierarchicalModel.xml (Known Failure) 
8 ms. Memory: 120832K Free: 82238K (68%)


==== $PTIIhome/travis/build/icyphy/ptII/ptolemy/domains/de/test/../../../../: Auto Automatic test in file $PTII/ptolemy/domains/de/test/auto/knownFailedTests/HierarchicalModel.xml
==== Contents of test case:

	    # FIXME: we should use $relativeFilename here, but it
	    # might have backslashes under Windows, which causes no end
	    # of trouble.
	    createAndExecute $file
	    list {}
	
.... Test generated KNOWN error:
    while executing
ptolemy.kernel.util.IllegalActionException: Found a zero delay loop containing .HierarchicalModel.A
  in .HierarchicalModel and .HierarchicalModel.A
	at ptolemy.actor.util.CausalityInterfaceForComposites._computeOutputPortDepth(CausalityInterfaceForComposites.java:759)
	at ptolemy.actor.util.CausalityInterfaceForComposites._computeInputDepth(CausalityInterfaceForComposites.java:696)
	at ptolemy.actor.util.CausalityInterfaceForComposites._computeOutputPortDepth(CausalityInterfaceForComposites.java:765)
	at ptolemy.actor.util.CausalityInterfaceForComposites._computeInputDepth(CausalityInterfaceForComposites.java:696)
	at ptolemy.actor.util.CausalityInterfaceForComposites._computeOutputPortDepth(CausalityInterfaceForComposites.java:765)
	at ptolemy.actor.util.CausalityInterfaceForComposites._computeInputDepth(CausalityInterfaceForComposites.java:696)
	at ptolemy.actor.util.CausalityInterfaceForComposites._computeActorDepth(CausalityInterfaceForComposites.java:532)
	at ptolemy.actor.util.CausalityInterfaceForComposites.checkForCycles(CausalityInterfaceForComposites.java:96)
	at ptolemy.domains.de.kernel.DEDirector.preinitialize(DEDirector.java:1338)
	at ptolemy.actor.CompositeActor.preinitialize(CompositeActor.java:1828)
	at ptolemy.actor.Manager.preinitializeAndResolveTypes(Manager.java:1040)
	at ptolemy.actor.Manager.initialize(Manager.java:710)
	at ptolemy.actor.Manager.execute(Manager.java:356)
	at ptolemy.actor.Manager.run(Manager.java:1263)
	at ptolemy.actor.Manager$PtolemyRunThread.run(Manager.java:1933)

    while executing
ptolemy.kernel.util.IllegalActionException: Found a zero delay loop containing .HierarchicalModel.A
  in .HierarchicalModel and .HierarchicalModel.A
    while executing
"java::new ptolemy.moml.MoMLSimpleApplication $file
"
    (procedure "createAndExecute" line 2)
    invoked from within
"createAndExecute $file"
    ("uplevel" body line 5)
    invoked from within
"uplevel $contents_of_test"
------------------ testing $PTII/ptolemy/domains/de/test/auto/knownFailedTests/dependencyLoop2.xml (Known Failure) 
26 ms. Memory: 120832K Free: 107302K (89%)


==== $PTIIhome/travis/build/icyphy/ptII/ptolemy/domains/de/test/../../../../: Auto Automatic test in file $PTII/ptolemy/domains/de/test/auto/knownFailedTests/dependencyLoop2.xml
==== Contents of test case:

	    # FIXME: we should use $relativeFilename here, but it
	    # might have backslashes under Windows, which causes no end
	    # of trouble.
	    createAndExecute $file
	    list {}
	
.... Test generated KNOWN error:
    while executing
ptolemy.kernel.util.IllegalActionException: Found a zero delay loop containing .dependencyLoop2.original
  in .dependencyLoop2 and .dependencyLoop2.original
	at ptolemy.actor.util.CausalityInterfaceForComposites._computeOutputPortDepth(CausalityInterfaceForComposites.java:759)
	at ptolemy.actor.util.CausalityInterfaceForComposites._computeInputDepth(CausalityInterfaceForComposites.java:696)
	at ptolemy.actor.util.CausalityInterfaceForComposites._computeOutputPortDepth(CausalityInterfaceForComposites.java:765)
	at ptolemy.actor.util.CausalityInterfaceForComposites._computeInputDepth(CausalityInterfaceForComposites.java:696)
	at ptolemy.actor.util.CausalityInterfaceForComposites._computeOutputPortDepth(CausalityInterfaceForComposites.java:765)
	at ptolemy.actor.util.CausalityInterfaceForComposites._computeInputDepth(CausalityInterfaceForComposites.java:696)
	at ptolemy.actor.util.CausalityInterfaceForComposites._computeActorDepth(CausalityInterfaceForComposites.java:532)
	at ptolemy.actor.util.CausalityInterfaceForComposites.checkForCycles(CausalityInterfaceForComposites.java:96)
	at ptolemy.domains.de.kernel.DEDirector.preinitialize(DEDirector.java:1338)
	at ptolemy.actor.CompositeActor.preinitialize(CompositeActor.java:1828)
	at ptolemy.actor.Manager.preinitializeAndResolveTypes(Manager.java:1040)
	at ptolemy.actor.Manager.initialize(Manager.java:710)
	at ptolemy.actor.Manager.execute(Manager.java:356)
	at ptolemy.actor.Manager.run(Manager.java:1263)
	at ptolemy.actor.Manager$PtolemyRunThread.run(Manager.java:1933)

    while executing
ptolemy.kernel.util.IllegalActionException: Found a zero delay loop containing .dependencyLoop2.original
  in .dependencyLoop2 and .dependencyLoop2.original
    while executing
"java::new ptolemy.moml.MoMLSimpleApplication $file
"
    (procedure "createAndExecute" line 2)
    invoked from within
"createAndExecute $file"
    ("uplevel" body line 5)
    invoked from within
"uplevel $contents_of_test"
------------------ testing $PTII/ptolemy/domains/de/test/auto/knownFailedTests/DESDFClockTest.xml (Known Failure) 
2039 ms. Memory: 120832K Free: 94586K (78%)


==== $PTIIhome/travis/build/icyphy/ptII/ptolemy/domains/de/test/../../../../: Auto Automatic test in file $PTII/ptolemy/domains/de/test/auto/knownFailedTests/DESDFClockTest.xml
==== Contents of test case:

	    # FIXME: we should use $relativeFilename here, but it
	    # might have backslashes under Windows, which causes no end
	    # of trouble.
	    createAndExecute $file
	    list {}
	
.... Test generated KNOWN error:
    while executing
ptolemy.kernel.util.IllegalActionException: Actor is not ready to fire.  Perhaps UpSample.prefire() returned false? Try debugging the actor by selecting "Listen to Actor".  Also, for SDF check moml for tokenConsumptionRate on input.
  in .DESDFClockTest.Play Bell.Copy1:SDF Director and .DESDFClockTest.Play Bell.UpSample
	at ptolemy.actor.sched.StaticSchedulingDirector.fire(StaticSchedulingDirector.java:227)
	at ptolemy.domains.sdf.kernel.SDFDirector.fire(SDFDirector.java:500)
	at ptolemy.actor.CompositeActor.fire(CompositeActor.java:455)
	at ptolemy.domains.de.kernel.DEDirector._fire(DEDirector.java:1949)
	at ptolemy.domains.de.kernel.DEDirector.fire(DEDirector.java:502)
	at ptolemy.actor.CompositeActor.fire(CompositeActor.java:455)
	at ptolemy.actor.Manager.iterate(Manager.java:851)
	at ptolemy.actor.Manager.execute(Manager.java:369)
	at ptolemy.actor.Manager.run(Manager.java:1263)
	at ptolemy.actor.Manager$PtolemyRunThread.run(Manager.java:1933)

    while executing
ptolemy.kernel.util.IllegalActionException: Actor is not ready to fire.  Perhaps UpSample.prefire() returned false? Try debugging the actor by selecting "Listen to Actor".  Also, for SDF check moml for tokenConsumptionRate on input.
  in .DESDFClockTest.Play Bell.Copy1:SDF Director and .DESDFClockTest.Play Bell.UpSample
    while executing
"java::new ptolemy.moml.MoMLSimpleApplication $file
"
    (procedure "createAndExecute" line 2)
    invoked from within
"createAndExecute $file"
    ("uplevel" body line 5)
    invoked from within
"uplevel $contents_of_test"
------------------ testing $PTII/ptolemy/domains/de/test/auto/ActorDepthCalculation_actorWithoutPorts.xml
auto.tcl: Setting watchdog for 200 seconds at Tue Jul 16 06:31:10 UTC 2019
6 ms. Memory: 120832K Free: 87371K (72%)
ptolemy.util.test.WatchDog.cancel(): canceling Tue Jul 16 06:31:10 UTC 2019
auto.tcl: Setting watchdog for 200 seconds at Tue Jul 16 06:31:10 UTC 2019
5 ms. Memory: 120832K Free: 86124K (71%)
ptolemy.util.test.WatchDog.cancel(): canceling Tue Jul 16 06:31:10 UTC 2019
------------------ testing $PTII/ptolemy/domains/de/test/auto/AssemblyLine.xml
auto.tcl: Setting watchdog for 200 seconds at Tue Jul 16 06:31:10 UTC 2019
13 ms. Memory: 48128K Free: 25765K (54%)
ptolemy.util.test.WatchDog.cancel(): canceling Tue Jul 16 06:31:11 UTC 2019
auto.tcl: Setting watchdog for 200 seconds at Tue Jul 16 06:31:11 UTC 2019
15 ms. Memory: 48128K Free: 24876K (52%)
ptolemy.util.test.WatchDog.cancel(): canceling Tue Jul 16 06:31:11 UTC 2019
------------------ testing $PTII/ptolemy/domains/de/test/auto/CQBug1.xml
auto.tcl: Setting watchdog for 200 seconds at Tue Jul 16 06:31:11 UTC 2019
3 ms. Memory: 48128K Free: 31435K (65%)
ptolemy.util.test.WatchDog.cancel(): canceling Tue Jul 16 06:31:11 UTC 2019
auto.tcl: Setting watchdog for 200 seconds at Tue Jul 16 06:31:11 UTC 2019
2 ms. Memory: 48128K Free: 30987K (64%)
ptolemy.util.test.WatchDog.cancel(): canceling Tue Jul 16 06:31:11 UTC 2019
------------------ testing $PTII/ptolemy/domains/de/test/auto/CancelFireAt.xml
auto.tcl: Setting watchdog for 200 seconds at Tue Jul 16 06:31:11 UTC 2019
6 ms. Memory: 45056K Free: 29704K (66%)
ptolemy.util.test.WatchDog.cancel(): canceling Tue Jul 16 06:31:11 UTC 2019
auto.tcl: Setting watchdog for 200 seconds at Tue Jul 16 06:31:11 UTC 2019
2 ms. Memory: 45056K Free: 29150K (65%)
ptolemy.util.test.WatchDog.cancel(): canceling Tue Jul 16 06:31:11 UTC 2019
------------------ testing $PTII/ptolemy/domains/de/test/auto/CausalityAndComposabilityAnalysis.xml
auto.tcl: Setting watchdog for 200 seconds at Tue Jul 16 06:31:11 UTC 2019
8 ms. Memory: 45056K Free: 27426K (61%)
ptolemy.util.test.WatchDog.cancel(): canceling Tue Jul 16 06:31:11 UTC 2019
auto.tcl: Setting watchdog for 200 seconds at Tue Jul 16 06:31:11 UTC 2019
12 ms. Memory: 45056K Free: 26972K (60%)
ptolemy.util.test.WatchDog.cancel(): canceling Tue Jul 16 06:31:11 UTC 2019
------------------ testing $PTII/ptolemy/domains/de/test/auto/CausalityInterface1.xml
auto.tcl: Setting watchdog for 200 seconds at Tue Jul 16 06:31:11 UTC 2019
25 ms. Memory: 45056K Free: 26384K (59%)
ptolemy.util.test.WatchDog.cancel(): canceling Tue Jul 16 06:31:11 UTC 2019
auto.tcl: Setting watchdog for 200 seconds at Tue Jul 16 06:31:11 UTC 2019
9 ms. Memory: 45056K Free: 25392K (56%)
ptolemy.util.test.WatchDog.cancel(): canceling Tue Jul 16 06:31:11 UTC 2019
------------------ testing $PTII/ptolemy/domains/de/test/auto/CausalityInterface15.xml
auto.tcl: Setting watchdog for 200 seconds at Tue Jul 16 06:31:11 UTC 2019
15 ms. Memory: 45056K Free: 26569K (59%)
ptolemy.util.test.WatchDog.cancel(): canceling Tue Jul 16 06:31:11 UTC 2019
auto.tcl: Setting watchdog for 200 seconds at Tue Jul 16 06:31:11 UTC 2019
5 ms. Memory: 45056K Free: 25381K (56%)
ptolemy.util.test.WatchDog.cancel(): canceling Tue Jul 16 06:31:11 UTC 2019
------------------ testing $PTII/ptolemy/domains/de/test/auto/CausalityInterface2.xml
auto.tcl: Setting watchdog for 200 seconds at Tue Jul 16 06:31:11 UTC 2019
7 ms. Memory: 45056K Free: 27100K (60%)
ptolemy.util.test.WatchDog.cancel(): canceling Tue Jul 16 06:31:11 UTC 2019
auto.tcl: Setting watchdog for 200 seconds at Tue Jul 16 06:31:11 UTC 2019
3 ms. Memory: 45056K Free: 26377K (59%)
ptolemy.util.test.WatchDog.cancel(): canceling Tue Jul 16 06:31:11 UTC 2019
------------------ testing $PTII/ptolemy/domains/de/test/auto/CausalityInterface3.xml
auto.tcl: Setting watchdog for 200 seconds at Tue Jul 16 06:31:11 UTC 2019
7 ms. Memory: 45056K Free: 26555K (59%)
ptolemy.util.test.WatchDog.cancel(): canceling Tue Jul 16 06:31:11 UTC 2019
auto.tcl: Setting watchdog for 200 seconds at Tue Jul 16 06:31:11 UTC 2019
3 ms. Memory: 45056K Free: 25758K (57%)
ptolemy.util.test.WatchDog.cancel(): canceling Tue Jul 16 06:31:11 UTC 2019
------------------ testing $PTII/ptolemy/domains/de/test/auto/ClockDrift.xml
auto.tcl: Setting watchdog for 200 seconds at Tue Jul 16 06:31:11 UTC 2019
63 ms. Memory: 45056K Free: 19169K (43%)
ptolemy.util.test.WatchDog.cancel(): canceling Tue Jul 16 06:31:12 UTC 2019
auto.tcl: Setting watchdog for 200 seconds at Tue Jul 16 06:31:12 UTC 2019
84 ms. Memory: 45056K Free: 15771K (35%)
ptolemy.util.test.WatchDog.cancel(): canceling Tue Jul 16 06:31:12 UTC 2019
------------------ testing $PTII/ptolemy/domains/de/test/auto/ClockDriftAndValueChange.xml
auto.tcl: Setting watchdog for 200 seconds at Tue Jul 16 06:31:12 UTC 2019
52 ms. Memory: 45056K Free: 19610K (44%)
ptolemy.util.test.WatchDog.cancel(): canceling Tue Jul 16 06:31:12 UTC 2019
auto.tcl: Setting watchdog for 200 seconds at Tue Jul 16 06:31:12 UTC 2019
35 ms. Memory: 45056K Free: 16376K (36%)
ptolemy.util.test.WatchDog.cancel(): canceling Tue Jul 16 06:31:12 UTC 2019
------------------ testing $PTII/ptolemy/domains/de/test/auto/ClockDriftChange.xml
auto.tcl: Setting watchdog for 200 seconds at Tue Jul 16 06:31:12 UTC 2019
24 ms. Memory: 45056K Free: 21271K (47%)
ptolemy.util.test.WatchDog.cancel(): canceling Tue Jul 16 06:31:12 UTC 2019
auto.tcl: Setting watchdog for 200 seconds at Tue Jul 16 06:31:12 UTC 2019
27 ms. Memory: 45056K Free: 18729K (42%)
ptolemy.util.test.WatchDog.cancel(): canceling Tue Jul 16 06:31:12 UTC 2019
------------------ testing $PTII/ptolemy/domains/de/test/auto/ComposableCausalityAnalysis.xml
auto.tcl: Setting watchdog for 200 seconds at Tue Jul 16 06:31:12 UTC 2019
2 ms. Memory: 45056K Free: 25906K (57%)
ptolemy.util.test.WatchDog.cancel(): canceling Tue Jul 16 06:31:12 UTC 2019
auto.tcl: Setting watchdog for 200 seconds at Tue Jul 16 06:31:12 UTC 2019
5 ms. Memory: 45056K Free: 24831K (55%)
ptolemy.util.test.WatchDog.cancel(): canceling Tue Jul 16 06:31:12 UTC 2019
------------------ testing $PTII/ptolemy/domains/de/test/auto/DEFixedPointLimitation.xml
auto.tcl: Setting watchdog for 200 seconds at Tue Jul 16 06:31:12 UTC 2019
5 ms. Memory: 45056K Free: 27155K (60%)
ptolemy.util.test.WatchDog.cancel(): canceling Tue Jul 16 06:31:12 UTC 2019
auto.tcl: Setting watchdog for 200 seconds at Tue Jul 16 06:31:12 UTC 2019
4 ms. Memory: 45056K Free: 26334K (58%)
ptolemy.util.test.WatchDog.cancel(): canceling Tue Jul 16 06:31:12 UTC 2019
------------------ testing $PTII/ptolemy/domains/de/test/auto/DEScheduleTest.xml
auto.tcl: Setting watchdog for 200 seconds at Tue Jul 16 06:31:12 UTC 2019
6 ms. Memory: 45056K Free: 27528K (61%)
ptolemy.util.test.WatchDog.cancel(): canceling Tue Jul 16 06:31:12 UTC 2019
auto.tcl: Setting watchdog for 200 seconds at Tue Jul 16 06:31:12 UTC 2019
3 ms. Memory: 45056K Free: 26761K (59%)
ptolemy.util.test.WatchDog.cancel(): canceling Tue Jul 16 06:31:12 UTC 2019
------------------ testing $PTII/ptolemy/domains/de/test/auto/DEinDEwithStartTimes.xml
auto.tcl: Setting watchdog for 200 seconds at Tue Jul 16 06:31:12 UTC 2019
4 ms. Memory: 45056K Free: 25723K (57%)
ptolemy.util.test.WatchDog.cancel(): canceling Tue Jul 16 06:31:12 UTC 2019
auto.tcl: Setting watchdog for 200 seconds at Tue Jul 16 06:31:12 UTC 2019
4 ms. Memory: 45056K Free: 24664K (55%)
ptolemy.util.test.WatchDog.cancel(): canceling Tue Jul 16 06:31:12 UTC 2019
------------------ testing $PTII/ptolemy/domains/de/test/auto/DEinDEwithStartTimes2.xml
auto.tcl: Setting watchdog for 200 seconds at Tue Jul 16 06:31:12 UTC 2019
5 ms. Memory: 45056K Free: 24996K (55%)
ptolemy.util.test.WatchDog.cancel(): canceling Tue Jul 16 06:31:12 UTC 2019
auto.tcl: Setting watchdog for 200 seconds at Tue Jul 16 06:31:12 UTC 2019
4 ms. Memory: 45056K Free: 23617K (52%)
ptolemy.util.test.WatchDog.cancel(): canceling Tue Jul 16 06:31:12 UTC 2019
------------------ testing $PTII/ptolemy/domains/de/test/auto/DateDemo.xml
auto.tcl: Setting watchdog for 200 seconds at Tue Jul 16 06:31:12 UTC 2019
13 ms. Memory: 45056K Free: 19576K (43%)
ptolemy.util.test.WatchDog.cancel(): canceling Tue Jul 16 06:31:12 UTC 2019
auto.tcl: Setting watchdog for 200 seconds at Tue Jul 16 06:31:12 UTC 2019
7 ms. Memory: 45056K Free: 17734K (39%)
ptolemy.util.test.WatchDog.cancel(): canceling Tue Jul 16 06:31:12 UTC 2019
------------------ testing $PTII/ptolemy/domains/de/test/auto/DateToEvent.xml
auto.tcl: Setting watchdog for 200 seconds at Tue Jul 16 06:31:13 UTC 2019
2015 ms. Memory: 45056K Free: 14318K (32%)
ptolemy.util.test.WatchDog.cancel(): canceling Tue Jul 16 06:31:15 UTC 2019
auto.tcl: Setting watchdog for 200 seconds at Tue Jul 16 06:31:15 UTC 2019
2005 ms. Memory: 45056K Free: 13802K (31%)
ptolemy.util.test.WatchDog.cancel(): canceling Tue Jul 16 06:31:17 UTC 2019
------------------ testing $PTII/ptolemy/domains/de/test/auto/DepthTest1.xml
auto.tcl: Setting watchdog for 200 seconds at Tue Jul 16 06:31:17 UTC 2019
2 ms. Memory: 45056K Free: 28469K (63%)
ptolemy.util.test.WatchDog.cancel(): canceling Tue Jul 16 06:31:17 UTC 2019
auto.tcl: Setting watchdog for 200 seconds at Tue Jul 16 06:31:17 UTC 2019
2 ms. Memory: 45056K Free: 27923K (62%)
ptolemy.util.test.WatchDog.cancel(): canceling Tue Jul 16 06:31:17 UTC 2019
------------------ testing $PTII/ptolemy/domains/de/test/auto/DepthTest2.xml
auto.tcl: Setting watchdog for 200 seconds at Tue Jul 16 06:31:17 UTC 2019
3 ms. Memory: 45056K Free: 25189K (56%)
ptolemy.util.test.WatchDog.cancel(): canceling Tue Jul 16 06:31:17 UTC 2019
auto.tcl: Setting watchdog for 200 seconds at Tue Jul 16 06:31:17 UTC 2019
3 ms. Memory: 45056K Free: 24768K (55%)
ptolemy.util.test.WatchDog.cancel(): canceling Tue Jul 16 06:31:17 UTC 2019
------------------ testing $PTII/ptolemy/domains/de/test/auto/DepthTest3.xml
auto.tcl: Setting watchdog for 200 seconds at Tue Jul 16 06:31:17 UTC 2019
2 ms. Memory: 45056K Free: 28657K (64%)
ptolemy.util.test.WatchDog.cancel(): canceling Tue Jul 16 06:31:17 UTC 2019
auto.tcl: Setting watchdog for 200 seconds at Tue Jul 16 06:31:17 UTC 2019
2 ms. Memory: 45056K Free: 27877K (62%)
ptolemy.util.test.WatchDog.cancel(): canceling Tue Jul 16 06:31:17 UTC 2019
------------------ testing $PTII/ptolemy/domains/de/test/auto/DepthTest4.xml
auto.tcl: Setting watchdog for 200 seconds at Tue Jul 16 06:31:17 UTC 2019
3 ms. Memory: 45056K Free: 27014K (60%)
ptolemy.util.test.WatchDog.cancel(): canceling Tue Jul 16 06:31:17 UTC 2019
auto.tcl: Setting watchdog for 200 seconds at Tue Jul 16 06:31:17 UTC 2019
3 ms. Memory: 45056K Free: 26280K (58%)
ptolemy.util.test.WatchDog.cancel(): canceling Tue Jul 16 06:31:17 UTC 2019
------------------ testing $PTII/ptolemy/domains/de/test/auto/DepthTest5.xml
auto.tcl: Setting watchdog for 200 seconds at Tue Jul 16 06:31:17 UTC 2019
6 ms. Memory: 45056K Free: 26160K (58%)
ptolemy.util.test.WatchDog.cancel(): canceling Tue Jul 16 06:31:17 UTC 2019
auto.tcl: Setting watchdog for 200 seconds at Tue Jul 16 06:31:17 UTC 2019
4 ms. Memory: 45056K Free: 25763K (57%)
ptolemy.util.test.WatchDog.cancel(): canceling Tue Jul 16 06:31:17 UTC 2019
------------------ testing $PTII/ptolemy/domains/de/test/auto/DepthTest6.xml
auto.tcl: Setting watchdog for 200 seconds at Tue Jul 16 06:31:17 UTC 2019
6 ms. Memory: 45056K Free: 26114K (58%)
ptolemy.util.test.WatchDog.cancel(): canceling Tue Jul 16 06:31:17 UTC 2019
auto.tcl: Setting watchdog for 200 seconds at Tue Jul 16 06:31:17 UTC 2019
3 ms. Memory: 45056K Free: 25733K (57%)
ptolemy.util.test.WatchDog.cancel(): canceling Tue Jul 16 06:31:17 UTC 2019
------------------ testing $PTII/ptolemy/domains/de/test/auto/DepthTest7.xml
auto.tcl: Setting watchdog for 200 seconds at Tue Jul 16 06:31:17 UTC 2019
3 ms. Memory: 45056K Free: 26617K (59%)
ptolemy.util.test.WatchDog.cancel(): canceling Tue Jul 16 06:31:17 UTC 2019
auto.tcl: Setting watchdog for 200 seconds at Tue Jul 16 06:31:17 UTC 2019
3 ms. Memory: 45056K Free: 25846K (57%)
ptolemy.util.test.WatchDog.cancel(): canceling Tue Jul 16 06:31:17 UTC 2019
------------------ testing $PTII/ptolemy/domains/de/test/auto/EventToDate.xml
auto.tcl: Setting watchdog for 200 seconds at Tue Jul 16 06:31:17 UTC 2019
3005 ms. Memory: 45056K Free: 17728K (39%)
ptolemy.util.test.WatchDog.cancel(): canceling Tue Jul 16 06:31:20 UTC 2019
auto.tcl: Setting watchdog for 200 seconds at Tue Jul 16 06:31:20 UTC 2019
3006 ms. Memory: 45056K Free: 16693K (37%)
ptolemy.util.test.WatchDog.cancel(): canceling Tue Jul 16 06:31:23 UTC 2019
------------------ testing $PTII/ptolemy/domains/de/test/auto/FSM1.xml
auto.tcl: Setting watchdog for 200 seconds at Tue Jul 16 06:31:23 UTC 2019
34 ms. Memory: 45056K Free: 18945K (42%)
ptolemy.util.test.WatchDog.cancel(): canceling Tue Jul 16 06:31:23 UTC 2019
auto.tcl: Setting watchdog for 200 seconds at Tue Jul 16 06:31:23 UTC 2019
30 ms. Memory: 45056K Free: 15711K (35%)
ptolemy.util.test.WatchDog.cancel(): canceling Tue Jul 16 06:31:23 UTC 2019
------------------ testing $PTII/ptolemy/domains/de/test/auto/FSM7.xml
auto.tcl: Setting watchdog for 200 seconds at Tue Jul 16 06:31:23 UTC 2019
15 ms. Memory: 45056K Free: 18624K (41%)
ptolemy.util.test.WatchDog.cancel(): canceling Tue Jul 16 06:31:24 UTC 2019
auto.tcl: Setting watchdog for 200 seconds at Tue Jul 16 06:31:24 UTC 2019
18 ms. Memory: 45056K Free: 15529K (34%)
ptolemy.util.test.WatchDog.cancel(): canceling Tue Jul 16 06:31:24 UTC 2019
------------------ testing $PTII/ptolemy/domains/de/test/auto/Inspection.xml
auto.tcl: Setting watchdog for 200 seconds at Tue Jul 16 06:31:24 UTC 2019
45 ms. Memory: 45056K Free: 18449K (41%)
ptolemy.util.test.WatchDog.cancel(): canceling Tue Jul 16 06:31:24 UTC 2019
auto.tcl: Setting watchdog for 200 seconds at Tue Jul 16 06:31:24 UTC 2019
33 ms. Memory: 45056K Free: 16566K (37%)
ptolemy.util.test.WatchDog.cancel(): canceling Tue Jul 16 06:31:24 UTC 2019
------------------ testing $PTII/ptolemy/domains/de/test/auto/Iteration.xml
auto.tcl: Setting watchdog for 200 seconds at Tue Jul 16 06:31:24 UTC 2019
10 ms. Memory: 45056K Free: 24387K (54%)
ptolemy.util.test.WatchDog.cancel(): canceling Tue Jul 16 06:31:24 UTC 2019
auto.tcl: Setting watchdog for 200 seconds at Tue Jul 16 06:31:24 UTC 2019
7 ms. Memory: 45056K Free: 23363K (52%)
ptolemy.util.test.WatchDog.cancel(): canceling Tue Jul 16 06:31:24 UTC 2019
------------------ testing $PTII/ptolemy/domains/de/test/auto/LineFault.xml
auto.tcl: Setting watchdog for 200 seconds at Tue Jul 16 06:31:24 UTC 2019
726 ms. Memory: 54272K Free: 14380K (26%)
ptolemy.util.test.WatchDog.cancel(): canceling Tue Jul 16 06:31:25 UTC 2019
auto.tcl: Setting watchdog for 200 seconds at Tue Jul 16 06:31:25 UTC 2019
570 ms. Memory: 65536K Free: 48595K (74%)
ptolemy.util.test.WatchDog.cancel(): canceling Tue Jul 16 06:31:26 UTC 2019
------------------ testing $PTII/ptolemy/domains/de/test/auto/MergeModel1Add.xml
auto.tcl: Setting watchdog for 200 seconds at Tue Jul 16 06:31:26 UTC 2019
26 ms. Memory: 51200K Free: 15972K (31%)
ptolemy.util.test.WatchDog.cancel(): canceling Tue Jul 16 06:31:26 UTC 2019
auto.tcl: Setting watchdog for 200 seconds at Tue Jul 16 06:31:26 UTC 2019
10 ms. Memory: 51200K Free: 14725K (29%)
ptolemy.util.test.WatchDog.cancel(): canceling Tue Jul 16 06:31:26 UTC 2019
------------------ testing $PTII/ptolemy/domains/de/test/auto/MergeModel2Add.xml
auto.tcl: Setting watchdog for 200 seconds at Tue Jul 16 06:31:26 UTC 2019
11 ms. Memory: 48128K Free: 16019K (33%)
ptolemy.util.test.WatchDog.cancel(): canceling Tue Jul 16 06:31:26 UTC 2019
auto.tcl: Setting watchdog for 200 seconds at Tue Jul 16 06:31:26 UTC 2019
11 ms. Memory: 48128K Free: 14560K (30%)
ptolemy.util.test.WatchDog.cancel(): canceling Tue Jul 16 06:31:26 UTC 2019
------------------ testing $PTII/ptolemy/domains/de/test/auto/MergeModel3Add.xml
auto.tcl: Setting watchdog for 200 seconds at Tue Jul 16 06:31:26 UTC 2019
9 ms. Memory: 48128K Free: 15241K (32%)
ptolemy.util.test.WatchDog.cancel(): canceling Tue Jul 16 06:31:26 UTC 2019
auto.tcl: Setting watchdog for 200 seconds at Tue Jul 16 06:31:26 UTC 2019
10 ms. Memory: 48128K Free: 13535K (28%)
ptolemy.util.test.WatchDog.cancel(): canceling Tue Jul 16 06:31:26 UTC 2019
------------------ testing $PTII/ptolemy/domains/de/test/auto/MergeWithoutDiscard.xml
auto.tcl: Setting watchdog for 200 seconds at Tue Jul 16 06:31:26 UTC 2019
1 ms. Memory: 48128K Free: 30362K (63%)
ptolemy.util.test.WatchDog.cancel(): canceling Tue Jul 16 06:31:26 UTC 2019
auto.tcl: Setting watchdog for 200 seconds at Tue Jul 16 06:31:26 UTC 2019
1 ms. Memory: 48128K Free: 29467K (61%)
ptolemy.util.test.WatchDog.cancel(): canceling Tue Jul 16 06:31:26 UTC 2019
------------------ testing $PTII/ptolemy/domains/de/test/auto/Modal1.xml
auto.tcl: Setting watchdog for 200 seconds at Tue Jul 16 06:31:26 UTC 2019
12 ms. Memory: 48128K Free: 21965K (46%)
ptolemy.util.test.WatchDog.cancel(): canceling Tue Jul 16 06:31:26 UTC 2019
auto.tcl: Setting watchdog for 200 seconds at Tue Jul 16 06:31:26 UTC 2019
13 ms. Memory: 48128K Free: 18499K (38%)
ptolemy.util.test.WatchDog.cancel(): canceling Tue Jul 16 06:31:26 UTC 2019
------------------ testing $PTII/ptolemy/domains/de/test/auto/Modal2.xml
auto.tcl: Setting watchdog for 200 seconds at Tue Jul 16 06:31:26 UTC 2019
21 ms. Memory: 48128K Free: 22099K (46%)
ptolemy.util.test.WatchDog.cancel(): canceling Tue Jul 16 06:31:26 UTC 2019
auto.tcl: Setting watchdog for 200 seconds at Tue Jul 16 06:31:26 UTC 2019
25 ms. Memory: 48128K Free: 18857K (39%)
ptolemy.util.test.WatchDog.cancel(): canceling Tue Jul 16 06:31:26 UTC 2019
------------------ testing $PTII/ptolemy/domains/de/test/auto/Modal3.xml
auto.tcl: Setting watchdog for 200 seconds at Tue Jul 16 06:31:26 UTC 2019
12 ms. Memory: 48128K Free: 21801K (45%)
ptolemy.util.test.WatchDog.cancel(): canceling Tue Jul 16 06:31:26 UTC 2019
auto.tcl: Setting watchdog for 200 seconds at Tue Jul 16 06:31:26 UTC 2019
14 ms. Memory: 48128K Free: 18866K (39%)
ptolemy.util.test.WatchDog.cancel(): canceling Tue Jul 16 06:31:26 UTC 2019
------------------ testing $PTII/ptolemy/domains/de/test/auto/Modal4.xml
auto.tcl: Setting watchdog for 200 seconds at Tue Jul 16 06:31:26 UTC 2019
14 ms. Memory: 48128K Free: 21032K (44%)
ptolemy.util.test.WatchDog.cancel(): canceling Tue Jul 16 06:31:27 UTC 2019
auto.tcl: Setting watchdog for 200 seconds at Tue Jul 16 06:31:27 UTC 2019
15 ms. Memory: 48128K Free: 17232K (36%)
ptolemy.util.test.WatchDog.cancel(): canceling Tue Jul 16 06:31:27 UTC 2019
------------------ testing $PTII/ptolemy/domains/de/test/auto/Modal5.xml
auto.tcl: Setting watchdog for 200 seconds at Tue Jul 16 06:31:27 UTC 2019
14 ms. Memory: 48128K Free: 21027K (44%)
ptolemy.util.test.WatchDog.cancel(): canceling Tue Jul 16 06:31:27 UTC 2019
auto.tcl: Setting watchdog for 200 seconds at Tue Jul 16 06:31:27 UTC 2019
16 ms. Memory: 48128K Free: 17219K (36%)
ptolemy.util.test.WatchDog.cancel(): canceling Tue Jul 16 06:31:27 UTC 2019
------------------ testing $PTII/ptolemy/domains/de/test/auto/Modal6.xml
auto.tcl: Setting watchdog for 200 seconds at Tue Jul 16 06:31:27 UTC 2019
20 ms. Memory: 48128K Free: 21791K (45%)
ptolemy.util.test.WatchDog.cancel(): canceling Tue Jul 16 06:31:27 UTC 2019
auto.tcl: Setting watchdog for 200 seconds at Tue Jul 16 06:31:27 UTC 2019
19 ms. Memory: 48128K Free: 17836K (37%)
ptolemy.util.test.WatchDog.cancel(): canceling Tue Jul 16 06:31:27 UTC 2019
------------------ testing $PTII/ptolemy/domains/de/test/auto/Modal7.xml
auto.tcl: Setting watchdog for 200 seconds at Tue Jul 16 06:31:27 UTC 2019
10 ms. Memory: 48128K Free: 20506K (43%)
ptolemy.util.test.WatchDog.cancel(): canceling Tue Jul 16 06:31:27 UTC 2019
auto.tcl: Setting watchdog for 200 seconds at Tue Jul 16 06:31:27 UTC 2019
14 ms. Memory: 48128K Free: 17218K (36%)
ptolemy.util.test.WatchDog.cancel(): canceling Tue Jul 16 06:31:27 UTC 2019
------------------ testing $PTII/ptolemy/domains/de/test/auto/ModalModel.xml
auto.tcl: Setting watchdog for 200 seconds at Tue Jul 16 06:31:27 UTC 2019
232 ms. Memory: 48128K Free: 14817K (31%)
ptolemy.util.test.WatchDog.cancel(): canceling Tue Jul 16 06:31:27 UTC 2019
auto.tcl: Setting watchdog for 200 seconds at Tue Jul 16 06:31:27 UTC 2019
223 ms. Memory: 66560K Free: 24632K (37%)
ptolemy.util.test.WatchDog.cancel(): canceling Tue Jul 16 06:31:27 UTC 2019
------------------ testing $PTII/ptolemy/domains/de/test/auto/ModalSource.xml
auto.tcl: Setting watchdog for 200 seconds at Tue Jul 16 06:31:28 UTC 2019
10 ms. Memory: 48128K Free: 25923K (54%)
ptolemy.util.test.WatchDog.cancel(): canceling Tue Jul 16 06:31:28 UTC 2019
auto.tcl: Setting watchdog for 200 seconds at Tue Jul 16 06:31:28 UTC 2019
7 ms. Memory: 48128K Free: 23844K (50%)
ptolemy.util.test.WatchDog.cancel(): canceling Tue Jul 16 06:31:28 UTC 2019
------------------ testing $PTII/ptolemy/domains/de/test/auto/NonInterruptibleTimerZeroDelay.xml
auto.tcl: Setting watchdog for 200 seconds at Tue Jul 16 06:31:28 UTC 2019
3 ms. Memory: 48128K Free: 30867K (64%)
ptolemy.util.test.WatchDog.cancel(): canceling Tue Jul 16 06:31:28 UTC 2019
auto.tcl: Setting watchdog for 200 seconds at Tue Jul 16 06:31:28 UTC 2019
2 ms. Memory: 48128K Free: 30170K (63%)
ptolemy.util.test.WatchDog.cancel(): canceling Tue Jul 16 06:31:28 UTC 2019
------------------ testing $PTII/ptolemy/domains/de/test/auto/OpenQueueingNetwork.xml
auto.tcl: Setting watchdog for 200 seconds at Tue Jul 16 06:31:28 UTC 2019
2981 ms. Memory: 115712K Free: 89291K (77%)
ptolemy.util.test.WatchDog.cancel(): canceling Tue Jul 16 06:31:31 UTC 2019
auto.tcl: Setting watchdog for 200 seconds at Tue Jul 16 06:31:31 UTC 2019
2788 ms. Memory: 151552K Free: 109760K (72%)
ptolemy.util.test.WatchDog.cancel(): canceling Tue Jul 16 06:31:34 UTC 2019
------------------ testing $PTII/ptolemy/domains/de/test/auto/OpenQueuingNetwork.xml
auto.tcl: Setting watchdog for 200 seconds at Tue Jul 16 06:31:34 UTC 2019
240 ms. Memory: 55296K Free: 22861K (41%)
ptolemy.util.test.WatchDog.cancel(): canceling Tue Jul 16 06:31:34 UTC 2019
auto.tcl: Setting watchdog for 200 seconds at Tue Jul 16 06:31:34 UTC 2019
233 ms. Memory: 55296K Free: 30467K (55%)
ptolemy.util.test.WatchDog.cancel(): canceling Tue Jul 16 06:31:34 UTC 2019
------------------ testing $PTII/ptolemy/domains/de/test/auto/PeriodicSampler.xml
auto.tcl: Setting watchdog for 200 seconds at Tue Jul 16 06:31:34 UTC 2019
3 ms. Memory: 48128K Free: 30029K (62%)
ptolemy.util.test.WatchDog.cancel(): canceling Tue Jul 16 06:31:34 UTC 2019
auto.tcl: Setting watchdog for 200 seconds at Tue Jul 16 06:31:34 UTC 2019
2 ms. Memory: 48128K Free: 29523K (61%)
ptolemy.util.test.WatchDog.cancel(): canceling Tue Jul 16 06:31:34 UTC 2019
------------------ testing $PTII/ptolemy/domains/de/test/auto/PersistentIO.xml
auto.tcl: Setting watchdog for 200 seconds at Tue Jul 16 06:31:34 UTC 2019
5 ms. Memory: 48128K Free: 24967K (52%)
ptolemy.util.test.WatchDog.cancel(): canceling Tue Jul 16 06:31:34 UTC 2019
auto.tcl: Setting watchdog for 200 seconds at Tue Jul 16 06:31:34 UTC 2019
4 ms. Memory: 48128K Free: 23521K (49%)
ptolemy.util.test.WatchDog.cancel(): canceling Tue Jul 16 06:31:34 UTC 2019
------------------ testing $PTII/ptolemy/domains/de/test/auto/PortParameterResetOnInitialize.xml
auto.tcl: Setting watchdog for 200 seconds at Tue Jul 16 06:31:34 UTC 2019
2 ms. Memory: 48128K Free: 29920K (62%)
ptolemy.util.test.WatchDog.cancel(): canceling Tue Jul 16 06:31:35 UTC 2019
auto.tcl: Setting watchdog for 200 seconds at Tue Jul 16 06:31:35 UTC 2019
2 ms. Memory: 48128K Free: 29440K (61%)
ptolemy.util.test.WatchDog.cancel(): canceling Tue Jul 16 06:31:35 UTC 2019
------------------ testing $PTII/ptolemy/domains/de/test/auto/PortParameterUpdates.xml
auto.tcl: Setting watchdog for 200 seconds at Tue Jul 16 06:31:35 UTC 2019
4 ms. Memory: 48128K Free: 28004K (58%)
ptolemy.util.test.WatchDog.cancel(): canceling Tue Jul 16 06:31:35 UTC 2019
auto.tcl: Setting watchdog for 200 seconds at Tue Jul 16 06:31:35 UTC 2019
4 ms. Memory: 48128K Free: 26559K (55%)
ptolemy.util.test.WatchDog.cancel(): canceling Tue Jul 16 06:31:35 UTC 2019
------------------ testing $PTII/ptolemy/domains/de/test/auto/QueueAndServer.xml
auto.tcl: Setting watchdog for 200 seconds at Tue Jul 16 06:31:35 UTC 2019
6 ms. Memory: 48128K Free: 26975K (56%)
ptolemy.util.test.WatchDog.cancel(): canceling Tue Jul 16 06:31:35 UTC 2019
auto.tcl: Setting watchdog for 200 seconds at Tue Jul 16 06:31:35 UTC 2019
7 ms. Memory: 48128K Free: 25519K (53%)
ptolemy.util.test.WatchDog.cancel(): canceling Tue Jul 16 06:31:35 UTC 2019
------------------ testing $PTII/ptolemy/domains/de/test/auto/Records.xml
auto.tcl: Setting watchdog for 200 seconds at Tue Jul 16 06:31:35 UTC 2019
6 ms. Memory: 48128K Free: 29504K (61%)
ptolemy.util.test.WatchDog.cancel(): canceling Tue Jul 16 06:31:35 UTC 2019
auto.tcl: Setting watchdog for 200 seconds at Tue Jul 16 06:31:35 UTC 2019
2 ms. Memory: 48128K Free: 29001K (60%)
ptolemy.util.test.WatchDog.cancel(): canceling Tue Jul 16 06:31:35 UTC 2019
------------------ testing $PTII/ptolemy/domains/de/test/auto/ResetTransitionWithStartTime1.xml
auto.tcl: Setting watchdog for 200 seconds at Tue Jul 16 06:31:35 UTC 2019
12 ms. Memory: 48128K Free: 26436K (55%)
ptolemy.util.test.WatchDog.cancel(): canceling Tue Jul 16 06:31:35 UTC 2019
auto.tcl: Setting watchdog for 200 seconds at Tue Jul 16 06:31:35 UTC 2019
6 ms. Memory: 48128K Free: 23921K (50%)
ptolemy.util.test.WatchDog.cancel(): canceling Tue Jul 16 06:31:35 UTC 2019
------------------ testing $PTII/ptolemy/domains/de/test/auto/ResetTransitionWithStartTime2.xml
auto.tcl: Setting watchdog for 200 seconds at Tue Jul 16 06:31:35 UTC 2019
7 ms. Memory: 48128K Free: 26392K (55%)
ptolemy.util.test.WatchDog.cancel(): canceling Tue Jul 16 06:31:35 UTC 2019
auto.tcl: Setting watchdog for 200 seconds at Tue Jul 16 06:31:35 UTC 2019
6 ms. Memory: 48128K Free: 23894K (50%)
ptolemy.util.test.WatchDog.cancel(): canceling Tue Jul 16 06:31:35 UTC 2019
------------------ testing $PTII/ptolemy/domains/de/test/auto/ResetTransitionWithStartTime3.xml
auto.tcl: Setting watchdog for 200 seconds at Tue Jul 16 06:31:35 UTC 2019
9 ms. Memory: 48128K Free: 26391K (55%)
ptolemy.util.test.WatchDog.cancel(): canceling Tue Jul 16 06:31:35 UTC 2019
auto.tcl: Setting watchdog for 200 seconds at Tue Jul 16 06:31:35 UTC 2019
9 ms. Memory: 48128K Free: 23845K (50%)
ptolemy.util.test.WatchDog.cancel(): canceling Tue Jul 16 06:31:35 UTC 2019
------------------ testing $PTII/ptolemy/domains/de/test/auto/ResetTransitionWithStartTime4.xml
auto.tcl: Setting watchdog for 200 seconds at Tue Jul 16 06:31:35 UTC 2019
13 ms. Memory: 48128K Free: 26879K (56%)
ptolemy.util.test.WatchDog.cancel(): canceling Tue Jul 16 06:31:35 UTC 2019
auto.tcl: Setting watchdog for 200 seconds at Tue Jul 16 06:31:35 UTC 2019
5 ms. Memory: 48128K Free: 25477K (53%)
ptolemy.util.test.WatchDog.cancel(): canceling Tue Jul 16 06:31:35 UTC 2019
------------------ testing $PTII/ptolemy/domains/de/test/auto/ResettableTimer1.xml
auto.tcl: Setting watchdog for 200 seconds at Tue Jul 16 06:31:35 UTC 2019
2 ms. Memory: 48128K Free: 30856K (64%)
ptolemy.util.test.WatchDog.cancel(): canceling Tue Jul 16 06:31:35 UTC 2019
auto.tcl: Setting watchdog for 200 seconds at Tue Jul 16 06:31:35 UTC 2019
2 ms. Memory: 48128K Free: 29960K (62%)
ptolemy.util.test.WatchDog.cancel(): canceling Tue Jul 16 06:31:35 UTC 2019
------------------ testing $PTII/ptolemy/domains/de/test/auto/ResettableTimer2.xml
auto.tcl: Setting watchdog for 200 seconds at Tue Jul 16 06:31:35 UTC 2019
2 ms. Memory: 48128K Free: 30662K (64%)
ptolemy.util.test.WatchDog.cancel(): canceling Tue Jul 16 06:31:35 UTC 2019
auto.tcl: Setting watchdog for 200 seconds at Tue Jul 16 06:31:35 UTC 2019
4 ms. Memory: 48128K Free: 29577K (61%)
ptolemy.util.test.WatchDog.cancel(): canceling Tue Jul 16 06:31:35 UTC 2019
------------------ testing $PTII/ptolemy/domains/de/test/auto/ResettableTimer3.xml
auto.tcl: Setting watchdog for 200 seconds at Tue Jul 16 06:31:35 UTC 2019
1 ms. Memory: 48128K Free: 30937K (64%)
ptolemy.util.test.WatchDog.cancel(): canceling Tue Jul 16 06:31:35 UTC 2019
auto.tcl: Setting watchdog for 200 seconds at Tue Jul 16 06:31:35 UTC 2019
1 ms. Memory: 48128K Free: 30056K (62%)
ptolemy.util.test.WatchDog.cancel(): canceling Tue Jul 16 06:31:35 UTC 2019
------------------ testing $PTII/ptolemy/domains/de/test/auto/ResettableTimer4.xml
auto.tcl: Setting watchdog for 200 seconds at Tue Jul 16 06:31:35 UTC 2019
1 ms. Memory: 48128K Free: 31047K (65%)
ptolemy.util.test.WatchDog.cancel(): canceling Tue Jul 16 06:31:35 UTC 2019
auto.tcl: Setting watchdog for 200 seconds at Tue Jul 16 06:31:35 UTC 2019
2 ms. Memory: 48128K Free: 30581K (64%)
ptolemy.util.test.WatchDog.cancel(): canceling Tue Jul 16 06:31:35 UTC 2019
------------------ testing $PTII/ptolemy/domains/de/test/auto/ResettableTimer5.xml
auto.tcl: Setting watchdog for 200 seconds at Tue Jul 16 06:31:36 UTC 2019
1 ms. Memory: 48128K Free: 30021K (62%)
ptolemy.util.test.WatchDog.cancel(): canceling Tue Jul 16 06:31:36 UTC 2019
auto.tcl: Setting watchdog for 200 seconds at Tue Jul 16 06:31:36 UTC 2019
2 ms. Memory: 48128K Free: 29540K (61%)
ptolemy.util.test.WatchDog.cancel(): canceling Tue Jul 16 06:31:36 UTC 2019
------------------ testing $PTII/ptolemy/domains/de/test/auto/ResettableTimer6.xml
auto.tcl: Setting watchdog for 200 seconds at Tue Jul 16 06:31:36 UTC 2019
1 ms. Memory: 48128K Free: 29981K (62%)
ptolemy.util.test.WatchDog.cancel(): canceling Tue Jul 16 06:31:36 UTC 2019
auto.tcl: Setting watchdog for 200 seconds at Tue Jul 16 06:31:36 UTC 2019
2 ms. Memory: 48128K Free: 29501K (61%)
ptolemy.util.test.WatchDog.cancel(): canceling Tue Jul 16 06:31:36 UTC 2019
------------------ testing $PTII/ptolemy/domains/de/test/auto/ServerZeroDelay.xml
auto.tcl: Setting watchdog for 200 seconds at Tue Jul 16 06:31:36 UTC 2019
5 ms. Memory: 48128K Free: 30516K (63%)
ptolemy.util.test.WatchDog.cancel(): canceling Tue Jul 16 06:31:36 UTC 2019
auto.tcl: Setting watchdog for 200 seconds at Tue Jul 16 06:31:36 UTC 2019
3 ms. Memory: 48128K Free: 29588K (61%)
ptolemy.util.test.WatchDog.cancel(): canceling Tue Jul 16 06:31:36 UTC 2019
------------------ testing $PTII/ptolemy/domains/de/test/auto/SmartSender.xml
auto.tcl: Setting watchdog for 200 seconds at Tue Jul 16 06:31:36 UTC 2019
3002 ms. Memory: 48128K Free: 31021K (64%)
ptolemy.util.test.WatchDog.cancel(): canceling Tue Jul 16 06:31:39 UTC 2019
auto.tcl: Setting watchdog for 200 seconds at Tue Jul 16 06:31:39 UTC 2019
3002 ms. Memory: 48128K Free: 30043K (62%)
ptolemy.util.test.WatchDog.cancel(): canceling Tue Jul 16 06:31:42 UTC 2019
------------------ testing $PTII/ptolemy/domains/de/test/auto/ThreadedComposite.xml
auto.tcl: Setting watchdog for 200 seconds at Tue Jul 16 06:31:42 UTC 2019
260 ms. Memory: 48128K Free: 11068K (23%)
ptolemy.util.test.WatchDog.cancel(): canceling Tue Jul 16 06:31:42 UTC 2019
auto.tcl: Setting watchdog for 200 seconds at Tue Jul 16 06:31:42 UTC 2019
140 ms. Memory: 48128K Free: 25433K (53%)
ptolemy.util.test.WatchDog.cancel(): canceling Tue Jul 16 06:31:42 UTC 2019
------------------ testing $PTII/ptolemy/domains/de/test/auto/Time.xml
auto.tcl: Setting watchdog for 200 seconds at Tue Jul 16 06:31:42 UTC 2019
537 ms. Memory: 70656K Free: 52089K (74%)
ptolemy.util.test.WatchDog.cancel(): canceling Tue Jul 16 06:31:43 UTC 2019
auto.tcl: Setting watchdog for 200 seconds at Tue Jul 16 06:31:43 UTC 2019
480 ms. Memory: 70656K Free: 38786K (55%)
ptolemy.util.test.WatchDog.cancel(): canceling Tue Jul 16 06:31:43 UTC 2019
------------------ testing $PTII/ptolemy/domains/de/test/auto/TimeDelayZeroDelay.xml
auto.tcl: Setting watchdog for 200 seconds at Tue Jul 16 06:31:43 UTC 2019
3 ms. Memory: 48128K Free: 30934K (64%)
ptolemy.util.test.WatchDog.cancel(): canceling Tue Jul 16 06:31:43 UTC 2019
auto.tcl: Setting watchdog for 200 seconds at Tue Jul 16 06:31:43 UTC 2019
3 ms. Memory: 48128K Free: 30059K (62%)
ptolemy.util.test.WatchDog.cancel(): canceling Tue Jul 16 06:31:43 UTC 2019
------------------ testing $PTII/ptolemy/domains/de/test/auto/TimerZeroDelay.xml
auto.tcl: Setting watchdog for 200 seconds at Tue Jul 16 06:31:43 UTC 2019
4 ms. Memory: 48128K Free: 30863K (64%)
ptolemy.util.test.WatchDog.cancel(): canceling Tue Jul 16 06:31:43 UTC 2019
auto.tcl: Setting watchdog for 200 seconds at Tue Jul 16 06:31:43 UTC 2019
2 ms. Memory: 48128K Free: 30110K (63%)
ptolemy.util.test.WatchDog.cancel(): canceling Tue Jul 16 06:31:43 UTC 2019
------------------ testing $PTII/ptolemy/domains/de/test/auto/TimingParadox.xml
auto.tcl: Setting watchdog for 200 seconds at Tue Jul 16 06:31:43 UTC 2019
358 ms. Memory: 48128K Free: 15581K (32%)
ptolemy.util.test.WatchDog.cancel(): canceling Tue Jul 16 06:31:44 UTC 2019
auto.tcl: Setting watchdog for 200 seconds at Tue Jul 16 06:31:44 UTC 2019
360 ms. Memory: 48128K Free: 29021K (60%)
ptolemy.util.test.WatchDog.cancel(): canceling Tue Jul 16 06:31:44 UTC 2019
------------------ testing $PTII/ptolemy/domains/de/test/auto/TransferInputs.xml
auto.tcl: Setting watchdog for 200 seconds at Tue Jul 16 06:31:44 UTC 2019
1 ms. Memory: 48128K Free: 28948K (60%)
ptolemy.util.test.WatchDog.cancel(): canceling Tue Jul 16 06:31:44 UTC 2019
auto.tcl: Setting watchdog for 200 seconds at Tue Jul 16 06:31:44 UTC 2019
1 ms. Memory: 48128K Free: 28081K (58%)
ptolemy.util.test.WatchDog.cancel(): canceling Tue Jul 16 06:31:44 UTC 2019
------------------ testing $PTII/ptolemy/domains/de/test/auto/TransferOutputs2.xml
auto.tcl: Setting watchdog for 200 seconds at Tue Jul 16 06:31:44 UTC 2019
3 ms. Memory: 48128K Free: 26391K (55%)
ptolemy.util.test.WatchDog.cancel(): canceling Tue Jul 16 06:31:44 UTC 2019
auto.tcl: Setting watchdog for 200 seconds at Tue Jul 16 06:31:44 UTC 2019
3 ms. Memory: 48128K Free: 25012K (52%)
ptolemy.util.test.WatchDog.cancel(): canceling Tue Jul 16 06:31:45 UTC 2019
------------------ testing $PTII/ptolemy/domains/de/test/auto/Trilateration.xml
auto.tcl: Setting watchdog for 200 seconds at Tue Jul 16 06:31:45 UTC 2019
15869 ms. Memory: 531456K Free: 495992K (93%)
ptolemy.util.test.WatchDog.cancel(): canceling Tue Jul 16 06:32:02 UTC 2019
auto.tcl: Setting watchdog for 200 seconds at Tue Jul 16 06:32:02 UTC 2019
11244 ms. Memory: 531456K Free: 375146K (71%)
ptolemy.util.test.WatchDog.cancel(): canceling Tue Jul 16 06:32:13 UTC 2019
------------------ testing $PTII/ptolemy/domains/de/test/auto/TwoSigmaDelta.xml
auto.tcl: Setting watchdog for 200 seconds at Tue Jul 16 06:32:13 UTC 2019
2811 ms. Memory: 89088K Free: 62451K (70%)
ptolemy.util.test.WatchDog.cancel(): canceling Tue Jul 16 06:32:16 UTC 2019
auto.tcl: Setting watchdog for 200 seconds at Tue Jul 16 06:32:16 UTC 2019
2400 ms. Memory: 89088K Free: 50102K (56%)
ptolemy.util.test.WatchDog.cancel(): canceling Tue Jul 16 06:32:18 UTC 2019
------------------ testing $PTII/ptolemy/domains/de/test/auto/VariableDelay.xml
auto.tcl: Setting watchdog for 200 seconds at Tue Jul 16 06:32:18 UTC 2019
3 ms. Memory: 48128K Free: 29437K (61%)
ptolemy.util.test.WatchDog.cancel(): canceling Tue Jul 16 06:32:18 UTC 2019
auto.tcl: Setting watchdog for 200 seconds at Tue Jul 16 06:32:18 UTC 2019
2 ms. Memory: 48128K Free: 28443K (59%)
ptolemy.util.test.WatchDog.cancel(): canceling Tue Jul 16 06:32:18 UTC 2019
------------------ testing $PTII/ptolemy/domains/de/test/auto/VariableDelay2.xml
auto.tcl: Setting watchdog for 200 seconds at Tue Jul 16 06:32:18 UTC 2019
3 ms. Memory: 48128K Free: 29813K (62%)
ptolemy.util.test.WatchDog.cancel(): canceling Tue Jul 16 06:32:18 UTC 2019
auto.tcl: Setting watchdog for 200 seconds at Tue Jul 16 06:32:18 UTC 2019
2 ms. Memory: 48128K Free: 28855K (60%)
ptolemy.util.test.WatchDog.cancel(): canceling Tue Jul 16 06:32:18 UTC 2019
------------------ testing $PTII/ptolemy/domains/de/test/auto/VariableDelayZeroDelay.xml
auto.tcl: Setting watchdog for 200 seconds at Tue Jul 16 06:32:19 UTC 2019
3 ms. Memory: 48128K Free: 30498K (63%)
ptolemy.util.test.WatchDog.cancel(): canceling Tue Jul 16 06:32:19 UTC 2019
auto.tcl: Setting watchdog for 200 seconds at Tue Jul 16 06:32:19 UTC 2019
2 ms. Memory: 48128K Free: 29863K (62%)
ptolemy.util.test.WatchDog.cancel(): canceling Tue Jul 16 06:32:19 UTC 2019
------------------ testing $PTII/ptolemy/domains/de/test/auto/VariableDelayZeroDelay2.xml
auto.tcl: Setting watchdog for 200 seconds at Tue Jul 16 06:32:19 UTC 2019
4 ms. Memory: 48128K Free: 30376K (63%)
ptolemy.util.test.WatchDog.cancel(): canceling Tue Jul 16 06:32:19 UTC 2019
auto.tcl: Setting watchdog for 200 seconds at Tue Jul 16 06:32:19 UTC 2019
2 ms. Memory: 48128K Free: 29352K (61%)
ptolemy.util.test.WatchDog.cancel(): canceling Tue Jul 16 06:32:19 UTC 2019
------------------ testing $PTII/ptolemy/domains/de/test/auto/deInCt.xml
auto.tcl: Setting watchdog for 200 seconds at Tue Jul 16 06:32:19 UTC 2019
0
1
1
1
0
0
0
1
1
1
0
0
1
1
1
0
0
0
0
1
1
1
0
0
0
1
1
1
0
0
0
1
1
1
0
0
1
1
1
0
0
1
1
1
1
0
0
1
1
1
1
16 ms. Memory: 48128K Free: 29350K (61%)
ptolemy.util.test.WatchDog.cancel(): canceling Tue Jul 16 06:32:19 UTC 2019
auto.tcl: Setting watchdog for 200 seconds at Tue Jul 16 06:32:19 UTC 2019
0
1
1
1
1
0
0
0
0
1
1
0
0
0
1
1
1
1
0
0
0
1
1
1
0
0
1
1
1
0
0
0
0
0
1
1
0
0
0
0
9 ms. Memory: 48128K Free: 27812K (58%)
ptolemy.util.test.WatchDog.cancel(): canceling Tue Jul 16 06:32:19 UTC 2019
------------------ testing $PTII/ptolemy/domains/de/test/auto/deInCt2.xml
auto.tcl: Setting watchdog for 200 seconds at Tue Jul 16 06:32:19 UTC 2019
0
1
1
1
0
0
1
1
1
0
0
1
1
1
0
0
1
1
1
0
0
1
1
1
0
0
1
1
1
0
0
1
1
1
0
0
1
1
1
0
0
0
8 ms. Memory: 48128K Free: 29352K (61%)
ptolemy.util.test.WatchDog.cancel(): canceling Tue Jul 16 06:32:19 UTC 2019
auto.tcl: Setting watchdog for 200 seconds at Tue Jul 16 06:32:19 UTC 2019
0
1
1
1
0
0
1
1
1
0
0
1
1
1
0
0
1
1
1
0
0
1
1
1
0
0
1
1
1
0
0
1
1
1
0
0
1
1
1
0
0
0
8 ms. Memory: 48128K Free: 27815K (58%)
ptolemy.util.test.WatchDog.cancel(): canceling Tue Jul 16 06:32:19 UTC 2019
------------------ testing $PTII/ptolemy/domains/de/test/auto/dynamicCausalityInterface1.xml
auto.tcl: Setting watchdog for 200 seconds at Tue Jul 16 06:32:19 UTC 2019
2 ms. Memory: 48128K Free: 25250K (52%)
ptolemy.util.test.WatchDog.cancel(): canceling Tue Jul 16 06:32:19 UTC 2019
auto.tcl: Setting watchdog for 200 seconds at Tue Jul 16 06:32:19 UTC 2019
1 ms. Memory: 48128K Free: 24736K (51%)
ptolemy.util.test.WatchDog.cancel(): canceling Tue Jul 16 06:32:19 UTC 2019
------------------ testing $PTII/ptolemy/domains/de/test/auto/fsm_de_test.xml
auto.tcl: Setting watchdog for 200 seconds at Tue Jul 16 06:32:19 UTC 2019
8 ms. Memory: 48128K Free: 25148K (52%)
ptolemy.util.test.WatchDog.cancel(): canceling Tue Jul 16 06:32:19 UTC 2019
auto.tcl: Setting watchdog for 200 seconds at Tue Jul 16 06:32:19 UTC 2019
6 ms. Memory: 48128K Free: 23100K (48%)
ptolemy.util.test.WatchDog.cancel(): canceling Tue Jul 16 06:32:19 UTC 2019
------------------ testing $PTII/ptolemy/domains/de/test/auto/functionDependencyReconstruction.xml
auto.tcl: Setting watchdog for 200 seconds at Tue Jul 16 06:32:19 UTC 2019
3 ms. Memory: 48128K Free: 19145K (40%)
ptolemy.util.test.WatchDog.cancel(): canceling Tue Jul 16 06:32:19 UTC 2019
auto.tcl: Setting watchdog for 200 seconds at Tue Jul 16 06:32:19 UTC 2019
3 ms. Memory: 48128K Free: 16946K (35%)
ptolemy.util.test.WatchDog.cancel(): canceling Tue Jul 16 06:32:19 UTC 2019
------------------ testing $PTII/ptolemy/domains/de/test/auto/multirate.xml
auto.tcl: Setting watchdog for 200 seconds at Tue Jul 16 06:32:19 UTC 2019
3 ms. Memory: 48128K Free: 27810K (58%)
ptolemy.util.test.WatchDog.cancel(): canceling Tue Jul 16 06:32:19 UTC 2019
auto.tcl: Setting watchdog for 200 seconds at Tue Jul 16 06:32:19 UTC 2019
4 ms. Memory: 48128K Free: 26099K (54%)
ptolemy.util.test.WatchDog.cancel(): canceling Tue Jul 16 06:32:19 UTC 2019
------------------ testing $PTII/ptolemy/domains/de/test/auto/multirate2.xml
auto.tcl: Setting watchdog for 200 seconds at Tue Jul 16 06:32:19 UTC 2019
3 ms. Memory: 48128K Free: 27777K (58%)
ptolemy.util.test.WatchDog.cancel(): canceling Tue Jul 16 06:32:19 UTC 2019
auto.tcl: Setting watchdog for 200 seconds at Tue Jul 16 06:32:19 UTC 2019
2 ms. Memory: 48128K Free: 26288K (55%)
ptolemy.util.test.WatchDog.cancel(): canceling Tue Jul 16 06:32:19 UTC 2019
------------------ testing $PTII/ptolemy/domains/de/test/auto/realtime.xml
auto.tcl: Setting watchdog for 200 seconds at Tue Jul 16 06:32:19 UTC 2019
10002 ms. Memory: 48128K Free: 30035K (62%)
ptolemy.util.test.WatchDog.cancel(): canceling Tue Jul 16 06:32:29 UTC 2019
auto.tcl: Setting watchdog for 200 seconds at Tue Jul 16 06:32:29 UTC 2019
10001 ms. Memory: 48128K Free: 29328K (61%)
ptolemy.util.test.WatchDog.cancel(): canceling Tue Jul 16 06:32:39 UTC 2019
------------------ testing $PTII/ptolemy/domains/de/test/auto/relationGroup.xml
auto.tcl: Setting watchdog for 200 seconds at Tue Jul 16 06:32:39 UTC 2019
2 ms. Memory: 48128K Free: 31122K (65%)
ptolemy.util.test.WatchDog.cancel(): canceling Tue Jul 16 06:32:39 UTC 2019
auto.tcl: Setting watchdog for 200 seconds at Tue Jul 16 06:32:39 UTC 2019
1 ms. Memory: 48128K Free: 30377K (63%)
ptolemy.util.test.WatchDog.cancel(): canceling Tue Jul 16 06:32:39 UTC 2019
------------------ testing $PTII/ptolemy/domains/de/test/auto/relationGroup2.xml
auto.tcl: Setting watchdog for 200 seconds at Tue Jul 16 06:32:39 UTC 2019
1 ms. Memory: 48128K Free: 31148K (65%)
ptolemy.util.test.WatchDog.cancel(): canceling Tue Jul 16 06:32:39 UTC 2019
auto.tcl: Setting watchdog for 200 seconds at Tue Jul 16 06:32:39 UTC 2019
2 ms. Memory: 48128K Free: 30636K (64%)
ptolemy.util.test.WatchDog.cancel(): canceling Tue Jul 16 06:32:39 UTC 2019
------------------ testing $PTII/ptolemy/domains/de/test/auto/sortWithOpaquePorts.xml
auto.tcl: Setting watchdog for 200 seconds at Tue Jul 16 06:32:39 UTC 2019
1 ms. Memory: 48128K Free: 29883K (62%)
ptolemy.util.test.WatchDog.cancel(): canceling Tue Jul 16 06:32:39 UTC 2019
auto.tcl: Setting watchdog for 200 seconds at Tue Jul 16 06:32:39 UTC 2019
2 ms. Memory: 48128K Free: 28845K (60%)
ptolemy.util.test.WatchDog.cancel(): canceling Tue Jul 16 06:32:39 UTC 2019
------------------ testing $PTII/ptolemy/domains/de/test/auto/transferInputsandOutputs.xml
auto.tcl: Setting watchdog for 200 seconds at Tue Jul 16 06:32:40 UTC 2019
2 ms. Memory: 48128K Free: 27319K (57%)
ptolemy.util.test.WatchDog.cancel(): canceling Tue Jul 16 06:32:40 UTC 2019
auto.tcl: Setting watchdog for 200 seconds at Tue Jul 16 06:32:40 UTC 2019
2 ms. Memory: 48128K Free: 26295K (55%)
ptolemy.util.test.WatchDog.cancel(): canceling Tue Jul 16 06:32:40 UTC 2019
------------------ testing $PTII/ptolemy/domains/de/test/auto/triggerType.xml
auto.tcl: Setting watchdog for 200 seconds at Tue Jul 16 06:32:40 UTC 2019
1 ms. Memory: 48128K Free: 30344K (63%)
ptolemy.util.test.WatchDog.cancel(): canceling Tue Jul 16 06:32:40 UTC 2019
auto.tcl: Setting watchdog for 200 seconds at Tue Jul 16 06:32:40 UTC 2019
1 ms. Memory: 48128K Free: 29320K (61%)
ptolemy.util.test.WatchDog.cancel(): canceling Tue Jul 16 06:32:40 UTC 2019
07/16/19 06:32:40
Failed: 0  Total Tests: 192  ((Passed: 187, Newly Passed: 1)  Known Failed: 5) /home/travis/build/icyphy/ptII/ptolemy/domains/de/test
07/16/19 06:32:40
Failed: 0  Total Tests: 192  ((Passed: 187, Newly Passed: 1)  Known Failed: 5) /home/travis/build/icyphy/ptII/ptolemy/domains/de/test
----------------- testing (KnownFailure) /home/travis/build/icyphy/ptII/ptolemy/domains/de/test/auto/knownFailedTests/DESDFClockTest.xml
2010 ms. Memory: 48128K Free: 23229K (48%)
Known Failure: java.lang.reflect.InvocationTargetException
----------------- testing (KnownFailure) /home/travis/build/icyphy/ptII/ptolemy/domains/de/test/auto/knownFailedTests/DirectFeedback.xml
2 ms. Memory: 48128K Free: 19643K (41%)
Known Failure: java.lang.reflect.InvocationTargetException
----------------- testing (KnownFailure) /home/travis/build/icyphy/ptII/ptolemy/domains/de/test/auto/knownFailedTests/FSMSource.xml
6 ms. Memory: 48128K Free: 11965K (25%)
----------------- testing (KnownFailure) /home/travis/build/icyphy/ptII/ptolemy/domains/de/test/auto/knownFailedTests/HierarchicalModel.xml
2 ms. Memory: 48128K Free: 23198K (48%)
Known Failure: java.lang.reflect.InvocationTargetException
----------------- testing (KnownFailure) /home/travis/build/icyphy/ptII/ptolemy/domains/de/test/auto/knownFailedTests/dependencyLoop.xml
2 ms. Memory: 48128K Free: 7855K (16%)
Known Failure: java.lang.reflect.InvocationTargetException
----------------- testing (KnownFailure) /home/travis/build/icyphy/ptII/ptolemy/domains/de/test/auto/knownFailedTests/dependencyLoop2.xml
3 ms. Memory: 48128K Free: 20234K (42%)
Known Failure: java.lang.reflect.InvocationTargetException
No auto/linux-amd64/*.xml tests in /home/travis/build/icyphy/ptII/ptolemy/domains/de/test
AutoTests.java: About to close Vertx.
AutoTests.java: Vertx closed.

===========================================================================================
----------------- testing Tue Jul 16 06:32:42 UTC 2019 /home/travis/build/icyphy/ptII/ptolemy/domains/de/test/auto/ActorDepthCalculation_actorWithoutPorts.xml
----------------- Instantiating /home/travis/build/icyphy/ptII/ptolemy/domains/de/test/auto/ActorDepthCalculation_actorWithoutPorts.xml
2 ms. Memory: 48128K Free: 13374K (28%)
----------------- Invoking toplevel() on ptolemy.moml.MoMLSimpleApplication@7f40a3a5
----------------- Done invoking toplevel() on ptolemy.moml.MoMLSimpleApplication@7f40a3a5
reloadAllAccessors: .ActorDepthCalculation_actorWithoutPorts

===========================================================================================
----------------- testing Tue Jul 16 06:32:42 UTC 2019 /home/travis/build/icyphy/ptII/ptolemy/domains/de/test/auto/AssemblyLine.xml
----------------- Instantiating /home/travis/build/icyphy/ptII/ptolemy/domains/de/test/auto/AssemblyLine.xml
3 ms. Memory: 48128K Free: 32546K (68%)
----------------- Invoking toplevel() on ptolemy.moml.MoMLSimpleApplication@37d5dbe0
----------------- Done invoking toplevel() on ptolemy.moml.MoMLSimpleApplication@37d5dbe0
reloadAllAccessors: .AssemblyLine

===========================================================================================
----------------- testing Tue Jul 16 06:32:42 UTC 2019 /home/travis/build/icyphy/ptII/ptolemy/domains/de/test/auto/CQBug1.xml
----------------- Instantiating /home/travis/build/icyphy/ptII/ptolemy/domains/de/test/auto/CQBug1.xml
0 ms. Memory: 48128K Free: 29732K (62%)
----------------- Invoking toplevel() on ptolemy.moml.MoMLSimpleApplication@2bef4717
----------------- Done invoking toplevel() on ptolemy.moml.MoMLSimpleApplication@2bef4717
reloadAllAccessors: .CQBug1

===========================================================================================
----------------- testing Tue Jul 16 06:32:42 UTC 2019 /home/travis/build/icyphy/ptII/ptolemy/domains/de/test/auto/CancelFireAt.xml
----------------- Instantiating /home/travis/build/icyphy/ptII/ptolemy/domains/de/test/auto/CancelFireAt.xml
0 ms. Memory: 48128K Free: 27144K (56%)
----------------- Invoking toplevel() on ptolemy.moml.MoMLSimpleApplication@3ab434c8
----------------- Done invoking toplevel() on ptolemy.moml.MoMLSimpleApplication@3ab434c8
reloadAllAccessors: .CancelFireAt

===========================================================================================
----------------- testing Tue Jul 16 06:32:42 UTC 2019 /home/travis/build/icyphy/ptII/ptolemy/domains/de/test/auto/CausalityAndComposabilityAnalysis.xml
----------------- Instantiating /home/travis/build/icyphy/ptII/ptolemy/domains/de/test/auto/CausalityAndComposabilityAnalysis.xml
2 ms. Memory: 48128K Free: 22595K (47%)
----------------- Invoking toplevel() on ptolemy.moml.MoMLSimpleApplication@73c179e8
----------------- Done invoking toplevel() on ptolemy.moml.MoMLSimpleApplication@73c179e8
reloadAllAccessors: .CausalityAndComposabilityAnalysis

===========================================================================================
----------------- testing Tue Jul 16 06:32:42 UTC 2019 /home/travis/build/icyphy/ptII/ptolemy/domains/de/test/auto/CausalityInterface1.xml
----------------- Instantiating /home/travis/build/icyphy/ptII/ptolemy/domains/de/test/auto/CausalityInterface1.xml
6 ms. Memory: 48128K Free: 17743K (37%)
----------------- Invoking toplevel() on ptolemy.moml.MoMLSimpleApplication@24422ba8
----------------- Done invoking toplevel() on ptolemy.moml.MoMLSimpleApplication@24422ba8
reloadAllAccessors: .CausalityInterface1

===========================================================================================
----------------- testing Tue Jul 16 06:32:42 UTC 2019 /home/travis/build/icyphy/ptII/ptolemy/domains/de/test/auto/CausalityInterface15.xml
----------------- Instantiating /home/travis/build/icyphy/ptII/ptolemy/domains/de/test/auto/CausalityInterface15.xml
10 ms. Memory: 48128K Free: 12317K (26%)
----------------- Invoking toplevel() on ptolemy.moml.MoMLSimpleApplication@173ea069
----------------- Done invoking toplevel() on ptolemy.moml.MoMLSimpleApplication@173ea069
reloadAllAccessors: .CausalityInterface15

===========================================================================================
----------------- testing Tue Jul 16 06:32:42 UTC 2019 /home/travis/build/icyphy/ptII/ptolemy/domains/de/test/auto/CausalityInterface2.xml
----------------- Instantiating /home/travis/build/icyphy/ptII/ptolemy/domains/de/test/auto/CausalityInterface2.xml
2 ms. Memory: 48128K Free: 7678K (16%)
[...]
	at ptolemy.actor.Manager.run(Manager.java:1263)
	at ptolemy.actor.Manager$PtolemyRunThread.run(Manager.java:1933)
java.lang.RuntimeException: Execution failed
	at ptolemy.moml.MoMLSimpleApplication$UnloadThread.run(MoMLSimpleApplication.java:402)
Caused by: ptolemy.kernel.util.IllegalActionException: Actor is not ready to fire.  Perhaps UpSample.prefire() returned false? Try debugging the actor by selecting "Listen to Actor".  Also, for SDF check moml for tokenConsumptionRate on input.
  in .DESDFClockTest.Play Bell.Copy1:SDF Director and .DESDFClockTest.Play Bell.UpSample
	at ptolemy.actor.sched.StaticSchedulingDirector.fire(StaticSchedulingDirector.java:227)
	at ptolemy.domains.sdf.kernel.SDFDirector.fire(SDFDirector.java:500)
	at ptolemy.actor.CompositeActor.fire(CompositeActor.java:455)
	at ptolemy.domains.de.kernel.DEDirector._fire(DEDirector.java:1949)
	at ptolemy.domains.de.kernel.DEDirector.fire(DEDirector.java:502)
	at ptolemy.actor.CompositeActor.fire(CompositeActor.java:455)
	at ptolemy.actor.Manager.iterate(Manager.java:851)
	at ptolemy.actor.Manager.execute(Manager.java:369)
	at ptolemy.actor.Manager.run(Manager.java:1263)
	at ptolemy.actor.Manager$PtolemyRunThread.run(Manager.java:1933)
java.lang.reflect.InvocationTargetException
	at java.base/jdk.internal.reflect.NativeConstructorAccessorImpl.newInstance0(Native Method)
	at java.base/jdk.internal.reflect.NativeConstructorAccessorImpl.newInstance(NativeConstructorAccessorImpl.java:62)
	at java.base/jdk.internal.reflect.DelegatingConstructorAccessorImpl.newInstance(DelegatingConstructorAccessorImpl.java:45)
	at java.base/java.lang.reflect.Constructor.newInstance(Constructor.java:490)
	at ptolemy.util.test.junit.AutoKnownFailedTests.RunModel(AutoKnownFailedTests.java:105)
	at java.base/jdk.internal.reflect.NativeMethodAccessorImpl.invoke0(Native Method)
	at java.base/jdk.internal.reflect.NativeMethodAccessorImpl.invoke(NativeMethodAccessorImpl.java:62)
	at java.base/jdk.internal.reflect.DelegatingMethodAccessorImpl.invoke(DelegatingMethodAccessorImpl.java:43)
	at java.base/java.lang.reflect.Method.invoke(Method.java:566)
	at org.junit.runners.model.FrameworkMethod$1.runReflectiveCall(FrameworkMethod.java:44)
	at org.junit.internal.runners.model.ReflectiveCallable.run(ReflectiveCallable.java:15)
	at org.junit.runners.model.FrameworkMethod.invokeExplosively(FrameworkMethod.java:41)
	at junitparams.internal.InvokeParameterisedMethod.evaluate(InvokeParameterisedMethod.java:102)
	at org.junit.internal.runners.statements.FailOnTimeout$1.run(FailOnTimeout.java:28)
Caused by: ptolemy.kernel.util.IllegalActionException: Actor is not ready to fire.  Perhaps UpSample.prefire() returned false? Try debugging the actor by selecting "Listen to Actor".  Also, for SDF check moml for tokenConsumptionRate on input.
  in .DESDFClockTest.Play Bell.Copy1:SDF Director and .DESDFClockTest.Play Bell.UpSample
	at ptolemy.actor.sched.StaticSchedulingDirector.fire(StaticSchedulingDirector.java:227)
	at ptolemy.domains.sdf.kernel.SDFDirector.fire(SDFDirector.java:500)
	at ptolemy.actor.CompositeActor.fire(CompositeActor.java:455)
	at ptolemy.domains.de.kernel.DEDirector._fire(DEDirector.java:1949)
	at ptolemy.domains.de.kernel.DEDirector.fire(DEDirector.java:502)
	at ptolemy.actor.CompositeActor.fire(CompositeActor.java:455)
	at ptolemy.actor.Manager.iterate(Manager.java:851)
	at ptolemy.actor.Manager.execute(Manager.java:369)
	at ptolemy.actor.Manager.run(Manager.java:1263)
	at ptolemy.actor.Manager$PtolemyRunThread.run(Manager.java:1933)
java.lang.RuntimeException: Execution failed
	at ptolemy.moml.MoMLSimpleApplication$UnloadThread.run(MoMLSimpleApplication.java:402)
Caused by: ptolemy.kernel.util.IllegalActionException: Test fails in iteration 1.
Value was: 1.0. Should have been: 2.0
  in .DirectFeedback.Test
	at ptolemy.actor.lib.Test.fire(Test.java:268)
	at ptolemy.domains.de.kernel.DEDirector._fire(DEDirector.java:1949)
	at ptolemy.domains.de.kernel.DEDirector.fire(DEDirector.java:502)
	at ptolemy.actor.CompositeActor.fire(CompositeActor.java:455)
	at ptolemy.actor.Manager.iterate(Manager.java:851)
	at ptolemy.actor.Manager.execute(Manager.java:369)
	at ptolemy.actor.Manager.run(Manager.java:1263)
	at ptolemy.actor.Manager$PtolemyRunThread.run(Manager.java:1933)
java.lang.reflect.InvocationTargetException
	at java.base/jdk.internal.reflect.NativeConstructorAccessorImpl.newInstance0(Native Method)
	at java.base/jdk.internal.reflect.NativeConstructorAccessorImpl.newInstance(NativeConstructorAccessorImpl.java:62)
	at java.base/jdk.internal.reflect.DelegatingConstructorAccessorImpl.newInstance(DelegatingConstructorAccessorImpl.java:45)
	at java.base/java.lang.reflect.Constructor.newInstance(Constructor.java:490)
	at ptolemy.util.test.junit.AutoKnownFailedTests.RunModel(AutoKnownFailedTests.java:105)
	at java.base/jdk.internal.reflect.NativeMethodAccessorImpl.invoke0(Native Method)
	at java.base/jdk.internal.reflect.NativeMethodAccessorImpl.invoke(NativeMethodAccessorImpl.java:62)
	at java.base/jdk.internal.reflect.DelegatingMethodAccessorImpl.invoke(DelegatingMethodAccessorImpl.java:43)
	at java.base/java.lang.reflect.Method.invoke(Method.java:566)
	at org.junit.runners.model.FrameworkMethod$1.runReflectiveCall(FrameworkMethod.java:44)
	at org.junit.internal.runners.model.ReflectiveCallable.run(ReflectiveCallable.java:15)
	at org.junit.runners.model.FrameworkMethod.invokeExplosively(FrameworkMethod.java:41)
	at junitparams.internal.InvokeParameterisedMethod.evaluate(InvokeParameterisedMethod.java:102)
	at org.junit.internal.runners.statements.FailOnTimeout$1.run(FailOnTimeout.java:28)
Caused by: ptolemy.kernel.util.IllegalActionException: Test fails in iteration 1.
Value was: 1.0. Should have been: 2.0
  in .DirectFeedback.Test
	at ptolemy.actor.lib.Test.fire(Test.java:268)
	at ptolemy.domains.de.kernel.DEDirector._fire(DEDirector.java:1949)
	at ptolemy.domains.de.kernel.DEDirector.fire(DEDirector.java:502)
	at ptolemy.actor.CompositeActor.fire(CompositeActor.java:455)
	at ptolemy.actor.Manager.iterate(Manager.java:851)
	at ptolemy.actor.Manager.execute(Manager.java:369)
	at ptolemy.actor.Manager.run(Manager.java:1263)
	at ptolemy.actor.Manager$PtolemyRunThread.run(Manager.java:1933)
java.lang.RuntimeException: Execution failed
	at ptolemy.moml.MoMLSimpleApplication$UnloadThread.run(MoMLSimpleApplication.java:402)
Caused by: ptolemy.kernel.util.IllegalActionException: Found a zero delay loop containing .HierarchicalModel.A
  in .HierarchicalModel and .HierarchicalModel.A
	at ptolemy.actor.util.CausalityInterfaceForComposites._computeOutputPortDepth(CausalityInterfaceForComposites.java:759)
	at ptolemy.actor.util.CausalityInterfaceForComposites._computeInputDepth(CausalityInterfaceForComposites.java:696)
	at ptolemy.actor.util.CausalityInterfaceForComposites._computeOutputPortDepth(CausalityInterfaceForComposites.java:765)
	at ptolemy.actor.util.CausalityInterfaceForComposites._computeInputDepth(CausalityInterfaceForComposites.java:696)
	at ptolemy.actor.util.CausalityInterfaceForComposites._computeOutputPortDepth(CausalityInterfaceForComposites.java:765)
	at ptolemy.actor.util.CausalityInterfaceForComposites._computeInputDepth(CausalityInterfaceForComposites.java:696)
	at ptolemy.actor.util.CausalityInterfaceForComposites._computeActorDepth(CausalityInterfaceForComposites.java:532)
	at ptolemy.actor.util.CausalityInterfaceForComposites.checkForCycles(CausalityInterfaceForComposites.java:96)
	at ptolemy.domains.de.kernel.DEDirector.preinitialize(DEDirector.java:1338)
	at ptolemy.actor.CompositeActor.preinitialize(CompositeActor.java:1828)
	at ptolemy.actor.Manager.preinitializeAndResolveTypes(Manager.java:1040)
	at ptolemy.actor.Manager.initialize(Manager.java:710)
	at ptolemy.actor.Manager.execute(Manager.java:356)
	at ptolemy.actor.Manager.run(Manager.java:1263)
	at ptolemy.actor.Manager$PtolemyRunThread.run(Manager.java:1933)
java.lang.reflect.InvocationTargetException
	at java.base/jdk.internal.reflect.NativeConstructorAccessorImpl.newInstance0(Native Method)
	at java.base/jdk.internal.reflect.NativeConstructorAccessorImpl.newInstance(NativeConstructorAccessorImpl.java:62)
	at java.base/jdk.internal.reflect.DelegatingConstructorAccessorImpl.newInstance(DelegatingConstructorAccessorImpl.java:45)
	at java.base/java.lang.reflect.Constructor.newInstance(Constructor.java:490)
	at ptolemy.util.test.junit.AutoKnownFailedTests.RunModel(AutoKnownFailedTests.java:105)
	at java.base/jdk.internal.reflect.NativeMethodAccessorImpl.invoke0(Native Method)
	at java.base/jdk.internal.reflect.NativeMethodAccessorImpl.invoke(NativeMethodAccessorImpl.java:62)
	at java.base/jdk.internal.reflect.DelegatingMethodAccessorImpl.invoke(DelegatingMethodAccessorImpl.java:43)
	at java.base/java.lang.reflect.Method.invoke(Method.java:566)
	at org.junit.runners.model.FrameworkMethod$1.runReflectiveCall(FrameworkMethod.java:44)
	at org.junit.internal.runners.model.ReflectiveCallable.run(ReflectiveCallable.java:15)
	at org.junit.runners.model.FrameworkMethod.invokeExplosively(FrameworkMethod.java:41)
	at junitparams.internal.InvokeParameterisedMethod.evaluate(InvokeParameterisedMethod.java:102)
	at org.junit.internal.runners.statements.FailOnTimeout$1.run(FailOnTimeout.java:28)
Caused by: ptolemy.kernel.util.IllegalActionException: Found a zero delay loop containing .HierarchicalModel.A
  in .HierarchicalModel and .HierarchicalModel.A
	at ptolemy.actor.util.CausalityInterfaceForComposites._computeOutputPortDepth(CausalityInterfaceForComposites.java:759)
	at ptolemy.actor.util.CausalityInterfaceForComposites._computeInputDepth(CausalityInterfaceForComposites.java:696)
	at ptolemy.actor.util.CausalityInterfaceForComposites._computeOutputPortDepth(CausalityInterfaceForComposites.java:765)
	at ptolemy.actor.util.CausalityInterfaceForComposites._computeInputDepth(CausalityInterfaceForComposites.java:696)
	at ptolemy.actor.util.CausalityInterfaceForComposites._computeOutputPortDepth(CausalityInterfaceForComposites.java:765)
	at ptolemy.actor.util.CausalityInterfaceForComposites._computeInputDepth(CausalityInterfaceForComposites.java:696)
	at ptolemy.actor.util.CausalityInterfaceForComposites._computeActorDepth(CausalityInterfaceForComposites.java:532)
	at ptolemy.actor.util.CausalityInterfaceForComposites.checkForCycles(CausalityInterfaceForComposites.java:96)
	at ptolemy.domains.de.kernel.DEDirector.preinitialize(DEDirector.java:1338)
	at ptolemy.actor.CompositeActor.preinitialize(CompositeActor.java:1828)
	at ptolemy.actor.Manager.preinitializeAndResolveTypes(Manager.java:1040)
	at ptolemy.actor.Manager.initialize(Manager.java:710)
	at ptolemy.actor.Manager.execute(Manager.java:356)
	at ptolemy.actor.Manager.run(Manager.java:1263)
	at ptolemy.actor.Manager$PtolemyRunThread.run(Manager.java:1933)
java.lang.RuntimeException: Execution failed
	at ptolemy.moml.MoMLSimpleApplication$UnloadThread.run(MoMLSimpleApplication.java:402)
Caused by: ptolemy.kernel.util.IllegalActionException: Found a zero delay loop containing .dependencyLoop.original
  in .dependencyLoop and .dependencyLoop.original
	at ptolemy.actor.util.CausalityInterfaceForComposites._computeOutputPortDepth(CausalityInterfaceForComposites.java:759)
	at ptolemy.actor.util.CausalityInterfaceForComposites._computeInputDepth(CausalityInterfaceForComposites.java:696)
	at ptolemy.actor.util.CausalityInterfaceForComposites._computeOutputPortDepth(CausalityInterfaceForComposites.java:765)
	at ptolemy.actor.util.CausalityInterfaceForComposites._computeInputDepth(CausalityInterfaceForComposites.java:696)
	at ptolemy.actor.util.CausalityInterfaceForComposites._computeOutputPortDepth(CausalityInterfaceForComposites.java:765)
	at ptolemy.actor.util.CausalityInterfaceForComposites._computeInputDepth(CausalityInterfaceForComposites.java:696)
	at ptolemy.actor.util.CausalityInterfaceForComposites._computeActorDepth(CausalityInterfaceForComposites.java:532)
	at ptolemy.actor.util.CausalityInterfaceForComposites.checkForCycles(CausalityInterfaceForComposites.java:96)
	at ptolemy.domains.de.kernel.DEDirector.preinitialize(DEDirector.java:1338)
	at ptolemy.actor.CompositeActor.preinitialize(CompositeActor.java:1828)
	at ptolemy.actor.Manager.preinitializeAndResolveTypes(Manager.java:1040)
	at ptolemy.actor.Manager.initialize(Manager.java:710)
	at ptolemy.actor.Manager.execute(Manager.java:356)
	at ptolemy.actor.Manager.run(Manager.java:1263)
	at ptolemy.actor.Manager$PtolemyRunThread.run(Manager.java:1933)
java.lang.reflect.InvocationTargetException
	at java.base/jdk.internal.reflect.NativeConstructorAccessorImpl.newInstance0(Native Method)
	at java.base/jdk.internal.reflect.NativeConstructorAccessorImpl.newInstance(NativeConstructorAccessorImpl.java:62)
	at java.base/jdk.internal.reflect.DelegatingConstructorAccessorImpl.newInstance(DelegatingConstructorAccessorImpl.java:45)
	at java.base/java.lang.reflect.Constructor.newInstance(Constructor.java:490)
	at ptolemy.util.test.junit.AutoKnownFailedTests.RunModel(AutoKnownFailedTests.java:105)
	at java.base/jdk.internal.reflect.NativeMethodAccessorImpl.invoke0(Native Method)
	at java.base/jdk.internal.reflect.NativeMethodAccessorImpl.invoke(NativeMethodAccessorImpl.java:62)
	at java.base/jdk.internal.reflect.DelegatingMethodAccessorImpl.invoke(DelegatingMethodAccessorImpl.java:43)
	at java.base/java.lang.reflect.Method.invoke(Method.java:566)
	at org.junit.runners.model.FrameworkMethod$1.runReflectiveCall(FrameworkMethod.java:44)
	at org.junit.internal.runners.model.ReflectiveCallable.run(ReflectiveCallable.java:15)
	at org.junit.runners.model.FrameworkMethod.invokeExplosively(FrameworkMethod.java:41)
	at junitparams.internal.InvokeParameterisedMethod.evaluate(InvokeParameterisedMethod.java:102)
	at org.junit.internal.runners.statements.FailOnTimeout$1.run(FailOnTimeout.java:28)
Caused by: ptolemy.kernel.util.IllegalActionException: Found a zero delay loop containing .dependencyLoop.original
  in .dependencyLoop and .dependencyLoop.original
	at ptolemy.actor.util.CausalityInterfaceForComposites._computeOutputPortDepth(CausalityInterfaceForComposites.java:759)
	at ptolemy.actor.util.CausalityInterfaceForComposites._computeInputDepth(CausalityInterfaceForComposites.java:696)
	at ptolemy.actor.util.CausalityInterfaceForComposites._computeOutputPortDepth(CausalityInterfaceForComposites.java:765)
	at ptolemy.actor.util.CausalityInterfaceForComposites._computeInputDepth(CausalityInterfaceForComposites.java:696)
	at ptolemy.actor.util.CausalityInterfaceForComposites._computeOutputPortDepth(CausalityInterfaceForComposites.java:765)
	at ptolemy.actor.util.CausalityInterfaceForComposites._computeInputDepth(CausalityInterfaceForComposites.java:696)
	at ptolemy.actor.util.CausalityInterfaceForComposites._computeActorDepth(CausalityInterfaceForComposites.java:532)
	at ptolemy.actor.util.CausalityInterfaceForComposites.checkForCycles(CausalityInterfaceForComposites.java:96)
	at ptolemy.domains.de.kernel.DEDirector.preinitialize(DEDirector.java:1338)
	at ptolemy.actor.CompositeActor.preinitialize(CompositeActor.java:1828)
	at ptolemy.actor.Manager.preinitializeAndResolveTypes(Manager.java:1040)
	at ptolemy.actor.Manager.initialize(Manager.java:710)
	at ptolemy.actor.Manager.execute(Manager.java:356)
	at ptolemy.actor.Manager.run(Manager.java:1263)
	at ptolemy.actor.Manager$PtolemyRunThread.run(Manager.java:1933)
java.lang.RuntimeException: Execution failed
	at ptolemy.moml.MoMLSimpleApplication$UnloadThread.run(MoMLSimpleApplication.java:402)
Caused by: ptolemy.kernel.util.IllegalActionException: Found a zero delay loop containing .dependencyLoop2.original
  in .dependencyLoop2 and .dependencyLoop2.original
	at ptolemy.actor.util.CausalityInterfaceForComposites._computeOutputPortDepth(CausalityInterfaceForComposites.java:759)
	at ptolemy.actor.util.CausalityInterfaceForComposites._computeInputDepth(CausalityInterfaceForComposites.java:696)
	at ptolemy.actor.util.CausalityInterfaceForComposites._computeOutputPortDepth(CausalityInterfaceForComposites.java:765)
	at ptolemy.actor.util.CausalityInterfaceForComposites._computeInputDepth(CausalityInterfaceForComposites.java:696)
	at ptolemy.actor.util.CausalityInterfaceForComposites._computeOutputPortDepth(CausalityInterfaceForComposites.java:765)
	at ptolemy.actor.util.CausalityInterfaceForComposites._computeInputDepth(CausalityInterfaceForComposites.java:696)
	at ptolemy.actor.util.CausalityInterfaceForComposites._computeActorDepth(CausalityInterfaceForComposites.java:532)
	at ptolemy.actor.util.CausalityInterfaceForComposites.checkForCycles(CausalityInterfaceForComposites.java:96)
	at ptolemy.domains.de.kernel.DEDirector.preinitialize(DEDirector.java:1338)
	at ptolemy.actor.CompositeActor.preinitialize(CompositeActor.java:1828)
	at ptolemy.actor.Manager.preinitializeAndResolveTypes(Manager.java:1040)
	at ptolemy.actor.Manager.initialize(Manager.java:710)
	at ptolemy.actor.Manager.execute(Manager.java:356)
	at ptolemy.actor.Manager.run(Manager.java:1263)
	at ptolemy.actor.Manager$PtolemyRunThread.run(Manager.java:1933)
java.lang.reflect.InvocationTargetException
	at java.base/jdk.internal.reflect.NativeConstructorAccessorImpl.newInstance0(Native Method)
	at java.base/jdk.internal.reflect.NativeConstructorAccessorImpl.newInstance(NativeConstructorAccessorImpl.java:62)
	at java.base/jdk.internal.reflect.DelegatingConstructorAccessorImpl.newInstance(DelegatingConstructorAccessorImpl.java:45)
	at java.base/java.lang.reflect.Constructor.newInstance(Constructor.java:490)
	at ptolemy.util.test.junit.AutoKnownFailedTests.RunModel(AutoKnownFailedTests.java:105)
	at java.base/jdk.internal.reflect.NativeMethodAccessorImpl.invoke0(Native Method)
	at java.base/jdk.internal.reflect.NativeMethodAccessorImpl.invoke(NativeMethodAccessorImpl.java:62)
	at java.base/jdk.internal.reflect.DelegatingMethodAccessorImpl.invoke(DelegatingMethodAccessorImpl.java:43)
	at java.base/java.lang.reflect.Method.invoke(Method.java:566)
	at org.junit.runners.model.FrameworkMethod$1.runReflectiveCall(FrameworkMethod.java:44)
	at org.junit.internal.runners.model.ReflectiveCallable.run(ReflectiveCallable.java:15)
	at org.junit.runners.model.FrameworkMethod.invokeExplosively(FrameworkMethod.java:41)
	at junitparams.internal.InvokeParameterisedMethod.evaluate(InvokeParameterisedMethod.java:102)
	at org.junit.internal.runners.statements.FailOnTimeout$1.run(FailOnTimeout.java:28)
Caused by: ptolemy.kernel.util.IllegalActionException: Found a zero delay loop containing .dependencyLoop2.original
  in .dependencyLoop2 and .dependencyLoop2.original
	at ptolemy.actor.util.CausalityInterfaceForComposites._computeOutputPortDepth(CausalityInterfaceForComposites.java:759)
	at ptolemy.actor.util.CausalityInterfaceForComposites._computeInputDepth(CausalityInterfaceForComposites.java:696)
	at ptolemy.actor.util.CausalityInterfaceForComposites._computeOutputPortDepth(CausalityInterfaceForComposites.java:765)
	at ptolemy.actor.util.CausalityInterfaceForComposites._computeInputDepth(CausalityInterfaceForComposites.java:696)
	at ptolemy.actor.util.CausalityInterfaceForComposites._computeOutputPortDepth(CausalityInterfaceForComposites.java:765)
	at ptolemy.actor.util.CausalityInterfaceForComposites._computeInputDepth(CausalityInterfaceForComposites.java:696)
	at ptolemy.actor.util.CausalityInterfaceForComposites._computeActorDepth(CausalityInterfaceForComposites.java:532)
	at ptolemy.actor.util.CausalityInterfaceForComposites.checkForCycles(CausalityInterfaceForComposites.java:96)
	at ptolemy.domains.de.kernel.DEDirector.preinitialize(DEDirector.java:1338)
	at ptolemy.actor.CompositeActor.preinitialize(CompositeActor.java:1828)
	at ptolemy.actor.Manager.preinitializeAndResolveTypes(Manager.java:1040)
	at ptolemy.actor.Manager.initialize(Manager.java:710)
	at ptolemy.actor.Manager.execute(Manager.java:356)
	at ptolemy.actor.Manager.run(Manager.java:1263)
	at ptolemy.actor.Manager$PtolemyRunThread.run(Manager.java:1933)
]]></system-err>
</testsuite>
