<?xml version="1.0" encoding="UTF-8" ?>
<testsuite errors="0" failures="0" hostname="travis-job-10f0f5b1-022b-422b-a48c-2540de1d15c3" name="ptolemy.domains.de.test.junit.JUnitTclTest" skipped="0" tests="101" time="139.679" timestamp="2019-09-28T05:46:21">
  <properties>
[...]
</properties>
  <testcase classname="ptolemy.util.test.junit.TclTests" name="[0] /home/travis/build/icyphy/ptII/ptolemy/domains/de/test/DependencyLoop.tcl (RunTclFile)" time="1.094" />
  <testcase classname="ptolemy.util.test.junit.TclTests" name="[1] /home/travis/build/icyphy/ptII/ptolemy/domains/de/test/RunDETestsAsQSS.tcl (RunTclFile)" time="94.92" />
  <testcase classname="ptolemy.util.test.junit.AutoKnownFailedTests" name="[0] /home/travis/build/icyphy/ptII/ptolemy/domains/de/test/auto/knownFailedTests/DESDFClockTest.xml (RunModel)" time="2.05" />
  <testcase classname="ptolemy.util.test.junit.AutoKnownFailedTests" name="[1] /home/travis/build/icyphy/ptII/ptolemy/domains/de/test/auto/knownFailedTests/DirectFeedback.xml (RunModel)" time="0.021" />
  <testcase classname="ptolemy.util.test.junit.AutoKnownFailedTests" name="[2] /home/travis/build/icyphy/ptII/ptolemy/domains/de/test/auto/knownFailedTests/FSMSource.xml (RunModel)" time="0.045" />
  <testcase classname="ptolemy.util.test.junit.AutoKnownFailedTests" name="[3] /home/travis/build/icyphy/ptII/ptolemy/domains/de/test/auto/knownFailedTests/HierarchicalModel.xml (RunModel)" time="0.044" />
  <testcase classname="ptolemy.util.test.junit.AutoKnownFailedTests" name="[4] /home/travis/build/icyphy/ptII/ptolemy/domains/de/test/auto/knownFailedTests/dependencyLoop.xml (RunModel)" time="0.05" />
  <testcase classname="ptolemy.util.test.junit.AutoKnownFailedTests" name="[5] /home/travis/build/icyphy/ptII/ptolemy/domains/de/test/auto/knownFailedTests/dependencyLoop2.xml (RunModel)" time="0.034" />
  <testcase classname="ptolemy.util.test.junit.AutoNameArchTests" name="[0] ThereAreNoAutoArchTests (RunModel)" time="0.005" />
  <testcase classname="ptolemy.util.test.junit.AutoTests" name="[0] /home/travis/build/icyphy/ptII/ptolemy/domains/de/test/auto/ActorDepthCalculation_actorWithoutPorts.xml (RunModel)" time="0.025" />
  <testcase classname="ptolemy.util.test.junit.AutoTests" name="[1] /home/travis/build/icyphy/ptII/ptolemy/domains/de/test/auto/AssemblyLine.xml (RunModel)" time="0.025" />
  <testcase classname="ptolemy.util.test.junit.AutoTests" name="[2] /home/travis/build/icyphy/ptII/ptolemy/domains/de/test/auto/CQBug1.xml (RunModel)" time="0.012" />
  <testcase classname="ptolemy.util.test.junit.AutoTests" name="[3] /home/travis/build/icyphy/ptII/ptolemy/domains/de/test/auto/CancelFireAt.xml (RunModel)" time="0.022" />
  <testcase classname="ptolemy.util.test.junit.AutoTests" name="[4] /home/travis/build/icyphy/ptII/ptolemy/domains/de/test/auto/CausalityAndComposabilityAnalysis.xml (RunModel)" time="0.024" />
  <testcase classname="ptolemy.util.test.junit.AutoTests" name="[5] /home/travis/build/icyphy/ptII/ptolemy/domains/de/test/auto/CausalityInterface1.xml (RunModel)" time="0.017" />
  <testcase classname="ptolemy.util.test.junit.AutoTests" name="[6] /home/travis/build/icyphy/ptII/ptolemy/domains/de/test/auto/CausalityInterface15.xml (RunModel)" time="0.016" />
  <testcase classname="ptolemy.util.test.junit.AutoTests" name="[7] /home/travis/build/icyphy/ptII/ptolemy/domains/de/test/auto/CausalityInterface2.xml (RunModel)" time="0.016" />
  <testcase classname="ptolemy.util.test.junit.AutoTests" name="[8] /home/travis/build/icyphy/ptII/ptolemy/domains/de/test/auto/CausalityInterface3.xml (RunModel)" time="0.014" />
  <testcase classname="ptolemy.util.test.junit.AutoTests" name="[9] /home/travis/build/icyphy/ptII/ptolemy/domains/de/test/auto/ClockDrift.xml (RunModel)" time="0.042" />
  <testcase classname="ptolemy.util.test.junit.AutoTests" name="[10] /home/travis/build/icyphy/ptII/ptolemy/domains/de/test/auto/ClockDriftAndValueChange.xml (RunModel)" time="0.038" />
  <testcase classname="ptolemy.util.test.junit.AutoTests" name="[11] /home/travis/build/icyphy/ptII/ptolemy/domains/de/test/auto/ClockDriftChange.xml (RunModel)" time="0.036" />
  <testcase classname="ptolemy.util.test.junit.AutoTests" name="[12] /home/travis/build/icyphy/ptII/ptolemy/domains/de/test/auto/ComposableCausalityAnalysis.xml (RunModel)" time="0.016" />
  <testcase classname="ptolemy.util.test.junit.AutoTests" name="[13] /home/travis/build/icyphy/ptII/ptolemy/domains/de/test/auto/DEFixedPointLimitation.xml (RunModel)" time="0.014" />
  <testcase classname="ptolemy.util.test.junit.AutoTests" name="[14] /home/travis/build/icyphy/ptII/ptolemy/domains/de/test/auto/DEScheduleTest.xml (RunModel)" time="0.016" />
  <testcase classname="ptolemy.util.test.junit.AutoTests" name="[15] /home/travis/build/icyphy/ptII/ptolemy/domains/de/test/auto/DEinDEwithStartTimes.xml (RunModel)" time="0.015" />
  <testcase classname="ptolemy.util.test.junit.AutoTests" name="[16] /home/travis/build/icyphy/ptII/ptolemy/domains/de/test/auto/DEinDEwithStartTimes2.xml (RunModel)" time="0.019" />
  <testcase classname="ptolemy.util.test.junit.AutoTests" name="[17] /home/travis/build/icyphy/ptII/ptolemy/domains/de/test/auto/DateDemo.xml (RunModel)" time="0.035" />
  <testcase classname="ptolemy.util.test.junit.AutoTests" name="[18] /home/travis/build/icyphy/ptII/ptolemy/domains/de/test/auto/DateToEvent.xml (RunModel)" time="2.044" />
  <testcase classname="ptolemy.util.test.junit.AutoTests" name="[19] /home/travis/build/icyphy/ptII/ptolemy/domains/de/test/auto/DepthTest1.xml (RunModel)" time="0.01" />
  <testcase classname="ptolemy.util.test.junit.AutoTests" name="[20] /home/travis/build/icyphy/ptII/ptolemy/domains/de/test/auto/DepthTest2.xml (RunModel)" time="0.032" />
  <testcase classname="ptolemy.util.test.junit.AutoTests" name="[21] /home/travis/build/icyphy/ptII/ptolemy/domains/de/test/auto/DepthTest3.xml (RunModel)" time="0.011" />
  <testcase classname="ptolemy.util.test.junit.AutoTests" name="[22] /home/travis/build/icyphy/ptII/ptolemy/domains/de/test/auto/DepthTest4.xml (RunModel)" time="0.023" />
  <testcase classname="ptolemy.util.test.junit.AutoTests" name="[23] /home/travis/build/icyphy/ptII/ptolemy/domains/de/test/auto/DepthTest5.xml (RunModel)" time="0.02" />
  <testcase classname="ptolemy.util.test.junit.AutoTests" name="[24] /home/travis/build/icyphy/ptII/ptolemy/domains/de/test/auto/DepthTest6.xml (RunModel)" time="0.018" />
  <testcase classname="ptolemy.util.test.junit.AutoTests" name="[25] /home/travis/build/icyphy/ptII/ptolemy/domains/de/test/auto/DepthTest7.xml (RunModel)" time="0.017" />
  <testcase classname="ptolemy.util.test.junit.AutoTests" name="[26] /home/travis/build/icyphy/ptII/ptolemy/domains/de/test/auto/EventToDate.xml (RunModel)" time="3.05" />
  <testcase classname="ptolemy.util.test.junit.AutoTests" name="[27] /home/travis/build/icyphy/ptII/ptolemy/domains/de/test/auto/FSM1.xml (RunModel)" time="0.046" />
  <testcase classname="ptolemy.util.test.junit.AutoTests" name="[28] /home/travis/build/icyphy/ptII/ptolemy/domains/de/test/auto/FSM7.xml (RunModel)" time="0.042" />
  <testcase classname="ptolemy.util.test.junit.AutoTests" name="[29] /home/travis/build/icyphy/ptII/ptolemy/domains/de/test/auto/Inspection.xml (RunModel)" time="0.054" />
  <testcase classname="ptolemy.util.test.junit.AutoTests" name="[30] /home/travis/build/icyphy/ptII/ptolemy/domains/de/test/auto/Iteration.xml (RunModel)" time="0.031" />
  <testcase classname="ptolemy.util.test.junit.AutoTests" name="[31] /home/travis/build/icyphy/ptII/ptolemy/domains/de/test/auto/LineFault.xml (RunModel)" time="0.707" />
  <testcase classname="ptolemy.util.test.junit.AutoTests" name="[32] /home/travis/build/icyphy/ptII/ptolemy/domains/de/test/auto/MergeModel1Add.xml (RunModel)" time="0.055" />
  <testcase classname="ptolemy.util.test.junit.AutoTests" name="[33] /home/travis/build/icyphy/ptII/ptolemy/domains/de/test/auto/MergeModel2Add.xml (RunModel)" time="0.042" />
  <testcase classname="ptolemy.util.test.junit.AutoTests" name="[34] /home/travis/build/icyphy/ptII/ptolemy/domains/de/test/auto/MergeModel3Add.xml (RunModel)" time="0.048" />
  <testcase classname="ptolemy.util.test.junit.AutoTests" name="[35] /home/travis/build/icyphy/ptII/ptolemy/domains/de/test/auto/MergeWithoutDiscard.xml (RunModel)" time="0.015" />
  <testcase classname="ptolemy.util.test.junit.AutoTests" name="[36] /home/travis/build/icyphy/ptII/ptolemy/domains/de/test/auto/Modal1.xml (RunModel)" time="0.032" />
  <testcase classname="ptolemy.util.test.junit.AutoTests" name="[37] /home/travis/build/icyphy/ptII/ptolemy/domains/de/test/auto/Modal2.xml (RunModel)" time="0.032" />
  <testcase classname="ptolemy.util.test.junit.AutoTests" name="[38] /home/travis/build/icyphy/ptII/ptolemy/domains/de/test/auto/Modal3.xml (RunModel)" time="0.034" />
  <testcase classname="ptolemy.util.test.junit.AutoTests" name="[39] /home/travis/build/icyphy/ptII/ptolemy/domains/de/test/auto/Modal4.xml (RunModel)" time="0.035" />
  <testcase classname="ptolemy.util.test.junit.AutoTests" name="[40] /home/travis/build/icyphy/ptII/ptolemy/domains/de/test/auto/Modal5.xml (RunModel)" time="0.036" />
  <testcase classname="ptolemy.util.test.junit.AutoTests" name="[41] /home/travis/build/icyphy/ptII/ptolemy/domains/de/test/auto/Modal6.xml (RunModel)" time="0.026" />
  <testcase classname="ptolemy.util.test.junit.AutoTests" name="[42] /home/travis/build/icyphy/ptII/ptolemy/domains/de/test/auto/Modal7.xml (RunModel)" time="0.035" />
  <testcase classname="ptolemy.util.test.junit.AutoTests" name="[43] /home/travis/build/icyphy/ptII/ptolemy/domains/de/test/auto/ModalModel.xml (RunModel)" time="0.176" />
  <testcase classname="ptolemy.util.test.junit.AutoTests" name="[44] /home/travis/build/icyphy/ptII/ptolemy/domains/de/test/auto/ModalSource.xml (RunModel)" time="0.021" />
  <testcase classname="ptolemy.util.test.junit.AutoTests" name="[45] /home/travis/build/icyphy/ptII/ptolemy/domains/de/test/auto/NonInterruptibleTimerZeroDelay.xml (RunModel)" time="0.009" />
  <testcase classname="ptolemy.util.test.junit.AutoTests" name="[46] /home/travis/build/icyphy/ptII/ptolemy/domains/de/test/auto/OpenQueueingNetwork.xml (RunModel)" time="2.629" />
  <testcase classname="ptolemy.util.test.junit.AutoTests" name="[47] /home/travis/build/icyphy/ptII/ptolemy/domains/de/test/auto/OpenQueuingNetwork.xml (RunModel)" time="0.292" />
  <testcase classname="ptolemy.util.test.junit.AutoTests" name="[48] /home/travis/build/icyphy/ptII/ptolemy/domains/de/test/auto/PeriodicSampler.xml (RunModel)" time="0.011" />
  <testcase classname="ptolemy.util.test.junit.AutoTests" name="[49] /home/travis/build/icyphy/ptII/ptolemy/domains/de/test/auto/PersistentIO.xml (RunModel)" time="0.041" />
  <testcase classname="ptolemy.util.test.junit.AutoTests" name="[50] /home/travis/build/icyphy/ptII/ptolemy/domains/de/test/auto/PortParameterResetOnInitialize.xml (RunModel)" time="0.026" />
  <testcase classname="ptolemy.util.test.junit.AutoTests" name="[51] /home/travis/build/icyphy/ptII/ptolemy/domains/de/test/auto/PortParameterUpdates.xml (RunModel)" time="0.016" />
  <testcase classname="ptolemy.util.test.junit.AutoTests" name="[52] /home/travis/build/icyphy/ptII/ptolemy/domains/de/test/auto/QueueAndServer.xml (RunModel)" time="0.022" />
  <testcase classname="ptolemy.util.test.junit.AutoTests" name="[53] /home/travis/build/icyphy/ptII/ptolemy/domains/de/test/auto/Records.xml (RunModel)" time="0.027" />
  <testcase classname="ptolemy.util.test.junit.AutoTests" name="[54] /home/travis/build/icyphy/ptII/ptolemy/domains/de/test/auto/ResetTransitionWithStartTime1.xml (RunModel)" time="0.018" />
  <testcase classname="ptolemy.util.test.junit.AutoTests" name="[55] /home/travis/build/icyphy/ptII/ptolemy/domains/de/test/auto/ResetTransitionWithStartTime2.xml (RunModel)" time="0.021" />
  <testcase classname="ptolemy.util.test.junit.AutoTests" name="[56] /home/travis/build/icyphy/ptII/ptolemy/domains/de/test/auto/ResetTransitionWithStartTime3.xml (RunModel)" time="0.019" />
  <testcase classname="ptolemy.util.test.junit.AutoTests" name="[57] /home/travis/build/icyphy/ptII/ptolemy/domains/de/test/auto/ResetTransitionWithStartTime4.xml (RunModel)" time="0.019" />
  <testcase classname="ptolemy.util.test.junit.AutoTests" name="[58] /home/travis/build/icyphy/ptII/ptolemy/domains/de/test/auto/ResettableTimer1.xml (RunModel)" time="0.01" />
  <testcase classname="ptolemy.util.test.junit.AutoTests" name="[59] /home/travis/build/icyphy/ptII/ptolemy/domains/de/test/auto/ResettableTimer2.xml (RunModel)" time="0.009" />
  <testcase classname="ptolemy.util.test.junit.AutoTests" name="[60] /home/travis/build/icyphy/ptII/ptolemy/domains/de/test/auto/ResettableTimer3.xml (RunModel)" time="0.009" />
  <testcase classname="ptolemy.util.test.junit.AutoTests" name="[61] /home/travis/build/icyphy/ptII/ptolemy/domains/de/test/auto/ResettableTimer4.xml (RunModel)" time="0.014" />
  <testcase classname="ptolemy.util.test.junit.AutoTests" name="[62] /home/travis/build/icyphy/ptII/ptolemy/domains/de/test/auto/ResettableTimer5.xml (RunModel)" time="0.01" />
  <testcase classname="ptolemy.util.test.junit.AutoTests" name="[63] /home/travis/build/icyphy/ptII/ptolemy/domains/de/test/auto/ResettableTimer6.xml (RunModel)" time="0.026" />
  <testcase classname="ptolemy.util.test.junit.AutoTests" name="[64] /home/travis/build/icyphy/ptII/ptolemy/domains/de/test/auto/ServerZeroDelay.xml (RunModel)" time="0.011" />
  <testcase classname="ptolemy.util.test.junit.AutoTests" name="[65] /home/travis/build/icyphy/ptII/ptolemy/domains/de/test/auto/SmartSender.xml (RunModel)" time="3.011" />
  <testcase classname="ptolemy.util.test.junit.AutoTests" name="[66] /home/travis/build/icyphy/ptII/ptolemy/domains/de/test/auto/ThreadedComposite.xml (RunModel)" time="0.201" />
  <testcase classname="ptolemy.util.test.junit.AutoTests" name="[67] /home/travis/build/icyphy/ptII/ptolemy/domains/de/test/auto/Time.xml (RunModel)" time="0.476" />
  <testcase classname="ptolemy.util.test.junit.AutoTests" name="[68] /home/travis/build/icyphy/ptII/ptolemy/domains/de/test/auto/TimeDelayZeroDelay.xml (RunModel)" time="0.015" />
  <testcase classname="ptolemy.util.test.junit.AutoTests" name="[69] /home/travis/build/icyphy/ptII/ptolemy/domains/de/test/auto/TimerZeroDelay.xml (RunModel)" time="0.015" />
  <testcase classname="ptolemy.util.test.junit.AutoTests" name="[70] /home/travis/build/icyphy/ptII/ptolemy/domains/de/test/auto/TimingParadox.xml (RunModel)" time="0.411" />
  <testcase classname="ptolemy.util.test.junit.AutoTests" name="[71] /home/travis/build/icyphy/ptII/ptolemy/domains/de/test/auto/TransferInputs.xml (RunModel)" time="0.011" />
  <testcase classname="ptolemy.util.test.junit.AutoTests" name="[72] /home/travis/build/icyphy/ptII/ptolemy/domains/de/test/auto/TransferOutputs2.xml (RunModel)" time="0.03" />
  <testcase classname="ptolemy.util.test.junit.AutoTests" name="[73] /home/travis/build/icyphy/ptII/ptolemy/domains/de/test/auto/Trilateration.xml (RunModel)" time="13.955" />
  <testcase classname="ptolemy.util.test.junit.AutoTests" name="[74] /home/travis/build/icyphy/ptII/ptolemy/domains/de/test/auto/TwoSigmaDelta.xml (RunModel)" time="2.234" />
  <testcase classname="ptolemy.util.test.junit.AutoTests" name="[75] /home/travis/build/icyphy/ptII/ptolemy/domains/de/test/auto/VariableDelay.xml (RunModel)" time="0.012" />
  <testcase classname="ptolemy.util.test.junit.AutoTests" name="[76] /home/travis/build/icyphy/ptII/ptolemy/domains/de/test/auto/VariableDelay2.xml (RunModel)" time="0.009" />
  <testcase classname="ptolemy.util.test.junit.AutoTests" name="[77] /home/travis/build/icyphy/ptII/ptolemy/domains/de/test/auto/VariableDelayZeroDelay.xml (RunModel)" time="0.015" />
  <testcase classname="ptolemy.util.test.junit.AutoTests" name="[78] /home/travis/build/icyphy/ptII/ptolemy/domains/de/test/auto/VariableDelayZeroDelay2.xml (RunModel)" time="0.027" />
  <testcase classname="ptolemy.util.test.junit.AutoTests" name="[79] /home/travis/build/icyphy/ptII/ptolemy/domains/de/test/auto/deInCt.xml (RunModel)" time="0.02" />
  <testcase classname="ptolemy.util.test.junit.AutoTests" name="[80] /home/travis/build/icyphy/ptII/ptolemy/domains/de/test/auto/deInCt2.xml (RunModel)" time="0.016" />
  <testcase classname="ptolemy.util.test.junit.AutoTests" name="[81] /home/travis/build/icyphy/ptII/ptolemy/domains/de/test/auto/dynamicCausalityInterface1.xml (RunModel)" time="0.025" />
  <testcase classname="ptolemy.util.test.junit.AutoTests" name="[82] /home/travis/build/icyphy/ptII/ptolemy/domains/de/test/auto/fsm_de_test.xml (RunModel)" time="0.037" />
  <testcase classname="ptolemy.util.test.junit.AutoTests" name="[83] /home/travis/build/icyphy/ptII/ptolemy/domains/de/test/auto/functionDependencyReconstruction.xml (RunModel)" time="0.039" />
  <testcase classname="ptolemy.util.test.junit.AutoTests" name="[84] /home/travis/build/icyphy/ptII/ptolemy/domains/de/test/auto/multirate.xml (RunModel)" time="0.02" />
  <testcase classname="ptolemy.util.test.junit.AutoTests" name="[85] /home/travis/build/icyphy/ptII/ptolemy/domains/de/test/auto/multirate2.xml (RunModel)" time="0.022" />
  <testcase classname="ptolemy.util.test.junit.AutoTests" name="[86] /home/travis/build/icyphy/ptII/ptolemy/domains/de/test/auto/realtime.xml (RunModel)" time="10.012" />
  <testcase classname="ptolemy.util.test.junit.AutoTests" name="[87] /home/travis/build/icyphy/ptII/ptolemy/domains/de/test/auto/relationGroup.xml (RunModel)" time="0.006" />
  <testcase classname="ptolemy.util.test.junit.AutoTests" name="[88] /home/travis/build/icyphy/ptII/ptolemy/domains/de/test/auto/relationGroup2.xml (RunModel)" time="0.015" />
  <testcase classname="ptolemy.util.test.junit.AutoTests" name="[89] /home/travis/build/icyphy/ptII/ptolemy/domains/de/test/auto/sortWithOpaquePorts.xml (RunModel)" time="0.014" />
  <testcase classname="ptolemy.util.test.junit.AutoTests" name="[90] /home/travis/build/icyphy/ptII/ptolemy/domains/de/test/auto/transferInputsandOutputs.xml (RunModel)" time="0.02" />
  <testcase classname="ptolemy.util.test.junit.AutoTests" name="[91] /home/travis/build/icyphy/ptII/ptolemy/domains/de/test/auto/triggerType.xml (RunModel)" time="0.012" />
  <system-out><![CDATA[/home/travis/build/icyphy/ptII/ptolemy/domains/de/test/DependencyLoop.tcl
testDefs.tcl: setting time out to 9000 seconds at Sat Sep 28 05:46:21 UTC 2019
74 ms. Memory: 120832K Free: 71624K (59%)
25 ms. Memory: 120832K Free: 54216K (45%)
/home/travis/build/icyphy/ptII/ptolemy/domains/de/test/RunDETestsAsQSS.tcl
Run the DE tests using ptolemy.domains.qss.test.QSSDirectorTest, which extends QSSDirector and prints a message in the constructors.
------------------ testing $PTII/ptolemy/domains/de/test/auto/knownFailedTests/DirectFeedback.xml (Known Failure) 
36 ms. Memory: 120832K Free: 48582K (40%)


==== $PTIIhome/travis/build/icyphy/ptII/ptolemy/domains/de/test/../../../../: Auto Automatic test in file $PTII/ptolemy/domains/de/test/auto/knownFailedTests/DirectFeedback.xml
==== Contents of test case:

	    # FIXME: we should use $relativeFilename here, but it
	    # might have backslashes under Windows, which causes no end
	    # of trouble.
	    createAndExecute $file
	    list {}
	
.... Test generated KNOWN error:
    while executing
ptolemy.kernel.util.IllegalActionException: Test fails in iteration 1.
Value was: 1.0. Should have been: 2.0
  in .DirectFeedback.Test
	at ptolemy.actor.lib.Test.fire(Test.java:268)
	at ptolemy.domains.de.kernel.DEDirector._fire(DEDirector.java:1949)
	at ptolemy.domains.de.kernel.DEDirector.fire(DEDirector.java:502)
	at ptolemy.actor.CompositeActor.fire(CompositeActor.java:455)
	at ptolemy.actor.Manager.iterate(Manager.java:851)
	at ptolemy.actor.Manager.execute(Manager.java:369)
	at ptolemy.actor.Manager.run(Manager.java:1263)
	at ptolemy.actor.Manager$PtolemyRunThread.run(Manager.java:1933)

    while executing
ptolemy.kernel.util.IllegalActionException: Test fails in iteration 1.
Value was: 1.0. Should have been: 2.0
  in .DirectFeedback.Test
    while executing
"java::new ptolemy.moml.MoMLSimpleApplication $file
"
    (procedure "createAndExecute" line 2)
    invoked from within
"createAndExecute $file"
    ("uplevel" body line 5)
    invoked from within
"uplevel $contents_of_test"
------------------ testing $PTII/ptolemy/domains/de/test/auto/knownFailedTests/dependencyLoop.xml (Known Failure) 
39 ms. Memory: 120832K Free: 108395K (90%)


==== $PTIIhome/travis/build/icyphy/ptII/ptolemy/domains/de/test/../../../../: Auto Automatic test in file $PTII/ptolemy/domains/de/test/auto/knownFailedTests/dependencyLoop.xml
==== Contents of test case:

	    # FIXME: we should use $relativeFilename here, but it
	    # might have backslashes under Windows, which causes no end
	    # of trouble.
	    createAndExecute $file
	    list {}
	
.... Test generated KNOWN error:
    while executing
ptolemy.kernel.util.IllegalActionException: Found a zero delay loop containing .dependencyLoop.original
  in .dependencyLoop and .dependencyLoop.original
	at ptolemy.actor.util.CausalityInterfaceForComposites._computeOutputPortDepth(CausalityInterfaceForComposites.java:759)
	at ptolemy.actor.util.CausalityInterfaceForComposites._computeInputDepth(CausalityInterfaceForComposites.java:696)
	at ptolemy.actor.util.CausalityInterfaceForComposites._computeOutputPortDepth(CausalityInterfaceForComposites.java:765)
	at ptolemy.actor.util.CausalityInterfaceForComposites._computeInputDepth(CausalityInterfaceForComposites.java:696)
	at ptolemy.actor.util.CausalityInterfaceForComposites._computeOutputPortDepth(CausalityInterfaceForComposites.java:765)
	at ptolemy.actor.util.CausalityInterfaceForComposites._computeInputDepth(CausalityInterfaceForComposites.java:696)
	at ptolemy.actor.util.CausalityInterfaceForComposites._computeActorDepth(CausalityInterfaceForComposites.java:532)
	at ptolemy.actor.util.CausalityInterfaceForComposites.checkForCycles(CausalityInterfaceForComposites.java:96)
	at ptolemy.domains.de.kernel.DEDirector.preinitialize(DEDirector.java:1338)
	at ptolemy.actor.CompositeActor.preinitialize(CompositeActor.java:1828)
	at ptolemy.actor.Manager.preinitializeAndResolveTypes(Manager.java:1040)
	at ptolemy.actor.Manager.initialize(Manager.java:710)
	at ptolemy.actor.Manager.execute(Manager.java:356)
	at ptolemy.actor.Manager.run(Manager.java:1263)
	at ptolemy.actor.Manager$PtolemyRunThread.run(Manager.java:1933)

    while executing
ptolemy.kernel.util.IllegalActionException: Found a zero delay loop containing .dependencyLoop.original
  in .dependencyLoop and .dependencyLoop.original
    while executing
"java::new ptolemy.moml.MoMLSimpleApplication $file
"
    (procedure "createAndExecute" line 2)
    invoked from within
"createAndExecute $file"
    ("uplevel" body line 5)
    invoked from within
"uplevel $contents_of_test"
------------------ testing $PTII/ptolemy/domains/de/test/auto/knownFailedTests/FSMSource.xml (Known Failure) 
58 ms. Memory: 120832K Free: 99246K (82%)
!!!! Auto was marked as failing, but now passes
------------------ testing $PTII/ptolemy/domains/de/test/auto/knownFailedTests/HierarchicalModel.xml (Known Failure) 
5 ms. Memory: 120832K Free: 81838K (68%)


==== $PTIIhome/travis/build/icyphy/ptII/ptolemy/domains/de/test/../../../../: Auto Automatic test in file $PTII/ptolemy/domains/de/test/auto/knownFailedTests/HierarchicalModel.xml
==== Contents of test case:

	    # FIXME: we should use $relativeFilename here, but it
	    # might have backslashes under Windows, which causes no end
	    # of trouble.
	    createAndExecute $file
	    list {}
	
.... Test generated KNOWN error:
    while executing
ptolemy.kernel.util.IllegalActionException: Found a zero delay loop containing .HierarchicalModel.A
  in .HierarchicalModel and .HierarchicalModel.A
	at ptolemy.actor.util.CausalityInterfaceForComposites._computeOutputPortDepth(CausalityInterfaceForComposites.java:759)
	at ptolemy.actor.util.CausalityInterfaceForComposites._computeInputDepth(CausalityInterfaceForComposites.java:696)
	at ptolemy.actor.util.CausalityInterfaceForComposites._computeOutputPortDepth(CausalityInterfaceForComposites.java:765)
	at ptolemy.actor.util.CausalityInterfaceForComposites._computeInputDepth(CausalityInterfaceForComposites.java:696)
	at ptolemy.actor.util.CausalityInterfaceForComposites._computeOutputPortDepth(CausalityInterfaceForComposites.java:765)
	at ptolemy.actor.util.CausalityInterfaceForComposites._computeInputDepth(CausalityInterfaceForComposites.java:696)
	at ptolemy.actor.util.CausalityInterfaceForComposites._computeActorDepth(CausalityInterfaceForComposites.java:532)
	at ptolemy.actor.util.CausalityInterfaceForComposites.checkForCycles(CausalityInterfaceForComposites.java:96)
	at ptolemy.domains.de.kernel.DEDirector.preinitialize(DEDirector.java:1338)
	at ptolemy.actor.CompositeActor.preinitialize(CompositeActor.java:1828)
	at ptolemy.actor.Manager.preinitializeAndResolveTypes(Manager.java:1040)
	at ptolemy.actor.Manager.initialize(Manager.java:710)
	at ptolemy.actor.Manager.execute(Manager.java:356)
	at ptolemy.actor.Manager.run(Manager.java:1263)
	at ptolemy.actor.Manager$PtolemyRunThread.run(Manager.java:1933)

    while executing
ptolemy.kernel.util.IllegalActionException: Found a zero delay loop containing .HierarchicalModel.A
  in .HierarchicalModel and .HierarchicalModel.A
    while executing
"java::new ptolemy.moml.MoMLSimpleApplication $file
"
    (procedure "createAndExecute" line 2)
    invoked from within
"createAndExecute $file"
    ("uplevel" body line 5)
    invoked from within
"uplevel $contents_of_test"
------------------ testing $PTII/ptolemy/domains/de/test/auto/knownFailedTests/dependencyLoop2.xml (Known Failure) 
29 ms. Memory: 120832K Free: 106760K (88%)


==== $PTIIhome/travis/build/icyphy/ptII/ptolemy/domains/de/test/../../../../: Auto Automatic test in file $PTII/ptolemy/domains/de/test/auto/knownFailedTests/dependencyLoop2.xml
==== Contents of test case:

	    # FIXME: we should use $relativeFilename here, but it
	    # might have backslashes under Windows, which causes no end
	    # of trouble.
	    createAndExecute $file
	    list {}
	
.... Test generated KNOWN error:
    while executing
ptolemy.kernel.util.IllegalActionException: Found a zero delay loop containing .dependencyLoop2.original
  in .dependencyLoop2 and .dependencyLoop2.original
	at ptolemy.actor.util.CausalityInterfaceForComposites._computeOutputPortDepth(CausalityInterfaceForComposites.java:759)
	at ptolemy.actor.util.CausalityInterfaceForComposites._computeInputDepth(CausalityInterfaceForComposites.java:696)
	at ptolemy.actor.util.CausalityInterfaceForComposites._computeOutputPortDepth(CausalityInterfaceForComposites.java:765)
	at ptolemy.actor.util.CausalityInterfaceForComposites._computeInputDepth(CausalityInterfaceForComposites.java:696)
	at ptolemy.actor.util.CausalityInterfaceForComposites._computeOutputPortDepth(CausalityInterfaceForComposites.java:765)
	at ptolemy.actor.util.CausalityInterfaceForComposites._computeInputDepth(CausalityInterfaceForComposites.java:696)
	at ptolemy.actor.util.CausalityInterfaceForComposites._computeActorDepth(CausalityInterfaceForComposites.java:532)
	at ptolemy.actor.util.CausalityInterfaceForComposites.checkForCycles(CausalityInterfaceForComposites.java:96)
	at ptolemy.domains.de.kernel.DEDirector.preinitialize(DEDirector.java:1338)
	at ptolemy.actor.CompositeActor.preinitialize(CompositeActor.java:1828)
	at ptolemy.actor.Manager.preinitializeAndResolveTypes(Manager.java:1040)
	at ptolemy.actor.Manager.initialize(Manager.java:710)
	at ptolemy.actor.Manager.execute(Manager.java:356)
	at ptolemy.actor.Manager.run(Manager.java:1263)
	at ptolemy.actor.Manager$PtolemyRunThread.run(Manager.java:1933)

    while executing
ptolemy.kernel.util.IllegalActionException: Found a zero delay loop containing .dependencyLoop2.original
  in .dependencyLoop2 and .dependencyLoop2.original
    while executing
"java::new ptolemy.moml.MoMLSimpleApplication $file
"
    (procedure "createAndExecute" line 2)
    invoked from within
"createAndExecute $file"
    ("uplevel" body line 5)
    invoked from within
"uplevel $contents_of_test"
------------------ testing $PTII/ptolemy/domains/de/test/auto/knownFailedTests/DESDFClockTest.xml (Known Failure) 
2057 ms. Memory: 120832K Free: 93154K (77%)


==== $PTIIhome/travis/build/icyphy/ptII/ptolemy/domains/de/test/../../../../: Auto Automatic test in file $PTII/ptolemy/domains/de/test/auto/knownFailedTests/DESDFClockTest.xml
==== Contents of test case:

	    # FIXME: we should use $relativeFilename here, but it
	    # might have backslashes under Windows, which causes no end
	    # of trouble.
	    createAndExecute $file
	    list {}
	
.... Test generated KNOWN error:
    while executing
ptolemy.kernel.util.IllegalActionException: Actor is not ready to fire.  Perhaps UpSample.prefire() returned false? Try debugging the actor by selecting "Listen to Actor".  Also, for SDF check moml for tokenConsumptionRate on input.
  in .DESDFClockTest.Play Bell.Copy1:SDF Director and .DESDFClockTest.Play Bell.UpSample
	at ptolemy.actor.sched.StaticSchedulingDirector.fire(StaticSchedulingDirector.java:227)
	at ptolemy.domains.sdf.kernel.SDFDirector.fire(SDFDirector.java:500)
	at ptolemy.actor.CompositeActor.fire(CompositeActor.java:455)
	at ptolemy.domains.de.kernel.DEDirector._fire(DEDirector.java:1949)
	at ptolemy.domains.de.kernel.DEDirector.fire(DEDirector.java:502)
	at ptolemy.actor.CompositeActor.fire(CompositeActor.java:455)
	at ptolemy.actor.Manager.iterate(Manager.java:851)
	at ptolemy.actor.Manager.execute(Manager.java:369)
	at ptolemy.actor.Manager.run(Manager.java:1263)
	at ptolemy.actor.Manager$PtolemyRunThread.run(Manager.java:1933)

    while executing
ptolemy.kernel.util.IllegalActionException: Actor is not ready to fire.  Perhaps UpSample.prefire() returned false? Try debugging the actor by selecting "Listen to Actor".  Also, for SDF check moml for tokenConsumptionRate on input.
  in .DESDFClockTest.Play Bell.Copy1:SDF Director and .DESDFClockTest.Play Bell.UpSample
    while executing
"java::new ptolemy.moml.MoMLSimpleApplication $file
"
    (procedure "createAndExecute" line 2)
    invoked from within
"createAndExecute $file"
    ("uplevel" body line 5)
    invoked from within
"uplevel $contents_of_test"
------------------ testing $PTII/ptolemy/domains/de/test/auto/ActorDepthCalculation_actorWithoutPorts.xml
auto.tcl: Setting watchdog for 200 seconds at Sat Sep 28 05:46:25 UTC 2019
11 ms. Memory: 120832K Free: 86325K (71%)
ptolemy.util.test.WatchDog.cancel(): canceling Sat Sep 28 05:46:25 UTC 2019
auto.tcl: Setting watchdog for 200 seconds at Sat Sep 28 05:46:25 UTC 2019
10 ms. Memory: 120832K Free: 84677K (70%)
ptolemy.util.test.WatchDog.cancel(): canceling Sat Sep 28 05:46:25 UTC 2019
------------------ testing $PTII/ptolemy/domains/de/test/auto/AssemblyLine.xml
auto.tcl: Setting watchdog for 200 seconds at Sat Sep 28 05:46:25 UTC 2019
19 ms. Memory: 48128K Free: 26271K (55%)
ptolemy.util.test.WatchDog.cancel(): canceling Sat Sep 28 05:46:26 UTC 2019
auto.tcl: Setting watchdog for 200 seconds at Sat Sep 28 05:46:26 UTC 2019
7 ms. Memory: 48128K Free: 25841K (54%)
ptolemy.util.test.WatchDog.cancel(): canceling Sat Sep 28 05:46:26 UTC 2019
------------------ testing $PTII/ptolemy/domains/de/test/auto/CQBug1.xml
auto.tcl: Setting watchdog for 200 seconds at Sat Sep 28 05:46:26 UTC 2019
3 ms. Memory: 48128K Free: 31479K (65%)
ptolemy.util.test.WatchDog.cancel(): canceling Sat Sep 28 05:46:26 UTC 2019
auto.tcl: Setting watchdog for 200 seconds at Sat Sep 28 05:46:26 UTC 2019
2 ms. Memory: 48128K Free: 31049K (65%)
ptolemy.util.test.WatchDog.cancel(): canceling Sat Sep 28 05:46:26 UTC 2019
------------------ testing $PTII/ptolemy/domains/de/test/auto/CancelFireAt.xml
auto.tcl: Setting watchdog for 200 seconds at Sat Sep 28 05:46:26 UTC 2019
10 ms. Memory: 48128K Free: 32771K (68%)
ptolemy.util.test.WatchDog.cancel(): canceling Sat Sep 28 05:46:26 UTC 2019
auto.tcl: Setting watchdog for 200 seconds at Sat Sep 28 05:46:26 UTC 2019
2 ms. Memory: 48128K Free: 32236K (67%)
ptolemy.util.test.WatchDog.cancel(): canceling Sat Sep 28 05:46:26 UTC 2019
------------------ testing $PTII/ptolemy/domains/de/test/auto/CausalityAndComposabilityAnalysis.xml
auto.tcl: Setting watchdog for 200 seconds at Sat Sep 28 05:46:26 UTC 2019
9 ms. Memory: 48128K Free: 30452K (63%)
ptolemy.util.test.WatchDog.cancel(): canceling Sat Sep 28 05:46:26 UTC 2019
auto.tcl: Setting watchdog for 200 seconds at Sat Sep 28 05:46:26 UTC 2019
6 ms. Memory: 48128K Free: 30006K (62%)
ptolemy.util.test.WatchDog.cancel(): canceling Sat Sep 28 05:46:26 UTC 2019
------------------ testing $PTII/ptolemy/domains/de/test/auto/CausalityInterface1.xml
auto.tcl: Setting watchdog for 200 seconds at Sat Sep 28 05:46:26 UTC 2019
30 ms. Memory: 48128K Free: 29411K (61%)
ptolemy.util.test.WatchDog.cancel(): canceling Sat Sep 28 05:46:26 UTC 2019
auto.tcl: Setting watchdog for 200 seconds at Sat Sep 28 05:46:26 UTC 2019
5 ms. Memory: 48128K Free: 28418K (59%)
ptolemy.util.test.WatchDog.cancel(): canceling Sat Sep 28 05:46:26 UTC 2019
------------------ testing $PTII/ptolemy/domains/de/test/auto/CausalityInterface15.xml
auto.tcl: Setting watchdog for 200 seconds at Sat Sep 28 05:46:26 UTC 2019
8 ms. Memory: 48128K Free: 29347K (61%)
ptolemy.util.test.WatchDog.cancel(): canceling Sat Sep 28 05:46:26 UTC 2019
auto.tcl: Setting watchdog for 200 seconds at Sat Sep 28 05:46:26 UTC 2019
7 ms. Memory: 48128K Free: 28398K (59%)
ptolemy.util.test.WatchDog.cancel(): canceling Sat Sep 28 05:46:26 UTC 2019
------------------ testing $PTII/ptolemy/domains/de/test/auto/CausalityInterface2.xml
auto.tcl: Setting watchdog for 200 seconds at Sat Sep 28 05:46:26 UTC 2019
6 ms. Memory: 48128K Free: 30086K (63%)
ptolemy.util.test.WatchDog.cancel(): canceling Sat Sep 28 05:46:26 UTC 2019
auto.tcl: Setting watchdog for 200 seconds at Sat Sep 28 05:46:26 UTC 2019
6 ms. Memory: 48128K Free: 28947K (60%)
ptolemy.util.test.WatchDog.cancel(): canceling Sat Sep 28 05:46:26 UTC 2019
------------------ testing $PTII/ptolemy/domains/de/test/auto/CausalityInterface3.xml
auto.tcl: Setting watchdog for 200 seconds at Sat Sep 28 05:46:26 UTC 2019
4 ms. Memory: 48128K Free: 29590K (61%)
ptolemy.util.test.WatchDog.cancel(): canceling Sat Sep 28 05:46:26 UTC 2019
auto.tcl: Setting watchdog for 200 seconds at Sat Sep 28 05:46:26 UTC 2019
4 ms. Memory: 48128K Free: 28828K (60%)
ptolemy.util.test.WatchDog.cancel(): canceling Sat Sep 28 05:46:26 UTC 2019
------------------ testing $PTII/ptolemy/domains/de/test/auto/ClockDrift.xml
auto.tcl: Setting watchdog for 200 seconds at Sat Sep 28 05:46:26 UTC 2019
95 ms. Memory: 48128K Free: 22178K (46%)
ptolemy.util.test.WatchDog.cancel(): canceling Sat Sep 28 05:46:27 UTC 2019
auto.tcl: Setting watchdog for 200 seconds at Sat Sep 28 05:46:27 UTC 2019
103 ms. Memory: 48128K Free: 19167K (40%)
ptolemy.util.test.WatchDog.cancel(): canceling Sat Sep 28 05:46:27 UTC 2019
------------------ testing $PTII/ptolemy/domains/de/test/auto/ClockDriftAndValueChange.xml
auto.tcl: Setting watchdog for 200 seconds at Sat Sep 28 05:46:27 UTC 2019
40 ms. Memory: 48128K Free: 22270K (46%)
ptolemy.util.test.WatchDog.cancel(): canceling Sat Sep 28 05:46:27 UTC 2019
auto.tcl: Setting watchdog for 200 seconds at Sat Sep 28 05:46:27 UTC 2019
38 ms. Memory: 48128K Free: 19446K (40%)
ptolemy.util.test.WatchDog.cancel(): canceling Sat Sep 28 05:46:27 UTC 2019
------------------ testing $PTII/ptolemy/domains/de/test/auto/ClockDriftChange.xml
auto.tcl: Setting watchdog for 200 seconds at Sat Sep 28 05:46:27 UTC 2019
29 ms. Memory: 48128K Free: 24319K (51%)
ptolemy.util.test.WatchDog.cancel(): canceling Sat Sep 28 05:46:27 UTC 2019
auto.tcl: Setting watchdog for 200 seconds at Sat Sep 28 05:46:27 UTC 2019
25 ms. Memory: 48128K Free: 21719K (45%)
ptolemy.util.test.WatchDog.cancel(): canceling Sat Sep 28 05:46:27 UTC 2019
------------------ testing $PTII/ptolemy/domains/de/test/auto/ComposableCausalityAnalysis.xml
auto.tcl: Setting watchdog for 200 seconds at Sat Sep 28 05:46:27 UTC 2019
3 ms. Memory: 48128K Free: 28963K (60%)
ptolemy.util.test.WatchDog.cancel(): canceling Sat Sep 28 05:46:27 UTC 2019
auto.tcl: Setting watchdog for 200 seconds at Sat Sep 28 05:46:27 UTC 2019
4 ms. Memory: 48128K Free: 27918K (58%)
ptolemy.util.test.WatchDog.cancel(): canceling Sat Sep 28 05:46:27 UTC 2019
------------------ testing $PTII/ptolemy/domains/de/test/auto/DEFixedPointLimitation.xml
auto.tcl: Setting watchdog for 200 seconds at Sat Sep 28 05:46:27 UTC 2019
3 ms. Memory: 48128K Free: 30305K (63%)
ptolemy.util.test.WatchDog.cancel(): canceling Sat Sep 28 05:46:27 UTC 2019
auto.tcl: Setting watchdog for 200 seconds at Sat Sep 28 05:46:27 UTC 2019
1 ms. Memory: 48128K Free: 29376K (61%)
ptolemy.util.test.WatchDog.cancel(): canceling Sat Sep 28 05:46:27 UTC 2019
------------------ testing $PTII/ptolemy/domains/de/test/auto/DEScheduleTest.xml
auto.tcl: Setting watchdog for 200 seconds at Sat Sep 28 05:46:27 UTC 2019
4 ms. Memory: 48128K Free: 30616K (64%)
ptolemy.util.test.WatchDog.cancel(): canceling Sat Sep 28 05:46:27 UTC 2019
auto.tcl: Setting watchdog for 200 seconds at Sat Sep 28 05:46:27 UTC 2019
3 ms. Memory: 48128K Free: 29840K (62%)
ptolemy.util.test.WatchDog.cancel(): canceling Sat Sep 28 05:46:27 UTC 2019
------------------ testing $PTII/ptolemy/domains/de/test/auto/DEinDEwithStartTimes.xml
auto.tcl: Setting watchdog for 200 seconds at Sat Sep 28 05:46:27 UTC 2019
6 ms. Memory: 48128K Free: 28767K (60%)
ptolemy.util.test.WatchDog.cancel(): canceling Sat Sep 28 05:46:27 UTC 2019
auto.tcl: Setting watchdog for 200 seconds at Sat Sep 28 05:46:27 UTC 2019
5 ms. Memory: 48128K Free: 27743K (58%)
ptolemy.util.test.WatchDog.cancel(): canceling Sat Sep 28 05:46:27 UTC 2019
------------------ testing $PTII/ptolemy/domains/de/test/auto/DEinDEwithStartTimes2.xml
auto.tcl: Setting watchdog for 200 seconds at Sat Sep 28 05:46:27 UTC 2019
4 ms. Memory: 48128K Free: 27978K (58%)
ptolemy.util.test.WatchDog.cancel(): canceling Sat Sep 28 05:46:27 UTC 2019
auto.tcl: Setting watchdog for 200 seconds at Sat Sep 28 05:46:27 UTC 2019
4 ms. Memory: 48128K Free: 26698K (55%)
ptolemy.util.test.WatchDog.cancel(): canceling Sat Sep 28 05:46:27 UTC 2019
------------------ testing $PTII/ptolemy/domains/de/test/auto/DateDemo.xml
auto.tcl: Setting watchdog for 200 seconds at Sat Sep 28 05:46:28 UTC 2019
24 ms. Memory: 48128K Free: 22329K (46%)
ptolemy.util.test.WatchDog.cancel(): canceling Sat Sep 28 05:46:28 UTC 2019
auto.tcl: Setting watchdog for 200 seconds at Sat Sep 28 05:46:28 UTC 2019
7 ms. Memory: 48128K Free: 20713K (43%)
ptolemy.util.test.WatchDog.cancel(): canceling Sat Sep 28 05:46:28 UTC 2019
------------------ testing $PTII/ptolemy/domains/de/test/auto/DateToEvent.xml
auto.tcl: Setting watchdog for 200 seconds at Sat Sep 28 05:46:28 UTC 2019
2020 ms. Memory: 48128K Free: 18262K (38%)
ptolemy.util.test.WatchDog.cancel(): canceling Sat Sep 28 05:46:30 UTC 2019
auto.tcl: Setting watchdog for 200 seconds at Sat Sep 28 05:46:30 UTC 2019
2006 ms. Memory: 48128K Free: 17417K (36%)
ptolemy.util.test.WatchDog.cancel(): canceling Sat Sep 28 05:46:32 UTC 2019
------------------ testing $PTII/ptolemy/domains/de/test/auto/DepthTest1.xml
auto.tcl: Setting watchdog for 200 seconds at Sat Sep 28 05:46:32 UTC 2019
2 ms. Memory: 48128K Free: 31408K (65%)
ptolemy.util.test.WatchDog.cancel(): canceling Sat Sep 28 05:46:32 UTC 2019
auto.tcl: Setting watchdog for 200 seconds at Sat Sep 28 05:46:32 UTC 2019
3 ms. Memory: 48128K Free: 30985K (64%)
ptolemy.util.test.WatchDog.cancel(): canceling Sat Sep 28 05:46:32 UTC 2019
------------------ testing $PTII/ptolemy/domains/de/test/auto/DepthTest2.xml
auto.tcl: Setting watchdog for 200 seconds at Sat Sep 28 05:46:32 UTC 2019
12 ms. Memory: 48128K Free: 28236K (59%)
ptolemy.util.test.WatchDog.cancel(): canceling Sat Sep 28 05:46:32 UTC 2019
auto.tcl: Setting watchdog for 200 seconds at Sat Sep 28 05:46:32 UTC 2019
3 ms. Memory: 48128K Free: 27788K (58%)
ptolemy.util.test.WatchDog.cancel(): canceling Sat Sep 28 05:46:32 UTC 2019
------------------ testing $PTII/ptolemy/domains/de/test/auto/DepthTest3.xml
auto.tcl: Setting watchdog for 200 seconds at Sat Sep 28 05:46:32 UTC 2019
6 ms. Memory: 48128K Free: 31790K (66%)
ptolemy.util.test.WatchDog.cancel(): canceling Sat Sep 28 05:46:32 UTC 2019
auto.tcl: Setting watchdog for 200 seconds at Sat Sep 28 05:46:32 UTC 2019
2 ms. Memory: 48128K Free: 31298K (65%)
ptolemy.util.test.WatchDog.cancel(): canceling Sat Sep 28 05:46:32 UTC 2019
------------------ testing $PTII/ptolemy/domains/de/test/auto/DepthTest4.xml
auto.tcl: Setting watchdog for 200 seconds at Sat Sep 28 05:46:32 UTC 2019
4 ms. Memory: 48128K Free: 30088K (63%)
ptolemy.util.test.WatchDog.cancel(): canceling Sat Sep 28 05:46:32 UTC 2019
auto.tcl: Setting watchdog for 200 seconds at Sat Sep 28 05:46:32 UTC 2019
3 ms. Memory: 48128K Free: 29334K (61%)
ptolemy.util.test.WatchDog.cancel(): canceling Sat Sep 28 05:46:32 UTC 2019
------------------ testing $PTII/ptolemy/domains/de/test/auto/DepthTest5.xml
auto.tcl: Setting watchdog for 200 seconds at Sat Sep 28 05:46:32 UTC 2019
6 ms. Memory: 48128K Free: 29471K (61%)
ptolemy.util.test.WatchDog.cancel(): canceling Sat Sep 28 05:46:32 UTC 2019
auto.tcl: Setting watchdog for 200 seconds at Sat Sep 28 05:46:32 UTC 2019
5 ms. Memory: 48128K Free: 28699K (60%)
ptolemy.util.test.WatchDog.cancel(): canceling Sat Sep 28 05:46:32 UTC 2019
------------------ testing $PTII/ptolemy/domains/de/test/auto/DepthTest6.xml
auto.tcl: Setting watchdog for 200 seconds at Sat Sep 28 05:46:32 UTC 2019
4 ms. Memory: 48128K Free: 28960K (60%)
ptolemy.util.test.WatchDog.cancel(): canceling Sat Sep 28 05:46:32 UTC 2019
auto.tcl: Setting watchdog for 200 seconds at Sat Sep 28 05:46:32 UTC 2019
3 ms. Memory: 48128K Free: 28250K (59%)
ptolemy.util.test.WatchDog.cancel(): canceling Sat Sep 28 05:46:32 UTC 2019
------------------ testing $PTII/ptolemy/domains/de/test/auto/DepthTest7.xml
auto.tcl: Setting watchdog for 200 seconds at Sat Sep 28 05:46:32 UTC 2019
3 ms. Memory: 48128K Free: 29736K (62%)
ptolemy.util.test.WatchDog.cancel(): canceling Sat Sep 28 05:46:32 UTC 2019
auto.tcl: Setting watchdog for 200 seconds at Sat Sep 28 05:46:32 UTC 2019
2 ms. Memory: 48128K Free: 28833K (60%)
ptolemy.util.test.WatchDog.cancel(): canceling Sat Sep 28 05:46:32 UTC 2019
------------------ testing $PTII/ptolemy/domains/de/test/auto/EventToDate.xml
auto.tcl: Setting watchdog for 200 seconds at Sat Sep 28 05:46:32 UTC 2019
3010 ms. Memory: 48128K Free: 20527K (43%)
ptolemy.util.test.WatchDog.cancel(): canceling Sat Sep 28 05:46:36 UTC 2019
auto.tcl: Setting watchdog for 200 seconds at Sat Sep 28 05:46:36 UTC 2019
3005 ms. Memory: 48128K Free: 20046K (42%)
ptolemy.util.test.WatchDog.cancel(): canceling Sat Sep 28 05:46:39 UTC 2019
------------------ testing $PTII/ptolemy/domains/de/test/auto/FSM1.xml
auto.tcl: Setting watchdog for 200 seconds at Sat Sep 28 05:46:39 UTC 2019
44 ms. Memory: 48128K Free: 21503K (45%)
ptolemy.util.test.WatchDog.cancel(): canceling Sat Sep 28 05:46:39 UTC 2019
auto.tcl: Setting watchdog for 200 seconds at Sat Sep 28 05:46:39 UTC 2019
24 ms. Memory: 48128K Free: 18320K (38%)
ptolemy.util.test.WatchDog.cancel(): canceling Sat Sep 28 05:46:39 UTC 2019
------------------ testing $PTII/ptolemy/domains/de/test/auto/FSM7.xml
auto.tcl: Setting watchdog for 200 seconds at Sat Sep 28 05:46:39 UTC 2019
18 ms. Memory: 48128K Free: 21704K (45%)
ptolemy.util.test.WatchDog.cancel(): canceling Sat Sep 28 05:46:39 UTC 2019
auto.tcl: Setting watchdog for 200 seconds at Sat Sep 28 05:46:39 UTC 2019
18 ms. Memory: 48128K Free: 18512K (38%)
ptolemy.util.test.WatchDog.cancel(): canceling Sat Sep 28 05:46:39 UTC 2019
------------------ testing $PTII/ptolemy/domains/de/test/auto/Inspection.xml
auto.tcl: Setting watchdog for 200 seconds at Sat Sep 28 05:46:39 UTC 2019
25 ms. Memory: 48128K Free: 21721K (45%)
ptolemy.util.test.WatchDog.cancel(): canceling Sat Sep 28 05:46:39 UTC 2019
auto.tcl: Setting watchdog for 200 seconds at Sat Sep 28 05:46:39 UTC 2019
19 ms. Memory: 48128K Free: 19993K (42%)
ptolemy.util.test.WatchDog.cancel(): canceling Sat Sep 28 05:46:39 UTC 2019
------------------ testing $PTII/ptolemy/domains/de/test/auto/Iteration.xml
auto.tcl: Setting watchdog for 200 seconds at Sat Sep 28 05:46:39 UTC 2019
9 ms. Memory: 48128K Free: 27464K (57%)
ptolemy.util.test.WatchDog.cancel(): canceling Sat Sep 28 05:46:39 UTC 2019
auto.tcl: Setting watchdog for 200 seconds at Sat Sep 28 05:46:39 UTC 2019
8 ms. Memory: 48128K Free: 26440K (55%)
ptolemy.util.test.WatchDog.cancel(): canceling Sat Sep 28 05:46:39 UTC 2019
------------------ testing $PTII/ptolemy/domains/de/test/auto/LineFault.xml
auto.tcl: Setting watchdog for 200 seconds at Sat Sep 28 05:46:39 UTC 2019
709 ms. Memory: 58368K Free: 27223K (47%)
ptolemy.util.test.WatchDog.cancel(): canceling Sat Sep 28 05:46:40 UTC 2019
auto.tcl: Setting watchdog for 200 seconds at Sat Sep 28 05:46:40 UTC 2019
680 ms. Memory: 58368K Free: 27729K (48%)
ptolemy.util.test.WatchDog.cancel(): canceling Sat Sep 28 05:46:41 UTC 2019
------------------ testing $PTII/ptolemy/domains/de/test/auto/MergeModel1Add.xml
auto.tcl: Setting watchdog for 200 seconds at Sat Sep 28 05:46:41 UTC 2019
20 ms. Memory: 55296K Free: 20589K (37%)
ptolemy.util.test.WatchDog.cancel(): canceling Sat Sep 28 05:46:41 UTC 2019
auto.tcl: Setting watchdog for 200 seconds at Sat Sep 28 05:46:41 UTC 2019
13 ms. Memory: 55296K Free: 18883K (34%)
ptolemy.util.test.WatchDog.cancel(): canceling Sat Sep 28 05:46:41 UTC 2019
------------------ testing $PTII/ptolemy/domains/de/test/auto/MergeModel2Add.xml
auto.tcl: Setting watchdog for 200 seconds at Sat Sep 28 05:46:41 UTC 2019
10 ms. Memory: 51200K Free: 18268K (36%)
ptolemy.util.test.WatchDog.cancel(): canceling Sat Sep 28 05:46:41 UTC 2019
auto.tcl: Setting watchdog for 200 seconds at Sat Sep 28 05:46:41 UTC 2019
10 ms. Memory: 51200K Free: 16542K (32%)
ptolemy.util.test.WatchDog.cancel(): canceling Sat Sep 28 05:46:41 UTC 2019
------------------ testing $PTII/ptolemy/domains/de/test/auto/MergeModel3Add.xml
auto.tcl: Setting watchdog for 200 seconds at Sat Sep 28 05:46:41 UTC 2019
11 ms. Memory: 51200K Free: 18276K (36%)
ptolemy.util.test.WatchDog.cancel(): canceling Sat Sep 28 05:46:41 UTC 2019
auto.tcl: Setting watchdog for 200 seconds at Sat Sep 28 05:46:41 UTC 2019
12 ms. Memory: 51200K Free: 16573K (32%)
ptolemy.util.test.WatchDog.cancel(): canceling Sat Sep 28 05:46:41 UTC 2019
------------------ testing $PTII/ptolemy/domains/de/test/auto/MergeWithoutDiscard.xml
auto.tcl: Setting watchdog for 200 seconds at Sat Sep 28 05:46:41 UTC 2019
3 ms. Memory: 48128K Free: 30370K (63%)
ptolemy.util.test.WatchDog.cancel(): canceling Sat Sep 28 05:46:41 UTC 2019
auto.tcl: Setting watchdog for 200 seconds at Sat Sep 28 05:46:41 UTC 2019
1 ms. Memory: 48128K Free: 29903K (62%)
ptolemy.util.test.WatchDog.cancel(): canceling Sat Sep 28 05:46:41 UTC 2019
------------------ testing $PTII/ptolemy/domains/de/test/auto/Modal1.xml
auto.tcl: Setting watchdog for 200 seconds at Sat Sep 28 05:46:42 UTC 2019
21 ms. Memory: 48128K Free: 21974K (46%)
ptolemy.util.test.WatchDog.cancel(): canceling Sat Sep 28 05:46:42 UTC 2019
auto.tcl: Setting watchdog for 200 seconds at Sat Sep 28 05:46:42 UTC 2019
14 ms. Memory: 48128K Free: 18454K (38%)
ptolemy.util.test.WatchDog.cancel(): canceling Sat Sep 28 05:46:42 UTC 2019
------------------ testing $PTII/ptolemy/domains/de/test/auto/Modal2.xml
auto.tcl: Setting watchdog for 200 seconds at Sat Sep 28 05:46:42 UTC 2019
16 ms. Memory: 48128K Free: 22365K (46%)
ptolemy.util.test.WatchDog.cancel(): canceling Sat Sep 28 05:46:42 UTC 2019
auto.tcl: Setting watchdog for 200 seconds at Sat Sep 28 05:46:42 UTC 2019
19 ms. Memory: 48128K Free: 18819K (39%)
ptolemy.util.test.WatchDog.cancel(): canceling Sat Sep 28 05:46:42 UTC 2019
------------------ testing $PTII/ptolemy/domains/de/test/auto/Modal3.xml
auto.tcl: Setting watchdog for 200 seconds at Sat Sep 28 05:46:42 UTC 2019
12 ms. Memory: 48128K Free: 22067K (46%)
ptolemy.util.test.WatchDog.cancel(): canceling Sat Sep 28 05:46:42 UTC 2019
auto.tcl: Setting watchdog for 200 seconds at Sat Sep 28 05:46:42 UTC 2019
14 ms. Memory: 48128K Free: 18435K (38%)
ptolemy.util.test.WatchDog.cancel(): canceling Sat Sep 28 05:46:42 UTC 2019
------------------ testing $PTII/ptolemy/domains/de/test/auto/Modal4.xml
auto.tcl: Setting watchdog for 200 seconds at Sat Sep 28 05:46:42 UTC 2019
29 ms. Memory: 48128K Free: 21078K (44%)
ptolemy.util.test.WatchDog.cancel(): canceling Sat Sep 28 05:46:42 UTC 2019
auto.tcl: Setting watchdog for 200 seconds at Sat Sep 28 05:46:42 UTC 2019
22 ms. Memory: 48128K Free: 17240K (36%)
ptolemy.util.test.WatchDog.cancel(): canceling Sat Sep 28 05:46:42 UTC 2019
------------------ testing $PTII/ptolemy/domains/de/test/auto/Modal5.xml
auto.tcl: Setting watchdog for 200 seconds at Sat Sep 28 05:46:42 UTC 2019
15 ms. Memory: 48128K Free: 21046K (44%)
ptolemy.util.test.WatchDog.cancel(): canceling Sat Sep 28 05:46:42 UTC 2019
auto.tcl: Setting watchdog for 200 seconds at Sat Sep 28 05:46:42 UTC 2019
14 ms. Memory: 48128K Free: 17386K (36%)
ptolemy.util.test.WatchDog.cancel(): canceling Sat Sep 28 05:46:42 UTC 2019
------------------ testing $PTII/ptolemy/domains/de/test/auto/Modal6.xml
auto.tcl: Setting watchdog for 200 seconds at Sat Sep 28 05:46:42 UTC 2019
18 ms. Memory: 48128K Free: 21576K (45%)
ptolemy.util.test.WatchDog.cancel(): canceling Sat Sep 28 05:46:42 UTC 2019
auto.tcl: Setting watchdog for 200 seconds at Sat Sep 28 05:46:42 UTC 2019
19 ms. Memory: 48128K Free: 17621K (37%)
ptolemy.util.test.WatchDog.cancel(): canceling Sat Sep 28 05:46:42 UTC 2019
------------------ testing $PTII/ptolemy/domains/de/test/auto/Modal7.xml
auto.tcl: Setting watchdog for 200 seconds at Sat Sep 28 05:46:42 UTC 2019
10 ms. Memory: 48128K Free: 20558K (43%)
ptolemy.util.test.WatchDog.cancel(): canceling Sat Sep 28 05:46:42 UTC 2019
auto.tcl: Setting watchdog for 200 seconds at Sat Sep 28 05:46:42 UTC 2019
13 ms. Memory: 48128K Free: 17008K (35%)
ptolemy.util.test.WatchDog.cancel(): canceling Sat Sep 28 05:46:42 UTC 2019
------------------ testing $PTII/ptolemy/domains/de/test/auto/ModalModel.xml
auto.tcl: Setting watchdog for 200 seconds at Sat Sep 28 05:46:42 UTC 2019
244 ms. Memory: 58368K Free: 23850K (41%)
ptolemy.util.test.WatchDog.cancel(): canceling Sat Sep 28 05:46:43 UTC 2019
auto.tcl: Setting watchdog for 200 seconds at Sat Sep 28 05:46:43 UTC 2019
229 ms. Memory: 58368K Free: 23454K (40%)
ptolemy.util.test.WatchDog.cancel(): canceling Sat Sep 28 05:46:43 UTC 2019
------------------ testing $PTII/ptolemy/domains/de/test/auto/ModalSource.xml
auto.tcl: Setting watchdog for 200 seconds at Sat Sep 28 05:46:43 UTC 2019
8 ms. Memory: 51200K Free: 28226K (55%)
ptolemy.util.test.WatchDog.cancel(): canceling Sat Sep 28 05:46:43 UTC 2019
auto.tcl: Setting watchdog for 200 seconds at Sat Sep 28 05:46:43 UTC 2019
6 ms. Memory: 51200K Free: 26256K (51%)
ptolemy.util.test.WatchDog.cancel(): canceling Sat Sep 28 05:46:43 UTC 2019
------------------ testing $PTII/ptolemy/domains/de/test/auto/NonInterruptibleTimerZeroDelay.xml
auto.tcl: Setting watchdog for 200 seconds at Sat Sep 28 05:46:43 UTC 2019
4 ms. Memory: 48128K Free: 30610K (64%)
ptolemy.util.test.WatchDog.cancel(): canceling Sat Sep 28 05:46:43 UTC 2019
auto.tcl: Setting watchdog for 200 seconds at Sat Sep 28 05:46:43 UTC 2019
3 ms. Memory: 48128K Free: 29977K (62%)
ptolemy.util.test.WatchDog.cancel(): canceling Sat Sep 28 05:46:43 UTC 2019
------------------ testing $PTII/ptolemy/domains/de/test/auto/OpenQueueingNetwork.xml
auto.tcl: Setting watchdog for 200 seconds at Sat Sep 28 05:46:43 UTC 2019
3598 ms. Memory: 95232K Free: 51279K (54%)
ptolemy.util.test.WatchDog.cancel(): canceling Sat Sep 28 05:46:47 UTC 2019
auto.tcl: Setting watchdog for 200 seconds at Sat Sep 28 05:46:47 UTC 2019
2819 ms. Memory: 114688K Free: 51176K (45%)
ptolemy.util.test.WatchDog.cancel(): canceling Sat Sep 28 05:46:50 UTC 2019
------------------ testing $PTII/ptolemy/domains/de/test/auto/OpenQueuingNetwork.xml
auto.tcl: Setting watchdog for 200 seconds at Sat Sep 28 05:46:50 UTC 2019
264 ms. Memory: 55296K Free: 25723K (47%)
ptolemy.util.test.WatchDog.cancel(): canceling Sat Sep 28 05:46:50 UTC 2019
auto.tcl: Setting watchdog for 200 seconds at Sat Sep 28 05:46:50 UTC 2019
267 ms. Memory: 66560K Free: 45584K (68%)
ptolemy.util.test.WatchDog.cancel(): canceling Sat Sep 28 05:46:50 UTC 2019
------------------ testing $PTII/ptolemy/domains/de/test/auto/PeriodicSampler.xml
auto.tcl: Setting watchdog for 200 seconds at Sat Sep 28 05:46:51 UTC 2019
3 ms. Memory: 51200K Free: 32892K (64%)
ptolemy.util.test.WatchDog.cancel(): canceling Sat Sep 28 05:46:51 UTC 2019
auto.tcl: Setting watchdog for 200 seconds at Sat Sep 28 05:46:51 UTC 2019
2 ms. Memory: 51200K Free: 32400K (63%)
ptolemy.util.test.WatchDog.cancel(): canceling Sat Sep 28 05:46:51 UTC 2019
------------------ testing $PTII/ptolemy/domains/de/test/auto/PersistentIO.xml
auto.tcl: Setting watchdog for 200 seconds at Sat Sep 28 05:46:51 UTC 2019
6 ms. Memory: 48128K Free: 24745K (51%)
ptolemy.util.test.WatchDog.cancel(): canceling Sat Sep 28 05:46:51 UTC 2019
auto.tcl: Setting watchdog for 200 seconds at Sat Sep 28 05:46:51 UTC 2019
6 ms. Memory: 48128K Free: 23293K (48%)
ptolemy.util.test.WatchDog.cancel(): canceling Sat Sep 28 05:46:51 UTC 2019
------------------ testing $PTII/ptolemy/domains/de/test/auto/PortParameterResetOnInitialize.xml
auto.tcl: Setting watchdog for 200 seconds at Sat Sep 28 05:46:51 UTC 2019
11 ms. Memory: 48128K Free: 29728K (62%)
ptolemy.util.test.WatchDog.cancel(): canceling Sat Sep 28 05:46:51 UTC 2019
auto.tcl: Setting watchdog for 200 seconds at Sat Sep 28 05:46:51 UTC 2019
2 ms. Memory: 48128K Free: 29257K (61%)
ptolemy.util.test.WatchDog.cancel(): canceling Sat Sep 28 05:46:51 UTC 2019
------------------ testing $PTII/ptolemy/domains/de/test/auto/PortParameterUpdates.xml
auto.tcl: Setting watchdog for 200 seconds at Sat Sep 28 05:46:51 UTC 2019
6 ms. Memory: 48128K Free: 27827K (58%)
ptolemy.util.test.WatchDog.cancel(): canceling Sat Sep 28 05:46:51 UTC 2019
auto.tcl: Setting watchdog for 200 seconds at Sat Sep 28 05:46:51 UTC 2019
7 ms. Memory: 48128K Free: 26336K (55%)
ptolemy.util.test.WatchDog.cancel(): canceling Sat Sep 28 05:46:51 UTC 2019
------------------ testing $PTII/ptolemy/domains/de/test/auto/QueueAndServer.xml
auto.tcl: Setting watchdog for 200 seconds at Sat Sep 28 05:46:51 UTC 2019
22 ms. Memory: 48128K Free: 26766K (56%)
ptolemy.util.test.WatchDog.cancel(): canceling Sat Sep 28 05:46:51 UTC 2019
auto.tcl: Setting watchdog for 200 seconds at Sat Sep 28 05:46:51 UTC 2019
7 ms. Memory: 48128K Free: 25327K (53%)
ptolemy.util.test.WatchDog.cancel(): canceling Sat Sep 28 05:46:51 UTC 2019
------------------ testing $PTII/ptolemy/domains/de/test/auto/Records.xml
auto.tcl: Setting watchdog for 200 seconds at Sat Sep 28 05:46:51 UTC 2019
6 ms. Memory: 48128K Free: 29288K (61%)
ptolemy.util.test.WatchDog.cancel(): canceling Sat Sep 28 05:46:51 UTC 2019
auto.tcl: Setting watchdog for 200 seconds at Sat Sep 28 05:46:51 UTC 2019
3 ms. Memory: 48128K Free: 28769K (60%)
ptolemy.util.test.WatchDog.cancel(): canceling Sat Sep 28 05:46:51 UTC 2019
------------------ testing $PTII/ptolemy/domains/de/test/auto/ResetTransitionWithStartTime1.xml
auto.tcl: Setting watchdog for 200 seconds at Sat Sep 28 05:46:51 UTC 2019
12 ms. Memory: 48128K Free: 26228K (54%)
ptolemy.util.test.WatchDog.cancel(): canceling Sat Sep 28 05:46:51 UTC 2019
auto.tcl: Setting watchdog for 200 seconds at Sat Sep 28 05:46:51 UTC 2019
6 ms. Memory: 48128K Free: 23708K (49%)
ptolemy.util.test.WatchDog.cancel(): canceling Sat Sep 28 05:46:51 UTC 2019
------------------ testing $PTII/ptolemy/domains/de/test/auto/ResetTransitionWithStartTime2.xml
auto.tcl: Setting watchdog for 200 seconds at Sat Sep 28 05:46:51 UTC 2019
6 ms. Memory: 48128K Free: 26183K (54%)
ptolemy.util.test.WatchDog.cancel(): canceling Sat Sep 28 05:46:51 UTC 2019
auto.tcl: Setting watchdog for 200 seconds at Sat Sep 28 05:46:51 UTC 2019
6 ms. Memory: 48128K Free: 23677K (49%)
ptolemy.util.test.WatchDog.cancel(): canceling Sat Sep 28 05:46:51 UTC 2019
------------------ testing $PTII/ptolemy/domains/de/test/auto/ResetTransitionWithStartTime3.xml
auto.tcl: Setting watchdog for 200 seconds at Sat Sep 28 05:46:51 UTC 2019
7 ms. Memory: 48128K Free: 26182K (54%)
ptolemy.util.test.WatchDog.cancel(): canceling Sat Sep 28 05:46:51 UTC 2019
auto.tcl: Setting watchdog for 200 seconds at Sat Sep 28 05:46:51 UTC 2019
6 ms. Memory: 48128K Free: 24118K (50%)
ptolemy.util.test.WatchDog.cancel(): canceling Sat Sep 28 05:46:51 UTC 2019
------------------ testing $PTII/ptolemy/domains/de/test/auto/ResetTransitionWithStartTime4.xml
auto.tcl: Setting watchdog for 200 seconds at Sat Sep 28 05:46:51 UTC 2019
14 ms. Memory: 48128K Free: 26668K (55%)
ptolemy.util.test.WatchDog.cancel(): canceling Sat Sep 28 05:46:51 UTC 2019
auto.tcl: Setting watchdog for 200 seconds at Sat Sep 28 05:46:51 UTC 2019
5 ms. Memory: 48128K Free: 25236K (52%)
ptolemy.util.test.WatchDog.cancel(): canceling Sat Sep 28 05:46:51 UTC 2019
------------------ testing $PTII/ptolemy/domains/de/test/auto/ResettableTimer1.xml
auto.tcl: Setting watchdog for 200 seconds at Sat Sep 28 05:46:52 UTC 2019
4 ms. Memory: 48128K Free: 30394K (63%)
ptolemy.util.test.WatchDog.cancel(): canceling Sat Sep 28 05:46:52 UTC 2019
auto.tcl: Setting watchdog for 200 seconds at Sat Sep 28 05:46:52 UTC 2019
4 ms. Memory: 48128K Free: 29300K (61%)
ptolemy.util.test.WatchDog.cancel(): canceling Sat Sep 28 05:46:52 UTC 2019
------------------ testing $PTII/ptolemy/domains/de/test/auto/ResettableTimer2.xml
auto.tcl: Setting watchdog for 200 seconds at Sat Sep 28 05:46:52 UTC 2019
3 ms. Memory: 48128K Free: 30491K (63%)
ptolemy.util.test.WatchDog.cancel(): canceling Sat Sep 28 05:46:52 UTC 2019
auto.tcl: Setting watchdog for 200 seconds at Sat Sep 28 05:46:52 UTC 2019
3 ms. Memory: 48128K Free: 29372K (61%)
ptolemy.util.test.WatchDog.cancel(): canceling Sat Sep 28 05:46:52 UTC 2019
------------------ testing $PTII/ptolemy/domains/de/test/auto/ResettableTimer3.xml
auto.tcl: Setting watchdog for 200 seconds at Sat Sep 28 05:46:52 UTC 2019
1 ms. Memory: 48128K Free: 30793K (64%)
ptolemy.util.test.WatchDog.cancel(): canceling Sat Sep 28 05:46:52 UTC 2019
auto.tcl: Setting watchdog for 200 seconds at Sat Sep 28 05:46:52 UTC 2019
1 ms. Memory: 48128K Free: 30313K (63%)
ptolemy.util.test.WatchDog.cancel(): canceling Sat Sep 28 05:46:52 UTC 2019
------------------ testing $PTII/ptolemy/domains/de/test/auto/ResettableTimer4.xml
auto.tcl: Setting watchdog for 200 seconds at Sat Sep 28 05:46:52 UTC 2019
2 ms. Memory: 48128K Free: 30367K (63%)
ptolemy.util.test.WatchDog.cancel(): canceling Sat Sep 28 05:46:52 UTC 2019
auto.tcl: Setting watchdog for 200 seconds at Sat Sep 28 05:46:52 UTC 2019
2 ms. Memory: 48128K Free: 29869K (62%)
ptolemy.util.test.WatchDog.cancel(): canceling Sat Sep 28 05:46:52 UTC 2019
------------------ testing $PTII/ptolemy/domains/de/test/auto/ResettableTimer5.xml
auto.tcl: Setting watchdog for 200 seconds at Sat Sep 28 05:46:52 UTC 2019
2 ms. Memory: 48128K Free: 29797K (62%)
ptolemy.util.test.WatchDog.cancel(): canceling Sat Sep 28 05:46:52 UTC 2019
auto.tcl: Setting watchdog for 200 seconds at Sat Sep 28 05:46:52 UTC 2019
2 ms. Memory: 48128K Free: 29325K (61%)
ptolemy.util.test.WatchDog.cancel(): canceling Sat Sep 28 05:46:52 UTC 2019
------------------ testing $PTII/ptolemy/domains/de/test/auto/ResettableTimer6.xml
auto.tcl: Setting watchdog for 200 seconds at Sat Sep 28 05:46:52 UTC 2019
2 ms. Memory: 48128K Free: 29788K (62%)
ptolemy.util.test.WatchDog.cancel(): canceling Sat Sep 28 05:46:52 UTC 2019
auto.tcl: Setting watchdog for 200 seconds at Sat Sep 28 05:46:52 UTC 2019
2 ms. Memory: 48128K Free: 29292K (61%)
ptolemy.util.test.WatchDog.cancel(): canceling Sat Sep 28 05:46:52 UTC 2019
------------------ testing $PTII/ptolemy/domains/de/test/auto/ServerZeroDelay.xml
auto.tcl: Setting watchdog for 200 seconds at Sat Sep 28 05:46:52 UTC 2019
2 ms. Memory: 48128K Free: 30306K (63%)
ptolemy.util.test.WatchDog.cancel(): canceling Sat Sep 28 05:46:52 UTC 2019
auto.tcl: Setting watchdog for 200 seconds at Sat Sep 28 05:46:52 UTC 2019
2 ms. Memory: 48128K Free: 29379K (61%)
ptolemy.util.test.WatchDog.cancel(): canceling Sat Sep 28 05:46:52 UTC 2019
------------------ testing $PTII/ptolemy/domains/de/test/auto/SmartSender.xml
auto.tcl: Setting watchdog for 200 seconds at Sat Sep 28 05:46:52 UTC 2019
3001 ms. Memory: 48128K Free: 30301K (63%)
ptolemy.util.test.WatchDog.cancel(): canceling Sat Sep 28 05:46:55 UTC 2019
auto.tcl: Setting watchdog for 200 seconds at Sat Sep 28 05:46:55 UTC 2019
3001 ms. Memory: 48128K Free: 29813K (62%)
ptolemy.util.test.WatchDog.cancel(): canceling Sat Sep 28 05:46:58 UTC 2019
------------------ testing $PTII/ptolemy/domains/de/test/auto/ThreadedComposite.xml
auto.tcl: Setting watchdog for 200 seconds at Sat Sep 28 05:46:58 UTC 2019
300 ms. Memory: 48128K Free: 31250K (65%)
ptolemy.util.test.WatchDog.cancel(): canceling Sat Sep 28 05:46:58 UTC 2019
auto.tcl: Setting watchdog for 200 seconds at Sat Sep 28 05:46:58 UTC 2019
172 ms. Memory: 48128K Free: 16014K (33%)
ptolemy.util.test.WatchDog.cancel(): canceling Sat Sep 28 05:46:59 UTC 2019
------------------ testing $PTII/ptolemy/domains/de/test/auto/Time.xml
auto.tcl: Setting watchdog for 200 seconds at Sat Sep 28 05:46:59 UTC 2019
535 ms. Memory: 48128K Free: 26415K (55%)
ptolemy.util.test.WatchDog.cancel(): canceling Sat Sep 28 05:46:59 UTC 2019
auto.tcl: Setting watchdog for 200 seconds at Sat Sep 28 05:46:59 UTC 2019
539 ms. Memory: 48128K Free: 21687K (45%)
ptolemy.util.test.WatchDog.cancel(): canceling Sat Sep 28 05:47:00 UTC 2019
------------------ testing $PTII/ptolemy/domains/de/test/auto/TimeDelayZeroDelay.xml
auto.tcl: Setting watchdog for 200 seconds at Sat Sep 28 05:47:00 UTC 2019
3 ms. Memory: 48128K Free: 30727K (64%)
ptolemy.util.test.WatchDog.cancel(): canceling Sat Sep 28 05:47:00 UTC 2019
auto.tcl: Setting watchdog for 200 seconds at Sat Sep 28 05:47:00 UTC 2019
2 ms. Memory: 48128K Free: 29819K (62%)
ptolemy.util.test.WatchDog.cancel(): canceling Sat Sep 28 05:47:00 UTC 2019
------------------ testing $PTII/ptolemy/domains/de/test/auto/TimerZeroDelay.xml
auto.tcl: Setting watchdog for 200 seconds at Sat Sep 28 05:47:00 UTC 2019
2 ms. Memory: 48128K Free: 30742K (64%)
ptolemy.util.test.WatchDog.cancel(): canceling Sat Sep 28 05:47:00 UTC 2019
auto.tcl: Setting watchdog for 200 seconds at Sat Sep 28 05:47:00 UTC 2019
2 ms. Memory: 48128K Free: 30299K (63%)
ptolemy.util.test.WatchDog.cancel(): canceling Sat Sep 28 05:47:00 UTC 2019
------------------ testing $PTII/ptolemy/domains/de/test/auto/TimingParadox.xml
auto.tcl: Setting watchdog for 200 seconds at Sat Sep 28 05:47:00 UTC 2019
364 ms. Memory: 48128K Free: 11890K (25%)
ptolemy.util.test.WatchDog.cancel(): canceling Sat Sep 28 05:47:01 UTC 2019
auto.tcl: Setting watchdog for 200 seconds at Sat Sep 28 05:47:01 UTC 2019
418 ms. Memory: 48128K Free: 22948K (48%)
ptolemy.util.test.WatchDog.cancel(): canceling Sat Sep 28 05:47:01 UTC 2019
------------------ testing $PTII/ptolemy/domains/de/test/auto/TransferInputs.xml
auto.tcl: Setting watchdog for 200 seconds at Sat Sep 28 05:47:01 UTC 2019
3 ms. Memory: 48128K Free: 28742K (60%)
ptolemy.util.test.WatchDog.cancel(): canceling Sat Sep 28 05:47:01 UTC 2019
auto.tcl: Setting watchdog for 200 seconds at Sat Sep 28 05:47:01 UTC 2019
4 ms. Memory: 48128K Free: 27878K (58%)
ptolemy.util.test.WatchDog.cancel(): canceling Sat Sep 28 05:47:01 UTC 2019
------------------ testing $PTII/ptolemy/domains/de/test/auto/TransferOutputs2.xml
auto.tcl: Setting watchdog for 200 seconds at Sat Sep 28 05:47:01 UTC 2019
11 ms. Memory: 48128K Free: 26185K (54%)
ptolemy.util.test.WatchDog.cancel(): canceling Sat Sep 28 05:47:01 UTC 2019
auto.tcl: Setting watchdog for 200 seconds at Sat Sep 28 05:47:01 UTC 2019
3 ms. Memory: 48128K Free: 24800K (52%)
ptolemy.util.test.WatchDog.cancel(): canceling Sat Sep 28 05:47:01 UTC 2019
------------------ testing $PTII/ptolemy/domains/de/test/auto/Trilateration.xml
auto.tcl: Setting watchdog for 200 seconds at Sat Sep 28 05:47:01 UTC 2019
16024 ms. Memory: 526336K Free: 440761K (84%)
ptolemy.util.test.WatchDog.cancel(): canceling Sat Sep 28 05:47:18 UTC 2019
auto.tcl: Setting watchdog for 200 seconds at Sat Sep 28 05:47:18 UTC 2019
11757 ms. Memory: 526336K Free: 298982K (57%)
ptolemy.util.test.WatchDog.cancel(): canceling Sat Sep 28 05:47:30 UTC 2019
------------------ testing $PTII/ptolemy/domains/de/test/auto/TwoSigmaDelta.xml
auto.tcl: Setting watchdog for 200 seconds at Sat Sep 28 05:47:30 UTC 2019
2958 ms. Memory: 89088K Free: 19741K (22%)
ptolemy.util.test.WatchDog.cancel(): canceling Sat Sep 28 05:47:33 UTC 2019
auto.tcl: Setting watchdog for 200 seconds at Sat Sep 28 05:47:33 UTC 2019
2210 ms. Memory: 89088K Free: 17669K (20%)
ptolemy.util.test.WatchDog.cancel(): canceling Sat Sep 28 05:47:36 UTC 2019
------------------ testing $PTII/ptolemy/domains/de/test/auto/VariableDelay.xml
auto.tcl: Setting watchdog for 200 seconds at Sat Sep 28 05:47:36 UTC 2019
8 ms. Memory: 51200K Free: 32288K (63%)
ptolemy.util.test.WatchDog.cancel(): canceling Sat Sep 28 05:47:36 UTC 2019
auto.tcl: Setting watchdog for 200 seconds at Sat Sep 28 05:47:36 UTC 2019
2 ms. Memory: 51200K Free: 31294K (61%)
ptolemy.util.test.WatchDog.cancel(): canceling Sat Sep 28 05:47:36 UTC 2019
------------------ testing $PTII/ptolemy/domains/de/test/auto/VariableDelay2.xml
auto.tcl: Setting watchdog for 200 seconds at Sat Sep 28 05:47:36 UTC 2019
11 ms. Memory: 48128K Free: 29880K (62%)
ptolemy.util.test.WatchDog.cancel(): canceling Sat Sep 28 05:47:36 UTC 2019
auto.tcl: Setting watchdog for 200 seconds at Sat Sep 28 05:47:36 UTC 2019
2 ms. Memory: 48128K Free: 29135K (61%)
ptolemy.util.test.WatchDog.cancel(): canceling Sat Sep 28 05:47:36 UTC 2019
------------------ testing $PTII/ptolemy/domains/de/test/auto/VariableDelayZeroDelay.xml
auto.tcl: Setting watchdog for 200 seconds at Sat Sep 28 05:47:36 UTC 2019
11 ms. Memory: 48128K Free: 30364K (63%)
ptolemy.util.test.WatchDog.cancel(): canceling Sat Sep 28 05:47:36 UTC 2019
auto.tcl: Setting watchdog for 200 seconds at Sat Sep 28 05:47:36 UTC 2019
1 ms. Memory: 48128K Free: 29661K (62%)
ptolemy.util.test.WatchDog.cancel(): canceling Sat Sep 28 05:47:36 UTC 2019
------------------ testing $PTII/ptolemy/domains/de/test/auto/VariableDelayZeroDelay2.xml
auto.tcl: Setting watchdog for 200 seconds at Sat Sep 28 05:47:36 UTC 2019
2 ms. Memory: 48128K Free: 30157K (63%)
ptolemy.util.test.WatchDog.cancel(): canceling Sat Sep 28 05:47:36 UTC 2019
auto.tcl: Setting watchdog for 200 seconds at Sat Sep 28 05:47:36 UTC 2019
2 ms. Memory: 48128K Free: 29168K (61%)
ptolemy.util.test.WatchDog.cancel(): canceling Sat Sep 28 05:47:36 UTC 2019
------------------ testing $PTII/ptolemy/domains/de/test/auto/deInCt.xml
auto.tcl: Setting watchdog for 200 seconds at Sat Sep 28 05:47:36 UTC 2019
0
1
1
1
0
0
0
1
1
1
1
0
0
0
0
1
1
1
0
0
0
0
1
1
1
1
0
0
0
1
1
0
0
0
1
1
1
1
12 ms. Memory: 48128K Free: 29130K (61%)
ptolemy.util.test.WatchDog.cancel(): canceling Sat Sep 28 05:47:36 UTC 2019
auto.tcl: Setting watchdog for 200 seconds at Sat Sep 28 05:47:36 UTC 2019
0
1
1
1
1
1
0
0
0
0
1
1
1
0
0
0
0
1
1
1
0
0
0
1
1
1
0
0
0
0
1
1
1
0
0
0
0
14 ms. Memory: 48128K Free: 27641K (57%)
ptolemy.util.test.WatchDog.cancel(): canceling Sat Sep 28 05:47:36 UTC 2019
------------------ testing $PTII/ptolemy/domains/de/test/auto/deInCt2.xml
auto.tcl: Setting watchdog for 200 seconds at Sat Sep 28 05:47:36 UTC 2019
0
1
1
1
0
0
1
1
1
0
0
1
1
1
0
0
1
1
1
0
0
1
1
1
0
0
1
1
1
0
0
1
1
1
0
0
1
1
1
0
0
0
13 ms. Memory: 48128K Free: 29132K (61%)
ptolemy.util.test.WatchDog.cancel(): canceling Sat Sep 28 05:47:36 UTC 2019
auto.tcl: Setting watchdog for 200 seconds at Sat Sep 28 05:47:36 UTC 2019
0
1
1
1
0
0
1
1
1
0
0
1
1
1
0
0
1
1
1
0
0
1
1
1
0
0
1
1
1
0
0
1
1
1
0
0
1
1
1
0
0
0
6 ms. Memory: 48128K Free: 27643K (57%)
ptolemy.util.test.WatchDog.cancel(): canceling Sat Sep 28 05:47:36 UTC 2019
------------------ testing $PTII/ptolemy/domains/de/test/auto/dynamicCausalityInterface1.xml
auto.tcl: Setting watchdog for 200 seconds at Sat Sep 28 05:47:36 UTC 2019
1 ms. Memory: 48128K Free: 24502K (51%)
ptolemy.util.test.WatchDog.cancel(): canceling Sat Sep 28 05:47:36 UTC 2019
auto.tcl: Setting watchdog for 200 seconds at Sat Sep 28 05:47:36 UTC 2019
1 ms. Memory: 48128K Free: 24023K (50%)
ptolemy.util.test.WatchDog.cancel(): canceling Sat Sep 28 05:47:36 UTC 2019
------------------ testing $PTII/ptolemy/domains/de/test/auto/fsm_de_test.xml
auto.tcl: Setting watchdog for 200 seconds at Sat Sep 28 05:47:36 UTC 2019
12 ms. Memory: 48128K Free: 24963K (52%)
ptolemy.util.test.WatchDog.cancel(): canceling Sat Sep 28 05:47:36 UTC 2019
auto.tcl: Setting watchdog for 200 seconds at Sat Sep 28 05:47:36 UTC 2019
7 ms. Memory: 48128K Free: 22994K (48%)
ptolemy.util.test.WatchDog.cancel(): canceling Sat Sep 28 05:47:36 UTC 2019
------------------ testing $PTII/ptolemy/domains/de/test/auto/functionDependencyReconstruction.xml
auto.tcl: Setting watchdog for 200 seconds at Sat Sep 28 05:47:36 UTC 2019
3 ms. Memory: 48128K Free: 18977K (39%)
ptolemy.util.test.WatchDog.cancel(): canceling Sat Sep 28 05:47:36 UTC 2019
auto.tcl: Setting watchdog for 200 seconds at Sat Sep 28 05:47:36 UTC 2019
3 ms. Memory: 48128K Free: 16801K (35%)
ptolemy.util.test.WatchDog.cancel(): canceling Sat Sep 28 05:47:36 UTC 2019
------------------ testing $PTII/ptolemy/domains/de/test/auto/multirate.xml
auto.tcl: Setting watchdog for 200 seconds at Sat Sep 28 05:47:36 UTC 2019
8 ms. Memory: 48128K Free: 27037K (56%)
ptolemy.util.test.WatchDog.cancel(): canceling Sat Sep 28 05:47:36 UTC 2019
auto.tcl: Setting watchdog for 200 seconds at Sat Sep 28 05:47:36 UTC 2019
2 ms. Memory: 48128K Free: 25923K (54%)
ptolemy.util.test.WatchDog.cancel(): canceling Sat Sep 28 05:47:36 UTC 2019
------------------ testing $PTII/ptolemy/domains/de/test/auto/multirate2.xml
auto.tcl: Setting watchdog for 200 seconds at Sat Sep 28 05:47:36 UTC 2019
2 ms. Memory: 48128K Free: 27789K (58%)
ptolemy.util.test.WatchDog.cancel(): canceling Sat Sep 28 05:47:36 UTC 2019
auto.tcl: Setting watchdog for 200 seconds at Sat Sep 28 05:47:36 UTC 2019
5 ms. Memory: 48128K Free: 26110K (54%)
ptolemy.util.test.WatchDog.cancel(): canceling Sat Sep 28 05:47:36 UTC 2019
------------------ testing $PTII/ptolemy/domains/de/test/auto/realtime.xml
auto.tcl: Setting watchdog for 200 seconds at Sat Sep 28 05:47:37 UTC 2019
10002 ms. Memory: 48128K Free: 29851K (62%)
ptolemy.util.test.WatchDog.cancel(): canceling Sat Sep 28 05:47:47 UTC 2019
auto.tcl: Setting watchdog for 200 seconds at Sat Sep 28 05:47:47 UTC 2019
10001 ms. Memory: 48128K Free: 29109K (60%)
ptolemy.util.test.WatchDog.cancel(): canceling Sat Sep 28 05:47:57 UTC 2019
------------------ testing $PTII/ptolemy/domains/de/test/auto/relationGroup.xml
auto.tcl: Setting watchdog for 200 seconds at Sat Sep 28 05:47:57 UTC 2019
9 ms. Memory: 48128K Free: 30869K (64%)
ptolemy.util.test.WatchDog.cancel(): canceling Sat Sep 28 05:47:57 UTC 2019
auto.tcl: Setting watchdog for 200 seconds at Sat Sep 28 05:47:57 UTC 2019
3 ms. Memory: 48128K Free: 30159K (63%)
ptolemy.util.test.WatchDog.cancel(): canceling Sat Sep 28 05:47:57 UTC 2019
------------------ testing $PTII/ptolemy/domains/de/test/auto/relationGroup2.xml
auto.tcl: Setting watchdog for 200 seconds at Sat Sep 28 05:47:57 UTC 2019
2 ms. Memory: 48128K Free: 30903K (64%)
ptolemy.util.test.WatchDog.cancel(): canceling Sat Sep 28 05:47:57 UTC 2019
auto.tcl: Setting watchdog for 200 seconds at Sat Sep 28 05:47:57 UTC 2019
2 ms. Memory: 48128K Free: 30185K (63%)
ptolemy.util.test.WatchDog.cancel(): canceling Sat Sep 28 05:47:57 UTC 2019
------------------ testing $PTII/ptolemy/domains/de/test/auto/sortWithOpaquePorts.xml
auto.tcl: Setting watchdog for 200 seconds at Sat Sep 28 05:47:57 UTC 2019
2 ms. Memory: 48128K Free: 29657K (62%)
ptolemy.util.test.WatchDog.cancel(): canceling Sat Sep 28 05:47:57 UTC 2019
auto.tcl: Setting watchdog for 200 seconds at Sat Sep 28 05:47:57 UTC 2019
2 ms. Memory: 48128K Free: 28676K (60%)
ptolemy.util.test.WatchDog.cancel(): canceling Sat Sep 28 05:47:57 UTC 2019
------------------ testing $PTII/ptolemy/domains/de/test/auto/transferInputsandOutputs.xml
auto.tcl: Setting watchdog for 200 seconds at Sat Sep 28 05:47:57 UTC 2019
3 ms. Memory: 48128K Free: 27101K (56%)
ptolemy.util.test.WatchDog.cancel(): canceling Sat Sep 28 05:47:57 UTC 2019
auto.tcl: Setting watchdog for 200 seconds at Sat Sep 28 05:47:57 UTC 2019
2 ms. Memory: 48128K Free: 26115K (54%)
ptolemy.util.test.WatchDog.cancel(): canceling Sat Sep 28 05:47:57 UTC 2019
------------------ testing $PTII/ptolemy/domains/de/test/auto/triggerType.xml
auto.tcl: Setting watchdog for 200 seconds at Sat Sep 28 05:47:57 UTC 2019
2 ms. Memory: 48128K Free: 30125K (63%)
ptolemy.util.test.WatchDog.cancel(): canceling Sat Sep 28 05:47:57 UTC 2019
auto.tcl: Setting watchdog for 200 seconds at Sat Sep 28 05:47:57 UTC 2019
2 ms. Memory: 48128K Free: 29156K (61%)
ptolemy.util.test.WatchDog.cancel(): canceling Sat Sep 28 05:47:57 UTC 2019
09/28/19 05:47:57
Failed: 0  Total Tests: 192  ((Passed: 187, Newly Passed: 1)  Known Failed: 5) /home/travis/build/icyphy/ptII/ptolemy/domains/de/test
09/28/19 05:47:57
Failed: 0  Total Tests: 192  ((Passed: 187, Newly Passed: 1)  Known Failed: 5) /home/travis/build/icyphy/ptII/ptolemy/domains/de/test
----------------- testing (KnownFailure) /home/travis/build/icyphy/ptII/ptolemy/domains/de/test/auto/knownFailedTests/DESDFClockTest.xml
2012 ms. Memory: 48128K Free: 23010K (48%)
Known Failure: java.lang.reflect.InvocationTargetException
----------------- testing (KnownFailure) /home/travis/build/icyphy/ptII/ptolemy/domains/de/test/auto/knownFailedTests/DirectFeedback.xml
2 ms. Memory: 48128K Free: 18914K (39%)
Known Failure: java.lang.reflect.InvocationTargetException
----------------- testing (KnownFailure) /home/travis/build/icyphy/ptII/ptolemy/domains/de/test/auto/knownFailedTests/FSMSource.xml
15 ms. Memory: 48128K Free: 11746K (24%)
----------------- testing (KnownFailure) /home/travis/build/icyphy/ptII/ptolemy/domains/de/test/auto/knownFailedTests/HierarchicalModel.xml
2 ms. Memory: 48128K Free: 21541K (45%)
Known Failure: java.lang.reflect.InvocationTargetException
----------------- testing (KnownFailure) /home/travis/build/icyphy/ptII/ptolemy/domains/de/test/auto/knownFailedTests/dependencyLoop.xml
8 ms. Memory: 48128K Free: 32004K (66%)
Known Failure: java.lang.reflect.InvocationTargetException
----------------- testing (KnownFailure) /home/travis/build/icyphy/ptII/ptolemy/domains/de/test/auto/knownFailedTests/dependencyLoop2.xml
3 ms. Memory: 48128K Free: 16694K (35%)
Known Failure: java.lang.reflect.InvocationTargetException
No auto/linux-amd64/*.xml tests in /home/travis/build/icyphy/ptII/ptolemy/domains/de/test
AutoTests.java: About to close Vertx.
AutoTests.java: Vertx closed.

===========================================================================================
----------------- testing Sat Sep 28 05:47:59 UTC 2019 /home/travis/build/icyphy/ptII/ptolemy/domains/de/test/auto/ActorDepthCalculation_actorWithoutPorts.xml
----------------- Instantiating /home/travis/build/icyphy/ptII/ptolemy/domains/de/test/auto/ActorDepthCalculation_actorWithoutPorts.xml
2 ms. Memory: 48128K Free: 10076K (21%)
----------------- Invoking toplevel() on ptolemy.moml.MoMLSimpleApplication@3b486522
----------------- Done invoking toplevel() on ptolemy.moml.MoMLSimpleApplication@3b486522
reloadAllAccessors: .ActorDepthCalculation_actorWithoutPorts

===========================================================================================
----------------- testing Sat Sep 28 05:47:59 UTC 2019 /home/travis/build/icyphy/ptII/ptolemy/domains/de/test/auto/AssemblyLine.xml
----------------- Instantiating /home/travis/build/icyphy/ptII/ptolemy/domains/de/test/auto/AssemblyLine.xml
3 ms. Memory: 48128K Free: 28796K (60%)
----------------- Invoking toplevel() on ptolemy.moml.MoMLSimpleApplication@70f44f52
----------------- Done invoking toplevel() on ptolemy.moml.MoMLSimpleApplication@70f44f52
reloadAllAccessors: .AssemblyLine

===========================================================================================
----------------- testing Sat Sep 28 05:47:59 UTC 2019 /home/travis/build/icyphy/ptII/ptolemy/domains/de/test/auto/CQBug1.xml
----------------- Instantiating /home/travis/build/icyphy/ptII/ptolemy/domains/de/test/auto/CQBug1.xml
2 ms. Memory: 48128K Free: 25724K (53%)
----------------- Invoking toplevel() on ptolemy.moml.MoMLSimpleApplication@2bef4717
----------------- Done invoking toplevel() on ptolemy.moml.MoMLSimpleApplication@2bef4717
reloadAllAccessors: .CQBug1

===========================================================================================
----------------- testing Sat Sep 28 05:47:59 UTC 2019 /home/travis/build/icyphy/ptII/ptolemy/domains/de/test/auto/CancelFireAt.xml
----------------- Instantiating /home/travis/build/icyphy/ptII/ptolemy/domains/de/test/auto/CancelFireAt.xml
9 ms. Memory: 48128K Free: 23404K (49%)
----------------- Invoking toplevel() on ptolemy.moml.MoMLSimpleApplication@390d0660
----------------- Done invoking toplevel() on ptolemy.moml.MoMLSimpleApplication@390d0660
reloadAllAccessors: .CancelFireAt

===========================================================================================
----------------- testing Sat Sep 28 05:47:59 UTC 2019 /home/travis/build/icyphy/ptII/ptolemy/domains/de/test/auto/CausalityAndComposabilityAnalysis.xml
----------------- Instantiating /home/travis/build/icyphy/ptII/ptolemy/domains/de/test/auto/CausalityAndComposabilityAnalysis.xml
2 ms. Memory: 48128K Free: 19011K (40%)
----------------- Invoking toplevel() on ptolemy.moml.MoMLSimpleApplication@56a703b0
----------------- Done invoking toplevel() on ptolemy.moml.MoMLSimpleApplication@56a703b0
reloadAllAccessors: .CausalityAndComposabilityAnalysis

===========================================================================================
----------------- testing Sat Sep 28 05:47:59 UTC 2019 /home/travis/build/icyphy/ptII/ptolemy/domains/de/test/auto/CausalityInterface1.xml
----------------- Instantiating /home/travis/build/icyphy/ptII/ptolemy/domains/de/test/auto/CausalityInterface1.xml
7 ms. Memory: 48128K Free: 13652K (28%)
----------------- Invoking toplevel() on ptolemy.moml.MoMLSimpleApplication@49c26af0
----------------- Done invoking toplevel() on ptolemy.moml.MoMLSimpleApplication@49c26af0
reloadAllAccessors: .CausalityInterface1

===========================================================================================
----------------- testing Sat Sep 28 05:47:59 UTC 2019 /home/travis/build/icyphy/ptII/ptolemy/domains/de/test/auto/CausalityInterface15.xml
----------------- Instantiating /home/travis/build/icyphy/ptII/ptolemy/domains/de/test/auto/CausalityInterface15.xml
3 ms. Memory: 48128K Free: 8316K (17%)
----------------- Invoking toplevel() on ptolemy.moml.MoMLSimpleApplication@564c84e5
----------------- Done invoking toplevel() on ptolemy.moml.MoMLSimpleApplication@564c84e5
reloadAllAccessors: .CausalityInterface15

===========================================================================================
----------------- testing Sat Sep 28 05:47:59 UTC 2019 /home/travis/build/icyphy/ptII/ptolemy/domains/de/test/auto/CausalityInterface2.xml
----------------- Instantiating /home/travis/build/icyphy/ptII/ptolemy/domains/de/test/auto/CausalityInterface2.xml
2 ms. Memory: 48128K Free: 29326K (61%)
[...]
	at ptolemy.actor.Manager.run(Manager.java:1263)
	at ptolemy.actor.Manager$PtolemyRunThread.run(Manager.java:1933)
java.lang.RuntimeException: Execution failed
	at ptolemy.moml.MoMLSimpleApplication$UnloadThread.run(MoMLSimpleApplication.java:402)
Caused by: ptolemy.kernel.util.IllegalActionException: Actor is not ready to fire.  Perhaps UpSample.prefire() returned false? Try debugging the actor by selecting "Listen to Actor".  Also, for SDF check moml for tokenConsumptionRate on input.
  in .DESDFClockTest.Play Bell.Copy1:SDF Director and .DESDFClockTest.Play Bell.UpSample
	at ptolemy.actor.sched.StaticSchedulingDirector.fire(StaticSchedulingDirector.java:227)
	at ptolemy.domains.sdf.kernel.SDFDirector.fire(SDFDirector.java:500)
	at ptolemy.actor.CompositeActor.fire(CompositeActor.java:455)
	at ptolemy.domains.de.kernel.DEDirector._fire(DEDirector.java:1949)
	at ptolemy.domains.de.kernel.DEDirector.fire(DEDirector.java:502)
	at ptolemy.actor.CompositeActor.fire(CompositeActor.java:455)
	at ptolemy.actor.Manager.iterate(Manager.java:851)
	at ptolemy.actor.Manager.execute(Manager.java:369)
	at ptolemy.actor.Manager.run(Manager.java:1263)
	at ptolemy.actor.Manager$PtolemyRunThread.run(Manager.java:1933)
java.lang.reflect.InvocationTargetException
	at java.base/jdk.internal.reflect.NativeConstructorAccessorImpl.newInstance0(Native Method)
	at java.base/jdk.internal.reflect.NativeConstructorAccessorImpl.newInstance(NativeConstructorAccessorImpl.java:62)
	at java.base/jdk.internal.reflect.DelegatingConstructorAccessorImpl.newInstance(DelegatingConstructorAccessorImpl.java:45)
	at java.base/java.lang.reflect.Constructor.newInstance(Constructor.java:490)
	at ptolemy.util.test.junit.AutoKnownFailedTests.RunModel(AutoKnownFailedTests.java:105)
	at java.base/jdk.internal.reflect.NativeMethodAccessorImpl.invoke0(Native Method)
	at java.base/jdk.internal.reflect.NativeMethodAccessorImpl.invoke(NativeMethodAccessorImpl.java:62)
	at java.base/jdk.internal.reflect.DelegatingMethodAccessorImpl.invoke(DelegatingMethodAccessorImpl.java:43)
	at java.base/java.lang.reflect.Method.invoke(Method.java:566)
	at org.junit.runners.model.FrameworkMethod$1.runReflectiveCall(FrameworkMethod.java:44)
	at org.junit.internal.runners.model.ReflectiveCallable.run(ReflectiveCallable.java:15)
	at org.junit.runners.model.FrameworkMethod.invokeExplosively(FrameworkMethod.java:41)
	at junitparams.internal.InvokeParameterisedMethod.evaluate(InvokeParameterisedMethod.java:102)
	at org.junit.internal.runners.statements.FailOnTimeout$1.run(FailOnTimeout.java:28)
Caused by: ptolemy.kernel.util.IllegalActionException: Actor is not ready to fire.  Perhaps UpSample.prefire() returned false? Try debugging the actor by selecting "Listen to Actor".  Also, for SDF check moml for tokenConsumptionRate on input.
  in .DESDFClockTest.Play Bell.Copy1:SDF Director and .DESDFClockTest.Play Bell.UpSample
	at ptolemy.actor.sched.StaticSchedulingDirector.fire(StaticSchedulingDirector.java:227)
	at ptolemy.domains.sdf.kernel.SDFDirector.fire(SDFDirector.java:500)
	at ptolemy.actor.CompositeActor.fire(CompositeActor.java:455)
	at ptolemy.domains.de.kernel.DEDirector._fire(DEDirector.java:1949)
	at ptolemy.domains.de.kernel.DEDirector.fire(DEDirector.java:502)
	at ptolemy.actor.CompositeActor.fire(CompositeActor.java:455)
	at ptolemy.actor.Manager.iterate(Manager.java:851)
	at ptolemy.actor.Manager.execute(Manager.java:369)
	at ptolemy.actor.Manager.run(Manager.java:1263)
	at ptolemy.actor.Manager$PtolemyRunThread.run(Manager.java:1933)
java.lang.RuntimeException: Execution failed
	at ptolemy.moml.MoMLSimpleApplication$UnloadThread.run(MoMLSimpleApplication.java:402)
Caused by: ptolemy.kernel.util.IllegalActionException: Test fails in iteration 1.
Value was: 1.0. Should have been: 2.0
  in .DirectFeedback.Test
	at ptolemy.actor.lib.Test.fire(Test.java:268)
	at ptolemy.domains.de.kernel.DEDirector._fire(DEDirector.java:1949)
	at ptolemy.domains.de.kernel.DEDirector.fire(DEDirector.java:502)
	at ptolemy.actor.CompositeActor.fire(CompositeActor.java:455)
	at ptolemy.actor.Manager.iterate(Manager.java:851)
	at ptolemy.actor.Manager.execute(Manager.java:369)
	at ptolemy.actor.Manager.run(Manager.java:1263)
	at ptolemy.actor.Manager$PtolemyRunThread.run(Manager.java:1933)
java.lang.reflect.InvocationTargetException
	at java.base/jdk.internal.reflect.NativeConstructorAccessorImpl.newInstance0(Native Method)
	at java.base/jdk.internal.reflect.NativeConstructorAccessorImpl.newInstance(NativeConstructorAccessorImpl.java:62)
	at java.base/jdk.internal.reflect.DelegatingConstructorAccessorImpl.newInstance(DelegatingConstructorAccessorImpl.java:45)
	at java.base/java.lang.reflect.Constructor.newInstance(Constructor.java:490)
	at ptolemy.util.test.junit.AutoKnownFailedTests.RunModel(AutoKnownFailedTests.java:105)
	at java.base/jdk.internal.reflect.NativeMethodAccessorImpl.invoke0(Native Method)
	at java.base/jdk.internal.reflect.NativeMethodAccessorImpl.invoke(NativeMethodAccessorImpl.java:62)
	at java.base/jdk.internal.reflect.DelegatingMethodAccessorImpl.invoke(DelegatingMethodAccessorImpl.java:43)
	at java.base/java.lang.reflect.Method.invoke(Method.java:566)
	at org.junit.runners.model.FrameworkMethod$1.runReflectiveCall(FrameworkMethod.java:44)
	at org.junit.internal.runners.model.ReflectiveCallable.run(ReflectiveCallable.java:15)
	at org.junit.runners.model.FrameworkMethod.invokeExplosively(FrameworkMethod.java:41)
	at junitparams.internal.InvokeParameterisedMethod.evaluate(InvokeParameterisedMethod.java:102)
	at org.junit.internal.runners.statements.FailOnTimeout$1.run(FailOnTimeout.java:28)
Caused by: ptolemy.kernel.util.IllegalActionException: Test fails in iteration 1.
Value was: 1.0. Should have been: 2.0
  in .DirectFeedback.Test
	at ptolemy.actor.lib.Test.fire(Test.java:268)
	at ptolemy.domains.de.kernel.DEDirector._fire(DEDirector.java:1949)
	at ptolemy.domains.de.kernel.DEDirector.fire(DEDirector.java:502)
	at ptolemy.actor.CompositeActor.fire(CompositeActor.java:455)
	at ptolemy.actor.Manager.iterate(Manager.java:851)
	at ptolemy.actor.Manager.execute(Manager.java:369)
	at ptolemy.actor.Manager.run(Manager.java:1263)
	at ptolemy.actor.Manager$PtolemyRunThread.run(Manager.java:1933)
java.lang.RuntimeException: Execution failed
	at ptolemy.moml.MoMLSimpleApplication$UnloadThread.run(MoMLSimpleApplication.java:402)
Caused by: ptolemy.kernel.util.IllegalActionException: Found a zero delay loop containing .HierarchicalModel.A
  in .HierarchicalModel and .HierarchicalModel.A
	at ptolemy.actor.util.CausalityInterfaceForComposites._computeOutputPortDepth(CausalityInterfaceForComposites.java:759)
	at ptolemy.actor.util.CausalityInterfaceForComposites._computeInputDepth(CausalityInterfaceForComposites.java:696)
	at ptolemy.actor.util.CausalityInterfaceForComposites._computeOutputPortDepth(CausalityInterfaceForComposites.java:765)
	at ptolemy.actor.util.CausalityInterfaceForComposites._computeInputDepth(CausalityInterfaceForComposites.java:696)
	at ptolemy.actor.util.CausalityInterfaceForComposites._computeOutputPortDepth(CausalityInterfaceForComposites.java:765)
	at ptolemy.actor.util.CausalityInterfaceForComposites._computeInputDepth(CausalityInterfaceForComposites.java:696)
	at ptolemy.actor.util.CausalityInterfaceForComposites._computeActorDepth(CausalityInterfaceForComposites.java:532)
	at ptolemy.actor.util.CausalityInterfaceForComposites.checkForCycles(CausalityInterfaceForComposites.java:96)
	at ptolemy.domains.de.kernel.DEDirector.preinitialize(DEDirector.java:1338)
	at ptolemy.actor.CompositeActor.preinitialize(CompositeActor.java:1828)
	at ptolemy.actor.Manager.preinitializeAndResolveTypes(Manager.java:1040)
	at ptolemy.actor.Manager.initialize(Manager.java:710)
	at ptolemy.actor.Manager.execute(Manager.java:356)
	at ptolemy.actor.Manager.run(Manager.java:1263)
	at ptolemy.actor.Manager$PtolemyRunThread.run(Manager.java:1933)
java.lang.reflect.InvocationTargetException
	at java.base/jdk.internal.reflect.NativeConstructorAccessorImpl.newInstance0(Native Method)
	at java.base/jdk.internal.reflect.NativeConstructorAccessorImpl.newInstance(NativeConstructorAccessorImpl.java:62)
	at java.base/jdk.internal.reflect.DelegatingConstructorAccessorImpl.newInstance(DelegatingConstructorAccessorImpl.java:45)
	at java.base/java.lang.reflect.Constructor.newInstance(Constructor.java:490)
	at ptolemy.util.test.junit.AutoKnownFailedTests.RunModel(AutoKnownFailedTests.java:105)
	at java.base/jdk.internal.reflect.NativeMethodAccessorImpl.invoke0(Native Method)
	at java.base/jdk.internal.reflect.NativeMethodAccessorImpl.invoke(NativeMethodAccessorImpl.java:62)
	at java.base/jdk.internal.reflect.DelegatingMethodAccessorImpl.invoke(DelegatingMethodAccessorImpl.java:43)
	at java.base/java.lang.reflect.Method.invoke(Method.java:566)
	at org.junit.runners.model.FrameworkMethod$1.runReflectiveCall(FrameworkMethod.java:44)
	at org.junit.internal.runners.model.ReflectiveCallable.run(ReflectiveCallable.java:15)
	at org.junit.runners.model.FrameworkMethod.invokeExplosively(FrameworkMethod.java:41)
	at junitparams.internal.InvokeParameterisedMethod.evaluate(InvokeParameterisedMethod.java:102)
	at org.junit.internal.runners.statements.FailOnTimeout$1.run(FailOnTimeout.java:28)
Caused by: ptolemy.kernel.util.IllegalActionException: Found a zero delay loop containing .HierarchicalModel.A
  in .HierarchicalModel and .HierarchicalModel.A
	at ptolemy.actor.util.CausalityInterfaceForComposites._computeOutputPortDepth(CausalityInterfaceForComposites.java:759)
	at ptolemy.actor.util.CausalityInterfaceForComposites._computeInputDepth(CausalityInterfaceForComposites.java:696)
	at ptolemy.actor.util.CausalityInterfaceForComposites._computeOutputPortDepth(CausalityInterfaceForComposites.java:765)
	at ptolemy.actor.util.CausalityInterfaceForComposites._computeInputDepth(CausalityInterfaceForComposites.java:696)
	at ptolemy.actor.util.CausalityInterfaceForComposites._computeOutputPortDepth(CausalityInterfaceForComposites.java:765)
	at ptolemy.actor.util.CausalityInterfaceForComposites._computeInputDepth(CausalityInterfaceForComposites.java:696)
	at ptolemy.actor.util.CausalityInterfaceForComposites._computeActorDepth(CausalityInterfaceForComposites.java:532)
	at ptolemy.actor.util.CausalityInterfaceForComposites.checkForCycles(CausalityInterfaceForComposites.java:96)
	at ptolemy.domains.de.kernel.DEDirector.preinitialize(DEDirector.java:1338)
	at ptolemy.actor.CompositeActor.preinitialize(CompositeActor.java:1828)
	at ptolemy.actor.Manager.preinitializeAndResolveTypes(Manager.java:1040)
	at ptolemy.actor.Manager.initialize(Manager.java:710)
	at ptolemy.actor.Manager.execute(Manager.java:356)
	at ptolemy.actor.Manager.run(Manager.java:1263)
	at ptolemy.actor.Manager$PtolemyRunThread.run(Manager.java:1933)
java.lang.RuntimeException: Execution failed
	at ptolemy.moml.MoMLSimpleApplication$UnloadThread.run(MoMLSimpleApplication.java:402)
Caused by: ptolemy.kernel.util.IllegalActionException: Found a zero delay loop containing .dependencyLoop.original
  in .dependencyLoop and .dependencyLoop.original
	at ptolemy.actor.util.CausalityInterfaceForComposites._computeOutputPortDepth(CausalityInterfaceForComposites.java:759)
	at ptolemy.actor.util.CausalityInterfaceForComposites._computeInputDepth(CausalityInterfaceForComposites.java:696)
	at ptolemy.actor.util.CausalityInterfaceForComposites._computeOutputPortDepth(CausalityInterfaceForComposites.java:765)
	at ptolemy.actor.util.CausalityInterfaceForComposites._computeInputDepth(CausalityInterfaceForComposites.java:696)
	at ptolemy.actor.util.CausalityInterfaceForComposites._computeOutputPortDepth(CausalityInterfaceForComposites.java:765)
	at ptolemy.actor.util.CausalityInterfaceForComposites._computeInputDepth(CausalityInterfaceForComposites.java:696)
	at ptolemy.actor.util.CausalityInterfaceForComposites._computeActorDepth(CausalityInterfaceForComposites.java:532)
	at ptolemy.actor.util.CausalityInterfaceForComposites.checkForCycles(CausalityInterfaceForComposites.java:96)
	at ptolemy.domains.de.kernel.DEDirector.preinitialize(DEDirector.java:1338)
	at ptolemy.actor.CompositeActor.preinitialize(CompositeActor.java:1828)
	at ptolemy.actor.Manager.preinitializeAndResolveTypes(Manager.java:1040)
	at ptolemy.actor.Manager.initialize(Manager.java:710)
	at ptolemy.actor.Manager.execute(Manager.java:356)
	at ptolemy.actor.Manager.run(Manager.java:1263)
	at ptolemy.actor.Manager$PtolemyRunThread.run(Manager.java:1933)
java.lang.reflect.InvocationTargetException
	at java.base/jdk.internal.reflect.NativeConstructorAccessorImpl.newInstance0(Native Method)
	at java.base/jdk.internal.reflect.NativeConstructorAccessorImpl.newInstance(NativeConstructorAccessorImpl.java:62)
	at java.base/jdk.internal.reflect.DelegatingConstructorAccessorImpl.newInstance(DelegatingConstructorAccessorImpl.java:45)
	at java.base/java.lang.reflect.Constructor.newInstance(Constructor.java:490)
	at ptolemy.util.test.junit.AutoKnownFailedTests.RunModel(AutoKnownFailedTests.java:105)
	at java.base/jdk.internal.reflect.NativeMethodAccessorImpl.invoke0(Native Method)
	at java.base/jdk.internal.reflect.NativeMethodAccessorImpl.invoke(NativeMethodAccessorImpl.java:62)
	at java.base/jdk.internal.reflect.DelegatingMethodAccessorImpl.invoke(DelegatingMethodAccessorImpl.java:43)
	at java.base/java.lang.reflect.Method.invoke(Method.java:566)
	at org.junit.runners.model.FrameworkMethod$1.runReflectiveCall(FrameworkMethod.java:44)
	at org.junit.internal.runners.model.ReflectiveCallable.run(ReflectiveCallable.java:15)
	at org.junit.runners.model.FrameworkMethod.invokeExplosively(FrameworkMethod.java:41)
	at junitparams.internal.InvokeParameterisedMethod.evaluate(InvokeParameterisedMethod.java:102)
	at org.junit.internal.runners.statements.FailOnTimeout$1.run(FailOnTimeout.java:28)
Caused by: ptolemy.kernel.util.IllegalActionException: Found a zero delay loop containing .dependencyLoop.original
  in .dependencyLoop and .dependencyLoop.original
	at ptolemy.actor.util.CausalityInterfaceForComposites._computeOutputPortDepth(CausalityInterfaceForComposites.java:759)
	at ptolemy.actor.util.CausalityInterfaceForComposites._computeInputDepth(CausalityInterfaceForComposites.java:696)
	at ptolemy.actor.util.CausalityInterfaceForComposites._computeOutputPortDepth(CausalityInterfaceForComposites.java:765)
	at ptolemy.actor.util.CausalityInterfaceForComposites._computeInputDepth(CausalityInterfaceForComposites.java:696)
	at ptolemy.actor.util.CausalityInterfaceForComposites._computeOutputPortDepth(CausalityInterfaceForComposites.java:765)
	at ptolemy.actor.util.CausalityInterfaceForComposites._computeInputDepth(CausalityInterfaceForComposites.java:696)
	at ptolemy.actor.util.CausalityInterfaceForComposites._computeActorDepth(CausalityInterfaceForComposites.java:532)
	at ptolemy.actor.util.CausalityInterfaceForComposites.checkForCycles(CausalityInterfaceForComposites.java:96)
	at ptolemy.domains.de.kernel.DEDirector.preinitialize(DEDirector.java:1338)
	at ptolemy.actor.CompositeActor.preinitialize(CompositeActor.java:1828)
	at ptolemy.actor.Manager.preinitializeAndResolveTypes(Manager.java:1040)
	at ptolemy.actor.Manager.initialize(Manager.java:710)
	at ptolemy.actor.Manager.execute(Manager.java:356)
	at ptolemy.actor.Manager.run(Manager.java:1263)
	at ptolemy.actor.Manager$PtolemyRunThread.run(Manager.java:1933)
java.lang.RuntimeException: Execution failed
	at ptolemy.moml.MoMLSimpleApplication$UnloadThread.run(MoMLSimpleApplication.java:402)
Caused by: ptolemy.kernel.util.IllegalActionException: Found a zero delay loop containing .dependencyLoop2.original
  in .dependencyLoop2 and .dependencyLoop2.original
	at ptolemy.actor.util.CausalityInterfaceForComposites._computeOutputPortDepth(CausalityInterfaceForComposites.java:759)
	at ptolemy.actor.util.CausalityInterfaceForComposites._computeInputDepth(CausalityInterfaceForComposites.java:696)
	at ptolemy.actor.util.CausalityInterfaceForComposites._computeOutputPortDepth(CausalityInterfaceForComposites.java:765)
	at ptolemy.actor.util.CausalityInterfaceForComposites._computeInputDepth(CausalityInterfaceForComposites.java:696)
	at ptolemy.actor.util.CausalityInterfaceForComposites._computeOutputPortDepth(CausalityInterfaceForComposites.java:765)
	at ptolemy.actor.util.CausalityInterfaceForComposites._computeInputDepth(CausalityInterfaceForComposites.java:696)
	at ptolemy.actor.util.CausalityInterfaceForComposites._computeActorDepth(CausalityInterfaceForComposites.java:532)
	at ptolemy.actor.util.CausalityInterfaceForComposites.checkForCycles(CausalityInterfaceForComposites.java:96)
	at ptolemy.domains.de.kernel.DEDirector.preinitialize(DEDirector.java:1338)
	at ptolemy.actor.CompositeActor.preinitialize(CompositeActor.java:1828)
	at ptolemy.actor.Manager.preinitializeAndResolveTypes(Manager.java:1040)
	at ptolemy.actor.Manager.initialize(Manager.java:710)
	at ptolemy.actor.Manager.execute(Manager.java:356)
	at ptolemy.actor.Manager.run(Manager.java:1263)
	at ptolemy.actor.Manager$PtolemyRunThread.run(Manager.java:1933)
java.lang.reflect.InvocationTargetException
	at java.base/jdk.internal.reflect.NativeConstructorAccessorImpl.newInstance0(Native Method)
	at java.base/jdk.internal.reflect.NativeConstructorAccessorImpl.newInstance(NativeConstructorAccessorImpl.java:62)
	at java.base/jdk.internal.reflect.DelegatingConstructorAccessorImpl.newInstance(DelegatingConstructorAccessorImpl.java:45)
	at java.base/java.lang.reflect.Constructor.newInstance(Constructor.java:490)
	at ptolemy.util.test.junit.AutoKnownFailedTests.RunModel(AutoKnownFailedTests.java:105)
	at java.base/jdk.internal.reflect.NativeMethodAccessorImpl.invoke0(Native Method)
	at java.base/jdk.internal.reflect.NativeMethodAccessorImpl.invoke(NativeMethodAccessorImpl.java:62)
	at java.base/jdk.internal.reflect.DelegatingMethodAccessorImpl.invoke(DelegatingMethodAccessorImpl.java:43)
	at java.base/java.lang.reflect.Method.invoke(Method.java:566)
	at org.junit.runners.model.FrameworkMethod$1.runReflectiveCall(FrameworkMethod.java:44)
	at org.junit.internal.runners.model.ReflectiveCallable.run(ReflectiveCallable.java:15)
	at org.junit.runners.model.FrameworkMethod.invokeExplosively(FrameworkMethod.java:41)
	at junitparams.internal.InvokeParameterisedMethod.evaluate(InvokeParameterisedMethod.java:102)
	at org.junit.internal.runners.statements.FailOnTimeout$1.run(FailOnTimeout.java:28)
Caused by: ptolemy.kernel.util.IllegalActionException: Found a zero delay loop containing .dependencyLoop2.original
  in .dependencyLoop2 and .dependencyLoop2.original
	at ptolemy.actor.util.CausalityInterfaceForComposites._computeOutputPortDepth(CausalityInterfaceForComposites.java:759)
	at ptolemy.actor.util.CausalityInterfaceForComposites._computeInputDepth(CausalityInterfaceForComposites.java:696)
	at ptolemy.actor.util.CausalityInterfaceForComposites._computeOutputPortDepth(CausalityInterfaceForComposites.java:765)
	at ptolemy.actor.util.CausalityInterfaceForComposites._computeInputDepth(CausalityInterfaceForComposites.java:696)
	at ptolemy.actor.util.CausalityInterfaceForComposites._computeOutputPortDepth(CausalityInterfaceForComposites.java:765)
	at ptolemy.actor.util.CausalityInterfaceForComposites._computeInputDepth(CausalityInterfaceForComposites.java:696)
	at ptolemy.actor.util.CausalityInterfaceForComposites._computeActorDepth(CausalityInterfaceForComposites.java:532)
	at ptolemy.actor.util.CausalityInterfaceForComposites.checkForCycles(CausalityInterfaceForComposites.java:96)
	at ptolemy.domains.de.kernel.DEDirector.preinitialize(DEDirector.java:1338)
	at ptolemy.actor.CompositeActor.preinitialize(CompositeActor.java:1828)
	at ptolemy.actor.Manager.preinitializeAndResolveTypes(Manager.java:1040)
	at ptolemy.actor.Manager.initialize(Manager.java:710)
	at ptolemy.actor.Manager.execute(Manager.java:356)
	at ptolemy.actor.Manager.run(Manager.java:1263)
	at ptolemy.actor.Manager$PtolemyRunThread.run(Manager.java:1933)
]]></system-err>
</testsuite>
