<?xml version="1.0" encoding="UTF-8" ?>
<testsuite errors="0" failures="0" hostname="travis-job-51878c58-b13d-4adb-9096-0040d47e4d65" name="ptolemy.domains.modal.test.junit.JUnitTclTest" skipped="0" tests="148" time="9.796" timestamp="2018-06-18T23:39:49">
  <properties>
[...]
</properties>
  <testcase classname="ptolemy.util.test.junit.TclTests" name="[0] /home/travis/build/icyphy/ptII/ptolemy/domains/modal/test/SystemLevelType.tcl (RunTclFile)" time="1.766" />
  <testcase classname="ptolemy.util.test.junit.AutoKnownFailedTests" name="[0] /home/travis/build/icyphy/ptII/ptolemy/domains/modal/test/auto/knownFailedTests/CannotAnalysisWithPreemption.xml (RunModel)" time="0.164" />
  <testcase classname="ptolemy.util.test.junit.AutoNameArchTests" name="[0] ThereAreNoAutoArchTests (RunModel)" time="0.005" />
  <testcase classname="ptolemy.util.test.junit.AutoTests" name="[0] /home/travis/build/icyphy/ptII/ptolemy/domains/modal/test/auto/ABPTest.xml (RunModel)" time="0.707" />
  <testcase classname="ptolemy.util.test.junit.AutoTests" name="[1] /home/travis/build/icyphy/ptII/ptolemy/domains/modal/test/auto/ABROFlat.xml (RunModel)" time="0.089" />
  <testcase classname="ptolemy.util.test.junit.AutoTests" name="[2] /home/travis/build/icyphy/ptII/ptolemy/domains/modal/test/auto/ABROFlat2.xml (RunModel)" time="0.078" />
  <testcase classname="ptolemy.util.test.junit.AutoTests" name="[3] /home/travis/build/icyphy/ptII/ptolemy/domains/modal/test/auto/ABRO_present_hmm.xml (RunModel)" time="0.153" />
  <testcase classname="ptolemy.util.test.junit.AutoTests" name="[4] /home/travis/build/icyphy/ptII/ptolemy/domains/modal/test/auto/AMICoderExample.xml (RunModel)" time="0.077" />
  <testcase classname="ptolemy.util.test.junit.AutoTests" name="[5] /home/travis/build/icyphy/ptII/ptolemy/domains/modal/test/auto/AbsentToPresent.xml (RunModel)" time="0.021" />
  <testcase classname="ptolemy.util.test.junit.AutoTests" name="[6] /home/travis/build/icyphy/ptII/ptolemy/domains/modal/test/auto/Blending.xml (RunModel)" time="0.269" />
  <testcase classname="ptolemy.util.test.junit.AutoTests" name="[7] /home/travis/build/icyphy/ptII/ptolemy/domains/modal/test/auto/Broadcast.xml (RunModel)" time="0.052" />
  <testcase classname="ptolemy.util.test.junit.AutoTests" name="[8] /home/travis/build/icyphy/ptII/ptolemy/domains/modal/test/auto/BroadcastHierarchy.xml (RunModel)" time="0.084" />
  <testcase classname="ptolemy.util.test.junit.AutoTests" name="[9] /home/travis/build/icyphy/ptII/ptolemy/domains/modal/test/auto/BroadcastHierarchy2.xml (RunModel)" time="0.12" />
  <testcase classname="ptolemy.util.test.junit.AutoTests" name="[10] /home/travis/build/icyphy/ptII/ptolemy/domains/modal/test/auto/BroadcastHierarchy3.xml (RunModel)" time="0.133" />
  <testcase classname="ptolemy.util.test.junit.AutoTests" name="[11] /home/travis/build/icyphy/ptII/ptolemy/domains/modal/test/auto/BroadcastHierarchy4.xml (RunModel)" time="0.105" />
  <testcase classname="ptolemy.util.test.junit.AutoTests" name="[12] /home/travis/build/icyphy/ptII/ptolemy/domains/modal/test/auto/CannotAnalysisWithPreemption2.xml (RunModel)" time="0.033" />
  <testcase classname="ptolemy.util.test.junit.AutoTests" name="[13] /home/travis/build/icyphy/ptII/ptolemy/domains/modal/test/auto/CannotAnalysisWithPreemption3.xml (RunModel)" time="0.031" />
  <testcase classname="ptolemy.util.test.junit.AutoTests" name="[14] /home/travis/build/icyphy/ptII/ptolemy/domains/modal/test/auto/CannotProduce.xml (RunModel)" time="0.044" />
  <testcase classname="ptolemy.util.test.junit.AutoTests" name="[15] /home/travis/build/icyphy/ptII/ptolemy/domains/modal/test/auto/CannotProduceModal.xml (RunModel)" time="0.025" />
  <testcase classname="ptolemy.util.test.junit.AutoTests" name="[16] /home/travis/build/icyphy/ptII/ptolemy/domains/modal/test/auto/Case.xml (RunModel)" time="0.078" />
  <testcase classname="ptolemy.util.test.junit.AutoTests" name="[17] /home/travis/build/icyphy/ptII/ptolemy/domains/modal/test/auto/Case1.xml (RunModel)" time="0.031" />
  <testcase classname="ptolemy.util.test.junit.AutoTests" name="[18] /home/travis/build/icyphy/ptII/ptolemy/domains/modal/test/auto/Case2.xml (RunModel)" time="0.049" />
  <testcase classname="ptolemy.util.test.junit.AutoTests" name="[19] /home/travis/build/icyphy/ptII/ptolemy/domains/modal/test/auto/CausalityInterface1.xml (RunModel)" time="0.029" />
  <testcase classname="ptolemy.util.test.junit.AutoTests" name="[20] /home/travis/build/icyphy/ptII/ptolemy/domains/modal/test/auto/CausalityInterface10.xml (RunModel)" time="0.066" />
  <testcase classname="ptolemy.util.test.junit.AutoTests" name="[21] /home/travis/build/icyphy/ptII/ptolemy/domains/modal/test/auto/CausalityInterface11.xml (RunModel)" time="0.058" />
  <testcase classname="ptolemy.util.test.junit.AutoTests" name="[22] /home/travis/build/icyphy/ptII/ptolemy/domains/modal/test/auto/CausalityInterface12.xml (RunModel)" time="0.061" />
  <testcase classname="ptolemy.util.test.junit.AutoTests" name="[23] /home/travis/build/icyphy/ptII/ptolemy/domains/modal/test/auto/CausalityInterface13.xml (RunModel)" time="0.054" />
  <testcase classname="ptolemy.util.test.junit.AutoTests" name="[24] /home/travis/build/icyphy/ptII/ptolemy/domains/modal/test/auto/CausalityInterface14.xml (RunModel)" time="0.049" />
  <testcase classname="ptolemy.util.test.junit.AutoTests" name="[25] /home/travis/build/icyphy/ptII/ptolemy/domains/modal/test/auto/CausalityInterface2.xml (RunModel)" time="0.031" />
  <testcase classname="ptolemy.util.test.junit.AutoTests" name="[26] /home/travis/build/icyphy/ptII/ptolemy/domains/modal/test/auto/CausalityInterface3.xml (RunModel)" time="0.028" />
  <testcase classname="ptolemy.util.test.junit.AutoTests" name="[27] /home/travis/build/icyphy/ptII/ptolemy/domains/modal/test/auto/CausalityInterface4.xml (RunModel)" time="0.041" />
  <testcase classname="ptolemy.util.test.junit.AutoTests" name="[28] /home/travis/build/icyphy/ptII/ptolemy/domains/modal/test/auto/CausalityInterface5.xml (RunModel)" time="0.031" />
  <testcase classname="ptolemy.util.test.junit.AutoTests" name="[29] /home/travis/build/icyphy/ptII/ptolemy/domains/modal/test/auto/CausalityInterface6.xml (RunModel)" time="0.028" />
  <testcase classname="ptolemy.util.test.junit.AutoTests" name="[30] /home/travis/build/icyphy/ptII/ptolemy/domains/modal/test/auto/CausalityInterface7.xml (RunModel)" time="0.048" />
  <testcase classname="ptolemy.util.test.junit.AutoTests" name="[31] /home/travis/build/icyphy/ptII/ptolemy/domains/modal/test/auto/CausalityInterface8.xml (RunModel)" time="0.033" />
  <testcase classname="ptolemy.util.test.junit.AutoTests" name="[32] /home/travis/build/icyphy/ptII/ptolemy/domains/modal/test/auto/CausalityInterface9.xml (RunModel)" time="0.033" />
  <testcase classname="ptolemy.util.test.junit.AutoTests" name="[33] /home/travis/build/icyphy/ptII/ptolemy/domains/modal/test/auto/ChainedTransitions.xml (RunModel)" time="0.125" />
  <testcase classname="ptolemy.util.test.junit.AutoTests" name="[34] /home/travis/build/icyphy/ptII/ptolemy/domains/modal/test/auto/CycleOfImmediateTransitionsFSM.xml (RunModel)" time="0.025" />
  <testcase classname="ptolemy.util.test.junit.AutoTests" name="[35] /home/travis/build/icyphy/ptII/ptolemy/domains/modal/test/auto/CycleOfImmediateTransitionsModal.xml (RunModel)" time="0.021" />
  <testcase classname="ptolemy.util.test.junit.AutoTests" name="[36] /home/travis/build/icyphy/ptII/ptolemy/domains/modal/test/auto/CycleOfImmediateTransitionsModal2.xml (RunModel)" time="0.032" />
  <testcase classname="ptolemy.util.test.junit.AutoTests" name="[37] /home/travis/build/icyphy/ptII/ptolemy/domains/modal/test/auto/CycleOfImmediateTransitionsModal3.xml (RunModel)" time="0.072" />
  <testcase classname="ptolemy.util.test.junit.AutoTests" name="[38] /home/travis/build/icyphy/ptII/ptolemy/domains/modal/test/auto/DeepModal1.xml (RunModel)" time="0.065" />
  <testcase classname="ptolemy.util.test.junit.AutoTests" name="[39] /home/travis/build/icyphy/ptII/ptolemy/domains/modal/test/auto/DeepModal2.xml (RunModel)" time="0.058" />
  <testcase classname="ptolemy.util.test.junit.AutoTests" name="[40] /home/travis/build/icyphy/ptII/ptolemy/domains/modal/test/auto/DeepModal3.xml (RunModel)" time="0.076" />
  <testcase classname="ptolemy.util.test.junit.AutoTests" name="[41] /home/travis/build/icyphy/ptII/ptolemy/domains/modal/test/auto/DeepModal4.xml (RunModel)" time="0.065" />
  <testcase classname="ptolemy.util.test.junit.AutoTests" name="[42] /home/travis/build/icyphy/ptII/ptolemy/domains/modal/test/auto/Default1.xml (RunModel)" time="0.016" />
  <testcase classname="ptolemy.util.test.junit.AutoTests" name="[43] /home/travis/build/icyphy/ptII/ptolemy/domains/modal/test/auto/Default2.xml (RunModel)" time="0.015" />
  <testcase classname="ptolemy.util.test.junit.AutoTests" name="[44] /home/travis/build/icyphy/ptII/ptolemy/domains/modal/test/auto/Default3.xml (RunModel)" time="0.018" />
  <testcase classname="ptolemy.util.test.junit.AutoTests" name="[45] /home/travis/build/icyphy/ptII/ptolemy/domains/modal/test/auto/Default4.xml (RunModel)" time="0.029" />
  <testcase classname="ptolemy.util.test.junit.AutoTests" name="[46] /home/travis/build/icyphy/ptII/ptolemy/domains/modal/test/auto/Default5.xml (RunModel)" time="0.035" />
  <testcase classname="ptolemy.util.test.junit.AutoTests" name="[47] /home/travis/build/icyphy/ptII/ptolemy/domains/modal/test/auto/EmptyGuard.xml (RunModel)" time="0.03" />
  <testcase classname="ptolemy.util.test.junit.AutoTests" name="[48] /home/travis/build/icyphy/ptII/ptolemy/domains/modal/test/auto/ErrorTransition1.xml (RunModel)" time="0.039" />
  <testcase classname="ptolemy.util.test.junit.AutoTests" name="[49] /home/travis/build/icyphy/ptII/ptolemy/domains/modal/test/auto/ErrorTransition10.xml (RunModel)" time="0.046" />
  <testcase classname="ptolemy.util.test.junit.AutoTests" name="[50] /home/travis/build/icyphy/ptII/ptolemy/domains/modal/test/auto/ErrorTransition11.xml (RunModel)" time="0.034" />
  <testcase classname="ptolemy.util.test.junit.AutoTests" name="[51] /home/travis/build/icyphy/ptII/ptolemy/domains/modal/test/auto/ErrorTransition2.xml (RunModel)" time="0.025" />
  <testcase classname="ptolemy.util.test.junit.AutoTests" name="[52] /home/travis/build/icyphy/ptII/ptolemy/domains/modal/test/auto/ErrorTransition3.xml (RunModel)" time="0.033" />
  <testcase classname="ptolemy.util.test.junit.AutoTests" name="[53] /home/travis/build/icyphy/ptII/ptolemy/domains/modal/test/auto/ErrorTransition4.xml (RunModel)" time="0.036" />
  <testcase classname="ptolemy.util.test.junit.AutoTests" name="[54] /home/travis/build/icyphy/ptII/ptolemy/domains/modal/test/auto/ErrorTransition5.xml (RunModel)" time="0.03" />
  <testcase classname="ptolemy.util.test.junit.AutoTests" name="[55] /home/travis/build/icyphy/ptII/ptolemy/domains/modal/test/auto/ErrorTransition6.xml (RunModel)" time="0.032" />
  <testcase classname="ptolemy.util.test.junit.AutoTests" name="[56] /home/travis/build/icyphy/ptII/ptolemy/domains/modal/test/auto/ErrorTransition7.xml (RunModel)" time="0.042" />
  <testcase classname="ptolemy.util.test.junit.AutoTests" name="[57] /home/travis/build/icyphy/ptII/ptolemy/domains/modal/test/auto/ErrorTransition8.xml (RunModel)" time="0.075" />
  <testcase classname="ptolemy.util.test.junit.AutoTests" name="[58] /home/travis/build/icyphy/ptII/ptolemy/domains/modal/test/auto/ErrorTransition9.xml (RunModel)" time="0.048" />
  <testcase classname="ptolemy.util.test.junit.AutoTests" name="[59] /home/travis/build/icyphy/ptII/ptolemy/domains/modal/test/auto/ExtendedFSM.xml (RunModel)" time="0.025" />
  <testcase classname="ptolemy.util.test.junit.AutoTests" name="[60] /home/travis/build/icyphy/ptII/ptolemy/domains/modal/test/auto/FinalStates.xml (RunModel)" time="0.024" />
  <testcase classname="ptolemy.util.test.junit.AutoTests" name="[61] /home/travis/build/icyphy/ptII/ptolemy/domains/modal/test/auto/FixedPointFSM.xml (RunModel)" time="0.044" />
  <testcase classname="ptolemy.util.test.junit.AutoTests" name="[62] /home/travis/build/icyphy/ptII/ptolemy/domains/modal/test/auto/FixedPointIterationFSMActor.xml (RunModel)" time="0.035" />
  <testcase classname="ptolemy.util.test.junit.AutoTests" name="[63] /home/travis/build/icyphy/ptII/ptolemy/domains/modal/test/auto/FixedPointIterationFSMActor2.xml (RunModel)" time="0.044" />
  <testcase classname="ptolemy.util.test.junit.AutoTests" name="[64] /home/travis/build/icyphy/ptII/ptolemy/domains/modal/test/auto/ForbiddenInstantanousLoop.xml (RunModel)" time="0.032" />
  <testcase classname="ptolemy.util.test.junit.AutoTests" name="[65] /home/travis/build/icyphy/ptII/ptolemy/domains/modal/test/auto/FunctionDependencyOfFSMActorTest.xml (RunModel)" time="0.029" />
  <testcase classname="ptolemy.util.test.junit.AutoTests" name="[66] /home/travis/build/icyphy/ptII/ptolemy/domains/modal/test/auto/GuardExpression.xml (RunModel)" time="0.017" />
  <testcase classname="ptolemy.util.test.junit.AutoTests" name="[67] /home/travis/build/icyphy/ptII/ptolemy/domains/modal/test/auto/GuardNotEvaluated.xml (RunModel)" time="0.028" />
  <testcase classname="ptolemy.util.test.junit.AutoTests" name="[68] /home/travis/build/icyphy/ptII/ptolemy/domains/modal/test/auto/GuardNotEvaluated2.xml (RunModel)" time="0.023" />
  <testcase classname="ptolemy.util.test.junit.AutoTests" name="[69] /home/travis/build/icyphy/ptII/ptolemy/domains/modal/test/auto/GuardOnAbsent.xml (RunModel)" time="0.028" />
  <testcase classname="ptolemy.util.test.junit.AutoTests" name="[70] /home/travis/build/icyphy/ptII/ptolemy/domains/modal/test/auto/HierarchicalFSMTypeInference.xml (RunModel)" time="0.031" />
  <testcase classname="ptolemy.util.test.junit.AutoTests" name="[71] /home/travis/build/icyphy/ptII/ptolemy/domains/modal/test/auto/Hysteresis.xml (RunModel)" time="0.042" />
  <testcase classname="ptolemy.util.test.junit.AutoTests" name="[72] /home/travis/build/icyphy/ptII/ptolemy/domains/modal/test/auto/HysteresisWithDefault.xml (RunModel)" time="0.059" />
  <testcase classname="ptolemy.util.test.junit.AutoTests" name="[73] /home/travis/build/icyphy/ptII/ptolemy/domains/modal/test/auto/HysteresisWithDefault2.xml (RunModel)" time="0.06" />
  <testcase classname="ptolemy.util.test.junit.AutoTests" name="[74] /home/travis/build/icyphy/ptII/ptolemy/domains/modal/test/auto/ImmediateNonConstructiveness.xml (RunModel)" time="0.016" />
  <testcase classname="ptolemy.util.test.junit.AutoTests" name="[75] /home/travis/build/icyphy/ptII/ptolemy/domains/modal/test/auto/ImmediateNonConstructiveness2.xml (RunModel)" time="0.017" />
  <testcase classname="ptolemy.util.test.junit.AutoTests" name="[76] /home/travis/build/icyphy/ptII/ptolemy/domains/modal/test/auto/ImmediateTransitionReset.xml (RunModel)" time="0.03" />
  <testcase classname="ptolemy.util.test.junit.AutoTests" name="[77] /home/travis/build/icyphy/ptII/ptolemy/domains/modal/test/auto/ImmediateTransitions1.xml (RunModel)" time="0.014" />
  <testcase classname="ptolemy.util.test.junit.AutoTests" name="[78] /home/travis/build/icyphy/ptII/ptolemy/domains/modal/test/auto/ImmediateTransitionsInstantaneousCommunication.xml (RunModel)" time="0.037" />
  <testcase classname="ptolemy.util.test.junit.AutoTests" name="[79] /home/travis/build/icyphy/ptII/ptolemy/domains/modal/test/auto/InitialImmediateTransition.xml (RunModel)" time="0.016" />
  <testcase classname="ptolemy.util.test.junit.AutoTests" name="[80] /home/travis/build/icyphy/ptII/ptolemy/domains/modal/test/auto/InitialOutputs.xml (RunModel)" time="0.016" />
  <testcase classname="ptolemy.util.test.junit.AutoTests" name="[81] /home/travis/build/icyphy/ptII/ptolemy/domains/modal/test/auto/InitialStateTransition1.xml (RunModel)" time="0.02" />
  <testcase classname="ptolemy.util.test.junit.AutoTests" name="[82] /home/travis/build/icyphy/ptII/ptolemy/domains/modal/test/auto/InitialStateTransition2.xml (RunModel)" time="0.022" />
  <testcase classname="ptolemy.util.test.junit.AutoTests" name="[83] /home/travis/build/icyphy/ptII/ptolemy/domains/modal/test/auto/InitialStateTransition3.xml (RunModel)" time="0.025" />
  <testcase classname="ptolemy.util.test.junit.AutoTests" name="[84] /home/travis/build/icyphy/ptII/ptolemy/domains/modal/test/auto/InitialStateTransition4.xml (RunModel)" time="0.028" />
  <testcase classname="ptolemy.util.test.junit.AutoTests" name="[85] /home/travis/build/icyphy/ptII/ptolemy/domains/modal/test/auto/MalformedGuardExpressionNotCaught.xml (RunModel)" time="0.019" />
  <testcase classname="ptolemy.util.test.junit.AutoTests" name="[86] /home/travis/build/icyphy/ptII/ptolemy/domains/modal/test/auto/ModalBSC.xml (RunModel)" time="0.072" />
  <testcase classname="ptolemy.util.test.junit.AutoTests" name="[87] /home/travis/build/icyphy/ptII/ptolemy/domains/modal/test/auto/ModalClocks.xml (RunModel)" time="0.078" />
  <testcase classname="ptolemy.util.test.junit.AutoTests" name="[88] /home/travis/build/icyphy/ptII/ptolemy/domains/modal/test/auto/ModalDelay.xml (RunModel)" time="0.056" />
  <testcase classname="ptolemy.util.test.junit.AutoTests" name="[89] /home/travis/build/icyphy/ptII/ptolemy/domains/modal/test/auto/ModalDelay2.xml (RunModel)" time="0.047" />
  <testcase classname="ptolemy.util.test.junit.AutoTests" name="[90] /home/travis/build/icyphy/ptII/ptolemy/domains/modal/test/auto/ModalModelFromMemo.xml (RunModel)" time="0.061" />
  <testcase classname="ptolemy.util.test.junit.AutoTests" name="[91] /home/travis/build/icyphy/ptII/ptolemy/domains/modal/test/auto/ModalModelWithMultirateTransient.xml (RunModel)" time="0.044" />
  <testcase classname="ptolemy.util.test.junit.AutoTests" name="[92] /home/travis/build/icyphy/ptII/ptolemy/domains/modal/test/auto/ModalModelWithReset.xml (RunModel)" time="0.042" />
  <testcase classname="ptolemy.util.test.junit.AutoTests" name="[93] /home/travis/build/icyphy/ptII/ptolemy/domains/modal/test/auto/MouseClickFSM.xml (RunModel)" time="0.034" />
  <testcase classname="ptolemy.util.test.junit.AutoTests" name="[94] /home/travis/build/icyphy/ptII/ptolemy/domains/modal/test/auto/MouseClickFSMModal.xml (RunModel)" time="0.028" />
  <testcase classname="ptolemy.util.test.junit.AutoTests" name="[95] /home/travis/build/icyphy/ptII/ptolemy/domains/modal/test/auto/NonStrictFSM_FeedbackLoop.xml (RunModel)" time="0.04" />
  <testcase classname="ptolemy.util.test.junit.AutoTests" name="[96] /home/travis/build/icyphy/ptII/ptolemy/domains/modal/test/auto/NonStrictFSM_FeedbackLoop_Refinement.xml (RunModel)" time="0.055" />
  <testcase classname="ptolemy.util.test.junit.AutoTests" name="[97] /home/travis/build/icyphy/ptII/ptolemy/domains/modal/test/auto/NonStrictFSM_FeedbackLoop_preemptive.xml (RunModel)" time="0.043" />
  <testcase classname="ptolemy.util.test.junit.AutoTests" name="[98] /home/travis/build/icyphy/ptII/ptolemy/domains/modal/test/auto/NormalTermination.xml (RunModel)" time="0.05" />
  <testcase classname="ptolemy.util.test.junit.AutoTests" name="[99] /home/travis/build/icyphy/ptII/ptolemy/domains/modal/test/auto/Pong.xml (RunModel)" time="0.067" />
  <testcase classname="ptolemy.util.test.junit.AutoTests" name="[100] /home/travis/build/icyphy/ptII/ptolemy/domains/modal/test/auto/Pong_test.xml (RunModel)" time="0.096" />
  <testcase classname="ptolemy.util.test.junit.AutoTests" name="[101] /home/travis/build/icyphy/ptII/ptolemy/domains/modal/test/auto/PreemptionHierarchy.xml (RunModel)" time="0.025" />
  <testcase classname="ptolemy.util.test.junit.AutoTests" name="[102] /home/travis/build/icyphy/ptII/ptolemy/domains/modal/test/auto/PreemptionHierarchy2.xml (RunModel)" time="0.035" />
  <testcase classname="ptolemy.util.test.junit.AutoTests" name="[103] /home/travis/build/icyphy/ptII/ptolemy/domains/modal/test/auto/PreemptiveTransition.xml (RunModel)" time="0.022" />
  <testcase classname="ptolemy.util.test.junit.AutoTests" name="[104] /home/travis/build/icyphy/ptII/ptolemy/domains/modal/test/auto/Priorities.xml (RunModel)" time="0.084" />
  <testcase classname="ptolemy.util.test.junit.AutoTests" name="[105] /home/travis/build/icyphy/ptII/ptolemy/domains/modal/test/auto/ResetFinal.xml (RunModel)" time="0.037" />
  <testcase classname="ptolemy.util.test.junit.AutoTests" name="[106] /home/travis/build/icyphy/ptII/ptolemy/domains/modal/test/auto/ResetFinal2.xml (RunModel)" time="0.03" />
  <testcase classname="ptolemy.util.test.junit.AutoTests" name="[107] /home/travis/build/icyphy/ptII/ptolemy/domains/modal/test/auto/ResetTransitionWithStartTime.xml (RunModel)" time="0.031" />
  <testcase classname="ptolemy.util.test.junit.AutoTests" name="[108] /home/travis/build/icyphy/ptII/ptolemy/domains/modal/test/auto/SDF-FSMComposite.xml (RunModel)" time="0.023" />
  <testcase classname="ptolemy.util.test.junit.AutoTests" name="[109] /home/travis/build/icyphy/ptII/ptolemy/domains/modal/test/auto/SeeminglyNondeterminate.xml (RunModel)" time="0.065" />
  <testcase classname="ptolemy.util.test.junit.AutoTests" name="[110] /home/travis/build/icyphy/ptII/ptolemy/domains/modal/test/auto/SeeminglyNondeterminate2.xml (RunModel)" time="0.066" />
  <testcase classname="ptolemy.util.test.junit.AutoTests" name="[111] /home/travis/build/icyphy/ptII/ptolemy/domains/modal/test/auto/SpontaneousFSM.xml (RunModel)" time="0.041" />
  <testcase classname="ptolemy.util.test.junit.AutoTests" name="[112] /home/travis/build/icyphy/ptII/ptolemy/domains/modal/test/auto/SpontaneousFSM2.xml (RunModel)" time="0.029" />
  <testcase classname="ptolemy.util.test.junit.AutoTests" name="[113] /home/travis/build/icyphy/ptII/ptolemy/domains/modal/test/auto/SpontaneousFSM3.xml (RunModel)" time="0.035" />
  <testcase classname="ptolemy.util.test.junit.AutoTests" name="[114] /home/travis/build/icyphy/ptII/ptolemy/domains/modal/test/auto/SpontaneousFSM4.xml (RunModel)" time="0.045" />
  <testcase classname="ptolemy.util.test.junit.AutoTests" name="[115] /home/travis/build/icyphy/ptII/ptolemy/domains/modal/test/auto/StateTrackerTest.xml (RunModel)" time="0.046" />
  <testcase classname="ptolemy.util.test.junit.AutoTests" name="[116] /home/travis/build/icyphy/ptII/ptolemy/domains/modal/test/auto/StrongImmediateTransition.xml (RunModel)" time="0.046" />
  <testcase classname="ptolemy.util.test.junit.AutoTests" name="[117] /home/travis/build/icyphy/ptII/ptolemy/domains/modal/test/auto/SustainHierarchy.xml (RunModel)" time="0.034" />
  <testcase classname="ptolemy.util.test.junit.AutoTests" name="[118] /home/travis/build/icyphy/ptII/ptolemy/domains/modal/test/auto/TerminationTransition1.xml (RunModel)" time="0.023" />
  <testcase classname="ptolemy.util.test.junit.AutoTests" name="[119] /home/travis/build/icyphy/ptII/ptolemy/domains/modal/test/auto/TerminationTransition2.xml (RunModel)" time="0.03" />
  <testcase classname="ptolemy.util.test.junit.AutoTests" name="[120] /home/travis/build/icyphy/ptII/ptolemy/domains/modal/test/auto/TerminationTransition3.xml (RunModel)" time="0.03" />
  <testcase classname="ptolemy.util.test.junit.AutoTests" name="[121] /home/travis/build/icyphy/ptII/ptolemy/domains/modal/test/auto/TerminationTransition4.xml (RunModel)" time="0.035" />
  <testcase classname="ptolemy.util.test.junit.AutoTests" name="[122] /home/travis/build/icyphy/ptII/ptolemy/domains/modal/test/auto/TerminationTransition5.xml (RunModel)" time="0.031" />
  <testcase classname="ptolemy.util.test.junit.AutoTests" name="[123] /home/travis/build/icyphy/ptII/ptolemy/domains/modal/test/auto/TerminationTransition6.xml (RunModel)" time="0.02" />
  <testcase classname="ptolemy.util.test.junit.AutoTests" name="[124] /home/travis/build/icyphy/ptII/ptolemy/domains/modal/test/auto/TerminationTransition7.xml (RunModel)" time="0.024" />
  <testcase classname="ptolemy.util.test.junit.AutoTests" name="[125] /home/travis/build/icyphy/ptII/ptolemy/domains/modal/test/auto/TerminationTransition8.xml (RunModel)" time="0.022" />
  <testcase classname="ptolemy.util.test.junit.AutoTests" name="[126] /home/travis/build/icyphy/ptII/ptolemy/domains/modal/test/auto/Thermostat_NoHysteresis.xml (RunModel)" time="0.049" />
  <testcase classname="ptolemy.util.test.junit.AutoTests" name="[127] /home/travis/build/icyphy/ptII/ptolemy/domains/modal/test/auto/TimedFSM.xml (RunModel)" time="0.027" />
  <testcase classname="ptolemy.util.test.junit.AutoTests" name="[128] /home/travis/build/icyphy/ptII/ptolemy/domains/modal/test/auto/Timeout1.xml (RunModel)" time="0.013" />
  <testcase classname="ptolemy.util.test.junit.AutoTests" name="[129] /home/travis/build/icyphy/ptII/ptolemy/domains/modal/test/auto/Timeout2.xml (RunModel)" time="0.017" />
  <testcase classname="ptolemy.util.test.junit.AutoTests" name="[130] /home/travis/build/icyphy/ptII/ptolemy/domains/modal/test/auto/Timeout3.xml (RunModel)" time="0.014" />
  <testcase classname="ptolemy.util.test.junit.AutoTests" name="[131] /home/travis/build/icyphy/ptII/ptolemy/domains/modal/test/auto/Timeout4.xml (RunModel)" time="0.013" />
  <testcase classname="ptolemy.util.test.junit.AutoTests" name="[132] /home/travis/build/icyphy/ptII/ptolemy/domains/modal/test/auto/TransientstateModelAdvanced.xml (RunModel)" time="0.026" />
  <testcase classname="ptolemy.util.test.junit.AutoTests" name="[133] /home/travis/build/icyphy/ptII/ptolemy/domains/modal/test/auto/TransientstateModelAdvanced2.xml (RunModel)" time="0.033" />
  <testcase classname="ptolemy.util.test.junit.AutoTests" name="[134] /home/travis/build/icyphy/ptII/ptolemy/domains/modal/test/auto/TransitionRefinements.xml (RunModel)" time="0.025" />
  <testcase classname="ptolemy.util.test.junit.AutoTests" name="[135] /home/travis/build/icyphy/ptII/ptolemy/domains/modal/test/auto/TwoRefinements1.xml (RunModel)" time="0.024" />
  <testcase classname="ptolemy.util.test.junit.AutoTests" name="[136] /home/travis/build/icyphy/ptII/ptolemy/domains/modal/test/auto/TwoRefinements2.xml (RunModel)" time="0.027" />
  <testcase classname="ptolemy.util.test.junit.AutoTests" name="[137] /home/travis/build/icyphy/ptII/ptolemy/domains/modal/test/auto/WeakImmediateTransition.xml (RunModel)" time="0.03" />
  <testcase classname="ptolemy.util.test.junit.AutoTests" name="[138] /home/travis/build/icyphy/ptII/ptolemy/domains/modal/test/auto/booleanSelect.xml (RunModel)" time="0.071" />
  <testcase classname="ptolemy.util.test.junit.AutoTests" name="[139] /home/travis/build/icyphy/ptII/ptolemy/domains/modal/test/auto/modalChangingParams.xml (RunModel)" time="0.185" />
  <testcase classname="ptolemy.util.test.junit.AutoTests" name="[140] /home/travis/build/icyphy/ptII/ptolemy/domains/modal/test/auto/modalModel.xml (RunModel)" time="0.02" />
  <testcase classname="ptolemy.util.test.junit.AutoTests" name="[141] /home/travis/build/icyphy/ptII/ptolemy/domains/modal/test/auto/modalModel2.xml (RunModel)" time="0.031" />
  <testcase classname="ptolemy.util.test.junit.AutoTests" name="[142] /home/travis/build/icyphy/ptII/ptolemy/domains/modal/test/auto/modalModel3.xml (RunModel)" time="0.036" />
  <testcase classname="ptolemy.util.test.junit.AutoTests" name="[143] /home/travis/build/icyphy/ptII/ptolemy/domains/modal/test/auto/model1.xml (RunModel)" time="0.023" />
  <testcase classname="ptolemy.util.test.junit.AutoTests" name="[144] /home/travis/build/icyphy/ptII/ptolemy/domains/modal/test/auto/test-direct-in-out.xml (RunModel)" time="0.017" />
  <system-out><![CDATA[/home/travis/build/icyphy/ptII/ptolemy/domains/modal/test/SystemLevelType.tcl
testDefs.tcl: setting time out to 9000 seconds at Mon Jun 18 23:39:49 UTC 2018
06/18/18 11:39:51
Failed: 0  Total Tests: 1  ((Passed: 1, Newly Passed: 0)  Known Failed: 0) /home/travis/build/icyphy/ptII/ptolemy/domains/modal/test
----------------- testing (KnownFailure) /home/travis/build/icyphy/ptII/ptolemy/domains/modal/test/auto/knownFailedTests/CannotAnalysisWithPreemption.xml
61 ms. Memory: 208384K Free: 185654K (89%)
Known Failure: java.lang.reflect.InvocationTargetException
No auto/linux-amd64/*.xml tests in /home/travis/build/icyphy/ptII/ptolemy/domains/modal/test
AutoTests.java: About to close Vertx.
AutoTests.java: Vertx closed.

===========================================================================================
----------------- testing Mon Jun 18 23:39:51 UTC 2018 /home/travis/build/icyphy/ptII/ptolemy/domains/modal/test/auto/ABPTest.xml
----------------- Instantiating /home/travis/build/icyphy/ptII/ptolemy/domains/modal/test/auto/ABPTest.xml
288 ms. Memory: 332288K Free: 293461K (88%)
----------------- Invoking toplevel() on ptolemy.moml.MoMLSimpleApplication@529f44f1
----------------- Done invoking toplevel() on ptolemy.moml.MoMLSimpleApplication@529f44f1
reloadAllAccessors: .ABPTest

===========================================================================================
----------------- testing Mon Jun 18 23:39:52 UTC 2018 /home/travis/build/icyphy/ptII/ptolemy/domains/modal/test/auto/ABROFlat.xml
----------------- Instantiating /home/travis/build/icyphy/ptII/ptolemy/domains/modal/test/auto/ABROFlat.xml
27 ms. Memory: 332288K Free: 271265K (82%)
----------------- Invoking toplevel() on ptolemy.moml.MoMLSimpleApplication@2233b11b
----------------- Done invoking toplevel() on ptolemy.moml.MoMLSimpleApplication@2233b11b
reloadAllAccessors: .ABROFlat

===========================================================================================
----------------- testing Mon Jun 18 23:39:52 UTC 2018 /home/travis/build/icyphy/ptII/ptolemy/domains/modal/test/auto/ABROFlat2.xml
----------------- Instantiating /home/travis/build/icyphy/ptII/ptolemy/domains/modal/test/auto/ABROFlat2.xml
17 ms. Memory: 332288K Free: 253266K (76%)
----------------- Invoking toplevel() on ptolemy.moml.MoMLSimpleApplication@5f85425e
----------------- Done invoking toplevel() on ptolemy.moml.MoMLSimpleApplication@5f85425e
reloadAllAccessors: .ABROFlat2

===========================================================================================
----------------- testing Mon Jun 18 23:39:52 UTC 2018 /home/travis/build/icyphy/ptII/ptolemy/domains/modal/test/auto/ABRO_present_hmm.xml
----------------- Instantiating /home/travis/build/icyphy/ptII/ptolemy/domains/modal/test/auto/ABRO_present_hmm.xml
41 ms. Memory: 332288K Free: 222258K (67%)
----------------- Invoking toplevel() on ptolemy.moml.MoMLSimpleApplication@4e291594
----------------- Done invoking toplevel() on ptolemy.moml.MoMLSimpleApplication@4e291594
reloadAllAccessors: .ABRO_present_hmm

===========================================================================================
----------------- testing Mon Jun 18 23:39:52 UTC 2018 /home/travis/build/icyphy/ptII/ptolemy/domains/modal/test/auto/AMICoderExample.xml
----------------- Instantiating /home/travis/build/icyphy/ptII/ptolemy/domains/modal/test/auto/AMICoderExample.xml
20 ms. Memory: 332288K Free: 210828K (63%)
----------------- Invoking toplevel() on ptolemy.moml.MoMLSimpleApplication@f9f72f6
----------------- Done invoking toplevel() on ptolemy.moml.MoMLSimpleApplication@f9f72f6
reloadAllAccessors: .AMICoderExample

===========================================================================================
----------------- testing Mon Jun 18 23:39:52 UTC 2018 /home/travis/build/icyphy/ptII/ptolemy/domains/modal/test/auto/AbsentToPresent.xml
----------------- Instantiating /home/travis/build/icyphy/ptII/ptolemy/domains/modal/test/auto/AbsentToPresent.xml
6 ms. Memory: 332288K Free: 200869K (60%)
----------------- Invoking toplevel() on ptolemy.moml.MoMLSimpleApplication@2494a35f
----------------- Done invoking toplevel() on ptolemy.moml.MoMLSimpleApplication@2494a35f
reloadAllAccessors: .AbsentToPresent

===========================================================================================
----------------- testing Mon Jun 18 23:39:52 UTC 2018 /home/travis/build/icyphy/ptII/ptolemy/domains/modal/test/auto/Blending.xml
----------------- Instantiating /home/travis/build/icyphy/ptII/ptolemy/domains/modal/test/auto/Blending.xml
145 ms. Memory: 332288K Free: 150091K (45%)
----------------- Invoking toplevel() on ptolemy.moml.MoMLSimpleApplication@4828ba32
----------------- Done invoking toplevel() on ptolemy.moml.MoMLSimpleApplication@4828ba32
reloadAllAccessors: .Blending

===========================================================================================
----------------- testing Mon Jun 18 23:39:53 UTC 2018 /home/travis/build/icyphy/ptII/ptolemy/domains/modal/test/auto/Broadcast.xml
----------------- Instantiating /home/travis/build/icyphy/ptII/ptolemy/domains/modal/test/auto/Broadcast.xml
13 ms. Memory: 332288K Free: 137018K (41%)
----------------- Invoking toplevel() on ptolemy.moml.MoMLSimpleApplication@6624d299
----------------- Done invoking toplevel() on ptolemy.moml.MoMLSimpleApplication@6624d299
reloadAllAccessors: .Broadcast

===========================================================================================
----------------- testing Mon Jun 18 23:39:53 UTC 2018 /home/travis/build/icyphy/ptII/ptolemy/domains/modal/test/auto/BroadcastHierarchy.xml
----------------- Instantiating /home/travis/build/icyphy/ptII/ptolemy/domains/modal/test/auto/BroadcastHierarchy.xml
22 ms. Memory: 332288K Free: 119044K (36%)
----------------- Invoking toplevel() on ptolemy.moml.MoMLSimpleApplication@6267e4cd
----------------- Done invoking toplevel() on ptolemy.moml.MoMLSimpleApplication@6267e4cd
reloadAllAccessors: .BroadcastHierarchy

===========================================================================================
----------------- testing Mon Jun 18 23:39:53 UTC 2018 /home/travis/build/icyphy/ptII/ptolemy/domains/modal/test/auto/BroadcastHierarchy2.xml
----------------- Instantiating /home/travis/build/icyphy/ptII/ptolemy/domains/modal/test/auto/BroadcastHierarchy2.xml
27 ms. Memory: 332288K Free: 83071K (25%)
----------------- Invoking toplevel() on ptolemy.moml.MoMLSimpleApplication@66d458bc
----------------- Done invoking toplevel() on ptolemy.moml.MoMLSimpleApplication@66d458bc
reloadAllAccessors: .BroadcastHierarchy2

===========================================================================================
----------------- testing Mon Jun 18 23:39:53 UTC 2018 /home/travis/build/icyphy/ptII/ptolemy/domains/modal/test/auto/BroadcastHierarchy3.xml
----------------- Instantiating /home/travis/build/icyphy/ptII/ptolemy/domains/modal/test/auto/BroadcastHierarchy3.xml
23 ms. Memory: 333824K Free: 300439K (90%)
----------------- Invoking toplevel() on ptolemy.moml.MoMLSimpleApplication@597a1a75
----------------- Done invoking toplevel() on ptolemy.moml.MoMLSimpleApplication@597a1a75
reloadAllAccessors: .BroadcastHierarchy3

===========================================================================================
----------------- testing Mon Jun 18 23:39:53 UTC 2018 /home/travis/build/icyphy/ptII/ptolemy/domains/modal/test/auto/BroadcastHierarchy4.xml
----------------- Instantiating /home/travis/build/icyphy/ptII/ptolemy/domains/modal/test/auto/BroadcastHierarchy4.xml
17 ms. Memory: 333824K Free: 265449K (80%)
----------------- Invoking toplevel() on ptolemy.moml.MoMLSimpleApplication@6c0f8a42
----------------- Done invoking toplevel() on ptolemy.moml.MoMLSimpleApplication@6c0f8a42
reloadAllAccessors: .BroadcastHierarchy4

===========================================================================================
----------------- testing Mon Jun 18 23:39:53 UTC 2018 /home/travis/build/icyphy/ptII/ptolemy/domains/modal/test/auto/CannotAnalysisWithPreemption2.xml
----------------- Instantiating /home/travis/build/icyphy/ptII/ptolemy/domains/modal/test/auto/CannotAnalysisWithPreemption2.xml
4 ms. Memory: 333824K Free: 255648K (77%)
----------------- Invoking toplevel() on ptolemy.moml.MoMLSimpleApplication@17000a71
----------------- Done invoking toplevel() on ptolemy.moml.MoMLSimpleApplication@17000a71
reloadAllAccessors: .CannotAnalysisWithPreemption2

===========================================================================================
----------------- testing Mon Jun 18 23:39:53 UTC 2018 /home/travis/build/icyphy/ptII/ptolemy/domains/modal/test/auto/CannotAnalysisWithPreemption3.xml
----------------- Instantiating /home/travis/build/icyphy/ptII/ptolemy/domains/modal/test/auto/CannotAnalysisWithPreemption3.xml
2 ms. Memory: 333824K Free: 242590K (73%)
----------------- Invoking toplevel() on ptolemy.moml.MoMLSimpleApplication@480b23b9
----------------- Done invoking toplevel() on ptolemy.moml.MoMLSimpleApplication@480b23b9
reloadAllAccessors: .CannotAnalysisWithPreemption3

===========================================================================================
----------------- testing Mon Jun 18 23:39:53 UTC 2018 /home/travis/build/icyphy/ptII/ptolemy/domains/modal/test/auto/CannotProduce.xml
----------------- Instantiating /home/travis/build/icyphy/ptII/ptolemy/domains/modal/test/auto/CannotProduce.xml
16 ms. Memory: 333824K Free: 233772K (70%)
----------------- Invoking toplevel() on ptolemy.moml.MoMLSimpleApplication@169debbf
----------------- Done invoking toplevel() on ptolemy.moml.MoMLSimpleApplication@169debbf
reloadAllAccessors: .CannotProduce

===========================================================================================
----------------- testing Mon Jun 18 23:39:53 UTC 2018 /home/travis/build/icyphy/ptII/ptolemy/domains/modal/test/auto/CannotProduceModal.xml
----------------- Instantiating /home/travis/build/icyphy/ptII/ptolemy/domains/modal/test/auto/CannotProduceModal.xml
4 ms. Memory: 333824K Free: 225615K (68%)
----------------- Invoking toplevel() on ptolemy.moml.MoMLSimpleApplication@6837c7c4
----------------- Done invoking toplevel() on ptolemy.moml.MoMLSimpleApplication@6837c7c4
reloadAllAccessors: .CannotProduceModal

===========================================================================================
----------------- testing Mon Jun 18 23:39:53 UTC 2018 /home/travis/build/icyphy/ptII/ptolemy/domains/modal/test/auto/Case.xml
----------------- Instantiating /home/travis/build/icyphy/ptII/ptolemy/domains/modal/test/auto/Case.xml
38 ms. Memory: 333824K Free: 212525K (64%)
----------------- Invoking toplevel() on ptolemy.moml.MoMLSimpleApplication@1d7cbcd9
----------------- Done invoking toplevel() on ptolemy.moml.MoMLSimpleApplication@1d7cbcd9
reloadAllAccessors: .Case

===========================================================================================
----------------- testing Mon Jun 18 23:39:53 UTC 2018 /home/travis/build/icyphy/ptII/ptolemy/domains/modal/test/auto/Case1.xml
----------------- Instantiating /home/travis/build/icyphy/ptII/ptolemy/domains/modal/test/auto/Case1.xml
5 ms. Memory: 333824K Free: 202063K (61%)
----------------- Invoking toplevel() on ptolemy.moml.MoMLSimpleApplication@3e81a659
----------------- Done invoking toplevel() on ptolemy.moml.MoMLSimpleApplication@3e81a659
reloadAllAccessors: .Case1

===========================================================================================
----------------- testing Mon Jun 18 23:39:53 UTC 2018 /home/travis/build/icyphy/ptII/ptolemy/domains/modal/test/auto/Case2.xml
----------------- Instantiating /home/travis/build/icyphy/ptII/ptolemy/domains/modal/test/auto/Case2.xml
18 ms. Memory: 333824K Free: 190642K (57%)
----------------- Invoking toplevel() on ptolemy.moml.MoMLSimpleApplication@2aee61e9
----------------- Done invoking toplevel() on ptolemy.moml.MoMLSimpleApplication@2aee61e9
reloadAllAccessors: .Case2

===========================================================================================
----------------- testing Mon Jun 18 23:39:53 UTC 2018 /home/travis/build/icyphy/ptII/ptolemy/domains/modal/test/auto/CausalityInterface1.xml
----------------- Instantiating /home/travis/build/icyphy/ptII/ptolemy/domains/modal/test/auto/CausalityInterface1.xml
2 ms. Memory: 333824K Free: 184121K (55%)
----------------- Invoking toplevel() on ptolemy.moml.MoMLSimpleApplication@4e9aea2a
----------------- Done invoking toplevel() on ptolemy.moml.MoMLSimpleApplication@4e9aea2a
reloadAllAccessors: .CausalityInterface1

===========================================================================================
----------------- testing Mon Jun 18 23:39:53 UTC 2018 /home/travis/build/icyphy/ptII/ptolemy/domains/modal/test/auto/CausalityInterface10.xml
----------------- Instantiating /home/travis/build/icyphy/ptII/ptolemy/domains/modal/test/auto/CausalityInterface10.xml
13 ms. Memory: 333824K Free: 165493K (50%)
----------------- Invoking toplevel() on ptolemy.moml.MoMLSimpleApplication@59eb5b79
----------------- Done invoking toplevel() on ptolemy.moml.MoMLSimpleApplication@59eb5b79
reloadAllAccessors: .CausalityInterface10

===========================================================================================
----------------- testing Mon Jun 18 23:39:54 UTC 2018 /home/travis/build/icyphy/ptII/ptolemy/domains/modal/test/auto/CausalityInterface11.xml
----------------- Instantiating /home/travis/build/icyphy/ptII/ptolemy/domains/modal/test/auto/CausalityInterface11.xml
7 ms. Memory: 333824K Free: 149155K (45%)
----------------- Invoking toplevel() on ptolemy.moml.MoMLSimpleApplication@5f97711
----------------- Done invoking toplevel() on ptolemy.moml.MoMLSimpleApplication@5f97711
reloadAllAccessors: .CausalityInterface11

===========================================================================================
----------------- testing Mon Jun 18 23:39:54 UTC 2018 /home/travis/build/icyphy/ptII/ptolemy/domains/modal/test/auto/CausalityInterface12.xml
----------------- Instantiating /home/travis/build/icyphy/ptII/ptolemy/domains/modal/test/auto/CausalityInterface12.xml
7 ms. Memory: 333824K Free: 132809K (40%)
----------------- Invoking toplevel() on ptolemy.moml.MoMLSimpleApplication@39a37c61
----------------- Done invoking toplevel() on ptolemy.moml.MoMLSimpleApplication@39a37c61
reloadAllAccessors: .CausalityInterface12

===========================================================================================
----------------- testing Mon Jun 18 23:39:54 UTC 2018 /home/travis/build/icyphy/ptII/ptolemy/domains/modal/test/auto/CausalityInterface13.xml
----------------- Instantiating /home/travis/build/icyphy/ptII/ptolemy/domains/modal/test/auto/CausalityInterface13.xml
11 ms. Memory: 333824K Free: 114206K (34%)
----------------- Invoking toplevel() on ptolemy.moml.MoMLSimpleApplication@6931d6b4
----------------- Done invoking toplevel() on ptolemy.moml.MoMLSimpleApplication@6931d6b4
reloadAllAccessors: .CausalityInterface13

===========================================================================================
----------------- testing Mon Jun 18 23:39:54 UTC 2018 /home/travis/build/icyphy/ptII/ptolemy/domains/modal/test/auto/CausalityInterface14.xml
----------------- Instantiating /home/travis/build/icyphy/ptII/ptolemy/domains/modal/test/auto/CausalityInterface14.xml
9 ms. Memory: 333824K Free: 97876K (29%)
----------------- Invoking toplevel() on ptolemy.moml.MoMLSimpleApplication@7982f2be
----------------- Done invoking toplevel() on ptolemy.moml.MoMLSimpleApplication@7982f2be
reloadAllAccessors: .CausalityInterface14

===========================================================================================
----------------- testing Mon Jun 18 23:39:54 UTC 2018 /home/travis/build/icyphy/ptII/ptolemy/domains/modal/test/auto/CausalityInterface2.xml
----------------- Instantiating /home/travis/build/icyphy/ptII/ptolemy/domains/modal/test/auto/CausalityInterface2.xml
8 ms. Memory: 333824K Free: 89703K (27%)
----------------- Invoking toplevel() on ptolemy.moml.MoMLSimpleApplication@6f85ecf5
----------------- Done invoking toplevel() on ptolemy.moml.MoMLSimpleApplication@6f85ecf5
reloadAllAccessors: .CausalityInterface2

===========================================================================================
----------------- testing Mon Jun 18 23:39:54 UTC 2018 /home/travis/build/icyphy/ptII/ptolemy/domains/modal/test/auto/CausalityInterface3.xml
----------------- Instantiating /home/travis/build/icyphy/ptII/ptolemy/domains/modal/test/auto/CausalityInterface3.xml
4 ms. Memory: 333824K Free: 79306K (24%)
----------------- Invoking toplevel() on ptolemy.moml.MoMLSimpleApplication@4bcf4315
----------------- Done invoking toplevel() on ptolemy.moml.MoMLSimpleApplication@4bcf4315
reloadAllAccessors: .CausalityInterface3

===========================================================================================
----------------- testing Mon Jun 18 23:39:54 UTC 2018 /home/travis/build/icyphy/ptII/ptolemy/domains/modal/test/auto/CausalityInterface4.xml
----------------- Instantiating /home/travis/build/icyphy/ptII/ptolemy/domains/modal/test/auto/CausalityInterface4.xml
3 ms. Memory: 577536K Free: 557536K (97%)
----------------- Invoking toplevel() on ptolemy.moml.MoMLSimpleApplication@294d4072
----------------- Done invoking toplevel() on ptolemy.moml.MoMLSimpleApplication@294d4072
reloadAllAccessors: .CausalityInterface4

===========================================================================================
----------------- testing Mon Jun 18 23:39:54 UTC 2018 /home/travis/build/icyphy/ptII/ptolemy/domains/modal/test/auto/CausalityInterface5.xml
----------------- Instantiating /home/travis/build/icyphy/ptII/ptolemy/domains/modal/test/auto/CausalityInterface5.xml
5 ms. Memory: 577536K Free: 541372K (94%)
----------------- Invoking toplevel() on ptolemy.moml.MoMLSimpleApplication@4cb9fb64
----------------- Done invoking toplevel() on ptolemy.moml.MoMLSimpleApplication@4cb9fb64
reloadAllAccessors: .CausalityInterface5

===========================================================================================
----------------- testing Mon Jun 18 23:39:54 UTC 2018 /home/travis/build/icyphy/ptII/ptolemy/domains/modal/test/auto/CausalityInterface6.xml
----------------- Instantiating /home/travis/build/icyphy/ptII/ptolemy/domains/modal/test/auto/CausalityInterface6.xml
3 ms. Memory: 577536K Free: 528105K (91%)
----------------- Invoking toplevel() on ptolemy.moml.MoMLSimpleApplication@4fb6e6de
----------------- Done invoking toplevel() on ptolemy.moml.MoMLSimpleApplication@4fb6e6de
reloadAllAccessors: .CausalityInterface6

===========================================================================================
----------------- testing Mon Jun 18 23:39:54 UTC 2018 /home/travis/build/icyphy/ptII/ptolemy/domains/modal/test/auto/CausalityInterface7.xml
----------------- Instantiating /home/travis/build/icyphy/ptII/ptolemy/domains/modal/test/auto/CausalityInterface7.xml
3 ms. Memory: 577536K Free: 515077K (89%)
----------------- Invoking toplevel() on ptolemy.moml.MoMLSimpleApplication@7152fa4b
----------------- Done invoking toplevel() on ptolemy.moml.MoMLSimpleApplication@7152fa4b
reloadAllAccessors: .CausalityInterface7

===========================================================================================
----------------- testing Mon Jun 18 23:39:54 UTC 2018 /home/travis/build/icyphy/ptII/ptolemy/domains/modal/test/auto/CausalityInterface8.xml
----------------- Instantiating /home/travis/build/icyphy/ptII/ptolemy/domains/modal/test/auto/CausalityInterface8.xml
4 ms. Memory: 577536K Free: 502049K (87%)
----------------- Invoking toplevel() on ptolemy.moml.MoMLSimpleApplication@1289ea61
----------------- Done invoking toplevel() on ptolemy.moml.MoMLSimpleApplication@1289ea61
reloadAllAccessors: .CausalityInterface8

===========================================================================================
----------------- testing Mon Jun 18 23:39:54 UTC 2018 /home/travis/build/icyphy/ptII/ptolemy/domains/modal/test/auto/CausalityInterface9.xml
----------------- Instantiating /home/travis/build/icyphy/ptII/ptolemy/domains/modal/test/auto/CausalityInterface9.xml
7 ms. Memory: 577536K Free: 485901K (84%)
----------------- Invoking toplevel() on ptolemy.moml.MoMLSimpleApplication@322be19b
----------------- Done invoking toplevel() on ptolemy.moml.MoMLSimpleApplication@322be19b
reloadAllAccessors: .CausalityInterface9

===========================================================================================
----------------- testing Mon Jun 18 23:39:54 UTC 2018 /home/travis/build/icyphy/ptII/ptolemy/domains/modal/test/auto/ChainedTransitions.xml
----------------- Instantiating /home/travis/build/icyphy/ptII/ptolemy/domains/modal/test/auto/ChainedTransitions.xml
79 ms. Memory: 577536K Free: 456560K (79%)
----------------- Invoking toplevel() on ptolemy.moml.MoMLSimpleApplication@ab2082f
----------------- Done invoking toplevel() on ptolemy.moml.MoMLSimpleApplication@ab2082f
reloadAllAccessors: .ChainedTransitions

===========================================================================================
----------------- testing Mon Jun 18 23:39:54 UTC 2018 /home/travis/build/icyphy/ptII/ptolemy/domains/modal/test/auto/CycleOfImmediateTransitionsFSM.xml
----------------- Instantiating /home/travis/build/icyphy/ptII/ptolemy/domains/modal/test/auto/CycleOfImmediateTransitionsFSM.xml
3 ms. Memory: 577536K Free: 446793K (77%)
----------------- Invoking toplevel() on ptolemy.moml.MoMLSimpleApplication@142c6b73
----------------- Done invoking toplevel() on ptolemy.moml.MoMLSimpleApplication@142c6b73
reloadAllAccessors: .CycleOfImmediateTransitionsFSM

===========================================================================================
----------------- testing Mon Jun 18 23:39:54 UTC 2018 /home/travis/build/icyphy/ptII/ptolemy/domains/modal/test/auto/CycleOfImmediateTransitionsModal.xml
----------------- Instantiating /home/travis/build/icyphy/ptII/ptolemy/domains/modal/test/auto/CycleOfImmediateTransitionsModal.xml
2 ms. Memory: 577536K Free: 437018K (76%)
----------------- Invoking toplevel() on ptolemy.moml.MoMLSimpleApplication@2e834e20
----------------- Done invoking toplevel() on ptolemy.moml.MoMLSimpleApplication@2e834e20
reloadAllAccessors: .CycleOfImmediateTransitionsModal

===========================================================================================
----------------- testing Mon Jun 18 23:39:54 UTC 2018 /home/travis/build/icyphy/ptII/ptolemy/domains/modal/test/auto/CycleOfImmediateTransitionsModal2.xml
----------------- Instantiating /home/travis/build/icyphy/ptII/ptolemy/domains/modal/test/auto/CycleOfImmediateTransitionsModal2.xml
5 ms. Memory: 577536K Free: 424108K (73%)
----------------- Invoking toplevel() on ptolemy.moml.MoMLSimpleApplication@42dfab2b
----------------- Done invoking toplevel() on ptolemy.moml.MoMLSimpleApplication@42dfab2b
reloadAllAccessors: .CycleOfImmediateTransitionsModal2

===========================================================================================
----------------- testing Mon Jun 18 23:39:54 UTC 2018 /home/travis/build/icyphy/ptII/ptolemy/domains/modal/test/auto/CycleOfImmediateTransitionsModal3.xml
----------------- Instantiating /home/travis/build/icyphy/ptII/ptolemy/domains/modal/test/auto/CycleOfImmediateTransitionsModal3.xml
14 ms. Memory: 577536K Free: 394807K (68%)
----------------- Invoking toplevel() on ptolemy.moml.MoMLSimpleApplication@ce08741
----------------- Done invoking toplevel() on ptolemy.moml.MoMLSimpleApplication@ce08741
reloadAllAccessors: .CycleOfImmediateTransitionsModal3

===========================================================================================
----------------- testing Mon Jun 18 23:39:54 UTC 2018 /home/travis/build/icyphy/ptII/ptolemy/domains/modal/test/auto/DeepModal1.xml
----------------- Instantiating /home/travis/build/icyphy/ptII/ptolemy/domains/modal/test/auto/DeepModal1.xml
26 ms. Memory: 577536K Free: 375256K (65%)
----------------- Invoking toplevel() on ptolemy.moml.MoMLSimpleApplication@3610eb3b
----------------- Done invoking toplevel() on ptolemy.moml.MoMLSimpleApplication@3610eb3b
reloadAllAccessors: .DeepModal1

===========================================================================================
----------------- testing Mon Jun 18 23:39:54 UTC 2018 /home/travis/build/icyphy/ptII/ptolemy/domains/modal/test/auto/DeepModal2.xml
----------------- Instantiating /home/travis/build/icyphy/ptII/ptolemy/domains/modal/test/auto/DeepModal2.xml
17 ms. Memory: 577536K Free: 352446K (61%)
----------------- Invoking toplevel() on ptolemy.moml.MoMLSimpleApplication@38586c94
----------------- Done invoking toplevel() on ptolemy.moml.MoMLSimpleApplication@38586c94
reloadAllAccessors: .DeepModal2

===========================================================================================
----------------- testing Mon Jun 18 23:39:54 UTC 2018 /home/travis/build/icyphy/ptII/ptolemy/domains/modal/test/auto/DeepModal3.xml
----------------- Instantiating /home/travis/build/icyphy/ptII/ptolemy/domains/modal/test/auto/DeepModal3.xml
29 ms. Memory: 577536K Free: 326507K (57%)
----------------- Invoking toplevel() on ptolemy.moml.MoMLSimpleApplication@2b1a49fa
----------------- Done invoking toplevel() on ptolemy.moml.MoMLSimpleApplication@2b1a49fa
reloadAllAccessors: .DeepModal3

===========================================================================================
----------------- testing Mon Jun 18 23:39:55 UTC 2018 /home/travis/build/icyphy/ptII/ptolemy/domains/modal/test/auto/DeepModal4.xml
----------------- Instantiating /home/travis/build/icyphy/ptII/ptolemy/domains/modal/test/auto/DeepModal4.xml
28 ms. Memory: 577536K Free: 303689K (53%)
----------------- Invoking toplevel() on ptolemy.moml.MoMLSimpleApplication@4cd47910
----------------- Done invoking toplevel() on ptolemy.moml.MoMLSimpleApplication@4cd47910
reloadAllAccessors: .DeepModal4

===========================================================================================
----------------- testing Mon Jun 18 23:39:55 UTC 2018 /home/travis/build/icyphy/ptII/ptolemy/domains/modal/test/auto/Default1.xml
----------------- Instantiating /home/travis/build/icyphy/ptII/ptolemy/domains/modal/test/auto/Default1.xml
2 ms. Memory: 577536K Free: 293914K (51%)
----------------- Invoking toplevel() on ptolemy.moml.MoMLSimpleApplication@788827ff
----------------- Done invoking toplevel() on ptolemy.moml.MoMLSimpleApplication@788827ff
reloadAllAccessors: .Default1

===========================================================================================
----------------- testing Mon Jun 18 23:39:55 UTC 2018 /home/travis/build/icyphy/ptII/ptolemy/domains/modal/test/auto/Default2.xml
----------------- Instantiating /home/travis/build/icyphy/ptII/ptolemy/domains/modal/test/auto/Default2.xml
2 ms. Memory: 577536K Free: 284139K (49%)
----------------- Invoking toplevel() on ptolemy.moml.MoMLSimpleApplication@11e48a28
----------------- Done invoking toplevel() on ptolemy.moml.MoMLSimpleApplication@11e48a28
reloadAllAccessors: .Default2

===========================================================================================
----------------- testing Mon Jun 18 23:39:55 UTC 2018 /home/travis/build/icyphy/ptII/ptolemy/domains/modal/test/auto/Default3.xml
----------------- Instantiating /home/travis/build/icyphy/ptII/ptolemy/domains/modal/test/auto/Default3.xml
4 ms. Memory: 577536K Free: 271229K (47%)
----------------- Invoking toplevel() on ptolemy.moml.MoMLSimpleApplication@7037fe15
----------------- Done invoking toplevel() on ptolemy.moml.MoMLSimpleApplication@7037fe15
reloadAllAccessors: .Default3

===========================================================================================
----------------- testing Mon Jun 18 23:39:55 UTC 2018 /home/travis/build/icyphy/ptII/ptolemy/domains/modal/test/auto/Default4.xml
----------------- Instantiating /home/travis/build/icyphy/ptII/ptolemy/domains/modal/test/auto/Default4.xml
8 ms. Memory: 577536K Free: 261454K (45%)
----------------- Invoking toplevel() on ptolemy.moml.MoMLSimpleApplication@5de02367
----------------- Done invoking toplevel() on ptolemy.moml.MoMLSimpleApplication@5de02367
reloadAllAccessors: .Default4

===========================================================================================
----------------- testing Mon Jun 18 23:39:55 UTC 2018 /home/travis/build/icyphy/ptII/ptolemy/domains/modal/test/auto/Default5.xml
----------------- Instantiating /home/travis/build/icyphy/ptII/ptolemy/domains/modal/test/auto/Default5.xml
10 ms. Memory: 577536K Free: 248426K (43%)
----------------- Invoking toplevel() on ptolemy.moml.MoMLSimpleApplication@59d1aa9d
----------------- Done invoking toplevel() on ptolemy.moml.MoMLSimpleApplication@59d1aa9d
reloadAllAccessors: .Default5

===========================================================================================
----------------- testing Mon Jun 18 23:39:55 UTC 2018 /home/travis/build/icyphy/ptII/ptolemy/domains/modal/test/auto/EmptyGuard.xml
----------------- Instantiating /home/travis/build/icyphy/ptII/ptolemy/domains/modal/test/auto/EmptyGuard.xml
8 ms. Memory: 577536K Free: 235391K (41%)
----------------- Invoking toplevel() on ptolemy.moml.MoMLSimpleApplication@37676e90
----------------- Done invoking toplevel() on ptolemy.moml.MoMLSimpleApplication@37676e90
reloadAllAccessors: .EmptyGuard

===========================================================================================
----------------- testing Mon Jun 18 23:39:55 UTC 2018 /home/travis/build/icyphy/ptII/ptolemy/domains/modal/test/auto/ErrorTransition1.xml
----------------- Instantiating /home/travis/build/icyphy/ptII/ptolemy/domains/modal/test/auto/ErrorTransition1.xml
5 ms. Memory: 577536K Free: 219227K (38%)
----------------- Invoking toplevel() on ptolemy.moml.MoMLSimpleApplication@2cdf434e
----------------- Done invoking toplevel() on ptolemy.moml.MoMLSimpleApplication@2cdf434e
reloadAllAccessors: .ErrorTransition1

===========================================================================================
----------------- testing Mon Jun 18 23:39:55 UTC 2018 /home/travis/build/icyphy/ptII/ptolemy/domains/modal/test/auto/ErrorTransition10.xml
----------------- Instantiating /home/travis/build/icyphy/ptII/ptolemy/domains/modal/test/auto/ErrorTransition10.xml
11 ms. Memory: 577536K Free: 202947K (35%)
----------------- Invoking toplevel() on ptolemy.moml.MoMLSimpleApplication@49560230
----------------- Done invoking toplevel() on ptolemy.moml.MoMLSimpleApplication@49560230
reloadAllAccessors: .ErrorTransition10

===========================================================================================
----------------- testing Mon Jun 18 23:39:55 UTC 2018 /home/travis/build/icyphy/ptII/ptolemy/domains/modal/test/auto/ErrorTransition11.xml
----------------- Instantiating /home/travis/build/icyphy/ptII/ptolemy/domains/modal/test/auto/ErrorTransition11.xml
4 ms. Memory: 577536K Free: 186658K (32%)
----------------- Invoking toplevel() on ptolemy.moml.MoMLSimpleApplication@72028a98
----------------- Done invoking toplevel() on ptolemy.moml.MoMLSimpleApplication@72028a98
reloadAllAccessors: .ErrorTransition11

===========================================================================================
----------------- testing Mon Jun 18 23:39:55 UTC 2018 /home/travis/build/icyphy/ptII/ptolemy/domains/modal/test/auto/ErrorTransition2.xml
----------------- Instantiating /home/travis/build/icyphy/ptII/ptolemy/domains/modal/test/auto/ErrorTransition2.xml
6 ms. Memory: 577536K Free: 173630K (30%)
----------------- Invoking toplevel() on ptolemy.moml.MoMLSimpleApplication@1df71fd7
----------------- Done invoking toplevel() on ptolemy.moml.MoMLSimpleApplication@1df71fd7
reloadAllAccessors: .ErrorTransition2

===========================================================================================
----------------- testing Mon Jun 18 23:39:55 UTC 2018 /home/travis/build/icyphy/ptII/ptolemy/domains/modal/test/auto/ErrorTransition3.xml
----------------- Instantiating /home/travis/build/icyphy/ptII/ptolemy/domains/modal/test/auto/ErrorTransition3.xml
11 ms. Memory: 577536K Free: 160602K (28%)
----------------- Invoking toplevel() on ptolemy.moml.MoMLSimpleApplication@766aecf
----------------- Done invoking toplevel() on ptolemy.moml.MoMLSimpleApplication@766aecf
reloadAllAccessors: .ErrorTransition3

===========================================================================================
----------------- testing Mon Jun 18 23:39:55 UTC 2018 /home/travis/build/icyphy/ptII/ptolemy/domains/modal/test/auto/ErrorTransition4.xml
----------------- Instantiating /home/travis/build/icyphy/ptII/ptolemy/domains/modal/test/auto/ErrorTransition4.xml
10 ms. Memory: 577536K Free: 144439K (25%)
----------------- Invoking toplevel() on ptolemy.moml.MoMLSimpleApplication@437770f0
----------------- Done invoking toplevel() on ptolemy.moml.MoMLSimpleApplication@437770f0
reloadAllAccessors: .ErrorTransition4

===========================================================================================
----------------- testing Mon Jun 18 23:39:55 UTC 2018 /home/travis/build/icyphy/ptII/ptolemy/domains/modal/test/auto/ErrorTransition5.xml
----------------- Instantiating /home/travis/build/icyphy/ptII/ptolemy/domains/modal/test/auto/ErrorTransition5.xml
5 ms. Memory: 577536K Free: 131419K (23%)
----------------- Invoking toplevel() on ptolemy.moml.MoMLSimpleApplication@5ac6ea17
----------------- Done invoking toplevel() on ptolemy.moml.MoMLSimpleApplication@5ac6ea17
reloadAllAccessors: .ErrorTransition5

===========================================================================================
----------------- testing Mon Jun 18 23:39:55 UTC 2018 /home/travis/build/icyphy/ptII/ptolemy/domains/modal/test/auto/ErrorTransition6.xml
----------------- Instantiating /home/travis/build/icyphy/ptII/ptolemy/domains/modal/test/auto/ErrorTransition6.xml
8 ms. Memory: 577536K Free: 118391K (20%)
----------------- Invoking toplevel() on ptolemy.moml.MoMLSimpleApplication@7ab4908e
----------------- Done invoking toplevel() on ptolemy.moml.MoMLSimpleApplication@7ab4908e
reloadAllAccessors: .ErrorTransition6

===========================================================================================
----------------- testing Mon Jun 18 23:39:55 UTC 2018 /home/travis/build/icyphy/ptII/ptolemy/domains/modal/test/auto/ErrorTransition7.xml
----------------- Instantiating /home/travis/build/icyphy/ptII/ptolemy/domains/modal/test/auto/ErrorTransition7.xml
13 ms. Memory: 577536K Free: 102110K (18%)
----------------- Invoking toplevel() on ptolemy.moml.MoMLSimpleApplication@16ff82c4
----------------- Done invoking toplevel() on ptolemy.moml.MoMLSimpleApplication@16ff82c4
reloadAllAccessors: .ErrorTransition7

===========================================================================================
----------------- testing Mon Jun 18 23:39:55 UTC 2018 /home/travis/build/icyphy/ptII/ptolemy/domains/modal/test/auto/ErrorTransition8.xml
----------------- Instantiating /home/travis/build/icyphy/ptII/ptolemy/domains/modal/test/auto/ErrorTransition8.xml
45 ms. Memory: 577536K Free: 82678K (14%)
----------------- Invoking toplevel() on ptolemy.moml.MoMLSimpleApplication@7803f398
----------------- Done invoking toplevel() on ptolemy.moml.MoMLSimpleApplication@7803f398
reloadAllAccessors: .ErrorTransition8

===========================================================================================
----------------- testing Mon Jun 18 23:39:55 UTC 2018 /home/travis/build/icyphy/ptII/ptolemy/domains/modal/test/auto/ErrorTransition9.xml
----------------- Instantiating /home/travis/build/icyphy/ptII/ptolemy/domains/modal/test/auto/ErrorTransition9.xml
11 ms. Memory: 578048K Free: 555213K (96%)
----------------- Invoking toplevel() on ptolemy.moml.MoMLSimpleApplication@5b223ef4
----------------- Done invoking toplevel() on ptolemy.moml.MoMLSimpleApplication@5b223ef4
reloadAllAccessors: .ErrorTransition9

===========================================================================================
----------------- testing Mon Jun 18 23:39:55 UTC 2018 /home/travis/build/icyphy/ptII/ptolemy/domains/modal/test/auto/ExtendedFSM.xml
----------------- Instantiating /home/travis/build/icyphy/ptII/ptolemy/domains/modal/test/auto/ExtendedFSM.xml
9 ms. Memory: 578048K Free: 539987K (93%)
----------------- Invoking toplevel() on ptolemy.moml.MoMLSimpleApplication@30e30746
----------------- Done invoking toplevel() on ptolemy.moml.MoMLSimpleApplication@30e30746
reloadAllAccessors: .ExtendedFSM

===========================================================================================
----------------- testing Mon Jun 18 23:39:55 UTC 2018 /home/travis/build/icyphy/ptII/ptolemy/domains/modal/test/auto/FinalStates.xml
----------------- Instantiating /home/travis/build/icyphy/ptII/ptolemy/domains/modal/test/auto/FinalStates.xml
6 ms. Memory: 578048K Free: 530228K (92%)
----------------- Invoking toplevel() on ptolemy.moml.MoMLSimpleApplication@3e1e66d7
----------------- Done invoking toplevel() on ptolemy.moml.MoMLSimpleApplication@3e1e66d7
reloadAllAccessors: .FinalStates

===========================================================================================
----------------- testing Mon Jun 18 23:39:55 UTC 2018 /home/travis/build/icyphy/ptII/ptolemy/domains/modal/test/auto/FixedPointFSM.xml
----------------- Instantiating /home/travis/build/icyphy/ptII/ptolemy/domains/modal/test/auto/FixedPointFSM.xml
18 ms. Memory: 578048K Free: 508316K (88%)
----------------- Invoking toplevel() on ptolemy.moml.MoMLSimpleApplication@51b2938a
----------------- Done invoking toplevel() on ptolemy.moml.MoMLSimpleApplication@51b2938a
reloadAllAccessors: .FixedPointFSM

===========================================================================================
----------------- testing Mon Jun 18 23:39:55 UTC 2018 /home/travis/build/icyphy/ptII/ptolemy/domains/modal/test/auto/FixedPointIterationFSMActor.xml
----------------- Instantiating /home/travis/build/icyphy/ptII/ptolemy/domains/modal/test/auto/FixedPointIterationFSMActor.xml
6 ms. Memory: 578048K Free: 495289K (86%)
----------------- Invoking toplevel() on ptolemy.moml.MoMLSimpleApplication@38a2e1bb
----------------- Done invoking toplevel() on ptolemy.moml.MoMLSimpleApplication@38a2e1bb
reloadAllAccessors: .FixedPointIterationFSMActor

===========================================================================================
----------------- testing Mon Jun 18 23:39:55 UTC 2018 /home/travis/build/icyphy/ptII/ptolemy/domains/modal/test/auto/FixedPointIterationFSMActor2.xml
----------------- Instantiating /home/travis/build/icyphy/ptII/ptolemy/domains/modal/test/auto/FixedPointIterationFSMActor2.xml
16 ms. Memory: 578048K Free: 479016K (83%)
----------------- Invoking toplevel() on ptolemy.moml.MoMLSimpleApplication@25789d60
----------------- Done invoking toplevel() on ptolemy.moml.MoMLSimpleApplication@25789d60
reloadAllAccessors: .FixedPointIterationFSMActor2

===========================================================================================
----------------- testing Mon Jun 18 23:39:55 UTC 2018 /home/travis/build/icyphy/ptII/ptolemy/domains/modal/test/auto/ForbiddenInstantanousLoop.xml
----------------- Instantiating /home/travis/build/icyphy/ptII/ptolemy/domains/modal/test/auto/ForbiddenInstantanousLoop.xml
5 ms. Memory: 578048K Free: 460552K (80%)
----------------- Invoking toplevel() on ptolemy.moml.MoMLSimpleApplication@1d590f40
----------------- Done invoking toplevel() on ptolemy.moml.MoMLSimpleApplication@1d590f40
reloadAllAccessors: .ForbiddenInstantanousLoop

===========================================================================================
----------------- testing Mon Jun 18 23:39:55 UTC 2018 /home/travis/build/icyphy/ptII/ptolemy/domains/modal/test/auto/FunctionDependencyOfFSMActorTest.xml
----------------- Instantiating /home/travis/build/icyphy/ptII/ptolemy/domains/modal/test/auto/FunctionDependencyOfFSMActorTest.xml
14 ms. Memory: 578048K Free: 450778K (78%)
----------------- Invoking toplevel() on ptolemy.moml.MoMLSimpleApplication@64e1cf9e
----------------- Done invoking toplevel() on ptolemy.moml.MoMLSimpleApplication@64e1cf9e
reloadAllAccessors: .FunctionDependencyOfFSMActorTest

===========================================================================================
----------------- testing Mon Jun 18 23:39:55 UTC 2018 /home/travis/build/icyphy/ptII/ptolemy/domains/modal/test/auto/GuardExpression.xml
----------------- Instantiating /home/travis/build/icyphy/ptII/ptolemy/domains/modal/test/auto/GuardExpression.xml
1 ms. Memory: 578048K Free: 441003K (76%)
----------------- Invoking toplevel() on ptolemy.moml.MoMLSimpleApplication@46c5f00c
----------------- Done invoking toplevel() on ptolemy.moml.MoMLSimpleApplication@46c5f00c
reloadAllAccessors: .GuardExpression

===========================================================================================
----------------- testing Mon Jun 18 23:39:56 UTC 2018 /home/travis/build/icyphy/ptII/ptolemy/domains/modal/test/auto/GuardNotEvaluated.xml
----------------- Instantiating /home/travis/build/icyphy/ptII/ptolemy/domains/modal/test/auto/GuardNotEvaluated.xml
6 ms. Memory: 578048K Free: 425793K (74%)
----------------- Invoking toplevel() on ptolemy.moml.MoMLSimpleApplication@25ae5ba7
----------------- Done invoking toplevel() on ptolemy.moml.MoMLSimpleApplication@25ae5ba7
reloadAllAccessors: .GuardNotEvaluated

===========================================================================================
----------------- testing Mon Jun 18 23:39:56 UTC 2018 /home/travis/build/icyphy/ptII/ptolemy/domains/modal/test/auto/GuardNotEvaluated2.xml
----------------- Instantiating /home/travis/build/icyphy/ptII/ptolemy/domains/modal/test/auto/GuardNotEvaluated2.xml
5 ms. Memory: 578048K Free: 412765K (71%)
----------------- Invoking toplevel() on ptolemy.moml.MoMLSimpleApplication@4e66e470
----------------- Done invoking toplevel() on ptolemy.moml.MoMLSimpleApplication@4e66e470
reloadAllAccessors: .GuardNotEvaluated2

===========================================================================================
----------------- testing Mon Jun 18 23:39:56 UTC 2018 /home/travis/build/icyphy/ptII/ptolemy/domains/modal/test/auto/GuardOnAbsent.xml
----------------- Instantiating /home/travis/build/icyphy/ptII/ptolemy/domains/modal/test/auto/GuardOnAbsent.xml
15 ms. Memory: 578048K Free: 402991K (70%)
----------------- Invoking toplevel() on ptolemy.moml.MoMLSimpleApplication@cb4ac8e
----------------- Done invoking toplevel() on ptolemy.moml.MoMLSimpleApplication@cb4ac8e
reloadAllAccessors: .GuardOnAbsent

===========================================================================================
----------------- testing Mon Jun 18 23:39:56 UTC 2018 /home/travis/build/icyphy/ptII/ptolemy/domains/modal/test/auto/HierarchicalFSMTypeInference.xml
----------------- Instantiating /home/travis/build/icyphy/ptII/ptolemy/domains/modal/test/auto/HierarchicalFSMTypeInference.xml
5 ms. Memory: 578048K Free: 384504K (67%)
----------------- Invoking toplevel() on ptolemy.moml.MoMLSimpleApplication@2e96dcba
----------------- Done invoking toplevel() on ptolemy.moml.MoMLSimpleApplication@2e96dcba
reloadAllAccessors: .HierarchicalFSMTypeInference

===========================================================================================
----------------- testing Mon Jun 18 23:39:56 UTC 2018 /home/travis/build/icyphy/ptII/ptolemy/domains/modal/test/auto/Hysteresis.xml
----------------- Instantiating /home/travis/build/icyphy/ptII/ptolemy/domains/modal/test/auto/Hysteresis.xml
13 ms. Memory: 578048K Free: 364946K (63%)
----------------- Invoking toplevel() on ptolemy.moml.MoMLSimpleApplication@39c6f400
----------------- Done invoking toplevel() on ptolemy.moml.MoMLSimpleApplication@39c6f400
reloadAllAccessors: .Hysteresis

===========================================================================================
----------------- testing Mon Jun 18 23:39:56 UTC 2018 /home/travis/build/icyphy/ptII/ptolemy/domains/modal/test/auto/HysteresisWithDefault.xml
----------------- Instantiating /home/travis/build/icyphy/ptII/ptolemy/domains/modal/test/auto/HysteresisWithDefault.xml
31 ms. Memory: 578048K Free: 336677K (58%)
----------------- Invoking toplevel() on ptolemy.moml.MoMLSimpleApplication@419ee34c
----------------- Done invoking toplevel() on ptolemy.moml.MoMLSimpleApplication@419ee34c
reloadAllAccessors: .HysteresisWithDefault

===========================================================================================
----------------- testing Mon Jun 18 23:39:56 UTC 2018 /home/travis/build/icyphy/ptII/ptolemy/domains/modal/test/auto/HysteresisWithDefault2.xml
----------------- Instantiating /home/travis/build/icyphy/ptII/ptolemy/domains/modal/test/auto/HysteresisWithDefault2.xml
35 ms. Memory: 578048K Free: 304106K (53%)
----------------- Invoking toplevel() on ptolemy.moml.MoMLSimpleApplication@196806e2
----------------- Done invoking toplevel() on ptolemy.moml.MoMLSimpleApplication@196806e2
reloadAllAccessors: .HysteresisWithDefault2

===========================================================================================
----------------- testing Mon Jun 18 23:39:56 UTC 2018 /home/travis/build/icyphy/ptII/ptolemy/domains/modal/test/auto/ImmediateNonConstructiveness.xml
----------------- Instantiating /home/travis/build/icyphy/ptII/ptolemy/domains/modal/test/auto/ImmediateNonConstructiveness.xml
3 ms. Memory: 578048K Free: 294339K (51%)
----------------- Invoking toplevel() on ptolemy.moml.MoMLSimpleApplication@5bd0f008
----------------- Done invoking toplevel() on ptolemy.moml.MoMLSimpleApplication@5bd0f008
reloadAllAccessors: .ImmediateNonConstructiveness

===========================================================================================
----------------- testing Mon Jun 18 23:39:56 UTC 2018 /home/travis/build/icyphy/ptII/ptolemy/domains/modal/test/auto/ImmediateNonConstructiveness2.xml
----------------- Instantiating /home/travis/build/icyphy/ptII/ptolemy/domains/modal/test/auto/ImmediateNonConstructiveness2.xml
2 ms. Memory: 578048K Free: 282366K (49%)
----------------- Invoking toplevel() on ptolemy.moml.MoMLSimpleApplication@4b3fecbe
----------------- Done invoking toplevel() on ptolemy.moml.MoMLSimpleApplication@4b3fecbe
reloadAllAccessors: .ImmediateNonConstructiveness2

===========================================================================================
----------------- testing Mon Jun 18 23:39:56 UTC 2018 /home/travis/build/icyphy/ptII/ptolemy/domains/modal/test/auto/ImmediateTransitionReset.xml
----------------- Instantiating /home/travis/build/icyphy/ptII/ptolemy/domains/modal/test/auto/ImmediateTransitionReset.xml
4 ms. Memory: 578048K Free: 266085K (46%)
----------------- Invoking toplevel() on ptolemy.moml.MoMLSimpleApplication@123ad62d
----------------- Done invoking toplevel() on ptolemy.moml.MoMLSimpleApplication@123ad62d
reloadAllAccessors: .ImmediateTransitionReset

===========================================================================================
----------------- testing Mon Jun 18 23:39:56 UTC 2018 /home/travis/build/icyphy/ptII/ptolemy/domains/modal/test/auto/ImmediateTransitions1.xml
----------------- Instantiating /home/travis/build/icyphy/ptII/ptolemy/domains/modal/test/auto/ImmediateTransitions1.xml
2 ms. Memory: 578048K Free: 256310K (44%)
----------------- Invoking toplevel() on ptolemy.moml.MoMLSimpleApplication@760fa654
----------------- Done invoking toplevel() on ptolemy.moml.MoMLSimpleApplication@760fa654
reloadAllAccessors: .ImmediateTransitions1

===========================================================================================
----------------- testing Mon Jun 18 23:39:56 UTC 2018 /home/travis/build/icyphy/ptII/ptolemy/domains/modal/test/auto/ImmediateTransitionsInstantaneousCommunication.xml
----------------- Instantiating /home/travis/build/icyphy/ptII/ptolemy/domains/modal/test/auto/ImmediateTransitionsInstantaneousCommunication.xml
4 ms. Memory: 578048K Free: 237816K (41%)
----------------- Invoking toplevel() on ptolemy.moml.MoMLSimpleApplication@2e64e34b
----------------- Done invoking toplevel() on ptolemy.moml.MoMLSimpleApplication@2e64e34b
reloadAllAccessors: .ImmediateTransitionsInstantaneousCommunication

===========================================================================================
----------------- testing Mon Jun 18 23:39:56 UTC 2018 /home/travis/build/icyphy/ptII/ptolemy/domains/modal/test/auto/InitialImmediateTransition.xml
----------------- Instantiating /home/travis/build/icyphy/ptII/ptolemy/domains/modal/test/auto/InitialImmediateTransition.xml
3 ms. Memory: 578048K Free: 228057K (39%)
----------------- Invoking toplevel() on ptolemy.moml.MoMLSimpleApplication@32db2aea
----------------- Done invoking toplevel() on ptolemy.moml.MoMLSimpleApplication@32db2aea
reloadAllAccessors: .InitialImmediateTransition

===========================================================================================
----------------- testing Mon Jun 18 23:39:56 UTC 2018 /home/travis/build/icyphy/ptII/ptolemy/domains/modal/test/auto/InitialOutputs.xml
----------------- Instantiating /home/travis/build/icyphy/ptII/ptolemy/domains/modal/test/auto/InitialOutputs.xml
3 ms. Memory: 578048K Free: 218298K (38%)
----------------- Invoking toplevel() on ptolemy.moml.MoMLSimpleApplication@25b847ce
----------------- Done invoking toplevel() on ptolemy.moml.MoMLSimpleApplication@25b847ce
reloadAllAccessors: .InitialOutputs

===========================================================================================
----------------- testing Mon Jun 18 23:39:56 UTC 2018 /home/travis/build/icyphy/ptII/ptolemy/domains/modal/test/auto/InitialStateTransition1.xml
----------------- Instantiating /home/travis/build/icyphy/ptII/ptolemy/domains/modal/test/auto/InitialStateTransition1.xml
2 ms. Memory: 578048K Free: 203072K (35%)
----------------- Invoking toplevel() on ptolemy.moml.MoMLSimpleApplication@5280415f
----------------- Done invoking toplevel() on ptolemy.moml.MoMLSimpleApplication@5280415f
reloadAllAccessors: .InitialStateTransition1

===========================================================================================
----------------- testing Mon Jun 18 23:39:56 UTC 2018 /home/travis/build/icyphy/ptII/ptolemy/domains/modal/test/auto/InitialStateTransition2.xml
----------------- Instantiating /home/travis/build/icyphy/ptII/ptolemy/domains/modal/test/auto/InitialStateTransition2.xml
.InitialStateTransition2.TestExceptionAttributeNonConstructive: initialize() was not invoked, but wrapup() was.  This is unusual, but not always a problem.  For example, exporting JNLP will do this.
1 ms. Memory: 578048K Free: 190044K (33%)
----------------- Invoking toplevel() on ptolemy.moml.MoMLSimpleApplication@7c513207
----------------- Done invoking toplevel() on ptolemy.moml.MoMLSimpleApplication@7c513207
reloadAllAccessors: .InitialStateTransition2

===========================================================================================
----------------- testing Mon Jun 18 23:39:56 UTC 2018 /home/travis/build/icyphy/ptII/ptolemy/domains/modal/test/auto/InitialStateTransition3.xml
----------------- Instantiating /home/travis/build/icyphy/ptII/ptolemy/domains/modal/test/auto/InitialStateTransition3.xml
5 ms. Memory: 578048K Free: 165076K (29%)
----------------- Invoking toplevel() on ptolemy.moml.MoMLSimpleApplication@2cd6f6c7
----------------- Done invoking toplevel() on ptolemy.moml.MoMLSimpleApplication@2cd6f6c7
reloadAllAccessors: .InitialStateTransition3

===========================================================================================
----------------- testing Mon Jun 18 23:39:56 UTC 2018 /home/travis/build/icyphy/ptII/ptolemy/domains/modal/test/auto/InitialStateTransition4.xml
----------------- Instantiating /home/travis/build/icyphy/ptII/ptolemy/domains/modal/test/auto/InitialStateTransition4.xml
3 ms. Memory: 578048K Free: 152048K (26%)
----------------- Invoking toplevel() on ptolemy.moml.MoMLSimpleApplication@58b24725
----------------- Done invoking toplevel() on ptolemy.moml.MoMLSimpleApplication@58b24725
[...]
----------------- Done invoking toplevel() on ptolemy.moml.MoMLSimpleApplication@264dca50
reloadAllAccessors: .TerminationTransition3

===========================================================================================
----------------- testing Mon Jun 18 23:39:58 UTC 2018 /home/travis/build/icyphy/ptII/ptolemy/domains/modal/test/auto/TerminationTransition4.xml
----------------- Instantiating /home/travis/build/icyphy/ptII/ptolemy/domains/modal/test/auto/TerminationTransition4.xml
7 ms. Memory: 870912K Free: 828604K (95%)
----------------- Invoking toplevel() on ptolemy.moml.MoMLSimpleApplication@4760b080
----------------- Done invoking toplevel() on ptolemy.moml.MoMLSimpleApplication@4760b080
reloadAllAccessors: .TerminationTransition4

===========================================================================================
----------------- testing Mon Jun 18 23:39:58 UTC 2018 /home/travis/build/icyphy/ptII/ptolemy/domains/modal/test/auto/TerminationTransition5.xml
----------------- Instantiating /home/travis/build/icyphy/ptII/ptolemy/domains/modal/test/auto/TerminationTransition5.xml
3 ms. Memory: 870912K Free: 807775K (93%)
----------------- Invoking toplevel() on ptolemy.moml.MoMLSimpleApplication@64dab4a9
----------------- Done invoking toplevel() on ptolemy.moml.MoMLSimpleApplication@64dab4a9
reloadAllAccessors: .TerminationTransition5

===========================================================================================
----------------- testing Mon Jun 18 23:39:58 UTC 2018 /home/travis/build/icyphy/ptII/ptolemy/domains/modal/test/auto/TerminationTransition6.xml
----------------- Instantiating /home/travis/build/icyphy/ptII/ptolemy/domains/modal/test/auto/TerminationTransition6.xml
2 ms. Memory: 870912K Free: 790293K (91%)
----------------- Invoking toplevel() on ptolemy.moml.MoMLSimpleApplication@594aa3d4
----------------- Done invoking toplevel() on ptolemy.moml.MoMLSimpleApplication@594aa3d4
reloadAllAccessors: .TerminationTransition6

===========================================================================================
----------------- testing Mon Jun 18 23:39:58 UTC 2018 /home/travis/build/icyphy/ptII/ptolemy/domains/modal/test/auto/TerminationTransition7.xml
----------------- Instantiating /home/travis/build/icyphy/ptII/ptolemy/domains/modal/test/auto/TerminationTransition7.xml
3 ms. Memory: 870912K Free: 774556K (89%)
----------------- Invoking toplevel() on ptolemy.moml.MoMLSimpleApplication@47852429
----------------- Done invoking toplevel() on ptolemy.moml.MoMLSimpleApplication@47852429
reloadAllAccessors: .TerminationTransition7

===========================================================================================
----------------- testing Mon Jun 18 23:39:58 UTC 2018 /home/travis/build/icyphy/ptII/ptolemy/domains/modal/test/auto/TerminationTransition8.xml
----------------- Instantiating /home/travis/build/icyphy/ptII/ptolemy/domains/modal/test/auto/TerminationTransition8.xml
2 ms. Memory: 870912K Free: 757074K (87%)
----------------- Invoking toplevel() on ptolemy.moml.MoMLSimpleApplication@2191c446
----------------- Done invoking toplevel() on ptolemy.moml.MoMLSimpleApplication@2191c446
reloadAllAccessors: .TerminationTransition8

===========================================================================================
----------------- testing Mon Jun 18 23:39:58 UTC 2018 /home/travis/build/icyphy/ptII/ptolemy/domains/modal/test/auto/Thermostat_NoHysteresis.xml
----------------- Instantiating /home/travis/build/icyphy/ptII/ptolemy/domains/modal/test/auto/Thermostat_NoHysteresis.xml
19 ms. Memory: 870912K Free: 725810K (83%)
----------------- Invoking toplevel() on ptolemy.moml.MoMLSimpleApplication@21a92bc8
----------------- Done invoking toplevel() on ptolemy.moml.MoMLSimpleApplication@21a92bc8
reloadAllAccessors: .Thermostat_NoHysteresis

===========================================================================================
----------------- testing Mon Jun 18 23:39:58 UTC 2018 /home/travis/build/icyphy/ptII/ptolemy/domains/modal/test/auto/TimedFSM.xml
----------------- Instantiating /home/travis/build/icyphy/ptII/ptolemy/domains/modal/test/auto/TimedFSM.xml
6 ms. Memory: 870912K Free: 708329K (81%)
----------------- Invoking toplevel() on ptolemy.moml.MoMLSimpleApplication@5b441352
----------------- Done invoking toplevel() on ptolemy.moml.MoMLSimpleApplication@5b441352
reloadAllAccessors: .TimedFSM

===========================================================================================
----------------- testing Mon Jun 18 23:39:58 UTC 2018 /home/travis/build/icyphy/ptII/ptolemy/domains/modal/test/auto/Timeout1.xml
----------------- Instantiating /home/travis/build/icyphy/ptII/ptolemy/domains/modal/test/auto/Timeout1.xml
2 ms. Memory: 870912K Free: 697918K (80%)
----------------- Invoking toplevel() on ptolemy.moml.MoMLSimpleApplication@7565ba05
----------------- Done invoking toplevel() on ptolemy.moml.MoMLSimpleApplication@7565ba05
reloadAllAccessors: .Timeout1

===========================================================================================
----------------- testing Mon Jun 18 23:39:58 UTC 2018 /home/travis/build/icyphy/ptII/ptolemy/domains/modal/test/auto/Timeout2.xml
----------------- Instantiating /home/travis/build/icyphy/ptII/ptolemy/domains/modal/test/auto/Timeout2.xml
4 ms. Memory: 870912K Free: 680437K (78%)
----------------- Invoking toplevel() on ptolemy.moml.MoMLSimpleApplication@994cc3f
----------------- Done invoking toplevel() on ptolemy.moml.MoMLSimpleApplication@994cc3f
reloadAllAccessors: .Timeout2

===========================================================================================
----------------- testing Mon Jun 18 23:39:58 UTC 2018 /home/travis/build/icyphy/ptII/ptolemy/domains/modal/test/auto/Timeout3.xml
----------------- Instantiating /home/travis/build/icyphy/ptII/ptolemy/domains/modal/test/auto/Timeout3.xml
6 ms. Memory: 870912K Free: 670027K (77%)
----------------- Invoking toplevel() on ptolemy.moml.MoMLSimpleApplication@6dda852e
----------------- Done invoking toplevel() on ptolemy.moml.MoMLSimpleApplication@6dda852e
reloadAllAccessors: .Timeout3

===========================================================================================
----------------- testing Mon Jun 18 23:39:58 UTC 2018 /home/travis/build/icyphy/ptII/ptolemy/domains/modal/test/auto/Timeout4.xml
----------------- Instantiating /home/travis/build/icyphy/ptII/ptolemy/domains/modal/test/auto/Timeout4.xml
3 ms. Memory: 870912K Free: 657766K (76%)
----------------- Invoking toplevel() on ptolemy.moml.MoMLSimpleApplication@76ce6a86
----------------- Done invoking toplevel() on ptolemy.moml.MoMLSimpleApplication@76ce6a86
reloadAllAccessors: .Timeout4

===========================================================================================
----------------- testing Mon Jun 18 23:39:58 UTC 2018 /home/travis/build/icyphy/ptII/ptolemy/domains/modal/test/auto/TransientstateModelAdvanced.xml
----------------- Instantiating /home/travis/build/icyphy/ptII/ptolemy/domains/modal/test/auto/TransientstateModelAdvanced.xml
2 ms. Memory: 870912K Free: 636929K (73%)
----------------- Invoking toplevel() on ptolemy.moml.MoMLSimpleApplication@62d2f3fe
----------------- Done invoking toplevel() on ptolemy.moml.MoMLSimpleApplication@62d2f3fe
reloadAllAccessors: .TransientstateModelAdvanced

===========================================================================================
----------------- testing Mon Jun 18 23:39:58 UTC 2018 /home/travis/build/icyphy/ptII/ptolemy/domains/modal/test/auto/TransientstateModelAdvanced2.xml
----------------- Instantiating /home/travis/build/icyphy/ptII/ptolemy/domains/modal/test/auto/TransientstateModelAdvanced2.xml
3 ms. Memory: 870912K Free: 614242K (71%)
----------------- Invoking toplevel() on ptolemy.moml.MoMLSimpleApplication@115abbd2
----------------- Done invoking toplevel() on ptolemy.moml.MoMLSimpleApplication@115abbd2
reloadAllAccessors: .transientstatemodelAdvanced

===========================================================================================
----------------- testing Mon Jun 18 23:39:58 UTC 2018 /home/travis/build/icyphy/ptII/ptolemy/domains/modal/test/auto/TransitionRefinements.xml
----------------- Instantiating /home/travis/build/icyphy/ptII/ptolemy/domains/modal/test/auto/TransitionRefinements.xml
7 ms. Memory: 870912K Free: 598626K (69%)
----------------- Invoking toplevel() on ptolemy.moml.MoMLSimpleApplication@2b27e2af
----------------- Done invoking toplevel() on ptolemy.moml.MoMLSimpleApplication@2b27e2af
reloadAllAccessors: .TransitionRefinements

===========================================================================================
----------------- testing Mon Jun 18 23:39:58 UTC 2018 /home/travis/build/icyphy/ptII/ptolemy/domains/modal/test/auto/TwoRefinements1.xml
----------------- Instantiating /home/travis/build/icyphy/ptII/ptolemy/domains/modal/test/auto/TwoRefinements1.xml
3 ms. Memory: 870912K Free: 581161K (67%)
----------------- Invoking toplevel() on ptolemy.moml.MoMLSimpleApplication@361f3d58
----------------- Done invoking toplevel() on ptolemy.moml.MoMLSimpleApplication@361f3d58
reloadAllAccessors: .TwoRefinements1

===========================================================================================
----------------- testing Mon Jun 18 23:39:58 UTC 2018 /home/travis/build/icyphy/ptII/ptolemy/domains/modal/test/auto/TwoRefinements2.xml
----------------- Instantiating /home/travis/build/icyphy/ptII/ptolemy/domains/modal/test/auto/TwoRefinements2.xml
3 ms. Memory: 870912K Free: 565545K (65%)
----------------- Invoking toplevel() on ptolemy.moml.MoMLSimpleApplication@2ee48bf6
----------------- Done invoking toplevel() on ptolemy.moml.MoMLSimpleApplication@2ee48bf6
reloadAllAccessors: .TwoRefinements2

===========================================================================================
----------------- testing Mon Jun 18 23:39:58 UTC 2018 /home/travis/build/icyphy/ptII/ptolemy/domains/modal/test/auto/WeakImmediateTransition.xml
----------------- Instantiating /home/travis/build/icyphy/ptII/ptolemy/domains/modal/test/auto/WeakImmediateTransition.xml
4 ms. Memory: 870912K Free: 548072K (63%)
----------------- Invoking toplevel() on ptolemy.moml.MoMLSimpleApplication@1bcefb99
----------------- Done invoking toplevel() on ptolemy.moml.MoMLSimpleApplication@1bcefb99
reloadAllAccessors: .WeakImmediateTransition

===========================================================================================
----------------- testing Mon Jun 18 23:39:58 UTC 2018 /home/travis/build/icyphy/ptII/ptolemy/domains/modal/test/auto/booleanSelect.xml
----------------- Instantiating /home/travis/build/icyphy/ptII/ptolemy/domains/modal/test/auto/booleanSelect.xml
32 ms. Memory: 870912K Free: 521997K (60%)
----------------- Invoking toplevel() on ptolemy.moml.MoMLSimpleApplication@73277dfd
----------------- Done invoking toplevel() on ptolemy.moml.MoMLSimpleApplication@73277dfd
reloadAllAccessors: .booleanSelect

===========================================================================================
----------------- testing Mon Jun 18 23:39:58 UTC 2018 /home/travis/build/icyphy/ptII/ptolemy/domains/modal/test/auto/modalChangingParams.xml
----------------- Instantiating /home/travis/build/icyphy/ptII/ptolemy/domains/modal/test/auto/modalChangingParams.xml
0
1
0
2
4
6
8
7
0
2
4
6
8
13
0
2
4
6
8
19
0
2
4
6
8
25
0
2
4
6
8
31
0
2
4
6
8
37
0
2
4
6
8
43
0
2
4
6
8
49
0
2
4
6
8
55
0
2
4
6
8
61
0
2
4
6
8
67
0
2
4
6
8
73
0
2
4
6
8
79
0
2
4
6
8
85
0
2
4
6
8
91
0
2
4
6
8
97
0
2
4
6
8
103
0
2
4
6
8
109
0
2
4
6
8
115
0
2
4
6
8
121
0
2
4
6
8
127
0
2
4
6
8
133
0
2
4
6
8
139
0
2
4
6
8
145
0
2
4
6
8
151
0
2
4
6
8
157
0
2
4
6
8
163
0
2
4
6
8
169
0
2
4
6
8
175
0
2
4
6
8
181
0
2
4
6
8
187
0
2
4
6
8
193
0
2
4
6
8
199
0
2
4
6
8
205
0
2
4
6
8
211
0
2
4
6
8
217
0
2
4
6
8
223
0
2
4
6
8
229
0
2
4
6
8
235
0
2
4
6
8
241
0
2
4
6
8
247
0
2
4
6
8
253
0
2
4
6
8
259
0
2
4
6
8
265
0
2
4
6
8
271
0
2
4
6
8
277
0
2
4
6
8
283
0
2
4
6
8
289
0
2
4
6
8
295
0
2
4
6
8
301
0
2
4
6
8
307
0
2
4
6
8
313
0
2
4
6
8
319
0
2
4
6
8
325
0
2
4
6
8
331
0
2
4
6
8
337
0
2
4
6
8
343
0
2
4
6
8
349
0
2
4
6
8
355
0
2
4
6
8
361
0
2
4
6
8
367
0
2
4
6
8
373
0
2
4
6
8
379
0
2
4
6
8
385
0
2
4
6
8
391
0
2
4
6
8
397
0
2
4
6
8
403
0
2
4
6
8
409
0
2
4
6
8
415
0
2
4
6
8
421
0
2
4
6
8
427
0
2
4
6
8
433
0
2
4
6
8
439
0
2
4
6
8
445
0
2
4
6
8
451
0
2
4
6
8
457
0
2
4
6
8
463
0
2
4
6
8
469
0
2
4
6
8
475
0
2
4
6
8
481
0
2
4
6
8
487
0
2
4
6
8
493
0
2
4
6
8
499
0
2
4
6
8
505
0
2
4
6
8
511
0
2
4
6
8
517
0
2
4
6
8
523
0
2
4
6
8
529
0
2
4
6
8
535
0
2
4
6
8
541
0
2
4
6
8
547
0
2
4
6
8
553
0
2
4
6
8
559
0
2
4
6
8
565
0
2
4
6
8
571
0
2
4
6
8
577
0
2
4
6
8
583
0
2
4
6
8
589
0
2
4
6
8
595
0
2
4
6
8
601
0
2
4
6
8
607
0
2
4
6
8
613
0
2
4
6
8
619
0
2
4
6
8
625
0
2
4
6
8
631
0
2
4
6
8
637
0
2
4
6
8
643
0
2
4
6
8
649
0
2
4
6
8
655
0
2
4
6
8
661
0
2
4
6
8
667
0
2
4
6
8
673
0
2
4
6
8
679
0
2
4
6
8
685
0
2
4
6
8
691
0
2
4
6
8
697
0
2
4
6
8
703
0
2
4
6
8
709
0
2
4
6
8
715
0
2
4
6
8
721
0
2
4
6
8
727
0
2
4
6
8
733
0
2
4
6
8
739
0
2
4
6
8
745
0
2
4
6
8
751
0
2
4
6
8
757
0
2
4
6
8
763
0
2
4
6
8
769
0
2
4
6
8
775
0
2
4
6
8
781
0
2
4
6
8
787
0
2
4
6
8
793
0
2
4
6
8
799
0
2
4
6
8
805
0
2
4
6
8
811
0
2
4
6
8
817
0
2
4
6
8
823
0
2
4
6
8
829
0
2
4
6
8
835
0
2
4
6
8
841
0
2
4
6
8
847
0
2
4
6
8
853
0
2
4
6
8
859
0
2
4
6
8
865
0
2
4
6
8
871
0
2
4
6
8
877
0
2
4
6
8
883
0
2
4
6
8
889
0
2
4
6
8
895
0
2
4
6
8
901
0
2
4
6
8
907
0
2
4
6
8
913
0
2
4
6
8
919
0
2
4
6
8
925
0
2
4
6
8
931
0
2
4
6
8
937
0
2
4
6
8
943
0
2
4
6
8
949
0
2
4
6
8
955
0
2
4
6
8
961
0
2
4
6
8
967
0
2
4
6
8
973
0
2
4
6
8
979
0
2
4
6
8
985
0
2
4
6
8
991
0
2
4
6
8
997
0
2
157 ms. Memory: 870912K Free: 402066K (46%)
----------------- Invoking toplevel() on ptolemy.moml.MoMLSimpleApplication@57f1a9bd
----------------- Done invoking toplevel() on ptolemy.moml.MoMLSimpleApplication@57f1a9bd
reloadAllAccessors: .modalChangingParams

===========================================================================================
----------------- testing Mon Jun 18 23:39:58 UTC 2018 /home/travis/build/icyphy/ptII/ptolemy/domains/modal/test/auto/modalModel.xml
----------------- Instantiating /home/travis/build/icyphy/ptII/ptolemy/domains/modal/test/auto/modalModel.xml
5 ms. Memory: 870912K Free: 384592K (44%)
----------------- Invoking toplevel() on ptolemy.moml.MoMLSimpleApplication@688886c2
----------------- Done invoking toplevel() on ptolemy.moml.MoMLSimpleApplication@688886c2
reloadAllAccessors: .modalModel

===========================================================================================
----------------- testing Mon Jun 18 23:39:59 UTC 2018 /home/travis/build/icyphy/ptII/ptolemy/domains/modal/test/auto/modalModel2.xml
----------------- Instantiating /home/travis/build/icyphy/ptII/ptolemy/domains/modal/test/auto/modalModel2.xml
6 ms. Memory: 870912K Free: 368976K (42%)
----------------- Invoking toplevel() on ptolemy.moml.MoMLSimpleApplication@1060f051
----------------- Done invoking toplevel() on ptolemy.moml.MoMLSimpleApplication@1060f051
reloadAllAccessors: .modalModel2

===========================================================================================
----------------- testing Mon Jun 18 23:39:59 UTC 2018 /home/travis/build/icyphy/ptII/ptolemy/domains/modal/test/auto/modalModel3.xml
----------------- Instantiating /home/travis/build/icyphy/ptII/ptolemy/domains/modal/test/auto/modalModel3.xml
0	0	0
3	2	1
6	4	2
9	6	3
4	0	4
7	2	5
10	4	6
13	6	7
8	0	8
11	2	9
14	4	10
17	6	11
12	0	12
15	2	13
18	4	14
13 ms. Memory: 870912K Free: 346290K (40%)
----------------- Invoking toplevel() on ptolemy.moml.MoMLSimpleApplication@30e8d0a1
----------------- Done invoking toplevel() on ptolemy.moml.MoMLSimpleApplication@30e8d0a1
reloadAllAccessors: .modalModel3

===========================================================================================
----------------- testing Mon Jun 18 23:39:59 UTC 2018 /home/travis/build/icyphy/ptII/ptolemy/domains/modal/test/auto/model1.xml
----------------- Instantiating /home/travis/build/icyphy/ptII/ptolemy/domains/modal/test/auto/model1.xml
10 ms. Memory: 870912K Free: 335879K (39%)
----------------- Invoking toplevel() on ptolemy.moml.MoMLSimpleApplication@6450398d
----------------- Done invoking toplevel() on ptolemy.moml.MoMLSimpleApplication@6450398d
reloadAllAccessors: .model1

===========================================================================================
----------------- testing Mon Jun 18 23:39:59 UTC 2018 /home/travis/build/icyphy/ptII/ptolemy/domains/modal/test/auto/test-direct-in-out.xml
----------------- Instantiating /home/travis/build/icyphy/ptII/ptolemy/domains/modal/test/auto/test-direct-in-out.xml
3 ms. Memory: 870912K Free: 318398K (37%)
----------------- Invoking toplevel() on ptolemy.moml.MoMLSimpleApplication@645d47c9
----------------- Done invoking toplevel() on ptolemy.moml.MoMLSimpleApplication@645d47c9
reloadAllAccessors: .test-direct-in-out
AutoTests.java: About to close Vertx.
AutoTests.java: Vertx closed.
]]></system-out>
  <system-err><![CDATA[java.lang.RuntimeException: Execution failed
	at ptolemy.moml.MoMLSimpleApplication$UnloadThread.run(MoMLSimpleApplication.java:402)
Caused by: ptolemy.kernel.util.IllegalActionException: Unknown inputs remain. Possible causality loop:
L_model_1893289564i

  in .CannotAnalysisWithPreemption.model_1893289564_region_1 and .CannotAnalysisWithPreemption.model_1893289564_region_1.L_model_1893289564i
	at ptolemy.actor.sched.FixedPointDirector.postfire(FixedPointDirector.java:515)
	at ptolemy.domains.sr.kernel.SRDirector.postfire(SRDirector.java:417)
	at ptolemy.actor.CompositeActor.postfire(CompositeActor.java:1668)
	at ptolemy.actor.Manager.iterate(Manager.java:852)
	at ptolemy.actor.Manager.execute(Manager.java:369)
	at ptolemy.actor.Manager.run(Manager.java:1263)
	at ptolemy.actor.Manager$PtolemyRunThread.run(Manager.java:1915)
java.lang.reflect.InvocationTargetException
	at sun.reflect.NativeConstructorAccessorImpl.newInstance0(Native Method)
	at sun.reflect.NativeConstructorAccessorImpl.newInstance(NativeConstructorAccessorImpl.java:62)
	at sun.reflect.DelegatingConstructorAccessorImpl.newInstance(DelegatingConstructorAccessorImpl.java:45)
	at java.lang.reflect.Constructor.newInstance(Constructor.java:423)
	at ptolemy.util.test.junit.AutoKnownFailedTests.RunModel(AutoKnownFailedTests.java:107)
	at sun.reflect.NativeMethodAccessorImpl.invoke0(Native Method)
	at sun.reflect.NativeMethodAccessorImpl.invoke(NativeMethodAccessorImpl.java:62)
	at sun.reflect.DelegatingMethodAccessorImpl.invoke(DelegatingMethodAccessorImpl.java:43)
	at java.lang.reflect.Method.invoke(Method.java:498)
	at org.junit.runners.model.FrameworkMethod$1.runReflectiveCall(FrameworkMethod.java:44)
	at org.junit.internal.runners.model.ReflectiveCallable.run(ReflectiveCallable.java:15)
	at org.junit.runners.model.FrameworkMethod.invokeExplosively(FrameworkMethod.java:41)
	at junitparams.internal.InvokeParameterisedMethod.evaluate(InvokeParameterisedMethod.java:102)
	at org.junit.internal.runners.statements.FailOnTimeout$1.run(FailOnTimeout.java:28)
Caused by: ptolemy.kernel.util.IllegalActionException: Unknown inputs remain. Possible causality loop:
L_model_1893289564i

  in .CannotAnalysisWithPreemption.model_1893289564_region_1 and .CannotAnalysisWithPreemption.model_1893289564_region_1.L_model_1893289564i
	at ptolemy.actor.sched.FixedPointDirector.postfire(FixedPointDirector.java:515)
	at ptolemy.domains.sr.kernel.SRDirector.postfire(SRDirector.java:417)
	at ptolemy.actor.CompositeActor.postfire(CompositeActor.java:1668)
	at ptolemy.actor.Manager.iterate(Manager.java:852)
	at ptolemy.actor.Manager.execute(Manager.java:369)
	at ptolemy.actor.Manager.run(Manager.java:1263)
	at ptolemy.actor.Manager$PtolemyRunThread.run(Manager.java:1915)
]]></system-err>
</testsuite>
