<?xml version="1.0" encoding="UTF-8" ?>
<testsuite errors="0" failures="0" hostname="travis-job-ed307b05-6e54-4a8f-a379-78effbcd2b5d" name="ptolemy.domains.continuous.test.junit.JUnitTclTest" skipped="0" tests="155" time="66.942" timestamp="2018-06-02T13:27:07">
  <properties>
[...]
</properties>
  <testcase classname="ptolemy.util.test.junit.TclTests" name="[0] ThereAreNoTclTests (RunTclFile)" time="0.001" />
  <testcase classname="ptolemy.util.test.junit.AutoKnownFailedTests" name="[0] ThereAreNoKnowFailedTests (RunModel)" time="0.001" />
  <testcase classname="ptolemy.util.test.junit.AutoNameArchTests" name="[0] ThereAreNoAutoArchTests (RunModel)" time="0.004" />
  <testcase classname="ptolemy.util.test.junit.AutoTests" name="[0] /home/travis/build/icyphy/ptII/ptolemy/domains/continuous/test/auto/BouncingBall.xml (RunModel)" time="2.673" />
  <testcase classname="ptolemy.util.test.junit.AutoTests" name="[1] /home/travis/build/icyphy/ptII/ptolemy/domains/continuous/test/auto/BouncingBallWithoutGR.xml (RunModel)" time="0.777" />
  <testcase classname="ptolemy.util.test.junit.AutoTests" name="[2] /home/travis/build/icyphy/ptII/ptolemy/domains/continuous/test/auto/Brownian.xml (RunModel)" time="0.107" />
  <testcase classname="ptolemy.util.test.junit.AutoTests" name="[3] /home/travis/build/icyphy/ptII/ptolemy/domains/continuous/test/auto/CarTracking.xml (RunModel)" time="3.343" />
  <testcase classname="ptolemy.util.test.junit.AutoTests" name="[4] /home/travis/build/icyphy/ptII/ptolemy/domains/continuous/test/auto/CartPendulum.xml (RunModel)" time="0.548" />
  <testcase classname="ptolemy.util.test.junit.AutoTests" name="[5] /home/travis/build/icyphy/ptII/ptolemy/domains/continuous/test/auto/CausalityInterface10.xml (RunModel)" time="0.043" />
  <testcase classname="ptolemy.util.test.junit.AutoTests" name="[6] /home/travis/build/icyphy/ptII/ptolemy/domains/continuous/test/auto/CausalityInterface11.xml (RunModel)" time="0.036" />
  <testcase classname="ptolemy.util.test.junit.AutoTests" name="[7] /home/travis/build/icyphy/ptII/ptolemy/domains/continuous/test/auto/CausalityInterface12.xml (RunModel)" time="0.04" />
  <testcase classname="ptolemy.util.test.junit.AutoTests" name="[8] /home/travis/build/icyphy/ptII/ptolemy/domains/continuous/test/auto/CausalityInterface13.xml (RunModel)" time="0.025" />
  <testcase classname="ptolemy.util.test.junit.AutoTests" name="[9] /home/travis/build/icyphy/ptII/ptolemy/domains/continuous/test/auto/CausalityInterface14.xml (RunModel)" time="0.018" />
  <testcase classname="ptolemy.util.test.junit.AutoTests" name="[10] /home/travis/build/icyphy/ptII/ptolemy/domains/continuous/test/auto/CausalityInterface4.xml (RunModel)" time="0.023" />
  <testcase classname="ptolemy.util.test.junit.AutoTests" name="[11] /home/travis/build/icyphy/ptII/ptolemy/domains/continuous/test/auto/CausalityInterface5.xml (RunModel)" time="0.042" />
  <testcase classname="ptolemy.util.test.junit.AutoTests" name="[12] /home/travis/build/icyphy/ptII/ptolemy/domains/continuous/test/auto/CausalityInterface6.xml (RunModel)" time="0.02" />
  <testcase classname="ptolemy.util.test.junit.AutoTests" name="[13] /home/travis/build/icyphy/ptII/ptolemy/domains/continuous/test/auto/CausalityInterface7.xml (RunModel)" time="0.041" />
  <testcase classname="ptolemy.util.test.junit.AutoTests" name="[14] /home/travis/build/icyphy/ptII/ptolemy/domains/continuous/test/auto/CausalityInterface8.xml (RunModel)" time="0.036" />
  <testcase classname="ptolemy.util.test.junit.AutoTests" name="[15] /home/travis/build/icyphy/ptII/ptolemy/domains/continuous/test/auto/CausalityInterface9.xml (RunModel)" time="0.04" />
  <testcase classname="ptolemy.util.test.junit.AutoTests" name="[16] /home/travis/build/icyphy/ptII/ptolemy/domains/continuous/test/auto/CausalityInterfaceFeedback1.xml (RunModel)" time="0.023" />
  <testcase classname="ptolemy.util.test.junit.AutoTests" name="[17] /home/travis/build/icyphy/ptII/ptolemy/domains/continuous/test/auto/CausalityInterfaceFeedback2.xml (RunModel)" time="0.027" />
  <testcase classname="ptolemy.util.test.junit.AutoTests" name="[18] /home/travis/build/icyphy/ptII/ptolemy/domains/continuous/test/auto/CompareWithCurrentTime.xml (RunModel)" time="0.029" />
  <testcase classname="ptolemy.util.test.junit.AutoTests" name="[19] /home/travis/build/icyphy/ptII/ptolemy/domains/continuous/test/auto/ComparedClocks.xml (RunModel)" time="0.073" />
  <testcase classname="ptolemy.util.test.junit.AutoTests" name="[20] /home/travis/build/icyphy/ptII/ptolemy/domains/continuous/test/auto/ContinuousAOCClone.xml (RunModel)" time="2.365" />
  <testcase classname="ptolemy.util.test.junit.AutoTests" name="[21] /home/travis/build/icyphy/ptII/ptolemy/domains/continuous/test/auto/ContinuousClock.xml (RunModel)" time="0.108" />
  <testcase classname="ptolemy.util.test.junit.AutoTests" name="[22] /home/travis/build/icyphy/ptII/ptolemy/domains/continuous/test/auto/ContinuousInContinuous.xml (RunModel)" time="0.087" />
  <testcase classname="ptolemy.util.test.junit.AutoTests" name="[23] /home/travis/build/icyphy/ptII/ptolemy/domains/continuous/test/auto/ContinuousInContinuousInContinuous.xml (RunModel)" time="0.033" />
  <testcase classname="ptolemy.util.test.junit.AutoTests" name="[24] /home/travis/build/icyphy/ptII/ptolemy/domains/continuous/test/auto/ContinuousInDE.xml (RunModel)" time="0.117" />
  <testcase classname="ptolemy.util.test.junit.AutoTests" name="[25] /home/travis/build/icyphy/ptII/ptolemy/domains/continuous/test/auto/ContinuousInDE2.xml (RunModel)" time="0.054" />
  <testcase classname="ptolemy.util.test.junit.AutoTests" name="[26] /home/travis/build/icyphy/ptII/ptolemy/domains/continuous/test/auto/ContinuousInDE3.xml (RunModel)" time="0.059" />
  <testcase classname="ptolemy.util.test.junit.AutoTests" name="[27] /home/travis/build/icyphy/ptII/ptolemy/domains/continuous/test/auto/ContinuousInDE4.xml (RunModel)" time="0.043" />
  <testcase classname="ptolemy.util.test.junit.AutoTests" name="[28] /home/travis/build/icyphy/ptII/ptolemy/domains/continuous/test/auto/ContinuousInDEDifferentRefinements.xml (RunModel)" time="0.1" />
  <testcase classname="ptolemy.util.test.junit.AutoTests" name="[29] /home/travis/build/icyphy/ptII/ptolemy/domains/continuous/test/auto/ContinuousInDEDifferentRefinementsPreemptive.xml (RunModel)" time="0.115" />
  <testcase classname="ptolemy.util.test.junit.AutoTests" name="[30] /home/travis/build/icyphy/ptII/ptolemy/domains/continuous/test/auto/ContinuousInDEInContinuous2.xml (RunModel)" time="0.064" />
  <testcase classname="ptolemy.util.test.junit.AutoTests" name="[31] /home/travis/build/icyphy/ptII/ptolemy/domains/continuous/test/auto/ContinuousInDEInContinuous3.xml (RunModel)" time="0.053" />
  <testcase classname="ptolemy.util.test.junit.AutoTests" name="[32] /home/travis/build/icyphy/ptII/ptolemy/domains/continuous/test/auto/ContinuousInDEInput.xml (RunModel)" time="0.035" />
  <testcase classname="ptolemy.util.test.junit.AutoTests" name="[33] /home/travis/build/icyphy/ptII/ptolemy/domains/continuous/test/auto/ContinuousInDEInput2.xml (RunModel)" time="0.043" />
  <testcase classname="ptolemy.util.test.junit.AutoTests" name="[34] /home/travis/build/icyphy/ptII/ptolemy/domains/continuous/test/auto/ContinuousInDEInput3.xml (RunModel)" time="0.033" />
  <testcase classname="ptolemy.util.test.junit.AutoTests" name="[35] /home/travis/build/icyphy/ptII/ptolemy/domains/continuous/test/auto/ContinuousInDESharingRefinement.xml (RunModel)" time="0.178" />
  <testcase classname="ptolemy.util.test.junit.AutoTests" name="[36] /home/travis/build/icyphy/ptII/ptolemy/domains/continuous/test/auto/ContinuousInDEwithNoPorts.xml (RunModel)" time="0.016" />
  <testcase classname="ptolemy.util.test.junit.AutoTests" name="[37] /home/travis/build/icyphy/ptII/ptolemy/domains/continuous/test/auto/ContinuousInsideDE.xml (RunModel)" time="0.085" />
  <testcase classname="ptolemy.util.test.junit.AutoTests" name="[38] /home/travis/build/icyphy/ptII/ptolemy/domains/continuous/test/auto/ContinuousMerge1.xml (RunModel)" time="0.018" />
  <testcase classname="ptolemy.util.test.junit.AutoTests" name="[39] /home/travis/build/icyphy/ptII/ptolemy/domains/continuous/test/auto/ContinuousMerge2.xml (RunModel)" time="0.061" />
  <testcase classname="ptolemy.util.test.junit.AutoTests" name="[40] /home/travis/build/icyphy/ptII/ptolemy/domains/continuous/test/auto/ContinuousMerge3.xml (RunModel)" time="0.056" />
  <testcase classname="ptolemy.util.test.junit.AutoTests" name="[41] /home/travis/build/icyphy/ptII/ptolemy/domains/continuous/test/auto/ContinuousWithinContinuous.xml (RunModel)" time="0.056" />
  <testcase classname="ptolemy.util.test.junit.AutoTests" name="[42] /home/travis/build/icyphy/ptII/ptolemy/domains/continuous/test/auto/ContinuousWithinContinuous2.xml (RunModel)" time="0.079" />
  <testcase classname="ptolemy.util.test.junit.AutoTests" name="[43] /home/travis/build/icyphy/ptII/ptolemy/domains/continuous/test/auto/ContinuousWithinContinuous3.xml (RunModel)" time="0.03" />
  <testcase classname="ptolemy.util.test.junit.AutoTests" name="[44] /home/travis/build/icyphy/ptII/ptolemy/domains/continuous/test/auto/ContinuousWithinContinuous4.xml (RunModel)" time="0.107" />
  <testcase classname="ptolemy.util.test.junit.AutoTests" name="[45] /home/travis/build/icyphy/ptII/ptolemy/domains/continuous/test/auto/ContinuousWithinContinuous5.xml (RunModel)" time="0.034" />
  <testcase classname="ptolemy.util.test.junit.AutoTests" name="[46] /home/travis/build/icyphy/ptII/ptolemy/domains/continuous/test/auto/ContinuousWithinContinuous6.xml (RunModel)" time="0.029" />
  <testcase classname="ptolemy.util.test.junit.AutoTests" name="[47] /home/travis/build/icyphy/ptII/ptolemy/domains/continuous/test/auto/ContinuousWithinContinuous7.xml (RunModel)" time="0.062" />
  <testcase classname="ptolemy.util.test.junit.AutoTests" name="[48] /home/travis/build/icyphy/ptII/ptolemy/domains/continuous/test/auto/DCMotor.xml (RunModel)" time="11.239" />
  <testcase classname="ptolemy.util.test.junit.AutoTests" name="[49] /home/travis/build/icyphy/ptII/ptolemy/domains/continuous/test/auto/DEInContinuous.xml (RunModel)" time="0.018" />
  <testcase classname="ptolemy.util.test.junit.AutoTests" name="[50] /home/travis/build/icyphy/ptII/ptolemy/domains/continuous/test/auto/DEinContinuous2.xml (RunModel)" time="0.022" />
  <testcase classname="ptolemy.util.test.junit.AutoTests" name="[51] /home/travis/build/icyphy/ptII/ptolemy/domains/continuous/test/auto/Derivative.xml (RunModel)" time="0.173" />
  <testcase classname="ptolemy.util.test.junit.AutoTests" name="[52] /home/travis/build/icyphy/ptII/ptolemy/domains/continuous/test/auto/Derivative1.xml (RunModel)" time="0.036" />
  <testcase classname="ptolemy.util.test.junit.AutoTests" name="[53] /home/travis/build/icyphy/ptII/ptolemy/domains/continuous/test/auto/DiscreteClock.xml (RunModel)" time="0.019" />
  <testcase classname="ptolemy.util.test.junit.AutoTests" name="[54] /home/travis/build/icyphy/ptII/ptolemy/domains/continuous/test/auto/EfficiencyCurve.xml (RunModel)" time="0.075" />
  <testcase classname="ptolemy.util.test.junit.AutoTests" name="[55] /home/travis/build/icyphy/ptII/ptolemy/domains/continuous/test/auto/ExponentialResponse.xml (RunModel)" time="0.104" />
  <testcase classname="ptolemy.util.test.junit.AutoTests" name="[56] /home/travis/build/icyphy/ptII/ptolemy/domains/continuous/test/auto/ExponentialResponseRK45.xml (RunModel)" time="0.033" />
  <testcase classname="ptolemy.util.test.junit.AutoTests" name="[57] /home/travis/build/icyphy/ptII/ptolemy/domains/continuous/test/auto/Friction.xml (RunModel)" time="1.276" />
  <testcase classname="ptolemy.util.test.junit.AutoTests" name="[58] /home/travis/build/icyphy/ptII/ptolemy/domains/continuous/test/auto/FurutaPendulum.xml (RunModel)" time="3.061" />
  <testcase classname="ptolemy.util.test.junit.AutoTests" name="[59] /home/travis/build/icyphy/ptII/ptolemy/domains/continuous/test/auto/HierarchicalExecution.xml (RunModel)" time="1.957" />
  <testcase classname="ptolemy.util.test.junit.AutoTests" name="[60] /home/travis/build/icyphy/ptII/ptolemy/domains/continuous/test/auto/HybridPlant.xml (RunModel)" time="0.476" />
  <testcase classname="ptolemy.util.test.junit.AutoTests" name="[61] /home/travis/build/icyphy/ptII/ptolemy/domains/continuous/test/auto/Hysteresis.xml (RunModel)" time="0.167" />
  <testcase classname="ptolemy.util.test.junit.AutoTests" name="[62] /home/travis/build/icyphy/ptII/ptolemy/domains/continuous/test/auto/HysteresisWithRandomDelay.xml (RunModel)" time="0.19" />
  <testcase classname="ptolemy.util.test.junit.AutoTests" name="[63] /home/travis/build/icyphy/ptII/ptolemy/domains/continuous/test/auto/HysteresisWithRandomLosses.xml (RunModel)" time="2.094" />
  <testcase classname="ptolemy.util.test.junit.AutoTests" name="[64] /home/travis/build/icyphy/ptII/ptolemy/domains/continuous/test/auto/ImmediateTransitions.xml (RunModel)" time="0.035" />
  <testcase classname="ptolemy.util.test.junit.AutoTests" name="[65] /home/travis/build/icyphy/ptII/ptolemy/domains/continuous/test/auto/ImpulseFeedback.xml (RunModel)" time="0.021" />
  <testcase classname="ptolemy.util.test.junit.AutoTests" name="[66] /home/travis/build/icyphy/ptII/ptolemy/domains/continuous/test/auto/ImpulseFeedback2.xml (RunModel)" time="0.017" />
  <testcase classname="ptolemy.util.test.junit.AutoTests" name="[67] /home/travis/build/icyphy/ptII/ptolemy/domains/continuous/test/auto/IncreasingRatePoisson.xml (RunModel)" time="0.641" />
  <testcase classname="ptolemy.util.test.junit.AutoTests" name="[68] /home/travis/build/icyphy/ptII/ptolemy/domains/continuous/test/auto/InitialStateFeedback.xml (RunModel)" time="0.012" />
  <testcase classname="ptolemy.util.test.junit.AutoTests" name="[69] /home/travis/build/icyphy/ptII/ptolemy/domains/continuous/test/auto/Integration.xml (RunModel)" time="0.009" />
  <testcase classname="ptolemy.util.test.junit.AutoTests" name="[70] /home/travis/build/icyphy/ptII/ptolemy/domains/continuous/test/auto/Integration2.xml (RunModel)" time="0.101" />
  <testcase classname="ptolemy.util.test.junit.AutoTests" name="[71] /home/travis/build/icyphy/ptII/ptolemy/domains/continuous/test/auto/Integration3.xml (RunModel)" time="0.012" />
  <testcase classname="ptolemy.util.test.junit.AutoTests" name="[72] /home/travis/build/icyphy/ptII/ptolemy/domains/continuous/test/auto/Integration5.xml (RunModel)" time="0.009" />
  <testcase classname="ptolemy.util.test.junit.AutoTests" name="[73] /home/travis/build/icyphy/ptII/ptolemy/domains/continuous/test/auto/IntegratorImpulse.xml (RunModel)" time="0.008" />
  <testcase classname="ptolemy.util.test.junit.AutoTests" name="[74] /home/travis/build/icyphy/ptII/ptolemy/domains/continuous/test/auto/IntegratorImpulse2.xml (RunModel)" time="0.011" />
  <testcase classname="ptolemy.util.test.junit.AutoTests" name="[75] /home/travis/build/icyphy/ptII/ptolemy/domains/continuous/test/auto/LevelCrossing1.xml (RunModel)" time="0.01" />
  <testcase classname="ptolemy.util.test.junit.AutoTests" name="[76] /home/travis/build/icyphy/ptII/ptolemy/domains/continuous/test/auto/LevelCrossing2.xml (RunModel)" time="0.013" />
  <testcase classname="ptolemy.util.test.junit.AutoTests" name="[77] /home/travis/build/icyphy/ptII/ptolemy/domains/continuous/test/auto/LevelCrossing3.xml (RunModel)" time="0.012" />
  <testcase classname="ptolemy.util.test.junit.AutoTests" name="[78] /home/travis/build/icyphy/ptII/ptolemy/domains/continuous/test/auto/LevelCrossing4.xml (RunModel)" time="0.013" />
  <testcase classname="ptolemy.util.test.junit.AutoTests" name="[79] /home/travis/build/icyphy/ptII/ptolemy/domains/continuous/test/auto/LevelCrossing5.xml (RunModel)" time="0.011" />
  <testcase classname="ptolemy.util.test.junit.AutoTests" name="[80] /home/travis/build/icyphy/ptII/ptolemy/domains/continuous/test/auto/LevelCrossing6.xml (RunModel)" time="0.014" />
  <testcase classname="ptolemy.util.test.junit.AutoTests" name="[81] /home/travis/build/icyphy/ptII/ptolemy/domains/continuous/test/auto/LevelCrossingDetector.xml (RunModel)" time="0.041" />
  <testcase classname="ptolemy.util.test.junit.AutoTests" name="[82] /home/travis/build/icyphy/ptII/ptolemy/domains/continuous/test/auto/LevelCrossingDetectorDetectingDirections.xml (RunModel)" time="0.082" />
  <testcase classname="ptolemy.util.test.junit.AutoTests" name="[83] /home/travis/build/icyphy/ptII/ptolemy/domains/continuous/test/auto/LevelCrossingDetectorDetectsGlitches.xml (RunModel)" time="0.056" />
  <testcase classname="ptolemy.util.test.junit.AutoTests" name="[84] /home/travis/build/icyphy/ptII/ptolemy/domains/continuous/test/auto/LevelCrossingNoInitialOuput.xml (RunModel)" time="0.017" />
  <testcase classname="ptolemy.util.test.junit.AutoTests" name="[85] /home/travis/build/icyphy/ptII/ptolemy/domains/continuous/test/auto/LinearStateSpaceExample.xml (RunModel)" time="0.041" />
  <testcase classname="ptolemy.util.test.junit.AutoTests" name="[86] /home/travis/build/icyphy/ptII/ptolemy/domains/continuous/test/auto/Lorenz.xml (RunModel)" time="3.858" />
  <testcase classname="ptolemy.util.test.junit.AutoTests" name="[87] /home/travis/build/icyphy/ptII/ptolemy/domains/continuous/test/auto/LorenzDifferentialSystem.xml (RunModel)" time="1.065" />
  <testcase classname="ptolemy.util.test.junit.AutoTests" name="[88] /home/travis/build/icyphy/ptII/ptolemy/domains/continuous/test/auto/LorenzDifferentialSystemWithInput.xml (RunModel)" time="1.35" />
  <testcase classname="ptolemy.util.test.junit.AutoTests" name="[89] /home/travis/build/icyphy/ptII/ptolemy/domains/continuous/test/auto/LorenzDifferentialSystemWithTime.xml (RunModel)" time="0.708" />
  <testcase classname="ptolemy.util.test.junit.AutoTests" name="[90] /home/travis/build/icyphy/ptII/ptolemy/domains/continuous/test/auto/Microsteps.xml (RunModel)" time="0.022" />
  <testcase classname="ptolemy.util.test.junit.AutoTests" name="[91] /home/travis/build/icyphy/ptII/ptolemy/domains/continuous/test/auto/Modal1.xml (RunModel)" time="0.046" />
  <testcase classname="ptolemy.util.test.junit.AutoTests" name="[92] /home/travis/build/icyphy/ptII/ptolemy/domains/continuous/test/auto/Modal2.xml (RunModel)" time="0.048" />
  <testcase classname="ptolemy.util.test.junit.AutoTests" name="[93] /home/travis/build/icyphy/ptII/ptolemy/domains/continuous/test/auto/ModalTransitionGuardWithReset.xml (RunModel)" time="0.032" />
  <testcase classname="ptolemy.util.test.junit.AutoTests" name="[94] /home/travis/build/icyphy/ptII/ptolemy/domains/continuous/test/auto/ModalTransitionGuardWithResetUsingPreemptiveTransition.xml (RunModel)" time="0.036" />
  <testcase classname="ptolemy.util.test.junit.AutoTests" name="[95] /home/travis/build/icyphy/ptII/ptolemy/domains/continuous/test/auto/ModalTransitionGuardWithResetUsingPreemptiveTransition2.xml (RunModel)" time="0.022" />
  <testcase classname="ptolemy.util.test.junit.AutoTests" name="[96] /home/travis/build/icyphy/ptII/ptolemy/domains/continuous/test/auto/ModalTransitionGuardWithResetUsingPreemptiveTransition3.xml (RunModel)" time="0.028" />
  <testcase classname="ptolemy.util.test.junit.AutoTests" name="[97] /home/travis/build/icyphy/ptII/ptolemy/domains/continuous/test/auto/NewtonsCradle.xml (RunModel)" time="0.768" />
  <testcase classname="ptolemy.util.test.junit.AutoTests" name="[98] /home/travis/build/icyphy/ptII/ptolemy/domains/continuous/test/auto/NewtonsCradleAnimated.xml (RunModel)" time="1.043" />
  <testcase classname="ptolemy.util.test.junit.AutoTests" name="[99] /home/travis/build/icyphy/ptII/ptolemy/domains/continuous/test/auto/NewtonsCradleComplicated.xml (RunModel)" time="0.814" />
  <testcase classname="ptolemy.util.test.junit.AutoTests" name="[100] /home/travis/build/icyphy/ptII/ptolemy/domains/continuous/test/auto/NewtonsCradleNondeterministic.xml (RunModel)" time="0.556" />
  <testcase classname="ptolemy.util.test.junit.AutoTests" name="[101] /home/travis/build/icyphy/ptII/ptolemy/domains/continuous/test/auto/NewtonsCradlePerfectlyInelastic1.xml (RunModel)" time="1.121" />
  <testcase classname="ptolemy.util.test.junit.AutoTests" name="[102] /home/travis/build/icyphy/ptII/ptolemy/domains/continuous/test/auto/Noise.xml (RunModel)" time="0.167" />
  <testcase classname="ptolemy.util.test.junit.AutoTests" name="[103] /home/travis/build/icyphy/ptII/ptolemy/domains/continuous/test/auto/NoiseSpectrum.xml (RunModel)" time="0.672" />
  <testcase classname="ptolemy.util.test.junit.AutoTests" name="[104] /home/travis/build/icyphy/ptII/ptolemy/domains/continuous/test/auto/ParameterizedNewtonsCradleAnimated.xml (RunModel)" time="0.34" />
  <testcase classname="ptolemy.util.test.junit.AutoTests" name="[105] /home/travis/build/icyphy/ptII/ptolemy/domains/continuous/test/auto/ParameterizedNewtonsCradleAnimatedNondeterministic.xml (RunModel)" time="1.096" />
  <testcase classname="ptolemy.util.test.junit.AutoTests" name="[106] /home/travis/build/icyphy/ptII/ptolemy/domains/continuous/test/auto/Pendulum3D.xml (RunModel)" time="0.161" />
  <testcase classname="ptolemy.util.test.junit.AutoTests" name="[107] /home/travis/build/icyphy/ptII/ptolemy/domains/continuous/test/auto/PeriodicSampler.xml (RunModel)" time="0.01" />
  <testcase classname="ptolemy.util.test.junit.AutoTests" name="[108] /home/travis/build/icyphy/ptII/ptolemy/domains/continuous/test/auto/PeriodicSampler1.xml (RunModel)" time="0.041" />
  <testcase classname="ptolemy.util.test.junit.AutoTests" name="[109] /home/travis/build/icyphy/ptII/ptolemy/domains/continuous/test/auto/PeriodicSampler2.xml (RunModel)" time="0.069" />
  <testcase classname="ptolemy.util.test.junit.AutoTests" name="[110] /home/travis/build/icyphy/ptII/ptolemy/domains/continuous/test/auto/Poisson.xml (RunModel)" time="0.402" />
  <testcase classname="ptolemy.util.test.junit.AutoTests" name="[111] /home/travis/build/icyphy/ptII/ptolemy/domains/continuous/test/auto/PoissonClock.xml (RunModel)" time="0.012" />
  <testcase classname="ptolemy.util.test.junit.AutoTests" name="[112] /home/travis/build/icyphy/ptII/ptolemy/domains/continuous/test/auto/PoissonClock2.xml (RunModel)" time="0.015" />
  <testcase classname="ptolemy.util.test.junit.AutoTests" name="[113] /home/travis/build/icyphy/ptII/ptolemy/domains/continuous/test/auto/PortParameterHierarchy.xml (RunModel)" time="0.015" />
  <testcase classname="ptolemy.util.test.junit.AutoTests" name="[114] /home/travis/build/icyphy/ptII/ptolemy/domains/continuous/test/auto/RandomHybridPlant.xml (RunModel)" time="0.478" />
  <testcase classname="ptolemy.util.test.junit.AutoTests" name="[115] /home/travis/build/icyphy/ptII/ptolemy/domains/continuous/test/auto/ResetTransitionWithStartTime1.xml (RunModel)" time="0.037" />
  <testcase classname="ptolemy.util.test.junit.AutoTests" name="[116] /home/travis/build/icyphy/ptII/ptolemy/domains/continuous/test/auto/ResetTransitionWithStartTime2.xml (RunModel)" time="0.037" />
  <testcase classname="ptolemy.util.test.junit.AutoTests" name="[117] /home/travis/build/icyphy/ptII/ptolemy/domains/continuous/test/auto/ResetTransitionWithStartTime3.xml (RunModel)" time="0.036" />
  <testcase classname="ptolemy.util.test.junit.AutoTests" name="[118] /home/travis/build/icyphy/ptII/ptolemy/domains/continuous/test/auto/ResetTransitionWithStartTime4.xml (RunModel)" time="0.021" />
  <testcase classname="ptolemy.util.test.junit.AutoTests" name="[119] /home/travis/build/icyphy/ptII/ptolemy/domains/continuous/test/auto/ResetTransitionWithStartTime5.xml (RunModel)" time="0.035" />
  <testcase classname="ptolemy.util.test.junit.AutoTests" name="[120] /home/travis/build/icyphy/ptII/ptolemy/domains/continuous/test/auto/ResetTransitionWithStartTime6.xml (RunModel)" time="0.023" />
  <testcase classname="ptolemy.util.test.junit.AutoTests" name="[121] /home/travis/build/icyphy/ptII/ptolemy/domains/continuous/test/auto/SRinContinuous.xml (RunModel)" time="0.024" />
  <testcase classname="ptolemy.util.test.junit.AutoTests" name="[122] /home/travis/build/icyphy/ptII/ptolemy/domains/continuous/test/auto/SampledClocks.xml (RunModel)" time="0.032" />
  <testcase classname="ptolemy.util.test.junit.AutoTests" name="[123] /home/travis/build/icyphy/ptII/ptolemy/domains/continuous/test/auto/Satellite.xml (RunModel)" time="0.882" />
  <testcase classname="ptolemy.util.test.junit.AutoTests" name="[124] /home/travis/build/icyphy/ptII/ptolemy/domains/continuous/test/auto/SigmaDelta.xml (RunModel)" time="2.269" />
  <testcase classname="ptolemy.util.test.junit.AutoTests" name="[125] /home/travis/build/icyphy/ptII/ptolemy/domains/continuous/test/auto/SinuBouncingBall.xml (RunModel)" time="0.93" />
  <testcase classname="ptolemy.util.test.junit.AutoTests" name="[126] /home/travis/build/icyphy/ptII/ptolemy/domains/continuous/test/auto/Sinusoid.xml (RunModel)" time="0.016" />
  <testcase classname="ptolemy.util.test.junit.AutoTests" name="[127] /home/travis/build/icyphy/ptII/ptolemy/domains/continuous/test/auto/SinusoidInNoise.xml (RunModel)" time="1.01" />
  <testcase classname="ptolemy.util.test.junit.AutoTests" name="[128] /home/travis/build/icyphy/ptII/ptolemy/domains/continuous/test/auto/SinusoidRK45.xml (RunModel)" time="0.011" />
  <testcase classname="ptolemy.util.test.junit.AutoTests" name="[129] /home/travis/build/icyphy/ptII/ptolemy/domains/continuous/test/auto/SinusoidWithMultipleImpulses.xml (RunModel)" time="0.017" />
  <testcase classname="ptolemy.util.test.junit.AutoTests" name="[130] /home/travis/build/icyphy/ptII/ptolemy/domains/continuous/test/auto/SquareWave.xml (RunModel)" time="0.192" />
  <testcase classname="ptolemy.util.test.junit.AutoTests" name="[131] /home/travis/build/icyphy/ptII/ptolemy/domains/continuous/test/auto/Starmac.xml (RunModel)" time="3.364" />
  <testcase classname="ptolemy.util.test.junit.AutoTests" name="[132] /home/travis/build/icyphy/ptII/ptolemy/domains/continuous/test/auto/StaticUnits.xml (RunModel)" time="2.311" />
  <testcase classname="ptolemy.util.test.junit.AutoTests" name="[133] /home/travis/build/icyphy/ptII/ptolemy/domains/continuous/test/auto/StickyMasses.xml (RunModel)" time="0.183" />
  <testcase classname="ptolemy.util.test.junit.AutoTests" name="[134] /home/travis/build/icyphy/ptII/ptolemy/domains/continuous/test/auto/StopTime.xml (RunModel)" time="0.059" />
  <testcase classname="ptolemy.util.test.junit.AutoTests" name="[135] /home/travis/build/icyphy/ptII/ptolemy/domains/continuous/test/auto/StopTime2.xml (RunModel)" time="0.061" />
  <testcase classname="ptolemy.util.test.junit.AutoTests" name="[136] /home/travis/build/icyphy/ptII/ptolemy/domains/continuous/test/auto/Switch.xml (RunModel)" time="0.068" />
  <testcase classname="ptolemy.util.test.junit.AutoTests" name="[137] /home/travis/build/icyphy/ptII/ptolemy/domains/continuous/test/auto/Thermostat.xml (RunModel)" time="0.222" />
  <testcase classname="ptolemy.util.test.junit.AutoTests" name="[138] /home/travis/build/icyphy/ptII/ptolemy/domains/continuous/test/auto/TimeDelay.xml (RunModel)" time="0.014" />
  <testcase classname="ptolemy.util.test.junit.AutoTests" name="[139] /home/travis/build/icyphy/ptII/ptolemy/domains/continuous/test/auto/TimeDelay2.xml (RunModel)" time="0.022" />
  <testcase classname="ptolemy.util.test.junit.AutoTests" name="[140] /home/travis/build/icyphy/ptII/ptolemy/domains/continuous/test/auto/TimeDelay3.xml (RunModel)" time="0.013" />
  <testcase classname="ptolemy.util.test.junit.AutoTests" name="[141] /home/travis/build/icyphy/ptII/ptolemy/domains/continuous/test/auto/TransferAbsentToInside.xml (RunModel)" time="0.109" />
  <testcase classname="ptolemy.util.test.junit.AutoTests" name="[142] /home/travis/build/icyphy/ptII/ptolemy/domains/continuous/test/auto/Transmission.xml (RunModel)" time="0.702" />
  <testcase classname="ptolemy.util.test.junit.AutoTests" name="[143] /home/travis/build/icyphy/ptII/ptolemy/domains/continuous/test/auto/TriggeredContinuousClock.xml (RunModel)" time="0.063" />
  <testcase classname="ptolemy.util.test.junit.AutoTests" name="[144] /home/travis/build/icyphy/ptII/ptolemy/domains/continuous/test/auto/TwoMachineInfiniteBusControl.xml (RunModel)" time="3.099" />
  <testcase classname="ptolemy.util.test.junit.AutoTests" name="[145] /home/travis/build/icyphy/ptII/ptolemy/domains/continuous/test/auto/V2V.xml (RunModel)" time="0.79" />
  <testcase classname="ptolemy.util.test.junit.AutoTests" name="[146] /home/travis/build/icyphy/ptII/ptolemy/domains/continuous/test/auto/hierarchicalModalModel.xml (RunModel)" time="0.029" />
  <testcase classname="ptolemy.util.test.junit.AutoTests" name="[147] /home/travis/build/icyphy/ptII/ptolemy/domains/continuous/test/auto/hierarchicalModalModel1.xml (RunModel)" time="0.032" />
  <testcase classname="ptolemy.util.test.junit.AutoTests" name="[148] /home/travis/build/icyphy/ptII/ptolemy/domains/continuous/test/auto/hierarchicalModalModel2.xml (RunModel)" time="0.024" />
  <testcase classname="ptolemy.util.test.junit.AutoTests" name="[149] /home/travis/build/icyphy/ptII/ptolemy/domains/continuous/test/auto/hierarchicalModalModel3.xml (RunModel)" time="0.02" />
  <testcase classname="ptolemy.util.test.junit.AutoTests" name="[150] /home/travis/build/icyphy/ptII/ptolemy/domains/continuous/test/auto/hierarchicalModalModel4.xml (RunModel)" time="0.027" />
  <testcase classname="ptolemy.util.test.junit.AutoTests" name="[151] /home/travis/build/icyphy/ptII/ptolemy/domains/continuous/test/auto/junk.xml (RunModel)" time="0.147" />
  <system-out><![CDATA[No tcl tests in /home/travis/build/icyphy/ptII/ptolemy/domains/continuous/test
No auto/knownFailedTests/*.xml tests in /home/travis/build/icyphy/ptII/ptolemy/domains/continuous/test
No auto/linux-amd64/*.xml tests in /home/travis/build/icyphy/ptII/ptolemy/domains/continuous/test
AutoTests.java: About to close Vertx.
AutoTests.java: Vertx closed.

===========================================================================================
----------------- testing Sat Jun 02 13:27:08 UTC 2018 /home/travis/build/icyphy/ptII/ptolemy/domains/continuous/test/auto/BouncingBall.xml
----------------- Instantiating /home/travis/build/icyphy/ptII/ptolemy/domains/continuous/test/auto/BouncingBall.xml
2185 ms. Memory: 331776K Free: 254506K (77%)
----------------- Invoking toplevel() on ptolemy.moml.MoMLSimpleApplication@63c079e
----------------- Done invoking toplevel() on ptolemy.moml.MoMLSimpleApplication@63c079e
reloadAllAccessors: .BouncingBall

===========================================================================================
----------------- testing Sat Jun 02 13:27:11 UTC 2018 /home/travis/build/icyphy/ptII/ptolemy/domains/continuous/test/auto/BouncingBallWithoutGR.xml
----------------- Instantiating /home/travis/build/icyphy/ptII/ptolemy/domains/continuous/test/auto/BouncingBallWithoutGR.xml
668 ms. Memory: 331776K Free: 310059K (93%)
----------------- Invoking toplevel() on ptolemy.moml.MoMLSimpleApplication@1db98a60
----------------- Done invoking toplevel() on ptolemy.moml.MoMLSimpleApplication@1db98a60
reloadAllAccessors: .BouncingBallWithoutGR

===========================================================================================
----------------- testing Sat Jun 02 13:27:11 UTC 2018 /home/travis/build/icyphy/ptII/ptolemy/domains/continuous/test/auto/Brownian.xml
----------------- Instantiating /home/travis/build/icyphy/ptII/ptolemy/domains/continuous/test/auto/Brownian.xml
41 ms. Memory: 331776K Free: 296204K (89%)
----------------- Invoking toplevel() on ptolemy.moml.MoMLSimpleApplication@7e668719
----------------- Done invoking toplevel() on ptolemy.moml.MoMLSimpleApplication@7e668719
reloadAllAccessors: .Brownian

===========================================================================================
----------------- testing Sat Jun 02 13:27:11 UTC 2018 /home/travis/build/icyphy/ptII/ptolemy/domains/continuous/test/auto/CarTracking.xml
----------------- Instantiating /home/travis/build/icyphy/ptII/ptolemy/domains/continuous/test/auto/CarTracking.xml
2985 ms. Memory: 578048K Free: 460160K (80%)
----------------- Invoking toplevel() on ptolemy.moml.MoMLSimpleApplication@fa96862
----------------- Done invoking toplevel() on ptolemy.moml.MoMLSimpleApplication@fa96862
reloadAllAccessors: .CarTracking

===========================================================================================
----------------- testing Sat Jun 02 13:27:15 UTC 2018 /home/travis/build/icyphy/ptII/ptolemy/domains/continuous/test/auto/CartPendulum.xml
----------------- Instantiating /home/travis/build/icyphy/ptII/ptolemy/domains/continuous/test/auto/CartPendulum.xml
423 ms. Memory: 578048K Free: 349185K (60%)
----------------- Invoking toplevel() on ptolemy.moml.MoMLSimpleApplication@35a7a7ce
----------------- Done invoking toplevel() on ptolemy.moml.MoMLSimpleApplication@35a7a7ce
reloadAllAccessors: .CartPendulum

===========================================================================================
----------------- testing Sat Jun 02 13:27:15 UTC 2018 /home/travis/build/icyphy/ptII/ptolemy/domains/continuous/test/auto/CausalityInterface10.xml
----------------- Instantiating /home/travis/build/icyphy/ptII/ptolemy/domains/continuous/test/auto/CausalityInterface10.xml
10 ms. Memory: 578048K Free: 336075K (58%)
----------------- Invoking toplevel() on ptolemy.moml.MoMLSimpleApplication@2bb475c8
----------------- Done invoking toplevel() on ptolemy.moml.MoMLSimpleApplication@2bb475c8
reloadAllAccessors: .CausalityInterface10

===========================================================================================
----------------- testing Sat Jun 02 13:27:15 UTC 2018 /home/travis/build/icyphy/ptII/ptolemy/domains/continuous/test/auto/CausalityInterface11.xml
----------------- Instantiating /home/travis/build/icyphy/ptII/ptolemy/domains/continuous/test/auto/CausalityInterface11.xml
8 ms. Memory: 578048K Free: 326239K (56%)
----------------- Invoking toplevel() on ptolemy.moml.MoMLSimpleApplication@614003b3
----------------- Done invoking toplevel() on ptolemy.moml.MoMLSimpleApplication@614003b3
reloadAllAccessors: .CausalityInterface11

===========================================================================================
----------------- testing Sat Jun 02 13:27:15 UTC 2018 /home/travis/build/icyphy/ptII/ptolemy/domains/continuous/test/auto/CausalityInterface12.xml
----------------- Instantiating /home/travis/build/icyphy/ptII/ptolemy/domains/continuous/test/auto/CausalityInterface12.xml
4 ms. Memory: 578048K Free: 316403K (55%)
----------------- Invoking toplevel() on ptolemy.moml.MoMLSimpleApplication@ed56185
----------------- Done invoking toplevel() on ptolemy.moml.MoMLSimpleApplication@ed56185
reloadAllAccessors: .CausalityInterface12

===========================================================================================
----------------- testing Sat Jun 02 13:27:15 UTC 2018 /home/travis/build/icyphy/ptII/ptolemy/domains/continuous/test/auto/CausalityInterface13.xml
----------------- Instantiating /home/travis/build/icyphy/ptII/ptolemy/domains/continuous/test/auto/CausalityInterface13.xml
4 ms. Memory: 578048K Free: 303463K (52%)
----------------- Invoking toplevel() on ptolemy.moml.MoMLSimpleApplication@304556d4
----------------- Done invoking toplevel() on ptolemy.moml.MoMLSimpleApplication@304556d4
reloadAllAccessors: .CausalityInterface13

===========================================================================================
----------------- testing Sat Jun 02 13:27:15 UTC 2018 /home/travis/build/icyphy/ptII/ptolemy/domains/continuous/test/auto/CausalityInterface14.xml
----------------- Instantiating /home/travis/build/icyphy/ptII/ptolemy/domains/continuous/test/auto/CausalityInterface14.xml
2 ms. Memory: 578048K Free: 293634K (51%)
----------------- Invoking toplevel() on ptolemy.moml.MoMLSimpleApplication@794f7567
----------------- Done invoking toplevel() on ptolemy.moml.MoMLSimpleApplication@794f7567
reloadAllAccessors: .CausalityInterface14

===========================================================================================
----------------- testing Sat Jun 02 13:27:15 UTC 2018 /home/travis/build/icyphy/ptII/ptolemy/domains/continuous/test/auto/CausalityInterface4.xml
----------------- Instantiating /home/travis/build/icyphy/ptII/ptolemy/domains/continuous/test/auto/CausalityInterface4.xml
3 ms. Memory: 578048K Free: 283798K (49%)
----------------- Invoking toplevel() on ptolemy.moml.MoMLSimpleApplication@237cd06a
----------------- Done invoking toplevel() on ptolemy.moml.MoMLSimpleApplication@237cd06a
reloadAllAccessors: .CausalityInterface4

===========================================================================================
----------------- testing Sat Jun 02 13:27:15 UTC 2018 /home/travis/build/icyphy/ptII/ptolemy/domains/continuous/test/auto/CausalityInterface5.xml
----------------- Instantiating /home/travis/build/icyphy/ptII/ptolemy/domains/continuous/test/auto/CausalityInterface5.xml
6 ms. Memory: 578048K Free: 270689K (47%)
----------------- Invoking toplevel() on ptolemy.moml.MoMLSimpleApplication@611b1f8b
----------------- Done invoking toplevel() on ptolemy.moml.MoMLSimpleApplication@611b1f8b
reloadAllAccessors: .CausalityInterface5

===========================================================================================
----------------- testing Sat Jun 02 13:27:16 UTC 2018 /home/travis/build/icyphy/ptII/ptolemy/domains/continuous/test/auto/CausalityInterface6.xml
----------------- Instantiating /home/travis/build/icyphy/ptII/ptolemy/domains/continuous/test/auto/CausalityInterface6.xml
2 ms. Memory: 578048K Free: 257756K (45%)
----------------- Invoking toplevel() on ptolemy.moml.MoMLSimpleApplication@287d1d21
----------------- Done invoking toplevel() on ptolemy.moml.MoMLSimpleApplication@287d1d21
reloadAllAccessors: .CausalityInterface6

===========================================================================================
----------------- testing Sat Jun 02 13:27:16 UTC 2018 /home/travis/build/icyphy/ptII/ptolemy/domains/continuous/test/auto/CausalityInterface7.xml
----------------- Instantiating /home/travis/build/icyphy/ptII/ptolemy/domains/continuous/test/auto/CausalityInterface7.xml
11 ms. Memory: 578048K Free: 244646K (42%)
----------------- Invoking toplevel() on ptolemy.moml.MoMLSimpleApplication@74a1beb0
----------------- Done invoking toplevel() on ptolemy.moml.MoMLSimpleApplication@74a1beb0
reloadAllAccessors: .CausalityInterface7

===========================================================================================
----------------- testing Sat Jun 02 13:27:16 UTC 2018 /home/travis/build/icyphy/ptII/ptolemy/domains/continuous/test/auto/CausalityInterface8.xml
----------------- Instantiating /home/travis/build/icyphy/ptII/ptolemy/domains/continuous/test/auto/CausalityInterface8.xml
5 ms. Memory: 578048K Free: 231536K (40%)
----------------- Invoking toplevel() on ptolemy.moml.MoMLSimpleApplication@51857062
----------------- Done invoking toplevel() on ptolemy.moml.MoMLSimpleApplication@51857062
reloadAllAccessors: .CausalityInterface8

===========================================================================================
----------------- testing Sat Jun 02 13:27:16 UTC 2018 /home/travis/build/icyphy/ptII/ptolemy/domains/continuous/test/auto/CausalityInterface9.xml
----------------- Instantiating /home/travis/build/icyphy/ptII/ptolemy/domains/continuous/test/auto/CausalityInterface9.xml
4 ms. Memory: 578048K Free: 215137K (37%)
----------------- Invoking toplevel() on ptolemy.moml.MoMLSimpleApplication@4f8bfedb
----------------- Done invoking toplevel() on ptolemy.moml.MoMLSimpleApplication@4f8bfedb
reloadAllAccessors: .CausalityInterface9

===========================================================================================
----------------- testing Sat Jun 02 13:27:16 UTC 2018 /home/travis/build/icyphy/ptII/ptolemy/domains/continuous/test/auto/CausalityInterfaceFeedback1.xml
----------------- Instantiating /home/travis/build/icyphy/ptII/ptolemy/domains/continuous/test/auto/CausalityInterfaceFeedback1.xml
2 ms. Memory: 578048K Free: 202213K (35%)
----------------- Invoking toplevel() on ptolemy.moml.MoMLSimpleApplication@6fe16c86
----------------- Done invoking toplevel() on ptolemy.moml.MoMLSimpleApplication@6fe16c86
reloadAllAccessors: .CausalityInterfaceFeedback1

===========================================================================================
----------------- testing Sat Jun 02 13:27:16 UTC 2018 /home/travis/build/icyphy/ptII/ptolemy/domains/continuous/test/auto/CausalityInterfaceFeedback2.xml
----------------- Instantiating /home/travis/build/icyphy/ptII/ptolemy/domains/continuous/test/auto/CausalityInterfaceFeedback2.xml
2 ms. Memory: 578048K Free: 192377K (33%)
----------------- Invoking toplevel() on ptolemy.moml.MoMLSimpleApplication@442b04de
----------------- Done invoking toplevel() on ptolemy.moml.MoMLSimpleApplication@442b04de
reloadAllAccessors: .CausalityInterfaceFeedback2

===========================================================================================
----------------- testing Sat Jun 02 13:27:16 UTC 2018 /home/travis/build/icyphy/ptII/ptolemy/domains/continuous/test/auto/CompareWithCurrentTime.xml
----------------- Instantiating /home/travis/build/icyphy/ptII/ptolemy/domains/continuous/test/auto/CompareWithCurrentTime.xml
5 ms. Memory: 578048K Free: 185830K (32%)
----------------- Invoking toplevel() on ptolemy.moml.MoMLSimpleApplication@41400604
----------------- Done invoking toplevel() on ptolemy.moml.MoMLSimpleApplication@41400604
reloadAllAccessors: .CompareWithCurrentTime

===========================================================================================
----------------- testing Sat Jun 02 13:27:16 UTC 2018 /home/travis/build/icyphy/ptII/ptolemy/domains/continuous/test/auto/ComparedClocks.xml
----------------- Instantiating /home/travis/build/icyphy/ptII/ptolemy/domains/continuous/test/auto/ComparedClocks.xml
6 ms. Memory: 578048K Free: 156329K (27%)
----------------- Invoking toplevel() on ptolemy.moml.MoMLSimpleApplication@26b90f47
----------------- Done invoking toplevel() on ptolemy.moml.MoMLSimpleApplication@26b90f47
reloadAllAccessors: .ComparedClocks

===========================================================================================
----------------- testing Sat Jun 02 13:27:16 UTC 2018 /home/travis/build/icyphy/ptII/ptolemy/domains/continuous/test/auto/ContinuousAOCClone.xml
----------------- Instantiating /home/travis/build/icyphy/ptII/ptolemy/domains/continuous/test/auto/ContinuousAOCClone.xml
2178 ms. Memory: 872448K Free: 424083K (49%)
----------------- Invoking toplevel() on ptolemy.moml.MoMLSimpleApplication@1ce063e0
----------------- Done invoking toplevel() on ptolemy.moml.MoMLSimpleApplication@1ce063e0
reloadAllAccessors: .ContinuousAOCClone

===========================================================================================
----------------- testing Sat Jun 02 13:27:18 UTC 2018 /home/travis/build/icyphy/ptII/ptolemy/domains/continuous/test/auto/ContinuousClock.xml
----------------- Instantiating /home/travis/build/icyphy/ptII/ptolemy/domains/continuous/test/auto/ContinuousClock.xml
34 ms. Memory: 872448K Free: 389641K (45%)
----------------- Invoking toplevel() on ptolemy.moml.MoMLSimpleApplication@7239e9f4
----------------- Done invoking toplevel() on ptolemy.moml.MoMLSimpleApplication@7239e9f4
reloadAllAccessors: .ContinuousClock

===========================================================================================
----------------- testing Sat Jun 02 13:27:18 UTC 2018 /home/travis/build/icyphy/ptII/ptolemy/domains/continuous/test/auto/ContinuousInContinuous.xml
----------------- Instantiating /home/travis/build/icyphy/ptII/ptolemy/domains/continuous/test/auto/ContinuousInContinuous.xml
49 ms. Memory: 872448K Free: 362136K (42%)
----------------- Invoking toplevel() on ptolemy.moml.MoMLSimpleApplication@4c622f7f
----------------- Done invoking toplevel() on ptolemy.moml.MoMLSimpleApplication@4c622f7f
reloadAllAccessors: .ContinuousInContinuous

===========================================================================================
----------------- testing Sat Jun 02 13:27:18 UTC 2018 /home/travis/build/icyphy/ptII/ptolemy/domains/continuous/test/auto/ContinuousInContinuousInContinuous.xml
----------------- Instantiating /home/travis/build/icyphy/ptII/ptolemy/domains/continuous/test/auto/ContinuousInContinuousInContinuous.xml
10 ms. Memory: 872448K Free: 350354K (40%)
----------------- Invoking toplevel() on ptolemy.moml.MoMLSimpleApplication@565e60f3
----------------- Done invoking toplevel() on ptolemy.moml.MoMLSimpleApplication@565e60f3
reloadAllAccessors: .ContinuousInContinuousInContinuous

===========================================================================================
----------------- testing Sat Jun 02 13:27:18 UTC 2018 /home/travis/build/icyphy/ptII/ptolemy/domains/continuous/test/auto/ContinuousInDE.xml
----------------- Instantiating /home/travis/build/icyphy/ptII/ptolemy/domains/continuous/test/auto/ContinuousInDE.xml
93 ms. Memory: 872448K Free: 334630K (38%)
----------------- Invoking toplevel() on ptolemy.moml.MoMLSimpleApplication@f0ca593
----------------- Done invoking toplevel() on ptolemy.moml.MoMLSimpleApplication@f0ca593
reloadAllAccessors: .ContinuousInDE

===========================================================================================
----------------- testing Sat Jun 02 13:27:19 UTC 2018 /home/travis/build/icyphy/ptII/ptolemy/domains/continuous/test/auto/ContinuousInDE2.xml
----------------- Instantiating /home/travis/build/icyphy/ptII/ptolemy/domains/continuous/test/auto/ContinuousInDE2.xml
35 ms. Memory: 872448K Free: 315539K (36%)
----------------- Invoking toplevel() on ptolemy.moml.MoMLSimpleApplication@3dc7ba5d
----------------- Done invoking toplevel() on ptolemy.moml.MoMLSimpleApplication@3dc7ba5d
reloadAllAccessors: .ContinuousInDE2

===========================================================================================
----------------- testing Sat Jun 02 13:27:19 UTC 2018 /home/travis/build/icyphy/ptII/ptolemy/domains/continuous/test/auto/ContinuousInDE3.xml
----------------- Instantiating /home/travis/build/icyphy/ptII/ptolemy/domains/continuous/test/auto/ContinuousInDE3.xml
39 ms. Memory: 872448K Free: 299815K (34%)
----------------- Invoking toplevel() on ptolemy.moml.MoMLSimpleApplication@7d9c0a66
----------------- Done invoking toplevel() on ptolemy.moml.MoMLSimpleApplication@7d9c0a66
reloadAllAccessors: .ContinuousInDE3

===========================================================================================
----------------- testing Sat Jun 02 13:27:19 UTC 2018 /home/travis/build/icyphy/ptII/ptolemy/domains/continuous/test/auto/ContinuousInDE4.xml
----------------- Instantiating /home/travis/build/icyphy/ptII/ptolemy/domains/continuous/test/auto/ContinuousInDE4.xml
16 ms. Memory: 872448K Free: 288034K (33%)
----------------- Invoking toplevel() on ptolemy.moml.MoMLSimpleApplication@4c33fb9a
----------------- Done invoking toplevel() on ptolemy.moml.MoMLSimpleApplication@4c33fb9a
reloadAllAccessors: .ContinuousInDE4

===========================================================================================
----------------- testing Sat Jun 02 13:27:19 UTC 2018 /home/travis/build/icyphy/ptII/ptolemy/domains/continuous/test/auto/ContinuousInDEDifferentRefinements.xml
----------------- Instantiating /home/travis/build/icyphy/ptII/ptolemy/domains/continuous/test/auto/ContinuousInDEDifferentRefinements.xml
54 ms. Memory: 872448K Free: 252594K (29%)
----------------- Invoking toplevel() on ptolemy.moml.MoMLSimpleApplication@9f97cfa
----------------- Done invoking toplevel() on ptolemy.moml.MoMLSimpleApplication@9f97cfa
reloadAllAccessors: .ContinuousInDEDifferentRefinements

===========================================================================================
----------------- testing Sat Jun 02 13:27:19 UTC 2018 /home/travis/build/icyphy/ptII/ptolemy/domains/continuous/test/auto/ContinuousInDEDifferentRefinementsPreemptive.xml
----------------- Instantiating /home/travis/build/icyphy/ptII/ptolemy/domains/continuous/test/auto/ContinuousInDEDifferentRefinementsPreemptive.xml
56 ms. Memory: 872448K Free: 213804K (25%)
----------------- Invoking toplevel() on ptolemy.moml.MoMLSimpleApplication@66633b79
----------------- Done invoking toplevel() on ptolemy.moml.MoMLSimpleApplication@66633b79
reloadAllAccessors: .ContinuousInDEDifferentRefinementsPreemptive

===========================================================================================
----------------- testing Sat Jun 02 13:27:19 UTC 2018 /home/travis/build/icyphy/ptII/ptolemy/domains/continuous/test/auto/ContinuousInDEInContinuous2.xml
----------------- Instantiating /home/travis/build/icyphy/ptII/ptolemy/domains/continuous/test/auto/ContinuousInDEInContinuous2.xml
34 ms. Memory: 872448K Free: 194153K (22%)
----------------- Invoking toplevel() on ptolemy.moml.MoMLSimpleApplication@32e4bc16
----------------- Done invoking toplevel() on ptolemy.moml.MoMLSimpleApplication@32e4bc16
reloadAllAccessors: .ContinuousInDEInContinuous2

===========================================================================================
----------------- testing Sat Jun 02 13:27:19 UTC 2018 /home/travis/build/icyphy/ptII/ptolemy/domains/continuous/test/auto/ContinuousInDEInContinuous3.xml
----------------- Instantiating /home/travis/build/icyphy/ptII/ptolemy/domains/continuous/test/auto/ContinuousInDEInContinuous3.xml
32 ms. Memory: 872448K Free: 174486K (20%)
----------------- Invoking toplevel() on ptolemy.moml.MoMLSimpleApplication@31f673f
----------------- Done invoking toplevel() on ptolemy.moml.MoMLSimpleApplication@31f673f
reloadAllAccessors: .ContinuousInDEInContinuous3

===========================================================================================
----------------- testing Sat Jun 02 13:27:19 UTC 2018 /home/travis/build/icyphy/ptII/ptolemy/domains/continuous/test/auto/ContinuousInDEInput.xml
----------------- Instantiating /home/travis/build/icyphy/ptII/ptolemy/domains/continuous/test/auto/ContinuousInDEInput.xml
13 ms. Memory: 872448K Free: 162689K (19%)
----------------- Invoking toplevel() on ptolemy.moml.MoMLSimpleApplication@194df447
----------------- Done invoking toplevel() on ptolemy.moml.MoMLSimpleApplication@194df447
reloadAllAccessors: .ContinuousInDEInput

===========================================================================================
----------------- testing Sat Jun 02 13:27:19 UTC 2018 /home/travis/build/icyphy/ptII/ptolemy/domains/continuous/test/auto/ContinuousInDEInput2.xml
----------------- Instantiating /home/travis/build/icyphy/ptII/ptolemy/domains/continuous/test/auto/ContinuousInDEInput2.xml
17 ms. Memory: 872448K Free: 147541K (17%)
----------------- Invoking toplevel() on ptolemy.moml.MoMLSimpleApplication@6060f94d
----------------- Done invoking toplevel() on ptolemy.moml.MoMLSimpleApplication@6060f94d
reloadAllAccessors: .ContinuousInDEInput2

===========================================================================================
----------------- testing Sat Jun 02 13:27:19 UTC 2018 /home/travis/build/icyphy/ptII/ptolemy/domains/continuous/test/auto/ContinuousInDEInput3.xml
----------------- Instantiating /home/travis/build/icyphy/ptII/ptolemy/domains/continuous/test/auto/ContinuousInDEInput3.xml
11 ms. Memory: 872448K Free: 135760K (16%)
----------------- Invoking toplevel() on ptolemy.moml.MoMLSimpleApplication@672eef7c
----------------- Done invoking toplevel() on ptolemy.moml.MoMLSimpleApplication@672eef7c
reloadAllAccessors: .ContinuousInDEInput3

===========================================================================================
----------------- testing Sat Jun 02 13:27:19 UTC 2018 /home/travis/build/icyphy/ptII/ptolemy/domains/continuous/test/auto/ContinuousInDESharingRefinement.xml
----------------- Instantiating /home/travis/build/icyphy/ptII/ptolemy/domains/continuous/test/auto/ContinuousInDESharingRefinement.xml
144 ms. Memory: 872960K Free: 823261K (94%)
----------------- Invoking toplevel() on ptolemy.moml.MoMLSimpleApplication@2991359
----------------- Done invoking toplevel() on ptolemy.moml.MoMLSimpleApplication@2991359
reloadAllAccessors: .ContinuousInDESharingRefinement

===========================================================================================
----------------- testing Sat Jun 02 13:27:19 UTC 2018 /home/travis/build/icyphy/ptII/ptolemy/domains/continuous/test/auto/ContinuousInDEwithNoPorts.xml
----------------- Instantiating /home/travis/build/icyphy/ptII/ptolemy/domains/continuous/test/auto/ContinuousInDEwithNoPorts.xml
5 ms. Memory: 872960K Free: 811102K (93%)
----------------- Invoking toplevel() on ptolemy.moml.MoMLSimpleApplication@32d10ba5
----------------- Done invoking toplevel() on ptolemy.moml.MoMLSimpleApplication@32d10ba5
reloadAllAccessors: .ContinuousInDEwithNoPorts

===========================================================================================
----------------- testing Sat Jun 02 13:27:19 UTC 2018 /home/travis/build/icyphy/ptII/ptolemy/domains/continuous/test/auto/ContinuousInsideDE.xml
----------------- Instantiating /home/travis/build/icyphy/ptII/ptolemy/domains/continuous/test/auto/ContinuousInsideDE.xml
41 ms. Memory: 872960K Free: 791458K (91%)
----------------- Invoking toplevel() on ptolemy.moml.MoMLSimpleApplication@30998590
----------------- Done invoking toplevel() on ptolemy.moml.MoMLSimpleApplication@30998590
reloadAllAccessors: .ContinuousInsideDE

===========================================================================================
----------------- testing Sat Jun 02 13:27:19 UTC 2018 /home/travis/build/icyphy/ptII/ptolemy/domains/continuous/test/auto/ContinuousMerge1.xml
----------------- Instantiating /home/travis/build/icyphy/ptII/ptolemy/domains/continuous/test/auto/ContinuousMerge1.xml
2 ms. Memory: 872960K Free: 781340K (90%)
----------------- Invoking toplevel() on ptolemy.moml.MoMLSimpleApplication@25ad7dcd
----------------- Done invoking toplevel() on ptolemy.moml.MoMLSimpleApplication@25ad7dcd
reloadAllAccessors: .ContinuousMerge1

===========================================================================================
----------------- testing Sat Jun 02 13:27:19 UTC 2018 /home/travis/build/icyphy/ptII/ptolemy/domains/continuous/test/auto/ContinuousMerge2.xml
----------------- Instantiating /home/travis/build/icyphy/ptII/ptolemy/domains/continuous/test/auto/ContinuousMerge2.xml
10 ms. Memory: 872960K Free: 765469K (88%)
----------------- Invoking toplevel() on ptolemy.moml.MoMLSimpleApplication@47a5f1c6
----------------- Done invoking toplevel() on ptolemy.moml.MoMLSimpleApplication@47a5f1c6
reloadAllAccessors: .ContinuousMerge2

===========================================================================================
----------------- testing Sat Jun 02 13:27:20 UTC 2018 /home/travis/build/icyphy/ptII/ptolemy/domains/continuous/test/auto/ContinuousMerge3.xml
----------------- Instantiating /home/travis/build/icyphy/ptII/ptolemy/domains/continuous/test/auto/ContinuousMerge3.xml
37 ms. Memory: 872960K Free: 749745K (86%)
----------------- Invoking toplevel() on ptolemy.moml.MoMLSimpleApplication@2bf27e93
----------------- Done invoking toplevel() on ptolemy.moml.MoMLSimpleApplication@2bf27e93
reloadAllAccessors: .ContinuousMerge3

===========================================================================================
----------------- testing Sat Jun 02 13:27:20 UTC 2018 /home/travis/build/icyphy/ptII/ptolemy/domains/continuous/test/auto/ContinuousWithinContinuous.xml
----------------- Instantiating /home/travis/build/icyphy/ptII/ptolemy/domains/continuous/test/auto/ContinuousWithinContinuous.xml
37 ms. Memory: 872960K Free: 731765K (84%)
----------------- Invoking toplevel() on ptolemy.moml.MoMLSimpleApplication@158caf6e
----------------- Done invoking toplevel() on ptolemy.moml.MoMLSimpleApplication@158caf6e
reloadAllAccessors: .ContinuousWithinContinuous

===========================================================================================
----------------- testing Sat Jun 02 13:27:20 UTC 2018 /home/travis/build/icyphy/ptII/ptolemy/domains/continuous/test/auto/ContinuousWithinContinuous2.xml
----------------- Instantiating /home/travis/build/icyphy/ptII/ptolemy/domains/continuous/test/auto/ContinuousWithinContinuous2.xml
68 ms. Memory: 872960K Free: 719983K (82%)
----------------- Invoking toplevel() on ptolemy.moml.MoMLSimpleApplication@410d7781
----------------- Done invoking toplevel() on ptolemy.moml.MoMLSimpleApplication@410d7781
reloadAllAccessors: .ContinuousWithinContinuous2

===========================================================================================
----------------- testing Sat Jun 02 13:27:20 UTC 2018 /home/travis/build/icyphy/ptII/ptolemy/domains/continuous/test/auto/ContinuousWithinContinuous3.xml
----------------- Instantiating /home/travis/build/icyphy/ptII/ptolemy/domains/continuous/test/auto/ContinuousWithinContinuous3.xml
11 ms. Memory: 872960K Free: 708202K (81%)
----------------- Invoking toplevel() on ptolemy.moml.MoMLSimpleApplication@17199d25
----------------- Done invoking toplevel() on ptolemy.moml.MoMLSimpleApplication@17199d25
reloadAllAccessors: .ContinuousWithinContinuous3

===========================================================================================
----------------- testing Sat Jun 02 13:27:20 UTC 2018 /home/travis/build/icyphy/ptII/ptolemy/domains/continuous/test/auto/ContinuousWithinContinuous4.xml
----------------- Instantiating /home/travis/build/icyphy/ptII/ptolemy/domains/continuous/test/auto/ContinuousWithinContinuous4.xml
79 ms. Memory: 872960K Free: 686287K (79%)
----------------- Invoking toplevel() on ptolemy.moml.MoMLSimpleApplication@68cfd49c
----------------- Done invoking toplevel() on ptolemy.moml.MoMLSimpleApplication@68cfd49c
reloadAllAccessors: .ContinuousWithinContinuous4

===========================================================================================
----------------- testing Sat Jun 02 13:27:20 UTC 2018 /home/travis/build/icyphy/ptII/ptolemy/domains/continuous/test/auto/ContinuousWithinContinuous5.xml
----------------- Instantiating /home/travis/build/icyphy/ptII/ptolemy/domains/continuous/test/auto/ContinuousWithinContinuous5.xml
10 ms. Memory: 872960K Free: 674506K (77%)
----------------- Invoking toplevel() on ptolemy.moml.MoMLSimpleApplication@4260727b
----------------- Done invoking toplevel() on ptolemy.moml.MoMLSimpleApplication@4260727b
reloadAllAccessors: .ContinuousWithinContinuous5

===========================================================================================
----------------- testing Sat Jun 02 13:27:20 UTC 2018 /home/travis/build/icyphy/ptII/ptolemy/domains/continuous/test/auto/ContinuousWithinContinuous6.xml
----------------- Instantiating /home/travis/build/icyphy/ptII/ptolemy/domains/continuous/test/auto/ContinuousWithinContinuous6.xml
10 ms. Memory: 872960K Free: 662717K (76%)
----------------- Invoking toplevel() on ptolemy.moml.MoMLSimpleApplication@304bc79c
----------------- Done invoking toplevel() on ptolemy.moml.MoMLSimpleApplication@304bc79c
reloadAllAccessors: .ContinuousWithinContinuous6

===========================================================================================
----------------- testing Sat Jun 02 13:27:20 UTC 2018 /home/travis/build/icyphy/ptII/ptolemy/domains/continuous/test/auto/ContinuousWithinContinuous7.xml
----------------- Instantiating /home/travis/build/icyphy/ptII/ptolemy/domains/continuous/test/auto/ContinuousWithinContinuous7.xml
50 ms. Memory: 872960K Free: 648671K (74%)
----------------- Invoking toplevel() on ptolemy.moml.MoMLSimpleApplication@65bd6150
----------------- Done invoking toplevel() on ptolemy.moml.MoMLSimpleApplication@65bd6150
reloadAllAccessors: .ContinuousWithinContinuous7

===========================================================================================
----------------- testing Sat Jun 02 13:27:20 UTC 2018 /home/travis/build/icyphy/ptII/ptolemy/domains/continuous/test/auto/DCMotor.xml
----------------- Instantiating /home/travis/build/icyphy/ptII/ptolemy/domains/continuous/test/auto/DCMotor.xml
11154 ms. Memory: 734208K Free: 190453K (26%)
----------------- Invoking toplevel() on ptolemy.moml.MoMLSimpleApplication@61056cee
----------------- Done invoking toplevel() on ptolemy.moml.MoMLSimpleApplication@61056cee
reloadAllAccessors: .DCMotor

===========================================================================================
----------------- testing Sat Jun 02 13:27:31 UTC 2018 /home/travis/build/icyphy/ptII/ptolemy/domains/continuous/test/auto/DEInContinuous.xml
----------------- Instantiating /home/travis/build/icyphy/ptII/ptolemy/domains/continuous/test/auto/DEInContinuous.xml
6 ms. Memory: 734208K Free: 174415K (24%)
----------------- Invoking toplevel() on ptolemy.moml.MoMLSimpleApplication@55c2ad76
----------------- Done invoking toplevel() on ptolemy.moml.MoMLSimpleApplication@55c2ad76
reloadAllAccessors: .DEInContinuous

===========================================================================================
----------------- testing Sat Jun 02 13:27:31 UTC 2018 /home/travis/build/icyphy/ptII/ptolemy/domains/continuous/test/auto/DEinContinuous2.xml
----------------- Instantiating /home/travis/build/icyphy/ptII/ptolemy/domains/continuous/test/auto/DEinContinuous2.xml
5 ms. Memory: 734208K Free: 160219K (22%)
----------------- Invoking toplevel() on ptolemy.moml.MoMLSimpleApplication@521eed93
----------------- Done invoking toplevel() on ptolemy.moml.MoMLSimpleApplication@521eed93
reloadAllAccessors: .DEinContinuous2

===========================================================================================
----------------- testing Sat Jun 02 13:27:31 UTC 2018 /home/travis/build/icyphy/ptII/ptolemy/domains/continuous/test/auto/Derivative.xml
----------------- Instantiating /home/travis/build/icyphy/ptII/ptolemy/domains/continuous/test/auto/Derivative.xml
131 ms. Memory: 734208K Free: 121394K (17%)
----------------- Invoking toplevel() on ptolemy.moml.MoMLSimpleApplication@7ece679a
----------------- Done invoking toplevel() on ptolemy.moml.MoMLSimpleApplication@7ece679a
reloadAllAccessors: .Derivative2

===========================================================================================
----------------- testing Sat Jun 02 13:27:31 UTC 2018 /home/travis/build/icyphy/ptII/ptolemy/domains/continuous/test/auto/Derivative1.xml
----------------- Instantiating /home/travis/build/icyphy/ptII/ptolemy/domains/continuous/test/auto/Derivative1.xml
14 ms. Memory: 734208K Free: 100728K (14%)
----------------- Invoking toplevel() on ptolemy.moml.MoMLSimpleApplication@7e782997
----------------- Done invoking toplevel() on ptolemy.moml.MoMLSimpleApplication@7e782997
reloadAllAccessors: .Derivative1

===========================================================================================
----------------- testing Sat Jun 02 13:27:32 UTC 2018 /home/travis/build/icyphy/ptII/ptolemy/domains/continuous/test/auto/DiscreteClock.xml
----------------- Instantiating /home/travis/build/icyphy/ptII/ptolemy/domains/continuous/test/auto/DiscreteClock.xml
4 ms. Memory: 734208K Free: 86532K (12%)
----------------- Invoking toplevel() on ptolemy.moml.MoMLSimpleApplication@19ab4d50
----------------- Done invoking toplevel() on ptolemy.moml.MoMLSimpleApplication@19ab4d50
reloadAllAccessors: .DiscreteClock

===========================================================================================
----------------- testing Sat Jun 02 13:27:32 UTC 2018 /home/travis/build/icyphy/ptII/ptolemy/domains/continuous/test/auto/EfficiencyCurve.xml
----------------- Instantiating /home/travis/build/icyphy/ptII/ptolemy/domains/continuous/test/auto/EfficiencyCurve.xml
47 ms. Memory: 734208K Free: 74555K (10%)
----------------- Invoking toplevel() on ptolemy.moml.MoMLSimpleApplication@156da480
----------------- Done invoking toplevel() on ptolemy.moml.MoMLSimpleApplication@156da480
reloadAllAccessors: .EfficiencyCurve

===========================================================================================
----------------- testing Sat Jun 02 13:27:32 UTC 2018 /home/travis/build/icyphy/ptII/ptolemy/domains/continuous/test/auto/ExponentialResponse.xml
----------------- Instantiating /home/travis/build/icyphy/ptII/ptolemy/domains/continuous/test/auto/ExponentialResponse.xml
94 ms. Memory: 696832K Free: 663690K (95%)
----------------- Invoking toplevel() on ptolemy.moml.MoMLSimpleApplication@33705877
----------------- Done invoking toplevel() on ptolemy.moml.MoMLSimpleApplication@33705877
reloadAllAccessors: .ExponentialResponse

===========================================================================================
----------------- testing Sat Jun 02 13:27:32 UTC 2018 /home/travis/build/icyphy/ptII/ptolemy/domains/continuous/test/auto/ExponentialResponseRK45.xml
----------------- Instantiating /home/travis/build/icyphy/ptII/ptolemy/domains/continuous/test/auto/ExponentialResponseRK45.xml
23 ms. Memory: 696832K Free: 650551K (93%)
----------------- Invoking toplevel() on ptolemy.moml.MoMLSimpleApplication@69533669
----------------- Done invoking toplevel() on ptolemy.moml.MoMLSimpleApplication@69533669
reloadAllAccessors: .ExponentialResponseRK45

===========================================================================================
----------------- testing Sat Jun 02 13:27:32 UTC 2018 /home/travis/build/icyphy/ptII/ptolemy/domains/continuous/test/auto/Friction.xml
----------------- Instantiating /home/travis/build/icyphy/ptII/ptolemy/domains/continuous/test/auto/Friction.xml
1189 ms. Memory: 696832K Free: 208254K (30%)
----------------- Invoking toplevel() on ptolemy.moml.MoMLSimpleApplication@60e24ab4
----------------- Done invoking toplevel() on ptolemy.moml.MoMLSimpleApplication@60e24ab4
reloadAllAccessors: .Friction

===========================================================================================
----------------- testing Sat Jun 02 13:27:33 UTC 2018 /home/travis/build/icyphy/ptII/ptolemy/domains/continuous/test/auto/FurutaPendulum.xml
----------------- Instantiating /home/travis/build/icyphy/ptII/ptolemy/domains/continuous/test/auto/FurutaPendulum.xml
2934 ms. Memory: 674304K Free: 314186K (47%)
----------------- Invoking toplevel() on ptolemy.moml.MoMLSimpleApplication@61e3667
----------------- Done invoking toplevel() on ptolemy.moml.MoMLSimpleApplication@61e3667
reloadAllAccessors: .FurutaPendulum

===========================================================================================
----------------- testing Sat Jun 02 13:27:36 UTC 2018 /home/travis/build/icyphy/ptII/ptolemy/domains/continuous/test/auto/HierarchicalExecution.xml
----------------- Instantiating /home/travis/build/icyphy/ptII/ptolemy/domains/continuous/test/auto/HierarchicalExecution.xml
1715 ms. Memory: 646656K Free: 562702K (87%)
----------------- Invoking toplevel() on ptolemy.moml.MoMLSimpleApplication@142e424f
----------------- Done invoking toplevel() on ptolemy.moml.MoMLSimpleApplication@142e424f
reloadAllAccessors: .HierarchicalExecution

===========================================================================================
----------------- testing Sat Jun 02 13:27:38 UTC 2018 /home/travis/build/icyphy/ptII/ptolemy/domains/continuous/test/auto/HybridPlant.xml
----------------- Instantiating /home/travis/build/icyphy/ptII/ptolemy/domains/continuous/test/auto/HybridPlant.xml
424 ms. Memory: 646656K Free: 287189K (44%)
----------------- Invoking toplevel() on ptolemy.moml.MoMLSimpleApplication@ffb724d
----------------- Done invoking toplevel() on ptolemy.moml.MoMLSimpleApplication@ffb724d
reloadAllAccessors: .HybridPlant

===========================================================================================
----------------- testing Sat Jun 02 13:27:39 UTC 2018 /home/travis/build/icyphy/ptII/ptolemy/domains/continuous/test/auto/Hysteresis.xml
----------------- Instantiating /home/travis/build/icyphy/ptII/ptolemy/domains/continuous/test/auto/Hysteresis.xml
126 ms. Memory: 646656K Free: 219328K (34%)
----------------- Invoking toplevel() on ptolemy.moml.MoMLSimpleApplication@62c384c9
----------------- Done invoking toplevel() on ptolemy.moml.MoMLSimpleApplication@62c384c9
reloadAllAccessors: .Hysteresis

===========================================================================================
----------------- testing Sat Jun 02 13:27:39 UTC 2018 /home/travis/build/icyphy/ptII/ptolemy/domains/continuous/test/auto/HysteresisWithRandomDelay.xml
----------------- Instantiating /home/travis/build/icyphy/ptII/ptolemy/domains/continuous/test/auto/HysteresisWithRandomDelay.xml
144 ms. Memory: 646656K Free: 139825K (22%)
----------------- Invoking toplevel() on ptolemy.moml.MoMLSimpleApplication@3ae6691b
----------------- Done invoking toplevel() on ptolemy.moml.MoMLSimpleApplication@3ae6691b
reloadAllAccessors: .HysteresisWithRandomDelay

===========================================================================================
----------------- testing Sat Jun 02 13:27:39 UTC 2018 /home/travis/build/icyphy/ptII/ptolemy/domains/continuous/test/auto/HysteresisWithRandomLosses.xml
----------------- Instantiating /home/travis/build/icyphy/ptII/ptolemy/domains/continuous/test/auto/HysteresisWithRandomLosses.xml
2020 ms. Memory: 588800K Free: 393682K (67%)
----------------- Invoking toplevel() on ptolemy.moml.MoMLSimpleApplication@5208d88a
----------------- Done invoking toplevel() on ptolemy.moml.MoMLSimpleApplication@5208d88a
reloadAllAccessors: .HysteresisWithRandomLosses

===========================================================================================
----------------- testing Sat Jun 02 13:27:41 UTC 2018 /home/travis/build/icyphy/ptII/ptolemy/domains/continuous/test/auto/ImmediateTransitions.xml
----------------- Instantiating /home/travis/build/icyphy/ptII/ptolemy/domains/continuous/test/auto/ImmediateTransitions.xml
12 ms. Memory: 588800K Free: 377750K (64%)
----------------- Invoking toplevel() on ptolemy.moml.MoMLSimpleApplication@28f6c8ba
----------------- Done invoking toplevel() on ptolemy.moml.MoMLSimpleApplication@28f6c8ba
reloadAllAccessors: .ImmediateTransitions

===========================================================================================
----------------- testing Sat Jun 02 13:27:41 UTC 2018 /home/travis/build/icyphy/ptII/ptolemy/domains/continuous/test/auto/ImpulseFeedback.xml
----------------- Instantiating /home/travis/build/icyphy/ptII/ptolemy/domains/continuous/test/auto/ImpulseFeedback.xml
8 ms. Memory: 588800K Free: 366705K (62%)
----------------- Invoking toplevel() on ptolemy.moml.MoMLSimpleApplication@eaa36ce
----------------- Done invoking toplevel() on ptolemy.moml.MoMLSimpleApplication@eaa36ce
reloadAllAccessors: .ImpulseFeedback

===========================================================================================
----------------- testing Sat Jun 02 13:27:41 UTC 2018 /home/travis/build/icyphy/ptII/ptolemy/domains/continuous/test/auto/ImpulseFeedback2.xml
----------------- Instantiating /home/travis/build/icyphy/ptII/ptolemy/domains/continuous/test/auto/ImpulseFeedback2.xml
5 ms. Memory: 588800K Free: 355652K (60%)
----------------- Invoking toplevel() on ptolemy.moml.MoMLSimpleApplication@f426eb4
----------------- Done invoking toplevel() on ptolemy.moml.MoMLSimpleApplication@f426eb4
reloadAllAccessors: .ImpulseFeedback2

===========================================================================================
----------------- testing Sat Jun 02 13:27:41 UTC 2018 /home/travis/build/icyphy/ptII/ptolemy/domains/continuous/test/auto/IncreasingRatePoisson.xml
----------------- Instantiating /home/travis/build/icyphy/ptII/ptolemy/domains/continuous/test/auto/IncreasingRatePoisson.xml
619 ms. Memory: 573952K Free: 528450K (92%)
----------------- Invoking toplevel() on ptolemy.moml.MoMLSimpleApplication@19718b77
----------------- Done invoking toplevel() on ptolemy.moml.MoMLSimpleApplication@19718b77
reloadAllAccessors: .IncreasingRatePoisson

===========================================================================================
----------------- testing Sat Jun 02 13:27:42 UTC 2018 /home/travis/build/icyphy/ptII/ptolemy/domains/continuous/test/auto/InitialStateFeedback.xml
----------------- Instantiating /home/travis/build/icyphy/ptII/ptolemy/domains/continuous/test/auto/InitialStateFeedback.xml
3 ms. Memory: 573952K Free: 519369K (90%)
----------------- Invoking toplevel() on ptolemy.moml.MoMLSimpleApplication@4be8bbfa
----------------- Done invoking toplevel() on ptolemy.moml.MoMLSimpleApplication@4be8bbfa
reloadAllAccessors: .InitialStateFeedback

===========================================================================================
----------------- testing Sat Jun 02 13:27:42 UTC 2018 /home/travis/build/icyphy/ptII/ptolemy/domains/continuous/test/auto/Integration.xml
----------------- Instantiating /home/travis/build/icyphy/ptII/ptolemy/domains/continuous/test/auto/Integration.xml
2 ms. Memory: 573952K Free: 512125K (89%)
----------------- Invoking toplevel() on ptolemy.moml.MoMLSimpleApplication@77f29f7b
----------------- Done invoking toplevel() on ptolemy.moml.MoMLSimpleApplication@77f29f7b
reloadAllAccessors: .Integration

===========================================================================================
----------------- testing Sat Jun 02 13:27:42 UTC 2018 /home/travis/build/icyphy/ptII/ptolemy/domains/continuous/test/auto/Integration2.xml
----------------- Instantiating /home/travis/build/icyphy/ptII/ptolemy/domains/continuous/test/auto/Integration2.xml
78 ms. Memory: 573952K Free: 491811K (86%)
----------------- Invoking toplevel() on ptolemy.moml.MoMLSimpleApplication@1714f6b5
----------------- Done invoking toplevel() on ptolemy.moml.MoMLSimpleApplication@1714f6b5
reloadAllAccessors: .Integration2

===========================================================================================
----------------- testing Sat Jun 02 13:27:42 UTC 2018 /home/travis/build/icyphy/ptII/ptolemy/domains/continuous/test/auto/Integration3.xml
----------------- Instantiating /home/travis/build/icyphy/ptII/ptolemy/domains/continuous/test/auto/Integration3.xml
2 ms. Memory: 573952K Free: 484566K (84%)
----------------- Invoking toplevel() on ptolemy.moml.MoMLSimpleApplication@3bfff106
----------------- Done invoking toplevel() on ptolemy.moml.MoMLSimpleApplication@3bfff106
reloadAllAccessors: .Integration3

===========================================================================================
----------------- testing Sat Jun 02 13:27:42 UTC 2018 /home/travis/build/icyphy/ptII/ptolemy/domains/continuous/test/auto/Integration5.xml
----------------- Instantiating /home/travis/build/icyphy/ptII/ptolemy/domains/continuous/test/auto/Integration5.xml
2 ms. Memory: 573952K Free: 477322K (83%)
----------------- Invoking toplevel() on ptolemy.moml.MoMLSimpleApplication@557aef43
----------------- Done invoking toplevel() on ptolemy.moml.MoMLSimpleApplication@557aef43
reloadAllAccessors: .Integration5

===========================================================================================
----------------- testing Sat Jun 02 13:27:42 UTC 2018 /home/travis/build/icyphy/ptII/ptolemy/domains/continuous/test/auto/IntegratorImpulse.xml
----------------- Instantiating /home/travis/build/icyphy/ptII/ptolemy/domains/continuous/test/auto/IntegratorImpulse.xml
2 ms. Memory: 573952K Free: 469919K (82%)
----------------- Invoking toplevel() on ptolemy.moml.MoMLSimpleApplication@9577acb
----------------- Done invoking toplevel() on ptolemy.moml.MoMLSimpleApplication@9577acb
reloadAllAccessors: .IntegratorImpulse

===========================================================================================
----------------- testing Sat Jun 02 13:27:42 UTC 2018 /home/travis/build/icyphy/ptII/ptolemy/domains/continuous/test/auto/IntegratorImpulse2.xml
----------------- Instantiating /home/travis/build/icyphy/ptII/ptolemy/domains/continuous/test/auto/IntegratorImpulse2.xml
3 ms. Memory: 573952K Free: 462674K (81%)
----------------- Invoking toplevel() on ptolemy.moml.MoMLSimpleApplication@703adada
----------------- Done invoking toplevel() on ptolemy.moml.MoMLSimpleApplication@703adada
reloadAllAccessors: .IntegratorImpulse2

===========================================================================================
----------------- testing Sat Jun 02 13:27:42 UTC 2018 /home/travis/build/icyphy/ptII/ptolemy/domains/continuous/test/auto/LevelCrossing1.xml
----------------- Instantiating /home/travis/build/icyphy/ptII/ptolemy/domains/continuous/test/auto/LevelCrossing1.xml
2 ms. Memory: 573952K Free: 452204K (79%)
----------------- Invoking toplevel() on ptolemy.moml.MoMLSimpleApplication@5d243b99
----------------- Done invoking toplevel() on ptolemy.moml.MoMLSimpleApplication@5d243b99
reloadAllAccessors: .LevelCrossing1

===========================================================================================
----------------- testing Sat Jun 02 13:27:42 UTC 2018 /home/travis/build/icyphy/ptII/ptolemy/domains/continuous/test/auto/LevelCrossing2.xml
----------------- Instantiating /home/travis/build/icyphy/ptII/ptolemy/domains/continuous/test/auto/LevelCrossing2.xml
4 ms. Memory: 573952K Free: 441575K (77%)
----------------- Invoking toplevel() on ptolemy.moml.MoMLSimpleApplication@7ecc7b5e
----------------- Done invoking toplevel() on ptolemy.moml.MoMLSimpleApplication@7ecc7b5e
reloadAllAccessors: .LevelCrossing2

===========================================================================================
----------------- testing Sat Jun 02 13:27:42 UTC 2018 /home/travis/build/icyphy/ptII/ptolemy/domains/continuous/test/auto/LevelCrossing3.xml
----------------- Instantiating /home/travis/build/icyphy/ptII/ptolemy/domains/continuous/test/auto/LevelCrossing3.xml
2 ms. Memory: 573952K Free: 431103K (75%)
----------------- Invoking toplevel() on ptolemy.moml.MoMLSimpleApplication@10e1dcf6
----------------- Done invoking toplevel() on ptolemy.moml.MoMLSimpleApplication@10e1dcf6
reloadAllAccessors: .LevelCrossing3

===========================================================================================
----------------- testing Sat Jun 02 13:27:42 UTC 2018 /home/travis/build/icyphy/ptII/ptolemy/domains/continuous/test/auto/LevelCrossing4.xml
----------------- Instantiating /home/travis/build/icyphy/ptII/ptolemy/domains/continuous/test/auto/LevelCrossing4.xml
3 ms. Memory: 573952K Free: 420459K (73%)
----------------- Invoking toplevel() on ptolemy.moml.MoMLSimpleApplication@27ab58e1
----------------- Done invoking toplevel() on ptolemy.moml.MoMLSimpleApplication@27ab58e1
reloadAllAccessors: .LevelCrossing4

===========================================================================================
----------------- testing Sat Jun 02 13:27:42 UTC 2018 /home/travis/build/icyphy/ptII/ptolemy/domains/continuous/test/auto/LevelCrossing5.xml
----------------- Instantiating /home/travis/build/icyphy/ptII/ptolemy/domains/continuous/test/auto/LevelCrossing5.xml
3 ms. Memory: 573952K Free: 409989K (71%)
----------------- Invoking toplevel() on ptolemy.moml.MoMLSimpleApplication@c987a84
----------------- Done invoking toplevel() on ptolemy.moml.MoMLSimpleApplication@c987a84
reloadAllAccessors: .LevelCrossing5

===========================================================================================
----------------- testing Sat Jun 02 13:27:42 UTC 2018 /home/travis/build/icyphy/ptII/ptolemy/domains/continuous/test/auto/LevelCrossing6.xml
----------------- Instantiating /home/travis/build/icyphy/ptII/ptolemy/domains/continuous/test/auto/LevelCrossing6.xml
2 ms. Memory: 573952K Free: 399344K (70%)
[...]
10 ms. Memory: 511488K Free: 398758K (78%)
----------------- Invoking toplevel() on ptolemy.moml.MoMLSimpleApplication@7685c25b
----------------- Done invoking toplevel() on ptolemy.moml.MoMLSimpleApplication@7685c25b
reloadAllAccessors: .ResetTransitionWithStartTime6

===========================================================================================
----------------- testing Sat Jun 02 13:27:57 UTC 2018 /home/travis/build/icyphy/ptII/ptolemy/domains/continuous/test/auto/SRinContinuous.xml
----------------- Instantiating /home/travis/build/icyphy/ptII/ptolemy/domains/continuous/test/auto/SRinContinuous.xml
6 ms. Memory: 511488K Free: 389193K (76%)
----------------- Invoking toplevel() on ptolemy.moml.MoMLSimpleApplication@2d1d2dd6
----------------- Done invoking toplevel() on ptolemy.moml.MoMLSimpleApplication@2d1d2dd6
reloadAllAccessors: .SRinContinuous

===========================================================================================
----------------- testing Sat Jun 02 13:27:58 UTC 2018 /home/travis/build/icyphy/ptII/ptolemy/domains/continuous/test/auto/SampledClocks.xml
----------------- Instantiating /home/travis/build/icyphy/ptII/ptolemy/domains/continuous/test/auto/SampledClocks.xml
7 ms. Memory: 511488K Free: 373209K (73%)
----------------- Invoking toplevel() on ptolemy.moml.MoMLSimpleApplication@d408629
----------------- Done invoking toplevel() on ptolemy.moml.MoMLSimpleApplication@d408629
reloadAllAccessors: .SampledClocks

===========================================================================================
----------------- testing Sat Jun 02 13:27:58 UTC 2018 /home/travis/build/icyphy/ptII/ptolemy/domains/continuous/test/auto/Satellite.xml
----------------- Instantiating /home/travis/build/icyphy/ptII/ptolemy/domains/continuous/test/auto/Satellite.xml
860 ms. Memory: 511488K Free: 195916K (38%)
----------------- Invoking toplevel() on ptolemy.moml.MoMLSimpleApplication@562ec76
----------------- Done invoking toplevel() on ptolemy.moml.MoMLSimpleApplication@562ec76
reloadAllAccessors: .Satellite

===========================================================================================
----------------- testing Sat Jun 02 13:27:58 UTC 2018 /home/travis/build/icyphy/ptII/ptolemy/domains/continuous/test/auto/SigmaDelta.xml
----------------- Instantiating /home/travis/build/icyphy/ptII/ptolemy/domains/continuous/test/auto/SigmaDelta.xml
2143 ms. Memory: 498176K Free: 230881K (46%)
----------------- Invoking toplevel() on ptolemy.moml.MoMLSimpleApplication@2f1bee49
----------------- Done invoking toplevel() on ptolemy.moml.MoMLSimpleApplication@2f1bee49
reloadAllAccessors: .SigmaDelta

===========================================================================================
----------------- testing Sat Jun 02 13:28:01 UTC 2018 /home/travis/build/icyphy/ptII/ptolemy/domains/continuous/test/auto/SinuBouncingBall.xml
----------------- Instantiating /home/travis/build/icyphy/ptII/ptolemy/domains/continuous/test/auto/SinuBouncingBall.xml
765 ms. Memory: 474112K Free: 392332K (83%)
----------------- Invoking toplevel() on ptolemy.moml.MoMLSimpleApplication@5731b081
----------------- Done invoking toplevel() on ptolemy.moml.MoMLSimpleApplication@5731b081
reloadAllAccessors: .SinuBouncingBall

===========================================================================================
----------------- testing Sat Jun 02 13:28:02 UTC 2018 /home/travis/build/icyphy/ptII/ptolemy/domains/continuous/test/auto/Sinusoid.xml
----------------- Instantiating /home/travis/build/icyphy/ptII/ptolemy/domains/continuous/test/auto/Sinusoid.xml
5 ms. Memory: 474112K Free: 384198K (81%)
----------------- Invoking toplevel() on ptolemy.moml.MoMLSimpleApplication@34474461
----------------- Done invoking toplevel() on ptolemy.moml.MoMLSimpleApplication@34474461
reloadAllAccessors: .Sinusoid

===========================================================================================
----------------- testing Sat Jun 02 13:28:02 UTC 2018 /home/travis/build/icyphy/ptII/ptolemy/domains/continuous/test/auto/SinusoidInNoise.xml
----------------- Instantiating /home/travis/build/icyphy/ptII/ptolemy/domains/continuous/test/auto/SinusoidInNoise.xml
967 ms. Memory: 474112K Free: 183720K (39%)
----------------- Invoking toplevel() on ptolemy.moml.MoMLSimpleApplication@39a47333
----------------- Done invoking toplevel() on ptolemy.moml.MoMLSimpleApplication@39a47333
reloadAllAccessors: .SinusoidInNoise

===========================================================================================
----------------- testing Sat Jun 02 13:28:03 UTC 2018 /home/travis/build/icyphy/ptII/ptolemy/domains/continuous/test/auto/SinusoidRK45.xml
----------------- Instantiating /home/travis/build/icyphy/ptII/ptolemy/domains/continuous/test/auto/SinusoidRK45.xml
2 ms. Memory: 474112K Free: 176897K (37%)
----------------- Invoking toplevel() on ptolemy.moml.MoMLSimpleApplication@2431b102
----------------- Done invoking toplevel() on ptolemy.moml.MoMLSimpleApplication@2431b102
reloadAllAccessors: .SinusoidRK45

===========================================================================================
----------------- testing Sat Jun 02 13:28:03 UTC 2018 /home/travis/build/icyphy/ptII/ptolemy/domains/continuous/test/auto/SinusoidWithMultipleImpulses.xml
----------------- Instantiating /home/travis/build/icyphy/ptII/ptolemy/domains/continuous/test/auto/SinusoidWithMultipleImpulses.xml
3 ms. Memory: 474112K Free: 170132K (36%)
----------------- Invoking toplevel() on ptolemy.moml.MoMLSimpleApplication@540d2676
----------------- Done invoking toplevel() on ptolemy.moml.MoMLSimpleApplication@540d2676
reloadAllAccessors: .SinusoidWithMultipleImpulses

===========================================================================================
----------------- testing Sat Jun 02 13:28:03 UTC 2018 /home/travis/build/icyphy/ptII/ptolemy/domains/continuous/test/auto/SquareWave.xml
----------------- Instantiating /home/travis/build/icyphy/ptII/ptolemy/domains/continuous/test/auto/SquareWave.xml
170 ms. Memory: 474112K Free: 141748K (30%)
----------------- Invoking toplevel() on ptolemy.moml.MoMLSimpleApplication@c2c19ad
----------------- Done invoking toplevel() on ptolemy.moml.MoMLSimpleApplication@c2c19ad
reloadAllAccessors: .SquareWave

===========================================================================================
----------------- testing Sat Jun 02 13:28:03 UTC 2018 /home/travis/build/icyphy/ptII/ptolemy/domains/continuous/test/auto/Starmac.xml
----------------- Instantiating /home/travis/build/icyphy/ptII/ptolemy/domains/continuous/test/auto/Starmac.xml
3042 ms. Memory: 457728K Free: 152504K (33%)
----------------- Invoking toplevel() on ptolemy.moml.MoMLSimpleApplication@69f1c88
----------------- Done invoking toplevel() on ptolemy.moml.MoMLSimpleApplication@69f1c88
reloadAllAccessors: .Starmac

===========================================================================================
----------------- testing Sat Jun 02 13:28:06 UTC 2018 /home/travis/build/icyphy/ptII/ptolemy/domains/continuous/test/auto/StaticUnits.xml
----------------- Instantiating /home/travis/build/icyphy/ptII/ptolemy/domains/continuous/test/auto/StaticUnits.xml
1960 ms. Memory: 443904K Free: 62465K (14%)
----------------- Invoking toplevel() on ptolemy.moml.MoMLSimpleApplication@3d6ef8ee
----------------- Done invoking toplevel() on ptolemy.moml.MoMLSimpleApplication@3d6ef8ee
reloadAllAccessors: .StaticUnits

===========================================================================================
----------------- testing Sat Jun 02 13:28:09 UTC 2018 /home/travis/build/icyphy/ptII/ptolemy/domains/continuous/test/auto/StickyMasses.xml
----------------- Instantiating /home/travis/build/icyphy/ptII/ptolemy/domains/continuous/test/auto/StickyMasses.xml
135 ms. Memory: 421888K Free: 338649K (80%)
----------------- Invoking toplevel() on ptolemy.moml.MoMLSimpleApplication@76ebaa49
----------------- Done invoking toplevel() on ptolemy.moml.MoMLSimpleApplication@76ebaa49
reloadAllAccessors: .StickyMasses

===========================================================================================
----------------- testing Sat Jun 02 13:28:09 UTC 2018 /home/travis/build/icyphy/ptII/ptolemy/domains/continuous/test/auto/StopTime.xml
----------------- Instantiating /home/travis/build/icyphy/ptII/ptolemy/domains/continuous/test/auto/StopTime.xml
37 ms. Memory: 421888K Free: 309362K (73%)
----------------- Invoking toplevel() on ptolemy.moml.MoMLSimpleApplication@53924a1
----------------- Done invoking toplevel() on ptolemy.moml.MoMLSimpleApplication@53924a1
reloadAllAccessors: .StopTime

===========================================================================================
----------------- testing Sat Jun 02 13:28:09 UTC 2018 /home/travis/build/icyphy/ptII/ptolemy/domains/continuous/test/auto/StopTime2.xml
----------------- Instantiating /home/travis/build/icyphy/ptII/ptolemy/domains/continuous/test/auto/StopTime2.xml
31 ms. Memory: 421888K Free: 283422K (67%)
----------------- Invoking toplevel() on ptolemy.moml.MoMLSimpleApplication@2c105514
----------------- Done invoking toplevel() on ptolemy.moml.MoMLSimpleApplication@2c105514
reloadAllAccessors: .StopTime2

===========================================================================================
----------------- testing Sat Jun 02 13:28:09 UTC 2018 /home/travis/build/icyphy/ptII/ptolemy/domains/continuous/test/auto/Switch.xml
----------------- Instantiating /home/travis/build/icyphy/ptII/ptolemy/domains/continuous/test/auto/Switch.xml
46 ms. Memory: 421888K Free: 255237K (60%)
----------------- Invoking toplevel() on ptolemy.moml.MoMLSimpleApplication@40fd4746
----------------- Done invoking toplevel() on ptolemy.moml.MoMLSimpleApplication@40fd4746
reloadAllAccessors: .Switch

===========================================================================================
----------------- testing Sat Jun 02 13:28:09 UTC 2018 /home/travis/build/icyphy/ptII/ptolemy/domains/continuous/test/auto/Thermostat.xml
----------------- Instantiating /home/travis/build/icyphy/ptII/ptolemy/domains/continuous/test/auto/Thermostat.xml
195 ms. Memory: 421888K Free: 177086K (42%)
----------------- Invoking toplevel() on ptolemy.moml.MoMLSimpleApplication@2a8f1419
----------------- Done invoking toplevel() on ptolemy.moml.MoMLSimpleApplication@2a8f1419
reloadAllAccessors: .Thermostat

===========================================================================================
----------------- testing Sat Jun 02 13:28:09 UTC 2018 /home/travis/build/icyphy/ptII/ptolemy/domains/continuous/test/auto/TimeDelay.xml
----------------- Instantiating /home/travis/build/icyphy/ptII/ptolemy/domains/continuous/test/auto/TimeDelay.xml
6 ms. Memory: 421888K Free: 169348K (40%)
----------------- Invoking toplevel() on ptolemy.moml.MoMLSimpleApplication@7e33271b
----------------- Done invoking toplevel() on ptolemy.moml.MoMLSimpleApplication@7e33271b
reloadAllAccessors: .TimeDelay

===========================================================================================
----------------- testing Sat Jun 02 13:28:09 UTC 2018 /home/travis/build/icyphy/ptII/ptolemy/domains/continuous/test/auto/TimeDelay2.xml
----------------- Instantiating /home/travis/build/icyphy/ptII/ptolemy/domains/continuous/test/auto/TimeDelay2.xml
6 ms. Memory: 421888K Free: 161604K (38%)
----------------- Invoking toplevel() on ptolemy.moml.MoMLSimpleApplication@fe44a8b
----------------- Done invoking toplevel() on ptolemy.moml.MoMLSimpleApplication@fe44a8b
reloadAllAccessors: .TimeDelay2

===========================================================================================
----------------- testing Sat Jun 02 13:28:09 UTC 2018 /home/travis/build/icyphy/ptII/ptolemy/domains/continuous/test/auto/TimeDelay3.xml
----------------- Instantiating /home/travis/build/icyphy/ptII/ptolemy/domains/continuous/test/auto/TimeDelay3.xml
7 ms. Memory: 421888K Free: 153855K (36%)
----------------- Invoking toplevel() on ptolemy.moml.MoMLSimpleApplication@180c48af
----------------- Done invoking toplevel() on ptolemy.moml.MoMLSimpleApplication@180c48af
reloadAllAccessors: .TimeDelay3

===========================================================================================
----------------- testing Sat Jun 02 13:28:09 UTC 2018 /home/travis/build/icyphy/ptII/ptolemy/domains/continuous/test/auto/TransferAbsentToInside.xml
----------------- Instantiating /home/travis/build/icyphy/ptII/ptolemy/domains/continuous/test/auto/TransferAbsentToInside.xml
27 ms. Memory: 421888K Free: 96048K (23%)
----------------- Invoking toplevel() on ptolemy.moml.MoMLSimpleApplication@597b21bf
----------------- Done invoking toplevel() on ptolemy.moml.MoMLSimpleApplication@597b21bf
reloadAllAccessors: .TransferAbsentToInside

===========================================================================================
----------------- testing Sat Jun 02 13:28:09 UTC 2018 /home/travis/build/icyphy/ptII/ptolemy/domains/continuous/test/auto/Transmission.xml
----------------- Instantiating /home/travis/build/icyphy/ptII/ptolemy/domains/continuous/test/auto/Transmission.xml
669 ms. Memory: 406528K Free: 178338K (44%)
----------------- Invoking toplevel() on ptolemy.moml.MoMLSimpleApplication@45bc90ad
----------------- Done invoking toplevel() on ptolemy.moml.MoMLSimpleApplication@45bc90ad
reloadAllAccessors: .Transmission

===========================================================================================
----------------- testing Sat Jun 02 13:28:10 UTC 2018 /home/travis/build/icyphy/ptII/ptolemy/domains/continuous/test/auto/TriggeredContinuousClock.xml
----------------- Instantiating /home/travis/build/icyphy/ptII/ptolemy/domains/continuous/test/auto/TriggeredContinuousClock.xml
34 ms. Memory: 406528K Free: 143543K (35%)
----------------- Invoking toplevel() on ptolemy.moml.MoMLSimpleApplication@779c827c
----------------- Done invoking toplevel() on ptolemy.moml.MoMLSimpleApplication@779c827c
reloadAllAccessors: .TriggeredContinuousClock

===========================================================================================
----------------- testing Sat Jun 02 13:28:10 UTC 2018 /home/travis/build/icyphy/ptII/ptolemy/domains/continuous/test/auto/TwoMachineInfiniteBusControl.xml
----------------- Instantiating /home/travis/build/icyphy/ptII/ptolemy/domains/continuous/test/auto/TwoMachineInfiniteBusControl.xml
2955 ms. Memory: 377856K Free: 185029K (49%)
----------------- Invoking toplevel() on ptolemy.moml.MoMLSimpleApplication@38939b71
----------------- Done invoking toplevel() on ptolemy.moml.MoMLSimpleApplication@38939b71
reloadAllAccessors: .TwoMachineInfiniteBusControl

===========================================================================================
----------------- testing Sat Jun 02 13:28:13 UTC 2018 /home/travis/build/icyphy/ptII/ptolemy/domains/continuous/test/auto/V2V.xml
----------------- Instantiating /home/travis/build/icyphy/ptII/ptolemy/domains/continuous/test/auto/V2V.xml
712 ms. Memory: 372736K Free: 277546K (74%)
----------------- Invoking toplevel() on ptolemy.moml.MoMLSimpleApplication@3a20adc9
----------------- Done invoking toplevel() on ptolemy.moml.MoMLSimpleApplication@3a20adc9
reloadAllAccessors: .V2V

===========================================================================================
----------------- testing Sat Jun 02 13:28:14 UTC 2018 /home/travis/build/icyphy/ptII/ptolemy/domains/continuous/test/auto/hierarchicalModalModel.xml
----------------- Instantiating /home/travis/build/icyphy/ptII/ptolemy/domains/continuous/test/auto/hierarchicalModalModel.xml
8 ms. Memory: 372736K Free: 258517K (69%)
----------------- Invoking toplevel() on ptolemy.moml.MoMLSimpleApplication@6ce0790c
----------------- Done invoking toplevel() on ptolemy.moml.MoMLSimpleApplication@6ce0790c
reloadAllAccessors: .hierarchicalModalModel

===========================================================================================
----------------- testing Sat Jun 02 13:28:14 UTC 2018 /home/travis/build/icyphy/ptII/ptolemy/domains/continuous/test/auto/hierarchicalModalModel1.xml
----------------- Instantiating /home/travis/build/icyphy/ptII/ptolemy/domains/continuous/test/auto/hierarchicalModalModel1.xml
8 ms. Memory: 372736K Free: 240513K (65%)
----------------- Invoking toplevel() on ptolemy.moml.MoMLSimpleApplication@a9d01be
----------------- Done invoking toplevel() on ptolemy.moml.MoMLSimpleApplication@a9d01be
reloadAllAccessors: .hierarchicalModalModel1

===========================================================================================
----------------- testing Sat Jun 02 13:28:14 UTC 2018 /home/travis/build/icyphy/ptII/ptolemy/domains/continuous/test/auto/hierarchicalModalModel2.xml
----------------- Instantiating /home/travis/build/icyphy/ptII/ptolemy/domains/continuous/test/auto/hierarchicalModalModel2.xml
5 ms. Memory: 372736K Free: 225333K (60%)
----------------- Invoking toplevel() on ptolemy.moml.MoMLSimpleApplication@a07d47e
----------------- Done invoking toplevel() on ptolemy.moml.MoMLSimpleApplication@a07d47e
reloadAllAccessors: .hierarchicalModalModel2

===========================================================================================
----------------- testing Sat Jun 02 13:28:14 UTC 2018 /home/travis/build/icyphy/ptII/ptolemy/domains/continuous/test/auto/hierarchicalModalModel3.xml
----------------- Instantiating /home/travis/build/icyphy/ptII/ptolemy/domains/continuous/test/auto/hierarchicalModalModel3.xml
4 ms. Memory: 372736K Free: 212928K (57%)
----------------- Invoking toplevel() on ptolemy.moml.MoMLSimpleApplication@785939bc
----------------- Done invoking toplevel() on ptolemy.moml.MoMLSimpleApplication@785939bc
reloadAllAccessors: .hierarchicalModalModel3

===========================================================================================
----------------- testing Sat Jun 02 13:28:14 UTC 2018 /home/travis/build/icyphy/ptII/ptolemy/domains/continuous/test/auto/hierarchicalModalModel4.xml
----------------- Instantiating /home/travis/build/icyphy/ptII/ptolemy/domains/continuous/test/auto/hierarchicalModalModel4.xml
5 ms. Memory: 372736K Free: 197796K (53%)
----------------- Invoking toplevel() on ptolemy.moml.MoMLSimpleApplication@6bfde0ba
----------------- Done invoking toplevel() on ptolemy.moml.MoMLSimpleApplication@6bfde0ba
reloadAllAccessors: .hierarchicalModalModel4

===========================================================================================
----------------- testing Sat Jun 02 13:28:14 UTC 2018 /home/travis/build/icyphy/ptII/ptolemy/domains/continuous/test/auto/junk.xml
----------------- Instantiating /home/travis/build/icyphy/ptII/ptolemy/domains/continuous/test/auto/junk.xml
132 ms. Memory: 372736K Free: 164266K (44%)
----------------- Invoking toplevel() on ptolemy.moml.MoMLSimpleApplication@21205885
----------------- Done invoking toplevel() on ptolemy.moml.MoMLSimpleApplication@21205885
reloadAllAccessors: .junk
AutoTests.java: About to close Vertx.
AutoTests.java: Vertx closed.
]]></system-out>
  <system-err><![CDATA[Warning: '.HysteresisWithRandomDelay.NonStrictTest' The test produced only 221 tokens, yet the correctValues parameter was expecting 222 tokens.
Warning: '.HysteresisWithRandomDelay.NonStrictTest2' The test produced only 220 tokens, yet the correctValues parameter was expecting 221 tokens.
Warning: '.HysteresisWithRandomDelay.NonStrictTest3' The test produced only 24 tokens, yet the correctValues parameter was expecting 30 tokens.
Warning: '.IncreasingRatePoisson.NonStrictTest' The test produced only 390 tokens, yet the correctValues parameter was expecting 402 tokens.
Warning: '.Poisson.NonStrictTest' The test produced only 379 tokens, yet the correctValues parameter was expecting 430 tokens.
]]></system-err>
</testsuite>
