<?xml version="1.0" encoding="UTF-8" ?>
<testsuite errors="0" failures="0" hostname="travis-job-9b6a1059-6f0c-4e5e-824c-67abc7a35f8d" name="ptolemy.domains.continuous.test.junit.JUnitTclTest" skipped="0" tests="156" time="70.603" timestamp="2018-10-20T02:33:26">
  <properties>
[...]
</properties>
  <testcase classname="ptolemy.util.test.junit.TclTests" name="[0] ThereAreNoTclTests (RunTclFile)" time="0.002" />
  <testcase classname="ptolemy.util.test.junit.AutoKnownFailedTests" name="[0] ThereAreNoKnowFailedTests (RunModel)" time="0.002" />
  <testcase classname="ptolemy.util.test.junit.AutoNameArchTests" name="[0] ThereAreNoAutoArchTests (RunModel)" time="0.001" />
  <testcase classname="ptolemy.util.test.junit.AutoTests" name="[0] /home/travis/build/icyphy/ptII/ptolemy/domains/continuous/test/auto/BouncingBall.xml (RunModel)" time="2.753" />
  <testcase classname="ptolemy.util.test.junit.AutoTests" name="[1] /home/travis/build/icyphy/ptII/ptolemy/domains/continuous/test/auto/BouncingBallWithoutGR.xml (RunModel)" time="0.976" />
  <testcase classname="ptolemy.util.test.junit.AutoTests" name="[2] /home/travis/build/icyphy/ptII/ptolemy/domains/continuous/test/auto/Brownian.xml (RunModel)" time="0.094" />
  <testcase classname="ptolemy.util.test.junit.AutoTests" name="[3] /home/travis/build/icyphy/ptII/ptolemy/domains/continuous/test/auto/CarTracking.xml (RunModel)" time="3.528" />
  <testcase classname="ptolemy.util.test.junit.AutoTests" name="[4] /home/travis/build/icyphy/ptII/ptolemy/domains/continuous/test/auto/CartPendulum.xml (RunModel)" time="0.573" />
  <testcase classname="ptolemy.util.test.junit.AutoTests" name="[5] /home/travis/build/icyphy/ptII/ptolemy/domains/continuous/test/auto/CausalityInterface10.xml (RunModel)" time="0.054" />
  <testcase classname="ptolemy.util.test.junit.AutoTests" name="[6] /home/travis/build/icyphy/ptII/ptolemy/domains/continuous/test/auto/CausalityInterface11.xml (RunModel)" time="0.027" />
  <testcase classname="ptolemy.util.test.junit.AutoTests" name="[7] /home/travis/build/icyphy/ptII/ptolemy/domains/continuous/test/auto/CausalityInterface12.xml (RunModel)" time="0.034" />
  <testcase classname="ptolemy.util.test.junit.AutoTests" name="[8] /home/travis/build/icyphy/ptII/ptolemy/domains/continuous/test/auto/CausalityInterface13.xml (RunModel)" time="0.042" />
  <testcase classname="ptolemy.util.test.junit.AutoTests" name="[9] /home/travis/build/icyphy/ptII/ptolemy/domains/continuous/test/auto/CausalityInterface14.xml (RunModel)" time="0.035" />
  <testcase classname="ptolemy.util.test.junit.AutoTests" name="[10] /home/travis/build/icyphy/ptII/ptolemy/domains/continuous/test/auto/CausalityInterface4.xml (RunModel)" time="0.042" />
  <testcase classname="ptolemy.util.test.junit.AutoTests" name="[11] /home/travis/build/icyphy/ptII/ptolemy/domains/continuous/test/auto/CausalityInterface5.xml (RunModel)" time="0.031" />
  <testcase classname="ptolemy.util.test.junit.AutoTests" name="[12] /home/travis/build/icyphy/ptII/ptolemy/domains/continuous/test/auto/CausalityInterface6.xml (RunModel)" time="0.024" />
  <testcase classname="ptolemy.util.test.junit.AutoTests" name="[13] /home/travis/build/icyphy/ptII/ptolemy/domains/continuous/test/auto/CausalityInterface7.xml (RunModel)" time="0.052" />
  <testcase classname="ptolemy.util.test.junit.AutoTests" name="[14] /home/travis/build/icyphy/ptII/ptolemy/domains/continuous/test/auto/CausalityInterface8.xml (RunModel)" time="0.038" />
  <testcase classname="ptolemy.util.test.junit.AutoTests" name="[15] /home/travis/build/icyphy/ptII/ptolemy/domains/continuous/test/auto/CausalityInterface9.xml (RunModel)" time="0.052" />
  <testcase classname="ptolemy.util.test.junit.AutoTests" name="[16] /home/travis/build/icyphy/ptII/ptolemy/domains/continuous/test/auto/CausalityInterfaceFeedback1.xml (RunModel)" time="0.03" />
  <testcase classname="ptolemy.util.test.junit.AutoTests" name="[17] /home/travis/build/icyphy/ptII/ptolemy/domains/continuous/test/auto/CausalityInterfaceFeedback2.xml (RunModel)" time="0.021" />
  <testcase classname="ptolemy.util.test.junit.AutoTests" name="[18] /home/travis/build/icyphy/ptII/ptolemy/domains/continuous/test/auto/CompareWithCurrentTime.xml (RunModel)" time="0.021" />
  <testcase classname="ptolemy.util.test.junit.AutoTests" name="[19] /home/travis/build/icyphy/ptII/ptolemy/domains/continuous/test/auto/ComparedClocks.xml (RunModel)" time="0.079" />
  <testcase classname="ptolemy.util.test.junit.AutoTests" name="[20] /home/travis/build/icyphy/ptII/ptolemy/domains/continuous/test/auto/ContinuousAOCClone.xml (RunModel)" time="2.581" />
  <testcase classname="ptolemy.util.test.junit.AutoTests" name="[21] /home/travis/build/icyphy/ptII/ptolemy/domains/continuous/test/auto/ContinuousClock.xml (RunModel)" time="0.095" />
  <testcase classname="ptolemy.util.test.junit.AutoTests" name="[22] /home/travis/build/icyphy/ptII/ptolemy/domains/continuous/test/auto/ContinuousInContinuous.xml (RunModel)" time="0.089" />
  <testcase classname="ptolemy.util.test.junit.AutoTests" name="[23] /home/travis/build/icyphy/ptII/ptolemy/domains/continuous/test/auto/ContinuousInContinuousInContinuous.xml (RunModel)" time="0.03" />
  <testcase classname="ptolemy.util.test.junit.AutoTests" name="[24] /home/travis/build/icyphy/ptII/ptolemy/domains/continuous/test/auto/ContinuousInDE.xml (RunModel)" time="0.157" />
  <testcase classname="ptolemy.util.test.junit.AutoTests" name="[25] /home/travis/build/icyphy/ptII/ptolemy/domains/continuous/test/auto/ContinuousInDE2.xml (RunModel)" time="0.067" />
  <testcase classname="ptolemy.util.test.junit.AutoTests" name="[26] /home/travis/build/icyphy/ptII/ptolemy/domains/continuous/test/auto/ContinuousInDE3.xml (RunModel)" time="0.067" />
  <testcase classname="ptolemy.util.test.junit.AutoTests" name="[27] /home/travis/build/icyphy/ptII/ptolemy/domains/continuous/test/auto/ContinuousInDE4.xml (RunModel)" time="0.036" />
  <testcase classname="ptolemy.util.test.junit.AutoTests" name="[28] /home/travis/build/icyphy/ptII/ptolemy/domains/continuous/test/auto/ContinuousInDEDifferentRefinements.xml (RunModel)" time="0.114" />
  <testcase classname="ptolemy.util.test.junit.AutoTests" name="[29] /home/travis/build/icyphy/ptII/ptolemy/domains/continuous/test/auto/ContinuousInDEDifferentRefinementsPreemptive.xml (RunModel)" time="0.1" />
  <testcase classname="ptolemy.util.test.junit.AutoTests" name="[30] /home/travis/build/icyphy/ptII/ptolemy/domains/continuous/test/auto/ContinuousInDEInContinuous2.xml (RunModel)" time="0.096" />
  <testcase classname="ptolemy.util.test.junit.AutoTests" name="[31] /home/travis/build/icyphy/ptII/ptolemy/domains/continuous/test/auto/ContinuousInDEInContinuous3.xml (RunModel)" time="0.06" />
  <testcase classname="ptolemy.util.test.junit.AutoTests" name="[32] /home/travis/build/icyphy/ptII/ptolemy/domains/continuous/test/auto/ContinuousInDEInput.xml (RunModel)" time="0.04" />
  <testcase classname="ptolemy.util.test.junit.AutoTests" name="[33] /home/travis/build/icyphy/ptII/ptolemy/domains/continuous/test/auto/ContinuousInDEInput2.xml (RunModel)" time="0.041" />
  <testcase classname="ptolemy.util.test.junit.AutoTests" name="[34] /home/travis/build/icyphy/ptII/ptolemy/domains/continuous/test/auto/ContinuousInDEInput3.xml (RunModel)" time="0.031" />
  <testcase classname="ptolemy.util.test.junit.AutoTests" name="[35] /home/travis/build/icyphy/ptII/ptolemy/domains/continuous/test/auto/ContinuousInDESharingRefinement.xml (RunModel)" time="0.185" />
  <testcase classname="ptolemy.util.test.junit.AutoTests" name="[36] /home/travis/build/icyphy/ptII/ptolemy/domains/continuous/test/auto/ContinuousInDEwithNoPorts.xml (RunModel)" time="0.022" />
  <testcase classname="ptolemy.util.test.junit.AutoTests" name="[37] /home/travis/build/icyphy/ptII/ptolemy/domains/continuous/test/auto/ContinuousInsideDE.xml (RunModel)" time="0.098" />
  <testcase classname="ptolemy.util.test.junit.AutoTests" name="[38] /home/travis/build/icyphy/ptII/ptolemy/domains/continuous/test/auto/ContinuousMerge1.xml (RunModel)" time="0.017" />
  <testcase classname="ptolemy.util.test.junit.AutoTests" name="[39] /home/travis/build/icyphy/ptII/ptolemy/domains/continuous/test/auto/ContinuousMerge2.xml (RunModel)" time="0.052" />
  <testcase classname="ptolemy.util.test.junit.AutoTests" name="[40] /home/travis/build/icyphy/ptII/ptolemy/domains/continuous/test/auto/ContinuousMerge3.xml (RunModel)" time="0.076" />
  <testcase classname="ptolemy.util.test.junit.AutoTests" name="[41] /home/travis/build/icyphy/ptII/ptolemy/domains/continuous/test/auto/ContinuousWithinContinuous.xml (RunModel)" time="0.065" />
  <testcase classname="ptolemy.util.test.junit.AutoTests" name="[42] /home/travis/build/icyphy/ptII/ptolemy/domains/continuous/test/auto/ContinuousWithinContinuous2.xml (RunModel)" time="0.096" />
  <testcase classname="ptolemy.util.test.junit.AutoTests" name="[43] /home/travis/build/icyphy/ptII/ptolemy/domains/continuous/test/auto/ContinuousWithinContinuous3.xml (RunModel)" time="0.03" />
  <testcase classname="ptolemy.util.test.junit.AutoTests" name="[44] /home/travis/build/icyphy/ptII/ptolemy/domains/continuous/test/auto/ContinuousWithinContinuous4.xml (RunModel)" time="0.089" />
  <testcase classname="ptolemy.util.test.junit.AutoTests" name="[45] /home/travis/build/icyphy/ptII/ptolemy/domains/continuous/test/auto/ContinuousWithinContinuous5.xml (RunModel)" time="0.031" />
  <testcase classname="ptolemy.util.test.junit.AutoTests" name="[46] /home/travis/build/icyphy/ptII/ptolemy/domains/continuous/test/auto/ContinuousWithinContinuous6.xml (RunModel)" time="0.033" />
  <testcase classname="ptolemy.util.test.junit.AutoTests" name="[47] /home/travis/build/icyphy/ptII/ptolemy/domains/continuous/test/auto/ContinuousWithinContinuous7.xml (RunModel)" time="0.071" />
  <testcase classname="ptolemy.util.test.junit.AutoTests" name="[48] /home/travis/build/icyphy/ptII/ptolemy/domains/continuous/test/auto/DCMotor.xml (RunModel)" time="12.169" />
  <testcase classname="ptolemy.util.test.junit.AutoTests" name="[49] /home/travis/build/icyphy/ptII/ptolemy/domains/continuous/test/auto/DEInContinuous.xml (RunModel)" time="0.035" />
  <testcase classname="ptolemy.util.test.junit.AutoTests" name="[50] /home/travis/build/icyphy/ptII/ptolemy/domains/continuous/test/auto/DEinContinuous2.xml (RunModel)" time="0.037" />
  <testcase classname="ptolemy.util.test.junit.AutoTests" name="[51] /home/travis/build/icyphy/ptII/ptolemy/domains/continuous/test/auto/Derivative.xml (RunModel)" time="0.214" />
  <testcase classname="ptolemy.util.test.junit.AutoTests" name="[52] /home/travis/build/icyphy/ptII/ptolemy/domains/continuous/test/auto/Derivative1.xml (RunModel)" time="0.055" />
  <testcase classname="ptolemy.util.test.junit.AutoTests" name="[53] /home/travis/build/icyphy/ptII/ptolemy/domains/continuous/test/auto/DiscreteClock.xml (RunModel)" time="0.017" />
  <testcase classname="ptolemy.util.test.junit.AutoTests" name="[54] /home/travis/build/icyphy/ptII/ptolemy/domains/continuous/test/auto/EfficiencyCurve.xml (RunModel)" time="0.087" />
  <testcase classname="ptolemy.util.test.junit.AutoTests" name="[55] /home/travis/build/icyphy/ptII/ptolemy/domains/continuous/test/auto/ExponentialResponse.xml (RunModel)" time="0.125" />
  <testcase classname="ptolemy.util.test.junit.AutoTests" name="[56] /home/travis/build/icyphy/ptII/ptolemy/domains/continuous/test/auto/ExponentialResponseRK45.xml (RunModel)" time="0.033" />
  <testcase classname="ptolemy.util.test.junit.AutoTests" name="[57] /home/travis/build/icyphy/ptII/ptolemy/domains/continuous/test/auto/Friction.xml (RunModel)" time="1.444" />
  <testcase classname="ptolemy.util.test.junit.AutoTests" name="[58] /home/travis/build/icyphy/ptII/ptolemy/domains/continuous/test/auto/FurutaPendulum.xml (RunModel)" time="3.14" />
  <testcase classname="ptolemy.util.test.junit.AutoTests" name="[59] /home/travis/build/icyphy/ptII/ptolemy/domains/continuous/test/auto/HierarchicalExecution.xml (RunModel)" time="1.932" />
  <testcase classname="ptolemy.util.test.junit.AutoTests" name="[60] /home/travis/build/icyphy/ptII/ptolemy/domains/continuous/test/auto/HybridPlant.xml (RunModel)" time="0.533" />
  <testcase classname="ptolemy.util.test.junit.AutoTests" name="[61] /home/travis/build/icyphy/ptII/ptolemy/domains/continuous/test/auto/Hysteresis.xml (RunModel)" time="0.164" />
  <testcase classname="ptolemy.util.test.junit.AutoTests" name="[62] /home/travis/build/icyphy/ptII/ptolemy/domains/continuous/test/auto/HysteresisWithRandomDelay.xml (RunModel)" time="0.203" />
  <testcase classname="ptolemy.util.test.junit.AutoTests" name="[63] /home/travis/build/icyphy/ptII/ptolemy/domains/continuous/test/auto/HysteresisWithRandomLosses.xml (RunModel)" time="2.254" />
  <testcase classname="ptolemy.util.test.junit.AutoTests" name="[64] /home/travis/build/icyphy/ptII/ptolemy/domains/continuous/test/auto/ImmediateTransitions.xml (RunModel)" time="0.047" />
  <testcase classname="ptolemy.util.test.junit.AutoTests" name="[65] /home/travis/build/icyphy/ptII/ptolemy/domains/continuous/test/auto/ImpulseFeedback.xml (RunModel)" time="0.027" />
  <testcase classname="ptolemy.util.test.junit.AutoTests" name="[66] /home/travis/build/icyphy/ptII/ptolemy/domains/continuous/test/auto/ImpulseFeedback2.xml (RunModel)" time="0.019" />
  <testcase classname="ptolemy.util.test.junit.AutoTests" name="[67] /home/travis/build/icyphy/ptII/ptolemy/domains/continuous/test/auto/IncreasingRatePoisson.xml (RunModel)" time="0.775" />
  <testcase classname="ptolemy.util.test.junit.AutoTests" name="[68] /home/travis/build/icyphy/ptII/ptolemy/domains/continuous/test/auto/InitialStateFeedback.xml (RunModel)" time="0.021" />
  <testcase classname="ptolemy.util.test.junit.AutoTests" name="[69] /home/travis/build/icyphy/ptII/ptolemy/domains/continuous/test/auto/Integration.xml (RunModel)" time="0.013" />
  <testcase classname="ptolemy.util.test.junit.AutoTests" name="[70] /home/travis/build/icyphy/ptII/ptolemy/domains/continuous/test/auto/Integration2.xml (RunModel)" time="0.112" />
  <testcase classname="ptolemy.util.test.junit.AutoTests" name="[71] /home/travis/build/icyphy/ptII/ptolemy/domains/continuous/test/auto/Integration3.xml (RunModel)" time="0.013" />
  <testcase classname="ptolemy.util.test.junit.AutoTests" name="[72] /home/travis/build/icyphy/ptII/ptolemy/domains/continuous/test/auto/Integration5.xml (RunModel)" time="0.011" />
  <testcase classname="ptolemy.util.test.junit.AutoTests" name="[73] /home/travis/build/icyphy/ptII/ptolemy/domains/continuous/test/auto/IntegratorImpulse.xml (RunModel)" time="0.011" />
  <testcase classname="ptolemy.util.test.junit.AutoTests" name="[74] /home/travis/build/icyphy/ptII/ptolemy/domains/continuous/test/auto/IntegratorImpulse2.xml (RunModel)" time="0.012" />
  <testcase classname="ptolemy.util.test.junit.AutoTests" name="[75] /home/travis/build/icyphy/ptII/ptolemy/domains/continuous/test/auto/LevelCrossing1.xml (RunModel)" time="0.012" />
  <testcase classname="ptolemy.util.test.junit.AutoTests" name="[76] /home/travis/build/icyphy/ptII/ptolemy/domains/continuous/test/auto/LevelCrossing2.xml (RunModel)" time="0.02" />
  <testcase classname="ptolemy.util.test.junit.AutoTests" name="[77] /home/travis/build/icyphy/ptII/ptolemy/domains/continuous/test/auto/LevelCrossing3.xml (RunModel)" time="0.012" />
  <testcase classname="ptolemy.util.test.junit.AutoTests" name="[78] /home/travis/build/icyphy/ptII/ptolemy/domains/continuous/test/auto/LevelCrossing4.xml (RunModel)" time="0.015" />
  <testcase classname="ptolemy.util.test.junit.AutoTests" name="[79] /home/travis/build/icyphy/ptII/ptolemy/domains/continuous/test/auto/LevelCrossing5.xml (RunModel)" time="0.014" />
  <testcase classname="ptolemy.util.test.junit.AutoTests" name="[80] /home/travis/build/icyphy/ptII/ptolemy/domains/continuous/test/auto/LevelCrossing6.xml (RunModel)" time="0.014" />
  <testcase classname="ptolemy.util.test.junit.AutoTests" name="[81] /home/travis/build/icyphy/ptII/ptolemy/domains/continuous/test/auto/LevelCrossingDetector.xml (RunModel)" time="0.096" />
  <testcase classname="ptolemy.util.test.junit.AutoTests" name="[82] /home/travis/build/icyphy/ptII/ptolemy/domains/continuous/test/auto/LevelCrossingDetectorDetectingDirections.xml (RunModel)" time="0.123" />
  <testcase classname="ptolemy.util.test.junit.AutoTests" name="[83] /home/travis/build/icyphy/ptII/ptolemy/domains/continuous/test/auto/LevelCrossingDetectorDetectsGlitches.xml (RunModel)" time="0.065" />
  <testcase classname="ptolemy.util.test.junit.AutoTests" name="[84] /home/travis/build/icyphy/ptII/ptolemy/domains/continuous/test/auto/LevelCrossingNoInitialOuput.xml (RunModel)" time="0.019" />
  <testcase classname="ptolemy.util.test.junit.AutoTests" name="[85] /home/travis/build/icyphy/ptII/ptolemy/domains/continuous/test/auto/LinearStateSpaceExample.xml (RunModel)" time="0.033" />
  <testcase classname="ptolemy.util.test.junit.AutoTests" name="[86] /home/travis/build/icyphy/ptII/ptolemy/domains/continuous/test/auto/Lorenz.xml (RunModel)" time="3.976" />
  <testcase classname="ptolemy.util.test.junit.AutoTests" name="[87] /home/travis/build/icyphy/ptII/ptolemy/domains/continuous/test/auto/LorenzDifferentialSystem.xml (RunModel)" time="1.032" />
  <testcase classname="ptolemy.util.test.junit.AutoTests" name="[88] /home/travis/build/icyphy/ptII/ptolemy/domains/continuous/test/auto/LorenzDifferentialSystemWithInput.xml (RunModel)" time="1.432" />
  <testcase classname="ptolemy.util.test.junit.AutoTests" name="[89] /home/travis/build/icyphy/ptII/ptolemy/domains/continuous/test/auto/LorenzDifferentialSystemWithTime.xml (RunModel)" time="0.716" />
  <testcase classname="ptolemy.util.test.junit.AutoTests" name="[90] /home/travis/build/icyphy/ptII/ptolemy/domains/continuous/test/auto/Microsteps.xml (RunModel)" time="0.018" />
  <testcase classname="ptolemy.util.test.junit.AutoTests" name="[91] /home/travis/build/icyphy/ptII/ptolemy/domains/continuous/test/auto/Modal1.xml (RunModel)" time="0.045" />
  <testcase classname="ptolemy.util.test.junit.AutoTests" name="[92] /home/travis/build/icyphy/ptII/ptolemy/domains/continuous/test/auto/Modal2.xml (RunModel)" time="0.045" />
  <testcase classname="ptolemy.util.test.junit.AutoTests" name="[93] /home/travis/build/icyphy/ptII/ptolemy/domains/continuous/test/auto/ModalTransitionGuardWithReset.xml (RunModel)" time="0.027" />
  <testcase classname="ptolemy.util.test.junit.AutoTests" name="[94] /home/travis/build/icyphy/ptII/ptolemy/domains/continuous/test/auto/ModalTransitionGuardWithResetUsingPreemptiveTransition.xml (RunModel)" time="0.023" />
  <testcase classname="ptolemy.util.test.junit.AutoTests" name="[95] /home/travis/build/icyphy/ptII/ptolemy/domains/continuous/test/auto/ModalTransitionGuardWithResetUsingPreemptiveTransition2.xml (RunModel)" time="0.022" />
  <testcase classname="ptolemy.util.test.junit.AutoTests" name="[96] /home/travis/build/icyphy/ptII/ptolemy/domains/continuous/test/auto/ModalTransitionGuardWithResetUsingPreemptiveTransition3.xml (RunModel)" time="0.024" />
  <testcase classname="ptolemy.util.test.junit.AutoTests" name="[97] /home/travis/build/icyphy/ptII/ptolemy/domains/continuous/test/auto/NewtonsCradle.xml (RunModel)" time="0.701" />
  <testcase classname="ptolemy.util.test.junit.AutoTests" name="[98] /home/travis/build/icyphy/ptII/ptolemy/domains/continuous/test/auto/NewtonsCradleAnimated.xml (RunModel)" time="1.197" />
  <testcase classname="ptolemy.util.test.junit.AutoTests" name="[99] /home/travis/build/icyphy/ptII/ptolemy/domains/continuous/test/auto/NewtonsCradleComplicated.xml (RunModel)" time="0.873" />
  <testcase classname="ptolemy.util.test.junit.AutoTests" name="[100] /home/travis/build/icyphy/ptII/ptolemy/domains/continuous/test/auto/NewtonsCradleNondeterministic.xml (RunModel)" time="0.685" />
  <testcase classname="ptolemy.util.test.junit.AutoTests" name="[101] /home/travis/build/icyphy/ptII/ptolemy/domains/continuous/test/auto/NewtonsCradlePerfectlyInelastic1.xml (RunModel)" time="1.246" />
  <testcase classname="ptolemy.util.test.junit.AutoTests" name="[102] /home/travis/build/icyphy/ptII/ptolemy/domains/continuous/test/auto/Noise.xml (RunModel)" time="0.201" />
  <testcase classname="ptolemy.util.test.junit.AutoTests" name="[103] /home/travis/build/icyphy/ptII/ptolemy/domains/continuous/test/auto/NoiseSpectrum.xml (RunModel)" time="0.791" />
  <testcase classname="ptolemy.util.test.junit.AutoTests" name="[104] /home/travis/build/icyphy/ptII/ptolemy/domains/continuous/test/auto/ParameterizedNewtonsCradleAnimated.xml (RunModel)" time="0.319" />
  <testcase classname="ptolemy.util.test.junit.AutoTests" name="[105] /home/travis/build/icyphy/ptII/ptolemy/domains/continuous/test/auto/ParameterizedNewtonsCradleAnimatedNondeterministic.xml (RunModel)" time="1.122" />
  <testcase classname="ptolemy.util.test.junit.AutoTests" name="[106] /home/travis/build/icyphy/ptII/ptolemy/domains/continuous/test/auto/Pendulum3D.xml (RunModel)" time="0.177" />
  <testcase classname="ptolemy.util.test.junit.AutoTests" name="[107] /home/travis/build/icyphy/ptII/ptolemy/domains/continuous/test/auto/PeriodicSampler.xml (RunModel)" time="0.02" />
  <testcase classname="ptolemy.util.test.junit.AutoTests" name="[108] /home/travis/build/icyphy/ptII/ptolemy/domains/continuous/test/auto/PeriodicSampler1.xml (RunModel)" time="0.055" />
  <testcase classname="ptolemy.util.test.junit.AutoTests" name="[109] /home/travis/build/icyphy/ptII/ptolemy/domains/continuous/test/auto/PeriodicSampler2.xml (RunModel)" time="0.073" />
  <testcase classname="ptolemy.util.test.junit.AutoTests" name="[110] /home/travis/build/icyphy/ptII/ptolemy/domains/continuous/test/auto/Poisson.xml (RunModel)" time="0.443" />
  <testcase classname="ptolemy.util.test.junit.AutoTests" name="[111] /home/travis/build/icyphy/ptII/ptolemy/domains/continuous/test/auto/PoissonClock.xml (RunModel)" time="0.011" />
  <testcase classname="ptolemy.util.test.junit.AutoTests" name="[112] /home/travis/build/icyphy/ptII/ptolemy/domains/continuous/test/auto/PoissonClock2.xml (RunModel)" time="0.019" />
  <testcase classname="ptolemy.util.test.junit.AutoTests" name="[113] /home/travis/build/icyphy/ptII/ptolemy/domains/continuous/test/auto/PortParameterHierarchy.xml (RunModel)" time="0.018" />
  <testcase classname="ptolemy.util.test.junit.AutoTests" name="[114] /home/travis/build/icyphy/ptII/ptolemy/domains/continuous/test/auto/RandomHybridPlant.xml (RunModel)" time="0.515" />
  <testcase classname="ptolemy.util.test.junit.AutoTests" name="[115] /home/travis/build/icyphy/ptII/ptolemy/domains/continuous/test/auto/ResetTransitionWithStartTime1.xml (RunModel)" time="0.047" />
  <testcase classname="ptolemy.util.test.junit.AutoTests" name="[116] /home/travis/build/icyphy/ptII/ptolemy/domains/continuous/test/auto/ResetTransitionWithStartTime2.xml (RunModel)" time="0.034" />
  <testcase classname="ptolemy.util.test.junit.AutoTests" name="[117] /home/travis/build/icyphy/ptII/ptolemy/domains/continuous/test/auto/ResetTransitionWithStartTime3.xml (RunModel)" time="0.041" />
  <testcase classname="ptolemy.util.test.junit.AutoTests" name="[118] /home/travis/build/icyphy/ptII/ptolemy/domains/continuous/test/auto/ResetTransitionWithStartTime4.xml (RunModel)" time="0.022" />
  <testcase classname="ptolemy.util.test.junit.AutoTests" name="[119] /home/travis/build/icyphy/ptII/ptolemy/domains/continuous/test/auto/ResetTransitionWithStartTime5.xml (RunModel)" time="0.034" />
  <testcase classname="ptolemy.util.test.junit.AutoTests" name="[120] /home/travis/build/icyphy/ptII/ptolemy/domains/continuous/test/auto/ResetTransitionWithStartTime6.xml (RunModel)" time="0.034" />
  <testcase classname="ptolemy.util.test.junit.AutoTests" name="[121] /home/travis/build/icyphy/ptII/ptolemy/domains/continuous/test/auto/SRinContinuous.xml (RunModel)" time="0.027" />
  <testcase classname="ptolemy.util.test.junit.AutoTests" name="[122] /home/travis/build/icyphy/ptII/ptolemy/domains/continuous/test/auto/SampledClocks.xml (RunModel)" time="0.038" />
  <testcase classname="ptolemy.util.test.junit.AutoTests" name="[123] /home/travis/build/icyphy/ptII/ptolemy/domains/continuous/test/auto/Satellite.xml (RunModel)" time="0.807" />
  <testcase classname="ptolemy.util.test.junit.AutoTests" name="[124] /home/travis/build/icyphy/ptII/ptolemy/domains/continuous/test/auto/SigmaDelta.xml (RunModel)" time="2.319" />
  <testcase classname="ptolemy.util.test.junit.AutoTests" name="[125] /home/travis/build/icyphy/ptII/ptolemy/domains/continuous/test/auto/SingleRefinement.xml (RunModel)" time="0.499" />
  <testcase classname="ptolemy.util.test.junit.AutoTests" name="[126] /home/travis/build/icyphy/ptII/ptolemy/domains/continuous/test/auto/SinuBouncingBall.xml (RunModel)" time="0.826" />
  <testcase classname="ptolemy.util.test.junit.AutoTests" name="[127] /home/travis/build/icyphy/ptII/ptolemy/domains/continuous/test/auto/Sinusoid.xml (RunModel)" time="0.015" />
  <testcase classname="ptolemy.util.test.junit.AutoTests" name="[128] /home/travis/build/icyphy/ptII/ptolemy/domains/continuous/test/auto/SinusoidInNoise.xml (RunModel)" time="0.9" />
  <testcase classname="ptolemy.util.test.junit.AutoTests" name="[129] /home/travis/build/icyphy/ptII/ptolemy/domains/continuous/test/auto/SinusoidRK45.xml (RunModel)" time="0.01" />
  <testcase classname="ptolemy.util.test.junit.AutoTests" name="[130] /home/travis/build/icyphy/ptII/ptolemy/domains/continuous/test/auto/SinusoidWithMultipleImpulses.xml (RunModel)" time="0.008" />
  <testcase classname="ptolemy.util.test.junit.AutoTests" name="[131] /home/travis/build/icyphy/ptII/ptolemy/domains/continuous/test/auto/SquareWave.xml (RunModel)" time="0.193" />
  <testcase classname="ptolemy.util.test.junit.AutoTests" name="[132] /home/travis/build/icyphy/ptII/ptolemy/domains/continuous/test/auto/Starmac.xml (RunModel)" time="3.37" />
  <testcase classname="ptolemy.util.test.junit.AutoTests" name="[133] /home/travis/build/icyphy/ptII/ptolemy/domains/continuous/test/auto/StaticUnits.xml (RunModel)" time="2.388" />
  <testcase classname="ptolemy.util.test.junit.AutoTests" name="[134] /home/travis/build/icyphy/ptII/ptolemy/domains/continuous/test/auto/StickyMasses.xml (RunModel)" time="0.172" />
  <testcase classname="ptolemy.util.test.junit.AutoTests" name="[135] /home/travis/build/icyphy/ptII/ptolemy/domains/continuous/test/auto/StopTime.xml (RunModel)" time="0.071" />
  <testcase classname="ptolemy.util.test.junit.AutoTests" name="[136] /home/travis/build/icyphy/ptII/ptolemy/domains/continuous/test/auto/StopTime2.xml (RunModel)" time="0.055" />
  <testcase classname="ptolemy.util.test.junit.AutoTests" name="[137] /home/travis/build/icyphy/ptII/ptolemy/domains/continuous/test/auto/Switch.xml (RunModel)" time="0.065" />
  <testcase classname="ptolemy.util.test.junit.AutoTests" name="[138] /home/travis/build/icyphy/ptII/ptolemy/domains/continuous/test/auto/Thermostat.xml (RunModel)" time="0.186" />
  <testcase classname="ptolemy.util.test.junit.AutoTests" name="[139] /home/travis/build/icyphy/ptII/ptolemy/domains/continuous/test/auto/TimeDelay.xml (RunModel)" time="0.016" />
  <testcase classname="ptolemy.util.test.junit.AutoTests" name="[140] /home/travis/build/icyphy/ptII/ptolemy/domains/continuous/test/auto/TimeDelay2.xml (RunModel)" time="0.017" />
  <testcase classname="ptolemy.util.test.junit.AutoTests" name="[141] /home/travis/build/icyphy/ptII/ptolemy/domains/continuous/test/auto/TimeDelay3.xml (RunModel)" time="0.013" />
  <testcase classname="ptolemy.util.test.junit.AutoTests" name="[142] /home/travis/build/icyphy/ptII/ptolemy/domains/continuous/test/auto/TransferAbsentToInside.xml (RunModel)" time="0.097" />
  <testcase classname="ptolemy.util.test.junit.AutoTests" name="[143] /home/travis/build/icyphy/ptII/ptolemy/domains/continuous/test/auto/Transmission.xml (RunModel)" time="0.729" />
  <testcase classname="ptolemy.util.test.junit.AutoTests" name="[144] /home/travis/build/icyphy/ptII/ptolemy/domains/continuous/test/auto/TriggeredContinuousClock.xml (RunModel)" time="0.061" />
  <testcase classname="ptolemy.util.test.junit.AutoTests" name="[145] /home/travis/build/icyphy/ptII/ptolemy/domains/continuous/test/auto/TwoMachineInfiniteBusControl.xml (RunModel)" time="2.9" />
  <testcase classname="ptolemy.util.test.junit.AutoTests" name="[146] /home/travis/build/icyphy/ptII/ptolemy/domains/continuous/test/auto/V2V.xml (RunModel)" time="0.706" />
  <testcase classname="ptolemy.util.test.junit.AutoTests" name="[147] /home/travis/build/icyphy/ptII/ptolemy/domains/continuous/test/auto/hierarchicalModalModel.xml (RunModel)" time="0.033" />
  <testcase classname="ptolemy.util.test.junit.AutoTests" name="[148] /home/travis/build/icyphy/ptII/ptolemy/domains/continuous/test/auto/hierarchicalModalModel1.xml (RunModel)" time="0.032" />
  <testcase classname="ptolemy.util.test.junit.AutoTests" name="[149] /home/travis/build/icyphy/ptII/ptolemy/domains/continuous/test/auto/hierarchicalModalModel2.xml (RunModel)" time="0.027" />
  <testcase classname="ptolemy.util.test.junit.AutoTests" name="[150] /home/travis/build/icyphy/ptII/ptolemy/domains/continuous/test/auto/hierarchicalModalModel3.xml (RunModel)" time="0.025" />
  <testcase classname="ptolemy.util.test.junit.AutoTests" name="[151] /home/travis/build/icyphy/ptII/ptolemy/domains/continuous/test/auto/hierarchicalModalModel4.xml (RunModel)" time="0.028" />
  <testcase classname="ptolemy.util.test.junit.AutoTests" name="[152] /home/travis/build/icyphy/ptII/ptolemy/domains/continuous/test/auto/junk.xml (RunModel)" time="0.15" />
  <system-out><![CDATA[No tcl tests in /home/travis/build/icyphy/ptII/ptolemy/domains/continuous/test
No auto/knownFailedTests/*.xml tests in /home/travis/build/icyphy/ptII/ptolemy/domains/continuous/test
No auto/linux-amd64/*.xml tests in /home/travis/build/icyphy/ptII/ptolemy/domains/continuous/test
AutoTests.java: About to close Vertx.
AutoTests.java: Vertx closed.

===========================================================================================
----------------- testing Sat Oct 20 02:33:27 UTC 2018 /home/travis/build/icyphy/ptII/ptolemy/domains/continuous/test/auto/BouncingBall.xml
----------------- Instantiating /home/travis/build/icyphy/ptII/ptolemy/domains/continuous/test/auto/BouncingBall.xml
2270 ms. Memory: 331776K Free: 259452K (78%)
----------------- Invoking toplevel() on ptolemy.moml.MoMLSimpleApplication@775bc7e1
----------------- Done invoking toplevel() on ptolemy.moml.MoMLSimpleApplication@775bc7e1
reloadAllAccessors: .BouncingBall

===========================================================================================
----------------- testing Sat Oct 20 02:33:29 UTC 2018 /home/travis/build/icyphy/ptII/ptolemy/domains/continuous/test/auto/BouncingBallWithoutGR.xml
----------------- Instantiating /home/travis/build/icyphy/ptII/ptolemy/domains/continuous/test/auto/BouncingBallWithoutGR.xml
823 ms. Memory: 331776K Free: 321029K (97%)
----------------- Invoking toplevel() on ptolemy.moml.MoMLSimpleApplication@479078c5
----------------- Done invoking toplevel() on ptolemy.moml.MoMLSimpleApplication@479078c5
reloadAllAccessors: .BouncingBallWithoutGR

===========================================================================================
----------------- testing Sat Oct 20 02:33:30 UTC 2018 /home/travis/build/icyphy/ptII/ptolemy/domains/continuous/test/auto/Brownian.xml
----------------- Instantiating /home/travis/build/icyphy/ptII/ptolemy/domains/continuous/test/auto/Brownian.xml
36 ms. Memory: 331776K Free: 307132K (93%)
----------------- Invoking toplevel() on ptolemy.moml.MoMLSimpleApplication@4025e4a0
----------------- Done invoking toplevel() on ptolemy.moml.MoMLSimpleApplication@4025e4a0
reloadAllAccessors: .Brownian

===========================================================================================
----------------- testing Sat Oct 20 02:33:30 UTC 2018 /home/travis/build/icyphy/ptII/ptolemy/domains/continuous/test/auto/CarTracking.xml
----------------- Instantiating /home/travis/build/icyphy/ptII/ptolemy/domains/continuous/test/auto/CarTracking.xml
3154 ms. Memory: 578048K Free: 471452K (82%)
----------------- Invoking toplevel() on ptolemy.moml.MoMLSimpleApplication@79c9c1ec
----------------- Done invoking toplevel() on ptolemy.moml.MoMLSimpleApplication@79c9c1ec
reloadAllAccessors: .CarTracking

===========================================================================================
----------------- testing Sat Oct 20 02:33:34 UTC 2018 /home/travis/build/icyphy/ptII/ptolemy/domains/continuous/test/auto/CartPendulum.xml
----------------- Instantiating /home/travis/build/icyphy/ptII/ptolemy/domains/continuous/test/auto/CartPendulum.xml
411 ms. Memory: 578048K Free: 363540K (63%)
----------------- Invoking toplevel() on ptolemy.moml.MoMLSimpleApplication@46bfbcd6
----------------- Done invoking toplevel() on ptolemy.moml.MoMLSimpleApplication@46bfbcd6
reloadAllAccessors: .CartPendulum

===========================================================================================
----------------- testing Sat Oct 20 02:33:34 UTC 2018 /home/travis/build/icyphy/ptII/ptolemy/domains/continuous/test/auto/CausalityInterface10.xml
----------------- Instantiating /home/travis/build/icyphy/ptII/ptolemy/domains/continuous/test/auto/CausalityInterface10.xml
17 ms. Memory: 578048K Free: 347156K (60%)
----------------- Invoking toplevel() on ptolemy.moml.MoMLSimpleApplication@e1d666f
----------------- Done invoking toplevel() on ptolemy.moml.MoMLSimpleApplication@e1d666f
reloadAllAccessors: .CausalityInterface10

===========================================================================================
----------------- testing Sat Oct 20 02:33:34 UTC 2018 /home/travis/build/icyphy/ptII/ptolemy/domains/continuous/test/auto/CausalityInterface11.xml
----------------- Instantiating /home/travis/build/icyphy/ptII/ptolemy/domains/continuous/test/auto/CausalityInterface11.xml
5 ms. Memory: 578048K Free: 337320K (58%)
----------------- Invoking toplevel() on ptolemy.moml.MoMLSimpleApplication@6371bfe1
----------------- Done invoking toplevel() on ptolemy.moml.MoMLSimpleApplication@6371bfe1
reloadAllAccessors: .CausalityInterface11

===========================================================================================
----------------- testing Sat Oct 20 02:33:35 UTC 2018 /home/travis/build/icyphy/ptII/ptolemy/domains/continuous/test/auto/CausalityInterface12.xml
----------------- Instantiating /home/travis/build/icyphy/ptII/ptolemy/domains/continuous/test/auto/CausalityInterface12.xml
4 ms. Memory: 578048K Free: 327484K (57%)
----------------- Invoking toplevel() on ptolemy.moml.MoMLSimpleApplication@4fa39418
----------------- Done invoking toplevel() on ptolemy.moml.MoMLSimpleApplication@4fa39418
reloadAllAccessors: .CausalityInterface12

===========================================================================================
----------------- testing Sat Oct 20 02:33:35 UTC 2018 /home/travis/build/icyphy/ptII/ptolemy/domains/continuous/test/auto/CausalityInterface13.xml
----------------- Instantiating /home/travis/build/icyphy/ptII/ptolemy/domains/continuous/test/auto/CausalityInterface13.xml
8 ms. Memory: 578048K Free: 314488K (54%)
----------------- Invoking toplevel() on ptolemy.moml.MoMLSimpleApplication@37f97533
----------------- Done invoking toplevel() on ptolemy.moml.MoMLSimpleApplication@37f97533
reloadAllAccessors: .CausalityInterface13

===========================================================================================
----------------- testing Sat Oct 20 02:33:35 UTC 2018 /home/travis/build/icyphy/ptII/ptolemy/domains/continuous/test/auto/CausalityInterface14.xml
----------------- Instantiating /home/travis/build/icyphy/ptII/ptolemy/domains/continuous/test/auto/CausalityInterface14.xml
8 ms. Memory: 578048K Free: 304668K (53%)
----------------- Invoking toplevel() on ptolemy.moml.MoMLSimpleApplication@45521e10
----------------- Done invoking toplevel() on ptolemy.moml.MoMLSimpleApplication@45521e10
reloadAllAccessors: .CausalityInterface14

===========================================================================================
----------------- testing Sat Oct 20 02:33:35 UTC 2018 /home/travis/build/icyphy/ptII/ptolemy/domains/continuous/test/auto/CausalityInterface4.xml
----------------- Instantiating /home/travis/build/icyphy/ptII/ptolemy/domains/continuous/test/auto/CausalityInterface4.xml
5 ms. Memory: 578048K Free: 294831K (51%)
----------------- Invoking toplevel() on ptolemy.moml.MoMLSimpleApplication@3ea0dbd4
----------------- Done invoking toplevel() on ptolemy.moml.MoMLSimpleApplication@3ea0dbd4
reloadAllAccessors: .CausalityInterface4

===========================================================================================
----------------- testing Sat Oct 20 02:33:35 UTC 2018 /home/travis/build/icyphy/ptII/ptolemy/domains/continuous/test/auto/CausalityInterface5.xml
----------------- Instantiating /home/travis/build/icyphy/ptII/ptolemy/domains/continuous/test/auto/CausalityInterface5.xml
3 ms. Memory: 578048K Free: 281722K (49%)
----------------- Invoking toplevel() on ptolemy.moml.MoMLSimpleApplication@5efa69fc
----------------- Done invoking toplevel() on ptolemy.moml.MoMLSimpleApplication@5efa69fc
reloadAllAccessors: .CausalityInterface5

===========================================================================================
----------------- testing Sat Oct 20 02:33:35 UTC 2018 /home/travis/build/icyphy/ptII/ptolemy/domains/continuous/test/auto/CausalityInterface6.xml
----------------- Instantiating /home/travis/build/icyphy/ptII/ptolemy/domains/continuous/test/auto/CausalityInterface6.xml
3 ms. Memory: 578048K Free: 258922K (45%)
----------------- Invoking toplevel() on ptolemy.moml.MoMLSimpleApplication@3dd2b132
----------------- Done invoking toplevel() on ptolemy.moml.MoMLSimpleApplication@3dd2b132
reloadAllAccessors: .CausalityInterface6

===========================================================================================
----------------- testing Sat Oct 20 02:33:35 UTC 2018 /home/travis/build/icyphy/ptII/ptolemy/domains/continuous/test/auto/CausalityInterface7.xml
----------------- Instantiating /home/travis/build/icyphy/ptII/ptolemy/domains/continuous/test/auto/CausalityInterface7.xml
14 ms. Memory: 578048K Free: 245812K (43%)
----------------- Invoking toplevel() on ptolemy.moml.MoMLSimpleApplication@6f19d402
----------------- Done invoking toplevel() on ptolemy.moml.MoMLSimpleApplication@6f19d402
reloadAllAccessors: .CausalityInterface7

===========================================================================================
----------------- testing Sat Oct 20 02:33:35 UTC 2018 /home/travis/build/icyphy/ptII/ptolemy/domains/continuous/test/auto/CausalityInterface8.xml
----------------- Instantiating /home/travis/build/icyphy/ptII/ptolemy/domains/continuous/test/auto/CausalityInterface8.xml
7 ms. Memory: 578048K Free: 232702K (40%)
----------------- Invoking toplevel() on ptolemy.moml.MoMLSimpleApplication@457e9d88
----------------- Done invoking toplevel() on ptolemy.moml.MoMLSimpleApplication@457e9d88
reloadAllAccessors: .CausalityInterface8

===========================================================================================
----------------- testing Sat Oct 20 02:33:35 UTC 2018 /home/travis/build/icyphy/ptII/ptolemy/domains/continuous/test/auto/CausalityInterface9.xml
----------------- Instantiating /home/travis/build/icyphy/ptII/ptolemy/domains/continuous/test/auto/CausalityInterface9.xml
15 ms. Memory: 578048K Free: 216303K (37%)
----------------- Invoking toplevel() on ptolemy.moml.MoMLSimpleApplication@f61c768
----------------- Done invoking toplevel() on ptolemy.moml.MoMLSimpleApplication@f61c768
reloadAllAccessors: .CausalityInterface9

===========================================================================================
----------------- testing Sat Oct 20 02:33:35 UTC 2018 /home/travis/build/icyphy/ptII/ptolemy/domains/continuous/test/auto/CausalityInterfaceFeedback1.xml
----------------- Instantiating /home/travis/build/icyphy/ptII/ptolemy/domains/continuous/test/auto/CausalityInterfaceFeedback1.xml
5 ms. Memory: 578048K Free: 203315K (35%)
----------------- Invoking toplevel() on ptolemy.moml.MoMLSimpleApplication@5a75309d
----------------- Done invoking toplevel() on ptolemy.moml.MoMLSimpleApplication@5a75309d
reloadAllAccessors: .CausalityInterfaceFeedback1

===========================================================================================
----------------- testing Sat Oct 20 02:33:35 UTC 2018 /home/travis/build/icyphy/ptII/ptolemy/domains/continuous/test/auto/CausalityInterfaceFeedback2.xml
----------------- Instantiating /home/travis/build/icyphy/ptII/ptolemy/domains/continuous/test/auto/CausalityInterfaceFeedback2.xml
3 ms. Memory: 578048K Free: 193479K (33%)
----------------- Invoking toplevel() on ptolemy.moml.MoMLSimpleApplication@4b1b5c19
----------------- Done invoking toplevel() on ptolemy.moml.MoMLSimpleApplication@4b1b5c19
reloadAllAccessors: .CausalityInterfaceFeedback2

===========================================================================================
----------------- testing Sat Oct 20 02:33:35 UTC 2018 /home/travis/build/icyphy/ptII/ptolemy/domains/continuous/test/auto/CompareWithCurrentTime.xml
----------------- Instantiating /home/travis/build/icyphy/ptII/ptolemy/domains/continuous/test/auto/CompareWithCurrentTime.xml
3 ms. Memory: 578048K Free: 186932K (32%)
----------------- Invoking toplevel() on ptolemy.moml.MoMLSimpleApplication@3bb04852
----------------- Done invoking toplevel() on ptolemy.moml.MoMLSimpleApplication@3bb04852
reloadAllAccessors: .CompareWithCurrentTime

===========================================================================================
----------------- testing Sat Oct 20 02:33:35 UTC 2018 /home/travis/build/icyphy/ptII/ptolemy/domains/continuous/test/auto/ComparedClocks.xml
----------------- Instantiating /home/travis/build/icyphy/ptII/ptolemy/domains/continuous/test/auto/ComparedClocks.xml
7 ms. Memory: 578048K Free: 167260K (29%)
----------------- Invoking toplevel() on ptolemy.moml.MoMLSimpleApplication@4ad06a9a
----------------- Done invoking toplevel() on ptolemy.moml.MoMLSimpleApplication@4ad06a9a
reloadAllAccessors: .ComparedClocks

===========================================================================================
----------------- testing Sat Oct 20 02:33:35 UTC 2018 /home/travis/build/icyphy/ptII/ptolemy/domains/continuous/test/auto/ContinuousAOCClone.xml
----------------- Instantiating /home/travis/build/icyphy/ptII/ptolemy/domains/continuous/test/auto/ContinuousAOCClone.xml
2348 ms. Memory: 872448K Free: 433312K (50%)
----------------- Invoking toplevel() on ptolemy.moml.MoMLSimpleApplication@53c91e1
----------------- Done invoking toplevel() on ptolemy.moml.MoMLSimpleApplication@53c91e1
reloadAllAccessors: .ContinuousAOCClone

===========================================================================================
----------------- testing Sat Oct 20 02:33:38 UTC 2018 /home/travis/build/icyphy/ptII/ptolemy/domains/continuous/test/auto/ContinuousClock.xml
----------------- Instantiating /home/travis/build/icyphy/ptII/ptolemy/domains/continuous/test/auto/ContinuousClock.xml
25 ms. Memory: 872448K Free: 398771K (46%)
----------------- Invoking toplevel() on ptolemy.moml.MoMLSimpleApplication@1019f02d
----------------- Done invoking toplevel() on ptolemy.moml.MoMLSimpleApplication@1019f02d
reloadAllAccessors: .ContinuousClock

===========================================================================================
----------------- testing Sat Oct 20 02:33:38 UTC 2018 /home/travis/build/icyphy/ptII/ptolemy/domains/continuous/test/auto/ContinuousInContinuous.xml
----------------- Instantiating /home/travis/build/icyphy/ptII/ptolemy/domains/continuous/test/auto/ContinuousInContinuous.xml
36 ms. Memory: 872448K Free: 371249K (43%)
----------------- Invoking toplevel() on ptolemy.moml.MoMLSimpleApplication@6112fe58
----------------- Done invoking toplevel() on ptolemy.moml.MoMLSimpleApplication@6112fe58
reloadAllAccessors: .ContinuousInContinuous

===========================================================================================
----------------- testing Sat Oct 20 02:33:38 UTC 2018 /home/travis/build/icyphy/ptII/ptolemy/domains/continuous/test/auto/ContinuousInContinuousInContinuous.xml
----------------- Instantiating /home/travis/build/icyphy/ptII/ptolemy/domains/continuous/test/auto/ContinuousInContinuousInContinuous.xml
9 ms. Memory: 872448K Free: 359452K (41%)
----------------- Invoking toplevel() on ptolemy.moml.MoMLSimpleApplication@35b0c05d
----------------- Done invoking toplevel() on ptolemy.moml.MoMLSimpleApplication@35b0c05d
reloadAllAccessors: .ContinuousInContinuousInContinuous

===========================================================================================
----------------- testing Sat Oct 20 02:33:38 UTC 2018 /home/travis/build/icyphy/ptII/ptolemy/domains/continuous/test/auto/ContinuousInDE.xml
----------------- Instantiating /home/travis/build/icyphy/ptII/ptolemy/domains/continuous/test/auto/ContinuousInDE.xml
127 ms. Memory: 872448K Free: 343744K (39%)
----------------- Invoking toplevel() on ptolemy.moml.MoMLSimpleApplication@66e9243
----------------- Done invoking toplevel() on ptolemy.moml.MoMLSimpleApplication@66e9243
reloadAllAccessors: .ContinuousInDE

===========================================================================================
----------------- testing Sat Oct 20 02:33:38 UTC 2018 /home/travis/build/icyphy/ptII/ptolemy/domains/continuous/test/auto/ContinuousInDE2.xml
----------------- Instantiating /home/travis/build/icyphy/ptII/ptolemy/domains/continuous/test/auto/ContinuousInDE2.xml
44 ms. Memory: 872448K Free: 324593K (37%)
----------------- Invoking toplevel() on ptolemy.moml.MoMLSimpleApplication@267b9008
----------------- Done invoking toplevel() on ptolemy.moml.MoMLSimpleApplication@267b9008
reloadAllAccessors: .ContinuousInDE2

===========================================================================================
----------------- testing Sat Oct 20 02:33:38 UTC 2018 /home/travis/build/icyphy/ptII/ptolemy/domains/continuous/test/auto/ContinuousInDE3.xml
----------------- Instantiating /home/travis/build/icyphy/ptII/ptolemy/domains/continuous/test/auto/ContinuousInDE3.xml
44 ms. Memory: 872448K Free: 308868K (35%)
----------------- Invoking toplevel() on ptolemy.moml.MoMLSimpleApplication@58f8122a
----------------- Done invoking toplevel() on ptolemy.moml.MoMLSimpleApplication@58f8122a
reloadAllAccessors: .ContinuousInDE3

===========================================================================================
----------------- testing Sat Oct 20 02:33:38 UTC 2018 /home/travis/build/icyphy/ptII/ptolemy/domains/continuous/test/auto/ContinuousInDE4.xml
----------------- Instantiating /home/travis/build/icyphy/ptII/ptolemy/domains/continuous/test/auto/ContinuousInDE4.xml
16 ms. Memory: 872448K Free: 297087K (34%)
----------------- Invoking toplevel() on ptolemy.moml.MoMLSimpleApplication@78caad0e
----------------- Done invoking toplevel() on ptolemy.moml.MoMLSimpleApplication@78caad0e
reloadAllAccessors: .ContinuousInDE4

===========================================================================================
----------------- testing Sat Oct 20 02:33:38 UTC 2018 /home/travis/build/icyphy/ptII/ptolemy/domains/continuous/test/auto/ContinuousInDEDifferentRefinements.xml
----------------- Instantiating /home/travis/build/icyphy/ptII/ptolemy/domains/continuous/test/auto/ContinuousInDEDifferentRefinements.xml
60 ms. Memory: 872448K Free: 261647K (30%)
----------------- Invoking toplevel() on ptolemy.moml.MoMLSimpleApplication@615bf652
----------------- Done invoking toplevel() on ptolemy.moml.MoMLSimpleApplication@615bf652
reloadAllAccessors: .ContinuousInDEDifferentRefinements

===========================================================================================
----------------- testing Sat Oct 20 02:33:38 UTC 2018 /home/travis/build/icyphy/ptII/ptolemy/domains/continuous/test/auto/ContinuousInDEDifferentRefinementsPreemptive.xml
----------------- Instantiating /home/travis/build/icyphy/ptII/ptolemy/domains/continuous/test/auto/ContinuousInDEDifferentRefinementsPreemptive.xml
54 ms. Memory: 872448K Free: 222812K (26%)
----------------- Invoking toplevel() on ptolemy.moml.MoMLSimpleApplication@491db42
----------------- Done invoking toplevel() on ptolemy.moml.MoMLSimpleApplication@491db42
reloadAllAccessors: .ContinuousInDEDifferentRefinementsPreemptive

===========================================================================================
----------------- testing Sat Oct 20 02:33:38 UTC 2018 /home/travis/build/icyphy/ptII/ptolemy/domains/continuous/test/auto/ContinuousInDEInContinuous2.xml
----------------- Instantiating /home/travis/build/icyphy/ptII/ptolemy/domains/continuous/test/auto/ContinuousInDEInContinuous2.xml
75 ms. Memory: 872448K Free: 203169K (23%)
----------------- Invoking toplevel() on ptolemy.moml.MoMLSimpleApplication@4cee8755
----------------- Done invoking toplevel() on ptolemy.moml.MoMLSimpleApplication@4cee8755
reloadAllAccessors: .ContinuousInDEInContinuous2

===========================================================================================
----------------- testing Sat Oct 20 02:33:38 UTC 2018 /home/travis/build/icyphy/ptII/ptolemy/domains/continuous/test/auto/ContinuousInDEInContinuous3.xml
----------------- Instantiating /home/travis/build/icyphy/ptII/ptolemy/domains/continuous/test/auto/ContinuousInDEInContinuous3.xml
40 ms. Memory: 872448K Free: 183501K (21%)
----------------- Invoking toplevel() on ptolemy.moml.MoMLSimpleApplication@33b7c373
----------------- Done invoking toplevel() on ptolemy.moml.MoMLSimpleApplication@33b7c373
reloadAllAccessors: .ContinuousInDEInContinuous3

===========================================================================================
----------------- testing Sat Oct 20 02:33:39 UTC 2018 /home/travis/build/icyphy/ptII/ptolemy/domains/continuous/test/auto/ContinuousInDEInput.xml
----------------- Instantiating /home/travis/build/icyphy/ptII/ptolemy/domains/continuous/test/auto/ContinuousInDEInput.xml
20 ms. Memory: 872448K Free: 171704K (20%)
----------------- Invoking toplevel() on ptolemy.moml.MoMLSimpleApplication@50c2af3e
----------------- Done invoking toplevel() on ptolemy.moml.MoMLSimpleApplication@50c2af3e
reloadAllAccessors: .ContinuousInDEInput

===========================================================================================
----------------- testing Sat Oct 20 02:33:39 UTC 2018 /home/travis/build/icyphy/ptII/ptolemy/domains/continuous/test/auto/ContinuousInDEInput2.xml
----------------- Instantiating /home/travis/build/icyphy/ptII/ptolemy/domains/continuous/test/auto/ContinuousInDEInput2.xml
23 ms. Memory: 872448K Free: 156496K (18%)
----------------- Invoking toplevel() on ptolemy.moml.MoMLSimpleApplication@3df04dfe
----------------- Done invoking toplevel() on ptolemy.moml.MoMLSimpleApplication@3df04dfe
reloadAllAccessors: .ContinuousInDEInput2

===========================================================================================
----------------- testing Sat Oct 20 02:33:39 UTC 2018 /home/travis/build/icyphy/ptII/ptolemy/domains/continuous/test/auto/ContinuousInDEInput3.xml
----------------- Instantiating /home/travis/build/icyphy/ptII/ptolemy/domains/continuous/test/auto/ContinuousInDEInput3.xml
14 ms. Memory: 872448K Free: 144715K (17%)
----------------- Invoking toplevel() on ptolemy.moml.MoMLSimpleApplication@109486c5
----------------- Done invoking toplevel() on ptolemy.moml.MoMLSimpleApplication@109486c5
reloadAllAccessors: .ContinuousInDEInput3

===========================================================================================
----------------- testing Sat Oct 20 02:33:39 UTC 2018 /home/travis/build/icyphy/ptII/ptolemy/domains/continuous/test/auto/ContinuousInDESharingRefinement.xml
----------------- Instantiating /home/travis/build/icyphy/ptII/ptolemy/domains/continuous/test/auto/ContinuousInDESharingRefinement.xml
157 ms. Memory: 872960K Free: 832087K (95%)
----------------- Invoking toplevel() on ptolemy.moml.MoMLSimpleApplication@5524b336
----------------- Done invoking toplevel() on ptolemy.moml.MoMLSimpleApplication@5524b336
reloadAllAccessors: .ContinuousInDESharingRefinement

===========================================================================================
----------------- testing Sat Oct 20 02:33:39 UTC 2018 /home/travis/build/icyphy/ptII/ptolemy/domains/continuous/test/auto/ContinuousInDEwithNoPorts.xml
----------------- Instantiating /home/travis/build/icyphy/ptII/ptolemy/domains/continuous/test/auto/ContinuousInDEwithNoPorts.xml
5 ms. Memory: 872960K Free: 819888K (94%)
----------------- Invoking toplevel() on ptolemy.moml.MoMLSimpleApplication@3f4dc140
----------------- Done invoking toplevel() on ptolemy.moml.MoMLSimpleApplication@3f4dc140
reloadAllAccessors: .ContinuousInDEwithNoPorts

===========================================================================================
----------------- testing Sat Oct 20 02:33:39 UTC 2018 /home/travis/build/icyphy/ptII/ptolemy/domains/continuous/test/auto/ContinuousInsideDE.xml
----------------- Instantiating /home/travis/build/icyphy/ptII/ptolemy/domains/continuous/test/auto/ContinuousInsideDE.xml
50 ms. Memory: 872960K Free: 800237K (92%)
----------------- Invoking toplevel() on ptolemy.moml.MoMLSimpleApplication@147e5cd
----------------- Done invoking toplevel() on ptolemy.moml.MoMLSimpleApplication@147e5cd
reloadAllAccessors: .ContinuousInsideDE

===========================================================================================
----------------- testing Sat Oct 20 02:33:39 UTC 2018 /home/travis/build/icyphy/ptII/ptolemy/domains/continuous/test/auto/ContinuousMerge1.xml
----------------- Instantiating /home/travis/build/icyphy/ptII/ptolemy/domains/continuous/test/auto/ContinuousMerge1.xml
3 ms. Memory: 872960K Free: 790079K (91%)
----------------- Invoking toplevel() on ptolemy.moml.MoMLSimpleApplication@1a2f528
----------------- Done invoking toplevel() on ptolemy.moml.MoMLSimpleApplication@1a2f528
reloadAllAccessors: .ContinuousMerge1

===========================================================================================
----------------- testing Sat Oct 20 02:33:39 UTC 2018 /home/travis/build/icyphy/ptII/ptolemy/domains/continuous/test/auto/ContinuousMerge2.xml
----------------- Instantiating /home/travis/build/icyphy/ptII/ptolemy/domains/continuous/test/auto/ContinuousMerge2.xml
17 ms. Memory: 872960K Free: 774208K (89%)
----------------- Invoking toplevel() on ptolemy.moml.MoMLSimpleApplication@58b77289
----------------- Done invoking toplevel() on ptolemy.moml.MoMLSimpleApplication@58b77289
reloadAllAccessors: .ContinuousMerge2

===========================================================================================
----------------- testing Sat Oct 20 02:33:39 UTC 2018 /home/travis/build/icyphy/ptII/ptolemy/domains/continuous/test/auto/ContinuousMerge3.xml
----------------- Instantiating /home/travis/build/icyphy/ptII/ptolemy/domains/continuous/test/auto/ContinuousMerge3.xml
50 ms. Memory: 872960K Free: 758483K (87%)
----------------- Invoking toplevel() on ptolemy.moml.MoMLSimpleApplication@23c1cf42
----------------- Done invoking toplevel() on ptolemy.moml.MoMLSimpleApplication@23c1cf42
reloadAllAccessors: .ContinuousMerge3

===========================================================================================
----------------- testing Sat Oct 20 02:33:39 UTC 2018 /home/travis/build/icyphy/ptII/ptolemy/domains/continuous/test/auto/ContinuousWithinContinuous.xml
----------------- Instantiating /home/travis/build/icyphy/ptII/ptolemy/domains/continuous/test/auto/ContinuousWithinContinuous.xml
42 ms. Memory: 872960K Free: 740456K (85%)
----------------- Invoking toplevel() on ptolemy.moml.MoMLSimpleApplication@6f080636
----------------- Done invoking toplevel() on ptolemy.moml.MoMLSimpleApplication@6f080636
reloadAllAccessors: .ContinuousWithinContinuous

===========================================================================================
----------------- testing Sat Oct 20 02:33:39 UTC 2018 /home/travis/build/icyphy/ptII/ptolemy/domains/continuous/test/auto/ContinuousWithinContinuous2.xml
----------------- Instantiating /home/travis/build/icyphy/ptII/ptolemy/domains/continuous/test/auto/ContinuousWithinContinuous2.xml
80 ms. Memory: 872960K Free: 728674K (83%)
----------------- Invoking toplevel() on ptolemy.moml.MoMLSimpleApplication@6657cbfd
----------------- Done invoking toplevel() on ptolemy.moml.MoMLSimpleApplication@6657cbfd
reloadAllAccessors: .ContinuousWithinContinuous2

===========================================================================================
----------------- testing Sat Oct 20 02:33:39 UTC 2018 /home/travis/build/icyphy/ptII/ptolemy/domains/continuous/test/auto/ContinuousWithinContinuous3.xml
----------------- Instantiating /home/travis/build/icyphy/ptII/ptolemy/domains/continuous/test/auto/ContinuousWithinContinuous3.xml
13 ms. Memory: 872960K Free: 716877K (82%)
----------------- Invoking toplevel() on ptolemy.moml.MoMLSimpleApplication@5d9ef1f2
----------------- Done invoking toplevel() on ptolemy.moml.MoMLSimpleApplication@5d9ef1f2
reloadAllAccessors: .ContinuousWithinContinuous3

===========================================================================================
----------------- testing Sat Oct 20 02:33:39 UTC 2018 /home/travis/build/icyphy/ptII/ptolemy/domains/continuous/test/auto/ContinuousWithinContinuous4.xml
----------------- Instantiating /home/travis/build/icyphy/ptII/ptolemy/domains/continuous/test/auto/ContinuousWithinContinuous4.xml
74 ms. Memory: 872960K Free: 694923K (80%)
----------------- Invoking toplevel() on ptolemy.moml.MoMLSimpleApplication@283f7d7f
----------------- Done invoking toplevel() on ptolemy.moml.MoMLSimpleApplication@283f7d7f
reloadAllAccessors: .ContinuousWithinContinuous4

===========================================================================================
----------------- testing Sat Oct 20 02:33:39 UTC 2018 /home/travis/build/icyphy/ptII/ptolemy/domains/continuous/test/auto/ContinuousWithinContinuous5.xml
----------------- Instantiating /home/travis/build/icyphy/ptII/ptolemy/domains/continuous/test/auto/ContinuousWithinContinuous5.xml
12 ms. Memory: 872960K Free: 683142K (78%)
----------------- Invoking toplevel() on ptolemy.moml.MoMLSimpleApplication@33139a53
----------------- Done invoking toplevel() on ptolemy.moml.MoMLSimpleApplication@33139a53
reloadAllAccessors: .ContinuousWithinContinuous5

===========================================================================================
----------------- testing Sat Oct 20 02:33:39 UTC 2018 /home/travis/build/icyphy/ptII/ptolemy/domains/continuous/test/auto/ContinuousWithinContinuous6.xml
----------------- Instantiating /home/travis/build/icyphy/ptII/ptolemy/domains/continuous/test/auto/ContinuousWithinContinuous6.xml
15 ms. Memory: 872960K Free: 671344K (77%)
----------------- Invoking toplevel() on ptolemy.moml.MoMLSimpleApplication@388c5306
----------------- Done invoking toplevel() on ptolemy.moml.MoMLSimpleApplication@388c5306
reloadAllAccessors: .ContinuousWithinContinuous6

===========================================================================================
----------------- testing Sat Oct 20 02:33:39 UTC 2018 /home/travis/build/icyphy/ptII/ptolemy/domains/continuous/test/auto/ContinuousWithinContinuous7.xml
----------------- Instantiating /home/travis/build/icyphy/ptII/ptolemy/domains/continuous/test/auto/ContinuousWithinContinuous7.xml
58 ms. Memory: 872960K Free: 657260K (75%)
----------------- Invoking toplevel() on ptolemy.moml.MoMLSimpleApplication@4bc42788
----------------- Done invoking toplevel() on ptolemy.moml.MoMLSimpleApplication@4bc42788
reloadAllAccessors: .ContinuousWithinContinuous7

===========================================================================================
----------------- testing Sat Oct 20 02:33:40 UTC 2018 /home/travis/build/icyphy/ptII/ptolemy/domains/continuous/test/auto/DCMotor.xml
----------------- Instantiating /home/travis/build/icyphy/ptII/ptolemy/domains/continuous/test/auto/DCMotor.xml
12079 ms. Memory: 734208K Free: 167964K (23%)
----------------- Invoking toplevel() on ptolemy.moml.MoMLSimpleApplication@3c573881
----------------- Done invoking toplevel() on ptolemy.moml.MoMLSimpleApplication@3c573881
reloadAllAccessors: .DCMotor

===========================================================================================
----------------- testing Sat Oct 20 02:33:52 UTC 2018 /home/travis/build/icyphy/ptII/ptolemy/domains/continuous/test/auto/DEInContinuous.xml
----------------- Instantiating /home/travis/build/icyphy/ptII/ptolemy/domains/continuous/test/auto/DEInContinuous.xml
13 ms. Memory: 734208K Free: 151873K (21%)
----------------- Invoking toplevel() on ptolemy.moml.MoMLSimpleApplication@4dd177d2
----------------- Done invoking toplevel() on ptolemy.moml.MoMLSimpleApplication@4dd177d2
reloadAllAccessors: .DEInContinuous

===========================================================================================
----------------- testing Sat Oct 20 02:33:52 UTC 2018 /home/travis/build/icyphy/ptII/ptolemy/domains/continuous/test/auto/DEinContinuous2.xml
----------------- Instantiating /home/travis/build/icyphy/ptII/ptolemy/domains/continuous/test/auto/DEinContinuous2.xml
8 ms. Memory: 734208K Free: 137655K (19%)
----------------- Invoking toplevel() on ptolemy.moml.MoMLSimpleApplication@67825670
----------------- Done invoking toplevel() on ptolemy.moml.MoMLSimpleApplication@67825670
reloadAllAccessors: .DEinContinuous2

===========================================================================================
----------------- testing Sat Oct 20 02:33:52 UTC 2018 /home/travis/build/icyphy/ptII/ptolemy/domains/continuous/test/auto/Derivative.xml
----------------- Instantiating /home/travis/build/icyphy/ptII/ptolemy/domains/continuous/test/auto/Derivative.xml
158 ms. Memory: 734208K Free: 98830K (13%)
----------------- Invoking toplevel() on ptolemy.moml.MoMLSimpleApplication@3bc15a2a
----------------- Done invoking toplevel() on ptolemy.moml.MoMLSimpleApplication@3bc15a2a
reloadAllAccessors: .Derivative2

===========================================================================================
----------------- testing Sat Oct 20 02:33:52 UTC 2018 /home/travis/build/icyphy/ptII/ptolemy/domains/continuous/test/auto/Derivative1.xml
----------------- Instantiating /home/travis/build/icyphy/ptII/ptolemy/domains/continuous/test/auto/Derivative1.xml
22 ms. Memory: 734208K Free: 78135K (11%)
----------------- Invoking toplevel() on ptolemy.moml.MoMLSimpleApplication@367e6c0c
----------------- Done invoking toplevel() on ptolemy.moml.MoMLSimpleApplication@367e6c0c
reloadAllAccessors: .Derivative1

===========================================================================================
----------------- testing Sat Oct 20 02:33:52 UTC 2018 /home/travis/build/icyphy/ptII/ptolemy/domains/continuous/test/auto/DiscreteClock.xml
----------------- Instantiating /home/travis/build/icyphy/ptII/ptolemy/domains/continuous/test/auto/DiscreteClock.xml
5 ms. Memory: 696832K Free: 673713K (97%)
----------------- Invoking toplevel() on ptolemy.moml.MoMLSimpleApplication@434cb7fc
----------------- Done invoking toplevel() on ptolemy.moml.MoMLSimpleApplication@434cb7fc
reloadAllAccessors: .DiscreteClock

===========================================================================================
----------------- testing Sat Oct 20 02:33:52 UTC 2018 /home/travis/build/icyphy/ptII/ptolemy/domains/continuous/test/auto/EfficiencyCurve.xml
----------------- Instantiating /home/travis/build/icyphy/ptII/ptolemy/domains/continuous/test/auto/EfficiencyCurve.xml
59 ms. Memory: 696832K Free: 659750K (95%)
----------------- Invoking toplevel() on ptolemy.moml.MoMLSimpleApplication@1b7fabc6
----------------- Done invoking toplevel() on ptolemy.moml.MoMLSimpleApplication@1b7fabc6
reloadAllAccessors: .EfficiencyCurve

===========================================================================================
----------------- testing Sat Oct 20 02:33:52 UTC 2018 /home/travis/build/icyphy/ptII/ptolemy/domains/continuous/test/auto/ExponentialResponse.xml
----------------- Instantiating /home/travis/build/icyphy/ptII/ptolemy/domains/continuous/test/auto/ExponentialResponse.xml
99 ms. Memory: 696832K Free: 634306K (91%)
----------------- Invoking toplevel() on ptolemy.moml.MoMLSimpleApplication@b1b6898
----------------- Done invoking toplevel() on ptolemy.moml.MoMLSimpleApplication@b1b6898
reloadAllAccessors: .ExponentialResponse

===========================================================================================
----------------- testing Sat Oct 20 02:33:52 UTC 2018 /home/travis/build/icyphy/ptII/ptolemy/domains/continuous/test/auto/ExponentialResponseRK45.xml
----------------- Instantiating /home/travis/build/icyphy/ptII/ptolemy/domains/continuous/test/auto/ExponentialResponseRK45.xml
24 ms. Memory: 696832K Free: 621170K (89%)
----------------- Invoking toplevel() on ptolemy.moml.MoMLSimpleApplication@44ef34d4
----------------- Done invoking toplevel() on ptolemy.moml.MoMLSimpleApplication@44ef34d4
reloadAllAccessors: .ExponentialResponseRK45

===========================================================================================
----------------- testing Sat Oct 20 02:33:52 UTC 2018 /home/travis/build/icyphy/ptII/ptolemy/domains/continuous/test/auto/Friction.xml
----------------- Instantiating /home/travis/build/icyphy/ptII/ptolemy/domains/continuous/test/auto/Friction.xml
1335 ms. Memory: 696832K Free: 166593K (24%)
----------------- Invoking toplevel() on ptolemy.moml.MoMLSimpleApplication@37c71430
----------------- Done invoking toplevel() on ptolemy.moml.MoMLSimpleApplication@37c71430
reloadAllAccessors: .Friction

===========================================================================================
----------------- testing Sat Oct 20 02:33:54 UTC 2018 /home/travis/build/icyphy/ptII/ptolemy/domains/continuous/test/auto/FurutaPendulum.xml
----------------- Instantiating /home/travis/build/icyphy/ptII/ptolemy/domains/continuous/test/auto/FurutaPendulum.xml
2993 ms. Memory: 674304K Free: 261015K (39%)
----------------- Invoking toplevel() on ptolemy.moml.MoMLSimpleApplication@b149aa9
----------------- Done invoking toplevel() on ptolemy.moml.MoMLSimpleApplication@b149aa9
reloadAllAccessors: .FurutaPendulum

===========================================================================================
----------------- testing Sat Oct 20 02:33:57 UTC 2018 /home/travis/build/icyphy/ptII/ptolemy/domains/continuous/test/auto/HierarchicalExecution.xml
----------------- Instantiating /home/travis/build/icyphy/ptII/ptolemy/domains/continuous/test/auto/HierarchicalExecution.xml
1657 ms. Memory: 646656K Free: 507564K (78%)
----------------- Invoking toplevel() on ptolemy.moml.MoMLSimpleApplication@73430885
----------------- Done invoking toplevel() on ptolemy.moml.MoMLSimpleApplication@73430885
reloadAllAccessors: .HierarchicalExecution

===========================================================================================
----------------- testing Sat Oct 20 02:33:59 UTC 2018 /home/travis/build/icyphy/ptII/ptolemy/domains/continuous/test/auto/HybridPlant.xml
----------------- Instantiating /home/travis/build/icyphy/ptII/ptolemy/domains/continuous/test/auto/HybridPlant.xml
476 ms. Memory: 646656K Free: 232170K (36%)
----------------- Invoking toplevel() on ptolemy.moml.MoMLSimpleApplication@2a7157f5
----------------- Done invoking toplevel() on ptolemy.moml.MoMLSimpleApplication@2a7157f5
reloadAllAccessors: .HybridPlant

===========================================================================================
----------------- testing Sat Oct 20 02:33:59 UTC 2018 /home/travis/build/icyphy/ptII/ptolemy/domains/continuous/test/auto/Hysteresis.xml
----------------- Instantiating /home/travis/build/icyphy/ptII/ptolemy/domains/continuous/test/auto/Hysteresis.xml
118 ms. Memory: 646656K Free: 164315K (25%)
----------------- Invoking toplevel() on ptolemy.moml.MoMLSimpleApplication@2de4f185
----------------- Done invoking toplevel() on ptolemy.moml.MoMLSimpleApplication@2de4f185
reloadAllAccessors: .Hysteresis

===========================================================================================
----------------- testing Sat Oct 20 02:34:00 UTC 2018 /home/travis/build/icyphy/ptII/ptolemy/domains/continuous/test/auto/HysteresisWithRandomDelay.xml
----------------- Instantiating /home/travis/build/icyphy/ptII/ptolemy/domains/continuous/test/auto/HysteresisWithRandomDelay.xml
153 ms. Memory: 646656K Free: 84821K (13%)
----------------- Invoking toplevel() on ptolemy.moml.MoMLSimpleApplication@18029241
----------------- Done invoking toplevel() on ptolemy.moml.MoMLSimpleApplication@18029241
reloadAllAccessors: .HysteresisWithRandomDelay

===========================================================================================
----------------- testing Sat Oct 20 02:34:00 UTC 2018 /home/travis/build/icyphy/ptII/ptolemy/domains/continuous/test/auto/HysteresisWithRandomLosses.xml
----------------- Instantiating /home/travis/build/icyphy/ptII/ptolemy/domains/continuous/test/auto/HysteresisWithRandomLosses.xml
2159 ms. Memory: 589824K Free: 355076K (60%)
----------------- Invoking toplevel() on ptolemy.moml.MoMLSimpleApplication@11631fe9
----------------- Done invoking toplevel() on ptolemy.moml.MoMLSimpleApplication@11631fe9
reloadAllAccessors: .HysteresisWithRandomLosses

===========================================================================================
----------------- testing Sat Oct 20 02:34:02 UTC 2018 /home/travis/build/icyphy/ptII/ptolemy/domains/continuous/test/auto/ImmediateTransitions.xml
----------------- Instantiating /home/travis/build/icyphy/ptII/ptolemy/domains/continuous/test/auto/ImmediateTransitions.xml
18 ms. Memory: 589824K Free: 339667K (58%)
----------------- Invoking toplevel() on ptolemy.moml.MoMLSimpleApplication@1c8c886a
----------------- Done invoking toplevel() on ptolemy.moml.MoMLSimpleApplication@1c8c886a
reloadAllAccessors: .ImmediateTransitions

===========================================================================================
----------------- testing Sat Oct 20 02:34:02 UTC 2018 /home/travis/build/icyphy/ptII/ptolemy/domains/continuous/test/auto/ImpulseFeedback.xml
----------------- Instantiating /home/travis/build/icyphy/ptII/ptolemy/domains/continuous/test/auto/ImpulseFeedback.xml
11 ms. Memory: 589824K Free: 328616K (56%)
----------------- Invoking toplevel() on ptolemy.moml.MoMLSimpleApplication@69860dd8
----------------- Done invoking toplevel() on ptolemy.moml.MoMLSimpleApplication@69860dd8
reloadAllAccessors: .ImpulseFeedback

===========================================================================================
----------------- testing Sat Oct 20 02:34:02 UTC 2018 /home/travis/build/icyphy/ptII/ptolemy/domains/continuous/test/auto/ImpulseFeedback2.xml
----------------- Instantiating /home/travis/build/icyphy/ptII/ptolemy/domains/continuous/test/auto/ImpulseFeedback2.xml
6 ms. Memory: 589824K Free: 317565K (54%)
----------------- Invoking toplevel() on ptolemy.moml.MoMLSimpleApplication@4f98121
----------------- Done invoking toplevel() on ptolemy.moml.MoMLSimpleApplication@4f98121
reloadAllAccessors: .ImpulseFeedback2

===========================================================================================
----------------- testing Sat Oct 20 02:34:02 UTC 2018 /home/travis/build/icyphy/ptII/ptolemy/domains/continuous/test/auto/IncreasingRatePoisson.xml
----------------- Instantiating /home/travis/build/icyphy/ptII/ptolemy/domains/continuous/test/auto/IncreasingRatePoisson.xml
743 ms. Memory: 565248K Free: 461054K (82%)
----------------- Invoking toplevel() on ptolemy.moml.MoMLSimpleApplication@435fd836
----------------- Done invoking toplevel() on ptolemy.moml.MoMLSimpleApplication@435fd836
reloadAllAccessors: .IncreasingRatePoisson

===========================================================================================
----------------- testing Sat Oct 20 02:34:03 UTC 2018 /home/travis/build/icyphy/ptII/ptolemy/domains/continuous/test/auto/InitialStateFeedback.xml
----------------- Instantiating /home/travis/build/icyphy/ptII/ptolemy/domains/continuous/test/auto/InitialStateFeedback.xml
8 ms. Memory: 565248K Free: 451967K (80%)
----------------- Invoking toplevel() on ptolemy.moml.MoMLSimpleApplication@9611e10
----------------- Done invoking toplevel() on ptolemy.moml.MoMLSimpleApplication@9611e10
reloadAllAccessors: .InitialStateFeedback

===========================================================================================
----------------- testing Sat Oct 20 02:34:03 UTC 2018 /home/travis/build/icyphy/ptII/ptolemy/domains/continuous/test/auto/Integration.xml
----------------- Instantiating /home/travis/build/icyphy/ptII/ptolemy/domains/continuous/test/auto/Integration.xml
4 ms. Memory: 565248K Free: 444717K (79%)
----------------- Invoking toplevel() on ptolemy.moml.MoMLSimpleApplication@3a97192f
----------------- Done invoking toplevel() on ptolemy.moml.MoMLSimpleApplication@3a97192f
reloadAllAccessors: .Integration

===========================================================================================
----------------- testing Sat Oct 20 02:34:03 UTC 2018 /home/travis/build/icyphy/ptII/ptolemy/domains/continuous/test/auto/Integration2.xml
----------------- Instantiating /home/travis/build/icyphy/ptII/ptolemy/domains/continuous/test/auto/Integration2.xml
89 ms. Memory: 565248K Free: 424557K (75%)
----------------- Invoking toplevel() on ptolemy.moml.MoMLSimpleApplication@70717fb1
----------------- Done invoking toplevel() on ptolemy.moml.MoMLSimpleApplication@70717fb1
reloadAllAccessors: .Integration2

===========================================================================================
----------------- testing Sat Oct 20 02:34:03 UTC 2018 /home/travis/build/icyphy/ptII/ptolemy/domains/continuous/test/auto/Integration3.xml
----------------- Instantiating /home/travis/build/icyphy/ptII/ptolemy/domains/continuous/test/auto/Integration3.xml
2 ms. Memory: 565248K Free: 417148K (74%)
----------------- Invoking toplevel() on ptolemy.moml.MoMLSimpleApplication@da6b11e
----------------- Done invoking toplevel() on ptolemy.moml.MoMLSimpleApplication@da6b11e
reloadAllAccessors: .Integration3

===========================================================================================
----------------- testing Sat Oct 20 02:34:03 UTC 2018 /home/travis/build/icyphy/ptII/ptolemy/domains/continuous/test/auto/Integration5.xml
----------------- Instantiating /home/travis/build/icyphy/ptII/ptolemy/domains/continuous/test/auto/Integration5.xml
2 ms. Memory: 565248K Free: 409899K (73%)
----------------- Invoking toplevel() on ptolemy.moml.MoMLSimpleApplication@674ec055
----------------- Done invoking toplevel() on ptolemy.moml.MoMLSimpleApplication@674ec055
reloadAllAccessors: .Integration5

===========================================================================================
----------------- testing Sat Oct 20 02:34:03 UTC 2018 /home/travis/build/icyphy/ptII/ptolemy/domains/continuous/test/auto/IntegratorImpulse.xml
----------------- Instantiating /home/travis/build/icyphy/ptII/ptolemy/domains/continuous/test/auto/IntegratorImpulse.xml
2 ms. Memory: 565248K Free: 402489K (71%)
----------------- Invoking toplevel() on ptolemy.moml.MoMLSimpleApplication@2eee962a
----------------- Done invoking toplevel() on ptolemy.moml.MoMLSimpleApplication@2eee962a
reloadAllAccessors: .IntegratorImpulse

===========================================================================================
----------------- testing Sat Oct 20 02:34:03 UTC 2018 /home/travis/build/icyphy/ptII/ptolemy/domains/continuous/test/auto/IntegratorImpulse2.xml
----------------- Instantiating /home/travis/build/icyphy/ptII/ptolemy/domains/continuous/test/auto/IntegratorImpulse2.xml
3 ms. Memory: 565248K Free: 395239K (70%)
----------------- Invoking toplevel() on ptolemy.moml.MoMLSimpleApplication@20e34dec
----------------- Done invoking toplevel() on ptolemy.moml.MoMLSimpleApplication@20e34dec
reloadAllAccessors: .IntegratorImpulse2

===========================================================================================
----------------- testing Sat Oct 20 02:34:03 UTC 2018 /home/travis/build/icyphy/ptII/ptolemy/domains/continuous/test/auto/LevelCrossing1.xml
----------------- Instantiating /home/travis/build/icyphy/ptII/ptolemy/domains/continuous/test/auto/LevelCrossing1.xml
2 ms. Memory: 565248K Free: 384763K (68%)
----------------- Invoking toplevel() on ptolemy.moml.MoMLSimpleApplication@7212b83d
----------------- Done invoking toplevel() on ptolemy.moml.MoMLSimpleApplication@7212b83d
reloadAllAccessors: .LevelCrossing1

===========================================================================================
----------------- testing Sat Oct 20 02:34:03 UTC 2018 /home/travis/build/icyphy/ptII/ptolemy/domains/continuous/test/auto/LevelCrossing2.xml
----------------- Instantiating /home/travis/build/icyphy/ptII/ptolemy/domains/continuous/test/auto/LevelCrossing2.xml
3 ms. Memory: 565248K Free: 374120K (66%)
----------------- Invoking toplevel() on ptolemy.moml.MoMLSimpleApplication@d08df74
----------------- Done invoking toplevel() on ptolemy.moml.MoMLSimpleApplication@d08df74
reloadAllAccessors: .LevelCrossing2

===========================================================================================
----------------- testing Sat Oct 20 02:34:03 UTC 2018 /home/travis/build/icyphy/ptII/ptolemy/domains/continuous/test/auto/LevelCrossing3.xml
----------------- Instantiating /home/travis/build/icyphy/ptII/ptolemy/domains/continuous/test/auto/LevelCrossing3.xml
2 ms. Memory: 565248K Free: 363628K (64%)
----------------- Invoking toplevel() on ptolemy.moml.MoMLSimpleApplication@426165a3
----------------- Done invoking toplevel() on ptolemy.moml.MoMLSimpleApplication@426165a3
reloadAllAccessors: .LevelCrossing3

===========================================================================================
----------------- testing Sat Oct 20 02:34:03 UTC 2018 /home/travis/build/icyphy/ptII/ptolemy/domains/continuous/test/auto/LevelCrossing4.xml
----------------- Instantiating /home/travis/build/icyphy/ptII/ptolemy/domains/continuous/test/auto/LevelCrossing4.xml
4 ms. Memory: 565248K Free: 352977K (62%)
----------------- Invoking toplevel() on ptolemy.moml.MoMLSimpleApplication@4f1c64a8
----------------- Done invoking toplevel() on ptolemy.moml.MoMLSimpleApplication@4f1c64a8
reloadAllAccessors: .LevelCrossing4

===========================================================================================
----------------- testing Sat Oct 20 02:34:03 UTC 2018 /home/travis/build/icyphy/ptII/ptolemy/domains/continuous/test/auto/LevelCrossing5.xml
----------------- Instantiating /home/travis/build/icyphy/ptII/ptolemy/domains/continuous/test/auto/LevelCrossing5.xml
3 ms. Memory: 565248K Free: 342502K (61%)
----------------- Invoking toplevel() on ptolemy.moml.MoMLSimpleApplication@7b37919
----------------- Done invoking toplevel() on ptolemy.moml.MoMLSimpleApplication@7b37919
reloadAllAccessors: .LevelCrossing5

===========================================================================================
[...]
----------------- Instantiating /home/travis/build/icyphy/ptII/ptolemy/domains/continuous/test/auto/ResetTransitionWithStartTime6.xml
12 ms. Memory: 371200K Free: 192393K (52%)
----------------- Invoking toplevel() on ptolemy.moml.MoMLSimpleApplication@39fc2375
----------------- Done invoking toplevel() on ptolemy.moml.MoMLSimpleApplication@39fc2375
reloadAllAccessors: .ResetTransitionWithStartTime6

===========================================================================================
----------------- testing Sat Oct 20 02:34:20 UTC 2018 /home/travis/build/icyphy/ptII/ptolemy/domains/continuous/test/auto/SRinContinuous.xml
----------------- Instantiating /home/travis/build/icyphy/ptII/ptolemy/domains/continuous/test/auto/SRinContinuous.xml
5 ms. Memory: 371200K Free: 181774K (49%)
----------------- Invoking toplevel() on ptolemy.moml.MoMLSimpleApplication@7deda0f8
----------------- Done invoking toplevel() on ptolemy.moml.MoMLSimpleApplication@7deda0f8
reloadAllAccessors: .SRinContinuous

===========================================================================================
----------------- testing Sat Oct 20 02:34:20 UTC 2018 /home/travis/build/icyphy/ptII/ptolemy/domains/continuous/test/auto/SampledClocks.xml
----------------- Instantiating /home/travis/build/icyphy/ptII/ptolemy/domains/continuous/test/auto/SampledClocks.xml
9 ms. Memory: 371200K Free: 165369K (45%)
----------------- Invoking toplevel() on ptolemy.moml.MoMLSimpleApplication@44fc7ed8
----------------- Done invoking toplevel() on ptolemy.moml.MoMLSimpleApplication@44fc7ed8
reloadAllAccessors: .SampledClocks

===========================================================================================
----------------- testing Sat Oct 20 02:34:20 UTC 2018 /home/travis/build/icyphy/ptII/ptolemy/domains/continuous/test/auto/Satellite.xml
----------------- Instantiating /home/travis/build/icyphy/ptII/ptolemy/domains/continuous/test/auto/Satellite.xml
783 ms. Memory: 358400K Free: 259575K (72%)
----------------- Invoking toplevel() on ptolemy.moml.MoMLSimpleApplication@72bdb1c6
----------------- Done invoking toplevel() on ptolemy.moml.MoMLSimpleApplication@72bdb1c6
reloadAllAccessors: .Satellite

===========================================================================================
----------------- testing Sat Oct 20 02:34:21 UTC 2018 /home/travis/build/icyphy/ptII/ptolemy/domains/continuous/test/auto/SigmaDelta.xml
----------------- Instantiating /home/travis/build/icyphy/ptII/ptolemy/domains/continuous/test/auto/SigmaDelta.xml
2199 ms. Memory: 352256K Free: 150724K (43%)
----------------- Invoking toplevel() on ptolemy.moml.MoMLSimpleApplication@13201b3d
----------------- Done invoking toplevel() on ptolemy.moml.MoMLSimpleApplication@13201b3d
reloadAllAccessors: .SigmaDelta

===========================================================================================
----------------- testing Sat Oct 20 02:34:23 UTC 2018 /home/travis/build/icyphy/ptII/ptolemy/domains/continuous/test/auto/SingleRefinement.xml
----------------- Instantiating /home/travis/build/icyphy/ptII/ptolemy/domains/continuous/test/auto/SingleRefinement.xml
293 ms. Memory: 334848K Free: 209799K (63%)
----------------- Invoking toplevel() on ptolemy.moml.MoMLSimpleApplication@2f4625b7
----------------- Done invoking toplevel() on ptolemy.moml.MoMLSimpleApplication@2f4625b7
reloadAllAccessors: .SingleRefinement

===========================================================================================
----------------- testing Sat Oct 20 02:34:23 UTC 2018 /home/travis/build/icyphy/ptII/ptolemy/domains/continuous/test/auto/SinuBouncingBall.xml
----------------- Instantiating /home/travis/build/icyphy/ptII/ptolemy/domains/continuous/test/auto/SinuBouncingBall.xml
740 ms. Memory: 324608K Free: 226330K (70%)
----------------- Invoking toplevel() on ptolemy.moml.MoMLSimpleApplication@31986286
----------------- Done invoking toplevel() on ptolemy.moml.MoMLSimpleApplication@31986286
reloadAllAccessors: .SinuBouncingBall

===========================================================================================
----------------- testing Sat Oct 20 02:34:24 UTC 2018 /home/travis/build/icyphy/ptII/ptolemy/domains/continuous/test/auto/Sinusoid.xml
----------------- Instantiating /home/travis/build/icyphy/ptII/ptolemy/domains/continuous/test/auto/Sinusoid.xml
4 ms. Memory: 324608K Free: 219413K (68%)
----------------- Invoking toplevel() on ptolemy.moml.MoMLSimpleApplication@60462755
----------------- Done invoking toplevel() on ptolemy.moml.MoMLSimpleApplication@60462755
reloadAllAccessors: .Sinusoid

===========================================================================================
----------------- testing Sat Oct 20 02:34:24 UTC 2018 /home/travis/build/icyphy/ptII/ptolemy/domains/continuous/test/auto/SinusoidInNoise.xml
----------------- Instantiating /home/travis/build/icyphy/ptII/ptolemy/domains/continuous/test/auto/SinusoidInNoise.xml
860 ms. Memory: 324608K Free: 22151K (7%)
----------------- Invoking toplevel() on ptolemy.moml.MoMLSimpleApplication@7b2a1daf
----------------- Done invoking toplevel() on ptolemy.moml.MoMLSimpleApplication@7b2a1daf
reloadAllAccessors: .SinusoidInNoise

===========================================================================================
----------------- testing Sat Oct 20 02:34:25 UTC 2018 /home/travis/build/icyphy/ptII/ptolemy/domains/continuous/test/auto/SinusoidRK45.xml
----------------- Instantiating /home/travis/build/icyphy/ptII/ptolemy/domains/continuous/test/auto/SinusoidRK45.xml
2 ms. Memory: 312832K Free: 243984K (78%)
----------------- Invoking toplevel() on ptolemy.moml.MoMLSimpleApplication@1cab00c9
----------------- Done invoking toplevel() on ptolemy.moml.MoMLSimpleApplication@1cab00c9
reloadAllAccessors: .SinusoidRK45

===========================================================================================
----------------- testing Sat Oct 20 02:34:25 UTC 2018 /home/travis/build/icyphy/ptII/ptolemy/domains/continuous/test/auto/SinusoidWithMultipleImpulses.xml
----------------- Instantiating /home/travis/build/icyphy/ptII/ptolemy/domains/continuous/test/auto/SinusoidWithMultipleImpulses.xml
2 ms. Memory: 312832K Free: 236113K (75%)
----------------- Invoking toplevel() on ptolemy.moml.MoMLSimpleApplication@7d806344
----------------- Done invoking toplevel() on ptolemy.moml.MoMLSimpleApplication@7d806344
reloadAllAccessors: .SinusoidWithMultipleImpulses

===========================================================================================
----------------- testing Sat Oct 20 02:34:25 UTC 2018 /home/travis/build/icyphy/ptII/ptolemy/domains/continuous/test/auto/SquareWave.xml
----------------- Instantiating /home/travis/build/icyphy/ptII/ptolemy/domains/continuous/test/auto/SquareWave.xml
159 ms. Memory: 312832K Free: 200422K (64%)
----------------- Invoking toplevel() on ptolemy.moml.MoMLSimpleApplication@17d1da90
----------------- Done invoking toplevel() on ptolemy.moml.MoMLSimpleApplication@17d1da90
reloadAllAccessors: .SquareWave

===========================================================================================
----------------- testing Sat Oct 20 02:34:25 UTC 2018 /home/travis/build/icyphy/ptII/ptolemy/domains/continuous/test/auto/Starmac.xml
----------------- Instantiating /home/travis/build/icyphy/ptII/ptolemy/domains/continuous/test/auto/Starmac.xml
3048 ms. Memory: 375296K Free: 121249K (32%)
----------------- Invoking toplevel() on ptolemy.moml.MoMLSimpleApplication@37fb6b00
----------------- Done invoking toplevel() on ptolemy.moml.MoMLSimpleApplication@37fb6b00
reloadAllAccessors: .Starmac

===========================================================================================
----------------- testing Sat Oct 20 02:34:29 UTC 2018 /home/travis/build/icyphy/ptII/ptolemy/domains/continuous/test/auto/StaticUnits.xml
----------------- Instantiating /home/travis/build/icyphy/ptII/ptolemy/domains/continuous/test/auto/StaticUnits.xml
2033 ms. Memory: 345600K Free: 190141K (55%)
----------------- Invoking toplevel() on ptolemy.moml.MoMLSimpleApplication@2b665cbd
----------------- Done invoking toplevel() on ptolemy.moml.MoMLSimpleApplication@2b665cbd
reloadAllAccessors: .StaticUnits

===========================================================================================
----------------- testing Sat Oct 20 02:34:31 UTC 2018 /home/travis/build/icyphy/ptII/ptolemy/domains/continuous/test/auto/StickyMasses.xml
----------------- Instantiating /home/travis/build/icyphy/ptII/ptolemy/domains/continuous/test/auto/StickyMasses.xml
120 ms. Memory: 345600K Free: 132929K (38%)
----------------- Invoking toplevel() on ptolemy.moml.MoMLSimpleApplication@2e55a6c0
----------------- Done invoking toplevel() on ptolemy.moml.MoMLSimpleApplication@2e55a6c0
reloadAllAccessors: .StickyMasses

===========================================================================================
----------------- testing Sat Oct 20 02:34:31 UTC 2018 /home/travis/build/icyphy/ptII/ptolemy/domains/continuous/test/auto/StopTime.xml
----------------- Instantiating /home/travis/build/icyphy/ptII/ptolemy/domains/continuous/test/auto/StopTime.xml
46 ms. Memory: 345600K Free: 105530K (31%)
----------------- Invoking toplevel() on ptolemy.moml.MoMLSimpleApplication@6a257924
----------------- Done invoking toplevel() on ptolemy.moml.MoMLSimpleApplication@6a257924
reloadAllAccessors: .StopTime

===========================================================================================
----------------- testing Sat Oct 20 02:34:31 UTC 2018 /home/travis/build/icyphy/ptII/ptolemy/domains/continuous/test/auto/StopTime2.xml
----------------- Instantiating /home/travis/build/icyphy/ptII/ptolemy/domains/continuous/test/auto/StopTime2.xml
34 ms. Memory: 345600K Free: 79871K (23%)
----------------- Invoking toplevel() on ptolemy.moml.MoMLSimpleApplication@4f3476cb
----------------- Done invoking toplevel() on ptolemy.moml.MoMLSimpleApplication@4f3476cb
reloadAllAccessors: .StopTime2

===========================================================================================
----------------- testing Sat Oct 20 02:34:31 UTC 2018 /home/travis/build/icyphy/ptII/ptolemy/domains/continuous/test/auto/Switch.xml
----------------- Instantiating /home/travis/build/icyphy/ptII/ptolemy/domains/continuous/test/auto/Switch.xml
40 ms. Memory: 345600K Free: 52496K (15%)
----------------- Invoking toplevel() on ptolemy.moml.MoMLSimpleApplication@94c77ea
----------------- Done invoking toplevel() on ptolemy.moml.MoMLSimpleApplication@94c77ea
reloadAllAccessors: .Switch

===========================================================================================
----------------- testing Sat Oct 20 02:34:32 UTC 2018 /home/travis/build/icyphy/ptII/ptolemy/domains/continuous/test/auto/Thermostat.xml
----------------- Instantiating /home/travis/build/icyphy/ptII/ptolemy/domains/continuous/test/auto/Thermostat.xml
162 ms. Memory: 341504K Free: 236110K (69%)
----------------- Invoking toplevel() on ptolemy.moml.MoMLSimpleApplication@49c596f5
----------------- Done invoking toplevel() on ptolemy.moml.MoMLSimpleApplication@49c596f5
reloadAllAccessors: .Thermostat

===========================================================================================
----------------- testing Sat Oct 20 02:34:32 UTC 2018 /home/travis/build/icyphy/ptII/ptolemy/domains/continuous/test/auto/TimeDelay.xml
----------------- Instantiating /home/travis/build/icyphy/ptII/ptolemy/domains/continuous/test/auto/TimeDelay.xml
8 ms. Memory: 341504K Free: 229184K (67%)
----------------- Invoking toplevel() on ptolemy.moml.MoMLSimpleApplication@7d49c71b
----------------- Done invoking toplevel() on ptolemy.moml.MoMLSimpleApplication@7d49c71b
reloadAllAccessors: .TimeDelay

===========================================================================================
----------------- testing Sat Oct 20 02:34:32 UTC 2018 /home/travis/build/icyphy/ptII/ptolemy/domains/continuous/test/auto/TimeDelay2.xml
----------------- Instantiating /home/travis/build/icyphy/ptII/ptolemy/domains/continuous/test/auto/TimeDelay2.xml
7 ms. Memory: 341504K Free: 219887K (64%)
----------------- Invoking toplevel() on ptolemy.moml.MoMLSimpleApplication@5cca7595
----------------- Done invoking toplevel() on ptolemy.moml.MoMLSimpleApplication@5cca7595
reloadAllAccessors: .TimeDelay2

===========================================================================================
----------------- testing Sat Oct 20 02:34:32 UTC 2018 /home/travis/build/icyphy/ptII/ptolemy/domains/continuous/test/auto/TimeDelay3.xml
----------------- Instantiating /home/travis/build/icyphy/ptII/ptolemy/domains/continuous/test/auto/TimeDelay3.xml
5 ms. Memory: 341504K Free: 213900K (63%)
----------------- Invoking toplevel() on ptolemy.moml.MoMLSimpleApplication@3cee2c00
----------------- Done invoking toplevel() on ptolemy.moml.MoMLSimpleApplication@3cee2c00
reloadAllAccessors: .TimeDelay3

===========================================================================================
----------------- testing Sat Oct 20 02:34:32 UTC 2018 /home/travis/build/icyphy/ptII/ptolemy/domains/continuous/test/auto/TransferAbsentToInside.xml
----------------- Instantiating /home/travis/build/icyphy/ptII/ptolemy/domains/continuous/test/auto/TransferAbsentToInside.xml
24 ms. Memory: 341504K Free: 155539K (46%)
----------------- Invoking toplevel() on ptolemy.moml.MoMLSimpleApplication@43b62185
----------------- Done invoking toplevel() on ptolemy.moml.MoMLSimpleApplication@43b62185
reloadAllAccessors: .TransferAbsentToInside

===========================================================================================
----------------- testing Sat Oct 20 02:34:32 UTC 2018 /home/travis/build/icyphy/ptII/ptolemy/domains/continuous/test/auto/Transmission.xml
----------------- Instantiating /home/travis/build/icyphy/ptII/ptolemy/domains/continuous/test/auto/Transmission.xml
698 ms. Memory: 323584K Free: 150014K (46%)
----------------- Invoking toplevel() on ptolemy.moml.MoMLSimpleApplication@3cc5d824
----------------- Done invoking toplevel() on ptolemy.moml.MoMLSimpleApplication@3cc5d824
reloadAllAccessors: .Transmission

===========================================================================================
----------------- testing Sat Oct 20 02:34:33 UTC 2018 /home/travis/build/icyphy/ptII/ptolemy/domains/continuous/test/auto/TriggeredContinuousClock.xml
----------------- Instantiating /home/travis/build/icyphy/ptII/ptolemy/domains/continuous/test/auto/TriggeredContinuousClock.xml
30 ms. Memory: 323584K Free: 115734K (36%)
----------------- Invoking toplevel() on ptolemy.moml.MoMLSimpleApplication@3408a0d0
----------------- Done invoking toplevel() on ptolemy.moml.MoMLSimpleApplication@3408a0d0
reloadAllAccessors: .TriggeredContinuousClock

===========================================================================================
----------------- testing Sat Oct 20 02:34:33 UTC 2018 /home/travis/build/icyphy/ptII/ptolemy/domains/continuous/test/auto/TwoMachineInfiniteBusControl.xml
----------------- Instantiating /home/travis/build/icyphy/ptII/ptolemy/domains/continuous/test/auto/TwoMachineInfiniteBusControl.xml
2759 ms. Memory: 303104K Free: 10380K (3%)
----------------- Invoking toplevel() on ptolemy.moml.MoMLSimpleApplication@7bbfee12
----------------- Done invoking toplevel() on ptolemy.moml.MoMLSimpleApplication@7bbfee12
reloadAllAccessors: .TwoMachineInfiniteBusControl

===========================================================================================
----------------- testing Sat Oct 20 02:34:36 UTC 2018 /home/travis/build/icyphy/ptII/ptolemy/domains/continuous/test/auto/V2V.xml
----------------- Instantiating /home/travis/build/icyphy/ptII/ptolemy/domains/continuous/test/auto/V2V.xml
627 ms. Memory: 300032K Free: 34488K (11%)
----------------- Invoking toplevel() on ptolemy.moml.MoMLSimpleApplication@56300a6e
----------------- Done invoking toplevel() on ptolemy.moml.MoMLSimpleApplication@56300a6e
reloadAllAccessors: .V2V

===========================================================================================
----------------- testing Sat Oct 20 02:34:36 UTC 2018 /home/travis/build/icyphy/ptII/ptolemy/domains/continuous/test/auto/hierarchicalModalModel.xml
----------------- Instantiating /home/travis/build/icyphy/ptII/ptolemy/domains/continuous/test/auto/hierarchicalModalModel.xml
7 ms. Memory: 300032K Free: 16564K (6%)
----------------- Invoking toplevel() on ptolemy.moml.MoMLSimpleApplication@483336d1
----------------- Done invoking toplevel() on ptolemy.moml.MoMLSimpleApplication@483336d1
reloadAllAccessors: .hierarchicalModalModel

===========================================================================================
----------------- testing Sat Oct 20 02:34:36 UTC 2018 /home/travis/build/icyphy/ptII/ptolemy/domains/continuous/test/auto/hierarchicalModalModel1.xml
----------------- Instantiating /home/travis/build/icyphy/ptII/ptolemy/domains/continuous/test/auto/hierarchicalModalModel1.xml
7 ms. Memory: 284160K Free: 195339K (69%)
----------------- Invoking toplevel() on ptolemy.moml.MoMLSimpleApplication@6f13fad2
----------------- Done invoking toplevel() on ptolemy.moml.MoMLSimpleApplication@6f13fad2
reloadAllAccessors: .hierarchicalModalModel1

===========================================================================================
----------------- testing Sat Oct 20 02:34:36 UTC 2018 /home/travis/build/icyphy/ptII/ptolemy/domains/continuous/test/auto/hierarchicalModalModel2.xml
----------------- Instantiating /home/travis/build/icyphy/ptII/ptolemy/domains/continuous/test/auto/hierarchicalModalModel2.xml
6 ms. Memory: 284160K Free: 180831K (64%)
----------------- Invoking toplevel() on ptolemy.moml.MoMLSimpleApplication@25832dd7
----------------- Done invoking toplevel() on ptolemy.moml.MoMLSimpleApplication@25832dd7
reloadAllAccessors: .hierarchicalModalModel2

===========================================================================================
----------------- testing Sat Oct 20 02:34:36 UTC 2018 /home/travis/build/icyphy/ptII/ptolemy/domains/continuous/test/auto/hierarchicalModalModel3.xml
----------------- Instantiating /home/travis/build/icyphy/ptII/ptolemy/domains/continuous/test/auto/hierarchicalModalModel3.xml
7 ms. Memory: 284160K Free: 167714K (59%)
----------------- Invoking toplevel() on ptolemy.moml.MoMLSimpleApplication@267f6374
----------------- Done invoking toplevel() on ptolemy.moml.MoMLSimpleApplication@267f6374
reloadAllAccessors: .hierarchicalModalModel3

===========================================================================================
----------------- testing Sat Oct 20 02:34:36 UTC 2018 /home/travis/build/icyphy/ptII/ptolemy/domains/continuous/test/auto/hierarchicalModalModel4.xml
----------------- Instantiating /home/travis/build/icyphy/ptII/ptolemy/domains/continuous/test/auto/hierarchicalModalModel4.xml
4 ms. Memory: 284160K Free: 153179K (54%)
----------------- Invoking toplevel() on ptolemy.moml.MoMLSimpleApplication@420b551c
----------------- Done invoking toplevel() on ptolemy.moml.MoMLSimpleApplication@420b551c
reloadAllAccessors: .hierarchicalModalModel4

===========================================================================================
----------------- testing Sat Oct 20 02:34:36 UTC 2018 /home/travis/build/icyphy/ptII/ptolemy/domains/continuous/test/auto/junk.xml
----------------- Instantiating /home/travis/build/icyphy/ptII/ptolemy/domains/continuous/test/auto/junk.xml
133 ms. Memory: 284160K Free: 121201K (43%)
----------------- Invoking toplevel() on ptolemy.moml.MoMLSimpleApplication@31dea5c1
----------------- Done invoking toplevel() on ptolemy.moml.MoMLSimpleApplication@31dea5c1
reloadAllAccessors: .junk
AutoTests.java: About to close Vertx.
AutoTests.java: Vertx closed.
]]></system-out>
  <system-err><![CDATA[]]></system-err>
</testsuite>
