<?xml version="1.0" encoding="UTF-8" ?>
<testsuite errors="0" failures="0" hostname="travis-job-6fb5f9a7-35ea-4c5c-8f3b-0cf60340934a" name="ptolemy.domains.de.test.junit.JUnitTclTest" skipped="0" tests="101" time="122.043" timestamp="2020-09-13T15:40:10">
  <properties>
[...]
</properties>
  <testcase classname="ptolemy.util.test.junit.TclTests" name="[0] /home/travis/build/icyphy/ptII/ptolemy/domains/de/test/DependencyLoop.tcl (RunTclFile)" time="0.982" />
  <testcase classname="ptolemy.util.test.junit.TclTests" name="[1] /home/travis/build/icyphy/ptII/ptolemy/domains/de/test/RunDETestsAsQSS.tcl (RunTclFile)" time="83.017" />
  <testcase classname="ptolemy.util.test.junit.AutoKnownFailedTests" name="[0] /home/travis/build/icyphy/ptII/ptolemy/domains/de/test/auto/knownFailedTests/DESDFClockTest.xml (RunModel)" time="2.073" />
  <testcase classname="ptolemy.util.test.junit.AutoKnownFailedTests" name="[1] /home/travis/build/icyphy/ptII/ptolemy/domains/de/test/auto/knownFailedTests/DirectFeedback.xml (RunModel)" time="0.013" />
  <testcase classname="ptolemy.util.test.junit.AutoKnownFailedTests" name="[2] /home/travis/build/icyphy/ptII/ptolemy/domains/de/test/auto/knownFailedTests/FSMSource.xml (RunModel)" time="0.019" />
  <testcase classname="ptolemy.util.test.junit.AutoKnownFailedTests" name="[3] /home/travis/build/icyphy/ptII/ptolemy/domains/de/test/auto/knownFailedTests/HierarchicalModel.xml (RunModel)" time="0.057" />
  <testcase classname="ptolemy.util.test.junit.AutoKnownFailedTests" name="[4] /home/travis/build/icyphy/ptII/ptolemy/domains/de/test/auto/knownFailedTests/dependencyLoop.xml (RunModel)" time="0.046" />
  <testcase classname="ptolemy.util.test.junit.AutoKnownFailedTests" name="[5] /home/travis/build/icyphy/ptII/ptolemy/domains/de/test/auto/knownFailedTests/dependencyLoop2.xml (RunModel)" time="0.047" />
  <testcase classname="ptolemy.util.test.junit.AutoNameArchTests" name="[0] ThereAreNoAutoArchTests (RunModel)" time="0.001" />
  <testcase classname="ptolemy.util.test.junit.AutoTests" name="[0] /home/travis/build/icyphy/ptII/ptolemy/domains/de/test/auto/ActorDepthCalculation_actorWithoutPorts.xml (RunModel)" time="0.03" />
  <testcase classname="ptolemy.util.test.junit.AutoTests" name="[1] /home/travis/build/icyphy/ptII/ptolemy/domains/de/test/auto/AssemblyLine.xml (RunModel)" time="0.022" />
  <testcase classname="ptolemy.util.test.junit.AutoTests" name="[2] /home/travis/build/icyphy/ptII/ptolemy/domains/de/test/auto/CQBug1.xml (RunModel)" time="0.012" />
  <testcase classname="ptolemy.util.test.junit.AutoTests" name="[3] /home/travis/build/icyphy/ptII/ptolemy/domains/de/test/auto/CancelFireAt.xml (RunModel)" time="0.011" />
  <testcase classname="ptolemy.util.test.junit.AutoTests" name="[4] /home/travis/build/icyphy/ptII/ptolemy/domains/de/test/auto/CausalityAndComposabilityAnalysis.xml (RunModel)" time="0.012" />
  <testcase classname="ptolemy.util.test.junit.AutoTests" name="[5] /home/travis/build/icyphy/ptII/ptolemy/domains/de/test/auto/CausalityInterface1.xml (RunModel)" time="0.027" />
  <testcase classname="ptolemy.util.test.junit.AutoTests" name="[6] /home/travis/build/icyphy/ptII/ptolemy/domains/de/test/auto/CausalityInterface15.xml (RunModel)" time="0.016" />
  <testcase classname="ptolemy.util.test.junit.AutoTests" name="[7] /home/travis/build/icyphy/ptII/ptolemy/domains/de/test/auto/CausalityInterface2.xml (RunModel)" time="0.014" />
  <testcase classname="ptolemy.util.test.junit.AutoTests" name="[8] /home/travis/build/icyphy/ptII/ptolemy/domains/de/test/auto/CausalityInterface3.xml (RunModel)" time="0.012" />
  <testcase classname="ptolemy.util.test.junit.AutoTests" name="[9] /home/travis/build/icyphy/ptII/ptolemy/domains/de/test/auto/ClockDrift.xml (RunModel)" time="0.034" />
  <testcase classname="ptolemy.util.test.junit.AutoTests" name="[10] /home/travis/build/icyphy/ptII/ptolemy/domains/de/test/auto/ClockDriftAndValueChange.xml (RunModel)" time="0.032" />
  <testcase classname="ptolemy.util.test.junit.AutoTests" name="[11] /home/travis/build/icyphy/ptII/ptolemy/domains/de/test/auto/ClockDriftChange.xml (RunModel)" time="0.038" />
  <testcase classname="ptolemy.util.test.junit.AutoTests" name="[12] /home/travis/build/icyphy/ptII/ptolemy/domains/de/test/auto/ComposableCausalityAnalysis.xml (RunModel)" time="0.014" />
  <testcase classname="ptolemy.util.test.junit.AutoTests" name="[13] /home/travis/build/icyphy/ptII/ptolemy/domains/de/test/auto/DEFixedPointLimitation.xml (RunModel)" time="0.009" />
  <testcase classname="ptolemy.util.test.junit.AutoTests" name="[14] /home/travis/build/icyphy/ptII/ptolemy/domains/de/test/auto/DEScheduleTest.xml (RunModel)" time="0.017" />
  <testcase classname="ptolemy.util.test.junit.AutoTests" name="[15] /home/travis/build/icyphy/ptII/ptolemy/domains/de/test/auto/DEinDEwithStartTimes.xml (RunModel)" time="0.016" />
  <testcase classname="ptolemy.util.test.junit.AutoTests" name="[16] /home/travis/build/icyphy/ptII/ptolemy/domains/de/test/auto/DEinDEwithStartTimes2.xml (RunModel)" time="0.017" />
  <testcase classname="ptolemy.util.test.junit.AutoTests" name="[17] /home/travis/build/icyphy/ptII/ptolemy/domains/de/test/auto/DateDemo.xml (RunModel)" time="0.035" />
  <testcase classname="ptolemy.util.test.junit.AutoTests" name="[18] /home/travis/build/icyphy/ptII/ptolemy/domains/de/test/auto/DateToEvent.xml (RunModel)" time="2.052" />
  <testcase classname="ptolemy.util.test.junit.AutoTests" name="[19] /home/travis/build/icyphy/ptII/ptolemy/domains/de/test/auto/DepthTest1.xml (RunModel)" time="0.01" />
  <testcase classname="ptolemy.util.test.junit.AutoTests" name="[20] /home/travis/build/icyphy/ptII/ptolemy/domains/de/test/auto/DepthTest2.xml (RunModel)" time="0.024" />
  <testcase classname="ptolemy.util.test.junit.AutoTests" name="[21] /home/travis/build/icyphy/ptII/ptolemy/domains/de/test/auto/DepthTest3.xml (RunModel)" time="0.008" />
  <testcase classname="ptolemy.util.test.junit.AutoTests" name="[22] /home/travis/build/icyphy/ptII/ptolemy/domains/de/test/auto/DepthTest4.xml (RunModel)" time="0.013" />
  <testcase classname="ptolemy.util.test.junit.AutoTests" name="[23] /home/travis/build/icyphy/ptII/ptolemy/domains/de/test/auto/DepthTest5.xml (RunModel)" time="0.016" />
  <testcase classname="ptolemy.util.test.junit.AutoTests" name="[24] /home/travis/build/icyphy/ptII/ptolemy/domains/de/test/auto/DepthTest6.xml (RunModel)" time="0.015" />
  <testcase classname="ptolemy.util.test.junit.AutoTests" name="[25] /home/travis/build/icyphy/ptII/ptolemy/domains/de/test/auto/DepthTest7.xml (RunModel)" time="0.012" />
  <testcase classname="ptolemy.util.test.junit.AutoTests" name="[26] /home/travis/build/icyphy/ptII/ptolemy/domains/de/test/auto/EventToDate.xml (RunModel)" time="3.054" />
  <testcase classname="ptolemy.util.test.junit.AutoTests" name="[27] /home/travis/build/icyphy/ptII/ptolemy/domains/de/test/auto/FSM1.xml (RunModel)" time="0.045" />
  <testcase classname="ptolemy.util.test.junit.AutoTests" name="[28] /home/travis/build/icyphy/ptII/ptolemy/domains/de/test/auto/FSM7.xml (RunModel)" time="0.046" />
  <testcase classname="ptolemy.util.test.junit.AutoTests" name="[29] /home/travis/build/icyphy/ptII/ptolemy/domains/de/test/auto/Inspection.xml (RunModel)" time="0.04" />
  <testcase classname="ptolemy.util.test.junit.AutoTests" name="[30] /home/travis/build/icyphy/ptII/ptolemy/domains/de/test/auto/Iteration.xml (RunModel)" time="0.026" />
  <testcase classname="ptolemy.util.test.junit.AutoTests" name="[31] /home/travis/build/icyphy/ptII/ptolemy/domains/de/test/auto/LineFault.xml (RunModel)" time="0.497" />
  <testcase classname="ptolemy.util.test.junit.AutoTests" name="[32] /home/travis/build/icyphy/ptII/ptolemy/domains/de/test/auto/MergeModel1Add.xml (RunModel)" time="0.04" />
  <testcase classname="ptolemy.util.test.junit.AutoTests" name="[33] /home/travis/build/icyphy/ptII/ptolemy/domains/de/test/auto/MergeModel2Add.xml (RunModel)" time="0.039" />
  <testcase classname="ptolemy.util.test.junit.AutoTests" name="[34] /home/travis/build/icyphy/ptII/ptolemy/domains/de/test/auto/MergeModel3Add.xml (RunModel)" time="0.04" />
  <testcase classname="ptolemy.util.test.junit.AutoTests" name="[35] /home/travis/build/icyphy/ptII/ptolemy/domains/de/test/auto/MergeWithoutDiscard.xml (RunModel)" time="0.009" />
  <testcase classname="ptolemy.util.test.junit.AutoTests" name="[36] /home/travis/build/icyphy/ptII/ptolemy/domains/de/test/auto/Modal1.xml (RunModel)" time="0.034" />
  <testcase classname="ptolemy.util.test.junit.AutoTests" name="[37] /home/travis/build/icyphy/ptII/ptolemy/domains/de/test/auto/Modal2.xml (RunModel)" time="0.033" />
  <testcase classname="ptolemy.util.test.junit.AutoTests" name="[38] /home/travis/build/icyphy/ptII/ptolemy/domains/de/test/auto/Modal3.xml (RunModel)" time="0.028" />
  <testcase classname="ptolemy.util.test.junit.AutoTests" name="[39] /home/travis/build/icyphy/ptII/ptolemy/domains/de/test/auto/Modal4.xml (RunModel)" time="0.034" />
  <testcase classname="ptolemy.util.test.junit.AutoTests" name="[40] /home/travis/build/icyphy/ptII/ptolemy/domains/de/test/auto/Modal5.xml (RunModel)" time="0.026" />
  <testcase classname="ptolemy.util.test.junit.AutoTests" name="[41] /home/travis/build/icyphy/ptII/ptolemy/domains/de/test/auto/Modal6.xml (RunModel)" time="0.026" />
  <testcase classname="ptolemy.util.test.junit.AutoTests" name="[42] /home/travis/build/icyphy/ptII/ptolemy/domains/de/test/auto/Modal7.xml (RunModel)" time="0.026" />
  <testcase classname="ptolemy.util.test.junit.AutoTests" name="[43] /home/travis/build/icyphy/ptII/ptolemy/domains/de/test/auto/ModalModel.xml (RunModel)" time="0.167" />
  <testcase classname="ptolemy.util.test.junit.AutoTests" name="[44] /home/travis/build/icyphy/ptII/ptolemy/domains/de/test/auto/ModalSource.xml (RunModel)" time="0.027" />
  <testcase classname="ptolemy.util.test.junit.AutoTests" name="[45] /home/travis/build/icyphy/ptII/ptolemy/domains/de/test/auto/NonInterruptibleTimerZeroDelay.xml (RunModel)" time="0.01" />
  <testcase classname="ptolemy.util.test.junit.AutoTests" name="[46] /home/travis/build/icyphy/ptII/ptolemy/domains/de/test/auto/OpenQueueingNetwork.xml (RunModel)" time="2.304" />
  <testcase classname="ptolemy.util.test.junit.AutoTests" name="[47] /home/travis/build/icyphy/ptII/ptolemy/domains/de/test/auto/OpenQueuingNetwork.xml (RunModel)" time="0.3" />
  <testcase classname="ptolemy.util.test.junit.AutoTests" name="[48] /home/travis/build/icyphy/ptII/ptolemy/domains/de/test/auto/PeriodicSampler.xml (RunModel)" time="0.01" />
  <testcase classname="ptolemy.util.test.junit.AutoTests" name="[49] /home/travis/build/icyphy/ptII/ptolemy/domains/de/test/auto/PersistentIO.xml (RunModel)" time="0.024" />
  <testcase classname="ptolemy.util.test.junit.AutoTests" name="[50] /home/travis/build/icyphy/ptII/ptolemy/domains/de/test/auto/PortParameterResetOnInitialize.xml (RunModel)" time="0.014" />
  <testcase classname="ptolemy.util.test.junit.AutoTests" name="[51] /home/travis/build/icyphy/ptII/ptolemy/domains/de/test/auto/PortParameterUpdates.xml (RunModel)" time="0.014" />
  <testcase classname="ptolemy.util.test.junit.AutoTests" name="[52] /home/travis/build/icyphy/ptII/ptolemy/domains/de/test/auto/QueueAndServer.xml (RunModel)" time="0.021" />
  <testcase classname="ptolemy.util.test.junit.AutoTests" name="[53] /home/travis/build/icyphy/ptII/ptolemy/domains/de/test/auto/Records.xml (RunModel)" time="0.015" />
  <testcase classname="ptolemy.util.test.junit.AutoTests" name="[54] /home/travis/build/icyphy/ptII/ptolemy/domains/de/test/auto/ResetTransitionWithStartTime1.xml (RunModel)" time="0.024" />
  <testcase classname="ptolemy.util.test.junit.AutoTests" name="[55] /home/travis/build/icyphy/ptII/ptolemy/domains/de/test/auto/ResetTransitionWithStartTime2.xml (RunModel)" time="0.022" />
  <testcase classname="ptolemy.util.test.junit.AutoTests" name="[56] /home/travis/build/icyphy/ptII/ptolemy/domains/de/test/auto/ResetTransitionWithStartTime3.xml (RunModel)" time="0.019" />
  <testcase classname="ptolemy.util.test.junit.AutoTests" name="[57] /home/travis/build/icyphy/ptII/ptolemy/domains/de/test/auto/ResetTransitionWithStartTime4.xml (RunModel)" time="0.018" />
  <testcase classname="ptolemy.util.test.junit.AutoTests" name="[58] /home/travis/build/icyphy/ptII/ptolemy/domains/de/test/auto/ResettableTimer1.xml (RunModel)" time="0.01" />
  <testcase classname="ptolemy.util.test.junit.AutoTests" name="[59] /home/travis/build/icyphy/ptII/ptolemy/domains/de/test/auto/ResettableTimer2.xml (RunModel)" time="0.009" />
  <testcase classname="ptolemy.util.test.junit.AutoTests" name="[60] /home/travis/build/icyphy/ptII/ptolemy/domains/de/test/auto/ResettableTimer3.xml (RunModel)" time="0.009" />
  <testcase classname="ptolemy.util.test.junit.AutoTests" name="[61] /home/travis/build/icyphy/ptII/ptolemy/domains/de/test/auto/ResettableTimer4.xml (RunModel)" time="0.01" />
  <testcase classname="ptolemy.util.test.junit.AutoTests" name="[62] /home/travis/build/icyphy/ptII/ptolemy/domains/de/test/auto/ResettableTimer5.xml (RunModel)" time="0.008" />
  <testcase classname="ptolemy.util.test.junit.AutoTests" name="[63] /home/travis/build/icyphy/ptII/ptolemy/domains/de/test/auto/ResettableTimer6.xml (RunModel)" time="0.016" />
  <testcase classname="ptolemy.util.test.junit.AutoTests" name="[64] /home/travis/build/icyphy/ptII/ptolemy/domains/de/test/auto/ServerZeroDelay.xml (RunModel)" time="0.01" />
  <testcase classname="ptolemy.util.test.junit.AutoTests" name="[65] /home/travis/build/icyphy/ptII/ptolemy/domains/de/test/auto/SmartSender.xml (RunModel)" time="3.008" />
  <testcase classname="ptolemy.util.test.junit.AutoTests" name="[66] /home/travis/build/icyphy/ptII/ptolemy/domains/de/test/auto/ThreadedComposite.xml (RunModel)" time="0.113" />
  <testcase classname="ptolemy.util.test.junit.AutoTests" name="[67] /home/travis/build/icyphy/ptII/ptolemy/domains/de/test/auto/Time.xml (RunModel)" time="0.344" />
  <testcase classname="ptolemy.util.test.junit.AutoTests" name="[68] /home/travis/build/icyphy/ptII/ptolemy/domains/de/test/auto/TimeDelayZeroDelay.xml (RunModel)" time="0.013" />
  <testcase classname="ptolemy.util.test.junit.AutoTests" name="[69] /home/travis/build/icyphy/ptII/ptolemy/domains/de/test/auto/TimerZeroDelay.xml (RunModel)" time="0.008" />
  <testcase classname="ptolemy.util.test.junit.AutoTests" name="[70] /home/travis/build/icyphy/ptII/ptolemy/domains/de/test/auto/TimingParadox.xml (RunModel)" time="0.296" />
  <testcase classname="ptolemy.util.test.junit.AutoTests" name="[71] /home/travis/build/icyphy/ptII/ptolemy/domains/de/test/auto/TransferInputs.xml (RunModel)" time="0.018" />
  <testcase classname="ptolemy.util.test.junit.AutoTests" name="[72] /home/travis/build/icyphy/ptII/ptolemy/domains/de/test/auto/TransferOutputs2.xml (RunModel)" time="0.016" />
  <testcase classname="ptolemy.util.test.junit.AutoTests" name="[73] /home/travis/build/icyphy/ptII/ptolemy/domains/de/test/auto/Trilateration.xml (RunModel)" time="9.975" />
  <testcase classname="ptolemy.util.test.junit.AutoTests" name="[74] /home/travis/build/icyphy/ptII/ptolemy/domains/de/test/auto/TwoSigmaDelta.xml (RunModel)" time="1.794" />
  <testcase classname="ptolemy.util.test.junit.AutoTests" name="[75] /home/travis/build/icyphy/ptII/ptolemy/domains/de/test/auto/VariableDelay.xml (RunModel)" time="0.023" />
  <testcase classname="ptolemy.util.test.junit.AutoTests" name="[76] /home/travis/build/icyphy/ptII/ptolemy/domains/de/test/auto/VariableDelay2.xml (RunModel)" time="0.014" />
  <testcase classname="ptolemy.util.test.junit.AutoTests" name="[77] /home/travis/build/icyphy/ptII/ptolemy/domains/de/test/auto/VariableDelayZeroDelay.xml (RunModel)" time="0.014" />
  <testcase classname="ptolemy.util.test.junit.AutoTests" name="[78] /home/travis/build/icyphy/ptII/ptolemy/domains/de/test/auto/VariableDelayZeroDelay2.xml (RunModel)" time="0.01" />
  <testcase classname="ptolemy.util.test.junit.AutoTests" name="[79] /home/travis/build/icyphy/ptII/ptolemy/domains/de/test/auto/deInCt.xml (RunModel)" time="0.015" />
  <testcase classname="ptolemy.util.test.junit.AutoTests" name="[80] /home/travis/build/icyphy/ptII/ptolemy/domains/de/test/auto/deInCt2.xml (RunModel)" time="0.015" />
  <testcase classname="ptolemy.util.test.junit.AutoTests" name="[81] /home/travis/build/icyphy/ptII/ptolemy/domains/de/test/auto/dynamicCausalityInterface1.xml (RunModel)" time="0.017" />
  <testcase classname="ptolemy.util.test.junit.AutoTests" name="[82] /home/travis/build/icyphy/ptII/ptolemy/domains/de/test/auto/fsm_de_test.xml (RunModel)" time="0.022" />
  <testcase classname="ptolemy.util.test.junit.AutoTests" name="[83] /home/travis/build/icyphy/ptII/ptolemy/domains/de/test/auto/functionDependencyReconstruction.xml (RunModel)" time="0.03" />
  <testcase classname="ptolemy.util.test.junit.AutoTests" name="[84] /home/travis/build/icyphy/ptII/ptolemy/domains/de/test/auto/multirate.xml (RunModel)" time="0.014" />
  <testcase classname="ptolemy.util.test.junit.AutoTests" name="[85] /home/travis/build/icyphy/ptII/ptolemy/domains/de/test/auto/multirate2.xml (RunModel)" time="0.016" />
  <testcase classname="ptolemy.util.test.junit.AutoTests" name="[86] /home/travis/build/icyphy/ptII/ptolemy/domains/de/test/auto/realtime.xml (RunModel)" time="10.009" />
  <testcase classname="ptolemy.util.test.junit.AutoTests" name="[87] /home/travis/build/icyphy/ptII/ptolemy/domains/de/test/auto/relationGroup.xml (RunModel)" time="0.007" />
  <testcase classname="ptolemy.util.test.junit.AutoTests" name="[88] /home/travis/build/icyphy/ptII/ptolemy/domains/de/test/auto/relationGroup2.xml (RunModel)" time="0.008" />
  <testcase classname="ptolemy.util.test.junit.AutoTests" name="[89] /home/travis/build/icyphy/ptII/ptolemy/domains/de/test/auto/sortWithOpaquePorts.xml (RunModel)" time="0.014" />
  <testcase classname="ptolemy.util.test.junit.AutoTests" name="[90] /home/travis/build/icyphy/ptII/ptolemy/domains/de/test/auto/transferInputsandOutputs.xml (RunModel)" time="0.016" />
  <testcase classname="ptolemy.util.test.junit.AutoTests" name="[91] /home/travis/build/icyphy/ptII/ptolemy/domains/de/test/auto/triggerType.xml (RunModel)" time="0.015" />
  <system-out><![CDATA[/home/travis/build/icyphy/ptII/ptolemy/domains/de/test/DependencyLoop.tcl
testDefs.tcl: setting time out to 9000 seconds at Sun Sep 13 15:40:10 UTC 2020
89 ms. Memory: 129024K Free: 78792K (61%)
30 ms. Memory: 129024K Free: 61384K (48%)
/home/travis/build/icyphy/ptII/ptolemy/domains/de/test/RunDETestsAsQSS.tcl
Run the DE tests using ptolemy.domains.qss.test.QSSDirectorTest, which extends QSSDirector and prints a message in the constructors.
------------------ testing $PTII/ptolemy/domains/de/test/auto/knownFailedTests/DirectFeedback.xml (Known Failure) 
58 ms. Memory: 129024K Free: 55750K (43%)


==== $PTIIhome/travis/build/icyphy/ptII/ptolemy/domains/de/test/../../../../: Auto Automatic test in file $PTII/ptolemy/domains/de/test/auto/knownFailedTests/DirectFeedback.xml
==== Contents of test case:

	    # FIXME: we should use $relativeFilename here, but it
	    # might have backslashes under Windows, which causes no end
	    # of trouble.
	    createAndExecute $file
	    list {}
	
.... Test generated KNOWN error:
    while executing
ptolemy.kernel.util.IllegalActionException: Test fails in iteration 1.
Value was: 1.0. Should have been: 2.0
  in .DirectFeedback.Test
	at ptolemy.actor.lib.Test.fire(Test.java:268)
	at ptolemy.domains.de.kernel.DEDirector._fire(DEDirector.java:1949)
	at ptolemy.domains.de.kernel.DEDirector.fire(DEDirector.java:502)
	at ptolemy.actor.CompositeActor.fire(CompositeActor.java:455)
	at ptolemy.actor.Manager.iterate(Manager.java:851)
	at ptolemy.actor.Manager.execute(Manager.java:369)
	at ptolemy.actor.Manager.run(Manager.java:1263)
	at ptolemy.actor.Manager$PtolemyRunThread.run(Manager.java:1933)

    while executing
ptolemy.kernel.util.IllegalActionException: Test fails in iteration 1.
Value was: 1.0. Should have been: 2.0
  in .DirectFeedback.Test
    while executing
"java::new ptolemy.moml.MoMLSimpleApplication $file
"
    (procedure "createAndExecute" line 2)
    invoked from within
"createAndExecute $file"
    ("uplevel" body line 5)
    invoked from within
"uplevel $contents_of_test"
------------------ testing $PTII/ptolemy/domains/de/test/auto/knownFailedTests/dependencyLoop.xml (Known Failure) 
13 ms. Memory: 129024K Free: 52678K (41%)


==== $PTIIhome/travis/build/icyphy/ptII/ptolemy/domains/de/test/../../../../: Auto Automatic test in file $PTII/ptolemy/domains/de/test/auto/knownFailedTests/dependencyLoop.xml
==== Contents of test case:

	    # FIXME: we should use $relativeFilename here, but it
	    # might have backslashes under Windows, which causes no end
	    # of trouble.
	    createAndExecute $file
	    list {}
	
.... Test generated KNOWN error:
    while executing
ptolemy.kernel.util.IllegalActionException: Found a zero delay loop containing .dependencyLoop.original
  in .dependencyLoop and .dependencyLoop.original
	at ptolemy.actor.util.CausalityInterfaceForComposites._computeOutputPortDepth(CausalityInterfaceForComposites.java:759)
	at ptolemy.actor.util.CausalityInterfaceForComposites._computeInputDepth(CausalityInterfaceForComposites.java:696)
	at ptolemy.actor.util.CausalityInterfaceForComposites._computeOutputPortDepth(CausalityInterfaceForComposites.java:765)
	at ptolemy.actor.util.CausalityInterfaceForComposites._computeInputDepth(CausalityInterfaceForComposites.java:696)
	at ptolemy.actor.util.CausalityInterfaceForComposites._computeOutputPortDepth(CausalityInterfaceForComposites.java:765)
	at ptolemy.actor.util.CausalityInterfaceForComposites._computeInputDepth(CausalityInterfaceForComposites.java:696)
	at ptolemy.actor.util.CausalityInterfaceForComposites._computeActorDepth(CausalityInterfaceForComposites.java:532)
	at ptolemy.actor.util.CausalityInterfaceForComposites.checkForCycles(CausalityInterfaceForComposites.java:96)
	at ptolemy.domains.de.kernel.DEDirector.preinitialize(DEDirector.java:1338)
	at ptolemy.actor.CompositeActor.preinitialize(CompositeActor.java:1828)
	at ptolemy.actor.Manager.preinitializeAndResolveTypes(Manager.java:1040)
	at ptolemy.actor.Manager.initialize(Manager.java:710)
	at ptolemy.actor.Manager.execute(Manager.java:356)
	at ptolemy.actor.Manager.run(Manager.java:1263)
	at ptolemy.actor.Manager$PtolemyRunThread.run(Manager.java:1933)

    while executing
ptolemy.kernel.util.IllegalActionException: Found a zero delay loop containing .dependencyLoop.original
  in .dependencyLoop and .dependencyLoop.original
    while executing
"java::new ptolemy.moml.MoMLSimpleApplication $file
"
    (procedure "createAndExecute" line 2)
    invoked from within
"createAndExecute $file"
    ("uplevel" body line 5)
    invoked from within
"uplevel $contents_of_test"
------------------ testing $PTII/ptolemy/domains/de/test/auto/knownFailedTests/FSMSource.xml (Known Failure) 
67 ms. Memory: 129024K Free: 110979K (86%)
!!!! Auto was marked as failing, but now passes
------------------ testing $PTII/ptolemy/domains/de/test/auto/knownFailedTests/HierarchicalModel.xml (Known Failure) 
11 ms. Memory: 129024K Free: 92835K (72%)


==== $PTIIhome/travis/build/icyphy/ptII/ptolemy/domains/de/test/../../../../: Auto Automatic test in file $PTII/ptolemy/domains/de/test/auto/knownFailedTests/HierarchicalModel.xml
==== Contents of test case:

	    # FIXME: we should use $relativeFilename here, but it
	    # might have backslashes under Windows, which causes no end
	    # of trouble.
	    createAndExecute $file
	    list {}
	
.... Test generated KNOWN error:
    while executing
ptolemy.kernel.util.IllegalActionException: Found a zero delay loop containing .HierarchicalModel.A
  in .HierarchicalModel and .HierarchicalModel.A
	at ptolemy.actor.util.CausalityInterfaceForComposites._computeOutputPortDepth(CausalityInterfaceForComposites.java:759)
	at ptolemy.actor.util.CausalityInterfaceForComposites._computeInputDepth(CausalityInterfaceForComposites.java:696)
	at ptolemy.actor.util.CausalityInterfaceForComposites._computeOutputPortDepth(CausalityInterfaceForComposites.java:765)
	at ptolemy.actor.util.CausalityInterfaceForComposites._computeInputDepth(CausalityInterfaceForComposites.java:696)
	at ptolemy.actor.util.CausalityInterfaceForComposites._computeOutputPortDepth(CausalityInterfaceForComposites.java:765)
	at ptolemy.actor.util.CausalityInterfaceForComposites._computeInputDepth(CausalityInterfaceForComposites.java:696)
	at ptolemy.actor.util.CausalityInterfaceForComposites._computeActorDepth(CausalityInterfaceForComposites.java:532)
	at ptolemy.actor.util.CausalityInterfaceForComposites.checkForCycles(CausalityInterfaceForComposites.java:96)
	at ptolemy.domains.de.kernel.DEDirector.preinitialize(DEDirector.java:1338)
	at ptolemy.actor.CompositeActor.preinitialize(CompositeActor.java:1828)
	at ptolemy.actor.Manager.preinitializeAndResolveTypes(Manager.java:1040)
	at ptolemy.actor.Manager.initialize(Manager.java:710)
	at ptolemy.actor.Manager.execute(Manager.java:356)
	at ptolemy.actor.Manager.run(Manager.java:1263)
	at ptolemy.actor.Manager$PtolemyRunThread.run(Manager.java:1933)

    while executing
ptolemy.kernel.util.IllegalActionException: Found a zero delay loop containing .HierarchicalModel.A
  in .HierarchicalModel and .HierarchicalModel.A
    while executing
"java::new ptolemy.moml.MoMLSimpleApplication $file
"
    (procedure "createAndExecute" line 2)
    invoked from within
"createAndExecute $file"
    ("uplevel" body line 5)
    invoked from within
"uplevel $contents_of_test"
------------------ testing $PTII/ptolemy/domains/de/test/auto/knownFailedTests/dependencyLoop2.xml (Known Failure) 
5 ms. Memory: 129024K Free: 76987K (60%)


==== $PTIIhome/travis/build/icyphy/ptII/ptolemy/domains/de/test/../../../../: Auto Automatic test in file $PTII/ptolemy/domains/de/test/auto/knownFailedTests/dependencyLoop2.xml
==== Contents of test case:

	    # FIXME: we should use $relativeFilename here, but it
	    # might have backslashes under Windows, which causes no end
	    # of trouble.
	    createAndExecute $file
	    list {}
	
.... Test generated KNOWN error:
    while executing
ptolemy.kernel.util.IllegalActionException: Found a zero delay loop containing .dependencyLoop2.original
  in .dependencyLoop2 and .dependencyLoop2.original
	at ptolemy.actor.util.CausalityInterfaceForComposites._computeOutputPortDepth(CausalityInterfaceForComposites.java:759)
	at ptolemy.actor.util.CausalityInterfaceForComposites._computeInputDepth(CausalityInterfaceForComposites.java:696)
	at ptolemy.actor.util.CausalityInterfaceForComposites._computeOutputPortDepth(CausalityInterfaceForComposites.java:765)
	at ptolemy.actor.util.CausalityInterfaceForComposites._computeInputDepth(CausalityInterfaceForComposites.java:696)
	at ptolemy.actor.util.CausalityInterfaceForComposites._computeOutputPortDepth(CausalityInterfaceForComposites.java:765)
	at ptolemy.actor.util.CausalityInterfaceForComposites._computeInputDepth(CausalityInterfaceForComposites.java:696)
	at ptolemy.actor.util.CausalityInterfaceForComposites._computeActorDepth(CausalityInterfaceForComposites.java:532)
	at ptolemy.actor.util.CausalityInterfaceForComposites.checkForCycles(CausalityInterfaceForComposites.java:96)
	at ptolemy.domains.de.kernel.DEDirector.preinitialize(DEDirector.java:1338)
	at ptolemy.actor.CompositeActor.preinitialize(CompositeActor.java:1828)
	at ptolemy.actor.Manager.preinitializeAndResolveTypes(Manager.java:1040)
	at ptolemy.actor.Manager.initialize(Manager.java:710)
	at ptolemy.actor.Manager.execute(Manager.java:356)
	at ptolemy.actor.Manager.run(Manager.java:1263)
	at ptolemy.actor.Manager$PtolemyRunThread.run(Manager.java:1933)

    while executing
ptolemy.kernel.util.IllegalActionException: Found a zero delay loop containing .dependencyLoop2.original
  in .dependencyLoop2 and .dependencyLoop2.original
    while executing
"java::new ptolemy.moml.MoMLSimpleApplication $file
"
    (procedure "createAndExecute" line 2)
    invoked from within
"createAndExecute $file"
    ("uplevel" body line 5)
    invoked from within
"uplevel $contents_of_test"
------------------ testing $PTII/ptolemy/domains/de/test/auto/knownFailedTests/DESDFClockTest.xml (Known Failure) 
2039 ms. Memory: 129024K Free: 107786K (84%)


==== $PTIIhome/travis/build/icyphy/ptII/ptolemy/domains/de/test/../../../../: Auto Automatic test in file $PTII/ptolemy/domains/de/test/auto/knownFailedTests/DESDFClockTest.xml
==== Contents of test case:

	    # FIXME: we should use $relativeFilename here, but it
	    # might have backslashes under Windows, which causes no end
	    # of trouble.
	    createAndExecute $file
	    list {}
	
.... Test generated KNOWN error:
    while executing
ptolemy.kernel.util.IllegalActionException: Actor is not ready to fire.  Perhaps UpSample.prefire() returned false? Try debugging the actor by selecting "Listen to Actor".  Also, for SDF check moml for tokenConsumptionRate on input.
  in .DESDFClockTest.Play Bell.Copy1:SDF Director and .DESDFClockTest.Play Bell.UpSample
	at ptolemy.actor.sched.StaticSchedulingDirector.fire(StaticSchedulingDirector.java:227)
	at ptolemy.domains.sdf.kernel.SDFDirector.fire(SDFDirector.java:500)
	at ptolemy.actor.CompositeActor.fire(CompositeActor.java:455)
	at ptolemy.domains.de.kernel.DEDirector._fire(DEDirector.java:1949)
	at ptolemy.domains.de.kernel.DEDirector.fire(DEDirector.java:502)
	at ptolemy.actor.CompositeActor.fire(CompositeActor.java:455)
	at ptolemy.actor.Manager.iterate(Manager.java:851)
	at ptolemy.actor.Manager.execute(Manager.java:369)
	at ptolemy.actor.Manager.run(Manager.java:1263)
	at ptolemy.actor.Manager$PtolemyRunThread.run(Manager.java:1933)

    while executing
ptolemy.kernel.util.IllegalActionException: Actor is not ready to fire.  Perhaps UpSample.prefire() returned false? Try debugging the actor by selecting "Listen to Actor".  Also, for SDF check moml for tokenConsumptionRate on input.
  in .DESDFClockTest.Play Bell.Copy1:SDF Director and .DESDFClockTest.Play Bell.UpSample
    while executing
"java::new ptolemy.moml.MoMLSimpleApplication $file
"
    (procedure "createAndExecute" line 2)
    invoked from within
"createAndExecute $file"
    ("uplevel" body line 5)
    invoked from within
"uplevel $contents_of_test"
------------------ testing $PTII/ptolemy/domains/de/test/auto/ActorDepthCalculation_actorWithoutPorts.xml
auto.tcl: Setting watchdog for 200 seconds at Sun Sep 13 15:40:14 UTC 2020
7 ms. Memory: 129024K Free: 100108K (78%)
ptolemy.util.test.WatchDog.cancel(): canceling Sun Sep 13 15:40:14 UTC 2020
auto.tcl: Setting watchdog for 200 seconds at Sun Sep 13 15:40:14 UTC 2020
4 ms. Memory: 129024K Free: 98556K (76%)
ptolemy.util.test.WatchDog.cancel(): canceling Sun Sep 13 15:40:14 UTC 2020
------------------ testing $PTII/ptolemy/domains/de/test/auto/AssemblyLine.xml
auto.tcl: Setting watchdog for 200 seconds at Sun Sep 13 15:40:14 UTC 2020
17 ms. Memory: 51200K Free: 27487K (54%)
ptolemy.util.test.WatchDog.cancel(): canceling Sun Sep 13 15:40:14 UTC 2020
auto.tcl: Setting watchdog for 200 seconds at Sun Sep 13 15:40:14 UTC 2020
12 ms. Memory: 51200K Free: 27002K (53%)
ptolemy.util.test.WatchDog.cancel(): canceling Sun Sep 13 15:40:14 UTC 2020
------------------ testing $PTII/ptolemy/domains/de/test/auto/CQBug1.xml
auto.tcl: Setting watchdog for 200 seconds at Sun Sep 13 15:40:14 UTC 2020
2 ms. Memory: 51200K Free: 33252K (65%)
ptolemy.util.test.WatchDog.cancel(): canceling Sun Sep 13 15:40:14 UTC 2020
auto.tcl: Setting watchdog for 200 seconds at Sun Sep 13 15:40:14 UTC 2020
3 ms. Memory: 51200K Free: 33252K (65%)
ptolemy.util.test.WatchDog.cancel(): canceling Sun Sep 13 15:40:14 UTC 2020
------------------ testing $PTII/ptolemy/domains/de/test/auto/CancelFireAt.xml
auto.tcl: Setting watchdog for 200 seconds at Sun Sep 13 15:40:14 UTC 2020
3 ms. Memory: 48128K Free: 31636K (66%)
ptolemy.util.test.WatchDog.cancel(): canceling Sun Sep 13 15:40:15 UTC 2020
auto.tcl: Setting watchdog for 200 seconds at Sun Sep 13 15:40:15 UTC 2020
1 ms. Memory: 48128K Free: 31203K (65%)
ptolemy.util.test.WatchDog.cancel(): canceling Sun Sep 13 15:40:15 UTC 2020
------------------ testing $PTII/ptolemy/domains/de/test/auto/CausalityAndComposabilityAnalysis.xml
auto.tcl: Setting watchdog for 200 seconds at Sun Sep 13 15:40:15 UTC 2020
11 ms. Memory: 48128K Free: 29432K (61%)
ptolemy.util.test.WatchDog.cancel(): canceling Sun Sep 13 15:40:15 UTC 2020
auto.tcl: Setting watchdog for 200 seconds at Sun Sep 13 15:40:15 UTC 2020
6 ms. Memory: 48128K Free: 29002K (60%)
ptolemy.util.test.WatchDog.cancel(): canceling Sun Sep 13 15:40:15 UTC 2020
------------------ testing $PTII/ptolemy/domains/de/test/auto/CausalityInterface1.xml
auto.tcl: Setting watchdog for 200 seconds at Sun Sep 13 15:40:15 UTC 2020
19 ms. Memory: 48128K Free: 28332K (59%)
ptolemy.util.test.WatchDog.cancel(): canceling Sun Sep 13 15:40:15 UTC 2020
auto.tcl: Setting watchdog for 200 seconds at Sun Sep 13 15:40:15 UTC 2020
5 ms. Memory: 48128K Free: 27368K (57%)
ptolemy.util.test.WatchDog.cancel(): canceling Sun Sep 13 15:40:15 UTC 2020
------------------ testing $PTII/ptolemy/domains/de/test/auto/CausalityInterface15.xml
auto.tcl: Setting watchdog for 200 seconds at Sun Sep 13 15:40:15 UTC 2020
6 ms. Memory: 48128K Free: 28245K (59%)
ptolemy.util.test.WatchDog.cancel(): canceling Sun Sep 13 15:40:15 UTC 2020
auto.tcl: Setting watchdog for 200 seconds at Sun Sep 13 15:40:15 UTC 2020
6 ms. Memory: 48128K Free: 27304K (57%)
ptolemy.util.test.WatchDog.cancel(): canceling Sun Sep 13 15:40:15 UTC 2020
------------------ testing $PTII/ptolemy/domains/de/test/auto/CausalityInterface2.xml
auto.tcl: Setting watchdog for 200 seconds at Sun Sep 13 15:40:15 UTC 2020
10 ms. Memory: 48128K Free: 29235K (61%)
ptolemy.util.test.WatchDog.cancel(): canceling Sun Sep 13 15:40:15 UTC 2020
auto.tcl: Setting watchdog for 200 seconds at Sun Sep 13 15:40:15 UTC 2020
3 ms. Memory: 48128K Free: 28324K (59%)
ptolemy.util.test.WatchDog.cancel(): canceling Sun Sep 13 15:40:15 UTC 2020
------------------ testing $PTII/ptolemy/domains/de/test/auto/CausalityInterface3.xml
auto.tcl: Setting watchdog for 200 seconds at Sun Sep 13 15:40:15 UTC 2020
7 ms. Memory: 48128K Free: 28536K (59%)
ptolemy.util.test.WatchDog.cancel(): canceling Sun Sep 13 15:40:15 UTC 2020
auto.tcl: Setting watchdog for 200 seconds at Sun Sep 13 15:40:15 UTC 2020
3 ms. Memory: 48128K Free: 27750K (58%)
ptolemy.util.test.WatchDog.cancel(): canceling Sun Sep 13 15:40:15 UTC 2020
------------------ testing $PTII/ptolemy/domains/de/test/auto/ClockDrift.xml
auto.tcl: Setting watchdog for 200 seconds at Sun Sep 13 15:40:15 UTC 2020
78 ms. Memory: 48128K Free: 21099K (44%)
ptolemy.util.test.WatchDog.cancel(): canceling Sun Sep 13 15:40:15 UTC 2020
auto.tcl: Setting watchdog for 200 seconds at Sun Sep 13 15:40:15 UTC 2020
64 ms. Memory: 48128K Free: 18086K (38%)
ptolemy.util.test.WatchDog.cancel(): canceling Sun Sep 13 15:40:15 UTC 2020
------------------ testing $PTII/ptolemy/domains/de/test/auto/ClockDriftAndValueChange.xml
auto.tcl: Setting watchdog for 200 seconds at Sun Sep 13 15:40:15 UTC 2020
31 ms. Memory: 48128K Free: 21200K (44%)
ptolemy.util.test.WatchDog.cancel(): canceling Sun Sep 13 15:40:15 UTC 2020
auto.tcl: Setting watchdog for 200 seconds at Sun Sep 13 15:40:15 UTC 2020
17 ms. Memory: 48128K Free: 18365K (38%)
ptolemy.util.test.WatchDog.cancel(): canceling Sun Sep 13 15:40:15 UTC 2020
------------------ testing $PTII/ptolemy/domains/de/test/auto/ClockDriftChange.xml
auto.tcl: Setting watchdog for 200 seconds at Sun Sep 13 15:40:15 UTC 2020
18 ms. Memory: 48128K Free: 23244K (48%)
ptolemy.util.test.WatchDog.cancel(): canceling Sun Sep 13 15:40:15 UTC 2020
auto.tcl: Setting watchdog for 200 seconds at Sun Sep 13 15:40:15 UTC 2020
15 ms. Memory: 48128K Free: 20666K (43%)
ptolemy.util.test.WatchDog.cancel(): canceling Sun Sep 13 15:40:16 UTC 2020
------------------ testing $PTII/ptolemy/domains/de/test/auto/ComposableCausalityAnalysis.xml
auto.tcl: Setting watchdog for 200 seconds at Sun Sep 13 15:40:16 UTC 2020
2 ms. Memory: 48128K Free: 27838K (58%)
ptolemy.util.test.WatchDog.cancel(): canceling Sun Sep 13 15:40:16 UTC 2020
auto.tcl: Setting watchdog for 200 seconds at Sun Sep 13 15:40:16 UTC 2020
4 ms. Memory: 48128K Free: 26847K (56%)
ptolemy.util.test.WatchDog.cancel(): canceling Sun Sep 13 15:40:16 UTC 2020
------------------ testing $PTII/ptolemy/domains/de/test/auto/DEFixedPointLimitation.xml
auto.tcl: Setting watchdog for 200 seconds at Sun Sep 13 15:40:16 UTC 2020
1 ms. Memory: 48128K Free: 29225K (61%)
ptolemy.util.test.WatchDog.cancel(): canceling Sun Sep 13 15:40:16 UTC 2020
auto.tcl: Setting watchdog for 200 seconds at Sun Sep 13 15:40:16 UTC 2020
1 ms. Memory: 48128K Free: 28308K (59%)
ptolemy.util.test.WatchDog.cancel(): canceling Sun Sep 13 15:40:16 UTC 2020
------------------ testing $PTII/ptolemy/domains/de/test/auto/DEScheduleTest.xml
auto.tcl: Setting watchdog for 200 seconds at Sun Sep 13 15:40:16 UTC 2020
5 ms. Memory: 48128K Free: 29531K (61%)
ptolemy.util.test.WatchDog.cancel(): canceling Sun Sep 13 15:40:16 UTC 2020
auto.tcl: Setting watchdog for 200 seconds at Sun Sep 13 15:40:16 UTC 2020
3 ms. Memory: 48128K Free: 28755K (60%)
ptolemy.util.test.WatchDog.cancel(): canceling Sun Sep 13 15:40:16 UTC 2020
------------------ testing $PTII/ptolemy/domains/de/test/auto/DEinDEwithStartTimes.xml
auto.tcl: Setting watchdog for 200 seconds at Sun Sep 13 15:40:16 UTC 2020
4 ms. Memory: 48128K Free: 27871K (58%)
ptolemy.util.test.WatchDog.cancel(): canceling Sun Sep 13 15:40:16 UTC 2020
auto.tcl: Setting watchdog for 200 seconds at Sun Sep 13 15:40:16 UTC 2020
6 ms. Memory: 48128K Free: 26658K (55%)
ptolemy.util.test.WatchDog.cancel(): canceling Sun Sep 13 15:40:16 UTC 2020
------------------ testing $PTII/ptolemy/domains/de/test/auto/DEinDEwithStartTimes2.xml
auto.tcl: Setting watchdog for 200 seconds at Sun Sep 13 15:40:16 UTC 2020
7 ms. Memory: 48128K Free: 26863K (56%)
ptolemy.util.test.WatchDog.cancel(): canceling Sun Sep 13 15:40:16 UTC 2020
auto.tcl: Setting watchdog for 200 seconds at Sun Sep 13 15:40:16 UTC 2020
3 ms. Memory: 48128K Free: 25613K (53%)
ptolemy.util.test.WatchDog.cancel(): canceling Sun Sep 13 15:40:16 UTC 2020
------------------ testing $PTII/ptolemy/domains/de/test/auto/DateDemo.xml
auto.tcl: Setting watchdog for 200 seconds at Sun Sep 13 15:40:16 UTC 2020
12 ms. Memory: 48128K Free: 21254K (44%)
ptolemy.util.test.WatchDog.cancel(): canceling Sun Sep 13 15:40:16 UTC 2020
auto.tcl: Setting watchdog for 200 seconds at Sun Sep 13 15:40:16 UTC 2020
8 ms. Memory: 48128K Free: 19660K (41%)
ptolemy.util.test.WatchDog.cancel(): canceling Sun Sep 13 15:40:16 UTC 2020
------------------ testing $PTII/ptolemy/domains/de/test/auto/DateToEvent.xml
auto.tcl: Setting watchdog for 200 seconds at Sun Sep 13 15:40:16 UTC 2020
2010 ms. Memory: 48128K Free: 16949K (35%)
ptolemy.util.test.WatchDog.cancel(): canceling Sun Sep 13 15:40:18 UTC 2020
auto.tcl: Setting watchdog for 200 seconds at Sun Sep 13 15:40:18 UTC 2020
2005 ms. Memory: 48128K Free: 16205K (34%)
ptolemy.util.test.WatchDog.cancel(): canceling Sun Sep 13 15:40:20 UTC 2020
------------------ testing $PTII/ptolemy/domains/de/test/auto/DepthTest1.xml
auto.tcl: Setting watchdog for 200 seconds at Sun Sep 13 15:40:20 UTC 2020
3 ms. Memory: 48128K Free: 30323K (63%)
ptolemy.util.test.WatchDog.cancel(): canceling Sun Sep 13 15:40:20 UTC 2020
auto.tcl: Setting watchdog for 200 seconds at Sun Sep 13 15:40:20 UTC 2020
5 ms. Memory: 48128K Free: 29908K (62%)
ptolemy.util.test.WatchDog.cancel(): canceling Sun Sep 13 15:40:20 UTC 2020
------------------ testing $PTII/ptolemy/domains/de/test/auto/DepthTest2.xml
auto.tcl: Setting watchdog for 200 seconds at Sun Sep 13 15:40:20 UTC 2020
4 ms. Memory: 48128K Free: 27191K (56%)
ptolemy.util.test.WatchDog.cancel(): canceling Sun Sep 13 15:40:20 UTC 2020
auto.tcl: Setting watchdog for 200 seconds at Sun Sep 13 15:40:20 UTC 2020
3 ms. Memory: 48128K Free: 26778K (56%)
ptolemy.util.test.WatchDog.cancel(): canceling Sun Sep 13 15:40:20 UTC 2020
------------------ testing $PTII/ptolemy/domains/de/test/auto/DepthTest3.xml
auto.tcl: Setting watchdog for 200 seconds at Sun Sep 13 15:40:20 UTC 2020
4 ms. Memory: 48128K Free: 30653K (64%)
ptolemy.util.test.WatchDog.cancel(): canceling Sun Sep 13 15:40:20 UTC 2020
auto.tcl: Setting watchdog for 200 seconds at Sun Sep 13 15:40:20 UTC 2020
2 ms. Memory: 48128K Free: 30224K (63%)
ptolemy.util.test.WatchDog.cancel(): canceling Sun Sep 13 15:40:20 UTC 2020
------------------ testing $PTII/ptolemy/domains/de/test/auto/DepthTest4.xml
auto.tcl: Setting watchdog for 200 seconds at Sun Sep 13 15:40:20 UTC 2020
4 ms. Memory: 48128K Free: 29004K (60%)
ptolemy.util.test.WatchDog.cancel(): canceling Sun Sep 13 15:40:20 UTC 2020
auto.tcl: Setting watchdog for 200 seconds at Sun Sep 13 15:40:20 UTC 2020
3 ms. Memory: 48128K Free: 28268K (59%)
ptolemy.util.test.WatchDog.cancel(): canceling Sun Sep 13 15:40:20 UTC 2020
------------------ testing $PTII/ptolemy/domains/de/test/auto/DepthTest5.xml
auto.tcl: Setting watchdog for 200 seconds at Sun Sep 13 15:40:20 UTC 2020
3 ms. Memory: 48128K Free: 28387K (59%)
ptolemy.util.test.WatchDog.cancel(): canceling Sun Sep 13 15:40:20 UTC 2020
auto.tcl: Setting watchdog for 200 seconds at Sun Sep 13 15:40:20 UTC 2020
6 ms. Memory: 48128K Free: 27615K (57%)
ptolemy.util.test.WatchDog.cancel(): canceling Sun Sep 13 15:40:20 UTC 2020
------------------ testing $PTII/ptolemy/domains/de/test/auto/DepthTest6.xml
auto.tcl: Setting watchdog for 200 seconds at Sun Sep 13 15:40:20 UTC 2020
5 ms. Memory: 48128K Free: 28113K (58%)
ptolemy.util.test.WatchDog.cancel(): canceling Sun Sep 13 15:40:20 UTC 2020
auto.tcl: Setting watchdog for 200 seconds at Sun Sep 13 15:40:20 UTC 2020
2 ms. Memory: 48128K Free: 27692K (58%)
ptolemy.util.test.WatchDog.cancel(): canceling Sun Sep 13 15:40:21 UTC 2020
------------------ testing $PTII/ptolemy/domains/de/test/auto/DepthTest7.xml
auto.tcl: Setting watchdog for 200 seconds at Sun Sep 13 15:40:21 UTC 2020
3 ms. Memory: 48128K Free: 28928K (60%)
ptolemy.util.test.WatchDog.cancel(): canceling Sun Sep 13 15:40:21 UTC 2020
auto.tcl: Setting watchdog for 200 seconds at Sun Sep 13 15:40:21 UTC 2020
2 ms. Memory: 48128K Free: 28192K (59%)
ptolemy.util.test.WatchDog.cancel(): canceling Sun Sep 13 15:40:21 UTC 2020
------------------ testing $PTII/ptolemy/domains/de/test/auto/EventToDate.xml
auto.tcl: Setting watchdog for 200 seconds at Sun Sep 13 15:40:21 UTC 2020
3009 ms. Memory: 48128K Free: 19732K (41%)
ptolemy.util.test.WatchDog.cancel(): canceling Sun Sep 13 15:40:24 UTC 2020
auto.tcl: Setting watchdog for 200 seconds at Sun Sep 13 15:40:24 UTC 2020
3004 ms. Memory: 48128K Free: 19018K (40%)
ptolemy.util.test.WatchDog.cancel(): canceling Sun Sep 13 15:40:27 UTC 2020
------------------ testing $PTII/ptolemy/domains/de/test/auto/FSM1.xml
auto.tcl: Setting watchdog for 200 seconds at Sun Sep 13 15:40:27 UTC 2020
41 ms. Memory: 48128K Free: 20409K (42%)
ptolemy.util.test.WatchDog.cancel(): canceling Sun Sep 13 15:40:27 UTC 2020
auto.tcl: Setting watchdog for 200 seconds at Sun Sep 13 15:40:27 UTC 2020
27 ms. Memory: 48128K Free: 17292K (36%)
ptolemy.util.test.WatchDog.cancel(): canceling Sun Sep 13 15:40:27 UTC 2020
------------------ testing $PTII/ptolemy/domains/de/test/auto/FSM7.xml
auto.tcl: Setting watchdog for 200 seconds at Sun Sep 13 15:40:27 UTC 2020
16 ms. Memory: 48128K Free: 20648K (43%)
ptolemy.util.test.WatchDog.cancel(): canceling Sun Sep 13 15:40:27 UTC 2020
auto.tcl: Setting watchdog for 200 seconds at Sun Sep 13 15:40:27 UTC 2020
14 ms. Memory: 48128K Free: 17507K (36%)
ptolemy.util.test.WatchDog.cancel(): canceling Sun Sep 13 15:40:27 UTC 2020
------------------ testing $PTII/ptolemy/domains/de/test/auto/Inspection.xml
auto.tcl: Setting watchdog for 200 seconds at Sun Sep 13 15:40:27 UTC 2020
31 ms. Memory: 48128K Free: 20667K (43%)
ptolemy.util.test.WatchDog.cancel(): canceling Sun Sep 13 15:40:27 UTC 2020
auto.tcl: Setting watchdog for 200 seconds at Sun Sep 13 15:40:27 UTC 2020
29 ms. Memory: 48128K Free: 18929K (39%)
ptolemy.util.test.WatchDog.cancel(): canceling Sun Sep 13 15:40:27 UTC 2020
------------------ testing $PTII/ptolemy/domains/de/test/auto/Iteration.xml
auto.tcl: Setting watchdog for 200 seconds at Sun Sep 13 15:40:27 UTC 2020
10 ms. Memory: 48128K Free: 26380K (55%)
ptolemy.util.test.WatchDog.cancel(): canceling Sun Sep 13 15:40:27 UTC 2020
auto.tcl: Setting watchdog for 200 seconds at Sun Sep 13 15:40:27 UTC 2020
7 ms. Memory: 48128K Free: 24968K (52%)
ptolemy.util.test.WatchDog.cancel(): canceling Sun Sep 13 15:40:27 UTC 2020
------------------ testing $PTII/ptolemy/domains/de/test/auto/LineFault.xml
auto.tcl: Setting watchdog for 200 seconds at Sun Sep 13 15:40:27 UTC 2020
584 ms. Memory: 58368K Free: 26692K (46%)
ptolemy.util.test.WatchDog.cancel(): canceling Sun Sep 13 15:40:28 UTC 2020
auto.tcl: Setting watchdog for 200 seconds at Sun Sep 13 15:40:28 UTC 2020
535 ms. Memory: 58368K Free: 26611K (46%)
ptolemy.util.test.WatchDog.cancel(): canceling Sun Sep 13 15:40:29 UTC 2020
------------------ testing $PTII/ptolemy/domains/de/test/auto/MergeModel1Add.xml
auto.tcl: Setting watchdog for 200 seconds at Sun Sep 13 15:40:29 UTC 2020
33 ms. Memory: 55296K Free: 19504K (35%)
ptolemy.util.test.WatchDog.cancel(): canceling Sun Sep 13 15:40:29 UTC 2020
auto.tcl: Setting watchdog for 200 seconds at Sun Sep 13 15:40:29 UTC 2020
12 ms. Memory: 55296K Free: 17807K (32%)
ptolemy.util.test.WatchDog.cancel(): canceling Sun Sep 13 15:40:29 UTC 2020
------------------ testing $PTII/ptolemy/domains/de/test/auto/MergeModel2Add.xml
auto.tcl: Setting watchdog for 200 seconds at Sun Sep 13 15:40:29 UTC 2020
11 ms. Memory: 51200K Free: 17459K (34%)
ptolemy.util.test.WatchDog.cancel(): canceling Sun Sep 13 15:40:29 UTC 2020
auto.tcl: Setting watchdog for 200 seconds at Sun Sep 13 15:40:29 UTC 2020
12 ms. Memory: 51200K Free: 15488K (30%)
ptolemy.util.test.WatchDog.cancel(): canceling Sun Sep 13 15:40:29 UTC 2020
------------------ testing $PTII/ptolemy/domains/de/test/auto/MergeModel3Add.xml
auto.tcl: Setting watchdog for 200 seconds at Sun Sep 13 15:40:29 UTC 2020
8 ms. Memory: 51200K Free: 17430K (34%)
ptolemy.util.test.WatchDog.cancel(): canceling Sun Sep 13 15:40:29 UTC 2020
auto.tcl: Setting watchdog for 200 seconds at Sun Sep 13 15:40:29 UTC 2020
8 ms. Memory: 51200K Free: 15995K (31%)
ptolemy.util.test.WatchDog.cancel(): canceling Sun Sep 13 15:40:29 UTC 2020
------------------ testing $PTII/ptolemy/domains/de/test/auto/MergeWithoutDiscard.xml
auto.tcl: Setting watchdog for 200 seconds at Sun Sep 13 15:40:29 UTC 2020
2 ms. Memory: 51200K Free: 32357K (63%)
ptolemy.util.test.WatchDog.cancel(): canceling Sun Sep 13 15:40:29 UTC 2020
auto.tcl: Setting watchdog for 200 seconds at Sun Sep 13 15:40:29 UTC 2020
1 ms. Memory: 51200K Free: 31871K (62%)
ptolemy.util.test.WatchDog.cancel(): canceling Sun Sep 13 15:40:29 UTC 2020
------------------ testing $PTII/ptolemy/domains/de/test/auto/Modal1.xml
auto.tcl: Setting watchdog for 200 seconds at Sun Sep 13 15:40:29 UTC 2020
17 ms. Memory: 51200K Free: 23947K (47%)
ptolemy.util.test.WatchDog.cancel(): canceling Sun Sep 13 15:40:29 UTC 2020
auto.tcl: Setting watchdog for 200 seconds at Sun Sep 13 15:40:29 UTC 2020
24 ms. Memory: 51200K Free: 20385K (40%)
ptolemy.util.test.WatchDog.cancel(): canceling Sun Sep 13 15:40:29 UTC 2020
------------------ testing $PTII/ptolemy/domains/de/test/auto/Modal2.xml
auto.tcl: Setting watchdog for 200 seconds at Sun Sep 13 15:40:29 UTC 2020
16 ms. Memory: 51200K Free: 24350K (48%)
ptolemy.util.test.WatchDog.cancel(): canceling Sun Sep 13 15:40:29 UTC 2020
auto.tcl: Setting watchdog for 200 seconds at Sun Sep 13 15:40:29 UTC 2020
19 ms. Memory: 51200K Free: 20788K (41%)
ptolemy.util.test.WatchDog.cancel(): canceling Sun Sep 13 15:40:29 UTC 2020
------------------ testing $PTII/ptolemy/domains/de/test/auto/Modal3.xml
auto.tcl: Setting watchdog for 200 seconds at Sun Sep 13 15:40:29 UTC 2020
15 ms. Memory: 51200K Free: 23788K (46%)
ptolemy.util.test.WatchDog.cancel(): canceling Sun Sep 13 15:40:29 UTC 2020
auto.tcl: Setting watchdog for 200 seconds at Sun Sep 13 15:40:29 UTC 2020
16 ms. Memory: 51200K Free: 20814K (41%)
ptolemy.util.test.WatchDog.cancel(): canceling Sun Sep 13 15:40:29 UTC 2020
------------------ testing $PTII/ptolemy/domains/de/test/auto/Modal4.xml
auto.tcl: Setting watchdog for 200 seconds at Sun Sep 13 15:40:30 UTC 2020
24 ms. Memory: 51200K Free: 22795K (45%)
ptolemy.util.test.WatchDog.cancel(): canceling Sun Sep 13 15:40:30 UTC 2020
auto.tcl: Setting watchdog for 200 seconds at Sun Sep 13 15:40:30 UTC 2020
45 ms. Memory: 51200K Free: 18760K (37%)
ptolemy.util.test.WatchDog.cancel(): canceling Sun Sep 13 15:40:30 UTC 2020
------------------ testing $PTII/ptolemy/domains/de/test/auto/Modal5.xml
auto.tcl: Setting watchdog for 200 seconds at Sun Sep 13 15:40:30 UTC 2020
14 ms. Memory: 51200K Free: 23002K (45%)
ptolemy.util.test.WatchDog.cancel(): canceling Sun Sep 13 15:40:30 UTC 2020
auto.tcl: Setting watchdog for 200 seconds at Sun Sep 13 15:40:30 UTC 2020
15 ms. Memory: 51200K Free: 19214K (38%)
ptolemy.util.test.WatchDog.cancel(): canceling Sun Sep 13 15:40:30 UTC 2020
------------------ testing $PTII/ptolemy/domains/de/test/auto/Modal6.xml
auto.tcl: Setting watchdog for 200 seconds at Sun Sep 13 15:40:30 UTC 2020
19 ms. Memory: 51200K Free: 23308K (46%)
ptolemy.util.test.WatchDog.cancel(): canceling Sun Sep 13 15:40:30 UTC 2020
auto.tcl: Setting watchdog for 200 seconds at Sun Sep 13 15:40:30 UTC 2020
18 ms. Memory: 51200K Free: 19362K (38%)
ptolemy.util.test.WatchDog.cancel(): canceling Sun Sep 13 15:40:30 UTC 2020
------------------ testing $PTII/ptolemy/domains/de/test/auto/Modal7.xml
auto.tcl: Setting watchdog for 200 seconds at Sun Sep 13 15:40:30 UTC 2020
15 ms. Memory: 51200K Free: 23015K (45%)
ptolemy.util.test.WatchDog.cancel(): canceling Sun Sep 13 15:40:30 UTC 2020
auto.tcl: Setting watchdog for 200 seconds at Sun Sep 13 15:40:30 UTC 2020
13 ms. Memory: 51200K Free: 19379K (38%)
ptolemy.util.test.WatchDog.cancel(): canceling Sun Sep 13 15:40:30 UTC 2020
------------------ testing $PTII/ptolemy/domains/de/test/auto/ModalModel.xml
auto.tcl: Setting watchdog for 200 seconds at Sun Sep 13 15:40:30 UTC 2020
203 ms. Memory: 51200K Free: 20043K (39%)
ptolemy.util.test.WatchDog.cancel(): canceling Sun Sep 13 15:40:30 UTC 2020
auto.tcl: Setting watchdog for 200 seconds at Sun Sep 13 15:40:30 UTC 2020
181 ms. Memory: 61440K Free: 30121K (49%)
ptolemy.util.test.WatchDog.cancel(): canceling Sun Sep 13 15:40:30 UTC 2020
------------------ testing $PTII/ptolemy/domains/de/test/auto/ModalSource.xml
auto.tcl: Setting watchdog for 200 seconds at Sun Sep 13 15:40:30 UTC 2020
6 ms. Memory: 51200K Free: 27344K (53%)
ptolemy.util.test.WatchDog.cancel(): canceling Sun Sep 13 15:40:31 UTC 2020
auto.tcl: Setting watchdog for 200 seconds at Sun Sep 13 15:40:31 UTC 2020
5 ms. Memory: 51200K Free: 25385K (50%)
ptolemy.util.test.WatchDog.cancel(): canceling Sun Sep 13 15:40:31 UTC 2020
------------------ testing $PTII/ptolemy/domains/de/test/auto/NonInterruptibleTimerZeroDelay.xml
auto.tcl: Setting watchdog for 200 seconds at Sun Sep 13 15:40:31 UTC 2020
4 ms. Memory: 51200K Free: 32753K (64%)
ptolemy.util.test.WatchDog.cancel(): canceling Sun Sep 13 15:40:31 UTC 2020
auto.tcl: Setting watchdog for 200 seconds at Sun Sep 13 15:40:31 UTC 2020
2 ms. Memory: 51200K Free: 32114K (63%)
ptolemy.util.test.WatchDog.cancel(): canceling Sun Sep 13 15:40:31 UTC 2020
------------------ testing $PTII/ptolemy/domains/de/test/auto/OpenQueueingNetwork.xml
auto.tcl: Setting watchdog for 200 seconds at Sun Sep 13 15:40:31 UTC 2020
2607 ms. Memory: 98304K Free: 77578K (79%)
ptolemy.util.test.WatchDog.cancel(): canceling Sun Sep 13 15:40:33 UTC 2020
auto.tcl: Setting watchdog for 200 seconds at Sun Sep 13 15:40:33 UTC 2020
2281 ms. Memory: 119808K Free: 92797K (77%)
ptolemy.util.test.WatchDog.cancel(): canceling Sun Sep 13 15:40:36 UTC 2020
------------------ testing $PTII/ptolemy/domains/de/test/auto/OpenQueuingNetwork.xml
auto.tcl: Setting watchdog for 200 seconds at Sun Sep 13 15:40:36 UTC 2020
257 ms. Memory: 70656K Free: 44722K (63%)
ptolemy.util.test.WatchDog.cancel(): canceling Sun Sep 13 15:40:36 UTC 2020
auto.tcl: Setting watchdog for 200 seconds at Sun Sep 13 15:40:36 UTC 2020
218 ms. Memory: 70656K Free: 33500K (47%)
ptolemy.util.test.WatchDog.cancel(): canceling Sun Sep 13 15:40:36 UTC 2020
------------------ testing $PTII/ptolemy/domains/de/test/auto/PeriodicSampler.xml
auto.tcl: Setting watchdog for 200 seconds at Sun Sep 13 15:40:36 UTC 2020
3 ms. Memory: 51200K Free: 32021K (63%)
ptolemy.util.test.WatchDog.cancel(): canceling Sun Sep 13 15:40:36 UTC 2020
auto.tcl: Setting watchdog for 200 seconds at Sun Sep 13 15:40:36 UTC 2020
2 ms. Memory: 51200K Free: 31501K (62%)
ptolemy.util.test.WatchDog.cancel(): canceling Sun Sep 13 15:40:36 UTC 2020
------------------ testing $PTII/ptolemy/domains/de/test/auto/PersistentIO.xml
auto.tcl: Setting watchdog for 200 seconds at Sun Sep 13 15:40:36 UTC 2020
13 ms. Memory: 51200K Free: 26930K (53%)
ptolemy.util.test.WatchDog.cancel(): canceling Sun Sep 13 15:40:36 UTC 2020
auto.tcl: Setting watchdog for 200 seconds at Sun Sep 13 15:40:36 UTC 2020
5 ms. Memory: 51200K Free: 25430K (50%)
ptolemy.util.test.WatchDog.cancel(): canceling Sun Sep 13 15:40:36 UTC 2020
------------------ testing $PTII/ptolemy/domains/de/test/auto/PortParameterResetOnInitialize.xml
auto.tcl: Setting watchdog for 200 seconds at Sun Sep 13 15:40:36 UTC 2020
2 ms. Memory: 51200K Free: 31941K (62%)
ptolemy.util.test.WatchDog.cancel(): canceling Sun Sep 13 15:40:37 UTC 2020
auto.tcl: Setting watchdog for 200 seconds at Sun Sep 13 15:40:37 UTC 2020
2 ms. Memory: 51200K Free: 31434K (61%)
ptolemy.util.test.WatchDog.cancel(): canceling Sun Sep 13 15:40:37 UTC 2020
------------------ testing $PTII/ptolemy/domains/de/test/auto/PortParameterUpdates.xml
auto.tcl: Setting watchdog for 200 seconds at Sun Sep 13 15:40:37 UTC 2020
6 ms. Memory: 51200K Free: 30223K (59%)
ptolemy.util.test.WatchDog.cancel(): canceling Sun Sep 13 15:40:37 UTC 2020
auto.tcl: Setting watchdog for 200 seconds at Sun Sep 13 15:40:37 UTC 2020
2 ms. Memory: 51200K Free: 29007K (57%)
ptolemy.util.test.WatchDog.cancel(): canceling Sun Sep 13 15:40:37 UTC 2020
------------------ testing $PTII/ptolemy/domains/de/test/auto/QueueAndServer.xml
auto.tcl: Setting watchdog for 200 seconds at Sun Sep 13 15:40:37 UTC 2020
13 ms. Memory: 51200K Free: 28965K (57%)
ptolemy.util.test.WatchDog.cancel(): canceling Sun Sep 13 15:40:37 UTC 2020
auto.tcl: Setting watchdog for 200 seconds at Sun Sep 13 15:40:37 UTC 2020
5 ms. Memory: 51200K Free: 27431K (54%)
ptolemy.util.test.WatchDog.cancel(): canceling Sun Sep 13 15:40:37 UTC 2020
------------------ testing $PTII/ptolemy/domains/de/test/auto/Records.xml
auto.tcl: Setting watchdog for 200 seconds at Sun Sep 13 15:40:37 UTC 2020
2 ms. Memory: 51200K Free: 31183K (61%)
ptolemy.util.test.WatchDog.cancel(): canceling Sun Sep 13 15:40:37 UTC 2020
auto.tcl: Setting watchdog for 200 seconds at Sun Sep 13 15:40:37 UTC 2020
2 ms. Memory: 51200K Free: 30636K (60%)
ptolemy.util.test.WatchDog.cancel(): canceling Sun Sep 13 15:40:37 UTC 2020
------------------ testing $PTII/ptolemy/domains/de/test/auto/ResetTransitionWithStartTime1.xml
auto.tcl: Setting watchdog for 200 seconds at Sun Sep 13 15:40:37 UTC 2020
11 ms. Memory: 51200K Free: 28428K (56%)
ptolemy.util.test.WatchDog.cancel(): canceling Sun Sep 13 15:40:37 UTC 2020
auto.tcl: Setting watchdog for 200 seconds at Sun Sep 13 15:40:37 UTC 2020
8 ms. Memory: 51200K Free: 26380K (52%)
ptolemy.util.test.WatchDog.cancel(): canceling Sun Sep 13 15:40:37 UTC 2020
------------------ testing $PTII/ptolemy/domains/de/test/auto/ResetTransitionWithStartTime2.xml
auto.tcl: Setting watchdog for 200 seconds at Sun Sep 13 15:40:37 UTC 2020
11 ms. Memory: 51200K Free: 28383K (55%)
ptolemy.util.test.WatchDog.cancel(): canceling Sun Sep 13 15:40:37 UTC 2020
auto.tcl: Setting watchdog for 200 seconds at Sun Sep 13 15:40:37 UTC 2020
4 ms. Memory: 51200K Free: 25821K (50%)
ptolemy.util.test.WatchDog.cancel(): canceling Sun Sep 13 15:40:37 UTC 2020
------------------ testing $PTII/ptolemy/domains/de/test/auto/ResetTransitionWithStartTime3.xml
auto.tcl: Setting watchdog for 200 seconds at Sun Sep 13 15:40:37 UTC 2020
10 ms. Memory: 51200K Free: 28382K (55%)
ptolemy.util.test.WatchDog.cancel(): canceling Sun Sep 13 15:40:37 UTC 2020
auto.tcl: Setting watchdog for 200 seconds at Sun Sep 13 15:40:37 UTC 2020
6 ms. Memory: 51200K Free: 26334K (51%)
ptolemy.util.test.WatchDog.cancel(): canceling Sun Sep 13 15:40:37 UTC 2020
------------------ testing $PTII/ptolemy/domains/de/test/auto/ResetTransitionWithStartTime4.xml
auto.tcl: Setting watchdog for 200 seconds at Sun Sep 13 15:40:37 UTC 2020
14 ms. Memory: 51200K Free: 28828K (56%)
ptolemy.util.test.WatchDog.cancel(): canceling Sun Sep 13 15:40:37 UTC 2020
auto.tcl: Setting watchdog for 200 seconds at Sun Sep 13 15:40:37 UTC 2020
5 ms. Memory: 51200K Free: 27357K (53%)
ptolemy.util.test.WatchDog.cancel(): canceling Sun Sep 13 15:40:37 UTC 2020
------------------ testing $PTII/ptolemy/domains/de/test/auto/ResettableTimer1.xml
auto.tcl: Setting watchdog for 200 seconds at Sun Sep 13 15:40:37 UTC 2020
3 ms. Memory: 51200K Free: 32459K (63%)
ptolemy.util.test.WatchDog.cancel(): canceling Sun Sep 13 15:40:37 UTC 2020
auto.tcl: Setting watchdog for 200 seconds at Sun Sep 13 15:40:37 UTC 2020
2 ms. Memory: 51200K Free: 31435K (61%)
ptolemy.util.test.WatchDog.cancel(): canceling Sun Sep 13 15:40:37 UTC 2020
------------------ testing $PTII/ptolemy/domains/de/test/auto/ResettableTimer2.xml
auto.tcl: Setting watchdog for 200 seconds at Sun Sep 13 15:40:37 UTC 2020
3 ms. Memory: 51200K Free: 32515K (64%)
ptolemy.util.test.WatchDog.cancel(): canceling Sun Sep 13 15:40:37 UTC 2020
auto.tcl: Setting watchdog for 200 seconds at Sun Sep 13 15:40:37 UTC 2020
3 ms. Memory: 51200K Free: 31491K (62%)
ptolemy.util.test.WatchDog.cancel(): canceling Sun Sep 13 15:40:37 UTC 2020
------------------ testing $PTII/ptolemy/domains/de/test/auto/ResettableTimer3.xml
auto.tcl: Setting watchdog for 200 seconds at Sun Sep 13 15:40:37 UTC 2020
2 ms. Memory: 51200K Free: 32994K (64%)
ptolemy.util.test.WatchDog.cancel(): canceling Sun Sep 13 15:40:37 UTC 2020
auto.tcl: Setting watchdog for 200 seconds at Sun Sep 13 15:40:37 UTC 2020
2 ms. Memory: 51200K Free: 32514K (64%)
ptolemy.util.test.WatchDog.cancel(): canceling Sun Sep 13 15:40:37 UTC 2020
------------------ testing $PTII/ptolemy/domains/de/test/auto/ResettableTimer4.xml
auto.tcl: Setting watchdog for 200 seconds at Sun Sep 13 15:40:37 UTC 2020
1 ms. Memory: 51200K Free: 32528K (64%)
ptolemy.util.test.WatchDog.cancel(): canceling Sun Sep 13 15:40:37 UTC 2020
auto.tcl: Setting watchdog for 200 seconds at Sun Sep 13 15:40:37 UTC 2020
1 ms. Memory: 51200K Free: 32014K (63%)
ptolemy.util.test.WatchDog.cancel(): canceling Sun Sep 13 15:40:37 UTC 2020
------------------ testing $PTII/ptolemy/domains/de/test/auto/ResettableTimer5.xml
auto.tcl: Setting watchdog for 200 seconds at Sun Sep 13 15:40:37 UTC 2020
2 ms. Memory: 51200K Free: 32012K (63%)
ptolemy.util.test.WatchDog.cancel(): canceling Sun Sep 13 15:40:37 UTC 2020
auto.tcl: Setting watchdog for 200 seconds at Sun Sep 13 15:40:37 UTC 2020
2 ms. Memory: 51200K Free: 31502K (62%)
ptolemy.util.test.WatchDog.cancel(): canceling Sun Sep 13 15:40:37 UTC 2020
------------------ testing $PTII/ptolemy/domains/de/test/auto/ResettableTimer6.xml
auto.tcl: Setting watchdog for 200 seconds at Sun Sep 13 15:40:37 UTC 2020
2 ms. Memory: 51200K Free: 32002K (63%)
ptolemy.util.test.WatchDog.cancel(): canceling Sun Sep 13 15:40:37 UTC 2020
auto.tcl: Setting watchdog for 200 seconds at Sun Sep 13 15:40:37 UTC 2020
1 ms. Memory: 51200K Free: 31493K (62%)
ptolemy.util.test.WatchDog.cancel(): canceling Sun Sep 13 15:40:37 UTC 2020
------------------ testing $PTII/ptolemy/domains/de/test/auto/ServerZeroDelay.xml
auto.tcl: Setting watchdog for 200 seconds at Sun Sep 13 15:40:37 UTC 2020
5 ms. Memory: 51200K Free: 32508K (63%)
ptolemy.util.test.WatchDog.cancel(): canceling Sun Sep 13 15:40:37 UTC 2020
auto.tcl: Setting watchdog for 200 seconds at Sun Sep 13 15:40:38 UTC 2020
3 ms. Memory: 51200K Free: 31484K (61%)
ptolemy.util.test.WatchDog.cancel(): canceling Sun Sep 13 15:40:38 UTC 2020
------------------ testing $PTII/ptolemy/domains/de/test/auto/SmartSender.xml
auto.tcl: Setting watchdog for 200 seconds at Sun Sep 13 15:40:38 UTC 2020
3001 ms. Memory: 51200K Free: 31988K (62%)
ptolemy.util.test.WatchDog.cancel(): canceling Sun Sep 13 15:40:41 UTC 2020
auto.tcl: Setting watchdog for 200 seconds at Sun Sep 13 15:40:41 UTC 2020
3002 ms. Memory: 51200K Free: 31478K (61%)
ptolemy.util.test.WatchDog.cancel(): canceling Sun Sep 13 15:40:44 UTC 2020
------------------ testing $PTII/ptolemy/domains/de/test/auto/ThreadedComposite.xml
auto.tcl: Setting watchdog for 200 seconds at Sun Sep 13 15:40:44 UTC 2020
197 ms. Memory: 51200K Free: 13570K (27%)
ptolemy.util.test.WatchDog.cancel(): canceling Sun Sep 13 15:40:44 UTC 2020
auto.tcl: Setting watchdog for 200 seconds at Sun Sep 13 15:40:44 UTC 2020
123 ms. Memory: 51200K Free: 28020K (55%)
ptolemy.util.test.WatchDog.cancel(): canceling Sun Sep 13 15:40:44 UTC 2020
------------------ testing $PTII/ptolemy/domains/de/test/auto/Time.xml
auto.tcl: Setting watchdog for 200 seconds at Sun Sep 13 15:40:44 UTC 2020
457 ms. Memory: 51200K Free: 8521K (17%)
ptolemy.util.test.WatchDog.cancel(): canceling Sun Sep 13 15:40:45 UTC 2020
auto.tcl: Setting watchdog for 200 seconds at Sun Sep 13 15:40:45 UTC 2020
400 ms. Memory: 51200K Free: 14333K (28%)
ptolemy.util.test.WatchDog.cancel(): canceling Sun Sep 13 15:40:45 UTC 2020
------------------ testing $PTII/ptolemy/domains/de/test/auto/TimeDelayZeroDelay.xml
auto.tcl: Setting watchdog for 200 seconds at Sun Sep 13 15:40:45 UTC 2020
1 ms. Memory: 51200K Free: 32433K (63%)
ptolemy.util.test.WatchDog.cancel(): canceling Sun Sep 13 15:40:45 UTC 2020
auto.tcl: Setting watchdog for 200 seconds at Sun Sep 13 15:40:45 UTC 2020
1 ms. Memory: 51200K Free: 31565K (62%)
ptolemy.util.test.WatchDog.cancel(): canceling Sun Sep 13 15:40:45 UTC 2020
------------------ testing $PTII/ptolemy/domains/de/test/auto/TimerZeroDelay.xml
auto.tcl: Setting watchdog for 200 seconds at Sun Sep 13 15:40:45 UTC 2020
2 ms. Memory: 51200K Free: 32870K (64%)
ptolemy.util.test.WatchDog.cancel(): canceling Sun Sep 13 15:40:45 UTC 2020
auto.tcl: Setting watchdog for 200 seconds at Sun Sep 13 15:40:45 UTC 2020
3 ms. Memory: 51200K Free: 32063K (63%)
ptolemy.util.test.WatchDog.cancel(): canceling Sun Sep 13 15:40:45 UTC 2020
------------------ testing $PTII/ptolemy/domains/de/test/auto/TimingParadox.xml
auto.tcl: Setting watchdog for 200 seconds at Sun Sep 13 15:40:45 UTC 2020
292 ms. Memory: 51200K Free: 19121K (37%)
ptolemy.util.test.WatchDog.cancel(): canceling Sun Sep 13 15:40:45 UTC 2020
auto.tcl: Setting watchdog for 200 seconds at Sun Sep 13 15:40:45 UTC 2020
286 ms. Memory: 61440K Free: 44641K (73%)
ptolemy.util.test.WatchDog.cancel(): canceling Sun Sep 13 15:40:46 UTC 2020
------------------ testing $PTII/ptolemy/domains/de/test/auto/TransferInputs.xml
auto.tcl: Setting watchdog for 200 seconds at Sun Sep 13 15:40:46 UTC 2020
10 ms. Memory: 58368K Free: 38096K (65%)
ptolemy.util.test.WatchDog.cancel(): canceling Sun Sep 13 15:40:46 UTC 2020
auto.tcl: Setting watchdog for 200 seconds at Sun Sep 13 15:40:46 UTC 2020
2 ms. Memory: 58368K Free: 37164K (64%)
ptolemy.util.test.WatchDog.cancel(): canceling Sun Sep 13 15:40:46 UTC 2020
------------------ testing $PTII/ptolemy/domains/de/test/auto/TransferOutputs2.xml
auto.tcl: Setting watchdog for 200 seconds at Sun Sep 13 15:40:46 UTC 2020
3 ms. Memory: 55296K Free: 32482K (59%)
ptolemy.util.test.WatchDog.cancel(): canceling Sun Sep 13 15:40:46 UTC 2020
auto.tcl: Setting watchdog for 200 seconds at Sun Sep 13 15:40:46 UTC 2020
3 ms. Memory: 55296K Free: 31034K (56%)
ptolemy.util.test.WatchDog.cancel(): canceling Sun Sep 13 15:40:46 UTC 2020
------------------ testing $PTII/ptolemy/domains/de/test/auto/Trilateration.xml
auto.tcl: Setting watchdog for 200 seconds at Sun Sep 13 15:40:46 UTC 2020
11975 ms. Memory: 368640K Free: 322415K (87%)
ptolemy.util.test.WatchDog.cancel(): canceling Sun Sep 13 15:40:59 UTC 2020
auto.tcl: Setting watchdog for 200 seconds at Sun Sep 13 15:40:59 UTC 2020
9102 ms. Memory: 368640K Free: 310938K (84%)
ptolemy.util.test.WatchDog.cancel(): canceling Sun Sep 13 15:41:08 UTC 2020
------------------ testing $PTII/ptolemy/domains/de/test/auto/TwoSigmaDelta.xml
auto.tcl: Setting watchdog for 200 seconds at Sun Sep 13 15:41:08 UTC 2020
2289 ms. Memory: 89088K Free: 61868K (69%)
ptolemy.util.test.WatchDog.cancel(): canceling Sun Sep 13 15:41:10 UTC 2020
auto.tcl: Setting watchdog for 200 seconds at Sun Sep 13 15:41:10 UTC 2020
1658 ms. Memory: 89088K Free: 60318K (68%)
ptolemy.util.test.WatchDog.cancel(): canceling Sun Sep 13 15:41:12 UTC 2020
------------------ testing $PTII/ptolemy/domains/de/test/auto/VariableDelay.xml
auto.tcl: Setting watchdog for 200 seconds at Sun Sep 13 15:41:12 UTC 2020
3 ms. Memory: 89088K Free: 57820K (65%)
ptolemy.util.test.WatchDog.cancel(): canceling Sun Sep 13 15:41:12 UTC 2020
auto.tcl: Setting watchdog for 200 seconds at Sun Sep 13 15:41:12 UTC 2020
2 ms. Memory: 89088K Free: 56826K (64%)
ptolemy.util.test.WatchDog.cancel(): canceling Sun Sep 13 15:41:12 UTC 2020
------------------ testing $PTII/ptolemy/domains/de/test/auto/VariableDelay2.xml
auto.tcl: Setting watchdog for 200 seconds at Sun Sep 13 15:41:12 UTC 2020
1 ms. Memory: 89088K Free: 58209K (65%)
ptolemy.util.test.WatchDog.cancel(): canceling Sun Sep 13 15:41:12 UTC 2020
auto.tcl: Setting watchdog for 200 seconds at Sun Sep 13 15:41:12 UTC 2020
2 ms. Memory: 89088K Free: 57729K (65%)
ptolemy.util.test.WatchDog.cancel(): canceling Sun Sep 13 15:41:12 UTC 2020
------------------ testing $PTII/ptolemy/domains/de/test/auto/VariableDelayZeroDelay.xml
auto.tcl: Setting watchdog for 200 seconds at Sun Sep 13 15:41:12 UTC 2020
2 ms. Memory: 89088K Free: 58752K (66%)
ptolemy.util.test.WatchDog.cancel(): canceling Sun Sep 13 15:41:12 UTC 2020
auto.tcl: Setting watchdog for 200 seconds at Sun Sep 13 15:41:12 UTC 2020
2 ms. Memory: 89088K Free: 58208K (65%)
ptolemy.util.test.WatchDog.cancel(): canceling Sun Sep 13 15:41:12 UTC 2020
------------------ testing $PTII/ptolemy/domains/de/test/auto/VariableDelayZeroDelay2.xml
auto.tcl: Setting watchdog for 200 seconds at Sun Sep 13 15:41:12 UTC 2020
2 ms. Memory: 89088K Free: 58751K (66%)
ptolemy.util.test.WatchDog.cancel(): canceling Sun Sep 13 15:41:12 UTC 2020
auto.tcl: Setting watchdog for 200 seconds at Sun Sep 13 15:41:12 UTC 2020
2 ms. Memory: 89088K Free: 57727K (65%)
ptolemy.util.test.WatchDog.cancel(): canceling Sun Sep 13 15:41:12 UTC 2020
------------------ testing $PTII/ptolemy/domains/de/test/auto/deInCt.xml
auto.tcl: Setting watchdog for 200 seconds at Sun Sep 13 15:41:13 UTC 2020
0
1
1
1
1
0
0
0
1
1
1
0
0
0
1
1
1
1
0
0
0
1
1
1
1
1
0
0
0
0
0
0
8 ms. Memory: 89088K Free: 57724K (65%)
ptolemy.util.test.WatchDog.cancel(): canceling Sun Sep 13 15:41:13 UTC 2020
auto.tcl: Setting watchdog for 200 seconds at Sun Sep 13 15:41:13 UTC 2020
0
1
1
0
0
0
1
1
1
0
0
0
1
1
1
1
0
0
0
1
1
1
0
0
0
0
1
1
1
1
1
0
0
0
0
0
1
1
1
1
8 ms. Memory: 89088K Free: 56186K (63%)
ptolemy.util.test.WatchDog.cancel(): canceling Sun Sep 13 15:41:13 UTC 2020
------------------ testing $PTII/ptolemy/domains/de/test/auto/deInCt2.xml
auto.tcl: Setting watchdog for 200 seconds at Sun Sep 13 15:41:13 UTC 2020
0
1
1
1
0
0
1
1
1
0
0
1
1
1
0
0
1
1
1
0
0
1
1
1
0
0
1
1
1
0
0
1
1
1
0
0
1
1
1
0
0
0
7 ms. Memory: 89088K Free: 57725K (65%)
ptolemy.util.test.WatchDog.cancel(): canceling Sun Sep 13 15:41:13 UTC 2020
auto.tcl: Setting watchdog for 200 seconds at Sun Sep 13 15:41:13 UTC 2020
0
1
1
1
0
0
1
1
1
0
0
1
1
1
0
0
1
1
1
0
0
1
1
1
0
0
1
1
1
0
0
1
1
1
0
0
1
1
1
0
0
0
8 ms. Memory: 89088K Free: 56173K (63%)
ptolemy.util.test.WatchDog.cancel(): canceling Sun Sep 13 15:41:13 UTC 2020
------------------ testing $PTII/ptolemy/domains/de/test/auto/dynamicCausalityInterface1.xml
auto.tcl: Setting watchdog for 200 seconds at Sun Sep 13 15:41:13 UTC 2020
1 ms. Memory: 89088K Free: 53624K (60%)
ptolemy.util.test.WatchDog.cancel(): canceling Sun Sep 13 15:41:13 UTC 2020
auto.tcl: Setting watchdog for 200 seconds at Sun Sep 13 15:41:13 UTC 2020
1 ms. Memory: 89088K Free: 53110K (60%)
ptolemy.util.test.WatchDog.cancel(): canceling Sun Sep 13 15:41:13 UTC 2020
------------------ testing $PTII/ptolemy/domains/de/test/auto/fsm_de_test.xml
auto.tcl: Setting watchdog for 200 seconds at Sun Sep 13 15:41:13 UTC 2020
8 ms. Memory: 89088K Free: 53523K (60%)
ptolemy.util.test.WatchDog.cancel(): canceling Sun Sep 13 15:41:13 UTC 2020
auto.tcl: Setting watchdog for 200 seconds at Sun Sep 13 15:41:13 UTC 2020
8 ms. Memory: 89088K Free: 51475K (58%)
ptolemy.util.test.WatchDog.cancel(): canceling Sun Sep 13 15:41:13 UTC 2020
------------------ testing $PTII/ptolemy/domains/de/test/auto/functionDependencyReconstruction.xml
auto.tcl: Setting watchdog for 200 seconds at Sun Sep 13 15:41:13 UTC 2020
2 ms. Memory: 89088K Free: 47368K (53%)
ptolemy.util.test.WatchDog.cancel(): canceling Sun Sep 13 15:41:13 UTC 2020
auto.tcl: Setting watchdog for 200 seconds at Sun Sep 13 15:41:13 UTC 2020
2 ms. Memory: 89088K Free: 45320K (51%)
ptolemy.util.test.WatchDog.cancel(): canceling Sun Sep 13 15:41:13 UTC 2020
------------------ testing $PTII/ptolemy/domains/de/test/auto/multirate.xml
auto.tcl: Setting watchdog for 200 seconds at Sun Sep 13 15:41:13 UTC 2020
4 ms. Memory: 89088K Free: 55932K (63%)
ptolemy.util.test.WatchDog.cancel(): canceling Sun Sep 13 15:41:13 UTC 2020
auto.tcl: Setting watchdog for 200 seconds at Sun Sep 13 15:41:13 UTC 2020
3 ms. Memory: 89088K Free: 54418K (61%)
ptolemy.util.test.WatchDog.cancel(): canceling Sun Sep 13 15:41:13 UTC 2020
------------------ testing $PTII/ptolemy/domains/de/test/auto/multirate2.xml
auto.tcl: Setting watchdog for 200 seconds at Sun Sep 13 15:41:13 UTC 2020
4 ms. Memory: 89088K Free: 56116K (63%)
ptolemy.util.test.WatchDog.cancel(): canceling Sun Sep 13 15:41:13 UTC 2020
auto.tcl: Setting watchdog for 200 seconds at Sun Sep 13 15:41:13 UTC 2020
3 ms. Memory: 89088K Free: 54596K (61%)
ptolemy.util.test.WatchDog.cancel(): canceling Sun Sep 13 15:41:13 UTC 2020
------------------ testing $PTII/ptolemy/domains/de/test/auto/realtime.xml
auto.tcl: Setting watchdog for 200 seconds at Sun Sep 13 15:41:13 UTC 2020
10001 ms. Memory: 89088K Free: 58188K (65%)
ptolemy.util.test.WatchDog.cancel(): canceling Sun Sep 13 15:41:23 UTC 2020
auto.tcl: Setting watchdog for 200 seconds at Sun Sep 13 15:41:23 UTC 2020
10001 ms. Memory: 89088K Free: 57153K (64%)
ptolemy.util.test.WatchDog.cancel(): canceling Sun Sep 13 15:41:33 UTC 2020
------------------ testing $PTII/ptolemy/domains/de/test/auto/relationGroup.xml
auto.tcl: Setting watchdog for 200 seconds at Sun Sep 13 15:41:33 UTC 2020
2 ms. Memory: 89088K Free: 59236K (66%)
ptolemy.util.test.WatchDog.cancel(): canceling Sun Sep 13 15:41:33 UTC 2020
auto.tcl: Setting watchdog for 200 seconds at Sun Sep 13 15:41:33 UTC 2020
2 ms. Memory: 89088K Free: 58724K (66%)
ptolemy.util.test.WatchDog.cancel(): canceling Sun Sep 13 15:41:33 UTC 2020
------------------ testing $PTII/ptolemy/domains/de/test/auto/relationGroup2.xml
auto.tcl: Setting watchdog for 200 seconds at Sun Sep 13 15:41:33 UTC 2020
1 ms. Memory: 89088K Free: 59292K (67%)
ptolemy.util.test.WatchDog.cancel(): canceling Sun Sep 13 15:41:33 UTC 2020
auto.tcl: Setting watchdog for 200 seconds at Sun Sep 13 15:41:33 UTC 2020
1 ms. Memory: 89088K Free: 58780K (66%)
ptolemy.util.test.WatchDog.cancel(): canceling Sun Sep 13 15:41:33 UTC 2020
------------------ testing $PTII/ptolemy/domains/de/test/auto/sortWithOpaquePorts.xml
auto.tcl: Setting watchdog for 200 seconds at Sun Sep 13 15:41:34 UTC 2020
2 ms. Memory: 89088K Free: 58245K (65%)
ptolemy.util.test.WatchDog.cancel(): canceling Sun Sep 13 15:41:34 UTC 2020
auto.tcl: Setting watchdog for 200 seconds at Sun Sep 13 15:41:34 UTC 2020
2 ms. Memory: 89088K Free: 57221K (64%)
ptolemy.util.test.WatchDog.cancel(): canceling Sun Sep 13 15:41:34 UTC 2020
------------------ testing $PTII/ptolemy/domains/de/test/auto/transferInputsandOutputs.xml
auto.tcl: Setting watchdog for 200 seconds at Sun Sep 13 15:41:34 UTC 2020
4 ms. Memory: 89088K Free: 55689K (63%)
ptolemy.util.test.WatchDog.cancel(): canceling Sun Sep 13 15:41:34 UTC 2020
auto.tcl: Setting watchdog for 200 seconds at Sun Sep 13 15:41:34 UTC 2020
2 ms. Memory: 89088K Free: 54665K (61%)
ptolemy.util.test.WatchDog.cancel(): canceling Sun Sep 13 15:41:34 UTC 2020
------------------ testing $PTII/ptolemy/domains/de/test/auto/triggerType.xml
auto.tcl: Setting watchdog for 200 seconds at Sun Sep 13 15:41:34 UTC 2020
1 ms. Memory: 89088K Free: 58714K (66%)
ptolemy.util.test.WatchDog.cancel(): canceling Sun Sep 13 15:41:34 UTC 2020
auto.tcl: Setting watchdog for 200 seconds at Sun Sep 13 15:41:34 UTC 2020
2 ms. Memory: 89088K Free: 57690K (65%)
ptolemy.util.test.WatchDog.cancel(): canceling Sun Sep 13 15:41:34 UTC 2020
09/13/20 03:41:34
Failed: 0  Total Tests: 192  ((Passed: 187, Newly Passed: 1)  Known Failed: 5) /home/travis/build/icyphy/ptII/ptolemy/domains/de/test
09/13/20 03:41:34
Failed: 0  Total Tests: 192  ((Passed: 187, Newly Passed: 1)  Known Failed: 5) /home/travis/build/icyphy/ptII/ptolemy/domains/de/test
----------------- testing (KnownFailure) /home/travis/build/icyphy/ptII/ptolemy/domains/de/test/auto/knownFailedTests/DESDFClockTest.xml
2013 ms. Memory: 89088K Free: 52109K (58%)
Known Failure: java.lang.reflect.InvocationTargetException
----------------- testing (KnownFailure) /home/travis/build/icyphy/ptII/ptolemy/domains/de/test/auto/knownFailedTests/DirectFeedback.xml
2 ms. Memory: 89088K Free: 48013K (54%)
Known Failure: java.lang.reflect.InvocationTargetException
----------------- testing (KnownFailure) /home/travis/build/icyphy/ptII/ptolemy/domains/de/test/auto/knownFailedTests/FSMSource.xml
7 ms. Memory: 89088K Free: 40335K (45%)
----------------- testing (KnownFailure) /home/travis/build/icyphy/ptII/ptolemy/domains/de/test/auto/knownFailedTests/HierarchicalModel.xml
2 ms. Memory: 89088K Free: 23951K (27%)
Known Failure: java.lang.reflect.InvocationTargetException
----------------- testing (KnownFailure) /home/travis/build/icyphy/ptII/ptolemy/domains/de/test/auto/knownFailedTests/dependencyLoop.xml
2 ms. Memory: 89088K Free: 58749K (66%)
Known Failure: java.lang.reflect.InvocationTargetException
----------------- testing (KnownFailure) /home/travis/build/icyphy/ptII/ptolemy/domains/de/test/auto/knownFailedTests/dependencyLoop2.xml
8 ms. Memory: 89088K Free: 42873K (48%)
Known Failure: java.lang.reflect.InvocationTargetException
No auto/linux-amd64/*.xml tests in /home/travis/build/icyphy/ptII/ptolemy/domains/de/test
AutoTests.java: About to close Vertx.
AutoTests.java: Vertx closed.

===========================================================================================
----------------- testing Sun Sep 13 15:41:36 UTC 2020 /home/travis/build/icyphy/ptII/ptolemy/domains/de/test/auto/ActorDepthCalculation_actorWithoutPorts.xml
----------------- Instantiating /home/travis/build/icyphy/ptII/ptolemy/domains/de/test/auto/ActorDepthCalculation_actorWithoutPorts.xml
3 ms. Memory: 89088K Free: 36205K (41%)
----------------- Invoking toplevel() on ptolemy.moml.MoMLSimpleApplication@62ad5b5e
----------------- Done invoking toplevel() on ptolemy.moml.MoMLSimpleApplication@62ad5b5e
reloadAllAccessors: .ActorDepthCalculation_actorWithoutPorts

===========================================================================================
----------------- testing Sun Sep 13 15:41:36 UTC 2020 /home/travis/build/icyphy/ptII/ptolemy/domains/de/test/auto/AssemblyLine.xml
----------------- Instantiating /home/travis/build/icyphy/ptII/ptolemy/domains/de/test/auto/AssemblyLine.xml
3 ms. Memory: 89088K Free: 28554K (32%)
----------------- Invoking toplevel() on ptolemy.moml.MoMLSimpleApplication@dc617d9
----------------- Done invoking toplevel() on ptolemy.moml.MoMLSimpleApplication@dc617d9
reloadAllAccessors: .AssemblyLine

===========================================================================================
----------------- testing Sun Sep 13 15:41:36 UTC 2020 /home/travis/build/icyphy/ptII/ptolemy/domains/de/test/auto/CQBug1.xml
----------------- Instantiating /home/travis/build/icyphy/ptII/ptolemy/domains/de/test/auto/CQBug1.xml
1 ms. Memory: 89088K Free: 25482K (29%)
----------------- Invoking toplevel() on ptolemy.moml.MoMLSimpleApplication@3186b651
----------------- Done invoking toplevel() on ptolemy.moml.MoMLSimpleApplication@3186b651
reloadAllAccessors: .CQBug1

===========================================================================================
----------------- testing Sun Sep 13 15:41:36 UTC 2020 /home/travis/build/icyphy/ptII/ptolemy/domains/de/test/auto/CancelFireAt.xml
----------------- Instantiating /home/travis/build/icyphy/ptII/ptolemy/domains/de/test/auto/CancelFireAt.xml
1 ms. Memory: 89088K Free: 22418K (25%)
----------------- Invoking toplevel() on ptolemy.moml.MoMLSimpleApplication@15b687f6
----------------- Done invoking toplevel() on ptolemy.moml.MoMLSimpleApplication@15b687f6
reloadAllAccessors: .CancelFireAt

===========================================================================================
----------------- testing Sun Sep 13 15:41:36 UTC 2020 /home/travis/build/icyphy/ptII/ptolemy/domains/de/test/auto/CausalityAndComposabilityAnalysis.xml
----------------- Instantiating /home/travis/build/icyphy/ptII/ptolemy/domains/de/test/auto/CausalityAndComposabilityAnalysis.xml
3 ms. Memory: 89088K Free: 17803K (20%)
----------------- Invoking toplevel() on ptolemy.moml.MoMLSimpleApplication@15193be9
----------------- Done invoking toplevel() on ptolemy.moml.MoMLSimpleApplication@15193be9
reloadAllAccessors: .CausalityAndComposabilityAnalysis

===========================================================================================
----------------- testing Sun Sep 13 15:41:36 UTC 2020 /home/travis/build/icyphy/ptII/ptolemy/domains/de/test/auto/CausalityInterface1.xml
----------------- Instantiating /home/travis/build/icyphy/ptII/ptolemy/domains/de/test/auto/CausalityInterface1.xml
11 ms. Memory: 89088K Free: 61832K (69%)
----------------- Invoking toplevel() on ptolemy.moml.MoMLSimpleApplication@20d282c
----------------- Done invoking toplevel() on ptolemy.moml.MoMLSimpleApplication@20d282c
reloadAllAccessors: .CausalityInterface1

===========================================================================================
----------------- testing Sun Sep 13 15:41:36 UTC 2020 /home/travis/build/icyphy/ptII/ptolemy/domains/de/test/auto/CausalityInterface15.xml
----------------- Instantiating /home/travis/build/icyphy/ptII/ptolemy/domains/de/test/auto/CausalityInterface15.xml
2 ms. Memory: 89088K Free: 55755K (63%)
----------------- Invoking toplevel() on ptolemy.moml.MoMLSimpleApplication@68603a3d
----------------- Done invoking toplevel() on ptolemy.moml.MoMLSimpleApplication@68603a3d
reloadAllAccessors: .CausalityInterface15

===========================================================================================
----------------- testing Sun Sep 13 15:41:36 UTC 2020 /home/travis/build/icyphy/ptII/ptolemy/domains/de/test/auto/CausalityInterface2.xml
----------------- Instantiating /home/travis/build/icyphy/ptII/ptolemy/domains/de/test/auto/CausalityInterface2.xml
1 ms. Memory: 89088K Free: 51001K (57%)
[...]
	at ptolemy.actor.Manager.run(Manager.java:1263)
	at ptolemy.actor.Manager$PtolemyRunThread.run(Manager.java:1933)
java.lang.RuntimeException: Execution failed
	at ptolemy.moml.MoMLSimpleApplication$UnloadThread.run(MoMLSimpleApplication.java:402)
Caused by: ptolemy.kernel.util.IllegalActionException: Actor is not ready to fire.  Perhaps UpSample.prefire() returned false? Try debugging the actor by selecting "Listen to Actor".  Also, for SDF check moml for tokenConsumptionRate on input.
  in .DESDFClockTest.Play Bell.Copy1:SDF Director and .DESDFClockTest.Play Bell.UpSample
	at ptolemy.actor.sched.StaticSchedulingDirector.fire(StaticSchedulingDirector.java:227)
	at ptolemy.domains.sdf.kernel.SDFDirector.fire(SDFDirector.java:500)
	at ptolemy.actor.CompositeActor.fire(CompositeActor.java:455)
	at ptolemy.domains.de.kernel.DEDirector._fire(DEDirector.java:1949)
	at ptolemy.domains.de.kernel.DEDirector.fire(DEDirector.java:502)
	at ptolemy.actor.CompositeActor.fire(CompositeActor.java:455)
	at ptolemy.actor.Manager.iterate(Manager.java:851)
	at ptolemy.actor.Manager.execute(Manager.java:369)
	at ptolemy.actor.Manager.run(Manager.java:1263)
	at ptolemy.actor.Manager$PtolemyRunThread.run(Manager.java:1933)
java.lang.reflect.InvocationTargetException
	at java.base/jdk.internal.reflect.NativeConstructorAccessorImpl.newInstance0(Native Method)
	at java.base/jdk.internal.reflect.NativeConstructorAccessorImpl.newInstance(NativeConstructorAccessorImpl.java:62)
	at java.base/jdk.internal.reflect.DelegatingConstructorAccessorImpl.newInstance(DelegatingConstructorAccessorImpl.java:45)
	at java.base/java.lang.reflect.Constructor.newInstance(Constructor.java:490)
	at ptolemy.util.test.junit.AutoKnownFailedTests.RunModel(AutoKnownFailedTests.java:105)
	at java.base/jdk.internal.reflect.NativeMethodAccessorImpl.invoke0(Native Method)
	at java.base/jdk.internal.reflect.NativeMethodAccessorImpl.invoke(NativeMethodAccessorImpl.java:62)
	at java.base/jdk.internal.reflect.DelegatingMethodAccessorImpl.invoke(DelegatingMethodAccessorImpl.java:43)
	at java.base/java.lang.reflect.Method.invoke(Method.java:566)
	at org.junit.runners.model.FrameworkMethod$1.runReflectiveCall(FrameworkMethod.java:44)
	at org.junit.internal.runners.model.ReflectiveCallable.run(ReflectiveCallable.java:15)
	at org.junit.runners.model.FrameworkMethod.invokeExplosively(FrameworkMethod.java:41)
	at junitparams.internal.InvokeParameterisedMethod.evaluate(InvokeParameterisedMethod.java:102)
	at org.junit.internal.runners.statements.FailOnTimeout$1.run(FailOnTimeout.java:28)
Caused by: ptolemy.kernel.util.IllegalActionException: Actor is not ready to fire.  Perhaps UpSample.prefire() returned false? Try debugging the actor by selecting "Listen to Actor".  Also, for SDF check moml for tokenConsumptionRate on input.
  in .DESDFClockTest.Play Bell.Copy1:SDF Director and .DESDFClockTest.Play Bell.UpSample
	at ptolemy.actor.sched.StaticSchedulingDirector.fire(StaticSchedulingDirector.java:227)
	at ptolemy.domains.sdf.kernel.SDFDirector.fire(SDFDirector.java:500)
	at ptolemy.actor.CompositeActor.fire(CompositeActor.java:455)
	at ptolemy.domains.de.kernel.DEDirector._fire(DEDirector.java:1949)
	at ptolemy.domains.de.kernel.DEDirector.fire(DEDirector.java:502)
	at ptolemy.actor.CompositeActor.fire(CompositeActor.java:455)
	at ptolemy.actor.Manager.iterate(Manager.java:851)
	at ptolemy.actor.Manager.execute(Manager.java:369)
	at ptolemy.actor.Manager.run(Manager.java:1263)
	at ptolemy.actor.Manager$PtolemyRunThread.run(Manager.java:1933)
java.lang.RuntimeException: Execution failed
	at ptolemy.moml.MoMLSimpleApplication$UnloadThread.run(MoMLSimpleApplication.java:402)
Caused by: ptolemy.kernel.util.IllegalActionException: Test fails in iteration 1.
Value was: 1.0. Should have been: 2.0
  in .DirectFeedback.Test
	at ptolemy.actor.lib.Test.fire(Test.java:268)
	at ptolemy.domains.de.kernel.DEDirector._fire(DEDirector.java:1949)
	at ptolemy.domains.de.kernel.DEDirector.fire(DEDirector.java:502)
	at ptolemy.actor.CompositeActor.fire(CompositeActor.java:455)
	at ptolemy.actor.Manager.iterate(Manager.java:851)
	at ptolemy.actor.Manager.execute(Manager.java:369)
	at ptolemy.actor.Manager.run(Manager.java:1263)
	at ptolemy.actor.Manager$PtolemyRunThread.run(Manager.java:1933)
java.lang.reflect.InvocationTargetException
	at java.base/jdk.internal.reflect.NativeConstructorAccessorImpl.newInstance0(Native Method)
	at java.base/jdk.internal.reflect.NativeConstructorAccessorImpl.newInstance(NativeConstructorAccessorImpl.java:62)
	at java.base/jdk.internal.reflect.DelegatingConstructorAccessorImpl.newInstance(DelegatingConstructorAccessorImpl.java:45)
	at java.base/java.lang.reflect.Constructor.newInstance(Constructor.java:490)
	at ptolemy.util.test.junit.AutoKnownFailedTests.RunModel(AutoKnownFailedTests.java:105)
	at java.base/jdk.internal.reflect.NativeMethodAccessorImpl.invoke0(Native Method)
	at java.base/jdk.internal.reflect.NativeMethodAccessorImpl.invoke(NativeMethodAccessorImpl.java:62)
	at java.base/jdk.internal.reflect.DelegatingMethodAccessorImpl.invoke(DelegatingMethodAccessorImpl.java:43)
	at java.base/java.lang.reflect.Method.invoke(Method.java:566)
	at org.junit.runners.model.FrameworkMethod$1.runReflectiveCall(FrameworkMethod.java:44)
	at org.junit.internal.runners.model.ReflectiveCallable.run(ReflectiveCallable.java:15)
	at org.junit.runners.model.FrameworkMethod.invokeExplosively(FrameworkMethod.java:41)
	at junitparams.internal.InvokeParameterisedMethod.evaluate(InvokeParameterisedMethod.java:102)
	at org.junit.internal.runners.statements.FailOnTimeout$1.run(FailOnTimeout.java:28)
Caused by: ptolemy.kernel.util.IllegalActionException: Test fails in iteration 1.
Value was: 1.0. Should have been: 2.0
  in .DirectFeedback.Test
	at ptolemy.actor.lib.Test.fire(Test.java:268)
	at ptolemy.domains.de.kernel.DEDirector._fire(DEDirector.java:1949)
	at ptolemy.domains.de.kernel.DEDirector.fire(DEDirector.java:502)
	at ptolemy.actor.CompositeActor.fire(CompositeActor.java:455)
	at ptolemy.actor.Manager.iterate(Manager.java:851)
	at ptolemy.actor.Manager.execute(Manager.java:369)
	at ptolemy.actor.Manager.run(Manager.java:1263)
	at ptolemy.actor.Manager$PtolemyRunThread.run(Manager.java:1933)
java.lang.RuntimeException: Execution failed
	at ptolemy.moml.MoMLSimpleApplication$UnloadThread.run(MoMLSimpleApplication.java:402)
Caused by: ptolemy.kernel.util.IllegalActionException: Found a zero delay loop containing .HierarchicalModel.A
  in .HierarchicalModel and .HierarchicalModel.A
	at ptolemy.actor.util.CausalityInterfaceForComposites._computeOutputPortDepth(CausalityInterfaceForComposites.java:759)
	at ptolemy.actor.util.CausalityInterfaceForComposites._computeInputDepth(CausalityInterfaceForComposites.java:696)
	at ptolemy.actor.util.CausalityInterfaceForComposites._computeOutputPortDepth(CausalityInterfaceForComposites.java:765)
	at ptolemy.actor.util.CausalityInterfaceForComposites._computeInputDepth(CausalityInterfaceForComposites.java:696)
	at ptolemy.actor.util.CausalityInterfaceForComposites._computeOutputPortDepth(CausalityInterfaceForComposites.java:765)
	at ptolemy.actor.util.CausalityInterfaceForComposites._computeInputDepth(CausalityInterfaceForComposites.java:696)
	at ptolemy.actor.util.CausalityInterfaceForComposites._computeActorDepth(CausalityInterfaceForComposites.java:532)
	at ptolemy.actor.util.CausalityInterfaceForComposites.checkForCycles(CausalityInterfaceForComposites.java:96)
	at ptolemy.domains.de.kernel.DEDirector.preinitialize(DEDirector.java:1338)
	at ptolemy.actor.CompositeActor.preinitialize(CompositeActor.java:1828)
	at ptolemy.actor.Manager.preinitializeAndResolveTypes(Manager.java:1040)
	at ptolemy.actor.Manager.initialize(Manager.java:710)
	at ptolemy.actor.Manager.execute(Manager.java:356)
	at ptolemy.actor.Manager.run(Manager.java:1263)
	at ptolemy.actor.Manager$PtolemyRunThread.run(Manager.java:1933)
java.lang.reflect.InvocationTargetException
	at java.base/jdk.internal.reflect.NativeConstructorAccessorImpl.newInstance0(Native Method)
	at java.base/jdk.internal.reflect.NativeConstructorAccessorImpl.newInstance(NativeConstructorAccessorImpl.java:62)
	at java.base/jdk.internal.reflect.DelegatingConstructorAccessorImpl.newInstance(DelegatingConstructorAccessorImpl.java:45)
	at java.base/java.lang.reflect.Constructor.newInstance(Constructor.java:490)
	at ptolemy.util.test.junit.AutoKnownFailedTests.RunModel(AutoKnownFailedTests.java:105)
	at java.base/jdk.internal.reflect.NativeMethodAccessorImpl.invoke0(Native Method)
	at java.base/jdk.internal.reflect.NativeMethodAccessorImpl.invoke(NativeMethodAccessorImpl.java:62)
	at java.base/jdk.internal.reflect.DelegatingMethodAccessorImpl.invoke(DelegatingMethodAccessorImpl.java:43)
	at java.base/java.lang.reflect.Method.invoke(Method.java:566)
	at org.junit.runners.model.FrameworkMethod$1.runReflectiveCall(FrameworkMethod.java:44)
	at org.junit.internal.runners.model.ReflectiveCallable.run(ReflectiveCallable.java:15)
	at org.junit.runners.model.FrameworkMethod.invokeExplosively(FrameworkMethod.java:41)
	at junitparams.internal.InvokeParameterisedMethod.evaluate(InvokeParameterisedMethod.java:102)
	at org.junit.internal.runners.statements.FailOnTimeout$1.run(FailOnTimeout.java:28)
Caused by: ptolemy.kernel.util.IllegalActionException: Found a zero delay loop containing .HierarchicalModel.A
  in .HierarchicalModel and .HierarchicalModel.A
	at ptolemy.actor.util.CausalityInterfaceForComposites._computeOutputPortDepth(CausalityInterfaceForComposites.java:759)
	at ptolemy.actor.util.CausalityInterfaceForComposites._computeInputDepth(CausalityInterfaceForComposites.java:696)
	at ptolemy.actor.util.CausalityInterfaceForComposites._computeOutputPortDepth(CausalityInterfaceForComposites.java:765)
	at ptolemy.actor.util.CausalityInterfaceForComposites._computeInputDepth(CausalityInterfaceForComposites.java:696)
	at ptolemy.actor.util.CausalityInterfaceForComposites._computeOutputPortDepth(CausalityInterfaceForComposites.java:765)
	at ptolemy.actor.util.CausalityInterfaceForComposites._computeInputDepth(CausalityInterfaceForComposites.java:696)
	at ptolemy.actor.util.CausalityInterfaceForComposites._computeActorDepth(CausalityInterfaceForComposites.java:532)
	at ptolemy.actor.util.CausalityInterfaceForComposites.checkForCycles(CausalityInterfaceForComposites.java:96)
	at ptolemy.domains.de.kernel.DEDirector.preinitialize(DEDirector.java:1338)
	at ptolemy.actor.CompositeActor.preinitialize(CompositeActor.java:1828)
	at ptolemy.actor.Manager.preinitializeAndResolveTypes(Manager.java:1040)
	at ptolemy.actor.Manager.initialize(Manager.java:710)
	at ptolemy.actor.Manager.execute(Manager.java:356)
	at ptolemy.actor.Manager.run(Manager.java:1263)
	at ptolemy.actor.Manager$PtolemyRunThread.run(Manager.java:1933)
java.lang.RuntimeException: Execution failed
	at ptolemy.moml.MoMLSimpleApplication$UnloadThread.run(MoMLSimpleApplication.java:402)
Caused by: ptolemy.kernel.util.IllegalActionException: Found a zero delay loop containing .dependencyLoop.original
  in .dependencyLoop and .dependencyLoop.original
	at ptolemy.actor.util.CausalityInterfaceForComposites._computeOutputPortDepth(CausalityInterfaceForComposites.java:759)
	at ptolemy.actor.util.CausalityInterfaceForComposites._computeInputDepth(CausalityInterfaceForComposites.java:696)
	at ptolemy.actor.util.CausalityInterfaceForComposites._computeOutputPortDepth(CausalityInterfaceForComposites.java:765)
	at ptolemy.actor.util.CausalityInterfaceForComposites._computeInputDepth(CausalityInterfaceForComposites.java:696)
	at ptolemy.actor.util.CausalityInterfaceForComposites._computeOutputPortDepth(CausalityInterfaceForComposites.java:765)
	at ptolemy.actor.util.CausalityInterfaceForComposites._computeInputDepth(CausalityInterfaceForComposites.java:696)
	at ptolemy.actor.util.CausalityInterfaceForComposites._computeActorDepth(CausalityInterfaceForComposites.java:532)
	at ptolemy.actor.util.CausalityInterfaceForComposites.checkForCycles(CausalityInterfaceForComposites.java:96)
	at ptolemy.domains.de.kernel.DEDirector.preinitialize(DEDirector.java:1338)
	at ptolemy.actor.CompositeActor.preinitialize(CompositeActor.java:1828)
	at ptolemy.actor.Manager.preinitializeAndResolveTypes(Manager.java:1040)
	at ptolemy.actor.Manager.initialize(Manager.java:710)
	at ptolemy.actor.Manager.execute(Manager.java:356)
	at ptolemy.actor.Manager.run(Manager.java:1263)
	at ptolemy.actor.Manager$PtolemyRunThread.run(Manager.java:1933)
java.lang.reflect.InvocationTargetException
	at java.base/jdk.internal.reflect.NativeConstructorAccessorImpl.newInstance0(Native Method)
	at java.base/jdk.internal.reflect.NativeConstructorAccessorImpl.newInstance(NativeConstructorAccessorImpl.java:62)
	at java.base/jdk.internal.reflect.DelegatingConstructorAccessorImpl.newInstance(DelegatingConstructorAccessorImpl.java:45)
	at java.base/java.lang.reflect.Constructor.newInstance(Constructor.java:490)
	at ptolemy.util.test.junit.AutoKnownFailedTests.RunModel(AutoKnownFailedTests.java:105)
	at java.base/jdk.internal.reflect.NativeMethodAccessorImpl.invoke0(Native Method)
	at java.base/jdk.internal.reflect.NativeMethodAccessorImpl.invoke(NativeMethodAccessorImpl.java:62)
	at java.base/jdk.internal.reflect.DelegatingMethodAccessorImpl.invoke(DelegatingMethodAccessorImpl.java:43)
	at java.base/java.lang.reflect.Method.invoke(Method.java:566)
	at org.junit.runners.model.FrameworkMethod$1.runReflectiveCall(FrameworkMethod.java:44)
	at org.junit.internal.runners.model.ReflectiveCallable.run(ReflectiveCallable.java:15)
	at org.junit.runners.model.FrameworkMethod.invokeExplosively(FrameworkMethod.java:41)
	at junitparams.internal.InvokeParameterisedMethod.evaluate(InvokeParameterisedMethod.java:102)
	at org.junit.internal.runners.statements.FailOnTimeout$1.run(FailOnTimeout.java:28)
Caused by: ptolemy.kernel.util.IllegalActionException: Found a zero delay loop containing .dependencyLoop.original
  in .dependencyLoop and .dependencyLoop.original
	at ptolemy.actor.util.CausalityInterfaceForComposites._computeOutputPortDepth(CausalityInterfaceForComposites.java:759)
	at ptolemy.actor.util.CausalityInterfaceForComposites._computeInputDepth(CausalityInterfaceForComposites.java:696)
	at ptolemy.actor.util.CausalityInterfaceForComposites._computeOutputPortDepth(CausalityInterfaceForComposites.java:765)
	at ptolemy.actor.util.CausalityInterfaceForComposites._computeInputDepth(CausalityInterfaceForComposites.java:696)
	at ptolemy.actor.util.CausalityInterfaceForComposites._computeOutputPortDepth(CausalityInterfaceForComposites.java:765)
	at ptolemy.actor.util.CausalityInterfaceForComposites._computeInputDepth(CausalityInterfaceForComposites.java:696)
	at ptolemy.actor.util.CausalityInterfaceForComposites._computeActorDepth(CausalityInterfaceForComposites.java:532)
	at ptolemy.actor.util.CausalityInterfaceForComposites.checkForCycles(CausalityInterfaceForComposites.java:96)
	at ptolemy.domains.de.kernel.DEDirector.preinitialize(DEDirector.java:1338)
	at ptolemy.actor.CompositeActor.preinitialize(CompositeActor.java:1828)
	at ptolemy.actor.Manager.preinitializeAndResolveTypes(Manager.java:1040)
	at ptolemy.actor.Manager.initialize(Manager.java:710)
	at ptolemy.actor.Manager.execute(Manager.java:356)
	at ptolemy.actor.Manager.run(Manager.java:1263)
	at ptolemy.actor.Manager$PtolemyRunThread.run(Manager.java:1933)
java.lang.RuntimeException: Execution failed
	at ptolemy.moml.MoMLSimpleApplication$UnloadThread.run(MoMLSimpleApplication.java:402)
Caused by: ptolemy.kernel.util.IllegalActionException: Found a zero delay loop containing .dependencyLoop2.original
  in .dependencyLoop2 and .dependencyLoop2.original
	at ptolemy.actor.util.CausalityInterfaceForComposites._computeOutputPortDepth(CausalityInterfaceForComposites.java:759)
	at ptolemy.actor.util.CausalityInterfaceForComposites._computeInputDepth(CausalityInterfaceForComposites.java:696)
	at ptolemy.actor.util.CausalityInterfaceForComposites._computeOutputPortDepth(CausalityInterfaceForComposites.java:765)
	at ptolemy.actor.util.CausalityInterfaceForComposites._computeInputDepth(CausalityInterfaceForComposites.java:696)
	at ptolemy.actor.util.CausalityInterfaceForComposites._computeOutputPortDepth(CausalityInterfaceForComposites.java:765)
	at ptolemy.actor.util.CausalityInterfaceForComposites._computeInputDepth(CausalityInterfaceForComposites.java:696)
	at ptolemy.actor.util.CausalityInterfaceForComposites._computeActorDepth(CausalityInterfaceForComposites.java:532)
	at ptolemy.actor.util.CausalityInterfaceForComposites.checkForCycles(CausalityInterfaceForComposites.java:96)
	at ptolemy.domains.de.kernel.DEDirector.preinitialize(DEDirector.java:1338)
	at ptolemy.actor.CompositeActor.preinitialize(CompositeActor.java:1828)
	at ptolemy.actor.Manager.preinitializeAndResolveTypes(Manager.java:1040)
	at ptolemy.actor.Manager.initialize(Manager.java:710)
	at ptolemy.actor.Manager.execute(Manager.java:356)
	at ptolemy.actor.Manager.run(Manager.java:1263)
	at ptolemy.actor.Manager$PtolemyRunThread.run(Manager.java:1933)
java.lang.reflect.InvocationTargetException
	at java.base/jdk.internal.reflect.NativeConstructorAccessorImpl.newInstance0(Native Method)
	at java.base/jdk.internal.reflect.NativeConstructorAccessorImpl.newInstance(NativeConstructorAccessorImpl.java:62)
	at java.base/jdk.internal.reflect.DelegatingConstructorAccessorImpl.newInstance(DelegatingConstructorAccessorImpl.java:45)
	at java.base/java.lang.reflect.Constructor.newInstance(Constructor.java:490)
	at ptolemy.util.test.junit.AutoKnownFailedTests.RunModel(AutoKnownFailedTests.java:105)
	at java.base/jdk.internal.reflect.NativeMethodAccessorImpl.invoke0(Native Method)
	at java.base/jdk.internal.reflect.NativeMethodAccessorImpl.invoke(NativeMethodAccessorImpl.java:62)
	at java.base/jdk.internal.reflect.DelegatingMethodAccessorImpl.invoke(DelegatingMethodAccessorImpl.java:43)
	at java.base/java.lang.reflect.Method.invoke(Method.java:566)
	at org.junit.runners.model.FrameworkMethod$1.runReflectiveCall(FrameworkMethod.java:44)
	at org.junit.internal.runners.model.ReflectiveCallable.run(ReflectiveCallable.java:15)
	at org.junit.runners.model.FrameworkMethod.invokeExplosively(FrameworkMethod.java:41)
	at junitparams.internal.InvokeParameterisedMethod.evaluate(InvokeParameterisedMethod.java:102)
	at org.junit.internal.runners.statements.FailOnTimeout$1.run(FailOnTimeout.java:28)
Caused by: ptolemy.kernel.util.IllegalActionException: Found a zero delay loop containing .dependencyLoop2.original
  in .dependencyLoop2 and .dependencyLoop2.original
	at ptolemy.actor.util.CausalityInterfaceForComposites._computeOutputPortDepth(CausalityInterfaceForComposites.java:759)
	at ptolemy.actor.util.CausalityInterfaceForComposites._computeInputDepth(CausalityInterfaceForComposites.java:696)
	at ptolemy.actor.util.CausalityInterfaceForComposites._computeOutputPortDepth(CausalityInterfaceForComposites.java:765)
	at ptolemy.actor.util.CausalityInterfaceForComposites._computeInputDepth(CausalityInterfaceForComposites.java:696)
	at ptolemy.actor.util.CausalityInterfaceForComposites._computeOutputPortDepth(CausalityInterfaceForComposites.java:765)
	at ptolemy.actor.util.CausalityInterfaceForComposites._computeInputDepth(CausalityInterfaceForComposites.java:696)
	at ptolemy.actor.util.CausalityInterfaceForComposites._computeActorDepth(CausalityInterfaceForComposites.java:532)
	at ptolemy.actor.util.CausalityInterfaceForComposites.checkForCycles(CausalityInterfaceForComposites.java:96)
	at ptolemy.domains.de.kernel.DEDirector.preinitialize(DEDirector.java:1338)
	at ptolemy.actor.CompositeActor.preinitialize(CompositeActor.java:1828)
	at ptolemy.actor.Manager.preinitializeAndResolveTypes(Manager.java:1040)
	at ptolemy.actor.Manager.initialize(Manager.java:710)
	at ptolemy.actor.Manager.execute(Manager.java:356)
	at ptolemy.actor.Manager.run(Manager.java:1263)
	at ptolemy.actor.Manager$PtolemyRunThread.run(Manager.java:1933)
]]></system-err>
</testsuite>
