<?xml version="1.0" encoding="UTF-8" ?>
<testsuite errors="0" failures="0" hostname="travis-job-acc3e5d7-7758-41b3-a203-0598d40850d2" name="ptolemy.domains.continuous.test.junit.JUnitTclTest" skipped="0" tests="156" time="70.309" timestamp="2020-04-13T13:52:01">
  <properties>
[...]
</properties>
  <testcase classname="ptolemy.util.test.junit.TclTests" name="[0] ThereAreNoTclTests (RunTclFile)" time="0.009" />
  <testcase classname="ptolemy.util.test.junit.AutoKnownFailedTests" name="[0] ThereAreNoKnowFailedTests (RunModel)" time="0.001" />
  <testcase classname="ptolemy.util.test.junit.AutoNameArchTests" name="[0] ThereAreNoAutoArchTests (RunModel)" time="0.009" />
  <testcase classname="ptolemy.util.test.junit.AutoTests" name="[0] /home/travis/build/icyphy/ptII/ptolemy/domains/continuous/test/auto/BouncingBall.xml (RunModel)" time="2.833" />
  <testcase classname="ptolemy.util.test.junit.AutoTests" name="[1] /home/travis/build/icyphy/ptII/ptolemy/domains/continuous/test/auto/BouncingBallWithoutGR.xml (RunModel)" time="0.936" />
  <testcase classname="ptolemy.util.test.junit.AutoTests" name="[2] /home/travis/build/icyphy/ptII/ptolemy/domains/continuous/test/auto/Brownian.xml (RunModel)" time="0.088" />
  <testcase classname="ptolemy.util.test.junit.AutoTests" name="[3] /home/travis/build/icyphy/ptII/ptolemy/domains/continuous/test/auto/CarTracking.xml (RunModel)" time="3.666" />
  <testcase classname="ptolemy.util.test.junit.AutoTests" name="[4] /home/travis/build/icyphy/ptII/ptolemy/domains/continuous/test/auto/CartPendulum.xml (RunModel)" time="0.529" />
  <testcase classname="ptolemy.util.test.junit.AutoTests" name="[5] /home/travis/build/icyphy/ptII/ptolemy/domains/continuous/test/auto/CausalityInterface10.xml (RunModel)" time="0.045" />
  <testcase classname="ptolemy.util.test.junit.AutoTests" name="[6] /home/travis/build/icyphy/ptII/ptolemy/domains/continuous/test/auto/CausalityInterface11.xml (RunModel)" time="0.029" />
  <testcase classname="ptolemy.util.test.junit.AutoTests" name="[7] /home/travis/build/icyphy/ptII/ptolemy/domains/continuous/test/auto/CausalityInterface12.xml (RunModel)" time="0.037" />
  <testcase classname="ptolemy.util.test.junit.AutoTests" name="[8] /home/travis/build/icyphy/ptII/ptolemy/domains/continuous/test/auto/CausalityInterface13.xml (RunModel)" time="0.044" />
  <testcase classname="ptolemy.util.test.junit.AutoTests" name="[9] /home/travis/build/icyphy/ptII/ptolemy/domains/continuous/test/auto/CausalityInterface14.xml (RunModel)" time="0.024" />
  <testcase classname="ptolemy.util.test.junit.AutoTests" name="[10] /home/travis/build/icyphy/ptII/ptolemy/domains/continuous/test/auto/CausalityInterface4.xml (RunModel)" time="0.018" />
  <testcase classname="ptolemy.util.test.junit.AutoTests" name="[11] /home/travis/build/icyphy/ptII/ptolemy/domains/continuous/test/auto/CausalityInterface5.xml (RunModel)" time="0.021" />
  <testcase classname="ptolemy.util.test.junit.AutoTests" name="[12] /home/travis/build/icyphy/ptII/ptolemy/domains/continuous/test/auto/CausalityInterface6.xml (RunModel)" time="0.029" />
  <testcase classname="ptolemy.util.test.junit.AutoTests" name="[13] /home/travis/build/icyphy/ptII/ptolemy/domains/continuous/test/auto/CausalityInterface7.xml (RunModel)" time="0.026" />
  <testcase classname="ptolemy.util.test.junit.AutoTests" name="[14] /home/travis/build/icyphy/ptII/ptolemy/domains/continuous/test/auto/CausalityInterface8.xml (RunModel)" time="0.028" />
  <testcase classname="ptolemy.util.test.junit.AutoTests" name="[15] /home/travis/build/icyphy/ptII/ptolemy/domains/continuous/test/auto/CausalityInterface9.xml (RunModel)" time="0.046" />
  <testcase classname="ptolemy.util.test.junit.AutoTests" name="[16] /home/travis/build/icyphy/ptII/ptolemy/domains/continuous/test/auto/CausalityInterfaceFeedback1.xml (RunModel)" time="0.029" />
  <testcase classname="ptolemy.util.test.junit.AutoTests" name="[17] /home/travis/build/icyphy/ptII/ptolemy/domains/continuous/test/auto/CausalityInterfaceFeedback2.xml (RunModel)" time="0.024" />
  <testcase classname="ptolemy.util.test.junit.AutoTests" name="[18] /home/travis/build/icyphy/ptII/ptolemy/domains/continuous/test/auto/CompareWithCurrentTime.xml (RunModel)" time="0.012" />
  <testcase classname="ptolemy.util.test.junit.AutoTests" name="[19] /home/travis/build/icyphy/ptII/ptolemy/domains/continuous/test/auto/ComparedClocks.xml (RunModel)" time="0.056" />
  <testcase classname="ptolemy.util.test.junit.AutoTests" name="[20] /home/travis/build/icyphy/ptII/ptolemy/domains/continuous/test/auto/ContinuousAOCClone.xml (RunModel)" time="2.427" />
  <testcase classname="ptolemy.util.test.junit.AutoTests" name="[21] /home/travis/build/icyphy/ptII/ptolemy/domains/continuous/test/auto/ContinuousClock.xml (RunModel)" time="0.095" />
  <testcase classname="ptolemy.util.test.junit.AutoTests" name="[22] /home/travis/build/icyphy/ptII/ptolemy/domains/continuous/test/auto/ContinuousInContinuous.xml (RunModel)" time="0.081" />
  <testcase classname="ptolemy.util.test.junit.AutoTests" name="[23] /home/travis/build/icyphy/ptII/ptolemy/domains/continuous/test/auto/ContinuousInContinuousInContinuous.xml (RunModel)" time="0.026" />
  <testcase classname="ptolemy.util.test.junit.AutoTests" name="[24] /home/travis/build/icyphy/ptII/ptolemy/domains/continuous/test/auto/ContinuousInDE.xml (RunModel)" time="0.097" />
  <testcase classname="ptolemy.util.test.junit.AutoTests" name="[25] /home/travis/build/icyphy/ptII/ptolemy/domains/continuous/test/auto/ContinuousInDE2.xml (RunModel)" time="0.049" />
  <testcase classname="ptolemy.util.test.junit.AutoTests" name="[26] /home/travis/build/icyphy/ptII/ptolemy/domains/continuous/test/auto/ContinuousInDE3.xml (RunModel)" time="0.053" />
  <testcase classname="ptolemy.util.test.junit.AutoTests" name="[27] /home/travis/build/icyphy/ptII/ptolemy/domains/continuous/test/auto/ContinuousInDE4.xml (RunModel)" time="0.026" />
  <testcase classname="ptolemy.util.test.junit.AutoTests" name="[28] /home/travis/build/icyphy/ptII/ptolemy/domains/continuous/test/auto/ContinuousInDEDifferentRefinements.xml (RunModel)" time="0.09" />
  <testcase classname="ptolemy.util.test.junit.AutoTests" name="[29] /home/travis/build/icyphy/ptII/ptolemy/domains/continuous/test/auto/ContinuousInDEDifferentRefinementsPreemptive.xml (RunModel)" time="0.085" />
  <testcase classname="ptolemy.util.test.junit.AutoTests" name="[30] /home/travis/build/icyphy/ptII/ptolemy/domains/continuous/test/auto/ContinuousInDEInContinuous2.xml (RunModel)" time="0.058" />
  <testcase classname="ptolemy.util.test.junit.AutoTests" name="[31] /home/travis/build/icyphy/ptII/ptolemy/domains/continuous/test/auto/ContinuousInDEInContinuous3.xml (RunModel)" time="0.063" />
  <testcase classname="ptolemy.util.test.junit.AutoTests" name="[32] /home/travis/build/icyphy/ptII/ptolemy/domains/continuous/test/auto/ContinuousInDEInput.xml (RunModel)" time="0.036" />
  <testcase classname="ptolemy.util.test.junit.AutoTests" name="[33] /home/travis/build/icyphy/ptII/ptolemy/domains/continuous/test/auto/ContinuousInDEInput2.xml (RunModel)" time="0.031" />
  <testcase classname="ptolemy.util.test.junit.AutoTests" name="[34] /home/travis/build/icyphy/ptII/ptolemy/domains/continuous/test/auto/ContinuousInDEInput3.xml (RunModel)" time="0.03" />
  <testcase classname="ptolemy.util.test.junit.AutoTests" name="[35] /home/travis/build/icyphy/ptII/ptolemy/domains/continuous/test/auto/ContinuousInDESharingRefinement.xml (RunModel)" time="0.17" />
  <testcase classname="ptolemy.util.test.junit.AutoTests" name="[36] /home/travis/build/icyphy/ptII/ptolemy/domains/continuous/test/auto/ContinuousInDEwithNoPorts.xml (RunModel)" time="0.014" />
  <testcase classname="ptolemy.util.test.junit.AutoTests" name="[37] /home/travis/build/icyphy/ptII/ptolemy/domains/continuous/test/auto/ContinuousInsideDE.xml (RunModel)" time="0.084" />
  <testcase classname="ptolemy.util.test.junit.AutoTests" name="[38] /home/travis/build/icyphy/ptII/ptolemy/domains/continuous/test/auto/ContinuousMerge1.xml (RunModel)" time="0.015" />
  <testcase classname="ptolemy.util.test.junit.AutoTests" name="[39] /home/travis/build/icyphy/ptII/ptolemy/domains/continuous/test/auto/ContinuousMerge2.xml (RunModel)" time="0.048" />
  <testcase classname="ptolemy.util.test.junit.AutoTests" name="[40] /home/travis/build/icyphy/ptII/ptolemy/domains/continuous/test/auto/ContinuousMerge3.xml (RunModel)" time="0.059" />
  <testcase classname="ptolemy.util.test.junit.AutoTests" name="[41] /home/travis/build/icyphy/ptII/ptolemy/domains/continuous/test/auto/ContinuousWithinContinuous.xml (RunModel)" time="0.046" />
  <testcase classname="ptolemy.util.test.junit.AutoTests" name="[42] /home/travis/build/icyphy/ptII/ptolemy/domains/continuous/test/auto/ContinuousWithinContinuous2.xml (RunModel)" time="0.064" />
  <testcase classname="ptolemy.util.test.junit.AutoTests" name="[43] /home/travis/build/icyphy/ptII/ptolemy/domains/continuous/test/auto/ContinuousWithinContinuous3.xml (RunModel)" time="0.027" />
  <testcase classname="ptolemy.util.test.junit.AutoTests" name="[44] /home/travis/build/icyphy/ptII/ptolemy/domains/continuous/test/auto/ContinuousWithinContinuous4.xml (RunModel)" time="0.071" />
  <testcase classname="ptolemy.util.test.junit.AutoTests" name="[45] /home/travis/build/icyphy/ptII/ptolemy/domains/continuous/test/auto/ContinuousWithinContinuous5.xml (RunModel)" time="0.035" />
  <testcase classname="ptolemy.util.test.junit.AutoTests" name="[46] /home/travis/build/icyphy/ptII/ptolemy/domains/continuous/test/auto/ContinuousWithinContinuous6.xml (RunModel)" time="0.025" />
  <testcase classname="ptolemy.util.test.junit.AutoTests" name="[47] /home/travis/build/icyphy/ptII/ptolemy/domains/continuous/test/auto/ContinuousWithinContinuous7.xml (RunModel)" time="0.058" />
  <testcase classname="ptolemy.util.test.junit.AutoTests" name="[48] /home/travis/build/icyphy/ptII/ptolemy/domains/continuous/test/auto/DCMotor.xml (RunModel)" time="13.378" />
  <testcase classname="ptolemy.util.test.junit.AutoTests" name="[49] /home/travis/build/icyphy/ptII/ptolemy/domains/continuous/test/auto/DEInContinuous.xml (RunModel)" time="0.044" />
  <testcase classname="ptolemy.util.test.junit.AutoTests" name="[50] /home/travis/build/icyphy/ptII/ptolemy/domains/continuous/test/auto/DEinContinuous2.xml (RunModel)" time="0.034" />
  <testcase classname="ptolemy.util.test.junit.AutoTests" name="[51] /home/travis/build/icyphy/ptII/ptolemy/domains/continuous/test/auto/Derivative.xml (RunModel)" time="0.213" />
  <testcase classname="ptolemy.util.test.junit.AutoTests" name="[52] /home/travis/build/icyphy/ptII/ptolemy/domains/continuous/test/auto/Derivative1.xml (RunModel)" time="0.045" />
  <testcase classname="ptolemy.util.test.junit.AutoTests" name="[53] /home/travis/build/icyphy/ptII/ptolemy/domains/continuous/test/auto/DiscreteClock.xml (RunModel)" time="0.014" />
  <testcase classname="ptolemy.util.test.junit.AutoTests" name="[54] /home/travis/build/icyphy/ptII/ptolemy/domains/continuous/test/auto/EfficiencyCurve.xml (RunModel)" time="0.094" />
  <testcase classname="ptolemy.util.test.junit.AutoTests" name="[55] /home/travis/build/icyphy/ptII/ptolemy/domains/continuous/test/auto/ExponentialResponse.xml (RunModel)" time="0.108" />
  <testcase classname="ptolemy.util.test.junit.AutoTests" name="[56] /home/travis/build/icyphy/ptII/ptolemy/domains/continuous/test/auto/ExponentialResponseRK45.xml (RunModel)" time="0.034" />
  <testcase classname="ptolemy.util.test.junit.AutoTests" name="[57] /home/travis/build/icyphy/ptII/ptolemy/domains/continuous/test/auto/Friction.xml (RunModel)" time="1.577" />
  <testcase classname="ptolemy.util.test.junit.AutoTests" name="[58] /home/travis/build/icyphy/ptII/ptolemy/domains/continuous/test/auto/FurutaPendulum.xml (RunModel)" time="3.046" />
  <testcase classname="ptolemy.util.test.junit.AutoTests" name="[59] /home/travis/build/icyphy/ptII/ptolemy/domains/continuous/test/auto/HierarchicalExecution.xml (RunModel)" time="2.054" />
  <testcase classname="ptolemy.util.test.junit.AutoTests" name="[60] /home/travis/build/icyphy/ptII/ptolemy/domains/continuous/test/auto/HybridPlant.xml (RunModel)" time="0.551" />
  <testcase classname="ptolemy.util.test.junit.AutoTests" name="[61] /home/travis/build/icyphy/ptII/ptolemy/domains/continuous/test/auto/Hysteresis.xml (RunModel)" time="0.219" />
  <testcase classname="ptolemy.util.test.junit.AutoTests" name="[62] /home/travis/build/icyphy/ptII/ptolemy/domains/continuous/test/auto/HysteresisWithRandomDelay.xml (RunModel)" time="0.236" />
  <testcase classname="ptolemy.util.test.junit.AutoTests" name="[63] /home/travis/build/icyphy/ptII/ptolemy/domains/continuous/test/auto/HysteresisWithRandomLosses.xml (RunModel)" time="2.267" />
  <testcase classname="ptolemy.util.test.junit.AutoTests" name="[64] /home/travis/build/icyphy/ptII/ptolemy/domains/continuous/test/auto/ImmediateTransitions.xml (RunModel)" time="0.024" />
  <testcase classname="ptolemy.util.test.junit.AutoTests" name="[65] /home/travis/build/icyphy/ptII/ptolemy/domains/continuous/test/auto/ImpulseFeedback.xml (RunModel)" time="0.017" />
  <testcase classname="ptolemy.util.test.junit.AutoTests" name="[66] /home/travis/build/icyphy/ptII/ptolemy/domains/continuous/test/auto/ImpulseFeedback2.xml (RunModel)" time="0.019" />
  <testcase classname="ptolemy.util.test.junit.AutoTests" name="[67] /home/travis/build/icyphy/ptII/ptolemy/domains/continuous/test/auto/IncreasingRatePoisson.xml (RunModel)" time="0.718" />
  <testcase classname="ptolemy.util.test.junit.AutoTests" name="[68] /home/travis/build/icyphy/ptII/ptolemy/domains/continuous/test/auto/InitialStateFeedback.xml (RunModel)" time="0.014" />
  <testcase classname="ptolemy.util.test.junit.AutoTests" name="[69] /home/travis/build/icyphy/ptII/ptolemy/domains/continuous/test/auto/Integration.xml (RunModel)" time="0.009" />
  <testcase classname="ptolemy.util.test.junit.AutoTests" name="[70] /home/travis/build/icyphy/ptII/ptolemy/domains/continuous/test/auto/Integration2.xml (RunModel)" time="0.086" />
  <testcase classname="ptolemy.util.test.junit.AutoTests" name="[71] /home/travis/build/icyphy/ptII/ptolemy/domains/continuous/test/auto/Integration3.xml (RunModel)" time="0.01" />
  <testcase classname="ptolemy.util.test.junit.AutoTests" name="[72] /home/travis/build/icyphy/ptII/ptolemy/domains/continuous/test/auto/Integration5.xml (RunModel)" time="0.01" />
  <testcase classname="ptolemy.util.test.junit.AutoTests" name="[73] /home/travis/build/icyphy/ptII/ptolemy/domains/continuous/test/auto/IntegratorImpulse.xml (RunModel)" time="0.007" />
  <testcase classname="ptolemy.util.test.junit.AutoTests" name="[74] /home/travis/build/icyphy/ptII/ptolemy/domains/continuous/test/auto/IntegratorImpulse2.xml (RunModel)" time="0.013" />
  <testcase classname="ptolemy.util.test.junit.AutoTests" name="[75] /home/travis/build/icyphy/ptII/ptolemy/domains/continuous/test/auto/LevelCrossing1.xml (RunModel)" time="0.008" />
  <testcase classname="ptolemy.util.test.junit.AutoTests" name="[76] /home/travis/build/icyphy/ptII/ptolemy/domains/continuous/test/auto/LevelCrossing2.xml (RunModel)" time="0.011" />
  <testcase classname="ptolemy.util.test.junit.AutoTests" name="[77] /home/travis/build/icyphy/ptII/ptolemy/domains/continuous/test/auto/LevelCrossing3.xml (RunModel)" time="0.009" />
  <testcase classname="ptolemy.util.test.junit.AutoTests" name="[78] /home/travis/build/icyphy/ptII/ptolemy/domains/continuous/test/auto/LevelCrossing4.xml (RunModel)" time="0.011" />
  <testcase classname="ptolemy.util.test.junit.AutoTests" name="[79] /home/travis/build/icyphy/ptII/ptolemy/domains/continuous/test/auto/LevelCrossing5.xml (RunModel)" time="0.01" />
  <testcase classname="ptolemy.util.test.junit.AutoTests" name="[80] /home/travis/build/icyphy/ptII/ptolemy/domains/continuous/test/auto/LevelCrossing6.xml (RunModel)" time="0.011" />
  <testcase classname="ptolemy.util.test.junit.AutoTests" name="[81] /home/travis/build/icyphy/ptII/ptolemy/domains/continuous/test/auto/LevelCrossingDetector.xml (RunModel)" time="0.031" />
  <testcase classname="ptolemy.util.test.junit.AutoTests" name="[82] /home/travis/build/icyphy/ptII/ptolemy/domains/continuous/test/auto/LevelCrossingDetectorDetectingDirections.xml (RunModel)" time="0.08" />
  <testcase classname="ptolemy.util.test.junit.AutoTests" name="[83] /home/travis/build/icyphy/ptII/ptolemy/domains/continuous/test/auto/LevelCrossingDetectorDetectsGlitches.xml (RunModel)" time="0.064" />
  <testcase classname="ptolemy.util.test.junit.AutoTests" name="[84] /home/travis/build/icyphy/ptII/ptolemy/domains/continuous/test/auto/LevelCrossingNoInitialOuput.xml (RunModel)" time="0.014" />
  <testcase classname="ptolemy.util.test.junit.AutoTests" name="[85] /home/travis/build/icyphy/ptII/ptolemy/domains/continuous/test/auto/LinearStateSpaceExample.xml (RunModel)" time="0.06" />
  <testcase classname="ptolemy.util.test.junit.AutoTests" name="[86] /home/travis/build/icyphy/ptII/ptolemy/domains/continuous/test/auto/Lorenz.xml (RunModel)" time="3.517" />
  <testcase classname="ptolemy.util.test.junit.AutoTests" name="[87] /home/travis/build/icyphy/ptII/ptolemy/domains/continuous/test/auto/LorenzDifferentialSystem.xml (RunModel)" time="1.022" />
  <testcase classname="ptolemy.util.test.junit.AutoTests" name="[88] /home/travis/build/icyphy/ptII/ptolemy/domains/continuous/test/auto/LorenzDifferentialSystemWithInput.xml (RunModel)" time="1.144" />
  <testcase classname="ptolemy.util.test.junit.AutoTests" name="[89] /home/travis/build/icyphy/ptII/ptolemy/domains/continuous/test/auto/LorenzDifferentialSystemWithTime.xml (RunModel)" time="0.77" />
  <testcase classname="ptolemy.util.test.junit.AutoTests" name="[90] /home/travis/build/icyphy/ptII/ptolemy/domains/continuous/test/auto/Microsteps.xml (RunModel)" time="0.028" />
  <testcase classname="ptolemy.util.test.junit.AutoTests" name="[91] /home/travis/build/icyphy/ptII/ptolemy/domains/continuous/test/auto/Modal1.xml (RunModel)" time="0.041" />
  <testcase classname="ptolemy.util.test.junit.AutoTests" name="[92] /home/travis/build/icyphy/ptII/ptolemy/domains/continuous/test/auto/Modal2.xml (RunModel)" time="0.033" />
  <testcase classname="ptolemy.util.test.junit.AutoTests" name="[93] /home/travis/build/icyphy/ptII/ptolemy/domains/continuous/test/auto/ModalTransitionGuardWithReset.xml (RunModel)" time="0.02" />
  <testcase classname="ptolemy.util.test.junit.AutoTests" name="[94] /home/travis/build/icyphy/ptII/ptolemy/domains/continuous/test/auto/ModalTransitionGuardWithResetUsingPreemptiveTransition.xml (RunModel)" time="0.024" />
  <testcase classname="ptolemy.util.test.junit.AutoTests" name="[95] /home/travis/build/icyphy/ptII/ptolemy/domains/continuous/test/auto/ModalTransitionGuardWithResetUsingPreemptiveTransition2.xml (RunModel)" time="0.025" />
  <testcase classname="ptolemy.util.test.junit.AutoTests" name="[96] /home/travis/build/icyphy/ptII/ptolemy/domains/continuous/test/auto/ModalTransitionGuardWithResetUsingPreemptiveTransition3.xml (RunModel)" time="0.021" />
  <testcase classname="ptolemy.util.test.junit.AutoTests" name="[97] /home/travis/build/icyphy/ptII/ptolemy/domains/continuous/test/auto/NewtonsCradle.xml (RunModel)" time="0.77" />
  <testcase classname="ptolemy.util.test.junit.AutoTests" name="[98] /home/travis/build/icyphy/ptII/ptolemy/domains/continuous/test/auto/NewtonsCradleAnimated.xml (RunModel)" time="1.283" />
  <testcase classname="ptolemy.util.test.junit.AutoTests" name="[99] /home/travis/build/icyphy/ptII/ptolemy/domains/continuous/test/auto/NewtonsCradleComplicated.xml (RunModel)" time="0.947" />
  <testcase classname="ptolemy.util.test.junit.AutoTests" name="[100] /home/travis/build/icyphy/ptII/ptolemy/domains/continuous/test/auto/NewtonsCradleNondeterministic.xml (RunModel)" time="0.679" />
  <testcase classname="ptolemy.util.test.junit.AutoTests" name="[101] /home/travis/build/icyphy/ptII/ptolemy/domains/continuous/test/auto/NewtonsCradlePerfectlyInelastic1.xml (RunModel)" time="1.188" />
  <testcase classname="ptolemy.util.test.junit.AutoTests" name="[102] /home/travis/build/icyphy/ptII/ptolemy/domains/continuous/test/auto/Noise.xml (RunModel)" time="0.185" />
  <testcase classname="ptolemy.util.test.junit.AutoTests" name="[103] /home/travis/build/icyphy/ptII/ptolemy/domains/continuous/test/auto/NoiseSpectrum.xml (RunModel)" time="0.739" />
  <testcase classname="ptolemy.util.test.junit.AutoTests" name="[104] /home/travis/build/icyphy/ptII/ptolemy/domains/continuous/test/auto/ParameterizedNewtonsCradleAnimated.xml (RunModel)" time="0.35" />
  <testcase classname="ptolemy.util.test.junit.AutoTests" name="[105] /home/travis/build/icyphy/ptII/ptolemy/domains/continuous/test/auto/ParameterizedNewtonsCradleAnimatedNondeterministic.xml (RunModel)" time="1.106" />
  <testcase classname="ptolemy.util.test.junit.AutoTests" name="[106] /home/travis/build/icyphy/ptII/ptolemy/domains/continuous/test/auto/Pendulum3D.xml (RunModel)" time="0.161" />
  <testcase classname="ptolemy.util.test.junit.AutoTests" name="[107] /home/travis/build/icyphy/ptII/ptolemy/domains/continuous/test/auto/PeriodicSampler.xml (RunModel)" time="0.015" />
  <testcase classname="ptolemy.util.test.junit.AutoTests" name="[108] /home/travis/build/icyphy/ptII/ptolemy/domains/continuous/test/auto/PeriodicSampler1.xml (RunModel)" time="0.038" />
  <testcase classname="ptolemy.util.test.junit.AutoTests" name="[109] /home/travis/build/icyphy/ptII/ptolemy/domains/continuous/test/auto/PeriodicSampler2.xml (RunModel)" time="0.088" />
  <testcase classname="ptolemy.util.test.junit.AutoTests" name="[110] /home/travis/build/icyphy/ptII/ptolemy/domains/continuous/test/auto/Poisson.xml (RunModel)" time="0.47" />
  <testcase classname="ptolemy.util.test.junit.AutoTests" name="[111] /home/travis/build/icyphy/ptII/ptolemy/domains/continuous/test/auto/PoissonClock.xml (RunModel)" time="0.015" />
  <testcase classname="ptolemy.util.test.junit.AutoTests" name="[112] /home/travis/build/icyphy/ptII/ptolemy/domains/continuous/test/auto/PoissonClock2.xml (RunModel)" time="0.011" />
  <testcase classname="ptolemy.util.test.junit.AutoTests" name="[113] /home/travis/build/icyphy/ptII/ptolemy/domains/continuous/test/auto/PortParameterHierarchy.xml (RunModel)" time="0.023" />
  <testcase classname="ptolemy.util.test.junit.AutoTests" name="[114] /home/travis/build/icyphy/ptII/ptolemy/domains/continuous/test/auto/RandomHybridPlant.xml (RunModel)" time="0.548" />
  <testcase classname="ptolemy.util.test.junit.AutoTests" name="[115] /home/travis/build/icyphy/ptII/ptolemy/domains/continuous/test/auto/ResetTransitionWithStartTime1.xml (RunModel)" time="0.031" />
  <testcase classname="ptolemy.util.test.junit.AutoTests" name="[116] /home/travis/build/icyphy/ptII/ptolemy/domains/continuous/test/auto/ResetTransitionWithStartTime2.xml (RunModel)" time="0.031" />
  <testcase classname="ptolemy.util.test.junit.AutoTests" name="[117] /home/travis/build/icyphy/ptII/ptolemy/domains/continuous/test/auto/ResetTransitionWithStartTime3.xml (RunModel)" time="0.036" />
  <testcase classname="ptolemy.util.test.junit.AutoTests" name="[118] /home/travis/build/icyphy/ptII/ptolemy/domains/continuous/test/auto/ResetTransitionWithStartTime4.xml (RunModel)" time="0.026" />
  <testcase classname="ptolemy.util.test.junit.AutoTests" name="[119] /home/travis/build/icyphy/ptII/ptolemy/domains/continuous/test/auto/ResetTransitionWithStartTime5.xml (RunModel)" time="0.029" />
  <testcase classname="ptolemy.util.test.junit.AutoTests" name="[120] /home/travis/build/icyphy/ptII/ptolemy/domains/continuous/test/auto/ResetTransitionWithStartTime6.xml (RunModel)" time="0.029" />
  <testcase classname="ptolemy.util.test.junit.AutoTests" name="[121] /home/travis/build/icyphy/ptII/ptolemy/domains/continuous/test/auto/SRinContinuous.xml (RunModel)" time="0.023" />
  <testcase classname="ptolemy.util.test.junit.AutoTests" name="[122] /home/travis/build/icyphy/ptII/ptolemy/domains/continuous/test/auto/SampledClocks.xml (RunModel)" time="0.028" />
  <testcase classname="ptolemy.util.test.junit.AutoTests" name="[123] /home/travis/build/icyphy/ptII/ptolemy/domains/continuous/test/auto/Satellite.xml (RunModel)" time="0.694" />
  <testcase classname="ptolemy.util.test.junit.AutoTests" name="[124] /home/travis/build/icyphy/ptII/ptolemy/domains/continuous/test/auto/SigmaDelta.xml (RunModel)" time="2.044" />
  <testcase classname="ptolemy.util.test.junit.AutoTests" name="[125] /home/travis/build/icyphy/ptII/ptolemy/domains/continuous/test/auto/SingleRefinement.xml (RunModel)" time="0.427" />
  <testcase classname="ptolemy.util.test.junit.AutoTests" name="[126] /home/travis/build/icyphy/ptII/ptolemy/domains/continuous/test/auto/SinuBouncingBall.xml (RunModel)" time="0.814" />
  <testcase classname="ptolemy.util.test.junit.AutoTests" name="[127] /home/travis/build/icyphy/ptII/ptolemy/domains/continuous/test/auto/Sinusoid.xml (RunModel)" time="0.018" />
  <testcase classname="ptolemy.util.test.junit.AutoTests" name="[128] /home/travis/build/icyphy/ptII/ptolemy/domains/continuous/test/auto/SinusoidInNoise.xml (RunModel)" time="0.76" />
  <testcase classname="ptolemy.util.test.junit.AutoTests" name="[129] /home/travis/build/icyphy/ptII/ptolemy/domains/continuous/test/auto/SinusoidRK45.xml (RunModel)" time="0.01" />
  <testcase classname="ptolemy.util.test.junit.AutoTests" name="[130] /home/travis/build/icyphy/ptII/ptolemy/domains/continuous/test/auto/SinusoidWithMultipleImpulses.xml (RunModel)" time="0.015" />
  <testcase classname="ptolemy.util.test.junit.AutoTests" name="[131] /home/travis/build/icyphy/ptII/ptolemy/domains/continuous/test/auto/SquareWave.xml (RunModel)" time="0.149" />
  <testcase classname="ptolemy.util.test.junit.AutoTests" name="[132] /home/travis/build/icyphy/ptII/ptolemy/domains/continuous/test/auto/Starmac.xml (RunModel)" time="3.415" />
  <testcase classname="ptolemy.util.test.junit.AutoTests" name="[133] /home/travis/build/icyphy/ptII/ptolemy/domains/continuous/test/auto/StaticUnits.xml (RunModel)" time="2.202" />
  <testcase classname="ptolemy.util.test.junit.AutoTests" name="[134] /home/travis/build/icyphy/ptII/ptolemy/domains/continuous/test/auto/StickyMasses.xml (RunModel)" time="0.194" />
  <testcase classname="ptolemy.util.test.junit.AutoTests" name="[135] /home/travis/build/icyphy/ptII/ptolemy/domains/continuous/test/auto/StopTime.xml (RunModel)" time="0.08" />
  <testcase classname="ptolemy.util.test.junit.AutoTests" name="[136] /home/travis/build/icyphy/ptII/ptolemy/domains/continuous/test/auto/StopTime2.xml (RunModel)" time="0.052" />
  <testcase classname="ptolemy.util.test.junit.AutoTests" name="[137] /home/travis/build/icyphy/ptII/ptolemy/domains/continuous/test/auto/Switch.xml (RunModel)" time="0.059" />
  <testcase classname="ptolemy.util.test.junit.AutoTests" name="[138] /home/travis/build/icyphy/ptII/ptolemy/domains/continuous/test/auto/Thermostat.xml (RunModel)" time="0.205" />
  <testcase classname="ptolemy.util.test.junit.AutoTests" name="[139] /home/travis/build/icyphy/ptII/ptolemy/domains/continuous/test/auto/TimeDelay.xml (RunModel)" time="0.013" />
  <testcase classname="ptolemy.util.test.junit.AutoTests" name="[140] /home/travis/build/icyphy/ptII/ptolemy/domains/continuous/test/auto/TimeDelay2.xml (RunModel)" time="0.024" />
  <testcase classname="ptolemy.util.test.junit.AutoTests" name="[141] /home/travis/build/icyphy/ptII/ptolemy/domains/continuous/test/auto/TimeDelay3.xml (RunModel)" time="0.013" />
  <testcase classname="ptolemy.util.test.junit.AutoTests" name="[142] /home/travis/build/icyphy/ptII/ptolemy/domains/continuous/test/auto/TransferAbsentToInside.xml (RunModel)" time="0.093" />
  <testcase classname="ptolemy.util.test.junit.AutoTests" name="[143] /home/travis/build/icyphy/ptII/ptolemy/domains/continuous/test/auto/Transmission.xml (RunModel)" time="0.773" />
  <testcase classname="ptolemy.util.test.junit.AutoTests" name="[144] /home/travis/build/icyphy/ptII/ptolemy/domains/continuous/test/auto/TriggeredContinuousClock.xml (RunModel)" time="0.062" />
  <testcase classname="ptolemy.util.test.junit.AutoTests" name="[145] /home/travis/build/icyphy/ptII/ptolemy/domains/continuous/test/auto/TwoMachineInfiniteBusControl.xml (RunModel)" time="2.786" />
  <testcase classname="ptolemy.util.test.junit.AutoTests" name="[146] /home/travis/build/icyphy/ptII/ptolemy/domains/continuous/test/auto/V2V.xml (RunModel)" time="0.878" />
  <testcase classname="ptolemy.util.test.junit.AutoTests" name="[147] /home/travis/build/icyphy/ptII/ptolemy/domains/continuous/test/auto/hierarchicalModalModel.xml (RunModel)" time="0.04" />
  <testcase classname="ptolemy.util.test.junit.AutoTests" name="[148] /home/travis/build/icyphy/ptII/ptolemy/domains/continuous/test/auto/hierarchicalModalModel1.xml (RunModel)" time="0.025" />
  <testcase classname="ptolemy.util.test.junit.AutoTests" name="[149] /home/travis/build/icyphy/ptII/ptolemy/domains/continuous/test/auto/hierarchicalModalModel2.xml (RunModel)" time="0.023" />
  <testcase classname="ptolemy.util.test.junit.AutoTests" name="[150] /home/travis/build/icyphy/ptII/ptolemy/domains/continuous/test/auto/hierarchicalModalModel3.xml (RunModel)" time="0.021" />
  <testcase classname="ptolemy.util.test.junit.AutoTests" name="[151] /home/travis/build/icyphy/ptII/ptolemy/domains/continuous/test/auto/hierarchicalModalModel4.xml (RunModel)" time="0.041" />
  <testcase classname="ptolemy.util.test.junit.AutoTests" name="[152] /home/travis/build/icyphy/ptII/ptolemy/domains/continuous/test/auto/junk.xml (RunModel)" time="0.134" />
  <system-out><![CDATA[No tcl tests in /home/travis/build/icyphy/ptII/ptolemy/domains/continuous/test
No auto/knownFailedTests/*.xml tests in /home/travis/build/icyphy/ptII/ptolemy/domains/continuous/test
No auto/linux-amd64/*.xml tests in /home/travis/build/icyphy/ptII/ptolemy/domains/continuous/test
AutoTests.java: About to close Vertx.
AutoTests.java: Vertx closed.

===========================================================================================
----------------- testing Mon Apr 13 13:52:02 UTC 2020 /home/travis/build/icyphy/ptII/ptolemy/domains/continuous/test/auto/BouncingBall.xml
----------------- Instantiating /home/travis/build/icyphy/ptII/ptolemy/domains/continuous/test/auto/BouncingBall.xml
2206 ms. Memory: 129024K Free: 103175K (80%)
----------------- Invoking toplevel() on ptolemy.moml.MoMLSimpleApplication@74c62cf6
----------------- Done invoking toplevel() on ptolemy.moml.MoMLSimpleApplication@74c62cf6
reloadAllAccessors: .BouncingBall

===========================================================================================
----------------- testing Mon Apr 13 13:52:05 UTC 2020 /home/travis/build/icyphy/ptII/ptolemy/domains/continuous/test/auto/BouncingBallWithoutGR.xml
----------------- Instantiating /home/travis/build/icyphy/ptII/ptolemy/domains/continuous/test/auto/BouncingBallWithoutGR.xml
814 ms. Memory: 155648K Free: 97012K (62%)
----------------- Invoking toplevel() on ptolemy.moml.MoMLSimpleApplication@5c1e324d
----------------- Done invoking toplevel() on ptolemy.moml.MoMLSimpleApplication@5c1e324d
reloadAllAccessors: .BouncingBallWithoutGR

===========================================================================================
----------------- testing Mon Apr 13 13:52:06 UTC 2020 /home/travis/build/icyphy/ptII/ptolemy/domains/continuous/test/auto/Brownian.xml
----------------- Instantiating /home/travis/build/icyphy/ptII/ptolemy/domains/continuous/test/auto/Brownian.xml
20 ms. Memory: 155648K Free: 87796K (56%)
----------------- Invoking toplevel() on ptolemy.moml.MoMLSimpleApplication@116da583
----------------- Done invoking toplevel() on ptolemy.moml.MoMLSimpleApplication@116da583
reloadAllAccessors: .Brownian

===========================================================================================
----------------- testing Mon Apr 13 13:52:06 UTC 2020 /home/travis/build/icyphy/ptII/ptolemy/domains/continuous/test/auto/CarTracking.xml
----------------- Instantiating /home/travis/build/icyphy/ptII/ptolemy/domains/continuous/test/auto/CarTracking.xml
3240 ms. Memory: 191488K Free: 90397K (47%)
----------------- Invoking toplevel() on ptolemy.moml.MoMLSimpleApplication@4071832e
----------------- Done invoking toplevel() on ptolemy.moml.MoMLSimpleApplication@4071832e
reloadAllAccessors: .CarTracking

===========================================================================================
----------------- testing Mon Apr 13 13:52:09 UTC 2020 /home/travis/build/icyphy/ptII/ptolemy/domains/continuous/test/auto/CartPendulum.xml
----------------- Instantiating /home/travis/build/icyphy/ptII/ptolemy/domains/continuous/test/auto/CartPendulum.xml
377 ms. Memory: 230400K Free: 148075K (64%)
----------------- Invoking toplevel() on ptolemy.moml.MoMLSimpleApplication@3a3b46fc
----------------- Done invoking toplevel() on ptolemy.moml.MoMLSimpleApplication@3a3b46fc
reloadAllAccessors: .CartPendulum

===========================================================================================
----------------- testing Mon Apr 13 13:52:10 UTC 2020 /home/travis/build/icyphy/ptII/ptolemy/domains/continuous/test/auto/CausalityInterface10.xml
----------------- Instantiating /home/travis/build/icyphy/ptII/ptolemy/domains/continuous/test/auto/CausalityInterface10.xml
6 ms. Memory: 230400K Free: 137547K (60%)
----------------- Invoking toplevel() on ptolemy.moml.MoMLSimpleApplication@49b83bc1
----------------- Done invoking toplevel() on ptolemy.moml.MoMLSimpleApplication@49b83bc1
reloadAllAccessors: .CausalityInterface10

===========================================================================================
----------------- testing Mon Apr 13 13:52:10 UTC 2020 /home/travis/build/icyphy/ptII/ptolemy/domains/continuous/test/auto/CausalityInterface11.xml
----------------- Instantiating /home/travis/build/icyphy/ptII/ptolemy/domains/continuous/test/auto/CausalityInterface11.xml
4 ms. Memory: 230400K Free: 131403K (57%)
----------------- Invoking toplevel() on ptolemy.moml.MoMLSimpleApplication@157f22e2
----------------- Done invoking toplevel() on ptolemy.moml.MoMLSimpleApplication@157f22e2
reloadAllAccessors: .CausalityInterface11

===========================================================================================
----------------- testing Mon Apr 13 13:52:10 UTC 2020 /home/travis/build/icyphy/ptII/ptolemy/domains/continuous/test/auto/CausalityInterface12.xml
----------------- Instantiating /home/travis/build/icyphy/ptII/ptolemy/domains/continuous/test/auto/CausalityInterface12.xml
9 ms. Memory: 230400K Free: 125259K (54%)
----------------- Invoking toplevel() on ptolemy.moml.MoMLSimpleApplication@fc6e10f
----------------- Done invoking toplevel() on ptolemy.moml.MoMLSimpleApplication@fc6e10f
reloadAllAccessors: .CausalityInterface12

===========================================================================================
----------------- testing Mon Apr 13 13:52:10 UTC 2020 /home/travis/build/icyphy/ptII/ptolemy/domains/continuous/test/auto/CausalityInterface13.xml
----------------- Instantiating /home/travis/build/icyphy/ptII/ptolemy/domains/continuous/test/auto/CausalityInterface13.xml
10 ms. Memory: 230400K Free: 119115K (52%)
----------------- Invoking toplevel() on ptolemy.moml.MoMLSimpleApplication@bcf71cc
----------------- Done invoking toplevel() on ptolemy.moml.MoMLSimpleApplication@bcf71cc
reloadAllAccessors: .CausalityInterface13

===========================================================================================
----------------- testing Mon Apr 13 13:52:10 UTC 2020 /home/travis/build/icyphy/ptII/ptolemy/domains/continuous/test/auto/CausalityInterface14.xml
----------------- Instantiating /home/travis/build/icyphy/ptII/ptolemy/domains/continuous/test/auto/CausalityInterface14.xml
3 ms. Memory: 230400K Free: 113450K (49%)
----------------- Invoking toplevel() on ptolemy.moml.MoMLSimpleApplication@55792fd2
----------------- Done invoking toplevel() on ptolemy.moml.MoMLSimpleApplication@55792fd2
reloadAllAccessors: .CausalityInterface14

===========================================================================================
----------------- testing Mon Apr 13 13:52:10 UTC 2020 /home/travis/build/icyphy/ptII/ptolemy/domains/continuous/test/auto/CausalityInterface4.xml
----------------- Instantiating /home/travis/build/icyphy/ptII/ptolemy/domains/continuous/test/auto/CausalityInterface4.xml
3 ms. Memory: 230400K Free: 106827K (46%)
----------------- Invoking toplevel() on ptolemy.moml.MoMLSimpleApplication@6de1207d
----------------- Done invoking toplevel() on ptolemy.moml.MoMLSimpleApplication@6de1207d
reloadAllAccessors: .CausalityInterface4

===========================================================================================
----------------- testing Mon Apr 13 13:52:10 UTC 2020 /home/travis/build/icyphy/ptII/ptolemy/domains/continuous/test/auto/CausalityInterface5.xml
----------------- Instantiating /home/travis/build/icyphy/ptII/ptolemy/domains/continuous/test/auto/CausalityInterface5.xml
3 ms. Memory: 230400K Free: 98635K (43%)
----------------- Invoking toplevel() on ptolemy.moml.MoMLSimpleApplication@3f391696
----------------- Done invoking toplevel() on ptolemy.moml.MoMLSimpleApplication@3f391696
reloadAllAccessors: .CausalityInterface5

===========================================================================================
----------------- testing Mon Apr 13 13:52:10 UTC 2020 /home/travis/build/icyphy/ptII/ptolemy/domains/continuous/test/auto/CausalityInterface6.xml
----------------- Instantiating /home/travis/build/icyphy/ptII/ptolemy/domains/continuous/test/auto/CausalityInterface6.xml
5 ms. Memory: 230400K Free: 93515K (41%)
----------------- Invoking toplevel() on ptolemy.moml.MoMLSimpleApplication@528f18e2
----------------- Done invoking toplevel() on ptolemy.moml.MoMLSimpleApplication@528f18e2
reloadAllAccessors: .CausalityInterface6

===========================================================================================
----------------- testing Mon Apr 13 13:52:10 UTC 2020 /home/travis/build/icyphy/ptII/ptolemy/domains/continuous/test/auto/CausalityInterface7.xml
----------------- Instantiating /home/travis/build/icyphy/ptII/ptolemy/domains/continuous/test/auto/CausalityInterface7.xml
6 ms. Memory: 230400K Free: 84809K (37%)
----------------- Invoking toplevel() on ptolemy.moml.MoMLSimpleApplication@10b9d3cc
----------------- Done invoking toplevel() on ptolemy.moml.MoMLSimpleApplication@10b9d3cc
reloadAllAccessors: .CausalityInterface7

===========================================================================================
----------------- testing Mon Apr 13 13:52:10 UTC 2020 /home/travis/build/icyphy/ptII/ptolemy/domains/continuous/test/auto/CausalityInterface8.xml
----------------- Instantiating /home/travis/build/icyphy/ptII/ptolemy/domains/continuous/test/auto/CausalityInterface8.xml
4 ms. Memory: 230400K Free: 213634K (93%)
----------------- Invoking toplevel() on ptolemy.moml.MoMLSimpleApplication@529d15b8
----------------- Done invoking toplevel() on ptolemy.moml.MoMLSimpleApplication@529d15b8
reloadAllAccessors: .CausalityInterface8

===========================================================================================
----------------- testing Mon Apr 13 13:52:10 UTC 2020 /home/travis/build/icyphy/ptII/ptolemy/domains/continuous/test/auto/CausalityInterface9.xml
----------------- Instantiating /home/travis/build/icyphy/ptII/ptolemy/domains/continuous/test/auto/CausalityInterface9.xml
9 ms. Memory: 230400K Free: 202882K (88%)
----------------- Invoking toplevel() on ptolemy.moml.MoMLSimpleApplication@6e813a14
----------------- Done invoking toplevel() on ptolemy.moml.MoMLSimpleApplication@6e813a14
reloadAllAccessors: .CausalityInterface9

===========================================================================================
----------------- testing Mon Apr 13 13:52:10 UTC 2020 /home/travis/build/icyphy/ptII/ptolemy/domains/continuous/test/auto/CausalityInterfaceFeedback1.xml
----------------- Instantiating /home/travis/build/icyphy/ptII/ptolemy/domains/continuous/test/auto/CausalityInterfaceFeedback1.xml
2 ms. Memory: 230400K Free: 196228K (85%)
----------------- Invoking toplevel() on ptolemy.moml.MoMLSimpleApplication@45cc46eb
----------------- Done invoking toplevel() on ptolemy.moml.MoMLSimpleApplication@45cc46eb
reloadAllAccessors: .CausalityInterfaceFeedback1

===========================================================================================
----------------- testing Mon Apr 13 13:52:11 UTC 2020 /home/travis/build/icyphy/ptII/ptolemy/domains/continuous/test/auto/CausalityInterfaceFeedback2.xml
----------------- Instantiating /home/travis/build/icyphy/ptII/ptolemy/domains/continuous/test/auto/CausalityInterfaceFeedback2.xml
3 ms. Memory: 230400K Free: 189556K (82%)
----------------- Invoking toplevel() on ptolemy.moml.MoMLSimpleApplication@182ed799
----------------- Done invoking toplevel() on ptolemy.moml.MoMLSimpleApplication@182ed799
reloadAllAccessors: .CausalityInterfaceFeedback2

===========================================================================================
----------------- testing Mon Apr 13 13:52:11 UTC 2020 /home/travis/build/icyphy/ptII/ptolemy/domains/continuous/test/auto/CompareWithCurrentTime.xml
----------------- Instantiating /home/travis/build/icyphy/ptII/ptolemy/domains/continuous/test/auto/CompareWithCurrentTime.xml
3 ms. Memory: 230400K Free: 185474K (81%)
----------------- Invoking toplevel() on ptolemy.moml.MoMLSimpleApplication@60cdfa44
----------------- Done invoking toplevel() on ptolemy.moml.MoMLSimpleApplication@60cdfa44
reloadAllAccessors: .CompareWithCurrentTime

===========================================================================================
----------------- testing Mon Apr 13 13:52:11 UTC 2020 /home/travis/build/icyphy/ptII/ptolemy/domains/continuous/test/auto/ComparedClocks.xml
----------------- Instantiating /home/travis/build/icyphy/ptII/ptolemy/domains/continuous/test/auto/ComparedClocks.xml
6 ms. Memory: 230400K Free: 170100K (74%)
----------------- Invoking toplevel() on ptolemy.moml.MoMLSimpleApplication@133304d7
----------------- Done invoking toplevel() on ptolemy.moml.MoMLSimpleApplication@133304d7
reloadAllAccessors: .ComparedClocks

===========================================================================================
----------------- testing Mon Apr 13 13:52:11 UTC 2020 /home/travis/build/icyphy/ptII/ptolemy/domains/continuous/test/auto/ContinuousAOCClone.xml
----------------- Instantiating /home/travis/build/icyphy/ptII/ptolemy/domains/continuous/test/auto/ContinuousAOCClone.xml
2231 ms. Memory: 276480K Free: 234786K (85%)
----------------- Invoking toplevel() on ptolemy.moml.MoMLSimpleApplication@65863181
----------------- Done invoking toplevel() on ptolemy.moml.MoMLSimpleApplication@65863181
reloadAllAccessors: .ContinuousAOCClone

===========================================================================================
----------------- testing Mon Apr 13 13:52:13 UTC 2020 /home/travis/build/icyphy/ptII/ptolemy/domains/continuous/test/auto/ContinuousClock.xml
----------------- Instantiating /home/travis/build/icyphy/ptII/ptolemy/domains/continuous/test/auto/ContinuousClock.xml
35 ms. Memory: 276480K Free: 212779K (77%)
----------------- Invoking toplevel() on ptolemy.moml.MoMLSimpleApplication@764e11c
----------------- Done invoking toplevel() on ptolemy.moml.MoMLSimpleApplication@764e11c
reloadAllAccessors: .ContinuousClock

===========================================================================================
----------------- testing Mon Apr 13 13:52:13 UTC 2020 /home/travis/build/icyphy/ptII/ptolemy/domains/continuous/test/auto/ContinuousInContinuous.xml
----------------- Instantiating /home/travis/build/icyphy/ptII/ptolemy/domains/continuous/test/auto/ContinuousInContinuous.xml
39 ms. Memory: 276480K Free: 189227K (68%)
----------------- Invoking toplevel() on ptolemy.moml.MoMLSimpleApplication@4ded553
----------------- Done invoking toplevel() on ptolemy.moml.MoMLSimpleApplication@4ded553
reloadAllAccessors: .ContinuousInContinuous

===========================================================================================
----------------- testing Mon Apr 13 13:52:13 UTC 2020 /home/travis/build/icyphy/ptII/ptolemy/domains/continuous/test/auto/ContinuousInContinuousInContinuous.xml
----------------- Instantiating /home/travis/build/icyphy/ptII/ptolemy/domains/continuous/test/auto/ContinuousInContinuousInContinuous.xml
6 ms. Memory: 276480K Free: 181545K (66%)
----------------- Invoking toplevel() on ptolemy.moml.MoMLSimpleApplication@13d192ba
----------------- Done invoking toplevel() on ptolemy.moml.MoMLSimpleApplication@13d192ba
reloadAllAccessors: .ContinuousInContinuousInContinuous

===========================================================================================
----------------- testing Mon Apr 13 13:52:13 UTC 2020 /home/travis/build/icyphy/ptII/ptolemy/domains/continuous/test/auto/ContinuousInDE.xml
----------------- Instantiating /home/travis/build/icyphy/ptII/ptolemy/domains/continuous/test/auto/ContinuousInDE.xml
80 ms. Memory: 276480K Free: 171305K (62%)
----------------- Invoking toplevel() on ptolemy.moml.MoMLSimpleApplication@6b20d61
----------------- Done invoking toplevel() on ptolemy.moml.MoMLSimpleApplication@6b20d61
reloadAllAccessors: .ContinuousInDE

===========================================================================================
----------------- testing Mon Apr 13 13:52:13 UTC 2020 /home/travis/build/icyphy/ptII/ptolemy/domains/continuous/test/auto/ContinuousInDE2.xml
----------------- Instantiating /home/travis/build/icyphy/ptII/ptolemy/domains/continuous/test/auto/ContinuousInDE2.xml
30 ms. Memory: 276480K Free: 161579K (58%)
----------------- Invoking toplevel() on ptolemy.moml.MoMLSimpleApplication@8ee6d3c
----------------- Done invoking toplevel() on ptolemy.moml.MoMLSimpleApplication@8ee6d3c
reloadAllAccessors: .ContinuousInDE2

===========================================================================================
----------------- testing Mon Apr 13 13:52:13 UTC 2020 /home/travis/build/icyphy/ptII/ptolemy/domains/continuous/test/auto/ContinuousInDE3.xml
----------------- Instantiating /home/travis/build/icyphy/ptII/ptolemy/domains/continuous/test/auto/ContinuousInDE3.xml
31 ms. Memory: 276480K Free: 151849K (55%)
----------------- Invoking toplevel() on ptolemy.moml.MoMLSimpleApplication@350b1a84
----------------- Done invoking toplevel() on ptolemy.moml.MoMLSimpleApplication@350b1a84
reloadAllAccessors: .ContinuousInDE3

===========================================================================================
----------------- testing Mon Apr 13 13:52:13 UTC 2020 /home/travis/build/icyphy/ptII/ptolemy/domains/continuous/test/auto/ContinuousInDE4.xml
----------------- Instantiating /home/travis/build/icyphy/ptII/ptolemy/domains/continuous/test/auto/ContinuousInDE4.xml
13 ms. Memory: 276480K Free: 145702K (53%)
----------------- Invoking toplevel() on ptolemy.moml.MoMLSimpleApplication@24c04f47
----------------- Done invoking toplevel() on ptolemy.moml.MoMLSimpleApplication@24c04f47
reloadAllAccessors: .ContinuousInDE4

===========================================================================================
----------------- testing Mon Apr 13 13:52:13 UTC 2020 /home/travis/build/icyphy/ptII/ptolemy/domains/continuous/test/auto/ContinuousInDEDifferentRefinements.xml
----------------- Instantiating /home/travis/build/icyphy/ptII/ptolemy/domains/continuous/test/auto/ContinuousInDEDifferentRefinements.xml
51 ms. Memory: 276480K Free: 114475K (41%)
----------------- Invoking toplevel() on ptolemy.moml.MoMLSimpleApplication@3e44f46b
----------------- Done invoking toplevel() on ptolemy.moml.MoMLSimpleApplication@3e44f46b
reloadAllAccessors: .ContinuousInDEDifferentRefinements

===========================================================================================
----------------- testing Mon Apr 13 13:52:14 UTC 2020 /home/travis/build/icyphy/ptII/ptolemy/domains/continuous/test/auto/ContinuousInDEDifferentRefinementsPreemptive.xml
----------------- Instantiating /home/travis/build/icyphy/ptII/ptolemy/domains/continuous/test/auto/ContinuousInDEDifferentRefinementsPreemptive.xml
47 ms. Memory: 276480K Free: 248047K (90%)
----------------- Invoking toplevel() on ptolemy.moml.MoMLSimpleApplication@32868611
----------------- Done invoking toplevel() on ptolemy.moml.MoMLSimpleApplication@32868611
reloadAllAccessors: .ContinuousInDEDifferentRefinementsPreemptive

===========================================================================================
----------------- testing Mon Apr 13 13:52:14 UTC 2020 /home/travis/build/icyphy/ptII/ptolemy/domains/continuous/test/auto/ContinuousInDEInContinuous2.xml
----------------- Instantiating /home/travis/build/icyphy/ptII/ptolemy/domains/continuous/test/auto/ContinuousInDEInContinuous2.xml
37 ms. Memory: 276480K Free: 236744K (86%)
----------------- Invoking toplevel() on ptolemy.moml.MoMLSimpleApplication@2a73e08
----------------- Done invoking toplevel() on ptolemy.moml.MoMLSimpleApplication@2a73e08
reloadAllAccessors: .ContinuousInDEInContinuous2

===========================================================================================
----------------- testing Mon Apr 13 13:52:14 UTC 2020 /home/travis/build/icyphy/ptII/ptolemy/domains/continuous/test/auto/ContinuousInDEInContinuous3.xml
----------------- Instantiating /home/travis/build/icyphy/ptII/ptolemy/domains/continuous/test/auto/ContinuousInDEInContinuous3.xml
42 ms. Memory: 276480K Free: 224456K (81%)
----------------- Invoking toplevel() on ptolemy.moml.MoMLSimpleApplication@79493e55
----------------- Done invoking toplevel() on ptolemy.moml.MoMLSimpleApplication@79493e55
reloadAllAccessors: .ContinuousInDEInContinuous3

===========================================================================================
----------------- testing Mon Apr 13 13:52:14 UTC 2020 /home/travis/build/icyphy/ptII/ptolemy/domains/continuous/test/auto/ContinuousInDEInput.xml
----------------- Instantiating /home/travis/build/icyphy/ptII/ptolemy/domains/continuous/test/auto/ContinuousInDEInput.xml
14 ms. Memory: 276480K Free: 217288K (79%)
----------------- Invoking toplevel() on ptolemy.moml.MoMLSimpleApplication@35e5b602
----------------- Done invoking toplevel() on ptolemy.moml.MoMLSimpleApplication@35e5b602
reloadAllAccessors: .ContinuousInDEInput

===========================================================================================
----------------- testing Mon Apr 13 13:52:14 UTC 2020 /home/travis/build/icyphy/ptII/ptolemy/domains/continuous/test/auto/ContinuousInDEInput2.xml
----------------- Instantiating /home/travis/build/icyphy/ptII/ptolemy/domains/continuous/test/auto/ContinuousInDEInput2.xml
11 ms. Memory: 276480K Free: 210120K (76%)
----------------- Invoking toplevel() on ptolemy.moml.MoMLSimpleApplication@3eb5bb09
----------------- Done invoking toplevel() on ptolemy.moml.MoMLSimpleApplication@3eb5bb09
reloadAllAccessors: .ContinuousInDEInput2

===========================================================================================
----------------- testing Mon Apr 13 13:52:14 UTC 2020 /home/travis/build/icyphy/ptII/ptolemy/domains/continuous/test/auto/ContinuousInDEInput3.xml
----------------- Instantiating /home/travis/build/icyphy/ptII/ptolemy/domains/continuous/test/auto/ContinuousInDEInput3.xml
11 ms. Memory: 276480K Free: 202952K (73%)
----------------- Invoking toplevel() on ptolemy.moml.MoMLSimpleApplication@35fcad7c
----------------- Done invoking toplevel() on ptolemy.moml.MoMLSimpleApplication@35fcad7c
reloadAllAccessors: .ContinuousInDEInput3

===========================================================================================
----------------- testing Mon Apr 13 13:52:14 UTC 2020 /home/travis/build/icyphy/ptII/ptolemy/domains/continuous/test/auto/ContinuousInDESharingRefinement.xml
----------------- Instantiating /home/travis/build/icyphy/ptII/ptolemy/domains/continuous/test/auto/ContinuousInDESharingRefinement.xml
146 ms. Memory: 276480K Free: 108744K (39%)
----------------- Invoking toplevel() on ptolemy.moml.MoMLSimpleApplication@6a1c5810
----------------- Done invoking toplevel() on ptolemy.moml.MoMLSimpleApplication@6a1c5810
reloadAllAccessors: .ContinuousInDESharingRefinement

===========================================================================================
----------------- testing Mon Apr 13 13:52:14 UTC 2020 /home/travis/build/icyphy/ptII/ptolemy/domains/continuous/test/auto/ContinuousInDEwithNoPorts.xml
----------------- Instantiating /home/travis/build/icyphy/ptII/ptolemy/domains/continuous/test/auto/ContinuousInDEwithNoPorts.xml
4 ms. Memory: 276480K Free: 104648K (38%)
----------------- Invoking toplevel() on ptolemy.moml.MoMLSimpleApplication@7d9e36d3
----------------- Done invoking toplevel() on ptolemy.moml.MoMLSimpleApplication@7d9e36d3
reloadAllAccessors: .ContinuousInDEwithNoPorts

===========================================================================================
----------------- testing Mon Apr 13 13:52:14 UTC 2020 /home/travis/build/icyphy/ptII/ptolemy/domains/continuous/test/auto/ContinuousInsideDE.xml
----------------- Instantiating /home/travis/build/icyphy/ptII/ptolemy/domains/continuous/test/auto/ContinuousInsideDE.xml
33 ms. Memory: 276480K Free: 257803K (93%)
----------------- Invoking toplevel() on ptolemy.moml.MoMLSimpleApplication@53f69314
----------------- Done invoking toplevel() on ptolemy.moml.MoMLSimpleApplication@53f69314
reloadAllAccessors: .ContinuousInsideDE

===========================================================================================
----------------- testing Mon Apr 13 13:52:14 UTC 2020 /home/travis/build/icyphy/ptII/ptolemy/domains/continuous/test/auto/ContinuousMerge1.xml
----------------- Instantiating /home/travis/build/icyphy/ptII/ptolemy/domains/continuous/test/auto/ContinuousMerge1.xml
3 ms. Memory: 276480K Free: 253197K (92%)
----------------- Invoking toplevel() on ptolemy.moml.MoMLSimpleApplication@3c1cd09e
----------------- Done invoking toplevel() on ptolemy.moml.MoMLSimpleApplication@3c1cd09e
reloadAllAccessors: .ContinuousMerge1

===========================================================================================
----------------- testing Mon Apr 13 13:52:14 UTC 2020 /home/travis/build/icyphy/ptII/ptolemy/domains/continuous/test/auto/ContinuousMerge2.xml
----------------- Instantiating /home/travis/build/icyphy/ptII/ptolemy/domains/continuous/test/auto/ContinuousMerge2.xml
16 ms. Memory: 276480K Free: 242957K (88%)
----------------- Invoking toplevel() on ptolemy.moml.MoMLSimpleApplication@195465e1
----------------- Done invoking toplevel() on ptolemy.moml.MoMLSimpleApplication@195465e1
reloadAllAccessors: .ContinuousMerge2

===========================================================================================
----------------- testing Mon Apr 13 13:52:14 UTC 2020 /home/travis/build/icyphy/ptII/ptolemy/domains/continuous/test/auto/ContinuousMerge3.xml
----------------- Instantiating /home/travis/build/icyphy/ptII/ptolemy/domains/continuous/test/auto/ContinuousMerge3.xml
37 ms. Memory: 276480K Free: 232203K (84%)
----------------- Invoking toplevel() on ptolemy.moml.MoMLSimpleApplication@2c40ea6
----------------- Done invoking toplevel() on ptolemy.moml.MoMLSimpleApplication@2c40ea6
reloadAllAccessors: .ContinuousMerge3

===========================================================================================
----------------- testing Mon Apr 13 13:52:14 UTC 2020 /home/travis/build/icyphy/ptII/ptolemy/domains/continuous/test/auto/ContinuousWithinContinuous.xml
----------------- Instantiating /home/travis/build/icyphy/ptII/ptolemy/domains/continuous/test/auto/ContinuousWithinContinuous.xml
29 ms. Memory: 276480K Free: 222987K (81%)
----------------- Invoking toplevel() on ptolemy.moml.MoMLSimpleApplication@55610a96
----------------- Done invoking toplevel() on ptolemy.moml.MoMLSimpleApplication@55610a96
reloadAllAccessors: .ContinuousWithinContinuous

===========================================================================================
----------------- testing Mon Apr 13 13:52:14 UTC 2020 /home/travis/build/icyphy/ptII/ptolemy/domains/continuous/test/auto/ContinuousWithinContinuous2.xml
----------------- Instantiating /home/travis/build/icyphy/ptII/ptolemy/domains/continuous/test/auto/ContinuousWithinContinuous2.xml
55 ms. Memory: 276480K Free: 211723K (77%)
----------------- Invoking toplevel() on ptolemy.moml.MoMLSimpleApplication@354b94fc
----------------- Done invoking toplevel() on ptolemy.moml.MoMLSimpleApplication@354b94fc
reloadAllAccessors: .ContinuousWithinContinuous2

===========================================================================================
----------------- testing Mon Apr 13 13:52:14 UTC 2020 /home/travis/build/icyphy/ptII/ptolemy/domains/continuous/test/auto/ContinuousWithinContinuous3.xml
----------------- Instantiating /home/travis/build/icyphy/ptII/ptolemy/domains/continuous/test/auto/ContinuousWithinContinuous3.xml
10 ms. Memory: 276480K Free: 205069K (74%)
----------------- Invoking toplevel() on ptolemy.moml.MoMLSimpleApplication@1daf4e8b
----------------- Done invoking toplevel() on ptolemy.moml.MoMLSimpleApplication@1daf4e8b
reloadAllAccessors: .ContinuousWithinContinuous3

===========================================================================================
----------------- testing Mon Apr 13 13:52:14 UTC 2020 /home/travis/build/icyphy/ptII/ptolemy/domains/continuous/test/auto/ContinuousWithinContinuous4.xml
----------------- Instantiating /home/travis/build/icyphy/ptII/ptolemy/domains/continuous/test/auto/ContinuousWithinContinuous4.xml
56 ms. Memory: 276480K Free: 192267K (70%)
----------------- Invoking toplevel() on ptolemy.moml.MoMLSimpleApplication@5481ed89
----------------- Done invoking toplevel() on ptolemy.moml.MoMLSimpleApplication@5481ed89
reloadAllAccessors: .ContinuousWithinContinuous4

===========================================================================================
----------------- testing Mon Apr 13 13:52:15 UTC 2020 /home/travis/build/icyphy/ptII/ptolemy/domains/continuous/test/auto/ContinuousWithinContinuous5.xml
----------------- Instantiating /home/travis/build/icyphy/ptII/ptolemy/domains/continuous/test/auto/ContinuousWithinContinuous5.xml
10 ms. Memory: 276480K Free: 185099K (67%)
----------------- Invoking toplevel() on ptolemy.moml.MoMLSimpleApplication@3b5698d7
----------------- Done invoking toplevel() on ptolemy.moml.MoMLSimpleApplication@3b5698d7
reloadAllAccessors: .ContinuousWithinContinuous5

===========================================================================================
----------------- testing Mon Apr 13 13:52:15 UTC 2020 /home/travis/build/icyphy/ptII/ptolemy/domains/continuous/test/auto/ContinuousWithinContinuous6.xml
----------------- Instantiating /home/travis/build/icyphy/ptII/ptolemy/domains/continuous/test/auto/ContinuousWithinContinuous6.xml
9 ms. Memory: 276480K Free: 177931K (64%)
----------------- Invoking toplevel() on ptolemy.moml.MoMLSimpleApplication@2ae78277
----------------- Done invoking toplevel() on ptolemy.moml.MoMLSimpleApplication@2ae78277
reloadAllAccessors: .ContinuousWithinContinuous6

===========================================================================================
----------------- testing Mon Apr 13 13:52:15 UTC 2020 /home/travis/build/icyphy/ptII/ptolemy/domains/continuous/test/auto/ContinuousWithinContinuous7.xml
----------------- Instantiating /home/travis/build/icyphy/ptII/ptolemy/domains/continuous/test/auto/ContinuousWithinContinuous7.xml
48 ms. Memory: 276480K Free: 166667K (60%)
----------------- Invoking toplevel() on ptolemy.moml.MoMLSimpleApplication@23a3c43b
----------------- Done invoking toplevel() on ptolemy.moml.MoMLSimpleApplication@23a3c43b
reloadAllAccessors: .ContinuousWithinContinuous7

===========================================================================================
----------------- testing Mon Apr 13 13:52:15 UTC 2020 /home/travis/build/icyphy/ptII/ptolemy/domains/continuous/test/auto/DCMotor.xml
----------------- Instantiating /home/travis/build/icyphy/ptII/ptolemy/domains/continuous/test/auto/DCMotor.xml
13297 ms. Memory: 276480K Free: 193975K (70%)
----------------- Invoking toplevel() on ptolemy.moml.MoMLSimpleApplication@37d214f5
----------------- Done invoking toplevel() on ptolemy.moml.MoMLSimpleApplication@37d214f5
reloadAllAccessors: .DCMotor

===========================================================================================
----------------- testing Mon Apr 13 13:52:28 UTC 2020 /home/travis/build/icyphy/ptII/ptolemy/domains/continuous/test/auto/DEInContinuous.xml
----------------- Instantiating /home/travis/build/icyphy/ptII/ptolemy/domains/continuous/test/auto/DEInContinuous.xml
26 ms. Memory: 276480K Free: 187845K (68%)
----------------- Invoking toplevel() on ptolemy.moml.MoMLSimpleApplication@102d0803
----------------- Done invoking toplevel() on ptolemy.moml.MoMLSimpleApplication@102d0803
reloadAllAccessors: .DEInContinuous

===========================================================================================
----------------- testing Mon Apr 13 13:52:28 UTC 2020 /home/travis/build/icyphy/ptII/ptolemy/domains/continuous/test/auto/DEinContinuous2.xml
----------------- Instantiating /home/travis/build/icyphy/ptII/ptolemy/domains/continuous/test/auto/DEinContinuous2.xml
10 ms. Memory: 276480K Free: 180167K (65%)
----------------- Invoking toplevel() on ptolemy.moml.MoMLSimpleApplication@583aa9a5
----------------- Done invoking toplevel() on ptolemy.moml.MoMLSimpleApplication@583aa9a5
reloadAllAccessors: .DEinContinuous2

===========================================================================================
----------------- testing Mon Apr 13 13:52:28 UTC 2020 /home/travis/build/icyphy/ptII/ptolemy/domains/continuous/test/auto/Derivative.xml
----------------- Instantiating /home/travis/build/icyphy/ptII/ptolemy/domains/continuous/test/auto/Derivative.xml
166 ms. Memory: 276480K Free: 150981K (55%)
----------------- Invoking toplevel() on ptolemy.moml.MoMLSimpleApplication@1ec45fa7
----------------- Done invoking toplevel() on ptolemy.moml.MoMLSimpleApplication@1ec45fa7
reloadAllAccessors: .Derivative2

===========================================================================================
----------------- testing Mon Apr 13 13:52:28 UTC 2020 /home/travis/build/icyphy/ptII/ptolemy/domains/continuous/test/auto/Derivative1.xml
----------------- Instantiating /home/travis/build/icyphy/ptII/ptolemy/domains/continuous/test/auto/Derivative1.xml
19 ms. Memory: 276480K Free: 136645K (49%)
----------------- Invoking toplevel() on ptolemy.moml.MoMLSimpleApplication@366843e0
----------------- Done invoking toplevel() on ptolemy.moml.MoMLSimpleApplication@366843e0
reloadAllAccessors: .Derivative1

===========================================================================================
----------------- testing Mon Apr 13 13:52:28 UTC 2020 /home/travis/build/icyphy/ptII/ptolemy/domains/continuous/test/auto/DiscreteClock.xml
----------------- Instantiating /home/travis/build/icyphy/ptII/ptolemy/domains/continuous/test/auto/DiscreteClock.xml
4 ms. Memory: 276480K Free: 131525K (48%)
----------------- Invoking toplevel() on ptolemy.moml.MoMLSimpleApplication@11310b95
----------------- Done invoking toplevel() on ptolemy.moml.MoMLSimpleApplication@11310b95
reloadAllAccessors: .DiscreteClock

===========================================================================================
----------------- testing Mon Apr 13 13:52:28 UTC 2020 /home/travis/build/icyphy/ptII/ptolemy/domains/continuous/test/auto/EfficiencyCurve.xml
----------------- Instantiating /home/travis/build/icyphy/ptII/ptolemy/domains/continuous/test/auto/EfficiencyCurve.xml
70 ms. Memory: 276480K Free: 122309K (44%)
----------------- Invoking toplevel() on ptolemy.moml.MoMLSimpleApplication@206b9609
----------------- Done invoking toplevel() on ptolemy.moml.MoMLSimpleApplication@206b9609
reloadAllAccessors: .EfficiencyCurve

===========================================================================================
----------------- testing Mon Apr 13 13:52:28 UTC 2020 /home/travis/build/icyphy/ptII/ptolemy/domains/continuous/test/auto/ExponentialResponse.xml
----------------- Instantiating /home/travis/build/icyphy/ptII/ptolemy/domains/continuous/test/auto/ExponentialResponse.xml
100 ms. Memory: 276480K Free: 105925K (38%)
----------------- Invoking toplevel() on ptolemy.moml.MoMLSimpleApplication@10100f7
----------------- Done invoking toplevel() on ptolemy.moml.MoMLSimpleApplication@10100f7
reloadAllAccessors: .ExponentialResponse

===========================================================================================
----------------- testing Mon Apr 13 13:52:29 UTC 2020 /home/travis/build/icyphy/ptII/ptolemy/domains/continuous/test/auto/ExponentialResponseRK45.xml
----------------- Instantiating /home/travis/build/icyphy/ptII/ptolemy/domains/continuous/test/auto/ExponentialResponseRK45.xml
25 ms. Memory: 276480K Free: 99271K (36%)
----------------- Invoking toplevel() on ptolemy.moml.MoMLSimpleApplication@29e061a1
----------------- Done invoking toplevel() on ptolemy.moml.MoMLSimpleApplication@29e061a1
reloadAllAccessors: .ExponentialResponseRK45

===========================================================================================
----------------- testing Mon Apr 13 13:52:29 UTC 2020 /home/travis/build/icyphy/ptII/ptolemy/domains/continuous/test/auto/Friction.xml
----------------- Instantiating /home/travis/build/icyphy/ptII/ptolemy/domains/continuous/test/auto/Friction.xml
1443 ms. Memory: 276480K Free: 166039K (60%)
----------------- Invoking toplevel() on ptolemy.moml.MoMLSimpleApplication@6d5cb2f3
----------------- Done invoking toplevel() on ptolemy.moml.MoMLSimpleApplication@6d5cb2f3
reloadAllAccessors: .Friction

===========================================================================================
----------------- testing Mon Apr 13 13:52:30 UTC 2020 /home/travis/build/icyphy/ptII/ptolemy/domains/continuous/test/auto/FurutaPendulum.xml
----------------- Instantiating /home/travis/build/icyphy/ptII/ptolemy/domains/continuous/test/auto/FurutaPendulum.xml
2897 ms. Memory: 276480K Free: 153436K (55%)
----------------- Invoking toplevel() on ptolemy.moml.MoMLSimpleApplication@5785060a
----------------- Done invoking toplevel() on ptolemy.moml.MoMLSimpleApplication@5785060a
reloadAllAccessors: .FurutaPendulum

===========================================================================================
----------------- testing Mon Apr 13 13:52:33 UTC 2020 /home/travis/build/icyphy/ptII/ptolemy/domains/continuous/test/auto/HierarchicalExecution.xml
----------------- Instantiating /home/travis/build/icyphy/ptII/ptolemy/domains/continuous/test/auto/HierarchicalExecution.xml
1615 ms. Memory: 276480K Free: 200807K (73%)
----------------- Invoking toplevel() on ptolemy.moml.MoMLSimpleApplication@6fb36761
----------------- Done invoking toplevel() on ptolemy.moml.MoMLSimpleApplication@6fb36761
reloadAllAccessors: .HierarchicalExecution

===========================================================================================
----------------- testing Mon Apr 13 13:52:35 UTC 2020 /home/travis/build/icyphy/ptII/ptolemy/domains/continuous/test/auto/HybridPlant.xml
----------------- Instantiating /home/travis/build/icyphy/ptII/ptolemy/domains/continuous/test/auto/HybridPlant.xml
490 ms. Memory: 276480K Free: 99838K (36%)
----------------- Invoking toplevel() on ptolemy.moml.MoMLSimpleApplication@779e8567
----------------- Done invoking toplevel() on ptolemy.moml.MoMLSimpleApplication@779e8567
reloadAllAccessors: .HybridPlant

===========================================================================================
----------------- testing Mon Apr 13 13:52:36 UTC 2020 /home/travis/build/icyphy/ptII/ptolemy/domains/continuous/test/auto/Hysteresis.xml
----------------- Instantiating /home/travis/build/icyphy/ptII/ptolemy/domains/continuous/test/auto/Hysteresis.xml
169 ms. Memory: 276480K Free: 202280K (73%)
----------------- Invoking toplevel() on ptolemy.moml.MoMLSimpleApplication@2f2f9449
----------------- Done invoking toplevel() on ptolemy.moml.MoMLSimpleApplication@2f2f9449
reloadAllAccessors: .Hysteresis

===========================================================================================
----------------- testing Mon Apr 13 13:52:36 UTC 2020 /home/travis/build/icyphy/ptII/ptolemy/domains/continuous/test/auto/HysteresisWithRandomDelay.xml
----------------- Instantiating /home/travis/build/icyphy/ptII/ptolemy/domains/continuous/test/auto/HysteresisWithRandomDelay.xml
189 ms. Memory: 276480K Free: 130600K (47%)
----------------- Invoking toplevel() on ptolemy.moml.MoMLSimpleApplication@2c14c582
----------------- Done invoking toplevel() on ptolemy.moml.MoMLSimpleApplication@2c14c582
reloadAllAccessors: .HysteresisWithRandomDelay

===========================================================================================
----------------- testing Mon Apr 13 13:52:36 UTC 2020 /home/travis/build/icyphy/ptII/ptolemy/domains/continuous/test/auto/HysteresisWithRandomLosses.xml
----------------- Instantiating /home/travis/build/icyphy/ptII/ptolemy/domains/continuous/test/auto/HysteresisWithRandomLosses.xml
2209 ms. Memory: 276480K Free: 214382K (78%)
----------------- Invoking toplevel() on ptolemy.moml.MoMLSimpleApplication@34e2dd2f
----------------- Done invoking toplevel() on ptolemy.moml.MoMLSimpleApplication@34e2dd2f
reloadAllAccessors: .HysteresisWithRandomLosses

===========================================================================================
----------------- testing Mon Apr 13 13:52:39 UTC 2020 /home/travis/build/icyphy/ptII/ptolemy/domains/continuous/test/auto/ImmediateTransitions.xml
----------------- Instantiating /home/travis/build/icyphy/ptII/ptolemy/domains/continuous/test/auto/ImmediateTransitions.xml
8 ms. Memory: 276480K Free: 203632K (74%)
----------------- Invoking toplevel() on ptolemy.moml.MoMLSimpleApplication@686baf83
----------------- Done invoking toplevel() on ptolemy.moml.MoMLSimpleApplication@686baf83
reloadAllAccessors: .ImmediateTransitions

===========================================================================================
----------------- testing Mon Apr 13 13:52:39 UTC 2020 /home/travis/build/icyphy/ptII/ptolemy/domains/continuous/test/auto/ImpulseFeedback.xml
----------------- Instantiating /home/travis/build/icyphy/ptII/ptolemy/domains/continuous/test/auto/ImpulseFeedback.xml
6 ms. Memory: 276480K Free: 197998K (72%)
----------------- Invoking toplevel() on ptolemy.moml.MoMLSimpleApplication@1fdfb892
----------------- Done invoking toplevel() on ptolemy.moml.MoMLSimpleApplication@1fdfb892
reloadAllAccessors: .ImpulseFeedback

===========================================================================================
----------------- testing Mon Apr 13 13:52:39 UTC 2020 /home/travis/build/icyphy/ptII/ptolemy/domains/continuous/test/auto/ImpulseFeedback2.xml
----------------- Instantiating /home/travis/build/icyphy/ptII/ptolemy/domains/continuous/test/auto/ImpulseFeedback2.xml
6 ms. Memory: 276480K Free: 192368K (70%)
----------------- Invoking toplevel() on ptolemy.moml.MoMLSimpleApplication@6bdcd7db
----------------- Done invoking toplevel() on ptolemy.moml.MoMLSimpleApplication@6bdcd7db
reloadAllAccessors: .ImpulseFeedback2

===========================================================================================
----------------- testing Mon Apr 13 13:52:39 UTC 2020 /home/travis/build/icyphy/ptII/ptolemy/domains/continuous/test/auto/IncreasingRatePoisson.xml
----------------- Instantiating /home/travis/build/icyphy/ptII/ptolemy/domains/continuous/test/auto/IncreasingRatePoisson.xml
698 ms. Memory: 276480K Free: 211222K (76%)
----------------- Invoking toplevel() on ptolemy.moml.MoMLSimpleApplication@239002ad
----------------- Done invoking toplevel() on ptolemy.moml.MoMLSimpleApplication@239002ad
reloadAllAccessors: .IncreasingRatePoisson

===========================================================================================
----------------- testing Mon Apr 13 13:52:39 UTC 2020 /home/travis/build/icyphy/ptII/ptolemy/domains/continuous/test/auto/InitialStateFeedback.xml
----------------- Instantiating /home/travis/build/icyphy/ptII/ptolemy/domains/continuous/test/auto/InitialStateFeedback.xml
5 ms. Memory: 276480K Free: 206612K (75%)
----------------- Invoking toplevel() on ptolemy.moml.MoMLSimpleApplication@3214d3ad
----------------- Done invoking toplevel() on ptolemy.moml.MoMLSimpleApplication@3214d3ad
reloadAllAccessors: .InitialStateFeedback

===========================================================================================
----------------- testing Mon Apr 13 13:52:39 UTC 2020 /home/travis/build/icyphy/ptII/ptolemy/domains/continuous/test/auto/Integration.xml
----------------- Instantiating /home/travis/build/icyphy/ptII/ptolemy/domains/continuous/test/auto/Integration.xml
2 ms. Memory: 276480K Free: 202516K (73%)
----------------- Invoking toplevel() on ptolemy.moml.MoMLSimpleApplication@13736600
----------------- Done invoking toplevel() on ptolemy.moml.MoMLSimpleApplication@13736600
reloadAllAccessors: .Integration

===========================================================================================
----------------- testing Mon Apr 13 13:52:39 UTC 2020 /home/travis/build/icyphy/ptII/ptolemy/domains/continuous/test/auto/Integration2.xml
----------------- Instantiating /home/travis/build/icyphy/ptII/ptolemy/domains/continuous/test/auto/Integration2.xml
62 ms. Memory: 276480K Free: 188180K (68%)
----------------- Invoking toplevel() on ptolemy.moml.MoMLSimpleApplication@7ba6aa4a
----------------- Done invoking toplevel() on ptolemy.moml.MoMLSimpleApplication@7ba6aa4a
reloadAllAccessors: .Integration2

===========================================================================================
----------------- testing Mon Apr 13 13:52:39 UTC 2020 /home/travis/build/icyphy/ptII/ptolemy/domains/continuous/test/auto/Integration3.xml
----------------- Instantiating /home/travis/build/icyphy/ptII/ptolemy/domains/continuous/test/auto/Integration3.xml
2 ms. Memory: 276480K Free: 183574K (66%)
----------------- Invoking toplevel() on ptolemy.moml.MoMLSimpleApplication@71697709
----------------- Done invoking toplevel() on ptolemy.moml.MoMLSimpleApplication@71697709
reloadAllAccessors: .Integration3

===========================================================================================
----------------- testing Mon Apr 13 13:52:39 UTC 2020 /home/travis/build/icyphy/ptII/ptolemy/domains/continuous/test/auto/Integration5.xml
----------------- Instantiating /home/travis/build/icyphy/ptII/ptolemy/domains/continuous/test/auto/Integration5.xml
3 ms. Memory: 276480K Free: 179478K (65%)
----------------- Invoking toplevel() on ptolemy.moml.MoMLSimpleApplication@337e5e6e
----------------- Done invoking toplevel() on ptolemy.moml.MoMLSimpleApplication@337e5e6e
reloadAllAccessors: .Integration5

===========================================================================================
----------------- testing Mon Apr 13 13:52:40 UTC 2020 /home/travis/build/icyphy/ptII/ptolemy/domains/continuous/test/auto/IntegratorImpulse.xml
----------------- Instantiating /home/travis/build/icyphy/ptII/ptolemy/domains/continuous/test/auto/IntegratorImpulse.xml
1 ms. Memory: 276480K Free: 175382K (63%)
----------------- Invoking toplevel() on ptolemy.moml.MoMLSimpleApplication@341eda77
----------------- Done invoking toplevel() on ptolemy.moml.MoMLSimpleApplication@341eda77
reloadAllAccessors: .IntegratorImpulse

===========================================================================================
----------------- testing Mon Apr 13 13:52:40 UTC 2020 /home/travis/build/icyphy/ptII/ptolemy/domains/continuous/test/auto/IntegratorImpulse2.xml
----------------- Instantiating /home/travis/build/icyphy/ptII/ptolemy/domains/continuous/test/auto/IntegratorImpulse2.xml
6 ms. Memory: 276480K Free: 170742K (62%)
----------------- Invoking toplevel() on ptolemy.moml.MoMLSimpleApplication@4ee53cc5
----------------- Done invoking toplevel() on ptolemy.moml.MoMLSimpleApplication@4ee53cc5
reloadAllAccessors: .IntegratorImpulse2

===========================================================================================
----------------- testing Mon Apr 13 13:52:40 UTC 2020 /home/travis/build/icyphy/ptII/ptolemy/domains/continuous/test/auto/LevelCrossing1.xml
----------------- Instantiating /home/travis/build/icyphy/ptII/ptolemy/domains/continuous/test/auto/LevelCrossing1.xml
2 ms. Memory: 276480K Free: 165652K (60%)
----------------- Invoking toplevel() on ptolemy.moml.MoMLSimpleApplication@14b78a8f
----------------- Done invoking toplevel() on ptolemy.moml.MoMLSimpleApplication@14b78a8f
reloadAllAccessors: .LevelCrossing1

===========================================================================================
----------------- testing Mon Apr 13 13:52:40 UTC 2020 /home/travis/build/icyphy/ptII/ptolemy/domains/continuous/test/auto/LevelCrossing2.xml
----------------- Instantiating /home/travis/build/icyphy/ptII/ptolemy/domains/continuous/test/auto/LevelCrossing2.xml
3 ms. Memory: 276480K Free: 160526K (58%)
----------------- Invoking toplevel() on ptolemy.moml.MoMLSimpleApplication@4f308284
----------------- Done invoking toplevel() on ptolemy.moml.MoMLSimpleApplication@4f308284
reloadAllAccessors: .LevelCrossing2

===========================================================================================
----------------- testing Mon Apr 13 13:52:40 UTC 2020 /home/travis/build/icyphy/ptII/ptolemy/domains/continuous/test/auto/LevelCrossing3.xml
----------------- Instantiating /home/travis/build/icyphy/ptII/ptolemy/domains/continuous/test/auto/LevelCrossing3.xml
2 ms. Memory: 276480K Free: 155412K (56%)
----------------- Invoking toplevel() on ptolemy.moml.MoMLSimpleApplication@5460ca52
----------------- Done invoking toplevel() on ptolemy.moml.MoMLSimpleApplication@5460ca52
reloadAllAccessors: .LevelCrossing3

===========================================================================================
----------------- testing Mon Apr 13 13:52:40 UTC 2020 /home/travis/build/icyphy/ptII/ptolemy/domains/continuous/test/auto/LevelCrossing4.xml
----------------- Instantiating /home/travis/build/icyphy/ptII/ptolemy/domains/continuous/test/auto/LevelCrossing4.xml
3 ms. Memory: 276480K Free: 150278K (54%)
----------------- Invoking toplevel() on ptolemy.moml.MoMLSimpleApplication@795127b4
----------------- Done invoking toplevel() on ptolemy.moml.MoMLSimpleApplication@795127b4
reloadAllAccessors: .LevelCrossing4

===========================================================================================
----------------- testing Mon Apr 13 13:52:40 UTC 2020 /home/travis/build/icyphy/ptII/ptolemy/domains/continuous/test/auto/LevelCrossing5.xml
----------------- Instantiating /home/travis/build/icyphy/ptII/ptolemy/domains/continuous/test/auto/LevelCrossing5.xml
3 ms. Memory: 276480K Free: 145166K (53%)
----------------- Invoking toplevel() on ptolemy.moml.MoMLSimpleApplication@aa4bbaf
----------------- Done invoking toplevel() on ptolemy.moml.MoMLSimpleApplication@aa4bbaf
reloadAllAccessors: .LevelCrossing5

===========================================================================================
[...]
----------------- testing Mon Apr 13 13:52:55 UTC 2020 /home/travis/build/icyphy/ptII/ptolemy/domains/continuous/test/auto/SRinContinuous.xml
----------------- Instantiating /home/travis/build/icyphy/ptII/ptolemy/domains/continuous/test/auto/SRinContinuous.xml
5 ms. Memory: 276480K Free: 172488K (62%)
----------------- Invoking toplevel() on ptolemy.moml.MoMLSimpleApplication@39694f51
----------------- Done invoking toplevel() on ptolemy.moml.MoMLSimpleApplication@39694f51
reloadAllAccessors: .SRinContinuous

===========================================================================================
----------------- testing Mon Apr 13 13:52:55 UTC 2020 /home/travis/build/icyphy/ptII/ptolemy/domains/continuous/test/auto/SampledClocks.xml
----------------- Instantiating /home/travis/build/icyphy/ptII/ptolemy/domains/continuous/test/auto/SampledClocks.xml
5 ms. Memory: 276480K Free: 159686K (58%)
----------------- Invoking toplevel() on ptolemy.moml.MoMLSimpleApplication@5e9a24f1
----------------- Done invoking toplevel() on ptolemy.moml.MoMLSimpleApplication@5e9a24f1
reloadAllAccessors: .SampledClocks

===========================================================================================
----------------- testing Mon Apr 13 13:52:55 UTC 2020 /home/travis/build/icyphy/ptII/ptolemy/domains/continuous/test/auto/Satellite.xml
----------------- Instantiating /home/travis/build/icyphy/ptII/ptolemy/domains/continuous/test/auto/Satellite.xml
677 ms. Memory: 276480K Free: 130140K (47%)
----------------- Invoking toplevel() on ptolemy.moml.MoMLSimpleApplication@20010d45
----------------- Done invoking toplevel() on ptolemy.moml.MoMLSimpleApplication@20010d45
reloadAllAccessors: .Satellite

===========================================================================================
----------------- testing Mon Apr 13 13:52:56 UTC 2020 /home/travis/build/icyphy/ptII/ptolemy/domains/continuous/test/auto/SigmaDelta.xml
----------------- Instantiating /home/travis/build/icyphy/ptII/ptolemy/domains/continuous/test/auto/SigmaDelta.xml
1878 ms. Memory: 276480K Free: 190825K (69%)
----------------- Invoking toplevel() on ptolemy.moml.MoMLSimpleApplication@1df9be5f
----------------- Done invoking toplevel() on ptolemy.moml.MoMLSimpleApplication@1df9be5f
reloadAllAccessors: .SigmaDelta

===========================================================================================
----------------- testing Mon Apr 13 13:52:58 UTC 2020 /home/travis/build/icyphy/ptII/ptolemy/domains/continuous/test/auto/SingleRefinement.xml
----------------- Instantiating /home/travis/build/icyphy/ptII/ptolemy/domains/continuous/test/auto/SingleRefinement.xml
286 ms. Memory: 276480K Free: 171313K (62%)
----------------- Invoking toplevel() on ptolemy.moml.MoMLSimpleApplication@1cf6feb2
----------------- Done invoking toplevel() on ptolemy.moml.MoMLSimpleApplication@1cf6feb2
reloadAllAccessors: .SingleRefinement

===========================================================================================
----------------- testing Mon Apr 13 13:52:59 UTC 2020 /home/travis/build/icyphy/ptII/ptolemy/domains/continuous/test/auto/SinuBouncingBall.xml
----------------- Instantiating /home/travis/build/icyphy/ptII/ptolemy/domains/continuous/test/auto/SinuBouncingBall.xml
746 ms. Memory: 276480K Free: 116264K (42%)
----------------- Invoking toplevel() on ptolemy.moml.MoMLSimpleApplication@64ba159f
----------------- Done invoking toplevel() on ptolemy.moml.MoMLSimpleApplication@64ba159f
reloadAllAccessors: .SinuBouncingBall

===========================================================================================
----------------- testing Mon Apr 13 13:52:59 UTC 2020 /home/travis/build/icyphy/ptII/ptolemy/domains/continuous/test/auto/Sinusoid.xml
----------------- Instantiating /home/travis/build/icyphy/ptII/ptolemy/domains/continuous/test/auto/Sinusoid.xml
4 ms. Memory: 276480K Free: 111640K (40%)
----------------- Invoking toplevel() on ptolemy.moml.MoMLSimpleApplication@71b58192
----------------- Done invoking toplevel() on ptolemy.moml.MoMLSimpleApplication@71b58192
reloadAllAccessors: .Sinusoid

===========================================================================================
----------------- testing Mon Apr 13 13:52:59 UTC 2020 /home/travis/build/icyphy/ptII/ptolemy/domains/continuous/test/auto/SinusoidInNoise.xml
----------------- Instantiating /home/travis/build/icyphy/ptII/ptolemy/domains/continuous/test/auto/SinusoidInNoise.xml
718 ms. Memory: 276480K Free: 141085K (51%)
----------------- Invoking toplevel() on ptolemy.moml.MoMLSimpleApplication@1bd5f12
----------------- Done invoking toplevel() on ptolemy.moml.MoMLSimpleApplication@1bd5f12
reloadAllAccessors: .SinusoidInNoise

===========================================================================================
----------------- testing Mon Apr 13 13:53:00 UTC 2020 /home/travis/build/icyphy/ptII/ptolemy/domains/continuous/test/auto/SinusoidRK45.xml
----------------- Instantiating /home/travis/build/icyphy/ptII/ptolemy/domains/continuous/test/auto/SinusoidRK45.xml
3 ms. Memory: 276480K Free: 136490K (49%)
----------------- Invoking toplevel() on ptolemy.moml.MoMLSimpleApplication@70b23476
----------------- Done invoking toplevel() on ptolemy.moml.MoMLSimpleApplication@70b23476
reloadAllAccessors: .SinusoidRK45

===========================================================================================
----------------- testing Mon Apr 13 13:53:00 UTC 2020 /home/travis/build/icyphy/ptII/ptolemy/domains/continuous/test/auto/SinusoidWithMultipleImpulses.xml
----------------- Instantiating /home/travis/build/icyphy/ptII/ptolemy/domains/continuous/test/auto/SinusoidWithMultipleImpulses.xml
3 ms. Memory: 276480K Free: 131880K (48%)
----------------- Invoking toplevel() on ptolemy.moml.MoMLSimpleApplication@5495278c
----------------- Done invoking toplevel() on ptolemy.moml.MoMLSimpleApplication@5495278c
reloadAllAccessors: .SinusoidWithMultipleImpulses

===========================================================================================
----------------- testing Mon Apr 13 13:53:00 UTC 2020 /home/travis/build/icyphy/ptII/ptolemy/domains/continuous/test/auto/SquareWave.xml
----------------- Instantiating /home/travis/build/icyphy/ptII/ptolemy/domains/continuous/test/auto/SquareWave.xml
123 ms. Memory: 276480K Free: 104746K (38%)
----------------- Invoking toplevel() on ptolemy.moml.MoMLSimpleApplication@114be376
----------------- Done invoking toplevel() on ptolemy.moml.MoMLSimpleApplication@114be376
reloadAllAccessors: .SquareWave

===========================================================================================
----------------- testing Mon Apr 13 13:53:00 UTC 2020 /home/travis/build/icyphy/ptII/ptolemy/domains/continuous/test/auto/Starmac.xml
----------------- Instantiating /home/travis/build/icyphy/ptII/ptolemy/domains/continuous/test/auto/Starmac.xml
3070 ms. Memory: 276480K Free: 120758K (44%)
----------------- Invoking toplevel() on ptolemy.moml.MoMLSimpleApplication@7acbb900
----------------- Done invoking toplevel() on ptolemy.moml.MoMLSimpleApplication@7acbb900
reloadAllAccessors: .Starmac

===========================================================================================
----------------- testing Mon Apr 13 13:53:04 UTC 2020 /home/travis/build/icyphy/ptII/ptolemy/domains/continuous/test/auto/StaticUnits.xml
----------------- Instantiating /home/travis/build/icyphy/ptII/ptolemy/domains/continuous/test/auto/StaticUnits.xml
1708 ms. Memory: 331776K Free: 271561K (82%)
----------------- Invoking toplevel() on ptolemy.moml.MoMLSimpleApplication@a3a263
----------------- Done invoking toplevel() on ptolemy.moml.MoMLSimpleApplication@a3a263
reloadAllAccessors: .StaticUnits

===========================================================================================
----------------- testing Mon Apr 13 13:53:06 UTC 2020 /home/travis/build/icyphy/ptII/ptolemy/domains/continuous/test/auto/StickyMasses.xml
----------------- Instantiating /home/travis/build/icyphy/ptII/ptolemy/domains/continuous/test/auto/StickyMasses.xml
141 ms. Memory: 331776K Free: 221899K (67%)
----------------- Invoking toplevel() on ptolemy.moml.MoMLSimpleApplication@32758d7b
----------------- Done invoking toplevel() on ptolemy.moml.MoMLSimpleApplication@32758d7b
reloadAllAccessors: .StickyMasses

===========================================================================================
----------------- testing Mon Apr 13 13:53:06 UTC 2020 /home/travis/build/icyphy/ptII/ptolemy/domains/continuous/test/auto/StopTime.xml
----------------- Instantiating /home/travis/build/icyphy/ptII/ptolemy/domains/continuous/test/auto/StopTime.xml
52 ms. Memory: 331776K Free: 197323K (59%)
----------------- Invoking toplevel() on ptolemy.moml.MoMLSimpleApplication@53bfce76
----------------- Done invoking toplevel() on ptolemy.moml.MoMLSimpleApplication@53bfce76
reloadAllAccessors: .StopTime

===========================================================================================
----------------- testing Mon Apr 13 13:53:06 UTC 2020 /home/travis/build/icyphy/ptII/ptolemy/domains/continuous/test/auto/StopTime2.xml
----------------- Instantiating /home/travis/build/icyphy/ptII/ptolemy/domains/continuous/test/auto/StopTime2.xml
34 ms. Memory: 331776K Free: 175299K (53%)
----------------- Invoking toplevel() on ptolemy.moml.MoMLSimpleApplication@15d9666f
----------------- Done invoking toplevel() on ptolemy.moml.MoMLSimpleApplication@15d9666f
reloadAllAccessors: .StopTime2

===========================================================================================
----------------- testing Mon Apr 13 13:53:06 UTC 2020 /home/travis/build/icyphy/ptII/ptolemy/domains/continuous/test/auto/Switch.xml
----------------- Instantiating /home/travis/build/icyphy/ptII/ptolemy/domains/continuous/test/auto/Switch.xml
37 ms. Memory: 331776K Free: 150219K (45%)
----------------- Invoking toplevel() on ptolemy.moml.MoMLSimpleApplication@9af7b35
----------------- Done invoking toplevel() on ptolemy.moml.MoMLSimpleApplication@9af7b35
reloadAllAccessors: .Switch

===========================================================================================
----------------- testing Mon Apr 13 13:53:06 UTC 2020 /home/travis/build/icyphy/ptII/ptolemy/domains/continuous/test/auto/Thermostat.xml
----------------- Instantiating /home/travis/build/icyphy/ptII/ptolemy/domains/continuous/test/auto/Thermostat.xml
182 ms. Memory: 331776K Free: 271565K (82%)
----------------- Invoking toplevel() on ptolemy.moml.MoMLSimpleApplication@7cc2b358
----------------- Done invoking toplevel() on ptolemy.moml.MoMLSimpleApplication@7cc2b358
reloadAllAccessors: .Thermostat

===========================================================================================
----------------- testing Mon Apr 13 13:53:07 UTC 2020 /home/travis/build/icyphy/ptII/ptolemy/domains/continuous/test/auto/TimeDelay.xml
----------------- Instantiating /home/travis/build/icyphy/ptII/ptolemy/domains/continuous/test/auto/TimeDelay.xml
5 ms. Memory: 331776K Free: 266412K (80%)
----------------- Invoking toplevel() on ptolemy.moml.MoMLSimpleApplication@7f333c7b
----------------- Done invoking toplevel() on ptolemy.moml.MoMLSimpleApplication@7f333c7b
reloadAllAccessors: .TimeDelay

===========================================================================================
----------------- testing Mon Apr 13 13:53:07 UTC 2020 /home/travis/build/icyphy/ptII/ptolemy/domains/continuous/test/auto/TimeDelay2.xml
----------------- Instantiating /home/travis/build/icyphy/ptII/ptolemy/domains/continuous/test/auto/TimeDelay2.xml
9 ms. Memory: 331776K Free: 256187K (77%)
----------------- Invoking toplevel() on ptolemy.moml.MoMLSimpleApplication@2de55ac0
----------------- Done invoking toplevel() on ptolemy.moml.MoMLSimpleApplication@2de55ac0
reloadAllAccessors: .TimeDelay2

===========================================================================================
----------------- testing Mon Apr 13 13:53:07 UTC 2020 /home/travis/build/icyphy/ptII/ptolemy/domains/continuous/test/auto/TimeDelay3.xml
----------------- Instantiating /home/travis/build/icyphy/ptII/ptolemy/domains/continuous/test/auto/TimeDelay3.xml
4 ms. Memory: 331776K Free: 251579K (76%)
----------------- Invoking toplevel() on ptolemy.moml.MoMLSimpleApplication@575f3042
----------------- Done invoking toplevel() on ptolemy.moml.MoMLSimpleApplication@575f3042
reloadAllAccessors: .TimeDelay3

===========================================================================================
----------------- testing Mon Apr 13 13:53:07 UTC 2020 /home/travis/build/icyphy/ptII/ptolemy/domains/continuous/test/auto/TransferAbsentToInside.xml
----------------- Instantiating /home/travis/build/icyphy/ptII/ptolemy/domains/continuous/test/auto/TransferAbsentToInside.xml
27 ms. Memory: 331776K Free: 198828K (60%)
----------------- Invoking toplevel() on ptolemy.moml.MoMLSimpleApplication@7bb2b45e
----------------- Done invoking toplevel() on ptolemy.moml.MoMLSimpleApplication@7bb2b45e
reloadAllAccessors: .TransferAbsentToInside

===========================================================================================
----------------- testing Mon Apr 13 13:53:07 UTC 2020 /home/travis/build/icyphy/ptII/ptolemy/domains/continuous/test/auto/Transmission.xml
----------------- Instantiating /home/travis/build/icyphy/ptII/ptolemy/domains/continuous/test/auto/Transmission.xml
747 ms. Memory: 331776K Free: 161976K (49%)
----------------- Invoking toplevel() on ptolemy.moml.MoMLSimpleApplication@128caf9c
----------------- Done invoking toplevel() on ptolemy.moml.MoMLSimpleApplication@128caf9c
reloadAllAccessors: .Transmission

===========================================================================================
----------------- testing Mon Apr 13 13:53:08 UTC 2020 /home/travis/build/icyphy/ptII/ptolemy/domains/continuous/test/auto/TriggeredContinuousClock.xml
----------------- Instantiating /home/travis/build/icyphy/ptII/ptolemy/domains/continuous/test/auto/TriggeredContinuousClock.xml
37 ms. Memory: 331776K Free: 132280K (40%)
----------------- Invoking toplevel() on ptolemy.moml.MoMLSimpleApplication@6f684ab9
----------------- Done invoking toplevel() on ptolemy.moml.MoMLSimpleApplication@6f684ab9
reloadAllAccessors: .TriggeredContinuousClock

===========================================================================================
----------------- testing Mon Apr 13 13:53:08 UTC 2020 /home/travis/build/icyphy/ptII/ptolemy/domains/continuous/test/auto/TwoMachineInfiniteBusControl.xml
----------------- Instantiating /home/travis/build/icyphy/ptII/ptolemy/domains/continuous/test/auto/TwoMachineInfiniteBusControl.xml
2645 ms. Memory: 331776K Free: 134761K (41%)
----------------- Invoking toplevel() on ptolemy.moml.MoMLSimpleApplication@71f4d083
----------------- Done invoking toplevel() on ptolemy.moml.MoMLSimpleApplication@71f4d083
reloadAllAccessors: .TwoMachineInfiniteBusControl

===========================================================================================
----------------- testing Mon Apr 13 13:53:10 UTC 2020 /home/travis/build/icyphy/ptII/ptolemy/domains/continuous/test/auto/V2V.xml
----------------- Instantiating /home/travis/build/icyphy/ptII/ptolemy/domains/continuous/test/auto/V2V.xml
785 ms. Memory: 398336K Free: 204932K (51%)
----------------- Invoking toplevel() on ptolemy.moml.MoMLSimpleApplication@963b2f3
----------------- Done invoking toplevel() on ptolemy.moml.MoMLSimpleApplication@963b2f3
reloadAllAccessors: .V2V

===========================================================================================
----------------- testing Mon Apr 13 13:53:11 UTC 2020 /home/travis/build/icyphy/ptII/ptolemy/domains/continuous/test/auto/hierarchicalModalModel.xml
----------------- Instantiating /home/travis/build/icyphy/ptII/ptolemy/domains/continuous/test/auto/hierarchicalModalModel.xml
7 ms. Memory: 398336K Free: 191092K (48%)
----------------- Invoking toplevel() on ptolemy.moml.MoMLSimpleApplication@2a86fc9d
----------------- Done invoking toplevel() on ptolemy.moml.MoMLSimpleApplication@2a86fc9d
reloadAllAccessors: .hierarchicalModalModel

===========================================================================================
----------------- testing Mon Apr 13 13:53:11 UTC 2020 /home/travis/build/icyphy/ptII/ptolemy/domains/continuous/test/auto/hierarchicalModalModel1.xml
----------------- Instantiating /home/travis/build/icyphy/ptII/ptolemy/domains/continuous/test/auto/hierarchicalModalModel1.xml
7 ms. Memory: 398336K Free: 176770K (44%)
----------------- Invoking toplevel() on ptolemy.moml.MoMLSimpleApplication@5eec1608
----------------- Done invoking toplevel() on ptolemy.moml.MoMLSimpleApplication@5eec1608
reloadAllAccessors: .hierarchicalModalModel1

===========================================================================================
----------------- testing Mon Apr 13 13:53:11 UTC 2020 /home/travis/build/icyphy/ptII/ptolemy/domains/continuous/test/auto/hierarchicalModalModel2.xml
----------------- Instantiating /home/travis/build/icyphy/ptII/ptolemy/domains/continuous/test/auto/hierarchicalModalModel2.xml
6 ms. Memory: 398336K Free: 164468K (41%)
----------------- Invoking toplevel() on ptolemy.moml.MoMLSimpleApplication@21845938
----------------- Done invoking toplevel() on ptolemy.moml.MoMLSimpleApplication@21845938
reloadAllAccessors: .hierarchicalModalModel2

===========================================================================================
----------------- testing Mon Apr 13 13:53:11 UTC 2020 /home/travis/build/icyphy/ptII/ptolemy/domains/continuous/test/auto/hierarchicalModalModel3.xml
----------------- Instantiating /home/travis/build/icyphy/ptII/ptolemy/domains/continuous/test/auto/hierarchicalModalModel3.xml
5 ms. Memory: 398336K Free: 153732K (39%)
----------------- Invoking toplevel() on ptolemy.moml.MoMLSimpleApplication@25015e63
----------------- Done invoking toplevel() on ptolemy.moml.MoMLSimpleApplication@25015e63
reloadAllAccessors: .hierarchicalModalModel3

===========================================================================================
----------------- testing Mon Apr 13 13:53:11 UTC 2020 /home/travis/build/icyphy/ptII/ptolemy/domains/continuous/test/auto/hierarchicalModalModel4.xml
----------------- Instantiating /home/travis/build/icyphy/ptII/ptolemy/domains/continuous/test/auto/hierarchicalModalModel4.xml
23 ms. Memory: 398336K Free: 374909K (94%)
----------------- Invoking toplevel() on ptolemy.moml.MoMLSimpleApplication@3cc19bf8
----------------- Done invoking toplevel() on ptolemy.moml.MoMLSimpleApplication@3cc19bf8
reloadAllAccessors: .hierarchicalModalModel4

===========================================================================================
----------------- testing Mon Apr 13 13:53:11 UTC 2020 /home/travis/build/icyphy/ptII/ptolemy/domains/continuous/test/auto/junk.xml
----------------- Instantiating /home/travis/build/icyphy/ptII/ptolemy/domains/continuous/test/auto/junk.xml
115 ms. Memory: 398336K Free: 346752K (87%)
----------------- Invoking toplevel() on ptolemy.moml.MoMLSimpleApplication@5699774a
----------------- Done invoking toplevel() on ptolemy.moml.MoMLSimpleApplication@5699774a
reloadAllAccessors: .junk
AutoTests.java: About to close Vertx.
AutoTests.java: Vertx closed.
]]></system-out>
  <system-err><![CDATA[Warning: '.HysteresisWithRandomDelay.NonStrictTest3' The test produced only 27 tokens, yet the correctValues parameter was expecting 30 tokens.
Warning: '.IncreasingRatePoisson.NonStrictTest' The test produced only 401 tokens, yet the correctValues parameter was expecting 402 tokens.
Warning: '.Poisson.NonStrictTest' The test produced only 414 tokens, yet the correctValues parameter was expecting 430 tokens.
]]></system-err>
</testsuite>
