<?xml version="1.0" encoding="UTF-8" ?>
<testsuite errors="0" failures="0" hostname="travis-job-0dceb3de-8951-4a66-8b2b-53bf6733778a" name="ptolemy.domains.de.test.junit.JUnitTclTest" skipped="0" tests="101" time="137.485" timestamp="2018-06-07T23:22:00">
  <properties>
[...]
</properties>
  <testcase classname="ptolemy.util.test.junit.TclTests" name="[0] /home/travis/build/icyphy/ptII/ptolemy/domains/de/test/DependencyLoop.tcl (RunTclFile)" time="0.808" />
  <testcase classname="ptolemy.util.test.junit.TclTests" name="[1] /home/travis/build/icyphy/ptII/ptolemy/domains/de/test/RunDETestsAsQSS.tcl (RunTclFile)" time="95.718" />
  <testcase classname="ptolemy.util.test.junit.AutoKnownFailedTests" name="[0] /home/travis/build/icyphy/ptII/ptolemy/domains/de/test/auto/knownFailedTests/DESDFClockTest.xml (RunModel)" time="2.028" />
  <testcase classname="ptolemy.util.test.junit.AutoKnownFailedTests" name="[1] /home/travis/build/icyphy/ptII/ptolemy/domains/de/test/auto/knownFailedTests/DirectFeedback.xml (RunModel)" time="0.007" />
  <testcase classname="ptolemy.util.test.junit.AutoKnownFailedTests" name="[2] /home/travis/build/icyphy/ptII/ptolemy/domains/de/test/auto/knownFailedTests/FSMSource.xml (RunModel)" time="0.014" />
  <testcase classname="ptolemy.util.test.junit.AutoKnownFailedTests" name="[3] /home/travis/build/icyphy/ptII/ptolemy/domains/de/test/auto/knownFailedTests/HierarchicalModel.xml (RunModel)" time="0.03" />
  <testcase classname="ptolemy.util.test.junit.AutoKnownFailedTests" name="[4] /home/travis/build/icyphy/ptII/ptolemy/domains/de/test/auto/knownFailedTests/dependencyLoop.xml (RunModel)" time="0.029" />
  <testcase classname="ptolemy.util.test.junit.AutoKnownFailedTests" name="[5] /home/travis/build/icyphy/ptII/ptolemy/domains/de/test/auto/knownFailedTests/dependencyLoop2.xml (RunModel)" time="0.033" />
  <testcase classname="ptolemy.util.test.junit.AutoNameArchTests" name="[0] ThereAreNoAutoArchTests (RunModel)" time="0.0" />
  <testcase classname="ptolemy.util.test.junit.AutoTests" name="[0] /home/travis/build/icyphy/ptII/ptolemy/domains/de/test/auto/ActorDepthCalculation_actorWithoutPorts.xml (RunModel)" time="0.01" />
  <testcase classname="ptolemy.util.test.junit.AutoTests" name="[1] /home/travis/build/icyphy/ptII/ptolemy/domains/de/test/auto/AssemblyLine.xml (RunModel)" time="0.017" />
  <testcase classname="ptolemy.util.test.junit.AutoTests" name="[2] /home/travis/build/icyphy/ptII/ptolemy/domains/de/test/auto/CQBug1.xml (RunModel)" time="0.006" />
  <testcase classname="ptolemy.util.test.junit.AutoTests" name="[3] /home/travis/build/icyphy/ptII/ptolemy/domains/de/test/auto/CancelFireAt.xml (RunModel)" time="0.005" />
  <testcase classname="ptolemy.util.test.junit.AutoTests" name="[4] /home/travis/build/icyphy/ptII/ptolemy/domains/de/test/auto/CausalityAndComposabilityAnalysis.xml (RunModel)" time="0.009" />
  <testcase classname="ptolemy.util.test.junit.AutoTests" name="[5] /home/travis/build/icyphy/ptII/ptolemy/domains/de/test/auto/CausalityInterface1.xml (RunModel)" time="0.01" />
  <testcase classname="ptolemy.util.test.junit.AutoTests" name="[6] /home/travis/build/icyphy/ptII/ptolemy/domains/de/test/auto/CausalityInterface15.xml (RunModel)" time="0.011" />
  <testcase classname="ptolemy.util.test.junit.AutoTests" name="[7] /home/travis/build/icyphy/ptII/ptolemy/domains/de/test/auto/CausalityInterface2.xml (RunModel)" time="0.008" />
  <testcase classname="ptolemy.util.test.junit.AutoTests" name="[8] /home/travis/build/icyphy/ptII/ptolemy/domains/de/test/auto/CausalityInterface3.xml (RunModel)" time="0.009" />
  <testcase classname="ptolemy.util.test.junit.AutoTests" name="[9] /home/travis/build/icyphy/ptII/ptolemy/domains/de/test/auto/ClockDrift.xml (RunModel)" time="0.026" />
  <testcase classname="ptolemy.util.test.junit.AutoTests" name="[10] /home/travis/build/icyphy/ptII/ptolemy/domains/de/test/auto/ClockDriftAndValueChange.xml (RunModel)" time="0.024" />
  <testcase classname="ptolemy.util.test.junit.AutoTests" name="[11] /home/travis/build/icyphy/ptII/ptolemy/domains/de/test/auto/ClockDriftChange.xml (RunModel)" time="0.022" />
  <testcase classname="ptolemy.util.test.junit.AutoTests" name="[12] /home/travis/build/icyphy/ptII/ptolemy/domains/de/test/auto/ComposableCausalityAnalysis.xml (RunModel)" time="0.014" />
  <testcase classname="ptolemy.util.test.junit.AutoTests" name="[13] /home/travis/build/icyphy/ptII/ptolemy/domains/de/test/auto/DEFixedPointLimitation.xml (RunModel)" time="0.009" />
  <testcase classname="ptolemy.util.test.junit.AutoTests" name="[14] /home/travis/build/icyphy/ptII/ptolemy/domains/de/test/auto/DEScheduleTest.xml (RunModel)" time="0.03" />
  <testcase classname="ptolemy.util.test.junit.AutoTests" name="[15] /home/travis/build/icyphy/ptII/ptolemy/domains/de/test/auto/DEinDEwithStartTimes.xml (RunModel)" time="0.014" />
  <testcase classname="ptolemy.util.test.junit.AutoTests" name="[16] /home/travis/build/icyphy/ptII/ptolemy/domains/de/test/auto/DEinDEwithStartTimes2.xml (RunModel)" time="0.021" />
  <testcase classname="ptolemy.util.test.junit.AutoTests" name="[17] /home/travis/build/icyphy/ptII/ptolemy/domains/de/test/auto/DateDemo.xml (RunModel)" time="0.02" />
  <testcase classname="ptolemy.util.test.junit.AutoTests" name="[18] /home/travis/build/icyphy/ptII/ptolemy/domains/de/test/auto/DateToEvent.xml (RunModel)" time="2.03" />
  <testcase classname="ptolemy.util.test.junit.AutoTests" name="[19] /home/travis/build/icyphy/ptII/ptolemy/domains/de/test/auto/DepthTest1.xml (RunModel)" time="0.009" />
  <testcase classname="ptolemy.util.test.junit.AutoTests" name="[20] /home/travis/build/icyphy/ptII/ptolemy/domains/de/test/auto/DepthTest2.xml (RunModel)" time="0.018" />
  <testcase classname="ptolemy.util.test.junit.AutoTests" name="[21] /home/travis/build/icyphy/ptII/ptolemy/domains/de/test/auto/DepthTest3.xml (RunModel)" time="0.008" />
  <testcase classname="ptolemy.util.test.junit.AutoTests" name="[22] /home/travis/build/icyphy/ptII/ptolemy/domains/de/test/auto/DepthTest4.xml (RunModel)" time="0.014" />
  <testcase classname="ptolemy.util.test.junit.AutoTests" name="[23] /home/travis/build/icyphy/ptII/ptolemy/domains/de/test/auto/DepthTest5.xml (RunModel)" time="0.015" />
  <testcase classname="ptolemy.util.test.junit.AutoTests" name="[24] /home/travis/build/icyphy/ptII/ptolemy/domains/de/test/auto/DepthTest6.xml (RunModel)" time="0.015" />
  <testcase classname="ptolemy.util.test.junit.AutoTests" name="[25] /home/travis/build/icyphy/ptII/ptolemy/domains/de/test/auto/DepthTest7.xml (RunModel)" time="0.013" />
  <testcase classname="ptolemy.util.test.junit.AutoTests" name="[26] /home/travis/build/icyphy/ptII/ptolemy/domains/de/test/auto/EventToDate.xml (RunModel)" time="3.043" />
  <testcase classname="ptolemy.util.test.junit.AutoTests" name="[27] /home/travis/build/icyphy/ptII/ptolemy/domains/de/test/auto/FSM1.xml (RunModel)" time="0.037" />
  <testcase classname="ptolemy.util.test.junit.AutoTests" name="[28] /home/travis/build/icyphy/ptII/ptolemy/domains/de/test/auto/FSM7.xml (RunModel)" time="0.043" />
  <testcase classname="ptolemy.util.test.junit.AutoTests" name="[29] /home/travis/build/icyphy/ptII/ptolemy/domains/de/test/auto/Inspection.xml (RunModel)" time="0.046" />
  <testcase classname="ptolemy.util.test.junit.AutoTests" name="[30] /home/travis/build/icyphy/ptII/ptolemy/domains/de/test/auto/Iteration.xml (RunModel)" time="0.021" />
  <testcase classname="ptolemy.util.test.junit.AutoTests" name="[31] /home/travis/build/icyphy/ptII/ptolemy/domains/de/test/auto/LineFault.xml (RunModel)" time="0.671" />
  <testcase classname="ptolemy.util.test.junit.AutoTests" name="[32] /home/travis/build/icyphy/ptII/ptolemy/domains/de/test/auto/MergeModel1Add.xml (RunModel)" time="0.049" />
  <testcase classname="ptolemy.util.test.junit.AutoTests" name="[33] /home/travis/build/icyphy/ptII/ptolemy/domains/de/test/auto/MergeModel2Add.xml (RunModel)" time="0.042" />
  <testcase classname="ptolemy.util.test.junit.AutoTests" name="[34] /home/travis/build/icyphy/ptII/ptolemy/domains/de/test/auto/MergeModel3Add.xml (RunModel)" time="0.04" />
  <testcase classname="ptolemy.util.test.junit.AutoTests" name="[35] /home/travis/build/icyphy/ptII/ptolemy/domains/de/test/auto/MergeWithoutDiscard.xml (RunModel)" time="0.01" />
  <testcase classname="ptolemy.util.test.junit.AutoTests" name="[36] /home/travis/build/icyphy/ptII/ptolemy/domains/de/test/auto/Modal1.xml (RunModel)" time="0.032" />
  <testcase classname="ptolemy.util.test.junit.AutoTests" name="[37] /home/travis/build/icyphy/ptII/ptolemy/domains/de/test/auto/Modal2.xml (RunModel)" time="0.032" />
  <testcase classname="ptolemy.util.test.junit.AutoTests" name="[38] /home/travis/build/icyphy/ptII/ptolemy/domains/de/test/auto/Modal3.xml (RunModel)" time="0.032" />
  <testcase classname="ptolemy.util.test.junit.AutoTests" name="[39] /home/travis/build/icyphy/ptII/ptolemy/domains/de/test/auto/Modal4.xml (RunModel)" time="0.039" />
  <testcase classname="ptolemy.util.test.junit.AutoTests" name="[40] /home/travis/build/icyphy/ptII/ptolemy/domains/de/test/auto/Modal5.xml (RunModel)" time="0.036" />
  <testcase classname="ptolemy.util.test.junit.AutoTests" name="[41] /home/travis/build/icyphy/ptII/ptolemy/domains/de/test/auto/Modal6.xml (RunModel)" time="0.037" />
  <testcase classname="ptolemy.util.test.junit.AutoTests" name="[42] /home/travis/build/icyphy/ptII/ptolemy/domains/de/test/auto/Modal7.xml (RunModel)" time="0.036" />
  <testcase classname="ptolemy.util.test.junit.AutoTests" name="[43] /home/travis/build/icyphy/ptII/ptolemy/domains/de/test/auto/ModalModel.xml (RunModel)" time="0.205" />
  <testcase classname="ptolemy.util.test.junit.AutoTests" name="[44] /home/travis/build/icyphy/ptII/ptolemy/domains/de/test/auto/ModalSource.xml (RunModel)" time="0.026" />
  <testcase classname="ptolemy.util.test.junit.AutoTests" name="[45] /home/travis/build/icyphy/ptII/ptolemy/domains/de/test/auto/NonInterruptibleTimerZeroDelay.xml (RunModel)" time="0.012" />
  <testcase classname="ptolemy.util.test.junit.AutoTests" name="[46] /home/travis/build/icyphy/ptII/ptolemy/domains/de/test/auto/OpenQueueingNetwork.xml (RunModel)" time="2.37" />
  <testcase classname="ptolemy.util.test.junit.AutoTests" name="[47] /home/travis/build/icyphy/ptII/ptolemy/domains/de/test/auto/OpenQueuingNetwork.xml (RunModel)" time="0.319" />
  <testcase classname="ptolemy.util.test.junit.AutoTests" name="[48] /home/travis/build/icyphy/ptII/ptolemy/domains/de/test/auto/PeriodicSampler.xml (RunModel)" time="0.01" />
  <testcase classname="ptolemy.util.test.junit.AutoTests" name="[49] /home/travis/build/icyphy/ptII/ptolemy/domains/de/test/auto/PersistentIO.xml (RunModel)" time="0.03" />
  <testcase classname="ptolemy.util.test.junit.AutoTests" name="[50] /home/travis/build/icyphy/ptII/ptolemy/domains/de/test/auto/PortParameterResetOnInitialize.xml (RunModel)" time="0.009" />
  <testcase classname="ptolemy.util.test.junit.AutoTests" name="[51] /home/travis/build/icyphy/ptII/ptolemy/domains/de/test/auto/PortParameterUpdates.xml (RunModel)" time="0.028" />
  <testcase classname="ptolemy.util.test.junit.AutoTests" name="[52] /home/travis/build/icyphy/ptII/ptolemy/domains/de/test/auto/QueueAndServer.xml (RunModel)" time="0.029" />
  <testcase classname="ptolemy.util.test.junit.AutoTests" name="[53] /home/travis/build/icyphy/ptII/ptolemy/domains/de/test/auto/Records.xml (RunModel)" time="0.014" />
  <testcase classname="ptolemy.util.test.junit.AutoTests" name="[54] /home/travis/build/icyphy/ptII/ptolemy/domains/de/test/auto/ResetTransitionWithStartTime1.xml (RunModel)" time="0.02" />
  <testcase classname="ptolemy.util.test.junit.AutoTests" name="[55] /home/travis/build/icyphy/ptII/ptolemy/domains/de/test/auto/ResetTransitionWithStartTime2.xml (RunModel)" time="0.02" />
  <testcase classname="ptolemy.util.test.junit.AutoTests" name="[56] /home/travis/build/icyphy/ptII/ptolemy/domains/de/test/auto/ResetTransitionWithStartTime3.xml (RunModel)" time="0.019" />
  <testcase classname="ptolemy.util.test.junit.AutoTests" name="[57] /home/travis/build/icyphy/ptII/ptolemy/domains/de/test/auto/ResetTransitionWithStartTime4.xml (RunModel)" time="0.019" />
  <testcase classname="ptolemy.util.test.junit.AutoTests" name="[58] /home/travis/build/icyphy/ptII/ptolemy/domains/de/test/auto/ResettableTimer1.xml (RunModel)" time="0.011" />
  <testcase classname="ptolemy.util.test.junit.AutoTests" name="[59] /home/travis/build/icyphy/ptII/ptolemy/domains/de/test/auto/ResettableTimer2.xml (RunModel)" time="0.01" />
  <testcase classname="ptolemy.util.test.junit.AutoTests" name="[60] /home/travis/build/icyphy/ptII/ptolemy/domains/de/test/auto/ResettableTimer3.xml (RunModel)" time="0.009" />
  <testcase classname="ptolemy.util.test.junit.AutoTests" name="[61] /home/travis/build/icyphy/ptII/ptolemy/domains/de/test/auto/ResettableTimer4.xml (RunModel)" time="0.01" />
  <testcase classname="ptolemy.util.test.junit.AutoTests" name="[62] /home/travis/build/icyphy/ptII/ptolemy/domains/de/test/auto/ResettableTimer5.xml (RunModel)" time="0.011" />
  <testcase classname="ptolemy.util.test.junit.AutoTests" name="[63] /home/travis/build/icyphy/ptII/ptolemy/domains/de/test/auto/ResettableTimer6.xml (RunModel)" time="0.012" />
  <testcase classname="ptolemy.util.test.junit.AutoTests" name="[64] /home/travis/build/icyphy/ptII/ptolemy/domains/de/test/auto/ServerZeroDelay.xml (RunModel)" time="0.01" />
  <testcase classname="ptolemy.util.test.junit.AutoTests" name="[65] /home/travis/build/icyphy/ptII/ptolemy/domains/de/test/auto/SmartSender.xml (RunModel)" time="3.01" />
  <testcase classname="ptolemy.util.test.junit.AutoTests" name="[66] /home/travis/build/icyphy/ptII/ptolemy/domains/de/test/auto/ThreadedComposite.xml (RunModel)" time="0.201" />
  <testcase classname="ptolemy.util.test.junit.AutoTests" name="[67] /home/travis/build/icyphy/ptII/ptolemy/domains/de/test/auto/Time.xml (RunModel)" time="0.518" />
  <testcase classname="ptolemy.util.test.junit.AutoTests" name="[68] /home/travis/build/icyphy/ptII/ptolemy/domains/de/test/auto/TimeDelayZeroDelay.xml (RunModel)" time="0.014" />
  <testcase classname="ptolemy.util.test.junit.AutoTests" name="[69] /home/travis/build/icyphy/ptII/ptolemy/domains/de/test/auto/TimerZeroDelay.xml (RunModel)" time="0.011" />
  <testcase classname="ptolemy.util.test.junit.AutoTests" name="[70] /home/travis/build/icyphy/ptII/ptolemy/domains/de/test/auto/TimingParadox.xml (RunModel)" time="0.374" />
  <testcase classname="ptolemy.util.test.junit.AutoTests" name="[71] /home/travis/build/icyphy/ptII/ptolemy/domains/de/test/auto/TransferInputs.xml (RunModel)" time="0.01" />
  <testcase classname="ptolemy.util.test.junit.AutoTests" name="[72] /home/travis/build/icyphy/ptII/ptolemy/domains/de/test/auto/TransferOutputs2.xml (RunModel)" time="0.023" />
  <testcase classname="ptolemy.util.test.junit.AutoTests" name="[73] /home/travis/build/icyphy/ptII/ptolemy/domains/de/test/auto/Trilateration.xml (RunModel)" time="12.198" />
  <testcase classname="ptolemy.util.test.junit.AutoTests" name="[74] /home/travis/build/icyphy/ptII/ptolemy/domains/de/test/auto/TwoSigmaDelta.xml (RunModel)" time="2.081" />
  <testcase classname="ptolemy.util.test.junit.AutoTests" name="[75] /home/travis/build/icyphy/ptII/ptolemy/domains/de/test/auto/VariableDelay.xml (RunModel)" time="0.014" />
  <testcase classname="ptolemy.util.test.junit.AutoTests" name="[76] /home/travis/build/icyphy/ptII/ptolemy/domains/de/test/auto/VariableDelay2.xml (RunModel)" time="0.017" />
  <testcase classname="ptolemy.util.test.junit.AutoTests" name="[77] /home/travis/build/icyphy/ptII/ptolemy/domains/de/test/auto/VariableDelayZeroDelay.xml (RunModel)" time="0.014" />
  <testcase classname="ptolemy.util.test.junit.AutoTests" name="[78] /home/travis/build/icyphy/ptII/ptolemy/domains/de/test/auto/VariableDelayZeroDelay2.xml (RunModel)" time="0.018" />
  <testcase classname="ptolemy.util.test.junit.AutoTests" name="[79] /home/travis/build/icyphy/ptII/ptolemy/domains/de/test/auto/deInCt.xml (RunModel)" time="0.016" />
  <testcase classname="ptolemy.util.test.junit.AutoTests" name="[80] /home/travis/build/icyphy/ptII/ptolemy/domains/de/test/auto/deInCt2.xml (RunModel)" time="0.016" />
  <testcase classname="ptolemy.util.test.junit.AutoTests" name="[81] /home/travis/build/icyphy/ptII/ptolemy/domains/de/test/auto/dynamicCausalityInterface1.xml (RunModel)" time="0.02" />
  <testcase classname="ptolemy.util.test.junit.AutoTests" name="[82] /home/travis/build/icyphy/ptII/ptolemy/domains/de/test/auto/fsm_de_test.xml (RunModel)" time="0.029" />
  <testcase classname="ptolemy.util.test.junit.AutoTests" name="[83] /home/travis/build/icyphy/ptII/ptolemy/domains/de/test/auto/functionDependencyReconstruction.xml (RunModel)" time="0.038" />
  <testcase classname="ptolemy.util.test.junit.AutoTests" name="[84] /home/travis/build/icyphy/ptII/ptolemy/domains/de/test/auto/multirate.xml (RunModel)" time="0.018" />
  <testcase classname="ptolemy.util.test.junit.AutoTests" name="[85] /home/travis/build/icyphy/ptII/ptolemy/domains/de/test/auto/multirate2.xml (RunModel)" time="0.017" />
  <testcase classname="ptolemy.util.test.junit.AutoTests" name="[86] /home/travis/build/icyphy/ptII/ptolemy/domains/de/test/auto/realtime.xml (RunModel)" time="10.013" />
  <testcase classname="ptolemy.util.test.junit.AutoTests" name="[87] /home/travis/build/icyphy/ptII/ptolemy/domains/de/test/auto/relationGroup.xml (RunModel)" time="0.009" />
  <testcase classname="ptolemy.util.test.junit.AutoTests" name="[88] /home/travis/build/icyphy/ptII/ptolemy/domains/de/test/auto/relationGroup2.xml (RunModel)" time="0.007" />
  <testcase classname="ptolemy.util.test.junit.AutoTests" name="[89] /home/travis/build/icyphy/ptII/ptolemy/domains/de/test/auto/sortWithOpaquePorts.xml (RunModel)" time="0.008" />
  <testcase classname="ptolemy.util.test.junit.AutoTests" name="[90] /home/travis/build/icyphy/ptII/ptolemy/domains/de/test/auto/transferInputsandOutputs.xml (RunModel)" time="0.014" />
  <testcase classname="ptolemy.util.test.junit.AutoTests" name="[91] /home/travis/build/icyphy/ptII/ptolemy/domains/de/test/auto/triggerType.xml (RunModel)" time="0.008" />
  <system-out><![CDATA[/home/travis/build/icyphy/ptII/ptolemy/domains/de/test/DependencyLoop.tcl
testDefs.tcl: setting time out to 9000 seconds at Thu Jun 07 23:22:00 UTC 2018
25 ms. Memory: 116224K Free: 94969K (82%)
15 ms. Memory: 146944K Free: 137816K (94%)
/home/travis/build/icyphy/ptII/ptolemy/domains/de/test/RunDETestsAsQSS.tcl
Run the DE tests using ptolemy.domains.qss.test.QSSDirectorTest, which extends QSSDirector and prints a message in the constructors.
------------------ testing $PTII/ptolemy/domains/de/test/auto/knownFailedTests/dependencyLoop.xml (Known Failure) 
13 ms. Memory: 146944K Free: 133540K (91%)


==== $PTIIhome/travis/build/icyphy/ptII/ptolemy/domains/de/test/../../../../: Auto Automatic test in file $PTII/ptolemy/domains/de/test/auto/knownFailedTests/dependencyLoop.xml
==== Contents of test case:

	    # FIXME: we should use $relativeFilename here, but it
	    # might have backslashes under Windows, which causes no end
	    # of trouble.
	    createAndExecute $file
	    list {}
	
.... Test generated KNOWN error:
    while executing
ptolemy.kernel.util.IllegalActionException: Found a zero delay loop containing .dependencyLoop.original
  in .dependencyLoop and .dependencyLoop.original
	at ptolemy.actor.util.CausalityInterfaceForComposites._computeOutputPortDepth(CausalityInterfaceForComposites.java:759)
	at ptolemy.actor.util.CausalityInterfaceForComposites._computeInputDepth(CausalityInterfaceForComposites.java:696)
	at ptolemy.actor.util.CausalityInterfaceForComposites._computeOutputPortDepth(CausalityInterfaceForComposites.java:765)
	at ptolemy.actor.util.CausalityInterfaceForComposites._computeInputDepth(CausalityInterfaceForComposites.java:696)
	at ptolemy.actor.util.CausalityInterfaceForComposites._computeOutputPortDepth(CausalityInterfaceForComposites.java:765)
	at ptolemy.actor.util.CausalityInterfaceForComposites._computeInputDepth(CausalityInterfaceForComposites.java:696)
	at ptolemy.actor.util.CausalityInterfaceForComposites._computeActorDepth(CausalityInterfaceForComposites.java:532)
	at ptolemy.actor.util.CausalityInterfaceForComposites.checkForCycles(CausalityInterfaceForComposites.java:96)
	at ptolemy.domains.de.kernel.DEDirector.preinitialize(DEDirector.java:1337)
	at ptolemy.actor.CompositeActor.preinitialize(CompositeActor.java:1828)
	at ptolemy.actor.Manager.preinitializeAndResolveTypes(Manager.java:1040)
	at ptolemy.actor.Manager.initialize(Manager.java:710)
	at ptolemy.actor.Manager.execute(Manager.java:356)
	at ptolemy.actor.Manager.run(Manager.java:1263)
	at ptolemy.actor.Manager$PtolemyRunThread.run(Manager.java:1915)

    while executing
ptolemy.kernel.util.IllegalActionException: Found a zero delay loop containing .dependencyLoop.original
  in .dependencyLoop and .dependencyLoop.original
    while executing
"java::new ptolemy.moml.MoMLSimpleApplication $file
"
    (procedure "createAndExecute" line 2)
    invoked from within
"createAndExecute $file"
    ("uplevel" body line 5)
    invoked from within
"uplevel $contents_of_test"
------------------ testing $PTII/ptolemy/domains/de/test/auto/knownFailedTests/DESDFClockTest.xml (Known Failure) 
2088 ms. Memory: 146944K Free: 117695K (80%)


==== $PTIIhome/travis/build/icyphy/ptII/ptolemy/domains/de/test/../../../../: Auto Automatic test in file $PTII/ptolemy/domains/de/test/auto/knownFailedTests/DESDFClockTest.xml
==== Contents of test case:

	    # FIXME: we should use $relativeFilename here, but it
	    # might have backslashes under Windows, which causes no end
	    # of trouble.
	    createAndExecute $file
	    list {}
	
.... Test generated KNOWN error:
    while executing
ptolemy.kernel.util.IllegalActionException: Actor is not ready to fire.  Perhaps UpSample.prefire() returned false? Try debugging the actor by selecting "Listen to Actor".  Also, for SDF check moml for tokenConsumptionRate on input.
  in .DESDFClockTest.Play Bell.Copy1:SDF Director and .DESDFClockTest.Play Bell.UpSample
	at ptolemy.actor.sched.StaticSchedulingDirector.fire(StaticSchedulingDirector.java:227)
	at ptolemy.domains.sdf.kernel.SDFDirector.fire(SDFDirector.java:500)
	at ptolemy.actor.CompositeActor.fire(CompositeActor.java:455)
	at ptolemy.domains.de.kernel.DEDirector._fire(DEDirector.java:1948)
	at ptolemy.domains.de.kernel.DEDirector.fire(DEDirector.java:502)
	at ptolemy.actor.CompositeActor.fire(CompositeActor.java:455)
	at ptolemy.actor.Manager.iterate(Manager.java:851)
	at ptolemy.actor.Manager.execute(Manager.java:369)
	at ptolemy.actor.Manager.run(Manager.java:1263)
	at ptolemy.actor.Manager$PtolemyRunThread.run(Manager.java:1915)

    while executing
ptolemy.kernel.util.IllegalActionException: Actor is not ready to fire.  Perhaps UpSample.prefire() returned false? Try debugging the actor by selecting "Listen to Actor".  Also, for SDF check moml for tokenConsumptionRate on input.
  in .DESDFClockTest.Play Bell.Copy1:SDF Director and .DESDFClockTest.Play Bell.UpSample
    while executing
"java::new ptolemy.moml.MoMLSimpleApplication $file
"
    (procedure "createAndExecute" line 2)
    invoked from within
"createAndExecute $file"
    ("uplevel" body line 5)
    invoked from within
"uplevel $contents_of_test"
------------------ testing $PTII/ptolemy/domains/de/test/auto/knownFailedTests/FSMSource.xml (Known Failure) 
35 ms. Memory: 146944K Free: 108118K (74%)
!!!! Auto was marked as failing, but now passes
------------------ testing $PTII/ptolemy/domains/de/test/auto/knownFailedTests/dependencyLoop2.xml (Known Failure) 
12 ms. Memory: 146944K Free: 106259K (72%)


==== $PTIIhome/travis/build/icyphy/ptII/ptolemy/domains/de/test/../../../../: Auto Automatic test in file $PTII/ptolemy/domains/de/test/auto/knownFailedTests/dependencyLoop2.xml
==== Contents of test case:

	    # FIXME: we should use $relativeFilename here, but it
	    # might have backslashes under Windows, which causes no end
	    # of trouble.
	    createAndExecute $file
	    list {}
	
.... Test generated KNOWN error:
    while executing
ptolemy.kernel.util.IllegalActionException: Found a zero delay loop containing .dependencyLoop2.original
  in .dependencyLoop2 and .dependencyLoop2.original
	at ptolemy.actor.util.CausalityInterfaceForComposites._computeOutputPortDepth(CausalityInterfaceForComposites.java:759)
	at ptolemy.actor.util.CausalityInterfaceForComposites._computeInputDepth(CausalityInterfaceForComposites.java:696)
	at ptolemy.actor.util.CausalityInterfaceForComposites._computeOutputPortDepth(CausalityInterfaceForComposites.java:765)
	at ptolemy.actor.util.CausalityInterfaceForComposites._computeInputDepth(CausalityInterfaceForComposites.java:696)
	at ptolemy.actor.util.CausalityInterfaceForComposites._computeOutputPortDepth(CausalityInterfaceForComposites.java:765)
	at ptolemy.actor.util.CausalityInterfaceForComposites._computeInputDepth(CausalityInterfaceForComposites.java:696)
	at ptolemy.actor.util.CausalityInterfaceForComposites._computeActorDepth(CausalityInterfaceForComposites.java:532)
	at ptolemy.actor.util.CausalityInterfaceForComposites.checkForCycles(CausalityInterfaceForComposites.java:96)
	at ptolemy.domains.de.kernel.DEDirector.preinitialize(DEDirector.java:1337)
	at ptolemy.actor.CompositeActor.preinitialize(CompositeActor.java:1828)
	at ptolemy.actor.Manager.preinitializeAndResolveTypes(Manager.java:1040)
	at ptolemy.actor.Manager.initialize(Manager.java:710)
	at ptolemy.actor.Manager.execute(Manager.java:356)
	at ptolemy.actor.Manager.run(Manager.java:1263)
	at ptolemy.actor.Manager$PtolemyRunThread.run(Manager.java:1915)

    while executing
ptolemy.kernel.util.IllegalActionException: Found a zero delay loop containing .dependencyLoop2.original
  in .dependencyLoop2 and .dependencyLoop2.original
    while executing
"java::new ptolemy.moml.MoMLSimpleApplication $file
"
    (procedure "createAndExecute" line 2)
    invoked from within
"createAndExecute $file"
    ("uplevel" body line 5)
    invoked from within
"uplevel $contents_of_test"
------------------ testing $PTII/ptolemy/domains/de/test/auto/knownFailedTests/HierarchicalModel.xml (Known Failure) 
6 ms. Memory: 146944K Free: 85714K (58%)


==== $PTIIhome/travis/build/icyphy/ptII/ptolemy/domains/de/test/../../../../: Auto Automatic test in file $PTII/ptolemy/domains/de/test/auto/knownFailedTests/HierarchicalModel.xml
==== Contents of test case:

	    # FIXME: we should use $relativeFilename here, but it
	    # might have backslashes under Windows, which causes no end
	    # of trouble.
	    createAndExecute $file
	    list {}
	
.... Test generated KNOWN error:
    while executing
ptolemy.kernel.util.IllegalActionException: Found a zero delay loop containing .HierarchicalModel.A
  in .HierarchicalModel and .HierarchicalModel.A
	at ptolemy.actor.util.CausalityInterfaceForComposites._computeOutputPortDepth(CausalityInterfaceForComposites.java:759)
	at ptolemy.actor.util.CausalityInterfaceForComposites._computeInputDepth(CausalityInterfaceForComposites.java:696)
	at ptolemy.actor.util.CausalityInterfaceForComposites._computeOutputPortDepth(CausalityInterfaceForComposites.java:765)
	at ptolemy.actor.util.CausalityInterfaceForComposites._computeInputDepth(CausalityInterfaceForComposites.java:696)
	at ptolemy.actor.util.CausalityInterfaceForComposites._computeOutputPortDepth(CausalityInterfaceForComposites.java:765)
	at ptolemy.actor.util.CausalityInterfaceForComposites._computeInputDepth(CausalityInterfaceForComposites.java:696)
	at ptolemy.actor.util.CausalityInterfaceForComposites._computeActorDepth(CausalityInterfaceForComposites.java:532)
	at ptolemy.actor.util.CausalityInterfaceForComposites.checkForCycles(CausalityInterfaceForComposites.java:96)
	at ptolemy.domains.de.kernel.DEDirector.preinitialize(DEDirector.java:1337)
	at ptolemy.actor.CompositeActor.preinitialize(CompositeActor.java:1828)
	at ptolemy.actor.Manager.preinitializeAndResolveTypes(Manager.java:1040)
	at ptolemy.actor.Manager.initialize(Manager.java:710)
	at ptolemy.actor.Manager.execute(Manager.java:356)
	at ptolemy.actor.Manager.run(Manager.java:1263)
	at ptolemy.actor.Manager$PtolemyRunThread.run(Manager.java:1915)

    while executing
ptolemy.kernel.util.IllegalActionException: Found a zero delay loop containing .HierarchicalModel.A
  in .HierarchicalModel and .HierarchicalModel.A
    while executing
"java::new ptolemy.moml.MoMLSimpleApplication $file
"
    (procedure "createAndExecute" line 2)
    invoked from within
"createAndExecute $file"
    ("uplevel" body line 5)
    invoked from within
"uplevel $contents_of_test"
------------------ testing $PTII/ptolemy/domains/de/test/auto/knownFailedTests/DirectFeedback.xml (Known Failure) 
19 ms. Memory: 146944K Free: 142828K (97%)


==== $PTIIhome/travis/build/icyphy/ptII/ptolemy/domains/de/test/../../../../: Auto Automatic test in file $PTII/ptolemy/domains/de/test/auto/knownFailedTests/DirectFeedback.xml
==== Contents of test case:

	    # FIXME: we should use $relativeFilename here, but it
	    # might have backslashes under Windows, which causes no end
	    # of trouble.
	    createAndExecute $file
	    list {}
	
.... Test generated KNOWN error:
    while executing
ptolemy.kernel.util.IllegalActionException: Test fails in iteration 1.
Value was: 1.0. Should have been: 2.0
  in .DirectFeedback.Test
	at ptolemy.actor.lib.Test.fire(Test.java:268)
	at ptolemy.domains.de.kernel.DEDirector._fire(DEDirector.java:1948)
	at ptolemy.domains.de.kernel.DEDirector.fire(DEDirector.java:502)
	at ptolemy.actor.CompositeActor.fire(CompositeActor.java:455)
	at ptolemy.actor.Manager.iterate(Manager.java:851)
	at ptolemy.actor.Manager.execute(Manager.java:369)
	at ptolemy.actor.Manager.run(Manager.java:1263)
	at ptolemy.actor.Manager$PtolemyRunThread.run(Manager.java:1915)

    while executing
ptolemy.kernel.util.IllegalActionException: Test fails in iteration 1.
Value was: 1.0. Should have been: 2.0
  in .DirectFeedback.Test
    while executing
"java::new ptolemy.moml.MoMLSimpleApplication $file
"
    (procedure "createAndExecute" line 2)
    invoked from within
"createAndExecute $file"
    ("uplevel" body line 5)
    invoked from within
"uplevel $contents_of_test"
------------------ testing $PTII/ptolemy/domains/de/test/auto/ActorDepthCalculation_actorWithoutPorts.xml
auto.tcl: Setting watchdog for 200 seconds at Thu Jun 07 23:22:03 UTC 2018
4 ms. Memory: 146944K Free: 134121K (91%)
ptolemy.util.test.WatchDog.cancel(): canceling Thu Jun 07 23:22:03 UTC 2018
auto.tcl: Setting watchdog for 200 seconds at Thu Jun 07 23:22:03 UTC 2018
16 ms. Memory: 146944K Free: 132070K (90%)
ptolemy.util.test.WatchDog.cancel(): canceling Thu Jun 07 23:22:03 UTC 2018
------------------ testing $PTII/ptolemy/domains/de/test/auto/AssemblyLine.xml
auto.tcl: Setting watchdog for 200 seconds at Thu Jun 07 23:22:04 UTC 2018
22 ms. Memory: 208384K Free: 183170K (88%)
ptolemy.util.test.WatchDog.cancel(): canceling Thu Jun 07 23:22:04 UTC 2018
auto.tcl: Setting watchdog for 200 seconds at Thu Jun 07 23:22:04 UTC 2018
7 ms. Memory: 208384K Free: 183170K (88%)
ptolemy.util.test.WatchDog.cancel(): canceling Thu Jun 07 23:22:04 UTC 2018
------------------ testing $PTII/ptolemy/domains/de/test/auto/CQBug1.xml
auto.tcl: Setting watchdog for 200 seconds at Thu Jun 07 23:22:04 UTC 2018
5 ms. Memory: 208384K Free: 197673K (95%)
ptolemy.util.test.WatchDog.cancel(): canceling Thu Jun 07 23:22:04 UTC 2018
auto.tcl: Setting watchdog for 200 seconds at Thu Jun 07 23:22:04 UTC 2018
2 ms. Memory: 208384K Free: 197673K (95%)
ptolemy.util.test.WatchDog.cancel(): canceling Thu Jun 07 23:22:04 UTC 2018
------------------ testing $PTII/ptolemy/domains/de/test/auto/CancelFireAt.xml
auto.tcl: Setting watchdog for 200 seconds at Thu Jun 07 23:22:04 UTC 2018
9 ms. Memory: 208384K Free: 201413K (97%)
ptolemy.util.test.WatchDog.cancel(): canceling Thu Jun 07 23:22:04 UTC 2018
auto.tcl: Setting watchdog for 200 seconds at Thu Jun 07 23:22:04 UTC 2018
8 ms. Memory: 208384K Free: 198955K (95%)
ptolemy.util.test.WatchDog.cancel(): canceling Thu Jun 07 23:22:04 UTC 2018
------------------ testing $PTII/ptolemy/domains/de/test/auto/CausalityAndComposabilityAnalysis.xml
auto.tcl: Setting watchdog for 200 seconds at Thu Jun 07 23:22:04 UTC 2018
19 ms. Memory: 208384K Free: 198553K (95%)
ptolemy.util.test.WatchDog.cancel(): canceling Thu Jun 07 23:22:04 UTC 2018
auto.tcl: Setting watchdog for 200 seconds at Thu Jun 07 23:22:04 UTC 2018
15 ms. Memory: 208384K Free: 196430K (94%)
ptolemy.util.test.WatchDog.cancel(): canceling Thu Jun 07 23:22:04 UTC 2018
------------------ testing $PTII/ptolemy/domains/de/test/auto/CausalityInterface1.xml
auto.tcl: Setting watchdog for 200 seconds at Thu Jun 07 23:22:04 UTC 2018
23 ms. Memory: 208384K Free: 196370K (94%)
ptolemy.util.test.WatchDog.cancel(): canceling Thu Jun 07 23:22:04 UTC 2018
auto.tcl: Setting watchdog for 200 seconds at Thu Jun 07 23:22:04 UTC 2018
10 ms. Memory: 208384K Free: 196370K (94%)
ptolemy.util.test.WatchDog.cancel(): canceling Thu Jun 07 23:22:04 UTC 2018
------------------ testing $PTII/ptolemy/domains/de/test/auto/CausalityInterface15.xml
auto.tcl: Setting watchdog for 200 seconds at Thu Jun 07 23:22:04 UTC 2018
8 ms. Memory: 208384K Free: 196361K (94%)
ptolemy.util.test.WatchDog.cancel(): canceling Thu Jun 07 23:22:04 UTC 2018
auto.tcl: Setting watchdog for 200 seconds at Thu Jun 07 23:22:04 UTC 2018
4 ms. Memory: 208384K Free: 196361K (94%)
ptolemy.util.test.WatchDog.cancel(): canceling Thu Jun 07 23:22:04 UTC 2018
------------------ testing $PTII/ptolemy/domains/de/test/auto/CausalityInterface2.xml
auto.tcl: Setting watchdog for 200 seconds at Thu Jun 07 23:22:05 UTC 2018
8 ms. Memory: 208384K Free: 196346K (94%)
ptolemy.util.test.WatchDog.cancel(): canceling Thu Jun 07 23:22:05 UTC 2018
auto.tcl: Setting watchdog for 200 seconds at Thu Jun 07 23:22:05 UTC 2018
4 ms. Memory: 208384K Free: 196346K (94%)
ptolemy.util.test.WatchDog.cancel(): canceling Thu Jun 07 23:22:05 UTC 2018
------------------ testing $PTII/ptolemy/domains/de/test/auto/CausalityInterface3.xml
auto.tcl: Setting watchdog for 200 seconds at Thu Jun 07 23:22:05 UTC 2018
12 ms. Memory: 208384K Free: 196359K (94%)
ptolemy.util.test.WatchDog.cancel(): canceling Thu Jun 07 23:22:05 UTC 2018
auto.tcl: Setting watchdog for 200 seconds at Thu Jun 07 23:22:05 UTC 2018
4 ms. Memory: 208384K Free: 196359K (94%)
ptolemy.util.test.WatchDog.cancel(): canceling Thu Jun 07 23:22:05 UTC 2018
------------------ testing $PTII/ptolemy/domains/de/test/auto/ClockDrift.xml
auto.tcl: Setting watchdog for 200 seconds at Thu Jun 07 23:22:05 UTC 2018
115 ms. Memory: 208384K Free: 187530K (90%)
ptolemy.util.test.WatchDog.cancel(): canceling Thu Jun 07 23:22:05 UTC 2018
auto.tcl: Setting watchdog for 200 seconds at Thu Jun 07 23:22:05 UTC 2018
70 ms. Memory: 208384K Free: 185410K (89%)
ptolemy.util.test.WatchDog.cancel(): canceling Thu Jun 07 23:22:05 UTC 2018
------------------ testing $PTII/ptolemy/domains/de/test/auto/ClockDriftAndValueChange.xml
auto.tcl: Setting watchdog for 200 seconds at Thu Jun 07 23:22:05 UTC 2018
30 ms. Memory: 208384K Free: 187364K (90%)
ptolemy.util.test.WatchDog.cancel(): canceling Thu Jun 07 23:22:05 UTC 2018
auto.tcl: Setting watchdog for 200 seconds at Thu Jun 07 23:22:05 UTC 2018
32 ms. Memory: 208384K Free: 185244K (89%)
ptolemy.util.test.WatchDog.cancel(): canceling Thu Jun 07 23:22:05 UTC 2018
------------------ testing $PTII/ptolemy/domains/de/test/auto/ClockDriftChange.xml
auto.tcl: Setting watchdog for 200 seconds at Thu Jun 07 23:22:05 UTC 2018
39 ms. Memory: 208384K Free: 190713K (92%)
ptolemy.util.test.WatchDog.cancel(): canceling Thu Jun 07 23:22:05 UTC 2018
auto.tcl: Setting watchdog for 200 seconds at Thu Jun 07 23:22:05 UTC 2018
23 ms. Memory: 208384K Free: 188593K (91%)
ptolemy.util.test.WatchDog.cancel(): canceling Thu Jun 07 23:22:05 UTC 2018
------------------ testing $PTII/ptolemy/domains/de/test/auto/ComposableCausalityAnalysis.xml
auto.tcl: Setting watchdog for 200 seconds at Thu Jun 07 23:22:05 UTC 2018
6 ms. Memory: 208384K Free: 196219K (94%)
ptolemy.util.test.WatchDog.cancel(): canceling Thu Jun 07 23:22:05 UTC 2018
auto.tcl: Setting watchdog for 200 seconds at Thu Jun 07 23:22:05 UTC 2018
3 ms. Memory: 208384K Free: 194099K (93%)
ptolemy.util.test.WatchDog.cancel(): canceling Thu Jun 07 23:22:05 UTC 2018
------------------ testing $PTII/ptolemy/domains/de/test/auto/DEFixedPointLimitation.xml
auto.tcl: Setting watchdog for 200 seconds at Thu Jun 07 23:22:05 UTC 2018
2 ms. Memory: 208384K Free: 198217K (95%)
ptolemy.util.test.WatchDog.cancel(): canceling Thu Jun 07 23:22:06 UTC 2018
auto.tcl: Setting watchdog for 200 seconds at Thu Jun 07 23:22:06 UTC 2018
2 ms. Memory: 208384K Free: 196096K (94%)
ptolemy.util.test.WatchDog.cancel(): canceling Thu Jun 07 23:22:06 UTC 2018
------------------ testing $PTII/ptolemy/domains/de/test/auto/DEScheduleTest.xml
auto.tcl: Setting watchdog for 200 seconds at Thu Jun 07 23:22:06 UTC 2018
14 ms. Memory: 208384K Free: 198252K (95%)
ptolemy.util.test.WatchDog.cancel(): canceling Thu Jun 07 23:22:06 UTC 2018
auto.tcl: Setting watchdog for 200 seconds at Thu Jun 07 23:22:06 UTC 2018
5 ms. Memory: 208384K Free: 196132K (94%)
ptolemy.util.test.WatchDog.cancel(): canceling Thu Jun 07 23:22:06 UTC 2018
------------------ testing $PTII/ptolemy/domains/de/test/auto/DEinDEwithStartTimes.xml
auto.tcl: Setting watchdog for 200 seconds at Thu Jun 07 23:22:06 UTC 2018
4 ms. Memory: 208384K Free: 196101K (94%)
ptolemy.util.test.WatchDog.cancel(): canceling Thu Jun 07 23:22:06 UTC 2018
auto.tcl: Setting watchdog for 200 seconds at Thu Jun 07 23:22:06 UTC 2018
4 ms. Memory: 208384K Free: 193981K (93%)
ptolemy.util.test.WatchDog.cancel(): canceling Thu Jun 07 23:22:06 UTC 2018
------------------ testing $PTII/ptolemy/domains/de/test/auto/DEinDEwithStartTimes2.xml
auto.tcl: Setting watchdog for 200 seconds at Thu Jun 07 23:22:06 UTC 2018
11 ms. Memory: 208384K Free: 196081K (94%)
ptolemy.util.test.WatchDog.cancel(): canceling Thu Jun 07 23:22:06 UTC 2018
auto.tcl: Setting watchdog for 200 seconds at Thu Jun 07 23:22:06 UTC 2018
13 ms. Memory: 208384K Free: 193961K (93%)
ptolemy.util.test.WatchDog.cancel(): canceling Thu Jun 07 23:22:06 UTC 2018
------------------ testing $PTII/ptolemy/domains/de/test/auto/DateDemo.xml
auto.tcl: Setting watchdog for 200 seconds at Thu Jun 07 23:22:06 UTC 2018
18 ms. Memory: 208384K Free: 188466K (90%)
ptolemy.util.test.WatchDog.cancel(): canceling Thu Jun 07 23:22:06 UTC 2018
auto.tcl: Setting watchdog for 200 seconds at Thu Jun 07 23:22:06 UTC 2018
13 ms. Memory: 208384K Free: 186346K (89%)
ptolemy.util.test.WatchDog.cancel(): canceling Thu Jun 07 23:22:06 UTC 2018
------------------ testing $PTII/ptolemy/domains/de/test/auto/DateToEvent.xml
auto.tcl: Setting watchdog for 200 seconds at Thu Jun 07 23:22:06 UTC 2018
2011 ms. Memory: 208384K Free: 183097K (88%)
ptolemy.util.test.WatchDog.cancel(): canceling Thu Jun 07 23:22:08 UTC 2018
auto.tcl: Setting watchdog for 200 seconds at Thu Jun 07 23:22:08 UTC 2018
2006 ms. Memory: 208384K Free: 183097K (88%)
ptolemy.util.test.WatchDog.cancel(): canceling Thu Jun 07 23:22:10 UTC 2018
------------------ testing $PTII/ptolemy/domains/de/test/auto/DepthTest1.xml
auto.tcl: Setting watchdog for 200 seconds at Thu Jun 07 23:22:10 UTC 2018
2 ms. Memory: 208384K Free: 198117K (95%)
ptolemy.util.test.WatchDog.cancel(): canceling Thu Jun 07 23:22:10 UTC 2018
auto.tcl: Setting watchdog for 200 seconds at Thu Jun 07 23:22:10 UTC 2018
1 ms. Memory: 208384K Free: 198117K (95%)
ptolemy.util.test.WatchDog.cancel(): canceling Thu Jun 07 23:22:10 UTC 2018
------------------ testing $PTII/ptolemy/domains/de/test/auto/DepthTest2.xml
auto.tcl: Setting watchdog for 200 seconds at Thu Jun 07 23:22:10 UTC 2018
4 ms. Memory: 208384K Free: 193941K (93%)
ptolemy.util.test.WatchDog.cancel(): canceling Thu Jun 07 23:22:10 UTC 2018
auto.tcl: Setting watchdog for 200 seconds at Thu Jun 07 23:22:10 UTC 2018
5 ms. Memory: 208384K Free: 193941K (93%)
ptolemy.util.test.WatchDog.cancel(): canceling Thu Jun 07 23:22:10 UTC 2018
------------------ testing $PTII/ptolemy/domains/de/test/auto/DepthTest3.xml
auto.tcl: Setting watchdog for 200 seconds at Thu Jun 07 23:22:10 UTC 2018
3 ms. Memory: 208384K Free: 198114K (95%)
ptolemy.util.test.WatchDog.cancel(): canceling Thu Jun 07 23:22:10 UTC 2018
auto.tcl: Setting watchdog for 200 seconds at Thu Jun 07 23:22:10 UTC 2018
1 ms. Memory: 208384K Free: 198114K (95%)
ptolemy.util.test.WatchDog.cancel(): canceling Thu Jun 07 23:22:10 UTC 2018
------------------ testing $PTII/ptolemy/domains/de/test/auto/DepthTest4.xml
auto.tcl: Setting watchdog for 200 seconds at Thu Jun 07 23:22:10 UTC 2018
4 ms. Memory: 208384K Free: 196082K (94%)
ptolemy.util.test.WatchDog.cancel(): canceling Thu Jun 07 23:22:10 UTC 2018
auto.tcl: Setting watchdog for 200 seconds at Thu Jun 07 23:22:10 UTC 2018
2 ms. Memory: 208384K Free: 196082K (94%)
ptolemy.util.test.WatchDog.cancel(): canceling Thu Jun 07 23:22:10 UTC 2018
------------------ testing $PTII/ptolemy/domains/de/test/auto/DepthTest5.xml
auto.tcl: Setting watchdog for 200 seconds at Thu Jun 07 23:22:10 UTC 2018
7 ms. Memory: 208384K Free: 196029K (94%)
ptolemy.util.test.WatchDog.cancel(): canceling Thu Jun 07 23:22:11 UTC 2018
auto.tcl: Setting watchdog for 200 seconds at Thu Jun 07 23:22:11 UTC 2018
3 ms. Memory: 208384K Free: 196029K (94%)
ptolemy.util.test.WatchDog.cancel(): canceling Thu Jun 07 23:22:11 UTC 2018
------------------ testing $PTII/ptolemy/domains/de/test/auto/DepthTest6.xml
auto.tcl: Setting watchdog for 200 seconds at Thu Jun 07 23:22:11 UTC 2018
12 ms. Memory: 208384K Free: 195990K (94%)
ptolemy.util.test.WatchDog.cancel(): canceling Thu Jun 07 23:22:11 UTC 2018
auto.tcl: Setting watchdog for 200 seconds at Thu Jun 07 23:22:11 UTC 2018
3 ms. Memory: 208384K Free: 195990K (94%)
ptolemy.util.test.WatchDog.cancel(): canceling Thu Jun 07 23:22:11 UTC 2018
------------------ testing $PTII/ptolemy/domains/de/test/auto/DepthTest7.xml
auto.tcl: Setting watchdog for 200 seconds at Thu Jun 07 23:22:11 UTC 2018
3 ms. Memory: 208384K Free: 195985K (94%)
ptolemy.util.test.WatchDog.cancel(): canceling Thu Jun 07 23:22:11 UTC 2018
auto.tcl: Setting watchdog for 200 seconds at Thu Jun 07 23:22:11 UTC 2018
2 ms. Memory: 208384K Free: 195985K (94%)
ptolemy.util.test.WatchDog.cancel(): canceling Thu Jun 07 23:22:11 UTC 2018
------------------ testing $PTII/ptolemy/domains/de/test/auto/EventToDate.xml
auto.tcl: Setting watchdog for 200 seconds at Thu Jun 07 23:22:11 UTC 2018
3006 ms. Memory: 208384K Free: 185407K (89%)
ptolemy.util.test.WatchDog.cancel(): canceling Thu Jun 07 23:22:14 UTC 2018
auto.tcl: Setting watchdog for 200 seconds at Thu Jun 07 23:22:14 UTC 2018
3005 ms. Memory: 208384K Free: 185407K (89%)
ptolemy.util.test.WatchDog.cancel(): canceling Thu Jun 07 23:22:17 UTC 2018
------------------ testing $PTII/ptolemy/domains/de/test/auto/FSM1.xml
auto.tcl: Setting watchdog for 200 seconds at Thu Jun 07 23:22:17 UTC 2018
25 ms. Memory: 208384K Free: 188998K (91%)
ptolemy.util.test.WatchDog.cancel(): canceling Thu Jun 07 23:22:17 UTC 2018
auto.tcl: Setting watchdog for 200 seconds at Thu Jun 07 23:22:17 UTC 2018
32 ms. Memory: 208384K Free: 184758K (89%)
ptolemy.util.test.WatchDog.cancel(): canceling Thu Jun 07 23:22:17 UTC 2018
------------------ testing $PTII/ptolemy/domains/de/test/auto/FSM7.xml
auto.tcl: Setting watchdog for 200 seconds at Thu Jun 07 23:22:17 UTC 2018
27 ms. Memory: 208384K Free: 187081K (90%)
ptolemy.util.test.WatchDog.cancel(): canceling Thu Jun 07 23:22:17 UTC 2018
auto.tcl: Setting watchdog for 200 seconds at Thu Jun 07 23:22:17 UTC 2018
26 ms. Memory: 208384K Free: 184961K (89%)
ptolemy.util.test.WatchDog.cancel(): canceling Thu Jun 07 23:22:17 UTC 2018
------------------ testing $PTII/ptolemy/domains/de/test/auto/Inspection.xml
auto.tcl: Setting watchdog for 200 seconds at Thu Jun 07 23:22:17 UTC 2018
30 ms. Memory: 208384K Free: 188631K (91%)
ptolemy.util.test.WatchDog.cancel(): canceling Thu Jun 07 23:22:17 UTC 2018
auto.tcl: Setting watchdog for 200 seconds at Thu Jun 07 23:22:17 UTC 2018
26 ms. Memory: 208384K Free: 186511K (90%)
ptolemy.util.test.WatchDog.cancel(): canceling Thu Jun 07 23:22:17 UTC 2018
------------------ testing $PTII/ptolemy/domains/de/test/auto/Iteration.xml
auto.tcl: Setting watchdog for 200 seconds at Thu Jun 07 23:22:17 UTC 2018
23 ms. Memory: 208384K Free: 196128K (94%)
ptolemy.util.test.WatchDog.cancel(): canceling Thu Jun 07 23:22:17 UTC 2018
auto.tcl: Setting watchdog for 200 seconds at Thu Jun 07 23:22:17 UTC 2018
9 ms. Memory: 208384K Free: 194005K (93%)
ptolemy.util.test.WatchDog.cancel(): canceling Thu Jun 07 23:22:17 UTC 2018
------------------ testing $PTII/ptolemy/domains/de/test/auto/LineFault.xml
auto.tcl: Setting watchdog for 200 seconds at Thu Jun 07 23:22:17 UTC 2018
852 ms. Memory: 208384K Free: 194954K (94%)
ptolemy.util.test.WatchDog.cancel(): canceling Thu Jun 07 23:22:19 UTC 2018
auto.tcl: Setting watchdog for 200 seconds at Thu Jun 07 23:22:19 UTC 2018
753 ms. Memory: 208384K Free: 138938K (67%)
ptolemy.util.test.WatchDog.cancel(): canceling Thu Jun 07 23:22:19 UTC 2018
------------------ testing $PTII/ptolemy/domains/de/test/auto/MergeModel1Add.xml
auto.tcl: Setting watchdog for 200 seconds at Thu Jun 07 23:22:19 UTC 2018
31 ms. Memory: 331264K Free: 302637K (91%)
ptolemy.util.test.WatchDog.cancel(): canceling Thu Jun 07 23:22:20 UTC 2018
auto.tcl: Setting watchdog for 200 seconds at Thu Jun 07 23:22:20 UTC 2018
13 ms. Memory: 331264K Free: 298695K (90%)
ptolemy.util.test.WatchDog.cancel(): canceling Thu Jun 07 23:22:20 UTC 2018
------------------ testing $PTII/ptolemy/domains/de/test/auto/MergeModel2Add.xml
auto.tcl: Setting watchdog for 200 seconds at Thu Jun 07 23:22:20 UTC 2018
9 ms. Memory: 331264K Free: 303976K (92%)
ptolemy.util.test.WatchDog.cancel(): canceling Thu Jun 07 23:22:20 UTC 2018
auto.tcl: Setting watchdog for 200 seconds at Thu Jun 07 23:22:20 UTC 2018
10 ms. Memory: 331264K Free: 300033K (91%)
ptolemy.util.test.WatchDog.cancel(): canceling Thu Jun 07 23:22:20 UTC 2018
------------------ testing $PTII/ptolemy/domains/de/test/auto/MergeModel3Add.xml
auto.tcl: Setting watchdog for 200 seconds at Thu Jun 07 23:22:20 UTC 2018
14 ms. Memory: 331264K Free: 303986K (92%)
ptolemy.util.test.WatchDog.cancel(): canceling Thu Jun 07 23:22:20 UTC 2018
auto.tcl: Setting watchdog for 200 seconds at Thu Jun 07 23:22:20 UTC 2018
10 ms. Memory: 331264K Free: 300044K (91%)
ptolemy.util.test.WatchDog.cancel(): canceling Thu Jun 07 23:22:20 UTC 2018
------------------ testing $PTII/ptolemy/domains/de/test/auto/MergeWithoutDiscard.xml
auto.tcl: Setting watchdog for 200 seconds at Thu Jun 07 23:22:20 UTC 2018
5 ms. Memory: 331264K Free: 316096K (95%)
ptolemy.util.test.WatchDog.cancel(): canceling Thu Jun 07 23:22:20 UTC 2018
auto.tcl: Setting watchdog for 200 seconds at Thu Jun 07 23:22:20 UTC 2018
2 ms. Memory: 331264K Free: 316096K (95%)
ptolemy.util.test.WatchDog.cancel(): canceling Thu Jun 07 23:22:20 UTC 2018
------------------ testing $PTII/ptolemy/domains/de/test/auto/Modal1.xml
auto.tcl: Setting watchdog for 200 seconds at Thu Jun 07 23:22:20 UTC 2018
14 ms. Memory: 331264K Free: 309710K (93%)
ptolemy.util.test.WatchDog.cancel(): canceling Thu Jun 07 23:22:20 UTC 2018
auto.tcl: Setting watchdog for 200 seconds at Thu Jun 07 23:22:20 UTC 2018
15 ms. Memory: 331264K Free: 305767K (92%)
ptolemy.util.test.WatchDog.cancel(): canceling Thu Jun 07 23:22:20 UTC 2018
------------------ testing $PTII/ptolemy/domains/de/test/auto/Modal2.xml
auto.tcl: Setting watchdog for 200 seconds at Thu Jun 07 23:22:20 UTC 2018
15 ms. Memory: 331264K Free: 309591K (93%)
ptolemy.util.test.WatchDog.cancel(): canceling Thu Jun 07 23:22:20 UTC 2018
auto.tcl: Setting watchdog for 200 seconds at Thu Jun 07 23:22:20 UTC 2018
15 ms. Memory: 331264K Free: 305649K (92%)
ptolemy.util.test.WatchDog.cancel(): canceling Thu Jun 07 23:22:20 UTC 2018
------------------ testing $PTII/ptolemy/domains/de/test/auto/Modal3.xml
auto.tcl: Setting watchdog for 200 seconds at Thu Jun 07 23:22:20 UTC 2018
13 ms. Memory: 331264K Free: 304667K (92%)
ptolemy.util.test.WatchDog.cancel(): canceling Thu Jun 07 23:22:20 UTC 2018
auto.tcl: Setting watchdog for 200 seconds at Thu Jun 07 23:22:20 UTC 2018
14 ms. Memory: 331264K Free: 300724K (91%)
ptolemy.util.test.WatchDog.cancel(): canceling Thu Jun 07 23:22:20 UTC 2018
------------------ testing $PTII/ptolemy/domains/de/test/auto/Modal4.xml
auto.tcl: Setting watchdog for 200 seconds at Thu Jun 07 23:22:20 UTC 2018
14 ms. Memory: 331264K Free: 309595K (93%)
ptolemy.util.test.WatchDog.cancel(): canceling Thu Jun 07 23:22:20 UTC 2018
auto.tcl: Setting watchdog for 200 seconds at Thu Jun 07 23:22:20 UTC 2018
21 ms. Memory: 331264K Free: 305653K (92%)
ptolemy.util.test.WatchDog.cancel(): canceling Thu Jun 07 23:22:20 UTC 2018
------------------ testing $PTII/ptolemy/domains/de/test/auto/Modal5.xml
auto.tcl: Setting watchdog for 200 seconds at Thu Jun 07 23:22:21 UTC 2018
18 ms. Memory: 331264K Free: 309582K (93%)
ptolemy.util.test.WatchDog.cancel(): canceling Thu Jun 07 23:22:21 UTC 2018
auto.tcl: Setting watchdog for 200 seconds at Thu Jun 07 23:22:21 UTC 2018
15 ms. Memory: 331264K Free: 305640K (92%)
ptolemy.util.test.WatchDog.cancel(): canceling Thu Jun 07 23:22:21 UTC 2018
------------------ testing $PTII/ptolemy/domains/de/test/auto/Modal6.xml
auto.tcl: Setting watchdog for 200 seconds at Thu Jun 07 23:22:21 UTC 2018
14 ms. Memory: 331264K Free: 309579K (93%)
ptolemy.util.test.WatchDog.cancel(): canceling Thu Jun 07 23:22:21 UTC 2018
auto.tcl: Setting watchdog for 200 seconds at Thu Jun 07 23:22:21 UTC 2018
16 ms. Memory: 331264K Free: 305636K (92%)
ptolemy.util.test.WatchDog.cancel(): canceling Thu Jun 07 23:22:21 UTC 2018
------------------ testing $PTII/ptolemy/domains/de/test/auto/Modal7.xml
auto.tcl: Setting watchdog for 200 seconds at Thu Jun 07 23:22:21 UTC 2018
12 ms. Memory: 331264K Free: 309579K (93%)
ptolemy.util.test.WatchDog.cancel(): canceling Thu Jun 07 23:22:21 UTC 2018
auto.tcl: Setting watchdog for 200 seconds at Thu Jun 07 23:22:21 UTC 2018
13 ms. Memory: 331264K Free: 305637K (92%)
ptolemy.util.test.WatchDog.cancel(): canceling Thu Jun 07 23:22:21 UTC 2018
------------------ testing $PTII/ptolemy/domains/de/test/auto/ModalModel.xml
auto.tcl: Setting watchdog for 200 seconds at Thu Jun 07 23:22:21 UTC 2018
273 ms. Memory: 331264K Free: 246110K (74%)
ptolemy.util.test.WatchDog.cancel(): canceling Thu Jun 07 23:22:21 UTC 2018
auto.tcl: Setting watchdog for 200 seconds at Thu Jun 07 23:22:21 UTC 2018
233 ms. Memory: 331264K Free: 190843K (58%)
ptolemy.util.test.WatchDog.cancel(): canceling Thu Jun 07 23:22:22 UTC 2018
------------------ testing $PTII/ptolemy/domains/de/test/auto/ModalSource.xml
auto.tcl: Setting watchdog for 200 seconds at Thu Jun 07 23:22:22 UTC 2018
7 ms. Memory: 331264K Free: 316342K (95%)
ptolemy.util.test.WatchDog.cancel(): canceling Thu Jun 07 23:22:22 UTC 2018
auto.tcl: Setting watchdog for 200 seconds at Thu Jun 07 23:22:22 UTC 2018
7 ms. Memory: 331264K Free: 312814K (94%)
ptolemy.util.test.WatchDog.cancel(): canceling Thu Jun 07 23:22:22 UTC 2018
------------------ testing $PTII/ptolemy/domains/de/test/auto/NonInterruptibleTimerZeroDelay.xml
auto.tcl: Setting watchdog for 200 seconds at Thu Jun 07 23:22:22 UTC 2018
5 ms. Memory: 331264K Free: 320707K (97%)
ptolemy.util.test.WatchDog.cancel(): canceling Thu Jun 07 23:22:22 UTC 2018
auto.tcl: Setting watchdog for 200 seconds at Thu Jun 07 23:22:22 UTC 2018
3 ms. Memory: 331264K Free: 317187K (96%)
ptolemy.util.test.WatchDog.cancel(): canceling Thu Jun 07 23:22:22 UTC 2018
------------------ testing $PTII/ptolemy/domains/de/test/auto/OpenQueueingNetwork.xml
auto.tcl: Setting watchdog for 200 seconds at Thu Jun 07 23:22:22 UTC 2018
3745 ms. Memory: 573952K Free: 405936K (71%)
ptolemy.util.test.WatchDog.cancel(): canceling Thu Jun 07 23:22:26 UTC 2018
auto.tcl: Setting watchdog for 200 seconds at Thu Jun 07 23:22:26 UTC 2018
2587 ms. Memory: 550912K Free: 313982K (57%)
ptolemy.util.test.WatchDog.cancel(): canceling Thu Jun 07 23:22:28 UTC 2018
------------------ testing $PTII/ptolemy/domains/de/test/auto/OpenQueuingNetwork.xml
auto.tcl: Setting watchdog for 200 seconds at Thu Jun 07 23:22:28 UTC 2018
268 ms. Memory: 549888K Free: 445921K (81%)
ptolemy.util.test.WatchDog.cancel(): canceling Thu Jun 07 23:22:29 UTC 2018
auto.tcl: Setting watchdog for 200 seconds at Thu Jun 07 23:22:29 UTC 2018
262 ms. Memory: 549888K Free: 386967K (70%)
ptolemy.util.test.WatchDog.cancel(): canceling Thu Jun 07 23:22:29 UTC 2018
------------------ testing $PTII/ptolemy/domains/de/test/auto/PeriodicSampler.xml
auto.tcl: Setting watchdog for 200 seconds at Thu Jun 07 23:22:29 UTC 2018
2 ms. Memory: 551936K Free: 531780K (96%)
ptolemy.util.test.WatchDog.cancel(): canceling Thu Jun 07 23:22:29 UTC 2018
auto.tcl: Setting watchdog for 200 seconds at Thu Jun 07 23:22:29 UTC 2018
2 ms. Memory: 551936K Free: 531780K (96%)
ptolemy.util.test.WatchDog.cancel(): canceling Thu Jun 07 23:22:29 UTC 2018
------------------ testing $PTII/ptolemy/domains/de/test/auto/PersistentIO.xml
auto.tcl: Setting watchdog for 200 seconds at Thu Jun 07 23:22:29 UTC 2018
15 ms. Memory: 549376K Free: 524674K (96%)
ptolemy.util.test.WatchDog.cancel(): canceling Thu Jun 07 23:22:29 UTC 2018
auto.tcl: Setting watchdog for 200 seconds at Thu Jun 07 23:22:29 UTC 2018
5 ms. Memory: 549376K Free: 524674K (96%)
ptolemy.util.test.WatchDog.cancel(): canceling Thu Jun 07 23:22:29 UTC 2018
------------------ testing $PTII/ptolemy/domains/de/test/auto/PortParameterResetOnInitialize.xml
auto.tcl: Setting watchdog for 200 seconds at Thu Jun 07 23:22:29 UTC 2018
3 ms. Memory: 551424K Free: 531730K (96%)
ptolemy.util.test.WatchDog.cancel(): canceling Thu Jun 07 23:22:29 UTC 2018
auto.tcl: Setting watchdog for 200 seconds at Thu Jun 07 23:22:29 UTC 2018
2 ms. Memory: 551424K Free: 531730K (96%)
ptolemy.util.test.WatchDog.cancel(): canceling Thu Jun 07 23:22:29 UTC 2018
------------------ testing $PTII/ptolemy/domains/de/test/auto/PortParameterUpdates.xml
auto.tcl: Setting watchdog for 200 seconds at Thu Jun 07 23:22:29 UTC 2018
5 ms. Memory: 549376K Free: 529348K (96%)
ptolemy.util.test.WatchDog.cancel(): canceling Thu Jun 07 23:22:29 UTC 2018
auto.tcl: Setting watchdog for 200 seconds at Thu Jun 07 23:22:29 UTC 2018
6 ms. Memory: 549376K Free: 529348K (96%)
ptolemy.util.test.WatchDog.cancel(): canceling Thu Jun 07 23:22:29 UTC 2018
------------------ testing $PTII/ptolemy/domains/de/test/auto/QueueAndServer.xml
auto.tcl: Setting watchdog for 200 seconds at Thu Jun 07 23:22:29 UTC 2018
22 ms. Memory: 551424K Free: 531130K (96%)
ptolemy.util.test.WatchDog.cancel(): canceling Thu Jun 07 23:22:29 UTC 2018
auto.tcl: Setting watchdog for 200 seconds at Thu Jun 07 23:22:29 UTC 2018
8 ms. Memory: 551424K Free: 531130K (96%)
ptolemy.util.test.WatchDog.cancel(): canceling Thu Jun 07 23:22:29 UTC 2018
------------------ testing $PTII/ptolemy/domains/de/test/auto/Records.xml
auto.tcl: Setting watchdog for 200 seconds at Thu Jun 07 23:22:29 UTC 2018
8 ms. Memory: 549376K Free: 534399K (97%)
ptolemy.util.test.WatchDog.cancel(): canceling Thu Jun 07 23:22:29 UTC 2018
auto.tcl: Setting watchdog for 200 seconds at Thu Jun 07 23:22:29 UTC 2018
2 ms. Memory: 549376K Free: 529039K (96%)
ptolemy.util.test.WatchDog.cancel(): canceling Thu Jun 07 23:22:29 UTC 2018
------------------ testing $PTII/ptolemy/domains/de/test/auto/ResetTransitionWithStartTime1.xml
auto.tcl: Setting watchdog for 200 seconds at Thu Jun 07 23:22:29 UTC 2018
19 ms. Memory: 551424K Free: 531336K (96%)
ptolemy.util.test.WatchDog.cancel(): canceling Thu Jun 07 23:22:29 UTC 2018
auto.tcl: Setting watchdog for 200 seconds at Thu Jun 07 23:22:29 UTC 2018
7 ms. Memory: 551424K Free: 531106K (96%)
ptolemy.util.test.WatchDog.cancel(): canceling Thu Jun 07 23:22:29 UTC 2018
------------------ testing $PTII/ptolemy/domains/de/test/auto/ResetTransitionWithStartTime2.xml
auto.tcl: Setting watchdog for 200 seconds at Thu Jun 07 23:22:30 UTC 2018
8 ms. Memory: 549376K Free: 529286K (96%)
ptolemy.util.test.WatchDog.cancel(): canceling Thu Jun 07 23:22:30 UTC 2018
auto.tcl: Setting watchdog for 200 seconds at Thu Jun 07 23:22:30 UTC 2018
8 ms. Memory: 549376K Free: 529286K (96%)
ptolemy.util.test.WatchDog.cancel(): canceling Thu Jun 07 23:22:30 UTC 2018
------------------ testing $PTII/ptolemy/domains/de/test/auto/ResetTransitionWithStartTime3.xml
auto.tcl: Setting watchdog for 200 seconds at Thu Jun 07 23:22:30 UTC 2018
6 ms. Memory: 550912K Free: 530683K (96%)
ptolemy.util.test.WatchDog.cancel(): canceling Thu Jun 07 23:22:30 UTC 2018
auto.tcl: Setting watchdog for 200 seconds at Thu Jun 07 23:22:30 UTC 2018
8 ms. Memory: 550912K Free: 530453K (96%)
ptolemy.util.test.WatchDog.cancel(): canceling Thu Jun 07 23:22:30 UTC 2018
------------------ testing $PTII/ptolemy/domains/de/test/auto/ResetTransitionWithStartTime4.xml
auto.tcl: Setting watchdog for 200 seconds at Thu Jun 07 23:22:30 UTC 2018
5 ms. Memory: 549376K Free: 529135K (96%)
ptolemy.util.test.WatchDog.cancel(): canceling Thu Jun 07 23:22:30 UTC 2018
auto.tcl: Setting watchdog for 200 seconds at Thu Jun 07 23:22:30 UTC 2018
5 ms. Memory: 549376K Free: 529135K (96%)
ptolemy.util.test.WatchDog.cancel(): canceling Thu Jun 07 23:22:30 UTC 2018
------------------ testing $PTII/ptolemy/domains/de/test/auto/ResettableTimer1.xml
auto.tcl: Setting watchdog for 200 seconds at Thu Jun 07 23:22:30 UTC 2018
5 ms. Memory: 550912K Free: 531123K (96%)
ptolemy.util.test.WatchDog.cancel(): canceling Thu Jun 07 23:22:30 UTC 2018
auto.tcl: Setting watchdog for 200 seconds at Thu Jun 07 23:22:30 UTC 2018
3 ms. Memory: 550912K Free: 531123K (96%)
ptolemy.util.test.WatchDog.cancel(): canceling Thu Jun 07 23:22:30 UTC 2018
------------------ testing $PTII/ptolemy/domains/de/test/auto/ResettableTimer2.xml
auto.tcl: Setting watchdog for 200 seconds at Thu Jun 07 23:22:30 UTC 2018
3 ms. Memory: 549376K Free: 534555K (97%)
ptolemy.util.test.WatchDog.cancel(): canceling Thu Jun 07 23:22:30 UTC 2018
auto.tcl: Setting watchdog for 200 seconds at Thu Jun 07 23:22:30 UTC 2018
2 ms. Memory: 549376K Free: 534555K (97%)
ptolemy.util.test.WatchDog.cancel(): canceling Thu Jun 07 23:22:30 UTC 2018
------------------ testing $PTII/ptolemy/domains/de/test/auto/ResettableTimer3.xml
auto.tcl: Setting watchdog for 200 seconds at Thu Jun 07 23:22:30 UTC 2018
1 ms. Memory: 550912K Free: 531181K (96%)
ptolemy.util.test.WatchDog.cancel(): canceling Thu Jun 07 23:22:30 UTC 2018
auto.tcl: Setting watchdog for 200 seconds at Thu Jun 07 23:22:30 UTC 2018
1 ms. Memory: 550912K Free: 531181K (96%)
ptolemy.util.test.WatchDog.cancel(): canceling Thu Jun 07 23:22:30 UTC 2018
------------------ testing $PTII/ptolemy/domains/de/test/auto/ResettableTimer4.xml
auto.tcl: Setting watchdog for 200 seconds at Thu Jun 07 23:22:30 UTC 2018
1 ms. Memory: 549376K Free: 534567K (97%)
ptolemy.util.test.WatchDog.cancel(): canceling Thu Jun 07 23:22:30 UTC 2018
auto.tcl: Setting watchdog for 200 seconds at Thu Jun 07 23:22:30 UTC 2018
2 ms. Memory: 549376K Free: 534567K (97%)
ptolemy.util.test.WatchDog.cancel(): canceling Thu Jun 07 23:22:30 UTC 2018
------------------ testing $PTII/ptolemy/domains/de/test/auto/ResettableTimer5.xml
auto.tcl: Setting watchdog for 200 seconds at Thu Jun 07 23:22:30 UTC 2018
2 ms. Memory: 550400K Free: 530909K (96%)
ptolemy.util.test.WatchDog.cancel(): canceling Thu Jun 07 23:22:30 UTC 2018
auto.tcl: Setting watchdog for 200 seconds at Thu Jun 07 23:22:30 UTC 2018
1 ms. Memory: 550400K Free: 530909K (96%)
ptolemy.util.test.WatchDog.cancel(): canceling Thu Jun 07 23:22:30 UTC 2018
------------------ testing $PTII/ptolemy/domains/de/test/auto/ResettableTimer6.xml
auto.tcl: Setting watchdog for 200 seconds at Thu Jun 07 23:22:30 UTC 2018
2 ms. Memory: 549376K Free: 529604K (96%)
ptolemy.util.test.WatchDog.cancel(): canceling Thu Jun 07 23:22:30 UTC 2018
auto.tcl: Setting watchdog for 200 seconds at Thu Jun 07 23:22:30 UTC 2018
1 ms. Memory: 549376K Free: 529604K (96%)
ptolemy.util.test.WatchDog.cancel(): canceling Thu Jun 07 23:22:30 UTC 2018
------------------ testing $PTII/ptolemy/domains/de/test/auto/ServerZeroDelay.xml
auto.tcl: Setting watchdog for 200 seconds at Thu Jun 07 23:22:30 UTC 2018
8 ms. Memory: 550400K Free: 535299K (97%)
ptolemy.util.test.WatchDog.cancel(): canceling Thu Jun 07 23:22:30 UTC 2018
auto.tcl: Setting watchdog for 200 seconds at Thu Jun 07 23:22:30 UTC 2018
3 ms. Memory: 550400K Free: 535299K (97%)
ptolemy.util.test.WatchDog.cancel(): canceling Thu Jun 07 23:22:30 UTC 2018
------------------ testing $PTII/ptolemy/domains/de/test/auto/SmartSender.xml
auto.tcl: Setting watchdog for 200 seconds at Thu Jun 07 23:22:30 UTC 2018
3002 ms. Memory: 549376K Free: 534500K (97%)
ptolemy.util.test.WatchDog.cancel(): canceling Thu Jun 07 23:22:33 UTC 2018
auto.tcl: Setting watchdog for 200 seconds at Thu Jun 07 23:22:33 UTC 2018
3001 ms. Memory: 549376K Free: 534500K (97%)
ptolemy.util.test.WatchDog.cancel(): canceling Thu Jun 07 23:22:36 UTC 2018
------------------ testing $PTII/ptolemy/domains/de/test/auto/ThreadedComposite.xml
auto.tcl: Setting watchdog for 200 seconds at Thu Jun 07 23:22:36 UTC 2018
282 ms. Memory: 550400K Free: 510540K (93%)
ptolemy.util.test.WatchDog.cancel(): canceling Thu Jun 07 23:22:37 UTC 2018
auto.tcl: Setting watchdog for 200 seconds at Thu Jun 07 23:22:37 UTC 2018
293 ms. Memory: 550400K Free: 486462K (88%)
ptolemy.util.test.WatchDog.cancel(): canceling Thu Jun 07 23:22:37 UTC 2018
------------------ testing $PTII/ptolemy/domains/de/test/auto/Time.xml
auto.tcl: Setting watchdog for 200 seconds at Thu Jun 07 23:22:37 UTC 2018
624 ms. Memory: 549376K Free: 487426K (89%)
ptolemy.util.test.WatchDog.cancel(): canceling Thu Jun 07 23:22:38 UTC 2018
auto.tcl: Setting watchdog for 200 seconds at Thu Jun 07 23:22:38 UTC 2018
584 ms. Memory: 549376K Free: 433832K (79%)
ptolemy.util.test.WatchDog.cancel(): canceling Thu Jun 07 23:22:38 UTC 2018
------------------ testing $PTII/ptolemy/domains/de/test/auto/TimeDelayZeroDelay.xml
auto.tcl: Setting watchdog for 200 seconds at Thu Jun 07 23:22:38 UTC 2018
4 ms. Memory: 550400K Free: 535216K (97%)
ptolemy.util.test.WatchDog.cancel(): canceling Thu Jun 07 23:22:38 UTC 2018
auto.tcl: Setting watchdog for 200 seconds at Thu Jun 07 23:22:38 UTC 2018
3 ms. Memory: 550400K Free: 535216K (97%)
ptolemy.util.test.WatchDog.cancel(): canceling Thu Jun 07 23:22:38 UTC 2018
------------------ testing $PTII/ptolemy/domains/de/test/auto/TimerZeroDelay.xml
auto.tcl: Setting watchdog for 200 seconds at Thu Jun 07 23:22:38 UTC 2018
2 ms. Memory: 549376K Free: 534465K (97%)
ptolemy.util.test.WatchDog.cancel(): canceling Thu Jun 07 23:22:38 UTC 2018
auto.tcl: Setting watchdog for 200 seconds at Thu Jun 07 23:22:38 UTC 2018
2 ms. Memory: 549376K Free: 534465K (97%)
ptolemy.util.test.WatchDog.cancel(): canceling Thu Jun 07 23:22:38 UTC 2018
------------------ testing $PTII/ptolemy/domains/de/test/auto/TimingParadox.xml
auto.tcl: Setting watchdog for 200 seconds at Thu Jun 07 23:22:39 UTC 2018
406 ms. Memory: 549888K Free: 469809K (85%)
ptolemy.util.test.WatchDog.cancel(): canceling Thu Jun 07 23:22:39 UTC 2018
auto.tcl: Setting watchdog for 200 seconds at Thu Jun 07 23:22:39 UTC 2018
377 ms. Memory: 549888K Free: 437652K (80%)
ptolemy.util.test.WatchDog.cancel(): canceling Thu Jun 07 23:22:39 UTC 2018
------------------ testing $PTII/ptolemy/domains/de/test/auto/TransferInputs.xml
auto.tcl: Setting watchdog for 200 seconds at Thu Jun 07 23:22:39 UTC 2018
8 ms. Memory: 549888K Free: 533882K (97%)
ptolemy.util.test.WatchDog.cancel(): canceling Thu Jun 07 23:22:40 UTC 2018
auto.tcl: Setting watchdog for 200 seconds at Thu Jun 07 23:22:40 UTC 2018
2 ms. Memory: 549888K Free: 533882K (97%)
ptolemy.util.test.WatchDog.cancel(): canceling Thu Jun 07 23:22:40 UTC 2018
------------------ testing $PTII/ptolemy/domains/de/test/auto/TransferOutputs2.xml
auto.tcl: Setting watchdog for 200 seconds at Thu Jun 07 23:22:40 UTC 2018
3 ms. Memory: 549376K Free: 524416K (95%)
ptolemy.util.test.WatchDog.cancel(): canceling Thu Jun 07 23:22:40 UTC 2018
auto.tcl: Setting watchdog for 200 seconds at Thu Jun 07 23:22:40 UTC 2018
3 ms. Memory: 549376K Free: 524416K (95%)
ptolemy.util.test.WatchDog.cancel(): canceling Thu Jun 07 23:22:40 UTC 2018
------------------ testing $PTII/ptolemy/domains/de/test/auto/Trilateration.xml
auto.tcl: Setting watchdog for 200 seconds at Thu Jun 07 23:22:40 UTC 2018
16293 ms. Memory: 766976K Free: 238275K (31%)
ptolemy.util.test.WatchDog.cancel(): canceling Thu Jun 07 23:22:57 UTC 2018
auto.tcl: Setting watchdog for 200 seconds at Thu Jun 07 23:22:57 UTC 2018
11549 ms. Memory: 646144K Free: 89526K (14%)
ptolemy.util.test.WatchDog.cancel(): canceling Thu Jun 07 23:23:09 UTC 2018
------------------ testing $PTII/ptolemy/domains/de/test/auto/TwoSigmaDelta.xml
auto.tcl: Setting watchdog for 200 seconds at Thu Jun 07 23:23:09 UTC 2018
3159 ms. Memory: 649728K Free: 330919K (51%)
ptolemy.util.test.WatchDog.cancel(): canceling Thu Jun 07 23:23:12 UTC 2018
auto.tcl: Setting watchdog for 200 seconds at Thu Jun 07 23:23:12 UTC 2018
2442 ms. Memory: 649728K Free: 95161K (15%)
ptolemy.util.test.WatchDog.cancel(): canceling Thu Jun 07 23:23:15 UTC 2018
------------------ testing $PTII/ptolemy/domains/de/test/auto/VariableDelay.xml
auto.tcl: Setting watchdog for 200 seconds at Thu Jun 07 23:23:15 UTC 2018
7 ms. Memory: 646656K Free: 627022K (97%)
ptolemy.util.test.WatchDog.cancel(): canceling Thu Jun 07 23:23:15 UTC 2018
auto.tcl: Setting watchdog for 200 seconds at Thu Jun 07 23:23:15 UTC 2018
2 ms. Memory: 646656K Free: 627022K (97%)
ptolemy.util.test.WatchDog.cancel(): canceling Thu Jun 07 23:23:15 UTC 2018
------------------ testing $PTII/ptolemy/domains/de/test/auto/VariableDelay2.xml
auto.tcl: Setting watchdog for 200 seconds at Thu Jun 07 23:23:15 UTC 2018
7 ms. Memory: 646144K Free: 626956K (97%)
ptolemy.util.test.WatchDog.cancel(): canceling Thu Jun 07 23:23:15 UTC 2018
auto.tcl: Setting watchdog for 200 seconds at Thu Jun 07 23:23:15 UTC 2018
2 ms. Memory: 646144K Free: 626956K (97%)
ptolemy.util.test.WatchDog.cancel(): canceling Thu Jun 07 23:23:15 UTC 2018
------------------ testing $PTII/ptolemy/domains/de/test/auto/VariableDelayZeroDelay.xml
auto.tcl: Setting watchdog for 200 seconds at Thu Jun 07 23:23:15 UTC 2018
2 ms. Memory: 646144K Free: 621308K (96%)
ptolemy.util.test.WatchDog.cancel(): canceling Thu Jun 07 23:23:15 UTC 2018
auto.tcl: Setting watchdog for 200 seconds at Thu Jun 07 23:23:15 UTC 2018
3 ms. Memory: 646144K Free: 621276K (96%)
ptolemy.util.test.WatchDog.cancel(): canceling Thu Jun 07 23:23:15 UTC 2018
------------------ testing $PTII/ptolemy/domains/de/test/auto/VariableDelayZeroDelay2.xml
auto.tcl: Setting watchdog for 200 seconds at Thu Jun 07 23:23:15 UTC 2018
2 ms. Memory: 649216K Free: 630025K (97%)
ptolemy.util.test.WatchDog.cancel(): canceling Thu Jun 07 23:23:15 UTC 2018
auto.tcl: Setting watchdog for 200 seconds at Thu Jun 07 23:23:15 UTC 2018
5 ms. Memory: 649216K Free: 630025K (97%)
ptolemy.util.test.WatchDog.cancel(): canceling Thu Jun 07 23:23:15 UTC 2018
------------------ testing $PTII/ptolemy/domains/de/test/auto/deInCt.xml
auto.tcl: Setting watchdog for 200 seconds at Thu Jun 07 23:23:15 UTC 2018
0
1
1
1
0
0
1
1
1
0
0
0
1
1
1
1
1
0
0
1
1
1
1
1
1
1
1
0
0
0
0
7 ms. Memory: 646144K Free: 621271K (96%)
ptolemy.util.test.WatchDog.cancel(): canceling Thu Jun 07 23:23:15 UTC 2018
auto.tcl: Setting watchdog for 200 seconds at Thu Jun 07 23:23:15 UTC 2018
0
1
1
1
0
0
0
1
1
1
0
0
0
1
1
0
0
0
0
1
1
1
0
0
0
1
1
0
0
1
1
1
0
0
0
1
1
1
1
0
0
0
1
1
1
0
0
0
0
0
8 ms. Memory: 646144K Free: 621271K (96%)
ptolemy.util.test.WatchDog.cancel(): canceling Thu Jun 07 23:23:15 UTC 2018
------------------ testing $PTII/ptolemy/domains/de/test/auto/deInCt2.xml
auto.tcl: Setting watchdog for 200 seconds at Thu Jun 07 23:23:15 UTC 2018
0
1
1
1
0
0
1
1
1
0
0
1
1
1
0
0
1
1
1
0
0
1
1
1
0
0
1
1
1
0
0
1
1
1
0
0
1
1
1
0
0
0
16 ms. Memory: 648704K Free: 629478K (97%)
ptolemy.util.test.WatchDog.cancel(): canceling Thu Jun 07 23:23:15 UTC 2018
auto.tcl: Setting watchdog for 200 seconds at Thu Jun 07 23:23:15 UTC 2018
0
1
1
1
0
0
1
1
1
0
0
1
1
1
0
0
1
1
1
0
0
1
1
1
0
0
1
1
1
0
0
1
1
1
0
0
1
1
1
0
0
0
9 ms. Memory: 648704K Free: 629478K (97%)
ptolemy.util.test.WatchDog.cancel(): canceling Thu Jun 07 23:23:15 UTC 2018
------------------ testing $PTII/ptolemy/domains/de/test/auto/dynamicCausalityInterface1.xml
auto.tcl: Setting watchdog for 200 seconds at Thu Jun 07 23:23:15 UTC 2018
2 ms. Memory: 646144K Free: 618399K (96%)
ptolemy.util.test.WatchDog.cancel(): canceling Thu Jun 07 23:23:15 UTC 2018
auto.tcl: Setting watchdog for 200 seconds at Thu Jun 07 23:23:15 UTC 2018
1 ms. Memory: 646144K Free: 618399K (96%)
ptolemy.util.test.WatchDog.cancel(): canceling Thu Jun 07 23:23:15 UTC 2018
------------------ testing $PTII/ptolemy/domains/de/test/auto/fsm_de_test.xml
auto.tcl: Setting watchdog for 200 seconds at Thu Jun 07 23:23:15 UTC 2018
13 ms. Memory: 648192K Free: 623241K (96%)
ptolemy.util.test.WatchDog.cancel(): canceling Thu Jun 07 23:23:15 UTC 2018
auto.tcl: Setting watchdog for 200 seconds at Thu Jun 07 23:23:15 UTC 2018
7 ms. Memory: 648192K Free: 614679K (95%)
ptolemy.util.test.WatchDog.cancel(): canceling Thu Jun 07 23:23:15 UTC 2018
------------------ testing $PTII/ptolemy/domains/de/test/auto/functionDependencyReconstruction.xml
auto.tcl: Setting watchdog for 200 seconds at Thu Jun 07 23:23:16 UTC 2018
5 ms. Memory: 646144K Free: 612622K (95%)
ptolemy.util.test.WatchDog.cancel(): canceling Thu Jun 07 23:23:16 UTC 2018
auto.tcl: Setting watchdog for 200 seconds at Thu Jun 07 23:23:16 UTC 2018
4 ms. Memory: 646144K Free: 604059K (93%)
ptolemy.util.test.WatchDog.cancel(): canceling Thu Jun 07 23:23:16 UTC 2018
------------------ testing $PTII/ptolemy/domains/de/test/auto/multirate.xml
auto.tcl: Setting watchdog for 200 seconds at Thu Jun 07 23:23:16 UTC 2018
4 ms. Memory: 648192K Free: 623109K (96%)
ptolemy.util.test.WatchDog.cancel(): canceling Thu Jun 07 23:23:16 UTC 2018
auto.tcl: Setting watchdog for 200 seconds at Thu Jun 07 23:23:16 UTC 2018
4 ms. Memory: 648192K Free: 623109K (96%)
ptolemy.util.test.WatchDog.cancel(): canceling Thu Jun 07 23:23:16 UTC 2018
------------------ testing $PTII/ptolemy/domains/de/test/auto/multirate2.xml
auto.tcl: Setting watchdog for 200 seconds at Thu Jun 07 23:23:16 UTC 2018
3 ms. Memory: 646144K Free: 621249K (96%)
ptolemy.util.test.WatchDog.cancel(): canceling Thu Jun 07 23:23:16 UTC 2018
auto.tcl: Setting watchdog for 200 seconds at Thu Jun 07 23:23:16 UTC 2018
4 ms. Memory: 646144K Free: 621249K (96%)
ptolemy.util.test.WatchDog.cancel(): canceling Thu Jun 07 23:23:16 UTC 2018
------------------ testing $PTII/ptolemy/domains/de/test/auto/realtime.xml
auto.tcl: Setting watchdog for 200 seconds at Thu Jun 07 23:23:16 UTC 2018
10002 ms. Memory: 647680K Free: 622752K (96%)
ptolemy.util.test.WatchDog.cancel(): canceling Thu Jun 07 23:23:26 UTC 2018
auto.tcl: Setting watchdog for 200 seconds at Thu Jun 07 23:23:26 UTC 2018
10002 ms. Memory: 647680K Free: 622752K (96%)
ptolemy.util.test.WatchDog.cancel(): canceling Thu Jun 07 23:23:36 UTC 2018
------------------ testing $PTII/ptolemy/domains/de/test/auto/relationGroup.xml
auto.tcl: Setting watchdog for 200 seconds at Thu Jun 07 23:23:36 UTC 2018
4 ms. Memory: 646144K Free: 621274K (96%)
ptolemy.util.test.WatchDog.cancel(): canceling Thu Jun 07 23:23:36 UTC 2018
auto.tcl: Setting watchdog for 200 seconds at Thu Jun 07 23:23:36 UTC 2018
2 ms. Memory: 646144K Free: 621274K (96%)
ptolemy.util.test.WatchDog.cancel(): canceling Thu Jun 07 23:23:36 UTC 2018
------------------ testing $PTII/ptolemy/domains/de/test/auto/relationGroup2.xml
auto.tcl: Setting watchdog for 200 seconds at Thu Jun 07 23:23:36 UTC 2018
2 ms. Memory: 647680K Free: 622836K (96%)
ptolemy.util.test.WatchDog.cancel(): canceling Thu Jun 07 23:23:36 UTC 2018
auto.tcl: Setting watchdog for 200 seconds at Thu Jun 07 23:23:36 UTC 2018
1 ms. Memory: 647680K Free: 622836K (96%)
ptolemy.util.test.WatchDog.cancel(): canceling Thu Jun 07 23:23:36 UTC 2018
------------------ testing $PTII/ptolemy/domains/de/test/auto/sortWithOpaquePorts.xml
auto.tcl: Setting watchdog for 200 seconds at Thu Jun 07 23:23:36 UTC 2018
1 ms. Memory: 646144K Free: 621302K (96%)
ptolemy.util.test.WatchDog.cancel(): canceling Thu Jun 07 23:23:36 UTC 2018
auto.tcl: Setting watchdog for 200 seconds at Thu Jun 07 23:23:36 UTC 2018
2 ms. Memory: 646144K Free: 621302K (96%)
ptolemy.util.test.WatchDog.cancel(): canceling Thu Jun 07 23:23:36 UTC 2018
------------------ testing $PTII/ptolemy/domains/de/test/auto/transferInputsandOutputs.xml
auto.tcl: Setting watchdog for 200 seconds at Thu Jun 07 23:23:36 UTC 2018
6 ms. Memory: 647168K Free: 622313K (96%)
ptolemy.util.test.WatchDog.cancel(): canceling Thu Jun 07 23:23:36 UTC 2018
auto.tcl: Setting watchdog for 200 seconds at Thu Jun 07 23:23:36 UTC 2018
3 ms. Memory: 647168K Free: 622313K (96%)
ptolemy.util.test.WatchDog.cancel(): canceling Thu Jun 07 23:23:36 UTC 2018
------------------ testing $PTII/ptolemy/domains/de/test/auto/triggerType.xml
auto.tcl: Setting watchdog for 200 seconds at Thu Jun 07 23:23:36 UTC 2018
1 ms. Memory: 646144K Free: 621239K (96%)
ptolemy.util.test.WatchDog.cancel(): canceling Thu Jun 07 23:23:36 UTC 2018
auto.tcl: Setting watchdog for 200 seconds at Thu Jun 07 23:23:36 UTC 2018
1 ms. Memory: 646144K Free: 621239K (96%)
ptolemy.util.test.WatchDog.cancel(): canceling Thu Jun 07 23:23:36 UTC 2018
06/07/18 11:23:36
Failed: 0  Total Tests: 192  ((Passed: 187, Newly Passed: 1)  Known Failed: 5) /home/travis/build/icyphy/ptII/ptolemy/domains/de/test
06/07/18 11:23:36
Failed: 0  Total Tests: 192  ((Passed: 187, Newly Passed: 1)  Known Failed: 5) /home/travis/build/icyphy/ptII/ptolemy/domains/de/test
----------------- testing (KnownFailure) /home/travis/build/icyphy/ptII/ptolemy/domains/de/test/auto/knownFailedTests/DESDFClockTest.xml
2010 ms. Memory: 647168K Free: 611022K (94%)
Known Failure: java.lang.reflect.InvocationTargetException
----------------- testing (KnownFailure) /home/travis/build/icyphy/ptII/ptolemy/domains/de/test/auto/knownFailedTests/DirectFeedback.xml
1 ms. Memory: 647168K Free: 565843K (87%)
Known Failure: java.lang.reflect.InvocationTargetException
----------------- testing (KnownFailure) /home/travis/build/icyphy/ptII/ptolemy/domains/de/test/auto/knownFailedTests/FSMSource.xml
4 ms. Memory: 647168K Free: 520664K (80%)
----------------- testing (KnownFailure) /home/travis/build/icyphy/ptII/ptolemy/domains/de/test/auto/knownFailedTests/HierarchicalModel.xml
1 ms. Memory: 647168K Free: 486731K (75%)
Known Failure: java.lang.reflect.InvocationTargetException
----------------- testing (KnownFailure) /home/travis/build/icyphy/ptII/ptolemy/domains/de/test/auto/knownFailedTests/dependencyLoop.xml
2 ms. Memory: 647168K Free: 430241K (66%)
Known Failure: java.lang.reflect.InvocationTargetException
----------------- testing (KnownFailure) /home/travis/build/icyphy/ptII/ptolemy/domains/de/test/auto/knownFailedTests/dependencyLoop2.xml
1 ms. Memory: 647168K Free: 373767K (58%)
Known Failure: java.lang.reflect.InvocationTargetException
No auto/linux-amd64/*.xml tests in /home/travis/build/icyphy/ptII/ptolemy/domains/de/test
AutoTests.java: About to close Vertx.
AutoTests.java: Vertx closed.

===========================================================================================
----------------- testing Thu Jun 07 23:23:38 UTC 2018 /home/travis/build/icyphy/ptII/ptolemy/domains/de/test/auto/ActorDepthCalculation_actorWithoutPorts.xml
----------------- Instantiating /home/travis/build/icyphy/ptII/ptolemy/domains/de/test/auto/ActorDepthCalculation_actorWithoutPorts.xml
1 ms. Memory: 647168K Free: 317293K (49%)
----------------- Invoking toplevel() on ptolemy.moml.MoMLSimpleApplication@5ca884bb
----------------- Done invoking toplevel() on ptolemy.moml.MoMLSimpleApplication@5ca884bb
reloadAllAccessors: .ActorDepthCalculation_actorWithoutPorts

===========================================================================================
----------------- testing Thu Jun 07 23:23:38 UTC 2018 /home/travis/build/icyphy/ptII/ptolemy/domains/de/test/auto/AssemblyLine.xml
----------------- Instantiating /home/travis/build/icyphy/ptII/ptolemy/domains/de/test/auto/AssemblyLine.xml
2 ms. Memory: 647168K Free: 294704K (46%)
----------------- Invoking toplevel() on ptolemy.moml.MoMLSimpleApplication@76a74948
----------------- Done invoking toplevel() on ptolemy.moml.MoMLSimpleApplication@76a74948
reloadAllAccessors: .AssemblyLine

===========================================================================================
----------------- testing Thu Jun 07 23:23:38 UTC 2018 /home/travis/build/icyphy/ptII/ptolemy/domains/de/test/auto/CQBug1.xml
----------------- Instantiating /home/travis/build/icyphy/ptII/ptolemy/domains/de/test/auto/CQBug1.xml
0 ms. Memory: 647168K Free: 272114K (42%)
----------------- Invoking toplevel() on ptolemy.moml.MoMLSimpleApplication@39eb5e10
----------------- Done invoking toplevel() on ptolemy.moml.MoMLSimpleApplication@39eb5e10
reloadAllAccessors: .CQBug1

===========================================================================================
----------------- testing Thu Jun 07 23:23:38 UTC 2018 /home/travis/build/icyphy/ptII/ptolemy/domains/de/test/auto/CancelFireAt.xml
----------------- Instantiating /home/travis/build/icyphy/ptII/ptolemy/domains/de/test/auto/CancelFireAt.xml
1 ms. Memory: 647168K Free: 249525K (39%)
----------------- Invoking toplevel() on ptolemy.moml.MoMLSimpleApplication@3f3ea42b
----------------- Done invoking toplevel() on ptolemy.moml.MoMLSimpleApplication@3f3ea42b
reloadAllAccessors: .CancelFireAt

===========================================================================================
----------------- testing Thu Jun 07 23:23:38 UTC 2018 /home/travis/build/icyphy/ptII/ptolemy/domains/de/test/auto/CausalityAndComposabilityAnalysis.xml
----------------- Instantiating /home/travis/build/icyphy/ptII/ptolemy/domains/de/test/auto/CausalityAndComposabilityAnalysis.xml
1 ms. Memory: 647168K Free: 226935K (35%)
----------------- Invoking toplevel() on ptolemy.moml.MoMLSimpleApplication@69c7fb31
----------------- Done invoking toplevel() on ptolemy.moml.MoMLSimpleApplication@69c7fb31
reloadAllAccessors: .CausalityAndComposabilityAnalysis

===========================================================================================
----------------- testing Thu Jun 07 23:23:38 UTC 2018 /home/travis/build/icyphy/ptII/ptolemy/domains/de/test/auto/CausalityInterface1.xml
----------------- Instantiating /home/travis/build/icyphy/ptII/ptolemy/domains/de/test/auto/CausalityInterface1.xml
2 ms. Memory: 647168K Free: 204346K (32%)
----------------- Invoking toplevel() on ptolemy.moml.MoMLSimpleApplication@272113b4
----------------- Done invoking toplevel() on ptolemy.moml.MoMLSimpleApplication@272113b4
reloadAllAccessors: .CausalityInterface1

===========================================================================================
----------------- testing Thu Jun 07 23:23:38 UTC 2018 /home/travis/build/icyphy/ptII/ptolemy/domains/de/test/auto/CausalityInterface15.xml
----------------- Instantiating /home/travis/build/icyphy/ptII/ptolemy/domains/de/test/auto/CausalityInterface15.xml
1 ms. Memory: 647168K Free: 181756K (28%)
----------------- Invoking toplevel() on ptolemy.moml.MoMLSimpleApplication@3f3089b9
----------------- Done invoking toplevel() on ptolemy.moml.MoMLSimpleApplication@3f3089b9
reloadAllAccessors: .CausalityInterface15

[...]
java.lang.RuntimeException: Execution failed
	at ptolemy.moml.MoMLSimpleApplication$UnloadThread.run(MoMLSimpleApplication.java:402)
Caused by: ptolemy.kernel.util.IllegalActionException: Test fails in iteration 1.
Value was: 1.0. Should have been: 2.0
  in .DirectFeedback.Test
	at ptolemy.actor.lib.Test.fire(Test.java:268)
	at ptolemy.domains.de.kernel.DEDirector._fire(DEDirector.java:1948)
	at ptolemy.domains.de.kernel.DEDirector.fire(DEDirector.java:502)
	at ptolemy.actor.CompositeActor.fire(CompositeActor.java:455)
	at ptolemy.actor.Manager.iterate(Manager.java:851)
	at ptolemy.actor.Manager.execute(Manager.java:369)
	at ptolemy.actor.Manager.run(Manager.java:1263)
	at ptolemy.actor.Manager$PtolemyRunThread.run(Manager.java:1915)
java.lang.RuntimeException: Execution failed
	at ptolemy.moml.MoMLSimpleApplication$UnloadThread.run(MoMLSimpleApplication.java:402)
Caused by: ptolemy.kernel.util.IllegalActionException: Actor is not ready to fire.  Perhaps UpSample.prefire() returned false? Try debugging the actor by selecting "Listen to Actor".  Also, for SDF check moml for tokenConsumptionRate on input.
  in .DESDFClockTest.Play Bell.Copy1:SDF Director and .DESDFClockTest.Play Bell.UpSample
	at ptolemy.actor.sched.StaticSchedulingDirector.fire(StaticSchedulingDirector.java:227)
	at ptolemy.domains.sdf.kernel.SDFDirector.fire(SDFDirector.java:500)
	at ptolemy.actor.CompositeActor.fire(CompositeActor.java:455)
	at ptolemy.domains.de.kernel.DEDirector._fire(DEDirector.java:1948)
	at ptolemy.domains.de.kernel.DEDirector.fire(DEDirector.java:502)
	at ptolemy.actor.CompositeActor.fire(CompositeActor.java:455)
	at ptolemy.actor.Manager.iterate(Manager.java:851)
	at ptolemy.actor.Manager.execute(Manager.java:369)
	at ptolemy.actor.Manager.run(Manager.java:1263)
	at ptolemy.actor.Manager$PtolemyRunThread.run(Manager.java:1915)
java.lang.reflect.InvocationTargetException
	at sun.reflect.NativeConstructorAccessorImpl.newInstance0(Native Method)
	at sun.reflect.NativeConstructorAccessorImpl.newInstance(NativeConstructorAccessorImpl.java:62)
	at sun.reflect.DelegatingConstructorAccessorImpl.newInstance(DelegatingConstructorAccessorImpl.java:45)
	at java.lang.reflect.Constructor.newInstance(Constructor.java:423)
	at ptolemy.util.test.junit.AutoKnownFailedTests.RunModel(AutoKnownFailedTests.java:107)
	at sun.reflect.NativeMethodAccessorImpl.invoke0(Native Method)
	at sun.reflect.NativeMethodAccessorImpl.invoke(NativeMethodAccessorImpl.java:62)
	at sun.reflect.DelegatingMethodAccessorImpl.invoke(DelegatingMethodAccessorImpl.java:43)
	at java.lang.reflect.Method.invoke(Method.java:498)
	at org.junit.runners.model.FrameworkMethod$1.runReflectiveCall(FrameworkMethod.java:44)
	at org.junit.internal.runners.model.ReflectiveCallable.run(ReflectiveCallable.java:15)
	at org.junit.runners.model.FrameworkMethod.invokeExplosively(FrameworkMethod.java:41)
	at junitparams.internal.InvokeParameterisedMethod.evaluate(InvokeParameterisedMethod.java:102)
	at org.junit.internal.runners.statements.FailOnTimeout$1.run(FailOnTimeout.java:28)
Caused by: ptolemy.kernel.util.IllegalActionException: Actor is not ready to fire.  Perhaps UpSample.prefire() returned false? Try debugging the actor by selecting "Listen to Actor".  Also, for SDF check moml for tokenConsumptionRate on input.
  in .DESDFClockTest.Play Bell.Copy1:SDF Director and .DESDFClockTest.Play Bell.UpSample
	at ptolemy.actor.sched.StaticSchedulingDirector.fire(StaticSchedulingDirector.java:227)
	at ptolemy.domains.sdf.kernel.SDFDirector.fire(SDFDirector.java:500)
	at ptolemy.actor.CompositeActor.fire(CompositeActor.java:455)
	at ptolemy.domains.de.kernel.DEDirector._fire(DEDirector.java:1948)
	at ptolemy.domains.de.kernel.DEDirector.fire(DEDirector.java:502)
	at ptolemy.actor.CompositeActor.fire(CompositeActor.java:455)
	at ptolemy.actor.Manager.iterate(Manager.java:851)
	at ptolemy.actor.Manager.execute(Manager.java:369)
	at ptolemy.actor.Manager.run(Manager.java:1263)
	at ptolemy.actor.Manager$PtolemyRunThread.run(Manager.java:1915)
java.lang.RuntimeException: Execution failed
	at ptolemy.moml.MoMLSimpleApplication$UnloadThread.run(MoMLSimpleApplication.java:402)
Caused by: ptolemy.kernel.util.IllegalActionException: Test fails in iteration 1.
Value was: 1.0. Should have been: 2.0
  in .DirectFeedback.Test
	at ptolemy.actor.lib.Test.fire(Test.java:268)
	at ptolemy.domains.de.kernel.DEDirector._fire(DEDirector.java:1948)
	at ptolemy.domains.de.kernel.DEDirector.fire(DEDirector.java:502)
	at ptolemy.actor.CompositeActor.fire(CompositeActor.java:455)
	at ptolemy.actor.Manager.iterate(Manager.java:851)
	at ptolemy.actor.Manager.execute(Manager.java:369)
	at ptolemy.actor.Manager.run(Manager.java:1263)
	at ptolemy.actor.Manager$PtolemyRunThread.run(Manager.java:1915)
java.lang.reflect.InvocationTargetException
	at sun.reflect.NativeConstructorAccessorImpl.newInstance0(Native Method)
	at sun.reflect.NativeConstructorAccessorImpl.newInstance(NativeConstructorAccessorImpl.java:62)
	at sun.reflect.DelegatingConstructorAccessorImpl.newInstance(DelegatingConstructorAccessorImpl.java:45)
	at java.lang.reflect.Constructor.newInstance(Constructor.java:423)
	at ptolemy.util.test.junit.AutoKnownFailedTests.RunModel(AutoKnownFailedTests.java:107)
	at sun.reflect.NativeMethodAccessorImpl.invoke0(Native Method)
	at sun.reflect.NativeMethodAccessorImpl.invoke(NativeMethodAccessorImpl.java:62)
	at sun.reflect.DelegatingMethodAccessorImpl.invoke(DelegatingMethodAccessorImpl.java:43)
	at java.lang.reflect.Method.invoke(Method.java:498)
	at org.junit.runners.model.FrameworkMethod$1.runReflectiveCall(FrameworkMethod.java:44)
	at org.junit.internal.runners.model.ReflectiveCallable.run(ReflectiveCallable.java:15)
	at org.junit.runners.model.FrameworkMethod.invokeExplosively(FrameworkMethod.java:41)
	at junitparams.internal.InvokeParameterisedMethod.evaluate(InvokeParameterisedMethod.java:102)
	at org.junit.internal.runners.statements.FailOnTimeout$1.run(FailOnTimeout.java:28)
Caused by: ptolemy.kernel.util.IllegalActionException: Test fails in iteration 1.
Value was: 1.0. Should have been: 2.0
  in .DirectFeedback.Test
	at ptolemy.actor.lib.Test.fire(Test.java:268)
	at ptolemy.domains.de.kernel.DEDirector._fire(DEDirector.java:1948)
	at ptolemy.domains.de.kernel.DEDirector.fire(DEDirector.java:502)
	at ptolemy.actor.CompositeActor.fire(CompositeActor.java:455)
	at ptolemy.actor.Manager.iterate(Manager.java:851)
	at ptolemy.actor.Manager.execute(Manager.java:369)
	at ptolemy.actor.Manager.run(Manager.java:1263)
	at ptolemy.actor.Manager$PtolemyRunThread.run(Manager.java:1915)
java.lang.RuntimeException: Execution failed
	at ptolemy.moml.MoMLSimpleApplication$UnloadThread.run(MoMLSimpleApplication.java:402)
Caused by: ptolemy.kernel.util.IllegalActionException: Found a zero delay loop containing .HierarchicalModel.A
  in .HierarchicalModel and .HierarchicalModel.A
	at ptolemy.actor.util.CausalityInterfaceForComposites._computeOutputPortDepth(CausalityInterfaceForComposites.java:759)
	at ptolemy.actor.util.CausalityInterfaceForComposites._computeInputDepth(CausalityInterfaceForComposites.java:696)
	at ptolemy.actor.util.CausalityInterfaceForComposites._computeOutputPortDepth(CausalityInterfaceForComposites.java:765)
	at ptolemy.actor.util.CausalityInterfaceForComposites._computeInputDepth(CausalityInterfaceForComposites.java:696)
	at ptolemy.actor.util.CausalityInterfaceForComposites._computeOutputPortDepth(CausalityInterfaceForComposites.java:765)
	at ptolemy.actor.util.CausalityInterfaceForComposites._computeInputDepth(CausalityInterfaceForComposites.java:696)
	at ptolemy.actor.util.CausalityInterfaceForComposites._computeActorDepth(CausalityInterfaceForComposites.java:532)
	at ptolemy.actor.util.CausalityInterfaceForComposites.checkForCycles(CausalityInterfaceForComposites.java:96)
	at ptolemy.domains.de.kernel.DEDirector.preinitialize(DEDirector.java:1337)
	at ptolemy.actor.CompositeActor.preinitialize(CompositeActor.java:1828)
	at ptolemy.actor.Manager.preinitializeAndResolveTypes(Manager.java:1040)
	at ptolemy.actor.Manager.initialize(Manager.java:710)
	at ptolemy.actor.Manager.execute(Manager.java:356)
	at ptolemy.actor.Manager.run(Manager.java:1263)
	at ptolemy.actor.Manager$PtolemyRunThread.run(Manager.java:1915)
java.lang.reflect.InvocationTargetException
	at sun.reflect.NativeConstructorAccessorImpl.newInstance0(Native Method)
	at sun.reflect.NativeConstructorAccessorImpl.newInstance(NativeConstructorAccessorImpl.java:62)
	at sun.reflect.DelegatingConstructorAccessorImpl.newInstance(DelegatingConstructorAccessorImpl.java:45)
	at java.lang.reflect.Constructor.newInstance(Constructor.java:423)
	at ptolemy.util.test.junit.AutoKnownFailedTests.RunModel(AutoKnownFailedTests.java:107)
	at sun.reflect.NativeMethodAccessorImpl.invoke0(Native Method)
	at sun.reflect.NativeMethodAccessorImpl.invoke(NativeMethodAccessorImpl.java:62)
	at sun.reflect.DelegatingMethodAccessorImpl.invoke(DelegatingMethodAccessorImpl.java:43)
	at java.lang.reflect.Method.invoke(Method.java:498)
	at org.junit.runners.model.FrameworkMethod$1.runReflectiveCall(FrameworkMethod.java:44)
	at org.junit.internal.runners.model.ReflectiveCallable.run(ReflectiveCallable.java:15)
	at org.junit.runners.model.FrameworkMethod.invokeExplosively(FrameworkMethod.java:41)
	at junitparams.internal.InvokeParameterisedMethod.evaluate(InvokeParameterisedMethod.java:102)
	at org.junit.internal.runners.statements.FailOnTimeout$1.run(FailOnTimeout.java:28)
Caused by: ptolemy.kernel.util.IllegalActionException: Found a zero delay loop containing .HierarchicalModel.A
  in .HierarchicalModel and .HierarchicalModel.A
	at ptolemy.actor.util.CausalityInterfaceForComposites._computeOutputPortDepth(CausalityInterfaceForComposites.java:759)
	at ptolemy.actor.util.CausalityInterfaceForComposites._computeInputDepth(CausalityInterfaceForComposites.java:696)
	at ptolemy.actor.util.CausalityInterfaceForComposites._computeOutputPortDepth(CausalityInterfaceForComposites.java:765)
	at ptolemy.actor.util.CausalityInterfaceForComposites._computeInputDepth(CausalityInterfaceForComposites.java:696)
	at ptolemy.actor.util.CausalityInterfaceForComposites._computeOutputPortDepth(CausalityInterfaceForComposites.java:765)
	at ptolemy.actor.util.CausalityInterfaceForComposites._computeInputDepth(CausalityInterfaceForComposites.java:696)
	at ptolemy.actor.util.CausalityInterfaceForComposites._computeActorDepth(CausalityInterfaceForComposites.java:532)
	at ptolemy.actor.util.CausalityInterfaceForComposites.checkForCycles(CausalityInterfaceForComposites.java:96)
	at ptolemy.domains.de.kernel.DEDirector.preinitialize(DEDirector.java:1337)
	at ptolemy.actor.CompositeActor.preinitialize(CompositeActor.java:1828)
	at ptolemy.actor.Manager.preinitializeAndResolveTypes(Manager.java:1040)
	at ptolemy.actor.Manager.initialize(Manager.java:710)
	at ptolemy.actor.Manager.execute(Manager.java:356)
	at ptolemy.actor.Manager.run(Manager.java:1263)
	at ptolemy.actor.Manager$PtolemyRunThread.run(Manager.java:1915)
java.lang.RuntimeException: Execution failed
	at ptolemy.moml.MoMLSimpleApplication$UnloadThread.run(MoMLSimpleApplication.java:402)
Caused by: ptolemy.kernel.util.IllegalActionException: Found a zero delay loop containing .dependencyLoop.original
  in .dependencyLoop and .dependencyLoop.original
	at ptolemy.actor.util.CausalityInterfaceForComposites._computeOutputPortDepth(CausalityInterfaceForComposites.java:759)
	at ptolemy.actor.util.CausalityInterfaceForComposites._computeInputDepth(CausalityInterfaceForComposites.java:696)
	at ptolemy.actor.util.CausalityInterfaceForComposites._computeOutputPortDepth(CausalityInterfaceForComposites.java:765)
	at ptolemy.actor.util.CausalityInterfaceForComposites._computeInputDepth(CausalityInterfaceForComposites.java:696)
	at ptolemy.actor.util.CausalityInterfaceForComposites._computeOutputPortDepth(CausalityInterfaceForComposites.java:765)
	at ptolemy.actor.util.CausalityInterfaceForComposites._computeInputDepth(CausalityInterfaceForComposites.java:696)
	at ptolemy.actor.util.CausalityInterfaceForComposites._computeActorDepth(CausalityInterfaceForComposites.java:532)
	at ptolemy.actor.util.CausalityInterfaceForComposites.checkForCycles(CausalityInterfaceForComposites.java:96)
	at ptolemy.domains.de.kernel.DEDirector.preinitialize(DEDirector.java:1337)
	at ptolemy.actor.CompositeActor.preinitialize(CompositeActor.java:1828)
	at ptolemy.actor.Manager.preinitializeAndResolveTypes(Manager.java:1040)
	at ptolemy.actor.Manager.initialize(Manager.java:710)
	at ptolemy.actor.Manager.execute(Manager.java:356)
	at ptolemy.actor.Manager.run(Manager.java:1263)
	at ptolemy.actor.Manager$PtolemyRunThread.run(Manager.java:1915)
java.lang.reflect.InvocationTargetException
	at sun.reflect.NativeConstructorAccessorImpl.newInstance0(Native Method)
	at sun.reflect.NativeConstructorAccessorImpl.newInstance(NativeConstructorAccessorImpl.java:62)
	at sun.reflect.DelegatingConstructorAccessorImpl.newInstance(DelegatingConstructorAccessorImpl.java:45)
	at java.lang.reflect.Constructor.newInstance(Constructor.java:423)
	at ptolemy.util.test.junit.AutoKnownFailedTests.RunModel(AutoKnownFailedTests.java:107)
	at sun.reflect.NativeMethodAccessorImpl.invoke0(Native Method)
	at sun.reflect.NativeMethodAccessorImpl.invoke(NativeMethodAccessorImpl.java:62)
	at sun.reflect.DelegatingMethodAccessorImpl.invoke(DelegatingMethodAccessorImpl.java:43)
	at java.lang.reflect.Method.invoke(Method.java:498)
	at org.junit.runners.model.FrameworkMethod$1.runReflectiveCall(FrameworkMethod.java:44)
	at org.junit.internal.runners.model.ReflectiveCallable.run(ReflectiveCallable.java:15)
	at org.junit.runners.model.FrameworkMethod.invokeExplosively(FrameworkMethod.java:41)
	at junitparams.internal.InvokeParameterisedMethod.evaluate(InvokeParameterisedMethod.java:102)
	at org.junit.internal.runners.statements.FailOnTimeout$1.run(FailOnTimeout.java:28)
Caused by: ptolemy.kernel.util.IllegalActionException: Found a zero delay loop containing .dependencyLoop.original
  in .dependencyLoop and .dependencyLoop.original
	at ptolemy.actor.util.CausalityInterfaceForComposites._computeOutputPortDepth(CausalityInterfaceForComposites.java:759)
	at ptolemy.actor.util.CausalityInterfaceForComposites._computeInputDepth(CausalityInterfaceForComposites.java:696)
	at ptolemy.actor.util.CausalityInterfaceForComposites._computeOutputPortDepth(CausalityInterfaceForComposites.java:765)
	at ptolemy.actor.util.CausalityInterfaceForComposites._computeInputDepth(CausalityInterfaceForComposites.java:696)
	at ptolemy.actor.util.CausalityInterfaceForComposites._computeOutputPortDepth(CausalityInterfaceForComposites.java:765)
	at ptolemy.actor.util.CausalityInterfaceForComposites._computeInputDepth(CausalityInterfaceForComposites.java:696)
	at ptolemy.actor.util.CausalityInterfaceForComposites._computeActorDepth(CausalityInterfaceForComposites.java:532)
	at ptolemy.actor.util.CausalityInterfaceForComposites.checkForCycles(CausalityInterfaceForComposites.java:96)
	at ptolemy.domains.de.kernel.DEDirector.preinitialize(DEDirector.java:1337)
	at ptolemy.actor.CompositeActor.preinitialize(CompositeActor.java:1828)
	at ptolemy.actor.Manager.preinitializeAndResolveTypes(Manager.java:1040)
	at ptolemy.actor.Manager.initialize(Manager.java:710)
	at ptolemy.actor.Manager.execute(Manager.java:356)
	at ptolemy.actor.Manager.run(Manager.java:1263)
	at ptolemy.actor.Manager$PtolemyRunThread.run(Manager.java:1915)
java.lang.RuntimeException: Execution failed
	at ptolemy.moml.MoMLSimpleApplication$UnloadThread.run(MoMLSimpleApplication.java:402)
Caused by: ptolemy.kernel.util.IllegalActionException: Found a zero delay loop containing .dependencyLoop2.original
  in .dependencyLoop2 and .dependencyLoop2.original
	at ptolemy.actor.util.CausalityInterfaceForComposites._computeOutputPortDepth(CausalityInterfaceForComposites.java:759)
	at ptolemy.actor.util.CausalityInterfaceForComposites._computeInputDepth(CausalityInterfaceForComposites.java:696)
	at ptolemy.actor.util.CausalityInterfaceForComposites._computeOutputPortDepth(CausalityInterfaceForComposites.java:765)
	at ptolemy.actor.util.CausalityInterfaceForComposites._computeInputDepth(CausalityInterfaceForComposites.java:696)
	at ptolemy.actor.util.CausalityInterfaceForComposites._computeOutputPortDepth(CausalityInterfaceForComposites.java:765)
	at ptolemy.actor.util.CausalityInterfaceForComposites._computeInputDepth(CausalityInterfaceForComposites.java:696)
	at ptolemy.actor.util.CausalityInterfaceForComposites._computeActorDepth(CausalityInterfaceForComposites.java:532)
	at ptolemy.actor.util.CausalityInterfaceForComposites.checkForCycles(CausalityInterfaceForComposites.java:96)
	at ptolemy.domains.de.kernel.DEDirector.preinitialize(DEDirector.java:1337)
	at ptolemy.actor.CompositeActor.preinitialize(CompositeActor.java:1828)
	at ptolemy.actor.Manager.preinitializeAndResolveTypes(Manager.java:1040)
	at ptolemy.actor.Manager.initialize(Manager.java:710)
	at ptolemy.actor.Manager.execute(Manager.java:356)
	at ptolemy.actor.Manager.run(Manager.java:1263)
	at ptolemy.actor.Manager$PtolemyRunThread.run(Manager.java:1915)
java.lang.reflect.InvocationTargetException
	at sun.reflect.NativeConstructorAccessorImpl.newInstance0(Native Method)
	at sun.reflect.NativeConstructorAccessorImpl.newInstance(NativeConstructorAccessorImpl.java:62)
	at sun.reflect.DelegatingConstructorAccessorImpl.newInstance(DelegatingConstructorAccessorImpl.java:45)
	at java.lang.reflect.Constructor.newInstance(Constructor.java:423)
	at ptolemy.util.test.junit.AutoKnownFailedTests.RunModel(AutoKnownFailedTests.java:107)
	at sun.reflect.NativeMethodAccessorImpl.invoke0(Native Method)
	at sun.reflect.NativeMethodAccessorImpl.invoke(NativeMethodAccessorImpl.java:62)
	at sun.reflect.DelegatingMethodAccessorImpl.invoke(DelegatingMethodAccessorImpl.java:43)
	at java.lang.reflect.Method.invoke(Method.java:498)
	at org.junit.runners.model.FrameworkMethod$1.runReflectiveCall(FrameworkMethod.java:44)
	at org.junit.internal.runners.model.ReflectiveCallable.run(ReflectiveCallable.java:15)
	at org.junit.runners.model.FrameworkMethod.invokeExplosively(FrameworkMethod.java:41)
	at junitparams.internal.InvokeParameterisedMethod.evaluate(InvokeParameterisedMethod.java:102)
	at org.junit.internal.runners.statements.FailOnTimeout$1.run(FailOnTimeout.java:28)
Caused by: ptolemy.kernel.util.IllegalActionException: Found a zero delay loop containing .dependencyLoop2.original
  in .dependencyLoop2 and .dependencyLoop2.original
	at ptolemy.actor.util.CausalityInterfaceForComposites._computeOutputPortDepth(CausalityInterfaceForComposites.java:759)
	at ptolemy.actor.util.CausalityInterfaceForComposites._computeInputDepth(CausalityInterfaceForComposites.java:696)
	at ptolemy.actor.util.CausalityInterfaceForComposites._computeOutputPortDepth(CausalityInterfaceForComposites.java:765)
	at ptolemy.actor.util.CausalityInterfaceForComposites._computeInputDepth(CausalityInterfaceForComposites.java:696)
	at ptolemy.actor.util.CausalityInterfaceForComposites._computeOutputPortDepth(CausalityInterfaceForComposites.java:765)
	at ptolemy.actor.util.CausalityInterfaceForComposites._computeInputDepth(CausalityInterfaceForComposites.java:696)
	at ptolemy.actor.util.CausalityInterfaceForComposites._computeActorDepth(CausalityInterfaceForComposites.java:532)
	at ptolemy.actor.util.CausalityInterfaceForComposites.checkForCycles(CausalityInterfaceForComposites.java:96)
	at ptolemy.domains.de.kernel.DEDirector.preinitialize(DEDirector.java:1337)
	at ptolemy.actor.CompositeActor.preinitialize(CompositeActor.java:1828)
	at ptolemy.actor.Manager.preinitializeAndResolveTypes(Manager.java:1040)
	at ptolemy.actor.Manager.initialize(Manager.java:710)
	at ptolemy.actor.Manager.execute(Manager.java:356)
	at ptolemy.actor.Manager.run(Manager.java:1263)
	at ptolemy.actor.Manager$PtolemyRunThread.run(Manager.java:1915)
]]></system-err>
</testsuite>
