<?xml version="1.0" encoding="UTF-8" ?>
<testsuite errors="0" failures="0" hostname="travis-job-e2df73b4-3f8b-443d-b88a-12df1506c98e" name="ptolemy.domains.de.test.junit.JUnitTclTest" skipped="0" tests="101" time="127.421" timestamp="2018-06-07T18:33:26">
  <properties>
[...]
</properties>
  <testcase classname="ptolemy.util.test.junit.TclTests" name="[0] /home/travis/build/icyphy/ptII/ptolemy/domains/de/test/DependencyLoop.tcl (RunTclFile)" time="0.761" />
  <testcase classname="ptolemy.util.test.junit.TclTests" name="[1] /home/travis/build/icyphy/ptII/ptolemy/domains/de/test/RunDETestsAsQSS.tcl (RunTclFile)" time="87.156" />
  <testcase classname="ptolemy.util.test.junit.AutoKnownFailedTests" name="[0] /home/travis/build/icyphy/ptII/ptolemy/domains/de/test/auto/knownFailedTests/DESDFClockTest.xml (RunModel)" time="2.024" />
  <testcase classname="ptolemy.util.test.junit.AutoKnownFailedTests" name="[1] /home/travis/build/icyphy/ptII/ptolemy/domains/de/test/auto/knownFailedTests/DirectFeedback.xml (RunModel)" time="0.012" />
  <testcase classname="ptolemy.util.test.junit.AutoKnownFailedTests" name="[2] /home/travis/build/icyphy/ptII/ptolemy/domains/de/test/auto/knownFailedTests/FSMSource.xml (RunModel)" time="0.016" />
  <testcase classname="ptolemy.util.test.junit.AutoKnownFailedTests" name="[3] /home/travis/build/icyphy/ptII/ptolemy/domains/de/test/auto/knownFailedTests/HierarchicalModel.xml (RunModel)" time="0.026" />
  <testcase classname="ptolemy.util.test.junit.AutoKnownFailedTests" name="[4] /home/travis/build/icyphy/ptII/ptolemy/domains/de/test/auto/knownFailedTests/dependencyLoop.xml (RunModel)" time="0.022" />
  <testcase classname="ptolemy.util.test.junit.AutoKnownFailedTests" name="[5] /home/travis/build/icyphy/ptII/ptolemy/domains/de/test/auto/knownFailedTests/dependencyLoop2.xml (RunModel)" time="0.023" />
  <testcase classname="ptolemy.util.test.junit.AutoNameArchTests" name="[0] ThereAreNoAutoArchTests (RunModel)" time="0.0" />
  <testcase classname="ptolemy.util.test.junit.AutoTests" name="[0] /home/travis/build/icyphy/ptII/ptolemy/domains/de/test/auto/ActorDepthCalculation_actorWithoutPorts.xml (RunModel)" time="0.008" />
  <testcase classname="ptolemy.util.test.junit.AutoTests" name="[1] /home/travis/build/icyphy/ptII/ptolemy/domains/de/test/auto/AssemblyLine.xml (RunModel)" time="0.011" />
  <testcase classname="ptolemy.util.test.junit.AutoTests" name="[2] /home/travis/build/icyphy/ptII/ptolemy/domains/de/test/auto/CQBug1.xml (RunModel)" time="0.005" />
  <testcase classname="ptolemy.util.test.junit.AutoTests" name="[3] /home/travis/build/icyphy/ptII/ptolemy/domains/de/test/auto/CancelFireAt.xml (RunModel)" time="0.008" />
  <testcase classname="ptolemy.util.test.junit.AutoTests" name="[4] /home/travis/build/icyphy/ptII/ptolemy/domains/de/test/auto/CausalityAndComposabilityAnalysis.xml (RunModel)" time="0.009" />
  <testcase classname="ptolemy.util.test.junit.AutoTests" name="[5] /home/travis/build/icyphy/ptII/ptolemy/domains/de/test/auto/CausalityInterface1.xml (RunModel)" time="0.008" />
  <testcase classname="ptolemy.util.test.junit.AutoTests" name="[6] /home/travis/build/icyphy/ptII/ptolemy/domains/de/test/auto/CausalityInterface15.xml (RunModel)" time="0.009" />
  <testcase classname="ptolemy.util.test.junit.AutoTests" name="[7] /home/travis/build/icyphy/ptII/ptolemy/domains/de/test/auto/CausalityInterface2.xml (RunModel)" time="0.006" />
  <testcase classname="ptolemy.util.test.junit.AutoTests" name="[8] /home/travis/build/icyphy/ptII/ptolemy/domains/de/test/auto/CausalityInterface3.xml (RunModel)" time="0.008" />
  <testcase classname="ptolemy.util.test.junit.AutoTests" name="[9] /home/travis/build/icyphy/ptII/ptolemy/domains/de/test/auto/ClockDrift.xml (RunModel)" time="0.023" />
  <testcase classname="ptolemy.util.test.junit.AutoTests" name="[10] /home/travis/build/icyphy/ptII/ptolemy/domains/de/test/auto/ClockDriftAndValueChange.xml (RunModel)" time="0.022" />
  <testcase classname="ptolemy.util.test.junit.AutoTests" name="[11] /home/travis/build/icyphy/ptII/ptolemy/domains/de/test/auto/ClockDriftChange.xml (RunModel)" time="0.018" />
  <testcase classname="ptolemy.util.test.junit.AutoTests" name="[12] /home/travis/build/icyphy/ptII/ptolemy/domains/de/test/auto/ComposableCausalityAnalysis.xml (RunModel)" time="0.015" />
  <testcase classname="ptolemy.util.test.junit.AutoTests" name="[13] /home/travis/build/icyphy/ptII/ptolemy/domains/de/test/auto/DEFixedPointLimitation.xml (RunModel)" time="0.007" />
  <testcase classname="ptolemy.util.test.junit.AutoTests" name="[14] /home/travis/build/icyphy/ptII/ptolemy/domains/de/test/auto/DEScheduleTest.xml (RunModel)" time="0.028" />
  <testcase classname="ptolemy.util.test.junit.AutoTests" name="[15] /home/travis/build/icyphy/ptII/ptolemy/domains/de/test/auto/DEinDEwithStartTimes.xml (RunModel)" time="0.014" />
  <testcase classname="ptolemy.util.test.junit.AutoTests" name="[16] /home/travis/build/icyphy/ptII/ptolemy/domains/de/test/auto/DEinDEwithStartTimes2.xml (RunModel)" time="0.012" />
  <testcase classname="ptolemy.util.test.junit.AutoTests" name="[17] /home/travis/build/icyphy/ptII/ptolemy/domains/de/test/auto/DateDemo.xml (RunModel)" time="0.027" />
  <testcase classname="ptolemy.util.test.junit.AutoTests" name="[18] /home/travis/build/icyphy/ptII/ptolemy/domains/de/test/auto/DateToEvent.xml (RunModel)" time="2.028" />
  <testcase classname="ptolemy.util.test.junit.AutoTests" name="[19] /home/travis/build/icyphy/ptII/ptolemy/domains/de/test/auto/DepthTest1.xml (RunModel)" time="0.011" />
  <testcase classname="ptolemy.util.test.junit.AutoTests" name="[20] /home/travis/build/icyphy/ptII/ptolemy/domains/de/test/auto/DepthTest2.xml (RunModel)" time="0.016" />
  <testcase classname="ptolemy.util.test.junit.AutoTests" name="[21] /home/travis/build/icyphy/ptII/ptolemy/domains/de/test/auto/DepthTest3.xml (RunModel)" time="0.005" />
  <testcase classname="ptolemy.util.test.junit.AutoTests" name="[22] /home/travis/build/icyphy/ptII/ptolemy/domains/de/test/auto/DepthTest4.xml (RunModel)" time="0.014" />
  <testcase classname="ptolemy.util.test.junit.AutoTests" name="[23] /home/travis/build/icyphy/ptII/ptolemy/domains/de/test/auto/DepthTest5.xml (RunModel)" time="0.011" />
  <testcase classname="ptolemy.util.test.junit.AutoTests" name="[24] /home/travis/build/icyphy/ptII/ptolemy/domains/de/test/auto/DepthTest6.xml (RunModel)" time="0.009" />
  <testcase classname="ptolemy.util.test.junit.AutoTests" name="[25] /home/travis/build/icyphy/ptII/ptolemy/domains/de/test/auto/DepthTest7.xml (RunModel)" time="0.011" />
  <testcase classname="ptolemy.util.test.junit.AutoTests" name="[26] /home/travis/build/icyphy/ptII/ptolemy/domains/de/test/auto/EventToDate.xml (RunModel)" time="3.023" />
  <testcase classname="ptolemy.util.test.junit.AutoTests" name="[27] /home/travis/build/icyphy/ptII/ptolemy/domains/de/test/auto/FSM1.xml (RunModel)" time="0.038" />
  <testcase classname="ptolemy.util.test.junit.AutoTests" name="[28] /home/travis/build/icyphy/ptII/ptolemy/domains/de/test/auto/FSM7.xml (RunModel)" time="0.062" />
  <testcase classname="ptolemy.util.test.junit.AutoTests" name="[29] /home/travis/build/icyphy/ptII/ptolemy/domains/de/test/auto/Inspection.xml (RunModel)" time="0.045" />
  <testcase classname="ptolemy.util.test.junit.AutoTests" name="[30] /home/travis/build/icyphy/ptII/ptolemy/domains/de/test/auto/Iteration.xml (RunModel)" time="0.024" />
  <testcase classname="ptolemy.util.test.junit.AutoTests" name="[31] /home/travis/build/icyphy/ptII/ptolemy/domains/de/test/auto/LineFault.xml (RunModel)" time="0.511" />
  <testcase classname="ptolemy.util.test.junit.AutoTests" name="[32] /home/travis/build/icyphy/ptII/ptolemy/domains/de/test/auto/MergeModel1Add.xml (RunModel)" time="0.034" />
  <testcase classname="ptolemy.util.test.junit.AutoTests" name="[33] /home/travis/build/icyphy/ptII/ptolemy/domains/de/test/auto/MergeModel2Add.xml (RunModel)" time="0.027" />
  <testcase classname="ptolemy.util.test.junit.AutoTests" name="[34] /home/travis/build/icyphy/ptII/ptolemy/domains/de/test/auto/MergeModel3Add.xml (RunModel)" time="0.029" />
  <testcase classname="ptolemy.util.test.junit.AutoTests" name="[35] /home/travis/build/icyphy/ptII/ptolemy/domains/de/test/auto/MergeWithoutDiscard.xml (RunModel)" time="0.008" />
  <testcase classname="ptolemy.util.test.junit.AutoTests" name="[36] /home/travis/build/icyphy/ptII/ptolemy/domains/de/test/auto/Modal1.xml (RunModel)" time="0.024" />
  <testcase classname="ptolemy.util.test.junit.AutoTests" name="[37] /home/travis/build/icyphy/ptII/ptolemy/domains/de/test/auto/Modal2.xml (RunModel)" time="0.022" />
  <testcase classname="ptolemy.util.test.junit.AutoTests" name="[38] /home/travis/build/icyphy/ptII/ptolemy/domains/de/test/auto/Modal3.xml (RunModel)" time="0.028" />
  <testcase classname="ptolemy.util.test.junit.AutoTests" name="[39] /home/travis/build/icyphy/ptII/ptolemy/domains/de/test/auto/Modal4.xml (RunModel)" time="0.027" />
  <testcase classname="ptolemy.util.test.junit.AutoTests" name="[40] /home/travis/build/icyphy/ptII/ptolemy/domains/de/test/auto/Modal5.xml (RunModel)" time="0.02" />
  <testcase classname="ptolemy.util.test.junit.AutoTests" name="[41] /home/travis/build/icyphy/ptII/ptolemy/domains/de/test/auto/Modal6.xml (RunModel)" time="0.021" />
  <testcase classname="ptolemy.util.test.junit.AutoTests" name="[42] /home/travis/build/icyphy/ptII/ptolemy/domains/de/test/auto/Modal7.xml (RunModel)" time="0.021" />
  <testcase classname="ptolemy.util.test.junit.AutoTests" name="[43] /home/travis/build/icyphy/ptII/ptolemy/domains/de/test/auto/ModalModel.xml (RunModel)" time="0.131" />
  <testcase classname="ptolemy.util.test.junit.AutoTests" name="[44] /home/travis/build/icyphy/ptII/ptolemy/domains/de/test/auto/ModalSource.xml (RunModel)" time="0.015" />
  <testcase classname="ptolemy.util.test.junit.AutoTests" name="[45] /home/travis/build/icyphy/ptII/ptolemy/domains/de/test/auto/NonInterruptibleTimerZeroDelay.xml (RunModel)" time="0.011" />
  <testcase classname="ptolemy.util.test.junit.AutoTests" name="[46] /home/travis/build/icyphy/ptII/ptolemy/domains/de/test/auto/OpenQueueingNetwork.xml (RunModel)" time="2.32" />
  <testcase classname="ptolemy.util.test.junit.AutoTests" name="[47] /home/travis/build/icyphy/ptII/ptolemy/domains/de/test/auto/OpenQueuingNetwork.xml (RunModel)" time="0.323" />
  <testcase classname="ptolemy.util.test.junit.AutoTests" name="[48] /home/travis/build/icyphy/ptII/ptolemy/domains/de/test/auto/PeriodicSampler.xml (RunModel)" time="0.009" />
  <testcase classname="ptolemy.util.test.junit.AutoTests" name="[49] /home/travis/build/icyphy/ptII/ptolemy/domains/de/test/auto/PersistentIO.xml (RunModel)" time="0.022" />
  <testcase classname="ptolemy.util.test.junit.AutoTests" name="[50] /home/travis/build/icyphy/ptII/ptolemy/domains/de/test/auto/PortParameterResetOnInitialize.xml (RunModel)" time="0.015" />
  <testcase classname="ptolemy.util.test.junit.AutoTests" name="[51] /home/travis/build/icyphy/ptII/ptolemy/domains/de/test/auto/PortParameterUpdates.xml (RunModel)" time="0.018" />
  <testcase classname="ptolemy.util.test.junit.AutoTests" name="[52] /home/travis/build/icyphy/ptII/ptolemy/domains/de/test/auto/QueueAndServer.xml (RunModel)" time="0.018" />
  <testcase classname="ptolemy.util.test.junit.AutoTests" name="[53] /home/travis/build/icyphy/ptII/ptolemy/domains/de/test/auto/Records.xml (RunModel)" time="0.013" />
  <testcase classname="ptolemy.util.test.junit.AutoTests" name="[54] /home/travis/build/icyphy/ptII/ptolemy/domains/de/test/auto/ResetTransitionWithStartTime1.xml (RunModel)" time="0.017" />
  <testcase classname="ptolemy.util.test.junit.AutoTests" name="[55] /home/travis/build/icyphy/ptII/ptolemy/domains/de/test/auto/ResetTransitionWithStartTime2.xml (RunModel)" time="0.02" />
  <testcase classname="ptolemy.util.test.junit.AutoTests" name="[56] /home/travis/build/icyphy/ptII/ptolemy/domains/de/test/auto/ResetTransitionWithStartTime3.xml (RunModel)" time="0.018" />
  <testcase classname="ptolemy.util.test.junit.AutoTests" name="[57] /home/travis/build/icyphy/ptII/ptolemy/domains/de/test/auto/ResetTransitionWithStartTime4.xml (RunModel)" time="0.022" />
  <testcase classname="ptolemy.util.test.junit.AutoTests" name="[58] /home/travis/build/icyphy/ptII/ptolemy/domains/de/test/auto/ResettableTimer1.xml (RunModel)" time="0.01" />
  <testcase classname="ptolemy.util.test.junit.AutoTests" name="[59] /home/travis/build/icyphy/ptII/ptolemy/domains/de/test/auto/ResettableTimer2.xml (RunModel)" time="0.009" />
  <testcase classname="ptolemy.util.test.junit.AutoTests" name="[60] /home/travis/build/icyphy/ptII/ptolemy/domains/de/test/auto/ResettableTimer3.xml (RunModel)" time="0.008" />
  <testcase classname="ptolemy.util.test.junit.AutoTests" name="[61] /home/travis/build/icyphy/ptII/ptolemy/domains/de/test/auto/ResettableTimer4.xml (RunModel)" time="0.007" />
  <testcase classname="ptolemy.util.test.junit.AutoTests" name="[62] /home/travis/build/icyphy/ptII/ptolemy/domains/de/test/auto/ResettableTimer5.xml (RunModel)" time="0.009" />
  <testcase classname="ptolemy.util.test.junit.AutoTests" name="[63] /home/travis/build/icyphy/ptII/ptolemy/domains/de/test/auto/ResettableTimer6.xml (RunModel)" time="0.011" />
  <testcase classname="ptolemy.util.test.junit.AutoTests" name="[64] /home/travis/build/icyphy/ptII/ptolemy/domains/de/test/auto/ServerZeroDelay.xml (RunModel)" time="0.009" />
  <testcase classname="ptolemy.util.test.junit.AutoTests" name="[65] /home/travis/build/icyphy/ptII/ptolemy/domains/de/test/auto/SmartSender.xml (RunModel)" time="3.009" />
  <testcase classname="ptolemy.util.test.junit.AutoTests" name="[66] /home/travis/build/icyphy/ptII/ptolemy/domains/de/test/auto/ThreadedComposite.xml (RunModel)" time="0.182" />
  <testcase classname="ptolemy.util.test.junit.AutoTests" name="[67] /home/travis/build/icyphy/ptII/ptolemy/domains/de/test/auto/Time.xml (RunModel)" time="0.414" />
  <testcase classname="ptolemy.util.test.junit.AutoTests" name="[68] /home/travis/build/icyphy/ptII/ptolemy/domains/de/test/auto/TimeDelayZeroDelay.xml (RunModel)" time="0.012" />
  <testcase classname="ptolemy.util.test.junit.AutoTests" name="[69] /home/travis/build/icyphy/ptII/ptolemy/domains/de/test/auto/TimerZeroDelay.xml (RunModel)" time="0.009" />
  <testcase classname="ptolemy.util.test.junit.AutoTests" name="[70] /home/travis/build/icyphy/ptII/ptolemy/domains/de/test/auto/TimingParadox.xml (RunModel)" time="0.375" />
  <testcase classname="ptolemy.util.test.junit.AutoTests" name="[71] /home/travis/build/icyphy/ptII/ptolemy/domains/de/test/auto/TransferInputs.xml (RunModel)" time="0.01" />
  <testcase classname="ptolemy.util.test.junit.AutoTests" name="[72] /home/travis/build/icyphy/ptII/ptolemy/domains/de/test/auto/TransferOutputs2.xml (RunModel)" time="0.016" />
  <testcase classname="ptolemy.util.test.junit.AutoTests" name="[73] /home/travis/build/icyphy/ptII/ptolemy/domains/de/test/auto/Trilateration.xml (RunModel)" time="11.163" />
  <testcase classname="ptolemy.util.test.junit.AutoTests" name="[74] /home/travis/build/icyphy/ptII/ptolemy/domains/de/test/auto/TwoSigmaDelta.xml (RunModel)" time="2.316" />
  <testcase classname="ptolemy.util.test.junit.AutoTests" name="[75] /home/travis/build/icyphy/ptII/ptolemy/domains/de/test/auto/VariableDelay.xml (RunModel)" time="0.01" />
  <testcase classname="ptolemy.util.test.junit.AutoTests" name="[76] /home/travis/build/icyphy/ptII/ptolemy/domains/de/test/auto/VariableDelay2.xml (RunModel)" time="0.009" />
  <testcase classname="ptolemy.util.test.junit.AutoTests" name="[77] /home/travis/build/icyphy/ptII/ptolemy/domains/de/test/auto/VariableDelayZeroDelay.xml (RunModel)" time="0.01" />
  <testcase classname="ptolemy.util.test.junit.AutoTests" name="[78] /home/travis/build/icyphy/ptII/ptolemy/domains/de/test/auto/VariableDelayZeroDelay2.xml (RunModel)" time="0.01" />
  <testcase classname="ptolemy.util.test.junit.AutoTests" name="[79] /home/travis/build/icyphy/ptII/ptolemy/domains/de/test/auto/deInCt.xml (RunModel)" time="0.016" />
  <testcase classname="ptolemy.util.test.junit.AutoTests" name="[80] /home/travis/build/icyphy/ptII/ptolemy/domains/de/test/auto/deInCt2.xml (RunModel)" time="0.029" />
  <testcase classname="ptolemy.util.test.junit.AutoTests" name="[81] /home/travis/build/icyphy/ptII/ptolemy/domains/de/test/auto/dynamicCausalityInterface1.xml (RunModel)" time="0.022" />
  <testcase classname="ptolemy.util.test.junit.AutoTests" name="[82] /home/travis/build/icyphy/ptII/ptolemy/domains/de/test/auto/fsm_de_test.xml (RunModel)" time="0.022" />
  <testcase classname="ptolemy.util.test.junit.AutoTests" name="[83] /home/travis/build/icyphy/ptII/ptolemy/domains/de/test/auto/functionDependencyReconstruction.xml (RunModel)" time="0.034" />
  <testcase classname="ptolemy.util.test.junit.AutoTests" name="[84] /home/travis/build/icyphy/ptII/ptolemy/domains/de/test/auto/multirate.xml (RunModel)" time="0.017" />
  <testcase classname="ptolemy.util.test.junit.AutoTests" name="[85] /home/travis/build/icyphy/ptII/ptolemy/domains/de/test/auto/multirate2.xml (RunModel)" time="0.018" />
  <testcase classname="ptolemy.util.test.junit.AutoTests" name="[86] /home/travis/build/icyphy/ptII/ptolemy/domains/de/test/auto/realtime.xml (RunModel)" time="10.012" />
  <testcase classname="ptolemy.util.test.junit.AutoTests" name="[87] /home/travis/build/icyphy/ptII/ptolemy/domains/de/test/auto/relationGroup.xml (RunModel)" time="0.008" />
  <testcase classname="ptolemy.util.test.junit.AutoTests" name="[88] /home/travis/build/icyphy/ptII/ptolemy/domains/de/test/auto/relationGroup2.xml (RunModel)" time="0.007" />
  <testcase classname="ptolemy.util.test.junit.AutoTests" name="[89] /home/travis/build/icyphy/ptII/ptolemy/domains/de/test/auto/sortWithOpaquePorts.xml (RunModel)" time="0.013" />
  <testcase classname="ptolemy.util.test.junit.AutoTests" name="[90] /home/travis/build/icyphy/ptII/ptolemy/domains/de/test/auto/transferInputsandOutputs.xml (RunModel)" time="0.014" />
  <testcase classname="ptolemy.util.test.junit.AutoTests" name="[91] /home/travis/build/icyphy/ptII/ptolemy/domains/de/test/auto/triggerType.xml (RunModel)" time="0.009" />
  <system-out><![CDATA[/home/travis/build/icyphy/ptII/ptolemy/domains/de/test/DependencyLoop.tcl
testDefs.tcl: setting time out to 9000 seconds at Thu Jun 07 18:33:26 UTC 2018
32 ms. Memory: 116224K Free: 95053K (82%)
7 ms. Memory: 116224K Free: 108317K (93%)
/home/travis/build/icyphy/ptII/ptolemy/domains/de/test/RunDETestsAsQSS.tcl
Run the DE tests using ptolemy.domains.qss.test.QSSDirectorTest, which extends QSSDirector and prints a message in the constructors.
------------------ testing $PTII/ptolemy/domains/de/test/auto/knownFailedTests/dependencyLoop.xml (Known Failure) 
7 ms. Memory: 116224K Free: 105157K (90%)


==== $PTIIhome/travis/build/icyphy/ptII/ptolemy/domains/de/test/../../../../: Auto Automatic test in file $PTII/ptolemy/domains/de/test/auto/knownFailedTests/dependencyLoop.xml
==== Contents of test case:

	    # FIXME: we should use $relativeFilename here, but it
	    # might have backslashes under Windows, which causes no end
	    # of trouble.
	    createAndExecute $file
	    list {}
	
.... Test generated KNOWN error:
    while executing
ptolemy.kernel.util.IllegalActionException: Found a zero delay loop containing .dependencyLoop.original
  in .dependencyLoop and .dependencyLoop.original
	at ptolemy.actor.util.CausalityInterfaceForComposites._computeOutputPortDepth(CausalityInterfaceForComposites.java:759)
	at ptolemy.actor.util.CausalityInterfaceForComposites._computeInputDepth(CausalityInterfaceForComposites.java:696)
	at ptolemy.actor.util.CausalityInterfaceForComposites._computeOutputPortDepth(CausalityInterfaceForComposites.java:765)
	at ptolemy.actor.util.CausalityInterfaceForComposites._computeInputDepth(CausalityInterfaceForComposites.java:696)
	at ptolemy.actor.util.CausalityInterfaceForComposites._computeOutputPortDepth(CausalityInterfaceForComposites.java:765)
	at ptolemy.actor.util.CausalityInterfaceForComposites._computeInputDepth(CausalityInterfaceForComposites.java:696)
	at ptolemy.actor.util.CausalityInterfaceForComposites._computeActorDepth(CausalityInterfaceForComposites.java:532)
	at ptolemy.actor.util.CausalityInterfaceForComposites.checkForCycles(CausalityInterfaceForComposites.java:96)
	at ptolemy.domains.de.kernel.DEDirector.preinitialize(DEDirector.java:1337)
	at ptolemy.actor.CompositeActor.preinitialize(CompositeActor.java:1828)
	at ptolemy.actor.Manager.preinitializeAndResolveTypes(Manager.java:1040)
	at ptolemy.actor.Manager.initialize(Manager.java:710)
	at ptolemy.actor.Manager.execute(Manager.java:356)
	at ptolemy.actor.Manager.run(Manager.java:1263)
	at ptolemy.actor.Manager$PtolemyRunThread.run(Manager.java:1915)

    while executing
ptolemy.kernel.util.IllegalActionException: Found a zero delay loop containing .dependencyLoop.original
  in .dependencyLoop and .dependencyLoop.original
    while executing
"java::new ptolemy.moml.MoMLSimpleApplication $file
"
    (procedure "createAndExecute" line 2)
    invoked from within
"createAndExecute $file"
    ("uplevel" body line 5)
    invoked from within
"uplevel $contents_of_test"
------------------ testing $PTII/ptolemy/domains/de/test/auto/knownFailedTests/DESDFClockTest.xml (Known Failure) 
2060 ms. Memory: 116224K Free: 89805K (77%)


==== $PTIIhome/travis/build/icyphy/ptII/ptolemy/domains/de/test/../../../../: Auto Automatic test in file $PTII/ptolemy/domains/de/test/auto/knownFailedTests/DESDFClockTest.xml
==== Contents of test case:

	    # FIXME: we should use $relativeFilename here, but it
	    # might have backslashes under Windows, which causes no end
	    # of trouble.
	    createAndExecute $file
	    list {}
	
.... Test generated KNOWN error:
    while executing
ptolemy.kernel.util.IllegalActionException: Actor is not ready to fire.  Perhaps UpSample.prefire() returned false? Try debugging the actor by selecting "Listen to Actor".  Also, for SDF check moml for tokenConsumptionRate on input.
  in .DESDFClockTest.Play Bell.Copy1:SDF Director and .DESDFClockTest.Play Bell.UpSample
	at ptolemy.actor.sched.StaticSchedulingDirector.fire(StaticSchedulingDirector.java:227)
	at ptolemy.domains.sdf.kernel.SDFDirector.fire(SDFDirector.java:500)
	at ptolemy.actor.CompositeActor.fire(CompositeActor.java:455)
	at ptolemy.domains.de.kernel.DEDirector._fire(DEDirector.java:1948)
	at ptolemy.domains.de.kernel.DEDirector.fire(DEDirector.java:502)
	at ptolemy.actor.CompositeActor.fire(CompositeActor.java:455)
	at ptolemy.actor.Manager.iterate(Manager.java:851)
	at ptolemy.actor.Manager.execute(Manager.java:369)
	at ptolemy.actor.Manager.run(Manager.java:1263)
	at ptolemy.actor.Manager$PtolemyRunThread.run(Manager.java:1915)

    while executing
ptolemy.kernel.util.IllegalActionException: Actor is not ready to fire.  Perhaps UpSample.prefire() returned false? Try debugging the actor by selecting "Listen to Actor".  Also, for SDF check moml for tokenConsumptionRate on input.
  in .DESDFClockTest.Play Bell.Copy1:SDF Director and .DESDFClockTest.Play Bell.UpSample
    while executing
"java::new ptolemy.moml.MoMLSimpleApplication $file
"
    (procedure "createAndExecute" line 2)
    invoked from within
"createAndExecute $file"
    ("uplevel" body line 5)
    invoked from within
"uplevel $contents_of_test"
------------------ testing $PTII/ptolemy/domains/de/test/auto/knownFailedTests/FSMSource.xml (Known Failure) 
27 ms. Memory: 116224K Free: 82008K (71%)
!!!! Auto was marked as failing, but now passes
------------------ testing $PTII/ptolemy/domains/de/test/auto/knownFailedTests/dependencyLoop2.xml (Known Failure) 
15 ms. Memory: 116224K Free: 110287K (95%)


==== $PTIIhome/travis/build/icyphy/ptII/ptolemy/domains/de/test/../../../../: Auto Automatic test in file $PTII/ptolemy/domains/de/test/auto/knownFailedTests/dependencyLoop2.xml
==== Contents of test case:

	    # FIXME: we should use $relativeFilename here, but it
	    # might have backslashes under Windows, which causes no end
	    # of trouble.
	    createAndExecute $file
	    list {}
	
.... Test generated KNOWN error:
    while executing
ptolemy.kernel.util.IllegalActionException: Found a zero delay loop containing .dependencyLoop2.original
  in .dependencyLoop2 and .dependencyLoop2.original
	at ptolemy.actor.util.CausalityInterfaceForComposites._computeOutputPortDepth(CausalityInterfaceForComposites.java:759)
	at ptolemy.actor.util.CausalityInterfaceForComposites._computeInputDepth(CausalityInterfaceForComposites.java:696)
	at ptolemy.actor.util.CausalityInterfaceForComposites._computeOutputPortDepth(CausalityInterfaceForComposites.java:765)
	at ptolemy.actor.util.CausalityInterfaceForComposites._computeInputDepth(CausalityInterfaceForComposites.java:696)
	at ptolemy.actor.util.CausalityInterfaceForComposites._computeOutputPortDepth(CausalityInterfaceForComposites.java:765)
	at ptolemy.actor.util.CausalityInterfaceForComposites._computeInputDepth(CausalityInterfaceForComposites.java:696)
	at ptolemy.actor.util.CausalityInterfaceForComposites._computeActorDepth(CausalityInterfaceForComposites.java:532)
	at ptolemy.actor.util.CausalityInterfaceForComposites.checkForCycles(CausalityInterfaceForComposites.java:96)
	at ptolemy.domains.de.kernel.DEDirector.preinitialize(DEDirector.java:1337)
	at ptolemy.actor.CompositeActor.preinitialize(CompositeActor.java:1828)
	at ptolemy.actor.Manager.preinitializeAndResolveTypes(Manager.java:1040)
	at ptolemy.actor.Manager.initialize(Manager.java:710)
	at ptolemy.actor.Manager.execute(Manager.java:356)
	at ptolemy.actor.Manager.run(Manager.java:1263)
	at ptolemy.actor.Manager$PtolemyRunThread.run(Manager.java:1915)

    while executing
ptolemy.kernel.util.IllegalActionException: Found a zero delay loop containing .dependencyLoop2.original
  in .dependencyLoop2 and .dependencyLoop2.original
    while executing
"java::new ptolemy.moml.MoMLSimpleApplication $file
"
    (procedure "createAndExecute" line 2)
    invoked from within
"createAndExecute $file"
    ("uplevel" body line 5)
    invoked from within
"uplevel $contents_of_test"
------------------ testing $PTII/ptolemy/domains/de/test/auto/knownFailedTests/HierarchicalModel.xml (Known Failure) 
5 ms. Memory: 116224K Free: 89774K (77%)


==== $PTIIhome/travis/build/icyphy/ptII/ptolemy/domains/de/test/../../../../: Auto Automatic test in file $PTII/ptolemy/domains/de/test/auto/knownFailedTests/HierarchicalModel.xml
==== Contents of test case:

	    # FIXME: we should use $relativeFilename here, but it
	    # might have backslashes under Windows, which causes no end
	    # of trouble.
	    createAndExecute $file
	    list {}
	
.... Test generated KNOWN error:
    while executing
ptolemy.kernel.util.IllegalActionException: Found a zero delay loop containing .HierarchicalModel.A
  in .HierarchicalModel and .HierarchicalModel.A
	at ptolemy.actor.util.CausalityInterfaceForComposites._computeOutputPortDepth(CausalityInterfaceForComposites.java:759)
	at ptolemy.actor.util.CausalityInterfaceForComposites._computeInputDepth(CausalityInterfaceForComposites.java:696)
	at ptolemy.actor.util.CausalityInterfaceForComposites._computeOutputPortDepth(CausalityInterfaceForComposites.java:765)
	at ptolemy.actor.util.CausalityInterfaceForComposites._computeInputDepth(CausalityInterfaceForComposites.java:696)
	at ptolemy.actor.util.CausalityInterfaceForComposites._computeOutputPortDepth(CausalityInterfaceForComposites.java:765)
	at ptolemy.actor.util.CausalityInterfaceForComposites._computeInputDepth(CausalityInterfaceForComposites.java:696)
	at ptolemy.actor.util.CausalityInterfaceForComposites._computeActorDepth(CausalityInterfaceForComposites.java:532)
	at ptolemy.actor.util.CausalityInterfaceForComposites.checkForCycles(CausalityInterfaceForComposites.java:96)
	at ptolemy.domains.de.kernel.DEDirector.preinitialize(DEDirector.java:1337)
	at ptolemy.actor.CompositeActor.preinitialize(CompositeActor.java:1828)
	at ptolemy.actor.Manager.preinitializeAndResolveTypes(Manager.java:1040)
	at ptolemy.actor.Manager.initialize(Manager.java:710)
	at ptolemy.actor.Manager.execute(Manager.java:356)
	at ptolemy.actor.Manager.run(Manager.java:1263)
	at ptolemy.actor.Manager$PtolemyRunThread.run(Manager.java:1915)

    while executing
ptolemy.kernel.util.IllegalActionException: Found a zero delay loop containing .HierarchicalModel.A
  in .HierarchicalModel and .HierarchicalModel.A
    while executing
"java::new ptolemy.moml.MoMLSimpleApplication $file
"
    (procedure "createAndExecute" line 2)
    invoked from within
"createAndExecute $file"
    ("uplevel" body line 5)
    invoked from within
"uplevel $contents_of_test"
------------------ testing $PTII/ptolemy/domains/de/test/auto/knownFailedTests/DirectFeedback.xml (Known Failure) 
4 ms. Memory: 116224K Free: 85950K (74%)


==== $PTIIhome/travis/build/icyphy/ptII/ptolemy/domains/de/test/../../../../: Auto Automatic test in file $PTII/ptolemy/domains/de/test/auto/knownFailedTests/DirectFeedback.xml
==== Contents of test case:

	    # FIXME: we should use $relativeFilename here, but it
	    # might have backslashes under Windows, which causes no end
	    # of trouble.
	    createAndExecute $file
	    list {}
	
.... Test generated KNOWN error:
    while executing
ptolemy.kernel.util.IllegalActionException: Test fails in iteration 1.
Value was: 1.0. Should have been: 2.0
  in .DirectFeedback.Test
	at ptolemy.actor.lib.Test.fire(Test.java:268)
	at ptolemy.domains.de.kernel.DEDirector._fire(DEDirector.java:1948)
	at ptolemy.domains.de.kernel.DEDirector.fire(DEDirector.java:502)
	at ptolemy.actor.CompositeActor.fire(CompositeActor.java:455)
	at ptolemy.actor.Manager.iterate(Manager.java:851)
	at ptolemy.actor.Manager.execute(Manager.java:369)
	at ptolemy.actor.Manager.run(Manager.java:1263)
	at ptolemy.actor.Manager$PtolemyRunThread.run(Manager.java:1915)

    while executing
ptolemy.kernel.util.IllegalActionException: Test fails in iteration 1.
Value was: 1.0. Should have been: 2.0
  in .DirectFeedback.Test
    while executing
"java::new ptolemy.moml.MoMLSimpleApplication $file
"
    (procedure "createAndExecute" line 2)
    invoked from within
"createAndExecute $file"
    ("uplevel" body line 5)
    invoked from within
"uplevel $contents_of_test"
------------------ testing $PTII/ptolemy/domains/de/test/auto/ActorDepthCalculation_actorWithoutPorts.xml
auto.tcl: Setting watchdog for 200 seconds at Thu Jun 07 18:33:30 UTC 2018
4 ms. Memory: 146944K Free: 139974K (95%)
ptolemy.util.test.WatchDog.cancel(): canceling Thu Jun 07 18:33:30 UTC 2018
auto.tcl: Setting watchdog for 200 seconds at Thu Jun 07 18:33:30 UTC 2018
5 ms. Memory: 146944K Free: 137960K (94%)
ptolemy.util.test.WatchDog.cancel(): canceling Thu Jun 07 18:33:30 UTC 2018
------------------ testing $PTII/ptolemy/domains/de/test/auto/AssemblyLine.xml
auto.tcl: Setting watchdog for 200 seconds at Thu Jun 07 18:33:30 UTC 2018
13 ms. Memory: 146944K Free: 127147K (87%)
ptolemy.util.test.WatchDog.cancel(): canceling Thu Jun 07 18:33:30 UTC 2018
auto.tcl: Setting watchdog for 200 seconds at Thu Jun 07 18:33:30 UTC 2018
18 ms. Memory: 146944K Free: 126141K (86%)
ptolemy.util.test.WatchDog.cancel(): canceling Thu Jun 07 18:33:30 UTC 2018
------------------ testing $PTII/ptolemy/domains/de/test/auto/CQBug1.xml
auto.tcl: Setting watchdog for 200 seconds at Thu Jun 07 18:33:30 UTC 2018
19 ms. Memory: 146944K Free: 137846K (94%)
ptolemy.util.test.WatchDog.cancel(): canceling Thu Jun 07 18:33:30 UTC 2018
auto.tcl: Setting watchdog for 200 seconds at Thu Jun 07 18:33:30 UTC 2018
2 ms. Memory: 146944K Free: 137846K (94%)
ptolemy.util.test.WatchDog.cancel(): canceling Thu Jun 07 18:33:30 UTC 2018
------------------ testing $PTII/ptolemy/domains/de/test/auto/CancelFireAt.xml
auto.tcl: Setting watchdog for 200 seconds at Thu Jun 07 18:33:30 UTC 2018
4 ms. Memory: 146944K Free: 139477K (95%)
ptolemy.util.test.WatchDog.cancel(): canceling Thu Jun 07 18:33:30 UTC 2018
auto.tcl: Setting watchdog for 200 seconds at Thu Jun 07 18:33:30 UTC 2018
5 ms. Memory: 146944K Free: 139308K (95%)
ptolemy.util.test.WatchDog.cancel(): canceling Thu Jun 07 18:33:30 UTC 2018
------------------ testing $PTII/ptolemy/domains/de/test/auto/CausalityAndComposabilityAnalysis.xml
auto.tcl: Setting watchdog for 200 seconds at Thu Jun 07 18:33:30 UTC 2018
17 ms. Memory: 146944K Free: 137096K (93%)
ptolemy.util.test.WatchDog.cancel(): canceling Thu Jun 07 18:33:31 UTC 2018
auto.tcl: Setting watchdog for 200 seconds at Thu Jun 07 18:33:31 UTC 2018
10 ms. Memory: 146944K Free: 137096K (93%)
ptolemy.util.test.WatchDog.cancel(): canceling Thu Jun 07 18:33:31 UTC 2018
------------------ testing $PTII/ptolemy/domains/de/test/auto/CausalityInterface1.xml
auto.tcl: Setting watchdog for 200 seconds at Thu Jun 07 18:33:31 UTC 2018
12 ms. Memory: 146944K Free: 136379K (93%)
ptolemy.util.test.WatchDog.cancel(): canceling Thu Jun 07 18:33:31 UTC 2018
auto.tcl: Setting watchdog for 200 seconds at Thu Jun 07 18:33:31 UTC 2018
5 ms. Memory: 146944K Free: 135372K (92%)
ptolemy.util.test.WatchDog.cancel(): canceling Thu Jun 07 18:33:31 UTC 2018
------------------ testing $PTII/ptolemy/domains/de/test/auto/CausalityInterface15.xml
auto.tcl: Setting watchdog for 200 seconds at Thu Jun 07 18:33:31 UTC 2018
12 ms. Memory: 146944K Free: 135379K (92%)
ptolemy.util.test.WatchDog.cancel(): canceling Thu Jun 07 18:33:31 UTC 2018
auto.tcl: Setting watchdog for 200 seconds at Thu Jun 07 18:33:31 UTC 2018
6 ms. Memory: 146944K Free: 134356K (91%)
ptolemy.util.test.WatchDog.cancel(): canceling Thu Jun 07 18:33:31 UTC 2018
------------------ testing $PTII/ptolemy/domains/de/test/auto/CausalityInterface2.xml
auto.tcl: Setting watchdog for 200 seconds at Thu Jun 07 18:33:31 UTC 2018
7 ms. Memory: 146944K Free: 136361K (93%)
ptolemy.util.test.WatchDog.cancel(): canceling Thu Jun 07 18:33:31 UTC 2018
auto.tcl: Setting watchdog for 200 seconds at Thu Jun 07 18:33:31 UTC 2018
3 ms. Memory: 146944K Free: 135355K (92%)
ptolemy.util.test.WatchDog.cancel(): canceling Thu Jun 07 18:33:31 UTC 2018
------------------ testing $PTII/ptolemy/domains/de/test/auto/CausalityInterface3.xml
auto.tcl: Setting watchdog for 200 seconds at Thu Jun 07 18:33:31 UTC 2018
3 ms. Memory: 146944K Free: 136358K (93%)
ptolemy.util.test.WatchDog.cancel(): canceling Thu Jun 07 18:33:31 UTC 2018
auto.tcl: Setting watchdog for 200 seconds at Thu Jun 07 18:33:31 UTC 2018
3 ms. Memory: 146944K Free: 135336K (92%)
ptolemy.util.test.WatchDog.cancel(): canceling Thu Jun 07 18:33:31 UTC 2018
------------------ testing $PTII/ptolemy/domains/de/test/auto/ClockDrift.xml
auto.tcl: Setting watchdog for 200 seconds at Thu Jun 07 18:33:31 UTC 2018
105 ms. Memory: 146944K Free: 128408K (87%)
ptolemy.util.test.WatchDog.cancel(): canceling Thu Jun 07 18:33:31 UTC 2018
auto.tcl: Setting watchdog for 200 seconds at Thu Jun 07 18:33:31 UTC 2018
60 ms. Memory: 146944K Free: 125388K (85%)
ptolemy.util.test.WatchDog.cancel(): canceling Thu Jun 07 18:33:31 UTC 2018
------------------ testing $PTII/ptolemy/domains/de/test/auto/ClockDriftAndValueChange.xml
auto.tcl: Setting watchdog for 200 seconds at Thu Jun 07 18:33:31 UTC 2018
51 ms. Memory: 146944K Free: 128211K (87%)
ptolemy.util.test.WatchDog.cancel(): canceling Thu Jun 07 18:33:31 UTC 2018
auto.tcl: Setting watchdog for 200 seconds at Thu Jun 07 18:33:31 UTC 2018
34 ms. Memory: 146944K Free: 125159K (85%)
ptolemy.util.test.WatchDog.cancel(): canceling Thu Jun 07 18:33:31 UTC 2018
------------------ testing $PTII/ptolemy/domains/de/test/auto/ClockDriftChange.xml
auto.tcl: Setting watchdog for 200 seconds at Thu Jun 07 18:33:31 UTC 2018
21 ms. Memory: 146944K Free: 130873K (89%)
ptolemy.util.test.WatchDog.cancel(): canceling Thu Jun 07 18:33:32 UTC 2018
auto.tcl: Setting watchdog for 200 seconds at Thu Jun 07 18:33:32 UTC 2018
21 ms. Memory: 146944K Free: 127837K (87%)
ptolemy.util.test.WatchDog.cancel(): canceling Thu Jun 07 18:33:32 UTC 2018
------------------ testing $PTII/ptolemy/domains/de/test/auto/ComposableCausalityAnalysis.xml
auto.tcl: Setting watchdog for 200 seconds at Thu Jun 07 18:33:32 UTC 2018
4 ms. Memory: 146944K Free: 135218K (92%)
ptolemy.util.test.WatchDog.cancel(): canceling Thu Jun 07 18:33:32 UTC 2018
auto.tcl: Setting watchdog for 200 seconds at Thu Jun 07 18:33:32 UTC 2018
2 ms. Memory: 146944K Free: 134196K (91%)
ptolemy.util.test.WatchDog.cancel(): canceling Thu Jun 07 18:33:32 UTC 2018
------------------ testing $PTII/ptolemy/domains/de/test/auto/DEFixedPointLimitation.xml
auto.tcl: Setting watchdog for 200 seconds at Thu Jun 07 18:33:32 UTC 2018
2 ms. Memory: 146944K Free: 136330K (93%)
ptolemy.util.test.WatchDog.cancel(): canceling Thu Jun 07 18:33:32 UTC 2018
auto.tcl: Setting watchdog for 200 seconds at Thu Jun 07 18:33:32 UTC 2018
1 ms. Memory: 146944K Free: 136330K (93%)
ptolemy.util.test.WatchDog.cancel(): canceling Thu Jun 07 18:33:32 UTC 2018
------------------ testing $PTII/ptolemy/domains/de/test/auto/DEScheduleTest.xml
auto.tcl: Setting watchdog for 200 seconds at Thu Jun 07 18:33:32 UTC 2018
4 ms. Memory: 146944K Free: 137372K (93%)
ptolemy.util.test.WatchDog.cancel(): canceling Thu Jun 07 18:33:32 UTC 2018
auto.tcl: Setting watchdog for 200 seconds at Thu Jun 07 18:33:32 UTC 2018
7 ms. Memory: 146944K Free: 136366K (93%)
ptolemy.util.test.WatchDog.cancel(): canceling Thu Jun 07 18:33:32 UTC 2018
------------------ testing $PTII/ptolemy/domains/de/test/auto/DEinDEwithStartTimes.xml
auto.tcl: Setting watchdog for 200 seconds at Thu Jun 07 18:33:32 UTC 2018
5 ms. Memory: 146944K Free: 135304K (92%)
ptolemy.util.test.WatchDog.cancel(): canceling Thu Jun 07 18:33:32 UTC 2018
auto.tcl: Setting watchdog for 200 seconds at Thu Jun 07 18:33:32 UTC 2018
4 ms. Memory: 146944K Free: 134297K (91%)
ptolemy.util.test.WatchDog.cancel(): canceling Thu Jun 07 18:33:32 UTC 2018
------------------ testing $PTII/ptolemy/domains/de/test/auto/DEinDEwithStartTimes2.xml
auto.tcl: Setting watchdog for 200 seconds at Thu Jun 07 18:33:32 UTC 2018
5 ms. Memory: 146944K Free: 135276K (92%)
ptolemy.util.test.WatchDog.cancel(): canceling Thu Jun 07 18:33:32 UTC 2018
auto.tcl: Setting watchdog for 200 seconds at Thu Jun 07 18:33:32 UTC 2018
4 ms. Memory: 146944K Free: 133238K (91%)
ptolemy.util.test.WatchDog.cancel(): canceling Thu Jun 07 18:33:32 UTC 2018
------------------ testing $PTII/ptolemy/domains/de/test/auto/DateDemo.xml
auto.tcl: Setting watchdog for 200 seconds at Thu Jun 07 18:33:32 UTC 2018
9 ms. Memory: 146944K Free: 128556K (87%)
ptolemy.util.test.WatchDog.cancel(): canceling Thu Jun 07 18:33:32 UTC 2018
auto.tcl: Setting watchdog for 200 seconds at Thu Jun 07 18:33:32 UTC 2018
7 ms. Memory: 146944K Free: 127534K (87%)
ptolemy.util.test.WatchDog.cancel(): canceling Thu Jun 07 18:33:32 UTC 2018
------------------ testing $PTII/ptolemy/domains/de/test/auto/DateToEvent.xml
auto.tcl: Setting watchdog for 200 seconds at Thu Jun 07 18:33:32 UTC 2018
2015 ms. Memory: 146944K Free: 122908K (84%)
ptolemy.util.test.WatchDog.cancel(): canceling Thu Jun 07 18:33:34 UTC 2018
auto.tcl: Setting watchdog for 200 seconds at Thu Jun 07 18:33:34 UTC 2018
2006 ms. Memory: 146944K Free: 121901K (83%)
ptolemy.util.test.WatchDog.cancel(): canceling Thu Jun 07 18:33:36 UTC 2018
------------------ testing $PTII/ptolemy/domains/de/test/auto/DepthTest1.xml
auto.tcl: Setting watchdog for 200 seconds at Thu Jun 07 18:33:36 UTC 2018
6 ms. Memory: 146944K Free: 138691K (94%)
ptolemy.util.test.WatchDog.cancel(): canceling Thu Jun 07 18:33:36 UTC 2018
auto.tcl: Setting watchdog for 200 seconds at Thu Jun 07 18:33:36 UTC 2018
3 ms. Memory: 146944K Free: 138523K (94%)
ptolemy.util.test.WatchDog.cancel(): canceling Thu Jun 07 18:33:36 UTC 2018
------------------ testing $PTII/ptolemy/domains/de/test/auto/DepthTest2.xml
auto.tcl: Setting watchdog for 200 seconds at Thu Jun 07 18:33:36 UTC 2018
7 ms. Memory: 146944K Free: 133077K (91%)
ptolemy.util.test.WatchDog.cancel(): canceling Thu Jun 07 18:33:36 UTC 2018
auto.tcl: Setting watchdog for 200 seconds at Thu Jun 07 18:33:36 UTC 2018
6 ms. Memory: 146944K Free: 132054K (90%)
ptolemy.util.test.WatchDog.cancel(): canceling Thu Jun 07 18:33:36 UTC 2018
------------------ testing $PTII/ptolemy/domains/de/test/auto/DepthTest3.xml
auto.tcl: Setting watchdog for 200 seconds at Thu Jun 07 18:33:37 UTC 2018
2 ms. Memory: 146944K Free: 138873K (95%)
ptolemy.util.test.WatchDog.cancel(): canceling Thu Jun 07 18:33:37 UTC 2018
auto.tcl: Setting watchdog for 200 seconds at Thu Jun 07 18:33:37 UTC 2018
1 ms. Memory: 146944K Free: 137866K (94%)
ptolemy.util.test.WatchDog.cancel(): canceling Thu Jun 07 18:33:37 UTC 2018
------------------ testing $PTII/ptolemy/domains/de/test/auto/DepthTest4.xml
auto.tcl: Setting watchdog for 200 seconds at Thu Jun 07 18:33:37 UTC 2018
5 ms. Memory: 146944K Free: 136268K (93%)
ptolemy.util.test.WatchDog.cancel(): canceling Thu Jun 07 18:33:37 UTC 2018
auto.tcl: Setting watchdog for 200 seconds at Thu Jun 07 18:33:37 UTC 2018
2 ms. Memory: 146944K Free: 135262K (92%)
ptolemy.util.test.WatchDog.cancel(): canceling Thu Jun 07 18:33:37 UTC 2018
------------------ testing $PTII/ptolemy/domains/de/test/auto/DepthTest5.xml
auto.tcl: Setting watchdog for 200 seconds at Thu Jun 07 18:33:37 UTC 2018
3 ms. Memory: 146944K Free: 135246K (92%)
ptolemy.util.test.WatchDog.cancel(): canceling Thu Jun 07 18:33:37 UTC 2018
auto.tcl: Setting watchdog for 200 seconds at Thu Jun 07 18:33:37 UTC 2018
3 ms. Memory: 146944K Free: 135246K (92%)
ptolemy.util.test.WatchDog.cancel(): canceling Thu Jun 07 18:33:37 UTC 2018
------------------ testing $PTII/ptolemy/domains/de/test/auto/DepthTest6.xml
auto.tcl: Setting watchdog for 200 seconds at Thu Jun 07 18:33:37 UTC 2018
8 ms. Memory: 146944K Free: 135371K (92%)
ptolemy.util.test.WatchDog.cancel(): canceling Thu Jun 07 18:33:37 UTC 2018
auto.tcl: Setting watchdog for 200 seconds at Thu Jun 07 18:33:37 UTC 2018
3 ms. Memory: 146944K Free: 135371K (92%)
ptolemy.util.test.WatchDog.cancel(): canceling Thu Jun 07 18:33:37 UTC 2018
------------------ testing $PTII/ptolemy/domains/de/test/auto/DepthTest7.xml
auto.tcl: Setting watchdog for 200 seconds at Thu Jun 07 18:33:37 UTC 2018
2 ms. Memory: 146944K Free: 136205K (93%)
ptolemy.util.test.WatchDog.cancel(): canceling Thu Jun 07 18:33:37 UTC 2018
auto.tcl: Setting watchdog for 200 seconds at Thu Jun 07 18:33:37 UTC 2018
1 ms. Memory: 146944K Free: 135183K (92%)
ptolemy.util.test.WatchDog.cancel(): canceling Thu Jun 07 18:33:37 UTC 2018
------------------ testing $PTII/ptolemy/domains/de/test/auto/EventToDate.xml
auto.tcl: Setting watchdog for 200 seconds at Thu Jun 07 18:33:37 UTC 2018
3010 ms. Memory: 146944K Free: 126032K (86%)
ptolemy.util.test.WatchDog.cancel(): canceling Thu Jun 07 18:33:40 UTC 2018
auto.tcl: Setting watchdog for 200 seconds at Thu Jun 07 18:33:40 UTC 2018
3005 ms. Memory: 146944K Free: 125009K (85%)
ptolemy.util.test.WatchDog.cancel(): canceling Thu Jun 07 18:33:43 UTC 2018
------------------ testing $PTII/ptolemy/domains/de/test/auto/FSM1.xml
auto.tcl: Setting watchdog for 200 seconds at Thu Jun 07 18:33:43 UTC 2018
40 ms. Memory: 146944K Free: 127319K (87%)
ptolemy.util.test.WatchDog.cancel(): canceling Thu Jun 07 18:33:43 UTC 2018
auto.tcl: Setting watchdog for 200 seconds at Thu Jun 07 18:33:43 UTC 2018
32 ms. Memory: 146944K Free: 124251K (85%)
ptolemy.util.test.WatchDog.cancel(): canceling Thu Jun 07 18:33:43 UTC 2018
------------------ testing $PTII/ptolemy/domains/de/test/auto/FSM7.xml
auto.tcl: Setting watchdog for 200 seconds at Thu Jun 07 18:33:43 UTC 2018
28 ms. Memory: 146944K Free: 127472K (87%)
ptolemy.util.test.WatchDog.cancel(): canceling Thu Jun 07 18:33:43 UTC 2018
auto.tcl: Setting watchdog for 200 seconds at Thu Jun 07 18:33:43 UTC 2018
16 ms. Memory: 146944K Free: 124420K (85%)
ptolemy.util.test.WatchDog.cancel(): canceling Thu Jun 07 18:33:43 UTC 2018
------------------ testing $PTII/ptolemy/domains/de/test/auto/Inspection.xml
auto.tcl: Setting watchdog for 200 seconds at Thu Jun 07 18:33:43 UTC 2018
49 ms. Memory: 146944K Free: 127568K (87%)
ptolemy.util.test.WatchDog.cancel(): canceling Thu Jun 07 18:33:43 UTC 2018
auto.tcl: Setting watchdog for 200 seconds at Thu Jun 07 18:33:43 UTC 2018
26 ms. Memory: 146944K Free: 126562K (86%)
ptolemy.util.test.WatchDog.cancel(): canceling Thu Jun 07 18:33:43 UTC 2018
------------------ testing $PTII/ptolemy/domains/de/test/auto/Iteration.xml
auto.tcl: Setting watchdog for 200 seconds at Thu Jun 07 18:33:44 UTC 2018
9 ms. Memory: 146944K Free: 134124K (91%)
ptolemy.util.test.WatchDog.cancel(): canceling Thu Jun 07 18:33:44 UTC 2018
auto.tcl: Setting watchdog for 200 seconds at Thu Jun 07 18:33:44 UTC 2018
7 ms. Memory: 146944K Free: 133117K (91%)
ptolemy.util.test.WatchDog.cancel(): canceling Thu Jun 07 18:33:44 UTC 2018
------------------ testing $PTII/ptolemy/domains/de/test/auto/LineFault.xml
auto.tcl: Setting watchdog for 200 seconds at Thu Jun 07 18:33:44 UTC 2018
728 ms. Memory: 146944K Free: 136931K (93%)
ptolemy.util.test.WatchDog.cancel(): canceling Thu Jun 07 18:33:45 UTC 2018
auto.tcl: Setting watchdog for 200 seconds at Thu Jun 07 18:33:45 UTC 2018
700 ms. Memory: 146944K Free: 80749K (55%)
ptolemy.util.test.WatchDog.cancel(): canceling Thu Jun 07 18:33:45 UTC 2018
------------------ testing $PTII/ptolemy/domains/de/test/auto/MergeModel1Add.xml
auto.tcl: Setting watchdog for 200 seconds at Thu Jun 07 18:33:45 UTC 2018
16 ms. Memory: 209920K Free: 180526K (86%)
ptolemy.util.test.WatchDog.cancel(): canceling Thu Jun 07 18:33:46 UTC 2018
auto.tcl: Setting watchdog for 200 seconds at Thu Jun 07 18:33:46 UTC 2018
16 ms. Memory: 209920K Free: 178668K (85%)
ptolemy.util.test.WatchDog.cancel(): canceling Thu Jun 07 18:33:46 UTC 2018
------------------ testing $PTII/ptolemy/domains/de/test/auto/MergeModel2Add.xml
auto.tcl: Setting watchdog for 200 seconds at Thu Jun 07 18:33:46 UTC 2018
17 ms. Memory: 210432K Free: 182305K (87%)
ptolemy.util.test.WatchDog.cancel(): canceling Thu Jun 07 18:33:46 UTC 2018
auto.tcl: Setting watchdog for 200 seconds at Thu Jun 07 18:33:46 UTC 2018
11 ms. Memory: 210432K Free: 180447K (86%)
ptolemy.util.test.WatchDog.cancel(): canceling Thu Jun 07 18:33:46 UTC 2018
------------------ testing $PTII/ptolemy/domains/de/test/auto/MergeModel3Add.xml
auto.tcl: Setting watchdog for 200 seconds at Thu Jun 07 18:33:46 UTC 2018
12 ms. Memory: 209920K Free: 183544K (87%)
ptolemy.util.test.WatchDog.cancel(): canceling Thu Jun 07 18:33:46 UTC 2018
auto.tcl: Setting watchdog for 200 seconds at Thu Jun 07 18:33:46 UTC 2018
8 ms. Memory: 209920K Free: 181662K (87%)
ptolemy.util.test.WatchDog.cancel(): canceling Thu Jun 07 18:33:46 UTC 2018
------------------ testing $PTII/ptolemy/domains/de/test/auto/MergeWithoutDiscard.xml
auto.tcl: Setting watchdog for 200 seconds at Thu Jun 07 18:33:46 UTC 2018
4 ms. Memory: 210432K Free: 198510K (94%)
ptolemy.util.test.WatchDog.cancel(): canceling Thu Jun 07 18:33:46 UTC 2018
auto.tcl: Setting watchdog for 200 seconds at Thu Jun 07 18:33:46 UTC 2018
1 ms. Memory: 210432K Free: 198510K (94%)
ptolemy.util.test.WatchDog.cancel(): canceling Thu Jun 07 18:33:46 UTC 2018
------------------ testing $PTII/ptolemy/domains/de/test/auto/Modal1.xml
auto.tcl: Setting watchdog for 200 seconds at Thu Jun 07 18:33:46 UTC 2018
11 ms. Memory: 210432K Free: 190639K (91%)
ptolemy.util.test.WatchDog.cancel(): canceling Thu Jun 07 18:33:46 UTC 2018
auto.tcl: Setting watchdog for 200 seconds at Thu Jun 07 18:33:46 UTC 2018
19 ms. Memory: 210432K Free: 186892K (89%)
ptolemy.util.test.WatchDog.cancel(): canceling Thu Jun 07 18:33:46 UTC 2018
------------------ testing $PTII/ptolemy/domains/de/test/auto/Modal2.xml
auto.tcl: Setting watchdog for 200 seconds at Thu Jun 07 18:33:46 UTC 2018
19 ms. Memory: 210432K Free: 190512K (91%)
ptolemy.util.test.WatchDog.cancel(): canceling Thu Jun 07 18:33:46 UTC 2018
auto.tcl: Setting watchdog for 200 seconds at Thu Jun 07 18:33:46 UTC 2018
12 ms. Memory: 210432K Free: 186765K (89%)
ptolemy.util.test.WatchDog.cancel(): canceling Thu Jun 07 18:33:46 UTC 2018
------------------ testing $PTII/ptolemy/domains/de/test/auto/Modal3.xml
auto.tcl: Setting watchdog for 200 seconds at Thu Jun 07 18:33:46 UTC 2018
17 ms. Memory: 210432K Free: 190615K (91%)
ptolemy.util.test.WatchDog.cancel(): canceling Thu Jun 07 18:33:46 UTC 2018
auto.tcl: Setting watchdog for 200 seconds at Thu Jun 07 18:33:46 UTC 2018
18 ms. Memory: 210432K Free: 186780K (89%)
ptolemy.util.test.WatchDog.cancel(): canceling Thu Jun 07 18:33:46 UTC 2018
------------------ testing $PTII/ptolemy/domains/de/test/auto/Modal4.xml
auto.tcl: Setting watchdog for 200 seconds at Thu Jun 07 18:33:46 UTC 2018
14 ms. Memory: 208384K Free: 188453K (90%)
ptolemy.util.test.WatchDog.cancel(): canceling Thu Jun 07 18:33:46 UTC 2018
auto.tcl: Setting watchdog for 200 seconds at Thu Jun 07 18:33:46 UTC 2018
20 ms. Memory: 208384K Free: 184689K (89%)
ptolemy.util.test.WatchDog.cancel(): canceling Thu Jun 07 18:33:46 UTC 2018
------------------ testing $PTII/ptolemy/domains/de/test/auto/Modal5.xml
auto.tcl: Setting watchdog for 200 seconds at Thu Jun 07 18:33:46 UTC 2018
17 ms. Memory: 209920K Free: 190000K (91%)
ptolemy.util.test.WatchDog.cancel(): canceling Thu Jun 07 18:33:46 UTC 2018
auto.tcl: Setting watchdog for 200 seconds at Thu Jun 07 18:33:46 UTC 2018
14 ms. Memory: 209920K Free: 186244K (89%)
ptolemy.util.test.WatchDog.cancel(): canceling Thu Jun 07 18:33:46 UTC 2018
------------------ testing $PTII/ptolemy/domains/de/test/auto/Modal6.xml
auto.tcl: Setting watchdog for 200 seconds at Thu Jun 07 18:33:47 UTC 2018
13 ms. Memory: 209920K Free: 189965K (90%)
ptolemy.util.test.WatchDog.cancel(): canceling Thu Jun 07 18:33:47 UTC 2018
auto.tcl: Setting watchdog for 200 seconds at Thu Jun 07 18:33:47 UTC 2018
16 ms. Memory: 209920K Free: 186210K (89%)
ptolemy.util.test.WatchDog.cancel(): canceling Thu Jun 07 18:33:47 UTC 2018
------------------ testing $PTII/ptolemy/domains/de/test/auto/Modal7.xml
auto.tcl: Setting watchdog for 200 seconds at Thu Jun 07 18:33:47 UTC 2018
16 ms. Memory: 209920K Free: 188140K (90%)
ptolemy.util.test.WatchDog.cancel(): canceling Thu Jun 07 18:33:47 UTC 2018
auto.tcl: Setting watchdog for 200 seconds at Thu Jun 07 18:33:47 UTC 2018
11 ms. Memory: 209920K Free: 184393K (88%)
ptolemy.util.test.WatchDog.cancel(): canceling Thu Jun 07 18:33:47 UTC 2018
------------------ testing $PTII/ptolemy/domains/de/test/auto/ModalModel.xml
auto.tcl: Setting watchdog for 200 seconds at Thu Jun 07 18:33:47 UTC 2018
240 ms. Memory: 209920K Free: 129398K (62%)
ptolemy.util.test.WatchDog.cancel(): canceling Thu Jun 07 18:33:47 UTC 2018
auto.tcl: Setting watchdog for 200 seconds at Thu Jun 07 18:33:47 UTC 2018
239 ms. Memory: 209920K Free: 197282K (94%)
ptolemy.util.test.WatchDog.cancel(): canceling Thu Jun 07 18:33:47 UTC 2018
------------------ testing $PTII/ptolemy/domains/de/test/auto/ModalSource.xml
auto.tcl: Setting watchdog for 200 seconds at Thu Jun 07 18:33:47 UTC 2018
12 ms. Memory: 209920K Free: 195049K (93%)
ptolemy.util.test.WatchDog.cancel(): canceling Thu Jun 07 18:33:47 UTC 2018
auto.tcl: Setting watchdog for 200 seconds at Thu Jun 07 18:33:47 UTC 2018
7 ms. Memory: 209920K Free: 193322K (92%)
ptolemy.util.test.WatchDog.cancel(): canceling Thu Jun 07 18:33:47 UTC 2018
------------------ testing $PTII/ptolemy/domains/de/test/auto/NonInterruptibleTimerZeroDelay.xml
auto.tcl: Setting watchdog for 200 seconds at Thu Jun 07 18:33:47 UTC 2018
4 ms. Memory: 336896K Free: 326221K (97%)
ptolemy.util.test.WatchDog.cancel(): canceling Thu Jun 07 18:33:47 UTC 2018
auto.tcl: Setting watchdog for 200 seconds at Thu Jun 07 18:33:47 UTC 2018
3 ms. Memory: 336896K Free: 322768K (96%)
ptolemy.util.test.WatchDog.cancel(): canceling Thu Jun 07 18:33:47 UTC 2018
------------------ testing $PTII/ptolemy/domains/de/test/auto/OpenQueueingNetwork.xml
auto.tcl: Setting watchdog for 200 seconds at Thu Jun 07 18:33:48 UTC 2018
3386 ms. Memory: 336384K Free: 198659K (59%)
ptolemy.util.test.WatchDog.cancel(): canceling Thu Jun 07 18:33:51 UTC 2018
auto.tcl: Setting watchdog for 200 seconds at Thu Jun 07 18:33:51 UTC 2018
2283 ms. Memory: 314880K Free: 122384K (39%)
ptolemy.util.test.WatchDog.cancel(): canceling Thu Jun 07 18:33:53 UTC 2018
------------------ testing $PTII/ptolemy/domains/de/test/auto/OpenQueuingNetwork.xml
auto.tcl: Setting watchdog for 200 seconds at Thu Jun 07 18:33:53 UTC 2018
252 ms. Memory: 313344K Free: 208430K (67%)
ptolemy.util.test.WatchDog.cancel(): canceling Thu Jun 07 18:33:54 UTC 2018
auto.tcl: Setting watchdog for 200 seconds at Thu Jun 07 18:33:54 UTC 2018
244 ms. Memory: 313344K Free: 147060K (47%)
ptolemy.util.test.WatchDog.cancel(): canceling Thu Jun 07 18:33:54 UTC 2018
------------------ testing $PTII/ptolemy/domains/de/test/auto/PeriodicSampler.xml
auto.tcl: Setting watchdog for 200 seconds at Thu Jun 07 18:33:54 UTC 2018
3 ms. Memory: 314880K Free: 301624K (96%)
ptolemy.util.test.WatchDog.cancel(): canceling Thu Jun 07 18:33:54 UTC 2018
auto.tcl: Setting watchdog for 200 seconds at Thu Jun 07 18:33:54 UTC 2018
3 ms. Memory: 314880K Free: 298397K (95%)
ptolemy.util.test.WatchDog.cancel(): canceling Thu Jun 07 18:33:54 UTC 2018
------------------ testing $PTII/ptolemy/domains/de/test/auto/PersistentIO.xml
auto.tcl: Setting watchdog for 200 seconds at Thu Jun 07 18:33:54 UTC 2018
16 ms. Memory: 313344K Free: 296611K (95%)
ptolemy.util.test.WatchDog.cancel(): canceling Thu Jun 07 18:33:54 UTC 2018
auto.tcl: Setting watchdog for 200 seconds at Thu Jun 07 18:33:54 UTC 2018
4 ms. Memory: 313344K Free: 293377K (94%)
ptolemy.util.test.WatchDog.cancel(): canceling Thu Jun 07 18:33:54 UTC 2018
------------------ testing $PTII/ptolemy/domains/de/test/auto/PortParameterResetOnInitialize.xml
auto.tcl: Setting watchdog for 200 seconds at Thu Jun 07 18:33:54 UTC 2018
5 ms. Memory: 314880K Free: 298842K (95%)
ptolemy.util.test.WatchDog.cancel(): canceling Thu Jun 07 18:33:54 UTC 2018
auto.tcl: Setting watchdog for 200 seconds at Thu Jun 07 18:33:54 UTC 2018
2 ms. Memory: 314880K Free: 298842K (95%)
ptolemy.util.test.WatchDog.cancel(): canceling Thu Jun 07 18:33:54 UTC 2018
------------------ testing $PTII/ptolemy/domains/de/test/auto/PortParameterUpdates.xml
auto.tcl: Setting watchdog for 200 seconds at Thu Jun 07 18:33:54 UTC 2018
3 ms. Memory: 313344K Free: 299766K (96%)
ptolemy.util.test.WatchDog.cancel(): canceling Thu Jun 07 18:33:54 UTC 2018
auto.tcl: Setting watchdog for 200 seconds at Thu Jun 07 18:33:54 UTC 2018
4 ms. Memory: 313344K Free: 296532K (95%)
ptolemy.util.test.WatchDog.cancel(): canceling Thu Jun 07 18:33:54 UTC 2018
------------------ testing $PTII/ptolemy/domains/de/test/auto/QueueAndServer.xml
auto.tcl: Setting watchdog for 200 seconds at Thu Jun 07 18:33:54 UTC 2018
13 ms. Memory: 314368K Free: 300762K (96%)
ptolemy.util.test.WatchDog.cancel(): canceling Thu Jun 07 18:33:54 UTC 2018
auto.tcl: Setting watchdog for 200 seconds at Thu Jun 07 18:33:54 UTC 2018
8 ms. Memory: 314368K Free: 297535K (95%)
ptolemy.util.test.WatchDog.cancel(): canceling Thu Jun 07 18:33:54 UTC 2018
------------------ testing $PTII/ptolemy/domains/de/test/auto/Records.xml
auto.tcl: Setting watchdog for 200 seconds at Thu Jun 07 18:33:54 UTC 2018
4 ms. Memory: 313344K Free: 299680K (96%)
ptolemy.util.test.WatchDog.cancel(): canceling Thu Jun 07 18:33:54 UTC 2018
auto.tcl: Setting watchdog for 200 seconds at Thu Jun 07 18:33:54 UTC 2018
2 ms. Memory: 313344K Free: 299680K (96%)
ptolemy.util.test.WatchDog.cancel(): canceling Thu Jun 07 18:33:54 UTC 2018
------------------ testing $PTII/ptolemy/domains/de/test/auto/ResetTransitionWithStartTime1.xml
auto.tcl: Setting watchdog for 200 seconds at Thu Jun 07 18:33:54 UTC 2018
15 ms. Memory: 314368K Free: 297471K (95%)
ptolemy.util.test.WatchDog.cancel(): canceling Thu Jun 07 18:33:55 UTC 2018
auto.tcl: Setting watchdog for 200 seconds at Thu Jun 07 18:33:55 UTC 2018
11 ms. Memory: 314368K Free: 297471K (95%)
ptolemy.util.test.WatchDog.cancel(): canceling Thu Jun 07 18:33:55 UTC 2018
------------------ testing $PTII/ptolemy/domains/de/test/auto/ResetTransitionWithStartTime2.xml
auto.tcl: Setting watchdog for 200 seconds at Thu Jun 07 18:33:55 UTC 2018
5 ms. Memory: 313344K Free: 296512K (95%)
ptolemy.util.test.WatchDog.cancel(): canceling Thu Jun 07 18:33:55 UTC 2018
auto.tcl: Setting watchdog for 200 seconds at Thu Jun 07 18:33:55 UTC 2018
6 ms. Memory: 313344K Free: 296512K (95%)
ptolemy.util.test.WatchDog.cancel(): canceling Thu Jun 07 18:33:55 UTC 2018
------------------ testing $PTII/ptolemy/domains/de/test/auto/ResetTransitionWithStartTime3.xml
auto.tcl: Setting watchdog for 200 seconds at Thu Jun 07 18:33:55 UTC 2018
5 ms. Memory: 314368K Free: 297460K (95%)
ptolemy.util.test.WatchDog.cancel(): canceling Thu Jun 07 18:33:55 UTC 2018
auto.tcl: Setting watchdog for 200 seconds at Thu Jun 07 18:33:55 UTC 2018
6 ms. Memory: 314368K Free: 297460K (95%)
ptolemy.util.test.WatchDog.cancel(): canceling Thu Jun 07 18:33:55 UTC 2018
------------------ testing $PTII/ptolemy/domains/de/test/auto/ResetTransitionWithStartTime4.xml
auto.tcl: Setting watchdog for 200 seconds at Thu Jun 07 18:33:55 UTC 2018
5 ms. Memory: 313344K Free: 296450K (95%)
ptolemy.util.test.WatchDog.cancel(): canceling Thu Jun 07 18:33:55 UTC 2018
auto.tcl: Setting watchdog for 200 seconds at Thu Jun 07 18:33:55 UTC 2018
3 ms. Memory: 313344K Free: 296450K (95%)
ptolemy.util.test.WatchDog.cancel(): canceling Thu Jun 07 18:33:55 UTC 2018
------------------ testing $PTII/ptolemy/domains/de/test/auto/ResettableTimer1.xml
auto.tcl: Setting watchdog for 200 seconds at Thu Jun 07 18:33:55 UTC 2018
3 ms. Memory: 313856K Free: 300184K (96%)
ptolemy.util.test.WatchDog.cancel(): canceling Thu Jun 07 18:33:55 UTC 2018
auto.tcl: Setting watchdog for 200 seconds at Thu Jun 07 18:33:55 UTC 2018
2 ms. Memory: 313856K Free: 300184K (96%)
ptolemy.util.test.WatchDog.cancel(): canceling Thu Jun 07 18:33:55 UTC 2018
------------------ testing $PTII/ptolemy/domains/de/test/auto/ResettableTimer2.xml
auto.tcl: Setting watchdog for 200 seconds at Thu Jun 07 18:33:55 UTC 2018
3 ms. Memory: 313344K Free: 299805K (96%)
ptolemy.util.test.WatchDog.cancel(): canceling Thu Jun 07 18:33:55 UTC 2018
auto.tcl: Setting watchdog for 200 seconds at Thu Jun 07 18:33:55 UTC 2018
2 ms. Memory: 313344K Free: 299805K (96%)
ptolemy.util.test.WatchDog.cancel(): canceling Thu Jun 07 18:33:55 UTC 2018
------------------ testing $PTII/ptolemy/domains/de/test/auto/ResettableTimer3.xml
auto.tcl: Setting watchdog for 200 seconds at Thu Jun 07 18:33:55 UTC 2018
1 ms. Memory: 313856K Free: 300242K (96%)
ptolemy.util.test.WatchDog.cancel(): canceling Thu Jun 07 18:33:55 UTC 2018
auto.tcl: Setting watchdog for 200 seconds at Thu Jun 07 18:33:55 UTC 2018
1 ms. Memory: 313856K Free: 300242K (96%)
ptolemy.util.test.WatchDog.cancel(): canceling Thu Jun 07 18:33:55 UTC 2018
------------------ testing $PTII/ptolemy/domains/de/test/auto/ResettableTimer4.xml
auto.tcl: Setting watchdog for 200 seconds at Thu Jun 07 18:33:55 UTC 2018
2 ms. Memory: 313344K Free: 299817K (96%)
ptolemy.util.test.WatchDog.cancel(): canceling Thu Jun 07 18:33:55 UTC 2018
auto.tcl: Setting watchdog for 200 seconds at Thu Jun 07 18:33:55 UTC 2018
2 ms. Memory: 313344K Free: 299817K (96%)
ptolemy.util.test.WatchDog.cancel(): canceling Thu Jun 07 18:33:55 UTC 2018
------------------ testing $PTII/ptolemy/domains/de/test/auto/ResettableTimer5.xml
auto.tcl: Setting watchdog for 200 seconds at Thu Jun 07 18:33:55 UTC 2018
1 ms. Memory: 313856K Free: 298008K (95%)
ptolemy.util.test.WatchDog.cancel(): canceling Thu Jun 07 18:33:55 UTC 2018
auto.tcl: Setting watchdog for 200 seconds at Thu Jun 07 18:33:55 UTC 2018
2 ms. Memory: 313856K Free: 298008K (95%)
ptolemy.util.test.WatchDog.cancel(): canceling Thu Jun 07 18:33:55 UTC 2018
------------------ testing $PTII/ptolemy/domains/de/test/auto/ResettableTimer6.xml
auto.tcl: Setting watchdog for 200 seconds at Thu Jun 07 18:33:55 UTC 2018
2 ms. Memory: 313344K Free: 297371K (95%)
ptolemy.util.test.WatchDog.cancel(): canceling Thu Jun 07 18:33:55 UTC 2018
auto.tcl: Setting watchdog for 200 seconds at Thu Jun 07 18:33:55 UTC 2018
1 ms. Memory: 313344K Free: 297371K (95%)
ptolemy.util.test.WatchDog.cancel(): canceling Thu Jun 07 18:33:55 UTC 2018
------------------ testing $PTII/ptolemy/domains/de/test/auto/ServerZeroDelay.xml
auto.tcl: Setting watchdog for 200 seconds at Thu Jun 07 18:33:55 UTC 2018
3 ms. Memory: 313856K Free: 303510K (97%)
ptolemy.util.test.WatchDog.cancel(): canceling Thu Jun 07 18:33:55 UTC 2018
auto.tcl: Setting watchdog for 200 seconds at Thu Jun 07 18:33:55 UTC 2018
2 ms. Memory: 313856K Free: 300284K (96%)
ptolemy.util.test.WatchDog.cancel(): canceling Thu Jun 07 18:33:55 UTC 2018
------------------ testing $PTII/ptolemy/domains/de/test/auto/SmartSender.xml
auto.tcl: Setting watchdog for 200 seconds at Thu Jun 07 18:33:55 UTC 2018
3001 ms. Memory: 313344K Free: 297431K (95%)
ptolemy.util.test.WatchDog.cancel(): canceling Thu Jun 07 18:33:58 UTC 2018
auto.tcl: Setting watchdog for 200 seconds at Thu Jun 07 18:33:58 UTC 2018
3001 ms. Memory: 313344K Free: 297431K (95%)
ptolemy.util.test.WatchDog.cancel(): canceling Thu Jun 07 18:34:01 UTC 2018
------------------ testing $PTII/ptolemy/domains/de/test/auto/ThreadedComposite.xml
auto.tcl: Setting watchdog for 200 seconds at Thu Jun 07 18:34:01 UTC 2018
249 ms. Memory: 313856K Free: 277513K (88%)
ptolemy.util.test.WatchDog.cancel(): canceling Thu Jun 07 18:34:02 UTC 2018
auto.tcl: Setting watchdog for 200 seconds at Thu Jun 07 18:34:02 UTC 2018
137 ms. Memory: 313856K Free: 261783K (83%)
ptolemy.util.test.WatchDog.cancel(): canceling Thu Jun 07 18:34:02 UTC 2018
------------------ testing $PTII/ptolemy/domains/de/test/auto/Time.xml
auto.tcl: Setting watchdog for 200 seconds at Thu Jun 07 18:34:02 UTC 2018
521 ms. Memory: 313344K Free: 250702K (80%)
ptolemy.util.test.WatchDog.cancel(): canceling Thu Jun 07 18:34:02 UTC 2018
auto.tcl: Setting watchdog for 200 seconds at Thu Jun 07 18:34:02 UTC 2018
448 ms. Memory: 313344K Free: 202303K (65%)
ptolemy.util.test.WatchDog.cancel(): canceling Thu Jun 07 18:34:03 UTC 2018
------------------ testing $PTII/ptolemy/domains/de/test/auto/TimeDelayZeroDelay.xml
auto.tcl: Setting watchdog for 200 seconds at Thu Jun 07 18:34:03 UTC 2018
2 ms. Memory: 313856K Free: 303353K (97%)
ptolemy.util.test.WatchDog.cancel(): canceling Thu Jun 07 18:34:03 UTC 2018
auto.tcl: Setting watchdog for 200 seconds at Thu Jun 07 18:34:03 UTC 2018
2 ms. Memory: 313856K Free: 300110K (96%)
ptolemy.util.test.WatchDog.cancel(): canceling Thu Jun 07 18:34:03 UTC 2018
------------------ testing $PTII/ptolemy/domains/de/test/auto/TimerZeroDelay.xml
auto.tcl: Setting watchdog for 200 seconds at Thu Jun 07 18:34:03 UTC 2018
5 ms. Memory: 313344K Free: 302959K (97%)
ptolemy.util.test.WatchDog.cancel(): canceling Thu Jun 07 18:34:03 UTC 2018
auto.tcl: Setting watchdog for 200 seconds at Thu Jun 07 18:34:03 UTC 2018
1 ms. Memory: 313344K Free: 299717K (96%)
ptolemy.util.test.WatchDog.cancel(): canceling Thu Jun 07 18:34:03 UTC 2018
------------------ testing $PTII/ptolemy/domains/de/test/auto/TimingParadox.xml
auto.tcl: Setting watchdog for 200 seconds at Thu Jun 07 18:34:03 UTC 2018
356 ms. Memory: 313856K Free: 238579K (76%)
ptolemy.util.test.WatchDog.cancel(): canceling Thu Jun 07 18:34:03 UTC 2018
auto.tcl: Setting watchdog for 200 seconds at Thu Jun 07 18:34:03 UTC 2018
345 ms. Memory: 313856K Free: 203087K (65%)
ptolemy.util.test.WatchDog.cancel(): canceling Thu Jun 07 18:34:04 UTC 2018
------------------ testing $PTII/ptolemy/domains/de/test/auto/TransferInputs.xml
auto.tcl: Setting watchdog for 200 seconds at Thu Jun 07 18:34:04 UTC 2018
5 ms. Memory: 313856K Free: 299139K (95%)
ptolemy.util.test.WatchDog.cancel(): canceling Thu Jun 07 18:34:04 UTC 2018
auto.tcl: Setting watchdog for 200 seconds at Thu Jun 07 18:34:04 UTC 2018
2 ms. Memory: 313856K Free: 299139K (95%)
ptolemy.util.test.WatchDog.cancel(): canceling Thu Jun 07 18:34:04 UTC 2018
------------------ testing $PTII/ptolemy/domains/de/test/auto/TransferOutputs2.xml
auto.tcl: Setting watchdog for 200 seconds at Thu Jun 07 18:34:04 UTC 2018
3 ms. Memory: 313344K Free: 296501K (95%)
ptolemy.util.test.WatchDog.cancel(): canceling Thu Jun 07 18:34:04 UTC 2018
auto.tcl: Setting watchdog for 200 seconds at Thu Jun 07 18:34:04 UTC 2018
3 ms. Memory: 313344K Free: 296501K (95%)
ptolemy.util.test.WatchDog.cancel(): canceling Thu Jun 07 18:34:04 UTC 2018
------------------ testing $PTII/ptolemy/domains/de/test/auto/Trilateration.xml
auto.tcl: Setting watchdog for 200 seconds at Thu Jun 07 18:34:04 UTC 2018
12559 ms. Memory: 391680K Free: 248228K (63%)
ptolemy.util.test.WatchDog.cancel(): canceling Thu Jun 07 18:34:18 UTC 2018
auto.tcl: Setting watchdog for 200 seconds at Thu Jun 07 18:34:18 UTC 2018
9880 ms. Memory: 280576K Free: 120072K (43%)
ptolemy.util.test.WatchDog.cancel(): canceling Thu Jun 07 18:34:28 UTC 2018
------------------ testing $PTII/ptolemy/domains/de/test/auto/TwoSigmaDelta.xml
auto.tcl: Setting watchdog for 200 seconds at Thu Jun 07 18:34:28 UTC 2018
2926 ms. Memory: 272896K Free: 176353K (65%)
ptolemy.util.test.WatchDog.cancel(): canceling Thu Jun 07 18:34:31 UTC 2018
auto.tcl: Setting watchdog for 200 seconds at Thu Jun 07 18:34:31 UTC 2018
2217 ms. Memory: 266240K Free: 130541K (49%)
ptolemy.util.test.WatchDog.cancel(): canceling Thu Jun 07 18:34:33 UTC 2018
------------------ testing $PTII/ptolemy/domains/de/test/auto/VariableDelay.xml
auto.tcl: Setting watchdog for 200 seconds at Thu Jun 07 18:34:33 UTC 2018
2 ms. Memory: 264192K Free: 249564K (94%)
ptolemy.util.test.WatchDog.cancel(): canceling Thu Jun 07 18:34:33 UTC 2018
auto.tcl: Setting watchdog for 200 seconds at Thu Jun 07 18:34:33 UTC 2018
3 ms. Memory: 264192K Free: 249564K (94%)
ptolemy.util.test.WatchDog.cancel(): canceling Thu Jun 07 18:34:33 UTC 2018
------------------ testing $PTII/ptolemy/domains/de/test/auto/VariableDelay2.xml
auto.tcl: Setting watchdog for 200 seconds at Thu Jun 07 18:34:33 UTC 2018
9 ms. Memory: 265728K Free: 253329K (95%)
ptolemy.util.test.WatchDog.cancel(): canceling Thu Jun 07 18:34:33 UTC 2018
auto.tcl: Setting watchdog for 200 seconds at Thu Jun 07 18:34:33 UTC 2018
2 ms. Memory: 265728K Free: 253329K (95%)
ptolemy.util.test.WatchDog.cancel(): canceling Thu Jun 07 18:34:33 UTC 2018
------------------ testing $PTII/ptolemy/domains/de/test/auto/VariableDelayZeroDelay.xml
auto.tcl: Setting watchdog for 200 seconds at Thu Jun 07 18:34:33 UTC 2018
2 ms. Memory: 264192K Free: 249957K (95%)
ptolemy.util.test.WatchDog.cancel(): canceling Thu Jun 07 18:34:33 UTC 2018
auto.tcl: Setting watchdog for 200 seconds at Thu Jun 07 18:34:33 UTC 2018
2 ms. Memory: 264192K Free: 249957K (95%)
ptolemy.util.test.WatchDog.cancel(): canceling Thu Jun 07 18:34:33 UTC 2018
------------------ testing $PTII/ptolemy/domains/de/test/auto/VariableDelayZeroDelay2.xml
auto.tcl: Setting watchdog for 200 seconds at Thu Jun 07 18:34:33 UTC 2018
2 ms. Memory: 265728K Free: 251491K (95%)
ptolemy.util.test.WatchDog.cancel(): canceling Thu Jun 07 18:34:33 UTC 2018
auto.tcl: Setting watchdog for 200 seconds at Thu Jun 07 18:34:33 UTC 2018
1 ms. Memory: 265728K Free: 251491K (95%)
ptolemy.util.test.WatchDog.cancel(): canceling Thu Jun 07 18:34:33 UTC 2018
------------------ testing $PTII/ptolemy/domains/de/test/auto/deInCt.xml
auto.tcl: Setting watchdog for 200 seconds at Thu Jun 07 18:34:33 UTC 2018
0
1
1
1
1
0
0
0
0
0
1
1
1
0
0
0
1
1
1
0
0
0
1
1
1
0
0
0
1
1
1
1
0
0
0
0
1
1
1
1
12 ms. Memory: 264192K Free: 249965K (95%)
ptolemy.util.test.WatchDog.cancel(): canceling Thu Jun 07 18:34:33 UTC 2018
auto.tcl: Setting watchdog for 200 seconds at Thu Jun 07 18:34:33 UTC 2018
0
1
1
1
1
0
0
0
1
1
1
0
0
0
1
1
1
0
0
0
1
1
1
0
0
0
1
1
1
0
0
0
1
1
1
0
0
0
1
1
1
0
0
0
1
1
1
0
0
0
0
1
1
1
0
0
0
1
1
1
1
1
0
0
0
12 ms. Memory: 264192K Free: 247174K (94%)
ptolemy.util.test.WatchDog.cancel(): canceling Thu Jun 07 18:34:33 UTC 2018
------------------ testing $PTII/ptolemy/domains/de/test/auto/deInCt2.xml
auto.tcl: Setting watchdog for 200 seconds at Thu Jun 07 18:34:33 UTC 2018
0
1
1
1
0
0
1
1
1
0
0
1
1
1
0
0
1
1
1
0
0
1
1
1
0
0
1
1
1
0
0
1
1
1
0
0
1
1
1
0
0
0
10 ms. Memory: 265216K Free: 250992K (95%)
ptolemy.util.test.WatchDog.cancel(): canceling Thu Jun 07 18:34:34 UTC 2018
auto.tcl: Setting watchdog for 200 seconds at Thu Jun 07 18:34:34 UTC 2018
0
1
1
1
0
0
1
1
1
0
0
1
1
1
0
0
1
1
1
0
0
1
1
1
0
0
1
1
1
0
0
1
1
1
0
0
1
1
1
0
0
0
6 ms. Memory: 265216K Free: 250992K (95%)
ptolemy.util.test.WatchDog.cancel(): canceling Thu Jun 07 18:34:34 UTC 2018
------------------ testing $PTII/ptolemy/domains/de/test/auto/dynamicCausalityInterface1.xml
auto.tcl: Setting watchdog for 200 seconds at Thu Jun 07 18:34:34 UTC 2018
3 ms. Memory: 264192K Free: 244349K (92%)
ptolemy.util.test.WatchDog.cancel(): canceling Thu Jun 07 18:34:34 UTC 2018
auto.tcl: Setting watchdog for 200 seconds at Thu Jun 07 18:34:34 UTC 2018
0 ms. Memory: 264192K Free: 244349K (92%)
ptolemy.util.test.WatchDog.cancel(): canceling Thu Jun 07 18:34:34 UTC 2018
------------------ testing $PTII/ptolemy/domains/de/test/auto/fsm_de_test.xml
auto.tcl: Setting watchdog for 200 seconds at Thu Jun 07 18:34:34 UTC 2018
19 ms. Memory: 265216K Free: 248083K (94%)
ptolemy.util.test.WatchDog.cancel(): canceling Thu Jun 07 18:34:34 UTC 2018
auto.tcl: Setting watchdog for 200 seconds at Thu Jun 07 18:34:34 UTC 2018
7 ms. Memory: 265216K Free: 245276K (92%)
ptolemy.util.test.WatchDog.cancel(): canceling Thu Jun 07 18:34:34 UTC 2018
------------------ testing $PTII/ptolemy/domains/de/test/auto/functionDependencyReconstruction.xml
auto.tcl: Setting watchdog for 200 seconds at Thu Jun 07 18:34:34 UTC 2018
2 ms. Memory: 264192K Free: 238637K (90%)
ptolemy.util.test.WatchDog.cancel(): canceling Thu Jun 07 18:34:34 UTC 2018
auto.tcl: Setting watchdog for 200 seconds at Thu Jun 07 18:34:34 UTC 2018
4 ms. Memory: 264192K Free: 235830K (89%)
ptolemy.util.test.WatchDog.cancel(): canceling Thu Jun 07 18:34:34 UTC 2018
------------------ testing $PTII/ptolemy/domains/de/test/auto/multirate.xml
auto.tcl: Setting watchdog for 200 seconds at Thu Jun 07 18:34:34 UTC 2018
5 ms. Memory: 265216K Free: 247950K (93%)
ptolemy.util.test.WatchDog.cancel(): canceling Thu Jun 07 18:34:34 UTC 2018
auto.tcl: Setting watchdog for 200 seconds at Thu Jun 07 18:34:34 UTC 2018
3 ms. Memory: 265216K Free: 247950K (93%)
ptolemy.util.test.WatchDog.cancel(): canceling Thu Jun 07 18:34:34 UTC 2018
------------------ testing $PTII/ptolemy/domains/de/test/auto/multirate2.xml
auto.tcl: Setting watchdog for 200 seconds at Thu Jun 07 18:34:34 UTC 2018
3 ms. Memory: 264192K Free: 249897K (95%)
ptolemy.util.test.WatchDog.cancel(): canceling Thu Jun 07 18:34:34 UTC 2018
auto.tcl: Setting watchdog for 200 seconds at Thu Jun 07 18:34:34 UTC 2018
3 ms. Memory: 264192K Free: 247106K (94%)
ptolemy.util.test.WatchDog.cancel(): canceling Thu Jun 07 18:34:34 UTC 2018
------------------ testing $PTII/ptolemy/domains/de/test/auto/realtime.xml
auto.tcl: Setting watchdog for 200 seconds at Thu Jun 07 18:34:34 UTC 2018
10003 ms. Memory: 264704K Free: 250405K (95%)
ptolemy.util.test.WatchDog.cancel(): canceling Thu Jun 07 18:34:44 UTC 2018
auto.tcl: Setting watchdog for 200 seconds at Thu Jun 07 18:34:44 UTC 2018
10001 ms. Memory: 264704K Free: 250405K (95%)
ptolemy.util.test.WatchDog.cancel(): canceling Thu Jun 07 18:34:54 UTC 2018
------------------ testing $PTII/ptolemy/domains/de/test/auto/relationGroup.xml
auto.tcl: Setting watchdog for 200 seconds at Thu Jun 07 18:34:54 UTC 2018
1 ms. Memory: 264192K Free: 252729K (96%)
ptolemy.util.test.WatchDog.cancel(): canceling Thu Jun 07 18:34:54 UTC 2018
auto.tcl: Setting watchdog for 200 seconds at Thu Jun 07 18:34:54 UTC 2018
1 ms. Memory: 264192K Free: 249922K (95%)
ptolemy.util.test.WatchDog.cancel(): canceling Thu Jun 07 18:34:54 UTC 2018
------------------ testing $PTII/ptolemy/domains/de/test/auto/relationGroup2.xml
auto.tcl: Setting watchdog for 200 seconds at Thu Jun 07 18:34:54 UTC 2018
3 ms. Memory: 264704K Free: 253266K (96%)
ptolemy.util.test.WatchDog.cancel(): canceling Thu Jun 07 18:34:54 UTC 2018
auto.tcl: Setting watchdog for 200 seconds at Thu Jun 07 18:34:54 UTC 2018
1 ms. Memory: 264704K Free: 250475K (95%)
ptolemy.util.test.WatchDog.cancel(): canceling Thu Jun 07 18:34:54 UTC 2018
------------------ testing $PTII/ptolemy/domains/de/test/auto/sortWithOpaquePorts.xml
auto.tcl: Setting watchdog for 200 seconds at Thu Jun 07 18:34:54 UTC 2018
1 ms. Memory: 264192K Free: 249949K (95%)
ptolemy.util.test.WatchDog.cancel(): canceling Thu Jun 07 18:34:54 UTC 2018
auto.tcl: Setting watchdog for 200 seconds at Thu Jun 07 18:34:54 UTC 2018
1 ms. Memory: 264192K Free: 249949K (95%)
ptolemy.util.test.WatchDog.cancel(): canceling Thu Jun 07 18:34:54 UTC 2018
------------------ testing $PTII/ptolemy/domains/de/test/auto/transferInputsandOutputs.xml
auto.tcl: Setting watchdog for 200 seconds at Thu Jun 07 18:34:54 UTC 2018
3 ms. Memory: 264704K Free: 247657K (94%)
ptolemy.util.test.WatchDog.cancel(): canceling Thu Jun 07 18:34:54 UTC 2018
auto.tcl: Setting watchdog for 200 seconds at Thu Jun 07 18:34:54 UTC 2018
2 ms. Memory: 264704K Free: 247657K (94%)
ptolemy.util.test.WatchDog.cancel(): canceling Thu Jun 07 18:34:54 UTC 2018
------------------ testing $PTII/ptolemy/domains/de/test/auto/triggerType.xml
auto.tcl: Setting watchdog for 200 seconds at Thu Jun 07 18:34:54 UTC 2018
1 ms. Memory: 264192K Free: 249902K (95%)
ptolemy.util.test.WatchDog.cancel(): canceling Thu Jun 07 18:34:54 UTC 2018
auto.tcl: Setting watchdog for 200 seconds at Thu Jun 07 18:34:54 UTC 2018
1 ms. Memory: 264192K Free: 249902K (95%)
ptolemy.util.test.WatchDog.cancel(): canceling Thu Jun 07 18:34:54 UTC 2018
06/07/18 06:34:54
Failed: 0  Total Tests: 192  ((Passed: 187, Newly Passed: 1)  Known Failed: 5) /home/travis/build/icyphy/ptII/ptolemy/domains/de/test
06/07/18 06:34:54
Failed: 0  Total Tests: 192  ((Passed: 187, Newly Passed: 1)  Known Failed: 5) /home/travis/build/icyphy/ptII/ptolemy/domains/de/test
----------------- testing (KnownFailure) /home/travis/build/icyphy/ptII/ptolemy/domains/de/test/auto/knownFailedTests/DESDFClockTest.xml
2007 ms. Memory: 264704K Free: 242276K (92%)
Known Failure: java.lang.reflect.InvocationTargetException
----------------- testing (KnownFailure) /home/travis/build/icyphy/ptII/ptolemy/domains/de/test/auto/knownFailedTests/DirectFeedback.xml
1 ms. Memory: 264704K Free: 227653K (86%)
Known Failure: java.lang.reflect.InvocationTargetException
----------------- testing (KnownFailure) /home/travis/build/icyphy/ptII/ptolemy/domains/de/test/auto/knownFailedTests/FSMSource.xml
5 ms. Memory: 264704K Free: 209374K (79%)
----------------- testing (KnownFailure) /home/travis/build/icyphy/ptII/ptolemy/domains/de/test/auto/knownFailedTests/HierarchicalModel.xml
1 ms. Memory: 264704K Free: 187420K (71%)
Known Failure: java.lang.reflect.InvocationTargetException
----------------- testing (KnownFailure) /home/travis/build/icyphy/ptII/ptolemy/domains/de/test/auto/knownFailedTests/dependencyLoop.xml
1 ms. Memory: 264704K Free: 158175K (60%)
Known Failure: java.lang.reflect.InvocationTargetException
----------------- testing (KnownFailure) /home/travis/build/icyphy/ptII/ptolemy/domains/de/test/auto/knownFailedTests/dependencyLoop2.xml
1 ms. Memory: 264704K Free: 128904K (49%)
Known Failure: java.lang.reflect.InvocationTargetException
No auto/linux-amd64/*.xml tests in /home/travis/build/icyphy/ptII/ptolemy/domains/de/test
AutoTests.java: About to close Vertx.
AutoTests.java: Vertx closed.

===========================================================================================
----------------- testing Thu Jun 07 18:34:56 UTC 2018 /home/travis/build/icyphy/ptII/ptolemy/domains/de/test/auto/ActorDepthCalculation_actorWithoutPorts.xml
----------------- Instantiating /home/travis/build/icyphy/ptII/ptolemy/domains/de/test/auto/ActorDepthCalculation_actorWithoutPorts.xml
1 ms. Memory: 264704K Free: 106954K (40%)
----------------- Invoking toplevel() on ptolemy.moml.MoMLSimpleApplication@44c55871
----------------- Done invoking toplevel() on ptolemy.moml.MoMLSimpleApplication@44c55871
reloadAllAccessors: .ActorDepthCalculation_actorWithoutPorts

===========================================================================================
----------------- testing Thu Jun 07 18:34:56 UTC 2018 /home/travis/build/icyphy/ptII/ptolemy/domains/de/test/auto/AssemblyLine.xml
----------------- Instantiating /home/travis/build/icyphy/ptII/ptolemy/domains/de/test/auto/AssemblyLine.xml
1 ms. Memory: 264704K Free: 95971K (36%)
----------------- Invoking toplevel() on ptolemy.moml.MoMLSimpleApplication@54a56132
----------------- Done invoking toplevel() on ptolemy.moml.MoMLSimpleApplication@54a56132
reloadAllAccessors: .AssemblyLine

===========================================================================================
----------------- testing Thu Jun 07 18:34:56 UTC 2018 /home/travis/build/icyphy/ptII/ptolemy/domains/de/test/auto/CQBug1.xml
----------------- Instantiating /home/travis/build/icyphy/ptII/ptolemy/domains/de/test/auto/CQBug1.xml
1 ms. Memory: 264704K Free: 88660K (33%)
----------------- Invoking toplevel() on ptolemy.moml.MoMLSimpleApplication@2a1d77cf
----------------- Done invoking toplevel() on ptolemy.moml.MoMLSimpleApplication@2a1d77cf
reloadAllAccessors: .CQBug1

===========================================================================================
----------------- testing Thu Jun 07 18:34:56 UTC 2018 /home/travis/build/icyphy/ptII/ptolemy/domains/de/test/auto/CancelFireAt.xml
----------------- Instantiating /home/travis/build/icyphy/ptII/ptolemy/domains/de/test/auto/CancelFireAt.xml
1 ms. Memory: 264704K Free: 81348K (31%)
----------------- Invoking toplevel() on ptolemy.moml.MoMLSimpleApplication@2b1e3cc3
----------------- Done invoking toplevel() on ptolemy.moml.MoMLSimpleApplication@2b1e3cc3
reloadAllAccessors: .CancelFireAt

===========================================================================================
----------------- testing Thu Jun 07 18:34:56 UTC 2018 /home/travis/build/icyphy/ptII/ptolemy/domains/de/test/auto/CausalityAndComposabilityAnalysis.xml
----------------- Instantiating /home/travis/build/icyphy/ptII/ptolemy/domains/de/test/auto/CausalityAndComposabilityAnalysis.xml
1 ms. Memory: 256512K Free: 245725K (96%)
----------------- Invoking toplevel() on ptolemy.moml.MoMLSimpleApplication@3fa853a2
----------------- Done invoking toplevel() on ptolemy.moml.MoMLSimpleApplication@3fa853a2
reloadAllAccessors: .CausalityAndComposabilityAnalysis

===========================================================================================
----------------- testing Thu Jun 07 18:34:57 UTC 2018 /home/travis/build/icyphy/ptII/ptolemy/domains/de/test/auto/CausalityInterface1.xml
----------------- Instantiating /home/travis/build/icyphy/ptII/ptolemy/domains/de/test/auto/CausalityInterface1.xml
2 ms. Memory: 256512K Free: 236932K (92%)
----------------- Invoking toplevel() on ptolemy.moml.MoMLSimpleApplication@6b8f3589
----------------- Done invoking toplevel() on ptolemy.moml.MoMLSimpleApplication@6b8f3589
reloadAllAccessors: .CausalityInterface1

===========================================================================================
----------------- testing Thu Jun 07 18:34:57 UTC 2018 /home/travis/build/icyphy/ptII/ptolemy/domains/de/test/auto/CausalityInterface15.xml
----------------- Instantiating /home/travis/build/icyphy/ptII/ptolemy/domains/de/test/auto/CausalityInterface15.xml
1 ms. Memory: 256512K Free: 229912K (90%)
----------------- Invoking toplevel() on ptolemy.moml.MoMLSimpleApplication@53a9b280
----------------- Done invoking toplevel() on ptolemy.moml.MoMLSimpleApplication@53a9b280
[...]
java.lang.RuntimeException: Execution failed
	at ptolemy.moml.MoMLSimpleApplication$UnloadThread.run(MoMLSimpleApplication.java:402)
Caused by: ptolemy.kernel.util.IllegalActionException: Test fails in iteration 1.
Value was: 1.0. Should have been: 2.0
  in .DirectFeedback.Test
	at ptolemy.actor.lib.Test.fire(Test.java:268)
	at ptolemy.domains.de.kernel.DEDirector._fire(DEDirector.java:1948)
	at ptolemy.domains.de.kernel.DEDirector.fire(DEDirector.java:502)
	at ptolemy.actor.CompositeActor.fire(CompositeActor.java:455)
	at ptolemy.actor.Manager.iterate(Manager.java:851)
	at ptolemy.actor.Manager.execute(Manager.java:369)
	at ptolemy.actor.Manager.run(Manager.java:1263)
	at ptolemy.actor.Manager$PtolemyRunThread.run(Manager.java:1915)
java.lang.RuntimeException: Execution failed
	at ptolemy.moml.MoMLSimpleApplication$UnloadThread.run(MoMLSimpleApplication.java:402)
Caused by: ptolemy.kernel.util.IllegalActionException: Actor is not ready to fire.  Perhaps UpSample.prefire() returned false? Try debugging the actor by selecting "Listen to Actor".  Also, for SDF check moml for tokenConsumptionRate on input.
  in .DESDFClockTest.Play Bell.Copy1:SDF Director and .DESDFClockTest.Play Bell.UpSample
	at ptolemy.actor.sched.StaticSchedulingDirector.fire(StaticSchedulingDirector.java:227)
	at ptolemy.domains.sdf.kernel.SDFDirector.fire(SDFDirector.java:500)
	at ptolemy.actor.CompositeActor.fire(CompositeActor.java:455)
	at ptolemy.domains.de.kernel.DEDirector._fire(DEDirector.java:1948)
	at ptolemy.domains.de.kernel.DEDirector.fire(DEDirector.java:502)
	at ptolemy.actor.CompositeActor.fire(CompositeActor.java:455)
	at ptolemy.actor.Manager.iterate(Manager.java:851)
	at ptolemy.actor.Manager.execute(Manager.java:369)
	at ptolemy.actor.Manager.run(Manager.java:1263)
	at ptolemy.actor.Manager$PtolemyRunThread.run(Manager.java:1915)
java.lang.reflect.InvocationTargetException
	at sun.reflect.NativeConstructorAccessorImpl.newInstance0(Native Method)
	at sun.reflect.NativeConstructorAccessorImpl.newInstance(NativeConstructorAccessorImpl.java:62)
	at sun.reflect.DelegatingConstructorAccessorImpl.newInstance(DelegatingConstructorAccessorImpl.java:45)
	at java.lang.reflect.Constructor.newInstance(Constructor.java:423)
	at ptolemy.util.test.junit.AutoKnownFailedTests.RunModel(AutoKnownFailedTests.java:107)
	at sun.reflect.NativeMethodAccessorImpl.invoke0(Native Method)
	at sun.reflect.NativeMethodAccessorImpl.invoke(NativeMethodAccessorImpl.java:62)
	at sun.reflect.DelegatingMethodAccessorImpl.invoke(DelegatingMethodAccessorImpl.java:43)
	at java.lang.reflect.Method.invoke(Method.java:498)
	at org.junit.runners.model.FrameworkMethod$1.runReflectiveCall(FrameworkMethod.java:44)
	at org.junit.internal.runners.model.ReflectiveCallable.run(ReflectiveCallable.java:15)
	at org.junit.runners.model.FrameworkMethod.invokeExplosively(FrameworkMethod.java:41)
	at junitparams.internal.InvokeParameterisedMethod.evaluate(InvokeParameterisedMethod.java:102)
	at org.junit.internal.runners.statements.FailOnTimeout$1.run(FailOnTimeout.java:28)
Caused by: ptolemy.kernel.util.IllegalActionException: Actor is not ready to fire.  Perhaps UpSample.prefire() returned false? Try debugging the actor by selecting "Listen to Actor".  Also, for SDF check moml for tokenConsumptionRate on input.
  in .DESDFClockTest.Play Bell.Copy1:SDF Director and .DESDFClockTest.Play Bell.UpSample
	at ptolemy.actor.sched.StaticSchedulingDirector.fire(StaticSchedulingDirector.java:227)
	at ptolemy.domains.sdf.kernel.SDFDirector.fire(SDFDirector.java:500)
	at ptolemy.actor.CompositeActor.fire(CompositeActor.java:455)
	at ptolemy.domains.de.kernel.DEDirector._fire(DEDirector.java:1948)
	at ptolemy.domains.de.kernel.DEDirector.fire(DEDirector.java:502)
	at ptolemy.actor.CompositeActor.fire(CompositeActor.java:455)
	at ptolemy.actor.Manager.iterate(Manager.java:851)
	at ptolemy.actor.Manager.execute(Manager.java:369)
	at ptolemy.actor.Manager.run(Manager.java:1263)
	at ptolemy.actor.Manager$PtolemyRunThread.run(Manager.java:1915)
java.lang.RuntimeException: Execution failed
	at ptolemy.moml.MoMLSimpleApplication$UnloadThread.run(MoMLSimpleApplication.java:402)
Caused by: ptolemy.kernel.util.IllegalActionException: Test fails in iteration 1.
Value was: 1.0. Should have been: 2.0
  in .DirectFeedback.Test
	at ptolemy.actor.lib.Test.fire(Test.java:268)
	at ptolemy.domains.de.kernel.DEDirector._fire(DEDirector.java:1948)
	at ptolemy.domains.de.kernel.DEDirector.fire(DEDirector.java:502)
	at ptolemy.actor.CompositeActor.fire(CompositeActor.java:455)
	at ptolemy.actor.Manager.iterate(Manager.java:851)
	at ptolemy.actor.Manager.execute(Manager.java:369)
	at ptolemy.actor.Manager.run(Manager.java:1263)
	at ptolemy.actor.Manager$PtolemyRunThread.run(Manager.java:1915)
java.lang.reflect.InvocationTargetException
	at sun.reflect.NativeConstructorAccessorImpl.newInstance0(Native Method)
	at sun.reflect.NativeConstructorAccessorImpl.newInstance(NativeConstructorAccessorImpl.java:62)
	at sun.reflect.DelegatingConstructorAccessorImpl.newInstance(DelegatingConstructorAccessorImpl.java:45)
	at java.lang.reflect.Constructor.newInstance(Constructor.java:423)
	at ptolemy.util.test.junit.AutoKnownFailedTests.RunModel(AutoKnownFailedTests.java:107)
	at sun.reflect.NativeMethodAccessorImpl.invoke0(Native Method)
	at sun.reflect.NativeMethodAccessorImpl.invoke(NativeMethodAccessorImpl.java:62)
	at sun.reflect.DelegatingMethodAccessorImpl.invoke(DelegatingMethodAccessorImpl.java:43)
	at java.lang.reflect.Method.invoke(Method.java:498)
	at org.junit.runners.model.FrameworkMethod$1.runReflectiveCall(FrameworkMethod.java:44)
	at org.junit.internal.runners.model.ReflectiveCallable.run(ReflectiveCallable.java:15)
	at org.junit.runners.model.FrameworkMethod.invokeExplosively(FrameworkMethod.java:41)
	at junitparams.internal.InvokeParameterisedMethod.evaluate(InvokeParameterisedMethod.java:102)
	at org.junit.internal.runners.statements.FailOnTimeout$1.run(FailOnTimeout.java:28)
Caused by: ptolemy.kernel.util.IllegalActionException: Test fails in iteration 1.
Value was: 1.0. Should have been: 2.0
  in .DirectFeedback.Test
	at ptolemy.actor.lib.Test.fire(Test.java:268)
	at ptolemy.domains.de.kernel.DEDirector._fire(DEDirector.java:1948)
	at ptolemy.domains.de.kernel.DEDirector.fire(DEDirector.java:502)
	at ptolemy.actor.CompositeActor.fire(CompositeActor.java:455)
	at ptolemy.actor.Manager.iterate(Manager.java:851)
	at ptolemy.actor.Manager.execute(Manager.java:369)
	at ptolemy.actor.Manager.run(Manager.java:1263)
	at ptolemy.actor.Manager$PtolemyRunThread.run(Manager.java:1915)
java.lang.RuntimeException: Execution failed
	at ptolemy.moml.MoMLSimpleApplication$UnloadThread.run(MoMLSimpleApplication.java:402)
Caused by: ptolemy.kernel.util.IllegalActionException: Found a zero delay loop containing .HierarchicalModel.A
  in .HierarchicalModel and .HierarchicalModel.A
	at ptolemy.actor.util.CausalityInterfaceForComposites._computeOutputPortDepth(CausalityInterfaceForComposites.java:759)
	at ptolemy.actor.util.CausalityInterfaceForComposites._computeInputDepth(CausalityInterfaceForComposites.java:696)
	at ptolemy.actor.util.CausalityInterfaceForComposites._computeOutputPortDepth(CausalityInterfaceForComposites.java:765)
	at ptolemy.actor.util.CausalityInterfaceForComposites._computeInputDepth(CausalityInterfaceForComposites.java:696)
	at ptolemy.actor.util.CausalityInterfaceForComposites._computeOutputPortDepth(CausalityInterfaceForComposites.java:765)
	at ptolemy.actor.util.CausalityInterfaceForComposites._computeInputDepth(CausalityInterfaceForComposites.java:696)
	at ptolemy.actor.util.CausalityInterfaceForComposites._computeActorDepth(CausalityInterfaceForComposites.java:532)
	at ptolemy.actor.util.CausalityInterfaceForComposites.checkForCycles(CausalityInterfaceForComposites.java:96)
	at ptolemy.domains.de.kernel.DEDirector.preinitialize(DEDirector.java:1337)
	at ptolemy.actor.CompositeActor.preinitialize(CompositeActor.java:1828)
	at ptolemy.actor.Manager.preinitializeAndResolveTypes(Manager.java:1040)
	at ptolemy.actor.Manager.initialize(Manager.java:710)
	at ptolemy.actor.Manager.execute(Manager.java:356)
	at ptolemy.actor.Manager.run(Manager.java:1263)
	at ptolemy.actor.Manager$PtolemyRunThread.run(Manager.java:1915)
java.lang.reflect.InvocationTargetException
	at sun.reflect.NativeConstructorAccessorImpl.newInstance0(Native Method)
	at sun.reflect.NativeConstructorAccessorImpl.newInstance(NativeConstructorAccessorImpl.java:62)
	at sun.reflect.DelegatingConstructorAccessorImpl.newInstance(DelegatingConstructorAccessorImpl.java:45)
	at java.lang.reflect.Constructor.newInstance(Constructor.java:423)
	at ptolemy.util.test.junit.AutoKnownFailedTests.RunModel(AutoKnownFailedTests.java:107)
	at sun.reflect.NativeMethodAccessorImpl.invoke0(Native Method)
	at sun.reflect.NativeMethodAccessorImpl.invoke(NativeMethodAccessorImpl.java:62)
	at sun.reflect.DelegatingMethodAccessorImpl.invoke(DelegatingMethodAccessorImpl.java:43)
	at java.lang.reflect.Method.invoke(Method.java:498)
	at org.junit.runners.model.FrameworkMethod$1.runReflectiveCall(FrameworkMethod.java:44)
	at org.junit.internal.runners.model.ReflectiveCallable.run(ReflectiveCallable.java:15)
	at org.junit.runners.model.FrameworkMethod.invokeExplosively(FrameworkMethod.java:41)
	at junitparams.internal.InvokeParameterisedMethod.evaluate(InvokeParameterisedMethod.java:102)
	at org.junit.internal.runners.statements.FailOnTimeout$1.run(FailOnTimeout.java:28)
Caused by: ptolemy.kernel.util.IllegalActionException: Found a zero delay loop containing .HierarchicalModel.A
  in .HierarchicalModel and .HierarchicalModel.A
	at ptolemy.actor.util.CausalityInterfaceForComposites._computeOutputPortDepth(CausalityInterfaceForComposites.java:759)
	at ptolemy.actor.util.CausalityInterfaceForComposites._computeInputDepth(CausalityInterfaceForComposites.java:696)
	at ptolemy.actor.util.CausalityInterfaceForComposites._computeOutputPortDepth(CausalityInterfaceForComposites.java:765)
	at ptolemy.actor.util.CausalityInterfaceForComposites._computeInputDepth(CausalityInterfaceForComposites.java:696)
	at ptolemy.actor.util.CausalityInterfaceForComposites._computeOutputPortDepth(CausalityInterfaceForComposites.java:765)
	at ptolemy.actor.util.CausalityInterfaceForComposites._computeInputDepth(CausalityInterfaceForComposites.java:696)
	at ptolemy.actor.util.CausalityInterfaceForComposites._computeActorDepth(CausalityInterfaceForComposites.java:532)
	at ptolemy.actor.util.CausalityInterfaceForComposites.checkForCycles(CausalityInterfaceForComposites.java:96)
	at ptolemy.domains.de.kernel.DEDirector.preinitialize(DEDirector.java:1337)
	at ptolemy.actor.CompositeActor.preinitialize(CompositeActor.java:1828)
	at ptolemy.actor.Manager.preinitializeAndResolveTypes(Manager.java:1040)
	at ptolemy.actor.Manager.initialize(Manager.java:710)
	at ptolemy.actor.Manager.execute(Manager.java:356)
	at ptolemy.actor.Manager.run(Manager.java:1263)
	at ptolemy.actor.Manager$PtolemyRunThread.run(Manager.java:1915)
java.lang.RuntimeException: Execution failed
	at ptolemy.moml.MoMLSimpleApplication$UnloadThread.run(MoMLSimpleApplication.java:402)
Caused by: ptolemy.kernel.util.IllegalActionException: Found a zero delay loop containing .dependencyLoop.original
  in .dependencyLoop and .dependencyLoop.original
	at ptolemy.actor.util.CausalityInterfaceForComposites._computeOutputPortDepth(CausalityInterfaceForComposites.java:759)
	at ptolemy.actor.util.CausalityInterfaceForComposites._computeInputDepth(CausalityInterfaceForComposites.java:696)
	at ptolemy.actor.util.CausalityInterfaceForComposites._computeOutputPortDepth(CausalityInterfaceForComposites.java:765)
	at ptolemy.actor.util.CausalityInterfaceForComposites._computeInputDepth(CausalityInterfaceForComposites.java:696)
	at ptolemy.actor.util.CausalityInterfaceForComposites._computeOutputPortDepth(CausalityInterfaceForComposites.java:765)
	at ptolemy.actor.util.CausalityInterfaceForComposites._computeInputDepth(CausalityInterfaceForComposites.java:696)
	at ptolemy.actor.util.CausalityInterfaceForComposites._computeActorDepth(CausalityInterfaceForComposites.java:532)
	at ptolemy.actor.util.CausalityInterfaceForComposites.checkForCycles(CausalityInterfaceForComposites.java:96)
	at ptolemy.domains.de.kernel.DEDirector.preinitialize(DEDirector.java:1337)
	at ptolemy.actor.CompositeActor.preinitialize(CompositeActor.java:1828)
	at ptolemy.actor.Manager.preinitializeAndResolveTypes(Manager.java:1040)
	at ptolemy.actor.Manager.initialize(Manager.java:710)
	at ptolemy.actor.Manager.execute(Manager.java:356)
	at ptolemy.actor.Manager.run(Manager.java:1263)
	at ptolemy.actor.Manager$PtolemyRunThread.run(Manager.java:1915)
java.lang.reflect.InvocationTargetException
	at sun.reflect.NativeConstructorAccessorImpl.newInstance0(Native Method)
	at sun.reflect.NativeConstructorAccessorImpl.newInstance(NativeConstructorAccessorImpl.java:62)
	at sun.reflect.DelegatingConstructorAccessorImpl.newInstance(DelegatingConstructorAccessorImpl.java:45)
	at java.lang.reflect.Constructor.newInstance(Constructor.java:423)
	at ptolemy.util.test.junit.AutoKnownFailedTests.RunModel(AutoKnownFailedTests.java:107)
	at sun.reflect.NativeMethodAccessorImpl.invoke0(Native Method)
	at sun.reflect.NativeMethodAccessorImpl.invoke(NativeMethodAccessorImpl.java:62)
	at sun.reflect.DelegatingMethodAccessorImpl.invoke(DelegatingMethodAccessorImpl.java:43)
	at java.lang.reflect.Method.invoke(Method.java:498)
	at org.junit.runners.model.FrameworkMethod$1.runReflectiveCall(FrameworkMethod.java:44)
	at org.junit.internal.runners.model.ReflectiveCallable.run(ReflectiveCallable.java:15)
	at org.junit.runners.model.FrameworkMethod.invokeExplosively(FrameworkMethod.java:41)
	at junitparams.internal.InvokeParameterisedMethod.evaluate(InvokeParameterisedMethod.java:102)
	at org.junit.internal.runners.statements.FailOnTimeout$1.run(FailOnTimeout.java:28)
Caused by: ptolemy.kernel.util.IllegalActionException: Found a zero delay loop containing .dependencyLoop.original
  in .dependencyLoop and .dependencyLoop.original
	at ptolemy.actor.util.CausalityInterfaceForComposites._computeOutputPortDepth(CausalityInterfaceForComposites.java:759)
	at ptolemy.actor.util.CausalityInterfaceForComposites._computeInputDepth(CausalityInterfaceForComposites.java:696)
	at ptolemy.actor.util.CausalityInterfaceForComposites._computeOutputPortDepth(CausalityInterfaceForComposites.java:765)
	at ptolemy.actor.util.CausalityInterfaceForComposites._computeInputDepth(CausalityInterfaceForComposites.java:696)
	at ptolemy.actor.util.CausalityInterfaceForComposites._computeOutputPortDepth(CausalityInterfaceForComposites.java:765)
	at ptolemy.actor.util.CausalityInterfaceForComposites._computeInputDepth(CausalityInterfaceForComposites.java:696)
	at ptolemy.actor.util.CausalityInterfaceForComposites._computeActorDepth(CausalityInterfaceForComposites.java:532)
	at ptolemy.actor.util.CausalityInterfaceForComposites.checkForCycles(CausalityInterfaceForComposites.java:96)
	at ptolemy.domains.de.kernel.DEDirector.preinitialize(DEDirector.java:1337)
	at ptolemy.actor.CompositeActor.preinitialize(CompositeActor.java:1828)
	at ptolemy.actor.Manager.preinitializeAndResolveTypes(Manager.java:1040)
	at ptolemy.actor.Manager.initialize(Manager.java:710)
	at ptolemy.actor.Manager.execute(Manager.java:356)
	at ptolemy.actor.Manager.run(Manager.java:1263)
	at ptolemy.actor.Manager$PtolemyRunThread.run(Manager.java:1915)
java.lang.RuntimeException: Execution failed
	at ptolemy.moml.MoMLSimpleApplication$UnloadThread.run(MoMLSimpleApplication.java:402)
Caused by: ptolemy.kernel.util.IllegalActionException: Found a zero delay loop containing .dependencyLoop2.original
  in .dependencyLoop2 and .dependencyLoop2.original
	at ptolemy.actor.util.CausalityInterfaceForComposites._computeOutputPortDepth(CausalityInterfaceForComposites.java:759)
	at ptolemy.actor.util.CausalityInterfaceForComposites._computeInputDepth(CausalityInterfaceForComposites.java:696)
	at ptolemy.actor.util.CausalityInterfaceForComposites._computeOutputPortDepth(CausalityInterfaceForComposites.java:765)
	at ptolemy.actor.util.CausalityInterfaceForComposites._computeInputDepth(CausalityInterfaceForComposites.java:696)
	at ptolemy.actor.util.CausalityInterfaceForComposites._computeOutputPortDepth(CausalityInterfaceForComposites.java:765)
	at ptolemy.actor.util.CausalityInterfaceForComposites._computeInputDepth(CausalityInterfaceForComposites.java:696)
	at ptolemy.actor.util.CausalityInterfaceForComposites._computeActorDepth(CausalityInterfaceForComposites.java:532)
	at ptolemy.actor.util.CausalityInterfaceForComposites.checkForCycles(CausalityInterfaceForComposites.java:96)
	at ptolemy.domains.de.kernel.DEDirector.preinitialize(DEDirector.java:1337)
	at ptolemy.actor.CompositeActor.preinitialize(CompositeActor.java:1828)
	at ptolemy.actor.Manager.preinitializeAndResolveTypes(Manager.java:1040)
	at ptolemy.actor.Manager.initialize(Manager.java:710)
	at ptolemy.actor.Manager.execute(Manager.java:356)
	at ptolemy.actor.Manager.run(Manager.java:1263)
	at ptolemy.actor.Manager$PtolemyRunThread.run(Manager.java:1915)
java.lang.reflect.InvocationTargetException
	at sun.reflect.NativeConstructorAccessorImpl.newInstance0(Native Method)
	at sun.reflect.NativeConstructorAccessorImpl.newInstance(NativeConstructorAccessorImpl.java:62)
	at sun.reflect.DelegatingConstructorAccessorImpl.newInstance(DelegatingConstructorAccessorImpl.java:45)
	at java.lang.reflect.Constructor.newInstance(Constructor.java:423)
	at ptolemy.util.test.junit.AutoKnownFailedTests.RunModel(AutoKnownFailedTests.java:107)
	at sun.reflect.NativeMethodAccessorImpl.invoke0(Native Method)
	at sun.reflect.NativeMethodAccessorImpl.invoke(NativeMethodAccessorImpl.java:62)
	at sun.reflect.DelegatingMethodAccessorImpl.invoke(DelegatingMethodAccessorImpl.java:43)
	at java.lang.reflect.Method.invoke(Method.java:498)
	at org.junit.runners.model.FrameworkMethod$1.runReflectiveCall(FrameworkMethod.java:44)
	at org.junit.internal.runners.model.ReflectiveCallable.run(ReflectiveCallable.java:15)
	at org.junit.runners.model.FrameworkMethod.invokeExplosively(FrameworkMethod.java:41)
	at junitparams.internal.InvokeParameterisedMethod.evaluate(InvokeParameterisedMethod.java:102)
	at org.junit.internal.runners.statements.FailOnTimeout$1.run(FailOnTimeout.java:28)
Caused by: ptolemy.kernel.util.IllegalActionException: Found a zero delay loop containing .dependencyLoop2.original
  in .dependencyLoop2 and .dependencyLoop2.original
	at ptolemy.actor.util.CausalityInterfaceForComposites._computeOutputPortDepth(CausalityInterfaceForComposites.java:759)
	at ptolemy.actor.util.CausalityInterfaceForComposites._computeInputDepth(CausalityInterfaceForComposites.java:696)
	at ptolemy.actor.util.CausalityInterfaceForComposites._computeOutputPortDepth(CausalityInterfaceForComposites.java:765)
	at ptolemy.actor.util.CausalityInterfaceForComposites._computeInputDepth(CausalityInterfaceForComposites.java:696)
	at ptolemy.actor.util.CausalityInterfaceForComposites._computeOutputPortDepth(CausalityInterfaceForComposites.java:765)
	at ptolemy.actor.util.CausalityInterfaceForComposites._computeInputDepth(CausalityInterfaceForComposites.java:696)
	at ptolemy.actor.util.CausalityInterfaceForComposites._computeActorDepth(CausalityInterfaceForComposites.java:532)
	at ptolemy.actor.util.CausalityInterfaceForComposites.checkForCycles(CausalityInterfaceForComposites.java:96)
	at ptolemy.domains.de.kernel.DEDirector.preinitialize(DEDirector.java:1337)
	at ptolemy.actor.CompositeActor.preinitialize(CompositeActor.java:1828)
	at ptolemy.actor.Manager.preinitializeAndResolveTypes(Manager.java:1040)
	at ptolemy.actor.Manager.initialize(Manager.java:710)
	at ptolemy.actor.Manager.execute(Manager.java:356)
	at ptolemy.actor.Manager.run(Manager.java:1263)
	at ptolemy.actor.Manager$PtolemyRunThread.run(Manager.java:1915)
]]></system-err>
</testsuite>
