<?xml version="1.0" encoding="UTF-8" ?>
<testsuite errors="0" failures="0" hostname="travis-job-6d4689e9-837f-4b3b-99ef-ef447ba8c94a" name="ptolemy.domains.de.test.junit.JUnitTclTest" skipped="0" tests="101" time="130.13" timestamp="2018-06-13T19:38:21">
  <properties>
[...]
</properties>
  <testcase classname="ptolemy.util.test.junit.TclTests" name="[0] /home/travis/build/icyphy/ptII/ptolemy/domains/de/test/DependencyLoop.tcl (RunTclFile)" time="0.88" />
  <testcase classname="ptolemy.util.test.junit.TclTests" name="[1] /home/travis/build/icyphy/ptII/ptolemy/domains/de/test/RunDETestsAsQSS.tcl (RunTclFile)" time="88.943" />
  <testcase classname="ptolemy.util.test.junit.AutoKnownFailedTests" name="[0] /home/travis/build/icyphy/ptII/ptolemy/domains/de/test/auto/knownFailedTests/DESDFClockTest.xml (RunModel)" time="2.03" />
  <testcase classname="ptolemy.util.test.junit.AutoKnownFailedTests" name="[1] /home/travis/build/icyphy/ptII/ptolemy/domains/de/test/auto/knownFailedTests/DirectFeedback.xml (RunModel)" time="0.012" />
  <testcase classname="ptolemy.util.test.junit.AutoKnownFailedTests" name="[2] /home/travis/build/icyphy/ptII/ptolemy/domains/de/test/auto/knownFailedTests/FSMSource.xml (RunModel)" time="0.019" />
  <testcase classname="ptolemy.util.test.junit.AutoKnownFailedTests" name="[3] /home/travis/build/icyphy/ptII/ptolemy/domains/de/test/auto/knownFailedTests/HierarchicalModel.xml (RunModel)" time="0.029" />
  <testcase classname="ptolemy.util.test.junit.AutoKnownFailedTests" name="[4] /home/travis/build/icyphy/ptII/ptolemy/domains/de/test/auto/knownFailedTests/dependencyLoop.xml (RunModel)" time="0.068" />
  <testcase classname="ptolemy.util.test.junit.AutoKnownFailedTests" name="[5] /home/travis/build/icyphy/ptII/ptolemy/domains/de/test/auto/knownFailedTests/dependencyLoop2.xml (RunModel)" time="0.068" />
  <testcase classname="ptolemy.util.test.junit.AutoNameArchTests" name="[0] ThereAreNoAutoArchTests (RunModel)" time="0.001" />
  <testcase classname="ptolemy.util.test.junit.AutoTests" name="[0] /home/travis/build/icyphy/ptII/ptolemy/domains/de/test/auto/ActorDepthCalculation_actorWithoutPorts.xml (RunModel)" time="0.017" />
  <testcase classname="ptolemy.util.test.junit.AutoTests" name="[1] /home/travis/build/icyphy/ptII/ptolemy/domains/de/test/auto/AssemblyLine.xml (RunModel)" time="0.023" />
  <testcase classname="ptolemy.util.test.junit.AutoTests" name="[2] /home/travis/build/icyphy/ptII/ptolemy/domains/de/test/auto/CQBug1.xml (RunModel)" time="0.007" />
  <testcase classname="ptolemy.util.test.junit.AutoTests" name="[3] /home/travis/build/icyphy/ptII/ptolemy/domains/de/test/auto/CancelFireAt.xml (RunModel)" time="0.004" />
  <testcase classname="ptolemy.util.test.junit.AutoTests" name="[4] /home/travis/build/icyphy/ptII/ptolemy/domains/de/test/auto/CausalityAndComposabilityAnalysis.xml (RunModel)" time="0.013" />
  <testcase classname="ptolemy.util.test.junit.AutoTests" name="[5] /home/travis/build/icyphy/ptII/ptolemy/domains/de/test/auto/CausalityInterface1.xml (RunModel)" time="0.017" />
  <testcase classname="ptolemy.util.test.junit.AutoTests" name="[6] /home/travis/build/icyphy/ptII/ptolemy/domains/de/test/auto/CausalityInterface15.xml (RunModel)" time="0.016" />
  <testcase classname="ptolemy.util.test.junit.AutoTests" name="[7] /home/travis/build/icyphy/ptII/ptolemy/domains/de/test/auto/CausalityInterface2.xml (RunModel)" time="0.014" />
  <testcase classname="ptolemy.util.test.junit.AutoTests" name="[8] /home/travis/build/icyphy/ptII/ptolemy/domains/de/test/auto/CausalityInterface3.xml (RunModel)" time="0.012" />
  <testcase classname="ptolemy.util.test.junit.AutoTests" name="[9] /home/travis/build/icyphy/ptII/ptolemy/domains/de/test/auto/ClockDrift.xml (RunModel)" time="0.027" />
  <testcase classname="ptolemy.util.test.junit.AutoTests" name="[10] /home/travis/build/icyphy/ptII/ptolemy/domains/de/test/auto/ClockDriftAndValueChange.xml (RunModel)" time="0.023" />
  <testcase classname="ptolemy.util.test.junit.AutoTests" name="[11] /home/travis/build/icyphy/ptII/ptolemy/domains/de/test/auto/ClockDriftChange.xml (RunModel)" time="0.022" />
  <testcase classname="ptolemy.util.test.junit.AutoTests" name="[12] /home/travis/build/icyphy/ptII/ptolemy/domains/de/test/auto/ComposableCausalityAnalysis.xml (RunModel)" time="0.009" />
  <testcase classname="ptolemy.util.test.junit.AutoTests" name="[13] /home/travis/build/icyphy/ptII/ptolemy/domains/de/test/auto/DEFixedPointLimitation.xml (RunModel)" time="0.007" />
  <testcase classname="ptolemy.util.test.junit.AutoTests" name="[14] /home/travis/build/icyphy/ptII/ptolemy/domains/de/test/auto/DEScheduleTest.xml (RunModel)" time="0.008" />
  <testcase classname="ptolemy.util.test.junit.AutoTests" name="[15] /home/travis/build/icyphy/ptII/ptolemy/domains/de/test/auto/DEinDEwithStartTimes.xml (RunModel)" time="0.014" />
  <testcase classname="ptolemy.util.test.junit.AutoTests" name="[16] /home/travis/build/icyphy/ptII/ptolemy/domains/de/test/auto/DEinDEwithStartTimes2.xml (RunModel)" time="0.015" />
  <testcase classname="ptolemy.util.test.junit.AutoTests" name="[17] /home/travis/build/icyphy/ptII/ptolemy/domains/de/test/auto/DateDemo.xml (RunModel)" time="0.026" />
  <testcase classname="ptolemy.util.test.junit.AutoTests" name="[18] /home/travis/build/icyphy/ptII/ptolemy/domains/de/test/auto/DateToEvent.xml (RunModel)" time="2.03" />
  <testcase classname="ptolemy.util.test.junit.AutoTests" name="[19] /home/travis/build/icyphy/ptII/ptolemy/domains/de/test/auto/DepthTest1.xml (RunModel)" time="0.024" />
  <testcase classname="ptolemy.util.test.junit.AutoTests" name="[20] /home/travis/build/icyphy/ptII/ptolemy/domains/de/test/auto/DepthTest2.xml (RunModel)" time="0.019" />
  <testcase classname="ptolemy.util.test.junit.AutoTests" name="[21] /home/travis/build/icyphy/ptII/ptolemy/domains/de/test/auto/DepthTest3.xml (RunModel)" time="0.009" />
  <testcase classname="ptolemy.util.test.junit.AutoTests" name="[22] /home/travis/build/icyphy/ptII/ptolemy/domains/de/test/auto/DepthTest4.xml (RunModel)" time="0.02" />
  <testcase classname="ptolemy.util.test.junit.AutoTests" name="[23] /home/travis/build/icyphy/ptII/ptolemy/domains/de/test/auto/DepthTest5.xml (RunModel)" time="0.015" />
  <testcase classname="ptolemy.util.test.junit.AutoTests" name="[24] /home/travis/build/icyphy/ptII/ptolemy/domains/de/test/auto/DepthTest6.xml (RunModel)" time="0.013" />
  <testcase classname="ptolemy.util.test.junit.AutoTests" name="[25] /home/travis/build/icyphy/ptII/ptolemy/domains/de/test/auto/DepthTest7.xml (RunModel)" time="0.013" />
  <testcase classname="ptolemy.util.test.junit.AutoTests" name="[26] /home/travis/build/icyphy/ptII/ptolemy/domains/de/test/auto/EventToDate.xml (RunModel)" time="3.039" />
  <testcase classname="ptolemy.util.test.junit.AutoTests" name="[27] /home/travis/build/icyphy/ptII/ptolemy/domains/de/test/auto/FSM1.xml (RunModel)" time="0.033" />
  <testcase classname="ptolemy.util.test.junit.AutoTests" name="[28] /home/travis/build/icyphy/ptII/ptolemy/domains/de/test/auto/FSM7.xml (RunModel)" time="0.032" />
  <testcase classname="ptolemy.util.test.junit.AutoTests" name="[29] /home/travis/build/icyphy/ptII/ptolemy/domains/de/test/auto/Inspection.xml (RunModel)" time="0.039" />
  <testcase classname="ptolemy.util.test.junit.AutoTests" name="[30] /home/travis/build/icyphy/ptII/ptolemy/domains/de/test/auto/Iteration.xml (RunModel)" time="0.019" />
  <testcase classname="ptolemy.util.test.junit.AutoTests" name="[31] /home/travis/build/icyphy/ptII/ptolemy/domains/de/test/auto/LineFault.xml (RunModel)" time="0.629" />
  <testcase classname="ptolemy.util.test.junit.AutoTests" name="[32] /home/travis/build/icyphy/ptII/ptolemy/domains/de/test/auto/MergeModel1Add.xml (RunModel)" time="0.049" />
  <testcase classname="ptolemy.util.test.junit.AutoTests" name="[33] /home/travis/build/icyphy/ptII/ptolemy/domains/de/test/auto/MergeModel2Add.xml (RunModel)" time="0.047" />
  <testcase classname="ptolemy.util.test.junit.AutoTests" name="[34] /home/travis/build/icyphy/ptII/ptolemy/domains/de/test/auto/MergeModel3Add.xml (RunModel)" time="0.044" />
  <testcase classname="ptolemy.util.test.junit.AutoTests" name="[35] /home/travis/build/icyphy/ptII/ptolemy/domains/de/test/auto/MergeWithoutDiscard.xml (RunModel)" time="0.011" />
  <testcase classname="ptolemy.util.test.junit.AutoTests" name="[36] /home/travis/build/icyphy/ptII/ptolemy/domains/de/test/auto/Modal1.xml (RunModel)" time="0.031" />
  <testcase classname="ptolemy.util.test.junit.AutoTests" name="[37] /home/travis/build/icyphy/ptII/ptolemy/domains/de/test/auto/Modal2.xml (RunModel)" time="0.04" />
  <testcase classname="ptolemy.util.test.junit.AutoTests" name="[38] /home/travis/build/icyphy/ptII/ptolemy/domains/de/test/auto/Modal3.xml (RunModel)" time="0.032" />
  <testcase classname="ptolemy.util.test.junit.AutoTests" name="[39] /home/travis/build/icyphy/ptII/ptolemy/domains/de/test/auto/Modal4.xml (RunModel)" time="0.033" />
  <testcase classname="ptolemy.util.test.junit.AutoTests" name="[40] /home/travis/build/icyphy/ptII/ptolemy/domains/de/test/auto/Modal5.xml (RunModel)" time="0.032" />
  <testcase classname="ptolemy.util.test.junit.AutoTests" name="[41] /home/travis/build/icyphy/ptII/ptolemy/domains/de/test/auto/Modal6.xml (RunModel)" time="0.031" />
  <testcase classname="ptolemy.util.test.junit.AutoTests" name="[42] /home/travis/build/icyphy/ptII/ptolemy/domains/de/test/auto/Modal7.xml (RunModel)" time="0.035" />
  <testcase classname="ptolemy.util.test.junit.AutoTests" name="[43] /home/travis/build/icyphy/ptII/ptolemy/domains/de/test/auto/ModalModel.xml (RunModel)" time="0.182" />
  <testcase classname="ptolemy.util.test.junit.AutoTests" name="[44] /home/travis/build/icyphy/ptII/ptolemy/domains/de/test/auto/ModalSource.xml (RunModel)" time="0.018" />
  <testcase classname="ptolemy.util.test.junit.AutoTests" name="[45] /home/travis/build/icyphy/ptII/ptolemy/domains/de/test/auto/NonInterruptibleTimerZeroDelay.xml (RunModel)" time="0.013" />
  <testcase classname="ptolemy.util.test.junit.AutoTests" name="[46] /home/travis/build/icyphy/ptII/ptolemy/domains/de/test/auto/OpenQueueingNetwork.xml (RunModel)" time="2.48" />
  <testcase classname="ptolemy.util.test.junit.AutoTests" name="[47] /home/travis/build/icyphy/ptII/ptolemy/domains/de/test/auto/OpenQueuingNetwork.xml (RunModel)" time="0.311" />
  <testcase classname="ptolemy.util.test.junit.AutoTests" name="[48] /home/travis/build/icyphy/ptII/ptolemy/domains/de/test/auto/PeriodicSampler.xml (RunModel)" time="0.008" />
  <testcase classname="ptolemy.util.test.junit.AutoTests" name="[49] /home/travis/build/icyphy/ptII/ptolemy/domains/de/test/auto/PersistentIO.xml (RunModel)" time="0.019" />
  <testcase classname="ptolemy.util.test.junit.AutoTests" name="[50] /home/travis/build/icyphy/ptII/ptolemy/domains/de/test/auto/PortParameterResetOnInitialize.xml (RunModel)" time="0.009" />
  <testcase classname="ptolemy.util.test.junit.AutoTests" name="[51] /home/travis/build/icyphy/ptII/ptolemy/domains/de/test/auto/PortParameterUpdates.xml (RunModel)" time="0.017" />
  <testcase classname="ptolemy.util.test.junit.AutoTests" name="[52] /home/travis/build/icyphy/ptII/ptolemy/domains/de/test/auto/QueueAndServer.xml (RunModel)" time="0.023" />
  <testcase classname="ptolemy.util.test.junit.AutoTests" name="[53] /home/travis/build/icyphy/ptII/ptolemy/domains/de/test/auto/Records.xml (RunModel)" time="0.019" />
  <testcase classname="ptolemy.util.test.junit.AutoTests" name="[54] /home/travis/build/icyphy/ptII/ptolemy/domains/de/test/auto/ResetTransitionWithStartTime1.xml (RunModel)" time="0.024" />
  <testcase classname="ptolemy.util.test.junit.AutoTests" name="[55] /home/travis/build/icyphy/ptII/ptolemy/domains/de/test/auto/ResetTransitionWithStartTime2.xml (RunModel)" time="0.021" />
  <testcase classname="ptolemy.util.test.junit.AutoTests" name="[56] /home/travis/build/icyphy/ptII/ptolemy/domains/de/test/auto/ResetTransitionWithStartTime3.xml (RunModel)" time="0.027" />
  <testcase classname="ptolemy.util.test.junit.AutoTests" name="[57] /home/travis/build/icyphy/ptII/ptolemy/domains/de/test/auto/ResetTransitionWithStartTime4.xml (RunModel)" time="0.018" />
  <testcase classname="ptolemy.util.test.junit.AutoTests" name="[58] /home/travis/build/icyphy/ptII/ptolemy/domains/de/test/auto/ResettableTimer1.xml (RunModel)" time="0.01" />
  <testcase classname="ptolemy.util.test.junit.AutoTests" name="[59] /home/travis/build/icyphy/ptII/ptolemy/domains/de/test/auto/ResettableTimer2.xml (RunModel)" time="0.01" />
  <testcase classname="ptolemy.util.test.junit.AutoTests" name="[60] /home/travis/build/icyphy/ptII/ptolemy/domains/de/test/auto/ResettableTimer3.xml (RunModel)" time="0.008" />
  <testcase classname="ptolemy.util.test.junit.AutoTests" name="[61] /home/travis/build/icyphy/ptII/ptolemy/domains/de/test/auto/ResettableTimer4.xml (RunModel)" time="0.012" />
  <testcase classname="ptolemy.util.test.junit.AutoTests" name="[62] /home/travis/build/icyphy/ptII/ptolemy/domains/de/test/auto/ResettableTimer5.xml (RunModel)" time="0.009" />
  <testcase classname="ptolemy.util.test.junit.AutoTests" name="[63] /home/travis/build/icyphy/ptII/ptolemy/domains/de/test/auto/ResettableTimer6.xml (RunModel)" time="0.01" />
  <testcase classname="ptolemy.util.test.junit.AutoTests" name="[64] /home/travis/build/icyphy/ptII/ptolemy/domains/de/test/auto/ServerZeroDelay.xml (RunModel)" time="0.01" />
  <testcase classname="ptolemy.util.test.junit.AutoTests" name="[65] /home/travis/build/icyphy/ptII/ptolemy/domains/de/test/auto/SmartSender.xml (RunModel)" time="3.009" />
  <testcase classname="ptolemy.util.test.junit.AutoTests" name="[66] /home/travis/build/icyphy/ptII/ptolemy/domains/de/test/auto/ThreadedComposite.xml (RunModel)" time="0.263" />
  <testcase classname="ptolemy.util.test.junit.AutoTests" name="[67] /home/travis/build/icyphy/ptII/ptolemy/domains/de/test/auto/Time.xml (RunModel)" time="0.488" />
  <testcase classname="ptolemy.util.test.junit.AutoTests" name="[68] /home/travis/build/icyphy/ptII/ptolemy/domains/de/test/auto/TimeDelayZeroDelay.xml (RunModel)" time="0.017" />
  <testcase classname="ptolemy.util.test.junit.AutoTests" name="[69] /home/travis/build/icyphy/ptII/ptolemy/domains/de/test/auto/TimerZeroDelay.xml (RunModel)" time="0.012" />
  <testcase classname="ptolemy.util.test.junit.AutoTests" name="[70] /home/travis/build/icyphy/ptII/ptolemy/domains/de/test/auto/TimingParadox.xml (RunModel)" time="0.378" />
  <testcase classname="ptolemy.util.test.junit.AutoTests" name="[71] /home/travis/build/icyphy/ptII/ptolemy/domains/de/test/auto/TransferInputs.xml (RunModel)" time="0.015" />
  <testcase classname="ptolemy.util.test.junit.AutoTests" name="[72] /home/travis/build/icyphy/ptII/ptolemy/domains/de/test/auto/TransferOutputs2.xml (RunModel)" time="0.017" />
  <testcase classname="ptolemy.util.test.junit.AutoTests" name="[73] /home/travis/build/icyphy/ptII/ptolemy/domains/de/test/auto/Trilateration.xml (RunModel)" time="11.266" />
  <testcase classname="ptolemy.util.test.junit.AutoTests" name="[74] /home/travis/build/icyphy/ptII/ptolemy/domains/de/test/auto/TwoSigmaDelta.xml (RunModel)" time="2.183" />
  <testcase classname="ptolemy.util.test.junit.AutoTests" name="[75] /home/travis/build/icyphy/ptII/ptolemy/domains/de/test/auto/VariableDelay.xml (RunModel)" time="0.021" />
  <testcase classname="ptolemy.util.test.junit.AutoTests" name="[76] /home/travis/build/icyphy/ptII/ptolemy/domains/de/test/auto/VariableDelay2.xml (RunModel)" time="0.02" />
  <testcase classname="ptolemy.util.test.junit.AutoTests" name="[77] /home/travis/build/icyphy/ptII/ptolemy/domains/de/test/auto/VariableDelayZeroDelay.xml (RunModel)" time="0.018" />
  <testcase classname="ptolemy.util.test.junit.AutoTests" name="[78] /home/travis/build/icyphy/ptII/ptolemy/domains/de/test/auto/VariableDelayZeroDelay2.xml (RunModel)" time="0.015" />
  <testcase classname="ptolemy.util.test.junit.AutoTests" name="[79] /home/travis/build/icyphy/ptII/ptolemy/domains/de/test/auto/deInCt.xml (RunModel)" time="0.02" />
  <testcase classname="ptolemy.util.test.junit.AutoTests" name="[80] /home/travis/build/icyphy/ptII/ptolemy/domains/de/test/auto/deInCt2.xml (RunModel)" time="0.016" />
  <testcase classname="ptolemy.util.test.junit.AutoTests" name="[81] /home/travis/build/icyphy/ptII/ptolemy/domains/de/test/auto/dynamicCausalityInterface1.xml (RunModel)" time="0.019" />
  <testcase classname="ptolemy.util.test.junit.AutoTests" name="[82] /home/travis/build/icyphy/ptII/ptolemy/domains/de/test/auto/fsm_de_test.xml (RunModel)" time="0.031" />
  <testcase classname="ptolemy.util.test.junit.AutoTests" name="[83] /home/travis/build/icyphy/ptII/ptolemy/domains/de/test/auto/functionDependencyReconstruction.xml (RunModel)" time="0.035" />
  <testcase classname="ptolemy.util.test.junit.AutoTests" name="[84] /home/travis/build/icyphy/ptII/ptolemy/domains/de/test/auto/multirate.xml (RunModel)" time="0.016" />
  <testcase classname="ptolemy.util.test.junit.AutoTests" name="[85] /home/travis/build/icyphy/ptII/ptolemy/domains/de/test/auto/multirate2.xml (RunModel)" time="0.016" />
  <testcase classname="ptolemy.util.test.junit.AutoTests" name="[86] /home/travis/build/icyphy/ptII/ptolemy/domains/de/test/auto/realtime.xml (RunModel)" time="10.013" />
  <testcase classname="ptolemy.util.test.junit.AutoTests" name="[87] /home/travis/build/icyphy/ptII/ptolemy/domains/de/test/auto/relationGroup.xml (RunModel)" time="0.006" />
  <testcase classname="ptolemy.util.test.junit.AutoTests" name="[88] /home/travis/build/icyphy/ptII/ptolemy/domains/de/test/auto/relationGroup2.xml (RunModel)" time="0.012" />
  <testcase classname="ptolemy.util.test.junit.AutoTests" name="[89] /home/travis/build/icyphy/ptII/ptolemy/domains/de/test/auto/sortWithOpaquePorts.xml (RunModel)" time="0.012" />
  <testcase classname="ptolemy.util.test.junit.AutoTests" name="[90] /home/travis/build/icyphy/ptII/ptolemy/domains/de/test/auto/transferInputsandOutputs.xml (RunModel)" time="0.018" />
  <testcase classname="ptolemy.util.test.junit.AutoTests" name="[91] /home/travis/build/icyphy/ptII/ptolemy/domains/de/test/auto/triggerType.xml (RunModel)" time="0.01" />
  <system-out><![CDATA[/home/travis/build/icyphy/ptII/ptolemy/domains/de/test/DependencyLoop.tcl
testDefs.tcl: setting time out to 9000 seconds at Wed Jun 13 19:38:21 UTC 2018
17 ms. Memory: 116224K Free: 95038K (82%)
11 ms. Memory: 116224K Free: 107599K (93%)
/home/travis/build/icyphy/ptII/ptolemy/domains/de/test/RunDETestsAsQSS.tcl
Run the DE tests using ptolemy.domains.qss.test.QSSDirectorTest, which extends QSSDirector and prints a message in the constructors.
------------------ testing $PTII/ptolemy/domains/de/test/auto/knownFailedTests/dependencyLoop.xml (Known Failure) 
12 ms. Memory: 116224K Free: 104440K (90%)


==== $PTIIhome/travis/build/icyphy/ptII/ptolemy/domains/de/test/../../../../: Auto Automatic test in file $PTII/ptolemy/domains/de/test/auto/knownFailedTests/dependencyLoop.xml
==== Contents of test case:

	    # FIXME: we should use $relativeFilename here, but it
	    # might have backslashes under Windows, which causes no end
	    # of trouble.
	    createAndExecute $file
	    list {}
	
.... Test generated KNOWN error:
    while executing
ptolemy.kernel.util.IllegalActionException: Found a zero delay loop containing .dependencyLoop.original
  in .dependencyLoop and .dependencyLoop.original
	at ptolemy.actor.util.CausalityInterfaceForComposites._computeOutputPortDepth(CausalityInterfaceForComposites.java:759)
	at ptolemy.actor.util.CausalityInterfaceForComposites._computeInputDepth(CausalityInterfaceForComposites.java:696)
	at ptolemy.actor.util.CausalityInterfaceForComposites._computeOutputPortDepth(CausalityInterfaceForComposites.java:765)
	at ptolemy.actor.util.CausalityInterfaceForComposites._computeInputDepth(CausalityInterfaceForComposites.java:696)
	at ptolemy.actor.util.CausalityInterfaceForComposites._computeOutputPortDepth(CausalityInterfaceForComposites.java:765)
	at ptolemy.actor.util.CausalityInterfaceForComposites._computeInputDepth(CausalityInterfaceForComposites.java:696)
	at ptolemy.actor.util.CausalityInterfaceForComposites._computeActorDepth(CausalityInterfaceForComposites.java:532)
	at ptolemy.actor.util.CausalityInterfaceForComposites.checkForCycles(CausalityInterfaceForComposites.java:96)
	at ptolemy.domains.de.kernel.DEDirector.preinitialize(DEDirector.java:1338)
	at ptolemy.actor.CompositeActor.preinitialize(CompositeActor.java:1828)
	at ptolemy.actor.Manager.preinitializeAndResolveTypes(Manager.java:1040)
	at ptolemy.actor.Manager.initialize(Manager.java:710)
	at ptolemy.actor.Manager.execute(Manager.java:356)
	at ptolemy.actor.Manager.run(Manager.java:1263)
	at ptolemy.actor.Manager$PtolemyRunThread.run(Manager.java:1915)

    while executing
ptolemy.kernel.util.IllegalActionException: Found a zero delay loop containing .dependencyLoop.original
  in .dependencyLoop and .dependencyLoop.original
    while executing
"java::new ptolemy.moml.MoMLSimpleApplication $file
"
    (procedure "createAndExecute" line 2)
    invoked from within
"createAndExecute $file"
    ("uplevel" body line 5)
    invoked from within
"uplevel $contents_of_test"
------------------ testing $PTII/ptolemy/domains/de/test/auto/knownFailedTests/DESDFClockTest.xml (Known Failure) 
2090 ms. Memory: 116224K Free: 89546K (77%)


==== $PTIIhome/travis/build/icyphy/ptII/ptolemy/domains/de/test/../../../../: Auto Automatic test in file $PTII/ptolemy/domains/de/test/auto/knownFailedTests/DESDFClockTest.xml
==== Contents of test case:

	    # FIXME: we should use $relativeFilename here, but it
	    # might have backslashes under Windows, which causes no end
	    # of trouble.
	    createAndExecute $file
	    list {}
	
.... Test generated KNOWN error:
    while executing
ptolemy.kernel.util.IllegalActionException: Actor is not ready to fire.  Perhaps UpSample.prefire() returned false? Try debugging the actor by selecting "Listen to Actor".  Also, for SDF check moml for tokenConsumptionRate on input.
  in .DESDFClockTest.Play Bell.Copy1:SDF Director and .DESDFClockTest.Play Bell.UpSample
	at ptolemy.actor.sched.StaticSchedulingDirector.fire(StaticSchedulingDirector.java:227)
	at ptolemy.domains.sdf.kernel.SDFDirector.fire(SDFDirector.java:500)
	at ptolemy.actor.CompositeActor.fire(CompositeActor.java:455)
	at ptolemy.domains.de.kernel.DEDirector._fire(DEDirector.java:1949)
	at ptolemy.domains.de.kernel.DEDirector.fire(DEDirector.java:502)
	at ptolemy.actor.CompositeActor.fire(CompositeActor.java:455)
	at ptolemy.actor.Manager.iterate(Manager.java:851)
	at ptolemy.actor.Manager.execute(Manager.java:369)
	at ptolemy.actor.Manager.run(Manager.java:1263)
	at ptolemy.actor.Manager$PtolemyRunThread.run(Manager.java:1915)

    while executing
ptolemy.kernel.util.IllegalActionException: Actor is not ready to fire.  Perhaps UpSample.prefire() returned false? Try debugging the actor by selecting "Listen to Actor".  Also, for SDF check moml for tokenConsumptionRate on input.
  in .DESDFClockTest.Play Bell.Copy1:SDF Director and .DESDFClockTest.Play Bell.UpSample
    while executing
"java::new ptolemy.moml.MoMLSimpleApplication $file
"
    (procedure "createAndExecute" line 2)
    invoked from within
"createAndExecute $file"
    ("uplevel" body line 5)
    invoked from within
"uplevel $contents_of_test"
------------------ testing $PTII/ptolemy/domains/de/test/auto/knownFailedTests/FSMSource.xml (Known Failure) 
34 ms. Memory: 116224K Free: 111393K (96%)
!!!! Auto was marked as failing, but now passes
------------------ testing $PTII/ptolemy/domains/de/test/auto/knownFailedTests/dependencyLoop2.xml (Known Failure) 
9 ms. Memory: 116224K Free: 93863K (81%)


==== $PTIIhome/travis/build/icyphy/ptII/ptolemy/domains/de/test/../../../../: Auto Automatic test in file $PTII/ptolemy/domains/de/test/auto/knownFailedTests/dependencyLoop2.xml
==== Contents of test case:

	    # FIXME: we should use $relativeFilename here, but it
	    # might have backslashes under Windows, which causes no end
	    # of trouble.
	    createAndExecute $file
	    list {}
	
.... Test generated KNOWN error:
    while executing
ptolemy.kernel.util.IllegalActionException: Found a zero delay loop containing .dependencyLoop2.original
  in .dependencyLoop2 and .dependencyLoop2.original
	at ptolemy.actor.util.CausalityInterfaceForComposites._computeOutputPortDepth(CausalityInterfaceForComposites.java:759)
	at ptolemy.actor.util.CausalityInterfaceForComposites._computeInputDepth(CausalityInterfaceForComposites.java:696)
	at ptolemy.actor.util.CausalityInterfaceForComposites._computeOutputPortDepth(CausalityInterfaceForComposites.java:765)
	at ptolemy.actor.util.CausalityInterfaceForComposites._computeInputDepth(CausalityInterfaceForComposites.java:696)
	at ptolemy.actor.util.CausalityInterfaceForComposites._computeOutputPortDepth(CausalityInterfaceForComposites.java:765)
	at ptolemy.actor.util.CausalityInterfaceForComposites._computeInputDepth(CausalityInterfaceForComposites.java:696)
	at ptolemy.actor.util.CausalityInterfaceForComposites._computeActorDepth(CausalityInterfaceForComposites.java:532)
	at ptolemy.actor.util.CausalityInterfaceForComposites.checkForCycles(CausalityInterfaceForComposites.java:96)
	at ptolemy.domains.de.kernel.DEDirector.preinitialize(DEDirector.java:1338)
	at ptolemy.actor.CompositeActor.preinitialize(CompositeActor.java:1828)
	at ptolemy.actor.Manager.preinitializeAndResolveTypes(Manager.java:1040)
	at ptolemy.actor.Manager.initialize(Manager.java:710)
	at ptolemy.actor.Manager.execute(Manager.java:356)
	at ptolemy.actor.Manager.run(Manager.java:1263)
	at ptolemy.actor.Manager$PtolemyRunThread.run(Manager.java:1915)

    while executing
ptolemy.kernel.util.IllegalActionException: Found a zero delay loop containing .dependencyLoop2.original
  in .dependencyLoop2 and .dependencyLoop2.original
    while executing
"java::new ptolemy.moml.MoMLSimpleApplication $file
"
    (procedure "createAndExecute" line 2)
    invoked from within
"createAndExecute $file"
    ("uplevel" body line 5)
    invoked from within
"uplevel $contents_of_test"
------------------ testing $PTII/ptolemy/domains/de/test/auto/knownFailedTests/HierarchicalModel.xml (Known Failure) 
8 ms. Memory: 146944K Free: 134481K (92%)


==== $PTIIhome/travis/build/icyphy/ptII/ptolemy/domains/de/test/../../../../: Auto Automatic test in file $PTII/ptolemy/domains/de/test/auto/knownFailedTests/HierarchicalModel.xml
==== Contents of test case:

	    # FIXME: we should use $relativeFilename here, but it
	    # might have backslashes under Windows, which causes no end
	    # of trouble.
	    createAndExecute $file
	    list {}
	
.... Test generated KNOWN error:
    while executing
ptolemy.kernel.util.IllegalActionException: Found a zero delay loop containing .HierarchicalModel.A
  in .HierarchicalModel and .HierarchicalModel.A
	at ptolemy.actor.util.CausalityInterfaceForComposites._computeOutputPortDepth(CausalityInterfaceForComposites.java:759)
	at ptolemy.actor.util.CausalityInterfaceForComposites._computeInputDepth(CausalityInterfaceForComposites.java:696)
	at ptolemy.actor.util.CausalityInterfaceForComposites._computeOutputPortDepth(CausalityInterfaceForComposites.java:765)
	at ptolemy.actor.util.CausalityInterfaceForComposites._computeInputDepth(CausalityInterfaceForComposites.java:696)
	at ptolemy.actor.util.CausalityInterfaceForComposites._computeOutputPortDepth(CausalityInterfaceForComposites.java:765)
	at ptolemy.actor.util.CausalityInterfaceForComposites._computeInputDepth(CausalityInterfaceForComposites.java:696)
	at ptolemy.actor.util.CausalityInterfaceForComposites._computeActorDepth(CausalityInterfaceForComposites.java:532)
	at ptolemy.actor.util.CausalityInterfaceForComposites.checkForCycles(CausalityInterfaceForComposites.java:96)
	at ptolemy.domains.de.kernel.DEDirector.preinitialize(DEDirector.java:1338)
	at ptolemy.actor.CompositeActor.preinitialize(CompositeActor.java:1828)
	at ptolemy.actor.Manager.preinitializeAndResolveTypes(Manager.java:1040)
	at ptolemy.actor.Manager.initialize(Manager.java:710)
	at ptolemy.actor.Manager.execute(Manager.java:356)
	at ptolemy.actor.Manager.run(Manager.java:1263)
	at ptolemy.actor.Manager$PtolemyRunThread.run(Manager.java:1915)

    while executing
ptolemy.kernel.util.IllegalActionException: Found a zero delay loop containing .HierarchicalModel.A
  in .HierarchicalModel and .HierarchicalModel.A
    while executing
"java::new ptolemy.moml.MoMLSimpleApplication $file
"
    (procedure "createAndExecute" line 2)
    invoked from within
"createAndExecute $file"
    ("uplevel" body line 5)
    invoked from within
"uplevel $contents_of_test"
------------------ testing $PTII/ptolemy/domains/de/test/auto/knownFailedTests/DirectFeedback.xml (Known Failure) 
8 ms. Memory: 146944K Free: 130517K (89%)


==== $PTIIhome/travis/build/icyphy/ptII/ptolemy/domains/de/test/../../../../: Auto Automatic test in file $PTII/ptolemy/domains/de/test/auto/knownFailedTests/DirectFeedback.xml
==== Contents of test case:

	    # FIXME: we should use $relativeFilename here, but it
	    # might have backslashes under Windows, which causes no end
	    # of trouble.
	    createAndExecute $file
	    list {}
	
.... Test generated KNOWN error:
    while executing
ptolemy.kernel.util.IllegalActionException: Test fails in iteration 1.
Value was: 1.0. Should have been: 2.0
  in .DirectFeedback.Test
	at ptolemy.actor.lib.Test.fire(Test.java:268)
	at ptolemy.domains.de.kernel.DEDirector._fire(DEDirector.java:1949)
	at ptolemy.domains.de.kernel.DEDirector.fire(DEDirector.java:502)
	at ptolemy.actor.CompositeActor.fire(CompositeActor.java:455)
	at ptolemy.actor.Manager.iterate(Manager.java:851)
	at ptolemy.actor.Manager.execute(Manager.java:369)
	at ptolemy.actor.Manager.run(Manager.java:1263)
	at ptolemy.actor.Manager$PtolemyRunThread.run(Manager.java:1915)

    while executing
ptolemy.kernel.util.IllegalActionException: Test fails in iteration 1.
Value was: 1.0. Should have been: 2.0
  in .DirectFeedback.Test
    while executing
"java::new ptolemy.moml.MoMLSimpleApplication $file
"
    (procedure "createAndExecute" line 2)
    invoked from within
"createAndExecute $file"
    ("uplevel" body line 5)
    invoked from within
"uplevel $contents_of_test"
------------------ testing $PTII/ptolemy/domains/de/test/auto/ActorDepthCalculation_actorWithoutPorts.xml
auto.tcl: Setting watchdog for 200 seconds at Wed Jun 13 19:38:25 UTC 2018
6 ms. Memory: 146944K Free: 121678K (83%)
ptolemy.util.test.WatchDog.cancel(): canceling Wed Jun 13 19:38:25 UTC 2018
auto.tcl: Setting watchdog for 200 seconds at Wed Jun 13 19:38:25 UTC 2018
5 ms. Memory: 146944K Free: 120617K (82%)
ptolemy.util.test.WatchDog.cancel(): canceling Wed Jun 13 19:38:25 UTC 2018
------------------ testing $PTII/ptolemy/domains/de/test/auto/AssemblyLine.xml
auto.tcl: Setting watchdog for 200 seconds at Wed Jun 13 19:38:26 UTC 2018
51 ms. Memory: 146944K Free: 127565K (87%)
ptolemy.util.test.WatchDog.cancel(): canceling Wed Jun 13 19:38:26 UTC 2018
auto.tcl: Setting watchdog for 200 seconds at Wed Jun 13 19:38:26 UTC 2018
8 ms. Memory: 146944K Free: 126516K (86%)
ptolemy.util.test.WatchDog.cancel(): canceling Wed Jun 13 19:38:26 UTC 2018
------------------ testing $PTII/ptolemy/domains/de/test/auto/CQBug1.xml
auto.tcl: Setting watchdog for 200 seconds at Wed Jun 13 19:38:26 UTC 2018
3 ms. Memory: 146944K Free: 138319K (94%)
ptolemy.util.test.WatchDog.cancel(): canceling Wed Jun 13 19:38:26 UTC 2018
auto.tcl: Setting watchdog for 200 seconds at Wed Jun 13 19:38:26 UTC 2018
2 ms. Memory: 146944K Free: 138209K (94%)
ptolemy.util.test.WatchDog.cancel(): canceling Wed Jun 13 19:38:26 UTC 2018
------------------ testing $PTII/ptolemy/domains/de/test/auto/CancelFireAt.xml
auto.tcl: Setting watchdog for 200 seconds at Wed Jun 13 19:38:26 UTC 2018
7 ms. Memory: 146944K Free: 140297K (95%)
ptolemy.util.test.WatchDog.cancel(): canceling Wed Jun 13 19:38:26 UTC 2018
auto.tcl: Setting watchdog for 200 seconds at Wed Jun 13 19:38:26 UTC 2018
5 ms. Memory: 146944K Free: 139247K (95%)
ptolemy.util.test.WatchDog.cancel(): canceling Wed Jun 13 19:38:26 UTC 2018
------------------ testing $PTII/ptolemy/domains/de/test/auto/CausalityAndComposabilityAnalysis.xml
auto.tcl: Setting watchdog for 200 seconds at Wed Jun 13 19:38:26 UTC 2018
15 ms. Memory: 146944K Free: 137905K (94%)
ptolemy.util.test.WatchDog.cancel(): canceling Wed Jun 13 19:38:26 UTC 2018
auto.tcl: Setting watchdog for 200 seconds at Wed Jun 13 19:38:26 UTC 2018
6 ms. Memory: 146944K Free: 136743K (93%)
ptolemy.util.test.WatchDog.cancel(): canceling Wed Jun 13 19:38:26 UTC 2018
------------------ testing $PTII/ptolemy/domains/de/test/auto/CausalityInterface1.xml
auto.tcl: Setting watchdog for 200 seconds at Wed Jun 13 19:38:26 UTC 2018
9 ms. Memory: 146944K Free: 136274K (93%)
ptolemy.util.test.WatchDog.cancel(): canceling Wed Jun 13 19:38:26 UTC 2018
auto.tcl: Setting watchdog for 200 seconds at Wed Jun 13 19:38:26 UTC 2018
4 ms. Memory: 146944K Free: 135225K (92%)
ptolemy.util.test.WatchDog.cancel(): canceling Wed Jun 13 19:38:26 UTC 2018
------------------ testing $PTII/ptolemy/domains/de/test/auto/CausalityInterface15.xml
auto.tcl: Setting watchdog for 200 seconds at Wed Jun 13 19:38:26 UTC 2018
6 ms. Memory: 146944K Free: 135217K (92%)
ptolemy.util.test.WatchDog.cancel(): canceling Wed Jun 13 19:38:26 UTC 2018
auto.tcl: Setting watchdog for 200 seconds at Wed Jun 13 19:38:26 UTC 2018
7 ms. Memory: 146944K Free: 134167K (91%)
ptolemy.util.test.WatchDog.cancel(): canceling Wed Jun 13 19:38:26 UTC 2018
------------------ testing $PTII/ptolemy/domains/de/test/auto/CausalityInterface2.xml
auto.tcl: Setting watchdog for 200 seconds at Wed Jun 13 19:38:26 UTC 2018
12 ms. Memory: 146944K Free: 136250K (93%)
ptolemy.util.test.WatchDog.cancel(): canceling Wed Jun 13 19:38:26 UTC 2018
auto.tcl: Setting watchdog for 200 seconds at Wed Jun 13 19:38:26 UTC 2018
3 ms. Memory: 146944K Free: 136250K (93%)
ptolemy.util.test.WatchDog.cancel(): canceling Wed Jun 13 19:38:26 UTC 2018
------------------ testing $PTII/ptolemy/domains/de/test/auto/CausalityInterface3.xml
auto.tcl: Setting watchdog for 200 seconds at Wed Jun 13 19:38:27 UTC 2018
4 ms. Memory: 146944K Free: 136372K (93%)
ptolemy.util.test.WatchDog.cancel(): canceling Wed Jun 13 19:38:27 UTC 2018
auto.tcl: Setting watchdog for 200 seconds at Wed Jun 13 19:38:27 UTC 2018
6 ms. Memory: 146944K Free: 135213K (92%)
ptolemy.util.test.WatchDog.cancel(): canceling Wed Jun 13 19:38:27 UTC 2018
------------------ testing $PTII/ptolemy/domains/de/test/auto/ClockDrift.xml
auto.tcl: Setting watchdog for 200 seconds at Wed Jun 13 19:38:27 UTC 2018
94 ms. Memory: 146944K Free: 128112K (87%)
ptolemy.util.test.WatchDog.cancel(): canceling Wed Jun 13 19:38:27 UTC 2018
auto.tcl: Setting watchdog for 200 seconds at Wed Jun 13 19:38:27 UTC 2018
37 ms. Memory: 146944K Free: 124964K (85%)
ptolemy.util.test.WatchDog.cancel(): canceling Wed Jun 13 19:38:27 UTC 2018
------------------ testing $PTII/ptolemy/domains/de/test/auto/ClockDriftAndValueChange.xml
auto.tcl: Setting watchdog for 200 seconds at Wed Jun 13 19:38:27 UTC 2018
30 ms. Memory: 146944K Free: 127947K (87%)
ptolemy.util.test.WatchDog.cancel(): canceling Wed Jun 13 19:38:27 UTC 2018
auto.tcl: Setting watchdog for 200 seconds at Wed Jun 13 19:38:27 UTC 2018
27 ms. Memory: 146944K Free: 124799K (85%)
ptolemy.util.test.WatchDog.cancel(): canceling Wed Jun 13 19:38:27 UTC 2018
------------------ testing $PTII/ptolemy/domains/de/test/auto/ClockDriftChange.xml
auto.tcl: Setting watchdog for 200 seconds at Wed Jun 13 19:38:27 UTC 2018
31 ms. Memory: 146944K Free: 130639K (89%)
ptolemy.util.test.WatchDog.cancel(): canceling Wed Jun 13 19:38:27 UTC 2018
auto.tcl: Setting watchdog for 200 seconds at Wed Jun 13 19:38:27 UTC 2018
36 ms. Memory: 146944K Free: 128540K (87%)
ptolemy.util.test.WatchDog.cancel(): canceling Wed Jun 13 19:38:27 UTC 2018
------------------ testing $PTII/ptolemy/domains/de/test/auto/ComposableCausalityAnalysis.xml
auto.tcl: Setting watchdog for 200 seconds at Wed Jun 13 19:38:27 UTC 2018
4 ms. Memory: 146944K Free: 135178K (92%)
ptolemy.util.test.WatchDog.cancel(): canceling Wed Jun 13 19:38:27 UTC 2018
auto.tcl: Setting watchdog for 200 seconds at Wed Jun 13 19:38:27 UTC 2018
3 ms. Memory: 146944K Free: 134019K (91%)
ptolemy.util.test.WatchDog.cancel(): canceling Wed Jun 13 19:38:27 UTC 2018
------------------ testing $PTII/ptolemy/domains/de/test/auto/DEFixedPointLimitation.xml
auto.tcl: Setting watchdog for 200 seconds at Wed Jun 13 19:38:27 UTC 2018
2 ms. Memory: 146944K Free: 136199K (93%)
ptolemy.util.test.WatchDog.cancel(): canceling Wed Jun 13 19:38:27 UTC 2018
auto.tcl: Setting watchdog for 200 seconds at Wed Jun 13 19:38:27 UTC 2018
2 ms. Memory: 146944K Free: 136199K (93%)
ptolemy.util.test.WatchDog.cancel(): canceling Wed Jun 13 19:38:27 UTC 2018
------------------ testing $PTII/ptolemy/domains/de/test/auto/DEScheduleTest.xml
auto.tcl: Setting watchdog for 200 seconds at Wed Jun 13 19:38:27 UTC 2018
6 ms. Memory: 146944K Free: 137283K (93%)
ptolemy.util.test.WatchDog.cancel(): canceling Wed Jun 13 19:38:27 UTC 2018
auto.tcl: Setting watchdog for 200 seconds at Wed Jun 13 19:38:27 UTC 2018
3 ms. Memory: 146944K Free: 136234K (93%)
ptolemy.util.test.WatchDog.cancel(): canceling Wed Jun 13 19:38:27 UTC 2018
------------------ testing $PTII/ptolemy/domains/de/test/auto/DEinDEwithStartTimes.xml
auto.tcl: Setting watchdog for 200 seconds at Wed Jun 13 19:38:27 UTC 2018
7 ms. Memory: 146944K Free: 136202K (93%)
ptolemy.util.test.WatchDog.cancel(): canceling Wed Jun 13 19:38:27 UTC 2018
auto.tcl: Setting watchdog for 200 seconds at Wed Jun 13 19:38:27 UTC 2018
3 ms. Memory: 146944K Free: 134104K (91%)
ptolemy.util.test.WatchDog.cancel(): canceling Wed Jun 13 19:38:27 UTC 2018
------------------ testing $PTII/ptolemy/domains/de/test/auto/DEinDEwithStartTimes2.xml
auto.tcl: Setting watchdog for 200 seconds at Wed Jun 13 19:38:28 UTC 2018
9 ms. Memory: 146944K Free: 135133K (92%)
ptolemy.util.test.WatchDog.cancel(): canceling Wed Jun 13 19:38:28 UTC 2018
auto.tcl: Setting watchdog for 200 seconds at Wed Jun 13 19:38:28 UTC 2018
5 ms. Memory: 146944K Free: 134083K (91%)
ptolemy.util.test.WatchDog.cancel(): canceling Wed Jun 13 19:38:28 UTC 2018
------------------ testing $PTII/ptolemy/domains/de/test/auto/DateDemo.xml
auto.tcl: Setting watchdog for 200 seconds at Wed Jun 13 19:38:28 UTC 2018
15 ms. Memory: 146944K Free: 129243K (88%)
ptolemy.util.test.WatchDog.cancel(): canceling Wed Jun 13 19:38:28 UTC 2018
auto.tcl: Setting watchdog for 200 seconds at Wed Jun 13 19:38:28 UTC 2018
8 ms. Memory: 146944K Free: 127145K (87%)
ptolemy.util.test.WatchDog.cancel(): canceling Wed Jun 13 19:38:28 UTC 2018
------------------ testing $PTII/ptolemy/domains/de/test/auto/DateToEvent.xml
auto.tcl: Setting watchdog for 200 seconds at Wed Jun 13 19:38:28 UTC 2018
2020 ms. Memory: 146944K Free: 123297K (84%)
ptolemy.util.test.WatchDog.cancel(): canceling Wed Jun 13 19:38:30 UTC 2018
auto.tcl: Setting watchdog for 200 seconds at Wed Jun 13 19:38:30 UTC 2018
2008 ms. Memory: 146944K Free: 121019K (82%)
ptolemy.util.test.WatchDog.cancel(): canceling Wed Jun 13 19:38:32 UTC 2018
------------------ testing $PTII/ptolemy/domains/de/test/auto/DepthTest1.xml
auto.tcl: Setting watchdog for 200 seconds at Wed Jun 13 19:38:32 UTC 2018
3 ms. Memory: 146944K Free: 138476K (94%)
ptolemy.util.test.WatchDog.cancel(): canceling Wed Jun 13 19:38:32 UTC 2018
auto.tcl: Setting watchdog for 200 seconds at Wed Jun 13 19:38:32 UTC 2018
2 ms. Memory: 146944K Free: 138476K (94%)
ptolemy.util.test.WatchDog.cancel(): canceling Wed Jun 13 19:38:32 UTC 2018
------------------ testing $PTII/ptolemy/domains/de/test/auto/DepthTest2.xml
auto.tcl: Setting watchdog for 200 seconds at Wed Jun 13 19:38:32 UTC 2018
4 ms. Memory: 146944K Free: 134174K (91%)
ptolemy.util.test.WatchDog.cancel(): canceling Wed Jun 13 19:38:32 UTC 2018
auto.tcl: Setting watchdog for 200 seconds at Wed Jun 13 19:38:32 UTC 2018
3 ms. Memory: 146944K Free: 134174K (91%)
ptolemy.util.test.WatchDog.cancel(): canceling Wed Jun 13 19:38:32 UTC 2018
------------------ testing $PTII/ptolemy/domains/de/test/auto/DepthTest3.xml
auto.tcl: Setting watchdog for 200 seconds at Wed Jun 13 19:38:32 UTC 2018
4 ms. Memory: 146944K Free: 138921K (95%)
ptolemy.util.test.WatchDog.cancel(): canceling Wed Jun 13 19:38:32 UTC 2018
auto.tcl: Setting watchdog for 200 seconds at Wed Jun 13 19:38:32 UTC 2018
1 ms. Memory: 146944K Free: 138921K (95%)
ptolemy.util.test.WatchDog.cancel(): canceling Wed Jun 13 19:38:32 UTC 2018
------------------ testing $PTII/ptolemy/domains/de/test/auto/DepthTest4.xml
auto.tcl: Setting watchdog for 200 seconds at Wed Jun 13 19:38:32 UTC 2018
6 ms. Memory: 146944K Free: 136186K (93%)
ptolemy.util.test.WatchDog.cancel(): canceling Wed Jun 13 19:38:32 UTC 2018
auto.tcl: Setting watchdog for 200 seconds at Wed Jun 13 19:38:32 UTC 2018
3 ms. Memory: 146944K Free: 135137K (92%)
ptolemy.util.test.WatchDog.cancel(): canceling Wed Jun 13 19:38:32 UTC 2018
------------------ testing $PTII/ptolemy/domains/de/test/auto/DepthTest5.xml
auto.tcl: Setting watchdog for 200 seconds at Wed Jun 13 19:38:32 UTC 2018
7 ms. Memory: 146944K Free: 135083K (92%)
ptolemy.util.test.WatchDog.cancel(): canceling Wed Jun 13 19:38:32 UTC 2018
auto.tcl: Setting watchdog for 200 seconds at Wed Jun 13 19:38:32 UTC 2018
1 ms. Memory: 146944K Free: 135083K (92%)
ptolemy.util.test.WatchDog.cancel(): canceling Wed Jun 13 19:38:32 UTC 2018
------------------ testing $PTII/ptolemy/domains/de/test/auto/DepthTest6.xml
auto.tcl: Setting watchdog for 200 seconds at Wed Jun 13 19:38:32 UTC 2018
8 ms. Memory: 146944K Free: 135027K (92%)
ptolemy.util.test.WatchDog.cancel(): canceling Wed Jun 13 19:38:32 UTC 2018
auto.tcl: Setting watchdog for 200 seconds at Wed Jun 13 19:38:32 UTC 2018
3 ms. Memory: 146944K Free: 135027K (92%)
ptolemy.util.test.WatchDog.cancel(): canceling Wed Jun 13 19:38:32 UTC 2018
------------------ testing $PTII/ptolemy/domains/de/test/auto/DepthTest7.xml
auto.tcl: Setting watchdog for 200 seconds at Wed Jun 13 19:38:32 UTC 2018
2 ms. Memory: 146944K Free: 136079K (93%)
ptolemy.util.test.WatchDog.cancel(): canceling Wed Jun 13 19:38:32 UTC 2018
auto.tcl: Setting watchdog for 200 seconds at Wed Jun 13 19:38:32 UTC 2018
2 ms. Memory: 146944K Free: 135030K (92%)
ptolemy.util.test.WatchDog.cancel(): canceling Wed Jun 13 19:38:32 UTC 2018
------------------ testing $PTII/ptolemy/domains/de/test/auto/EventToDate.xml
auto.tcl: Setting watchdog for 200 seconds at Wed Jun 13 19:38:32 UTC 2018
3006 ms. Memory: 146944K Free: 124390K (85%)
ptolemy.util.test.WatchDog.cancel(): canceling Wed Jun 13 19:38:36 UTC 2018
auto.tcl: Setting watchdog for 200 seconds at Wed Jun 13 19:38:36 UTC 2018
3005 ms. Memory: 146944K Free: 124390K (85%)
ptolemy.util.test.WatchDog.cancel(): canceling Wed Jun 13 19:38:39 UTC 2018
------------------ testing $PTII/ptolemy/domains/de/test/auto/FSM1.xml
auto.tcl: Setting watchdog for 200 seconds at Wed Jun 13 19:38:39 UTC 2018
33 ms. Memory: 146944K Free: 128022K (87%)
ptolemy.util.test.WatchDog.cancel(): canceling Wed Jun 13 19:38:39 UTC 2018
auto.tcl: Setting watchdog for 200 seconds at Wed Jun 13 19:38:39 UTC 2018
18 ms. Memory: 146944K Free: 124851K (85%)
ptolemy.util.test.WatchDog.cancel(): canceling Wed Jun 13 19:38:39 UTC 2018
------------------ testing $PTII/ptolemy/domains/de/test/auto/FSM7.xml
auto.tcl: Setting watchdog for 200 seconds at Wed Jun 13 19:38:39 UTC 2018
33 ms. Memory: 146944K Free: 127139K (87%)
ptolemy.util.test.WatchDog.cancel(): canceling Wed Jun 13 19:38:39 UTC 2018
auto.tcl: Setting watchdog for 200 seconds at Wed Jun 13 19:38:39 UTC 2018
15 ms. Memory: 146944K Free: 123943K (84%)
ptolemy.util.test.WatchDog.cancel(): canceling Wed Jun 13 19:38:39 UTC 2018
------------------ testing $PTII/ptolemy/domains/de/test/auto/Inspection.xml
auto.tcl: Setting watchdog for 200 seconds at Wed Jun 13 19:38:39 UTC 2018
39 ms. Memory: 146944K Free: 127336K (87%)
ptolemy.util.test.WatchDog.cancel(): canceling Wed Jun 13 19:38:39 UTC 2018
auto.tcl: Setting watchdog for 200 seconds at Wed Jun 13 19:38:39 UTC 2018
39 ms. Memory: 146944K Free: 125221K (85%)
ptolemy.util.test.WatchDog.cancel(): canceling Wed Jun 13 19:38:39 UTC 2018
------------------ testing $PTII/ptolemy/domains/de/test/auto/Iteration.xml
auto.tcl: Setting watchdog for 200 seconds at Wed Jun 13 19:38:39 UTC 2018
16 ms. Memory: 146944K Free: 133735K (91%)
ptolemy.util.test.WatchDog.cancel(): canceling Wed Jun 13 19:38:39 UTC 2018
auto.tcl: Setting watchdog for 200 seconds at Wed Jun 13 19:38:39 UTC 2018
10 ms. Memory: 146944K Free: 132686K (90%)
ptolemy.util.test.WatchDog.cancel(): canceling Wed Jun 13 19:38:39 UTC 2018
------------------ testing $PTII/ptolemy/domains/de/test/auto/LineFault.xml
auto.tcl: Setting watchdog for 200 seconds at Wed Jun 13 19:38:39 UTC 2018
840 ms. Memory: 146944K Free: 138070K (94%)
ptolemy.util.test.WatchDog.cancel(): canceling Wed Jun 13 19:38:40 UTC 2018
auto.tcl: Setting watchdog for 200 seconds at Wed Jun 13 19:38:40 UTC 2018
745 ms. Memory: 146944K Free: 81776K (56%)
ptolemy.util.test.WatchDog.cancel(): canceling Wed Jun 13 19:38:41 UTC 2018
------------------ testing $PTII/ptolemy/domains/de/test/auto/MergeModel1Add.xml
auto.tcl: Setting watchdog for 200 seconds at Wed Jun 13 19:38:41 UTC 2018
16 ms. Memory: 209920K Free: 180419K (86%)
ptolemy.util.test.WatchDog.cancel(): canceling Wed Jun 13 19:38:41 UTC 2018
auto.tcl: Setting watchdog for 200 seconds at Wed Jun 13 19:38:41 UTC 2018
10 ms. Memory: 209920K Free: 178515K (85%)
ptolemy.util.test.WatchDog.cancel(): canceling Wed Jun 13 19:38:41 UTC 2018
------------------ testing $PTII/ptolemy/domains/de/test/auto/MergeModel2Add.xml
auto.tcl: Setting watchdog for 200 seconds at Wed Jun 13 19:38:41 UTC 2018
16 ms. Memory: 210432K Free: 184214K (88%)
ptolemy.util.test.WatchDog.cancel(): canceling Wed Jun 13 19:38:41 UTC 2018
auto.tcl: Setting watchdog for 200 seconds at Wed Jun 13 19:38:41 UTC 2018
14 ms. Memory: 210432K Free: 182325K (87%)
ptolemy.util.test.WatchDog.cancel(): canceling Wed Jun 13 19:38:41 UTC 2018
------------------ testing $PTII/ptolemy/domains/de/test/auto/MergeModel3Add.xml
auto.tcl: Setting watchdog for 200 seconds at Wed Jun 13 19:38:41 UTC 2018
14 ms. Memory: 209920K Free: 183648K (87%)
ptolemy.util.test.WatchDog.cancel(): canceling Wed Jun 13 19:38:42 UTC 2018
auto.tcl: Setting watchdog for 200 seconds at Wed Jun 13 19:38:42 UTC 2018
9 ms. Memory: 209920K Free: 181753K (87%)
ptolemy.util.test.WatchDog.cancel(): canceling Wed Jun 13 19:38:42 UTC 2018
------------------ testing $PTII/ptolemy/domains/de/test/auto/MergeWithoutDiscard.xml
auto.tcl: Setting watchdog for 200 seconds at Wed Jun 13 19:38:42 UTC 2018
2 ms. Memory: 210432K Free: 198840K (94%)
ptolemy.util.test.WatchDog.cancel(): canceling Wed Jun 13 19:38:42 UTC 2018
auto.tcl: Setting watchdog for 200 seconds at Wed Jun 13 19:38:42 UTC 2018
2 ms. Memory: 210432K Free: 198778K (94%)
ptolemy.util.test.WatchDog.cancel(): canceling Wed Jun 13 19:38:42 UTC 2018
------------------ testing $PTII/ptolemy/domains/de/test/auto/Modal1.xml
auto.tcl: Setting watchdog for 200 seconds at Wed Jun 13 19:38:42 UTC 2018
20 ms. Memory: 210432K Free: 190810K (91%)
ptolemy.util.test.WatchDog.cancel(): canceling Wed Jun 13 19:38:42 UTC 2018
auto.tcl: Setting watchdog for 200 seconds at Wed Jun 13 19:38:42 UTC 2018
28 ms. Memory: 210432K Free: 186986K (89%)
ptolemy.util.test.WatchDog.cancel(): canceling Wed Jun 13 19:38:42 UTC 2018
------------------ testing $PTII/ptolemy/domains/de/test/auto/Modal2.xml
auto.tcl: Setting watchdog for 200 seconds at Wed Jun 13 19:38:42 UTC 2018
27 ms. Memory: 210432K Free: 190674K (91%)
ptolemy.util.test.WatchDog.cancel(): canceling Wed Jun 13 19:38:42 UTC 2018
auto.tcl: Setting watchdog for 200 seconds at Wed Jun 13 19:38:42 UTC 2018
20 ms. Memory: 210432K Free: 186851K (89%)
ptolemy.util.test.WatchDog.cancel(): canceling Wed Jun 13 19:38:42 UTC 2018
------------------ testing $PTII/ptolemy/domains/de/test/auto/Modal3.xml
auto.tcl: Setting watchdog for 200 seconds at Wed Jun 13 19:38:42 UTC 2018
15 ms. Memory: 210432K Free: 190751K (91%)
ptolemy.util.test.WatchDog.cancel(): canceling Wed Jun 13 19:38:42 UTC 2018
auto.tcl: Setting watchdog for 200 seconds at Wed Jun 13 19:38:42 UTC 2018
15 ms. Memory: 210432K Free: 186889K (89%)
ptolemy.util.test.WatchDog.cancel(): canceling Wed Jun 13 19:38:42 UTC 2018
------------------ testing $PTII/ptolemy/domains/de/test/auto/Modal4.xml
auto.tcl: Setting watchdog for 200 seconds at Wed Jun 13 19:38:42 UTC 2018
13 ms. Memory: 208384K Free: 188653K (91%)
ptolemy.util.test.WatchDog.cancel(): canceling Wed Jun 13 19:38:42 UTC 2018
auto.tcl: Setting watchdog for 200 seconds at Wed Jun 13 19:38:42 UTC 2018
19 ms. Memory: 208384K Free: 184829K (89%)
ptolemy.util.test.WatchDog.cancel(): canceling Wed Jun 13 19:38:42 UTC 2018
------------------ testing $PTII/ptolemy/domains/de/test/auto/Modal5.xml
auto.tcl: Setting watchdog for 200 seconds at Wed Jun 13 19:38:42 UTC 2018
15 ms. Memory: 209920K Free: 190237K (91%)
ptolemy.util.test.WatchDog.cancel(): canceling Wed Jun 13 19:38:42 UTC 2018
auto.tcl: Setting watchdog for 200 seconds at Wed Jun 13 19:38:42 UTC 2018
14 ms. Memory: 209920K Free: 186429K (89%)
ptolemy.util.test.WatchDog.cancel(): canceling Wed Jun 13 19:38:42 UTC 2018
------------------ testing $PTII/ptolemy/domains/de/test/auto/Modal6.xml
auto.tcl: Setting watchdog for 200 seconds at Wed Jun 13 19:38:42 UTC 2018
12 ms. Memory: 209920K Free: 190251K (91%)
ptolemy.util.test.WatchDog.cancel(): canceling Wed Jun 13 19:38:42 UTC 2018
auto.tcl: Setting watchdog for 200 seconds at Wed Jun 13 19:38:42 UTC 2018
15 ms. Memory: 209920K Free: 186443K (89%)
ptolemy.util.test.WatchDog.cancel(): canceling Wed Jun 13 19:38:42 UTC 2018
------------------ testing $PTII/ptolemy/domains/de/test/auto/Modal7.xml
auto.tcl: Setting watchdog for 200 seconds at Wed Jun 13 19:38:42 UTC 2018
11 ms. Memory: 209920K Free: 188230K (90%)
ptolemy.util.test.WatchDog.cancel(): canceling Wed Jun 13 19:38:42 UTC 2018
auto.tcl: Setting watchdog for 200 seconds at Wed Jun 13 19:38:42 UTC 2018
12 ms. Memory: 209920K Free: 186318K (89%)
ptolemy.util.test.WatchDog.cancel(): canceling Wed Jun 13 19:38:42 UTC 2018
------------------ testing $PTII/ptolemy/domains/de/test/auto/ModalModel.xml
auto.tcl: Setting watchdog for 200 seconds at Wed Jun 13 19:38:42 UTC 2018
213 ms. Memory: 209920K Free: 129377K (62%)
ptolemy.util.test.WatchDog.cancel(): canceling Wed Jun 13 19:38:43 UTC 2018
auto.tcl: Setting watchdog for 200 seconds at Wed Jun 13 19:38:43 UTC 2018
232 ms. Memory: 209920K Free: 197465K (94%)
ptolemy.util.test.WatchDog.cancel(): canceling Wed Jun 13 19:38:43 UTC 2018
------------------ testing $PTII/ptolemy/domains/de/test/auto/ModalSource.xml
auto.tcl: Setting watchdog for 200 seconds at Wed Jun 13 19:38:43 UTC 2018
7 ms. Memory: 209920K Free: 195298K (93%)
ptolemy.util.test.WatchDog.cancel(): canceling Wed Jun 13 19:38:43 UTC 2018
auto.tcl: Setting watchdog for 200 seconds at Wed Jun 13 19:38:43 UTC 2018
8 ms. Memory: 209920K Free: 193535K (92%)
ptolemy.util.test.WatchDog.cancel(): canceling Wed Jun 13 19:38:43 UTC 2018
------------------ testing $PTII/ptolemy/domains/de/test/auto/NonInterruptibleTimerZeroDelay.xml
auto.tcl: Setting watchdog for 200 seconds at Wed Jun 13 19:38:43 UTC 2018
4 ms. Memory: 336896K Free: 326481K (97%)
ptolemy.util.test.WatchDog.cancel(): canceling Wed Jun 13 19:38:43 UTC 2018
auto.tcl: Setting watchdog for 200 seconds at Wed Jun 13 19:38:43 UTC 2018
2 ms. Memory: 336896K Free: 322972K (96%)
ptolemy.util.test.WatchDog.cancel(): canceling Wed Jun 13 19:38:43 UTC 2018
------------------ testing $PTII/ptolemy/domains/de/test/auto/OpenQueueingNetwork.xml
auto.tcl: Setting watchdog for 200 seconds at Wed Jun 13 19:38:43 UTC 2018
3329 ms. Memory: 336384K Free: 191085K (57%)
ptolemy.util.test.WatchDog.cancel(): canceling Wed Jun 13 19:38:47 UTC 2018
auto.tcl: Setting watchdog for 200 seconds at Wed Jun 13 19:38:47 UTC 2018
2542 ms. Memory: 314880K Free: 102198K (32%)
ptolemy.util.test.WatchDog.cancel(): canceling Wed Jun 13 19:38:49 UTC 2018
------------------ testing $PTII/ptolemy/domains/de/test/auto/OpenQueuingNetwork.xml
auto.tcl: Setting watchdog for 200 seconds at Wed Jun 13 19:38:49 UTC 2018
273 ms. Memory: 313344K Free: 213434K (68%)
ptolemy.util.test.WatchDog.cancel(): canceling Wed Jun 13 19:38:50 UTC 2018
auto.tcl: Setting watchdog for 200 seconds at Wed Jun 13 19:38:50 UTC 2018
257 ms. Memory: 313344K Free: 152193K (49%)
ptolemy.util.test.WatchDog.cancel(): canceling Wed Jun 13 19:38:50 UTC 2018
------------------ testing $PTII/ptolemy/domains/de/test/auto/PeriodicSampler.xml
auto.tcl: Setting watchdog for 200 seconds at Wed Jun 13 19:38:50 UTC 2018
2 ms. Memory: 314880K Free: 301994K (96%)
ptolemy.util.test.WatchDog.cancel(): canceling Wed Jun 13 19:38:50 UTC 2018
auto.tcl: Setting watchdog for 200 seconds at Wed Jun 13 19:38:50 UTC 2018
2 ms. Memory: 314880K Free: 298732K (95%)
ptolemy.util.test.WatchDog.cancel(): canceling Wed Jun 13 19:38:50 UTC 2018
------------------ testing $PTII/ptolemy/domains/de/test/auto/PersistentIO.xml
auto.tcl: Setting watchdog for 200 seconds at Wed Jun 13 19:38:50 UTC 2018
6 ms. Memory: 313344K Free: 294564K (94%)
ptolemy.util.test.WatchDog.cancel(): canceling Wed Jun 13 19:38:50 UTC 2018
auto.tcl: Setting watchdog for 200 seconds at Wed Jun 13 19:38:50 UTC 2018
17 ms. Memory: 313344K Free: 291318K (93%)
ptolemy.util.test.WatchDog.cancel(): canceling Wed Jun 13 19:38:50 UTC 2018
------------------ testing $PTII/ptolemy/domains/de/test/auto/PortParameterResetOnInitialize.xml
auto.tcl: Setting watchdog for 200 seconds at Wed Jun 13 19:38:50 UTC 2018
2 ms. Memory: 314880K Free: 299201K (95%)
ptolemy.util.test.WatchDog.cancel(): canceling Wed Jun 13 19:38:50 UTC 2018
auto.tcl: Setting watchdog for 200 seconds at Wed Jun 13 19:38:50 UTC 2018
2 ms. Memory: 314880K Free: 299201K (95%)
ptolemy.util.test.WatchDog.cancel(): canceling Wed Jun 13 19:38:50 UTC 2018
------------------ testing $PTII/ptolemy/domains/de/test/auto/PortParameterUpdates.xml
auto.tcl: Setting watchdog for 200 seconds at Wed Jun 13 19:38:50 UTC 2018
5 ms. Memory: 313344K Free: 297790K (95%)
ptolemy.util.test.WatchDog.cancel(): canceling Wed Jun 13 19:38:50 UTC 2018
auto.tcl: Setting watchdog for 200 seconds at Wed Jun 13 19:38:50 UTC 2018
5 ms. Memory: 313344K Free: 294528K (94%)
ptolemy.util.test.WatchDog.cancel(): canceling Wed Jun 13 19:38:50 UTC 2018
------------------ testing $PTII/ptolemy/domains/de/test/auto/QueueAndServer.xml
auto.tcl: Setting watchdog for 200 seconds at Wed Jun 13 19:38:50 UTC 2018
20 ms. Memory: 314368K Free: 297834K (95%)
ptolemy.util.test.WatchDog.cancel(): canceling Wed Jun 13 19:38:50 UTC 2018
auto.tcl: Setting watchdog for 200 seconds at Wed Jun 13 19:38:50 UTC 2018
8 ms. Memory: 314368K Free: 297834K (95%)
ptolemy.util.test.WatchDog.cancel(): canceling Wed Jun 13 19:38:50 UTC 2018
------------------ testing $PTII/ptolemy/domains/de/test/auto/Records.xml
auto.tcl: Setting watchdog for 200 seconds at Wed Jun 13 19:38:50 UTC 2018
3 ms. Memory: 313344K Free: 299982K (96%)
ptolemy.util.test.WatchDog.cancel(): canceling Wed Jun 13 19:38:50 UTC 2018
auto.tcl: Setting watchdog for 200 seconds at Wed Jun 13 19:38:50 UTC 2018
2 ms. Memory: 313344K Free: 299982K (96%)
ptolemy.util.test.WatchDog.cancel(): canceling Wed Jun 13 19:38:50 UTC 2018
------------------ testing $PTII/ptolemy/domains/de/test/auto/ResetTransitionWithStartTime1.xml
auto.tcl: Setting watchdog for 200 seconds at Wed Jun 13 19:38:50 UTC 2018
10 ms. Memory: 314368K Free: 297801K (95%)
ptolemy.util.test.WatchDog.cancel(): canceling Wed Jun 13 19:38:50 UTC 2018
auto.tcl: Setting watchdog for 200 seconds at Wed Jun 13 19:38:50 UTC 2018
7 ms. Memory: 314368K Free: 297770K (95%)
ptolemy.util.test.WatchDog.cancel(): canceling Wed Jun 13 19:38:50 UTC 2018
------------------ testing $PTII/ptolemy/domains/de/test/auto/ResetTransitionWithStartTime2.xml
auto.tcl: Setting watchdog for 200 seconds at Wed Jun 13 19:38:50 UTC 2018
6 ms. Memory: 313344K Free: 296768K (95%)
ptolemy.util.test.WatchDog.cancel(): canceling Wed Jun 13 19:38:50 UTC 2018
auto.tcl: Setting watchdog for 200 seconds at Wed Jun 13 19:38:50 UTC 2018
6 ms. Memory: 313344K Free: 296768K (95%)
ptolemy.util.test.WatchDog.cancel(): canceling Wed Jun 13 19:38:50 UTC 2018
------------------ testing $PTII/ptolemy/domains/de/test/auto/ResetTransitionWithStartTime3.xml
auto.tcl: Setting watchdog for 200 seconds at Wed Jun 13 19:38:50 UTC 2018
10 ms. Memory: 314368K Free: 297760K (95%)
ptolemy.util.test.WatchDog.cancel(): canceling Wed Jun 13 19:38:51 UTC 2018
auto.tcl: Setting watchdog for 200 seconds at Wed Jun 13 19:38:51 UTC 2018
6 ms. Memory: 314368K Free: 297760K (95%)
ptolemy.util.test.WatchDog.cancel(): canceling Wed Jun 13 19:38:51 UTC 2018
------------------ testing $PTII/ptolemy/domains/de/test/auto/ResetTransitionWithStartTime4.xml
auto.tcl: Setting watchdog for 200 seconds at Wed Jun 13 19:38:51 UTC 2018
3 ms. Memory: 313344K Free: 296766K (95%)
ptolemy.util.test.WatchDog.cancel(): canceling Wed Jun 13 19:38:51 UTC 2018
auto.tcl: Setting watchdog for 200 seconds at Wed Jun 13 19:38:51 UTC 2018
4 ms. Memory: 313344K Free: 296766K (95%)
ptolemy.util.test.WatchDog.cancel(): canceling Wed Jun 13 19:38:51 UTC 2018
------------------ testing $PTII/ptolemy/domains/de/test/auto/ResettableTimer1.xml
auto.tcl: Setting watchdog for 200 seconds at Wed Jun 13 19:38:51 UTC 2018
4 ms. Memory: 313856K Free: 298185K (95%)
ptolemy.util.test.WatchDog.cancel(): canceling Wed Jun 13 19:38:51 UTC 2018
auto.tcl: Setting watchdog for 200 seconds at Wed Jun 13 19:38:51 UTC 2018
3 ms. Memory: 313856K Free: 298185K (95%)
ptolemy.util.test.WatchDog.cancel(): canceling Wed Jun 13 19:38:51 UTC 2018
------------------ testing $PTII/ptolemy/domains/de/test/auto/ResettableTimer2.xml
auto.tcl: Setting watchdog for 200 seconds at Wed Jun 13 19:38:51 UTC 2018
5 ms. Memory: 313344K Free: 300089K (96%)
ptolemy.util.test.WatchDog.cancel(): canceling Wed Jun 13 19:38:51 UTC 2018
auto.tcl: Setting watchdog for 200 seconds at Wed Jun 13 19:38:51 UTC 2018
2 ms. Memory: 313344K Free: 300089K (96%)
ptolemy.util.test.WatchDog.cancel(): canceling Wed Jun 13 19:38:51 UTC 2018
------------------ testing $PTII/ptolemy/domains/de/test/auto/ResettableTimer3.xml
auto.tcl: Setting watchdog for 200 seconds at Wed Jun 13 19:38:51 UTC 2018
1 ms. Memory: 313856K Free: 298258K (95%)
ptolemy.util.test.WatchDog.cancel(): canceling Wed Jun 13 19:38:51 UTC 2018
auto.tcl: Setting watchdog for 200 seconds at Wed Jun 13 19:38:51 UTC 2018
2 ms. Memory: 313856K Free: 298258K (95%)
ptolemy.util.test.WatchDog.cancel(): canceling Wed Jun 13 19:38:51 UTC 2018
------------------ testing $PTII/ptolemy/domains/de/test/auto/ResettableTimer4.xml
auto.tcl: Setting watchdog for 200 seconds at Wed Jun 13 19:38:51 UTC 2018
1 ms. Memory: 313344K Free: 300110K (96%)
ptolemy.util.test.WatchDog.cancel(): canceling Wed Jun 13 19:38:51 UTC 2018
auto.tcl: Setting watchdog for 200 seconds at Wed Jun 13 19:38:51 UTC 2018
2 ms. Memory: 313344K Free: 300110K (96%)
ptolemy.util.test.WatchDog.cancel(): canceling Wed Jun 13 19:38:51 UTC 2018
------------------ testing $PTII/ptolemy/domains/de/test/auto/ResettableTimer5.xml
auto.tcl: Setting watchdog for 200 seconds at Wed Jun 13 19:38:51 UTC 2018
4 ms. Memory: 313856K Free: 298253K (95%)
ptolemy.util.test.WatchDog.cancel(): canceling Wed Jun 13 19:38:51 UTC 2018
auto.tcl: Setting watchdog for 200 seconds at Wed Jun 13 19:38:51 UTC 2018
1 ms. Memory: 313856K Free: 298253K (95%)
ptolemy.util.test.WatchDog.cancel(): canceling Wed Jun 13 19:38:51 UTC 2018
------------------ testing $PTII/ptolemy/domains/de/test/auto/ResettableTimer6.xml
auto.tcl: Setting watchdog for 200 seconds at Wed Jun 13 19:38:51 UTC 2018
2 ms. Memory: 313344K Free: 300018K (96%)
ptolemy.util.test.WatchDog.cancel(): canceling Wed Jun 13 19:38:51 UTC 2018
auto.tcl: Setting watchdog for 200 seconds at Wed Jun 13 19:38:51 UTC 2018
1 ms. Memory: 313344K Free: 300018K (96%)
ptolemy.util.test.WatchDog.cancel(): canceling Wed Jun 13 19:38:51 UTC 2018
------------------ testing $PTII/ptolemy/domains/de/test/auto/ServerZeroDelay.xml
auto.tcl: Setting watchdog for 200 seconds at Wed Jun 13 19:38:51 UTC 2018
2 ms. Memory: 313856K Free: 303807K (97%)
ptolemy.util.test.WatchDog.cancel(): canceling Wed Jun 13 19:38:51 UTC 2018
auto.tcl: Setting watchdog for 200 seconds at Wed Jun 13 19:38:51 UTC 2018
3 ms. Memory: 313856K Free: 300552K (96%)
ptolemy.util.test.WatchDog.cancel(): canceling Wed Jun 13 19:38:51 UTC 2018
------------------ testing $PTII/ptolemy/domains/de/test/auto/SmartSender.xml
auto.tcl: Setting watchdog for 200 seconds at Wed Jun 13 19:38:51 UTC 2018
3001 ms. Memory: 313344K Free: 297708K (95%)
ptolemy.util.test.WatchDog.cancel(): canceling Wed Jun 13 19:38:54 UTC 2018
auto.tcl: Setting watchdog for 200 seconds at Wed Jun 13 19:38:54 UTC 2018
3003 ms. Memory: 313344K Free: 297708K (95%)
ptolemy.util.test.WatchDog.cancel(): canceling Wed Jun 13 19:38:57 UTC 2018
------------------ testing $PTII/ptolemy/domains/de/test/auto/ThreadedComposite.xml
auto.tcl: Setting watchdog for 200 seconds at Wed Jun 13 19:38:57 UTC 2018
241 ms. Memory: 313856K Free: 277778K (89%)
ptolemy.util.test.WatchDog.cancel(): canceling Wed Jun 13 19:38:57 UTC 2018
auto.tcl: Setting watchdog for 200 seconds at Wed Jun 13 19:38:57 UTC 2018
179 ms. Memory: 313856K Free: 261992K (83%)
ptolemy.util.test.WatchDog.cancel(): canceling Wed Jun 13 19:38:58 UTC 2018
------------------ testing $PTII/ptolemy/domains/de/test/auto/Time.xml
auto.tcl: Setting watchdog for 200 seconds at Wed Jun 13 19:38:58 UTC 2018
558 ms. Memory: 313344K Free: 248695K (79%)
ptolemy.util.test.WatchDog.cancel(): canceling Wed Jun 13 19:38:58 UTC 2018
auto.tcl: Setting watchdog for 200 seconds at Wed Jun 13 19:38:58 UTC 2018
575 ms. Memory: 313344K Free: 200002K (64%)
ptolemy.util.test.WatchDog.cancel(): canceling Wed Jun 13 19:38:59 UTC 2018
------------------ testing $PTII/ptolemy/domains/de/test/auto/TimeDelayZeroDelay.xml
auto.tcl: Setting watchdog for 200 seconds at Wed Jun 13 19:38:59 UTC 2018
3 ms. Memory: 313856K Free: 303693K (97%)
ptolemy.util.test.WatchDog.cancel(): canceling Wed Jun 13 19:38:59 UTC 2018
auto.tcl: Setting watchdog for 200 seconds at Wed Jun 13 19:38:59 UTC 2018
2 ms. Memory: 313856K Free: 300446K (96%)
ptolemy.util.test.WatchDog.cancel(): canceling Wed Jun 13 19:38:59 UTC 2018
------------------ testing $PTII/ptolemy/domains/de/test/auto/TimerZeroDelay.xml
auto.tcl: Setting watchdog for 200 seconds at Wed Jun 13 19:38:59 UTC 2018
2 ms. Memory: 313344K Free: 303257K (97%)
ptolemy.util.test.WatchDog.cancel(): canceling Wed Jun 13 19:38:59 UTC 2018
auto.tcl: Setting watchdog for 200 seconds at Wed Jun 13 19:38:59 UTC 2018
2 ms. Memory: 313344K Free: 300011K (96%)
ptolemy.util.test.WatchDog.cancel(): canceling Wed Jun 13 19:38:59 UTC 2018
------------------ testing $PTII/ptolemy/domains/de/test/auto/TimingParadox.xml
auto.tcl: Setting watchdog for 200 seconds at Wed Jun 13 19:38:59 UTC 2018
423 ms. Memory: 313856K Free: 238772K (76%)
ptolemy.util.test.WatchDog.cancel(): canceling Wed Jun 13 19:39:00 UTC 2018
auto.tcl: Setting watchdog for 200 seconds at Wed Jun 13 19:39:00 UTC 2018
376 ms. Memory: 313856K Free: 203064K (65%)
ptolemy.util.test.WatchDog.cancel(): canceling Wed Jun 13 19:39:00 UTC 2018
------------------ testing $PTII/ptolemy/domains/de/test/auto/TransferInputs.xml
auto.tcl: Setting watchdog for 200 seconds at Wed Jun 13 19:39:00 UTC 2018
2 ms. Memory: 313856K Free: 299411K (95%)
ptolemy.util.test.WatchDog.cancel(): canceling Wed Jun 13 19:39:00 UTC 2018
auto.tcl: Setting watchdog for 200 seconds at Wed Jun 13 19:39:00 UTC 2018
2 ms. Memory: 313856K Free: 299411K (95%)
ptolemy.util.test.WatchDog.cancel(): canceling Wed Jun 13 19:39:00 UTC 2018
------------------ testing $PTII/ptolemy/domains/de/test/auto/TransferOutputs2.xml
auto.tcl: Setting watchdog for 200 seconds at Wed Jun 13 19:39:00 UTC 2018
4 ms. Memory: 313344K Free: 294434K (94%)
ptolemy.util.test.WatchDog.cancel(): canceling Wed Jun 13 19:39:00 UTC 2018
auto.tcl: Setting watchdog for 200 seconds at Wed Jun 13 19:39:00 UTC 2018
3 ms. Memory: 313344K Free: 294434K (94%)
ptolemy.util.test.WatchDog.cancel(): canceling Wed Jun 13 19:39:00 UTC 2018
------------------ testing $PTII/ptolemy/domains/de/test/auto/Trilateration.xml
auto.tcl: Setting watchdog for 200 seconds at Wed Jun 13 19:39:00 UTC 2018
12852 ms. Memory: 377856K Free: 160137K (42%)
ptolemy.util.test.WatchDog.cancel(): canceling Wed Jun 13 19:39:14 UTC 2018
auto.tcl: Setting watchdog for 200 seconds at Wed Jun 13 19:39:14 UTC 2018
10210 ms. Memory: 266240K Free: 121232K (46%)
ptolemy.util.test.WatchDog.cancel(): canceling Wed Jun 13 19:39:24 UTC 2018
------------------ testing $PTII/ptolemy/domains/de/test/auto/TwoSigmaDelta.xml
auto.tcl: Setting watchdog for 200 seconds at Wed Jun 13 19:39:25 UTC 2018
3002 ms. Memory: 258048K Free: 132129K (51%)
ptolemy.util.test.WatchDog.cancel(): canceling Wed Jun 13 19:39:28 UTC 2018
auto.tcl: Setting watchdog for 200 seconds at Wed Jun 13 19:39:28 UTC 2018
2242 ms. Memory: 249344K Free: 64254K (26%)
ptolemy.util.test.WatchDog.cancel(): canceling Wed Jun 13 19:39:30 UTC 2018
------------------ testing $PTII/ptolemy/domains/de/test/auto/VariableDelay.xml
auto.tcl: Setting watchdog for 200 seconds at Wed Jun 13 19:39:30 UTC 2018
3 ms. Memory: 242688K Free: 229699K (95%)
ptolemy.util.test.WatchDog.cancel(): canceling Wed Jun 13 19:39:30 UTC 2018
auto.tcl: Setting watchdog for 200 seconds at Wed Jun 13 19:39:30 UTC 2018
2 ms. Memory: 242688K Free: 229699K (95%)
ptolemy.util.test.WatchDog.cancel(): canceling Wed Jun 13 19:39:30 UTC 2018
------------------ testing $PTII/ptolemy/domains/de/test/auto/VariableDelay2.xml
auto.tcl: Setting watchdog for 200 seconds at Wed Jun 13 19:39:30 UTC 2018
6 ms. Memory: 244224K Free: 231643K (95%)
ptolemy.util.test.WatchDog.cancel(): canceling Wed Jun 13 19:39:30 UTC 2018
auto.tcl: Setting watchdog for 200 seconds at Wed Jun 13 19:39:30 UTC 2018
2 ms. Memory: 244224K Free: 231643K (95%)
ptolemy.util.test.WatchDog.cancel(): canceling Wed Jun 13 19:39:30 UTC 2018
------------------ testing $PTII/ptolemy/domains/de/test/auto/VariableDelayZeroDelay.xml
auto.tcl: Setting watchdog for 200 seconds at Wed Jun 13 19:39:30 UTC 2018
2 ms. Memory: 242688K Free: 230106K (95%)
ptolemy.util.test.WatchDog.cancel(): canceling Wed Jun 13 19:39:30 UTC 2018
auto.tcl: Setting watchdog for 200 seconds at Wed Jun 13 19:39:30 UTC 2018
2 ms. Memory: 242688K Free: 230106K (95%)
ptolemy.util.test.WatchDog.cancel(): canceling Wed Jun 13 19:39:30 UTC 2018
------------------ testing $PTII/ptolemy/domains/de/test/auto/VariableDelayZeroDelay2.xml
auto.tcl: Setting watchdog for 200 seconds at Wed Jun 13 19:39:30 UTC 2018
2 ms. Memory: 243712K Free: 231128K (95%)
ptolemy.util.test.WatchDog.cancel(): canceling Wed Jun 13 19:39:30 UTC 2018
auto.tcl: Setting watchdog for 200 seconds at Wed Jun 13 19:39:30 UTC 2018
2 ms. Memory: 243712K Free: 231128K (95%)
ptolemy.util.test.WatchDog.cancel(): canceling Wed Jun 13 19:39:30 UTC 2018
------------------ testing $PTII/ptolemy/domains/de/test/auto/deInCt.xml
auto.tcl: Setting watchdog for 200 seconds at Wed Jun 13 19:39:30 UTC 2018
0
1
1
1
0
0
0
1
1
1
0
0
0
1
1
1
0
0
0
0
0
1
1
1
0
0
0
1
1
1
0
0
0
1
1
1
1
0
0
0
1
1
1
0
0
1
1
1
1
14 ms. Memory: 242688K Free: 230100K (95%)
ptolemy.util.test.WatchDog.cancel(): canceling Wed Jun 13 19:39:30 UTC 2018
auto.tcl: Setting watchdog for 200 seconds at Wed Jun 13 19:39:30 UTC 2018
0
1
1
0
0
0
1
1
1
1
0
0
1
1
1
1
0
0
0
1
1
1
0
0
0
1
1
1
0
0
0
0
0
1
1
1
1
6 ms. Memory: 242688K Free: 227743K (94%)
ptolemy.util.test.WatchDog.cancel(): canceling Wed Jun 13 19:39:30 UTC 2018
------------------ testing $PTII/ptolemy/domains/de/test/auto/deInCt2.xml
auto.tcl: Setting watchdog for 200 seconds at Wed Jun 13 19:39:30 UTC 2018
0
1
1
1
0
0
1
1
1
0
0
1
1
1
0
0
1
1
1
0
0
1
1
1
0
0
1
1
1
0
0
1
1
1
0
0
1
1
1
0
0
0
8 ms. Memory: 243712K Free: 231123K (95%)
ptolemy.util.test.WatchDog.cancel(): canceling Wed Jun 13 19:39:30 UTC 2018
auto.tcl: Setting watchdog for 200 seconds at Wed Jun 13 19:39:30 UTC 2018
0
1
1
1
0
0
1
1
1
0
0
1
1
1
0
0
1
1
1
0
0
1
1
1
0
0
1
1
1
0
0
1
1
1
0
0
1
1
1
0
0
0
7 ms. Memory: 243712K Free: 228767K (94%)
ptolemy.util.test.WatchDog.cancel(): canceling Wed Jun 13 19:39:30 UTC 2018
------------------ testing $PTII/ptolemy/domains/de/test/auto/dynamicCausalityInterface1.xml
auto.tcl: Setting watchdog for 200 seconds at Wed Jun 13 19:39:30 UTC 2018
3 ms. Memory: 242688K Free: 224656K (93%)
ptolemy.util.test.WatchDog.cancel(): canceling Wed Jun 13 19:39:30 UTC 2018
auto.tcl: Setting watchdog for 200 seconds at Wed Jun 13 19:39:30 UTC 2018
1 ms. Memory: 242688K Free: 224656K (93%)
ptolemy.util.test.WatchDog.cancel(): canceling Wed Jun 13 19:39:30 UTC 2018
------------------ testing $PTII/ptolemy/domains/de/test/auto/fsm_de_test.xml
auto.tcl: Setting watchdog for 200 seconds at Wed Jun 13 19:39:31 UTC 2018
7 ms. Memory: 243200K Free: 225806K (93%)
ptolemy.util.test.WatchDog.cancel(): canceling Wed Jun 13 19:39:31 UTC 2018
auto.tcl: Setting watchdog for 200 seconds at Wed Jun 13 19:39:31 UTC 2018
5 ms. Memory: 243200K Free: 223466K (92%)
ptolemy.util.test.WatchDog.cancel(): canceling Wed Jun 13 19:39:31 UTC 2018
------------------ testing $PTII/ptolemy/domains/de/test/auto/functionDependencyReconstruction.xml
auto.tcl: Setting watchdog for 200 seconds at Wed Jun 13 19:39:31 UTC 2018
3 ms. Memory: 242688K Free: 218262K (90%)
ptolemy.util.test.WatchDog.cancel(): canceling Wed Jun 13 19:39:31 UTC 2018
auto.tcl: Setting watchdog for 200 seconds at Wed Jun 13 19:39:31 UTC 2018
3 ms. Memory: 242688K Free: 215905K (89%)
ptolemy.util.test.WatchDog.cancel(): canceling Wed Jun 13 19:39:31 UTC 2018
------------------ testing $PTII/ptolemy/domains/de/test/auto/multirate.xml
auto.tcl: Setting watchdog for 200 seconds at Wed Jun 13 19:39:31 UTC 2018
3 ms. Memory: 243200K Free: 229643K (94%)
ptolemy.util.test.WatchDog.cancel(): canceling Wed Jun 13 19:39:31 UTC 2018
auto.tcl: Setting watchdog for 200 seconds at Wed Jun 13 19:39:31 UTC 2018
4 ms. Memory: 243200K Free: 229643K (94%)
ptolemy.util.test.WatchDog.cancel(): canceling Wed Jun 13 19:39:31 UTC 2018
------------------ testing $PTII/ptolemy/domains/de/test/auto/multirate2.xml
auto.tcl: Setting watchdog for 200 seconds at Wed Jun 13 19:39:31 UTC 2018
2 ms. Memory: 242688K Free: 227699K (94%)
ptolemy.util.test.WatchDog.cancel(): canceling Wed Jun 13 19:39:31 UTC 2018
auto.tcl: Setting watchdog for 200 seconds at Wed Jun 13 19:39:31 UTC 2018
4 ms. Memory: 242688K Free: 227699K (94%)
ptolemy.util.test.WatchDog.cancel(): canceling Wed Jun 13 19:39:31 UTC 2018
------------------ testing $PTII/ptolemy/domains/de/test/auto/realtime.xml
auto.tcl: Setting watchdog for 200 seconds at Wed Jun 13 19:39:31 UTC 2018
10005 ms. Memory: 243200K Free: 227330K (93%)
ptolemy.util.test.WatchDog.cancel(): canceling Wed Jun 13 19:39:41 UTC 2018
auto.tcl: Setting watchdog for 200 seconds at Wed Jun 13 19:39:41 UTC 2018
10001 ms. Memory: 243200K Free: 227330K (93%)
ptolemy.util.test.WatchDog.cancel(): canceling Wed Jun 13 19:39:51 UTC 2018
------------------ testing $PTII/ptolemy/domains/de/test/auto/relationGroup.xml
auto.tcl: Setting watchdog for 200 seconds at Wed Jun 13 19:39:51 UTC 2018
1 ms. Memory: 242688K Free: 231685K (95%)
ptolemy.util.test.WatchDog.cancel(): canceling Wed Jun 13 19:39:51 UTC 2018
auto.tcl: Setting watchdog for 200 seconds at Wed Jun 13 19:39:51 UTC 2018
1 ms. Memory: 242688K Free: 231685K (95%)
ptolemy.util.test.WatchDog.cancel(): canceling Wed Jun 13 19:39:51 UTC 2018
------------------ testing $PTII/ptolemy/domains/de/test/auto/relationGroup2.xml
auto.tcl: Setting watchdog for 200 seconds at Wed Jun 13 19:39:51 UTC 2018
1 ms. Memory: 243200K Free: 232223K (95%)
ptolemy.util.test.WatchDog.cancel(): canceling Wed Jun 13 19:39:51 UTC 2018
auto.tcl: Setting watchdog for 200 seconds at Wed Jun 13 19:39:51 UTC 2018
1 ms. Memory: 243200K Free: 232223K (95%)
ptolemy.util.test.WatchDog.cancel(): canceling Wed Jun 13 19:39:51 UTC 2018
------------------ testing $PTII/ptolemy/domains/de/test/auto/sortWithOpaquePorts.xml
auto.tcl: Setting watchdog for 200 seconds at Wed Jun 13 19:39:51 UTC 2018
1 ms. Memory: 242688K Free: 230099K (95%)
ptolemy.util.test.WatchDog.cancel(): canceling Wed Jun 13 19:39:51 UTC 2018
auto.tcl: Setting watchdog for 200 seconds at Wed Jun 13 19:39:51 UTC 2018
1 ms. Memory: 242688K Free: 230099K (95%)
ptolemy.util.test.WatchDog.cancel(): canceling Wed Jun 13 19:39:51 UTC 2018
------------------ testing $PTII/ptolemy/domains/de/test/auto/transferInputsandOutputs.xml
auto.tcl: Setting watchdog for 200 seconds at Wed Jun 13 19:39:51 UTC 2018
1 ms. Memory: 243200K Free: 228258K (94%)
ptolemy.util.test.WatchDog.cancel(): canceling Wed Jun 13 19:39:51 UTC 2018
auto.tcl: Setting watchdog for 200 seconds at Wed Jun 13 19:39:51 UTC 2018
1 ms. Memory: 243200K Free: 225918K (93%)
ptolemy.util.test.WatchDog.cancel(): canceling Wed Jun 13 19:39:51 UTC 2018
------------------ testing $PTII/ptolemy/domains/de/test/auto/triggerType.xml
auto.tcl: Setting watchdog for 200 seconds at Wed Jun 13 19:39:51 UTC 2018
1 ms. Memory: 242688K Free: 230037K (95%)
ptolemy.util.test.WatchDog.cancel(): canceling Wed Jun 13 19:39:51 UTC 2018
auto.tcl: Setting watchdog for 200 seconds at Wed Jun 13 19:39:51 UTC 2018
1 ms. Memory: 242688K Free: 230037K (95%)
ptolemy.util.test.WatchDog.cancel(): canceling Wed Jun 13 19:39:51 UTC 2018
06/13/18 07:39:51
Failed: 0  Total Tests: 192  ((Passed: 187, Newly Passed: 1)  Known Failed: 5) /home/travis/build/icyphy/ptII/ptolemy/domains/de/test
06/13/18 07:39:51
Failed: 0  Total Tests: 192  ((Passed: 187, Newly Passed: 1)  Known Failed: 5) /home/travis/build/icyphy/ptII/ptolemy/domains/de/test
----------------- testing (KnownFailure) /home/travis/build/icyphy/ptII/ptolemy/domains/de/test/auto/knownFailedTests/DESDFClockTest.xml
2010 ms. Memory: 243200K Free: 223270K (92%)
Known Failure: java.lang.reflect.InvocationTargetException
----------------- testing (KnownFailure) /home/travis/build/icyphy/ptII/ptolemy/domains/de/test/auto/knownFailedTests/DirectFeedback.xml
1 ms. Memory: 243200K Free: 210368K (87%)
Known Failure: java.lang.reflect.InvocationTargetException
----------------- testing (KnownFailure) /home/travis/build/icyphy/ptII/ptolemy/domains/de/test/auto/knownFailedTests/FSMSource.xml
9 ms. Memory: 243200K Free: 194223K (80%)
----------------- testing (KnownFailure) /home/travis/build/icyphy/ptII/ptolemy/domains/de/test/auto/knownFailedTests/HierarchicalModel.xml
2 ms. Memory: 243200K Free: 171604K (71%)
Known Failure: java.lang.reflect.InvocationTargetException
----------------- testing (KnownFailure) /home/travis/build/icyphy/ptII/ptolemy/domains/de/test/auto/knownFailedTests/dependencyLoop.xml
10 ms. Memory: 243200K Free: 145767K (60%)
Known Failure: java.lang.reflect.InvocationTargetException
----------------- testing (KnownFailure) /home/travis/build/icyphy/ptII/ptolemy/domains/de/test/auto/knownFailedTests/dependencyLoop2.xml
1 ms. Memory: 243200K Free: 119946K (49%)
Known Failure: java.lang.reflect.InvocationTargetException
No auto/linux-amd64/*.xml tests in /home/travis/build/icyphy/ptII/ptolemy/domains/de/test
AutoTests.java: About to close Vertx.
AutoTests.java: Vertx closed.

===========================================================================================
----------------- testing Wed Jun 13 19:39:54 UTC 2018 /home/travis/build/icyphy/ptII/ptolemy/domains/de/test/auto/ActorDepthCalculation_actorWithoutPorts.xml
----------------- Instantiating /home/travis/build/icyphy/ptII/ptolemy/domains/de/test/auto/ActorDepthCalculation_actorWithoutPorts.xml
1 ms. Memory: 243200K Free: 100576K (41%)
----------------- Invoking toplevel() on ptolemy.moml.MoMLSimpleApplication@42214ffa
----------------- Done invoking toplevel() on ptolemy.moml.MoMLSimpleApplication@42214ffa
reloadAllAccessors: .ActorDepthCalculation_actorWithoutPorts

===========================================================================================
----------------- testing Wed Jun 13 19:39:54 UTC 2018 /home/travis/build/icyphy/ptII/ptolemy/domains/de/test/auto/AssemblyLine.xml
----------------- Instantiating /home/travis/build/icyphy/ptII/ptolemy/domains/de/test/auto/AssemblyLine.xml
2 ms. Memory: 243200K Free: 90899K (37%)
----------------- Invoking toplevel() on ptolemy.moml.MoMLSimpleApplication@22a20461
----------------- Done invoking toplevel() on ptolemy.moml.MoMLSimpleApplication@22a20461
reloadAllAccessors: .AssemblyLine

===========================================================================================
----------------- testing Wed Jun 13 19:39:54 UTC 2018 /home/travis/build/icyphy/ptII/ptolemy/domains/de/test/auto/CQBug1.xml
----------------- Instantiating /home/travis/build/icyphy/ptII/ptolemy/domains/de/test/auto/CQBug1.xml
0 ms. Memory: 243200K Free: 84448K (35%)
----------------- Invoking toplevel() on ptolemy.moml.MoMLSimpleApplication@2c770311
----------------- Done invoking toplevel() on ptolemy.moml.MoMLSimpleApplication@2c770311
reloadAllAccessors: .CQBug1

===========================================================================================
----------------- testing Wed Jun 13 19:39:54 UTC 2018 /home/travis/build/icyphy/ptII/ptolemy/domains/de/test/auto/CancelFireAt.xml
----------------- Instantiating /home/travis/build/icyphy/ptII/ptolemy/domains/de/test/auto/CancelFireAt.xml
1 ms. Memory: 243200K Free: 77246K (32%)
----------------- Invoking toplevel() on ptolemy.moml.MoMLSimpleApplication@10fada34
----------------- Done invoking toplevel() on ptolemy.moml.MoMLSimpleApplication@10fada34
reloadAllAccessors: .CancelFireAt

===========================================================================================
----------------- testing Wed Jun 13 19:39:54 UTC 2018 /home/travis/build/icyphy/ptII/ptolemy/domains/de/test/auto/CausalityAndComposabilityAnalysis.xml
----------------- Instantiating /home/travis/build/icyphy/ptII/ptolemy/domains/de/test/auto/CausalityAndComposabilityAnalysis.xml
3 ms. Memory: 236032K Free: 221847K (94%)
----------------- Invoking toplevel() on ptolemy.moml.MoMLSimpleApplication@15cfd70f
----------------- Done invoking toplevel() on ptolemy.moml.MoMLSimpleApplication@15cfd70f
reloadAllAccessors: .CausalityAndComposabilityAnalysis

===========================================================================================
----------------- testing Wed Jun 13 19:39:54 UTC 2018 /home/travis/build/icyphy/ptII/ptolemy/domains/de/test/auto/CausalityInterface1.xml
----------------- Instantiating /home/travis/build/icyphy/ptII/ptolemy/domains/de/test/auto/CausalityInterface1.xml
5 ms. Memory: 236032K Free: 211079K (89%)
----------------- Invoking toplevel() on ptolemy.moml.MoMLSimpleApplication@2ac18957
----------------- Done invoking toplevel() on ptolemy.moml.MoMLSimpleApplication@2ac18957
reloadAllAccessors: .CausalityInterface1

===========================================================================================
----------------- testing Wed Jun 13 19:39:54 UTC 2018 /home/travis/build/icyphy/ptII/ptolemy/domains/de/test/auto/CausalityInterface15.xml
----------------- Instantiating /home/travis/build/icyphy/ptII/ptolemy/domains/de/test/auto/CausalityInterface15.xml
1 ms. Memory: 236032K Free: 201786K (85%)
----------------- Invoking toplevel() on ptolemy.moml.MoMLSimpleApplication@5a7d08b5
----------------- Done invoking toplevel() on ptolemy.moml.MoMLSimpleApplication@5a7d08b5
reloadAllAccessors: .CausalityInterface15

[...]
java.lang.RuntimeException: Execution failed
	at ptolemy.moml.MoMLSimpleApplication$UnloadThread.run(MoMLSimpleApplication.java:402)
Caused by: ptolemy.kernel.util.IllegalActionException: Test fails in iteration 1.
Value was: 1.0. Should have been: 2.0
  in .DirectFeedback.Test
	at ptolemy.actor.lib.Test.fire(Test.java:268)
	at ptolemy.domains.de.kernel.DEDirector._fire(DEDirector.java:1949)
	at ptolemy.domains.de.kernel.DEDirector.fire(DEDirector.java:502)
	at ptolemy.actor.CompositeActor.fire(CompositeActor.java:455)
	at ptolemy.actor.Manager.iterate(Manager.java:851)
	at ptolemy.actor.Manager.execute(Manager.java:369)
	at ptolemy.actor.Manager.run(Manager.java:1263)
	at ptolemy.actor.Manager$PtolemyRunThread.run(Manager.java:1915)
java.lang.RuntimeException: Execution failed
	at ptolemy.moml.MoMLSimpleApplication$UnloadThread.run(MoMLSimpleApplication.java:402)
Caused by: ptolemy.kernel.util.IllegalActionException: Actor is not ready to fire.  Perhaps UpSample.prefire() returned false? Try debugging the actor by selecting "Listen to Actor".  Also, for SDF check moml for tokenConsumptionRate on input.
  in .DESDFClockTest.Play Bell.Copy1:SDF Director and .DESDFClockTest.Play Bell.UpSample
	at ptolemy.actor.sched.StaticSchedulingDirector.fire(StaticSchedulingDirector.java:227)
	at ptolemy.domains.sdf.kernel.SDFDirector.fire(SDFDirector.java:500)
	at ptolemy.actor.CompositeActor.fire(CompositeActor.java:455)
	at ptolemy.domains.de.kernel.DEDirector._fire(DEDirector.java:1949)
	at ptolemy.domains.de.kernel.DEDirector.fire(DEDirector.java:502)
	at ptolemy.actor.CompositeActor.fire(CompositeActor.java:455)
	at ptolemy.actor.Manager.iterate(Manager.java:851)
	at ptolemy.actor.Manager.execute(Manager.java:369)
	at ptolemy.actor.Manager.run(Manager.java:1263)
	at ptolemy.actor.Manager$PtolemyRunThread.run(Manager.java:1915)
java.lang.reflect.InvocationTargetException
	at sun.reflect.NativeConstructorAccessorImpl.newInstance0(Native Method)
	at sun.reflect.NativeConstructorAccessorImpl.newInstance(NativeConstructorAccessorImpl.java:62)
	at sun.reflect.DelegatingConstructorAccessorImpl.newInstance(DelegatingConstructorAccessorImpl.java:45)
	at java.lang.reflect.Constructor.newInstance(Constructor.java:423)
	at ptolemy.util.test.junit.AutoKnownFailedTests.RunModel(AutoKnownFailedTests.java:107)
	at sun.reflect.NativeMethodAccessorImpl.invoke0(Native Method)
	at sun.reflect.NativeMethodAccessorImpl.invoke(NativeMethodAccessorImpl.java:62)
	at sun.reflect.DelegatingMethodAccessorImpl.invoke(DelegatingMethodAccessorImpl.java:43)
	at java.lang.reflect.Method.invoke(Method.java:498)
	at org.junit.runners.model.FrameworkMethod$1.runReflectiveCall(FrameworkMethod.java:44)
	at org.junit.internal.runners.model.ReflectiveCallable.run(ReflectiveCallable.java:15)
	at org.junit.runners.model.FrameworkMethod.invokeExplosively(FrameworkMethod.java:41)
	at junitparams.internal.InvokeParameterisedMethod.evaluate(InvokeParameterisedMethod.java:102)
	at org.junit.internal.runners.statements.FailOnTimeout$1.run(FailOnTimeout.java:28)
Caused by: ptolemy.kernel.util.IllegalActionException: Actor is not ready to fire.  Perhaps UpSample.prefire() returned false? Try debugging the actor by selecting "Listen to Actor".  Also, for SDF check moml for tokenConsumptionRate on input.
  in .DESDFClockTest.Play Bell.Copy1:SDF Director and .DESDFClockTest.Play Bell.UpSample
	at ptolemy.actor.sched.StaticSchedulingDirector.fire(StaticSchedulingDirector.java:227)
	at ptolemy.domains.sdf.kernel.SDFDirector.fire(SDFDirector.java:500)
	at ptolemy.actor.CompositeActor.fire(CompositeActor.java:455)
	at ptolemy.domains.de.kernel.DEDirector._fire(DEDirector.java:1949)
	at ptolemy.domains.de.kernel.DEDirector.fire(DEDirector.java:502)
	at ptolemy.actor.CompositeActor.fire(CompositeActor.java:455)
	at ptolemy.actor.Manager.iterate(Manager.java:851)
	at ptolemy.actor.Manager.execute(Manager.java:369)
	at ptolemy.actor.Manager.run(Manager.java:1263)
	at ptolemy.actor.Manager$PtolemyRunThread.run(Manager.java:1915)
java.lang.RuntimeException: Execution failed
	at ptolemy.moml.MoMLSimpleApplication$UnloadThread.run(MoMLSimpleApplication.java:402)
Caused by: ptolemy.kernel.util.IllegalActionException: Test fails in iteration 1.
Value was: 1.0. Should have been: 2.0
  in .DirectFeedback.Test
	at ptolemy.actor.lib.Test.fire(Test.java:268)
	at ptolemy.domains.de.kernel.DEDirector._fire(DEDirector.java:1949)
	at ptolemy.domains.de.kernel.DEDirector.fire(DEDirector.java:502)
	at ptolemy.actor.CompositeActor.fire(CompositeActor.java:455)
	at ptolemy.actor.Manager.iterate(Manager.java:851)
	at ptolemy.actor.Manager.execute(Manager.java:369)
	at ptolemy.actor.Manager.run(Manager.java:1263)
	at ptolemy.actor.Manager$PtolemyRunThread.run(Manager.java:1915)
java.lang.reflect.InvocationTargetException
	at sun.reflect.NativeConstructorAccessorImpl.newInstance0(Native Method)
	at sun.reflect.NativeConstructorAccessorImpl.newInstance(NativeConstructorAccessorImpl.java:62)
	at sun.reflect.DelegatingConstructorAccessorImpl.newInstance(DelegatingConstructorAccessorImpl.java:45)
	at java.lang.reflect.Constructor.newInstance(Constructor.java:423)
	at ptolemy.util.test.junit.AutoKnownFailedTests.RunModel(AutoKnownFailedTests.java:107)
	at sun.reflect.NativeMethodAccessorImpl.invoke0(Native Method)
	at sun.reflect.NativeMethodAccessorImpl.invoke(NativeMethodAccessorImpl.java:62)
	at sun.reflect.DelegatingMethodAccessorImpl.invoke(DelegatingMethodAccessorImpl.java:43)
	at java.lang.reflect.Method.invoke(Method.java:498)
	at org.junit.runners.model.FrameworkMethod$1.runReflectiveCall(FrameworkMethod.java:44)
	at org.junit.internal.runners.model.ReflectiveCallable.run(ReflectiveCallable.java:15)
	at org.junit.runners.model.FrameworkMethod.invokeExplosively(FrameworkMethod.java:41)
	at junitparams.internal.InvokeParameterisedMethod.evaluate(InvokeParameterisedMethod.java:102)
	at org.junit.internal.runners.statements.FailOnTimeout$1.run(FailOnTimeout.java:28)
Caused by: ptolemy.kernel.util.IllegalActionException: Test fails in iteration 1.
Value was: 1.0. Should have been: 2.0
  in .DirectFeedback.Test
	at ptolemy.actor.lib.Test.fire(Test.java:268)
	at ptolemy.domains.de.kernel.DEDirector._fire(DEDirector.java:1949)
	at ptolemy.domains.de.kernel.DEDirector.fire(DEDirector.java:502)
	at ptolemy.actor.CompositeActor.fire(CompositeActor.java:455)
	at ptolemy.actor.Manager.iterate(Manager.java:851)
	at ptolemy.actor.Manager.execute(Manager.java:369)
	at ptolemy.actor.Manager.run(Manager.java:1263)
	at ptolemy.actor.Manager$PtolemyRunThread.run(Manager.java:1915)
java.lang.RuntimeException: Execution failed
	at ptolemy.moml.MoMLSimpleApplication$UnloadThread.run(MoMLSimpleApplication.java:402)
Caused by: ptolemy.kernel.util.IllegalActionException: Found a zero delay loop containing .HierarchicalModel.A
  in .HierarchicalModel and .HierarchicalModel.A
	at ptolemy.actor.util.CausalityInterfaceForComposites._computeOutputPortDepth(CausalityInterfaceForComposites.java:759)
	at ptolemy.actor.util.CausalityInterfaceForComposites._computeInputDepth(CausalityInterfaceForComposites.java:696)
	at ptolemy.actor.util.CausalityInterfaceForComposites._computeOutputPortDepth(CausalityInterfaceForComposites.java:765)
	at ptolemy.actor.util.CausalityInterfaceForComposites._computeInputDepth(CausalityInterfaceForComposites.java:696)
	at ptolemy.actor.util.CausalityInterfaceForComposites._computeOutputPortDepth(CausalityInterfaceForComposites.java:765)
	at ptolemy.actor.util.CausalityInterfaceForComposites._computeInputDepth(CausalityInterfaceForComposites.java:696)
	at ptolemy.actor.util.CausalityInterfaceForComposites._computeActorDepth(CausalityInterfaceForComposites.java:532)
	at ptolemy.actor.util.CausalityInterfaceForComposites.checkForCycles(CausalityInterfaceForComposites.java:96)
	at ptolemy.domains.de.kernel.DEDirector.preinitialize(DEDirector.java:1338)
	at ptolemy.actor.CompositeActor.preinitialize(CompositeActor.java:1828)
	at ptolemy.actor.Manager.preinitializeAndResolveTypes(Manager.java:1040)
	at ptolemy.actor.Manager.initialize(Manager.java:710)
	at ptolemy.actor.Manager.execute(Manager.java:356)
	at ptolemy.actor.Manager.run(Manager.java:1263)
	at ptolemy.actor.Manager$PtolemyRunThread.run(Manager.java:1915)
java.lang.reflect.InvocationTargetException
	at sun.reflect.NativeConstructorAccessorImpl.newInstance0(Native Method)
	at sun.reflect.NativeConstructorAccessorImpl.newInstance(NativeConstructorAccessorImpl.java:62)
	at sun.reflect.DelegatingConstructorAccessorImpl.newInstance(DelegatingConstructorAccessorImpl.java:45)
	at java.lang.reflect.Constructor.newInstance(Constructor.java:423)
	at ptolemy.util.test.junit.AutoKnownFailedTests.RunModel(AutoKnownFailedTests.java:107)
	at sun.reflect.NativeMethodAccessorImpl.invoke0(Native Method)
	at sun.reflect.NativeMethodAccessorImpl.invoke(NativeMethodAccessorImpl.java:62)
	at sun.reflect.DelegatingMethodAccessorImpl.invoke(DelegatingMethodAccessorImpl.java:43)
	at java.lang.reflect.Method.invoke(Method.java:498)
	at org.junit.runners.model.FrameworkMethod$1.runReflectiveCall(FrameworkMethod.java:44)
	at org.junit.internal.runners.model.ReflectiveCallable.run(ReflectiveCallable.java:15)
	at org.junit.runners.model.FrameworkMethod.invokeExplosively(FrameworkMethod.java:41)
	at junitparams.internal.InvokeParameterisedMethod.evaluate(InvokeParameterisedMethod.java:102)
	at org.junit.internal.runners.statements.FailOnTimeout$1.run(FailOnTimeout.java:28)
Caused by: ptolemy.kernel.util.IllegalActionException: Found a zero delay loop containing .HierarchicalModel.A
  in .HierarchicalModel and .HierarchicalModel.A
	at ptolemy.actor.util.CausalityInterfaceForComposites._computeOutputPortDepth(CausalityInterfaceForComposites.java:759)
	at ptolemy.actor.util.CausalityInterfaceForComposites._computeInputDepth(CausalityInterfaceForComposites.java:696)
	at ptolemy.actor.util.CausalityInterfaceForComposites._computeOutputPortDepth(CausalityInterfaceForComposites.java:765)
	at ptolemy.actor.util.CausalityInterfaceForComposites._computeInputDepth(CausalityInterfaceForComposites.java:696)
	at ptolemy.actor.util.CausalityInterfaceForComposites._computeOutputPortDepth(CausalityInterfaceForComposites.java:765)
	at ptolemy.actor.util.CausalityInterfaceForComposites._computeInputDepth(CausalityInterfaceForComposites.java:696)
	at ptolemy.actor.util.CausalityInterfaceForComposites._computeActorDepth(CausalityInterfaceForComposites.java:532)
	at ptolemy.actor.util.CausalityInterfaceForComposites.checkForCycles(CausalityInterfaceForComposites.java:96)
	at ptolemy.domains.de.kernel.DEDirector.preinitialize(DEDirector.java:1338)
	at ptolemy.actor.CompositeActor.preinitialize(CompositeActor.java:1828)
	at ptolemy.actor.Manager.preinitializeAndResolveTypes(Manager.java:1040)
	at ptolemy.actor.Manager.initialize(Manager.java:710)
	at ptolemy.actor.Manager.execute(Manager.java:356)
	at ptolemy.actor.Manager.run(Manager.java:1263)
	at ptolemy.actor.Manager$PtolemyRunThread.run(Manager.java:1915)
java.lang.RuntimeException: Execution failed
	at ptolemy.moml.MoMLSimpleApplication$UnloadThread.run(MoMLSimpleApplication.java:402)
Caused by: ptolemy.kernel.util.IllegalActionException: Found a zero delay loop containing .dependencyLoop.original
  in .dependencyLoop and .dependencyLoop.original
	at ptolemy.actor.util.CausalityInterfaceForComposites._computeOutputPortDepth(CausalityInterfaceForComposites.java:759)
	at ptolemy.actor.util.CausalityInterfaceForComposites._computeInputDepth(CausalityInterfaceForComposites.java:696)
	at ptolemy.actor.util.CausalityInterfaceForComposites._computeOutputPortDepth(CausalityInterfaceForComposites.java:765)
	at ptolemy.actor.util.CausalityInterfaceForComposites._computeInputDepth(CausalityInterfaceForComposites.java:696)
	at ptolemy.actor.util.CausalityInterfaceForComposites._computeOutputPortDepth(CausalityInterfaceForComposites.java:765)
	at ptolemy.actor.util.CausalityInterfaceForComposites._computeInputDepth(CausalityInterfaceForComposites.java:696)
	at ptolemy.actor.util.CausalityInterfaceForComposites._computeActorDepth(CausalityInterfaceForComposites.java:532)
	at ptolemy.actor.util.CausalityInterfaceForComposites.checkForCycles(CausalityInterfaceForComposites.java:96)
	at ptolemy.domains.de.kernel.DEDirector.preinitialize(DEDirector.java:1338)
	at ptolemy.actor.CompositeActor.preinitialize(CompositeActor.java:1828)
	at ptolemy.actor.Manager.preinitializeAndResolveTypes(Manager.java:1040)
	at ptolemy.actor.Manager.initialize(Manager.java:710)
	at ptolemy.actor.Manager.execute(Manager.java:356)
	at ptolemy.actor.Manager.run(Manager.java:1263)
	at ptolemy.actor.Manager$PtolemyRunThread.run(Manager.java:1915)
java.lang.reflect.InvocationTargetException
	at sun.reflect.NativeConstructorAccessorImpl.newInstance0(Native Method)
	at sun.reflect.NativeConstructorAccessorImpl.newInstance(NativeConstructorAccessorImpl.java:62)
	at sun.reflect.DelegatingConstructorAccessorImpl.newInstance(DelegatingConstructorAccessorImpl.java:45)
	at java.lang.reflect.Constructor.newInstance(Constructor.java:423)
	at ptolemy.util.test.junit.AutoKnownFailedTests.RunModel(AutoKnownFailedTests.java:107)
	at sun.reflect.NativeMethodAccessorImpl.invoke0(Native Method)
	at sun.reflect.NativeMethodAccessorImpl.invoke(NativeMethodAccessorImpl.java:62)
	at sun.reflect.DelegatingMethodAccessorImpl.invoke(DelegatingMethodAccessorImpl.java:43)
	at java.lang.reflect.Method.invoke(Method.java:498)
	at org.junit.runners.model.FrameworkMethod$1.runReflectiveCall(FrameworkMethod.java:44)
	at org.junit.internal.runners.model.ReflectiveCallable.run(ReflectiveCallable.java:15)
	at org.junit.runners.model.FrameworkMethod.invokeExplosively(FrameworkMethod.java:41)
	at junitparams.internal.InvokeParameterisedMethod.evaluate(InvokeParameterisedMethod.java:102)
	at org.junit.internal.runners.statements.FailOnTimeout$1.run(FailOnTimeout.java:28)
Caused by: ptolemy.kernel.util.IllegalActionException: Found a zero delay loop containing .dependencyLoop.original
  in .dependencyLoop and .dependencyLoop.original
	at ptolemy.actor.util.CausalityInterfaceForComposites._computeOutputPortDepth(CausalityInterfaceForComposites.java:759)
	at ptolemy.actor.util.CausalityInterfaceForComposites._computeInputDepth(CausalityInterfaceForComposites.java:696)
	at ptolemy.actor.util.CausalityInterfaceForComposites._computeOutputPortDepth(CausalityInterfaceForComposites.java:765)
	at ptolemy.actor.util.CausalityInterfaceForComposites._computeInputDepth(CausalityInterfaceForComposites.java:696)
	at ptolemy.actor.util.CausalityInterfaceForComposites._computeOutputPortDepth(CausalityInterfaceForComposites.java:765)
	at ptolemy.actor.util.CausalityInterfaceForComposites._computeInputDepth(CausalityInterfaceForComposites.java:696)
	at ptolemy.actor.util.CausalityInterfaceForComposites._computeActorDepth(CausalityInterfaceForComposites.java:532)
	at ptolemy.actor.util.CausalityInterfaceForComposites.checkForCycles(CausalityInterfaceForComposites.java:96)
	at ptolemy.domains.de.kernel.DEDirector.preinitialize(DEDirector.java:1338)
	at ptolemy.actor.CompositeActor.preinitialize(CompositeActor.java:1828)
	at ptolemy.actor.Manager.preinitializeAndResolveTypes(Manager.java:1040)
	at ptolemy.actor.Manager.initialize(Manager.java:710)
	at ptolemy.actor.Manager.execute(Manager.java:356)
	at ptolemy.actor.Manager.run(Manager.java:1263)
	at ptolemy.actor.Manager$PtolemyRunThread.run(Manager.java:1915)
java.lang.RuntimeException: Execution failed
	at ptolemy.moml.MoMLSimpleApplication$UnloadThread.run(MoMLSimpleApplication.java:402)
Caused by: ptolemy.kernel.util.IllegalActionException: Found a zero delay loop containing .dependencyLoop2.original
  in .dependencyLoop2 and .dependencyLoop2.original
	at ptolemy.actor.util.CausalityInterfaceForComposites._computeOutputPortDepth(CausalityInterfaceForComposites.java:759)
	at ptolemy.actor.util.CausalityInterfaceForComposites._computeInputDepth(CausalityInterfaceForComposites.java:696)
	at ptolemy.actor.util.CausalityInterfaceForComposites._computeOutputPortDepth(CausalityInterfaceForComposites.java:765)
	at ptolemy.actor.util.CausalityInterfaceForComposites._computeInputDepth(CausalityInterfaceForComposites.java:696)
	at ptolemy.actor.util.CausalityInterfaceForComposites._computeOutputPortDepth(CausalityInterfaceForComposites.java:765)
	at ptolemy.actor.util.CausalityInterfaceForComposites._computeInputDepth(CausalityInterfaceForComposites.java:696)
	at ptolemy.actor.util.CausalityInterfaceForComposites._computeActorDepth(CausalityInterfaceForComposites.java:532)
	at ptolemy.actor.util.CausalityInterfaceForComposites.checkForCycles(CausalityInterfaceForComposites.java:96)
	at ptolemy.domains.de.kernel.DEDirector.preinitialize(DEDirector.java:1338)
	at ptolemy.actor.CompositeActor.preinitialize(CompositeActor.java:1828)
	at ptolemy.actor.Manager.preinitializeAndResolveTypes(Manager.java:1040)
	at ptolemy.actor.Manager.initialize(Manager.java:710)
	at ptolemy.actor.Manager.execute(Manager.java:356)
	at ptolemy.actor.Manager.run(Manager.java:1263)
	at ptolemy.actor.Manager$PtolemyRunThread.run(Manager.java:1915)
java.lang.reflect.InvocationTargetException
	at sun.reflect.NativeConstructorAccessorImpl.newInstance0(Native Method)
	at sun.reflect.NativeConstructorAccessorImpl.newInstance(NativeConstructorAccessorImpl.java:62)
	at sun.reflect.DelegatingConstructorAccessorImpl.newInstance(DelegatingConstructorAccessorImpl.java:45)
	at java.lang.reflect.Constructor.newInstance(Constructor.java:423)
	at ptolemy.util.test.junit.AutoKnownFailedTests.RunModel(AutoKnownFailedTests.java:107)
	at sun.reflect.NativeMethodAccessorImpl.invoke0(Native Method)
	at sun.reflect.NativeMethodAccessorImpl.invoke(NativeMethodAccessorImpl.java:62)
	at sun.reflect.DelegatingMethodAccessorImpl.invoke(DelegatingMethodAccessorImpl.java:43)
	at java.lang.reflect.Method.invoke(Method.java:498)
	at org.junit.runners.model.FrameworkMethod$1.runReflectiveCall(FrameworkMethod.java:44)
	at org.junit.internal.runners.model.ReflectiveCallable.run(ReflectiveCallable.java:15)
	at org.junit.runners.model.FrameworkMethod.invokeExplosively(FrameworkMethod.java:41)
	at junitparams.internal.InvokeParameterisedMethod.evaluate(InvokeParameterisedMethod.java:102)
	at org.junit.internal.runners.statements.FailOnTimeout$1.run(FailOnTimeout.java:28)
Caused by: ptolemy.kernel.util.IllegalActionException: Found a zero delay loop containing .dependencyLoop2.original
  in .dependencyLoop2 and .dependencyLoop2.original
	at ptolemy.actor.util.CausalityInterfaceForComposites._computeOutputPortDepth(CausalityInterfaceForComposites.java:759)
	at ptolemy.actor.util.CausalityInterfaceForComposites._computeInputDepth(CausalityInterfaceForComposites.java:696)
	at ptolemy.actor.util.CausalityInterfaceForComposites._computeOutputPortDepth(CausalityInterfaceForComposites.java:765)
	at ptolemy.actor.util.CausalityInterfaceForComposites._computeInputDepth(CausalityInterfaceForComposites.java:696)
	at ptolemy.actor.util.CausalityInterfaceForComposites._computeOutputPortDepth(CausalityInterfaceForComposites.java:765)
	at ptolemy.actor.util.CausalityInterfaceForComposites._computeInputDepth(CausalityInterfaceForComposites.java:696)
	at ptolemy.actor.util.CausalityInterfaceForComposites._computeActorDepth(CausalityInterfaceForComposites.java:532)
	at ptolemy.actor.util.CausalityInterfaceForComposites.checkForCycles(CausalityInterfaceForComposites.java:96)
	at ptolemy.domains.de.kernel.DEDirector.preinitialize(DEDirector.java:1338)
	at ptolemy.actor.CompositeActor.preinitialize(CompositeActor.java:1828)
	at ptolemy.actor.Manager.preinitializeAndResolveTypes(Manager.java:1040)
	at ptolemy.actor.Manager.initialize(Manager.java:710)
	at ptolemy.actor.Manager.execute(Manager.java:356)
	at ptolemy.actor.Manager.run(Manager.java:1263)
	at ptolemy.actor.Manager$PtolemyRunThread.run(Manager.java:1915)
]]></system-err>
</testsuite>
