<?xml version="1.0" encoding="UTF-8" ?>
<testsuite errors="0" failures="0" hostname="travis-job-67662d14-7962-4d0e-bcdd-8fbe6d5d688d" name="ptolemy.actor.lib.hoc.test.junit.JUnitTclTest" skipped="0" tests="58" time="34.719" timestamp="2019-11-24T06:21:04">
  <properties>
[...]
</properties>
  <testcase classname="ptolemy.util.test.junit.TclTests" name="[0] /home/travis/build/icyphy/ptII/ptolemy/actor/lib/hoc/test/IterateOverArray.tcl (RunTclFile)" time="0.324" />
  <testcase classname="ptolemy.util.test.junit.AutoKnownFailedTests" name="[0] /home/travis/build/icyphy/ptII/ptolemy/actor/lib/hoc/test/auto/knownFailedTests/PreinitializeMustBeInvokedRunComposite.xml (RunModel)" time="0.453" />
  <testcase classname="ptolemy.util.test.junit.AutoNameArchTests" name="[0] ThereAreNoAutoArchTests (RunModel)" time="0.006" />
  <testcase classname="ptolemy.util.test.junit.AutoTests" name="[0] /home/travis/build/icyphy/ptII/ptolemy/actor/lib/hoc/test/auto/AllToAllMultiInstanceComposite.xml (RunModel)" time="0.516" />
  <testcase classname="ptolemy.util.test.junit.AutoTests" name="[1] /home/travis/build/icyphy/ptII/ptolemy/actor/lib/hoc/test/auto/ApplyFFTTest.xml (RunModel)" time="0.362" />
  <testcase classname="ptolemy.util.test.junit.AutoTests" name="[2] /home/travis/build/icyphy/ptII/ptolemy/actor/lib/hoc/test/auto/ApplyFunction.xml (RunModel)" time="0.056" />
  <testcase classname="ptolemy.util.test.junit.AutoTests" name="[3] /home/travis/build/icyphy/ptII/ptolemy/actor/lib/hoc/test/auto/BackgroundExecution.xml (RunModel)" time="0.748" />
  <testcase classname="ptolemy.util.test.junit.AutoTests" name="[4] /home/travis/build/icyphy/ptII/ptolemy/actor/lib/hoc/test/auto/Case.xml (RunModel)" time="0.078" />
  <testcase classname="ptolemy.util.test.junit.AutoTests" name="[5] /home/travis/build/icyphy/ptII/ptolemy/actor/lib/hoc/test/auto/Case1.xml (RunModel)" time="0.093" />
  <testcase classname="ptolemy.util.test.junit.AutoTests" name="[6] /home/travis/build/icyphy/ptII/ptolemy/actor/lib/hoc/test/auto/Case2.xml (RunModel)" time="0.137" />
  <testcase classname="ptolemy.util.test.junit.AutoTests" name="[7] /home/travis/build/icyphy/ptII/ptolemy/actor/lib/hoc/test/auto/Case3.xml (RunModel)" time="0.067" />
  <testcase classname="ptolemy.util.test.junit.AutoTests" name="[8] /home/travis/build/icyphy/ptII/ptolemy/actor/lib/hoc/test/auto/Case4.xml (RunModel)" time="0.096" />
  <testcase classname="ptolemy.util.test.junit.AutoTests" name="[9] /home/travis/build/icyphy/ptII/ptolemy/actor/lib/hoc/test/auto/Case5.xml (RunModel)" time="0.098" />
  <testcase classname="ptolemy.util.test.junit.AutoTests" name="[10] /home/travis/build/icyphy/ptII/ptolemy/actor/lib/hoc/test/auto/Case6.xml (RunModel)" time="0.149" />
  <testcase classname="ptolemy.util.test.junit.AutoTests" name="[11] /home/travis/build/icyphy/ptII/ptolemy/actor/lib/hoc/test/auto/CaseString2.xml (RunModel)" time="0.06" />
  <testcase classname="ptolemy.util.test.junit.AutoTests" name="[12] /home/travis/build/icyphy/ptII/ptolemy/actor/lib/hoc/test/auto/CatchUpComposite1.xml (RunModel)" time="0.1" />
  <testcase classname="ptolemy.util.test.junit.AutoTests" name="[13] /home/travis/build/icyphy/ptII/ptolemy/actor/lib/hoc/test/auto/CatchUpComposite2.xml (RunModel)" time="0.04" />
  <testcase classname="ptolemy.util.test.junit.AutoTests" name="[14] /home/travis/build/icyphy/ptII/ptolemy/actor/lib/hoc/test/auto/CatchUpComposite3.xml (RunModel)" time="0.064" />
  <testcase classname="ptolemy.util.test.junit.AutoTests" name="[15] /home/travis/build/icyphy/ptII/ptolemy/actor/lib/hoc/test/auto/CatchUpComposite4.xml (RunModel)" time="0.076" />
  <testcase classname="ptolemy.util.test.junit.AutoTests" name="[16] /home/travis/build/icyphy/ptII/ptolemy/actor/lib/hoc/test/auto/CatchUpComposite5.xml (RunModel)" time="0.06" />
  <testcase classname="ptolemy.util.test.junit.AutoTests" name="[17] /home/travis/build/icyphy/ptII/ptolemy/actor/lib/hoc/test/auto/CatchUpComposite6.xml (RunModel)" time="0.201" />
  <testcase classname="ptolemy.util.test.junit.AutoTests" name="[18] /home/travis/build/icyphy/ptII/ptolemy/actor/lib/hoc/test/auto/CatchUpComposite7.xml (RunModel)" time="0.101" />
  <testcase classname="ptolemy.util.test.junit.AutoTests" name="[19] /home/travis/build/icyphy/ptII/ptolemy/actor/lib/hoc/test/auto/ConcurrentExecutionTimeSDF.xml (RunModel)" time="1.297" />
  <testcase classname="ptolemy.util.test.junit.AutoTests" name="[20] /home/travis/build/icyphy/ptII/ptolemy/actor/lib/hoc/test/auto/ConcurrentSleep.xml (RunModel)" time="0.784" />
  <testcase classname="ptolemy.util.test.junit.AutoTests" name="[21] /home/travis/build/icyphy/ptII/ptolemy/actor/lib/hoc/test/auto/DEInPNInRunCompositeActor.xml (RunModel)" time="0.032" />
  <testcase classname="ptolemy.util.test.junit.AutoTests" name="[22] /home/travis/build/icyphy/ptII/ptolemy/actor/lib/hoc/test/auto/DFTSubSetTest.xml (RunModel)" time="0.341" />
  <testcase classname="ptolemy.util.test.junit.AutoTests" name="[23] /home/travis/build/icyphy/ptII/ptolemy/actor/lib/hoc/test/auto/HocDE.xml (RunModel)" time="0.168" />
  <testcase classname="ptolemy.util.test.junit.AutoTests" name="[24] /home/travis/build/icyphy/ptII/ptolemy/actor/lib/hoc/test/auto/IterateOverArray.xml (RunModel)" time="0.027" />
  <testcase classname="ptolemy.util.test.junit.AutoTests" name="[25] /home/travis/build/icyphy/ptII/ptolemy/actor/lib/hoc/test/auto/IterateOverArray10.xml (RunModel)" time="0.022" />
  <testcase classname="ptolemy.util.test.junit.AutoTests" name="[26] /home/travis/build/icyphy/ptII/ptolemy/actor/lib/hoc/test/auto/IterateOverArray11.xml (RunModel)" time="0.045" />
  <testcase classname="ptolemy.util.test.junit.AutoTests" name="[27] /home/travis/build/icyphy/ptII/ptolemy/actor/lib/hoc/test/auto/IterateOverArray12.xml (RunModel)" time="0.04" />
  <testcase classname="ptolemy.util.test.junit.AutoTests" name="[28] /home/travis/build/icyphy/ptII/ptolemy/actor/lib/hoc/test/auto/IterateOverArray13.xml (RunModel)" time="0.177" />
  <testcase classname="ptolemy.util.test.junit.AutoTests" name="[29] /home/travis/build/icyphy/ptII/ptolemy/actor/lib/hoc/test/auto/IterateOverArray14.xml (RunModel)" time="0.176" />
  <testcase classname="ptolemy.util.test.junit.AutoTests" name="[30] /home/travis/build/icyphy/ptII/ptolemy/actor/lib/hoc/test/auto/IterateOverArray2.xml (RunModel)" time="0.036" />
  <testcase classname="ptolemy.util.test.junit.AutoTests" name="[31] /home/travis/build/icyphy/ptII/ptolemy/actor/lib/hoc/test/auto/IterateOverArray3.xml (RunModel)" time="0.047" />
  <testcase classname="ptolemy.util.test.junit.AutoTests" name="[32] /home/travis/build/icyphy/ptII/ptolemy/actor/lib/hoc/test/auto/IterateOverArray4.xml (RunModel)" time="0.034" />
  <testcase classname="ptolemy.util.test.junit.AutoTests" name="[33] /home/travis/build/icyphy/ptII/ptolemy/actor/lib/hoc/test/auto/IterateOverArray5.xml (RunModel)" time="0.02" />
  <testcase classname="ptolemy.util.test.junit.AutoTests" name="[34] /home/travis/build/icyphy/ptII/ptolemy/actor/lib/hoc/test/auto/IterateOverArray6.xml (RunModel)" time="0.018" />
  <testcase classname="ptolemy.util.test.junit.AutoTests" name="[35] /home/travis/build/icyphy/ptII/ptolemy/actor/lib/hoc/test/auto/IterateOverArray7.xml (RunModel)" time="0.043" />
  <testcase classname="ptolemy.util.test.junit.AutoTests" name="[36] /home/travis/build/icyphy/ptII/ptolemy/actor/lib/hoc/test/auto/IterateOverArray8.xml (RunModel)" time="0.021" />
  <testcase classname="ptolemy.util.test.junit.AutoTests" name="[37] /home/travis/build/icyphy/ptII/ptolemy/actor/lib/hoc/test/auto/IterateOverArray9.xml (RunModel)" time="0.023" />
  <testcase classname="ptolemy.util.test.junit.AutoTests" name="[38] /home/travis/build/icyphy/ptII/ptolemy/actor/lib/hoc/test/auto/IterateOverArrayCoercedOutputType.xml (RunModel)" time="0.043" />
  <testcase classname="ptolemy.util.test.junit.AutoTests" name="[39] /home/travis/build/icyphy/ptII/ptolemy/actor/lib/hoc/test/auto/IterateOverArrayInferredOutputType.xml (RunModel)" time="0.029" />
  <testcase classname="ptolemy.util.test.junit.AutoTests" name="[40] /home/travis/build/icyphy/ptII/ptolemy/actor/lib/hoc/test/auto/MobileFunctionTest.xml (RunModel)" time="0.031" />
  <testcase classname="ptolemy.util.test.junit.AutoTests" name="[41] /home/travis/build/icyphy/ptII/ptolemy/actor/lib/hoc/test/auto/MobileModelTest.xml (RunModel)" time="0.209" />
  <testcase classname="ptolemy.util.test.junit.AutoTests" name="[42] /home/travis/build/icyphy/ptII/ptolemy/actor/lib/hoc/test/auto/ModelReference.xml (RunModel)" time="0.08" />
  <testcase classname="ptolemy.util.test.junit.AutoTests" name="[43] /home/travis/build/icyphy/ptII/ptolemy/actor/lib/hoc/test/auto/ModelReference3.xml (RunModel)" time="0.045" />
  <testcase classname="ptolemy.util.test.junit.AutoTests" name="[44] /home/travis/build/icyphy/ptII/ptolemy/actor/lib/hoc/test/auto/ModelReference4.xml (RunModel)" time="10.034" />
  <testcase classname="ptolemy.util.test.junit.AutoTests" name="[45] /home/travis/build/icyphy/ptII/ptolemy/actor/lib/hoc/test/auto/MultiInstanceComposite.xml (RunModel)" time="0.059" />
  <testcase classname="ptolemy.util.test.junit.AutoTests" name="[46] /home/travis/build/icyphy/ptII/ptolemy/actor/lib/hoc/test/auto/MultiInstanceComposite2.xml (RunModel)" time="0.044" />
  <testcase classname="ptolemy.util.test.junit.AutoTests" name="[47] /home/travis/build/icyphy/ptII/ptolemy/actor/lib/hoc/test/auto/MulticoreExecution.xml (RunModel)" time="1.1" />
  <testcase classname="ptolemy.util.test.junit.AutoTests" name="[48] /home/travis/build/icyphy/ptII/ptolemy/actor/lib/hoc/test/auto/ParallelExecution.xml (RunModel)" time="0.969" />
  <testcase classname="ptolemy.util.test.junit.AutoTests" name="[49] /home/travis/build/icyphy/ptII/ptolemy/actor/lib/hoc/test/auto/RunCompositeActor.xml (RunModel)" time="0.033" />
  <testcase classname="ptolemy.util.test.junit.AutoTests" name="[50] /home/travis/build/icyphy/ptII/ptolemy/actor/lib/hoc/test/auto/RunCompositeActor2.xml (RunModel)" time="0.03" />
  <testcase classname="ptolemy.util.test.junit.AutoTests" name="[51] /home/travis/build/icyphy/ptII/ptolemy/actor/lib/hoc/test/auto/RunCompositeActor3.xml (RunModel)" time="0.026" />
  <testcase classname="ptolemy.util.test.junit.AutoTests" name="[52] /home/travis/build/icyphy/ptII/ptolemy/actor/lib/hoc/test/auto/RunCompositeActor4.xml (RunModel)" time="0.033" />
  <testcase classname="ptolemy.util.test.junit.AutoTests" name="[53] /home/travis/build/icyphy/ptII/ptolemy/actor/lib/hoc/test/auto/RunCompositeIterateOverArray.xml (RunModel)" time="0.039" />
  <testcase classname="ptolemy.util.test.junit.AutoTests" name="[54] /home/travis/build/icyphy/ptII/ptolemy/actor/lib/hoc/test/auto/ThreadedJS.xml (RunModel)" time="13.953" />
  <system-out><![CDATA[/home/travis/build/icyphy/ptII/ptolemy/actor/lib/hoc/test/IterateOverArray.tcl
testDefs.tcl: setting time out to 9000 seconds at Sun Nov 24 06:21:04 UTC 2019
11/24/19 06:21:04
Failed: 0  Total Tests: 2  ((Passed: 2, Newly Passed: 0)  Known Failed: 0) /home/travis/build/icyphy/ptII/ptolemy/actor/lib/hoc/test
----------------- testing (KnownFailure) /home/travis/build/icyphy/ptII/ptolemy/actor/lib/hoc/test/auto/knownFailedTests/PreinitializeMustBeInvokedRunComposite.xml
162 ms. Memory: 120832K Free: 79815K (66%)
Known Failure: java.lang.reflect.InvocationTargetException
No auto/linux-amd64/*.xml tests in /home/travis/build/icyphy/ptII/ptolemy/actor/lib/hoc/test
AutoTests.java: About to close Vertx.
AutoTests.java: Vertx closed.

===========================================================================================
----------------- testing Sun Nov 24 06:21:05 UTC 2019 /home/travis/build/icyphy/ptII/ptolemy/actor/lib/hoc/test/auto/AllToAllMultiInstanceComposite.xml
----------------- Instantiating /home/travis/build/icyphy/ptII/ptolemy/actor/lib/hoc/test/auto/AllToAllMultiInstanceComposite.xml
232 ms. Memory: 120832K Free: 99555K (82%)
----------------- Invoking toplevel() on ptolemy.moml.MoMLSimpleApplication@77653da0
----------------- Done invoking toplevel() on ptolemy.moml.MoMLSimpleApplication@77653da0
reloadAllAccessors: .AllToAllMultiInstanceComposite

===========================================================================================
----------------- testing Sun Nov 24 06:21:05 UTC 2019 /home/travis/build/icyphy/ptII/ptolemy/actor/lib/hoc/test/auto/ApplyFFTTest.xml
----------------- Instantiating /home/travis/build/icyphy/ptII/ptolemy/actor/lib/hoc/test/auto/ApplyFFTTest.xml
143 ms. Memory: 120832K Free: 80552K (67%)
----------------- Invoking toplevel() on ptolemy.moml.MoMLSimpleApplication@5bc9f35
----------------- Done invoking toplevel() on ptolemy.moml.MoMLSimpleApplication@5bc9f35
reloadAllAccessors: .ApplyFFTTest

===========================================================================================
----------------- testing Sun Nov 24 06:21:06 UTC 2019 /home/travis/build/icyphy/ptII/ptolemy/actor/lib/hoc/test/auto/ApplyFunction.xml
----------------- Instantiating /home/travis/build/icyphy/ptII/ptolemy/actor/lib/hoc/test/auto/ApplyFunction.xml
13 ms. Memory: 120832K Free: 77662K (64%)
----------------- Invoking toplevel() on ptolemy.moml.MoMLSimpleApplication@16bb3a68
----------------- Done invoking toplevel() on ptolemy.moml.MoMLSimpleApplication@16bb3a68
reloadAllAccessors: .ApplyFunction

===========================================================================================
----------------- testing Sun Nov 24 06:21:06 UTC 2019 /home/travis/build/icyphy/ptII/ptolemy/actor/lib/hoc/test/auto/BackgroundExecution.xml
----------------- Instantiating /home/travis/build/icyphy/ptII/ptolemy/actor/lib/hoc/test/auto/BackgroundExecution.xml
623 ms. Memory: 120832K Free: 101245K (84%)
----------------- Invoking toplevel() on ptolemy.moml.MoMLSimpleApplication@6e806846
----------------- Done invoking toplevel() on ptolemy.moml.MoMLSimpleApplication@6e806846
reloadAllAccessors: .BackgroundExecution

===========================================================================================
----------------- testing Sun Nov 24 06:21:07 UTC 2019 /home/travis/build/icyphy/ptII/ptolemy/actor/lib/hoc/test/auto/Case.xml
----------------- Instantiating /home/travis/build/icyphy/ptII/ptolemy/actor/lib/hoc/test/auto/Case.xml
21 ms. Memory: 120832K Free: 93877K (78%)
----------------- Invoking toplevel() on ptolemy.moml.MoMLSimpleApplication@23da77c1
----------------- Done invoking toplevel() on ptolemy.moml.MoMLSimpleApplication@23da77c1
reloadAllAccessors: .Case

===========================================================================================
----------------- testing Sun Nov 24 06:21:07 UTC 2019 /home/travis/build/icyphy/ptII/ptolemy/actor/lib/hoc/test/auto/Case1.xml
----------------- Instantiating /home/travis/build/icyphy/ptII/ptolemy/actor/lib/hoc/test/auto/Case1.xml
27 ms. Memory: 120832K Free: 87510K (72%)
----------------- Invoking toplevel() on ptolemy.moml.MoMLSimpleApplication@7fcef8a1
----------------- Done invoking toplevel() on ptolemy.moml.MoMLSimpleApplication@7fcef8a1
reloadAllAccessors: .Case1

===========================================================================================
----------------- testing Sun Nov 24 06:21:07 UTC 2019 /home/travis/build/icyphy/ptII/ptolemy/actor/lib/hoc/test/auto/Case2.xml
----------------- Instantiating /home/travis/build/icyphy/ptII/ptolemy/actor/lib/hoc/test/auto/Case2.xml
49 ms. Memory: 120832K Free: 77270K (64%)
----------------- Invoking toplevel() on ptolemy.moml.MoMLSimpleApplication@ecdc8e2
----------------- Done invoking toplevel() on ptolemy.moml.MoMLSimpleApplication@ecdc8e2
reloadAllAccessors: .Case2

===========================================================================================
----------------- testing Sun Nov 24 06:21:07 UTC 2019 /home/travis/build/icyphy/ptII/ptolemy/actor/lib/hoc/test/auto/Case3.xml
----------------- Instantiating /home/travis/build/icyphy/ptII/ptolemy/actor/lib/hoc/test/auto/Case3.xml
14 ms. Memory: 120832K Free: 71532K (59%)
----------------- Invoking toplevel() on ptolemy.moml.MoMLSimpleApplication@61b7c7f5
----------------- Done invoking toplevel() on ptolemy.moml.MoMLSimpleApplication@61b7c7f5
reloadAllAccessors: .Case3

===========================================================================================
----------------- testing Sun Nov 24 06:21:07 UTC 2019 /home/travis/build/icyphy/ptII/ptolemy/actor/lib/hoc/test/auto/Case4.xml
----------------- Instantiating /home/travis/build/icyphy/ptII/ptolemy/actor/lib/hoc/test/auto/Case4.xml
24 ms. Memory: 146432K Free: 128230K (88%)
----------------- Invoking toplevel() on ptolemy.moml.MoMLSimpleApplication@3cdd0efe
----------------- Done invoking toplevel() on ptolemy.moml.MoMLSimpleApplication@3cdd0efe
reloadAllAccessors: .Case4

===========================================================================================
----------------- testing Sun Nov 24 06:21:07 UTC 2019 /home/travis/build/icyphy/ptII/ptolemy/actor/lib/hoc/test/auto/Case5.xml
----------------- Instantiating /home/travis/build/icyphy/ptII/ptolemy/actor/lib/hoc/test/auto/Case5.xml
66 ms. Memory: 146432K Free: 121756K (83%)
----------------- Invoking toplevel() on ptolemy.moml.MoMLSimpleApplication@463bb862
----------------- Done invoking toplevel() on ptolemy.moml.MoMLSimpleApplication@463bb862
reloadAllAccessors: .junk

===========================================================================================
----------------- testing Sun Nov 24 06:21:07 UTC 2019 /home/travis/build/icyphy/ptII/ptolemy/actor/lib/hoc/test/auto/Case6.xml
----------------- Instantiating /home/travis/build/icyphy/ptII/ptolemy/actor/lib/hoc/test/auto/Case6.xml
63 ms. Memory: 146432K Free: 110164K (75%)
----------------- Invoking toplevel() on ptolemy.moml.MoMLSimpleApplication@6a402366
----------------- Done invoking toplevel() on ptolemy.moml.MoMLSimpleApplication@6a402366
reloadAllAccessors: .Case6

===========================================================================================
----------------- testing Sun Nov 24 06:21:07 UTC 2019 /home/travis/build/icyphy/ptII/ptolemy/actor/lib/hoc/test/auto/CaseString2.xml
----------------- Instantiating /home/travis/build/icyphy/ptII/ptolemy/actor/lib/hoc/test/auto/CaseString2.xml
13 ms. Memory: 146432K Free: 102934K (70%)
----------------- Invoking toplevel() on ptolemy.moml.MoMLSimpleApplication@11152d01
----------------- Done invoking toplevel() on ptolemy.moml.MoMLSimpleApplication@11152d01
reloadAllAccessors: .CaseString2

===========================================================================================
----------------- testing Sun Nov 24 06:21:07 UTC 2019 /home/travis/build/icyphy/ptII/ptolemy/actor/lib/hoc/test/auto/CatchUpComposite1.xml
----------------- Instantiating /home/travis/build/icyphy/ptII/ptolemy/actor/lib/hoc/test/auto/CatchUpComposite1.xml
40 ms. Memory: 146432K Free: 93780K (64%)
----------------- Invoking toplevel() on ptolemy.moml.MoMLSimpleApplication@45ab1f0e
----------------- Done invoking toplevel() on ptolemy.moml.MoMLSimpleApplication@45ab1f0e
reloadAllAccessors: .CatchUpComposite1

===========================================================================================
----------------- testing Sun Nov 24 06:21:08 UTC 2019 /home/travis/build/icyphy/ptII/ptolemy/actor/lib/hoc/test/auto/CatchUpComposite2.xml
----------------- Instantiating /home/travis/build/icyphy/ptII/ptolemy/actor/lib/hoc/test/auto/CatchUpComposite2.xml
8 ms. Memory: 146432K Free: 85564K (58%)
----------------- Invoking toplevel() on ptolemy.moml.MoMLSimpleApplication@62ab304e
----------------- Done invoking toplevel() on ptolemy.moml.MoMLSimpleApplication@62ab304e
reloadAllAccessors: .CatchUpComposite2

===========================================================================================
----------------- testing Sun Nov 24 06:21:08 UTC 2019 /home/travis/build/icyphy/ptII/ptolemy/actor/lib/hoc/test/auto/CatchUpComposite3.xml
----------------- Instantiating /home/travis/build/icyphy/ptII/ptolemy/actor/lib/hoc/test/auto/CatchUpComposite3.xml
21 ms. Memory: 146432K Free: 126395K (86%)
----------------- Invoking toplevel() on ptolemy.moml.MoMLSimpleApplication@49932eda
----------------- Done invoking toplevel() on ptolemy.moml.MoMLSimpleApplication@49932eda
reloadAllAccessors: .CatchUpComposite3

===========================================================================================
----------------- testing Sun Nov 24 06:21:08 UTC 2019 /home/travis/build/icyphy/ptII/ptolemy/actor/lib/hoc/test/auto/CatchUpComposite4.xml
----------------- Instantiating /home/travis/build/icyphy/ptII/ptolemy/actor/lib/hoc/test/auto/CatchUpComposite4.xml
23 ms. Memory: 146432K Free: 118590K (81%)
----------------- Invoking toplevel() on ptolemy.moml.MoMLSimpleApplication@7ba6825d
----------------- Done invoking toplevel() on ptolemy.moml.MoMLSimpleApplication@7ba6825d
reloadAllAccessors: .CatchUpComposite4

===========================================================================================
----------------- testing Sun Nov 24 06:21:08 UTC 2019 /home/travis/build/icyphy/ptII/ptolemy/actor/lib/hoc/test/auto/CatchUpComposite5.xml
----------------- Instantiating /home/travis/build/icyphy/ptII/ptolemy/actor/lib/hoc/test/auto/CatchUpComposite5.xml
21 ms. Memory: 146432K Free: 111017K (76%)
----------------- Invoking toplevel() on ptolemy.moml.MoMLSimpleApplication@50d1af26
----------------- Done invoking toplevel() on ptolemy.moml.MoMLSimpleApplication@50d1af26
reloadAllAccessors: .CatchUpComposite5

===========================================================================================
----------------- testing Sun Nov 24 06:21:08 UTC 2019 /home/travis/build/icyphy/ptII/ptolemy/actor/lib/hoc/test/auto/CatchUpComposite6.xml
----------------- Instantiating /home/travis/build/icyphy/ptII/ptolemy/actor/lib/hoc/test/auto/CatchUpComposite6.xml
WARNING: The execution aspects in this model can influence the timing of actors by delaying the 
execution, potentially changing the behavior. There is no guarantee that actors fire at the 
time they request to be fired. 
Use Ptides for deterministic DE behavior that is not influenced by execution aspects. 

109 ms. Memory: 146432K Free: 96106K (66%)
----------------- Invoking toplevel() on ptolemy.moml.MoMLSimpleApplication@7f4b9943
----------------- Done invoking toplevel() on ptolemy.moml.MoMLSimpleApplication@7f4b9943
reloadAllAccessors: .CatchUpComposite6

===========================================================================================
----------------- testing Sun Nov 24 06:21:08 UTC 2019 /home/travis/build/icyphy/ptII/ptolemy/actor/lib/hoc/test/auto/CatchUpComposite7.xml
----------------- Instantiating /home/travis/build/icyphy/ptII/ptolemy/actor/lib/hoc/test/auto/CatchUpComposite7.xml
WARNING: The execution aspects in this model can influence the timing of actors by delaying the 
execution, potentially changing the behavior. There is no guarantee that actors fire at the 
time they request to be fired. 
Use Ptides for deterministic DE behavior that is not influenced by execution aspects. 

24 ms. Memory: 146432K Free: 82398K (56%)
----------------- Invoking toplevel() on ptolemy.moml.MoMLSimpleApplication@2eb1dde1
----------------- Done invoking toplevel() on ptolemy.moml.MoMLSimpleApplication@2eb1dde1
reloadAllAccessors: .CatchUpComposite7

===========================================================================================
----------------- testing Sun Nov 24 06:21:08 UTC 2019 /home/travis/build/icyphy/ptII/ptolemy/actor/lib/hoc/test/auto/ConcurrentExecutionTimeSDF.xml
----------------- Instantiating /home/travis/build/icyphy/ptII/ptolemy/actor/lib/hoc/test/auto/ConcurrentExecutionTimeSDF.xml
Fired ExecutionTime: 40400000
Fired ExecutionTime: 40400000
Fired ExecutionTime: 40400000
Fired ExecutionTime: 40400000
Fired ExecutionTime: 40400000
Fired ExecutionTime: 40400000
Fired ExecutionTime: 40400000
Fired ExecutionTime: 40400000
Fired ExecutionTime: 40400000
Fired ExecutionTime: 40400000
Fired ExecutionTime: 40400000
Fired ExecutionTime: 40400000
Fired ExecutionTime: 40400000
Fired ExecutionTime: 40400000
Fired ExecutionTime: 40400000
Fired ExecutionTime: 40400000
Fired ExecutionTime: 40400000
Fired ExecutionTime: 40400000
Fired ExecutionTime: 40400000
Fired ExecutionTime: 40400000
1276 ms. Memory: 146432K Free: 75626K (52%)
----------------- Invoking toplevel() on ptolemy.moml.MoMLSimpleApplication@51ea9c22
----------------- Done invoking toplevel() on ptolemy.moml.MoMLSimpleApplication@51ea9c22
reloadAllAccessors: .ConcurrentExecutionTimeSDF

===========================================================================================
----------------- testing Sun Nov 24 06:21:09 UTC 2019 /home/travis/build/icyphy/ptII/ptolemy/actor/lib/hoc/test/auto/ConcurrentSleep.xml
----------------- Instantiating /home/travis/build/icyphy/ptII/ptolemy/actor/lib/hoc/test/auto/ConcurrentSleep.xml
735 ms. Memory: 146432K Free: 124438K (85%)
----------------- Invoking toplevel() on ptolemy.moml.MoMLSimpleApplication@7c38d7dd
----------------- Done invoking toplevel() on ptolemy.moml.MoMLSimpleApplication@7c38d7dd
reloadAllAccessors: .ConcurrentSleep

===========================================================================================
----------------- testing Sun Nov 24 06:21:10 UTC 2019 /home/travis/build/icyphy/ptII/ptolemy/actor/lib/hoc/test/auto/DEInPNInRunCompositeActor.xml
----------------- Instantiating /home/travis/build/icyphy/ptII/ptolemy/actor/lib/hoc/test/auto/DEInPNInRunCompositeActor.xml
9 ms. Memory: 146432K Free: 118813K (81%)
----------------- Invoking toplevel() on ptolemy.moml.MoMLSimpleApplication@7dd1c239
----------------- Done invoking toplevel() on ptolemy.moml.MoMLSimpleApplication@7dd1c239
reloadAllAccessors: .DEInPNInRunCompositeActor

===========================================================================================
----------------- testing Sun Nov 24 06:21:10 UTC 2019 /home/travis/build/icyphy/ptII/ptolemy/actor/lib/hoc/test/auto/DFTSubSetTest.xml
----------------- Instantiating /home/travis/build/icyphy/ptII/ptolemy/actor/lib/hoc/test/auto/DFTSubSetTest.xml
204 ms. Memory: 146432K Free: 75899K (52%)
----------------- Invoking toplevel() on ptolemy.moml.MoMLSimpleApplication@6b5c34fc
----------------- Done invoking toplevel() on ptolemy.moml.MoMLSimpleApplication@6b5c34fc
reloadAllAccessors: .DFTSubSetTest

===========================================================================================
----------------- testing Sun Nov 24 06:21:11 UTC 2019 /home/travis/build/icyphy/ptII/ptolemy/actor/lib/hoc/test/auto/HocDE.xml
----------------- Instantiating /home/travis/build/icyphy/ptII/ptolemy/actor/lib/hoc/test/auto/HocDE.xml
118 ms. Memory: 146432K Free: 119967K (82%)
----------------- Invoking toplevel() on ptolemy.moml.MoMLSimpleApplication@2494c98a
----------------- Done invoking toplevel() on ptolemy.moml.MoMLSimpleApplication@2494c98a
reloadAllAccessors: .HocDE

===========================================================================================
----------------- testing Sun Nov 24 06:21:11 UTC 2019 /home/travis/build/icyphy/ptII/ptolemy/actor/lib/hoc/test/auto/IterateOverArray.xml
----------------- Instantiating /home/travis/build/icyphy/ptII/ptolemy/actor/lib/hoc/test/auto/IterateOverArray.xml
6 ms. Memory: 146432K Free: 114983K (79%)
----------------- Invoking toplevel() on ptolemy.moml.MoMLSimpleApplication@75f35030
----------------- Done invoking toplevel() on ptolemy.moml.MoMLSimpleApplication@75f35030
reloadAllAccessors: .IterateOverArray

===========================================================================================
----------------- testing Sun Nov 24 06:21:11 UTC 2019 /home/travis/build/icyphy/ptII/ptolemy/actor/lib/hoc/test/auto/IterateOverArray10.xml
----------------- Instantiating /home/travis/build/icyphy/ptII/ptolemy/actor/lib/hoc/test/auto/IterateOverArray10.xml
4 ms. Memory: 146432K Free: 111911K (76%)
----------------- Invoking toplevel() on ptolemy.moml.MoMLSimpleApplication@6fef4c1b
----------------- Done invoking toplevel() on ptolemy.moml.MoMLSimpleApplication@6fef4c1b
reloadAllAccessors: .IterateOverArray10

===========================================================================================
----------------- testing Sun Nov 24 06:21:11 UTC 2019 /home/travis/build/icyphy/ptII/ptolemy/actor/lib/hoc/test/auto/IterateOverArray11.xml
----------------- Instantiating /home/travis/build/icyphy/ptII/ptolemy/actor/lib/hoc/test/auto/IterateOverArray11.xml
4 ms. Memory: 146432K Free: 107815K (74%)
----------------- Invoking toplevel() on ptolemy.moml.MoMLSimpleApplication@6d3536c5
----------------- Done invoking toplevel() on ptolemy.moml.MoMLSimpleApplication@6d3536c5
reloadAllAccessors: .IterateOverArray11

===========================================================================================
----------------- testing Sun Nov 24 06:21:11 UTC 2019 /home/travis/build/icyphy/ptII/ptolemy/actor/lib/hoc/test/auto/IterateOverArray12.xml
----------------- Instantiating /home/travis/build/icyphy/ptII/ptolemy/actor/lib/hoc/test/auto/IterateOverArray12.xml
16 ms. Memory: 146432K Free: 101671K (69%)
----------------- Invoking toplevel() on ptolemy.moml.MoMLSimpleApplication@284fb722
----------------- Done invoking toplevel() on ptolemy.moml.MoMLSimpleApplication@284fb722
reloadAllAccessors: .IterateOverArray12

===========================================================================================
----------------- testing Sun Nov 24 06:21:11 UTC 2019 /home/travis/build/icyphy/ptII/ptolemy/actor/lib/hoc/test/auto/IterateOverArray13.xml
----------------- Instantiating /home/travis/build/icyphy/ptII/ptolemy/actor/lib/hoc/test/auto/IterateOverArray13.xml
80 ms. Memory: 146432K Free: 72999K (50%)
----------------- Invoking toplevel() on ptolemy.moml.MoMLSimpleApplication@2ab04774
----------------- Done invoking toplevel() on ptolemy.moml.MoMLSimpleApplication@2ab04774
reloadAllAccessors: .IterateOverArray13

===========================================================================================
----------------- testing Sun Nov 24 06:21:11 UTC 2019 /home/travis/build/icyphy/ptII/ptolemy/actor/lib/hoc/test/auto/IterateOverArray14.xml
----------------- Instantiating /home/travis/build/icyphy/ptII/ptolemy/actor/lib/hoc/test/auto/IterateOverArray14.xml
67 ms. Memory: 146432K Free: 116501K (80%)
----------------- Invoking toplevel() on ptolemy.moml.MoMLSimpleApplication@58bae5a9
----------------- Done invoking toplevel() on ptolemy.moml.MoMLSimpleApplication@58bae5a9
reloadAllAccessors: .IterateOverArray14

===========================================================================================
----------------- testing Sun Nov 24 06:21:11 UTC 2019 /home/travis/build/icyphy/ptII/ptolemy/actor/lib/hoc/test/auto/IterateOverArray2.xml
----------------- Instantiating /home/travis/build/icyphy/ptII/ptolemy/actor/lib/hoc/test/auto/IterateOverArray2.xml
13 ms. Memory: 146432K Free: 111891K (76%)
----------------- Invoking toplevel() on ptolemy.moml.MoMLSimpleApplication@3d7ce167
----------------- Done invoking toplevel() on ptolemy.moml.MoMLSimpleApplication@3d7ce167
reloadAllAccessors: .IterateOverArray2

===========================================================================================
----------------- testing Sun Nov 24 06:21:11 UTC 2019 /home/travis/build/icyphy/ptII/ptolemy/actor/lib/hoc/test/auto/IterateOverArray3.xml
----------------- Instantiating /home/travis/build/icyphy/ptII/ptolemy/actor/lib/hoc/test/auto/IterateOverArray3.xml
21 ms. Memory: 146432K Free: 106261K (73%)
----------------- Invoking toplevel() on ptolemy.moml.MoMLSimpleApplication@43a172e
----------------- Done invoking toplevel() on ptolemy.moml.MoMLSimpleApplication@43a172e
reloadAllAccessors: .IterateOverArray3

===========================================================================================
----------------- testing Sun Nov 24 06:21:11 UTC 2019 /home/travis/build/icyphy/ptII/ptolemy/actor/lib/hoc/test/auto/IterateOverArray4.xml
----------------- Instantiating /home/travis/build/icyphy/ptII/ptolemy/actor/lib/hoc/test/auto/IterateOverArray4.xml
9 ms. Memory: 146432K Free: 102165K (70%)
----------------- Invoking toplevel() on ptolemy.moml.MoMLSimpleApplication@18770186
----------------- Done invoking toplevel() on ptolemy.moml.MoMLSimpleApplication@18770186
reloadAllAccessors: .IterateOverArray4

===========================================================================================
----------------- testing Sun Nov 24 06:21:11 UTC 2019 /home/travis/build/icyphy/ptII/ptolemy/actor/lib/hoc/test/auto/IterateOverArray5.xml
----------------- Instantiating /home/travis/build/icyphy/ptII/ptolemy/actor/lib/hoc/test/auto/IterateOverArray5.xml
4 ms. Memory: 146432K Free: 98069K (67%)
----------------- Invoking toplevel() on ptolemy.moml.MoMLSimpleApplication@4a6ed434
----------------- Done invoking toplevel() on ptolemy.moml.MoMLSimpleApplication@4a6ed434
reloadAllAccessors: .IterateOverArray5

===========================================================================================
----------------- testing Sun Nov 24 06:21:11 UTC 2019 /home/travis/build/icyphy/ptII/ptolemy/actor/lib/hoc/test/auto/IterateOverArray6.xml
----------------- Instantiating /home/travis/build/icyphy/ptII/ptolemy/actor/lib/hoc/test/auto/IterateOverArray6.xml
4 ms. Memory: 146432K Free: 94483K (65%)
----------------- Invoking toplevel() on ptolemy.moml.MoMLSimpleApplication@533f8879
----------------- Done invoking toplevel() on ptolemy.moml.MoMLSimpleApplication@533f8879
reloadAllAccessors: .IterateOverArray6

===========================================================================================
----------------- testing Sun Nov 24 06:21:11 UTC 2019 /home/travis/build/icyphy/ptII/ptolemy/actor/lib/hoc/test/auto/IterateOverArray7.xml
----------------- Instantiating /home/travis/build/icyphy/ptII/ptolemy/actor/lib/hoc/test/auto/IterateOverArray7.xml
13 ms. Memory: 146432K Free: 89877K (61%)
----------------- Invoking toplevel() on ptolemy.moml.MoMLSimpleApplication@438330bb
----------------- Done invoking toplevel() on ptolemy.moml.MoMLSimpleApplication@438330bb
reloadAllAccessors: .IterateOverArray7

===========================================================================================
----------------- testing Sun Nov 24 06:21:11 UTC 2019 /home/travis/build/icyphy/ptII/ptolemy/actor/lib/hoc/test/auto/IterateOverArray8.xml
----------------- Instantiating /home/travis/build/icyphy/ptII/ptolemy/actor/lib/hoc/test/auto/IterateOverArray8.xml
5 ms. Memory: 146432K Free: 85781K (59%)
----------------- Invoking toplevel() on ptolemy.moml.MoMLSimpleApplication@1c6b835a
----------------- Done invoking toplevel() on ptolemy.moml.MoMLSimpleApplication@1c6b835a
reloadAllAccessors: .IterateOverArray8

===========================================================================================
----------------- testing Sun Nov 24 06:21:11 UTC 2019 /home/travis/build/icyphy/ptII/ptolemy/actor/lib/hoc/test/auto/IterateOverArray9.xml
----------------- Instantiating /home/travis/build/icyphy/ptII/ptolemy/actor/lib/hoc/test/auto/IterateOverArray9.xml
7 ms. Memory: 146432K Free: 81685K (56%)
----------------- Invoking toplevel() on ptolemy.moml.MoMLSimpleApplication@44121b4b
----------------- Done invoking toplevel() on ptolemy.moml.MoMLSimpleApplication@44121b4b
reloadAllAccessors: .IterateOverArray9

===========================================================================================
----------------- testing Sun Nov 24 06:21:11 UTC 2019 /home/travis/build/icyphy/ptII/ptolemy/actor/lib/hoc/test/auto/IterateOverArrayCoercedOutputType.xml
----------------- Instantiating /home/travis/build/icyphy/ptII/ptolemy/actor/lib/hoc/test/auto/IterateOverArrayCoercedOutputType.xml
5 ms. Memory: 146432K Free: 76565K (52%)
----------------- Invoking toplevel() on ptolemy.moml.MoMLSimpleApplication@472c0da2
----------------- Done invoking toplevel() on ptolemy.moml.MoMLSimpleApplication@472c0da2
reloadAllAccessors: .IterateOverArrayCoercedOutputType

===========================================================================================
----------------- testing Sun Nov 24 06:21:12 UTC 2019 /home/travis/build/icyphy/ptII/ptolemy/actor/lib/hoc/test/auto/IterateOverArrayInferredOutputType.xml
----------------- Instantiating /home/travis/build/icyphy/ptII/ptolemy/actor/lib/hoc/test/auto/IterateOverArrayInferredOutputType.xml
9 ms. Memory: 146432K Free: 71955K (49%)
----------------- Invoking toplevel() on ptolemy.moml.MoMLSimpleApplication@1cc84fa2
----------------- Done invoking toplevel() on ptolemy.moml.MoMLSimpleApplication@1cc84fa2
reloadAllAccessors: .IterateOverArrayInferredOutputType

===========================================================================================
----------------- testing Sun Nov 24 06:21:12 UTC 2019 /home/travis/build/icyphy/ptII/ptolemy/actor/lib/hoc/test/auto/MobileFunctionTest.xml
----------------- Instantiating /home/travis/build/icyphy/ptII/ptolemy/actor/lib/hoc/test/auto/MobileFunctionTest.xml
5 ms. Memory: 146432K Free: 67829K (46%)
----------------- Invoking toplevel() on ptolemy.moml.MoMLSimpleApplication@70bfaada
----------------- Done invoking toplevel() on ptolemy.moml.MoMLSimpleApplication@70bfaada
reloadAllAccessors: .MobileFunctionTest

===========================================================================================
----------------- testing Sun Nov 24 06:21:12 UTC 2019 /home/travis/build/icyphy/ptII/ptolemy/actor/lib/hoc/test/auto/MobileModelTest.xml
----------------- Instantiating /home/travis/build/icyphy/ptII/ptolemy/actor/lib/hoc/test/auto/MobileModelTest.xml
182 ms. Memory: 146432K Free: 130677K (89%)
----------------- Invoking toplevel() on ptolemy.moml.MoMLSimpleApplication@6e557de1
----------------- Done invoking toplevel() on ptolemy.moml.MoMLSimpleApplication@6e557de1
reloadAllAccessors: .MobileModelTest

===========================================================================================
----------------- testing Sun Nov 24 06:21:12 UTC 2019 /home/travis/build/icyphy/ptII/ptolemy/actor/lib/hoc/test/auto/ModelReference.xml
----------------- Instantiating /home/travis/build/icyphy/ptII/ptolemy/actor/lib/hoc/test/auto/ModelReference.xml
2 ms. Memory: 146432K Free: 123885K (85%)
6 ms. Memory: 146432K Free: 123304K (84%)
2 ms. Memory: 146432K Free: 122409K (84%)
2 ms. Memory: 146432K Free: 121393K (83%)
2 ms. Memory: 146432K Free: 120780K (82%)
1 ms. Memory: 146432K Free: 119810K (82%)
1 ms. Memory: 146432K Free: 119208K (81%)
1 ms. Memory: 146432K Free: 118337K (81%)
1 ms. Memory: 146432K Free: 117305K (80%)
1 ms. Memory: 146432K Free: 116713K (80%)
33 ms. Memory: 146432K Free: 116713K (80%)
----------------- Invoking toplevel() on ptolemy.moml.MoMLSimpleApplication@1e96e8bf
----------------- Done invoking toplevel() on ptolemy.moml.MoMLSimpleApplication@1e96e8bf
reloadAllAccessors: .ModelReference

===========================================================================================
----------------- testing Sun Nov 24 06:21:12 UTC 2019 /home/travis/build/icyphy/ptII/ptolemy/actor/lib/hoc/test/auto/ModelReference3.xml
----------------- Instantiating /home/travis/build/icyphy/ptII/ptolemy/actor/lib/hoc/test/auto/ModelReference3.xml
2 ms. Memory: 146432K Free: 112177K (77%)
4 ms. Memory: 146432K Free: 111580K (76%)
2 ms. Memory: 146432K Free: 110595K (76%)
4 ms. Memory: 146432K Free: 109992K (75%)
3 ms. Memory: 146432K Free: 109088K (74%)
2 ms. Memory: 146432K Free: 108097K (74%)
3 ms. Memory: 146432K Free: 107484K (73%)
1 ms. Memory: 146432K Free: 106499K (73%)
2 ms. Memory: 146432K Free: 105896K (72%)
1 ms. Memory: 146432K Free: 104992K (72%)
32 ms. Memory: 146432K Free: 104992K (72%)
----------------- Invoking toplevel() on ptolemy.moml.MoMLSimpleApplication@58f8313a
----------------- Done invoking toplevel() on ptolemy.moml.MoMLSimpleApplication@58f8313a
reloadAllAccessors: .ModelReference3

===========================================================================================
----------------- testing Sun Nov 24 06:21:12 UTC 2019 /home/travis/build/icyphy/ptII/ptolemy/actor/lib/hoc/test/auto/ModelReference4.xml
----------------- Instantiating /home/travis/build/icyphy/ptII/ptolemy/actor/lib/hoc/test/auto/ModelReference4.xml
5 ms. Memory: 146432K Free: 100324K (69%)
7 ms. Memory: 146432K Free: 99292K (68%)
3 ms. Memory: 146432K Free: 98276K (67%)
2 ms. Memory: 146432K Free: 97244K (66%)
2 ms. Memory: 146432K Free: 96228K (66%)
3 ms. Memory: 146432K Free: 94791K (65%)
2 ms. Memory: 146432K Free: 94181K (64%)
2 ms. Memory: 146432K Free: 93132K (64%)
3 ms. Memory: 146432K Free: 92124K (63%)
6 ms. Memory: 146432K Free: 90114K (62%)
10019 ms. Memory: 146432K Free: 90114K (62%)
----------------- Invoking toplevel() on ptolemy.moml.MoMLSimpleApplication@62f7e180
----------------- Done invoking toplevel() on ptolemy.moml.MoMLSimpleApplication@62f7e180
reloadAllAccessors: .ModelReference4

===========================================================================================
----------------- testing Sun Nov 24 06:21:22 UTC 2019 /home/travis/build/icyphy/ptII/ptolemy/actor/lib/hoc/test/auto/MultiInstanceComposite.xml
----------------- Instantiating /home/travis/build/icyphy/ptII/ptolemy/actor/lib/hoc/test/auto/MultiInstanceComposite.xml
27 ms. Memory: 146432K Free: 71233K (49%)
----------------- Invoking toplevel() on ptolemy.moml.MoMLSimpleApplication@2657fd48
----------------- Done invoking toplevel() on ptolemy.moml.MoMLSimpleApplication@2657fd48
reloadAllAccessors: .MultiInstanceComposite

===========================================================================================
----------------- testing Sun Nov 24 06:21:22 UTC 2019 /home/travis/build/icyphy/ptII/ptolemy/actor/lib/hoc/test/auto/MultiInstanceComposite2.xml
----------------- Instantiating /home/travis/build/icyphy/ptII/ptolemy/actor/lib/hoc/test/auto/MultiInstanceComposite2.xml
19 ms. Memory: 146432K Free: 59961K (41%)
----------------- Invoking toplevel() on ptolemy.moml.MoMLSimpleApplication@4f6cfd3f
----------------- Done invoking toplevel() on ptolemy.moml.MoMLSimpleApplication@4f6cfd3f
reloadAllAccessors: .MultiInstanceComposite2

===========================================================================================
----------------- testing Sun Nov 24 06:21:22 UTC 2019 /home/travis/build/icyphy/ptII/ptolemy/actor/lib/hoc/test/auto/MulticoreExecution.xml
----------------- Instantiating /home/travis/build/icyphy/ptII/ptolemy/actor/lib/hoc/test/auto/MulticoreExecution.xml
Fired ExecutionTime: 2400000
Fired ExecutionTime: 2800000
Fired ExecutionTime: 3600000
Fired ExecutionTime: 2000000
Fired ExecutionTime: 2800000
Fired ExecutionTime: 2800000
Fired ExecutionTime: 63600000
Fired ExecutionTime: 77200000
Fired ExecutionTime: 65200000
Fired ExecutionTime: 94000000
Fired ExecutionTime: 86800000
Fired ExecutionTime: 88000000
Fired ExecutionTime: 87600000
Fired ExecutionTime: 87200000
Fired ExecutionTime: 86800000
Fired ExecutionTime: 81200000
Fired ExecutionTime: 88000000
Fired ExecutionTime: 89200000
Fired ExecutionTime: 86400000
Fired ExecutionTime: 88800000
1075 ms. Memory: 146432K Free: 50782K (35%)
----------------- Invoking toplevel() on ptolemy.moml.MoMLSimpleApplication@535d1937
----------------- Done invoking toplevel() on ptolemy.moml.MoMLSimpleApplication@535d1937
reloadAllAccessors: .MulticoreExecution

===========================================================================================
----------------- testing Sun Nov 24 06:21:23 UTC 2019 /home/travis/build/icyphy/ptII/ptolemy/actor/lib/hoc/test/auto/ParallelExecution.xml
----------------- Instantiating /home/travis/build/icyphy/ptII/ptolemy/actor/lib/hoc/test/auto/ParallelExecution.xml
921 ms. Memory: 176128K Free: 156630K (89%)
----------------- Invoking toplevel() on ptolemy.moml.MoMLSimpleApplication@36b9cf3c
----------------- Done invoking toplevel() on ptolemy.moml.MoMLSimpleApplication@36b9cf3c
reloadAllAccessors: .ParallelExecution

===========================================================================================
----------------- testing Sun Nov 24 06:21:24 UTC 2019 /home/travis/build/icyphy/ptII/ptolemy/actor/lib/hoc/test/auto/RunCompositeActor.xml
----------------- Instantiating /home/travis/build/icyphy/ptII/ptolemy/actor/lib/hoc/test/auto/RunCompositeActor.xml
10 ms. Memory: 176128K Free: 149470K (85%)
----------------- Invoking toplevel() on ptolemy.moml.MoMLSimpleApplication@6f3e0e85
----------------- Done invoking toplevel() on ptolemy.moml.MoMLSimpleApplication@6f3e0e85
reloadAllAccessors: .RunCompositeActor

===========================================================================================
----------------- testing Sun Nov 24 06:21:24 UTC 2019 /home/travis/build/icyphy/ptII/ptolemy/actor/lib/hoc/test/auto/RunCompositeActor2.xml
----------------- Instantiating /home/travis/build/icyphy/ptII/ptolemy/actor/lib/hoc/test/auto/RunCompositeActor2.xml
10 ms. Memory: 176128K Free: 143318K (81%)
----------------- Invoking toplevel() on ptolemy.moml.MoMLSimpleApplication@7c26a96a
----------------- Done invoking toplevel() on ptolemy.moml.MoMLSimpleApplication@7c26a96a
reloadAllAccessors: .RunCompositeActor2

===========================================================================================
----------------- testing Sun Nov 24 06:21:24 UTC 2019 /home/travis/build/icyphy/ptII/ptolemy/actor/lib/hoc/test/auto/RunCompositeActor3.xml
----------------- Instantiating /home/travis/build/icyphy/ptII/ptolemy/actor/lib/hoc/test/auto/RunCompositeActor3.xml
4 ms. Memory: 176128K Free: 137702K (78%)
----------------- Invoking toplevel() on ptolemy.moml.MoMLSimpleApplication@3e13e282
----------------- Done invoking toplevel() on ptolemy.moml.MoMLSimpleApplication@3e13e282
reloadAllAccessors: .RunCompositeActor3

===========================================================================================
----------------- testing Sun Nov 24 06:21:24 UTC 2019 /home/travis/build/icyphy/ptII/ptolemy/actor/lib/hoc/test/auto/RunCompositeActor4.xml
----------------- Instantiating /home/travis/build/icyphy/ptII/ptolemy/actor/lib/hoc/test/auto/RunCompositeActor4.xml
14 ms. Memory: 176128K Free: 129510K (74%)
----------------- Invoking toplevel() on ptolemy.moml.MoMLSimpleApplication@6237f892
----------------- Done invoking toplevel() on ptolemy.moml.MoMLSimpleApplication@6237f892
reloadAllAccessors: .RunCompositeActor4

===========================================================================================
----------------- testing Sun Nov 24 06:21:24 UTC 2019 /home/travis/build/icyphy/ptII/ptolemy/actor/lib/hoc/test/auto/RunCompositeIterateOverArray.xml
----------------- Instantiating /home/travis/build/icyphy/ptII/ptolemy/actor/lib/hoc/test/auto/RunCompositeIterateOverArray.xml
5 ms. Memory: 176128K Free: 123366K (70%)
----------------- Invoking toplevel() on ptolemy.moml.MoMLSimpleApplication@42d7adb5
----------------- Done invoking toplevel() on ptolemy.moml.MoMLSimpleApplication@42d7adb5
reloadAllAccessors: .RunCompositeIterateOverArray

===========================================================================================
----------------- testing Sun Nov 24 06:21:24 UTC 2019 /home/travis/build/icyphy/ptII/ptolemy/actor/lib/hoc/test/auto/ThreadedJS.xml
----------------- Instantiating /home/travis/build/icyphy/ptII/ptolemy/actor/lib/hoc/test/auto/ThreadedJS.xml
6152 ms. Memory: 254976K Free: 166100K (65%)
----------------- Invoking toplevel() on ptolemy.moml.MoMLSimpleApplication@72087446
----------------- Done invoking toplevel() on ptolemy.moml.MoMLSimpleApplication@72087446
reloadAllAccessors: .ThreadedJS
AutoTests.java: About to close Vertx.
AutoTests.java: Vertx closed.
]]></system-out>
  <system-err><![CDATA[java.lang.RuntimeException: Execution failed
	at ptolemy.moml.MoMLSimpleApplication$UnloadThread.run(MoMLSimpleApplication.java:402)
Caused by: ptolemy.kernel.util.IllegalActionException: initialize() was called after wrapup() was called but preinitialize() was not called after wrapup().
	at ptolemy.actor.lib.hoc.test.PreinitializeMustBeInvoked.initialize(PreinitializeMustBeInvoked.java:78)
	at ptolemy.actor.Director.initialize(Director.java:938)
	at ptolemy.actor.Director.initialize(Director.java:907)
	at ptolemy.actor.sched.StaticSchedulingDirector.initialize(StaticSchedulingDirector.java:159)
	at ptolemy.domains.sdf.kernel.SDFDirector.initialize(SDFDirector.java:544)
	at ptolemy.actor.CompositeActor.initialize(CompositeActor.java:935)
	at ptolemy.actor.lib.hoc.LifeCycleManager._executeInsideModel(LifeCycleManager.java:339)
	at ptolemy.actor.lib.hoc.RunCompositeActor.fire(RunCompositeActor.java:205)
	at ptolemy.actor.CompositeActor.iterate(CompositeActor.java:1146)
	at ptolemy.actor.sched.StaticSchedulingDirector.fire(StaticSchedulingDirector.java:216)
	at ptolemy.domains.sdf.kernel.SDFDirector.fire(SDFDirector.java:500)
	at ptolemy.actor.CompositeActor.fire(CompositeActor.java:455)
	at ptolemy.actor.Manager.iterate(Manager.java:851)
	at ptolemy.actor.Manager.execute(Manager.java:369)
	at ptolemy.actor.Manager.run(Manager.java:1263)
	at ptolemy.actor.Manager$PtolemyRunThread.run(Manager.java:1933)
java.lang.reflect.InvocationTargetException
	at java.base/jdk.internal.reflect.NativeConstructorAccessorImpl.newInstance0(Native Method)
	at java.base/jdk.internal.reflect.NativeConstructorAccessorImpl.newInstance(NativeConstructorAccessorImpl.java:62)
	at java.base/jdk.internal.reflect.DelegatingConstructorAccessorImpl.newInstance(DelegatingConstructorAccessorImpl.java:45)
	at java.base/java.lang.reflect.Constructor.newInstance(Constructor.java:490)
	at ptolemy.util.test.junit.AutoKnownFailedTests.RunModel(AutoKnownFailedTests.java:105)
	at java.base/jdk.internal.reflect.NativeMethodAccessorImpl.invoke0(Native Method)
	at java.base/jdk.internal.reflect.NativeMethodAccessorImpl.invoke(NativeMethodAccessorImpl.java:62)
	at java.base/jdk.internal.reflect.DelegatingMethodAccessorImpl.invoke(DelegatingMethodAccessorImpl.java:43)
	at java.base/java.lang.reflect.Method.invoke(Method.java:566)
	at org.junit.runners.model.FrameworkMethod$1.runReflectiveCall(FrameworkMethod.java:44)
	at org.junit.internal.runners.model.ReflectiveCallable.run(ReflectiveCallable.java:15)
	at org.junit.runners.model.FrameworkMethod.invokeExplosively(FrameworkMethod.java:41)
	at junitparams.internal.InvokeParameterisedMethod.evaluate(InvokeParameterisedMethod.java:102)
	at org.junit.internal.runners.statements.FailOnTimeout$1.run(FailOnTimeout.java:28)
Caused by: ptolemy.kernel.util.IllegalActionException: initialize() was called after wrapup() was called but preinitialize() was not called after wrapup().
	at ptolemy.actor.lib.hoc.test.PreinitializeMustBeInvoked.initialize(PreinitializeMustBeInvoked.java:78)
	at ptolemy.actor.Director.initialize(Director.java:938)
	at ptolemy.actor.Director.initialize(Director.java:907)
	at ptolemy.actor.sched.StaticSchedulingDirector.initialize(StaticSchedulingDirector.java:159)
	at ptolemy.domains.sdf.kernel.SDFDirector.initialize(SDFDirector.java:544)
	at ptolemy.actor.CompositeActor.initialize(CompositeActor.java:935)
	at ptolemy.actor.lib.hoc.LifeCycleManager._executeInsideModel(LifeCycleManager.java:339)
	at ptolemy.actor.lib.hoc.RunCompositeActor.fire(RunCompositeActor.java:205)
	at ptolemy.actor.CompositeActor.iterate(CompositeActor.java:1146)
	at ptolemy.actor.sched.StaticSchedulingDirector.fire(StaticSchedulingDirector.java:216)
	at ptolemy.domains.sdf.kernel.SDFDirector.fire(SDFDirector.java:500)
	at ptolemy.actor.CompositeActor.fire(CompositeActor.java:455)
	at ptolemy.actor.Manager.iterate(Manager.java:851)
	at ptolemy.actor.Manager.execute(Manager.java:369)
	at ptolemy.actor.Manager.run(Manager.java:1263)
	at ptolemy.actor.Manager$PtolemyRunThread.run(Manager.java:1933)
Warning: Nashorn engine is planned to be removed from a future JDK release
Warning: Nashorn engine is planned to be removed from a future JDK release
Warning: Nashorn engine is planned to be removed from a future JDK release
Warning: Nashorn engine is planned to be removed from a future JDK release
Warning: Nashorn engine is planned to be removed from a future JDK release
Warning: Nashorn engine is planned to be removed from a future JDK release
Warning: Nashorn engine is planned to be removed from a future JDK release
Warning: Nashorn engine is planned to be removed from a future JDK release
]]></system-err>
</testsuite>
