<?xml version="1.0" encoding="UTF-8" ?>
<testsuite errors="0" failures="0" hostname="travis-job-62b43b59-790f-4841-a9c5-3068817b8681" name="ptolemy.domains.de.test.junit.JUnitTclTest" skipped="0" tests="101" time="129.519" timestamp="2019-01-30T15:57:33">
  <properties>
[...]
</properties>
  <testcase classname="ptolemy.util.test.junit.TclTests" name="[0] /home/travis/build/icyphy/ptII/ptolemy/domains/de/test/DependencyLoop.tcl (RunTclFile)" time="0.742" />
  <testcase classname="ptolemy.util.test.junit.TclTests" name="[1] /home/travis/build/icyphy/ptII/ptolemy/domains/de/test/RunDETestsAsQSS.tcl (RunTclFile)" time="87.522" />
  <testcase classname="ptolemy.util.test.junit.AutoKnownFailedTests" name="[0] /home/travis/build/icyphy/ptII/ptolemy/domains/de/test/auto/knownFailedTests/DESDFClockTest.xml (RunModel)" time="2.044" />
  <testcase classname="ptolemy.util.test.junit.AutoKnownFailedTests" name="[1] /home/travis/build/icyphy/ptII/ptolemy/domains/de/test/auto/knownFailedTests/DirectFeedback.xml (RunModel)" time="0.017" />
  <testcase classname="ptolemy.util.test.junit.AutoKnownFailedTests" name="[2] /home/travis/build/icyphy/ptII/ptolemy/domains/de/test/auto/knownFailedTests/FSMSource.xml (RunModel)" time="0.018" />
  <testcase classname="ptolemy.util.test.junit.AutoKnownFailedTests" name="[3] /home/travis/build/icyphy/ptII/ptolemy/domains/de/test/auto/knownFailedTests/HierarchicalModel.xml (RunModel)" time="0.052" />
  <testcase classname="ptolemy.util.test.junit.AutoKnownFailedTests" name="[4] /home/travis/build/icyphy/ptII/ptolemy/domains/de/test/auto/knownFailedTests/dependencyLoop.xml (RunModel)" time="0.038" />
  <testcase classname="ptolemy.util.test.junit.AutoKnownFailedTests" name="[5] /home/travis/build/icyphy/ptII/ptolemy/domains/de/test/auto/knownFailedTests/dependencyLoop2.xml (RunModel)" time="0.043" />
  <testcase classname="ptolemy.util.test.junit.AutoNameArchTests" name="[0] ThereAreNoAutoArchTests (RunModel)" time="0.001" />
  <testcase classname="ptolemy.util.test.junit.AutoTests" name="[0] /home/travis/build/icyphy/ptII/ptolemy/domains/de/test/auto/ActorDepthCalculation_actorWithoutPorts.xml (RunModel)" time="0.012" />
  <testcase classname="ptolemy.util.test.junit.AutoTests" name="[1] /home/travis/build/icyphy/ptII/ptolemy/domains/de/test/auto/AssemblyLine.xml (RunModel)" time="0.014" />
  <testcase classname="ptolemy.util.test.junit.AutoTests" name="[2] /home/travis/build/icyphy/ptII/ptolemy/domains/de/test/auto/CQBug1.xml (RunModel)" time="0.008" />
  <testcase classname="ptolemy.util.test.junit.AutoTests" name="[3] /home/travis/build/icyphy/ptII/ptolemy/domains/de/test/auto/CancelFireAt.xml (RunModel)" time="0.006" />
  <testcase classname="ptolemy.util.test.junit.AutoTests" name="[4] /home/travis/build/icyphy/ptII/ptolemy/domains/de/test/auto/CausalityAndComposabilityAnalysis.xml (RunModel)" time="0.01" />
  <testcase classname="ptolemy.util.test.junit.AutoTests" name="[5] /home/travis/build/icyphy/ptII/ptolemy/domains/de/test/auto/CausalityInterface1.xml (RunModel)" time="0.012" />
  <testcase classname="ptolemy.util.test.junit.AutoTests" name="[6] /home/travis/build/icyphy/ptII/ptolemy/domains/de/test/auto/CausalityInterface15.xml (RunModel)" time="0.012" />
  <testcase classname="ptolemy.util.test.junit.AutoTests" name="[7] /home/travis/build/icyphy/ptII/ptolemy/domains/de/test/auto/CausalityInterface2.xml (RunModel)" time="0.01" />
  <testcase classname="ptolemy.util.test.junit.AutoTests" name="[8] /home/travis/build/icyphy/ptII/ptolemy/domains/de/test/auto/CausalityInterface3.xml (RunModel)" time="0.011" />
  <testcase classname="ptolemy.util.test.junit.AutoTests" name="[9] /home/travis/build/icyphy/ptII/ptolemy/domains/de/test/auto/ClockDrift.xml (RunModel)" time="0.034" />
  <testcase classname="ptolemy.util.test.junit.AutoTests" name="[10] /home/travis/build/icyphy/ptII/ptolemy/domains/de/test/auto/ClockDriftAndValueChange.xml (RunModel)" time="0.03" />
  <testcase classname="ptolemy.util.test.junit.AutoTests" name="[11] /home/travis/build/icyphy/ptII/ptolemy/domains/de/test/auto/ClockDriftChange.xml (RunModel)" time="0.026" />
  <testcase classname="ptolemy.util.test.junit.AutoTests" name="[12] /home/travis/build/icyphy/ptII/ptolemy/domains/de/test/auto/ComposableCausalityAnalysis.xml (RunModel)" time="0.014" />
  <testcase classname="ptolemy.util.test.junit.AutoTests" name="[13] /home/travis/build/icyphy/ptII/ptolemy/domains/de/test/auto/DEFixedPointLimitation.xml (RunModel)" time="0.011" />
  <testcase classname="ptolemy.util.test.junit.AutoTests" name="[14] /home/travis/build/icyphy/ptII/ptolemy/domains/de/test/auto/DEScheduleTest.xml (RunModel)" time="0.035" />
  <testcase classname="ptolemy.util.test.junit.AutoTests" name="[15] /home/travis/build/icyphy/ptII/ptolemy/domains/de/test/auto/DEinDEwithStartTimes.xml (RunModel)" time="0.015" />
  <testcase classname="ptolemy.util.test.junit.AutoTests" name="[16] /home/travis/build/icyphy/ptII/ptolemy/domains/de/test/auto/DEinDEwithStartTimes2.xml (RunModel)" time="0.013" />
  <testcase classname="ptolemy.util.test.junit.AutoTests" name="[17] /home/travis/build/icyphy/ptII/ptolemy/domains/de/test/auto/DateDemo.xml (RunModel)" time="0.026" />
  <testcase classname="ptolemy.util.test.junit.AutoTests" name="[18] /home/travis/build/icyphy/ptII/ptolemy/domains/de/test/auto/DateToEvent.xml (RunModel)" time="2.037" />
  <testcase classname="ptolemy.util.test.junit.AutoTests" name="[19] /home/travis/build/icyphy/ptII/ptolemy/domains/de/test/auto/DepthTest1.xml (RunModel)" time="0.007" />
  <testcase classname="ptolemy.util.test.junit.AutoTests" name="[20] /home/travis/build/icyphy/ptII/ptolemy/domains/de/test/auto/DepthTest2.xml (RunModel)" time="0.015" />
  <testcase classname="ptolemy.util.test.junit.AutoTests" name="[21] /home/travis/build/icyphy/ptII/ptolemy/domains/de/test/auto/DepthTest3.xml (RunModel)" time="0.007" />
  <testcase classname="ptolemy.util.test.junit.AutoTests" name="[22] /home/travis/build/icyphy/ptII/ptolemy/domains/de/test/auto/DepthTest4.xml (RunModel)" time="0.012" />
  <testcase classname="ptolemy.util.test.junit.AutoTests" name="[23] /home/travis/build/icyphy/ptII/ptolemy/domains/de/test/auto/DepthTest5.xml (RunModel)" time="0.014" />
  <testcase classname="ptolemy.util.test.junit.AutoTests" name="[24] /home/travis/build/icyphy/ptII/ptolemy/domains/de/test/auto/DepthTest6.xml (RunModel)" time="0.012" />
  <testcase classname="ptolemy.util.test.junit.AutoTests" name="[25] /home/travis/build/icyphy/ptII/ptolemy/domains/de/test/auto/DepthTest7.xml (RunModel)" time="0.011" />
  <testcase classname="ptolemy.util.test.junit.AutoTests" name="[26] /home/travis/build/icyphy/ptII/ptolemy/domains/de/test/auto/EventToDate.xml (RunModel)" time="3.033" />
  <testcase classname="ptolemy.util.test.junit.AutoTests" name="[27] /home/travis/build/icyphy/ptII/ptolemy/domains/de/test/auto/FSM1.xml (RunModel)" time="0.028" />
  <testcase classname="ptolemy.util.test.junit.AutoTests" name="[28] /home/travis/build/icyphy/ptII/ptolemy/domains/de/test/auto/FSM7.xml (RunModel)" time="0.028" />
  <testcase classname="ptolemy.util.test.junit.AutoTests" name="[29] /home/travis/build/icyphy/ptII/ptolemy/domains/de/test/auto/Inspection.xml (RunModel)" time="0.036" />
  <testcase classname="ptolemy.util.test.junit.AutoTests" name="[30] /home/travis/build/icyphy/ptII/ptolemy/domains/de/test/auto/Iteration.xml (RunModel)" time="0.026" />
  <testcase classname="ptolemy.util.test.junit.AutoTests" name="[31] /home/travis/build/icyphy/ptII/ptolemy/domains/de/test/auto/LineFault.xml (RunModel)" time="0.525" />
  <testcase classname="ptolemy.util.test.junit.AutoTests" name="[32] /home/travis/build/icyphy/ptII/ptolemy/domains/de/test/auto/MergeModel1Add.xml (RunModel)" time="0.039" />
  <testcase classname="ptolemy.util.test.junit.AutoTests" name="[33] /home/travis/build/icyphy/ptII/ptolemy/domains/de/test/auto/MergeModel2Add.xml (RunModel)" time="0.039" />
  <testcase classname="ptolemy.util.test.junit.AutoTests" name="[34] /home/travis/build/icyphy/ptII/ptolemy/domains/de/test/auto/MergeModel3Add.xml (RunModel)" time="0.042" />
  <testcase classname="ptolemy.util.test.junit.AutoTests" name="[35] /home/travis/build/icyphy/ptII/ptolemy/domains/de/test/auto/MergeWithoutDiscard.xml (RunModel)" time="0.011" />
  <testcase classname="ptolemy.util.test.junit.AutoTests" name="[36] /home/travis/build/icyphy/ptII/ptolemy/domains/de/test/auto/Modal1.xml (RunModel)" time="0.031" />
  <testcase classname="ptolemy.util.test.junit.AutoTests" name="[37] /home/travis/build/icyphy/ptII/ptolemy/domains/de/test/auto/Modal2.xml (RunModel)" time="0.024" />
  <testcase classname="ptolemy.util.test.junit.AutoTests" name="[38] /home/travis/build/icyphy/ptII/ptolemy/domains/de/test/auto/Modal3.xml (RunModel)" time="0.024" />
  <testcase classname="ptolemy.util.test.junit.AutoTests" name="[39] /home/travis/build/icyphy/ptII/ptolemy/domains/de/test/auto/Modal4.xml (RunModel)" time="0.025" />
  <testcase classname="ptolemy.util.test.junit.AutoTests" name="[40] /home/travis/build/icyphy/ptII/ptolemy/domains/de/test/auto/Modal5.xml (RunModel)" time="0.024" />
  <testcase classname="ptolemy.util.test.junit.AutoTests" name="[41] /home/travis/build/icyphy/ptII/ptolemy/domains/de/test/auto/Modal6.xml (RunModel)" time="0.024" />
  <testcase classname="ptolemy.util.test.junit.AutoTests" name="[42] /home/travis/build/icyphy/ptII/ptolemy/domains/de/test/auto/Modal7.xml (RunModel)" time="0.024" />
  <testcase classname="ptolemy.util.test.junit.AutoTests" name="[43] /home/travis/build/icyphy/ptII/ptolemy/domains/de/test/auto/ModalModel.xml (RunModel)" time="0.129" />
  <testcase classname="ptolemy.util.test.junit.AutoTests" name="[44] /home/travis/build/icyphy/ptII/ptolemy/domains/de/test/auto/ModalSource.xml (RunModel)" time="0.016" />
  <testcase classname="ptolemy.util.test.junit.AutoTests" name="[45] /home/travis/build/icyphy/ptII/ptolemy/domains/de/test/auto/NonInterruptibleTimerZeroDelay.xml (RunModel)" time="0.009" />
  <testcase classname="ptolemy.util.test.junit.AutoTests" name="[46] /home/travis/build/icyphy/ptII/ptolemy/domains/de/test/auto/OpenQueueingNetwork.xml (RunModel)" time="2.372" />
  <testcase classname="ptolemy.util.test.junit.AutoTests" name="[47] /home/travis/build/icyphy/ptII/ptolemy/domains/de/test/auto/OpenQueuingNetwork.xml (RunModel)" time="0.259" />
  <testcase classname="ptolemy.util.test.junit.AutoTests" name="[48] /home/travis/build/icyphy/ptII/ptolemy/domains/de/test/auto/PeriodicSampler.xml (RunModel)" time="0.01" />
  <testcase classname="ptolemy.util.test.junit.AutoTests" name="[49] /home/travis/build/icyphy/ptII/ptolemy/domains/de/test/auto/PersistentIO.xml (RunModel)" time="0.017" />
  <testcase classname="ptolemy.util.test.junit.AutoTests" name="[50] /home/travis/build/icyphy/ptII/ptolemy/domains/de/test/auto/PortParameterResetOnInitialize.xml (RunModel)" time="0.013" />
  <testcase classname="ptolemy.util.test.junit.AutoTests" name="[51] /home/travis/build/icyphy/ptII/ptolemy/domains/de/test/auto/PortParameterUpdates.xml (RunModel)" time="0.014" />
  <testcase classname="ptolemy.util.test.junit.AutoTests" name="[52] /home/travis/build/icyphy/ptII/ptolemy/domains/de/test/auto/QueueAndServer.xml (RunModel)" time="0.024" />
  <testcase classname="ptolemy.util.test.junit.AutoTests" name="[53] /home/travis/build/icyphy/ptII/ptolemy/domains/de/test/auto/Records.xml (RunModel)" time="0.013" />
  <testcase classname="ptolemy.util.test.junit.AutoTests" name="[54] /home/travis/build/icyphy/ptII/ptolemy/domains/de/test/auto/ResetTransitionWithStartTime1.xml (RunModel)" time="0.019" />
  <testcase classname="ptolemy.util.test.junit.AutoTests" name="[55] /home/travis/build/icyphy/ptII/ptolemy/domains/de/test/auto/ResetTransitionWithStartTime2.xml (RunModel)" time="0.023" />
  <testcase classname="ptolemy.util.test.junit.AutoTests" name="[56] /home/travis/build/icyphy/ptII/ptolemy/domains/de/test/auto/ResetTransitionWithStartTime3.xml (RunModel)" time="0.022" />
  <testcase classname="ptolemy.util.test.junit.AutoTests" name="[57] /home/travis/build/icyphy/ptII/ptolemy/domains/de/test/auto/ResetTransitionWithStartTime4.xml (RunModel)" time="0.019" />
  <testcase classname="ptolemy.util.test.junit.AutoTests" name="[58] /home/travis/build/icyphy/ptII/ptolemy/domains/de/test/auto/ResettableTimer1.xml (RunModel)" time="0.011" />
  <testcase classname="ptolemy.util.test.junit.AutoTests" name="[59] /home/travis/build/icyphy/ptII/ptolemy/domains/de/test/auto/ResettableTimer2.xml (RunModel)" time="0.009" />
  <testcase classname="ptolemy.util.test.junit.AutoTests" name="[60] /home/travis/build/icyphy/ptII/ptolemy/domains/de/test/auto/ResettableTimer3.xml (RunModel)" time="0.008" />
  <testcase classname="ptolemy.util.test.junit.AutoTests" name="[61] /home/travis/build/icyphy/ptII/ptolemy/domains/de/test/auto/ResettableTimer4.xml (RunModel)" time="0.01" />
  <testcase classname="ptolemy.util.test.junit.AutoTests" name="[62] /home/travis/build/icyphy/ptII/ptolemy/domains/de/test/auto/ResettableTimer5.xml (RunModel)" time="0.011" />
  <testcase classname="ptolemy.util.test.junit.AutoTests" name="[63] /home/travis/build/icyphy/ptII/ptolemy/domains/de/test/auto/ResettableTimer6.xml (RunModel)" time="0.018" />
  <testcase classname="ptolemy.util.test.junit.AutoTests" name="[64] /home/travis/build/icyphy/ptII/ptolemy/domains/de/test/auto/ServerZeroDelay.xml (RunModel)" time="0.009" />
  <testcase classname="ptolemy.util.test.junit.AutoTests" name="[65] /home/travis/build/icyphy/ptII/ptolemy/domains/de/test/auto/SmartSender.xml (RunModel)" time="3.009" />
  <testcase classname="ptolemy.util.test.junit.AutoTests" name="[66] /home/travis/build/icyphy/ptII/ptolemy/domains/de/test/auto/ThreadedComposite.xml (RunModel)" time="1.776" />
  <testcase classname="ptolemy.util.test.junit.AutoTests" name="[67] /home/travis/build/icyphy/ptII/ptolemy/domains/de/test/auto/Time.xml (RunModel)" time="0.459" />
  <testcase classname="ptolemy.util.test.junit.AutoTests" name="[68] /home/travis/build/icyphy/ptII/ptolemy/domains/de/test/auto/TimeDelayZeroDelay.xml (RunModel)" time="0.011" />
  <testcase classname="ptolemy.util.test.junit.AutoTests" name="[69] /home/travis/build/icyphy/ptII/ptolemy/domains/de/test/auto/TimerZeroDelay.xml (RunModel)" time="0.009" />
  <testcase classname="ptolemy.util.test.junit.AutoTests" name="[70] /home/travis/build/icyphy/ptII/ptolemy/domains/de/test/auto/TimingParadox.xml (RunModel)" time="0.345" />
  <testcase classname="ptolemy.util.test.junit.AutoTests" name="[71] /home/travis/build/icyphy/ptII/ptolemy/domains/de/test/auto/TransferInputs.xml (RunModel)" time="0.014" />
  <testcase classname="ptolemy.util.test.junit.AutoTests" name="[72] /home/travis/build/icyphy/ptII/ptolemy/domains/de/test/auto/TransferOutputs2.xml (RunModel)" time="0.015" />
  <testcase classname="ptolemy.util.test.junit.AutoTests" name="[73] /home/travis/build/icyphy/ptII/ptolemy/domains/de/test/auto/Trilateration.xml (RunModel)" time="11.518" />
  <testcase classname="ptolemy.util.test.junit.AutoTests" name="[74] /home/travis/build/icyphy/ptII/ptolemy/domains/de/test/auto/TwoSigmaDelta.xml (RunModel)" time="1.975" />
  <testcase classname="ptolemy.util.test.junit.AutoTests" name="[75] /home/travis/build/icyphy/ptII/ptolemy/domains/de/test/auto/VariableDelay.xml (RunModel)" time="0.01" />
  <testcase classname="ptolemy.util.test.junit.AutoTests" name="[76] /home/travis/build/icyphy/ptII/ptolemy/domains/de/test/auto/VariableDelay2.xml (RunModel)" time="0.009" />
  <testcase classname="ptolemy.util.test.junit.AutoTests" name="[77] /home/travis/build/icyphy/ptII/ptolemy/domains/de/test/auto/VariableDelayZeroDelay.xml (RunModel)" time="0.009" />
  <testcase classname="ptolemy.util.test.junit.AutoTests" name="[78] /home/travis/build/icyphy/ptII/ptolemy/domains/de/test/auto/VariableDelayZeroDelay2.xml (RunModel)" time="0.009" />
  <testcase classname="ptolemy.util.test.junit.AutoTests" name="[79] /home/travis/build/icyphy/ptII/ptolemy/domains/de/test/auto/deInCt.xml (RunModel)" time="0.013" />
  <testcase classname="ptolemy.util.test.junit.AutoTests" name="[80] /home/travis/build/icyphy/ptII/ptolemy/domains/de/test/auto/deInCt2.xml (RunModel)" time="0.012" />
  <testcase classname="ptolemy.util.test.junit.AutoTests" name="[81] /home/travis/build/icyphy/ptII/ptolemy/domains/de/test/auto/dynamicCausalityInterface1.xml (RunModel)" time="0.02" />
  <testcase classname="ptolemy.util.test.junit.AutoTests" name="[82] /home/travis/build/icyphy/ptII/ptolemy/domains/de/test/auto/fsm_de_test.xml (RunModel)" time="0.02" />
  <testcase classname="ptolemy.util.test.junit.AutoTests" name="[83] /home/travis/build/icyphy/ptII/ptolemy/domains/de/test/auto/functionDependencyReconstruction.xml (RunModel)" time="0.028" />
  <testcase classname="ptolemy.util.test.junit.AutoTests" name="[84] /home/travis/build/icyphy/ptII/ptolemy/domains/de/test/auto/multirate.xml (RunModel)" time="0.015" />
  <testcase classname="ptolemy.util.test.junit.AutoTests" name="[85] /home/travis/build/icyphy/ptII/ptolemy/domains/de/test/auto/multirate2.xml (RunModel)" time="0.014" />
  <testcase classname="ptolemy.util.test.junit.AutoTests" name="[86] /home/travis/build/icyphy/ptII/ptolemy/domains/de/test/auto/realtime.xml (RunModel)" time="10.01" />
  <testcase classname="ptolemy.util.test.junit.AutoTests" name="[87] /home/travis/build/icyphy/ptII/ptolemy/domains/de/test/auto/relationGroup.xml (RunModel)" time="0.009" />
  <testcase classname="ptolemy.util.test.junit.AutoTests" name="[88] /home/travis/build/icyphy/ptII/ptolemy/domains/de/test/auto/relationGroup2.xml (RunModel)" time="0.014" />
  <testcase classname="ptolemy.util.test.junit.AutoTests" name="[89] /home/travis/build/icyphy/ptII/ptolemy/domains/de/test/auto/sortWithOpaquePorts.xml (RunModel)" time="0.01" />
  <testcase classname="ptolemy.util.test.junit.AutoTests" name="[90] /home/travis/build/icyphy/ptII/ptolemy/domains/de/test/auto/transferInputsandOutputs.xml (RunModel)" time="0.017" />
  <testcase classname="ptolemy.util.test.junit.AutoTests" name="[91] /home/travis/build/icyphy/ptII/ptolemy/domains/de/test/auto/triggerType.xml (RunModel)" time="0.008" />
  <system-out><![CDATA[/home/travis/build/icyphy/ptII/ptolemy/domains/de/test/DependencyLoop.tcl
testDefs.tcl: setting time out to 9000 seconds at Wed Jan 30 15:57:33 UTC 2019
16 ms. Memory: 116224K Free: 97659K (84%)
19 ms. Memory: 146944K Free: 141196K (96%)
/home/travis/build/icyphy/ptII/ptolemy/domains/de/test/RunDETestsAsQSS.tcl
Run the DE tests using ptolemy.domains.qss.test.QSSDirectorTest, which extends QSSDirector and prints a message in the constructors.
------------------ testing $PTII/ptolemy/domains/de/test/auto/knownFailedTests/dependencyLoop.xml (Known Failure) 
7 ms. Memory: 146944K Free: 136550K (93%)


==== $PTIIhome/travis/build/icyphy/ptII/ptolemy/domains/de/test/../../../../: Auto Automatic test in file $PTII/ptolemy/domains/de/test/auto/knownFailedTests/dependencyLoop.xml
==== Contents of test case:

	    # FIXME: we should use $relativeFilename here, but it
	    # might have backslashes under Windows, which causes no end
	    # of trouble.
	    createAndExecute $file
	    list {}
	
.... Test generated KNOWN error:
    while executing
ptolemy.kernel.util.IllegalActionException: Found a zero delay loop containing .dependencyLoop.original
  in .dependencyLoop and .dependencyLoop.original
	at ptolemy.actor.util.CausalityInterfaceForComposites._computeOutputPortDepth(CausalityInterfaceForComposites.java:759)
	at ptolemy.actor.util.CausalityInterfaceForComposites._computeInputDepth(CausalityInterfaceForComposites.java:696)
	at ptolemy.actor.util.CausalityInterfaceForComposites._computeOutputPortDepth(CausalityInterfaceForComposites.java:765)
	at ptolemy.actor.util.CausalityInterfaceForComposites._computeInputDepth(CausalityInterfaceForComposites.java:696)
	at ptolemy.actor.util.CausalityInterfaceForComposites._computeOutputPortDepth(CausalityInterfaceForComposites.java:765)
	at ptolemy.actor.util.CausalityInterfaceForComposites._computeInputDepth(CausalityInterfaceForComposites.java:696)
	at ptolemy.actor.util.CausalityInterfaceForComposites._computeActorDepth(CausalityInterfaceForComposites.java:532)
	at ptolemy.actor.util.CausalityInterfaceForComposites.checkForCycles(CausalityInterfaceForComposites.java:96)
	at ptolemy.domains.de.kernel.DEDirector.preinitialize(DEDirector.java:1338)
	at ptolemy.actor.CompositeActor.preinitialize(CompositeActor.java:1828)
	at ptolemy.actor.Manager.preinitializeAndResolveTypes(Manager.java:1040)
	at ptolemy.actor.Manager.initialize(Manager.java:710)
	at ptolemy.actor.Manager.execute(Manager.java:356)
	at ptolemy.actor.Manager.run(Manager.java:1263)
	at ptolemy.actor.Manager$PtolemyRunThread.run(Manager.java:1915)

    while executing
ptolemy.kernel.util.IllegalActionException: Found a zero delay loop containing .dependencyLoop.original
  in .dependencyLoop and .dependencyLoop.original
    while executing
"java::new ptolemy.moml.MoMLSimpleApplication $file
"
    (procedure "createAndExecute" line 2)
    invoked from within
"createAndExecute $file"
    ("uplevel" body line 5)
    invoked from within
"uplevel $contents_of_test"
------------------ testing $PTII/ptolemy/domains/de/test/auto/knownFailedTests/DESDFClockTest.xml (Known Failure) 
2059 ms. Memory: 146944K Free: 121358K (83%)


==== $PTIIhome/travis/build/icyphy/ptII/ptolemy/domains/de/test/../../../../: Auto Automatic test in file $PTII/ptolemy/domains/de/test/auto/knownFailedTests/DESDFClockTest.xml
==== Contents of test case:

	    # FIXME: we should use $relativeFilename here, but it
	    # might have backslashes under Windows, which causes no end
	    # of trouble.
	    createAndExecute $file
	    list {}
	
.... Test generated KNOWN error:
    while executing
ptolemy.kernel.util.IllegalActionException: Actor is not ready to fire.  Perhaps UpSample.prefire() returned false? Try debugging the actor by selecting "Listen to Actor".  Also, for SDF check moml for tokenConsumptionRate on input.
  in .DESDFClockTest.Play Bell.Copy1:SDF Director and .DESDFClockTest.Play Bell.UpSample
	at ptolemy.actor.sched.StaticSchedulingDirector.fire(StaticSchedulingDirector.java:227)
	at ptolemy.domains.sdf.kernel.SDFDirector.fire(SDFDirector.java:500)
	at ptolemy.actor.CompositeActor.fire(CompositeActor.java:455)
	at ptolemy.domains.de.kernel.DEDirector._fire(DEDirector.java:1949)
	at ptolemy.domains.de.kernel.DEDirector.fire(DEDirector.java:502)
	at ptolemy.actor.CompositeActor.fire(CompositeActor.java:455)
	at ptolemy.actor.Manager.iterate(Manager.java:851)
	at ptolemy.actor.Manager.execute(Manager.java:369)
	at ptolemy.actor.Manager.run(Manager.java:1263)
	at ptolemy.actor.Manager$PtolemyRunThread.run(Manager.java:1915)

    while executing
ptolemy.kernel.util.IllegalActionException: Actor is not ready to fire.  Perhaps UpSample.prefire() returned false? Try debugging the actor by selecting "Listen to Actor".  Also, for SDF check moml for tokenConsumptionRate on input.
  in .DESDFClockTest.Play Bell.Copy1:SDF Director and .DESDFClockTest.Play Bell.UpSample
    while executing
"java::new ptolemy.moml.MoMLSimpleApplication $file
"
    (procedure "createAndExecute" line 2)
    invoked from within
"createAndExecute $file"
    ("uplevel" body line 5)
    invoked from within
"uplevel $contents_of_test"
------------------ testing $PTII/ptolemy/domains/de/test/auto/knownFailedTests/FSMSource.xml (Known Failure) 
25 ms. Memory: 146944K Free: 111923K (76%)
!!!! Auto was marked as failing, but now passes
------------------ testing $PTII/ptolemy/domains/de/test/auto/knownFailedTests/dependencyLoop2.xml (Known Failure) 
15 ms. Memory: 146944K Free: 110063K (75%)


==== $PTIIhome/travis/build/icyphy/ptII/ptolemy/domains/de/test/../../../../: Auto Automatic test in file $PTII/ptolemy/domains/de/test/auto/knownFailedTests/dependencyLoop2.xml
==== Contents of test case:

	    # FIXME: we should use $relativeFilename here, but it
	    # might have backslashes under Windows, which causes no end
	    # of trouble.
	    createAndExecute $file
	    list {}
	
.... Test generated KNOWN error:
    while executing
ptolemy.kernel.util.IllegalActionException: Found a zero delay loop containing .dependencyLoop2.original
  in .dependencyLoop2 and .dependencyLoop2.original
	at ptolemy.actor.util.CausalityInterfaceForComposites._computeOutputPortDepth(CausalityInterfaceForComposites.java:759)
	at ptolemy.actor.util.CausalityInterfaceForComposites._computeInputDepth(CausalityInterfaceForComposites.java:696)
	at ptolemy.actor.util.CausalityInterfaceForComposites._computeOutputPortDepth(CausalityInterfaceForComposites.java:765)
	at ptolemy.actor.util.CausalityInterfaceForComposites._computeInputDepth(CausalityInterfaceForComposites.java:696)
	at ptolemy.actor.util.CausalityInterfaceForComposites._computeOutputPortDepth(CausalityInterfaceForComposites.java:765)
	at ptolemy.actor.util.CausalityInterfaceForComposites._computeInputDepth(CausalityInterfaceForComposites.java:696)
	at ptolemy.actor.util.CausalityInterfaceForComposites._computeActorDepth(CausalityInterfaceForComposites.java:532)
	at ptolemy.actor.util.CausalityInterfaceForComposites.checkForCycles(CausalityInterfaceForComposites.java:96)
	at ptolemy.domains.de.kernel.DEDirector.preinitialize(DEDirector.java:1338)
	at ptolemy.actor.CompositeActor.preinitialize(CompositeActor.java:1828)
	at ptolemy.actor.Manager.preinitializeAndResolveTypes(Manager.java:1040)
	at ptolemy.actor.Manager.initialize(Manager.java:710)
	at ptolemy.actor.Manager.execute(Manager.java:356)
	at ptolemy.actor.Manager.run(Manager.java:1263)
	at ptolemy.actor.Manager$PtolemyRunThread.run(Manager.java:1915)

    while executing
ptolemy.kernel.util.IllegalActionException: Found a zero delay loop containing .dependencyLoop2.original
  in .dependencyLoop2 and .dependencyLoop2.original
    while executing
"java::new ptolemy.moml.MoMLSimpleApplication $file
"
    (procedure "createAndExecute" line 2)
    invoked from within
"createAndExecute $file"
    ("uplevel" body line 5)
    invoked from within
"uplevel $contents_of_test"
------------------ testing $PTII/ptolemy/domains/de/test/auto/knownFailedTests/HierarchicalModel.xml (Known Failure) 
10 ms. Memory: 146944K Free: 89922K (61%)


==== $PTIIhome/travis/build/icyphy/ptII/ptolemy/domains/de/test/../../../../: Auto Automatic test in file $PTII/ptolemy/domains/de/test/auto/knownFailedTests/HierarchicalModel.xml
==== Contents of test case:

	    # FIXME: we should use $relativeFilename here, but it
	    # might have backslashes under Windows, which causes no end
	    # of trouble.
	    createAndExecute $file
	    list {}
	
.... Test generated KNOWN error:
    while executing
ptolemy.kernel.util.IllegalActionException: Found a zero delay loop containing .HierarchicalModel.A
  in .HierarchicalModel and .HierarchicalModel.A
	at ptolemy.actor.util.CausalityInterfaceForComposites._computeOutputPortDepth(CausalityInterfaceForComposites.java:759)
	at ptolemy.actor.util.CausalityInterfaceForComposites._computeInputDepth(CausalityInterfaceForComposites.java:696)
	at ptolemy.actor.util.CausalityInterfaceForComposites._computeOutputPortDepth(CausalityInterfaceForComposites.java:765)
	at ptolemy.actor.util.CausalityInterfaceForComposites._computeInputDepth(CausalityInterfaceForComposites.java:696)
	at ptolemy.actor.util.CausalityInterfaceForComposites._computeOutputPortDepth(CausalityInterfaceForComposites.java:765)
	at ptolemy.actor.util.CausalityInterfaceForComposites._computeInputDepth(CausalityInterfaceForComposites.java:696)
	at ptolemy.actor.util.CausalityInterfaceForComposites._computeActorDepth(CausalityInterfaceForComposites.java:532)
	at ptolemy.actor.util.CausalityInterfaceForComposites.checkForCycles(CausalityInterfaceForComposites.java:96)
	at ptolemy.domains.de.kernel.DEDirector.preinitialize(DEDirector.java:1338)
	at ptolemy.actor.CompositeActor.preinitialize(CompositeActor.java:1828)
	at ptolemy.actor.Manager.preinitializeAndResolveTypes(Manager.java:1040)
	at ptolemy.actor.Manager.initialize(Manager.java:710)
	at ptolemy.actor.Manager.execute(Manager.java:356)
	at ptolemy.actor.Manager.run(Manager.java:1263)
	at ptolemy.actor.Manager$PtolemyRunThread.run(Manager.java:1915)

    while executing
ptolemy.kernel.util.IllegalActionException: Found a zero delay loop containing .HierarchicalModel.A
  in .HierarchicalModel and .HierarchicalModel.A
    while executing
"java::new ptolemy.moml.MoMLSimpleApplication $file
"
    (procedure "createAndExecute" line 2)
    invoked from within
"createAndExecute $file"
    ("uplevel" body line 5)
    invoked from within
"uplevel $contents_of_test"
------------------ testing $PTII/ptolemy/domains/de/test/auto/knownFailedTests/DirectFeedback.xml (Known Failure) 
3 ms. Memory: 146944K Free: 85809K (58%)


==== $PTIIhome/travis/build/icyphy/ptII/ptolemy/domains/de/test/../../../../: Auto Automatic test in file $PTII/ptolemy/domains/de/test/auto/knownFailedTests/DirectFeedback.xml
==== Contents of test case:

	    # FIXME: we should use $relativeFilename here, but it
	    # might have backslashes under Windows, which causes no end
	    # of trouble.
	    createAndExecute $file
	    list {}
	
.... Test generated KNOWN error:
    while executing
ptolemy.kernel.util.IllegalActionException: Test fails in iteration 1.
Value was: 1.0. Should have been: 2.0
  in .DirectFeedback.Test
	at ptolemy.actor.lib.Test.fire(Test.java:268)
	at ptolemy.domains.de.kernel.DEDirector._fire(DEDirector.java:1949)
	at ptolemy.domains.de.kernel.DEDirector.fire(DEDirector.java:502)
	at ptolemy.actor.CompositeActor.fire(CompositeActor.java:455)
	at ptolemy.actor.Manager.iterate(Manager.java:851)
	at ptolemy.actor.Manager.execute(Manager.java:369)
	at ptolemy.actor.Manager.run(Manager.java:1263)
	at ptolemy.actor.Manager$PtolemyRunThread.run(Manager.java:1915)

    while executing
ptolemy.kernel.util.IllegalActionException: Test fails in iteration 1.
Value was: 1.0. Should have been: 2.0
  in .DirectFeedback.Test
    while executing
"java::new ptolemy.moml.MoMLSimpleApplication $file
"
    (procedure "createAndExecute" line 2)
    invoked from within
"createAndExecute $file"
    ("uplevel" body line 5)
    invoked from within
"uplevel $contents_of_test"
------------------ testing $PTII/ptolemy/domains/de/test/auto/ActorDepthCalculation_actorWithoutPorts.xml
auto.tcl: Setting watchdog for 200 seconds at Wed Jan 30 15:57:36 UTC 2019
10 ms. Memory: 146944K Free: 138764K (94%)
ptolemy.util.test.WatchDog.cancel(): canceling Wed Jan 30 15:57:36 UTC 2019
auto.tcl: Setting watchdog for 200 seconds at Wed Jan 30 15:57:36 UTC 2019
4 ms. Memory: 146944K Free: 136742K (93%)
ptolemy.util.test.WatchDog.cancel(): canceling Wed Jan 30 15:57:36 UTC 2019
------------------ testing $PTII/ptolemy/domains/de/test/auto/AssemblyLine.xml
auto.tcl: Setting watchdog for 200 seconds at Wed Jan 30 15:57:37 UTC 2019
14 ms. Memory: 208384K Free: 183474K (88%)
ptolemy.util.test.WatchDog.cancel(): canceling Wed Jan 30 15:57:37 UTC 2019
auto.tcl: Setting watchdog for 200 seconds at Wed Jan 30 15:57:37 UTC 2019
8 ms. Memory: 208384K Free: 183474K (88%)
ptolemy.util.test.WatchDog.cancel(): canceling Wed Jan 30 15:57:37 UTC 2019
------------------ testing $PTII/ptolemy/domains/de/test/auto/CQBug1.xml
auto.tcl: Setting watchdog for 200 seconds at Wed Jan 30 15:57:37 UTC 2019
4 ms. Memory: 208384K Free: 197941K (95%)
ptolemy.util.test.WatchDog.cancel(): canceling Wed Jan 30 15:57:37 UTC 2019
auto.tcl: Setting watchdog for 200 seconds at Wed Jan 30 15:57:37 UTC 2019
2 ms. Memory: 208384K Free: 197941K (95%)
ptolemy.util.test.WatchDog.cancel(): canceling Wed Jan 30 15:57:37 UTC 2019
------------------ testing $PTII/ptolemy/domains/de/test/auto/CancelFireAt.xml
auto.tcl: Setting watchdog for 200 seconds at Wed Jan 30 15:57:37 UTC 2019
5 ms. Memory: 208384K Free: 201583K (97%)
ptolemy.util.test.WatchDog.cancel(): canceling Wed Jan 30 15:57:37 UTC 2019
auto.tcl: Setting watchdog for 200 seconds at Wed Jan 30 15:57:37 UTC 2019
5 ms. Memory: 208384K Free: 199562K (96%)
ptolemy.util.test.WatchDog.cancel(): canceling Wed Jan 30 15:57:37 UTC 2019
------------------ testing $PTII/ptolemy/domains/de/test/auto/CausalityAndComposabilityAnalysis.xml
auto.tcl: Setting watchdog for 200 seconds at Wed Jan 30 15:57:37 UTC 2019
8 ms. Memory: 208384K Free: 199160K (96%)
ptolemy.util.test.WatchDog.cancel(): canceling Wed Jan 30 15:57:37 UTC 2019
auto.tcl: Setting watchdog for 200 seconds at Wed Jan 30 15:57:37 UTC 2019
5 ms. Memory: 208384K Free: 197138K (95%)
ptolemy.util.test.WatchDog.cancel(): canceling Wed Jan 30 15:57:37 UTC 2019
------------------ testing $PTII/ptolemy/domains/de/test/auto/CausalityInterface1.xml
auto.tcl: Setting watchdog for 200 seconds at Wed Jan 30 15:57:37 UTC 2019
11 ms. Memory: 208384K Free: 196555K (94%)
ptolemy.util.test.WatchDog.cancel(): canceling Wed Jan 30 15:57:37 UTC 2019
auto.tcl: Setting watchdog for 200 seconds at Wed Jan 30 15:57:37 UTC 2019
4 ms. Memory: 208384K Free: 196555K (94%)
ptolemy.util.test.WatchDog.cancel(): canceling Wed Jan 30 15:57:37 UTC 2019
------------------ testing $PTII/ptolemy/domains/de/test/auto/CausalityInterface15.xml
auto.tcl: Setting watchdog for 200 seconds at Wed Jan 30 15:57:37 UTC 2019
5 ms. Memory: 208384K Free: 196547K (94%)
ptolemy.util.test.WatchDog.cancel(): canceling Wed Jan 30 15:57:37 UTC 2019
auto.tcl: Setting watchdog for 200 seconds at Wed Jan 30 15:57:37 UTC 2019
8 ms. Memory: 208384K Free: 196547K (94%)
ptolemy.util.test.WatchDog.cancel(): canceling Wed Jan 30 15:57:38 UTC 2019
------------------ testing $PTII/ptolemy/domains/de/test/auto/CausalityInterface2.xml
auto.tcl: Setting watchdog for 200 seconds at Wed Jan 30 15:57:38 UTC 2019
4 ms. Memory: 208384K Free: 196531K (94%)
ptolemy.util.test.WatchDog.cancel(): canceling Wed Jan 30 15:57:38 UTC 2019
auto.tcl: Setting watchdog for 200 seconds at Wed Jan 30 15:57:38 UTC 2019
8 ms. Memory: 208384K Free: 196531K (94%)
ptolemy.util.test.WatchDog.cancel(): canceling Wed Jan 30 15:57:38 UTC 2019
------------------ testing $PTII/ptolemy/domains/de/test/auto/CausalityInterface3.xml
auto.tcl: Setting watchdog for 200 seconds at Wed Jan 30 15:57:38 UTC 2019
3 ms. Memory: 208384K Free: 196543K (94%)
ptolemy.util.test.WatchDog.cancel(): canceling Wed Jan 30 15:57:38 UTC 2019
auto.tcl: Setting watchdog for 200 seconds at Wed Jan 30 15:57:38 UTC 2019
4 ms. Memory: 208384K Free: 196543K (94%)
ptolemy.util.test.WatchDog.cancel(): canceling Wed Jan 30 15:57:38 UTC 2019
------------------ testing $PTII/ptolemy/domains/de/test/auto/ClockDrift.xml
auto.tcl: Setting watchdog for 200 seconds at Wed Jan 30 15:57:38 UTC 2019
91 ms. Memory: 208384K Free: 188011K (90%)
ptolemy.util.test.WatchDog.cancel(): canceling Wed Jan 30 15:57:38 UTC 2019
auto.tcl: Setting watchdog for 200 seconds at Wed Jan 30 15:57:38 UTC 2019
69 ms. Memory: 208384K Free: 185989K (89%)
ptolemy.util.test.WatchDog.cancel(): canceling Wed Jan 30 15:57:38 UTC 2019
------------------ testing $PTII/ptolemy/domains/de/test/auto/ClockDriftAndValueChange.xml
auto.tcl: Setting watchdog for 200 seconds at Wed Jan 30 15:57:38 UTC 2019
47 ms. Memory: 208384K Free: 187845K (90%)
ptolemy.util.test.WatchDog.cancel(): canceling Wed Jan 30 15:57:38 UTC 2019
auto.tcl: Setting watchdog for 200 seconds at Wed Jan 30 15:57:38 UTC 2019
36 ms. Memory: 208384K Free: 185824K (89%)
ptolemy.util.test.WatchDog.cancel(): canceling Wed Jan 30 15:57:38 UTC 2019
------------------ testing $PTII/ptolemy/domains/de/test/auto/ClockDriftChange.xml
auto.tcl: Setting watchdog for 200 seconds at Wed Jan 30 15:57:38 UTC 2019
35 ms. Memory: 208384K Free: 191088K (92%)
ptolemy.util.test.WatchDog.cancel(): canceling Wed Jan 30 15:57:38 UTC 2019
auto.tcl: Setting watchdog for 200 seconds at Wed Jan 30 15:57:38 UTC 2019
21 ms. Memory: 208384K Free: 189067K (91%)
ptolemy.util.test.WatchDog.cancel(): canceling Wed Jan 30 15:57:38 UTC 2019
------------------ testing $PTII/ptolemy/domains/de/test/auto/ComposableCausalityAnalysis.xml
auto.tcl: Setting watchdog for 200 seconds at Wed Jan 30 15:57:38 UTC 2019
2 ms. Memory: 208384K Free: 196399K (94%)
ptolemy.util.test.WatchDog.cancel(): canceling Wed Jan 30 15:57:38 UTC 2019
auto.tcl: Setting watchdog for 200 seconds at Wed Jan 30 15:57:38 UTC 2019
2 ms. Memory: 208384K Free: 194377K (93%)
ptolemy.util.test.WatchDog.cancel(): canceling Wed Jan 30 15:57:38 UTC 2019
------------------ testing $PTII/ptolemy/domains/de/test/auto/DEFixedPointLimitation.xml
auto.tcl: Setting watchdog for 200 seconds at Wed Jan 30 15:57:38 UTC 2019
1 ms. Memory: 208384K Free: 196480K (94%)
ptolemy.util.test.WatchDog.cancel(): canceling Wed Jan 30 15:57:38 UTC 2019
auto.tcl: Setting watchdog for 200 seconds at Wed Jan 30 15:57:38 UTC 2019
1 ms. Memory: 208384K Free: 196480K (94%)
ptolemy.util.test.WatchDog.cancel(): canceling Wed Jan 30 15:57:38 UTC 2019
------------------ testing $PTII/ptolemy/domains/de/test/auto/DEScheduleTest.xml
auto.tcl: Setting watchdog for 200 seconds at Wed Jan 30 15:57:39 UTC 2019
9 ms. Memory: 208384K Free: 198537K (95%)
ptolemy.util.test.WatchDog.cancel(): canceling Wed Jan 30 15:57:39 UTC 2019
auto.tcl: Setting watchdog for 200 seconds at Wed Jan 30 15:57:39 UTC 2019
9 ms. Memory: 208384K Free: 196516K (94%)
ptolemy.util.test.WatchDog.cancel(): canceling Wed Jan 30 15:57:39 UTC 2019
------------------ testing $PTII/ptolemy/domains/de/test/auto/DEinDEwithStartTimes.xml
auto.tcl: Setting watchdog for 200 seconds at Wed Jan 30 15:57:39 UTC 2019
4 ms. Memory: 208384K Free: 196485K (94%)
ptolemy.util.test.WatchDog.cancel(): canceling Wed Jan 30 15:57:39 UTC 2019
auto.tcl: Setting watchdog for 200 seconds at Wed Jan 30 15:57:39 UTC 2019
8 ms. Memory: 208384K Free: 194464K (93%)
ptolemy.util.test.WatchDog.cancel(): canceling Wed Jan 30 15:57:39 UTC 2019
------------------ testing $PTII/ptolemy/domains/de/test/auto/DEinDEwithStartTimes2.xml
auto.tcl: Setting watchdog for 200 seconds at Wed Jan 30 15:57:39 UTC 2019
4 ms. Memory: 208384K Free: 196465K (94%)
ptolemy.util.test.WatchDog.cancel(): canceling Wed Jan 30 15:57:39 UTC 2019
auto.tcl: Setting watchdog for 200 seconds at Wed Jan 30 15:57:39 UTC 2019
3 ms. Memory: 208384K Free: 194443K (93%)
ptolemy.util.test.WatchDog.cancel(): canceling Wed Jan 30 15:57:39 UTC 2019
------------------ testing $PTII/ptolemy/domains/de/test/auto/DateDemo.xml
auto.tcl: Setting watchdog for 200 seconds at Wed Jan 30 15:57:39 UTC 2019
13 ms. Memory: 208384K Free: 189139K (91%)
ptolemy.util.test.WatchDog.cancel(): canceling Wed Jan 30 15:57:39 UTC 2019
auto.tcl: Setting watchdog for 200 seconds at Wed Jan 30 15:57:39 UTC 2019
6 ms. Memory: 208384K Free: 187118K (90%)
ptolemy.util.test.WatchDog.cancel(): canceling Wed Jan 30 15:57:39 UTC 2019
------------------ testing $PTII/ptolemy/domains/de/test/auto/DateToEvent.xml
auto.tcl: Setting watchdog for 200 seconds at Wed Jan 30 15:57:39 UTC 2019
2019 ms. Memory: 208384K Free: 184090K (88%)
ptolemy.util.test.WatchDog.cancel(): canceling Wed Jan 30 15:57:41 UTC 2019
auto.tcl: Setting watchdog for 200 seconds at Wed Jan 30 15:57:41 UTC 2019
2005 ms. Memory: 208384K Free: 184090K (88%)
ptolemy.util.test.WatchDog.cancel(): canceling Wed Jan 30 15:57:43 UTC 2019
------------------ testing $PTII/ptolemy/domains/de/test/auto/DepthTest1.xml
auto.tcl: Setting watchdog for 200 seconds at Wed Jan 30 15:57:43 UTC 2019
5 ms. Memory: 208384K Free: 198585K (95%)
ptolemy.util.test.WatchDog.cancel(): canceling Wed Jan 30 15:57:43 UTC 2019
auto.tcl: Setting watchdog for 200 seconds at Wed Jan 30 15:57:43 UTC 2019
5 ms. Memory: 208384K Free: 198585K (95%)
ptolemy.util.test.WatchDog.cancel(): canceling Wed Jan 30 15:57:43 UTC 2019
------------------ testing $PTII/ptolemy/domains/de/test/auto/DepthTest2.xml
auto.tcl: Setting watchdog for 200 seconds at Wed Jan 30 15:57:43 UTC 2019
3 ms. Memory: 208384K Free: 194424K (93%)
ptolemy.util.test.WatchDog.cancel(): canceling Wed Jan 30 15:57:43 UTC 2019
auto.tcl: Setting watchdog for 200 seconds at Wed Jan 30 15:57:43 UTC 2019
2 ms. Memory: 208384K Free: 194424K (93%)
ptolemy.util.test.WatchDog.cancel(): canceling Wed Jan 30 15:57:43 UTC 2019
------------------ testing $PTII/ptolemy/domains/de/test/auto/DepthTest3.xml
auto.tcl: Setting watchdog for 200 seconds at Wed Jan 30 15:57:43 UTC 2019
11 ms. Memory: 208384K Free: 198920K (95%)
ptolemy.util.test.WatchDog.cancel(): canceling Wed Jan 30 15:57:43 UTC 2019
auto.tcl: Setting watchdog for 200 seconds at Wed Jan 30 15:57:43 UTC 2019
2 ms. Memory: 208384K Free: 198920K (95%)
ptolemy.util.test.WatchDog.cancel(): canceling Wed Jan 30 15:57:43 UTC 2019
------------------ testing $PTII/ptolemy/domains/de/test/auto/DepthTest4.xml
auto.tcl: Setting watchdog for 200 seconds at Wed Jan 30 15:57:43 UTC 2019
3 ms. Memory: 208384K Free: 196467K (94%)
ptolemy.util.test.WatchDog.cancel(): canceling Wed Jan 30 15:57:43 UTC 2019
auto.tcl: Setting watchdog for 200 seconds at Wed Jan 30 15:57:43 UTC 2019
2 ms. Memory: 208384K Free: 196467K (94%)
ptolemy.util.test.WatchDog.cancel(): canceling Wed Jan 30 15:57:43 UTC 2019
------------------ testing $PTII/ptolemy/domains/de/test/auto/DepthTest5.xml
auto.tcl: Setting watchdog for 200 seconds at Wed Jan 30 15:57:43 UTC 2019
8 ms. Memory: 208384K Free: 196932K (95%)
ptolemy.util.test.WatchDog.cancel(): canceling Wed Jan 30 15:57:43 UTC 2019
auto.tcl: Setting watchdog for 200 seconds at Wed Jan 30 15:57:43 UTC 2019
2 ms. Memory: 208384K Free: 196932K (95%)
ptolemy.util.test.WatchDog.cancel(): canceling Wed Jan 30 15:57:43 UTC 2019
------------------ testing $PTII/ptolemy/domains/de/test/auto/DepthTest6.xml
auto.tcl: Setting watchdog for 200 seconds at Wed Jan 30 15:57:43 UTC 2019
10 ms. Memory: 208384K Free: 195680K (94%)
ptolemy.util.test.WatchDog.cancel(): canceling Wed Jan 30 15:57:43 UTC 2019
auto.tcl: Setting watchdog for 200 seconds at Wed Jan 30 15:57:43 UTC 2019
2 ms. Memory: 208384K Free: 195680K (94%)
ptolemy.util.test.WatchDog.cancel(): canceling Wed Jan 30 15:57:43 UTC 2019
------------------ testing $PTII/ptolemy/domains/de/test/auto/DepthTest7.xml
auto.tcl: Setting watchdog for 200 seconds at Wed Jan 30 15:57:44 UTC 2019
3 ms. Memory: 208384K Free: 195142K (94%)
ptolemy.util.test.WatchDog.cancel(): canceling Wed Jan 30 15:57:44 UTC 2019
auto.tcl: Setting watchdog for 200 seconds at Wed Jan 30 15:57:44 UTC 2019
2 ms. Memory: 208384K Free: 195142K (94%)
ptolemy.util.test.WatchDog.cancel(): canceling Wed Jan 30 15:57:44 UTC 2019
------------------ testing $PTII/ptolemy/domains/de/test/auto/EventToDate.xml
auto.tcl: Setting watchdog for 200 seconds at Wed Jan 30 15:57:44 UTC 2019
3011 ms. Memory: 208384K Free: 186285K (89%)
ptolemy.util.test.WatchDog.cancel(): canceling Wed Jan 30 15:57:47 UTC 2019
auto.tcl: Setting watchdog for 200 seconds at Wed Jan 30 15:57:47 UTC 2019
3005 ms. Memory: 208384K Free: 186285K (89%)
ptolemy.util.test.WatchDog.cancel(): canceling Wed Jan 30 15:57:50 UTC 2019
------------------ testing $PTII/ptolemy/domains/de/test/auto/FSM1.xml
auto.tcl: Setting watchdog for 200 seconds at Wed Jan 30 15:57:50 UTC 2019
28 ms. Memory: 208384K Free: 187123K (90%)
ptolemy.util.test.WatchDog.cancel(): canceling Wed Jan 30 15:57:50 UTC 2019
auto.tcl: Setting watchdog for 200 seconds at Wed Jan 30 15:57:50 UTC 2019
19 ms. Memory: 208384K Free: 183080K (88%)
ptolemy.util.test.WatchDog.cancel(): canceling Wed Jan 30 15:57:50 UTC 2019
------------------ testing $PTII/ptolemy/domains/de/test/auto/FSM7.xml
auto.tcl: Setting watchdog for 200 seconds at Wed Jan 30 15:57:50 UTC 2019
14 ms. Memory: 208384K Free: 187762K (90%)
ptolemy.util.test.WatchDog.cancel(): canceling Wed Jan 30 15:57:50 UTC 2019
auto.tcl: Setting watchdog for 200 seconds at Wed Jan 30 15:57:50 UTC 2019
14 ms. Memory: 208384K Free: 185740K (89%)
ptolemy.util.test.WatchDog.cancel(): canceling Wed Jan 30 15:57:50 UTC 2019
------------------ testing $PTII/ptolemy/domains/de/test/auto/Inspection.xml
auto.tcl: Setting watchdog for 200 seconds at Wed Jan 30 15:57:50 UTC 2019
29 ms. Memory: 208384K Free: 189495K (91%)
ptolemy.util.test.WatchDog.cancel(): canceling Wed Jan 30 15:57:50 UTC 2019
auto.tcl: Setting watchdog for 200 seconds at Wed Jan 30 15:57:50 UTC 2019
23 ms. Memory: 208384K Free: 187474K (90%)
ptolemy.util.test.WatchDog.cancel(): canceling Wed Jan 30 15:57:50 UTC 2019
------------------ testing $PTII/ptolemy/domains/de/test/auto/Iteration.xml
auto.tcl: Setting watchdog for 200 seconds at Wed Jan 30 15:57:50 UTC 2019
18 ms. Memory: 208384K Free: 196697K (94%)
ptolemy.util.test.WatchDog.cancel(): canceling Wed Jan 30 15:57:50 UTC 2019
auto.tcl: Setting watchdog for 200 seconds at Wed Jan 30 15:57:50 UTC 2019
6 ms. Memory: 208384K Free: 194676K (93%)
ptolemy.util.test.WatchDog.cancel(): canceling Wed Jan 30 15:57:50 UTC 2019
------------------ testing $PTII/ptolemy/domains/de/test/auto/LineFault.xml
auto.tcl: Setting watchdog for 200 seconds at Wed Jan 30 15:57:50 UTC 2019
652 ms. Memory: 208384K Free: 200386K (96%)
ptolemy.util.test.WatchDog.cancel(): canceling Wed Jan 30 15:57:51 UTC 2019
auto.tcl: Setting watchdog for 200 seconds at Wed Jan 30 15:57:51 UTC 2019
608 ms. Memory: 208384K Free: 143540K (69%)
ptolemy.util.test.WatchDog.cancel(): canceling Wed Jan 30 15:57:52 UTC 2019
------------------ testing $PTII/ptolemy/domains/de/test/auto/MergeModel1Add.xml
auto.tcl: Setting watchdog for 200 seconds at Wed Jan 30 15:57:52 UTC 2019
19 ms. Memory: 331264K Free: 301034K (91%)
ptolemy.util.test.WatchDog.cancel(): canceling Wed Jan 30 15:57:52 UTC 2019
auto.tcl: Setting watchdog for 200 seconds at Wed Jan 30 15:57:52 UTC 2019
17 ms. Memory: 331264K Free: 301034K (91%)
ptolemy.util.test.WatchDog.cancel(): canceling Wed Jan 30 15:57:52 UTC 2019
------------------ testing $PTII/ptolemy/domains/de/test/auto/MergeModel2Add.xml
auto.tcl: Setting watchdog for 200 seconds at Wed Jan 30 15:57:52 UTC 2019
12 ms. Memory: 331264K Free: 305912K (92%)
ptolemy.util.test.WatchDog.cancel(): canceling Wed Jan 30 15:57:52 UTC 2019
auto.tcl: Setting watchdog for 200 seconds at Wed Jan 30 15:57:52 UTC 2019
13 ms. Memory: 331264K Free: 302380K (91%)
ptolemy.util.test.WatchDog.cancel(): canceling Wed Jan 30 15:57:52 UTC 2019
------------------ testing $PTII/ptolemy/domains/de/test/auto/MergeModel3Add.xml
auto.tcl: Setting watchdog for 200 seconds at Wed Jan 30 15:57:52 UTC 2019
9 ms. Memory: 331264K Free: 302358K (91%)
ptolemy.util.test.WatchDog.cancel(): canceling Wed Jan 30 15:57:52 UTC 2019
auto.tcl: Setting watchdog for 200 seconds at Wed Jan 30 15:57:52 UTC 2019
7 ms. Memory: 331264K Free: 302358K (91%)
ptolemy.util.test.WatchDog.cancel(): canceling Wed Jan 30 15:57:52 UTC 2019
------------------ testing $PTII/ptolemy/domains/de/test/auto/MergeWithoutDiscard.xml
auto.tcl: Setting watchdog for 200 seconds at Wed Jan 30 15:57:52 UTC 2019
2 ms. Memory: 331264K Free: 316788K (96%)
ptolemy.util.test.WatchDog.cancel(): canceling Wed Jan 30 15:57:52 UTC 2019
auto.tcl: Setting watchdog for 200 seconds at Wed Jan 30 15:57:52 UTC 2019
2 ms. Memory: 331264K Free: 316112K (95%)
ptolemy.util.test.WatchDog.cancel(): canceling Wed Jan 30 15:57:52 UTC 2019
------------------ testing $PTII/ptolemy/domains/de/test/auto/Modal1.xml
auto.tcl: Setting watchdog for 200 seconds at Wed Jan 30 15:57:52 UTC 2019
11 ms. Memory: 331264K Free: 310420K (94%)
ptolemy.util.test.WatchDog.cancel(): canceling Wed Jan 30 15:57:52 UTC 2019
auto.tcl: Setting watchdog for 200 seconds at Wed Jan 30 15:57:52 UTC 2019
11 ms. Memory: 331264K Free: 306888K (93%)
ptolemy.util.test.WatchDog.cancel(): canceling Wed Jan 30 15:57:52 UTC 2019
------------------ testing $PTII/ptolemy/domains/de/test/auto/Modal2.xml
auto.tcl: Setting watchdog for 200 seconds at Wed Jan 30 15:57:52 UTC 2019
18 ms. Memory: 331264K Free: 310295K (94%)
ptolemy.util.test.WatchDog.cancel(): canceling Wed Jan 30 15:57:52 UTC 2019
auto.tcl: Setting watchdog for 200 seconds at Wed Jan 30 15:57:52 UTC 2019
17 ms. Memory: 331264K Free: 306763K (93%)
ptolemy.util.test.WatchDog.cancel(): canceling Wed Jan 30 15:57:52 UTC 2019
------------------ testing $PTII/ptolemy/domains/de/test/auto/Modal3.xml
auto.tcl: Setting watchdog for 200 seconds at Wed Jan 30 15:57:53 UTC 2019
15 ms. Memory: 331264K Free: 310309K (94%)
ptolemy.util.test.WatchDog.cancel(): canceling Wed Jan 30 15:57:53 UTC 2019
auto.tcl: Setting watchdog for 200 seconds at Wed Jan 30 15:57:53 UTC 2019
10 ms. Memory: 331264K Free: 306777K (93%)
ptolemy.util.test.WatchDog.cancel(): canceling Wed Jan 30 15:57:53 UTC 2019
------------------ testing $PTII/ptolemy/domains/de/test/auto/Modal4.xml
auto.tcl: Setting watchdog for 200 seconds at Wed Jan 30 15:57:53 UTC 2019
27 ms. Memory: 331264K Free: 310306K (94%)
ptolemy.util.test.WatchDog.cancel(): canceling Wed Jan 30 15:57:53 UTC 2019
auto.tcl: Setting watchdog for 200 seconds at Wed Jan 30 15:57:53 UTC 2019
23 ms. Memory: 331264K Free: 306774K (93%)
ptolemy.util.test.WatchDog.cancel(): canceling Wed Jan 30 15:57:53 UTC 2019
------------------ testing $PTII/ptolemy/domains/de/test/auto/Modal5.xml
auto.tcl: Setting watchdog for 200 seconds at Wed Jan 30 15:57:53 UTC 2019
14 ms. Memory: 331264K Free: 310292K (94%)
ptolemy.util.test.WatchDog.cancel(): canceling Wed Jan 30 15:57:53 UTC 2019
auto.tcl: Setting watchdog for 200 seconds at Wed Jan 30 15:57:53 UTC 2019
13 ms. Memory: 331264K Free: 303229K (92%)
ptolemy.util.test.WatchDog.cancel(): canceling Wed Jan 30 15:57:53 UTC 2019
------------------ testing $PTII/ptolemy/domains/de/test/auto/Modal6.xml
auto.tcl: Setting watchdog for 200 seconds at Wed Jan 30 15:57:53 UTC 2019
11 ms. Memory: 331264K Free: 310289K (94%)
ptolemy.util.test.WatchDog.cancel(): canceling Wed Jan 30 15:57:53 UTC 2019
auto.tcl: Setting watchdog for 200 seconds at Wed Jan 30 15:57:53 UTC 2019
13 ms. Memory: 331264K Free: 306758K (93%)
ptolemy.util.test.WatchDog.cancel(): canceling Wed Jan 30 15:57:53 UTC 2019
------------------ testing $PTII/ptolemy/domains/de/test/auto/Modal7.xml
auto.tcl: Setting watchdog for 200 seconds at Wed Jan 30 15:57:53 UTC 2019
10 ms. Memory: 331264K Free: 306758K (93%)
ptolemy.util.test.WatchDog.cancel(): canceling Wed Jan 30 15:57:53 UTC 2019
auto.tcl: Setting watchdog for 200 seconds at Wed Jan 30 15:57:53 UTC 2019
10 ms. Memory: 331264K Free: 303226K (92%)
ptolemy.util.test.WatchDog.cancel(): canceling Wed Jan 30 15:57:53 UTC 2019
------------------ testing $PTII/ptolemy/domains/de/test/auto/ModalModel.xml
auto.tcl: Setting watchdog for 200 seconds at Wed Jan 30 15:57:53 UTC 2019
204 ms. Memory: 331264K Free: 248053K (75%)
ptolemy.util.test.WatchDog.cancel(): canceling Wed Jan 30 15:57:53 UTC 2019
auto.tcl: Setting watchdog for 200 seconds at Wed Jan 30 15:57:53 UTC 2019
176 ms. Memory: 331264K Free: 191544K (58%)
ptolemy.util.test.WatchDog.cancel(): canceling Wed Jan 30 15:57:54 UTC 2019
------------------ testing $PTII/ptolemy/domains/de/test/auto/ModalSource.xml
auto.tcl: Setting watchdog for 200 seconds at Wed Jan 30 15:57:54 UTC 2019
9 ms. Memory: 331264K Free: 316516K (96%)
ptolemy.util.test.WatchDog.cancel(): canceling Wed Jan 30 15:57:54 UTC 2019
auto.tcl: Setting watchdog for 200 seconds at Wed Jan 30 15:57:54 UTC 2019
6 ms. Memory: 331264K Free: 313276K (95%)
ptolemy.util.test.WatchDog.cancel(): canceling Wed Jan 30 15:57:54 UTC 2019
------------------ testing $PTII/ptolemy/domains/de/test/auto/NonInterruptibleTimerZeroDelay.xml
auto.tcl: Setting watchdog for 200 seconds at Wed Jan 30 15:57:54 UTC 2019
4 ms. Memory: 331264K Free: 320847K (97%)
ptolemy.util.test.WatchDog.cancel(): canceling Wed Jan 30 15:57:54 UTC 2019
auto.tcl: Setting watchdog for 200 seconds at Wed Jan 30 15:57:54 UTC 2019
3 ms. Memory: 331264K Free: 317607K (96%)
ptolemy.util.test.WatchDog.cancel(): canceling Wed Jan 30 15:57:54 UTC 2019
------------------ testing $PTII/ptolemy/domains/de/test/auto/OpenQueueingNetwork.xml
auto.tcl: Setting watchdog for 200 seconds at Wed Jan 30 15:57:54 UTC 2019
2849 ms. Memory: 573952K Free: 397918K (69%)
ptolemy.util.test.WatchDog.cancel(): canceling Wed Jan 30 15:57:57 UTC 2019
auto.tcl: Setting watchdog for 200 seconds at Wed Jan 30 15:57:57 UTC 2019
2619 ms. Memory: 574464K Free: 290234K (51%)
ptolemy.util.test.WatchDog.cancel(): canceling Wed Jan 30 15:57:59 UTC 2019
------------------ testing $PTII/ptolemy/domains/de/test/auto/OpenQueuingNetwork.xml
auto.tcl: Setting watchdog for 200 seconds at Wed Jan 30 15:57:59 UTC 2019
244 ms. Memory: 1064960K Free: 937872K (88%)
ptolemy.util.test.WatchDog.cancel(): canceling Wed Jan 30 15:58:00 UTC 2019
auto.tcl: Setting watchdog for 200 seconds at Wed Jan 30 15:58:00 UTC 2019
246 ms. Memory: 1064960K Free: 883168K (83%)
ptolemy.util.test.WatchDog.cancel(): canceling Wed Jan 30 15:58:00 UTC 2019
------------------ testing $PTII/ptolemy/domains/de/test/auto/PeriodicSampler.xml
auto.tcl: Setting watchdog for 200 seconds at Wed Jan 30 15:58:00 UTC 2019
3 ms. Memory: 1065472K Free: 1036654K (97%)
ptolemy.util.test.WatchDog.cancel(): canceling Wed Jan 30 15:58:00 UTC 2019
auto.tcl: Setting watchdog for 200 seconds at Wed Jan 30 15:58:00 UTC 2019
2 ms. Memory: 1065472K Free: 1036654K (97%)
ptolemy.util.test.WatchDog.cancel(): canceling Wed Jan 30 15:58:00 UTC 2019
------------------ testing $PTII/ptolemy/domains/de/test/auto/PersistentIO.xml
auto.tcl: Setting watchdog for 200 seconds at Wed Jan 30 15:58:00 UTC 2019
4 ms. Memory: 1065472K Free: 1027421K (96%)
ptolemy.util.test.WatchDog.cancel(): canceling Wed Jan 30 15:58:00 UTC 2019
auto.tcl: Setting watchdog for 200 seconds at Wed Jan 30 15:58:00 UTC 2019
5 ms. Memory: 1065472K Free: 1027421K (96%)
ptolemy.util.test.WatchDog.cancel(): canceling Wed Jan 30 15:58:00 UTC 2019
------------------ testing $PTII/ptolemy/domains/de/test/auto/PortParameterResetOnInitialize.xml
auto.tcl: Setting watchdog for 200 seconds at Wed Jan 30 15:58:00 UTC 2019
4 ms. Memory: 1065472K Free: 1026144K (96%)
ptolemy.util.test.WatchDog.cancel(): canceling Wed Jan 30 15:58:00 UTC 2019
auto.tcl: Setting watchdog for 200 seconds at Wed Jan 30 15:58:00 UTC 2019
2 ms. Memory: 1065472K Free: 1026144K (96%)
ptolemy.util.test.WatchDog.cancel(): canceling Wed Jan 30 15:58:00 UTC 2019
------------------ testing $PTII/ptolemy/domains/de/test/auto/PortParameterUpdates.xml
auto.tcl: Setting watchdog for 200 seconds at Wed Jan 30 15:58:00 UTC 2019
3 ms. Memory: 1065472K Free: 1037236K (97%)
ptolemy.util.test.WatchDog.cancel(): canceling Wed Jan 30 15:58:00 UTC 2019
auto.tcl: Setting watchdog for 200 seconds at Wed Jan 30 15:58:00 UTC 2019
8 ms. Memory: 1065472K Free: 1037236K (97%)
ptolemy.util.test.WatchDog.cancel(): canceling Wed Jan 30 15:58:00 UTC 2019
------------------ testing $PTII/ptolemy/domains/de/test/auto/QueueAndServer.xml
auto.tcl: Setting watchdog for 200 seconds at Wed Jan 30 15:58:00 UTC 2019
16 ms. Memory: 1065472K Free: 1036059K (97%)
ptolemy.util.test.WatchDog.cancel(): canceling Wed Jan 30 15:58:00 UTC 2019
auto.tcl: Setting watchdog for 200 seconds at Wed Jan 30 15:58:00 UTC 2019
6 ms. Memory: 1065472K Free: 1036059K (97%)
ptolemy.util.test.WatchDog.cancel(): canceling Wed Jan 30 15:58:00 UTC 2019
------------------ testing $PTII/ptolemy/domains/de/test/auto/Records.xml
auto.tcl: Setting watchdog for 200 seconds at Wed Jan 30 15:58:00 UTC 2019
8 ms. Memory: 1065472K Free: 1036002K (97%)
ptolemy.util.test.WatchDog.cancel(): canceling Wed Jan 30 15:58:00 UTC 2019
auto.tcl: Setting watchdog for 200 seconds at Wed Jan 30 15:58:00 UTC 2019
2 ms. Memory: 1065472K Free: 1036002K (97%)
ptolemy.util.test.WatchDog.cancel(): canceling Wed Jan 30 15:58:00 UTC 2019
------------------ testing $PTII/ptolemy/domains/de/test/auto/ResetTransitionWithStartTime1.xml
auto.tcl: Setting watchdog for 200 seconds at Wed Jan 30 15:58:01 UTC 2019
6 ms. Memory: 1065472K Free: 1036027K (97%)
ptolemy.util.test.WatchDog.cancel(): canceling Wed Jan 30 15:58:01 UTC 2019
auto.tcl: Setting watchdog for 200 seconds at Wed Jan 30 15:58:01 UTC 2019
5 ms. Memory: 1065472K Free: 1036027K (97%)
ptolemy.util.test.WatchDog.cancel(): canceling Wed Jan 30 15:58:01 UTC 2019
------------------ testing $PTII/ptolemy/domains/de/test/auto/ResetTransitionWithStartTime2.xml
auto.tcl: Setting watchdog for 200 seconds at Wed Jan 30 15:58:01 UTC 2019
4 ms. Memory: 1064448K Free: 1036134K (97%)
ptolemy.util.test.WatchDog.cancel(): canceling Wed Jan 30 15:58:01 UTC 2019
auto.tcl: Setting watchdog for 200 seconds at Wed Jan 30 15:58:01 UTC 2019
5 ms. Memory: 1064448K Free: 1036134K (97%)
ptolemy.util.test.WatchDog.cancel(): canceling Wed Jan 30 15:58:01 UTC 2019
------------------ testing $PTII/ptolemy/domains/de/test/auto/ResetTransitionWithStartTime3.xml
auto.tcl: Setting watchdog for 200 seconds at Wed Jan 30 15:58:01 UTC 2019
5 ms. Memory: 1064960K Free: 1035505K (97%)
ptolemy.util.test.WatchDog.cancel(): canceling Wed Jan 30 15:58:01 UTC 2019
auto.tcl: Setting watchdog for 200 seconds at Wed Jan 30 15:58:01 UTC 2019
6 ms. Memory: 1064960K Free: 1035505K (97%)
ptolemy.util.test.WatchDog.cancel(): canceling Wed Jan 30 15:58:01 UTC 2019
------------------ testing $PTII/ptolemy/domains/de/test/auto/ResetTransitionWithStartTime4.xml
auto.tcl: Setting watchdog for 200 seconds at Wed Jan 30 15:58:01 UTC 2019
4 ms. Memory: 1064960K Free: 1035503K (97%)
ptolemy.util.test.WatchDog.cancel(): canceling Wed Jan 30 15:58:01 UTC 2019
auto.tcl: Setting watchdog for 200 seconds at Wed Jan 30 15:58:01 UTC 2019
4 ms. Memory: 1064960K Free: 1035503K (97%)
ptolemy.util.test.WatchDog.cancel(): canceling Wed Jan 30 15:58:01 UTC 2019
------------------ testing $PTII/ptolemy/domains/de/test/auto/ResettableTimer1.xml
auto.tcl: Setting watchdog for 200 seconds at Wed Jan 30 15:58:01 UTC 2019
3 ms. Memory: 1064960K Free: 1035499K (97%)
ptolemy.util.test.WatchDog.cancel(): canceling Wed Jan 30 15:58:01 UTC 2019
auto.tcl: Setting watchdog for 200 seconds at Wed Jan 30 15:58:01 UTC 2019
1 ms. Memory: 1064960K Free: 1035499K (97%)
ptolemy.util.test.WatchDog.cancel(): canceling Wed Jan 30 15:58:01 UTC 2019
------------------ testing $PTII/ptolemy/domains/de/test/auto/ResettableTimer2.xml
auto.tcl: Setting watchdog for 200 seconds at Wed Jan 30 15:58:01 UTC 2019
3 ms. Memory: 1064960K Free: 1036697K (97%)
ptolemy.util.test.WatchDog.cancel(): canceling Wed Jan 30 15:58:01 UTC 2019
auto.tcl: Setting watchdog for 200 seconds at Wed Jan 30 15:58:01 UTC 2019
2 ms. Memory: 1064960K Free: 1036697K (97%)
ptolemy.util.test.WatchDog.cancel(): canceling Wed Jan 30 15:58:01 UTC 2019
------------------ testing $PTII/ptolemy/domains/de/test/auto/ResettableTimer3.xml
auto.tcl: Setting watchdog for 200 seconds at Wed Jan 30 15:58:01 UTC 2019
1 ms. Memory: 1064960K Free: 1035556K (97%)
ptolemy.util.test.WatchDog.cancel(): canceling Wed Jan 30 15:58:01 UTC 2019
auto.tcl: Setting watchdog for 200 seconds at Wed Jan 30 15:58:01 UTC 2019
1 ms. Memory: 1064960K Free: 1035556K (97%)
ptolemy.util.test.WatchDog.cancel(): canceling Wed Jan 30 15:58:01 UTC 2019
------------------ testing $PTII/ptolemy/domains/de/test/auto/ResettableTimer4.xml
auto.tcl: Setting watchdog for 200 seconds at Wed Jan 30 15:58:01 UTC 2019
1 ms. Memory: 1063936K Free: 1035685K (97%)
ptolemy.util.test.WatchDog.cancel(): canceling Wed Jan 30 15:58:01 UTC 2019
auto.tcl: Setting watchdog for 200 seconds at Wed Jan 30 15:58:01 UTC 2019
1 ms. Memory: 1063936K Free: 1035685K (97%)
ptolemy.util.test.WatchDog.cancel(): canceling Wed Jan 30 15:58:01 UTC 2019
------------------ testing $PTII/ptolemy/domains/de/test/auto/ResettableTimer5.xml
auto.tcl: Setting watchdog for 200 seconds at Wed Jan 30 15:58:01 UTC 2019
1 ms. Memory: 1064448K Free: 1026375K (96%)
ptolemy.util.test.WatchDog.cancel(): canceling Wed Jan 30 15:58:01 UTC 2019
auto.tcl: Setting watchdog for 200 seconds at Wed Jan 30 15:58:01 UTC 2019
2 ms. Memory: 1064448K Free: 1026375K (96%)
ptolemy.util.test.WatchDog.cancel(): canceling Wed Jan 30 15:58:01 UTC 2019
------------------ testing $PTII/ptolemy/domains/de/test/auto/ResettableTimer6.xml
auto.tcl: Setting watchdog for 200 seconds at Wed Jan 30 15:58:01 UTC 2019
1 ms. Memory: 1064448K Free: 1025184K (96%)
ptolemy.util.test.WatchDog.cancel(): canceling Wed Jan 30 15:58:01 UTC 2019
auto.tcl: Setting watchdog for 200 seconds at Wed Jan 30 15:58:01 UTC 2019
2 ms. Memory: 1064448K Free: 1025184K (96%)
ptolemy.util.test.WatchDog.cancel(): canceling Wed Jan 30 15:58:01 UTC 2019
------------------ testing $PTII/ptolemy/domains/de/test/auto/ServerZeroDelay.xml
auto.tcl: Setting watchdog for 200 seconds at Wed Jan 30 15:58:01 UTC 2019
5 ms. Memory: 1064448K Free: 1036135K (97%)
ptolemy.util.test.WatchDog.cancel(): canceling Wed Jan 30 15:58:01 UTC 2019
auto.tcl: Setting watchdog for 200 seconds at Wed Jan 30 15:58:01 UTC 2019
2 ms. Memory: 1064448K Free: 1036135K (97%)
ptolemy.util.test.WatchDog.cancel(): canceling Wed Jan 30 15:58:01 UTC 2019
------------------ testing $PTII/ptolemy/domains/de/test/auto/SmartSender.xml
auto.tcl: Setting watchdog for 200 seconds at Wed Jan 30 15:58:01 UTC 2019
3002 ms. Memory: 1064448K Free: 1026310K (96%)
ptolemy.util.test.WatchDog.cancel(): canceling Wed Jan 30 15:58:04 UTC 2019
auto.tcl: Setting watchdog for 200 seconds at Wed Jan 30 15:58:04 UTC 2019
3003 ms. Memory: 1064448K Free: 1026310K (96%)
ptolemy.util.test.WatchDog.cancel(): canceling Wed Jan 30 15:58:07 UTC 2019
------------------ testing $PTII/ptolemy/domains/de/test/auto/ThreadedComposite.xml
auto.tcl: Setting watchdog for 200 seconds at Wed Jan 30 15:58:07 UTC 2019
189 ms. Memory: 1064448K Free: 1005544K (94%)
ptolemy.util.test.WatchDog.cancel(): canceling Wed Jan 30 15:58:08 UTC 2019
auto.tcl: Setting watchdog for 200 seconds at Wed Jan 30 15:58:08 UTC 2019
117 ms. Memory: 1064448K Free: 972220K (91%)
ptolemy.util.test.WatchDog.cancel(): canceling Wed Jan 30 15:58:08 UTC 2019
------------------ testing $PTII/ptolemy/domains/de/test/auto/Time.xml
auto.tcl: Setting watchdog for 200 seconds at Wed Jan 30 15:58:08 UTC 2019
516 ms. Memory: 1064448K Free: 985614K (93%)
ptolemy.util.test.WatchDog.cancel(): canceling Wed Jan 30 15:58:08 UTC 2019
auto.tcl: Setting watchdog for 200 seconds at Wed Jan 30 15:58:08 UTC 2019
515 ms. Memory: 1064448K Free: 930882K (87%)
ptolemy.util.test.WatchDog.cancel(): canceling Wed Jan 30 15:58:09 UTC 2019
------------------ testing $PTII/ptolemy/domains/de/test/auto/TimeDelayZeroDelay.xml
auto.tcl: Setting watchdog for 200 seconds at Wed Jan 30 15:58:09 UTC 2019
2 ms. Memory: 1064448K Free: 1034912K (97%)
ptolemy.util.test.WatchDog.cancel(): canceling Wed Jan 30 15:58:09 UTC 2019
auto.tcl: Setting watchdog for 200 seconds at Wed Jan 30 15:58:09 UTC 2019
2 ms. Memory: 1064448K Free: 1034912K (97%)
ptolemy.util.test.WatchDog.cancel(): canceling Wed Jan 30 15:58:09 UTC 2019
------------------ testing $PTII/ptolemy/domains/de/test/auto/TimerZeroDelay.xml
auto.tcl: Setting watchdog for 200 seconds at Wed Jan 30 15:58:09 UTC 2019
4 ms. Memory: 1063424K Free: 1035072K (97%)
ptolemy.util.test.WatchDog.cancel(): canceling Wed Jan 30 15:58:09 UTC 2019
auto.tcl: Setting watchdog for 200 seconds at Wed Jan 30 15:58:09 UTC 2019
2 ms. Memory: 1063424K Free: 1035072K (97%)
ptolemy.util.test.WatchDog.cancel(): canceling Wed Jan 30 15:58:09 UTC 2019
------------------ testing $PTII/ptolemy/domains/de/test/auto/TimingParadox.xml
auto.tcl: Setting watchdog for 200 seconds at Wed Jan 30 15:58:09 UTC 2019
358 ms. Memory: 1063936K Free: 957961K (90%)
ptolemy.util.test.WatchDog.cancel(): canceling Wed Jan 30 15:58:09 UTC 2019
auto.tcl: Setting watchdog for 200 seconds at Wed Jan 30 15:58:09 UTC 2019
327 ms. Memory: 1063936K Free: 916912K (86%)
ptolemy.util.test.WatchDog.cancel(): canceling Wed Jan 30 15:58:10 UTC 2019
------------------ testing $PTII/ptolemy/domains/de/test/auto/TransferInputs.xml
auto.tcl: Setting watchdog for 200 seconds at Wed Jan 30 15:58:10 UTC 2019
2 ms. Memory: 1063424K Free: 1034046K (97%)
ptolemy.util.test.WatchDog.cancel(): canceling Wed Jan 30 15:58:10 UTC 2019
auto.tcl: Setting watchdog for 200 seconds at Wed Jan 30 15:58:10 UTC 2019
1 ms. Memory: 1063424K Free: 1034046K (97%)
ptolemy.util.test.WatchDog.cancel(): canceling Wed Jan 30 15:58:10 UTC 2019
------------------ testing $PTII/ptolemy/domains/de/test/auto/TransferOutputs2.xml
auto.tcl: Setting watchdog for 200 seconds at Wed Jan 30 15:58:10 UTC 2019
4 ms. Memory: 1063936K Free: 1035659K (97%)
ptolemy.util.test.WatchDog.cancel(): canceling Wed Jan 30 15:58:10 UTC 2019
auto.tcl: Setting watchdog for 200 seconds at Wed Jan 30 15:58:10 UTC 2019
3 ms. Memory: 1063936K Free: 1035659K (97%)
ptolemy.util.test.WatchDog.cancel(): canceling Wed Jan 30 15:58:10 UTC 2019
------------------ testing $PTII/ptolemy/domains/de/test/auto/Trilateration.xml
auto.tcl: Setting watchdog for 200 seconds at Wed Jan 30 15:58:10 UTC 2019
13414 ms. Memory: 933376K Free: 775886K (83%)
ptolemy.util.test.WatchDog.cancel(): canceling Wed Jan 30 15:58:24 UTC 2019
auto.tcl: Setting watchdog for 200 seconds at Wed Jan 30 15:58:24 UTC 2019
10685 ms. Memory: 812544K Free: 480670K (59%)
ptolemy.util.test.WatchDog.cancel(): canceling Wed Jan 30 15:58:35 UTC 2019
------------------ testing $PTII/ptolemy/domains/de/test/auto/TwoSigmaDelta.xml
auto.tcl: Setting watchdog for 200 seconds at Wed Jan 30 15:58:35 UTC 2019
2859 ms. Memory: 816640K Free: 496676K (61%)
ptolemy.util.test.WatchDog.cancel(): canceling Wed Jan 30 15:58:38 UTC 2019
auto.tcl: Setting watchdog for 200 seconds at Wed Jan 30 15:58:38 UTC 2019
2143 ms. Memory: 816640K Free: 257811K (32%)
ptolemy.util.test.WatchDog.cancel(): canceling Wed Jan 30 15:58:40 UTC 2019
------------------ testing $PTII/ptolemy/domains/de/test/auto/VariableDelay.xml
auto.tcl: Setting watchdog for 200 seconds at Wed Jan 30 15:58:40 UTC 2019
3 ms. Memory: 813056K Free: 789869K (97%)
ptolemy.util.test.WatchDog.cancel(): canceling Wed Jan 30 15:58:40 UTC 2019
auto.tcl: Setting watchdog for 200 seconds at Wed Jan 30 15:58:40 UTC 2019
1 ms. Memory: 813056K Free: 789869K (97%)
ptolemy.util.test.WatchDog.cancel(): canceling Wed Jan 30 15:58:40 UTC 2019
------------------ testing $PTII/ptolemy/domains/de/test/auto/VariableDelay2.xml
auto.tcl: Setting watchdog for 200 seconds at Wed Jan 30 15:58:40 UTC 2019
2 ms. Memory: 812544K Free: 782457K (96%)
ptolemy.util.test.WatchDog.cancel(): canceling Wed Jan 30 15:58:40 UTC 2019
auto.tcl: Setting watchdog for 200 seconds at Wed Jan 30 15:58:40 UTC 2019
2 ms. Memory: 812544K Free: 782457K (96%)
ptolemy.util.test.WatchDog.cancel(): canceling Wed Jan 30 15:58:40 UTC 2019
------------------ testing $PTII/ptolemy/domains/de/test/auto/VariableDelayZeroDelay.xml
auto.tcl: Setting watchdog for 200 seconds at Wed Jan 30 15:58:40 UTC 2019
2 ms. Memory: 812544K Free: 782456K (96%)
ptolemy.util.test.WatchDog.cancel(): canceling Wed Jan 30 15:58:40 UTC 2019
auto.tcl: Setting watchdog for 200 seconds at Wed Jan 30 15:58:40 UTC 2019
2 ms. Memory: 812544K Free: 782456K (96%)
ptolemy.util.test.WatchDog.cancel(): canceling Wed Jan 30 15:58:40 UTC 2019
------------------ testing $PTII/ptolemy/domains/de/test/auto/VariableDelayZeroDelay2.xml
auto.tcl: Setting watchdog for 200 seconds at Wed Jan 30 15:58:41 UTC 2019
6 ms. Memory: 815616K Free: 785526K (96%)
ptolemy.util.test.WatchDog.cancel(): canceling Wed Jan 30 15:58:41 UTC 2019
auto.tcl: Setting watchdog for 200 seconds at Wed Jan 30 15:58:41 UTC 2019
3 ms. Memory: 815616K Free: 785526K (96%)
ptolemy.util.test.WatchDog.cancel(): canceling Wed Jan 30 15:58:41 UTC 2019
------------------ testing $PTII/ptolemy/domains/de/test/auto/deInCt.xml
auto.tcl: Setting watchdog for 200 seconds at Wed Jan 30 15:58:41 UTC 2019
0
1
1
1
1
0
0
0
1
1
1
1
0
0
0
1
1
1
0
0
0
1
1
1
1
0
0
0
0
1
1
1
0
0
0
1
1
1
0
0
0
0
14 ms. Memory: 812544K Free: 782353K (96%)
ptolemy.util.test.WatchDog.cancel(): canceling Wed Jan 30 15:58:41 UTC 2019
auto.tcl: Setting watchdog for 200 seconds at Wed Jan 30 15:58:41 UTC 2019
0
1
1
1
0
0
0
1
1
1
1
0
0
0
1
1
1
0
0
0
0
1
1
1
0
0
0
1
1
1
1
1
1
0
0
0
1
1
1
1
8 ms. Memory: 812544K Free: 782353K (96%)
ptolemy.util.test.WatchDog.cancel(): canceling Wed Jan 30 15:58:41 UTC 2019
------------------ testing $PTII/ptolemy/domains/de/test/auto/deInCt2.xml
auto.tcl: Setting watchdog for 200 seconds at Wed Jan 30 15:58:41 UTC 2019
0
1
1
1
0
0
1
1
1
0
0
1
1
1
0
0
1
1
1
0
0
1
1
1
0
0
1
1
1
0
0
1
1
1
0
0
1
1
1
0
0
0
9 ms. Memory: 815616K Free: 785523K (96%)
ptolemy.util.test.WatchDog.cancel(): canceling Wed Jan 30 15:58:41 UTC 2019
auto.tcl: Setting watchdog for 200 seconds at Wed Jan 30 15:58:41 UTC 2019
0
1
1
1
0
0
1
1
1
0
0
1
1
1
0
0
1
1
1
0
0
1
1
1
0
0
1
1
1
0
0
1
1
1
0
0
1
1
1
0
0
0
9 ms. Memory: 815616K Free: 785523K (96%)
ptolemy.util.test.WatchDog.cancel(): canceling Wed Jan 30 15:58:41 UTC 2019
------------------ testing $PTII/ptolemy/domains/de/test/auto/dynamicCausalityInterface1.xml
auto.tcl: Setting watchdog for 200 seconds at Wed Jan 30 15:58:41 UTC 2019
8 ms. Memory: 812544K Free: 782447K (96%)
ptolemy.util.test.WatchDog.cancel(): canceling Wed Jan 30 15:58:41 UTC 2019
auto.tcl: Setting watchdog for 200 seconds at Wed Jan 30 15:58:41 UTC 2019
1 ms. Memory: 812544K Free: 782447K (96%)
ptolemy.util.test.WatchDog.cancel(): canceling Wed Jan 30 15:58:41 UTC 2019
------------------ testing $PTII/ptolemy/domains/de/test/auto/fsm_de_test.xml
auto.tcl: Setting watchdog for 200 seconds at Wed Jan 30 15:58:41 UTC 2019
14 ms. Memory: 815104K Free: 784902K (96%)
ptolemy.util.test.WatchDog.cancel(): canceling Wed Jan 30 15:58:41 UTC 2019
auto.tcl: Setting watchdog for 200 seconds at Wed Jan 30 15:58:41 UTC 2019
5 ms. Memory: 815104K Free: 784902K (96%)
ptolemy.util.test.WatchDog.cancel(): canceling Wed Jan 30 15:58:41 UTC 2019
------------------ testing $PTII/ptolemy/domains/de/test/auto/functionDependencyReconstruction.xml
auto.tcl: Setting watchdog for 200 seconds at Wed Jan 30 15:58:41 UTC 2019
5 ms. Memory: 812544K Free: 771770K (95%)
ptolemy.util.test.WatchDog.cancel(): canceling Wed Jan 30 15:58:41 UTC 2019
auto.tcl: Setting watchdog for 200 seconds at Wed Jan 30 15:58:41 UTC 2019
3 ms. Memory: 812544K Free: 771770K (95%)
ptolemy.util.test.WatchDog.cancel(): canceling Wed Jan 30 15:58:41 UTC 2019
------------------ testing $PTII/ptolemy/domains/de/test/auto/multirate.xml
auto.tcl: Setting watchdog for 200 seconds at Wed Jan 30 15:58:41 UTC 2019
3 ms. Memory: 814592K Free: 784256K (96%)
ptolemy.util.test.WatchDog.cancel(): canceling Wed Jan 30 15:58:41 UTC 2019
auto.tcl: Setting watchdog for 200 seconds at Wed Jan 30 15:58:41 UTC 2019
3 ms. Memory: 814592K Free: 784256K (96%)
ptolemy.util.test.WatchDog.cancel(): canceling Wed Jan 30 15:58:41 UTC 2019
------------------ testing $PTII/ptolemy/domains/de/test/auto/multirate2.xml
auto.tcl: Setting watchdog for 200 seconds at Wed Jan 30 15:58:41 UTC 2019
2 ms. Memory: 812544K Free: 782296K (96%)
ptolemy.util.test.WatchDog.cancel(): canceling Wed Jan 30 15:58:41 UTC 2019
auto.tcl: Setting watchdog for 200 seconds at Wed Jan 30 15:58:41 UTC 2019
3 ms. Memory: 812544K Free: 782296K (96%)
ptolemy.util.test.WatchDog.cancel(): canceling Wed Jan 30 15:58:41 UTC 2019
------------------ testing $PTII/ptolemy/domains/de/test/auto/realtime.xml
auto.tcl: Setting watchdog for 200 seconds at Wed Jan 30 15:58:41 UTC 2019
10001 ms. Memory: 814592K Free: 791654K (97%)
ptolemy.util.test.WatchDog.cancel(): canceling Wed Jan 30 15:58:51 UTC 2019
auto.tcl: Setting watchdog for 200 seconds at Wed Jan 30 15:58:51 UTC 2019
10001 ms. Memory: 814592K Free: 791654K (97%)
ptolemy.util.test.WatchDog.cancel(): canceling Wed Jan 30 15:59:01 UTC 2019
------------------ testing $PTII/ptolemy/domains/de/test/auto/relationGroup.xml
auto.tcl: Setting watchdog for 200 seconds at Wed Jan 30 15:59:01 UTC 2019
1 ms. Memory: 812544K Free: 789730K (97%)
ptolemy.util.test.WatchDog.cancel(): canceling Wed Jan 30 15:59:01 UTC 2019
auto.tcl: Setting watchdog for 200 seconds at Wed Jan 30 15:59:01 UTC 2019
2 ms. Memory: 812544K Free: 789730K (97%)
ptolemy.util.test.WatchDog.cancel(): canceling Wed Jan 30 15:59:01 UTC 2019
------------------ testing $PTII/ptolemy/domains/de/test/auto/relationGroup2.xml
auto.tcl: Setting watchdog for 200 seconds at Wed Jan 30 15:59:01 UTC 2019
1 ms. Memory: 814080K Free: 783981K (96%)
ptolemy.util.test.WatchDog.cancel(): canceling Wed Jan 30 15:59:01 UTC 2019
auto.tcl: Setting watchdog for 200 seconds at Wed Jan 30 15:59:01 UTC 2019
1 ms. Memory: 814080K Free: 783981K (96%)
ptolemy.util.test.WatchDog.cancel(): canceling Wed Jan 30 15:59:01 UTC 2019
------------------ testing $PTII/ptolemy/domains/de/test/auto/sortWithOpaquePorts.xml
auto.tcl: Setting watchdog for 200 seconds at Wed Jan 30 15:59:01 UTC 2019
1 ms. Memory: 812544K Free: 782445K (96%)
ptolemy.util.test.WatchDog.cancel(): canceling Wed Jan 30 15:59:01 UTC 2019
auto.tcl: Setting watchdog for 200 seconds at Wed Jan 30 15:59:01 UTC 2019
2 ms. Memory: 812544K Free: 782445K (96%)
ptolemy.util.test.WatchDog.cancel(): canceling Wed Jan 30 15:59:01 UTC 2019
------------------ testing $PTII/ptolemy/domains/de/test/auto/transferInputsandOutputs.xml
auto.tcl: Setting watchdog for 200 seconds at Wed Jan 30 15:59:01 UTC 2019
2 ms. Memory: 814080K Free: 783968K (96%)
ptolemy.util.test.WatchDog.cancel(): canceling Wed Jan 30 15:59:01 UTC 2019
auto.tcl: Setting watchdog for 200 seconds at Wed Jan 30 15:59:01 UTC 2019
2 ms. Memory: 814080K Free: 783968K (96%)
ptolemy.util.test.WatchDog.cancel(): canceling Wed Jan 30 15:59:01 UTC 2019
------------------ testing $PTII/ptolemy/domains/de/test/auto/triggerType.xml
auto.tcl: Setting watchdog for 200 seconds at Wed Jan 30 15:59:01 UTC 2019
2 ms. Memory: 812544K Free: 782383K (96%)
ptolemy.util.test.WatchDog.cancel(): canceling Wed Jan 30 15:59:01 UTC 2019
auto.tcl: Setting watchdog for 200 seconds at Wed Jan 30 15:59:01 UTC 2019
2 ms. Memory: 812544K Free: 782383K (96%)
ptolemy.util.test.WatchDog.cancel(): canceling Wed Jan 30 15:59:01 UTC 2019
01/30/19 03:59:01
Failed: 0  Total Tests: 192  ((Passed: 187, Newly Passed: 1)  Known Failed: 5) /home/travis/build/icyphy/ptII/ptolemy/domains/de/test
01/30/19 03:59:01
Failed: 0  Total Tests: 192  ((Passed: 187, Newly Passed: 1)  Known Failed: 5) /home/travis/build/icyphy/ptII/ptolemy/domains/de/test
----------------- testing (KnownFailure) /home/travis/build/icyphy/ptII/ptolemy/domains/de/test/auto/knownFailedTests/DESDFClockTest.xml
2013 ms. Memory: 813568K Free: 768739K (94%)
Known Failure: java.lang.reflect.InvocationTargetException
----------------- testing (KnownFailure) /home/travis/build/icyphy/ptII/ptolemy/domains/de/test/auto/knownFailedTests/DirectFeedback.xml
2 ms. Memory: 813568K Free: 710248K (87%)
Known Failure: java.lang.reflect.InvocationTargetException
----------------- testing (KnownFailure) /home/travis/build/icyphy/ptII/ptolemy/domains/de/test/auto/knownFailedTests/FSMSource.xml
6 ms. Memory: 813568K Free: 651757K (80%)
----------------- testing (KnownFailure) /home/travis/build/icyphy/ptII/ptolemy/domains/de/test/auto/knownFailedTests/HierarchicalModel.xml
2 ms. Memory: 813568K Free: 607872K (75%)
Known Failure: java.lang.reflect.InvocationTargetException
----------------- testing (KnownFailure) /home/travis/build/icyphy/ptII/ptolemy/domains/de/test/auto/knownFailedTests/dependencyLoop.xml
2 ms. Memory: 813568K Free: 549381K (68%)
Known Failure: java.lang.reflect.InvocationTargetException
----------------- testing (KnownFailure) /home/travis/build/icyphy/ptII/ptolemy/domains/de/test/auto/knownFailedTests/dependencyLoop2.xml
5 ms. Memory: 813568K Free: 490890K (60%)
Known Failure: java.lang.reflect.InvocationTargetException
No auto/linux-amd64/*.xml tests in /home/travis/build/icyphy/ptII/ptolemy/domains/de/test
AutoTests.java: About to close Vertx.
AutoTests.java: Vertx closed.

===========================================================================================
----------------- testing Wed Jan 30 15:59:04 UTC 2019 /home/travis/build/icyphy/ptII/ptolemy/domains/de/test/auto/ActorDepthCalculation_actorWithoutPorts.xml
----------------- Instantiating /home/travis/build/icyphy/ptII/ptolemy/domains/de/test/auto/ActorDepthCalculation_actorWithoutPorts.xml
1 ms. Memory: 813568K Free: 417776K (51%)
----------------- Invoking toplevel() on ptolemy.moml.MoMLSimpleApplication@71ba1ac1
----------------- Done invoking toplevel() on ptolemy.moml.MoMLSimpleApplication@71ba1ac1
reloadAllAccessors: .ActorDepthCalculation_actorWithoutPorts

===========================================================================================
----------------- testing Wed Jan 30 15:59:04 UTC 2019 /home/travis/build/icyphy/ptII/ptolemy/domains/de/test/auto/AssemblyLine.xml
----------------- Instantiating /home/travis/build/icyphy/ptII/ptolemy/domains/de/test/auto/AssemblyLine.xml
2 ms. Memory: 813568K Free: 388531K (48%)
----------------- Invoking toplevel() on ptolemy.moml.MoMLSimpleApplication@2c4e55b6
----------------- Done invoking toplevel() on ptolemy.moml.MoMLSimpleApplication@2c4e55b6
reloadAllAccessors: .AssemblyLine

===========================================================================================
----------------- testing Wed Jan 30 15:59:04 UTC 2019 /home/travis/build/icyphy/ptII/ptolemy/domains/de/test/auto/CQBug1.xml
----------------- Instantiating /home/travis/build/icyphy/ptII/ptolemy/domains/de/test/auto/CQBug1.xml
1 ms. Memory: 813568K Free: 359285K (44%)
----------------- Invoking toplevel() on ptolemy.moml.MoMLSimpleApplication@7746685e
----------------- Done invoking toplevel() on ptolemy.moml.MoMLSimpleApplication@7746685e
reloadAllAccessors: .CQBug1

===========================================================================================
----------------- testing Wed Jan 30 15:59:04 UTC 2019 /home/travis/build/icyphy/ptII/ptolemy/domains/de/test/auto/CancelFireAt.xml
----------------- Instantiating /home/travis/build/icyphy/ptII/ptolemy/domains/de/test/auto/CancelFireAt.xml
1 ms. Memory: 813568K Free: 330040K (41%)
----------------- Invoking toplevel() on ptolemy.moml.MoMLSimpleApplication@2ffa38e
----------------- Done invoking toplevel() on ptolemy.moml.MoMLSimpleApplication@2ffa38e
reloadAllAccessors: .CancelFireAt

===========================================================================================
----------------- testing Wed Jan 30 15:59:04 UTC 2019 /home/travis/build/icyphy/ptII/ptolemy/domains/de/test/auto/CausalityAndComposabilityAnalysis.xml
----------------- Instantiating /home/travis/build/icyphy/ptII/ptolemy/domains/de/test/auto/CausalityAndComposabilityAnalysis.xml
1 ms. Memory: 813568K Free: 300794K (37%)
----------------- Invoking toplevel() on ptolemy.moml.MoMLSimpleApplication@2785fa9b
----------------- Done invoking toplevel() on ptolemy.moml.MoMLSimpleApplication@2785fa9b
reloadAllAccessors: .CausalityAndComposabilityAnalysis

===========================================================================================
----------------- testing Wed Jan 30 15:59:04 UTC 2019 /home/travis/build/icyphy/ptII/ptolemy/domains/de/test/auto/CausalityInterface1.xml
----------------- Instantiating /home/travis/build/icyphy/ptII/ptolemy/domains/de/test/auto/CausalityInterface1.xml
3 ms. Memory: 813568K Free: 271549K (33%)
----------------- Invoking toplevel() on ptolemy.moml.MoMLSimpleApplication@1d2ab72f
----------------- Done invoking toplevel() on ptolemy.moml.MoMLSimpleApplication@1d2ab72f
reloadAllAccessors: .CausalityInterface1

===========================================================================================
----------------- testing Wed Jan 30 15:59:04 UTC 2019 /home/travis/build/icyphy/ptII/ptolemy/domains/de/test/auto/CausalityInterface15.xml
----------------- Instantiating /home/travis/build/icyphy/ptII/ptolemy/domains/de/test/auto/CausalityInterface15.xml
1 ms. Memory: 813568K Free: 242303K (30%)
----------------- Invoking toplevel() on ptolemy.moml.MoMLSimpleApplication@4d1c8f0a
[...]
java.lang.RuntimeException: Execution failed
	at ptolemy.moml.MoMLSimpleApplication$UnloadThread.run(MoMLSimpleApplication.java:402)
Caused by: ptolemy.kernel.util.IllegalActionException: Test fails in iteration 1.
Value was: 1.0. Should have been: 2.0
  in .DirectFeedback.Test
	at ptolemy.actor.lib.Test.fire(Test.java:268)
	at ptolemy.domains.de.kernel.DEDirector._fire(DEDirector.java:1949)
	at ptolemy.domains.de.kernel.DEDirector.fire(DEDirector.java:502)
	at ptolemy.actor.CompositeActor.fire(CompositeActor.java:455)
	at ptolemy.actor.Manager.iterate(Manager.java:851)
	at ptolemy.actor.Manager.execute(Manager.java:369)
	at ptolemy.actor.Manager.run(Manager.java:1263)
	at ptolemy.actor.Manager$PtolemyRunThread.run(Manager.java:1915)
java.lang.RuntimeException: Execution failed
	at ptolemy.moml.MoMLSimpleApplication$UnloadThread.run(MoMLSimpleApplication.java:402)
Caused by: ptolemy.kernel.util.IllegalActionException: Actor is not ready to fire.  Perhaps UpSample.prefire() returned false? Try debugging the actor by selecting "Listen to Actor".  Also, for SDF check moml for tokenConsumptionRate on input.
  in .DESDFClockTest.Play Bell.Copy1:SDF Director and .DESDFClockTest.Play Bell.UpSample
	at ptolemy.actor.sched.StaticSchedulingDirector.fire(StaticSchedulingDirector.java:227)
	at ptolemy.domains.sdf.kernel.SDFDirector.fire(SDFDirector.java:500)
	at ptolemy.actor.CompositeActor.fire(CompositeActor.java:455)
	at ptolemy.domains.de.kernel.DEDirector._fire(DEDirector.java:1949)
	at ptolemy.domains.de.kernel.DEDirector.fire(DEDirector.java:502)
	at ptolemy.actor.CompositeActor.fire(CompositeActor.java:455)
	at ptolemy.actor.Manager.iterate(Manager.java:851)
	at ptolemy.actor.Manager.execute(Manager.java:369)
	at ptolemy.actor.Manager.run(Manager.java:1263)
	at ptolemy.actor.Manager$PtolemyRunThread.run(Manager.java:1915)
java.lang.reflect.InvocationTargetException
	at sun.reflect.NativeConstructorAccessorImpl.newInstance0(Native Method)
	at sun.reflect.NativeConstructorAccessorImpl.newInstance(NativeConstructorAccessorImpl.java:62)
	at sun.reflect.DelegatingConstructorAccessorImpl.newInstance(DelegatingConstructorAccessorImpl.java:45)
	at java.lang.reflect.Constructor.newInstance(Constructor.java:423)
	at ptolemy.util.test.junit.AutoKnownFailedTests.RunModel(AutoKnownFailedTests.java:105)
	at sun.reflect.NativeMethodAccessorImpl.invoke0(Native Method)
	at sun.reflect.NativeMethodAccessorImpl.invoke(NativeMethodAccessorImpl.java:62)
	at sun.reflect.DelegatingMethodAccessorImpl.invoke(DelegatingMethodAccessorImpl.java:43)
	at java.lang.reflect.Method.invoke(Method.java:498)
	at org.junit.runners.model.FrameworkMethod$1.runReflectiveCall(FrameworkMethod.java:44)
	at org.junit.internal.runners.model.ReflectiveCallable.run(ReflectiveCallable.java:15)
	at org.junit.runners.model.FrameworkMethod.invokeExplosively(FrameworkMethod.java:41)
	at junitparams.internal.InvokeParameterisedMethod.evaluate(InvokeParameterisedMethod.java:102)
	at org.junit.internal.runners.statements.FailOnTimeout$1.run(FailOnTimeout.java:28)
Caused by: ptolemy.kernel.util.IllegalActionException: Actor is not ready to fire.  Perhaps UpSample.prefire() returned false? Try debugging the actor by selecting "Listen to Actor".  Also, for SDF check moml for tokenConsumptionRate on input.
  in .DESDFClockTest.Play Bell.Copy1:SDF Director and .DESDFClockTest.Play Bell.UpSample
	at ptolemy.actor.sched.StaticSchedulingDirector.fire(StaticSchedulingDirector.java:227)
	at ptolemy.domains.sdf.kernel.SDFDirector.fire(SDFDirector.java:500)
	at ptolemy.actor.CompositeActor.fire(CompositeActor.java:455)
	at ptolemy.domains.de.kernel.DEDirector._fire(DEDirector.java:1949)
	at ptolemy.domains.de.kernel.DEDirector.fire(DEDirector.java:502)
	at ptolemy.actor.CompositeActor.fire(CompositeActor.java:455)
	at ptolemy.actor.Manager.iterate(Manager.java:851)
	at ptolemy.actor.Manager.execute(Manager.java:369)
	at ptolemy.actor.Manager.run(Manager.java:1263)
	at ptolemy.actor.Manager$PtolemyRunThread.run(Manager.java:1915)
java.lang.RuntimeException: Execution failed
	at ptolemy.moml.MoMLSimpleApplication$UnloadThread.run(MoMLSimpleApplication.java:402)
Caused by: ptolemy.kernel.util.IllegalActionException: Test fails in iteration 1.
Value was: 1.0. Should have been: 2.0
  in .DirectFeedback.Test
	at ptolemy.actor.lib.Test.fire(Test.java:268)
	at ptolemy.domains.de.kernel.DEDirector._fire(DEDirector.java:1949)
	at ptolemy.domains.de.kernel.DEDirector.fire(DEDirector.java:502)
	at ptolemy.actor.CompositeActor.fire(CompositeActor.java:455)
	at ptolemy.actor.Manager.iterate(Manager.java:851)
	at ptolemy.actor.Manager.execute(Manager.java:369)
	at ptolemy.actor.Manager.run(Manager.java:1263)
	at ptolemy.actor.Manager$PtolemyRunThread.run(Manager.java:1915)
java.lang.reflect.InvocationTargetException
	at sun.reflect.NativeConstructorAccessorImpl.newInstance0(Native Method)
	at sun.reflect.NativeConstructorAccessorImpl.newInstance(NativeConstructorAccessorImpl.java:62)
	at sun.reflect.DelegatingConstructorAccessorImpl.newInstance(DelegatingConstructorAccessorImpl.java:45)
	at java.lang.reflect.Constructor.newInstance(Constructor.java:423)
	at ptolemy.util.test.junit.AutoKnownFailedTests.RunModel(AutoKnownFailedTests.java:105)
	at sun.reflect.NativeMethodAccessorImpl.invoke0(Native Method)
	at sun.reflect.NativeMethodAccessorImpl.invoke(NativeMethodAccessorImpl.java:62)
	at sun.reflect.DelegatingMethodAccessorImpl.invoke(DelegatingMethodAccessorImpl.java:43)
	at java.lang.reflect.Method.invoke(Method.java:498)
	at org.junit.runners.model.FrameworkMethod$1.runReflectiveCall(FrameworkMethod.java:44)
	at org.junit.internal.runners.model.ReflectiveCallable.run(ReflectiveCallable.java:15)
	at org.junit.runners.model.FrameworkMethod.invokeExplosively(FrameworkMethod.java:41)
	at junitparams.internal.InvokeParameterisedMethod.evaluate(InvokeParameterisedMethod.java:102)
	at org.junit.internal.runners.statements.FailOnTimeout$1.run(FailOnTimeout.java:28)
Caused by: ptolemy.kernel.util.IllegalActionException: Test fails in iteration 1.
Value was: 1.0. Should have been: 2.0
  in .DirectFeedback.Test
	at ptolemy.actor.lib.Test.fire(Test.java:268)
	at ptolemy.domains.de.kernel.DEDirector._fire(DEDirector.java:1949)
	at ptolemy.domains.de.kernel.DEDirector.fire(DEDirector.java:502)
	at ptolemy.actor.CompositeActor.fire(CompositeActor.java:455)
	at ptolemy.actor.Manager.iterate(Manager.java:851)
	at ptolemy.actor.Manager.execute(Manager.java:369)
	at ptolemy.actor.Manager.run(Manager.java:1263)
	at ptolemy.actor.Manager$PtolemyRunThread.run(Manager.java:1915)
java.lang.RuntimeException: Execution failed
	at ptolemy.moml.MoMLSimpleApplication$UnloadThread.run(MoMLSimpleApplication.java:402)
Caused by: ptolemy.kernel.util.IllegalActionException: Found a zero delay loop containing .HierarchicalModel.A
  in .HierarchicalModel and .HierarchicalModel.A
	at ptolemy.actor.util.CausalityInterfaceForComposites._computeOutputPortDepth(CausalityInterfaceForComposites.java:759)
	at ptolemy.actor.util.CausalityInterfaceForComposites._computeInputDepth(CausalityInterfaceForComposites.java:696)
	at ptolemy.actor.util.CausalityInterfaceForComposites._computeOutputPortDepth(CausalityInterfaceForComposites.java:765)
	at ptolemy.actor.util.CausalityInterfaceForComposites._computeInputDepth(CausalityInterfaceForComposites.java:696)
	at ptolemy.actor.util.CausalityInterfaceForComposites._computeOutputPortDepth(CausalityInterfaceForComposites.java:765)
	at ptolemy.actor.util.CausalityInterfaceForComposites._computeInputDepth(CausalityInterfaceForComposites.java:696)
	at ptolemy.actor.util.CausalityInterfaceForComposites._computeActorDepth(CausalityInterfaceForComposites.java:532)
	at ptolemy.actor.util.CausalityInterfaceForComposites.checkForCycles(CausalityInterfaceForComposites.java:96)
	at ptolemy.domains.de.kernel.DEDirector.preinitialize(DEDirector.java:1338)
	at ptolemy.actor.CompositeActor.preinitialize(CompositeActor.java:1828)
	at ptolemy.actor.Manager.preinitializeAndResolveTypes(Manager.java:1040)
	at ptolemy.actor.Manager.initialize(Manager.java:710)
	at ptolemy.actor.Manager.execute(Manager.java:356)
	at ptolemy.actor.Manager.run(Manager.java:1263)
	at ptolemy.actor.Manager$PtolemyRunThread.run(Manager.java:1915)
java.lang.reflect.InvocationTargetException
	at sun.reflect.NativeConstructorAccessorImpl.newInstance0(Native Method)
	at sun.reflect.NativeConstructorAccessorImpl.newInstance(NativeConstructorAccessorImpl.java:62)
	at sun.reflect.DelegatingConstructorAccessorImpl.newInstance(DelegatingConstructorAccessorImpl.java:45)
	at java.lang.reflect.Constructor.newInstance(Constructor.java:423)
	at ptolemy.util.test.junit.AutoKnownFailedTests.RunModel(AutoKnownFailedTests.java:105)
	at sun.reflect.NativeMethodAccessorImpl.invoke0(Native Method)
	at sun.reflect.NativeMethodAccessorImpl.invoke(NativeMethodAccessorImpl.java:62)
	at sun.reflect.DelegatingMethodAccessorImpl.invoke(DelegatingMethodAccessorImpl.java:43)
	at java.lang.reflect.Method.invoke(Method.java:498)
	at org.junit.runners.model.FrameworkMethod$1.runReflectiveCall(FrameworkMethod.java:44)
	at org.junit.internal.runners.model.ReflectiveCallable.run(ReflectiveCallable.java:15)
	at org.junit.runners.model.FrameworkMethod.invokeExplosively(FrameworkMethod.java:41)
	at junitparams.internal.InvokeParameterisedMethod.evaluate(InvokeParameterisedMethod.java:102)
	at org.junit.internal.runners.statements.FailOnTimeout$1.run(FailOnTimeout.java:28)
Caused by: ptolemy.kernel.util.IllegalActionException: Found a zero delay loop containing .HierarchicalModel.A
  in .HierarchicalModel and .HierarchicalModel.A
	at ptolemy.actor.util.CausalityInterfaceForComposites._computeOutputPortDepth(CausalityInterfaceForComposites.java:759)
	at ptolemy.actor.util.CausalityInterfaceForComposites._computeInputDepth(CausalityInterfaceForComposites.java:696)
	at ptolemy.actor.util.CausalityInterfaceForComposites._computeOutputPortDepth(CausalityInterfaceForComposites.java:765)
	at ptolemy.actor.util.CausalityInterfaceForComposites._computeInputDepth(CausalityInterfaceForComposites.java:696)
	at ptolemy.actor.util.CausalityInterfaceForComposites._computeOutputPortDepth(CausalityInterfaceForComposites.java:765)
	at ptolemy.actor.util.CausalityInterfaceForComposites._computeInputDepth(CausalityInterfaceForComposites.java:696)
	at ptolemy.actor.util.CausalityInterfaceForComposites._computeActorDepth(CausalityInterfaceForComposites.java:532)
	at ptolemy.actor.util.CausalityInterfaceForComposites.checkForCycles(CausalityInterfaceForComposites.java:96)
	at ptolemy.domains.de.kernel.DEDirector.preinitialize(DEDirector.java:1338)
	at ptolemy.actor.CompositeActor.preinitialize(CompositeActor.java:1828)
	at ptolemy.actor.Manager.preinitializeAndResolveTypes(Manager.java:1040)
	at ptolemy.actor.Manager.initialize(Manager.java:710)
	at ptolemy.actor.Manager.execute(Manager.java:356)
	at ptolemy.actor.Manager.run(Manager.java:1263)
	at ptolemy.actor.Manager$PtolemyRunThread.run(Manager.java:1915)
java.lang.RuntimeException: Execution failed
	at ptolemy.moml.MoMLSimpleApplication$UnloadThread.run(MoMLSimpleApplication.java:402)
Caused by: ptolemy.kernel.util.IllegalActionException: Found a zero delay loop containing .dependencyLoop.original
  in .dependencyLoop and .dependencyLoop.original
	at ptolemy.actor.util.CausalityInterfaceForComposites._computeOutputPortDepth(CausalityInterfaceForComposites.java:759)
	at ptolemy.actor.util.CausalityInterfaceForComposites._computeInputDepth(CausalityInterfaceForComposites.java:696)
	at ptolemy.actor.util.CausalityInterfaceForComposites._computeOutputPortDepth(CausalityInterfaceForComposites.java:765)
	at ptolemy.actor.util.CausalityInterfaceForComposites._computeInputDepth(CausalityInterfaceForComposites.java:696)
	at ptolemy.actor.util.CausalityInterfaceForComposites._computeOutputPortDepth(CausalityInterfaceForComposites.java:765)
	at ptolemy.actor.util.CausalityInterfaceForComposites._computeInputDepth(CausalityInterfaceForComposites.java:696)
	at ptolemy.actor.util.CausalityInterfaceForComposites._computeActorDepth(CausalityInterfaceForComposites.java:532)
	at ptolemy.actor.util.CausalityInterfaceForComposites.checkForCycles(CausalityInterfaceForComposites.java:96)
	at ptolemy.domains.de.kernel.DEDirector.preinitialize(DEDirector.java:1338)
	at ptolemy.actor.CompositeActor.preinitialize(CompositeActor.java:1828)
	at ptolemy.actor.Manager.preinitializeAndResolveTypes(Manager.java:1040)
	at ptolemy.actor.Manager.initialize(Manager.java:710)
	at ptolemy.actor.Manager.execute(Manager.java:356)
	at ptolemy.actor.Manager.run(Manager.java:1263)
	at ptolemy.actor.Manager$PtolemyRunThread.run(Manager.java:1915)
java.lang.reflect.InvocationTargetException
	at sun.reflect.NativeConstructorAccessorImpl.newInstance0(Native Method)
	at sun.reflect.NativeConstructorAccessorImpl.newInstance(NativeConstructorAccessorImpl.java:62)
	at sun.reflect.DelegatingConstructorAccessorImpl.newInstance(DelegatingConstructorAccessorImpl.java:45)
	at java.lang.reflect.Constructor.newInstance(Constructor.java:423)
	at ptolemy.util.test.junit.AutoKnownFailedTests.RunModel(AutoKnownFailedTests.java:105)
	at sun.reflect.NativeMethodAccessorImpl.invoke0(Native Method)
	at sun.reflect.NativeMethodAccessorImpl.invoke(NativeMethodAccessorImpl.java:62)
	at sun.reflect.DelegatingMethodAccessorImpl.invoke(DelegatingMethodAccessorImpl.java:43)
	at java.lang.reflect.Method.invoke(Method.java:498)
	at org.junit.runners.model.FrameworkMethod$1.runReflectiveCall(FrameworkMethod.java:44)
	at org.junit.internal.runners.model.ReflectiveCallable.run(ReflectiveCallable.java:15)
	at org.junit.runners.model.FrameworkMethod.invokeExplosively(FrameworkMethod.java:41)
	at junitparams.internal.InvokeParameterisedMethod.evaluate(InvokeParameterisedMethod.java:102)
	at org.junit.internal.runners.statements.FailOnTimeout$1.run(FailOnTimeout.java:28)
Caused by: ptolemy.kernel.util.IllegalActionException: Found a zero delay loop containing .dependencyLoop.original
  in .dependencyLoop and .dependencyLoop.original
	at ptolemy.actor.util.CausalityInterfaceForComposites._computeOutputPortDepth(CausalityInterfaceForComposites.java:759)
	at ptolemy.actor.util.CausalityInterfaceForComposites._computeInputDepth(CausalityInterfaceForComposites.java:696)
	at ptolemy.actor.util.CausalityInterfaceForComposites._computeOutputPortDepth(CausalityInterfaceForComposites.java:765)
	at ptolemy.actor.util.CausalityInterfaceForComposites._computeInputDepth(CausalityInterfaceForComposites.java:696)
	at ptolemy.actor.util.CausalityInterfaceForComposites._computeOutputPortDepth(CausalityInterfaceForComposites.java:765)
	at ptolemy.actor.util.CausalityInterfaceForComposites._computeInputDepth(CausalityInterfaceForComposites.java:696)
	at ptolemy.actor.util.CausalityInterfaceForComposites._computeActorDepth(CausalityInterfaceForComposites.java:532)
	at ptolemy.actor.util.CausalityInterfaceForComposites.checkForCycles(CausalityInterfaceForComposites.java:96)
	at ptolemy.domains.de.kernel.DEDirector.preinitialize(DEDirector.java:1338)
	at ptolemy.actor.CompositeActor.preinitialize(CompositeActor.java:1828)
	at ptolemy.actor.Manager.preinitializeAndResolveTypes(Manager.java:1040)
	at ptolemy.actor.Manager.initialize(Manager.java:710)
	at ptolemy.actor.Manager.execute(Manager.java:356)
	at ptolemy.actor.Manager.run(Manager.java:1263)
	at ptolemy.actor.Manager$PtolemyRunThread.run(Manager.java:1915)
java.lang.RuntimeException: Execution failed
	at ptolemy.moml.MoMLSimpleApplication$UnloadThread.run(MoMLSimpleApplication.java:402)
Caused by: ptolemy.kernel.util.IllegalActionException: Found a zero delay loop containing .dependencyLoop2.original
  in .dependencyLoop2 and .dependencyLoop2.original
	at ptolemy.actor.util.CausalityInterfaceForComposites._computeOutputPortDepth(CausalityInterfaceForComposites.java:759)
	at ptolemy.actor.util.CausalityInterfaceForComposites._computeInputDepth(CausalityInterfaceForComposites.java:696)
	at ptolemy.actor.util.CausalityInterfaceForComposites._computeOutputPortDepth(CausalityInterfaceForComposites.java:765)
	at ptolemy.actor.util.CausalityInterfaceForComposites._computeInputDepth(CausalityInterfaceForComposites.java:696)
	at ptolemy.actor.util.CausalityInterfaceForComposites._computeOutputPortDepth(CausalityInterfaceForComposites.java:765)
	at ptolemy.actor.util.CausalityInterfaceForComposites._computeInputDepth(CausalityInterfaceForComposites.java:696)
	at ptolemy.actor.util.CausalityInterfaceForComposites._computeActorDepth(CausalityInterfaceForComposites.java:532)
	at ptolemy.actor.util.CausalityInterfaceForComposites.checkForCycles(CausalityInterfaceForComposites.java:96)
	at ptolemy.domains.de.kernel.DEDirector.preinitialize(DEDirector.java:1338)
	at ptolemy.actor.CompositeActor.preinitialize(CompositeActor.java:1828)
	at ptolemy.actor.Manager.preinitializeAndResolveTypes(Manager.java:1040)
	at ptolemy.actor.Manager.initialize(Manager.java:710)
	at ptolemy.actor.Manager.execute(Manager.java:356)
	at ptolemy.actor.Manager.run(Manager.java:1263)
	at ptolemy.actor.Manager$PtolemyRunThread.run(Manager.java:1915)
java.lang.reflect.InvocationTargetException
	at sun.reflect.NativeConstructorAccessorImpl.newInstance0(Native Method)
	at sun.reflect.NativeConstructorAccessorImpl.newInstance(NativeConstructorAccessorImpl.java:62)
	at sun.reflect.DelegatingConstructorAccessorImpl.newInstance(DelegatingConstructorAccessorImpl.java:45)
	at java.lang.reflect.Constructor.newInstance(Constructor.java:423)
	at ptolemy.util.test.junit.AutoKnownFailedTests.RunModel(AutoKnownFailedTests.java:105)
	at sun.reflect.NativeMethodAccessorImpl.invoke0(Native Method)
	at sun.reflect.NativeMethodAccessorImpl.invoke(NativeMethodAccessorImpl.java:62)
	at sun.reflect.DelegatingMethodAccessorImpl.invoke(DelegatingMethodAccessorImpl.java:43)
	at java.lang.reflect.Method.invoke(Method.java:498)
	at org.junit.runners.model.FrameworkMethod$1.runReflectiveCall(FrameworkMethod.java:44)
	at org.junit.internal.runners.model.ReflectiveCallable.run(ReflectiveCallable.java:15)
	at org.junit.runners.model.FrameworkMethod.invokeExplosively(FrameworkMethod.java:41)
	at junitparams.internal.InvokeParameterisedMethod.evaluate(InvokeParameterisedMethod.java:102)
	at org.junit.internal.runners.statements.FailOnTimeout$1.run(FailOnTimeout.java:28)
Caused by: ptolemy.kernel.util.IllegalActionException: Found a zero delay loop containing .dependencyLoop2.original
  in .dependencyLoop2 and .dependencyLoop2.original
	at ptolemy.actor.util.CausalityInterfaceForComposites._computeOutputPortDepth(CausalityInterfaceForComposites.java:759)
	at ptolemy.actor.util.CausalityInterfaceForComposites._computeInputDepth(CausalityInterfaceForComposites.java:696)
	at ptolemy.actor.util.CausalityInterfaceForComposites._computeOutputPortDepth(CausalityInterfaceForComposites.java:765)
	at ptolemy.actor.util.CausalityInterfaceForComposites._computeInputDepth(CausalityInterfaceForComposites.java:696)
	at ptolemy.actor.util.CausalityInterfaceForComposites._computeOutputPortDepth(CausalityInterfaceForComposites.java:765)
	at ptolemy.actor.util.CausalityInterfaceForComposites._computeInputDepth(CausalityInterfaceForComposites.java:696)
	at ptolemy.actor.util.CausalityInterfaceForComposites._computeActorDepth(CausalityInterfaceForComposites.java:532)
	at ptolemy.actor.util.CausalityInterfaceForComposites.checkForCycles(CausalityInterfaceForComposites.java:96)
	at ptolemy.domains.de.kernel.DEDirector.preinitialize(DEDirector.java:1338)
	at ptolemy.actor.CompositeActor.preinitialize(CompositeActor.java:1828)
	at ptolemy.actor.Manager.preinitializeAndResolveTypes(Manager.java:1040)
	at ptolemy.actor.Manager.initialize(Manager.java:710)
	at ptolemy.actor.Manager.execute(Manager.java:356)
	at ptolemy.actor.Manager.run(Manager.java:1263)
	at ptolemy.actor.Manager$PtolemyRunThread.run(Manager.java:1915)
]]></system-err>
</testsuite>
