<?xml version="1.0" encoding="UTF-8" ?>
<testsuite errors="0" failures="0" hostname="travis-job-c44299a7-3c2f-4786-a11f-c2c0f760d046" name="ptolemy.actor.lib.hoc.test.junit.JUnitTclTest" skipped="0" tests="58" time="31.622" timestamp="2020-01-29T17:31:00">
  <properties>
[...]
</properties>
  <testcase classname="ptolemy.util.test.junit.TclTests" name="[0] /home/travis/build/icyphy/ptII/ptolemy/actor/lib/hoc/test/IterateOverArray.tcl (RunTclFile)" time="0.314" />
  <testcase classname="ptolemy.util.test.junit.AutoKnownFailedTests" name="[0] /home/travis/build/icyphy/ptII/ptolemy/actor/lib/hoc/test/auto/knownFailedTests/PreinitializeMustBeInvokedRunComposite.xml (RunModel)" time="0.384" />
  <testcase classname="ptolemy.util.test.junit.AutoNameArchTests" name="[0] ThereAreNoAutoArchTests (RunModel)" time="0.006" />
  <testcase classname="ptolemy.util.test.junit.AutoTests" name="[0] /home/travis/build/icyphy/ptII/ptolemy/actor/lib/hoc/test/auto/AllToAllMultiInstanceComposite.xml (RunModel)" time="0.395" />
  <testcase classname="ptolemy.util.test.junit.AutoTests" name="[1] /home/travis/build/icyphy/ptII/ptolemy/actor/lib/hoc/test/auto/ApplyFFTTest.xml (RunModel)" time="0.332" />
  <testcase classname="ptolemy.util.test.junit.AutoTests" name="[2] /home/travis/build/icyphy/ptII/ptolemy/actor/lib/hoc/test/auto/ApplyFunction.xml (RunModel)" time="0.073" />
  <testcase classname="ptolemy.util.test.junit.AutoTests" name="[3] /home/travis/build/icyphy/ptII/ptolemy/actor/lib/hoc/test/auto/BackgroundExecution.xml (RunModel)" time="0.714" />
  <testcase classname="ptolemy.util.test.junit.AutoTests" name="[4] /home/travis/build/icyphy/ptII/ptolemy/actor/lib/hoc/test/auto/Case.xml (RunModel)" time="0.063" />
  <testcase classname="ptolemy.util.test.junit.AutoTests" name="[5] /home/travis/build/icyphy/ptII/ptolemy/actor/lib/hoc/test/auto/Case1.xml (RunModel)" time="0.05" />
  <testcase classname="ptolemy.util.test.junit.AutoTests" name="[6] /home/travis/build/icyphy/ptII/ptolemy/actor/lib/hoc/test/auto/Case2.xml (RunModel)" time="0.125" />
  <testcase classname="ptolemy.util.test.junit.AutoTests" name="[7] /home/travis/build/icyphy/ptII/ptolemy/actor/lib/hoc/test/auto/Case3.xml (RunModel)" time="0.049" />
  <testcase classname="ptolemy.util.test.junit.AutoTests" name="[8] /home/travis/build/icyphy/ptII/ptolemy/actor/lib/hoc/test/auto/Case4.xml (RunModel)" time="0.077" />
  <testcase classname="ptolemy.util.test.junit.AutoTests" name="[9] /home/travis/build/icyphy/ptII/ptolemy/actor/lib/hoc/test/auto/Case5.xml (RunModel)" time="0.061" />
  <testcase classname="ptolemy.util.test.junit.AutoTests" name="[10] /home/travis/build/icyphy/ptII/ptolemy/actor/lib/hoc/test/auto/Case6.xml (RunModel)" time="0.059" />
  <testcase classname="ptolemy.util.test.junit.AutoTests" name="[11] /home/travis/build/icyphy/ptII/ptolemy/actor/lib/hoc/test/auto/CaseString2.xml (RunModel)" time="0.035" />
  <testcase classname="ptolemy.util.test.junit.AutoTests" name="[12] /home/travis/build/icyphy/ptII/ptolemy/actor/lib/hoc/test/auto/CatchUpComposite1.xml (RunModel)" time="0.059" />
  <testcase classname="ptolemy.util.test.junit.AutoTests" name="[13] /home/travis/build/icyphy/ptII/ptolemy/actor/lib/hoc/test/auto/CatchUpComposite2.xml (RunModel)" time="0.04" />
  <testcase classname="ptolemy.util.test.junit.AutoTests" name="[14] /home/travis/build/icyphy/ptII/ptolemy/actor/lib/hoc/test/auto/CatchUpComposite3.xml (RunModel)" time="0.084" />
  <testcase classname="ptolemy.util.test.junit.AutoTests" name="[15] /home/travis/build/icyphy/ptII/ptolemy/actor/lib/hoc/test/auto/CatchUpComposite4.xml (RunModel)" time="0.092" />
  <testcase classname="ptolemy.util.test.junit.AutoTests" name="[16] /home/travis/build/icyphy/ptII/ptolemy/actor/lib/hoc/test/auto/CatchUpComposite5.xml (RunModel)" time="0.053" />
  <testcase classname="ptolemy.util.test.junit.AutoTests" name="[17] /home/travis/build/icyphy/ptII/ptolemy/actor/lib/hoc/test/auto/CatchUpComposite6.xml (RunModel)" time="0.154" />
  <testcase classname="ptolemy.util.test.junit.AutoTests" name="[18] /home/travis/build/icyphy/ptII/ptolemy/actor/lib/hoc/test/auto/CatchUpComposite7.xml (RunModel)" time="0.101" />
  <testcase classname="ptolemy.util.test.junit.AutoTests" name="[19] /home/travis/build/icyphy/ptII/ptolemy/actor/lib/hoc/test/auto/ConcurrentExecutionTimeSDF.xml (RunModel)" time="0.661" />
  <testcase classname="ptolemy.util.test.junit.AutoTests" name="[20] /home/travis/build/icyphy/ptII/ptolemy/actor/lib/hoc/test/auto/ConcurrentSleep.xml (RunModel)" time="0.774" />
  <testcase classname="ptolemy.util.test.junit.AutoTests" name="[21] /home/travis/build/icyphy/ptII/ptolemy/actor/lib/hoc/test/auto/DEInPNInRunCompositeActor.xml (RunModel)" time="0.036" />
  <testcase classname="ptolemy.util.test.junit.AutoTests" name="[22] /home/travis/build/icyphy/ptII/ptolemy/actor/lib/hoc/test/auto/DFTSubSetTest.xml (RunModel)" time="0.328" />
  <testcase classname="ptolemy.util.test.junit.AutoTests" name="[23] /home/travis/build/icyphy/ptII/ptolemy/actor/lib/hoc/test/auto/HocDE.xml (RunModel)" time="0.163" />
  <testcase classname="ptolemy.util.test.junit.AutoTests" name="[24] /home/travis/build/icyphy/ptII/ptolemy/actor/lib/hoc/test/auto/IterateOverArray.xml (RunModel)" time="0.02" />
  <testcase classname="ptolemy.util.test.junit.AutoTests" name="[25] /home/travis/build/icyphy/ptII/ptolemy/actor/lib/hoc/test/auto/IterateOverArray10.xml (RunModel)" time="0.022" />
  <testcase classname="ptolemy.util.test.junit.AutoTests" name="[26] /home/travis/build/icyphy/ptII/ptolemy/actor/lib/hoc/test/auto/IterateOverArray11.xml (RunModel)" time="0.04" />
  <testcase classname="ptolemy.util.test.junit.AutoTests" name="[27] /home/travis/build/icyphy/ptII/ptolemy/actor/lib/hoc/test/auto/IterateOverArray12.xml (RunModel)" time="0.034" />
  <testcase classname="ptolemy.util.test.junit.AutoTests" name="[28] /home/travis/build/icyphy/ptII/ptolemy/actor/lib/hoc/test/auto/IterateOverArray13.xml (RunModel)" time="0.128" />
  <testcase classname="ptolemy.util.test.junit.AutoTests" name="[29] /home/travis/build/icyphy/ptII/ptolemy/actor/lib/hoc/test/auto/IterateOverArray14.xml (RunModel)" time="0.146" />
  <testcase classname="ptolemy.util.test.junit.AutoTests" name="[30] /home/travis/build/icyphy/ptII/ptolemy/actor/lib/hoc/test/auto/IterateOverArray2.xml (RunModel)" time="0.026" />
  <testcase classname="ptolemy.util.test.junit.AutoTests" name="[31] /home/travis/build/icyphy/ptII/ptolemy/actor/lib/hoc/test/auto/IterateOverArray3.xml (RunModel)" time="0.04" />
  <testcase classname="ptolemy.util.test.junit.AutoTests" name="[32] /home/travis/build/icyphy/ptII/ptolemy/actor/lib/hoc/test/auto/IterateOverArray4.xml (RunModel)" time="0.022" />
  <testcase classname="ptolemy.util.test.junit.AutoTests" name="[33] /home/travis/build/icyphy/ptII/ptolemy/actor/lib/hoc/test/auto/IterateOverArray5.xml (RunModel)" time="0.029" />
  <testcase classname="ptolemy.util.test.junit.AutoTests" name="[34] /home/travis/build/icyphy/ptII/ptolemy/actor/lib/hoc/test/auto/IterateOverArray6.xml (RunModel)" time="0.024" />
  <testcase classname="ptolemy.util.test.junit.AutoTests" name="[35] /home/travis/build/icyphy/ptII/ptolemy/actor/lib/hoc/test/auto/IterateOverArray7.xml (RunModel)" time="0.019" />
  <testcase classname="ptolemy.util.test.junit.AutoTests" name="[36] /home/travis/build/icyphy/ptII/ptolemy/actor/lib/hoc/test/auto/IterateOverArray8.xml (RunModel)" time="0.024" />
  <testcase classname="ptolemy.util.test.junit.AutoTests" name="[37] /home/travis/build/icyphy/ptII/ptolemy/actor/lib/hoc/test/auto/IterateOverArray9.xml (RunModel)" time="0.024" />
  <testcase classname="ptolemy.util.test.junit.AutoTests" name="[38] /home/travis/build/icyphy/ptII/ptolemy/actor/lib/hoc/test/auto/IterateOverArrayCoercedOutputType.xml (RunModel)" time="0.028" />
  <testcase classname="ptolemy.util.test.junit.AutoTests" name="[39] /home/travis/build/icyphy/ptII/ptolemy/actor/lib/hoc/test/auto/IterateOverArrayInferredOutputType.xml (RunModel)" time="0.023" />
  <testcase classname="ptolemy.util.test.junit.AutoTests" name="[40] /home/travis/build/icyphy/ptII/ptolemy/actor/lib/hoc/test/auto/MobileFunctionTest.xml (RunModel)" time="0.026" />
  <testcase classname="ptolemy.util.test.junit.AutoTests" name="[41] /home/travis/build/icyphy/ptII/ptolemy/actor/lib/hoc/test/auto/MobileModelTest.xml (RunModel)" time="0.171" />
  <testcase classname="ptolemy.util.test.junit.AutoTests" name="[42] /home/travis/build/icyphy/ptII/ptolemy/actor/lib/hoc/test/auto/ModelReference.xml (RunModel)" time="0.072" />
  <testcase classname="ptolemy.util.test.junit.AutoTests" name="[43] /home/travis/build/icyphy/ptII/ptolemy/actor/lib/hoc/test/auto/ModelReference3.xml (RunModel)" time="0.044" />
  <testcase classname="ptolemy.util.test.junit.AutoTests" name="[44] /home/travis/build/icyphy/ptII/ptolemy/actor/lib/hoc/test/auto/ModelReference4.xml (RunModel)" time="10.026" />
  <testcase classname="ptolemy.util.test.junit.AutoTests" name="[45] /home/travis/build/icyphy/ptII/ptolemy/actor/lib/hoc/test/auto/MultiInstanceComposite.xml (RunModel)" time="0.054" />
  <testcase classname="ptolemy.util.test.junit.AutoTests" name="[46] /home/travis/build/icyphy/ptII/ptolemy/actor/lib/hoc/test/auto/MultiInstanceComposite2.xml (RunModel)" time="0.038" />
  <testcase classname="ptolemy.util.test.junit.AutoTests" name="[47] /home/travis/build/icyphy/ptII/ptolemy/actor/lib/hoc/test/auto/MulticoreExecution.xml (RunModel)" time="1.112" />
  <testcase classname="ptolemy.util.test.junit.AutoTests" name="[48] /home/travis/build/icyphy/ptII/ptolemy/actor/lib/hoc/test/auto/ParallelExecution.xml (RunModel)" time="0.936" />
  <testcase classname="ptolemy.util.test.junit.AutoTests" name="[49] /home/travis/build/icyphy/ptII/ptolemy/actor/lib/hoc/test/auto/RunCompositeActor.xml (RunModel)" time="0.025" />
  <testcase classname="ptolemy.util.test.junit.AutoTests" name="[50] /home/travis/build/icyphy/ptII/ptolemy/actor/lib/hoc/test/auto/RunCompositeActor2.xml (RunModel)" time="0.021" />
  <testcase classname="ptolemy.util.test.junit.AutoTests" name="[51] /home/travis/build/icyphy/ptII/ptolemy/actor/lib/hoc/test/auto/RunCompositeActor3.xml (RunModel)" time="0.016" />
  <testcase classname="ptolemy.util.test.junit.AutoTests" name="[52] /home/travis/build/icyphy/ptII/ptolemy/actor/lib/hoc/test/auto/RunCompositeActor4.xml (RunModel)" time="0.042" />
  <testcase classname="ptolemy.util.test.junit.AutoTests" name="[53] /home/travis/build/icyphy/ptII/ptolemy/actor/lib/hoc/test/auto/RunCompositeIterateOverArray.xml (RunModel)" time="0.025" />
  <testcase classname="ptolemy.util.test.junit.AutoTests" name="[54] /home/travis/build/icyphy/ptII/ptolemy/actor/lib/hoc/test/auto/ThreadedJS.xml (RunModel)" time="12.471" />
  <system-out><![CDATA[/home/travis/build/icyphy/ptII/ptolemy/actor/lib/hoc/test/IterateOverArray.tcl
testDefs.tcl: setting time out to 9000 seconds at Wed Jan 29 17:31:00 UTC 2020
01/29/20 05:31:00
Failed: 0  Total Tests: 2  ((Passed: 2, Newly Passed: 0)  Known Failed: 0) /home/travis/build/icyphy/ptII/ptolemy/actor/lib/hoc/test
----------------- testing (KnownFailure) /home/travis/build/icyphy/ptII/ptolemy/actor/lib/hoc/test/auto/knownFailedTests/PreinitializeMustBeInvokedRunComposite.xml
108 ms. Memory: 129024K Free: 86982K (67%)
Known Failure: java.lang.reflect.InvocationTargetException
No auto/linux-amd64/*.xml tests in /home/travis/build/icyphy/ptII/ptolemy/actor/lib/hoc/test
AutoTests.java: About to close Vertx.
AutoTests.java: Vertx closed.

===========================================================================================
----------------- testing Wed Jan 29 17:31:01 UTC 2020 /home/travis/build/icyphy/ptII/ptolemy/actor/lib/hoc/test/auto/AllToAllMultiInstanceComposite.xml
----------------- Instantiating /home/travis/build/icyphy/ptII/ptolemy/actor/lib/hoc/test/auto/AllToAllMultiInstanceComposite.xml
167 ms. Memory: 129024K Free: 109782K (85%)
----------------- Invoking toplevel() on ptolemy.moml.MoMLSimpleApplication@1e4e0feb
----------------- Done invoking toplevel() on ptolemy.moml.MoMLSimpleApplication@1e4e0feb
reloadAllAccessors: .AllToAllMultiInstanceComposite

===========================================================================================
----------------- testing Wed Jan 29 17:31:01 UTC 2020 /home/travis/build/icyphy/ptII/ptolemy/actor/lib/hoc/test/auto/ApplyFFTTest.xml
----------------- Instantiating /home/travis/build/icyphy/ptII/ptolemy/actor/lib/hoc/test/auto/ApplyFFTTest.xml
133 ms. Memory: 129024K Free: 91191K (71%)
----------------- Invoking toplevel() on ptolemy.moml.MoMLSimpleApplication@135aaf42
----------------- Done invoking toplevel() on ptolemy.moml.MoMLSimpleApplication@135aaf42
reloadAllAccessors: .ApplyFFTTest

===========================================================================================
----------------- testing Wed Jan 29 17:31:02 UTC 2020 /home/travis/build/icyphy/ptII/ptolemy/actor/lib/hoc/test/auto/ApplyFunction.xml
----------------- Instantiating /home/travis/build/icyphy/ptII/ptolemy/actor/lib/hoc/test/auto/ApplyFunction.xml
5 ms. Memory: 129024K Free: 88334K (68%)
----------------- Invoking toplevel() on ptolemy.moml.MoMLSimpleApplication@3c661842
----------------- Done invoking toplevel() on ptolemy.moml.MoMLSimpleApplication@3c661842
reloadAllAccessors: .ApplyFunction

===========================================================================================
----------------- testing Wed Jan 29 17:31:02 UTC 2020 /home/travis/build/icyphy/ptII/ptolemy/actor/lib/hoc/test/auto/BackgroundExecution.xml
----------------- Instantiating /home/travis/build/icyphy/ptII/ptolemy/actor/lib/hoc/test/auto/BackgroundExecution.xml
621 ms. Memory: 129024K Free: 110990K (86%)
----------------- Invoking toplevel() on ptolemy.moml.MoMLSimpleApplication@7abfa661
----------------- Done invoking toplevel() on ptolemy.moml.MoMLSimpleApplication@7abfa661
reloadAllAccessors: .BackgroundExecution

===========================================================================================
----------------- testing Wed Jan 29 17:31:02 UTC 2020 /home/travis/build/icyphy/ptII/ptolemy/actor/lib/hoc/test/auto/Case.xml
----------------- Instantiating /home/travis/build/icyphy/ptII/ptolemy/actor/lib/hoc/test/auto/Case.xml
20 ms. Memory: 129024K Free: 103624K (80%)
----------------- Invoking toplevel() on ptolemy.moml.MoMLSimpleApplication@646b264e
----------------- Done invoking toplevel() on ptolemy.moml.MoMLSimpleApplication@646b264e
reloadAllAccessors: .Case

===========================================================================================
----------------- testing Wed Jan 29 17:31:02 UTC 2020 /home/travis/build/icyphy/ptII/ptolemy/actor/lib/hoc/test/auto/Case1.xml
----------------- Instantiating /home/travis/build/icyphy/ptII/ptolemy/actor/lib/hoc/test/auto/Case1.xml
16 ms. Memory: 129024K Free: 97237K (75%)
----------------- Invoking toplevel() on ptolemy.moml.MoMLSimpleApplication@bda3854
----------------- Done invoking toplevel() on ptolemy.moml.MoMLSimpleApplication@bda3854
reloadAllAccessors: .Case1

===========================================================================================
----------------- testing Wed Jan 29 17:31:03 UTC 2020 /home/travis/build/icyphy/ptII/ptolemy/actor/lib/hoc/test/auto/Case2.xml
----------------- Instantiating /home/travis/build/icyphy/ptII/ptolemy/actor/lib/hoc/test/auto/Case2.xml
43 ms. Memory: 129024K Free: 87438K (68%)
----------------- Invoking toplevel() on ptolemy.moml.MoMLSimpleApplication@610ac000
----------------- Done invoking toplevel() on ptolemy.moml.MoMLSimpleApplication@610ac000
reloadAllAccessors: .Case2

===========================================================================================
----------------- testing Wed Jan 29 17:31:03 UTC 2020 /home/travis/build/icyphy/ptII/ptolemy/actor/lib/hoc/test/auto/Case3.xml
----------------- Instantiating /home/travis/build/icyphy/ptII/ptolemy/actor/lib/hoc/test/auto/Case3.xml
17 ms. Memory: 129024K Free: 81294K (63%)
----------------- Invoking toplevel() on ptolemy.moml.MoMLSimpleApplication@34575b4f
----------------- Done invoking toplevel() on ptolemy.moml.MoMLSimpleApplication@34575b4f
reloadAllAccessors: .Case3

===========================================================================================
----------------- testing Wed Jan 29 17:31:03 UTC 2020 /home/travis/build/icyphy/ptII/ptolemy/actor/lib/hoc/test/auto/Case4.xml
----------------- Instantiating /home/travis/build/icyphy/ptII/ptolemy/actor/lib/hoc/test/auto/Case4.xml
18 ms. Memory: 129024K Free: 111766K (87%)
----------------- Invoking toplevel() on ptolemy.moml.MoMLSimpleApplication@cdccafc
----------------- Done invoking toplevel() on ptolemy.moml.MoMLSimpleApplication@cdccafc
reloadAllAccessors: .Case4

===========================================================================================
----------------- testing Wed Jan 29 17:31:03 UTC 2020 /home/travis/build/icyphy/ptII/ptolemy/actor/lib/hoc/test/auto/Case5.xml
----------------- Instantiating /home/travis/build/icyphy/ptII/ptolemy/actor/lib/hoc/test/auto/Case5.xml
30 ms. Memory: 129024K Free: 105324K (82%)
----------------- Invoking toplevel() on ptolemy.moml.MoMLSimpleApplication@219cc465
----------------- Done invoking toplevel() on ptolemy.moml.MoMLSimpleApplication@219cc465
reloadAllAccessors: .junk

===========================================================================================
----------------- testing Wed Jan 29 17:31:03 UTC 2020 /home/travis/build/icyphy/ptII/ptolemy/actor/lib/hoc/test/auto/Case6.xml
----------------- Instantiating /home/travis/build/icyphy/ptII/ptolemy/actor/lib/hoc/test/auto/Case6.xml
25 ms. Memory: 129024K Free: 93739K (73%)
----------------- Invoking toplevel() on ptolemy.moml.MoMLSimpleApplication@48ae4827
----------------- Done invoking toplevel() on ptolemy.moml.MoMLSimpleApplication@48ae4827
reloadAllAccessors: .Case6

===========================================================================================
----------------- testing Wed Jan 29 17:31:03 UTC 2020 /home/travis/build/icyphy/ptII/ptolemy/actor/lib/hoc/test/auto/CaseString2.xml
----------------- Instantiating /home/travis/build/icyphy/ptII/ptolemy/actor/lib/hoc/test/auto/CaseString2.xml
10 ms. Memory: 129024K Free: 86516K (67%)
----------------- Invoking toplevel() on ptolemy.moml.MoMLSimpleApplication@1fc2cc50
----------------- Done invoking toplevel() on ptolemy.moml.MoMLSimpleApplication@1fc2cc50
reloadAllAccessors: .CaseString2

===========================================================================================
----------------- testing Wed Jan 29 17:31:03 UTC 2020 /home/travis/build/icyphy/ptII/ptolemy/actor/lib/hoc/test/auto/CatchUpComposite1.xml
----------------- Instantiating /home/travis/build/icyphy/ptII/ptolemy/actor/lib/hoc/test/auto/CatchUpComposite1.xml
19 ms. Memory: 129024K Free: 77676K (60%)
----------------- Invoking toplevel() on ptolemy.moml.MoMLSimpleApplication@59d0e6ea
----------------- Done invoking toplevel() on ptolemy.moml.MoMLSimpleApplication@59d0e6ea
reloadAllAccessors: .CatchUpComposite1

===========================================================================================
----------------- testing Wed Jan 29 17:31:03 UTC 2020 /home/travis/build/icyphy/ptII/ptolemy/actor/lib/hoc/test/auto/CatchUpComposite2.xml
----------------- Instantiating /home/travis/build/icyphy/ptII/ptolemy/actor/lib/hoc/test/auto/CatchUpComposite2.xml
12 ms. Memory: 129024K Free: 69467K (54%)
----------------- Invoking toplevel() on ptolemy.moml.MoMLSimpleApplication@5f527228
----------------- Done invoking toplevel() on ptolemy.moml.MoMLSimpleApplication@5f527228
reloadAllAccessors: .CatchUpComposite2

===========================================================================================
----------------- testing Wed Jan 29 17:31:03 UTC 2020 /home/travis/build/icyphy/ptII/ptolemy/actor/lib/hoc/test/auto/CatchUpComposite3.xml
----------------- Instantiating /home/travis/build/icyphy/ptII/ptolemy/actor/lib/hoc/test/auto/CatchUpComposite3.xml
26 ms. Memory: 129024K Free: 108895K (84%)
----------------- Invoking toplevel() on ptolemy.moml.MoMLSimpleApplication@303f168a
----------------- Done invoking toplevel() on ptolemy.moml.MoMLSimpleApplication@303f168a
reloadAllAccessors: .CatchUpComposite3

===========================================================================================
----------------- testing Wed Jan 29 17:31:03 UTC 2020 /home/travis/build/icyphy/ptII/ptolemy/actor/lib/hoc/test/auto/CatchUpComposite4.xml
----------------- Instantiating /home/travis/build/icyphy/ptII/ptolemy/actor/lib/hoc/test/auto/CatchUpComposite4.xml
26 ms. Memory: 129024K Free: 101321K (79%)
----------------- Invoking toplevel() on ptolemy.moml.MoMLSimpleApplication@3b5e2bcb
----------------- Done invoking toplevel() on ptolemy.moml.MoMLSimpleApplication@3b5e2bcb
reloadAllAccessors: .CatchUpComposite4

===========================================================================================
----------------- testing Wed Jan 29 17:31:03 UTC 2020 /home/travis/build/icyphy/ptII/ptolemy/actor/lib/hoc/test/auto/CatchUpComposite5.xml
----------------- Instantiating /home/travis/build/icyphy/ptII/ptolemy/actor/lib/hoc/test/auto/CatchUpComposite5.xml
12 ms. Memory: 129024K Free: 93535K (72%)
----------------- Invoking toplevel() on ptolemy.moml.MoMLSimpleApplication@c78a230
----------------- Done invoking toplevel() on ptolemy.moml.MoMLSimpleApplication@c78a230
reloadAllAccessors: .CatchUpComposite5

===========================================================================================
----------------- testing Wed Jan 29 17:31:03 UTC 2020 /home/travis/build/icyphy/ptII/ptolemy/actor/lib/hoc/test/auto/CatchUpComposite6.xml
----------------- Instantiating /home/travis/build/icyphy/ptII/ptolemy/actor/lib/hoc/test/auto/CatchUpComposite6.xml
WARNING: The execution aspects in this model can influence the timing of actors by delaying the 
execution, potentially changing the behavior. There is no guarantee that actors fire at the 
time they request to be fired. 
Use Ptides for deterministic DE behavior that is not influenced by execution aspects. 

86 ms. Memory: 129024K Free: 78815K (61%)
----------------- Invoking toplevel() on ptolemy.moml.MoMLSimpleApplication@7b00f1ce
----------------- Done invoking toplevel() on ptolemy.moml.MoMLSimpleApplication@7b00f1ce
reloadAllAccessors: .CatchUpComposite6

===========================================================================================
----------------- testing Wed Jan 29 17:31:03 UTC 2020 /home/travis/build/icyphy/ptII/ptolemy/actor/lib/hoc/test/auto/CatchUpComposite7.xml
----------------- Instantiating /home/travis/build/icyphy/ptII/ptolemy/actor/lib/hoc/test/auto/CatchUpComposite7.xml
WARNING: The execution aspects in this model can influence the timing of actors by delaying the 
execution, potentially changing the behavior. There is no guarantee that actors fire at the 
time they request to be fired. 
Use Ptides for deterministic DE behavior that is not influenced by execution aspects. 

44 ms. Memory: 129024K Free: 65121K (50%)
----------------- Invoking toplevel() on ptolemy.moml.MoMLSimpleApplication@774609a6
----------------- Done invoking toplevel() on ptolemy.moml.MoMLSimpleApplication@774609a6
reloadAllAccessors: .CatchUpComposite7

===========================================================================================
----------------- testing Wed Jan 29 17:31:04 UTC 2020 /home/travis/build/icyphy/ptII/ptolemy/actor/lib/hoc/test/auto/ConcurrentExecutionTimeSDF.xml
----------------- Instantiating /home/travis/build/icyphy/ptII/ptolemy/actor/lib/hoc/test/auto/ConcurrentExecutionTimeSDF.xml
Fired ExecutionTime: 40400000
Fired ExecutionTime: 40400000
Fired ExecutionTime: 40400000
Fired ExecutionTime: 40400000
Fired ExecutionTime: 40400000
Fired ExecutionTime: 40400000
Fired ExecutionTime: 40400000
Fired ExecutionTime: 40400000
Fired ExecutionTime: 40400000
Fired ExecutionTime: 40400000
Fired ExecutionTime: 40400000
Fired ExecutionTime: 40400000
Fired ExecutionTime: 40400000
Fired ExecutionTime: 40400000
Fired ExecutionTime: 40400000
Fired ExecutionTime: 40400000
Fired ExecutionTime: 40400000
Fired ExecutionTime: 40400000
Fired ExecutionTime: 40400000
Fired ExecutionTime: 40400000
633 ms. Memory: 129024K Free: 58335K (45%)
----------------- Invoking toplevel() on ptolemy.moml.MoMLSimpleApplication@5ef940e5
----------------- Done invoking toplevel() on ptolemy.moml.MoMLSimpleApplication@5ef940e5
reloadAllAccessors: .ConcurrentExecutionTimeSDF

===========================================================================================
----------------- testing Wed Jan 29 17:31:04 UTC 2020 /home/travis/build/icyphy/ptII/ptolemy/actor/lib/hoc/test/auto/ConcurrentSleep.xml
----------------- Instantiating /home/travis/build/icyphy/ptII/ptolemy/actor/lib/hoc/test/auto/ConcurrentSleep.xml
725 ms. Memory: 156672K Free: 132743K (85%)
----------------- Invoking toplevel() on ptolemy.moml.MoMLSimpleApplication@3a433359
----------------- Done invoking toplevel() on ptolemy.moml.MoMLSimpleApplication@3a433359
reloadAllAccessors: .ConcurrentSleep

===========================================================================================
----------------- testing Wed Jan 29 17:31:05 UTC 2020 /home/travis/build/icyphy/ptII/ptolemy/actor/lib/hoc/test/auto/DEInPNInRunCompositeActor.xml
----------------- Instantiating /home/travis/build/icyphy/ptII/ptolemy/actor/lib/hoc/test/auto/DEInPNInRunCompositeActor.xml
14 ms. Memory: 156672K Free: 127117K (81%)
----------------- Invoking toplevel() on ptolemy.moml.MoMLSimpleApplication@148da872
----------------- Done invoking toplevel() on ptolemy.moml.MoMLSimpleApplication@148da872
reloadAllAccessors: .DEInPNInRunCompositeActor

===========================================================================================
----------------- testing Wed Jan 29 17:31:05 UTC 2020 /home/travis/build/icyphy/ptII/ptolemy/actor/lib/hoc/test/auto/DFTSubSetTest.xml
----------------- Instantiating /home/travis/build/icyphy/ptII/ptolemy/actor/lib/hoc/test/auto/DFTSubSetTest.xml
191 ms. Memory: 156672K Free: 84203K (54%)
----------------- Invoking toplevel() on ptolemy.moml.MoMLSimpleApplication@5dfd215a
----------------- Done invoking toplevel() on ptolemy.moml.MoMLSimpleApplication@5dfd215a
reloadAllAccessors: .DFTSubSetTest

===========================================================================================
----------------- testing Wed Jan 29 17:31:05 UTC 2020 /home/travis/build/icyphy/ptII/ptolemy/actor/lib/hoc/test/auto/HocDE.xml
----------------- Instantiating /home/travis/build/icyphy/ptII/ptolemy/actor/lib/hoc/test/auto/HocDE.xml
128 ms. Memory: 156672K Free: 128451K (82%)
----------------- Invoking toplevel() on ptolemy.moml.MoMLSimpleApplication@13777d90
----------------- Done invoking toplevel() on ptolemy.moml.MoMLSimpleApplication@13777d90
reloadAllAccessors: .HocDE

===========================================================================================
----------------- testing Wed Jan 29 17:31:06 UTC 2020 /home/travis/build/icyphy/ptII/ptolemy/actor/lib/hoc/test/auto/IterateOverArray.xml
----------------- Instantiating /home/travis/build/icyphy/ptII/ptolemy/actor/lib/hoc/test/auto/IterateOverArray.xml
5 ms. Memory: 156672K Free: 123469K (79%)
----------------- Invoking toplevel() on ptolemy.moml.MoMLSimpleApplication@343785f9
----------------- Done invoking toplevel() on ptolemy.moml.MoMLSimpleApplication@343785f9
reloadAllAccessors: .IterateOverArray

===========================================================================================
----------------- testing Wed Jan 29 17:31:06 UTC 2020 /home/travis/build/icyphy/ptII/ptolemy/actor/lib/hoc/test/auto/IterateOverArray10.xml
----------------- Instantiating /home/travis/build/icyphy/ptII/ptolemy/actor/lib/hoc/test/auto/IterateOverArray10.xml
4 ms. Memory: 156672K Free: 120397K (77%)
----------------- Invoking toplevel() on ptolemy.moml.MoMLSimpleApplication@94af0af
----------------- Done invoking toplevel() on ptolemy.moml.MoMLSimpleApplication@94af0af
reloadAllAccessors: .IterateOverArray10

===========================================================================================
----------------- testing Wed Jan 29 17:31:06 UTC 2020 /home/travis/build/icyphy/ptII/ptolemy/actor/lib/hoc/test/auto/IterateOverArray11.xml
----------------- Instantiating /home/travis/build/icyphy/ptII/ptolemy/actor/lib/hoc/test/auto/IterateOverArray11.xml
2 ms. Memory: 156672K Free: 116301K (74%)
----------------- Invoking toplevel() on ptolemy.moml.MoMLSimpleApplication@57042f09
----------------- Done invoking toplevel() on ptolemy.moml.MoMLSimpleApplication@57042f09
reloadAllAccessors: .IterateOverArray11

===========================================================================================
----------------- testing Wed Jan 29 17:31:06 UTC 2020 /home/travis/build/icyphy/ptII/ptolemy/actor/lib/hoc/test/auto/IterateOverArray12.xml
----------------- Instantiating /home/travis/build/icyphy/ptII/ptolemy/actor/lib/hoc/test/auto/IterateOverArray12.xml
13 ms. Memory: 156672K Free: 110157K (70%)
----------------- Invoking toplevel() on ptolemy.moml.MoMLSimpleApplication@6c3b85f7
----------------- Done invoking toplevel() on ptolemy.moml.MoMLSimpleApplication@6c3b85f7
reloadAllAccessors: .IterateOverArray12

===========================================================================================
----------------- testing Wed Jan 29 17:31:06 UTC 2020 /home/travis/build/icyphy/ptII/ptolemy/actor/lib/hoc/test/auto/IterateOverArray13.xml
----------------- Instantiating /home/travis/build/icyphy/ptII/ptolemy/actor/lib/hoc/test/auto/IterateOverArray13.xml
51 ms. Memory: 156672K Free: 80975K (52%)
----------------- Invoking toplevel() on ptolemy.moml.MoMLSimpleApplication@3f7fd19b
----------------- Done invoking toplevel() on ptolemy.moml.MoMLSimpleApplication@3f7fd19b
reloadAllAccessors: .IterateOverArray13

===========================================================================================
----------------- testing Wed Jan 29 17:31:06 UTC 2020 /home/travis/build/icyphy/ptII/ptolemy/actor/lib/hoc/test/auto/IterateOverArray14.xml
----------------- Instantiating /home/travis/build/icyphy/ptII/ptolemy/actor/lib/hoc/test/auto/IterateOverArray14.xml
64 ms. Memory: 156672K Free: 127887K (82%)
----------------- Invoking toplevel() on ptolemy.moml.MoMLSimpleApplication@373dab19
----------------- Done invoking toplevel() on ptolemy.moml.MoMLSimpleApplication@373dab19
reloadAllAccessors: .IterateOverArray14

===========================================================================================
----------------- testing Wed Jan 29 17:31:06 UTC 2020 /home/travis/build/icyphy/ptII/ptolemy/actor/lib/hoc/test/auto/IterateOverArray2.xml
----------------- Instantiating /home/travis/build/icyphy/ptII/ptolemy/actor/lib/hoc/test/auto/IterateOverArray2.xml
8 ms. Memory: 156672K Free: 123277K (79%)
----------------- Invoking toplevel() on ptolemy.moml.MoMLSimpleApplication@3fbf26df
----------------- Done invoking toplevel() on ptolemy.moml.MoMLSimpleApplication@3fbf26df
reloadAllAccessors: .IterateOverArray2

===========================================================================================
----------------- testing Wed Jan 29 17:31:06 UTC 2020 /home/travis/build/icyphy/ptII/ptolemy/actor/lib/hoc/test/auto/IterateOverArray3.xml
----------------- Instantiating /home/travis/build/icyphy/ptII/ptolemy/actor/lib/hoc/test/auto/IterateOverArray3.xml
17 ms. Memory: 156672K Free: 117647K (75%)
----------------- Invoking toplevel() on ptolemy.moml.MoMLSimpleApplication@5cc50a0d
----------------- Done invoking toplevel() on ptolemy.moml.MoMLSimpleApplication@5cc50a0d
reloadAllAccessors: .IterateOverArray3

===========================================================================================
----------------- testing Wed Jan 29 17:31:06 UTC 2020 /home/travis/build/icyphy/ptII/ptolemy/actor/lib/hoc/test/auto/IterateOverArray4.xml
----------------- Instantiating /home/travis/build/icyphy/ptII/ptolemy/actor/lib/hoc/test/auto/IterateOverArray4.xml
5 ms. Memory: 156672K Free: 113551K (72%)
----------------- Invoking toplevel() on ptolemy.moml.MoMLSimpleApplication@2edc2a27
----------------- Done invoking toplevel() on ptolemy.moml.MoMLSimpleApplication@2edc2a27
reloadAllAccessors: .IterateOverArray4

===========================================================================================
----------------- testing Wed Jan 29 17:31:06 UTC 2020 /home/travis/build/icyphy/ptII/ptolemy/actor/lib/hoc/test/auto/IterateOverArray5.xml
----------------- Instantiating /home/travis/build/icyphy/ptII/ptolemy/actor/lib/hoc/test/auto/IterateOverArray5.xml
11 ms. Memory: 156672K Free: 109455K (70%)
----------------- Invoking toplevel() on ptolemy.moml.MoMLSimpleApplication@18d154e5
----------------- Done invoking toplevel() on ptolemy.moml.MoMLSimpleApplication@18d154e5
reloadAllAccessors: .IterateOverArray5

===========================================================================================
----------------- testing Wed Jan 29 17:31:06 UTC 2020 /home/travis/build/icyphy/ptII/ptolemy/actor/lib/hoc/test/auto/IterateOverArray6.xml
----------------- Instantiating /home/travis/build/icyphy/ptII/ptolemy/actor/lib/hoc/test/auto/IterateOverArray6.xml
4 ms. Memory: 156672K Free: 105869K (68%)
----------------- Invoking toplevel() on ptolemy.moml.MoMLSimpleApplication@23fecd2
----------------- Done invoking toplevel() on ptolemy.moml.MoMLSimpleApplication@23fecd2
reloadAllAccessors: .IterateOverArray6

===========================================================================================
----------------- testing Wed Jan 29 17:31:06 UTC 2020 /home/travis/build/icyphy/ptII/ptolemy/actor/lib/hoc/test/auto/IterateOverArray7.xml
----------------- Instantiating /home/travis/build/icyphy/ptII/ptolemy/actor/lib/hoc/test/auto/IterateOverArray7.xml
2 ms. Memory: 156672K Free: 101263K (65%)
----------------- Invoking toplevel() on ptolemy.moml.MoMLSimpleApplication@74d04c32
----------------- Done invoking toplevel() on ptolemy.moml.MoMLSimpleApplication@74d04c32
reloadAllAccessors: .IterateOverArray7

===========================================================================================
----------------- testing Wed Jan 29 17:31:06 UTC 2020 /home/travis/build/icyphy/ptII/ptolemy/actor/lib/hoc/test/auto/IterateOverArray8.xml
----------------- Instantiating /home/travis/build/icyphy/ptII/ptolemy/actor/lib/hoc/test/auto/IterateOverArray8.xml
4 ms. Memory: 156672K Free: 97167K (62%)
----------------- Invoking toplevel() on ptolemy.moml.MoMLSimpleApplication@6226dc3e
----------------- Done invoking toplevel() on ptolemy.moml.MoMLSimpleApplication@6226dc3e
reloadAllAccessors: .IterateOverArray8

===========================================================================================
----------------- testing Wed Jan 29 17:31:06 UTC 2020 /home/travis/build/icyphy/ptII/ptolemy/actor/lib/hoc/test/auto/IterateOverArray9.xml
----------------- Instantiating /home/travis/build/icyphy/ptII/ptolemy/actor/lib/hoc/test/auto/IterateOverArray9.xml
6 ms. Memory: 156672K Free: 93071K (59%)
----------------- Invoking toplevel() on ptolemy.moml.MoMLSimpleApplication@58aa1d89
----------------- Done invoking toplevel() on ptolemy.moml.MoMLSimpleApplication@58aa1d89
reloadAllAccessors: .IterateOverArray9

===========================================================================================
----------------- testing Wed Jan 29 17:31:06 UTC 2020 /home/travis/build/icyphy/ptII/ptolemy/actor/lib/hoc/test/auto/IterateOverArrayCoercedOutputType.xml
----------------- Instantiating /home/travis/build/icyphy/ptII/ptolemy/actor/lib/hoc/test/auto/IterateOverArrayCoercedOutputType.xml
7 ms. Memory: 156672K Free: 87951K (56%)
----------------- Invoking toplevel() on ptolemy.moml.MoMLSimpleApplication@30cd414f
----------------- Done invoking toplevel() on ptolemy.moml.MoMLSimpleApplication@30cd414f
reloadAllAccessors: .IterateOverArrayCoercedOutputType

===========================================================================================
----------------- testing Wed Jan 29 17:31:06 UTC 2020 /home/travis/build/icyphy/ptII/ptolemy/actor/lib/hoc/test/auto/IterateOverArrayInferredOutputType.xml
----------------- Instantiating /home/travis/build/icyphy/ptII/ptolemy/actor/lib/hoc/test/auto/IterateOverArrayInferredOutputType.xml
7 ms. Memory: 156672K Free: 83341K (53%)
----------------- Invoking toplevel() on ptolemy.moml.MoMLSimpleApplication@1422c156
----------------- Done invoking toplevel() on ptolemy.moml.MoMLSimpleApplication@1422c156
reloadAllAccessors: .IterateOverArrayInferredOutputType

===========================================================================================
----------------- testing Wed Jan 29 17:31:06 UTC 2020 /home/travis/build/icyphy/ptII/ptolemy/actor/lib/hoc/test/auto/MobileFunctionTest.xml
----------------- Instantiating /home/travis/build/icyphy/ptII/ptolemy/actor/lib/hoc/test/auto/MobileFunctionTest.xml
4 ms. Memory: 156672K Free: 79231K (51%)
----------------- Invoking toplevel() on ptolemy.moml.MoMLSimpleApplication@429376ff
----------------- Done invoking toplevel() on ptolemy.moml.MoMLSimpleApplication@429376ff
reloadAllAccessors: .MobileFunctionTest

===========================================================================================
----------------- testing Wed Jan 29 17:31:06 UTC 2020 /home/travis/build/icyphy/ptII/ptolemy/actor/lib/hoc/test/auto/MobileModelTest.xml
----------------- Instantiating /home/travis/build/icyphy/ptII/ptolemy/actor/lib/hoc/test/auto/MobileModelTest.xml
147 ms. Memory: 156672K Free: 58255K (37%)
----------------- Invoking toplevel() on ptolemy.moml.MoMLSimpleApplication@1405daf1
----------------- Done invoking toplevel() on ptolemy.moml.MoMLSimpleApplication@1405daf1
reloadAllAccessors: .MobileModelTest

===========================================================================================
----------------- testing Wed Jan 29 17:31:06 UTC 2020 /home/travis/build/icyphy/ptII/ptolemy/actor/lib/hoc/test/auto/ModelReference.xml
----------------- Instantiating /home/travis/build/icyphy/ptII/ptolemy/actor/lib/hoc/test/auto/ModelReference.xml
3 ms. Memory: 156672K Free: 139065K (89%)
3 ms. Memory: 156672K Free: 138041K (88%)
2 ms. Memory: 156672K Free: 137017K (87%)
2 ms. Memory: 156672K Free: 136489K (87%)
2 ms. Memory: 156672K Free: 135479K (86%)
3 ms. Memory: 156672K Free: 134969K (86%)
1 ms. Memory: 156672K Free: 133945K (85%)
2 ms. Memory: 156672K Free: 133401K (85%)
3 ms. Memory: 156672K Free: 132393K (85%)
2 ms. Memory: 156672K Free: 131383K (84%)
34 ms. Memory: 156672K Free: 131383K (84%)
----------------- Invoking toplevel() on ptolemy.moml.MoMLSimpleApplication@6ab25d69
----------------- Done invoking toplevel() on ptolemy.moml.MoMLSimpleApplication@6ab25d69
reloadAllAccessors: .ModelReference

===========================================================================================
----------------- testing Wed Jan 29 17:31:06 UTC 2020 /home/travis/build/icyphy/ptII/ptolemy/actor/lib/hoc/test/auto/ModelReference3.xml
----------------- Instantiating /home/travis/build/icyphy/ptII/ptolemy/actor/lib/hoc/test/auto/ModelReference3.xml
2 ms. Memory: 156672K Free: 126249K (81%)
4 ms. Memory: 156672K Free: 125753K (80%)
1 ms. Memory: 156672K Free: 124729K (80%)
3 ms. Memory: 156672K Free: 124209K (79%)
1 ms. Memory: 156672K Free: 123161K (79%)
2 ms. Memory: 156672K Free: 122137K (78%)
3 ms. Memory: 156672K Free: 121657K (78%)
3 ms. Memory: 156672K Free: 120633K (77%)
2 ms. Memory: 156672K Free: 120089K (77%)
2 ms. Memory: 156672K Free: 119081K (76%)
28 ms. Memory: 156672K Free: 119081K (76%)
----------------- Invoking toplevel() on ptolemy.moml.MoMLSimpleApplication@a0a2e74
----------------- Done invoking toplevel() on ptolemy.moml.MoMLSimpleApplication@a0a2e74
reloadAllAccessors: .ModelReference3

===========================================================================================
----------------- testing Wed Jan 29 17:31:07 UTC 2020 /home/travis/build/icyphy/ptII/ptolemy/actor/lib/hoc/test/auto/ModelReference4.xml
----------------- Instantiating /home/travis/build/icyphy/ptII/ptolemy/actor/lib/hoc/test/auto/ModelReference4.xml
2 ms. Memory: 156672K Free: 114489K (73%)
4 ms. Memory: 156672K Free: 112945K (72%)
2 ms. Memory: 156672K Free: 111913K (71%)
5 ms. Memory: 156672K Free: 110903K (71%)
6 ms. Memory: 156672K Free: 109369K (70%)
5 ms. Memory: 156672K Free: 108345K (69%)
2 ms. Memory: 156672K Free: 106801K (68%)
5 ms. Memory: 156672K Free: 105769K (68%)
1 ms. Memory: 156672K Free: 104249K (67%)
1 ms. Memory: 156672K Free: 103225K (66%)
10016 ms. Memory: 156672K Free: 103225K (66%)
----------------- Invoking toplevel() on ptolemy.moml.MoMLSimpleApplication@17165658
----------------- Done invoking toplevel() on ptolemy.moml.MoMLSimpleApplication@17165658
reloadAllAccessors: .ModelReference4

===========================================================================================
----------------- testing Wed Jan 29 17:31:17 UTC 2020 /home/travis/build/icyphy/ptII/ptolemy/actor/lib/hoc/test/auto/MultiInstanceComposite.xml
----------------- Instantiating /home/travis/build/icyphy/ptII/ptolemy/actor/lib/hoc/test/auto/MultiInstanceComposite.xml
25 ms. Memory: 156672K Free: 84279K (54%)
----------------- Invoking toplevel() on ptolemy.moml.MoMLSimpleApplication@6effd708
----------------- Done invoking toplevel() on ptolemy.moml.MoMLSimpleApplication@6effd708
reloadAllAccessors: .MultiInstanceComposite

===========================================================================================
----------------- testing Wed Jan 29 17:31:17 UTC 2020 /home/travis/build/icyphy/ptII/ptolemy/actor/lib/hoc/test/auto/MultiInstanceComposite2.xml
----------------- Instantiating /home/travis/build/icyphy/ptII/ptolemy/actor/lib/hoc/test/auto/MultiInstanceComposite2.xml
14 ms. Memory: 156672K Free: 73015K (47%)
----------------- Invoking toplevel() on ptolemy.moml.MoMLSimpleApplication@26f92412
----------------- Done invoking toplevel() on ptolemy.moml.MoMLSimpleApplication@26f92412
reloadAllAccessors: .MultiInstanceComposite2

===========================================================================================
----------------- testing Wed Jan 29 17:31:17 UTC 2020 /home/travis/build/icyphy/ptII/ptolemy/actor/lib/hoc/test/auto/MulticoreExecution.xml
----------------- Instantiating /home/travis/build/icyphy/ptII/ptolemy/actor/lib/hoc/test/auto/MulticoreExecution.xml
Fired ExecutionTime: 2400000
Fired ExecutionTime: 4000000
Fired ExecutionTime: 4000000
Fired ExecutionTime: 2800000
Fired ExecutionTime: 42400000
Fired ExecutionTime: 91600000
Fired ExecutionTime: 110000000
Fired ExecutionTime: 109600000
Fired ExecutionTime: 112000000
Fired ExecutionTime: 110800000
Fired ExecutionTime: 107600000
Fired ExecutionTime: 108400000
Fired ExecutionTime: 106000000
Fired ExecutionTime: 113600000
Fired ExecutionTime: 108400000
Fired ExecutionTime: 109200000
Fired ExecutionTime: 108800000
Fired ExecutionTime: 109600000
Fired ExecutionTime: 108800000
Fired ExecutionTime: 87200000
1075 ms. Memory: 156672K Free: 63799K (41%)
----------------- Invoking toplevel() on ptolemy.moml.MoMLSimpleApplication@2d384c1
----------------- Done invoking toplevel() on ptolemy.moml.MoMLSimpleApplication@2d384c1
reloadAllAccessors: .MulticoreExecution

===========================================================================================
----------------- testing Wed Jan 29 17:31:18 UTC 2020 /home/travis/build/icyphy/ptII/ptolemy/actor/lib/hoc/test/auto/ParallelExecution.xml
----------------- Instantiating /home/travis/build/icyphy/ptII/ptolemy/actor/lib/hoc/test/auto/ParallelExecution.xml
914 ms. Memory: 156672K Free: 56121K (36%)
----------------- Invoking toplevel() on ptolemy.moml.MoMLSimpleApplication@1839174c
----------------- Done invoking toplevel() on ptolemy.moml.MoMLSimpleApplication@1839174c
reloadAllAccessors: .ParallelExecution

===========================================================================================
----------------- testing Wed Jan 29 17:31:19 UTC 2020 /home/travis/build/icyphy/ptII/ptolemy/actor/lib/hoc/test/auto/RunCompositeActor.xml
----------------- Instantiating /home/travis/build/icyphy/ptII/ptolemy/actor/lib/hoc/test/auto/RunCompositeActor.xml
11 ms. Memory: 156672K Free: 139011K (89%)
----------------- Invoking toplevel() on ptolemy.moml.MoMLSimpleApplication@2de3ca08
----------------- Done invoking toplevel() on ptolemy.moml.MoMLSimpleApplication@2de3ca08
reloadAllAccessors: .RunCompositeActor

===========================================================================================
----------------- testing Wed Jan 29 17:31:19 UTC 2020 /home/travis/build/icyphy/ptII/ptolemy/actor/lib/hoc/test/auto/RunCompositeActor2.xml
----------------- Instantiating /home/travis/build/icyphy/ptII/ptolemy/actor/lib/hoc/test/auto/RunCompositeActor2.xml
7 ms. Memory: 156672K Free: 132738K (85%)
----------------- Invoking toplevel() on ptolemy.moml.MoMLSimpleApplication@1becebfd
----------------- Done invoking toplevel() on ptolemy.moml.MoMLSimpleApplication@1becebfd
reloadAllAccessors: .RunCompositeActor2

===========================================================================================
----------------- testing Wed Jan 29 17:31:19 UTC 2020 /home/travis/build/icyphy/ptII/ptolemy/actor/lib/hoc/test/auto/RunCompositeActor3.xml
----------------- Instantiating /home/travis/build/icyphy/ptII/ptolemy/actor/lib/hoc/test/auto/RunCompositeActor3.xml
4 ms. Memory: 156672K Free: 127618K (81%)
----------------- Invoking toplevel() on ptolemy.moml.MoMLSimpleApplication@47d3e281
----------------- Done invoking toplevel() on ptolemy.moml.MoMLSimpleApplication@47d3e281
reloadAllAccessors: .RunCompositeActor3

===========================================================================================
----------------- testing Wed Jan 29 17:31:19 UTC 2020 /home/travis/build/icyphy/ptII/ptolemy/actor/lib/hoc/test/auto/RunCompositeActor4.xml
----------------- Instantiating /home/travis/build/icyphy/ptII/ptolemy/actor/lib/hoc/test/auto/RunCompositeActor4.xml
11 ms. Memory: 156672K Free: 119426K (76%)
----------------- Invoking toplevel() on ptolemy.moml.MoMLSimpleApplication@129dde7
----------------- Done invoking toplevel() on ptolemy.moml.MoMLSimpleApplication@129dde7
reloadAllAccessors: .RunCompositeActor4

===========================================================================================
----------------- testing Wed Jan 29 17:31:19 UTC 2020 /home/travis/build/icyphy/ptII/ptolemy/actor/lib/hoc/test/auto/RunCompositeIterateOverArray.xml
----------------- Instantiating /home/travis/build/icyphy/ptII/ptolemy/actor/lib/hoc/test/auto/RunCompositeIterateOverArray.xml
4 ms. Memory: 156672K Free: 113778K (73%)
----------------- Invoking toplevel() on ptolemy.moml.MoMLSimpleApplication@155441c
----------------- Done invoking toplevel() on ptolemy.moml.MoMLSimpleApplication@155441c
reloadAllAccessors: .RunCompositeIterateOverArray

===========================================================================================
----------------- testing Wed Jan 29 17:31:19 UTC 2020 /home/travis/build/icyphy/ptII/ptolemy/actor/lib/hoc/test/auto/ThreadedJS.xml
----------------- Instantiating /home/travis/build/icyphy/ptII/ptolemy/actor/lib/hoc/test/auto/ThreadedJS.xml
6092 ms. Memory: 226304K Free: 127762K (56%)
----------------- Invoking toplevel() on ptolemy.moml.MoMLSimpleApplication@1001ebc6
----------------- Done invoking toplevel() on ptolemy.moml.MoMLSimpleApplication@1001ebc6
reloadAllAccessors: .ThreadedJS
AutoTests.java: About to close Vertx.
AutoTests.java: Vertx closed.
]]></system-out>
  <system-err><![CDATA[java.lang.RuntimeException: Execution failed
	at ptolemy.moml.MoMLSimpleApplication$UnloadThread.run(MoMLSimpleApplication.java:402)
Caused by: ptolemy.kernel.util.IllegalActionException: initialize() was called after wrapup() was called but preinitialize() was not called after wrapup().
	at ptolemy.actor.lib.hoc.test.PreinitializeMustBeInvoked.initialize(PreinitializeMustBeInvoked.java:78)
	at ptolemy.actor.Director.initialize(Director.java:938)
	at ptolemy.actor.Director.initialize(Director.java:907)
	at ptolemy.actor.sched.StaticSchedulingDirector.initialize(StaticSchedulingDirector.java:159)
	at ptolemy.domains.sdf.kernel.SDFDirector.initialize(SDFDirector.java:544)
	at ptolemy.actor.CompositeActor.initialize(CompositeActor.java:935)
	at ptolemy.actor.lib.hoc.LifeCycleManager._executeInsideModel(LifeCycleManager.java:339)
	at ptolemy.actor.lib.hoc.RunCompositeActor.fire(RunCompositeActor.java:205)
	at ptolemy.actor.CompositeActor.iterate(CompositeActor.java:1146)
	at ptolemy.actor.sched.StaticSchedulingDirector.fire(StaticSchedulingDirector.java:216)
	at ptolemy.domains.sdf.kernel.SDFDirector.fire(SDFDirector.java:500)
	at ptolemy.actor.CompositeActor.fire(CompositeActor.java:455)
	at ptolemy.actor.Manager.iterate(Manager.java:851)
	at ptolemy.actor.Manager.execute(Manager.java:369)
	at ptolemy.actor.Manager.run(Manager.java:1263)
	at ptolemy.actor.Manager$PtolemyRunThread.run(Manager.java:1933)
java.lang.reflect.InvocationTargetException
	at java.base/jdk.internal.reflect.NativeConstructorAccessorImpl.newInstance0(Native Method)
	at java.base/jdk.internal.reflect.NativeConstructorAccessorImpl.newInstance(NativeConstructorAccessorImpl.java:62)
	at java.base/jdk.internal.reflect.DelegatingConstructorAccessorImpl.newInstance(DelegatingConstructorAccessorImpl.java:45)
	at java.base/java.lang.reflect.Constructor.newInstance(Constructor.java:490)
	at ptolemy.util.test.junit.AutoKnownFailedTests.RunModel(AutoKnownFailedTests.java:105)
	at java.base/jdk.internal.reflect.NativeMethodAccessorImpl.invoke0(Native Method)
	at java.base/jdk.internal.reflect.NativeMethodAccessorImpl.invoke(NativeMethodAccessorImpl.java:62)
	at java.base/jdk.internal.reflect.DelegatingMethodAccessorImpl.invoke(DelegatingMethodAccessorImpl.java:43)
	at java.base/java.lang.reflect.Method.invoke(Method.java:566)
	at org.junit.runners.model.FrameworkMethod$1.runReflectiveCall(FrameworkMethod.java:44)
	at org.junit.internal.runners.model.ReflectiveCallable.run(ReflectiveCallable.java:15)
	at org.junit.runners.model.FrameworkMethod.invokeExplosively(FrameworkMethod.java:41)
	at junitparams.internal.InvokeParameterisedMethod.evaluate(InvokeParameterisedMethod.java:102)
	at org.junit.internal.runners.statements.FailOnTimeout$1.run(FailOnTimeout.java:28)
Caused by: ptolemy.kernel.util.IllegalActionException: initialize() was called after wrapup() was called but preinitialize() was not called after wrapup().
	at ptolemy.actor.lib.hoc.test.PreinitializeMustBeInvoked.initialize(PreinitializeMustBeInvoked.java:78)
	at ptolemy.actor.Director.initialize(Director.java:938)
	at ptolemy.actor.Director.initialize(Director.java:907)
	at ptolemy.actor.sched.StaticSchedulingDirector.initialize(StaticSchedulingDirector.java:159)
	at ptolemy.domains.sdf.kernel.SDFDirector.initialize(SDFDirector.java:544)
	at ptolemy.actor.CompositeActor.initialize(CompositeActor.java:935)
	at ptolemy.actor.lib.hoc.LifeCycleManager._executeInsideModel(LifeCycleManager.java:339)
	at ptolemy.actor.lib.hoc.RunCompositeActor.fire(RunCompositeActor.java:205)
	at ptolemy.actor.CompositeActor.iterate(CompositeActor.java:1146)
	at ptolemy.actor.sched.StaticSchedulingDirector.fire(StaticSchedulingDirector.java:216)
	at ptolemy.domains.sdf.kernel.SDFDirector.fire(SDFDirector.java:500)
	at ptolemy.actor.CompositeActor.fire(CompositeActor.java:455)
	at ptolemy.actor.Manager.iterate(Manager.java:851)
	at ptolemy.actor.Manager.execute(Manager.java:369)
	at ptolemy.actor.Manager.run(Manager.java:1263)
	at ptolemy.actor.Manager$PtolemyRunThread.run(Manager.java:1933)
Warning: Nashorn engine is planned to be removed from a future JDK release
Warning: Nashorn engine is planned to be removed from a future JDK release
Warning: Nashorn engine is planned to be removed from a future JDK release
Warning: Nashorn engine is planned to be removed from a future JDK release
Warning: Nashorn engine is planned to be removed from a future JDK release
Warning: Nashorn engine is planned to be removed from a future JDK release
Warning: Nashorn engine is planned to be removed from a future JDK release
Warning: Nashorn engine is planned to be removed from a future JDK release
]]></system-err>
</testsuite>
