<?xml version="1.0" encoding="UTF-8" ?>
<testsuite errors="0" failures="0" hostname="travis-job-906b566f-49d9-4e27-a2f3-bb2d6eab6bc0" name="ptolemy.domains.modal.test.junit.JUnitTclTest" skipped="0" tests="148" time="11.968" timestamp="2018-06-18T21:43:50">
  <properties>
[...]
</properties>
  <testcase classname="ptolemy.util.test.junit.TclTests" name="[0] /home/travis/build/icyphy/ptII/ptolemy/domains/modal/test/SystemLevelType.tcl (RunTclFile)" time="2.163" />
  <testcase classname="ptolemy.util.test.junit.AutoKnownFailedTests" name="[0] /home/travis/build/icyphy/ptII/ptolemy/domains/modal/test/auto/knownFailedTests/CannotAnalysisWithPreemption.xml (RunModel)" time="0.179" />
  <testcase classname="ptolemy.util.test.junit.AutoNameArchTests" name="[0] ThereAreNoAutoArchTests (RunModel)" time="0.008" />
  <testcase classname="ptolemy.util.test.junit.AutoTests" name="[0] /home/travis/build/icyphy/ptII/ptolemy/domains/modal/test/auto/ABPTest.xml (RunModel)" time="0.915" />
  <testcase classname="ptolemy.util.test.junit.AutoTests" name="[1] /home/travis/build/icyphy/ptII/ptolemy/domains/modal/test/auto/ABROFlat.xml (RunModel)" time="0.112" />
  <testcase classname="ptolemy.util.test.junit.AutoTests" name="[2] /home/travis/build/icyphy/ptII/ptolemy/domains/modal/test/auto/ABROFlat2.xml (RunModel)" time="0.074" />
  <testcase classname="ptolemy.util.test.junit.AutoTests" name="[3] /home/travis/build/icyphy/ptII/ptolemy/domains/modal/test/auto/ABRO_present_hmm.xml (RunModel)" time="0.181" />
  <testcase classname="ptolemy.util.test.junit.AutoTests" name="[4] /home/travis/build/icyphy/ptII/ptolemy/domains/modal/test/auto/AMICoderExample.xml (RunModel)" time="0.064" />
  <testcase classname="ptolemy.util.test.junit.AutoTests" name="[5] /home/travis/build/icyphy/ptII/ptolemy/domains/modal/test/auto/AbsentToPresent.xml (RunModel)" time="0.023" />
  <testcase classname="ptolemy.util.test.junit.AutoTests" name="[6] /home/travis/build/icyphy/ptII/ptolemy/domains/modal/test/auto/Blending.xml (RunModel)" time="0.297" />
  <testcase classname="ptolemy.util.test.junit.AutoTests" name="[7] /home/travis/build/icyphy/ptII/ptolemy/domains/modal/test/auto/Broadcast.xml (RunModel)" time="0.064" />
  <testcase classname="ptolemy.util.test.junit.AutoTests" name="[8] /home/travis/build/icyphy/ptII/ptolemy/domains/modal/test/auto/BroadcastHierarchy.xml (RunModel)" time="0.097" />
  <testcase classname="ptolemy.util.test.junit.AutoTests" name="[9] /home/travis/build/icyphy/ptII/ptolemy/domains/modal/test/auto/BroadcastHierarchy2.xml (RunModel)" time="0.158" />
  <testcase classname="ptolemy.util.test.junit.AutoTests" name="[10] /home/travis/build/icyphy/ptII/ptolemy/domains/modal/test/auto/BroadcastHierarchy3.xml (RunModel)" time="0.143" />
  <testcase classname="ptolemy.util.test.junit.AutoTests" name="[11] /home/travis/build/icyphy/ptII/ptolemy/domains/modal/test/auto/BroadcastHierarchy4.xml (RunModel)" time="0.11" />
  <testcase classname="ptolemy.util.test.junit.AutoTests" name="[12] /home/travis/build/icyphy/ptII/ptolemy/domains/modal/test/auto/CannotAnalysisWithPreemption2.xml (RunModel)" time="0.039" />
  <testcase classname="ptolemy.util.test.junit.AutoTests" name="[13] /home/travis/build/icyphy/ptII/ptolemy/domains/modal/test/auto/CannotAnalysisWithPreemption3.xml (RunModel)" time="0.045" />
  <testcase classname="ptolemy.util.test.junit.AutoTests" name="[14] /home/travis/build/icyphy/ptII/ptolemy/domains/modal/test/auto/CannotProduce.xml (RunModel)" time="0.039" />
  <testcase classname="ptolemy.util.test.junit.AutoTests" name="[15] /home/travis/build/icyphy/ptII/ptolemy/domains/modal/test/auto/CannotProduceModal.xml (RunModel)" time="0.039" />
  <testcase classname="ptolemy.util.test.junit.AutoTests" name="[16] /home/travis/build/icyphy/ptII/ptolemy/domains/modal/test/auto/Case.xml (RunModel)" time="0.084" />
  <testcase classname="ptolemy.util.test.junit.AutoTests" name="[17] /home/travis/build/icyphy/ptII/ptolemy/domains/modal/test/auto/Case1.xml (RunModel)" time="0.031" />
  <testcase classname="ptolemy.util.test.junit.AutoTests" name="[18] /home/travis/build/icyphy/ptII/ptolemy/domains/modal/test/auto/Case2.xml (RunModel)" time="0.08" />
  <testcase classname="ptolemy.util.test.junit.AutoTests" name="[19] /home/travis/build/icyphy/ptII/ptolemy/domains/modal/test/auto/CausalityInterface1.xml (RunModel)" time="0.041" />
  <testcase classname="ptolemy.util.test.junit.AutoTests" name="[20] /home/travis/build/icyphy/ptII/ptolemy/domains/modal/test/auto/CausalityInterface10.xml (RunModel)" time="0.058" />
  <testcase classname="ptolemy.util.test.junit.AutoTests" name="[21] /home/travis/build/icyphy/ptII/ptolemy/domains/modal/test/auto/CausalityInterface11.xml (RunModel)" time="0.068" />
  <testcase classname="ptolemy.util.test.junit.AutoTests" name="[22] /home/travis/build/icyphy/ptII/ptolemy/domains/modal/test/auto/CausalityInterface12.xml (RunModel)" time="0.048" />
  <testcase classname="ptolemy.util.test.junit.AutoTests" name="[23] /home/travis/build/icyphy/ptII/ptolemy/domains/modal/test/auto/CausalityInterface13.xml (RunModel)" time="0.058" />
  <testcase classname="ptolemy.util.test.junit.AutoTests" name="[24] /home/travis/build/icyphy/ptII/ptolemy/domains/modal/test/auto/CausalityInterface14.xml (RunModel)" time="0.062" />
  <testcase classname="ptolemy.util.test.junit.AutoTests" name="[25] /home/travis/build/icyphy/ptII/ptolemy/domains/modal/test/auto/CausalityInterface2.xml (RunModel)" time="0.03" />
  <testcase classname="ptolemy.util.test.junit.AutoTests" name="[26] /home/travis/build/icyphy/ptII/ptolemy/domains/modal/test/auto/CausalityInterface3.xml (RunModel)" time="0.037" />
  <testcase classname="ptolemy.util.test.junit.AutoTests" name="[27] /home/travis/build/icyphy/ptII/ptolemy/domains/modal/test/auto/CausalityInterface4.xml (RunModel)" time="0.053" />
  <testcase classname="ptolemy.util.test.junit.AutoTests" name="[28] /home/travis/build/icyphy/ptII/ptolemy/domains/modal/test/auto/CausalityInterface5.xml (RunModel)" time="0.049" />
  <testcase classname="ptolemy.util.test.junit.AutoTests" name="[29] /home/travis/build/icyphy/ptII/ptolemy/domains/modal/test/auto/CausalityInterface6.xml (RunModel)" time="0.038" />
  <testcase classname="ptolemy.util.test.junit.AutoTests" name="[30] /home/travis/build/icyphy/ptII/ptolemy/domains/modal/test/auto/CausalityInterface7.xml (RunModel)" time="0.03" />
  <testcase classname="ptolemy.util.test.junit.AutoTests" name="[31] /home/travis/build/icyphy/ptII/ptolemy/domains/modal/test/auto/CausalityInterface8.xml (RunModel)" time="0.045" />
  <testcase classname="ptolemy.util.test.junit.AutoTests" name="[32] /home/travis/build/icyphy/ptII/ptolemy/domains/modal/test/auto/CausalityInterface9.xml (RunModel)" time="0.034" />
  <testcase classname="ptolemy.util.test.junit.AutoTests" name="[33] /home/travis/build/icyphy/ptII/ptolemy/domains/modal/test/auto/ChainedTransitions.xml (RunModel)" time="0.183" />
  <testcase classname="ptolemy.util.test.junit.AutoTests" name="[34] /home/travis/build/icyphy/ptII/ptolemy/domains/modal/test/auto/CycleOfImmediateTransitionsFSM.xml (RunModel)" time="0.025" />
  <testcase classname="ptolemy.util.test.junit.AutoTests" name="[35] /home/travis/build/icyphy/ptII/ptolemy/domains/modal/test/auto/CycleOfImmediateTransitionsModal.xml (RunModel)" time="0.029" />
  <testcase classname="ptolemy.util.test.junit.AutoTests" name="[36] /home/travis/build/icyphy/ptII/ptolemy/domains/modal/test/auto/CycleOfImmediateTransitionsModal2.xml (RunModel)" time="0.029" />
  <testcase classname="ptolemy.util.test.junit.AutoTests" name="[37] /home/travis/build/icyphy/ptII/ptolemy/domains/modal/test/auto/CycleOfImmediateTransitionsModal3.xml (RunModel)" time="0.086" />
  <testcase classname="ptolemy.util.test.junit.AutoTests" name="[38] /home/travis/build/icyphy/ptII/ptolemy/domains/modal/test/auto/DeepModal1.xml (RunModel)" time="0.059" />
  <testcase classname="ptolemy.util.test.junit.AutoTests" name="[39] /home/travis/build/icyphy/ptII/ptolemy/domains/modal/test/auto/DeepModal2.xml (RunModel)" time="0.067" />
  <testcase classname="ptolemy.util.test.junit.AutoTests" name="[40] /home/travis/build/icyphy/ptII/ptolemy/domains/modal/test/auto/DeepModal3.xml (RunModel)" time="0.067" />
  <testcase classname="ptolemy.util.test.junit.AutoTests" name="[41] /home/travis/build/icyphy/ptII/ptolemy/domains/modal/test/auto/DeepModal4.xml (RunModel)" time="0.061" />
  <testcase classname="ptolemy.util.test.junit.AutoTests" name="[42] /home/travis/build/icyphy/ptII/ptolemy/domains/modal/test/auto/Default1.xml (RunModel)" time="0.029" />
  <testcase classname="ptolemy.util.test.junit.AutoTests" name="[43] /home/travis/build/icyphy/ptII/ptolemy/domains/modal/test/auto/Default2.xml (RunModel)" time="0.02" />
  <testcase classname="ptolemy.util.test.junit.AutoTests" name="[44] /home/travis/build/icyphy/ptII/ptolemy/domains/modal/test/auto/Default3.xml (RunModel)" time="0.023" />
  <testcase classname="ptolemy.util.test.junit.AutoTests" name="[45] /home/travis/build/icyphy/ptII/ptolemy/domains/modal/test/auto/Default4.xml (RunModel)" time="0.02" />
  <testcase classname="ptolemy.util.test.junit.AutoTests" name="[46] /home/travis/build/icyphy/ptII/ptolemy/domains/modal/test/auto/Default5.xml (RunModel)" time="0.037" />
  <testcase classname="ptolemy.util.test.junit.AutoTests" name="[47] /home/travis/build/icyphy/ptII/ptolemy/domains/modal/test/auto/EmptyGuard.xml (RunModel)" time="0.034" />
  <testcase classname="ptolemy.util.test.junit.AutoTests" name="[48] /home/travis/build/icyphy/ptII/ptolemy/domains/modal/test/auto/ErrorTransition1.xml (RunModel)" time="0.041" />
  <testcase classname="ptolemy.util.test.junit.AutoTests" name="[49] /home/travis/build/icyphy/ptII/ptolemy/domains/modal/test/auto/ErrorTransition10.xml (RunModel)" time="0.052" />
  <testcase classname="ptolemy.util.test.junit.AutoTests" name="[50] /home/travis/build/icyphy/ptII/ptolemy/domains/modal/test/auto/ErrorTransition11.xml (RunModel)" time="0.05" />
  <testcase classname="ptolemy.util.test.junit.AutoTests" name="[51] /home/travis/build/icyphy/ptII/ptolemy/domains/modal/test/auto/ErrorTransition2.xml (RunModel)" time="0.047" />
  <testcase classname="ptolemy.util.test.junit.AutoTests" name="[52] /home/travis/build/icyphy/ptII/ptolemy/domains/modal/test/auto/ErrorTransition3.xml (RunModel)" time="0.048" />
  <testcase classname="ptolemy.util.test.junit.AutoTests" name="[53] /home/travis/build/icyphy/ptII/ptolemy/domains/modal/test/auto/ErrorTransition4.xml (RunModel)" time="0.035" />
  <testcase classname="ptolemy.util.test.junit.AutoTests" name="[54] /home/travis/build/icyphy/ptII/ptolemy/domains/modal/test/auto/ErrorTransition5.xml (RunModel)" time="0.043" />
  <testcase classname="ptolemy.util.test.junit.AutoTests" name="[55] /home/travis/build/icyphy/ptII/ptolemy/domains/modal/test/auto/ErrorTransition6.xml (RunModel)" time="0.042" />
  <testcase classname="ptolemy.util.test.junit.AutoTests" name="[56] /home/travis/build/icyphy/ptII/ptolemy/domains/modal/test/auto/ErrorTransition7.xml (RunModel)" time="0.053" />
  <testcase classname="ptolemy.util.test.junit.AutoTests" name="[57] /home/travis/build/icyphy/ptII/ptolemy/domains/modal/test/auto/ErrorTransition8.xml (RunModel)" time="0.072" />
  <testcase classname="ptolemy.util.test.junit.AutoTests" name="[58] /home/travis/build/icyphy/ptII/ptolemy/domains/modal/test/auto/ErrorTransition9.xml (RunModel)" time="0.055" />
  <testcase classname="ptolemy.util.test.junit.AutoTests" name="[59] /home/travis/build/icyphy/ptII/ptolemy/domains/modal/test/auto/ExtendedFSM.xml (RunModel)" time="0.029" />
  <testcase classname="ptolemy.util.test.junit.AutoTests" name="[60] /home/travis/build/icyphy/ptII/ptolemy/domains/modal/test/auto/FinalStates.xml (RunModel)" time="0.026" />
  <testcase classname="ptolemy.util.test.junit.AutoTests" name="[61] /home/travis/build/icyphy/ptII/ptolemy/domains/modal/test/auto/FixedPointFSM.xml (RunModel)" time="0.048" />
  <testcase classname="ptolemy.util.test.junit.AutoTests" name="[62] /home/travis/build/icyphy/ptII/ptolemy/domains/modal/test/auto/FixedPointIterationFSMActor.xml (RunModel)" time="0.034" />
  <testcase classname="ptolemy.util.test.junit.AutoTests" name="[63] /home/travis/build/icyphy/ptII/ptolemy/domains/modal/test/auto/FixedPointIterationFSMActor2.xml (RunModel)" time="0.035" />
  <testcase classname="ptolemy.util.test.junit.AutoTests" name="[64] /home/travis/build/icyphy/ptII/ptolemy/domains/modal/test/auto/ForbiddenInstantanousLoop.xml (RunModel)" time="0.033" />
  <testcase classname="ptolemy.util.test.junit.AutoTests" name="[65] /home/travis/build/icyphy/ptII/ptolemy/domains/modal/test/auto/FunctionDependencyOfFSMActorTest.xml (RunModel)" time="0.025" />
  <testcase classname="ptolemy.util.test.junit.AutoTests" name="[66] /home/travis/build/icyphy/ptII/ptolemy/domains/modal/test/auto/GuardExpression.xml (RunModel)" time="0.021" />
  <testcase classname="ptolemy.util.test.junit.AutoTests" name="[67] /home/travis/build/icyphy/ptII/ptolemy/domains/modal/test/auto/GuardNotEvaluated.xml (RunModel)" time="0.044" />
  <testcase classname="ptolemy.util.test.junit.AutoTests" name="[68] /home/travis/build/icyphy/ptII/ptolemy/domains/modal/test/auto/GuardNotEvaluated2.xml (RunModel)" time="0.031" />
  <testcase classname="ptolemy.util.test.junit.AutoTests" name="[69] /home/travis/build/icyphy/ptII/ptolemy/domains/modal/test/auto/GuardOnAbsent.xml (RunModel)" time="0.03" />
  <testcase classname="ptolemy.util.test.junit.AutoTests" name="[70] /home/travis/build/icyphy/ptII/ptolemy/domains/modal/test/auto/HierarchicalFSMTypeInference.xml (RunModel)" time="0.031" />
  <testcase classname="ptolemy.util.test.junit.AutoTests" name="[71] /home/travis/build/icyphy/ptII/ptolemy/domains/modal/test/auto/Hysteresis.xml (RunModel)" time="0.05" />
  <testcase classname="ptolemy.util.test.junit.AutoTests" name="[72] /home/travis/build/icyphy/ptII/ptolemy/domains/modal/test/auto/HysteresisWithDefault.xml (RunModel)" time="0.072" />
  <testcase classname="ptolemy.util.test.junit.AutoTests" name="[73] /home/travis/build/icyphy/ptII/ptolemy/domains/modal/test/auto/HysteresisWithDefault2.xml (RunModel)" time="0.076" />
  <testcase classname="ptolemy.util.test.junit.AutoTests" name="[74] /home/travis/build/icyphy/ptII/ptolemy/domains/modal/test/auto/ImmediateNonConstructiveness.xml (RunModel)" time="0.02" />
  <testcase classname="ptolemy.util.test.junit.AutoTests" name="[75] /home/travis/build/icyphy/ptII/ptolemy/domains/modal/test/auto/ImmediateNonConstructiveness2.xml (RunModel)" time="0.02" />
  <testcase classname="ptolemy.util.test.junit.AutoTests" name="[76] /home/travis/build/icyphy/ptII/ptolemy/domains/modal/test/auto/ImmediateTransitionReset.xml (RunModel)" time="0.041" />
  <testcase classname="ptolemy.util.test.junit.AutoTests" name="[77] /home/travis/build/icyphy/ptII/ptolemy/domains/modal/test/auto/ImmediateTransitions1.xml (RunModel)" time="0.022" />
  <testcase classname="ptolemy.util.test.junit.AutoTests" name="[78] /home/travis/build/icyphy/ptII/ptolemy/domains/modal/test/auto/ImmediateTransitionsInstantaneousCommunication.xml (RunModel)" time="0.041" />
  <testcase classname="ptolemy.util.test.junit.AutoTests" name="[79] /home/travis/build/icyphy/ptII/ptolemy/domains/modal/test/auto/InitialImmediateTransition.xml (RunModel)" time="0.021" />
  <testcase classname="ptolemy.util.test.junit.AutoTests" name="[80] /home/travis/build/icyphy/ptII/ptolemy/domains/modal/test/auto/InitialOutputs.xml (RunModel)" time="0.018" />
  <testcase classname="ptolemy.util.test.junit.AutoTests" name="[81] /home/travis/build/icyphy/ptII/ptolemy/domains/modal/test/auto/InitialStateTransition1.xml (RunModel)" time="0.034" />
  <testcase classname="ptolemy.util.test.junit.AutoTests" name="[82] /home/travis/build/icyphy/ptII/ptolemy/domains/modal/test/auto/InitialStateTransition2.xml (RunModel)" time="0.026" />
  <testcase classname="ptolemy.util.test.junit.AutoTests" name="[83] /home/travis/build/icyphy/ptII/ptolemy/domains/modal/test/auto/InitialStateTransition3.xml (RunModel)" time="0.033" />
  <testcase classname="ptolemy.util.test.junit.AutoTests" name="[84] /home/travis/build/icyphy/ptII/ptolemy/domains/modal/test/auto/InitialStateTransition4.xml (RunModel)" time="0.036" />
  <testcase classname="ptolemy.util.test.junit.AutoTests" name="[85] /home/travis/build/icyphy/ptII/ptolemy/domains/modal/test/auto/MalformedGuardExpressionNotCaught.xml (RunModel)" time="0.03" />
  <testcase classname="ptolemy.util.test.junit.AutoTests" name="[86] /home/travis/build/icyphy/ptII/ptolemy/domains/modal/test/auto/ModalBSC.xml (RunModel)" time="0.111" />
  <testcase classname="ptolemy.util.test.junit.AutoTests" name="[87] /home/travis/build/icyphy/ptII/ptolemy/domains/modal/test/auto/ModalClocks.xml (RunModel)" time="0.081" />
  <testcase classname="ptolemy.util.test.junit.AutoTests" name="[88] /home/travis/build/icyphy/ptII/ptolemy/domains/modal/test/auto/ModalDelay.xml (RunModel)" time="0.053" />
  <testcase classname="ptolemy.util.test.junit.AutoTests" name="[89] /home/travis/build/icyphy/ptII/ptolemy/domains/modal/test/auto/ModalDelay2.xml (RunModel)" time="0.05" />
  <testcase classname="ptolemy.util.test.junit.AutoTests" name="[90] /home/travis/build/icyphy/ptII/ptolemy/domains/modal/test/auto/ModalModelFromMemo.xml (RunModel)" time="0.066" />
  <testcase classname="ptolemy.util.test.junit.AutoTests" name="[91] /home/travis/build/icyphy/ptII/ptolemy/domains/modal/test/auto/ModalModelWithMultirateTransient.xml (RunModel)" time="0.057" />
  <testcase classname="ptolemy.util.test.junit.AutoTests" name="[92] /home/travis/build/icyphy/ptII/ptolemy/domains/modal/test/auto/ModalModelWithReset.xml (RunModel)" time="0.057" />
  <testcase classname="ptolemy.util.test.junit.AutoTests" name="[93] /home/travis/build/icyphy/ptII/ptolemy/domains/modal/test/auto/MouseClickFSM.xml (RunModel)" time="0.055" />
  <testcase classname="ptolemy.util.test.junit.AutoTests" name="[94] /home/travis/build/icyphy/ptII/ptolemy/domains/modal/test/auto/MouseClickFSMModal.xml (RunModel)" time="0.038" />
  <testcase classname="ptolemy.util.test.junit.AutoTests" name="[95] /home/travis/build/icyphy/ptII/ptolemy/domains/modal/test/auto/NonStrictFSM_FeedbackLoop.xml (RunModel)" time="0.054" />
  <testcase classname="ptolemy.util.test.junit.AutoTests" name="[96] /home/travis/build/icyphy/ptII/ptolemy/domains/modal/test/auto/NonStrictFSM_FeedbackLoop_Refinement.xml (RunModel)" time="0.086" />
  <testcase classname="ptolemy.util.test.junit.AutoTests" name="[97] /home/travis/build/icyphy/ptII/ptolemy/domains/modal/test/auto/NonStrictFSM_FeedbackLoop_preemptive.xml (RunModel)" time="0.049" />
  <testcase classname="ptolemy.util.test.junit.AutoTests" name="[98] /home/travis/build/icyphy/ptII/ptolemy/domains/modal/test/auto/NormalTermination.xml (RunModel)" time="0.061" />
  <testcase classname="ptolemy.util.test.junit.AutoTests" name="[99] /home/travis/build/icyphy/ptII/ptolemy/domains/modal/test/auto/Pong.xml (RunModel)" time="0.085" />
  <testcase classname="ptolemy.util.test.junit.AutoTests" name="[100] /home/travis/build/icyphy/ptII/ptolemy/domains/modal/test/auto/Pong_test.xml (RunModel)" time="0.114" />
  <testcase classname="ptolemy.util.test.junit.AutoTests" name="[101] /home/travis/build/icyphy/ptII/ptolemy/domains/modal/test/auto/PreemptionHierarchy.xml (RunModel)" time="0.029" />
  <testcase classname="ptolemy.util.test.junit.AutoTests" name="[102] /home/travis/build/icyphy/ptII/ptolemy/domains/modal/test/auto/PreemptionHierarchy2.xml (RunModel)" time="0.036" />
  <testcase classname="ptolemy.util.test.junit.AutoTests" name="[103] /home/travis/build/icyphy/ptII/ptolemy/domains/modal/test/auto/PreemptiveTransition.xml (RunModel)" time="0.025" />
  <testcase classname="ptolemy.util.test.junit.AutoTests" name="[104] /home/travis/build/icyphy/ptII/ptolemy/domains/modal/test/auto/Priorities.xml (RunModel)" time="0.086" />
  <testcase classname="ptolemy.util.test.junit.AutoTests" name="[105] /home/travis/build/icyphy/ptII/ptolemy/domains/modal/test/auto/ResetFinal.xml (RunModel)" time="0.04" />
  <testcase classname="ptolemy.util.test.junit.AutoTests" name="[106] /home/travis/build/icyphy/ptII/ptolemy/domains/modal/test/auto/ResetFinal2.xml (RunModel)" time="0.039" />
  <testcase classname="ptolemy.util.test.junit.AutoTests" name="[107] /home/travis/build/icyphy/ptII/ptolemy/domains/modal/test/auto/ResetTransitionWithStartTime.xml (RunModel)" time="0.039" />
  <testcase classname="ptolemy.util.test.junit.AutoTests" name="[108] /home/travis/build/icyphy/ptII/ptolemy/domains/modal/test/auto/SDF-FSMComposite.xml (RunModel)" time="0.027" />
  <testcase classname="ptolemy.util.test.junit.AutoTests" name="[109] /home/travis/build/icyphy/ptII/ptolemy/domains/modal/test/auto/SeeminglyNondeterminate.xml (RunModel)" time="0.091" />
  <testcase classname="ptolemy.util.test.junit.AutoTests" name="[110] /home/travis/build/icyphy/ptII/ptolemy/domains/modal/test/auto/SeeminglyNondeterminate2.xml (RunModel)" time="0.095" />
  <testcase classname="ptolemy.util.test.junit.AutoTests" name="[111] /home/travis/build/icyphy/ptII/ptolemy/domains/modal/test/auto/SpontaneousFSM.xml (RunModel)" time="0.056" />
  <testcase classname="ptolemy.util.test.junit.AutoTests" name="[112] /home/travis/build/icyphy/ptII/ptolemy/domains/modal/test/auto/SpontaneousFSM2.xml (RunModel)" time="0.038" />
  <testcase classname="ptolemy.util.test.junit.AutoTests" name="[113] /home/travis/build/icyphy/ptII/ptolemy/domains/modal/test/auto/SpontaneousFSM3.xml (RunModel)" time="0.056" />
  <testcase classname="ptolemy.util.test.junit.AutoTests" name="[114] /home/travis/build/icyphy/ptII/ptolemy/domains/modal/test/auto/SpontaneousFSM4.xml (RunModel)" time="0.06" />
  <testcase classname="ptolemy.util.test.junit.AutoTests" name="[115] /home/travis/build/icyphy/ptII/ptolemy/domains/modal/test/auto/StateTrackerTest.xml (RunModel)" time="0.1" />
  <testcase classname="ptolemy.util.test.junit.AutoTests" name="[116] /home/travis/build/icyphy/ptII/ptolemy/domains/modal/test/auto/StrongImmediateTransition.xml (RunModel)" time="0.036" />
  <testcase classname="ptolemy.util.test.junit.AutoTests" name="[117] /home/travis/build/icyphy/ptII/ptolemy/domains/modal/test/auto/SustainHierarchy.xml (RunModel)" time="0.046" />
  <testcase classname="ptolemy.util.test.junit.AutoTests" name="[118] /home/travis/build/icyphy/ptII/ptolemy/domains/modal/test/auto/TerminationTransition1.xml (RunModel)" time="0.029" />
  <testcase classname="ptolemy.util.test.junit.AutoTests" name="[119] /home/travis/build/icyphy/ptII/ptolemy/domains/modal/test/auto/TerminationTransition2.xml (RunModel)" time="0.035" />
  <testcase classname="ptolemy.util.test.junit.AutoTests" name="[120] /home/travis/build/icyphy/ptII/ptolemy/domains/modal/test/auto/TerminationTransition3.xml (RunModel)" time="0.033" />
  <testcase classname="ptolemy.util.test.junit.AutoTests" name="[121] /home/travis/build/icyphy/ptII/ptolemy/domains/modal/test/auto/TerminationTransition4.xml (RunModel)" time="0.058" />
  <testcase classname="ptolemy.util.test.junit.AutoTests" name="[122] /home/travis/build/icyphy/ptII/ptolemy/domains/modal/test/auto/TerminationTransition5.xml (RunModel)" time="0.034" />
  <testcase classname="ptolemy.util.test.junit.AutoTests" name="[123] /home/travis/build/icyphy/ptII/ptolemy/domains/modal/test/auto/TerminationTransition6.xml (RunModel)" time="0.023" />
  <testcase classname="ptolemy.util.test.junit.AutoTests" name="[124] /home/travis/build/icyphy/ptII/ptolemy/domains/modal/test/auto/TerminationTransition7.xml (RunModel)" time="0.036" />
  <testcase classname="ptolemy.util.test.junit.AutoTests" name="[125] /home/travis/build/icyphy/ptII/ptolemy/domains/modal/test/auto/TerminationTransition8.xml (RunModel)" time="0.027" />
  <testcase classname="ptolemy.util.test.junit.AutoTests" name="[126] /home/travis/build/icyphy/ptII/ptolemy/domains/modal/test/auto/Thermostat_NoHysteresis.xml (RunModel)" time="0.057" />
  <testcase classname="ptolemy.util.test.junit.AutoTests" name="[127] /home/travis/build/icyphy/ptII/ptolemy/domains/modal/test/auto/TimedFSM.xml (RunModel)" time="0.031" />
  <testcase classname="ptolemy.util.test.junit.AutoTests" name="[128] /home/travis/build/icyphy/ptII/ptolemy/domains/modal/test/auto/Timeout1.xml (RunModel)" time="0.015" />
  <testcase classname="ptolemy.util.test.junit.AutoTests" name="[129] /home/travis/build/icyphy/ptII/ptolemy/domains/modal/test/auto/Timeout2.xml (RunModel)" time="0.021" />
  <testcase classname="ptolemy.util.test.junit.AutoTests" name="[130] /home/travis/build/icyphy/ptII/ptolemy/domains/modal/test/auto/Timeout3.xml (RunModel)" time="0.014" />
  <testcase classname="ptolemy.util.test.junit.AutoTests" name="[131] /home/travis/build/icyphy/ptII/ptolemy/domains/modal/test/auto/Timeout4.xml (RunModel)" time="0.016" />
  <testcase classname="ptolemy.util.test.junit.AutoTests" name="[132] /home/travis/build/icyphy/ptII/ptolemy/domains/modal/test/auto/TransientstateModelAdvanced.xml (RunModel)" time="0.033" />
  <testcase classname="ptolemy.util.test.junit.AutoTests" name="[133] /home/travis/build/icyphy/ptII/ptolemy/domains/modal/test/auto/TransientstateModelAdvanced2.xml (RunModel)" time="0.04" />
  <testcase classname="ptolemy.util.test.junit.AutoTests" name="[134] /home/travis/build/icyphy/ptII/ptolemy/domains/modal/test/auto/TransitionRefinements.xml (RunModel)" time="0.03" />
  <testcase classname="ptolemy.util.test.junit.AutoTests" name="[135] /home/travis/build/icyphy/ptII/ptolemy/domains/modal/test/auto/TwoRefinements1.xml (RunModel)" time="0.031" />
  <testcase classname="ptolemy.util.test.junit.AutoTests" name="[136] /home/travis/build/icyphy/ptII/ptolemy/domains/modal/test/auto/TwoRefinements2.xml (RunModel)" time="0.028" />
  <testcase classname="ptolemy.util.test.junit.AutoTests" name="[137] /home/travis/build/icyphy/ptII/ptolemy/domains/modal/test/auto/WeakImmediateTransition.xml (RunModel)" time="0.024" />
  <testcase classname="ptolemy.util.test.junit.AutoTests" name="[138] /home/travis/build/icyphy/ptII/ptolemy/domains/modal/test/auto/booleanSelect.xml (RunModel)" time="0.08" />
  <testcase classname="ptolemy.util.test.junit.AutoTests" name="[139] /home/travis/build/icyphy/ptII/ptolemy/domains/modal/test/auto/modalChangingParams.xml (RunModel)" time="0.247" />
  <testcase classname="ptolemy.util.test.junit.AutoTests" name="[140] /home/travis/build/icyphy/ptII/ptolemy/domains/modal/test/auto/modalModel.xml (RunModel)" time="0.035" />
  <testcase classname="ptolemy.util.test.junit.AutoTests" name="[141] /home/travis/build/icyphy/ptII/ptolemy/domains/modal/test/auto/modalModel2.xml (RunModel)" time="0.045" />
  <testcase classname="ptolemy.util.test.junit.AutoTests" name="[142] /home/travis/build/icyphy/ptII/ptolemy/domains/modal/test/auto/modalModel3.xml (RunModel)" time="0.044" />
  <testcase classname="ptolemy.util.test.junit.AutoTests" name="[143] /home/travis/build/icyphy/ptII/ptolemy/domains/modal/test/auto/model1.xml (RunModel)" time="0.024" />
  <testcase classname="ptolemy.util.test.junit.AutoTests" name="[144] /home/travis/build/icyphy/ptII/ptolemy/domains/modal/test/auto/test-direct-in-out.xml (RunModel)" time="0.024" />
  <system-out><![CDATA[/home/travis/build/icyphy/ptII/ptolemy/domains/modal/test/SystemLevelType.tcl
testDefs.tcl: setting time out to 9000 seconds at Mon Jun 18 21:43:50 UTC 2018
06/18/18 09:43:52
Failed: 0  Total Tests: 1  ((Passed: 1, Newly Passed: 0)  Known Failed: 0) /home/travis/build/icyphy/ptII/ptolemy/domains/modal/test
----------------- testing (KnownFailure) /home/travis/build/icyphy/ptII/ptolemy/domains/modal/test/auto/knownFailedTests/CannotAnalysisWithPreemption.xml
54 ms. Memory: 208384K Free: 185887K (89%)
Known Failure: java.lang.reflect.InvocationTargetException
No auto/linux-amd64/*.xml tests in /home/travis/build/icyphy/ptII/ptolemy/domains/modal/test
AutoTests.java: About to close Vertx.
AutoTests.java: Vertx closed.

===========================================================================================
----------------- testing Mon Jun 18 21:43:53 UTC 2018 /home/travis/build/icyphy/ptII/ptolemy/domains/modal/test/auto/ABPTest.xml
----------------- Instantiating /home/travis/build/icyphy/ptII/ptolemy/domains/modal/test/auto/ABPTest.xml
442 ms. Memory: 331776K Free: 292181K (88%)
----------------- Invoking toplevel() on ptolemy.moml.MoMLSimpleApplication@487dadc8
----------------- Done invoking toplevel() on ptolemy.moml.MoMLSimpleApplication@487dadc8
reloadAllAccessors: .ABPTest

===========================================================================================
----------------- testing Mon Jun 18 21:43:54 UTC 2018 /home/travis/build/icyphy/ptII/ptolemy/domains/modal/test/auto/ABROFlat.xml
----------------- Instantiating /home/travis/build/icyphy/ptII/ptolemy/domains/modal/test/auto/ABROFlat.xml
33 ms. Memory: 331776K Free: 270079K (81%)
----------------- Invoking toplevel() on ptolemy.moml.MoMLSimpleApplication@3b15a3ba
----------------- Done invoking toplevel() on ptolemy.moml.MoMLSimpleApplication@3b15a3ba
reloadAllAccessors: .ABROFlat

===========================================================================================
----------------- testing Mon Jun 18 21:43:54 UTC 2018 /home/travis/build/icyphy/ptII/ptolemy/domains/modal/test/auto/ABROFlat2.xml
----------------- Instantiating /home/travis/build/icyphy/ptII/ptolemy/domains/modal/test/auto/ABROFlat2.xml
14 ms. Memory: 331776K Free: 252119K (76%)
----------------- Invoking toplevel() on ptolemy.moml.MoMLSimpleApplication@327703b5
----------------- Done invoking toplevel() on ptolemy.moml.MoMLSimpleApplication@327703b5
reloadAllAccessors: .ABROFlat2

===========================================================================================
----------------- testing Mon Jun 18 21:43:54 UTC 2018 /home/travis/build/icyphy/ptII/ptolemy/domains/modal/test/auto/ABRO_present_hmm.xml
----------------- Instantiating /home/travis/build/icyphy/ptII/ptolemy/domains/modal/test/auto/ABRO_present_hmm.xml
45 ms. Memory: 331776K Free: 221136K (67%)
----------------- Invoking toplevel() on ptolemy.moml.MoMLSimpleApplication@7b7fefb0
----------------- Done invoking toplevel() on ptolemy.moml.MoMLSimpleApplication@7b7fefb0
reloadAllAccessors: .ABRO_present_hmm

===========================================================================================
----------------- testing Mon Jun 18 21:43:54 UTC 2018 /home/travis/build/icyphy/ptII/ptolemy/domains/modal/test/auto/AMICoderExample.xml
----------------- Instantiating /home/travis/build/icyphy/ptII/ptolemy/domains/modal/test/auto/AMICoderExample.xml
23 ms. Memory: 331776K Free: 209730K (63%)
----------------- Invoking toplevel() on ptolemy.moml.MoMLSimpleApplication@7b2a03db
----------------- Done invoking toplevel() on ptolemy.moml.MoMLSimpleApplication@7b2a03db
reloadAllAccessors: .AMICoderExample

===========================================================================================
----------------- testing Mon Jun 18 21:43:54 UTC 2018 /home/travis/build/icyphy/ptII/ptolemy/domains/modal/test/auto/AbsentToPresent.xml
----------------- Instantiating /home/travis/build/icyphy/ptII/ptolemy/domains/modal/test/auto/AbsentToPresent.xml
4 ms. Memory: 331776K Free: 199777K (60%)
----------------- Invoking toplevel() on ptolemy.moml.MoMLSimpleApplication@54b55873
----------------- Done invoking toplevel() on ptolemy.moml.MoMLSimpleApplication@54b55873
reloadAllAccessors: .AbsentToPresent

===========================================================================================
----------------- testing Mon Jun 18 21:43:54 UTC 2018 /home/travis/build/icyphy/ptII/ptolemy/domains/modal/test/auto/Blending.xml
----------------- Instantiating /home/travis/build/icyphy/ptII/ptolemy/domains/modal/test/auto/Blending.xml
135 ms. Memory: 331776K Free: 149169K (45%)
----------------- Invoking toplevel() on ptolemy.moml.MoMLSimpleApplication@7acc2a51
----------------- Done invoking toplevel() on ptolemy.moml.MoMLSimpleApplication@7acc2a51
reloadAllAccessors: .Blending

===========================================================================================
----------------- testing Mon Jun 18 21:43:54 UTC 2018 /home/travis/build/icyphy/ptII/ptolemy/domains/modal/test/auto/Broadcast.xml
----------------- Instantiating /home/travis/build/icyphy/ptII/ptolemy/domains/modal/test/auto/Broadcast.xml
12 ms. Memory: 331776K Free: 136147K (41%)
----------------- Invoking toplevel() on ptolemy.moml.MoMLSimpleApplication@6562485c
----------------- Done invoking toplevel() on ptolemy.moml.MoMLSimpleApplication@6562485c
reloadAllAccessors: .Broadcast

===========================================================================================
----------------- testing Mon Jun 18 21:43:54 UTC 2018 /home/travis/build/icyphy/ptII/ptolemy/domains/modal/test/auto/BroadcastHierarchy.xml
----------------- Instantiating /home/travis/build/icyphy/ptII/ptolemy/domains/modal/test/auto/BroadcastHierarchy.xml
22 ms. Memory: 331776K Free: 118218K (36%)
----------------- Invoking toplevel() on ptolemy.moml.MoMLSimpleApplication@34aa0851
----------------- Done invoking toplevel() on ptolemy.moml.MoMLSimpleApplication@34aa0851
reloadAllAccessors: .BroadcastHierarchy

===========================================================================================
----------------- testing Mon Jun 18 21:43:55 UTC 2018 /home/travis/build/icyphy/ptII/ptolemy/domains/modal/test/auto/BroadcastHierarchy2.xml
----------------- Instantiating /home/travis/build/icyphy/ptII/ptolemy/domains/modal/test/auto/BroadcastHierarchy2.xml
35 ms. Memory: 331776K Free: 83929K (25%)
----------------- Invoking toplevel() on ptolemy.moml.MoMLSimpleApplication@ff837d7
----------------- Done invoking toplevel() on ptolemy.moml.MoMLSimpleApplication@ff837d7
reloadAllAccessors: .BroadcastHierarchy2

===========================================================================================
----------------- testing Mon Jun 18 21:43:55 UTC 2018 /home/travis/build/icyphy/ptII/ptolemy/domains/modal/test/auto/BroadcastHierarchy3.xml
----------------- Instantiating /home/travis/build/icyphy/ptII/ptolemy/domains/modal/test/auto/BroadcastHierarchy3.xml
28 ms. Memory: 333824K Free: 301785K (90%)
----------------- Invoking toplevel() on ptolemy.moml.MoMLSimpleApplication@5d50e83b
----------------- Done invoking toplevel() on ptolemy.moml.MoMLSimpleApplication@5d50e83b
reloadAllAccessors: .BroadcastHierarchy3

===========================================================================================
----------------- testing Mon Jun 18 21:43:55 UTC 2018 /home/travis/build/icyphy/ptII/ptolemy/domains/modal/test/auto/BroadcastHierarchy4.xml
----------------- Instantiating /home/travis/build/icyphy/ptII/ptolemy/domains/modal/test/auto/BroadcastHierarchy4.xml
21 ms. Memory: 333824K Free: 268558K (80%)
----------------- Invoking toplevel() on ptolemy.moml.MoMLSimpleApplication@40601ef1
----------------- Done invoking toplevel() on ptolemy.moml.MoMLSimpleApplication@40601ef1
reloadAllAccessors: .BroadcastHierarchy4

===========================================================================================
----------------- testing Mon Jun 18 21:43:55 UTC 2018 /home/travis/build/icyphy/ptII/ptolemy/domains/modal/test/auto/CannotAnalysisWithPreemption2.xml
----------------- Instantiating /home/travis/build/icyphy/ptII/ptolemy/domains/modal/test/auto/CannotAnalysisWithPreemption2.xml
6 ms. Memory: 333824K Free: 258793K (78%)
----------------- Invoking toplevel() on ptolemy.moml.MoMLSimpleApplication@407255c7
----------------- Done invoking toplevel() on ptolemy.moml.MoMLSimpleApplication@407255c7
reloadAllAccessors: .CannotAnalysisWithPreemption2

===========================================================================================
----------------- testing Mon Jun 18 21:43:55 UTC 2018 /home/travis/build/icyphy/ptII/ptolemy/domains/modal/test/auto/CannotAnalysisWithPreemption3.xml
----------------- Instantiating /home/travis/build/icyphy/ptII/ptolemy/domains/modal/test/auto/CannotAnalysisWithPreemption3.xml
5 ms. Memory: 333824K Free: 245755K (74%)
----------------- Invoking toplevel() on ptolemy.moml.MoMLSimpleApplication@563a29de
----------------- Done invoking toplevel() on ptolemy.moml.MoMLSimpleApplication@563a29de
reloadAllAccessors: .CannotAnalysisWithPreemption3

===========================================================================================
----------------- testing Mon Jun 18 21:43:55 UTC 2018 /home/travis/build/icyphy/ptII/ptolemy/domains/modal/test/auto/CannotProduce.xml
----------------- Instantiating /home/travis/build/icyphy/ptII/ptolemy/domains/modal/test/auto/CannotProduce.xml
13 ms. Memory: 333824K Free: 236956K (71%)
----------------- Invoking toplevel() on ptolemy.moml.MoMLSimpleApplication@1074f6a5
----------------- Done invoking toplevel() on ptolemy.moml.MoMLSimpleApplication@1074f6a5
reloadAllAccessors: .CannotProduce

===========================================================================================
----------------- testing Mon Jun 18 21:43:55 UTC 2018 /home/travis/build/icyphy/ptII/ptolemy/domains/modal/test/auto/CannotProduceModal.xml
----------------- Instantiating /home/travis/build/icyphy/ptII/ptolemy/domains/modal/test/auto/CannotProduceModal.xml
11 ms. Memory: 333824K Free: 228808K (69%)
----------------- Invoking toplevel() on ptolemy.moml.MoMLSimpleApplication@4ad45948
----------------- Done invoking toplevel() on ptolemy.moml.MoMLSimpleApplication@4ad45948
reloadAllAccessors: .CannotProduceModal

===========================================================================================
----------------- testing Mon Jun 18 21:43:55 UTC 2018 /home/travis/build/icyphy/ptII/ptolemy/domains/modal/test/auto/Case.xml
----------------- Instantiating /home/travis/build/icyphy/ptII/ptolemy/domains/modal/test/auto/Case.xml
31 ms. Memory: 333824K Free: 215738K (65%)
----------------- Invoking toplevel() on ptolemy.moml.MoMLSimpleApplication@4e5be942
----------------- Done invoking toplevel() on ptolemy.moml.MoMLSimpleApplication@4e5be942
reloadAllAccessors: .Case

===========================================================================================
----------------- testing Mon Jun 18 21:43:55 UTC 2018 /home/travis/build/icyphy/ptII/ptolemy/domains/modal/test/auto/Case1.xml
----------------- Instantiating /home/travis/build/icyphy/ptII/ptolemy/domains/modal/test/auto/Case1.xml
6 ms. Memory: 333824K Free: 205298K (61%)
----------------- Invoking toplevel() on ptolemy.moml.MoMLSimpleApplication@12dbf7f3
----------------- Done invoking toplevel() on ptolemy.moml.MoMLSimpleApplication@12dbf7f3
reloadAllAccessors: .Case1

===========================================================================================
----------------- testing Mon Jun 18 21:43:55 UTC 2018 /home/travis/build/icyphy/ptII/ptolemy/domains/modal/test/auto/Case2.xml
----------------- Instantiating /home/travis/build/icyphy/ptII/ptolemy/domains/modal/test/auto/Case2.xml
31 ms. Memory: 333824K Free: 193869K (58%)
----------------- Invoking toplevel() on ptolemy.moml.MoMLSimpleApplication@17433dbb
----------------- Done invoking toplevel() on ptolemy.moml.MoMLSimpleApplication@17433dbb
reloadAllAccessors: .Case2

===========================================================================================
----------------- testing Mon Jun 18 21:43:55 UTC 2018 /home/travis/build/icyphy/ptII/ptolemy/domains/modal/test/auto/CausalityInterface1.xml
----------------- Instantiating /home/travis/build/icyphy/ptII/ptolemy/domains/modal/test/auto/CausalityInterface1.xml
5 ms. Memory: 333824K Free: 187354K (56%)
----------------- Invoking toplevel() on ptolemy.moml.MoMLSimpleApplication@4ba2c926
----------------- Done invoking toplevel() on ptolemy.moml.MoMLSimpleApplication@4ba2c926
reloadAllAccessors: .CausalityInterface1

===========================================================================================
----------------- testing Mon Jun 18 21:43:55 UTC 2018 /home/travis/build/icyphy/ptII/ptolemy/domains/modal/test/auto/CausalityInterface10.xml
----------------- Instantiating /home/travis/build/icyphy/ptII/ptolemy/domains/modal/test/auto/CausalityInterface10.xml
9 ms. Memory: 333824K Free: 168758K (51%)
----------------- Invoking toplevel() on ptolemy.moml.MoMLSimpleApplication@3c4b8864
----------------- Done invoking toplevel() on ptolemy.moml.MoMLSimpleApplication@3c4b8864
reloadAllAccessors: .CausalityInterface10

===========================================================================================
----------------- testing Mon Jun 18 21:43:55 UTC 2018 /home/travis/build/icyphy/ptII/ptolemy/domains/modal/test/auto/CausalityInterface11.xml
----------------- Instantiating /home/travis/build/icyphy/ptII/ptolemy/domains/modal/test/auto/CausalityInterface11.xml
10 ms. Memory: 333824K Free: 152478K (46%)
----------------- Invoking toplevel() on ptolemy.moml.MoMLSimpleApplication@4e2521f
----------------- Done invoking toplevel() on ptolemy.moml.MoMLSimpleApplication@4e2521f
reloadAllAccessors: .CausalityInterface11

===========================================================================================
----------------- testing Mon Jun 18 21:43:56 UTC 2018 /home/travis/build/icyphy/ptII/ptolemy/domains/modal/test/auto/CausalityInterface12.xml
----------------- Instantiating /home/travis/build/icyphy/ptII/ptolemy/domains/modal/test/auto/CausalityInterface12.xml
10 ms. Memory: 333824K Free: 136214K (41%)
----------------- Invoking toplevel() on ptolemy.moml.MoMLSimpleApplication@1f2432eb
----------------- Done invoking toplevel() on ptolemy.moml.MoMLSimpleApplication@1f2432eb
reloadAllAccessors: .CausalityInterface12

===========================================================================================
----------------- testing Mon Jun 18 21:43:56 UTC 2018 /home/travis/build/icyphy/ptII/ptolemy/domains/modal/test/auto/CausalityInterface13.xml
----------------- Instantiating /home/travis/build/icyphy/ptII/ptolemy/domains/modal/test/auto/CausalityInterface13.xml
5 ms. Memory: 333824K Free: 117650K (35%)
----------------- Invoking toplevel() on ptolemy.moml.MoMLSimpleApplication@50ef1a9f
----------------- Done invoking toplevel() on ptolemy.moml.MoMLSimpleApplication@50ef1a9f
reloadAllAccessors: .CausalityInterface13

===========================================================================================
----------------- testing Mon Jun 18 21:43:56 UTC 2018 /home/travis/build/icyphy/ptII/ptolemy/domains/modal/test/auto/CausalityInterface14.xml
----------------- Instantiating /home/travis/build/icyphy/ptII/ptolemy/domains/modal/test/auto/CausalityInterface14.xml
14 ms. Memory: 333824K Free: 101354K (30%)
----------------- Invoking toplevel() on ptolemy.moml.MoMLSimpleApplication@5dd8c485
----------------- Done invoking toplevel() on ptolemy.moml.MoMLSimpleApplication@5dd8c485
reloadAllAccessors: .CausalityInterface14

===========================================================================================
----------------- testing Mon Jun 18 21:43:56 UTC 2018 /home/travis/build/icyphy/ptII/ptolemy/domains/modal/test/auto/CausalityInterface2.xml
----------------- Instantiating /home/travis/build/icyphy/ptII/ptolemy/domains/modal/test/auto/CausalityInterface2.xml
4 ms. Memory: 333824K Free: 93198K (28%)
----------------- Invoking toplevel() on ptolemy.moml.MoMLSimpleApplication@51bdf4d2
----------------- Done invoking toplevel() on ptolemy.moml.MoMLSimpleApplication@51bdf4d2
reloadAllAccessors: .CausalityInterface2

===========================================================================================
----------------- testing Mon Jun 18 21:43:56 UTC 2018 /home/travis/build/icyphy/ptII/ptolemy/domains/modal/test/auto/CausalityInterface3.xml
----------------- Instantiating /home/travis/build/icyphy/ptII/ptolemy/domains/modal/test/auto/CausalityInterface3.xml
3 ms. Memory: 333824K Free: 82774K (25%)
----------------- Invoking toplevel() on ptolemy.moml.MoMLSimpleApplication@3fe8de9
----------------- Done invoking toplevel() on ptolemy.moml.MoMLSimpleApplication@3fe8de9
reloadAllAccessors: .CausalityInterface3

===========================================================================================
----------------- testing Mon Jun 18 21:43:56 UTC 2018 /home/travis/build/icyphy/ptII/ptolemy/domains/modal/test/auto/CausalityInterface4.xml
----------------- Instantiating /home/travis/build/icyphy/ptII/ptolemy/domains/modal/test/auto/CausalityInterface4.xml
4 ms. Memory: 577536K Free: 560406K (97%)
----------------- Invoking toplevel() on ptolemy.moml.MoMLSimpleApplication@20c71e4f
----------------- Done invoking toplevel() on ptolemy.moml.MoMLSimpleApplication@20c71e4f
reloadAllAccessors: .CausalityInterface4

===========================================================================================
----------------- testing Mon Jun 18 21:43:56 UTC 2018 /home/travis/build/icyphy/ptII/ptolemy/domains/modal/test/auto/CausalityInterface5.xml
----------------- Instantiating /home/travis/build/icyphy/ptII/ptolemy/domains/modal/test/auto/CausalityInterface5.xml
7 ms. Memory: 577536K Free: 544276K (94%)
----------------- Invoking toplevel() on ptolemy.moml.MoMLSimpleApplication@bcde001
----------------- Done invoking toplevel() on ptolemy.moml.MoMLSimpleApplication@bcde001
reloadAllAccessors: .CausalityInterface5

===========================================================================================
----------------- testing Mon Jun 18 21:43:56 UTC 2018 /home/travis/build/icyphy/ptII/ptolemy/domains/modal/test/auto/CausalityInterface6.xml
----------------- Instantiating /home/travis/build/icyphy/ptII/ptolemy/domains/modal/test/auto/CausalityInterface6.xml
7 ms. Memory: 577536K Free: 531277K (92%)
----------------- Invoking toplevel() on ptolemy.moml.MoMLSimpleApplication@3e27b008
----------------- Done invoking toplevel() on ptolemy.moml.MoMLSimpleApplication@3e27b008
reloadAllAccessors: .CausalityInterface6

===========================================================================================
----------------- testing Mon Jun 18 21:43:56 UTC 2018 /home/travis/build/icyphy/ptII/ptolemy/domains/modal/test/auto/CausalityInterface7.xml
----------------- Instantiating /home/travis/build/icyphy/ptII/ptolemy/domains/modal/test/auto/CausalityInterface7.xml
7 ms. Memory: 577536K Free: 518031K (90%)
----------------- Invoking toplevel() on ptolemy.moml.MoMLSimpleApplication@6d257e53
----------------- Done invoking toplevel() on ptolemy.moml.MoMLSimpleApplication@6d257e53
reloadAllAccessors: .CausalityInterface7

===========================================================================================
----------------- testing Mon Jun 18 21:43:56 UTC 2018 /home/travis/build/icyphy/ptII/ptolemy/domains/modal/test/auto/CausalityInterface8.xml
----------------- Instantiating /home/travis/build/icyphy/ptII/ptolemy/domains/modal/test/auto/CausalityInterface8.xml
8 ms. Memory: 577536K Free: 505033K (87%)
----------------- Invoking toplevel() on ptolemy.moml.MoMLSimpleApplication@31a80878
----------------- Done invoking toplevel() on ptolemy.moml.MoMLSimpleApplication@31a80878
reloadAllAccessors: .CausalityInterface8

===========================================================================================
----------------- testing Mon Jun 18 21:43:56 UTC 2018 /home/travis/build/icyphy/ptII/ptolemy/domains/modal/test/auto/CausalityInterface9.xml
----------------- Instantiating /home/travis/build/icyphy/ptII/ptolemy/domains/modal/test/auto/CausalityInterface9.xml
9 ms. Memory: 577536K Free: 488895K (85%)
----------------- Invoking toplevel() on ptolemy.moml.MoMLSimpleApplication@2e7b4ea8
----------------- Done invoking toplevel() on ptolemy.moml.MoMLSimpleApplication@2e7b4ea8
reloadAllAccessors: .CausalityInterface9

===========================================================================================
----------------- testing Mon Jun 18 21:43:56 UTC 2018 /home/travis/build/icyphy/ptII/ptolemy/domains/modal/test/auto/ChainedTransitions.xml
----------------- Instantiating /home/travis/build/icyphy/ptII/ptolemy/domains/modal/test/auto/ChainedTransitions.xml
120 ms. Memory: 577536K Free: 459569K (80%)
----------------- Invoking toplevel() on ptolemy.moml.MoMLSimpleApplication@234cc688
----------------- Done invoking toplevel() on ptolemy.moml.MoMLSimpleApplication@234cc688
reloadAllAccessors: .ChainedTransitions

===========================================================================================
----------------- testing Mon Jun 18 21:43:56 UTC 2018 /home/travis/build/icyphy/ptII/ptolemy/domains/modal/test/auto/CycleOfImmediateTransitionsFSM.xml
----------------- Instantiating /home/travis/build/icyphy/ptII/ptolemy/domains/modal/test/auto/CycleOfImmediateTransitionsFSM.xml
8 ms. Memory: 577536K Free: 449805K (78%)
----------------- Invoking toplevel() on ptolemy.moml.MoMLSimpleApplication@f266b2d
----------------- Done invoking toplevel() on ptolemy.moml.MoMLSimpleApplication@f266b2d
reloadAllAccessors: .CycleOfImmediateTransitionsFSM

===========================================================================================
----------------- testing Mon Jun 18 21:43:56 UTC 2018 /home/travis/build/icyphy/ptII/ptolemy/domains/modal/test/auto/CycleOfImmediateTransitionsModal.xml
----------------- Instantiating /home/travis/build/icyphy/ptII/ptolemy/domains/modal/test/auto/CycleOfImmediateTransitionsModal.xml
8 ms. Memory: 577536K Free: 440048K (76%)
----------------- Invoking toplevel() on ptolemy.moml.MoMLSimpleApplication@9f338d0
----------------- Done invoking toplevel() on ptolemy.moml.MoMLSimpleApplication@9f338d0
reloadAllAccessors: .CycleOfImmediateTransitionsModal

===========================================================================================
----------------- testing Mon Jun 18 21:43:56 UTC 2018 /home/travis/build/icyphy/ptII/ptolemy/domains/modal/test/auto/CycleOfImmediateTransitionsModal2.xml
----------------- Instantiating /home/travis/build/icyphy/ptII/ptolemy/domains/modal/test/auto/CycleOfImmediateTransitionsModal2.xml
6 ms. Memory: 577536K Free: 427159K (74%)
----------------- Invoking toplevel() on ptolemy.moml.MoMLSimpleApplication@3e347278
----------------- Done invoking toplevel() on ptolemy.moml.MoMLSimpleApplication@3e347278
reloadAllAccessors: .CycleOfImmediateTransitionsModal2

===========================================================================================
----------------- testing Mon Jun 18 21:43:56 UTC 2018 /home/travis/build/icyphy/ptII/ptolemy/domains/modal/test/auto/CycleOfImmediateTransitionsModal3.xml
----------------- Instantiating /home/travis/build/icyphy/ptII/ptolemy/domains/modal/test/auto/CycleOfImmediateTransitionsModal3.xml
15 ms. Memory: 577536K Free: 397833K (69%)
----------------- Invoking toplevel() on ptolemy.moml.MoMLSimpleApplication@307d1cd4
----------------- Done invoking toplevel() on ptolemy.moml.MoMLSimpleApplication@307d1cd4
reloadAllAccessors: .CycleOfImmediateTransitionsModal3

===========================================================================================
----------------- testing Mon Jun 18 21:43:56 UTC 2018 /home/travis/build/icyphy/ptII/ptolemy/domains/modal/test/auto/DeepModal1.xml
----------------- Instantiating /home/travis/build/icyphy/ptII/ptolemy/domains/modal/test/auto/DeepModal1.xml
26 ms. Memory: 577536K Free: 378288K (66%)
----------------- Invoking toplevel() on ptolemy.moml.MoMLSimpleApplication@73f40d53
----------------- Done invoking toplevel() on ptolemy.moml.MoMLSimpleApplication@73f40d53
reloadAllAccessors: .DeepModal1

===========================================================================================
----------------- testing Mon Jun 18 21:43:56 UTC 2018 /home/travis/build/icyphy/ptII/ptolemy/domains/modal/test/auto/DeepModal2.xml
----------------- Instantiating /home/travis/build/icyphy/ptII/ptolemy/domains/modal/test/auto/DeepModal2.xml
29 ms. Memory: 577536K Free: 355510K (62%)
----------------- Invoking toplevel() on ptolemy.moml.MoMLSimpleApplication@161365c0
----------------- Done invoking toplevel() on ptolemy.moml.MoMLSimpleApplication@161365c0
reloadAllAccessors: .DeepModal2

===========================================================================================
----------------- testing Mon Jun 18 21:43:57 UTC 2018 /home/travis/build/icyphy/ptII/ptolemy/domains/modal/test/auto/DeepModal3.xml
----------------- Instantiating /home/travis/build/icyphy/ptII/ptolemy/domains/modal/test/auto/DeepModal3.xml
22 ms. Memory: 577536K Free: 329583K (57%)
----------------- Invoking toplevel() on ptolemy.moml.MoMLSimpleApplication@4f6860ce
----------------- Done invoking toplevel() on ptolemy.moml.MoMLSimpleApplication@4f6860ce
reloadAllAccessors: .DeepModal3

===========================================================================================
----------------- testing Mon Jun 18 21:43:57 UTC 2018 /home/travis/build/icyphy/ptII/ptolemy/domains/modal/test/auto/DeepModal4.xml
----------------- Instantiating /home/travis/build/icyphy/ptII/ptolemy/domains/modal/test/auto/DeepModal4.xml
18 ms. Memory: 577536K Free: 306804K (53%)
----------------- Invoking toplevel() on ptolemy.moml.MoMLSimpleApplication@6c963a16
----------------- Done invoking toplevel() on ptolemy.moml.MoMLSimpleApplication@6c963a16
reloadAllAccessors: .DeepModal4

===========================================================================================
----------------- testing Mon Jun 18 21:43:57 UTC 2018 /home/travis/build/icyphy/ptII/ptolemy/domains/modal/test/auto/Default1.xml
----------------- Instantiating /home/travis/build/icyphy/ptII/ptolemy/domains/modal/test/auto/Default1.xml
4 ms. Memory: 577536K Free: 297039K (51%)
----------------- Invoking toplevel() on ptolemy.moml.MoMLSimpleApplication@17254438
----------------- Done invoking toplevel() on ptolemy.moml.MoMLSimpleApplication@17254438
reloadAllAccessors: .Default1

===========================================================================================
----------------- testing Mon Jun 18 21:43:57 UTC 2018 /home/travis/build/icyphy/ptII/ptolemy/domains/modal/test/auto/Default2.xml
----------------- Instantiating /home/travis/build/icyphy/ptII/ptolemy/domains/modal/test/auto/Default2.xml
1 ms. Memory: 577536K Free: 287275K (50%)
----------------- Invoking toplevel() on ptolemy.moml.MoMLSimpleApplication@2948cc3f
----------------- Done invoking toplevel() on ptolemy.moml.MoMLSimpleApplication@2948cc3f
reloadAllAccessors: .Default2

===========================================================================================
----------------- testing Mon Jun 18 21:43:57 UTC 2018 /home/travis/build/icyphy/ptII/ptolemy/domains/modal/test/auto/Default3.xml
----------------- Instantiating /home/travis/build/icyphy/ptII/ptolemy/domains/modal/test/auto/Default3.xml
4 ms. Memory: 577536K Free: 274394K (48%)
----------------- Invoking toplevel() on ptolemy.moml.MoMLSimpleApplication@4892f3c4
----------------- Done invoking toplevel() on ptolemy.moml.MoMLSimpleApplication@4892f3c4
reloadAllAccessors: .Default3

===========================================================================================
----------------- testing Mon Jun 18 21:43:57 UTC 2018 /home/travis/build/icyphy/ptII/ptolemy/domains/modal/test/auto/Default4.xml
----------------- Instantiating /home/travis/build/icyphy/ptII/ptolemy/domains/modal/test/auto/Default4.xml
3 ms. Memory: 577536K Free: 264629K (46%)
----------------- Invoking toplevel() on ptolemy.moml.MoMLSimpleApplication@663c1cfb
----------------- Done invoking toplevel() on ptolemy.moml.MoMLSimpleApplication@663c1cfb
reloadAllAccessors: .Default4

===========================================================================================
----------------- testing Mon Jun 18 21:43:57 UTC 2018 /home/travis/build/icyphy/ptII/ptolemy/domains/modal/test/auto/Default5.xml
----------------- Instantiating /home/travis/build/icyphy/ptII/ptolemy/domains/modal/test/auto/Default5.xml
7 ms. Memory: 577536K Free: 251615K (44%)
----------------- Invoking toplevel() on ptolemy.moml.MoMLSimpleApplication@7f2bd781
----------------- Done invoking toplevel() on ptolemy.moml.MoMLSimpleApplication@7f2bd781
reloadAllAccessors: .Default5

===========================================================================================
----------------- testing Mon Jun 18 21:43:57 UTC 2018 /home/travis/build/icyphy/ptII/ptolemy/domains/modal/test/auto/EmptyGuard.xml
----------------- Instantiating /home/travis/build/icyphy/ptII/ptolemy/domains/modal/test/auto/EmptyGuard.xml
11 ms. Memory: 577536K Free: 241851K (42%)
----------------- Invoking toplevel() on ptolemy.moml.MoMLSimpleApplication@11293e54
----------------- Done invoking toplevel() on ptolemy.moml.MoMLSimpleApplication@11293e54
reloadAllAccessors: .EmptyGuard

===========================================================================================
----------------- testing Mon Jun 18 21:43:57 UTC 2018 /home/travis/build/icyphy/ptII/ptolemy/domains/modal/test/auto/ErrorTransition1.xml
----------------- Instantiating /home/travis/build/icyphy/ptII/ptolemy/domains/modal/test/auto/ErrorTransition1.xml
11 ms. Memory: 577536K Free: 225705K (39%)
----------------- Invoking toplevel() on ptolemy.moml.MoMLSimpleApplication@430d395d
----------------- Done invoking toplevel() on ptolemy.moml.MoMLSimpleApplication@430d395d
reloadAllAccessors: .ErrorTransition1

===========================================================================================
----------------- testing Mon Jun 18 21:43:57 UTC 2018 /home/travis/build/icyphy/ptII/ptolemy/domains/modal/test/auto/ErrorTransition10.xml
----------------- Instantiating /home/travis/build/icyphy/ptII/ptolemy/domains/modal/test/auto/ErrorTransition10.xml
16 ms. Memory: 577536K Free: 209425K (36%)
----------------- Invoking toplevel() on ptolemy.moml.MoMLSimpleApplication@600390e8
----------------- Done invoking toplevel() on ptolemy.moml.MoMLSimpleApplication@600390e8
reloadAllAccessors: .ErrorTransition10

===========================================================================================
----------------- testing Mon Jun 18 21:43:57 UTC 2018 /home/travis/build/icyphy/ptII/ptolemy/domains/modal/test/auto/ErrorTransition11.xml
----------------- Instantiating /home/travis/build/icyphy/ptII/ptolemy/domains/modal/test/auto/ErrorTransition11.xml
7 ms. Memory: 577536K Free: 193162K (33%)
----------------- Invoking toplevel() on ptolemy.moml.MoMLSimpleApplication@5c70544f
----------------- Done invoking toplevel() on ptolemy.moml.MoMLSimpleApplication@5c70544f
reloadAllAccessors: .ErrorTransition11

===========================================================================================
----------------- testing Mon Jun 18 21:43:57 UTC 2018 /home/travis/build/icyphy/ptII/ptolemy/domains/modal/test/auto/ErrorTransition2.xml
----------------- Instantiating /home/travis/build/icyphy/ptII/ptolemy/domains/modal/test/auto/ErrorTransition2.xml
10 ms. Memory: 577536K Free: 180163K (31%)
----------------- Invoking toplevel() on ptolemy.moml.MoMLSimpleApplication@319afc1e
----------------- Done invoking toplevel() on ptolemy.moml.MoMLSimpleApplication@319afc1e
reloadAllAccessors: .ErrorTransition2

===========================================================================================
----------------- testing Mon Jun 18 21:43:57 UTC 2018 /home/travis/build/icyphy/ptII/ptolemy/domains/modal/test/auto/ErrorTransition3.xml
----------------- Instantiating /home/travis/build/icyphy/ptII/ptolemy/domains/modal/test/auto/ErrorTransition3.xml
19 ms. Memory: 577536K Free: 164017K (28%)
----------------- Invoking toplevel() on ptolemy.moml.MoMLSimpleApplication@362144e2
----------------- Done invoking toplevel() on ptolemy.moml.MoMLSimpleApplication@362144e2
reloadAllAccessors: .ErrorTransition3

===========================================================================================
----------------- testing Mon Jun 18 21:43:57 UTC 2018 /home/travis/build/icyphy/ptII/ptolemy/domains/modal/test/auto/ErrorTransition4.xml
----------------- Instantiating /home/travis/build/icyphy/ptII/ptolemy/domains/modal/test/auto/ErrorTransition4.xml
7 ms. Memory: 577536K Free: 151011K (26%)
----------------- Invoking toplevel() on ptolemy.moml.MoMLSimpleApplication@3b35e8ef
----------------- Done invoking toplevel() on ptolemy.moml.MoMLSimpleApplication@3b35e8ef
reloadAllAccessors: .ErrorTransition4

===========================================================================================
----------------- testing Mon Jun 18 21:43:57 UTC 2018 /home/travis/build/icyphy/ptII/ptolemy/domains/modal/test/auto/ErrorTransition5.xml
----------------- Instantiating /home/travis/build/icyphy/ptII/ptolemy/domains/modal/test/auto/ErrorTransition5.xml
13 ms. Memory: 577536K Free: 137997K (24%)
----------------- Invoking toplevel() on ptolemy.moml.MoMLSimpleApplication@cef73f5
----------------- Done invoking toplevel() on ptolemy.moml.MoMLSimpleApplication@cef73f5
reloadAllAccessors: .ErrorTransition5

===========================================================================================
----------------- testing Mon Jun 18 21:43:57 UTC 2018 /home/travis/build/icyphy/ptII/ptolemy/domains/modal/test/auto/ErrorTransition6.xml
----------------- Instantiating /home/travis/build/icyphy/ptII/ptolemy/domains/modal/test/auto/ErrorTransition6.xml
10 ms. Memory: 577536K Free: 124983K (22%)
----------------- Invoking toplevel() on ptolemy.moml.MoMLSimpleApplication@1c180c0d
----------------- Done invoking toplevel() on ptolemy.moml.MoMLSimpleApplication@1c180c0d
reloadAllAccessors: .ErrorTransition6

===========================================================================================
----------------- testing Mon Jun 18 21:43:57 UTC 2018 /home/travis/build/icyphy/ptII/ptolemy/domains/modal/test/auto/ErrorTransition7.xml
----------------- Instantiating /home/travis/build/icyphy/ptII/ptolemy/domains/modal/test/auto/ErrorTransition7.xml
17 ms. Memory: 577536K Free: 108703K (19%)
----------------- Invoking toplevel() on ptolemy.moml.MoMLSimpleApplication@126fbcf7
----------------- Done invoking toplevel() on ptolemy.moml.MoMLSimpleApplication@126fbcf7
reloadAllAccessors: .ErrorTransition7

===========================================================================================
----------------- testing Mon Jun 18 21:43:57 UTC 2018 /home/travis/build/icyphy/ptII/ptolemy/domains/modal/test/auto/ErrorTransition8.xml
----------------- Instantiating /home/travis/build/icyphy/ptII/ptolemy/domains/modal/test/auto/ErrorTransition8.xml
37 ms. Memory: 577536K Free: 89308K (15%)
----------------- Invoking toplevel() on ptolemy.moml.MoMLSimpleApplication@767d5a18
----------------- Done invoking toplevel() on ptolemy.moml.MoMLSimpleApplication@767d5a18
reloadAllAccessors: .ErrorTransition8

===========================================================================================
----------------- testing Mon Jun 18 21:43:57 UTC 2018 /home/travis/build/icyphy/ptII/ptolemy/domains/modal/test/auto/ErrorTransition9.xml
----------------- Instantiating /home/travis/build/icyphy/ptII/ptolemy/domains/modal/test/auto/ErrorTransition9.xml
13 ms. Memory: 577536K Free: 561433K (97%)
----------------- Invoking toplevel() on ptolemy.moml.MoMLSimpleApplication@6f71289c
----------------- Done invoking toplevel() on ptolemy.moml.MoMLSimpleApplication@6f71289c
reloadAllAccessors: .ErrorTransition9

===========================================================================================
----------------- testing Mon Jun 18 21:43:57 UTC 2018 /home/travis/build/icyphy/ptII/ptolemy/domains/modal/test/auto/ExtendedFSM.xml
----------------- Instantiating /home/travis/build/icyphy/ptII/ptolemy/domains/modal/test/auto/ExtendedFSM.xml
12 ms. Memory: 577536K Free: 549473K (95%)
----------------- Invoking toplevel() on ptolemy.moml.MoMLSimpleApplication@415b1953
----------------- Done invoking toplevel() on ptolemy.moml.MoMLSimpleApplication@415b1953
reloadAllAccessors: .ExtendedFSM

===========================================================================================
----------------- testing Mon Jun 18 21:43:57 UTC 2018 /home/travis/build/icyphy/ptII/ptolemy/domains/modal/test/auto/FinalStates.xml
----------------- Instantiating /home/travis/build/icyphy/ptII/ptolemy/domains/modal/test/auto/FinalStates.xml
5 ms. Memory: 577536K Free: 539725K (93%)
----------------- Invoking toplevel() on ptolemy.moml.MoMLSimpleApplication@3033700d
----------------- Done invoking toplevel() on ptolemy.moml.MoMLSimpleApplication@3033700d
reloadAllAccessors: .FinalStates

===========================================================================================
----------------- testing Mon Jun 18 21:43:58 UTC 2018 /home/travis/build/icyphy/ptII/ptolemy/domains/modal/test/auto/FixedPointFSM.xml
----------------- Instantiating /home/travis/build/icyphy/ptII/ptolemy/domains/modal/test/auto/FixedPointFSM.xml
21 ms. Memory: 577536K Free: 518000K (90%)
----------------- Invoking toplevel() on ptolemy.moml.MoMLSimpleApplication@5ef4c568
----------------- Done invoking toplevel() on ptolemy.moml.MoMLSimpleApplication@5ef4c568
reloadAllAccessors: .FixedPointFSM

===========================================================================================
----------------- testing Mon Jun 18 21:43:58 UTC 2018 /home/travis/build/icyphy/ptII/ptolemy/domains/modal/test/auto/FixedPointIterationFSMActor.xml
----------------- Instantiating /home/travis/build/icyphy/ptII/ptolemy/domains/modal/test/auto/FixedPointIterationFSMActor.xml
6 ms. Memory: 577536K Free: 504986K (87%)
----------------- Invoking toplevel() on ptolemy.moml.MoMLSimpleApplication@5a9ccf0f
----------------- Done invoking toplevel() on ptolemy.moml.MoMLSimpleApplication@5a9ccf0f
reloadAllAccessors: .FixedPointIterationFSMActor

===========================================================================================
----------------- testing Mon Jun 18 21:43:58 UTC 2018 /home/travis/build/icyphy/ptII/ptolemy/domains/modal/test/auto/FixedPointIterationFSMActor2.xml
----------------- Instantiating /home/travis/build/icyphy/ptII/ptolemy/domains/modal/test/auto/FixedPointIterationFSMActor2.xml
6 ms. Memory: 577536K Free: 488566K (85%)
----------------- Invoking toplevel() on ptolemy.moml.MoMLSimpleApplication@102ac04e
----------------- Done invoking toplevel() on ptolemy.moml.MoMLSimpleApplication@102ac04e
reloadAllAccessors: .FixedPointIterationFSMActor2

===========================================================================================
----------------- testing Mon Jun 18 21:43:58 UTC 2018 /home/travis/build/icyphy/ptII/ptolemy/domains/modal/test/auto/ForbiddenInstantanousLoop.xml
----------------- Instantiating /home/travis/build/icyphy/ptII/ptolemy/domains/modal/test/auto/ForbiddenInstantanousLoop.xml
5 ms. Memory: 577536K Free: 470091K (81%)
----------------- Invoking toplevel() on ptolemy.moml.MoMLSimpleApplication@541ee226
----------------- Done invoking toplevel() on ptolemy.moml.MoMLSimpleApplication@541ee226
reloadAllAccessors: .ForbiddenInstantanousLoop

===========================================================================================
----------------- testing Mon Jun 18 21:43:58 UTC 2018 /home/travis/build/icyphy/ptII/ptolemy/domains/modal/test/auto/FunctionDependencyOfFSMActorTest.xml
----------------- Instantiating /home/travis/build/icyphy/ptII/ptolemy/domains/modal/test/auto/FunctionDependencyOfFSMActorTest.xml
6 ms. Memory: 577536K Free: 460326K (80%)
----------------- Invoking toplevel() on ptolemy.moml.MoMLSimpleApplication@356b1b2d
----------------- Done invoking toplevel() on ptolemy.moml.MoMLSimpleApplication@356b1b2d
reloadAllAccessors: .FunctionDependencyOfFSMActorTest

===========================================================================================
----------------- testing Mon Jun 18 21:43:58 UTC 2018 /home/travis/build/icyphy/ptII/ptolemy/domains/modal/test/auto/GuardExpression.xml
----------------- Instantiating /home/travis/build/icyphy/ptII/ptolemy/domains/modal/test/auto/GuardExpression.xml
7 ms. Memory: 577536K Free: 450562K (78%)
----------------- Invoking toplevel() on ptolemy.moml.MoMLSimpleApplication@31bdcd00
----------------- Done invoking toplevel() on ptolemy.moml.MoMLSimpleApplication@31bdcd00
reloadAllAccessors: .GuardExpression

===========================================================================================
----------------- testing Mon Jun 18 21:43:58 UTC 2018 /home/travis/build/icyphy/ptII/ptolemy/domains/modal/test/auto/GuardNotEvaluated.xml
----------------- Instantiating /home/travis/build/icyphy/ptII/ptolemy/domains/modal/test/auto/GuardNotEvaluated.xml
13 ms. Memory: 577536K Free: 435368K (75%)
----------------- Invoking toplevel() on ptolemy.moml.MoMLSimpleApplication@633405b
----------------- Done invoking toplevel() on ptolemy.moml.MoMLSimpleApplication@633405b
reloadAllAccessors: .GuardNotEvaluated

===========================================================================================
----------------- testing Mon Jun 18 21:43:58 UTC 2018 /home/travis/build/icyphy/ptII/ptolemy/domains/modal/test/auto/GuardNotEvaluated2.xml
----------------- Instantiating /home/travis/build/icyphy/ptII/ptolemy/domains/modal/test/auto/GuardNotEvaluated2.xml
9 ms. Memory: 577536K Free: 422370K (73%)
----------------- Invoking toplevel() on ptolemy.moml.MoMLSimpleApplication@46909137
----------------- Done invoking toplevel() on ptolemy.moml.MoMLSimpleApplication@46909137
reloadAllAccessors: .GuardNotEvaluated2

===========================================================================================
----------------- testing Mon Jun 18 21:43:58 UTC 2018 /home/travis/build/icyphy/ptII/ptolemy/domains/modal/test/auto/GuardOnAbsent.xml
----------------- Instantiating /home/travis/build/icyphy/ptII/ptolemy/domains/modal/test/auto/GuardOnAbsent.xml
10 ms. Memory: 577536K Free: 412605K (71%)
----------------- Invoking toplevel() on ptolemy.moml.MoMLSimpleApplication@3ffcf742
----------------- Done invoking toplevel() on ptolemy.moml.MoMLSimpleApplication@3ffcf742
reloadAllAccessors: .GuardOnAbsent

===========================================================================================
----------------- testing Mon Jun 18 21:43:58 UTC 2018 /home/travis/build/icyphy/ptII/ptolemy/domains/modal/test/auto/HierarchicalFSMTypeInference.xml
----------------- Instantiating /home/travis/build/icyphy/ptII/ptolemy/domains/modal/test/auto/HierarchicalFSMTypeInference.xml
6 ms. Memory: 577536K Free: 394130K (68%)
----------------- Invoking toplevel() on ptolemy.moml.MoMLSimpleApplication@2083631e
----------------- Done invoking toplevel() on ptolemy.moml.MoMLSimpleApplication@2083631e
reloadAllAccessors: .HierarchicalFSMTypeInference

===========================================================================================
----------------- testing Mon Jun 18 21:43:58 UTC 2018 /home/travis/build/icyphy/ptII/ptolemy/domains/modal/test/auto/Hysteresis.xml
----------------- Instantiating /home/travis/build/icyphy/ptII/ptolemy/domains/modal/test/auto/Hysteresis.xml
16 ms. Memory: 577536K Free: 374601K (65%)
----------------- Invoking toplevel() on ptolemy.moml.MoMLSimpleApplication@98be1ee
----------------- Done invoking toplevel() on ptolemy.moml.MoMLSimpleApplication@98be1ee
reloadAllAccessors: .Hysteresis

===========================================================================================
----------------- testing Mon Jun 18 21:43:58 UTC 2018 /home/travis/build/icyphy/ptII/ptolemy/domains/modal/test/auto/HysteresisWithDefault.xml
----------------- Instantiating /home/travis/build/icyphy/ptII/ptolemy/domains/modal/test/auto/HysteresisWithDefault.xml
38 ms. Memory: 577536K Free: 346353K (60%)
----------------- Invoking toplevel() on ptolemy.moml.MoMLSimpleApplication@303ec2ff
----------------- Done invoking toplevel() on ptolemy.moml.MoMLSimpleApplication@303ec2ff
reloadAllAccessors: .HysteresisWithDefault

===========================================================================================
----------------- testing Mon Jun 18 21:43:58 UTC 2018 /home/travis/build/icyphy/ptII/ptolemy/domains/modal/test/auto/HysteresisWithDefault2.xml
----------------- Instantiating /home/travis/build/icyphy/ptII/ptolemy/domains/modal/test/auto/HysteresisWithDefault2.xml
44 ms. Memory: 577536K Free: 313770K (54%)
----------------- Invoking toplevel() on ptolemy.moml.MoMLSimpleApplication@38250819
----------------- Done invoking toplevel() on ptolemy.moml.MoMLSimpleApplication@38250819
reloadAllAccessors: .HysteresisWithDefault2

===========================================================================================
----------------- testing Mon Jun 18 21:43:58 UTC 2018 /home/travis/build/icyphy/ptII/ptolemy/domains/modal/test/auto/ImmediateNonConstructiveness.xml
----------------- Instantiating /home/travis/build/icyphy/ptII/ptolemy/domains/modal/test/auto/ImmediateNonConstructiveness.xml
4 ms. Memory: 577536K Free: 304021K (53%)
----------------- Invoking toplevel() on ptolemy.moml.MoMLSimpleApplication@6e923bd4
----------------- Done invoking toplevel() on ptolemy.moml.MoMLSimpleApplication@6e923bd4
reloadAllAccessors: .ImmediateNonConstructiveness

===========================================================================================
----------------- testing Mon Jun 18 21:43:58 UTC 2018 /home/travis/build/icyphy/ptII/ptolemy/domains/modal/test/auto/ImmediateNonConstructiveness2.xml
----------------- Instantiating /home/travis/build/icyphy/ptII/ptolemy/domains/modal/test/auto/ImmediateNonConstructiveness2.xml
2 ms. Memory: 577536K Free: 292061K (51%)
----------------- Invoking toplevel() on ptolemy.moml.MoMLSimpleApplication@d299bb5
----------------- Done invoking toplevel() on ptolemy.moml.MoMLSimpleApplication@d299bb5
reloadAllAccessors: .ImmediateNonConstructiveness2

===========================================================================================
----------------- testing Mon Jun 18 21:43:58 UTC 2018 /home/travis/build/icyphy/ptII/ptolemy/domains/modal/test/auto/ImmediateTransitionReset.xml
----------------- Instantiating /home/travis/build/icyphy/ptII/ptolemy/domains/modal/test/auto/ImmediateTransitionReset.xml
9 ms. Memory: 577536K Free: 275797K (48%)
----------------- Invoking toplevel() on ptolemy.moml.MoMLSimpleApplication@2cfb9a14
----------------- Done invoking toplevel() on ptolemy.moml.MoMLSimpleApplication@2cfb9a14
reloadAllAccessors: .ImmediateTransitionReset

===========================================================================================
----------------- testing Mon Jun 18 21:43:58 UTC 2018 /home/travis/build/icyphy/ptII/ptolemy/domains/modal/test/auto/ImmediateTransitions1.xml
----------------- Instantiating /home/travis/build/icyphy/ptII/ptolemy/domains/modal/test/auto/ImmediateTransitions1.xml
2 ms. Memory: 577536K Free: 266033K (46%)
----------------- Invoking toplevel() on ptolemy.moml.MoMLSimpleApplication@3b4c37d
----------------- Done invoking toplevel() on ptolemy.moml.MoMLSimpleApplication@3b4c37d
reloadAllAccessors: .ImmediateTransitions1

===========================================================================================
----------------- testing Mon Jun 18 21:43:58 UTC 2018 /home/travis/build/icyphy/ptII/ptolemy/domains/modal/test/auto/ImmediateTransitionsInstantaneousCommunication.xml
----------------- Instantiating /home/travis/build/icyphy/ptII/ptolemy/domains/modal/test/auto/ImmediateTransitionsInstantaneousCommunication.xml
7 ms. Memory: 577536K Free: 247565K (43%)
----------------- Invoking toplevel() on ptolemy.moml.MoMLSimpleApplication@1d055f7b
----------------- Done invoking toplevel() on ptolemy.moml.MoMLSimpleApplication@1d055f7b
reloadAllAccessors: .ImmediateTransitionsInstantaneousCommunication

===========================================================================================
----------------- testing Mon Jun 18 21:43:58 UTC 2018 /home/travis/build/icyphy/ptII/ptolemy/domains/modal/test/auto/InitialImmediateTransition.xml
----------------- Instantiating /home/travis/build/icyphy/ptII/ptolemy/domains/modal/test/auto/InitialImmediateTransition.xml
6 ms. Memory: 577536K Free: 237801K (41%)
----------------- Invoking toplevel() on ptolemy.moml.MoMLSimpleApplication@467b3ffd
----------------- Done invoking toplevel() on ptolemy.moml.MoMLSimpleApplication@467b3ffd
reloadAllAccessors: .InitialImmediateTransition

===========================================================================================
----------------- testing Mon Jun 18 21:43:58 UTC 2018 /home/travis/build/icyphy/ptII/ptolemy/domains/modal/test/auto/InitialOutputs.xml
----------------- Instantiating /home/travis/build/icyphy/ptII/ptolemy/domains/modal/test/auto/InitialOutputs.xml
3 ms. Memory: 577536K Free: 228052K (39%)
----------------- Invoking toplevel() on ptolemy.moml.MoMLSimpleApplication@61545071
----------------- Done invoking toplevel() on ptolemy.moml.MoMLSimpleApplication@61545071
reloadAllAccessors: .InitialOutputs

===========================================================================================
----------------- testing Mon Jun 18 21:43:58 UTC 2018 /home/travis/build/icyphy/ptII/ptolemy/domains/modal/test/auto/InitialStateTransition1.xml
----------------- Instantiating /home/travis/build/icyphy/ptII/ptolemy/domains/modal/test/auto/InitialStateTransition1.xml
3 ms. Memory: 577536K Free: 212843K (37%)
----------------- Invoking toplevel() on ptolemy.moml.MoMLSimpleApplication@273a7ad9
----------------- Done invoking toplevel() on ptolemy.moml.MoMLSimpleApplication@273a7ad9
reloadAllAccessors: .InitialStateTransition1

===========================================================================================
----------------- testing Mon Jun 18 21:43:58 UTC 2018 /home/travis/build/icyphy/ptII/ptolemy/domains/modal/test/auto/InitialStateTransition2.xml
----------------- Instantiating /home/travis/build/icyphy/ptII/ptolemy/domains/modal/test/auto/InitialStateTransition2.xml
.InitialStateTransition2.TestExceptionAttributeNonConstructive: initialize() was not invoked, but wrapup() was.  This is unusual, but not always a problem.  For example, exporting JNLP will do this.
2 ms. Memory: 577536K Free: 199844K (35%)
----------------- Invoking toplevel() on ptolemy.moml.MoMLSimpleApplication@71f720ac
----------------- Done invoking toplevel() on ptolemy.moml.MoMLSimpleApplication@71f720ac
reloadAllAccessors: .InitialStateTransition2

===========================================================================================
----------------- testing Mon Jun 18 21:43:58 UTC 2018 /home/travis/build/icyphy/ptII/ptolemy/domains/modal/test/auto/InitialStateTransition3.xml
----------------- Instantiating /home/travis/build/icyphy/ptII/ptolemy/domains/modal/test/auto/InitialStateTransition3.xml
6 ms. Memory: 577536K Free: 184635K (32%)
----------------- Invoking toplevel() on ptolemy.moml.MoMLSimpleApplication@23f9715f
----------------- Done invoking toplevel() on ptolemy.moml.MoMLSimpleApplication@23f9715f
reloadAllAccessors: .InitialStateTransition3

===========================================================================================
----------------- testing Mon Jun 18 21:43:58 UTC 2018 /home/travis/build/icyphy/ptII/ptolemy/domains/modal/test/auto/InitialStateTransition4.xml
----------------- Instantiating /home/travis/build/icyphy/ptII/ptolemy/domains/modal/test/auto/InitialStateTransition4.xml
4 ms. Memory: 577536K Free: 171621K (30%)
----------------- Invoking toplevel() on ptolemy.moml.MoMLSimpleApplication@5507d474
----------------- Done invoking toplevel() on ptolemy.moml.MoMLSimpleApplication@5507d474
[...]
----------------- Done invoking toplevel() on ptolemy.moml.MoMLSimpleApplication@2c343a50
reloadAllAccessors: .TerminationTransition3

===========================================================================================
----------------- testing Mon Jun 18 21:44:01 UTC 2018 /home/travis/build/icyphy/ptII/ptolemy/domains/modal/test/auto/TerminationTransition4.xml
----------------- Instantiating /home/travis/build/icyphy/ptII/ptolemy/domains/modal/test/auto/TerminationTransition4.xml
7 ms. Memory: 870400K Free: 838066K (96%)
----------------- Invoking toplevel() on ptolemy.moml.MoMLSimpleApplication@68c00a5f
----------------- Done invoking toplevel() on ptolemy.moml.MoMLSimpleApplication@68c00a5f
reloadAllAccessors: .TerminationTransition4

===========================================================================================
----------------- testing Mon Jun 18 21:44:01 UTC 2018 /home/travis/build/icyphy/ptII/ptolemy/domains/modal/test/auto/TerminationTransition5.xml
----------------- Instantiating /home/travis/build/icyphy/ptII/ptolemy/domains/modal/test/auto/TerminationTransition5.xml
3 ms. Memory: 870400K Free: 815417K (94%)
----------------- Invoking toplevel() on ptolemy.moml.MoMLSimpleApplication@692371cf
----------------- Done invoking toplevel() on ptolemy.moml.MoMLSimpleApplication@692371cf
reloadAllAccessors: .TerminationTransition5

===========================================================================================
----------------- testing Mon Jun 18 21:44:01 UTC 2018 /home/travis/build/icyphy/ptII/ptolemy/domains/modal/test/auto/TerminationTransition6.xml
----------------- Instantiating /home/travis/build/icyphy/ptII/ptolemy/domains/modal/test/auto/TerminationTransition6.xml
1 ms. Memory: 870400K Free: 799820K (92%)
----------------- Invoking toplevel() on ptolemy.moml.MoMLSimpleApplication@24f77ce1
----------------- Done invoking toplevel() on ptolemy.moml.MoMLSimpleApplication@24f77ce1
reloadAllAccessors: .TerminationTransition6

===========================================================================================
----------------- testing Mon Jun 18 21:44:01 UTC 2018 /home/travis/build/icyphy/ptII/ptolemy/domains/modal/test/auto/TerminationTransition7.xml
----------------- Instantiating /home/travis/build/icyphy/ptII/ptolemy/domains/modal/test/auto/TerminationTransition7.xml
8 ms. Memory: 870400K Free: 782248K (90%)
----------------- Invoking toplevel() on ptolemy.moml.MoMLSimpleApplication@2e81010d
----------------- Done invoking toplevel() on ptolemy.moml.MoMLSimpleApplication@2e81010d
reloadAllAccessors: .TerminationTransition7

===========================================================================================
----------------- testing Mon Jun 18 21:44:01 UTC 2018 /home/travis/build/icyphy/ptII/ptolemy/domains/modal/test/auto/TerminationTransition8.xml
----------------- Instantiating /home/travis/build/icyphy/ptII/ptolemy/domains/modal/test/auto/TerminationTransition8.xml
3 ms. Memory: 870400K Free: 766637K (88%)
----------------- Invoking toplevel() on ptolemy.moml.MoMLSimpleApplication@7d45191b
----------------- Done invoking toplevel() on ptolemy.moml.MoMLSimpleApplication@7d45191b
reloadAllAccessors: .TerminationTransition8

===========================================================================================
----------------- testing Mon Jun 18 21:44:01 UTC 2018 /home/travis/build/icyphy/ptII/ptolemy/domains/modal/test/auto/Thermostat_NoHysteresis.xml
----------------- Instantiating /home/travis/build/icyphy/ptII/ptolemy/domains/modal/test/auto/Thermostat_NoHysteresis.xml
23 ms. Memory: 870400K Free: 733574K (84%)
----------------- Invoking toplevel() on ptolemy.moml.MoMLSimpleApplication@5ccc9d4a
----------------- Done invoking toplevel() on ptolemy.moml.MoMLSimpleApplication@5ccc9d4a
reloadAllAccessors: .Thermostat_NoHysteresis

===========================================================================================
----------------- testing Mon Jun 18 21:44:01 UTC 2018 /home/travis/build/icyphy/ptII/ptolemy/domains/modal/test/auto/TimedFSM.xml
----------------- Instantiating /home/travis/build/icyphy/ptII/ptolemy/domains/modal/test/auto/TimedFSM.xml
7 ms. Memory: 870400K Free: 717978K (82%)
----------------- Invoking toplevel() on ptolemy.moml.MoMLSimpleApplication@6ca65fa
----------------- Done invoking toplevel() on ptolemy.moml.MoMLSimpleApplication@6ca65fa
reloadAllAccessors: .TimedFSM

===========================================================================================
----------------- testing Mon Jun 18 21:44:01 UTC 2018 /home/travis/build/icyphy/ptII/ptolemy/domains/modal/test/auto/Timeout1.xml
----------------- Instantiating /home/travis/build/icyphy/ptII/ptolemy/domains/modal/test/auto/Timeout1.xml
4 ms. Memory: 870400K Free: 705726K (81%)
----------------- Invoking toplevel() on ptolemy.moml.MoMLSimpleApplication@7d94425c
----------------- Done invoking toplevel() on ptolemy.moml.MoMLSimpleApplication@7d94425c
reloadAllAccessors: .Timeout1

===========================================================================================
----------------- testing Mon Jun 18 21:44:01 UTC 2018 /home/travis/build/icyphy/ptII/ptolemy/domains/modal/test/auto/Timeout2.xml
----------------- Instantiating /home/travis/build/icyphy/ptII/ptolemy/domains/modal/test/auto/Timeout2.xml
5 ms. Memory: 870400K Free: 690130K (79%)
----------------- Invoking toplevel() on ptolemy.moml.MoMLSimpleApplication@7c0b1b
----------------- Done invoking toplevel() on ptolemy.moml.MoMLSimpleApplication@7c0b1b
reloadAllAccessors: .Timeout2

===========================================================================================
----------------- testing Mon Jun 18 21:44:01 UTC 2018 /home/travis/build/icyphy/ptII/ptolemy/domains/modal/test/auto/Timeout3.xml
----------------- Instantiating /home/travis/build/icyphy/ptII/ptolemy/domains/modal/test/auto/Timeout3.xml
3 ms. Memory: 870400K Free: 677878K (78%)
----------------- Invoking toplevel() on ptolemy.moml.MoMLSimpleApplication@5439e9f3
----------------- Done invoking toplevel() on ptolemy.moml.MoMLSimpleApplication@5439e9f3
reloadAllAccessors: .Timeout3

===========================================================================================
----------------- testing Mon Jun 18 21:44:01 UTC 2018 /home/travis/build/icyphy/ptII/ptolemy/domains/modal/test/auto/Timeout4.xml
----------------- Instantiating /home/travis/build/icyphy/ptII/ptolemy/domains/modal/test/auto/Timeout4.xml
2 ms. Memory: 870400K Free: 667481K (77%)
----------------- Invoking toplevel() on ptolemy.moml.MoMLSimpleApplication@5d053cc5
----------------- Done invoking toplevel() on ptolemy.moml.MoMLSimpleApplication@5d053cc5
reloadAllAccessors: .Timeout4

===========================================================================================
----------------- testing Mon Jun 18 21:44:01 UTC 2018 /home/travis/build/icyphy/ptII/ptolemy/domains/modal/test/auto/TransientstateModelAdvanced.xml
----------------- Instantiating /home/travis/build/icyphy/ptII/ptolemy/domains/modal/test/auto/TransientstateModelAdvanced.xml
4 ms. Memory: 870400K Free: 644832K (74%)
----------------- Invoking toplevel() on ptolemy.moml.MoMLSimpleApplication@8058cd7
----------------- Done invoking toplevel() on ptolemy.moml.MoMLSimpleApplication@8058cd7
reloadAllAccessors: .TransientstateModelAdvanced

===========================================================================================
----------------- testing Mon Jun 18 21:44:01 UTC 2018 /home/travis/build/icyphy/ptII/ptolemy/domains/modal/test/auto/TransientstateModelAdvanced2.xml
----------------- Instantiating /home/travis/build/icyphy/ptII/ptolemy/domains/modal/test/auto/TransientstateModelAdvanced2.xml
4 ms. Memory: 870400K Free: 624022K (72%)
----------------- Invoking toplevel() on ptolemy.moml.MoMLSimpleApplication@7f8d6b8d
----------------- Done invoking toplevel() on ptolemy.moml.MoMLSimpleApplication@7f8d6b8d
reloadAllAccessors: .transientstatemodelAdvanced

===========================================================================================
----------------- testing Mon Jun 18 21:44:01 UTC 2018 /home/travis/build/icyphy/ptII/ptolemy/domains/modal/test/auto/TransitionRefinements.xml
----------------- Instantiating /home/travis/build/icyphy/ptII/ptolemy/domains/modal/test/auto/TransitionRefinements.xml
7 ms. Memory: 870400K Free: 606555K (70%)
----------------- Invoking toplevel() on ptolemy.moml.MoMLSimpleApplication@1ab50339
----------------- Done invoking toplevel() on ptolemy.moml.MoMLSimpleApplication@1ab50339
reloadAllAccessors: .TransitionRefinements

===========================================================================================
----------------- testing Mon Jun 18 21:44:01 UTC 2018 /home/travis/build/icyphy/ptII/ptolemy/domains/modal/test/auto/TwoRefinements1.xml
----------------- Instantiating /home/travis/build/icyphy/ptII/ptolemy/domains/modal/test/auto/TwoRefinements1.xml
3 ms. Memory: 870400K Free: 590943K (68%)
----------------- Invoking toplevel() on ptolemy.moml.MoMLSimpleApplication@2a01716f
----------------- Done invoking toplevel() on ptolemy.moml.MoMLSimpleApplication@2a01716f
reloadAllAccessors: .TwoRefinements1

===========================================================================================
----------------- testing Mon Jun 18 21:44:01 UTC 2018 /home/travis/build/icyphy/ptII/ptolemy/domains/modal/test/auto/TwoRefinements2.xml
----------------- Instantiating /home/travis/build/icyphy/ptII/ptolemy/domains/modal/test/auto/TwoRefinements2.xml
2 ms. Memory: 870400K Free: 573477K (66%)
----------------- Invoking toplevel() on ptolemy.moml.MoMLSimpleApplication@251eb13c
----------------- Done invoking toplevel() on ptolemy.moml.MoMLSimpleApplication@251eb13c
reloadAllAccessors: .TwoRefinements2

===========================================================================================
----------------- testing Mon Jun 18 21:44:01 UTC 2018 /home/travis/build/icyphy/ptII/ptolemy/domains/modal/test/auto/WeakImmediateTransition.xml
----------------- Instantiating /home/travis/build/icyphy/ptII/ptolemy/domains/modal/test/auto/WeakImmediateTransition.xml
2 ms. Memory: 870400K Free: 557881K (64%)
----------------- Invoking toplevel() on ptolemy.moml.MoMLSimpleApplication@4cd01872
----------------- Done invoking toplevel() on ptolemy.moml.MoMLSimpleApplication@4cd01872
reloadAllAccessors: .WeakImmediateTransition

===========================================================================================
----------------- testing Mon Jun 18 21:44:01 UTC 2018 /home/travis/build/icyphy/ptII/ptolemy/domains/modal/test/auto/booleanSelect.xml
----------------- Instantiating /home/travis/build/icyphy/ptII/ptolemy/domains/modal/test/auto/booleanSelect.xml
33 ms. Memory: 870400K Free: 530009K (61%)
----------------- Invoking toplevel() on ptolemy.moml.MoMLSimpleApplication@43609cb8
----------------- Done invoking toplevel() on ptolemy.moml.MoMLSimpleApplication@43609cb8
reloadAllAccessors: .booleanSelect

===========================================================================================
----------------- testing Mon Jun 18 21:44:01 UTC 2018 /home/travis/build/icyphy/ptII/ptolemy/domains/modal/test/auto/modalChangingParams.xml
----------------- Instantiating /home/travis/build/icyphy/ptII/ptolemy/domains/modal/test/auto/modalChangingParams.xml
0
1
0
2
4
6
8
7
0
2
4
6
8
13
0
2
4
6
8
19
0
2
4
6
8
25
0
2
4
6
8
31
0
2
4
6
8
37
0
2
4
6
8
43
0
2
4
6
8
49
0
2
4
6
8
55
0
2
4
6
8
61
0
2
4
6
8
67
0
2
4
6
8
73
0
2
4
6
8
79
0
2
4
6
8
85
0
2
4
6
8
91
0
2
4
6
8
97
0
2
4
6
8
103
0
2
4
6
8
109
0
2
4
6
8
115
0
2
4
6
8
121
0
2
4
6
8
127
0
2
4
6
8
133
0
2
4
6
8
139
0
2
4
6
8
145
0
2
4
6
8
151
0
2
4
6
8
157
0
2
4
6
8
163
0
2
4
6
8
169
0
2
4
6
8
175
0
2
4
6
8
181
0
2
4
6
8
187
0
2
4
6
8
193
0
2
4
6
8
199
0
2
4
6
8
205
0
2
4
6
8
211
0
2
4
6
8
217
0
2
4
6
8
223
0
2
4
6
8
229
0
2
4
6
8
235
0
2
4
6
8
241
0
2
4
6
8
247
0
2
4
6
8
253
0
2
4
6
8
259
0
2
4
6
8
265
0
2
4
6
8
271
0
2
4
6
8
277
0
2
4
6
8
283
0
2
4
6
8
289
0
2
4
6
8
295
0
2
4
6
8
301
0
2
4
6
8
307
0
2
4
6
8
313
0
2
4
6
8
319
0
2
4
6
8
325
0
2
4
6
8
331
0
2
4
6
8
337
0
2
4
6
8
343
0
2
4
6
8
349
0
2
4
6
8
355
0
2
4
6
8
361
0
2
4
6
8
367
0
2
4
6
8
373
0
2
4
6
8
379
0
2
4
6
8
385
0
2
4
6
8
391
0
2
4
6
8
397
0
2
4
6
8
403
0
2
4
6
8
409
0
2
4
6
8
415
0
2
4
6
8
421
0
2
4
6
8
427
0
2
4
6
8
433
0
2
4
6
8
439
0
2
4
6
8
445
0
2
4
6
8
451
0
2
4
6
8
457
0
2
4
6
8
463
0
2
4
6
8
469
0
2
4
6
8
475
0
2
4
6
8
481
0
2
4
6
8
487
0
2
4
6
8
493
0
2
4
6
8
499
0
2
4
6
8
505
0
2
4
6
8
511
0
2
4
6
8
517
0
2
4
6
8
523
0
2
4
6
8
529
0
2
4
6
8
535
0
2
4
6
8
541
0
2
4
6
8
547
0
2
4
6
8
553
0
2
4
6
8
559
0
2
4
6
8
565
0
2
4
6
8
571
0
2
4
6
8
577
0
2
4
6
8
583
0
2
4
6
8
589
0
2
4
6
8
595
0
2
4
6
8
601
0
2
4
6
8
607
0
2
4
6
8
613
0
2
4
6
8
619
0
2
4
6
8
625
0
2
4
6
8
631
0
2
4
6
8
637
0
2
4
6
8
643
0
2
4
6
8
649
0
2
4
6
8
655
0
2
4
6
8
661
0
2
4
6
8
667
0
2
4
6
8
673
0
2
4
6
8
679
0
2
4
6
8
685
0
2
4
6
8
691
0
2
4
6
8
697
0
2
4
6
8
703
0
2
4
6
8
709
0
2
4
6
8
715
0
2
4
6
8
721
0
2
4
6
8
727
0
2
4
6
8
733
0
2
4
6
8
739
0
2
4
6
8
745
0
2
4
6
8
751
0
2
4
6
8
757
0
2
4
6
8
763
0
2
4
6
8
769
0
2
4
6
8
775
0
2
4
6
8
781
0
2
4
6
8
787
0
2
4
6
8
793
0
2
4
6
8
799
0
2
4
6
8
805
0
2
4
6
8
811
0
2
4
6
8
817
0
2
4
6
8
823
0
2
4
6
8
829
0
2
4
6
8
835
0
2
4
6
8
841
0
2
4
6
8
847
0
2
4
6
8
853
0
2
4
6
8
859
0
2
4
6
8
865
0
2
4
6
8
871
0
2
4
6
8
877
0
2
4
6
8
883
0
2
4
6
8
889
0
2
4
6
8
895
0
2
4
6
8
901
0
2
4
6
8
907
0
2
4
6
8
913
0
2
4
6
8
919
0
2
4
6
8
925
0
2
4
6
8
931
0
2
4
6
8
937
0
2
4
6
8
943
0
2
4
6
8
949
0
2
4
6
8
955
0
2
4
6
8
961
0
2
4
6
8
967
0
2
4
6
8
973
0
2
4
6
8
979
0
2
4
6
8
985
0
2
4
6
8
991
0
2
4
6
8
997
0
2
206 ms. Memory: 870400K Free: 415385K (48%)
----------------- Invoking toplevel() on ptolemy.moml.MoMLSimpleApplication@5a4cad7a
----------------- Done invoking toplevel() on ptolemy.moml.MoMLSimpleApplication@5a4cad7a
reloadAllAccessors: .modalChangingParams

===========================================================================================
----------------- testing Mon Jun 18 21:44:02 UTC 2018 /home/travis/build/icyphy/ptII/ptolemy/domains/modal/test/auto/modalModel.xml
----------------- Instantiating /home/travis/build/icyphy/ptII/ptolemy/domains/modal/test/auto/modalModel.xml
15 ms. Memory: 870400K Free: 399774K (46%)
----------------- Invoking toplevel() on ptolemy.moml.MoMLSimpleApplication@562a7bb8
----------------- Done invoking toplevel() on ptolemy.moml.MoMLSimpleApplication@562a7bb8
reloadAllAccessors: .modalModel

===========================================================================================
----------------- testing Mon Jun 18 21:44:02 UTC 2018 /home/travis/build/icyphy/ptII/ptolemy/domains/modal/test/auto/modalModel2.xml
----------------- Instantiating /home/travis/build/icyphy/ptII/ptolemy/domains/modal/test/auto/modalModel2.xml
15 ms. Memory: 870400K Free: 382307K (44%)
----------------- Invoking toplevel() on ptolemy.moml.MoMLSimpleApplication@4857f069
----------------- Done invoking toplevel() on ptolemy.moml.MoMLSimpleApplication@4857f069
reloadAllAccessors: .modalModel2

===========================================================================================
----------------- testing Mon Jun 18 21:44:02 UTC 2018 /home/travis/build/icyphy/ptII/ptolemy/domains/modal/test/auto/modalModel3.xml
----------------- Instantiating /home/travis/build/icyphy/ptII/ptolemy/domains/modal/test/auto/modalModel3.xml
0	0	0
1	0	1
4	2	2
7	4	3
10	6	4
5	0	5
8	2	6
11	4	7
14	6	8
9	0	9
12	2	10
15	4	11
18	6	12
13	0	13
16	2	14
14 ms. Memory: 870400K Free: 366696K (42%)
----------------- Invoking toplevel() on ptolemy.moml.MoMLSimpleApplication@a79330
----------------- Done invoking toplevel() on ptolemy.moml.MoMLSimpleApplication@a79330
reloadAllAccessors: .modalModel3

===========================================================================================
----------------- testing Mon Jun 18 21:44:02 UTC 2018 /home/travis/build/icyphy/ptII/ptolemy/domains/modal/test/auto/model1.xml
----------------- Instantiating /home/travis/build/icyphy/ptII/ptolemy/domains/modal/test/auto/model1.xml
13 ms. Memory: 870400K Free: 354443K (41%)
----------------- Invoking toplevel() on ptolemy.moml.MoMLSimpleApplication@4c4498ac
----------------- Done invoking toplevel() on ptolemy.moml.MoMLSimpleApplication@4c4498ac
reloadAllAccessors: .model1

===========================================================================================
----------------- testing Mon Jun 18 21:44:02 UTC 2018 /home/travis/build/icyphy/ptII/ptolemy/domains/modal/test/auto/test-direct-in-out.xml
----------------- Instantiating /home/travis/build/icyphy/ptII/ptolemy/domains/modal/test/auto/test-direct-in-out.xml
5 ms. Memory: 870400K Free: 338832K (39%)
----------------- Invoking toplevel() on ptolemy.moml.MoMLSimpleApplication@47938473
----------------- Done invoking toplevel() on ptolemy.moml.MoMLSimpleApplication@47938473
reloadAllAccessors: .test-direct-in-out
AutoTests.java: About to close Vertx.
AutoTests.java: Vertx closed.
]]></system-out>
  <system-err><![CDATA[java.lang.RuntimeException: Execution failed
	at ptolemy.moml.MoMLSimpleApplication$UnloadThread.run(MoMLSimpleApplication.java:402)
Caused by: ptolemy.kernel.util.IllegalActionException: Unknown inputs remain. Possible causality loop:
L_model_1893289564i

  in .CannotAnalysisWithPreemption.model_1893289564_region_1 and .CannotAnalysisWithPreemption.model_1893289564_region_1.L_model_1893289564i
	at ptolemy.actor.sched.FixedPointDirector.postfire(FixedPointDirector.java:515)
	at ptolemy.domains.sr.kernel.SRDirector.postfire(SRDirector.java:417)
	at ptolemy.actor.CompositeActor.postfire(CompositeActor.java:1668)
	at ptolemy.actor.Manager.iterate(Manager.java:852)
	at ptolemy.actor.Manager.execute(Manager.java:369)
	at ptolemy.actor.Manager.run(Manager.java:1263)
	at ptolemy.actor.Manager$PtolemyRunThread.run(Manager.java:1915)
java.lang.reflect.InvocationTargetException
	at sun.reflect.NativeConstructorAccessorImpl.newInstance0(Native Method)
	at sun.reflect.NativeConstructorAccessorImpl.newInstance(NativeConstructorAccessorImpl.java:62)
	at sun.reflect.DelegatingConstructorAccessorImpl.newInstance(DelegatingConstructorAccessorImpl.java:45)
	at java.lang.reflect.Constructor.newInstance(Constructor.java:423)
	at ptolemy.util.test.junit.AutoKnownFailedTests.RunModel(AutoKnownFailedTests.java:107)
	at sun.reflect.NativeMethodAccessorImpl.invoke0(Native Method)
	at sun.reflect.NativeMethodAccessorImpl.invoke(NativeMethodAccessorImpl.java:62)
	at sun.reflect.DelegatingMethodAccessorImpl.invoke(DelegatingMethodAccessorImpl.java:43)
	at java.lang.reflect.Method.invoke(Method.java:498)
	at org.junit.runners.model.FrameworkMethod$1.runReflectiveCall(FrameworkMethod.java:44)
	at org.junit.internal.runners.model.ReflectiveCallable.run(ReflectiveCallable.java:15)
	at org.junit.runners.model.FrameworkMethod.invokeExplosively(FrameworkMethod.java:41)
	at junitparams.internal.InvokeParameterisedMethod.evaluate(InvokeParameterisedMethod.java:102)
	at org.junit.internal.runners.statements.FailOnTimeout$1.run(FailOnTimeout.java:28)
Caused by: ptolemy.kernel.util.IllegalActionException: Unknown inputs remain. Possible causality loop:
L_model_1893289564i

  in .CannotAnalysisWithPreemption.model_1893289564_region_1 and .CannotAnalysisWithPreemption.model_1893289564_region_1.L_model_1893289564i
	at ptolemy.actor.sched.FixedPointDirector.postfire(FixedPointDirector.java:515)
	at ptolemy.domains.sr.kernel.SRDirector.postfire(SRDirector.java:417)
	at ptolemy.actor.CompositeActor.postfire(CompositeActor.java:1668)
	at ptolemy.actor.Manager.iterate(Manager.java:852)
	at ptolemy.actor.Manager.execute(Manager.java:369)
	at ptolemy.actor.Manager.run(Manager.java:1263)
	at ptolemy.actor.Manager$PtolemyRunThread.run(Manager.java:1915)
]]></system-err>
</testsuite>
