<?xml version="1.0" encoding="UTF-8" ?>
<testsuite errors="0" failures="0" hostname="travis-job-809b2911-01d5-4df3-a092-126e25e97cbc" name="ptolemy.actor.lib.hoc.test.junit.JUnitTclTest" skipped="0" tests="58" time="30.131" timestamp="2020-05-09T14:16:54">
  <properties>
[...]
</properties>
  <testcase classname="ptolemy.util.test.junit.TclTests" name="[0] /home/travis/build/icyphy/ptII/ptolemy/actor/lib/hoc/test/IterateOverArray.tcl (RunTclFile)" time="0.233" />
  <testcase classname="ptolemy.util.test.junit.AutoKnownFailedTests" name="[0] /home/travis/build/icyphy/ptII/ptolemy/actor/lib/hoc/test/auto/knownFailedTests/PreinitializeMustBeInvokedRunComposite.xml (RunModel)" time="0.381" />
  <testcase classname="ptolemy.util.test.junit.AutoNameArchTests" name="[0] ThereAreNoAutoArchTests (RunModel)" time="0.003" />
  <testcase classname="ptolemy.util.test.junit.AutoTests" name="[0] /home/travis/build/icyphy/ptII/ptolemy/actor/lib/hoc/test/auto/AllToAllMultiInstanceComposite.xml (RunModel)" time="0.386" />
  <testcase classname="ptolemy.util.test.junit.AutoTests" name="[1] /home/travis/build/icyphy/ptII/ptolemy/actor/lib/hoc/test/auto/ApplyFFTTest.xml (RunModel)" time="0.317" />
  <testcase classname="ptolemy.util.test.junit.AutoTests" name="[2] /home/travis/build/icyphy/ptII/ptolemy/actor/lib/hoc/test/auto/ApplyFunction.xml (RunModel)" time="0.029" />
  <testcase classname="ptolemy.util.test.junit.AutoTests" name="[3] /home/travis/build/icyphy/ptII/ptolemy/actor/lib/hoc/test/auto/BackgroundExecution.xml (RunModel)" time="0.689" />
  <testcase classname="ptolemy.util.test.junit.AutoTests" name="[4] /home/travis/build/icyphy/ptII/ptolemy/actor/lib/hoc/test/auto/Case.xml (RunModel)" time="0.074" />
  <testcase classname="ptolemy.util.test.junit.AutoTests" name="[5] /home/travis/build/icyphy/ptII/ptolemy/actor/lib/hoc/test/auto/Case1.xml (RunModel)" time="0.038" />
  <testcase classname="ptolemy.util.test.junit.AutoTests" name="[6] /home/travis/build/icyphy/ptII/ptolemy/actor/lib/hoc/test/auto/Case2.xml (RunModel)" time="0.082" />
  <testcase classname="ptolemy.util.test.junit.AutoTests" name="[7] /home/travis/build/icyphy/ptII/ptolemy/actor/lib/hoc/test/auto/Case3.xml (RunModel)" time="0.032" />
  <testcase classname="ptolemy.util.test.junit.AutoTests" name="[8] /home/travis/build/icyphy/ptII/ptolemy/actor/lib/hoc/test/auto/Case4.xml (RunModel)" time="0.055" />
  <testcase classname="ptolemy.util.test.junit.AutoTests" name="[9] /home/travis/build/icyphy/ptII/ptolemy/actor/lib/hoc/test/auto/Case5.xml (RunModel)" time="0.081" />
  <testcase classname="ptolemy.util.test.junit.AutoTests" name="[10] /home/travis/build/icyphy/ptII/ptolemy/actor/lib/hoc/test/auto/Case6.xml (RunModel)" time="0.108" />
  <testcase classname="ptolemy.util.test.junit.AutoTests" name="[11] /home/travis/build/icyphy/ptII/ptolemy/actor/lib/hoc/test/auto/CaseString2.xml (RunModel)" time="0.039" />
  <testcase classname="ptolemy.util.test.junit.AutoTests" name="[12] /home/travis/build/icyphy/ptII/ptolemy/actor/lib/hoc/test/auto/CatchUpComposite1.xml (RunModel)" time="0.087" />
  <testcase classname="ptolemy.util.test.junit.AutoTests" name="[13] /home/travis/build/icyphy/ptII/ptolemy/actor/lib/hoc/test/auto/CatchUpComposite2.xml (RunModel)" time="0.043" />
  <testcase classname="ptolemy.util.test.junit.AutoTests" name="[14] /home/travis/build/icyphy/ptII/ptolemy/actor/lib/hoc/test/auto/CatchUpComposite3.xml (RunModel)" time="0.054" />
  <testcase classname="ptolemy.util.test.junit.AutoTests" name="[15] /home/travis/build/icyphy/ptII/ptolemy/actor/lib/hoc/test/auto/CatchUpComposite4.xml (RunModel)" time="0.041" />
  <testcase classname="ptolemy.util.test.junit.AutoTests" name="[16] /home/travis/build/icyphy/ptII/ptolemy/actor/lib/hoc/test/auto/CatchUpComposite5.xml (RunModel)" time="0.024" />
  <testcase classname="ptolemy.util.test.junit.AutoTests" name="[17] /home/travis/build/icyphy/ptII/ptolemy/actor/lib/hoc/test/auto/CatchUpComposite6.xml (RunModel)" time="0.111" />
  <testcase classname="ptolemy.util.test.junit.AutoTests" name="[18] /home/travis/build/icyphy/ptII/ptolemy/actor/lib/hoc/test/auto/CatchUpComposite7.xml (RunModel)" time="0.094" />
  <testcase classname="ptolemy.util.test.junit.AutoTests" name="[19] /home/travis/build/icyphy/ptII/ptolemy/actor/lib/hoc/test/auto/ConcurrentExecutionTimeSDF.xml (RunModel)" time="1.745" />
  <testcase classname="ptolemy.util.test.junit.AutoTests" name="[20] /home/travis/build/icyphy/ptII/ptolemy/actor/lib/hoc/test/auto/ConcurrentSleep.xml (RunModel)" time="0.757" />
  <testcase classname="ptolemy.util.test.junit.AutoTests" name="[21] /home/travis/build/icyphy/ptII/ptolemy/actor/lib/hoc/test/auto/DEInPNInRunCompositeActor.xml (RunModel)" time="0.023" />
  <testcase classname="ptolemy.util.test.junit.AutoTests" name="[22] /home/travis/build/icyphy/ptII/ptolemy/actor/lib/hoc/test/auto/DFTSubSetTest.xml (RunModel)" time="0.29" />
  <testcase classname="ptolemy.util.test.junit.AutoTests" name="[23] /home/travis/build/icyphy/ptII/ptolemy/actor/lib/hoc/test/auto/HocDE.xml (RunModel)" time="0.175" />
  <testcase classname="ptolemy.util.test.junit.AutoTests" name="[24] /home/travis/build/icyphy/ptII/ptolemy/actor/lib/hoc/test/auto/IterateOverArray.xml (RunModel)" time="0.026" />
  <testcase classname="ptolemy.util.test.junit.AutoTests" name="[25] /home/travis/build/icyphy/ptII/ptolemy/actor/lib/hoc/test/auto/IterateOverArray10.xml (RunModel)" time="0.017" />
  <testcase classname="ptolemy.util.test.junit.AutoTests" name="[26] /home/travis/build/icyphy/ptII/ptolemy/actor/lib/hoc/test/auto/IterateOverArray11.xml (RunModel)" time="0.026" />
  <testcase classname="ptolemy.util.test.junit.AutoTests" name="[27] /home/travis/build/icyphy/ptII/ptolemy/actor/lib/hoc/test/auto/IterateOverArray12.xml (RunModel)" time="0.032" />
  <testcase classname="ptolemy.util.test.junit.AutoTests" name="[28] /home/travis/build/icyphy/ptII/ptolemy/actor/lib/hoc/test/auto/IterateOverArray13.xml (RunModel)" time="0.134" />
  <testcase classname="ptolemy.util.test.junit.AutoTests" name="[29] /home/travis/build/icyphy/ptII/ptolemy/actor/lib/hoc/test/auto/IterateOverArray14.xml (RunModel)" time="0.138" />
  <testcase classname="ptolemy.util.test.junit.AutoTests" name="[30] /home/travis/build/icyphy/ptII/ptolemy/actor/lib/hoc/test/auto/IterateOverArray2.xml (RunModel)" time="0.023" />
  <testcase classname="ptolemy.util.test.junit.AutoTests" name="[31] /home/travis/build/icyphy/ptII/ptolemy/actor/lib/hoc/test/auto/IterateOverArray3.xml (RunModel)" time="0.039" />
  <testcase classname="ptolemy.util.test.junit.AutoTests" name="[32] /home/travis/build/icyphy/ptII/ptolemy/actor/lib/hoc/test/auto/IterateOverArray4.xml (RunModel)" time="0.012" />
  <testcase classname="ptolemy.util.test.junit.AutoTests" name="[33] /home/travis/build/icyphy/ptII/ptolemy/actor/lib/hoc/test/auto/IterateOverArray5.xml (RunModel)" time="0.016" />
  <testcase classname="ptolemy.util.test.junit.AutoTests" name="[34] /home/travis/build/icyphy/ptII/ptolemy/actor/lib/hoc/test/auto/IterateOverArray6.xml (RunModel)" time="0.014" />
  <testcase classname="ptolemy.util.test.junit.AutoTests" name="[35] /home/travis/build/icyphy/ptII/ptolemy/actor/lib/hoc/test/auto/IterateOverArray7.xml (RunModel)" time="0.015" />
  <testcase classname="ptolemy.util.test.junit.AutoTests" name="[36] /home/travis/build/icyphy/ptII/ptolemy/actor/lib/hoc/test/auto/IterateOverArray8.xml (RunModel)" time="0.014" />
  <testcase classname="ptolemy.util.test.junit.AutoTests" name="[37] /home/travis/build/icyphy/ptII/ptolemy/actor/lib/hoc/test/auto/IterateOverArray9.xml (RunModel)" time="0.012" />
  <testcase classname="ptolemy.util.test.junit.AutoTests" name="[38] /home/travis/build/icyphy/ptII/ptolemy/actor/lib/hoc/test/auto/IterateOverArrayCoercedOutputType.xml (RunModel)" time="0.03" />
  <testcase classname="ptolemy.util.test.junit.AutoTests" name="[39] /home/travis/build/icyphy/ptII/ptolemy/actor/lib/hoc/test/auto/IterateOverArrayInferredOutputType.xml (RunModel)" time="0.025" />
  <testcase classname="ptolemy.util.test.junit.AutoTests" name="[40] /home/travis/build/icyphy/ptII/ptolemy/actor/lib/hoc/test/auto/MobileFunctionTest.xml (RunModel)" time="0.033" />
  <testcase classname="ptolemy.util.test.junit.AutoTests" name="[41] /home/travis/build/icyphy/ptII/ptolemy/actor/lib/hoc/test/auto/MobileModelTest.xml (RunModel)" time="0.151" />
  <testcase classname="ptolemy.util.test.junit.AutoTests" name="[42] /home/travis/build/icyphy/ptII/ptolemy/actor/lib/hoc/test/auto/ModelReference.xml (RunModel)" time="0.079" />
  <testcase classname="ptolemy.util.test.junit.AutoTests" name="[43] /home/travis/build/icyphy/ptII/ptolemy/actor/lib/hoc/test/auto/ModelReference3.xml (RunModel)" time="0.034" />
  <testcase classname="ptolemy.util.test.junit.AutoTests" name="[44] /home/travis/build/icyphy/ptII/ptolemy/actor/lib/hoc/test/auto/ModelReference4.xml (RunModel)" time="10.023" />
  <testcase classname="ptolemy.util.test.junit.AutoTests" name="[45] /home/travis/build/icyphy/ptII/ptolemy/actor/lib/hoc/test/auto/MultiInstanceComposite.xml (RunModel)" time="0.062" />
  <testcase classname="ptolemy.util.test.junit.AutoTests" name="[46] /home/travis/build/icyphy/ptII/ptolemy/actor/lib/hoc/test/auto/MultiInstanceComposite2.xml (RunModel)" time="0.04" />
  <testcase classname="ptolemy.util.test.junit.AutoTests" name="[47] /home/travis/build/icyphy/ptII/ptolemy/actor/lib/hoc/test/auto/MulticoreExecution.xml (RunModel)" time="1.094" />
  <testcase classname="ptolemy.util.test.junit.AutoTests" name="[48] /home/travis/build/icyphy/ptII/ptolemy/actor/lib/hoc/test/auto/ParallelExecution.xml (RunModel)" time="0.939" />
  <testcase classname="ptolemy.util.test.junit.AutoTests" name="[49] /home/travis/build/icyphy/ptII/ptolemy/actor/lib/hoc/test/auto/RunCompositeActor.xml (RunModel)" time="0.019" />
  <testcase classname="ptolemy.util.test.junit.AutoTests" name="[50] /home/travis/build/icyphy/ptII/ptolemy/actor/lib/hoc/test/auto/RunCompositeActor2.xml (RunModel)" time="0.016" />
  <testcase classname="ptolemy.util.test.junit.AutoTests" name="[51] /home/travis/build/icyphy/ptII/ptolemy/actor/lib/hoc/test/auto/RunCompositeActor3.xml (RunModel)" time="0.018" />
  <testcase classname="ptolemy.util.test.junit.AutoTests" name="[52] /home/travis/build/icyphy/ptII/ptolemy/actor/lib/hoc/test/auto/RunCompositeActor4.xml (RunModel)" time="0.027" />
  <testcase classname="ptolemy.util.test.junit.AutoTests" name="[53] /home/travis/build/icyphy/ptII/ptolemy/actor/lib/hoc/test/auto/RunCompositeIterateOverArray.xml (RunModel)" time="0.02" />
  <testcase classname="ptolemy.util.test.junit.AutoTests" name="[54] /home/travis/build/icyphy/ptII/ptolemy/actor/lib/hoc/test/auto/ThreadedJS.xml (RunModel)" time="10.407" />
  <system-out><![CDATA[/home/travis/build/icyphy/ptII/ptolemy/actor/lib/hoc/test/IterateOverArray.tcl
testDefs.tcl: setting time out to 9000 seconds at Sat May 09 14:16:54 UTC 2020
05/09/20 02:16:54
Failed: 0  Total Tests: 2  ((Passed: 2, Newly Passed: 0)  Known Failed: 0) /home/travis/build/icyphy/ptII/ptolemy/actor/lib/hoc/test
----------------- testing (KnownFailure) /home/travis/build/icyphy/ptII/ptolemy/actor/lib/hoc/test/auto/knownFailedTests/PreinitializeMustBeInvokedRunComposite.xml
115 ms. Memory: 129024K Free: 85960K (67%)
Known Failure: java.lang.reflect.InvocationTargetException
No auto/linux-amd64/*.xml tests in /home/travis/build/icyphy/ptII/ptolemy/actor/lib/hoc/test
AutoTests.java: About to close Vertx.
AutoTests.java: Vertx closed.

===========================================================================================
----------------- testing Sat May 09 14:16:55 UTC 2020 /home/travis/build/icyphy/ptII/ptolemy/actor/lib/hoc/test/auto/AllToAllMultiInstanceComposite.xml
----------------- Instantiating /home/travis/build/icyphy/ptII/ptolemy/actor/lib/hoc/test/auto/AllToAllMultiInstanceComposite.xml
172 ms. Memory: 129024K Free: 106792K (83%)
----------------- Invoking toplevel() on ptolemy.moml.MoMLSimpleApplication@42331f1a
----------------- Done invoking toplevel() on ptolemy.moml.MoMLSimpleApplication@42331f1a
reloadAllAccessors: .AllToAllMultiInstanceComposite

===========================================================================================
----------------- testing Sat May 09 14:16:56 UTC 2020 /home/travis/build/icyphy/ptII/ptolemy/actor/lib/hoc/test/auto/ApplyFFTTest.xml
----------------- Instantiating /home/travis/build/icyphy/ptII/ptolemy/actor/lib/hoc/test/auto/ApplyFFTTest.xml
126 ms. Memory: 129024K Free: 87897K (68%)
----------------- Invoking toplevel() on ptolemy.moml.MoMLSimpleApplication@5bc9f35
----------------- Done invoking toplevel() on ptolemy.moml.MoMLSimpleApplication@5bc9f35
reloadAllAccessors: .ApplyFFTTest

===========================================================================================
----------------- testing Sat May 09 14:16:56 UTC 2020 /home/travis/build/icyphy/ptII/ptolemy/actor/lib/hoc/test/auto/ApplyFunction.xml
----------------- Instantiating /home/travis/build/icyphy/ptII/ptolemy/actor/lib/hoc/test/auto/ApplyFunction.xml
4 ms. Memory: 129024K Free: 85061K (66%)
----------------- Invoking toplevel() on ptolemy.moml.MoMLSimpleApplication@1a49b63e
----------------- Done invoking toplevel() on ptolemy.moml.MoMLSimpleApplication@1a49b63e
reloadAllAccessors: .ApplyFunction

===========================================================================================
----------------- testing Sat May 09 14:16:56 UTC 2020 /home/travis/build/icyphy/ptII/ptolemy/actor/lib/hoc/test/auto/BackgroundExecution.xml
----------------- Instantiating /home/travis/build/icyphy/ptII/ptolemy/actor/lib/hoc/test/auto/BackgroundExecution.xml
636 ms. Memory: 129024K Free: 77096K (60%)
----------------- Invoking toplevel() on ptolemy.moml.MoMLSimpleApplication@53b60b3
----------------- Done invoking toplevel() on ptolemy.moml.MoMLSimpleApplication@53b60b3
reloadAllAccessors: .BackgroundExecution

===========================================================================================
----------------- testing Sat May 09 14:16:57 UTC 2020 /home/travis/build/icyphy/ptII/ptolemy/actor/lib/hoc/test/auto/Case.xml
----------------- Instantiating /home/travis/build/icyphy/ptII/ptolemy/actor/lib/hoc/test/auto/Case.xml
28 ms. Memory: 129024K Free: 69947K (54%)
----------------- Invoking toplevel() on ptolemy.moml.MoMLSimpleApplication@23da77c1
----------------- Done invoking toplevel() on ptolemy.moml.MoMLSimpleApplication@23da77c1
reloadAllAccessors: .Case

===========================================================================================
----------------- testing Sat May 09 14:16:57 UTC 2020 /home/travis/build/icyphy/ptII/ptolemy/actor/lib/hoc/test/auto/Case1.xml
----------------- Instantiating /home/travis/build/icyphy/ptII/ptolemy/actor/lib/hoc/test/auto/Case1.xml
9 ms. Memory: 129024K Free: 108382K (84%)
----------------- Invoking toplevel() on ptolemy.moml.MoMLSimpleApplication@2c0d9090
----------------- Done invoking toplevel() on ptolemy.moml.MoMLSimpleApplication@2c0d9090
reloadAllAccessors: .Case1

===========================================================================================
----------------- testing Sat May 09 14:16:57 UTC 2020 /home/travis/build/icyphy/ptII/ptolemy/actor/lib/hoc/test/auto/Case2.xml
----------------- Instantiating /home/travis/build/icyphy/ptII/ptolemy/actor/lib/hoc/test/auto/Case2.xml
24 ms. Memory: 129024K Free: 98180K (76%)
----------------- Invoking toplevel() on ptolemy.moml.MoMLSimpleApplication@338a34e
----------------- Done invoking toplevel() on ptolemy.moml.MoMLSimpleApplication@338a34e
reloadAllAccessors: .Case2

===========================================================================================
----------------- testing Sat May 09 14:16:57 UTC 2020 /home/travis/build/icyphy/ptII/ptolemy/actor/lib/hoc/test/auto/Case3.xml
----------------- Instantiating /home/travis/build/icyphy/ptII/ptolemy/actor/lib/hoc/test/auto/Case3.xml
7 ms. Memory: 129024K Free: 92439K (72%)
----------------- Invoking toplevel() on ptolemy.moml.MoMLSimpleApplication@2a191eee
----------------- Done invoking toplevel() on ptolemy.moml.MoMLSimpleApplication@2a191eee
reloadAllAccessors: .Case3

===========================================================================================
----------------- testing Sat May 09 14:16:57 UTC 2020 /home/travis/build/icyphy/ptII/ptolemy/actor/lib/hoc/test/auto/Case4.xml
----------------- Instantiating /home/travis/build/icyphy/ptII/ptolemy/actor/lib/hoc/test/auto/Case4.xml
15 ms. Memory: 129024K Free: 84868K (66%)
----------------- Invoking toplevel() on ptolemy.moml.MoMLSimpleApplication@2d57edd1
----------------- Done invoking toplevel() on ptolemy.moml.MoMLSimpleApplication@2d57edd1
reloadAllAccessors: .Case4

===========================================================================================
----------------- testing Sat May 09 14:16:57 UTC 2020 /home/travis/build/icyphy/ptII/ptolemy/actor/lib/hoc/test/auto/Case5.xml
----------------- Instantiating /home/travis/build/icyphy/ptII/ptolemy/actor/lib/hoc/test/auto/Case5.xml
50 ms. Memory: 129024K Free: 78127K (61%)
----------------- Invoking toplevel() on ptolemy.moml.MoMLSimpleApplication@6a82f1a3
----------------- Done invoking toplevel() on ptolemy.moml.MoMLSimpleApplication@6a82f1a3
reloadAllAccessors: .junk

===========================================================================================
----------------- testing Sat May 09 14:16:57 UTC 2020 /home/travis/build/icyphy/ptII/ptolemy/actor/lib/hoc/test/auto/Case6.xml
----------------- Instantiating /home/travis/build/icyphy/ptII/ptolemy/actor/lib/hoc/test/auto/Case6.xml
38 ms. Memory: 129024K Free: 66933K (52%)
----------------- Invoking toplevel() on ptolemy.moml.MoMLSimpleApplication@6a402366
----------------- Done invoking toplevel() on ptolemy.moml.MoMLSimpleApplication@6a402366
reloadAllAccessors: .Case6

===========================================================================================
----------------- testing Sat May 09 14:16:57 UTC 2020 /home/travis/build/icyphy/ptII/ptolemy/actor/lib/hoc/test/auto/CaseString2.xml
----------------- Instantiating /home/travis/build/icyphy/ptII/ptolemy/actor/lib/hoc/test/auto/CaseString2.xml
13 ms. Memory: 129024K Free: 112707K (87%)
----------------- Invoking toplevel() on ptolemy.moml.MoMLSimpleApplication@72c198f5
----------------- Done invoking toplevel() on ptolemy.moml.MoMLSimpleApplication@72c198f5
reloadAllAccessors: .CaseString2

===========================================================================================
----------------- testing Sat May 09 14:16:57 UTC 2020 /home/travis/build/icyphy/ptII/ptolemy/actor/lib/hoc/test/auto/CatchUpComposite1.xml
----------------- Instantiating /home/travis/build/icyphy/ptII/ptolemy/actor/lib/hoc/test/auto/CatchUpComposite1.xml
36 ms. Memory: 129024K Free: 103445K (80%)
----------------- Invoking toplevel() on ptolemy.moml.MoMLSimpleApplication@572e5c1f
----------------- Done invoking toplevel() on ptolemy.moml.MoMLSimpleApplication@572e5c1f
reloadAllAccessors: .CatchUpComposite1

===========================================================================================
----------------- testing Sat May 09 14:16:57 UTC 2020 /home/travis/build/icyphy/ptII/ptolemy/actor/lib/hoc/test/auto/CatchUpComposite2.xml
----------------- Instantiating /home/travis/build/icyphy/ptII/ptolemy/actor/lib/hoc/test/auto/CatchUpComposite2.xml
5 ms. Memory: 129024K Free: 95520K (74%)
----------------- Invoking toplevel() on ptolemy.moml.MoMLSimpleApplication@3a4d0661
----------------- Done invoking toplevel() on ptolemy.moml.MoMLSimpleApplication@3a4d0661
reloadAllAccessors: .CatchUpComposite2

===========================================================================================
----------------- testing Sat May 09 14:16:57 UTC 2020 /home/travis/build/icyphy/ptII/ptolemy/actor/lib/hoc/test/auto/CatchUpComposite3.xml
----------------- Instantiating /home/travis/build/icyphy/ptII/ptolemy/actor/lib/hoc/test/auto/CatchUpComposite3.xml
18 ms. Memory: 129024K Free: 86652K (67%)
----------------- Invoking toplevel() on ptolemy.moml.MoMLSimpleApplication@c4e540
----------------- Done invoking toplevel() on ptolemy.moml.MoMLSimpleApplication@c4e540
reloadAllAccessors: .CatchUpComposite3

===========================================================================================
----------------- testing Sat May 09 14:16:57 UTC 2020 /home/travis/build/icyphy/ptII/ptolemy/actor/lib/hoc/test/auto/CatchUpComposite4.xml
----------------- Instantiating /home/travis/build/icyphy/ptII/ptolemy/actor/lib/hoc/test/auto/CatchUpComposite4.xml
12 ms. Memory: 129024K Free: 79136K (61%)
----------------- Invoking toplevel() on ptolemy.moml.MoMLSimpleApplication@4945962b
----------------- Done invoking toplevel() on ptolemy.moml.MoMLSimpleApplication@4945962b
reloadAllAccessors: .CatchUpComposite4

===========================================================================================
----------------- testing Sat May 09 14:16:57 UTC 2020 /home/travis/build/icyphy/ptII/ptolemy/actor/lib/hoc/test/auto/CatchUpComposite5.xml
----------------- Instantiating /home/travis/build/icyphy/ptII/ptolemy/actor/lib/hoc/test/auto/CatchUpComposite5.xml
6 ms. Memory: 129024K Free: 71292K (55%)
----------------- Invoking toplevel() on ptolemy.moml.MoMLSimpleApplication@75f6c2f0
----------------- Done invoking toplevel() on ptolemy.moml.MoMLSimpleApplication@75f6c2f0
reloadAllAccessors: .CatchUpComposite5

===========================================================================================
----------------- testing Sat May 09 14:16:57 UTC 2020 /home/travis/build/icyphy/ptII/ptolemy/actor/lib/hoc/test/auto/CatchUpComposite6.xml
----------------- Instantiating /home/travis/build/icyphy/ptII/ptolemy/actor/lib/hoc/test/auto/CatchUpComposite6.xml
WARNING: The execution aspects in this model can influence the timing of actors by delaying the 
execution, potentially changing the behavior. There is no guarantee that actors fire at the 
time they request to be fired. 
Use Ptides for deterministic DE behavior that is not influenced by execution aspects. 

51 ms. Memory: 129024K Free: 56956K (44%)
----------------- Invoking toplevel() on ptolemy.moml.MoMLSimpleApplication@ba8a242
----------------- Done invoking toplevel() on ptolemy.moml.MoMLSimpleApplication@ba8a242
reloadAllAccessors: .CatchUpComposite6

===========================================================================================
----------------- testing Sat May 09 14:16:57 UTC 2020 /home/travis/build/icyphy/ptII/ptolemy/actor/lib/hoc/test/auto/CatchUpComposite7.xml
----------------- Instantiating /home/travis/build/icyphy/ptII/ptolemy/actor/lib/hoc/test/auto/CatchUpComposite7.xml
WARNING: The execution aspects in this model can influence the timing of actors by delaying the 
execution, potentially changing the behavior. There is no guarantee that actors fire at the 
time they request to be fired. 
Use Ptides for deterministic DE behavior that is not influenced by execution aspects. 

40 ms. Memory: 129024K Free: 104338K (81%)
----------------- Invoking toplevel() on ptolemy.moml.MoMLSimpleApplication@7fc0abfa
----------------- Done invoking toplevel() on ptolemy.moml.MoMLSimpleApplication@7fc0abfa
reloadAllAccessors: .CatchUpComposite7

===========================================================================================
----------------- testing Sat May 09 14:16:58 UTC 2020 /home/travis/build/icyphy/ptII/ptolemy/actor/lib/hoc/test/auto/ConcurrentExecutionTimeSDF.xml
----------------- Instantiating /home/travis/build/icyphy/ptII/ptolemy/actor/lib/hoc/test/auto/ConcurrentExecutionTimeSDF.xml
Fired ExecutionTime: 40400000
Fired ExecutionTime: 40400000
Fired ExecutionTime: 40400000
Fired ExecutionTime: 40400000
Fired ExecutionTime: 40400000
Fired ExecutionTime: 40400000
Fired ExecutionTime: 40400000
Fired ExecutionTime: 40400000
Fired ExecutionTime: 40400000
Fired ExecutionTime: 40400000
Fired ExecutionTime: 40400000
Fired ExecutionTime: 40400000
Fired ExecutionTime: 40400000
Fired ExecutionTime: 40400000
Fired ExecutionTime: 40400000
Fired ExecutionTime: 40400000
Fired ExecutionTime: 40400000
Fired ExecutionTime: 40400000
Fired ExecutionTime: 40400000
Fired ExecutionTime: 40400000
1718 ms. Memory: 129024K Free: 96895K (75%)
----------------- Invoking toplevel() on ptolemy.moml.MoMLSimpleApplication@3c2da10e
----------------- Done invoking toplevel() on ptolemy.moml.MoMLSimpleApplication@3c2da10e
reloadAllAccessors: .ConcurrentExecutionTimeSDF

===========================================================================================
----------------- testing Sat May 09 14:16:59 UTC 2020 /home/travis/build/icyphy/ptII/ptolemy/actor/lib/hoc/test/auto/ConcurrentSleep.xml
----------------- Instantiating /home/travis/build/icyphy/ptII/ptolemy/actor/lib/hoc/test/auto/ConcurrentSleep.xml
724 ms. Memory: 129024K Free: 86280K (67%)
----------------- Invoking toplevel() on ptolemy.moml.MoMLSimpleApplication@53297a98
----------------- Done invoking toplevel() on ptolemy.moml.MoMLSimpleApplication@53297a98
reloadAllAccessors: .ConcurrentSleep

===========================================================================================
----------------- testing Sat May 09 14:17:00 UTC 2020 /home/travis/build/icyphy/ptII/ptolemy/actor/lib/hoc/test/auto/DEInPNInRunCompositeActor.xml
----------------- Instantiating /home/travis/build/icyphy/ptII/ptolemy/actor/lib/hoc/test/auto/DEInPNInRunCompositeActor.xml
9 ms. Memory: 129024K Free: 81160K (63%)
----------------- Invoking toplevel() on ptolemy.moml.MoMLSimpleApplication@677ed4cd
----------------- Done invoking toplevel() on ptolemy.moml.MoMLSimpleApplication@677ed4cd
reloadAllAccessors: .DEInPNInRunCompositeActor

===========================================================================================
----------------- testing Sat May 09 14:17:00 UTC 2020 /home/travis/build/icyphy/ptII/ptolemy/actor/lib/hoc/test/auto/DFTSubSetTest.xml
----------------- Instantiating /home/travis/build/icyphy/ptII/ptolemy/actor/lib/hoc/test/auto/DFTSubSetTest.xml
178 ms. Memory: 129024K Free: 111529K (86%)
----------------- Invoking toplevel() on ptolemy.moml.MoMLSimpleApplication@5dfd215a
----------------- Done invoking toplevel() on ptolemy.moml.MoMLSimpleApplication@5dfd215a
reloadAllAccessors: .DFTSubSetTest

===========================================================================================
----------------- testing Sat May 09 14:17:00 UTC 2020 /home/travis/build/icyphy/ptII/ptolemy/actor/lib/hoc/test/auto/HocDE.xml
----------------- Instantiating /home/travis/build/icyphy/ptII/ptolemy/actor/lib/hoc/test/auto/HocDE.xml
123 ms. Memory: 129024K Free: 86389K (67%)
----------------- Invoking toplevel() on ptolemy.moml.MoMLSimpleApplication@614a4a83
----------------- Done invoking toplevel() on ptolemy.moml.MoMLSimpleApplication@614a4a83
reloadAllAccessors: .HocDE

===========================================================================================
----------------- testing Sat May 09 14:17:01 UTC 2020 /home/travis/build/icyphy/ptII/ptolemy/actor/lib/hoc/test/auto/IterateOverArray.xml
----------------- Instantiating /home/travis/build/icyphy/ptII/ptolemy/actor/lib/hoc/test/auto/IterateOverArray.xml
4 ms. Memory: 129024K Free: 82293K (64%)
----------------- Invoking toplevel() on ptolemy.moml.MoMLSimpleApplication@31ef2192
----------------- Done invoking toplevel() on ptolemy.moml.MoMLSimpleApplication@31ef2192
reloadAllAccessors: .IterateOverArray

===========================================================================================
----------------- testing Sat May 09 14:17:01 UTC 2020 /home/travis/build/icyphy/ptII/ptolemy/actor/lib/hoc/test/auto/IterateOverArray10.xml
----------------- Instantiating /home/travis/build/icyphy/ptII/ptolemy/actor/lib/hoc/test/auto/IterateOverArray10.xml
3 ms. Memory: 129024K Free: 78828K (61%)
----------------- Invoking toplevel() on ptolemy.moml.MoMLSimpleApplication@4e6ca7c6
----------------- Done invoking toplevel() on ptolemy.moml.MoMLSimpleApplication@4e6ca7c6
reloadAllAccessors: .IterateOverArray10

===========================================================================================
----------------- testing Sat May 09 14:17:01 UTC 2020 /home/travis/build/icyphy/ptII/ptolemy/actor/lib/hoc/test/auto/IterateOverArray11.xml
----------------- Instantiating /home/travis/build/icyphy/ptII/ptolemy/actor/lib/hoc/test/auto/IterateOverArray11.xml
2 ms. Memory: 129024K Free: 74740K (58%)
----------------- Invoking toplevel() on ptolemy.moml.MoMLSimpleApplication@35f82903
----------------- Done invoking toplevel() on ptolemy.moml.MoMLSimpleApplication@35f82903
reloadAllAccessors: .IterateOverArray11

===========================================================================================
----------------- testing Sat May 09 14:17:01 UTC 2020 /home/travis/build/icyphy/ptII/ptolemy/actor/lib/hoc/test/auto/IterateOverArray12.xml
----------------- Instantiating /home/travis/build/icyphy/ptII/ptolemy/actor/lib/hoc/test/auto/IterateOverArray12.xml
13 ms. Memory: 129024K Free: 69235K (54%)
----------------- Invoking toplevel() on ptolemy.moml.MoMLSimpleApplication@7d0702b9
----------------- Done invoking toplevel() on ptolemy.moml.MoMLSimpleApplication@7d0702b9
reloadAllAccessors: .IterateOverArray12

===========================================================================================
----------------- testing Sat May 09 14:17:01 UTC 2020 /home/travis/build/icyphy/ptII/ptolemy/actor/lib/hoc/test/auto/IterateOverArray13.xml
----------------- Instantiating /home/travis/build/icyphy/ptII/ptolemy/actor/lib/hoc/test/auto/IterateOverArray13.xml
53 ms. Memory: 129024K Free: 43665K (34%)
----------------- Invoking toplevel() on ptolemy.moml.MoMLSimpleApplication@7c47241d
----------------- Done invoking toplevel() on ptolemy.moml.MoMLSimpleApplication@7c47241d
reloadAllAccessors: .IterateOverArray13

===========================================================================================
----------------- testing Sat May 09 14:17:01 UTC 2020 /home/travis/build/icyphy/ptII/ptolemy/actor/lib/hoc/test/auto/IterateOverArray14.xml
----------------- Instantiating /home/travis/build/icyphy/ptII/ptolemy/actor/lib/hoc/test/auto/IterateOverArray14.xml
60 ms. Memory: 129024K Free: 83960K (65%)
----------------- Invoking toplevel() on ptolemy.moml.MoMLSimpleApplication@7313756f
----------------- Done invoking toplevel() on ptolemy.moml.MoMLSimpleApplication@7313756f
reloadAllAccessors: .IterateOverArray14

===========================================================================================
----------------- testing Sat May 09 14:17:01 UTC 2020 /home/travis/build/icyphy/ptII/ptolemy/actor/lib/hoc/test/auto/IterateOverArray2.xml
----------------- Instantiating /home/travis/build/icyphy/ptII/ptolemy/actor/lib/hoc/test/auto/IterateOverArray2.xml
7 ms. Memory: 129024K Free: 79203K (61%)
----------------- Invoking toplevel() on ptolemy.moml.MoMLSimpleApplication@10669b07
----------------- Done invoking toplevel() on ptolemy.moml.MoMLSimpleApplication@10669b07
reloadAllAccessors: .IterateOverArray2

===========================================================================================
----------------- testing Sat May 09 14:17:01 UTC 2020 /home/travis/build/icyphy/ptII/ptolemy/actor/lib/hoc/test/auto/IterateOverArray3.xml
----------------- Instantiating /home/travis/build/icyphy/ptII/ptolemy/actor/lib/hoc/test/auto/IterateOverArray3.xml
11 ms. Memory: 129024K Free: 73425K (57%)
----------------- Invoking toplevel() on ptolemy.moml.MoMLSimpleApplication@927c649
----------------- Done invoking toplevel() on ptolemy.moml.MoMLSimpleApplication@927c649
reloadAllAccessors: .IterateOverArray3

===========================================================================================
----------------- testing Sat May 09 14:17:01 UTC 2020 /home/travis/build/icyphy/ptII/ptolemy/actor/lib/hoc/test/auto/IterateOverArray4.xml
----------------- Instantiating /home/travis/build/icyphy/ptII/ptolemy/actor/lib/hoc/test/auto/IterateOverArray4.xml
4 ms. Memory: 129024K Free: 69594K (54%)
----------------- Invoking toplevel() on ptolemy.moml.MoMLSimpleApplication@1c0f2a22
----------------- Done invoking toplevel() on ptolemy.moml.MoMLSimpleApplication@1c0f2a22
reloadAllAccessors: .IterateOverArray4

===========================================================================================
----------------- testing Sat May 09 14:17:01 UTC 2020 /home/travis/build/icyphy/ptII/ptolemy/actor/lib/hoc/test/auto/IterateOverArray5.xml
----------------- Instantiating /home/travis/build/icyphy/ptII/ptolemy/actor/lib/hoc/test/auto/IterateOverArray5.xml
3 ms. Memory: 129024K Free: 65433K (51%)
----------------- Invoking toplevel() on ptolemy.moml.MoMLSimpleApplication@795222cb
----------------- Done invoking toplevel() on ptolemy.moml.MoMLSimpleApplication@795222cb
reloadAllAccessors: .IterateOverArray5

===========================================================================================
----------------- testing Sat May 09 14:17:01 UTC 2020 /home/travis/build/icyphy/ptII/ptolemy/actor/lib/hoc/test/auto/IterateOverArray6.xml
----------------- Instantiating /home/travis/build/icyphy/ptII/ptolemy/actor/lib/hoc/test/auto/IterateOverArray6.xml
2 ms. Memory: 129024K Free: 62440K (48%)
----------------- Invoking toplevel() on ptolemy.moml.MoMLSimpleApplication@6c4e25d5
----------------- Done invoking toplevel() on ptolemy.moml.MoMLSimpleApplication@6c4e25d5
reloadAllAccessors: .IterateOverArray6

===========================================================================================
----------------- testing Sat May 09 14:17:01 UTC 2020 /home/travis/build/icyphy/ptII/ptolemy/actor/lib/hoc/test/auto/IterateOverArray7.xml
----------------- Instantiating /home/travis/build/icyphy/ptII/ptolemy/actor/lib/hoc/test/auto/IterateOverArray7.xml
3 ms. Memory: 129024K Free: 58065K (45%)
----------------- Invoking toplevel() on ptolemy.moml.MoMLSimpleApplication@201b714e
----------------- Done invoking toplevel() on ptolemy.moml.MoMLSimpleApplication@201b714e
reloadAllAccessors: .IterateOverArray7

===========================================================================================
----------------- testing Sat May 09 14:17:01 UTC 2020 /home/travis/build/icyphy/ptII/ptolemy/actor/lib/hoc/test/auto/IterateOverArray8.xml
----------------- Instantiating /home/travis/build/icyphy/ptII/ptolemy/actor/lib/hoc/test/auto/IterateOverArray8.xml
2 ms. Memory: 129024K Free: 54256K (42%)
----------------- Invoking toplevel() on ptolemy.moml.MoMLSimpleApplication@50ee1046
----------------- Done invoking toplevel() on ptolemy.moml.MoMLSimpleApplication@50ee1046
reloadAllAccessors: .IterateOverArray8

===========================================================================================
----------------- testing Sat May 09 14:17:01 UTC 2020 /home/travis/build/icyphy/ptII/ptolemy/actor/lib/hoc/test/auto/IterateOverArray9.xml
----------------- Instantiating /home/travis/build/icyphy/ptII/ptolemy/actor/lib/hoc/test/auto/IterateOverArray9.xml
3 ms. Memory: 129024K Free: 50517K (39%)
----------------- Invoking toplevel() on ptolemy.moml.MoMLSimpleApplication@6631b2d0
----------------- Done invoking toplevel() on ptolemy.moml.MoMLSimpleApplication@6631b2d0
reloadAllAccessors: .IterateOverArray9

===========================================================================================
----------------- testing Sat May 09 14:17:01 UTC 2020 /home/travis/build/icyphy/ptII/ptolemy/actor/lib/hoc/test/auto/IterateOverArrayCoercedOutputType.xml
----------------- Instantiating /home/travis/build/icyphy/ptII/ptolemy/actor/lib/hoc/test/auto/IterateOverArrayCoercedOutputType.xml
3 ms. Memory: 129024K Free: 45373K (35%)
----------------- Invoking toplevel() on ptolemy.moml.MoMLSimpleApplication@729d2582
----------------- Done invoking toplevel() on ptolemy.moml.MoMLSimpleApplication@729d2582
reloadAllAccessors: .IterateOverArrayCoercedOutputType

===========================================================================================
----------------- testing Sat May 09 14:17:01 UTC 2020 /home/travis/build/icyphy/ptII/ptolemy/actor/lib/hoc/test/auto/IterateOverArrayInferredOutputType.xml
----------------- Instantiating /home/travis/build/icyphy/ptII/ptolemy/actor/lib/hoc/test/auto/IterateOverArrayInferredOutputType.xml
10 ms. Memory: 129024K Free: 40906K (32%)
----------------- Invoking toplevel() on ptolemy.moml.MoMLSimpleApplication@68cf2a70
----------------- Done invoking toplevel() on ptolemy.moml.MoMLSimpleApplication@68cf2a70
reloadAllAccessors: .IterateOverArrayInferredOutputType

===========================================================================================
----------------- testing Sat May 09 14:17:01 UTC 2020 /home/travis/build/icyphy/ptII/ptolemy/actor/lib/hoc/test/auto/MobileFunctionTest.xml
----------------- Instantiating /home/travis/build/icyphy/ptII/ptolemy/actor/lib/hoc/test/auto/MobileFunctionTest.xml
3 ms. Memory: 129024K Free: 111179K (86%)
----------------- Invoking toplevel() on ptolemy.moml.MoMLSimpleApplication@4376782b
----------------- Done invoking toplevel() on ptolemy.moml.MoMLSimpleApplication@4376782b
reloadAllAccessors: .MobileFunctionTest

===========================================================================================
----------------- testing Sat May 09 14:17:01 UTC 2020 /home/travis/build/icyphy/ptII/ptolemy/actor/lib/hoc/test/auto/MobileModelTest.xml
----------------- Instantiating /home/travis/build/icyphy/ptII/ptolemy/actor/lib/hoc/test/auto/MobileModelTest.xml
129 ms. Memory: 129024K Free: 90191K (70%)
----------------- Invoking toplevel() on ptolemy.moml.MoMLSimpleApplication@3dea5b5f
----------------- Done invoking toplevel() on ptolemy.moml.MoMLSimpleApplication@3dea5b5f
reloadAllAccessors: .MobileModelTest

===========================================================================================
----------------- testing Sat May 09 14:17:01 UTC 2020 /home/travis/build/icyphy/ptII/ptolemy/actor/lib/hoc/test/auto/ModelReference.xml
----------------- Instantiating /home/travis/build/icyphy/ptII/ptolemy/actor/lib/hoc/test/auto/ModelReference.xml
2 ms. Memory: 129024K Free: 83531K (65%)
7 ms. Memory: 129024K Free: 82993K (64%)
1 ms. Memory: 129024K Free: 81985K (64%)
3 ms. Memory: 129024K Free: 80969K (63%)
2 ms. Memory: 129024K Free: 80459K (62%)
1 ms. Memory: 129024K Free: 79435K (62%)
1 ms. Memory: 129024K Free: 78921K (61%)
4 ms. Memory: 129024K Free: 77911K (60%)
1 ms. Memory: 129024K Free: 76873K (60%)
2 ms. Memory: 129024K Free: 76363K (59%)
35 ms. Memory: 129024K Free: 76363K (59%)
----------------- Invoking toplevel() on ptolemy.moml.MoMLSimpleApplication@1e4f27a3
----------------- Done invoking toplevel() on ptolemy.moml.MoMLSimpleApplication@1e4f27a3
reloadAllAccessors: .ModelReference

===========================================================================================
----------------- testing Sat May 09 14:17:01 UTC 2020 /home/travis/build/icyphy/ptII/ptolemy/actor/lib/hoc/test/auto/ModelReference3.xml
----------------- Instantiating /home/travis/build/icyphy/ptII/ptolemy/actor/lib/hoc/test/auto/ModelReference3.xml
1 ms. Memory: 129024K Free: 71243K (55%)
3 ms. Memory: 129024K Free: 70705K (55%)
1 ms. Memory: 129024K Free: 69719K (54%)
2 ms. Memory: 129024K Free: 69213K (54%)
1 ms. Memory: 129024K Free: 68171K (53%)
1 ms. Memory: 129024K Free: 67147K (52%)
3 ms. Memory: 129024K Free: 66633K (52%)
2 ms. Memory: 129024K Free: 65623K (51%)
2 ms. Memory: 129024K Free: 65111K (50%)
1 ms. Memory: 129024K Free: 64075K (50%)
22 ms. Memory: 129024K Free: 64075K (50%)
----------------- Invoking toplevel() on ptolemy.moml.MoMLSimpleApplication@75b96a7b
----------------- Done invoking toplevel() on ptolemy.moml.MoMLSimpleApplication@75b96a7b
reloadAllAccessors: .ModelReference3

===========================================================================================
----------------- testing Sat May 09 14:17:01 UTC 2020 /home/travis/build/icyphy/ptII/ptolemy/actor/lib/hoc/test/auto/ModelReference4.xml
----------------- Instantiating /home/travis/build/icyphy/ptII/ptolemy/actor/lib/hoc/test/auto/ModelReference4.xml
1 ms. Memory: 129024K Free: 59441K (46%)
2 ms. Memory: 129024K Free: 57949K (45%)
2 ms. Memory: 129024K Free: 56907K (44%)
3 ms. Memory: 129024K Free: 55369K (43%)
2 ms. Memory: 129024K Free: 54331K (42%)
11 ms. Memory: 129024K Free: 53315K (41%)
2 ms. Memory: 129024K Free: 51787K (40%)
2 ms. Memory: 129024K Free: 50781K (39%)
2 ms. Memory: 129024K Free: 49225K (38%)
2 ms. Memory: 129024K Free: 47709K (37%)
10013 ms. Memory: 129024K Free: 47709K (37%)
----------------- Invoking toplevel() on ptolemy.moml.MoMLSimpleApplication@563d122c
----------------- Done invoking toplevel() on ptolemy.moml.MoMLSimpleApplication@563d122c
reloadAllAccessors: .ModelReference4

===========================================================================================
----------------- testing Sat May 09 14:17:11 UTC 2020 /home/travis/build/icyphy/ptII/ptolemy/actor/lib/hoc/test/auto/MultiInstanceComposite.xml
----------------- Instantiating /home/travis/build/icyphy/ptII/ptolemy/actor/lib/hoc/test/auto/MultiInstanceComposite.xml
27 ms. Memory: 129024K Free: 103310K (80%)
----------------- Invoking toplevel() on ptolemy.moml.MoMLSimpleApplication@de097fd
----------------- Done invoking toplevel() on ptolemy.moml.MoMLSimpleApplication@de097fd
reloadAllAccessors: .MultiInstanceComposite

===========================================================================================
----------------- testing Sat May 09 14:17:12 UTC 2020 /home/travis/build/icyphy/ptII/ptolemy/actor/lib/hoc/test/auto/MultiInstanceComposite2.xml
----------------- Instantiating /home/travis/build/icyphy/ptII/ptolemy/actor/lib/hoc/test/auto/MultiInstanceComposite2.xml
22 ms. Memory: 129024K Free: 92046K (71%)
----------------- Invoking toplevel() on ptolemy.moml.MoMLSimpleApplication@50544dab
----------------- Done invoking toplevel() on ptolemy.moml.MoMLSimpleApplication@50544dab
reloadAllAccessors: .MultiInstanceComposite2

===========================================================================================
----------------- testing Sat May 09 14:17:12 UTC 2020 /home/travis/build/icyphy/ptII/ptolemy/actor/lib/hoc/test/auto/MulticoreExecution.xml
----------------- Instantiating /home/travis/build/icyphy/ptII/ptolemy/actor/lib/hoc/test/auto/MulticoreExecution.xml
Fired ExecutionTime: 2400000
Fired ExecutionTime: 2800000
Fired ExecutionTime: 3600000
Fired ExecutionTime: 2400000
Fired ExecutionTime: 3200000
Fired ExecutionTime: 3600000
Fired ExecutionTime: 52400000
Fired ExecutionTime: 50000000
Fired ExecutionTime: 58800000
Fired ExecutionTime: 28800000
Fired ExecutionTime: 31600000
Fired ExecutionTime: 40800000
Fired ExecutionTime: 36800000
Fired ExecutionTime: 58400000
Fired ExecutionTime: 54800000
Fired ExecutionTime: 32800000
Fired ExecutionTime: 108800000
Fired ExecutionTime: 115200000
Fired ExecutionTime: 108400000
Fired ExecutionTime: 109200000
1072 ms. Memory: 129024K Free: 83481K (65%)
----------------- Invoking toplevel() on ptolemy.moml.MoMLSimpleApplication@2b3b6ed
----------------- Done invoking toplevel() on ptolemy.moml.MoMLSimpleApplication@2b3b6ed
reloadAllAccessors: .MulticoreExecution

===========================================================================================
----------------- testing Sat May 09 14:17:13 UTC 2020 /home/travis/build/icyphy/ptII/ptolemy/actor/lib/hoc/test/auto/ParallelExecution.xml
----------------- Instantiating /home/travis/build/icyphy/ptII/ptolemy/actor/lib/hoc/test/auto/ParallelExecution.xml
913 ms. Memory: 129024K Free: 76036K (59%)
----------------- Invoking toplevel() on ptolemy.moml.MoMLSimpleApplication@772d22
----------------- Done invoking toplevel() on ptolemy.moml.MoMLSimpleApplication@772d22
reloadAllAccessors: .ParallelExecution

===========================================================================================
----------------- testing Sat May 09 14:17:14 UTC 2020 /home/travis/build/icyphy/ptII/ptolemy/actor/lib/hoc/test/auto/RunCompositeActor.xml
----------------- Instantiating /home/travis/build/icyphy/ptII/ptolemy/actor/lib/hoc/test/auto/RunCompositeActor.xml
7 ms. Memory: 129024K Free: 69145K (54%)
----------------- Invoking toplevel() on ptolemy.moml.MoMLSimpleApplication@9071124
----------------- Done invoking toplevel() on ptolemy.moml.MoMLSimpleApplication@9071124
reloadAllAccessors: .RunCompositeActor

===========================================================================================
----------------- testing Sat May 09 14:17:14 UTC 2020 /home/travis/build/icyphy/ptII/ptolemy/actor/lib/hoc/test/auto/RunCompositeActor2.xml
----------------- Instantiating /home/travis/build/icyphy/ptII/ptolemy/actor/lib/hoc/test/auto/RunCompositeActor2.xml
4 ms. Memory: 129024K Free: 63336K (49%)
----------------- Invoking toplevel() on ptolemy.moml.MoMLSimpleApplication@412f679e
----------------- Done invoking toplevel() on ptolemy.moml.MoMLSimpleApplication@412f679e
reloadAllAccessors: .RunCompositeActor2

===========================================================================================
----------------- testing Sat May 09 14:17:14 UTC 2020 /home/travis/build/icyphy/ptII/ptolemy/actor/lib/hoc/test/auto/RunCompositeActor3.xml
----------------- Instantiating /home/travis/build/icyphy/ptII/ptolemy/actor/lib/hoc/test/auto/RunCompositeActor3.xml
4 ms. Memory: 129024K Free: 57843K (45%)
----------------- Invoking toplevel() on ptolemy.moml.MoMLSimpleApplication@1db03660
----------------- Done invoking toplevel() on ptolemy.moml.MoMLSimpleApplication@1db03660
reloadAllAccessors: .RunCompositeActor3

===========================================================================================
----------------- testing Sat May 09 14:17:14 UTC 2020 /home/travis/build/icyphy/ptII/ptolemy/actor/lib/hoc/test/auto/RunCompositeActor4.xml
----------------- Instantiating /home/travis/build/icyphy/ptII/ptolemy/actor/lib/hoc/test/auto/RunCompositeActor4.xml
13 ms. Memory: 129024K Free: 50040K (39%)
----------------- Invoking toplevel() on ptolemy.moml.MoMLSimpleApplication@7eef6718
----------------- Done invoking toplevel() on ptolemy.moml.MoMLSimpleApplication@7eef6718
reloadAllAccessors: .RunCompositeActor4

===========================================================================================
----------------- testing Sat May 09 14:17:14 UTC 2020 /home/travis/build/icyphy/ptII/ptolemy/actor/lib/hoc/test/auto/RunCompositeIterateOverArray.xml
----------------- Instantiating /home/travis/build/icyphy/ptII/ptolemy/actor/lib/hoc/test/auto/RunCompositeIterateOverArray.xml
3 ms. Memory: 129024K Free: 44294K (34%)
----------------- Invoking toplevel() on ptolemy.moml.MoMLSimpleApplication@52f314ff
----------------- Done invoking toplevel() on ptolemy.moml.MoMLSimpleApplication@52f314ff
reloadAllAccessors: .RunCompositeIterateOverArray

===========================================================================================
----------------- testing Sat May 09 14:17:14 UTC 2020 /home/travis/build/icyphy/ptII/ptolemy/actor/lib/hoc/test/auto/ThreadedJS.xml
----------------- Instantiating /home/travis/build/icyphy/ptII/ptolemy/actor/lib/hoc/test/auto/ThreadedJS.xml
5040 ms. Memory: 202752K Free: 144255K (71%)
----------------- Invoking toplevel() on ptolemy.moml.MoMLSimpleApplication@1abae9e3
----------------- Done invoking toplevel() on ptolemy.moml.MoMLSimpleApplication@1abae9e3
reloadAllAccessors: .ThreadedJS
AutoTests.java: About to close Vertx.
AutoTests.java: Vertx closed.
]]></system-out>
  <system-err><![CDATA[java.lang.RuntimeException: Execution failed
	at ptolemy.moml.MoMLSimpleApplication$UnloadThread.run(MoMLSimpleApplication.java:402)
Caused by: ptolemy.kernel.util.IllegalActionException: initialize() was called after wrapup() was called but preinitialize() was not called after wrapup().
	at ptolemy.actor.lib.hoc.test.PreinitializeMustBeInvoked.initialize(PreinitializeMustBeInvoked.java:78)
	at ptolemy.actor.Director.initialize(Director.java:938)
	at ptolemy.actor.Director.initialize(Director.java:907)
	at ptolemy.actor.sched.StaticSchedulingDirector.initialize(StaticSchedulingDirector.java:159)
	at ptolemy.domains.sdf.kernel.SDFDirector.initialize(SDFDirector.java:544)
	at ptolemy.actor.CompositeActor.initialize(CompositeActor.java:935)
	at ptolemy.actor.lib.hoc.LifeCycleManager._executeInsideModel(LifeCycleManager.java:339)
	at ptolemy.actor.lib.hoc.RunCompositeActor.fire(RunCompositeActor.java:205)
	at ptolemy.actor.CompositeActor.iterate(CompositeActor.java:1146)
	at ptolemy.actor.sched.StaticSchedulingDirector.fire(StaticSchedulingDirector.java:216)
	at ptolemy.domains.sdf.kernel.SDFDirector.fire(SDFDirector.java:500)
	at ptolemy.actor.CompositeActor.fire(CompositeActor.java:455)
	at ptolemy.actor.Manager.iterate(Manager.java:851)
	at ptolemy.actor.Manager.execute(Manager.java:369)
	at ptolemy.actor.Manager.run(Manager.java:1263)
	at ptolemy.actor.Manager$PtolemyRunThread.run(Manager.java:1933)
java.lang.reflect.InvocationTargetException
	at java.base/jdk.internal.reflect.NativeConstructorAccessorImpl.newInstance0(Native Method)
	at java.base/jdk.internal.reflect.NativeConstructorAccessorImpl.newInstance(NativeConstructorAccessorImpl.java:62)
	at java.base/jdk.internal.reflect.DelegatingConstructorAccessorImpl.newInstance(DelegatingConstructorAccessorImpl.java:45)
	at java.base/java.lang.reflect.Constructor.newInstance(Constructor.java:490)
	at ptolemy.util.test.junit.AutoKnownFailedTests.RunModel(AutoKnownFailedTests.java:105)
	at java.base/jdk.internal.reflect.NativeMethodAccessorImpl.invoke0(Native Method)
	at java.base/jdk.internal.reflect.NativeMethodAccessorImpl.invoke(NativeMethodAccessorImpl.java:62)
	at java.base/jdk.internal.reflect.DelegatingMethodAccessorImpl.invoke(DelegatingMethodAccessorImpl.java:43)
	at java.base/java.lang.reflect.Method.invoke(Method.java:566)
	at org.junit.runners.model.FrameworkMethod$1.runReflectiveCall(FrameworkMethod.java:44)
	at org.junit.internal.runners.model.ReflectiveCallable.run(ReflectiveCallable.java:15)
	at org.junit.runners.model.FrameworkMethod.invokeExplosively(FrameworkMethod.java:41)
	at junitparams.internal.InvokeParameterisedMethod.evaluate(InvokeParameterisedMethod.java:102)
	at org.junit.internal.runners.statements.FailOnTimeout$1.run(FailOnTimeout.java:28)
Caused by: ptolemy.kernel.util.IllegalActionException: initialize() was called after wrapup() was called but preinitialize() was not called after wrapup().
	at ptolemy.actor.lib.hoc.test.PreinitializeMustBeInvoked.initialize(PreinitializeMustBeInvoked.java:78)
	at ptolemy.actor.Director.initialize(Director.java:938)
	at ptolemy.actor.Director.initialize(Director.java:907)
	at ptolemy.actor.sched.StaticSchedulingDirector.initialize(StaticSchedulingDirector.java:159)
	at ptolemy.domains.sdf.kernel.SDFDirector.initialize(SDFDirector.java:544)
	at ptolemy.actor.CompositeActor.initialize(CompositeActor.java:935)
	at ptolemy.actor.lib.hoc.LifeCycleManager._executeInsideModel(LifeCycleManager.java:339)
	at ptolemy.actor.lib.hoc.RunCompositeActor.fire(RunCompositeActor.java:205)
	at ptolemy.actor.CompositeActor.iterate(CompositeActor.java:1146)
	at ptolemy.actor.sched.StaticSchedulingDirector.fire(StaticSchedulingDirector.java:216)
	at ptolemy.domains.sdf.kernel.SDFDirector.fire(SDFDirector.java:500)
	at ptolemy.actor.CompositeActor.fire(CompositeActor.java:455)
	at ptolemy.actor.Manager.iterate(Manager.java:851)
	at ptolemy.actor.Manager.execute(Manager.java:369)
	at ptolemy.actor.Manager.run(Manager.java:1263)
	at ptolemy.actor.Manager$PtolemyRunThread.run(Manager.java:1933)
Warning: Nashorn engine is planned to be removed from a future JDK release
Warning: Nashorn engine is planned to be removed from a future JDK release
Warning: Nashorn engine is planned to be removed from a future JDK release
Warning: Nashorn engine is planned to be removed from a future JDK release
Warning: Nashorn engine is planned to be removed from a future JDK release
Warning: Nashorn engine is planned to be removed from a future JDK release
Warning: Nashorn engine is planned to be removed from a future JDK release
Warning: Nashorn engine is planned to be removed from a future JDK release
]]></system-err>
</testsuite>
