<?xml version="1.0" encoding="UTF-8" ?>
<testsuite errors="0" failures="0" hostname="travis-job-13a42af7-a80d-44de-bbdb-747877cd9603" name="ptolemy.domains.de.test.junit.JUnitTclTest" skipped="0" tests="101" time="131.9" timestamp="2019-10-04T05:49:17">
  <properties>
[...]
</properties>
  <testcase classname="ptolemy.util.test.junit.TclTests" name="[0] /home/travis/build/icyphy/ptII/ptolemy/domains/de/test/DependencyLoop.tcl (RunTclFile)" time="0.958" />
  <testcase classname="ptolemy.util.test.junit.TclTests" name="[1] /home/travis/build/icyphy/ptII/ptolemy/domains/de/test/RunDETestsAsQSS.tcl (RunTclFile)" time="89.907" />
  <testcase classname="ptolemy.util.test.junit.AutoKnownFailedTests" name="[0] /home/travis/build/icyphy/ptII/ptolemy/domains/de/test/auto/knownFailedTests/DESDFClockTest.xml (RunModel)" time="2.057" />
  <testcase classname="ptolemy.util.test.junit.AutoKnownFailedTests" name="[1] /home/travis/build/icyphy/ptII/ptolemy/domains/de/test/auto/knownFailedTests/DirectFeedback.xml (RunModel)" time="0.021" />
  <testcase classname="ptolemy.util.test.junit.AutoKnownFailedTests" name="[2] /home/travis/build/icyphy/ptII/ptolemy/domains/de/test/auto/knownFailedTests/FSMSource.xml (RunModel)" time="0.042" />
  <testcase classname="ptolemy.util.test.junit.AutoKnownFailedTests" name="[3] /home/travis/build/icyphy/ptII/ptolemy/domains/de/test/auto/knownFailedTests/HierarchicalModel.xml (RunModel)" time="0.051" />
  <testcase classname="ptolemy.util.test.junit.AutoKnownFailedTests" name="[4] /home/travis/build/icyphy/ptII/ptolemy/domains/de/test/auto/knownFailedTests/dependencyLoop.xml (RunModel)" time="0.052" />
  <testcase classname="ptolemy.util.test.junit.AutoKnownFailedTests" name="[5] /home/travis/build/icyphy/ptII/ptolemy/domains/de/test/auto/knownFailedTests/dependencyLoop2.xml (RunModel)" time="0.043" />
  <testcase classname="ptolemy.util.test.junit.AutoNameArchTests" name="[0] ThereAreNoAutoArchTests (RunModel)" time="0.001" />
  <testcase classname="ptolemy.util.test.junit.AutoTests" name="[0] /home/travis/build/icyphy/ptII/ptolemy/domains/de/test/auto/ActorDepthCalculation_actorWithoutPorts.xml (RunModel)" time="0.027" />
  <testcase classname="ptolemy.util.test.junit.AutoTests" name="[1] /home/travis/build/icyphy/ptII/ptolemy/domains/de/test/auto/AssemblyLine.xml (RunModel)" time="0.027" />
  <testcase classname="ptolemy.util.test.junit.AutoTests" name="[2] /home/travis/build/icyphy/ptII/ptolemy/domains/de/test/auto/CQBug1.xml (RunModel)" time="0.013" />
  <testcase classname="ptolemy.util.test.junit.AutoTests" name="[3] /home/travis/build/icyphy/ptII/ptolemy/domains/de/test/auto/CancelFireAt.xml (RunModel)" time="0.021" />
  <testcase classname="ptolemy.util.test.junit.AutoTests" name="[4] /home/travis/build/icyphy/ptII/ptolemy/domains/de/test/auto/CausalityAndComposabilityAnalysis.xml (RunModel)" time="0.021" />
  <testcase classname="ptolemy.util.test.junit.AutoTests" name="[5] /home/travis/build/icyphy/ptII/ptolemy/domains/de/test/auto/CausalityInterface1.xml (RunModel)" time="0.016" />
  <testcase classname="ptolemy.util.test.junit.AutoTests" name="[6] /home/travis/build/icyphy/ptII/ptolemy/domains/de/test/auto/CausalityInterface15.xml (RunModel)" time="0.016" />
  <testcase classname="ptolemy.util.test.junit.AutoTests" name="[7] /home/travis/build/icyphy/ptII/ptolemy/domains/de/test/auto/CausalityInterface2.xml (RunModel)" time="0.017" />
  <testcase classname="ptolemy.util.test.junit.AutoTests" name="[8] /home/travis/build/icyphy/ptII/ptolemy/domains/de/test/auto/CausalityInterface3.xml (RunModel)" time="0.013" />
  <testcase classname="ptolemy.util.test.junit.AutoTests" name="[9] /home/travis/build/icyphy/ptII/ptolemy/domains/de/test/auto/ClockDrift.xml (RunModel)" time="0.035" />
  <testcase classname="ptolemy.util.test.junit.AutoTests" name="[10] /home/travis/build/icyphy/ptII/ptolemy/domains/de/test/auto/ClockDriftAndValueChange.xml (RunModel)" time="0.035" />
  <testcase classname="ptolemy.util.test.junit.AutoTests" name="[11] /home/travis/build/icyphy/ptII/ptolemy/domains/de/test/auto/ClockDriftChange.xml (RunModel)" time="0.033" />
  <testcase classname="ptolemy.util.test.junit.AutoTests" name="[12] /home/travis/build/icyphy/ptII/ptolemy/domains/de/test/auto/ComposableCausalityAnalysis.xml (RunModel)" time="0.014" />
  <testcase classname="ptolemy.util.test.junit.AutoTests" name="[13] /home/travis/build/icyphy/ptII/ptolemy/domains/de/test/auto/DEFixedPointLimitation.xml (RunModel)" time="0.011" />
  <testcase classname="ptolemy.util.test.junit.AutoTests" name="[14] /home/travis/build/icyphy/ptII/ptolemy/domains/de/test/auto/DEScheduleTest.xml (RunModel)" time="0.014" />
  <testcase classname="ptolemy.util.test.junit.AutoTests" name="[15] /home/travis/build/icyphy/ptII/ptolemy/domains/de/test/auto/DEinDEwithStartTimes.xml (RunModel)" time="0.015" />
  <testcase classname="ptolemy.util.test.junit.AutoTests" name="[16] /home/travis/build/icyphy/ptII/ptolemy/domains/de/test/auto/DEinDEwithStartTimes2.xml (RunModel)" time="0.012" />
  <testcase classname="ptolemy.util.test.junit.AutoTests" name="[17] /home/travis/build/icyphy/ptII/ptolemy/domains/de/test/auto/DateDemo.xml (RunModel)" time="0.041" />
  <testcase classname="ptolemy.util.test.junit.AutoTests" name="[18] /home/travis/build/icyphy/ptII/ptolemy/domains/de/test/auto/DateToEvent.xml (RunModel)" time="2.046" />
  <testcase classname="ptolemy.util.test.junit.AutoTests" name="[19] /home/travis/build/icyphy/ptII/ptolemy/domains/de/test/auto/DepthTest1.xml (RunModel)" time="0.008" />
  <testcase classname="ptolemy.util.test.junit.AutoTests" name="[20] /home/travis/build/icyphy/ptII/ptolemy/domains/de/test/auto/DepthTest2.xml (RunModel)" time="0.022" />
  <testcase classname="ptolemy.util.test.junit.AutoTests" name="[21] /home/travis/build/icyphy/ptII/ptolemy/domains/de/test/auto/DepthTest3.xml (RunModel)" time="0.009" />
  <testcase classname="ptolemy.util.test.junit.AutoTests" name="[22] /home/travis/build/icyphy/ptII/ptolemy/domains/de/test/auto/DepthTest4.xml (RunModel)" time="0.011" />
  <testcase classname="ptolemy.util.test.junit.AutoTests" name="[23] /home/travis/build/icyphy/ptII/ptolemy/domains/de/test/auto/DepthTest5.xml (RunModel)" time="0.014" />
  <testcase classname="ptolemy.util.test.junit.AutoTests" name="[24] /home/travis/build/icyphy/ptII/ptolemy/domains/de/test/auto/DepthTest6.xml (RunModel)" time="0.012" />
  <testcase classname="ptolemy.util.test.junit.AutoTests" name="[25] /home/travis/build/icyphy/ptII/ptolemy/domains/de/test/auto/DepthTest7.xml (RunModel)" time="0.016" />
  <testcase classname="ptolemy.util.test.junit.AutoTests" name="[26] /home/travis/build/icyphy/ptII/ptolemy/domains/de/test/auto/EventToDate.xml (RunModel)" time="3.043" />
  <testcase classname="ptolemy.util.test.junit.AutoTests" name="[27] /home/travis/build/icyphy/ptII/ptolemy/domains/de/test/auto/FSM1.xml (RunModel)" time="0.06" />
  <testcase classname="ptolemy.util.test.junit.AutoTests" name="[28] /home/travis/build/icyphy/ptII/ptolemy/domains/de/test/auto/FSM7.xml (RunModel)" time="0.057" />
  <testcase classname="ptolemy.util.test.junit.AutoTests" name="[29] /home/travis/build/icyphy/ptII/ptolemy/domains/de/test/auto/Inspection.xml (RunModel)" time="0.055" />
  <testcase classname="ptolemy.util.test.junit.AutoTests" name="[30] /home/travis/build/icyphy/ptII/ptolemy/domains/de/test/auto/Iteration.xml (RunModel)" time="0.031" />
  <testcase classname="ptolemy.util.test.junit.AutoTests" name="[31] /home/travis/build/icyphy/ptII/ptolemy/domains/de/test/auto/LineFault.xml (RunModel)" time="0.651" />
  <testcase classname="ptolemy.util.test.junit.AutoTests" name="[32] /home/travis/build/icyphy/ptII/ptolemy/domains/de/test/auto/MergeModel1Add.xml (RunModel)" time="0.05" />
  <testcase classname="ptolemy.util.test.junit.AutoTests" name="[33] /home/travis/build/icyphy/ptII/ptolemy/domains/de/test/auto/MergeModel2Add.xml (RunModel)" time="0.04" />
  <testcase classname="ptolemy.util.test.junit.AutoTests" name="[34] /home/travis/build/icyphy/ptII/ptolemy/domains/de/test/auto/MergeModel3Add.xml (RunModel)" time="0.044" />
  <testcase classname="ptolemy.util.test.junit.AutoTests" name="[35] /home/travis/build/icyphy/ptII/ptolemy/domains/de/test/auto/MergeWithoutDiscard.xml (RunModel)" time="0.018" />
  <testcase classname="ptolemy.util.test.junit.AutoTests" name="[36] /home/travis/build/icyphy/ptII/ptolemy/domains/de/test/auto/Modal1.xml (RunModel)" time="0.03" />
  <testcase classname="ptolemy.util.test.junit.AutoTests" name="[37] /home/travis/build/icyphy/ptII/ptolemy/domains/de/test/auto/Modal2.xml (RunModel)" time="0.026" />
  <testcase classname="ptolemy.util.test.junit.AutoTests" name="[38] /home/travis/build/icyphy/ptII/ptolemy/domains/de/test/auto/Modal3.xml (RunModel)" time="0.029" />
  <testcase classname="ptolemy.util.test.junit.AutoTests" name="[39] /home/travis/build/icyphy/ptII/ptolemy/domains/de/test/auto/Modal4.xml (RunModel)" time="0.035" />
  <testcase classname="ptolemy.util.test.junit.AutoTests" name="[40] /home/travis/build/icyphy/ptII/ptolemy/domains/de/test/auto/Modal5.xml (RunModel)" time="0.027" />
  <testcase classname="ptolemy.util.test.junit.AutoTests" name="[41] /home/travis/build/icyphy/ptII/ptolemy/domains/de/test/auto/Modal6.xml (RunModel)" time="0.031" />
  <testcase classname="ptolemy.util.test.junit.AutoTests" name="[42] /home/travis/build/icyphy/ptII/ptolemy/domains/de/test/auto/Modal7.xml (RunModel)" time="0.028" />
  <testcase classname="ptolemy.util.test.junit.AutoTests" name="[43] /home/travis/build/icyphy/ptII/ptolemy/domains/de/test/auto/ModalModel.xml (RunModel)" time="0.201" />
  <testcase classname="ptolemy.util.test.junit.AutoTests" name="[44] /home/travis/build/icyphy/ptII/ptolemy/domains/de/test/auto/ModalSource.xml (RunModel)" time="0.026" />
  <testcase classname="ptolemy.util.test.junit.AutoTests" name="[45] /home/travis/build/icyphy/ptII/ptolemy/domains/de/test/auto/NonInterruptibleTimerZeroDelay.xml (RunModel)" time="0.012" />
  <testcase classname="ptolemy.util.test.junit.AutoTests" name="[46] /home/travis/build/icyphy/ptII/ptolemy/domains/de/test/auto/OpenQueueingNetwork.xml (RunModel)" time="2.458" />
  <testcase classname="ptolemy.util.test.junit.AutoTests" name="[47] /home/travis/build/icyphy/ptII/ptolemy/domains/de/test/auto/OpenQueuingNetwork.xml (RunModel)" time="0.282" />
  <testcase classname="ptolemy.util.test.junit.AutoTests" name="[48] /home/travis/build/icyphy/ptII/ptolemy/domains/de/test/auto/PeriodicSampler.xml (RunModel)" time="0.008" />
  <testcase classname="ptolemy.util.test.junit.AutoTests" name="[49] /home/travis/build/icyphy/ptII/ptolemy/domains/de/test/auto/PersistentIO.xml (RunModel)" time="0.02" />
  <testcase classname="ptolemy.util.test.junit.AutoTests" name="[50] /home/travis/build/icyphy/ptII/ptolemy/domains/de/test/auto/PortParameterResetOnInitialize.xml (RunModel)" time="0.01" />
  <testcase classname="ptolemy.util.test.junit.AutoTests" name="[51] /home/travis/build/icyphy/ptII/ptolemy/domains/de/test/auto/PortParameterUpdates.xml (RunModel)" time="0.016" />
  <testcase classname="ptolemy.util.test.junit.AutoTests" name="[52] /home/travis/build/icyphy/ptII/ptolemy/domains/de/test/auto/QueueAndServer.xml (RunModel)" time="0.02" />
  <testcase classname="ptolemy.util.test.junit.AutoTests" name="[53] /home/travis/build/icyphy/ptII/ptolemy/domains/de/test/auto/Records.xml (RunModel)" time="0.014" />
  <testcase classname="ptolemy.util.test.junit.AutoTests" name="[54] /home/travis/build/icyphy/ptII/ptolemy/domains/de/test/auto/ResetTransitionWithStartTime1.xml (RunModel)" time="0.018" />
  <testcase classname="ptolemy.util.test.junit.AutoTests" name="[55] /home/travis/build/icyphy/ptII/ptolemy/domains/de/test/auto/ResetTransitionWithStartTime2.xml (RunModel)" time="0.022" />
  <testcase classname="ptolemy.util.test.junit.AutoTests" name="[56] /home/travis/build/icyphy/ptII/ptolemy/domains/de/test/auto/ResetTransitionWithStartTime3.xml (RunModel)" time="0.021" />
  <testcase classname="ptolemy.util.test.junit.AutoTests" name="[57] /home/travis/build/icyphy/ptII/ptolemy/domains/de/test/auto/ResetTransitionWithStartTime4.xml (RunModel)" time="0.016" />
  <testcase classname="ptolemy.util.test.junit.AutoTests" name="[58] /home/travis/build/icyphy/ptII/ptolemy/domains/de/test/auto/ResettableTimer1.xml (RunModel)" time="0.009" />
  <testcase classname="ptolemy.util.test.junit.AutoTests" name="[59] /home/travis/build/icyphy/ptII/ptolemy/domains/de/test/auto/ResettableTimer2.xml (RunModel)" time="0.009" />
  <testcase classname="ptolemy.util.test.junit.AutoTests" name="[60] /home/travis/build/icyphy/ptII/ptolemy/domains/de/test/auto/ResettableTimer3.xml (RunModel)" time="0.008" />
  <testcase classname="ptolemy.util.test.junit.AutoTests" name="[61] /home/travis/build/icyphy/ptII/ptolemy/domains/de/test/auto/ResettableTimer4.xml (RunModel)" time="0.011" />
  <testcase classname="ptolemy.util.test.junit.AutoTests" name="[62] /home/travis/build/icyphy/ptII/ptolemy/domains/de/test/auto/ResettableTimer5.xml (RunModel)" time="0.016" />
  <testcase classname="ptolemy.util.test.junit.AutoTests" name="[63] /home/travis/build/icyphy/ptII/ptolemy/domains/de/test/auto/ResettableTimer6.xml (RunModel)" time="0.018" />
  <testcase classname="ptolemy.util.test.junit.AutoTests" name="[64] /home/travis/build/icyphy/ptII/ptolemy/domains/de/test/auto/ServerZeroDelay.xml (RunModel)" time="0.013" />
  <testcase classname="ptolemy.util.test.junit.AutoTests" name="[65] /home/travis/build/icyphy/ptII/ptolemy/domains/de/test/auto/SmartSender.xml (RunModel)" time="3.008" />
  <testcase classname="ptolemy.util.test.junit.AutoTests" name="[66] /home/travis/build/icyphy/ptII/ptolemy/domains/de/test/auto/ThreadedComposite.xml (RunModel)" time="0.138" />
  <testcase classname="ptolemy.util.test.junit.AutoTests" name="[67] /home/travis/build/icyphy/ptII/ptolemy/domains/de/test/auto/Time.xml (RunModel)" time="0.464" />
  <testcase classname="ptolemy.util.test.junit.AutoTests" name="[68] /home/travis/build/icyphy/ptII/ptolemy/domains/de/test/auto/TimeDelayZeroDelay.xml (RunModel)" time="0.012" />
  <testcase classname="ptolemy.util.test.junit.AutoTests" name="[69] /home/travis/build/icyphy/ptII/ptolemy/domains/de/test/auto/TimerZeroDelay.xml (RunModel)" time="0.009" />
  <testcase classname="ptolemy.util.test.junit.AutoTests" name="[70] /home/travis/build/icyphy/ptII/ptolemy/domains/de/test/auto/TimingParadox.xml (RunModel)" time="0.368" />
  <testcase classname="ptolemy.util.test.junit.AutoTests" name="[71] /home/travis/build/icyphy/ptII/ptolemy/domains/de/test/auto/TransferInputs.xml (RunModel)" time="0.017" />
  <testcase classname="ptolemy.util.test.junit.AutoTests" name="[72] /home/travis/build/icyphy/ptII/ptolemy/domains/de/test/auto/TransferOutputs2.xml (RunModel)" time="0.015" />
  <testcase classname="ptolemy.util.test.junit.AutoTests" name="[73] /home/travis/build/icyphy/ptII/ptolemy/domains/de/test/auto/Trilateration.xml (RunModel)" time="11.862" />
  <testcase classname="ptolemy.util.test.junit.AutoTests" name="[74] /home/travis/build/icyphy/ptII/ptolemy/domains/de/test/auto/TwoSigmaDelta.xml (RunModel)" time="2.177" />
  <testcase classname="ptolemy.util.test.junit.AutoTests" name="[75] /home/travis/build/icyphy/ptII/ptolemy/domains/de/test/auto/VariableDelay.xml (RunModel)" time="0.015" />
  <testcase classname="ptolemy.util.test.junit.AutoTests" name="[76] /home/travis/build/icyphy/ptII/ptolemy/domains/de/test/auto/VariableDelay2.xml (RunModel)" time="0.012" />
  <testcase classname="ptolemy.util.test.junit.AutoTests" name="[77] /home/travis/build/icyphy/ptII/ptolemy/domains/de/test/auto/VariableDelayZeroDelay.xml (RunModel)" time="0.011" />
  <testcase classname="ptolemy.util.test.junit.AutoTests" name="[78] /home/travis/build/icyphy/ptII/ptolemy/domains/de/test/auto/VariableDelayZeroDelay2.xml (RunModel)" time="0.009" />
  <testcase classname="ptolemy.util.test.junit.AutoTests" name="[79] /home/travis/build/icyphy/ptII/ptolemy/domains/de/test/auto/deInCt.xml (RunModel)" time="0.015" />
  <testcase classname="ptolemy.util.test.junit.AutoTests" name="[80] /home/travis/build/icyphy/ptII/ptolemy/domains/de/test/auto/deInCt2.xml (RunModel)" time="0.014" />
  <testcase classname="ptolemy.util.test.junit.AutoTests" name="[81] /home/travis/build/icyphy/ptII/ptolemy/domains/de/test/auto/dynamicCausalityInterface1.xml (RunModel)" time="0.02" />
  <testcase classname="ptolemy.util.test.junit.AutoTests" name="[82] /home/travis/build/icyphy/ptII/ptolemy/domains/de/test/auto/fsm_de_test.xml (RunModel)" time="0.022" />
  <testcase classname="ptolemy.util.test.junit.AutoTests" name="[83] /home/travis/build/icyphy/ptII/ptolemy/domains/de/test/auto/functionDependencyReconstruction.xml (RunModel)" time="0.027" />
  <testcase classname="ptolemy.util.test.junit.AutoTests" name="[84] /home/travis/build/icyphy/ptII/ptolemy/domains/de/test/auto/multirate.xml (RunModel)" time="0.014" />
  <testcase classname="ptolemy.util.test.junit.AutoTests" name="[85] /home/travis/build/icyphy/ptII/ptolemy/domains/de/test/auto/multirate2.xml (RunModel)" time="0.02" />
  <testcase classname="ptolemy.util.test.junit.AutoTests" name="[86] /home/travis/build/icyphy/ptII/ptolemy/domains/de/test/auto/realtime.xml (RunModel)" time="10.009" />
  <testcase classname="ptolemy.util.test.junit.AutoTests" name="[87] /home/travis/build/icyphy/ptII/ptolemy/domains/de/test/auto/relationGroup.xml (RunModel)" time="0.008" />
  <testcase classname="ptolemy.util.test.junit.AutoTests" name="[88] /home/travis/build/icyphy/ptII/ptolemy/domains/de/test/auto/relationGroup2.xml (RunModel)" time="0.011" />
  <testcase classname="ptolemy.util.test.junit.AutoTests" name="[89] /home/travis/build/icyphy/ptII/ptolemy/domains/de/test/auto/sortWithOpaquePorts.xml (RunModel)" time="0.012" />
  <testcase classname="ptolemy.util.test.junit.AutoTests" name="[90] /home/travis/build/icyphy/ptII/ptolemy/domains/de/test/auto/transferInputsandOutputs.xml (RunModel)" time="0.038" />
  <testcase classname="ptolemy.util.test.junit.AutoTests" name="[91] /home/travis/build/icyphy/ptII/ptolemy/domains/de/test/auto/triggerType.xml (RunModel)" time="0.011" />
  <system-out><![CDATA[/home/travis/build/icyphy/ptII/ptolemy/domains/de/test/DependencyLoop.tcl
testDefs.tcl: setting time out to 9000 seconds at Fri Oct 04 05:49:17 UTC 2019
53 ms. Memory: 120832K Free: 72134K (60%)
17 ms. Memory: 120832K Free: 54719K (45%)
/home/travis/build/icyphy/ptII/ptolemy/domains/de/test/RunDETestsAsQSS.tcl
Run the DE tests using ptolemy.domains.qss.test.QSSDirectorTest, which extends QSSDirector and prints a message in the constructors.
------------------ testing $PTII/ptolemy/domains/de/test/auto/knownFailedTests/DirectFeedback.xml (Known Failure) 
51 ms. Memory: 120832K Free: 48582K (40%)


==== $PTIIhome/travis/build/icyphy/ptII/ptolemy/domains/de/test/../../../../: Auto Automatic test in file $PTII/ptolemy/domains/de/test/auto/knownFailedTests/DirectFeedback.xml
==== Contents of test case:

	    # FIXME: we should use $relativeFilename here, but it
	    # might have backslashes under Windows, which causes no end
	    # of trouble.
	    createAndExecute $file
	    list {}
	
.... Test generated KNOWN error:
    while executing
ptolemy.kernel.util.IllegalActionException: Test fails in iteration 1.
Value was: 1.0. Should have been: 2.0
  in .DirectFeedback.Test
	at ptolemy.actor.lib.Test.fire(Test.java:268)
	at ptolemy.domains.de.kernel.DEDirector._fire(DEDirector.java:1949)
	at ptolemy.domains.de.kernel.DEDirector.fire(DEDirector.java:502)
	at ptolemy.actor.CompositeActor.fire(CompositeActor.java:455)
	at ptolemy.actor.Manager.iterate(Manager.java:851)
	at ptolemy.actor.Manager.execute(Manager.java:369)
	at ptolemy.actor.Manager.run(Manager.java:1263)
	at ptolemy.actor.Manager$PtolemyRunThread.run(Manager.java:1933)

    while executing
ptolemy.kernel.util.IllegalActionException: Test fails in iteration 1.
Value was: 1.0. Should have been: 2.0
  in .DirectFeedback.Test
    while executing
"java::new ptolemy.moml.MoMLSimpleApplication $file
"
    (procedure "createAndExecute" line 2)
    invoked from within
"createAndExecute $file"
    ("uplevel" body line 5)
    invoked from within
"uplevel $contents_of_test"
------------------ testing $PTII/ptolemy/domains/de/test/auto/knownFailedTests/dependencyLoop.xml (Known Failure) 
37 ms. Memory: 120832K Free: 108310K (90%)


==== $PTIIhome/travis/build/icyphy/ptII/ptolemy/domains/de/test/../../../../: Auto Automatic test in file $PTII/ptolemy/domains/de/test/auto/knownFailedTests/dependencyLoop.xml
==== Contents of test case:

	    # FIXME: we should use $relativeFilename here, but it
	    # might have backslashes under Windows, which causes no end
	    # of trouble.
	    createAndExecute $file
	    list {}
	
.... Test generated KNOWN error:
    while executing
ptolemy.kernel.util.IllegalActionException: Found a zero delay loop containing .dependencyLoop.original
  in .dependencyLoop and .dependencyLoop.original
	at ptolemy.actor.util.CausalityInterfaceForComposites._computeOutputPortDepth(CausalityInterfaceForComposites.java:759)
	at ptolemy.actor.util.CausalityInterfaceForComposites._computeInputDepth(CausalityInterfaceForComposites.java:696)
	at ptolemy.actor.util.CausalityInterfaceForComposites._computeOutputPortDepth(CausalityInterfaceForComposites.java:765)
	at ptolemy.actor.util.CausalityInterfaceForComposites._computeInputDepth(CausalityInterfaceForComposites.java:696)
	at ptolemy.actor.util.CausalityInterfaceForComposites._computeOutputPortDepth(CausalityInterfaceForComposites.java:765)
	at ptolemy.actor.util.CausalityInterfaceForComposites._computeInputDepth(CausalityInterfaceForComposites.java:696)
	at ptolemy.actor.util.CausalityInterfaceForComposites._computeActorDepth(CausalityInterfaceForComposites.java:532)
	at ptolemy.actor.util.CausalityInterfaceForComposites.checkForCycles(CausalityInterfaceForComposites.java:96)
	at ptolemy.domains.de.kernel.DEDirector.preinitialize(DEDirector.java:1338)
	at ptolemy.actor.CompositeActor.preinitialize(CompositeActor.java:1828)
	at ptolemy.actor.Manager.preinitializeAndResolveTypes(Manager.java:1040)
	at ptolemy.actor.Manager.initialize(Manager.java:710)
	at ptolemy.actor.Manager.execute(Manager.java:356)
	at ptolemy.actor.Manager.run(Manager.java:1263)
	at ptolemy.actor.Manager$PtolemyRunThread.run(Manager.java:1933)

    while executing
ptolemy.kernel.util.IllegalActionException: Found a zero delay loop containing .dependencyLoop.original
  in .dependencyLoop and .dependencyLoop.original
    while executing
"java::new ptolemy.moml.MoMLSimpleApplication $file
"
    (procedure "createAndExecute" line 2)
    invoked from within
"createAndExecute $file"
    ("uplevel" body line 5)
    invoked from within
"uplevel $contents_of_test"
------------------ testing $PTII/ptolemy/domains/de/test/auto/knownFailedTests/FSMSource.xml (Known Failure) 
57 ms. Memory: 120832K Free: 99161K (82%)
!!!! Auto was marked as failing, but now passes
------------------ testing $PTII/ptolemy/domains/de/test/auto/knownFailedTests/HierarchicalModel.xml (Known Failure) 
13 ms. Memory: 120832K Free: 81723K (68%)


==== $PTIIhome/travis/build/icyphy/ptII/ptolemy/domains/de/test/../../../../: Auto Automatic test in file $PTII/ptolemy/domains/de/test/auto/knownFailedTests/HierarchicalModel.xml
==== Contents of test case:

	    # FIXME: we should use $relativeFilename here, but it
	    # might have backslashes under Windows, which causes no end
	    # of trouble.
	    createAndExecute $file
	    list {}
	
.... Test generated KNOWN error:
    while executing
ptolemy.kernel.util.IllegalActionException: Found a zero delay loop containing .HierarchicalModel.A
  in .HierarchicalModel and .HierarchicalModel.A
	at ptolemy.actor.util.CausalityInterfaceForComposites._computeOutputPortDepth(CausalityInterfaceForComposites.java:759)
	at ptolemy.actor.util.CausalityInterfaceForComposites._computeInputDepth(CausalityInterfaceForComposites.java:696)
	at ptolemy.actor.util.CausalityInterfaceForComposites._computeOutputPortDepth(CausalityInterfaceForComposites.java:765)
	at ptolemy.actor.util.CausalityInterfaceForComposites._computeInputDepth(CausalityInterfaceForComposites.java:696)
	at ptolemy.actor.util.CausalityInterfaceForComposites._computeOutputPortDepth(CausalityInterfaceForComposites.java:765)
	at ptolemy.actor.util.CausalityInterfaceForComposites._computeInputDepth(CausalityInterfaceForComposites.java:696)
	at ptolemy.actor.util.CausalityInterfaceForComposites._computeActorDepth(CausalityInterfaceForComposites.java:532)
	at ptolemy.actor.util.CausalityInterfaceForComposites.checkForCycles(CausalityInterfaceForComposites.java:96)
	at ptolemy.domains.de.kernel.DEDirector.preinitialize(DEDirector.java:1338)
	at ptolemy.actor.CompositeActor.preinitialize(CompositeActor.java:1828)
	at ptolemy.actor.Manager.preinitializeAndResolveTypes(Manager.java:1040)
	at ptolemy.actor.Manager.initialize(Manager.java:710)
	at ptolemy.actor.Manager.execute(Manager.java:356)
	at ptolemy.actor.Manager.run(Manager.java:1263)
	at ptolemy.actor.Manager$PtolemyRunThread.run(Manager.java:1933)

    while executing
ptolemy.kernel.util.IllegalActionException: Found a zero delay loop containing .HierarchicalModel.A
  in .HierarchicalModel and .HierarchicalModel.A
    while executing
"java::new ptolemy.moml.MoMLSimpleApplication $file
"
    (procedure "createAndExecute" line 2)
    invoked from within
"createAndExecute $file"
    ("uplevel" body line 5)
    invoked from within
"uplevel $contents_of_test"
------------------ testing $PTII/ptolemy/domains/de/test/auto/knownFailedTests/dependencyLoop2.xml (Known Failure) 
22 ms. Memory: 120832K Free: 107041K (89%)


==== $PTIIhome/travis/build/icyphy/ptII/ptolemy/domains/de/test/../../../../: Auto Automatic test in file $PTII/ptolemy/domains/de/test/auto/knownFailedTests/dependencyLoop2.xml
==== Contents of test case:

	    # FIXME: we should use $relativeFilename here, but it
	    # might have backslashes under Windows, which causes no end
	    # of trouble.
	    createAndExecute $file
	    list {}
	
.... Test generated KNOWN error:
    while executing
ptolemy.kernel.util.IllegalActionException: Found a zero delay loop containing .dependencyLoop2.original
  in .dependencyLoop2 and .dependencyLoop2.original
	at ptolemy.actor.util.CausalityInterfaceForComposites._computeOutputPortDepth(CausalityInterfaceForComposites.java:759)
	at ptolemy.actor.util.CausalityInterfaceForComposites._computeInputDepth(CausalityInterfaceForComposites.java:696)
	at ptolemy.actor.util.CausalityInterfaceForComposites._computeOutputPortDepth(CausalityInterfaceForComposites.java:765)
	at ptolemy.actor.util.CausalityInterfaceForComposites._computeInputDepth(CausalityInterfaceForComposites.java:696)
	at ptolemy.actor.util.CausalityInterfaceForComposites._computeOutputPortDepth(CausalityInterfaceForComposites.java:765)
	at ptolemy.actor.util.CausalityInterfaceForComposites._computeInputDepth(CausalityInterfaceForComposites.java:696)
	at ptolemy.actor.util.CausalityInterfaceForComposites._computeActorDepth(CausalityInterfaceForComposites.java:532)
	at ptolemy.actor.util.CausalityInterfaceForComposites.checkForCycles(CausalityInterfaceForComposites.java:96)
	at ptolemy.domains.de.kernel.DEDirector.preinitialize(DEDirector.java:1338)
	at ptolemy.actor.CompositeActor.preinitialize(CompositeActor.java:1828)
	at ptolemy.actor.Manager.preinitializeAndResolveTypes(Manager.java:1040)
	at ptolemy.actor.Manager.initialize(Manager.java:710)
	at ptolemy.actor.Manager.execute(Manager.java:356)
	at ptolemy.actor.Manager.run(Manager.java:1263)
	at ptolemy.actor.Manager$PtolemyRunThread.run(Manager.java:1933)

    while executing
ptolemy.kernel.util.IllegalActionException: Found a zero delay loop containing .dependencyLoop2.original
  in .dependencyLoop2 and .dependencyLoop2.original
    while executing
"java::new ptolemy.moml.MoMLSimpleApplication $file
"
    (procedure "createAndExecute" line 2)
    invoked from within
"createAndExecute $file"
    ("uplevel" body line 5)
    invoked from within
"uplevel $contents_of_test"
------------------ testing $PTII/ptolemy/domains/de/test/auto/knownFailedTests/DESDFClockTest.xml (Known Failure) 
2060 ms. Memory: 120832K Free: 93804K (78%)


==== $PTIIhome/travis/build/icyphy/ptII/ptolemy/domains/de/test/../../../../: Auto Automatic test in file $PTII/ptolemy/domains/de/test/auto/knownFailedTests/DESDFClockTest.xml
==== Contents of test case:

	    # FIXME: we should use $relativeFilename here, but it
	    # might have backslashes under Windows, which causes no end
	    # of trouble.
	    createAndExecute $file
	    list {}
	
.... Test generated KNOWN error:
    while executing
ptolemy.kernel.util.IllegalActionException: Actor is not ready to fire.  Perhaps UpSample.prefire() returned false? Try debugging the actor by selecting "Listen to Actor".  Also, for SDF check moml for tokenConsumptionRate on input.
  in .DESDFClockTest.Play Bell.Copy1:SDF Director and .DESDFClockTest.Play Bell.UpSample
	at ptolemy.actor.sched.StaticSchedulingDirector.fire(StaticSchedulingDirector.java:227)
	at ptolemy.domains.sdf.kernel.SDFDirector.fire(SDFDirector.java:500)
	at ptolemy.actor.CompositeActor.fire(CompositeActor.java:455)
	at ptolemy.domains.de.kernel.DEDirector._fire(DEDirector.java:1949)
	at ptolemy.domains.de.kernel.DEDirector.fire(DEDirector.java:502)
	at ptolemy.actor.CompositeActor.fire(CompositeActor.java:455)
	at ptolemy.actor.Manager.iterate(Manager.java:851)
	at ptolemy.actor.Manager.execute(Manager.java:369)
	at ptolemy.actor.Manager.run(Manager.java:1263)
	at ptolemy.actor.Manager$PtolemyRunThread.run(Manager.java:1933)

    while executing
ptolemy.kernel.util.IllegalActionException: Actor is not ready to fire.  Perhaps UpSample.prefire() returned false? Try debugging the actor by selecting "Listen to Actor".  Also, for SDF check moml for tokenConsumptionRate on input.
  in .DESDFClockTest.Play Bell.Copy1:SDF Director and .DESDFClockTest.Play Bell.UpSample
    while executing
"java::new ptolemy.moml.MoMLSimpleApplication $file
"
    (procedure "createAndExecute" line 2)
    invoked from within
"createAndExecute $file"
    ("uplevel" body line 5)
    invoked from within
"uplevel $contents_of_test"
------------------ testing $PTII/ptolemy/domains/de/test/auto/ActorDepthCalculation_actorWithoutPorts.xml
auto.tcl: Setting watchdog for 200 seconds at Fri Oct 04 05:49:21 UTC 2019
5 ms. Memory: 120832K Free: 86606K (72%)
ptolemy.util.test.WatchDog.cancel(): canceling Fri Oct 04 05:49:21 UTC 2019
auto.tcl: Setting watchdog for 200 seconds at Fri Oct 04 05:49:21 UTC 2019
6 ms. Memory: 120832K Free: 85455K (71%)
ptolemy.util.test.WatchDog.cancel(): canceling Fri Oct 04 05:49:21 UTC 2019
------------------ testing $PTII/ptolemy/domains/de/test/auto/AssemblyLine.xml
auto.tcl: Setting watchdog for 200 seconds at Fri Oct 04 05:49:21 UTC 2019
16 ms. Memory: 48128K Free: 25492K (53%)
ptolemy.util.test.WatchDog.cancel(): canceling Fri Oct 04 05:49:21 UTC 2019
auto.tcl: Setting watchdog for 200 seconds at Fri Oct 04 05:49:21 UTC 2019
10 ms. Memory: 48128K Free: 25062K (52%)
ptolemy.util.test.WatchDog.cancel(): canceling Fri Oct 04 05:49:21 UTC 2019
------------------ testing $PTII/ptolemy/domains/de/test/auto/CQBug1.xml
auto.tcl: Setting watchdog for 200 seconds at Fri Oct 04 05:49:21 UTC 2019
3 ms. Memory: 45056K Free: 28554K (63%)
ptolemy.util.test.WatchDog.cancel(): canceling Fri Oct 04 05:49:21 UTC 2019
auto.tcl: Setting watchdog for 200 seconds at Fri Oct 04 05:49:21 UTC 2019
3 ms. Memory: 45056K Free: 28102K (62%)
ptolemy.util.test.WatchDog.cancel(): canceling Fri Oct 04 05:49:21 UTC 2019
------------------ testing $PTII/ptolemy/domains/de/test/auto/CancelFireAt.xml
auto.tcl: Setting watchdog for 200 seconds at Fri Oct 04 05:49:21 UTC 2019
3 ms. Memory: 45056K Free: 29686K (66%)
ptolemy.util.test.WatchDog.cancel(): canceling Fri Oct 04 05:49:21 UTC 2019
auto.tcl: Setting watchdog for 200 seconds at Fri Oct 04 05:49:21 UTC 2019
2 ms. Memory: 45056K Free: 29142K (65%)
ptolemy.util.test.WatchDog.cancel(): canceling Fri Oct 04 05:49:21 UTC 2019
------------------ testing $PTII/ptolemy/domains/de/test/auto/CausalityAndComposabilityAnalysis.xml
auto.tcl: Setting watchdog for 200 seconds at Fri Oct 04 05:49:22 UTC 2019
13 ms. Memory: 45056K Free: 27445K (61%)
ptolemy.util.test.WatchDog.cancel(): canceling Fri Oct 04 05:49:22 UTC 2019
auto.tcl: Setting watchdog for 200 seconds at Fri Oct 04 05:49:22 UTC 2019
5 ms. Memory: 45056K Free: 27011K (60%)
ptolemy.util.test.WatchDog.cancel(): canceling Fri Oct 04 05:49:22 UTC 2019
------------------ testing $PTII/ptolemy/domains/de/test/auto/CausalityInterface1.xml
auto.tcl: Setting watchdog for 200 seconds at Fri Oct 04 05:49:22 UTC 2019
36 ms. Memory: 45056K Free: 26360K (59%)
ptolemy.util.test.WatchDog.cancel(): canceling Fri Oct 04 05:49:22 UTC 2019
auto.tcl: Setting watchdog for 200 seconds at Fri Oct 04 05:49:22 UTC 2019
4 ms. Memory: 45056K Free: 25358K (56%)
ptolemy.util.test.WatchDog.cancel(): canceling Fri Oct 04 05:49:22 UTC 2019
------------------ testing $PTII/ptolemy/domains/de/test/auto/CausalityInterface15.xml
auto.tcl: Setting watchdog for 200 seconds at Fri Oct 04 05:49:22 UTC 2019
12 ms. Memory: 45056K Free: 26051K (58%)
ptolemy.util.test.WatchDog.cancel(): canceling Fri Oct 04 05:49:22 UTC 2019
auto.tcl: Setting watchdog for 200 seconds at Fri Oct 04 05:49:22 UTC 2019
4 ms. Memory: 45056K Free: 25341K (56%)
ptolemy.util.test.WatchDog.cancel(): canceling Fri Oct 04 05:49:22 UTC 2019
------------------ testing $PTII/ptolemy/domains/de/test/auto/CausalityInterface2.xml
auto.tcl: Setting watchdog for 200 seconds at Fri Oct 04 05:49:22 UTC 2019
5 ms. Memory: 45056K Free: 27090K (60%)
ptolemy.util.test.WatchDog.cancel(): canceling Fri Oct 04 05:49:22 UTC 2019
auto.tcl: Setting watchdog for 200 seconds at Fri Oct 04 05:49:22 UTC 2019
3 ms. Memory: 45056K Free: 26335K (58%)
ptolemy.util.test.WatchDog.cancel(): canceling Fri Oct 04 05:49:22 UTC 2019
------------------ testing $PTII/ptolemy/domains/de/test/auto/CausalityInterface3.xml
auto.tcl: Setting watchdog for 200 seconds at Fri Oct 04 05:49:22 UTC 2019
4 ms. Memory: 45056K Free: 26542K (59%)
ptolemy.util.test.WatchDog.cancel(): canceling Fri Oct 04 05:49:22 UTC 2019
auto.tcl: Setting watchdog for 200 seconds at Fri Oct 04 05:49:22 UTC 2019
3 ms. Memory: 45056K Free: 25756K (57%)
ptolemy.util.test.WatchDog.cancel(): canceling Fri Oct 04 05:49:22 UTC 2019
------------------ testing $PTII/ptolemy/domains/de/test/auto/ClockDrift.xml
auto.tcl: Setting watchdog for 200 seconds at Fri Oct 04 05:49:22 UTC 2019
96 ms. Memory: 45056K Free: 18697K (41%)
ptolemy.util.test.WatchDog.cancel(): canceling Fri Oct 04 05:49:22 UTC 2019
auto.tcl: Setting watchdog for 200 seconds at Fri Oct 04 05:49:22 UTC 2019
43 ms. Memory: 45056K Free: 15738K (35%)
ptolemy.util.test.WatchDog.cancel(): canceling Fri Oct 04 05:49:22 UTC 2019
------------------ testing $PTII/ptolemy/domains/de/test/auto/ClockDriftAndValueChange.xml
auto.tcl: Setting watchdog for 200 seconds at Fri Oct 04 05:49:22 UTC 2019
41 ms. Memory: 45056K Free: 19217K (43%)
ptolemy.util.test.WatchDog.cancel(): canceling Fri Oct 04 05:49:22 UTC 2019
auto.tcl: Setting watchdog for 200 seconds at Fri Oct 04 05:49:22 UTC 2019
33 ms. Memory: 45056K Free: 16373K (36%)
ptolemy.util.test.WatchDog.cancel(): canceling Fri Oct 04 05:49:22 UTC 2019
------------------ testing $PTII/ptolemy/domains/de/test/auto/ClockDriftChange.xml
auto.tcl: Setting watchdog for 200 seconds at Fri Oct 04 05:49:22 UTC 2019
22 ms. Memory: 45056K Free: 21263K (47%)
ptolemy.util.test.WatchDog.cancel(): canceling Fri Oct 04 05:49:22 UTC 2019
auto.tcl: Setting watchdog for 200 seconds at Fri Oct 04 05:49:22 UTC 2019
31 ms. Memory: 45056K Free: 18709K (42%)
ptolemy.util.test.WatchDog.cancel(): canceling Fri Oct 04 05:49:22 UTC 2019
------------------ testing $PTII/ptolemy/domains/de/test/auto/ComposableCausalityAnalysis.xml
auto.tcl: Setting watchdog for 200 seconds at Fri Oct 04 05:49:23 UTC 2019
2 ms. Memory: 45056K Free: 25830K (57%)
ptolemy.util.test.WatchDog.cancel(): canceling Fri Oct 04 05:49:23 UTC 2019
auto.tcl: Setting watchdog for 200 seconds at Fri Oct 04 05:49:23 UTC 2019
5 ms. Memory: 45056K Free: 24601K (55%)
ptolemy.util.test.WatchDog.cancel(): canceling Fri Oct 04 05:49:23 UTC 2019
------------------ testing $PTII/ptolemy/domains/de/test/auto/DEFixedPointLimitation.xml
auto.tcl: Setting watchdog for 200 seconds at Fri Oct 04 05:49:23 UTC 2019
2 ms. Memory: 45056K Free: 27269K (61%)
ptolemy.util.test.WatchDog.cancel(): canceling Fri Oct 04 05:49:23 UTC 2019
auto.tcl: Setting watchdog for 200 seconds at Fri Oct 04 05:49:23 UTC 2019
1 ms. Memory: 45056K Free: 26349K (58%)
ptolemy.util.test.WatchDog.cancel(): canceling Fri Oct 04 05:49:23 UTC 2019
------------------ testing $PTII/ptolemy/domains/de/test/auto/DEScheduleTest.xml
auto.tcl: Setting watchdog for 200 seconds at Fri Oct 04 05:49:23 UTC 2019
6 ms. Memory: 45056K Free: 27550K (61%)
ptolemy.util.test.WatchDog.cancel(): canceling Fri Oct 04 05:49:23 UTC 2019
auto.tcl: Setting watchdog for 200 seconds at Fri Oct 04 05:49:23 UTC 2019
2 ms. Memory: 45056K Free: 26763K (59%)
ptolemy.util.test.WatchDog.cancel(): canceling Fri Oct 04 05:49:23 UTC 2019
------------------ testing $PTII/ptolemy/domains/de/test/auto/DEinDEwithStartTimes.xml
auto.tcl: Setting watchdog for 200 seconds at Fri Oct 04 05:49:23 UTC 2019
5 ms. Memory: 45056K Free: 25740K (57%)
ptolemy.util.test.WatchDog.cancel(): canceling Fri Oct 04 05:49:23 UTC 2019
auto.tcl: Setting watchdog for 200 seconds at Fri Oct 04 05:49:23 UTC 2019
3 ms. Memory: 45056K Free: 24666K (55%)
ptolemy.util.test.WatchDog.cancel(): canceling Fri Oct 04 05:49:23 UTC 2019
------------------ testing $PTII/ptolemy/domains/de/test/auto/DEinDEwithStartTimes2.xml
auto.tcl: Setting watchdog for 200 seconds at Fri Oct 04 05:49:23 UTC 2019
5 ms. Memory: 45056K Free: 24953K (55%)
ptolemy.util.test.WatchDog.cancel(): canceling Fri Oct 04 05:49:23 UTC 2019
auto.tcl: Setting watchdog for 200 seconds at Fri Oct 04 05:49:23 UTC 2019
7 ms. Memory: 45056K Free: 23621K (52%)
ptolemy.util.test.WatchDog.cancel(): canceling Fri Oct 04 05:49:23 UTC 2019
------------------ testing $PTII/ptolemy/domains/de/test/auto/DateDemo.xml
auto.tcl: Setting watchdog for 200 seconds at Fri Oct 04 05:49:23 UTC 2019
12 ms. Memory: 45056K Free: 19273K (43%)
ptolemy.util.test.WatchDog.cancel(): canceling Fri Oct 04 05:49:23 UTC 2019
auto.tcl: Setting watchdog for 200 seconds at Fri Oct 04 05:49:23 UTC 2019
7 ms. Memory: 45056K Free: 17703K (39%)
ptolemy.util.test.WatchDog.cancel(): canceling Fri Oct 04 05:49:23 UTC 2019
------------------ testing $PTII/ptolemy/domains/de/test/auto/DateToEvent.xml
auto.tcl: Setting watchdog for 200 seconds at Fri Oct 04 05:49:23 UTC 2019
2021 ms. Memory: 45056K Free: 15185K (34%)
ptolemy.util.test.WatchDog.cancel(): canceling Fri Oct 04 05:49:25 UTC 2019
auto.tcl: Setting watchdog for 200 seconds at Fri Oct 04 05:49:25 UTC 2019
2009 ms. Memory: 45056K Free: 14474K (32%)
ptolemy.util.test.WatchDog.cancel(): canceling Fri Oct 04 05:49:27 UTC 2019
------------------ testing $PTII/ptolemy/domains/de/test/auto/DepthTest1.xml
auto.tcl: Setting watchdog for 200 seconds at Fri Oct 04 05:49:27 UTC 2019
3 ms. Memory: 45056K Free: 28473K (63%)
ptolemy.util.test.WatchDog.cancel(): canceling Fri Oct 04 05:49:27 UTC 2019
auto.tcl: Setting watchdog for 200 seconds at Fri Oct 04 05:49:27 UTC 2019
2 ms. Memory: 45056K Free: 27957K (62%)
ptolemy.util.test.WatchDog.cancel(): canceling Fri Oct 04 05:49:27 UTC 2019
------------------ testing $PTII/ptolemy/domains/de/test/auto/DepthTest2.xml
auto.tcl: Setting watchdog for 200 seconds at Fri Oct 04 05:49:27 UTC 2019
11 ms. Memory: 45056K Free: 25177K (56%)
ptolemy.util.test.WatchDog.cancel(): canceling Fri Oct 04 05:49:27 UTC 2019
auto.tcl: Setting watchdog for 200 seconds at Fri Oct 04 05:49:27 UTC 2019
3 ms. Memory: 45056K Free: 24746K (55%)
ptolemy.util.test.WatchDog.cancel(): canceling Fri Oct 04 05:49:27 UTC 2019
------------------ testing $PTII/ptolemy/domains/de/test/auto/DepthTest3.xml
auto.tcl: Setting watchdog for 200 seconds at Fri Oct 04 05:49:27 UTC 2019
3 ms. Memory: 45056K Free: 28804K (64%)
ptolemy.util.test.WatchDog.cancel(): canceling Fri Oct 04 05:49:27 UTC 2019
auto.tcl: Setting watchdog for 200 seconds at Fri Oct 04 05:49:27 UTC 2019
1 ms. Memory: 45056K Free: 28266K (63%)
ptolemy.util.test.WatchDog.cancel(): canceling Fri Oct 04 05:49:27 UTC 2019
------------------ testing $PTII/ptolemy/domains/de/test/auto/DepthTest4.xml
auto.tcl: Setting watchdog for 200 seconds at Fri Oct 04 05:49:27 UTC 2019
4 ms. Memory: 45056K Free: 27020K (60%)
ptolemy.util.test.WatchDog.cancel(): canceling Fri Oct 04 05:49:27 UTC 2019
auto.tcl: Setting watchdog for 200 seconds at Fri Oct 04 05:49:27 UTC 2019
3 ms. Memory: 45056K Free: 26284K (58%)
ptolemy.util.test.WatchDog.cancel(): canceling Fri Oct 04 05:49:27 UTC 2019
------------------ testing $PTII/ptolemy/domains/de/test/auto/DepthTest5.xml
auto.tcl: Setting watchdog for 200 seconds at Fri Oct 04 05:49:28 UTC 2019
5 ms. Memory: 45056K Free: 26173K (58%)
ptolemy.util.test.WatchDog.cancel(): canceling Fri Oct 04 05:49:28 UTC 2019
auto.tcl: Setting watchdog for 200 seconds at Fri Oct 04 05:49:28 UTC 2019
3 ms. Memory: 45056K Free: 25624K (57%)
ptolemy.util.test.WatchDog.cancel(): canceling Fri Oct 04 05:49:28 UTC 2019
------------------ testing $PTII/ptolemy/domains/de/test/auto/DepthTest6.xml
auto.tcl: Setting watchdog for 200 seconds at Fri Oct 04 05:49:28 UTC 2019
7 ms. Memory: 45056K Free: 26151K (58%)
ptolemy.util.test.WatchDog.cancel(): canceling Fri Oct 04 05:49:28 UTC 2019
auto.tcl: Setting watchdog for 200 seconds at Fri Oct 04 05:49:28 UTC 2019
2 ms. Memory: 45056K Free: 25602K (57%)
ptolemy.util.test.WatchDog.cancel(): canceling Fri Oct 04 05:49:28 UTC 2019
------------------ testing $PTII/ptolemy/domains/de/test/auto/DepthTest7.xml
auto.tcl: Setting watchdog for 200 seconds at Fri Oct 04 05:49:28 UTC 2019
2 ms. Memory: 45056K Free: 26945K (60%)
ptolemy.util.test.WatchDog.cancel(): canceling Fri Oct 04 05:49:28 UTC 2019
auto.tcl: Setting watchdog for 200 seconds at Fri Oct 04 05:49:28 UTC 2019
5 ms. Memory: 45056K Free: 26201K (58%)
ptolemy.util.test.WatchDog.cancel(): canceling Fri Oct 04 05:49:28 UTC 2019
------------------ testing $PTII/ptolemy/domains/de/test/auto/EventToDate.xml
auto.tcl: Setting watchdog for 200 seconds at Fri Oct 04 05:49:28 UTC 2019
3007 ms. Memory: 45056K Free: 17751K (39%)
ptolemy.util.test.WatchDog.cancel(): canceling Fri Oct 04 05:49:31 UTC 2019
auto.tcl: Setting watchdog for 200 seconds at Fri Oct 04 05:49:31 UTC 2019
3005 ms. Memory: 45056K Free: 17044K (38%)
ptolemy.util.test.WatchDog.cancel(): canceling Fri Oct 04 05:49:34 UTC 2019
------------------ testing $PTII/ptolemy/domains/de/test/auto/FSM1.xml
auto.tcl: Setting watchdog for 200 seconds at Fri Oct 04 05:49:34 UTC 2019
41 ms. Memory: 45056K Free: 18950K (42%)
ptolemy.util.test.WatchDog.cancel(): canceling Fri Oct 04 05:49:34 UTC 2019
auto.tcl: Setting watchdog for 200 seconds at Fri Oct 04 05:49:34 UTC 2019
26 ms. Memory: 45056K Free: 15691K (35%)
ptolemy.util.test.WatchDog.cancel(): canceling Fri Oct 04 05:49:34 UTC 2019
------------------ testing $PTII/ptolemy/domains/de/test/auto/FSM7.xml
auto.tcl: Setting watchdog for 200 seconds at Fri Oct 04 05:49:34 UTC 2019
41 ms. Memory: 45056K Free: 18658K (41%)
ptolemy.util.test.WatchDog.cancel(): canceling Fri Oct 04 05:49:34 UTC 2019
auto.tcl: Setting watchdog for 200 seconds at Fri Oct 04 05:49:34 UTC 2019
29 ms. Memory: 45056K Free: 15479K (34%)
ptolemy.util.test.WatchDog.cancel(): canceling Fri Oct 04 05:49:34 UTC 2019
------------------ testing $PTII/ptolemy/domains/de/test/auto/Inspection.xml
auto.tcl: Setting watchdog for 200 seconds at Fri Oct 04 05:49:34 UTC 2019
38 ms. Memory: 45056K Free: 18677K (41%)
ptolemy.util.test.WatchDog.cancel(): canceling Fri Oct 04 05:49:34 UTC 2019
auto.tcl: Setting watchdog for 200 seconds at Fri Oct 04 05:49:34 UTC 2019
34 ms. Memory: 45056K Free: 16938K (38%)
ptolemy.util.test.WatchDog.cancel(): canceling Fri Oct 04 05:49:34 UTC 2019
------------------ testing $PTII/ptolemy/domains/de/test/auto/Iteration.xml
auto.tcl: Setting watchdog for 200 seconds at Fri Oct 04 05:49:34 UTC 2019
8 ms. Memory: 45056K Free: 24407K (54%)
ptolemy.util.test.WatchDog.cancel(): canceling Fri Oct 04 05:49:34 UTC 2019
auto.tcl: Setting watchdog for 200 seconds at Fri Oct 04 05:49:34 UTC 2019
8 ms. Memory: 45056K Free: 22994K (51%)
ptolemy.util.test.WatchDog.cancel(): canceling Fri Oct 04 05:49:35 UTC 2019
------------------ testing $PTII/ptolemy/domains/de/test/auto/LineFault.xml
auto.tcl: Setting watchdog for 200 seconds at Fri Oct 04 05:49:35 UTC 2019
661 ms. Memory: 45056K Free: 12387K (27%)
ptolemy.util.test.WatchDog.cancel(): canceling Fri Oct 04 05:49:35 UTC 2019
auto.tcl: Setting watchdog for 200 seconds at Fri Oct 04 05:49:35 UTC 2019
620 ms. Memory: 54272K Free: 27730K (51%)
ptolemy.util.test.WatchDog.cancel(): canceling Fri Oct 04 05:49:36 UTC 2019
------------------ testing $PTII/ptolemy/domains/de/test/auto/MergeModel1Add.xml
auto.tcl: Setting watchdog for 200 seconds at Fri Oct 04 05:49:36 UTC 2019
24 ms. Memory: 51200K Free: 16540K (32%)
ptolemy.util.test.WatchDog.cancel(): canceling Fri Oct 04 05:49:36 UTC 2019
auto.tcl: Setting watchdog for 200 seconds at Fri Oct 04 05:49:36 UTC 2019
10 ms. Memory: 51200K Free: 14922K (29%)
ptolemy.util.test.WatchDog.cancel(): canceling Fri Oct 04 05:49:36 UTC 2019
------------------ testing $PTII/ptolemy/domains/de/test/auto/MergeModel2Add.xml
auto.tcl: Setting watchdog for 200 seconds at Fri Oct 04 05:49:36 UTC 2019
11 ms. Memory: 48128K Free: 15306K (32%)
ptolemy.util.test.WatchDog.cancel(): canceling Fri Oct 04 05:49:36 UTC 2019
auto.tcl: Setting watchdog for 200 seconds at Fri Oct 04 05:49:36 UTC 2019
9 ms. Memory: 48128K Free: 13571K (28%)
ptolemy.util.test.WatchDog.cancel(): canceling Fri Oct 04 05:49:36 UTC 2019
------------------ testing $PTII/ptolemy/domains/de/test/auto/MergeModel3Add.xml
auto.tcl: Setting watchdog for 200 seconds at Fri Oct 04 05:49:36 UTC 2019
8 ms. Memory: 48128K Free: 15566K (32%)
ptolemy.util.test.WatchDog.cancel(): canceling Fri Oct 04 05:49:37 UTC 2019
auto.tcl: Setting watchdog for 200 seconds at Fri Oct 04 05:49:37 UTC 2019
7 ms. Memory: 48128K Free: 13984K (29%)
ptolemy.util.test.WatchDog.cancel(): canceling Fri Oct 04 05:49:37 UTC 2019
------------------ testing $PTII/ptolemy/domains/de/test/auto/MergeWithoutDiscard.xml
auto.tcl: Setting watchdog for 200 seconds at Fri Oct 04 05:49:37 UTC 2019
3 ms. Memory: 48128K Free: 30109K (63%)
ptolemy.util.test.WatchDog.cancel(): canceling Fri Oct 04 05:49:37 UTC 2019
auto.tcl: Setting watchdog for 200 seconds at Fri Oct 04 05:49:37 UTC 2019
1 ms. Memory: 48128K Free: 29695K (62%)
ptolemy.util.test.WatchDog.cancel(): canceling Fri Oct 04 05:49:37 UTC 2019
------------------ testing $PTII/ptolemy/domains/de/test/auto/Modal1.xml
auto.tcl: Setting watchdog for 200 seconds at Fri Oct 04 05:49:37 UTC 2019
15 ms. Memory: 48128K Free: 22010K (46%)
ptolemy.util.test.WatchDog.cancel(): canceling Fri Oct 04 05:49:37 UTC 2019
auto.tcl: Setting watchdog for 200 seconds at Fri Oct 04 05:49:37 UTC 2019
17 ms. Memory: 48128K Free: 18599K (39%)
ptolemy.util.test.WatchDog.cancel(): canceling Fri Oct 04 05:49:37 UTC 2019
------------------ testing $PTII/ptolemy/domains/de/test/auto/Modal2.xml
auto.tcl: Setting watchdog for 200 seconds at Fri Oct 04 05:49:37 UTC 2019
11 ms. Memory: 48128K Free: 22134K (46%)
ptolemy.util.test.WatchDog.cancel(): canceling Fri Oct 04 05:49:37 UTC 2019
auto.tcl: Setting watchdog for 200 seconds at Fri Oct 04 05:49:37 UTC 2019
11 ms. Memory: 48128K Free: 18894K (39%)
ptolemy.util.test.WatchDog.cancel(): canceling Fri Oct 04 05:49:37 UTC 2019
------------------ testing $PTII/ptolemy/domains/de/test/auto/Modal3.xml
auto.tcl: Setting watchdog for 200 seconds at Fri Oct 04 05:49:37 UTC 2019
10 ms. Memory: 48128K Free: 22103K (46%)
ptolemy.util.test.WatchDog.cancel(): canceling Fri Oct 04 05:49:37 UTC 2019
auto.tcl: Setting watchdog for 200 seconds at Fri Oct 04 05:49:37 UTC 2019
11 ms. Memory: 48128K Free: 18541K (39%)
ptolemy.util.test.WatchDog.cancel(): canceling Fri Oct 04 05:49:37 UTC 2019
------------------ testing $PTII/ptolemy/domains/de/test/auto/Modal4.xml
auto.tcl: Setting watchdog for 200 seconds at Fri Oct 04 05:49:37 UTC 2019
12 ms. Memory: 48128K Free: 20880K (43%)
ptolemy.util.test.WatchDog.cancel(): canceling Fri Oct 04 05:49:37 UTC 2019
auto.tcl: Setting watchdog for 200 seconds at Fri Oct 04 05:49:37 UTC 2019
14 ms. Memory: 48128K Free: 16845K (35%)
ptolemy.util.test.WatchDog.cancel(): canceling Fri Oct 04 05:49:37 UTC 2019
------------------ testing $PTII/ptolemy/domains/de/test/auto/Modal5.xml
auto.tcl: Setting watchdog for 200 seconds at Fri Oct 04 05:49:37 UTC 2019
13 ms. Memory: 48128K Free: 21078K (44%)
ptolemy.util.test.WatchDog.cancel(): canceling Fri Oct 04 05:49:37 UTC 2019
auto.tcl: Setting watchdog for 200 seconds at Fri Oct 04 05:49:37 UTC 2019
14 ms. Memory: 48128K Free: 17223K (36%)
ptolemy.util.test.WatchDog.cancel(): canceling Fri Oct 04 05:49:37 UTC 2019
------------------ testing $PTII/ptolemy/domains/de/test/auto/Modal6.xml
auto.tcl: Setting watchdog for 200 seconds at Fri Oct 04 05:49:37 UTC 2019
20 ms. Memory: 48128K Free: 21867K (45%)
ptolemy.util.test.WatchDog.cancel(): canceling Fri Oct 04 05:49:37 UTC 2019
auto.tcl: Setting watchdog for 200 seconds at Fri Oct 04 05:49:37 UTC 2019
16 ms. Memory: 48128K Free: 17882K (37%)
ptolemy.util.test.WatchDog.cancel(): canceling Fri Oct 04 05:49:37 UTC 2019
------------------ testing $PTII/ptolemy/domains/de/test/auto/Modal7.xml
auto.tcl: Setting watchdog for 200 seconds at Fri Oct 04 05:49:37 UTC 2019
17 ms. Memory: 48128K Free: 20836K (43%)
ptolemy.util.test.WatchDog.cancel(): canceling Fri Oct 04 05:49:37 UTC 2019
auto.tcl: Setting watchdog for 200 seconds at Fri Oct 04 05:49:37 UTC 2019
11 ms. Memory: 48128K Free: 17222K (36%)
ptolemy.util.test.WatchDog.cancel(): canceling Fri Oct 04 05:49:37 UTC 2019
------------------ testing $PTII/ptolemy/domains/de/test/auto/ModalModel.xml
auto.tcl: Setting watchdog for 200 seconds at Fri Oct 04 05:49:37 UTC 2019
204 ms. Memory: 60416K Free: 42168K (70%)
ptolemy.util.test.WatchDog.cancel(): canceling Fri Oct 04 05:49:38 UTC 2019
auto.tcl: Setting watchdog for 200 seconds at Fri Oct 04 05:49:38 UTC 2019
191 ms. Memory: 60416K Free: 37885K (63%)
ptolemy.util.test.WatchDog.cancel(): canceling Fri Oct 04 05:49:38 UTC 2019
------------------ testing $PTII/ptolemy/domains/de/test/auto/ModalSource.xml
auto.tcl: Setting watchdog for 200 seconds at Fri Oct 04 05:49:38 UTC 2019
9 ms. Memory: 48128K Free: 25931K (54%)
ptolemy.util.test.WatchDog.cancel(): canceling Fri Oct 04 05:49:38 UTC 2019
auto.tcl: Setting watchdog for 200 seconds at Fri Oct 04 05:49:38 UTC 2019
5 ms. Memory: 48128K Free: 23849K (50%)
ptolemy.util.test.WatchDog.cancel(): canceling Fri Oct 04 05:49:38 UTC 2019
------------------ testing $PTII/ptolemy/domains/de/test/auto/NonInterruptibleTimerZeroDelay.xml
auto.tcl: Setting watchdog for 200 seconds at Fri Oct 04 05:49:38 UTC 2019
4 ms. Memory: 48128K Free: 30924K (64%)
ptolemy.util.test.WatchDog.cancel(): canceling Fri Oct 04 05:49:38 UTC 2019
auto.tcl: Setting watchdog for 200 seconds at Fri Oct 04 05:49:38 UTC 2019
2 ms. Memory: 48128K Free: 30170K (63%)
ptolemy.util.test.WatchDog.cancel(): canceling Fri Oct 04 05:49:38 UTC 2019
------------------ testing $PTII/ptolemy/domains/de/test/auto/OpenQueueingNetwork.xml
auto.tcl: Setting watchdog for 200 seconds at Fri Oct 04 05:49:38 UTC 2019
2968 ms. Memory: 128000K Free: 96369K (75%)
ptolemy.util.test.WatchDog.cancel(): canceling Fri Oct 04 05:49:41 UTC 2019
auto.tcl: Setting watchdog for 200 seconds at Fri Oct 04 05:49:41 UTC 2019
2415 ms. Memory: 153600K Free: 61187K (40%)
ptolemy.util.test.WatchDog.cancel(): canceling Fri Oct 04 05:49:44 UTC 2019
------------------ testing $PTII/ptolemy/domains/de/test/auto/OpenQueuingNetwork.xml
auto.tcl: Setting watchdog for 200 seconds at Fri Oct 04 05:49:44 UTC 2019
268 ms. Memory: 66560K Free: 45799K (69%)
ptolemy.util.test.WatchDog.cancel(): canceling Fri Oct 04 05:49:44 UTC 2019
auto.tcl: Setting watchdog for 200 seconds at Fri Oct 04 05:49:44 UTC 2019
246 ms. Memory: 66560K Free: 35070K (53%)
ptolemy.util.test.WatchDog.cancel(): canceling Fri Oct 04 05:49:44 UTC 2019
------------------ testing $PTII/ptolemy/domains/de/test/auto/PeriodicSampler.xml
auto.tcl: Setting watchdog for 200 seconds at Fri Oct 04 05:49:44 UTC 2019
3 ms. Memory: 48128K Free: 30030K (62%)
ptolemy.util.test.WatchDog.cancel(): canceling Fri Oct 04 05:49:44 UTC 2019
auto.tcl: Setting watchdog for 200 seconds at Fri Oct 04 05:49:44 UTC 2019
1 ms. Memory: 48128K Free: 29510K (61%)
ptolemy.util.test.WatchDog.cancel(): canceling Fri Oct 04 05:49:44 UTC 2019
------------------ testing $PTII/ptolemy/domains/de/test/auto/PersistentIO.xml
auto.tcl: Setting watchdog for 200 seconds at Fri Oct 04 05:49:44 UTC 2019
12 ms. Memory: 48128K Free: 24955K (52%)
ptolemy.util.test.WatchDog.cancel(): canceling Fri Oct 04 05:49:44 UTC 2019
auto.tcl: Setting watchdog for 200 seconds at Fri Oct 04 05:49:44 UTC 2019
4 ms. Memory: 48128K Free: 23435K (49%)
ptolemy.util.test.WatchDog.cancel(): canceling Fri Oct 04 05:49:44 UTC 2019
------------------ testing $PTII/ptolemy/domains/de/test/auto/PortParameterResetOnInitialize.xml
auto.tcl: Setting watchdog for 200 seconds at Fri Oct 04 05:49:44 UTC 2019
2 ms. Memory: 48128K Free: 30176K (63%)
ptolemy.util.test.WatchDog.cancel(): canceling Fri Oct 04 05:49:44 UTC 2019
auto.tcl: Setting watchdog for 200 seconds at Fri Oct 04 05:49:44 UTC 2019
2 ms. Memory: 48128K Free: 29682K (62%)
ptolemy.util.test.WatchDog.cancel(): canceling Fri Oct 04 05:49:44 UTC 2019
------------------ testing $PTII/ptolemy/domains/de/test/auto/PortParameterUpdates.xml
auto.tcl: Setting watchdog for 200 seconds at Fri Oct 04 05:49:44 UTC 2019
4 ms. Memory: 48128K Free: 28023K (58%)
ptolemy.util.test.WatchDog.cancel(): canceling Fri Oct 04 05:49:44 UTC 2019
auto.tcl: Setting watchdog for 200 seconds at Fri Oct 04 05:49:44 UTC 2019
3 ms. Memory: 48128K Free: 27021K (56%)
ptolemy.util.test.WatchDog.cancel(): canceling Fri Oct 04 05:49:44 UTC 2019
------------------ testing $PTII/ptolemy/domains/de/test/auto/QueueAndServer.xml
auto.tcl: Setting watchdog for 200 seconds at Fri Oct 04 05:49:44 UTC 2019
5 ms. Memory: 48128K Free: 26937K (56%)
ptolemy.util.test.WatchDog.cancel(): canceling Fri Oct 04 05:49:44 UTC 2019
auto.tcl: Setting watchdog for 200 seconds at Fri Oct 04 05:49:44 UTC 2019
6 ms. Memory: 48128K Free: 25459K (53%)
ptolemy.util.test.WatchDog.cancel(): canceling Fri Oct 04 05:49:45 UTC 2019
------------------ testing $PTII/ptolemy/domains/de/test/auto/Records.xml
auto.tcl: Setting watchdog for 200 seconds at Fri Oct 04 05:49:45 UTC 2019
3 ms. Memory: 48128K Free: 29206K (61%)
ptolemy.util.test.WatchDog.cancel(): canceling Fri Oct 04 05:49:45 UTC 2019
auto.tcl: Setting watchdog for 200 seconds at Fri Oct 04 05:49:45 UTC 2019
3 ms. Memory: 48128K Free: 28691K (60%)
ptolemy.util.test.WatchDog.cancel(): canceling Fri Oct 04 05:49:45 UTC 2019
------------------ testing $PTII/ptolemy/domains/de/test/auto/ResetTransitionWithStartTime1.xml
auto.tcl: Setting watchdog for 200 seconds at Fri Oct 04 05:49:45 UTC 2019
6 ms. Memory: 48128K Free: 26440K (55%)
ptolemy.util.test.WatchDog.cancel(): canceling Fri Oct 04 05:49:45 UTC 2019
auto.tcl: Setting watchdog for 200 seconds at Fri Oct 04 05:49:45 UTC 2019
6 ms. Memory: 48128K Free: 24392K (51%)
ptolemy.util.test.WatchDog.cancel(): canceling Fri Oct 04 05:49:45 UTC 2019
------------------ testing $PTII/ptolemy/domains/de/test/auto/ResetTransitionWithStartTime2.xml
auto.tcl: Setting watchdog for 200 seconds at Fri Oct 04 05:49:45 UTC 2019
6 ms. Memory: 48128K Free: 26395K (55%)
ptolemy.util.test.WatchDog.cancel(): canceling Fri Oct 04 05:49:45 UTC 2019
auto.tcl: Setting watchdog for 200 seconds at Fri Oct 04 05:49:45 UTC 2019
6 ms. Memory: 48128K Free: 24354K (51%)
ptolemy.util.test.WatchDog.cancel(): canceling Fri Oct 04 05:49:45 UTC 2019
------------------ testing $PTII/ptolemy/domains/de/test/auto/ResetTransitionWithStartTime3.xml
auto.tcl: Setting watchdog for 200 seconds at Fri Oct 04 05:49:45 UTC 2019
6 ms. Memory: 48128K Free: 26394K (55%)
ptolemy.util.test.WatchDog.cancel(): canceling Fri Oct 04 05:49:45 UTC 2019
auto.tcl: Setting watchdog for 200 seconds at Fri Oct 04 05:49:45 UTC 2019
3 ms. Memory: 48128K Free: 24353K (51%)
ptolemy.util.test.WatchDog.cancel(): canceling Fri Oct 04 05:49:45 UTC 2019
------------------ testing $PTII/ptolemy/domains/de/test/auto/ResetTransitionWithStartTime4.xml
auto.tcl: Setting watchdog for 200 seconds at Fri Oct 04 05:49:45 UTC 2019
6 ms. Memory: 48128K Free: 26861K (56%)
ptolemy.util.test.WatchDog.cancel(): canceling Fri Oct 04 05:49:45 UTC 2019
auto.tcl: Setting watchdog for 200 seconds at Fri Oct 04 05:49:45 UTC 2019
3 ms. Memory: 48128K Free: 25368K (53%)
ptolemy.util.test.WatchDog.cancel(): canceling Fri Oct 04 05:49:45 UTC 2019
------------------ testing $PTII/ptolemy/domains/de/test/auto/ResettableTimer1.xml
auto.tcl: Setting watchdog for 200 seconds at Fri Oct 04 05:49:45 UTC 2019
2 ms. Memory: 48128K Free: 30648K (64%)
ptolemy.util.test.WatchDog.cancel(): canceling Fri Oct 04 05:49:45 UTC 2019
auto.tcl: Setting watchdog for 200 seconds at Fri Oct 04 05:49:45 UTC 2019
2 ms. Memory: 48128K Free: 29991K (62%)
ptolemy.util.test.WatchDog.cancel(): canceling Fri Oct 04 05:49:45 UTC 2019
------------------ testing $PTII/ptolemy/domains/de/test/auto/ResettableTimer2.xml
auto.tcl: Setting watchdog for 200 seconds at Fri Oct 04 05:49:45 UTC 2019
6 ms. Memory: 48128K Free: 30672K (64%)
ptolemy.util.test.WatchDog.cancel(): canceling Fri Oct 04 05:49:45 UTC 2019
auto.tcl: Setting watchdog for 200 seconds at Fri Oct 04 05:49:45 UTC 2019
1 ms. Memory: 48128K Free: 30017K (62%)
ptolemy.util.test.WatchDog.cancel(): canceling Fri Oct 04 05:49:45 UTC 2019
------------------ testing $PTII/ptolemy/domains/de/test/auto/ResettableTimer3.xml
auto.tcl: Setting watchdog for 200 seconds at Fri Oct 04 05:49:45 UTC 2019
1 ms. Memory: 48128K Free: 30559K (63%)
ptolemy.util.test.WatchDog.cancel(): canceling Fri Oct 04 05:49:45 UTC 2019
auto.tcl: Setting watchdog for 200 seconds at Fri Oct 04 05:49:45 UTC 2019
2 ms. Memory: 48128K Free: 30527K (63%)
ptolemy.util.test.WatchDog.cancel(): canceling Fri Oct 04 05:49:45 UTC 2019
------------------ testing $PTII/ptolemy/domains/de/test/auto/ResettableTimer4.xml
auto.tcl: Setting watchdog for 200 seconds at Fri Oct 04 05:49:45 UTC 2019
1 ms. Memory: 48128K Free: 30540K (63%)
ptolemy.util.test.WatchDog.cancel(): canceling Fri Oct 04 05:49:45 UTC 2019
auto.tcl: Setting watchdog for 200 seconds at Fri Oct 04 05:49:45 UTC 2019
1 ms. Memory: 48128K Free: 30041K (62%)
ptolemy.util.test.WatchDog.cancel(): canceling Fri Oct 04 05:49:45 UTC 2019
------------------ testing $PTII/ptolemy/domains/de/test/auto/ResettableTimer5.xml
auto.tcl: Setting watchdog for 200 seconds at Fri Oct 04 05:49:45 UTC 2019
1 ms. Memory: 48128K Free: 29994K (62%)
ptolemy.util.test.WatchDog.cancel(): canceling Fri Oct 04 05:49:45 UTC 2019
auto.tcl: Setting watchdog for 200 seconds at Fri Oct 04 05:49:45 UTC 2019
1 ms. Memory: 48128K Free: 29514K (61%)
ptolemy.util.test.WatchDog.cancel(): canceling Fri Oct 04 05:49:45 UTC 2019
------------------ testing $PTII/ptolemy/domains/de/test/auto/ResettableTimer6.xml
auto.tcl: Setting watchdog for 200 seconds at Fri Oct 04 05:49:45 UTC 2019
1 ms. Memory: 48128K Free: 30015K (62%)
ptolemy.util.test.WatchDog.cancel(): canceling Fri Oct 04 05:49:45 UTC 2019
auto.tcl: Setting watchdog for 200 seconds at Fri Oct 04 05:49:45 UTC 2019
1 ms. Memory: 48128K Free: 29510K (61%)
ptolemy.util.test.WatchDog.cancel(): canceling Fri Oct 04 05:49:45 UTC 2019
------------------ testing $PTII/ptolemy/domains/de/test/auto/ServerZeroDelay.xml
auto.tcl: Setting watchdog for 200 seconds at Fri Oct 04 05:49:45 UTC 2019
4 ms. Memory: 48128K Free: 30520K (63%)
ptolemy.util.test.WatchDog.cancel(): canceling Fri Oct 04 05:49:45 UTC 2019
auto.tcl: Setting watchdog for 200 seconds at Fri Oct 04 05:49:45 UTC 2019
2 ms. Memory: 48128K Free: 29516K (61%)
ptolemy.util.test.WatchDog.cancel(): canceling Fri Oct 04 05:49:45 UTC 2019
------------------ testing $PTII/ptolemy/domains/de/test/auto/SmartSender.xml
auto.tcl: Setting watchdog for 200 seconds at Fri Oct 04 05:49:45 UTC 2019
3002 ms. Memory: 48128K Free: 30533K (63%)
ptolemy.util.test.WatchDog.cancel(): canceling Fri Oct 04 05:49:48 UTC 2019
auto.tcl: Setting watchdog for 200 seconds at Fri Oct 04 05:49:48 UTC 2019
3002 ms. Memory: 48128K Free: 30035K (62%)
ptolemy.util.test.WatchDog.cancel(): canceling Fri Oct 04 05:49:51 UTC 2019
------------------ testing $PTII/ptolemy/domains/de/test/auto/ThreadedComposite.xml
auto.tcl: Setting watchdog for 200 seconds at Fri Oct 04 05:49:51 UTC 2019
312 ms. Memory: 48128K Free: 8001K (17%)
ptolemy.util.test.WatchDog.cancel(): canceling Fri Oct 04 05:49:52 UTC 2019
auto.tcl: Setting watchdog for 200 seconds at Fri Oct 04 05:49:52 UTC 2019
177 ms. Memory: 48128K Free: 18526K (38%)
ptolemy.util.test.WatchDog.cancel(): canceling Fri Oct 04 05:49:52 UTC 2019
------------------ testing $PTII/ptolemy/domains/de/test/auto/Time.xml
auto.tcl: Setting watchdog for 200 seconds at Fri Oct 04 05:49:52 UTC 2019
528 ms. Memory: 48128K Free: 30707K (64%)
ptolemy.util.test.WatchDog.cancel(): canceling Fri Oct 04 05:49:53 UTC 2019
auto.tcl: Setting watchdog for 200 seconds at Fri Oct 04 05:49:53 UTC 2019
480 ms. Memory: 48128K Free: 32387K (67%)
ptolemy.util.test.WatchDog.cancel(): canceling Fri Oct 04 05:49:53 UTC 2019
------------------ testing $PTII/ptolemy/domains/de/test/auto/TimeDelayZeroDelay.xml
auto.tcl: Setting watchdog for 200 seconds at Fri Oct 04 05:49:53 UTC 2019
2 ms. Memory: 48128K Free: 30924K (64%)
ptolemy.util.test.WatchDog.cancel(): canceling Fri Oct 04 05:49:53 UTC 2019
auto.tcl: Setting watchdog for 200 seconds at Fri Oct 04 05:49:53 UTC 2019
1 ms. Memory: 48128K Free: 30025K (62%)
ptolemy.util.test.WatchDog.cancel(): canceling Fri Oct 04 05:49:53 UTC 2019
------------------ testing $PTII/ptolemy/domains/de/test/auto/TimerZeroDelay.xml
auto.tcl: Setting watchdog for 200 seconds at Fri Oct 04 05:49:53 UTC 2019
2 ms. Memory: 48128K Free: 30487K (63%)
ptolemy.util.test.WatchDog.cancel(): canceling Fri Oct 04 05:49:53 UTC 2019
auto.tcl: Setting watchdog for 200 seconds at Fri Oct 04 05:49:53 UTC 2019
2 ms. Memory: 48128K Free: 30044K (62%)
ptolemy.util.test.WatchDog.cancel(): canceling Fri Oct 04 05:49:53 UTC 2019
------------------ testing $PTII/ptolemy/domains/de/test/auto/TimingParadox.xml
auto.tcl: Setting watchdog for 200 seconds at Fri Oct 04 05:49:53 UTC 2019
317 ms. Memory: 48128K Free: 16168K (34%)
ptolemy.util.test.WatchDog.cancel(): canceling Fri Oct 04 05:49:54 UTC 2019
auto.tcl: Setting watchdog for 200 seconds at Fri Oct 04 05:49:54 UTC 2019
335 ms. Memory: 58368K Free: 40061K (69%)
ptolemy.util.test.WatchDog.cancel(): canceling Fri Oct 04 05:49:54 UTC 2019
------------------ testing $PTII/ptolemy/domains/de/test/auto/TransferInputs.xml
auto.tcl: Setting watchdog for 200 seconds at Fri Oct 04 05:49:54 UTC 2019
2 ms. Memory: 55296K Free: 36106K (65%)
ptolemy.util.test.WatchDog.cancel(): canceling Fri Oct 04 05:49:54 UTC 2019
auto.tcl: Setting watchdog for 200 seconds at Fri Oct 04 05:49:54 UTC 2019
2 ms. Memory: 55296K Free: 35192K (64%)
ptolemy.util.test.WatchDog.cancel(): canceling Fri Oct 04 05:49:54 UTC 2019
------------------ testing $PTII/ptolemy/domains/de/test/auto/TransferOutputs2.xml
auto.tcl: Setting watchdog for 200 seconds at Fri Oct 04 05:49:54 UTC 2019
3 ms. Memory: 48128K Free: 26396K (55%)
ptolemy.util.test.WatchDog.cancel(): canceling Fri Oct 04 05:49:54 UTC 2019
auto.tcl: Setting watchdog for 200 seconds at Fri Oct 04 05:49:54 UTC 2019
2 ms. Memory: 48128K Free: 25008K (52%)
ptolemy.util.test.WatchDog.cancel(): canceling Fri Oct 04 05:49:54 UTC 2019
------------------ testing $PTII/ptolemy/domains/de/test/auto/Trilateration.xml
auto.tcl: Setting watchdog for 200 seconds at Fri Oct 04 05:49:54 UTC 2019
14824 ms. Memory: 533504K Free: 407049K (76%)
ptolemy.util.test.WatchDog.cancel(): canceling Fri Oct 04 05:50:10 UTC 2019
auto.tcl: Setting watchdog for 200 seconds at Fri Oct 04 05:50:10 UTC 2019
11316 ms. Memory: 533504K Free: 300668K (56%)
ptolemy.util.test.WatchDog.cancel(): canceling Fri Oct 04 05:50:21 UTC 2019
------------------ testing $PTII/ptolemy/domains/de/test/auto/TwoSigmaDelta.xml
auto.tcl: Setting watchdog for 200 seconds at Fri Oct 04 05:50:22 UTC 2019
2620 ms. Memory: 89088K Free: 24513K (28%)
ptolemy.util.test.WatchDog.cancel(): canceling Fri Oct 04 05:50:24 UTC 2019
auto.tcl: Setting watchdog for 200 seconds at Fri Oct 04 05:50:24 UTC 2019
1974 ms. Memory: 89088K Free: 23007K (26%)
ptolemy.util.test.WatchDog.cancel(): canceling Fri Oct 04 05:50:26 UTC 2019
------------------ testing $PTII/ptolemy/domains/de/test/auto/VariableDelay.xml
auto.tcl: Setting watchdog for 200 seconds at Fri Oct 04 05:50:26 UTC 2019
3 ms. Memory: 51200K Free: 32517K (64%)
ptolemy.util.test.WatchDog.cancel(): canceling Fri Oct 04 05:50:26 UTC 2019
auto.tcl: Setting watchdog for 200 seconds at Fri Oct 04 05:50:26 UTC 2019
2 ms. Memory: 51200K Free: 31501K (62%)
ptolemy.util.test.WatchDog.cancel(): canceling Fri Oct 04 05:50:26 UTC 2019
------------------ testing $PTII/ptolemy/domains/de/test/auto/VariableDelay2.xml
auto.tcl: Setting watchdog for 200 seconds at Fri Oct 04 05:50:26 UTC 2019
2 ms. Memory: 51200K Free: 32351K (63%)
ptolemy.util.test.WatchDog.cancel(): canceling Fri Oct 04 05:50:26 UTC 2019
auto.tcl: Setting watchdog for 200 seconds at Fri Oct 04 05:50:26 UTC 2019
1 ms. Memory: 51200K Free: 31401K (61%)
ptolemy.util.test.WatchDog.cancel(): canceling Fri Oct 04 05:50:26 UTC 2019
------------------ testing $PTII/ptolemy/domains/de/test/auto/VariableDelayZeroDelay.xml
auto.tcl: Setting watchdog for 200 seconds at Fri Oct 04 05:50:26 UTC 2019
10 ms. Memory: 51200K Free: 32968K (64%)
ptolemy.util.test.WatchDog.cancel(): canceling Fri Oct 04 05:50:26 UTC 2019
auto.tcl: Setting watchdog for 200 seconds at Fri Oct 04 05:50:26 UTC 2019
2 ms. Memory: 51200K Free: 32440K (63%)
ptolemy.util.test.WatchDog.cancel(): canceling Fri Oct 04 05:50:26 UTC 2019
------------------ testing $PTII/ptolemy/domains/de/test/auto/VariableDelayZeroDelay2.xml
auto.tcl: Setting watchdog for 200 seconds at Fri Oct 04 05:50:26 UTC 2019
2 ms. Memory: 51200K Free: 33041K (65%)
ptolemy.util.test.WatchDog.cancel(): canceling Fri Oct 04 05:50:26 UTC 2019
auto.tcl: Setting watchdog for 200 seconds at Fri Oct 04 05:50:26 UTC 2019
2 ms. Memory: 51200K Free: 31942K (62%)
ptolemy.util.test.WatchDog.cancel(): canceling Fri Oct 04 05:50:26 UTC 2019
------------------ testing $PTII/ptolemy/domains/de/test/auto/deInCt.xml
auto.tcl: Setting watchdog for 200 seconds at Fri Oct 04 05:50:27 UTC 2019
0
1
1
1
0
0
0
1
1
1
0
0
0
0
1
1
1
1
1
1
0
0
0
0
1
1
1
1
0
0
0
0
0
15 ms. Memory: 48128K Free: 28867K (60%)
ptolemy.util.test.WatchDog.cancel(): canceling Fri Oct 04 05:50:27 UTC 2019
auto.tcl: Setting watchdog for 200 seconds at Fri Oct 04 05:50:27 UTC 2019
0
1
1
1
0
0
1
1
1
0
0
1
1
1
1
0
0
0
0
0
0
1
1
1
0
0
0
0
1
1
1
0
0
1
1
1
0
0
0
1
1
1
1
11 ms. Memory: 48128K Free: 27325K (57%)
ptolemy.util.test.WatchDog.cancel(): canceling Fri Oct 04 05:50:27 UTC 2019
------------------ testing $PTII/ptolemy/domains/de/test/auto/deInCt2.xml
auto.tcl: Setting watchdog for 200 seconds at Fri Oct 04 05:50:27 UTC 2019
0
1
1
1
0
0
1
1
1
0
0
1
1
1
0
0
1
1
1
0
0
1
1
1
0
0
1
1
1
0
0
1
1
1
0
0
1
1
1
0
0
0
14 ms. Memory: 48128K Free: 28870K (60%)
ptolemy.util.test.WatchDog.cancel(): canceling Fri Oct 04 05:50:27 UTC 2019
auto.tcl: Setting watchdog for 200 seconds at Fri Oct 04 05:50:27 UTC 2019
0
1
1
1
0
0
1
1
1
0
0
1
1
1
0
0
1
1
1
0
0
1
1
1
0
0
1
1
1
0
0
1
1
1
0
0
1
1
1
0
0
0
11 ms. Memory: 48128K Free: 27312K (57%)
ptolemy.util.test.WatchDog.cancel(): canceling Fri Oct 04 05:50:27 UTC 2019
------------------ testing $PTII/ptolemy/domains/de/test/auto/dynamicCausalityInterface1.xml
auto.tcl: Setting watchdog for 200 seconds at Fri Oct 04 05:50:27 UTC 2019
2 ms. Memory: 48128K Free: 24198K (50%)
ptolemy.util.test.WatchDog.cancel(): canceling Fri Oct 04 05:50:27 UTC 2019
auto.tcl: Setting watchdog for 200 seconds at Fri Oct 04 05:50:27 UTC 2019
1 ms. Memory: 48128K Free: 23744K (49%)
ptolemy.util.test.WatchDog.cancel(): canceling Fri Oct 04 05:50:27 UTC 2019
------------------ testing $PTII/ptolemy/domains/de/test/auto/fsm_de_test.xml
auto.tcl: Setting watchdog for 200 seconds at Fri Oct 04 05:50:27 UTC 2019
9 ms. Memory: 48128K Free: 24667K (51%)
ptolemy.util.test.WatchDog.cancel(): canceling Fri Oct 04 05:50:27 UTC 2019
auto.tcl: Setting watchdog for 200 seconds at Fri Oct 04 05:50:27 UTC 2019
6 ms. Memory: 48128K Free: 22666K (47%)
ptolemy.util.test.WatchDog.cancel(): canceling Fri Oct 04 05:50:27 UTC 2019
------------------ testing $PTII/ptolemy/domains/de/test/auto/functionDependencyReconstruction.xml
auto.tcl: Setting watchdog for 200 seconds at Fri Oct 04 05:50:27 UTC 2019
2 ms. Memory: 48128K Free: 18687K (39%)
ptolemy.util.test.WatchDog.cancel(): canceling Fri Oct 04 05:50:27 UTC 2019
auto.tcl: Setting watchdog for 200 seconds at Fri Oct 04 05:50:27 UTC 2019
2 ms. Memory: 48128K Free: 16534K (34%)
ptolemy.util.test.WatchDog.cancel(): canceling Fri Oct 04 05:50:27 UTC 2019
------------------ testing $PTII/ptolemy/domains/de/test/auto/multirate.xml
auto.tcl: Setting watchdog for 200 seconds at Fri Oct 04 05:50:27 UTC 2019
3 ms. Memory: 48128K Free: 27328K (57%)
ptolemy.util.test.WatchDog.cancel(): canceling Fri Oct 04 05:50:27 UTC 2019
auto.tcl: Setting watchdog for 200 seconds at Fri Oct 04 05:50:27 UTC 2019
3 ms. Memory: 48128K Free: 25650K (53%)
ptolemy.util.test.WatchDog.cancel(): canceling Fri Oct 04 05:50:27 UTC 2019
------------------ testing $PTII/ptolemy/domains/de/test/auto/multirate2.xml
auto.tcl: Setting watchdog for 200 seconds at Fri Oct 04 05:50:27 UTC 2019
2 ms. Memory: 48128K Free: 27490K (57%)
ptolemy.util.test.WatchDog.cancel(): canceling Fri Oct 04 05:50:27 UTC 2019
auto.tcl: Setting watchdog for 200 seconds at Fri Oct 04 05:50:27 UTC 2019
3 ms. Memory: 48128K Free: 25764K (54%)
ptolemy.util.test.WatchDog.cancel(): canceling Fri Oct 04 05:50:27 UTC 2019
------------------ testing $PTII/ptolemy/domains/de/test/auto/realtime.xml
auto.tcl: Setting watchdog for 200 seconds at Fri Oct 04 05:50:27 UTC 2019
10001 ms. Memory: 48128K Free: 29555K (61%)
ptolemy.util.test.WatchDog.cancel(): canceling Fri Oct 04 05:50:37 UTC 2019
auto.tcl: Setting watchdog for 200 seconds at Fri Oct 04 05:50:37 UTC 2019
10001 ms. Memory: 48128K Free: 28813K (60%)
ptolemy.util.test.WatchDog.cancel(): canceling Fri Oct 04 05:50:47 UTC 2019
------------------ testing $PTII/ptolemy/domains/de/test/auto/relationGroup.xml
auto.tcl: Setting watchdog for 200 seconds at Fri Oct 04 05:50:47 UTC 2019
2 ms. Memory: 48128K Free: 30612K (64%)
ptolemy.util.test.WatchDog.cancel(): canceling Fri Oct 04 05:50:47 UTC 2019
auto.tcl: Setting watchdog for 200 seconds at Fri Oct 04 05:50:47 UTC 2019
2 ms. Memory: 48128K Free: 29894K (62%)
ptolemy.util.test.WatchDog.cancel(): canceling Fri Oct 04 05:50:47 UTC 2019
------------------ testing $PTII/ptolemy/domains/de/test/auto/relationGroup2.xml
auto.tcl: Setting watchdog for 200 seconds at Fri Oct 04 05:50:47 UTC 2019
2 ms. Memory: 48128K Free: 30638K (64%)
ptolemy.util.test.WatchDog.cancel(): canceling Fri Oct 04 05:50:47 UTC 2019
auto.tcl: Setting watchdog for 200 seconds at Fri Oct 04 05:50:47 UTC 2019
3 ms. Memory: 48128K Free: 29920K (62%)
ptolemy.util.test.WatchDog.cancel(): canceling Fri Oct 04 05:50:47 UTC 2019
------------------ testing $PTII/ptolemy/domains/de/test/auto/sortWithOpaquePorts.xml
auto.tcl: Setting watchdog for 200 seconds at Fri Oct 04 05:50:47 UTC 2019
3 ms. Memory: 48128K Free: 29393K (61%)
ptolemy.util.test.WatchDog.cancel(): canceling Fri Oct 04 05:50:47 UTC 2019
auto.tcl: Setting watchdog for 200 seconds at Fri Oct 04 05:50:47 UTC 2019
2 ms. Memory: 48128K Free: 28409K (59%)
ptolemy.util.test.WatchDog.cancel(): canceling Fri Oct 04 05:50:47 UTC 2019
------------------ testing $PTII/ptolemy/domains/de/test/auto/transferInputsandOutputs.xml
auto.tcl: Setting watchdog for 200 seconds at Fri Oct 04 05:50:48 UTC 2019
3 ms. Memory: 48128K Free: 26836K (56%)
ptolemy.util.test.WatchDog.cancel(): canceling Fri Oct 04 05:50:48 UTC 2019
auto.tcl: Setting watchdog for 200 seconds at Fri Oct 04 05:50:48 UTC 2019
3 ms. Memory: 48128K Free: 25861K (54%)
ptolemy.util.test.WatchDog.cancel(): canceling Fri Oct 04 05:50:48 UTC 2019
------------------ testing $PTII/ptolemy/domains/de/test/auto/triggerType.xml
auto.tcl: Setting watchdog for 200 seconds at Fri Oct 04 05:50:48 UTC 2019
2 ms. Memory: 48128K Free: 29861K (62%)
ptolemy.util.test.WatchDog.cancel(): canceling Fri Oct 04 05:50:48 UTC 2019
auto.tcl: Setting watchdog for 200 seconds at Fri Oct 04 05:50:48 UTC 2019
3 ms. Memory: 48128K Free: 28886K (60%)
ptolemy.util.test.WatchDog.cancel(): canceling Fri Oct 04 05:50:48 UTC 2019
10/04/19 05:50:48
Failed: 0  Total Tests: 192  ((Passed: 187, Newly Passed: 1)  Known Failed: 5) /home/travis/build/icyphy/ptII/ptolemy/domains/de/test
10/04/19 05:50:48
Failed: 0  Total Tests: 192  ((Passed: 187, Newly Passed: 1)  Known Failed: 5) /home/travis/build/icyphy/ptII/ptolemy/domains/de/test
----------------- testing (KnownFailure) /home/travis/build/icyphy/ptII/ptolemy/domains/de/test/auto/knownFailedTests/DESDFClockTest.xml
2021 ms. Memory: 48128K Free: 22746K (47%)
Known Failure: java.lang.reflect.InvocationTargetException
----------------- testing (KnownFailure) /home/travis/build/icyphy/ptII/ptolemy/domains/de/test/auto/knownFailedTests/DirectFeedback.xml
6 ms. Memory: 48128K Free: 18650K (39%)
Known Failure: java.lang.reflect.InvocationTargetException
----------------- testing (KnownFailure) /home/travis/build/icyphy/ptII/ptolemy/domains/de/test/auto/knownFailedTests/FSMSource.xml
11 ms. Memory: 48128K Free: 11482K (24%)
----------------- testing (KnownFailure) /home/travis/build/icyphy/ptII/ptolemy/domains/de/test/auto/knownFailedTests/HierarchicalModel.xml
4 ms. Memory: 48128K Free: 21648K (45%)
Known Failure: java.lang.reflect.InvocationTargetException
----------------- testing (KnownFailure) /home/travis/build/icyphy/ptII/ptolemy/domains/de/test/auto/knownFailedTests/dependencyLoop.xml
7 ms. Memory: 48128K Free: 32116K (67%)
Known Failure: java.lang.reflect.InvocationTargetException
----------------- testing (KnownFailure) /home/travis/build/icyphy/ptII/ptolemy/domains/de/test/auto/knownFailedTests/dependencyLoop2.xml
7 ms. Memory: 48128K Free: 17189K (36%)
Known Failure: java.lang.reflect.InvocationTargetException
No auto/linux-amd64/*.xml tests in /home/travis/build/icyphy/ptII/ptolemy/domains/de/test
AutoTests.java: About to close Vertx.
AutoTests.java: Vertx closed.

===========================================================================================
----------------- testing Fri Oct 04 05:50:50 UTC 2019 /home/travis/build/icyphy/ptII/ptolemy/domains/de/test/auto/ActorDepthCalculation_actorWithoutPorts.xml
----------------- Instantiating /home/travis/build/icyphy/ptII/ptolemy/domains/de/test/auto/ActorDepthCalculation_actorWithoutPorts.xml
2 ms. Memory: 48128K Free: 10872K (23%)
----------------- Invoking toplevel() on ptolemy.moml.MoMLSimpleApplication@3e4e2157
----------------- Done invoking toplevel() on ptolemy.moml.MoMLSimpleApplication@3e4e2157
reloadAllAccessors: .ActorDepthCalculation_actorWithoutPorts

===========================================================================================
----------------- testing Fri Oct 04 05:50:50 UTC 2019 /home/travis/build/icyphy/ptII/ptolemy/domains/de/test/auto/AssemblyLine.xml
----------------- Instantiating /home/travis/build/icyphy/ptII/ptolemy/domains/de/test/auto/AssemblyLine.xml
2 ms. Memory: 48128K Free: 29655K (62%)
----------------- Invoking toplevel() on ptolemy.moml.MoMLSimpleApplication@78f6dfd4
----------------- Done invoking toplevel() on ptolemy.moml.MoMLSimpleApplication@78f6dfd4
reloadAllAccessors: .AssemblyLine

===========================================================================================
----------------- testing Fri Oct 04 05:50:50 UTC 2019 /home/travis/build/icyphy/ptII/ptolemy/domains/de/test/auto/CQBug1.xml
----------------- Instantiating /home/travis/build/icyphy/ptII/ptolemy/domains/de/test/auto/CQBug1.xml
1 ms. Memory: 48128K Free: 26766K (56%)
----------------- Invoking toplevel() on ptolemy.moml.MoMLSimpleApplication@621317cd
----------------- Done invoking toplevel() on ptolemy.moml.MoMLSimpleApplication@621317cd
reloadAllAccessors: .CQBug1

===========================================================================================
----------------- testing Fri Oct 04 05:50:50 UTC 2019 /home/travis/build/icyphy/ptII/ptolemy/domains/de/test/auto/CancelFireAt.xml
----------------- Instantiating /home/travis/build/icyphy/ptII/ptolemy/domains/de/test/auto/CancelFireAt.xml
13 ms. Memory: 48128K Free: 24467K (51%)
----------------- Invoking toplevel() on ptolemy.moml.MoMLSimpleApplication@41aca9dd
----------------- Done invoking toplevel() on ptolemy.moml.MoMLSimpleApplication@41aca9dd
reloadAllAccessors: .CancelFireAt

===========================================================================================
----------------- testing Fri Oct 04 05:50:50 UTC 2019 /home/travis/build/icyphy/ptII/ptolemy/domains/de/test/auto/CausalityAndComposabilityAnalysis.xml
----------------- Instantiating /home/travis/build/icyphy/ptII/ptolemy/domains/de/test/auto/CausalityAndComposabilityAnalysis.xml
2 ms. Memory: 48128K Free: 20331K (42%)
----------------- Invoking toplevel() on ptolemy.moml.MoMLSimpleApplication@7e74a5ab
----------------- Done invoking toplevel() on ptolemy.moml.MoMLSimpleApplication@7e74a5ab
reloadAllAccessors: .CausalityAndComposabilityAnalysis

===========================================================================================
----------------- testing Fri Oct 04 05:50:50 UTC 2019 /home/travis/build/icyphy/ptII/ptolemy/domains/de/test/auto/CausalityInterface1.xml
----------------- Instantiating /home/travis/build/icyphy/ptII/ptolemy/domains/de/test/auto/CausalityInterface1.xml
5 ms. Memory: 48128K Free: 15446K (32%)
----------------- Invoking toplevel() on ptolemy.moml.MoMLSimpleApplication@16f26fdb
----------------- Done invoking toplevel() on ptolemy.moml.MoMLSimpleApplication@16f26fdb
reloadAllAccessors: .CausalityInterface1

===========================================================================================
----------------- testing Fri Oct 04 05:50:50 UTC 2019 /home/travis/build/icyphy/ptII/ptolemy/domains/de/test/auto/CausalityInterface15.xml
----------------- Instantiating /home/travis/build/icyphy/ptII/ptolemy/domains/de/test/auto/CausalityInterface15.xml
2 ms. Memory: 48128K Free: 10113K (21%)
----------------- Invoking toplevel() on ptolemy.moml.MoMLSimpleApplication@5517c0d9
----------------- Done invoking toplevel() on ptolemy.moml.MoMLSimpleApplication@5517c0d9
reloadAllAccessors: .CausalityInterface15

===========================================================================================
----------------- testing Fri Oct 04 05:50:50 UTC 2019 /home/travis/build/icyphy/ptII/ptolemy/domains/de/test/auto/CausalityInterface2.xml
----------------- Instantiating /home/travis/build/icyphy/ptII/ptolemy/domains/de/test/auto/CausalityInterface2.xml
2 ms. Memory: 48128K Free: 31052K (65%)
[...]
	at ptolemy.actor.Manager.run(Manager.java:1263)
	at ptolemy.actor.Manager$PtolemyRunThread.run(Manager.java:1933)
java.lang.RuntimeException: Execution failed
	at ptolemy.moml.MoMLSimpleApplication$UnloadThread.run(MoMLSimpleApplication.java:402)
Caused by: ptolemy.kernel.util.IllegalActionException: Actor is not ready to fire.  Perhaps UpSample.prefire() returned false? Try debugging the actor by selecting "Listen to Actor".  Also, for SDF check moml for tokenConsumptionRate on input.
  in .DESDFClockTest.Play Bell.Copy1:SDF Director and .DESDFClockTest.Play Bell.UpSample
	at ptolemy.actor.sched.StaticSchedulingDirector.fire(StaticSchedulingDirector.java:227)
	at ptolemy.domains.sdf.kernel.SDFDirector.fire(SDFDirector.java:500)
	at ptolemy.actor.CompositeActor.fire(CompositeActor.java:455)
	at ptolemy.domains.de.kernel.DEDirector._fire(DEDirector.java:1949)
	at ptolemy.domains.de.kernel.DEDirector.fire(DEDirector.java:502)
	at ptolemy.actor.CompositeActor.fire(CompositeActor.java:455)
	at ptolemy.actor.Manager.iterate(Manager.java:851)
	at ptolemy.actor.Manager.execute(Manager.java:369)
	at ptolemy.actor.Manager.run(Manager.java:1263)
	at ptolemy.actor.Manager$PtolemyRunThread.run(Manager.java:1933)
java.lang.reflect.InvocationTargetException
	at java.base/jdk.internal.reflect.NativeConstructorAccessorImpl.newInstance0(Native Method)
	at java.base/jdk.internal.reflect.NativeConstructorAccessorImpl.newInstance(NativeConstructorAccessorImpl.java:62)
	at java.base/jdk.internal.reflect.DelegatingConstructorAccessorImpl.newInstance(DelegatingConstructorAccessorImpl.java:45)
	at java.base/java.lang.reflect.Constructor.newInstance(Constructor.java:490)
	at ptolemy.util.test.junit.AutoKnownFailedTests.RunModel(AutoKnownFailedTests.java:105)
	at java.base/jdk.internal.reflect.NativeMethodAccessorImpl.invoke0(Native Method)
	at java.base/jdk.internal.reflect.NativeMethodAccessorImpl.invoke(NativeMethodAccessorImpl.java:62)
	at java.base/jdk.internal.reflect.DelegatingMethodAccessorImpl.invoke(DelegatingMethodAccessorImpl.java:43)
	at java.base/java.lang.reflect.Method.invoke(Method.java:566)
	at org.junit.runners.model.FrameworkMethod$1.runReflectiveCall(FrameworkMethod.java:44)
	at org.junit.internal.runners.model.ReflectiveCallable.run(ReflectiveCallable.java:15)
	at org.junit.runners.model.FrameworkMethod.invokeExplosively(FrameworkMethod.java:41)
	at junitparams.internal.InvokeParameterisedMethod.evaluate(InvokeParameterisedMethod.java:102)
	at org.junit.internal.runners.statements.FailOnTimeout$1.run(FailOnTimeout.java:28)
Caused by: ptolemy.kernel.util.IllegalActionException: Actor is not ready to fire.  Perhaps UpSample.prefire() returned false? Try debugging the actor by selecting "Listen to Actor".  Also, for SDF check moml for tokenConsumptionRate on input.
  in .DESDFClockTest.Play Bell.Copy1:SDF Director and .DESDFClockTest.Play Bell.UpSample
	at ptolemy.actor.sched.StaticSchedulingDirector.fire(StaticSchedulingDirector.java:227)
	at ptolemy.domains.sdf.kernel.SDFDirector.fire(SDFDirector.java:500)
	at ptolemy.actor.CompositeActor.fire(CompositeActor.java:455)
	at ptolemy.domains.de.kernel.DEDirector._fire(DEDirector.java:1949)
	at ptolemy.domains.de.kernel.DEDirector.fire(DEDirector.java:502)
	at ptolemy.actor.CompositeActor.fire(CompositeActor.java:455)
	at ptolemy.actor.Manager.iterate(Manager.java:851)
	at ptolemy.actor.Manager.execute(Manager.java:369)
	at ptolemy.actor.Manager.run(Manager.java:1263)
	at ptolemy.actor.Manager$PtolemyRunThread.run(Manager.java:1933)
java.lang.RuntimeException: Execution failed
	at ptolemy.moml.MoMLSimpleApplication$UnloadThread.run(MoMLSimpleApplication.java:402)
Caused by: ptolemy.kernel.util.IllegalActionException: Test fails in iteration 1.
Value was: 1.0. Should have been: 2.0
  in .DirectFeedback.Test
	at ptolemy.actor.lib.Test.fire(Test.java:268)
	at ptolemy.domains.de.kernel.DEDirector._fire(DEDirector.java:1949)
	at ptolemy.domains.de.kernel.DEDirector.fire(DEDirector.java:502)
	at ptolemy.actor.CompositeActor.fire(CompositeActor.java:455)
	at ptolemy.actor.Manager.iterate(Manager.java:851)
	at ptolemy.actor.Manager.execute(Manager.java:369)
	at ptolemy.actor.Manager.run(Manager.java:1263)
	at ptolemy.actor.Manager$PtolemyRunThread.run(Manager.java:1933)
java.lang.reflect.InvocationTargetException
	at java.base/jdk.internal.reflect.NativeConstructorAccessorImpl.newInstance0(Native Method)
	at java.base/jdk.internal.reflect.NativeConstructorAccessorImpl.newInstance(NativeConstructorAccessorImpl.java:62)
	at java.base/jdk.internal.reflect.DelegatingConstructorAccessorImpl.newInstance(DelegatingConstructorAccessorImpl.java:45)
	at java.base/java.lang.reflect.Constructor.newInstance(Constructor.java:490)
	at ptolemy.util.test.junit.AutoKnownFailedTests.RunModel(AutoKnownFailedTests.java:105)
	at java.base/jdk.internal.reflect.NativeMethodAccessorImpl.invoke0(Native Method)
	at java.base/jdk.internal.reflect.NativeMethodAccessorImpl.invoke(NativeMethodAccessorImpl.java:62)
	at java.base/jdk.internal.reflect.DelegatingMethodAccessorImpl.invoke(DelegatingMethodAccessorImpl.java:43)
	at java.base/java.lang.reflect.Method.invoke(Method.java:566)
	at org.junit.runners.model.FrameworkMethod$1.runReflectiveCall(FrameworkMethod.java:44)
	at org.junit.internal.runners.model.ReflectiveCallable.run(ReflectiveCallable.java:15)
	at org.junit.runners.model.FrameworkMethod.invokeExplosively(FrameworkMethod.java:41)
	at junitparams.internal.InvokeParameterisedMethod.evaluate(InvokeParameterisedMethod.java:102)
	at org.junit.internal.runners.statements.FailOnTimeout$1.run(FailOnTimeout.java:28)
Caused by: ptolemy.kernel.util.IllegalActionException: Test fails in iteration 1.
Value was: 1.0. Should have been: 2.0
  in .DirectFeedback.Test
	at ptolemy.actor.lib.Test.fire(Test.java:268)
	at ptolemy.domains.de.kernel.DEDirector._fire(DEDirector.java:1949)
	at ptolemy.domains.de.kernel.DEDirector.fire(DEDirector.java:502)
	at ptolemy.actor.CompositeActor.fire(CompositeActor.java:455)
	at ptolemy.actor.Manager.iterate(Manager.java:851)
	at ptolemy.actor.Manager.execute(Manager.java:369)
	at ptolemy.actor.Manager.run(Manager.java:1263)
	at ptolemy.actor.Manager$PtolemyRunThread.run(Manager.java:1933)
java.lang.RuntimeException: Execution failed
	at ptolemy.moml.MoMLSimpleApplication$UnloadThread.run(MoMLSimpleApplication.java:402)
Caused by: ptolemy.kernel.util.IllegalActionException: Found a zero delay loop containing .HierarchicalModel.A
  in .HierarchicalModel and .HierarchicalModel.A
	at ptolemy.actor.util.CausalityInterfaceForComposites._computeOutputPortDepth(CausalityInterfaceForComposites.java:759)
	at ptolemy.actor.util.CausalityInterfaceForComposites._computeInputDepth(CausalityInterfaceForComposites.java:696)
	at ptolemy.actor.util.CausalityInterfaceForComposites._computeOutputPortDepth(CausalityInterfaceForComposites.java:765)
	at ptolemy.actor.util.CausalityInterfaceForComposites._computeInputDepth(CausalityInterfaceForComposites.java:696)
	at ptolemy.actor.util.CausalityInterfaceForComposites._computeOutputPortDepth(CausalityInterfaceForComposites.java:765)
	at ptolemy.actor.util.CausalityInterfaceForComposites._computeInputDepth(CausalityInterfaceForComposites.java:696)
	at ptolemy.actor.util.CausalityInterfaceForComposites._computeActorDepth(CausalityInterfaceForComposites.java:532)
	at ptolemy.actor.util.CausalityInterfaceForComposites.checkForCycles(CausalityInterfaceForComposites.java:96)
	at ptolemy.domains.de.kernel.DEDirector.preinitialize(DEDirector.java:1338)
	at ptolemy.actor.CompositeActor.preinitialize(CompositeActor.java:1828)
	at ptolemy.actor.Manager.preinitializeAndResolveTypes(Manager.java:1040)
	at ptolemy.actor.Manager.initialize(Manager.java:710)
	at ptolemy.actor.Manager.execute(Manager.java:356)
	at ptolemy.actor.Manager.run(Manager.java:1263)
	at ptolemy.actor.Manager$PtolemyRunThread.run(Manager.java:1933)
java.lang.reflect.InvocationTargetException
	at java.base/jdk.internal.reflect.NativeConstructorAccessorImpl.newInstance0(Native Method)
	at java.base/jdk.internal.reflect.NativeConstructorAccessorImpl.newInstance(NativeConstructorAccessorImpl.java:62)
	at java.base/jdk.internal.reflect.DelegatingConstructorAccessorImpl.newInstance(DelegatingConstructorAccessorImpl.java:45)
	at java.base/java.lang.reflect.Constructor.newInstance(Constructor.java:490)
	at ptolemy.util.test.junit.AutoKnownFailedTests.RunModel(AutoKnownFailedTests.java:105)
	at java.base/jdk.internal.reflect.NativeMethodAccessorImpl.invoke0(Native Method)
	at java.base/jdk.internal.reflect.NativeMethodAccessorImpl.invoke(NativeMethodAccessorImpl.java:62)
	at java.base/jdk.internal.reflect.DelegatingMethodAccessorImpl.invoke(DelegatingMethodAccessorImpl.java:43)
	at java.base/java.lang.reflect.Method.invoke(Method.java:566)
	at org.junit.runners.model.FrameworkMethod$1.runReflectiveCall(FrameworkMethod.java:44)
	at org.junit.internal.runners.model.ReflectiveCallable.run(ReflectiveCallable.java:15)
	at org.junit.runners.model.FrameworkMethod.invokeExplosively(FrameworkMethod.java:41)
	at junitparams.internal.InvokeParameterisedMethod.evaluate(InvokeParameterisedMethod.java:102)
	at org.junit.internal.runners.statements.FailOnTimeout$1.run(FailOnTimeout.java:28)
Caused by: ptolemy.kernel.util.IllegalActionException: Found a zero delay loop containing .HierarchicalModel.A
  in .HierarchicalModel and .HierarchicalModel.A
	at ptolemy.actor.util.CausalityInterfaceForComposites._computeOutputPortDepth(CausalityInterfaceForComposites.java:759)
	at ptolemy.actor.util.CausalityInterfaceForComposites._computeInputDepth(CausalityInterfaceForComposites.java:696)
	at ptolemy.actor.util.CausalityInterfaceForComposites._computeOutputPortDepth(CausalityInterfaceForComposites.java:765)
	at ptolemy.actor.util.CausalityInterfaceForComposites._computeInputDepth(CausalityInterfaceForComposites.java:696)
	at ptolemy.actor.util.CausalityInterfaceForComposites._computeOutputPortDepth(CausalityInterfaceForComposites.java:765)
	at ptolemy.actor.util.CausalityInterfaceForComposites._computeInputDepth(CausalityInterfaceForComposites.java:696)
	at ptolemy.actor.util.CausalityInterfaceForComposites._computeActorDepth(CausalityInterfaceForComposites.java:532)
	at ptolemy.actor.util.CausalityInterfaceForComposites.checkForCycles(CausalityInterfaceForComposites.java:96)
	at ptolemy.domains.de.kernel.DEDirector.preinitialize(DEDirector.java:1338)
	at ptolemy.actor.CompositeActor.preinitialize(CompositeActor.java:1828)
	at ptolemy.actor.Manager.preinitializeAndResolveTypes(Manager.java:1040)
	at ptolemy.actor.Manager.initialize(Manager.java:710)
	at ptolemy.actor.Manager.execute(Manager.java:356)
	at ptolemy.actor.Manager.run(Manager.java:1263)
	at ptolemy.actor.Manager$PtolemyRunThread.run(Manager.java:1933)
java.lang.RuntimeException: Execution failed
	at ptolemy.moml.MoMLSimpleApplication$UnloadThread.run(MoMLSimpleApplication.java:402)
Caused by: ptolemy.kernel.util.IllegalActionException: Found a zero delay loop containing .dependencyLoop.original
  in .dependencyLoop and .dependencyLoop.original
	at ptolemy.actor.util.CausalityInterfaceForComposites._computeOutputPortDepth(CausalityInterfaceForComposites.java:759)
	at ptolemy.actor.util.CausalityInterfaceForComposites._computeInputDepth(CausalityInterfaceForComposites.java:696)
	at ptolemy.actor.util.CausalityInterfaceForComposites._computeOutputPortDepth(CausalityInterfaceForComposites.java:765)
	at ptolemy.actor.util.CausalityInterfaceForComposites._computeInputDepth(CausalityInterfaceForComposites.java:696)
	at ptolemy.actor.util.CausalityInterfaceForComposites._computeOutputPortDepth(CausalityInterfaceForComposites.java:765)
	at ptolemy.actor.util.CausalityInterfaceForComposites._computeInputDepth(CausalityInterfaceForComposites.java:696)
	at ptolemy.actor.util.CausalityInterfaceForComposites._computeActorDepth(CausalityInterfaceForComposites.java:532)
	at ptolemy.actor.util.CausalityInterfaceForComposites.checkForCycles(CausalityInterfaceForComposites.java:96)
	at ptolemy.domains.de.kernel.DEDirector.preinitialize(DEDirector.java:1338)
	at ptolemy.actor.CompositeActor.preinitialize(CompositeActor.java:1828)
	at ptolemy.actor.Manager.preinitializeAndResolveTypes(Manager.java:1040)
	at ptolemy.actor.Manager.initialize(Manager.java:710)
	at ptolemy.actor.Manager.execute(Manager.java:356)
	at ptolemy.actor.Manager.run(Manager.java:1263)
	at ptolemy.actor.Manager$PtolemyRunThread.run(Manager.java:1933)
java.lang.reflect.InvocationTargetException
	at java.base/jdk.internal.reflect.NativeConstructorAccessorImpl.newInstance0(Native Method)
	at java.base/jdk.internal.reflect.NativeConstructorAccessorImpl.newInstance(NativeConstructorAccessorImpl.java:62)
	at java.base/jdk.internal.reflect.DelegatingConstructorAccessorImpl.newInstance(DelegatingConstructorAccessorImpl.java:45)
	at java.base/java.lang.reflect.Constructor.newInstance(Constructor.java:490)
	at ptolemy.util.test.junit.AutoKnownFailedTests.RunModel(AutoKnownFailedTests.java:105)
	at java.base/jdk.internal.reflect.NativeMethodAccessorImpl.invoke0(Native Method)
	at java.base/jdk.internal.reflect.NativeMethodAccessorImpl.invoke(NativeMethodAccessorImpl.java:62)
	at java.base/jdk.internal.reflect.DelegatingMethodAccessorImpl.invoke(DelegatingMethodAccessorImpl.java:43)
	at java.base/java.lang.reflect.Method.invoke(Method.java:566)
	at org.junit.runners.model.FrameworkMethod$1.runReflectiveCall(FrameworkMethod.java:44)
	at org.junit.internal.runners.model.ReflectiveCallable.run(ReflectiveCallable.java:15)
	at org.junit.runners.model.FrameworkMethod.invokeExplosively(FrameworkMethod.java:41)
	at junitparams.internal.InvokeParameterisedMethod.evaluate(InvokeParameterisedMethod.java:102)
	at org.junit.internal.runners.statements.FailOnTimeout$1.run(FailOnTimeout.java:28)
Caused by: ptolemy.kernel.util.IllegalActionException: Found a zero delay loop containing .dependencyLoop.original
  in .dependencyLoop and .dependencyLoop.original
	at ptolemy.actor.util.CausalityInterfaceForComposites._computeOutputPortDepth(CausalityInterfaceForComposites.java:759)
	at ptolemy.actor.util.CausalityInterfaceForComposites._computeInputDepth(CausalityInterfaceForComposites.java:696)
	at ptolemy.actor.util.CausalityInterfaceForComposites._computeOutputPortDepth(CausalityInterfaceForComposites.java:765)
	at ptolemy.actor.util.CausalityInterfaceForComposites._computeInputDepth(CausalityInterfaceForComposites.java:696)
	at ptolemy.actor.util.CausalityInterfaceForComposites._computeOutputPortDepth(CausalityInterfaceForComposites.java:765)
	at ptolemy.actor.util.CausalityInterfaceForComposites._computeInputDepth(CausalityInterfaceForComposites.java:696)
	at ptolemy.actor.util.CausalityInterfaceForComposites._computeActorDepth(CausalityInterfaceForComposites.java:532)
	at ptolemy.actor.util.CausalityInterfaceForComposites.checkForCycles(CausalityInterfaceForComposites.java:96)
	at ptolemy.domains.de.kernel.DEDirector.preinitialize(DEDirector.java:1338)
	at ptolemy.actor.CompositeActor.preinitialize(CompositeActor.java:1828)
	at ptolemy.actor.Manager.preinitializeAndResolveTypes(Manager.java:1040)
	at ptolemy.actor.Manager.initialize(Manager.java:710)
	at ptolemy.actor.Manager.execute(Manager.java:356)
	at ptolemy.actor.Manager.run(Manager.java:1263)
	at ptolemy.actor.Manager$PtolemyRunThread.run(Manager.java:1933)
java.lang.RuntimeException: Execution failed
	at ptolemy.moml.MoMLSimpleApplication$UnloadThread.run(MoMLSimpleApplication.java:402)
Caused by: ptolemy.kernel.util.IllegalActionException: Found a zero delay loop containing .dependencyLoop2.original
  in .dependencyLoop2 and .dependencyLoop2.original
	at ptolemy.actor.util.CausalityInterfaceForComposites._computeOutputPortDepth(CausalityInterfaceForComposites.java:759)
	at ptolemy.actor.util.CausalityInterfaceForComposites._computeInputDepth(CausalityInterfaceForComposites.java:696)
	at ptolemy.actor.util.CausalityInterfaceForComposites._computeOutputPortDepth(CausalityInterfaceForComposites.java:765)
	at ptolemy.actor.util.CausalityInterfaceForComposites._computeInputDepth(CausalityInterfaceForComposites.java:696)
	at ptolemy.actor.util.CausalityInterfaceForComposites._computeOutputPortDepth(CausalityInterfaceForComposites.java:765)
	at ptolemy.actor.util.CausalityInterfaceForComposites._computeInputDepth(CausalityInterfaceForComposites.java:696)
	at ptolemy.actor.util.CausalityInterfaceForComposites._computeActorDepth(CausalityInterfaceForComposites.java:532)
	at ptolemy.actor.util.CausalityInterfaceForComposites.checkForCycles(CausalityInterfaceForComposites.java:96)
	at ptolemy.domains.de.kernel.DEDirector.preinitialize(DEDirector.java:1338)
	at ptolemy.actor.CompositeActor.preinitialize(CompositeActor.java:1828)
	at ptolemy.actor.Manager.preinitializeAndResolveTypes(Manager.java:1040)
	at ptolemy.actor.Manager.initialize(Manager.java:710)
	at ptolemy.actor.Manager.execute(Manager.java:356)
	at ptolemy.actor.Manager.run(Manager.java:1263)
	at ptolemy.actor.Manager$PtolemyRunThread.run(Manager.java:1933)
java.lang.reflect.InvocationTargetException
	at java.base/jdk.internal.reflect.NativeConstructorAccessorImpl.newInstance0(Native Method)
	at java.base/jdk.internal.reflect.NativeConstructorAccessorImpl.newInstance(NativeConstructorAccessorImpl.java:62)
	at java.base/jdk.internal.reflect.DelegatingConstructorAccessorImpl.newInstance(DelegatingConstructorAccessorImpl.java:45)
	at java.base/java.lang.reflect.Constructor.newInstance(Constructor.java:490)
	at ptolemy.util.test.junit.AutoKnownFailedTests.RunModel(AutoKnownFailedTests.java:105)
	at java.base/jdk.internal.reflect.NativeMethodAccessorImpl.invoke0(Native Method)
	at java.base/jdk.internal.reflect.NativeMethodAccessorImpl.invoke(NativeMethodAccessorImpl.java:62)
	at java.base/jdk.internal.reflect.DelegatingMethodAccessorImpl.invoke(DelegatingMethodAccessorImpl.java:43)
	at java.base/java.lang.reflect.Method.invoke(Method.java:566)
	at org.junit.runners.model.FrameworkMethod$1.runReflectiveCall(FrameworkMethod.java:44)
	at org.junit.internal.runners.model.ReflectiveCallable.run(ReflectiveCallable.java:15)
	at org.junit.runners.model.FrameworkMethod.invokeExplosively(FrameworkMethod.java:41)
	at junitparams.internal.InvokeParameterisedMethod.evaluate(InvokeParameterisedMethod.java:102)
	at org.junit.internal.runners.statements.FailOnTimeout$1.run(FailOnTimeout.java:28)
Caused by: ptolemy.kernel.util.IllegalActionException: Found a zero delay loop containing .dependencyLoop2.original
  in .dependencyLoop2 and .dependencyLoop2.original
	at ptolemy.actor.util.CausalityInterfaceForComposites._computeOutputPortDepth(CausalityInterfaceForComposites.java:759)
	at ptolemy.actor.util.CausalityInterfaceForComposites._computeInputDepth(CausalityInterfaceForComposites.java:696)
	at ptolemy.actor.util.CausalityInterfaceForComposites._computeOutputPortDepth(CausalityInterfaceForComposites.java:765)
	at ptolemy.actor.util.CausalityInterfaceForComposites._computeInputDepth(CausalityInterfaceForComposites.java:696)
	at ptolemy.actor.util.CausalityInterfaceForComposites._computeOutputPortDepth(CausalityInterfaceForComposites.java:765)
	at ptolemy.actor.util.CausalityInterfaceForComposites._computeInputDepth(CausalityInterfaceForComposites.java:696)
	at ptolemy.actor.util.CausalityInterfaceForComposites._computeActorDepth(CausalityInterfaceForComposites.java:532)
	at ptolemy.actor.util.CausalityInterfaceForComposites.checkForCycles(CausalityInterfaceForComposites.java:96)
	at ptolemy.domains.de.kernel.DEDirector.preinitialize(DEDirector.java:1338)
	at ptolemy.actor.CompositeActor.preinitialize(CompositeActor.java:1828)
	at ptolemy.actor.Manager.preinitializeAndResolveTypes(Manager.java:1040)
	at ptolemy.actor.Manager.initialize(Manager.java:710)
	at ptolemy.actor.Manager.execute(Manager.java:356)
	at ptolemy.actor.Manager.run(Manager.java:1263)
	at ptolemy.actor.Manager$PtolemyRunThread.run(Manager.java:1933)
]]></system-err>
</testsuite>
