<?xml version="1.0" encoding="UTF-8" ?>
<testsuite errors="0" failures="0" hostname="travis-job-ab510610-999c-4f55-9f87-5b8875fa4a48" name="ptolemy.domains.modal.test.junit.JUnitTclTest" skipped="0" tests="148" time="10.028" timestamp="2020-01-04T22:23:56">
  <properties>
[...]
</properties>
  <testcase classname="ptolemy.util.test.junit.TclTests" name="[0] /home/travis/build/icyphy/ptII/ptolemy/domains/modal/test/SystemLevelType.tcl (RunTclFile)" time="1.818" />
  <testcase classname="ptolemy.util.test.junit.AutoKnownFailedTests" name="[0] /home/travis/build/icyphy/ptII/ptolemy/domains/modal/test/auto/knownFailedTests/CannotAnalysisWithPreemption.xml (RunModel)" time="0.219" />
  <testcase classname="ptolemy.util.test.junit.AutoNameArchTests" name="[0] ThereAreNoAutoArchTests (RunModel)" time="0.011" />
  <testcase classname="ptolemy.util.test.junit.AutoTests" name="[0] /home/travis/build/icyphy/ptII/ptolemy/domains/modal/test/auto/ABPTest.xml (RunModel)" time="0.736" />
  <testcase classname="ptolemy.util.test.junit.AutoTests" name="[1] /home/travis/build/icyphy/ptII/ptolemy/domains/modal/test/auto/ABROFlat.xml (RunModel)" time="0.071" />
  <testcase classname="ptolemy.util.test.junit.AutoTests" name="[2] /home/travis/build/icyphy/ptII/ptolemy/domains/modal/test/auto/ABROFlat2.xml (RunModel)" time="0.069" />
  <testcase classname="ptolemy.util.test.junit.AutoTests" name="[3] /home/travis/build/icyphy/ptII/ptolemy/domains/modal/test/auto/ABRO_present_hmm.xml (RunModel)" time="0.192" />
  <testcase classname="ptolemy.util.test.junit.AutoTests" name="[4] /home/travis/build/icyphy/ptII/ptolemy/domains/modal/test/auto/AMICoderExample.xml (RunModel)" time="0.074" />
  <testcase classname="ptolemy.util.test.junit.AutoTests" name="[5] /home/travis/build/icyphy/ptII/ptolemy/domains/modal/test/auto/AbsentToPresent.xml (RunModel)" time="0.015" />
  <testcase classname="ptolemy.util.test.junit.AutoTests" name="[6] /home/travis/build/icyphy/ptII/ptolemy/domains/modal/test/auto/Blending.xml (RunModel)" time="0.234" />
  <testcase classname="ptolemy.util.test.junit.AutoTests" name="[7] /home/travis/build/icyphy/ptII/ptolemy/domains/modal/test/auto/Broadcast.xml (RunModel)" time="0.037" />
  <testcase classname="ptolemy.util.test.junit.AutoTests" name="[8] /home/travis/build/icyphy/ptII/ptolemy/domains/modal/test/auto/BroadcastHierarchy.xml (RunModel)" time="0.048" />
  <testcase classname="ptolemy.util.test.junit.AutoTests" name="[9] /home/travis/build/icyphy/ptII/ptolemy/domains/modal/test/auto/BroadcastHierarchy2.xml (RunModel)" time="0.13" />
  <testcase classname="ptolemy.util.test.junit.AutoTests" name="[10] /home/travis/build/icyphy/ptII/ptolemy/domains/modal/test/auto/BroadcastHierarchy3.xml (RunModel)" time="0.088" />
  <testcase classname="ptolemy.util.test.junit.AutoTests" name="[11] /home/travis/build/icyphy/ptII/ptolemy/domains/modal/test/auto/BroadcastHierarchy4.xml (RunModel)" time="0.087" />
  <testcase classname="ptolemy.util.test.junit.AutoTests" name="[12] /home/travis/build/icyphy/ptII/ptolemy/domains/modal/test/auto/CannotAnalysisWithPreemption2.xml (RunModel)" time="0.03" />
  <testcase classname="ptolemy.util.test.junit.AutoTests" name="[13] /home/travis/build/icyphy/ptII/ptolemy/domains/modal/test/auto/CannotAnalysisWithPreemption3.xml (RunModel)" time="0.036" />
  <testcase classname="ptolemy.util.test.junit.AutoTests" name="[14] /home/travis/build/icyphy/ptII/ptolemy/domains/modal/test/auto/CannotProduce.xml (RunModel)" time="0.026" />
  <testcase classname="ptolemy.util.test.junit.AutoTests" name="[15] /home/travis/build/icyphy/ptII/ptolemy/domains/modal/test/auto/CannotProduceModal.xml (RunModel)" time="0.027" />
  <testcase classname="ptolemy.util.test.junit.AutoTests" name="[16] /home/travis/build/icyphy/ptII/ptolemy/domains/modal/test/auto/Case.xml (RunModel)" time="0.071" />
  <testcase classname="ptolemy.util.test.junit.AutoTests" name="[17] /home/travis/build/icyphy/ptII/ptolemy/domains/modal/test/auto/Case1.xml (RunModel)" time="0.042" />
  <testcase classname="ptolemy.util.test.junit.AutoTests" name="[18] /home/travis/build/icyphy/ptII/ptolemy/domains/modal/test/auto/Case2.xml (RunModel)" time="0.057" />
  <testcase classname="ptolemy.util.test.junit.AutoTests" name="[19] /home/travis/build/icyphy/ptII/ptolemy/domains/modal/test/auto/CausalityInterface1.xml (RunModel)" time="0.018" />
  <testcase classname="ptolemy.util.test.junit.AutoTests" name="[20] /home/travis/build/icyphy/ptII/ptolemy/domains/modal/test/auto/CausalityInterface10.xml (RunModel)" time="0.041" />
  <testcase classname="ptolemy.util.test.junit.AutoTests" name="[21] /home/travis/build/icyphy/ptII/ptolemy/domains/modal/test/auto/CausalityInterface11.xml (RunModel)" time="0.037" />
  <testcase classname="ptolemy.util.test.junit.AutoTests" name="[22] /home/travis/build/icyphy/ptII/ptolemy/domains/modal/test/auto/CausalityInterface12.xml (RunModel)" time="0.039" />
  <testcase classname="ptolemy.util.test.junit.AutoTests" name="[23] /home/travis/build/icyphy/ptII/ptolemy/domains/modal/test/auto/CausalityInterface13.xml (RunModel)" time="0.05" />
  <testcase classname="ptolemy.util.test.junit.AutoTests" name="[24] /home/travis/build/icyphy/ptII/ptolemy/domains/modal/test/auto/CausalityInterface14.xml (RunModel)" time="0.051" />
  <testcase classname="ptolemy.util.test.junit.AutoTests" name="[25] /home/travis/build/icyphy/ptII/ptolemy/domains/modal/test/auto/CausalityInterface2.xml (RunModel)" time="0.026" />
  <testcase classname="ptolemy.util.test.junit.AutoTests" name="[26] /home/travis/build/icyphy/ptII/ptolemy/domains/modal/test/auto/CausalityInterface3.xml (RunModel)" time="0.02" />
  <testcase classname="ptolemy.util.test.junit.AutoTests" name="[27] /home/travis/build/icyphy/ptII/ptolemy/domains/modal/test/auto/CausalityInterface4.xml (RunModel)" time="0.021" />
  <testcase classname="ptolemy.util.test.junit.AutoTests" name="[28] /home/travis/build/icyphy/ptII/ptolemy/domains/modal/test/auto/CausalityInterface5.xml (RunModel)" time="0.051" />
  <testcase classname="ptolemy.util.test.junit.AutoTests" name="[29] /home/travis/build/icyphy/ptII/ptolemy/domains/modal/test/auto/CausalityInterface6.xml (RunModel)" time="0.032" />
  <testcase classname="ptolemy.util.test.junit.AutoTests" name="[30] /home/travis/build/icyphy/ptII/ptolemy/domains/modal/test/auto/CausalityInterface7.xml (RunModel)" time="0.034" />
  <testcase classname="ptolemy.util.test.junit.AutoTests" name="[31] /home/travis/build/icyphy/ptII/ptolemy/domains/modal/test/auto/CausalityInterface8.xml (RunModel)" time="0.031" />
  <testcase classname="ptolemy.util.test.junit.AutoTests" name="[32] /home/travis/build/icyphy/ptII/ptolemy/domains/modal/test/auto/CausalityInterface9.xml (RunModel)" time="0.041" />
  <testcase classname="ptolemy.util.test.junit.AutoTests" name="[33] /home/travis/build/icyphy/ptII/ptolemy/domains/modal/test/auto/ChainedTransitions.xml (RunModel)" time="0.161" />
  <testcase classname="ptolemy.util.test.junit.AutoTests" name="[34] /home/travis/build/icyphy/ptII/ptolemy/domains/modal/test/auto/CycleOfImmediateTransitionsFSM.xml (RunModel)" time="0.025" />
  <testcase classname="ptolemy.util.test.junit.AutoTests" name="[35] /home/travis/build/icyphy/ptII/ptolemy/domains/modal/test/auto/CycleOfImmediateTransitionsModal.xml (RunModel)" time="0.021" />
  <testcase classname="ptolemy.util.test.junit.AutoTests" name="[36] /home/travis/build/icyphy/ptII/ptolemy/domains/modal/test/auto/CycleOfImmediateTransitionsModal2.xml (RunModel)" time="0.03" />
  <testcase classname="ptolemy.util.test.junit.AutoTests" name="[37] /home/travis/build/icyphy/ptII/ptolemy/domains/modal/test/auto/CycleOfImmediateTransitionsModal3.xml (RunModel)" time="0.061" />
  <testcase classname="ptolemy.util.test.junit.AutoTests" name="[38] /home/travis/build/icyphy/ptII/ptolemy/domains/modal/test/auto/DeepModal1.xml (RunModel)" time="0.068" />
  <testcase classname="ptolemy.util.test.junit.AutoTests" name="[39] /home/travis/build/icyphy/ptII/ptolemy/domains/modal/test/auto/DeepModal2.xml (RunModel)" time="0.06" />
  <testcase classname="ptolemy.util.test.junit.AutoTests" name="[40] /home/travis/build/icyphy/ptII/ptolemy/domains/modal/test/auto/DeepModal3.xml (RunModel)" time="0.069" />
  <testcase classname="ptolemy.util.test.junit.AutoTests" name="[41] /home/travis/build/icyphy/ptII/ptolemy/domains/modal/test/auto/DeepModal4.xml (RunModel)" time="0.069" />
  <testcase classname="ptolemy.util.test.junit.AutoTests" name="[42] /home/travis/build/icyphy/ptII/ptolemy/domains/modal/test/auto/Default1.xml (RunModel)" time="0.016" />
  <testcase classname="ptolemy.util.test.junit.AutoTests" name="[43] /home/travis/build/icyphy/ptII/ptolemy/domains/modal/test/auto/Default2.xml (RunModel)" time="0.019" />
  <testcase classname="ptolemy.util.test.junit.AutoTests" name="[44] /home/travis/build/icyphy/ptII/ptolemy/domains/modal/test/auto/Default3.xml (RunModel)" time="0.018" />
  <testcase classname="ptolemy.util.test.junit.AutoTests" name="[45] /home/travis/build/icyphy/ptII/ptolemy/domains/modal/test/auto/Default4.xml (RunModel)" time="0.018" />
  <testcase classname="ptolemy.util.test.junit.AutoTests" name="[46] /home/travis/build/icyphy/ptII/ptolemy/domains/modal/test/auto/Default5.xml (RunModel)" time="0.033" />
  <testcase classname="ptolemy.util.test.junit.AutoTests" name="[47] /home/travis/build/icyphy/ptII/ptolemy/domains/modal/test/auto/EmptyGuard.xml (RunModel)" time="0.028" />
  <testcase classname="ptolemy.util.test.junit.AutoTests" name="[48] /home/travis/build/icyphy/ptII/ptolemy/domains/modal/test/auto/ErrorTransition1.xml (RunModel)" time="0.041" />
  <testcase classname="ptolemy.util.test.junit.AutoTests" name="[49] /home/travis/build/icyphy/ptII/ptolemy/domains/modal/test/auto/ErrorTransition10.xml (RunModel)" time="0.046" />
  <testcase classname="ptolemy.util.test.junit.AutoTests" name="[50] /home/travis/build/icyphy/ptII/ptolemy/domains/modal/test/auto/ErrorTransition11.xml (RunModel)" time="0.042" />
  <testcase classname="ptolemy.util.test.junit.AutoTests" name="[51] /home/travis/build/icyphy/ptII/ptolemy/domains/modal/test/auto/ErrorTransition2.xml (RunModel)" time="0.028" />
  <testcase classname="ptolemy.util.test.junit.AutoTests" name="[52] /home/travis/build/icyphy/ptII/ptolemy/domains/modal/test/auto/ErrorTransition3.xml (RunModel)" time="0.035" />
  <testcase classname="ptolemy.util.test.junit.AutoTests" name="[53] /home/travis/build/icyphy/ptII/ptolemy/domains/modal/test/auto/ErrorTransition4.xml (RunModel)" time="0.026" />
  <testcase classname="ptolemy.util.test.junit.AutoTests" name="[54] /home/travis/build/icyphy/ptII/ptolemy/domains/modal/test/auto/ErrorTransition5.xml (RunModel)" time="0.023" />
  <testcase classname="ptolemy.util.test.junit.AutoTests" name="[55] /home/travis/build/icyphy/ptII/ptolemy/domains/modal/test/auto/ErrorTransition6.xml (RunModel)" time="0.027" />
  <testcase classname="ptolemy.util.test.junit.AutoTests" name="[56] /home/travis/build/icyphy/ptII/ptolemy/domains/modal/test/auto/ErrorTransition7.xml (RunModel)" time="0.037" />
  <testcase classname="ptolemy.util.test.junit.AutoTests" name="[57] /home/travis/build/icyphy/ptII/ptolemy/domains/modal/test/auto/ErrorTransition8.xml (RunModel)" time="0.051" />
  <testcase classname="ptolemy.util.test.junit.AutoTests" name="[58] /home/travis/build/icyphy/ptII/ptolemy/domains/modal/test/auto/ErrorTransition9.xml (RunModel)" time="0.035" />
  <testcase classname="ptolemy.util.test.junit.AutoTests" name="[59] /home/travis/build/icyphy/ptII/ptolemy/domains/modal/test/auto/ExtendedFSM.xml (RunModel)" time="0.02" />
  <testcase classname="ptolemy.util.test.junit.AutoTests" name="[60] /home/travis/build/icyphy/ptII/ptolemy/domains/modal/test/auto/FinalStates.xml (RunModel)" time="0.022" />
  <testcase classname="ptolemy.util.test.junit.AutoTests" name="[61] /home/travis/build/icyphy/ptII/ptolemy/domains/modal/test/auto/FixedPointFSM.xml (RunModel)" time="0.054" />
  <testcase classname="ptolemy.util.test.junit.AutoTests" name="[62] /home/travis/build/icyphy/ptII/ptolemy/domains/modal/test/auto/FixedPointIterationFSMActor.xml (RunModel)" time="0.029" />
  <testcase classname="ptolemy.util.test.junit.AutoTests" name="[63] /home/travis/build/icyphy/ptII/ptolemy/domains/modal/test/auto/FixedPointIterationFSMActor2.xml (RunModel)" time="0.027" />
  <testcase classname="ptolemy.util.test.junit.AutoTests" name="[64] /home/travis/build/icyphy/ptII/ptolemy/domains/modal/test/auto/ForbiddenInstantanousLoop.xml (RunModel)" time="0.034" />
  <testcase classname="ptolemy.util.test.junit.AutoTests" name="[65] /home/travis/build/icyphy/ptII/ptolemy/domains/modal/test/auto/FunctionDependencyOfFSMActorTest.xml (RunModel)" time="0.027" />
  <testcase classname="ptolemy.util.test.junit.AutoTests" name="[66] /home/travis/build/icyphy/ptII/ptolemy/domains/modal/test/auto/GuardExpression.xml (RunModel)" time="0.018" />
  <testcase classname="ptolemy.util.test.junit.AutoTests" name="[67] /home/travis/build/icyphy/ptII/ptolemy/domains/modal/test/auto/GuardNotEvaluated.xml (RunModel)" time="0.03" />
  <testcase classname="ptolemy.util.test.junit.AutoTests" name="[68] /home/travis/build/icyphy/ptII/ptolemy/domains/modal/test/auto/GuardNotEvaluated2.xml (RunModel)" time="0.023" />
  <testcase classname="ptolemy.util.test.junit.AutoTests" name="[69] /home/travis/build/icyphy/ptII/ptolemy/domains/modal/test/auto/GuardOnAbsent.xml (RunModel)" time="0.019" />
  <testcase classname="ptolemy.util.test.junit.AutoTests" name="[70] /home/travis/build/icyphy/ptII/ptolemy/domains/modal/test/auto/HierarchicalFSMTypeInference.xml (RunModel)" time="0.024" />
  <testcase classname="ptolemy.util.test.junit.AutoTests" name="[71] /home/travis/build/icyphy/ptII/ptolemy/domains/modal/test/auto/Hysteresis.xml (RunModel)" time="0.035" />
  <testcase classname="ptolemy.util.test.junit.AutoTests" name="[72] /home/travis/build/icyphy/ptII/ptolemy/domains/modal/test/auto/HysteresisWithDefault.xml (RunModel)" time="0.072" />
  <testcase classname="ptolemy.util.test.junit.AutoTests" name="[73] /home/travis/build/icyphy/ptII/ptolemy/domains/modal/test/auto/HysteresisWithDefault2.xml (RunModel)" time="0.089" />
  <testcase classname="ptolemy.util.test.junit.AutoTests" name="[74] /home/travis/build/icyphy/ptII/ptolemy/domains/modal/test/auto/ImmediateNonConstructiveness.xml (RunModel)" time="0.019" />
  <testcase classname="ptolemy.util.test.junit.AutoTests" name="[75] /home/travis/build/icyphy/ptII/ptolemy/domains/modal/test/auto/ImmediateNonConstructiveness2.xml (RunModel)" time="0.02" />
  <testcase classname="ptolemy.util.test.junit.AutoTests" name="[76] /home/travis/build/icyphy/ptII/ptolemy/domains/modal/test/auto/ImmediateTransitionReset.xml (RunModel)" time="0.039" />
  <testcase classname="ptolemy.util.test.junit.AutoTests" name="[77] /home/travis/build/icyphy/ptII/ptolemy/domains/modal/test/auto/ImmediateTransitions1.xml (RunModel)" time="0.012" />
  <testcase classname="ptolemy.util.test.junit.AutoTests" name="[78] /home/travis/build/icyphy/ptII/ptolemy/domains/modal/test/auto/ImmediateTransitionsInstantaneousCommunication.xml (RunModel)" time="0.03" />
  <testcase classname="ptolemy.util.test.junit.AutoTests" name="[79] /home/travis/build/icyphy/ptII/ptolemy/domains/modal/test/auto/InitialImmediateTransition.xml (RunModel)" time="0.017" />
  <testcase classname="ptolemy.util.test.junit.AutoTests" name="[80] /home/travis/build/icyphy/ptII/ptolemy/domains/modal/test/auto/InitialOutputs.xml (RunModel)" time="0.013" />
  <testcase classname="ptolemy.util.test.junit.AutoTests" name="[81] /home/travis/build/icyphy/ptII/ptolemy/domains/modal/test/auto/InitialStateTransition1.xml (RunModel)" time="0.02" />
  <testcase classname="ptolemy.util.test.junit.AutoTests" name="[82] /home/travis/build/icyphy/ptII/ptolemy/domains/modal/test/auto/InitialStateTransition2.xml (RunModel)" time="0.022" />
  <testcase classname="ptolemy.util.test.junit.AutoTests" name="[83] /home/travis/build/icyphy/ptII/ptolemy/domains/modal/test/auto/InitialStateTransition3.xml (RunModel)" time="0.023" />
  <testcase classname="ptolemy.util.test.junit.AutoTests" name="[84] /home/travis/build/icyphy/ptII/ptolemy/domains/modal/test/auto/InitialStateTransition4.xml (RunModel)" time="0.024" />
  <testcase classname="ptolemy.util.test.junit.AutoTests" name="[85] /home/travis/build/icyphy/ptII/ptolemy/domains/modal/test/auto/MalformedGuardExpressionNotCaught.xml (RunModel)" time="0.024" />
  <testcase classname="ptolemy.util.test.junit.AutoTests" name="[86] /home/travis/build/icyphy/ptII/ptolemy/domains/modal/test/auto/ModalBSC.xml (RunModel)" time="0.114" />
  <testcase classname="ptolemy.util.test.junit.AutoTests" name="[87] /home/travis/build/icyphy/ptII/ptolemy/domains/modal/test/auto/ModalClocks.xml (RunModel)" time="0.063" />
  <testcase classname="ptolemy.util.test.junit.AutoTests" name="[88] /home/travis/build/icyphy/ptII/ptolemy/domains/modal/test/auto/ModalDelay.xml (RunModel)" time="0.04" />
  <testcase classname="ptolemy.util.test.junit.AutoTests" name="[89] /home/travis/build/icyphy/ptII/ptolemy/domains/modal/test/auto/ModalDelay2.xml (RunModel)" time="0.042" />
  <testcase classname="ptolemy.util.test.junit.AutoTests" name="[90] /home/travis/build/icyphy/ptII/ptolemy/domains/modal/test/auto/ModalModelFromMemo.xml (RunModel)" time="0.058" />
  <testcase classname="ptolemy.util.test.junit.AutoTests" name="[91] /home/travis/build/icyphy/ptII/ptolemy/domains/modal/test/auto/ModalModelWithMultirateTransient.xml (RunModel)" time="0.05" />
  <testcase classname="ptolemy.util.test.junit.AutoTests" name="[92] /home/travis/build/icyphy/ptII/ptolemy/domains/modal/test/auto/ModalModelWithReset.xml (RunModel)" time="0.047" />
  <testcase classname="ptolemy.util.test.junit.AutoTests" name="[93] /home/travis/build/icyphy/ptII/ptolemy/domains/modal/test/auto/MouseClickFSM.xml (RunModel)" time="0.046" />
  <testcase classname="ptolemy.util.test.junit.AutoTests" name="[94] /home/travis/build/icyphy/ptII/ptolemy/domains/modal/test/auto/MouseClickFSMModal.xml (RunModel)" time="0.046" />
  <testcase classname="ptolemy.util.test.junit.AutoTests" name="[95] /home/travis/build/icyphy/ptII/ptolemy/domains/modal/test/auto/NonStrictFSM_FeedbackLoop.xml (RunModel)" time="0.052" />
  <testcase classname="ptolemy.util.test.junit.AutoTests" name="[96] /home/travis/build/icyphy/ptII/ptolemy/domains/modal/test/auto/NonStrictFSM_FeedbackLoop_Refinement.xml (RunModel)" time="0.085" />
  <testcase classname="ptolemy.util.test.junit.AutoTests" name="[97] /home/travis/build/icyphy/ptII/ptolemy/domains/modal/test/auto/NonStrictFSM_FeedbackLoop_preemptive.xml (RunModel)" time="0.048" />
  <testcase classname="ptolemy.util.test.junit.AutoTests" name="[98] /home/travis/build/icyphy/ptII/ptolemy/domains/modal/test/auto/NormalTermination.xml (RunModel)" time="0.046" />
  <testcase classname="ptolemy.util.test.junit.AutoTests" name="[99] /home/travis/build/icyphy/ptII/ptolemy/domains/modal/test/auto/Pong.xml (RunModel)" time="0.078" />
  <testcase classname="ptolemy.util.test.junit.AutoTests" name="[100] /home/travis/build/icyphy/ptII/ptolemy/domains/modal/test/auto/Pong_test.xml (RunModel)" time="0.093" />
  <testcase classname="ptolemy.util.test.junit.AutoTests" name="[101] /home/travis/build/icyphy/ptII/ptolemy/domains/modal/test/auto/PreemptionHierarchy.xml (RunModel)" time="0.022" />
  <testcase classname="ptolemy.util.test.junit.AutoTests" name="[102] /home/travis/build/icyphy/ptII/ptolemy/domains/modal/test/auto/PreemptionHierarchy2.xml (RunModel)" time="0.026" />
  <testcase classname="ptolemy.util.test.junit.AutoTests" name="[103] /home/travis/build/icyphy/ptII/ptolemy/domains/modal/test/auto/PreemptiveTransition.xml (RunModel)" time="0.023" />
  <testcase classname="ptolemy.util.test.junit.AutoTests" name="[104] /home/travis/build/icyphy/ptII/ptolemy/domains/modal/test/auto/Priorities.xml (RunModel)" time="0.095" />
  <testcase classname="ptolemy.util.test.junit.AutoTests" name="[105] /home/travis/build/icyphy/ptII/ptolemy/domains/modal/test/auto/ResetFinal.xml (RunModel)" time="0.047" />
  <testcase classname="ptolemy.util.test.junit.AutoTests" name="[106] /home/travis/build/icyphy/ptII/ptolemy/domains/modal/test/auto/ResetFinal2.xml (RunModel)" time="0.028" />
  <testcase classname="ptolemy.util.test.junit.AutoTests" name="[107] /home/travis/build/icyphy/ptII/ptolemy/domains/modal/test/auto/ResetTransitionWithStartTime.xml (RunModel)" time="0.028" />
  <testcase classname="ptolemy.util.test.junit.AutoTests" name="[108] /home/travis/build/icyphy/ptII/ptolemy/domains/modal/test/auto/SDF-FSMComposite.xml (RunModel)" time="0.016" />
  <testcase classname="ptolemy.util.test.junit.AutoTests" name="[109] /home/travis/build/icyphy/ptII/ptolemy/domains/modal/test/auto/SeeminglyNondeterminate.xml (RunModel)" time="0.054" />
  <testcase classname="ptolemy.util.test.junit.AutoTests" name="[110] /home/travis/build/icyphy/ptII/ptolemy/domains/modal/test/auto/SeeminglyNondeterminate2.xml (RunModel)" time="0.058" />
  <testcase classname="ptolemy.util.test.junit.AutoTests" name="[111] /home/travis/build/icyphy/ptII/ptolemy/domains/modal/test/auto/SpontaneousFSM.xml (RunModel)" time="0.038" />
  <testcase classname="ptolemy.util.test.junit.AutoTests" name="[112] /home/travis/build/icyphy/ptII/ptolemy/domains/modal/test/auto/SpontaneousFSM2.xml (RunModel)" time="0.024" />
  <testcase classname="ptolemy.util.test.junit.AutoTests" name="[113] /home/travis/build/icyphy/ptII/ptolemy/domains/modal/test/auto/SpontaneousFSM3.xml (RunModel)" time="0.055" />
  <testcase classname="ptolemy.util.test.junit.AutoTests" name="[114] /home/travis/build/icyphy/ptII/ptolemy/domains/modal/test/auto/SpontaneousFSM4.xml (RunModel)" time="0.042" />
  <testcase classname="ptolemy.util.test.junit.AutoTests" name="[115] /home/travis/build/icyphy/ptII/ptolemy/domains/modal/test/auto/StateTrackerTest.xml (RunModel)" time="0.053" />
  <testcase classname="ptolemy.util.test.junit.AutoTests" name="[116] /home/travis/build/icyphy/ptII/ptolemy/domains/modal/test/auto/StrongImmediateTransition.xml (RunModel)" time="0.026" />
  <testcase classname="ptolemy.util.test.junit.AutoTests" name="[117] /home/travis/build/icyphy/ptII/ptolemy/domains/modal/test/auto/SustainHierarchy.xml (RunModel)" time="0.03" />
  <testcase classname="ptolemy.util.test.junit.AutoTests" name="[118] /home/travis/build/icyphy/ptII/ptolemy/domains/modal/test/auto/TerminationTransition1.xml (RunModel)" time="0.018" />
  <testcase classname="ptolemy.util.test.junit.AutoTests" name="[119] /home/travis/build/icyphy/ptII/ptolemy/domains/modal/test/auto/TerminationTransition2.xml (RunModel)" time="0.024" />
  <testcase classname="ptolemy.util.test.junit.AutoTests" name="[120] /home/travis/build/icyphy/ptII/ptolemy/domains/modal/test/auto/TerminationTransition3.xml (RunModel)" time="0.02" />
  <testcase classname="ptolemy.util.test.junit.AutoTests" name="[121] /home/travis/build/icyphy/ptII/ptolemy/domains/modal/test/auto/TerminationTransition4.xml (RunModel)" time="0.033" />
  <testcase classname="ptolemy.util.test.junit.AutoTests" name="[122] /home/travis/build/icyphy/ptII/ptolemy/domains/modal/test/auto/TerminationTransition5.xml (RunModel)" time="0.03" />
  <testcase classname="ptolemy.util.test.junit.AutoTests" name="[123] /home/travis/build/icyphy/ptII/ptolemy/domains/modal/test/auto/TerminationTransition6.xml (RunModel)" time="0.019" />
  <testcase classname="ptolemy.util.test.junit.AutoTests" name="[124] /home/travis/build/icyphy/ptII/ptolemy/domains/modal/test/auto/TerminationTransition7.xml (RunModel)" time="0.02" />
  <testcase classname="ptolemy.util.test.junit.AutoTests" name="[125] /home/travis/build/icyphy/ptII/ptolemy/domains/modal/test/auto/TerminationTransition8.xml (RunModel)" time="0.023" />
  <testcase classname="ptolemy.util.test.junit.AutoTests" name="[126] /home/travis/build/icyphy/ptII/ptolemy/domains/modal/test/auto/Thermostat_NoHysteresis.xml (RunModel)" time="0.107" />
  <testcase classname="ptolemy.util.test.junit.AutoTests" name="[127] /home/travis/build/icyphy/ptII/ptolemy/domains/modal/test/auto/TimedFSM.xml (RunModel)" time="0.03" />
  <testcase classname="ptolemy.util.test.junit.AutoTests" name="[128] /home/travis/build/icyphy/ptII/ptolemy/domains/modal/test/auto/Timeout1.xml (RunModel)" time="0.012" />
  <testcase classname="ptolemy.util.test.junit.AutoTests" name="[129] /home/travis/build/icyphy/ptII/ptolemy/domains/modal/test/auto/Timeout2.xml (RunModel)" time="0.019" />
  <testcase classname="ptolemy.util.test.junit.AutoTests" name="[130] /home/travis/build/icyphy/ptII/ptolemy/domains/modal/test/auto/Timeout3.xml (RunModel)" time="0.01" />
  <testcase classname="ptolemy.util.test.junit.AutoTests" name="[131] /home/travis/build/icyphy/ptII/ptolemy/domains/modal/test/auto/Timeout4.xml (RunModel)" time="0.009" />
  <testcase classname="ptolemy.util.test.junit.AutoTests" name="[132] /home/travis/build/icyphy/ptII/ptolemy/domains/modal/test/auto/TransientstateModelAdvanced.xml (RunModel)" time="0.026" />
  <testcase classname="ptolemy.util.test.junit.AutoTests" name="[133] /home/travis/build/icyphy/ptII/ptolemy/domains/modal/test/auto/TransientstateModelAdvanced2.xml (RunModel)" time="0.024" />
  <testcase classname="ptolemy.util.test.junit.AutoTests" name="[134] /home/travis/build/icyphy/ptII/ptolemy/domains/modal/test/auto/TransitionRefinements.xml (RunModel)" time="0.02" />
  <testcase classname="ptolemy.util.test.junit.AutoTests" name="[135] /home/travis/build/icyphy/ptII/ptolemy/domains/modal/test/auto/TwoRefinements1.xml (RunModel)" time="0.019" />
  <testcase classname="ptolemy.util.test.junit.AutoTests" name="[136] /home/travis/build/icyphy/ptII/ptolemy/domains/modal/test/auto/TwoRefinements2.xml (RunModel)" time="0.018" />
  <testcase classname="ptolemy.util.test.junit.AutoTests" name="[137] /home/travis/build/icyphy/ptII/ptolemy/domains/modal/test/auto/WeakImmediateTransition.xml (RunModel)" time="0.023" />
  <testcase classname="ptolemy.util.test.junit.AutoTests" name="[138] /home/travis/build/icyphy/ptII/ptolemy/domains/modal/test/auto/booleanSelect.xml (RunModel)" time="0.077" />
  <testcase classname="ptolemy.util.test.junit.AutoTests" name="[139] /home/travis/build/icyphy/ptII/ptolemy/domains/modal/test/auto/modalChangingParams.xml (RunModel)" time="0.344" />
  <testcase classname="ptolemy.util.test.junit.AutoTests" name="[140] /home/travis/build/icyphy/ptII/ptolemy/domains/modal/test/auto/modalModel.xml (RunModel)" time="0.021" />
  <testcase classname="ptolemy.util.test.junit.AutoTests" name="[141] /home/travis/build/icyphy/ptII/ptolemy/domains/modal/test/auto/modalModel2.xml (RunModel)" time="0.024" />
  <testcase classname="ptolemy.util.test.junit.AutoTests" name="[142] /home/travis/build/icyphy/ptII/ptolemy/domains/modal/test/auto/modalModel3.xml (RunModel)" time="0.033" />
  <testcase classname="ptolemy.util.test.junit.AutoTests" name="[143] /home/travis/build/icyphy/ptII/ptolemy/domains/modal/test/auto/model1.xml (RunModel)" time="0.019" />
  <testcase classname="ptolemy.util.test.junit.AutoTests" name="[144] /home/travis/build/icyphy/ptII/ptolemy/domains/modal/test/auto/test-direct-in-out.xml (RunModel)" time="0.019" />
  <system-out><![CDATA[/home/travis/build/icyphy/ptII/ptolemy/domains/modal/test/SystemLevelType.tcl
testDefs.tcl: setting time out to 9000 seconds at Sat Jan 04 22:23:56 UTC 2020
01/04/20 10:23:58
Failed: 0  Total Tests: 1  ((Passed: 1, Newly Passed: 0)  Known Failed: 0) /home/travis/build/icyphy/ptII/ptolemy/domains/modal/test
----------------- testing (KnownFailure) /home/travis/build/icyphy/ptII/ptolemy/domains/modal/test/auto/knownFailedTests/CannotAnalysisWithPreemption.xml
108 ms. Memory: 158720K Free: 118743K (75%)
Known Failure: java.lang.reflect.InvocationTargetException
No auto/linux-amd64/*.xml tests in /home/travis/build/icyphy/ptII/ptolemy/domains/modal/test
AutoTests.java: About to close Vertx.
AutoTests.java: Vertx closed.

===========================================================================================
----------------- testing Sat Jan 04 22:23:59 UTC 2020 /home/travis/build/icyphy/ptII/ptolemy/domains/modal/test/auto/ABPTest.xml
----------------- Instantiating /home/travis/build/icyphy/ptII/ptolemy/domains/modal/test/auto/ABPTest.xml
334 ms. Memory: 158720K Free: 112915K (71%)
----------------- Invoking toplevel() on ptolemy.moml.MoMLSimpleApplication@40f47039
----------------- Done invoking toplevel() on ptolemy.moml.MoMLSimpleApplication@40f47039
reloadAllAccessors: .ABPTest

===========================================================================================
----------------- testing Sat Jan 04 22:24:00 UTC 2020 /home/travis/build/icyphy/ptII/ptolemy/domains/modal/test/auto/ABROFlat.xml
----------------- Instantiating /home/travis/build/icyphy/ptII/ptolemy/domains/modal/test/auto/ABROFlat.xml
19 ms. Memory: 158720K Free: 96966K (61%)
----------------- Invoking toplevel() on ptolemy.moml.MoMLSimpleApplication@4b7f2917
----------------- Done invoking toplevel() on ptolemy.moml.MoMLSimpleApplication@4b7f2917
reloadAllAccessors: .ABROFlat

===========================================================================================
----------------- testing Sat Jan 04 22:24:00 UTC 2020 /home/travis/build/icyphy/ptII/ptolemy/domains/modal/test/auto/ABROFlat2.xml
----------------- Instantiating /home/travis/build/icyphy/ptII/ptolemy/domains/modal/test/auto/ABROFlat2.xml
19 ms. Memory: 158720K Free: 80038K (50%)
----------------- Invoking toplevel() on ptolemy.moml.MoMLSimpleApplication@765a8d1b
----------------- Done invoking toplevel() on ptolemy.moml.MoMLSimpleApplication@765a8d1b
reloadAllAccessors: .ABROFlat2

===========================================================================================
----------------- testing Sat Jan 04 22:24:00 UTC 2020 /home/travis/build/icyphy/ptII/ptolemy/domains/modal/test/auto/ABRO_present_hmm.xml
----------------- Instantiating /home/travis/build/icyphy/ptII/ptolemy/domains/modal/test/auto/ABRO_present_hmm.xml
34 ms. Memory: 158720K Free: 135548K (85%)
----------------- Invoking toplevel() on ptolemy.moml.MoMLSimpleApplication@6e6d2cb8
----------------- Done invoking toplevel() on ptolemy.moml.MoMLSimpleApplication@6e6d2cb8
reloadAllAccessors: .ABRO_present_hmm

===========================================================================================
----------------- testing Sat Jan 04 22:24:00 UTC 2020 /home/travis/build/icyphy/ptII/ptolemy/domains/modal/test/auto/AMICoderExample.xml
----------------- Instantiating /home/travis/build/icyphy/ptII/ptolemy/domains/modal/test/auto/AMICoderExample.xml
38 ms. Memory: 158720K Free: 125879K (79%)
----------------- Invoking toplevel() on ptolemy.moml.MoMLSimpleApplication@47b2dba4
----------------- Done invoking toplevel() on ptolemy.moml.MoMLSimpleApplication@47b2dba4
reloadAllAccessors: .AMICoderExample

===========================================================================================
----------------- testing Sat Jan 04 22:24:00 UTC 2020 /home/travis/build/icyphy/ptII/ptolemy/domains/modal/test/auto/AbsentToPresent.xml
----------------- Instantiating /home/travis/build/icyphy/ptII/ptolemy/domains/modal/test/auto/AbsentToPresent.xml
4 ms. Memory: 158720K Free: 121220K (76%)
----------------- Invoking toplevel() on ptolemy.moml.MoMLSimpleApplication@5456a578
----------------- Done invoking toplevel() on ptolemy.moml.MoMLSimpleApplication@5456a578
reloadAllAccessors: .AbsentToPresent

===========================================================================================
----------------- testing Sat Jan 04 22:24:00 UTC 2020 /home/travis/build/icyphy/ptII/ptolemy/domains/modal/test/auto/Blending.xml
----------------- Instantiating /home/travis/build/icyphy/ptII/ptolemy/domains/modal/test/auto/Blending.xml
136 ms. Memory: 158720K Free: 76148K (48%)
----------------- Invoking toplevel() on ptolemy.moml.MoMLSimpleApplication@44250d0d
----------------- Done invoking toplevel() on ptolemy.moml.MoMLSimpleApplication@44250d0d
reloadAllAccessors: .Blending

===========================================================================================
----------------- testing Sat Jan 04 22:24:00 UTC 2020 /home/travis/build/icyphy/ptII/ptolemy/domains/modal/test/auto/Broadcast.xml
----------------- Instantiating /home/travis/build/icyphy/ptII/ptolemy/domains/modal/test/auto/Broadcast.xml
7 ms. Memory: 158720K Free: 65924K (42%)
----------------- Invoking toplevel() on ptolemy.moml.MoMLSimpleApplication@3ebfec9e
----------------- Done invoking toplevel() on ptolemy.moml.MoMLSimpleApplication@3ebfec9e
reloadAllAccessors: .Broadcast

===========================================================================================
----------------- testing Sat Jan 04 22:24:00 UTC 2020 /home/travis/build/icyphy/ptII/ptolemy/domains/modal/test/auto/BroadcastHierarchy.xml
----------------- Instantiating /home/travis/build/icyphy/ptII/ptolemy/domains/modal/test/auto/BroadcastHierarchy.xml
8 ms. Memory: 158720K Free: 52167K (33%)
----------------- Invoking toplevel() on ptolemy.moml.MoMLSimpleApplication@108b680d
----------------- Done invoking toplevel() on ptolemy.moml.MoMLSimpleApplication@108b680d
reloadAllAccessors: .BroadcastHierarchy

===========================================================================================
----------------- testing Sat Jan 04 22:24:00 UTC 2020 /home/travis/build/icyphy/ptII/ptolemy/domains/modal/test/auto/BroadcastHierarchy2.xml
----------------- Instantiating /home/travis/build/icyphy/ptII/ptolemy/domains/modal/test/auto/BroadcastHierarchy2.xml
23 ms. Memory: 196608K Free: 152424K (78%)
----------------- Invoking toplevel() on ptolemy.moml.MoMLSimpleApplication@fc075b2
----------------- Done invoking toplevel() on ptolemy.moml.MoMLSimpleApplication@fc075b2
reloadAllAccessors: .BroadcastHierarchy2

===========================================================================================
----------------- testing Sat Jan 04 22:24:00 UTC 2020 /home/travis/build/icyphy/ptII/ptolemy/domains/modal/test/auto/BroadcastHierarchy3.xml
----------------- Instantiating /home/travis/build/icyphy/ptII/ptolemy/domains/modal/test/auto/BroadcastHierarchy3.xml
19 ms. Memory: 196608K Free: 131944K (67%)
----------------- Invoking toplevel() on ptolemy.moml.MoMLSimpleApplication@71c06aff
----------------- Done invoking toplevel() on ptolemy.moml.MoMLSimpleApplication@71c06aff
reloadAllAccessors: .BroadcastHierarchy3

===========================================================================================
----------------- testing Sat Jan 04 22:24:01 UTC 2020 /home/travis/build/icyphy/ptII/ptolemy/domains/modal/test/auto/BroadcastHierarchy4.xml
----------------- Instantiating /home/travis/build/icyphy/ptII/ptolemy/domains/modal/test/auto/BroadcastHierarchy4.xml
19 ms. Memory: 196608K Free: 107882K (55%)
----------------- Invoking toplevel() on ptolemy.moml.MoMLSimpleApplication@75c1dcd0
----------------- Done invoking toplevel() on ptolemy.moml.MoMLSimpleApplication@75c1dcd0
reloadAllAccessors: .BroadcastHierarchy4

===========================================================================================
----------------- testing Sat Jan 04 22:24:01 UTC 2020 /home/travis/build/icyphy/ptII/ptolemy/domains/modal/test/auto/CannotAnalysisWithPreemption2.xml
----------------- Instantiating /home/travis/build/icyphy/ptII/ptolemy/domains/modal/test/auto/CannotAnalysisWithPreemption2.xml
4 ms. Memory: 196608K Free: 100714K (51%)
----------------- Invoking toplevel() on ptolemy.moml.MoMLSimpleApplication@2f3420b
----------------- Done invoking toplevel() on ptolemy.moml.MoMLSimpleApplication@2f3420b
reloadAllAccessors: .CannotAnalysisWithPreemption2

===========================================================================================
----------------- testing Sat Jan 04 22:24:01 UTC 2020 /home/travis/build/icyphy/ptII/ptolemy/domains/modal/test/auto/CannotAnalysisWithPreemption3.xml
----------------- Instantiating /home/travis/build/icyphy/ptII/ptolemy/domains/modal/test/auto/CannotAnalysisWithPreemption3.xml
5 ms. Memory: 196608K Free: 90474K (46%)
----------------- Invoking toplevel() on ptolemy.moml.MoMLSimpleApplication@50271641
----------------- Done invoking toplevel() on ptolemy.moml.MoMLSimpleApplication@50271641
reloadAllAccessors: .CannotAnalysisWithPreemption3

===========================================================================================
----------------- testing Sat Jan 04 22:24:01 UTC 2020 /home/travis/build/icyphy/ptII/ptolemy/domains/modal/test/auto/CannotProduce.xml
----------------- Instantiating /home/travis/build/icyphy/ptII/ptolemy/domains/modal/test/auto/CannotProduce.xml
11 ms. Memory: 196608K Free: 83816K (43%)
----------------- Invoking toplevel() on ptolemy.moml.MoMLSimpleApplication@2162c33c
----------------- Done invoking toplevel() on ptolemy.moml.MoMLSimpleApplication@2162c33c
reloadAllAccessors: .CannotProduce

===========================================================================================
----------------- testing Sat Jan 04 22:24:01 UTC 2020 /home/travis/build/icyphy/ptII/ptolemy/domains/modal/test/auto/CannotProduceModal.xml
----------------- Instantiating /home/travis/build/icyphy/ptII/ptolemy/domains/modal/test/auto/CannotProduceModal.xml
8 ms. Memory: 196608K Free: 77162K (39%)
----------------- Invoking toplevel() on ptolemy.moml.MoMLSimpleApplication@32654ebb
----------------- Done invoking toplevel() on ptolemy.moml.MoMLSimpleApplication@32654ebb
reloadAllAccessors: .CannotProduceModal

===========================================================================================
----------------- testing Sat Jan 04 22:24:01 UTC 2020 /home/travis/build/icyphy/ptII/ptolemy/domains/modal/test/auto/Case.xml
----------------- Instantiating /home/travis/build/icyphy/ptII/ptolemy/domains/modal/test/auto/Case.xml
30 ms. Memory: 196608K Free: 65898K (34%)
----------------- Invoking toplevel() on ptolemy.moml.MoMLSimpleApplication@3cbdf16
----------------- Done invoking toplevel() on ptolemy.moml.MoMLSimpleApplication@3cbdf16
reloadAllAccessors: .Case

===========================================================================================
----------------- testing Sat Jan 04 22:24:01 UTC 2020 /home/travis/build/icyphy/ptII/ptolemy/domains/modal/test/auto/Case1.xml
----------------- Instantiating /home/travis/build/icyphy/ptII/ptolemy/domains/modal/test/auto/Case1.xml
6 ms. Memory: 196608K Free: 171433K (87%)
----------------- Invoking toplevel() on ptolemy.moml.MoMLSimpleApplication@30507a06
----------------- Done invoking toplevel() on ptolemy.moml.MoMLSimpleApplication@30507a06
reloadAllAccessors: .Case1

===========================================================================================
----------------- testing Sat Jan 04 22:24:01 UTC 2020 /home/travis/build/icyphy/ptII/ptolemy/domains/modal/test/auto/Case2.xml
----------------- Instantiating /home/travis/build/icyphy/ptII/ptolemy/domains/modal/test/auto/Case2.xml
22 ms. Memory: 196608K Free: 160679K (82%)
----------------- Invoking toplevel() on ptolemy.moml.MoMLSimpleApplication@62107581
----------------- Done invoking toplevel() on ptolemy.moml.MoMLSimpleApplication@62107581
reloadAllAccessors: .Case2

===========================================================================================
----------------- testing Sat Jan 04 22:24:01 UTC 2020 /home/travis/build/icyphy/ptII/ptolemy/domains/modal/test/auto/CausalityInterface1.xml
----------------- Instantiating /home/travis/build/icyphy/ptII/ptolemy/domains/modal/test/auto/CausalityInterface1.xml
2 ms. Memory: 196608K Free: 155559K (79%)
----------------- Invoking toplevel() on ptolemy.moml.MoMLSimpleApplication@694a8a57
----------------- Done invoking toplevel() on ptolemy.moml.MoMLSimpleApplication@694a8a57
reloadAllAccessors: .CausalityInterface1

===========================================================================================
----------------- testing Sat Jan 04 22:24:01 UTC 2020 /home/travis/build/icyphy/ptII/ptolemy/domains/modal/test/auto/CausalityInterface10.xml
----------------- Instantiating /home/travis/build/icyphy/ptII/ptolemy/domains/modal/test/auto/CausalityInterface10.xml
10 ms. Memory: 196608K Free: 142233K (72%)
----------------- Invoking toplevel() on ptolemy.moml.MoMLSimpleApplication@19dec111
----------------- Done invoking toplevel() on ptolemy.moml.MoMLSimpleApplication@19dec111
reloadAllAccessors: .CausalityInterface10

===========================================================================================
----------------- testing Sat Jan 04 22:24:01 UTC 2020 /home/travis/build/icyphy/ptII/ptolemy/domains/modal/test/auto/CausalityInterface11.xml
----------------- Instantiating /home/travis/build/icyphy/ptII/ptolemy/domains/modal/test/auto/CausalityInterface11.xml
5 ms. Memory: 196608K Free: 128905K (66%)
----------------- Invoking toplevel() on ptolemy.moml.MoMLSimpleApplication@49f0db91
----------------- Done invoking toplevel() on ptolemy.moml.MoMLSimpleApplication@49f0db91
reloadAllAccessors: .CausalityInterface11

===========================================================================================
----------------- testing Sat Jan 04 22:24:01 UTC 2020 /home/travis/build/icyphy/ptII/ptolemy/domains/modal/test/auto/CausalityInterface12.xml
----------------- Instantiating /home/travis/build/icyphy/ptII/ptolemy/domains/modal/test/auto/CausalityInterface12.xml
5 ms. Memory: 196608K Free: 115593K (59%)
----------------- Invoking toplevel() on ptolemy.moml.MoMLSimpleApplication@61eaf4c6
----------------- Done invoking toplevel() on ptolemy.moml.MoMLSimpleApplication@61eaf4c6
reloadAllAccessors: .CausalityInterface12

===========================================================================================
----------------- testing Sat Jan 04 22:24:01 UTC 2020 /home/travis/build/icyphy/ptII/ptolemy/domains/modal/test/auto/CausalityInterface13.xml
----------------- Instantiating /home/travis/build/icyphy/ptII/ptolemy/domains/modal/test/auto/CausalityInterface13.xml
10 ms. Memory: 196608K Free: 101801K (52%)
----------------- Invoking toplevel() on ptolemy.moml.MoMLSimpleApplication@5a818a8
----------------- Done invoking toplevel() on ptolemy.moml.MoMLSimpleApplication@5a818a8
reloadAllAccessors: .CausalityInterface13

===========================================================================================
----------------- testing Sat Jan 04 22:24:01 UTC 2020 /home/travis/build/icyphy/ptII/ptolemy/domains/modal/test/auto/CausalityInterface14.xml
----------------- Instantiating /home/travis/build/icyphy/ptII/ptolemy/domains/modal/test/auto/CausalityInterface14.xml
12 ms. Memory: 196608K Free: 87945K (45%)
----------------- Invoking toplevel() on ptolemy.moml.MoMLSimpleApplication@32d7ddae
----------------- Done invoking toplevel() on ptolemy.moml.MoMLSimpleApplication@32d7ddae
reloadAllAccessors: .CausalityInterface14

===========================================================================================
----------------- testing Sat Jan 04 22:24:01 UTC 2020 /home/travis/build/icyphy/ptII/ptolemy/domains/modal/test/auto/CausalityInterface2.xml
----------------- Instantiating /home/travis/build/icyphy/ptII/ptolemy/domains/modal/test/auto/CausalityInterface2.xml
6 ms. Memory: 196608K Free: 81321K (41%)
----------------- Invoking toplevel() on ptolemy.moml.MoMLSimpleApplication@10f47d38
----------------- Done invoking toplevel() on ptolemy.moml.MoMLSimpleApplication@10f47d38
reloadAllAccessors: .CausalityInterface2

===========================================================================================
----------------- testing Sat Jan 04 22:24:01 UTC 2020 /home/travis/build/icyphy/ptII/ptolemy/domains/modal/test/auto/CausalityInterface3.xml
----------------- Instantiating /home/travis/build/icyphy/ptII/ptolemy/domains/modal/test/auto/CausalityInterface3.xml
3 ms. Memory: 196608K Free: 74657K (38%)
----------------- Invoking toplevel() on ptolemy.moml.MoMLSimpleApplication@68fbbae6
----------------- Done invoking toplevel() on ptolemy.moml.MoMLSimpleApplication@68fbbae6
reloadAllAccessors: .CausalityInterface3

===========================================================================================
----------------- testing Sat Jan 04 22:24:01 UTC 2020 /home/travis/build/icyphy/ptII/ptolemy/domains/modal/test/auto/CausalityInterface4.xml
----------------- Instantiating /home/travis/build/icyphy/ptII/ptolemy/domains/modal/test/auto/CausalityInterface4.xml
2 ms. Memory: 196608K Free: 68009K (35%)
----------------- Invoking toplevel() on ptolemy.moml.MoMLSimpleApplication@6c4bf59f
----------------- Done invoking toplevel() on ptolemy.moml.MoMLSimpleApplication@6c4bf59f
reloadAllAccessors: .CausalityInterface4

===========================================================================================
----------------- testing Sat Jan 04 22:24:01 UTC 2020 /home/travis/build/icyphy/ptII/ptolemy/domains/modal/test/auto/CausalityInterface5.xml
----------------- Instantiating /home/travis/build/icyphy/ptII/ptolemy/domains/modal/test/auto/CausalityInterface5.xml
9 ms. Memory: 196608K Free: 172370K (88%)
----------------- Invoking toplevel() on ptolemy.moml.MoMLSimpleApplication@777ce8e
----------------- Done invoking toplevel() on ptolemy.moml.MoMLSimpleApplication@777ce8e
reloadAllAccessors: .CausalityInterface5

===========================================================================================
----------------- testing Sat Jan 04 22:24:01 UTC 2020 /home/travis/build/icyphy/ptII/ptolemy/domains/modal/test/auto/CausalityInterface6.xml
----------------- Instantiating /home/travis/build/icyphy/ptII/ptolemy/domains/modal/test/auto/CausalityInterface6.xml
4 ms. Memory: 196608K Free: 163664K (83%)
----------------- Invoking toplevel() on ptolemy.moml.MoMLSimpleApplication@4acf45d3
----------------- Done invoking toplevel() on ptolemy.moml.MoMLSimpleApplication@4acf45d3
reloadAllAccessors: .CausalityInterface6

===========================================================================================
----------------- testing Sat Jan 04 22:24:01 UTC 2020 /home/travis/build/icyphy/ptII/ptolemy/domains/modal/test/auto/CausalityInterface7.xml
----------------- Instantiating /home/travis/build/icyphy/ptII/ptolemy/domains/modal/test/auto/CausalityInterface7.xml
3 ms. Memory: 196608K Free: 155457K (79%)
----------------- Invoking toplevel() on ptolemy.moml.MoMLSimpleApplication@67f33f4a
----------------- Done invoking toplevel() on ptolemy.moml.MoMLSimpleApplication@67f33f4a
reloadAllAccessors: .CausalityInterface7

===========================================================================================
----------------- testing Sat Jan 04 22:24:01 UTC 2020 /home/travis/build/icyphy/ptII/ptolemy/domains/modal/test/auto/CausalityInterface8.xml
----------------- Instantiating /home/travis/build/icyphy/ptII/ptolemy/domains/modal/test/auto/CausalityInterface8.xml
6 ms. Memory: 196608K Free: 146770K (75%)
----------------- Invoking toplevel() on ptolemy.moml.MoMLSimpleApplication@2d832910
----------------- Done invoking toplevel() on ptolemy.moml.MoMLSimpleApplication@2d832910
reloadAllAccessors: .CausalityInterface8

===========================================================================================
----------------- testing Sat Jan 04 22:24:01 UTC 2020 /home/travis/build/icyphy/ptII/ptolemy/domains/modal/test/auto/CausalityInterface9.xml
----------------- Instantiating /home/travis/build/icyphy/ptII/ptolemy/domains/modal/test/auto/CausalityInterface9.xml
9 ms. Memory: 196608K Free: 137040K (70%)
----------------- Invoking toplevel() on ptolemy.moml.MoMLSimpleApplication@31817180
----------------- Done invoking toplevel() on ptolemy.moml.MoMLSimpleApplication@31817180
reloadAllAccessors: .CausalityInterface9

===========================================================================================
----------------- testing Sat Jan 04 22:24:01 UTC 2020 /home/travis/build/icyphy/ptII/ptolemy/domains/modal/test/auto/ChainedTransitions.xml
----------------- Instantiating /home/travis/build/icyphy/ptII/ptolemy/domains/modal/test/auto/ChainedTransitions.xml
99 ms. Memory: 196608K Free: 112464K (57%)
----------------- Invoking toplevel() on ptolemy.moml.MoMLSimpleApplication@430ab180
----------------- Done invoking toplevel() on ptolemy.moml.MoMLSimpleApplication@430ab180
reloadAllAccessors: .ChainedTransitions

===========================================================================================
----------------- testing Sat Jan 04 22:24:02 UTC 2020 /home/travis/build/icyphy/ptII/ptolemy/domains/modal/test/auto/CycleOfImmediateTransitionsFSM.xml
----------------- Instantiating /home/travis/build/icyphy/ptII/ptolemy/domains/modal/test/auto/CycleOfImmediateTransitionsFSM.xml
4 ms. Memory: 196608K Free: 106834K (54%)
----------------- Invoking toplevel() on ptolemy.moml.MoMLSimpleApplication@fd20830
----------------- Done invoking toplevel() on ptolemy.moml.MoMLSimpleApplication@fd20830
reloadAllAccessors: .CycleOfImmediateTransitionsFSM

===========================================================================================
----------------- testing Sat Jan 04 22:24:02 UTC 2020 /home/travis/build/icyphy/ptII/ptolemy/domains/modal/test/auto/CycleOfImmediateTransitionsModal.xml
----------------- Instantiating /home/travis/build/icyphy/ptII/ptolemy/domains/modal/test/auto/CycleOfImmediateTransitionsModal.xml
3 ms. Memory: 196608K Free: 100176K (51%)
----------------- Invoking toplevel() on ptolemy.moml.MoMLSimpleApplication@72912269
----------------- Done invoking toplevel() on ptolemy.moml.MoMLSimpleApplication@72912269
reloadAllAccessors: .CycleOfImmediateTransitionsModal

===========================================================================================
----------------- testing Sat Jan 04 22:24:02 UTC 2020 /home/travis/build/icyphy/ptII/ptolemy/domains/modal/test/auto/CycleOfImmediateTransitionsModal2.xml
----------------- Instantiating /home/travis/build/icyphy/ptII/ptolemy/domains/modal/test/auto/CycleOfImmediateTransitionsModal2.xml
8 ms. Memory: 196608K Free: 94032K (48%)
----------------- Invoking toplevel() on ptolemy.moml.MoMLSimpleApplication@15b00dd2
----------------- Done invoking toplevel() on ptolemy.moml.MoMLSimpleApplication@15b00dd2
reloadAllAccessors: .CycleOfImmediateTransitionsModal2

===========================================================================================
----------------- testing Sat Jan 04 22:24:02 UTC 2020 /home/travis/build/icyphy/ptII/ptolemy/domains/modal/test/auto/CycleOfImmediateTransitionsModal3.xml
----------------- Instantiating /home/travis/build/icyphy/ptII/ptolemy/domains/modal/test/auto/CycleOfImmediateTransitionsModal3.xml
8 ms. Memory: 196608K Free: 71489K (36%)
----------------- Invoking toplevel() on ptolemy.moml.MoMLSimpleApplication@102687ee
----------------- Done invoking toplevel() on ptolemy.moml.MoMLSimpleApplication@102687ee
reloadAllAccessors: .CycleOfImmediateTransitionsModal3

===========================================================================================
----------------- testing Sat Jan 04 22:24:02 UTC 2020 /home/travis/build/icyphy/ptII/ptolemy/domains/modal/test/auto/DeepModal1.xml
----------------- Instantiating /home/travis/build/icyphy/ptII/ptolemy/domains/modal/test/auto/DeepModal1.xml
30 ms. Memory: 196608K Free: 170418K (87%)
----------------- Invoking toplevel() on ptolemy.moml.MoMLSimpleApplication@460b88ba
----------------- Done invoking toplevel() on ptolemy.moml.MoMLSimpleApplication@460b88ba
reloadAllAccessors: .DeepModal1

===========================================================================================
----------------- testing Sat Jan 04 22:24:02 UTC 2020 /home/travis/build/icyphy/ptII/ptolemy/domains/modal/test/auto/DeepModal2.xml
----------------- Instantiating /home/travis/build/icyphy/ptII/ptolemy/domains/modal/test/auto/DeepModal2.xml
26 ms. Memory: 196608K Free: 151472K (77%)
----------------- Invoking toplevel() on ptolemy.moml.MoMLSimpleApplication@74062260
----------------- Done invoking toplevel() on ptolemy.moml.MoMLSimpleApplication@74062260
reloadAllAccessors: .DeepModal2

===========================================================================================
----------------- testing Sat Jan 04 22:24:02 UTC 2020 /home/travis/build/icyphy/ptII/ptolemy/domains/modal/test/auto/DeepModal3.xml
----------------- Instantiating /home/travis/build/icyphy/ptII/ptolemy/domains/modal/test/auto/DeepModal3.xml
31 ms. Memory: 196608K Free: 132016K (67%)
----------------- Invoking toplevel() on ptolemy.moml.MoMLSimpleApplication@315c13bc
----------------- Done invoking toplevel() on ptolemy.moml.MoMLSimpleApplication@315c13bc
reloadAllAccessors: .DeepModal3

===========================================================================================
----------------- testing Sat Jan 04 22:24:02 UTC 2020 /home/travis/build/icyphy/ptII/ptolemy/domains/modal/test/auto/DeepModal4.xml
----------------- Instantiating /home/travis/build/icyphy/ptII/ptolemy/domains/modal/test/auto/DeepModal4.xml
30 ms. Memory: 196608K Free: 112560K (57%)
----------------- Invoking toplevel() on ptolemy.moml.MoMLSimpleApplication@1da2f97a
----------------- Done invoking toplevel() on ptolemy.moml.MoMLSimpleApplication@1da2f97a
reloadAllAccessors: .DeepModal4

===========================================================================================
----------------- testing Sat Jan 04 22:24:02 UTC 2020 /home/travis/build/icyphy/ptII/ptolemy/domains/modal/test/auto/Default1.xml
----------------- Instantiating /home/travis/build/icyphy/ptII/ptolemy/domains/modal/test/auto/Default1.xml
2 ms. Memory: 196608K Free: 106416K (54%)
----------------- Invoking toplevel() on ptolemy.moml.MoMLSimpleApplication@34bc3e16
----------------- Done invoking toplevel() on ptolemy.moml.MoMLSimpleApplication@34bc3e16
reloadAllAccessors: .Default1

===========================================================================================
----------------- testing Sat Jan 04 22:24:02 UTC 2020 /home/travis/build/icyphy/ptII/ptolemy/domains/modal/test/auto/Default2.xml
----------------- Instantiating /home/travis/build/icyphy/ptII/ptolemy/domains/modal/test/auto/Default2.xml
7 ms. Memory: 196608K Free: 100784K (51%)
----------------- Invoking toplevel() on ptolemy.moml.MoMLSimpleApplication@29ea5d21
----------------- Done invoking toplevel() on ptolemy.moml.MoMLSimpleApplication@29ea5d21
reloadAllAccessors: .Default2

===========================================================================================
----------------- testing Sat Jan 04 22:24:02 UTC 2020 /home/travis/build/icyphy/ptII/ptolemy/domains/modal/test/auto/Default3.xml
----------------- Instantiating /home/travis/build/icyphy/ptII/ptolemy/domains/modal/test/auto/Default3.xml
5 ms. Memory: 196608K Free: 94128K (48%)
----------------- Invoking toplevel() on ptolemy.moml.MoMLSimpleApplication@2da07ca1
----------------- Done invoking toplevel() on ptolemy.moml.MoMLSimpleApplication@2da07ca1
reloadAllAccessors: .Default3

===========================================================================================
----------------- testing Sat Jan 04 22:24:02 UTC 2020 /home/travis/build/icyphy/ptII/ptolemy/domains/modal/test/auto/Default4.xml
----------------- Instantiating /home/travis/build/icyphy/ptII/ptolemy/domains/modal/test/auto/Default4.xml
7 ms. Memory: 196608K Free: 87969K (45%)
----------------- Invoking toplevel() on ptolemy.moml.MoMLSimpleApplication@6a77cf98
----------------- Done invoking toplevel() on ptolemy.moml.MoMLSimpleApplication@6a77cf98
reloadAllAccessors: .Default4

===========================================================================================
----------------- testing Sat Jan 04 22:24:02 UTC 2020 /home/travis/build/icyphy/ptII/ptolemy/domains/modal/test/auto/Default5.xml
----------------- Instantiating /home/travis/build/icyphy/ptII/ptolemy/domains/modal/test/auto/Default5.xml
12 ms. Memory: 196608K Free: 79786K (41%)
----------------- Invoking toplevel() on ptolemy.moml.MoMLSimpleApplication@5fecf505
----------------- Done invoking toplevel() on ptolemy.moml.MoMLSimpleApplication@5fecf505
reloadAllAccessors: .Default5

===========================================================================================
----------------- testing Sat Jan 04 22:24:02 UTC 2020 /home/travis/build/icyphy/ptII/ptolemy/domains/modal/test/auto/EmptyGuard.xml
----------------- Instantiating /home/travis/build/icyphy/ptII/ptolemy/domains/modal/test/auto/EmptyGuard.xml
11 ms. Memory: 196608K Free: 72114K (37%)
----------------- Invoking toplevel() on ptolemy.moml.MoMLSimpleApplication@32bb0d37
----------------- Done invoking toplevel() on ptolemy.moml.MoMLSimpleApplication@32bb0d37
reloadAllAccessors: .EmptyGuard

===========================================================================================
----------------- testing Sat Jan 04 22:24:02 UTC 2020 /home/travis/build/icyphy/ptII/ptolemy/domains/modal/test/auto/ErrorTransition1.xml
----------------- Instantiating /home/travis/build/icyphy/ptII/ptolemy/domains/modal/test/auto/ErrorTransition1.xml
20 ms. Memory: 236544K Free: 215943K (91%)
----------------- Invoking toplevel() on ptolemy.moml.MoMLSimpleApplication@3b337285
----------------- Done invoking toplevel() on ptolemy.moml.MoMLSimpleApplication@3b337285
reloadAllAccessors: .ErrorTransition1

===========================================================================================
----------------- testing Sat Jan 04 22:24:02 UTC 2020 /home/travis/build/icyphy/ptII/ptolemy/domains/modal/test/auto/ErrorTransition10.xml
----------------- Instantiating /home/travis/build/icyphy/ptII/ptolemy/domains/modal/test/auto/ErrorTransition10.xml
14 ms. Memory: 236544K Free: 201589K (85%)
----------------- Invoking toplevel() on ptolemy.moml.MoMLSimpleApplication@bc18790
----------------- Done invoking toplevel() on ptolemy.moml.MoMLSimpleApplication@bc18790
reloadAllAccessors: .ErrorTransition10

===========================================================================================
----------------- testing Sat Jan 04 22:24:02 UTC 2020 /home/travis/build/icyphy/ptII/ptolemy/domains/modal/test/auto/ErrorTransition11.xml
----------------- Instantiating /home/travis/build/icyphy/ptII/ptolemy/domains/modal/test/auto/ErrorTransition11.xml
4 ms. Memory: 236544K Free: 190355K (80%)
----------------- Invoking toplevel() on ptolemy.moml.MoMLSimpleApplication@59212199
----------------- Done invoking toplevel() on ptolemy.moml.MoMLSimpleApplication@59212199
reloadAllAccessors: .ErrorTransition11

===========================================================================================
----------------- testing Sat Jan 04 22:24:02 UTC 2020 /home/travis/build/icyphy/ptII/ptolemy/domains/modal/test/auto/ErrorTransition2.xml
----------------- Instantiating /home/travis/build/icyphy/ptII/ptolemy/domains/modal/test/auto/ErrorTransition2.xml
7 ms. Memory: 236544K Free: 181139K (77%)
----------------- Invoking toplevel() on ptolemy.moml.MoMLSimpleApplication@7b3a919e
----------------- Done invoking toplevel() on ptolemy.moml.MoMLSimpleApplication@7b3a919e
reloadAllAccessors: .ErrorTransition2

===========================================================================================
----------------- testing Sat Jan 04 22:24:02 UTC 2020 /home/travis/build/icyphy/ptII/ptolemy/domains/modal/test/auto/ErrorTransition3.xml
----------------- Instantiating /home/travis/build/icyphy/ptII/ptolemy/domains/modal/test/auto/ErrorTransition3.xml
10 ms. Memory: 236544K Free: 171413K (72%)
----------------- Invoking toplevel() on ptolemy.moml.MoMLSimpleApplication@6ccef006
----------------- Done invoking toplevel() on ptolemy.moml.MoMLSimpleApplication@6ccef006
reloadAllAccessors: .ErrorTransition3

===========================================================================================
----------------- testing Sat Jan 04 22:24:02 UTC 2020 /home/travis/build/icyphy/ptII/ptolemy/domains/modal/test/auto/ErrorTransition4.xml
----------------- Instantiating /home/travis/build/icyphy/ptII/ptolemy/domains/modal/test/auto/ErrorTransition4.xml
7 ms. Memory: 236544K Free: 160149K (68%)
----------------- Invoking toplevel() on ptolemy.moml.MoMLSimpleApplication@3b2e8a1b
----------------- Done invoking toplevel() on ptolemy.moml.MoMLSimpleApplication@3b2e8a1b
reloadAllAccessors: .ErrorTransition4

===========================================================================================
----------------- testing Sat Jan 04 22:24:02 UTC 2020 /home/travis/build/icyphy/ptII/ptolemy/domains/modal/test/auto/ErrorTransition5.xml
----------------- Instantiating /home/travis/build/icyphy/ptII/ptolemy/domains/modal/test/auto/ErrorTransition5.xml
7 ms. Memory: 236544K Free: 149909K (63%)
----------------- Invoking toplevel() on ptolemy.moml.MoMLSimpleApplication@723d0c11
----------------- Done invoking toplevel() on ptolemy.moml.MoMLSimpleApplication@723d0c11
reloadAllAccessors: .ErrorTransition5

===========================================================================================
----------------- testing Sat Jan 04 22:24:02 UTC 2020 /home/travis/build/icyphy/ptII/ptolemy/domains/modal/test/auto/ErrorTransition6.xml
----------------- Instantiating /home/travis/build/icyphy/ptII/ptolemy/domains/modal/test/auto/ErrorTransition6.xml
8 ms. Memory: 236544K Free: 139155K (59%)
----------------- Invoking toplevel() on ptolemy.moml.MoMLSimpleApplication@49077ff5
----------------- Done invoking toplevel() on ptolemy.moml.MoMLSimpleApplication@49077ff5
reloadAllAccessors: .ErrorTransition6

===========================================================================================
----------------- testing Sat Jan 04 22:24:02 UTC 2020 /home/travis/build/icyphy/ptII/ptolemy/domains/modal/test/auto/ErrorTransition7.xml
----------------- Instantiating /home/travis/build/icyphy/ptII/ptolemy/domains/modal/test/auto/ErrorTransition7.xml
11 ms. Memory: 236544K Free: 126853K (54%)
----------------- Invoking toplevel() on ptolemy.moml.MoMLSimpleApplication@4acdde49
----------------- Done invoking toplevel() on ptolemy.moml.MoMLSimpleApplication@4acdde49
reloadAllAccessors: .ErrorTransition7

===========================================================================================
----------------- testing Sat Jan 04 22:24:03 UTC 2020 /home/travis/build/icyphy/ptII/ptolemy/domains/modal/test/auto/ErrorTransition8.xml
----------------- Instantiating /home/travis/build/icyphy/ptII/ptolemy/domains/modal/test/auto/ErrorTransition8.xml
23 ms. Memory: 236544K Free: 113549K (48%)
----------------- Invoking toplevel() on ptolemy.moml.MoMLSimpleApplication@558f99ce
----------------- Done invoking toplevel() on ptolemy.moml.MoMLSimpleApplication@558f99ce
reloadAllAccessors: .ErrorTransition8

===========================================================================================
----------------- testing Sat Jan 04 22:24:03 UTC 2020 /home/travis/build/icyphy/ptII/ptolemy/domains/modal/test/auto/ErrorTransition9.xml
----------------- Instantiating /home/travis/build/icyphy/ptII/ptolemy/domains/modal/test/auto/ErrorTransition9.xml
12 ms. Memory: 236544K Free: 100229K (42%)
----------------- Invoking toplevel() on ptolemy.moml.MoMLSimpleApplication@3ff63d7f
----------------- Done invoking toplevel() on ptolemy.moml.MoMLSimpleApplication@3ff63d7f
reloadAllAccessors: .ErrorTransition9

===========================================================================================
----------------- testing Sat Jan 04 22:24:03 UTC 2020 /home/travis/build/icyphy/ptII/ptolemy/domains/modal/test/auto/ExtendedFSM.xml
----------------- Instantiating /home/travis/build/icyphy/ptII/ptolemy/domains/modal/test/auto/ExtendedFSM.xml
7 ms. Memory: 236544K Free: 91541K (39%)
----------------- Invoking toplevel() on ptolemy.moml.MoMLSimpleApplication@5359c3a3
----------------- Done invoking toplevel() on ptolemy.moml.MoMLSimpleApplication@5359c3a3
reloadAllAccessors: .ExtendedFSM

===========================================================================================
----------------- testing Sat Jan 04 22:24:03 UTC 2020 /home/travis/build/icyphy/ptII/ptolemy/domains/modal/test/auto/FinalStates.xml
----------------- Instantiating /home/travis/build/icyphy/ptII/ptolemy/domains/modal/test/auto/FinalStates.xml
7 ms. Memory: 236544K Free: 83829K (35%)
----------------- Invoking toplevel() on ptolemy.moml.MoMLSimpleApplication@3e76752d
----------------- Done invoking toplevel() on ptolemy.moml.MoMLSimpleApplication@3e76752d
reloadAllAccessors: .FinalStates

===========================================================================================
----------------- testing Sat Jan 04 22:24:03 UTC 2020 /home/travis/build/icyphy/ptII/ptolemy/domains/modal/test/auto/FixedPointFSM.xml
----------------- Instantiating /home/travis/build/icyphy/ptII/ptolemy/domains/modal/test/auto/FixedPointFSM.xml
18 ms. Memory: 236544K Free: 204669K (87%)
----------------- Invoking toplevel() on ptolemy.moml.MoMLSimpleApplication@4f58a64b
----------------- Done invoking toplevel() on ptolemy.moml.MoMLSimpleApplication@4f58a64b
reloadAllAccessors: .FixedPointFSM

===========================================================================================
----------------- testing Sat Jan 04 22:24:03 UTC 2020 /home/travis/build/icyphy/ptII/ptolemy/domains/modal/test/auto/FixedPointIterationFSMActor.xml
----------------- Instantiating /home/travis/build/icyphy/ptII/ptolemy/domains/modal/test/auto/FixedPointIterationFSMActor.xml
7 ms. Memory: 236544K Free: 193909K (82%)
----------------- Invoking toplevel() on ptolemy.moml.MoMLSimpleApplication@71a923d2
----------------- Done invoking toplevel() on ptolemy.moml.MoMLSimpleApplication@71a923d2
reloadAllAccessors: .FixedPointIterationFSMActor

===========================================================================================
----------------- testing Sat Jan 04 22:24:03 UTC 2020 /home/travis/build/icyphy/ptII/ptolemy/domains/modal/test/auto/FixedPointIterationFSMActor2.xml
----------------- Instantiating /home/travis/build/icyphy/ptII/ptolemy/domains/modal/test/auto/FixedPointIterationFSMActor2.xml
9 ms. Memory: 236544K Free: 182141K (77%)
----------------- Invoking toplevel() on ptolemy.moml.MoMLSimpleApplication@199d18d7
----------------- Done invoking toplevel() on ptolemy.moml.MoMLSimpleApplication@199d18d7
reloadAllAccessors: .FixedPointIterationFSMActor2

===========================================================================================
----------------- testing Sat Jan 04 22:24:03 UTC 2020 /home/travis/build/icyphy/ptII/ptolemy/domains/modal/test/auto/ForbiddenInstantanousLoop.xml
----------------- Instantiating /home/travis/build/icyphy/ptII/ptolemy/domains/modal/test/auto/ForbiddenInstantanousLoop.xml
6 ms. Memory: 236544K Free: 169853K (72%)
----------------- Invoking toplevel() on ptolemy.moml.MoMLSimpleApplication@1d33dbb
----------------- Done invoking toplevel() on ptolemy.moml.MoMLSimpleApplication@1d33dbb
reloadAllAccessors: .ForbiddenInstantanousLoop

===========================================================================================
----------------- testing Sat Jan 04 22:24:03 UTC 2020 /home/travis/build/icyphy/ptII/ptolemy/domains/modal/test/auto/FunctionDependencyOfFSMActorTest.xml
----------------- Instantiating /home/travis/build/icyphy/ptII/ptolemy/domains/modal/test/auto/FunctionDependencyOfFSMActorTest.xml
15 ms. Memory: 236544K Free: 162685K (69%)
----------------- Invoking toplevel() on ptolemy.moml.MoMLSimpleApplication@1e8bffc4
----------------- Done invoking toplevel() on ptolemy.moml.MoMLSimpleApplication@1e8bffc4
reloadAllAccessors: .FunctionDependencyOfFSMActorTest

===========================================================================================
----------------- testing Sat Jan 04 22:24:03 UTC 2020 /home/travis/build/icyphy/ptII/ptolemy/domains/modal/test/auto/GuardExpression.xml
----------------- Instantiating /home/travis/build/icyphy/ptII/ptolemy/domains/modal/test/auto/GuardExpression.xml
1 ms. Memory: 236544K Free: 157565K (67%)
----------------- Invoking toplevel() on ptolemy.moml.MoMLSimpleApplication@5981eaca
----------------- Done invoking toplevel() on ptolemy.moml.MoMLSimpleApplication@5981eaca
reloadAllAccessors: .GuardExpression

===========================================================================================
----------------- testing Sat Jan 04 22:24:03 UTC 2020 /home/travis/build/icyphy/ptII/ptolemy/domains/modal/test/auto/GuardNotEvaluated.xml
----------------- Instantiating /home/travis/build/icyphy/ptII/ptolemy/domains/modal/test/auto/GuardNotEvaluated.xml
6 ms. Memory: 236544K Free: 148845K (63%)
----------------- Invoking toplevel() on ptolemy.moml.MoMLSimpleApplication@5e331ce9
----------------- Done invoking toplevel() on ptolemy.moml.MoMLSimpleApplication@5e331ce9
reloadAllAccessors: .GuardNotEvaluated

===========================================================================================
----------------- testing Sat Jan 04 22:24:03 UTC 2020 /home/travis/build/icyphy/ptII/ptolemy/domains/modal/test/auto/GuardNotEvaluated2.xml
----------------- Instantiating /home/travis/build/icyphy/ptII/ptolemy/domains/modal/test/auto/GuardNotEvaluated2.xml
9 ms. Memory: 236544K Free: 139133K (59%)
----------------- Invoking toplevel() on ptolemy.moml.MoMLSimpleApplication@59768191
----------------- Done invoking toplevel() on ptolemy.moml.MoMLSimpleApplication@59768191
reloadAllAccessors: .GuardNotEvaluated2

===========================================================================================
----------------- testing Sat Jan 04 22:24:03 UTC 2020 /home/travis/build/icyphy/ptII/ptolemy/domains/modal/test/auto/GuardOnAbsent.xml
----------------- Instantiating /home/travis/build/icyphy/ptII/ptolemy/domains/modal/test/auto/GuardOnAbsent.xml
8 ms. Memory: 236544K Free: 131421K (56%)
----------------- Invoking toplevel() on ptolemy.moml.MoMLSimpleApplication@399e3d2d
----------------- Done invoking toplevel() on ptolemy.moml.MoMLSimpleApplication@399e3d2d
reloadAllAccessors: .GuardOnAbsent

===========================================================================================
----------------- testing Sat Jan 04 22:24:03 UTC 2020 /home/travis/build/icyphy/ptII/ptolemy/domains/modal/test/auto/HierarchicalFSMTypeInference.xml
----------------- Instantiating /home/travis/build/icyphy/ptII/ptolemy/domains/modal/test/auto/HierarchicalFSMTypeInference.xml
4 ms. Memory: 236544K Free: 121211K (51%)
----------------- Invoking toplevel() on ptolemy.moml.MoMLSimpleApplication@608bcaf8
----------------- Done invoking toplevel() on ptolemy.moml.MoMLSimpleApplication@608bcaf8
reloadAllAccessors: .HierarchicalFSMTypeInference

===========================================================================================
----------------- testing Sat Jan 04 22:24:03 UTC 2020 /home/travis/build/icyphy/ptII/ptolemy/domains/modal/test/auto/Hysteresis.xml
----------------- Instantiating /home/travis/build/icyphy/ptII/ptolemy/domains/modal/test/auto/Hysteresis.xml
11 ms. Memory: 236544K Free: 107885K (46%)
----------------- Invoking toplevel() on ptolemy.moml.MoMLSimpleApplication@77f235dc
----------------- Done invoking toplevel() on ptolemy.moml.MoMLSimpleApplication@77f235dc
reloadAllAccessors: .Hysteresis

===========================================================================================
----------------- testing Sat Jan 04 22:24:03 UTC 2020 /home/travis/build/icyphy/ptII/ptolemy/domains/modal/test/auto/HysteresisWithDefault.xml
----------------- Instantiating /home/travis/build/icyphy/ptII/ptolemy/domains/modal/test/auto/HysteresisWithDefault.xml
47 ms. Memory: 236544K Free: 84861K (36%)
----------------- Invoking toplevel() on ptolemy.moml.MoMLSimpleApplication@331c44e
----------------- Done invoking toplevel() on ptolemy.moml.MoMLSimpleApplication@331c44e
reloadAllAccessors: .HysteresisWithDefault

===========================================================================================
----------------- testing Sat Jan 04 22:24:03 UTC 2020 /home/travis/build/icyphy/ptII/ptolemy/domains/modal/test/auto/HysteresisWithDefault2.xml
----------------- Instantiating /home/travis/build/icyphy/ptII/ptolemy/domains/modal/test/auto/HysteresisWithDefault2.xml
52 ms. Memory: 236544K Free: 190788K (81%)
----------------- Invoking toplevel() on ptolemy.moml.MoMLSimpleApplication@3fa41aff
----------------- Done invoking toplevel() on ptolemy.moml.MoMLSimpleApplication@3fa41aff
reloadAllAccessors: .HysteresisWithDefault2

===========================================================================================
----------------- testing Sat Jan 04 22:24:03 UTC 2020 /home/travis/build/icyphy/ptII/ptolemy/domains/modal/test/auto/ImmediateNonConstructiveness.xml
----------------- Instantiating /home/travis/build/icyphy/ptII/ptolemy/domains/modal/test/auto/ImmediateNonConstructiveness.xml
3 ms. Memory: 236544K Free: 183617K (78%)
----------------- Invoking toplevel() on ptolemy.moml.MoMLSimpleApplication@1d427dfd
----------------- Done invoking toplevel() on ptolemy.moml.MoMLSimpleApplication@1d427dfd
reloadAllAccessors: .ImmediateNonConstructiveness

===========================================================================================
----------------- testing Sat Jan 04 22:24:03 UTC 2020 /home/travis/build/icyphy/ptII/ptolemy/domains/modal/test/auto/ImmediateNonConstructiveness2.xml
----------------- Instantiating /home/travis/build/icyphy/ptII/ptolemy/domains/modal/test/auto/ImmediateNonConstructiveness2.xml
2 ms. Memory: 236544K Free: 176978K (75%)
----------------- Invoking toplevel() on ptolemy.moml.MoMLSimpleApplication@729de3e1
----------------- Done invoking toplevel() on ptolemy.moml.MoMLSimpleApplication@729de3e1
reloadAllAccessors: .ImmediateNonConstructiveness2

===========================================================================================
----------------- testing Sat Jan 04 22:24:03 UTC 2020 /home/travis/build/icyphy/ptII/ptolemy/domains/modal/test/auto/ImmediateTransitionReset.xml
----------------- Instantiating /home/travis/build/icyphy/ptII/ptolemy/domains/modal/test/auto/ImmediateTransitionReset.xml
5 ms. Memory: 236544K Free: 165200K (70%)
----------------- Invoking toplevel() on ptolemy.moml.MoMLSimpleApplication@12b097eb
----------------- Done invoking toplevel() on ptolemy.moml.MoMLSimpleApplication@12b097eb
reloadAllAccessors: .ImmediateTransitionReset

===========================================================================================
----------------- testing Sat Jan 04 22:24:03 UTC 2020 /home/travis/build/icyphy/ptII/ptolemy/domains/modal/test/auto/ImmediateTransitions1.xml
----------------- Instantiating /home/travis/build/icyphy/ptII/ptolemy/domains/modal/test/auto/ImmediateTransitions1.xml
1 ms. Memory: 236544K Free: 160080K (68%)
----------------- Invoking toplevel() on ptolemy.moml.MoMLSimpleApplication@24f2f303
----------------- Done invoking toplevel() on ptolemy.moml.MoMLSimpleApplication@24f2f303
reloadAllAccessors: .ImmediateTransitions1

===========================================================================================
----------------- testing Sat Jan 04 22:24:03 UTC 2020 /home/travis/build/icyphy/ptII/ptolemy/domains/modal/test/auto/ImmediateTransitionsInstantaneousCommunication.xml
----------------- Instantiating /home/travis/build/icyphy/ptII/ptolemy/domains/modal/test/auto/ImmediateTransitionsInstantaneousCommunication.xml
4 ms. Memory: 236544K Free: 147792K (62%)
----------------- Invoking toplevel() on ptolemy.moml.MoMLSimpleApplication@429962ed
----------------- Done invoking toplevel() on ptolemy.moml.MoMLSimpleApplication@429962ed
reloadAllAccessors: .ImmediateTransitionsInstantaneousCommunication

===========================================================================================
----------------- testing Sat Jan 04 22:24:03 UTC 2020 /home/travis/build/icyphy/ptII/ptolemy/domains/modal/test/auto/InitialImmediateTransition.xml
----------------- Instantiating /home/travis/build/icyphy/ptII/ptolemy/domains/modal/test/auto/InitialImmediateTransition.xml
4 ms. Memory: 236544K Free: 140617K (59%)
----------------- Invoking toplevel() on ptolemy.moml.MoMLSimpleApplication@6fd87b9a
----------------- Done invoking toplevel() on ptolemy.moml.MoMLSimpleApplication@6fd87b9a
reloadAllAccessors: .InitialImmediateTransition

===========================================================================================
----------------- testing Sat Jan 04 22:24:03 UTC 2020 /home/travis/build/icyphy/ptII/ptolemy/domains/modal/test/auto/InitialOutputs.xml
----------------- Instantiating /home/travis/build/icyphy/ptII/ptolemy/domains/modal/test/auto/InitialOutputs.xml
3 ms. Memory: 236544K Free: 134480K (57%)
----------------- Invoking toplevel() on ptolemy.moml.MoMLSimpleApplication@41263ae5
----------------- Done invoking toplevel() on ptolemy.moml.MoMLSimpleApplication@41263ae5
reloadAllAccessors: .InitialOutputs

===========================================================================================
----------------- testing Sat Jan 04 22:24:03 UTC 2020 /home/travis/build/icyphy/ptII/ptolemy/domains/modal/test/auto/InitialStateTransition1.xml
----------------- Instantiating /home/travis/build/icyphy/ptII/ptolemy/domains/modal/test/auto/InitialStateTransition1.xml
3 ms. Memory: 236544K Free: 127312K (54%)
----------------- Invoking toplevel() on ptolemy.moml.MoMLSimpleApplication@4d0f81f0
----------------- Done invoking toplevel() on ptolemy.moml.MoMLSimpleApplication@4d0f81f0
reloadAllAccessors: .InitialStateTransition1

===========================================================================================
----------------- testing Sat Jan 04 22:24:03 UTC 2020 /home/travis/build/icyphy/ptII/ptolemy/domains/modal/test/auto/InitialStateTransition2.xml
----------------- Instantiating /home/travis/build/icyphy/ptII/ptolemy/domains/modal/test/auto/InitialStateTransition2.xml
.InitialStateTransition2.TestExceptionAttributeNonConstructive: initialize() was not invoked, but wrapup() was.  This is unusual, but not always a problem.  For example, exporting JNLP will do this.
4 ms. Memory: 236544K Free: 120144K (51%)
----------------- Invoking toplevel() on ptolemy.moml.MoMLSimpleApplication@bf09b2e
----------------- Done invoking toplevel() on ptolemy.moml.MoMLSimpleApplication@bf09b2e
reloadAllAccessors: .InitialStateTransition2

===========================================================================================
----------------- testing Sat Jan 04 22:24:03 UTC 2020 /home/travis/build/icyphy/ptII/ptolemy/domains/modal/test/auto/InitialStateTransition3.xml
----------------- Instantiating /home/travis/build/icyphy/ptII/ptolemy/domains/modal/test/auto/InitialStateTransition3.xml
4 ms. Memory: 236544K Free: 111952K (47%)
----------------- Invoking toplevel() on ptolemy.moml.MoMLSimpleApplication@4684c437
----------------- Done invoking toplevel() on ptolemy.moml.MoMLSimpleApplication@4684c437
reloadAllAccessors: .InitialStateTransition3

===========================================================================================
----------------- testing Sat Jan 04 22:24:03 UTC 2020 /home/travis/build/icyphy/ptII/ptolemy/domains/modal/test/auto/InitialStateTransition4.xml
----------------- Instantiating /home/travis/build/icyphy/ptII/ptolemy/domains/modal/test/auto/InitialStateTransition4.xml
3 ms. Memory: 236544K Free: 102226K (43%)
----------------- Invoking toplevel() on ptolemy.moml.MoMLSimpleApplication@adca23b
----------------- Done invoking toplevel() on ptolemy.moml.MoMLSimpleApplication@adca23b
[...]
reloadAllAccessors: .TerminationTransition3

===========================================================================================
----------------- testing Sat Jan 04 22:24:05 UTC 2020 /home/travis/build/icyphy/ptII/ptolemy/domains/modal/test/auto/TerminationTransition4.xml
----------------- Instantiating /home/travis/build/icyphy/ptII/ptolemy/domains/modal/test/auto/TerminationTransition4.xml
5 ms. Memory: 284672K Free: 163349K (57%)
----------------- Invoking toplevel() on ptolemy.moml.MoMLSimpleApplication@4694f1ac
----------------- Done invoking toplevel() on ptolemy.moml.MoMLSimpleApplication@4694f1ac
reloadAllAccessors: .TerminationTransition4

===========================================================================================
----------------- testing Sat Jan 04 22:24:05 UTC 2020 /home/travis/build/icyphy/ptII/ptolemy/domains/modal/test/auto/TerminationTransition5.xml
----------------- Instantiating /home/travis/build/icyphy/ptII/ptolemy/domains/modal/test/auto/TerminationTransition5.xml
2 ms. Memory: 284672K Free: 149527K (53%)
----------------- Invoking toplevel() on ptolemy.moml.MoMLSimpleApplication@2665ca69
----------------- Done invoking toplevel() on ptolemy.moml.MoMLSimpleApplication@2665ca69
reloadAllAccessors: .TerminationTransition5

===========================================================================================
----------------- testing Sat Jan 04 22:24:05 UTC 2020 /home/travis/build/icyphy/ptII/ptolemy/domains/modal/test/auto/TerminationTransition6.xml
----------------- Instantiating /home/travis/build/icyphy/ptII/ptolemy/domains/modal/test/auto/TerminationTransition6.xml
2 ms. Memory: 284672K Free: 140821K (49%)
----------------- Invoking toplevel() on ptolemy.moml.MoMLSimpleApplication@5e4a5537
----------------- Done invoking toplevel() on ptolemy.moml.MoMLSimpleApplication@5e4a5537
reloadAllAccessors: .TerminationTransition6

===========================================================================================
----------------- testing Sat Jan 04 22:24:05 UTC 2020 /home/travis/build/icyphy/ptII/ptolemy/domains/modal/test/auto/TerminationTransition7.xml
----------------- Instantiating /home/travis/build/icyphy/ptII/ptolemy/domains/modal/test/auto/TerminationTransition7.xml
2 ms. Memory: 284672K Free: 131605K (46%)
----------------- Invoking toplevel() on ptolemy.moml.MoMLSimpleApplication@7ecbae02
----------------- Done invoking toplevel() on ptolemy.moml.MoMLSimpleApplication@7ecbae02
reloadAllAccessors: .TerminationTransition7

===========================================================================================
----------------- testing Sat Jan 04 22:24:05 UTC 2020 /home/travis/build/icyphy/ptII/ptolemy/domains/modal/test/auto/TerminationTransition8.xml
----------------- Instantiating /home/travis/build/icyphy/ptII/ptolemy/domains/modal/test/auto/TerminationTransition8.xml
1 ms. Memory: 284672K Free: 122389K (43%)
----------------- Invoking toplevel() on ptolemy.moml.MoMLSimpleApplication@7ece0343
----------------- Done invoking toplevel() on ptolemy.moml.MoMLSimpleApplication@7ece0343
reloadAllAccessors: .TerminationTransition8

===========================================================================================
----------------- testing Sat Jan 04 22:24:05 UTC 2020 /home/travis/build/icyphy/ptII/ptolemy/domains/modal/test/auto/Thermostat_NoHysteresis.xml
----------------- Instantiating /home/travis/build/icyphy/ptII/ptolemy/domains/modal/test/auto/Thermostat_NoHysteresis.xml
62 ms. Memory: 284672K Free: 262878K (92%)
----------------- Invoking toplevel() on ptolemy.moml.MoMLSimpleApplication@72a04d6a
----------------- Done invoking toplevel() on ptolemy.moml.MoMLSimpleApplication@72a04d6a
reloadAllAccessors: .Thermostat_NoHysteresis

===========================================================================================
----------------- testing Sat Jan 04 22:24:05 UTC 2020 /home/travis/build/icyphy/ptII/ptolemy/domains/modal/test/auto/TimedFSM.xml
----------------- Instantiating /home/travis/build/icyphy/ptII/ptolemy/domains/modal/test/auto/TimedFSM.xml
8 ms. Memory: 284672K Free: 250448K (88%)
----------------- Invoking toplevel() on ptolemy.moml.MoMLSimpleApplication@706a0535
----------------- Done invoking toplevel() on ptolemy.moml.MoMLSimpleApplication@706a0535
reloadAllAccessors: .TimedFSM

===========================================================================================
----------------- testing Sat Jan 04 22:24:05 UTC 2020 /home/travis/build/icyphy/ptII/ptolemy/domains/modal/test/auto/Timeout1.xml
----------------- Instantiating /home/travis/build/icyphy/ptII/ptolemy/domains/modal/test/auto/Timeout1.xml
2 ms. Memory: 284672K Free: 244818K (86%)
----------------- Invoking toplevel() on ptolemy.moml.MoMLSimpleApplication@33b369b0
----------------- Done invoking toplevel() on ptolemy.moml.MoMLSimpleApplication@33b369b0
reloadAllAccessors: .Timeout1

===========================================================================================
----------------- testing Sat Jan 04 22:24:05 UTC 2020 /home/travis/build/icyphy/ptII/ptolemy/domains/modal/test/auto/Timeout2.xml
----------------- Instantiating /home/travis/build/icyphy/ptII/ptolemy/domains/modal/test/auto/Timeout2.xml
7 ms. Memory: 284672K Free: 236098K (83%)
----------------- Invoking toplevel() on ptolemy.moml.MoMLSimpleApplication@2468d368
----------------- Done invoking toplevel() on ptolemy.moml.MoMLSimpleApplication@2468d368
reloadAllAccessors: .Timeout2

===========================================================================================
----------------- testing Sat Jan 04 22:24:06 UTC 2020 /home/travis/build/icyphy/ptII/ptolemy/domains/modal/test/auto/Timeout3.xml
----------------- Instantiating /home/travis/build/icyphy/ptII/ptolemy/domains/modal/test/auto/Timeout3.xml
1 ms. Memory: 284672K Free: 230992K (81%)
----------------- Invoking toplevel() on ptolemy.moml.MoMLSimpleApplication@4dca13c7
----------------- Done invoking toplevel() on ptolemy.moml.MoMLSimpleApplication@4dca13c7
reloadAllAccessors: .Timeout3

===========================================================================================
----------------- testing Sat Jan 04 22:24:06 UTC 2020 /home/travis/build/icyphy/ptII/ptolemy/domains/modal/test/auto/Timeout4.xml
----------------- Instantiating /home/travis/build/icyphy/ptII/ptolemy/domains/modal/test/auto/Timeout4.xml
2 ms. Memory: 284672K Free: 225858K (79%)
----------------- Invoking toplevel() on ptolemy.moml.MoMLSimpleApplication@753c28df
----------------- Done invoking toplevel() on ptolemy.moml.MoMLSimpleApplication@753c28df
reloadAllAccessors: .Timeout4

===========================================================================================
----------------- testing Sat Jan 04 22:24:06 UTC 2020 /home/travis/build/icyphy/ptII/ptolemy/domains/modal/test/auto/TransientstateModelAdvanced.xml
----------------- Instantiating /home/travis/build/icyphy/ptII/ptolemy/domains/modal/test/auto/TransientstateModelAdvanced.xml
2 ms. Memory: 284672K Free: 213578K (75%)
----------------- Invoking toplevel() on ptolemy.moml.MoMLSimpleApplication@6b0bd419
----------------- Done invoking toplevel() on ptolemy.moml.MoMLSimpleApplication@6b0bd419
reloadAllAccessors: .TransientstateModelAdvanced

===========================================================================================
----------------- testing Sat Jan 04 22:24:06 UTC 2020 /home/travis/build/icyphy/ptII/ptolemy/domains/modal/test/auto/TransientstateModelAdvanced2.xml
----------------- Instantiating /home/travis/build/icyphy/ptII/ptolemy/domains/modal/test/auto/TransientstateModelAdvanced2.xml
3 ms. Memory: 284672K Free: 199234K (70%)
----------------- Invoking toplevel() on ptolemy.moml.MoMLSimpleApplication@54f093b2
----------------- Done invoking toplevel() on ptolemy.moml.MoMLSimpleApplication@54f093b2
reloadAllAccessors: .transientstatemodelAdvanced

===========================================================================================
----------------- testing Sat Jan 04 22:24:06 UTC 2020 /home/travis/build/icyphy/ptII/ptolemy/domains/modal/test/auto/TransitionRefinements.xml
----------------- Instantiating /home/travis/build/icyphy/ptII/ptolemy/domains/modal/test/auto/TransitionRefinements.xml
6 ms. Memory: 284672K Free: 189522K (67%)
----------------- Invoking toplevel() on ptolemy.moml.MoMLSimpleApplication@665f0f77
----------------- Done invoking toplevel() on ptolemy.moml.MoMLSimpleApplication@665f0f77
reloadAllAccessors: .TransitionRefinements

===========================================================================================
----------------- testing Sat Jan 04 22:24:06 UTC 2020 /home/travis/build/icyphy/ptII/ptolemy/domains/modal/test/auto/TwoRefinements1.xml
----------------- Instantiating /home/travis/build/icyphy/ptII/ptolemy/domains/modal/test/auto/TwoRefinements1.xml
2 ms. Memory: 284672K Free: 179792K (63%)
----------------- Invoking toplevel() on ptolemy.moml.MoMLSimpleApplication@19bee5d1
----------------- Done invoking toplevel() on ptolemy.moml.MoMLSimpleApplication@19bee5d1
reloadAllAccessors: .TwoRefinements1

===========================================================================================
----------------- testing Sat Jan 04 22:24:06 UTC 2020 /home/travis/build/icyphy/ptII/ptolemy/domains/modal/test/auto/TwoRefinements2.xml
----------------- Instantiating /home/travis/build/icyphy/ptII/ptolemy/domains/modal/test/auto/TwoRefinements2.xml
2 ms. Memory: 284672K Free: 169552K (60%)
----------------- Invoking toplevel() on ptolemy.moml.MoMLSimpleApplication@4714300d
----------------- Done invoking toplevel() on ptolemy.moml.MoMLSimpleApplication@4714300d
reloadAllAccessors: .TwoRefinements2

===========================================================================================
----------------- testing Sat Jan 04 22:24:06 UTC 2020 /home/travis/build/icyphy/ptII/ptolemy/domains/modal/test/auto/WeakImmediateTransition.xml
----------------- Instantiating /home/travis/build/icyphy/ptII/ptolemy/domains/modal/test/auto/WeakImmediateTransition.xml
3 ms. Memory: 284672K Free: 160850K (57%)
----------------- Invoking toplevel() on ptolemy.moml.MoMLSimpleApplication@c14ab49
----------------- Done invoking toplevel() on ptolemy.moml.MoMLSimpleApplication@c14ab49
reloadAllAccessors: .WeakImmediateTransition

===========================================================================================
----------------- testing Sat Jan 04 22:24:06 UTC 2020 /home/travis/build/icyphy/ptII/ptolemy/domains/modal/test/auto/booleanSelect.xml
----------------- Instantiating /home/travis/build/icyphy/ptII/ptolemy/domains/modal/test/auto/booleanSelect.xml
43 ms. Memory: 284672K Free: 142418K (50%)
----------------- Invoking toplevel() on ptolemy.moml.MoMLSimpleApplication@5530f1a9
----------------- Done invoking toplevel() on ptolemy.moml.MoMLSimpleApplication@5530f1a9
reloadAllAccessors: .booleanSelect

===========================================================================================
----------------- testing Sat Jan 04 22:24:06 UTC 2020 /home/travis/build/icyphy/ptII/ptolemy/domains/modal/test/auto/modalChangingParams.xml
----------------- Instantiating /home/travis/build/icyphy/ptII/ptolemy/domains/modal/test/auto/modalChangingParams.xml
0
1
0
2
4
6
8
7
0
2
4
6
8
13
0
2
4
6
8
19
0
2
4
6
8
25
0
2
4
6
8
31
0
2
4
6
8
37
0
2
4
6
8
43
0
2
4
6
8
49
0
2
4
6
8
55
0
2
4
6
8
61
0
2
4
6
8
67
0
2
4
6
8
73
0
2
4
6
8
79
0
2
4
6
8
85
0
2
4
6
8
91
0
2
4
6
8
97
0
2
4
6
8
103
0
2
4
6
8
109
0
2
4
6
8
115
0
2
4
6
8
121
0
2
4
6
8
127
0
2
4
6
8
133
0
2
4
6
8
139
0
2
4
6
8
145
0
2
4
6
8
151
0
2
4
6
8
157
0
2
4
6
8
163
0
2
4
6
8
169
0
2
4
6
8
175
0
2
4
6
8
181
0
2
4
6
8
187
0
2
4
6
8
193
0
2
4
6
8
199
0
2
4
6
8
205
0
2
4
6
8
211
0
2
4
6
8
217
0
2
4
6
8
223
0
2
4
6
8
229
0
2
4
6
8
235
0
2
4
6
8
241
0
2
4
6
8
247
0
2
4
6
8
253
0
2
4
6
8
259
0
2
4
6
8
265
0
2
4
6
8
271
0
2
4
6
8
277
0
2
4
6
8
283
0
2
4
6
8
289
0
2
4
6
8
295
0
2
4
6
8
301
0
2
4
6
8
307
0
2
4
6
8
313
0
2
4
6
8
319
0
2
4
6
8
325
0
2
4
6
8
331
0
2
4
6
8
337
0
2
4
6
8
343
0
2
4
6
8
349
0
2
4
6
8
355
0
2
4
6
8
361
0
2
4
6
8
367
0
2
4
6
8
373
0
2
4
6
8
379
0
2
4
6
8
385
0
2
4
6
8
391
0
2
4
6
8
397
0
2
4
6
8
403
0
2
4
6
8
409
0
2
4
6
8
415
0
2
4
6
8
421
0
2
4
6
8
427
0
2
4
6
8
433
0
2
4
6
8
439
0
2
4
6
8
445
0
2
4
6
8
451
0
2
4
6
8
457
0
2
4
6
8
463
0
2
4
6
8
469
0
2
4
6
8
475
0
2
4
6
8
481
0
2
4
6
8
487
0
2
4
6
8
493
0
2
4
6
8
499
0
2
4
6
8
505
0
2
4
6
8
511
0
2
4
6
8
517
0
2
4
6
8
523
0
2
4
6
8
529
0
2
4
6
8
535
0
2
4
6
8
541
0
2
4
6
8
547
0
2
4
6
8
553
0
2
4
6
8
559
0
2
4
6
8
565
0
2
4
6
8
571
0
2
4
6
8
577
0
2
4
6
8
583
0
2
4
6
8
589
0
2
4
6
8
595
0
2
4
6
8
601
0
2
4
6
8
607
0
2
4
6
8
613
0
2
4
6
8
619
0
2
4
6
8
625
0
2
4
6
8
631
0
2
4
6
8
637
0
2
4
6
8
643
0
2
4
6
8
649
0
2
4
6
8
655
0
2
4
6
8
661
0
2
4
6
8
667
0
2
4
6
8
673
0
2
4
6
8
679
0
2
4
6
8
685
0
2
4
6
8
691
0
2
4
6
8
697
0
2
4
6
8
703
0
2
4
6
8
709
0
2
4
6
8
715
0
2
4
6
8
721
0
2
4
6
8
727
0
2
4
6
8
733
0
2
4
6
8
739
0
2
4
6
8
745
0
2
4
6
8
751
0
2
4
6
8
757
0
2
4
6
8
763
0
2
4
6
8
769
0
2
4
6
8
775
0
2
4
6
8
781
0
2
4
6
8
787
0
2
4
6
8
793
0
2
4
6
8
799
0
2
4
6
8
805
0
2
4
6
8
811
0
2
4
6
8
817
0
2
4
6
8
823
0
2
4
6
8
829
0
2
4
6
8
835
0
2
4
6
8
841
0
2
4
6
8
847
0
2
4
6
8
853
0
2
4
6
8
859
0
2
4
6
8
865
0
2
4
6
8
871
0
2
4
6
8
877
0
2
4
6
8
883
0
2
4
6
8
889
0
2
4
6
8
895
0
2
4
6
8
901
0
2
4
6
8
907
0
2
4
6
8
913
0
2
4
6
8
919
0
2
4
6
8
925
0
2
4
6
8
931
0
2
4
6
8
937
0
2
4
6
8
943
0
2
4
6
8
949
0
2
4
6
8
955
0
2
4
6
8
961
0
2
4
6
8
967
0
2
4
6
8
973
0
2
4
6
8
979
0
2
4
6
8
985
0
2
4
6
8
991
0
2
4
6
8
997
0
2
322 ms. Memory: 347136K Free: 256094K (74%)
----------------- Invoking toplevel() on ptolemy.moml.MoMLSimpleApplication@562e8a52
----------------- Done invoking toplevel() on ptolemy.moml.MoMLSimpleApplication@562e8a52
reloadAllAccessors: .modalChangingParams

===========================================================================================
----------------- testing Sat Jan 04 22:24:06 UTC 2020 /home/travis/build/icyphy/ptII/ptolemy/domains/modal/test/auto/modalModel.xml
----------------- Instantiating /home/travis/build/icyphy/ptII/ptolemy/domains/modal/test/auto/modalModel.xml
4 ms. Memory: 347136K Free: 246878K (71%)
----------------- Invoking toplevel() on ptolemy.moml.MoMLSimpleApplication@5e145908
----------------- Done invoking toplevel() on ptolemy.moml.MoMLSimpleApplication@5e145908
reloadAllAccessors: .modalModel

===========================================================================================
----------------- testing Sat Jan 04 22:24:06 UTC 2020 /home/travis/build/icyphy/ptII/ptolemy/domains/modal/test/auto/modalModel2.xml
----------------- Instantiating /home/travis/build/icyphy/ptII/ptolemy/domains/modal/test/auto/modalModel2.xml
8 ms. Memory: 347136K Free: 236110K (68%)
----------------- Invoking toplevel() on ptolemy.moml.MoMLSimpleApplication@5f0cd0fc
----------------- Done invoking toplevel() on ptolemy.moml.MoMLSimpleApplication@5f0cd0fc
reloadAllAccessors: .modalModel2

===========================================================================================
----------------- testing Sat Jan 04 22:24:06 UTC 2020 /home/travis/build/icyphy/ptII/ptolemy/domains/modal/test/auto/modalModel3.xml
----------------- Instantiating /home/travis/build/icyphy/ptII/ptolemy/domains/modal/test/auto/modalModel3.xml
0	0	0
1	0	1
4	2	2
7	4	3
10	6	4
5	0	5
8	2	6
11	4	7
14	6	8
9	0	9
12	2	10
15	4	11
18	6	12
13	0	13
16	2	14
15 ms. Memory: 347136K Free: 221774K (64%)
----------------- Invoking toplevel() on ptolemy.moml.MoMLSimpleApplication@653a3ad7
----------------- Done invoking toplevel() on ptolemy.moml.MoMLSimpleApplication@653a3ad7
reloadAllAccessors: .modalModel3

===========================================================================================
----------------- testing Sat Jan 04 22:24:06 UTC 2020 /home/travis/build/icyphy/ptII/ptolemy/domains/modal/test/auto/model1.xml
----------------- Instantiating /home/travis/build/icyphy/ptII/ptolemy/domains/modal/test/auto/model1.xml
12 ms. Memory: 347136K Free: 216158K (62%)
----------------- Invoking toplevel() on ptolemy.moml.MoMLSimpleApplication@ea7279b
----------------- Done invoking toplevel() on ptolemy.moml.MoMLSimpleApplication@ea7279b
reloadAllAccessors: .model1

===========================================================================================
----------------- testing Sat Jan 04 22:24:06 UTC 2020 /home/travis/build/icyphy/ptII/ptolemy/domains/modal/test/auto/test-direct-in-out.xml
----------------- Instantiating /home/travis/build/icyphy/ptII/ptolemy/domains/modal/test/auto/test-direct-in-out.xml
5 ms. Memory: 347136K Free: 208470K (60%)
----------------- Invoking toplevel() on ptolemy.moml.MoMLSimpleApplication@273dc2c3
----------------- Done invoking toplevel() on ptolemy.moml.MoMLSimpleApplication@273dc2c3
reloadAllAccessors: .test-direct-in-out
AutoTests.java: About to close Vertx.
AutoTests.java: Vertx closed.
]]></system-out>
  <system-err><![CDATA[java.lang.RuntimeException: Execution failed
	at ptolemy.moml.MoMLSimpleApplication$UnloadThread.run(MoMLSimpleApplication.java:402)
Caused by: ptolemy.kernel.util.IllegalActionException: Unknown inputs remain. Possible causality loop:
L_model_1893289564i

  in .CannotAnalysisWithPreemption.model_1893289564_region_1 and .CannotAnalysisWithPreemption.model_1893289564_region_1.L_model_1893289564i
	at ptolemy.actor.sched.FixedPointDirector.postfire(FixedPointDirector.java:515)
	at ptolemy.domains.sr.kernel.SRDirector.postfire(SRDirector.java:417)
	at ptolemy.actor.CompositeActor.postfire(CompositeActor.java:1668)
	at ptolemy.actor.Manager.iterate(Manager.java:852)
	at ptolemy.actor.Manager.execute(Manager.java:369)
	at ptolemy.actor.Manager.run(Manager.java:1263)
	at ptolemy.actor.Manager$PtolemyRunThread.run(Manager.java:1933)
java.lang.reflect.InvocationTargetException
	at java.base/jdk.internal.reflect.NativeConstructorAccessorImpl.newInstance0(Native Method)
	at java.base/jdk.internal.reflect.NativeConstructorAccessorImpl.newInstance(NativeConstructorAccessorImpl.java:62)
	at java.base/jdk.internal.reflect.DelegatingConstructorAccessorImpl.newInstance(DelegatingConstructorAccessorImpl.java:45)
	at java.base/java.lang.reflect.Constructor.newInstance(Constructor.java:490)
	at ptolemy.util.test.junit.AutoKnownFailedTests.RunModel(AutoKnownFailedTests.java:105)
	at java.base/jdk.internal.reflect.NativeMethodAccessorImpl.invoke0(Native Method)
	at java.base/jdk.internal.reflect.NativeMethodAccessorImpl.invoke(NativeMethodAccessorImpl.java:62)
	at java.base/jdk.internal.reflect.DelegatingMethodAccessorImpl.invoke(DelegatingMethodAccessorImpl.java:43)
	at java.base/java.lang.reflect.Method.invoke(Method.java:566)
	at org.junit.runners.model.FrameworkMethod$1.runReflectiveCall(FrameworkMethod.java:44)
	at org.junit.internal.runners.model.ReflectiveCallable.run(ReflectiveCallable.java:15)
	at org.junit.runners.model.FrameworkMethod.invokeExplosively(FrameworkMethod.java:41)
	at junitparams.internal.InvokeParameterisedMethod.evaluate(InvokeParameterisedMethod.java:102)
	at org.junit.internal.runners.statements.FailOnTimeout$1.run(FailOnTimeout.java:28)
Caused by: ptolemy.kernel.util.IllegalActionException: Unknown inputs remain. Possible causality loop:
L_model_1893289564i

  in .CannotAnalysisWithPreemption.model_1893289564_region_1 and .CannotAnalysisWithPreemption.model_1893289564_region_1.L_model_1893289564i
	at ptolemy.actor.sched.FixedPointDirector.postfire(FixedPointDirector.java:515)
	at ptolemy.domains.sr.kernel.SRDirector.postfire(SRDirector.java:417)
	at ptolemy.actor.CompositeActor.postfire(CompositeActor.java:1668)
	at ptolemy.actor.Manager.iterate(Manager.java:852)
	at ptolemy.actor.Manager.execute(Manager.java:369)
	at ptolemy.actor.Manager.run(Manager.java:1263)
	at ptolemy.actor.Manager$PtolemyRunThread.run(Manager.java:1933)
]]></system-err>
</testsuite>
