<?xml version="1.0" encoding="UTF-8" ?>
<testsuite errors="0" failures="0" hostname="travis-job-abbc3d08-ef38-4282-8fc1-aec8935e1384" name="ptolemy.vergil.basic.export.test.junit.ExportModelJUnitTestBatch2" skipped="0" tests="60" time="2146.474" timestamp="2019-11-10T07:00:43">
  <properties>
[...]
</properties>
  <testcase classname="ptolemy.vergil.basic.export.test.junit.ExportModelJUnitTestBatch2" name="[0] ptolemy/actor/lib/javasound/demo/KarplusStrong/KarplusStrong.xml (RunExportModel)" time="6.661" />
  <testcase classname="ptolemy.vergil.basic.export.test.junit.ExportModelJUnitTestBatch2" name="[1] ptolemy/actor/lib/jjs/demo/Factorial/Factorial.xml (RunExportModel)" time="23.352" />
  <testcase classname="ptolemy.vergil.basic.export.test.junit.ExportModelJUnitTestBatch2" name="[2] ptolemy/actor/lib/jjs/demo/JavaScriptShell/JavaScriptShell.xml (RunExportModel)" time="11.634" />
  <testcase classname="ptolemy.vergil.basic.export.test.junit.ExportModelJUnitTestBatch2" name="[3] ptolemy/actor/lib/jjs/demo/ModelBuilder/ModelBuilder.xml (RunExportModel)" time="25.291" />
  <testcase classname="ptolemy.vergil.basic.export.test.junit.ExportModelJUnitTestBatch2" name="[4] ptolemy/actor/lib/jjs/modules/aprilTags/demo/AprilTags/AprilTags.xml (RunExportModel)" time="48.539" />
  <testcase classname="ptolemy.vergil.basic.export.test.junit.ExportModelJUnitTestBatch2" name="[5] ptolemy/actor/lib/jjs/modules/aprilTags/demo/Kubi/Kubi.xml (RunExportModel)" time="57.142" />
  <testcase classname="ptolemy.vergil.basic.export.test.junit.ExportModelJUnitTestBatch2" name="[6] ptolemy/actor/lib/jjs/modules/audio/demo/Audio/Audio.xml (RunExportModel)" time="8.3" />
  <testcase classname="ptolemy.vergil.basic.export.test.junit.ExportModelJUnitTestBatch2" name="[7] ptolemy/actor/lib/jjs/modules/audio/demo/Audio/AudioCapture.xml (RunExportModel)" time="12.043" />
  <testcase classname="ptolemy.vergil.basic.export.test.junit.ExportModelJUnitTestBatch2" name="[8] ptolemy/actor/lib/jjs/modules/audio/demo/Audio/AudioClipPlayer.xml (RunExportModel)" time="10.619" />
  <testcase classname="ptolemy.vergil.basic.export.test.junit.ExportModelJUnitTestBatch2" name="[9] ptolemy/actor/lib/jjs/modules/audio/demo/Audio/AudioRecorder.xml (RunExportModel)" time="15.493" />
  <testcase classname="ptolemy.vergil.basic.export.test.junit.ExportModelJUnitTestBatch2" name="[10] ptolemy/actor/lib/jjs/modules/audio/demo/Audio/AudioSynthesis.xml (RunExportModel)" time="13.827" />
  <testcase classname="ptolemy.vergil.basic.export.test.junit.ExportModelJUnitTestBatch2" name="[11] ptolemy/actor/lib/jjs/modules/audio/demo/Audio/SpeechSynthesis.xml (RunExportModel)" time="49.03" />
  <testcase classname="ptolemy.vergil.basic.export.test.junit.ExportModelJUnitTestBatch2" name="[12] ptolemy/actor/lib/jjs/modules/cameras/demo/Camera/Camera.xml (RunExportModel)" time="46.582" />
  <testcase classname="ptolemy.vergil.basic.export.test.junit.ExportModelJUnitTestBatch2" name="[13] ptolemy/actor/lib/jjs/modules/cameras/demo/Camera/CaptureOpenLoop.xml (RunExportModel)" time="40.555" />
  <testcase classname="ptolemy.vergil.basic.export.test.junit.ExportModelJUnitTestBatch2" name="[14] ptolemy/actor/lib/jjs/modules/cameras/demo/CameraWebSocket/CameraWebSocket.xml (RunExportModel)" time="46.906" />
  <testcase classname="ptolemy.vergil.basic.export.test.junit.ExportModelJUnitTestBatch2" name="[15] ptolemy/actor/lib/jjs/modules/cameras/demo/Foscam/Foscam.xml (RunExportModel)" time="42.018" />
  <testcase classname="ptolemy.vergil.basic.export.test.junit.ExportModelJUnitTestBatch2" name="[16] ptolemy/actor/lib/jjs/modules/computerVision/demo/ComputerVision/ComputerVision.xml (RunExportModel)" time="82.749" />
  <testcase classname="ptolemy.vergil.basic.export.test.junit.ExportModelJUnitTestBatch2" name="[17] ptolemy/actor/lib/jjs/modules/contextAware/demo/ContextAware/ContextAware.xml (RunExportModel)" time="11.124" />
  <testcase classname="ptolemy.vergil.basic.export.test.junit.ExportModelJUnitTestBatch2" name="[18] ptolemy/actor/lib/jjs/modules/crypto/demo/AsymmetricEncrypt/AsymmetricEncrypt.xml (RunExportModel)" time="70.6" />
  <testcase classname="ptolemy.vergil.basic.export.test.junit.ExportModelJUnitTestBatch2" name="[19] ptolemy/actor/lib/jjs/modules/crypto/demo/MessageDigest/MessageDigest.xml (RunExportModel)" time="41.212" />
  <testcase classname="ptolemy.vergil.basic.export.test.junit.ExportModelJUnitTestBatch2" name="[20] ptolemy/actor/lib/jjs/modules/crypto/demo/RandomBytes/RandomBytes.xml (RunExportModel)" time="17.981" />
  <testcase classname="ptolemy.vergil.basic.export.test.junit.ExportModelJUnitTestBatch2" name="[21] ptolemy/actor/lib/jjs/modules/crypto/demo/SymmetricEncrypt/SymmetricEncrypt.xml (RunExportModel)" time="30.452" />
  <testcase classname="ptolemy.vergil.basic.export.test.junit.ExportModelJUnitTestBatch2" name="[22] ptolemy/actor/lib/jjs/modules/discovery/demo/Discovery/Discovery.xml (RunExportModel)" time="8.228" />
  <testcase classname="ptolemy.vergil.basic.export.test.junit.ExportModelJUnitTestBatch2" name="[23] ptolemy/actor/lib/jjs/modules/discovery/demo/Discovery/DiscoveryJS.xml (RunExportModel)" time="33.377" />
  <testcase classname="ptolemy.vergil.basic.export.test.junit.ExportModelJUnitTestBatch2" name="[24] ptolemy/actor/lib/jjs/modules/discovery/demo/Discovery/PopulateSwarmboxMap.xml (RunExportModel)" time="79.635" />
  <testcase classname="ptolemy.vergil.basic.export.test.junit.ExportModelJUnitTestBatch2" name="[25] ptolemy/actor/lib/jjs/modules/discovery/demo/Discovery/PostSwarmboxDevices.xml (RunExportModel)" time="45.387" />
  <testcase classname="ptolemy.vergil.basic.export.test.junit.ExportModelJUnitTestBatch2" name="[26] ptolemy/actor/lib/jjs/modules/discovery/demo/Heartbeat/Heartbeat.xml (RunExportModel)" time="36.628" />
  <testcase classname="ptolemy.vergil.basic.export.test.junit.ExportModelJUnitTestBatch2" name="[27] ptolemy/actor/lib/jjs/modules/dsp/demo/AudioFFT/AudioFFT.xml (RunExportModel)" time="14.887" />
  <testcase classname="ptolemy.vergil.basic.export.test.junit.ExportModelJUnitTestBatch2" name="[28] ptolemy/actor/lib/jjs/modules/dsp/demo/AudioFFT/SinusoidFFT.xml (RunExportModel)" time="21.429" />
  <testcase classname="ptolemy.vergil.basic.export.test.junit.ExportModelJUnitTestBatch2" name="[29] ptolemy/actor/lib/jjs/modules/eventbus/demo/VertxBus/VertxBus.xml (RunExportModel)" time="32.833" />
  <testcase classname="ptolemy.vergil.basic.export.test.junit.ExportModelJUnitTestBatch2" name="[30] ptolemy/actor/lib/jjs/modules/eventbus/demo/VertxChat/VertxChat.xml (RunExportModel)" time="17.514" />
  <testcase classname="ptolemy.vergil.basic.export.test.junit.ExportModelJUnitTestBatch2" name="[31] ptolemy/actor/lib/jjs/modules/faceDetector/demo/FaceDetector/FaceDetector.xml (RunExportModel)" time="17.018" />
  <testcase classname="ptolemy.vergil.basic.export.test.junit.ExportModelJUnitTestBatch2" name="[32] ptolemy/actor/lib/jjs/modules/faceDetector/demo/FaceDetectorCamera/FaceDetectorCamera.xml (RunExportModel)" time="44.513" />
  <testcase classname="ptolemy.vergil.basic.export.test.junit.ExportModelJUnitTestBatch2" name="[33] ptolemy/actor/lib/jjs/modules/faceDetector/demo/OccupancyCount/OccupancyCount.xml (RunExportModel)" time="43.245" />
  <testcase classname="ptolemy.vergil.basic.export.test.junit.ExportModelJUnitTestBatch2" name="[34] ptolemy/actor/lib/jjs/modules/httpClient/demo/REST/REST.xml (RunExportModel)" time="8.192" />
  <testcase classname="ptolemy.vergil.basic.export.test.junit.ExportModelJUnitTestBatch2" name="[35] ptolemy/actor/lib/jjs/modules/httpClient/demo/REST/RESTSimple.xml (RunExportModel)" time="16.629" />
  <testcase classname="ptolemy.vergil.basic.export.test.junit.ExportModelJUnitTestBatch2" name="[36] ptolemy/actor/lib/jjs/modules/httpClient/demo/REST/Weather.xml (RunExportModel)" time="14.51" />
  <testcase classname="ptolemy.vergil.basic.export.test.junit.ExportModelJUnitTestBatch2" name="[37] ptolemy/actor/lib/jjs/modules/httpServer/demo/HttpServer/HttpServer.xml (RunExportModel)" time="41.233" />
  <testcase classname="ptolemy.vergil.basic.export.test.junit.ExportModelJUnitTestBatch2" name="[38] ptolemy/actor/lib/jjs/modules/httpServer/demo/KeyValueStoreClient/KeyValueStoreClient.xml (RunExportModel)" time="45.546" />
  <testcase classname="ptolemy.vergil.basic.export.test.junit.ExportModelJUnitTestBatch2" name="[39] ptolemy/actor/lib/jjs/modules/httpServer/demo/KeyValueStoreClient/KeyValueStoreServer.xml (RunExportModel)" time="53.705" />
  <testcase classname="ptolemy.vergil.basic.export.test.junit.ExportModelJUnitTestBatch2" name="[40] ptolemy/actor/lib/jjs/modules/httpServer/demo/KeyValueStoreClient/KeyValueStoreServerTerra.xml (RunExportModel)" time="55.835" />
  <testcase classname="ptolemy.vergil.basic.export.test.junit.ExportModelJUnitTestBatch2" name="[41] ptolemy/actor/lib/jjs/modules/httpServer/demo/WebServer/WebServer.xml (RunExportModel)" time="49.885" />
  <testcase classname="ptolemy.vergil.basic.export.test.junit.ExportModelJUnitTestBatch2" name="[42] ptolemy/actor/lib/jjs/modules/imageFilters/demo/ImageAnnotate/ImageAnnotate.xml (RunExportModel)" time="46.154" />
  <testcase classname="ptolemy.vergil.basic.export.test.junit.ExportModelJUnitTestBatch2" name="[43] ptolemy/actor/lib/jjs/modules/imageFilters/demo/ImageFilters/Annotate.xml (RunExportModel)" time="41.55" />
  <testcase classname="ptolemy.vergil.basic.export.test.junit.ExportModelJUnitTestBatch2" name="[44] ptolemy/actor/lib/jjs/modules/imageFilters/demo/ImageFilters/Average.xml (RunExportModel)" time="41.811" />
  <testcase classname="ptolemy.vergil.basic.export.test.junit.ExportModelJUnitTestBatch2" name="[45] ptolemy/actor/lib/jjs/modules/imageFilters/demo/ImageFilters/BicubicScale.xml (RunExportModel)" time="43.382" />
  <testcase classname="ptolemy.vergil.basic.export.test.junit.ExportModelJUnitTestBatch2" name="[46] ptolemy/actor/lib/jjs/modules/imageFilters/demo/ImageFilters/Block.xml (RunExportModel)" time="41.849" />
  <testcase classname="ptolemy.vergil.basic.export.test.junit.ExportModelJUnitTestBatch2" name="[47] ptolemy/actor/lib/jjs/modules/imageFilters/demo/ImageFilters/Border.xml (RunExportModel)" time="43.521" />
  <testcase classname="ptolemy.vergil.basic.export.test.junit.ExportModelJUnitTestBatch2" name="[48] ptolemy/actor/lib/jjs/modules/imageFilters/demo/ImageFilters/BoxBlur.xml (RunExportModel)" time="43.471" />
  <testcase classname="ptolemy.vergil.basic.export.test.junit.ExportModelJUnitTestBatch2" name="[49] ptolemy/actor/lib/jjs/modules/imageFilters/demo/ImageFilters/Bump.xml (RunExportModel)" time="43.288" />
  <testcase classname="ptolemy.vergil.basic.export.test.junit.ExportModelJUnitTestBatch2" name="[50] ptolemy/actor/lib/jjs/modules/imageFilters/demo/ImageFilters/ChannelMix.xml (RunExportModel)" time="43.03" />
  <testcase classname="ptolemy.vergil.basic.export.test.junit.ExportModelJUnitTestBatch2" name="[51] ptolemy/actor/lib/jjs/modules/imageFilters/demo/ImageFilters/Chrome.xml (RunExportModel)" time="44.021" />
  <testcase classname="ptolemy.vergil.basic.export.test.junit.ExportModelJUnitTestBatch2" name="[52] ptolemy/actor/lib/jjs/modules/imageFilters/demo/ImageFilters/Circle.xml (RunExportModel)" time="43.514" />
  <testcase classname="ptolemy.vergil.basic.export.test.junit.ExportModelJUnitTestBatch2" name="[53] ptolemy/actor/lib/jjs/modules/imageFilters/demo/ImageFilters/ColorHalftone.xml (RunExportModel)" time="44.285" />
  <testcase classname="ptolemy.vergil.basic.export.test.junit.ExportModelJUnitTestBatch2" name="[54] ptolemy/actor/lib/jjs/modules/imageFilters/demo/ImageFilters/Contour.xml (RunExportModel)" time="43.994" />
  <testcase classname="ptolemy.vergil.basic.export.test.junit.ExportModelJUnitTestBatch2" name="[55] ptolemy/actor/lib/jjs/modules/imageFilters/demo/ImageFilters/Contrast.xml (RunExportModel)" time="44.212" />
  <testcase classname="ptolemy.vergil.basic.export.test.junit.ExportModelJUnitTestBatch2" name="[56] ptolemy/actor/lib/jjs/modules/imageFilters/demo/ImageFilters/Crop.xml (RunExportModel)" time="45.502" />
  <testcase classname="ptolemy.vergil.basic.export.test.junit.ExportModelJUnitTestBatch2" name="[57] ptolemy/actor/lib/jjs/modules/imageFilters/demo/ImageFilters/Crystallize.xml (RunExportModel)" time="46.267" />
  <testcase classname="ptolemy.vergil.basic.export.test.junit.ExportModelJUnitTestBatch2" name="[58] ptolemy/actor/lib/jjs/modules/imageFilters/demo/ImageFilters/Gray.xml (RunExportModel)" time="45.791" />
  <testcase classname="ptolemy.vergil.basic.export.test.junit.ExportModelJUnitTestBatch2" name="[59] ptolemy/actor/lib/jjs/modules/imageFilters/demo/ImageFilters/ImageFilters.xml (RunExportModel)" time="8.187" />
  <system-out><![CDATA[ExportModeJUnitTestBatch: There are 741 demos. Exporting demos: 141 to 200.
####### 1 Sun Nov 10 07:00:43 UTC 2019 $PTII/bin/ptinvoke ptolemy.vergil.basic.export.ExportModel -force htm  -openComposites -timeOut 30000 -whiteBackground ptolemy/actor/lib/javasound/demo/KarplusStrong/KarplusStrong.xml $PTII/ptolemy/actor/lib/javasound/demo/KarplusStrong/KarplusStrong
Warning: not running ptolemy/actor/lib/javasound/demo/KarplusStrong/KarplusStrong.xml. See ptolemy/vergil/basic/export/test/junit/ExportModelJUnitTest.java
Exported /home/travis/build/icyphy/ptII/ptolemy/actor/lib/javasound/demo/KarplusStrong/KarplusStrong/index.html
6565 ms. Memory: 120832K Free: 62924K (52%)
####### 2 Sun Nov 10 07:00:49 UTC 2019 $PTII/bin/ptinvoke ptolemy.vergil.basic.export.ExportModel -force htm -run -openComposites -timeOut 30000 -whiteBackground ptolemy/actor/lib/jjs/demo/Factorial/Factorial.xml $PTII/ptolemy/actor/lib/jjs/demo/Factorial/Factorial
----------------- Sun Nov 10 07:00:49 UTC 2019 About to sleep for 5.0 seconds before running or rerunning.  Test is: /home/travis/build/icyphy/ptII/ptolemy/actor/lib/jjs/demo/Factorial/Factorial.xml
Done sleeping
Running .Factorial
5855 ms. Memory: 270336K Free: 157184K (58%)
Exported /home/travis/build/icyphy/ptII/ptolemy/actor/lib/jjs/demo/Factorial/Factorial/index.html
18322 ms. Memory: 270336K Free: 126959K (47%)
####### 3 Sun Nov 10 07:01:13 UTC 2019 $PTII/bin/ptinvoke ptolemy.vergil.basic.export.ExportModel -force htm -run -openComposites -timeOut 30000 -whiteBackground ptolemy/actor/lib/jjs/demo/JavaScriptShell/JavaScriptShell.xml $PTII/ptolemy/actor/lib/jjs/demo/JavaScriptShell/JavaScriptShell
----------------- Sun Nov 10 07:01:13 UTC 2019 About to sleep for 5.0 seconds before running or rerunning.  Test is: /home/travis/build/icyphy/ptII/ptolemy/actor/lib/jjs/demo/JavaScriptShell/JavaScriptShell.xml
Done sleeping
.JavaScriptShell.InteractiveShell invoked SwingUtilities.invokeAndWait()
Model ".JavaScriptShell" contains actors such cannot be run  as part of the export process from ExportModel or it has a WebExportParameters value that runBeforeExport set to false. To export run this model and export it, use vergil.
Exported /home/travis/build/icyphy/ptII/ptolemy/actor/lib/jjs/demo/JavaScriptShell/JavaScriptShell/index.html
6633 ms. Memory: 324608K Free: 225114K (69%)
####### 4 Sun Nov 10 07:01:24 UTC 2019 $PTII/bin/ptinvoke ptolemy.vergil.basic.export.ExportModel -force htm -run -openComposites -timeOut 30000 -whiteBackground ptolemy/actor/lib/jjs/demo/ModelBuilder/ModelBuilder.xml $PTII/ptolemy/actor/lib/jjs/demo/ModelBuilder/ModelBuilder
----------------- Sun Nov 10 07:01:24 UTC 2019 About to sleep for 5.0 seconds before running or rerunning.  Test is: /home/travis/build/icyphy/ptII/ptolemy/actor/lib/jjs/demo/ModelBuilder/ModelBuilder.xml
Done sleeping
Running .ModelBuilder
0
1
2
3
4
5
6
7
8
9
10
11
12
13
14
15
16
17
18
19
20
21
22
23
24
25
26
27
28
29
30
31
32
33
34
35
36
37
38
39
40
41
42
43
44
45
46
47
48
49
50
51
52
53
54
55
56
57
58
59
60
61
62
63
64
65
66
67
68
69
70
71
72
73
74
75
76
77
78
79
80
81
82
83
84
85
86
87
88
89
90
91
92
93
94
95
96
97
98
99
53 ms. Memory: 468992K Free: 370249K (79%)
10350 ms. Memory: 468992K Free: 357444K (76%)
Exported /home/travis/build/icyphy/ptII/ptolemy/actor/lib/jjs/demo/ModelBuilder/ModelBuilder/index.html
20290 ms. Memory: 468992K Free: 299057K (64%)
####### 5 Sun Nov 10 07:01:50 UTC 2019 $PTII/bin/ptinvoke ptolemy.vergil.basic.export.ExportModel -force htm -run -openComposites -timeOut 30000 -whiteBackground ptolemy/actor/lib/jjs/modules/aprilTags/demo/AprilTags/AprilTags.xml $PTII/ptolemy/actor/lib/jjs/modules/aprilTags/demo/AprilTags/AprilTags
----------------- Sun Nov 10 07:01:50 UTC 2019 About to sleep for 5.0 seconds before running or rerunning.  Test is: /home/travis/build/icyphy/ptII/ptolemy/actor/lib/jjs/modules/aprilTags/demo/AprilTags/AprilTags.xml
Done sleeping
JSAccessor: PT_NO_NET environment variable is set, so git pull and ptdoc are not being run.
No physical cameras found, using WebcamDummyDriver.
Running .AprilTags
Manager.initialize() finished: 10764 ms. Memory: 572416K Free: 59902K (10%)
ExportHTMLTimer went off after 30000 ms., calling getDirector().finish and getDirector().stopFire()
30100 ms. Memory: 3275776K Free: 2487200K (76%)
Exported /home/travis/build/icyphy/ptII/ptolemy/actor/lib/jjs/modules/aprilTags/demo/AprilTags/AprilTags/index.html
43538 ms. Memory: 3275776K Free: 2460046K (75%)
####### 6 Sun Nov 10 07:02:38 UTC 2019 $PTII/bin/ptinvoke ptolemy.vergil.basic.export.ExportModel -force htm -run -openComposites -timeOut 30000 -whiteBackground ptolemy/actor/lib/jjs/modules/aprilTags/demo/Kubi/Kubi.xml $PTII/ptolemy/actor/lib/jjs/modules/aprilTags/demo/Kubi/Kubi
----------------- Sun Nov 10 07:02:38 UTC 2019 About to sleep for 5.0 seconds before running or rerunning.  Test is: /home/travis/build/icyphy/ptII/ptolemy/actor/lib/jjs/modules/aprilTags/demo/Kubi/Kubi.xml
Done sleeping
Opened file:/home/travis/build/icyphy/ptII/ptolemy/actor/lib/jjs/modules/aprilTags/demo/Kubi/Kubi.xml in 17645 ms.
Size Statistics for .Kubi
AtomicEntities: 11
CompositeEntities: 0
OpaqueCompositeEntities: 0
Relations: 8
Attributes: 107
Atomic Actor Names and Counts:
ptolemy.actor.lib.jjs.JavaScript 4
org.terraswarm.accessor.JSAccessor 3
ptolemy.actor.lib.image.ImageDisplay 2
ptolemy.actor.lib.gui.MonitorValue 1
ptolemy.actor.lib.gui.TimedDisplay 1

Composite Entity Depths and Counts:

Running .Kubi
preinitialize() finished: 17139 ms. Memory: 3275776K Free: 2842622K (87%)
Kubi: Kubi.js: Initializing... (Thread[AWT-EventQueue-0,6,main])
Kubi: Kubi.js: Handler added (Thread[AWT-EventQueue-0,6,main])
Kubi: Kubi.js: Connecting... (Thread[AWT-EventQueue-0,6,main])
Kubi2: Kubi.js: Initializing... (Thread[AWT-EventQueue-0,6,main])
Kubi2: Kubi.js: Handler added (Thread[AWT-EventQueue-0,6,main])
Kubi2: Kubi.js: Connecting... (Thread[AWT-EventQueue-0,6,main])
Manager.initialize() finished: 27695 ms. Memory: 3275776K Free: 2874366K (88%)
ExportHTMLTimer went off after 30000 ms., calling getDirector().finish and getDirector().stopFire()
30118 ms. Memory: 3275776K Free: 2721790K (83%)
Exported /home/travis/build/icyphy/ptII/ptolemy/actor/lib/jjs/modules/aprilTags/demo/Kubi/Kubi/index.html
52139 ms. Memory: 3275776K Free: 2679268K (82%)
####### 7 Sun Nov 10 07:03:35 UTC 2019 $PTII/bin/ptinvoke ptolemy.vergil.basic.export.ExportModel -force htm  -openComposites -timeOut 30000 -whiteBackground ptolemy/actor/lib/jjs/modules/audio/demo/Audio/Audio.xml $PTII/ptolemy/actor/lib/jjs/modules/audio/demo/Audio/Audio
Warning: not running ptolemy/actor/lib/jjs/modules/audio/demo/Audio/Audio.xml. See ptolemy/vergil/basic/export/test/junit/ExportModelJUnitTest.java
----------------- Sun Nov 10 07:03:35 UTC 2019 About to sleep for 5.0 seconds before running or rerunning.  Test is: /home/travis/build/icyphy/ptII/ptolemy/actor/lib/jjs/modules/audio/demo/Audio/Audio.xml
Done sleeping
Exported /home/travis/build/icyphy/ptII/ptolemy/actor/lib/jjs/modules/audio/demo/Audio/Audio/index.html
3299 ms. Memory: 3275776K Free: 2566643K (78%)
####### 8 Sun Nov 10 07:03:44 UTC 2019 $PTII/bin/ptinvoke ptolemy.vergil.basic.export.ExportModel -force htm  -openComposites -timeOut 30000 -whiteBackground ptolemy/actor/lib/jjs/modules/audio/demo/Audio/AudioCapture.xml $PTII/ptolemy/actor/lib/jjs/modules/audio/demo/Audio/AudioCapture
Warning: not running ptolemy/actor/lib/jjs/modules/audio/demo/Audio/AudioCapture.xml. See ptolemy/vergil/basic/export/test/junit/ExportModelJUnitTest.java
----------------- Sun Nov 10 07:03:44 UTC 2019 About to sleep for 5.0 seconds before running or rerunning.  Test is: /home/travis/build/icyphy/ptII/ptolemy/actor/lib/jjs/modules/audio/demo/Audio/AudioCapture.xml
Done sleeping
Prism pipeline init order: es2 sw 
Using Double Precision Marlin Rasterizer
Using dirty region optimizations
Not using texture mask for primitives
Not forcing power of 2 sizes for textures
Using hardware CLAMP_TO_ZERO mode
Opting in for HiDPI pixel scaling
Prism pipeline name = com.sun.prism.es2.ES2Pipeline
Loading ES2 native library ... prism_es2
	succeeded.
GLFactory using com.sun.prism.es2.X11GLFactory
(X) Got class = class com.sun.prism.es2.ES2Pipeline
Prism pipeline name = com.sun.prism.sw.SWPipeline
(X) Got class = class com.sun.prism.sw.SWPipeline
Initialized prism pipeline: com.sun.prism.sw.SWPipeline
Exported /home/travis/build/icyphy/ptII/ptolemy/actor/lib/jjs/modules/audio/demo/Audio/AudioCapture/index.html
7042 ms. Memory: 3275776K Free: 2661865K (81%)
####### 9 Sun Nov 10 07:03:56 UTC 2019 $PTII/bin/ptinvoke ptolemy.vergil.basic.export.ExportModel -force htm  -openComposites -timeOut 30000 -whiteBackground ptolemy/actor/lib/jjs/modules/audio/demo/Audio/AudioClipPlayer.xml $PTII/ptolemy/actor/lib/jjs/modules/audio/demo/Audio/AudioClipPlayer
Warning: not running ptolemy/actor/lib/jjs/modules/audio/demo/Audio/AudioClipPlayer.xml. See ptolemy/vergil/basic/export/test/junit/ExportModelJUnitTest.java
----------------- Sun Nov 10 07:03:56 UTC 2019 About to sleep for 5.0 seconds before running or rerunning.  Test is: /home/travis/build/icyphy/ptII/ptolemy/actor/lib/jjs/modules/audio/demo/Audio/AudioClipPlayer.xml
Done sleeping
Exported /home/travis/build/icyphy/ptII/ptolemy/actor/lib/jjs/modules/audio/demo/Audio/AudioClipPlayer/index.html
5619 ms. Memory: 3275776K Free: 2833805K (87%)
####### 10 Sun Nov 10 07:04:06 UTC 2019 $PTII/bin/ptinvoke ptolemy.vergil.basic.export.ExportModel -force htm  -openComposites -timeOut 30000 -whiteBackground ptolemy/actor/lib/jjs/modules/audio/demo/Audio/AudioRecorder.xml $PTII/ptolemy/actor/lib/jjs/modules/audio/demo/Audio/AudioRecorder
Warning: not running ptolemy/actor/lib/jjs/modules/audio/demo/Audio/AudioRecorder.xml. See ptolemy/vergil/basic/export/test/junit/ExportModelJUnitTest.java
----------------- Sun Nov 10 07:04:06 UTC 2019 About to sleep for 5.0 seconds before running or rerunning.  Test is: /home/travis/build/icyphy/ptII/ptolemy/actor/lib/jjs/modules/audio/demo/Audio/AudioRecorder.xml
Done sleeping
Exported /home/travis/build/icyphy/ptII/ptolemy/actor/lib/jjs/modules/audio/demo/Audio/AudioRecorder/index.html
10492 ms. Memory: 3275776K Free: 2218483K (68%)
####### 11 Sun Nov 10 07:04:22 UTC 2019 $PTII/bin/ptinvoke ptolemy.vergil.basic.export.ExportModel -force htm  -openComposites -timeOut 30000 -whiteBackground ptolemy/actor/lib/jjs/modules/audio/demo/Audio/AudioSynthesis.xml $PTII/ptolemy/actor/lib/jjs/modules/audio/demo/Audio/AudioSynthesis
Warning: not running ptolemy/actor/lib/jjs/modules/audio/demo/Audio/AudioSynthesis.xml. See ptolemy/vergil/basic/export/test/junit/ExportModelJUnitTest.java
----------------- Sun Nov 10 07:04:22 UTC 2019 About to sleep for 5.0 seconds before running or rerunning.  Test is: /home/travis/build/icyphy/ptII/ptolemy/actor/lib/jjs/modules/audio/demo/Audio/AudioSynthesis.xml
Done sleeping
Exported /home/travis/build/icyphy/ptII/ptolemy/actor/lib/jjs/modules/audio/demo/Audio/AudioSynthesis/index.html
8825 ms. Memory: 3275776K Free: 2740214K (84%)
####### 12 Sun Nov 10 07:04:36 UTC 2019 $PTII/bin/ptinvoke ptolemy.vergil.basic.export.ExportModel -force htm -run -openComposites -timeOut 30000 -whiteBackground ptolemy/actor/lib/jjs/modules/audio/demo/Audio/SpeechSynthesis.xml $PTII/ptolemy/actor/lib/jjs/modules/audio/demo/Audio/SpeechSynthesis
----------------- Sun Nov 10 07:04:36 UTC 2019 About to sleep for 5.0 seconds before running or rerunning.  Test is: /home/travis/build/icyphy/ptII/ptolemy/actor/lib/jjs/modules/audio/demo/Audio/SpeechSynthesis.xml
Done sleeping
Running .SpeechSynthesis
Manager.initialize() finished: 15041 ms. Memory: 3275776K Free: 2079744K (63%)
ExportHTMLTimer went off after 30000 ms., calling getDirector().finish and getDirector().stopFire()
30075 ms. Memory: 3275776K Free: 1994752K (61%)
Exported /home/travis/build/icyphy/ptII/ptolemy/actor/lib/jjs/modules/audio/demo/Audio/SpeechSynthesis/index.html
44029 ms. Memory: 3275776K Free: 1966558K (60%)
####### 13 Sun Nov 10 07:05:25 UTC 2019 $PTII/bin/ptinvoke ptolemy.vergil.basic.export.ExportModel -force htm -run -openComposites -timeOut 30000 -whiteBackground ptolemy/actor/lib/jjs/modules/cameras/demo/Camera/Camera.xml $PTII/ptolemy/actor/lib/jjs/modules/cameras/demo/Camera/Camera
----------------- Sun Nov 10 07:05:25 UTC 2019 About to sleep for 5.0 seconds before running or rerunning.  Test is: /home/travis/build/icyphy/ptII/ptolemy/actor/lib/jjs/modules/cameras/demo/Camera/Camera.xml
Done sleeping
Running .Camera
Manager.initialize() finished: 11192 ms. Memory: 3275776K Free: 2022912K (62%)
ExportHTMLTimer went off after 30000 ms., calling getDirector().finish and getDirector().stopFire()
30083 ms. Memory: 3275776K Free: 1430014K (44%)
Exported /home/travis/build/icyphy/ptII/ptolemy/actor/lib/jjs/modules/cameras/demo/Camera/Camera/index.html
41581 ms. Memory: 3275776K Free: 1398774K (43%)
####### 14 Sun Nov 10 07:06:11 UTC 2019 $PTII/bin/ptinvoke ptolemy.vergil.basic.export.ExportModel -force htm -run -openComposites -timeOut 30000 -whiteBackground ptolemy/actor/lib/jjs/modules/cameras/demo/Camera/CaptureOpenLoop.xml $PTII/ptolemy/actor/lib/jjs/modules/cameras/demo/Camera/CaptureOpenLoop
----------------- Sun Nov 10 07:06:11 UTC 2019 About to sleep for 5.0 seconds before running or rerunning.  Test is: /home/travis/build/icyphy/ptII/ptolemy/actor/lib/jjs/modules/cameras/demo/Camera/CaptureOpenLoop.xml
Done sleeping
Running .CaptureOpenLoop
27082 ms. Memory: 3275776K Free: 1496188K (46%)
Exported /home/travis/build/icyphy/ptII/ptolemy/actor/lib/jjs/modules/cameras/demo/Camera/CaptureOpenLoop/index.html
35554 ms. Memory: 3275776K Free: 1465458K (45%)
####### 15 Sun Nov 10 07:06:52 UTC 2019 $PTII/bin/ptinvoke ptolemy.vergil.basic.export.ExportModel -force htm -run -openComposites -timeOut 30000 -whiteBackground ptolemy/actor/lib/jjs/modules/cameras/demo/CameraWebSocket/CameraWebSocket.xml $PTII/ptolemy/actor/lib/jjs/modules/cameras/demo/CameraWebSocket/CameraWebSocket
----------------- Sun Nov 10 07:06:52 UTC 2019 About to sleep for 5.0 seconds before running or rerunning.  Test is: /home/travis/build/icyphy/ptII/ptolemy/actor/lib/jjs/modules/cameras/demo/CameraWebSocket/CameraWebSocket.xml
Done sleeping
Running .CameraWebSocket
WebSocketClient: Connection failed. Will try again: Connection refused: localhost/127.0.0.1:8071
Connection refused (Thread[vert.x-eventloop-thread-0,6,main])
WebSocketClient: Connection failed. Will try again: Connection refused: localhost/127.0.0.1:8071
Connection refused (Thread[vert.x-eventloop-thread-0,6,main])
WebSocketClient: Connection failed. Will try again: Connection refused: localhost/127.0.0.1:8071
Connection refused (Thread[vert.x-eventloop-thread-0,6,main])
WebSocketClient: Connection failed. Will try again: Connection refused: localhost/127.0.0.1:8071
Connection refused (Thread[vert.x-eventloop-thread-0,6,main])
Manager.initialize() finished: 15340 ms. Memory: 3275776K Free: 1955328K (60%)
WebSocketServer: WebSocketServer message(): {type="class ptolemy.data.AWTImageToken", width="176", height="144"}, typeof message: object (Thread[AWT-EventQueue-0,6,main])
WebSocketServer: WebSocketServer message(): {type="class ptolemy.data.AWTImageToken", width="176", height="144"}, typeof message: object (Thread[AWT-EventQueue-0,6,main])
WebSocketServer: WebSocketServer message(): {type="class ptolemy.data.AWTImageToken", width="176", height="144"}, typeof message: object (Thread[AWT-EventQueue-0,6,main])
WebSocketServer: WebSocketServer message(): {type="class ptolemy.data.AWTImageToken", width="176", height="144"}, typeof message: object (Thread[AWT-EventQueue-0,6,main])
WebSocketServer: WebSocketServer message(): {type="class ptolemy.data.AWTImageToken", width="176", height="144"}, typeof message: object (Thread[AWT-EventQueue-0,6,main])
WebSocketServer: WebSocketServer message(): {type="class ptolemy.data.AWTImageToken", width="176", height="144"}, typeof message: object (Thread[AWT-EventQueue-0,6,main])
WebSocketServer: WebSocketServer message(): {type="class ptolemy.data.AWTImageToken", width="176", height="144"}, typeof message: object (Thread[AWT-EventQueue-0,6,main])
WebSocketServer: WebSocketServer message(): {type="class ptolemy.data.AWTImageToken", width="176", height="144"}, typeof message: object (Thread[AWT-EventQueue-0,6,main])
ExportHTMLTimer went off after 30000 ms., calling getDirector().finish and getDirector().stopFire()
WebSocketClient: Connection closed because model is no longer running. (Thread[AWT-EventQueue-0,6,main])
30141 ms. Memory: 3275776K Free: 2584062K (79%)
Exported /home/travis/build/icyphy/ptII/ptolemy/actor/lib/jjs/modules/cameras/demo/CameraWebSocket/CameraWebSocket/index.html
41904 ms. Memory: 3275776K Free: 2555881K (78%)
####### 16 Sun Nov 10 07:07:39 UTC 2019 $PTII/bin/ptinvoke ptolemy.vergil.basic.export.ExportModel -force htm -run -openComposites -timeOut 30000 -whiteBackground ptolemy/actor/lib/jjs/modules/cameras/demo/Foscam/Foscam.xml $PTII/ptolemy/actor/lib/jjs/modules/cameras/demo/Foscam/Foscam
----------------- Sun Nov 10 07:07:39 UTC 2019 About to sleep for 5.0 seconds before running or rerunning.  Test is: /home/travis/build/icyphy/ptII/ptolemy/actor/lib/jjs/modules/cameras/demo/Foscam/Foscam.xml
Done sleeping
Running .Foscam
Foscam2: snapshot.cgi?user=admin&pwd=&undefined= (Thread[AWT-EventQueue-0,6,main])
Foscam2: Making an HTTP request. (Thread[AWT-EventQueue-0,6,main])
ExportHTMLTimer went off after 30000 ms., calling getDirector().finish and getDirector().stopFire()
Foscam2: undefined.cgi?user=admin&pwd=&undefined= (Thread[AWT-EventQueue-0,6,main])
Foscam2: Making an HTTP request. (Thread[AWT-EventQueue-0,6,main])
30025 ms. Memory: 3275776K Free: 1980926K (60%)
Exported /home/travis/build/icyphy/ptII/ptolemy/actor/lib/jjs/modules/cameras/demo/Foscam/Foscam/index.html
37016 ms. Memory: 3275776K Free: 1951721K (60%)
####### 17 Sun Nov 10 07:08:21 UTC 2019 $PTII/bin/ptinvoke ptolemy.vergil.basic.export.ExportModel -force htm -run -openComposites -timeOut 30000 -whiteBackground ptolemy/actor/lib/jjs/modules/computerVision/demo/ComputerVision/ComputerVision.xml $PTII/ptolemy/actor/lib/jjs/modules/computerVision/demo/ComputerVision/ComputerVision
----------------- Sun Nov 10 07:08:21 UTC 2019 About to sleep for 5.0 seconds before running or rerunning.  Test is: /home/travis/build/icyphy/ptII/ptolemy/actor/lib/jjs/modules/computerVision/demo/ComputerVision/ComputerVision.xml
Done sleeping
Opened file:/home/travis/build/icyphy/ptII/ptolemy/actor/lib/jjs/modules/computerVision/demo/ComputerVision/ComputerVision.xml in 30057 ms.
Size Statistics for .ComputerVision
AtomicEntities: 26
CompositeEntities: 0
OpaqueCompositeEntities: 0
Relations: 14
Attributes: 224
Atomic Actor Names and Counts:
org.terraswarm.accessor.JSAccessor 12
ptolemy.actor.lib.image.ImageDisplay 12
ptolemy.actor.lib.SingleEvent 1
ptolemy.actor.lib.image.ImageReader 1

Composite Entity Depths and Counts:

Running .ComputerVision
preinitialize() finished: 25916 ms. Memory: 3275776K Free: 2509822K (77%)
ExportHTMLTimer went off after 30000 ms., calling getDirector().finish and getDirector().stopFire()
Manager.initialize() finished: 43252 ms. Memory: 3275776K Free: 1781248K (54%)
43369 ms. Memory: 3275776K Free: 1760768K (54%)
Exported /home/travis/build/icyphy/ptII/ptolemy/actor/lib/jjs/modules/computerVision/demo/ComputerVision/ComputerVision/index.html
77747 ms. Memory: 3275776K Free: 1718758K (52%)
####### 18 Sun Nov 10 07:09:43 UTC 2019 $PTII/bin/ptinvoke ptolemy.vergil.basic.export.ExportModel -force htm  -openComposites -timeOut 30000 -whiteBackground ptolemy/actor/lib/jjs/modules/contextAware/demo/ContextAware/ContextAware.xml $PTII/ptolemy/actor/lib/jjs/modules/contextAware/demo/ContextAware/ContextAware
Warning: not running ptolemy/actor/lib/jjs/modules/contextAware/demo/ContextAware/ContextAware.xml. See ptolemy/vergil/basic/export/test/junit/ExportModelJUnitTest.java
----------------- Sun Nov 10 07:09:43 UTC 2019 About to sleep for 5.0 seconds before running or rerunning.  Test is: /home/travis/build/icyphy/ptII/ptolemy/actor/lib/jjs/modules/contextAware/demo/ContextAware/ContextAware.xml
Done sleeping
Exported /home/travis/build/icyphy/ptII/ptolemy/actor/lib/jjs/modules/contextAware/demo/ContextAware/ContextAware/index.html
6123 ms. Memory: 3275776K Free: 1825265K (56%)
####### 19 Sun Nov 10 07:09:55 UTC 2019 $PTII/bin/ptinvoke ptolemy.vergil.basic.export.ExportModel -force htm -run -openComposites -timeOut 30000 -whiteBackground ptolemy/actor/lib/jjs/modules/crypto/demo/AsymmetricEncrypt/AsymmetricEncrypt.xml $PTII/ptolemy/actor/lib/jjs/modules/crypto/demo/AsymmetricEncrypt/AsymmetricEncrypt
----------------- Sun Nov 10 07:09:55 UTC 2019 About to sleep for 5.0 seconds before running or rerunning.  Test is: /home/travis/build/icyphy/ptII/ptolemy/actor/lib/jjs/modules/crypto/demo/AsymmetricEncrypt/AsymmetricEncrypt.xml
Done sleeping
Opened file:/home/travis/build/icyphy/ptII/ptolemy/actor/lib/jjs/modules/crypto/demo/AsymmetricEncrypt/AsymmetricEncrypt.xml in 22513 ms.
Size Statistics for .AsymmetricEncrypt
AtomicEntities: 25
CompositeEntities: 0
OpaqueCompositeEntities: 0
Relations: 17
Attributes: 203
Atomic Actor Names and Counts:
ptolemy.actor.lib.gui.Display 11
ptolemy.actor.lib.jjs.JavaScript 9
ptolemy.actor.lib.ArrayUpdate 1
ptolemy.actor.lib.Const 1
ptolemy.actor.lib.DiscreteClock 1
ptolemy.actor.lib.Ramp 1
ptolemy.actor.lib.Sequence 1

Composite Entity Depths and Counts:

Running .AsymmetricEncrypt
preinitialize() finished: 21557 ms. Memory: 3275776K Free: 1866752K (57%)
ExportHTMLTimer went off after 30000 ms., calling getDirector().finish and getDirector().stopFire()
Manager.initialize() finished: 38720 ms. Memory: 3275776K Free: 2549758K (78%)
38844 ms. Memory: 3275776K Free: 2534398K (77%)
Exported /home/travis/build/icyphy/ptII/ptolemy/actor/lib/jjs/modules/crypto/demo/AsymmetricEncrypt/AsymmetricEncrypt/index.html
65599 ms. Memory: 3275776K Free: 2407922K (74%)
####### 20 Sun Nov 10 07:11:05 UTC 2019 $PTII/bin/ptinvoke ptolemy.vergil.basic.export.ExportModel -force htm -run -openComposites -timeOut 30000 -whiteBackground ptolemy/actor/lib/jjs/modules/crypto/demo/MessageDigest/MessageDigest.xml $PTII/ptolemy/actor/lib/jjs/modules/crypto/demo/MessageDigest/MessageDigest
----------------- Sun Nov 10 07:11:05 UTC 2019 About to sleep for 5.0 seconds before running or rerunning.  Test is: /home/travis/build/icyphy/ptII/ptolemy/actor/lib/jjs/modules/crypto/demo/MessageDigest/MessageDigest.xml
Done sleeping
Opened file:/home/travis/build/icyphy/ptII/ptolemy/actor/lib/jjs/modules/crypto/demo/MessageDigest/MessageDigest.xml in 10945 ms.
Size Statistics for .MessageDigest
AtomicEntities: 16
CompositeEntities: 0
OpaqueCompositeEntities: 0
Relations: 12
Attributes: 128
Atomic Actor Names and Counts:
ptolemy.actor.lib.gui.Display 7
ptolemy.actor.lib.jjs.JavaScript 5
ptolemy.actor.lib.ArrayUpdate 1
ptolemy.actor.lib.DiscreteClock 1
ptolemy.actor.lib.Ramp 1
ptolemy.actor.lib.Sequence 1

Composite Entity Depths and Counts:

Running .MessageDigest
preinitialize() finished: 10460 ms. Memory: 3275776K Free: 2442752K (75%)
Manager.initialize() finished: 18011 ms. Memory: 3275776K Free: 2344960K (72%)
RandomBytes: [ -37 ] (Thread[AWT-EventQueue-0,6,main])
EncryptWithHash: ### it is a string: hello world! (Thread[AWT-EventQueue-0,6,main])
EncryptWithHash: [ 104,
  101,
  108,
  108,
  111,
  32,
  119,
  111,
  114,
  108,
  100,
  33,
  117,
  9,
  -27,
  -67,
  -96,
  -57,
  98,
  -46,
  -70,
  -57,
  -7,
  13,
  117,
  -117,
  91,
  34,
  99,
  -6,
  1,
  -52,
  -68,
  84,
  42,
  -75,
  -29,
  -33,
  22,
  59,
  -32,
  -114,
  108,
  -87 ] (Thread[AWT-EventQueue-0,6,main])
DecryptWithHash: [ 104, 101, 108, 108, 111, 32, 119, 111, 114, 108, 100, 33 ] (Thread[AWT-EventQueue-0,6,main])
DecryptWithHash: [ 117,
  9,
  -27,
  -67,
  -96,
  -57,
  98,
  -46,
  -70,
  -57,
  -7,
  13,
  117,
  -117,
  91,
  34,
  99,
  -6,
  1,
  -52,
  -68,
  84,
  42,
  -75,
  -29,
  -33,
  22,
  59,
  -32,
  -114,
  108,
  -87 ] (Thread[AWT-EventQueue-0,6,main])
DecryptWithHash: [ 117,
  9,
  -27,
  -67,
  -96,
  -57,
  98,
  -46,
  -70,
  -57,
  -7,
  13,
  117,
  -117,
  91,
  34,
  99,
  -6,
  1,
  -52,
  -68,
  84,
  42,
  -75,
  -29,
  -33,
  22,
  59,
  -32,
  -114,
  108,
  -87 ] (Thread[AWT-EventQueue-0,6,main])
RandomBytes: [ -38, -121 ] (Thread[AWT-EventQueue-0,6,main])
EncryptWithHash: ### it is a string: bye world! (Thread[AWT-EventQueue-0,6,main])
EncryptWithHash: [ 98,
  121,
  101,
  32,
  119,
  111,
  114,
  108,
  100,
  33,
  87,
  -40,
  61,
  -97,
  47,
  -93,
  111,
  -126,
  41,
  -41,
  5,
  71,
  -116,
  -126,
  88,
  -110,
  -25,
  18,
  9,
  123,
  68,
  24,
  11,
  -64,
  -67,
  36,
  -65,
  21,
  -14,
  -69,
  -122,
  53 ] (Thread[AWT-EventQueue-0,6,main])
DecryptWithHash: [ 98, 121, 101, 32, 119, 111, 114, 108, 100, 33 ] (Thread[AWT-EventQueue-0,6,main])
DecryptWithHash: [ 87,
  -40,
  61,
  -97,
  47,
  -93,
  111,
  -126,
  41,
  -41,
  5,
  71,
  -116,
  -126,
  88,
  -110,
  -25,
  18,
  9,
  123,
  68,
  24,
  11,
  -64,
  -67,
  36,
  -65,
  21,
  -14,
  -69,
  -122,
  53 ] (Thread[AWT-EventQueue-0,6,main])
DecryptWithHash: [ 87,
  -40,
  61,
  -97,
  47,
  -93,
  111,
  -126,
  41,
  -41,
  5,
  71,
  -116,
  -126,
  88,
  -110,
  -25,
  18,
  9,
  123,
  68,
  24,
  11,
  -64,
  -67,
  36,
  -65,
  21,
  -14,
  -69,
  -122,
  53 ] (Thread[AWT-EventQueue-0,6,main])
RandomBytes: [ 44, 28, 18 ] (Thread[AWT-EventQueue-0,6,main])
RandomBytes: [ 17, 71, -15, -38 ] (Thread[AWT-EventQueue-0,6,main])
21069 ms. Memory: 3275776K Free: 2102272K (64%)
Exported /home/travis/build/icyphy/ptII/ptolemy/actor/lib/jjs/modules/crypto/demo/MessageDigest/MessageDigest/index.html
36210 ms. Memory: 3275776K Free: 2031024K (62%)
####### 21 Sun Nov 10 07:11:46 UTC 2019 $PTII/bin/ptinvoke ptolemy.vergil.basic.export.ExportModel -force htm -run -openComposites -timeOut 30000 -whiteBackground ptolemy/actor/lib/jjs/modules/crypto/demo/RandomBytes/RandomBytes.xml $PTII/ptolemy/actor/lib/jjs/modules/crypto/demo/RandomBytes/RandomBytes
----------------- Sun Nov 10 07:11:46 UTC 2019 About to sleep for 5.0 seconds before running or rerunning.  Test is: /home/travis/build/icyphy/ptII/ptolemy/actor/lib/jjs/modules/crypto/demo/RandomBytes/RandomBytes.xml
Done sleeping
Running .RandomBytes
RandomBytes: [ 126 ] (Thread[AWT-EventQueue-0,6,main])
RandomBytes: [ 6, -21 ] (Thread[AWT-EventQueue-0,6,main])
RandomBytes: [ -32, 47, -20 ] (Thread[AWT-EventQueue-0,6,main])
RandomBytes: [ -48, 62, 55, -93 ] (Thread[AWT-EventQueue-0,6,main])
6563 ms. Memory: 3275776K Free: 2260990K (69%)
Exported /home/travis/build/icyphy/ptII/ptolemy/actor/lib/jjs/modules/crypto/demo/RandomBytes/RandomBytes/index.html
12980 ms. Memory: 3275776K Free: 2235361K (68%)
####### 22 Sun Nov 10 07:12:04 UTC 2019 $PTII/bin/ptinvoke ptolemy.vergil.basic.export.ExportModel -force htm -run -openComposites -timeOut 30000 -whiteBackground ptolemy/actor/lib/jjs/modules/crypto/demo/SymmetricEncrypt/SymmetricEncrypt.xml $PTII/ptolemy/actor/lib/jjs/modules/crypto/demo/SymmetricEncrypt/SymmetricEncrypt
----------------- Sun Nov 10 07:12:04 UTC 2019 About to sleep for 5.0 seconds before running or rerunning.  Test is: /home/travis/build/icyphy/ptII/ptolemy/actor/lib/jjs/modules/crypto/demo/SymmetricEncrypt/SymmetricEncrypt.xml
Done sleeping
Running .SymmetricEncrypt
Manager.initialize() finished: 11892 ms. Memory: 3275776K Free: 1933822K (59%)
RandomBytes: [ 111 ] (Thread[AWT-EventQueue-0,6,main])
RandomBytes: [ -114, 78 ] (Thread[AWT-EventQueue-0,6,main])
RandomBytes: [ 121, 35, -85 ] (Thread[AWT-EventQueue-0,6,main])
RandomBytes: [ -28, 29, -17, -70 ] (Thread[AWT-EventQueue-0,6,main])
14947 ms. Memory: 3275776K Free: 1826302K (56%)
Exported /home/travis/build/icyphy/ptII/ptolemy/actor/lib/jjs/modules/crypto/demo/SymmetricEncrypt/SymmetricEncrypt/index.html
25450 ms. Memory: 3275776K Free: 1776596K (54%)
####### 23 Sun Nov 10 07:12:35 UTC 2019 $PTII/bin/ptinvoke ptolemy.vergil.basic.export.ExportModel -force htm  -openComposites -timeOut 30000 -whiteBackground ptolemy/actor/lib/jjs/modules/discovery/demo/Discovery/Discovery.xml $PTII/ptolemy/actor/lib/jjs/modules/discovery/demo/Discovery/Discovery
Warning: not running ptolemy/actor/lib/jjs/modules/discovery/demo/Discovery/Discovery.xml. See ptolemy/vergil/basic/export/test/junit/ExportModelJUnitTest.java
----------------- Sun Nov 10 07:12:35 UTC 2019 About to sleep for 5.0 seconds before running or rerunning.  Test is: /home/travis/build/icyphy/ptII/ptolemy/actor/lib/jjs/modules/discovery/demo/Discovery/Discovery.xml
Done sleeping
Exported /home/travis/build/icyphy/ptII/ptolemy/actor/lib/jjs/modules/discovery/demo/Discovery/Discovery/index.html
3227 ms. Memory: 3275776K Free: 1637361K (50%)
####### 24 Sun Nov 10 07:12:43 UTC 2019 $PTII/bin/ptinvoke ptolemy.vergil.basic.export.ExportModel -force htm -run -openComposites -timeOut 30000 -whiteBackground ptolemy/actor/lib/jjs/modules/discovery/demo/Discovery/DiscoveryJS.xml $PTII/ptolemy/actor/lib/jjs/modules/discovery/demo/Discovery/DiscoveryJS
----------------- Sun Nov 10 07:12:43 UTC 2019 About to sleep for 5.0 seconds before running or rerunning.  Test is: /home/travis/build/icyphy/ptII/ptolemy/actor/lib/jjs/modules/discovery/demo/Discovery/DiscoveryJS.xml
Done sleeping
Running .DiscoveryJS
19484 ms. Memory: 3275776K Free: 1664510K (51%)
Exported /home/travis/build/icyphy/ptII/ptolemy/actor/lib/jjs/modules/discovery/demo/Discovery/DiscoveryJS/index.html
28377 ms. Memory: 3275776K Free: 1629660K (50%)
####### 25 Sun Nov 10 07:13:16 UTC 2019 $PTII/bin/ptinvoke ptolemy.vergil.basic.export.ExportModel -force htm -run -openComposites -timeOut 30000 -whiteBackground ptolemy/actor/lib/jjs/modules/discovery/demo/Discovery/PopulateSwarmboxMap.xml $PTII/ptolemy/actor/lib/jjs/modules/discovery/demo/Discovery/PopulateSwarmboxMap
----------------- Sun Nov 10 07:13:16 UTC 2019 About to sleep for 5.0 seconds before running or rerunning.  Test is: /home/travis/build/icyphy/ptII/ptolemy/actor/lib/jjs/modules/discovery/demo/Discovery/PopulateSwarmboxMap.xml
Done sleeping
Opened file:/home/travis/build/icyphy/ptII/ptolemy/actor/lib/jjs/modules/discovery/demo/Discovery/PopulateSwarmboxMap.xml in 22801 ms.
Size Statistics for .PopulateSwarmboxMap
AtomicEntities: 48
CompositeEntities: 2
OpaqueCompositeEntities: 0
Relations: 47
Attributes: 345
Atomic Actor Names and Counts:
ptolemy.actor.lib.Const 20
org.terraswarm.accessor.JSAccessor 9
ptolemy.actor.lib.Expression 9
ptolemy.actor.lib.conversions.json.TokenToJSON 4
ptolemy.actor.lib.gui.Display 3
ptolemy.actor.lib.MicrostepDelay 1
ptolemy.actor.lib.SingleEvent 1
ptolemy.actor.lib.Stop 1

Composite Entity Depths and Counts:
Depth: 1 # of Composites at that depth: 2

Running .PopulateSwarmboxMap
preinitialize() finished: 26396 ms. Memory: 3275776K Free: 1785839K (55%)
ExportHTMLTimer went off after 30000 ms., calling getDirector().finish and getDirector().stopFire()
Manager.initialize() finished: 47103 ms. Memory: 3275776K Free: 2314758K (71%)
47262 ms. Memory: 3275776K Free: 2297350K (70%)
Exported /home/travis/build/icyphy/ptII/ptolemy/actor/lib/jjs/modules/discovery/demo/Discovery/PopulateSwarmboxMap/index.html
74633 ms. Memory: 3275776K Free: 2574841K (79%)
####### 26 Sun Nov 10 07:14:36 UTC 2019 $PTII/bin/ptinvoke ptolemy.vergil.basic.export.ExportModel -force htm -run -openComposites -timeOut 30000 -whiteBackground ptolemy/actor/lib/jjs/modules/discovery/demo/Discovery/PostSwarmboxDevices.xml $PTII/ptolemy/actor/lib/jjs/modules/discovery/demo/Discovery/PostSwarmboxDevices
----------------- Sun Nov 10 07:14:36 UTC 2019 About to sleep for 5.0 seconds before running or rerunning.  Test is: /home/travis/build/icyphy/ptII/ptolemy/actor/lib/jjs/modules/discovery/demo/Discovery/PostSwarmboxDevices.xml
Done sleeping
Running .PostSwarmboxDevices
Manager.initialize() finished: 10953 ms. Memory: 3275776K Free: 2183168K (67%)
REST: Making an HTTP request. (Thread[AWT-EventQueue-0,6,main])
ExportHTMLTimer went off after 30000 ms., calling getDirector().finish and getDirector().stopFire()
30047 ms. Memory: 3275776K Free: 2006526K (61%)
Exported /home/travis/build/icyphy/ptII/ptolemy/actor/lib/jjs/modules/discovery/demo/Discovery/PostSwarmboxDevices/index.html
40386 ms. Memory: 3275776K Free: 1961950K (60%)
####### 27 Sun Nov 10 07:15:21 UTC 2019 $PTII/bin/ptinvoke ptolemy.vergil.basic.export.ExportModel -force htm -run -openComposites -timeOut 30000 -whiteBackground ptolemy/actor/lib/jjs/modules/discovery/demo/Heartbeat/Heartbeat.xml $PTII/ptolemy/actor/lib/jjs/modules/discovery/demo/Heartbeat/Heartbeat
----------------- Sun Nov 10 07:15:21 UTC 2019 About to sleep for 5.0 seconds before running or rerunning.  Test is: /home/travis/build/icyphy/ptII/ptolemy/actor/lib/jjs/modules/discovery/demo/Heartbeat/Heartbeat.xml
Done sleeping
Running .Heartbeat
Manager.initialize() finished: 10861 ms. Memory: 3275776K Free: 2051072K (63%)
Heartbeat: HeartBeat: pingMothership (Thread[AWT-EventQueue-0,6,main])
Heartbeat: Making an HTTP request. (Thread[AWT-EventQueue-0,6,main])
Heartbeat: Request problem: Unable to check in with server: Error: Search domain query failed. Original hostname: 'terra.eecs.berkeley.edu' failed to resolve 'terra.eecs.berkeley.edu.google.internal' after 2 queries  (Thread[AWT-EventQueue-0,6,main])
Heartbeat: HeartBeat: pingMothership (Thread[AWT-EventQueue-0,6,main])
Heartbeat: Making an HTTP request. (Thread[AWT-EventQueue-0,6,main])
Heartbeat: Request problem: Unable to check in with server: Error: Search domain query failed. Original hostname: 'terra.eecs.berkeley.edu' failed to resolve 'terra.eecs.berkeley.edu.google.internal' after 2 queries  (Thread[AWT-EventQueue-0,6,main])
Heartbeat: HeartBeat: pingMothership (Thread[AWT-EventQueue-0,6,main])
Heartbeat: Making an HTTP request. (Thread[AWT-EventQueue-0,6,main])
Heartbeat: Request problem: Unable to check in with server: Error: Search domain query failed. Original hostname: 'terra.eecs.berkeley.edu' failed to resolve 'terra.eecs.berkeley.edu.google.internal' after 2 queries  (Thread[AWT-EventQueue-0,6,main])
Heartbeat: HeartBeat: pingMothership (Thread[AWT-EventQueue-0,6,main])
Heartbeat: Making an HTTP request. (Thread[AWT-EventQueue-0,6,main])
Heartbeat: Request problem: Unable to check in with server: Error: Search domain query failed. Original hostname: 'terra.eecs.berkeley.edu' failed to resolve 'terra.eecs.berkeley.edu.google.internal' after 2 queries  (Thread[AWT-EventQueue-0,6,main])
Heartbeat: HeartBeat: pingMothership (Thread[AWT-EventQueue-0,6,main])
Heartbeat: Making an HTTP request. (Thread[AWT-EventQueue-0,6,main])
Heartbeat: Request problem: Unable to check in with server: Error: Search domain query failed. Original hostname: 'terra.eecs.berkeley.edu' failed to resolve 'terra.eecs.berkeley.edu.google.internal' after 2 queries  (Thread[AWT-EventQueue-0,6,main])
Heartbeat: HeartBeat: pingMothership (Thread[AWT-EventQueue-0,6,main])
Heartbeat: Making an HTTP request. (Thread[AWT-EventQueue-0,6,main])
Heartbeat: Request problem: Unable to check in with server: Error: Search domain query failed. Original hostname: 'terra.eecs.berkeley.edu' failed to resolve 'terra.eecs.berkeley.edu.google.internal' after 2 queries  (Thread[AWT-EventQueue-0,6,main])
Heartbeat: HeartBeat: pingMothership (Thread[AWT-EventQueue-0,6,main])
Heartbeat: Making an HTTP request. (Thread[AWT-EventQueue-0,6,main])
Heartbeat: Request problem: Unable to check in with server: Error: Search domain query failed. Original hostname: 'terra.eecs.berkeley.edu' failed to resolve 'terra.eecs.berkeley.edu.google.internal' after 2 queries  (Thread[AWT-EventQueue-0,6,main])
Heartbeat: HeartBeat: pingMothership (Thread[AWT-EventQueue-0,6,main])
Heartbeat: Making an HTTP request. (Thread[AWT-EventQueue-0,6,main])
Heartbeat: Request problem: Unable to check in with server: Error: Search domain query failed. Original hostname: 'terra.eecs.berkeley.edu' failed to resolve 'terra.eecs.berkeley.edu.google.internal' after 2 queries  (Thread[AWT-EventQueue-0,6,main])
Heartbeat: HeartBeat: pingMothership (Thread[AWT-EventQueue-0,6,main])
Heartbeat: Making an HTTP request. (Thread[AWT-EventQueue-0,6,main])
Heartbeat: Request problem: Unable to check in with server: Error: Search domain query failed. Original hostname: 'terra.eecs.berkeley.edu' failed to resolve 'terra.eecs.berkeley.edu.google.internal' after 2 queries  (Thread[AWT-EventQueue-0,6,main])
Heartbeat: HeartBeat: pingMothership (Thread[AWT-EventQueue-0,6,main])
Heartbeat: Making an HTTP request. (Thread[AWT-EventQueue-0,6,main])
20914 ms. Memory: 3275776K Free: 1984512K (61%)
Exported /home/travis/build/icyphy/ptII/ptolemy/actor/lib/jjs/modules/discovery/demo/Heartbeat/Heartbeat/index.html
31627 ms. Memory: 3275776K Free: 1951200K (60%)
####### 28 Sun Nov 10 07:15:58 UTC 2019 $PTII/bin/ptinvoke ptolemy.vergil.basic.export.ExportModel -force htm  -openComposites -timeOut 30000 -whiteBackground ptolemy/actor/lib/jjs/modules/dsp/demo/AudioFFT/AudioFFT.xml $PTII/ptolemy/actor/lib/jjs/modules/dsp/demo/AudioFFT/AudioFFT
Warning: not running ptolemy/actor/lib/jjs/modules/dsp/demo/AudioFFT/AudioFFT.xml. See ptolemy/vergil/basic/export/test/junit/ExportModelJUnitTest.java
----------------- Sun Nov 10 07:15:58 UTC 2019 About to sleep for 5.0 seconds before running or rerunning.  Test is: /home/travis/build/icyphy/ptII/ptolemy/actor/lib/jjs/modules/dsp/demo/AudioFFT/AudioFFT.xml
Done sleeping
Exported /home/travis/build/icyphy/ptII/ptolemy/actor/lib/jjs/modules/dsp/demo/AudioFFT/AudioFFT/index.html
9885 ms. Memory: 3275776K Free: 2148337K (66%)
####### 29 Sun Nov 10 07:16:13 UTC 2019 $PTII/bin/ptinvoke ptolemy.vergil.basic.export.ExportModel -force htm -run -openComposites -timeOut 30000 -whiteBackground ptolemy/actor/lib/jjs/modules/dsp/demo/AudioFFT/SinusoidFFT.xml $PTII/ptolemy/actor/lib/jjs/modules/dsp/demo/AudioFFT/SinusoidFFT
----------------- Sun Nov 10 07:16:13 UTC 2019 About to sleep for 5.0 seconds before running or rerunning.  Test is: /home/travis/build/icyphy/ptII/ptolemy/actor/lib/jjs/modules/dsp/demo/AudioFFT/SinusoidFFT.xml
Done sleeping
Running .SinusoidFFT
7873 ms. Memory: 3275776K Free: 1528318K (47%)
Exported /home/travis/build/icyphy/ptII/ptolemy/actor/lib/jjs/modules/dsp/demo/AudioFFT/SinusoidFFT/index.html
16428 ms. Memory: 3275776K Free: 2205641K (67%)
####### 30 Sun Nov 10 07:16:34 UTC 2019 $PTII/bin/ptinvoke ptolemy.vergil.basic.export.ExportModel -force htm -run -openComposites -timeOut 30000 -whiteBackground ptolemy/actor/lib/jjs/modules/eventbus/demo/VertxBus/VertxBus.xml $PTII/ptolemy/actor/lib/jjs/modules/eventbus/demo/VertxBus/VertxBus
----------------- Sun Nov 10 07:16:34 UTC 2019 About to sleep for 5.0 seconds before running or rerunning.  Test is: /home/travis/build/icyphy/ptII/ptolemy/actor/lib/jjs/modules/eventbus/demo/VertxBus/VertxBus.xml
Done sleeping
Running .VertxBus
18710 ms. Memory: 3275776K Free: 1527296K (47%)
Exported /home/travis/build/icyphy/ptII/ptolemy/actor/lib/jjs/modules/eventbus/demo/VertxBus/VertxBus/index.html
27831 ms. Memory: 3275776K Free: 1498056K (46%)
####### 31 Sun Nov 10 07:17:07 UTC 2019 $PTII/bin/ptinvoke ptolemy.vergil.basic.export.ExportModel -force htm -run -openComposites -timeOut 30000 -whiteBackground ptolemy/actor/lib/jjs/modules/eventbus/demo/VertxChat/VertxChat.xml $PTII/ptolemy/actor/lib/jjs/modules/eventbus/demo/VertxChat/VertxChat
----------------- Sun Nov 10 07:17:07 UTC 2019 About to sleep for 5.0 seconds before running or rerunning.  Test is: /home/travis/build/icyphy/ptII/ptolemy/actor/lib/jjs/modules/eventbus/demo/VertxChat/VertxChat.xml
Done sleeping
.VertxChat.ThreadedComposite.InteractiveShell invoked SwingUtilities.invokeAndWait()
Model ".VertxChat" contains actors such cannot be run  as part of the export process from ExportModel or it has a WebExportParameters value that runBeforeExport set to false. To export run this model and export it, use vergil.
Exported /home/travis/build/icyphy/ptII/ptolemy/actor/lib/jjs/modules/eventbus/demo/VertxChat/VertxChat/index.html
12514 ms. Memory: 3275776K Free: 1841121K (56%)
####### 32 Sun Nov 10 07:17:25 UTC 2019 $PTII/bin/ptinvoke ptolemy.vergil.basic.export.ExportModel -force htm -run -openComposites -timeOut 30000 -whiteBackground ptolemy/actor/lib/jjs/modules/faceDetector/demo/FaceDetector/FaceDetector.xml $PTII/ptolemy/actor/lib/jjs/modules/faceDetector/demo/FaceDetector/FaceDetector
----------------- Sun Nov 10 07:17:25 UTC 2019 About to sleep for 5.0 seconds before running or rerunning.  Test is: /home/travis/build/icyphy/ptII/ptolemy/actor/lib/jjs/modules/faceDetector/demo/FaceDetector/FaceDetector.xml
Done sleeping
Running .FaceDetector
5152 ms. Memory: 3275776K Free: 2076160K (63%)
Exported /home/travis/build/icyphy/ptII/ptolemy/actor/lib/jjs/modules/faceDetector/demo/FaceDetector/FaceDetector/index.html
12018 ms. Memory: 3275776K Free: 2046435K (62%)
####### 33 Sun Nov 10 07:17:42 UTC 2019 $PTII/bin/ptinvoke ptolemy.vergil.basic.export.ExportModel -force htm -run -openComposites -timeOut 30000 -whiteBackground ptolemy/actor/lib/jjs/modules/faceDetector/demo/FaceDetectorCamera/FaceDetectorCamera.xml $PTII/ptolemy/actor/lib/jjs/modules/faceDetector/demo/FaceDetectorCamera/FaceDetectorCamera
----------------- Sun Nov 10 07:17:42 UTC 2019 About to sleep for 5.0 seconds before running or rerunning.  Test is: /home/travis/build/icyphy/ptII/ptolemy/actor/lib/jjs/modules/faceDetector/demo/FaceDetectorCamera/FaceDetectorCamera.xml
Done sleeping
Running .FaceDetectorCamera
ExportHTMLTimer went off after 30000 ms., calling getDirector().finish and getDirector().stopFire()
30103 ms. Memory: 3275776K Free: 2109020K (64%)
Exported /home/travis/build/icyphy/ptII/ptolemy/actor/lib/jjs/modules/faceDetector/demo/FaceDetectorCamera/FaceDetectorCamera/index.html
39512 ms. Memory: 3275776K Free: 2077240K (63%)
####### 34 Sun Nov 10 07:18:26 UTC 2019 $PTII/bin/ptinvoke ptolemy.vergil.basic.export.ExportModel -force htm -run -openComposites -timeOut 30000 -whiteBackground ptolemy/actor/lib/jjs/modules/faceDetector/demo/OccupancyCount/OccupancyCount.xml $PTII/ptolemy/actor/lib/jjs/modules/faceDetector/demo/OccupancyCount/OccupancyCount
----------------- Sun Nov 10 07:18:26 UTC 2019 About to sleep for 5.0 seconds before running or rerunning.  Test is: /home/travis/build/icyphy/ptII/ptolemy/actor/lib/jjs/modules/faceDetector/demo/OccupancyCount/OccupancyCount.xml
Done sleeping
Running .OccupancyCount
ExportHTMLTimer went off after 30000 ms., calling getDirector().finish and getDirector().stopFire()
30060 ms. Memory: 3275776K Free: 1628158K (50%)
Exported /home/travis/build/icyphy/ptII/ptolemy/actor/lib/jjs/modules/faceDetector/demo/OccupancyCount/OccupancyCount/index.html
38245 ms. Memory: 3275776K Free: 1596897K (49%)
####### 35 Sun Nov 10 07:19:10 UTC 2019 $PTII/bin/ptinvoke ptolemy.vergil.basic.export.ExportModel -force htm  -openComposites -timeOut 30000 -whiteBackground ptolemy/actor/lib/jjs/modules/httpClient/demo/REST/REST.xml $PTII/ptolemy/actor/lib/jjs/modules/httpClient/demo/REST/REST
Warning: not running ptolemy/actor/lib/jjs/modules/httpClient/demo/REST/REST.xml. See ptolemy/vergil/basic/export/test/junit/ExportModelJUnitTest.java
----------------- Sun Nov 10 07:19:10 UTC 2019 About to sleep for 5.0 seconds before running or rerunning.  Test is: /home/travis/build/icyphy/ptII/ptolemy/actor/lib/jjs/modules/httpClient/demo/REST/REST.xml
Done sleeping
Exported /home/travis/build/icyphy/ptII/ptolemy/actor/lib/jjs/modules/httpClient/demo/REST/REST/index.html
3191 ms. Memory: 3275776K Free: 1487854K (45%)
####### 36 Sun Nov 10 07:19:18 UTC 2019 $PTII/bin/ptinvoke ptolemy.vergil.basic.export.ExportModel -force htm -run -openComposites -timeOut 30000 -whiteBackground ptolemy/actor/lib/jjs/modules/httpClient/demo/REST/RESTSimple.xml $PTII/ptolemy/actor/lib/jjs/modules/httpClient/demo/REST/RESTSimple
----------------- Sun Nov 10 07:19:18 UTC 2019 About to sleep for 5.0 seconds before running or rerunning.  Test is: /home/travis/build/icyphy/ptII/ptolemy/actor/lib/jjs/modules/httpClient/demo/REST/RESTSimple.xml
Done sleeping
Running .RESTSimple
REST: Making an HTTP request. (Thread[AWT-EventQueue-0,6,main])
REST: Making an HTTP request. (Thread[AWT-EventQueue-0,6,main])
true
5218 ms. Memory: 3275776K Free: 2037458K (62%)
Exported /home/travis/build/icyphy/ptII/ptolemy/actor/lib/jjs/modules/httpClient/demo/REST/RESTSimple/index.html
11628 ms. Memory: 3275776K Free: 2009265K (61%)
####### 37 Sun Nov 10 07:19:34 UTC 2019 $PTII/bin/ptinvoke ptolemy.vergil.basic.export.ExportModel -force htm  -openComposites -timeOut 30000 -whiteBackground ptolemy/actor/lib/jjs/modules/httpClient/demo/REST/Weather.xml $PTII/ptolemy/actor/lib/jjs/modules/httpClient/demo/REST/Weather
Warning: not running ptolemy/actor/lib/jjs/modules/httpClient/demo/REST/Weather.xml. See ptolemy/vergil/basic/export/test/junit/ExportModelJUnitTest.java
----------------- Sun Nov 10 07:19:34 UTC 2019 About to sleep for 5.0 seconds before running or rerunning.  Test is: /home/travis/build/icyphy/ptII/ptolemy/actor/lib/jjs/modules/httpClient/demo/REST/Weather.xml
Done sleeping
Exported /home/travis/build/icyphy/ptII/ptolemy/actor/lib/jjs/modules/httpClient/demo/REST/Weather/index.html
9508 ms. Memory: 3275776K Free: 1939321K (59%)
####### 38 Sun Nov 10 07:19:49 UTC 2019 $PTII/bin/ptinvoke ptolemy.vergil.basic.export.ExportModel -force htm -run -openComposites -timeOut 30000 -whiteBackground ptolemy/actor/lib/jjs/modules/httpServer/demo/HttpServer/HttpServer.xml $PTII/ptolemy/actor/lib/jjs/modules/httpServer/demo/HttpServer/HttpServer
----------------- Sun Nov 10 07:19:49 UTC 2019 About to sleep for 5.0 seconds before running or rerunning.  Test is: /home/travis/build/icyphy/ptII/ptolemy/actor/lib/jjs/modules/httpServer/demo/HttpServer/HttpServer.xml
Done sleeping
Running .HttpServer
JavaScript: Server is listening. (Thread[vert.x-eventloop-thread-3,6,main])
ExportHTMLTimer went off after 30000 ms., calling getDirector().finish and getDirector().stopFire()
30017 ms. Memory: 3275776K Free: 2209313K (67%)
Exported /home/travis/build/icyphy/ptII/ptolemy/actor/lib/jjs/modules/httpServer/demo/HttpServer/HttpServer/index.html
36232 ms. Memory: 3275776K Free: 2180595K (67%)
####### 39 Sun Nov 10 07:20:30 UTC 2019 $PTII/bin/ptinvoke ptolemy.vergil.basic.export.ExportModel -force htm -run -openComposites -timeOut 30000 -whiteBackground ptolemy/actor/lib/jjs/modules/httpServer/demo/KeyValueStoreClient/KeyValueStoreClient.xml $PTII/ptolemy/actor/lib/jjs/modules/httpServer/demo/KeyValueStoreClient/KeyValueStoreClient
----------------- Sun Nov 10 07:20:30 UTC 2019 About to sleep for 5.0 seconds before running or rerunning.  Test is: /home/travis/build/icyphy/ptII/ptolemy/actor/lib/jjs/modules/httpServer/demo/KeyValueStoreClient/KeyValueStoreClient.xml
Done sleeping
Running .KeyValueStoreClient
Manager.initialize() finished: 10911 ms. Memory: 3275776K Free: 1615872K (49%)
KeyValueStore: Making an HTTP request. (Thread[AWT-EventQueue-0,6,main])
KeyValueStore: Making an HTTP request. (Thread[AWT-EventQueue-0,6,main])
KeyValueStore: Making an HTTP request. (Thread[AWT-EventQueue-0,6,main])
KeyValueStore: Making an HTTP request. (Thread[AWT-EventQueue-0,6,main])
KeyValueStore: Making an HTTP request. (Thread[AWT-EventQueue-0,6,main])
KeyValueStore: Making an HTTP request. (Thread[AWT-EventQueue-0,6,main])
KeyValueStore: Making an HTTP request. (Thread[AWT-EventQueue-0,6,main])
KeyValueStore: Making an HTTP request. (Thread[AWT-EventQueue-0,6,main])
KeyValueStore: Making an HTTP request. (Thread[AWT-EventQueue-0,6,main])
KeyValueStore: Making an HTTP request. (Thread[AWT-EventQueue-0,6,main])
ExportHTMLTimer went off after 30000 ms., calling getDirector().finish and getDirector().stopFire()
30055 ms. Memory: 3275776K Free: 1565696K (48%)
Exported /home/travis/build/icyphy/ptII/ptolemy/actor/lib/jjs/modules/httpServer/demo/KeyValueStoreClient/KeyValueStoreClient/index.html
40542 ms. Memory: 3275776K Free: 2158558K (66%)
####### 40 Sun Nov 10 07:21:16 UTC 2019 $PTII/bin/ptinvoke ptolemy.vergil.basic.export.ExportModel -force htm -run -openComposites -timeOut 30000 -whiteBackground ptolemy/actor/lib/jjs/modules/httpServer/demo/KeyValueStoreClient/KeyValueStoreServer.xml $PTII/ptolemy/actor/lib/jjs/modules/httpServer/demo/KeyValueStoreClient/KeyValueStoreServer
----------------- Sun Nov 10 07:21:16 UTC 2019 About to sleep for 5.0 seconds before running or rerunning.  Test is: /home/travis/build/icyphy/ptII/ptolemy/actor/lib/jjs/modules/httpServer/demo/KeyValueStoreClient/KeyValueStoreServer.xml
Done sleeping
Opened file:/home/travis/build/icyphy/ptII/ptolemy/actor/lib/jjs/modules/httpServer/demo/KeyValueStoreClient/KeyValueStoreServer.xml in 14353 ms.
Size Statistics for .KeyValueStoreServer
AtomicEntities: 9
CompositeEntities: 0
OpaqueCompositeEntities: 0
Relations: 17
Attributes: 62
Atomic Actor Names and Counts:
ptolemy.actor.lib.jjs.JavaScript 6
org.terraswarm.accessor.JSAccessor 1
ptolemy.actor.lib.Dictionary 1
ptolemy.actor.lib.conversions.json.TokenToJSON 1

Composite Entity Depths and Counts:

Running .KeyValueStoreServer
preinitialize() finished: 15681 ms. Memory: 3275776K Free: 1850366K (56%)
WebServer: WebServer: Creating new server. (Thread[AWT-EventQueue-0,6,main])
WebServer: WebServer: Listening for requests. (Thread[vert.x-eventloop-thread-2,6,main])
Manager.initialize() finished: 26532 ms. Memory: 3275776K Free: 1637886K (50%)
ExportHTMLTimer went off after 30000 ms., calling getDirector().finish and getDirector().stopFire()
WebServer: WebServer: Stopping the server. (Thread[AWT-EventQueue-0,6,main])
30117 ms. Memory: 3275776K Free: 1614848K (49%)
Exported /home/travis/build/icyphy/ptII/ptolemy/actor/lib/jjs/modules/httpServer/demo/KeyValueStoreClient/KeyValueStoreServer/index.html
48703 ms. Memory: 3275776K Free: 1564141K (48%)
####### 41 Sun Nov 10 07:22:09 UTC 2019 $PTII/bin/ptinvoke ptolemy.vergil.basic.export.ExportModel -force htm -run -openComposites -timeOut 30000 -whiteBackground ptolemy/actor/lib/jjs/modules/httpServer/demo/KeyValueStoreClient/KeyValueStoreServerTerra.xml $PTII/ptolemy/actor/lib/jjs/modules/httpServer/demo/KeyValueStoreClient/KeyValueStoreServerTerra
----------------- Sun Nov 10 07:22:09 UTC 2019 About to sleep for 5.0 seconds before running or rerunning.  Test is: /home/travis/build/icyphy/ptII/ptolemy/actor/lib/jjs/modules/httpServer/demo/KeyValueStoreClient/KeyValueStoreServerTerra.xml
Done sleeping
Opened file:/home/travis/build/icyphy/ptII/ptolemy/actor/lib/jjs/modules/httpServer/demo/KeyValueStoreClient/KeyValueStoreServerTerra.xml in 16552 ms.
Size Statistics for .KeyValueStoreServerTerra
AtomicEntities: 9
CompositeEntities: 0
OpaqueCompositeEntities: 0
Relations: 17
Attributes: 62
Atomic Actor Names and Counts:
ptolemy.actor.lib.jjs.JavaScript 6
org.terraswarm.accessor.JSAccessor 1
ptolemy.actor.lib.Dictionary 1
ptolemy.actor.lib.conversions.json.TokenToJSON 1

Composite Entity Depths and Counts:

Running .KeyValueStoreServerTerra
preinitialize() finished: 16582 ms. Memory: 3275776K Free: 1260544K (38%)
WebServer: WebServer: Creating new server. (Thread[AWT-EventQueue-0,6,main])
WebServer: WebServer: Listening for requests. (Thread[vert.x-eventloop-thread-0,6,main])
Manager.initialize() finished: 29012 ms. Memory: 3275776K Free: 1198590K (37%)
ExportHTMLTimer went off after 30000 ms., calling getDirector().finish and getDirector().stopFire()
WebServer: WebServer: Stopping the server. (Thread[AWT-EventQueue-0,6,main])
30110 ms. Memory: 3275776K Free: 1176576K (36%)
Exported /home/travis/build/icyphy/ptII/ptolemy/actor/lib/jjs/modules/httpServer/demo/KeyValueStoreClient/KeyValueStoreServerTerra/index.html
50834 ms. Memory: 3275776K Free: 1126385K (34%)
####### 42 Sun Nov 10 07:23:05 UTC 2019 $PTII/bin/ptinvoke ptolemy.vergil.basic.export.ExportModel -force htm -run -openComposites -timeOut 30000 -whiteBackground ptolemy/actor/lib/jjs/modules/httpServer/demo/WebServer/WebServer.xml $PTII/ptolemy/actor/lib/jjs/modules/httpServer/demo/WebServer/WebServer
----------------- Sun Nov 10 07:23:05 UTC 2019 About to sleep for 5.0 seconds before running or rerunning.  Test is: /home/travis/build/icyphy/ptII/ptolemy/actor/lib/jjs/modules/httpServer/demo/WebServer/WebServer.xml
Done sleeping
Opened file:/home/travis/build/icyphy/ptII/ptolemy/actor/lib/jjs/modules/httpServer/demo/WebServer/WebServer.xml in 10668 ms.
Size Statistics for .WebServer
AtomicEntities: 7
CompositeEntities: 0
OpaqueCompositeEntities: 0
Relations: 5
Attributes: 69
Atomic Actor Names and Counts:
org.terraswarm.accessor.JSAccessor 3
ptolemy.actor.lib.gui.Display 3
ptolemy.actor.lib.jjs.JavaScript 1

Composite Entity Depths and Counts:

Running .WebServer
preinitialize() finished: 11495 ms. Memory: 3275776K Free: 1434622K (44%)
WebServer: WebServer: Creating new server. (Thread[AWT-EventQueue-0,6,main])
WebServer: WebServer: Listening for requests. (Thread[vert.x-eventloop-thread-2,6,main])
Manager.initialize() finished: 21284 ms. Memory: 3275776K Free: 1036288K (32%)
REST: Making an HTTP request. (Thread[AWT-EventQueue-0,6,main])
WebServer: Server received request. (Thread[AWT-EventQueue-0,6,main])
true
REST: Making an HTTP request. (Thread[AWT-EventQueue-0,6,main])
WebServer: Server received request. (Thread[AWT-EventQueue-0,6,main])
true
ExportHTMLTimer went off after 30000 ms., calling getDirector().finish and getDirector().stopFire()
WebServer: WebServer: Stopping the server. (Thread[AWT-EventQueue-0,6,main])
30057 ms. Memory: 3275776K Free: 899582K (27%)
Exported /home/travis/build/icyphy/ptII/ptolemy/actor/lib/jjs/modules/httpServer/demo/WebServer/WebServer/index.html
44884 ms. Memory: 3275776K Free: 869363K (27%)
####### 43 Sun Nov 10 07:23:55 UTC 2019 $PTII/bin/ptinvoke ptolemy.vergil.basic.export.ExportModel -force htm -run -openComposites -timeOut 30000 -whiteBackground ptolemy/actor/lib/jjs/modules/imageFilters/demo/ImageAnnotate/ImageAnnotate.xml $PTII/ptolemy/actor/lib/jjs/modules/imageFilters/demo/ImageAnnotate/ImageAnnotate
----------------- Sun Nov 10 07:23:55 UTC 2019 About to sleep for 5.0 seconds before running or rerunning.  Test is: /home/travis/build/icyphy/ptII/ptolemy/actor/lib/jjs/modules/imageFilters/demo/ImageAnnotate/ImageAnnotate.xml
Done sleeping
Running .ImageAnnotate
Manager.initialize() finished: 12636 ms. Memory: 3275776K Free: 1993726K (61%)
ExportHTMLTimer went off after 30000 ms., calling getDirector().finish and getDirector().stopFire()
30082 ms. Memory: 3275776K Free: 292352K (9%)
Exported /home/travis/build/icyphy/ptII/ptolemy/actor/lib/jjs/modules/imageFilters/demo/ImageAnnotate/ImageAnnotate/index.html
41154 ms. Memory: 3275776K Free: 255462K (8%)
####### 44 Sun Nov 10 07:24:41 UTC 2019 $PTII/bin/ptinvoke ptolemy.vergil.basic.export.ExportModel -force htm -run -openComposites -timeOut 30000 -whiteBackground ptolemy/actor/lib/jjs/modules/imageFilters/demo/ImageFilters/Annotate.xml $PTII/ptolemy/actor/lib/jjs/modules/imageFilters/demo/ImageFilters/Annotate
----------------- Sun Nov 10 07:24:41 UTC 2019 About to sleep for 5.0 seconds before running or rerunning.  Test is: /home/travis/build/icyphy/ptII/ptolemy/actor/lib/jjs/modules/imageFilters/demo/ImageFilters/Annotate.xml
Done sleeping
Running .Annotate
27867 ms. Memory: 3276800K Free: 425816K (13%)
Exported /home/travis/build/icyphy/ptII/ptolemy/actor/lib/jjs/modules/imageFilters/demo/ImageFilters/Annotate/index.html
36549 ms. Memory: 3276800K Free: 399166K (12%)
####### 45 Sun Nov 10 07:25:23 UTC 2019 $PTII/bin/ptinvoke ptolemy.vergil.basic.export.ExportModel -force htm -run -openComposites -timeOut 30000 -whiteBackground ptolemy/actor/lib/jjs/modules/imageFilters/demo/ImageFilters/Average.xml $PTII/ptolemy/actor/lib/jjs/modules/imageFilters/demo/ImageFilters/Average
----------------- Sun Nov 10 07:25:23 UTC 2019 About to sleep for 5.0 seconds before running or rerunning.  Test is: /home/travis/build/icyphy/ptII/ptolemy/actor/lib/jjs/modules/imageFilters/demo/ImageFilters/Average.xml
Done sleeping
Running .Average
27987 ms. Memory: 3276800K Free: 771072K (24%)
Exported /home/travis/build/icyphy/ptII/ptolemy/actor/lib/jjs/modules/imageFilters/demo/ImageFilters/Average/index.html
36809 ms. Memory: 3276800K Free: 744430K (23%)
####### 46 Sun Nov 10 07:26:05 UTC 2019 $PTII/bin/ptinvoke ptolemy.vergil.basic.export.ExportModel -force htm -run -openComposites -timeOut 30000 -whiteBackground ptolemy/actor/lib/jjs/modules/imageFilters/demo/ImageFilters/BicubicScale.xml $PTII/ptolemy/actor/lib/jjs/modules/imageFilters/demo/ImageFilters/BicubicScale
----------------- Sun Nov 10 07:26:05 UTC 2019 About to sleep for 5.0 seconds before running or rerunning.  Test is: /home/travis/build/icyphy/ptII/ptolemy/actor/lib/jjs/modules/imageFilters/demo/ImageFilters/BicubicScale.xml
Done sleeping
Running .BicubicScale
29651 ms. Memory: 3276800K Free: 310102K (9%)
Exported /home/travis/build/icyphy/ptII/ptolemy/actor/lib/jjs/modules/imageFilters/demo/ImageFilters/BicubicScale/index.html
38381 ms. Memory: 3276800K Free: 286017K (9%)
####### 47 Sun Nov 10 07:26:48 UTC 2019 $PTII/bin/ptinvoke ptolemy.vergil.basic.export.ExportModel -force htm -run -openComposites -timeOut 30000 -whiteBackground ptolemy/actor/lib/jjs/modules/imageFilters/demo/ImageFilters/Block.xml $PTII/ptolemy/actor/lib/jjs/modules/imageFilters/demo/ImageFilters/Block
----------------- Sun Nov 10 07:26:48 UTC 2019 About to sleep for 5.0 seconds before running or rerunning.  Test is: /home/travis/build/icyphy/ptII/ptolemy/actor/lib/jjs/modules/imageFilters/demo/ImageFilters/Block.xml
Done sleeping
Running .Block
28188 ms. Memory: 3276800K Free: 281598K (9%)
Exported /home/travis/build/icyphy/ptII/ptolemy/actor/lib/jjs/modules/imageFilters/demo/ImageFilters/Block/index.html
36849 ms. Memory: 3276800K Free: 255460K (8%)
####### 48 Sun Nov 10 07:27:30 UTC 2019 $PTII/bin/ptinvoke ptolemy.vergil.basic.export.ExportModel -force htm -run -openComposites -timeOut 30000 -whiteBackground ptolemy/actor/lib/jjs/modules/imageFilters/demo/ImageFilters/Border.xml $PTII/ptolemy/actor/lib/jjs/modules/imageFilters/demo/ImageFilters/Border
----------------- Sun Nov 10 07:27:30 UTC 2019 About to sleep for 5.0 seconds before running or rerunning.  Test is: /home/travis/build/icyphy/ptII/ptolemy/actor/lib/jjs/modules/imageFilters/demo/ImageFilters/Border.xml
Done sleeping
Running .Border
29834 ms. Memory: 3276800K Free: 771584K (24%)
Exported /home/travis/build/icyphy/ptII/ptolemy/actor/lib/jjs/modules/imageFilters/demo/ImageFilters/Border/index.html
38520 ms. Memory: 3276800K Free: 745443K (23%)
####### 49 Sun Nov 10 07:28:13 UTC 2019 $PTII/bin/ptinvoke ptolemy.vergil.basic.export.ExportModel -force htm -run -openComposites -timeOut 30000 -whiteBackground ptolemy/actor/lib/jjs/modules/imageFilters/demo/ImageFilters/BoxBlur.xml $PTII/ptolemy/actor/lib/jjs/modules/imageFilters/demo/ImageFilters/BoxBlur
----------------- Sun Nov 10 07:28:13 UTC 2019 About to sleep for 5.0 seconds before running or rerunning.  Test is: /home/travis/build/icyphy/ptII/ptolemy/actor/lib/jjs/modules/imageFilters/demo/ImageFilters/BoxBlur.xml
Done sleeping
Running .BoxBlur
ExportHTMLTimer went off after 30000 ms., calling getDirector().finish and getDirector().stopFire()
30072 ms. Memory: 3276800K Free: 1585150K (48%)
Exported /home/travis/build/icyphy/ptII/ptolemy/actor/lib/jjs/modules/imageFilters/demo/ImageFilters/BoxBlur/index.html
38470 ms. Memory: 3276800K Free: 1560452K (48%)
####### 50 Sun Nov 10 07:28:57 UTC 2019 $PTII/bin/ptinvoke ptolemy.vergil.basic.export.ExportModel -force htm -run -openComposites -timeOut 30000 -whiteBackground ptolemy/actor/lib/jjs/modules/imageFilters/demo/ImageFilters/Bump.xml $PTII/ptolemy/actor/lib/jjs/modules/imageFilters/demo/ImageFilters/Bump
----------------- Sun Nov 10 07:28:57 UTC 2019 About to sleep for 5.0 seconds before running or rerunning.  Test is: /home/travis/build/icyphy/ptII/ptolemy/actor/lib/jjs/modules/imageFilters/demo/ImageFilters/Bump.xml
Done sleeping
Running .Bump
29813 ms. Memory: 3276800K Free: 1378816K (42%)
Exported /home/travis/build/icyphy/ptII/ptolemy/actor/lib/jjs/modules/imageFilters/demo/ImageFilters/Bump/index.html
38288 ms. Memory: 3276800K Free: 1352165K (41%)
####### 51 Sun Nov 10 07:29:40 UTC 2019 $PTII/bin/ptinvoke ptolemy.vergil.basic.export.ExportModel -force htm -run -openComposites -timeOut 30000 -whiteBackground ptolemy/actor/lib/jjs/modules/imageFilters/demo/ImageFilters/ChannelMix.xml $PTII/ptolemy/actor/lib/jjs/modules/imageFilters/demo/ImageFilters/ChannelMix
----------------- Sun Nov 10 07:29:40 UTC 2019 About to sleep for 5.0 seconds before running or rerunning.  Test is: /home/travis/build/icyphy/ptII/ptolemy/actor/lib/jjs/modules/imageFilters/demo/ImageFilters/ChannelMix.xml
Done sleeping
Running .ChannelMix
29482 ms. Memory: 3276800K Free: 214181K (7%)
Exported /home/travis/build/icyphy/ptII/ptolemy/actor/lib/jjs/modules/imageFilters/demo/ImageFilters/ChannelMix/index.html
38029 ms. Memory: 3276800K Free: 187526K (6%)
####### 52 Sun Nov 10 07:30:23 UTC 2019 $PTII/bin/ptinvoke ptolemy.vergil.basic.export.ExportModel -force htm -run -openComposites -timeOut 30000 -whiteBackground ptolemy/actor/lib/jjs/modules/imageFilters/demo/ImageFilters/Chrome.xml $PTII/ptolemy/actor/lib/jjs/modules/imageFilters/demo/ImageFilters/Chrome
----------------- Sun Nov 10 07:30:23 UTC 2019 About to sleep for 5.0 seconds before running or rerunning.  Test is: /home/travis/build/icyphy/ptII/ptolemy/actor/lib/jjs/modules/imageFilters/demo/ImageFilters/Chrome.xml
Done sleeping
Running .Chrome
ExportHTMLTimer went off after 30000 ms., calling getDirector().finish and getDirector().stopFire()
30192 ms. Memory: 3276800K Free: 847872K (26%)
Exported /home/travis/build/icyphy/ptII/ptolemy/actor/lib/jjs/modules/imageFilters/demo/ImageFilters/Chrome/index.html
39020 ms. Memory: 3276800K Free: 821219K (25%)
####### 53 Sun Nov 10 07:31:07 UTC 2019 $PTII/bin/ptinvoke ptolemy.vergil.basic.export.ExportModel -force htm -run -openComposites -timeOut 30000 -whiteBackground ptolemy/actor/lib/jjs/modules/imageFilters/demo/ImageFilters/Circle.xml $PTII/ptolemy/actor/lib/jjs/modules/imageFilters/demo/ImageFilters/Circle
----------------- Sun Nov 10 07:31:07 UTC 2019 About to sleep for 5.0 seconds before running or rerunning.  Test is: /home/travis/build/icyphy/ptII/ptolemy/actor/lib/jjs/modules/imageFilters/demo/ImageFilters/Circle.xml
Done sleeping
Running .Circle
29764 ms. Memory: 3276800K Free: 1107456K (34%)
Exported /home/travis/build/icyphy/ptII/ptolemy/actor/lib/jjs/modules/imageFilters/demo/ImageFilters/Circle/index.html
38513 ms. Memory: 3276800K Free: 1080804K (33%)
####### 54 Sun Nov 10 07:31:51 UTC 2019 $PTII/bin/ptinvoke ptolemy.vergil.basic.export.ExportModel -force htm -run -openComposites -timeOut 30000 -whiteBackground ptolemy/actor/lib/jjs/modules/imageFilters/demo/ImageFilters/ColorHalftone.xml $PTII/ptolemy/actor/lib/jjs/modules/imageFilters/demo/ImageFilters/ColorHalftone
----------------- Sun Nov 10 07:31:51 UTC 2019 About to sleep for 5.0 seconds before running or rerunning.  Test is: /home/travis/build/icyphy/ptII/ptolemy/actor/lib/jjs/modules/imageFilters/demo/ImageFilters/ColorHalftone.xml
Done sleeping
Running .ColorHalftone
Manager.initialize() finished: 10200 ms. Memory: 3276800K Free: 1268603K (39%)
ExportHTMLTimer went off after 30000 ms., calling getDirector().finish and getDirector().stopFire()
30119 ms. Memory: 3276800K Free: 767516K (23%)
Exported /home/travis/build/icyphy/ptII/ptolemy/actor/lib/jjs/modules/imageFilters/demo/ImageFilters/ColorHalftone/index.html
39284 ms. Memory: 3276800K Free: 741354K (23%)
####### 55 Sun Nov 10 07:32:35 UTC 2019 $PTII/bin/ptinvoke ptolemy.vergil.basic.export.ExportModel -force htm -run -openComposites -timeOut 30000 -whiteBackground ptolemy/actor/lib/jjs/modules/imageFilters/demo/ImageFilters/Contour.xml $PTII/ptolemy/actor/lib/jjs/modules/imageFilters/demo/ImageFilters/Contour
----------------- Sun Nov 10 07:32:35 UTC 2019 About to sleep for 5.0 seconds before running or rerunning.  Test is: /home/travis/build/icyphy/ptII/ptolemy/actor/lib/jjs/modules/imageFilters/demo/ImageFilters/Contour.xml
Done sleeping
Running .Contour
Manager.initialize() finished: 10500 ms. Memory: 3276800K Free: 1498258K (46%)
ExportHTMLTimer went off after 30000 ms., calling getDirector().finish and getDirector().stopFire()
30067 ms. Memory: 3276800K Free: 316416K (10%)
Exported /home/travis/build/icyphy/ptII/ptolemy/actor/lib/jjs/modules/imageFilters/demo/ImageFilters/Contour/index.html
38992 ms. Memory: 3276800K Free: 289766K (9%)
####### 56 Sun Nov 10 07:33:19 UTC 2019 $PTII/bin/ptinvoke ptolemy.vergil.basic.export.ExportModel -force htm -run -openComposites -timeOut 30000 -whiteBackground ptolemy/actor/lib/jjs/modules/imageFilters/demo/ImageFilters/Contrast.xml $PTII/ptolemy/actor/lib/jjs/modules/imageFilters/demo/ImageFilters/Contrast
----------------- Sun Nov 10 07:33:19 UTC 2019 About to sleep for 5.0 seconds before running or rerunning.  Test is: /home/travis/build/icyphy/ptII/ptolemy/actor/lib/jjs/modules/imageFilters/demo/ImageFilters/Contrast.xml
Done sleeping
Running .Contrast
Manager.initialize() finished: 10207 ms. Memory: 3276800K Free: 1371646K (42%)
ExportHTMLTimer went off after 30000 ms., calling getDirector().finish and getDirector().stopFire()
30124 ms. Memory: 3276800K Free: 1059995K (32%)
Exported /home/travis/build/icyphy/ptII/ptolemy/actor/lib/jjs/modules/imageFilters/demo/ImageFilters/Contrast/index.html
39212 ms. Memory: 3276800K Free: 1033311K (32%)
####### 57 Sun Nov 10 07:34:03 UTC 2019 $PTII/bin/ptinvoke ptolemy.vergil.basic.export.ExportModel -force htm -run -openComposites -timeOut 30000 -whiteBackground ptolemy/actor/lib/jjs/modules/imageFilters/demo/ImageFilters/Crop.xml $PTII/ptolemy/actor/lib/jjs/modules/imageFilters/demo/ImageFilters/Crop
----------------- Sun Nov 10 07:34:03 UTC 2019 About to sleep for 5.0 seconds before running or rerunning.  Test is: /home/travis/build/icyphy/ptII/ptolemy/actor/lib/jjs/modules/imageFilters/demo/ImageFilters/Crop.xml
Done sleeping
Running .Crop
Manager.initialize() finished: 10833 ms. Memory: 3276800K Free: 1036286K (32%)
ExportHTMLTimer went off after 30000 ms., calling getDirector().finish and getDirector().stopFire()
30082 ms. Memory: 3276800K Free: 118270K (4%)
Exported /home/travis/build/icyphy/ptII/ptolemy/actor/lib/jjs/modules/imageFilters/demo/ImageFilters/Crop/index.html
40500 ms. Memory: 3276800K Free: 94187K (3%)
####### 58 Sun Nov 10 07:34:49 UTC 2019 $PTII/bin/ptinvoke ptolemy.vergil.basic.export.ExportModel -force htm -run -openComposites -timeOut 30000 -whiteBackground ptolemy/actor/lib/jjs/modules/imageFilters/demo/ImageFilters/Crystallize.xml $PTII/ptolemy/actor/lib/jjs/modules/imageFilters/demo/ImageFilters/Crystallize
----------------- Sun Nov 10 07:34:49 UTC 2019 About to sleep for 5.0 seconds before running or rerunning.  Test is: /home/travis/build/icyphy/ptII/ptolemy/actor/lib/jjs/modules/imageFilters/demo/ImageFilters/Crystallize.xml
[...]
Warning: Nashorn engine is planned to be removed from a future JDK release
Warning: Nashorn engine is planned to be removed from a future JDK release
Warning: Nashorn engine is planned to be removed from a future JDK release
Warning: Nashorn engine is planned to be removed from a future JDK release
Warning: Nashorn engine is planned to be removed from a future JDK release
Warning: Nashorn engine is planned to be removed from a future JDK release
Warning: Nashorn engine is planned to be removed from a future JDK release
Warning: Nashorn engine is planned to be removed from a future JDK release
Warning: Nashorn engine is planned to be removed from a future JDK release
Warning: Nashorn engine is planned to be removed from a future JDK release
Warning: Nashorn engine is planned to be removed from a future JDK release
[atomic-processor-1] INFO com.github.sarxos.webcam.ds.cgt.WebcamOpenTask - Opening webcam Dummy Webcam 0
Warning: Nashorn engine is planned to be removed from a future JDK release
Warning: Nashorn engine is planned to be removed from a future JDK release
[atomic-processor-1] INFO com.github.sarxos.webcam.ds.cgt.WebcamCloseTask - Closing Dummy Webcam 0
Warning: Nashorn engine is planned to be removed from a future JDK release
Warning: Nashorn engine is planned to be removed from a future JDK release
Warning: Nashorn engine is planned to be removed from a future JDK release
Warning: Nashorn engine is planned to be removed from a future JDK release
Warning: Nashorn engine is planned to be removed from a future JDK release
Warning: Nashorn engine is planned to be removed from a future JDK release
Warning: Nashorn engine is planned to be removed from a future JDK release
Warning: Nashorn engine is planned to be removed from a future JDK release
Warning: Nashorn engine is planned to be removed from a future JDK release
Warning: Nashorn engine is planned to be removed from a future JDK release
Warning: Nashorn engine is planned to be removed from a future JDK release
Warning: Nashorn engine is planned to be removed from a future JDK release
Warning: Nashorn engine is planned to be removed from a future JDK release
Warning: Nashorn engine is planned to be removed from a future JDK release
[atomic-processor-1] INFO com.github.sarxos.webcam.ds.cgt.WebcamOpenTask - Opening webcam Dummy Webcam 0
Warning: Nashorn engine is planned to be removed from a future JDK release
Warning: Nashorn engine is planned to be removed from a future JDK release
WARNING: Invoking send() too late (probably in a callback), so Camera is not able to send the token {type="class ptolemy.data.AWTImageToken", width="640", height="480"} to the output image. Token is discarded.
[atomic-processor-1] INFO com.github.sarxos.webcam.ds.cgt.WebcamCloseTask - Closing Dummy Webcam 0
Nov 10, 2019 7:28:56 AM sun.awt.X11.XToolkit processException
WARNING: Exception on Toolkit thread
java.lang.NullPointerException
	at java.desktop/java.awt.Component$BltBufferStrategy.contentsLost(Component.java:4584)
	at java.desktop/java.awt.Component$BltSubRegionBufferStrategy.showIfNotLost(Component.java:4647)
	at java.desktop/javax.swing.BufferStrategyPaintManager.show(BufferStrategyPaintManager.java:208)
	at java.desktop/javax.swing.RepaintManager.show(RepaintManager.java:1430)
	at java.desktop/javax.swing.SwingPaintEventDispatcher.createPaintEvent(SwingPaintEventDispatcher.java:61)
	at java.desktop/sun.awt.X11.XWindow.postPaintEvent(XWindow.java:568)
	at java.desktop/sun.awt.X11.XContentWindow.postPaintEvent(XContentWindow.java:180)
	at java.desktop/sun.awt.X11.XWindow.handleExposeEvent(XWindow.java:562)
	at java.desktop/sun.awt.X11.XContentWindow.handleExposeEvent(XContentWindow.java:151)
	at java.desktop/sun.awt.X11.XBaseWindow.dispatchEvent(XBaseWindow.java:1132)
	at java.desktop/sun.awt.X11.XBaseWindow.dispatchToWindow(XBaseWindow.java:1108)
	at java.desktop/sun.awt.X11.XToolkit.dispatchEvent(XToolkit.java:621)
	at java.desktop/sun.awt.X11.XToolkit.run(XToolkit.java:736)
	at java.desktop/sun.awt.X11.XToolkit.run(XToolkit.java:652)
	at java.base/java.lang.Thread.run(Thread.java:834)

Warning: Nashorn engine is planned to be removed from a future JDK release
Warning: Nashorn engine is planned to be removed from a future JDK release
Warning: Nashorn engine is planned to be removed from a future JDK release
Warning: Nashorn engine is planned to be removed from a future JDK release
Warning: Nashorn engine is planned to be removed from a future JDK release
Warning: Nashorn engine is planned to be removed from a future JDK release
Warning: Nashorn engine is planned to be removed from a future JDK release
Warning: Nashorn engine is planned to be removed from a future JDK release
Warning: Nashorn engine is planned to be removed from a future JDK release
Warning: Nashorn engine is planned to be removed from a future JDK release
Warning: Nashorn engine is planned to be removed from a future JDK release
Warning: Nashorn engine is planned to be removed from a future JDK release
Warning: Nashorn engine is planned to be removed from a future JDK release
Warning: Nashorn engine is planned to be removed from a future JDK release
[atomic-processor-1] INFO com.github.sarxos.webcam.ds.cgt.WebcamOpenTask - Opening webcam Dummy Webcam 0
Warning: Nashorn engine is planned to be removed from a future JDK release
Warning: Nashorn engine is planned to be removed from a future JDK release
[atomic-processor-1] INFO com.github.sarxos.webcam.ds.cgt.WebcamCloseTask - Closing Dummy Webcam 0
Warning: Nashorn engine is planned to be removed from a future JDK release
Warning: Nashorn engine is planned to be removed from a future JDK release
Warning: Nashorn engine is planned to be removed from a future JDK release
Warning: Nashorn engine is planned to be removed from a future JDK release
Warning: Nashorn engine is planned to be removed from a future JDK release
Warning: Nashorn engine is planned to be removed from a future JDK release
Warning: Nashorn engine is planned to be removed from a future JDK release
Warning: Nashorn engine is planned to be removed from a future JDK release
Warning: Nashorn engine is planned to be removed from a future JDK release
Warning: Nashorn engine is planned to be removed from a future JDK release
Warning: Nashorn engine is planned to be removed from a future JDK release
Warning: Nashorn engine is planned to be removed from a future JDK release
Warning: Nashorn engine is planned to be removed from a future JDK release
Warning: Nashorn engine is planned to be removed from a future JDK release
[atomic-processor-1] INFO com.github.sarxos.webcam.ds.cgt.WebcamOpenTask - Opening webcam Dummy Webcam 0
Warning: Nashorn engine is planned to be removed from a future JDK release
Warning: Nashorn engine is planned to be removed from a future JDK release
[atomic-processor-1] INFO com.github.sarxos.webcam.ds.cgt.WebcamCloseTask - Closing Dummy Webcam 0
Warning: Nashorn engine is planned to be removed from a future JDK release
Warning: Nashorn engine is planned to be removed from a future JDK release
Warning: Nashorn engine is planned to be removed from a future JDK release
Warning: Nashorn engine is planned to be removed from a future JDK release
Warning: Nashorn engine is planned to be removed from a future JDK release
Warning: Nashorn engine is planned to be removed from a future JDK release
Warning: Nashorn engine is planned to be removed from a future JDK release
Warning: Nashorn engine is planned to be removed from a future JDK release
Warning: Nashorn engine is planned to be removed from a future JDK release
Warning: Nashorn engine is planned to be removed from a future JDK release
Warning: Nashorn engine is planned to be removed from a future JDK release
Warning: Nashorn engine is planned to be removed from a future JDK release
Warning: Nashorn engine is planned to be removed from a future JDK release
Warning: Nashorn engine is planned to be removed from a future JDK release
[atomic-processor-1] INFO com.github.sarxos.webcam.ds.cgt.WebcamOpenTask - Opening webcam Dummy Webcam 0
Warning: Nashorn engine is planned to be removed from a future JDK release
Warning: Nashorn engine is planned to be removed from a future JDK release
[atomic-processor-1] INFO com.github.sarxos.webcam.ds.cgt.WebcamCloseTask - Closing Dummy Webcam 0
WARNING: Camera: Model stopped before executing actions (e.g. producing outputs) scheduled for execution at times [15.59, 18.717000000000002, 19.740000000000002, 15.276, 19.433, 17.443, 20.252000000000002, 17.134, 14.759, 19.228, 18.508, 19.845000000000002, 15.067, 17.751, 18.921, 14.964, 18.285, 16.416, 15.384, 16.826, 17.34, 15.902000000000001, 16.313, 16.723, 14.656, 19.535, 19.945, 20.355, 15.17, 15.486, 18.17, 17.853, 19.127000000000002, 16.929000000000002, 16.005, 20.150000000000002, 20.573, 18.396, 18.819, 19.638, 19.331, 17.546, 20.047, 16.518, 19.024, 17.032, 16.108, 14.862, 17.648, 15.692, 16.211000000000002, 16.621000000000002, 15.796000000000001, 18.614, 17.238]
Warning: Nashorn engine is planned to be removed from a future JDK release
Warning: Nashorn engine is planned to be removed from a future JDK release
Warning: Nashorn engine is planned to be removed from a future JDK release
Warning: Nashorn engine is planned to be removed from a future JDK release
Warning: Nashorn engine is planned to be removed from a future JDK release
Warning: Nashorn engine is planned to be removed from a future JDK release
Warning: Nashorn engine is planned to be removed from a future JDK release
Warning: Nashorn engine is planned to be removed from a future JDK release
Warning: Nashorn engine is planned to be removed from a future JDK release
Warning: Nashorn engine is planned to be removed from a future JDK release
Warning: Nashorn engine is planned to be removed from a future JDK release
Warning: Nashorn engine is planned to be removed from a future JDK release
Warning: Nashorn engine is planned to be removed from a future JDK release
Warning: Nashorn engine is planned to be removed from a future JDK release
[atomic-processor-1] INFO com.github.sarxos.webcam.ds.cgt.WebcamOpenTask - Opening webcam Dummy Webcam 0
Warning: Nashorn engine is planned to be removed from a future JDK release
Warning: Nashorn engine is planned to be removed from a future JDK release
WARNING: Invoking send() too late (probably in a callback), so Camera is not able to send the token {type="class ptolemy.data.AWTImageToken", width="640", height="480"} to the output image. Token is discarded.
[atomic-processor-1] INFO com.github.sarxos.webcam.ds.cgt.WebcamCloseTask - Closing Dummy Webcam 0
Warning: Nashorn engine is planned to be removed from a future JDK release
Warning: Nashorn engine is planned to be removed from a future JDK release
Warning: Nashorn engine is planned to be removed from a future JDK release
Warning: Nashorn engine is planned to be removed from a future JDK release
Warning: Nashorn engine is planned to be removed from a future JDK release
Warning: Nashorn engine is planned to be removed from a future JDK release
Warning: Nashorn engine is planned to be removed from a future JDK release
Warning: Nashorn engine is planned to be removed from a future JDK release
Warning: Nashorn engine is planned to be removed from a future JDK release
Warning: Nashorn engine is planned to be removed from a future JDK release
Warning: Nashorn engine is planned to be removed from a future JDK release
Warning: Nashorn engine is planned to be removed from a future JDK release
Warning: Nashorn engine is planned to be removed from a future JDK release
Warning: Nashorn engine is planned to be removed from a future JDK release
[atomic-processor-1] INFO com.github.sarxos.webcam.ds.cgt.WebcamOpenTask - Opening webcam Dummy Webcam 0
Warning: Nashorn engine is planned to be removed from a future JDK release
Warning: Nashorn engine is planned to be removed from a future JDK release
[atomic-processor-1] INFO com.github.sarxos.webcam.ds.cgt.WebcamCloseTask - Closing Dummy Webcam 0
WARNING: Camera: Model stopped before executing actions (e.g. producing outputs) scheduled for execution at times [17.201, 18.639, 19.049, 17.616, 17.412, 14.861, 17.923000000000002, 14.762, 15.073, 15.483, 16.304000000000002, 18.025000000000002, 18.435000000000002, 15.893, 16.532, 17.305, 14.97, 16.754, 16.866, 17.821, 18.844, 16.978, 17.09, 15.278, 15.688, 16.643, 16.098, 18.537, 19.581, 18.947, 15.996, 15.586, 16.406000000000002, 19.455000000000002, 19.684, 17.719, 18.332, 18.742, 17.514, 19.786, 19.151, 15.381, 15.791, 16.201, 18.128, 18.23, 15.175]
Warning: Nashorn engine is planned to be removed from a future JDK release
Warning: Nashorn engine is planned to be removed from a future JDK release
Warning: Nashorn engine is planned to be removed from a future JDK release
Warning: Nashorn engine is planned to be removed from a future JDK release
Warning: Nashorn engine is planned to be removed from a future JDK release
Warning: Nashorn engine is planned to be removed from a future JDK release
Warning: Nashorn engine is planned to be removed from a future JDK release
Warning: Nashorn engine is planned to be removed from a future JDK release
Warning: Nashorn engine is planned to be removed from a future JDK release
Warning: Nashorn engine is planned to be removed from a future JDK release
Warning: Nashorn engine is planned to be removed from a future JDK release
Warning: Nashorn engine is planned to be removed from a future JDK release
Warning: Nashorn engine is planned to be removed from a future JDK release
Warning: Nashorn engine is planned to be removed from a future JDK release
[atomic-processor-1] INFO com.github.sarxos.webcam.ds.cgt.WebcamOpenTask - Opening webcam Dummy Webcam 0
Warning: Nashorn engine is planned to be removed from a future JDK release
Warning: Nashorn engine is planned to be removed from a future JDK release
[atomic-processor-1] INFO com.github.sarxos.webcam.ds.cgt.WebcamCloseTask - Closing Dummy Webcam 0
Warning: Nashorn engine is planned to be removed from a future JDK release
Warning: Nashorn engine is planned to be removed from a future JDK release
Warning: Nashorn engine is planned to be removed from a future JDK release
Warning: Nashorn engine is planned to be removed from a future JDK release
Warning: Nashorn engine is planned to be removed from a future JDK release
Warning: Nashorn engine is planned to be removed from a future JDK release
Warning: Nashorn engine is planned to be removed from a future JDK release
Warning: Nashorn engine is planned to be removed from a future JDK release
Warning: Nashorn engine is planned to be removed from a future JDK release
Warning: Nashorn engine is planned to be removed from a future JDK release
Warning: Nashorn engine is planned to be removed from a future JDK release
Warning: Nashorn engine is planned to be removed from a future JDK release
Warning: Nashorn engine is planned to be removed from a future JDK release
Warning: Nashorn engine is planned to be removed from a future JDK release
[atomic-processor-1] INFO com.github.sarxos.webcam.ds.cgt.WebcamOpenTask - Opening webcam Dummy Webcam 0
Warning: Nashorn engine is planned to be removed from a future JDK release
Warning: Nashorn engine is planned to be removed from a future JDK release
[atomic-processor-1] INFO com.github.sarxos.webcam.ds.cgt.WebcamCloseTask - Closing Dummy Webcam 0
Warning: Nashorn engine is planned to be removed from a future JDK release
Warning: Nashorn engine is planned to be removed from a future JDK release
Warning: Nashorn engine is planned to be removed from a future JDK release
Warning: Nashorn engine is planned to be removed from a future JDK release
Warning: Nashorn engine is planned to be removed from a future JDK release
Warning: Nashorn engine is planned to be removed from a future JDK release
Warning: Nashorn engine is planned to be removed from a future JDK release
Warning: Nashorn engine is planned to be removed from a future JDK release
Warning: Nashorn engine is planned to be removed from a future JDK release
Warning: Nashorn engine is planned to be removed from a future JDK release
Warning: Nashorn engine is planned to be removed from a future JDK release
Warning: Nashorn engine is planned to be removed from a future JDK release
Warning: Nashorn engine is planned to be removed from a future JDK release
Warning: Nashorn engine is planned to be removed from a future JDK release
[atomic-processor-1] INFO com.github.sarxos.webcam.ds.cgt.WebcamOpenTask - Opening webcam Dummy Webcam 0
Warning: Nashorn engine is planned to be removed from a future JDK release
Warning: Nashorn engine is planned to be removed from a future JDK release
[atomic-processor-1] INFO com.github.sarxos.webcam.ds.cgt.WebcamCloseTask - Closing Dummy Webcam 0
Warning: Nashorn engine is planned to be removed from a future JDK release
Warning: Nashorn engine is planned to be removed from a future JDK release
Warning: Nashorn engine is planned to be removed from a future JDK release
Warning: Nashorn engine is planned to be removed from a future JDK release
Warning: Nashorn engine is planned to be removed from a future JDK release
Warning: Nashorn engine is planned to be removed from a future JDK release
Warning: Nashorn engine is planned to be removed from a future JDK release
Warning: Nashorn engine is planned to be removed from a future JDK release
Warning: Nashorn engine is planned to be removed from a future JDK release
Warning: Nashorn engine is planned to be removed from a future JDK release
Warning: Nashorn engine is planned to be removed from a future JDK release
Warning: Nashorn engine is planned to be removed from a future JDK release
Warning: Nashorn engine is planned to be removed from a future JDK release
Warning: Nashorn engine is planned to be removed from a future JDK release
[atomic-processor-1] INFO com.github.sarxos.webcam.ds.cgt.WebcamOpenTask - Opening webcam Dummy Webcam 0
Warning: Nashorn engine is planned to be removed from a future JDK release
Warning: Nashorn engine is planned to be removed from a future JDK release
[atomic-processor-1] INFO com.github.sarxos.webcam.ds.cgt.WebcamCloseTask - Closing Dummy Webcam 0
WARNING: Camera: Model stopped before executing actions (e.g. producing outputs) scheduled for execution at times [19.624000000000002, 19.726]
Warning: Nashorn engine is planned to be removed from a future JDK release
Warning: Nashorn engine is planned to be removed from a future JDK release
Warning: Nashorn engine is planned to be removed from a future JDK release
Warning: Nashorn engine is planned to be removed from a future JDK release
Warning: Nashorn engine is planned to be removed from a future JDK release
Warning: Nashorn engine is planned to be removed from a future JDK release
Warning: Nashorn engine is planned to be removed from a future JDK release
Warning: Nashorn engine is planned to be removed from a future JDK release
Warning: Nashorn engine is planned to be removed from a future JDK release
Warning: Nashorn engine is planned to be removed from a future JDK release
Warning: Nashorn engine is planned to be removed from a future JDK release
Warning: Nashorn engine is planned to be removed from a future JDK release
Warning: Nashorn engine is planned to be removed from a future JDK release
Warning: Nashorn engine is planned to be removed from a future JDK release
[atomic-processor-1] INFO com.github.sarxos.webcam.ds.cgt.WebcamOpenTask - Opening webcam Dummy Webcam 0
Warning: Nashorn engine is planned to be removed from a future JDK release
Warning: Nashorn engine is planned to be removed from a future JDK release
WARNING: Invoking send() too late (probably in a callback), so Camera is not able to send the token {type="class ptolemy.data.AWTImageToken", width="640", height="480"} to the output image. Token is discarded.
[atomic-processor-1] INFO com.github.sarxos.webcam.ds.cgt.WebcamCloseTask - Closing Dummy Webcam 0
]]></system-err>
</testsuite>
