<?xml version="1.0" encoding="UTF-8" ?>
<testsuite errors="0" failures="0" hostname="travis-job-1ae00869-85ee-4409-bcc8-ebb8ae07ae70" name="ptolemy.domains.modal.test.junit.JUnitTclTest" skipped="0" tests="148" time="10.742" timestamp="2019-12-03T06:22:39">
  <properties>
[...]
</properties>
  <testcase classname="ptolemy.util.test.junit.TclTests" name="[0] /home/travis/build/icyphy/ptII/ptolemy/domains/modal/test/SystemLevelType.tcl (RunTclFile)" time="2.016" />
  <testcase classname="ptolemy.util.test.junit.AutoKnownFailedTests" name="[0] /home/travis/build/icyphy/ptII/ptolemy/domains/modal/test/auto/knownFailedTests/CannotAnalysisWithPreemption.xml (RunModel)" time="0.332" />
  <testcase classname="ptolemy.util.test.junit.AutoNameArchTests" name="[0] ThereAreNoAutoArchTests (RunModel)" time="0.005" />
  <testcase classname="ptolemy.util.test.junit.AutoTests" name="[0] /home/travis/build/icyphy/ptII/ptolemy/domains/modal/test/auto/ABPTest.xml (RunModel)" time="0.702" />
  <testcase classname="ptolemy.util.test.junit.AutoTests" name="[1] /home/travis/build/icyphy/ptII/ptolemy/domains/modal/test/auto/ABROFlat.xml (RunModel)" time="0.095" />
  <testcase classname="ptolemy.util.test.junit.AutoTests" name="[2] /home/travis/build/icyphy/ptII/ptolemy/domains/modal/test/auto/ABROFlat2.xml (RunModel)" time="0.092" />
  <testcase classname="ptolemy.util.test.junit.AutoTests" name="[3] /home/travis/build/icyphy/ptII/ptolemy/domains/modal/test/auto/ABRO_present_hmm.xml (RunModel)" time="0.122" />
  <testcase classname="ptolemy.util.test.junit.AutoTests" name="[4] /home/travis/build/icyphy/ptII/ptolemy/domains/modal/test/auto/AMICoderExample.xml (RunModel)" time="0.07" />
  <testcase classname="ptolemy.util.test.junit.AutoTests" name="[5] /home/travis/build/icyphy/ptII/ptolemy/domains/modal/test/auto/AbsentToPresent.xml (RunModel)" time="0.022" />
  <testcase classname="ptolemy.util.test.junit.AutoTests" name="[6] /home/travis/build/icyphy/ptII/ptolemy/domains/modal/test/auto/Blending.xml (RunModel)" time="0.261" />
  <testcase classname="ptolemy.util.test.junit.AutoTests" name="[7] /home/travis/build/icyphy/ptII/ptolemy/domains/modal/test/auto/Broadcast.xml (RunModel)" time="0.048" />
  <testcase classname="ptolemy.util.test.junit.AutoTests" name="[8] /home/travis/build/icyphy/ptII/ptolemy/domains/modal/test/auto/BroadcastHierarchy.xml (RunModel)" time="0.044" />
  <testcase classname="ptolemy.util.test.junit.AutoTests" name="[9] /home/travis/build/icyphy/ptII/ptolemy/domains/modal/test/auto/BroadcastHierarchy2.xml (RunModel)" time="0.1" />
  <testcase classname="ptolemy.util.test.junit.AutoTests" name="[10] /home/travis/build/icyphy/ptII/ptolemy/domains/modal/test/auto/BroadcastHierarchy3.xml (RunModel)" time="0.097" />
  <testcase classname="ptolemy.util.test.junit.AutoTests" name="[11] /home/travis/build/icyphy/ptII/ptolemy/domains/modal/test/auto/BroadcastHierarchy4.xml (RunModel)" time="0.078" />
  <testcase classname="ptolemy.util.test.junit.AutoTests" name="[12] /home/travis/build/icyphy/ptII/ptolemy/domains/modal/test/auto/CannotAnalysisWithPreemption2.xml (RunModel)" time="0.037" />
  <testcase classname="ptolemy.util.test.junit.AutoTests" name="[13] /home/travis/build/icyphy/ptII/ptolemy/domains/modal/test/auto/CannotAnalysisWithPreemption3.xml (RunModel)" time="0.044" />
  <testcase classname="ptolemy.util.test.junit.AutoTests" name="[14] /home/travis/build/icyphy/ptII/ptolemy/domains/modal/test/auto/CannotProduce.xml (RunModel)" time="0.041" />
  <testcase classname="ptolemy.util.test.junit.AutoTests" name="[15] /home/travis/build/icyphy/ptII/ptolemy/domains/modal/test/auto/CannotProduceModal.xml (RunModel)" time="0.027" />
  <testcase classname="ptolemy.util.test.junit.AutoTests" name="[16] /home/travis/build/icyphy/ptII/ptolemy/domains/modal/test/auto/Case.xml (RunModel)" time="0.064" />
  <testcase classname="ptolemy.util.test.junit.AutoTests" name="[17] /home/travis/build/icyphy/ptII/ptolemy/domains/modal/test/auto/Case1.xml (RunModel)" time="0.049" />
  <testcase classname="ptolemy.util.test.junit.AutoTests" name="[18] /home/travis/build/icyphy/ptII/ptolemy/domains/modal/test/auto/Case2.xml (RunModel)" time="0.048" />
  <testcase classname="ptolemy.util.test.junit.AutoTests" name="[19] /home/travis/build/icyphy/ptII/ptolemy/domains/modal/test/auto/CausalityInterface1.xml (RunModel)" time="0.026" />
  <testcase classname="ptolemy.util.test.junit.AutoTests" name="[20] /home/travis/build/icyphy/ptII/ptolemy/domains/modal/test/auto/CausalityInterface10.xml (RunModel)" time="0.067" />
  <testcase classname="ptolemy.util.test.junit.AutoTests" name="[21] /home/travis/build/icyphy/ptII/ptolemy/domains/modal/test/auto/CausalityInterface11.xml (RunModel)" time="0.041" />
  <testcase classname="ptolemy.util.test.junit.AutoTests" name="[22] /home/travis/build/icyphy/ptII/ptolemy/domains/modal/test/auto/CausalityInterface12.xml (RunModel)" time="0.039" />
  <testcase classname="ptolemy.util.test.junit.AutoTests" name="[23] /home/travis/build/icyphy/ptII/ptolemy/domains/modal/test/auto/CausalityInterface13.xml (RunModel)" time="0.063" />
  <testcase classname="ptolemy.util.test.junit.AutoTests" name="[24] /home/travis/build/icyphy/ptII/ptolemy/domains/modal/test/auto/CausalityInterface14.xml (RunModel)" time="0.057" />
  <testcase classname="ptolemy.util.test.junit.AutoTests" name="[25] /home/travis/build/icyphy/ptII/ptolemy/domains/modal/test/auto/CausalityInterface2.xml (RunModel)" time="0.028" />
  <testcase classname="ptolemy.util.test.junit.AutoTests" name="[26] /home/travis/build/icyphy/ptII/ptolemy/domains/modal/test/auto/CausalityInterface3.xml (RunModel)" time="0.021" />
  <testcase classname="ptolemy.util.test.junit.AutoTests" name="[27] /home/travis/build/icyphy/ptII/ptolemy/domains/modal/test/auto/CausalityInterface4.xml (RunModel)" time="0.022" />
  <testcase classname="ptolemy.util.test.junit.AutoTests" name="[28] /home/travis/build/icyphy/ptII/ptolemy/domains/modal/test/auto/CausalityInterface5.xml (RunModel)" time="0.04" />
  <testcase classname="ptolemy.util.test.junit.AutoTests" name="[29] /home/travis/build/icyphy/ptII/ptolemy/domains/modal/test/auto/CausalityInterface6.xml (RunModel)" time="0.036" />
  <testcase classname="ptolemy.util.test.junit.AutoTests" name="[30] /home/travis/build/icyphy/ptII/ptolemy/domains/modal/test/auto/CausalityInterface7.xml (RunModel)" time="0.035" />
  <testcase classname="ptolemy.util.test.junit.AutoTests" name="[31] /home/travis/build/icyphy/ptII/ptolemy/domains/modal/test/auto/CausalityInterface8.xml (RunModel)" time="0.033" />
  <testcase classname="ptolemy.util.test.junit.AutoTests" name="[32] /home/travis/build/icyphy/ptII/ptolemy/domains/modal/test/auto/CausalityInterface9.xml (RunModel)" time="0.046" />
  <testcase classname="ptolemy.util.test.junit.AutoTests" name="[33] /home/travis/build/icyphy/ptII/ptolemy/domains/modal/test/auto/ChainedTransitions.xml (RunModel)" time="0.16" />
  <testcase classname="ptolemy.util.test.junit.AutoTests" name="[34] /home/travis/build/icyphy/ptII/ptolemy/domains/modal/test/auto/CycleOfImmediateTransitionsFSM.xml (RunModel)" time="0.024" />
  <testcase classname="ptolemy.util.test.junit.AutoTests" name="[35] /home/travis/build/icyphy/ptII/ptolemy/domains/modal/test/auto/CycleOfImmediateTransitionsModal.xml (RunModel)" time="0.022" />
  <testcase classname="ptolemy.util.test.junit.AutoTests" name="[36] /home/travis/build/icyphy/ptII/ptolemy/domains/modal/test/auto/CycleOfImmediateTransitionsModal2.xml (RunModel)" time="0.031" />
  <testcase classname="ptolemy.util.test.junit.AutoTests" name="[37] /home/travis/build/icyphy/ptII/ptolemy/domains/modal/test/auto/CycleOfImmediateTransitionsModal3.xml (RunModel)" time="0.075" />
  <testcase classname="ptolemy.util.test.junit.AutoTests" name="[38] /home/travis/build/icyphy/ptII/ptolemy/domains/modal/test/auto/DeepModal1.xml (RunModel)" time="0.069" />
  <testcase classname="ptolemy.util.test.junit.AutoTests" name="[39] /home/travis/build/icyphy/ptII/ptolemy/domains/modal/test/auto/DeepModal2.xml (RunModel)" time="0.077" />
  <testcase classname="ptolemy.util.test.junit.AutoTests" name="[40] /home/travis/build/icyphy/ptII/ptolemy/domains/modal/test/auto/DeepModal3.xml (RunModel)" time="0.068" />
  <testcase classname="ptolemy.util.test.junit.AutoTests" name="[41] /home/travis/build/icyphy/ptII/ptolemy/domains/modal/test/auto/DeepModal4.xml (RunModel)" time="0.066" />
  <testcase classname="ptolemy.util.test.junit.AutoTests" name="[42] /home/travis/build/icyphy/ptII/ptolemy/domains/modal/test/auto/Default1.xml (RunModel)" time="0.015" />
  <testcase classname="ptolemy.util.test.junit.AutoTests" name="[43] /home/travis/build/icyphy/ptII/ptolemy/domains/modal/test/auto/Default2.xml (RunModel)" time="0.02" />
  <testcase classname="ptolemy.util.test.junit.AutoTests" name="[44] /home/travis/build/icyphy/ptII/ptolemy/domains/modal/test/auto/Default3.xml (RunModel)" time="0.023" />
  <testcase classname="ptolemy.util.test.junit.AutoTests" name="[45] /home/travis/build/icyphy/ptII/ptolemy/domains/modal/test/auto/Default4.xml (RunModel)" time="0.017" />
  <testcase classname="ptolemy.util.test.junit.AutoTests" name="[46] /home/travis/build/icyphy/ptII/ptolemy/domains/modal/test/auto/Default5.xml (RunModel)" time="0.037" />
  <testcase classname="ptolemy.util.test.junit.AutoTests" name="[47] /home/travis/build/icyphy/ptII/ptolemy/domains/modal/test/auto/EmptyGuard.xml (RunModel)" time="0.027" />
  <testcase classname="ptolemy.util.test.junit.AutoTests" name="[48] /home/travis/build/icyphy/ptII/ptolemy/domains/modal/test/auto/ErrorTransition1.xml (RunModel)" time="0.034" />
  <testcase classname="ptolemy.util.test.junit.AutoTests" name="[49] /home/travis/build/icyphy/ptII/ptolemy/domains/modal/test/auto/ErrorTransition10.xml (RunModel)" time="0.065" />
  <testcase classname="ptolemy.util.test.junit.AutoTests" name="[50] /home/travis/build/icyphy/ptII/ptolemy/domains/modal/test/auto/ErrorTransition11.xml (RunModel)" time="0.033" />
  <testcase classname="ptolemy.util.test.junit.AutoTests" name="[51] /home/travis/build/icyphy/ptII/ptolemy/domains/modal/test/auto/ErrorTransition2.xml (RunModel)" time="0.025" />
  <testcase classname="ptolemy.util.test.junit.AutoTests" name="[52] /home/travis/build/icyphy/ptII/ptolemy/domains/modal/test/auto/ErrorTransition3.xml (RunModel)" time="0.041" />
  <testcase classname="ptolemy.util.test.junit.AutoTests" name="[53] /home/travis/build/icyphy/ptII/ptolemy/domains/modal/test/auto/ErrorTransition4.xml (RunModel)" time="0.037" />
  <testcase classname="ptolemy.util.test.junit.AutoTests" name="[54] /home/travis/build/icyphy/ptII/ptolemy/domains/modal/test/auto/ErrorTransition5.xml (RunModel)" time="0.029" />
  <testcase classname="ptolemy.util.test.junit.AutoTests" name="[55] /home/travis/build/icyphy/ptII/ptolemy/domains/modal/test/auto/ErrorTransition6.xml (RunModel)" time="0.032" />
  <testcase classname="ptolemy.util.test.junit.AutoTests" name="[56] /home/travis/build/icyphy/ptII/ptolemy/domains/modal/test/auto/ErrorTransition7.xml (RunModel)" time="0.048" />
  <testcase classname="ptolemy.util.test.junit.AutoTests" name="[57] /home/travis/build/icyphy/ptII/ptolemy/domains/modal/test/auto/ErrorTransition8.xml (RunModel)" time="0.051" />
  <testcase classname="ptolemy.util.test.junit.AutoTests" name="[58] /home/travis/build/icyphy/ptII/ptolemy/domains/modal/test/auto/ErrorTransition9.xml (RunModel)" time="0.044" />
  <testcase classname="ptolemy.util.test.junit.AutoTests" name="[59] /home/travis/build/icyphy/ptII/ptolemy/domains/modal/test/auto/ExtendedFSM.xml (RunModel)" time="0.029" />
  <testcase classname="ptolemy.util.test.junit.AutoTests" name="[60] /home/travis/build/icyphy/ptII/ptolemy/domains/modal/test/auto/FinalStates.xml (RunModel)" time="0.022" />
  <testcase classname="ptolemy.util.test.junit.AutoTests" name="[61] /home/travis/build/icyphy/ptII/ptolemy/domains/modal/test/auto/FixedPointFSM.xml (RunModel)" time="0.058" />
  <testcase classname="ptolemy.util.test.junit.AutoTests" name="[62] /home/travis/build/icyphy/ptII/ptolemy/domains/modal/test/auto/FixedPointIterationFSMActor.xml (RunModel)" time="0.028" />
  <testcase classname="ptolemy.util.test.junit.AutoTests" name="[63] /home/travis/build/icyphy/ptII/ptolemy/domains/modal/test/auto/FixedPointIterationFSMActor2.xml (RunModel)" time="0.032" />
  <testcase classname="ptolemy.util.test.junit.AutoTests" name="[64] /home/travis/build/icyphy/ptII/ptolemy/domains/modal/test/auto/ForbiddenInstantanousLoop.xml (RunModel)" time="0.037" />
  <testcase classname="ptolemy.util.test.junit.AutoTests" name="[65] /home/travis/build/icyphy/ptII/ptolemy/domains/modal/test/auto/FunctionDependencyOfFSMActorTest.xml (RunModel)" time="0.027" />
  <testcase classname="ptolemy.util.test.junit.AutoTests" name="[66] /home/travis/build/icyphy/ptII/ptolemy/domains/modal/test/auto/GuardExpression.xml (RunModel)" time="0.016" />
  <testcase classname="ptolemy.util.test.junit.AutoTests" name="[67] /home/travis/build/icyphy/ptII/ptolemy/domains/modal/test/auto/GuardNotEvaluated.xml (RunModel)" time="0.026" />
  <testcase classname="ptolemy.util.test.junit.AutoTests" name="[68] /home/travis/build/icyphy/ptII/ptolemy/domains/modal/test/auto/GuardNotEvaluated2.xml (RunModel)" time="0.022" />
  <testcase classname="ptolemy.util.test.junit.AutoTests" name="[69] /home/travis/build/icyphy/ptII/ptolemy/domains/modal/test/auto/GuardOnAbsent.xml (RunModel)" time="0.022" />
  <testcase classname="ptolemy.util.test.junit.AutoTests" name="[70] /home/travis/build/icyphy/ptII/ptolemy/domains/modal/test/auto/HierarchicalFSMTypeInference.xml (RunModel)" time="0.027" />
  <testcase classname="ptolemy.util.test.junit.AutoTests" name="[71] /home/travis/build/icyphy/ptII/ptolemy/domains/modal/test/auto/Hysteresis.xml (RunModel)" time="0.044" />
  <testcase classname="ptolemy.util.test.junit.AutoTests" name="[72] /home/travis/build/icyphy/ptII/ptolemy/domains/modal/test/auto/HysteresisWithDefault.xml (RunModel)" time="0.083" />
  <testcase classname="ptolemy.util.test.junit.AutoTests" name="[73] /home/travis/build/icyphy/ptII/ptolemy/domains/modal/test/auto/HysteresisWithDefault2.xml (RunModel)" time="0.075" />
  <testcase classname="ptolemy.util.test.junit.AutoTests" name="[74] /home/travis/build/icyphy/ptII/ptolemy/domains/modal/test/auto/ImmediateNonConstructiveness.xml (RunModel)" time="0.017" />
  <testcase classname="ptolemy.util.test.junit.AutoTests" name="[75] /home/travis/build/icyphy/ptII/ptolemy/domains/modal/test/auto/ImmediateNonConstructiveness2.xml (RunModel)" time="0.017" />
  <testcase classname="ptolemy.util.test.junit.AutoTests" name="[76] /home/travis/build/icyphy/ptII/ptolemy/domains/modal/test/auto/ImmediateTransitionReset.xml (RunModel)" time="0.03" />
  <testcase classname="ptolemy.util.test.junit.AutoTests" name="[77] /home/travis/build/icyphy/ptII/ptolemy/domains/modal/test/auto/ImmediateTransitions1.xml (RunModel)" time="0.012" />
  <testcase classname="ptolemy.util.test.junit.AutoTests" name="[78] /home/travis/build/icyphy/ptII/ptolemy/domains/modal/test/auto/ImmediateTransitionsInstantaneousCommunication.xml (RunModel)" time="0.029" />
  <testcase classname="ptolemy.util.test.junit.AutoTests" name="[79] /home/travis/build/icyphy/ptII/ptolemy/domains/modal/test/auto/InitialImmediateTransition.xml (RunModel)" time="0.023" />
  <testcase classname="ptolemy.util.test.junit.AutoTests" name="[80] /home/travis/build/icyphy/ptII/ptolemy/domains/modal/test/auto/InitialOutputs.xml (RunModel)" time="0.014" />
  <testcase classname="ptolemy.util.test.junit.AutoTests" name="[81] /home/travis/build/icyphy/ptII/ptolemy/domains/modal/test/auto/InitialStateTransition1.xml (RunModel)" time="0.018" />
  <testcase classname="ptolemy.util.test.junit.AutoTests" name="[82] /home/travis/build/icyphy/ptII/ptolemy/domains/modal/test/auto/InitialStateTransition2.xml (RunModel)" time="0.021" />
  <testcase classname="ptolemy.util.test.junit.AutoTests" name="[83] /home/travis/build/icyphy/ptII/ptolemy/domains/modal/test/auto/InitialStateTransition3.xml (RunModel)" time="0.021" />
  <testcase classname="ptolemy.util.test.junit.AutoTests" name="[84] /home/travis/build/icyphy/ptII/ptolemy/domains/modal/test/auto/InitialStateTransition4.xml (RunModel)" time="0.025" />
  <testcase classname="ptolemy.util.test.junit.AutoTests" name="[85] /home/travis/build/icyphy/ptII/ptolemy/domains/modal/test/auto/MalformedGuardExpressionNotCaught.xml (RunModel)" time="0.024" />
  <testcase classname="ptolemy.util.test.junit.AutoTests" name="[86] /home/travis/build/icyphy/ptII/ptolemy/domains/modal/test/auto/ModalBSC.xml (RunModel)" time="0.115" />
  <testcase classname="ptolemy.util.test.junit.AutoTests" name="[87] /home/travis/build/icyphy/ptII/ptolemy/domains/modal/test/auto/ModalClocks.xml (RunModel)" time="0.1" />
  <testcase classname="ptolemy.util.test.junit.AutoTests" name="[88] /home/travis/build/icyphy/ptII/ptolemy/domains/modal/test/auto/ModalDelay.xml (RunModel)" time="0.059" />
  <testcase classname="ptolemy.util.test.junit.AutoTests" name="[89] /home/travis/build/icyphy/ptII/ptolemy/domains/modal/test/auto/ModalDelay2.xml (RunModel)" time="0.047" />
  <testcase classname="ptolemy.util.test.junit.AutoTests" name="[90] /home/travis/build/icyphy/ptII/ptolemy/domains/modal/test/auto/ModalModelFromMemo.xml (RunModel)" time="0.05" />
  <testcase classname="ptolemy.util.test.junit.AutoTests" name="[91] /home/travis/build/icyphy/ptII/ptolemy/domains/modal/test/auto/ModalModelWithMultirateTransient.xml (RunModel)" time="0.057" />
  <testcase classname="ptolemy.util.test.junit.AutoTests" name="[92] /home/travis/build/icyphy/ptII/ptolemy/domains/modal/test/auto/ModalModelWithReset.xml (RunModel)" time="0.049" />
  <testcase classname="ptolemy.util.test.junit.AutoTests" name="[93] /home/travis/build/icyphy/ptII/ptolemy/domains/modal/test/auto/MouseClickFSM.xml (RunModel)" time="0.037" />
  <testcase classname="ptolemy.util.test.junit.AutoTests" name="[94] /home/travis/build/icyphy/ptII/ptolemy/domains/modal/test/auto/MouseClickFSMModal.xml (RunModel)" time="0.032" />
  <testcase classname="ptolemy.util.test.junit.AutoTests" name="[95] /home/travis/build/icyphy/ptII/ptolemy/domains/modal/test/auto/NonStrictFSM_FeedbackLoop.xml (RunModel)" time="0.058" />
  <testcase classname="ptolemy.util.test.junit.AutoTests" name="[96] /home/travis/build/icyphy/ptII/ptolemy/domains/modal/test/auto/NonStrictFSM_FeedbackLoop_Refinement.xml (RunModel)" time="0.087" />
  <testcase classname="ptolemy.util.test.junit.AutoTests" name="[97] /home/travis/build/icyphy/ptII/ptolemy/domains/modal/test/auto/NonStrictFSM_FeedbackLoop_preemptive.xml (RunModel)" time="0.04" />
  <testcase classname="ptolemy.util.test.junit.AutoTests" name="[98] /home/travis/build/icyphy/ptII/ptolemy/domains/modal/test/auto/NormalTermination.xml (RunModel)" time="0.038" />
  <testcase classname="ptolemy.util.test.junit.AutoTests" name="[99] /home/travis/build/icyphy/ptII/ptolemy/domains/modal/test/auto/Pong.xml (RunModel)" time="0.07" />
  <testcase classname="ptolemy.util.test.junit.AutoTests" name="[100] /home/travis/build/icyphy/ptII/ptolemy/domains/modal/test/auto/Pong_test.xml (RunModel)" time="0.1" />
  <testcase classname="ptolemy.util.test.junit.AutoTests" name="[101] /home/travis/build/icyphy/ptII/ptolemy/domains/modal/test/auto/PreemptionHierarchy.xml (RunModel)" time="0.022" />
  <testcase classname="ptolemy.util.test.junit.AutoTests" name="[102] /home/travis/build/icyphy/ptII/ptolemy/domains/modal/test/auto/PreemptionHierarchy2.xml (RunModel)" time="0.028" />
  <testcase classname="ptolemy.util.test.junit.AutoTests" name="[103] /home/travis/build/icyphy/ptII/ptolemy/domains/modal/test/auto/PreemptiveTransition.xml (RunModel)" time="0.022" />
  <testcase classname="ptolemy.util.test.junit.AutoTests" name="[104] /home/travis/build/icyphy/ptII/ptolemy/domains/modal/test/auto/Priorities.xml (RunModel)" time="0.105" />
  <testcase classname="ptolemy.util.test.junit.AutoTests" name="[105] /home/travis/build/icyphy/ptII/ptolemy/domains/modal/test/auto/ResetFinal.xml (RunModel)" time="0.043" />
  <testcase classname="ptolemy.util.test.junit.AutoTests" name="[106] /home/travis/build/icyphy/ptII/ptolemy/domains/modal/test/auto/ResetFinal2.xml (RunModel)" time="0.028" />
  <testcase classname="ptolemy.util.test.junit.AutoTests" name="[107] /home/travis/build/icyphy/ptII/ptolemy/domains/modal/test/auto/ResetTransitionWithStartTime.xml (RunModel)" time="0.026" />
  <testcase classname="ptolemy.util.test.junit.AutoTests" name="[108] /home/travis/build/icyphy/ptII/ptolemy/domains/modal/test/auto/SDF-FSMComposite.xml (RunModel)" time="0.021" />
  <testcase classname="ptolemy.util.test.junit.AutoTests" name="[109] /home/travis/build/icyphy/ptII/ptolemy/domains/modal/test/auto/SeeminglyNondeterminate.xml (RunModel)" time="0.082" />
  <testcase classname="ptolemy.util.test.junit.AutoTests" name="[110] /home/travis/build/icyphy/ptII/ptolemy/domains/modal/test/auto/SeeminglyNondeterminate2.xml (RunModel)" time="0.07" />
  <testcase classname="ptolemy.util.test.junit.AutoTests" name="[111] /home/travis/build/icyphy/ptII/ptolemy/domains/modal/test/auto/SpontaneousFSM.xml (RunModel)" time="0.042" />
  <testcase classname="ptolemy.util.test.junit.AutoTests" name="[112] /home/travis/build/icyphy/ptII/ptolemy/domains/modal/test/auto/SpontaneousFSM2.xml (RunModel)" time="0.026" />
  <testcase classname="ptolemy.util.test.junit.AutoTests" name="[113] /home/travis/build/icyphy/ptII/ptolemy/domains/modal/test/auto/SpontaneousFSM3.xml (RunModel)" time="0.05" />
  <testcase classname="ptolemy.util.test.junit.AutoTests" name="[114] /home/travis/build/icyphy/ptII/ptolemy/domains/modal/test/auto/SpontaneousFSM4.xml (RunModel)" time="0.046" />
  <testcase classname="ptolemy.util.test.junit.AutoTests" name="[115] /home/travis/build/icyphy/ptII/ptolemy/domains/modal/test/auto/StateTrackerTest.xml (RunModel)" time="0.065" />
  <testcase classname="ptolemy.util.test.junit.AutoTests" name="[116] /home/travis/build/icyphy/ptII/ptolemy/domains/modal/test/auto/StrongImmediateTransition.xml (RunModel)" time="0.026" />
  <testcase classname="ptolemy.util.test.junit.AutoTests" name="[117] /home/travis/build/icyphy/ptII/ptolemy/domains/modal/test/auto/SustainHierarchy.xml (RunModel)" time="0.031" />
  <testcase classname="ptolemy.util.test.junit.AutoTests" name="[118] /home/travis/build/icyphy/ptII/ptolemy/domains/modal/test/auto/TerminationTransition1.xml (RunModel)" time="0.059" />
  <testcase classname="ptolemy.util.test.junit.AutoTests" name="[119] /home/travis/build/icyphy/ptII/ptolemy/domains/modal/test/auto/TerminationTransition2.xml (RunModel)" time="0.057" />
  <testcase classname="ptolemy.util.test.junit.AutoTests" name="[120] /home/travis/build/icyphy/ptII/ptolemy/domains/modal/test/auto/TerminationTransition3.xml (RunModel)" time="0.055" />
  <testcase classname="ptolemy.util.test.junit.AutoTests" name="[121] /home/travis/build/icyphy/ptII/ptolemy/domains/modal/test/auto/TerminationTransition4.xml (RunModel)" time="0.036" />
  <testcase classname="ptolemy.util.test.junit.AutoTests" name="[122] /home/travis/build/icyphy/ptII/ptolemy/domains/modal/test/auto/TerminationTransition5.xml (RunModel)" time="0.03" />
  <testcase classname="ptolemy.util.test.junit.AutoTests" name="[123] /home/travis/build/icyphy/ptII/ptolemy/domains/modal/test/auto/TerminationTransition6.xml (RunModel)" time="0.02" />
  <testcase classname="ptolemy.util.test.junit.AutoTests" name="[124] /home/travis/build/icyphy/ptII/ptolemy/domains/modal/test/auto/TerminationTransition7.xml (RunModel)" time="0.019" />
  <testcase classname="ptolemy.util.test.junit.AutoTests" name="[125] /home/travis/build/icyphy/ptII/ptolemy/domains/modal/test/auto/TerminationTransition8.xml (RunModel)" time="0.024" />
  <testcase classname="ptolemy.util.test.junit.AutoTests" name="[126] /home/travis/build/icyphy/ptII/ptolemy/domains/modal/test/auto/Thermostat_NoHysteresis.xml (RunModel)" time="0.078" />
  <testcase classname="ptolemy.util.test.junit.AutoTests" name="[127] /home/travis/build/icyphy/ptII/ptolemy/domains/modal/test/auto/TimedFSM.xml (RunModel)" time="0.047" />
  <testcase classname="ptolemy.util.test.junit.AutoTests" name="[128] /home/travis/build/icyphy/ptII/ptolemy/domains/modal/test/auto/Timeout1.xml (RunModel)" time="0.015" />
  <testcase classname="ptolemy.util.test.junit.AutoTests" name="[129] /home/travis/build/icyphy/ptII/ptolemy/domains/modal/test/auto/Timeout2.xml (RunModel)" time="0.024" />
  <testcase classname="ptolemy.util.test.junit.AutoTests" name="[130] /home/travis/build/icyphy/ptII/ptolemy/domains/modal/test/auto/Timeout3.xml (RunModel)" time="0.013" />
  <testcase classname="ptolemy.util.test.junit.AutoTests" name="[131] /home/travis/build/icyphy/ptII/ptolemy/domains/modal/test/auto/Timeout4.xml (RunModel)" time="0.012" />
  <testcase classname="ptolemy.util.test.junit.AutoTests" name="[132] /home/travis/build/icyphy/ptII/ptolemy/domains/modal/test/auto/TransientstateModelAdvanced.xml (RunModel)" time="0.033" />
  <testcase classname="ptolemy.util.test.junit.AutoTests" name="[133] /home/travis/build/icyphy/ptII/ptolemy/domains/modal/test/auto/TransientstateModelAdvanced2.xml (RunModel)" time="0.035" />
  <testcase classname="ptolemy.util.test.junit.AutoTests" name="[134] /home/travis/build/icyphy/ptII/ptolemy/domains/modal/test/auto/TransitionRefinements.xml (RunModel)" time="0.025" />
  <testcase classname="ptolemy.util.test.junit.AutoTests" name="[135] /home/travis/build/icyphy/ptII/ptolemy/domains/modal/test/auto/TwoRefinements1.xml (RunModel)" time="0.025" />
  <testcase classname="ptolemy.util.test.junit.AutoTests" name="[136] /home/travis/build/icyphy/ptII/ptolemy/domains/modal/test/auto/TwoRefinements2.xml (RunModel)" time="0.023" />
  <testcase classname="ptolemy.util.test.junit.AutoTests" name="[137] /home/travis/build/icyphy/ptII/ptolemy/domains/modal/test/auto/WeakImmediateTransition.xml (RunModel)" time="0.022" />
  <testcase classname="ptolemy.util.test.junit.AutoTests" name="[138] /home/travis/build/icyphy/ptII/ptolemy/domains/modal/test/auto/booleanSelect.xml (RunModel)" time="0.086" />
  <testcase classname="ptolemy.util.test.junit.AutoTests" name="[139] /home/travis/build/icyphy/ptII/ptolemy/domains/modal/test/auto/modalChangingParams.xml (RunModel)" time="0.3" />
  <testcase classname="ptolemy.util.test.junit.AutoTests" name="[140] /home/travis/build/icyphy/ptII/ptolemy/domains/modal/test/auto/modalModel.xml (RunModel)" time="0.023" />
  <testcase classname="ptolemy.util.test.junit.AutoTests" name="[141] /home/travis/build/icyphy/ptII/ptolemy/domains/modal/test/auto/modalModel2.xml (RunModel)" time="0.03" />
  <testcase classname="ptolemy.util.test.junit.AutoTests" name="[142] /home/travis/build/icyphy/ptII/ptolemy/domains/modal/test/auto/modalModel3.xml (RunModel)" time="0.043" />
  <testcase classname="ptolemy.util.test.junit.AutoTests" name="[143] /home/travis/build/icyphy/ptII/ptolemy/domains/modal/test/auto/model1.xml (RunModel)" time="0.021" />
  <testcase classname="ptolemy.util.test.junit.AutoTests" name="[144] /home/travis/build/icyphy/ptII/ptolemy/domains/modal/test/auto/test-direct-in-out.xml (RunModel)" time="0.028" />
  <system-out><![CDATA[/home/travis/build/icyphy/ptII/ptolemy/domains/modal/test/SystemLevelType.tcl
testDefs.tcl: setting time out to 9000 seconds at Tue Dec 03 06:22:39 UTC 2019
12/03/19 06:22:41
Failed: 0  Total Tests: 1  ((Passed: 1, Newly Passed: 0)  Known Failed: 0) /home/travis/build/icyphy/ptII/ptolemy/domains/modal/test
----------------- testing (KnownFailure) /home/travis/build/icyphy/ptII/ptolemy/domains/modal/test/auto/knownFailedTests/CannotAnalysisWithPreemption.xml
153 ms. Memory: 156672K Free: 80432K (51%)
Known Failure: java.lang.reflect.InvocationTargetException
No auto/linux-amd64/*.xml tests in /home/travis/build/icyphy/ptII/ptolemy/domains/modal/test
AutoTests.java: About to close Vertx.
AutoTests.java: Vertx closed.

===========================================================================================
----------------- testing Tue Dec 03 06:22:42 UTC 2019 /home/travis/build/icyphy/ptII/ptolemy/domains/modal/test/auto/ABPTest.xml
----------------- Instantiating /home/travis/build/icyphy/ptII/ptolemy/domains/modal/test/auto/ABPTest.xml
317 ms. Memory: 156672K Free: 107131K (68%)
----------------- Invoking toplevel() on ptolemy.moml.MoMLSimpleApplication@18decacf
----------------- Done invoking toplevel() on ptolemy.moml.MoMLSimpleApplication@18decacf
reloadAllAccessors: .ABPTest

===========================================================================================
----------------- testing Tue Dec 03 06:22:43 UTC 2019 /home/travis/build/icyphy/ptII/ptolemy/domains/modal/test/auto/ABROFlat.xml
----------------- Instantiating /home/travis/build/icyphy/ptII/ptolemy/domains/modal/test/auto/ABROFlat.xml
30 ms. Memory: 156672K Free: 90994K (58%)
----------------- Invoking toplevel() on ptolemy.moml.MoMLSimpleApplication@66c26da9
----------------- Done invoking toplevel() on ptolemy.moml.MoMLSimpleApplication@66c26da9
reloadAllAccessors: .ABROFlat

===========================================================================================
----------------- testing Tue Dec 03 06:22:43 UTC 2019 /home/travis/build/icyphy/ptII/ptolemy/domains/modal/test/auto/ABROFlat2.xml
----------------- Instantiating /home/travis/build/icyphy/ptII/ptolemy/domains/modal/test/auto/ABROFlat2.xml
23 ms. Memory: 156672K Free: 74100K (47%)
----------------- Invoking toplevel() on ptolemy.moml.MoMLSimpleApplication@6ce71e9c
----------------- Done invoking toplevel() on ptolemy.moml.MoMLSimpleApplication@6ce71e9c
reloadAllAccessors: .ABROFlat2

===========================================================================================
----------------- testing Tue Dec 03 06:22:43 UTC 2019 /home/travis/build/icyphy/ptII/ptolemy/domains/modal/test/auto/ABRO_present_hmm.xml
----------------- Instantiating /home/travis/build/icyphy/ptII/ptolemy/domains/modal/test/auto/ABRO_present_hmm.xml
19 ms. Memory: 188416K Free: 157058K (83%)
----------------- Invoking toplevel() on ptolemy.moml.MoMLSimpleApplication@3afba16
----------------- Done invoking toplevel() on ptolemy.moml.MoMLSimpleApplication@3afba16
reloadAllAccessors: .ABRO_present_hmm

===========================================================================================
----------------- testing Tue Dec 03 06:22:43 UTC 2019 /home/travis/build/icyphy/ptII/ptolemy/domains/modal/test/auto/AMICoderExample.xml
----------------- Instantiating /home/travis/build/icyphy/ptII/ptolemy/domains/modal/test/auto/AMICoderExample.xml
32 ms. Memory: 188416K Free: 146298K (78%)
----------------- Invoking toplevel() on ptolemy.moml.MoMLSimpleApplication@53e4e4c1
----------------- Done invoking toplevel() on ptolemy.moml.MoMLSimpleApplication@53e4e4c1
reloadAllAccessors: .AMICoderExample

===========================================================================================
----------------- testing Tue Dec 03 06:22:43 UTC 2019 /home/travis/build/icyphy/ptII/ptolemy/domains/modal/test/auto/AbsentToPresent.xml
----------------- Instantiating /home/travis/build/icyphy/ptII/ptolemy/domains/modal/test/auto/AbsentToPresent.xml
8 ms. Memory: 188416K Free: 141698K (75%)
----------------- Invoking toplevel() on ptolemy.moml.MoMLSimpleApplication@44d1d28a
----------------- Done invoking toplevel() on ptolemy.moml.MoMLSimpleApplication@44d1d28a
reloadAllAccessors: .AbsentToPresent

===========================================================================================
----------------- testing Tue Dec 03 06:22:43 UTC 2019 /home/travis/build/icyphy/ptII/ptolemy/domains/modal/test/auto/Blending.xml
----------------- Instantiating /home/travis/build/icyphy/ptII/ptolemy/domains/modal/test/auto/Blending.xml
176 ms. Memory: 188416K Free: 96642K (51%)
----------------- Invoking toplevel() on ptolemy.moml.MoMLSimpleApplication@3843fcca
----------------- Done invoking toplevel() on ptolemy.moml.MoMLSimpleApplication@3843fcca
reloadAllAccessors: .Blending

===========================================================================================
----------------- testing Tue Dec 03 06:22:43 UTC 2019 /home/travis/build/icyphy/ptII/ptolemy/domains/modal/test/auto/Broadcast.xml
----------------- Instantiating /home/travis/build/icyphy/ptII/ptolemy/domains/modal/test/auto/Broadcast.xml
13 ms. Memory: 188416K Free: 86402K (46%)
----------------- Invoking toplevel() on ptolemy.moml.MoMLSimpleApplication@7ce6816c
----------------- Done invoking toplevel() on ptolemy.moml.MoMLSimpleApplication@7ce6816c
reloadAllAccessors: .Broadcast

===========================================================================================
----------------- testing Tue Dec 03 06:22:43 UTC 2019 /home/travis/build/icyphy/ptII/ptolemy/domains/modal/test/auto/BroadcastHierarchy.xml
----------------- Instantiating /home/travis/build/icyphy/ptII/ptolemy/domains/modal/test/auto/BroadcastHierarchy.xml
11 ms. Memory: 188416K Free: 73090K (39%)
----------------- Invoking toplevel() on ptolemy.moml.MoMLSimpleApplication@621dcde4
----------------- Done invoking toplevel() on ptolemy.moml.MoMLSimpleApplication@621dcde4
reloadAllAccessors: .BroadcastHierarchy

===========================================================================================
----------------- testing Tue Dec 03 06:22:44 UTC 2019 /home/travis/build/icyphy/ptII/ptolemy/domains/modal/test/auto/BroadcastHierarchy2.xml
----------------- Instantiating /home/travis/build/icyphy/ptII/ptolemy/domains/modal/test/auto/BroadcastHierarchy2.xml
20 ms. Memory: 188416K Free: 153471K (81%)
----------------- Invoking toplevel() on ptolemy.moml.MoMLSimpleApplication@7a9f0a2d
----------------- Done invoking toplevel() on ptolemy.moml.MoMLSimpleApplication@7a9f0a2d
reloadAllAccessors: .BroadcastHierarchy2

===========================================================================================
----------------- testing Tue Dec 03 06:22:44 UTC 2019 /home/travis/build/icyphy/ptII/ptolemy/domains/modal/test/auto/BroadcastHierarchy3.xml
----------------- Instantiating /home/travis/build/icyphy/ptII/ptolemy/domains/modal/test/auto/BroadcastHierarchy3.xml
23 ms. Memory: 188416K Free: 133005K (71%)
----------------- Invoking toplevel() on ptolemy.moml.MoMLSimpleApplication@d261454
----------------- Done invoking toplevel() on ptolemy.moml.MoMLSimpleApplication@d261454
reloadAllAccessors: .BroadcastHierarchy3

===========================================================================================
----------------- testing Tue Dec 03 06:22:44 UTC 2019 /home/travis/build/icyphy/ptII/ptolemy/domains/modal/test/auto/BroadcastHierarchy4.xml
----------------- Instantiating /home/travis/build/icyphy/ptII/ptolemy/domains/modal/test/auto/BroadcastHierarchy4.xml
15 ms. Memory: 188416K Free: 108429K (58%)
----------------- Invoking toplevel() on ptolemy.moml.MoMLSimpleApplication@7b80e9a5
----------------- Done invoking toplevel() on ptolemy.moml.MoMLSimpleApplication@7b80e9a5
reloadAllAccessors: .BroadcastHierarchy4

===========================================================================================
----------------- testing Tue Dec 03 06:22:44 UTC 2019 /home/travis/build/icyphy/ptII/ptolemy/domains/modal/test/auto/CannotAnalysisWithPreemption2.xml
----------------- Instantiating /home/travis/build/icyphy/ptII/ptolemy/domains/modal/test/auto/CannotAnalysisWithPreemption2.xml
4 ms. Memory: 188416K Free: 101247K (54%)
----------------- Invoking toplevel() on ptolemy.moml.MoMLSimpleApplication@52b0ebc1
----------------- Done invoking toplevel() on ptolemy.moml.MoMLSimpleApplication@52b0ebc1
reloadAllAccessors: .CannotAnalysisWithPreemption2

===========================================================================================
----------------- testing Tue Dec 03 06:22:44 UTC 2019 /home/travis/build/icyphy/ptII/ptolemy/domains/modal/test/auto/CannotAnalysisWithPreemption3.xml
----------------- Instantiating /home/travis/build/icyphy/ptII/ptolemy/domains/modal/test/auto/CannotAnalysisWithPreemption3.xml
5 ms. Memory: 188416K Free: 91007K (48%)
----------------- Invoking toplevel() on ptolemy.moml.MoMLSimpleApplication@36554ebf
----------------- Done invoking toplevel() on ptolemy.moml.MoMLSimpleApplication@36554ebf
reloadAllAccessors: .CannotAnalysisWithPreemption3

===========================================================================================
----------------- testing Tue Dec 03 06:22:44 UTC 2019 /home/travis/build/icyphy/ptII/ptolemy/domains/modal/test/auto/CannotProduce.xml
----------------- Instantiating /home/travis/build/icyphy/ptII/ptolemy/domains/modal/test/auto/CannotProduce.xml
15 ms. Memory: 188416K Free: 84367K (45%)
----------------- Invoking toplevel() on ptolemy.moml.MoMLSimpleApplication@10e02129
----------------- Done invoking toplevel() on ptolemy.moml.MoMLSimpleApplication@10e02129
reloadAllAccessors: .CannotProduce

===========================================================================================
----------------- testing Tue Dec 03 06:22:44 UTC 2019 /home/travis/build/icyphy/ptII/ptolemy/domains/modal/test/auto/CannotProduceModal.xml
----------------- Instantiating /home/travis/build/icyphy/ptII/ptolemy/domains/modal/test/auto/CannotProduceModal.xml
8 ms. Memory: 188416K Free: 77703K (41%)
----------------- Invoking toplevel() on ptolemy.moml.MoMLSimpleApplication@7478d313
----------------- Done invoking toplevel() on ptolemy.moml.MoMLSimpleApplication@7478d313
reloadAllAccessors: .CannotProduceModal

===========================================================================================
----------------- testing Tue Dec 03 06:22:44 UTC 2019 /home/travis/build/icyphy/ptII/ptolemy/domains/modal/test/auto/Case.xml
----------------- Instantiating /home/travis/build/icyphy/ptII/ptolemy/domains/modal/test/auto/Case.xml
31 ms. Memory: 188416K Free: 66445K (35%)
----------------- Invoking toplevel() on ptolemy.moml.MoMLSimpleApplication@243028ae
----------------- Done invoking toplevel() on ptolemy.moml.MoMLSimpleApplication@243028ae
reloadAllAccessors: .Case

===========================================================================================
----------------- testing Tue Dec 03 06:22:44 UTC 2019 /home/travis/build/icyphy/ptII/ptolemy/domains/modal/test/auto/Case1.xml
----------------- Instantiating /home/travis/build/icyphy/ptII/ptolemy/domains/modal/test/auto/Case1.xml
11 ms. Memory: 188416K Free: 166770K (89%)
----------------- Invoking toplevel() on ptolemy.moml.MoMLSimpleApplication@559a9483
----------------- Done invoking toplevel() on ptolemy.moml.MoMLSimpleApplication@559a9483
reloadAllAccessors: .Case1

===========================================================================================
----------------- testing Tue Dec 03 06:22:44 UTC 2019 /home/travis/build/icyphy/ptII/ptolemy/domains/modal/test/auto/Case2.xml
----------------- Instantiating /home/travis/build/icyphy/ptII/ptolemy/domains/modal/test/auto/Case2.xml
16 ms. Memory: 188416K Free: 155520K (83%)
----------------- Invoking toplevel() on ptolemy.moml.MoMLSimpleApplication@1ecbdbba
----------------- Done invoking toplevel() on ptolemy.moml.MoMLSimpleApplication@1ecbdbba
reloadAllAccessors: .Case2

===========================================================================================
----------------- testing Tue Dec 03 06:22:44 UTC 2019 /home/travis/build/icyphy/ptII/ptolemy/domains/modal/test/auto/CausalityInterface1.xml
----------------- Instantiating /home/travis/build/icyphy/ptII/ptolemy/domains/modal/test/auto/CausalityInterface1.xml
3 ms. Memory: 188416K Free: 150400K (80%)
----------------- Invoking toplevel() on ptolemy.moml.MoMLSimpleApplication@76e1ad1
----------------- Done invoking toplevel() on ptolemy.moml.MoMLSimpleApplication@76e1ad1
reloadAllAccessors: .CausalityInterface1

===========================================================================================
----------------- testing Tue Dec 03 06:22:44 UTC 2019 /home/travis/build/icyphy/ptII/ptolemy/domains/modal/test/auto/CausalityInterface10.xml
----------------- Instantiating /home/travis/build/icyphy/ptII/ptolemy/domains/modal/test/auto/CausalityInterface10.xml
6 ms. Memory: 188416K Free: 137074K (73%)
----------------- Invoking toplevel() on ptolemy.moml.MoMLSimpleApplication@115117c
----------------- Done invoking toplevel() on ptolemy.moml.MoMLSimpleApplication@115117c
reloadAllAccessors: .CausalityInterface10

===========================================================================================
----------------- testing Tue Dec 03 06:22:44 UTC 2019 /home/travis/build/icyphy/ptII/ptolemy/domains/modal/test/auto/CausalityInterface11.xml
----------------- Instantiating /home/travis/build/icyphy/ptII/ptolemy/domains/modal/test/auto/CausalityInterface11.xml
6 ms. Memory: 188416K Free: 123746K (66%)
----------------- Invoking toplevel() on ptolemy.moml.MoMLSimpleApplication@49f0db91
----------------- Done invoking toplevel() on ptolemy.moml.MoMLSimpleApplication@49f0db91
reloadAllAccessors: .CausalityInterface11

===========================================================================================
----------------- testing Tue Dec 03 06:22:44 UTC 2019 /home/travis/build/icyphy/ptII/ptolemy/domains/modal/test/auto/CausalityInterface12.xml
----------------- Instantiating /home/travis/build/icyphy/ptII/ptolemy/domains/modal/test/auto/CausalityInterface12.xml
5 ms. Memory: 188416K Free: 110434K (59%)
----------------- Invoking toplevel() on ptolemy.moml.MoMLSimpleApplication@7500154e
----------------- Done invoking toplevel() on ptolemy.moml.MoMLSimpleApplication@7500154e
reloadAllAccessors: .CausalityInterface12

===========================================================================================
----------------- testing Tue Dec 03 06:22:44 UTC 2019 /home/travis/build/icyphy/ptII/ptolemy/domains/modal/test/auto/CausalityInterface13.xml
----------------- Instantiating /home/travis/build/icyphy/ptII/ptolemy/domains/modal/test/auto/CausalityInterface13.xml
12 ms. Memory: 188416K Free: 96642K (51%)
----------------- Invoking toplevel() on ptolemy.moml.MoMLSimpleApplication@1843c281
----------------- Done invoking toplevel() on ptolemy.moml.MoMLSimpleApplication@1843c281
reloadAllAccessors: .CausalityInterface13

===========================================================================================
----------------- testing Tue Dec 03 06:22:44 UTC 2019 /home/travis/build/icyphy/ptII/ptolemy/domains/modal/test/auto/CausalityInterface14.xml
----------------- Instantiating /home/travis/build/icyphy/ptII/ptolemy/domains/modal/test/auto/CausalityInterface14.xml
14 ms. Memory: 188416K Free: 82786K (44%)
----------------- Invoking toplevel() on ptolemy.moml.MoMLSimpleApplication@114ed9bb
----------------- Done invoking toplevel() on ptolemy.moml.MoMLSimpleApplication@114ed9bb
reloadAllAccessors: .CausalityInterface14

===========================================================================================
----------------- testing Tue Dec 03 06:22:44 UTC 2019 /home/travis/build/icyphy/ptII/ptolemy/domains/modal/test/auto/CausalityInterface2.xml
----------------- Instantiating /home/travis/build/icyphy/ptII/ptolemy/domains/modal/test/auto/CausalityInterface2.xml
5 ms. Memory: 188416K Free: 76658K (41%)
----------------- Invoking toplevel() on ptolemy.moml.MoMLSimpleApplication@1214eb38
----------------- Done invoking toplevel() on ptolemy.moml.MoMLSimpleApplication@1214eb38
reloadAllAccessors: .CausalityInterface2

===========================================================================================
----------------- testing Tue Dec 03 06:22:44 UTC 2019 /home/travis/build/icyphy/ptII/ptolemy/domains/modal/test/auto/CausalityInterface3.xml
----------------- Instantiating /home/travis/build/icyphy/ptII/ptolemy/domains/modal/test/auto/CausalityInterface3.xml
2 ms. Memory: 188416K Free: 70522K (37%)
----------------- Invoking toplevel() on ptolemy.moml.MoMLSimpleApplication@10f47d38
----------------- Done invoking toplevel() on ptolemy.moml.MoMLSimpleApplication@10f47d38
reloadAllAccessors: .CausalityInterface3

===========================================================================================
----------------- testing Tue Dec 03 06:22:44 UTC 2019 /home/travis/build/icyphy/ptII/ptolemy/domains/modal/test/auto/CausalityInterface4.xml
----------------- Instantiating /home/travis/build/icyphy/ptII/ptolemy/domains/modal/test/auto/CausalityInterface4.xml
3 ms. Memory: 188416K Free: 64370K (34%)
----------------- Invoking toplevel() on ptolemy.moml.MoMLSimpleApplication@68fbbae6
----------------- Done invoking toplevel() on ptolemy.moml.MoMLSimpleApplication@68fbbae6
reloadAllAccessors: .CausalityInterface4

===========================================================================================
----------------- testing Tue Dec 03 06:22:45 UTC 2019 /home/travis/build/icyphy/ptII/ptolemy/domains/modal/test/auto/CausalityInterface5.xml
----------------- Instantiating /home/travis/build/icyphy/ptII/ptolemy/domains/modal/test/auto/CausalityInterface5.xml
5 ms. Memory: 188416K Free: 163793K (87%)
----------------- Invoking toplevel() on ptolemy.moml.MoMLSimpleApplication@2a6d6378
----------------- Done invoking toplevel() on ptolemy.moml.MoMLSimpleApplication@2a6d6378
reloadAllAccessors: .CausalityInterface5

===========================================================================================
----------------- testing Tue Dec 03 06:22:45 UTC 2019 /home/travis/build/icyphy/ptII/ptolemy/domains/modal/test/auto/CausalityInterface6.xml
----------------- Instantiating /home/travis/build/icyphy/ptII/ptolemy/domains/modal/test/auto/CausalityInterface6.xml
5 ms. Memory: 188416K Free: 155601K (83%)
----------------- Invoking toplevel() on ptolemy.moml.MoMLSimpleApplication@47578a3f
----------------- Done invoking toplevel() on ptolemy.moml.MoMLSimpleApplication@47578a3f
reloadAllAccessors: .CausalityInterface6

===========================================================================================
----------------- testing Tue Dec 03 06:22:45 UTC 2019 /home/travis/build/icyphy/ptII/ptolemy/domains/modal/test/auto/CausalityInterface7.xml
----------------- Instantiating /home/travis/build/icyphy/ptII/ptolemy/domains/modal/test/auto/CausalityInterface7.xml
6 ms. Memory: 188416K Free: 147379K (78%)
----------------- Invoking toplevel() on ptolemy.moml.MoMLSimpleApplication@4acf45d3
----------------- Done invoking toplevel() on ptolemy.moml.MoMLSimpleApplication@4acf45d3
reloadAllAccessors: .CausalityInterface7

===========================================================================================
----------------- testing Tue Dec 03 06:22:45 UTC 2019 /home/travis/build/icyphy/ptII/ptolemy/domains/modal/test/auto/CausalityInterface8.xml
----------------- Instantiating /home/travis/build/icyphy/ptII/ptolemy/domains/modal/test/auto/CausalityInterface8.xml
6 ms. Memory: 188416K Free: 138707K (74%)
----------------- Invoking toplevel() on ptolemy.moml.MoMLSimpleApplication@1294d6d2
----------------- Done invoking toplevel() on ptolemy.moml.MoMLSimpleApplication@1294d6d2
reloadAllAccessors: .CausalityInterface8

===========================================================================================
----------------- testing Tue Dec 03 06:22:45 UTC 2019 /home/travis/build/icyphy/ptII/ptolemy/domains/modal/test/auto/CausalityInterface9.xml
----------------- Instantiating /home/travis/build/icyphy/ptII/ptolemy/domains/modal/test/auto/CausalityInterface9.xml
7 ms. Memory: 188416K Free: 129491K (69%)
----------------- Invoking toplevel() on ptolemy.moml.MoMLSimpleApplication@c9e105
----------------- Done invoking toplevel() on ptolemy.moml.MoMLSimpleApplication@c9e105
reloadAllAccessors: .CausalityInterface9

===========================================================================================
----------------- testing Tue Dec 03 06:22:45 UTC 2019 /home/travis/build/icyphy/ptII/ptolemy/domains/modal/test/auto/ChainedTransitions.xml
----------------- Instantiating /home/travis/build/icyphy/ptII/ptolemy/domains/modal/test/auto/ChainedTransitions.xml
102 ms. Memory: 188416K Free: 104401K (55%)
----------------- Invoking toplevel() on ptolemy.moml.MoMLSimpleApplication@2df3220
----------------- Done invoking toplevel() on ptolemy.moml.MoMLSimpleApplication@2df3220
reloadAllAccessors: .ChainedTransitions

===========================================================================================
----------------- testing Tue Dec 03 06:22:45 UTC 2019 /home/travis/build/icyphy/ptII/ptolemy/domains/modal/test/auto/CycleOfImmediateTransitionsFSM.xml
----------------- Instantiating /home/travis/build/icyphy/ptII/ptolemy/domains/modal/test/auto/CycleOfImmediateTransitionsFSM.xml
3 ms. Memory: 188416K Free: 98771K (52%)
----------------- Invoking toplevel() on ptolemy.moml.MoMLSimpleApplication@316abd07
----------------- Done invoking toplevel() on ptolemy.moml.MoMLSimpleApplication@316abd07
reloadAllAccessors: .CycleOfImmediateTransitionsFSM

===========================================================================================
----------------- testing Tue Dec 03 06:22:45 UTC 2019 /home/travis/build/icyphy/ptII/ptolemy/domains/modal/test/auto/CycleOfImmediateTransitionsModal.xml
----------------- Instantiating /home/travis/build/icyphy/ptII/ptolemy/domains/modal/test/auto/CycleOfImmediateTransitionsModal.xml
3 ms. Memory: 188416K Free: 92113K (49%)
----------------- Invoking toplevel() on ptolemy.moml.MoMLSimpleApplication@50fcbbdf
----------------- Done invoking toplevel() on ptolemy.moml.MoMLSimpleApplication@50fcbbdf
reloadAllAccessors: .CycleOfImmediateTransitionsModal

===========================================================================================
----------------- testing Tue Dec 03 06:22:45 UTC 2019 /home/travis/build/icyphy/ptII/ptolemy/domains/modal/test/auto/CycleOfImmediateTransitionsModal2.xml
----------------- Instantiating /home/travis/build/icyphy/ptII/ptolemy/domains/modal/test/auto/CycleOfImmediateTransitionsModal2.xml
8 ms. Memory: 188416K Free: 85969K (46%)
----------------- Invoking toplevel() on ptolemy.moml.MoMLSimpleApplication@3bc576e1
----------------- Done invoking toplevel() on ptolemy.moml.MoMLSimpleApplication@3bc576e1
reloadAllAccessors: .CycleOfImmediateTransitionsModal2

===========================================================================================
----------------- testing Tue Dec 03 06:22:45 UTC 2019 /home/travis/build/icyphy/ptII/ptolemy/domains/modal/test/auto/CycleOfImmediateTransitionsModal3.xml
----------------- Instantiating /home/travis/build/icyphy/ptII/ptolemy/domains/modal/test/auto/CycleOfImmediateTransitionsModal3.xml
11 ms. Memory: 188416K Free: 63427K (34%)
----------------- Invoking toplevel() on ptolemy.moml.MoMLSimpleApplication@47032c14
----------------- Done invoking toplevel() on ptolemy.moml.MoMLSimpleApplication@47032c14
reloadAllAccessors: .CycleOfImmediateTransitionsModal3

===========================================================================================
----------------- testing Tue Dec 03 06:22:45 UTC 2019 /home/travis/build/icyphy/ptII/ptolemy/domains/modal/test/auto/DeepModal1.xml
----------------- Instantiating /home/travis/build/icyphy/ptII/ptolemy/domains/modal/test/auto/DeepModal1.xml
30 ms. Memory: 226304K Free: 194504K (86%)
----------------- Invoking toplevel() on ptolemy.moml.MoMLSimpleApplication@1f5b214e
----------------- Done invoking toplevel() on ptolemy.moml.MoMLSimpleApplication@1f5b214e
reloadAllAccessors: .DeepModal1

===========================================================================================
----------------- testing Tue Dec 03 06:22:45 UTC 2019 /home/travis/build/icyphy/ptII/ptolemy/domains/modal/test/auto/DeepModal2.xml
----------------- Instantiating /home/travis/build/icyphy/ptII/ptolemy/domains/modal/test/auto/DeepModal2.xml
30 ms. Memory: 226304K Free: 175576K (78%)
----------------- Invoking toplevel() on ptolemy.moml.MoMLSimpleApplication@4e7e9dee
----------------- Done invoking toplevel() on ptolemy.moml.MoMLSimpleApplication@4e7e9dee
reloadAllAccessors: .DeepModal2

===========================================================================================
----------------- testing Tue Dec 03 06:22:45 UTC 2019 /home/travis/build/icyphy/ptII/ptolemy/domains/modal/test/auto/DeepModal3.xml
----------------- Instantiating /home/travis/build/icyphy/ptII/ptolemy/domains/modal/test/auto/DeepModal3.xml
33 ms. Memory: 226304K Free: 156120K (69%)
----------------- Invoking toplevel() on ptolemy.moml.MoMLSimpleApplication@134e4e7f
----------------- Done invoking toplevel() on ptolemy.moml.MoMLSimpleApplication@134e4e7f
reloadAllAccessors: .DeepModal3

===========================================================================================
----------------- testing Tue Dec 03 06:22:45 UTC 2019 /home/travis/build/icyphy/ptII/ptolemy/domains/modal/test/auto/DeepModal4.xml
----------------- Instantiating /home/travis/build/icyphy/ptII/ptolemy/domains/modal/test/auto/DeepModal4.xml
33 ms. Memory: 226304K Free: 136664K (60%)
----------------- Invoking toplevel() on ptolemy.moml.MoMLSimpleApplication@3f86a473
----------------- Done invoking toplevel() on ptolemy.moml.MoMLSimpleApplication@3f86a473
reloadAllAccessors: .DeepModal4

===========================================================================================
----------------- testing Tue Dec 03 06:22:45 UTC 2019 /home/travis/build/icyphy/ptII/ptolemy/domains/modal/test/auto/Default1.xml
----------------- Instantiating /home/travis/build/icyphy/ptII/ptolemy/domains/modal/test/auto/Default1.xml
3 ms. Memory: 226304K Free: 130520K (58%)
----------------- Invoking toplevel() on ptolemy.moml.MoMLSimpleApplication@56f7ee58
----------------- Done invoking toplevel() on ptolemy.moml.MoMLSimpleApplication@56f7ee58
reloadAllAccessors: .Default1

===========================================================================================
----------------- testing Tue Dec 03 06:22:45 UTC 2019 /home/travis/build/icyphy/ptII/ptolemy/domains/modal/test/auto/Default2.xml
----------------- Instantiating /home/travis/build/icyphy/ptII/ptolemy/domains/modal/test/auto/Default2.xml
8 ms. Memory: 226304K Free: 124886K (55%)
----------------- Invoking toplevel() on ptolemy.moml.MoMLSimpleApplication@49fcea2c
----------------- Done invoking toplevel() on ptolemy.moml.MoMLSimpleApplication@49fcea2c
reloadAllAccessors: .Default2

===========================================================================================
----------------- testing Tue Dec 03 06:22:45 UTC 2019 /home/travis/build/icyphy/ptII/ptolemy/domains/modal/test/auto/Default3.xml
----------------- Instantiating /home/travis/build/icyphy/ptII/ptolemy/domains/modal/test/auto/Default3.xml
5 ms. Memory: 226304K Free: 118742K (52%)
----------------- Invoking toplevel() on ptolemy.moml.MoMLSimpleApplication@581e5e07
----------------- Done invoking toplevel() on ptolemy.moml.MoMLSimpleApplication@581e5e07
reloadAllAccessors: .Default3

===========================================================================================
----------------- testing Tue Dec 03 06:22:45 UTC 2019 /home/travis/build/icyphy/ptII/ptolemy/domains/modal/test/auto/Default4.xml
----------------- Instantiating /home/travis/build/icyphy/ptII/ptolemy/domains/modal/test/auto/Default4.xml
6 ms. Memory: 226304K Free: 112598K (50%)
----------------- Invoking toplevel() on ptolemy.moml.MoMLSimpleApplication@3949a5bf
----------------- Done invoking toplevel() on ptolemy.moml.MoMLSimpleApplication@3949a5bf
reloadAllAccessors: .Default4

===========================================================================================
----------------- testing Tue Dec 03 06:22:45 UTC 2019 /home/travis/build/icyphy/ptII/ptolemy/domains/modal/test/auto/Default5.xml
----------------- Instantiating /home/travis/build/icyphy/ptII/ptolemy/domains/modal/test/auto/Default5.xml
8 ms. Memory: 226304K Free: 104400K (46%)
----------------- Invoking toplevel() on ptolemy.moml.MoMLSimpleApplication@11d2bc41
----------------- Done invoking toplevel() on ptolemy.moml.MoMLSimpleApplication@11d2bc41
reloadAllAccessors: .Default5

===========================================================================================
----------------- testing Tue Dec 03 06:22:45 UTC 2019 /home/travis/build/icyphy/ptII/ptolemy/domains/modal/test/auto/EmptyGuard.xml
----------------- Instantiating /home/travis/build/icyphy/ptII/ptolemy/domains/modal/test/auto/EmptyGuard.xml
10 ms. Memory: 226304K Free: 96208K (43%)
----------------- Invoking toplevel() on ptolemy.moml.MoMLSimpleApplication@50a5329a
----------------- Done invoking toplevel() on ptolemy.moml.MoMLSimpleApplication@50a5329a
reloadAllAccessors: .EmptyGuard

===========================================================================================
----------------- testing Tue Dec 03 06:22:45 UTC 2019 /home/travis/build/icyphy/ptII/ptolemy/domains/modal/test/auto/ErrorTransition1.xml
----------------- Instantiating /home/travis/build/icyphy/ptII/ptolemy/domains/modal/test/auto/ErrorTransition1.xml
11 ms. Memory: 226304K Free: 86998K (38%)
----------------- Invoking toplevel() on ptolemy.moml.MoMLSimpleApplication@78d9fcf9
----------------- Done invoking toplevel() on ptolemy.moml.MoMLSimpleApplication@78d9fcf9
reloadAllAccessors: .ErrorTransition1

===========================================================================================
----------------- testing Tue Dec 03 06:22:46 UTC 2019 /home/travis/build/icyphy/ptII/ptolemy/domains/modal/test/auto/ErrorTransition10.xml
----------------- Instantiating /home/travis/build/icyphy/ptII/ptolemy/domains/modal/test/auto/ErrorTransition10.xml
19 ms. Memory: 226304K Free: 203138K (90%)
----------------- Invoking toplevel() on ptolemy.moml.MoMLSimpleApplication@575e336
----------------- Done invoking toplevel() on ptolemy.moml.MoMLSimpleApplication@575e336
reloadAllAccessors: .ErrorTransition10

===========================================================================================
----------------- testing Tue Dec 03 06:22:46 UTC 2019 /home/travis/build/icyphy/ptII/ptolemy/domains/modal/test/auto/ErrorTransition11.xml
----------------- Instantiating /home/travis/build/icyphy/ptII/ptolemy/domains/modal/test/auto/ErrorTransition11.xml
4 ms. Memory: 226304K Free: 191360K (85%)
----------------- Invoking toplevel() on ptolemy.moml.MoMLSimpleApplication@5df5e98f
----------------- Done invoking toplevel() on ptolemy.moml.MoMLSimpleApplication@5df5e98f
reloadAllAccessors: .ErrorTransition11

===========================================================================================
----------------- testing Tue Dec 03 06:22:46 UTC 2019 /home/travis/build/icyphy/ptII/ptolemy/domains/modal/test/auto/ErrorTransition2.xml
----------------- Instantiating /home/travis/build/icyphy/ptII/ptolemy/domains/modal/test/auto/ErrorTransition2.xml
8 ms. Memory: 226304K Free: 182144K (80%)
----------------- Invoking toplevel() on ptolemy.moml.MoMLSimpleApplication@4ec5ca05
----------------- Done invoking toplevel() on ptolemy.moml.MoMLSimpleApplication@4ec5ca05
reloadAllAccessors: .ErrorTransition2

===========================================================================================
----------------- testing Tue Dec 03 06:22:46 UTC 2019 /home/travis/build/icyphy/ptII/ptolemy/domains/modal/test/auto/ErrorTransition3.xml
----------------- Instantiating /home/travis/build/icyphy/ptII/ptolemy/domains/modal/test/auto/ErrorTransition3.xml
18 ms. Memory: 226304K Free: 172418K (76%)
----------------- Invoking toplevel() on ptolemy.moml.MoMLSimpleApplication@2f7c6182
----------------- Done invoking toplevel() on ptolemy.moml.MoMLSimpleApplication@2f7c6182
reloadAllAccessors: .ErrorTransition3

===========================================================================================
----------------- testing Tue Dec 03 06:22:46 UTC 2019 /home/travis/build/icyphy/ptII/ptolemy/domains/modal/test/auto/ErrorTransition4.xml
----------------- Instantiating /home/travis/build/icyphy/ptII/ptolemy/domains/modal/test/auto/ErrorTransition4.xml
14 ms. Memory: 226304K Free: 161154K (71%)
----------------- Invoking toplevel() on ptolemy.moml.MoMLSimpleApplication@5bcdf6f1
----------------- Done invoking toplevel() on ptolemy.moml.MoMLSimpleApplication@5bcdf6f1
reloadAllAccessors: .ErrorTransition4

===========================================================================================
----------------- testing Tue Dec 03 06:22:46 UTC 2019 /home/travis/build/icyphy/ptII/ptolemy/domains/modal/test/auto/ErrorTransition5.xml
----------------- Instantiating /home/travis/build/icyphy/ptII/ptolemy/domains/modal/test/auto/ErrorTransition5.xml
8 ms. Memory: 226304K Free: 150914K (67%)
----------------- Invoking toplevel() on ptolemy.moml.MoMLSimpleApplication@24e89ea5
----------------- Done invoking toplevel() on ptolemy.moml.MoMLSimpleApplication@24e89ea5
reloadAllAccessors: .ErrorTransition5

===========================================================================================
----------------- testing Tue Dec 03 06:22:46 UTC 2019 /home/travis/build/icyphy/ptII/ptolemy/domains/modal/test/auto/ErrorTransition6.xml
----------------- Instantiating /home/travis/build/icyphy/ptII/ptolemy/domains/modal/test/auto/ErrorTransition6.xml
10 ms. Memory: 226304K Free: 139650K (62%)
----------------- Invoking toplevel() on ptolemy.moml.MoMLSimpleApplication@388ecec1
----------------- Done invoking toplevel() on ptolemy.moml.MoMLSimpleApplication@388ecec1
reloadAllAccessors: .ErrorTransition6

===========================================================================================
----------------- testing Tue Dec 03 06:22:46 UTC 2019 /home/travis/build/icyphy/ptII/ptolemy/domains/modal/test/auto/ErrorTransition7.xml
----------------- Instantiating /home/travis/build/icyphy/ptII/ptolemy/domains/modal/test/auto/ErrorTransition7.xml
19 ms. Memory: 226304K Free: 126842K (56%)
----------------- Invoking toplevel() on ptolemy.moml.MoMLSimpleApplication@be311f2
----------------- Done invoking toplevel() on ptolemy.moml.MoMLSimpleApplication@be311f2
reloadAllAccessors: .ErrorTransition7

===========================================================================================
----------------- testing Tue Dec 03 06:22:46 UTC 2019 /home/travis/build/icyphy/ptII/ptolemy/domains/modal/test/auto/ErrorTransition8.xml
----------------- Instantiating /home/travis/build/icyphy/ptII/ptolemy/domains/modal/test/auto/ErrorTransition8.xml
25 ms. Memory: 226304K Free: 113537K (50%)
----------------- Invoking toplevel() on ptolemy.moml.MoMLSimpleApplication@64fcec79
----------------- Done invoking toplevel() on ptolemy.moml.MoMLSimpleApplication@64fcec79
reloadAllAccessors: .ErrorTransition8

===========================================================================================
----------------- testing Tue Dec 03 06:22:46 UTC 2019 /home/travis/build/icyphy/ptII/ptolemy/domains/modal/test/auto/ErrorTransition9.xml
----------------- Instantiating /home/travis/build/icyphy/ptII/ptolemy/domains/modal/test/auto/ErrorTransition9.xml
14 ms. Memory: 226304K Free: 100210K (44%)
----------------- Invoking toplevel() on ptolemy.moml.MoMLSimpleApplication@536dc599
----------------- Done invoking toplevel() on ptolemy.moml.MoMLSimpleApplication@536dc599
reloadAllAccessors: .ErrorTransition9

===========================================================================================
----------------- testing Tue Dec 03 06:22:46 UTC 2019 /home/travis/build/icyphy/ptII/ptolemy/domains/modal/test/auto/ExtendedFSM.xml
----------------- Instantiating /home/travis/build/icyphy/ptII/ptolemy/domains/modal/test/auto/ExtendedFSM.xml
7 ms. Memory: 226304K Free: 91522K (40%)
----------------- Invoking toplevel() on ptolemy.moml.MoMLSimpleApplication@2bad77e1
----------------- Done invoking toplevel() on ptolemy.moml.MoMLSimpleApplication@2bad77e1
reloadAllAccessors: .ExtendedFSM

===========================================================================================
----------------- testing Tue Dec 03 06:22:46 UTC 2019 /home/travis/build/icyphy/ptII/ptolemy/domains/modal/test/auto/FinalStates.xml
----------------- Instantiating /home/travis/build/icyphy/ptII/ptolemy/domains/modal/test/auto/FinalStates.xml
7 ms. Memory: 226304K Free: 83330K (37%)
----------------- Invoking toplevel() on ptolemy.moml.MoMLSimpleApplication@3cd93aaf
----------------- Done invoking toplevel() on ptolemy.moml.MoMLSimpleApplication@3cd93aaf
reloadAllAccessors: .FinalStates

===========================================================================================
----------------- testing Tue Dec 03 06:22:46 UTC 2019 /home/travis/build/icyphy/ptII/ptolemy/domains/modal/test/auto/FixedPointFSM.xml
----------------- Instantiating /home/travis/build/icyphy/ptII/ptolemy/domains/modal/test/auto/FixedPointFSM.xml
21 ms. Memory: 226304K Free: 197557K (87%)
----------------- Invoking toplevel() on ptolemy.moml.MoMLSimpleApplication@72bfae3e
----------------- Done invoking toplevel() on ptolemy.moml.MoMLSimpleApplication@72bfae3e
reloadAllAccessors: .FixedPointFSM

===========================================================================================
----------------- testing Tue Dec 03 06:22:46 UTC 2019 /home/travis/build/icyphy/ptII/ptolemy/domains/modal/test/auto/FixedPointIterationFSMActor.xml
----------------- Instantiating /home/travis/build/icyphy/ptII/ptolemy/domains/modal/test/auto/FixedPointIterationFSMActor.xml
8 ms. Memory: 226304K Free: 186813K (83%)
----------------- Invoking toplevel() on ptolemy.moml.MoMLSimpleApplication@747a7536
----------------- Done invoking toplevel() on ptolemy.moml.MoMLSimpleApplication@747a7536
reloadAllAccessors: .FixedPointIterationFSMActor

===========================================================================================
----------------- testing Tue Dec 03 06:22:46 UTC 2019 /home/travis/build/icyphy/ptII/ptolemy/domains/modal/test/auto/FixedPointIterationFSMActor2.xml
----------------- Instantiating /home/travis/build/icyphy/ptII/ptolemy/domains/modal/test/auto/FixedPointIterationFSMActor2.xml
12 ms. Memory: 226304K Free: 174525K (77%)
----------------- Invoking toplevel() on ptolemy.moml.MoMLSimpleApplication@54129f06
----------------- Done invoking toplevel() on ptolemy.moml.MoMLSimpleApplication@54129f06
reloadAllAccessors: .FixedPointIterationFSMActor2

===========================================================================================
----------------- testing Tue Dec 03 06:22:46 UTC 2019 /home/travis/build/icyphy/ptII/ptolemy/domains/modal/test/auto/ForbiddenInstantanousLoop.xml
----------------- Instantiating /home/travis/build/icyphy/ptII/ptolemy/domains/modal/test/auto/ForbiddenInstantanousLoop.xml
8 ms. Memory: 226304K Free: 162237K (72%)
----------------- Invoking toplevel() on ptolemy.moml.MoMLSimpleApplication@4f629240
----------------- Done invoking toplevel() on ptolemy.moml.MoMLSimpleApplication@4f629240
reloadAllAccessors: .ForbiddenInstantanousLoop

===========================================================================================
----------------- testing Tue Dec 03 06:22:46 UTC 2019 /home/travis/build/icyphy/ptII/ptolemy/domains/modal/test/auto/FunctionDependencyOfFSMActorTest.xml
----------------- Instantiating /home/travis/build/icyphy/ptII/ptolemy/domains/modal/test/auto/FunctionDependencyOfFSMActorTest.xml
14 ms. Memory: 226304K Free: 155069K (69%)
----------------- Invoking toplevel() on ptolemy.moml.MoMLSimpleApplication@7e2ffa00
----------------- Done invoking toplevel() on ptolemy.moml.MoMLSimpleApplication@7e2ffa00
reloadAllAccessors: .FunctionDependencyOfFSMActorTest

===========================================================================================
----------------- testing Tue Dec 03 06:22:46 UTC 2019 /home/travis/build/icyphy/ptII/ptolemy/domains/modal/test/auto/GuardExpression.xml
----------------- Instantiating /home/travis/build/icyphy/ptII/ptolemy/domains/modal/test/auto/GuardExpression.xml
2 ms. Memory: 226304K Free: 149949K (66%)
----------------- Invoking toplevel() on ptolemy.moml.MoMLSimpleApplication@13f21d4f
----------------- Done invoking toplevel() on ptolemy.moml.MoMLSimpleApplication@13f21d4f
reloadAllAccessors: .GuardExpression

===========================================================================================
----------------- testing Tue Dec 03 06:22:46 UTC 2019 /home/travis/build/icyphy/ptII/ptolemy/domains/modal/test/auto/GuardNotEvaluated.xml
----------------- Instantiating /home/travis/build/icyphy/ptII/ptolemy/domains/modal/test/auto/GuardNotEvaluated.xml
5 ms. Memory: 226304K Free: 141243K (62%)
----------------- Invoking toplevel() on ptolemy.moml.MoMLSimpleApplication@4d7d00d3
----------------- Done invoking toplevel() on ptolemy.moml.MoMLSimpleApplication@4d7d00d3
reloadAllAccessors: .GuardNotEvaluated

===========================================================================================
----------------- testing Tue Dec 03 06:22:46 UTC 2019 /home/travis/build/icyphy/ptII/ptolemy/domains/modal/test/auto/GuardNotEvaluated2.xml
----------------- Instantiating /home/travis/build/icyphy/ptII/ptolemy/domains/modal/test/auto/GuardNotEvaluated2.xml
6 ms. Memory: 226304K Free: 131517K (58%)
----------------- Invoking toplevel() on ptolemy.moml.MoMLSimpleApplication@6f90e25a
----------------- Done invoking toplevel() on ptolemy.moml.MoMLSimpleApplication@6f90e25a
reloadAllAccessors: .GuardNotEvaluated2

===========================================================================================
----------------- testing Tue Dec 03 06:22:46 UTC 2019 /home/travis/build/icyphy/ptII/ptolemy/domains/modal/test/auto/GuardOnAbsent.xml
----------------- Instantiating /home/travis/build/icyphy/ptII/ptolemy/domains/modal/test/auto/GuardOnAbsent.xml
11 ms. Memory: 226304K Free: 123805K (55%)
----------------- Invoking toplevel() on ptolemy.moml.MoMLSimpleApplication@5785a4fa
----------------- Done invoking toplevel() on ptolemy.moml.MoMLSimpleApplication@5785a4fa
reloadAllAccessors: .GuardOnAbsent

===========================================================================================
----------------- testing Tue Dec 03 06:22:46 UTC 2019 /home/travis/build/icyphy/ptII/ptolemy/domains/modal/test/auto/HierarchicalFSMTypeInference.xml
----------------- Instantiating /home/travis/build/icyphy/ptII/ptolemy/domains/modal/test/auto/HierarchicalFSMTypeInference.xml
5 ms. Memory: 226304K Free: 113595K (50%)
----------------- Invoking toplevel() on ptolemy.moml.MoMLSimpleApplication@22eb058
----------------- Done invoking toplevel() on ptolemy.moml.MoMLSimpleApplication@22eb058
reloadAllAccessors: .HierarchicalFSMTypeInference

===========================================================================================
----------------- testing Tue Dec 03 06:22:46 UTC 2019 /home/travis/build/icyphy/ptII/ptolemy/domains/modal/test/auto/Hysteresis.xml
----------------- Instantiating /home/travis/build/icyphy/ptII/ptolemy/domains/modal/test/auto/Hysteresis.xml
15 ms. Memory: 226304K Free: 100269K (44%)
----------------- Invoking toplevel() on ptolemy.moml.MoMLSimpleApplication@59339967
----------------- Done invoking toplevel() on ptolemy.moml.MoMLSimpleApplication@59339967
reloadAllAccessors: .Hysteresis

===========================================================================================
----------------- testing Tue Dec 03 06:22:46 UTC 2019 /home/travis/build/icyphy/ptII/ptolemy/domains/modal/test/auto/HysteresisWithDefault.xml
----------------- Instantiating /home/travis/build/icyphy/ptII/ptolemy/domains/modal/test/auto/HysteresisWithDefault.xml
57 ms. Memory: 226304K Free: 205840K (91%)
----------------- Invoking toplevel() on ptolemy.moml.MoMLSimpleApplication@1dde3c2a
----------------- Done invoking toplevel() on ptolemy.moml.MoMLSimpleApplication@1dde3c2a
reloadAllAccessors: .HysteresisWithDefault

===========================================================================================
----------------- testing Tue Dec 03 06:22:46 UTC 2019 /home/travis/build/icyphy/ptII/ptolemy/domains/modal/test/auto/HysteresisWithDefault2.xml
----------------- Instantiating /home/travis/build/icyphy/ptII/ptolemy/domains/modal/test/auto/HysteresisWithDefault2.xml
45 ms. Memory: 226304K Free: 175997K (78%)
----------------- Invoking toplevel() on ptolemy.moml.MoMLSimpleApplication@6084912e
----------------- Done invoking toplevel() on ptolemy.moml.MoMLSimpleApplication@6084912e
reloadAllAccessors: .HysteresisWithDefault2

===========================================================================================
----------------- testing Tue Dec 03 06:22:47 UTC 2019 /home/travis/build/icyphy/ptII/ptolemy/domains/modal/test/auto/ImmediateNonConstructiveness.xml
----------------- Instantiating /home/travis/build/icyphy/ptII/ptolemy/domains/modal/test/auto/ImmediateNonConstructiveness.xml
3 ms. Memory: 226304K Free: 168832K (75%)
----------------- Invoking toplevel() on ptolemy.moml.MoMLSimpleApplication@608d7db7
----------------- Done invoking toplevel() on ptolemy.moml.MoMLSimpleApplication@608d7db7
reloadAllAccessors: .ImmediateNonConstructiveness

===========================================================================================
----------------- testing Tue Dec 03 06:22:47 UTC 2019 /home/travis/build/icyphy/ptII/ptolemy/domains/modal/test/auto/ImmediateNonConstructiveness2.xml
----------------- Instantiating /home/travis/build/icyphy/ptII/ptolemy/domains/modal/test/auto/ImmediateNonConstructiveness2.xml
2 ms. Memory: 226304K Free: 162178K (72%)
----------------- Invoking toplevel() on ptolemy.moml.MoMLSimpleApplication@7efc04e6
----------------- Done invoking toplevel() on ptolemy.moml.MoMLSimpleApplication@7efc04e6
reloadAllAccessors: .ImmediateNonConstructiveness2

===========================================================================================
----------------- testing Tue Dec 03 06:22:47 UTC 2019 /home/travis/build/icyphy/ptII/ptolemy/domains/modal/test/auto/ImmediateTransitionReset.xml
----------------- Instantiating /home/travis/build/icyphy/ptII/ptolemy/domains/modal/test/auto/ImmediateTransitionReset.xml
7 ms. Memory: 226304K Free: 150400K (66%)
----------------- Invoking toplevel() on ptolemy.moml.MoMLSimpleApplication@40fdb163
----------------- Done invoking toplevel() on ptolemy.moml.MoMLSimpleApplication@40fdb163
reloadAllAccessors: .ImmediateTransitionReset

===========================================================================================
----------------- testing Tue Dec 03 06:22:47 UTC 2019 /home/travis/build/icyphy/ptII/ptolemy/domains/modal/test/auto/ImmediateTransitions1.xml
----------------- Instantiating /home/travis/build/icyphy/ptII/ptolemy/domains/modal/test/auto/ImmediateTransitions1.xml
1 ms. Memory: 226304K Free: 145280K (64%)
----------------- Invoking toplevel() on ptolemy.moml.MoMLSimpleApplication@247275c1
----------------- Done invoking toplevel() on ptolemy.moml.MoMLSimpleApplication@247275c1
reloadAllAccessors: .ImmediateTransitions1

===========================================================================================
----------------- testing Tue Dec 03 06:22:47 UTC 2019 /home/travis/build/icyphy/ptII/ptolemy/domains/modal/test/auto/ImmediateTransitionsInstantaneousCommunication.xml
----------------- Instantiating /home/travis/build/icyphy/ptII/ptolemy/domains/modal/test/auto/ImmediateTransitionsInstantaneousCommunication.xml
3 ms. Memory: 226304K Free: 132978K (59%)
----------------- Invoking toplevel() on ptolemy.moml.MoMLSimpleApplication@1ba1f82c
----------------- Done invoking toplevel() on ptolemy.moml.MoMLSimpleApplication@1ba1f82c
reloadAllAccessors: .ImmediateTransitionsInstantaneousCommunication

===========================================================================================
----------------- testing Tue Dec 03 06:22:47 UTC 2019 /home/travis/build/icyphy/ptII/ptolemy/domains/modal/test/auto/InitialImmediateTransition.xml
----------------- Instantiating /home/travis/build/icyphy/ptII/ptolemy/domains/modal/test/auto/InitialImmediateTransition.xml
5 ms. Memory: 226304K Free: 125818K (56%)
----------------- Invoking toplevel() on ptolemy.moml.MoMLSimpleApplication@7ae09433
----------------- Done invoking toplevel() on ptolemy.moml.MoMLSimpleApplication@7ae09433
reloadAllAccessors: .InitialImmediateTransition

===========================================================================================
----------------- testing Tue Dec 03 06:22:47 UTC 2019 /home/travis/build/icyphy/ptII/ptolemy/domains/modal/test/auto/InitialOutputs.xml
----------------- Instantiating /home/travis/build/icyphy/ptII/ptolemy/domains/modal/test/auto/InitialOutputs.xml
3 ms. Memory: 226304K Free: 119666K (53%)
----------------- Invoking toplevel() on ptolemy.moml.MoMLSimpleApplication@d263f0
----------------- Done invoking toplevel() on ptolemy.moml.MoMLSimpleApplication@d263f0
reloadAllAccessors: .InitialOutputs

===========================================================================================
----------------- testing Tue Dec 03 06:22:47 UTC 2019 /home/travis/build/icyphy/ptII/ptolemy/domains/modal/test/auto/InitialStateTransition1.xml
----------------- Instantiating /home/travis/build/icyphy/ptII/ptolemy/domains/modal/test/auto/InitialStateTransition1.xml
2 ms. Memory: 226304K Free: 112512K (50%)
----------------- Invoking toplevel() on ptolemy.moml.MoMLSimpleApplication@31d4f791
----------------- Done invoking toplevel() on ptolemy.moml.MoMLSimpleApplication@31d4f791
reloadAllAccessors: .InitialStateTransition1

===========================================================================================
----------------- testing Tue Dec 03 06:22:47 UTC 2019 /home/travis/build/icyphy/ptII/ptolemy/domains/modal/test/auto/InitialStateTransition2.xml
----------------- Instantiating /home/travis/build/icyphy/ptII/ptolemy/domains/modal/test/auto/InitialStateTransition2.xml
.InitialStateTransition2.TestExceptionAttributeNonConstructive: initialize() was not invoked, but wrapup() was.  This is unusual, but not always a problem.  For example, exporting JNLP will do this.
2 ms. Memory: 226304K Free: 105344K (47%)
----------------- Invoking toplevel() on ptolemy.moml.MoMLSimpleApplication@7534de5d
----------------- Done invoking toplevel() on ptolemy.moml.MoMLSimpleApplication@7534de5d
reloadAllAccessors: .InitialStateTransition2

===========================================================================================
----------------- testing Tue Dec 03 06:22:47 UTC 2019 /home/travis/build/icyphy/ptII/ptolemy/domains/modal/test/auto/InitialStateTransition3.xml
----------------- Instantiating /home/travis/build/icyphy/ptII/ptolemy/domains/modal/test/auto/InitialStateTransition3.xml
4 ms. Memory: 226304K Free: 97152K (43%)
----------------- Invoking toplevel() on ptolemy.moml.MoMLSimpleApplication@5c07035
----------------- Done invoking toplevel() on ptolemy.moml.MoMLSimpleApplication@5c07035
reloadAllAccessors: .InitialStateTransition3

===========================================================================================
----------------- testing Tue Dec 03 06:22:47 UTC 2019 /home/travis/build/icyphy/ptII/ptolemy/domains/modal/test/auto/InitialStateTransition4.xml
----------------- Instantiating /home/travis/build/icyphy/ptII/ptolemy/domains/modal/test/auto/InitialStateTransition4.xml
3 ms. Memory: 226304K Free: 87426K (39%)
----------------- Invoking toplevel() on ptolemy.moml.MoMLSimpleApplication@5171519e
----------------- Done invoking toplevel() on ptolemy.moml.MoMLSimpleApplication@5171519e
[...]
reloadAllAccessors: .TerminationTransition3

===========================================================================================
----------------- testing Tue Dec 03 06:22:49 UTC 2019 /home/travis/build/icyphy/ptII/ptolemy/domains/modal/test/auto/TerminationTransition4.xml
----------------- Instantiating /home/travis/build/icyphy/ptII/ptolemy/domains/modal/test/auto/TerminationTransition4.xml
6 ms. Memory: 279552K Free: 167227K (60%)
----------------- Invoking toplevel() on ptolemy.moml.MoMLSimpleApplication@7cd7acf3
----------------- Done invoking toplevel() on ptolemy.moml.MoMLSimpleApplication@7cd7acf3
reloadAllAccessors: .TerminationTransition4

===========================================================================================
----------------- testing Tue Dec 03 06:22:49 UTC 2019 /home/travis/build/icyphy/ptII/ptolemy/domains/modal/test/auto/TerminationTransition5.xml
----------------- Instantiating /home/travis/build/icyphy/ptII/ptolemy/domains/modal/test/auto/TerminationTransition5.xml
3 ms. Memory: 279552K Free: 153405K (55%)
----------------- Invoking toplevel() on ptolemy.moml.MoMLSimpleApplication@3d25dbd8
----------------- Done invoking toplevel() on ptolemy.moml.MoMLSimpleApplication@3d25dbd8
reloadAllAccessors: .TerminationTransition5

===========================================================================================
----------------- testing Tue Dec 03 06:22:49 UTC 2019 /home/travis/build/icyphy/ptII/ptolemy/domains/modal/test/auto/TerminationTransition6.xml
----------------- Instantiating /home/travis/build/icyphy/ptII/ptolemy/domains/modal/test/auto/TerminationTransition6.xml
2 ms. Memory: 279552K Free: 144699K (52%)
----------------- Invoking toplevel() on ptolemy.moml.MoMLSimpleApplication@7351cc5f
----------------- Done invoking toplevel() on ptolemy.moml.MoMLSimpleApplication@7351cc5f
reloadAllAccessors: .TerminationTransition6

===========================================================================================
----------------- testing Tue Dec 03 06:22:49 UTC 2019 /home/travis/build/icyphy/ptII/ptolemy/domains/modal/test/auto/TerminationTransition7.xml
----------------- Instantiating /home/travis/build/icyphy/ptII/ptolemy/domains/modal/test/auto/TerminationTransition7.xml
2 ms. Memory: 279552K Free: 135483K (48%)
----------------- Invoking toplevel() on ptolemy.moml.MoMLSimpleApplication@7d2622d3
----------------- Done invoking toplevel() on ptolemy.moml.MoMLSimpleApplication@7d2622d3
reloadAllAccessors: .TerminationTransition7

===========================================================================================
----------------- testing Tue Dec 03 06:22:49 UTC 2019 /home/travis/build/icyphy/ptII/ptolemy/domains/modal/test/auto/TerminationTransition8.xml
----------------- Instantiating /home/travis/build/icyphy/ptII/ptolemy/domains/modal/test/auto/TerminationTransition8.xml
2 ms. Memory: 279552K Free: 126267K (45%)
----------------- Invoking toplevel() on ptolemy.moml.MoMLSimpleApplication@674b5163
----------------- Done invoking toplevel() on ptolemy.moml.MoMLSimpleApplication@674b5163
reloadAllAccessors: .TerminationTransition8

===========================================================================================
----------------- testing Tue Dec 03 06:22:49 UTC 2019 /home/travis/build/icyphy/ptII/ptolemy/domains/modal/test/auto/Thermostat_NoHysteresis.xml
----------------- Instantiating /home/travis/build/icyphy/ptII/ptolemy/domains/modal/test/auto/Thermostat_NoHysteresis.xml
39 ms. Memory: 279552K Free: 101691K (36%)
----------------- Invoking toplevel() on ptolemy.moml.MoMLSimpleApplication@62cf52e2
----------------- Done invoking toplevel() on ptolemy.moml.MoMLSimpleApplication@62cf52e2
reloadAllAccessors: .Thermostat_NoHysteresis

===========================================================================================
----------------- testing Tue Dec 03 06:22:49 UTC 2019 /home/travis/build/icyphy/ptII/ptolemy/domains/modal/test/auto/TimedFSM.xml
----------------- Instantiating /home/travis/build/icyphy/ptII/ptolemy/domains/modal/test/auto/TimedFSM.xml
10 ms. Memory: 335872K Free: 308833K (92%)
----------------- Invoking toplevel() on ptolemy.moml.MoMLSimpleApplication@706a0535
----------------- Done invoking toplevel() on ptolemy.moml.MoMLSimpleApplication@706a0535
reloadAllAccessors: .TimedFSM

===========================================================================================
----------------- testing Tue Dec 03 06:22:49 UTC 2019 /home/travis/build/icyphy/ptII/ptolemy/domains/modal/test/auto/Timeout1.xml
----------------- Instantiating /home/travis/build/icyphy/ptII/ptolemy/domains/modal/test/auto/Timeout1.xml
3 ms. Memory: 335872K Free: 303233K (90%)
----------------- Invoking toplevel() on ptolemy.moml.MoMLSimpleApplication@35f7e64c
----------------- Done invoking toplevel() on ptolemy.moml.MoMLSimpleApplication@35f7e64c
reloadAllAccessors: .Timeout1

===========================================================================================
----------------- testing Tue Dec 03 06:22:49 UTC 2019 /home/travis/build/icyphy/ptII/ptolemy/domains/modal/test/auto/Timeout2.xml
----------------- Instantiating /home/travis/build/icyphy/ptII/ptolemy/domains/modal/test/auto/Timeout2.xml
9 ms. Memory: 335872K Free: 294513K (88%)
----------------- Invoking toplevel() on ptolemy.moml.MoMLSimpleApplication@11e0c750
----------------- Done invoking toplevel() on ptolemy.moml.MoMLSimpleApplication@11e0c750
reloadAllAccessors: .Timeout2

===========================================================================================
----------------- testing Tue Dec 03 06:22:49 UTC 2019 /home/travis/build/icyphy/ptII/ptolemy/domains/modal/test/auto/Timeout3.xml
----------------- Instantiating /home/travis/build/icyphy/ptII/ptolemy/domains/modal/test/auto/Timeout3.xml
2 ms. Memory: 335872K Free: 289393K (86%)
----------------- Invoking toplevel() on ptolemy.moml.MoMLSimpleApplication@6ed6e027
----------------- Done invoking toplevel() on ptolemy.moml.MoMLSimpleApplication@6ed6e027
reloadAllAccessors: .Timeout3

===========================================================================================
----------------- testing Tue Dec 03 06:22:49 UTC 2019 /home/travis/build/icyphy/ptII/ptolemy/domains/modal/test/auto/Timeout4.xml
----------------- Instantiating /home/travis/build/icyphy/ptII/ptolemy/domains/modal/test/auto/Timeout4.xml
3 ms. Memory: 335872K Free: 284257K (85%)
----------------- Invoking toplevel() on ptolemy.moml.MoMLSimpleApplication@14a1a10e
----------------- Done invoking toplevel() on ptolemy.moml.MoMLSimpleApplication@14a1a10e
reloadAllAccessors: .Timeout4

===========================================================================================
----------------- testing Tue Dec 03 06:22:49 UTC 2019 /home/travis/build/icyphy/ptII/ptolemy/domains/modal/test/auto/TransientstateModelAdvanced.xml
----------------- Instantiating /home/travis/build/icyphy/ptII/ptolemy/domains/modal/test/auto/TransientstateModelAdvanced.xml
4 ms. Memory: 335872K Free: 271969K (81%)
----------------- Invoking toplevel() on ptolemy.moml.MoMLSimpleApplication@1d8cba61
----------------- Done invoking toplevel() on ptolemy.moml.MoMLSimpleApplication@1d8cba61
reloadAllAccessors: .TransientstateModelAdvanced

===========================================================================================
----------------- testing Tue Dec 03 06:22:49 UTC 2019 /home/travis/build/icyphy/ptII/ptolemy/domains/modal/test/auto/TransientstateModelAdvanced2.xml
----------------- Instantiating /home/travis/build/icyphy/ptII/ptolemy/domains/modal/test/auto/TransientstateModelAdvanced2.xml
3 ms. Memory: 335872K Free: 257649K (77%)
----------------- Invoking toplevel() on ptolemy.moml.MoMLSimpleApplication@664566d
----------------- Done invoking toplevel() on ptolemy.moml.MoMLSimpleApplication@664566d
reloadAllAccessors: .transientstatemodelAdvanced

===========================================================================================
----------------- testing Tue Dec 03 06:22:49 UTC 2019 /home/travis/build/icyphy/ptII/ptolemy/domains/modal/test/auto/TransitionRefinements.xml
----------------- Instantiating /home/travis/build/icyphy/ptII/ptolemy/domains/modal/test/auto/TransitionRefinements.xml
7 ms. Memory: 335872K Free: 247937K (74%)
----------------- Invoking toplevel() on ptolemy.moml.MoMLSimpleApplication@153bda64
----------------- Done invoking toplevel() on ptolemy.moml.MoMLSimpleApplication@153bda64
reloadAllAccessors: .TransitionRefinements

===========================================================================================
----------------- testing Tue Dec 03 06:22:49 UTC 2019 /home/travis/build/icyphy/ptII/ptolemy/domains/modal/test/auto/TwoRefinements1.xml
----------------- Instantiating /home/travis/build/icyphy/ptII/ptolemy/domains/modal/test/auto/TwoRefinements1.xml
3 ms. Memory: 335872K Free: 237697K (71%)
----------------- Invoking toplevel() on ptolemy.moml.MoMLSimpleApplication@5a857d85
----------------- Done invoking toplevel() on ptolemy.moml.MoMLSimpleApplication@5a857d85
reloadAllAccessors: .TwoRefinements1

===========================================================================================
----------------- testing Tue Dec 03 06:22:49 UTC 2019 /home/travis/build/icyphy/ptII/ptolemy/domains/modal/test/auto/TwoRefinements2.xml
----------------- Instantiating /home/travis/build/icyphy/ptII/ptolemy/domains/modal/test/auto/TwoRefinements2.xml
2 ms. Memory: 335872K Free: 227457K (68%)
----------------- Invoking toplevel() on ptolemy.moml.MoMLSimpleApplication@2f4f571c
----------------- Done invoking toplevel() on ptolemy.moml.MoMLSimpleApplication@2f4f571c
reloadAllAccessors: .TwoRefinements2

===========================================================================================
----------------- testing Tue Dec 03 06:22:49 UTC 2019 /home/travis/build/icyphy/ptII/ptolemy/domains/modal/test/auto/WeakImmediateTransition.xml
----------------- Instantiating /home/travis/build/icyphy/ptII/ptolemy/domains/modal/test/auto/WeakImmediateTransition.xml
6 ms. Memory: 335872K Free: 218751K (65%)
----------------- Invoking toplevel() on ptolemy.moml.MoMLSimpleApplication@447a09b0
----------------- Done invoking toplevel() on ptolemy.moml.MoMLSimpleApplication@447a09b0
reloadAllAccessors: .WeakImmediateTransition

===========================================================================================
----------------- testing Tue Dec 03 06:22:49 UTC 2019 /home/travis/build/icyphy/ptII/ptolemy/domains/modal/test/auto/booleanSelect.xml
----------------- Instantiating /home/travis/build/icyphy/ptII/ptolemy/domains/modal/test/auto/booleanSelect.xml
44 ms. Memory: 335872K Free: 200305K (60%)
----------------- Invoking toplevel() on ptolemy.moml.MoMLSimpleApplication@49722ce6
----------------- Done invoking toplevel() on ptolemy.moml.MoMLSimpleApplication@49722ce6
reloadAllAccessors: .booleanSelect

===========================================================================================
----------------- testing Tue Dec 03 06:22:49 UTC 2019 /home/travis/build/icyphy/ptII/ptolemy/domains/modal/test/auto/modalChangingParams.xml
----------------- Instantiating /home/travis/build/icyphy/ptII/ptolemy/domains/modal/test/auto/modalChangingParams.xml
0
1
0
2
4
6
8
7
0
2
4
6
8
13
0
2
4
6
8
19
0
2
4
6
8
25
0
2
4
6
8
31
0
2
4
6
8
37
0
2
4
6
8
43
0
2
4
6
8
49
0
2
4
6
8
55
0
2
4
6
8
61
0
2
4
6
8
67
0
2
4
6
8
73
0
2
4
6
8
79
0
2
4
6
8
85
0
2
4
6
8
91
0
2
4
6
8
97
0
2
4
6
8
103
0
2
4
6
8
109
0
2
4
6
8
115
0
2
4
6
8
121
0
2
4
6
8
127
0
2
4
6
8
133
0
2
4
6
8
139
0
2
4
6
8
145
0
2
4
6
8
151
0
2
4
6
8
157
0
2
4
6
8
163
0
2
4
6
8
169
0
2
4
6
8
175
0
2
4
6
8
181
0
2
4
6
8
187
0
2
4
6
8
193
0
2
4
6
8
199
0
2
4
6
8
205
0
2
4
6
8
211
0
2
4
6
8
217
0
2
4
6
8
223
0
2
4
6
8
229
0
2
4
6
8
235
0
2
4
6
8
241
0
2
4
6
8
247
0
2
4
6
8
253
0
2
4
6
8
259
0
2
4
6
8
265
0
2
4
6
8
271
0
2
4
6
8
277
0
2
4
6
8
283
0
2
4
6
8
289
0
2
4
6
8
295
0
2
4
6
8
301
0
2
4
6
8
307
0
2
4
6
8
313
0
2
4
6
8
319
0
2
4
6
8
325
0
2
4
6
8
331
0
2
4
6
8
337
0
2
4
6
8
343
0
2
4
6
8
349
0
2
4
6
8
355
0
2
4
6
8
361
0
2
4
6
8
367
0
2
4
6
8
373
0
2
4
6
8
379
0
2
4
6
8
385
0
2
4
6
8
391
0
2
4
6
8
397
0
2
4
6
8
403
0
2
4
6
8
409
0
2
4
6
8
415
0
2
4
6
8
421
0
2
4
6
8
427
0
2
4
6
8
433
0
2
4
6
8
439
0
2
4
6
8
445
0
2
4
6
8
451
0
2
4
6
8
457
0
2
4
6
8
463
0
2
4
6
8
469
0
2
4
6
8
475
0
2
4
6
8
481
0
2
4
6
8
487
0
2
4
6
8
493
0
2
4
6
8
499
0
2
4
6
8
505
0
2
4
6
8
511
0
2
4
6
8
517
0
2
4
6
8
523
0
2
4
6
8
529
0
2
4
6
8
535
0
2
4
6
8
541
0
2
4
6
8
547
0
2
4
6
8
553
0
2
4
6
8
559
0
2
4
6
8
565
0
2
4
6
8
571
0
2
4
6
8
577
0
2
4
6
8
583
0
2
4
6
8
589
0
2
4
6
8
595
0
2
4
6
8
601
0
2
4
6
8
607
0
2
4
6
8
613
0
2
4
6
8
619
0
2
4
6
8
625
0
2
4
6
8
631
0
2
4
6
8
637
0
2
4
6
8
643
0
2
4
6
8
649
0
2
4
6
8
655
0
2
4
6
8
661
0
2
4
6
8
667
0
2
4
6
8
673
0
2
4
6
8
679
0
2
4
6
8
685
0
2
4
6
8
691
0
2
4
6
8
697
0
2
4
6
8
703
0
2
4
6
8
709
0
2
4
6
8
715
0
2
4
6
8
721
0
2
4
6
8
727
0
2
4
6
8
733
0
2
4
6
8
739
0
2
4
6
8
745
0
2
4
6
8
751
0
2
4
6
8
757
0
2
4
6
8
763
0
2
4
6
8
769
0
2
4
6
8
775
0
2
4
6
8
781
0
2
4
6
8
787
0
2
4
6
8
793
0
2
4
6
8
799
0
2
4
6
8
805
0
2
4
6
8
811
0
2
4
6
8
817
0
2
4
6
8
823
0
2
4
6
8
829
0
2
4
6
8
835
0
2
4
6
8
841
0
2
4
6
8
847
0
2
4
6
8
853
0
2
4
6
8
859
0
2
4
6
8
865
0
2
4
6
8
871
0
2
4
6
8
877
0
2
4
6
8
883
0
2
4
6
8
889
0
2
4
6
8
895
0
2
4
6
8
901
0
2
4
6
8
907
0
2
4
6
8
913
0
2
4
6
8
919
0
2
4
6
8
925
0
2
4
6
8
931
0
2
4
6
8
937
0
2
4
6
8
943
0
2
4
6
8
949
0
2
4
6
8
955
0
2
4
6
8
961
0
2
4
6
8
967
0
2
4
6
8
973
0
2
4
6
8
979
0
2
4
6
8
985
0
2
4
6
8
991
0
2
4
6
8
997
0
2
273 ms. Memory: 335872K Free: 283256K (84%)
----------------- Invoking toplevel() on ptolemy.moml.MoMLSimpleApplication@2a963d04
----------------- Done invoking toplevel() on ptolemy.moml.MoMLSimpleApplication@2a963d04
reloadAllAccessors: .modalChangingParams

===========================================================================================
----------------- testing Tue Dec 03 06:22:50 UTC 2019 /home/travis/build/icyphy/ptII/ptolemy/domains/modal/test/auto/modalModel.xml
----------------- Instantiating /home/travis/build/icyphy/ptII/ptolemy/domains/modal/test/auto/modalModel.xml
6 ms. Memory: 335872K Free: 274040K (82%)
----------------- Invoking toplevel() on ptolemy.moml.MoMLSimpleApplication@1c5a0879
----------------- Done invoking toplevel() on ptolemy.moml.MoMLSimpleApplication@1c5a0879
reloadAllAccessors: .modalModel

===========================================================================================
----------------- testing Tue Dec 03 06:22:50 UTC 2019 /home/travis/build/icyphy/ptII/ptolemy/domains/modal/test/auto/modalModel2.xml
----------------- Instantiating /home/travis/build/icyphy/ptII/ptolemy/domains/modal/test/auto/modalModel2.xml
9 ms. Memory: 335872K Free: 263290K (78%)
----------------- Invoking toplevel() on ptolemy.moml.MoMLSimpleApplication@365091dc
----------------- Done invoking toplevel() on ptolemy.moml.MoMLSimpleApplication@365091dc
reloadAllAccessors: .modalModel2

===========================================================================================
----------------- testing Tue Dec 03 06:22:50 UTC 2019 /home/travis/build/icyphy/ptII/ptolemy/domains/modal/test/auto/modalModel3.xml
----------------- Instantiating /home/travis/build/icyphy/ptII/ptolemy/domains/modal/test/auto/modalModel3.xml
0	0	0
3	2	1
6	4	2
9	6	3
4	0	4
7	2	5
10	4	6
13	6	7
8	0	8
11	2	9
14	4	10
17	6	11
12	0	12
15	2	13
18	4	14
15 ms. Memory: 335872K Free: 248426K (74%)
----------------- Invoking toplevel() on ptolemy.moml.MoMLSimpleApplication@2da4a886
----------------- Done invoking toplevel() on ptolemy.moml.MoMLSimpleApplication@2da4a886
reloadAllAccessors: .modalModel3

===========================================================================================
----------------- testing Tue Dec 03 06:22:50 UTC 2019 /home/travis/build/icyphy/ptII/ptolemy/domains/modal/test/auto/model1.xml
----------------- Instantiating /home/travis/build/icyphy/ptII/ptolemy/domains/modal/test/auto/model1.xml
12 ms. Memory: 335872K Free: 242810K (72%)
----------------- Invoking toplevel() on ptolemy.moml.MoMLSimpleApplication@441480a0
----------------- Done invoking toplevel() on ptolemy.moml.MoMLSimpleApplication@441480a0
reloadAllAccessors: .model1

===========================================================================================
----------------- testing Tue Dec 03 06:22:50 UTC 2019 /home/travis/build/icyphy/ptII/ptolemy/domains/modal/test/auto/test-direct-in-out.xml
----------------- Instantiating /home/travis/build/icyphy/ptII/ptolemy/domains/modal/test/auto/test-direct-in-out.xml
8 ms. Memory: 335872K Free: 235122K (70%)
----------------- Invoking toplevel() on ptolemy.moml.MoMLSimpleApplication@1e74752a
----------------- Done invoking toplevel() on ptolemy.moml.MoMLSimpleApplication@1e74752a
reloadAllAccessors: .test-direct-in-out
AutoTests.java: About to close Vertx.
AutoTests.java: Vertx closed.
]]></system-out>
  <system-err><![CDATA[java.lang.RuntimeException: Execution failed
	at ptolemy.moml.MoMLSimpleApplication$UnloadThread.run(MoMLSimpleApplication.java:402)
Caused by: ptolemy.kernel.util.IllegalActionException: Unknown inputs remain. Possible causality loop:
L_model_1893289564i

  in .CannotAnalysisWithPreemption.model_1893289564_region_1 and .CannotAnalysisWithPreemption.model_1893289564_region_1.L_model_1893289564i
	at ptolemy.actor.sched.FixedPointDirector.postfire(FixedPointDirector.java:515)
	at ptolemy.domains.sr.kernel.SRDirector.postfire(SRDirector.java:417)
	at ptolemy.actor.CompositeActor.postfire(CompositeActor.java:1668)
	at ptolemy.actor.Manager.iterate(Manager.java:852)
	at ptolemy.actor.Manager.execute(Manager.java:369)
	at ptolemy.actor.Manager.run(Manager.java:1263)
	at ptolemy.actor.Manager$PtolemyRunThread.run(Manager.java:1933)
java.lang.reflect.InvocationTargetException
	at java.base/jdk.internal.reflect.NativeConstructorAccessorImpl.newInstance0(Native Method)
	at java.base/jdk.internal.reflect.NativeConstructorAccessorImpl.newInstance(NativeConstructorAccessorImpl.java:62)
	at java.base/jdk.internal.reflect.DelegatingConstructorAccessorImpl.newInstance(DelegatingConstructorAccessorImpl.java:45)
	at java.base/java.lang.reflect.Constructor.newInstance(Constructor.java:490)
	at ptolemy.util.test.junit.AutoKnownFailedTests.RunModel(AutoKnownFailedTests.java:105)
	at java.base/jdk.internal.reflect.NativeMethodAccessorImpl.invoke0(Native Method)
	at java.base/jdk.internal.reflect.NativeMethodAccessorImpl.invoke(NativeMethodAccessorImpl.java:62)
	at java.base/jdk.internal.reflect.DelegatingMethodAccessorImpl.invoke(DelegatingMethodAccessorImpl.java:43)
	at java.base/java.lang.reflect.Method.invoke(Method.java:566)
	at org.junit.runners.model.FrameworkMethod$1.runReflectiveCall(FrameworkMethod.java:44)
	at org.junit.internal.runners.model.ReflectiveCallable.run(ReflectiveCallable.java:15)
	at org.junit.runners.model.FrameworkMethod.invokeExplosively(FrameworkMethod.java:41)
	at junitparams.internal.InvokeParameterisedMethod.evaluate(InvokeParameterisedMethod.java:102)
	at org.junit.internal.runners.statements.FailOnTimeout$1.run(FailOnTimeout.java:28)
Caused by: ptolemy.kernel.util.IllegalActionException: Unknown inputs remain. Possible causality loop:
L_model_1893289564i

  in .CannotAnalysisWithPreemption.model_1893289564_region_1 and .CannotAnalysisWithPreemption.model_1893289564_region_1.L_model_1893289564i
	at ptolemy.actor.sched.FixedPointDirector.postfire(FixedPointDirector.java:515)
	at ptolemy.domains.sr.kernel.SRDirector.postfire(SRDirector.java:417)
	at ptolemy.actor.CompositeActor.postfire(CompositeActor.java:1668)
	at ptolemy.actor.Manager.iterate(Manager.java:852)
	at ptolemy.actor.Manager.execute(Manager.java:369)
	at ptolemy.actor.Manager.run(Manager.java:1263)
	at ptolemy.actor.Manager$PtolemyRunThread.run(Manager.java:1933)
]]></system-err>
</testsuite>
