<?xml version="1.0" encoding="UTF-8" ?>
<testsuite errors="0" failures="0" hostname="travis-job-aa3d8132-1199-41f5-9ed5-d45d12d6a9cb" name="ptolemy.domains.continuous.test.junit.JUnitTclTest" skipped="0" tests="156" time="71.617" timestamp="2018-10-08T02:47:28">
  <properties>
[...]
</properties>
  <testcase classname="ptolemy.util.test.junit.TclTests" name="[0] ThereAreNoTclTests (RunTclFile)" time="0.001" />
  <testcase classname="ptolemy.util.test.junit.AutoKnownFailedTests" name="[0] ThereAreNoKnowFailedTests (RunModel)" time="0.001" />
  <testcase classname="ptolemy.util.test.junit.AutoNameArchTests" name="[0] ThereAreNoAutoArchTests (RunModel)" time="0.004" />
  <testcase classname="ptolemy.util.test.junit.AutoTests" name="[0] /home/travis/build/icyphy/ptII/ptolemy/domains/continuous/test/auto/BouncingBall.xml (RunModel)" time="2.813" />
  <testcase classname="ptolemy.util.test.junit.AutoTests" name="[1] /home/travis/build/icyphy/ptII/ptolemy/domains/continuous/test/auto/BouncingBallWithoutGR.xml (RunModel)" time="0.956" />
  <testcase classname="ptolemy.util.test.junit.AutoTests" name="[2] /home/travis/build/icyphy/ptII/ptolemy/domains/continuous/test/auto/Brownian.xml (RunModel)" time="0.099" />
  <testcase classname="ptolemy.util.test.junit.AutoTests" name="[3] /home/travis/build/icyphy/ptII/ptolemy/domains/continuous/test/auto/CarTracking.xml (RunModel)" time="3.608" />
  <testcase classname="ptolemy.util.test.junit.AutoTests" name="[4] /home/travis/build/icyphy/ptII/ptolemy/domains/continuous/test/auto/CartPendulum.xml (RunModel)" time="0.5" />
  <testcase classname="ptolemy.util.test.junit.AutoTests" name="[5] /home/travis/build/icyphy/ptII/ptolemy/domains/continuous/test/auto/CausalityInterface10.xml (RunModel)" time="0.055" />
  <testcase classname="ptolemy.util.test.junit.AutoTests" name="[6] /home/travis/build/icyphy/ptII/ptolemy/domains/continuous/test/auto/CausalityInterface11.xml (RunModel)" time="0.037" />
  <testcase classname="ptolemy.util.test.junit.AutoTests" name="[7] /home/travis/build/icyphy/ptII/ptolemy/domains/continuous/test/auto/CausalityInterface12.xml (RunModel)" time="0.048" />
  <testcase classname="ptolemy.util.test.junit.AutoTests" name="[8] /home/travis/build/icyphy/ptII/ptolemy/domains/continuous/test/auto/CausalityInterface13.xml (RunModel)" time="0.037" />
  <testcase classname="ptolemy.util.test.junit.AutoTests" name="[9] /home/travis/build/icyphy/ptII/ptolemy/domains/continuous/test/auto/CausalityInterface14.xml (RunModel)" time="0.022" />
  <testcase classname="ptolemy.util.test.junit.AutoTests" name="[10] /home/travis/build/icyphy/ptII/ptolemy/domains/continuous/test/auto/CausalityInterface4.xml (RunModel)" time="0.038" />
  <testcase classname="ptolemy.util.test.junit.AutoTests" name="[11] /home/travis/build/icyphy/ptII/ptolemy/domains/continuous/test/auto/CausalityInterface5.xml (RunModel)" time="0.05" />
  <testcase classname="ptolemy.util.test.junit.AutoTests" name="[12] /home/travis/build/icyphy/ptII/ptolemy/domains/continuous/test/auto/CausalityInterface6.xml (RunModel)" time="0.021" />
  <testcase classname="ptolemy.util.test.junit.AutoTests" name="[13] /home/travis/build/icyphy/ptII/ptolemy/domains/continuous/test/auto/CausalityInterface7.xml (RunModel)" time="0.038" />
  <testcase classname="ptolemy.util.test.junit.AutoTests" name="[14] /home/travis/build/icyphy/ptII/ptolemy/domains/continuous/test/auto/CausalityInterface8.xml (RunModel)" time="0.038" />
  <testcase classname="ptolemy.util.test.junit.AutoTests" name="[15] /home/travis/build/icyphy/ptII/ptolemy/domains/continuous/test/auto/CausalityInterface9.xml (RunModel)" time="0.049" />
  <testcase classname="ptolemy.util.test.junit.AutoTests" name="[16] /home/travis/build/icyphy/ptII/ptolemy/domains/continuous/test/auto/CausalityInterfaceFeedback1.xml (RunModel)" time="0.028" />
  <testcase classname="ptolemy.util.test.junit.AutoTests" name="[17] /home/travis/build/icyphy/ptII/ptolemy/domains/continuous/test/auto/CausalityInterfaceFeedback2.xml (RunModel)" time="0.03" />
  <testcase classname="ptolemy.util.test.junit.AutoTests" name="[18] /home/travis/build/icyphy/ptII/ptolemy/domains/continuous/test/auto/CompareWithCurrentTime.xml (RunModel)" time="0.031" />
  <testcase classname="ptolemy.util.test.junit.AutoTests" name="[19] /home/travis/build/icyphy/ptII/ptolemy/domains/continuous/test/auto/ComparedClocks.xml (RunModel)" time="0.066" />
  <testcase classname="ptolemy.util.test.junit.AutoTests" name="[20] /home/travis/build/icyphy/ptII/ptolemy/domains/continuous/test/auto/ContinuousAOCClone.xml (RunModel)" time="2.622" />
  <testcase classname="ptolemy.util.test.junit.AutoTests" name="[21] /home/travis/build/icyphy/ptII/ptolemy/domains/continuous/test/auto/ContinuousClock.xml (RunModel)" time="0.063" />
  <testcase classname="ptolemy.util.test.junit.AutoTests" name="[22] /home/travis/build/icyphy/ptII/ptolemy/domains/continuous/test/auto/ContinuousInContinuous.xml (RunModel)" time="0.076" />
  <testcase classname="ptolemy.util.test.junit.AutoTests" name="[23] /home/travis/build/icyphy/ptII/ptolemy/domains/continuous/test/auto/ContinuousInContinuousInContinuous.xml (RunModel)" time="0.027" />
  <testcase classname="ptolemy.util.test.junit.AutoTests" name="[24] /home/travis/build/icyphy/ptII/ptolemy/domains/continuous/test/auto/ContinuousInDE.xml (RunModel)" time="0.113" />
  <testcase classname="ptolemy.util.test.junit.AutoTests" name="[25] /home/travis/build/icyphy/ptII/ptolemy/domains/continuous/test/auto/ContinuousInDE2.xml (RunModel)" time="0.076" />
  <testcase classname="ptolemy.util.test.junit.AutoTests" name="[26] /home/travis/build/icyphy/ptII/ptolemy/domains/continuous/test/auto/ContinuousInDE3.xml (RunModel)" time="0.057" />
  <testcase classname="ptolemy.util.test.junit.AutoTests" name="[27] /home/travis/build/icyphy/ptII/ptolemy/domains/continuous/test/auto/ContinuousInDE4.xml (RunModel)" time="0.041" />
  <testcase classname="ptolemy.util.test.junit.AutoTests" name="[28] /home/travis/build/icyphy/ptII/ptolemy/domains/continuous/test/auto/ContinuousInDEDifferentRefinements.xml (RunModel)" time="0.125" />
  <testcase classname="ptolemy.util.test.junit.AutoTests" name="[29] /home/travis/build/icyphy/ptII/ptolemy/domains/continuous/test/auto/ContinuousInDEDifferentRefinementsPreemptive.xml (RunModel)" time="0.092" />
  <testcase classname="ptolemy.util.test.junit.AutoTests" name="[30] /home/travis/build/icyphy/ptII/ptolemy/domains/continuous/test/auto/ContinuousInDEInContinuous2.xml (RunModel)" time="0.065" />
  <testcase classname="ptolemy.util.test.junit.AutoTests" name="[31] /home/travis/build/icyphy/ptII/ptolemy/domains/continuous/test/auto/ContinuousInDEInContinuous3.xml (RunModel)" time="0.078" />
  <testcase classname="ptolemy.util.test.junit.AutoTests" name="[32] /home/travis/build/icyphy/ptII/ptolemy/domains/continuous/test/auto/ContinuousInDEInput.xml (RunModel)" time="0.045" />
  <testcase classname="ptolemy.util.test.junit.AutoTests" name="[33] /home/travis/build/icyphy/ptII/ptolemy/domains/continuous/test/auto/ContinuousInDEInput2.xml (RunModel)" time="0.037" />
  <testcase classname="ptolemy.util.test.junit.AutoTests" name="[34] /home/travis/build/icyphy/ptII/ptolemy/domains/continuous/test/auto/ContinuousInDEInput3.xml (RunModel)" time="0.037" />
  <testcase classname="ptolemy.util.test.junit.AutoTests" name="[35] /home/travis/build/icyphy/ptII/ptolemy/domains/continuous/test/auto/ContinuousInDESharingRefinement.xml (RunModel)" time="0.181" />
  <testcase classname="ptolemy.util.test.junit.AutoTests" name="[36] /home/travis/build/icyphy/ptII/ptolemy/domains/continuous/test/auto/ContinuousInDEwithNoPorts.xml (RunModel)" time="0.022" />
  <testcase classname="ptolemy.util.test.junit.AutoTests" name="[37] /home/travis/build/icyphy/ptII/ptolemy/domains/continuous/test/auto/ContinuousInsideDE.xml (RunModel)" time="0.086" />
  <testcase classname="ptolemy.util.test.junit.AutoTests" name="[38] /home/travis/build/icyphy/ptII/ptolemy/domains/continuous/test/auto/ContinuousMerge1.xml (RunModel)" time="0.015" />
  <testcase classname="ptolemy.util.test.junit.AutoTests" name="[39] /home/travis/build/icyphy/ptII/ptolemy/domains/continuous/test/auto/ContinuousMerge2.xml (RunModel)" time="0.053" />
  <testcase classname="ptolemy.util.test.junit.AutoTests" name="[40] /home/travis/build/icyphy/ptII/ptolemy/domains/continuous/test/auto/ContinuousMerge3.xml (RunModel)" time="0.072" />
  <testcase classname="ptolemy.util.test.junit.AutoTests" name="[41] /home/travis/build/icyphy/ptII/ptolemy/domains/continuous/test/auto/ContinuousWithinContinuous.xml (RunModel)" time="0.067" />
  <testcase classname="ptolemy.util.test.junit.AutoTests" name="[42] /home/travis/build/icyphy/ptII/ptolemy/domains/continuous/test/auto/ContinuousWithinContinuous2.xml (RunModel)" time="0.087" />
  <testcase classname="ptolemy.util.test.junit.AutoTests" name="[43] /home/travis/build/icyphy/ptII/ptolemy/domains/continuous/test/auto/ContinuousWithinContinuous3.xml (RunModel)" time="0.029" />
  <testcase classname="ptolemy.util.test.junit.AutoTests" name="[44] /home/travis/build/icyphy/ptII/ptolemy/domains/continuous/test/auto/ContinuousWithinContinuous4.xml (RunModel)" time="0.11" />
  <testcase classname="ptolemy.util.test.junit.AutoTests" name="[45] /home/travis/build/icyphy/ptII/ptolemy/domains/continuous/test/auto/ContinuousWithinContinuous5.xml (RunModel)" time="0.03" />
  <testcase classname="ptolemy.util.test.junit.AutoTests" name="[46] /home/travis/build/icyphy/ptII/ptolemy/domains/continuous/test/auto/ContinuousWithinContinuous6.xml (RunModel)" time="0.03" />
  <testcase classname="ptolemy.util.test.junit.AutoTests" name="[47] /home/travis/build/icyphy/ptII/ptolemy/domains/continuous/test/auto/ContinuousWithinContinuous7.xml (RunModel)" time="0.071" />
  <testcase classname="ptolemy.util.test.junit.AutoTests" name="[48] /home/travis/build/icyphy/ptII/ptolemy/domains/continuous/test/auto/DCMotor.xml (RunModel)" time="13.523" />
  <testcase classname="ptolemy.util.test.junit.AutoTests" name="[49] /home/travis/build/icyphy/ptII/ptolemy/domains/continuous/test/auto/DEInContinuous.xml (RunModel)" time="0.026" />
  <testcase classname="ptolemy.util.test.junit.AutoTests" name="[50] /home/travis/build/icyphy/ptII/ptolemy/domains/continuous/test/auto/DEinContinuous2.xml (RunModel)" time="0.033" />
  <testcase classname="ptolemy.util.test.junit.AutoTests" name="[51] /home/travis/build/icyphy/ptII/ptolemy/domains/continuous/test/auto/Derivative.xml (RunModel)" time="0.253" />
  <testcase classname="ptolemy.util.test.junit.AutoTests" name="[52] /home/travis/build/icyphy/ptII/ptolemy/domains/continuous/test/auto/Derivative1.xml (RunModel)" time="0.056" />
  <testcase classname="ptolemy.util.test.junit.AutoTests" name="[53] /home/travis/build/icyphy/ptII/ptolemy/domains/continuous/test/auto/DiscreteClock.xml (RunModel)" time="0.012" />
  <testcase classname="ptolemy.util.test.junit.AutoTests" name="[54] /home/travis/build/icyphy/ptII/ptolemy/domains/continuous/test/auto/EfficiencyCurve.xml (RunModel)" time="0.074" />
  <testcase classname="ptolemy.util.test.junit.AutoTests" name="[55] /home/travis/build/icyphy/ptII/ptolemy/domains/continuous/test/auto/ExponentialResponse.xml (RunModel)" time="0.134" />
  <testcase classname="ptolemy.util.test.junit.AutoTests" name="[56] /home/travis/build/icyphy/ptII/ptolemy/domains/continuous/test/auto/ExponentialResponseRK45.xml (RunModel)" time="0.034" />
  <testcase classname="ptolemy.util.test.junit.AutoTests" name="[57] /home/travis/build/icyphy/ptII/ptolemy/domains/continuous/test/auto/Friction.xml (RunModel)" time="1.378" />
  <testcase classname="ptolemy.util.test.junit.AutoTests" name="[58] /home/travis/build/icyphy/ptII/ptolemy/domains/continuous/test/auto/FurutaPendulum.xml (RunModel)" time="3.256" />
  <testcase classname="ptolemy.util.test.junit.AutoTests" name="[59] /home/travis/build/icyphy/ptII/ptolemy/domains/continuous/test/auto/HierarchicalExecution.xml (RunModel)" time="1.921" />
  <testcase classname="ptolemy.util.test.junit.AutoTests" name="[60] /home/travis/build/icyphy/ptII/ptolemy/domains/continuous/test/auto/HybridPlant.xml (RunModel)" time="0.519" />
  <testcase classname="ptolemy.util.test.junit.AutoTests" name="[61] /home/travis/build/icyphy/ptII/ptolemy/domains/continuous/test/auto/Hysteresis.xml (RunModel)" time="0.177" />
  <testcase classname="ptolemy.util.test.junit.AutoTests" name="[62] /home/travis/build/icyphy/ptII/ptolemy/domains/continuous/test/auto/HysteresisWithRandomDelay.xml (RunModel)" time="0.223" />
  <testcase classname="ptolemy.util.test.junit.AutoTests" name="[63] /home/travis/build/icyphy/ptII/ptolemy/domains/continuous/test/auto/HysteresisWithRandomLosses.xml (RunModel)" time="2.054" />
  <testcase classname="ptolemy.util.test.junit.AutoTests" name="[64] /home/travis/build/icyphy/ptII/ptolemy/domains/continuous/test/auto/ImmediateTransitions.xml (RunModel)" time="0.048" />
  <testcase classname="ptolemy.util.test.junit.AutoTests" name="[65] /home/travis/build/icyphy/ptII/ptolemy/domains/continuous/test/auto/ImpulseFeedback.xml (RunModel)" time="0.023" />
  <testcase classname="ptolemy.util.test.junit.AutoTests" name="[66] /home/travis/build/icyphy/ptII/ptolemy/domains/continuous/test/auto/ImpulseFeedback2.xml (RunModel)" time="0.019" />
  <testcase classname="ptolemy.util.test.junit.AutoTests" name="[67] /home/travis/build/icyphy/ptII/ptolemy/domains/continuous/test/auto/IncreasingRatePoisson.xml (RunModel)" time="0.635" />
  <testcase classname="ptolemy.util.test.junit.AutoTests" name="[68] /home/travis/build/icyphy/ptII/ptolemy/domains/continuous/test/auto/InitialStateFeedback.xml (RunModel)" time="0.013" />
  <testcase classname="ptolemy.util.test.junit.AutoTests" name="[69] /home/travis/build/icyphy/ptII/ptolemy/domains/continuous/test/auto/Integration.xml (RunModel)" time="0.009" />
  <testcase classname="ptolemy.util.test.junit.AutoTests" name="[70] /home/travis/build/icyphy/ptII/ptolemy/domains/continuous/test/auto/Integration2.xml (RunModel)" time="0.085" />
  <testcase classname="ptolemy.util.test.junit.AutoTests" name="[71] /home/travis/build/icyphy/ptII/ptolemy/domains/continuous/test/auto/Integration3.xml (RunModel)" time="0.011" />
  <testcase classname="ptolemy.util.test.junit.AutoTests" name="[72] /home/travis/build/icyphy/ptII/ptolemy/domains/continuous/test/auto/Integration5.xml (RunModel)" time="0.012" />
  <testcase classname="ptolemy.util.test.junit.AutoTests" name="[73] /home/travis/build/icyphy/ptII/ptolemy/domains/continuous/test/auto/IntegratorImpulse.xml (RunModel)" time="0.009" />
  <testcase classname="ptolemy.util.test.junit.AutoTests" name="[74] /home/travis/build/icyphy/ptII/ptolemy/domains/continuous/test/auto/IntegratorImpulse2.xml (RunModel)" time="0.011" />
  <testcase classname="ptolemy.util.test.junit.AutoTests" name="[75] /home/travis/build/icyphy/ptII/ptolemy/domains/continuous/test/auto/LevelCrossing1.xml (RunModel)" time="0.011" />
  <testcase classname="ptolemy.util.test.junit.AutoTests" name="[76] /home/travis/build/icyphy/ptII/ptolemy/domains/continuous/test/auto/LevelCrossing2.xml (RunModel)" time="0.011" />
  <testcase classname="ptolemy.util.test.junit.AutoTests" name="[77] /home/travis/build/icyphy/ptII/ptolemy/domains/continuous/test/auto/LevelCrossing3.xml (RunModel)" time="0.011" />
  <testcase classname="ptolemy.util.test.junit.AutoTests" name="[78] /home/travis/build/icyphy/ptII/ptolemy/domains/continuous/test/auto/LevelCrossing4.xml (RunModel)" time="0.011" />
  <testcase classname="ptolemy.util.test.junit.AutoTests" name="[79] /home/travis/build/icyphy/ptII/ptolemy/domains/continuous/test/auto/LevelCrossing5.xml (RunModel)" time="0.012" />
  <testcase classname="ptolemy.util.test.junit.AutoTests" name="[80] /home/travis/build/icyphy/ptII/ptolemy/domains/continuous/test/auto/LevelCrossing6.xml (RunModel)" time="0.011" />
  <testcase classname="ptolemy.util.test.junit.AutoTests" name="[81] /home/travis/build/icyphy/ptII/ptolemy/domains/continuous/test/auto/LevelCrossingDetector.xml (RunModel)" time="0.034" />
  <testcase classname="ptolemy.util.test.junit.AutoTests" name="[82] /home/travis/build/icyphy/ptII/ptolemy/domains/continuous/test/auto/LevelCrossingDetectorDetectingDirections.xml (RunModel)" time="0.078" />
  <testcase classname="ptolemy.util.test.junit.AutoTests" name="[83] /home/travis/build/icyphy/ptII/ptolemy/domains/continuous/test/auto/LevelCrossingDetectorDetectsGlitches.xml (RunModel)" time="0.063" />
  <testcase classname="ptolemy.util.test.junit.AutoTests" name="[84] /home/travis/build/icyphy/ptII/ptolemy/domains/continuous/test/auto/LevelCrossingNoInitialOuput.xml (RunModel)" time="0.013" />
  <testcase classname="ptolemy.util.test.junit.AutoTests" name="[85] /home/travis/build/icyphy/ptII/ptolemy/domains/continuous/test/auto/LinearStateSpaceExample.xml (RunModel)" time="0.051" />
  <testcase classname="ptolemy.util.test.junit.AutoTests" name="[86] /home/travis/build/icyphy/ptII/ptolemy/domains/continuous/test/auto/Lorenz.xml (RunModel)" time="3.996" />
  <testcase classname="ptolemy.util.test.junit.AutoTests" name="[87] /home/travis/build/icyphy/ptII/ptolemy/domains/continuous/test/auto/LorenzDifferentialSystem.xml (RunModel)" time="1.131" />
  <testcase classname="ptolemy.util.test.junit.AutoTests" name="[88] /home/travis/build/icyphy/ptII/ptolemy/domains/continuous/test/auto/LorenzDifferentialSystemWithInput.xml (RunModel)" time="1.381" />
  <testcase classname="ptolemy.util.test.junit.AutoTests" name="[89] /home/travis/build/icyphy/ptII/ptolemy/domains/continuous/test/auto/LorenzDifferentialSystemWithTime.xml (RunModel)" time="0.723" />
  <testcase classname="ptolemy.util.test.junit.AutoTests" name="[90] /home/travis/build/icyphy/ptII/ptolemy/domains/continuous/test/auto/Microsteps.xml (RunModel)" time="0.018" />
  <testcase classname="ptolemy.util.test.junit.AutoTests" name="[91] /home/travis/build/icyphy/ptII/ptolemy/domains/continuous/test/auto/Modal1.xml (RunModel)" time="0.033" />
  <testcase classname="ptolemy.util.test.junit.AutoTests" name="[92] /home/travis/build/icyphy/ptII/ptolemy/domains/continuous/test/auto/Modal2.xml (RunModel)" time="0.057" />
  <testcase classname="ptolemy.util.test.junit.AutoTests" name="[93] /home/travis/build/icyphy/ptII/ptolemy/domains/continuous/test/auto/ModalTransitionGuardWithReset.xml (RunModel)" time="0.021" />
  <testcase classname="ptolemy.util.test.junit.AutoTests" name="[94] /home/travis/build/icyphy/ptII/ptolemy/domains/continuous/test/auto/ModalTransitionGuardWithResetUsingPreemptiveTransition.xml (RunModel)" time="0.03" />
  <testcase classname="ptolemy.util.test.junit.AutoTests" name="[95] /home/travis/build/icyphy/ptII/ptolemy/domains/continuous/test/auto/ModalTransitionGuardWithResetUsingPreemptiveTransition2.xml (RunModel)" time="0.026" />
  <testcase classname="ptolemy.util.test.junit.AutoTests" name="[96] /home/travis/build/icyphy/ptII/ptolemy/domains/continuous/test/auto/ModalTransitionGuardWithResetUsingPreemptiveTransition3.xml (RunModel)" time="0.022" />
  <testcase classname="ptolemy.util.test.junit.AutoTests" name="[97] /home/travis/build/icyphy/ptII/ptolemy/domains/continuous/test/auto/NewtonsCradle.xml (RunModel)" time="0.766" />
  <testcase classname="ptolemy.util.test.junit.AutoTests" name="[98] /home/travis/build/icyphy/ptII/ptolemy/domains/continuous/test/auto/NewtonsCradleAnimated.xml (RunModel)" time="1.165" />
  <testcase classname="ptolemy.util.test.junit.AutoTests" name="[99] /home/travis/build/icyphy/ptII/ptolemy/domains/continuous/test/auto/NewtonsCradleComplicated.xml (RunModel)" time="1.025" />
  <testcase classname="ptolemy.util.test.junit.AutoTests" name="[100] /home/travis/build/icyphy/ptII/ptolemy/domains/continuous/test/auto/NewtonsCradleNondeterministic.xml (RunModel)" time="0.639" />
  <testcase classname="ptolemy.util.test.junit.AutoTests" name="[101] /home/travis/build/icyphy/ptII/ptolemy/domains/continuous/test/auto/NewtonsCradlePerfectlyInelastic1.xml (RunModel)" time="1.228" />
  <testcase classname="ptolemy.util.test.junit.AutoTests" name="[102] /home/travis/build/icyphy/ptII/ptolemy/domains/continuous/test/auto/Noise.xml (RunModel)" time="0.179" />
  <testcase classname="ptolemy.util.test.junit.AutoTests" name="[103] /home/travis/build/icyphy/ptII/ptolemy/domains/continuous/test/auto/NoiseSpectrum.xml (RunModel)" time="0.767" />
  <testcase classname="ptolemy.util.test.junit.AutoTests" name="[104] /home/travis/build/icyphy/ptII/ptolemy/domains/continuous/test/auto/ParameterizedNewtonsCradleAnimated.xml (RunModel)" time="0.362" />
  <testcase classname="ptolemy.util.test.junit.AutoTests" name="[105] /home/travis/build/icyphy/ptII/ptolemy/domains/continuous/test/auto/ParameterizedNewtonsCradleAnimatedNondeterministic.xml (RunModel)" time="1.13" />
  <testcase classname="ptolemy.util.test.junit.AutoTests" name="[106] /home/travis/build/icyphy/ptII/ptolemy/domains/continuous/test/auto/Pendulum3D.xml (RunModel)" time="0.183" />
  <testcase classname="ptolemy.util.test.junit.AutoTests" name="[107] /home/travis/build/icyphy/ptII/ptolemy/domains/continuous/test/auto/PeriodicSampler.xml (RunModel)" time="0.019" />
  <testcase classname="ptolemy.util.test.junit.AutoTests" name="[108] /home/travis/build/icyphy/ptII/ptolemy/domains/continuous/test/auto/PeriodicSampler1.xml (RunModel)" time="0.047" />
  <testcase classname="ptolemy.util.test.junit.AutoTests" name="[109] /home/travis/build/icyphy/ptII/ptolemy/domains/continuous/test/auto/PeriodicSampler2.xml (RunModel)" time="0.072" />
  <testcase classname="ptolemy.util.test.junit.AutoTests" name="[110] /home/travis/build/icyphy/ptII/ptolemy/domains/continuous/test/auto/Poisson.xml (RunModel)" time="0.439" />
  <testcase classname="ptolemy.util.test.junit.AutoTests" name="[111] /home/travis/build/icyphy/ptII/ptolemy/domains/continuous/test/auto/PoissonClock.xml (RunModel)" time="0.011" />
  <testcase classname="ptolemy.util.test.junit.AutoTests" name="[112] /home/travis/build/icyphy/ptII/ptolemy/domains/continuous/test/auto/PoissonClock2.xml (RunModel)" time="0.011" />
  <testcase classname="ptolemy.util.test.junit.AutoTests" name="[113] /home/travis/build/icyphy/ptII/ptolemy/domains/continuous/test/auto/PortParameterHierarchy.xml (RunModel)" time="0.014" />
  <testcase classname="ptolemy.util.test.junit.AutoTests" name="[114] /home/travis/build/icyphy/ptII/ptolemy/domains/continuous/test/auto/RandomHybridPlant.xml (RunModel)" time="0.504" />
  <testcase classname="ptolemy.util.test.junit.AutoTests" name="[115] /home/travis/build/icyphy/ptII/ptolemy/domains/continuous/test/auto/ResetTransitionWithStartTime1.xml (RunModel)" time="0.03" />
  <testcase classname="ptolemy.util.test.junit.AutoTests" name="[116] /home/travis/build/icyphy/ptII/ptolemy/domains/continuous/test/auto/ResetTransitionWithStartTime2.xml (RunModel)" time="0.036" />
  <testcase classname="ptolemy.util.test.junit.AutoTests" name="[117] /home/travis/build/icyphy/ptII/ptolemy/domains/continuous/test/auto/ResetTransitionWithStartTime3.xml (RunModel)" time="0.037" />
  <testcase classname="ptolemy.util.test.junit.AutoTests" name="[118] /home/travis/build/icyphy/ptII/ptolemy/domains/continuous/test/auto/ResetTransitionWithStartTime4.xml (RunModel)" time="0.025" />
  <testcase classname="ptolemy.util.test.junit.AutoTests" name="[119] /home/travis/build/icyphy/ptII/ptolemy/domains/continuous/test/auto/ResetTransitionWithStartTime5.xml (RunModel)" time="0.034" />
  <testcase classname="ptolemy.util.test.junit.AutoTests" name="[120] /home/travis/build/icyphy/ptII/ptolemy/domains/continuous/test/auto/ResetTransitionWithStartTime6.xml (RunModel)" time="0.031" />
  <testcase classname="ptolemy.util.test.junit.AutoTests" name="[121] /home/travis/build/icyphy/ptII/ptolemy/domains/continuous/test/auto/SRinContinuous.xml (RunModel)" time="0.022" />
  <testcase classname="ptolemy.util.test.junit.AutoTests" name="[122] /home/travis/build/icyphy/ptII/ptolemy/domains/continuous/test/auto/SampledClocks.xml (RunModel)" time="0.035" />
  <testcase classname="ptolemy.util.test.junit.AutoTests" name="[123] /home/travis/build/icyphy/ptII/ptolemy/domains/continuous/test/auto/Satellite.xml (RunModel)" time="0.772" />
  <testcase classname="ptolemy.util.test.junit.AutoTests" name="[124] /home/travis/build/icyphy/ptII/ptolemy/domains/continuous/test/auto/SigmaDelta.xml (RunModel)" time="2.295" />
  <testcase classname="ptolemy.util.test.junit.AutoTests" name="[125] /home/travis/build/icyphy/ptII/ptolemy/domains/continuous/test/auto/SingleRefinement.xml (RunModel)" time="0.403" />
  <testcase classname="ptolemy.util.test.junit.AutoTests" name="[126] /home/travis/build/icyphy/ptII/ptolemy/domains/continuous/test/auto/SinuBouncingBall.xml (RunModel)" time="0.81" />
  <testcase classname="ptolemy.util.test.junit.AutoTests" name="[127] /home/travis/build/icyphy/ptII/ptolemy/domains/continuous/test/auto/Sinusoid.xml (RunModel)" time="0.016" />
  <testcase classname="ptolemy.util.test.junit.AutoTests" name="[128] /home/travis/build/icyphy/ptII/ptolemy/domains/continuous/test/auto/SinusoidInNoise.xml (RunModel)" time="0.979" />
  <testcase classname="ptolemy.util.test.junit.AutoTests" name="[129] /home/travis/build/icyphy/ptII/ptolemy/domains/continuous/test/auto/SinusoidRK45.xml (RunModel)" time="0.014" />
  <testcase classname="ptolemy.util.test.junit.AutoTests" name="[130] /home/travis/build/icyphy/ptII/ptolemy/domains/continuous/test/auto/SinusoidWithMultipleImpulses.xml (RunModel)" time="0.011" />
  <testcase classname="ptolemy.util.test.junit.AutoTests" name="[131] /home/travis/build/icyphy/ptII/ptolemy/domains/continuous/test/auto/SquareWave.xml (RunModel)" time="0.187" />
  <testcase classname="ptolemy.util.test.junit.AutoTests" name="[132] /home/travis/build/icyphy/ptII/ptolemy/domains/continuous/test/auto/Starmac.xml (RunModel)" time="3.352" />
  <testcase classname="ptolemy.util.test.junit.AutoTests" name="[133] /home/travis/build/icyphy/ptII/ptolemy/domains/continuous/test/auto/StaticUnits.xml (RunModel)" time="2.412" />
  <testcase classname="ptolemy.util.test.junit.AutoTests" name="[134] /home/travis/build/icyphy/ptII/ptolemy/domains/continuous/test/auto/StickyMasses.xml (RunModel)" time="0.186" />
  <testcase classname="ptolemy.util.test.junit.AutoTests" name="[135] /home/travis/build/icyphy/ptII/ptolemy/domains/continuous/test/auto/StopTime.xml (RunModel)" time="0.055" />
  <testcase classname="ptolemy.util.test.junit.AutoTests" name="[136] /home/travis/build/icyphy/ptII/ptolemy/domains/continuous/test/auto/StopTime2.xml (RunModel)" time="0.051" />
  <testcase classname="ptolemy.util.test.junit.AutoTests" name="[137] /home/travis/build/icyphy/ptII/ptolemy/domains/continuous/test/auto/Switch.xml (RunModel)" time="0.059" />
  <testcase classname="ptolemy.util.test.junit.AutoTests" name="[138] /home/travis/build/icyphy/ptII/ptolemy/domains/continuous/test/auto/Thermostat.xml (RunModel)" time="0.196" />
  <testcase classname="ptolemy.util.test.junit.AutoTests" name="[139] /home/travis/build/icyphy/ptII/ptolemy/domains/continuous/test/auto/TimeDelay.xml (RunModel)" time="0.012" />
  <testcase classname="ptolemy.util.test.junit.AutoTests" name="[140] /home/travis/build/icyphy/ptII/ptolemy/domains/continuous/test/auto/TimeDelay2.xml (RunModel)" time="0.02" />
  <testcase classname="ptolemy.util.test.junit.AutoTests" name="[141] /home/travis/build/icyphy/ptII/ptolemy/domains/continuous/test/auto/TimeDelay3.xml (RunModel)" time="0.013" />
  <testcase classname="ptolemy.util.test.junit.AutoTests" name="[142] /home/travis/build/icyphy/ptII/ptolemy/domains/continuous/test/auto/TransferAbsentToInside.xml (RunModel)" time="0.102" />
  <testcase classname="ptolemy.util.test.junit.AutoTests" name="[143] /home/travis/build/icyphy/ptII/ptolemy/domains/continuous/test/auto/Transmission.xml (RunModel)" time="0.702" />
  <testcase classname="ptolemy.util.test.junit.AutoTests" name="[144] /home/travis/build/icyphy/ptII/ptolemy/domains/continuous/test/auto/TriggeredContinuousClock.xml (RunModel)" time="0.062" />
  <testcase classname="ptolemy.util.test.junit.AutoTests" name="[145] /home/travis/build/icyphy/ptII/ptolemy/domains/continuous/test/auto/TwoMachineInfiniteBusControl.xml (RunModel)" time="2.993" />
  <testcase classname="ptolemy.util.test.junit.AutoTests" name="[146] /home/travis/build/icyphy/ptII/ptolemy/domains/continuous/test/auto/V2V.xml (RunModel)" time="0.655" />
  <testcase classname="ptolemy.util.test.junit.AutoTests" name="[147] /home/travis/build/icyphy/ptII/ptolemy/domains/continuous/test/auto/hierarchicalModalModel.xml (RunModel)" time="0.039" />
  <testcase classname="ptolemy.util.test.junit.AutoTests" name="[148] /home/travis/build/icyphy/ptII/ptolemy/domains/continuous/test/auto/hierarchicalModalModel1.xml (RunModel)" time="0.036" />
  <testcase classname="ptolemy.util.test.junit.AutoTests" name="[149] /home/travis/build/icyphy/ptII/ptolemy/domains/continuous/test/auto/hierarchicalModalModel2.xml (RunModel)" time="0.027" />
  <testcase classname="ptolemy.util.test.junit.AutoTests" name="[150] /home/travis/build/icyphy/ptII/ptolemy/domains/continuous/test/auto/hierarchicalModalModel3.xml (RunModel)" time="0.023" />
  <testcase classname="ptolemy.util.test.junit.AutoTests" name="[151] /home/travis/build/icyphy/ptII/ptolemy/domains/continuous/test/auto/hierarchicalModalModel4.xml (RunModel)" time="0.025" />
  <testcase classname="ptolemy.util.test.junit.AutoTests" name="[152] /home/travis/build/icyphy/ptII/ptolemy/domains/continuous/test/auto/junk.xml (RunModel)" time="0.157" />
  <system-out><![CDATA[No tcl tests in /home/travis/build/icyphy/ptII/ptolemy/domains/continuous/test
No auto/knownFailedTests/*.xml tests in /home/travis/build/icyphy/ptII/ptolemy/domains/continuous/test
No auto/linux-amd64/*.xml tests in /home/travis/build/icyphy/ptII/ptolemy/domains/continuous/test
AutoTests.java: About to close Vertx.
AutoTests.java: Vertx closed.

===========================================================================================
----------------- testing Mon Oct 08 02:47:29 UTC 2018 /home/travis/build/icyphy/ptII/ptolemy/domains/continuous/test/auto/BouncingBall.xml
----------------- Instantiating /home/travis/build/icyphy/ptII/ptolemy/domains/continuous/test/auto/BouncingBall.xml
2316 ms. Memory: 331776K Free: 259507K (78%)
----------------- Invoking toplevel() on ptolemy.moml.MoMLSimpleApplication@66a78d97
----------------- Done invoking toplevel() on ptolemy.moml.MoMLSimpleApplication@66a78d97
reloadAllAccessors: .BouncingBall

===========================================================================================
----------------- testing Mon Oct 08 02:47:31 UTC 2018 /home/travis/build/icyphy/ptII/ptolemy/domains/continuous/test/auto/BouncingBallWithoutGR.xml
----------------- Instantiating /home/travis/build/icyphy/ptII/ptolemy/domains/continuous/test/auto/BouncingBallWithoutGR.xml
830 ms. Memory: 331776K Free: 318211K (96%)
----------------- Invoking toplevel() on ptolemy.moml.MoMLSimpleApplication@14574b96
----------------- Done invoking toplevel() on ptolemy.moml.MoMLSimpleApplication@14574b96
reloadAllAccessors: .BouncingBallWithoutGR

===========================================================================================
----------------- testing Mon Oct 08 02:47:32 UTC 2018 /home/travis/build/icyphy/ptII/ptolemy/domains/continuous/test/auto/Brownian.xml
----------------- Instantiating /home/travis/build/icyphy/ptII/ptolemy/domains/continuous/test/auto/Brownian.xml
30 ms. Memory: 331776K Free: 304292K (92%)
----------------- Invoking toplevel() on ptolemy.moml.MoMLSimpleApplication@4025e4a0
----------------- Done invoking toplevel() on ptolemy.moml.MoMLSimpleApplication@4025e4a0
reloadAllAccessors: .Brownian

===========================================================================================
----------------- testing Mon Oct 08 02:47:33 UTC 2018 /home/travis/build/icyphy/ptII/ptolemy/domains/continuous/test/auto/CarTracking.xml
----------------- Instantiating /home/travis/build/icyphy/ptII/ptolemy/domains/continuous/test/auto/CarTracking.xml
3240 ms. Memory: 578048K Free: 465279K (80%)
----------------- Invoking toplevel() on ptolemy.moml.MoMLSimpleApplication@79c9c1ec
----------------- Done invoking toplevel() on ptolemy.moml.MoMLSimpleApplication@79c9c1ec
reloadAllAccessors: .CarTracking

===========================================================================================
----------------- testing Mon Oct 08 02:47:36 UTC 2018 /home/travis/build/icyphy/ptII/ptolemy/domains/continuous/test/auto/CartPendulum.xml
----------------- Instantiating /home/travis/build/icyphy/ptII/ptolemy/domains/continuous/test/auto/CartPendulum.xml
388 ms. Memory: 578048K Free: 360931K (62%)
----------------- Invoking toplevel() on ptolemy.moml.MoMLSimpleApplication@7e4b3c2c
----------------- Done invoking toplevel() on ptolemy.moml.MoMLSimpleApplication@7e4b3c2c
reloadAllAccessors: .CartPendulum

===========================================================================================
----------------- testing Mon Oct 08 02:47:37 UTC 2018 /home/travis/build/icyphy/ptII/ptolemy/domains/continuous/test/auto/CausalityInterface10.xml
----------------- Instantiating /home/travis/build/icyphy/ptII/ptolemy/domains/continuous/test/auto/CausalityInterface10.xml
14 ms. Memory: 578048K Free: 347830K (60%)
----------------- Invoking toplevel() on ptolemy.moml.MoMLSimpleApplication@7aac5c8a
----------------- Done invoking toplevel() on ptolemy.moml.MoMLSimpleApplication@7aac5c8a
reloadAllAccessors: .CausalityInterface10

===========================================================================================
----------------- testing Mon Oct 08 02:47:37 UTC 2018 /home/travis/build/icyphy/ptII/ptolemy/domains/continuous/test/auto/CausalityInterface11.xml
----------------- Instantiating /home/travis/build/icyphy/ptII/ptolemy/domains/continuous/test/auto/CausalityInterface11.xml
8 ms. Memory: 578048K Free: 337993K (58%)
----------------- Invoking toplevel() on ptolemy.moml.MoMLSimpleApplication@4215196d
----------------- Done invoking toplevel() on ptolemy.moml.MoMLSimpleApplication@4215196d
reloadAllAccessors: .CausalityInterface11

===========================================================================================
----------------- testing Mon Oct 08 02:47:37 UTC 2018 /home/travis/build/icyphy/ptII/ptolemy/domains/continuous/test/auto/CausalityInterface12.xml
----------------- Instantiating /home/travis/build/icyphy/ptII/ptolemy/domains/continuous/test/auto/CausalityInterface12.xml
4 ms. Memory: 578048K Free: 328157K (57%)
----------------- Invoking toplevel() on ptolemy.moml.MoMLSimpleApplication@37423b41
----------------- Done invoking toplevel() on ptolemy.moml.MoMLSimpleApplication@37423b41
reloadAllAccessors: .CausalityInterface12

===========================================================================================
----------------- testing Mon Oct 08 02:47:37 UTC 2018 /home/travis/build/icyphy/ptII/ptolemy/domains/continuous/test/auto/CausalityInterface13.xml
----------------- Instantiating /home/travis/build/icyphy/ptII/ptolemy/domains/continuous/test/auto/CausalityInterface13.xml
8 ms. Memory: 578048K Free: 314899K (54%)
----------------- Invoking toplevel() on ptolemy.moml.MoMLSimpleApplication@209e028
----------------- Done invoking toplevel() on ptolemy.moml.MoMLSimpleApplication@209e028
reloadAllAccessors: .CausalityInterface13

===========================================================================================
----------------- testing Mon Oct 08 02:47:37 UTC 2018 /home/travis/build/icyphy/ptII/ptolemy/domains/continuous/test/auto/CausalityInterface14.xml
----------------- Instantiating /home/travis/build/icyphy/ptII/ptolemy/domains/continuous/test/auto/CausalityInterface14.xml
4 ms. Memory: 578048K Free: 305063K (53%)
----------------- Invoking toplevel() on ptolemy.moml.MoMLSimpleApplication@474b56b5
----------------- Done invoking toplevel() on ptolemy.moml.MoMLSimpleApplication@474b56b5
reloadAllAccessors: .CausalityInterface14

===========================================================================================
----------------- testing Mon Oct 08 02:47:37 UTC 2018 /home/travis/build/icyphy/ptII/ptolemy/domains/continuous/test/auto/CausalityInterface4.xml
----------------- Instantiating /home/travis/build/icyphy/ptII/ptolemy/domains/continuous/test/auto/CausalityInterface4.xml
6 ms. Memory: 578048K Free: 295227K (51%)
----------------- Invoking toplevel() on ptolemy.moml.MoMLSimpleApplication@63f482da
----------------- Done invoking toplevel() on ptolemy.moml.MoMLSimpleApplication@63f482da
reloadAllAccessors: .CausalityInterface4

===========================================================================================
----------------- testing Mon Oct 08 02:47:37 UTC 2018 /home/travis/build/icyphy/ptII/ptolemy/domains/continuous/test/auto/CausalityInterface5.xml
----------------- Instantiating /home/travis/build/icyphy/ptII/ptolemy/domains/continuous/test/auto/CausalityInterface5.xml
6 ms. Memory: 578048K Free: 282117K (49%)
----------------- Invoking toplevel() on ptolemy.moml.MoMLSimpleApplication@5efa69fc
----------------- Done invoking toplevel() on ptolemy.moml.MoMLSimpleApplication@5efa69fc
reloadAllAccessors: .CausalityInterface5

===========================================================================================
----------------- testing Mon Oct 08 02:47:37 UTC 2018 /home/travis/build/icyphy/ptII/ptolemy/domains/continuous/test/auto/CausalityInterface6.xml
----------------- Instantiating /home/travis/build/icyphy/ptII/ptolemy/domains/continuous/test/auto/CausalityInterface6.xml
3 ms. Memory: 578048K Free: 269109K (47%)
----------------- Invoking toplevel() on ptolemy.moml.MoMLSimpleApplication@3dd2b132
----------------- Done invoking toplevel() on ptolemy.moml.MoMLSimpleApplication@3dd2b132
reloadAllAccessors: .CausalityInterface6

===========================================================================================
----------------- testing Mon Oct 08 02:47:37 UTC 2018 /home/travis/build/icyphy/ptII/ptolemy/domains/continuous/test/auto/CausalityInterface7.xml
----------------- Instantiating /home/travis/build/icyphy/ptII/ptolemy/domains/continuous/test/auto/CausalityInterface7.xml
10 ms. Memory: 578048K Free: 255999K (44%)
----------------- Invoking toplevel() on ptolemy.moml.MoMLSimpleApplication@4060f99d
----------------- Done invoking toplevel() on ptolemy.moml.MoMLSimpleApplication@4060f99d
reloadAllAccessors: .CausalityInterface7

===========================================================================================
----------------- testing Mon Oct 08 02:47:37 UTC 2018 /home/travis/build/icyphy/ptII/ptolemy/domains/continuous/test/auto/CausalityInterface8.xml
----------------- Instantiating /home/travis/build/icyphy/ptII/ptolemy/domains/continuous/test/auto/CausalityInterface8.xml
7 ms. Memory: 578048K Free: 242889K (42%)
----------------- Invoking toplevel() on ptolemy.moml.MoMLSimpleApplication@7e18a1d0
----------------- Done invoking toplevel() on ptolemy.moml.MoMLSimpleApplication@7e18a1d0
reloadAllAccessors: .CausalityInterface8

===========================================================================================
----------------- testing Mon Oct 08 02:47:37 UTC 2018 /home/travis/build/icyphy/ptII/ptolemy/domains/continuous/test/auto/CausalityInterface9.xml
----------------- Instantiating /home/travis/build/icyphy/ptII/ptolemy/domains/continuous/test/auto/CausalityInterface9.xml
7 ms. Memory: 578048K Free: 226490K (39%)
----------------- Invoking toplevel() on ptolemy.moml.MoMLSimpleApplication@7585602a
----------------- Done invoking toplevel() on ptolemy.moml.MoMLSimpleApplication@7585602a
reloadAllAccessors: .CausalityInterface9

===========================================================================================
----------------- testing Mon Oct 08 02:47:37 UTC 2018 /home/travis/build/icyphy/ptII/ptolemy/domains/continuous/test/auto/CausalityInterfaceFeedback1.xml
----------------- Instantiating /home/travis/build/icyphy/ptII/ptolemy/domains/continuous/test/auto/CausalityInterfaceFeedback1.xml
4 ms. Memory: 578048K Free: 213466K (37%)
----------------- Invoking toplevel() on ptolemy.moml.MoMLSimpleApplication@2fd17b79
----------------- Done invoking toplevel() on ptolemy.moml.MoMLSimpleApplication@2fd17b79
reloadAllAccessors: .CausalityInterfaceFeedback1

===========================================================================================
----------------- testing Mon Oct 08 02:47:37 UTC 2018 /home/travis/build/icyphy/ptII/ptolemy/domains/continuous/test/auto/CausalityInterfaceFeedback2.xml
----------------- Instantiating /home/travis/build/icyphy/ptII/ptolemy/domains/continuous/test/auto/CausalityInterfaceFeedback2.xml
6 ms. Memory: 578048K Free: 203638K (35%)
----------------- Invoking toplevel() on ptolemy.moml.MoMLSimpleApplication@4f29854e
----------------- Done invoking toplevel() on ptolemy.moml.MoMLSimpleApplication@4f29854e
reloadAllAccessors: .CausalityInterfaceFeedback2

===========================================================================================
----------------- testing Mon Oct 08 02:47:37 UTC 2018 /home/travis/build/icyphy/ptII/ptolemy/domains/continuous/test/auto/CompareWithCurrentTime.xml
----------------- Instantiating /home/travis/build/icyphy/ptII/ptolemy/domains/continuous/test/auto/CompareWithCurrentTime.xml
8 ms. Memory: 578048K Free: 197091K (34%)
----------------- Invoking toplevel() on ptolemy.moml.MoMLSimpleApplication@234072ff
----------------- Done invoking toplevel() on ptolemy.moml.MoMLSimpleApplication@234072ff
reloadAllAccessors: .CompareWithCurrentTime

===========================================================================================
----------------- testing Mon Oct 08 02:47:37 UTC 2018 /home/travis/build/icyphy/ptII/ptolemy/domains/continuous/test/auto/ComparedClocks.xml
----------------- Instantiating /home/travis/build/icyphy/ptII/ptolemy/domains/continuous/test/auto/ComparedClocks.xml
6 ms. Memory: 578048K Free: 177418K (31%)
----------------- Invoking toplevel() on ptolemy.moml.MoMLSimpleApplication@3740881d
----------------- Done invoking toplevel() on ptolemy.moml.MoMLSimpleApplication@3740881d
reloadAllAccessors: .ComparedClocks

===========================================================================================
----------------- testing Mon Oct 08 02:47:37 UTC 2018 /home/travis/build/icyphy/ptII/ptolemy/domains/continuous/test/auto/ContinuousAOCClone.xml
----------------- Instantiating /home/travis/build/icyphy/ptII/ptolemy/domains/continuous/test/auto/ContinuousAOCClone.xml
2426 ms. Memory: 872448K Free: 415196K (48%)
----------------- Invoking toplevel() on ptolemy.moml.MoMLSimpleApplication@776bca8e
----------------- Done invoking toplevel() on ptolemy.moml.MoMLSimpleApplication@776bca8e
reloadAllAccessors: .ContinuousAOCClone

===========================================================================================
----------------- testing Mon Oct 08 02:47:40 UTC 2018 /home/travis/build/icyphy/ptII/ptolemy/domains/continuous/test/auto/ContinuousClock.xml
----------------- Instantiating /home/travis/build/icyphy/ptII/ptolemy/domains/continuous/test/auto/ContinuousClock.xml
21 ms. Memory: 872448K Free: 381964K (44%)
----------------- Invoking toplevel() on ptolemy.moml.MoMLSimpleApplication@4d306303
----------------- Done invoking toplevel() on ptolemy.moml.MoMLSimpleApplication@4d306303
reloadAllAccessors: .ContinuousClock

===========================================================================================
----------------- testing Mon Oct 08 02:47:40 UTC 2018 /home/travis/build/icyphy/ptII/ptolemy/domains/continuous/test/auto/ContinuousInContinuous.xml
----------------- Instantiating /home/travis/build/icyphy/ptII/ptolemy/domains/continuous/test/auto/ContinuousInContinuous.xml
39 ms. Memory: 872448K Free: 350524K (40%)
----------------- Invoking toplevel() on ptolemy.moml.MoMLSimpleApplication@213b17b
----------------- Done invoking toplevel() on ptolemy.moml.MoMLSimpleApplication@213b17b
reloadAllAccessors: .ContinuousInContinuous

===========================================================================================
----------------- testing Mon Oct 08 02:47:40 UTC 2018 /home/travis/build/icyphy/ptII/ptolemy/domains/continuous/test/auto/ContinuousInContinuousInContinuous.xml
----------------- Instantiating /home/travis/build/icyphy/ptII/ptolemy/domains/continuous/test/auto/ContinuousInContinuousInContinuous.xml
6 ms. Memory: 872448K Free: 334808K (38%)
----------------- Invoking toplevel() on ptolemy.moml.MoMLSimpleApplication@5f0f096b
----------------- Done invoking toplevel() on ptolemy.moml.MoMLSimpleApplication@5f0f096b
reloadAllAccessors: .ContinuousInContinuousInContinuous

===========================================================================================
----------------- testing Mon Oct 08 02:47:40 UTC 2018 /home/travis/build/icyphy/ptII/ptolemy/domains/continuous/test/auto/ContinuousInDE.xml
----------------- Instantiating /home/travis/build/icyphy/ptII/ptolemy/domains/continuous/test/auto/ContinuousInDE.xml
81 ms. Memory: 872448K Free: 319099K (37%)
----------------- Invoking toplevel() on ptolemy.moml.MoMLSimpleApplication@6b32d761
----------------- Done invoking toplevel() on ptolemy.moml.MoMLSimpleApplication@6b32d761
reloadAllAccessors: .ContinuousInDE

===========================================================================================
----------------- testing Mon Oct 08 02:47:40 UTC 2018 /home/travis/build/icyphy/ptII/ptolemy/domains/continuous/test/auto/ContinuousInDE2.xml
----------------- Instantiating /home/travis/build/icyphy/ptII/ptolemy/domains/continuous/test/auto/ContinuousInDE2.xml
45 ms. Memory: 872448K Free: 299934K (34%)
----------------- Invoking toplevel() on ptolemy.moml.MoMLSimpleApplication@2b6d8e46
----------------- Done invoking toplevel() on ptolemy.moml.MoMLSimpleApplication@2b6d8e46
reloadAllAccessors: .ContinuousInDE2

===========================================================================================
----------------- testing Mon Oct 08 02:47:40 UTC 2018 /home/travis/build/icyphy/ptII/ptolemy/domains/continuous/test/auto/ContinuousInDE3.xml
----------------- Instantiating /home/travis/build/icyphy/ptII/ptolemy/domains/continuous/test/auto/ContinuousInDE3.xml
35 ms. Memory: 872448K Free: 284225K (33%)
----------------- Invoking toplevel() on ptolemy.moml.MoMLSimpleApplication@582c8a34
----------------- Done invoking toplevel() on ptolemy.moml.MoMLSimpleApplication@582c8a34
reloadAllAccessors: .ContinuousInDE3

===========================================================================================
----------------- testing Mon Oct 08 02:47:40 UTC 2018 /home/travis/build/icyphy/ptII/ptolemy/domains/continuous/test/auto/ContinuousInDE4.xml
----------------- Instantiating /home/travis/build/icyphy/ptII/ptolemy/domains/continuous/test/auto/ContinuousInDE4.xml
16 ms. Memory: 872448K Free: 273753K (31%)
----------------- Invoking toplevel() on ptolemy.moml.MoMLSimpleApplication@7390b2a2
----------------- Done invoking toplevel() on ptolemy.moml.MoMLSimpleApplication@7390b2a2
reloadAllAccessors: .ContinuousInDE4

===========================================================================================
----------------- testing Mon Oct 08 02:47:40 UTC 2018 /home/travis/build/icyphy/ptII/ptolemy/domains/continuous/test/auto/ContinuousInDEDifferentRefinements.xml
----------------- Instantiating /home/travis/build/icyphy/ptII/ptolemy/domains/continuous/test/auto/ContinuousInDEDifferentRefinements.xml
50 ms. Memory: 872448K Free: 237052K (27%)
----------------- Invoking toplevel() on ptolemy.moml.MoMLSimpleApplication@5309a9ea
----------------- Done invoking toplevel() on ptolemy.moml.MoMLSimpleApplication@5309a9ea
reloadAllAccessors: .ContinuousInDEDifferentRefinements

===========================================================================================
----------------- testing Mon Oct 08 02:47:40 UTC 2018 /home/travis/build/icyphy/ptII/ptolemy/domains/continuous/test/auto/ContinuousInDEDifferentRefinementsPreemptive.xml
----------------- Instantiating /home/travis/build/icyphy/ptII/ptolemy/domains/continuous/test/auto/ContinuousInDEDifferentRefinementsPreemptive.xml
48 ms. Memory: 872448K Free: 196902K (23%)
----------------- Invoking toplevel() on ptolemy.moml.MoMLSimpleApplication@535490bb
----------------- Done invoking toplevel() on ptolemy.moml.MoMLSimpleApplication@535490bb
reloadAllAccessors: .ContinuousInDEDifferentRefinementsPreemptive

===========================================================================================
----------------- testing Mon Oct 08 02:47:41 UTC 2018 /home/travis/build/icyphy/ptII/ptolemy/domains/continuous/test/auto/ContinuousInDEInContinuous2.xml
----------------- Instantiating /home/travis/build/icyphy/ptII/ptolemy/domains/continuous/test/auto/ContinuousInDEInContinuous2.xml
37 ms. Memory: 872448K Free: 181178K (21%)
----------------- Invoking toplevel() on ptolemy.moml.MoMLSimpleApplication@11963f3c
----------------- Done invoking toplevel() on ptolemy.moml.MoMLSimpleApplication@11963f3c
reloadAllAccessors: .ContinuousInDEInContinuous2

===========================================================================================
----------------- testing Mon Oct 08 02:47:41 UTC 2018 /home/travis/build/icyphy/ptII/ptolemy/domains/continuous/test/auto/ContinuousInDEInContinuous3.xml
----------------- Instantiating /home/travis/build/icyphy/ptII/ptolemy/domains/continuous/test/auto/ContinuousInDEInContinuous3.xml
36 ms. Memory: 872448K Free: 160218K (18%)
----------------- Invoking toplevel() on ptolemy.moml.MoMLSimpleApplication@11204004
----------------- Done invoking toplevel() on ptolemy.moml.MoMLSimpleApplication@11204004
reloadAllAccessors: .ContinuousInDEInContinuous3

===========================================================================================
----------------- testing Mon Oct 08 02:47:41 UTC 2018 /home/travis/build/icyphy/ptII/ptolemy/domains/continuous/test/auto/ContinuousInDEInput.xml
----------------- Instantiating /home/travis/build/icyphy/ptII/ptolemy/domains/continuous/test/auto/ContinuousInDEInput.xml
24 ms. Memory: 872448K Free: 149746K (17%)
----------------- Invoking toplevel() on ptolemy.moml.MoMLSimpleApplication@146a6b7b
----------------- Done invoking toplevel() on ptolemy.moml.MoMLSimpleApplication@146a6b7b
reloadAllAccessors: .ContinuousInDEInput

===========================================================================================
----------------- testing Mon Oct 08 02:47:41 UTC 2018 /home/travis/build/icyphy/ptII/ptolemy/domains/continuous/test/auto/ContinuousInDEInput2.xml
----------------- Instantiating /home/travis/build/icyphy/ptII/ptolemy/domains/continuous/test/auto/ContinuousInDEInput2.xml
16 ms. Memory: 872448K Free: 139274K (16%)
----------------- Invoking toplevel() on ptolemy.moml.MoMLSimpleApplication@57334bfb
----------------- Done invoking toplevel() on ptolemy.moml.MoMLSimpleApplication@57334bfb
reloadAllAccessors: .ContinuousInDEInput2

===========================================================================================
----------------- testing Mon Oct 08 02:47:41 UTC 2018 /home/travis/build/icyphy/ptII/ptolemy/domains/continuous/test/auto/ContinuousInDEInput3.xml
----------------- Instantiating /home/travis/build/icyphy/ptII/ptolemy/domains/continuous/test/auto/ContinuousInDEInput3.xml
15 ms. Memory: 872448K Free: 125344K (14%)
----------------- Invoking toplevel() on ptolemy.moml.MoMLSimpleApplication@6d1e0f
----------------- Done invoking toplevel() on ptolemy.moml.MoMLSimpleApplication@6d1e0f
reloadAllAccessors: .ContinuousInDEInput3

===========================================================================================
----------------- testing Mon Oct 08 02:47:41 UTC 2018 /home/travis/build/icyphy/ptII/ptolemy/domains/continuous/test/auto/ContinuousInDESharingRefinement.xml
----------------- Instantiating /home/travis/build/icyphy/ptII/ptolemy/domains/continuous/test/auto/ContinuousInDESharingRefinement.xml
146 ms. Memory: 872960K Free: 811851K (93%)
----------------- Invoking toplevel() on ptolemy.moml.MoMLSimpleApplication@434ea200
----------------- Done invoking toplevel() on ptolemy.moml.MoMLSimpleApplication@434ea200
reloadAllAccessors: .ContinuousInDESharingRefinement

===========================================================================================
----------------- testing Mon Oct 08 02:47:41 UTC 2018 /home/travis/build/icyphy/ptII/ptolemy/domains/continuous/test/auto/ContinuousInDEwithNoPorts.xml
----------------- Instantiating /home/travis/build/icyphy/ptII/ptolemy/domains/continuous/test/auto/ContinuousInDEwithNoPorts.xml
4 ms. Memory: 872960K Free: 799004K (92%)
----------------- Invoking toplevel() on ptolemy.moml.MoMLSimpleApplication@686e94a6
----------------- Done invoking toplevel() on ptolemy.moml.MoMLSimpleApplication@686e94a6
reloadAllAccessors: .ContinuousInDEwithNoPorts

===========================================================================================
----------------- testing Mon Oct 08 02:47:41 UTC 2018 /home/travis/build/icyphy/ptII/ptolemy/domains/continuous/test/auto/ContinuousInsideDE.xml
----------------- Instantiating /home/travis/build/icyphy/ptII/ptolemy/domains/continuous/test/auto/ContinuousInsideDE.xml
45 ms. Memory: 872960K Free: 779360K (89%)
----------------- Invoking toplevel() on ptolemy.moml.MoMLSimpleApplication@3924fccc
----------------- Done invoking toplevel() on ptolemy.moml.MoMLSimpleApplication@3924fccc
reloadAllAccessors: .ContinuousInsideDE

===========================================================================================
----------------- testing Mon Oct 08 02:47:41 UTC 2018 /home/travis/build/icyphy/ptII/ptolemy/domains/continuous/test/auto/ContinuousMerge1.xml
----------------- Instantiating /home/travis/build/icyphy/ptII/ptolemy/domains/continuous/test/auto/ContinuousMerge1.xml
3 ms. Memory: 872960K Free: 769182K (88%)
----------------- Invoking toplevel() on ptolemy.moml.MoMLSimpleApplication@6f56769e
----------------- Done invoking toplevel() on ptolemy.moml.MoMLSimpleApplication@6f56769e
reloadAllAccessors: .ContinuousMerge1

===========================================================================================
----------------- testing Mon Oct 08 02:47:41 UTC 2018 /home/travis/build/icyphy/ptII/ptolemy/domains/continuous/test/auto/ContinuousMerge2.xml
----------------- Instantiating /home/travis/build/icyphy/ptII/ptolemy/domains/continuous/test/auto/ContinuousMerge2.xml
19 ms. Memory: 872960K Free: 753287K (86%)
----------------- Invoking toplevel() on ptolemy.moml.MoMLSimpleApplication@1bf71e65
----------------- Done invoking toplevel() on ptolemy.moml.MoMLSimpleApplication@1bf71e65
reloadAllAccessors: .ContinuousMerge2

===========================================================================================
----------------- testing Mon Oct 08 02:47:41 UTC 2018 /home/travis/build/icyphy/ptII/ptolemy/domains/continuous/test/auto/ContinuousMerge3.xml
----------------- Instantiating /home/travis/build/icyphy/ptII/ptolemy/domains/continuous/test/auto/ContinuousMerge3.xml
45 ms. Memory: 872960K Free: 737578K (84%)
----------------- Invoking toplevel() on ptolemy.moml.MoMLSimpleApplication@56808c52
----------------- Done invoking toplevel() on ptolemy.moml.MoMLSimpleApplication@56808c52
reloadAllAccessors: .ContinuousMerge3

===========================================================================================
----------------- testing Mon Oct 08 02:47:41 UTC 2018 /home/travis/build/icyphy/ptII/ptolemy/domains/continuous/test/auto/ContinuousWithinContinuous.xml
----------------- Instantiating /home/travis/build/icyphy/ptII/ptolemy/domains/continuous/test/auto/ContinuousWithinContinuous.xml
42 ms. Memory: 872960K Free: 719547K (82%)
----------------- Invoking toplevel() on ptolemy.moml.MoMLSimpleApplication@7e723b37
----------------- Done invoking toplevel() on ptolemy.moml.MoMLSimpleApplication@7e723b37
reloadAllAccessors: .ContinuousWithinContinuous

===========================================================================================
----------------- testing Mon Oct 08 02:47:41 UTC 2018 /home/travis/build/icyphy/ptII/ptolemy/domains/continuous/test/auto/ContinuousWithinContinuous2.xml
----------------- Instantiating /home/travis/build/icyphy/ptII/ptolemy/domains/continuous/test/auto/ContinuousWithinContinuous2.xml
71 ms. Memory: 872960K Free: 707765K (81%)
----------------- Invoking toplevel() on ptolemy.moml.MoMLSimpleApplication@1e23faaa
----------------- Done invoking toplevel() on ptolemy.moml.MoMLSimpleApplication@1e23faaa
reloadAllAccessors: .ContinuousWithinContinuous2

===========================================================================================
----------------- testing Mon Oct 08 02:47:41 UTC 2018 /home/travis/build/icyphy/ptII/ptolemy/domains/continuous/test/auto/ContinuousWithinContinuous3.xml
----------------- Instantiating /home/travis/build/icyphy/ptII/ptolemy/domains/continuous/test/auto/ContinuousWithinContinuous3.xml
13 ms. Memory: 872960K Free: 695984K (80%)
----------------- Invoking toplevel() on ptolemy.moml.MoMLSimpleApplication@7106d657
----------------- Done invoking toplevel() on ptolemy.moml.MoMLSimpleApplication@7106d657
reloadAllAccessors: .ContinuousWithinContinuous3

===========================================================================================
----------------- testing Mon Oct 08 02:47:41 UTC 2018 /home/travis/build/icyphy/ptII/ptolemy/domains/continuous/test/auto/ContinuousWithinContinuous4.xml
----------------- Instantiating /home/travis/build/icyphy/ptII/ptolemy/domains/continuous/test/auto/ContinuousWithinContinuous4.xml
91 ms. Memory: 872960K Free: 674010K (77%)
----------------- Invoking toplevel() on ptolemy.moml.MoMLSimpleApplication@308e7921
----------------- Done invoking toplevel() on ptolemy.moml.MoMLSimpleApplication@308e7921
reloadAllAccessors: .ContinuousWithinContinuous4

===========================================================================================
----------------- testing Mon Oct 08 02:47:42 UTC 2018 /home/travis/build/icyphy/ptII/ptolemy/domains/continuous/test/auto/ContinuousWithinContinuous5.xml
----------------- Instantiating /home/travis/build/icyphy/ptII/ptolemy/domains/continuous/test/auto/ContinuousWithinContinuous5.xml
13 ms. Memory: 872960K Free: 662213K (76%)
----------------- Invoking toplevel() on ptolemy.moml.MoMLSimpleApplication@7b0392c9
----------------- Done invoking toplevel() on ptolemy.moml.MoMLSimpleApplication@7b0392c9
reloadAllAccessors: .ContinuousWithinContinuous5

===========================================================================================
----------------- testing Mon Oct 08 02:47:42 UTC 2018 /home/travis/build/icyphy/ptII/ptolemy/domains/continuous/test/auto/ContinuousWithinContinuous6.xml
----------------- Instantiating /home/travis/build/icyphy/ptII/ptolemy/domains/continuous/test/auto/ContinuousWithinContinuous6.xml
12 ms. Memory: 872960K Free: 650423K (75%)
----------------- Invoking toplevel() on ptolemy.moml.MoMLSimpleApplication@29336c96
----------------- Done invoking toplevel() on ptolemy.moml.MoMLSimpleApplication@29336c96
reloadAllAccessors: .ContinuousWithinContinuous6

===========================================================================================
----------------- testing Mon Oct 08 02:47:42 UTC 2018 /home/travis/build/icyphy/ptII/ptolemy/domains/continuous/test/auto/ContinuousWithinContinuous7.xml
----------------- Instantiating /home/travis/build/icyphy/ptII/ptolemy/domains/continuous/test/auto/ContinuousWithinContinuous7.xml
58 ms. Memory: 872960K Free: 636319K (73%)
----------------- Invoking toplevel() on ptolemy.moml.MoMLSimpleApplication@13a8884d
----------------- Done invoking toplevel() on ptolemy.moml.MoMLSimpleApplication@13a8884d
reloadAllAccessors: .ContinuousWithinContinuous7

===========================================================================================
----------------- testing Mon Oct 08 02:47:42 UTC 2018 /home/travis/build/icyphy/ptII/ptolemy/domains/continuous/test/auto/DCMotor.xml
----------------- Instantiating /home/travis/build/icyphy/ptII/ptolemy/domains/continuous/test/auto/DCMotor.xml
13437 ms. Memory: 734208K Free: 103727K (14%)
----------------- Invoking toplevel() on ptolemy.moml.MoMLSimpleApplication@213a7c43
----------------- Done invoking toplevel() on ptolemy.moml.MoMLSimpleApplication@213a7c43
reloadAllAccessors: .DCMotor

===========================================================================================
----------------- testing Mon Oct 08 02:47:55 UTC 2018 /home/travis/build/icyphy/ptII/ptolemy/domains/continuous/test/auto/DEInContinuous.xml
----------------- Instantiating /home/travis/build/icyphy/ptII/ptolemy/domains/continuous/test/auto/DEInContinuous.xml
14 ms. Memory: 734208K Free: 87657K (12%)
----------------- Invoking toplevel() on ptolemy.moml.MoMLSimpleApplication@11215092
----------------- Done invoking toplevel() on ptolemy.moml.MoMLSimpleApplication@11215092
reloadAllAccessors: .DEInContinuous

===========================================================================================
----------------- testing Mon Oct 08 02:47:55 UTC 2018 /home/travis/build/icyphy/ptII/ptolemy/domains/continuous/test/auto/DEinContinuous2.xml
----------------- Instantiating /home/travis/build/icyphy/ptII/ptolemy/domains/continuous/test/auto/DEinContinuous2.xml
6 ms. Memory: 734208K Free: 74613K (10%)
----------------- Invoking toplevel() on ptolemy.moml.MoMLSimpleApplication@c7f7d43
----------------- Done invoking toplevel() on ptolemy.moml.MoMLSimpleApplication@c7f7d43
reloadAllAccessors: .DEinContinuous2

===========================================================================================
----------------- testing Mon Oct 08 02:47:55 UTC 2018 /home/travis/build/icyphy/ptII/ptolemy/domains/continuous/test/auto/Derivative.xml
----------------- Instantiating /home/travis/build/icyphy/ptII/ptolemy/domains/continuous/test/auto/Derivative.xml
197 ms. Memory: 696832K Free: 646266K (93%)
----------------- Invoking toplevel() on ptolemy.moml.MoMLSimpleApplication@38206a43
----------------- Done invoking toplevel() on ptolemy.moml.MoMLSimpleApplication@38206a43
reloadAllAccessors: .Derivative2

===========================================================================================
----------------- testing Mon Oct 08 02:47:56 UTC 2018 /home/travis/build/icyphy/ptII/ptolemy/domains/continuous/test/auto/Derivative1.xml
----------------- Instantiating /home/travis/build/icyphy/ptII/ptolemy/domains/continuous/test/auto/Derivative1.xml
23 ms. Memory: 696832K Free: 626161K (90%)
----------------- Invoking toplevel() on ptolemy.moml.MoMLSimpleApplication@5475f5b4
----------------- Done invoking toplevel() on ptolemy.moml.MoMLSimpleApplication@5475f5b4
reloadAllAccessors: .Derivative1

===========================================================================================
----------------- testing Mon Oct 08 02:47:56 UTC 2018 /home/travis/build/icyphy/ptII/ptolemy/domains/continuous/test/auto/DiscreteClock.xml
----------------- Instantiating /home/travis/build/icyphy/ptII/ptolemy/domains/continuous/test/auto/DiscreteClock.xml
4 ms. Memory: 696832K Free: 613036K (88%)
----------------- Invoking toplevel() on ptolemy.moml.MoMLSimpleApplication@28c60d20
----------------- Done invoking toplevel() on ptolemy.moml.MoMLSimpleApplication@28c60d20
reloadAllAccessors: .DiscreteClock

===========================================================================================
----------------- testing Mon Oct 08 02:47:56 UTC 2018 /home/travis/build/icyphy/ptII/ptolemy/domains/continuous/test/auto/EfficiencyCurve.xml
----------------- Instantiating /home/travis/build/icyphy/ptII/ptolemy/domains/continuous/test/auto/EfficiencyCurve.xml
52 ms. Memory: 696832K Free: 599911K (86%)
----------------- Invoking toplevel() on ptolemy.moml.MoMLSimpleApplication@59ac9c8
----------------- Done invoking toplevel() on ptolemy.moml.MoMLSimpleApplication@59ac9c8
reloadAllAccessors: .EfficiencyCurve

===========================================================================================
----------------- testing Mon Oct 08 02:47:56 UTC 2018 /home/travis/build/icyphy/ptII/ptolemy/domains/continuous/test/auto/ExponentialResponse.xml
----------------- Instantiating /home/travis/build/icyphy/ptII/ptolemy/domains/continuous/test/auto/ExponentialResponse.xml
102 ms. Memory: 696832K Free: 568323K (82%)
----------------- Invoking toplevel() on ptolemy.moml.MoMLSimpleApplication@409cc496
----------------- Done invoking toplevel() on ptolemy.moml.MoMLSimpleApplication@409cc496
reloadAllAccessors: .ExponentialResponse

===========================================================================================
----------------- testing Mon Oct 08 02:47:56 UTC 2018 /home/travis/build/icyphy/ptII/ptolemy/domains/continuous/test/auto/ExponentialResponseRK45.xml
----------------- Instantiating /home/travis/build/icyphy/ptII/ptolemy/domains/continuous/test/auto/ExponentialResponseRK45.xml
25 ms. Memory: 696832K Free: 555197K (80%)
----------------- Invoking toplevel() on ptolemy.moml.MoMLSimpleApplication@2aaa896e
----------------- Done invoking toplevel() on ptolemy.moml.MoMLSimpleApplication@2aaa896e
reloadAllAccessors: .ExponentialResponseRK45

===========================================================================================
----------------- testing Mon Oct 08 02:47:56 UTC 2018 /home/travis/build/icyphy/ptII/ptolemy/domains/continuous/test/auto/Friction.xml
----------------- Instantiating /home/travis/build/icyphy/ptII/ptolemy/domains/continuous/test/auto/Friction.xml
1287 ms. Memory: 696832K Free: 104534K (15%)
----------------- Invoking toplevel() on ptolemy.moml.MoMLSimpleApplication@6997ab88
----------------- Done invoking toplevel() on ptolemy.moml.MoMLSimpleApplication@6997ab88
reloadAllAccessors: .Friction

===========================================================================================
----------------- testing Mon Oct 08 02:47:57 UTC 2018 /home/travis/build/icyphy/ptII/ptolemy/domains/continuous/test/auto/FurutaPendulum.xml
----------------- Instantiating /home/travis/build/icyphy/ptII/ptolemy/domains/continuous/test/auto/FurutaPendulum.xml
3106 ms. Memory: 674304K Free: 204475K (30%)
----------------- Invoking toplevel() on ptolemy.moml.MoMLSimpleApplication@8b49848
----------------- Done invoking toplevel() on ptolemy.moml.MoMLSimpleApplication@8b49848
reloadAllAccessors: .FurutaPendulum

===========================================================================================
----------------- testing Mon Oct 08 02:48:01 UTC 2018 /home/travis/build/icyphy/ptII/ptolemy/domains/continuous/test/auto/HierarchicalExecution.xml
----------------- Instantiating /home/travis/build/icyphy/ptII/ptolemy/domains/continuous/test/auto/HierarchicalExecution.xml
1663 ms. Memory: 646144K Free: 461905K (71%)
----------------- Invoking toplevel() on ptolemy.moml.MoMLSimpleApplication@20bd394b
----------------- Done invoking toplevel() on ptolemy.moml.MoMLSimpleApplication@20bd394b
reloadAllAccessors: .HierarchicalExecution

===========================================================================================
----------------- testing Mon Oct 08 02:48:02 UTC 2018 /home/travis/build/icyphy/ptII/ptolemy/domains/continuous/test/auto/HybridPlant.xml
----------------- Instantiating /home/travis/build/icyphy/ptII/ptolemy/domains/continuous/test/auto/HybridPlant.xml
458 ms. Memory: 646144K Free: 184866K (29%)
----------------- Invoking toplevel() on ptolemy.moml.MoMLSimpleApplication@6d416b8
----------------- Done invoking toplevel() on ptolemy.moml.MoMLSimpleApplication@6d416b8
reloadAllAccessors: .HybridPlant

===========================================================================================
----------------- testing Mon Oct 08 02:48:03 UTC 2018 /home/travis/build/icyphy/ptII/ptolemy/domains/continuous/test/auto/Hysteresis.xml
----------------- Instantiating /home/travis/build/icyphy/ptII/ptolemy/domains/continuous/test/auto/Hysteresis.xml
124 ms. Memory: 646144K Free: 113281K (18%)
----------------- Invoking toplevel() on ptolemy.moml.MoMLSimpleApplication@372210fe
----------------- Done invoking toplevel() on ptolemy.moml.MoMLSimpleApplication@372210fe
reloadAllAccessors: .Hysteresis

===========================================================================================
----------------- testing Mon Oct 08 02:48:03 UTC 2018 /home/travis/build/icyphy/ptII/ptolemy/domains/continuous/test/auto/HysteresisWithRandomDelay.xml
----------------- Instantiating /home/travis/build/icyphy/ptII/ptolemy/domains/continuous/test/auto/HysteresisWithRandomDelay.xml
172 ms. Memory: 614912K Free: 561062K (91%)
----------------- Invoking toplevel() on ptolemy.moml.MoMLSimpleApplication@703441ce
----------------- Done invoking toplevel() on ptolemy.moml.MoMLSimpleApplication@703441ce
reloadAllAccessors: .HysteresisWithRandomDelay

===========================================================================================
----------------- testing Mon Oct 08 02:48:03 UTC 2018 /home/travis/build/icyphy/ptII/ptolemy/domains/continuous/test/auto/HysteresisWithRandomLosses.xml
----------------- Instantiating /home/travis/build/icyphy/ptII/ptolemy/domains/continuous/test/auto/HysteresisWithRandomLosses.xml
1980 ms. Memory: 591360K Free: 302887K (51%)
----------------- Invoking toplevel() on ptolemy.moml.MoMLSimpleApplication@2be9ef5e
----------------- Done invoking toplevel() on ptolemy.moml.MoMLSimpleApplication@2be9ef5e
reloadAllAccessors: .HysteresisWithRandomLosses

===========================================================================================
----------------- testing Mon Oct 08 02:48:05 UTC 2018 /home/travis/build/icyphy/ptII/ptolemy/domains/continuous/test/auto/ImmediateTransitions.xml
----------------- Instantiating /home/travis/build/icyphy/ptII/ptolemy/domains/continuous/test/auto/ImmediateTransitions.xml
11 ms. Memory: 591360K Free: 286930K (49%)
----------------- Invoking toplevel() on ptolemy.moml.MoMLSimpleApplication@6c7eebdc
----------------- Done invoking toplevel() on ptolemy.moml.MoMLSimpleApplication@6c7eebdc
reloadAllAccessors: .ImmediateTransitions

===========================================================================================
----------------- testing Mon Oct 08 02:48:05 UTC 2018 /home/travis/build/icyphy/ptII/ptolemy/domains/continuous/test/auto/ImpulseFeedback.xml
----------------- Instantiating /home/travis/build/icyphy/ptII/ptolemy/domains/continuous/test/auto/ImpulseFeedback.xml
8 ms. Memory: 591360K Free: 275864K (47%)
----------------- Invoking toplevel() on ptolemy.moml.MoMLSimpleApplication@88d38c3
----------------- Done invoking toplevel() on ptolemy.moml.MoMLSimpleApplication@88d38c3
reloadAllAccessors: .ImpulseFeedback

===========================================================================================
----------------- testing Mon Oct 08 02:48:06 UTC 2018 /home/travis/build/icyphy/ptII/ptolemy/domains/continuous/test/auto/ImpulseFeedback2.xml
----------------- Instantiating /home/travis/build/icyphy/ptII/ptolemy/domains/continuous/test/auto/ImpulseFeedback2.xml
8 ms. Memory: 591360K Free: 264810K (45%)
----------------- Invoking toplevel() on ptolemy.moml.MoMLSimpleApplication@6db153cf
----------------- Done invoking toplevel() on ptolemy.moml.MoMLSimpleApplication@6db153cf
reloadAllAccessors: .ImpulseFeedback2

===========================================================================================
----------------- testing Mon Oct 08 02:48:06 UTC 2018 /home/travis/build/icyphy/ptII/ptolemy/domains/continuous/test/auto/IncreasingRatePoisson.xml
----------------- Instantiating /home/travis/build/icyphy/ptII/ptolemy/domains/continuous/test/auto/IncreasingRatePoisson.xml
607 ms. Memory: 565248K Free: 435350K (77%)
----------------- Invoking toplevel() on ptolemy.moml.MoMLSimpleApplication@13ce3277
----------------- Done invoking toplevel() on ptolemy.moml.MoMLSimpleApplication@13ce3277
reloadAllAccessors: .IncreasingRatePoisson

===========================================================================================
----------------- testing Mon Oct 08 02:48:06 UTC 2018 /home/travis/build/icyphy/ptII/ptolemy/domains/continuous/test/auto/InitialStateFeedback.xml
----------------- Instantiating /home/travis/build/icyphy/ptII/ptolemy/domains/continuous/test/auto/InitialStateFeedback.xml
3 ms. Memory: 565248K Free: 425473K (75%)
----------------- Invoking toplevel() on ptolemy.moml.MoMLSimpleApplication@18094957
----------------- Done invoking toplevel() on ptolemy.moml.MoMLSimpleApplication@18094957
reloadAllAccessors: .InitialStateFeedback

===========================================================================================
----------------- testing Mon Oct 08 02:48:06 UTC 2018 /home/travis/build/icyphy/ptII/ptolemy/domains/continuous/test/auto/Integration.xml
----------------- Instantiating /home/travis/build/icyphy/ptII/ptolemy/domains/continuous/test/auto/Integration.xml
2 ms. Memory: 565248K Free: 417390K (74%)
----------------- Invoking toplevel() on ptolemy.moml.MoMLSimpleApplication@333993bb
----------------- Done invoking toplevel() on ptolemy.moml.MoMLSimpleApplication@333993bb
reloadAllAccessors: .Integration

===========================================================================================
----------------- testing Mon Oct 08 02:48:06 UTC 2018 /home/travis/build/icyphy/ptII/ptolemy/domains/continuous/test/auto/Integration2.xml
----------------- Instantiating /home/travis/build/icyphy/ptII/ptolemy/domains/continuous/test/auto/Integration2.xml
74 ms. Memory: 565248K Free: 399529K (71%)
----------------- Invoking toplevel() on ptolemy.moml.MoMLSimpleApplication@59d7e59e
----------------- Done invoking toplevel() on ptolemy.moml.MoMLSimpleApplication@59d7e59e
reloadAllAccessors: .Integration2

===========================================================================================
----------------- testing Mon Oct 08 02:48:06 UTC 2018 /home/travis/build/icyphy/ptII/ptolemy/domains/continuous/test/auto/Integration3.xml
----------------- Instantiating /home/travis/build/icyphy/ptII/ptolemy/domains/continuous/test/auto/Integration3.xml
2 ms. Memory: 565248K Free: 391445K (69%)
----------------- Invoking toplevel() on ptolemy.moml.MoMLSimpleApplication@4eee9d60
----------------- Done invoking toplevel() on ptolemy.moml.MoMLSimpleApplication@4eee9d60
reloadAllAccessors: .Integration3

===========================================================================================
----------------- testing Mon Oct 08 02:48:06 UTC 2018 /home/travis/build/icyphy/ptII/ptolemy/domains/continuous/test/auto/Integration5.xml
----------------- Instantiating /home/travis/build/icyphy/ptII/ptolemy/domains/continuous/test/auto/Integration5.xml
2 ms. Memory: 565248K Free: 383369K (68%)
----------------- Invoking toplevel() on ptolemy.moml.MoMLSimpleApplication@3b73e67b
----------------- Done invoking toplevel() on ptolemy.moml.MoMLSimpleApplication@3b73e67b
reloadAllAccessors: .Integration5

===========================================================================================
----------------- testing Mon Oct 08 02:48:06 UTC 2018 /home/travis/build/icyphy/ptII/ptolemy/domains/continuous/test/auto/IntegratorImpulse.xml
----------------- Instantiating /home/travis/build/icyphy/ptII/ptolemy/domains/continuous/test/auto/IntegratorImpulse.xml
2 ms. Memory: 565248K Free: 375177K (66%)
----------------- Invoking toplevel() on ptolemy.moml.MoMLSimpleApplication@32b638a7
----------------- Done invoking toplevel() on ptolemy.moml.MoMLSimpleApplication@32b638a7
reloadAllAccessors: .IntegratorImpulse

===========================================================================================
----------------- testing Mon Oct 08 02:48:06 UTC 2018 /home/travis/build/icyphy/ptII/ptolemy/domains/continuous/test/auto/IntegratorImpulse2.xml
----------------- Instantiating /home/travis/build/icyphy/ptII/ptolemy/domains/continuous/test/auto/IntegratorImpulse2.xml
3 ms. Memory: 565248K Free: 367094K (65%)
----------------- Invoking toplevel() on ptolemy.moml.MoMLSimpleApplication@50d89f86
----------------- Done invoking toplevel() on ptolemy.moml.MoMLSimpleApplication@50d89f86
reloadAllAccessors: .IntegratorImpulse2

===========================================================================================
----------------- testing Mon Oct 08 02:48:06 UTC 2018 /home/travis/build/icyphy/ptII/ptolemy/domains/continuous/test/auto/LevelCrossing1.xml
----------------- Instantiating /home/travis/build/icyphy/ptII/ptolemy/domains/continuous/test/auto/LevelCrossing1.xml
2 ms. Memory: 565248K Free: 358895K (63%)
----------------- Invoking toplevel() on ptolemy.moml.MoMLSimpleApplication@7b37919
----------------- Done invoking toplevel() on ptolemy.moml.MoMLSimpleApplication@7b37919
reloadAllAccessors: .LevelCrossing1

===========================================================================================
----------------- testing Mon Oct 08 02:48:06 UTC 2018 /home/travis/build/icyphy/ptII/ptolemy/domains/continuous/test/auto/LevelCrossing2.xml
----------------- Instantiating /home/travis/build/icyphy/ptII/ptolemy/domains/continuous/test/auto/LevelCrossing2.xml
2 ms. Memory: 565248K Free: 350811K (62%)
----------------- Invoking toplevel() on ptolemy.moml.MoMLSimpleApplication@74cf04eb
----------------- Done invoking toplevel() on ptolemy.moml.MoMLSimpleApplication@74cf04eb
reloadAllAccessors: .LevelCrossing2

===========================================================================================
----------------- testing Mon Oct 08 02:48:06 UTC 2018 /home/travis/build/icyphy/ptII/ptolemy/domains/continuous/test/auto/LevelCrossing3.xml
----------------- Instantiating /home/travis/build/icyphy/ptII/ptolemy/domains/continuous/test/auto/LevelCrossing3.xml
2 ms. Memory: 565248K Free: 342612K (61%)
----------------- Invoking toplevel() on ptolemy.moml.MoMLSimpleApplication@727d804e
----------------- Done invoking toplevel() on ptolemy.moml.MoMLSimpleApplication@727d804e
reloadAllAccessors: .LevelCrossing3

===========================================================================================
----------------- testing Mon Oct 08 02:48:06 UTC 2018 /home/travis/build/icyphy/ptII/ptolemy/domains/continuous/test/auto/LevelCrossing4.xml
----------------- Instantiating /home/travis/build/icyphy/ptII/ptolemy/domains/continuous/test/auto/LevelCrossing4.xml
2 ms. Memory: 565248K Free: 334537K (59%)
----------------- Invoking toplevel() on ptolemy.moml.MoMLSimpleApplication@50113f60
----------------- Done invoking toplevel() on ptolemy.moml.MoMLSimpleApplication@50113f60
reloadAllAccessors: .LevelCrossing4

===========================================================================================
----------------- testing Mon Oct 08 02:48:06 UTC 2018 /home/travis/build/icyphy/ptII/ptolemy/domains/continuous/test/auto/LevelCrossing5.xml
----------------- Instantiating /home/travis/build/icyphy/ptII/ptolemy/domains/continuous/test/auto/LevelCrossing5.xml
2 ms. Memory: 565248K Free: 326337K (58%)
----------------- Invoking toplevel() on ptolemy.moml.MoMLSimpleApplication@6e49ab5c
----------------- Done invoking toplevel() on ptolemy.moml.MoMLSimpleApplication@6e49ab5c
reloadAllAccessors: .LevelCrossing5

===========================================================================================
[...]

===========================================================================================
----------------- testing Mon Oct 08 02:48:23 UTC 2018 /home/travis/build/icyphy/ptII/ptolemy/domains/continuous/test/auto/SRinContinuous.xml
----------------- Instantiating /home/travis/build/icyphy/ptII/ptolemy/domains/continuous/test/auto/SRinContinuous.xml
4 ms. Memory: 370688K Free: 226619K (61%)
----------------- Invoking toplevel() on ptolemy.moml.MoMLSimpleApplication@414e6681
----------------- Done invoking toplevel() on ptolemy.moml.MoMLSimpleApplication@414e6681
reloadAllAccessors: .SRinContinuous

===========================================================================================
----------------- testing Mon Oct 08 02:48:23 UTC 2018 /home/travis/build/icyphy/ptII/ptolemy/domains/continuous/test/auto/SampledClocks.xml
----------------- Instantiating /home/travis/build/icyphy/ptII/ptolemy/domains/continuous/test/auto/SampledClocks.xml
8 ms. Memory: 370688K Free: 210253K (57%)
----------------- Invoking toplevel() on ptolemy.moml.MoMLSimpleApplication@33832f52
----------------- Done invoking toplevel() on ptolemy.moml.MoMLSimpleApplication@33832f52
reloadAllAccessors: .SampledClocks

===========================================================================================
----------------- testing Mon Oct 08 02:48:23 UTC 2018 /home/travis/build/icyphy/ptII/ptolemy/domains/continuous/test/auto/Satellite.xml
----------------- Instantiating /home/travis/build/icyphy/ptII/ptolemy/domains/continuous/test/auto/Satellite.xml
749 ms. Memory: 370688K Free: 32001K (9%)
----------------- Invoking toplevel() on ptolemy.moml.MoMLSimpleApplication@3f25e02e
----------------- Done invoking toplevel() on ptolemy.moml.MoMLSimpleApplication@3f25e02e
reloadAllAccessors: .Satellite

===========================================================================================
----------------- testing Mon Oct 08 02:48:24 UTC 2018 /home/travis/build/icyphy/ptII/ptolemy/domains/continuous/test/auto/SigmaDelta.xml
----------------- Instantiating /home/travis/build/icyphy/ptII/ptolemy/domains/continuous/test/auto/SigmaDelta.xml
2151 ms. Memory: 352256K Free: 198237K (56%)
----------------- Invoking toplevel() on ptolemy.moml.MoMLSimpleApplication@2e720107
----------------- Done invoking toplevel() on ptolemy.moml.MoMLSimpleApplication@2e720107
reloadAllAccessors: .SigmaDelta

===========================================================================================
----------------- testing Mon Oct 08 02:48:26 UTC 2018 /home/travis/build/icyphy/ptII/ptolemy/domains/continuous/test/auto/SingleRefinement.xml
----------------- Instantiating /home/travis/build/icyphy/ptII/ptolemy/domains/continuous/test/auto/SingleRefinement.xml
281 ms. Memory: 334848K Free: 256465K (77%)
----------------- Invoking toplevel() on ptolemy.moml.MoMLSimpleApplication@7839cd5
----------------- Done invoking toplevel() on ptolemy.moml.MoMLSimpleApplication@7839cd5
reloadAllAccessors: .SingleRefinement

===========================================================================================
----------------- testing Mon Oct 08 02:48:26 UTC 2018 /home/travis/build/icyphy/ptII/ptolemy/domains/continuous/test/auto/SinuBouncingBall.xml
----------------- Instantiating /home/travis/build/icyphy/ptII/ptolemy/domains/continuous/test/auto/SinuBouncingBall.xml
731 ms. Memory: 334848K Free: 32820K (10%)
----------------- Invoking toplevel() on ptolemy.moml.MoMLSimpleApplication@34c0b02c
----------------- Done invoking toplevel() on ptolemy.moml.MoMLSimpleApplication@34c0b02c
reloadAllAccessors: .SinuBouncingBall

===========================================================================================
----------------- testing Mon Oct 08 02:48:27 UTC 2018 /home/travis/build/icyphy/ptII/ptolemy/domains/continuous/test/auto/Sinusoid.xml
----------------- Instantiating /home/travis/build/icyphy/ptII/ptolemy/domains/continuous/test/auto/Sinusoid.xml
4 ms. Memory: 334848K Free: 26813K (8%)
----------------- Invoking toplevel() on ptolemy.moml.MoMLSimpleApplication@7402da9d
----------------- Done invoking toplevel() on ptolemy.moml.MoMLSimpleApplication@7402da9d
reloadAllAccessors: .Sinusoid

===========================================================================================
----------------- testing Mon Oct 08 02:48:27 UTC 2018 /home/travis/build/icyphy/ptII/ptolemy/domains/continuous/test/auto/SinusoidInNoise.xml
----------------- Instantiating /home/travis/build/icyphy/ptII/ptolemy/domains/continuous/test/auto/SinusoidInNoise.xml
937 ms. Memory: 323584K Free: 67915K (21%)
----------------- Invoking toplevel() on ptolemy.moml.MoMLSimpleApplication@5dac3ac6
----------------- Done invoking toplevel() on ptolemy.moml.MoMLSimpleApplication@5dac3ac6
reloadAllAccessors: .SinusoidInNoise

===========================================================================================
----------------- testing Mon Oct 08 02:48:28 UTC 2018 /home/travis/build/icyphy/ptII/ptolemy/domains/continuous/test/auto/SinusoidRK45.xml
----------------- Instantiating /home/travis/build/icyphy/ptII/ptolemy/domains/continuous/test/auto/SinusoidRK45.xml
2 ms. Memory: 323584K Free: 62129K (19%)
----------------- Invoking toplevel() on ptolemy.moml.MoMLSimpleApplication@130a144d
----------------- Done invoking toplevel() on ptolemy.moml.MoMLSimpleApplication@130a144d
reloadAllAccessors: .SinusoidRK45

===========================================================================================
----------------- testing Mon Oct 08 02:48:28 UTC 2018 /home/travis/build/icyphy/ptII/ptolemy/domains/continuous/test/auto/SinusoidWithMultipleImpulses.xml
----------------- Instantiating /home/travis/build/icyphy/ptII/ptolemy/domains/continuous/test/auto/SinusoidWithMultipleImpulses.xml
3 ms. Memory: 323584K Free: 56305K (17%)
----------------- Invoking toplevel() on ptolemy.moml.MoMLSimpleApplication@7f2aaf5d
----------------- Done invoking toplevel() on ptolemy.moml.MoMLSimpleApplication@7f2aaf5d
reloadAllAccessors: .SinusoidWithMultipleImpulses

===========================================================================================
----------------- testing Mon Oct 08 02:48:28 UTC 2018 /home/travis/build/icyphy/ptII/ptolemy/domains/continuous/test/auto/SquareWave.xml
----------------- Instantiating /home/travis/build/icyphy/ptII/ptolemy/domains/continuous/test/auto/SquareWave.xml
156 ms. Memory: 323584K Free: 23129K (7%)
----------------- Invoking toplevel() on ptolemy.moml.MoMLSimpleApplication@2b1b567f
----------------- Done invoking toplevel() on ptolemy.moml.MoMLSimpleApplication@2b1b567f
reloadAllAccessors: .SquareWave

===========================================================================================
----------------- testing Mon Oct 08 02:48:29 UTC 2018 /home/travis/build/icyphy/ptII/ptolemy/domains/continuous/test/auto/Starmac.xml
----------------- Instantiating /home/travis/build/icyphy/ptII/ptolemy/domains/continuous/test/auto/Starmac.xml
3040 ms. Memory: 307712K Free: 112022K (36%)
----------------- Invoking toplevel() on ptolemy.moml.MoMLSimpleApplication@59045e50
----------------- Done invoking toplevel() on ptolemy.moml.MoMLSimpleApplication@59045e50
reloadAllAccessors: .Starmac

===========================================================================================
----------------- testing Mon Oct 08 02:48:32 UTC 2018 /home/travis/build/icyphy/ptII/ptolemy/domains/continuous/test/auto/StaticUnits.xml
----------------- Instantiating /home/travis/build/icyphy/ptII/ptolemy/domains/continuous/test/auto/StaticUnits.xml
2061 ms. Memory: 284160K Free: 67785K (24%)
----------------- Invoking toplevel() on ptolemy.moml.MoMLSimpleApplication@2a45e430
----------------- Done invoking toplevel() on ptolemy.moml.MoMLSimpleApplication@2a45e430
reloadAllAccessors: .StaticUnits

===========================================================================================
----------------- testing Mon Oct 08 02:48:34 UTC 2018 /home/travis/build/icyphy/ptII/ptolemy/domains/continuous/test/auto/StickyMasses.xml
----------------- Instantiating /home/travis/build/icyphy/ptII/ptolemy/domains/continuous/test/auto/StickyMasses.xml
133 ms. Memory: 284160K Free: 11477K (4%)
----------------- Invoking toplevel() on ptolemy.moml.MoMLSimpleApplication@7e46ee26
----------------- Done invoking toplevel() on ptolemy.moml.MoMLSimpleApplication@7e46ee26
reloadAllAccessors: .StickyMasses

===========================================================================================
----------------- testing Mon Oct 08 02:48:34 UTC 2018 /home/travis/build/icyphy/ptII/ptolemy/domains/continuous/test/auto/StopTime.xml
----------------- Instantiating /home/travis/build/icyphy/ptII/ptolemy/domains/continuous/test/auto/StopTime.xml
34 ms. Memory: 283136K Free: 184299K (65%)
----------------- Invoking toplevel() on ptolemy.moml.MoMLSimpleApplication@70d506de
----------------- Done invoking toplevel() on ptolemy.moml.MoMLSimpleApplication@70d506de
reloadAllAccessors: .StopTime

===========================================================================================
----------------- testing Mon Oct 08 02:48:35 UTC 2018 /home/travis/build/icyphy/ptII/ptolemy/domains/continuous/test/auto/StopTime2.xml
----------------- Instantiating /home/travis/build/icyphy/ptII/ptolemy/domains/continuous/test/auto/StopTime2.xml
30 ms. Memory: 283136K Free: 158025K (56%)
----------------- Invoking toplevel() on ptolemy.moml.MoMLSimpleApplication@2f446d78
----------------- Done invoking toplevel() on ptolemy.moml.MoMLSimpleApplication@2f446d78
reloadAllAccessors: .StopTime2

===========================================================================================
----------------- testing Mon Oct 08 02:48:35 UTC 2018 /home/travis/build/icyphy/ptII/ptolemy/domains/continuous/test/auto/Switch.xml
----------------- Instantiating /home/travis/build/icyphy/ptII/ptolemy/domains/continuous/test/auto/Switch.xml
38 ms. Memory: 283136K Free: 129769K (46%)
----------------- Invoking toplevel() on ptolemy.moml.MoMLSimpleApplication@689a212a
----------------- Done invoking toplevel() on ptolemy.moml.MoMLSimpleApplication@689a212a
reloadAllAccessors: .Switch

===========================================================================================
----------------- testing Mon Oct 08 02:48:35 UTC 2018 /home/travis/build/icyphy/ptII/ptolemy/domains/continuous/test/auto/Thermostat.xml
----------------- Instantiating /home/travis/build/icyphy/ptII/ptolemy/domains/continuous/test/auto/Thermostat.xml
171 ms. Memory: 283136K Free: 52809K (19%)
----------------- Invoking toplevel() on ptolemy.moml.MoMLSimpleApplication@78baebdc
----------------- Done invoking toplevel() on ptolemy.moml.MoMLSimpleApplication@78baebdc
reloadAllAccessors: .Thermostat

===========================================================================================
----------------- testing Mon Oct 08 02:48:35 UTC 2018 /home/travis/build/icyphy/ptII/ptolemy/domains/continuous/test/auto/TimeDelay.xml
----------------- Instantiating /home/travis/build/icyphy/ptII/ptolemy/domains/continuous/test/auto/TimeDelay.xml
5 ms. Memory: 283136K Free: 46019K (16%)
----------------- Invoking toplevel() on ptolemy.moml.MoMLSimpleApplication@6c4322c7
----------------- Done invoking toplevel() on ptolemy.moml.MoMLSimpleApplication@6c4322c7
reloadAllAccessors: .TimeDelay

===========================================================================================
----------------- testing Mon Oct 08 02:48:35 UTC 2018 /home/travis/build/icyphy/ptII/ptolemy/domains/continuous/test/auto/TimeDelay2.xml
----------------- Instantiating /home/travis/build/icyphy/ptII/ptolemy/domains/continuous/test/auto/TimeDelay2.xml
6 ms. Memory: 283136K Free: 37264K (13%)
----------------- Invoking toplevel() on ptolemy.moml.MoMLSimpleApplication@36395a22
----------------- Done invoking toplevel() on ptolemy.moml.MoMLSimpleApplication@36395a22
reloadAllAccessors: .TimeDelay2

===========================================================================================
----------------- testing Mon Oct 08 02:48:35 UTC 2018 /home/travis/build/icyphy/ptII/ptolemy/domains/continuous/test/auto/TimeDelay3.xml
----------------- Instantiating /home/travis/build/icyphy/ptII/ptolemy/domains/continuous/test/auto/TimeDelay3.xml
5 ms. Memory: 283136K Free: 30514K (11%)
----------------- Invoking toplevel() on ptolemy.moml.MoMLSimpleApplication@7281c671
----------------- Done invoking toplevel() on ptolemy.moml.MoMLSimpleApplication@7281c671
reloadAllAccessors: .TimeDelay3

===========================================================================================
----------------- testing Mon Oct 08 02:48:35 UTC 2018 /home/travis/build/icyphy/ptII/ptolemy/domains/continuous/test/auto/TransferAbsentToInside.xml
----------------- Instantiating /home/travis/build/icyphy/ptII/ptolemy/domains/continuous/test/auto/TransferAbsentToInside.xml
23 ms. Memory: 267776K Free: 149742K (56%)
----------------- Invoking toplevel() on ptolemy.moml.MoMLSimpleApplication@6332f442
----------------- Done invoking toplevel() on ptolemy.moml.MoMLSimpleApplication@6332f442
reloadAllAccessors: .TransferAbsentToInside

===========================================================================================
----------------- testing Mon Oct 08 02:48:35 UTC 2018 /home/travis/build/icyphy/ptII/ptolemy/domains/continuous/test/auto/Transmission.xml
----------------- Instantiating /home/travis/build/icyphy/ptII/ptolemy/domains/continuous/test/auto/Transmission.xml
674 ms. Memory: 266752K Free: 98256K (37%)
----------------- Invoking toplevel() on ptolemy.moml.MoMLSimpleApplication@134e799a
----------------- Done invoking toplevel() on ptolemy.moml.MoMLSimpleApplication@134e799a
reloadAllAccessors: .Transmission

===========================================================================================
----------------- testing Mon Oct 08 02:48:36 UTC 2018 /home/travis/build/icyphy/ptII/ptolemy/domains/continuous/test/auto/TriggeredContinuousClock.xml
----------------- Instantiating /home/travis/build/icyphy/ptII/ptolemy/domains/continuous/test/auto/TriggeredContinuousClock.xml
33 ms. Memory: 266752K Free: 64323K (24%)
----------------- Invoking toplevel() on ptolemy.moml.MoMLSimpleApplication@50b8efb1
----------------- Done invoking toplevel() on ptolemy.moml.MoMLSimpleApplication@50b8efb1
reloadAllAccessors: .TriggeredContinuousClock

===========================================================================================
----------------- testing Mon Oct 08 02:48:36 UTC 2018 /home/travis/build/icyphy/ptII/ptolemy/domains/continuous/test/auto/TwoMachineInfiniteBusControl.xml
----------------- Instantiating /home/travis/build/icyphy/ptII/ptolemy/domains/continuous/test/auto/TwoMachineInfiniteBusControl.xml
2843 ms. Memory: 281088K Free: 120449K (43%)
----------------- Invoking toplevel() on ptolemy.moml.MoMLSimpleApplication@65382582
----------------- Done invoking toplevel() on ptolemy.moml.MoMLSimpleApplication@65382582
reloadAllAccessors: .TwoMachineInfiniteBusControl

===========================================================================================
----------------- testing Mon Oct 08 02:48:39 UTC 2018 /home/travis/build/icyphy/ptII/ptolemy/domains/continuous/test/auto/V2V.xml
----------------- Instantiating /home/travis/build/icyphy/ptII/ptolemy/domains/continuous/test/auto/V2V.xml
585 ms. Memory: 279040K Free: 123110K (44%)
----------------- Invoking toplevel() on ptolemy.moml.MoMLSimpleApplication@61922d07
----------------- Done invoking toplevel() on ptolemy.moml.MoMLSimpleApplication@61922d07
reloadAllAccessors: .V2V

===========================================================================================
----------------- testing Mon Oct 08 02:48:39 UTC 2018 /home/travis/build/icyphy/ptII/ptolemy/domains/continuous/test/auto/hierarchicalModalModel.xml
----------------- Instantiating /home/travis/build/icyphy/ptII/ptolemy/domains/continuous/test/auto/hierarchicalModalModel.xml
12 ms. Memory: 279040K Free: 104532K (37%)
----------------- Invoking toplevel() on ptolemy.moml.MoMLSimpleApplication@483336d1
----------------- Done invoking toplevel() on ptolemy.moml.MoMLSimpleApplication@483336d1
reloadAllAccessors: .hierarchicalModalModel

===========================================================================================
----------------- testing Mon Oct 08 02:48:39 UTC 2018 /home/travis/build/icyphy/ptII/ptolemy/domains/continuous/test/auto/hierarchicalModalModel1.xml
----------------- Instantiating /home/travis/build/icyphy/ptII/ptolemy/domains/continuous/test/auto/hierarchicalModalModel1.xml
8 ms. Memory: 279040K Free: 88146K (32%)
----------------- Invoking toplevel() on ptolemy.moml.MoMLSimpleApplication@298a2cd3
----------------- Done invoking toplevel() on ptolemy.moml.MoMLSimpleApplication@298a2cd3
reloadAllAccessors: .hierarchicalModalModel1

===========================================================================================
----------------- testing Mon Oct 08 02:48:39 UTC 2018 /home/travis/build/icyphy/ptII/ptolemy/domains/continuous/test/auto/hierarchicalModalModel2.xml
----------------- Instantiating /home/travis/build/icyphy/ptII/ptolemy/domains/continuous/test/auto/hierarchicalModalModel2.xml
6 ms. Memory: 279040K Free: 73066K (26%)
----------------- Invoking toplevel() on ptolemy.moml.MoMLSimpleApplication@47a6b979
----------------- Done invoking toplevel() on ptolemy.moml.MoMLSimpleApplication@47a6b979
reloadAllAccessors: .hierarchicalModalModel2

===========================================================================================
----------------- testing Mon Oct 08 02:48:40 UTC 2018 /home/travis/build/icyphy/ptII/ptolemy/domains/continuous/test/auto/hierarchicalModalModel3.xml
----------------- Instantiating /home/travis/build/icyphy/ptII/ptolemy/domains/continuous/test/auto/hierarchicalModalModel3.xml
5 ms. Memory: 279040K Free: 60597K (22%)
----------------- Invoking toplevel() on ptolemy.moml.MoMLSimpleApplication@267f6374
----------------- Done invoking toplevel() on ptolemy.moml.MoMLSimpleApplication@267f6374
reloadAllAccessors: .hierarchicalModalModel3

===========================================================================================
----------------- testing Mon Oct 08 02:48:40 UTC 2018 /home/travis/build/icyphy/ptII/ptolemy/domains/continuous/test/auto/hierarchicalModalModel4.xml
----------------- Instantiating /home/travis/build/icyphy/ptII/ptolemy/domains/continuous/test/auto/hierarchicalModalModel4.xml
5 ms. Memory: 279040K Free: 45494K (16%)
----------------- Invoking toplevel() on ptolemy.moml.MoMLSimpleApplication@420b551c
----------------- Done invoking toplevel() on ptolemy.moml.MoMLSimpleApplication@420b551c
reloadAllAccessors: .hierarchicalModalModel4

===========================================================================================
----------------- testing Mon Oct 08 02:48:40 UTC 2018 /home/travis/build/icyphy/ptII/ptolemy/domains/continuous/test/auto/junk.xml
----------------- Instantiating /home/travis/build/icyphy/ptII/ptolemy/domains/continuous/test/auto/junk.xml
139 ms. Memory: 279040K Free: 13790K (5%)
----------------- Invoking toplevel() on ptolemy.moml.MoMLSimpleApplication@31dea5c1
----------------- Done invoking toplevel() on ptolemy.moml.MoMLSimpleApplication@31dea5c1
reloadAllAccessors: .junk
AutoTests.java: About to close Vertx.
AutoTests.java: Vertx closed.
]]></system-out>
  <system-err><![CDATA[Warning: '.HysteresisWithRandomDelay.NonStrictTest3' The test produced only 25 tokens, yet the correctValues parameter was expecting 30 tokens.
Warning: '.IncreasingRatePoisson.NonStrictTest' The test produced only 386 tokens, yet the correctValues parameter was expecting 402 tokens.
Warning: '.Poisson.NonStrictTest' The test produced only 426 tokens, yet the correctValues parameter was expecting 430 tokens.
]]></system-err>
</testsuite>
