<?xml version="1.0" encoding="UTF-8" ?>
<testsuite errors="0" failures="0" hostname="travis-job-1ae00869-85ee-4409-bcc8-ebb8ae07ae70" name="ptolemy.domains.pn.test.junit.JUnitTclTest" skipped="0" tests="43" time="8.305" timestamp="2019-12-03T06:23:01">
  <properties>
[...]
</properties>
  <testcase classname="ptolemy.util.test.junit.TclTests" name="[0] /home/travis/build/icyphy/ptII/ptolemy/domains/pn/test/PNDirector.tcl (RunTclFile)" time="0.822" />
  <testcase classname="ptolemy.util.test.junit.TclTests" name="[1] /home/travis/build/icyphy/ptII/ptolemy/domains/pn/test/TimedPNDirector.tcl (RunTclFile)" time="0.028" />
  <testcase classname="ptolemy.util.test.junit.AutoKnownFailedTests" name="[0] ThereAreNoKnowFailedTests (RunModel)" time="0.004" />
  <testcase classname="ptolemy.util.test.junit.AutoNameArchTests" name="[0] ThereAreNoAutoArchTests (RunModel)" time="0.005" />
  <testcase classname="ptolemy.util.test.junit.AutoTests" name="[0] /home/travis/build/icyphy/ptII/ptolemy/domains/pn/test/auto/Branching-switch-PN-ptolemy-2.xml (RunModel)" time="0.26" />
  <testcase classname="ptolemy.util.test.junit.AutoTests" name="[1] /home/travis/build/icyphy/ptII/ptolemy/domains/pn/test/auto/Branching-switch-PN-ptolemy.xml (RunModel)" time="0.251" />
  <testcase classname="ptolemy.util.test.junit.AutoTests" name="[2] /home/travis/build/icyphy/ptII/ptolemy/domains/pn/test/auto/BrockAckermanTest.xml (RunModel)" time="0.421" />
  <testcase classname="ptolemy.util.test.junit.AutoTests" name="[3] /home/travis/build/icyphy/ptII/ptolemy/domains/pn/test/auto/CounterMachine.xml (RunModel)" time="1.794" />
  <testcase classname="ptolemy.util.test.junit.AutoTests" name="[4] /home/travis/build/icyphy/ptII/ptolemy/domains/pn/test/auto/CounterMachine1.xml (RunModel)" time="1.469" />
  <testcase classname="ptolemy.util.test.junit.AutoTests" name="[5] /home/travis/build/icyphy/ptII/ptolemy/domains/pn/test/auto/CounterMachineWithException.xml (RunModel)" time="0.846" />
  <testcase classname="ptolemy.util.test.junit.AutoTests" name="[6] /home/travis/build/icyphy/ptII/ptolemy/domains/pn/test/auto/FinalState.xml (RunModel)" time="0.115" />
  <testcase classname="ptolemy.util.test.junit.AutoTests" name="[7] /home/travis/build/icyphy/ptII/ptolemy/domains/pn/test/auto/FourExpressions.xml (RunModel)" time="0.07" />
  <testcase classname="ptolemy.util.test.junit.AutoTests" name="[8] /home/travis/build/icyphy/ptII/ptolemy/domains/pn/test/auto/Identity.xml (RunModel)" time="0.071" />
  <testcase classname="ptolemy.util.test.junit.AutoTests" name="[9] /home/travis/build/icyphy/ptII/ptolemy/domains/pn/test/auto/IdentityWithFeedback.xml (RunModel)" time="0.046" />
  <testcase classname="ptolemy.util.test.junit.AutoTests" name="[10] /home/travis/build/icyphy/ptII/ptolemy/domains/pn/test/auto/NondeterministicMergeTest.xml (RunModel)" time="0.072" />
  <testcase classname="ptolemy.util.test.junit.AutoTests" name="[11] /home/travis/build/icyphy/ptII/ptolemy/domains/pn/test/auto/OrderedMerge.xml (RunModel)" time="0.185" />
  <testcase classname="ptolemy.util.test.junit.AutoTests" name="[12] /home/travis/build/icyphy/ptII/ptolemy/domains/pn/test/auto/PNAbstractReceiverTest.xml (RunModel)" time="0.033" />
  <testcase classname="ptolemy.util.test.junit.AutoTests" name="[13] /home/travis/build/icyphy/ptII/ptolemy/domains/pn/test/auto/QR.xml (RunModel)" time="0.08" />
  <testcase classname="ptolemy.util.test.junit.AutoTests" name="[14] /home/travis/build/icyphy/ptII/ptolemy/domains/pn/test/auto/RemoveNilTokens.xml (RunModel)" time="0.072" />
  <testcase classname="ptolemy.util.test.junit.AutoTests" name="[15] /home/travis/build/icyphy/ptII/ptolemy/domains/pn/test/auto/Stack.xml (RunModel)" time="0.174" />
  <testcase classname="ptolemy.util.test.junit.AutoTests" name="[16] /home/travis/build/icyphy/ptII/ptolemy/domains/pn/test/auto/TestRemoveNilTokens.xml (RunModel)" time="0.051" />
  <testcase classname="ptolemy.util.test.junit.AutoTests" name="[17] /home/travis/build/icyphy/ptII/ptolemy/domains/pn/test/auto/TestSeq2Array.xml (RunModel)" time="0.046" />
  <testcase classname="ptolemy.util.test.junit.AutoTests" name="[18] /home/travis/build/icyphy/ptII/ptolemy/domains/pn/test/auto/TrivialIdentity.xml (RunModel)" time="0.025" />
  <testcase classname="ptolemy.util.test.junit.AutoTests" name="[19] /home/travis/build/icyphy/ptII/ptolemy/domains/pn/test/auto/WidthInferenceTest1.xml (RunModel)" time="0.045" />
  <testcase classname="ptolemy.util.test.junit.AutoTests" name="[20] /home/travis/build/icyphy/ptII/ptolemy/domains/pn/test/auto/WidthInferenceTest2.xml (RunModel)" time="0.037" />
  <testcase classname="ptolemy.util.test.junit.AutoTests" name="[21] /home/travis/build/icyphy/ptII/ptolemy/domains/pn/test/auto/WidthInferenceTest3.xml (RunModel)" time="0.059" />
  <testcase classname="ptolemy.util.test.junit.AutoTests" name="[22] /home/travis/build/icyphy/ptII/ptolemy/domains/pn/test/auto/WidthInferenceTest4.xml (RunModel)" time="0.098" />
  <testcase classname="ptolemy.util.test.junit.AutoTests" name="[23] /home/travis/build/icyphy/ptII/ptolemy/domains/pn/test/auto/WidthInferenceTest5.xml (RunModel)" time="0.068" />
  <testcase classname="ptolemy.util.test.junit.AutoTests" name="[24] /home/travis/build/icyphy/ptII/ptolemy/domains/pn/test/auto/controlled_kahnnet.xml (RunModel)" time="0.025" />
  <testcase classname="ptolemy.util.test.junit.AutoTests" name="[25] /home/travis/build/icyphy/ptII/ptolemy/domains/pn/test/auto/demandDriven.xml (RunModel)" time="0.022" />
  <testcase classname="ptolemy.util.test.junit.AutoTests" name="[26] /home/travis/build/icyphy/ptII/ptolemy/domains/pn/test/auto/feedback.xml (RunModel)" time="0.021" />
  <testcase classname="ptolemy.util.test.junit.AutoTests" name="[27] /home/travis/build/icyphy/ptII/ptolemy/domains/pn/test/auto/helloWorld.xml (RunModel)" time="0.022" />
  <testcase classname="ptolemy.util.test.junit.AutoTests" name="[28] /home/travis/build/icyphy/ptII/ptolemy/domains/pn/test/auto/helloWorld2.xml (RunModel)" time="0.024" />
  <testcase classname="ptolemy.util.test.junit.AutoTests" name="[29] /home/travis/build/icyphy/ptII/ptolemy/domains/pn/test/auto/noOutput.xml (RunModel)" time="0.053" />
  <testcase classname="ptolemy.util.test.junit.AutoTests" name="[30] /home/travis/build/icyphy/ptII/ptolemy/domains/pn/test/auto/relationGroup.xml (RunModel)" time="0.022" />
  <testcase classname="ptolemy.util.test.junit.AutoTests" name="[31] /home/travis/build/icyphy/ptII/ptolemy/domains/pn/test/auto/relationGroup2.xml (RunModel)" time="0.02" />
  <testcase classname="ptolemy.util.test.junit.AutoTests" name="[32] /home/travis/build/icyphy/ptII/ptolemy/domains/pn/test/auto/relationGroup3.xml (RunModel)" time="0.021" />
  <testcase classname="ptolemy.util.test.junit.AutoTests" name="[33] /home/travis/build/icyphy/ptII/ptolemy/domains/pn/test/auto/relationGroup4.xml (RunModel)" time="0.018" />
  <testcase classname="ptolemy.util.test.junit.AutoTests" name="[34] /home/travis/build/icyphy/ptII/ptolemy/domains/pn/test/auto/relationGroup5.xml (RunModel)" time="0.018" />
  <testcase classname="ptolemy.util.test.junit.AutoTests" name="[35] /home/travis/build/icyphy/ptII/ptolemy/domains/pn/test/auto/relationGroup6.xml (RunModel)" time="0.02" />
  <testcase classname="ptolemy.util.test.junit.AutoTests" name="[36] /home/travis/build/icyphy/ptII/ptolemy/domains/pn/test/auto/relationGroup7.xml (RunModel)" time="0.015" />
  <testcase classname="ptolemy.util.test.junit.AutoTests" name="[37] /home/travis/build/icyphy/ptII/ptolemy/domains/pn/test/auto/relationGroup8.xml (RunModel)" time="0.018" />
  <testcase classname="ptolemy.util.test.junit.AutoTests" name="[38] /home/travis/build/icyphy/ptII/ptolemy/domains/pn/test/auto/widthTest.xml (RunModel)" time="0.046" />
  <system-out><![CDATA[/home/travis/build/icyphy/ptII/ptolemy/domains/pn/test/PNDirector.tcl
testDefs.tcl: setting time out to 9000 seconds at Tue Dec 03 06:23:01 UTC 2019
94 ms. Memory: 120832K Free: 89538K (74%)
93 ms. Memory: 120832K Free: 81860K (68%)
/home/travis/build/icyphy/ptII/ptolemy/domains/pn/test/TimedPNDirector.tcl


==== $PTII/ptolemy/domains/pn/test/TimedPNDirector.tcl: TimedPNDirector-6.1 Test an application
==== Contents of test case:


    set e0 [java::new ptolemy.actor.TypedCompositeActor]
    set manager [java::new ptolemy.actor.Manager]
    set director [java::new ptolemy.domains.pn.kernel.TimedPNDirector]
    $e0 setDirector $director
    $e0 setName top
    $e0 setManager $manager

    # FIXME: why doesn't the getParameter option work.
    set ramp [java::new ptolemy.actor.lib.Ramp $e0 ramp]
    set param [java::cast ptolemy.data.expr.Parameter  [$ramp getAttribute  firingCountLimit]]
    $param setExpression 20

    set rec [java::new ptolemy.actor.lib.Recorder $e0 rec]
    $e0 connect  [java::field [java::cast ptolemy.actor.lib.Source $ramp] output]  [java::field [java::cast ptolemy.actor.lib.Sink $rec] input]

    error "Running this test sometimes causes an endless loop" 

#    [$e0 getManager] execute
#    enumToTokenValues [$rec getRecord 0]


.... Test generated KNOWN error:
Running this test sometimes causes an endless loop
    while executing
"error "Running this test sometimes causes an endless loop" "
    ("uplevel" body line 18)
    invoked from within
"uplevel $contents_of_test"
12/03/19 06:23:02
Failed: 0  Total Tests: 3  ((Passed: 2, Newly Passed: 0)  Known Failed: 1) /home/travis/build/icyphy/ptII/ptolemy/domains/pn/test
No auto/knownFailedTests/*.xml tests in /home/travis/build/icyphy/ptII/ptolemy/domains/pn/test
No auto/linux-amd64/*.xml tests in /home/travis/build/icyphy/ptII/ptolemy/domains/pn/test
AutoTests.java: About to close Vertx.
AutoTests.java: Vertx closed.

===========================================================================================
----------------- testing Tue Dec 03 06:23:02 UTC 2019 /home/travis/build/icyphy/ptII/ptolemy/domains/pn/test/auto/Branching-switch-PN-ptolemy-2.xml
----------------- Instantiating /home/travis/build/icyphy/ptII/ptolemy/domains/pn/test/auto/Branching-switch-PN-ptolemy-2.xml
77 ms. Memory: 120832K Free: 95257K (79%)
----------------- Invoking toplevel() on ptolemy.moml.MoMLSimpleApplication@5d90a531
----------------- Done invoking toplevel() on ptolemy.moml.MoMLSimpleApplication@5d90a531
reloadAllAccessors: .Branching-switch-PN-ptolemy-2

===========================================================================================
----------------- testing Tue Dec 03 06:23:02 UTC 2019 /home/travis/build/icyphy/ptII/ptolemy/domains/pn/test/auto/Branching-switch-PN-ptolemy.xml
----------------- Instantiating /home/travis/build/icyphy/ptII/ptolemy/domains/pn/test/auto/Branching-switch-PN-ptolemy.xml
115 ms. Memory: 120832K Free: 102708K (85%)
----------------- Invoking toplevel() on ptolemy.moml.MoMLSimpleApplication@33daa6d9
----------------- Done invoking toplevel() on ptolemy.moml.MoMLSimpleApplication@33daa6d9
reloadAllAccessors: .Branching-switch-PN-ptolemy

===========================================================================================
----------------- testing Tue Dec 03 06:23:03 UTC 2019 /home/travis/build/icyphy/ptII/ptolemy/domains/pn/test/auto/BrockAckermanTest.xml
----------------- Instantiating /home/travis/build/icyphy/ptII/ptolemy/domains/pn/test/auto/BrockAckermanTest.xml
269 ms. Memory: 120832K Free: 87348K (72%)
----------------- Invoking toplevel() on ptolemy.moml.MoMLSimpleApplication@c80eac7
----------------- Done invoking toplevel() on ptolemy.moml.MoMLSimpleApplication@c80eac7
reloadAllAccessors: .BrockAckermanTest

===========================================================================================
----------------- testing Tue Dec 03 06:23:03 UTC 2019 /home/travis/build/icyphy/ptII/ptolemy/domains/pn/test/auto/CounterMachine.xml
----------------- Instantiating /home/travis/build/icyphy/ptII/ptolemy/domains/pn/test/auto/CounterMachine.xml
1112 ms. Memory: 145408K Free: 79451K (55%)
----------------- Invoking toplevel() on ptolemy.moml.MoMLSimpleApplication@396c9867
----------------- Done invoking toplevel() on ptolemy.moml.MoMLSimpleApplication@396c9867
reloadAllAccessors: .CounterMachine

===========================================================================================
----------------- testing Tue Dec 03 06:23:05 UTC 2019 /home/travis/build/icyphy/ptII/ptolemy/domains/pn/test/auto/CounterMachine1.xml
----------------- Instantiating /home/travis/build/icyphy/ptII/ptolemy/domains/pn/test/auto/CounterMachine1.xml
1087 ms. Memory: 145408K Free: 58969K (41%)
----------------- Invoking toplevel() on ptolemy.moml.MoMLSimpleApplication@12669a9a
----------------- Done invoking toplevel() on ptolemy.moml.MoMLSimpleApplication@12669a9a
reloadAllAccessors: .CounterMachine1

===========================================================================================
----------------- testing Tue Dec 03 06:23:06 UTC 2019 /home/travis/build/icyphy/ptII/ptolemy/domains/pn/test/auto/CounterMachineWithException.xml
----------------- Instantiating /home/travis/build/icyphy/ptII/ptolemy/domains/pn/test/auto/CounterMachineWithException.xml
437 ms. Memory: 145408K Free: 56741K (39%)
----------------- Invoking toplevel() on ptolemy.moml.MoMLSimpleApplication@2e8cc83d
----------------- Done invoking toplevel() on ptolemy.moml.MoMLSimpleApplication@2e8cc83d
reloadAllAccessors: .CounterMachineWithException

===========================================================================================
----------------- testing Tue Dec 03 06:23:07 UTC 2019 /home/travis/build/icyphy/ptII/ptolemy/domains/pn/test/auto/FinalState.xml
----------------- Instantiating /home/travis/build/icyphy/ptII/ptolemy/domains/pn/test/auto/FinalState.xml
28 ms. Memory: 145408K Free: 49573K (34%)
----------------- Invoking toplevel() on ptolemy.moml.MoMLSimpleApplication@4e98950c
----------------- Done invoking toplevel() on ptolemy.moml.MoMLSimpleApplication@4e98950c
reloadAllAccessors: .FinalState

===========================================================================================
----------------- testing Tue Dec 03 06:23:07 UTC 2019 /home/travis/build/icyphy/ptII/ptolemy/domains/pn/test/auto/FourExpressions.xml
----------------- Instantiating /home/travis/build/icyphy/ptII/ptolemy/domains/pn/test/auto/FourExpressions.xml
33 ms. Memory: 175104K Free: 152552K (87%)
----------------- Invoking toplevel() on ptolemy.moml.MoMLSimpleApplication@576cc478
----------------- Done invoking toplevel() on ptolemy.moml.MoMLSimpleApplication@576cc478
reloadAllAccessors: .FourExpressions

===========================================================================================
----------------- testing Tue Dec 03 06:23:07 UTC 2019 /home/travis/build/icyphy/ptII/ptolemy/domains/pn/test/auto/Identity.xml
----------------- Instantiating /home/travis/build/icyphy/ptII/ptolemy/domains/pn/test/auto/Identity.xml
23 ms. Memory: 175104K Free: 143846K (82%)
----------------- Invoking toplevel() on ptolemy.moml.MoMLSimpleApplication@21d8c61b
----------------- Done invoking toplevel() on ptolemy.moml.MoMLSimpleApplication@21d8c61b
reloadAllAccessors: .Identity

===========================================================================================
----------------- testing Tue Dec 03 06:23:07 UTC 2019 /home/travis/build/icyphy/ptII/ptolemy/domains/pn/test/auto/IdentityWithFeedback.xml
----------------- Instantiating /home/travis/build/icyphy/ptII/ptolemy/domains/pn/test/auto/IdentityWithFeedback.xml
11 ms. Memory: 175104K Free: 138214K (79%)
----------------- Invoking toplevel() on ptolemy.moml.MoMLSimpleApplication@1a80b7f0
----------------- Done invoking toplevel() on ptolemy.moml.MoMLSimpleApplication@1a80b7f0
reloadAllAccessors: .IdentityWithFeedback

===========================================================================================
----------------- testing Tue Dec 03 06:23:07 UTC 2019 /home/travis/build/icyphy/ptII/ptolemy/domains/pn/test/auto/NondeterministicMergeTest.xml
----------------- Instantiating /home/travis/build/icyphy/ptII/ptolemy/domains/pn/test/auto/NondeterministicMergeTest.xml
32 ms. Memory: 175104K Free: 128486K (73%)
----------------- Invoking toplevel() on ptolemy.moml.MoMLSimpleApplication@61901989
----------------- Done invoking toplevel() on ptolemy.moml.MoMLSimpleApplication@61901989
reloadAllAccessors: .NondeterministicMergeTest

===========================================================================================
----------------- testing Tue Dec 03 06:23:08 UTC 2019 /home/travis/build/icyphy/ptII/ptolemy/domains/pn/test/auto/OrderedMerge.xml
----------------- Instantiating /home/travis/build/icyphy/ptII/ptolemy/domains/pn/test/auto/OrderedMerge.xml
149 ms. Memory: 175104K Free: 115174K (66%)
----------------- Invoking toplevel() on ptolemy.moml.MoMLSimpleApplication@3af4e9b5
----------------- Done invoking toplevel() on ptolemy.moml.MoMLSimpleApplication@3af4e9b5
reloadAllAccessors: .OrderedMerge

===========================================================================================
----------------- testing Tue Dec 03 06:23:08 UTC 2019 /home/travis/build/icyphy/ptII/ptolemy/domains/pn/test/auto/PNAbstractReceiverTest.xml
----------------- Instantiating /home/travis/build/icyphy/ptII/ptolemy/domains/pn/test/auto/PNAbstractReceiverTest.xml
10 ms. Memory: 175104K Free: 110054K (63%)
----------------- Invoking toplevel() on ptolemy.moml.MoMLSimpleApplication@3795e6b6
----------------- Done invoking toplevel() on ptolemy.moml.MoMLSimpleApplication@3795e6b6
reloadAllAccessors: .PNAbstractReceiverTest

===========================================================================================
----------------- testing Tue Dec 03 06:23:08 UTC 2019 /home/travis/build/icyphy/ptII/ptolemy/domains/pn/test/auto/QR.xml
----------------- Instantiating /home/travis/build/icyphy/ptII/ptolemy/domains/pn/test/auto/QR.xml
22 ms. Memory: 175104K Free: 97256K (56%)
----------------- Invoking toplevel() on ptolemy.moml.MoMLSimpleApplication@5c02cf48
----------------- Done invoking toplevel() on ptolemy.moml.MoMLSimpleApplication@5c02cf48
reloadAllAccessors: .QR

===========================================================================================
----------------- testing Tue Dec 03 06:23:08 UTC 2019 /home/travis/build/icyphy/ptII/ptolemy/domains/pn/test/auto/RemoveNilTokens.xml
----------------- Instantiating /home/travis/build/icyphy/ptII/ptolemy/domains/pn/test/auto/RemoveNilTokens.xml
26 ms. Memory: 175104K Free: 83430K (48%)
----------------- Invoking toplevel() on ptolemy.moml.MoMLSimpleApplication@65349865
----------------- Done invoking toplevel() on ptolemy.moml.MoMLSimpleApplication@65349865
reloadAllAccessors: .RemoveNilTokens

===========================================================================================
----------------- testing Tue Dec 03 06:23:08 UTC 2019 /home/travis/build/icyphy/ptII/ptolemy/domains/pn/test/auto/Stack.xml
----------------- Instantiating /home/travis/build/icyphy/ptII/ptolemy/domains/pn/test/auto/Stack.xml
83 ms. Memory: 175104K Free: 152530K (87%)
----------------- Invoking toplevel() on ptolemy.moml.MoMLSimpleApplication@3e0958e1
----------------- Done invoking toplevel() on ptolemy.moml.MoMLSimpleApplication@3e0958e1
reloadAllAccessors: .Stack

===========================================================================================
----------------- testing Tue Dec 03 06:23:08 UTC 2019 /home/travis/build/icyphy/ptII/ptolemy/domains/pn/test/auto/TestRemoveNilTokens.xml
----------------- Instantiating /home/travis/build/icyphy/ptII/ptolemy/domains/pn/test/auto/TestRemoveNilTokens.xml
24 ms. Memory: 175104K Free: 145362K (83%)
----------------- Invoking toplevel() on ptolemy.moml.MoMLSimpleApplication@582274df
----------------- Done invoking toplevel() on ptolemy.moml.MoMLSimpleApplication@582274df
reloadAllAccessors: .TestRemoveNilTokens

===========================================================================================
----------------- testing Tue Dec 03 06:23:08 UTC 2019 /home/travis/build/icyphy/ptII/ptolemy/domains/pn/test/auto/TestSeq2Array.xml
----------------- Instantiating /home/travis/build/icyphy/ptII/ptolemy/domains/pn/test/auto/TestSeq2Array.xml
23 ms. Memory: 175104K Free: 139830K (80%)
----------------- Invoking toplevel() on ptolemy.moml.MoMLSimpleApplication@6babcda1
----------------- Done invoking toplevel() on ptolemy.moml.MoMLSimpleApplication@6babcda1
reloadAllAccessors: .TestSeq2Array

===========================================================================================
----------------- testing Tue Dec 03 06:23:08 UTC 2019 /home/travis/build/icyphy/ptII/ptolemy/domains/pn/test/auto/TrivialIdentity.xml
----------------- Instantiating /home/travis/build/icyphy/ptII/ptolemy/domains/pn/test/auto/TrivialIdentity.xml
11 ms. Memory: 175104K Free: 135515K (77%)
----------------- Invoking toplevel() on ptolemy.moml.MoMLSimpleApplication@11eb64c5
----------------- Done invoking toplevel() on ptolemy.moml.MoMLSimpleApplication@11eb64c5
reloadAllAccessors: .TrivialIdentity

===========================================================================================
----------------- testing Tue Dec 03 06:23:08 UTC 2019 /home/travis/build/icyphy/ptII/ptolemy/domains/pn/test/auto/WidthInferenceTest1.xml
----------------- Instantiating /home/travis/build/icyphy/ptII/ptolemy/domains/pn/test/auto/WidthInferenceTest1.xml
13 ms. Memory: 175104K Free: 129590K (74%)
----------------- Invoking toplevel() on ptolemy.moml.MoMLSimpleApplication@2923d254
----------------- Done invoking toplevel() on ptolemy.moml.MoMLSimpleApplication@2923d254
reloadAllAccessors: .1

===========================================================================================
----------------- testing Tue Dec 03 06:23:08 UTC 2019 /home/travis/build/icyphy/ptII/ptolemy/domains/pn/test/auto/WidthInferenceTest2.xml
----------------- Instantiating /home/travis/build/icyphy/ptII/ptolemy/domains/pn/test/auto/WidthInferenceTest2.xml
19 ms. Memory: 175104K Free: 124060K (71%)
----------------- Invoking toplevel() on ptolemy.moml.MoMLSimpleApplication@21b86e99
----------------- Done invoking toplevel() on ptolemy.moml.MoMLSimpleApplication@21b86e99
reloadAllAccessors: .2

===========================================================================================
----------------- testing Tue Dec 03 06:23:08 UTC 2019 /home/travis/build/icyphy/ptII/ptolemy/domains/pn/test/auto/WidthInferenceTest3.xml
----------------- Instantiating /home/travis/build/icyphy/ptII/ptolemy/domains/pn/test/auto/WidthInferenceTest3.xml
24 ms. Memory: 175104K Free: 109929K (63%)
----------------- Invoking toplevel() on ptolemy.moml.MoMLSimpleApplication@125fd90
----------------- Done invoking toplevel() on ptolemy.moml.MoMLSimpleApplication@125fd90
reloadAllAccessors: .3

===========================================================================================
----------------- testing Tue Dec 03 06:23:08 UTC 2019 /home/travis/build/icyphy/ptII/ptolemy/domains/pn/test/auto/WidthInferenceTest4.xml
----------------- Instantiating /home/travis/build/icyphy/ptII/ptolemy/domains/pn/test/auto/WidthInferenceTest4.xml
34 ms. Memory: 175104K Free: 96822K (55%)
----------------- Invoking toplevel() on ptolemy.moml.MoMLSimpleApplication@539402cc
----------------- Done invoking toplevel() on ptolemy.moml.MoMLSimpleApplication@539402cc
reloadAllAccessors: .WidthInferenceTest4

===========================================================================================
----------------- testing Tue Dec 03 06:23:08 UTC 2019 /home/travis/build/icyphy/ptII/ptolemy/domains/pn/test/auto/WidthInferenceTest5.xml
----------------- Instantiating /home/travis/build/icyphy/ptII/ptolemy/domains/pn/test/auto/WidthInferenceTest5.xml
29 ms. Memory: 175104K Free: 84329K (48%)
----------------- Invoking toplevel() on ptolemy.moml.MoMLSimpleApplication@65a03978
----------------- Done invoking toplevel() on ptolemy.moml.MoMLSimpleApplication@65a03978
reloadAllAccessors: .WidthInferenceTest5

===========================================================================================
----------------- testing Tue Dec 03 06:23:09 UTC 2019 /home/travis/build/icyphy/ptII/ptolemy/domains/pn/test/auto/controlled_kahnnet.xml
----------------- Instantiating /home/travis/build/icyphy/ptII/ptolemy/domains/pn/test/auto/controlled_kahnnet.xml
11 ms. Memory: 175104K Free: 79826K (46%)
----------------- Invoking toplevel() on ptolemy.moml.MoMLSimpleApplication@31714d52
----------------- Done invoking toplevel() on ptolemy.moml.MoMLSimpleApplication@31714d52
reloadAllAccessors: .controlled_kahnnet

===========================================================================================
----------------- testing Tue Dec 03 06:23:09 UTC 2019 /home/travis/build/icyphy/ptII/ptolemy/domains/pn/test/auto/demandDriven.xml
----------------- Instantiating /home/travis/build/icyphy/ptII/ptolemy/domains/pn/test/auto/demandDriven.xml
10 ms. Memory: 175104K Free: 75932K (43%)
----------------- Invoking toplevel() on ptolemy.moml.MoMLSimpleApplication@19570bda
----------------- Done invoking toplevel() on ptolemy.moml.MoMLSimpleApplication@19570bda
reloadAllAccessors: .demandDriven

===========================================================================================
----------------- testing Tue Dec 03 06:23:09 UTC 2019 /home/travis/build/icyphy/ptII/ptolemy/domains/pn/test/auto/feedback.xml
----------------- Instantiating /home/travis/build/icyphy/ptII/ptolemy/domains/pn/test/auto/feedback.xml
9 ms. Memory: 175104K Free: 72246K (41%)
----------------- Invoking toplevel() on ptolemy.moml.MoMLSimpleApplication@6728e69a
----------------- Done invoking toplevel() on ptolemy.moml.MoMLSimpleApplication@6728e69a
reloadAllAccessors: .feedback

===========================================================================================
----------------- testing Tue Dec 03 06:23:09 UTC 2019 /home/travis/build/icyphy/ptII/ptolemy/domains/pn/test/auto/helloWorld.xml
----------------- Instantiating /home/travis/build/icyphy/ptII/ptolemy/domains/pn/test/auto/helloWorld.xml
9 ms. Memory: 175104K Free: 70402K (40%)
----------------- Invoking toplevel() on ptolemy.moml.MoMLSimpleApplication@6acb38bc
----------------- Done invoking toplevel() on ptolemy.moml.MoMLSimpleApplication@6acb38bc
reloadAllAccessors: .helloWorld

===========================================================================================
----------------- testing Tue Dec 03 06:23:09 UTC 2019 /home/travis/build/icyphy/ptII/ptolemy/domains/pn/test/auto/helloWorld2.xml
----------------- Instantiating /home/travis/build/icyphy/ptII/ptolemy/domains/pn/test/auto/helloWorld2.xml
10 ms. Memory: 175104K Free: 66102K (38%)
----------------- Invoking toplevel() on ptolemy.moml.MoMLSimpleApplication@4a77ebb1
----------------- Done invoking toplevel() on ptolemy.moml.MoMLSimpleApplication@4a77ebb1
reloadAllAccessors: .helloWorld2

===========================================================================================
----------------- testing Tue Dec 03 06:23:09 UTC 2019 /home/travis/build/icyphy/ptII/ptolemy/domains/pn/test/auto/noOutput.xml
----------------- Instantiating /home/travis/build/icyphy/ptII/ptolemy/domains/pn/test/auto/noOutput.xml
37 ms. Memory: 175104K Free: 61801K (35%)
----------------- Invoking toplevel() on ptolemy.moml.MoMLSimpleApplication@65385c8a
----------------- Done invoking toplevel() on ptolemy.moml.MoMLSimpleApplication@65385c8a
reloadAllAccessors: .noOutput

===========================================================================================
----------------- testing Tue Dec 03 06:23:09 UTC 2019 /home/travis/build/icyphy/ptII/ptolemy/domains/pn/test/auto/relationGroup.xml
----------------- Instantiating /home/travis/build/icyphy/ptII/ptolemy/domains/pn/test/auto/relationGroup.xml
7 ms. Memory: 175104K Free: 59346K (34%)
----------------- Invoking toplevel() on ptolemy.moml.MoMLSimpleApplication@1cbbf268
----------------- Done invoking toplevel() on ptolemy.moml.MoMLSimpleApplication@1cbbf268
reloadAllAccessors: .relationGroup

===========================================================================================
----------------- testing Tue Dec 03 06:23:09 UTC 2019 /home/travis/build/icyphy/ptII/ptolemy/domains/pn/test/auto/relationGroup2.xml
----------------- Instantiating /home/travis/build/icyphy/ptII/ptolemy/domains/pn/test/auto/relationGroup2.xml
6 ms. Memory: 175104K Free: 159192K (91%)
----------------- Invoking toplevel() on ptolemy.moml.MoMLSimpleApplication@28d2dcaf
----------------- Done invoking toplevel() on ptolemy.moml.MoMLSimpleApplication@28d2dcaf
reloadAllAccessors: .relationGroup2

===========================================================================================
----------------- testing Tue Dec 03 06:23:09 UTC 2019 /home/travis/build/icyphy/ptII/ptolemy/domains/pn/test/auto/relationGroup3.xml
----------------- Instantiating /home/travis/build/icyphy/ptII/ptolemy/domains/pn/test/auto/relationGroup3.xml
4 ms. Memory: 175104K Free: 157144K (90%)
----------------- Invoking toplevel() on ptolemy.moml.MoMLSimpleApplication@3e1b7a55
----------------- Done invoking toplevel() on ptolemy.moml.MoMLSimpleApplication@3e1b7a55
reloadAllAccessors: .relationGroup3

===========================================================================================
----------------- testing Tue Dec 03 06:23:09 UTC 2019 /home/travis/build/icyphy/ptII/ptolemy/domains/pn/test/auto/relationGroup4.xml
----------------- Instantiating /home/travis/build/icyphy/ptII/ptolemy/domains/pn/test/auto/relationGroup4.xml
5 ms. Memory: 175104K Free: 154840K (88%)
----------------- Invoking toplevel() on ptolemy.moml.MoMLSimpleApplication@15fad7ee
----------------- Done invoking toplevel() on ptolemy.moml.MoMLSimpleApplication@15fad7ee
reloadAllAccessors: .relationGroup4

===========================================================================================
----------------- testing Tue Dec 03 06:23:09 UTC 2019 /home/travis/build/icyphy/ptII/ptolemy/domains/pn/test/auto/relationGroup5.xml
----------------- Instantiating /home/travis/build/icyphy/ptII/ptolemy/domains/pn/test/auto/relationGroup5.xml
8 ms. Memory: 175104K Free: 152538K (87%)
----------------- Invoking toplevel() on ptolemy.moml.MoMLSimpleApplication@1c29709a
----------------- Done invoking toplevel() on ptolemy.moml.MoMLSimpleApplication@1c29709a
reloadAllAccessors: .relationGroup5

===========================================================================================
----------------- testing Tue Dec 03 06:23:09 UTC 2019 /home/travis/build/icyphy/ptII/ptolemy/domains/pn/test/auto/relationGroup6.xml
----------------- Instantiating /home/travis/build/icyphy/ptII/ptolemy/domains/pn/test/auto/relationGroup6.xml
10 ms. Memory: 175104K Free: 149466K (85%)
----------------- Invoking toplevel() on ptolemy.moml.MoMLSimpleApplication@1469f44b
----------------- Done invoking toplevel() on ptolemy.moml.MoMLSimpleApplication@1469f44b
reloadAllAccessors: .relationGroup6

===========================================================================================
----------------- testing Tue Dec 03 06:23:09 UTC 2019 /home/travis/build/icyphy/ptII/ptolemy/domains/pn/test/auto/relationGroup7.xml
----------------- Instantiating /home/travis/build/icyphy/ptII/ptolemy/domains/pn/test/auto/relationGroup7.xml
7 ms. Memory: 175104K Free: 146648K (84%)
----------------- Invoking toplevel() on ptolemy.moml.MoMLSimpleApplication@dc55551
----------------- Done invoking toplevel() on ptolemy.moml.MoMLSimpleApplication@dc55551
reloadAllAccessors: .relationGroup7

===========================================================================================
----------------- testing Tue Dec 03 06:23:09 UTC 2019 /home/travis/build/icyphy/ptII/ptolemy/domains/pn/test/auto/relationGroup8.xml
----------------- Instantiating /home/travis/build/icyphy/ptII/ptolemy/domains/pn/test/auto/relationGroup8.xml
5 ms. Memory: 175104K Free: 143576K (82%)
----------------- Invoking toplevel() on ptolemy.moml.MoMLSimpleApplication@557a773e
----------------- Done invoking toplevel() on ptolemy.moml.MoMLSimpleApplication@557a773e
reloadAllAccessors: .relationGroup8

===========================================================================================
----------------- testing Tue Dec 03 06:23:09 UTC 2019 /home/travis/build/icyphy/ptII/ptolemy/domains/pn/test/auto/widthTest.xml
----------------- Instantiating /home/travis/build/icyphy/ptII/ptolemy/domains/pn/test/auto/widthTest.xml
13 ms. Memory: 175104K Free: 139652K (80%)
----------------- Invoking toplevel() on ptolemy.moml.MoMLSimpleApplication@827c5fc
----------------- Done invoking toplevel() on ptolemy.moml.MoMLSimpleApplication@827c5fc
reloadAllAccessors: .widthTest
AutoTests.java: About to close Vertx.
AutoTests.java: Vertx closed.
]]></system-out>
  <system-err><![CDATA[java.lang.RuntimeException: Execution failed
	at ptolemy.moml.MoMLSimpleApplication$UnloadThread.run(MoMLSimpleApplication.java:402)
Caused by: ptolemy.kernel.util.IllegalActionException: At the current time, process-oriented domains (PN and CSP) cannot be nested inside firing-based domains (SDF, DE, CT, etc.).
  in .PNInsideDE.CompositeActor.port
Because:
class ptolemy.domains.de.kernel.DEReceiver cannot be cast to class ptolemy.actor.process.ProcessReceiver (ptolemy.domains.de.kernel.DEReceiver and ptolemy.actor.process.ProcessReceiver are in unnamed module of loader 'app')
	at ptolemy.actor.process.BranchController.addBranches(BranchController.java:182)
	at ptolemy.actor.process.CompositeProcessDirector.createBranchController(CompositeProcessDirector.java:221)
	at ptolemy.actor.process.CompositeProcessDirector.initialize(CompositeProcessDirector.java:289)
	at ptolemy.domains.pn.kernel.PNDirector.initialize(PNDirector.java:241)
	at ptolemy.actor.CompositeActor.initialize(CompositeActor.java:935)
	at ptolemy.actor.Director.initialize(Director.java:938)
	at ptolemy.actor.Director.initialize(Director.java:907)
	at ptolemy.domains.de.kernel.DEDirector.initialize(DEDirector.java:944)
	at ptolemy.actor.CompositeActor.initialize(CompositeActor.java:935)
	at ptolemy.actor.Manager.initialize(Manager.java:724)
	at ptolemy.actor.Manager.execute(Manager.java:356)
	at ptolemy.actor.Manager.run(Manager.java:1263)
	at ptolemy.actor.Manager$PtolemyRunThread.run(Manager.java:1933)
Caused by: java.lang.ClassCastException: class ptolemy.domains.de.kernel.DEReceiver cannot be cast to class ptolemy.actor.process.ProcessReceiver (ptolemy.domains.de.kernel.DEReceiver and ptolemy.actor.process.ProcessReceiver are in unnamed module of loader 'app')
	at ptolemy.actor.process.BranchController.addBranches(BranchController.java:178)
	... 12 more
Warning: '.RemoveNilTokens.Test2' The test produced only 7 tokens, yet the correctValues parameter was expecting 8 tokens.
Warning: '.RemoveNilTokens.Test' The test produced only 11 tokens, yet the correctValues parameter was expecting 13 tokens.
]]></system-err>
</testsuite>
