<?xml version="1.0" encoding="UTF-8" ?>
<testsuite errors="0" failures="0" hostname="travis-job-89df8bd2-b429-4692-b9ee-847a0fe35675" name="ptolemy.domains.continuous.test.junit.JUnitTclTest" skipped="0" tests="155" time="75.368" timestamp="2018-07-14T01:38:08">
  <properties>
[...]
</properties>
  <testcase classname="ptolemy.util.test.junit.TclTests" name="[0] ThereAreNoTclTests (RunTclFile)" time="0.001" />
  <testcase classname="ptolemy.util.test.junit.AutoKnownFailedTests" name="[0] ThereAreNoKnowFailedTests (RunModel)" time="0.001" />
  <testcase classname="ptolemy.util.test.junit.AutoNameArchTests" name="[0] ThereAreNoAutoArchTests (RunModel)" time="0.001" />
  <testcase classname="ptolemy.util.test.junit.AutoTests" name="[0] /home/travis/build/icyphy/ptII/ptolemy/domains/continuous/test/auto/BouncingBall.xml (RunModel)" time="3.152" />
  <testcase classname="ptolemy.util.test.junit.AutoTests" name="[1] /home/travis/build/icyphy/ptII/ptolemy/domains/continuous/test/auto/BouncingBallWithoutGR.xml (RunModel)" time="0.96" />
  <testcase classname="ptolemy.util.test.junit.AutoTests" name="[2] /home/travis/build/icyphy/ptII/ptolemy/domains/continuous/test/auto/Brownian.xml (RunModel)" time="0.124" />
  <testcase classname="ptolemy.util.test.junit.AutoTests" name="[3] /home/travis/build/icyphy/ptII/ptolemy/domains/continuous/test/auto/CarTracking.xml (RunModel)" time="3.879" />
  <testcase classname="ptolemy.util.test.junit.AutoTests" name="[4] /home/travis/build/icyphy/ptII/ptolemy/domains/continuous/test/auto/CartPendulum.xml (RunModel)" time="0.526" />
  <testcase classname="ptolemy.util.test.junit.AutoTests" name="[5] /home/travis/build/icyphy/ptII/ptolemy/domains/continuous/test/auto/CausalityInterface10.xml (RunModel)" time="0.067" />
  <testcase classname="ptolemy.util.test.junit.AutoTests" name="[6] /home/travis/build/icyphy/ptII/ptolemy/domains/continuous/test/auto/CausalityInterface11.xml (RunModel)" time="0.031" />
  <testcase classname="ptolemy.util.test.junit.AutoTests" name="[7] /home/travis/build/icyphy/ptII/ptolemy/domains/continuous/test/auto/CausalityInterface12.xml (RunModel)" time="0.04" />
  <testcase classname="ptolemy.util.test.junit.AutoTests" name="[8] /home/travis/build/icyphy/ptII/ptolemy/domains/continuous/test/auto/CausalityInterface13.xml (RunModel)" time="0.037" />
  <testcase classname="ptolemy.util.test.junit.AutoTests" name="[9] /home/travis/build/icyphy/ptII/ptolemy/domains/continuous/test/auto/CausalityInterface14.xml (RunModel)" time="0.03" />
  <testcase classname="ptolemy.util.test.junit.AutoTests" name="[10] /home/travis/build/icyphy/ptII/ptolemy/domains/continuous/test/auto/CausalityInterface4.xml (RunModel)" time="0.037" />
  <testcase classname="ptolemy.util.test.junit.AutoTests" name="[11] /home/travis/build/icyphy/ptII/ptolemy/domains/continuous/test/auto/CausalityInterface5.xml (RunModel)" time="0.055" />
  <testcase classname="ptolemy.util.test.junit.AutoTests" name="[12] /home/travis/build/icyphy/ptII/ptolemy/domains/continuous/test/auto/CausalityInterface6.xml (RunModel)" time="0.051" />
  <testcase classname="ptolemy.util.test.junit.AutoTests" name="[13] /home/travis/build/icyphy/ptII/ptolemy/domains/continuous/test/auto/CausalityInterface7.xml (RunModel)" time="0.047" />
  <testcase classname="ptolemy.util.test.junit.AutoTests" name="[14] /home/travis/build/icyphy/ptII/ptolemy/domains/continuous/test/auto/CausalityInterface8.xml (RunModel)" time="0.042" />
  <testcase classname="ptolemy.util.test.junit.AutoTests" name="[15] /home/travis/build/icyphy/ptII/ptolemy/domains/continuous/test/auto/CausalityInterface9.xml (RunModel)" time="0.052" />
  <testcase classname="ptolemy.util.test.junit.AutoTests" name="[16] /home/travis/build/icyphy/ptII/ptolemy/domains/continuous/test/auto/CausalityInterfaceFeedback1.xml (RunModel)" time="0.029" />
  <testcase classname="ptolemy.util.test.junit.AutoTests" name="[17] /home/travis/build/icyphy/ptII/ptolemy/domains/continuous/test/auto/CausalityInterfaceFeedback2.xml (RunModel)" time="0.032" />
  <testcase classname="ptolemy.util.test.junit.AutoTests" name="[18] /home/travis/build/icyphy/ptII/ptolemy/domains/continuous/test/auto/CompareWithCurrentTime.xml (RunModel)" time="0.038" />
  <testcase classname="ptolemy.util.test.junit.AutoTests" name="[19] /home/travis/build/icyphy/ptII/ptolemy/domains/continuous/test/auto/ComparedClocks.xml (RunModel)" time="0.092" />
  <testcase classname="ptolemy.util.test.junit.AutoTests" name="[20] /home/travis/build/icyphy/ptII/ptolemy/domains/continuous/test/auto/ContinuousAOCClone.xml (RunModel)" time="2.8" />
  <testcase classname="ptolemy.util.test.junit.AutoTests" name="[21] /home/travis/build/icyphy/ptII/ptolemy/domains/continuous/test/auto/ContinuousClock.xml (RunModel)" time="0.121" />
  <testcase classname="ptolemy.util.test.junit.AutoTests" name="[22] /home/travis/build/icyphy/ptII/ptolemy/domains/continuous/test/auto/ContinuousInContinuous.xml (RunModel)" time="0.106" />
  <testcase classname="ptolemy.util.test.junit.AutoTests" name="[23] /home/travis/build/icyphy/ptII/ptolemy/domains/continuous/test/auto/ContinuousInContinuousInContinuous.xml (RunModel)" time="0.033" />
  <testcase classname="ptolemy.util.test.junit.AutoTests" name="[24] /home/travis/build/icyphy/ptII/ptolemy/domains/continuous/test/auto/ContinuousInDE.xml (RunModel)" time="0.144" />
  <testcase classname="ptolemy.util.test.junit.AutoTests" name="[25] /home/travis/build/icyphy/ptII/ptolemy/domains/continuous/test/auto/ContinuousInDE2.xml (RunModel)" time="0.067" />
  <testcase classname="ptolemy.util.test.junit.AutoTests" name="[26] /home/travis/build/icyphy/ptII/ptolemy/domains/continuous/test/auto/ContinuousInDE3.xml (RunModel)" time="0.069" />
  <testcase classname="ptolemy.util.test.junit.AutoTests" name="[27] /home/travis/build/icyphy/ptII/ptolemy/domains/continuous/test/auto/ContinuousInDE4.xml (RunModel)" time="0.036" />
  <testcase classname="ptolemy.util.test.junit.AutoTests" name="[28] /home/travis/build/icyphy/ptII/ptolemy/domains/continuous/test/auto/ContinuousInDEDifferentRefinements.xml (RunModel)" time="0.126" />
  <testcase classname="ptolemy.util.test.junit.AutoTests" name="[29] /home/travis/build/icyphy/ptII/ptolemy/domains/continuous/test/auto/ContinuousInDEDifferentRefinementsPreemptive.xml (RunModel)" time="0.118" />
  <testcase classname="ptolemy.util.test.junit.AutoTests" name="[30] /home/travis/build/icyphy/ptII/ptolemy/domains/continuous/test/auto/ContinuousInDEInContinuous2.xml (RunModel)" time="0.074" />
  <testcase classname="ptolemy.util.test.junit.AutoTests" name="[31] /home/travis/build/icyphy/ptII/ptolemy/domains/continuous/test/auto/ContinuousInDEInContinuous3.xml (RunModel)" time="0.071" />
  <testcase classname="ptolemy.util.test.junit.AutoTests" name="[32] /home/travis/build/icyphy/ptII/ptolemy/domains/continuous/test/auto/ContinuousInDEInput.xml (RunModel)" time="0.06" />
  <testcase classname="ptolemy.util.test.junit.AutoTests" name="[33] /home/travis/build/icyphy/ptII/ptolemy/domains/continuous/test/auto/ContinuousInDEInput2.xml (RunModel)" time="0.035" />
  <testcase classname="ptolemy.util.test.junit.AutoTests" name="[34] /home/travis/build/icyphy/ptII/ptolemy/domains/continuous/test/auto/ContinuousInDEInput3.xml (RunModel)" time="0.03" />
  <testcase classname="ptolemy.util.test.junit.AutoTests" name="[35] /home/travis/build/icyphy/ptII/ptolemy/domains/continuous/test/auto/ContinuousInDESharingRefinement.xml (RunModel)" time="0.218" />
  <testcase classname="ptolemy.util.test.junit.AutoTests" name="[36] /home/travis/build/icyphy/ptII/ptolemy/domains/continuous/test/auto/ContinuousInDEwithNoPorts.xml (RunModel)" time="0.018" />
  <testcase classname="ptolemy.util.test.junit.AutoTests" name="[37] /home/travis/build/icyphy/ptII/ptolemy/domains/continuous/test/auto/ContinuousInsideDE.xml (RunModel)" time="0.1" />
  <testcase classname="ptolemy.util.test.junit.AutoTests" name="[38] /home/travis/build/icyphy/ptII/ptolemy/domains/continuous/test/auto/ContinuousMerge1.xml (RunModel)" time="0.019" />
  <testcase classname="ptolemy.util.test.junit.AutoTests" name="[39] /home/travis/build/icyphy/ptII/ptolemy/domains/continuous/test/auto/ContinuousMerge2.xml (RunModel)" time="0.056" />
  <testcase classname="ptolemy.util.test.junit.AutoTests" name="[40] /home/travis/build/icyphy/ptII/ptolemy/domains/continuous/test/auto/ContinuousMerge3.xml (RunModel)" time="0.088" />
  <testcase classname="ptolemy.util.test.junit.AutoTests" name="[41] /home/travis/build/icyphy/ptII/ptolemy/domains/continuous/test/auto/ContinuousWithinContinuous.xml (RunModel)" time="0.071" />
  <testcase classname="ptolemy.util.test.junit.AutoTests" name="[42] /home/travis/build/icyphy/ptII/ptolemy/domains/continuous/test/auto/ContinuousWithinContinuous2.xml (RunModel)" time="0.107" />
  <testcase classname="ptolemy.util.test.junit.AutoTests" name="[43] /home/travis/build/icyphy/ptII/ptolemy/domains/continuous/test/auto/ContinuousWithinContinuous3.xml (RunModel)" time="0.039" />
  <testcase classname="ptolemy.util.test.junit.AutoTests" name="[44] /home/travis/build/icyphy/ptII/ptolemy/domains/continuous/test/auto/ContinuousWithinContinuous4.xml (RunModel)" time="0.105" />
  <testcase classname="ptolemy.util.test.junit.AutoTests" name="[45] /home/travis/build/icyphy/ptII/ptolemy/domains/continuous/test/auto/ContinuousWithinContinuous5.xml (RunModel)" time="0.033" />
  <testcase classname="ptolemy.util.test.junit.AutoTests" name="[46] /home/travis/build/icyphy/ptII/ptolemy/domains/continuous/test/auto/ContinuousWithinContinuous6.xml (RunModel)" time="0.033" />
  <testcase classname="ptolemy.util.test.junit.AutoTests" name="[47] /home/travis/build/icyphy/ptII/ptolemy/domains/continuous/test/auto/ContinuousWithinContinuous7.xml (RunModel)" time="0.089" />
  <testcase classname="ptolemy.util.test.junit.AutoTests" name="[48] /home/travis/build/icyphy/ptII/ptolemy/domains/continuous/test/auto/DCMotor.xml (RunModel)" time="15.496" />
  <testcase classname="ptolemy.util.test.junit.AutoTests" name="[49] /home/travis/build/icyphy/ptII/ptolemy/domains/continuous/test/auto/DEInContinuous.xml (RunModel)" time="0.046" />
  <testcase classname="ptolemy.util.test.junit.AutoTests" name="[50] /home/travis/build/icyphy/ptII/ptolemy/domains/continuous/test/auto/DEinContinuous2.xml (RunModel)" time="0.035" />
  <testcase classname="ptolemy.util.test.junit.AutoTests" name="[51] /home/travis/build/icyphy/ptII/ptolemy/domains/continuous/test/auto/Derivative.xml (RunModel)" time="0.232" />
  <testcase classname="ptolemy.util.test.junit.AutoTests" name="[52] /home/travis/build/icyphy/ptII/ptolemy/domains/continuous/test/auto/Derivative1.xml (RunModel)" time="0.049" />
  <testcase classname="ptolemy.util.test.junit.AutoTests" name="[53] /home/travis/build/icyphy/ptII/ptolemy/domains/continuous/test/auto/DiscreteClock.xml (RunModel)" time="0.026" />
  <testcase classname="ptolemy.util.test.junit.AutoTests" name="[54] /home/travis/build/icyphy/ptII/ptolemy/domains/continuous/test/auto/EfficiencyCurve.xml (RunModel)" time="0.106" />
  <testcase classname="ptolemy.util.test.junit.AutoTests" name="[55] /home/travis/build/icyphy/ptII/ptolemy/domains/continuous/test/auto/ExponentialResponse.xml (RunModel)" time="0.131" />
  <testcase classname="ptolemy.util.test.junit.AutoTests" name="[56] /home/travis/build/icyphy/ptII/ptolemy/domains/continuous/test/auto/ExponentialResponseRK45.xml (RunModel)" time="0.04" />
  <testcase classname="ptolemy.util.test.junit.AutoTests" name="[57] /home/travis/build/icyphy/ptII/ptolemy/domains/continuous/test/auto/Friction.xml (RunModel)" time="1.517" />
  <testcase classname="ptolemy.util.test.junit.AutoTests" name="[58] /home/travis/build/icyphy/ptII/ptolemy/domains/continuous/test/auto/FurutaPendulum.xml (RunModel)" time="2.923" />
  <testcase classname="ptolemy.util.test.junit.AutoTests" name="[59] /home/travis/build/icyphy/ptII/ptolemy/domains/continuous/test/auto/HierarchicalExecution.xml (RunModel)" time="1.86" />
  <testcase classname="ptolemy.util.test.junit.AutoTests" name="[60] /home/travis/build/icyphy/ptII/ptolemy/domains/continuous/test/auto/HybridPlant.xml (RunModel)" time="0.598" />
  <testcase classname="ptolemy.util.test.junit.AutoTests" name="[61] /home/travis/build/icyphy/ptII/ptolemy/domains/continuous/test/auto/Hysteresis.xml (RunModel)" time="0.174" />
  <testcase classname="ptolemy.util.test.junit.AutoTests" name="[62] /home/travis/build/icyphy/ptII/ptolemy/domains/continuous/test/auto/HysteresisWithRandomDelay.xml (RunModel)" time="0.232" />
  <testcase classname="ptolemy.util.test.junit.AutoTests" name="[63] /home/travis/build/icyphy/ptII/ptolemy/domains/continuous/test/auto/HysteresisWithRandomLosses.xml (RunModel)" time="2.18" />
  <testcase classname="ptolemy.util.test.junit.AutoTests" name="[64] /home/travis/build/icyphy/ptII/ptolemy/domains/continuous/test/auto/ImmediateTransitions.xml (RunModel)" time="0.044" />
  <testcase classname="ptolemy.util.test.junit.AutoTests" name="[65] /home/travis/build/icyphy/ptII/ptolemy/domains/continuous/test/auto/ImpulseFeedback.xml (RunModel)" time="0.034" />
  <testcase classname="ptolemy.util.test.junit.AutoTests" name="[66] /home/travis/build/icyphy/ptII/ptolemy/domains/continuous/test/auto/ImpulseFeedback2.xml (RunModel)" time="0.017" />
  <testcase classname="ptolemy.util.test.junit.AutoTests" name="[67] /home/travis/build/icyphy/ptII/ptolemy/domains/continuous/test/auto/IncreasingRatePoisson.xml (RunModel)" time="0.752" />
  <testcase classname="ptolemy.util.test.junit.AutoTests" name="[68] /home/travis/build/icyphy/ptII/ptolemy/domains/continuous/test/auto/InitialStateFeedback.xml (RunModel)" time="0.012" />
  <testcase classname="ptolemy.util.test.junit.AutoTests" name="[69] /home/travis/build/icyphy/ptII/ptolemy/domains/continuous/test/auto/Integration.xml (RunModel)" time="0.013" />
  <testcase classname="ptolemy.util.test.junit.AutoTests" name="[70] /home/travis/build/icyphy/ptII/ptolemy/domains/continuous/test/auto/Integration2.xml (RunModel)" time="0.099" />
  <testcase classname="ptolemy.util.test.junit.AutoTests" name="[71] /home/travis/build/icyphy/ptII/ptolemy/domains/continuous/test/auto/Integration3.xml (RunModel)" time="0.015" />
  <testcase classname="ptolemy.util.test.junit.AutoTests" name="[72] /home/travis/build/icyphy/ptII/ptolemy/domains/continuous/test/auto/Integration5.xml (RunModel)" time="0.016" />
  <testcase classname="ptolemy.util.test.junit.AutoTests" name="[73] /home/travis/build/icyphy/ptII/ptolemy/domains/continuous/test/auto/IntegratorImpulse.xml (RunModel)" time="0.02" />
  <testcase classname="ptolemy.util.test.junit.AutoTests" name="[74] /home/travis/build/icyphy/ptII/ptolemy/domains/continuous/test/auto/IntegratorImpulse2.xml (RunModel)" time="0.013" />
  <testcase classname="ptolemy.util.test.junit.AutoTests" name="[75] /home/travis/build/icyphy/ptII/ptolemy/domains/continuous/test/auto/LevelCrossing1.xml (RunModel)" time="0.013" />
  <testcase classname="ptolemy.util.test.junit.AutoTests" name="[76] /home/travis/build/icyphy/ptII/ptolemy/domains/continuous/test/auto/LevelCrossing2.xml (RunModel)" time="0.015" />
  <testcase classname="ptolemy.util.test.junit.AutoTests" name="[77] /home/travis/build/icyphy/ptII/ptolemy/domains/continuous/test/auto/LevelCrossing3.xml (RunModel)" time="0.012" />
  <testcase classname="ptolemy.util.test.junit.AutoTests" name="[78] /home/travis/build/icyphy/ptII/ptolemy/domains/continuous/test/auto/LevelCrossing4.xml (RunModel)" time="0.013" />
  <testcase classname="ptolemy.util.test.junit.AutoTests" name="[79] /home/travis/build/icyphy/ptII/ptolemy/domains/continuous/test/auto/LevelCrossing5.xml (RunModel)" time="0.018" />
  <testcase classname="ptolemy.util.test.junit.AutoTests" name="[80] /home/travis/build/icyphy/ptII/ptolemy/domains/continuous/test/auto/LevelCrossing6.xml (RunModel)" time="0.028" />
  <testcase classname="ptolemy.util.test.junit.AutoTests" name="[81] /home/travis/build/icyphy/ptII/ptolemy/domains/continuous/test/auto/LevelCrossingDetector.xml (RunModel)" time="0.049" />
  <testcase classname="ptolemy.util.test.junit.AutoTests" name="[82] /home/travis/build/icyphy/ptII/ptolemy/domains/continuous/test/auto/LevelCrossingDetectorDetectingDirections.xml (RunModel)" time="0.101" />
  <testcase classname="ptolemy.util.test.junit.AutoTests" name="[83] /home/travis/build/icyphy/ptII/ptolemy/domains/continuous/test/auto/LevelCrossingDetectorDetectsGlitches.xml (RunModel)" time="0.065" />
  <testcase classname="ptolemy.util.test.junit.AutoTests" name="[84] /home/travis/build/icyphy/ptII/ptolemy/domains/continuous/test/auto/LevelCrossingNoInitialOuput.xml (RunModel)" time="0.023" />
  <testcase classname="ptolemy.util.test.junit.AutoTests" name="[85] /home/travis/build/icyphy/ptII/ptolemy/domains/continuous/test/auto/LinearStateSpaceExample.xml (RunModel)" time="0.056" />
  <testcase classname="ptolemy.util.test.junit.AutoTests" name="[86] /home/travis/build/icyphy/ptII/ptolemy/domains/continuous/test/auto/Lorenz.xml (RunModel)" time="3.98" />
  <testcase classname="ptolemy.util.test.junit.AutoTests" name="[87] /home/travis/build/icyphy/ptII/ptolemy/domains/continuous/test/auto/LorenzDifferentialSystem.xml (RunModel)" time="0.939" />
  <testcase classname="ptolemy.util.test.junit.AutoTests" name="[88] /home/travis/build/icyphy/ptII/ptolemy/domains/continuous/test/auto/LorenzDifferentialSystemWithInput.xml (RunModel)" time="1.308" />
  <testcase classname="ptolemy.util.test.junit.AutoTests" name="[89] /home/travis/build/icyphy/ptII/ptolemy/domains/continuous/test/auto/LorenzDifferentialSystemWithTime.xml (RunModel)" time="0.759" />
  <testcase classname="ptolemy.util.test.junit.AutoTests" name="[90] /home/travis/build/icyphy/ptII/ptolemy/domains/continuous/test/auto/Microsteps.xml (RunModel)" time="0.02" />
  <testcase classname="ptolemy.util.test.junit.AutoTests" name="[91] /home/travis/build/icyphy/ptII/ptolemy/domains/continuous/test/auto/Modal1.xml (RunModel)" time="0.039" />
  <testcase classname="ptolemy.util.test.junit.AutoTests" name="[92] /home/travis/build/icyphy/ptII/ptolemy/domains/continuous/test/auto/Modal2.xml (RunModel)" time="0.045" />
  <testcase classname="ptolemy.util.test.junit.AutoTests" name="[93] /home/travis/build/icyphy/ptII/ptolemy/domains/continuous/test/auto/ModalTransitionGuardWithReset.xml (RunModel)" time="0.04" />
  <testcase classname="ptolemy.util.test.junit.AutoTests" name="[94] /home/travis/build/icyphy/ptII/ptolemy/domains/continuous/test/auto/ModalTransitionGuardWithResetUsingPreemptiveTransition.xml (RunModel)" time="0.035" />
  <testcase classname="ptolemy.util.test.junit.AutoTests" name="[95] /home/travis/build/icyphy/ptII/ptolemy/domains/continuous/test/auto/ModalTransitionGuardWithResetUsingPreemptiveTransition2.xml (RunModel)" time="0.027" />
  <testcase classname="ptolemy.util.test.junit.AutoTests" name="[96] /home/travis/build/icyphy/ptII/ptolemy/domains/continuous/test/auto/ModalTransitionGuardWithResetUsingPreemptiveTransition3.xml (RunModel)" time="0.036" />
  <testcase classname="ptolemy.util.test.junit.AutoTests" name="[97] /home/travis/build/icyphy/ptII/ptolemy/domains/continuous/test/auto/NewtonsCradle.xml (RunModel)" time="0.702" />
  <testcase classname="ptolemy.util.test.junit.AutoTests" name="[98] /home/travis/build/icyphy/ptII/ptolemy/domains/continuous/test/auto/NewtonsCradleAnimated.xml (RunModel)" time="1.078" />
  <testcase classname="ptolemy.util.test.junit.AutoTests" name="[99] /home/travis/build/icyphy/ptII/ptolemy/domains/continuous/test/auto/NewtonsCradleComplicated.xml (RunModel)" time="0.911" />
  <testcase classname="ptolemy.util.test.junit.AutoTests" name="[100] /home/travis/build/icyphy/ptII/ptolemy/domains/continuous/test/auto/NewtonsCradleNondeterministic.xml (RunModel)" time="0.743" />
  <testcase classname="ptolemy.util.test.junit.AutoTests" name="[101] /home/travis/build/icyphy/ptII/ptolemy/domains/continuous/test/auto/NewtonsCradlePerfectlyInelastic1.xml (RunModel)" time="1.108" />
  <testcase classname="ptolemy.util.test.junit.AutoTests" name="[102] /home/travis/build/icyphy/ptII/ptolemy/domains/continuous/test/auto/Noise.xml (RunModel)" time="0.21" />
  <testcase classname="ptolemy.util.test.junit.AutoTests" name="[103] /home/travis/build/icyphy/ptII/ptolemy/domains/continuous/test/auto/NoiseSpectrum.xml (RunModel)" time="0.796" />
  <testcase classname="ptolemy.util.test.junit.AutoTests" name="[104] /home/travis/build/icyphy/ptII/ptolemy/domains/continuous/test/auto/ParameterizedNewtonsCradleAnimated.xml (RunModel)" time="0.349" />
  <testcase classname="ptolemy.util.test.junit.AutoTests" name="[105] /home/travis/build/icyphy/ptII/ptolemy/domains/continuous/test/auto/ParameterizedNewtonsCradleAnimatedNondeterministic.xml (RunModel)" time="1.145" />
  <testcase classname="ptolemy.util.test.junit.AutoTests" name="[106] /home/travis/build/icyphy/ptII/ptolemy/domains/continuous/test/auto/Pendulum3D.xml (RunModel)" time="0.2" />
  <testcase classname="ptolemy.util.test.junit.AutoTests" name="[107] /home/travis/build/icyphy/ptII/ptolemy/domains/continuous/test/auto/PeriodicSampler.xml (RunModel)" time="0.012" />
  <testcase classname="ptolemy.util.test.junit.AutoTests" name="[108] /home/travis/build/icyphy/ptII/ptolemy/domains/continuous/test/auto/PeriodicSampler1.xml (RunModel)" time="0.06" />
  <testcase classname="ptolemy.util.test.junit.AutoTests" name="[109] /home/travis/build/icyphy/ptII/ptolemy/domains/continuous/test/auto/PeriodicSampler2.xml (RunModel)" time="0.091" />
  <testcase classname="ptolemy.util.test.junit.AutoTests" name="[110] /home/travis/build/icyphy/ptII/ptolemy/domains/continuous/test/auto/Poisson.xml (RunModel)" time="0.524" />
  <testcase classname="ptolemy.util.test.junit.AutoTests" name="[111] /home/travis/build/icyphy/ptII/ptolemy/domains/continuous/test/auto/PoissonClock.xml (RunModel)" time="0.015" />
  <testcase classname="ptolemy.util.test.junit.AutoTests" name="[112] /home/travis/build/icyphy/ptII/ptolemy/domains/continuous/test/auto/PoissonClock2.xml (RunModel)" time="0.024" />
  <testcase classname="ptolemy.util.test.junit.AutoTests" name="[113] /home/travis/build/icyphy/ptII/ptolemy/domains/continuous/test/auto/PortParameterHierarchy.xml (RunModel)" time="0.035" />
  <testcase classname="ptolemy.util.test.junit.AutoTests" name="[114] /home/travis/build/icyphy/ptII/ptolemy/domains/continuous/test/auto/RandomHybridPlant.xml (RunModel)" time="0.729" />
  <testcase classname="ptolemy.util.test.junit.AutoTests" name="[115] /home/travis/build/icyphy/ptII/ptolemy/domains/continuous/test/auto/ResetTransitionWithStartTime1.xml (RunModel)" time="0.043" />
  <testcase classname="ptolemy.util.test.junit.AutoTests" name="[116] /home/travis/build/icyphy/ptII/ptolemy/domains/continuous/test/auto/ResetTransitionWithStartTime2.xml (RunModel)" time="0.05" />
  <testcase classname="ptolemy.util.test.junit.AutoTests" name="[117] /home/travis/build/icyphy/ptII/ptolemy/domains/continuous/test/auto/ResetTransitionWithStartTime3.xml (RunModel)" time="0.048" />
  <testcase classname="ptolemy.util.test.junit.AutoTests" name="[118] /home/travis/build/icyphy/ptII/ptolemy/domains/continuous/test/auto/ResetTransitionWithStartTime4.xml (RunModel)" time="0.026" />
  <testcase classname="ptolemy.util.test.junit.AutoTests" name="[119] /home/travis/build/icyphy/ptII/ptolemy/domains/continuous/test/auto/ResetTransitionWithStartTime5.xml (RunModel)" time="0.042" />
  <testcase classname="ptolemy.util.test.junit.AutoTests" name="[120] /home/travis/build/icyphy/ptII/ptolemy/domains/continuous/test/auto/ResetTransitionWithStartTime6.xml (RunModel)" time="0.028" />
  <testcase classname="ptolemy.util.test.junit.AutoTests" name="[121] /home/travis/build/icyphy/ptII/ptolemy/domains/continuous/test/auto/SRinContinuous.xml (RunModel)" time="0.024" />
  <testcase classname="ptolemy.util.test.junit.AutoTests" name="[122] /home/travis/build/icyphy/ptII/ptolemy/domains/continuous/test/auto/SampledClocks.xml (RunModel)" time="0.033" />
  <testcase classname="ptolemy.util.test.junit.AutoTests" name="[123] /home/travis/build/icyphy/ptII/ptolemy/domains/continuous/test/auto/Satellite.xml (RunModel)" time="0.9" />
  <testcase classname="ptolemy.util.test.junit.AutoTests" name="[124] /home/travis/build/icyphy/ptII/ptolemy/domains/continuous/test/auto/SigmaDelta.xml (RunModel)" time="2.299" />
  <testcase classname="ptolemy.util.test.junit.AutoTests" name="[125] /home/travis/build/icyphy/ptII/ptolemy/domains/continuous/test/auto/SinuBouncingBall.xml (RunModel)" time="0.804" />
  <testcase classname="ptolemy.util.test.junit.AutoTests" name="[126] /home/travis/build/icyphy/ptII/ptolemy/domains/continuous/test/auto/Sinusoid.xml (RunModel)" time="0.014" />
  <testcase classname="ptolemy.util.test.junit.AutoTests" name="[127] /home/travis/build/icyphy/ptII/ptolemy/domains/continuous/test/auto/SinusoidInNoise.xml (RunModel)" time="0.926" />
  <testcase classname="ptolemy.util.test.junit.AutoTests" name="[128] /home/travis/build/icyphy/ptII/ptolemy/domains/continuous/test/auto/SinusoidRK45.xml (RunModel)" time="0.012" />
  <testcase classname="ptolemy.util.test.junit.AutoTests" name="[129] /home/travis/build/icyphy/ptII/ptolemy/domains/continuous/test/auto/SinusoidWithMultipleImpulses.xml (RunModel)" time="0.018" />
  <testcase classname="ptolemy.util.test.junit.AutoTests" name="[130] /home/travis/build/icyphy/ptII/ptolemy/domains/continuous/test/auto/SquareWave.xml (RunModel)" time="0.193" />
  <testcase classname="ptolemy.util.test.junit.AutoTests" name="[131] /home/travis/build/icyphy/ptII/ptolemy/domains/continuous/test/auto/Starmac.xml (RunModel)" time="3.472" />
  <testcase classname="ptolemy.util.test.junit.AutoTests" name="[132] /home/travis/build/icyphy/ptII/ptolemy/domains/continuous/test/auto/StaticUnits.xml (RunModel)" time="2.556" />
  <testcase classname="ptolemy.util.test.junit.AutoTests" name="[133] /home/travis/build/icyphy/ptII/ptolemy/domains/continuous/test/auto/StickyMasses.xml (RunModel)" time="0.182" />
  <testcase classname="ptolemy.util.test.junit.AutoTests" name="[134] /home/travis/build/icyphy/ptII/ptolemy/domains/continuous/test/auto/StopTime.xml (RunModel)" time="0.071" />
  <testcase classname="ptolemy.util.test.junit.AutoTests" name="[135] /home/travis/build/icyphy/ptII/ptolemy/domains/continuous/test/auto/StopTime2.xml (RunModel)" time="0.069" />
  <testcase classname="ptolemy.util.test.junit.AutoTests" name="[136] /home/travis/build/icyphy/ptII/ptolemy/domains/continuous/test/auto/Switch.xml (RunModel)" time="0.087" />
  <testcase classname="ptolemy.util.test.junit.AutoTests" name="[137] /home/travis/build/icyphy/ptII/ptolemy/domains/continuous/test/auto/Thermostat.xml (RunModel)" time="0.226" />
  <testcase classname="ptolemy.util.test.junit.AutoTests" name="[138] /home/travis/build/icyphy/ptII/ptolemy/domains/continuous/test/auto/TimeDelay.xml (RunModel)" time="0.017" />
  <testcase classname="ptolemy.util.test.junit.AutoTests" name="[139] /home/travis/build/icyphy/ptII/ptolemy/domains/continuous/test/auto/TimeDelay2.xml (RunModel)" time="0.028" />
  <testcase classname="ptolemy.util.test.junit.AutoTests" name="[140] /home/travis/build/icyphy/ptII/ptolemy/domains/continuous/test/auto/TimeDelay3.xml (RunModel)" time="0.02" />
  <testcase classname="ptolemy.util.test.junit.AutoTests" name="[141] /home/travis/build/icyphy/ptII/ptolemy/domains/continuous/test/auto/TransferAbsentToInside.xml (RunModel)" time="0.129" />
  <testcase classname="ptolemy.util.test.junit.AutoTests" name="[142] /home/travis/build/icyphy/ptII/ptolemy/domains/continuous/test/auto/Transmission.xml (RunModel)" time="0.885" />
  <testcase classname="ptolemy.util.test.junit.AutoTests" name="[143] /home/travis/build/icyphy/ptII/ptolemy/domains/continuous/test/auto/TriggeredContinuousClock.xml (RunModel)" time="0.084" />
  <testcase classname="ptolemy.util.test.junit.AutoTests" name="[144] /home/travis/build/icyphy/ptII/ptolemy/domains/continuous/test/auto/TwoMachineInfiniteBusControl.xml (RunModel)" time="2.797" />
  <testcase classname="ptolemy.util.test.junit.AutoTests" name="[145] /home/travis/build/icyphy/ptII/ptolemy/domains/continuous/test/auto/V2V.xml (RunModel)" time="0.793" />
  <testcase classname="ptolemy.util.test.junit.AutoTests" name="[146] /home/travis/build/icyphy/ptII/ptolemy/domains/continuous/test/auto/hierarchicalModalModel.xml (RunModel)" time="0.036" />
  <testcase classname="ptolemy.util.test.junit.AutoTests" name="[147] /home/travis/build/icyphy/ptII/ptolemy/domains/continuous/test/auto/hierarchicalModalModel1.xml (RunModel)" time="0.043" />
  <testcase classname="ptolemy.util.test.junit.AutoTests" name="[148] /home/travis/build/icyphy/ptII/ptolemy/domains/continuous/test/auto/hierarchicalModalModel2.xml (RunModel)" time="0.037" />
  <testcase classname="ptolemy.util.test.junit.AutoTests" name="[149] /home/travis/build/icyphy/ptII/ptolemy/domains/continuous/test/auto/hierarchicalModalModel3.xml (RunModel)" time="0.026" />
  <testcase classname="ptolemy.util.test.junit.AutoTests" name="[150] /home/travis/build/icyphy/ptII/ptolemy/domains/continuous/test/auto/hierarchicalModalModel4.xml (RunModel)" time="0.03" />
  <testcase classname="ptolemy.util.test.junit.AutoTests" name="[151] /home/travis/build/icyphy/ptII/ptolemy/domains/continuous/test/auto/junk.xml (RunModel)" time="0.173" />
  <system-out><![CDATA[No tcl tests in /home/travis/build/icyphy/ptII/ptolemy/domains/continuous/test
No auto/knownFailedTests/*.xml tests in /home/travis/build/icyphy/ptII/ptolemy/domains/continuous/test
No auto/linux-amd64/*.xml tests in /home/travis/build/icyphy/ptII/ptolemy/domains/continuous/test
AutoTests.java: About to close Vertx.
AutoTests.java: Vertx closed.

===========================================================================================
----------------- testing Sat Jul 14 01:38:09 UTC 2018 /home/travis/build/icyphy/ptII/ptolemy/domains/continuous/test/auto/BouncingBall.xml
----------------- Instantiating /home/travis/build/icyphy/ptII/ptolemy/domains/continuous/test/auto/BouncingBall.xml
2605 ms. Memory: 331776K Free: 322405K (97%)
----------------- Invoking toplevel() on ptolemy.moml.MoMLSimpleApplication@25b5117f
----------------- Done invoking toplevel() on ptolemy.moml.MoMLSimpleApplication@25b5117f
reloadAllAccessors: .BouncingBall

===========================================================================================
----------------- testing Sat Jul 14 01:38:12 UTC 2018 /home/travis/build/icyphy/ptII/ptolemy/domains/continuous/test/auto/BouncingBallWithoutGR.xml
----------------- Instantiating /home/travis/build/icyphy/ptII/ptolemy/domains/continuous/test/auto/BouncingBallWithoutGR.xml
882 ms. Memory: 331776K Free: 137397K (41%)
----------------- Invoking toplevel() on ptolemy.moml.MoMLSimpleApplication@3528f3ad
----------------- Done invoking toplevel() on ptolemy.moml.MoMLSimpleApplication@3528f3ad
reloadAllAccessors: .BouncingBallWithoutGR

===========================================================================================
----------------- testing Sat Jul 14 01:38:13 UTC 2018 /home/travis/build/icyphy/ptII/ptolemy/domains/continuous/test/auto/Brownian.xml
----------------- Instantiating /home/travis/build/icyphy/ptII/ptolemy/domains/continuous/test/auto/Brownian.xml
50 ms. Memory: 331776K Free: 125134K (38%)
----------------- Invoking toplevel() on ptolemy.moml.MoMLSimpleApplication@1084c3ed
----------------- Done invoking toplevel() on ptolemy.moml.MoMLSimpleApplication@1084c3ed
reloadAllAccessors: .Brownian

===========================================================================================
----------------- testing Sat Jul 14 01:38:13 UTC 2018 /home/travis/build/icyphy/ptII/ptolemy/domains/continuous/test/auto/CarTracking.xml
----------------- Instantiating /home/travis/build/icyphy/ptII/ptolemy/domains/continuous/test/auto/CarTracking.xml
3447 ms. Memory: 479744K Free: 332948K (69%)
----------------- Invoking toplevel() on ptolemy.moml.MoMLSimpleApplication@56b4154a
----------------- Done invoking toplevel() on ptolemy.moml.MoMLSimpleApplication@56b4154a
reloadAllAccessors: .CarTracking

===========================================================================================
----------------- testing Sat Jul 14 01:38:17 UTC 2018 /home/travis/build/icyphy/ptII/ptolemy/domains/continuous/test/auto/CartPendulum.xml
----------------- Instantiating /home/travis/build/icyphy/ptII/ptolemy/domains/continuous/test/auto/CartPendulum.xml
393 ms. Memory: 479744K Free: 230077K (48%)
----------------- Invoking toplevel() on ptolemy.moml.MoMLSimpleApplication@5a680bed
----------------- Done invoking toplevel() on ptolemy.moml.MoMLSimpleApplication@5a680bed
reloadAllAccessors: .CartPendulum

===========================================================================================
----------------- testing Sat Jul 14 01:38:18 UTC 2018 /home/travis/build/icyphy/ptII/ptolemy/domains/continuous/test/auto/CausalityInterface10.xml
----------------- Instantiating /home/travis/build/icyphy/ptII/ptolemy/domains/continuous/test/auto/CausalityInterface10.xml
8 ms. Memory: 479744K Free: 216987K (45%)
----------------- Invoking toplevel() on ptolemy.moml.MoMLSimpleApplication@35c6b96d
----------------- Done invoking toplevel() on ptolemy.moml.MoMLSimpleApplication@35c6b96d
reloadAllAccessors: .CausalityInterface10

===========================================================================================
----------------- testing Sat Jul 14 01:38:18 UTC 2018 /home/travis/build/icyphy/ptII/ptolemy/domains/continuous/test/auto/CausalityInterface11.xml
----------------- Instantiating /home/travis/build/icyphy/ptII/ptolemy/domains/continuous/test/auto/CausalityInterface11.xml
8 ms. Memory: 479744K Free: 209124K (44%)
----------------- Invoking toplevel() on ptolemy.moml.MoMLSimpleApplication@46caf327
----------------- Done invoking toplevel() on ptolemy.moml.MoMLSimpleApplication@46caf327
reloadAllAccessors: .CausalityInterface11

===========================================================================================
----------------- testing Sat Jul 14 01:38:18 UTC 2018 /home/travis/build/icyphy/ptII/ptolemy/domains/continuous/test/auto/CausalityInterface12.xml
----------------- Instantiating /home/travis/build/icyphy/ptII/ptolemy/domains/continuous/test/auto/CausalityInterface12.xml
7 ms. Memory: 479744K Free: 198604K (41%)
----------------- Invoking toplevel() on ptolemy.moml.MoMLSimpleApplication@4711b9a9
----------------- Done invoking toplevel() on ptolemy.moml.MoMLSimpleApplication@4711b9a9
reloadAllAccessors: .CausalityInterface12

===========================================================================================
----------------- testing Sat Jul 14 01:38:18 UTC 2018 /home/travis/build/icyphy/ptII/ptolemy/domains/continuous/test/auto/CausalityInterface13.xml
----------------- Instantiating /home/travis/build/icyphy/ptII/ptolemy/domains/continuous/test/auto/CausalityInterface13.xml
7 ms. Memory: 479744K Free: 188116K (39%)
----------------- Invoking toplevel() on ptolemy.moml.MoMLSimpleApplication@2bdaa35e
----------------- Done invoking toplevel() on ptolemy.moml.MoMLSimpleApplication@2bdaa35e
reloadAllAccessors: .CausalityInterface13

===========================================================================================
----------------- testing Sat Jul 14 01:38:18 UTC 2018 /home/travis/build/icyphy/ptII/ptolemy/domains/continuous/test/auto/CausalityInterface14.xml
----------------- Instantiating /home/travis/build/icyphy/ptII/ptolemy/domains/continuous/test/auto/CausalityInterface14.xml
3 ms. Memory: 479744K Free: 176371K (37%)
----------------- Invoking toplevel() on ptolemy.moml.MoMLSimpleApplication@62eac45c
----------------- Done invoking toplevel() on ptolemy.moml.MoMLSimpleApplication@62eac45c
reloadAllAccessors: .CausalityInterface14

===========================================================================================
----------------- testing Sat Jul 14 01:38:18 UTC 2018 /home/travis/build/icyphy/ptII/ptolemy/domains/continuous/test/auto/CausalityInterface4.xml
----------------- Instantiating /home/travis/build/icyphy/ptII/ptolemy/domains/continuous/test/auto/CausalityInterface4.xml
5 ms. Memory: 479744K Free: 165890K (35%)
----------------- Invoking toplevel() on ptolemy.moml.MoMLSimpleApplication@3928452c
----------------- Done invoking toplevel() on ptolemy.moml.MoMLSimpleApplication@3928452c
reloadAllAccessors: .CausalityInterface4

===========================================================================================
----------------- testing Sat Jul 14 01:38:18 UTC 2018 /home/travis/build/icyphy/ptII/ptolemy/domains/continuous/test/auto/CausalityInterface5.xml
----------------- Instantiating /home/travis/build/icyphy/ptII/ptolemy/domains/continuous/test/auto/CausalityInterface5.xml
18 ms. Memory: 479744K Free: 155402K (32%)
----------------- Invoking toplevel() on ptolemy.moml.MoMLSimpleApplication@3dcb68a5
----------------- Done invoking toplevel() on ptolemy.moml.MoMLSimpleApplication@3dcb68a5
reloadAllAccessors: .CausalityInterface5

===========================================================================================
----------------- testing Sat Jul 14 01:38:18 UTC 2018 /home/travis/build/icyphy/ptII/ptolemy/domains/continuous/test/auto/CausalityInterface6.xml
----------------- Instantiating /home/travis/build/icyphy/ptII/ptolemy/domains/continuous/test/auto/CausalityInterface6.xml
9 ms. Memory: 479744K Free: 143621K (30%)
----------------- Invoking toplevel() on ptolemy.moml.MoMLSimpleApplication@453a3159
----------------- Done invoking toplevel() on ptolemy.moml.MoMLSimpleApplication@453a3159
reloadAllAccessors: .CausalityInterface6

===========================================================================================
----------------- testing Sat Jul 14 01:38:18 UTC 2018 /home/travis/build/icyphy/ptII/ptolemy/domains/continuous/test/auto/CausalityInterface7.xml
----------------- Instantiating /home/travis/build/icyphy/ptII/ptolemy/domains/continuous/test/auto/CausalityInterface7.xml
12 ms. Memory: 479744K Free: 133149K (28%)
----------------- Invoking toplevel() on ptolemy.moml.MoMLSimpleApplication@5f330388
----------------- Done invoking toplevel() on ptolemy.moml.MoMLSimpleApplication@5f330388
reloadAllAccessors: .CausalityInterface7

===========================================================================================
----------------- testing Sat Jul 14 01:38:18 UTC 2018 /home/travis/build/icyphy/ptII/ptolemy/domains/continuous/test/auto/CausalityInterface8.xml
----------------- Instantiating /home/travis/build/icyphy/ptII/ptolemy/domains/continuous/test/auto/CausalityInterface8.xml
7 ms. Memory: 479744K Free: 116151K (24%)
----------------- Invoking toplevel() on ptolemy.moml.MoMLSimpleApplication@89ab586
----------------- Done invoking toplevel() on ptolemy.moml.MoMLSimpleApplication@89ab586
reloadAllAccessors: .CausalityInterface8

===========================================================================================
----------------- testing Sat Jul 14 01:38:18 UTC 2018 /home/travis/build/icyphy/ptII/ptolemy/domains/continuous/test/auto/CausalityInterface9.xml
----------------- Instantiating /home/travis/build/icyphy/ptII/ptolemy/domains/continuous/test/auto/CausalityInterface9.xml
10 ms. Memory: 479744K Free: 103013K (21%)
----------------- Invoking toplevel() on ptolemy.moml.MoMLSimpleApplication@443e8a4c
----------------- Done invoking toplevel() on ptolemy.moml.MoMLSimpleApplication@443e8a4c
reloadAllAccessors: .CausalityInterface9

===========================================================================================
----------------- testing Sat Jul 14 01:38:18 UTC 2018 /home/travis/build/icyphy/ptII/ptolemy/domains/continuous/test/auto/CausalityInterfaceFeedback1.xml
----------------- Instantiating /home/travis/build/icyphy/ptII/ptolemy/domains/continuous/test/auto/CausalityInterfaceFeedback1.xml
3 ms. Memory: 479744K Free: 92517K (19%)
----------------- Invoking toplevel() on ptolemy.moml.MoMLSimpleApplication@8766e77
----------------- Done invoking toplevel() on ptolemy.moml.MoMLSimpleApplication@8766e77
reloadAllAccessors: .CausalityInterfaceFeedback1

===========================================================================================
----------------- testing Sat Jul 14 01:38:18 UTC 2018 /home/travis/build/icyphy/ptII/ptolemy/domains/continuous/test/auto/CausalityInterfaceFeedback2.xml
----------------- Instantiating /home/travis/build/icyphy/ptII/ptolemy/domains/continuous/test/auto/CausalityInterfaceFeedback2.xml
3 ms. Memory: 479744K Free: 81996K (17%)
----------------- Invoking toplevel() on ptolemy.moml.MoMLSimpleApplication@b3af9f0
----------------- Done invoking toplevel() on ptolemy.moml.MoMLSimpleApplication@b3af9f0
reloadAllAccessors: .CausalityInterfaceFeedback2

===========================================================================================
----------------- testing Sat Jul 14 01:38:18 UTC 2018 /home/travis/build/icyphy/ptII/ptolemy/domains/continuous/test/auto/CompareWithCurrentTime.xml
----------------- Instantiating /home/travis/build/icyphy/ptII/ptolemy/domains/continuous/test/auto/CompareWithCurrentTime.xml
9 ms. Memory: 456192K Free: 444920K (98%)
----------------- Invoking toplevel() on ptolemy.moml.MoMLSimpleApplication@62dd1c3f
----------------- Done invoking toplevel() on ptolemy.moml.MoMLSimpleApplication@62dd1c3f
reloadAllAccessors: .CompareWithCurrentTime

===========================================================================================
----------------- testing Sat Jul 14 01:38:18 UTC 2018 /home/travis/build/icyphy/ptII/ptolemy/domains/continuous/test/auto/ComparedClocks.xml
----------------- Instantiating /home/travis/build/icyphy/ptII/ptolemy/domains/continuous/test/auto/ComparedClocks.xml
12 ms. Memory: 456192K Free: 422428K (93%)
----------------- Invoking toplevel() on ptolemy.moml.MoMLSimpleApplication@7466f91c
----------------- Done invoking toplevel() on ptolemy.moml.MoMLSimpleApplication@7466f91c
reloadAllAccessors: .ComparedClocks

===========================================================================================
----------------- testing Sat Jul 14 01:38:18 UTC 2018 /home/travis/build/icyphy/ptII/ptolemy/domains/continuous/test/auto/ContinuousAOCClone.xml
----------------- Instantiating /home/travis/build/icyphy/ptII/ptolemy/domains/continuous/test/auto/ContinuousAOCClone.xml
2549 ms. Memory: 444416K Free: 255138K (57%)
----------------- Invoking toplevel() on ptolemy.moml.MoMLSimpleApplication@20a0a73d
----------------- Done invoking toplevel() on ptolemy.moml.MoMLSimpleApplication@20a0a73d
reloadAllAccessors: .ContinuousAOCClone

===========================================================================================
----------------- testing Sat Jul 14 01:38:21 UTC 2018 /home/travis/build/icyphy/ptII/ptolemy/domains/continuous/test/auto/ContinuousClock.xml
----------------- Instantiating /home/travis/build/icyphy/ptII/ptolemy/domains/continuous/test/auto/ContinuousClock.xml
34 ms. Memory: 444416K Free: 227803K (51%)
----------------- Invoking toplevel() on ptolemy.moml.MoMLSimpleApplication@2e695513
----------------- Done invoking toplevel() on ptolemy.moml.MoMLSimpleApplication@2e695513
reloadAllAccessors: .ContinuousClock

===========================================================================================
----------------- testing Sat Jul 14 01:38:21 UTC 2018 /home/travis/build/icyphy/ptII/ptolemy/domains/continuous/test/auto/ContinuousInContinuous.xml
----------------- Instantiating /home/travis/build/icyphy/ptII/ptolemy/domains/continuous/test/auto/ContinuousInContinuous.xml
50 ms. Memory: 444416K Free: 199935K (45%)
----------------- Invoking toplevel() on ptolemy.moml.MoMLSimpleApplication@218e4508
----------------- Done invoking toplevel() on ptolemy.moml.MoMLSimpleApplication@218e4508
reloadAllAccessors: .ContinuousInContinuous

===========================================================================================
----------------- testing Sat Jul 14 01:38:21 UTC 2018 /home/travis/build/icyphy/ptII/ptolemy/domains/continuous/test/auto/ContinuousInContinuousInContinuous.xml
----------------- Instantiating /home/travis/build/icyphy/ptII/ptolemy/domains/continuous/test/auto/ContinuousInContinuousInContinuous.xml
8 ms. Memory: 444416K Free: 190391K (43%)
----------------- Invoking toplevel() on ptolemy.moml.MoMLSimpleApplication@749661e1
----------------- Done invoking toplevel() on ptolemy.moml.MoMLSimpleApplication@749661e1
reloadAllAccessors: .ContinuousInContinuousInContinuous

===========================================================================================
----------------- testing Sat Jul 14 01:38:21 UTC 2018 /home/travis/build/icyphy/ptII/ptolemy/domains/continuous/test/auto/ContinuousInDE.xml
----------------- Instantiating /home/travis/build/icyphy/ptII/ptolemy/domains/continuous/test/auto/ContinuousInDE.xml
121 ms. Memory: 444416K Free: 174510K (39%)
----------------- Invoking toplevel() on ptolemy.moml.MoMLSimpleApplication@7bb67c5d
----------------- Done invoking toplevel() on ptolemy.moml.MoMLSimpleApplication@7bb67c5d
reloadAllAccessors: .ContinuousInDE

===========================================================================================
----------------- testing Sat Jul 14 01:38:22 UTC 2018 /home/travis/build/icyphy/ptII/ptolemy/domains/continuous/test/auto/ContinuousInDE2.xml
----------------- Instantiating /home/travis/build/icyphy/ptII/ptolemy/domains/continuous/test/auto/ContinuousInDE2.xml
47 ms. Memory: 444416K Free: 162572K (37%)
----------------- Invoking toplevel() on ptolemy.moml.MoMLSimpleApplication@6adf2fb8
----------------- Done invoking toplevel() on ptolemy.moml.MoMLSimpleApplication@6adf2fb8
reloadAllAccessors: .ContinuousInDE2

===========================================================================================
----------------- testing Sat Jul 14 01:38:22 UTC 2018 /home/travis/build/icyphy/ptII/ptolemy/domains/continuous/test/auto/ContinuousInDE3.xml
----------------- Instantiating /home/travis/build/icyphy/ptII/ptolemy/domains/continuous/test/auto/ContinuousInDE3.xml
47 ms. Memory: 444416K Free: 149076K (34%)
----------------- Invoking toplevel() on ptolemy.moml.MoMLSimpleApplication@5a45b910
----------------- Done invoking toplevel() on ptolemy.moml.MoMLSimpleApplication@5a45b910
reloadAllAccessors: .ContinuousInDE3

===========================================================================================
----------------- testing Sat Jul 14 01:38:22 UTC 2018 /home/travis/build/icyphy/ptII/ptolemy/domains/continuous/test/auto/ContinuousInDE4.xml
----------------- Instantiating /home/travis/build/icyphy/ptII/ptolemy/domains/continuous/test/auto/ContinuousInDE4.xml
17 ms. Memory: 444416K Free: 141903K (32%)
----------------- Invoking toplevel() on ptolemy.moml.MoMLSimpleApplication@3c77cde3
----------------- Done invoking toplevel() on ptolemy.moml.MoMLSimpleApplication@3c77cde3
reloadAllAccessors: .ContinuousInDE4

===========================================================================================
----------------- testing Sat Jul 14 01:38:22 UTC 2018 /home/travis/build/icyphy/ptII/ptolemy/domains/continuous/test/auto/ContinuousInDEDifferentRefinements.xml
----------------- Instantiating /home/travis/build/icyphy/ptII/ptolemy/domains/continuous/test/auto/ContinuousInDEDifferentRefinements.xml
65 ms. Memory: 444416K Free: 104427K (23%)
----------------- Invoking toplevel() on ptolemy.moml.MoMLSimpleApplication@4e2be688
----------------- Done invoking toplevel() on ptolemy.moml.MoMLSimpleApplication@4e2be688
reloadAllAccessors: .ContinuousInDEDifferentRefinements

===========================================================================================
----------------- testing Sat Jul 14 01:38:22 UTC 2018 /home/travis/build/icyphy/ptII/ptolemy/domains/continuous/test/auto/ContinuousInDEDifferentRefinementsPreemptive.xml
----------------- Instantiating /home/travis/build/icyphy/ptII/ptolemy/domains/continuous/test/auto/ContinuousInDEDifferentRefinementsPreemptive.xml
70 ms. Memory: 423424K Free: 406469K (96%)
----------------- Invoking toplevel() on ptolemy.moml.MoMLSimpleApplication@65db4336
----------------- Done invoking toplevel() on ptolemy.moml.MoMLSimpleApplication@65db4336
reloadAllAccessors: .ContinuousInDEDifferentRefinementsPreemptive

===========================================================================================
----------------- testing Sat Jul 14 01:38:22 UTC 2018 /home/travis/build/icyphy/ptII/ptolemy/domains/continuous/test/auto/ContinuousInDEInContinuous2.xml
----------------- Instantiating /home/travis/build/icyphy/ptII/ptolemy/domains/continuous/test/auto/ContinuousInDEInContinuous2.xml
48 ms. Memory: 423424K Free: 390489K (92%)
----------------- Invoking toplevel() on ptolemy.moml.MoMLSimpleApplication@c5988fe
----------------- Done invoking toplevel() on ptolemy.moml.MoMLSimpleApplication@c5988fe
reloadAllAccessors: .ContinuousInDEInContinuous2

===========================================================================================
----------------- testing Sat Jul 14 01:38:22 UTC 2018 /home/travis/build/icyphy/ptII/ptolemy/domains/continuous/test/auto/ContinuousInDEInContinuous3.xml
----------------- Instantiating /home/travis/build/icyphy/ptII/ptolemy/domains/continuous/test/auto/ContinuousInDEInContinuous3.xml
44 ms. Memory: 423424K Free: 374063K (88%)
----------------- Invoking toplevel() on ptolemy.moml.MoMLSimpleApplication@6ca5b283
----------------- Done invoking toplevel() on ptolemy.moml.MoMLSimpleApplication@6ca5b283
reloadAllAccessors: .ContinuousInDEInContinuous3

===========================================================================================
----------------- testing Sat Jul 14 01:38:22 UTC 2018 /home/travis/build/icyphy/ptII/ptolemy/domains/continuous/test/auto/ContinuousInDEInput.xml
----------------- Instantiating /home/travis/build/icyphy/ptII/ptolemy/domains/continuous/test/auto/ContinuousInDEInput.xml
35 ms. Memory: 423424K Free: 364497K (86%)
----------------- Invoking toplevel() on ptolemy.moml.MoMLSimpleApplication@1007b579
----------------- Done invoking toplevel() on ptolemy.moml.MoMLSimpleApplication@1007b579
reloadAllAccessors: .ContinuousInDEInput

===========================================================================================
----------------- testing Sat Jul 14 01:38:22 UTC 2018 /home/travis/build/icyphy/ptII/ptolemy/domains/continuous/test/auto/ContinuousInDEInput2.xml
----------------- Instantiating /home/travis/build/icyphy/ptII/ptolemy/domains/continuous/test/auto/ContinuousInDEInput2.xml
16 ms. Memory: 423424K Free: 354921K (84%)
----------------- Invoking toplevel() on ptolemy.moml.MoMLSimpleApplication@503f9483
----------------- Done invoking toplevel() on ptolemy.moml.MoMLSimpleApplication@503f9483
reloadAllAccessors: .ContinuousInDEInput2

===========================================================================================
----------------- testing Sat Jul 14 01:38:22 UTC 2018 /home/travis/build/icyphy/ptII/ptolemy/domains/continuous/test/auto/ContinuousInDEInput3.xml
----------------- Instantiating /home/travis/build/icyphy/ptII/ptolemy/domains/continuous/test/auto/ContinuousInDEInput3.xml
16 ms. Memory: 423424K Free: 346375K (82%)
----------------- Invoking toplevel() on ptolemy.moml.MoMLSimpleApplication@2bf2c4
----------------- Done invoking toplevel() on ptolemy.moml.MoMLSimpleApplication@2bf2c4
reloadAllAccessors: .ContinuousInDEInput3

===========================================================================================
----------------- testing Sat Jul 14 01:38:22 UTC 2018 /home/travis/build/icyphy/ptII/ptolemy/domains/continuous/test/auto/ContinuousInDESharingRefinement.xml
----------------- Instantiating /home/travis/build/icyphy/ptII/ptolemy/domains/continuous/test/auto/ContinuousInDESharingRefinement.xml
181 ms. Memory: 423424K Free: 247510K (58%)
----------------- Invoking toplevel() on ptolemy.moml.MoMLSimpleApplication@3c551cef
----------------- Done invoking toplevel() on ptolemy.moml.MoMLSimpleApplication@3c551cef
reloadAllAccessors: .ContinuousInDESharingRefinement

===========================================================================================
----------------- testing Sat Jul 14 01:38:23 UTC 2018 /home/travis/build/icyphy/ptII/ptolemy/domains/continuous/test/auto/ContinuousInDEwithNoPorts.xml
----------------- Instantiating /home/travis/build/icyphy/ptII/ptolemy/domains/continuous/test/auto/ContinuousInDEwithNoPorts.xml
6 ms. Memory: 423424K Free: 241358K (57%)
----------------- Invoking toplevel() on ptolemy.moml.MoMLSimpleApplication@1b7e4ca0
----------------- Done invoking toplevel() on ptolemy.moml.MoMLSimpleApplication@1b7e4ca0
reloadAllAccessors: .ContinuousInDEwithNoPorts

===========================================================================================
----------------- testing Sat Jul 14 01:38:23 UTC 2018 /home/travis/build/icyphy/ptII/ptolemy/domains/continuous/test/auto/ContinuousInsideDE.xml
----------------- Instantiating /home/travis/build/icyphy/ptII/ptolemy/domains/continuous/test/auto/ContinuousInsideDE.xml
61 ms. Memory: 423424K Free: 226652K (54%)
----------------- Invoking toplevel() on ptolemy.moml.MoMLSimpleApplication@147e5cd
----------------- Done invoking toplevel() on ptolemy.moml.MoMLSimpleApplication@147e5cd
reloadAllAccessors: .ContinuousInsideDE

===========================================================================================
----------------- testing Sat Jul 14 01:38:23 UTC 2018 /home/travis/build/icyphy/ptII/ptolemy/domains/continuous/test/auto/ContinuousMerge1.xml
----------------- Instantiating /home/travis/build/icyphy/ptII/ptolemy/domains/continuous/test/auto/ContinuousMerge1.xml
3 ms. Memory: 423424K Free: 220501K (52%)
----------------- Invoking toplevel() on ptolemy.moml.MoMLSimpleApplication@2cc70077
----------------- Done invoking toplevel() on ptolemy.moml.MoMLSimpleApplication@2cc70077
reloadAllAccessors: .ContinuousMerge1

===========================================================================================
----------------- testing Sat Jul 14 01:38:23 UTC 2018 /home/travis/build/icyphy/ptII/ptolemy/domains/continuous/test/auto/ContinuousMerge2.xml
----------------- Instantiating /home/travis/build/icyphy/ptII/ptolemy/domains/continuous/test/auto/ContinuousMerge2.xml
14 ms. Memory: 423424K Free: 206784K (49%)
----------------- Invoking toplevel() on ptolemy.moml.MoMLSimpleApplication@62e55716
----------------- Done invoking toplevel() on ptolemy.moml.MoMLSimpleApplication@62e55716
reloadAllAccessors: .ContinuousMerge2

===========================================================================================
----------------- testing Sat Jul 14 01:38:23 UTC 2018 /home/travis/build/icyphy/ptII/ptolemy/domains/continuous/test/auto/ContinuousMerge3.xml
----------------- Instantiating /home/travis/build/icyphy/ptII/ptolemy/domains/continuous/test/auto/ContinuousMerge3.xml
62 ms. Memory: 423424K Free: 193786K (46%)
----------------- Invoking toplevel() on ptolemy.moml.MoMLSimpleApplication@7659cee1
----------------- Done invoking toplevel() on ptolemy.moml.MoMLSimpleApplication@7659cee1
reloadAllAccessors: .ContinuousMerge3

===========================================================================================
----------------- testing Sat Jul 14 01:38:23 UTC 2018 /home/travis/build/icyphy/ptII/ptolemy/domains/continuous/test/auto/ContinuousWithinContinuous.xml
----------------- Instantiating /home/travis/build/icyphy/ptII/ptolemy/domains/continuous/test/auto/ContinuousWithinContinuous.xml
49 ms. Memory: 423424K Free: 182480K (43%)
----------------- Invoking toplevel() on ptolemy.moml.MoMLSimpleApplication@502349d1
----------------- Done invoking toplevel() on ptolemy.moml.MoMLSimpleApplication@502349d1
reloadAllAccessors: .ContinuousWithinContinuous

===========================================================================================
----------------- testing Sat Jul 14 01:38:23 UTC 2018 /home/travis/build/icyphy/ptII/ptolemy/domains/continuous/test/auto/ContinuousWithinContinuous2.xml
----------------- Instantiating /home/travis/build/icyphy/ptII/ptolemy/domains/continuous/test/auto/ContinuousWithinContinuous2.xml
90 ms. Memory: 423424K Free: 167798K (40%)
----------------- Invoking toplevel() on ptolemy.moml.MoMLSimpleApplication@46807d58
----------------- Done invoking toplevel() on ptolemy.moml.MoMLSimpleApplication@46807d58
reloadAllAccessors: .ContinuousWithinContinuous2

===========================================================================================
----------------- testing Sat Jul 14 01:38:23 UTC 2018 /home/travis/build/icyphy/ptII/ptolemy/domains/continuous/test/auto/ContinuousWithinContinuous3.xml
----------------- Instantiating /home/travis/build/icyphy/ptII/ptolemy/domains/continuous/test/auto/ContinuousWithinContinuous3.xml
19 ms. Memory: 423424K Free: 158199K (37%)
----------------- Invoking toplevel() on ptolemy.moml.MoMLSimpleApplication@5d9ef1f2
----------------- Done invoking toplevel() on ptolemy.moml.MoMLSimpleApplication@5d9ef1f2
reloadAllAccessors: .ContinuousWithinContinuous3

===========================================================================================
----------------- testing Sat Jul 14 01:38:23 UTC 2018 /home/travis/build/icyphy/ptII/ptolemy/domains/continuous/test/auto/ContinuousWithinContinuous4.xml
----------------- Instantiating /home/travis/build/icyphy/ptII/ptolemy/domains/continuous/test/auto/ContinuousWithinContinuous4.xml
89 ms. Memory: 423424K Free: 142832K (34%)
----------------- Invoking toplevel() on ptolemy.moml.MoMLSimpleApplication@3ae84975
----------------- Done invoking toplevel() on ptolemy.moml.MoMLSimpleApplication@3ae84975
reloadAllAccessors: .ContinuousWithinContinuous4

===========================================================================================
----------------- testing Sat Jul 14 01:38:23 UTC 2018 /home/travis/build/icyphy/ptII/ptolemy/domains/continuous/test/auto/ContinuousWithinContinuous5.xml
----------------- Instantiating /home/travis/build/icyphy/ptII/ptolemy/domains/continuous/test/auto/ContinuousWithinContinuous5.xml
15 ms. Memory: 423424K Free: 131541K (31%)
----------------- Invoking toplevel() on ptolemy.moml.MoMLSimpleApplication@2b5ee887
----------------- Done invoking toplevel() on ptolemy.moml.MoMLSimpleApplication@2b5ee887
reloadAllAccessors: .ContinuousWithinContinuous5

===========================================================================================
----------------- testing Sat Jul 14 01:38:23 UTC 2018 /home/travis/build/icyphy/ptII/ptolemy/domains/continuous/test/auto/ContinuousWithinContinuous6.xml
----------------- Instantiating /home/travis/build/icyphy/ptII/ptolemy/domains/continuous/test/auto/ContinuousWithinContinuous6.xml
16 ms. Memory: 423424K Free: 121975K (29%)
----------------- Invoking toplevel() on ptolemy.moml.MoMLSimpleApplication@3c555120
----------------- Done invoking toplevel() on ptolemy.moml.MoMLSimpleApplication@3c555120
reloadAllAccessors: .ContinuousWithinContinuous6

===========================================================================================
----------------- testing Sat Jul 14 01:38:23 UTC 2018 /home/travis/build/icyphy/ptII/ptolemy/domains/continuous/test/auto/ContinuousWithinContinuous7.xml
----------------- Instantiating /home/travis/build/icyphy/ptII/ptolemy/domains/continuous/test/auto/ContinuousWithinContinuous7.xml
71 ms. Memory: 423424K Free: 107285K (25%)
----------------- Invoking toplevel() on ptolemy.moml.MoMLSimpleApplication@303dc02a
----------------- Done invoking toplevel() on ptolemy.moml.MoMLSimpleApplication@303dc02a
reloadAllAccessors: .ContinuousWithinContinuous7

===========================================================================================
----------------- testing Sat Jul 14 01:38:23 UTC 2018 /home/travis/build/icyphy/ptII/ptolemy/domains/continuous/test/auto/DCMotor.xml
----------------- Instantiating /home/travis/build/icyphy/ptII/ptolemy/domains/continuous/test/auto/DCMotor.xml
15398 ms. Memory: 277504K Free: 91853K (33%)
----------------- Invoking toplevel() on ptolemy.moml.MoMLSimpleApplication@5f753920
----------------- Done invoking toplevel() on ptolemy.moml.MoMLSimpleApplication@5f753920
reloadAllAccessors: .DCMotor

===========================================================================================
----------------- testing Sat Jul 14 01:38:39 UTC 2018 /home/travis/build/icyphy/ptII/ptolemy/domains/continuous/test/auto/DEInContinuous.xml
----------------- Instantiating /home/travis/build/icyphy/ptII/ptolemy/domains/continuous/test/auto/DEInContinuous.xml
18 ms. Memory: 277504K Free: 78831K (28%)
----------------- Invoking toplevel() on ptolemy.moml.MoMLSimpleApplication@4605d50d
----------------- Done invoking toplevel() on ptolemy.moml.MoMLSimpleApplication@4605d50d
reloadAllAccessors: .DEInContinuous

===========================================================================================
----------------- testing Sat Jul 14 01:38:39 UTC 2018 /home/travis/build/icyphy/ptII/ptolemy/domains/continuous/test/auto/DEinContinuous2.xml
----------------- Instantiating /home/travis/build/icyphy/ptII/ptolemy/domains/continuous/test/auto/DEinContinuous2.xml
8 ms. Memory: 264704K Free: 244805K (92%)
----------------- Invoking toplevel() on ptolemy.moml.MoMLSimpleApplication@15570b10
----------------- Done invoking toplevel() on ptolemy.moml.MoMLSimpleApplication@15570b10
reloadAllAccessors: .DEinContinuous2

===========================================================================================
----------------- testing Sat Jul 14 01:38:39 UTC 2018 /home/travis/build/icyphy/ptII/ptolemy/domains/continuous/test/auto/Derivative.xml
----------------- Instantiating /home/travis/build/icyphy/ptII/ptolemy/domains/continuous/test/auto/Derivative.xml
163 ms. Memory: 264704K Free: 203601K (77%)
----------------- Invoking toplevel() on ptolemy.moml.MoMLSimpleApplication@386ef7b8
----------------- Done invoking toplevel() on ptolemy.moml.MoMLSimpleApplication@386ef7b8
reloadAllAccessors: .Derivative2

===========================================================================================
----------------- testing Sat Jul 14 01:38:39 UTC 2018 /home/travis/build/icyphy/ptII/ptolemy/domains/continuous/test/auto/Derivative1.xml
----------------- Instantiating /home/travis/build/icyphy/ptII/ptolemy/domains/continuous/test/auto/Derivative1.xml
20 ms. Memory: 264704K Free: 184406K (70%)
----------------- Invoking toplevel() on ptolemy.moml.MoMLSimpleApplication@3b694a76
----------------- Done invoking toplevel() on ptolemy.moml.MoMLSimpleApplication@3b694a76
reloadAllAccessors: .Derivative1

===========================================================================================
----------------- testing Sat Jul 14 01:38:39 UTC 2018 /home/travis/build/icyphy/ptII/ptolemy/domains/continuous/test/auto/DiscreteClock.xml
----------------- Instantiating /home/travis/build/icyphy/ptII/ptolemy/domains/continuous/test/auto/DiscreteClock.xml
9 ms. Memory: 264704K Free: 172558K (65%)
----------------- Invoking toplevel() on ptolemy.moml.MoMLSimpleApplication@759a642c
----------------- Done invoking toplevel() on ptolemy.moml.MoMLSimpleApplication@759a642c
reloadAllAccessors: .DiscreteClock

===========================================================================================
----------------- testing Sat Jul 14 01:38:39 UTC 2018 /home/travis/build/icyphy/ptII/ptolemy/domains/continuous/test/auto/EfficiencyCurve.xml
----------------- Instantiating /home/travis/build/icyphy/ptII/ptolemy/domains/continuous/test/auto/EfficiencyCurve.xml
79 ms. Memory: 264704K Free: 157045K (59%)
----------------- Invoking toplevel() on ptolemy.moml.MoMLSimpleApplication@757b8622
----------------- Done invoking toplevel() on ptolemy.moml.MoMLSimpleApplication@757b8622
reloadAllAccessors: .EfficiencyCurve

===========================================================================================
----------------- testing Sat Jul 14 01:38:39 UTC 2018 /home/travis/build/icyphy/ptII/ptolemy/domains/continuous/test/auto/ExponentialResponse.xml
----------------- Instantiating /home/travis/build/icyphy/ptII/ptolemy/domains/continuous/test/auto/ExponentialResponse.xml
118 ms. Memory: 264704K Free: 137881K (52%)
----------------- Invoking toplevel() on ptolemy.moml.MoMLSimpleApplication@44ef34d4
----------------- Done invoking toplevel() on ptolemy.moml.MoMLSimpleApplication@44ef34d4
reloadAllAccessors: .ExponentialResponse

===========================================================================================
----------------- testing Sat Jul 14 01:38:39 UTC 2018 /home/travis/build/icyphy/ptII/ptolemy/domains/continuous/test/auto/ExponentialResponseRK45.xml
----------------- Instantiating /home/travis/build/icyphy/ptII/ptolemy/domains/continuous/test/auto/ExponentialResponseRK45.xml
30 ms. Memory: 264704K Free: 128525K (49%)
----------------- Invoking toplevel() on ptolemy.moml.MoMLSimpleApplication@34e0062
----------------- Done invoking toplevel() on ptolemy.moml.MoMLSimpleApplication@34e0062
reloadAllAccessors: .ExponentialResponseRK45

===========================================================================================
----------------- testing Sat Jul 14 01:38:40 UTC 2018 /home/travis/build/icyphy/ptII/ptolemy/domains/continuous/test/auto/Friction.xml
----------------- Instantiating /home/travis/build/icyphy/ptII/ptolemy/domains/continuous/test/auto/Friction.xml
1426 ms. Memory: 246784K Free: 204523K (83%)
----------------- Invoking toplevel() on ptolemy.moml.MoMLSimpleApplication@7d515be4
----------------- Done invoking toplevel() on ptolemy.moml.MoMLSimpleApplication@7d515be4
reloadAllAccessors: .Friction

===========================================================================================
----------------- testing Sat Jul 14 01:38:41 UTC 2018 /home/travis/build/icyphy/ptII/ptolemy/domains/continuous/test/auto/FurutaPendulum.xml
----------------- Instantiating /home/travis/build/icyphy/ptII/ptolemy/domains/continuous/test/auto/FurutaPendulum.xml
2740 ms. Memory: 224256K Free: 154096K (69%)
----------------- Invoking toplevel() on ptolemy.moml.MoMLSimpleApplication@a581f3
----------------- Done invoking toplevel() on ptolemy.moml.MoMLSimpleApplication@a581f3
reloadAllAccessors: .FurutaPendulum

===========================================================================================
----------------- testing Sat Jul 14 01:38:44 UTC 2018 /home/travis/build/icyphy/ptII/ptolemy/domains/continuous/test/auto/HierarchicalExecution.xml
----------------- Instantiating /home/travis/build/icyphy/ptII/ptolemy/domains/continuous/test/auto/HierarchicalExecution.xml
1607 ms. Memory: 252928K Free: 203226K (80%)
----------------- Invoking toplevel() on ptolemy.moml.MoMLSimpleApplication@7621912e
----------------- Done invoking toplevel() on ptolemy.moml.MoMLSimpleApplication@7621912e
reloadAllAccessors: .HierarchicalExecution

===========================================================================================
----------------- testing Sat Jul 14 01:38:46 UTC 2018 /home/travis/build/icyphy/ptII/ptolemy/domains/continuous/test/auto/HybridPlant.xml
----------------- Instantiating /home/travis/build/icyphy/ptII/ptolemy/domains/continuous/test/auto/HybridPlant.xml
532 ms. Memory: 251392K Free: 97502K (39%)
----------------- Invoking toplevel() on ptolemy.moml.MoMLSimpleApplication@741a262f
----------------- Done invoking toplevel() on ptolemy.moml.MoMLSimpleApplication@741a262f
reloadAllAccessors: .HybridPlant

===========================================================================================
----------------- testing Sat Jul 14 01:38:46 UTC 2018 /home/travis/build/icyphy/ptII/ptolemy/domains/continuous/test/auto/Hysteresis.xml
----------------- Instantiating /home/travis/build/icyphy/ptII/ptolemy/domains/continuous/test/auto/Hysteresis.xml
137 ms. Memory: 239616K Free: 186014K (78%)
----------------- Invoking toplevel() on ptolemy.moml.MoMLSimpleApplication@74605d4a
----------------- Done invoking toplevel() on ptolemy.moml.MoMLSimpleApplication@74605d4a
reloadAllAccessors: .Hysteresis

===========================================================================================
----------------- testing Sat Jul 14 01:38:47 UTC 2018 /home/travis/build/icyphy/ptII/ptolemy/domains/continuous/test/auto/HysteresisWithRandomDelay.xml
----------------- Instantiating /home/travis/build/icyphy/ptII/ptolemy/domains/continuous/test/auto/HysteresisWithRandomDelay.xml
184 ms. Memory: 239616K Free: 108065K (45%)
----------------- Invoking toplevel() on ptolemy.moml.MoMLSimpleApplication@46763fe1
----------------- Done invoking toplevel() on ptolemy.moml.MoMLSimpleApplication@46763fe1
reloadAllAccessors: .HysteresisWithRandomDelay

===========================================================================================
----------------- testing Sat Jul 14 01:38:47 UTC 2018 /home/travis/build/icyphy/ptII/ptolemy/domains/continuous/test/auto/HysteresisWithRandomLosses.xml
----------------- Instantiating /home/travis/build/icyphy/ptII/ptolemy/domains/continuous/test/auto/HysteresisWithRandomLosses.xml
2108 ms. Memory: 254976K Free: 89451K (35%)
----------------- Invoking toplevel() on ptolemy.moml.MoMLSimpleApplication@11a21634
----------------- Done invoking toplevel() on ptolemy.moml.MoMLSimpleApplication@11a21634
reloadAllAccessors: .HysteresisWithRandomLosses

===========================================================================================
----------------- testing Sat Jul 14 01:38:49 UTC 2018 /home/travis/build/icyphy/ptII/ptolemy/domains/continuous/test/auto/ImmediateTransitions.xml
----------------- Instantiating /home/travis/build/icyphy/ptII/ptolemy/domains/continuous/test/auto/ImmediateTransitions.xml
18 ms. Memory: 254976K Free: 75567K (30%)
----------------- Invoking toplevel() on ptolemy.moml.MoMLSimpleApplication@292ea98a
----------------- Done invoking toplevel() on ptolemy.moml.MoMLSimpleApplication@292ea98a
reloadAllAccessors: .ImmediateTransitions

===========================================================================================
----------------- testing Sat Jul 14 01:38:49 UTC 2018 /home/travis/build/icyphy/ptII/ptolemy/domains/continuous/test/auto/ImpulseFeedback.xml
----------------- Instantiating /home/travis/build/icyphy/ptII/ptolemy/domains/continuous/test/auto/ImpulseFeedback.xml
11 ms. Memory: 254976K Free: 67760K (27%)
----------------- Invoking toplevel() on ptolemy.moml.MoMLSimpleApplication@43f94388
----------------- Done invoking toplevel() on ptolemy.moml.MoMLSimpleApplication@43f94388
reloadAllAccessors: .ImpulseFeedback

===========================================================================================
----------------- testing Sat Jul 14 01:38:49 UTC 2018 /home/travis/build/icyphy/ptII/ptolemy/domains/continuous/test/auto/ImpulseFeedback2.xml
----------------- Instantiating /home/travis/build/icyphy/ptII/ptolemy/domains/continuous/test/auto/ImpulseFeedback2.xml
4 ms. Memory: 254976K Free: 59964K (24%)
----------------- Invoking toplevel() on ptolemy.moml.MoMLSimpleApplication@4d772f03
----------------- Done invoking toplevel() on ptolemy.moml.MoMLSimpleApplication@4d772f03
reloadAllAccessors: .ImpulseFeedback2

===========================================================================================
----------------- testing Sat Jul 14 01:38:49 UTC 2018 /home/travis/build/icyphy/ptII/ptolemy/domains/continuous/test/auto/IncreasingRatePoisson.xml
----------------- Instantiating /home/travis/build/icyphy/ptII/ptolemy/domains/continuous/test/auto/IncreasingRatePoisson.xml
723 ms. Memory: 241152K Free: 72201K (30%)
----------------- Invoking toplevel() on ptolemy.moml.MoMLSimpleApplication@5167b3a0
----------------- Done invoking toplevel() on ptolemy.moml.MoMLSimpleApplication@5167b3a0
reloadAllAccessors: .IncreasingRatePoisson

===========================================================================================
----------------- testing Sat Jul 14 01:38:50 UTC 2018 /home/travis/build/icyphy/ptII/ptolemy/domains/continuous/test/auto/InitialStateFeedback.xml
----------------- Instantiating /home/travis/build/icyphy/ptII/ptolemy/domains/continuous/test/auto/InitialStateFeedback.xml
3 ms. Memory: 241152K Free: 65921K (27%)
----------------- Invoking toplevel() on ptolemy.moml.MoMLSimpleApplication@1b24478b
----------------- Done invoking toplevel() on ptolemy.moml.MoMLSimpleApplication@1b24478b
reloadAllAccessors: .InitialStateFeedback

===========================================================================================
----------------- testing Sat Jul 14 01:38:50 UTC 2018 /home/travis/build/icyphy/ptII/ptolemy/domains/continuous/test/auto/Integration.xml
----------------- Instantiating /home/travis/build/icyphy/ptII/ptolemy/domains/continuous/test/auto/Integration.xml
1 ms. Memory: 241152K Free: 60304K (25%)
----------------- Invoking toplevel() on ptolemy.moml.MoMLSimpleApplication@52520949
----------------- Done invoking toplevel() on ptolemy.moml.MoMLSimpleApplication@52520949
reloadAllAccessors: .Integration

===========================================================================================
----------------- testing Sat Jul 14 01:38:50 UTC 2018 /home/travis/build/icyphy/ptII/ptolemy/domains/continuous/test/auto/Integration2.xml
----------------- Instantiating /home/travis/build/icyphy/ptII/ptolemy/domains/continuous/test/auto/Integration2.xml
90 ms. Memory: 238592K Free: 200448K (84%)
----------------- Invoking toplevel() on ptolemy.moml.MoMLSimpleApplication@2b710c50
----------------- Done invoking toplevel() on ptolemy.moml.MoMLSimpleApplication@2b710c50
reloadAllAccessors: .Integration2

===========================================================================================
----------------- testing Sat Jul 14 01:38:50 UTC 2018 /home/travis/build/icyphy/ptII/ptolemy/domains/continuous/test/auto/Integration3.xml
----------------- Instantiating /home/travis/build/icyphy/ptII/ptolemy/domains/continuous/test/auto/Integration3.xml
4 ms. Memory: 238592K Free: 194700K (82%)
----------------- Invoking toplevel() on ptolemy.moml.MoMLSimpleApplication@6e47ef00
----------------- Done invoking toplevel() on ptolemy.moml.MoMLSimpleApplication@6e47ef00
reloadAllAccessors: .Integration3

===========================================================================================
----------------- testing Sat Jul 14 01:38:50 UTC 2018 /home/travis/build/icyphy/ptII/ptolemy/domains/continuous/test/auto/Integration5.xml
----------------- Instantiating /home/travis/build/icyphy/ptII/ptolemy/domains/continuous/test/auto/Integration5.xml
2 ms. Memory: 238592K Free: 189739K (80%)
----------------- Invoking toplevel() on ptolemy.moml.MoMLSimpleApplication@f1ecc36
----------------- Done invoking toplevel() on ptolemy.moml.MoMLSimpleApplication@f1ecc36
reloadAllAccessors: .Integration5

===========================================================================================
----------------- testing Sat Jul 14 01:38:50 UTC 2018 /home/travis/build/icyphy/ptII/ptolemy/domains/continuous/test/auto/IntegratorImpulse.xml
----------------- Instantiating /home/travis/build/icyphy/ptII/ptolemy/domains/continuous/test/auto/IntegratorImpulse.xml
3 ms. Memory: 238592K Free: 184779K (77%)
----------------- Invoking toplevel() on ptolemy.moml.MoMLSimpleApplication@65da332a
----------------- Done invoking toplevel() on ptolemy.moml.MoMLSimpleApplication@65da332a
reloadAllAccessors: .IntegratorImpulse

===========================================================================================
----------------- testing Sat Jul 14 01:38:50 UTC 2018 /home/travis/build/icyphy/ptII/ptolemy/domains/continuous/test/auto/IntegratorImpulse2.xml
----------------- Instantiating /home/travis/build/icyphy/ptII/ptolemy/domains/continuous/test/auto/IntegratorImpulse2.xml
4 ms. Memory: 238592K Free: 179787K (75%)
----------------- Invoking toplevel() on ptolemy.moml.MoMLSimpleApplication@2866d8ab
----------------- Done invoking toplevel() on ptolemy.moml.MoMLSimpleApplication@2866d8ab
reloadAllAccessors: .IntegratorImpulse2

===========================================================================================
----------------- testing Sat Jul 14 01:38:50 UTC 2018 /home/travis/build/icyphy/ptII/ptolemy/domains/continuous/test/auto/LevelCrossing1.xml
----------------- Instantiating /home/travis/build/icyphy/ptII/ptolemy/domains/continuous/test/auto/LevelCrossing1.xml
2 ms. Memory: 238592K Free: 173789K (73%)
----------------- Invoking toplevel() on ptolemy.moml.MoMLSimpleApplication@3eb6afab
----------------- Done invoking toplevel() on ptolemy.moml.MoMLSimpleApplication@3eb6afab
reloadAllAccessors: .LevelCrossing1

===========================================================================================
----------------- testing Sat Jul 14 01:38:50 UTC 2018 /home/travis/build/icyphy/ptII/ptolemy/domains/continuous/test/auto/LevelCrossing2.xml
----------------- Instantiating /home/travis/build/icyphy/ptII/ptolemy/domains/continuous/test/auto/LevelCrossing2.xml
3 ms. Memory: 238592K Free: 167792K (70%)
----------------- Invoking toplevel() on ptolemy.moml.MoMLSimpleApplication@7070167f
----------------- Done invoking toplevel() on ptolemy.moml.MoMLSimpleApplication@7070167f
reloadAllAccessors: .LevelCrossing2

===========================================================================================
----------------- testing Sat Jul 14 01:38:50 UTC 2018 /home/travis/build/icyphy/ptII/ptolemy/domains/continuous/test/auto/LevelCrossing3.xml
----------------- Instantiating /home/travis/build/icyphy/ptII/ptolemy/domains/continuous/test/auto/LevelCrossing3.xml
2 ms. Memory: 238592K Free: 161795K (68%)
----------------- Invoking toplevel() on ptolemy.moml.MoMLSimpleApplication@44ca8ac
----------------- Done invoking toplevel() on ptolemy.moml.MoMLSimpleApplication@44ca8ac
reloadAllAccessors: .LevelCrossing3

===========================================================================================
----------------- testing Sat Jul 14 01:38:50 UTC 2018 /home/travis/build/icyphy/ptII/ptolemy/domains/continuous/test/auto/LevelCrossing4.xml
----------------- Instantiating /home/travis/build/icyphy/ptII/ptolemy/domains/continuous/test/auto/LevelCrossing4.xml
3 ms. Memory: 238592K Free: 155806K (65%)
----------------- Invoking toplevel() on ptolemy.moml.MoMLSimpleApplication@1d957a81
----------------- Done invoking toplevel() on ptolemy.moml.MoMLSimpleApplication@1d957a81
reloadAllAccessors: .LevelCrossing4

===========================================================================================
----------------- testing Sat Jul 14 01:38:50 UTC 2018 /home/travis/build/icyphy/ptII/ptolemy/domains/continuous/test/auto/LevelCrossing5.xml
----------------- Instantiating /home/travis/build/icyphy/ptII/ptolemy/domains/continuous/test/auto/LevelCrossing5.xml
8 ms. Memory: 238592K Free: 149809K (63%)
----------------- Invoking toplevel() on ptolemy.moml.MoMLSimpleApplication@65c0b169
----------------- Done invoking toplevel() on ptolemy.moml.MoMLSimpleApplication@65c0b169
reloadAllAccessors: .LevelCrossing5

===========================================================================================
----------------- testing Sat Jul 14 01:38:50 UTC 2018 /home/travis/build/icyphy/ptII/ptolemy/domains/continuous/test/auto/LevelCrossing6.xml
----------------- Instantiating /home/travis/build/icyphy/ptII/ptolemy/domains/continuous/test/auto/LevelCrossing6.xml
2 ms. Memory: 238592K Free: 143812K (60%)
[...]
----------------- Invoking toplevel() on ptolemy.moml.MoMLSimpleApplication@216c5c02
----------------- Done invoking toplevel() on ptolemy.moml.MoMLSimpleApplication@216c5c02
reloadAllAccessors: .ResetTransitionWithStartTime5

===========================================================================================
----------------- testing Sat Jul 14 01:39:07 UTC 2018 /home/travis/build/icyphy/ptII/ptolemy/domains/continuous/test/auto/ResetTransitionWithStartTime6.xml
----------------- Instantiating /home/travis/build/icyphy/ptII/ptolemy/domains/continuous/test/auto/ResetTransitionWithStartTime6.xml
11 ms. Memory: 374272K Free: 245935K (66%)
----------------- Invoking toplevel() on ptolemy.moml.MoMLSimpleApplication@75186288
----------------- Done invoking toplevel() on ptolemy.moml.MoMLSimpleApplication@75186288
reloadAllAccessors: .ResetTransitionWithStartTime6

===========================================================================================
----------------- testing Sat Jul 14 01:39:07 UTC 2018 /home/travis/build/icyphy/ptII/ptolemy/domains/continuous/test/auto/SRinContinuous.xml
----------------- Instantiating /home/travis/build/icyphy/ptII/ptolemy/domains/continuous/test/auto/SRinContinuous.xml
6 ms. Memory: 374272K Free: 235393K (63%)
----------------- Invoking toplevel() on ptolemy.moml.MoMLSimpleApplication@1627ae54
----------------- Done invoking toplevel() on ptolemy.moml.MoMLSimpleApplication@1627ae54
reloadAllAccessors: .SRinContinuous

===========================================================================================
----------------- testing Sat Jul 14 01:39:07 UTC 2018 /home/travis/build/icyphy/ptII/ptolemy/domains/continuous/test/auto/SampledClocks.xml
----------------- Instantiating /home/travis/build/icyphy/ptII/ptolemy/domains/continuous/test/auto/SampledClocks.xml
9 ms. Memory: 374272K Free: 224901K (60%)
----------------- Invoking toplevel() on ptolemy.moml.MoMLSimpleApplication@662ba16e
----------------- Done invoking toplevel() on ptolemy.moml.MoMLSimpleApplication@662ba16e
reloadAllAccessors: .SampledClocks

===========================================================================================
----------------- testing Sat Jul 14 01:39:07 UTC 2018 /home/travis/build/icyphy/ptII/ptolemy/domains/continuous/test/auto/Satellite.xml
----------------- Instantiating /home/travis/build/icyphy/ptII/ptolemy/domains/continuous/test/auto/Satellite.xml
869 ms. Memory: 374272K Free: 45838K (12%)
----------------- Invoking toplevel() on ptolemy.moml.MoMLSimpleApplication@73cc7d37
----------------- Done invoking toplevel() on ptolemy.moml.MoMLSimpleApplication@73cc7d37
reloadAllAccessors: .Satellite

===========================================================================================
----------------- testing Sat Jul 14 01:39:08 UTC 2018 /home/travis/build/icyphy/ptII/ptolemy/domains/continuous/test/auto/SigmaDelta.xml
----------------- Instantiating /home/travis/build/icyphy/ptII/ptolemy/domains/continuous/test/auto/SigmaDelta.xml
2179 ms. Memory: 347136K Free: 202414K (58%)
----------------- Invoking toplevel() on ptolemy.moml.MoMLSimpleApplication@59beded9
----------------- Done invoking toplevel() on ptolemy.moml.MoMLSimpleApplication@59beded9
reloadAllAccessors: .SigmaDelta

===========================================================================================
----------------- testing Sat Jul 14 01:39:10 UTC 2018 /home/travis/build/icyphy/ptII/ptolemy/domains/continuous/test/auto/SinuBouncingBall.xml
----------------- Instantiating /home/travis/build/icyphy/ptII/ptolemy/domains/continuous/test/auto/SinuBouncingBall.xml
708 ms. Memory: 333824K Free: 228462K (68%)
----------------- Invoking toplevel() on ptolemy.moml.MoMLSimpleApplication@20514632
----------------- Done invoking toplevel() on ptolemy.moml.MoMLSimpleApplication@20514632
reloadAllAccessors: .SinuBouncingBall

===========================================================================================
----------------- testing Sat Jul 14 01:39:11 UTC 2018 /home/travis/build/icyphy/ptII/ptolemy/domains/continuous/test/auto/Sinusoid.xml
----------------- Instantiating /home/travis/build/icyphy/ptII/ptolemy/domains/continuous/test/auto/Sinusoid.xml
5 ms. Memory: 333824K Free: 221278K (66%)
----------------- Invoking toplevel() on ptolemy.moml.MoMLSimpleApplication@1e681c63
----------------- Done invoking toplevel() on ptolemy.moml.MoMLSimpleApplication@1e681c63
reloadAllAccessors: .Sinusoid

===========================================================================================
----------------- testing Sat Jul 14 01:39:11 UTC 2018 /home/travis/build/icyphy/ptII/ptolemy/domains/continuous/test/auto/SinusoidInNoise.xml
----------------- Instantiating /home/travis/build/icyphy/ptII/ptolemy/domains/continuous/test/auto/SinusoidInNoise.xml
884 ms. Memory: 333824K Free: 24288K (7%)
----------------- Invoking toplevel() on ptolemy.moml.MoMLSimpleApplication@f9066
----------------- Done invoking toplevel() on ptolemy.moml.MoMLSimpleApplication@f9066
reloadAllAccessors: .SinusoidInNoise

===========================================================================================
----------------- testing Sat Jul 14 01:39:12 UTC 2018 /home/travis/build/icyphy/ptII/ptolemy/domains/continuous/test/auto/SinusoidRK45.xml
----------------- Instantiating /home/travis/build/icyphy/ptII/ptolemy/domains/continuous/test/auto/SinusoidRK45.xml
2 ms. Memory: 333824K Free: 18338K (5%)
----------------- Invoking toplevel() on ptolemy.moml.MoMLSimpleApplication@57e504ad
----------------- Done invoking toplevel() on ptolemy.moml.MoMLSimpleApplication@57e504ad
reloadAllAccessors: .SinusoidRK45

===========================================================================================
----------------- testing Sat Jul 14 01:39:12 UTC 2018 /home/travis/build/icyphy/ptII/ptolemy/domains/continuous/test/auto/SinusoidWithMultipleImpulses.xml
----------------- Instantiating /home/travis/build/icyphy/ptII/ptolemy/domains/continuous/test/auto/SinusoidWithMultipleImpulses.xml
8 ms. Memory: 321536K Free: 251027K (78%)
----------------- Invoking toplevel() on ptolemy.moml.MoMLSimpleApplication@425464df
----------------- Done invoking toplevel() on ptolemy.moml.MoMLSimpleApplication@425464df
reloadAllAccessors: .SinusoidWithMultipleImpulses

===========================================================================================
----------------- testing Sat Jul 14 01:39:12 UTC 2018 /home/travis/build/icyphy/ptII/ptolemy/domains/continuous/test/auto/SquareWave.xml
----------------- Instantiating /home/travis/build/icyphy/ptII/ptolemy/domains/continuous/test/auto/SquareWave.xml
169 ms. Memory: 321536K Free: 222029K (69%)
----------------- Invoking toplevel() on ptolemy.moml.MoMLSimpleApplication@66fac7e8
----------------- Done invoking toplevel() on ptolemy.moml.MoMLSimpleApplication@66fac7e8
reloadAllAccessors: .SquareWave

===========================================================================================
----------------- testing Sat Jul 14 01:39:12 UTC 2018 /home/travis/build/icyphy/ptII/ptolemy/domains/continuous/test/auto/Starmac.xml
----------------- Instantiating /home/travis/build/icyphy/ptII/ptolemy/domains/continuous/test/auto/Starmac.xml
3048 ms. Memory: 315904K Free: 89343K (28%)
----------------- Invoking toplevel() on ptolemy.moml.MoMLSimpleApplication@56472bd2
----------------- Done invoking toplevel() on ptolemy.moml.MoMLSimpleApplication@56472bd2
reloadAllAccessors: .Starmac

===========================================================================================
----------------- testing Sat Jul 14 01:39:15 UTC 2018 /home/travis/build/icyphy/ptII/ptolemy/domains/continuous/test/auto/StaticUnits.xml
----------------- Instantiating /home/travis/build/icyphy/ptII/ptolemy/domains/continuous/test/auto/StaticUnits.xml
1971 ms. Memory: 278528K Free: 100632K (36%)
----------------- Invoking toplevel() on ptolemy.moml.MoMLSimpleApplication@2e33d74b
----------------- Done invoking toplevel() on ptolemy.moml.MoMLSimpleApplication@2e33d74b
reloadAllAccessors: .StaticUnits

===========================================================================================
----------------- testing Sat Jul 14 01:39:18 UTC 2018 /home/travis/build/icyphy/ptII/ptolemy/domains/continuous/test/auto/StickyMasses.xml
----------------- Instantiating /home/travis/build/icyphy/ptII/ptolemy/domains/continuous/test/auto/StickyMasses.xml
114 ms. Memory: 278528K Free: 43821K (16%)
----------------- Invoking toplevel() on ptolemy.moml.MoMLSimpleApplication@2e55a6c0
----------------- Done invoking toplevel() on ptolemy.moml.MoMLSimpleApplication@2e55a6c0
reloadAllAccessors: .StickyMasses

===========================================================================================
----------------- testing Sat Jul 14 01:39:18 UTC 2018 /home/travis/build/icyphy/ptII/ptolemy/domains/continuous/test/auto/StopTime.xml
----------------- Instantiating /home/travis/build/icyphy/ptII/ptolemy/domains/continuous/test/auto/StopTime.xml
45 ms. Memory: 269312K Free: 216076K (80%)
----------------- Invoking toplevel() on ptolemy.moml.MoMLSimpleApplication@6d5e8ea8
----------------- Done invoking toplevel() on ptolemy.moml.MoMLSimpleApplication@6d5e8ea8
reloadAllAccessors: .StopTime

===========================================================================================
----------------- testing Sat Jul 14 01:39:18 UTC 2018 /home/travis/build/icyphy/ptII/ptolemy/domains/continuous/test/auto/StopTime2.xml
----------------- Instantiating /home/travis/build/icyphy/ptII/ptolemy/domains/continuous/test/auto/StopTime2.xml
42 ms. Memory: 269312K Free: 188798K (70%)
----------------- Invoking toplevel() on ptolemy.moml.MoMLSimpleApplication@4f3476cb
----------------- Done invoking toplevel() on ptolemy.moml.MoMLSimpleApplication@4f3476cb
reloadAllAccessors: .StopTime2

===========================================================================================
----------------- testing Sat Jul 14 01:39:18 UTC 2018 /home/travis/build/icyphy/ptII/ptolemy/domains/continuous/test/auto/Switch.xml
----------------- Instantiating /home/travis/build/icyphy/ptII/ptolemy/domains/continuous/test/auto/Switch.xml
60 ms. Memory: 269312K Free: 159413K (59%)
----------------- Invoking toplevel() on ptolemy.moml.MoMLSimpleApplication@79115621
----------------- Done invoking toplevel() on ptolemy.moml.MoMLSimpleApplication@79115621
reloadAllAccessors: .Switch

===========================================================================================
----------------- testing Sat Jul 14 01:39:18 UTC 2018 /home/travis/build/icyphy/ptII/ptolemy/domains/continuous/test/auto/Thermostat.xml
----------------- Instantiating /home/travis/build/icyphy/ptII/ptolemy/domains/continuous/test/auto/Thermostat.xml
200 ms. Memory: 269312K Free: 83288K (31%)
----------------- Invoking toplevel() on ptolemy.moml.MoMLSimpleApplication@643bf40d
----------------- Done invoking toplevel() on ptolemy.moml.MoMLSimpleApplication@643bf40d
reloadAllAccessors: .Thermostat

===========================================================================================
----------------- testing Sat Jul 14 01:39:19 UTC 2018 /home/travis/build/icyphy/ptII/ptolemy/domains/continuous/test/auto/TimeDelay.xml
----------------- Instantiating /home/travis/build/icyphy/ptII/ptolemy/domains/continuous/test/auto/TimeDelay.xml
6 ms. Memory: 269312K Free: 76292K (28%)
----------------- Invoking toplevel() on ptolemy.moml.MoMLSimpleApplication@6c4322c7
----------------- Done invoking toplevel() on ptolemy.moml.MoMLSimpleApplication@6c4322c7
reloadAllAccessors: .TimeDelay

===========================================================================================
----------------- testing Sat Jul 14 01:39:19 UTC 2018 /home/travis/build/icyphy/ptII/ptolemy/domains/continuous/test/auto/TimeDelay2.xml
----------------- Instantiating /home/travis/build/icyphy/ptII/ptolemy/domains/continuous/test/auto/TimeDelay2.xml
7 ms. Memory: 269312K Free: 63176K (23%)
----------------- Invoking toplevel() on ptolemy.moml.MoMLSimpleApplication@543d2391
----------------- Done invoking toplevel() on ptolemy.moml.MoMLSimpleApplication@543d2391
reloadAllAccessors: .TimeDelay2

===========================================================================================
----------------- testing Sat Jul 14 01:39:19 UTC 2018 /home/travis/build/icyphy/ptII/ptolemy/domains/continuous/test/auto/TimeDelay3.xml
----------------- Instantiating /home/travis/build/icyphy/ptII/ptolemy/domains/continuous/test/auto/TimeDelay3.xml
5 ms. Memory: 269312K Free: 56161K (21%)
----------------- Invoking toplevel() on ptolemy.moml.MoMLSimpleApplication@7281c671
----------------- Done invoking toplevel() on ptolemy.moml.MoMLSimpleApplication@7281c671
reloadAllAccessors: .TimeDelay3

===========================================================================================
----------------- testing Sat Jul 14 01:39:19 UTC 2018 /home/travis/build/icyphy/ptII/ptolemy/domains/continuous/test/auto/TransferAbsentToInside.xml
----------------- Instantiating /home/travis/build/icyphy/ptII/ptolemy/domains/continuous/test/auto/TransferAbsentToInside.xml
33 ms. Memory: 261632K Free: 191428K (73%)
----------------- Invoking toplevel() on ptolemy.moml.MoMLSimpleApplication@6332f442
----------------- Done invoking toplevel() on ptolemy.moml.MoMLSimpleApplication@6332f442
reloadAllAccessors: .TransferAbsentToInside

===========================================================================================
----------------- testing Sat Jul 14 01:39:19 UTC 2018 /home/travis/build/icyphy/ptII/ptolemy/domains/continuous/test/auto/Transmission.xml
----------------- Instantiating /home/travis/build/icyphy/ptII/ptolemy/domains/continuous/test/auto/Transmission.xml
850 ms. Memory: 263680K Free: 148298K (56%)
----------------- Invoking toplevel() on ptolemy.moml.MoMLSimpleApplication@134e799a
----------------- Done invoking toplevel() on ptolemy.moml.MoMLSimpleApplication@134e799a
reloadAllAccessors: .Transmission

===========================================================================================
----------------- testing Sat Jul 14 01:39:20 UTC 2018 /home/travis/build/icyphy/ptII/ptolemy/domains/continuous/test/auto/TriggeredContinuousClock.xml
----------------- Instantiating /home/travis/build/icyphy/ptII/ptolemy/domains/continuous/test/auto/TriggeredContinuousClock.xml
46 ms. Memory: 263680K Free: 113914K (43%)
----------------- Invoking toplevel() on ptolemy.moml.MoMLSimpleApplication@61cbc4c8
----------------- Done invoking toplevel() on ptolemy.moml.MoMLSimpleApplication@61cbc4c8
reloadAllAccessors: .TriggeredContinuousClock

===========================================================================================
----------------- testing Sat Jul 14 01:39:20 UTC 2018 /home/travis/build/icyphy/ptII/ptolemy/domains/continuous/test/auto/TwoMachineInfiniteBusControl.xml
----------------- Instantiating /home/travis/build/icyphy/ptII/ptolemy/domains/continuous/test/auto/TwoMachineInfiniteBusControl.xml
2619 ms. Memory: 267264K Free: 172376K (64%)
----------------- Invoking toplevel() on ptolemy.moml.MoMLSimpleApplication@74a8940f
----------------- Done invoking toplevel() on ptolemy.moml.MoMLSimpleApplication@74a8940f
reloadAllAccessors: .TwoMachineInfiniteBusControl

===========================================================================================
----------------- testing Sat Jul 14 01:39:23 UTC 2018 /home/travis/build/icyphy/ptII/ptolemy/domains/continuous/test/auto/V2V.xml
----------------- Instantiating /home/travis/build/icyphy/ptII/ptolemy/domains/continuous/test/auto/V2V.xml
693 ms. Memory: 268288K Free: 173535K (65%)
----------------- Invoking toplevel() on ptolemy.moml.MoMLSimpleApplication@16c8f484
----------------- Done invoking toplevel() on ptolemy.moml.MoMLSimpleApplication@16c8f484
reloadAllAccessors: .V2V

===========================================================================================
----------------- testing Sat Jul 14 01:39:23 UTC 2018 /home/travis/build/icyphy/ptII/ptolemy/domains/continuous/test/auto/hierarchicalModalModel.xml
----------------- Instantiating /home/travis/build/icyphy/ptII/ptolemy/domains/continuous/test/auto/hierarchicalModalModel.xml
9 ms. Memory: 268288K Free: 154826K (58%)
----------------- Invoking toplevel() on ptolemy.moml.MoMLSimpleApplication@5d6e6d46
----------------- Done invoking toplevel() on ptolemy.moml.MoMLSimpleApplication@5d6e6d46
reloadAllAccessors: .hierarchicalModalModel

===========================================================================================
----------------- testing Sat Jul 14 01:39:23 UTC 2018 /home/travis/build/icyphy/ptII/ptolemy/domains/continuous/test/auto/hierarchicalModalModel1.xml
----------------- Instantiating /home/travis/build/icyphy/ptII/ptolemy/domains/continuous/test/auto/hierarchicalModalModel1.xml
12 ms. Memory: 268288K Free: 138439K (52%)
----------------- Invoking toplevel() on ptolemy.moml.MoMLSimpleApplication@7c5362e1
----------------- Done invoking toplevel() on ptolemy.moml.MoMLSimpleApplication@7c5362e1
reloadAllAccessors: .hierarchicalModalModel1

===========================================================================================
----------------- testing Sat Jul 14 01:39:24 UTC 2018 /home/travis/build/icyphy/ptII/ptolemy/domains/continuous/test/auto/hierarchicalModalModel2.xml
----------------- Instantiating /home/travis/build/icyphy/ptII/ptolemy/domains/continuous/test/auto/hierarchicalModalModel2.xml
7 ms. Memory: 268288K Free: 123376K (46%)
----------------- Invoking toplevel() on ptolemy.moml.MoMLSimpleApplication@15c39633
----------------- Done invoking toplevel() on ptolemy.moml.MoMLSimpleApplication@15c39633
reloadAllAccessors: .hierarchicalModalModel2

===========================================================================================
----------------- testing Sat Jul 14 01:39:24 UTC 2018 /home/travis/build/icyphy/ptII/ptolemy/domains/continuous/test/auto/hierarchicalModalModel3.xml
----------------- Instantiating /home/travis/build/icyphy/ptII/ptolemy/domains/continuous/test/auto/hierarchicalModalModel3.xml
6 ms. Memory: 268288K Free: 110875K (41%)
----------------- Invoking toplevel() on ptolemy.moml.MoMLSimpleApplication@78df809d
----------------- Done invoking toplevel() on ptolemy.moml.MoMLSimpleApplication@78df809d
reloadAllAccessors: .hierarchicalModalModel3

===========================================================================================
----------------- testing Sat Jul 14 01:39:24 UTC 2018 /home/travis/build/icyphy/ptII/ptolemy/domains/continuous/test/auto/hierarchicalModalModel4.xml
----------------- Instantiating /home/travis/build/icyphy/ptII/ptolemy/domains/continuous/test/auto/hierarchicalModalModel4.xml
5 ms. Memory: 268288K Free: 95821K (36%)
----------------- Invoking toplevel() on ptolemy.moml.MoMLSimpleApplication@4efb47bf
----------------- Done invoking toplevel() on ptolemy.moml.MoMLSimpleApplication@4efb47bf
reloadAllAccessors: .hierarchicalModalModel4

===========================================================================================
----------------- testing Sat Jul 14 01:39:24 UTC 2018 /home/travis/build/icyphy/ptII/ptolemy/domains/continuous/test/auto/junk.xml
----------------- Instantiating /home/travis/build/icyphy/ptII/ptolemy/domains/continuous/test/auto/junk.xml
154 ms. Memory: 268288K Free: 64125K (24%)
----------------- Invoking toplevel() on ptolemy.moml.MoMLSimpleApplication@2f40ad63
----------------- Done invoking toplevel() on ptolemy.moml.MoMLSimpleApplication@2f40ad63
reloadAllAccessors: .junk
AutoTests.java: About to close Vertx.
AutoTests.java: Vertx closed.
]]></system-out>
  <system-err><![CDATA[Warning: '.IncreasingRatePoisson.NonStrictTest' The test produced only 389 tokens, yet the correctValues parameter was expecting 402 tokens.
]]></system-err>
</testsuite>
