<?xml version="1.0" encoding="UTF-8" ?>
<testsuite errors="0" failures="0" hostname="travis-job-6c93000b-8147-442f-a744-0882e9a9cd4b" name="ptolemy.domains.sdf.test.junit.JUnitTclTest" skipped="0" tests="66" time="20.996" timestamp="2019-09-03T05:53:36">
  <properties>
[...]
</properties>
  <testcase classname="ptolemy.util.test.junit.TclTests" name="[0] /home/travis/build/icyphy/ptII/ptolemy/domains/sdf/test/SDFSchedulerErrors.tcl (RunTclFile)" time="0.952" />
  <testcase classname="ptolemy.util.test.junit.TclTests" name="[1] /home/travis/build/icyphy/ptII/ptolemy/domains/sdf/test/composition.tcl (RunTclFile)" time="0.25" />
  <testcase classname="ptolemy.util.test.junit.TclTests" name="[2] /home/travis/build/icyphy/ptII/ptolemy/domains/sdf/test/cycle.tcl (RunTclFile)" time="0.067" />
  <testcase classname="ptolemy.util.test.junit.AutoKnownFailedTests" name="[0] ThereAreNoKnowFailedTests (RunModel)" time="0.002" />
  <testcase classname="ptolemy.util.test.junit.AutoNameArchTests" name="[0] ThereAreNoAutoArchTests (RunModel)" time="0.002" />
  <testcase classname="ptolemy.util.test.junit.AutoTests" name="[0] /home/travis/build/icyphy/ptII/ptolemy/domains/sdf/test/auto/Array.xml (RunModel)" time="0.313" />
  <testcase classname="ptolemy.util.test.junit.AutoTests" name="[1] /home/travis/build/icyphy/ptII/ptolemy/domains/sdf/test/auto/Butterfly.xml (RunModel)" time="0.134" />
  <testcase classname="ptolemy.util.test.junit.AutoTests" name="[2] /home/travis/build/icyphy/ptII/ptolemy/domains/sdf/test/auto/Expression.xml (RunModel)" time="0.13" />
  <testcase classname="ptolemy.util.test.junit.AutoTests" name="[3] /home/travis/build/icyphy/ptII/ptolemy/domains/sdf/test/auto/Eye.xml (RunModel)" time="0.33" />
  <testcase classname="ptolemy.util.test.junit.AutoTests" name="[4] /home/travis/build/icyphy/ptII/ptolemy/domains/sdf/test/auto/FixFIR.xml (RunModel)" time="0.357" />
  <testcase classname="ptolemy.util.test.junit.AutoTests" name="[5] /home/travis/build/icyphy/ptII/ptolemy/domains/sdf/test/auto/FixPoint.xml (RunModel)" time="0.036" />
  <testcase classname="ptolemy.util.test.junit.AutoTests" name="[6] /home/travis/build/icyphy/ptII/ptolemy/domains/sdf/test/auto/Gravitation.xml (RunModel)" time="3.269" />
  <testcase classname="ptolemy.util.test.junit.AutoTests" name="[7] /home/travis/build/icyphy/ptII/ptolemy/domains/sdf/test/auto/GravitationWithCollisionDetection.xml (RunModel)" time="6.646" />
  <testcase classname="ptolemy.util.test.junit.AutoTests" name="[8] /home/travis/build/icyphy/ptII/ptolemy/domains/sdf/test/auto/HDF.xml (RunModel)" time="0.146" />
  <testcase classname="ptolemy.util.test.junit.AutoTests" name="[9] /home/travis/build/icyphy/ptII/ptolemy/domains/sdf/test/auto/HDFwithTransientStates.xml (RunModel)" time="0.126" />
  <testcase classname="ptolemy.util.test.junit.AutoTests" name="[10] /home/travis/build/icyphy/ptII/ptolemy/domains/sdf/test/auto/HTVQ.xml (RunModel)" time="0.865" />
  <testcase classname="ptolemy.util.test.junit.AutoTests" name="[11] /home/travis/build/icyphy/ptII/ptolemy/domains/sdf/test/auto/InferInitProduction.xml (RunModel)" time="0.042" />
  <testcase classname="ptolemy.util.test.junit.AutoTests" name="[12] /home/travis/build/icyphy/ptII/ptolemy/domains/sdf/test/auto/InferInitProductionDeeper.xml (RunModel)" time="0.024" />
  <testcase classname="ptolemy.util.test.junit.AutoTests" name="[13] /home/travis/build/icyphy/ptII/ptolemy/domains/sdf/test/auto/LMSAdaptive.xml (RunModel)" time="0.078" />
  <testcase classname="ptolemy.util.test.junit.AutoTests" name="[14] /home/travis/build/icyphy/ptII/ptolemy/domains/sdf/test/auto/LogisticMap.xml (RunModel)" time="0.475" />
  <testcase classname="ptolemy.util.test.junit.AutoTests" name="[15] /home/travis/build/icyphy/ptII/ptolemy/domains/sdf/test/auto/MaximumEntropySpectrum.xml (RunModel)" time="0.288" />
  <testcase classname="ptolemy.util.test.junit.AutoTests" name="[16] /home/travis/build/icyphy/ptII/ptolemy/domains/sdf/test/auto/MultirateSDF.xml (RunModel)" time="0.068" />
  <testcase classname="ptolemy.util.test.junit.AutoTests" name="[17] /home/travis/build/icyphy/ptII/ptolemy/domains/sdf/test/auto/MultirateSDFwithTransientStates.xml (RunModel)" time="0.068" />
  <testcase classname="ptolemy.util.test.junit.AutoTests" name="[18] /home/travis/build/icyphy/ptII/ptolemy/domains/sdf/test/auto/NoisySinewave.xml (RunModel)" time="0.077" />
  <testcase classname="ptolemy.util.test.junit.AutoTests" name="[19] /home/travis/build/icyphy/ptII/ptolemy/domains/sdf/test/auto/Objects.xml (RunModel)" time="0.036" />
  <testcase classname="ptolemy.util.test.junit.AutoTests" name="[20] /home/travis/build/icyphy/ptII/ptolemy/domains/sdf/test/auto/OrthogonalCom.xml (RunModel)" time="0.04" />
  <testcase classname="ptolemy.util.test.junit.AutoTests" name="[21] /home/travis/build/icyphy/ptII/ptolemy/domains/sdf/test/auto/RijndaelEncryption.xml (RunModel)" time="0.592" />
  <testcase classname="ptolemy.util.test.junit.AutoTests" name="[22] /home/travis/build/icyphy/ptII/ptolemy/domains/sdf/test/auto/SDFEmptyIterations.xml (RunModel)" time="0.018" />
  <testcase classname="ptolemy.util.test.junit.AutoTests" name="[23] /home/travis/build/icyphy/ptII/ptolemy/domains/sdf/test/auto/Spectrum.xml (RunModel)" time="0.092" />
  <testcase classname="ptolemy.util.test.junit.AutoTests" name="[24] /home/travis/build/icyphy/ptII/ptolemy/domains/sdf/test/auto/de_inside_sdf.xml (RunModel)" time="0.023" />
  <testcase classname="ptolemy.util.test.junit.AutoTests" name="[25] /home/travis/build/icyphy/ptII/ptolemy/domains/sdf/test/auto/disconnectedHierarchicalSDF.xml (RunModel)" time="0.023" />
  <testcase classname="ptolemy.util.test.junit.AutoTests" name="[26] /home/travis/build/icyphy/ptII/ptolemy/domains/sdf/test/auto/disconnectedSDF.xml (RunModel)" time="0.018" />
  <testcase classname="ptolemy.util.test.junit.AutoTests" name="[27] /home/travis/build/icyphy/ptII/ptolemy/domains/sdf/test/auto/emptyRefinement.xml (RunModel)" time="0.02" />
  <testcase classname="ptolemy.util.test.junit.AutoTests" name="[28] /home/travis/build/icyphy/ptII/ptolemy/domains/sdf/test/auto/filePortParameter.xml (RunModel)" time="0.054" />
  <testcase classname="ptolemy.util.test.junit.AutoTests" name="[29] /home/travis/build/icyphy/ptII/ptolemy/domains/sdf/test/auto/inferRelationWidth1.xml (RunModel)" time="0.013" />
  <testcase classname="ptolemy.util.test.junit.AutoTests" name="[30] /home/travis/build/icyphy/ptII/ptolemy/domains/sdf/test/auto/initProductionInference.xml (RunModel)" time="0.015" />
  <testcase classname="ptolemy.util.test.junit.AutoTests" name="[31] /home/travis/build/icyphy/ptII/ptolemy/domains/sdf/test/auto/relationGroup.xml (RunModel)" time="0.026" />
  <testcase classname="ptolemy.util.test.junit.AutoTests" name="[32] /home/travis/build/icyphy/ptII/ptolemy/domains/sdf/test/auto/relationGroup10.xml (RunModel)" time="0.015" />
  <testcase classname="ptolemy.util.test.junit.AutoTests" name="[33] /home/travis/build/icyphy/ptII/ptolemy/domains/sdf/test/auto/relationGroup11.xml (RunModel)" time="0.015" />
  <testcase classname="ptolemy.util.test.junit.AutoTests" name="[34] /home/travis/build/icyphy/ptII/ptolemy/domains/sdf/test/auto/relationGroup12.xml (RunModel)" time="0.014" />
  <testcase classname="ptolemy.util.test.junit.AutoTests" name="[35] /home/travis/build/icyphy/ptII/ptolemy/domains/sdf/test/auto/relationGroup13.xml (RunModel)" time="0.018" />
  <testcase classname="ptolemy.util.test.junit.AutoTests" name="[36] /home/travis/build/icyphy/ptII/ptolemy/domains/sdf/test/auto/relationGroup14.xml (RunModel)" time="0.014" />
  <testcase classname="ptolemy.util.test.junit.AutoTests" name="[37] /home/travis/build/icyphy/ptII/ptolemy/domains/sdf/test/auto/relationGroup15.xml (RunModel)" time="0.014" />
  <testcase classname="ptolemy.util.test.junit.AutoTests" name="[38] /home/travis/build/icyphy/ptII/ptolemy/domains/sdf/test/auto/relationGroup2.xml (RunModel)" time="0.011" />
  <testcase classname="ptolemy.util.test.junit.AutoTests" name="[39] /home/travis/build/icyphy/ptII/ptolemy/domains/sdf/test/auto/relationGroup3.xml (RunModel)" time="0.012" />
  <testcase classname="ptolemy.util.test.junit.AutoTests" name="[40] /home/travis/build/icyphy/ptII/ptolemy/domains/sdf/test/auto/relationGroup4.xml (RunModel)" time="0.016" />
  <testcase classname="ptolemy.util.test.junit.AutoTests" name="[41] /home/travis/build/icyphy/ptII/ptolemy/domains/sdf/test/auto/relationGroup5.xml (RunModel)" time="0.013" />
  <testcase classname="ptolemy.util.test.junit.AutoTests" name="[42] /home/travis/build/icyphy/ptII/ptolemy/domains/sdf/test/auto/relationGroup6.xml (RunModel)" time="0.018" />
  <testcase classname="ptolemy.util.test.junit.AutoTests" name="[43] /home/travis/build/icyphy/ptII/ptolemy/domains/sdf/test/auto/relationGroup7.xml (RunModel)" time="0.008" />
  <testcase classname="ptolemy.util.test.junit.AutoTests" name="[44] /home/travis/build/icyphy/ptII/ptolemy/domains/sdf/test/auto/relationGroup8.xml (RunModel)" time="0.015" />
  <testcase classname="ptolemy.util.test.junit.AutoTests" name="[45] /home/travis/build/icyphy/ptII/ptolemy/domains/sdf/test/auto/relationGroup9.xml (RunModel)" time="0.024" />
  <testcase classname="ptolemy.util.test.junit.AutoTests" name="[46] /home/travis/build/icyphy/ptII/ptolemy/domains/sdf/test/auto/sdf_inside_de.xml (RunModel)" time="0.039" />
  <testcase classname="ptolemy.util.test.junit.AutoTests" name="[47] /home/travis/build/icyphy/ptII/ptolemy/domains/sdf/test/auto/sdf_inside_pn.xml (RunModel)" time="0.044" />
  <testcase classname="ptolemy.util.test.junit.AutoTests" name="[48] /home/travis/build/icyphy/ptII/ptolemy/domains/sdf/test/auto/sdf_sdf1.xml (RunModel)" time="0.039" />
  <testcase classname="ptolemy.util.test.junit.AutoTests" name="[49] /home/travis/build/icyphy/ptII/ptolemy/domains/sdf/test/auto/test1.xml (RunModel)" time="0.017" />
  <testcase classname="ptolemy.util.test.junit.AutoTests" name="[50] /home/travis/build/icyphy/ptII/ptolemy/domains/sdf/test/auto/time1.xml (RunModel)" time="0.012" />
  <testcase classname="ptolemy.util.test.junit.AutoTests" name="[51] /home/travis/build/icyphy/ptII/ptolemy/domains/sdf/test/auto/time2.xml (RunModel)" time="0.013" />
  <testcase classname="ptolemy.util.test.junit.AutoTests" name="[52] /home/travis/build/icyphy/ptII/ptolemy/domains/sdf/test/auto/time3.xml (RunModel)" time="0.024" />
  <testcase classname="ptolemy.util.test.junit.AutoTests" name="[53] /home/travis/build/icyphy/ptII/ptolemy/domains/sdf/test/auto/time4.xml (RunModel)" time="0.019" />
  <testcase classname="ptolemy.util.test.junit.AutoTests" name="[54] /home/travis/build/icyphy/ptII/ptolemy/domains/sdf/test/auto/time5.xml (RunModel)" time="4.009" />
  <testcase classname="ptolemy.util.test.junit.AutoTests" name="[55] /home/travis/build/icyphy/ptII/ptolemy/domains/sdf/test/auto/typeSystem_Const_Integer_smallest_Type.xml (RunModel)" time="0.034" />
  <testcase classname="ptolemy.util.test.junit.AutoTests" name="[56] /home/travis/build/icyphy/ptII/ptolemy/domains/sdf/test/auto/typeSystem_declared_Inports_OutportTypeException.xml (RunModel)" time="0.019" />
  <testcase classname="ptolemy.util.test.junit.AutoTests" name="[57] /home/travis/build/icyphy/ptII/ptolemy/domains/sdf/test/auto/typeSystem_oneDeclaredInportType_wrongTypeOutport.xml (RunModel)" time="0.016" />
  <testcase classname="ptolemy.util.test.junit.AutoTests" name="[58] /home/travis/build/icyphy/ptII/ptolemy/domains/sdf/test/auto/width.xml (RunModel)" time="0.012" />
  <testcase classname="ptolemy.util.test.junit.AutoTests" name="[59] /home/travis/build/icyphy/ptII/ptolemy/domains/sdf/test/auto/width2.xml (RunModel)" time="0.034" />
  <testcase classname="ptolemy.util.test.junit.AutoTests" name="[60] /home/travis/build/icyphy/ptII/ptolemy/domains/sdf/test/auto/width3.xml (RunModel)" time="0.042" />
  <system-out><![CDATA[/home/travis/build/icyphy/ptII/ptolemy/domains/sdf/test/SDFSchedulerErrors.tcl
testDefs.tcl: setting time out to 9000 seconds at Tue Sep 03 05:53:36 UTC 2019
86 ms. Memory: 120832K Free: 82374K (68%)
15 ms. Memory: 120832K Free: 74696K (62%)
11 ms. Memory: 120832K Free: 68023K (56%)
18 ms. Memory: 120832K Free: 64966K (54%)
/home/travis/build/icyphy/ptII/ptolemy/domains/sdf/test/composition.tcl
52 ms. Memory: 120832K Free: 61384K (51%)
13 ms. Memory: 120832K Free: 59336K (49%)
/home/travis/build/icyphy/ptII/ptolemy/domains/sdf/test/cycle.tcl
.Toplevel.Director Preinitializing ...
Invoking preinitialize():  .Toplevel.Actor1
Invoking preinitialize():  .Toplevel.Actor2
Invoking preinitialize():  .Toplevel.Delay
.Toplevel.Director Finished preinitialize().
### Schedule:
Execute Schedule{
Fire Actor ptolemy.domains.sdf.kernel.test.SDFTestDelay {.Toplevel.Actor1}
Fire Actor ptolemy.domains.sdf.kernel.test.SDFTestDelay {.Toplevel.Actor2}
Fire Actor ptolemy.domains.sdf.lib.SampleDelay {.Toplevel.Delay}
}
### End schedule
Called initialize().
Invoking initialize():  .Toplevel.Actor1
Initializing actor: .Toplevel.Actor1.
Invoking initialize():  .Toplevel.Actor2
Initializing actor: .Toplevel.Actor2.
Invoking initialize():  .Toplevel.Delay
Initializing actor: .Toplevel.Delay.
Director: Called prefire().
-- Setting current time to 0.0
Director prefire returns true.
The actor .Toplevel.Actor1 will be iterated.
The actor .Toplevel.Actor1 was iterated.
The actor .Toplevel.Actor2 will be iterated.
The actor .Toplevel.Actor2 was iterated.
The actor .Toplevel.Delay will be iterated.
The actor .Toplevel.Delay was iterated.
Director: Called postfire().
Postfire returns: true
Director: Called prefire().
-- Setting current time to 0.0
Director prefire returns true.
The actor .Toplevel.Actor1 will be iterated.
The actor .Toplevel.Actor1 was iterated.
The actor .Toplevel.Actor2 will be iterated.
The actor .Toplevel.Actor2 was iterated.
The actor .Toplevel.Delay will be iterated.
The actor .Toplevel.Delay was iterated.
Director: Called postfire().
Postfire returns: true
Director: Called prefire().
-- Setting current time to 0.0
Director prefire returns true.
The actor .Toplevel.Actor1 will be iterated.
The actor .Toplevel.Actor1 was iterated.
The actor .Toplevel.Actor2 will be iterated.
The actor .Toplevel.Actor2 was iterated.
The actor .Toplevel.Delay will be iterated.
The actor .Toplevel.Delay was iterated.
Director: Called postfire().
Postfire returns: true
Director: Called prefire().
-- Setting current time to 0.0
Director prefire returns true.
The actor .Toplevel.Actor1 will be iterated.
The actor .Toplevel.Actor1 was iterated.
The actor .Toplevel.Actor2 will be iterated.
The actor .Toplevel.Actor2 was iterated.
The actor .Toplevel.Delay will be iterated.
The actor .Toplevel.Delay was iterated.
Director: Called postfire().
Postfire returns: true
Director: Called prefire().
-- Setting current time to 0.0
Director prefire returns true.
The actor .Toplevel.Actor1 will be iterated.
The actor .Toplevel.Actor1 was iterated.
The actor .Toplevel.Actor2 will be iterated.
The actor .Toplevel.Actor2 was iterated.
The actor .Toplevel.Delay will be iterated.
The actor .Toplevel.Delay was iterated.
Director: Called postfire().
Postfire returns: true
Director: Called prefire().
-- Setting current time to 0.0
Director prefire returns true.
The actor .Toplevel.Actor1 will be iterated.
The actor .Toplevel.Actor1 was iterated.
The actor .Toplevel.Actor2 will be iterated.
The actor .Toplevel.Actor2 was iterated.
The actor .Toplevel.Delay will be iterated.
The actor .Toplevel.Delay was iterated.
Reached specified number of iterations: 6
Director: Called wrapup().
21 ms. Memory: 120832K Free: 56264K (47%)
09/03/19 05:53:37
Failed: 0  Total Tests: 8  ((Passed: 8, Newly Passed: 0)  Known Failed: 0) /home/travis/build/icyphy/ptII/ptolemy/domains/sdf/test
No auto/knownFailedTests/*.xml tests in /home/travis/build/icyphy/ptII/ptolemy/domains/sdf/test
No auto/linux-amd64/*.xml tests in /home/travis/build/icyphy/ptII/ptolemy/domains/sdf/test
AutoTests.java: About to close Vertx.
AutoTests.java: Vertx closed.

===========================================================================================
----------------- testing Tue Sep 03 05:53:38 UTC 2019 /home/travis/build/icyphy/ptII/ptolemy/domains/sdf/test/auto/Array.xml
----------------- Instantiating /home/travis/build/icyphy/ptII/ptolemy/domains/sdf/test/auto/Array.xml
65 ms. Memory: 120832K Free: 104520K (87%)
----------------- Invoking toplevel() on ptolemy.moml.MoMLSimpleApplication@60065f69
----------------- Done invoking toplevel() on ptolemy.moml.MoMLSimpleApplication@60065f69
reloadAllAccessors: .Array

===========================================================================================
----------------- testing Tue Sep 03 05:53:38 UTC 2019 /home/travis/build/icyphy/ptII/ptolemy/domains/sdf/test/auto/Butterfly.xml
----------------- Instantiating /home/travis/build/icyphy/ptII/ptolemy/domains/sdf/test/auto/Butterfly.xml
89 ms. Memory: 120832K Free: 98842K (82%)
----------------- Invoking toplevel() on ptolemy.moml.MoMLSimpleApplication@50e3287d
----------------- Done invoking toplevel() on ptolemy.moml.MoMLSimpleApplication@50e3287d
reloadAllAccessors: .Butterfly

===========================================================================================
----------------- testing Tue Sep 03 05:53:38 UTC 2019 /home/travis/build/icyphy/ptII/ptolemy/domains/sdf/test/auto/Expression.xml
----------------- Instantiating /home/travis/build/icyphy/ptII/ptolemy/domains/sdf/test/auto/Expression.xml
76 ms. Memory: 120832K Free: 94152K (78%)
----------------- Invoking toplevel() on ptolemy.moml.MoMLSimpleApplication@7e923f96
----------------- Done invoking toplevel() on ptolemy.moml.MoMLSimpleApplication@7e923f96
reloadAllAccessors: .Expression

===========================================================================================
----------------- testing Tue Sep 03 05:53:38 UTC 2019 /home/travis/build/icyphy/ptII/ptolemy/domains/sdf/test/auto/Eye.xml
----------------- Instantiating /home/travis/build/icyphy/ptII/ptolemy/domains/sdf/test/auto/Eye.xml
187 ms. Memory: 154624K Free: 132595K (86%)
----------------- Invoking toplevel() on ptolemy.moml.MoMLSimpleApplication@370fbe0d
----------------- Done invoking toplevel() on ptolemy.moml.MoMLSimpleApplication@370fbe0d
reloadAllAccessors: .Eye

===========================================================================================
----------------- testing Tue Sep 03 05:53:38 UTC 2019 /home/travis/build/icyphy/ptII/ptolemy/domains/sdf/test/auto/FixFIR.xml
----------------- Instantiating /home/travis/build/icyphy/ptII/ptolemy/domains/sdf/test/auto/FixFIR.xml
143 ms. Memory: 154624K Free: 100048K (65%)
----------------- Invoking toplevel() on ptolemy.moml.MoMLSimpleApplication@1d282a80
----------------- Done invoking toplevel() on ptolemy.moml.MoMLSimpleApplication@1d282a80
reloadAllAccessors: .FixFIR

===========================================================================================
----------------- testing Tue Sep 03 05:53:39 UTC 2019 /home/travis/build/icyphy/ptII/ptolemy/domains/sdf/test/auto/FixPoint.xml
----------------- Instantiating /home/travis/build/icyphy/ptII/ptolemy/domains/sdf/test/auto/FixPoint.xml
11 ms. Memory: 154624K Free: 139306K (90%)
----------------- Invoking toplevel() on ptolemy.moml.MoMLSimpleApplication@115d7247
----------------- Done invoking toplevel() on ptolemy.moml.MoMLSimpleApplication@115d7247
reloadAllAccessors: .FixPoint

===========================================================================================
----------------- testing Tue Sep 03 05:53:39 UTC 2019 /home/travis/build/icyphy/ptII/ptolemy/domains/sdf/test/auto/Gravitation.xml
----------------- Instantiating /home/travis/build/icyphy/ptII/ptolemy/domains/sdf/test/auto/Gravitation.xml
3166 ms. Memory: 154624K Free: 92237K (60%)
----------------- Invoking toplevel() on ptolemy.moml.MoMLSimpleApplication@7c2a73e5
----------------- Done invoking toplevel() on ptolemy.moml.MoMLSimpleApplication@7c2a73e5
reloadAllAccessors: .Gravitation

===========================================================================================
----------------- testing Tue Sep 03 05:53:42 UTC 2019 /home/travis/build/icyphy/ptII/ptolemy/domains/sdf/test/auto/GravitationWithCollisionDetection.xml
----------------- Instantiating /home/travis/build/icyphy/ptII/ptolemy/domains/sdf/test/auto/GravitationWithCollisionDetection.xml
6453 ms. Memory: 343040K Free: 322604K (94%)
----------------- Invoking toplevel() on ptolemy.moml.MoMLSimpleApplication@20a35e23
----------------- Done invoking toplevel() on ptolemy.moml.MoMLSimpleApplication@20a35e23
reloadAllAccessors: .GravitationWithCollisionDetection

===========================================================================================
----------------- testing Tue Sep 03 05:53:49 UTC 2019 /home/travis/build/icyphy/ptII/ptolemy/domains/sdf/test/auto/HDF.xml
----------------- Instantiating /home/travis/build/icyphy/ptII/ptolemy/domains/sdf/test/auto/HDF.xml
57 ms. Memory: 343040K Free: 306724K (89%)
----------------- Invoking toplevel() on ptolemy.moml.MoMLSimpleApplication@5127389e
----------------- Done invoking toplevel() on ptolemy.moml.MoMLSimpleApplication@5127389e
reloadAllAccessors: .HDF

===========================================================================================
----------------- testing Tue Sep 03 05:53:49 UTC 2019 /home/travis/build/icyphy/ptII/ptolemy/domains/sdf/test/auto/HDFwithTransientStates.xml
----------------- Instantiating /home/travis/build/icyphy/ptII/ptolemy/domains/sdf/test/auto/HDFwithTransientStates.xml
28 ms. Memory: 343040K Free: 287788K (84%)
----------------- Invoking toplevel() on ptolemy.moml.MoMLSimpleApplication@58e000a1
----------------- Done invoking toplevel() on ptolemy.moml.MoMLSimpleApplication@58e000a1
reloadAllAccessors: .HDFwithTransientStates

===========================================================================================
----------------- testing Tue Sep 03 05:53:49 UTC 2019 /home/travis/build/icyphy/ptII/ptolemy/domains/sdf/test/auto/HTVQ.xml
----------------- Instantiating /home/travis/build/icyphy/ptII/ptolemy/domains/sdf/test/auto/HTVQ.xml
821 ms. Memory: 343040K Free: 126409K (37%)
----------------- Invoking toplevel() on ptolemy.moml.MoMLSimpleApplication@33399e64
----------------- Done invoking toplevel() on ptolemy.moml.MoMLSimpleApplication@33399e64
reloadAllAccessors: .HTVQ

===========================================================================================
----------------- testing Tue Sep 03 05:53:50 UTC 2019 /home/travis/build/icyphy/ptII/ptolemy/domains/sdf/test/auto/InferInitProduction.xml
----------------- Instantiating /home/travis/build/icyphy/ptII/ptolemy/domains/sdf/test/auto/InferInitProduction.xml
11 ms. Memory: 343040K Free: 323266K (94%)
----------------- Invoking toplevel() on ptolemy.moml.MoMLSimpleApplication@3d088c9f
----------------- Done invoking toplevel() on ptolemy.moml.MoMLSimpleApplication@3d088c9f
reloadAllAccessors: .InferInitProduction

===========================================================================================
----------------- testing Tue Sep 03 05:53:50 UTC 2019 /home/travis/build/icyphy/ptII/ptolemy/domains/sdf/test/auto/InferInitProductionDeeper.xml
----------------- Instantiating /home/travis/build/icyphy/ptII/ptolemy/domains/sdf/test/auto/InferInitProductionDeeper.xml
4 ms. Memory: 343040K Free: 317122K (92%)
----------------- Invoking toplevel() on ptolemy.moml.MoMLSimpleApplication@4fb4a5f3
----------------- Done invoking toplevel() on ptolemy.moml.MoMLSimpleApplication@4fb4a5f3
reloadAllAccessors: .InferInitProductionDeeper

===========================================================================================
----------------- testing Tue Sep 03 05:53:50 UTC 2019 /home/travis/build/icyphy/ptII/ptolemy/domains/sdf/test/auto/LMSAdaptive.xml
----------------- Instantiating /home/travis/build/icyphy/ptII/ptolemy/domains/sdf/test/auto/LMSAdaptive.xml
15 ms. Memory: 343040K Free: 307392K (90%)
----------------- Invoking toplevel() on ptolemy.moml.MoMLSimpleApplication@3a9f68d8
----------------- Done invoking toplevel() on ptolemy.moml.MoMLSimpleApplication@3a9f68d8
reloadAllAccessors: .LMSAdaptive

===========================================================================================
----------------- testing Tue Sep 03 05:53:50 UTC 2019 /home/travis/build/icyphy/ptII/ptolemy/domains/sdf/test/auto/LogisticMap.xml
----------------- Instantiating /home/travis/build/icyphy/ptII/ptolemy/domains/sdf/test/auto/LogisticMap.xml
442 ms. Memory: 343040K Free: 301762K (88%)
----------------- Invoking toplevel() on ptolemy.moml.MoMLSimpleApplication@3995ff47
----------------- Done invoking toplevel() on ptolemy.moml.MoMLSimpleApplication@3995ff47
reloadAllAccessors: .LogisticMap

===========================================================================================
----------------- testing Tue Sep 03 05:53:51 UTC 2019 /home/travis/build/icyphy/ptII/ptolemy/domains/sdf/test/auto/MaximumEntropySpectrum.xml
----------------- Instantiating /home/travis/build/icyphy/ptII/ptolemy/domains/sdf/test/auto/MaximumEntropySpectrum.xml
72 ms. Memory: 343040K Free: 240322K (70%)
----------------- Invoking toplevel() on ptolemy.moml.MoMLSimpleApplication@73ccb5a7
----------------- Done invoking toplevel() on ptolemy.moml.MoMLSimpleApplication@73ccb5a7
reloadAllAccessors: .MaximumEntropySpectrum

===========================================================================================
----------------- testing Tue Sep 03 05:53:51 UTC 2019 /home/travis/build/icyphy/ptII/ptolemy/domains/sdf/test/auto/MultirateSDF.xml
----------------- Instantiating /home/travis/build/icyphy/ptII/ptolemy/domains/sdf/test/auto/MultirateSDF.xml
21 ms. Memory: 343040K Free: 225986K (66%)
----------------- Invoking toplevel() on ptolemy.moml.MoMLSimpleApplication@6ae2495c
----------------- Done invoking toplevel() on ptolemy.moml.MoMLSimpleApplication@6ae2495c
reloadAllAccessors: .MultirateSDF

===========================================================================================
----------------- testing Tue Sep 03 05:53:51 UTC 2019 /home/travis/build/icyphy/ptII/ptolemy/domains/sdf/test/auto/MultirateSDFwithTransientStates.xml
----------------- Instantiating /home/travis/build/icyphy/ptII/ptolemy/domains/sdf/test/auto/MultirateSDFwithTransientStates.xml
18 ms. Memory: 343040K Free: 207040K (60%)
----------------- Invoking toplevel() on ptolemy.moml.MoMLSimpleApplication@6a382ee5
----------------- Done invoking toplevel() on ptolemy.moml.MoMLSimpleApplication@6a382ee5
reloadAllAccessors: .MultirateSDFwithTransientStates

===========================================================================================
----------------- testing Tue Sep 03 05:53:51 UTC 2019 /home/travis/build/icyphy/ptII/ptolemy/domains/sdf/test/auto/NoisySinewave.xml
----------------- Instantiating /home/travis/build/icyphy/ptII/ptolemy/domains/sdf/test/auto/NoisySinewave.xml
16 ms. Memory: 343040K Free: 190656K (56%)
----------------- Invoking toplevel() on ptolemy.moml.MoMLSimpleApplication@701e12ab
----------------- Done invoking toplevel() on ptolemy.moml.MoMLSimpleApplication@701e12ab
reloadAllAccessors: .NoisySinewave

===========================================================================================
----------------- testing Tue Sep 03 05:53:51 UTC 2019 /home/travis/build/icyphy/ptII/ptolemy/domains/sdf/test/auto/Objects.xml
----------------- Instantiating /home/travis/build/icyphy/ptII/ptolemy/domains/sdf/test/auto/Objects.xml
6 ms. Memory: 343040K Free: 181954K (53%)
----------------- Invoking toplevel() on ptolemy.moml.MoMLSimpleApplication@5559635f
----------------- Done invoking toplevel() on ptolemy.moml.MoMLSimpleApplication@5559635f
reloadAllAccessors: .Objects

===========================================================================================
----------------- testing Tue Sep 03 05:53:51 UTC 2019 /home/travis/build/icyphy/ptII/ptolemy/domains/sdf/test/auto/OrthogonalCom.xml
----------------- Instantiating /home/travis/build/icyphy/ptII/ptolemy/domains/sdf/test/auto/OrthogonalCom.xml
9 ms. Memory: 343040K Free: 173762K (51%)
----------------- Invoking toplevel() on ptolemy.moml.MoMLSimpleApplication@1514775d
----------------- Done invoking toplevel() on ptolemy.moml.MoMLSimpleApplication@1514775d
reloadAllAccessors: .OrthogonalCom

===========================================================================================
----------------- testing Tue Sep 03 05:53:51 UTC 2019 /home/travis/build/icyphy/ptII/ptolemy/domains/sdf/test/auto/RijndaelEncryption.xml
----------------- Instantiating /home/travis/build/icyphy/ptII/ptolemy/domains/sdf/test/auto/RijndaelEncryption.xml
332 ms. Memory: 343040K Free: 228573K (67%)
----------------- Invoking toplevel() on ptolemy.moml.MoMLSimpleApplication@72c27e04
----------------- Done invoking toplevel() on ptolemy.moml.MoMLSimpleApplication@72c27e04
reloadAllAccessors: .RijndaelEncryption

===========================================================================================
----------------- testing Tue Sep 03 05:53:52 UTC 2019 /home/travis/build/icyphy/ptII/ptolemy/domains/sdf/test/auto/SDFEmptyIterations.xml
----------------- Instantiating /home/travis/build/icyphy/ptII/ptolemy/domains/sdf/test/auto/SDFEmptyIterations.xml
6 ms. Memory: 343040K Free: 223967K (65%)
----------------- Invoking toplevel() on ptolemy.moml.MoMLSimpleApplication@5296328f
----------------- Done invoking toplevel() on ptolemy.moml.MoMLSimpleApplication@5296328f
reloadAllAccessors: .SDFEmptyIterations

===========================================================================================
----------------- testing Tue Sep 03 05:53:52 UTC 2019 /home/travis/build/icyphy/ptII/ptolemy/domains/sdf/test/auto/Spectrum.xml
----------------- Instantiating /home/travis/build/icyphy/ptII/ptolemy/domains/sdf/test/auto/Spectrum.xml
31 ms. Memory: 343040K Free: 199391K (58%)
----------------- Invoking toplevel() on ptolemy.moml.MoMLSimpleApplication@49f61f75
----------------- Done invoking toplevel() on ptolemy.moml.MoMLSimpleApplication@49f61f75
reloadAllAccessors: .Spectrum

===========================================================================================
----------------- testing Tue Sep 03 05:53:52 UTC 2019 /home/travis/build/icyphy/ptII/ptolemy/domains/sdf/test/auto/de_inside_sdf.xml
----------------- Instantiating /home/travis/build/icyphy/ptII/ptolemy/domains/sdf/test/auto/de_inside_sdf.xml
6 ms. Memory: 343040K Free: 194271K (57%)
----------------- Invoking toplevel() on ptolemy.moml.MoMLSimpleApplication@62c2ac3c
----------------- Done invoking toplevel() on ptolemy.moml.MoMLSimpleApplication@62c2ac3c
reloadAllAccessors: .de_inside_sdf

===========================================================================================
----------------- testing Tue Sep 03 05:53:52 UTC 2019 /home/travis/build/icyphy/ptII/ptolemy/domains/sdf/test/auto/disconnectedHierarchicalSDF.xml
----------------- Instantiating /home/travis/build/icyphy/ptII/ptolemy/domains/sdf/test/auto/disconnectedHierarchicalSDF.xml
5 ms. Memory: 343040K Free: 188127K (55%)
----------------- Invoking toplevel() on ptolemy.moml.MoMLSimpleApplication@55c6f6a3
----------------- Done invoking toplevel() on ptolemy.moml.MoMLSimpleApplication@55c6f6a3
reloadAllAccessors: .disconnectedHierarchicalSDF

===========================================================================================
----------------- testing Tue Sep 03 05:53:52 UTC 2019 /home/travis/build/icyphy/ptII/ptolemy/domains/sdf/test/auto/disconnectedSDF.xml
----------------- Instantiating /home/travis/build/icyphy/ptII/ptolemy/domains/sdf/test/auto/disconnectedSDF.xml
3 ms. Memory: 343040K Free: 184031K (54%)
----------------- Invoking toplevel() on ptolemy.moml.MoMLSimpleApplication@4794cb5c
----------------- Done invoking toplevel() on ptolemy.moml.MoMLSimpleApplication@4794cb5c
reloadAllAccessors: .disconnectedSDF

===========================================================================================
----------------- testing Tue Sep 03 05:53:52 UTC 2019 /home/travis/build/icyphy/ptII/ptolemy/domains/sdf/test/auto/emptyRefinement.xml
----------------- Instantiating /home/travis/build/icyphy/ptII/ptolemy/domains/sdf/test/auto/emptyRefinement.xml
5 ms. Memory: 343040K Free: 179421K (52%)
----------------- Invoking toplevel() on ptolemy.moml.MoMLSimpleApplication@55226353
----------------- Done invoking toplevel() on ptolemy.moml.MoMLSimpleApplication@55226353
reloadAllAccessors: .emptyRefinement

===========================================================================================
----------------- testing Tue Sep 03 05:53:52 UTC 2019 /home/travis/build/icyphy/ptII/ptolemy/domains/sdf/test/auto/filePortParameter.xml
----------------- Instantiating /home/travis/build/icyphy/ptII/ptolemy/domains/sdf/test/auto/filePortParameter.xml
22 ms. Memory: 343040K Free: 172253K (50%)
----------------- Invoking toplevel() on ptolemy.moml.MoMLSimpleApplication@35fe3bd6
----------------- Done invoking toplevel() on ptolemy.moml.MoMLSimpleApplication@35fe3bd6
reloadAllAccessors: .filePortParameter

===========================================================================================
----------------- testing Tue Sep 03 05:53:52 UTC 2019 /home/travis/build/icyphy/ptII/ptolemy/domains/sdf/test/auto/inferRelationWidth1.xml
----------------- Instantiating /home/travis/build/icyphy/ptII/ptolemy/domains/sdf/test/auto/inferRelationWidth1.xml
3 ms. Memory: 343040K Free: 169181K (49%)
----------------- Invoking toplevel() on ptolemy.moml.MoMLSimpleApplication@10d12a9f
----------------- Done invoking toplevel() on ptolemy.moml.MoMLSimpleApplication@10d12a9f
reloadAllAccessors: .inferRelationWidth1

===========================================================================================
----------------- testing Tue Sep 03 05:53:52 UTC 2019 /home/travis/build/icyphy/ptII/ptolemy/domains/sdf/test/auto/initProductionInference.xml
----------------- Instantiating /home/travis/build/icyphy/ptII/ptolemy/domains/sdf/test/auto/initProductionInference.xml
3 ms. Memory: 343040K Free: 165071K (48%)
----------------- Invoking toplevel() on ptolemy.moml.MoMLSimpleApplication@7fc0edc7
----------------- Done invoking toplevel() on ptolemy.moml.MoMLSimpleApplication@7fc0edc7
reloadAllAccessors: .initProductionInference

===========================================================================================
----------------- testing Tue Sep 03 05:53:52 UTC 2019 /home/travis/build/icyphy/ptII/ptolemy/domains/sdf/test/auto/relationGroup.xml
----------------- Instantiating /home/travis/build/icyphy/ptII/ptolemy/domains/sdf/test/auto/relationGroup.xml
3 ms. Memory: 343040K Free: 161503K (47%)
----------------- Invoking toplevel() on ptolemy.moml.MoMLSimpleApplication@22617364
----------------- Done invoking toplevel() on ptolemy.moml.MoMLSimpleApplication@22617364
reloadAllAccessors: .relationGroup

===========================================================================================
----------------- testing Tue Sep 03 05:53:52 UTC 2019 /home/travis/build/icyphy/ptII/ptolemy/domains/sdf/test/auto/relationGroup10.xml
----------------- Instantiating /home/travis/build/icyphy/ptII/ptolemy/domains/sdf/test/auto/relationGroup10.xml
2 ms. Memory: 343040K Free: 157917K (46%)
----------------- Invoking toplevel() on ptolemy.moml.MoMLSimpleApplication@16ff8d6
----------------- Done invoking toplevel() on ptolemy.moml.MoMLSimpleApplication@16ff8d6
reloadAllAccessors: .relationGroup10

===========================================================================================
----------------- testing Tue Sep 03 05:53:52 UTC 2019 /home/travis/build/icyphy/ptII/ptolemy/domains/sdf/test/auto/relationGroup11.xml
----------------- Instantiating /home/travis/build/icyphy/ptII/ptolemy/domains/sdf/test/auto/relationGroup11.xml
3 ms. Memory: 343040K Free: 154335K (45%)
----------------- Invoking toplevel() on ptolemy.moml.MoMLSimpleApplication@2fd73401
----------------- Done invoking toplevel() on ptolemy.moml.MoMLSimpleApplication@2fd73401
reloadAllAccessors: .relationGroup11

===========================================================================================
----------------- testing Tue Sep 03 05:53:52 UTC 2019 /home/travis/build/icyphy/ptII/ptolemy/domains/sdf/test/auto/relationGroup12.xml
----------------- Instantiating /home/travis/build/icyphy/ptII/ptolemy/domains/sdf/test/auto/relationGroup12.xml
3 ms. Memory: 343040K Free: 150749K (44%)
----------------- Invoking toplevel() on ptolemy.moml.MoMLSimpleApplication@57464d3
----------------- Done invoking toplevel() on ptolemy.moml.MoMLSimpleApplication@57464d3
reloadAllAccessors: .relationGroup12

===========================================================================================
----------------- testing Tue Sep 03 05:53:52 UTC 2019 /home/travis/build/icyphy/ptII/ptolemy/domains/sdf/test/auto/relationGroup13.xml
----------------- Instantiating /home/travis/build/icyphy/ptII/ptolemy/domains/sdf/test/auto/relationGroup13.xml
9 ms. Memory: 343040K Free: 146143K (43%)
----------------- Invoking toplevel() on ptolemy.moml.MoMLSimpleApplication@3c859c42
----------------- Done invoking toplevel() on ptolemy.moml.MoMLSimpleApplication@3c859c42
reloadAllAccessors: .relationGroup13

===========================================================================================
----------------- testing Tue Sep 03 05:53:52 UTC 2019 /home/travis/build/icyphy/ptII/ptolemy/domains/sdf/test/auto/relationGroup14.xml
----------------- Instantiating /home/travis/build/icyphy/ptII/ptolemy/domains/sdf/test/auto/relationGroup14.xml
3 ms. Memory: 343040K Free: 141533K (41%)
----------------- Invoking toplevel() on ptolemy.moml.MoMLSimpleApplication@7ba3428
----------------- Done invoking toplevel() on ptolemy.moml.MoMLSimpleApplication@7ba3428
reloadAllAccessors: .relationGroup14

===========================================================================================
----------------- testing Tue Sep 03 05:53:52 UTC 2019 /home/travis/build/icyphy/ptII/ptolemy/domains/sdf/test/auto/relationGroup15.xml
----------------- Instantiating /home/travis/build/icyphy/ptII/ptolemy/domains/sdf/test/auto/relationGroup15.xml
2 ms. Memory: 343040K Free: 137951K (40%)
----------------- Invoking toplevel() on ptolemy.moml.MoMLSimpleApplication@6bc6543f
----------------- Done invoking toplevel() on ptolemy.moml.MoMLSimpleApplication@6bc6543f
reloadAllAccessors: .relationGroup15

===========================================================================================
----------------- testing Tue Sep 03 05:53:52 UTC 2019 /home/travis/build/icyphy/ptII/ptolemy/domains/sdf/test/auto/relationGroup2.xml
----------------- Instantiating /home/travis/build/icyphy/ptII/ptolemy/domains/sdf/test/auto/relationGroup2.xml
2 ms. Memory: 343040K Free: 134879K (39%)
----------------- Invoking toplevel() on ptolemy.moml.MoMLSimpleApplication@49524ca5
----------------- Done invoking toplevel() on ptolemy.moml.MoMLSimpleApplication@49524ca5
reloadAllAccessors: .relationGroup2

===========================================================================================
----------------- testing Tue Sep 03 05:53:52 UTC 2019 /home/travis/build/icyphy/ptII/ptolemy/domains/sdf/test/auto/relationGroup3.xml
----------------- Instantiating /home/travis/build/icyphy/ptII/ptolemy/domains/sdf/test/auto/relationGroup3.xml
2 ms. Memory: 343040K Free: 131807K (38%)
----------------- Invoking toplevel() on ptolemy.moml.MoMLSimpleApplication@79d6f8d6
----------------- Done invoking toplevel() on ptolemy.moml.MoMLSimpleApplication@79d6f8d6
reloadAllAccessors: .relationGroup3

===========================================================================================
----------------- testing Tue Sep 03 05:53:52 UTC 2019 /home/travis/build/icyphy/ptII/ptolemy/domains/sdf/test/auto/relationGroup4.xml
----------------- Instantiating /home/travis/build/icyphy/ptII/ptolemy/domains/sdf/test/auto/relationGroup4.xml
7 ms. Memory: 343040K Free: 127197K (37%)
----------------- Invoking toplevel() on ptolemy.moml.MoMLSimpleApplication@7cf3d85d
----------------- Done invoking toplevel() on ptolemy.moml.MoMLSimpleApplication@7cf3d85d
reloadAllAccessors: .relationGroup4

===========================================================================================
----------------- testing Tue Sep 03 05:53:52 UTC 2019 /home/travis/build/icyphy/ptII/ptolemy/domains/sdf/test/auto/relationGroup5.xml
----------------- Instantiating /home/travis/build/icyphy/ptII/ptolemy/domains/sdf/test/auto/relationGroup5.xml
2 ms. Memory: 343040K Free: 123071K (36%)
----------------- Invoking toplevel() on ptolemy.moml.MoMLSimpleApplication@7867879e
----------------- Done invoking toplevel() on ptolemy.moml.MoMLSimpleApplication@7867879e
reloadAllAccessors: .relationGroup5

===========================================================================================
----------------- testing Tue Sep 03 05:53:52 UTC 2019 /home/travis/build/icyphy/ptII/ptolemy/domains/sdf/test/auto/relationGroup6.xml
----------------- Instantiating /home/travis/build/icyphy/ptII/ptolemy/domains/sdf/test/auto/relationGroup6.xml
4 ms. Memory: 343040K Free: 321846K (94%)
----------------- Invoking toplevel() on ptolemy.moml.MoMLSimpleApplication@13e18f9d
----------------- Done invoking toplevel() on ptolemy.moml.MoMLSimpleApplication@13e18f9d
reloadAllAccessors: .relationGroup6

===========================================================================================
----------------- testing Tue Sep 03 05:53:52 UTC 2019 /home/travis/build/icyphy/ptII/ptolemy/domains/sdf/test/auto/relationGroup7.xml
----------------- Instantiating /home/travis/build/icyphy/ptII/ptolemy/domains/sdf/test/auto/relationGroup7.xml
2 ms. Memory: 343040K Free: 318270K (93%)
----------------- Invoking toplevel() on ptolemy.moml.MoMLSimpleApplication@4ac19311
----------------- Done invoking toplevel() on ptolemy.moml.MoMLSimpleApplication@4ac19311
reloadAllAccessors: .relationGroup7

===========================================================================================
----------------- testing Tue Sep 03 05:53:52 UTC 2019 /home/travis/build/icyphy/ptII/ptolemy/domains/sdf/test/auto/relationGroup8.xml
----------------- Instantiating /home/travis/build/icyphy/ptII/ptolemy/domains/sdf/test/auto/relationGroup8.xml
2 ms. Memory: 343040K Free: 315198K (92%)
----------------- Invoking toplevel() on ptolemy.moml.MoMLSimpleApplication@2ad61023
----------------- Done invoking toplevel() on ptolemy.moml.MoMLSimpleApplication@2ad61023
reloadAllAccessors: .relationGroup8

===========================================================================================
----------------- testing Tue Sep 03 05:53:52 UTC 2019 /home/travis/build/icyphy/ptII/ptolemy/domains/sdf/test/auto/relationGroup9.xml
----------------- Instantiating /home/travis/build/icyphy/ptII/ptolemy/domains/sdf/test/auto/relationGroup9.xml
11 ms. Memory: 343040K Free: 311102K (91%)
----------------- Invoking toplevel() on ptolemy.moml.MoMLSimpleApplication@5871e199
----------------- Done invoking toplevel() on ptolemy.moml.MoMLSimpleApplication@5871e199
reloadAllAccessors: .relationGroup9

===========================================================================================
----------------- testing Tue Sep 03 05:53:52 UTC 2019 /home/travis/build/icyphy/ptII/ptolemy/domains/sdf/test/auto/sdf_inside_de.xml
----------------- Instantiating /home/travis/build/icyphy/ptII/ptolemy/domains/sdf/test/auto/sdf_inside_de.xml
10 ms. Memory: 343040K Free: 301886K (88%)
----------------- Invoking toplevel() on ptolemy.moml.MoMLSimpleApplication@2f46d10b
----------------- Done invoking toplevel() on ptolemy.moml.MoMLSimpleApplication@2f46d10b
reloadAllAccessors: .sdf_inside_de

===========================================================================================
----------------- testing Tue Sep 03 05:53:52 UTC 2019 /home/travis/build/icyphy/ptII/ptolemy/domains/sdf/test/auto/sdf_inside_pn.xml
----------------- Instantiating /home/travis/build/icyphy/ptII/ptolemy/domains/sdf/test/auto/sdf_inside_pn.xml
23 ms. Memory: 343040K Free: 293180K (85%)
----------------- Invoking toplevel() on ptolemy.moml.MoMLSimpleApplication@40491628
----------------- Done invoking toplevel() on ptolemy.moml.MoMLSimpleApplication@40491628
reloadAllAccessors: .sdf_inside_pn

===========================================================================================
----------------- testing Tue Sep 03 05:53:52 UTC 2019 /home/travis/build/icyphy/ptII/ptolemy/domains/sdf/test/auto/sdf_sdf1.xml
----------------- Instantiating /home/travis/build/icyphy/ptII/ptolemy/domains/sdf/test/auto/sdf_sdf1.xml
17 ms. Memory: 343040K Free: 287550K (84%)
----------------- Invoking toplevel() on ptolemy.moml.MoMLSimpleApplication@1b3ee309
----------------- Done invoking toplevel() on ptolemy.moml.MoMLSimpleApplication@1b3ee309
reloadAllAccessors: .sdf_sdf1

===========================================================================================
----------------- testing Tue Sep 03 05:53:52 UTC 2019 /home/travis/build/icyphy/ptII/ptolemy/domains/sdf/test/auto/test1.xml
----------------- Instantiating /home/travis/build/icyphy/ptII/ptolemy/domains/sdf/test/auto/test1.xml
4 ms. Memory: 343040K Free: 282430K (82%)
----------------- Invoking toplevel() on ptolemy.moml.MoMLSimpleApplication@5b21a141
----------------- Done invoking toplevel() on ptolemy.moml.MoMLSimpleApplication@5b21a141
reloadAllAccessors: .test1

===========================================================================================
----------------- testing Tue Sep 03 05:53:52 UTC 2019 /home/travis/build/icyphy/ptII/ptolemy/domains/sdf/test/auto/time1.xml
----------------- Instantiating /home/travis/build/icyphy/ptII/ptolemy/domains/sdf/test/auto/time1.xml
3 ms. Memory: 343040K Free: 278844K (81%)
----------------- Invoking toplevel() on ptolemy.moml.MoMLSimpleApplication@1c1e53ba
----------------- Done invoking toplevel() on ptolemy.moml.MoMLSimpleApplication@1c1e53ba
reloadAllAccessors: .time1

===========================================================================================
----------------- testing Tue Sep 03 05:53:52 UTC 2019 /home/travis/build/icyphy/ptII/ptolemy/domains/sdf/test/auto/time2.xml
----------------- Instantiating /home/travis/build/icyphy/ptII/ptolemy/domains/sdf/test/auto/time2.xml
2 ms. Memory: 343040K Free: 275262K (80%)
----------------- Invoking toplevel() on ptolemy.moml.MoMLSimpleApplication@7b94b99d
----------------- Done invoking toplevel() on ptolemy.moml.MoMLSimpleApplication@7b94b99d
reloadAllAccessors: .time2

===========================================================================================
----------------- testing Tue Sep 03 05:53:52 UTC 2019 /home/travis/build/icyphy/ptII/ptolemy/domains/sdf/test/auto/time3.xml
----------------- Instantiating /home/travis/build/icyphy/ptII/ptolemy/domains/sdf/test/auto/time3.xml
7 ms. Memory: 343040K Free: 270142K (79%)
----------------- Invoking toplevel() on ptolemy.moml.MoMLSimpleApplication@76667f2
----------------- Done invoking toplevel() on ptolemy.moml.MoMLSimpleApplication@76667f2
reloadAllAccessors: .time3

===========================================================================================
----------------- testing Tue Sep 03 05:53:52 UTC 2019 /home/travis/build/icyphy/ptII/ptolemy/domains/sdf/test/auto/time4.xml
----------------- Instantiating /home/travis/build/icyphy/ptII/ptolemy/domains/sdf/test/auto/time4.xml
6 ms. Memory: 343040K Free: 264494K (77%)
----------------- Invoking toplevel() on ptolemy.moml.MoMLSimpleApplication@26185cfd
----------------- Done invoking toplevel() on ptolemy.moml.MoMLSimpleApplication@26185cfd
reloadAllAccessors: .time4

===========================================================================================
----------------- testing Tue Sep 03 05:53:52 UTC 2019 /home/travis/build/icyphy/ptII/ptolemy/domains/sdf/test/auto/time5.xml
----------------- Instantiating /home/travis/build/icyphy/ptII/ptolemy/domains/sdf/test/auto/time5.xml
4002 ms. Memory: 343040K Free: 260926K (76%)
----------------- Invoking toplevel() on ptolemy.moml.MoMLSimpleApplication@3ee4cb90
----------------- Done invoking toplevel() on ptolemy.moml.MoMLSimpleApplication@3ee4cb90
reloadAllAccessors: .time5

===========================================================================================
----------------- testing Tue Sep 03 05:53:56 UTC 2019 /home/travis/build/icyphy/ptII/ptolemy/domains/sdf/test/auto/typeSystem_Const_Integer_smallest_Type.xml
----------------- Instantiating /home/travis/build/icyphy/ptII/ptolemy/domains/sdf/test/auto/typeSystem_Const_Integer_smallest_Type.xml
7 ms. Memory: 343040K Free: 255806K (75%)
----------------- Invoking toplevel() on ptolemy.moml.MoMLSimpleApplication@74fe441a
----------------- Done invoking toplevel() on ptolemy.moml.MoMLSimpleApplication@74fe441a
reloadAllAccessors: .typeSystem_Const_Integer_smallest_Type

===========================================================================================
----------------- testing Tue Sep 03 05:53:57 UTC 2019 /home/travis/build/icyphy/ptII/ptolemy/domains/sdf/test/auto/typeSystem_declared_Inports_OutportTypeException.xml
----------------- Instantiating /home/travis/build/icyphy/ptII/ptolemy/domains/sdf/test/auto/typeSystem_declared_Inports_OutportTypeException.xml
.typeSystem_declared_Inports_OutportTypeException.TestExceptionAttribute: initialize() was not invoked, but wrapup() was.  This is unusual, but not always a problem.  For example, exporting JNLP will do this.
5 ms. Memory: 343040K Free: 251196K (73%)
----------------- Invoking toplevel() on ptolemy.moml.MoMLSimpleApplication@78b3cc76
----------------- Done invoking toplevel() on ptolemy.moml.MoMLSimpleApplication@78b3cc76
reloadAllAccessors: .typeSystem_declared_Inports_OutportTypeException

===========================================================================================
----------------- testing Tue Sep 03 05:53:57 UTC 2019 /home/travis/build/icyphy/ptII/ptolemy/domains/sdf/test/auto/typeSystem_oneDeclaredInportType_wrongTypeOutport.xml
----------------- Instantiating /home/travis/build/icyphy/ptII/ptolemy/domains/sdf/test/auto/typeSystem_oneDeclaredInportType_wrongTypeOutport.xml
3 ms. Memory: 343040K Free: 247100K (72%)
----------------- Invoking toplevel() on ptolemy.moml.MoMLSimpleApplication@1253c5fd
----------------- Done invoking toplevel() on ptolemy.moml.MoMLSimpleApplication@1253c5fd
reloadAllAccessors: .typeSystem_oneDeclaredInportType_wrongTypeOutport

===========================================================================================
----------------- testing Tue Sep 03 05:53:57 UTC 2019 /home/travis/build/icyphy/ptII/ptolemy/domains/sdf/test/auto/width.xml
----------------- Instantiating /home/travis/build/icyphy/ptII/ptolemy/domains/sdf/test/auto/width.xml
2 ms. Memory: 343040K Free: 243004K (71%)
----------------- Invoking toplevel() on ptolemy.moml.MoMLSimpleApplication@4a096af1
----------------- Done invoking toplevel() on ptolemy.moml.MoMLSimpleApplication@4a096af1
reloadAllAccessors: .width

===========================================================================================
----------------- testing Tue Sep 03 05:53:57 UTC 2019 /home/travis/build/icyphy/ptII/ptolemy/domains/sdf/test/auto/width2.xml
----------------- Instantiating /home/travis/build/icyphy/ptII/ptolemy/domains/sdf/test/auto/width2.xml
24 ms. Memory: 343040K Free: 237884K (69%)
----------------- Invoking toplevel() on ptolemy.moml.MoMLSimpleApplication@1d6461c4
----------------- Done invoking toplevel() on ptolemy.moml.MoMLSimpleApplication@1d6461c4
reloadAllAccessors: .width2

===========================================================================================
----------------- testing Tue Sep 03 05:53:57 UTC 2019 /home/travis/build/icyphy/ptII/ptolemy/domains/sdf/test/auto/width3.xml
----------------- Instantiating /home/travis/build/icyphy/ptII/ptolemy/domains/sdf/test/auto/width3.xml
29 ms. Memory: 343040K Free: 232764K (68%)
----------------- Invoking toplevel() on ptolemy.moml.MoMLSimpleApplication@2f400138
----------------- Done invoking toplevel() on ptolemy.moml.MoMLSimpleApplication@2f400138
reloadAllAccessors: .width3
AutoTests.java: About to close Vertx.
AutoTests.java: Vertx closed.
]]></system-out>
  <system-err><![CDATA[java.lang.RuntimeException: Execution failed
	at ptolemy.moml.MoMLSimpleApplication$UnloadThread.run(MoMLSimpleApplication.java:402)
Caused by: ptolemy.actor.sched.NotSchedulableException: No solution exists for the balance equations.
Graph is not consistent under the SDF domain detected on external port .rateConsistency.actor.port2
  in .rateConsistency.SDF Director.Scheduler
	at ptolemy.domains.sdf.kernel.SDFScheduler._propagatePort(SDFScheduler.java:1425)
	at ptolemy.domains.sdf.kernel.SDFScheduler._solveBalanceEquations(SDFScheduler.java:710)
	at ptolemy.domains.sdf.kernel.SDFScheduler._getSchedule(SDFScheduler.java:566)
	at ptolemy.actor.sched.Scheduler.getSchedule(Scheduler.java:189)
	at ptolemy.domains.sdf.kernel.SDFDirector.createSchedule(SDFDirector.java:408)
	at ptolemy.domains.sdf.kernel.SDFDirector.preinitialize(SDFDirector.java:764)
	at ptolemy.actor.CompositeActor.preinitialize(CompositeActor.java:1828)
	at ptolemy.actor.Manager.preinitializeAndResolveTypes(Manager.java:1040)
	at ptolemy.actor.Manager.initialize(Manager.java:710)
	at ptolemy.actor.Manager.execute(Manager.java:356)
	at ptolemy.actor.Manager.run(Manager.java:1263)
	at ptolemy.actor.Manager$PtolemyRunThread.run(Manager.java:1933)
java.lang.RuntimeException: Execution failed
	at ptolemy.moml.MoMLSimpleApplication$UnloadThread.run(MoMLSimpleApplication.java:402)
Caused by: ptolemy.kernel.util.IllegalActionException: Failed to compute schedule:
  in .badRateChanges.typed composite actor.SDF Director
Because:
The SDF rate parameter may change. This is not allowed in SDF models that will be run through the code generator.  If you don't care about code generation, then you might consider setting the allowRateChanges parameter of the SDF director to false.
  in .badRateChanges.typed composite actor.Repeat.output.tokenProductionRate
	at ptolemy.domains.sdf.kernel.SDFDirector.createSchedule(SDFDirector.java:418)
	at ptolemy.domains.sdf.kernel.SDFDirector.preinitialize(SDFDirector.java:764)
	at ptolemy.actor.CompositeActor.preinitialize(CompositeActor.java:1828)
	at ptolemy.actor.Director.preinitialize(Director.java:1302)
	at ptolemy.actor.Director.preinitialize(Director.java:1257)
	at ptolemy.domains.sdf.kernel.SDFDirector.preinitialize(SDFDirector.java:763)
	at ptolemy.actor.CompositeActor.preinitialize(CompositeActor.java:1828)
	at ptolemy.actor.Manager.preinitializeAndResolveTypes(Manager.java:1040)
	at ptolemy.actor.Manager.initialize(Manager.java:710)
	at ptolemy.actor.Manager.execute(Manager.java:356)
	at ptolemy.actor.Manager.run(Manager.java:1263)
	at ptolemy.actor.Manager$PtolemyRunThread.run(Manager.java:1933)
Caused by: ptolemy.kernel.util.IllegalActionException: The SDF rate parameter may change. This is not allowed in SDF models that will be run through the code generator.  If you don't care about code generation, then you might consider setting the allowRateChanges parameter of the SDF director to false.
  in .badRateChanges.typed composite actor.Repeat.output.tokenProductionRate
	at ptolemy.domains.sdf.kernel.SDFScheduler._assertDynamicRateVariable(SDFScheduler.java:931)
	at ptolemy.domains.sdf.kernel.SDFScheduler._checkDynamicRateVariables(SDFScheduler.java:339)
	at ptolemy.domains.sdf.kernel.SDFScheduler._getSchedule(SDFScheduler.java:527)
	at ptolemy.actor.sched.Scheduler.getSchedule(Scheduler.java:189)
	at ptolemy.domains.sdf.kernel.SDFDirector.createSchedule(SDFDirector.java:408)
	... 11 more
java.lang.RuntimeException: Execution failed
	at ptolemy.moml.MoMLSimpleApplication$UnloadThread.run(MoMLSimpleApplication.java:402)
Caused by: ptolemy.kernel.util.IllegalActionException: Failed to compute schedule:
  in .badRateChanges2.typed composite actor.SDF Director
Because:
The SDF rate parameter may change. This is not allowed in SDF models that will be run through the code generator.  If you don't care about code generation, then you might consider setting the allowRateChanges parameter of the SDF director to false.
  in .badRateChanges2.typed composite actor.Repeat.output.tokenProductionRate
	at ptolemy.domains.sdf.kernel.SDFDirector.createSchedule(SDFDirector.java:418)
	at ptolemy.domains.sdf.kernel.SDFDirector.preinitialize(SDFDirector.java:764)
	at ptolemy.actor.CompositeActor.preinitialize(CompositeActor.java:1828)
	at ptolemy.actor.Director.preinitialize(Director.java:1302)
	at ptolemy.actor.Director.preinitialize(Director.java:1257)
	at ptolemy.domains.sdf.kernel.SDFDirector.preinitialize(SDFDirector.java:763)
	at ptolemy.actor.CompositeActor.preinitialize(CompositeActor.java:1828)
	at ptolemy.actor.Manager.preinitializeAndResolveTypes(Manager.java:1040)
	at ptolemy.actor.Manager.initialize(Manager.java:710)
	at ptolemy.actor.Manager.execute(Manager.java:356)
	at ptolemy.actor.Manager.run(Manager.java:1263)
	at ptolemy.actor.Manager$PtolemyRunThread.run(Manager.java:1933)
Caused by: ptolemy.kernel.util.IllegalActionException: The SDF rate parameter may change. This is not allowed in SDF models that will be run through the code generator.  If you don't care about code generation, then you might consider setting the allowRateChanges parameter of the SDF director to false.
  in .badRateChanges2.typed composite actor.Repeat.output.tokenProductionRate
	at ptolemy.domains.sdf.kernel.SDFScheduler._assertDynamicRateVariable(SDFScheduler.java:931)
	at ptolemy.domains.sdf.kernel.SDFScheduler._checkDynamicRateVariables(SDFScheduler.java:339)
	at ptolemy.domains.sdf.kernel.SDFScheduler._getSchedule(SDFScheduler.java:527)
	at ptolemy.actor.sched.Scheduler.getSchedule(Scheduler.java:189)
	at ptolemy.domains.sdf.kernel.SDFDirector.createSchedule(SDFDirector.java:408)
	... 11 more
java.lang.RuntimeException: Execution failed
	at ptolemy.moml.MoMLSimpleApplication$UnloadThread.run(MoMLSimpleApplication.java:402)
Caused by: ptolemy.actor.sched.NotSchedulableException: Actors remain that cannot be scheduled!

There are several possible reasons:
* SDF Graphs with feedback loops should have an actor with a delay in the loop, such as a SampleDelay.
* The SDF director has an "allowDisconnectedGraphs"parameter, which, when true, permits disconnected SDF graphs.
* The token consumption rate and production rates might be mismatched.
Usually, actors produce one token or consume one token on a port.  To produce or consume multiple tokens per firing, add a "tokenConsumptionRate" or "tokenProductionRate" parameter to the appropriate port.
Unscheduled actors:
.partiallyConnected.Const2 
Scheduled actors:
.partiallyConnected.Const 
  in .partiallyConnected.SDF Director.Scheduler
	at ptolemy.domains.sdf.kernel.SDFScheduler._scheduleConnectedActors(SDFScheduler.java:1828)
	at ptolemy.domains.sdf.kernel.SDFScheduler._getSchedule(SDFScheduler.java:587)
	at ptolemy.actor.sched.Scheduler.getSchedule(Scheduler.java:189)
	at ptolemy.domains.sdf.kernel.SDFDirector.createSchedule(SDFDirector.java:408)
	at ptolemy.domains.sdf.kernel.SDFDirector.preinitialize(SDFDirector.java:764)
	at ptolemy.actor.CompositeActor.preinitialize(CompositeActor.java:1828)
	at ptolemy.actor.Manager.preinitializeAndResolveTypes(Manager.java:1040)
	at ptolemy.actor.Manager.initialize(Manager.java:710)
	at ptolemy.actor.Manager.execute(Manager.java:356)
	at ptolemy.actor.Manager.run(Manager.java:1263)
	at ptolemy.actor.Manager$PtolemyRunThread.run(Manager.java:1933)
]]></system-err>
</testsuite>
