<?xml version="1.0" encoding="UTF-8" ?>
<testsuite errors="0" failures="0" hostname="travis-job-b2732a73-6045-48a3-b254-a9b27f236767" name="ptolemy.domains.de.test.junit.JUnitTclTest" skipped="0" tests="101" time="121.074" timestamp="2020-08-28T15:55:26">
  <properties>
[...]
</properties>
  <testcase classname="ptolemy.util.test.junit.TclTests" name="[0] /home/travis/build/icyphy/ptII/ptolemy/domains/de/test/DependencyLoop.tcl (RunTclFile)" time="1.057" />
  <testcase classname="ptolemy.util.test.junit.TclTests" name="[1] /home/travis/build/icyphy/ptII/ptolemy/domains/de/test/RunDETestsAsQSS.tcl (RunTclFile)" time="81.751" />
  <testcase classname="ptolemy.util.test.junit.AutoKnownFailedTests" name="[0] /home/travis/build/icyphy/ptII/ptolemy/domains/de/test/auto/knownFailedTests/DESDFClockTest.xml (RunModel)" time="2.046" />
  <testcase classname="ptolemy.util.test.junit.AutoKnownFailedTests" name="[1] /home/travis/build/icyphy/ptII/ptolemy/domains/de/test/auto/knownFailedTests/DirectFeedback.xml (RunModel)" time="0.02" />
  <testcase classname="ptolemy.util.test.junit.AutoKnownFailedTests" name="[2] /home/travis/build/icyphy/ptII/ptolemy/domains/de/test/auto/knownFailedTests/FSMSource.xml (RunModel)" time="0.034" />
  <testcase classname="ptolemy.util.test.junit.AutoKnownFailedTests" name="[3] /home/travis/build/icyphy/ptII/ptolemy/domains/de/test/auto/knownFailedTests/HierarchicalModel.xml (RunModel)" time="0.042" />
  <testcase classname="ptolemy.util.test.junit.AutoKnownFailedTests" name="[4] /home/travis/build/icyphy/ptII/ptolemy/domains/de/test/auto/knownFailedTests/dependencyLoop.xml (RunModel)" time="0.041" />
  <testcase classname="ptolemy.util.test.junit.AutoKnownFailedTests" name="[5] /home/travis/build/icyphy/ptII/ptolemy/domains/de/test/auto/knownFailedTests/dependencyLoop2.xml (RunModel)" time="0.046" />
  <testcase classname="ptolemy.util.test.junit.AutoNameArchTests" name="[0] ThereAreNoAutoArchTests (RunModel)" time="0.001" />
  <testcase classname="ptolemy.util.test.junit.AutoTests" name="[0] /home/travis/build/icyphy/ptII/ptolemy/domains/de/test/auto/ActorDepthCalculation_actorWithoutPorts.xml (RunModel)" time="0.019" />
  <testcase classname="ptolemy.util.test.junit.AutoTests" name="[1] /home/travis/build/icyphy/ptII/ptolemy/domains/de/test/auto/AssemblyLine.xml (RunModel)" time="0.023" />
  <testcase classname="ptolemy.util.test.junit.AutoTests" name="[2] /home/travis/build/icyphy/ptII/ptolemy/domains/de/test/auto/CQBug1.xml (RunModel)" time="0.014" />
  <testcase classname="ptolemy.util.test.junit.AutoTests" name="[3] /home/travis/build/icyphy/ptII/ptolemy/domains/de/test/auto/CancelFireAt.xml (RunModel)" time="0.023" />
  <testcase classname="ptolemy.util.test.junit.AutoTests" name="[4] /home/travis/build/icyphy/ptII/ptolemy/domains/de/test/auto/CausalityAndComposabilityAnalysis.xml (RunModel)" time="0.017" />
  <testcase classname="ptolemy.util.test.junit.AutoTests" name="[5] /home/travis/build/icyphy/ptII/ptolemy/domains/de/test/auto/CausalityInterface1.xml (RunModel)" time="0.014" />
  <testcase classname="ptolemy.util.test.junit.AutoTests" name="[6] /home/travis/build/icyphy/ptII/ptolemy/domains/de/test/auto/CausalityInterface15.xml (RunModel)" time="0.015" />
  <testcase classname="ptolemy.util.test.junit.AutoTests" name="[7] /home/travis/build/icyphy/ptII/ptolemy/domains/de/test/auto/CausalityInterface2.xml (RunModel)" time="0.01" />
  <testcase classname="ptolemy.util.test.junit.AutoTests" name="[8] /home/travis/build/icyphy/ptII/ptolemy/domains/de/test/auto/CausalityInterface3.xml (RunModel)" time="0.011" />
  <testcase classname="ptolemy.util.test.junit.AutoTests" name="[9] /home/travis/build/icyphy/ptII/ptolemy/domains/de/test/auto/ClockDrift.xml (RunModel)" time="0.039" />
  <testcase classname="ptolemy.util.test.junit.AutoTests" name="[10] /home/travis/build/icyphy/ptII/ptolemy/domains/de/test/auto/ClockDriftAndValueChange.xml (RunModel)" time="0.028" />
  <testcase classname="ptolemy.util.test.junit.AutoTests" name="[11] /home/travis/build/icyphy/ptII/ptolemy/domains/de/test/auto/ClockDriftChange.xml (RunModel)" time="0.033" />
  <testcase classname="ptolemy.util.test.junit.AutoTests" name="[12] /home/travis/build/icyphy/ptII/ptolemy/domains/de/test/auto/ComposableCausalityAnalysis.xml (RunModel)" time="0.017" />
  <testcase classname="ptolemy.util.test.junit.AutoTests" name="[13] /home/travis/build/icyphy/ptII/ptolemy/domains/de/test/auto/DEFixedPointLimitation.xml (RunModel)" time="0.008" />
  <testcase classname="ptolemy.util.test.junit.AutoTests" name="[14] /home/travis/build/icyphy/ptII/ptolemy/domains/de/test/auto/DEScheduleTest.xml (RunModel)" time="0.015" />
  <testcase classname="ptolemy.util.test.junit.AutoTests" name="[15] /home/travis/build/icyphy/ptII/ptolemy/domains/de/test/auto/DEinDEwithStartTimes.xml (RunModel)" time="0.02" />
  <testcase classname="ptolemy.util.test.junit.AutoTests" name="[16] /home/travis/build/icyphy/ptII/ptolemy/domains/de/test/auto/DEinDEwithStartTimes2.xml (RunModel)" time="0.017" />
  <testcase classname="ptolemy.util.test.junit.AutoTests" name="[17] /home/travis/build/icyphy/ptII/ptolemy/domains/de/test/auto/DateDemo.xml (RunModel)" time="0.032" />
  <testcase classname="ptolemy.util.test.junit.AutoTests" name="[18] /home/travis/build/icyphy/ptII/ptolemy/domains/de/test/auto/DateToEvent.xml (RunModel)" time="2.043" />
  <testcase classname="ptolemy.util.test.junit.AutoTests" name="[19] /home/travis/build/icyphy/ptII/ptolemy/domains/de/test/auto/DepthTest1.xml (RunModel)" time="0.018" />
  <testcase classname="ptolemy.util.test.junit.AutoTests" name="[20] /home/travis/build/icyphy/ptII/ptolemy/domains/de/test/auto/DepthTest2.xml (RunModel)" time="0.016" />
  <testcase classname="ptolemy.util.test.junit.AutoTests" name="[21] /home/travis/build/icyphy/ptII/ptolemy/domains/de/test/auto/DepthTest3.xml (RunModel)" time="0.007" />
  <testcase classname="ptolemy.util.test.junit.AutoTests" name="[22] /home/travis/build/icyphy/ptII/ptolemy/domains/de/test/auto/DepthTest4.xml (RunModel)" time="0.011" />
  <testcase classname="ptolemy.util.test.junit.AutoTests" name="[23] /home/travis/build/icyphy/ptII/ptolemy/domains/de/test/auto/DepthTest5.xml (RunModel)" time="0.014" />
  <testcase classname="ptolemy.util.test.junit.AutoTests" name="[24] /home/travis/build/icyphy/ptII/ptolemy/domains/de/test/auto/DepthTest6.xml (RunModel)" time="0.011" />
  <testcase classname="ptolemy.util.test.junit.AutoTests" name="[25] /home/travis/build/icyphy/ptII/ptolemy/domains/de/test/auto/DepthTest7.xml (RunModel)" time="0.011" />
  <testcase classname="ptolemy.util.test.junit.AutoTests" name="[26] /home/travis/build/icyphy/ptII/ptolemy/domains/de/test/auto/EventToDate.xml (RunModel)" time="3.039" />
  <testcase classname="ptolemy.util.test.junit.AutoTests" name="[27] /home/travis/build/icyphy/ptII/ptolemy/domains/de/test/auto/FSM1.xml (RunModel)" time="0.051" />
  <testcase classname="ptolemy.util.test.junit.AutoTests" name="[28] /home/travis/build/icyphy/ptII/ptolemy/domains/de/test/auto/FSM7.xml (RunModel)" time="0.045" />
  <testcase classname="ptolemy.util.test.junit.AutoTests" name="[29] /home/travis/build/icyphy/ptII/ptolemy/domains/de/test/auto/Inspection.xml (RunModel)" time="0.046" />
  <testcase classname="ptolemy.util.test.junit.AutoTests" name="[30] /home/travis/build/icyphy/ptII/ptolemy/domains/de/test/auto/Iteration.xml (RunModel)" time="0.026" />
  <testcase classname="ptolemy.util.test.junit.AutoTests" name="[31] /home/travis/build/icyphy/ptII/ptolemy/domains/de/test/auto/LineFault.xml (RunModel)" time="0.518" />
  <testcase classname="ptolemy.util.test.junit.AutoTests" name="[32] /home/travis/build/icyphy/ptII/ptolemy/domains/de/test/auto/MergeModel1Add.xml (RunModel)" time="0.056" />
  <testcase classname="ptolemy.util.test.junit.AutoTests" name="[33] /home/travis/build/icyphy/ptII/ptolemy/domains/de/test/auto/MergeModel2Add.xml (RunModel)" time="0.04" />
  <testcase classname="ptolemy.util.test.junit.AutoTests" name="[34] /home/travis/build/icyphy/ptII/ptolemy/domains/de/test/auto/MergeModel3Add.xml (RunModel)" time="0.04" />
  <testcase classname="ptolemy.util.test.junit.AutoTests" name="[35] /home/travis/build/icyphy/ptII/ptolemy/domains/de/test/auto/MergeWithoutDiscard.xml (RunModel)" time="0.009" />
  <testcase classname="ptolemy.util.test.junit.AutoTests" name="[36] /home/travis/build/icyphy/ptII/ptolemy/domains/de/test/auto/Modal1.xml (RunModel)" time="0.024" />
  <testcase classname="ptolemy.util.test.junit.AutoTests" name="[37] /home/travis/build/icyphy/ptII/ptolemy/domains/de/test/auto/Modal2.xml (RunModel)" time="0.029" />
  <testcase classname="ptolemy.util.test.junit.AutoTests" name="[38] /home/travis/build/icyphy/ptII/ptolemy/domains/de/test/auto/Modal3.xml (RunModel)" time="0.027" />
  <testcase classname="ptolemy.util.test.junit.AutoTests" name="[39] /home/travis/build/icyphy/ptII/ptolemy/domains/de/test/auto/Modal4.xml (RunModel)" time="0.031" />
  <testcase classname="ptolemy.util.test.junit.AutoTests" name="[40] /home/travis/build/icyphy/ptII/ptolemy/domains/de/test/auto/Modal5.xml (RunModel)" time="0.029" />
  <testcase classname="ptolemy.util.test.junit.AutoTests" name="[41] /home/travis/build/icyphy/ptII/ptolemy/domains/de/test/auto/Modal6.xml (RunModel)" time="0.027" />
  <testcase classname="ptolemy.util.test.junit.AutoTests" name="[42] /home/travis/build/icyphy/ptII/ptolemy/domains/de/test/auto/Modal7.xml (RunModel)" time="0.028" />
  <testcase classname="ptolemy.util.test.junit.AutoTests" name="[43] /home/travis/build/icyphy/ptII/ptolemy/domains/de/test/auto/ModalModel.xml (RunModel)" time="0.178" />
  <testcase classname="ptolemy.util.test.junit.AutoTests" name="[44] /home/travis/build/icyphy/ptII/ptolemy/domains/de/test/auto/ModalSource.xml (RunModel)" time="0.017" />
  <testcase classname="ptolemy.util.test.junit.AutoTests" name="[45] /home/travis/build/icyphy/ptII/ptolemy/domains/de/test/auto/NonInterruptibleTimerZeroDelay.xml (RunModel)" time="0.011" />
  <testcase classname="ptolemy.util.test.junit.AutoTests" name="[46] /home/travis/build/icyphy/ptII/ptolemy/domains/de/test/auto/OpenQueueingNetwork.xml (RunModel)" time="2.259" />
  <testcase classname="ptolemy.util.test.junit.AutoTests" name="[47] /home/travis/build/icyphy/ptII/ptolemy/domains/de/test/auto/OpenQueuingNetwork.xml (RunModel)" time="0.284" />
  <testcase classname="ptolemy.util.test.junit.AutoTests" name="[48] /home/travis/build/icyphy/ptII/ptolemy/domains/de/test/auto/PeriodicSampler.xml (RunModel)" time="0.013" />
  <testcase classname="ptolemy.util.test.junit.AutoTests" name="[49] /home/travis/build/icyphy/ptII/ptolemy/domains/de/test/auto/PersistentIO.xml (RunModel)" time="0.022" />
  <testcase classname="ptolemy.util.test.junit.AutoTests" name="[50] /home/travis/build/icyphy/ptII/ptolemy/domains/de/test/auto/PortParameterResetOnInitialize.xml (RunModel)" time="0.011" />
  <testcase classname="ptolemy.util.test.junit.AutoTests" name="[51] /home/travis/build/icyphy/ptII/ptolemy/domains/de/test/auto/PortParameterUpdates.xml (RunModel)" time="0.015" />
  <testcase classname="ptolemy.util.test.junit.AutoTests" name="[52] /home/travis/build/icyphy/ptII/ptolemy/domains/de/test/auto/QueueAndServer.xml (RunModel)" time="0.023" />
  <testcase classname="ptolemy.util.test.junit.AutoTests" name="[53] /home/travis/build/icyphy/ptII/ptolemy/domains/de/test/auto/Records.xml (RunModel)" time="0.02" />
  <testcase classname="ptolemy.util.test.junit.AutoTests" name="[54] /home/travis/build/icyphy/ptII/ptolemy/domains/de/test/auto/ResetTransitionWithStartTime1.xml (RunModel)" time="0.019" />
  <testcase classname="ptolemy.util.test.junit.AutoTests" name="[55] /home/travis/build/icyphy/ptII/ptolemy/domains/de/test/auto/ResetTransitionWithStartTime2.xml (RunModel)" time="0.022" />
  <testcase classname="ptolemy.util.test.junit.AutoTests" name="[56] /home/travis/build/icyphy/ptII/ptolemy/domains/de/test/auto/ResetTransitionWithStartTime3.xml (RunModel)" time="0.023" />
  <testcase classname="ptolemy.util.test.junit.AutoTests" name="[57] /home/travis/build/icyphy/ptII/ptolemy/domains/de/test/auto/ResetTransitionWithStartTime4.xml (RunModel)" time="0.021" />
  <testcase classname="ptolemy.util.test.junit.AutoTests" name="[58] /home/travis/build/icyphy/ptII/ptolemy/domains/de/test/auto/ResettableTimer1.xml (RunModel)" time="0.014" />
  <testcase classname="ptolemy.util.test.junit.AutoTests" name="[59] /home/travis/build/icyphy/ptII/ptolemy/domains/de/test/auto/ResettableTimer2.xml (RunModel)" time="0.012" />
  <testcase classname="ptolemy.util.test.junit.AutoTests" name="[60] /home/travis/build/icyphy/ptII/ptolemy/domains/de/test/auto/ResettableTimer3.xml (RunModel)" time="0.009" />
  <testcase classname="ptolemy.util.test.junit.AutoTests" name="[61] /home/travis/build/icyphy/ptII/ptolemy/domains/de/test/auto/ResettableTimer4.xml (RunModel)" time="0.008" />
  <testcase classname="ptolemy.util.test.junit.AutoTests" name="[62] /home/travis/build/icyphy/ptII/ptolemy/domains/de/test/auto/ResettableTimer5.xml (RunModel)" time="0.008" />
  <testcase classname="ptolemy.util.test.junit.AutoTests" name="[63] /home/travis/build/icyphy/ptII/ptolemy/domains/de/test/auto/ResettableTimer6.xml (RunModel)" time="0.016" />
  <testcase classname="ptolemy.util.test.junit.AutoTests" name="[64] /home/travis/build/icyphy/ptII/ptolemy/domains/de/test/auto/ServerZeroDelay.xml (RunModel)" time="0.009" />
  <testcase classname="ptolemy.util.test.junit.AutoTests" name="[65] /home/travis/build/icyphy/ptII/ptolemy/domains/de/test/auto/SmartSender.xml (RunModel)" time="3.007" />
  <testcase classname="ptolemy.util.test.junit.AutoTests" name="[66] /home/travis/build/icyphy/ptII/ptolemy/domains/de/test/auto/ThreadedComposite.xml (RunModel)" time="0.107" />
  <testcase classname="ptolemy.util.test.junit.AutoTests" name="[67] /home/travis/build/icyphy/ptII/ptolemy/domains/de/test/auto/Time.xml (RunModel)" time="0.346" />
  <testcase classname="ptolemy.util.test.junit.AutoTests" name="[68] /home/travis/build/icyphy/ptII/ptolemy/domains/de/test/auto/TimeDelayZeroDelay.xml (RunModel)" time="0.009" />
  <testcase classname="ptolemy.util.test.junit.AutoTests" name="[69] /home/travis/build/icyphy/ptII/ptolemy/domains/de/test/auto/TimerZeroDelay.xml (RunModel)" time="0.009" />
  <testcase classname="ptolemy.util.test.junit.AutoTests" name="[70] /home/travis/build/icyphy/ptII/ptolemy/domains/de/test/auto/TimingParadox.xml (RunModel)" time="0.316" />
  <testcase classname="ptolemy.util.test.junit.AutoTests" name="[71] /home/travis/build/icyphy/ptII/ptolemy/domains/de/test/auto/TransferInputs.xml (RunModel)" time="0.009" />
  <testcase classname="ptolemy.util.test.junit.AutoTests" name="[72] /home/travis/build/icyphy/ptII/ptolemy/domains/de/test/auto/TransferOutputs2.xml (RunModel)" time="0.013" />
  <testcase classname="ptolemy.util.test.junit.AutoTests" name="[73] /home/travis/build/icyphy/ptII/ptolemy/domains/de/test/auto/Trilateration.xml (RunModel)" time="10.228" />
  <testcase classname="ptolemy.util.test.junit.AutoTests" name="[74] /home/travis/build/icyphy/ptII/ptolemy/domains/de/test/auto/TwoSigmaDelta.xml (RunModel)" time="1.824" />
  <testcase classname="ptolemy.util.test.junit.AutoTests" name="[75] /home/travis/build/icyphy/ptII/ptolemy/domains/de/test/auto/VariableDelay.xml (RunModel)" time="0.014" />
  <testcase classname="ptolemy.util.test.junit.AutoTests" name="[76] /home/travis/build/icyphy/ptII/ptolemy/domains/de/test/auto/VariableDelay2.xml (RunModel)" time="0.01" />
  <testcase classname="ptolemy.util.test.junit.AutoTests" name="[77] /home/travis/build/icyphy/ptII/ptolemy/domains/de/test/auto/VariableDelayZeroDelay.xml (RunModel)" time="0.011" />
  <testcase classname="ptolemy.util.test.junit.AutoTests" name="[78] /home/travis/build/icyphy/ptII/ptolemy/domains/de/test/auto/VariableDelayZeroDelay2.xml (RunModel)" time="0.009" />
  <testcase classname="ptolemy.util.test.junit.AutoTests" name="[79] /home/travis/build/icyphy/ptII/ptolemy/domains/de/test/auto/deInCt.xml (RunModel)" time="0.016" />
  <testcase classname="ptolemy.util.test.junit.AutoTests" name="[80] /home/travis/build/icyphy/ptII/ptolemy/domains/de/test/auto/deInCt2.xml (RunModel)" time="0.016" />
  <testcase classname="ptolemy.util.test.junit.AutoTests" name="[81] /home/travis/build/icyphy/ptII/ptolemy/domains/de/test/auto/dynamicCausalityInterface1.xml (RunModel)" time="0.015" />
  <testcase classname="ptolemy.util.test.junit.AutoTests" name="[82] /home/travis/build/icyphy/ptII/ptolemy/domains/de/test/auto/fsm_de_test.xml (RunModel)" time="0.02" />
  <testcase classname="ptolemy.util.test.junit.AutoTests" name="[83] /home/travis/build/icyphy/ptII/ptolemy/domains/de/test/auto/functionDependencyReconstruction.xml (RunModel)" time="0.026" />
  <testcase classname="ptolemy.util.test.junit.AutoTests" name="[84] /home/travis/build/icyphy/ptII/ptolemy/domains/de/test/auto/multirate.xml (RunModel)" time="0.015" />
  <testcase classname="ptolemy.util.test.junit.AutoTests" name="[85] /home/travis/build/icyphy/ptII/ptolemy/domains/de/test/auto/multirate2.xml (RunModel)" time="0.013" />
  <testcase classname="ptolemy.util.test.junit.AutoTests" name="[86] /home/travis/build/icyphy/ptII/ptolemy/domains/de/test/auto/realtime.xml (RunModel)" time="10.009" />
  <testcase classname="ptolemy.util.test.junit.AutoTests" name="[87] /home/travis/build/icyphy/ptII/ptolemy/domains/de/test/auto/relationGroup.xml (RunModel)" time="0.009" />
  <testcase classname="ptolemy.util.test.junit.AutoTests" name="[88] /home/travis/build/icyphy/ptII/ptolemy/domains/de/test/auto/relationGroup2.xml (RunModel)" time="0.008" />
  <testcase classname="ptolemy.util.test.junit.AutoTests" name="[89] /home/travis/build/icyphy/ptII/ptolemy/domains/de/test/auto/sortWithOpaquePorts.xml (RunModel)" time="0.012" />
  <testcase classname="ptolemy.util.test.junit.AutoTests" name="[90] /home/travis/build/icyphy/ptII/ptolemy/domains/de/test/auto/transferInputsandOutputs.xml (RunModel)" time="0.025" />
  <testcase classname="ptolemy.util.test.junit.AutoTests" name="[91] /home/travis/build/icyphy/ptII/ptolemy/domains/de/test/auto/triggerType.xml (RunModel)" time="0.009" />
  <system-out><![CDATA[/home/travis/build/icyphy/ptII/ptolemy/domains/de/test/DependencyLoop.tcl
testDefs.tcl: setting time out to 9000 seconds at Fri Aug 28 15:55:26 UTC 2020
102 ms. Memory: 129024K Free: 78792K (61%)
25 ms. Memory: 129024K Free: 61384K (48%)
/home/travis/build/icyphy/ptII/ptolemy/domains/de/test/RunDETestsAsQSS.tcl
Run the DE tests using ptolemy.domains.qss.test.QSSDirectorTest, which extends QSSDirector and prints a message in the constructors.
------------------ testing $PTII/ptolemy/domains/de/test/auto/knownFailedTests/DirectFeedback.xml (Known Failure) 
41 ms. Memory: 129024K Free: 56264K (44%)


==== $PTIIhome/travis/build/icyphy/ptII/ptolemy/domains/de/test/../../../../: Auto Automatic test in file $PTII/ptolemy/domains/de/test/auto/knownFailedTests/DirectFeedback.xml
==== Contents of test case:

	    # FIXME: we should use $relativeFilename here, but it
	    # might have backslashes under Windows, which causes no end
	    # of trouble.
	    createAndExecute $file
	    list {}
	
.... Test generated KNOWN error:
    while executing
ptolemy.kernel.util.IllegalActionException: Test fails in iteration 1.
Value was: 1.0. Should have been: 2.0
  in .DirectFeedback.Test
	at ptolemy.actor.lib.Test.fire(Test.java:268)
	at ptolemy.domains.de.kernel.DEDirector._fire(DEDirector.java:1949)
	at ptolemy.domains.de.kernel.DEDirector.fire(DEDirector.java:502)
	at ptolemy.actor.CompositeActor.fire(CompositeActor.java:455)
	at ptolemy.actor.Manager.iterate(Manager.java:851)
	at ptolemy.actor.Manager.execute(Manager.java:369)
	at ptolemy.actor.Manager.run(Manager.java:1263)
	at ptolemy.actor.Manager$PtolemyRunThread.run(Manager.java:1933)

    while executing
ptolemy.kernel.util.IllegalActionException: Test fails in iteration 1.
Value was: 1.0. Should have been: 2.0
  in .DirectFeedback.Test
    while executing
"java::new ptolemy.moml.MoMLSimpleApplication $file
"
    (procedure "createAndExecute" line 2)
    invoked from within
"createAndExecute $file"
    ("uplevel" body line 5)
    invoked from within
"uplevel $contents_of_test"
------------------ testing $PTII/ptolemy/domains/de/test/auto/knownFailedTests/dependencyLoop.xml (Known Failure) 
15 ms. Memory: 129024K Free: 53192K (41%)


==== $PTIIhome/travis/build/icyphy/ptII/ptolemy/domains/de/test/../../../../: Auto Automatic test in file $PTII/ptolemy/domains/de/test/auto/knownFailedTests/dependencyLoop.xml
==== Contents of test case:

	    # FIXME: we should use $relativeFilename here, but it
	    # might have backslashes under Windows, which causes no end
	    # of trouble.
	    createAndExecute $file
	    list {}
	
.... Test generated KNOWN error:
    while executing
ptolemy.kernel.util.IllegalActionException: Found a zero delay loop containing .dependencyLoop.original
  in .dependencyLoop and .dependencyLoop.original
	at ptolemy.actor.util.CausalityInterfaceForComposites._computeOutputPortDepth(CausalityInterfaceForComposites.java:759)
	at ptolemy.actor.util.CausalityInterfaceForComposites._computeInputDepth(CausalityInterfaceForComposites.java:696)
	at ptolemy.actor.util.CausalityInterfaceForComposites._computeOutputPortDepth(CausalityInterfaceForComposites.java:765)
	at ptolemy.actor.util.CausalityInterfaceForComposites._computeInputDepth(CausalityInterfaceForComposites.java:696)
	at ptolemy.actor.util.CausalityInterfaceForComposites._computeOutputPortDepth(CausalityInterfaceForComposites.java:765)
	at ptolemy.actor.util.CausalityInterfaceForComposites._computeInputDepth(CausalityInterfaceForComposites.java:696)
	at ptolemy.actor.util.CausalityInterfaceForComposites._computeActorDepth(CausalityInterfaceForComposites.java:532)
	at ptolemy.actor.util.CausalityInterfaceForComposites.checkForCycles(CausalityInterfaceForComposites.java:96)
	at ptolemy.domains.de.kernel.DEDirector.preinitialize(DEDirector.java:1338)
	at ptolemy.actor.CompositeActor.preinitialize(CompositeActor.java:1828)
	at ptolemy.actor.Manager.preinitializeAndResolveTypes(Manager.java:1040)
	at ptolemy.actor.Manager.initialize(Manager.java:710)
	at ptolemy.actor.Manager.execute(Manager.java:356)
	at ptolemy.actor.Manager.run(Manager.java:1263)
	at ptolemy.actor.Manager$PtolemyRunThread.run(Manager.java:1933)

    while executing
ptolemy.kernel.util.IllegalActionException: Found a zero delay loop containing .dependencyLoop.original
  in .dependencyLoop and .dependencyLoop.original
    while executing
"java::new ptolemy.moml.MoMLSimpleApplication $file
"
    (procedure "createAndExecute" line 2)
    invoked from within
"createAndExecute $file"
    ("uplevel" body line 5)
    invoked from within
"uplevel $contents_of_test"
------------------ testing $PTII/ptolemy/domains/de/test/auto/knownFailedTests/FSMSource.xml (Known Failure) 
63 ms. Memory: 129024K Free: 111533K (86%)
!!!! Auto was marked as failing, but now passes
------------------ testing $PTII/ptolemy/domains/de/test/auto/knownFailedTests/HierarchicalModel.xml (Known Failure) 
7 ms. Memory: 129024K Free: 94133K (73%)


==== $PTIIhome/travis/build/icyphy/ptII/ptolemy/domains/de/test/../../../../: Auto Automatic test in file $PTII/ptolemy/domains/de/test/auto/knownFailedTests/HierarchicalModel.xml
==== Contents of test case:

	    # FIXME: we should use $relativeFilename here, but it
	    # might have backslashes under Windows, which causes no end
	    # of trouble.
	    createAndExecute $file
	    list {}
	
.... Test generated KNOWN error:
    while executing
ptolemy.kernel.util.IllegalActionException: Found a zero delay loop containing .HierarchicalModel.A
  in .HierarchicalModel and .HierarchicalModel.A
	at ptolemy.actor.util.CausalityInterfaceForComposites._computeOutputPortDepth(CausalityInterfaceForComposites.java:759)
	at ptolemy.actor.util.CausalityInterfaceForComposites._computeInputDepth(CausalityInterfaceForComposites.java:696)
	at ptolemy.actor.util.CausalityInterfaceForComposites._computeOutputPortDepth(CausalityInterfaceForComposites.java:765)
	at ptolemy.actor.util.CausalityInterfaceForComposites._computeInputDepth(CausalityInterfaceForComposites.java:696)
	at ptolemy.actor.util.CausalityInterfaceForComposites._computeOutputPortDepth(CausalityInterfaceForComposites.java:765)
	at ptolemy.actor.util.CausalityInterfaceForComposites._computeInputDepth(CausalityInterfaceForComposites.java:696)
	at ptolemy.actor.util.CausalityInterfaceForComposites._computeActorDepth(CausalityInterfaceForComposites.java:532)
	at ptolemy.actor.util.CausalityInterfaceForComposites.checkForCycles(CausalityInterfaceForComposites.java:96)
	at ptolemy.domains.de.kernel.DEDirector.preinitialize(DEDirector.java:1338)
	at ptolemy.actor.CompositeActor.preinitialize(CompositeActor.java:1828)
	at ptolemy.actor.Manager.preinitializeAndResolveTypes(Manager.java:1040)
	at ptolemy.actor.Manager.initialize(Manager.java:710)
	at ptolemy.actor.Manager.execute(Manager.java:356)
	at ptolemy.actor.Manager.run(Manager.java:1263)
	at ptolemy.actor.Manager$PtolemyRunThread.run(Manager.java:1933)

    while executing
ptolemy.kernel.util.IllegalActionException: Found a zero delay loop containing .HierarchicalModel.A
  in .HierarchicalModel and .HierarchicalModel.A
    while executing
"java::new ptolemy.moml.MoMLSimpleApplication $file
"
    (procedure "createAndExecute" line 2)
    invoked from within
"createAndExecute $file"
    ("uplevel" body line 5)
    invoked from within
"uplevel $contents_of_test"
------------------ testing $PTII/ptolemy/domains/de/test/auto/knownFailedTests/dependencyLoop2.xml (Known Failure) 
12 ms. Memory: 129024K Free: 77747K (60%)


==== $PTIIhome/travis/build/icyphy/ptII/ptolemy/domains/de/test/../../../../: Auto Automatic test in file $PTII/ptolemy/domains/de/test/auto/knownFailedTests/dependencyLoop2.xml
==== Contents of test case:

	    # FIXME: we should use $relativeFilename here, but it
	    # might have backslashes under Windows, which causes no end
	    # of trouble.
	    createAndExecute $file
	    list {}
	
.... Test generated KNOWN error:
    while executing
ptolemy.kernel.util.IllegalActionException: Found a zero delay loop containing .dependencyLoop2.original
  in .dependencyLoop2 and .dependencyLoop2.original
	at ptolemy.actor.util.CausalityInterfaceForComposites._computeOutputPortDepth(CausalityInterfaceForComposites.java:759)
	at ptolemy.actor.util.CausalityInterfaceForComposites._computeInputDepth(CausalityInterfaceForComposites.java:696)
	at ptolemy.actor.util.CausalityInterfaceForComposites._computeOutputPortDepth(CausalityInterfaceForComposites.java:765)
	at ptolemy.actor.util.CausalityInterfaceForComposites._computeInputDepth(CausalityInterfaceForComposites.java:696)
	at ptolemy.actor.util.CausalityInterfaceForComposites._computeOutputPortDepth(CausalityInterfaceForComposites.java:765)
	at ptolemy.actor.util.CausalityInterfaceForComposites._computeInputDepth(CausalityInterfaceForComposites.java:696)
	at ptolemy.actor.util.CausalityInterfaceForComposites._computeActorDepth(CausalityInterfaceForComposites.java:532)
	at ptolemy.actor.util.CausalityInterfaceForComposites.checkForCycles(CausalityInterfaceForComposites.java:96)
	at ptolemy.domains.de.kernel.DEDirector.preinitialize(DEDirector.java:1338)
	at ptolemy.actor.CompositeActor.preinitialize(CompositeActor.java:1828)
	at ptolemy.actor.Manager.preinitializeAndResolveTypes(Manager.java:1040)
	at ptolemy.actor.Manager.initialize(Manager.java:710)
	at ptolemy.actor.Manager.execute(Manager.java:356)
	at ptolemy.actor.Manager.run(Manager.java:1263)
	at ptolemy.actor.Manager$PtolemyRunThread.run(Manager.java:1933)

    while executing
ptolemy.kernel.util.IllegalActionException: Found a zero delay loop containing .dependencyLoop2.original
  in .dependencyLoop2 and .dependencyLoop2.original
    while executing
"java::new ptolemy.moml.MoMLSimpleApplication $file
"
    (procedure "createAndExecute" line 2)
    invoked from within
"createAndExecute $file"
    ("uplevel" body line 5)
    invoked from within
"uplevel $contents_of_test"
------------------ testing $PTII/ptolemy/domains/de/test/auto/knownFailedTests/DESDFClockTest.xml (Known Failure) 
2069 ms. Memory: 129024K Free: 108783K (84%)


==== $PTIIhome/travis/build/icyphy/ptII/ptolemy/domains/de/test/../../../../: Auto Automatic test in file $PTII/ptolemy/domains/de/test/auto/knownFailedTests/DESDFClockTest.xml
==== Contents of test case:

	    # FIXME: we should use $relativeFilename here, but it
	    # might have backslashes under Windows, which causes no end
	    # of trouble.
	    createAndExecute $file
	    list {}
	
.... Test generated KNOWN error:
    while executing
ptolemy.kernel.util.IllegalActionException: Actor is not ready to fire.  Perhaps UpSample.prefire() returned false? Try debugging the actor by selecting "Listen to Actor".  Also, for SDF check moml for tokenConsumptionRate on input.
  in .DESDFClockTest.Play Bell.Copy1:SDF Director and .DESDFClockTest.Play Bell.UpSample
	at ptolemy.actor.sched.StaticSchedulingDirector.fire(StaticSchedulingDirector.java:227)
	at ptolemy.domains.sdf.kernel.SDFDirector.fire(SDFDirector.java:500)
	at ptolemy.actor.CompositeActor.fire(CompositeActor.java:455)
	at ptolemy.domains.de.kernel.DEDirector._fire(DEDirector.java:1949)
	at ptolemy.domains.de.kernel.DEDirector.fire(DEDirector.java:502)
	at ptolemy.actor.CompositeActor.fire(CompositeActor.java:455)
	at ptolemy.actor.Manager.iterate(Manager.java:851)
	at ptolemy.actor.Manager.execute(Manager.java:369)
	at ptolemy.actor.Manager.run(Manager.java:1263)
	at ptolemy.actor.Manager$PtolemyRunThread.run(Manager.java:1933)

    while executing
ptolemy.kernel.util.IllegalActionException: Actor is not ready to fire.  Perhaps UpSample.prefire() returned false? Try debugging the actor by selecting "Listen to Actor".  Also, for SDF check moml for tokenConsumptionRate on input.
  in .DESDFClockTest.Play Bell.Copy1:SDF Director and .DESDFClockTest.Play Bell.UpSample
    while executing
"java::new ptolemy.moml.MoMLSimpleApplication $file
"
    (procedure "createAndExecute" line 2)
    invoked from within
"createAndExecute $file"
    ("uplevel" body line 5)
    invoked from within
"uplevel $contents_of_test"
------------------ testing $PTII/ptolemy/domains/de/test/auto/ActorDepthCalculation_actorWithoutPorts.xml
auto.tcl: Setting watchdog for 200 seconds at Fri Aug 28 15:55:30 UTC 2020
5 ms. Memory: 129024K Free: 100577K (78%)
ptolemy.util.test.WatchDog.cancel(): canceling Fri Aug 28 15:55:30 UTC 2020
auto.tcl: Setting watchdog for 200 seconds at Fri Aug 28 15:55:30 UTC 2020
4 ms. Memory: 129024K Free: 99561K (77%)
ptolemy.util.test.WatchDog.cancel(): canceling Fri Aug 28 15:55:30 UTC 2020
------------------ testing $PTII/ptolemy/domains/de/test/auto/AssemblyLine.xml
auto.tcl: Setting watchdog for 200 seconds at Fri Aug 28 15:55:30 UTC 2020
18 ms. Memory: 51200K Free: 28190K (55%)
ptolemy.util.test.WatchDog.cancel(): canceling Fri Aug 28 15:55:30 UTC 2020
auto.tcl: Setting watchdog for 200 seconds at Fri Aug 28 15:55:30 UTC 2020
6 ms. Memory: 51200K Free: 27261K (53%)
ptolemy.util.test.WatchDog.cancel(): canceling Fri Aug 28 15:55:30 UTC 2020
------------------ testing $PTII/ptolemy/domains/de/test/auto/CQBug1.xml
auto.tcl: Setting watchdog for 200 seconds at Fri Aug 28 15:55:30 UTC 2020
2 ms. Memory: 51200K Free: 33435K (65%)
ptolemy.util.test.WatchDog.cancel(): canceling Fri Aug 28 15:55:30 UTC 2020
auto.tcl: Setting watchdog for 200 seconds at Fri Aug 28 15:55:30 UTC 2020
2 ms. Memory: 51200K Free: 33435K (65%)
ptolemy.util.test.WatchDog.cancel(): canceling Fri Aug 28 15:55:30 UTC 2020
------------------ testing $PTII/ptolemy/domains/de/test/auto/CancelFireAt.xml
auto.tcl: Setting watchdog for 200 seconds at Fri Aug 28 15:55:30 UTC 2020
2 ms. Memory: 51200K Free: 34474K (67%)
ptolemy.util.test.WatchDog.cancel(): canceling Fri Aug 28 15:55:30 UTC 2020
auto.tcl: Setting watchdog for 200 seconds at Fri Aug 28 15:55:30 UTC 2020
2 ms. Memory: 51200K Free: 33998K (66%)
ptolemy.util.test.WatchDog.cancel(): canceling Fri Aug 28 15:55:30 UTC 2020
------------------ testing $PTII/ptolemy/domains/de/test/auto/CausalityAndComposabilityAnalysis.xml
auto.tcl: Setting watchdog for 200 seconds at Fri Aug 28 15:55:30 UTC 2020
5 ms. Memory: 48128K Free: 29910K (62%)
ptolemy.util.test.WatchDog.cancel(): canceling Fri Aug 28 15:55:30 UTC 2020
auto.tcl: Setting watchdog for 200 seconds at Fri Aug 28 15:55:30 UTC 2020
6 ms. Memory: 48128K Free: 29025K (60%)
ptolemy.util.test.WatchDog.cancel(): canceling Fri Aug 28 15:55:31 UTC 2020
------------------ testing $PTII/ptolemy/domains/de/test/auto/CausalityInterface1.xml
auto.tcl: Setting watchdog for 200 seconds at Fri Aug 28 15:55:31 UTC 2020
24 ms. Memory: 48128K Free: 28350K (59%)
ptolemy.util.test.WatchDog.cancel(): canceling Fri Aug 28 15:55:31 UTC 2020
auto.tcl: Setting watchdog for 200 seconds at Fri Aug 28 15:55:31 UTC 2020
4 ms. Memory: 48128K Free: 27368K (57%)
ptolemy.util.test.WatchDog.cancel(): canceling Fri Aug 28 15:55:31 UTC 2020
------------------ testing $PTII/ptolemy/domains/de/test/auto/CausalityInterface15.xml
auto.tcl: Setting watchdog for 200 seconds at Fri Aug 28 15:55:31 UTC 2020
9 ms. Memory: 48128K Free: 28391K (59%)
ptolemy.util.test.WatchDog.cancel(): canceling Fri Aug 28 15:55:31 UTC 2020
auto.tcl: Setting watchdog for 200 seconds at Fri Aug 28 15:55:31 UTC 2020
4 ms. Memory: 48128K Free: 27300K (57%)
ptolemy.util.test.WatchDog.cancel(): canceling Fri Aug 28 15:55:31 UTC 2020
------------------ testing $PTII/ptolemy/domains/de/test/auto/CausalityInterface2.xml
auto.tcl: Setting watchdog for 200 seconds at Fri Aug 28 15:55:31 UTC 2020
4 ms. Memory: 48128K Free: 29029K (60%)
ptolemy.util.test.WatchDog.cancel(): canceling Fri Aug 28 15:55:31 UTC 2020
auto.tcl: Setting watchdog for 200 seconds at Fri Aug 28 15:55:31 UTC 2020
3 ms. Memory: 48128K Free: 27890K (58%)
ptolemy.util.test.WatchDog.cancel(): canceling Fri Aug 28 15:55:31 UTC 2020
------------------ testing $PTII/ptolemy/domains/de/test/auto/CausalityInterface3.xml
auto.tcl: Setting watchdog for 200 seconds at Fri Aug 28 15:55:31 UTC 2020
3 ms. Memory: 48128K Free: 28507K (59%)
ptolemy.util.test.WatchDog.cancel(): canceling Fri Aug 28 15:55:31 UTC 2020
auto.tcl: Setting watchdog for 200 seconds at Fri Aug 28 15:55:31 UTC 2020
4 ms. Memory: 48128K Free: 27745K (58%)
ptolemy.util.test.WatchDog.cancel(): canceling Fri Aug 28 15:55:31 UTC 2020
------------------ testing $PTII/ptolemy/domains/de/test/auto/ClockDrift.xml
auto.tcl: Setting watchdog for 200 seconds at Fri Aug 28 15:55:31 UTC 2020
86 ms. Memory: 48128K Free: 20880K (43%)
ptolemy.util.test.WatchDog.cancel(): canceling Fri Aug 28 15:55:31 UTC 2020
auto.tcl: Setting watchdog for 200 seconds at Fri Aug 28 15:55:31 UTC 2020
54 ms. Memory: 48128K Free: 17685K (37%)
ptolemy.util.test.WatchDog.cancel(): canceling Fri Aug 28 15:55:31 UTC 2020
------------------ testing $PTII/ptolemy/domains/de/test/auto/ClockDriftAndValueChange.xml
auto.tcl: Setting watchdog for 200 seconds at Fri Aug 28 15:55:31 UTC 2020
30 ms. Memory: 48128K Free: 21198K (44%)
ptolemy.util.test.WatchDog.cancel(): canceling Fri Aug 28 15:55:31 UTC 2020
auto.tcl: Setting watchdog for 200 seconds at Fri Aug 28 15:55:31 UTC 2020
24 ms. Memory: 48128K Free: 18363K (38%)
ptolemy.util.test.WatchDog.cancel(): canceling Fri Aug 28 15:55:31 UTC 2020
------------------ testing $PTII/ptolemy/domains/de/test/auto/ClockDriftChange.xml
auto.tcl: Setting watchdog for 200 seconds at Fri Aug 28 15:55:31 UTC 2020
21 ms. Memory: 48128K Free: 23243K (48%)
ptolemy.util.test.WatchDog.cancel(): canceling Fri Aug 28 15:55:31 UTC 2020
auto.tcl: Setting watchdog for 200 seconds at Fri Aug 28 15:55:31 UTC 2020
29 ms. Memory: 48128K Free: 20662K (43%)
ptolemy.util.test.WatchDog.cancel(): canceling Fri Aug 28 15:55:31 UTC 2020
------------------ testing $PTII/ptolemy/domains/de/test/auto/ComposableCausalityAnalysis.xml
auto.tcl: Setting watchdog for 200 seconds at Fri Aug 28 15:55:31 UTC 2020
2 ms. Memory: 48128K Free: 27891K (58%)
ptolemy.util.test.WatchDog.cancel(): canceling Fri Aug 28 15:55:31 UTC 2020
auto.tcl: Setting watchdog for 200 seconds at Fri Aug 28 15:55:31 UTC 2020
2 ms. Memory: 48128K Free: 26844K (56%)
ptolemy.util.test.WatchDog.cancel(): canceling Fri Aug 28 15:55:31 UTC 2020
------------------ testing $PTII/ptolemy/domains/de/test/auto/DEFixedPointLimitation.xml
auto.tcl: Setting watchdog for 200 seconds at Fri Aug 28 15:55:31 UTC 2020
3 ms. Memory: 48128K Free: 29231K (61%)
ptolemy.util.test.WatchDog.cancel(): canceling Fri Aug 28 15:55:31 UTC 2020
auto.tcl: Setting watchdog for 200 seconds at Fri Aug 28 15:55:31 UTC 2020
2 ms. Memory: 48128K Free: 28306K (59%)
ptolemy.util.test.WatchDog.cancel(): canceling Fri Aug 28 15:55:32 UTC 2020
------------------ testing $PTII/ptolemy/domains/de/test/auto/DEScheduleTest.xml
auto.tcl: Setting watchdog for 200 seconds at Fri Aug 28 15:55:32 UTC 2020
6 ms. Memory: 48128K Free: 29540K (61%)
ptolemy.util.test.WatchDog.cancel(): canceling Fri Aug 28 15:55:32 UTC 2020
auto.tcl: Setting watchdog for 200 seconds at Fri Aug 28 15:55:32 UTC 2020
2 ms. Memory: 48128K Free: 28754K (60%)
ptolemy.util.test.WatchDog.cancel(): canceling Fri Aug 28 15:55:32 UTC 2020
------------------ testing $PTII/ptolemy/domains/de/test/auto/DEinDEwithStartTimes.xml
auto.tcl: Setting watchdog for 200 seconds at Fri Aug 28 15:55:32 UTC 2020
4 ms. Memory: 48128K Free: 27681K (58%)
ptolemy.util.test.WatchDog.cancel(): canceling Fri Aug 28 15:55:32 UTC 2020
auto.tcl: Setting watchdog for 200 seconds at Fri Aug 28 15:55:32 UTC 2020
3 ms. Memory: 48128K Free: 26657K (55%)
ptolemy.util.test.WatchDog.cancel(): canceling Fri Aug 28 15:55:32 UTC 2020
------------------ testing $PTII/ptolemy/domains/de/test/auto/DEinDEwithStartTimes2.xml
auto.tcl: Setting watchdog for 200 seconds at Fri Aug 28 15:55:32 UTC 2020
4 ms. Memory: 48128K Free: 26934K (56%)
ptolemy.util.test.WatchDog.cancel(): canceling Fri Aug 28 15:55:32 UTC 2020
auto.tcl: Setting watchdog for 200 seconds at Fri Aug 28 15:55:32 UTC 2020
6 ms. Memory: 48128K Free: 25612K (53%)
ptolemy.util.test.WatchDog.cancel(): canceling Fri Aug 28 15:55:32 UTC 2020
------------------ testing $PTII/ptolemy/domains/de/test/auto/DateDemo.xml
auto.tcl: Setting watchdog for 200 seconds at Fri Aug 28 15:55:32 UTC 2020
12 ms. Memory: 48128K Free: 21264K (44%)
ptolemy.util.test.WatchDog.cancel(): canceling Fri Aug 28 15:55:32 UTC 2020
auto.tcl: Setting watchdog for 200 seconds at Fri Aug 28 15:55:32 UTC 2020
5 ms. Memory: 48128K Free: 19683K (41%)
ptolemy.util.test.WatchDog.cancel(): canceling Fri Aug 28 15:55:32 UTC 2020
------------------ testing $PTII/ptolemy/domains/de/test/auto/DateToEvent.xml
auto.tcl: Setting watchdog for 200 seconds at Fri Aug 28 15:55:32 UTC 2020
2019 ms. Memory: 48128K Free: 17176K (36%)
ptolemy.util.test.WatchDog.cancel(): canceling Fri Aug 28 15:55:34 UTC 2020
auto.tcl: Setting watchdog for 200 seconds at Fri Aug 28 15:55:34 UTC 2020
2005 ms. Memory: 48128K Free: 16430K (34%)
ptolemy.util.test.WatchDog.cancel(): canceling Fri Aug 28 15:55:36 UTC 2020
------------------ testing $PTII/ptolemy/domains/de/test/auto/DepthTest1.xml
auto.tcl: Setting watchdog for 200 seconds at Fri Aug 28 15:55:36 UTC 2020
5 ms. Memory: 48128K Free: 30322K (63%)
ptolemy.util.test.WatchDog.cancel(): canceling Fri Aug 28 15:55:36 UTC 2020
auto.tcl: Setting watchdog for 200 seconds at Fri Aug 28 15:55:36 UTC 2020
1 ms. Memory: 48128K Free: 29916K (62%)
ptolemy.util.test.WatchDog.cancel(): canceling Fri Aug 28 15:55:36 UTC 2020
------------------ testing $PTII/ptolemy/domains/de/test/auto/DepthTest2.xml
auto.tcl: Setting watchdog for 200 seconds at Fri Aug 28 15:55:36 UTC 2020
4 ms. Memory: 48128K Free: 27148K (56%)
ptolemy.util.test.WatchDog.cancel(): canceling Fri Aug 28 15:55:36 UTC 2020
auto.tcl: Setting watchdog for 200 seconds at Fri Aug 28 15:55:36 UTC 2020
3 ms. Memory: 48128K Free: 26716K (56%)
ptolemy.util.test.WatchDog.cancel(): canceling Fri Aug 28 15:55:36 UTC 2020
------------------ testing $PTII/ptolemy/domains/de/test/auto/DepthTest3.xml
auto.tcl: Setting watchdog for 200 seconds at Fri Aug 28 15:55:36 UTC 2020
2 ms. Memory: 48128K Free: 30652K (64%)
ptolemy.util.test.WatchDog.cancel(): canceling Fri Aug 28 15:55:36 UTC 2020
auto.tcl: Setting watchdog for 200 seconds at Fri Aug 28 15:55:36 UTC 2020
2 ms. Memory: 48128K Free: 30221K (63%)
ptolemy.util.test.WatchDog.cancel(): canceling Fri Aug 28 15:55:36 UTC 2020
------------------ testing $PTII/ptolemy/domains/de/test/auto/DepthTest4.xml
auto.tcl: Setting watchdog for 200 seconds at Fri Aug 28 15:55:36 UTC 2020
7 ms. Memory: 48128K Free: 29002K (60%)
ptolemy.util.test.WatchDog.cancel(): canceling Fri Aug 28 15:55:36 UTC 2020
auto.tcl: Setting watchdog for 200 seconds at Fri Aug 28 15:55:36 UTC 2020
3 ms. Memory: 48128K Free: 28264K (59%)
ptolemy.util.test.WatchDog.cancel(): canceling Fri Aug 28 15:55:36 UTC 2020
------------------ testing $PTII/ptolemy/domains/de/test/auto/DepthTest5.xml
auto.tcl: Setting watchdog for 200 seconds at Fri Aug 28 15:55:36 UTC 2020
4 ms. Memory: 48128K Free: 28115K (58%)
ptolemy.util.test.WatchDog.cancel(): canceling Fri Aug 28 15:55:36 UTC 2020
auto.tcl: Setting watchdog for 200 seconds at Fri Aug 28 15:55:36 UTC 2020
2 ms. Memory: 48128K Free: 27725K (58%)
ptolemy.util.test.WatchDog.cancel(): canceling Fri Aug 28 15:55:36 UTC 2020
------------------ testing $PTII/ptolemy/domains/de/test/auto/DepthTest6.xml
auto.tcl: Setting watchdog for 200 seconds at Fri Aug 28 15:55:36 UTC 2020
3 ms. Memory: 48128K Free: 28141K (58%)
ptolemy.util.test.WatchDog.cancel(): canceling Fri Aug 28 15:55:36 UTC 2020
auto.tcl: Setting watchdog for 200 seconds at Fri Aug 28 15:55:36 UTC 2020
3 ms. Memory: 48128K Free: 27718K (58%)
ptolemy.util.test.WatchDog.cancel(): canceling Fri Aug 28 15:55:36 UTC 2020
------------------ testing $PTII/ptolemy/domains/de/test/auto/DepthTest7.xml
auto.tcl: Setting watchdog for 200 seconds at Fri Aug 28 15:55:36 UTC 2020
2 ms. Memory: 48128K Free: 28692K (60%)
ptolemy.util.test.WatchDog.cancel(): canceling Fri Aug 28 15:55:36 UTC 2020
auto.tcl: Setting watchdog for 200 seconds at Fri Aug 28 15:55:36 UTC 2020
2 ms. Memory: 48128K Free: 27757K (58%)
ptolemy.util.test.WatchDog.cancel(): canceling Fri Aug 28 15:55:36 UTC 2020
------------------ testing $PTII/ptolemy/domains/de/test/auto/EventToDate.xml
auto.tcl: Setting watchdog for 200 seconds at Fri Aug 28 15:55:36 UTC 2020
3006 ms. Memory: 48128K Free: 19417K (40%)
ptolemy.util.test.WatchDog.cancel(): canceling Fri Aug 28 15:55:40 UTC 2020
auto.tcl: Setting watchdog for 200 seconds at Fri Aug 28 15:55:40 UTC 2020
3004 ms. Memory: 48128K Free: 19015K (40%)
ptolemy.util.test.WatchDog.cancel(): canceling Fri Aug 28 15:55:43 UTC 2020
------------------ testing $PTII/ptolemy/domains/de/test/auto/FSM1.xml
auto.tcl: Setting watchdog for 200 seconds at Fri Aug 28 15:55:43 UTC 2020
22 ms. Memory: 48128K Free: 20929K (43%)
ptolemy.util.test.WatchDog.cancel(): canceling Fri Aug 28 15:55:43 UTC 2020
auto.tcl: Setting watchdog for 200 seconds at Fri Aug 28 15:55:43 UTC 2020
18 ms. Memory: 48128K Free: 17693K (37%)
ptolemy.util.test.WatchDog.cancel(): canceling Fri Aug 28 15:55:43 UTC 2020
------------------ testing $PTII/ptolemy/domains/de/test/auto/FSM7.xml
auto.tcl: Setting watchdog for 200 seconds at Fri Aug 28 15:55:43 UTC 2020
31 ms. Memory: 48128K Free: 20633K (43%)
ptolemy.util.test.WatchDog.cancel(): canceling Fri Aug 28 15:55:43 UTC 2020
auto.tcl: Setting watchdog for 200 seconds at Fri Aug 28 15:55:43 UTC 2020
22 ms. Memory: 48128K Free: 17487K (36%)
ptolemy.util.test.WatchDog.cancel(): canceling Fri Aug 28 15:55:43 UTC 2020
------------------ testing $PTII/ptolemy/domains/de/test/auto/Inspection.xml
auto.tcl: Setting watchdog for 200 seconds at Fri Aug 28 15:55:43 UTC 2020
38 ms. Memory: 48128K Free: 20667K (43%)
ptolemy.util.test.WatchDog.cancel(): canceling Fri Aug 28 15:55:43 UTC 2020
auto.tcl: Setting watchdog for 200 seconds at Fri Aug 28 15:55:43 UTC 2020
36 ms. Memory: 48128K Free: 18928K (39%)
ptolemy.util.test.WatchDog.cancel(): canceling Fri Aug 28 15:55:43 UTC 2020
------------------ testing $PTII/ptolemy/domains/de/test/auto/Iteration.xml
auto.tcl: Setting watchdog for 200 seconds at Fri Aug 28 15:55:43 UTC 2020
6 ms. Memory: 48128K Free: 26399K (55%)
ptolemy.util.test.WatchDog.cancel(): canceling Fri Aug 28 15:55:43 UTC 2020
auto.tcl: Setting watchdog for 200 seconds at Fri Aug 28 15:55:43 UTC 2020
6 ms. Memory: 48128K Free: 24984K (52%)
ptolemy.util.test.WatchDog.cancel(): canceling Fri Aug 28 15:55:43 UTC 2020
------------------ testing $PTII/ptolemy/domains/de/test/auto/LineFault.xml
auto.tcl: Setting watchdog for 200 seconds at Fri Aug 28 15:55:43 UTC 2020
617 ms. Memory: 48128K Free: 23686K (49%)
ptolemy.util.test.WatchDog.cancel(): canceling Fri Aug 28 15:55:44 UTC 2020
auto.tcl: Setting watchdog for 200 seconds at Fri Aug 28 15:55:44 UTC 2020
512 ms. Memory: 59392K Free: 20682K (35%)
ptolemy.util.test.WatchDog.cancel(): canceling Fri Aug 28 15:55:44 UTC 2020
------------------ testing $PTII/ptolemy/domains/de/test/auto/MergeModel1Add.xml
auto.tcl: Setting watchdog for 200 seconds at Fri Aug 28 15:55:44 UTC 2020
28 ms. Memory: 55296K Free: 19543K (35%)
ptolemy.util.test.WatchDog.cancel(): canceling Fri Aug 28 15:55:45 UTC 2020
auto.tcl: Setting watchdog for 200 seconds at Fri Aug 28 15:55:45 UTC 2020
9 ms. Memory: 55296K Free: 17897K (32%)
ptolemy.util.test.WatchDog.cancel(): canceling Fri Aug 28 15:55:45 UTC 2020
------------------ testing $PTII/ptolemy/domains/de/test/auto/MergeModel2Add.xml
auto.tcl: Setting watchdog for 200 seconds at Fri Aug 28 15:55:45 UTC 2020
9 ms. Memory: 55296K Free: 21586K (39%)
ptolemy.util.test.WatchDog.cancel(): canceling Fri Aug 28 15:55:45 UTC 2020
auto.tcl: Setting watchdog for 200 seconds at Fri Aug 28 15:55:45 UTC 2020
5 ms. Memory: 55296K Free: 19621K (35%)
ptolemy.util.test.WatchDog.cancel(): canceling Fri Aug 28 15:55:45 UTC 2020
------------------ testing $PTII/ptolemy/domains/de/test/auto/MergeModel3Add.xml
auto.tcl: Setting watchdog for 200 seconds at Fri Aug 28 15:55:45 UTC 2020
7 ms. Memory: 55296K Free: 21595K (39%)
ptolemy.util.test.WatchDog.cancel(): canceling Fri Aug 28 15:55:45 UTC 2020
auto.tcl: Setting watchdog for 200 seconds at Fri Aug 28 15:55:45 UTC 2020
7 ms. Memory: 55296K Free: 20191K (37%)
ptolemy.util.test.WatchDog.cancel(): canceling Fri Aug 28 15:55:45 UTC 2020
------------------ testing $PTII/ptolemy/domains/de/test/auto/MergeWithoutDiscard.xml
auto.tcl: Setting watchdog for 200 seconds at Fri Aug 28 15:55:45 UTC 2020
2 ms. Memory: 51200K Free: 31884K (62%)
ptolemy.util.test.WatchDog.cancel(): canceling Fri Aug 28 15:55:45 UTC 2020
auto.tcl: Setting watchdog for 200 seconds at Fri Aug 28 15:55:45 UTC 2020
1 ms. Memory: 51200K Free: 31450K (61%)
ptolemy.util.test.WatchDog.cancel(): canceling Fri Aug 28 15:55:45 UTC 2020
------------------ testing $PTII/ptolemy/domains/de/test/auto/Modal1.xml
auto.tcl: Setting watchdog for 200 seconds at Fri Aug 28 15:55:45 UTC 2020
11 ms. Memory: 51200K Free: 23987K (47%)
ptolemy.util.test.WatchDog.cancel(): canceling Fri Aug 28 15:55:45 UTC 2020
auto.tcl: Setting watchdog for 200 seconds at Fri Aug 28 15:55:45 UTC 2020
12 ms. Memory: 51200K Free: 20527K (40%)
ptolemy.util.test.WatchDog.cancel(): canceling Fri Aug 28 15:55:45 UTC 2020
------------------ testing $PTII/ptolemy/domains/de/test/auto/Modal2.xml
auto.tcl: Setting watchdog for 200 seconds at Fri Aug 28 15:55:45 UTC 2020
17 ms. Memory: 51200K Free: 24100K (47%)
ptolemy.util.test.WatchDog.cancel(): canceling Fri Aug 28 15:55:45 UTC 2020
auto.tcl: Setting watchdog for 200 seconds at Fri Aug 28 15:55:45 UTC 2020
19 ms. Memory: 51200K Free: 20882K (41%)
ptolemy.util.test.WatchDog.cancel(): canceling Fri Aug 28 15:55:45 UTC 2020
------------------ testing $PTII/ptolemy/domains/de/test/auto/Modal3.xml
auto.tcl: Setting watchdog for 200 seconds at Fri Aug 28 15:55:45 UTC 2020
11 ms. Memory: 51200K Free: 23642K (46%)
ptolemy.util.test.WatchDog.cancel(): canceling Fri Aug 28 15:55:45 UTC 2020
auto.tcl: Setting watchdog for 200 seconds at Fri Aug 28 15:55:45 UTC 2020
12 ms. Memory: 51200K Free: 20491K (40%)
ptolemy.util.test.WatchDog.cancel(): canceling Fri Aug 28 15:55:45 UTC 2020
------------------ testing $PTII/ptolemy/domains/de/test/auto/Modal4.xml
auto.tcl: Setting watchdog for 200 seconds at Fri Aug 28 15:55:45 UTC 2020
22 ms. Memory: 51200K Free: 23056K (45%)
ptolemy.util.test.WatchDog.cancel(): canceling Fri Aug 28 15:55:45 UTC 2020
auto.tcl: Setting watchdog for 200 seconds at Fri Aug 28 15:55:45 UTC 2020
20 ms. Memory: 51200K Free: 19227K (38%)
ptolemy.util.test.WatchDog.cancel(): canceling Fri Aug 28 15:55:45 UTC 2020
------------------ testing $PTII/ptolemy/domains/de/test/auto/Modal5.xml
auto.tcl: Setting watchdog for 200 seconds at Fri Aug 28 15:55:45 UTC 2020
16 ms. Memory: 51200K Free: 23050K (45%)
ptolemy.util.test.WatchDog.cancel(): canceling Fri Aug 28 15:55:45 UTC 2020
auto.tcl: Setting watchdog for 200 seconds at Fri Aug 28 15:55:45 UTC 2020
14 ms. Memory: 51200K Free: 19214K (38%)
ptolemy.util.test.WatchDog.cancel(): canceling Fri Aug 28 15:55:45 UTC 2020
------------------ testing $PTII/ptolemy/domains/de/test/auto/Modal6.xml
auto.tcl: Setting watchdog for 200 seconds at Fri Aug 28 15:55:45 UTC 2020
19 ms. Memory: 51200K Free: 23859K (47%)
ptolemy.util.test.WatchDog.cancel(): canceling Fri Aug 28 15:55:46 UTC 2020
auto.tcl: Setting watchdog for 200 seconds at Fri Aug 28 15:55:46 UTC 2020
14 ms. Memory: 51200K Free: 19862K (39%)
ptolemy.util.test.WatchDog.cancel(): canceling Fri Aug 28 15:55:46 UTC 2020
------------------ testing $PTII/ptolemy/domains/de/test/auto/Modal7.xml
auto.tcl: Setting watchdog for 200 seconds at Fri Aug 28 15:55:46 UTC 2020
24 ms. Memory: 51200K Free: 22828K (45%)
ptolemy.util.test.WatchDog.cancel(): canceling Fri Aug 28 15:55:46 UTC 2020
auto.tcl: Setting watchdog for 200 seconds at Fri Aug 28 15:55:46 UTC 2020
13 ms. Memory: 51200K Free: 19478K (38%)
ptolemy.util.test.WatchDog.cancel(): canceling Fri Aug 28 15:55:46 UTC 2020
------------------ testing $PTII/ptolemy/domains/de/test/auto/ModalModel.xml
auto.tcl: Setting watchdog for 200 seconds at Fri Aug 28 15:55:46 UTC 2020
255 ms. Memory: 51200K Free: 12912K (25%)
ptolemy.util.test.WatchDog.cancel(): canceling Fri Aug 28 15:55:46 UTC 2020
auto.tcl: Setting watchdog for 200 seconds at Fri Aug 28 15:55:46 UTC 2020
212 ms. Memory: 61440K Free: 40415K (66%)
ptolemy.util.test.WatchDog.cancel(): canceling Fri Aug 28 15:55:46 UTC 2020
------------------ testing $PTII/ptolemy/domains/de/test/auto/ModalSource.xml
auto.tcl: Setting watchdog for 200 seconds at Fri Aug 28 15:55:46 UTC 2020
8 ms. Memory: 51200K Free: 27887K (54%)
ptolemy.util.test.WatchDog.cancel(): canceling Fri Aug 28 15:55:46 UTC 2020
auto.tcl: Setting watchdog for 200 seconds at Fri Aug 28 15:55:46 UTC 2020
5 ms. Memory: 51200K Free: 25839K (50%)
ptolemy.util.test.WatchDog.cancel(): canceling Fri Aug 28 15:55:46 UTC 2020
------------------ testing $PTII/ptolemy/domains/de/test/auto/NonInterruptibleTimerZeroDelay.xml
auto.tcl: Setting watchdog for 200 seconds at Fri Aug 28 15:55:46 UTC 2020
3 ms. Memory: 51200K Free: 33115K (65%)
ptolemy.util.test.WatchDog.cancel(): canceling Fri Aug 28 15:55:46 UTC 2020
auto.tcl: Setting watchdog for 200 seconds at Fri Aug 28 15:55:46 UTC 2020
3 ms. Memory: 51200K Free: 32212K (63%)
ptolemy.util.test.WatchDog.cancel(): canceling Fri Aug 28 15:55:46 UTC 2020
------------------ testing $PTII/ptolemy/domains/de/test/auto/OpenQueueingNetwork.xml
auto.tcl: Setting watchdog for 200 seconds at Fri Aug 28 15:55:46 UTC 2020
2668 ms. Memory: 97280K Free: 40553K (42%)
ptolemy.util.test.WatchDog.cancel(): canceling Fri Aug 28 15:55:49 UTC 2020
auto.tcl: Setting watchdog for 200 seconds at Fri Aug 28 15:55:49 UTC 2020
2391 ms. Memory: 134144K Free: 97989K (73%)
ptolemy.util.test.WatchDog.cancel(): canceling Fri Aug 28 15:55:52 UTC 2020
------------------ testing $PTII/ptolemy/domains/de/test/auto/OpenQueuingNetwork.xml
auto.tcl: Setting watchdog for 200 seconds at Fri Aug 28 15:55:52 UTC 2020
223 ms. Memory: 58368K Free: 32417K (56%)
ptolemy.util.test.WatchDog.cancel(): canceling Fri Aug 28 15:55:52 UTC 2020
auto.tcl: Setting watchdog for 200 seconds at Fri Aug 28 15:55:52 UTC 2020
198 ms. Memory: 58368K Free: 14027K (24%)
ptolemy.util.test.WatchDog.cancel(): canceling Fri Aug 28 15:55:52 UTC 2020
------------------ testing $PTII/ptolemy/domains/de/test/auto/PeriodicSampler.xml
auto.tcl: Setting watchdog for 200 seconds at Fri Aug 28 15:55:52 UTC 2020
2 ms. Memory: 51200K Free: 32016K (63%)
ptolemy.util.test.WatchDog.cancel(): canceling Fri Aug 28 15:55:52 UTC 2020
auto.tcl: Setting watchdog for 200 seconds at Fri Aug 28 15:55:52 UTC 2020
2 ms. Memory: 51200K Free: 31496K (62%)
ptolemy.util.test.WatchDog.cancel(): canceling Fri Aug 28 15:55:52 UTC 2020
------------------ testing $PTII/ptolemy/domains/de/test/auto/PersistentIO.xml
auto.tcl: Setting watchdog for 200 seconds at Fri Aug 28 15:55:52 UTC 2020
15 ms. Memory: 51200K Free: 26940K (53%)
ptolemy.util.test.WatchDog.cancel(): canceling Fri Aug 28 15:55:52 UTC 2020
auto.tcl: Setting watchdog for 200 seconds at Fri Aug 28 15:55:52 UTC 2020
5 ms. Memory: 51200K Free: 25420K (50%)
ptolemy.util.test.WatchDog.cancel(): canceling Fri Aug 28 15:55:52 UTC 2020
------------------ testing $PTII/ptolemy/domains/de/test/auto/PortParameterResetOnInitialize.xml
auto.tcl: Setting watchdog for 200 seconds at Fri Aug 28 15:55:52 UTC 2020
2 ms. Memory: 51200K Free: 32153K (63%)
ptolemy.util.test.WatchDog.cancel(): canceling Fri Aug 28 15:55:52 UTC 2020
auto.tcl: Setting watchdog for 200 seconds at Fri Aug 28 15:55:52 UTC 2020
2 ms. Memory: 51200K Free: 31641K (62%)
ptolemy.util.test.WatchDog.cancel(): canceling Fri Aug 28 15:55:52 UTC 2020
------------------ testing $PTII/ptolemy/domains/de/test/auto/PortParameterUpdates.xml
auto.tcl: Setting watchdog for 200 seconds at Fri Aug 28 15:55:53 UTC 2020
3 ms. Memory: 51200K Free: 30234K (59%)
ptolemy.util.test.WatchDog.cancel(): canceling Fri Aug 28 15:55:53 UTC 2020
auto.tcl: Setting watchdog for 200 seconds at Fri Aug 28 15:55:53 UTC 2020
3 ms. Memory: 51200K Free: 28990K (57%)
ptolemy.util.test.WatchDog.cancel(): canceling Fri Aug 28 15:55:53 UTC 2020
------------------ testing $PTII/ptolemy/domains/de/test/auto/QueueAndServer.xml
auto.tcl: Setting watchdog for 200 seconds at Fri Aug 28 15:55:53 UTC 2020
6 ms. Memory: 51200K Free: 29177K (57%)
ptolemy.util.test.WatchDog.cancel(): canceling Fri Aug 28 15:55:53 UTC 2020
auto.tcl: Setting watchdog for 200 seconds at Fri Aug 28 15:55:53 UTC 2020
5 ms. Memory: 51200K Free: 27428K (54%)
ptolemy.util.test.WatchDog.cancel(): canceling Fri Aug 28 15:55:53 UTC 2020
------------------ testing $PTII/ptolemy/domains/de/test/auto/Records.xml
auto.tcl: Setting watchdog for 200 seconds at Fri Aug 28 15:55:53 UTC 2020
3 ms. Memory: 51200K Free: 31168K (61%)
ptolemy.util.test.WatchDog.cancel(): canceling Fri Aug 28 15:55:53 UTC 2020
auto.tcl: Setting watchdog for 200 seconds at Fri Aug 28 15:55:53 UTC 2020
2 ms. Memory: 51200K Free: 30654K (60%)
ptolemy.util.test.WatchDog.cancel(): canceling Fri Aug 28 15:55:53 UTC 2020
------------------ testing $PTII/ptolemy/domains/de/test/auto/ResetTransitionWithStartTime1.xml
auto.tcl: Setting watchdog for 200 seconds at Fri Aug 28 15:55:53 UTC 2020
11 ms. Memory: 51200K Free: 28461K (56%)
ptolemy.util.test.WatchDog.cancel(): canceling Fri Aug 28 15:55:53 UTC 2020
auto.tcl: Setting watchdog for 200 seconds at Fri Aug 28 15:55:53 UTC 2020
6 ms. Memory: 51200K Free: 26376K (52%)
ptolemy.util.test.WatchDog.cancel(): canceling Fri Aug 28 15:55:53 UTC 2020
------------------ testing $PTII/ptolemy/domains/de/test/auto/ResetTransitionWithStartTime2.xml
auto.tcl: Setting watchdog for 200 seconds at Fri Aug 28 15:55:53 UTC 2020
8 ms. Memory: 51200K Free: 28380K (55%)
ptolemy.util.test.WatchDog.cancel(): canceling Fri Aug 28 15:55:53 UTC 2020
auto.tcl: Setting watchdog for 200 seconds at Fri Aug 28 15:55:53 UTC 2020
8 ms. Memory: 51200K Free: 25815K (50%)
ptolemy.util.test.WatchDog.cancel(): canceling Fri Aug 28 15:55:53 UTC 2020
------------------ testing $PTII/ptolemy/domains/de/test/auto/ResetTransitionWithStartTime3.xml
auto.tcl: Setting watchdog for 200 seconds at Fri Aug 28 15:55:53 UTC 2020
6 ms. Memory: 51200K Free: 28379K (55%)
ptolemy.util.test.WatchDog.cancel(): canceling Fri Aug 28 15:55:53 UTC 2020
auto.tcl: Setting watchdog for 200 seconds at Fri Aug 28 15:55:53 UTC 2020
6 ms. Memory: 51200K Free: 26331K (51%)
ptolemy.util.test.WatchDog.cancel(): canceling Fri Aug 28 15:55:53 UTC 2020
------------------ testing $PTII/ptolemy/domains/de/test/auto/ResetTransitionWithStartTime4.xml
auto.tcl: Setting watchdog for 200 seconds at Fri Aug 28 15:55:53 UTC 2020
7 ms. Memory: 51200K Free: 28823K (56%)
ptolemy.util.test.WatchDog.cancel(): canceling Fri Aug 28 15:55:53 UTC 2020
auto.tcl: Setting watchdog for 200 seconds at Fri Aug 28 15:55:53 UTC 2020
4 ms. Memory: 51200K Free: 27353K (53%)
ptolemy.util.test.WatchDog.cancel(): canceling Fri Aug 28 15:55:53 UTC 2020
------------------ testing $PTII/ptolemy/domains/de/test/auto/ResettableTimer1.xml
auto.tcl: Setting watchdog for 200 seconds at Fri Aug 28 15:55:53 UTC 2020
3 ms. Memory: 51200K Free: 32593K (64%)
ptolemy.util.test.WatchDog.cancel(): canceling Fri Aug 28 15:55:53 UTC 2020
auto.tcl: Setting watchdog for 200 seconds at Fri Aug 28 15:55:53 UTC 2020
2 ms. Memory: 51200K Free: 31938K (62%)
ptolemy.util.test.WatchDog.cancel(): canceling Fri Aug 28 15:55:53 UTC 2020
------------------ testing $PTII/ptolemy/domains/de/test/auto/ResettableTimer2.xml
auto.tcl: Setting watchdog for 200 seconds at Fri Aug 28 15:55:53 UTC 2020
2 ms. Memory: 51200K Free: 32650K (64%)
ptolemy.util.test.WatchDog.cancel(): canceling Fri Aug 28 15:55:53 UTC 2020
auto.tcl: Setting watchdog for 200 seconds at Fri Aug 28 15:55:53 UTC 2020
3 ms. Memory: 51200K Free: 32009K (63%)
ptolemy.util.test.WatchDog.cancel(): canceling Fri Aug 28 15:55:53 UTC 2020
------------------ testing $PTII/ptolemy/domains/de/test/auto/ResettableTimer3.xml
auto.tcl: Setting watchdog for 200 seconds at Fri Aug 28 15:55:53 UTC 2020
1 ms. Memory: 51200K Free: 32511K (63%)
ptolemy.util.test.WatchDog.cancel(): canceling Fri Aug 28 15:55:53 UTC 2020
auto.tcl: Setting watchdog for 200 seconds at Fri Aug 28 15:55:53 UTC 2020
1 ms. Memory: 51200K Free: 32511K (63%)
ptolemy.util.test.WatchDog.cancel(): canceling Fri Aug 28 15:55:53 UTC 2020
------------------ testing $PTII/ptolemy/domains/de/test/auto/ResettableTimer4.xml
auto.tcl: Setting watchdog for 200 seconds at Fri Aug 28 15:55:53 UTC 2020
2 ms. Memory: 51200K Free: 32525K (64%)
ptolemy.util.test.WatchDog.cancel(): canceling Fri Aug 28 15:55:53 UTC 2020
auto.tcl: Setting watchdog for 200 seconds at Fri Aug 28 15:55:53 UTC 2020
2 ms. Memory: 51200K Free: 32011K (63%)
ptolemy.util.test.WatchDog.cancel(): canceling Fri Aug 28 15:55:53 UTC 2020
------------------ testing $PTII/ptolemy/domains/de/test/auto/ResettableTimer5.xml
auto.tcl: Setting watchdog for 200 seconds at Fri Aug 28 15:55:53 UTC 2020
3 ms. Memory: 51200K Free: 32009K (63%)
ptolemy.util.test.WatchDog.cancel(): canceling Fri Aug 28 15:55:53 UTC 2020
auto.tcl: Setting watchdog for 200 seconds at Fri Aug 28 15:55:53 UTC 2020
1 ms. Memory: 51200K Free: 31507K (62%)
ptolemy.util.test.WatchDog.cancel(): canceling Fri Aug 28 15:55:53 UTC 2020
------------------ testing $PTII/ptolemy/domains/de/test/auto/ResettableTimer6.xml
auto.tcl: Setting watchdog for 200 seconds at Fri Aug 28 15:55:53 UTC 2020
2 ms. Memory: 51200K Free: 31999K (62%)
ptolemy.util.test.WatchDog.cancel(): canceling Fri Aug 28 15:55:53 UTC 2020
auto.tcl: Setting watchdog for 200 seconds at Fri Aug 28 15:55:53 UTC 2020
2 ms. Memory: 51200K Free: 31489K (62%)
ptolemy.util.test.WatchDog.cancel(): canceling Fri Aug 28 15:55:53 UTC 2020
------------------ testing $PTII/ptolemy/domains/de/test/auto/ServerZeroDelay.xml
auto.tcl: Setting watchdog for 200 seconds at Fri Aug 28 15:55:53 UTC 2020
6 ms. Memory: 51200K Free: 32620K (64%)
ptolemy.util.test.WatchDog.cancel(): canceling Fri Aug 28 15:55:53 UTC 2020
auto.tcl: Setting watchdog for 200 seconds at Fri Aug 28 15:55:53 UTC 2020
2 ms. Memory: 51200K Free: 31486K (61%)
ptolemy.util.test.WatchDog.cancel(): canceling Fri Aug 28 15:55:53 UTC 2020
------------------ testing $PTII/ptolemy/domains/de/test/auto/SmartSender.xml
auto.tcl: Setting watchdog for 200 seconds at Fri Aug 28 15:55:53 UTC 2020
3002 ms. Memory: 51200K Free: 32499K (63%)
ptolemy.util.test.WatchDog.cancel(): canceling Fri Aug 28 15:55:56 UTC 2020
auto.tcl: Setting watchdog for 200 seconds at Fri Aug 28 15:55:56 UTC 2020
3001 ms. Memory: 51200K Free: 31995K (62%)
ptolemy.util.test.WatchDog.cancel(): canceling Fri Aug 28 15:55:59 UTC 2020
------------------ testing $PTII/ptolemy/domains/de/test/auto/ThreadedComposite.xml
auto.tcl: Setting watchdog for 200 seconds at Fri Aug 28 15:56:00 UTC 2020
199 ms. Memory: 51200K Free: 13567K (26%)
ptolemy.util.test.WatchDog.cancel(): canceling Fri Aug 28 15:56:00 UTC 2020
auto.tcl: Setting watchdog for 200 seconds at Fri Aug 28 15:56:00 UTC 2020
150 ms. Memory: 51200K Free: 27150K (53%)
ptolemy.util.test.WatchDog.cancel(): canceling Fri Aug 28 15:56:00 UTC 2020
------------------ testing $PTII/ptolemy/domains/de/test/auto/Time.xml
auto.tcl: Setting watchdog for 200 seconds at Fri Aug 28 15:56:00 UTC 2020
497 ms. Memory: 78848K Free: 37699K (48%)
ptolemy.util.test.WatchDog.cancel(): canceling Fri Aug 28 15:56:01 UTC 2020
auto.tcl: Setting watchdog for 200 seconds at Fri Aug 28 15:56:01 UTC 2020
470 ms. Memory: 78848K Free: 31211K (40%)
ptolemy.util.test.WatchDog.cancel(): canceling Fri Aug 28 15:56:01 UTC 2020
------------------ testing $PTII/ptolemy/domains/de/test/auto/TimeDelayZeroDelay.xml
auto.tcl: Setting watchdog for 200 seconds at Fri Aug 28 15:56:01 UTC 2020
3 ms. Memory: 55296K Free: 36850K (67%)
ptolemy.util.test.WatchDog.cancel(): canceling Fri Aug 28 15:56:01 UTC 2020
auto.tcl: Setting watchdog for 200 seconds at Fri Aug 28 15:56:01 UTC 2020
2 ms. Memory: 55296K Free: 36105K (65%)
ptolemy.util.test.WatchDog.cancel(): canceling Fri Aug 28 15:56:01 UTC 2020
------------------ testing $PTII/ptolemy/domains/de/test/auto/TimerZeroDelay.xml
auto.tcl: Setting watchdog for 200 seconds at Fri Aug 28 15:56:01 UTC 2020
3 ms. Memory: 55296K Free: 36955K (67%)
ptolemy.util.test.WatchDog.cancel(): canceling Fri Aug 28 15:56:01 UTC 2020
auto.tcl: Setting watchdog for 200 seconds at Fri Aug 28 15:56:01 UTC 2020
2 ms. Memory: 55296K Free: 36148K (65%)
ptolemy.util.test.WatchDog.cancel(): canceling Fri Aug 28 15:56:01 UTC 2020
------------------ testing $PTII/ptolemy/domains/de/test/auto/TimingParadox.xml
auto.tcl: Setting watchdog for 200 seconds at Fri Aug 28 15:56:01 UTC 2020
266 ms. Memory: 51200K Free: 22144K (43%)
ptolemy.util.test.WatchDog.cancel(): canceling Fri Aug 28 15:56:02 UTC 2020
auto.tcl: Setting watchdog for 200 seconds at Fri Aug 28 15:56:02 UTC 2020
256 ms. Memory: 51200K Free: 13839K (27%)
ptolemy.util.test.WatchDog.cancel(): canceling Fri Aug 28 15:56:02 UTC 2020
------------------ testing $PTII/ptolemy/domains/de/test/auto/TransferInputs.xml
auto.tcl: Setting watchdog for 200 seconds at Fri Aug 28 15:56:02 UTC 2020
2 ms. Memory: 51200K Free: 30953K (60%)
ptolemy.util.test.WatchDog.cancel(): canceling Fri Aug 28 15:56:02 UTC 2020
auto.tcl: Setting watchdog for 200 seconds at Fri Aug 28 15:56:02 UTC 2020
2 ms. Memory: 51200K Free: 30033K (59%)
ptolemy.util.test.WatchDog.cancel(): canceling Fri Aug 28 15:56:02 UTC 2020
------------------ testing $PTII/ptolemy/domains/de/test/auto/TransferOutputs2.xml
auto.tcl: Setting watchdog for 200 seconds at Fri Aug 28 15:56:02 UTC 2020
11 ms. Memory: 51200K Free: 28382K (55%)
ptolemy.util.test.WatchDog.cancel(): canceling Fri Aug 28 15:56:02 UTC 2020
auto.tcl: Setting watchdog for 200 seconds at Fri Aug 28 15:56:02 UTC 2020
3 ms. Memory: 51200K Free: 26977K (53%)
ptolemy.util.test.WatchDog.cancel(): canceling Fri Aug 28 15:56:02 UTC 2020
------------------ testing $PTII/ptolemy/domains/de/test/auto/Trilateration.xml
auto.tcl: Setting watchdog for 200 seconds at Fri Aug 28 15:56:02 UTC 2020
11492 ms. Memory: 340992K Free: 212414K (62%)
ptolemy.util.test.WatchDog.cancel(): canceling Fri Aug 28 15:56:15 UTC 2020
auto.tcl: Setting watchdog for 200 seconds at Fri Aug 28 15:56:15 UTC 2020
8789 ms. Memory: 340992K Free: 193611K (57%)
ptolemy.util.test.WatchDog.cancel(): canceling Fri Aug 28 15:56:23 UTC 2020
------------------ testing $PTII/ptolemy/domains/de/test/auto/TwoSigmaDelta.xml
auto.tcl: Setting watchdog for 200 seconds at Fri Aug 28 15:56:23 UTC 2020
2233 ms. Memory: 92160K Free: 40372K (44%)
ptolemy.util.test.WatchDog.cancel(): canceling Fri Aug 28 15:56:26 UTC 2020
auto.tcl: Setting watchdog for 200 seconds at Fri Aug 28 15:56:26 UTC 2020
1763 ms. Memory: 92160K Free: 41883K (45%)
ptolemy.util.test.WatchDog.cancel(): canceling Fri Aug 28 15:56:27 UTC 2020
------------------ testing $PTII/ptolemy/domains/de/test/auto/VariableDelay.xml
auto.tcl: Setting watchdog for 200 seconds at Fri Aug 28 15:56:28 UTC 2020
2 ms. Memory: 55296K Free: 35511K (64%)
ptolemy.util.test.WatchDog.cancel(): canceling Fri Aug 28 15:56:28 UTC 2020
auto.tcl: Setting watchdog for 200 seconds at Fri Aug 28 15:56:28 UTC 2020
2 ms. Memory: 55296K Free: 34517K (62%)
ptolemy.util.test.WatchDog.cancel(): canceling Fri Aug 28 15:56:28 UTC 2020
------------------ testing $PTII/ptolemy/domains/de/test/auto/VariableDelay2.xml
auto.tcl: Setting watchdog for 200 seconds at Fri Aug 28 15:56:28 UTC 2020
2 ms. Memory: 51200K Free: 32044K (63%)
ptolemy.util.test.WatchDog.cancel(): canceling Fri Aug 28 15:56:28 UTC 2020
auto.tcl: Setting watchdog for 200 seconds at Fri Aug 28 15:56:28 UTC 2020
1 ms. Memory: 51200K Free: 31516K (62%)
ptolemy.util.test.WatchDog.cancel(): canceling Fri Aug 28 15:56:28 UTC 2020
------------------ testing $PTII/ptolemy/domains/de/test/auto/VariableDelayZeroDelay.xml
auto.tcl: Setting watchdog for 200 seconds at Fri Aug 28 15:56:28 UTC 2020
2 ms. Memory: 51200K Free: 32357K (63%)
ptolemy.util.test.WatchDog.cancel(): canceling Fri Aug 28 15:56:28 UTC 2020
auto.tcl: Setting watchdog for 200 seconds at Fri Aug 28 15:56:28 UTC 2020
2 ms. Memory: 51200K Free: 31830K (62%)
ptolemy.util.test.WatchDog.cancel(): canceling Fri Aug 28 15:56:28 UTC 2020
------------------ testing $PTII/ptolemy/domains/de/test/auto/VariableDelayZeroDelay2.xml
auto.tcl: Setting watchdog for 200 seconds at Fri Aug 28 15:56:28 UTC 2020
2 ms. Memory: 51200K Free: 32355K (63%)
ptolemy.util.test.WatchDog.cancel(): canceling Fri Aug 28 15:56:28 UTC 2020
auto.tcl: Setting watchdog for 200 seconds at Fri Aug 28 15:56:28 UTC 2020
2 ms. Memory: 51200K Free: 31331K (61%)
ptolemy.util.test.WatchDog.cancel(): canceling Fri Aug 28 15:56:28 UTC 2020
------------------ testing $PTII/ptolemy/domains/de/test/auto/deInCt.xml
auto.tcl: Setting watchdog for 200 seconds at Fri Aug 28 15:56:28 UTC 2020
0
1
1
1
0
0
0
1
1
1
1
1
1
0
0
0
0
1
1
1
0
0
0
0
1
1
1
1
0
0
0
0
10 ms. Memory: 51200K Free: 31329K (61%)
ptolemy.util.test.WatchDog.cancel(): canceling Fri Aug 28 15:56:28 UTC 2020
auto.tcl: Setting watchdog for 200 seconds at Fri Aug 28 15:56:28 UTC 2020
0
1
1
1
1
0
0
0
0
0
1
1
0
0
0
1
1
1
1
1
0
0
0
1
1
1
0
0
0
1
1
1
0
0
0
1
1
1
0
0
0
0
4 ms. Memory: 51200K Free: 29794K (58%)
ptolemy.util.test.WatchDog.cancel(): canceling Fri Aug 28 15:56:28 UTC 2020
------------------ testing $PTII/ptolemy/domains/de/test/auto/deInCt2.xml
auto.tcl: Setting watchdog for 200 seconds at Fri Aug 28 15:56:28 UTC 2020
0
1
1
1
0
0
1
1
1
0
0
1
1
1
0
0
1
1
1
0
0
1
1
1
0
0
1
1
1
0
0
1
1
1
0
0
1
1
1
0
0
0
11 ms. Memory: 51200K Free: 31329K (61%)
ptolemy.util.test.WatchDog.cancel(): canceling Fri Aug 28 15:56:28 UTC 2020
auto.tcl: Setting watchdog for 200 seconds at Fri Aug 28 15:56:28 UTC 2020
0
1
1
1
0
0
1
1
1
0
0
1
1
1
0
0
1
1
1
0
0
1
1
1
0
0
1
1
1
0
0
1
1
1
0
0
1
1
1
0
0
0
9 ms. Memory: 51200K Free: 29777K (58%)
ptolemy.util.test.WatchDog.cancel(): canceling Fri Aug 28 15:56:28 UTC 2020
------------------ testing $PTII/ptolemy/domains/de/test/auto/dynamicCausalityInterface1.xml
auto.tcl: Setting watchdog for 200 seconds at Fri Aug 28 15:56:28 UTC 2020
2 ms. Memory: 51200K Free: 27228K (53%)
ptolemy.util.test.WatchDog.cancel(): canceling Fri Aug 28 15:56:28 UTC 2020
auto.tcl: Setting watchdog for 200 seconds at Fri Aug 28 15:56:28 UTC 2020
0 ms. Memory: 51200K Free: 26731K (52%)
ptolemy.util.test.WatchDog.cancel(): canceling Fri Aug 28 15:56:28 UTC 2020
------------------ testing $PTII/ptolemy/domains/de/test/auto/fsm_de_test.xml
auto.tcl: Setting watchdog for 200 seconds at Fri Aug 28 15:56:28 UTC 2020
11 ms. Memory: 51200K Free: 27126K (53%)
ptolemy.util.test.WatchDog.cancel(): canceling Fri Aug 28 15:56:28 UTC 2020
auto.tcl: Setting watchdog for 200 seconds at Fri Aug 28 15:56:28 UTC 2020
5 ms. Memory: 51200K Free: 25094K (49%)
ptolemy.util.test.WatchDog.cancel(): canceling Fri Aug 28 15:56:28 UTC 2020
------------------ testing $PTII/ptolemy/domains/de/test/auto/functionDependencyReconstruction.xml
auto.tcl: Setting watchdog for 200 seconds at Fri Aug 28 15:56:28 UTC 2020
3 ms. Memory: 51200K Free: 21095K (41%)
ptolemy.util.test.WatchDog.cancel(): canceling Fri Aug 28 15:56:28 UTC 2020
auto.tcl: Setting watchdog for 200 seconds at Fri Aug 28 15:56:28 UTC 2020
2 ms. Memory: 51200K Free: 18924K (37%)
ptolemy.util.test.WatchDog.cancel(): canceling Fri Aug 28 15:56:28 UTC 2020
------------------ testing $PTII/ptolemy/domains/de/test/auto/multirate.xml
auto.tcl: Setting watchdog for 200 seconds at Fri Aug 28 15:56:28 UTC 2020
3 ms. Memory: 51200K Free: 29767K (58%)
ptolemy.util.test.WatchDog.cancel(): canceling Fri Aug 28 15:56:28 UTC 2020
auto.tcl: Setting watchdog for 200 seconds at Fri Aug 28 15:56:28 UTC 2020
3 ms. Memory: 51200K Free: 28041K (55%)
ptolemy.util.test.WatchDog.cancel(): canceling Fri Aug 28 15:56:28 UTC 2020
------------------ testing $PTII/ptolemy/domains/de/test/auto/multirate2.xml
auto.tcl: Setting watchdog for 200 seconds at Fri Aug 28 15:56:28 UTC 2020
3 ms. Memory: 51200K Free: 29725K (58%)
ptolemy.util.test.WatchDog.cancel(): canceling Fri Aug 28 15:56:28 UTC 2020
auto.tcl: Setting watchdog for 200 seconds at Fri Aug 28 15:56:28 UTC 2020
3 ms. Memory: 51200K Free: 28214K (55%)
ptolemy.util.test.WatchDog.cancel(): canceling Fri Aug 28 15:56:28 UTC 2020
------------------ testing $PTII/ptolemy/domains/de/test/auto/realtime.xml
auto.tcl: Setting watchdog for 200 seconds at Fri Aug 28 15:56:28 UTC 2020
10001 ms. Memory: 51200K Free: 31979K (62%)
ptolemy.util.test.WatchDog.cancel(): canceling Fri Aug 28 15:56:38 UTC 2020
auto.tcl: Setting watchdog for 200 seconds at Fri Aug 28 15:56:38 UTC 2020
10001 ms. Memory: 51200K Free: 31274K (61%)
ptolemy.util.test.WatchDog.cancel(): canceling Fri Aug 28 15:56:48 UTC 2020
------------------ testing $PTII/ptolemy/domains/de/test/auto/relationGroup.xml
auto.tcl: Setting watchdog for 200 seconds at Fri Aug 28 15:56:48 UTC 2020
1 ms. Memory: 51200K Free: 33058K (65%)
ptolemy.util.test.WatchDog.cancel(): canceling Fri Aug 28 15:56:48 UTC 2020
auto.tcl: Setting watchdog for 200 seconds at Fri Aug 28 15:56:48 UTC 2020
1 ms. Memory: 51200K Free: 32322K (63%)
ptolemy.util.test.WatchDog.cancel(): canceling Fri Aug 28 15:56:48 UTC 2020
------------------ testing $PTII/ptolemy/domains/de/test/auto/relationGroup2.xml
auto.tcl: Setting watchdog for 200 seconds at Fri Aug 28 15:56:48 UTC 2020
1 ms. Memory: 51200K Free: 33114K (65%)
ptolemy.util.test.WatchDog.cancel(): canceling Fri Aug 28 15:56:48 UTC 2020
auto.tcl: Setting watchdog for 200 seconds at Fri Aug 28 15:56:48 UTC 2020
1 ms. Memory: 51200K Free: 32620K (64%)
ptolemy.util.test.WatchDog.cancel(): canceling Fri Aug 28 15:56:48 UTC 2020
------------------ testing $PTII/ptolemy/domains/de/test/auto/sortWithOpaquePorts.xml
auto.tcl: Setting watchdog for 200 seconds at Fri Aug 28 15:56:48 UTC 2020
2 ms. Memory: 51200K Free: 31852K (62%)
ptolemy.util.test.WatchDog.cancel(): canceling Fri Aug 28 15:56:49 UTC 2020
auto.tcl: Setting watchdog for 200 seconds at Fri Aug 28 15:56:49 UTC 2020
3 ms. Memory: 51200K Free: 30830K (60%)
ptolemy.util.test.WatchDog.cancel(): canceling Fri Aug 28 15:56:49 UTC 2020
------------------ testing $PTII/ptolemy/domains/de/test/auto/transferInputsandOutputs.xml
auto.tcl: Setting watchdog for 200 seconds at Fri Aug 28 15:56:49 UTC 2020
5 ms. Memory: 51200K Free: 29295K (57%)
ptolemy.util.test.WatchDog.cancel(): canceling Fri Aug 28 15:56:49 UTC 2020
auto.tcl: Setting watchdog for 200 seconds at Fri Aug 28 15:56:49 UTC 2020
2 ms. Memory: 51200K Free: 28283K (55%)
ptolemy.util.test.WatchDog.cancel(): canceling Fri Aug 28 15:56:49 UTC 2020
------------------ testing $PTII/ptolemy/domains/de/test/auto/triggerType.xml
auto.tcl: Setting watchdog for 200 seconds at Fri Aug 28 15:56:49 UTC 2020
1 ms. Memory: 51200K Free: 32321K (63%)
ptolemy.util.test.WatchDog.cancel(): canceling Fri Aug 28 15:56:49 UTC 2020
auto.tcl: Setting watchdog for 200 seconds at Fri Aug 28 15:56:49 UTC 2020
2 ms. Memory: 51200K Free: 31297K (61%)
ptolemy.util.test.WatchDog.cancel(): canceling Fri Aug 28 15:56:49 UTC 2020
08/28/20 03:56:49
Failed: 0  Total Tests: 192  ((Passed: 187, Newly Passed: 1)  Known Failed: 5) /home/travis/build/icyphy/ptII/ptolemy/domains/de/test
08/28/20 03:56:49
Failed: 0  Total Tests: 192  ((Passed: 187, Newly Passed: 1)  Known Failed: 5) /home/travis/build/icyphy/ptII/ptolemy/domains/de/test
----------------- testing (KnownFailure) /home/travis/build/icyphy/ptII/ptolemy/domains/de/test/auto/knownFailedTests/DESDFClockTest.xml
2012 ms. Memory: 51200K Free: 25715K (50%)
Known Failure: java.lang.reflect.InvocationTargetException
----------------- testing (KnownFailure) /home/travis/build/icyphy/ptII/ptolemy/domains/de/test/auto/knownFailedTests/DirectFeedback.xml
1 ms. Memory: 51200K Free: 22133K (43%)
Known Failure: java.lang.reflect.InvocationTargetException
----------------- testing (KnownFailure) /home/travis/build/icyphy/ptII/ptolemy/domains/de/test/auto/knownFailedTests/FSMSource.xml
13 ms. Memory: 51200K Free: 14965K (29%)
----------------- testing (KnownFailure) /home/travis/build/icyphy/ptII/ptolemy/domains/de/test/auto/knownFailedTests/HierarchicalModel.xml
3 ms. Memory: 51200K Free: 27146K (53%)
Known Failure: java.lang.reflect.InvocationTargetException
----------------- testing (KnownFailure) /home/travis/build/icyphy/ptII/ptolemy/domains/de/test/auto/knownFailedTests/dependencyLoop.xml
2 ms. Memory: 51200K Free: 11818K (23%)
Known Failure: java.lang.reflect.InvocationTargetException
----------------- testing (KnownFailure) /home/travis/build/icyphy/ptII/ptolemy/domains/de/test/auto/knownFailedTests/dependencyLoop2.xml
7 ms. Memory: 51200K Free: 24715K (48%)
Known Failure: java.lang.reflect.InvocationTargetException
No auto/linux-amd64/*.xml tests in /home/travis/build/icyphy/ptII/ptolemy/domains/de/test
AutoTests.java: About to close Vertx.
AutoTests.java: Vertx closed.

===========================================================================================
----------------- testing Fri Aug 28 15:56:51 UTC 2020 /home/travis/build/icyphy/ptII/ptolemy/domains/de/test/auto/ActorDepthCalculation_actorWithoutPorts.xml
----------------- Instantiating /home/travis/build/icyphy/ptII/ptolemy/domains/de/test/auto/ActorDepthCalculation_actorWithoutPorts.xml
2 ms. Memory: 51200K Free: 18279K (36%)
----------------- Invoking toplevel() on ptolemy.moml.MoMLSimpleApplication@1f7d975
----------------- Done invoking toplevel() on ptolemy.moml.MoMLSimpleApplication@1f7d975
reloadAllAccessors: .ActorDepthCalculation_actorWithoutPorts

===========================================================================================
----------------- testing Fri Aug 28 15:56:51 UTC 2020 /home/travis/build/icyphy/ptII/ptolemy/domains/de/test/auto/AssemblyLine.xml
----------------- Instantiating /home/travis/build/icyphy/ptII/ptolemy/domains/de/test/auto/AssemblyLine.xml
3 ms. Memory: 51200K Free: 11125K (22%)
----------------- Invoking toplevel() on ptolemy.moml.MoMLSimpleApplication@3ff2ac6d
----------------- Done invoking toplevel() on ptolemy.moml.MoMLSimpleApplication@3ff2ac6d
reloadAllAccessors: .AssemblyLine

===========================================================================================
----------------- testing Fri Aug 28 15:56:51 UTC 2020 /home/travis/build/icyphy/ptII/ptolemy/domains/de/test/auto/CQBug1.xml
----------------- Instantiating /home/travis/build/icyphy/ptII/ptolemy/domains/de/test/auto/CQBug1.xml
1 ms. Memory: 51200K Free: 8331K (16%)
----------------- Invoking toplevel() on ptolemy.moml.MoMLSimpleApplication@7eb74d7f
----------------- Done invoking toplevel() on ptolemy.moml.MoMLSimpleApplication@7eb74d7f
reloadAllAccessors: .CQBug1

===========================================================================================
----------------- testing Fri Aug 28 15:56:51 UTC 2020 /home/travis/build/icyphy/ptII/ptolemy/domains/de/test/auto/CancelFireAt.xml
----------------- Instantiating /home/travis/build/icyphy/ptII/ptolemy/domains/de/test/auto/CancelFireAt.xml
12 ms. Memory: 51200K Free: 34001K (66%)
----------------- Invoking toplevel() on ptolemy.moml.MoMLSimpleApplication@3c160055
----------------- Done invoking toplevel() on ptolemy.moml.MoMLSimpleApplication@3c160055
reloadAllAccessors: .CancelFireAt

===========================================================================================
----------------- testing Fri Aug 28 15:56:51 UTC 2020 /home/travis/build/icyphy/ptII/ptolemy/domains/de/test/auto/CausalityAndComposabilityAnalysis.xml
----------------- Instantiating /home/travis/build/icyphy/ptII/ptolemy/domains/de/test/auto/CausalityAndComposabilityAnalysis.xml
2 ms. Memory: 51200K Free: 29616K (58%)
----------------- Invoking toplevel() on ptolemy.moml.MoMLSimpleApplication@4e140676
----------------- Done invoking toplevel() on ptolemy.moml.MoMLSimpleApplication@4e140676
reloadAllAccessors: .CausalityAndComposabilityAnalysis

===========================================================================================
----------------- testing Fri Aug 28 15:56:51 UTC 2020 /home/travis/build/icyphy/ptII/ptolemy/domains/de/test/auto/CausalityInterface1.xml
----------------- Instantiating /home/travis/build/icyphy/ptII/ptolemy/domains/de/test/auto/CausalityInterface1.xml
5 ms. Memory: 51200K Free: 24512K (48%)
----------------- Invoking toplevel() on ptolemy.moml.MoMLSimpleApplication@2b4690b4
----------------- Done invoking toplevel() on ptolemy.moml.MoMLSimpleApplication@2b4690b4
reloadAllAccessors: .CausalityInterface1

===========================================================================================
----------------- testing Fri Aug 28 15:56:51 UTC 2020 /home/travis/build/icyphy/ptII/ptolemy/domains/de/test/auto/CausalityInterface15.xml
----------------- Instantiating /home/travis/build/icyphy/ptII/ptolemy/domains/de/test/auto/CausalityInterface15.xml
2 ms. Memory: 51200K Free: 19042K (37%)
----------------- Invoking toplevel() on ptolemy.moml.MoMLSimpleApplication@231e7d8e
----------------- Done invoking toplevel() on ptolemy.moml.MoMLSimpleApplication@231e7d8e
reloadAllAccessors: .CausalityInterface15

===========================================================================================
----------------- testing Fri Aug 28 15:56:51 UTC 2020 /home/travis/build/icyphy/ptII/ptolemy/domains/de/test/auto/CausalityInterface2.xml
----------------- Instantiating /home/travis/build/icyphy/ptII/ptolemy/domains/de/test/auto/CausalityInterface2.xml
2 ms. Memory: 51200K Free: 14302K (28%)
[...]
	at ptolemy.actor.Manager.run(Manager.java:1263)
	at ptolemy.actor.Manager$PtolemyRunThread.run(Manager.java:1933)
java.lang.RuntimeException: Execution failed
	at ptolemy.moml.MoMLSimpleApplication$UnloadThread.run(MoMLSimpleApplication.java:402)
Caused by: ptolemy.kernel.util.IllegalActionException: Actor is not ready to fire.  Perhaps UpSample.prefire() returned false? Try debugging the actor by selecting "Listen to Actor".  Also, for SDF check moml for tokenConsumptionRate on input.
  in .DESDFClockTest.Play Bell.Copy1:SDF Director and .DESDFClockTest.Play Bell.UpSample
	at ptolemy.actor.sched.StaticSchedulingDirector.fire(StaticSchedulingDirector.java:227)
	at ptolemy.domains.sdf.kernel.SDFDirector.fire(SDFDirector.java:500)
	at ptolemy.actor.CompositeActor.fire(CompositeActor.java:455)
	at ptolemy.domains.de.kernel.DEDirector._fire(DEDirector.java:1949)
	at ptolemy.domains.de.kernel.DEDirector.fire(DEDirector.java:502)
	at ptolemy.actor.CompositeActor.fire(CompositeActor.java:455)
	at ptolemy.actor.Manager.iterate(Manager.java:851)
	at ptolemy.actor.Manager.execute(Manager.java:369)
	at ptolemy.actor.Manager.run(Manager.java:1263)
	at ptolemy.actor.Manager$PtolemyRunThread.run(Manager.java:1933)
java.lang.reflect.InvocationTargetException
	at java.base/jdk.internal.reflect.NativeConstructorAccessorImpl.newInstance0(Native Method)
	at java.base/jdk.internal.reflect.NativeConstructorAccessorImpl.newInstance(NativeConstructorAccessorImpl.java:62)
	at java.base/jdk.internal.reflect.DelegatingConstructorAccessorImpl.newInstance(DelegatingConstructorAccessorImpl.java:45)
	at java.base/java.lang.reflect.Constructor.newInstance(Constructor.java:490)
	at ptolemy.util.test.junit.AutoKnownFailedTests.RunModel(AutoKnownFailedTests.java:105)
	at java.base/jdk.internal.reflect.NativeMethodAccessorImpl.invoke0(Native Method)
	at java.base/jdk.internal.reflect.NativeMethodAccessorImpl.invoke(NativeMethodAccessorImpl.java:62)
	at java.base/jdk.internal.reflect.DelegatingMethodAccessorImpl.invoke(DelegatingMethodAccessorImpl.java:43)
	at java.base/java.lang.reflect.Method.invoke(Method.java:566)
	at org.junit.runners.model.FrameworkMethod$1.runReflectiveCall(FrameworkMethod.java:44)
	at org.junit.internal.runners.model.ReflectiveCallable.run(ReflectiveCallable.java:15)
	at org.junit.runners.model.FrameworkMethod.invokeExplosively(FrameworkMethod.java:41)
	at junitparams.internal.InvokeParameterisedMethod.evaluate(InvokeParameterisedMethod.java:102)
	at org.junit.internal.runners.statements.FailOnTimeout$1.run(FailOnTimeout.java:28)
Caused by: ptolemy.kernel.util.IllegalActionException: Actor is not ready to fire.  Perhaps UpSample.prefire() returned false? Try debugging the actor by selecting "Listen to Actor".  Also, for SDF check moml for tokenConsumptionRate on input.
  in .DESDFClockTest.Play Bell.Copy1:SDF Director and .DESDFClockTest.Play Bell.UpSample
	at ptolemy.actor.sched.StaticSchedulingDirector.fire(StaticSchedulingDirector.java:227)
	at ptolemy.domains.sdf.kernel.SDFDirector.fire(SDFDirector.java:500)
	at ptolemy.actor.CompositeActor.fire(CompositeActor.java:455)
	at ptolemy.domains.de.kernel.DEDirector._fire(DEDirector.java:1949)
	at ptolemy.domains.de.kernel.DEDirector.fire(DEDirector.java:502)
	at ptolemy.actor.CompositeActor.fire(CompositeActor.java:455)
	at ptolemy.actor.Manager.iterate(Manager.java:851)
	at ptolemy.actor.Manager.execute(Manager.java:369)
	at ptolemy.actor.Manager.run(Manager.java:1263)
	at ptolemy.actor.Manager$PtolemyRunThread.run(Manager.java:1933)
java.lang.RuntimeException: Execution failed
	at ptolemy.moml.MoMLSimpleApplication$UnloadThread.run(MoMLSimpleApplication.java:402)
Caused by: ptolemy.kernel.util.IllegalActionException: Test fails in iteration 1.
Value was: 1.0. Should have been: 2.0
  in .DirectFeedback.Test
	at ptolemy.actor.lib.Test.fire(Test.java:268)
	at ptolemy.domains.de.kernel.DEDirector._fire(DEDirector.java:1949)
	at ptolemy.domains.de.kernel.DEDirector.fire(DEDirector.java:502)
	at ptolemy.actor.CompositeActor.fire(CompositeActor.java:455)
	at ptolemy.actor.Manager.iterate(Manager.java:851)
	at ptolemy.actor.Manager.execute(Manager.java:369)
	at ptolemy.actor.Manager.run(Manager.java:1263)
	at ptolemy.actor.Manager$PtolemyRunThread.run(Manager.java:1933)
java.lang.reflect.InvocationTargetException
	at java.base/jdk.internal.reflect.NativeConstructorAccessorImpl.newInstance0(Native Method)
	at java.base/jdk.internal.reflect.NativeConstructorAccessorImpl.newInstance(NativeConstructorAccessorImpl.java:62)
	at java.base/jdk.internal.reflect.DelegatingConstructorAccessorImpl.newInstance(DelegatingConstructorAccessorImpl.java:45)
	at java.base/java.lang.reflect.Constructor.newInstance(Constructor.java:490)
	at ptolemy.util.test.junit.AutoKnownFailedTests.RunModel(AutoKnownFailedTests.java:105)
	at java.base/jdk.internal.reflect.NativeMethodAccessorImpl.invoke0(Native Method)
	at java.base/jdk.internal.reflect.NativeMethodAccessorImpl.invoke(NativeMethodAccessorImpl.java:62)
	at java.base/jdk.internal.reflect.DelegatingMethodAccessorImpl.invoke(DelegatingMethodAccessorImpl.java:43)
	at java.base/java.lang.reflect.Method.invoke(Method.java:566)
	at org.junit.runners.model.FrameworkMethod$1.runReflectiveCall(FrameworkMethod.java:44)
	at org.junit.internal.runners.model.ReflectiveCallable.run(ReflectiveCallable.java:15)
	at org.junit.runners.model.FrameworkMethod.invokeExplosively(FrameworkMethod.java:41)
	at junitparams.internal.InvokeParameterisedMethod.evaluate(InvokeParameterisedMethod.java:102)
	at org.junit.internal.runners.statements.FailOnTimeout$1.run(FailOnTimeout.java:28)
Caused by: ptolemy.kernel.util.IllegalActionException: Test fails in iteration 1.
Value was: 1.0. Should have been: 2.0
  in .DirectFeedback.Test
	at ptolemy.actor.lib.Test.fire(Test.java:268)
	at ptolemy.domains.de.kernel.DEDirector._fire(DEDirector.java:1949)
	at ptolemy.domains.de.kernel.DEDirector.fire(DEDirector.java:502)
	at ptolemy.actor.CompositeActor.fire(CompositeActor.java:455)
	at ptolemy.actor.Manager.iterate(Manager.java:851)
	at ptolemy.actor.Manager.execute(Manager.java:369)
	at ptolemy.actor.Manager.run(Manager.java:1263)
	at ptolemy.actor.Manager$PtolemyRunThread.run(Manager.java:1933)
java.lang.RuntimeException: Execution failed
	at ptolemy.moml.MoMLSimpleApplication$UnloadThread.run(MoMLSimpleApplication.java:402)
Caused by: ptolemy.kernel.util.IllegalActionException: Found a zero delay loop containing .HierarchicalModel.A
  in .HierarchicalModel and .HierarchicalModel.A
	at ptolemy.actor.util.CausalityInterfaceForComposites._computeOutputPortDepth(CausalityInterfaceForComposites.java:759)
	at ptolemy.actor.util.CausalityInterfaceForComposites._computeInputDepth(CausalityInterfaceForComposites.java:696)
	at ptolemy.actor.util.CausalityInterfaceForComposites._computeOutputPortDepth(CausalityInterfaceForComposites.java:765)
	at ptolemy.actor.util.CausalityInterfaceForComposites._computeInputDepth(CausalityInterfaceForComposites.java:696)
	at ptolemy.actor.util.CausalityInterfaceForComposites._computeOutputPortDepth(CausalityInterfaceForComposites.java:765)
	at ptolemy.actor.util.CausalityInterfaceForComposites._computeInputDepth(CausalityInterfaceForComposites.java:696)
	at ptolemy.actor.util.CausalityInterfaceForComposites._computeActorDepth(CausalityInterfaceForComposites.java:532)
	at ptolemy.actor.util.CausalityInterfaceForComposites.checkForCycles(CausalityInterfaceForComposites.java:96)
	at ptolemy.domains.de.kernel.DEDirector.preinitialize(DEDirector.java:1338)
	at ptolemy.actor.CompositeActor.preinitialize(CompositeActor.java:1828)
	at ptolemy.actor.Manager.preinitializeAndResolveTypes(Manager.java:1040)
	at ptolemy.actor.Manager.initialize(Manager.java:710)
	at ptolemy.actor.Manager.execute(Manager.java:356)
	at ptolemy.actor.Manager.run(Manager.java:1263)
	at ptolemy.actor.Manager$PtolemyRunThread.run(Manager.java:1933)
java.lang.reflect.InvocationTargetException
	at java.base/jdk.internal.reflect.NativeConstructorAccessorImpl.newInstance0(Native Method)
	at java.base/jdk.internal.reflect.NativeConstructorAccessorImpl.newInstance(NativeConstructorAccessorImpl.java:62)
	at java.base/jdk.internal.reflect.DelegatingConstructorAccessorImpl.newInstance(DelegatingConstructorAccessorImpl.java:45)
	at java.base/java.lang.reflect.Constructor.newInstance(Constructor.java:490)
	at ptolemy.util.test.junit.AutoKnownFailedTests.RunModel(AutoKnownFailedTests.java:105)
	at java.base/jdk.internal.reflect.NativeMethodAccessorImpl.invoke0(Native Method)
	at java.base/jdk.internal.reflect.NativeMethodAccessorImpl.invoke(NativeMethodAccessorImpl.java:62)
	at java.base/jdk.internal.reflect.DelegatingMethodAccessorImpl.invoke(DelegatingMethodAccessorImpl.java:43)
	at java.base/java.lang.reflect.Method.invoke(Method.java:566)
	at org.junit.runners.model.FrameworkMethod$1.runReflectiveCall(FrameworkMethod.java:44)
	at org.junit.internal.runners.model.ReflectiveCallable.run(ReflectiveCallable.java:15)
	at org.junit.runners.model.FrameworkMethod.invokeExplosively(FrameworkMethod.java:41)
	at junitparams.internal.InvokeParameterisedMethod.evaluate(InvokeParameterisedMethod.java:102)
	at org.junit.internal.runners.statements.FailOnTimeout$1.run(FailOnTimeout.java:28)
Caused by: ptolemy.kernel.util.IllegalActionException: Found a zero delay loop containing .HierarchicalModel.A
  in .HierarchicalModel and .HierarchicalModel.A
	at ptolemy.actor.util.CausalityInterfaceForComposites._computeOutputPortDepth(CausalityInterfaceForComposites.java:759)
	at ptolemy.actor.util.CausalityInterfaceForComposites._computeInputDepth(CausalityInterfaceForComposites.java:696)
	at ptolemy.actor.util.CausalityInterfaceForComposites._computeOutputPortDepth(CausalityInterfaceForComposites.java:765)
	at ptolemy.actor.util.CausalityInterfaceForComposites._computeInputDepth(CausalityInterfaceForComposites.java:696)
	at ptolemy.actor.util.CausalityInterfaceForComposites._computeOutputPortDepth(CausalityInterfaceForComposites.java:765)
	at ptolemy.actor.util.CausalityInterfaceForComposites._computeInputDepth(CausalityInterfaceForComposites.java:696)
	at ptolemy.actor.util.CausalityInterfaceForComposites._computeActorDepth(CausalityInterfaceForComposites.java:532)
	at ptolemy.actor.util.CausalityInterfaceForComposites.checkForCycles(CausalityInterfaceForComposites.java:96)
	at ptolemy.domains.de.kernel.DEDirector.preinitialize(DEDirector.java:1338)
	at ptolemy.actor.CompositeActor.preinitialize(CompositeActor.java:1828)
	at ptolemy.actor.Manager.preinitializeAndResolveTypes(Manager.java:1040)
	at ptolemy.actor.Manager.initialize(Manager.java:710)
	at ptolemy.actor.Manager.execute(Manager.java:356)
	at ptolemy.actor.Manager.run(Manager.java:1263)
	at ptolemy.actor.Manager$PtolemyRunThread.run(Manager.java:1933)
java.lang.RuntimeException: Execution failed
	at ptolemy.moml.MoMLSimpleApplication$UnloadThread.run(MoMLSimpleApplication.java:402)
Caused by: ptolemy.kernel.util.IllegalActionException: Found a zero delay loop containing .dependencyLoop.original
  in .dependencyLoop and .dependencyLoop.original
	at ptolemy.actor.util.CausalityInterfaceForComposites._computeOutputPortDepth(CausalityInterfaceForComposites.java:759)
	at ptolemy.actor.util.CausalityInterfaceForComposites._computeInputDepth(CausalityInterfaceForComposites.java:696)
	at ptolemy.actor.util.CausalityInterfaceForComposites._computeOutputPortDepth(CausalityInterfaceForComposites.java:765)
	at ptolemy.actor.util.CausalityInterfaceForComposites._computeInputDepth(CausalityInterfaceForComposites.java:696)
	at ptolemy.actor.util.CausalityInterfaceForComposites._computeOutputPortDepth(CausalityInterfaceForComposites.java:765)
	at ptolemy.actor.util.CausalityInterfaceForComposites._computeInputDepth(CausalityInterfaceForComposites.java:696)
	at ptolemy.actor.util.CausalityInterfaceForComposites._computeActorDepth(CausalityInterfaceForComposites.java:532)
	at ptolemy.actor.util.CausalityInterfaceForComposites.checkForCycles(CausalityInterfaceForComposites.java:96)
	at ptolemy.domains.de.kernel.DEDirector.preinitialize(DEDirector.java:1338)
	at ptolemy.actor.CompositeActor.preinitialize(CompositeActor.java:1828)
	at ptolemy.actor.Manager.preinitializeAndResolveTypes(Manager.java:1040)
	at ptolemy.actor.Manager.initialize(Manager.java:710)
	at ptolemy.actor.Manager.execute(Manager.java:356)
	at ptolemy.actor.Manager.run(Manager.java:1263)
	at ptolemy.actor.Manager$PtolemyRunThread.run(Manager.java:1933)
java.lang.reflect.InvocationTargetException
	at java.base/jdk.internal.reflect.NativeConstructorAccessorImpl.newInstance0(Native Method)
	at java.base/jdk.internal.reflect.NativeConstructorAccessorImpl.newInstance(NativeConstructorAccessorImpl.java:62)
	at java.base/jdk.internal.reflect.DelegatingConstructorAccessorImpl.newInstance(DelegatingConstructorAccessorImpl.java:45)
	at java.base/java.lang.reflect.Constructor.newInstance(Constructor.java:490)
	at ptolemy.util.test.junit.AutoKnownFailedTests.RunModel(AutoKnownFailedTests.java:105)
	at java.base/jdk.internal.reflect.NativeMethodAccessorImpl.invoke0(Native Method)
	at java.base/jdk.internal.reflect.NativeMethodAccessorImpl.invoke(NativeMethodAccessorImpl.java:62)
	at java.base/jdk.internal.reflect.DelegatingMethodAccessorImpl.invoke(DelegatingMethodAccessorImpl.java:43)
	at java.base/java.lang.reflect.Method.invoke(Method.java:566)
	at org.junit.runners.model.FrameworkMethod$1.runReflectiveCall(FrameworkMethod.java:44)
	at org.junit.internal.runners.model.ReflectiveCallable.run(ReflectiveCallable.java:15)
	at org.junit.runners.model.FrameworkMethod.invokeExplosively(FrameworkMethod.java:41)
	at junitparams.internal.InvokeParameterisedMethod.evaluate(InvokeParameterisedMethod.java:102)
	at org.junit.internal.runners.statements.FailOnTimeout$1.run(FailOnTimeout.java:28)
Caused by: ptolemy.kernel.util.IllegalActionException: Found a zero delay loop containing .dependencyLoop.original
  in .dependencyLoop and .dependencyLoop.original
	at ptolemy.actor.util.CausalityInterfaceForComposites._computeOutputPortDepth(CausalityInterfaceForComposites.java:759)
	at ptolemy.actor.util.CausalityInterfaceForComposites._computeInputDepth(CausalityInterfaceForComposites.java:696)
	at ptolemy.actor.util.CausalityInterfaceForComposites._computeOutputPortDepth(CausalityInterfaceForComposites.java:765)
	at ptolemy.actor.util.CausalityInterfaceForComposites._computeInputDepth(CausalityInterfaceForComposites.java:696)
	at ptolemy.actor.util.CausalityInterfaceForComposites._computeOutputPortDepth(CausalityInterfaceForComposites.java:765)
	at ptolemy.actor.util.CausalityInterfaceForComposites._computeInputDepth(CausalityInterfaceForComposites.java:696)
	at ptolemy.actor.util.CausalityInterfaceForComposites._computeActorDepth(CausalityInterfaceForComposites.java:532)
	at ptolemy.actor.util.CausalityInterfaceForComposites.checkForCycles(CausalityInterfaceForComposites.java:96)
	at ptolemy.domains.de.kernel.DEDirector.preinitialize(DEDirector.java:1338)
	at ptolemy.actor.CompositeActor.preinitialize(CompositeActor.java:1828)
	at ptolemy.actor.Manager.preinitializeAndResolveTypes(Manager.java:1040)
	at ptolemy.actor.Manager.initialize(Manager.java:710)
	at ptolemy.actor.Manager.execute(Manager.java:356)
	at ptolemy.actor.Manager.run(Manager.java:1263)
	at ptolemy.actor.Manager$PtolemyRunThread.run(Manager.java:1933)
java.lang.RuntimeException: Execution failed
	at ptolemy.moml.MoMLSimpleApplication$UnloadThread.run(MoMLSimpleApplication.java:402)
Caused by: ptolemy.kernel.util.IllegalActionException: Found a zero delay loop containing .dependencyLoop2.original
  in .dependencyLoop2 and .dependencyLoop2.original
	at ptolemy.actor.util.CausalityInterfaceForComposites._computeOutputPortDepth(CausalityInterfaceForComposites.java:759)
	at ptolemy.actor.util.CausalityInterfaceForComposites._computeInputDepth(CausalityInterfaceForComposites.java:696)
	at ptolemy.actor.util.CausalityInterfaceForComposites._computeOutputPortDepth(CausalityInterfaceForComposites.java:765)
	at ptolemy.actor.util.CausalityInterfaceForComposites._computeInputDepth(CausalityInterfaceForComposites.java:696)
	at ptolemy.actor.util.CausalityInterfaceForComposites._computeOutputPortDepth(CausalityInterfaceForComposites.java:765)
	at ptolemy.actor.util.CausalityInterfaceForComposites._computeInputDepth(CausalityInterfaceForComposites.java:696)
	at ptolemy.actor.util.CausalityInterfaceForComposites._computeActorDepth(CausalityInterfaceForComposites.java:532)
	at ptolemy.actor.util.CausalityInterfaceForComposites.checkForCycles(CausalityInterfaceForComposites.java:96)
	at ptolemy.domains.de.kernel.DEDirector.preinitialize(DEDirector.java:1338)
	at ptolemy.actor.CompositeActor.preinitialize(CompositeActor.java:1828)
	at ptolemy.actor.Manager.preinitializeAndResolveTypes(Manager.java:1040)
	at ptolemy.actor.Manager.initialize(Manager.java:710)
	at ptolemy.actor.Manager.execute(Manager.java:356)
	at ptolemy.actor.Manager.run(Manager.java:1263)
	at ptolemy.actor.Manager$PtolemyRunThread.run(Manager.java:1933)
java.lang.reflect.InvocationTargetException
	at java.base/jdk.internal.reflect.NativeConstructorAccessorImpl.newInstance0(Native Method)
	at java.base/jdk.internal.reflect.NativeConstructorAccessorImpl.newInstance(NativeConstructorAccessorImpl.java:62)
	at java.base/jdk.internal.reflect.DelegatingConstructorAccessorImpl.newInstance(DelegatingConstructorAccessorImpl.java:45)
	at java.base/java.lang.reflect.Constructor.newInstance(Constructor.java:490)
	at ptolemy.util.test.junit.AutoKnownFailedTests.RunModel(AutoKnownFailedTests.java:105)
	at java.base/jdk.internal.reflect.NativeMethodAccessorImpl.invoke0(Native Method)
	at java.base/jdk.internal.reflect.NativeMethodAccessorImpl.invoke(NativeMethodAccessorImpl.java:62)
	at java.base/jdk.internal.reflect.DelegatingMethodAccessorImpl.invoke(DelegatingMethodAccessorImpl.java:43)
	at java.base/java.lang.reflect.Method.invoke(Method.java:566)
	at org.junit.runners.model.FrameworkMethod$1.runReflectiveCall(FrameworkMethod.java:44)
	at org.junit.internal.runners.model.ReflectiveCallable.run(ReflectiveCallable.java:15)
	at org.junit.runners.model.FrameworkMethod.invokeExplosively(FrameworkMethod.java:41)
	at junitparams.internal.InvokeParameterisedMethod.evaluate(InvokeParameterisedMethod.java:102)
	at org.junit.internal.runners.statements.FailOnTimeout$1.run(FailOnTimeout.java:28)
Caused by: ptolemy.kernel.util.IllegalActionException: Found a zero delay loop containing .dependencyLoop2.original
  in .dependencyLoop2 and .dependencyLoop2.original
	at ptolemy.actor.util.CausalityInterfaceForComposites._computeOutputPortDepth(CausalityInterfaceForComposites.java:759)
	at ptolemy.actor.util.CausalityInterfaceForComposites._computeInputDepth(CausalityInterfaceForComposites.java:696)
	at ptolemy.actor.util.CausalityInterfaceForComposites._computeOutputPortDepth(CausalityInterfaceForComposites.java:765)
	at ptolemy.actor.util.CausalityInterfaceForComposites._computeInputDepth(CausalityInterfaceForComposites.java:696)
	at ptolemy.actor.util.CausalityInterfaceForComposites._computeOutputPortDepth(CausalityInterfaceForComposites.java:765)
	at ptolemy.actor.util.CausalityInterfaceForComposites._computeInputDepth(CausalityInterfaceForComposites.java:696)
	at ptolemy.actor.util.CausalityInterfaceForComposites._computeActorDepth(CausalityInterfaceForComposites.java:532)
	at ptolemy.actor.util.CausalityInterfaceForComposites.checkForCycles(CausalityInterfaceForComposites.java:96)
	at ptolemy.domains.de.kernel.DEDirector.preinitialize(DEDirector.java:1338)
	at ptolemy.actor.CompositeActor.preinitialize(CompositeActor.java:1828)
	at ptolemy.actor.Manager.preinitializeAndResolveTypes(Manager.java:1040)
	at ptolemy.actor.Manager.initialize(Manager.java:710)
	at ptolemy.actor.Manager.execute(Manager.java:356)
	at ptolemy.actor.Manager.run(Manager.java:1263)
	at ptolemy.actor.Manager$PtolemyRunThread.run(Manager.java:1933)
]]></system-err>
</testsuite>
