<?xml version="1.0" encoding="UTF-8" ?>
<testsuite errors="0" failures="0" hostname="travis-job-fa49825f-c16c-4304-a1f3-ea0fa14b7403" name="ptolemy.domains.de.test.junit.JUnitTclTest" skipped="0" tests="101" time="123.726" timestamp="2020-05-15T14:18:26">
  <properties>
[...]
</properties>
  <testcase classname="ptolemy.util.test.junit.TclTests" name="[0] /home/travis/build/icyphy/ptII/ptolemy/domains/de/test/DependencyLoop.tcl (RunTclFile)" time="1.025" />
  <testcase classname="ptolemy.util.test.junit.TclTests" name="[1] /home/travis/build/icyphy/ptII/ptolemy/domains/de/test/RunDETestsAsQSS.tcl (RunTclFile)" time="83.976" />
  <testcase classname="ptolemy.util.test.junit.AutoKnownFailedTests" name="[0] /home/travis/build/icyphy/ptII/ptolemy/domains/de/test/auto/knownFailedTests/DESDFClockTest.xml (RunModel)" time="2.044" />
  <testcase classname="ptolemy.util.test.junit.AutoKnownFailedTests" name="[1] /home/travis/build/icyphy/ptII/ptolemy/domains/de/test/auto/knownFailedTests/DirectFeedback.xml (RunModel)" time="0.036" />
  <testcase classname="ptolemy.util.test.junit.AutoKnownFailedTests" name="[2] /home/travis/build/icyphy/ptII/ptolemy/domains/de/test/auto/knownFailedTests/FSMSource.xml (RunModel)" time="0.022" />
  <testcase classname="ptolemy.util.test.junit.AutoKnownFailedTests" name="[3] /home/travis/build/icyphy/ptII/ptolemy/domains/de/test/auto/knownFailedTests/HierarchicalModel.xml (RunModel)" time="0.042" />
  <testcase classname="ptolemy.util.test.junit.AutoKnownFailedTests" name="[4] /home/travis/build/icyphy/ptII/ptolemy/domains/de/test/auto/knownFailedTests/dependencyLoop.xml (RunModel)" time="0.041" />
  <testcase classname="ptolemy.util.test.junit.AutoKnownFailedTests" name="[5] /home/travis/build/icyphy/ptII/ptolemy/domains/de/test/auto/knownFailedTests/dependencyLoop2.xml (RunModel)" time="0.048" />
  <testcase classname="ptolemy.util.test.junit.AutoNameArchTests" name="[0] ThereAreNoAutoArchTests (RunModel)" time="0.001" />
  <testcase classname="ptolemy.util.test.junit.AutoTests" name="[0] /home/travis/build/icyphy/ptII/ptolemy/domains/de/test/auto/ActorDepthCalculation_actorWithoutPorts.xml (RunModel)" time="0.022" />
  <testcase classname="ptolemy.util.test.junit.AutoTests" name="[1] /home/travis/build/icyphy/ptII/ptolemy/domains/de/test/auto/AssemblyLine.xml (RunModel)" time="0.021" />
  <testcase classname="ptolemy.util.test.junit.AutoTests" name="[2] /home/travis/build/icyphy/ptII/ptolemy/domains/de/test/auto/CQBug1.xml (RunModel)" time="0.011" />
  <testcase classname="ptolemy.util.test.junit.AutoTests" name="[3] /home/travis/build/icyphy/ptII/ptolemy/domains/de/test/auto/CancelFireAt.xml (RunModel)" time="0.015" />
  <testcase classname="ptolemy.util.test.junit.AutoTests" name="[4] /home/travis/build/icyphy/ptII/ptolemy/domains/de/test/auto/CausalityAndComposabilityAnalysis.xml (RunModel)" time="0.011" />
  <testcase classname="ptolemy.util.test.junit.AutoTests" name="[5] /home/travis/build/icyphy/ptII/ptolemy/domains/de/test/auto/CausalityInterface1.xml (RunModel)" time="0.017" />
  <testcase classname="ptolemy.util.test.junit.AutoTests" name="[6] /home/travis/build/icyphy/ptII/ptolemy/domains/de/test/auto/CausalityInterface15.xml (RunModel)" time="0.015" />
  <testcase classname="ptolemy.util.test.junit.AutoTests" name="[7] /home/travis/build/icyphy/ptII/ptolemy/domains/de/test/auto/CausalityInterface2.xml (RunModel)" time="0.015" />
  <testcase classname="ptolemy.util.test.junit.AutoTests" name="[8] /home/travis/build/icyphy/ptII/ptolemy/domains/de/test/auto/CausalityInterface3.xml (RunModel)" time="0.012" />
  <testcase classname="ptolemy.util.test.junit.AutoTests" name="[9] /home/travis/build/icyphy/ptII/ptolemy/domains/de/test/auto/ClockDrift.xml (RunModel)" time="0.038" />
  <testcase classname="ptolemy.util.test.junit.AutoTests" name="[10] /home/travis/build/icyphy/ptII/ptolemy/domains/de/test/auto/ClockDriftAndValueChange.xml (RunModel)" time="0.028" />
  <testcase classname="ptolemy.util.test.junit.AutoTests" name="[11] /home/travis/build/icyphy/ptII/ptolemy/domains/de/test/auto/ClockDriftChange.xml (RunModel)" time="0.031" />
  <testcase classname="ptolemy.util.test.junit.AutoTests" name="[12] /home/travis/build/icyphy/ptII/ptolemy/domains/de/test/auto/ComposableCausalityAnalysis.xml (RunModel)" time="0.014" />
  <testcase classname="ptolemy.util.test.junit.AutoTests" name="[13] /home/travis/build/icyphy/ptII/ptolemy/domains/de/test/auto/DEFixedPointLimitation.xml (RunModel)" time="0.009" />
  <testcase classname="ptolemy.util.test.junit.AutoTests" name="[14] /home/travis/build/icyphy/ptII/ptolemy/domains/de/test/auto/DEScheduleTest.xml (RunModel)" time="0.013" />
  <testcase classname="ptolemy.util.test.junit.AutoTests" name="[15] /home/travis/build/icyphy/ptII/ptolemy/domains/de/test/auto/DEinDEwithStartTimes.xml (RunModel)" time="0.015" />
  <testcase classname="ptolemy.util.test.junit.AutoTests" name="[16] /home/travis/build/icyphy/ptII/ptolemy/domains/de/test/auto/DEinDEwithStartTimes2.xml (RunModel)" time="0.019" />
  <testcase classname="ptolemy.util.test.junit.AutoTests" name="[17] /home/travis/build/icyphy/ptII/ptolemy/domains/de/test/auto/DateDemo.xml (RunModel)" time="0.034" />
  <testcase classname="ptolemy.util.test.junit.AutoTests" name="[18] /home/travis/build/icyphy/ptII/ptolemy/domains/de/test/auto/DateToEvent.xml (RunModel)" time="2.048" />
  <testcase classname="ptolemy.util.test.junit.AutoTests" name="[19] /home/travis/build/icyphy/ptII/ptolemy/domains/de/test/auto/DepthTest1.xml (RunModel)" time="0.024" />
  <testcase classname="ptolemy.util.test.junit.AutoTests" name="[20] /home/travis/build/icyphy/ptII/ptolemy/domains/de/test/auto/DepthTest2.xml (RunModel)" time="0.02" />
  <testcase classname="ptolemy.util.test.junit.AutoTests" name="[21] /home/travis/build/icyphy/ptII/ptolemy/domains/de/test/auto/DepthTest3.xml (RunModel)" time="0.008" />
  <testcase classname="ptolemy.util.test.junit.AutoTests" name="[22] /home/travis/build/icyphy/ptII/ptolemy/domains/de/test/auto/DepthTest4.xml (RunModel)" time="0.021" />
  <testcase classname="ptolemy.util.test.junit.AutoTests" name="[23] /home/travis/build/icyphy/ptII/ptolemy/domains/de/test/auto/DepthTest5.xml (RunModel)" time="0.013" />
  <testcase classname="ptolemy.util.test.junit.AutoTests" name="[24] /home/travis/build/icyphy/ptII/ptolemy/domains/de/test/auto/DepthTest6.xml (RunModel)" time="0.016" />
  <testcase classname="ptolemy.util.test.junit.AutoTests" name="[25] /home/travis/build/icyphy/ptII/ptolemy/domains/de/test/auto/DepthTest7.xml (RunModel)" time="0.011" />
  <testcase classname="ptolemy.util.test.junit.AutoTests" name="[26] /home/travis/build/icyphy/ptII/ptolemy/domains/de/test/auto/EventToDate.xml (RunModel)" time="3.044" />
  <testcase classname="ptolemy.util.test.junit.AutoTests" name="[27] /home/travis/build/icyphy/ptII/ptolemy/domains/de/test/auto/FSM1.xml (RunModel)" time="0.048" />
  <testcase classname="ptolemy.util.test.junit.AutoTests" name="[28] /home/travis/build/icyphy/ptII/ptolemy/domains/de/test/auto/FSM7.xml (RunModel)" time="0.044" />
  <testcase classname="ptolemy.util.test.junit.AutoTests" name="[29] /home/travis/build/icyphy/ptII/ptolemy/domains/de/test/auto/Inspection.xml (RunModel)" time="0.042" />
  <testcase classname="ptolemy.util.test.junit.AutoTests" name="[30] /home/travis/build/icyphy/ptII/ptolemy/domains/de/test/auto/Iteration.xml (RunModel)" time="0.025" />
  <testcase classname="ptolemy.util.test.junit.AutoTests" name="[31] /home/travis/build/icyphy/ptII/ptolemy/domains/de/test/auto/LineFault.xml (RunModel)" time="0.547" />
  <testcase classname="ptolemy.util.test.junit.AutoTests" name="[32] /home/travis/build/icyphy/ptII/ptolemy/domains/de/test/auto/MergeModel1Add.xml (RunModel)" time="0.048" />
  <testcase classname="ptolemy.util.test.junit.AutoTests" name="[33] /home/travis/build/icyphy/ptII/ptolemy/domains/de/test/auto/MergeModel2Add.xml (RunModel)" time="0.036" />
  <testcase classname="ptolemy.util.test.junit.AutoTests" name="[34] /home/travis/build/icyphy/ptII/ptolemy/domains/de/test/auto/MergeModel3Add.xml (RunModel)" time="0.037" />
  <testcase classname="ptolemy.util.test.junit.AutoTests" name="[35] /home/travis/build/icyphy/ptII/ptolemy/domains/de/test/auto/MergeWithoutDiscard.xml (RunModel)" time="0.008" />
  <testcase classname="ptolemy.util.test.junit.AutoTests" name="[36] /home/travis/build/icyphy/ptII/ptolemy/domains/de/test/auto/Modal1.xml (RunModel)" time="0.028" />
  <testcase classname="ptolemy.util.test.junit.AutoTests" name="[37] /home/travis/build/icyphy/ptII/ptolemy/domains/de/test/auto/Modal2.xml (RunModel)" time="0.025" />
  <testcase classname="ptolemy.util.test.junit.AutoTests" name="[38] /home/travis/build/icyphy/ptII/ptolemy/domains/de/test/auto/Modal3.xml (RunModel)" time="0.028" />
  <testcase classname="ptolemy.util.test.junit.AutoTests" name="[39] /home/travis/build/icyphy/ptII/ptolemy/domains/de/test/auto/Modal4.xml (RunModel)" time="0.028" />
  <testcase classname="ptolemy.util.test.junit.AutoTests" name="[40] /home/travis/build/icyphy/ptII/ptolemy/domains/de/test/auto/Modal5.xml (RunModel)" time="0.034" />
  <testcase classname="ptolemy.util.test.junit.AutoTests" name="[41] /home/travis/build/icyphy/ptII/ptolemy/domains/de/test/auto/Modal6.xml (RunModel)" time="0.031" />
  <testcase classname="ptolemy.util.test.junit.AutoTests" name="[42] /home/travis/build/icyphy/ptII/ptolemy/domains/de/test/auto/Modal7.xml (RunModel)" time="0.035" />
  <testcase classname="ptolemy.util.test.junit.AutoTests" name="[43] /home/travis/build/icyphy/ptII/ptolemy/domains/de/test/auto/ModalModel.xml (RunModel)" time="0.174" />
  <testcase classname="ptolemy.util.test.junit.AutoTests" name="[44] /home/travis/build/icyphy/ptII/ptolemy/domains/de/test/auto/ModalSource.xml (RunModel)" time="0.024" />
  <testcase classname="ptolemy.util.test.junit.AutoTests" name="[45] /home/travis/build/icyphy/ptII/ptolemy/domains/de/test/auto/NonInterruptibleTimerZeroDelay.xml (RunModel)" time="0.011" />
  <testcase classname="ptolemy.util.test.junit.AutoTests" name="[46] /home/travis/build/icyphy/ptII/ptolemy/domains/de/test/auto/OpenQueueingNetwork.xml (RunModel)" time="2.36" />
  <testcase classname="ptolemy.util.test.junit.AutoTests" name="[47] /home/travis/build/icyphy/ptII/ptolemy/domains/de/test/auto/OpenQueuingNetwork.xml (RunModel)" time="0.264" />
  <testcase classname="ptolemy.util.test.junit.AutoTests" name="[48] /home/travis/build/icyphy/ptII/ptolemy/domains/de/test/auto/PeriodicSampler.xml (RunModel)" time="0.011" />
  <testcase classname="ptolemy.util.test.junit.AutoTests" name="[49] /home/travis/build/icyphy/ptII/ptolemy/domains/de/test/auto/PersistentIO.xml (RunModel)" time="0.03" />
  <testcase classname="ptolemy.util.test.junit.AutoTests" name="[50] /home/travis/build/icyphy/ptII/ptolemy/domains/de/test/auto/PortParameterResetOnInitialize.xml (RunModel)" time="0.011" />
  <testcase classname="ptolemy.util.test.junit.AutoTests" name="[51] /home/travis/build/icyphy/ptII/ptolemy/domains/de/test/auto/PortParameterUpdates.xml (RunModel)" time="0.015" />
  <testcase classname="ptolemy.util.test.junit.AutoTests" name="[52] /home/travis/build/icyphy/ptII/ptolemy/domains/de/test/auto/QueueAndServer.xml (RunModel)" time="0.023" />
  <testcase classname="ptolemy.util.test.junit.AutoTests" name="[53] /home/travis/build/icyphy/ptII/ptolemy/domains/de/test/auto/Records.xml (RunModel)" time="0.016" />
  <testcase classname="ptolemy.util.test.junit.AutoTests" name="[54] /home/travis/build/icyphy/ptII/ptolemy/domains/de/test/auto/ResetTransitionWithStartTime1.xml (RunModel)" time="0.02" />
  <testcase classname="ptolemy.util.test.junit.AutoTests" name="[55] /home/travis/build/icyphy/ptII/ptolemy/domains/de/test/auto/ResetTransitionWithStartTime2.xml (RunModel)" time="0.019" />
  <testcase classname="ptolemy.util.test.junit.AutoTests" name="[56] /home/travis/build/icyphy/ptII/ptolemy/domains/de/test/auto/ResetTransitionWithStartTime3.xml (RunModel)" time="0.018" />
  <testcase classname="ptolemy.util.test.junit.AutoTests" name="[57] /home/travis/build/icyphy/ptII/ptolemy/domains/de/test/auto/ResetTransitionWithStartTime4.xml (RunModel)" time="0.017" />
  <testcase classname="ptolemy.util.test.junit.AutoTests" name="[58] /home/travis/build/icyphy/ptII/ptolemy/domains/de/test/auto/ResettableTimer1.xml (RunModel)" time="0.013" />
  <testcase classname="ptolemy.util.test.junit.AutoTests" name="[59] /home/travis/build/icyphy/ptII/ptolemy/domains/de/test/auto/ResettableTimer2.xml (RunModel)" time="0.01" />
  <testcase classname="ptolemy.util.test.junit.AutoTests" name="[60] /home/travis/build/icyphy/ptII/ptolemy/domains/de/test/auto/ResettableTimer3.xml (RunModel)" time="0.008" />
  <testcase classname="ptolemy.util.test.junit.AutoTests" name="[61] /home/travis/build/icyphy/ptII/ptolemy/domains/de/test/auto/ResettableTimer4.xml (RunModel)" time="0.011" />
  <testcase classname="ptolemy.util.test.junit.AutoTests" name="[62] /home/travis/build/icyphy/ptII/ptolemy/domains/de/test/auto/ResettableTimer5.xml (RunModel)" time="0.009" />
  <testcase classname="ptolemy.util.test.junit.AutoTests" name="[63] /home/travis/build/icyphy/ptII/ptolemy/domains/de/test/auto/ResettableTimer6.xml (RunModel)" time="0.015" />
  <testcase classname="ptolemy.util.test.junit.AutoTests" name="[64] /home/travis/build/icyphy/ptII/ptolemy/domains/de/test/auto/ServerZeroDelay.xml (RunModel)" time="0.009" />
  <testcase classname="ptolemy.util.test.junit.AutoTests" name="[65] /home/travis/build/icyphy/ptII/ptolemy/domains/de/test/auto/SmartSender.xml (RunModel)" time="3.008" />
  <testcase classname="ptolemy.util.test.junit.AutoTests" name="[66] /home/travis/build/icyphy/ptII/ptolemy/domains/de/test/auto/ThreadedComposite.xml (RunModel)" time="0.341" />
  <testcase classname="ptolemy.util.test.junit.AutoTests" name="[67] /home/travis/build/icyphy/ptII/ptolemy/domains/de/test/auto/Time.xml (RunModel)" time="0.368" />
  <testcase classname="ptolemy.util.test.junit.AutoTests" name="[68] /home/travis/build/icyphy/ptII/ptolemy/domains/de/test/auto/TimeDelayZeroDelay.xml (RunModel)" time="0.014" />
  <testcase classname="ptolemy.util.test.junit.AutoTests" name="[69] /home/travis/build/icyphy/ptII/ptolemy/domains/de/test/auto/TimerZeroDelay.xml (RunModel)" time="0.011" />
  <testcase classname="ptolemy.util.test.junit.AutoTests" name="[70] /home/travis/build/icyphy/ptII/ptolemy/domains/de/test/auto/TimingParadox.xml (RunModel)" time="0.303" />
  <testcase classname="ptolemy.util.test.junit.AutoTests" name="[71] /home/travis/build/icyphy/ptII/ptolemy/domains/de/test/auto/TransferInputs.xml (RunModel)" time="0.016" />
  <testcase classname="ptolemy.util.test.junit.AutoTests" name="[72] /home/travis/build/icyphy/ptII/ptolemy/domains/de/test/auto/TransferOutputs2.xml (RunModel)" time="0.019" />
  <testcase classname="ptolemy.util.test.junit.AutoTests" name="[73] /home/travis/build/icyphy/ptII/ptolemy/domains/de/test/auto/Trilateration.xml (RunModel)" time="10.357" />
  <testcase classname="ptolemy.util.test.junit.AutoTests" name="[74] /home/travis/build/icyphy/ptII/ptolemy/domains/de/test/auto/TwoSigmaDelta.xml (RunModel)" time="1.85" />
  <testcase classname="ptolemy.util.test.junit.AutoTests" name="[75] /home/travis/build/icyphy/ptII/ptolemy/domains/de/test/auto/VariableDelay.xml (RunModel)" time="0.014" />
  <testcase classname="ptolemy.util.test.junit.AutoTests" name="[76] /home/travis/build/icyphy/ptII/ptolemy/domains/de/test/auto/VariableDelay2.xml (RunModel)" time="0.008" />
  <testcase classname="ptolemy.util.test.junit.AutoTests" name="[77] /home/travis/build/icyphy/ptII/ptolemy/domains/de/test/auto/VariableDelayZeroDelay.xml (RunModel)" time="0.011" />
  <testcase classname="ptolemy.util.test.junit.AutoTests" name="[78] /home/travis/build/icyphy/ptII/ptolemy/domains/de/test/auto/VariableDelayZeroDelay2.xml (RunModel)" time="0.015" />
  <testcase classname="ptolemy.util.test.junit.AutoTests" name="[79] /home/travis/build/icyphy/ptII/ptolemy/domains/de/test/auto/deInCt.xml (RunModel)" time="0.016" />
  <testcase classname="ptolemy.util.test.junit.AutoTests" name="[80] /home/travis/build/icyphy/ptII/ptolemy/domains/de/test/auto/deInCt2.xml (RunModel)" time="0.015" />
  <testcase classname="ptolemy.util.test.junit.AutoTests" name="[81] /home/travis/build/icyphy/ptII/ptolemy/domains/de/test/auto/dynamicCausalityInterface1.xml (RunModel)" time="0.016" />
  <testcase classname="ptolemy.util.test.junit.AutoTests" name="[82] /home/travis/build/icyphy/ptII/ptolemy/domains/de/test/auto/fsm_de_test.xml (RunModel)" time="0.022" />
  <testcase classname="ptolemy.util.test.junit.AutoTests" name="[83] /home/travis/build/icyphy/ptII/ptolemy/domains/de/test/auto/functionDependencyReconstruction.xml (RunModel)" time="0.035" />
  <testcase classname="ptolemy.util.test.junit.AutoTests" name="[84] /home/travis/build/icyphy/ptII/ptolemy/domains/de/test/auto/multirate.xml (RunModel)" time="0.015" />
  <testcase classname="ptolemy.util.test.junit.AutoTests" name="[85] /home/travis/build/icyphy/ptII/ptolemy/domains/de/test/auto/multirate2.xml (RunModel)" time="0.012" />
  <testcase classname="ptolemy.util.test.junit.AutoTests" name="[86] /home/travis/build/icyphy/ptII/ptolemy/domains/de/test/auto/realtime.xml (RunModel)" time="10.008" />
  <testcase classname="ptolemy.util.test.junit.AutoTests" name="[87] /home/travis/build/icyphy/ptII/ptolemy/domains/de/test/auto/relationGroup.xml (RunModel)" time="0.01" />
  <testcase classname="ptolemy.util.test.junit.AutoTests" name="[88] /home/travis/build/icyphy/ptII/ptolemy/domains/de/test/auto/relationGroup2.xml (RunModel)" time="0.01" />
  <testcase classname="ptolemy.util.test.junit.AutoTests" name="[89] /home/travis/build/icyphy/ptII/ptolemy/domains/de/test/auto/sortWithOpaquePorts.xml (RunModel)" time="0.013" />
  <testcase classname="ptolemy.util.test.junit.AutoTests" name="[90] /home/travis/build/icyphy/ptII/ptolemy/domains/de/test/auto/transferInputsandOutputs.xml (RunModel)" time="0.012" />
  <testcase classname="ptolemy.util.test.junit.AutoTests" name="[91] /home/travis/build/icyphy/ptII/ptolemy/domains/de/test/auto/triggerType.xml (RunModel)" time="0.007" />
  <system-out><![CDATA[/home/travis/build/icyphy/ptII/ptolemy/domains/de/test/DependencyLoop.tcl
testDefs.tcl: setting time out to 9000 seconds at Fri May 15 14:18:26 UTC 2020
50 ms. Memory: 129024K Free: 78791K (61%)
26 ms. Memory: 129024K Free: 61383K (48%)
/home/travis/build/icyphy/ptII/ptolemy/domains/de/test/RunDETestsAsQSS.tcl
Run the DE tests using ptolemy.domains.qss.test.QSSDirectorTest, which extends QSSDirector and prints a message in the constructors.
------------------ testing $PTII/ptolemy/domains/de/test/auto/knownFailedTests/DirectFeedback.xml (Known Failure) 
55 ms. Memory: 129024K Free: 56263K (44%)


==== $PTIIhome/travis/build/icyphy/ptII/ptolemy/domains/de/test/../../../../: Auto Automatic test in file $PTII/ptolemy/domains/de/test/auto/knownFailedTests/DirectFeedback.xml
==== Contents of test case:

	    # FIXME: we should use $relativeFilename here, but it
	    # might have backslashes under Windows, which causes no end
	    # of trouble.
	    createAndExecute $file
	    list {}
	
.... Test generated KNOWN error:
    while executing
ptolemy.kernel.util.IllegalActionException: Test fails in iteration 1.
Value was: 1.0. Should have been: 2.0
  in .DirectFeedback.Test
	at ptolemy.actor.lib.Test.fire(Test.java:268)
	at ptolemy.domains.de.kernel.DEDirector._fire(DEDirector.java:1949)
	at ptolemy.domains.de.kernel.DEDirector.fire(DEDirector.java:502)
	at ptolemy.actor.CompositeActor.fire(CompositeActor.java:455)
	at ptolemy.actor.Manager.iterate(Manager.java:851)
	at ptolemy.actor.Manager.execute(Manager.java:369)
	at ptolemy.actor.Manager.run(Manager.java:1263)
	at ptolemy.actor.Manager$PtolemyRunThread.run(Manager.java:1933)

    while executing
ptolemy.kernel.util.IllegalActionException: Test fails in iteration 1.
Value was: 1.0. Should have been: 2.0
  in .DirectFeedback.Test
    while executing
"java::new ptolemy.moml.MoMLSimpleApplication $file
"
    (procedure "createAndExecute" line 2)
    invoked from within
"createAndExecute $file"
    ("uplevel" body line 5)
    invoked from within
"uplevel $contents_of_test"
------------------ testing $PTII/ptolemy/domains/de/test/auto/knownFailedTests/dependencyLoop.xml (Known Failure) 
18 ms. Memory: 129024K Free: 53191K (41%)


==== $PTIIhome/travis/build/icyphy/ptII/ptolemy/domains/de/test/../../../../: Auto Automatic test in file $PTII/ptolemy/domains/de/test/auto/knownFailedTests/dependencyLoop.xml
==== Contents of test case:

	    # FIXME: we should use $relativeFilename here, but it
	    # might have backslashes under Windows, which causes no end
	    # of trouble.
	    createAndExecute $file
	    list {}
	
.... Test generated KNOWN error:
    while executing
ptolemy.kernel.util.IllegalActionException: Found a zero delay loop containing .dependencyLoop.original
  in .dependencyLoop and .dependencyLoop.original
	at ptolemy.actor.util.CausalityInterfaceForComposites._computeOutputPortDepth(CausalityInterfaceForComposites.java:759)
	at ptolemy.actor.util.CausalityInterfaceForComposites._computeInputDepth(CausalityInterfaceForComposites.java:696)
	at ptolemy.actor.util.CausalityInterfaceForComposites._computeOutputPortDepth(CausalityInterfaceForComposites.java:765)
	at ptolemy.actor.util.CausalityInterfaceForComposites._computeInputDepth(CausalityInterfaceForComposites.java:696)
	at ptolemy.actor.util.CausalityInterfaceForComposites._computeOutputPortDepth(CausalityInterfaceForComposites.java:765)
	at ptolemy.actor.util.CausalityInterfaceForComposites._computeInputDepth(CausalityInterfaceForComposites.java:696)
	at ptolemy.actor.util.CausalityInterfaceForComposites._computeActorDepth(CausalityInterfaceForComposites.java:532)
	at ptolemy.actor.util.CausalityInterfaceForComposites.checkForCycles(CausalityInterfaceForComposites.java:96)
	at ptolemy.domains.de.kernel.DEDirector.preinitialize(DEDirector.java:1338)
	at ptolemy.actor.CompositeActor.preinitialize(CompositeActor.java:1828)
	at ptolemy.actor.Manager.preinitializeAndResolveTypes(Manager.java:1040)
	at ptolemy.actor.Manager.initialize(Manager.java:710)
	at ptolemy.actor.Manager.execute(Manager.java:356)
	at ptolemy.actor.Manager.run(Manager.java:1263)
	at ptolemy.actor.Manager$PtolemyRunThread.run(Manager.java:1933)

    while executing
ptolemy.kernel.util.IllegalActionException: Found a zero delay loop containing .dependencyLoop.original
  in .dependencyLoop and .dependencyLoop.original
    while executing
"java::new ptolemy.moml.MoMLSimpleApplication $file
"
    (procedure "createAndExecute" line 2)
    invoked from within
"createAndExecute $file"
    ("uplevel" body line 5)
    invoked from within
"uplevel $contents_of_test"
------------------ testing $PTII/ptolemy/domains/de/test/auto/knownFailedTests/FSMSource.xml (Known Failure) 
69 ms. Memory: 129024K Free: 111886K (87%)
!!!! Auto was marked as failing, but now passes
------------------ testing $PTII/ptolemy/domains/de/test/auto/knownFailedTests/HierarchicalModel.xml (Known Failure) 
10 ms. Memory: 129024K Free: 94408K (73%)


==== $PTIIhome/travis/build/icyphy/ptII/ptolemy/domains/de/test/../../../../: Auto Automatic test in file $PTII/ptolemy/domains/de/test/auto/knownFailedTests/HierarchicalModel.xml
==== Contents of test case:

	    # FIXME: we should use $relativeFilename here, but it
	    # might have backslashes under Windows, which causes no end
	    # of trouble.
	    createAndExecute $file
	    list {}
	
.... Test generated KNOWN error:
    while executing
ptolemy.kernel.util.IllegalActionException: Found a zero delay loop containing .HierarchicalModel.A
  in .HierarchicalModel and .HierarchicalModel.A
	at ptolemy.actor.util.CausalityInterfaceForComposites._computeOutputPortDepth(CausalityInterfaceForComposites.java:759)
	at ptolemy.actor.util.CausalityInterfaceForComposites._computeInputDepth(CausalityInterfaceForComposites.java:696)
	at ptolemy.actor.util.CausalityInterfaceForComposites._computeOutputPortDepth(CausalityInterfaceForComposites.java:765)
	at ptolemy.actor.util.CausalityInterfaceForComposites._computeInputDepth(CausalityInterfaceForComposites.java:696)
	at ptolemy.actor.util.CausalityInterfaceForComposites._computeOutputPortDepth(CausalityInterfaceForComposites.java:765)
	at ptolemy.actor.util.CausalityInterfaceForComposites._computeInputDepth(CausalityInterfaceForComposites.java:696)
	at ptolemy.actor.util.CausalityInterfaceForComposites._computeActorDepth(CausalityInterfaceForComposites.java:532)
	at ptolemy.actor.util.CausalityInterfaceForComposites.checkForCycles(CausalityInterfaceForComposites.java:96)
	at ptolemy.domains.de.kernel.DEDirector.preinitialize(DEDirector.java:1338)
	at ptolemy.actor.CompositeActor.preinitialize(CompositeActor.java:1828)
	at ptolemy.actor.Manager.preinitializeAndResolveTypes(Manager.java:1040)
	at ptolemy.actor.Manager.initialize(Manager.java:710)
	at ptolemy.actor.Manager.execute(Manager.java:356)
	at ptolemy.actor.Manager.run(Manager.java:1263)
	at ptolemy.actor.Manager$PtolemyRunThread.run(Manager.java:1933)

    while executing
ptolemy.kernel.util.IllegalActionException: Found a zero delay loop containing .HierarchicalModel.A
  in .HierarchicalModel and .HierarchicalModel.A
    while executing
"java::new ptolemy.moml.MoMLSimpleApplication $file
"
    (procedure "createAndExecute" line 2)
    invoked from within
"createAndExecute $file"
    ("uplevel" body line 5)
    invoked from within
"uplevel $contents_of_test"
------------------ testing $PTII/ptolemy/domains/de/test/auto/knownFailedTests/dependencyLoop2.xml (Known Failure) 
7 ms. Memory: 129024K Free: 78365K (61%)


==== $PTIIhome/travis/build/icyphy/ptII/ptolemy/domains/de/test/../../../../: Auto Automatic test in file $PTII/ptolemy/domains/de/test/auto/knownFailedTests/dependencyLoop2.xml
==== Contents of test case:

	    # FIXME: we should use $relativeFilename here, but it
	    # might have backslashes under Windows, which causes no end
	    # of trouble.
	    createAndExecute $file
	    list {}
	
.... Test generated KNOWN error:
    while executing
ptolemy.kernel.util.IllegalActionException: Found a zero delay loop containing .dependencyLoop2.original
  in .dependencyLoop2 and .dependencyLoop2.original
	at ptolemy.actor.util.CausalityInterfaceForComposites._computeOutputPortDepth(CausalityInterfaceForComposites.java:759)
	at ptolemy.actor.util.CausalityInterfaceForComposites._computeInputDepth(CausalityInterfaceForComposites.java:696)
	at ptolemy.actor.util.CausalityInterfaceForComposites._computeOutputPortDepth(CausalityInterfaceForComposites.java:765)
	at ptolemy.actor.util.CausalityInterfaceForComposites._computeInputDepth(CausalityInterfaceForComposites.java:696)
	at ptolemy.actor.util.CausalityInterfaceForComposites._computeOutputPortDepth(CausalityInterfaceForComposites.java:765)
	at ptolemy.actor.util.CausalityInterfaceForComposites._computeInputDepth(CausalityInterfaceForComposites.java:696)
	at ptolemy.actor.util.CausalityInterfaceForComposites._computeActorDepth(CausalityInterfaceForComposites.java:532)
	at ptolemy.actor.util.CausalityInterfaceForComposites.checkForCycles(CausalityInterfaceForComposites.java:96)
	at ptolemy.domains.de.kernel.DEDirector.preinitialize(DEDirector.java:1338)
	at ptolemy.actor.CompositeActor.preinitialize(CompositeActor.java:1828)
	at ptolemy.actor.Manager.preinitializeAndResolveTypes(Manager.java:1040)
	at ptolemy.actor.Manager.initialize(Manager.java:710)
	at ptolemy.actor.Manager.execute(Manager.java:356)
	at ptolemy.actor.Manager.run(Manager.java:1263)
	at ptolemy.actor.Manager$PtolemyRunThread.run(Manager.java:1933)

    while executing
ptolemy.kernel.util.IllegalActionException: Found a zero delay loop containing .dependencyLoop2.original
  in .dependencyLoop2 and .dependencyLoop2.original
    while executing
"java::new ptolemy.moml.MoMLSimpleApplication $file
"
    (procedure "createAndExecute" line 2)
    invoked from within
"createAndExecute $file"
    ("uplevel" body line 5)
    invoked from within
"uplevel $contents_of_test"
------------------ testing $PTII/ptolemy/domains/de/test/auto/knownFailedTests/DESDFClockTest.xml (Known Failure) 
2061 ms. Memory: 129024K Free: 109339K (85%)


==== $PTIIhome/travis/build/icyphy/ptII/ptolemy/domains/de/test/../../../../: Auto Automatic test in file $PTII/ptolemy/domains/de/test/auto/knownFailedTests/DESDFClockTest.xml
==== Contents of test case:

	    # FIXME: we should use $relativeFilename here, but it
	    # might have backslashes under Windows, which causes no end
	    # of trouble.
	    createAndExecute $file
	    list {}
	
.... Test generated KNOWN error:
    while executing
ptolemy.kernel.util.IllegalActionException: Actor is not ready to fire.  Perhaps UpSample.prefire() returned false? Try debugging the actor by selecting "Listen to Actor".  Also, for SDF check moml for tokenConsumptionRate on input.
  in .DESDFClockTest.Play Bell.Copy1:SDF Director and .DESDFClockTest.Play Bell.UpSample
	at ptolemy.actor.sched.StaticSchedulingDirector.fire(StaticSchedulingDirector.java:227)
	at ptolemy.domains.sdf.kernel.SDFDirector.fire(SDFDirector.java:500)
	at ptolemy.actor.CompositeActor.fire(CompositeActor.java:455)
	at ptolemy.domains.de.kernel.DEDirector._fire(DEDirector.java:1949)
	at ptolemy.domains.de.kernel.DEDirector.fire(DEDirector.java:502)
	at ptolemy.actor.CompositeActor.fire(CompositeActor.java:455)
	at ptolemy.actor.Manager.iterate(Manager.java:851)
	at ptolemy.actor.Manager.execute(Manager.java:369)
	at ptolemy.actor.Manager.run(Manager.java:1263)
	at ptolemy.actor.Manager$PtolemyRunThread.run(Manager.java:1933)

    while executing
ptolemy.kernel.util.IllegalActionException: Actor is not ready to fire.  Perhaps UpSample.prefire() returned false? Try debugging the actor by selecting "Listen to Actor".  Also, for SDF check moml for tokenConsumptionRate on input.
  in .DESDFClockTest.Play Bell.Copy1:SDF Director and .DESDFClockTest.Play Bell.UpSample
    while executing
"java::new ptolemy.moml.MoMLSimpleApplication $file
"
    (procedure "createAndExecute" line 2)
    invoked from within
"createAndExecute $file"
    ("uplevel" body line 5)
    invoked from within
"uplevel $contents_of_test"
------------------ testing $PTII/ptolemy/domains/de/test/auto/ActorDepthCalculation_actorWithoutPorts.xml
auto.tcl: Setting watchdog for 200 seconds at Fri May 15 14:18:30 UTC 2020
8 ms. Memory: 129024K Free: 101643K (79%)
ptolemy.util.test.WatchDog.cancel(): canceling Fri May 15 14:18:30 UTC 2020
auto.tcl: Setting watchdog for 200 seconds at Fri May 15 14:18:30 UTC 2020
4 ms. Memory: 129024K Free: 100123K (78%)
ptolemy.util.test.WatchDog.cancel(): canceling Fri May 15 14:18:30 UTC 2020
------------------ testing $PTII/ptolemy/domains/de/test/auto/AssemblyLine.xml
auto.tcl: Setting watchdog for 200 seconds at Fri May 15 14:18:30 UTC 2020
9 ms. Memory: 51200K Free: 27949K (55%)
ptolemy.util.test.WatchDog.cancel(): canceling Fri May 15 14:18:30 UTC 2020
auto.tcl: Setting watchdog for 200 seconds at Fri May 15 14:18:30 UTC 2020
6 ms. Memory: 51200K Free: 27294K (53%)
ptolemy.util.test.WatchDog.cancel(): canceling Fri May 15 14:18:30 UTC 2020
------------------ testing $PTII/ptolemy/domains/de/test/auto/CQBug1.xml
auto.tcl: Setting watchdog for 200 seconds at Fri May 15 14:18:30 UTC 2020
3 ms. Memory: 51200K Free: 33276K (65%)
ptolemy.util.test.WatchDog.cancel(): canceling Fri May 15 14:18:30 UTC 2020
auto.tcl: Setting watchdog for 200 seconds at Fri May 15 14:18:30 UTC 2020
3 ms. Memory: 51200K Free: 32821K (64%)
ptolemy.util.test.WatchDog.cancel(): canceling Fri May 15 14:18:30 UTC 2020
------------------ testing $PTII/ptolemy/domains/de/test/auto/CancelFireAt.xml
auto.tcl: Setting watchdog for 200 seconds at Fri May 15 14:18:30 UTC 2020
3 ms. Memory: 48128K Free: 31425K (65%)
ptolemy.util.test.WatchDog.cancel(): canceling Fri May 15 14:18:30 UTC 2020
auto.tcl: Setting watchdog for 200 seconds at Fri May 15 14:18:30 UTC 2020
1 ms. Memory: 48128K Free: 30988K (64%)
ptolemy.util.test.WatchDog.cancel(): canceling Fri May 15 14:18:30 UTC 2020
------------------ testing $PTII/ptolemy/domains/de/test/auto/CausalityAndComposabilityAnalysis.xml
auto.tcl: Setting watchdog for 200 seconds at Fri May 15 14:18:30 UTC 2020
17 ms. Memory: 48128K Free: 29392K (61%)
ptolemy.util.test.WatchDog.cancel(): canceling Fri May 15 14:18:30 UTC 2020
auto.tcl: Setting watchdog for 200 seconds at Fri May 15 14:18:30 UTC 2020
4 ms. Memory: 48128K Free: 28956K (60%)
ptolemy.util.test.WatchDog.cancel(): canceling Fri May 15 14:18:30 UTC 2020
------------------ testing $PTII/ptolemy/domains/de/test/auto/CausalityInterface1.xml
auto.tcl: Setting watchdog for 200 seconds at Fri May 15 14:18:31 UTC 2020
25 ms. Memory: 48128K Free: 28330K (59%)
ptolemy.util.test.WatchDog.cancel(): canceling Fri May 15 14:18:31 UTC 2020
auto.tcl: Setting watchdog for 200 seconds at Fri May 15 14:18:31 UTC 2020
4 ms. Memory: 48128K Free: 27361K (57%)
ptolemy.util.test.WatchDog.cancel(): canceling Fri May 15 14:18:31 UTC 2020
------------------ testing $PTII/ptolemy/domains/de/test/auto/CausalityInterface15.xml
auto.tcl: Setting watchdog for 200 seconds at Fri May 15 14:18:31 UTC 2020
11 ms. Memory: 48128K Free: 27978K (58%)
ptolemy.util.test.WatchDog.cancel(): canceling Fri May 15 14:18:31 UTC 2020
auto.tcl: Setting watchdog for 200 seconds at Fri May 15 14:18:31 UTC 2020
7 ms. Memory: 48128K Free: 27279K (57%)
ptolemy.util.test.WatchDog.cancel(): canceling Fri May 15 14:18:31 UTC 2020
------------------ testing $PTII/ptolemy/domains/de/test/auto/CausalityInterface2.xml
auto.tcl: Setting watchdog for 200 seconds at Fri May 15 14:18:31 UTC 2020
3 ms. Memory: 48128K Free: 29009K (60%)
ptolemy.util.test.WatchDog.cancel(): canceling Fri May 15 14:18:31 UTC 2020
auto.tcl: Setting watchdog for 200 seconds at Fri May 15 14:18:31 UTC 2020
3 ms. Memory: 48128K Free: 27887K (58%)
ptolemy.util.test.WatchDog.cancel(): canceling Fri May 15 14:18:31 UTC 2020
------------------ testing $PTII/ptolemy/domains/de/test/auto/CausalityInterface3.xml
auto.tcl: Setting watchdog for 200 seconds at Fri May 15 14:18:31 UTC 2020
3 ms. Memory: 48128K Free: 28529K (59%)
ptolemy.util.test.WatchDog.cancel(): canceling Fri May 15 14:18:31 UTC 2020
auto.tcl: Setting watchdog for 200 seconds at Fri May 15 14:18:31 UTC 2020
4 ms. Memory: 48128K Free: 27743K (58%)
ptolemy.util.test.WatchDog.cancel(): canceling Fri May 15 14:18:31 UTC 2020
------------------ testing $PTII/ptolemy/domains/de/test/auto/ClockDrift.xml
auto.tcl: Setting watchdog for 200 seconds at Fri May 15 14:18:31 UTC 2020
68 ms. Memory: 48128K Free: 20642K (43%)
ptolemy.util.test.WatchDog.cancel(): canceling Fri May 15 14:18:31 UTC 2020
auto.tcl: Setting watchdog for 200 seconds at Fri May 15 14:18:31 UTC 2020
62 ms. Memory: 48128K Free: 17676K (37%)
ptolemy.util.test.WatchDog.cancel(): canceling Fri May 15 14:18:31 UTC 2020
------------------ testing $PTII/ptolemy/domains/de/test/auto/ClockDriftAndValueChange.xml
auto.tcl: Setting watchdog for 200 seconds at Fri May 15 14:18:31 UTC 2020
43 ms. Memory: 48128K Free: 21195K (44%)
ptolemy.util.test.WatchDog.cancel(): canceling Fri May 15 14:18:31 UTC 2020
auto.tcl: Setting watchdog for 200 seconds at Fri May 15 14:18:31 UTC 2020
27 ms. Memory: 48128K Free: 18361K (38%)
ptolemy.util.test.WatchDog.cancel(): canceling Fri May 15 14:18:31 UTC 2020
------------------ testing $PTII/ptolemy/domains/de/test/auto/ClockDriftChange.xml
auto.tcl: Setting watchdog for 200 seconds at Fri May 15 14:18:31 UTC 2020
21 ms. Memory: 48128K Free: 23241K (48%)
ptolemy.util.test.WatchDog.cancel(): canceling Fri May 15 14:18:31 UTC 2020
auto.tcl: Setting watchdog for 200 seconds at Fri May 15 14:18:31 UTC 2020
16 ms. Memory: 48128K Free: 20657K (43%)
ptolemy.util.test.WatchDog.cancel(): canceling Fri May 15 14:18:31 UTC 2020
------------------ testing $PTII/ptolemy/domains/de/test/auto/ComposableCausalityAnalysis.xml
auto.tcl: Setting watchdog for 200 seconds at Fri May 15 14:18:31 UTC 2020
2 ms. Memory: 48128K Free: 27826K (58%)
ptolemy.util.test.WatchDog.cancel(): canceling Fri May 15 14:18:31 UTC 2020
auto.tcl: Setting watchdog for 200 seconds at Fri May 15 14:18:31 UTC 2020
2 ms. Memory: 48128K Free: 26794K (56%)
ptolemy.util.test.WatchDog.cancel(): canceling Fri May 15 14:18:31 UTC 2020
------------------ testing $PTII/ptolemy/domains/de/test/auto/DEFixedPointLimitation.xml
auto.tcl: Setting watchdog for 200 seconds at Fri May 15 14:18:31 UTC 2020
4 ms. Memory: 48128K Free: 29237K (61%)
ptolemy.util.test.WatchDog.cancel(): canceling Fri May 15 14:18:32 UTC 2020
auto.tcl: Setting watchdog for 200 seconds at Fri May 15 14:18:32 UTC 2020
2 ms. Memory: 48128K Free: 28319K (59%)
ptolemy.util.test.WatchDog.cancel(): canceling Fri May 15 14:18:32 UTC 2020
------------------ testing $PTII/ptolemy/domains/de/test/auto/DEScheduleTest.xml
auto.tcl: Setting watchdog for 200 seconds at Fri May 15 14:18:32 UTC 2020
7 ms. Memory: 48128K Free: 29528K (61%)
ptolemy.util.test.WatchDog.cancel(): canceling Fri May 15 14:18:32 UTC 2020
auto.tcl: Setting watchdog for 200 seconds at Fri May 15 14:18:32 UTC 2020
3 ms. Memory: 48128K Free: 28752K (60%)
ptolemy.util.test.WatchDog.cancel(): canceling Fri May 15 14:18:32 UTC 2020
------------------ testing $PTII/ptolemy/domains/de/test/auto/DEinDEwithStartTimes.xml
auto.tcl: Setting watchdog for 200 seconds at Fri May 15 14:18:32 UTC 2020
8 ms. Memory: 48128K Free: 27679K (58%)
ptolemy.util.test.WatchDog.cancel(): canceling Fri May 15 14:18:32 UTC 2020
auto.tcl: Setting watchdog for 200 seconds at Fri May 15 14:18:32 UTC 2020
5 ms. Memory: 48128K Free: 26655K (55%)
ptolemy.util.test.WatchDog.cancel(): canceling Fri May 15 14:18:32 UTC 2020
------------------ testing $PTII/ptolemy/domains/de/test/auto/DEinDEwithStartTimes2.xml
auto.tcl: Setting watchdog for 200 seconds at Fri May 15 14:18:32 UTC 2020
4 ms. Memory: 48128K Free: 26933K (56%)
ptolemy.util.test.WatchDog.cancel(): canceling Fri May 15 14:18:32 UTC 2020
auto.tcl: Setting watchdog for 200 seconds at Fri May 15 14:18:32 UTC 2020
4 ms. Memory: 48128K Free: 25610K (53%)
ptolemy.util.test.WatchDog.cancel(): canceling Fri May 15 14:18:32 UTC 2020
------------------ testing $PTII/ptolemy/domains/de/test/auto/DateDemo.xml
auto.tcl: Setting watchdog for 200 seconds at Fri May 15 14:18:32 UTC 2020
11 ms. Memory: 48128K Free: 21252K (44%)
ptolemy.util.test.WatchDog.cancel(): canceling Fri May 15 14:18:32 UTC 2020
auto.tcl: Setting watchdog for 200 seconds at Fri May 15 14:18:32 UTC 2020
6 ms. Memory: 48128K Free: 19662K (41%)
ptolemy.util.test.WatchDog.cancel(): canceling Fri May 15 14:18:32 UTC 2020
------------------ testing $PTII/ptolemy/domains/de/test/auto/DateToEvent.xml
auto.tcl: Setting watchdog for 200 seconds at Fri May 15 14:18:32 UTC 2020
2015 ms. Memory: 48128K Free: 17174K (36%)
ptolemy.util.test.WatchDog.cancel(): canceling Fri May 15 14:18:34 UTC 2020
auto.tcl: Setting watchdog for 200 seconds at Fri May 15 14:18:34 UTC 2020
2006 ms. Memory: 48128K Free: 16427K (34%)
ptolemy.util.test.WatchDog.cancel(): canceling Fri May 15 14:18:36 UTC 2020
------------------ testing $PTII/ptolemy/domains/de/test/auto/DepthTest1.xml
auto.tcl: Setting watchdog for 200 seconds at Fri May 15 14:18:36 UTC 2020
4 ms. Memory: 48128K Free: 30319K (63%)
ptolemy.util.test.WatchDog.cancel(): canceling Fri May 15 14:18:36 UTC 2020
auto.tcl: Setting watchdog for 200 seconds at Fri May 15 14:18:36 UTC 2020
1 ms. Memory: 48128K Free: 29913K (62%)
ptolemy.util.test.WatchDog.cancel(): canceling Fri May 15 14:18:36 UTC 2020
------------------ testing $PTII/ptolemy/domains/de/test/auto/DepthTest2.xml
auto.tcl: Setting watchdog for 200 seconds at Fri May 15 14:18:36 UTC 2020
3 ms. Memory: 48128K Free: 27168K (56%)
ptolemy.util.test.WatchDog.cancel(): canceling Fri May 15 14:18:36 UTC 2020
auto.tcl: Setting watchdog for 200 seconds at Fri May 15 14:18:36 UTC 2020
3 ms. Memory: 48128K Free: 26768K (56%)
ptolemy.util.test.WatchDog.cancel(): canceling Fri May 15 14:18:36 UTC 2020
------------------ testing $PTII/ptolemy/domains/de/test/auto/DepthTest3.xml
auto.tcl: Setting watchdog for 200 seconds at Fri May 15 14:18:36 UTC 2020
2 ms. Memory: 48128K Free: 30649K (64%)
ptolemy.util.test.WatchDog.cancel(): canceling Fri May 15 14:18:36 UTC 2020
auto.tcl: Setting watchdog for 200 seconds at Fri May 15 14:18:36 UTC 2020
4 ms. Memory: 48128K Free: 30265K (63%)
ptolemy.util.test.WatchDog.cancel(): canceling Fri May 15 14:18:36 UTC 2020
------------------ testing $PTII/ptolemy/domains/de/test/auto/DepthTest4.xml
auto.tcl: Setting watchdog for 200 seconds at Fri May 15 14:18:36 UTC 2020
6 ms. Memory: 48128K Free: 29000K (60%)
ptolemy.util.test.WatchDog.cancel(): canceling Fri May 15 14:18:36 UTC 2020
auto.tcl: Setting watchdog for 200 seconds at Fri May 15 14:18:36 UTC 2020
2 ms. Memory: 48128K Free: 28282K (59%)
ptolemy.util.test.WatchDog.cancel(): canceling Fri May 15 14:18:36 UTC 2020
------------------ testing $PTII/ptolemy/domains/de/test/auto/DepthTest5.xml
auto.tcl: Setting watchdog for 200 seconds at Fri May 15 14:18:36 UTC 2020
3 ms. Memory: 48128K Free: 28160K (59%)
ptolemy.util.test.WatchDog.cancel(): canceling Fri May 15 14:18:36 UTC 2020
auto.tcl: Setting watchdog for 200 seconds at Fri May 15 14:18:36 UTC 2020
2 ms. Memory: 48128K Free: 27769K (58%)
ptolemy.util.test.WatchDog.cancel(): canceling Fri May 15 14:18:36 UTC 2020
------------------ testing $PTII/ptolemy/domains/de/test/auto/DepthTest6.xml
auto.tcl: Setting watchdog for 200 seconds at Fri May 15 14:18:36 UTC 2020
4 ms. Memory: 48128K Free: 28101K (58%)
ptolemy.util.test.WatchDog.cancel(): canceling Fri May 15 14:18:36 UTC 2020
auto.tcl: Setting watchdog for 200 seconds at Fri May 15 14:18:36 UTC 2020
3 ms. Memory: 48128K Free: 27685K (58%)
ptolemy.util.test.WatchDog.cancel(): canceling Fri May 15 14:18:36 UTC 2020
------------------ testing $PTII/ptolemy/domains/de/test/auto/DepthTest7.xml
auto.tcl: Setting watchdog for 200 seconds at Fri May 15 14:18:36 UTC 2020
3 ms. Memory: 48128K Free: 28931K (60%)
ptolemy.util.test.WatchDog.cancel(): canceling Fri May 15 14:18:36 UTC 2020
auto.tcl: Setting watchdog for 200 seconds at Fri May 15 14:18:36 UTC 2020
2 ms. Memory: 48128K Free: 28203K (59%)
ptolemy.util.test.WatchDog.cancel(): canceling Fri May 15 14:18:36 UTC 2020
------------------ testing $PTII/ptolemy/domains/de/test/auto/EventToDate.xml
auto.tcl: Setting watchdog for 200 seconds at Fri May 15 14:18:36 UTC 2020
3012 ms. Memory: 48128K Free: 19683K (41%)
ptolemy.util.test.WatchDog.cancel(): canceling Fri May 15 14:18:40 UTC 2020
auto.tcl: Setting watchdog for 200 seconds at Fri May 15 14:18:40 UTC 2020
3004 ms. Memory: 48128K Free: 19012K (40%)
ptolemy.util.test.WatchDog.cancel(): canceling Fri May 15 14:18:43 UTC 2020
------------------ testing $PTII/ptolemy/domains/de/test/auto/FSM1.xml
auto.tcl: Setting watchdog for 200 seconds at Fri May 15 14:18:43 UTC 2020
33 ms. Memory: 48128K Free: 20443K (42%)
ptolemy.util.test.WatchDog.cancel(): canceling Fri May 15 14:18:43 UTC 2020
auto.tcl: Setting watchdog for 200 seconds at Fri May 15 14:18:43 UTC 2020
20 ms. Memory: 48128K Free: 17299K (36%)
ptolemy.util.test.WatchDog.cancel(): canceling Fri May 15 14:18:43 UTC 2020
------------------ testing $PTII/ptolemy/domains/de/test/auto/FSM7.xml
auto.tcl: Setting watchdog for 200 seconds at Fri May 15 14:18:43 UTC 2020
16 ms. Memory: 48128K Free: 20616K (43%)
ptolemy.util.test.WatchDog.cancel(): canceling Fri May 15 14:18:43 UTC 2020
auto.tcl: Setting watchdog for 200 seconds at Fri May 15 14:18:43 UTC 2020
23 ms. Memory: 48128K Free: 17442K (36%)
ptolemy.util.test.WatchDog.cancel(): canceling Fri May 15 14:18:43 UTC 2020
------------------ testing $PTII/ptolemy/domains/de/test/auto/Inspection.xml
auto.tcl: Setting watchdog for 200 seconds at Fri May 15 14:18:43 UTC 2020
23 ms. Memory: 48128K Free: 20458K (43%)
ptolemy.util.test.WatchDog.cancel(): canceling Fri May 15 14:18:43 UTC 2020
auto.tcl: Setting watchdog for 200 seconds at Fri May 15 14:18:43 UTC 2020
15 ms. Memory: 48128K Free: 18718K (39%)
ptolemy.util.test.WatchDog.cancel(): canceling Fri May 15 14:18:43 UTC 2020
------------------ testing $PTII/ptolemy/domains/de/test/auto/Iteration.xml
auto.tcl: Setting watchdog for 200 seconds at Fri May 15 14:18:43 UTC 2020
7 ms. Memory: 48128K Free: 26169K (54%)
ptolemy.util.test.WatchDog.cancel(): canceling Fri May 15 14:18:43 UTC 2020
auto.tcl: Setting watchdog for 200 seconds at Fri May 15 14:18:43 UTC 2020
6 ms. Memory: 48128K Free: 24756K (51%)
ptolemy.util.test.WatchDog.cancel(): canceling Fri May 15 14:18:43 UTC 2020
------------------ testing $PTII/ptolemy/domains/de/test/auto/LineFault.xml
auto.tcl: Setting watchdog for 200 seconds at Fri May 15 14:18:43 UTC 2020
633 ms. Memory: 58368K Free: 32593K (56%)
ptolemy.util.test.WatchDog.cancel(): canceling Fri May 15 14:18:44 UTC 2020
auto.tcl: Setting watchdog for 200 seconds at Fri May 15 14:18:44 UTC 2020
504 ms. Memory: 58368K Free: 27018K (46%)
ptolemy.util.test.WatchDog.cancel(): canceling Fri May 15 14:18:44 UTC 2020
------------------ testing $PTII/ptolemy/domains/de/test/auto/MergeModel1Add.xml
auto.tcl: Setting watchdog for 200 seconds at Fri May 15 14:18:45 UTC 2020
32 ms. Memory: 58368K Free: 22228K (38%)
ptolemy.util.test.WatchDog.cancel(): canceling Fri May 15 14:18:45 UTC 2020
auto.tcl: Setting watchdog for 200 seconds at Fri May 15 14:18:45 UTC 2020
10 ms. Memory: 58368K Free: 20520K (35%)
ptolemy.util.test.WatchDog.cancel(): canceling Fri May 15 14:18:45 UTC 2020
------------------ testing $PTII/ptolemy/domains/de/test/auto/MergeModel2Add.xml
auto.tcl: Setting watchdog for 200 seconds at Fri May 15 14:18:45 UTC 2020
7 ms. Memory: 55296K Free: 21214K (38%)
ptolemy.util.test.WatchDog.cancel(): canceling Fri May 15 14:18:45 UTC 2020
auto.tcl: Setting watchdog for 200 seconds at Fri May 15 14:18:45 UTC 2020
6 ms. Memory: 55296K Free: 19236K (35%)
ptolemy.util.test.WatchDog.cancel(): canceling Fri May 15 14:18:45 UTC 2020
------------------ testing $PTII/ptolemy/domains/de/test/auto/MergeModel3Add.xml
auto.tcl: Setting watchdog for 200 seconds at Fri May 15 14:18:45 UTC 2020
7 ms. Memory: 55296K Free: 21237K (38%)
ptolemy.util.test.WatchDog.cancel(): canceling Fri May 15 14:18:45 UTC 2020
auto.tcl: Setting watchdog for 200 seconds at Fri May 15 14:18:45 UTC 2020
7 ms. Memory: 55296K Free: 19779K (36%)
ptolemy.util.test.WatchDog.cancel(): canceling Fri May 15 14:18:45 UTC 2020
------------------ testing $PTII/ptolemy/domains/de/test/auto/MergeWithoutDiscard.xml
auto.tcl: Setting watchdog for 200 seconds at Fri May 15 14:18:45 UTC 2020
1 ms. Memory: 55296K Free: 36086K (65%)
ptolemy.util.test.WatchDog.cancel(): canceling Fri May 15 14:18:45 UTC 2020
auto.tcl: Setting watchdog for 200 seconds at Fri May 15 14:18:45 UTC 2020
2 ms. Memory: 55296K Free: 35171K (64%)
ptolemy.util.test.WatchDog.cancel(): canceling Fri May 15 14:18:45 UTC 2020
------------------ testing $PTII/ptolemy/domains/de/test/auto/Modal1.xml
auto.tcl: Setting watchdog for 200 seconds at Fri May 15 14:18:45 UTC 2020
12 ms. Memory: 55296K Free: 27945K (51%)
ptolemy.util.test.WatchDog.cancel(): canceling Fri May 15 14:18:45 UTC 2020
auto.tcl: Setting watchdog for 200 seconds at Fri May 15 14:18:45 UTC 2020
13 ms. Memory: 55296K Free: 24673K (45%)
ptolemy.util.test.WatchDog.cancel(): canceling Fri May 15 14:18:45 UTC 2020
------------------ testing $PTII/ptolemy/domains/de/test/auto/Modal2.xml
auto.tcl: Setting watchdog for 200 seconds at Fri May 15 14:18:45 UTC 2020
23 ms. Memory: 55296K Free: 27497K (50%)
ptolemy.util.test.WatchDog.cancel(): canceling Fri May 15 14:18:45 UTC 2020
auto.tcl: Setting watchdog for 200 seconds at Fri May 15 14:18:45 UTC 2020
16 ms. Memory: 55296K Free: 24543K (44%)
ptolemy.util.test.WatchDog.cancel(): canceling Fri May 15 14:18:45 UTC 2020
------------------ testing $PTII/ptolemy/domains/de/test/auto/Modal3.xml
auto.tcl: Setting watchdog for 200 seconds at Fri May 15 14:18:45 UTC 2020
16 ms. Memory: 51200K Free: 23400K (46%)
ptolemy.util.test.WatchDog.cancel(): canceling Fri May 15 14:18:45 UTC 2020
auto.tcl: Setting watchdog for 200 seconds at Fri May 15 14:18:45 UTC 2020
18 ms. Memory: 51200K Free: 20474K (40%)
ptolemy.util.test.WatchDog.cancel(): canceling Fri May 15 14:18:45 UTC 2020
------------------ testing $PTII/ptolemy/domains/de/test/auto/Modal4.xml
auto.tcl: Setting watchdog for 200 seconds at Fri May 15 14:18:45 UTC 2020
24 ms. Memory: 51200K Free: 22660K (44%)
ptolemy.util.test.WatchDog.cancel(): canceling Fri May 15 14:18:45 UTC 2020
auto.tcl: Setting watchdog for 200 seconds at Fri May 15 14:18:45 UTC 2020
29 ms. Memory: 51200K Free: 18860K (37%)
ptolemy.util.test.WatchDog.cancel(): canceling Fri May 15 14:18:45 UTC 2020
------------------ testing $PTII/ptolemy/domains/de/test/auto/Modal5.xml
auto.tcl: Setting watchdog for 200 seconds at Fri May 15 14:18:45 UTC 2020
15 ms. Memory: 51200K Free: 22695K (44%)
ptolemy.util.test.WatchDog.cancel(): canceling Fri May 15 14:18:45 UTC 2020
auto.tcl: Setting watchdog for 200 seconds at Fri May 15 14:18:45 UTC 2020
12 ms. Memory: 51200K Free: 18847K (37%)
ptolemy.util.test.WatchDog.cancel(): canceling Fri May 15 14:18:45 UTC 2020
------------------ testing $PTII/ptolemy/domains/de/test/auto/Modal6.xml
auto.tcl: Setting watchdog for 200 seconds at Fri May 15 14:18:46 UTC 2020
16 ms. Memory: 51200K Free: 23435K (46%)
ptolemy.util.test.WatchDog.cancel(): canceling Fri May 15 14:18:46 UTC 2020
auto.tcl: Setting watchdog for 200 seconds at Fri May 15 14:18:46 UTC 2020
15 ms. Memory: 51200K Free: 19458K (38%)
ptolemy.util.test.WatchDog.cancel(): canceling Fri May 15 14:18:46 UTC 2020
------------------ testing $PTII/ptolemy/domains/de/test/auto/Modal7.xml
auto.tcl: Setting watchdog for 200 seconds at Fri May 15 14:18:46 UTC 2020
14 ms. Memory: 51200K Free: 22406K (44%)
ptolemy.util.test.WatchDog.cancel(): canceling Fri May 15 14:18:46 UTC 2020
auto.tcl: Setting watchdog for 200 seconds at Fri May 15 14:18:46 UTC 2020
11 ms. Memory: 51200K Free: 18846K (37%)
ptolemy.util.test.WatchDog.cancel(): canceling Fri May 15 14:18:46 UTC 2020
------------------ testing $PTII/ptolemy/domains/de/test/auto/ModalModel.xml
auto.tcl: Setting watchdog for 200 seconds at Fri May 15 14:18:46 UTC 2020
211 ms. Memory: 61440K Free: 25063K (41%)
ptolemy.util.test.WatchDog.cancel(): canceling Fri May 15 14:18:46 UTC 2020
auto.tcl: Setting watchdog for 200 seconds at Fri May 15 14:18:46 UTC 2020
187 ms. Memory: 61440K Free: 24643K (40%)
ptolemy.util.test.WatchDog.cancel(): canceling Fri May 15 14:18:46 UTC 2020
------------------ testing $PTII/ptolemy/domains/de/test/auto/ModalSource.xml
auto.tcl: Setting watchdog for 200 seconds at Fri May 15 14:18:46 UTC 2020
8 ms. Memory: 58368K Free: 34160K (59%)
ptolemy.util.test.WatchDog.cancel(): canceling Fri May 15 14:18:46 UTC 2020
auto.tcl: Setting watchdog for 200 seconds at Fri May 15 14:18:46 UTC 2020
9 ms. Memory: 58368K Free: 32146K (55%)
ptolemy.util.test.WatchDog.cancel(): canceling Fri May 15 14:18:46 UTC 2020
------------------ testing $PTII/ptolemy/domains/de/test/auto/NonInterruptibleTimerZeroDelay.xml
auto.tcl: Setting watchdog for 200 seconds at Fri May 15 14:18:46 UTC 2020
4 ms. Memory: 55296K Free: 36467K (66%)
ptolemy.util.test.WatchDog.cancel(): canceling Fri May 15 14:18:46 UTC 2020
auto.tcl: Setting watchdog for 200 seconds at Fri May 15 14:18:46 UTC 2020
2 ms. Memory: 55296K Free: 35881K (65%)
ptolemy.util.test.WatchDog.cancel(): canceling Fri May 15 14:18:46 UTC 2020
------------------ testing $PTII/ptolemy/domains/de/test/auto/OpenQueueingNetwork.xml
auto.tcl: Setting watchdog for 200 seconds at Fri May 15 14:18:46 UTC 2020
2835 ms. Memory: 116736K Free: 64923K (56%)
ptolemy.util.test.WatchDog.cancel(): canceling Fri May 15 14:18:49 UTC 2020
auto.tcl: Setting watchdog for 200 seconds at Fri May 15 14:18:49 UTC 2020
2614 ms. Memory: 140288K Free: 47420K (34%)
ptolemy.util.test.WatchDog.cancel(): canceling Fri May 15 14:18:52 UTC 2020
------------------ testing $PTII/ptolemy/domains/de/test/auto/OpenQueuingNetwork.xml
auto.tcl: Setting watchdog for 200 seconds at Fri May 15 14:18:52 UTC 2020
259 ms. Memory: 55296K Free: 23036K (42%)
ptolemy.util.test.WatchDog.cancel(): canceling Fri May 15 14:18:52 UTC 2020
auto.tcl: Setting watchdog for 200 seconds at Fri May 15 14:18:52 UTC 2020
251 ms. Memory: 66560K Free: 46910K (70%)
ptolemy.util.test.WatchDog.cancel(): canceling Fri May 15 14:18:53 UTC 2020
------------------ testing $PTII/ptolemy/domains/de/test/auto/PeriodicSampler.xml
auto.tcl: Setting watchdog for 200 seconds at Fri May 15 14:18:53 UTC 2020
3 ms. Memory: 55296K Free: 35753K (65%)
ptolemy.util.test.WatchDog.cancel(): canceling Fri May 15 14:18:53 UTC 2020
auto.tcl: Setting watchdog for 200 seconds at Fri May 15 14:18:53 UTC 2020
2 ms. Memory: 55296K Free: 35233K (64%)
ptolemy.util.test.WatchDog.cancel(): canceling Fri May 15 14:18:53 UTC 2020
------------------ testing $PTII/ptolemy/domains/de/test/auto/PersistentIO.xml
auto.tcl: Setting watchdog for 200 seconds at Fri May 15 14:18:53 UTC 2020
14 ms. Memory: 55296K Free: 30678K (55%)
ptolemy.util.test.WatchDog.cancel(): canceling Fri May 15 14:18:53 UTC 2020
auto.tcl: Setting watchdog for 200 seconds at Fri May 15 14:18:53 UTC 2020
4 ms. Memory: 55296K Free: 29158K (53%)
ptolemy.util.test.WatchDog.cancel(): canceling Fri May 15 14:18:53 UTC 2020
------------------ testing $PTII/ptolemy/domains/de/test/auto/PortParameterResetOnInitialize.xml
auto.tcl: Setting watchdog for 200 seconds at Fri May 15 14:18:53 UTC 2020
2 ms. Memory: 51200K Free: 31566K (62%)
ptolemy.util.test.WatchDog.cancel(): canceling Fri May 15 14:18:53 UTC 2020
auto.tcl: Setting watchdog for 200 seconds at Fri May 15 14:18:53 UTC 2020
1 ms. Memory: 51200K Free: 31070K (61%)
ptolemy.util.test.WatchDog.cancel(): canceling Fri May 15 14:18:53 UTC 2020
------------------ testing $PTII/ptolemy/domains/de/test/auto/PortParameterUpdates.xml
auto.tcl: Setting watchdog for 200 seconds at Fri May 15 14:18:53 UTC 2020
5 ms. Memory: 51200K Free: 29650K (58%)
ptolemy.util.test.WatchDog.cancel(): canceling Fri May 15 14:18:53 UTC 2020
auto.tcl: Setting watchdog for 200 seconds at Fri May 15 14:18:53 UTC 2020
6 ms. Memory: 51200K Free: 28636K (56%)
ptolemy.util.test.WatchDog.cancel(): canceling Fri May 15 14:18:53 UTC 2020
------------------ testing $PTII/ptolemy/domains/de/test/auto/QueueAndServer.xml
auto.tcl: Setting watchdog for 200 seconds at Fri May 15 14:18:53 UTC 2020
18 ms. Memory: 51200K Free: 28542K (56%)
ptolemy.util.test.WatchDog.cancel(): canceling Fri May 15 14:18:53 UTC 2020
auto.tcl: Setting watchdog for 200 seconds at Fri May 15 14:18:53 UTC 2020
7 ms. Memory: 51200K Free: 27107K (53%)
ptolemy.util.test.WatchDog.cancel(): canceling Fri May 15 14:18:53 UTC 2020
------------------ testing $PTII/ptolemy/domains/de/test/auto/Records.xml
auto.tcl: Setting watchdog for 200 seconds at Fri May 15 14:18:53 UTC 2020
3 ms. Memory: 51200K Free: 31109K (61%)
ptolemy.util.test.WatchDog.cancel(): canceling Fri May 15 14:18:53 UTC 2020
auto.tcl: Setting watchdog for 200 seconds at Fri May 15 14:18:53 UTC 2020
2 ms. Memory: 51200K Free: 30601K (60%)
ptolemy.util.test.WatchDog.cancel(): canceling Fri May 15 14:18:53 UTC 2020
------------------ testing $PTII/ptolemy/domains/de/test/auto/ResetTransitionWithStartTime1.xml
auto.tcl: Setting watchdog for 200 seconds at Fri May 15 14:18:53 UTC 2020
13 ms. Memory: 51200K Free: 28066K (55%)
ptolemy.util.test.WatchDog.cancel(): canceling Fri May 15 14:18:53 UTC 2020
auto.tcl: Setting watchdog for 200 seconds at Fri May 15 14:18:53 UTC 2020
6 ms. Memory: 51200K Free: 25532K (50%)
ptolemy.util.test.WatchDog.cancel(): canceling Fri May 15 14:18:53 UTC 2020
------------------ testing $PTII/ptolemy/domains/de/test/auto/ResetTransitionWithStartTime2.xml
auto.tcl: Setting watchdog for 200 seconds at Fri May 15 14:18:53 UTC 2020
5 ms. Memory: 51200K Free: 28021K (55%)
ptolemy.util.test.WatchDog.cancel(): canceling Fri May 15 14:18:53 UTC 2020
auto.tcl: Setting watchdog for 200 seconds at Fri May 15 14:18:53 UTC 2020
6 ms. Memory: 51200K Free: 25973K (51%)
ptolemy.util.test.WatchDog.cancel(): canceling Fri May 15 14:18:53 UTC 2020
------------------ testing $PTII/ptolemy/domains/de/test/auto/ResetTransitionWithStartTime3.xml
auto.tcl: Setting watchdog for 200 seconds at Fri May 15 14:18:53 UTC 2020
9 ms. Memory: 51200K Free: 28019K (55%)
ptolemy.util.test.WatchDog.cancel(): canceling Fri May 15 14:18:53 UTC 2020
auto.tcl: Setting watchdog for 200 seconds at Fri May 15 14:18:53 UTC 2020
7 ms. Memory: 51200K Free: 25971K (51%)
ptolemy.util.test.WatchDog.cancel(): canceling Fri May 15 14:18:53 UTC 2020
------------------ testing $PTII/ptolemy/domains/de/test/auto/ResetTransitionWithStartTime4.xml
auto.tcl: Setting watchdog for 200 seconds at Fri May 15 14:18:53 UTC 2020
12 ms. Memory: 51200K Free: 28446K (56%)
ptolemy.util.test.WatchDog.cancel(): canceling Fri May 15 14:18:53 UTC 2020
auto.tcl: Setting watchdog for 200 seconds at Fri May 15 14:18:53 UTC 2020
3 ms. Memory: 51200K Free: 27002K (53%)
ptolemy.util.test.WatchDog.cancel(): canceling Fri May 15 14:18:53 UTC 2020
------------------ testing $PTII/ptolemy/domains/de/test/auto/ResettableTimer1.xml
auto.tcl: Setting watchdog for 200 seconds at Fri May 15 14:18:54 UTC 2020
3 ms. Memory: 51200K Free: 32195K (63%)
ptolemy.util.test.WatchDog.cancel(): canceling Fri May 15 14:18:54 UTC 2020
auto.tcl: Setting watchdog for 200 seconds at Fri May 15 14:18:54 UTC 2020
2 ms. Memory: 51200K Free: 31571K (62%)
ptolemy.util.test.WatchDog.cancel(): canceling Fri May 15 14:18:54 UTC 2020
------------------ testing $PTII/ptolemy/domains/de/test/auto/ResettableTimer2.xml
auto.tcl: Setting watchdog for 200 seconds at Fri May 15 14:18:54 UTC 2020
3 ms. Memory: 51200K Free: 32152K (63%)
ptolemy.util.test.WatchDog.cancel(): canceling Fri May 15 14:18:54 UTC 2020
auto.tcl: Setting watchdog for 200 seconds at Fri May 15 14:18:54 UTC 2020
2 ms. Memory: 51200K Free: 31160K (61%)
ptolemy.util.test.WatchDog.cancel(): canceling Fri May 15 14:18:54 UTC 2020
------------------ testing $PTII/ptolemy/domains/de/test/auto/ResettableTimer3.xml
auto.tcl: Setting watchdog for 200 seconds at Fri May 15 14:18:54 UTC 2020
1 ms. Memory: 51200K Free: 32647K (64%)
ptolemy.util.test.WatchDog.cancel(): canceling Fri May 15 14:18:54 UTC 2020
auto.tcl: Setting watchdog for 200 seconds at Fri May 15 14:18:54 UTC 2020
1 ms. Memory: 51200K Free: 32163K (63%)
ptolemy.util.test.WatchDog.cancel(): canceling Fri May 15 14:18:54 UTC 2020
------------------ testing $PTII/ptolemy/domains/de/test/auto/ResettableTimer4.xml
auto.tcl: Setting watchdog for 200 seconds at Fri May 15 14:18:54 UTC 2020
2 ms. Memory: 51200K Free: 32165K (63%)
ptolemy.util.test.WatchDog.cancel(): canceling Fri May 15 14:18:54 UTC 2020
auto.tcl: Setting watchdog for 200 seconds at Fri May 15 14:18:54 UTC 2020
1 ms. Memory: 51200K Free: 31661K (62%)
ptolemy.util.test.WatchDog.cancel(): canceling Fri May 15 14:18:54 UTC 2020
------------------ testing $PTII/ptolemy/domains/de/test/auto/ResettableTimer5.xml
auto.tcl: Setting watchdog for 200 seconds at Fri May 15 14:18:54 UTC 2020
2 ms. Memory: 51200K Free: 31649K (62%)
ptolemy.util.test.WatchDog.cancel(): canceling Fri May 15 14:18:54 UTC 2020
auto.tcl: Setting watchdog for 200 seconds at Fri May 15 14:18:54 UTC 2020
2 ms. Memory: 51200K Free: 31148K (61%)
ptolemy.util.test.WatchDog.cancel(): canceling Fri May 15 14:18:54 UTC 2020
------------------ testing $PTII/ptolemy/domains/de/test/auto/ResettableTimer6.xml
auto.tcl: Setting watchdog for 200 seconds at Fri May 15 14:18:54 UTC 2020
2 ms. Memory: 51200K Free: 31610K (62%)
ptolemy.util.test.WatchDog.cancel(): canceling Fri May 15 14:18:54 UTC 2020
auto.tcl: Setting watchdog for 200 seconds at Fri May 15 14:18:54 UTC 2020
1 ms. Memory: 51200K Free: 31130K (61%)
ptolemy.util.test.WatchDog.cancel(): canceling Fri May 15 14:18:54 UTC 2020
------------------ testing $PTII/ptolemy/domains/de/test/auto/ServerZeroDelay.xml
auto.tcl: Setting watchdog for 200 seconds at Fri May 15 14:18:54 UTC 2020
3 ms. Memory: 51200K Free: 32145K (63%)
ptolemy.util.test.WatchDog.cancel(): canceling Fri May 15 14:18:54 UTC 2020
auto.tcl: Setting watchdog for 200 seconds at Fri May 15 14:18:54 UTC 2020
3 ms. Memory: 51200K Free: 31137K (61%)
ptolemy.util.test.WatchDog.cancel(): canceling Fri May 15 14:18:54 UTC 2020
------------------ testing $PTII/ptolemy/domains/de/test/auto/SmartSender.xml
auto.tcl: Setting watchdog for 200 seconds at Fri May 15 14:18:54 UTC 2020
3001 ms. Memory: 51200K Free: 32139K (63%)
ptolemy.util.test.WatchDog.cancel(): canceling Fri May 15 14:18:57 UTC 2020
auto.tcl: Setting watchdog for 200 seconds at Fri May 15 14:18:57 UTC 2020
3002 ms. Memory: 51200K Free: 31636K (62%)
ptolemy.util.test.WatchDog.cancel(): canceling Fri May 15 14:19:00 UTC 2020
------------------ testing $PTII/ptolemy/domains/de/test/auto/ThreadedComposite.xml
auto.tcl: Setting watchdog for 200 seconds at Fri May 15 14:19:00 UTC 2020
153 ms. Memory: 51200K Free: 12697K (25%)
ptolemy.util.test.WatchDog.cancel(): canceling Fri May 15 14:19:00 UTC 2020
auto.tcl: Setting watchdog for 200 seconds at Fri May 15 14:19:00 UTC 2020
122 ms. Memory: 51200K Free: 27648K (54%)
ptolemy.util.test.WatchDog.cancel(): canceling Fri May 15 14:19:00 UTC 2020
------------------ testing $PTII/ptolemy/domains/de/test/auto/Time.xml
auto.tcl: Setting watchdog for 200 seconds at Fri May 15 14:19:00 UTC 2020
463 ms. Memory: 51200K Free: 34915K (68%)
ptolemy.util.test.WatchDog.cancel(): canceling Fri May 15 14:19:01 UTC 2020
auto.tcl: Setting watchdog for 200 seconds at Fri May 15 14:19:01 UTC 2020
440 ms. Memory: 51200K Free: 9171K (18%)
ptolemy.util.test.WatchDog.cancel(): canceling Fri May 15 14:19:01 UTC 2020
------------------ testing $PTII/ptolemy/domains/de/test/auto/TimeDelayZeroDelay.xml
auto.tcl: Setting watchdog for 200 seconds at Fri May 15 14:19:01 UTC 2020
2 ms. Memory: 51200K Free: 32069K (63%)
ptolemy.util.test.WatchDog.cancel(): canceling Fri May 15 14:19:01 UTC 2020
auto.tcl: Setting watchdog for 200 seconds at Fri May 15 14:19:01 UTC 2020
2 ms. Memory: 51200K Free: 31602K (62%)
ptolemy.util.test.WatchDog.cancel(): canceling Fri May 15 14:19:01 UTC 2020
------------------ testing $PTII/ptolemy/domains/de/test/auto/TimerZeroDelay.xml
auto.tcl: Setting watchdog for 200 seconds at Fri May 15 14:19:01 UTC 2020
3 ms. Memory: 51200K Free: 32499K (63%)
ptolemy.util.test.WatchDog.cancel(): canceling Fri May 15 14:19:01 UTC 2020
auto.tcl: Setting watchdog for 200 seconds at Fri May 15 14:19:01 UTC 2020
2 ms. Memory: 51200K Free: 32112K (63%)
ptolemy.util.test.WatchDog.cancel(): canceling Fri May 15 14:19:01 UTC 2020
------------------ testing $PTII/ptolemy/domains/de/test/auto/TimingParadox.xml
auto.tcl: Setting watchdog for 200 seconds at Fri May 15 14:19:01 UTC 2020
310 ms. Memory: 51200K Free: 19745K (39%)
ptolemy.util.test.WatchDog.cancel(): canceling Fri May 15 14:19:02 UTC 2020
auto.tcl: Setting watchdog for 200 seconds at Fri May 15 14:19:02 UTC 2020
290 ms. Memory: 51200K Free: 10404K (20%)
ptolemy.util.test.WatchDog.cancel(): canceling Fri May 15 14:19:02 UTC 2020
------------------ testing $PTII/ptolemy/domains/de/test/auto/TransferInputs.xml
auto.tcl: Setting watchdog for 200 seconds at Fri May 15 14:19:02 UTC 2020
1 ms. Memory: 51200K Free: 30588K (60%)
ptolemy.util.test.WatchDog.cancel(): canceling Fri May 15 14:19:02 UTC 2020
auto.tcl: Setting watchdog for 200 seconds at Fri May 15 14:19:02 UTC 2020
1 ms. Memory: 51200K Free: 29671K (58%)
ptolemy.util.test.WatchDog.cancel(): canceling Fri May 15 14:19:02 UTC 2020
------------------ testing $PTII/ptolemy/domains/de/test/auto/TransferOutputs2.xml
auto.tcl: Setting watchdog for 200 seconds at Fri May 15 14:19:02 UTC 2020
3 ms. Memory: 51200K Free: 28022K (55%)
ptolemy.util.test.WatchDog.cancel(): canceling Fri May 15 14:19:02 UTC 2020
auto.tcl: Setting watchdog for 200 seconds at Fri May 15 14:19:02 UTC 2020
3 ms. Memory: 51200K Free: 26615K (52%)
ptolemy.util.test.WatchDog.cancel(): canceling Fri May 15 14:19:02 UTC 2020
------------------ testing $PTII/ptolemy/domains/de/test/auto/Trilateration.xml
auto.tcl: Setting watchdog for 200 seconds at Fri May 15 14:19:02 UTC 2020
12759 ms. Memory: 471040K Free: 185747K (39%)
ptolemy.util.test.WatchDog.cancel(): canceling Fri May 15 14:19:16 UTC 2020
auto.tcl: Setting watchdog for 200 seconds at Fri May 15 14:19:16 UTC 2020
9236 ms. Memory: 471040K Free: 339619K (72%)
ptolemy.util.test.WatchDog.cancel(): canceling Fri May 15 14:19:25 UTC 2020
------------------ testing $PTII/ptolemy/domains/de/test/auto/TwoSigmaDelta.xml
auto.tcl: Setting watchdog for 200 seconds at Fri May 15 14:19:26 UTC 2020
2205 ms. Memory: 92160K Free: 19482K (21%)
ptolemy.util.test.WatchDog.cancel(): canceling Fri May 15 14:19:28 UTC 2020
auto.tcl: Setting watchdog for 200 seconds at Fri May 15 14:19:28 UTC 2020
1667 ms. Memory: 92160K Free: 20531K (22%)
ptolemy.util.test.WatchDog.cancel(): canceling Fri May 15 14:19:30 UTC 2020
------------------ testing $PTII/ptolemy/domains/de/test/auto/VariableDelay.xml
auto.tcl: Setting watchdog for 200 seconds at Fri May 15 14:19:30 UTC 2020
4 ms. Memory: 58368K Free: 38224K (65%)
ptolemy.util.test.WatchDog.cancel(): canceling Fri May 15 14:19:30 UTC 2020
auto.tcl: Setting watchdog for 200 seconds at Fri May 15 14:19:30 UTC 2020
2 ms. Memory: 58368K Free: 37216K (64%)
ptolemy.util.test.WatchDog.cancel(): canceling Fri May 15 14:19:30 UTC 2020
------------------ testing $PTII/ptolemy/domains/de/test/auto/VariableDelay2.xml
auto.tcl: Setting watchdog for 200 seconds at Fri May 15 14:19:30 UTC 2020
2 ms. Memory: 55296K Free: 36131K (65%)
ptolemy.util.test.WatchDog.cancel(): canceling Fri May 15 14:19:30 UTC 2020
auto.tcl: Setting watchdog for 200 seconds at Fri May 15 14:19:30 UTC 2020
2 ms. Memory: 55296K Free: 35070K (63%)
ptolemy.util.test.WatchDog.cancel(): canceling Fri May 15 14:19:30 UTC 2020
------------------ testing $PTII/ptolemy/domains/de/test/auto/VariableDelayZeroDelay.xml
auto.tcl: Setting watchdog for 200 seconds at Fri May 15 14:19:30 UTC 2020
2 ms. Memory: 55296K Free: 36093K (65%)
ptolemy.util.test.WatchDog.cancel(): canceling Fri May 15 14:19:30 UTC 2020
auto.tcl: Setting watchdog for 200 seconds at Fri May 15 14:19:30 UTC 2020
2 ms. Memory: 55296K Free: 35565K (64%)
ptolemy.util.test.WatchDog.cancel(): canceling Fri May 15 14:19:30 UTC 2020
------------------ testing $PTII/ptolemy/domains/de/test/auto/VariableDelayZeroDelay2.xml
auto.tcl: Setting watchdog for 200 seconds at Fri May 15 14:19:30 UTC 2020
2 ms. Memory: 55296K Free: 36092K (65%)
ptolemy.util.test.WatchDog.cancel(): canceling Fri May 15 14:19:30 UTC 2020
auto.tcl: Setting watchdog for 200 seconds at Fri May 15 14:19:30 UTC 2020
2 ms. Memory: 55296K Free: 35068K (63%)
ptolemy.util.test.WatchDog.cancel(): canceling Fri May 15 14:19:30 UTC 2020
------------------ testing $PTII/ptolemy/domains/de/test/auto/deInCt.xml
auto.tcl: Setting watchdog for 200 seconds at Fri May 15 14:19:30 UTC 2020
0
1
1
1
1
1
1
0
0
0
0
0
0
1
1
1
0
0
0
1
1
1
0
0
0
1
1
1
1
10 ms. Memory: 55296K Free: 35066K (63%)
ptolemy.util.test.WatchDog.cancel(): canceling Fri May 15 14:19:30 UTC 2020
auto.tcl: Setting watchdog for 200 seconds at Fri May 15 14:19:30 UTC 2020
0
1
1
0
0
0
1
1
1
0
0
0
1
1
1
1
0
0
0
1
1
0
0
0
1
1
1
0
0
0
1
1
1
0
0
0
1
1
0
0
0
1
1
1
0
0
0
0
0
6 ms. Memory: 55296K Free: 33528K (61%)
ptolemy.util.test.WatchDog.cancel(): canceling Fri May 15 14:19:30 UTC 2020
------------------ testing $PTII/ptolemy/domains/de/test/auto/deInCt2.xml
auto.tcl: Setting watchdog for 200 seconds at Fri May 15 14:19:30 UTC 2020
0
1
1
1
0
0
1
1
1
0
0
1
1
1
0
0
1
1
1
0
0
1
1
1
0
0
1
1
1
0
0
1
1
1
0
0
1
1
1
0
0
0
8 ms. Memory: 55296K Free: 35068K (63%)
ptolemy.util.test.WatchDog.cancel(): canceling Fri May 15 14:19:30 UTC 2020
auto.tcl: Setting watchdog for 200 seconds at Fri May 15 14:19:30 UTC 2020
0
1
1
1
0
0
1
1
1
0
0
1
1
1
0
0
1
1
1
0
0
1
1
1
0
0
1
1
1
0
0
1
1
1
0
0
1
1
1
0
0
0
5 ms. Memory: 55296K Free: 33516K (61%)
ptolemy.util.test.WatchDog.cancel(): canceling Fri May 15 14:19:30 UTC 2020
------------------ testing $PTII/ptolemy/domains/de/test/auto/dynamicCausalityInterface1.xml
auto.tcl: Setting watchdog for 200 seconds at Fri May 15 14:19:30 UTC 2020
1 ms. Memory: 55296K Free: 30966K (56%)
ptolemy.util.test.WatchDog.cancel(): canceling Fri May 15 14:19:30 UTC 2020
auto.tcl: Setting watchdog for 200 seconds at Fri May 15 14:19:30 UTC 2020
0 ms. Memory: 55296K Free: 30452K (55%)
ptolemy.util.test.WatchDog.cancel(): canceling Fri May 15 14:19:30 UTC 2020
------------------ testing $PTII/ptolemy/domains/de/test/auto/fsm_de_test.xml
auto.tcl: Setting watchdog for 200 seconds at Fri May 15 14:19:30 UTC 2020
9 ms. Memory: 55296K Free: 30864K (56%)
ptolemy.util.test.WatchDog.cancel(): canceling Fri May 15 14:19:30 UTC 2020
auto.tcl: Setting watchdog for 200 seconds at Fri May 15 14:19:30 UTC 2020
6 ms. Memory: 55296K Free: 28816K (52%)
ptolemy.util.test.WatchDog.cancel(): canceling Fri May 15 14:19:30 UTC 2020
------------------ testing $PTII/ptolemy/domains/de/test/auto/functionDependencyReconstruction.xml
auto.tcl: Setting watchdog for 200 seconds at Fri May 15 14:19:30 UTC 2020
2 ms. Memory: 55296K Free: 24732K (45%)
ptolemy.util.test.WatchDog.cancel(): canceling Fri May 15 14:19:30 UTC 2020
auto.tcl: Setting watchdog for 200 seconds at Fri May 15 14:19:30 UTC 2020
2 ms. Memory: 55296K Free: 22662K (41%)
ptolemy.util.test.WatchDog.cancel(): canceling Fri May 15 14:19:30 UTC 2020
------------------ testing $PTII/ptolemy/domains/de/test/auto/multirate.xml
auto.tcl: Setting watchdog for 200 seconds at Fri May 15 14:19:30 UTC 2020
7 ms. Memory: 55296K Free: 33474K (61%)
ptolemy.util.test.WatchDog.cancel(): canceling Fri May 15 14:19:30 UTC 2020
auto.tcl: Setting watchdog for 200 seconds at Fri May 15 14:19:30 UTC 2020
2 ms. Memory: 55296K Free: 31759K (57%)
ptolemy.util.test.WatchDog.cancel(): canceling Fri May 15 14:19:30 UTC 2020
------------------ testing $PTII/ptolemy/domains/de/test/auto/multirate2.xml
auto.tcl: Setting watchdog for 200 seconds at Fri May 15 14:19:30 UTC 2020
4 ms. Memory: 55296K Free: 33462K (61%)
ptolemy.util.test.WatchDog.cancel(): canceling Fri May 15 14:19:30 UTC 2020
auto.tcl: Setting watchdog for 200 seconds at Fri May 15 14:19:30 UTC 2020
5 ms. Memory: 55296K Free: 31942K (58%)
ptolemy.util.test.WatchDog.cancel(): canceling Fri May 15 14:19:30 UTC 2020
------------------ testing $PTII/ptolemy/domains/de/test/auto/realtime.xml
auto.tcl: Setting watchdog for 200 seconds at Fri May 15 14:19:30 UTC 2020
10001 ms. Memory: 55296K Free: 35716K (65%)
ptolemy.util.test.WatchDog.cancel(): canceling Fri May 15 14:19:40 UTC 2020
auto.tcl: Setting watchdog for 200 seconds at Fri May 15 14:19:40 UTC 2020
10001 ms. Memory: 55296K Free: 35012K (63%)
ptolemy.util.test.WatchDog.cancel(): canceling Fri May 15 14:19:50 UTC 2020
------------------ testing $PTII/ptolemy/domains/de/test/auto/relationGroup.xml
auto.tcl: Setting watchdog for 200 seconds at Fri May 15 14:19:50 UTC 2020
2 ms. Memory: 55296K Free: 36795K (67%)
ptolemy.util.test.WatchDog.cancel(): canceling Fri May 15 14:19:50 UTC 2020
auto.tcl: Setting watchdog for 200 seconds at Fri May 15 14:19:50 UTC 2020
2 ms. Memory: 55296K Free: 36091K (65%)
ptolemy.util.test.WatchDog.cancel(): canceling Fri May 15 14:19:50 UTC 2020
------------------ testing $PTII/ptolemy/domains/de/test/auto/relationGroup2.xml
auto.tcl: Setting watchdog for 200 seconds at Fri May 15 14:19:50 UTC 2020
5 ms. Memory: 51200K Free: 32745K (64%)
ptolemy.util.test.WatchDog.cancel(): canceling Fri May 15 14:19:51 UTC 2020
auto.tcl: Setting watchdog for 200 seconds at Fri May 15 14:19:51 UTC 2020
2 ms. Memory: 51200K Free: 32020K (63%)
ptolemy.util.test.WatchDog.cancel(): canceling Fri May 15 14:19:51 UTC 2020
------------------ testing $PTII/ptolemy/domains/de/test/auto/sortWithOpaquePorts.xml
auto.tcl: Setting watchdog for 200 seconds at Fri May 15 14:19:51 UTC 2020
2 ms. Memory: 51200K Free: 31493K (62%)
ptolemy.util.test.WatchDog.cancel(): canceling Fri May 15 14:19:51 UTC 2020
auto.tcl: Setting watchdog for 200 seconds at Fri May 15 14:19:51 UTC 2020
1 ms. Memory: 51200K Free: 30485K (60%)
ptolemy.util.test.WatchDog.cancel(): canceling Fri May 15 14:19:51 UTC 2020
------------------ testing $PTII/ptolemy/domains/de/test/auto/transferInputsandOutputs.xml
auto.tcl: Setting watchdog for 200 seconds at Fri May 15 14:19:51 UTC 2020
3 ms. Memory: 51200K Free: 28937K (57%)
ptolemy.util.test.WatchDog.cancel(): canceling Fri May 15 14:19:51 UTC 2020
auto.tcl: Setting watchdog for 200 seconds at Fri May 15 14:19:51 UTC 2020
3 ms. Memory: 51200K Free: 27930K (55%)
ptolemy.util.test.WatchDog.cancel(): canceling Fri May 15 14:19:51 UTC 2020
------------------ testing $PTII/ptolemy/domains/de/test/auto/triggerType.xml
auto.tcl: Setting watchdog for 200 seconds at Fri May 15 14:19:51 UTC 2020
2 ms. Memory: 51200K Free: 31961K (62%)
ptolemy.util.test.WatchDog.cancel(): canceling Fri May 15 14:19:51 UTC 2020
auto.tcl: Setting watchdog for 200 seconds at Fri May 15 14:19:51 UTC 2020
2 ms. Memory: 51200K Free: 30947K (60%)
ptolemy.util.test.WatchDog.cancel(): canceling Fri May 15 14:19:51 UTC 2020
05/15/20 02:19:51
Failed: 0  Total Tests: 192  ((Passed: 187, Newly Passed: 1)  Known Failed: 5) /home/travis/build/icyphy/ptII/ptolemy/domains/de/test
05/15/20 02:19:51
Failed: 0  Total Tests: 192  ((Passed: 187, Newly Passed: 1)  Known Failed: 5) /home/travis/build/icyphy/ptII/ptolemy/domains/de/test
----------------- testing (KnownFailure) /home/travis/build/icyphy/ptII/ptolemy/domains/de/test/auto/knownFailedTests/DESDFClockTest.xml
2010 ms. Memory: 51200K Free: 25357K (50%)
Known Failure: java.lang.reflect.InvocationTargetException
----------------- testing (KnownFailure) /home/travis/build/icyphy/ptII/ptolemy/domains/de/test/auto/knownFailedTests/DirectFeedback.xml
2 ms. Memory: 51200K Free: 21261K (42%)
Known Failure: java.lang.reflect.InvocationTargetException
----------------- testing (KnownFailure) /home/travis/build/icyphy/ptII/ptolemy/domains/de/test/auto/knownFailedTests/FSMSource.xml
9 ms. Memory: 51200K Free: 13583K (27%)
----------------- testing (KnownFailure) /home/travis/build/icyphy/ptII/ptolemy/domains/de/test/auto/knownFailedTests/HierarchicalModel.xml
3 ms. Memory: 51200K Free: 26847K (52%)
Known Failure: java.lang.reflect.InvocationTargetException
----------------- testing (KnownFailure) /home/travis/build/icyphy/ptII/ptolemy/domains/de/test/auto/knownFailedTests/dependencyLoop.xml
3 ms. Memory: 51200K Free: 11471K (22%)
Known Failure: java.lang.reflect.InvocationTargetException
----------------- testing (KnownFailure) /home/travis/build/icyphy/ptII/ptolemy/domains/de/test/auto/knownFailedTests/dependencyLoop2.xml
7 ms. Memory: 51200K Free: 25236K (49%)
Known Failure: java.lang.reflect.InvocationTargetException
No auto/linux-amd64/*.xml tests in /home/travis/build/icyphy/ptII/ptolemy/domains/de/test
AutoTests.java: About to close Vertx.
AutoTests.java: Vertx closed.

===========================================================================================
----------------- testing Fri May 15 14:19:53 UTC 2020 /home/travis/build/icyphy/ptII/ptolemy/domains/de/test/auto/ActorDepthCalculation_actorWithoutPorts.xml
----------------- Instantiating /home/travis/build/icyphy/ptII/ptolemy/domains/de/test/auto/ActorDepthCalculation_actorWithoutPorts.xml
1 ms. Memory: 51200K Free: 18137K (35%)
----------------- Invoking toplevel() on ptolemy.moml.MoMLSimpleApplication@32f05709
----------------- Done invoking toplevel() on ptolemy.moml.MoMLSimpleApplication@32f05709
reloadAllAccessors: .ActorDepthCalculation_actorWithoutPorts

===========================================================================================
----------------- testing Fri May 15 14:19:53 UTC 2020 /home/travis/build/icyphy/ptII/ptolemy/domains/de/test/auto/AssemblyLine.xml
----------------- Instantiating /home/travis/build/icyphy/ptII/ptolemy/domains/de/test/auto/AssemblyLine.xml
2 ms. Memory: 51200K Free: 10902K (21%)
----------------- Invoking toplevel() on ptolemy.moml.MoMLSimpleApplication@bb24aa2
----------------- Done invoking toplevel() on ptolemy.moml.MoMLSimpleApplication@bb24aa2
reloadAllAccessors: .AssemblyLine

===========================================================================================
----------------- testing Fri May 15 14:19:53 UTC 2020 /home/travis/build/icyphy/ptII/ptolemy/domains/de/test/auto/CQBug1.xml
----------------- Instantiating /home/travis/build/icyphy/ptII/ptolemy/domains/de/test/auto/CQBug1.xml
1 ms. Memory: 51200K Free: 7969K (16%)
----------------- Invoking toplevel() on ptolemy.moml.MoMLSimpleApplication@6f9771b9
----------------- Done invoking toplevel() on ptolemy.moml.MoMLSimpleApplication@6f9771b9
reloadAllAccessors: .CQBug1

===========================================================================================
----------------- testing Fri May 15 14:19:53 UTC 2020 /home/travis/build/icyphy/ptII/ptolemy/domains/de/test/auto/CancelFireAt.xml
----------------- Instantiating /home/travis/build/icyphy/ptII/ptolemy/domains/de/test/auto/CancelFireAt.xml
2 ms. Memory: 51200K Free: 34454K (67%)
----------------- Invoking toplevel() on ptolemy.moml.MoMLSimpleApplication@65c3c18a
----------------- Done invoking toplevel() on ptolemy.moml.MoMLSimpleApplication@65c3c18a
reloadAllAccessors: .CancelFireAt

===========================================================================================
----------------- testing Fri May 15 14:19:53 UTC 2020 /home/travis/build/icyphy/ptII/ptolemy/domains/de/test/auto/CausalityAndComposabilityAnalysis.xml
----------------- Instantiating /home/travis/build/icyphy/ptII/ptolemy/domains/de/test/auto/CausalityAndComposabilityAnalysis.xml
2 ms. Memory: 51200K Free: 30071K (59%)
----------------- Invoking toplevel() on ptolemy.moml.MoMLSimpleApplication@878ee79
----------------- Done invoking toplevel() on ptolemy.moml.MoMLSimpleApplication@878ee79
reloadAllAccessors: .CausalityAndComposabilityAnalysis

===========================================================================================
----------------- testing Fri May 15 14:19:53 UTC 2020 /home/travis/build/icyphy/ptII/ptolemy/domains/de/test/auto/CausalityInterface1.xml
----------------- Instantiating /home/travis/build/icyphy/ptII/ptolemy/domains/de/test/auto/CausalityInterface1.xml
5 ms. Memory: 51200K Free: 24959K (49%)
----------------- Invoking toplevel() on ptolemy.moml.MoMLSimpleApplication@43e08f8
----------------- Done invoking toplevel() on ptolemy.moml.MoMLSimpleApplication@43e08f8
reloadAllAccessors: .CausalityInterface1

===========================================================================================
----------------- testing Fri May 15 14:19:53 UTC 2020 /home/travis/build/icyphy/ptII/ptolemy/domains/de/test/auto/CausalityInterface15.xml
----------------- Instantiating /home/travis/build/icyphy/ptII/ptolemy/domains/de/test/auto/CausalityInterface15.xml
2 ms. Memory: 51200K Free: 19464K (38%)
----------------- Invoking toplevel() on ptolemy.moml.MoMLSimpleApplication@68648717
----------------- Done invoking toplevel() on ptolemy.moml.MoMLSimpleApplication@68648717
reloadAllAccessors: .CausalityInterface15

===========================================================================================
----------------- testing Fri May 15 14:19:53 UTC 2020 /home/travis/build/icyphy/ptII/ptolemy/domains/de/test/auto/CausalityInterface2.xml
----------------- Instantiating /home/travis/build/icyphy/ptII/ptolemy/domains/de/test/auto/CausalityInterface2.xml
1 ms. Memory: 51200K Free: 15006K (29%)
[...]
	at ptolemy.actor.Manager.run(Manager.java:1263)
	at ptolemy.actor.Manager$PtolemyRunThread.run(Manager.java:1933)
java.lang.RuntimeException: Execution failed
	at ptolemy.moml.MoMLSimpleApplication$UnloadThread.run(MoMLSimpleApplication.java:402)
Caused by: ptolemy.kernel.util.IllegalActionException: Actor is not ready to fire.  Perhaps UpSample.prefire() returned false? Try debugging the actor by selecting "Listen to Actor".  Also, for SDF check moml for tokenConsumptionRate on input.
  in .DESDFClockTest.Play Bell.Copy1:SDF Director and .DESDFClockTest.Play Bell.UpSample
	at ptolemy.actor.sched.StaticSchedulingDirector.fire(StaticSchedulingDirector.java:227)
	at ptolemy.domains.sdf.kernel.SDFDirector.fire(SDFDirector.java:500)
	at ptolemy.actor.CompositeActor.fire(CompositeActor.java:455)
	at ptolemy.domains.de.kernel.DEDirector._fire(DEDirector.java:1949)
	at ptolemy.domains.de.kernel.DEDirector.fire(DEDirector.java:502)
	at ptolemy.actor.CompositeActor.fire(CompositeActor.java:455)
	at ptolemy.actor.Manager.iterate(Manager.java:851)
	at ptolemy.actor.Manager.execute(Manager.java:369)
	at ptolemy.actor.Manager.run(Manager.java:1263)
	at ptolemy.actor.Manager$PtolemyRunThread.run(Manager.java:1933)
java.lang.reflect.InvocationTargetException
	at java.base/jdk.internal.reflect.NativeConstructorAccessorImpl.newInstance0(Native Method)
	at java.base/jdk.internal.reflect.NativeConstructorAccessorImpl.newInstance(NativeConstructorAccessorImpl.java:62)
	at java.base/jdk.internal.reflect.DelegatingConstructorAccessorImpl.newInstance(DelegatingConstructorAccessorImpl.java:45)
	at java.base/java.lang.reflect.Constructor.newInstance(Constructor.java:490)
	at ptolemy.util.test.junit.AutoKnownFailedTests.RunModel(AutoKnownFailedTests.java:105)
	at java.base/jdk.internal.reflect.NativeMethodAccessorImpl.invoke0(Native Method)
	at java.base/jdk.internal.reflect.NativeMethodAccessorImpl.invoke(NativeMethodAccessorImpl.java:62)
	at java.base/jdk.internal.reflect.DelegatingMethodAccessorImpl.invoke(DelegatingMethodAccessorImpl.java:43)
	at java.base/java.lang.reflect.Method.invoke(Method.java:566)
	at org.junit.runners.model.FrameworkMethod$1.runReflectiveCall(FrameworkMethod.java:44)
	at org.junit.internal.runners.model.ReflectiveCallable.run(ReflectiveCallable.java:15)
	at org.junit.runners.model.FrameworkMethod.invokeExplosively(FrameworkMethod.java:41)
	at junitparams.internal.InvokeParameterisedMethod.evaluate(InvokeParameterisedMethod.java:102)
	at org.junit.internal.runners.statements.FailOnTimeout$1.run(FailOnTimeout.java:28)
Caused by: ptolemy.kernel.util.IllegalActionException: Actor is not ready to fire.  Perhaps UpSample.prefire() returned false? Try debugging the actor by selecting "Listen to Actor".  Also, for SDF check moml for tokenConsumptionRate on input.
  in .DESDFClockTest.Play Bell.Copy1:SDF Director and .DESDFClockTest.Play Bell.UpSample
	at ptolemy.actor.sched.StaticSchedulingDirector.fire(StaticSchedulingDirector.java:227)
	at ptolemy.domains.sdf.kernel.SDFDirector.fire(SDFDirector.java:500)
	at ptolemy.actor.CompositeActor.fire(CompositeActor.java:455)
	at ptolemy.domains.de.kernel.DEDirector._fire(DEDirector.java:1949)
	at ptolemy.domains.de.kernel.DEDirector.fire(DEDirector.java:502)
	at ptolemy.actor.CompositeActor.fire(CompositeActor.java:455)
	at ptolemy.actor.Manager.iterate(Manager.java:851)
	at ptolemy.actor.Manager.execute(Manager.java:369)
	at ptolemy.actor.Manager.run(Manager.java:1263)
	at ptolemy.actor.Manager$PtolemyRunThread.run(Manager.java:1933)
java.lang.RuntimeException: Execution failed
	at ptolemy.moml.MoMLSimpleApplication$UnloadThread.run(MoMLSimpleApplication.java:402)
Caused by: ptolemy.kernel.util.IllegalActionException: Test fails in iteration 1.
Value was: 1.0. Should have been: 2.0
  in .DirectFeedback.Test
	at ptolemy.actor.lib.Test.fire(Test.java:268)
	at ptolemy.domains.de.kernel.DEDirector._fire(DEDirector.java:1949)
	at ptolemy.domains.de.kernel.DEDirector.fire(DEDirector.java:502)
	at ptolemy.actor.CompositeActor.fire(CompositeActor.java:455)
	at ptolemy.actor.Manager.iterate(Manager.java:851)
	at ptolemy.actor.Manager.execute(Manager.java:369)
	at ptolemy.actor.Manager.run(Manager.java:1263)
	at ptolemy.actor.Manager$PtolemyRunThread.run(Manager.java:1933)
java.lang.reflect.InvocationTargetException
	at java.base/jdk.internal.reflect.NativeConstructorAccessorImpl.newInstance0(Native Method)
	at java.base/jdk.internal.reflect.NativeConstructorAccessorImpl.newInstance(NativeConstructorAccessorImpl.java:62)
	at java.base/jdk.internal.reflect.DelegatingConstructorAccessorImpl.newInstance(DelegatingConstructorAccessorImpl.java:45)
	at java.base/java.lang.reflect.Constructor.newInstance(Constructor.java:490)
	at ptolemy.util.test.junit.AutoKnownFailedTests.RunModel(AutoKnownFailedTests.java:105)
	at java.base/jdk.internal.reflect.NativeMethodAccessorImpl.invoke0(Native Method)
	at java.base/jdk.internal.reflect.NativeMethodAccessorImpl.invoke(NativeMethodAccessorImpl.java:62)
	at java.base/jdk.internal.reflect.DelegatingMethodAccessorImpl.invoke(DelegatingMethodAccessorImpl.java:43)
	at java.base/java.lang.reflect.Method.invoke(Method.java:566)
	at org.junit.runners.model.FrameworkMethod$1.runReflectiveCall(FrameworkMethod.java:44)
	at org.junit.internal.runners.model.ReflectiveCallable.run(ReflectiveCallable.java:15)
	at org.junit.runners.model.FrameworkMethod.invokeExplosively(FrameworkMethod.java:41)
	at junitparams.internal.InvokeParameterisedMethod.evaluate(InvokeParameterisedMethod.java:102)
	at org.junit.internal.runners.statements.FailOnTimeout$1.run(FailOnTimeout.java:28)
Caused by: ptolemy.kernel.util.IllegalActionException: Test fails in iteration 1.
Value was: 1.0. Should have been: 2.0
  in .DirectFeedback.Test
	at ptolemy.actor.lib.Test.fire(Test.java:268)
	at ptolemy.domains.de.kernel.DEDirector._fire(DEDirector.java:1949)
	at ptolemy.domains.de.kernel.DEDirector.fire(DEDirector.java:502)
	at ptolemy.actor.CompositeActor.fire(CompositeActor.java:455)
	at ptolemy.actor.Manager.iterate(Manager.java:851)
	at ptolemy.actor.Manager.execute(Manager.java:369)
	at ptolemy.actor.Manager.run(Manager.java:1263)
	at ptolemy.actor.Manager$PtolemyRunThread.run(Manager.java:1933)
java.lang.RuntimeException: Execution failed
	at ptolemy.moml.MoMLSimpleApplication$UnloadThread.run(MoMLSimpleApplication.java:402)
Caused by: ptolemy.kernel.util.IllegalActionException: Found a zero delay loop containing .HierarchicalModel.A
  in .HierarchicalModel and .HierarchicalModel.A
	at ptolemy.actor.util.CausalityInterfaceForComposites._computeOutputPortDepth(CausalityInterfaceForComposites.java:759)
	at ptolemy.actor.util.CausalityInterfaceForComposites._computeInputDepth(CausalityInterfaceForComposites.java:696)
	at ptolemy.actor.util.CausalityInterfaceForComposites._computeOutputPortDepth(CausalityInterfaceForComposites.java:765)
	at ptolemy.actor.util.CausalityInterfaceForComposites._computeInputDepth(CausalityInterfaceForComposites.java:696)
	at ptolemy.actor.util.CausalityInterfaceForComposites._computeOutputPortDepth(CausalityInterfaceForComposites.java:765)
	at ptolemy.actor.util.CausalityInterfaceForComposites._computeInputDepth(CausalityInterfaceForComposites.java:696)
	at ptolemy.actor.util.CausalityInterfaceForComposites._computeActorDepth(CausalityInterfaceForComposites.java:532)
	at ptolemy.actor.util.CausalityInterfaceForComposites.checkForCycles(CausalityInterfaceForComposites.java:96)
	at ptolemy.domains.de.kernel.DEDirector.preinitialize(DEDirector.java:1338)
	at ptolemy.actor.CompositeActor.preinitialize(CompositeActor.java:1828)
	at ptolemy.actor.Manager.preinitializeAndResolveTypes(Manager.java:1040)
	at ptolemy.actor.Manager.initialize(Manager.java:710)
	at ptolemy.actor.Manager.execute(Manager.java:356)
	at ptolemy.actor.Manager.run(Manager.java:1263)
	at ptolemy.actor.Manager$PtolemyRunThread.run(Manager.java:1933)
java.lang.reflect.InvocationTargetException
	at java.base/jdk.internal.reflect.NativeConstructorAccessorImpl.newInstance0(Native Method)
	at java.base/jdk.internal.reflect.NativeConstructorAccessorImpl.newInstance(NativeConstructorAccessorImpl.java:62)
	at java.base/jdk.internal.reflect.DelegatingConstructorAccessorImpl.newInstance(DelegatingConstructorAccessorImpl.java:45)
	at java.base/java.lang.reflect.Constructor.newInstance(Constructor.java:490)
	at ptolemy.util.test.junit.AutoKnownFailedTests.RunModel(AutoKnownFailedTests.java:105)
	at java.base/jdk.internal.reflect.NativeMethodAccessorImpl.invoke0(Native Method)
	at java.base/jdk.internal.reflect.NativeMethodAccessorImpl.invoke(NativeMethodAccessorImpl.java:62)
	at java.base/jdk.internal.reflect.DelegatingMethodAccessorImpl.invoke(DelegatingMethodAccessorImpl.java:43)
	at java.base/java.lang.reflect.Method.invoke(Method.java:566)
	at org.junit.runners.model.FrameworkMethod$1.runReflectiveCall(FrameworkMethod.java:44)
	at org.junit.internal.runners.model.ReflectiveCallable.run(ReflectiveCallable.java:15)
	at org.junit.runners.model.FrameworkMethod.invokeExplosively(FrameworkMethod.java:41)
	at junitparams.internal.InvokeParameterisedMethod.evaluate(InvokeParameterisedMethod.java:102)
	at org.junit.internal.runners.statements.FailOnTimeout$1.run(FailOnTimeout.java:28)
Caused by: ptolemy.kernel.util.IllegalActionException: Found a zero delay loop containing .HierarchicalModel.A
  in .HierarchicalModel and .HierarchicalModel.A
	at ptolemy.actor.util.CausalityInterfaceForComposites._computeOutputPortDepth(CausalityInterfaceForComposites.java:759)
	at ptolemy.actor.util.CausalityInterfaceForComposites._computeInputDepth(CausalityInterfaceForComposites.java:696)
	at ptolemy.actor.util.CausalityInterfaceForComposites._computeOutputPortDepth(CausalityInterfaceForComposites.java:765)
	at ptolemy.actor.util.CausalityInterfaceForComposites._computeInputDepth(CausalityInterfaceForComposites.java:696)
	at ptolemy.actor.util.CausalityInterfaceForComposites._computeOutputPortDepth(CausalityInterfaceForComposites.java:765)
	at ptolemy.actor.util.CausalityInterfaceForComposites._computeInputDepth(CausalityInterfaceForComposites.java:696)
	at ptolemy.actor.util.CausalityInterfaceForComposites._computeActorDepth(CausalityInterfaceForComposites.java:532)
	at ptolemy.actor.util.CausalityInterfaceForComposites.checkForCycles(CausalityInterfaceForComposites.java:96)
	at ptolemy.domains.de.kernel.DEDirector.preinitialize(DEDirector.java:1338)
	at ptolemy.actor.CompositeActor.preinitialize(CompositeActor.java:1828)
	at ptolemy.actor.Manager.preinitializeAndResolveTypes(Manager.java:1040)
	at ptolemy.actor.Manager.initialize(Manager.java:710)
	at ptolemy.actor.Manager.execute(Manager.java:356)
	at ptolemy.actor.Manager.run(Manager.java:1263)
	at ptolemy.actor.Manager$PtolemyRunThread.run(Manager.java:1933)
java.lang.RuntimeException: Execution failed
	at ptolemy.moml.MoMLSimpleApplication$UnloadThread.run(MoMLSimpleApplication.java:402)
Caused by: ptolemy.kernel.util.IllegalActionException: Found a zero delay loop containing .dependencyLoop.original
  in .dependencyLoop and .dependencyLoop.original
	at ptolemy.actor.util.CausalityInterfaceForComposites._computeOutputPortDepth(CausalityInterfaceForComposites.java:759)
	at ptolemy.actor.util.CausalityInterfaceForComposites._computeInputDepth(CausalityInterfaceForComposites.java:696)
	at ptolemy.actor.util.CausalityInterfaceForComposites._computeOutputPortDepth(CausalityInterfaceForComposites.java:765)
	at ptolemy.actor.util.CausalityInterfaceForComposites._computeInputDepth(CausalityInterfaceForComposites.java:696)
	at ptolemy.actor.util.CausalityInterfaceForComposites._computeOutputPortDepth(CausalityInterfaceForComposites.java:765)
	at ptolemy.actor.util.CausalityInterfaceForComposites._computeInputDepth(CausalityInterfaceForComposites.java:696)
	at ptolemy.actor.util.CausalityInterfaceForComposites._computeActorDepth(CausalityInterfaceForComposites.java:532)
	at ptolemy.actor.util.CausalityInterfaceForComposites.checkForCycles(CausalityInterfaceForComposites.java:96)
	at ptolemy.domains.de.kernel.DEDirector.preinitialize(DEDirector.java:1338)
	at ptolemy.actor.CompositeActor.preinitialize(CompositeActor.java:1828)
	at ptolemy.actor.Manager.preinitializeAndResolveTypes(Manager.java:1040)
	at ptolemy.actor.Manager.initialize(Manager.java:710)
	at ptolemy.actor.Manager.execute(Manager.java:356)
	at ptolemy.actor.Manager.run(Manager.java:1263)
	at ptolemy.actor.Manager$PtolemyRunThread.run(Manager.java:1933)
java.lang.reflect.InvocationTargetException
	at java.base/jdk.internal.reflect.NativeConstructorAccessorImpl.newInstance0(Native Method)
	at java.base/jdk.internal.reflect.NativeConstructorAccessorImpl.newInstance(NativeConstructorAccessorImpl.java:62)
	at java.base/jdk.internal.reflect.DelegatingConstructorAccessorImpl.newInstance(DelegatingConstructorAccessorImpl.java:45)
	at java.base/java.lang.reflect.Constructor.newInstance(Constructor.java:490)
	at ptolemy.util.test.junit.AutoKnownFailedTests.RunModel(AutoKnownFailedTests.java:105)
	at java.base/jdk.internal.reflect.NativeMethodAccessorImpl.invoke0(Native Method)
	at java.base/jdk.internal.reflect.NativeMethodAccessorImpl.invoke(NativeMethodAccessorImpl.java:62)
	at java.base/jdk.internal.reflect.DelegatingMethodAccessorImpl.invoke(DelegatingMethodAccessorImpl.java:43)
	at java.base/java.lang.reflect.Method.invoke(Method.java:566)
	at org.junit.runners.model.FrameworkMethod$1.runReflectiveCall(FrameworkMethod.java:44)
	at org.junit.internal.runners.model.ReflectiveCallable.run(ReflectiveCallable.java:15)
	at org.junit.runners.model.FrameworkMethod.invokeExplosively(FrameworkMethod.java:41)
	at junitparams.internal.InvokeParameterisedMethod.evaluate(InvokeParameterisedMethod.java:102)
	at org.junit.internal.runners.statements.FailOnTimeout$1.run(FailOnTimeout.java:28)
Caused by: ptolemy.kernel.util.IllegalActionException: Found a zero delay loop containing .dependencyLoop.original
  in .dependencyLoop and .dependencyLoop.original
	at ptolemy.actor.util.CausalityInterfaceForComposites._computeOutputPortDepth(CausalityInterfaceForComposites.java:759)
	at ptolemy.actor.util.CausalityInterfaceForComposites._computeInputDepth(CausalityInterfaceForComposites.java:696)
	at ptolemy.actor.util.CausalityInterfaceForComposites._computeOutputPortDepth(CausalityInterfaceForComposites.java:765)
	at ptolemy.actor.util.CausalityInterfaceForComposites._computeInputDepth(CausalityInterfaceForComposites.java:696)
	at ptolemy.actor.util.CausalityInterfaceForComposites._computeOutputPortDepth(CausalityInterfaceForComposites.java:765)
	at ptolemy.actor.util.CausalityInterfaceForComposites._computeInputDepth(CausalityInterfaceForComposites.java:696)
	at ptolemy.actor.util.CausalityInterfaceForComposites._computeActorDepth(CausalityInterfaceForComposites.java:532)
	at ptolemy.actor.util.CausalityInterfaceForComposites.checkForCycles(CausalityInterfaceForComposites.java:96)
	at ptolemy.domains.de.kernel.DEDirector.preinitialize(DEDirector.java:1338)
	at ptolemy.actor.CompositeActor.preinitialize(CompositeActor.java:1828)
	at ptolemy.actor.Manager.preinitializeAndResolveTypes(Manager.java:1040)
	at ptolemy.actor.Manager.initialize(Manager.java:710)
	at ptolemy.actor.Manager.execute(Manager.java:356)
	at ptolemy.actor.Manager.run(Manager.java:1263)
	at ptolemy.actor.Manager$PtolemyRunThread.run(Manager.java:1933)
java.lang.RuntimeException: Execution failed
	at ptolemy.moml.MoMLSimpleApplication$UnloadThread.run(MoMLSimpleApplication.java:402)
Caused by: ptolemy.kernel.util.IllegalActionException: Found a zero delay loop containing .dependencyLoop2.original
  in .dependencyLoop2 and .dependencyLoop2.original
	at ptolemy.actor.util.CausalityInterfaceForComposites._computeOutputPortDepth(CausalityInterfaceForComposites.java:759)
	at ptolemy.actor.util.CausalityInterfaceForComposites._computeInputDepth(CausalityInterfaceForComposites.java:696)
	at ptolemy.actor.util.CausalityInterfaceForComposites._computeOutputPortDepth(CausalityInterfaceForComposites.java:765)
	at ptolemy.actor.util.CausalityInterfaceForComposites._computeInputDepth(CausalityInterfaceForComposites.java:696)
	at ptolemy.actor.util.CausalityInterfaceForComposites._computeOutputPortDepth(CausalityInterfaceForComposites.java:765)
	at ptolemy.actor.util.CausalityInterfaceForComposites._computeInputDepth(CausalityInterfaceForComposites.java:696)
	at ptolemy.actor.util.CausalityInterfaceForComposites._computeActorDepth(CausalityInterfaceForComposites.java:532)
	at ptolemy.actor.util.CausalityInterfaceForComposites.checkForCycles(CausalityInterfaceForComposites.java:96)
	at ptolemy.domains.de.kernel.DEDirector.preinitialize(DEDirector.java:1338)
	at ptolemy.actor.CompositeActor.preinitialize(CompositeActor.java:1828)
	at ptolemy.actor.Manager.preinitializeAndResolveTypes(Manager.java:1040)
	at ptolemy.actor.Manager.initialize(Manager.java:710)
	at ptolemy.actor.Manager.execute(Manager.java:356)
	at ptolemy.actor.Manager.run(Manager.java:1263)
	at ptolemy.actor.Manager$PtolemyRunThread.run(Manager.java:1933)
java.lang.reflect.InvocationTargetException
	at java.base/jdk.internal.reflect.NativeConstructorAccessorImpl.newInstance0(Native Method)
	at java.base/jdk.internal.reflect.NativeConstructorAccessorImpl.newInstance(NativeConstructorAccessorImpl.java:62)
	at java.base/jdk.internal.reflect.DelegatingConstructorAccessorImpl.newInstance(DelegatingConstructorAccessorImpl.java:45)
	at java.base/java.lang.reflect.Constructor.newInstance(Constructor.java:490)
	at ptolemy.util.test.junit.AutoKnownFailedTests.RunModel(AutoKnownFailedTests.java:105)
	at java.base/jdk.internal.reflect.NativeMethodAccessorImpl.invoke0(Native Method)
	at java.base/jdk.internal.reflect.NativeMethodAccessorImpl.invoke(NativeMethodAccessorImpl.java:62)
	at java.base/jdk.internal.reflect.DelegatingMethodAccessorImpl.invoke(DelegatingMethodAccessorImpl.java:43)
	at java.base/java.lang.reflect.Method.invoke(Method.java:566)
	at org.junit.runners.model.FrameworkMethod$1.runReflectiveCall(FrameworkMethod.java:44)
	at org.junit.internal.runners.model.ReflectiveCallable.run(ReflectiveCallable.java:15)
	at org.junit.runners.model.FrameworkMethod.invokeExplosively(FrameworkMethod.java:41)
	at junitparams.internal.InvokeParameterisedMethod.evaluate(InvokeParameterisedMethod.java:102)
	at org.junit.internal.runners.statements.FailOnTimeout$1.run(FailOnTimeout.java:28)
Caused by: ptolemy.kernel.util.IllegalActionException: Found a zero delay loop containing .dependencyLoop2.original
  in .dependencyLoop2 and .dependencyLoop2.original
	at ptolemy.actor.util.CausalityInterfaceForComposites._computeOutputPortDepth(CausalityInterfaceForComposites.java:759)
	at ptolemy.actor.util.CausalityInterfaceForComposites._computeInputDepth(CausalityInterfaceForComposites.java:696)
	at ptolemy.actor.util.CausalityInterfaceForComposites._computeOutputPortDepth(CausalityInterfaceForComposites.java:765)
	at ptolemy.actor.util.CausalityInterfaceForComposites._computeInputDepth(CausalityInterfaceForComposites.java:696)
	at ptolemy.actor.util.CausalityInterfaceForComposites._computeOutputPortDepth(CausalityInterfaceForComposites.java:765)
	at ptolemy.actor.util.CausalityInterfaceForComposites._computeInputDepth(CausalityInterfaceForComposites.java:696)
	at ptolemy.actor.util.CausalityInterfaceForComposites._computeActorDepth(CausalityInterfaceForComposites.java:532)
	at ptolemy.actor.util.CausalityInterfaceForComposites.checkForCycles(CausalityInterfaceForComposites.java:96)
	at ptolemy.domains.de.kernel.DEDirector.preinitialize(DEDirector.java:1338)
	at ptolemy.actor.CompositeActor.preinitialize(CompositeActor.java:1828)
	at ptolemy.actor.Manager.preinitializeAndResolveTypes(Manager.java:1040)
	at ptolemy.actor.Manager.initialize(Manager.java:710)
	at ptolemy.actor.Manager.execute(Manager.java:356)
	at ptolemy.actor.Manager.run(Manager.java:1263)
	at ptolemy.actor.Manager$PtolemyRunThread.run(Manager.java:1933)
]]></system-err>
</testsuite>
