<?xml version="1.0" encoding="UTF-8" ?>
<testsuite errors="0" failures="0" hostname="travis-job-0850733c-2fa4-41d8-bff8-42a9f9333052" name="ptolemy.domains.de.test.junit.JUnitTclTest" skipped="0" tests="101" time="135.667" timestamp="2018-06-05T01:15:53">
  <properties>
[...]
</properties>
  <testcase classname="ptolemy.util.test.junit.TclTests" name="[0] /home/travis/build/icyphy/ptII/ptolemy/domains/de/test/DependencyLoop.tcl (RunTclFile)" time="0.785" />
  <testcase classname="ptolemy.util.test.junit.TclTests" name="[1] /home/travis/build/icyphy/ptII/ptolemy/domains/de/test/RunDETestsAsQSS.tcl (RunTclFile)" time="93.004" />
  <testcase classname="ptolemy.util.test.junit.AutoKnownFailedTests" name="[0] /home/travis/build/icyphy/ptII/ptolemy/domains/de/test/auto/knownFailedTests/DESDFClockTest.xml (RunModel)" time="2.032" />
  <testcase classname="ptolemy.util.test.junit.AutoKnownFailedTests" name="[1] /home/travis/build/icyphy/ptII/ptolemy/domains/de/test/auto/knownFailedTests/DirectFeedback.xml (RunModel)" time="0.021" />
  <testcase classname="ptolemy.util.test.junit.AutoKnownFailedTests" name="[2] /home/travis/build/icyphy/ptII/ptolemy/domains/de/test/auto/knownFailedTests/FSMSource.xml (RunModel)" time="0.017" />
  <testcase classname="ptolemy.util.test.junit.AutoKnownFailedTests" name="[3] /home/travis/build/icyphy/ptII/ptolemy/domains/de/test/auto/knownFailedTests/HierarchicalModel.xml (RunModel)" time="0.028" />
  <testcase classname="ptolemy.util.test.junit.AutoKnownFailedTests" name="[4] /home/travis/build/icyphy/ptII/ptolemy/domains/de/test/auto/knownFailedTests/dependencyLoop.xml (RunModel)" time="0.032" />
  <testcase classname="ptolemy.util.test.junit.AutoKnownFailedTests" name="[5] /home/travis/build/icyphy/ptII/ptolemy/domains/de/test/auto/knownFailedTests/dependencyLoop2.xml (RunModel)" time="0.038" />
  <testcase classname="ptolemy.util.test.junit.AutoNameArchTests" name="[0] ThereAreNoAutoArchTests (RunModel)" time="0.003" />
  <testcase classname="ptolemy.util.test.junit.AutoTests" name="[0] /home/travis/build/icyphy/ptII/ptolemy/domains/de/test/auto/ActorDepthCalculation_actorWithoutPorts.xml (RunModel)" time="0.019" />
  <testcase classname="ptolemy.util.test.junit.AutoTests" name="[1] /home/travis/build/icyphy/ptII/ptolemy/domains/de/test/auto/AssemblyLine.xml (RunModel)" time="0.018" />
  <testcase classname="ptolemy.util.test.junit.AutoTests" name="[2] /home/travis/build/icyphy/ptII/ptolemy/domains/de/test/auto/CQBug1.xml (RunModel)" time="0.01" />
  <testcase classname="ptolemy.util.test.junit.AutoTests" name="[3] /home/travis/build/icyphy/ptII/ptolemy/domains/de/test/auto/CancelFireAt.xml (RunModel)" time="0.01" />
  <testcase classname="ptolemy.util.test.junit.AutoTests" name="[4] /home/travis/build/icyphy/ptII/ptolemy/domains/de/test/auto/CausalityAndComposabilityAnalysis.xml (RunModel)" time="0.016" />
  <testcase classname="ptolemy.util.test.junit.AutoTests" name="[5] /home/travis/build/icyphy/ptII/ptolemy/domains/de/test/auto/CausalityInterface1.xml (RunModel)" time="0.02" />
  <testcase classname="ptolemy.util.test.junit.AutoTests" name="[6] /home/travis/build/icyphy/ptII/ptolemy/domains/de/test/auto/CausalityInterface15.xml (RunModel)" time="0.028" />
  <testcase classname="ptolemy.util.test.junit.AutoTests" name="[7] /home/travis/build/icyphy/ptII/ptolemy/domains/de/test/auto/CausalityInterface2.xml (RunModel)" time="0.013" />
  <testcase classname="ptolemy.util.test.junit.AutoTests" name="[8] /home/travis/build/icyphy/ptII/ptolemy/domains/de/test/auto/CausalityInterface3.xml (RunModel)" time="0.014" />
  <testcase classname="ptolemy.util.test.junit.AutoTests" name="[9] /home/travis/build/icyphy/ptII/ptolemy/domains/de/test/auto/ClockDrift.xml (RunModel)" time="0.037" />
  <testcase classname="ptolemy.util.test.junit.AutoTests" name="[10] /home/travis/build/icyphy/ptII/ptolemy/domains/de/test/auto/ClockDriftAndValueChange.xml (RunModel)" time="0.035" />
  <testcase classname="ptolemy.util.test.junit.AutoTests" name="[11] /home/travis/build/icyphy/ptII/ptolemy/domains/de/test/auto/ClockDriftChange.xml (RunModel)" time="0.031" />
  <testcase classname="ptolemy.util.test.junit.AutoTests" name="[12] /home/travis/build/icyphy/ptII/ptolemy/domains/de/test/auto/ComposableCausalityAnalysis.xml (RunModel)" time="0.019" />
  <testcase classname="ptolemy.util.test.junit.AutoTests" name="[13] /home/travis/build/icyphy/ptII/ptolemy/domains/de/test/auto/DEFixedPointLimitation.xml (RunModel)" time="0.014" />
  <testcase classname="ptolemy.util.test.junit.AutoTests" name="[14] /home/travis/build/icyphy/ptII/ptolemy/domains/de/test/auto/DEScheduleTest.xml (RunModel)" time="0.013" />
  <testcase classname="ptolemy.util.test.junit.AutoTests" name="[15] /home/travis/build/icyphy/ptII/ptolemy/domains/de/test/auto/DEinDEwithStartTimes.xml (RunModel)" time="0.018" />
  <testcase classname="ptolemy.util.test.junit.AutoTests" name="[16] /home/travis/build/icyphy/ptII/ptolemy/domains/de/test/auto/DEinDEwithStartTimes2.xml (RunModel)" time="0.018" />
  <testcase classname="ptolemy.util.test.junit.AutoTests" name="[17] /home/travis/build/icyphy/ptII/ptolemy/domains/de/test/auto/DateDemo.xml (RunModel)" time="0.036" />
  <testcase classname="ptolemy.util.test.junit.AutoTests" name="[18] /home/travis/build/icyphy/ptII/ptolemy/domains/de/test/auto/DateToEvent.xml (RunModel)" time="2.043" />
  <testcase classname="ptolemy.util.test.junit.AutoTests" name="[19] /home/travis/build/icyphy/ptII/ptolemy/domains/de/test/auto/DepthTest1.xml (RunModel)" time="0.012" />
  <testcase classname="ptolemy.util.test.junit.AutoTests" name="[20] /home/travis/build/icyphy/ptII/ptolemy/domains/de/test/auto/DepthTest2.xml (RunModel)" time="0.019" />
  <testcase classname="ptolemy.util.test.junit.AutoTests" name="[21] /home/travis/build/icyphy/ptII/ptolemy/domains/de/test/auto/DepthTest3.xml (RunModel)" time="0.009" />
  <testcase classname="ptolemy.util.test.junit.AutoTests" name="[22] /home/travis/build/icyphy/ptII/ptolemy/domains/de/test/auto/DepthTest4.xml (RunModel)" time="0.017" />
  <testcase classname="ptolemy.util.test.junit.AutoTests" name="[23] /home/travis/build/icyphy/ptII/ptolemy/domains/de/test/auto/DepthTest5.xml (RunModel)" time="0.014" />
  <testcase classname="ptolemy.util.test.junit.AutoTests" name="[24] /home/travis/build/icyphy/ptII/ptolemy/domains/de/test/auto/DepthTest6.xml (RunModel)" time="0.015" />
  <testcase classname="ptolemy.util.test.junit.AutoTests" name="[25] /home/travis/build/icyphy/ptII/ptolemy/domains/de/test/auto/DepthTest7.xml (RunModel)" time="0.012" />
  <testcase classname="ptolemy.util.test.junit.AutoTests" name="[26] /home/travis/build/icyphy/ptII/ptolemy/domains/de/test/auto/EventToDate.xml (RunModel)" time="3.039" />
  <testcase classname="ptolemy.util.test.junit.AutoTests" name="[27] /home/travis/build/icyphy/ptII/ptolemy/domains/de/test/auto/FSM1.xml (RunModel)" time="0.034" />
  <testcase classname="ptolemy.util.test.junit.AutoTests" name="[28] /home/travis/build/icyphy/ptII/ptolemy/domains/de/test/auto/FSM7.xml (RunModel)" time="0.033" />
  <testcase classname="ptolemy.util.test.junit.AutoTests" name="[29] /home/travis/build/icyphy/ptII/ptolemy/domains/de/test/auto/Inspection.xml (RunModel)" time="0.041" />
  <testcase classname="ptolemy.util.test.junit.AutoTests" name="[30] /home/travis/build/icyphy/ptII/ptolemy/domains/de/test/auto/Iteration.xml (RunModel)" time="0.033" />
  <testcase classname="ptolemy.util.test.junit.AutoTests" name="[31] /home/travis/build/icyphy/ptII/ptolemy/domains/de/test/auto/LineFault.xml (RunModel)" time="0.614" />
  <testcase classname="ptolemy.util.test.junit.AutoTests" name="[32] /home/travis/build/icyphy/ptII/ptolemy/domains/de/test/auto/MergeModel1Add.xml (RunModel)" time="0.052" />
  <testcase classname="ptolemy.util.test.junit.AutoTests" name="[33] /home/travis/build/icyphy/ptII/ptolemy/domains/de/test/auto/MergeModel2Add.xml (RunModel)" time="0.048" />
  <testcase classname="ptolemy.util.test.junit.AutoTests" name="[34] /home/travis/build/icyphy/ptII/ptolemy/domains/de/test/auto/MergeModel3Add.xml (RunModel)" time="0.036" />
  <testcase classname="ptolemy.util.test.junit.AutoTests" name="[35] /home/travis/build/icyphy/ptII/ptolemy/domains/de/test/auto/MergeWithoutDiscard.xml (RunModel)" time="0.011" />
  <testcase classname="ptolemy.util.test.junit.AutoTests" name="[36] /home/travis/build/icyphy/ptII/ptolemy/domains/de/test/auto/Modal1.xml (RunModel)" time="0.029" />
  <testcase classname="ptolemy.util.test.junit.AutoTests" name="[37] /home/travis/build/icyphy/ptII/ptolemy/domains/de/test/auto/Modal2.xml (RunModel)" time="0.032" />
  <testcase classname="ptolemy.util.test.junit.AutoTests" name="[38] /home/travis/build/icyphy/ptII/ptolemy/domains/de/test/auto/Modal3.xml (RunModel)" time="0.031" />
  <testcase classname="ptolemy.util.test.junit.AutoTests" name="[39] /home/travis/build/icyphy/ptII/ptolemy/domains/de/test/auto/Modal4.xml (RunModel)" time="0.043" />
  <testcase classname="ptolemy.util.test.junit.AutoTests" name="[40] /home/travis/build/icyphy/ptII/ptolemy/domains/de/test/auto/Modal5.xml (RunModel)" time="0.035" />
  <testcase classname="ptolemy.util.test.junit.AutoTests" name="[41] /home/travis/build/icyphy/ptII/ptolemy/domains/de/test/auto/Modal6.xml (RunModel)" time="0.031" />
  <testcase classname="ptolemy.util.test.junit.AutoTests" name="[42] /home/travis/build/icyphy/ptII/ptolemy/domains/de/test/auto/Modal7.xml (RunModel)" time="0.033" />
  <testcase classname="ptolemy.util.test.junit.AutoTests" name="[43] /home/travis/build/icyphy/ptII/ptolemy/domains/de/test/auto/ModalModel.xml (RunModel)" time="0.171" />
  <testcase classname="ptolemy.util.test.junit.AutoTests" name="[44] /home/travis/build/icyphy/ptII/ptolemy/domains/de/test/auto/ModalSource.xml (RunModel)" time="0.019" />
  <testcase classname="ptolemy.util.test.junit.AutoTests" name="[45] /home/travis/build/icyphy/ptII/ptolemy/domains/de/test/auto/NonInterruptibleTimerZeroDelay.xml (RunModel)" time="0.012" />
  <testcase classname="ptolemy.util.test.junit.AutoTests" name="[46] /home/travis/build/icyphy/ptII/ptolemy/domains/de/test/auto/OpenQueueingNetwork.xml (RunModel)" time="2.404" />
  <testcase classname="ptolemy.util.test.junit.AutoTests" name="[47] /home/travis/build/icyphy/ptII/ptolemy/domains/de/test/auto/OpenQueuingNetwork.xml (RunModel)" time="0.285" />
  <testcase classname="ptolemy.util.test.junit.AutoTests" name="[48] /home/travis/build/icyphy/ptII/ptolemy/domains/de/test/auto/PeriodicSampler.xml (RunModel)" time="0.013" />
  <testcase classname="ptolemy.util.test.junit.AutoTests" name="[49] /home/travis/build/icyphy/ptII/ptolemy/domains/de/test/auto/PersistentIO.xml (RunModel)" time="0.028" />
  <testcase classname="ptolemy.util.test.junit.AutoTests" name="[50] /home/travis/build/icyphy/ptII/ptolemy/domains/de/test/auto/PortParameterResetOnInitialize.xml (RunModel)" time="0.01" />
  <testcase classname="ptolemy.util.test.junit.AutoTests" name="[51] /home/travis/build/icyphy/ptII/ptolemy/domains/de/test/auto/PortParameterUpdates.xml (RunModel)" time="0.015" />
  <testcase classname="ptolemy.util.test.junit.AutoTests" name="[52] /home/travis/build/icyphy/ptII/ptolemy/domains/de/test/auto/QueueAndServer.xml (RunModel)" time="0.025" />
  <testcase classname="ptolemy.util.test.junit.AutoTests" name="[53] /home/travis/build/icyphy/ptII/ptolemy/domains/de/test/auto/Records.xml (RunModel)" time="0.024" />
  <testcase classname="ptolemy.util.test.junit.AutoTests" name="[54] /home/travis/build/icyphy/ptII/ptolemy/domains/de/test/auto/ResetTransitionWithStartTime1.xml (RunModel)" time="0.023" />
  <testcase classname="ptolemy.util.test.junit.AutoTests" name="[55] /home/travis/build/icyphy/ptII/ptolemy/domains/de/test/auto/ResetTransitionWithStartTime2.xml (RunModel)" time="0.025" />
  <testcase classname="ptolemy.util.test.junit.AutoTests" name="[56] /home/travis/build/icyphy/ptII/ptolemy/domains/de/test/auto/ResetTransitionWithStartTime3.xml (RunModel)" time="0.021" />
  <testcase classname="ptolemy.util.test.junit.AutoTests" name="[57] /home/travis/build/icyphy/ptII/ptolemy/domains/de/test/auto/ResetTransitionWithStartTime4.xml (RunModel)" time="0.025" />
  <testcase classname="ptolemy.util.test.junit.AutoTests" name="[58] /home/travis/build/icyphy/ptII/ptolemy/domains/de/test/auto/ResettableTimer1.xml (RunModel)" time="0.011" />
  <testcase classname="ptolemy.util.test.junit.AutoTests" name="[59] /home/travis/build/icyphy/ptII/ptolemy/domains/de/test/auto/ResettableTimer2.xml (RunModel)" time="0.011" />
  <testcase classname="ptolemy.util.test.junit.AutoTests" name="[60] /home/travis/build/icyphy/ptII/ptolemy/domains/de/test/auto/ResettableTimer3.xml (RunModel)" time="0.012" />
  <testcase classname="ptolemy.util.test.junit.AutoTests" name="[61] /home/travis/build/icyphy/ptII/ptolemy/domains/de/test/auto/ResettableTimer4.xml (RunModel)" time="0.015" />
  <testcase classname="ptolemy.util.test.junit.AutoTests" name="[62] /home/travis/build/icyphy/ptII/ptolemy/domains/de/test/auto/ResettableTimer5.xml (RunModel)" time="0.011" />
  <testcase classname="ptolemy.util.test.junit.AutoTests" name="[63] /home/travis/build/icyphy/ptII/ptolemy/domains/de/test/auto/ResettableTimer6.xml (RunModel)" time="0.019" />
  <testcase classname="ptolemy.util.test.junit.AutoTests" name="[64] /home/travis/build/icyphy/ptII/ptolemy/domains/de/test/auto/ServerZeroDelay.xml (RunModel)" time="0.012" />
  <testcase classname="ptolemy.util.test.junit.AutoTests" name="[65] /home/travis/build/icyphy/ptII/ptolemy/domains/de/test/auto/SmartSender.xml (RunModel)" time="3.01" />
  <testcase classname="ptolemy.util.test.junit.AutoTests" name="[66] /home/travis/build/icyphy/ptII/ptolemy/domains/de/test/auto/ThreadedComposite.xml (RunModel)" time="0.215" />
  <testcase classname="ptolemy.util.test.junit.AutoTests" name="[67] /home/travis/build/icyphy/ptII/ptolemy/domains/de/test/auto/Time.xml (RunModel)" time="0.466" />
  <testcase classname="ptolemy.util.test.junit.AutoTests" name="[68] /home/travis/build/icyphy/ptII/ptolemy/domains/de/test/auto/TimeDelayZeroDelay.xml (RunModel)" time="0.014" />
  <testcase classname="ptolemy.util.test.junit.AutoTests" name="[69] /home/travis/build/icyphy/ptII/ptolemy/domains/de/test/auto/TimerZeroDelay.xml (RunModel)" time="0.01" />
  <testcase classname="ptolemy.util.test.junit.AutoTests" name="[70] /home/travis/build/icyphy/ptII/ptolemy/domains/de/test/auto/TimingParadox.xml (RunModel)" time="0.361" />
  <testcase classname="ptolemy.util.test.junit.AutoTests" name="[71] /home/travis/build/icyphy/ptII/ptolemy/domains/de/test/auto/TransferInputs.xml (RunModel)" time="0.015" />
  <testcase classname="ptolemy.util.test.junit.AutoTests" name="[72] /home/travis/build/icyphy/ptII/ptolemy/domains/de/test/auto/TransferOutputs2.xml (RunModel)" time="0.018" />
  <testcase classname="ptolemy.util.test.junit.AutoTests" name="[73] /home/travis/build/icyphy/ptII/ptolemy/domains/de/test/auto/Trilateration.xml (RunModel)" time="12.855" />
  <testcase classname="ptolemy.util.test.junit.AutoTests" name="[74] /home/travis/build/icyphy/ptII/ptolemy/domains/de/test/auto/TwoSigmaDelta.xml (RunModel)" time="2.103" />
  <testcase classname="ptolemy.util.test.junit.AutoTests" name="[75] /home/travis/build/icyphy/ptII/ptolemy/domains/de/test/auto/VariableDelay.xml (RunModel)" time="0.012" />
  <testcase classname="ptolemy.util.test.junit.AutoTests" name="[76] /home/travis/build/icyphy/ptII/ptolemy/domains/de/test/auto/VariableDelay2.xml (RunModel)" time="0.01" />
  <testcase classname="ptolemy.util.test.junit.AutoTests" name="[77] /home/travis/build/icyphy/ptII/ptolemy/domains/de/test/auto/VariableDelayZeroDelay.xml (RunModel)" time="0.015" />
  <testcase classname="ptolemy.util.test.junit.AutoTests" name="[78] /home/travis/build/icyphy/ptII/ptolemy/domains/de/test/auto/VariableDelayZeroDelay2.xml (RunModel)" time="0.035" />
  <testcase classname="ptolemy.util.test.junit.AutoTests" name="[79] /home/travis/build/icyphy/ptII/ptolemy/domains/de/test/auto/deInCt.xml (RunModel)" time="0.043" />
  <testcase classname="ptolemy.util.test.junit.AutoTests" name="[80] /home/travis/build/icyphy/ptII/ptolemy/domains/de/test/auto/deInCt2.xml (RunModel)" time="0.044" />
  <testcase classname="ptolemy.util.test.junit.AutoTests" name="[81] /home/travis/build/icyphy/ptII/ptolemy/domains/de/test/auto/dynamicCausalityInterface1.xml (RunModel)" time="0.047" />
  <testcase classname="ptolemy.util.test.junit.AutoTests" name="[82] /home/travis/build/icyphy/ptII/ptolemy/domains/de/test/auto/fsm_de_test.xml (RunModel)" time="0.062" />
  <testcase classname="ptolemy.util.test.junit.AutoTests" name="[83] /home/travis/build/icyphy/ptII/ptolemy/domains/de/test/auto/functionDependencyReconstruction.xml (RunModel)" time="0.067" />
  <testcase classname="ptolemy.util.test.junit.AutoTests" name="[84] /home/travis/build/icyphy/ptII/ptolemy/domains/de/test/auto/multirate.xml (RunModel)" time="0.051" />
  <testcase classname="ptolemy.util.test.junit.AutoTests" name="[85] /home/travis/build/icyphy/ptII/ptolemy/domains/de/test/auto/multirate2.xml (RunModel)" time="0.031" />
  <testcase classname="ptolemy.util.test.junit.AutoTests" name="[86] /home/travis/build/icyphy/ptII/ptolemy/domains/de/test/auto/realtime.xml (RunModel)" time="10.013" />
  <testcase classname="ptolemy.util.test.junit.AutoTests" name="[87] /home/travis/build/icyphy/ptII/ptolemy/domains/de/test/auto/relationGroup.xml (RunModel)" time="0.012" />
  <testcase classname="ptolemy.util.test.junit.AutoTests" name="[88] /home/travis/build/icyphy/ptII/ptolemy/domains/de/test/auto/relationGroup2.xml (RunModel)" time="0.007" />
  <testcase classname="ptolemy.util.test.junit.AutoTests" name="[89] /home/travis/build/icyphy/ptII/ptolemy/domains/de/test/auto/sortWithOpaquePorts.xml (RunModel)" time="0.012" />
  <testcase classname="ptolemy.util.test.junit.AutoTests" name="[90] /home/travis/build/icyphy/ptII/ptolemy/domains/de/test/auto/transferInputsandOutputs.xml (RunModel)" time="0.014" />
  <testcase classname="ptolemy.util.test.junit.AutoTests" name="[91] /home/travis/build/icyphy/ptII/ptolemy/domains/de/test/auto/triggerType.xml (RunModel)" time="0.011" />
  <system-out><![CDATA[/home/travis/build/icyphy/ptII/ptolemy/domains/de/test/DependencyLoop.tcl
testDefs.tcl: setting time out to 9000 seconds at Tue Jun 05 01:15:53 UTC 2018
15 ms. Memory: 116224K Free: 95064K (82%)
6 ms. Memory: 146944K Free: 137800K (94%)
/home/travis/build/icyphy/ptII/ptolemy/domains/de/test/RunDETestsAsQSS.tcl
Run the DE tests using ptolemy.domains.qss.test.QSSDirectorTest, which extends QSSDirector and prints a message in the constructors.
------------------ testing $PTII/ptolemy/domains/de/test/auto/knownFailedTests/dependencyLoop.xml (Known Failure) 
7 ms. Memory: 146944K Free: 133524K (91%)


==== $PTIIhome/travis/build/icyphy/ptII/ptolemy/domains/de/test/../../../../: Auto Automatic test in file $PTII/ptolemy/domains/de/test/auto/knownFailedTests/dependencyLoop.xml
==== Contents of test case:

	    # FIXME: we should use $relativeFilename here, but it
	    # might have backslashes under Windows, which causes no end
	    # of trouble.
	    createAndExecute $file
	    list {}
	
.... Test generated KNOWN error:
    while executing
ptolemy.kernel.util.IllegalActionException: Found a zero delay loop containing .dependencyLoop.original
  in .dependencyLoop and .dependencyLoop.original
	at ptolemy.actor.util.CausalityInterfaceForComposites._computeOutputPortDepth(CausalityInterfaceForComposites.java:759)
	at ptolemy.actor.util.CausalityInterfaceForComposites._computeInputDepth(CausalityInterfaceForComposites.java:696)
	at ptolemy.actor.util.CausalityInterfaceForComposites._computeOutputPortDepth(CausalityInterfaceForComposites.java:765)
	at ptolemy.actor.util.CausalityInterfaceForComposites._computeInputDepth(CausalityInterfaceForComposites.java:696)
	at ptolemy.actor.util.CausalityInterfaceForComposites._computeOutputPortDepth(CausalityInterfaceForComposites.java:765)
	at ptolemy.actor.util.CausalityInterfaceForComposites._computeInputDepth(CausalityInterfaceForComposites.java:696)
	at ptolemy.actor.util.CausalityInterfaceForComposites._computeActorDepth(CausalityInterfaceForComposites.java:532)
	at ptolemy.actor.util.CausalityInterfaceForComposites.checkForCycles(CausalityInterfaceForComposites.java:96)
	at ptolemy.domains.de.kernel.DEDirector.preinitialize(DEDirector.java:1337)
	at ptolemy.actor.CompositeActor.preinitialize(CompositeActor.java:1828)
	at ptolemy.actor.Manager.preinitializeAndResolveTypes(Manager.java:1040)
	at ptolemy.actor.Manager.initialize(Manager.java:710)
	at ptolemy.actor.Manager.execute(Manager.java:356)
	at ptolemy.actor.Manager.run(Manager.java:1263)
	at ptolemy.actor.Manager$PtolemyRunThread.run(Manager.java:1915)

    while executing
ptolemy.kernel.util.IllegalActionException: Found a zero delay loop containing .dependencyLoop.original
  in .dependencyLoop and .dependencyLoop.original
    while executing
"java::new ptolemy.moml.MoMLSimpleApplication $file
"
    (procedure "createAndExecute" line 2)
    invoked from within
"createAndExecute $file"
    ("uplevel" body line 5)
    invoked from within
"uplevel $contents_of_test"
------------------ testing $PTII/ptolemy/domains/de/test/auto/knownFailedTests/DESDFClockTest.xml (Known Failure) 
2098 ms. Memory: 146944K Free: 117702K (80%)


==== $PTIIhome/travis/build/icyphy/ptII/ptolemy/domains/de/test/../../../../: Auto Automatic test in file $PTII/ptolemy/domains/de/test/auto/knownFailedTests/DESDFClockTest.xml
==== Contents of test case:

	    # FIXME: we should use $relativeFilename here, but it
	    # might have backslashes under Windows, which causes no end
	    # of trouble.
	    createAndExecute $file
	    list {}
	
.... Test generated KNOWN error:
    while executing
ptolemy.kernel.util.IllegalActionException: Actor is not ready to fire.  Perhaps UpSample.prefire() returned false? Try debugging the actor by selecting "Listen to Actor".  Also, for SDF check moml for tokenConsumptionRate on input.
  in .DESDFClockTest.Play Bell.Copy1:SDF Director and .DESDFClockTest.Play Bell.UpSample
	at ptolemy.actor.sched.StaticSchedulingDirector.fire(StaticSchedulingDirector.java:227)
	at ptolemy.domains.sdf.kernel.SDFDirector.fire(SDFDirector.java:500)
	at ptolemy.actor.CompositeActor.fire(CompositeActor.java:455)
	at ptolemy.domains.de.kernel.DEDirector._fire(DEDirector.java:1948)
	at ptolemy.domains.de.kernel.DEDirector.fire(DEDirector.java:502)
	at ptolemy.actor.CompositeActor.fire(CompositeActor.java:455)
	at ptolemy.actor.Manager.iterate(Manager.java:851)
	at ptolemy.actor.Manager.execute(Manager.java:369)
	at ptolemy.actor.Manager.run(Manager.java:1263)
	at ptolemy.actor.Manager$PtolemyRunThread.run(Manager.java:1915)

    while executing
ptolemy.kernel.util.IllegalActionException: Actor is not ready to fire.  Perhaps UpSample.prefire() returned false? Try debugging the actor by selecting "Listen to Actor".  Also, for SDF check moml for tokenConsumptionRate on input.
  in .DESDFClockTest.Play Bell.Copy1:SDF Director and .DESDFClockTest.Play Bell.UpSample
    while executing
"java::new ptolemy.moml.MoMLSimpleApplication $file
"
    (procedure "createAndExecute" line 2)
    invoked from within
"createAndExecute $file"
    ("uplevel" body line 5)
    invoked from within
"uplevel $contents_of_test"
------------------ testing $PTII/ptolemy/domains/de/test/auto/knownFailedTests/FSMSource.xml (Known Failure) 
60 ms. Memory: 146944K Free: 108706K (74%)
!!!! Auto was marked as failing, but now passes
------------------ testing $PTII/ptolemy/domains/de/test/auto/knownFailedTests/dependencyLoop2.xml (Known Failure) 
17 ms. Memory: 146944K Free: 106823K (73%)


==== $PTIIhome/travis/build/icyphy/ptII/ptolemy/domains/de/test/../../../../: Auto Automatic test in file $PTII/ptolemy/domains/de/test/auto/knownFailedTests/dependencyLoop2.xml
==== Contents of test case:

	    # FIXME: we should use $relativeFilename here, but it
	    # might have backslashes under Windows, which causes no end
	    # of trouble.
	    createAndExecute $file
	    list {}
	
.... Test generated KNOWN error:
    while executing
ptolemy.kernel.util.IllegalActionException: Found a zero delay loop containing .dependencyLoop2.original
  in .dependencyLoop2 and .dependencyLoop2.original
	at ptolemy.actor.util.CausalityInterfaceForComposites._computeOutputPortDepth(CausalityInterfaceForComposites.java:759)
	at ptolemy.actor.util.CausalityInterfaceForComposites._computeInputDepth(CausalityInterfaceForComposites.java:696)
	at ptolemy.actor.util.CausalityInterfaceForComposites._computeOutputPortDepth(CausalityInterfaceForComposites.java:765)
	at ptolemy.actor.util.CausalityInterfaceForComposites._computeInputDepth(CausalityInterfaceForComposites.java:696)
	at ptolemy.actor.util.CausalityInterfaceForComposites._computeOutputPortDepth(CausalityInterfaceForComposites.java:765)
	at ptolemy.actor.util.CausalityInterfaceForComposites._computeInputDepth(CausalityInterfaceForComposites.java:696)
	at ptolemy.actor.util.CausalityInterfaceForComposites._computeActorDepth(CausalityInterfaceForComposites.java:532)
	at ptolemy.actor.util.CausalityInterfaceForComposites.checkForCycles(CausalityInterfaceForComposites.java:96)
	at ptolemy.domains.de.kernel.DEDirector.preinitialize(DEDirector.java:1337)
	at ptolemy.actor.CompositeActor.preinitialize(CompositeActor.java:1828)
	at ptolemy.actor.Manager.preinitializeAndResolveTypes(Manager.java:1040)
	at ptolemy.actor.Manager.initialize(Manager.java:710)
	at ptolemy.actor.Manager.execute(Manager.java:356)
	at ptolemy.actor.Manager.run(Manager.java:1263)
	at ptolemy.actor.Manager$PtolemyRunThread.run(Manager.java:1915)

    while executing
ptolemy.kernel.util.IllegalActionException: Found a zero delay loop containing .dependencyLoop2.original
  in .dependencyLoop2 and .dependencyLoop2.original
    while executing
"java::new ptolemy.moml.MoMLSimpleApplication $file
"
    (procedure "createAndExecute" line 2)
    invoked from within
"createAndExecute $file"
    ("uplevel" body line 5)
    invoked from within
"uplevel $contents_of_test"
------------------ testing $PTII/ptolemy/domains/de/test/auto/knownFailedTests/HierarchicalModel.xml (Known Failure) 
8 ms. Memory: 146944K Free: 86238K (59%)


==== $PTIIhome/travis/build/icyphy/ptII/ptolemy/domains/de/test/../../../../: Auto Automatic test in file $PTII/ptolemy/domains/de/test/auto/knownFailedTests/HierarchicalModel.xml
==== Contents of test case:

	    # FIXME: we should use $relativeFilename here, but it
	    # might have backslashes under Windows, which causes no end
	    # of trouble.
	    createAndExecute $file
	    list {}
	
.... Test generated KNOWN error:
    while executing
ptolemy.kernel.util.IllegalActionException: Found a zero delay loop containing .HierarchicalModel.A
  in .HierarchicalModel and .HierarchicalModel.A
	at ptolemy.actor.util.CausalityInterfaceForComposites._computeOutputPortDepth(CausalityInterfaceForComposites.java:759)
	at ptolemy.actor.util.CausalityInterfaceForComposites._computeInputDepth(CausalityInterfaceForComposites.java:696)
	at ptolemy.actor.util.CausalityInterfaceForComposites._computeOutputPortDepth(CausalityInterfaceForComposites.java:765)
	at ptolemy.actor.util.CausalityInterfaceForComposites._computeInputDepth(CausalityInterfaceForComposites.java:696)
	at ptolemy.actor.util.CausalityInterfaceForComposites._computeOutputPortDepth(CausalityInterfaceForComposites.java:765)
	at ptolemy.actor.util.CausalityInterfaceForComposites._computeInputDepth(CausalityInterfaceForComposites.java:696)
	at ptolemy.actor.util.CausalityInterfaceForComposites._computeActorDepth(CausalityInterfaceForComposites.java:532)
	at ptolemy.actor.util.CausalityInterfaceForComposites.checkForCycles(CausalityInterfaceForComposites.java:96)
	at ptolemy.domains.de.kernel.DEDirector.preinitialize(DEDirector.java:1337)
	at ptolemy.actor.CompositeActor.preinitialize(CompositeActor.java:1828)
	at ptolemy.actor.Manager.preinitializeAndResolveTypes(Manager.java:1040)
	at ptolemy.actor.Manager.initialize(Manager.java:710)
	at ptolemy.actor.Manager.execute(Manager.java:356)
	at ptolemy.actor.Manager.run(Manager.java:1263)
	at ptolemy.actor.Manager$PtolemyRunThread.run(Manager.java:1915)

    while executing
ptolemy.kernel.util.IllegalActionException: Found a zero delay loop containing .HierarchicalModel.A
  in .HierarchicalModel and .HierarchicalModel.A
    while executing
"java::new ptolemy.moml.MoMLSimpleApplication $file
"
    (procedure "createAndExecute" line 2)
    invoked from within
"createAndExecute $file"
    ("uplevel" body line 5)
    invoked from within
"uplevel $contents_of_test"
------------------ testing $PTII/ptolemy/domains/de/test/auto/knownFailedTests/DirectFeedback.xml (Known Failure) 
23 ms. Memory: 146944K Free: 142582K (97%)


==== $PTIIhome/travis/build/icyphy/ptII/ptolemy/domains/de/test/../../../../: Auto Automatic test in file $PTII/ptolemy/domains/de/test/auto/knownFailedTests/DirectFeedback.xml
==== Contents of test case:

	    # FIXME: we should use $relativeFilename here, but it
	    # might have backslashes under Windows, which causes no end
	    # of trouble.
	    createAndExecute $file
	    list {}
	
.... Test generated KNOWN error:
    while executing
ptolemy.kernel.util.IllegalActionException: Test fails in iteration 1.
Value was: 1.0. Should have been: 2.0
  in .DirectFeedback.Test
	at ptolemy.actor.lib.Test.fire(Test.java:268)
	at ptolemy.domains.de.kernel.DEDirector._fire(DEDirector.java:1948)
	at ptolemy.domains.de.kernel.DEDirector.fire(DEDirector.java:502)
	at ptolemy.actor.CompositeActor.fire(CompositeActor.java:455)
	at ptolemy.actor.Manager.iterate(Manager.java:851)
	at ptolemy.actor.Manager.execute(Manager.java:369)
	at ptolemy.actor.Manager.run(Manager.java:1263)
	at ptolemy.actor.Manager$PtolemyRunThread.run(Manager.java:1915)

    while executing
ptolemy.kernel.util.IllegalActionException: Test fails in iteration 1.
Value was: 1.0. Should have been: 2.0
  in .DirectFeedback.Test
    while executing
"java::new ptolemy.moml.MoMLSimpleApplication $file
"
    (procedure "createAndExecute" line 2)
    invoked from within
"createAndExecute $file"
    ("uplevel" body line 5)
    invoked from within
"uplevel $contents_of_test"
------------------ testing $PTII/ptolemy/domains/de/test/auto/ActorDepthCalculation_actorWithoutPorts.xml
auto.tcl: Setting watchdog for 200 seconds at Tue Jun 05 01:15:57 UTC 2018
9 ms. Memory: 146944K Free: 133596K (91%)
ptolemy.util.test.WatchDog.cancel(): canceling Tue Jun 05 01:15:57 UTC 2018
auto.tcl: Setting watchdog for 200 seconds at Tue Jun 05 01:15:57 UTC 2018
5 ms. Memory: 146944K Free: 132554K (90%)
ptolemy.util.test.WatchDog.cancel(): canceling Tue Jun 05 01:15:57 UTC 2018
------------------ testing $PTII/ptolemy/domains/de/test/auto/AssemblyLine.xml
auto.tcl: Setting watchdog for 200 seconds at Tue Jun 05 01:15:57 UTC 2018
12 ms. Memory: 208384K Free: 186355K (89%)
ptolemy.util.test.WatchDog.cancel(): canceling Tue Jun 05 01:15:58 UTC 2018
auto.tcl: Setting watchdog for 200 seconds at Tue Jun 05 01:15:58 UTC 2018
13 ms. Memory: 208384K Free: 186355K (89%)
ptolemy.util.test.WatchDog.cancel(): canceling Tue Jun 05 01:15:58 UTC 2018
------------------ testing $PTII/ptolemy/domains/de/test/auto/CQBug1.xml
auto.tcl: Setting watchdog for 200 seconds at Tue Jun 05 01:15:58 UTC 2018
5 ms. Memory: 208384K Free: 197734K (95%)
ptolemy.util.test.WatchDog.cancel(): canceling Tue Jun 05 01:15:58 UTC 2018
auto.tcl: Setting watchdog for 200 seconds at Tue Jun 05 01:15:58 UTC 2018
2 ms. Memory: 208384K Free: 197734K (95%)
ptolemy.util.test.WatchDog.cancel(): canceling Tue Jun 05 01:15:58 UTC 2018
------------------ testing $PTII/ptolemy/domains/de/test/auto/CancelFireAt.xml
auto.tcl: Setting watchdog for 200 seconds at Tue Jun 05 01:15:58 UTC 2018
5 ms. Memory: 208384K Free: 201110K (97%)
ptolemy.util.test.WatchDog.cancel(): canceling Tue Jun 05 01:15:58 UTC 2018
auto.tcl: Setting watchdog for 200 seconds at Tue Jun 05 01:15:58 UTC 2018
17 ms. Memory: 208384K Free: 199016K (96%)
ptolemy.util.test.WatchDog.cancel(): canceling Tue Jun 05 01:15:58 UTC 2018
------------------ testing $PTII/ptolemy/domains/de/test/auto/CausalityAndComposabilityAnalysis.xml
auto.tcl: Setting watchdog for 200 seconds at Tue Jun 05 01:15:58 UTC 2018
16 ms. Memory: 208384K Free: 196520K (94%)
ptolemy.util.test.WatchDog.cancel(): canceling Tue Jun 05 01:15:58 UTC 2018
auto.tcl: Setting watchdog for 200 seconds at Tue Jun 05 01:15:58 UTC 2018
6 ms. Memory: 208384K Free: 196520K (94%)
ptolemy.util.test.WatchDog.cancel(): canceling Tue Jun 05 01:15:58 UTC 2018
------------------ testing $PTII/ptolemy/domains/de/test/auto/CausalityInterface1.xml
auto.tcl: Setting watchdog for 200 seconds at Tue Jun 05 01:15:58 UTC 2018
17 ms. Memory: 208384K Free: 196457K (94%)
ptolemy.util.test.WatchDog.cancel(): canceling Tue Jun 05 01:15:58 UTC 2018
auto.tcl: Setting watchdog for 200 seconds at Tue Jun 05 01:15:58 UTC 2018
5 ms. Memory: 208384K Free: 196457K (94%)
ptolemy.util.test.WatchDog.cancel(): canceling Tue Jun 05 01:15:58 UTC 2018
------------------ testing $PTII/ptolemy/domains/de/test/auto/CausalityInterface15.xml
auto.tcl: Setting watchdog for 200 seconds at Tue Jun 05 01:15:58 UTC 2018
16 ms. Memory: 208384K Free: 196447K (94%)
ptolemy.util.test.WatchDog.cancel(): canceling Tue Jun 05 01:15:58 UTC 2018
auto.tcl: Setting watchdog for 200 seconds at Tue Jun 05 01:15:58 UTC 2018
4 ms. Memory: 208384K Free: 194354K (93%)
ptolemy.util.test.WatchDog.cancel(): canceling Tue Jun 05 01:15:58 UTC 2018
------------------ testing $PTII/ptolemy/domains/de/test/auto/CausalityInterface2.xml
auto.tcl: Setting watchdog for 200 seconds at Tue Jun 05 01:15:58 UTC 2018
10 ms. Memory: 208384K Free: 196433K (94%)
ptolemy.util.test.WatchDog.cancel(): canceling Tue Jun 05 01:15:58 UTC 2018
auto.tcl: Setting watchdog for 200 seconds at Tue Jun 05 01:15:58 UTC 2018
4 ms. Memory: 208384K Free: 196433K (94%)
ptolemy.util.test.WatchDog.cancel(): canceling Tue Jun 05 01:15:58 UTC 2018
------------------ testing $PTII/ptolemy/domains/de/test/auto/CausalityInterface3.xml
auto.tcl: Setting watchdog for 200 seconds at Tue Jun 05 01:15:58 UTC 2018
5 ms. Memory: 208384K Free: 196439K (94%)
ptolemy.util.test.WatchDog.cancel(): canceling Tue Jun 05 01:15:58 UTC 2018
auto.tcl: Setting watchdog for 200 seconds at Tue Jun 05 01:15:58 UTC 2018
7 ms. Memory: 208384K Free: 196439K (94%)
ptolemy.util.test.WatchDog.cancel(): canceling Tue Jun 05 01:15:58 UTC 2018
------------------ testing $PTII/ptolemy/domains/de/test/auto/ClockDrift.xml
auto.tcl: Setting watchdog for 200 seconds at Tue Jun 05 01:15:58 UTC 2018
91 ms. Memory: 208384K Free: 187690K (90%)
ptolemy.util.test.WatchDog.cancel(): canceling Tue Jun 05 01:15:59 UTC 2018
auto.tcl: Setting watchdog for 200 seconds at Tue Jun 05 01:15:59 UTC 2018
71 ms. Memory: 208384K Free: 185596K (89%)
ptolemy.util.test.WatchDog.cancel(): canceling Tue Jun 05 01:15:59 UTC 2018
------------------ testing $PTII/ptolemy/domains/de/test/auto/ClockDriftAndValueChange.xml
auto.tcl: Setting watchdog for 200 seconds at Tue Jun 05 01:15:59 UTC 2018
55 ms. Memory: 208384K Free: 187526K (90%)
ptolemy.util.test.WatchDog.cancel(): canceling Tue Jun 05 01:15:59 UTC 2018
auto.tcl: Setting watchdog for 200 seconds at Tue Jun 05 01:15:59 UTC 2018
33 ms. Memory: 208384K Free: 185432K (89%)
ptolemy.util.test.WatchDog.cancel(): canceling Tue Jun 05 01:15:59 UTC 2018
------------------ testing $PTII/ptolemy/domains/de/test/auto/ClockDriftChange.xml
auto.tcl: Setting watchdog for 200 seconds at Tue Jun 05 01:15:59 UTC 2018
39 ms. Memory: 208384K Free: 190845K (92%)
ptolemy.util.test.WatchDog.cancel(): canceling Tue Jun 05 01:15:59 UTC 2018
auto.tcl: Setting watchdog for 200 seconds at Tue Jun 05 01:15:59 UTC 2018
32 ms. Memory: 208384K Free: 188751K (91%)
ptolemy.util.test.WatchDog.cancel(): canceling Tue Jun 05 01:15:59 UTC 2018
------------------ testing $PTII/ptolemy/domains/de/test/auto/ComposableCausalityAnalysis.xml
auto.tcl: Setting watchdog for 200 seconds at Tue Jun 05 01:15:59 UTC 2018
2 ms. Memory: 208384K Free: 196300K (94%)
ptolemy.util.test.WatchDog.cancel(): canceling Tue Jun 05 01:15:59 UTC 2018
auto.tcl: Setting watchdog for 200 seconds at Tue Jun 05 01:15:59 UTC 2018
2 ms. Memory: 208384K Free: 194206K (93%)
ptolemy.util.test.WatchDog.cancel(): canceling Tue Jun 05 01:15:59 UTC 2018
------------------ testing $PTII/ptolemy/domains/de/test/auto/DEFixedPointLimitation.xml
auto.tcl: Setting watchdog for 200 seconds at Tue Jun 05 01:15:59 UTC 2018
2 ms. Memory: 208384K Free: 196380K (94%)
ptolemy.util.test.WatchDog.cancel(): canceling Tue Jun 05 01:15:59 UTC 2018
auto.tcl: Setting watchdog for 200 seconds at Tue Jun 05 01:15:59 UTC 2018
1 ms. Memory: 208384K Free: 196380K (94%)
ptolemy.util.test.WatchDog.cancel(): canceling Tue Jun 05 01:15:59 UTC 2018
------------------ testing $PTII/ptolemy/domains/de/test/auto/DEScheduleTest.xml
auto.tcl: Setting watchdog for 200 seconds at Tue Jun 05 01:15:59 UTC 2018
6 ms. Memory: 208384K Free: 198509K (95%)
ptolemy.util.test.WatchDog.cancel(): canceling Tue Jun 05 01:15:59 UTC 2018
auto.tcl: Setting watchdog for 200 seconds at Tue Jun 05 01:15:59 UTC 2018
4 ms. Memory: 208384K Free: 196416K (94%)
ptolemy.util.test.WatchDog.cancel(): canceling Tue Jun 05 01:15:59 UTC 2018
------------------ testing $PTII/ptolemy/domains/de/test/auto/DEinDEwithStartTimes.xml
auto.tcl: Setting watchdog for 200 seconds at Tue Jun 05 01:15:59 UTC 2018
7 ms. Memory: 208384K Free: 196385K (94%)
ptolemy.util.test.WatchDog.cancel(): canceling Tue Jun 05 01:15:59 UTC 2018
auto.tcl: Setting watchdog for 200 seconds at Tue Jun 05 01:15:59 UTC 2018
6 ms. Memory: 208384K Free: 194292K (93%)
ptolemy.util.test.WatchDog.cancel(): canceling Tue Jun 05 01:16:00 UTC 2018
------------------ testing $PTII/ptolemy/domains/de/test/auto/DEinDEwithStartTimes2.xml
auto.tcl: Setting watchdog for 200 seconds at Tue Jun 05 01:16:00 UTC 2018
5 ms. Memory: 208384K Free: 196255K (94%)
ptolemy.util.test.WatchDog.cancel(): canceling Tue Jun 05 01:16:00 UTC 2018
auto.tcl: Setting watchdog for 200 seconds at Tue Jun 05 01:16:00 UTC 2018
4 ms. Memory: 208384K Free: 194162K (93%)
ptolemy.util.test.WatchDog.cancel(): canceling Tue Jun 05 01:16:00 UTC 2018
------------------ testing $PTII/ptolemy/domains/de/test/auto/DateDemo.xml
auto.tcl: Setting watchdog for 200 seconds at Tue Jun 05 01:16:00 UTC 2018
15 ms. Memory: 208384K Free: 188721K (91%)
ptolemy.util.test.WatchDog.cancel(): canceling Tue Jun 05 01:16:00 UTC 2018
auto.tcl: Setting watchdog for 200 seconds at Tue Jun 05 01:16:00 UTC 2018
9 ms. Memory: 208384K Free: 186628K (90%)
ptolemy.util.test.WatchDog.cancel(): canceling Tue Jun 05 01:16:00 UTC 2018
------------------ testing $PTII/ptolemy/domains/de/test/auto/DateToEvent.xml
auto.tcl: Setting watchdog for 200 seconds at Tue Jun 05 01:16:00 UTC 2018
2012 ms. Memory: 208384K Free: 183447K (88%)
ptolemy.util.test.WatchDog.cancel(): canceling Tue Jun 05 01:16:02 UTC 2018
auto.tcl: Setting watchdog for 200 seconds at Tue Jun 05 01:16:02 UTC 2018
2007 ms. Memory: 208384K Free: 180990K (87%)
ptolemy.util.test.WatchDog.cancel(): canceling Tue Jun 05 01:16:04 UTC 2018
------------------ testing $PTII/ptolemy/domains/de/test/auto/DepthTest1.xml
auto.tcl: Setting watchdog for 200 seconds at Tue Jun 05 01:16:04 UTC 2018
3 ms. Memory: 208384K Free: 197605K (95%)
ptolemy.util.test.WatchDog.cancel(): canceling Tue Jun 05 01:16:04 UTC 2018
auto.tcl: Setting watchdog for 200 seconds at Tue Jun 05 01:16:04 UTC 2018
4 ms. Memory: 208384K Free: 197605K (95%)
ptolemy.util.test.WatchDog.cancel(): canceling Tue Jun 05 01:16:04 UTC 2018
------------------ testing $PTII/ptolemy/domains/de/test/auto/DepthTest2.xml
auto.tcl: Setting watchdog for 200 seconds at Tue Jun 05 01:16:04 UTC 2018
4 ms. Memory: 208384K Free: 193817K (93%)
ptolemy.util.test.WatchDog.cancel(): canceling Tue Jun 05 01:16:04 UTC 2018
auto.tcl: Setting watchdog for 200 seconds at Tue Jun 05 01:16:04 UTC 2018
5 ms. Memory: 208384K Free: 193817K (93%)
ptolemy.util.test.WatchDog.cancel(): canceling Tue Jun 05 01:16:04 UTC 2018
------------------ testing $PTII/ptolemy/domains/de/test/auto/DepthTest3.xml
auto.tcl: Setting watchdog for 200 seconds at Tue Jun 05 01:16:04 UTC 2018
3 ms. Memory: 208384K Free: 197938K (95%)
ptolemy.util.test.WatchDog.cancel(): canceling Tue Jun 05 01:16:04 UTC 2018
auto.tcl: Setting watchdog for 200 seconds at Tue Jun 05 01:16:04 UTC 2018
2 ms. Memory: 208384K Free: 197938K (95%)
ptolemy.util.test.WatchDog.cancel(): canceling Tue Jun 05 01:16:04 UTC 2018
------------------ testing $PTII/ptolemy/domains/de/test/auto/DepthTest4.xml
auto.tcl: Setting watchdog for 200 seconds at Tue Jun 05 01:16:04 UTC 2018
4 ms. Memory: 208384K Free: 195930K (94%)
ptolemy.util.test.WatchDog.cancel(): canceling Tue Jun 05 01:16:04 UTC 2018
auto.tcl: Setting watchdog for 200 seconds at Tue Jun 05 01:16:04 UTC 2018
3 ms. Memory: 208384K Free: 195930K (94%)
ptolemy.util.test.WatchDog.cancel(): canceling Tue Jun 05 01:16:04 UTC 2018
------------------ testing $PTII/ptolemy/domains/de/test/auto/DepthTest5.xml
auto.tcl: Setting watchdog for 200 seconds at Tue Jun 05 01:16:04 UTC 2018
6 ms. Memory: 208384K Free: 196216K (94%)
ptolemy.util.test.WatchDog.cancel(): canceling Tue Jun 05 01:16:04 UTC 2018
auto.tcl: Setting watchdog for 200 seconds at Tue Jun 05 01:16:04 UTC 2018
4 ms. Memory: 208384K Free: 196216K (94%)
ptolemy.util.test.WatchDog.cancel(): canceling Tue Jun 05 01:16:04 UTC 2018
------------------ testing $PTII/ptolemy/domains/de/test/auto/DepthTest6.xml
auto.tcl: Setting watchdog for 200 seconds at Tue Jun 05 01:16:04 UTC 2018
15 ms. Memory: 208384K Free: 195855K (94%)
ptolemy.util.test.WatchDog.cancel(): canceling Tue Jun 05 01:16:04 UTC 2018
auto.tcl: Setting watchdog for 200 seconds at Tue Jun 05 01:16:04 UTC 2018
2 ms. Memory: 208384K Free: 195855K (94%)
ptolemy.util.test.WatchDog.cancel(): canceling Tue Jun 05 01:16:04 UTC 2018
------------------ testing $PTII/ptolemy/domains/de/test/auto/DepthTest7.xml
auto.tcl: Setting watchdog for 200 seconds at Tue Jun 05 01:16:04 UTC 2018
5 ms. Memory: 208384K Free: 195835K (94%)
ptolemy.util.test.WatchDog.cancel(): canceling Tue Jun 05 01:16:04 UTC 2018
auto.tcl: Setting watchdog for 200 seconds at Tue Jun 05 01:16:04 UTC 2018
2 ms. Memory: 208384K Free: 195835K (94%)
ptolemy.util.test.WatchDog.cancel(): canceling Tue Jun 05 01:16:04 UTC 2018
------------------ testing $PTII/ptolemy/domains/de/test/auto/EventToDate.xml
auto.tcl: Setting watchdog for 200 seconds at Tue Jun 05 01:16:05 UTC 2018
3007 ms. Memory: 208384K Free: 185390K (89%)
ptolemy.util.test.WatchDog.cancel(): canceling Tue Jun 05 01:16:08 UTC 2018
auto.tcl: Setting watchdog for 200 seconds at Tue Jun 05 01:16:08 UTC 2018
3005 ms. Memory: 208384K Free: 185390K (89%)
ptolemy.util.test.WatchDog.cancel(): canceling Tue Jun 05 01:16:11 UTC 2018
------------------ testing $PTII/ptolemy/domains/de/test/auto/FSM1.xml
auto.tcl: Setting watchdog for 200 seconds at Tue Jun 05 01:16:11 UTC 2018
33 ms. Memory: 208384K Free: 186807K (90%)
ptolemy.util.test.WatchDog.cancel(): canceling Tue Jun 05 01:16:11 UTC 2018
auto.tcl: Setting watchdog for 200 seconds at Tue Jun 05 01:16:11 UTC 2018
39 ms. Memory: 208384K Free: 184714K (89%)
ptolemy.util.test.WatchDog.cancel(): canceling Tue Jun 05 01:16:11 UTC 2018
------------------ testing $PTII/ptolemy/domains/de/test/auto/FSM7.xml
auto.tcl: Setting watchdog for 200 seconds at Tue Jun 05 01:16:11 UTC 2018
16 ms. Memory: 208384K Free: 187307K (90%)
ptolemy.util.test.WatchDog.cancel(): canceling Tue Jun 05 01:16:11 UTC 2018
auto.tcl: Setting watchdog for 200 seconds at Tue Jun 05 01:16:11 UTC 2018
16 ms. Memory: 208384K Free: 185214K (89%)
ptolemy.util.test.WatchDog.cancel(): canceling Tue Jun 05 01:16:11 UTC 2018
------------------ testing $PTII/ptolemy/domains/de/test/auto/Inspection.xml
auto.tcl: Setting watchdog for 200 seconds at Tue Jun 05 01:16:11 UTC 2018
44 ms. Memory: 208384K Free: 188200K (90%)
ptolemy.util.test.WatchDog.cancel(): canceling Tue Jun 05 01:16:11 UTC 2018
auto.tcl: Setting watchdog for 200 seconds at Tue Jun 05 01:16:11 UTC 2018
22 ms. Memory: 208384K Free: 186090K (89%)
ptolemy.util.test.WatchDog.cancel(): canceling Tue Jun 05 01:16:11 UTC 2018
------------------ testing $PTII/ptolemy/domains/de/test/auto/Iteration.xml
auto.tcl: Setting watchdog for 200 seconds at Tue Jun 05 01:16:11 UTC 2018
9 ms. Memory: 208384K Free: 193533K (93%)
ptolemy.util.test.WatchDog.cancel(): canceling Tue Jun 05 01:16:11 UTC 2018
auto.tcl: Setting watchdog for 200 seconds at Tue Jun 05 01:16:11 UTC 2018
7 ms. Memory: 208384K Free: 193533K (93%)
ptolemy.util.test.WatchDog.cancel(): canceling Tue Jun 05 01:16:11 UTC 2018
------------------ testing $PTII/ptolemy/domains/de/test/auto/LineFault.xml
auto.tcl: Setting watchdog for 200 seconds at Tue Jun 05 01:16:11 UTC 2018
861 ms. Memory: 208384K Free: 195848K (94%)
ptolemy.util.test.WatchDog.cancel(): canceling Tue Jun 05 01:16:12 UTC 2018
auto.tcl: Setting watchdog for 200 seconds at Tue Jun 05 01:16:12 UTC 2018
659 ms. Memory: 208384K Free: 138608K (67%)
ptolemy.util.test.WatchDog.cancel(): canceling Tue Jun 05 01:16:13 UTC 2018
------------------ testing $PTII/ptolemy/domains/de/test/auto/MergeModel1Add.xml
auto.tcl: Setting watchdog for 200 seconds at Tue Jun 05 01:16:13 UTC 2018
32 ms. Memory: 331264K Free: 302304K (91%)
ptolemy.util.test.WatchDog.cancel(): canceling Tue Jun 05 01:16:13 UTC 2018
auto.tcl: Setting watchdog for 200 seconds at Tue Jun 05 01:16:13 UTC 2018
15 ms. Memory: 331264K Free: 298338K (90%)
ptolemy.util.test.WatchDog.cancel(): canceling Tue Jun 05 01:16:13 UTC 2018
------------------ testing $PTII/ptolemy/domains/de/test/auto/MergeModel2Add.xml
auto.tcl: Setting watchdog for 200 seconds at Tue Jun 05 01:16:13 UTC 2018
12 ms. Memory: 331264K Free: 303635K (92%)
ptolemy.util.test.WatchDog.cancel(): canceling Tue Jun 05 01:16:13 UTC 2018
auto.tcl: Setting watchdog for 200 seconds at Tue Jun 05 01:16:13 UTC 2018
13 ms. Memory: 331264K Free: 299677K (90%)
ptolemy.util.test.WatchDog.cancel(): canceling Tue Jun 05 01:16:14 UTC 2018
------------------ testing $PTII/ptolemy/domains/de/test/auto/MergeModel3Add.xml
auto.tcl: Setting watchdog for 200 seconds at Tue Jun 05 01:16:14 UTC 2018
13 ms. Memory: 331264K Free: 303644K (92%)
ptolemy.util.test.WatchDog.cancel(): canceling Tue Jun 05 01:16:14 UTC 2018
auto.tcl: Setting watchdog for 200 seconds at Tue Jun 05 01:16:14 UTC 2018
10 ms. Memory: 331264K Free: 299670K (90%)
ptolemy.util.test.WatchDog.cancel(): canceling Tue Jun 05 01:16:14 UTC 2018
------------------ testing $PTII/ptolemy/domains/de/test/auto/MergeWithoutDiscard.xml
auto.tcl: Setting watchdog for 200 seconds at Tue Jun 05 01:16:14 UTC 2018
2 ms. Memory: 331264K Free: 315431K (95%)
ptolemy.util.test.WatchDog.cancel(): canceling Tue Jun 05 01:16:14 UTC 2018
auto.tcl: Setting watchdog for 200 seconds at Tue Jun 05 01:16:14 UTC 2018
1 ms. Memory: 331264K Free: 315431K (95%)
ptolemy.util.test.WatchDog.cancel(): canceling Tue Jun 05 01:16:14 UTC 2018
------------------ testing $PTII/ptolemy/domains/de/test/auto/Modal1.xml
auto.tcl: Setting watchdog for 200 seconds at Tue Jun 05 01:16:14 UTC 2018
20 ms. Memory: 331264K Free: 309020K (93%)
ptolemy.util.test.WatchDog.cancel(): canceling Tue Jun 05 01:16:14 UTC 2018
auto.tcl: Setting watchdog for 200 seconds at Tue Jun 05 01:16:14 UTC 2018
31 ms. Memory: 331264K Free: 305062K (92%)
ptolemy.util.test.WatchDog.cancel(): canceling Tue Jun 05 01:16:14 UTC 2018
------------------ testing $PTII/ptolemy/domains/de/test/auto/Modal2.xml
auto.tcl: Setting watchdog for 200 seconds at Tue Jun 05 01:16:14 UTC 2018
23 ms. Memory: 331264K Free: 303986K (92%)
ptolemy.util.test.WatchDog.cancel(): canceling Tue Jun 05 01:16:14 UTC 2018
auto.tcl: Setting watchdog for 200 seconds at Tue Jun 05 01:16:14 UTC 2018
17 ms. Memory: 331264K Free: 300028K (91%)
ptolemy.util.test.WatchDog.cancel(): canceling Tue Jun 05 01:16:14 UTC 2018
------------------ testing $PTII/ptolemy/domains/de/test/auto/Modal3.xml
auto.tcl: Setting watchdog for 200 seconds at Tue Jun 05 01:16:14 UTC 2018
20 ms. Memory: 331264K Free: 309184K (93%)
ptolemy.util.test.WatchDog.cancel(): canceling Tue Jun 05 01:16:14 UTC 2018
auto.tcl: Setting watchdog for 200 seconds at Tue Jun 05 01:16:14 UTC 2018
21 ms. Memory: 331264K Free: 304933K (92%)
ptolemy.util.test.WatchDog.cancel(): canceling Tue Jun 05 01:16:14 UTC 2018
------------------ testing $PTII/ptolemy/domains/de/test/auto/Modal4.xml
auto.tcl: Setting watchdog for 200 seconds at Tue Jun 05 01:16:14 UTC 2018
12 ms. Memory: 331264K Free: 308896K (93%)
ptolemy.util.test.WatchDog.cancel(): canceling Tue Jun 05 01:16:14 UTC 2018
auto.tcl: Setting watchdog for 200 seconds at Tue Jun 05 01:16:14 UTC 2018
19 ms. Memory: 331264K Free: 304930K (92%)
ptolemy.util.test.WatchDog.cancel(): canceling Tue Jun 05 01:16:14 UTC 2018
------------------ testing $PTII/ptolemy/domains/de/test/auto/Modal5.xml
auto.tcl: Setting watchdog for 200 seconds at Tue Jun 05 01:16:14 UTC 2018
16 ms. Memory: 331264K Free: 308884K (93%)
ptolemy.util.test.WatchDog.cancel(): canceling Tue Jun 05 01:16:14 UTC 2018
auto.tcl: Setting watchdog for 200 seconds at Tue Jun 05 01:16:14 UTC 2018
13 ms. Memory: 331264K Free: 304910K (92%)
ptolemy.util.test.WatchDog.cancel(): canceling Tue Jun 05 01:16:14 UTC 2018
------------------ testing $PTII/ptolemy/domains/de/test/auto/Modal6.xml
auto.tcl: Setting watchdog for 200 seconds at Tue Jun 05 01:16:15 UTC 2018
19 ms. Memory: 331264K Free: 308881K (93%)
ptolemy.util.test.WatchDog.cancel(): canceling Tue Jun 05 01:16:15 UTC 2018
auto.tcl: Setting watchdog for 200 seconds at Tue Jun 05 01:16:15 UTC 2018
16 ms. Memory: 331264K Free: 304908K (92%)
ptolemy.util.test.WatchDog.cancel(): canceling Tue Jun 05 01:16:15 UTC 2018
------------------ testing $PTII/ptolemy/domains/de/test/auto/Modal7.xml
auto.tcl: Setting watchdog for 200 seconds at Tue Jun 05 01:16:15 UTC 2018
23 ms. Memory: 331264K Free: 308865K (93%)
ptolemy.util.test.WatchDog.cancel(): canceling Tue Jun 05 01:16:15 UTC 2018
auto.tcl: Setting watchdog for 200 seconds at Tue Jun 05 01:16:15 UTC 2018
11 ms. Memory: 331264K Free: 304892K (92%)
ptolemy.util.test.WatchDog.cancel(): canceling Tue Jun 05 01:16:15 UTC 2018
------------------ testing $PTII/ptolemy/domains/de/test/auto/ModalModel.xml
auto.tcl: Setting watchdog for 200 seconds at Tue Jun 05 01:16:15 UTC 2018
218 ms. Memory: 331264K Free: 247607K (75%)
ptolemy.util.test.WatchDog.cancel(): canceling Tue Jun 05 01:16:15 UTC 2018
auto.tcl: Setting watchdog for 200 seconds at Tue Jun 05 01:16:15 UTC 2018
193 ms. Memory: 331264K Free: 192077K (58%)
ptolemy.util.test.WatchDog.cancel(): canceling Tue Jun 05 01:16:15 UTC 2018
------------------ testing $PTII/ptolemy/domains/de/test/auto/ModalSource.xml
auto.tcl: Setting watchdog for 200 seconds at Tue Jun 05 01:16:15 UTC 2018
6 ms. Memory: 331264K Free: 315658K (95%)
ptolemy.util.test.WatchDog.cancel(): canceling Tue Jun 05 01:16:15 UTC 2018
auto.tcl: Setting watchdog for 200 seconds at Tue Jun 05 01:16:15 UTC 2018
7 ms. Memory: 331264K Free: 312118K (94%)
ptolemy.util.test.WatchDog.cancel(): canceling Tue Jun 05 01:16:15 UTC 2018
------------------ testing $PTII/ptolemy/domains/de/test/auto/NonInterruptibleTimerZeroDelay.xml
auto.tcl: Setting watchdog for 200 seconds at Tue Jun 05 01:16:15 UTC 2018
4 ms. Memory: 331264K Free: 319858K (97%)
ptolemy.util.test.WatchDog.cancel(): canceling Tue Jun 05 01:16:15 UTC 2018
auto.tcl: Setting watchdog for 200 seconds at Tue Jun 05 01:16:15 UTC 2018
2 ms. Memory: 331264K Free: 316318K (95%)
ptolemy.util.test.WatchDog.cancel(): canceling Tue Jun 05 01:16:15 UTC 2018
------------------ testing $PTII/ptolemy/domains/de/test/auto/OpenQueueingNetwork.xml
auto.tcl: Setting watchdog for 200 seconds at Tue Jun 05 01:16:15 UTC 2018
3213 ms. Memory: 573952K Free: 405829K (71%)
ptolemy.util.test.WatchDog.cancel(): canceling Tue Jun 05 01:16:19 UTC 2018
auto.tcl: Setting watchdog for 200 seconds at Tue Jun 05 01:16:19 UTC 2018
2633 ms. Memory: 550912K Free: 306749K (56%)
ptolemy.util.test.WatchDog.cancel(): canceling Tue Jun 05 01:16:21 UTC 2018
------------------ testing $PTII/ptolemy/domains/de/test/auto/OpenQueuingNetwork.xml
auto.tcl: Setting watchdog for 200 seconds at Tue Jun 05 01:16:22 UTC 2018
261 ms. Memory: 549888K Free: 434567K (79%)
ptolemy.util.test.WatchDog.cancel(): canceling Tue Jun 05 01:16:22 UTC 2018
auto.tcl: Setting watchdog for 200 seconds at Tue Jun 05 01:16:22 UTC 2018
255 ms. Memory: 549888K Free: 374235K (68%)
ptolemy.util.test.WatchDog.cancel(): canceling Tue Jun 05 01:16:22 UTC 2018
------------------ testing $PTII/ptolemy/domains/de/test/auto/PeriodicSampler.xml
auto.tcl: Setting watchdog for 200 seconds at Tue Jun 05 01:16:22 UTC 2018
3 ms. Memory: 551936K Free: 534716K (97%)
ptolemy.util.test.WatchDog.cancel(): canceling Tue Jun 05 01:16:22 UTC 2018
auto.tcl: Setting watchdog for 200 seconds at Tue Jun 05 01:16:22 UTC 2018
2 ms. Memory: 551936K Free: 534716K (97%)
ptolemy.util.test.WatchDog.cancel(): canceling Tue Jun 05 01:16:22 UTC 2018
------------------ testing $PTII/ptolemy/domains/de/test/auto/PersistentIO.xml
auto.tcl: Setting watchdog for 200 seconds at Tue Jun 05 01:16:22 UTC 2018
5 ms. Memory: 549376K Free: 521356K (95%)
ptolemy.util.test.WatchDog.cancel(): canceling Tue Jun 05 01:16:22 UTC 2018
auto.tcl: Setting watchdog for 200 seconds at Tue Jun 05 01:16:22 UTC 2018
5 ms. Memory: 549376K Free: 521356K (95%)
ptolemy.util.test.WatchDog.cancel(): canceling Tue Jun 05 01:16:22 UTC 2018
------------------ testing $PTII/ptolemy/domains/de/test/auto/PortParameterResetOnInitialize.xml
auto.tcl: Setting watchdog for 200 seconds at Tue Jun 05 01:16:22 UTC 2018
3 ms. Memory: 551424K Free: 529756K (96%)
ptolemy.util.test.WatchDog.cancel(): canceling Tue Jun 05 01:16:22 UTC 2018
auto.tcl: Setting watchdog for 200 seconds at Tue Jun 05 01:16:22 UTC 2018
2 ms. Memory: 551424K Free: 529756K (96%)
ptolemy.util.test.WatchDog.cancel(): canceling Tue Jun 05 01:16:22 UTC 2018
------------------ testing $PTII/ptolemy/domains/de/test/auto/PortParameterUpdates.xml
auto.tcl: Setting watchdog for 200 seconds at Tue Jun 05 01:16:22 UTC 2018
3 ms. Memory: 549376K Free: 532522K (97%)
ptolemy.util.test.WatchDog.cancel(): canceling Tue Jun 05 01:16:22 UTC 2018
auto.tcl: Setting watchdog for 200 seconds at Tue Jun 05 01:16:22 UTC 2018
3 ms. Memory: 549376K Free: 525818K (96%)
ptolemy.util.test.WatchDog.cancel(): canceling Tue Jun 05 01:16:22 UTC 2018
------------------ testing $PTII/ptolemy/domains/de/test/auto/QueueAndServer.xml
auto.tcl: Setting watchdog for 200 seconds at Tue Jun 05 01:16:23 UTC 2018
13 ms. Memory: 551424K Free: 534533K (97%)
ptolemy.util.test.WatchDog.cancel(): canceling Tue Jun 05 01:16:23 UTC 2018
auto.tcl: Setting watchdog for 200 seconds at Tue Jun 05 01:16:23 UTC 2018
6 ms. Memory: 551424K Free: 527813K (96%)
ptolemy.util.test.WatchDog.cancel(): canceling Tue Jun 05 01:16:23 UTC 2018
------------------ testing $PTII/ptolemy/domains/de/test/auto/Records.xml
auto.tcl: Setting watchdog for 200 seconds at Tue Jun 05 01:16:23 UTC 2018
7 ms. Memory: 549376K Free: 532426K (97%)
ptolemy.util.test.WatchDog.cancel(): canceling Tue Jun 05 01:16:23 UTC 2018
auto.tcl: Setting watchdog for 200 seconds at Tue Jun 05 01:16:23 UTC 2018
2 ms. Memory: 549376K Free: 532426K (97%)
ptolemy.util.test.WatchDog.cancel(): canceling Tue Jun 05 01:16:23 UTC 2018
------------------ testing $PTII/ptolemy/domains/de/test/auto/ResetTransitionWithStartTime1.xml
auto.tcl: Setting watchdog for 200 seconds at Tue Jun 05 01:16:23 UTC 2018
17 ms. Memory: 551424K Free: 528026K (96%)
ptolemy.util.test.WatchDog.cancel(): canceling Tue Jun 05 01:16:23 UTC 2018
auto.tcl: Setting watchdog for 200 seconds at Tue Jun 05 01:16:23 UTC 2018
6 ms. Memory: 551424K Free: 527796K (96%)
ptolemy.util.test.WatchDog.cancel(): canceling Tue Jun 05 01:16:23 UTC 2018
------------------ testing $PTII/ptolemy/domains/de/test/auto/ResetTransitionWithStartTime2.xml
auto.tcl: Setting watchdog for 200 seconds at Tue Jun 05 01:16:23 UTC 2018
8 ms. Memory: 549376K Free: 525968K (96%)
ptolemy.util.test.WatchDog.cancel(): canceling Tue Jun 05 01:16:23 UTC 2018
auto.tcl: Setting watchdog for 200 seconds at Tue Jun 05 01:16:23 UTC 2018
6 ms. Memory: 549376K Free: 525968K (96%)
ptolemy.util.test.WatchDog.cancel(): canceling Tue Jun 05 01:16:23 UTC 2018
------------------ testing $PTII/ptolemy/domains/de/test/auto/ResetTransitionWithStartTime3.xml
auto.tcl: Setting watchdog for 200 seconds at Tue Jun 05 01:16:23 UTC 2018
7 ms. Memory: 550912K Free: 527135K (96%)
ptolemy.util.test.WatchDog.cancel(): canceling Tue Jun 05 01:16:23 UTC 2018
auto.tcl: Setting watchdog for 200 seconds at Tue Jun 05 01:16:23 UTC 2018
11 ms. Memory: 550912K Free: 527135K (96%)
ptolemy.util.test.WatchDog.cancel(): canceling Tue Jun 05 01:16:23 UTC 2018
------------------ testing $PTII/ptolemy/domains/de/test/auto/ResetTransitionWithStartTime4.xml
auto.tcl: Setting watchdog for 200 seconds at Tue Jun 05 01:16:23 UTC 2018
4 ms. Memory: 549376K Free: 525588K (96%)
ptolemy.util.test.WatchDog.cancel(): canceling Tue Jun 05 01:16:23 UTC 2018
auto.tcl: Setting watchdog for 200 seconds at Tue Jun 05 01:16:23 UTC 2018
4 ms. Memory: 549376K Free: 525588K (96%)
ptolemy.util.test.WatchDog.cancel(): canceling Tue Jun 05 01:16:23 UTC 2018
------------------ testing $PTII/ptolemy/domains/de/test/auto/ResettableTimer1.xml
auto.tcl: Setting watchdog for 200 seconds at Tue Jun 05 01:16:23 UTC 2018
3 ms. Memory: 550912K Free: 533831K (97%)
ptolemy.util.test.WatchDog.cancel(): canceling Tue Jun 05 01:16:23 UTC 2018
auto.tcl: Setting watchdog for 200 seconds at Tue Jun 05 01:16:23 UTC 2018
2 ms. Memory: 550912K Free: 533831K (97%)
ptolemy.util.test.WatchDog.cancel(): canceling Tue Jun 05 01:16:23 UTC 2018
------------------ testing $PTII/ptolemy/domains/de/test/auto/ResettableTimer2.xml
auto.tcl: Setting watchdog for 200 seconds at Tue Jun 05 01:16:23 UTC 2018
3 ms. Memory: 549376K Free: 532583K (97%)
ptolemy.util.test.WatchDog.cancel(): canceling Tue Jun 05 01:16:23 UTC 2018
auto.tcl: Setting watchdog for 200 seconds at Tue Jun 05 01:16:23 UTC 2018
3 ms. Memory: 549376K Free: 532583K (97%)
ptolemy.util.test.WatchDog.cancel(): canceling Tue Jun 05 01:16:23 UTC 2018
------------------ testing $PTII/ptolemy/domains/de/test/auto/ResettableTimer3.xml
auto.tcl: Setting watchdog for 200 seconds at Tue Jun 05 01:16:23 UTC 2018
1 ms. Memory: 550912K Free: 534119K (97%)
ptolemy.util.test.WatchDog.cancel(): canceling Tue Jun 05 01:16:23 UTC 2018
auto.tcl: Setting watchdog for 200 seconds at Tue Jun 05 01:16:23 UTC 2018
2 ms. Memory: 550912K Free: 534119K (97%)
ptolemy.util.test.WatchDog.cancel(): canceling Tue Jun 05 01:16:23 UTC 2018
------------------ testing $PTII/ptolemy/domains/de/test/auto/ResettableTimer4.xml
auto.tcl: Setting watchdog for 200 seconds at Tue Jun 05 01:16:23 UTC 2018
1 ms. Memory: 549376K Free: 527686K (96%)
ptolemy.util.test.WatchDog.cancel(): canceling Tue Jun 05 01:16:23 UTC 2018
auto.tcl: Setting watchdog for 200 seconds at Tue Jun 05 01:16:23 UTC 2018
1 ms. Memory: 549376K Free: 527686K (96%)
ptolemy.util.test.WatchDog.cancel(): canceling Tue Jun 05 01:16:23 UTC 2018
------------------ testing $PTII/ptolemy/domains/de/test/auto/ResettableTimer5.xml
auto.tcl: Setting watchdog for 200 seconds at Tue Jun 05 01:16:23 UTC 2018
2 ms. Memory: 550400K Free: 533618K (97%)
ptolemy.util.test.WatchDog.cancel(): canceling Tue Jun 05 01:16:23 UTC 2018
auto.tcl: Setting watchdog for 200 seconds at Tue Jun 05 01:16:23 UTC 2018
1 ms. Memory: 550400K Free: 533618K (97%)
ptolemy.util.test.WatchDog.cancel(): canceling Tue Jun 05 01:16:23 UTC 2018
------------------ testing $PTII/ptolemy/domains/de/test/auto/ResettableTimer6.xml
auto.tcl: Setting watchdog for 200 seconds at Tue Jun 05 01:16:23 UTC 2018
2 ms. Memory: 549376K Free: 527634K (96%)
ptolemy.util.test.WatchDog.cancel(): canceling Tue Jun 05 01:16:23 UTC 2018
auto.tcl: Setting watchdog for 200 seconds at Tue Jun 05 01:16:23 UTC 2018
1 ms. Memory: 549376K Free: 527634K (96%)
ptolemy.util.test.WatchDog.cancel(): canceling Tue Jun 05 01:16:23 UTC 2018
------------------ testing $PTII/ptolemy/domains/de/test/auto/ServerZeroDelay.xml
auto.tcl: Setting watchdog for 200 seconds at Tue Jun 05 01:16:23 UTC 2018
3 ms. Memory: 550400K Free: 533557K (97%)
ptolemy.util.test.WatchDog.cancel(): canceling Tue Jun 05 01:16:24 UTC 2018
auto.tcl: Setting watchdog for 200 seconds at Tue Jun 05 01:16:24 UTC 2018
3 ms. Memory: 550400K Free: 533557K (97%)
ptolemy.util.test.WatchDog.cancel(): canceling Tue Jun 05 01:16:24 UTC 2018
------------------ testing $PTII/ptolemy/domains/de/test/auto/SmartSender.xml
auto.tcl: Setting watchdog for 200 seconds at Tue Jun 05 01:16:24 UTC 2018
3001 ms. Memory: 549376K Free: 527849K (96%)
ptolemy.util.test.WatchDog.cancel(): canceling Tue Jun 05 01:16:27 UTC 2018
auto.tcl: Setting watchdog for 200 seconds at Tue Jun 05 01:16:27 UTC 2018
3001 ms. Memory: 549376K Free: 527849K (96%)
ptolemy.util.test.WatchDog.cancel(): canceling Tue Jun 05 01:16:30 UTC 2018
------------------ testing $PTII/ptolemy/domains/de/test/auto/ThreadedComposite.xml
auto.tcl: Setting watchdog for 200 seconds at Tue Jun 05 01:16:30 UTC 2018
231 ms. Memory: 550400K Free: 512594K (93%)
ptolemy.util.test.WatchDog.cancel(): canceling Tue Jun 05 01:16:30 UTC 2018
auto.tcl: Setting watchdog for 200 seconds at Tue Jun 05 01:16:30 UTC 2018
130 ms. Memory: 550400K Free: 496515K (90%)
ptolemy.util.test.WatchDog.cancel(): canceling Tue Jun 05 01:16:30 UTC 2018
------------------ testing $PTII/ptolemy/domains/de/test/auto/Time.xml
auto.tcl: Setting watchdog for 200 seconds at Tue Jun 05 01:16:30 UTC 2018
539 ms. Memory: 549376K Free: 485224K (88%)
ptolemy.util.test.WatchDog.cancel(): canceling Tue Jun 05 01:16:31 UTC 2018
auto.tcl: Setting watchdog for 200 seconds at Tue Jun 05 01:16:31 UTC 2018
519 ms. Memory: 549376K Free: 438298K (80%)
ptolemy.util.test.WatchDog.cancel(): canceling Tue Jun 05 01:16:31 UTC 2018
------------------ testing $PTII/ptolemy/domains/de/test/auto/TimeDelayZeroDelay.xml
auto.tcl: Setting watchdog for 200 seconds at Tue Jun 05 01:16:31 UTC 2018
2 ms. Memory: 550400K Free: 533242K (97%)
ptolemy.util.test.WatchDog.cancel(): canceling Tue Jun 05 01:16:31 UTC 2018
auto.tcl: Setting watchdog for 200 seconds at Tue Jun 05 01:16:31 UTC 2018
2 ms. Memory: 550400K Free: 533242K (97%)
ptolemy.util.test.WatchDog.cancel(): canceling Tue Jun 05 01:16:31 UTC 2018
------------------ testing $PTII/ptolemy/domains/de/test/auto/TimerZeroDelay.xml
auto.tcl: Setting watchdog for 200 seconds at Tue Jun 05 01:16:31 UTC 2018
4 ms. Memory: 549376K Free: 532492K (97%)
ptolemy.util.test.WatchDog.cancel(): canceling Tue Jun 05 01:16:31 UTC 2018
auto.tcl: Setting watchdog for 200 seconds at Tue Jun 05 01:16:31 UTC 2018
3 ms. Memory: 549376K Free: 532492K (97%)
ptolemy.util.test.WatchDog.cancel(): canceling Tue Jun 05 01:16:31 UTC 2018
------------------ testing $PTII/ptolemy/domains/de/test/auto/TimingParadox.xml
auto.tcl: Setting watchdog for 200 seconds at Tue Jun 05 01:16:31 UTC 2018
405 ms. Memory: 549888K Free: 471145K (86%)
ptolemy.util.test.WatchDog.cancel(): canceling Tue Jun 05 01:16:32 UTC 2018
auto.tcl: Setting watchdog for 200 seconds at Tue Jun 05 01:16:32 UTC 2018
410 ms. Memory: 549888K Free: 437627K (80%)
ptolemy.util.test.WatchDog.cancel(): canceling Tue Jun 05 01:16:32 UTC 2018
------------------ testing $PTII/ptolemy/domains/de/test/auto/TransferInputs.xml
auto.tcl: Setting watchdog for 200 seconds at Tue Jun 05 01:16:32 UTC 2018
4 ms. Memory: 549888K Free: 531908K (97%)
ptolemy.util.test.WatchDog.cancel(): canceling Tue Jun 05 01:16:32 UTC 2018
auto.tcl: Setting watchdog for 200 seconds at Tue Jun 05 01:16:32 UTC 2018
2 ms. Memory: 549888K Free: 531908K (97%)
ptolemy.util.test.WatchDog.cancel(): canceling Tue Jun 05 01:16:32 UTC 2018
------------------ testing $PTII/ptolemy/domains/de/test/auto/TransferOutputs2.xml
auto.tcl: Setting watchdog for 200 seconds at Tue Jun 05 01:16:32 UTC 2018
3 ms. Memory: 549376K Free: 521099K (95%)
ptolemy.util.test.WatchDog.cancel(): canceling Tue Jun 05 01:16:33 UTC 2018
auto.tcl: Setting watchdog for 200 seconds at Tue Jun 05 01:16:33 UTC 2018
4 ms. Memory: 549376K Free: 521099K (95%)
ptolemy.util.test.WatchDog.cancel(): canceling Tue Jun 05 01:16:33 UTC 2018
------------------ testing $PTII/ptolemy/domains/de/test/auto/Trilateration.xml
auto.tcl: Setting watchdog for 200 seconds at Tue Jun 05 01:16:33 UTC 2018
14955 ms. Memory: 967680K Free: 637199K (66%)
ptolemy.util.test.WatchDog.cancel(): canceling Tue Jun 05 01:16:49 UTC 2018
auto.tcl: Setting watchdog for 200 seconds at Tue Jun 05 01:16:49 UTC 2018
11680 ms. Memory: 850432K Free: 481122K (57%)
ptolemy.util.test.WatchDog.cancel(): canceling Tue Jun 05 01:17:00 UTC 2018
------------------ testing $PTII/ptolemy/domains/de/test/auto/TwoSigmaDelta.xml
auto.tcl: Setting watchdog for 200 seconds at Tue Jun 05 01:17:01 UTC 2018
3005 ms. Memory: 846336K Free: 541617K (64%)
ptolemy.util.test.WatchDog.cancel(): canceling Tue Jun 05 01:17:04 UTC 2018
auto.tcl: Setting watchdog for 200 seconds at Tue Jun 05 01:17:04 UTC 2018
2046 ms. Memory: 846336K Free: 312185K (37%)
ptolemy.util.test.WatchDog.cancel(): canceling Tue Jun 05 01:17:06 UTC 2018
------------------ testing $PTII/ptolemy/domains/de/test/auto/VariableDelay.xml
auto.tcl: Setting watchdog for 200 seconds at Tue Jun 05 01:17:06 UTC 2018
3 ms. Memory: 849920K Free: 824903K (97%)
ptolemy.util.test.WatchDog.cancel(): canceling Tue Jun 05 01:17:06 UTC 2018
auto.tcl: Setting watchdog for 200 seconds at Tue Jun 05 01:17:06 UTC 2018
2 ms. Memory: 849920K Free: 824903K (97%)
ptolemy.util.test.WatchDog.cancel(): canceling Tue Jun 05 01:17:06 UTC 2018
------------------ testing $PTII/ptolemy/domains/de/test/auto/VariableDelay2.xml
auto.tcl: Setting watchdog for 200 seconds at Tue Jun 05 01:17:06 UTC 2018
4 ms. Memory: 846336K Free: 821759K (97%)
ptolemy.util.test.WatchDog.cancel(): canceling Tue Jun 05 01:17:06 UTC 2018
auto.tcl: Setting watchdog for 200 seconds at Tue Jun 05 01:17:06 UTC 2018
2 ms. Memory: 846336K Free: 821759K (97%)
ptolemy.util.test.WatchDog.cancel(): canceling Tue Jun 05 01:17:06 UTC 2018
------------------ testing $PTII/ptolemy/domains/de/test/auto/VariableDelayZeroDelay.xml
auto.tcl: Setting watchdog for 200 seconds at Tue Jun 05 01:17:06 UTC 2018
2 ms. Memory: 849408K Free: 824830K (97%)
ptolemy.util.test.WatchDog.cancel(): canceling Tue Jun 05 01:17:06 UTC 2018
auto.tcl: Setting watchdog for 200 seconds at Tue Jun 05 01:17:06 UTC 2018
2 ms. Memory: 849408K Free: 824830K (97%)
ptolemy.util.test.WatchDog.cancel(): canceling Tue Jun 05 01:17:06 UTC 2018
------------------ testing $PTII/ptolemy/domains/de/test/auto/VariableDelayZeroDelay2.xml
auto.tcl: Setting watchdog for 200 seconds at Tue Jun 05 01:17:06 UTC 2018
2 ms. Memory: 846336K Free: 814107K (96%)
ptolemy.util.test.WatchDog.cancel(): canceling Tue Jun 05 01:17:06 UTC 2018
auto.tcl: Setting watchdog for 200 seconds at Tue Jun 05 01:17:06 UTC 2018
3 ms. Memory: 846336K Free: 814107K (96%)
ptolemy.util.test.WatchDog.cancel(): canceling Tue Jun 05 01:17:06 UTC 2018
------------------ testing $PTII/ptolemy/domains/de/test/auto/deInCt.xml
auto.tcl: Setting watchdog for 200 seconds at Tue Jun 05 01:17:06 UTC 2018
0
1
1
1
1
0
0
0
1
1
1
0
0
0
1
1
1
0
0
0
1
1
1
1
1
0
0
0
1
1
0
0
0
1
1
1
0
0
0
1
1
1
1
1
0
0
0
0
24 ms. Memory: 849408K Free: 817148K (96%)
ptolemy.util.test.WatchDog.cancel(): canceling Tue Jun 05 01:17:06 UTC 2018
auto.tcl: Setting watchdog for 200 seconds at Tue Jun 05 01:17:06 UTC 2018
0
1
1
1
0
0
0
0
0
1
1
0
0
0
0
1
1
1
0
0
0
0
1
1
1
1
0
0
0
0
0
4 ms. Memory: 849408K Free: 817148K (96%)
ptolemy.util.test.WatchDog.cancel(): canceling Tue Jun 05 01:17:06 UTC 2018
------------------ testing $PTII/ptolemy/domains/de/test/auto/deInCt2.xml
auto.tcl: Setting watchdog for 200 seconds at Tue Jun 05 01:17:06 UTC 2018
0
1
1
1
0
0
1
1
1
0
0
1
1
1
0
0
1
1
1
0
0
1
1
1
0
0
1
1
1
0
0
1
1
1
0
0
1
1
1
0
0
0
11 ms. Memory: 846336K Free: 814076K (96%)
ptolemy.util.test.WatchDog.cancel(): canceling Tue Jun 05 01:17:06 UTC 2018
auto.tcl: Setting watchdog for 200 seconds at Tue Jun 05 01:17:06 UTC 2018
0
1
1
1
0
0
1
1
1
0
0
1
1
1
0
0
1
1
1
0
0
1
1
1
0
0
1
1
1
0
0
1
1
1
0
0
1
1
1
0
0
0
9 ms. Memory: 846336K Free: 814076K (96%)
ptolemy.util.test.WatchDog.cancel(): canceling Tue Jun 05 01:17:06 UTC 2018
------------------ testing $PTII/ptolemy/domains/de/test/auto/dynamicCausalityInterface1.xml
auto.tcl: Setting watchdog for 200 seconds at Tue Jun 05 01:17:06 UTC 2018
1 ms. Memory: 848896K Free: 824308K (97%)
ptolemy.util.test.WatchDog.cancel(): canceling Tue Jun 05 01:17:06 UTC 2018
auto.tcl: Setting watchdog for 200 seconds at Tue Jun 05 01:17:06 UTC 2018
1 ms. Memory: 848896K Free: 824308K (97%)
ptolemy.util.test.WatchDog.cancel(): canceling Tue Jun 05 01:17:06 UTC 2018
------------------ testing $PTII/ptolemy/domains/de/test/auto/fsm_de_test.xml
auto.tcl: Setting watchdog for 200 seconds at Tue Jun 05 01:17:06 UTC 2018
7 ms. Memory: 846336K Free: 813994K (96%)
ptolemy.util.test.WatchDog.cancel(): canceling Tue Jun 05 01:17:06 UTC 2018
auto.tcl: Setting watchdog for 200 seconds at Tue Jun 05 01:17:06 UTC 2018
5 ms. Memory: 846336K Free: 813994K (96%)
ptolemy.util.test.WatchDog.cancel(): canceling Tue Jun 05 01:17:06 UTC 2018
------------------ testing $PTII/ptolemy/domains/de/test/auto/functionDependencyReconstruction.xml
auto.tcl: Setting watchdog for 200 seconds at Tue Jun 05 01:17:06 UTC 2018
3 ms. Memory: 848384K Free: 804727K (95%)
ptolemy.util.test.WatchDog.cancel(): canceling Tue Jun 05 01:17:06 UTC 2018
auto.tcl: Setting watchdog for 200 seconds at Tue Jun 05 01:17:06 UTC 2018
3 ms. Memory: 848384K Free: 804727K (95%)
ptolemy.util.test.WatchDog.cancel(): canceling Tue Jun 05 01:17:06 UTC 2018
------------------ testing $PTII/ptolemy/domains/de/test/auto/multirate.xml
auto.tcl: Setting watchdog for 200 seconds at Tue Jun 05 01:17:07 UTC 2018
4 ms. Memory: 846336K Free: 813862K (96%)
ptolemy.util.test.WatchDog.cancel(): canceling Tue Jun 05 01:17:07 UTC 2018
auto.tcl: Setting watchdog for 200 seconds at Tue Jun 05 01:17:07 UTC 2018
3 ms. Memory: 846336K Free: 813862K (96%)
ptolemy.util.test.WatchDog.cancel(): canceling Tue Jun 05 01:17:07 UTC 2018
------------------ testing $PTII/ptolemy/domains/de/test/auto/multirate2.xml
auto.tcl: Setting watchdog for 200 seconds at Tue Jun 05 01:17:07 UTC 2018
5 ms. Memory: 848384K Free: 816070K (96%)
ptolemy.util.test.WatchDog.cancel(): canceling Tue Jun 05 01:17:07 UTC 2018
auto.tcl: Setting watchdog for 200 seconds at Tue Jun 05 01:17:07 UTC 2018
3 ms. Memory: 848384K Free: 816070K (96%)
ptolemy.util.test.WatchDog.cancel(): canceling Tue Jun 05 01:17:07 UTC 2018
------------------ testing $PTII/ptolemy/domains/de/test/auto/realtime.xml
auto.tcl: Setting watchdog for 200 seconds at Tue Jun 05 01:17:07 UTC 2018
10002 ms. Memory: 846336K Free: 821669K (97%)
ptolemy.util.test.WatchDog.cancel(): canceling Tue Jun 05 01:17:17 UTC 2018
auto.tcl: Setting watchdog for 200 seconds at Tue Jun 05 01:17:17 UTC 2018
10002 ms. Memory: 846336K Free: 821669K (97%)
ptolemy.util.test.WatchDog.cancel(): canceling Tue Jun 05 01:17:27 UTC 2018
------------------ testing $PTII/ptolemy/domains/de/test/auto/relationGroup.xml
auto.tcl: Setting watchdog for 200 seconds at Tue Jun 05 01:17:27 UTC 2018
2 ms. Memory: 847872K Free: 823259K (97%)
ptolemy.util.test.WatchDog.cancel(): canceling Tue Jun 05 01:17:27 UTC 2018
auto.tcl: Setting watchdog for 200 seconds at Tue Jun 05 01:17:27 UTC 2018
1 ms. Memory: 847872K Free: 823259K (97%)
ptolemy.util.test.WatchDog.cancel(): canceling Tue Jun 05 01:17:27 UTC 2018
------------------ testing $PTII/ptolemy/domains/de/test/auto/relationGroup2.xml
auto.tcl: Setting watchdog for 200 seconds at Tue Jun 05 01:17:27 UTC 2018
5 ms. Memory: 846336K Free: 821750K (97%)
ptolemy.util.test.WatchDog.cancel(): canceling Tue Jun 05 01:17:27 UTC 2018
auto.tcl: Setting watchdog for 200 seconds at Tue Jun 05 01:17:27 UTC 2018
2 ms. Memory: 846336K Free: 821750K (97%)
ptolemy.util.test.WatchDog.cancel(): canceling Tue Jun 05 01:17:27 UTC 2018
------------------ testing $PTII/ptolemy/domains/de/test/auto/sortWithOpaquePorts.xml
auto.tcl: Setting watchdog for 200 seconds at Tue Jun 05 01:17:27 UTC 2018
1 ms. Memory: 847872K Free: 815638K (96%)
ptolemy.util.test.WatchDog.cancel(): canceling Tue Jun 05 01:17:27 UTC 2018
auto.tcl: Setting watchdog for 200 seconds at Tue Jun 05 01:17:27 UTC 2018
2 ms. Memory: 847872K Free: 815638K (96%)
ptolemy.util.test.WatchDog.cancel(): canceling Tue Jun 05 01:17:27 UTC 2018
------------------ testing $PTII/ptolemy/domains/de/test/auto/transferInputsandOutputs.xml
auto.tcl: Setting watchdog for 200 seconds at Tue Jun 05 01:17:27 UTC 2018
3 ms. Memory: 846336K Free: 814089K (96%)
ptolemy.util.test.WatchDog.cancel(): canceling Tue Jun 05 01:17:27 UTC 2018
auto.tcl: Setting watchdog for 200 seconds at Tue Jun 05 01:17:27 UTC 2018
2 ms. Memory: 846336K Free: 814089K (96%)
ptolemy.util.test.WatchDog.cancel(): canceling Tue Jun 05 01:17:27 UTC 2018
------------------ testing $PTII/ptolemy/domains/de/test/auto/triggerType.xml
auto.tcl: Setting watchdog for 200 seconds at Tue Jun 05 01:17:27 UTC 2018
2 ms. Memory: 847360K Free: 815063K (96%)
ptolemy.util.test.WatchDog.cancel(): canceling Tue Jun 05 01:17:27 UTC 2018
auto.tcl: Setting watchdog for 200 seconds at Tue Jun 05 01:17:27 UTC 2018
2 ms. Memory: 847360K Free: 815063K (96%)
ptolemy.util.test.WatchDog.cancel(): canceling Tue Jun 05 01:17:27 UTC 2018
06/05/18 01:17:27
Failed: 0  Total Tests: 192  ((Passed: 187, Newly Passed: 1)  Known Failed: 5) /home/travis/build/icyphy/ptII/ptolemy/domains/de/test
06/05/18 01:17:27
Failed: 0  Total Tests: 192  ((Passed: 187, Newly Passed: 1)  Known Failed: 5) /home/travis/build/icyphy/ptII/ptolemy/domains/de/test
----------------- testing (KnownFailure) /home/travis/build/icyphy/ptII/ptolemy/domains/de/test/auto/knownFailedTests/DESDFClockTest.xml
2009 ms. Memory: 846336K Free: 798794K (94%)
Known Failure: java.lang.reflect.InvocationTargetException
----------------- testing (KnownFailure) /home/travis/build/icyphy/ptII/ptolemy/domains/de/test/auto/knownFailedTests/DirectFeedback.xml
2 ms. Memory: 846336K Free: 737571K (87%)
Known Failure: java.lang.reflect.InvocationTargetException
----------------- testing (KnownFailure) /home/travis/build/icyphy/ptII/ptolemy/domains/de/test/auto/knownFailedTests/FSMSource.xml
5 ms. Memory: 846336K Free: 676376K (80%)
----------------- testing (KnownFailure) /home/travis/build/icyphy/ptII/ptolemy/domains/de/test/auto/knownFailedTests/HierarchicalModel.xml
2 ms. Memory: 846336K Free: 630464K (74%)
Known Failure: java.lang.reflect.InvocationTargetException
----------------- testing (KnownFailure) /home/travis/build/icyphy/ptII/ptolemy/domains/de/test/auto/knownFailedTests/dependencyLoop.xml
2 ms. Memory: 846336K Free: 569270K (67%)
Known Failure: java.lang.reflect.InvocationTargetException
----------------- testing (KnownFailure) /home/travis/build/icyphy/ptII/ptolemy/domains/de/test/auto/knownFailedTests/dependencyLoop2.xml
3 ms. Memory: 846336K Free: 508075K (60%)
Known Failure: java.lang.reflect.InvocationTargetException
No auto/linux-amd64/*.xml tests in /home/travis/build/icyphy/ptII/ptolemy/domains/de/test
AutoTests.java: About to close Vertx.
AutoTests.java: Vertx closed.

===========================================================================================
----------------- testing Tue Jun 05 01:17:29 UTC 2018 /home/travis/build/icyphy/ptII/ptolemy/domains/de/test/auto/ActorDepthCalculation_actorWithoutPorts.xml
----------------- Instantiating /home/travis/build/icyphy/ptII/ptolemy/domains/de/test/auto/ActorDepthCalculation_actorWithoutPorts.xml
3 ms. Memory: 846336K Free: 431582K (51%)
----------------- Invoking toplevel() on ptolemy.moml.MoMLSimpleApplication@7c91e548
----------------- Done invoking toplevel() on ptolemy.moml.MoMLSimpleApplication@7c91e548
reloadAllAccessors: .ActorDepthCalculation_actorWithoutPorts

===========================================================================================
----------------- testing Tue Jun 05 01:17:29 UTC 2018 /home/travis/build/icyphy/ptII/ptolemy/domains/de/test/auto/AssemblyLine.xml
----------------- Instantiating /home/travis/build/icyphy/ptII/ptolemy/domains/de/test/auto/AssemblyLine.xml
1 ms. Memory: 846336K Free: 400985K (47%)
----------------- Invoking toplevel() on ptolemy.moml.MoMLSimpleApplication@4001b0df
----------------- Done invoking toplevel() on ptolemy.moml.MoMLSimpleApplication@4001b0df
reloadAllAccessors: .AssemblyLine

===========================================================================================
----------------- testing Tue Jun 05 01:17:29 UTC 2018 /home/travis/build/icyphy/ptII/ptolemy/domains/de/test/auto/CQBug1.xml
----------------- Instantiating /home/travis/build/icyphy/ptII/ptolemy/domains/de/test/auto/CQBug1.xml
0 ms. Memory: 846336K Free: 370388K (44%)
----------------- Invoking toplevel() on ptolemy.moml.MoMLSimpleApplication@62b55fa6
----------------- Done invoking toplevel() on ptolemy.moml.MoMLSimpleApplication@62b55fa6
reloadAllAccessors: .CQBug1

===========================================================================================
----------------- testing Tue Jun 05 01:17:29 UTC 2018 /home/travis/build/icyphy/ptII/ptolemy/domains/de/test/auto/CancelFireAt.xml
----------------- Instantiating /home/travis/build/icyphy/ptII/ptolemy/domains/de/test/auto/CancelFireAt.xml
2 ms. Memory: 846336K Free: 339791K (40%)
----------------- Invoking toplevel() on ptolemy.moml.MoMLSimpleApplication@5ba996e6
----------------- Done invoking toplevel() on ptolemy.moml.MoMLSimpleApplication@5ba996e6
reloadAllAccessors: .CancelFireAt

===========================================================================================
----------------- testing Tue Jun 05 01:17:29 UTC 2018 /home/travis/build/icyphy/ptII/ptolemy/domains/de/test/auto/CausalityAndComposabilityAnalysis.xml
----------------- Instantiating /home/travis/build/icyphy/ptII/ptolemy/domains/de/test/auto/CausalityAndComposabilityAnalysis.xml
3 ms. Memory: 846336K Free: 309194K (37%)
----------------- Invoking toplevel() on ptolemy.moml.MoMLSimpleApplication@250894b5
----------------- Done invoking toplevel() on ptolemy.moml.MoMLSimpleApplication@250894b5
reloadAllAccessors: .CausalityAndComposabilityAnalysis

===========================================================================================
----------------- testing Tue Jun 05 01:17:29 UTC 2018 /home/travis/build/icyphy/ptII/ptolemy/domains/de/test/auto/CausalityInterface1.xml
----------------- Instantiating /home/travis/build/icyphy/ptII/ptolemy/domains/de/test/auto/CausalityInterface1.xml
7 ms. Memory: 846336K Free: 278597K (33%)
----------------- Invoking toplevel() on ptolemy.moml.MoMLSimpleApplication@e2b67c0
----------------- Done invoking toplevel() on ptolemy.moml.MoMLSimpleApplication@e2b67c0
reloadAllAccessors: .CausalityInterface1

===========================================================================================
----------------- testing Tue Jun 05 01:17:29 UTC 2018 /home/travis/build/icyphy/ptII/ptolemy/domains/de/test/auto/CausalityInterface15.xml
----------------- Instantiating /home/travis/build/icyphy/ptII/ptolemy/domains/de/test/auto/CausalityInterface15.xml
2 ms. Memory: 846336K Free: 247999K (29%)
----------------- Invoking toplevel() on ptolemy.moml.MoMLSimpleApplication@569d1d40
----------------- Done invoking toplevel() on ptolemy.moml.MoMLSimpleApplication@569d1d40
reloadAllAccessors: .CausalityInterface15

[...]
java.lang.RuntimeException: Execution failed
	at ptolemy.moml.MoMLSimpleApplication$UnloadThread.run(MoMLSimpleApplication.java:402)
Caused by: ptolemy.kernel.util.IllegalActionException: Test fails in iteration 1.
Value was: 1.0. Should have been: 2.0
  in .DirectFeedback.Test
	at ptolemy.actor.lib.Test.fire(Test.java:268)
	at ptolemy.domains.de.kernel.DEDirector._fire(DEDirector.java:1948)
	at ptolemy.domains.de.kernel.DEDirector.fire(DEDirector.java:502)
	at ptolemy.actor.CompositeActor.fire(CompositeActor.java:455)
	at ptolemy.actor.Manager.iterate(Manager.java:851)
	at ptolemy.actor.Manager.execute(Manager.java:369)
	at ptolemy.actor.Manager.run(Manager.java:1263)
	at ptolemy.actor.Manager$PtolemyRunThread.run(Manager.java:1915)
java.lang.RuntimeException: Execution failed
	at ptolemy.moml.MoMLSimpleApplication$UnloadThread.run(MoMLSimpleApplication.java:402)
Caused by: ptolemy.kernel.util.IllegalActionException: Actor is not ready to fire.  Perhaps UpSample.prefire() returned false? Try debugging the actor by selecting "Listen to Actor".  Also, for SDF check moml for tokenConsumptionRate on input.
  in .DESDFClockTest.Play Bell.Copy1:SDF Director and .DESDFClockTest.Play Bell.UpSample
	at ptolemy.actor.sched.StaticSchedulingDirector.fire(StaticSchedulingDirector.java:227)
	at ptolemy.domains.sdf.kernel.SDFDirector.fire(SDFDirector.java:500)
	at ptolemy.actor.CompositeActor.fire(CompositeActor.java:455)
	at ptolemy.domains.de.kernel.DEDirector._fire(DEDirector.java:1948)
	at ptolemy.domains.de.kernel.DEDirector.fire(DEDirector.java:502)
	at ptolemy.actor.CompositeActor.fire(CompositeActor.java:455)
	at ptolemy.actor.Manager.iterate(Manager.java:851)
	at ptolemy.actor.Manager.execute(Manager.java:369)
	at ptolemy.actor.Manager.run(Manager.java:1263)
	at ptolemy.actor.Manager$PtolemyRunThread.run(Manager.java:1915)
java.lang.reflect.InvocationTargetException
	at sun.reflect.NativeConstructorAccessorImpl.newInstance0(Native Method)
	at sun.reflect.NativeConstructorAccessorImpl.newInstance(NativeConstructorAccessorImpl.java:62)
	at sun.reflect.DelegatingConstructorAccessorImpl.newInstance(DelegatingConstructorAccessorImpl.java:45)
	at java.lang.reflect.Constructor.newInstance(Constructor.java:423)
	at ptolemy.util.test.junit.AutoKnownFailedTests.RunModel(AutoKnownFailedTests.java:107)
	at sun.reflect.NativeMethodAccessorImpl.invoke0(Native Method)
	at sun.reflect.NativeMethodAccessorImpl.invoke(NativeMethodAccessorImpl.java:62)
	at sun.reflect.DelegatingMethodAccessorImpl.invoke(DelegatingMethodAccessorImpl.java:43)
	at java.lang.reflect.Method.invoke(Method.java:498)
	at org.junit.runners.model.FrameworkMethod$1.runReflectiveCall(FrameworkMethod.java:44)
	at org.junit.internal.runners.model.ReflectiveCallable.run(ReflectiveCallable.java:15)
	at org.junit.runners.model.FrameworkMethod.invokeExplosively(FrameworkMethod.java:41)
	at junitparams.internal.InvokeParameterisedMethod.evaluate(InvokeParameterisedMethod.java:102)
	at org.junit.internal.runners.statements.FailOnTimeout$1.run(FailOnTimeout.java:28)
Caused by: ptolemy.kernel.util.IllegalActionException: Actor is not ready to fire.  Perhaps UpSample.prefire() returned false? Try debugging the actor by selecting "Listen to Actor".  Also, for SDF check moml for tokenConsumptionRate on input.
  in .DESDFClockTest.Play Bell.Copy1:SDF Director and .DESDFClockTest.Play Bell.UpSample
	at ptolemy.actor.sched.StaticSchedulingDirector.fire(StaticSchedulingDirector.java:227)
	at ptolemy.domains.sdf.kernel.SDFDirector.fire(SDFDirector.java:500)
	at ptolemy.actor.CompositeActor.fire(CompositeActor.java:455)
	at ptolemy.domains.de.kernel.DEDirector._fire(DEDirector.java:1948)
	at ptolemy.domains.de.kernel.DEDirector.fire(DEDirector.java:502)
	at ptolemy.actor.CompositeActor.fire(CompositeActor.java:455)
	at ptolemy.actor.Manager.iterate(Manager.java:851)
	at ptolemy.actor.Manager.execute(Manager.java:369)
	at ptolemy.actor.Manager.run(Manager.java:1263)
	at ptolemy.actor.Manager$PtolemyRunThread.run(Manager.java:1915)
java.lang.RuntimeException: Execution failed
	at ptolemy.moml.MoMLSimpleApplication$UnloadThread.run(MoMLSimpleApplication.java:402)
Caused by: ptolemy.kernel.util.IllegalActionException: Test fails in iteration 1.
Value was: 1.0. Should have been: 2.0
  in .DirectFeedback.Test
	at ptolemy.actor.lib.Test.fire(Test.java:268)
	at ptolemy.domains.de.kernel.DEDirector._fire(DEDirector.java:1948)
	at ptolemy.domains.de.kernel.DEDirector.fire(DEDirector.java:502)
	at ptolemy.actor.CompositeActor.fire(CompositeActor.java:455)
	at ptolemy.actor.Manager.iterate(Manager.java:851)
	at ptolemy.actor.Manager.execute(Manager.java:369)
	at ptolemy.actor.Manager.run(Manager.java:1263)
	at ptolemy.actor.Manager$PtolemyRunThread.run(Manager.java:1915)
java.lang.reflect.InvocationTargetException
	at sun.reflect.NativeConstructorAccessorImpl.newInstance0(Native Method)
	at sun.reflect.NativeConstructorAccessorImpl.newInstance(NativeConstructorAccessorImpl.java:62)
	at sun.reflect.DelegatingConstructorAccessorImpl.newInstance(DelegatingConstructorAccessorImpl.java:45)
	at java.lang.reflect.Constructor.newInstance(Constructor.java:423)
	at ptolemy.util.test.junit.AutoKnownFailedTests.RunModel(AutoKnownFailedTests.java:107)
	at sun.reflect.NativeMethodAccessorImpl.invoke0(Native Method)
	at sun.reflect.NativeMethodAccessorImpl.invoke(NativeMethodAccessorImpl.java:62)
	at sun.reflect.DelegatingMethodAccessorImpl.invoke(DelegatingMethodAccessorImpl.java:43)
	at java.lang.reflect.Method.invoke(Method.java:498)
	at org.junit.runners.model.FrameworkMethod$1.runReflectiveCall(FrameworkMethod.java:44)
	at org.junit.internal.runners.model.ReflectiveCallable.run(ReflectiveCallable.java:15)
	at org.junit.runners.model.FrameworkMethod.invokeExplosively(FrameworkMethod.java:41)
	at junitparams.internal.InvokeParameterisedMethod.evaluate(InvokeParameterisedMethod.java:102)
	at org.junit.internal.runners.statements.FailOnTimeout$1.run(FailOnTimeout.java:28)
Caused by: ptolemy.kernel.util.IllegalActionException: Test fails in iteration 1.
Value was: 1.0. Should have been: 2.0
  in .DirectFeedback.Test
	at ptolemy.actor.lib.Test.fire(Test.java:268)
	at ptolemy.domains.de.kernel.DEDirector._fire(DEDirector.java:1948)
	at ptolemy.domains.de.kernel.DEDirector.fire(DEDirector.java:502)
	at ptolemy.actor.CompositeActor.fire(CompositeActor.java:455)
	at ptolemy.actor.Manager.iterate(Manager.java:851)
	at ptolemy.actor.Manager.execute(Manager.java:369)
	at ptolemy.actor.Manager.run(Manager.java:1263)
	at ptolemy.actor.Manager$PtolemyRunThread.run(Manager.java:1915)
java.lang.RuntimeException: Execution failed
	at ptolemy.moml.MoMLSimpleApplication$UnloadThread.run(MoMLSimpleApplication.java:402)
Caused by: ptolemy.kernel.util.IllegalActionException: Found a zero delay loop containing .HierarchicalModel.A
  in .HierarchicalModel and .HierarchicalModel.A
	at ptolemy.actor.util.CausalityInterfaceForComposites._computeOutputPortDepth(CausalityInterfaceForComposites.java:759)
	at ptolemy.actor.util.CausalityInterfaceForComposites._computeInputDepth(CausalityInterfaceForComposites.java:696)
	at ptolemy.actor.util.CausalityInterfaceForComposites._computeOutputPortDepth(CausalityInterfaceForComposites.java:765)
	at ptolemy.actor.util.CausalityInterfaceForComposites._computeInputDepth(CausalityInterfaceForComposites.java:696)
	at ptolemy.actor.util.CausalityInterfaceForComposites._computeOutputPortDepth(CausalityInterfaceForComposites.java:765)
	at ptolemy.actor.util.CausalityInterfaceForComposites._computeInputDepth(CausalityInterfaceForComposites.java:696)
	at ptolemy.actor.util.CausalityInterfaceForComposites._computeActorDepth(CausalityInterfaceForComposites.java:532)
	at ptolemy.actor.util.CausalityInterfaceForComposites.checkForCycles(CausalityInterfaceForComposites.java:96)
	at ptolemy.domains.de.kernel.DEDirector.preinitialize(DEDirector.java:1337)
	at ptolemy.actor.CompositeActor.preinitialize(CompositeActor.java:1828)
	at ptolemy.actor.Manager.preinitializeAndResolveTypes(Manager.java:1040)
	at ptolemy.actor.Manager.initialize(Manager.java:710)
	at ptolemy.actor.Manager.execute(Manager.java:356)
	at ptolemy.actor.Manager.run(Manager.java:1263)
	at ptolemy.actor.Manager$PtolemyRunThread.run(Manager.java:1915)
java.lang.reflect.InvocationTargetException
	at sun.reflect.NativeConstructorAccessorImpl.newInstance0(Native Method)
	at sun.reflect.NativeConstructorAccessorImpl.newInstance(NativeConstructorAccessorImpl.java:62)
	at sun.reflect.DelegatingConstructorAccessorImpl.newInstance(DelegatingConstructorAccessorImpl.java:45)
	at java.lang.reflect.Constructor.newInstance(Constructor.java:423)
	at ptolemy.util.test.junit.AutoKnownFailedTests.RunModel(AutoKnownFailedTests.java:107)
	at sun.reflect.NativeMethodAccessorImpl.invoke0(Native Method)
	at sun.reflect.NativeMethodAccessorImpl.invoke(NativeMethodAccessorImpl.java:62)
	at sun.reflect.DelegatingMethodAccessorImpl.invoke(DelegatingMethodAccessorImpl.java:43)
	at java.lang.reflect.Method.invoke(Method.java:498)
	at org.junit.runners.model.FrameworkMethod$1.runReflectiveCall(FrameworkMethod.java:44)
	at org.junit.internal.runners.model.ReflectiveCallable.run(ReflectiveCallable.java:15)
	at org.junit.runners.model.FrameworkMethod.invokeExplosively(FrameworkMethod.java:41)
	at junitparams.internal.InvokeParameterisedMethod.evaluate(InvokeParameterisedMethod.java:102)
	at org.junit.internal.runners.statements.FailOnTimeout$1.run(FailOnTimeout.java:28)
Caused by: ptolemy.kernel.util.IllegalActionException: Found a zero delay loop containing .HierarchicalModel.A
  in .HierarchicalModel and .HierarchicalModel.A
	at ptolemy.actor.util.CausalityInterfaceForComposites._computeOutputPortDepth(CausalityInterfaceForComposites.java:759)
	at ptolemy.actor.util.CausalityInterfaceForComposites._computeInputDepth(CausalityInterfaceForComposites.java:696)
	at ptolemy.actor.util.CausalityInterfaceForComposites._computeOutputPortDepth(CausalityInterfaceForComposites.java:765)
	at ptolemy.actor.util.CausalityInterfaceForComposites._computeInputDepth(CausalityInterfaceForComposites.java:696)
	at ptolemy.actor.util.CausalityInterfaceForComposites._computeOutputPortDepth(CausalityInterfaceForComposites.java:765)
	at ptolemy.actor.util.CausalityInterfaceForComposites._computeInputDepth(CausalityInterfaceForComposites.java:696)
	at ptolemy.actor.util.CausalityInterfaceForComposites._computeActorDepth(CausalityInterfaceForComposites.java:532)
	at ptolemy.actor.util.CausalityInterfaceForComposites.checkForCycles(CausalityInterfaceForComposites.java:96)
	at ptolemy.domains.de.kernel.DEDirector.preinitialize(DEDirector.java:1337)
	at ptolemy.actor.CompositeActor.preinitialize(CompositeActor.java:1828)
	at ptolemy.actor.Manager.preinitializeAndResolveTypes(Manager.java:1040)
	at ptolemy.actor.Manager.initialize(Manager.java:710)
	at ptolemy.actor.Manager.execute(Manager.java:356)
	at ptolemy.actor.Manager.run(Manager.java:1263)
	at ptolemy.actor.Manager$PtolemyRunThread.run(Manager.java:1915)
java.lang.RuntimeException: Execution failed
	at ptolemy.moml.MoMLSimpleApplication$UnloadThread.run(MoMLSimpleApplication.java:402)
Caused by: ptolemy.kernel.util.IllegalActionException: Found a zero delay loop containing .dependencyLoop.original
  in .dependencyLoop and .dependencyLoop.original
	at ptolemy.actor.util.CausalityInterfaceForComposites._computeOutputPortDepth(CausalityInterfaceForComposites.java:759)
	at ptolemy.actor.util.CausalityInterfaceForComposites._computeInputDepth(CausalityInterfaceForComposites.java:696)
	at ptolemy.actor.util.CausalityInterfaceForComposites._computeOutputPortDepth(CausalityInterfaceForComposites.java:765)
	at ptolemy.actor.util.CausalityInterfaceForComposites._computeInputDepth(CausalityInterfaceForComposites.java:696)
	at ptolemy.actor.util.CausalityInterfaceForComposites._computeOutputPortDepth(CausalityInterfaceForComposites.java:765)
	at ptolemy.actor.util.CausalityInterfaceForComposites._computeInputDepth(CausalityInterfaceForComposites.java:696)
	at ptolemy.actor.util.CausalityInterfaceForComposites._computeActorDepth(CausalityInterfaceForComposites.java:532)
	at ptolemy.actor.util.CausalityInterfaceForComposites.checkForCycles(CausalityInterfaceForComposites.java:96)
	at ptolemy.domains.de.kernel.DEDirector.preinitialize(DEDirector.java:1337)
	at ptolemy.actor.CompositeActor.preinitialize(CompositeActor.java:1828)
	at ptolemy.actor.Manager.preinitializeAndResolveTypes(Manager.java:1040)
	at ptolemy.actor.Manager.initialize(Manager.java:710)
	at ptolemy.actor.Manager.execute(Manager.java:356)
	at ptolemy.actor.Manager.run(Manager.java:1263)
	at ptolemy.actor.Manager$PtolemyRunThread.run(Manager.java:1915)
java.lang.reflect.InvocationTargetException
	at sun.reflect.NativeConstructorAccessorImpl.newInstance0(Native Method)
	at sun.reflect.NativeConstructorAccessorImpl.newInstance(NativeConstructorAccessorImpl.java:62)
	at sun.reflect.DelegatingConstructorAccessorImpl.newInstance(DelegatingConstructorAccessorImpl.java:45)
	at java.lang.reflect.Constructor.newInstance(Constructor.java:423)
	at ptolemy.util.test.junit.AutoKnownFailedTests.RunModel(AutoKnownFailedTests.java:107)
	at sun.reflect.NativeMethodAccessorImpl.invoke0(Native Method)
	at sun.reflect.NativeMethodAccessorImpl.invoke(NativeMethodAccessorImpl.java:62)
	at sun.reflect.DelegatingMethodAccessorImpl.invoke(DelegatingMethodAccessorImpl.java:43)
	at java.lang.reflect.Method.invoke(Method.java:498)
	at org.junit.runners.model.FrameworkMethod$1.runReflectiveCall(FrameworkMethod.java:44)
	at org.junit.internal.runners.model.ReflectiveCallable.run(ReflectiveCallable.java:15)
	at org.junit.runners.model.FrameworkMethod.invokeExplosively(FrameworkMethod.java:41)
	at junitparams.internal.InvokeParameterisedMethod.evaluate(InvokeParameterisedMethod.java:102)
	at org.junit.internal.runners.statements.FailOnTimeout$1.run(FailOnTimeout.java:28)
Caused by: ptolemy.kernel.util.IllegalActionException: Found a zero delay loop containing .dependencyLoop.original
  in .dependencyLoop and .dependencyLoop.original
	at ptolemy.actor.util.CausalityInterfaceForComposites._computeOutputPortDepth(CausalityInterfaceForComposites.java:759)
	at ptolemy.actor.util.CausalityInterfaceForComposites._computeInputDepth(CausalityInterfaceForComposites.java:696)
	at ptolemy.actor.util.CausalityInterfaceForComposites._computeOutputPortDepth(CausalityInterfaceForComposites.java:765)
	at ptolemy.actor.util.CausalityInterfaceForComposites._computeInputDepth(CausalityInterfaceForComposites.java:696)
	at ptolemy.actor.util.CausalityInterfaceForComposites._computeOutputPortDepth(CausalityInterfaceForComposites.java:765)
	at ptolemy.actor.util.CausalityInterfaceForComposites._computeInputDepth(CausalityInterfaceForComposites.java:696)
	at ptolemy.actor.util.CausalityInterfaceForComposites._computeActorDepth(CausalityInterfaceForComposites.java:532)
	at ptolemy.actor.util.CausalityInterfaceForComposites.checkForCycles(CausalityInterfaceForComposites.java:96)
	at ptolemy.domains.de.kernel.DEDirector.preinitialize(DEDirector.java:1337)
	at ptolemy.actor.CompositeActor.preinitialize(CompositeActor.java:1828)
	at ptolemy.actor.Manager.preinitializeAndResolveTypes(Manager.java:1040)
	at ptolemy.actor.Manager.initialize(Manager.java:710)
	at ptolemy.actor.Manager.execute(Manager.java:356)
	at ptolemy.actor.Manager.run(Manager.java:1263)
	at ptolemy.actor.Manager$PtolemyRunThread.run(Manager.java:1915)
java.lang.RuntimeException: Execution failed
	at ptolemy.moml.MoMLSimpleApplication$UnloadThread.run(MoMLSimpleApplication.java:402)
Caused by: ptolemy.kernel.util.IllegalActionException: Found a zero delay loop containing .dependencyLoop2.original
  in .dependencyLoop2 and .dependencyLoop2.original
	at ptolemy.actor.util.CausalityInterfaceForComposites._computeOutputPortDepth(CausalityInterfaceForComposites.java:759)
	at ptolemy.actor.util.CausalityInterfaceForComposites._computeInputDepth(CausalityInterfaceForComposites.java:696)
	at ptolemy.actor.util.CausalityInterfaceForComposites._computeOutputPortDepth(CausalityInterfaceForComposites.java:765)
	at ptolemy.actor.util.CausalityInterfaceForComposites._computeInputDepth(CausalityInterfaceForComposites.java:696)
	at ptolemy.actor.util.CausalityInterfaceForComposites._computeOutputPortDepth(CausalityInterfaceForComposites.java:765)
	at ptolemy.actor.util.CausalityInterfaceForComposites._computeInputDepth(CausalityInterfaceForComposites.java:696)
	at ptolemy.actor.util.CausalityInterfaceForComposites._computeActorDepth(CausalityInterfaceForComposites.java:532)
	at ptolemy.actor.util.CausalityInterfaceForComposites.checkForCycles(CausalityInterfaceForComposites.java:96)
	at ptolemy.domains.de.kernel.DEDirector.preinitialize(DEDirector.java:1337)
	at ptolemy.actor.CompositeActor.preinitialize(CompositeActor.java:1828)
	at ptolemy.actor.Manager.preinitializeAndResolveTypes(Manager.java:1040)
	at ptolemy.actor.Manager.initialize(Manager.java:710)
	at ptolemy.actor.Manager.execute(Manager.java:356)
	at ptolemy.actor.Manager.run(Manager.java:1263)
	at ptolemy.actor.Manager$PtolemyRunThread.run(Manager.java:1915)
java.lang.reflect.InvocationTargetException
	at sun.reflect.NativeConstructorAccessorImpl.newInstance0(Native Method)
	at sun.reflect.NativeConstructorAccessorImpl.newInstance(NativeConstructorAccessorImpl.java:62)
	at sun.reflect.DelegatingConstructorAccessorImpl.newInstance(DelegatingConstructorAccessorImpl.java:45)
	at java.lang.reflect.Constructor.newInstance(Constructor.java:423)
	at ptolemy.util.test.junit.AutoKnownFailedTests.RunModel(AutoKnownFailedTests.java:107)
	at sun.reflect.NativeMethodAccessorImpl.invoke0(Native Method)
	at sun.reflect.NativeMethodAccessorImpl.invoke(NativeMethodAccessorImpl.java:62)
	at sun.reflect.DelegatingMethodAccessorImpl.invoke(DelegatingMethodAccessorImpl.java:43)
	at java.lang.reflect.Method.invoke(Method.java:498)
	at org.junit.runners.model.FrameworkMethod$1.runReflectiveCall(FrameworkMethod.java:44)
	at org.junit.internal.runners.model.ReflectiveCallable.run(ReflectiveCallable.java:15)
	at org.junit.runners.model.FrameworkMethod.invokeExplosively(FrameworkMethod.java:41)
	at junitparams.internal.InvokeParameterisedMethod.evaluate(InvokeParameterisedMethod.java:102)
	at org.junit.internal.runners.statements.FailOnTimeout$1.run(FailOnTimeout.java:28)
Caused by: ptolemy.kernel.util.IllegalActionException: Found a zero delay loop containing .dependencyLoop2.original
  in .dependencyLoop2 and .dependencyLoop2.original
	at ptolemy.actor.util.CausalityInterfaceForComposites._computeOutputPortDepth(CausalityInterfaceForComposites.java:759)
	at ptolemy.actor.util.CausalityInterfaceForComposites._computeInputDepth(CausalityInterfaceForComposites.java:696)
	at ptolemy.actor.util.CausalityInterfaceForComposites._computeOutputPortDepth(CausalityInterfaceForComposites.java:765)
	at ptolemy.actor.util.CausalityInterfaceForComposites._computeInputDepth(CausalityInterfaceForComposites.java:696)
	at ptolemy.actor.util.CausalityInterfaceForComposites._computeOutputPortDepth(CausalityInterfaceForComposites.java:765)
	at ptolemy.actor.util.CausalityInterfaceForComposites._computeInputDepth(CausalityInterfaceForComposites.java:696)
	at ptolemy.actor.util.CausalityInterfaceForComposites._computeActorDepth(CausalityInterfaceForComposites.java:532)
	at ptolemy.actor.util.CausalityInterfaceForComposites.checkForCycles(CausalityInterfaceForComposites.java:96)
	at ptolemy.domains.de.kernel.DEDirector.preinitialize(DEDirector.java:1337)
	at ptolemy.actor.CompositeActor.preinitialize(CompositeActor.java:1828)
	at ptolemy.actor.Manager.preinitializeAndResolveTypes(Manager.java:1040)
	at ptolemy.actor.Manager.initialize(Manager.java:710)
	at ptolemy.actor.Manager.execute(Manager.java:356)
	at ptolemy.actor.Manager.run(Manager.java:1263)
	at ptolemy.actor.Manager$PtolemyRunThread.run(Manager.java:1915)
]]></system-err>
</testsuite>
