<?xml version="1.0" encoding="UTF-8" ?>
<testsuite errors="0" failures="0" hostname="travis-job-55232618-3bb7-430f-8709-c815519e0b26" name="ptolemy.actor.lib.hoc.test.junit.JUnitTclTest" skipped="0" tests="58" time="23.652" timestamp="2018-10-12T02:26:46">
  <properties>
[...]
</properties>
  <testcase classname="ptolemy.util.test.junit.TclTests" name="[0] /home/travis/build/icyphy/ptII/ptolemy/actor/lib/hoc/test/IterateOverArray.tcl (RunTclFile)" time="0.28" />
  <testcase classname="ptolemy.util.test.junit.AutoKnownFailedTests" name="[0] /home/travis/build/icyphy/ptII/ptolemy/actor/lib/hoc/test/auto/knownFailedTests/PreinitializeMustBeInvokedRunComposite.xml (RunModel)" time="0.236" />
  <testcase classname="ptolemy.util.test.junit.AutoNameArchTests" name="[0] ThereAreNoAutoArchTests (RunModel)" time="0.002" />
  <testcase classname="ptolemy.util.test.junit.AutoTests" name="[0] /home/travis/build/icyphy/ptII/ptolemy/actor/lib/hoc/test/auto/AllToAllMultiInstanceComposite.xml (RunModel)" time="0.308" />
  <testcase classname="ptolemy.util.test.junit.AutoTests" name="[1] /home/travis/build/icyphy/ptII/ptolemy/actor/lib/hoc/test/auto/ApplyFFTTest.xml (RunModel)" time="0.269" />
  <testcase classname="ptolemy.util.test.junit.AutoTests" name="[2] /home/travis/build/icyphy/ptII/ptolemy/actor/lib/hoc/test/auto/ApplyFunction.xml (RunModel)" time="0.028" />
  <testcase classname="ptolemy.util.test.junit.AutoTests" name="[3] /home/travis/build/icyphy/ptII/ptolemy/actor/lib/hoc/test/auto/BackgroundExecution.xml (RunModel)" time="0.748" />
  <testcase classname="ptolemy.util.test.junit.AutoTests" name="[4] /home/travis/build/icyphy/ptII/ptolemy/actor/lib/hoc/test/auto/Case.xml (RunModel)" time="0.044" />
  <testcase classname="ptolemy.util.test.junit.AutoTests" name="[5] /home/travis/build/icyphy/ptII/ptolemy/actor/lib/hoc/test/auto/Case1.xml (RunModel)" time="0.028" />
  <testcase classname="ptolemy.util.test.junit.AutoTests" name="[6] /home/travis/build/icyphy/ptII/ptolemy/actor/lib/hoc/test/auto/Case2.xml (RunModel)" time="0.112" />
  <testcase classname="ptolemy.util.test.junit.AutoTests" name="[7] /home/travis/build/icyphy/ptII/ptolemy/actor/lib/hoc/test/auto/Case3.xml (RunModel)" time="0.056" />
  <testcase classname="ptolemy.util.test.junit.AutoTests" name="[8] /home/travis/build/icyphy/ptII/ptolemy/actor/lib/hoc/test/auto/Case4.xml (RunModel)" time="0.073" />
  <testcase classname="ptolemy.util.test.junit.AutoTests" name="[9] /home/travis/build/icyphy/ptII/ptolemy/actor/lib/hoc/test/auto/Case5.xml (RunModel)" time="0.071" />
  <testcase classname="ptolemy.util.test.junit.AutoTests" name="[10] /home/travis/build/icyphy/ptII/ptolemy/actor/lib/hoc/test/auto/Case6.xml (RunModel)" time="0.102" />
  <testcase classname="ptolemy.util.test.junit.AutoTests" name="[11] /home/travis/build/icyphy/ptII/ptolemy/actor/lib/hoc/test/auto/CaseString2.xml (RunModel)" time="0.052" />
  <testcase classname="ptolemy.util.test.junit.AutoTests" name="[12] /home/travis/build/icyphy/ptII/ptolemy/actor/lib/hoc/test/auto/CatchUpComposite1.xml (RunModel)" time="0.066" />
  <testcase classname="ptolemy.util.test.junit.AutoTests" name="[13] /home/travis/build/icyphy/ptII/ptolemy/actor/lib/hoc/test/auto/CatchUpComposite2.xml (RunModel)" time="0.052" />
  <testcase classname="ptolemy.util.test.junit.AutoTests" name="[14] /home/travis/build/icyphy/ptII/ptolemy/actor/lib/hoc/test/auto/CatchUpComposite3.xml (RunModel)" time="0.041" />
  <testcase classname="ptolemy.util.test.junit.AutoTests" name="[15] /home/travis/build/icyphy/ptII/ptolemy/actor/lib/hoc/test/auto/CatchUpComposite4.xml (RunModel)" time="0.059" />
  <testcase classname="ptolemy.util.test.junit.AutoTests" name="[16] /home/travis/build/icyphy/ptII/ptolemy/actor/lib/hoc/test/auto/CatchUpComposite5.xml (RunModel)" time="0.028" />
  <testcase classname="ptolemy.util.test.junit.AutoTests" name="[17] /home/travis/build/icyphy/ptII/ptolemy/actor/lib/hoc/test/auto/CatchUpComposite6.xml (RunModel)" time="0.159" />
  <testcase classname="ptolemy.util.test.junit.AutoTests" name="[18] /home/travis/build/icyphy/ptII/ptolemy/actor/lib/hoc/test/auto/CatchUpComposite7.xml (RunModel)" time="0.097" />
  <testcase classname="ptolemy.util.test.junit.AutoTests" name="[19] /home/travis/build/icyphy/ptII/ptolemy/actor/lib/hoc/test/auto/ConcurrentExecutionTimeSDF.xml (RunModel)" time="0.95" />
  <testcase classname="ptolemy.util.test.junit.AutoTests" name="[20] /home/travis/build/icyphy/ptII/ptolemy/actor/lib/hoc/test/auto/ConcurrentSleep.xml (RunModel)" time="0.784" />
  <testcase classname="ptolemy.util.test.junit.AutoTests" name="[21] /home/travis/build/icyphy/ptII/ptolemy/actor/lib/hoc/test/auto/DEInPNInRunCompositeActor.xml (RunModel)" time="0.038" />
  <testcase classname="ptolemy.util.test.junit.AutoTests" name="[22] /home/travis/build/icyphy/ptII/ptolemy/actor/lib/hoc/test/auto/DFTSubSetTest.xml (RunModel)" time="0.207" />
  <testcase classname="ptolemy.util.test.junit.AutoTests" name="[23] /home/travis/build/icyphy/ptII/ptolemy/actor/lib/hoc/test/auto/HocDE.xml (RunModel)" time="0.171" />
  <testcase classname="ptolemy.util.test.junit.AutoTests" name="[24] /home/travis/build/icyphy/ptII/ptolemy/actor/lib/hoc/test/auto/IterateOverArray.xml (RunModel)" time="0.043" />
  <testcase classname="ptolemy.util.test.junit.AutoTests" name="[25] /home/travis/build/icyphy/ptII/ptolemy/actor/lib/hoc/test/auto/IterateOverArray10.xml (RunModel)" time="0.019" />
  <testcase classname="ptolemy.util.test.junit.AutoTests" name="[26] /home/travis/build/icyphy/ptII/ptolemy/actor/lib/hoc/test/auto/IterateOverArray11.xml (RunModel)" time="0.028" />
  <testcase classname="ptolemy.util.test.junit.AutoTests" name="[27] /home/travis/build/icyphy/ptII/ptolemy/actor/lib/hoc/test/auto/IterateOverArray12.xml (RunModel)" time="0.043" />
  <testcase classname="ptolemy.util.test.junit.AutoTests" name="[28] /home/travis/build/icyphy/ptII/ptolemy/actor/lib/hoc/test/auto/IterateOverArray13.xml (RunModel)" time="0.159" />
  <testcase classname="ptolemy.util.test.junit.AutoTests" name="[29] /home/travis/build/icyphy/ptII/ptolemy/actor/lib/hoc/test/auto/IterateOverArray14.xml (RunModel)" time="0.128" />
  <testcase classname="ptolemy.util.test.junit.AutoTests" name="[30] /home/travis/build/icyphy/ptII/ptolemy/actor/lib/hoc/test/auto/IterateOverArray2.xml (RunModel)" time="0.028" />
  <testcase classname="ptolemy.util.test.junit.AutoTests" name="[31] /home/travis/build/icyphy/ptII/ptolemy/actor/lib/hoc/test/auto/IterateOverArray3.xml (RunModel)" time="0.042" />
  <testcase classname="ptolemy.util.test.junit.AutoTests" name="[32] /home/travis/build/icyphy/ptII/ptolemy/actor/lib/hoc/test/auto/IterateOverArray4.xml (RunModel)" time="0.017" />
  <testcase classname="ptolemy.util.test.junit.AutoTests" name="[33] /home/travis/build/icyphy/ptII/ptolemy/actor/lib/hoc/test/auto/IterateOverArray5.xml (RunModel)" time="0.02" />
  <testcase classname="ptolemy.util.test.junit.AutoTests" name="[34] /home/travis/build/icyphy/ptII/ptolemy/actor/lib/hoc/test/auto/IterateOverArray6.xml (RunModel)" time="0.021" />
  <testcase classname="ptolemy.util.test.junit.AutoTests" name="[35] /home/travis/build/icyphy/ptII/ptolemy/actor/lib/hoc/test/auto/IterateOverArray7.xml (RunModel)" time="0.02" />
  <testcase classname="ptolemy.util.test.junit.AutoTests" name="[36] /home/travis/build/icyphy/ptII/ptolemy/actor/lib/hoc/test/auto/IterateOverArray8.xml (RunModel)" time="0.022" />
  <testcase classname="ptolemy.util.test.junit.AutoTests" name="[37] /home/travis/build/icyphy/ptII/ptolemy/actor/lib/hoc/test/auto/IterateOverArray9.xml (RunModel)" time="0.019" />
  <testcase classname="ptolemy.util.test.junit.AutoTests" name="[38] /home/travis/build/icyphy/ptII/ptolemy/actor/lib/hoc/test/auto/IterateOverArrayCoercedOutputType.xml (RunModel)" time="0.032" />
  <testcase classname="ptolemy.util.test.junit.AutoTests" name="[39] /home/travis/build/icyphy/ptII/ptolemy/actor/lib/hoc/test/auto/IterateOverArrayInferredOutputType.xml (RunModel)" time="0.029" />
  <testcase classname="ptolemy.util.test.junit.AutoTests" name="[40] /home/travis/build/icyphy/ptII/ptolemy/actor/lib/hoc/test/auto/MobileFunctionTest.xml (RunModel)" time="0.029" />
  <testcase classname="ptolemy.util.test.junit.AutoTests" name="[41] /home/travis/build/icyphy/ptII/ptolemy/actor/lib/hoc/test/auto/MobileModelTest.xml (RunModel)" time="0.125" />
  <testcase classname="ptolemy.util.test.junit.AutoTests" name="[42] /home/travis/build/icyphy/ptII/ptolemy/actor/lib/hoc/test/auto/ModelReference.xml (RunModel)" time="0.076" />
  <testcase classname="ptolemy.util.test.junit.AutoTests" name="[43] /home/travis/build/icyphy/ptII/ptolemy/actor/lib/hoc/test/auto/ModelReference3.xml (RunModel)" time="0.049" />
  <testcase classname="ptolemy.util.test.junit.AutoTests" name="[44] /home/travis/build/icyphy/ptII/ptolemy/actor/lib/hoc/test/auto/ModelReference4.xml (RunModel)" time="10.04" />
  <testcase classname="ptolemy.util.test.junit.AutoTests" name="[45] /home/travis/build/icyphy/ptII/ptolemy/actor/lib/hoc/test/auto/MultiInstanceComposite.xml (RunModel)" time="0.047" />
  <testcase classname="ptolemy.util.test.junit.AutoTests" name="[46] /home/travis/build/icyphy/ptII/ptolemy/actor/lib/hoc/test/auto/MultiInstanceComposite2.xml (RunModel)" time="0.044" />
  <testcase classname="ptolemy.util.test.junit.AutoTests" name="[47] /home/travis/build/icyphy/ptII/ptolemy/actor/lib/hoc/test/auto/MulticoreExecution.xml (RunModel)" time="1.06" />
  <testcase classname="ptolemy.util.test.junit.AutoTests" name="[48] /home/travis/build/icyphy/ptII/ptolemy/actor/lib/hoc/test/auto/ParallelExecution.xml (RunModel)" time="0.939" />
  <testcase classname="ptolemy.util.test.junit.AutoTests" name="[49] /home/travis/build/icyphy/ptII/ptolemy/actor/lib/hoc/test/auto/RunCompositeActor.xml (RunModel)" time="0.064" />
  <testcase classname="ptolemy.util.test.junit.AutoTests" name="[50] /home/travis/build/icyphy/ptII/ptolemy/actor/lib/hoc/test/auto/RunCompositeActor2.xml (RunModel)" time="0.029" />
  <testcase classname="ptolemy.util.test.junit.AutoTests" name="[51] /home/travis/build/icyphy/ptII/ptolemy/actor/lib/hoc/test/auto/RunCompositeActor3.xml (RunModel)" time="0.026" />
  <testcase classname="ptolemy.util.test.junit.AutoTests" name="[52] /home/travis/build/icyphy/ptII/ptolemy/actor/lib/hoc/test/auto/RunCompositeActor4.xml (RunModel)" time="0.031" />
  <testcase classname="ptolemy.util.test.junit.AutoTests" name="[53] /home/travis/build/icyphy/ptII/ptolemy/actor/lib/hoc/test/auto/RunCompositeIterateOverArray.xml (RunModel)" time="0.052" />
  <testcase classname="ptolemy.util.test.junit.AutoTests" name="[54] /home/travis/build/icyphy/ptII/ptolemy/actor/lib/hoc/test/auto/ThreadedJS.xml (RunModel)" time="4.818" />
  <system-out><![CDATA[/home/travis/build/icyphy/ptII/ptolemy/actor/lib/hoc/test/IterateOverArray.tcl
testDefs.tcl: setting time out to 9000 seconds at Fri Oct 12 02:26:46 UTC 2018
10/12/18 02:26:46
Failed: 0  Total Tests: 2  ((Passed: 2, Newly Passed: 0)  Known Failed: 0) /home/travis/build/icyphy/ptII/ptolemy/actor/lib/hoc/test
----------------- testing (KnownFailure) /home/travis/build/icyphy/ptII/ptolemy/actor/lib/hoc/test/auto/knownFailedTests/PreinitializeMustBeInvokedRunComposite.xml
31 ms. Memory: 116224K Free: 103596K (89%)
Known Failure: java.lang.reflect.InvocationTargetException
No auto/linux-amd64/*.xml tests in /home/travis/build/icyphy/ptII/ptolemy/actor/lib/hoc/test
AutoTests.java: About to close Vertx.
AutoTests.java: Vertx closed.

===========================================================================================
----------------- testing Fri Oct 12 02:26:47 UTC 2018 /home/travis/build/icyphy/ptII/ptolemy/actor/lib/hoc/test/auto/AllToAllMultiInstanceComposite.xml
----------------- Instantiating /home/travis/build/icyphy/ptII/ptolemy/actor/lib/hoc/test/auto/AllToAllMultiInstanceComposite.xml
149 ms. Memory: 146944K Free: 108243K (74%)
----------------- Invoking toplevel() on ptolemy.moml.MoMLSimpleApplication@19be5840
----------------- Done invoking toplevel() on ptolemy.moml.MoMLSimpleApplication@19be5840
reloadAllAccessors: .AllToAllMultiInstanceComposite

===========================================================================================
----------------- testing Fri Oct 12 02:26:47 UTC 2018 /home/travis/build/icyphy/ptII/ptolemy/actor/lib/hoc/test/auto/ApplyFFTTest.xml
----------------- Instantiating /home/travis/build/icyphy/ptII/ptolemy/actor/lib/hoc/test/auto/ApplyFFTTest.xml
94 ms. Memory: 146944K Free: 88405K (60%)
----------------- Invoking toplevel() on ptolemy.moml.MoMLSimpleApplication@621dbbcf
----------------- Done invoking toplevel() on ptolemy.moml.MoMLSimpleApplication@621dbbcf
reloadAllAccessors: .ApplyFFTTest

===========================================================================================
----------------- testing Fri Oct 12 02:26:47 UTC 2018 /home/travis/build/icyphy/ptII/ptolemy/actor/lib/hoc/test/auto/ApplyFunction.xml
----------------- Instantiating /home/travis/build/icyphy/ptII/ptolemy/actor/lib/hoc/test/auto/ApplyFunction.xml
4 ms. Memory: 146944K Free: 84686K (58%)
----------------- Invoking toplevel() on ptolemy.moml.MoMLSimpleApplication@53a16f4a
----------------- Done invoking toplevel() on ptolemy.moml.MoMLSimpleApplication@53a16f4a
reloadAllAccessors: .ApplyFunction

===========================================================================================
----------------- testing Fri Oct 12 02:26:47 UTC 2018 /home/travis/build/icyphy/ptII/ptolemy/actor/lib/hoc/test/auto/BackgroundExecution.xml
----------------- Instantiating /home/travis/build/icyphy/ptII/ptolemy/actor/lib/hoc/test/auto/BackgroundExecution.xml
630 ms. Memory: 146944K Free: 137649K (94%)
----------------- Invoking toplevel() on ptolemy.moml.MoMLSimpleApplication@6f60b167
----------------- Done invoking toplevel() on ptolemy.moml.MoMLSimpleApplication@6f60b167
reloadAllAccessors: .BackgroundExecution

===========================================================================================
----------------- testing Fri Oct 12 02:26:48 UTC 2018 /home/travis/build/icyphy/ptII/ptolemy/actor/lib/hoc/test/auto/Case.xml
----------------- Instantiating /home/travis/build/icyphy/ptII/ptolemy/actor/lib/hoc/test/auto/Case.xml
14 ms. Memory: 146944K Free: 128971K (88%)
----------------- Invoking toplevel() on ptolemy.moml.MoMLSimpleApplication@2af11381
----------------- Done invoking toplevel() on ptolemy.moml.MoMLSimpleApplication@2af11381
reloadAllAccessors: .Case

===========================================================================================
----------------- testing Fri Oct 12 02:26:48 UTC 2018 /home/travis/build/icyphy/ptII/ptolemy/actor/lib/hoc/test/auto/Case1.xml
----------------- Instantiating /home/travis/build/icyphy/ptII/ptolemy/actor/lib/hoc/test/auto/Case1.xml
8 ms. Memory: 146944K Free: 121847K (83%)
----------------- Invoking toplevel() on ptolemy.moml.MoMLSimpleApplication@461b6e93
----------------- Done invoking toplevel() on ptolemy.moml.MoMLSimpleApplication@461b6e93
reloadAllAccessors: .Case1

===========================================================================================
----------------- testing Fri Oct 12 02:26:48 UTC 2018 /home/travis/build/icyphy/ptII/ptolemy/actor/lib/hoc/test/auto/Case2.xml
----------------- Instantiating /home/travis/build/icyphy/ptII/ptolemy/actor/lib/hoc/test/auto/Case2.xml
46 ms. Memory: 146944K Free: 110164K (75%)
----------------- Invoking toplevel() on ptolemy.moml.MoMLSimpleApplication@6b84d065
----------------- Done invoking toplevel() on ptolemy.moml.MoMLSimpleApplication@6b84d065
reloadAllAccessors: .Case2

===========================================================================================
----------------- testing Fri Oct 12 02:26:48 UTC 2018 /home/travis/build/icyphy/ptII/ptolemy/actor/lib/hoc/test/auto/Case3.xml
----------------- Instantiating /home/travis/build/icyphy/ptII/ptolemy/actor/lib/hoc/test/auto/Case3.xml
12 ms. Memory: 146944K Free: 103409K (70%)
----------------- Invoking toplevel() on ptolemy.moml.MoMLSimpleApplication@3b869440
----------------- Done invoking toplevel() on ptolemy.moml.MoMLSimpleApplication@3b869440
reloadAllAccessors: .Case3

===========================================================================================
----------------- testing Fri Oct 12 02:26:48 UTC 2018 /home/travis/build/icyphy/ptII/ptolemy/actor/lib/hoc/test/auto/Case4.xml
----------------- Instantiating /home/travis/build/icyphy/ptII/ptolemy/actor/lib/hoc/test/auto/Case4.xml
21 ms. Memory: 146944K Free: 94248K (64%)
----------------- Invoking toplevel() on ptolemy.moml.MoMLSimpleApplication@16a62342
----------------- Done invoking toplevel() on ptolemy.moml.MoMLSimpleApplication@16a62342
reloadAllAccessors: .Case4

===========================================================================================
----------------- testing Fri Oct 12 02:26:48 UTC 2018 /home/travis/build/icyphy/ptII/ptolemy/actor/lib/hoc/test/auto/Case5.xml
----------------- Instantiating /home/travis/build/icyphy/ptII/ptolemy/actor/lib/hoc/test/auto/Case5.xml
41 ms. Memory: 146944K Free: 87125K (59%)
----------------- Invoking toplevel() on ptolemy.moml.MoMLSimpleApplication@6b5559da
----------------- Done invoking toplevel() on ptolemy.moml.MoMLSimpleApplication@6b5559da
reloadAllAccessors: .junk

===========================================================================================
----------------- testing Fri Oct 12 02:26:48 UTC 2018 /home/travis/build/icyphy/ptII/ptolemy/actor/lib/hoc/test/auto/Case6.xml
----------------- Instantiating /home/travis/build/icyphy/ptII/ptolemy/actor/lib/hoc/test/auto/Case6.xml
36 ms. Memory: 208384K Free: 196586K (94%)
----------------- Invoking toplevel() on ptolemy.moml.MoMLSimpleApplication@2d0564d6
----------------- Done invoking toplevel() on ptolemy.moml.MoMLSimpleApplication@2d0564d6
reloadAllAccessors: .Case6

===========================================================================================
----------------- testing Fri Oct 12 02:26:48 UTC 2018 /home/travis/build/icyphy/ptII/ptolemy/actor/lib/hoc/test/auto/CaseString2.xml
----------------- Instantiating /home/travis/build/icyphy/ptII/ptolemy/actor/lib/hoc/test/auto/CaseString2.xml
18 ms. Memory: 208384K Free: 187056K (90%)
----------------- Invoking toplevel() on ptolemy.moml.MoMLSimpleApplication@724f8122
----------------- Done invoking toplevel() on ptolemy.moml.MoMLSimpleApplication@724f8122
reloadAllAccessors: .CaseString2

===========================================================================================
----------------- testing Fri Oct 12 02:26:49 UTC 2018 /home/travis/build/icyphy/ptII/ptolemy/actor/lib/hoc/test/auto/CatchUpComposite1.xml
----------------- Instantiating /home/travis/build/icyphy/ptII/ptolemy/actor/lib/hoc/test/auto/CatchUpComposite1.xml
17 ms. Memory: 208384K Free: 177208K (85%)
----------------- Invoking toplevel() on ptolemy.moml.MoMLSimpleApplication@113e275
----------------- Done invoking toplevel() on ptolemy.moml.MoMLSimpleApplication@113e275
reloadAllAccessors: .CatchUpComposite1

===========================================================================================
----------------- testing Fri Oct 12 02:26:49 UTC 2018 /home/travis/build/icyphy/ptII/ptolemy/actor/lib/hoc/test/auto/CatchUpComposite2.xml
----------------- Instantiating /home/travis/build/icyphy/ptII/ptolemy/actor/lib/hoc/test/auto/CatchUpComposite2.xml
14 ms. Memory: 208384K Free: 167330K (80%)
----------------- Invoking toplevel() on ptolemy.moml.MoMLSimpleApplication@4233af42
----------------- Done invoking toplevel() on ptolemy.moml.MoMLSimpleApplication@4233af42
reloadAllAccessors: .CatchUpComposite2

===========================================================================================
----------------- testing Fri Oct 12 02:26:49 UTC 2018 /home/travis/build/icyphy/ptII/ptolemy/actor/lib/hoc/test/auto/CatchUpComposite3.xml
----------------- Instantiating /home/travis/build/icyphy/ptII/ptolemy/actor/lib/hoc/test/auto/CatchUpComposite3.xml
9 ms. Memory: 208384K Free: 156523K (75%)
----------------- Invoking toplevel() on ptolemy.moml.MoMLSimpleApplication@30c10826
----------------- Done invoking toplevel() on ptolemy.moml.MoMLSimpleApplication@30c10826
reloadAllAccessors: .CatchUpComposite3

===========================================================================================
----------------- testing Fri Oct 12 02:26:49 UTC 2018 /home/travis/build/icyphy/ptII/ptolemy/actor/lib/hoc/test/auto/CatchUpComposite4.xml
----------------- Instantiating /home/travis/build/icyphy/ptII/ptolemy/actor/lib/hoc/test/auto/CatchUpComposite4.xml
17 ms. Memory: 208384K Free: 147274K (71%)
----------------- Invoking toplevel() on ptolemy.moml.MoMLSimpleApplication@4c1247fc
----------------- Done invoking toplevel() on ptolemy.moml.MoMLSimpleApplication@4c1247fc
reloadAllAccessors: .CatchUpComposite4

===========================================================================================
----------------- testing Fri Oct 12 02:26:49 UTC 2018 /home/travis/build/icyphy/ptII/ptolemy/actor/lib/hoc/test/auto/CatchUpComposite5.xml
----------------- Instantiating /home/travis/build/icyphy/ptII/ptolemy/actor/lib/hoc/test/auto/CatchUpComposite5.xml
6 ms. Memory: 208384K Free: 138640K (67%)
----------------- Invoking toplevel() on ptolemy.moml.MoMLSimpleApplication@680c38c
----------------- Done invoking toplevel() on ptolemy.moml.MoMLSimpleApplication@680c38c
reloadAllAccessors: .CatchUpComposite5

===========================================================================================
----------------- testing Fri Oct 12 02:26:49 UTC 2018 /home/travis/build/icyphy/ptII/ptolemy/actor/lib/hoc/test/auto/CatchUpComposite6.xml
----------------- Instantiating /home/travis/build/icyphy/ptII/ptolemy/actor/lib/hoc/test/auto/CatchUpComposite6.xml
WARNING: The execution aspects in this model can influence the timing of actors by delaying the 
execution, potentially changing the behavior. There is no guarantee that actors fire at the 
time they request to be fired. 
Use Ptides for deterministic DE behavior that is not influenced by execution aspects. 

87 ms. Memory: 208384K Free: 119733K (57%)
----------------- Invoking toplevel() on ptolemy.moml.MoMLSimpleApplication@697270d3
----------------- Done invoking toplevel() on ptolemy.moml.MoMLSimpleApplication@697270d3
reloadAllAccessors: .CatchUpComposite6

===========================================================================================
----------------- testing Fri Oct 12 02:26:49 UTC 2018 /home/travis/build/icyphy/ptII/ptolemy/actor/lib/hoc/test/auto/CatchUpComposite7.xml
----------------- Instantiating /home/travis/build/icyphy/ptII/ptolemy/actor/lib/hoc/test/auto/CatchUpComposite7.xml
WARNING: The execution aspects in this model can influence the timing of actors by delaying the 
execution, potentially changing the behavior. There is no guarantee that actors fire at the 
time they request to be fired. 
Use Ptides for deterministic DE behavior that is not influenced by execution aspects. 

44 ms. Memory: 208384K Free: 102352K (49%)
----------------- Invoking toplevel() on ptolemy.moml.MoMLSimpleApplication@5618c692
----------------- Done invoking toplevel() on ptolemy.moml.MoMLSimpleApplication@5618c692
reloadAllAccessors: .CatchUpComposite7

===========================================================================================
----------------- testing Fri Oct 12 02:26:49 UTC 2018 /home/travis/build/icyphy/ptII/ptolemy/actor/lib/hoc/test/auto/ConcurrentExecutionTimeSDF.xml
----------------- Instantiating /home/travis/build/icyphy/ptII/ptolemy/actor/lib/hoc/test/auto/ConcurrentExecutionTimeSDF.xml
Fired ExecutionTime: 40400000
Fired ExecutionTime: 40400000
Fired ExecutionTime: 40400000
Fired ExecutionTime: 40400000
Fired ExecutionTime: 40400000
Fired ExecutionTime: 40400000
Fired ExecutionTime: 40400000
Fired ExecutionTime: 40400000
Fired ExecutionTime: 40400000
Fired ExecutionTime: 40400000
Fired ExecutionTime: 40400000
Fired ExecutionTime: 40400000
Fired ExecutionTime: 40400000
Fired ExecutionTime: 40400000
Fired ExecutionTime: 40400000
Fired ExecutionTime: 40400000
Fired ExecutionTime: 40400000
Fired ExecutionTime: 40400000
Fired ExecutionTime: 40400000
Fired ExecutionTime: 40400000
924 ms. Memory: 208384K Free: 93686K (45%)
----------------- Invoking toplevel() on ptolemy.moml.MoMLSimpleApplication@3c15a140
----------------- Done invoking toplevel() on ptolemy.moml.MoMLSimpleApplication@3c15a140
reloadAllAccessors: .ConcurrentExecutionTimeSDF

===========================================================================================
----------------- testing Fri Oct 12 02:26:50 UTC 2018 /home/travis/build/icyphy/ptII/ptolemy/actor/lib/hoc/test/auto/ConcurrentSleep.xml
----------------- Instantiating /home/travis/build/icyphy/ptII/ptolemy/actor/lib/hoc/test/auto/ConcurrentSleep.xml
752 ms. Memory: 208384K Free: 200624K (96%)
----------------- Invoking toplevel() on ptolemy.moml.MoMLSimpleApplication@73b57de0
----------------- Done invoking toplevel() on ptolemy.moml.MoMLSimpleApplication@73b57de0
reloadAllAccessors: .ConcurrentSleep

===========================================================================================
----------------- testing Fri Oct 12 02:26:51 UTC 2018 /home/travis/build/icyphy/ptII/ptolemy/actor/lib/hoc/test/auto/DEInPNInRunCompositeActor.xml
----------------- Instantiating /home/travis/build/icyphy/ptII/ptolemy/actor/lib/hoc/test/auto/DEInPNInRunCompositeActor.xml
13 ms. Memory: 208384K Free: 192704K (92%)
----------------- Invoking toplevel() on ptolemy.moml.MoMLSimpleApplication@425464df
----------------- Done invoking toplevel() on ptolemy.moml.MoMLSimpleApplication@425464df
reloadAllAccessors: .DEInPNInRunCompositeActor

===========================================================================================
----------------- testing Fri Oct 12 02:26:51 UTC 2018 /home/travis/build/icyphy/ptII/ptolemy/actor/lib/hoc/test/auto/DFTSubSetTest.xml
----------------- Instantiating /home/travis/build/icyphy/ptII/ptolemy/actor/lib/hoc/test/auto/DFTSubSetTest.xml
119 ms. Memory: 208384K Free: 145319K (70%)
----------------- Invoking toplevel() on ptolemy.moml.MoMLSimpleApplication@63005ae2
----------------- Done invoking toplevel() on ptolemy.moml.MoMLSimpleApplication@63005ae2
reloadAllAccessors: .DFTSubSetTest

===========================================================================================
----------------- testing Fri Oct 12 02:26:51 UTC 2018 /home/travis/build/icyphy/ptII/ptolemy/actor/lib/hoc/test/auto/HocDE.xml
----------------- Instantiating /home/travis/build/icyphy/ptII/ptolemy/actor/lib/hoc/test/auto/HocDE.xml
129 ms. Memory: 208384K Free: 117860K (57%)
----------------- Invoking toplevel() on ptolemy.moml.MoMLSimpleApplication@2d2d8bdc
----------------- Done invoking toplevel() on ptolemy.moml.MoMLSimpleApplication@2d2d8bdc
reloadAllAccessors: .HocDE

===========================================================================================
----------------- testing Fri Oct 12 02:26:51 UTC 2018 /home/travis/build/icyphy/ptII/ptolemy/actor/lib/hoc/test/auto/IterateOverArray.xml
----------------- Instantiating /home/travis/build/icyphy/ptII/ptolemy/actor/lib/hoc/test/auto/IterateOverArray.xml
6 ms. Memory: 208384K Free: 113420K (54%)
----------------- Invoking toplevel() on ptolemy.moml.MoMLSimpleApplication@6a65345a
----------------- Done invoking toplevel() on ptolemy.moml.MoMLSimpleApplication@6a65345a
reloadAllAccessors: .IterateOverArray

===========================================================================================
----------------- testing Fri Oct 12 02:26:51 UTC 2018 /home/travis/build/icyphy/ptII/ptolemy/actor/lib/hoc/test/auto/IterateOverArray10.xml
----------------- Instantiating /home/travis/build/icyphy/ptII/ptolemy/actor/lib/hoc/test/auto/IterateOverArray10.xml
2 ms. Memory: 208384K Free: 108860K (52%)
----------------- Invoking toplevel() on ptolemy.moml.MoMLSimpleApplication@5b150ba9
----------------- Done invoking toplevel() on ptolemy.moml.MoMLSimpleApplication@5b150ba9
reloadAllAccessors: .IterateOverArray10

===========================================================================================
----------------- testing Fri Oct 12 02:26:51 UTC 2018 /home/travis/build/icyphy/ptII/ptolemy/actor/lib/hoc/test/auto/IterateOverArray11.xml
----------------- Instantiating /home/travis/build/icyphy/ptII/ptolemy/actor/lib/hoc/test/auto/IterateOverArray11.xml
6 ms. Memory: 208384K Free: 104404K (50%)
----------------- Invoking toplevel() on ptolemy.moml.MoMLSimpleApplication@797d83ba
----------------- Done invoking toplevel() on ptolemy.moml.MoMLSimpleApplication@797d83ba
reloadAllAccessors: .IterateOverArray11

===========================================================================================
----------------- testing Fri Oct 12 02:26:51 UTC 2018 /home/travis/build/icyphy/ptII/ptolemy/actor/lib/hoc/test/auto/IterateOverArray12.xml
----------------- Instantiating /home/travis/build/icyphy/ptII/ptolemy/actor/lib/hoc/test/auto/IterateOverArray12.xml
19 ms. Memory: 208384K Free: 97355K (47%)
----------------- Invoking toplevel() on ptolemy.moml.MoMLSimpleApplication@2e436820
----------------- Done invoking toplevel() on ptolemy.moml.MoMLSimpleApplication@2e436820
reloadAllAccessors: .IterateOverArray12

===========================================================================================
----------------- testing Fri Oct 12 02:26:51 UTC 2018 /home/travis/build/icyphy/ptII/ptolemy/actor/lib/hoc/test/auto/IterateOverArray13.xml
----------------- Instantiating /home/travis/build/icyphy/ptII/ptolemy/actor/lib/hoc/test/auto/IterateOverArray13.xml
76 ms. Memory: 331776K Free: 312936K (94%)
----------------- Invoking toplevel() on ptolemy.moml.MoMLSimpleApplication@63de5d95
----------------- Done invoking toplevel() on ptolemy.moml.MoMLSimpleApplication@63de5d95
reloadAllAccessors: .IterateOverArray13

===========================================================================================
----------------- testing Fri Oct 12 02:26:51 UTC 2018 /home/travis/build/icyphy/ptII/ptolemy/actor/lib/hoc/test/auto/IterateOverArray14.xml
----------------- Instantiating /home/travis/build/icyphy/ptII/ptolemy/actor/lib/hoc/test/auto/IterateOverArray14.xml
55 ms. Memory: 331776K Free: 275306K (83%)
----------------- Invoking toplevel() on ptolemy.moml.MoMLSimpleApplication@522a97ff
----------------- Done invoking toplevel() on ptolemy.moml.MoMLSimpleApplication@522a97ff
reloadAllAccessors: .IterateOverArray14

===========================================================================================
----------------- testing Fri Oct 12 02:26:52 UTC 2018 /home/travis/build/icyphy/ptII/ptolemy/actor/lib/hoc/test/auto/IterateOverArray2.xml
----------------- Instantiating /home/travis/build/icyphy/ptII/ptolemy/actor/lib/hoc/test/auto/IterateOverArray2.xml
7 ms. Memory: 331776K Free: 270401K (82%)
----------------- Invoking toplevel() on ptolemy.moml.MoMLSimpleApplication@365eb760
----------------- Done invoking toplevel() on ptolemy.moml.MoMLSimpleApplication@365eb760
reloadAllAccessors: .IterateOverArray2

===========================================================================================
----------------- testing Fri Oct 12 02:26:52 UTC 2018 /home/travis/build/icyphy/ptII/ptolemy/actor/lib/hoc/test/auto/IterateOverArray3.xml
----------------- Instantiating /home/travis/build/icyphy/ptII/ptolemy/actor/lib/hoc/test/auto/IterateOverArray3.xml
10 ms. Memory: 331776K Free: 262200K (79%)
----------------- Invoking toplevel() on ptolemy.moml.MoMLSimpleApplication@6473a61a
----------------- Done invoking toplevel() on ptolemy.moml.MoMLSimpleApplication@6473a61a
reloadAllAccessors: .IterateOverArray3

===========================================================================================
----------------- testing Fri Oct 12 02:26:52 UTC 2018 /home/travis/build/icyphy/ptII/ptolemy/actor/lib/hoc/test/auto/IterateOverArray4.xml
----------------- Instantiating /home/travis/build/icyphy/ptII/ptolemy/actor/lib/hoc/test/auto/IterateOverArray4.xml
4 ms. Memory: 331776K Free: 257295K (78%)
----------------- Invoking toplevel() on ptolemy.moml.MoMLSimpleApplication@5d0c4946
----------------- Done invoking toplevel() on ptolemy.moml.MoMLSimpleApplication@5d0c4946
reloadAllAccessors: .IterateOverArray4

===========================================================================================
----------------- testing Fri Oct 12 02:26:52 UTC 2018 /home/travis/build/icyphy/ptII/ptolemy/actor/lib/hoc/test/auto/IterateOverArray5.xml
----------------- Instantiating /home/travis/build/icyphy/ptII/ptolemy/actor/lib/hoc/test/auto/IterateOverArray5.xml
3 ms. Memory: 331776K Free: 252390K (76%)
----------------- Invoking toplevel() on ptolemy.moml.MoMLSimpleApplication@6c7d0e93
----------------- Done invoking toplevel() on ptolemy.moml.MoMLSimpleApplication@6c7d0e93
reloadAllAccessors: .IterateOverArray5

===========================================================================================
----------------- testing Fri Oct 12 02:26:52 UTC 2018 /home/travis/build/icyphy/ptII/ptolemy/actor/lib/hoc/test/auto/IterateOverArray6.xml
----------------- Instantiating /home/travis/build/icyphy/ptII/ptolemy/actor/lib/hoc/test/auto/IterateOverArray6.xml
9 ms. Memory: 331776K Free: 247869K (75%)
----------------- Invoking toplevel() on ptolemy.moml.MoMLSimpleApplication@40542b08
----------------- Done invoking toplevel() on ptolemy.moml.MoMLSimpleApplication@40542b08
reloadAllAccessors: .IterateOverArray6

===========================================================================================
----------------- testing Fri Oct 12 02:26:52 UTC 2018 /home/travis/build/icyphy/ptII/ptolemy/actor/lib/hoc/test/auto/IterateOverArray7.xml
----------------- Instantiating /home/travis/build/icyphy/ptII/ptolemy/actor/lib/hoc/test/auto/IterateOverArray7.xml
3 ms. Memory: 331776K Free: 242963K (73%)
----------------- Invoking toplevel() on ptolemy.moml.MoMLSimpleApplication@4e762931
----------------- Done invoking toplevel() on ptolemy.moml.MoMLSimpleApplication@4e762931
reloadAllAccessors: .IterateOverArray7

===========================================================================================
----------------- testing Fri Oct 12 02:26:52 UTC 2018 /home/travis/build/icyphy/ptII/ptolemy/actor/lib/hoc/test/auto/IterateOverArray8.xml
----------------- Instantiating /home/travis/build/icyphy/ptII/ptolemy/actor/lib/hoc/test/auto/IterateOverArray8.xml
4 ms. Memory: 331776K Free: 237216K (71%)
----------------- Invoking toplevel() on ptolemy.moml.MoMLSimpleApplication@3f5f6c84
----------------- Done invoking toplevel() on ptolemy.moml.MoMLSimpleApplication@3f5f6c84
reloadAllAccessors: .IterateOverArray8

===========================================================================================
----------------- testing Fri Oct 12 02:26:52 UTC 2018 /home/travis/build/icyphy/ptII/ptolemy/actor/lib/hoc/test/auto/IterateOverArray9.xml
----------------- Instantiating /home/travis/build/icyphy/ptII/ptolemy/actor/lib/hoc/test/auto/IterateOverArray9.xml
4 ms. Memory: 331776K Free: 232311K (70%)
----------------- Invoking toplevel() on ptolemy.moml.MoMLSimpleApplication@5d56ae20
----------------- Done invoking toplevel() on ptolemy.moml.MoMLSimpleApplication@5d56ae20
reloadAllAccessors: .IterateOverArray9

===========================================================================================
----------------- testing Fri Oct 12 02:26:52 UTC 2018 /home/travis/build/icyphy/ptII/ptolemy/actor/lib/hoc/test/auto/IterateOverArrayCoercedOutputType.xml
----------------- Instantiating /home/travis/build/icyphy/ptII/ptolemy/actor/lib/hoc/test/auto/IterateOverArrayCoercedOutputType.xml
3 ms. Memory: 331776K Free: 226179K (68%)
----------------- Invoking toplevel() on ptolemy.moml.MoMLSimpleApplication@10fff90f
----------------- Done invoking toplevel() on ptolemy.moml.MoMLSimpleApplication@10fff90f
reloadAllAccessors: .IterateOverArrayCoercedOutputType

===========================================================================================
----------------- testing Fri Oct 12 02:26:52 UTC 2018 /home/travis/build/icyphy/ptII/ptolemy/actor/lib/hoc/test/auto/IterateOverArrayInferredOutputType.xml
----------------- Instantiating /home/travis/build/icyphy/ptII/ptolemy/actor/lib/hoc/test/auto/IterateOverArrayInferredOutputType.xml
7 ms. Memory: 331776K Free: 219205K (66%)
----------------- Invoking toplevel() on ptolemy.moml.MoMLSimpleApplication@7099316e
----------------- Done invoking toplevel() on ptolemy.moml.MoMLSimpleApplication@7099316e
reloadAllAccessors: .IterateOverArrayInferredOutputType

===========================================================================================
----------------- testing Fri Oct 12 02:26:52 UTC 2018 /home/travis/build/icyphy/ptII/ptolemy/actor/lib/hoc/test/auto/MobileFunctionTest.xml
----------------- Instantiating /home/travis/build/icyphy/ptII/ptolemy/actor/lib/hoc/test/auto/MobileFunctionTest.xml
5 ms. Memory: 331776K Free: 214300K (65%)
----------------- Invoking toplevel() on ptolemy.moml.MoMLSimpleApplication@309b50d9
----------------- Done invoking toplevel() on ptolemy.moml.MoMLSimpleApplication@309b50d9
reloadAllAccessors: .MobileFunctionTest

===========================================================================================
----------------- testing Fri Oct 12 02:26:52 UTC 2018 /home/travis/build/icyphy/ptII/ptolemy/actor/lib/hoc/test/auto/MobileModelTest.xml
----------------- Instantiating /home/travis/build/icyphy/ptII/ptolemy/actor/lib/hoc/test/auto/MobileModelTest.xml
79 ms. Memory: 331776K Free: 192603K (58%)
----------------- Invoking toplevel() on ptolemy.moml.MoMLSimpleApplication@4e219c19
----------------- Done invoking toplevel() on ptolemy.moml.MoMLSimpleApplication@4e219c19
reloadAllAccessors: .MobileModelTest

===========================================================================================
----------------- testing Fri Oct 12 02:26:52 UTC 2018 /home/travis/build/icyphy/ptII/ptolemy/actor/lib/hoc/test/auto/ModelReference.xml
----------------- Instantiating /home/travis/build/icyphy/ptII/ptolemy/actor/lib/hoc/test/auto/ModelReference.xml
8 ms. Memory: 331776K Free: 184011K (55%)
2 ms. Memory: 331776K Free: 182785K (55%)
2 ms. Memory: 331776K Free: 182785K (55%)
3 ms. Memory: 331776K Free: 181558K (55%)
2 ms. Memory: 331776K Free: 180332K (54%)
1 ms. Memory: 331776K Free: 180332K (54%)
6 ms. Memory: 331776K Free: 179106K (54%)
1 ms. Memory: 331776K Free: 177879K (54%)
2 ms. Memory: 331776K Free: 177879K (54%)
5 ms. Memory: 331776K Free: 176653K (53%)
47 ms. Memory: 331776K Free: 176653K (53%)
----------------- Invoking toplevel() on ptolemy.moml.MoMLSimpleApplication@6d114982
----------------- Done invoking toplevel() on ptolemy.moml.MoMLSimpleApplication@6d114982
reloadAllAccessors: .ModelReference

===========================================================================================
----------------- testing Fri Oct 12 02:26:52 UTC 2018 /home/travis/build/icyphy/ptII/ptolemy/actor/lib/hoc/test/auto/ModelReference3.xml
----------------- Instantiating /home/travis/build/icyphy/ptII/ptolemy/actor/lib/hoc/test/auto/ModelReference3.xml
2 ms. Memory: 331776K Free: 170522K (51%)
5 ms. Memory: 331776K Free: 170522K (51%)
2 ms. Memory: 331776K Free: 169296K (51%)
4 ms. Memory: 331776K Free: 168069K (51%)
2 ms. Memory: 331776K Free: 168069K (51%)
1 ms. Memory: 331776K Free: 166843K (50%)
1 ms. Memory: 331776K Free: 165617K (50%)
3 ms. Memory: 331776K Free: 165617K (50%)
1 ms. Memory: 331776K Free: 164391K (50%)
3 ms. Memory: 331776K Free: 163165K (49%)
31 ms. Memory: 331776K Free: 163165K (49%)
----------------- Invoking toplevel() on ptolemy.moml.MoMLSimpleApplication@ae98b7
----------------- Done invoking toplevel() on ptolemy.moml.MoMLSimpleApplication@ae98b7
reloadAllAccessors: .ModelReference3

===========================================================================================
----------------- testing Fri Oct 12 02:26:52 UTC 2018 /home/travis/build/icyphy/ptII/ptolemy/actor/lib/hoc/test/auto/ModelReference4.xml
----------------- Instantiating /home/travis/build/icyphy/ptII/ptolemy/actor/lib/hoc/test/auto/ModelReference4.xml
2 ms. Memory: 331776K Free: 156190K (47%)
3 ms. Memory: 331776K Free: 154964K (47%)
10 ms. Memory: 331776K Free: 152512K (46%)
2 ms. Memory: 331776K Free: 151286K (46%)
17 ms. Memory: 331776K Free: 150059K (45%)
9 ms. Memory: 331776K Free: 148833K (45%)
2 ms. Memory: 331776K Free: 147607K (44%)
6 ms. Memory: 331776K Free: 146381K (44%)
5 ms. Memory: 331776K Free: 143928K (43%)
3 ms. Memory: 331776K Free: 142702K (43%)
10021 ms. Memory: 331776K Free: 142702K (43%)
----------------- Invoking toplevel() on ptolemy.moml.MoMLSimpleApplication@5a3029cd
----------------- Done invoking toplevel() on ptolemy.moml.MoMLSimpleApplication@5a3029cd
reloadAllAccessors: .ModelReference4

===========================================================================================
----------------- testing Fri Oct 12 02:27:02 UTC 2018 /home/travis/build/icyphy/ptII/ptolemy/actor/lib/hoc/test/auto/MultiInstanceComposite.xml
----------------- Instantiating /home/travis/build/icyphy/ptII/ptolemy/actor/lib/hoc/test/auto/MultiInstanceComposite.xml
26 ms. Memory: 331776K Free: 126649K (38%)
----------------- Invoking toplevel() on ptolemy.moml.MoMLSimpleApplication@6aad32b8
----------------- Done invoking toplevel() on ptolemy.moml.MoMLSimpleApplication@6aad32b8
reloadAllAccessors: .MultiInstanceComposite

===========================================================================================
----------------- testing Fri Oct 12 02:27:02 UTC 2018 /home/travis/build/icyphy/ptII/ptolemy/actor/lib/hoc/test/auto/MultiInstanceComposite2.xml
----------------- Instantiating /home/travis/build/icyphy/ptII/ptolemy/actor/lib/hoc/test/auto/MultiInstanceComposite2.xml
17 ms. Memory: 331776K Free: 112237K (34%)
----------------- Invoking toplevel() on ptolemy.moml.MoMLSimpleApplication@62565ea2
----------------- Done invoking toplevel() on ptolemy.moml.MoMLSimpleApplication@62565ea2
reloadAllAccessors: .MultiInstanceComposite2

===========================================================================================
----------------- testing Fri Oct 12 02:27:02 UTC 2018 /home/travis/build/icyphy/ptII/ptolemy/actor/lib/hoc/test/auto/MulticoreExecution.xml
----------------- Instantiating /home/travis/build/icyphy/ptII/ptolemy/actor/lib/hoc/test/auto/MulticoreExecution.xml
Fired ExecutionTime: 2800000
Fired ExecutionTime: 2800000
Fired ExecutionTime: 61600000
Fired ExecutionTime: 61600000
Fired ExecutionTime: 66400000
Fired ExecutionTime: 66000000
Fired ExecutionTime: 65600000
Fired ExecutionTime: 66400000
Fired ExecutionTime: 65200000
Fired ExecutionTime: 65600000
Fired ExecutionTime: 66400000
Fired ExecutionTime: 64800000
Fired ExecutionTime: 65600000
Fired ExecutionTime: 63200000
Fired ExecutionTime: 60400000
Fired ExecutionTime: 67600000
Fired ExecutionTime: 72400000
Fired ExecutionTime: 72800000
Fired ExecutionTime: 76400000
Fired ExecutionTime: 75600000
1037 ms. Memory: 331776K Free: 99958K (30%)
----------------- Invoking toplevel() on ptolemy.moml.MoMLSimpleApplication@663adc4b
----------------- Done invoking toplevel() on ptolemy.moml.MoMLSimpleApplication@663adc4b
reloadAllAccessors: .MulticoreExecution

===========================================================================================
----------------- testing Fri Oct 12 02:27:03 UTC 2018 /home/travis/build/icyphy/ptII/ptolemy/actor/lib/hoc/test/auto/ParallelExecution.xml
----------------- Instantiating /home/travis/build/icyphy/ptII/ptolemy/actor/lib/hoc/test/auto/ParallelExecution.xml
914 ms. Memory: 331776K Free: 83984K (25%)
----------------- Invoking toplevel() on ptolemy.moml.MoMLSimpleApplication@52297aca
----------------- Done invoking toplevel() on ptolemy.moml.MoMLSimpleApplication@52297aca
reloadAllAccessors: .ParallelExecution

===========================================================================================
----------------- testing Fri Oct 12 02:27:04 UTC 2018 /home/travis/build/icyphy/ptII/ptolemy/actor/lib/hoc/test/auto/RunCompositeActor.xml
----------------- Instantiating /home/travis/build/icyphy/ptII/ptolemy/actor/lib/hoc/test/auto/RunCompositeActor.xml
11 ms. Memory: 332288K Free: 320974K (97%)
----------------- Invoking toplevel() on ptolemy.moml.MoMLSimpleApplication@13fa3ea0
----------------- Done invoking toplevel() on ptolemy.moml.MoMLSimpleApplication@13fa3ea0
reloadAllAccessors: .RunCompositeActor

===========================================================================================
----------------- testing Fri Oct 12 02:27:04 UTC 2018 /home/travis/build/icyphy/ptII/ptolemy/actor/lib/hoc/test/auto/RunCompositeActor2.xml
----------------- Instantiating /home/travis/build/icyphy/ptII/ptolemy/actor/lib/hoc/test/auto/RunCompositeActor2.xml
8 ms. Memory: 332288K Free: 312984K (94%)
----------------- Invoking toplevel() on ptolemy.moml.MoMLSimpleApplication@489c7e9
----------------- Done invoking toplevel() on ptolemy.moml.MoMLSimpleApplication@489c7e9
reloadAllAccessors: .RunCompositeActor2

===========================================================================================
----------------- testing Fri Oct 12 02:27:04 UTC 2018 /home/travis/build/icyphy/ptII/ptolemy/actor/lib/hoc/test/auto/RunCompositeActor3.xml
----------------- Instantiating /home/travis/build/icyphy/ptII/ptolemy/actor/lib/hoc/test/auto/RunCompositeActor3.xml
4 ms. Memory: 332288K Free: 306206K (92%)
----------------- Invoking toplevel() on ptolemy.moml.MoMLSimpleApplication@47eb17f4
----------------- Done invoking toplevel() on ptolemy.moml.MoMLSimpleApplication@47eb17f4
reloadAllAccessors: .RunCompositeActor3

===========================================================================================
----------------- testing Fri Oct 12 02:27:04 UTC 2018 /home/travis/build/icyphy/ptII/ptolemy/actor/lib/hoc/test/auto/RunCompositeActor4.xml
----------------- Instantiating /home/travis/build/icyphy/ptII/ptolemy/actor/lib/hoc/test/auto/RunCompositeActor4.xml
13 ms. Memory: 332288K Free: 297372K (89%)
----------------- Invoking toplevel() on ptolemy.moml.MoMLSimpleApplication@2a6429ae
----------------- Done invoking toplevel() on ptolemy.moml.MoMLSimpleApplication@2a6429ae
reloadAllAccessors: .RunCompositeActor4

===========================================================================================
----------------- testing Fri Oct 12 02:27:04 UTC 2018 /home/travis/build/icyphy/ptII/ptolemy/actor/lib/hoc/test/auto/RunCompositeIterateOverArray.xml
----------------- Instantiating /home/travis/build/icyphy/ptII/ptolemy/actor/lib/hoc/test/auto/RunCompositeIterateOverArray.xml
8 ms. Memory: 332288K Free: 290626K (87%)
----------------- Invoking toplevel() on ptolemy.moml.MoMLSimpleApplication@63527c34
----------------- Done invoking toplevel() on ptolemy.moml.MoMLSimpleApplication@63527c34
reloadAllAccessors: .RunCompositeIterateOverArray

===========================================================================================
----------------- testing Fri Oct 12 02:27:05 UTC 2018 /home/travis/build/icyphy/ptII/ptolemy/actor/lib/hoc/test/auto/ThreadedJS.xml
----------------- Instantiating /home/travis/build/icyphy/ptII/ptolemy/actor/lib/hoc/test/auto/ThreadedJS.xml
1793 ms. Memory: 541696K Free: 166690K (31%)
----------------- Invoking toplevel() on ptolemy.moml.MoMLSimpleApplication@7368cf09
----------------- Done invoking toplevel() on ptolemy.moml.MoMLSimpleApplication@7368cf09
reloadAllAccessors: .ThreadedJS
AutoTests.java: About to close Vertx.
AutoTests.java: Vertx closed.
]]></system-out>
  <system-err><![CDATA[java.lang.RuntimeException: Execution failed
	at ptolemy.moml.MoMLSimpleApplication$UnloadThread.run(MoMLSimpleApplication.java:402)
Caused by: ptolemy.kernel.util.IllegalActionException: initialize() was called after wrapup() was called but preinitialize() was not called after wrapup().
	at ptolemy.actor.lib.hoc.test.PreinitializeMustBeInvoked.initialize(PreinitializeMustBeInvoked.java:78)
	at ptolemy.actor.Director.initialize(Director.java:938)
	at ptolemy.actor.Director.initialize(Director.java:907)
	at ptolemy.actor.sched.StaticSchedulingDirector.initialize(StaticSchedulingDirector.java:159)
	at ptolemy.domains.sdf.kernel.SDFDirector.initialize(SDFDirector.java:544)
	at ptolemy.actor.CompositeActor.initialize(CompositeActor.java:935)
	at ptolemy.actor.lib.hoc.LifeCycleManager._executeInsideModel(LifeCycleManager.java:339)
	at ptolemy.actor.lib.hoc.RunCompositeActor.fire(RunCompositeActor.java:205)
	at ptolemy.actor.CompositeActor.iterate(CompositeActor.java:1146)
	at ptolemy.actor.sched.StaticSchedulingDirector.fire(StaticSchedulingDirector.java:216)
	at ptolemy.domains.sdf.kernel.SDFDirector.fire(SDFDirector.java:500)
	at ptolemy.actor.CompositeActor.fire(CompositeActor.java:455)
	at ptolemy.actor.Manager.iterate(Manager.java:851)
	at ptolemy.actor.Manager.execute(Manager.java:369)
	at ptolemy.actor.Manager.run(Manager.java:1263)
	at ptolemy.actor.Manager$PtolemyRunThread.run(Manager.java:1915)
java.lang.reflect.InvocationTargetException
	at sun.reflect.NativeConstructorAccessorImpl.newInstance0(Native Method)
	at sun.reflect.NativeConstructorAccessorImpl.newInstance(NativeConstructorAccessorImpl.java:62)
	at sun.reflect.DelegatingConstructorAccessorImpl.newInstance(DelegatingConstructorAccessorImpl.java:45)
	at java.lang.reflect.Constructor.newInstance(Constructor.java:423)
	at ptolemy.util.test.junit.AutoKnownFailedTests.RunModel(AutoKnownFailedTests.java:107)
	at sun.reflect.NativeMethodAccessorImpl.invoke0(Native Method)
	at sun.reflect.NativeMethodAccessorImpl.invoke(NativeMethodAccessorImpl.java:62)
	at sun.reflect.DelegatingMethodAccessorImpl.invoke(DelegatingMethodAccessorImpl.java:43)
	at java.lang.reflect.Method.invoke(Method.java:498)
	at org.junit.runners.model.FrameworkMethod$1.runReflectiveCall(FrameworkMethod.java:44)
	at org.junit.internal.runners.model.ReflectiveCallable.run(ReflectiveCallable.java:15)
	at org.junit.runners.model.FrameworkMethod.invokeExplosively(FrameworkMethod.java:41)
	at junitparams.internal.InvokeParameterisedMethod.evaluate(InvokeParameterisedMethod.java:102)
	at org.junit.internal.runners.statements.FailOnTimeout$1.run(FailOnTimeout.java:28)
Caused by: ptolemy.kernel.util.IllegalActionException: initialize() was called after wrapup() was called but preinitialize() was not called after wrapup().
	at ptolemy.actor.lib.hoc.test.PreinitializeMustBeInvoked.initialize(PreinitializeMustBeInvoked.java:78)
	at ptolemy.actor.Director.initialize(Director.java:938)
	at ptolemy.actor.Director.initialize(Director.java:907)
	at ptolemy.actor.sched.StaticSchedulingDirector.initialize(StaticSchedulingDirector.java:159)
	at ptolemy.domains.sdf.kernel.SDFDirector.initialize(SDFDirector.java:544)
	at ptolemy.actor.CompositeActor.initialize(CompositeActor.java:935)
	at ptolemy.actor.lib.hoc.LifeCycleManager._executeInsideModel(LifeCycleManager.java:339)
	at ptolemy.actor.lib.hoc.RunCompositeActor.fire(RunCompositeActor.java:205)
	at ptolemy.actor.CompositeActor.iterate(CompositeActor.java:1146)
	at ptolemy.actor.sched.StaticSchedulingDirector.fire(StaticSchedulingDirector.java:216)
	at ptolemy.domains.sdf.kernel.SDFDirector.fire(SDFDirector.java:500)
	at ptolemy.actor.CompositeActor.fire(CompositeActor.java:455)
	at ptolemy.actor.Manager.iterate(Manager.java:851)
	at ptolemy.actor.Manager.execute(Manager.java:369)
	at ptolemy.actor.Manager.run(Manager.java:1263)
	at ptolemy.actor.Manager$PtolemyRunThread.run(Manager.java:1915)
]]></system-err>
</testsuite>
