<?xml version="1.0" encoding="UTF-8" ?>
<testsuite errors="0" failures="0" hostname="travis-job-7c621245-61c2-4f89-b474-95d6663b8f82" name="ptolemy.domains.continuous.test.junit.JUnitTclTest" skipped="0" tests="156" time="78.35" timestamp="2019-07-11T01:47:02">
  <properties>
[...]
</properties>
  <testcase classname="ptolemy.util.test.junit.TclTests" name="[0] ThereAreNoTclTests (RunTclFile)" time="0.019" />
  <testcase classname="ptolemy.util.test.junit.AutoKnownFailedTests" name="[0] ThereAreNoKnowFailedTests (RunModel)" time="0.004" />
  <testcase classname="ptolemy.util.test.junit.AutoNameArchTests" name="[0] ThereAreNoAutoArchTests (RunModel)" time="0.024" />
  <testcase classname="ptolemy.util.test.junit.AutoTests" name="[0] /home/travis/build/icyphy/ptII/ptolemy/domains/continuous/test/auto/BouncingBall.xml (RunModel)" time="3.216" />
  <testcase classname="ptolemy.util.test.junit.AutoTests" name="[1] /home/travis/build/icyphy/ptII/ptolemy/domains/continuous/test/auto/BouncingBallWithoutGR.xml (RunModel)" time="0.98" />
  <testcase classname="ptolemy.util.test.junit.AutoTests" name="[2] /home/travis/build/icyphy/ptII/ptolemy/domains/continuous/test/auto/Brownian.xml (RunModel)" time="0.119" />
  <testcase classname="ptolemy.util.test.junit.AutoTests" name="[3] /home/travis/build/icyphy/ptII/ptolemy/domains/continuous/test/auto/CarTracking.xml (RunModel)" time="3.803" />
  <testcase classname="ptolemy.util.test.junit.AutoTests" name="[4] /home/travis/build/icyphy/ptII/ptolemy/domains/continuous/test/auto/CartPendulum.xml (RunModel)" time="0.592" />
  <testcase classname="ptolemy.util.test.junit.AutoTests" name="[5] /home/travis/build/icyphy/ptII/ptolemy/domains/continuous/test/auto/CausalityInterface10.xml (RunModel)" time="0.052" />
  <testcase classname="ptolemy.util.test.junit.AutoTests" name="[6] /home/travis/build/icyphy/ptII/ptolemy/domains/continuous/test/auto/CausalityInterface11.xml (RunModel)" time="0.03" />
  <testcase classname="ptolemy.util.test.junit.AutoTests" name="[7] /home/travis/build/icyphy/ptII/ptolemy/domains/continuous/test/auto/CausalityInterface12.xml (RunModel)" time="0.041" />
  <testcase classname="ptolemy.util.test.junit.AutoTests" name="[8] /home/travis/build/icyphy/ptII/ptolemy/domains/continuous/test/auto/CausalityInterface13.xml (RunModel)" time="0.039" />
  <testcase classname="ptolemy.util.test.junit.AutoTests" name="[9] /home/travis/build/icyphy/ptII/ptolemy/domains/continuous/test/auto/CausalityInterface14.xml (RunModel)" time="0.045" />
  <testcase classname="ptolemy.util.test.junit.AutoTests" name="[10] /home/travis/build/icyphy/ptII/ptolemy/domains/continuous/test/auto/CausalityInterface4.xml (RunModel)" time="0.025" />
  <testcase classname="ptolemy.util.test.junit.AutoTests" name="[11] /home/travis/build/icyphy/ptII/ptolemy/domains/continuous/test/auto/CausalityInterface5.xml (RunModel)" time="0.041" />
  <testcase classname="ptolemy.util.test.junit.AutoTests" name="[12] /home/travis/build/icyphy/ptII/ptolemy/domains/continuous/test/auto/CausalityInterface6.xml (RunModel)" time="0.025" />
  <testcase classname="ptolemy.util.test.junit.AutoTests" name="[13] /home/travis/build/icyphy/ptII/ptolemy/domains/continuous/test/auto/CausalityInterface7.xml (RunModel)" time="0.048" />
  <testcase classname="ptolemy.util.test.junit.AutoTests" name="[14] /home/travis/build/icyphy/ptII/ptolemy/domains/continuous/test/auto/CausalityInterface8.xml (RunModel)" time="0.044" />
  <testcase classname="ptolemy.util.test.junit.AutoTests" name="[15] /home/travis/build/icyphy/ptII/ptolemy/domains/continuous/test/auto/CausalityInterface9.xml (RunModel)" time="0.051" />
  <testcase classname="ptolemy.util.test.junit.AutoTests" name="[16] /home/travis/build/icyphy/ptII/ptolemy/domains/continuous/test/auto/CausalityInterfaceFeedback1.xml (RunModel)" time="0.028" />
  <testcase classname="ptolemy.util.test.junit.AutoTests" name="[17] /home/travis/build/icyphy/ptII/ptolemy/domains/continuous/test/auto/CausalityInterfaceFeedback2.xml (RunModel)" time="0.031" />
  <testcase classname="ptolemy.util.test.junit.AutoTests" name="[18] /home/travis/build/icyphy/ptII/ptolemy/domains/continuous/test/auto/CompareWithCurrentTime.xml (RunModel)" time="0.025" />
  <testcase classname="ptolemy.util.test.junit.AutoTests" name="[19] /home/travis/build/icyphy/ptII/ptolemy/domains/continuous/test/auto/ComparedClocks.xml (RunModel)" time="0.087" />
  <testcase classname="ptolemy.util.test.junit.AutoTests" name="[20] /home/travis/build/icyphy/ptII/ptolemy/domains/continuous/test/auto/ContinuousAOCClone.xml (RunModel)" time="2.686" />
  <testcase classname="ptolemy.util.test.junit.AutoTests" name="[21] /home/travis/build/icyphy/ptII/ptolemy/domains/continuous/test/auto/ContinuousClock.xml (RunModel)" time="0.102" />
  <testcase classname="ptolemy.util.test.junit.AutoTests" name="[22] /home/travis/build/icyphy/ptII/ptolemy/domains/continuous/test/auto/ContinuousInContinuous.xml (RunModel)" time="0.099" />
  <testcase classname="ptolemy.util.test.junit.AutoTests" name="[23] /home/travis/build/icyphy/ptII/ptolemy/domains/continuous/test/auto/ContinuousInContinuousInContinuous.xml (RunModel)" time="0.025" />
  <testcase classname="ptolemy.util.test.junit.AutoTests" name="[24] /home/travis/build/icyphy/ptII/ptolemy/domains/continuous/test/auto/ContinuousInDE.xml (RunModel)" time="0.143" />
  <testcase classname="ptolemy.util.test.junit.AutoTests" name="[25] /home/travis/build/icyphy/ptII/ptolemy/domains/continuous/test/auto/ContinuousInDE2.xml (RunModel)" time="0.049" />
  <testcase classname="ptolemy.util.test.junit.AutoTests" name="[26] /home/travis/build/icyphy/ptII/ptolemy/domains/continuous/test/auto/ContinuousInDE3.xml (RunModel)" time="0.057" />
  <testcase classname="ptolemy.util.test.junit.AutoTests" name="[27] /home/travis/build/icyphy/ptII/ptolemy/domains/continuous/test/auto/ContinuousInDE4.xml (RunModel)" time="0.035" />
  <testcase classname="ptolemy.util.test.junit.AutoTests" name="[28] /home/travis/build/icyphy/ptII/ptolemy/domains/continuous/test/auto/ContinuousInDEDifferentRefinements.xml (RunModel)" time="0.103" />
  <testcase classname="ptolemy.util.test.junit.AutoTests" name="[29] /home/travis/build/icyphy/ptII/ptolemy/domains/continuous/test/auto/ContinuousInDEDifferentRefinementsPreemptive.xml (RunModel)" time="0.089" />
  <testcase classname="ptolemy.util.test.junit.AutoTests" name="[30] /home/travis/build/icyphy/ptII/ptolemy/domains/continuous/test/auto/ContinuousInDEInContinuous2.xml (RunModel)" time="0.059" />
  <testcase classname="ptolemy.util.test.junit.AutoTests" name="[31] /home/travis/build/icyphy/ptII/ptolemy/domains/continuous/test/auto/ContinuousInDEInContinuous3.xml (RunModel)" time="0.069" />
  <testcase classname="ptolemy.util.test.junit.AutoTests" name="[32] /home/travis/build/icyphy/ptII/ptolemy/domains/continuous/test/auto/ContinuousInDEInput.xml (RunModel)" time="0.04" />
  <testcase classname="ptolemy.util.test.junit.AutoTests" name="[33] /home/travis/build/icyphy/ptII/ptolemy/domains/continuous/test/auto/ContinuousInDEInput2.xml (RunModel)" time="0.032" />
  <testcase classname="ptolemy.util.test.junit.AutoTests" name="[34] /home/travis/build/icyphy/ptII/ptolemy/domains/continuous/test/auto/ContinuousInDEInput3.xml (RunModel)" time="0.036" />
  <testcase classname="ptolemy.util.test.junit.AutoTests" name="[35] /home/travis/build/icyphy/ptII/ptolemy/domains/continuous/test/auto/ContinuousInDESharingRefinement.xml (RunModel)" time="0.174" />
  <testcase classname="ptolemy.util.test.junit.AutoTests" name="[36] /home/travis/build/icyphy/ptII/ptolemy/domains/continuous/test/auto/ContinuousInDEwithNoPorts.xml (RunModel)" time="0.018" />
  <testcase classname="ptolemy.util.test.junit.AutoTests" name="[37] /home/travis/build/icyphy/ptII/ptolemy/domains/continuous/test/auto/ContinuousInsideDE.xml (RunModel)" time="0.083" />
  <testcase classname="ptolemy.util.test.junit.AutoTests" name="[38] /home/travis/build/icyphy/ptII/ptolemy/domains/continuous/test/auto/ContinuousMerge1.xml (RunModel)" time="0.011" />
  <testcase classname="ptolemy.util.test.junit.AutoTests" name="[39] /home/travis/build/icyphy/ptII/ptolemy/domains/continuous/test/auto/ContinuousMerge2.xml (RunModel)" time="0.057" />
  <testcase classname="ptolemy.util.test.junit.AutoTests" name="[40] /home/travis/build/icyphy/ptII/ptolemy/domains/continuous/test/auto/ContinuousMerge3.xml (RunModel)" time="0.066" />
  <testcase classname="ptolemy.util.test.junit.AutoTests" name="[41] /home/travis/build/icyphy/ptII/ptolemy/domains/continuous/test/auto/ContinuousWithinContinuous.xml (RunModel)" time="0.062" />
  <testcase classname="ptolemy.util.test.junit.AutoTests" name="[42] /home/travis/build/icyphy/ptII/ptolemy/domains/continuous/test/auto/ContinuousWithinContinuous2.xml (RunModel)" time="0.085" />
  <testcase classname="ptolemy.util.test.junit.AutoTests" name="[43] /home/travis/build/icyphy/ptII/ptolemy/domains/continuous/test/auto/ContinuousWithinContinuous3.xml (RunModel)" time="0.032" />
  <testcase classname="ptolemy.util.test.junit.AutoTests" name="[44] /home/travis/build/icyphy/ptII/ptolemy/domains/continuous/test/auto/ContinuousWithinContinuous4.xml (RunModel)" time="0.087" />
  <testcase classname="ptolemy.util.test.junit.AutoTests" name="[45] /home/travis/build/icyphy/ptII/ptolemy/domains/continuous/test/auto/ContinuousWithinContinuous5.xml (RunModel)" time="0.044" />
  <testcase classname="ptolemy.util.test.junit.AutoTests" name="[46] /home/travis/build/icyphy/ptII/ptolemy/domains/continuous/test/auto/ContinuousWithinContinuous6.xml (RunModel)" time="0.036" />
  <testcase classname="ptolemy.util.test.junit.AutoTests" name="[47] /home/travis/build/icyphy/ptII/ptolemy/domains/continuous/test/auto/ContinuousWithinContinuous7.xml (RunModel)" time="0.072" />
  <testcase classname="ptolemy.util.test.junit.AutoTests" name="[48] /home/travis/build/icyphy/ptII/ptolemy/domains/continuous/test/auto/DCMotor.xml (RunModel)" time="14.184" />
  <testcase classname="ptolemy.util.test.junit.AutoTests" name="[49] /home/travis/build/icyphy/ptII/ptolemy/domains/continuous/test/auto/DEInContinuous.xml (RunModel)" time="0.031" />
  <testcase classname="ptolemy.util.test.junit.AutoTests" name="[50] /home/travis/build/icyphy/ptII/ptolemy/domains/continuous/test/auto/DEinContinuous2.xml (RunModel)" time="0.037" />
  <testcase classname="ptolemy.util.test.junit.AutoTests" name="[51] /home/travis/build/icyphy/ptII/ptolemy/domains/continuous/test/auto/Derivative.xml (RunModel)" time="0.226" />
  <testcase classname="ptolemy.util.test.junit.AutoTests" name="[52] /home/travis/build/icyphy/ptII/ptolemy/domains/continuous/test/auto/Derivative1.xml (RunModel)" time="0.053" />
  <testcase classname="ptolemy.util.test.junit.AutoTests" name="[53] /home/travis/build/icyphy/ptII/ptolemy/domains/continuous/test/auto/DiscreteClock.xml (RunModel)" time="0.019" />
  <testcase classname="ptolemy.util.test.junit.AutoTests" name="[54] /home/travis/build/icyphy/ptII/ptolemy/domains/continuous/test/auto/EfficiencyCurve.xml (RunModel)" time="0.107" />
  <testcase classname="ptolemy.util.test.junit.AutoTests" name="[55] /home/travis/build/icyphy/ptII/ptolemy/domains/continuous/test/auto/ExponentialResponse.xml (RunModel)" time="0.122" />
  <testcase classname="ptolemy.util.test.junit.AutoTests" name="[56] /home/travis/build/icyphy/ptII/ptolemy/domains/continuous/test/auto/ExponentialResponseRK45.xml (RunModel)" time="0.036" />
  <testcase classname="ptolemy.util.test.junit.AutoTests" name="[57] /home/travis/build/icyphy/ptII/ptolemy/domains/continuous/test/auto/Friction.xml (RunModel)" time="1.633" />
  <testcase classname="ptolemy.util.test.junit.AutoTests" name="[58] /home/travis/build/icyphy/ptII/ptolemy/domains/continuous/test/auto/FurutaPendulum.xml (RunModel)" time="3.835" />
  <testcase classname="ptolemy.util.test.junit.AutoTests" name="[59] /home/travis/build/icyphy/ptII/ptolemy/domains/continuous/test/auto/HierarchicalExecution.xml (RunModel)" time="2.336" />
  <testcase classname="ptolemy.util.test.junit.AutoTests" name="[60] /home/travis/build/icyphy/ptII/ptolemy/domains/continuous/test/auto/HybridPlant.xml (RunModel)" time="0.683" />
  <testcase classname="ptolemy.util.test.junit.AutoTests" name="[61] /home/travis/build/icyphy/ptII/ptolemy/domains/continuous/test/auto/Hysteresis.xml (RunModel)" time="0.197" />
  <testcase classname="ptolemy.util.test.junit.AutoTests" name="[62] /home/travis/build/icyphy/ptII/ptolemy/domains/continuous/test/auto/HysteresisWithRandomDelay.xml (RunModel)" time="0.238" />
  <testcase classname="ptolemy.util.test.junit.AutoTests" name="[63] /home/travis/build/icyphy/ptII/ptolemy/domains/continuous/test/auto/HysteresisWithRandomLosses.xml (RunModel)" time="2.611" />
  <testcase classname="ptolemy.util.test.junit.AutoTests" name="[64] /home/travis/build/icyphy/ptII/ptolemy/domains/continuous/test/auto/ImmediateTransitions.xml (RunModel)" time="0.036" />
  <testcase classname="ptolemy.util.test.junit.AutoTests" name="[65] /home/travis/build/icyphy/ptII/ptolemy/domains/continuous/test/auto/ImpulseFeedback.xml (RunModel)" time="0.022" />
  <testcase classname="ptolemy.util.test.junit.AutoTests" name="[66] /home/travis/build/icyphy/ptII/ptolemy/domains/continuous/test/auto/ImpulseFeedback2.xml (RunModel)" time="0.018" />
  <testcase classname="ptolemy.util.test.junit.AutoTests" name="[67] /home/travis/build/icyphy/ptII/ptolemy/domains/continuous/test/auto/IncreasingRatePoisson.xml (RunModel)" time="0.712" />
  <testcase classname="ptolemy.util.test.junit.AutoTests" name="[68] /home/travis/build/icyphy/ptII/ptolemy/domains/continuous/test/auto/InitialStateFeedback.xml (RunModel)" time="0.018" />
  <testcase classname="ptolemy.util.test.junit.AutoTests" name="[69] /home/travis/build/icyphy/ptII/ptolemy/domains/continuous/test/auto/Integration.xml (RunModel)" time="0.01" />
  <testcase classname="ptolemy.util.test.junit.AutoTests" name="[70] /home/travis/build/icyphy/ptII/ptolemy/domains/continuous/test/auto/Integration2.xml (RunModel)" time="0.103" />
  <testcase classname="ptolemy.util.test.junit.AutoTests" name="[71] /home/travis/build/icyphy/ptII/ptolemy/domains/continuous/test/auto/Integration3.xml (RunModel)" time="0.013" />
  <testcase classname="ptolemy.util.test.junit.AutoTests" name="[72] /home/travis/build/icyphy/ptII/ptolemy/domains/continuous/test/auto/Integration5.xml (RunModel)" time="0.012" />
  <testcase classname="ptolemy.util.test.junit.AutoTests" name="[73] /home/travis/build/icyphy/ptII/ptolemy/domains/continuous/test/auto/IntegratorImpulse.xml (RunModel)" time="0.009" />
  <testcase classname="ptolemy.util.test.junit.AutoTests" name="[74] /home/travis/build/icyphy/ptII/ptolemy/domains/continuous/test/auto/IntegratorImpulse2.xml (RunModel)" time="0.013" />
  <testcase classname="ptolemy.util.test.junit.AutoTests" name="[75] /home/travis/build/icyphy/ptII/ptolemy/domains/continuous/test/auto/LevelCrossing1.xml (RunModel)" time="0.013" />
  <testcase classname="ptolemy.util.test.junit.AutoTests" name="[76] /home/travis/build/icyphy/ptII/ptolemy/domains/continuous/test/auto/LevelCrossing2.xml (RunModel)" time="0.014" />
  <testcase classname="ptolemy.util.test.junit.AutoTests" name="[77] /home/travis/build/icyphy/ptII/ptolemy/domains/continuous/test/auto/LevelCrossing3.xml (RunModel)" time="0.013" />
  <testcase classname="ptolemy.util.test.junit.AutoTests" name="[78] /home/travis/build/icyphy/ptII/ptolemy/domains/continuous/test/auto/LevelCrossing4.xml (RunModel)" time="0.013" />
  <testcase classname="ptolemy.util.test.junit.AutoTests" name="[79] /home/travis/build/icyphy/ptII/ptolemy/domains/continuous/test/auto/LevelCrossing5.xml (RunModel)" time="0.015" />
  <testcase classname="ptolemy.util.test.junit.AutoTests" name="[80] /home/travis/build/icyphy/ptII/ptolemy/domains/continuous/test/auto/LevelCrossing6.xml (RunModel)" time="0.014" />
  <testcase classname="ptolemy.util.test.junit.AutoTests" name="[81] /home/travis/build/icyphy/ptII/ptolemy/domains/continuous/test/auto/LevelCrossingDetector.xml (RunModel)" time="0.038" />
  <testcase classname="ptolemy.util.test.junit.AutoTests" name="[82] /home/travis/build/icyphy/ptII/ptolemy/domains/continuous/test/auto/LevelCrossingDetectorDetectingDirections.xml (RunModel)" time="0.092" />
  <testcase classname="ptolemy.util.test.junit.AutoTests" name="[83] /home/travis/build/icyphy/ptII/ptolemy/domains/continuous/test/auto/LevelCrossingDetectorDetectsGlitches.xml (RunModel)" time="0.073" />
  <testcase classname="ptolemy.util.test.junit.AutoTests" name="[84] /home/travis/build/icyphy/ptII/ptolemy/domains/continuous/test/auto/LevelCrossingNoInitialOuput.xml (RunModel)" time="0.015" />
  <testcase classname="ptolemy.util.test.junit.AutoTests" name="[85] /home/travis/build/icyphy/ptII/ptolemy/domains/continuous/test/auto/LinearStateSpaceExample.xml (RunModel)" time="0.092" />
  <testcase classname="ptolemy.util.test.junit.AutoTests" name="[86] /home/travis/build/icyphy/ptII/ptolemy/domains/continuous/test/auto/Lorenz.xml (RunModel)" time="4.271" />
  <testcase classname="ptolemy.util.test.junit.AutoTests" name="[87] /home/travis/build/icyphy/ptII/ptolemy/domains/continuous/test/auto/LorenzDifferentialSystem.xml (RunModel)" time="1.066" />
  <testcase classname="ptolemy.util.test.junit.AutoTests" name="[88] /home/travis/build/icyphy/ptII/ptolemy/domains/continuous/test/auto/LorenzDifferentialSystemWithInput.xml (RunModel)" time="1.386" />
  <testcase classname="ptolemy.util.test.junit.AutoTests" name="[89] /home/travis/build/icyphy/ptII/ptolemy/domains/continuous/test/auto/LorenzDifferentialSystemWithTime.xml (RunModel)" time="0.797" />
  <testcase classname="ptolemy.util.test.junit.AutoTests" name="[90] /home/travis/build/icyphy/ptII/ptolemy/domains/continuous/test/auto/Microsteps.xml (RunModel)" time="0.032" />
  <testcase classname="ptolemy.util.test.junit.AutoTests" name="[91] /home/travis/build/icyphy/ptII/ptolemy/domains/continuous/test/auto/Modal1.xml (RunModel)" time="0.044" />
  <testcase classname="ptolemy.util.test.junit.AutoTests" name="[92] /home/travis/build/icyphy/ptII/ptolemy/domains/continuous/test/auto/Modal2.xml (RunModel)" time="0.062" />
  <testcase classname="ptolemy.util.test.junit.AutoTests" name="[93] /home/travis/build/icyphy/ptII/ptolemy/domains/continuous/test/auto/ModalTransitionGuardWithReset.xml (RunModel)" time="0.033" />
  <testcase classname="ptolemy.util.test.junit.AutoTests" name="[94] /home/travis/build/icyphy/ptII/ptolemy/domains/continuous/test/auto/ModalTransitionGuardWithResetUsingPreemptiveTransition.xml (RunModel)" time="0.028" />
  <testcase classname="ptolemy.util.test.junit.AutoTests" name="[95] /home/travis/build/icyphy/ptII/ptolemy/domains/continuous/test/auto/ModalTransitionGuardWithResetUsingPreemptiveTransition2.xml (RunModel)" time="0.031" />
  <testcase classname="ptolemy.util.test.junit.AutoTests" name="[96] /home/travis/build/icyphy/ptII/ptolemy/domains/continuous/test/auto/ModalTransitionGuardWithResetUsingPreemptiveTransition3.xml (RunModel)" time="0.026" />
  <testcase classname="ptolemy.util.test.junit.AutoTests" name="[97] /home/travis/build/icyphy/ptII/ptolemy/domains/continuous/test/auto/NewtonsCradle.xml (RunModel)" time="0.812" />
  <testcase classname="ptolemy.util.test.junit.AutoTests" name="[98] /home/travis/build/icyphy/ptII/ptolemy/domains/continuous/test/auto/NewtonsCradleAnimated.xml (RunModel)" time="1.394" />
  <testcase classname="ptolemy.util.test.junit.AutoTests" name="[99] /home/travis/build/icyphy/ptII/ptolemy/domains/continuous/test/auto/NewtonsCradleComplicated.xml (RunModel)" time="1.04" />
  <testcase classname="ptolemy.util.test.junit.AutoTests" name="[100] /home/travis/build/icyphy/ptII/ptolemy/domains/continuous/test/auto/NewtonsCradleNondeterministic.xml (RunModel)" time="0.806" />
  <testcase classname="ptolemy.util.test.junit.AutoTests" name="[101] /home/travis/build/icyphy/ptII/ptolemy/domains/continuous/test/auto/NewtonsCradlePerfectlyInelastic1.xml (RunModel)" time="1.445" />
  <testcase classname="ptolemy.util.test.junit.AutoTests" name="[102] /home/travis/build/icyphy/ptII/ptolemy/domains/continuous/test/auto/Noise.xml (RunModel)" time="0.199" />
  <testcase classname="ptolemy.util.test.junit.AutoTests" name="[103] /home/travis/build/icyphy/ptII/ptolemy/domains/continuous/test/auto/NoiseSpectrum.xml (RunModel)" time="0.84" />
  <testcase classname="ptolemy.util.test.junit.AutoTests" name="[104] /home/travis/build/icyphy/ptII/ptolemy/domains/continuous/test/auto/ParameterizedNewtonsCradleAnimated.xml (RunModel)" time="0.388" />
  <testcase classname="ptolemy.util.test.junit.AutoTests" name="[105] /home/travis/build/icyphy/ptII/ptolemy/domains/continuous/test/auto/ParameterizedNewtonsCradleAnimatedNondeterministic.xml (RunModel)" time="1.216" />
  <testcase classname="ptolemy.util.test.junit.AutoTests" name="[106] /home/travis/build/icyphy/ptII/ptolemy/domains/continuous/test/auto/Pendulum3D.xml (RunModel)" time="0.177" />
  <testcase classname="ptolemy.util.test.junit.AutoTests" name="[107] /home/travis/build/icyphy/ptII/ptolemy/domains/continuous/test/auto/PeriodicSampler.xml (RunModel)" time="0.012" />
  <testcase classname="ptolemy.util.test.junit.AutoTests" name="[108] /home/travis/build/icyphy/ptII/ptolemy/domains/continuous/test/auto/PeriodicSampler1.xml (RunModel)" time="0.046" />
  <testcase classname="ptolemy.util.test.junit.AutoTests" name="[109] /home/travis/build/icyphy/ptII/ptolemy/domains/continuous/test/auto/PeriodicSampler2.xml (RunModel)" time="0.077" />
  <testcase classname="ptolemy.util.test.junit.AutoTests" name="[110] /home/travis/build/icyphy/ptII/ptolemy/domains/continuous/test/auto/Poisson.xml (RunModel)" time="0.485" />
  <testcase classname="ptolemy.util.test.junit.AutoTests" name="[111] /home/travis/build/icyphy/ptII/ptolemy/domains/continuous/test/auto/PoissonClock.xml (RunModel)" time="0.011" />
  <testcase classname="ptolemy.util.test.junit.AutoTests" name="[112] /home/travis/build/icyphy/ptII/ptolemy/domains/continuous/test/auto/PoissonClock2.xml (RunModel)" time="0.012" />
  <testcase classname="ptolemy.util.test.junit.AutoTests" name="[113] /home/travis/build/icyphy/ptII/ptolemy/domains/continuous/test/auto/PortParameterHierarchy.xml (RunModel)" time="0.031" />
  <testcase classname="ptolemy.util.test.junit.AutoTests" name="[114] /home/travis/build/icyphy/ptII/ptolemy/domains/continuous/test/auto/RandomHybridPlant.xml (RunModel)" time="0.541" />
  <testcase classname="ptolemy.util.test.junit.AutoTests" name="[115] /home/travis/build/icyphy/ptII/ptolemy/domains/continuous/test/auto/ResetTransitionWithStartTime1.xml (RunModel)" time="0.031" />
  <testcase classname="ptolemy.util.test.junit.AutoTests" name="[116] /home/travis/build/icyphy/ptII/ptolemy/domains/continuous/test/auto/ResetTransitionWithStartTime2.xml (RunModel)" time="0.037" />
  <testcase classname="ptolemy.util.test.junit.AutoTests" name="[117] /home/travis/build/icyphy/ptII/ptolemy/domains/continuous/test/auto/ResetTransitionWithStartTime3.xml (RunModel)" time="0.036" />
  <testcase classname="ptolemy.util.test.junit.AutoTests" name="[118] /home/travis/build/icyphy/ptII/ptolemy/domains/continuous/test/auto/ResetTransitionWithStartTime4.xml (RunModel)" time="0.026" />
  <testcase classname="ptolemy.util.test.junit.AutoTests" name="[119] /home/travis/build/icyphy/ptII/ptolemy/domains/continuous/test/auto/ResetTransitionWithStartTime5.xml (RunModel)" time="0.035" />
  <testcase classname="ptolemy.util.test.junit.AutoTests" name="[120] /home/travis/build/icyphy/ptII/ptolemy/domains/continuous/test/auto/ResetTransitionWithStartTime6.xml (RunModel)" time="0.022" />
  <testcase classname="ptolemy.util.test.junit.AutoTests" name="[121] /home/travis/build/icyphy/ptII/ptolemy/domains/continuous/test/auto/SRinContinuous.xml (RunModel)" time="0.024" />
  <testcase classname="ptolemy.util.test.junit.AutoTests" name="[122] /home/travis/build/icyphy/ptII/ptolemy/domains/continuous/test/auto/SampledClocks.xml (RunModel)" time="0.036" />
  <testcase classname="ptolemy.util.test.junit.AutoTests" name="[123] /home/travis/build/icyphy/ptII/ptolemy/domains/continuous/test/auto/Satellite.xml (RunModel)" time="0.977" />
  <testcase classname="ptolemy.util.test.junit.AutoTests" name="[124] /home/travis/build/icyphy/ptII/ptolemy/domains/continuous/test/auto/SigmaDelta.xml (RunModel)" time="2.542" />
  <testcase classname="ptolemy.util.test.junit.AutoTests" name="[125] /home/travis/build/icyphy/ptII/ptolemy/domains/continuous/test/auto/SingleRefinement.xml (RunModel)" time="0.45" />
  <testcase classname="ptolemy.util.test.junit.AutoTests" name="[126] /home/travis/build/icyphy/ptII/ptolemy/domains/continuous/test/auto/SinuBouncingBall.xml (RunModel)" time="0.87" />
  <testcase classname="ptolemy.util.test.junit.AutoTests" name="[127] /home/travis/build/icyphy/ptII/ptolemy/domains/continuous/test/auto/Sinusoid.xml (RunModel)" time="0.02" />
  <testcase classname="ptolemy.util.test.junit.AutoTests" name="[128] /home/travis/build/icyphy/ptII/ptolemy/domains/continuous/test/auto/SinusoidInNoise.xml (RunModel)" time="1.005" />
  <testcase classname="ptolemy.util.test.junit.AutoTests" name="[129] /home/travis/build/icyphy/ptII/ptolemy/domains/continuous/test/auto/SinusoidRK45.xml (RunModel)" time="0.012" />
  <testcase classname="ptolemy.util.test.junit.AutoTests" name="[130] /home/travis/build/icyphy/ptII/ptolemy/domains/continuous/test/auto/SinusoidWithMultipleImpulses.xml (RunModel)" time="0.013" />
  <testcase classname="ptolemy.util.test.junit.AutoTests" name="[131] /home/travis/build/icyphy/ptII/ptolemy/domains/continuous/test/auto/SquareWave.xml (RunModel)" time="0.208" />
  <testcase classname="ptolemy.util.test.junit.AutoTests" name="[132] /home/travis/build/icyphy/ptII/ptolemy/domains/continuous/test/auto/Starmac.xml (RunModel)" time="3.409" />
  <testcase classname="ptolemy.util.test.junit.AutoTests" name="[133] /home/travis/build/icyphy/ptII/ptolemy/domains/continuous/test/auto/StaticUnits.xml (RunModel)" time="2.809" />
  <testcase classname="ptolemy.util.test.junit.AutoTests" name="[134] /home/travis/build/icyphy/ptII/ptolemy/domains/continuous/test/auto/StickyMasses.xml (RunModel)" time="0.197" />
  <testcase classname="ptolemy.util.test.junit.AutoTests" name="[135] /home/travis/build/icyphy/ptII/ptolemy/domains/continuous/test/auto/StopTime.xml (RunModel)" time="0.065" />
  <testcase classname="ptolemy.util.test.junit.AutoTests" name="[136] /home/travis/build/icyphy/ptII/ptolemy/domains/continuous/test/auto/StopTime2.xml (RunModel)" time="0.062" />
  <testcase classname="ptolemy.util.test.junit.AutoTests" name="[137] /home/travis/build/icyphy/ptII/ptolemy/domains/continuous/test/auto/Switch.xml (RunModel)" time="0.073" />
  <testcase classname="ptolemy.util.test.junit.AutoTests" name="[138] /home/travis/build/icyphy/ptII/ptolemy/domains/continuous/test/auto/Thermostat.xml (RunModel)" time="0.204" />
  <testcase classname="ptolemy.util.test.junit.AutoTests" name="[139] /home/travis/build/icyphy/ptII/ptolemy/domains/continuous/test/auto/TimeDelay.xml (RunModel)" time="0.014" />
  <testcase classname="ptolemy.util.test.junit.AutoTests" name="[140] /home/travis/build/icyphy/ptII/ptolemy/domains/continuous/test/auto/TimeDelay2.xml (RunModel)" time="0.024" />
  <testcase classname="ptolemy.util.test.junit.AutoTests" name="[141] /home/travis/build/icyphy/ptII/ptolemy/domains/continuous/test/auto/TimeDelay3.xml (RunModel)" time="0.012" />
  <testcase classname="ptolemy.util.test.junit.AutoTests" name="[142] /home/travis/build/icyphy/ptII/ptolemy/domains/continuous/test/auto/TransferAbsentToInside.xml (RunModel)" time="0.119" />
  <testcase classname="ptolemy.util.test.junit.AutoTests" name="[143] /home/travis/build/icyphy/ptII/ptolemy/domains/continuous/test/auto/Transmission.xml (RunModel)" time="0.782" />
  <testcase classname="ptolemy.util.test.junit.AutoTests" name="[144] /home/travis/build/icyphy/ptII/ptolemy/domains/continuous/test/auto/TriggeredContinuousClock.xml (RunModel)" time="0.069" />
  <testcase classname="ptolemy.util.test.junit.AutoTests" name="[145] /home/travis/build/icyphy/ptII/ptolemy/domains/continuous/test/auto/TwoMachineInfiniteBusControl.xml (RunModel)" time="2.962" />
  <testcase classname="ptolemy.util.test.junit.AutoTests" name="[146] /home/travis/build/icyphy/ptII/ptolemy/domains/continuous/test/auto/V2V.xml (RunModel)" time="0.838" />
  <testcase classname="ptolemy.util.test.junit.AutoTests" name="[147] /home/travis/build/icyphy/ptII/ptolemy/domains/continuous/test/auto/hierarchicalModalModel.xml (RunModel)" time="0.033" />
  <testcase classname="ptolemy.util.test.junit.AutoTests" name="[148] /home/travis/build/icyphy/ptII/ptolemy/domains/continuous/test/auto/hierarchicalModalModel1.xml (RunModel)" time="0.03" />
  <testcase classname="ptolemy.util.test.junit.AutoTests" name="[149] /home/travis/build/icyphy/ptII/ptolemy/domains/continuous/test/auto/hierarchicalModalModel2.xml (RunModel)" time="0.028" />
  <testcase classname="ptolemy.util.test.junit.AutoTests" name="[150] /home/travis/build/icyphy/ptII/ptolemy/domains/continuous/test/auto/hierarchicalModalModel3.xml (RunModel)" time="0.037" />
  <testcase classname="ptolemy.util.test.junit.AutoTests" name="[151] /home/travis/build/icyphy/ptII/ptolemy/domains/continuous/test/auto/hierarchicalModalModel4.xml (RunModel)" time="0.027" />
  <testcase classname="ptolemy.util.test.junit.AutoTests" name="[152] /home/travis/build/icyphy/ptII/ptolemy/domains/continuous/test/auto/junk.xml (RunModel)" time="0.166" />
  <system-out><![CDATA[No tcl tests in /home/travis/build/icyphy/ptII/ptolemy/domains/continuous/test
No auto/knownFailedTests/*.xml tests in /home/travis/build/icyphy/ptII/ptolemy/domains/continuous/test
No auto/linux-amd64/*.xml tests in /home/travis/build/icyphy/ptII/ptolemy/domains/continuous/test
AutoTests.java: About to close Vertx.
AutoTests.java: Vertx closed.

===========================================================================================
----------------- testing Thu Jul 11 01:47:03 UTC 2019 /home/travis/build/icyphy/ptII/ptolemy/domains/continuous/test/auto/BouncingBall.xml
----------------- Instantiating /home/travis/build/icyphy/ptII/ptolemy/domains/continuous/test/auto/BouncingBall.xml
2548 ms. Memory: 230400K Free: 89692K (39%)
----------------- Invoking toplevel() on ptolemy.moml.MoMLSimpleApplication@b4ac072
----------------- Done invoking toplevel() on ptolemy.moml.MoMLSimpleApplication@b4ac072
reloadAllAccessors: .BouncingBall

===========================================================================================
----------------- testing Thu Jul 11 01:47:06 UTC 2019 /home/travis/build/icyphy/ptII/ptolemy/domains/continuous/test/auto/BouncingBallWithoutGR.xml
----------------- Instantiating /home/travis/build/icyphy/ptII/ptolemy/domains/continuous/test/auto/BouncingBallWithoutGR.xml
806 ms. Memory: 230400K Free: 176766K (77%)
----------------- Invoking toplevel() on ptolemy.moml.MoMLSimpleApplication@5f30c4bd
----------------- Done invoking toplevel() on ptolemy.moml.MoMLSimpleApplication@5f30c4bd
reloadAllAccessors: .BouncingBallWithoutGR

===========================================================================================
----------------- testing Thu Jul 11 01:47:07 UTC 2019 /home/travis/build/icyphy/ptII/ptolemy/domains/continuous/test/auto/Brownian.xml
----------------- Instantiating /home/travis/build/icyphy/ptII/ptolemy/domains/continuous/test/auto/Brownian.xml
20 ms. Memory: 230400K Free: 168060K (73%)
----------------- Invoking toplevel() on ptolemy.moml.MoMLSimpleApplication@78b40c8f
----------------- Done invoking toplevel() on ptolemy.moml.MoMLSimpleApplication@78b40c8f
reloadAllAccessors: .Brownian

===========================================================================================
----------------- testing Thu Jul 11 01:47:07 UTC 2019 /home/travis/build/icyphy/ptII/ptolemy/domains/continuous/test/auto/CarTracking.xml
----------------- Instantiating /home/travis/build/icyphy/ptII/ptolemy/domains/continuous/test/auto/CarTracking.xml
3403 ms. Memory: 276480K Free: 108638K (39%)
----------------- Invoking toplevel() on ptolemy.moml.MoMLSimpleApplication@1f4f51df
----------------- Done invoking toplevel() on ptolemy.moml.MoMLSimpleApplication@1f4f51df
reloadAllAccessors: .CarTracking

===========================================================================================
----------------- testing Thu Jul 11 01:47:11 UTC 2019 /home/travis/build/icyphy/ptII/ptolemy/domains/continuous/test/auto/CartPendulum.xml
----------------- Instantiating /home/travis/build/icyphy/ptII/ptolemy/domains/continuous/test/auto/CartPendulum.xml
431 ms. Memory: 331776K Free: 232850K (70%)
----------------- Invoking toplevel() on ptolemy.moml.MoMLSimpleApplication@25f78f3c
----------------- Done invoking toplevel() on ptolemy.moml.MoMLSimpleApplication@25f78f3c
reloadAllAccessors: .CartPendulum

===========================================================================================
----------------- testing Thu Jul 11 01:47:12 UTC 2019 /home/travis/build/icyphy/ptII/ptolemy/domains/continuous/test/auto/CausalityInterface10.xml
----------------- Instantiating /home/travis/build/icyphy/ptII/ptolemy/domains/continuous/test/auto/CausalityInterface10.xml
8 ms. Memory: 331776K Free: 222640K (67%)
----------------- Invoking toplevel() on ptolemy.moml.MoMLSimpleApplication@3331c8fe
----------------- Done invoking toplevel() on ptolemy.moml.MoMLSimpleApplication@3331c8fe
reloadAllAccessors: .CausalityInterface10

===========================================================================================
----------------- testing Thu Jul 11 01:47:12 UTC 2019 /home/travis/build/icyphy/ptII/ptolemy/domains/continuous/test/auto/CausalityInterface11.xml
----------------- Instantiating /home/travis/build/icyphy/ptII/ptolemy/domains/continuous/test/auto/CausalityInterface11.xml
9 ms. Memory: 331776K Free: 216496K (65%)
----------------- Invoking toplevel() on ptolemy.moml.MoMLSimpleApplication@62590724
----------------- Done invoking toplevel() on ptolemy.moml.MoMLSimpleApplication@62590724
reloadAllAccessors: .CausalityInterface11

===========================================================================================
----------------- testing Thu Jul 11 01:47:12 UTC 2019 /home/travis/build/icyphy/ptII/ptolemy/domains/continuous/test/auto/CausalityInterface12.xml
----------------- Instantiating /home/travis/build/icyphy/ptII/ptolemy/domains/continuous/test/auto/CausalityInterface12.xml
10 ms. Memory: 331776K Free: 210352K (63%)
----------------- Invoking toplevel() on ptolemy.moml.MoMLSimpleApplication@3559e261
----------------- Done invoking toplevel() on ptolemy.moml.MoMLSimpleApplication@3559e261
reloadAllAccessors: .CausalityInterface12

===========================================================================================
----------------- testing Thu Jul 11 01:47:12 UTC 2019 /home/travis/build/icyphy/ptII/ptolemy/domains/continuous/test/auto/CausalityInterface13.xml
----------------- Instantiating /home/travis/build/icyphy/ptII/ptolemy/domains/continuous/test/auto/CausalityInterface13.xml
10 ms. Memory: 331776K Free: 204194K (62%)
----------------- Invoking toplevel() on ptolemy.moml.MoMLSimpleApplication@343334b6
----------------- Done invoking toplevel() on ptolemy.moml.MoMLSimpleApplication@343334b6
reloadAllAccessors: .CausalityInterface13

===========================================================================================
----------------- testing Thu Jul 11 01:47:12 UTC 2019 /home/travis/build/icyphy/ptII/ptolemy/domains/continuous/test/auto/CausalityInterface14.xml
----------------- Instantiating /home/travis/build/icyphy/ptII/ptolemy/domains/continuous/test/auto/CausalityInterface14.xml
3 ms. Memory: 331776K Free: 198578K (60%)
----------------- Invoking toplevel() on ptolemy.moml.MoMLSimpleApplication@146e41c0
----------------- Done invoking toplevel() on ptolemy.moml.MoMLSimpleApplication@146e41c0
reloadAllAccessors: .CausalityInterface14

===========================================================================================
----------------- testing Thu Jul 11 01:47:12 UTC 2019 /home/travis/build/icyphy/ptII/ptolemy/domains/continuous/test/auto/CausalityInterface4.xml
----------------- Instantiating /home/travis/build/icyphy/ptII/ptolemy/domains/continuous/test/auto/CausalityInterface4.xml
4 ms. Memory: 331776K Free: 191906K (58%)
----------------- Invoking toplevel() on ptolemy.moml.MoMLSimpleApplication@2b25472a
----------------- Done invoking toplevel() on ptolemy.moml.MoMLSimpleApplication@2b25472a
reloadAllAccessors: .CausalityInterface4

===========================================================================================
----------------- testing Thu Jul 11 01:47:12 UTC 2019 /home/travis/build/icyphy/ptII/ptolemy/domains/continuous/test/auto/CausalityInterface5.xml
----------------- Instantiating /home/travis/build/icyphy/ptII/ptolemy/domains/continuous/test/auto/CausalityInterface5.xml
13 ms. Memory: 331776K Free: 183728K (55%)
----------------- Invoking toplevel() on ptolemy.moml.MoMLSimpleApplication@78779aff
----------------- Done invoking toplevel() on ptolemy.moml.MoMLSimpleApplication@78779aff
reloadAllAccessors: .CausalityInterface5

===========================================================================================
----------------- testing Thu Jul 11 01:47:12 UTC 2019 /home/travis/build/icyphy/ptII/ptolemy/domains/continuous/test/auto/CausalityInterface6.xml
----------------- Instantiating /home/travis/build/icyphy/ptII/ptolemy/domains/continuous/test/auto/CausalityInterface6.xml
5 ms. Memory: 331776K Free: 178098K (54%)
----------------- Invoking toplevel() on ptolemy.moml.MoMLSimpleApplication@616843a5
----------------- Done invoking toplevel() on ptolemy.moml.MoMLSimpleApplication@616843a5
reloadAllAccessors: .CausalityInterface6

===========================================================================================
----------------- testing Thu Jul 11 01:47:12 UTC 2019 /home/travis/build/icyphy/ptII/ptolemy/domains/continuous/test/auto/CausalityInterface7.xml
----------------- Instantiating /home/travis/build/icyphy/ptII/ptolemy/domains/continuous/test/auto/CausalityInterface7.xml
11 ms. Memory: 331776K Free: 169906K (51%)
----------------- Invoking toplevel() on ptolemy.moml.MoMLSimpleApplication@76edbd2d
----------------- Done invoking toplevel() on ptolemy.moml.MoMLSimpleApplication@76edbd2d
reloadAllAccessors: .CausalityInterface7

===========================================================================================
----------------- testing Thu Jul 11 01:47:12 UTC 2019 /home/travis/build/icyphy/ptII/ptolemy/domains/continuous/test/auto/CausalityInterface8.xml
----------------- Instantiating /home/travis/build/icyphy/ptII/ptolemy/domains/continuous/test/auto/CausalityInterface8.xml
7 ms. Memory: 331776K Free: 160690K (48%)
----------------- Invoking toplevel() on ptolemy.moml.MoMLSimpleApplication@28772d31
----------------- Done invoking toplevel() on ptolemy.moml.MoMLSimpleApplication@28772d31
reloadAllAccessors: .CausalityInterface8

===========================================================================================
----------------- testing Thu Jul 11 01:47:12 UTC 2019 /home/travis/build/icyphy/ptII/ptolemy/domains/continuous/test/auto/CausalityInterface9.xml
----------------- Instantiating /home/travis/build/icyphy/ptII/ptolemy/domains/continuous/test/auto/CausalityInterface9.xml
14 ms. Memory: 331776K Free: 149936K (45%)
----------------- Invoking toplevel() on ptolemy.moml.MoMLSimpleApplication@78bf5472
----------------- Done invoking toplevel() on ptolemy.moml.MoMLSimpleApplication@78bf5472
reloadAllAccessors: .CausalityInterface9

===========================================================================================
----------------- testing Thu Jul 11 01:47:12 UTC 2019 /home/travis/build/icyphy/ptII/ptolemy/domains/continuous/test/auto/CausalityInterfaceFeedback1.xml
----------------- Instantiating /home/travis/build/icyphy/ptII/ptolemy/domains/continuous/test/auto/CausalityInterfaceFeedback1.xml
4 ms. Memory: 331776K Free: 143282K (43%)
----------------- Invoking toplevel() on ptolemy.moml.MoMLSimpleApplication@328064fd
----------------- Done invoking toplevel() on ptolemy.moml.MoMLSimpleApplication@328064fd
reloadAllAccessors: .CausalityInterfaceFeedback1

===========================================================================================
----------------- testing Thu Jul 11 01:47:12 UTC 2019 /home/travis/build/icyphy/ptII/ptolemy/domains/continuous/test/auto/CausalityInterfaceFeedback2.xml
----------------- Instantiating /home/travis/build/icyphy/ptII/ptolemy/domains/continuous/test/auto/CausalityInterfaceFeedback2.xml
7 ms. Memory: 331776K Free: 136610K (41%)
----------------- Invoking toplevel() on ptolemy.moml.MoMLSimpleApplication@110c7fcf
----------------- Done invoking toplevel() on ptolemy.moml.MoMLSimpleApplication@110c7fcf
reloadAllAccessors: .CausalityInterfaceFeedback2

===========================================================================================
----------------- testing Thu Jul 11 01:47:12 UTC 2019 /home/travis/build/icyphy/ptII/ptolemy/domains/continuous/test/auto/CompareWithCurrentTime.xml
----------------- Instantiating /home/travis/build/icyphy/ptII/ptolemy/domains/continuous/test/auto/CompareWithCurrentTime.xml
4 ms. Memory: 331776K Free: 132528K (40%)
----------------- Invoking toplevel() on ptolemy.moml.MoMLSimpleApplication@18ed5b83
----------------- Done invoking toplevel() on ptolemy.moml.MoMLSimpleApplication@18ed5b83
reloadAllAccessors: .CompareWithCurrentTime

===========================================================================================
----------------- testing Thu Jul 11 01:47:12 UTC 2019 /home/travis/build/icyphy/ptII/ptolemy/domains/continuous/test/auto/ComparedClocks.xml
----------------- Instantiating /home/travis/build/icyphy/ptII/ptolemy/domains/continuous/test/auto/ComparedClocks.xml
7 ms. Memory: 331776K Free: 312952K (94%)
----------------- Invoking toplevel() on ptolemy.moml.MoMLSimpleApplication@3738b4d3
----------------- Done invoking toplevel() on ptolemy.moml.MoMLSimpleApplication@3738b4d3
reloadAllAccessors: .ComparedClocks

===========================================================================================
----------------- testing Thu Jul 11 01:47:12 UTC 2019 /home/travis/build/icyphy/ptII/ptolemy/domains/continuous/test/auto/ContinuousAOCClone.xml
----------------- Instantiating /home/travis/build/icyphy/ptII/ptolemy/domains/continuous/test/auto/ContinuousAOCClone.xml
2448 ms. Memory: 331776K Free: 174371K (53%)
----------------- Invoking toplevel() on ptolemy.moml.MoMLSimpleApplication@6e4944dc
----------------- Done invoking toplevel() on ptolemy.moml.MoMLSimpleApplication@6e4944dc
reloadAllAccessors: .ContinuousAOCClone

===========================================================================================
----------------- testing Thu Jul 11 01:47:15 UTC 2019 /home/travis/build/icyphy/ptII/ptolemy/domains/continuous/test/auto/ContinuousClock.xml
----------------- Instantiating /home/travis/build/icyphy/ptII/ptolemy/domains/continuous/test/auto/ContinuousClock.xml
67 ms. Memory: 331776K Free: 152867K (46%)
----------------- Invoking toplevel() on ptolemy.moml.MoMLSimpleApplication@37cbadfd
----------------- Done invoking toplevel() on ptolemy.moml.MoMLSimpleApplication@37cbadfd
reloadAllAccessors: .ContinuousClock

===========================================================================================
----------------- testing Thu Jul 11 01:47:15 UTC 2019 /home/travis/build/icyphy/ptII/ptolemy/domains/continuous/test/auto/ContinuousInContinuous.xml
----------------- Instantiating /home/travis/build/icyphy/ptII/ptolemy/domains/continuous/test/auto/ContinuousInContinuous.xml
45 ms. Memory: 331776K Free: 128795K (39%)
----------------- Invoking toplevel() on ptolemy.moml.MoMLSimpleApplication@584ee54d
----------------- Done invoking toplevel() on ptolemy.moml.MoMLSimpleApplication@584ee54d
reloadAllAccessors: .ContinuousInContinuous

===========================================================================================
----------------- testing Thu Jul 11 01:47:15 UTC 2019 /home/travis/build/icyphy/ptII/ptolemy/domains/continuous/test/auto/ContinuousInContinuousInContinuous.xml
----------------- Instantiating /home/travis/build/icyphy/ptII/ptolemy/domains/continuous/test/auto/ContinuousInContinuousInContinuous.xml
7 ms. Memory: 331776K Free: 121633K (37%)
----------------- Invoking toplevel() on ptolemy.moml.MoMLSimpleApplication@58acf7be
----------------- Done invoking toplevel() on ptolemy.moml.MoMLSimpleApplication@58acf7be
reloadAllAccessors: .ContinuousInContinuousInContinuous

===========================================================================================
----------------- testing Thu Jul 11 01:47:15 UTC 2019 /home/travis/build/icyphy/ptII/ptolemy/domains/continuous/test/auto/ContinuousInDE.xml
----------------- Instantiating /home/travis/build/icyphy/ptII/ptolemy/domains/continuous/test/auto/ContinuousInDE.xml
108 ms. Memory: 331776K Free: 307518K (93%)
----------------- Invoking toplevel() on ptolemy.moml.MoMLSimpleApplication@7d877bb
----------------- Done invoking toplevel() on ptolemy.moml.MoMLSimpleApplication@7d877bb
reloadAllAccessors: .ContinuousInDE

===========================================================================================
----------------- testing Thu Jul 11 01:47:16 UTC 2019 /home/travis/build/icyphy/ptII/ptolemy/domains/continuous/test/auto/ContinuousInDE2.xml
----------------- Instantiating /home/travis/build/icyphy/ptII/ptolemy/domains/continuous/test/auto/ContinuousInDE2.xml
33 ms. Memory: 331776K Free: 297788K (90%)
----------------- Invoking toplevel() on ptolemy.moml.MoMLSimpleApplication@93274fa
----------------- Done invoking toplevel() on ptolemy.moml.MoMLSimpleApplication@93274fa
reloadAllAccessors: .ContinuousInDE2

===========================================================================================
----------------- testing Thu Jul 11 01:47:16 UTC 2019 /home/travis/build/icyphy/ptII/ptolemy/domains/continuous/test/auto/ContinuousInDE3.xml
----------------- Instantiating /home/travis/build/icyphy/ptII/ptolemy/domains/continuous/test/auto/ContinuousInDE3.xml
39 ms. Memory: 331776K Free: 288062K (87%)
----------------- Invoking toplevel() on ptolemy.moml.MoMLSimpleApplication@7bca5e27
----------------- Done invoking toplevel() on ptolemy.moml.MoMLSimpleApplication@7bca5e27
reloadAllAccessors: .ContinuousInDE3

===========================================================================================
----------------- testing Thu Jul 11 01:47:16 UTC 2019 /home/travis/build/icyphy/ptII/ptolemy/domains/continuous/test/auto/ContinuousInDE4.xml
----------------- Instantiating /home/travis/build/icyphy/ptII/ptolemy/domains/continuous/test/auto/ContinuousInDE4.xml
16 ms. Memory: 331776K Free: 281918K (85%)
----------------- Invoking toplevel() on ptolemy.moml.MoMLSimpleApplication@2ff3b2b9
----------------- Done invoking toplevel() on ptolemy.moml.MoMLSimpleApplication@2ff3b2b9
reloadAllAccessors: .ContinuousInDE4

===========================================================================================
----------------- testing Thu Jul 11 01:47:16 UTC 2019 /home/travis/build/icyphy/ptII/ptolemy/domains/continuous/test/auto/ContinuousInDEDifferentRefinements.xml
----------------- Instantiating /home/travis/build/icyphy/ptII/ptolemy/domains/continuous/test/auto/ContinuousInDEDifferentRefinements.xml
55 ms. Memory: 331776K Free: 251198K (76%)
----------------- Invoking toplevel() on ptolemy.moml.MoMLSimpleApplication@6955196a
----------------- Done invoking toplevel() on ptolemy.moml.MoMLSimpleApplication@6955196a
reloadAllAccessors: .ContinuousInDEDifferentRefinements

===========================================================================================
----------------- testing Thu Jul 11 01:47:16 UTC 2019 /home/travis/build/icyphy/ptII/ptolemy/domains/continuous/test/auto/ContinuousInDEDifferentRefinementsPreemptive.xml
----------------- Instantiating /home/travis/build/icyphy/ptII/ptolemy/domains/continuous/test/auto/ContinuousInDEDifferentRefinementsPreemptive.xml
48 ms. Memory: 331776K Free: 220478K (66%)
----------------- Invoking toplevel() on ptolemy.moml.MoMLSimpleApplication@59d1bfca
----------------- Done invoking toplevel() on ptolemy.moml.MoMLSimpleApplication@59d1bfca
reloadAllAccessors: .ContinuousInDEDifferentRefinementsPreemptive

===========================================================================================
----------------- testing Thu Jul 11 01:47:16 UTC 2019 /home/travis/build/icyphy/ptII/ptolemy/domains/continuous/test/auto/ContinuousInDEInContinuous2.xml
----------------- Instantiating /home/travis/build/icyphy/ptII/ptolemy/domains/continuous/test/auto/ContinuousInDEInContinuous2.xml
37 ms. Memory: 331776K Free: 209214K (63%)
----------------- Invoking toplevel() on ptolemy.moml.MoMLSimpleApplication@e16fe81
----------------- Done invoking toplevel() on ptolemy.moml.MoMLSimpleApplication@e16fe81
reloadAllAccessors: .ContinuousInDEInContinuous2

===========================================================================================
----------------- testing Thu Jul 11 01:47:16 UTC 2019 /home/travis/build/icyphy/ptII/ptolemy/domains/continuous/test/auto/ContinuousInDEInContinuous3.xml
----------------- Instantiating /home/travis/build/icyphy/ptII/ptolemy/domains/continuous/test/auto/ContinuousInDEInContinuous3.xml
36 ms. Memory: 331776K Free: 196926K (59%)
----------------- Invoking toplevel() on ptolemy.moml.MoMLSimpleApplication@792b6252
----------------- Done invoking toplevel() on ptolemy.moml.MoMLSimpleApplication@792b6252
reloadAllAccessors: .ContinuousInDEInContinuous3

===========================================================================================
----------------- testing Thu Jul 11 01:47:16 UTC 2019 /home/travis/build/icyphy/ptII/ptolemy/domains/continuous/test/auto/ContinuousInDEInput.xml
----------------- Instantiating /home/travis/build/icyphy/ptII/ptolemy/domains/continuous/test/auto/ContinuousInDEInput.xml
21 ms. Memory: 331776K Free: 189758K (57%)
----------------- Invoking toplevel() on ptolemy.moml.MoMLSimpleApplication@7ff95df6
----------------- Done invoking toplevel() on ptolemy.moml.MoMLSimpleApplication@7ff95df6
reloadAllAccessors: .ContinuousInDEInput

===========================================================================================
----------------- testing Thu Jul 11 01:47:16 UTC 2019 /home/travis/build/icyphy/ptII/ptolemy/domains/continuous/test/auto/ContinuousInDEInput2.xml
----------------- Instantiating /home/travis/build/icyphy/ptII/ptolemy/domains/continuous/test/auto/ContinuousInDEInput2.xml
15 ms. Memory: 331776K Free: 182590K (55%)
----------------- Invoking toplevel() on ptolemy.moml.MoMLSimpleApplication@7af6e881
----------------- Done invoking toplevel() on ptolemy.moml.MoMLSimpleApplication@7af6e881
reloadAllAccessors: .ContinuousInDEInput2

===========================================================================================
----------------- testing Thu Jul 11 01:47:16 UTC 2019 /home/travis/build/icyphy/ptII/ptolemy/domains/continuous/test/auto/ContinuousInDEInput3.xml
----------------- Instantiating /home/travis/build/icyphy/ptII/ptolemy/domains/continuous/test/auto/ContinuousInDEInput3.xml
16 ms. Memory: 331776K Free: 175422K (53%)
----------------- Invoking toplevel() on ptolemy.moml.MoMLSimpleApplication@62b22b73
----------------- Done invoking toplevel() on ptolemy.moml.MoMLSimpleApplication@62b22b73
reloadAllAccessors: .ContinuousInDEInput3

===========================================================================================
----------------- testing Thu Jul 11 01:47:16 UTC 2019 /home/travis/build/icyphy/ptII/ptolemy/domains/continuous/test/auto/ContinuousInDESharingRefinement.xml
----------------- Instantiating /home/travis/build/icyphy/ptII/ptolemy/domains/continuous/test/auto/ContinuousInDESharingRefinement.xml
148 ms. Memory: 331776K Free: 278182K (84%)
----------------- Invoking toplevel() on ptolemy.moml.MoMLSimpleApplication@78a8997e
----------------- Done invoking toplevel() on ptolemy.moml.MoMLSimpleApplication@78a8997e
reloadAllAccessors: .ContinuousInDESharingRefinement

===========================================================================================
----------------- testing Thu Jul 11 01:47:16 UTC 2019 /home/travis/build/icyphy/ptII/ptolemy/domains/continuous/test/auto/ContinuousInDEwithNoPorts.xml
----------------- Instantiating /home/travis/build/icyphy/ptII/ptolemy/domains/continuous/test/auto/ContinuousInDEwithNoPorts.xml
5 ms. Memory: 331776K Free: 273576K (82%)
----------------- Invoking toplevel() on ptolemy.moml.MoMLSimpleApplication@6eb11e17
----------------- Done invoking toplevel() on ptolemy.moml.MoMLSimpleApplication@6eb11e17
reloadAllAccessors: .ContinuousInDEwithNoPorts

===========================================================================================
----------------- testing Thu Jul 11 01:47:16 UTC 2019 /home/travis/build/icyphy/ptII/ptolemy/domains/continuous/test/auto/ContinuousInsideDE.xml
----------------- Instantiating /home/travis/build/icyphy/ptII/ptolemy/domains/continuous/test/auto/ContinuousInsideDE.xml
41 ms. Memory: 331776K Free: 262312K (79%)
----------------- Invoking toplevel() on ptolemy.moml.MoMLSimpleApplication@45f30d48
----------------- Done invoking toplevel() on ptolemy.moml.MoMLSimpleApplication@45f30d48
reloadAllAccessors: .ContinuousInsideDE

===========================================================================================
----------------- testing Thu Jul 11 01:47:16 UTC 2019 /home/travis/build/icyphy/ptII/ptolemy/domains/continuous/test/auto/ContinuousMerge1.xml
----------------- Instantiating /home/travis/build/icyphy/ptII/ptolemy/domains/continuous/test/auto/ContinuousMerge1.xml
3 ms. Memory: 331776K Free: 258216K (78%)
----------------- Invoking toplevel() on ptolemy.moml.MoMLSimpleApplication@5247b576
----------------- Done invoking toplevel() on ptolemy.moml.MoMLSimpleApplication@5247b576
reloadAllAccessors: .ContinuousMerge1

===========================================================================================
----------------- testing Thu Jul 11 01:47:16 UTC 2019 /home/travis/build/icyphy/ptII/ptolemy/domains/continuous/test/auto/ContinuousMerge2.xml
----------------- Instantiating /home/travis/build/icyphy/ptII/ptolemy/domains/continuous/test/auto/ContinuousMerge2.xml
16 ms. Memory: 331776K Free: 247976K (75%)
----------------- Invoking toplevel() on ptolemy.moml.MoMLSimpleApplication@473c5f73
----------------- Done invoking toplevel() on ptolemy.moml.MoMLSimpleApplication@473c5f73
reloadAllAccessors: .ContinuousMerge2

===========================================================================================
----------------- testing Thu Jul 11 01:47:16 UTC 2019 /home/travis/build/icyphy/ptII/ptolemy/domains/continuous/test/auto/ContinuousMerge3.xml
----------------- Instantiating /home/travis/build/icyphy/ptII/ptolemy/domains/continuous/test/auto/ContinuousMerge3.xml
46 ms. Memory: 331776K Free: 237222K (72%)
----------------- Invoking toplevel() on ptolemy.moml.MoMLSimpleApplication@3d3674ba
----------------- Done invoking toplevel() on ptolemy.moml.MoMLSimpleApplication@3d3674ba
reloadAllAccessors: .ContinuousMerge3

===========================================================================================
----------------- testing Thu Jul 11 01:47:17 UTC 2019 /home/travis/build/icyphy/ptII/ptolemy/domains/continuous/test/auto/ContinuousWithinContinuous.xml
----------------- Instantiating /home/travis/build/icyphy/ptII/ptolemy/domains/continuous/test/auto/ContinuousWithinContinuous.xml
40 ms. Memory: 331776K Free: 228006K (69%)
----------------- Invoking toplevel() on ptolemy.moml.MoMLSimpleApplication@e823367
----------------- Done invoking toplevel() on ptolemy.moml.MoMLSimpleApplication@e823367
reloadAllAccessors: .ContinuousWithinContinuous

===========================================================================================
----------------- testing Thu Jul 11 01:47:17 UTC 2019 /home/travis/build/icyphy/ptII/ptolemy/domains/continuous/test/auto/ContinuousWithinContinuous2.xml
----------------- Instantiating /home/travis/build/icyphy/ptII/ptolemy/domains/continuous/test/auto/ContinuousWithinContinuous2.xml
75 ms. Memory: 331776K Free: 216742K (65%)
----------------- Invoking toplevel() on ptolemy.moml.MoMLSimpleApplication@727aabf1
----------------- Done invoking toplevel() on ptolemy.moml.MoMLSimpleApplication@727aabf1
reloadAllAccessors: .ContinuousWithinContinuous2

===========================================================================================
----------------- testing Thu Jul 11 01:47:17 UTC 2019 /home/travis/build/icyphy/ptII/ptolemy/domains/continuous/test/auto/ContinuousWithinContinuous3.xml
----------------- Instantiating /home/travis/build/icyphy/ptII/ptolemy/domains/continuous/test/auto/ContinuousWithinContinuous3.xml
13 ms. Memory: 331776K Free: 210088K (63%)
----------------- Invoking toplevel() on ptolemy.moml.MoMLSimpleApplication@131daf49
----------------- Done invoking toplevel() on ptolemy.moml.MoMLSimpleApplication@131daf49
reloadAllAccessors: .ContinuousWithinContinuous3

===========================================================================================
----------------- testing Thu Jul 11 01:47:17 UTC 2019 /home/travis/build/icyphy/ptII/ptolemy/domains/continuous/test/auto/ContinuousWithinContinuous4.xml
----------------- Instantiating /home/travis/build/icyphy/ptII/ptolemy/domains/continuous/test/auto/ContinuousWithinContinuous4.xml
69 ms. Memory: 331776K Free: 197800K (60%)
----------------- Invoking toplevel() on ptolemy.moml.MoMLSimpleApplication@288098a8
----------------- Done invoking toplevel() on ptolemy.moml.MoMLSimpleApplication@288098a8
reloadAllAccessors: .ContinuousWithinContinuous4

===========================================================================================
----------------- testing Thu Jul 11 01:47:17 UTC 2019 /home/travis/build/icyphy/ptII/ptolemy/domains/continuous/test/auto/ContinuousWithinContinuous5.xml
----------------- Instantiating /home/travis/build/icyphy/ptII/ptolemy/domains/continuous/test/auto/ContinuousWithinContinuous5.xml
25 ms. Memory: 331776K Free: 190118K (57%)
----------------- Invoking toplevel() on ptolemy.moml.MoMLSimpleApplication@6ad92b82
----------------- Done invoking toplevel() on ptolemy.moml.MoMLSimpleApplication@6ad92b82
reloadAllAccessors: .ContinuousWithinContinuous5

===========================================================================================
----------------- testing Thu Jul 11 01:47:17 UTC 2019 /home/travis/build/icyphy/ptII/ptolemy/domains/continuous/test/auto/ContinuousWithinContinuous6.xml
----------------- Instantiating /home/travis/build/icyphy/ptII/ptolemy/domains/continuous/test/auto/ContinuousWithinContinuous6.xml
13 ms. Memory: 331776K Free: 182440K (55%)
----------------- Invoking toplevel() on ptolemy.moml.MoMLSimpleApplication@215f4aa5
----------------- Done invoking toplevel() on ptolemy.moml.MoMLSimpleApplication@215f4aa5
reloadAllAccessors: .ContinuousWithinContinuous6

===========================================================================================
----------------- testing Thu Jul 11 01:47:17 UTC 2019 /home/travis/build/icyphy/ptII/ptolemy/domains/continuous/test/auto/ContinuousWithinContinuous7.xml
----------------- Instantiating /home/travis/build/icyphy/ptII/ptolemy/domains/continuous/test/auto/ContinuousWithinContinuous7.xml
58 ms. Memory: 331776K Free: 171176K (52%)
----------------- Invoking toplevel() on ptolemy.moml.MoMLSimpleApplication@55a72c91
----------------- Done invoking toplevel() on ptolemy.moml.MoMLSimpleApplication@55a72c91
reloadAllAccessors: .ContinuousWithinContinuous7

===========================================================================================
----------------- testing Thu Jul 11 01:47:17 UTC 2019 /home/travis/build/icyphy/ptII/ptolemy/domains/continuous/test/auto/DCMotor.xml
----------------- Instantiating /home/travis/build/icyphy/ptII/ptolemy/domains/continuous/test/auto/DCMotor.xml
14099 ms. Memory: 398336K Free: 205006K (51%)
----------------- Invoking toplevel() on ptolemy.moml.MoMLSimpleApplication@5074c768
----------------- Done invoking toplevel() on ptolemy.moml.MoMLSimpleApplication@5074c768
reloadAllAccessors: .DCMotor

===========================================================================================
----------------- testing Thu Jul 11 01:47:31 UTC 2019 /home/travis/build/icyphy/ptII/ptolemy/domains/continuous/test/auto/DEInContinuous.xml
----------------- Instantiating /home/travis/build/icyphy/ptII/ptolemy/domains/continuous/test/auto/DEInContinuous.xml
16 ms. Memory: 398336K Free: 198862K (50%)
----------------- Invoking toplevel() on ptolemy.moml.MoMLSimpleApplication@60f0b1be
----------------- Done invoking toplevel() on ptolemy.moml.MoMLSimpleApplication@60f0b1be
reloadAllAccessors: .DEInContinuous

===========================================================================================
----------------- testing Thu Jul 11 01:47:31 UTC 2019 /home/travis/build/icyphy/ptII/ptolemy/domains/continuous/test/auto/DEinContinuous2.xml
----------------- Instantiating /home/travis/build/icyphy/ptII/ptolemy/domains/continuous/test/auto/DEinContinuous2.xml
9 ms. Memory: 398336K Free: 191184K (48%)
----------------- Invoking toplevel() on ptolemy.moml.MoMLSimpleApplication@2a368ed9
----------------- Done invoking toplevel() on ptolemy.moml.MoMLSimpleApplication@2a368ed9
reloadAllAccessors: .DEinContinuous2

===========================================================================================
----------------- testing Thu Jul 11 01:47:31 UTC 2019 /home/travis/build/icyphy/ptII/ptolemy/domains/continuous/test/auto/Derivative.xml
----------------- Instantiating /home/travis/build/icyphy/ptII/ptolemy/domains/continuous/test/auto/Derivative.xml
171 ms. Memory: 398336K Free: 161998K (41%)
----------------- Invoking toplevel() on ptolemy.moml.MoMLSimpleApplication@7fb7f2ba
----------------- Done invoking toplevel() on ptolemy.moml.MoMLSimpleApplication@7fb7f2ba
reloadAllAccessors: .Derivative2

===========================================================================================
----------------- testing Thu Jul 11 01:47:31 UTC 2019 /home/travis/build/icyphy/ptII/ptolemy/domains/continuous/test/auto/Derivative1.xml
----------------- Instantiating /home/travis/build/icyphy/ptII/ptolemy/domains/continuous/test/auto/Derivative1.xml
23 ms. Memory: 398336K Free: 148176K (37%)
----------------- Invoking toplevel() on ptolemy.moml.MoMLSimpleApplication@2e414bae
----------------- Done invoking toplevel() on ptolemy.moml.MoMLSimpleApplication@2e414bae
reloadAllAccessors: .Derivative1

===========================================================================================
----------------- testing Thu Jul 11 01:47:32 UTC 2019 /home/travis/build/icyphy/ptII/ptolemy/domains/continuous/test/auto/DiscreteClock.xml
----------------- Instantiating /home/travis/build/icyphy/ptII/ptolemy/domains/continuous/test/auto/DiscreteClock.xml
6 ms. Memory: 398336K Free: 380510K (96%)
----------------- Invoking toplevel() on ptolemy.moml.MoMLSimpleApplication@25ae61ff
----------------- Done invoking toplevel() on ptolemy.moml.MoMLSimpleApplication@25ae61ff
reloadAllAccessors: .DiscreteClock

===========================================================================================
----------------- testing Thu Jul 11 01:47:32 UTC 2019 /home/travis/build/icyphy/ptII/ptolemy/domains/continuous/test/auto/EfficiencyCurve.xml
----------------- Instantiating /home/travis/build/icyphy/ptII/ptolemy/domains/continuous/test/auto/EfficiencyCurve.xml
60 ms. Memory: 398336K Free: 371324K (93%)
----------------- Invoking toplevel() on ptolemy.moml.MoMLSimpleApplication@2249014
----------------- Done invoking toplevel() on ptolemy.moml.MoMLSimpleApplication@2249014
reloadAllAccessors: .EfficiencyCurve

===========================================================================================
----------------- testing Thu Jul 11 01:47:32 UTC 2019 /home/travis/build/icyphy/ptII/ptolemy/domains/continuous/test/auto/ExponentialResponse.xml
----------------- Instantiating /home/travis/build/icyphy/ptII/ptolemy/domains/continuous/test/auto/ExponentialResponse.xml
111 ms. Memory: 398336K Free: 355454K (89%)
----------------- Invoking toplevel() on ptolemy.moml.MoMLSimpleApplication@52559d87
----------------- Done invoking toplevel() on ptolemy.moml.MoMLSimpleApplication@52559d87
reloadAllAccessors: .ExponentialResponse

===========================================================================================
----------------- testing Thu Jul 11 01:47:32 UTC 2019 /home/travis/build/icyphy/ptII/ptolemy/domains/continuous/test/auto/ExponentialResponseRK45.xml
----------------- Instantiating /home/travis/build/icyphy/ptII/ptolemy/domains/continuous/test/auto/ExponentialResponseRK45.xml
26 ms. Memory: 398336K Free: 348796K (88%)
----------------- Invoking toplevel() on ptolemy.moml.MoMLSimpleApplication@60ab406b
----------------- Done invoking toplevel() on ptolemy.moml.MoMLSimpleApplication@60ab406b
reloadAllAccessors: .ExponentialResponseRK45

===========================================================================================
----------------- testing Thu Jul 11 01:47:32 UTC 2019 /home/travis/build/icyphy/ptII/ptolemy/domains/continuous/test/auto/Friction.xml
----------------- Instantiating /home/travis/build/icyphy/ptII/ptolemy/domains/continuous/test/auto/Friction.xml
1500 ms. Memory: 398336K Free: 156404K (39%)
----------------- Invoking toplevel() on ptolemy.moml.MoMLSimpleApplication@f9b888e
----------------- Done invoking toplevel() on ptolemy.moml.MoMLSimpleApplication@f9b888e
reloadAllAccessors: .Friction

===========================================================================================
----------------- testing Thu Jul 11 01:47:33 UTC 2019 /home/travis/build/icyphy/ptII/ptolemy/domains/continuous/test/auto/FurutaPendulum.xml
----------------- Instantiating /home/travis/build/icyphy/ptII/ptolemy/domains/continuous/test/auto/FurutaPendulum.xml
3681 ms. Memory: 398336K Free: 333786K (84%)
----------------- Invoking toplevel() on ptolemy.moml.MoMLSimpleApplication@62b6dc82
----------------- Done invoking toplevel() on ptolemy.moml.MoMLSimpleApplication@62b6dc82
reloadAllAccessors: .FurutaPendulum

===========================================================================================
----------------- testing Thu Jul 11 01:47:37 UTC 2019 /home/travis/build/icyphy/ptII/ptolemy/domains/continuous/test/auto/HierarchicalExecution.xml
----------------- Instantiating /home/travis/build/icyphy/ptII/ptolemy/domains/continuous/test/auto/HierarchicalExecution.xml
1922 ms. Memory: 398336K Free: 288642K (72%)
----------------- Invoking toplevel() on ptolemy.moml.MoMLSimpleApplication@37237987
----------------- Done invoking toplevel() on ptolemy.moml.MoMLSimpleApplication@37237987
reloadAllAccessors: .HierarchicalExecution

===========================================================================================
----------------- testing Thu Jul 11 01:47:40 UTC 2019 /home/travis/build/icyphy/ptII/ptolemy/domains/continuous/test/auto/HybridPlant.xml
----------------- Instantiating /home/travis/build/icyphy/ptII/ptolemy/domains/continuous/test/auto/HybridPlant.xml
625 ms. Memory: 478208K Free: 341500K (71%)
----------------- Invoking toplevel() on ptolemy.moml.MoMLSimpleApplication@607f4460
----------------- Done invoking toplevel() on ptolemy.moml.MoMLSimpleApplication@607f4460
reloadAllAccessors: .HybridPlant

===========================================================================================
----------------- testing Thu Jul 11 01:47:40 UTC 2019 /home/travis/build/icyphy/ptII/ptolemy/domains/continuous/test/auto/Hysteresis.xml
----------------- Instantiating /home/travis/build/icyphy/ptII/ptolemy/domains/continuous/test/auto/Hysteresis.xml
151 ms. Memory: 478208K Free: 279036K (58%)
----------------- Invoking toplevel() on ptolemy.moml.MoMLSimpleApplication@6f0c6bff
----------------- Done invoking toplevel() on ptolemy.moml.MoMLSimpleApplication@6f0c6bff
reloadAllAccessors: .Hysteresis

===========================================================================================
----------------- testing Thu Jul 11 01:47:41 UTC 2019 /home/travis/build/icyphy/ptII/ptolemy/domains/continuous/test/auto/HysteresisWithRandomDelay.xml
----------------- Instantiating /home/travis/build/icyphy/ptII/ptolemy/domains/continuous/test/auto/HysteresisWithRandomDelay.xml
189 ms. Memory: 478208K Free: 207866K (43%)
----------------- Invoking toplevel() on ptolemy.moml.MoMLSimpleApplication@7f37ced
----------------- Done invoking toplevel() on ptolemy.moml.MoMLSimpleApplication@7f37ced
reloadAllAccessors: .HysteresisWithRandomDelay

===========================================================================================
----------------- testing Thu Jul 11 01:47:41 UTC 2019 /home/travis/build/icyphy/ptII/ptolemy/domains/continuous/test/auto/HysteresisWithRandomLosses.xml
----------------- Instantiating /home/travis/build/icyphy/ptII/ptolemy/domains/continuous/test/auto/HysteresisWithRandomLosses.xml
2530 ms. Memory: 478208K Free: 326009K (68%)
----------------- Invoking toplevel() on ptolemy.moml.MoMLSimpleApplication@44fe563a
----------------- Done invoking toplevel() on ptolemy.moml.MoMLSimpleApplication@44fe563a
reloadAllAccessors: .HysteresisWithRandomLosses

===========================================================================================
----------------- testing Thu Jul 11 01:47:43 UTC 2019 /home/travis/build/icyphy/ptII/ptolemy/domains/continuous/test/auto/ImmediateTransitions.xml
----------------- Instantiating /home/travis/build/icyphy/ptII/ptolemy/domains/continuous/test/auto/ImmediateTransitions.xml
14 ms. Memory: 478208K Free: 315273K (66%)
----------------- Invoking toplevel() on ptolemy.moml.MoMLSimpleApplication@5f3b6bb8
----------------- Done invoking toplevel() on ptolemy.moml.MoMLSimpleApplication@5f3b6bb8
reloadAllAccessors: .ImmediateTransitions

===========================================================================================
----------------- testing Thu Jul 11 01:47:43 UTC 2019 /home/travis/build/icyphy/ptII/ptolemy/domains/continuous/test/auto/ImpulseFeedback.xml
----------------- Instantiating /home/travis/build/icyphy/ptII/ptolemy/domains/continuous/test/auto/ImpulseFeedback.xml
8 ms. Memory: 478208K Free: 309639K (65%)
----------------- Invoking toplevel() on ptolemy.moml.MoMLSimpleApplication@157c76e3
----------------- Done invoking toplevel() on ptolemy.moml.MoMLSimpleApplication@157c76e3
reloadAllAccessors: .ImpulseFeedback

===========================================================================================
----------------- testing Thu Jul 11 01:47:43 UTC 2019 /home/travis/build/icyphy/ptII/ptolemy/domains/continuous/test/auto/ImpulseFeedback2.xml
----------------- Instantiating /home/travis/build/icyphy/ptII/ptolemy/domains/continuous/test/auto/ImpulseFeedback2.xml
6 ms. Memory: 478208K Free: 304009K (64%)
----------------- Invoking toplevel() on ptolemy.moml.MoMLSimpleApplication@778010c3
----------------- Done invoking toplevel() on ptolemy.moml.MoMLSimpleApplication@778010c3
reloadAllAccessors: .ImpulseFeedback2

===========================================================================================
----------------- testing Thu Jul 11 01:47:43 UTC 2019 /home/travis/build/icyphy/ptII/ptolemy/domains/continuous/test/auto/IncreasingRatePoisson.xml
----------------- Instantiating /home/travis/build/icyphy/ptII/ptolemy/domains/continuous/test/auto/IncreasingRatePoisson.xml
688 ms. Memory: 478208K Free: 286584K (60%)
----------------- Invoking toplevel() on ptolemy.moml.MoMLSimpleApplication@25c2eafa
----------------- Done invoking toplevel() on ptolemy.moml.MoMLSimpleApplication@25c2eafa
reloadAllAccessors: .IncreasingRatePoisson

===========================================================================================
----------------- testing Thu Jul 11 01:47:44 UTC 2019 /home/travis/build/icyphy/ptII/ptolemy/domains/continuous/test/auto/InitialStateFeedback.xml
----------------- Instantiating /home/travis/build/icyphy/ptII/ptolemy/domains/continuous/test/auto/InitialStateFeedback.xml
6 ms. Memory: 478208K Free: 281974K (59%)
----------------- Invoking toplevel() on ptolemy.moml.MoMLSimpleApplication@662229b4
----------------- Done invoking toplevel() on ptolemy.moml.MoMLSimpleApplication@662229b4
reloadAllAccessors: .InitialStateFeedback

===========================================================================================
----------------- testing Thu Jul 11 01:47:44 UTC 2019 /home/travis/build/icyphy/ptII/ptolemy/domains/continuous/test/auto/Integration.xml
----------------- Instantiating /home/travis/build/icyphy/ptII/ptolemy/domains/continuous/test/auto/Integration.xml
2 ms. Memory: 478208K Free: 277878K (58%)
----------------- Invoking toplevel() on ptolemy.moml.MoMLSimpleApplication@53160d1c
----------------- Done invoking toplevel() on ptolemy.moml.MoMLSimpleApplication@53160d1c
reloadAllAccessors: .Integration

===========================================================================================
----------------- testing Thu Jul 11 01:47:44 UTC 2019 /home/travis/build/icyphy/ptII/ptolemy/domains/continuous/test/auto/Integration2.xml
----------------- Instantiating /home/travis/build/icyphy/ptII/ptolemy/domains/continuous/test/auto/Integration2.xml
84 ms. Memory: 478208K Free: 263542K (55%)
----------------- Invoking toplevel() on ptolemy.moml.MoMLSimpleApplication@405f9c90
----------------- Done invoking toplevel() on ptolemy.moml.MoMLSimpleApplication@405f9c90
reloadAllAccessors: .Integration2

===========================================================================================
----------------- testing Thu Jul 11 01:47:44 UTC 2019 /home/travis/build/icyphy/ptII/ptolemy/domains/continuous/test/auto/Integration3.xml
----------------- Instantiating /home/travis/build/icyphy/ptII/ptolemy/domains/continuous/test/auto/Integration3.xml
4 ms. Memory: 478208K Free: 258936K (54%)
----------------- Invoking toplevel() on ptolemy.moml.MoMLSimpleApplication@5c23d43b
----------------- Done invoking toplevel() on ptolemy.moml.MoMLSimpleApplication@5c23d43b
reloadAllAccessors: .Integration3

===========================================================================================
----------------- testing Thu Jul 11 01:47:44 UTC 2019 /home/travis/build/icyphy/ptII/ptolemy/domains/continuous/test/auto/Integration5.xml
----------------- Instantiating /home/travis/build/icyphy/ptII/ptolemy/domains/continuous/test/auto/Integration5.xml
4 ms. Memory: 478208K Free: 254840K (53%)
----------------- Invoking toplevel() on ptolemy.moml.MoMLSimpleApplication@1fe69085
----------------- Done invoking toplevel() on ptolemy.moml.MoMLSimpleApplication@1fe69085
reloadAllAccessors: .Integration5

===========================================================================================
----------------- testing Thu Jul 11 01:47:44 UTC 2019 /home/travis/build/icyphy/ptII/ptolemy/domains/continuous/test/auto/IntegratorImpulse.xml
----------------- Instantiating /home/travis/build/icyphy/ptII/ptolemy/domains/continuous/test/auto/IntegratorImpulse.xml
2 ms. Memory: 478208K Free: 250744K (52%)
----------------- Invoking toplevel() on ptolemy.moml.MoMLSimpleApplication@3542224f
----------------- Done invoking toplevel() on ptolemy.moml.MoMLSimpleApplication@3542224f
reloadAllAccessors: .IntegratorImpulse

===========================================================================================
----------------- testing Thu Jul 11 01:47:44 UTC 2019 /home/travis/build/icyphy/ptII/ptolemy/domains/continuous/test/auto/IntegratorImpulse2.xml
----------------- Instantiating /home/travis/build/icyphy/ptII/ptolemy/domains/continuous/test/auto/IntegratorImpulse2.xml
6 ms. Memory: 478208K Free: 246120K (51%)
----------------- Invoking toplevel() on ptolemy.moml.MoMLSimpleApplication@2c9abd5b
----------------- Done invoking toplevel() on ptolemy.moml.MoMLSimpleApplication@2c9abd5b
reloadAllAccessors: .IntegratorImpulse2

===========================================================================================
----------------- testing Thu Jul 11 01:47:44 UTC 2019 /home/travis/build/icyphy/ptII/ptolemy/domains/continuous/test/auto/LevelCrossing1.xml
----------------- Instantiating /home/travis/build/icyphy/ptII/ptolemy/domains/continuous/test/auto/LevelCrossing1.xml
2 ms. Memory: 478208K Free: 241014K (50%)
----------------- Invoking toplevel() on ptolemy.moml.MoMLSimpleApplication@13a6492
----------------- Done invoking toplevel() on ptolemy.moml.MoMLSimpleApplication@13a6492
reloadAllAccessors: .LevelCrossing1

===========================================================================================
----------------- testing Thu Jul 11 01:47:44 UTC 2019 /home/travis/build/icyphy/ptII/ptolemy/domains/continuous/test/auto/LevelCrossing2.xml
----------------- Instantiating /home/travis/build/icyphy/ptII/ptolemy/domains/continuous/test/auto/LevelCrossing2.xml
3 ms. Memory: 478208K Free: 235894K (49%)
----------------- Invoking toplevel() on ptolemy.moml.MoMLSimpleApplication@6bec2a29
----------------- Done invoking toplevel() on ptolemy.moml.MoMLSimpleApplication@6bec2a29
reloadAllAccessors: .LevelCrossing2

===========================================================================================
----------------- testing Thu Jul 11 01:47:44 UTC 2019 /home/travis/build/icyphy/ptII/ptolemy/domains/continuous/test/auto/LevelCrossing3.xml
----------------- Instantiating /home/travis/build/icyphy/ptII/ptolemy/domains/continuous/test/auto/LevelCrossing3.xml
3 ms. Memory: 478208K Free: 230774K (48%)
----------------- Invoking toplevel() on ptolemy.moml.MoMLSimpleApplication@5d97162b
----------------- Done invoking toplevel() on ptolemy.moml.MoMLSimpleApplication@5d97162b
reloadAllAccessors: .LevelCrossing3

===========================================================================================
----------------- testing Thu Jul 11 01:47:44 UTC 2019 /home/travis/build/icyphy/ptII/ptolemy/domains/continuous/test/auto/LevelCrossing4.xml
----------------- Instantiating /home/travis/build/icyphy/ptII/ptolemy/domains/continuous/test/auto/LevelCrossing4.xml
3 ms. Memory: 478208K Free: 225654K (47%)
----------------- Invoking toplevel() on ptolemy.moml.MoMLSimpleApplication@2611d12c
----------------- Done invoking toplevel() on ptolemy.moml.MoMLSimpleApplication@2611d12c
reloadAllAccessors: .LevelCrossing4

===========================================================================================
----------------- testing Thu Jul 11 01:47:44 UTC 2019 /home/travis/build/icyphy/ptII/ptolemy/domains/continuous/test/auto/LevelCrossing5.xml
----------------- Instantiating /home/travis/build/icyphy/ptII/ptolemy/domains/continuous/test/auto/LevelCrossing5.xml
3 ms. Memory: 478208K Free: 220534K (46%)
----------------- Invoking toplevel() on ptolemy.moml.MoMLSimpleApplication@4ff1e86e
----------------- Done invoking toplevel() on ptolemy.moml.MoMLSimpleApplication@4ff1e86e
reloadAllAccessors: .LevelCrossing5

===========================================================================================
[...]
----------------- testing Thu Jul 11 01:48:02 UTC 2019 /home/travis/build/icyphy/ptII/ptolemy/domains/continuous/test/auto/SRinContinuous.xml
----------------- Instantiating /home/travis/build/icyphy/ptII/ptolemy/domains/continuous/test/auto/SRinContinuous.xml
4 ms. Memory: 478208K Free: 261166K (55%)
----------------- Invoking toplevel() on ptolemy.moml.MoMLSimpleApplication@6ab4ccb7
----------------- Done invoking toplevel() on ptolemy.moml.MoMLSimpleApplication@6ab4ccb7
reloadAllAccessors: .SRinContinuous

===========================================================================================
----------------- testing Thu Jul 11 01:48:02 UTC 2019 /home/travis/build/icyphy/ptII/ptolemy/domains/continuous/test/auto/SampledClocks.xml
----------------- Instantiating /home/travis/build/icyphy/ptII/ptolemy/domains/continuous/test/auto/SampledClocks.xml
7 ms. Memory: 478208K Free: 248364K (52%)
----------------- Invoking toplevel() on ptolemy.moml.MoMLSimpleApplication@267ae9ac
----------------- Done invoking toplevel() on ptolemy.moml.MoMLSimpleApplication@267ae9ac
reloadAllAccessors: .SampledClocks

===========================================================================================
----------------- testing Thu Jul 11 01:48:02 UTC 2019 /home/travis/build/icyphy/ptII/ptolemy/domains/continuous/test/auto/Satellite.xml
----------------- Instantiating /home/travis/build/icyphy/ptII/ptolemy/domains/continuous/test/auto/Satellite.xml
958 ms. Memory: 478208K Free: 329872K (69%)
----------------- Invoking toplevel() on ptolemy.moml.MoMLSimpleApplication@175f470c
----------------- Done invoking toplevel() on ptolemy.moml.MoMLSimpleApplication@175f470c
reloadAllAccessors: .Satellite

===========================================================================================
----------------- testing Thu Jul 11 01:48:03 UTC 2019 /home/travis/build/icyphy/ptII/ptolemy/domains/continuous/test/auto/SigmaDelta.xml
----------------- Instantiating /home/travis/build/icyphy/ptII/ptolemy/domains/continuous/test/auto/SigmaDelta.xml
2393 ms. Memory: 478208K Free: 353599K (74%)
----------------- Invoking toplevel() on ptolemy.moml.MoMLSimpleApplication@53a173e3
----------------- Done invoking toplevel() on ptolemy.moml.MoMLSimpleApplication@53a173e3
reloadAllAccessors: .SigmaDelta

===========================================================================================
----------------- testing Thu Jul 11 01:48:06 UTC 2019 /home/travis/build/icyphy/ptII/ptolemy/domains/continuous/test/auto/SingleRefinement.xml
----------------- Instantiating /home/travis/build/icyphy/ptII/ptolemy/domains/continuous/test/auto/SingleRefinement.xml
325 ms. Memory: 478208K Free: 453508K (95%)
----------------- Invoking toplevel() on ptolemy.moml.MoMLSimpleApplication@5b7f3419
----------------- Done invoking toplevel() on ptolemy.moml.MoMLSimpleApplication@5b7f3419
reloadAllAccessors: .SingleRefinement

===========================================================================================
----------------- testing Thu Jul 11 01:48:06 UTC 2019 /home/travis/build/icyphy/ptII/ptolemy/domains/continuous/test/auto/SinuBouncingBall.xml
----------------- Instantiating /home/travis/build/icyphy/ptII/ptolemy/domains/continuous/test/auto/SinuBouncingBall.xml
786 ms. Memory: 478208K Free: 236930K (50%)
----------------- Invoking toplevel() on ptolemy.moml.MoMLSimpleApplication@138bf5a0
----------------- Done invoking toplevel() on ptolemy.moml.MoMLSimpleApplication@138bf5a0
reloadAllAccessors: .SinuBouncingBall

===========================================================================================
----------------- testing Thu Jul 11 01:48:07 UTC 2019 /home/travis/build/icyphy/ptII/ptolemy/domains/continuous/test/auto/Sinusoid.xml
----------------- Instantiating /home/travis/build/icyphy/ptII/ptolemy/domains/continuous/test/auto/Sinusoid.xml
4 ms. Memory: 478208K Free: 232820K (49%)
----------------- Invoking toplevel() on ptolemy.moml.MoMLSimpleApplication@5d2b4c32
----------------- Done invoking toplevel() on ptolemy.moml.MoMLSimpleApplication@5d2b4c32
reloadAllAccessors: .Sinusoid

===========================================================================================
----------------- testing Thu Jul 11 01:48:07 UTC 2019 /home/travis/build/icyphy/ptII/ptolemy/domains/continuous/test/auto/SinusoidInNoise.xml
----------------- Instantiating /home/travis/build/icyphy/ptII/ptolemy/domains/continuous/test/auto/SinusoidInNoise.xml
963 ms. Memory: 478208K Free: 382338K (80%)
----------------- Invoking toplevel() on ptolemy.moml.MoMLSimpleApplication@5658127e
----------------- Done invoking toplevel() on ptolemy.moml.MoMLSimpleApplication@5658127e
reloadAllAccessors: .SinusoidInNoise

===========================================================================================
----------------- testing Thu Jul 11 01:48:08 UTC 2019 /home/travis/build/icyphy/ptII/ptolemy/domains/continuous/test/auto/SinusoidRK45.xml
----------------- Instantiating /home/travis/build/icyphy/ptII/ptolemy/domains/continuous/test/auto/SinusoidRK45.xml
3 ms. Memory: 478208K Free: 377732K (79%)
----------------- Invoking toplevel() on ptolemy.moml.MoMLSimpleApplication@4b7d9098
----------------- Done invoking toplevel() on ptolemy.moml.MoMLSimpleApplication@4b7d9098
reloadAllAccessors: .SinusoidRK45

===========================================================================================
----------------- testing Thu Jul 11 01:48:08 UTC 2019 /home/travis/build/icyphy/ptII/ptolemy/domains/continuous/test/auto/SinusoidWithMultipleImpulses.xml
----------------- Instantiating /home/travis/build/icyphy/ptII/ptolemy/domains/continuous/test/auto/SinusoidWithMultipleImpulses.xml
3 ms. Memory: 478208K Free: 373122K (78%)
----------------- Invoking toplevel() on ptolemy.moml.MoMLSimpleApplication@275b5999
----------------- Done invoking toplevel() on ptolemy.moml.MoMLSimpleApplication@275b5999
reloadAllAccessors: .SinusoidWithMultipleImpulses

===========================================================================================
----------------- testing Thu Jul 11 01:48:08 UTC 2019 /home/travis/build/icyphy/ptII/ptolemy/domains/continuous/test/auto/SquareWave.xml
----------------- Instantiating /home/travis/build/icyphy/ptII/ptolemy/domains/continuous/test/auto/SquareWave.xml
170 ms. Memory: 478208K Free: 345988K (72%)
----------------- Invoking toplevel() on ptolemy.moml.MoMLSimpleApplication@5ce23296
----------------- Done invoking toplevel() on ptolemy.moml.MoMLSimpleApplication@5ce23296
reloadAllAccessors: .SquareWave

===========================================================================================
----------------- testing Thu Jul 11 01:48:09 UTC 2019 /home/travis/build/icyphy/ptII/ptolemy/domains/continuous/test/auto/Starmac.xml
----------------- Instantiating /home/travis/build/icyphy/ptII/ptolemy/domains/continuous/test/auto/Starmac.xml
3083 ms. Memory: 478208K Free: 309621K (65%)
----------------- Invoking toplevel() on ptolemy.moml.MoMLSimpleApplication@45aaab1e
----------------- Done invoking toplevel() on ptolemy.moml.MoMLSimpleApplication@45aaab1e
reloadAllAccessors: .Starmac

===========================================================================================
----------------- testing Thu Jul 11 01:48:12 UTC 2019 /home/travis/build/icyphy/ptII/ptolemy/domains/continuous/test/auto/StaticUnits.xml
----------------- Instantiating /home/travis/build/icyphy/ptII/ptolemy/domains/continuous/test/auto/StaticUnits.xml
2423 ms. Memory: 478208K Free: 393560K (82%)
----------------- Invoking toplevel() on ptolemy.moml.MoMLSimpleApplication@5b5ee41f
----------------- Done invoking toplevel() on ptolemy.moml.MoMLSimpleApplication@5b5ee41f
reloadAllAccessors: .StaticUnits

===========================================================================================
----------------- testing Thu Jul 11 01:48:15 UTC 2019 /home/travis/build/icyphy/ptII/ptolemy/domains/continuous/test/auto/StickyMasses.xml
----------------- Instantiating /home/travis/build/icyphy/ptII/ptolemy/domains/continuous/test/auto/StickyMasses.xml
140 ms. Memory: 478208K Free: 343894K (72%)
----------------- Invoking toplevel() on ptolemy.moml.MoMLSimpleApplication@1315da36
----------------- Done invoking toplevel() on ptolemy.moml.MoMLSimpleApplication@1315da36
reloadAllAccessors: .StickyMasses

===========================================================================================
----------------- testing Thu Jul 11 01:48:15 UTC 2019 /home/travis/build/icyphy/ptII/ptolemy/domains/continuous/test/auto/StopTime.xml
----------------- Instantiating /home/travis/build/icyphy/ptII/ptolemy/domains/continuous/test/auto/StopTime.xml
44 ms. Memory: 478208K Free: 318808K (67%)
----------------- Invoking toplevel() on ptolemy.moml.MoMLSimpleApplication@3f04997c
----------------- Done invoking toplevel() on ptolemy.moml.MoMLSimpleApplication@3f04997c
reloadAllAccessors: .StopTime

===========================================================================================
----------------- testing Thu Jul 11 01:48:15 UTC 2019 /home/travis/build/icyphy/ptII/ptolemy/domains/continuous/test/auto/StopTime2.xml
----------------- Instantiating /home/travis/build/icyphy/ptII/ptolemy/domains/continuous/test/auto/StopTime2.xml
37 ms. Memory: 478208K Free: 296790K (62%)
----------------- Invoking toplevel() on ptolemy.moml.MoMLSimpleApplication@34f875f
----------------- Done invoking toplevel() on ptolemy.moml.MoMLSimpleApplication@34f875f
reloadAllAccessors: .StopTime2

===========================================================================================
----------------- testing Thu Jul 11 01:48:15 UTC 2019 /home/travis/build/icyphy/ptII/ptolemy/domains/continuous/test/auto/Switch.xml
----------------- Instantiating /home/travis/build/icyphy/ptII/ptolemy/domains/continuous/test/auto/Switch.xml
39 ms. Memory: 478208K Free: 272199K (57%)
----------------- Invoking toplevel() on ptolemy.moml.MoMLSimpleApplication@316e5cb8
----------------- Done invoking toplevel() on ptolemy.moml.MoMLSimpleApplication@316e5cb8
reloadAllAccessors: .Switch

===========================================================================================
----------------- testing Thu Jul 11 01:48:15 UTC 2019 /home/travis/build/icyphy/ptII/ptolemy/domains/continuous/test/auto/Thermostat.xml
----------------- Instantiating /home/travis/build/icyphy/ptII/ptolemy/domains/continuous/test/auto/Thermostat.xml
179 ms. Memory: 478208K Free: 200024K (42%)
----------------- Invoking toplevel() on ptolemy.moml.MoMLSimpleApplication@6d0f3177
----------------- Done invoking toplevel() on ptolemy.moml.MoMLSimpleApplication@6d0f3177
reloadAllAccessors: .Thermostat

===========================================================================================
----------------- testing Thu Jul 11 01:48:15 UTC 2019 /home/travis/build/icyphy/ptII/ptolemy/domains/continuous/test/auto/TimeDelay.xml
----------------- Instantiating /home/travis/build/icyphy/ptII/ptolemy/domains/continuous/test/auto/TimeDelay.xml
5 ms. Memory: 478208K Free: 194904K (41%)
----------------- Invoking toplevel() on ptolemy.moml.MoMLSimpleApplication@74428032
----------------- Done invoking toplevel() on ptolemy.moml.MoMLSimpleApplication@74428032
reloadAllAccessors: .TimeDelay

===========================================================================================
----------------- testing Thu Jul 11 01:48:15 UTC 2019 /home/travis/build/icyphy/ptII/ptolemy/domains/continuous/test/auto/TimeDelay2.xml
----------------- Instantiating /home/travis/build/icyphy/ptII/ptolemy/domains/continuous/test/auto/TimeDelay2.xml
7 ms. Memory: 478208K Free: 185174K (39%)
----------------- Invoking toplevel() on ptolemy.moml.MoMLSimpleApplication@3fb29f09
----------------- Done invoking toplevel() on ptolemy.moml.MoMLSimpleApplication@3fb29f09
reloadAllAccessors: .TimeDelay2

===========================================================================================
----------------- testing Thu Jul 11 01:48:15 UTC 2019 /home/travis/build/icyphy/ptII/ptolemy/domains/continuous/test/auto/TimeDelay3.xml
----------------- Instantiating /home/travis/build/icyphy/ptII/ptolemy/domains/continuous/test/auto/TimeDelay3.xml
5 ms. Memory: 478208K Free: 180566K (38%)
----------------- Invoking toplevel() on ptolemy.moml.MoMLSimpleApplication@255dde5d
----------------- Done invoking toplevel() on ptolemy.moml.MoMLSimpleApplication@255dde5d
reloadAllAccessors: .TimeDelay3

===========================================================================================
----------------- testing Thu Jul 11 01:48:15 UTC 2019 /home/travis/build/icyphy/ptII/ptolemy/domains/continuous/test/auto/TransferAbsentToInside.xml
----------------- Instantiating /home/travis/build/icyphy/ptII/ptolemy/domains/continuous/test/auto/TransferAbsentToInside.xml
29 ms. Memory: 478208K Free: 408401K (85%)
----------------- Invoking toplevel() on ptolemy.moml.MoMLSimpleApplication@4d3718e8
----------------- Done invoking toplevel() on ptolemy.moml.MoMLSimpleApplication@4d3718e8
reloadAllAccessors: .TransferAbsentToInside

===========================================================================================
----------------- testing Thu Jul 11 01:48:16 UTC 2019 /home/travis/build/icyphy/ptII/ptolemy/domains/continuous/test/auto/Transmission.xml
----------------- Instantiating /home/travis/build/icyphy/ptII/ptolemy/domains/continuous/test/auto/Transmission.xml
753 ms. Memory: 478208K Free: 176449K (37%)
----------------- Invoking toplevel() on ptolemy.moml.MoMLSimpleApplication@750fa617
----------------- Done invoking toplevel() on ptolemy.moml.MoMLSimpleApplication@750fa617
reloadAllAccessors: .Transmission

===========================================================================================
----------------- testing Thu Jul 11 01:48:16 UTC 2019 /home/travis/build/icyphy/ptII/ptolemy/domains/continuous/test/auto/TriggeredContinuousClock.xml
----------------- Instantiating /home/travis/build/icyphy/ptII/ptolemy/domains/continuous/test/auto/TriggeredContinuousClock.xml
39 ms. Memory: 478208K Free: 427851K (89%)
----------------- Invoking toplevel() on ptolemy.moml.MoMLSimpleApplication@7253b249
----------------- Done invoking toplevel() on ptolemy.moml.MoMLSimpleApplication@7253b249
reloadAllAccessors: .TriggeredContinuousClock

===========================================================================================
----------------- testing Thu Jul 11 01:48:16 UTC 2019 /home/travis/build/icyphy/ptII/ptolemy/domains/continuous/test/auto/TwoMachineInfiniteBusControl.xml
----------------- Instantiating /home/travis/build/icyphy/ptII/ptolemy/domains/continuous/test/auto/TwoMachineInfiniteBusControl.xml
2799 ms. Memory: 478208K Free: 406829K (85%)
----------------- Invoking toplevel() on ptolemy.moml.MoMLSimpleApplication@46fae53c
----------------- Done invoking toplevel() on ptolemy.moml.MoMLSimpleApplication@46fae53c
reloadAllAccessors: .TwoMachineInfiniteBusControl

===========================================================================================
----------------- testing Thu Jul 11 01:48:19 UTC 2019 /home/travis/build/icyphy/ptII/ptolemy/domains/continuous/test/auto/V2V.xml
----------------- Instantiating /home/travis/build/icyphy/ptII/ptolemy/domains/continuous/test/auto/V2V.xml
758 ms. Memory: 478208K Free: 219452K (46%)
----------------- Invoking toplevel() on ptolemy.moml.MoMLSimpleApplication@5d87337e
----------------- Done invoking toplevel() on ptolemy.moml.MoMLSimpleApplication@5d87337e
reloadAllAccessors: .V2V

===========================================================================================
----------------- testing Thu Jul 11 01:48:20 UTC 2019 /home/travis/build/icyphy/ptII/ptolemy/domains/continuous/test/auto/hierarchicalModalModel.xml
----------------- Instantiating /home/travis/build/icyphy/ptII/ptolemy/domains/continuous/test/auto/hierarchicalModalModel.xml
7 ms. Memory: 478208K Free: 205630K (43%)
----------------- Invoking toplevel() on ptolemy.moml.MoMLSimpleApplication@3d0e0e1b
----------------- Done invoking toplevel() on ptolemy.moml.MoMLSimpleApplication@3d0e0e1b
reloadAllAccessors: .hierarchicalModalModel

===========================================================================================
----------------- testing Thu Jul 11 01:48:20 UTC 2019 /home/travis/build/icyphy/ptII/ptolemy/domains/continuous/test/auto/hierarchicalModalModel1.xml
----------------- Instantiating /home/travis/build/icyphy/ptII/ptolemy/domains/continuous/test/auto/hierarchicalModalModel1.xml
9 ms. Memory: 478208K Free: 191294K (40%)
----------------- Invoking toplevel() on ptolemy.moml.MoMLSimpleApplication@3efeef85
----------------- Done invoking toplevel() on ptolemy.moml.MoMLSimpleApplication@3efeef85
reloadAllAccessors: .hierarchicalModalModel1

===========================================================================================
----------------- testing Thu Jul 11 01:48:20 UTC 2019 /home/travis/build/icyphy/ptII/ptolemy/domains/continuous/test/auto/hierarchicalModalModel2.xml
----------------- Instantiating /home/travis/build/icyphy/ptII/ptolemy/domains/continuous/test/auto/hierarchicalModalModel2.xml
7 ms. Memory: 478208K Free: 179006K (37%)
----------------- Invoking toplevel() on ptolemy.moml.MoMLSimpleApplication@585f671f
----------------- Done invoking toplevel() on ptolemy.moml.MoMLSimpleApplication@585f671f
reloadAllAccessors: .hierarchicalModalModel2

===========================================================================================
----------------- testing Thu Jul 11 01:48:20 UTC 2019 /home/travis/build/icyphy/ptII/ptolemy/domains/continuous/test/auto/hierarchicalModalModel3.xml
----------------- Instantiating /home/travis/build/icyphy/ptII/ptolemy/domains/continuous/test/auto/hierarchicalModalModel3.xml
7 ms. Memory: 478208K Free: 449258K (94%)
----------------- Invoking toplevel() on ptolemy.moml.MoMLSimpleApplication@65084f19
----------------- Done invoking toplevel() on ptolemy.moml.MoMLSimpleApplication@65084f19
reloadAllAccessors: .hierarchicalModalModel3

===========================================================================================
----------------- testing Thu Jul 11 01:48:20 UTC 2019 /home/travis/build/icyphy/ptII/ptolemy/domains/continuous/test/auto/hierarchicalModalModel4.xml
----------------- Instantiating /home/travis/build/icyphy/ptII/ptolemy/domains/continuous/test/auto/hierarchicalModalModel4.xml
5 ms. Memory: 478208K Free: 437484K (91%)
----------------- Invoking toplevel() on ptolemy.moml.MoMLSimpleApplication@f0a0f7c
----------------- Done invoking toplevel() on ptolemy.moml.MoMLSimpleApplication@f0a0f7c
reloadAllAccessors: .hierarchicalModalModel4

===========================================================================================
----------------- testing Thu Jul 11 01:48:20 UTC 2019 /home/travis/build/icyphy/ptII/ptolemy/domains/continuous/test/auto/junk.xml
----------------- Instantiating /home/travis/build/icyphy/ptII/ptolemy/domains/continuous/test/auto/junk.xml
143 ms. Memory: 478208K Free: 409322K (86%)
----------------- Invoking toplevel() on ptolemy.moml.MoMLSimpleApplication@51e6eadc
----------------- Done invoking toplevel() on ptolemy.moml.MoMLSimpleApplication@51e6eadc
reloadAllAccessors: .junk
AutoTests.java: About to close Vertx.
AutoTests.java: Vertx closed.
]]></system-out>
  <system-err><![CDATA[Warning: '.HysteresisWithRandomDelay.NonStrictTest3' The test produced only 25 tokens, yet the correctValues parameter was expecting 30 tokens.
Warning: '.IncreasingRatePoisson.NonStrictTest' The test produced only 390 tokens, yet the correctValues parameter was expecting 402 tokens.
Warning: '.Poisson.NonStrictTest' The test produced only 404 tokens, yet the correctValues parameter was expecting 430 tokens.
]]></system-err>
</testsuite>
