<?xml version="1.0" encoding="UTF-8" ?>
<testsuite errors="0" failures="0" hostname="travis-job-5b7dfed2-6033-49fd-bed9-d58128cbf65c" name="ptolemy.domains.sdf.lib.test.junit.JUnitTclTest" skipped="0" tests="82" time="9.389" timestamp="2019-07-06T05:09:46">
  <properties>
[...]
</properties>
  <testcase classname="ptolemy.util.test.junit.TclTests" name="[0] /home/travis/build/icyphy/ptII/ptolemy/domains/sdf/lib/test/ArrayToSequence.tcl (RunTclFile)" time="0.643" />
  <testcase classname="ptolemy.util.test.junit.TclTests" name="[1] /home/travis/build/icyphy/ptII/ptolemy/domains/sdf/lib/test/BitsToInt.tcl (RunTclFile)" time="0.062" />
  <testcase classname="ptolemy.util.test.junit.TclTests" name="[2] /home/travis/build/icyphy/ptII/ptolemy/domains/sdf/lib/test/DelayLine.tcl (RunTclFile)" time="0.042" />
  <testcase classname="ptolemy.util.test.junit.TclTests" name="[3] /home/travis/build/icyphy/ptII/ptolemy/domains/sdf/lib/test/FFT.tcl (RunTclFile)" time="0.03" />
  <testcase classname="ptolemy.util.test.junit.TclTests" name="[4] /home/travis/build/icyphy/ptII/ptolemy/domains/sdf/lib/test/FIR.tcl (RunTclFile)" time="0.211" />
  <testcase classname="ptolemy.util.test.junit.TclTests" name="[5] /home/travis/build/icyphy/ptII/ptolemy/domains/sdf/lib/test/IntToBits.tcl (RunTclFile)" time="0.044" />
  <testcase classname="ptolemy.util.test.junit.TclTests" name="[6] /home/travis/build/icyphy/ptII/ptolemy/domains/sdf/lib/test/MaximumEntropySpectrum.tcl (RunTclFile)" time="0.337" />
  <testcase classname="ptolemy.util.test.junit.TclTests" name="[7] /home/travis/build/icyphy/ptII/ptolemy/domains/sdf/lib/test/Repeat.tcl (RunTclFile)" time="0.022" />
  <testcase classname="ptolemy.util.test.junit.TclTests" name="[8] /home/travis/build/icyphy/ptII/ptolemy/domains/sdf/lib/test/SampleDelay.tcl (RunTclFile)" time="0.062" />
  <testcase classname="ptolemy.util.test.junit.TclTests" name="[9] /home/travis/build/icyphy/ptII/ptolemy/domains/sdf/lib/test/SequenceToArray.tcl (RunTclFile)" time="0.048" />
  <testcase classname="ptolemy.util.test.junit.AutoKnownFailedTests" name="[0] ThereAreNoKnowFailedTests (RunModel)" time="0.002" />
  <testcase classname="ptolemy.util.test.junit.AutoNameArchTests" name="[0] ThereAreNoAutoArchTests (RunModel)" time="0.002" />
  <testcase classname="ptolemy.util.test.junit.AutoTests" name="[0] /home/travis/build/icyphy/ptII/ptolemy/domains/sdf/lib/test/auto/ArrayToSequence.xml (RunModel)" time="0.199" />
  <testcase classname="ptolemy.util.test.junit.AutoTests" name="[1] /home/travis/build/icyphy/ptII/ptolemy/domains/sdf/lib/test/auto/ArrayToSequenceTest.xml (RunModel)" time="0.099" />
  <testcase classname="ptolemy.util.test.junit.AutoTests" name="[2] /home/travis/build/icyphy/ptII/ptolemy/domains/sdf/lib/test/auto/Autocorrelation.xml (RunModel)" time="0.06" />
  <testcase classname="ptolemy.util.test.junit.AutoTests" name="[3] /home/travis/build/icyphy/ptII/ptolemy/domains/sdf/lib/test/auto/Autocorrelation2.xml (RunModel)" time="0.068" />
  <testcase classname="ptolemy.util.test.junit.AutoTests" name="[4] /home/travis/build/icyphy/ptII/ptolemy/domains/sdf/lib/test/auto/Autocorrelation3.xml (RunModel)" time="0.057" />
  <testcase classname="ptolemy.util.test.junit.AutoTests" name="[5] /home/travis/build/icyphy/ptII/ptolemy/domains/sdf/lib/test/auto/Autocorrelation4.xml (RunModel)" time="0.066" />
  <testcase classname="ptolemy.util.test.junit.AutoTests" name="[6] /home/travis/build/icyphy/ptII/ptolemy/domains/sdf/lib/test/auto/Autocorrelation5.xml (RunModel)" time="0.141" />
  <testcase classname="ptolemy.util.test.junit.AutoTests" name="[7] /home/travis/build/icyphy/ptII/ptolemy/domains/sdf/lib/test/auto/BitsToInt.xml (RunModel)" time="0.03" />
  <testcase classname="ptolemy.util.test.junit.AutoTests" name="[8] /home/travis/build/icyphy/ptII/ptolemy/domains/sdf/lib/test/auto/BooleanJoin.xml (RunModel)" time="0.063" />
  <testcase classname="ptolemy.util.test.junit.AutoTests" name="[9] /home/travis/build/icyphy/ptII/ptolemy/domains/sdf/lib/test/auto/BootstrapSampleDelay.xml (RunModel)" time="0.055" />
  <testcase classname="ptolemy.util.test.junit.AutoTests" name="[10] /home/travis/build/icyphy/ptII/ptolemy/domains/sdf/lib/test/auto/Chop.xml (RunModel)" time="0.08" />
  <testcase classname="ptolemy.util.test.junit.AutoTests" name="[11] /home/travis/build/icyphy/ptII/ptolemy/domains/sdf/lib/test/auto/Chop2.xml (RunModel)" time="0.026" />
  <testcase classname="ptolemy.util.test.junit.AutoTests" name="[12] /home/travis/build/icyphy/ptII/ptolemy/domains/sdf/lib/test/auto/ComplexJoin.xml (RunModel)" time="0.024" />
  <testcase classname="ptolemy.util.test.junit.AutoTests" name="[13] /home/travis/build/icyphy/ptII/ptolemy/domains/sdf/lib/test/auto/CountTrues.xml (RunModel)" time="0.02" />
  <testcase classname="ptolemy.util.test.junit.AutoTests" name="[14] /home/travis/build/icyphy/ptII/ptolemy/domains/sdf/lib/test/auto/DelayLine.xml (RunModel)" time="0.045" />
  <testcase classname="ptolemy.util.test.junit.AutoTests" name="[15] /home/travis/build/icyphy/ptII/ptolemy/domains/sdf/lib/test/auto/DotProduct.xml (RunModel)" time="0.033" />
  <testcase classname="ptolemy.util.test.junit.AutoTests" name="[16] /home/travis/build/icyphy/ptII/ptolemy/domains/sdf/lib/test/auto/DotProductMatrix.xml (RunModel)" time="0.041" />
  <testcase classname="ptolemy.util.test.junit.AutoTests" name="[17] /home/travis/build/icyphy/ptII/ptolemy/domains/sdf/lib/test/auto/DownSample1.xml (RunModel)" time="0.026" />
  <testcase classname="ptolemy.util.test.junit.AutoTests" name="[18] /home/travis/build/icyphy/ptII/ptolemy/domains/sdf/lib/test/auto/DynamicRateChange.xml (RunModel)" time="0.041" />
  <testcase classname="ptolemy.util.test.junit.AutoTests" name="[19] /home/travis/build/icyphy/ptII/ptolemy/domains/sdf/lib/test/auto/DynamicRates.xml (RunModel)" time="0.05" />
  <testcase classname="ptolemy.util.test.junit.AutoTests" name="[20] /home/travis/build/icyphy/ptII/ptolemy/domains/sdf/lib/test/auto/FFT1.xml (RunModel)" time="0.049" />
  <testcase classname="ptolemy.util.test.junit.AutoTests" name="[21] /home/travis/build/icyphy/ptII/ptolemy/domains/sdf/lib/test/auto/FIR1.xml (RunModel)" time="0.066" />
  <testcase classname="ptolemy.util.test.junit.AutoTests" name="[22] /home/travis/build/icyphy/ptII/ptolemy/domains/sdf/lib/test/auto/FIR2.xml (RunModel)" time="0.026" />
  <testcase classname="ptolemy.util.test.junit.AutoTests" name="[23] /home/travis/build/icyphy/ptII/ptolemy/domains/sdf/lib/test/auto/FIR4.xml (RunModel)" time="0.043" />
  <testcase classname="ptolemy.util.test.junit.AutoTests" name="[24] /home/travis/build/icyphy/ptII/ptolemy/domains/sdf/lib/test/auto/FixJoin.xml (RunModel)" time="0.054" />
  <testcase classname="ptolemy.util.test.junit.AutoTests" name="[25] /home/travis/build/icyphy/ptII/ptolemy/domains/sdf/lib/test/auto/IntJoin1.xml (RunModel)" time="0.023" />
  <testcase classname="ptolemy.util.test.junit.AutoTests" name="[26] /home/travis/build/icyphy/ptII/ptolemy/domains/sdf/lib/test/auto/IntJoin2.xml (RunModel)" time="0.027" />
  <testcase classname="ptolemy.util.test.junit.AutoTests" name="[27] /home/travis/build/icyphy/ptII/ptolemy/domains/sdf/lib/test/auto/IntJoin3.xml (RunModel)" time="0.027" />
  <testcase classname="ptolemy.util.test.junit.AutoTests" name="[28] /home/travis/build/icyphy/ptII/ptolemy/domains/sdf/lib/test/auto/IntJoin4.xml (RunModel)" time="0.032" />
  <testcase classname="ptolemy.util.test.junit.AutoTests" name="[29] /home/travis/build/icyphy/ptII/ptolemy/domains/sdf/lib/test/auto/IntJoin5.xml (RunModel)" time="0.028" />
  <testcase classname="ptolemy.util.test.junit.AutoTests" name="[30] /home/travis/build/icyphy/ptII/ptolemy/domains/sdf/lib/test/auto/IntToBits.xml (RunModel)" time="0.023" />
  <testcase classname="ptolemy.util.test.junit.AutoTests" name="[31] /home/travis/build/icyphy/ptII/ptolemy/domains/sdf/lib/test/auto/LMSAdaptive.xml (RunModel)" time="0.062" />
  <testcase classname="ptolemy.util.test.junit.AutoTests" name="[32] /home/travis/build/icyphy/ptII/ptolemy/domains/sdf/lib/test/auto/LMSAdaptiveFIR.xml (RunModel)" time="0.366" />
  <testcase classname="ptolemy.util.test.junit.AutoTests" name="[33] /home/travis/build/icyphy/ptII/ptolemy/domains/sdf/lib/test/auto/LMSAdaptiveFIR2.xml (RunModel)" time="0.513" />
  <testcase classname="ptolemy.util.test.junit.AutoTests" name="[34] /home/travis/build/icyphy/ptII/ptolemy/domains/sdf/lib/test/auto/LongJoin.xml (RunModel)" time="0.031" />
  <testcase classname="ptolemy.util.test.junit.AutoTests" name="[35] /home/travis/build/icyphy/ptII/ptolemy/domains/sdf/lib/test/auto/Matrix1.xml (RunModel)" time="0.026" />
  <testcase classname="ptolemy.util.test.junit.AutoTests" name="[36] /home/travis/build/icyphy/ptII/ptolemy/domains/sdf/lib/test/auto/Matrix2.xml (RunModel)" time="0.022" />
  <testcase classname="ptolemy.util.test.junit.AutoTests" name="[37] /home/travis/build/icyphy/ptII/ptolemy/domains/sdf/lib/test/auto/MatrixJoin1.xml (RunModel)" time="0.053" />
  <testcase classname="ptolemy.util.test.junit.AutoTests" name="[38] /home/travis/build/icyphy/ptII/ptolemy/domains/sdf/lib/test/auto/MatrixJoin2.xml (RunModel)" time="0.018" />
  <testcase classname="ptolemy.util.test.junit.AutoTests" name="[39] /home/travis/build/icyphy/ptII/ptolemy/domains/sdf/lib/test/auto/MatrixJoin3.xml (RunModel)" time="0.018" />
  <testcase classname="ptolemy.util.test.junit.AutoTests" name="[40] /home/travis/build/icyphy/ptII/ptolemy/domains/sdf/lib/test/auto/MatrixJoin4.xml (RunModel)" time="0.015" />
  <testcase classname="ptolemy.util.test.junit.AutoTests" name="[41] /home/travis/build/icyphy/ptII/ptolemy/domains/sdf/lib/test/auto/MatrixJoin5.xml (RunModel)" time="0.016" />
  <testcase classname="ptolemy.util.test.junit.AutoTests" name="[42] /home/travis/build/icyphy/ptII/ptolemy/domains/sdf/lib/test/auto/MatrixSplit1.xml (RunModel)" time="0.035" />
  <testcase classname="ptolemy.util.test.junit.AutoTests" name="[43] /home/travis/build/icyphy/ptII/ptolemy/domains/sdf/lib/test/auto/MatrixSplit10.xml (RunModel)" time="0.015" />
  <testcase classname="ptolemy.util.test.junit.AutoTests" name="[44] /home/travis/build/icyphy/ptII/ptolemy/domains/sdf/lib/test/auto/MatrixSplit11.xml (RunModel)" time="0.013" />
  <testcase classname="ptolemy.util.test.junit.AutoTests" name="[45] /home/travis/build/icyphy/ptII/ptolemy/domains/sdf/lib/test/auto/MatrixSplit12.xml (RunModel)" time="0.016" />
  <testcase classname="ptolemy.util.test.junit.AutoTests" name="[46] /home/travis/build/icyphy/ptII/ptolemy/domains/sdf/lib/test/auto/MatrixSplit13.xml (RunModel)" time="0.024" />
  <testcase classname="ptolemy.util.test.junit.AutoTests" name="[47] /home/travis/build/icyphy/ptII/ptolemy/domains/sdf/lib/test/auto/MatrixSplit14.xml (RunModel)" time="0.014" />
  <testcase classname="ptolemy.util.test.junit.AutoTests" name="[48] /home/travis/build/icyphy/ptII/ptolemy/domains/sdf/lib/test/auto/MatrixSplit2.xml (RunModel)" time="0.014" />
  <testcase classname="ptolemy.util.test.junit.AutoTests" name="[49] /home/travis/build/icyphy/ptII/ptolemy/domains/sdf/lib/test/auto/MatrixSplit3.xml (RunModel)" time="0.016" />
  <testcase classname="ptolemy.util.test.junit.AutoTests" name="[50] /home/travis/build/icyphy/ptII/ptolemy/domains/sdf/lib/test/auto/MatrixSplit4.xml (RunModel)" time="0.014" />
  <testcase classname="ptolemy.util.test.junit.AutoTests" name="[51] /home/travis/build/icyphy/ptII/ptolemy/domains/sdf/lib/test/auto/MatrixSplit5.xml (RunModel)" time="0.025" />
  <testcase classname="ptolemy.util.test.junit.AutoTests" name="[52] /home/travis/build/icyphy/ptII/ptolemy/domains/sdf/lib/test/auto/MatrixSplit6.xml (RunModel)" time="0.015" />
  <testcase classname="ptolemy.util.test.junit.AutoTests" name="[53] /home/travis/build/icyphy/ptII/ptolemy/domains/sdf/lib/test/auto/MatrixSplit7.xml (RunModel)" time="0.014" />
  <testcase classname="ptolemy.util.test.junit.AutoTests" name="[54] /home/travis/build/icyphy/ptII/ptolemy/domains/sdf/lib/test/auto/MatrixSplit8.xml (RunModel)" time="0.017" />
  <testcase classname="ptolemy.util.test.junit.AutoTests" name="[55] /home/travis/build/icyphy/ptII/ptolemy/domains/sdf/lib/test/auto/MatrixSplit9.xml (RunModel)" time="0.031" />
  <testcase classname="ptolemy.util.test.junit.AutoTests" name="[56] /home/travis/build/icyphy/ptII/ptolemy/domains/sdf/lib/test/auto/MatrixToSequence.xml (RunModel)" time="0.041" />
  <testcase classname="ptolemy.util.test.junit.AutoTests" name="[57] /home/travis/build/icyphy/ptII/ptolemy/domains/sdf/lib/test/auto/MaximumEntropySpectrum.xml (RunModel)" time="0.07" />
  <testcase classname="ptolemy.util.test.junit.AutoTests" name="[58] /home/travis/build/icyphy/ptII/ptolemy/domains/sdf/lib/test/auto/SampleDelayConversion.xml (RunModel)" time="0.018" />
  <testcase classname="ptolemy.util.test.junit.AutoTests" name="[59] /home/travis/build/icyphy/ptII/ptolemy/domains/sdf/lib/test/auto/SequenceToArray.xml (RunModel)" time="0.046" />
  <testcase classname="ptolemy.util.test.junit.AutoTests" name="[60] /home/travis/build/icyphy/ptII/ptolemy/domains/sdf/lib/test/auto/SequenceToMatrix.xml (RunModel)" time="3.855" />
  <testcase classname="ptolemy.util.test.junit.AutoTests" name="[61] /home/travis/build/icyphy/ptII/ptolemy/domains/sdf/lib/test/auto/SmoothedPeriodogram.xml (RunModel)" time="0.043" />
  <testcase classname="ptolemy.util.test.junit.AutoTests" name="[62] /home/travis/build/icyphy/ptII/ptolemy/domains/sdf/lib/test/auto/UpDownSample1.xml (RunModel)" time="0.012" />
  <testcase classname="ptolemy.util.test.junit.AutoTests" name="[63] /home/travis/build/icyphy/ptII/ptolemy/domains/sdf/lib/test/auto/UpSample1.xml (RunModel)" time="0.008" />
  <testcase classname="ptolemy.util.test.junit.AutoTests" name="[64] /home/travis/build/icyphy/ptII/ptolemy/domains/sdf/lib/test/auto/VariableFIR.xml (RunModel)" time="0.017" />
  <testcase classname="ptolemy.util.test.junit.AutoTests" name="[65] /home/travis/build/icyphy/ptII/ptolemy/domains/sdf/lib/test/auto/VariableFIR2.xml (RunModel)" time="0.017" />
  <testcase classname="ptolemy.util.test.junit.AutoTests" name="[66] /home/travis/build/icyphy/ptII/ptolemy/domains/sdf/lib/test/auto/VariableLattice.xml (RunModel)" time="0.02" />
  <testcase classname="ptolemy.util.test.junit.AutoTests" name="[67] /home/travis/build/icyphy/ptII/ptolemy/domains/sdf/lib/test/auto/VariableLattice2.xml (RunModel)" time="0.038" />
  <testcase classname="ptolemy.util.test.junit.AutoTests" name="[68] /home/travis/build/icyphy/ptII/ptolemy/domains/sdf/lib/test/auto/VariableRecursiveLattice.xml (RunModel)" time="0.021" />
  <testcase classname="ptolemy.util.test.junit.AutoTests" name="[69] /home/travis/build/icyphy/ptII/ptolemy/domains/sdf/lib/test/auto/VariableRecursiveLattice2.xml (RunModel)" time="0.014" />
  <system-out><![CDATA[/home/travis/build/icyphy/ptII/ptolemy/domains/sdf/lib/test/ArrayToSequence.tcl
testDefs.tcl: setting time out to 9000 seconds at Sat Jul 06 05:09:46 UTC 2019
71 ms. Memory: 120832K Free: 101219K (84%)
25 ms. Memory: 120832K Free: 99141K (82%)
25 ms. Memory: 120832K Free: 97147K (80%)
27 ms. Memory: 120832K Free: 95942K (79%)
/home/travis/build/icyphy/ptII/ptolemy/domains/sdf/lib/test/BitsToInt.tcl
17 ms. Memory: 120832K Free: 107233K (89%)
14 ms. Memory: 120832K Free: 105349K (87%)
/home/travis/build/icyphy/ptII/ptolemy/domains/sdf/lib/test/DelayLine.tcl
6 ms. Memory: 120832K Free: 103738K (86%)
/home/travis/build/icyphy/ptII/ptolemy/domains/sdf/lib/test/FFT.tcl
4 ms. Memory: 120832K Free: 101690K (84%)
/home/travis/build/icyphy/ptII/ptolemy/domains/sdf/lib/test/FIR.tcl
17 ms. Memory: 120832K Free: 100065K (83%)
94 ms. Memory: 120832K Free: 95545K (79%)
ptolemy.kernel.util.IllegalActionException: multiplyReverse method not supported between ptolemy.data.FixToken 'fix(-0.0625,6,2)' and ptolemy.data.IntToken '1' because the types are incomparable.
  in .top.FIRclone
Because:
multiplyReverse method not supported between ptolemy.data.FixToken 'fix(-0.0625,6,2)' and ptolemy.data.IntToken '1' because the types are incomparable.
38 ms. Memory: 120832K Free: 93498K (77%)
/home/travis/build/icyphy/ptII/ptolemy/domains/sdf/lib/test/IntToBits.tcl
10 ms. Memory: 120832K Free: 92037K (76%)
6 ms. Memory: 120832K Free: 89975K (74%)
/home/travis/build/icyphy/ptII/ptolemy/domains/sdf/lib/test/MaximumEntropySpectrum.tcl
/home/travis/build/icyphy/ptII/ptolemy/domains/sdf/lib/test/Repeat.tcl
7 ms. Memory: 180224K Free: 148096K (82%)
/home/travis/build/icyphy/ptII/ptolemy/domains/sdf/lib/test/SampleDelay.tcl
11 ms. Memory: 180224K Free: 146048K (81%)
8 ms. Memory: 180224K Free: 145504K (81%)
4 ms. Memory: 180224K Free: 144480K (80%)
9 ms. Memory: 180224K Free: 144000K (80%)
3 ms. Memory: 180224K Free: 143486K (80%)
2 ms. Memory: 180224K Free: 142976K (79%)
/home/travis/build/icyphy/ptII/ptolemy/domains/sdf/lib/test/SequenceToArray.tcl
5 ms. Memory: 180224K Free: 141432K (78%)
5 ms. Memory: 180224K Free: 140408K (78%)
10 ms. Memory: 180224K Free: 138880K (77%)
12 ms. Memory: 180224K Free: 137856K (76%)
07/06/19 05:09:48
Failed: 0  Total Tests: 41  ((Passed: 41, Newly Passed: 0)  Known Failed: 0) /home/travis/build/icyphy/ptII/ptolemy/domains/sdf/lib/test
No auto/knownFailedTests/*.xml tests in /home/travis/build/icyphy/ptII/ptolemy/domains/sdf/lib/test
No auto/linux-amd64/*.xml tests in /home/travis/build/icyphy/ptII/ptolemy/domains/sdf/lib/test
AutoTests.java: About to close Vertx.
AutoTests.java: Vertx closed.

===========================================================================================
----------------- testing Sat Jul 06 05:09:48 UTC 2019 /home/travis/build/icyphy/ptII/ptolemy/domains/sdf/lib/test/auto/ArrayToSequence.xml
----------------- Instantiating /home/travis/build/icyphy/ptII/ptolemy/domains/sdf/lib/test/auto/ArrayToSequence.xml
18 ms. Memory: 180224K Free: 145566K (81%)
----------------- Invoking toplevel() on ptolemy.moml.MoMLSimpleApplication@7c5f7172
----------------- Done invoking toplevel() on ptolemy.moml.MoMLSimpleApplication@7c5f7172
reloadAllAccessors: .ArrayToSequence

===========================================================================================
----------------- testing Sat Jul 06 05:09:48 UTC 2019 /home/travis/build/icyphy/ptII/ptolemy/domains/sdf/lib/test/auto/ArrayToSequenceTest.xml
----------------- Instantiating /home/travis/build/icyphy/ptII/ptolemy/domains/sdf/lib/test/auto/ArrayToSequenceTest.xml
20 ms. Memory: 180224K Free: 138926K (77%)
----------------- Invoking toplevel() on ptolemy.moml.MoMLSimpleApplication@1bc8b5d2
----------------- Done invoking toplevel() on ptolemy.moml.MoMLSimpleApplication@1bc8b5d2
reloadAllAccessors: .ArrayToSequenceTest

===========================================================================================
----------------- testing Sat Jul 06 05:09:49 UTC 2019 /home/travis/build/icyphy/ptII/ptolemy/domains/sdf/lib/test/auto/Autocorrelation.xml
----------------- Instantiating /home/travis/build/icyphy/ptII/ptolemy/domains/sdf/lib/test/auto/Autocorrelation.xml
5 ms. Memory: 180224K Free: 134316K (75%)
----------------- Invoking toplevel() on ptolemy.moml.MoMLSimpleApplication@46362519
----------------- Done invoking toplevel() on ptolemy.moml.MoMLSimpleApplication@46362519
reloadAllAccessors: .Autocorrelation

===========================================================================================
----------------- testing Sat Jul 06 05:09:49 UTC 2019 /home/travis/build/icyphy/ptII/ptolemy/domains/sdf/lib/test/auto/Autocorrelation2.xml
----------------- Instantiating /home/travis/build/icyphy/ptII/ptolemy/domains/sdf/lib/test/auto/Autocorrelation2.xml
15 ms. Memory: 180224K Free: 130220K (72%)
----------------- Invoking toplevel() on ptolemy.moml.MoMLSimpleApplication@638c1547
----------------- Done invoking toplevel() on ptolemy.moml.MoMLSimpleApplication@638c1547
reloadAllAccessors: .Autocorrelation2

===========================================================================================
----------------- testing Sat Jul 06 05:09:49 UTC 2019 /home/travis/build/icyphy/ptII/ptolemy/domains/sdf/lib/test/auto/Autocorrelation3.xml
----------------- Instantiating /home/travis/build/icyphy/ptII/ptolemy/domains/sdf/lib/test/auto/Autocorrelation3.xml
11 ms. Memory: 180224K Free: 126124K (70%)
----------------- Invoking toplevel() on ptolemy.moml.MoMLSimpleApplication@261edf67
----------------- Done invoking toplevel() on ptolemy.moml.MoMLSimpleApplication@261edf67
reloadAllAccessors: .Autocorrelation3

===========================================================================================
----------------- testing Sat Jul 06 05:09:49 UTC 2019 /home/travis/build/icyphy/ptII/ptolemy/domains/sdf/lib/test/auto/Autocorrelation4.xml
----------------- Instantiating /home/travis/build/icyphy/ptII/ptolemy/domains/sdf/lib/test/auto/Autocorrelation4.xml
4 ms. Memory: 180224K Free: 122028K (68%)
----------------- Invoking toplevel() on ptolemy.moml.MoMLSimpleApplication@6da56dd4
----------------- Done invoking toplevel() on ptolemy.moml.MoMLSimpleApplication@6da56dd4
reloadAllAccessors: .Autocorrelation4

===========================================================================================
----------------- testing Sat Jul 06 05:09:49 UTC 2019 /home/travis/build/icyphy/ptII/ptolemy/domains/sdf/lib/test/auto/Autocorrelation5.xml
----------------- Instantiating /home/travis/build/icyphy/ptII/ptolemy/domains/sdf/lib/test/auto/Autocorrelation5.xml
71 ms. Memory: 180224K Free: 114350K (63%)
----------------- Invoking toplevel() on ptolemy.moml.MoMLSimpleApplication@7aff04f1
----------------- Done invoking toplevel() on ptolemy.moml.MoMLSimpleApplication@7aff04f1
reloadAllAccessors: .Autocorrelation5

===========================================================================================
----------------- testing Sat Jul 06 05:09:49 UTC 2019 /home/travis/build/icyphy/ptII/ptolemy/domains/sdf/lib/test/auto/BitsToInt.xml
----------------- Instantiating /home/travis/build/icyphy/ptII/ptolemy/domains/sdf/lib/test/auto/BitsToInt.xml
2 ms. Memory: 180224K Free: 111278K (62%)
----------------- Invoking toplevel() on ptolemy.moml.MoMLSimpleApplication@56320557
----------------- Done invoking toplevel() on ptolemy.moml.MoMLSimpleApplication@56320557
reloadAllAccessors: .BitsToInt

===========================================================================================
----------------- testing Sat Jul 06 05:09:49 UTC 2019 /home/travis/build/icyphy/ptII/ptolemy/domains/sdf/lib/test/auto/BooleanJoin.xml
----------------- Instantiating /home/travis/build/icyphy/ptII/ptolemy/domains/sdf/lib/test/auto/BooleanJoin.xml
4 ms. Memory: 180224K Free: 107182K (59%)
----------------- Invoking toplevel() on ptolemy.moml.MoMLSimpleApplication@2d60be09
----------------- Done invoking toplevel() on ptolemy.moml.MoMLSimpleApplication@2d60be09
reloadAllAccessors: .BooleanJoin

===========================================================================================
----------------- testing Sat Jul 06 05:09:49 UTC 2019 /home/travis/build/icyphy/ptII/ptolemy/domains/sdf/lib/test/auto/BootstrapSampleDelay.xml
----------------- Instantiating /home/travis/build/icyphy/ptII/ptolemy/domains/sdf/lib/test/auto/BootstrapSampleDelay.xml
15 ms. Memory: 180224K Free: 103086K (57%)
----------------- Invoking toplevel() on ptolemy.moml.MoMLSimpleApplication@39d55d4
----------------- Done invoking toplevel() on ptolemy.moml.MoMLSimpleApplication@39d55d4
reloadAllAccessors: .BootstrapSampleDelay

===========================================================================================
----------------- testing Sat Jul 06 05:09:49 UTC 2019 /home/travis/build/icyphy/ptII/ptolemy/domains/sdf/lib/test/auto/Chop.xml
----------------- Instantiating /home/travis/build/icyphy/ptII/ptolemy/domains/sdf/lib/test/auto/Chop.xml
5 ms. Memory: 180224K Free: 95918K (53%)
----------------- Invoking toplevel() on ptolemy.moml.MoMLSimpleApplication@51cc65f3
----------------- Done invoking toplevel() on ptolemy.moml.MoMLSimpleApplication@51cc65f3
reloadAllAccessors: .Chop

===========================================================================================
----------------- testing Sat Jul 06 05:09:49 UTC 2019 /home/travis/build/icyphy/ptII/ptolemy/domains/sdf/lib/test/auto/Chop2.xml
----------------- Instantiating /home/travis/build/icyphy/ptII/ptolemy/domains/sdf/lib/test/auto/Chop2.xml
4 ms. Memory: 180224K Free: 89260K (50%)
----------------- Invoking toplevel() on ptolemy.moml.MoMLSimpleApplication@11639cc8
----------------- Done invoking toplevel() on ptolemy.moml.MoMLSimpleApplication@11639cc8
reloadAllAccessors: .Chop2

===========================================================================================
----------------- testing Sat Jul 06 05:09:49 UTC 2019 /home/travis/build/icyphy/ptII/ptolemy/domains/sdf/lib/test/auto/ComplexJoin.xml
----------------- Instantiating /home/travis/build/icyphy/ptII/ptolemy/domains/sdf/lib/test/auto/ComplexJoin.xml
3 ms. Memory: 180224K Free: 85164K (47%)
----------------- Invoking toplevel() on ptolemy.moml.MoMLSimpleApplication@6ecc39f9
----------------- Done invoking toplevel() on ptolemy.moml.MoMLSimpleApplication@6ecc39f9
reloadAllAccessors: .ComplexJoin

===========================================================================================
----------------- testing Sat Jul 06 05:09:49 UTC 2019 /home/travis/build/icyphy/ptII/ptolemy/domains/sdf/lib/test/auto/CountTrues.xml
----------------- Instantiating /home/travis/build/icyphy/ptII/ptolemy/domains/sdf/lib/test/auto/CountTrues.xml
4 ms. Memory: 180224K Free: 82606K (46%)
----------------- Invoking toplevel() on ptolemy.moml.MoMLSimpleApplication@5ac3cd9d
----------------- Done invoking toplevel() on ptolemy.moml.MoMLSimpleApplication@5ac3cd9d
reloadAllAccessors: .CountTrues

===========================================================================================
----------------- testing Sat Jul 06 05:09:49 UTC 2019 /home/travis/build/icyphy/ptII/ptolemy/domains/sdf/lib/test/auto/DelayLine.xml
----------------- Instantiating /home/travis/build/icyphy/ptII/ptolemy/domains/sdf/lib/test/auto/DelayLine.xml
8 ms. Memory: 180224K Free: 76958K (43%)
----------------- Invoking toplevel() on ptolemy.moml.MoMLSimpleApplication@6212843
----------------- Done invoking toplevel() on ptolemy.moml.MoMLSimpleApplication@6212843
reloadAllAccessors: .DelayLine

===========================================================================================
----------------- testing Sat Jul 06 05:09:49 UTC 2019 /home/travis/build/icyphy/ptII/ptolemy/domains/sdf/lib/test/auto/DotProduct.xml
----------------- Instantiating /home/travis/build/icyphy/ptII/ptolemy/domains/sdf/lib/test/auto/DotProduct.xml
4 ms. Memory: 180224K Free: 73900K (41%)
----------------- Invoking toplevel() on ptolemy.moml.MoMLSimpleApplication@73ffce4c
----------------- Done invoking toplevel() on ptolemy.moml.MoMLSimpleApplication@73ffce4c
reloadAllAccessors: .DotProduct

===========================================================================================
----------------- testing Sat Jul 06 05:09:49 UTC 2019 /home/travis/build/icyphy/ptII/ptolemy/domains/sdf/lib/test/auto/DotProductMatrix.xml
----------------- Instantiating /home/travis/build/icyphy/ptII/ptolemy/domains/sdf/lib/test/auto/DotProductMatrix.xml
18 ms. Memory: 180224K Free: 164870K (91%)
----------------- Invoking toplevel() on ptolemy.moml.MoMLSimpleApplication@52b7df8d
----------------- Done invoking toplevel() on ptolemy.moml.MoMLSimpleApplication@52b7df8d
reloadAllAccessors: .DotProductMatrix

===========================================================================================
----------------- testing Sat Jul 06 05:09:49 UTC 2019 /home/travis/build/icyphy/ptII/ptolemy/domains/sdf/lib/test/auto/DownSample1.xml
----------------- Instantiating /home/travis/build/icyphy/ptII/ptolemy/domains/sdf/lib/test/auto/DownSample1.xml
3 ms. Memory: 180224K Free: 160852K (89%)
----------------- Invoking toplevel() on ptolemy.moml.MoMLSimpleApplication@38a04c8c
----------------- Done invoking toplevel() on ptolemy.moml.MoMLSimpleApplication@38a04c8c
reloadAllAccessors: .DownSample1

===========================================================================================
----------------- testing Sat Jul 06 05:09:49 UTC 2019 /home/travis/build/icyphy/ptII/ptolemy/domains/sdf/lib/test/auto/DynamicRateChange.xml
----------------- Instantiating /home/travis/build/icyphy/ptII/ptolemy/domains/sdf/lib/test/auto/DynamicRateChange.xml
15 ms. Memory: 180224K Free: 155222K (86%)
----------------- Invoking toplevel() on ptolemy.moml.MoMLSimpleApplication@7f5c1951
----------------- Done invoking toplevel() on ptolemy.moml.MoMLSimpleApplication@7f5c1951
reloadAllAccessors: .DynamicRateChange

===========================================================================================
----------------- testing Sat Jul 06 05:09:49 UTC 2019 /home/travis/build/icyphy/ptII/ptolemy/domains/sdf/lib/test/auto/DynamicRates.xml
----------------- Instantiating /home/travis/build/icyphy/ptII/ptolemy/domains/sdf/lib/test/auto/DynamicRates.xml
17 ms. Memory: 180224K Free: 150102K (83%)
----------------- Invoking toplevel() on ptolemy.moml.MoMLSimpleApplication@7446dd0e
----------------- Done invoking toplevel() on ptolemy.moml.MoMLSimpleApplication@7446dd0e
reloadAllAccessors: .DynamicRates

===========================================================================================
----------------- testing Sat Jul 06 05:09:49 UTC 2019 /home/travis/build/icyphy/ptII/ptolemy/domains/sdf/lib/test/auto/FFT1.xml
----------------- Instantiating /home/travis/build/icyphy/ptII/ptolemy/domains/sdf/lib/test/auto/FFT1.xml
16 ms. Memory: 180224K Free: 145492K (81%)
----------------- Invoking toplevel() on ptolemy.moml.MoMLSimpleApplication@4dee1866
----------------- Done invoking toplevel() on ptolemy.moml.MoMLSimpleApplication@4dee1866
reloadAllAccessors: .FFT1

===========================================================================================
----------------- testing Sat Jul 06 05:09:50 UTC 2019 /home/travis/build/icyphy/ptII/ptolemy/domains/sdf/lib/test/auto/FIR1.xml
----------------- Instantiating /home/travis/build/icyphy/ptII/ptolemy/domains/sdf/lib/test/auto/FIR1.xml
28 ms. Memory: 180224K Free: 138838K (77%)
----------------- Invoking toplevel() on ptolemy.moml.MoMLSimpleApplication@377d317a
----------------- Done invoking toplevel() on ptolemy.moml.MoMLSimpleApplication@377d317a
reloadAllAccessors: .FIR1

===========================================================================================
----------------- testing Sat Jul 06 05:09:50 UTC 2019 /home/travis/build/icyphy/ptII/ptolemy/domains/sdf/lib/test/auto/FIR2.xml
----------------- Instantiating /home/travis/build/icyphy/ptII/ptolemy/domains/sdf/lib/test/auto/FIR2.xml
7 ms. Memory: 180224K Free: 135252K (75%)
----------------- Invoking toplevel() on ptolemy.moml.MoMLSimpleApplication@7ff1f60f
----------------- Done invoking toplevel() on ptolemy.moml.MoMLSimpleApplication@7ff1f60f
reloadAllAccessors: .FIR2

===========================================================================================
----------------- testing Sat Jul 06 05:09:50 UTC 2019 /home/travis/build/icyphy/ptII/ptolemy/domains/sdf/lib/test/auto/FIR4.xml
----------------- Instantiating /home/travis/build/icyphy/ptII/ptolemy/domains/sdf/lib/test/auto/FIR4.xml
4 ms. Memory: 180224K Free: 128084K (71%)
----------------- Invoking toplevel() on ptolemy.moml.MoMLSimpleApplication@24ef3d55
----------------- Done invoking toplevel() on ptolemy.moml.MoMLSimpleApplication@24ef3d55
reloadAllAccessors: .FIR4

===========================================================================================
----------------- testing Sat Jul 06 05:09:50 UTC 2019 /home/travis/build/icyphy/ptII/ptolemy/domains/sdf/lib/test/auto/FixJoin.xml
----------------- Instantiating /home/travis/build/icyphy/ptII/ptolemy/domains/sdf/lib/test/auto/FixJoin.xml
3 ms. Memory: 180224K Free: 122964K (68%)
----------------- Invoking toplevel() on ptolemy.moml.MoMLSimpleApplication@21c8a272
----------------- Done invoking toplevel() on ptolemy.moml.MoMLSimpleApplication@21c8a272
reloadAllAccessors: .FixJoin

===========================================================================================
----------------- testing Sat Jul 06 05:09:50 UTC 2019 /home/travis/build/icyphy/ptII/ptolemy/domains/sdf/lib/test/auto/IntJoin1.xml
----------------- Instantiating /home/travis/build/icyphy/ptII/ptolemy/domains/sdf/lib/test/auto/IntJoin1.xml
4 ms. Memory: 180224K Free: 118868K (66%)
----------------- Invoking toplevel() on ptolemy.moml.MoMLSimpleApplication@6be4a79d
----------------- Done invoking toplevel() on ptolemy.moml.MoMLSimpleApplication@6be4a79d
reloadAllAccessors: .IntJoin1

===========================================================================================
----------------- testing Sat Jul 06 05:09:50 UTC 2019 /home/travis/build/icyphy/ptII/ptolemy/domains/sdf/lib/test/auto/IntJoin2.xml
----------------- Instantiating /home/travis/build/icyphy/ptII/ptolemy/domains/sdf/lib/test/auto/IntJoin2.xml
4 ms. Memory: 180224K Free: 114262K (63%)
----------------- Invoking toplevel() on ptolemy.moml.MoMLSimpleApplication@5faea475
----------------- Done invoking toplevel() on ptolemy.moml.MoMLSimpleApplication@5faea475
reloadAllAccessors: .IntJoin2

===========================================================================================
----------------- testing Sat Jul 06 05:09:50 UTC 2019 /home/travis/build/icyphy/ptII/ptolemy/domains/sdf/lib/test/auto/IntJoin3.xml
----------------- Instantiating /home/travis/build/icyphy/ptII/ptolemy/domains/sdf/lib/test/auto/IntJoin3.xml
3 ms. Memory: 180224K Free: 110166K (61%)
----------------- Invoking toplevel() on ptolemy.moml.MoMLSimpleApplication@63cfbcca
----------------- Done invoking toplevel() on ptolemy.moml.MoMLSimpleApplication@63cfbcca
reloadAllAccessors: .IntJoin3

===========================================================================================
----------------- testing Sat Jul 06 05:09:50 UTC 2019 /home/travis/build/icyphy/ptII/ptolemy/domains/sdf/lib/test/auto/IntJoin4.xml
----------------- Instantiating /home/travis/build/icyphy/ptII/ptolemy/domains/sdf/lib/test/auto/IntJoin4.xml
5 ms. Memory: 180224K Free: 105556K (59%)
----------------- Invoking toplevel() on ptolemy.moml.MoMLSimpleApplication@1afc538b
----------------- Done invoking toplevel() on ptolemy.moml.MoMLSimpleApplication@1afc538b
reloadAllAccessors: .IntJoin4

===========================================================================================
----------------- testing Sat Jul 06 05:09:50 UTC 2019 /home/travis/build/icyphy/ptII/ptolemy/domains/sdf/lib/test/auto/IntJoin5.xml
----------------- Instantiating /home/travis/build/icyphy/ptII/ptolemy/domains/sdf/lib/test/auto/IntJoin5.xml
3 ms. Memory: 180224K Free: 101460K (56%)
----------------- Invoking toplevel() on ptolemy.moml.MoMLSimpleApplication@5eebe5b0
----------------- Done invoking toplevel() on ptolemy.moml.MoMLSimpleApplication@5eebe5b0
reloadAllAccessors: .IntJoin5

===========================================================================================
----------------- testing Sat Jul 06 05:09:50 UTC 2019 /home/travis/build/icyphy/ptII/ptolemy/domains/sdf/lib/test/auto/IntToBits.xml
----------------- Instantiating /home/travis/build/icyphy/ptII/ptolemy/domains/sdf/lib/test/auto/IntToBits.xml
9 ms. Memory: 180224K Free: 98388K (55%)
----------------- Invoking toplevel() on ptolemy.moml.MoMLSimpleApplication@295d763e
----------------- Done invoking toplevel() on ptolemy.moml.MoMLSimpleApplication@295d763e
reloadAllAccessors: .IntToBits

===========================================================================================
----------------- testing Sat Jul 06 05:09:50 UTC 2019 /home/travis/build/icyphy/ptII/ptolemy/domains/sdf/lib/test/auto/LMSAdaptive.xml
----------------- Instantiating /home/travis/build/icyphy/ptII/ptolemy/domains/sdf/lib/test/auto/LMSAdaptive.xml
10 ms. Memory: 180224K Free: 90182K (50%)
----------------- Invoking toplevel() on ptolemy.moml.MoMLSimpleApplication@3800a94e
----------------- Done invoking toplevel() on ptolemy.moml.MoMLSimpleApplication@3800a94e
reloadAllAccessors: .LMSAdaptive

===========================================================================================
----------------- testing Sat Jul 06 05:09:50 UTC 2019 /home/travis/build/icyphy/ptII/ptolemy/domains/sdf/lib/test/auto/LMSAdaptiveFIR.xml
----------------- Instantiating /home/travis/build/icyphy/ptII/ptolemy/domains/sdf/lib/test/auto/LMSAdaptiveFIR.xml
270 ms. Memory: 180224K Free: 156776K (87%)
----------------- Invoking toplevel() on ptolemy.moml.MoMLSimpleApplication@1efc1dc9
----------------- Done invoking toplevel() on ptolemy.moml.MoMLSimpleApplication@1efc1dc9
reloadAllAccessors: .LMSAdaptiveFIR

===========================================================================================
----------------- testing Sat Jul 06 05:09:50 UTC 2019 /home/travis/build/icyphy/ptII/ptolemy/domains/sdf/lib/test/auto/LMSAdaptiveFIR2.xml
----------------- Instantiating /home/travis/build/icyphy/ptII/ptolemy/domains/sdf/lib/test/auto/LMSAdaptiveFIR2.xml
417 ms. Memory: 180224K Free: 98296K (55%)
----------------- Invoking toplevel() on ptolemy.moml.MoMLSimpleApplication@7cee44f5
----------------- Done invoking toplevel() on ptolemy.moml.MoMLSimpleApplication@7cee44f5
reloadAllAccessors: .LMSAdaptiveFIR2

===========================================================================================
----------------- testing Sat Jul 06 05:09:51 UTC 2019 /home/travis/build/icyphy/ptII/ptolemy/domains/sdf/lib/test/auto/LongJoin.xml
----------------- Instantiating /home/travis/build/icyphy/ptII/ptolemy/domains/sdf/lib/test/auto/LongJoin.xml
4 ms. Memory: 180224K Free: 93690K (52%)
----------------- Invoking toplevel() on ptolemy.moml.MoMLSimpleApplication@7e1edb04
----------------- Done invoking toplevel() on ptolemy.moml.MoMLSimpleApplication@7e1edb04
reloadAllAccessors: .LongJoin

===========================================================================================
----------------- testing Sat Jul 06 05:09:51 UTC 2019 /home/travis/build/icyphy/ptII/ptolemy/domains/sdf/lib/test/auto/Matrix1.xml
----------------- Instantiating /home/travis/build/icyphy/ptII/ptolemy/domains/sdf/lib/test/auto/Matrix1.xml
3 ms. Memory: 180224K Free: 90104K (50%)
----------------- Invoking toplevel() on ptolemy.moml.MoMLSimpleApplication@5aac83a7
----------------- Done invoking toplevel() on ptolemy.moml.MoMLSimpleApplication@5aac83a7
reloadAllAccessors: .Matrix1

===========================================================================================
----------------- testing Sat Jul 06 05:09:51 UTC 2019 /home/travis/build/icyphy/ptII/ptolemy/domains/sdf/lib/test/auto/Matrix2.xml
----------------- Instantiating /home/travis/build/icyphy/ptII/ptolemy/domains/sdf/lib/test/auto/Matrix2.xml
4 ms. Memory: 180224K Free: 86008K (48%)
----------------- Invoking toplevel() on ptolemy.moml.MoMLSimpleApplication@518fc38
----------------- Done invoking toplevel() on ptolemy.moml.MoMLSimpleApplication@518fc38
reloadAllAccessors: .Matrix2

===========================================================================================
----------------- testing Sat Jul 06 05:09:51 UTC 2019 /home/travis/build/icyphy/ptII/ptolemy/domains/sdf/lib/test/auto/MatrixJoin1.xml
----------------- Instantiating /home/travis/build/icyphy/ptII/ptolemy/domains/sdf/lib/test/auto/MatrixJoin1.xml
7 ms. Memory: 180224K Free: 81912K (45%)
----------------- Invoking toplevel() on ptolemy.moml.MoMLSimpleApplication@30b00f50
----------------- Done invoking toplevel() on ptolemy.moml.MoMLSimpleApplication@30b00f50
reloadAllAccessors: .MatrixJoin1

===========================================================================================
----------------- testing Sat Jul 06 05:09:51 UTC 2019 /home/travis/build/icyphy/ptII/ptolemy/domains/sdf/lib/test/auto/MatrixJoin2.xml
----------------- Instantiating /home/travis/build/icyphy/ptII/ptolemy/domains/sdf/lib/test/auto/MatrixJoin2.xml
2 ms. Memory: 180224K Free: 77306K (43%)
----------------- Invoking toplevel() on ptolemy.moml.MoMLSimpleApplication@e0a9e32
----------------- Done invoking toplevel() on ptolemy.moml.MoMLSimpleApplication@e0a9e32
reloadAllAccessors: .MatrixJoin2

===========================================================================================
----------------- testing Sat Jul 06 05:09:51 UTC 2019 /home/travis/build/icyphy/ptII/ptolemy/domains/sdf/lib/test/auto/MatrixJoin3.xml
----------------- Instantiating /home/travis/build/icyphy/ptII/ptolemy/domains/sdf/lib/test/auto/MatrixJoin3.xml
5 ms. Memory: 180224K Free: 73210K (41%)
----------------- Invoking toplevel() on ptolemy.moml.MoMLSimpleApplication@46d039dc
----------------- Done invoking toplevel() on ptolemy.moml.MoMLSimpleApplication@46d039dc
reloadAllAccessors: .MatrixJoin3

===========================================================================================
----------------- testing Sat Jul 06 05:09:51 UTC 2019 /home/travis/build/icyphy/ptII/ptolemy/domains/sdf/lib/test/auto/MatrixJoin4.xml
----------------- Instantiating /home/travis/build/icyphy/ptII/ptolemy/domains/sdf/lib/test/auto/MatrixJoin4.xml
2 ms. Memory: 180224K Free: 68600K (38%)
----------------- Invoking toplevel() on ptolemy.moml.MoMLSimpleApplication@1404bd14
----------------- Done invoking toplevel() on ptolemy.moml.MoMLSimpleApplication@1404bd14
reloadAllAccessors: .MatrixJoin4

===========================================================================================
----------------- testing Sat Jul 06 05:09:51 UTC 2019 /home/travis/build/icyphy/ptII/ptolemy/domains/sdf/lib/test/auto/MatrixJoin5.xml
----------------- Instantiating /home/travis/build/icyphy/ptII/ptolemy/domains/sdf/lib/test/auto/MatrixJoin5.xml
2 ms. Memory: 180224K Free: 64504K (36%)
----------------- Invoking toplevel() on ptolemy.moml.MoMLSimpleApplication@449ac22
----------------- Done invoking toplevel() on ptolemy.moml.MoMLSimpleApplication@449ac22
reloadAllAccessors: .MatrixJoin5

===========================================================================================
----------------- testing Sat Jul 06 05:09:51 UTC 2019 /home/travis/build/icyphy/ptII/ptolemy/domains/sdf/lib/test/auto/MatrixSplit1.xml
----------------- Instantiating /home/travis/build/icyphy/ptII/ptolemy/domains/sdf/lib/test/auto/MatrixSplit1.xml
2 ms. Memory: 229376K Free: 210836K (92%)
----------------- Invoking toplevel() on ptolemy.moml.MoMLSimpleApplication@309d9233
----------------- Done invoking toplevel() on ptolemy.moml.MoMLSimpleApplication@309d9233
reloadAllAccessors: .MatrixSplit1

===========================================================================================
----------------- testing Sat Jul 06 05:09:51 UTC 2019 /home/travis/build/icyphy/ptII/ptolemy/domains/sdf/lib/test/auto/MatrixSplit10.xml
----------------- Instantiating /home/travis/build/icyphy/ptII/ptolemy/domains/sdf/lib/test/auto/MatrixSplit10.xml
2 ms. Memory: 229376K Free: 207254K (90%)
----------------- Invoking toplevel() on ptolemy.moml.MoMLSimpleApplication@71ba05d
----------------- Done invoking toplevel() on ptolemy.moml.MoMLSimpleApplication@71ba05d
reloadAllAccessors: .MatrixSplit10

===========================================================================================
----------------- testing Sat Jul 06 05:09:51 UTC 2019 /home/travis/build/icyphy/ptII/ptolemy/domains/sdf/lib/test/auto/MatrixSplit11.xml
----------------- Instantiating /home/travis/build/icyphy/ptII/ptolemy/domains/sdf/lib/test/auto/MatrixSplit11.xml
2 ms. Memory: 229376K Free: 203668K (89%)
----------------- Invoking toplevel() on ptolemy.moml.MoMLSimpleApplication@17806839
----------------- Done invoking toplevel() on ptolemy.moml.MoMLSimpleApplication@17806839
reloadAllAccessors: .MatrixSplit11

===========================================================================================
----------------- testing Sat Jul 06 05:09:51 UTC 2019 /home/travis/build/icyphy/ptII/ptolemy/domains/sdf/lib/test/auto/MatrixSplit12.xml
----------------- Instantiating /home/travis/build/icyphy/ptII/ptolemy/domains/sdf/lib/test/auto/MatrixSplit12.xml
2 ms. Memory: 229376K Free: 200596K (87%)
----------------- Invoking toplevel() on ptolemy.moml.MoMLSimpleApplication@55fe644a
----------------- Done invoking toplevel() on ptolemy.moml.MoMLSimpleApplication@55fe644a
reloadAllAccessors: .MatrixSplit12

===========================================================================================
----------------- testing Sat Jul 06 05:09:51 UTC 2019 /home/travis/build/icyphy/ptII/ptolemy/domains/sdf/lib/test/auto/MatrixSplit13.xml
----------------- Instantiating /home/travis/build/icyphy/ptII/ptolemy/domains/sdf/lib/test/auto/MatrixSplit13.xml
4 ms. Memory: 229376K Free: 196500K (86%)
----------------- Invoking toplevel() on ptolemy.moml.MoMLSimpleApplication@27605d50
----------------- Done invoking toplevel() on ptolemy.moml.MoMLSimpleApplication@27605d50
reloadAllAccessors: .MatrixSplit13

===========================================================================================
----------------- testing Sat Jul 06 05:09:51 UTC 2019 /home/travis/build/icyphy/ptII/ptolemy/domains/sdf/lib/test/auto/MatrixSplit14.xml
----------------- Instantiating /home/travis/build/icyphy/ptII/ptolemy/domains/sdf/lib/test/auto/MatrixSplit14.xml
2 ms. Memory: 229376K Free: 193428K (84%)
----------------- Invoking toplevel() on ptolemy.moml.MoMLSimpleApplication@3913bba0
----------------- Done invoking toplevel() on ptolemy.moml.MoMLSimpleApplication@3913bba0
reloadAllAccessors: .MatrixSplit14

===========================================================================================
----------------- testing Sat Jul 06 05:09:51 UTC 2019 /home/travis/build/icyphy/ptII/ptolemy/domains/sdf/lib/test/auto/MatrixSplit2.xml
----------------- Instantiating /home/travis/build/icyphy/ptII/ptolemy/domains/sdf/lib/test/auto/MatrixSplit2.xml
2 ms. Memory: 229376K Free: 189846K (83%)
----------------- Invoking toplevel() on ptolemy.moml.MoMLSimpleApplication@7a07fab
----------------- Done invoking toplevel() on ptolemy.moml.MoMLSimpleApplication@7a07fab
reloadAllAccessors: .MatrixSplit2

===========================================================================================
----------------- testing Sat Jul 06 05:09:51 UTC 2019 /home/travis/build/icyphy/ptII/ptolemy/domains/sdf/lib/test/auto/MatrixSplit3.xml
----------------- Instantiating /home/travis/build/icyphy/ptII/ptolemy/domains/sdf/lib/test/auto/MatrixSplit3.xml
2 ms. Memory: 229376K Free: 186774K (81%)
----------------- Invoking toplevel() on ptolemy.moml.MoMLSimpleApplication@1d0428c0
----------------- Done invoking toplevel() on ptolemy.moml.MoMLSimpleApplication@1d0428c0
reloadAllAccessors: .MatrixSplit3

===========================================================================================
----------------- testing Sat Jul 06 05:09:51 UTC 2019 /home/travis/build/icyphy/ptII/ptolemy/domains/sdf/lib/test/auto/MatrixSplit4.xml
----------------- Instantiating /home/travis/build/icyphy/ptII/ptolemy/domains/sdf/lib/test/auto/MatrixSplit4.xml
2 ms. Memory: 229376K Free: 183188K (80%)
----------------- Invoking toplevel() on ptolemy.moml.MoMLSimpleApplication@2c5d6947
----------------- Done invoking toplevel() on ptolemy.moml.MoMLSimpleApplication@2c5d6947
reloadAllAccessors: .MatrixSplit4

===========================================================================================
----------------- testing Sat Jul 06 05:09:51 UTC 2019 /home/travis/build/icyphy/ptII/ptolemy/domains/sdf/lib/test/auto/MatrixSplit5.xml
----------------- Instantiating /home/travis/build/icyphy/ptII/ptolemy/domains/sdf/lib/test/auto/MatrixSplit5.xml
10 ms. Memory: 229376K Free: 180116K (79%)
----------------- Invoking toplevel() on ptolemy.moml.MoMLSimpleApplication@6a7271e1
----------------- Done invoking toplevel() on ptolemy.moml.MoMLSimpleApplication@6a7271e1
reloadAllAccessors: .MatrixSplit5

===========================================================================================
----------------- testing Sat Jul 06 05:09:51 UTC 2019 /home/travis/build/icyphy/ptII/ptolemy/domains/sdf/lib/test/auto/MatrixSplit6.xml
----------------- Instantiating /home/travis/build/icyphy/ptII/ptolemy/domains/sdf/lib/test/auto/MatrixSplit6.xml
2 ms. Memory: 229376K Free: 176534K (77%)
----------------- Invoking toplevel() on ptolemy.moml.MoMLSimpleApplication@ef33f6
----------------- Done invoking toplevel() on ptolemy.moml.MoMLSimpleApplication@ef33f6
reloadAllAccessors: .MatrixSplit6

===========================================================================================
----------------- testing Sat Jul 06 05:09:51 UTC 2019 /home/travis/build/icyphy/ptII/ptolemy/domains/sdf/lib/test/auto/MatrixSplit7.xml
----------------- Instantiating /home/travis/build/icyphy/ptII/ptolemy/domains/sdf/lib/test/auto/MatrixSplit7.xml
2 ms. Memory: 229376K Free: 173462K (76%)
----------------- Invoking toplevel() on ptolemy.moml.MoMLSimpleApplication@642a81a7
----------------- Done invoking toplevel() on ptolemy.moml.MoMLSimpleApplication@642a81a7
reloadAllAccessors: .MatrixSplit7

===========================================================================================
----------------- testing Sat Jul 06 05:09:51 UTC 2019 /home/travis/build/icyphy/ptII/ptolemy/domains/sdf/lib/test/auto/MatrixSplit8.xml
----------------- Instantiating /home/travis/build/icyphy/ptII/ptolemy/domains/sdf/lib/test/auto/MatrixSplit8.xml
3 ms. Memory: 229376K Free: 169876K (74%)
----------------- Invoking toplevel() on ptolemy.moml.MoMLSimpleApplication@563f9245
----------------- Done invoking toplevel() on ptolemy.moml.MoMLSimpleApplication@563f9245
reloadAllAccessors: .MatrixSplit8

===========================================================================================
----------------- testing Sat Jul 06 05:09:51 UTC 2019 /home/travis/build/icyphy/ptII/ptolemy/domains/sdf/lib/test/auto/MatrixSplit9.xml
----------------- Instantiating /home/travis/build/icyphy/ptII/ptolemy/domains/sdf/lib/test/auto/MatrixSplit9.xml
4 ms. Memory: 229376K Free: 166294K (72%)
----------------- Invoking toplevel() on ptolemy.moml.MoMLSimpleApplication@6bb6266d
----------------- Done invoking toplevel() on ptolemy.moml.MoMLSimpleApplication@6bb6266d
reloadAllAccessors: .MatrixSplit9

===========================================================================================
----------------- testing Sat Jul 06 05:09:51 UTC 2019 /home/travis/build/icyphy/ptII/ptolemy/domains/sdf/lib/test/auto/MatrixToSequence.xml
----------------- Instantiating /home/travis/build/icyphy/ptII/ptolemy/domains/sdf/lib/test/auto/MatrixToSequence.xml
13 ms. Memory: 229376K Free: 157076K (68%)
----------------- Invoking toplevel() on ptolemy.moml.MoMLSimpleApplication@30bae468
----------------- Done invoking toplevel() on ptolemy.moml.MoMLSimpleApplication@30bae468
reloadAllAccessors: .MatrixToSequence

===========================================================================================
----------------- testing Sat Jul 06 05:09:51 UTC 2019 /home/travis/build/icyphy/ptII/ptolemy/domains/sdf/lib/test/auto/MaximumEntropySpectrum.xml
----------------- Instantiating /home/travis/build/icyphy/ptII/ptolemy/domains/sdf/lib/test/auto/MaximumEntropySpectrum.xml
12 ms. Memory: 229376K Free: 136084K (59%)
----------------- Invoking toplevel() on ptolemy.moml.MoMLSimpleApplication@5535e708
----------------- Done invoking toplevel() on ptolemy.moml.MoMLSimpleApplication@5535e708
reloadAllAccessors: .MaximumEntropySpectrum

===========================================================================================
----------------- testing Sat Jul 06 05:09:51 UTC 2019 /home/travis/build/icyphy/ptII/ptolemy/domains/sdf/lib/test/auto/SampleDelayConversion.xml
----------------- Instantiating /home/travis/build/icyphy/ptII/ptolemy/domains/sdf/lib/test/auto/SampleDelayConversion.xml
3 ms. Memory: 229376K Free: 131988K (58%)
----------------- Invoking toplevel() on ptolemy.moml.MoMLSimpleApplication@2953fd41
----------------- Done invoking toplevel() on ptolemy.moml.MoMLSimpleApplication@2953fd41
reloadAllAccessors: .SampleDelayConversion

===========================================================================================
----------------- testing Sat Jul 06 05:09:51 UTC 2019 /home/travis/build/icyphy/ptII/ptolemy/domains/sdf/lib/test/auto/SequenceToArray.xml
----------------- Instantiating /home/travis/build/icyphy/ptII/ptolemy/domains/sdf/lib/test/auto/SequenceToArray.xml
9 ms. Memory: 229376K Free: 120694K (53%)
----------------- Invoking toplevel() on ptolemy.moml.MoMLSimpleApplication@e09871a
----------------- Done invoking toplevel() on ptolemy.moml.MoMLSimpleApplication@e09871a
reloadAllAccessors: .SequenceToArray

===========================================================================================
----------------- testing Sat Jul 06 05:09:52 UTC 2019 /home/travis/build/icyphy/ptII/ptolemy/domains/sdf/lib/test/auto/SequenceToMatrix.xml
----------------- Instantiating /home/travis/build/icyphy/ptII/ptolemy/domains/sdf/lib/test/auto/SequenceToMatrix.xml
3833 ms. Memory: 229376K Free: 140794K (61%)
----------------- Invoking toplevel() on ptolemy.moml.MoMLSimpleApplication@73dbae2f
----------------- Done invoking toplevel() on ptolemy.moml.MoMLSimpleApplication@73dbae2f
reloadAllAccessors: .SequenceToMatrix

===========================================================================================
----------------- testing Sat Jul 06 05:09:55 UTC 2019 /home/travis/build/icyphy/ptII/ptolemy/domains/sdf/lib/test/auto/SmoothedPeriodogram.xml
----------------- Instantiating /home/travis/build/icyphy/ptII/ptolemy/domains/sdf/lib/test/auto/SmoothedPeriodogram.xml
7 ms. Memory: 229376K Free: 124924K (54%)
----------------- Invoking toplevel() on ptolemy.moml.MoMLSimpleApplication@1a1a267f
----------------- Done invoking toplevel() on ptolemy.moml.MoMLSimpleApplication@1a1a267f
reloadAllAccessors: .SmoothedPeriodogram

===========================================================================================
----------------- testing Sat Jul 06 05:09:55 UTC 2019 /home/travis/build/icyphy/ptII/ptolemy/domains/sdf/lib/test/auto/UpDownSample1.xml
----------------- Instantiating /home/travis/build/icyphy/ptII/ptolemy/domains/sdf/lib/test/auto/UpDownSample1.xml
2 ms. Memory: 229376K Free: 121338K (53%)
----------------- Invoking toplevel() on ptolemy.moml.MoMLSimpleApplication@396f63a9
----------------- Done invoking toplevel() on ptolemy.moml.MoMLSimpleApplication@396f63a9
reloadAllAccessors: .UpDownSample1

===========================================================================================
----------------- testing Sat Jul 06 05:09:55 UTC 2019 /home/travis/build/icyphy/ptII/ptolemy/domains/sdf/lib/test/auto/UpSample1.xml
----------------- Instantiating /home/travis/build/icyphy/ptII/ptolemy/domains/sdf/lib/test/auto/UpSample1.xml
2 ms. Memory: 229376K Free: 117756K (51%)
----------------- Invoking toplevel() on ptolemy.moml.MoMLSimpleApplication@432dfd84
----------------- Done invoking toplevel() on ptolemy.moml.MoMLSimpleApplication@432dfd84
reloadAllAccessors: .UpSample1

===========================================================================================
----------------- testing Sat Jul 06 05:09:55 UTC 2019 /home/travis/build/icyphy/ptII/ptolemy/domains/sdf/lib/test/auto/VariableFIR.xml
----------------- Instantiating /home/travis/build/icyphy/ptII/ptolemy/domains/sdf/lib/test/auto/VariableFIR.xml
3 ms. Memory: 229376K Free: 112636K (49%)
----------------- Invoking toplevel() on ptolemy.moml.MoMLSimpleApplication@5dc5c9da
----------------- Done invoking toplevel() on ptolemy.moml.MoMLSimpleApplication@5dc5c9da
reloadAllAccessors: .VariableFIR

===========================================================================================
----------------- testing Sat Jul 06 05:09:55 UTC 2019 /home/travis/build/icyphy/ptII/ptolemy/domains/sdf/lib/test/auto/VariableFIR2.xml
----------------- Instantiating /home/travis/build/icyphy/ptII/ptolemy/domains/sdf/lib/test/auto/VariableFIR2.xml
2 ms. Memory: 229376K Free: 107516K (47%)
----------------- Invoking toplevel() on ptolemy.moml.MoMLSimpleApplication@22ff49f4
----------------- Done invoking toplevel() on ptolemy.moml.MoMLSimpleApplication@22ff49f4
reloadAllAccessors: .VariableFIR2

===========================================================================================
----------------- testing Sat Jul 06 05:09:55 UTC 2019 /home/travis/build/icyphy/ptII/ptolemy/domains/sdf/lib/test/auto/VariableLattice.xml
----------------- Instantiating /home/travis/build/icyphy/ptII/ptolemy/domains/sdf/lib/test/auto/VariableLattice.xml
3 ms. Memory: 229376K Free: 100858K (44%)
----------------- Invoking toplevel() on ptolemy.moml.MoMLSimpleApplication@d94444e
----------------- Done invoking toplevel() on ptolemy.moml.MoMLSimpleApplication@d94444e
reloadAllAccessors: .VariableLattice

===========================================================================================
----------------- testing Sat Jul 06 05:09:56 UTC 2019 /home/travis/build/icyphy/ptII/ptolemy/domains/sdf/lib/test/auto/VariableLattice2.xml
----------------- Instantiating /home/travis/build/icyphy/ptII/ptolemy/domains/sdf/lib/test/auto/VariableLattice2.xml
1.0
-1.999999602036
1.9099998677481
-0.9099996420674
0.205
0.0
0.0
1.0
-0.25
-0.5
0.0
0.0
0.0
0.0
6 ms. Memory: 229376K Free: 96762K (42%)
----------------- Invoking toplevel() on ptolemy.moml.MoMLSimpleApplication@642c6106
----------------- Done invoking toplevel() on ptolemy.moml.MoMLSimpleApplication@642c6106
reloadAllAccessors: .VariableLattice2

===========================================================================================
----------------- testing Sat Jul 06 05:09:56 UTC 2019 /home/travis/build/icyphy/ptII/ptolemy/domains/sdf/lib/test/auto/VariableRecursiveLattice.xml
----------------- Instantiating /home/travis/build/icyphy/ptII/ptolemy/domains/sdf/lib/test/auto/VariableRecursiveLattice.xml
4 ms. Memory: 229376K Free: 92156K (40%)
----------------- Invoking toplevel() on ptolemy.moml.MoMLSimpleApplication@2b027a29
----------------- Done invoking toplevel() on ptolemy.moml.MoMLSimpleApplication@2b027a29
reloadAllAccessors: .VariableRecursiveLattice

===========================================================================================
----------------- testing Sat Jul 06 05:09:56 UTC 2019 /home/travis/build/icyphy/ptII/ptolemy/domains/sdf/lib/test/auto/VariableRecursiveLattice2.xml
----------------- Instantiating /home/travis/build/icyphy/ptII/ptolemy/domains/sdf/lib/test/auto/VariableRecursiveLattice2.xml
2 ms. Memory: 229376K Free: 88570K (39%)
----------------- Invoking toplevel() on ptolemy.moml.MoMLSimpleApplication@5d9dbe9b
----------------- Done invoking toplevel() on ptolemy.moml.MoMLSimpleApplication@5d9dbe9b
reloadAllAccessors: .VariableRecursiveLattice2
AutoTests.java: About to close Vertx.
AutoTests.java: Vertx closed.
]]></system-out>
  <system-err><![CDATA[]]></system-err>
</testsuite>
