<?xml version="1.0" encoding="UTF-8" ?>
<testsuite errors="0" failures="0" hostname="travis-job-79f8773e-6f05-463b-a000-152e9064d6ef" name="ptolemy.domains.de.test.junit.JUnitTclTest" skipped="0" tests="101" time="129.487" timestamp="2019-06-02T04:31:21">
  <properties>
[...]
</properties>
  <testcase classname="ptolemy.util.test.junit.TclTests" name="[0] /home/travis/build/icyphy/ptII/ptolemy/domains/de/test/DependencyLoop.tcl (RunTclFile)" time="0.814" />
  <testcase classname="ptolemy.util.test.junit.TclTests" name="[1] /home/travis/build/icyphy/ptII/ptolemy/domains/de/test/RunDETestsAsQSS.tcl (RunTclFile)" time="88.856" />
  <testcase classname="ptolemy.util.test.junit.AutoKnownFailedTests" name="[0] /home/travis/build/icyphy/ptII/ptolemy/domains/de/test/auto/knownFailedTests/DESDFClockTest.xml (RunModel)" time="2.033" />
  <testcase classname="ptolemy.util.test.junit.AutoKnownFailedTests" name="[1] /home/travis/build/icyphy/ptII/ptolemy/domains/de/test/auto/knownFailedTests/DirectFeedback.xml (RunModel)" time="0.014" />
  <testcase classname="ptolemy.util.test.junit.AutoKnownFailedTests" name="[2] /home/travis/build/icyphy/ptII/ptolemy/domains/de/test/auto/knownFailedTests/FSMSource.xml (RunModel)" time="0.025" />
  <testcase classname="ptolemy.util.test.junit.AutoKnownFailedTests" name="[3] /home/travis/build/icyphy/ptII/ptolemy/domains/de/test/auto/knownFailedTests/HierarchicalModel.xml (RunModel)" time="0.052" />
  <testcase classname="ptolemy.util.test.junit.AutoKnownFailedTests" name="[4] /home/travis/build/icyphy/ptII/ptolemy/domains/de/test/auto/knownFailedTests/dependencyLoop.xml (RunModel)" time="0.031" />
  <testcase classname="ptolemy.util.test.junit.AutoKnownFailedTests" name="[5] /home/travis/build/icyphy/ptII/ptolemy/domains/de/test/auto/knownFailedTests/dependencyLoop2.xml (RunModel)" time="0.042" />
  <testcase classname="ptolemy.util.test.junit.AutoNameArchTests" name="[0] ThereAreNoAutoArchTests (RunModel)" time="0.005" />
  <testcase classname="ptolemy.util.test.junit.AutoTests" name="[0] /home/travis/build/icyphy/ptII/ptolemy/domains/de/test/auto/ActorDepthCalculation_actorWithoutPorts.xml (RunModel)" time="0.017" />
  <testcase classname="ptolemy.util.test.junit.AutoTests" name="[1] /home/travis/build/icyphy/ptII/ptolemy/domains/de/test/auto/AssemblyLine.xml (RunModel)" time="0.018" />
  <testcase classname="ptolemy.util.test.junit.AutoTests" name="[2] /home/travis/build/icyphy/ptII/ptolemy/domains/de/test/auto/CQBug1.xml (RunModel)" time="0.013" />
  <testcase classname="ptolemy.util.test.junit.AutoTests" name="[3] /home/travis/build/icyphy/ptII/ptolemy/domains/de/test/auto/CancelFireAt.xml (RunModel)" time="0.011" />
  <testcase classname="ptolemy.util.test.junit.AutoTests" name="[4] /home/travis/build/icyphy/ptII/ptolemy/domains/de/test/auto/CausalityAndComposabilityAnalysis.xml (RunModel)" time="0.012" />
  <testcase classname="ptolemy.util.test.junit.AutoTests" name="[5] /home/travis/build/icyphy/ptII/ptolemy/domains/de/test/auto/CausalityInterface1.xml (RunModel)" time="0.013" />
  <testcase classname="ptolemy.util.test.junit.AutoTests" name="[6] /home/travis/build/icyphy/ptII/ptolemy/domains/de/test/auto/CausalityInterface15.xml (RunModel)" time="0.017" />
  <testcase classname="ptolemy.util.test.junit.AutoTests" name="[7] /home/travis/build/icyphy/ptII/ptolemy/domains/de/test/auto/CausalityInterface2.xml (RunModel)" time="0.018" />
  <testcase classname="ptolemy.util.test.junit.AutoTests" name="[8] /home/travis/build/icyphy/ptII/ptolemy/domains/de/test/auto/CausalityInterface3.xml (RunModel)" time="0.01" />
  <testcase classname="ptolemy.util.test.junit.AutoTests" name="[9] /home/travis/build/icyphy/ptII/ptolemy/domains/de/test/auto/ClockDrift.xml (RunModel)" time="0.038" />
  <testcase classname="ptolemy.util.test.junit.AutoTests" name="[10] /home/travis/build/icyphy/ptII/ptolemy/domains/de/test/auto/ClockDriftAndValueChange.xml (RunModel)" time="0.027" />
  <testcase classname="ptolemy.util.test.junit.AutoTests" name="[11] /home/travis/build/icyphy/ptII/ptolemy/domains/de/test/auto/ClockDriftChange.xml (RunModel)" time="0.025" />
  <testcase classname="ptolemy.util.test.junit.AutoTests" name="[12] /home/travis/build/icyphy/ptII/ptolemy/domains/de/test/auto/ComposableCausalityAnalysis.xml (RunModel)" time="0.018" />
  <testcase classname="ptolemy.util.test.junit.AutoTests" name="[13] /home/travis/build/icyphy/ptII/ptolemy/domains/de/test/auto/DEFixedPointLimitation.xml (RunModel)" time="0.009" />
  <testcase classname="ptolemy.util.test.junit.AutoTests" name="[14] /home/travis/build/icyphy/ptII/ptolemy/domains/de/test/auto/DEScheduleTest.xml (RunModel)" time="0.031" />
  <testcase classname="ptolemy.util.test.junit.AutoTests" name="[15] /home/travis/build/icyphy/ptII/ptolemy/domains/de/test/auto/DEinDEwithStartTimes.xml (RunModel)" time="0.016" />
  <testcase classname="ptolemy.util.test.junit.AutoTests" name="[16] /home/travis/build/icyphy/ptII/ptolemy/domains/de/test/auto/DEinDEwithStartTimes2.xml (RunModel)" time="0.013" />
  <testcase classname="ptolemy.util.test.junit.AutoTests" name="[17] /home/travis/build/icyphy/ptII/ptolemy/domains/de/test/auto/DateDemo.xml (RunModel)" time="0.025" />
  <testcase classname="ptolemy.util.test.junit.AutoTests" name="[18] /home/travis/build/icyphy/ptII/ptolemy/domains/de/test/auto/DateToEvent.xml (RunModel)" time="2.033" />
  <testcase classname="ptolemy.util.test.junit.AutoTests" name="[19] /home/travis/build/icyphy/ptII/ptolemy/domains/de/test/auto/DepthTest1.xml (RunModel)" time="0.009" />
  <testcase classname="ptolemy.util.test.junit.AutoTests" name="[20] /home/travis/build/icyphy/ptII/ptolemy/domains/de/test/auto/DepthTest2.xml (RunModel)" time="0.019" />
  <testcase classname="ptolemy.util.test.junit.AutoTests" name="[21] /home/travis/build/icyphy/ptII/ptolemy/domains/de/test/auto/DepthTest3.xml (RunModel)" time="0.008" />
  <testcase classname="ptolemy.util.test.junit.AutoTests" name="[22] /home/travis/build/icyphy/ptII/ptolemy/domains/de/test/auto/DepthTest4.xml (RunModel)" time="0.012" />
  <testcase classname="ptolemy.util.test.junit.AutoTests" name="[23] /home/travis/build/icyphy/ptII/ptolemy/domains/de/test/auto/DepthTest5.xml (RunModel)" time="0.015" />
  <testcase classname="ptolemy.util.test.junit.AutoTests" name="[24] /home/travis/build/icyphy/ptII/ptolemy/domains/de/test/auto/DepthTest6.xml (RunModel)" time="0.016" />
  <testcase classname="ptolemy.util.test.junit.AutoTests" name="[25] /home/travis/build/icyphy/ptII/ptolemy/domains/de/test/auto/DepthTest7.xml (RunModel)" time="0.014" />
  <testcase classname="ptolemy.util.test.junit.AutoTests" name="[26] /home/travis/build/icyphy/ptII/ptolemy/domains/de/test/auto/EventToDate.xml (RunModel)" time="3.037" />
  <testcase classname="ptolemy.util.test.junit.AutoTests" name="[27] /home/travis/build/icyphy/ptII/ptolemy/domains/de/test/auto/FSM1.xml (RunModel)" time="0.057" />
  <testcase classname="ptolemy.util.test.junit.AutoTests" name="[28] /home/travis/build/icyphy/ptII/ptolemy/domains/de/test/auto/FSM7.xml (RunModel)" time="0.048" />
  <testcase classname="ptolemy.util.test.junit.AutoTests" name="[29] /home/travis/build/icyphy/ptII/ptolemy/domains/de/test/auto/Inspection.xml (RunModel)" time="0.042" />
  <testcase classname="ptolemy.util.test.junit.AutoTests" name="[30] /home/travis/build/icyphy/ptII/ptolemy/domains/de/test/auto/Iteration.xml (RunModel)" time="0.024" />
  <testcase classname="ptolemy.util.test.junit.AutoTests" name="[31] /home/travis/build/icyphy/ptII/ptolemy/domains/de/test/auto/LineFault.xml (RunModel)" time="0.569" />
  <testcase classname="ptolemy.util.test.junit.AutoTests" name="[32] /home/travis/build/icyphy/ptII/ptolemy/domains/de/test/auto/MergeModel1Add.xml (RunModel)" time="0.04" />
  <testcase classname="ptolemy.util.test.junit.AutoTests" name="[33] /home/travis/build/icyphy/ptII/ptolemy/domains/de/test/auto/MergeModel2Add.xml (RunModel)" time="0.04" />
  <testcase classname="ptolemy.util.test.junit.AutoTests" name="[34] /home/travis/build/icyphy/ptII/ptolemy/domains/de/test/auto/MergeModel3Add.xml (RunModel)" time="0.045" />
  <testcase classname="ptolemy.util.test.junit.AutoTests" name="[35] /home/travis/build/icyphy/ptII/ptolemy/domains/de/test/auto/MergeWithoutDiscard.xml (RunModel)" time="0.009" />
  <testcase classname="ptolemy.util.test.junit.AutoTests" name="[36] /home/travis/build/icyphy/ptII/ptolemy/domains/de/test/auto/Modal1.xml (RunModel)" time="0.029" />
  <testcase classname="ptolemy.util.test.junit.AutoTests" name="[37] /home/travis/build/icyphy/ptII/ptolemy/domains/de/test/auto/Modal2.xml (RunModel)" time="0.033" />
  <testcase classname="ptolemy.util.test.junit.AutoTests" name="[38] /home/travis/build/icyphy/ptII/ptolemy/domains/de/test/auto/Modal3.xml (RunModel)" time="0.032" />
  <testcase classname="ptolemy.util.test.junit.AutoTests" name="[39] /home/travis/build/icyphy/ptII/ptolemy/domains/de/test/auto/Modal4.xml (RunModel)" time="0.028" />
  <testcase classname="ptolemy.util.test.junit.AutoTests" name="[40] /home/travis/build/icyphy/ptII/ptolemy/domains/de/test/auto/Modal5.xml (RunModel)" time="0.026" />
  <testcase classname="ptolemy.util.test.junit.AutoTests" name="[41] /home/travis/build/icyphy/ptII/ptolemy/domains/de/test/auto/Modal6.xml (RunModel)" time="0.031" />
  <testcase classname="ptolemy.util.test.junit.AutoTests" name="[42] /home/travis/build/icyphy/ptII/ptolemy/domains/de/test/auto/Modal7.xml (RunModel)" time="0.027" />
  <testcase classname="ptolemy.util.test.junit.AutoTests" name="[43] /home/travis/build/icyphy/ptII/ptolemy/domains/de/test/auto/ModalModel.xml (RunModel)" time="0.138" />
  <testcase classname="ptolemy.util.test.junit.AutoTests" name="[44] /home/travis/build/icyphy/ptII/ptolemy/domains/de/test/auto/ModalSource.xml (RunModel)" time="0.025" />
  <testcase classname="ptolemy.util.test.junit.AutoTests" name="[45] /home/travis/build/icyphy/ptII/ptolemy/domains/de/test/auto/NonInterruptibleTimerZeroDelay.xml (RunModel)" time="0.01" />
  <testcase classname="ptolemy.util.test.junit.AutoTests" name="[46] /home/travis/build/icyphy/ptII/ptolemy/domains/de/test/auto/OpenQueueingNetwork.xml (RunModel)" time="2.27" />
  <testcase classname="ptolemy.util.test.junit.AutoTests" name="[47] /home/travis/build/icyphy/ptII/ptolemy/domains/de/test/auto/OpenQueuingNetwork.xml (RunModel)" time="0.278" />
  <testcase classname="ptolemy.util.test.junit.AutoTests" name="[48] /home/travis/build/icyphy/ptII/ptolemy/domains/de/test/auto/PeriodicSampler.xml (RunModel)" time="0.01" />
  <testcase classname="ptolemy.util.test.junit.AutoTests" name="[49] /home/travis/build/icyphy/ptII/ptolemy/domains/de/test/auto/PersistentIO.xml (RunModel)" time="0.018" />
  <testcase classname="ptolemy.util.test.junit.AutoTests" name="[50] /home/travis/build/icyphy/ptII/ptolemy/domains/de/test/auto/PortParameterResetOnInitialize.xml (RunModel)" time="0.009" />
  <testcase classname="ptolemy.util.test.junit.AutoTests" name="[51] /home/travis/build/icyphy/ptII/ptolemy/domains/de/test/auto/PortParameterUpdates.xml (RunModel)" time="0.016" />
  <testcase classname="ptolemy.util.test.junit.AutoTests" name="[52] /home/travis/build/icyphy/ptII/ptolemy/domains/de/test/auto/QueueAndServer.xml (RunModel)" time="0.02" />
  <testcase classname="ptolemy.util.test.junit.AutoTests" name="[53] /home/travis/build/icyphy/ptII/ptolemy/domains/de/test/auto/Records.xml (RunModel)" time="0.014" />
  <testcase classname="ptolemy.util.test.junit.AutoTests" name="[54] /home/travis/build/icyphy/ptII/ptolemy/domains/de/test/auto/ResetTransitionWithStartTime1.xml (RunModel)" time="0.02" />
  <testcase classname="ptolemy.util.test.junit.AutoTests" name="[55] /home/travis/build/icyphy/ptII/ptolemy/domains/de/test/auto/ResetTransitionWithStartTime2.xml (RunModel)" time="0.017" />
  <testcase classname="ptolemy.util.test.junit.AutoTests" name="[56] /home/travis/build/icyphy/ptII/ptolemy/domains/de/test/auto/ResetTransitionWithStartTime3.xml (RunModel)" time="0.018" />
  <testcase classname="ptolemy.util.test.junit.AutoTests" name="[57] /home/travis/build/icyphy/ptII/ptolemy/domains/de/test/auto/ResetTransitionWithStartTime4.xml (RunModel)" time="0.021" />
  <testcase classname="ptolemy.util.test.junit.AutoTests" name="[58] /home/travis/build/icyphy/ptII/ptolemy/domains/de/test/auto/ResettableTimer1.xml (RunModel)" time="0.011" />
  <testcase classname="ptolemy.util.test.junit.AutoTests" name="[59] /home/travis/build/icyphy/ptII/ptolemy/domains/de/test/auto/ResettableTimer2.xml (RunModel)" time="0.009" />
  <testcase classname="ptolemy.util.test.junit.AutoTests" name="[60] /home/travis/build/icyphy/ptII/ptolemy/domains/de/test/auto/ResettableTimer3.xml (RunModel)" time="0.012" />
  <testcase classname="ptolemy.util.test.junit.AutoTests" name="[61] /home/travis/build/icyphy/ptII/ptolemy/domains/de/test/auto/ResettableTimer4.xml (RunModel)" time="0.012" />
  <testcase classname="ptolemy.util.test.junit.AutoTests" name="[62] /home/travis/build/icyphy/ptII/ptolemy/domains/de/test/auto/ResettableTimer5.xml (RunModel)" time="0.009" />
  <testcase classname="ptolemy.util.test.junit.AutoTests" name="[63] /home/travis/build/icyphy/ptII/ptolemy/domains/de/test/auto/ResettableTimer6.xml (RunModel)" time="0.019" />
  <testcase classname="ptolemy.util.test.junit.AutoTests" name="[64] /home/travis/build/icyphy/ptII/ptolemy/domains/de/test/auto/ServerZeroDelay.xml (RunModel)" time="0.012" />
  <testcase classname="ptolemy.util.test.junit.AutoTests" name="[65] /home/travis/build/icyphy/ptII/ptolemy/domains/de/test/auto/SmartSender.xml (RunModel)" time="3.009" />
  <testcase classname="ptolemy.util.test.junit.AutoTests" name="[66] /home/travis/build/icyphy/ptII/ptolemy/domains/de/test/auto/ThreadedComposite.xml (RunModel)" time="0.128" />
  <testcase classname="ptolemy.util.test.junit.AutoTests" name="[67] /home/travis/build/icyphy/ptII/ptolemy/domains/de/test/auto/Time.xml (RunModel)" time="0.425" />
  <testcase classname="ptolemy.util.test.junit.AutoTests" name="[68] /home/travis/build/icyphy/ptII/ptolemy/domains/de/test/auto/TimeDelayZeroDelay.xml (RunModel)" time="0.01" />
  <testcase classname="ptolemy.util.test.junit.AutoTests" name="[69] /home/travis/build/icyphy/ptII/ptolemy/domains/de/test/auto/TimerZeroDelay.xml (RunModel)" time="0.01" />
  <testcase classname="ptolemy.util.test.junit.AutoTests" name="[70] /home/travis/build/icyphy/ptII/ptolemy/domains/de/test/auto/TimingParadox.xml (RunModel)" time="0.346" />
  <testcase classname="ptolemy.util.test.junit.AutoTests" name="[71] /home/travis/build/icyphy/ptII/ptolemy/domains/de/test/auto/TransferInputs.xml (RunModel)" time="0.009" />
  <testcase classname="ptolemy.util.test.junit.AutoTests" name="[72] /home/travis/build/icyphy/ptII/ptolemy/domains/de/test/auto/TransferOutputs2.xml (RunModel)" time="0.018" />
  <testcase classname="ptolemy.util.test.junit.AutoTests" name="[73] /home/travis/build/icyphy/ptII/ptolemy/domains/de/test/auto/Trilateration.xml (RunModel)" time="11.525" />
  <testcase classname="ptolemy.util.test.junit.AutoTests" name="[74] /home/travis/build/icyphy/ptII/ptolemy/domains/de/test/auto/TwoSigmaDelta.xml (RunModel)" time="2.032" />
  <testcase classname="ptolemy.util.test.junit.AutoTests" name="[75] /home/travis/build/icyphy/ptII/ptolemy/domains/de/test/auto/VariableDelay.xml (RunModel)" time="0.017" />
  <testcase classname="ptolemy.util.test.junit.AutoTests" name="[76] /home/travis/build/icyphy/ptII/ptolemy/domains/de/test/auto/VariableDelay2.xml (RunModel)" time="0.011" />
  <testcase classname="ptolemy.util.test.junit.AutoTests" name="[77] /home/travis/build/icyphy/ptII/ptolemy/domains/de/test/auto/VariableDelayZeroDelay.xml (RunModel)" time="0.013" />
  <testcase classname="ptolemy.util.test.junit.AutoTests" name="[78] /home/travis/build/icyphy/ptII/ptolemy/domains/de/test/auto/VariableDelayZeroDelay2.xml (RunModel)" time="0.013" />
  <testcase classname="ptolemy.util.test.junit.AutoTests" name="[79] /home/travis/build/icyphy/ptII/ptolemy/domains/de/test/auto/deInCt.xml (RunModel)" time="0.015" />
  <testcase classname="ptolemy.util.test.junit.AutoTests" name="[80] /home/travis/build/icyphy/ptII/ptolemy/domains/de/test/auto/deInCt2.xml (RunModel)" time="0.018" />
  <testcase classname="ptolemy.util.test.junit.AutoTests" name="[81] /home/travis/build/icyphy/ptII/ptolemy/domains/de/test/auto/dynamicCausalityInterface1.xml (RunModel)" time="0.022" />
  <testcase classname="ptolemy.util.test.junit.AutoTests" name="[82] /home/travis/build/icyphy/ptII/ptolemy/domains/de/test/auto/fsm_de_test.xml (RunModel)" time="0.034" />
  <testcase classname="ptolemy.util.test.junit.AutoTests" name="[83] /home/travis/build/icyphy/ptII/ptolemy/domains/de/test/auto/functionDependencyReconstruction.xml (RunModel)" time="0.031" />
  <testcase classname="ptolemy.util.test.junit.AutoTests" name="[84] /home/travis/build/icyphy/ptII/ptolemy/domains/de/test/auto/multirate.xml (RunModel)" time="0.017" />
  <testcase classname="ptolemy.util.test.junit.AutoTests" name="[85] /home/travis/build/icyphy/ptII/ptolemy/domains/de/test/auto/multirate2.xml (RunModel)" time="0.015" />
  <testcase classname="ptolemy.util.test.junit.AutoTests" name="[86] /home/travis/build/icyphy/ptII/ptolemy/domains/de/test/auto/realtime.xml (RunModel)" time="10.011" />
  <testcase classname="ptolemy.util.test.junit.AutoTests" name="[87] /home/travis/build/icyphy/ptII/ptolemy/domains/de/test/auto/relationGroup.xml (RunModel)" time="0.012" />
  <testcase classname="ptolemy.util.test.junit.AutoTests" name="[88] /home/travis/build/icyphy/ptII/ptolemy/domains/de/test/auto/relationGroup2.xml (RunModel)" time="0.009" />
  <testcase classname="ptolemy.util.test.junit.AutoTests" name="[89] /home/travis/build/icyphy/ptII/ptolemy/domains/de/test/auto/sortWithOpaquePorts.xml (RunModel)" time="0.009" />
  <testcase classname="ptolemy.util.test.junit.AutoTests" name="[90] /home/travis/build/icyphy/ptII/ptolemy/domains/de/test/auto/transferInputsandOutputs.xml (RunModel)" time="0.014" />
  <testcase classname="ptolemy.util.test.junit.AutoTests" name="[91] /home/travis/build/icyphy/ptII/ptolemy/domains/de/test/auto/triggerType.xml (RunModel)" time="0.009" />
  <system-out><![CDATA[/home/travis/build/icyphy/ptII/ptolemy/domains/de/test/DependencyLoop.tcl
testDefs.tcl: setting time out to 9000 seconds at Sun Jun 02 04:31:21 UTC 2019
31 ms. Memory: 116224K Free: 97612K (84%)
30 ms. Memory: 146944K Free: 141200K (96%)
/home/travis/build/icyphy/ptII/ptolemy/domains/de/test/RunDETestsAsQSS.tcl
Run the DE tests using ptolemy.domains.qss.test.QSSDirectorTest, which extends QSSDirector and prints a message in the constructors.
------------------ testing $PTII/ptolemy/domains/de/test/auto/knownFailedTests/dependencyLoop.xml (Known Failure) 
14 ms. Memory: 146944K Free: 136956K (93%)


==== $PTIIhome/travis/build/icyphy/ptII/ptolemy/domains/de/test/../../../../: Auto Automatic test in file $PTII/ptolemy/domains/de/test/auto/knownFailedTests/dependencyLoop.xml
==== Contents of test case:

	    # FIXME: we should use $relativeFilename here, but it
	    # might have backslashes under Windows, which causes no end
	    # of trouble.
	    createAndExecute $file
	    list {}
	
.... Test generated KNOWN error:
    while executing
ptolemy.kernel.util.IllegalActionException: Found a zero delay loop containing .dependencyLoop.original
  in .dependencyLoop and .dependencyLoop.original
	at ptolemy.actor.util.CausalityInterfaceForComposites._computeOutputPortDepth(CausalityInterfaceForComposites.java:759)
	at ptolemy.actor.util.CausalityInterfaceForComposites._computeInputDepth(CausalityInterfaceForComposites.java:696)
	at ptolemy.actor.util.CausalityInterfaceForComposites._computeOutputPortDepth(CausalityInterfaceForComposites.java:765)
	at ptolemy.actor.util.CausalityInterfaceForComposites._computeInputDepth(CausalityInterfaceForComposites.java:696)
	at ptolemy.actor.util.CausalityInterfaceForComposites._computeOutputPortDepth(CausalityInterfaceForComposites.java:765)
	at ptolemy.actor.util.CausalityInterfaceForComposites._computeInputDepth(CausalityInterfaceForComposites.java:696)
	at ptolemy.actor.util.CausalityInterfaceForComposites._computeActorDepth(CausalityInterfaceForComposites.java:532)
	at ptolemy.actor.util.CausalityInterfaceForComposites.checkForCycles(CausalityInterfaceForComposites.java:96)
	at ptolemy.domains.de.kernel.DEDirector.preinitialize(DEDirector.java:1338)
	at ptolemy.actor.CompositeActor.preinitialize(CompositeActor.java:1828)
	at ptolemy.actor.Manager.preinitializeAndResolveTypes(Manager.java:1040)
	at ptolemy.actor.Manager.initialize(Manager.java:710)
	at ptolemy.actor.Manager.execute(Manager.java:356)
	at ptolemy.actor.Manager.run(Manager.java:1263)
	at ptolemy.actor.Manager$PtolemyRunThread.run(Manager.java:1915)

    while executing
ptolemy.kernel.util.IllegalActionException: Found a zero delay loop containing .dependencyLoop.original
  in .dependencyLoop and .dependencyLoop.original
    while executing
"java::new ptolemy.moml.MoMLSimpleApplication $file
"
    (procedure "createAndExecute" line 2)
    invoked from within
"createAndExecute $file"
    ("uplevel" body line 5)
    invoked from within
"uplevel $contents_of_test"
------------------ testing $PTII/ptolemy/domains/de/test/auto/knownFailedTests/DESDFClockTest.xml (Known Failure) 
2059 ms. Memory: 146944K Free: 121398K (83%)


==== $PTIIhome/travis/build/icyphy/ptII/ptolemy/domains/de/test/../../../../: Auto Automatic test in file $PTII/ptolemy/domains/de/test/auto/knownFailedTests/DESDFClockTest.xml
==== Contents of test case:

	    # FIXME: we should use $relativeFilename here, but it
	    # might have backslashes under Windows, which causes no end
	    # of trouble.
	    createAndExecute $file
	    list {}
	
.... Test generated KNOWN error:
    while executing
ptolemy.kernel.util.IllegalActionException: Actor is not ready to fire.  Perhaps UpSample.prefire() returned false? Try debugging the actor by selecting "Listen to Actor".  Also, for SDF check moml for tokenConsumptionRate on input.
  in .DESDFClockTest.Play Bell.Copy1:SDF Director and .DESDFClockTest.Play Bell.UpSample
	at ptolemy.actor.sched.StaticSchedulingDirector.fire(StaticSchedulingDirector.java:227)
	at ptolemy.domains.sdf.kernel.SDFDirector.fire(SDFDirector.java:500)
	at ptolemy.actor.CompositeActor.fire(CompositeActor.java:455)
	at ptolemy.domains.de.kernel.DEDirector._fire(DEDirector.java:1949)
	at ptolemy.domains.de.kernel.DEDirector.fire(DEDirector.java:502)
	at ptolemy.actor.CompositeActor.fire(CompositeActor.java:455)
	at ptolemy.actor.Manager.iterate(Manager.java:851)
	at ptolemy.actor.Manager.execute(Manager.java:369)
	at ptolemy.actor.Manager.run(Manager.java:1263)
	at ptolemy.actor.Manager$PtolemyRunThread.run(Manager.java:1915)

    while executing
ptolemy.kernel.util.IllegalActionException: Actor is not ready to fire.  Perhaps UpSample.prefire() returned false? Try debugging the actor by selecting "Listen to Actor".  Also, for SDF check moml for tokenConsumptionRate on input.
  in .DESDFClockTest.Play Bell.Copy1:SDF Director and .DESDFClockTest.Play Bell.UpSample
    while executing
"java::new ptolemy.moml.MoMLSimpleApplication $file
"
    (procedure "createAndExecute" line 2)
    invoked from within
"createAndExecute $file"
    ("uplevel" body line 5)
    invoked from within
"uplevel $contents_of_test"
------------------ testing $PTII/ptolemy/domains/de/test/auto/knownFailedTests/FSMSource.xml (Known Failure) 
43 ms. Memory: 146944K Free: 111973K (76%)
!!!! Auto was marked as failing, but now passes
------------------ testing $PTII/ptolemy/domains/de/test/auto/knownFailedTests/dependencyLoop2.xml (Known Failure) 
9 ms. Memory: 146944K Free: 110113K (75%)


==== $PTIIhome/travis/build/icyphy/ptII/ptolemy/domains/de/test/../../../../: Auto Automatic test in file $PTII/ptolemy/domains/de/test/auto/knownFailedTests/dependencyLoop2.xml
==== Contents of test case:

	    # FIXME: we should use $relativeFilename here, but it
	    # might have backslashes under Windows, which causes no end
	    # of trouble.
	    createAndExecute $file
	    list {}
	
.... Test generated KNOWN error:
    while executing
ptolemy.kernel.util.IllegalActionException: Found a zero delay loop containing .dependencyLoop2.original
  in .dependencyLoop2 and .dependencyLoop2.original
	at ptolemy.actor.util.CausalityInterfaceForComposites._computeOutputPortDepth(CausalityInterfaceForComposites.java:759)
	at ptolemy.actor.util.CausalityInterfaceForComposites._computeInputDepth(CausalityInterfaceForComposites.java:696)
	at ptolemy.actor.util.CausalityInterfaceForComposites._computeOutputPortDepth(CausalityInterfaceForComposites.java:765)
	at ptolemy.actor.util.CausalityInterfaceForComposites._computeInputDepth(CausalityInterfaceForComposites.java:696)
	at ptolemy.actor.util.CausalityInterfaceForComposites._computeOutputPortDepth(CausalityInterfaceForComposites.java:765)
	at ptolemy.actor.util.CausalityInterfaceForComposites._computeInputDepth(CausalityInterfaceForComposites.java:696)
	at ptolemy.actor.util.CausalityInterfaceForComposites._computeActorDepth(CausalityInterfaceForComposites.java:532)
	at ptolemy.actor.util.CausalityInterfaceForComposites.checkForCycles(CausalityInterfaceForComposites.java:96)
	at ptolemy.domains.de.kernel.DEDirector.preinitialize(DEDirector.java:1338)
	at ptolemy.actor.CompositeActor.preinitialize(CompositeActor.java:1828)
	at ptolemy.actor.Manager.preinitializeAndResolveTypes(Manager.java:1040)
	at ptolemy.actor.Manager.initialize(Manager.java:710)
	at ptolemy.actor.Manager.execute(Manager.java:356)
	at ptolemy.actor.Manager.run(Manager.java:1263)
	at ptolemy.actor.Manager$PtolemyRunThread.run(Manager.java:1915)

    while executing
ptolemy.kernel.util.IllegalActionException: Found a zero delay loop containing .dependencyLoop2.original
  in .dependencyLoop2 and .dependencyLoop2.original
    while executing
"java::new ptolemy.moml.MoMLSimpleApplication $file
"
    (procedure "createAndExecute" line 2)
    invoked from within
"createAndExecute $file"
    ("uplevel" body line 5)
    invoked from within
"uplevel $contents_of_test"
------------------ testing $PTII/ptolemy/domains/de/test/auto/knownFailedTests/HierarchicalModel.xml (Known Failure) 
8 ms. Memory: 146944K Free: 90007K (61%)


==== $PTIIhome/travis/build/icyphy/ptII/ptolemy/domains/de/test/../../../../: Auto Automatic test in file $PTII/ptolemy/domains/de/test/auto/knownFailedTests/HierarchicalModel.xml
==== Contents of test case:

	    # FIXME: we should use $relativeFilename here, but it
	    # might have backslashes under Windows, which causes no end
	    # of trouble.
	    createAndExecute $file
	    list {}
	
.... Test generated KNOWN error:
    while executing
ptolemy.kernel.util.IllegalActionException: Found a zero delay loop containing .HierarchicalModel.A
  in .HierarchicalModel and .HierarchicalModel.A
	at ptolemy.actor.util.CausalityInterfaceForComposites._computeOutputPortDepth(CausalityInterfaceForComposites.java:759)
	at ptolemy.actor.util.CausalityInterfaceForComposites._computeInputDepth(CausalityInterfaceForComposites.java:696)
	at ptolemy.actor.util.CausalityInterfaceForComposites._computeOutputPortDepth(CausalityInterfaceForComposites.java:765)
	at ptolemy.actor.util.CausalityInterfaceForComposites._computeInputDepth(CausalityInterfaceForComposites.java:696)
	at ptolemy.actor.util.CausalityInterfaceForComposites._computeOutputPortDepth(CausalityInterfaceForComposites.java:765)
	at ptolemy.actor.util.CausalityInterfaceForComposites._computeInputDepth(CausalityInterfaceForComposites.java:696)
	at ptolemy.actor.util.CausalityInterfaceForComposites._computeActorDepth(CausalityInterfaceForComposites.java:532)
	at ptolemy.actor.util.CausalityInterfaceForComposites.checkForCycles(CausalityInterfaceForComposites.java:96)
	at ptolemy.domains.de.kernel.DEDirector.preinitialize(DEDirector.java:1338)
	at ptolemy.actor.CompositeActor.preinitialize(CompositeActor.java:1828)
	at ptolemy.actor.Manager.preinitializeAndResolveTypes(Manager.java:1040)
	at ptolemy.actor.Manager.initialize(Manager.java:710)
	at ptolemy.actor.Manager.execute(Manager.java:356)
	at ptolemy.actor.Manager.run(Manager.java:1263)
	at ptolemy.actor.Manager$PtolemyRunThread.run(Manager.java:1915)

    while executing
ptolemy.kernel.util.IllegalActionException: Found a zero delay loop containing .HierarchicalModel.A
  in .HierarchicalModel and .HierarchicalModel.A
    while executing
"java::new ptolemy.moml.MoMLSimpleApplication $file
"
    (procedure "createAndExecute" line 2)
    invoked from within
"createAndExecute $file"
    ("uplevel" body line 5)
    invoked from within
"uplevel $contents_of_test"
------------------ testing $PTII/ptolemy/domains/de/test/auto/knownFailedTests/DirectFeedback.xml (Known Failure) 
9 ms. Memory: 146944K Free: 85900K (58%)


==== $PTIIhome/travis/build/icyphy/ptII/ptolemy/domains/de/test/../../../../: Auto Automatic test in file $PTII/ptolemy/domains/de/test/auto/knownFailedTests/DirectFeedback.xml
==== Contents of test case:

	    # FIXME: we should use $relativeFilename here, but it
	    # might have backslashes under Windows, which causes no end
	    # of trouble.
	    createAndExecute $file
	    list {}
	
.... Test generated KNOWN error:
    while executing
ptolemy.kernel.util.IllegalActionException: Test fails in iteration 1.
Value was: 1.0. Should have been: 2.0
  in .DirectFeedback.Test
	at ptolemy.actor.lib.Test.fire(Test.java:268)
	at ptolemy.domains.de.kernel.DEDirector._fire(DEDirector.java:1949)
	at ptolemy.domains.de.kernel.DEDirector.fire(DEDirector.java:502)
	at ptolemy.actor.CompositeActor.fire(CompositeActor.java:455)
	at ptolemy.actor.Manager.iterate(Manager.java:851)
	at ptolemy.actor.Manager.execute(Manager.java:369)
	at ptolemy.actor.Manager.run(Manager.java:1263)
	at ptolemy.actor.Manager$PtolemyRunThread.run(Manager.java:1915)

    while executing
ptolemy.kernel.util.IllegalActionException: Test fails in iteration 1.
Value was: 1.0. Should have been: 2.0
  in .DirectFeedback.Test
    while executing
"java::new ptolemy.moml.MoMLSimpleApplication $file
"
    (procedure "createAndExecute" line 2)
    invoked from within
"createAndExecute $file"
    ("uplevel" body line 5)
    invoked from within
"uplevel $contents_of_test"
------------------ testing $PTII/ptolemy/domains/de/test/auto/ActorDepthCalculation_actorWithoutPorts.xml
auto.tcl: Setting watchdog for 200 seconds at Sun Jun 02 04:31:25 UTC 2019
7 ms. Memory: 146944K Free: 138756K (94%)
ptolemy.util.test.WatchDog.cancel(): canceling Sun Jun 02 04:31:25 UTC 2019
auto.tcl: Setting watchdog for 200 seconds at Sun Jun 02 04:31:25 UTC 2019
6 ms. Memory: 146944K Free: 137745K (94%)
ptolemy.util.test.WatchDog.cancel(): canceling Sun Jun 02 04:31:25 UTC 2019
------------------ testing $PTII/ptolemy/domains/de/test/auto/AssemblyLine.xml
auto.tcl: Setting watchdog for 200 seconds at Sun Jun 02 04:31:25 UTC 2019
19 ms. Memory: 208384K Free: 183479K (88%)
ptolemy.util.test.WatchDog.cancel(): canceling Sun Jun 02 04:31:25 UTC 2019
auto.tcl: Setting watchdog for 200 seconds at Sun Jun 02 04:31:25 UTC 2019
14 ms. Memory: 208384K Free: 183479K (88%)
ptolemy.util.test.WatchDog.cancel(): canceling Sun Jun 02 04:31:25 UTC 2019
------------------ testing $PTII/ptolemy/domains/de/test/auto/CQBug1.xml
auto.tcl: Setting watchdog for 200 seconds at Sun Jun 02 04:31:25 UTC 2019
4 ms. Memory: 208384K Free: 197946K (95%)
ptolemy.util.test.WatchDog.cancel(): canceling Sun Jun 02 04:31:25 UTC 2019
auto.tcl: Setting watchdog for 200 seconds at Sun Jun 02 04:31:25 UTC 2019
2 ms. Memory: 208384K Free: 197946K (95%)
ptolemy.util.test.WatchDog.cancel(): canceling Sun Jun 02 04:31:25 UTC 2019
------------------ testing $PTII/ptolemy/domains/de/test/auto/CancelFireAt.xml
auto.tcl: Setting watchdog for 200 seconds at Sun Jun 02 04:31:25 UTC 2019
9 ms. Memory: 208384K Free: 201588K (97%)
ptolemy.util.test.WatchDog.cancel(): canceling Sun Jun 02 04:31:26 UTC 2019
auto.tcl: Setting watchdog for 200 seconds at Sun Jun 02 04:31:26 UTC 2019
9 ms. Memory: 208384K Free: 199566K (96%)
ptolemy.util.test.WatchDog.cancel(): canceling Sun Jun 02 04:31:26 UTC 2019
------------------ testing $PTII/ptolemy/domains/de/test/auto/CausalityAndComposabilityAnalysis.xml
auto.tcl: Setting watchdog for 200 seconds at Sun Jun 02 04:31:26 UTC 2019
13 ms. Memory: 208384K Free: 198645K (95%)
ptolemy.util.test.WatchDog.cancel(): canceling Sun Jun 02 04:31:26 UTC 2019
auto.tcl: Setting watchdog for 200 seconds at Sun Jun 02 04:31:26 UTC 2019
19 ms. Memory: 208384K Free: 196623K (94%)
ptolemy.util.test.WatchDog.cancel(): canceling Sun Jun 02 04:31:26 UTC 2019
------------------ testing $PTII/ptolemy/domains/de/test/auto/CausalityInterface1.xml
auto.tcl: Setting watchdog for 200 seconds at Sun Jun 02 04:31:26 UTC 2019
24 ms. Memory: 208384K Free: 196561K (94%)
ptolemy.util.test.WatchDog.cancel(): canceling Sun Jun 02 04:31:26 UTC 2019
auto.tcl: Setting watchdog for 200 seconds at Sun Jun 02 04:31:26 UTC 2019
8 ms. Memory: 208384K Free: 196561K (94%)
ptolemy.util.test.WatchDog.cancel(): canceling Sun Jun 02 04:31:26 UTC 2019
------------------ testing $PTII/ptolemy/domains/de/test/auto/CausalityInterface15.xml
auto.tcl: Setting watchdog for 200 seconds at Sun Jun 02 04:31:26 UTC 2019
8 ms. Memory: 208384K Free: 196552K (94%)
ptolemy.util.test.WatchDog.cancel(): canceling Sun Jun 02 04:31:26 UTC 2019
auto.tcl: Setting watchdog for 200 seconds at Sun Jun 02 04:31:26 UTC 2019
4 ms. Memory: 208384K Free: 196552K (94%)
ptolemy.util.test.WatchDog.cancel(): canceling Sun Jun 02 04:31:26 UTC 2019
------------------ testing $PTII/ptolemy/domains/de/test/auto/CausalityInterface2.xml
auto.tcl: Setting watchdog for 200 seconds at Sun Jun 02 04:31:26 UTC 2019
5 ms. Memory: 208384K Free: 196536K (94%)
ptolemy.util.test.WatchDog.cancel(): canceling Sun Jun 02 04:31:26 UTC 2019
auto.tcl: Setting watchdog for 200 seconds at Sun Jun 02 04:31:26 UTC 2019
3 ms. Memory: 208384K Free: 196536K (94%)
ptolemy.util.test.WatchDog.cancel(): canceling Sun Jun 02 04:31:26 UTC 2019
------------------ testing $PTII/ptolemy/domains/de/test/auto/CausalityInterface3.xml
auto.tcl: Setting watchdog for 200 seconds at Sun Jun 02 04:31:26 UTC 2019
6 ms. Memory: 208384K Free: 196542K (94%)
ptolemy.util.test.WatchDog.cancel(): canceling Sun Jun 02 04:31:26 UTC 2019
auto.tcl: Setting watchdog for 200 seconds at Sun Jun 02 04:31:26 UTC 2019
4 ms. Memory: 208384K Free: 196542K (94%)
ptolemy.util.test.WatchDog.cancel(): canceling Sun Jun 02 04:31:26 UTC 2019
------------------ testing $PTII/ptolemy/domains/de/test/auto/ClockDrift.xml
auto.tcl: Setting watchdog for 200 seconds at Sun Jun 02 04:31:26 UTC 2019
89 ms. Memory: 208384K Free: 188008K (90%)
ptolemy.util.test.WatchDog.cancel(): canceling Sun Jun 02 04:31:26 UTC 2019
auto.tcl: Setting watchdog for 200 seconds at Sun Jun 02 04:31:26 UTC 2019
67 ms. Memory: 208384K Free: 185987K (89%)
ptolemy.util.test.WatchDog.cancel(): canceling Sun Jun 02 04:31:26 UTC 2019
------------------ testing $PTII/ptolemy/domains/de/test/auto/ClockDriftAndValueChange.xml
auto.tcl: Setting watchdog for 200 seconds at Sun Jun 02 04:31:26 UTC 2019
32 ms. Memory: 208384K Free: 187844K (90%)
ptolemy.util.test.WatchDog.cancel(): canceling Sun Jun 02 04:31:26 UTC 2019
auto.tcl: Setting watchdog for 200 seconds at Sun Jun 02 04:31:26 UTC 2019
23 ms. Memory: 208384K Free: 185823K (89%)
ptolemy.util.test.WatchDog.cancel(): canceling Sun Jun 02 04:31:26 UTC 2019
------------------ testing $PTII/ptolemy/domains/de/test/auto/ClockDriftChange.xml
auto.tcl: Setting watchdog for 200 seconds at Sun Jun 02 04:31:27 UTC 2019
45 ms. Memory: 208384K Free: 191096K (92%)
ptolemy.util.test.WatchDog.cancel(): canceling Sun Jun 02 04:31:27 UTC 2019
auto.tcl: Setting watchdog for 200 seconds at Sun Jun 02 04:31:27 UTC 2019
25 ms. Memory: 208384K Free: 189075K (91%)
ptolemy.util.test.WatchDog.cancel(): canceling Sun Jun 02 04:31:27 UTC 2019
------------------ testing $PTII/ptolemy/domains/de/test/auto/ComposableCausalityAnalysis.xml
auto.tcl: Setting watchdog for 200 seconds at Sun Jun 02 04:31:27 UTC 2019
5 ms. Memory: 208384K Free: 196403K (94%)
ptolemy.util.test.WatchDog.cancel(): canceling Sun Jun 02 04:31:27 UTC 2019
auto.tcl: Setting watchdog for 200 seconds at Sun Jun 02 04:31:27 UTC 2019
2 ms. Memory: 208384K Free: 194382K (93%)
ptolemy.util.test.WatchDog.cancel(): canceling Sun Jun 02 04:31:27 UTC 2019
------------------ testing $PTII/ptolemy/domains/de/test/auto/DEFixedPointLimitation.xml
auto.tcl: Setting watchdog for 200 seconds at Sun Jun 02 04:31:27 UTC 2019
2 ms. Memory: 208384K Free: 196485K (94%)
ptolemy.util.test.WatchDog.cancel(): canceling Sun Jun 02 04:31:27 UTC 2019
auto.tcl: Setting watchdog for 200 seconds at Sun Jun 02 04:31:27 UTC 2019
2 ms. Memory: 208384K Free: 196485K (94%)
ptolemy.util.test.WatchDog.cancel(): canceling Sun Jun 02 04:31:27 UTC 2019
------------------ testing $PTII/ptolemy/domains/de/test/auto/DEScheduleTest.xml
auto.tcl: Setting watchdog for 200 seconds at Sun Jun 02 04:31:27 UTC 2019
4 ms. Memory: 208384K Free: 199061K (96%)
ptolemy.util.test.WatchDog.cancel(): canceling Sun Jun 02 04:31:27 UTC 2019
auto.tcl: Setting watchdog for 200 seconds at Sun Jun 02 04:31:27 UTC 2019
6 ms. Memory: 208384K Free: 196520K (94%)
ptolemy.util.test.WatchDog.cancel(): canceling Sun Jun 02 04:31:27 UTC 2019
------------------ testing $PTII/ptolemy/domains/de/test/auto/DEinDEwithStartTimes.xml
auto.tcl: Setting watchdog for 200 seconds at Sun Jun 02 04:31:27 UTC 2019
4 ms. Memory: 208384K Free: 196490K (94%)
ptolemy.util.test.WatchDog.cancel(): canceling Sun Jun 02 04:31:27 UTC 2019
auto.tcl: Setting watchdog for 200 seconds at Sun Jun 02 04:31:27 UTC 2019
4 ms. Memory: 208384K Free: 194469K (93%)
ptolemy.util.test.WatchDog.cancel(): canceling Sun Jun 02 04:31:27 UTC 2019
------------------ testing $PTII/ptolemy/domains/de/test/auto/DEinDEwithStartTimes2.xml
auto.tcl: Setting watchdog for 200 seconds at Sun Jun 02 04:31:27 UTC 2019
5 ms. Memory: 208384K Free: 196470K (94%)
ptolemy.util.test.WatchDog.cancel(): canceling Sun Jun 02 04:31:27 UTC 2019
auto.tcl: Setting watchdog for 200 seconds at Sun Jun 02 04:31:27 UTC 2019
5 ms. Memory: 208384K Free: 194448K (93%)
ptolemy.util.test.WatchDog.cancel(): canceling Sun Jun 02 04:31:27 UTC 2019
------------------ testing $PTII/ptolemy/domains/de/test/auto/DateDemo.xml
auto.tcl: Setting watchdog for 200 seconds at Sun Jun 02 04:31:27 UTC 2019
20 ms. Memory: 208384K Free: 189142K (91%)
ptolemy.util.test.WatchDog.cancel(): canceling Sun Jun 02 04:31:27 UTC 2019
auto.tcl: Setting watchdog for 200 seconds at Sun Jun 02 04:31:27 UTC 2019
18 ms. Memory: 208384K Free: 187120K (90%)
ptolemy.util.test.WatchDog.cancel(): canceling Sun Jun 02 04:31:27 UTC 2019
------------------ testing $PTII/ptolemy/domains/de/test/auto/DateToEvent.xml
auto.tcl: Setting watchdog for 200 seconds at Sun Jun 02 04:31:27 UTC 2019
2023 ms. Memory: 208384K Free: 184091K (88%)
ptolemy.util.test.WatchDog.cancel(): canceling Sun Jun 02 04:31:29 UTC 2019
auto.tcl: Setting watchdog for 200 seconds at Sun Jun 02 04:31:29 UTC 2019
2006 ms. Memory: 208384K Free: 181633K (87%)
ptolemy.util.test.WatchDog.cancel(): canceling Sun Jun 02 04:31:31 UTC 2019
------------------ testing $PTII/ptolemy/domains/de/test/auto/DepthTest1.xml
auto.tcl: Setting watchdog for 200 seconds at Sun Jun 02 04:31:32 UTC 2019
2 ms. Memory: 208384K Free: 197743K (95%)
ptolemy.util.test.WatchDog.cancel(): canceling Sun Jun 02 04:31:32 UTC 2019
auto.tcl: Setting watchdog for 200 seconds at Sun Jun 02 04:31:32 UTC 2019
6 ms. Memory: 208384K Free: 197743K (95%)
ptolemy.util.test.WatchDog.cancel(): canceling Sun Jun 02 04:31:32 UTC 2019
------------------ testing $PTII/ptolemy/domains/de/test/auto/DepthTest2.xml
auto.tcl: Setting watchdog for 200 seconds at Sun Jun 02 04:31:32 UTC 2019
8 ms. Memory: 208384K Free: 194099K (93%)
ptolemy.util.test.WatchDog.cancel(): canceling Sun Jun 02 04:31:32 UTC 2019
auto.tcl: Setting watchdog for 200 seconds at Sun Jun 02 04:31:32 UTC 2019
3 ms. Memory: 208384K Free: 194099K (93%)
ptolemy.util.test.WatchDog.cancel(): canceling Sun Jun 02 04:31:32 UTC 2019
------------------ testing $PTII/ptolemy/domains/de/test/auto/DepthTest3.xml
auto.tcl: Setting watchdog for 200 seconds at Sun Jun 02 04:31:32 UTC 2019
6 ms. Memory: 208384K Free: 198076K (95%)
ptolemy.util.test.WatchDog.cancel(): canceling Sun Jun 02 04:31:32 UTC 2019
auto.tcl: Setting watchdog for 200 seconds at Sun Jun 02 04:31:32 UTC 2019
2 ms. Memory: 208384K Free: 198076K (95%)
ptolemy.util.test.WatchDog.cancel(): canceling Sun Jun 02 04:31:32 UTC 2019
------------------ testing $PTII/ptolemy/domains/de/test/auto/DepthTest4.xml
auto.tcl: Setting watchdog for 200 seconds at Sun Jun 02 04:31:32 UTC 2019
7 ms. Memory: 208384K Free: 196142K (94%)
ptolemy.util.test.WatchDog.cancel(): canceling Sun Jun 02 04:31:32 UTC 2019
auto.tcl: Setting watchdog for 200 seconds at Sun Jun 02 04:31:32 UTC 2019
2 ms. Memory: 208384K Free: 196142K (94%)
ptolemy.util.test.WatchDog.cancel(): canceling Sun Jun 02 04:31:32 UTC 2019
------------------ testing $PTII/ptolemy/domains/de/test/auto/DepthTest5.xml
auto.tcl: Setting watchdog for 200 seconds at Sun Jun 02 04:31:32 UTC 2019
3 ms. Memory: 208384K Free: 196089K (94%)
ptolemy.util.test.WatchDog.cancel(): canceling Sun Jun 02 04:31:32 UTC 2019
auto.tcl: Setting watchdog for 200 seconds at Sun Jun 02 04:31:32 UTC 2019
3 ms. Memory: 208384K Free: 196089K (94%)
ptolemy.util.test.WatchDog.cancel(): canceling Sun Jun 02 04:31:32 UTC 2019
------------------ testing $PTII/ptolemy/domains/de/test/auto/DepthTest6.xml
auto.tcl: Setting watchdog for 200 seconds at Sun Jun 02 04:31:32 UTC 2019
6 ms. Memory: 208384K Free: 196584K (94%)
ptolemy.util.test.WatchDog.cancel(): canceling Sun Jun 02 04:31:32 UTC 2019
auto.tcl: Setting watchdog for 200 seconds at Sun Jun 02 04:31:32 UTC 2019
2 ms. Memory: 208384K Free: 196584K (94%)
ptolemy.util.test.WatchDog.cancel(): canceling Sun Jun 02 04:31:32 UTC 2019
------------------ testing $PTII/ptolemy/domains/de/test/auto/DepthTest7.xml
auto.tcl: Setting watchdog for 200 seconds at Sun Jun 02 04:31:32 UTC 2019
3 ms. Memory: 208384K Free: 196046K (94%)
ptolemy.util.test.WatchDog.cancel(): canceling Sun Jun 02 04:31:32 UTC 2019
auto.tcl: Setting watchdog for 200 seconds at Sun Jun 02 04:31:32 UTC 2019
3 ms. Memory: 208384K Free: 196046K (94%)
ptolemy.util.test.WatchDog.cancel(): canceling Sun Jun 02 04:31:32 UTC 2019
------------------ testing $PTII/ptolemy/domains/de/test/auto/EventToDate.xml
auto.tcl: Setting watchdog for 200 seconds at Sun Jun 02 04:31:32 UTC 2019
3006 ms. Memory: 208384K Free: 185953K (89%)
ptolemy.util.test.WatchDog.cancel(): canceling Sun Jun 02 04:31:35 UTC 2019
auto.tcl: Setting watchdog for 200 seconds at Sun Jun 02 04:31:35 UTC 2019
3005 ms. Memory: 208384K Free: 185953K (89%)
ptolemy.util.test.WatchDog.cancel(): canceling Sun Jun 02 04:31:38 UTC 2019
------------------ testing $PTII/ptolemy/domains/de/test/auto/FSM1.xml
auto.tcl: Setting watchdog for 200 seconds at Sun Jun 02 04:31:38 UTC 2019
29 ms. Memory: 208384K Free: 189255K (91%)
ptolemy.util.test.WatchDog.cancel(): canceling Sun Jun 02 04:31:38 UTC 2019
auto.tcl: Setting watchdog for 200 seconds at Sun Jun 02 04:31:38 UTC 2019
26 ms. Memory: 208384K Free: 185212K (89%)
ptolemy.util.test.WatchDog.cancel(): canceling Sun Jun 02 04:31:38 UTC 2019
------------------ testing $PTII/ptolemy/domains/de/test/auto/FSM7.xml
auto.tcl: Setting watchdog for 200 seconds at Sun Jun 02 04:31:38 UTC 2019
18 ms. Memory: 208384K Free: 187437K (90%)
ptolemy.util.test.WatchDog.cancel(): canceling Sun Jun 02 04:31:38 UTC 2019
auto.tcl: Setting watchdog for 200 seconds at Sun Jun 02 04:31:38 UTC 2019
29 ms. Memory: 208384K Free: 185416K (89%)
ptolemy.util.test.WatchDog.cancel(): canceling Sun Jun 02 04:31:38 UTC 2019
------------------ testing $PTII/ptolemy/domains/de/test/auto/Inspection.xml
auto.tcl: Setting watchdog for 200 seconds at Sun Jun 02 04:31:38 UTC 2019
26 ms. Memory: 208384K Free: 189169K (91%)
ptolemy.util.test.WatchDog.cancel(): canceling Sun Jun 02 04:31:39 UTC 2019
auto.tcl: Setting watchdog for 200 seconds at Sun Jun 02 04:31:39 UTC 2019
30 ms. Memory: 208384K Free: 187147K (90%)
ptolemy.util.test.WatchDog.cancel(): canceling Sun Jun 02 04:31:39 UTC 2019
------------------ testing $PTII/ptolemy/domains/de/test/auto/Iteration.xml
auto.tcl: Setting watchdog for 200 seconds at Sun Jun 02 04:31:39 UTC 2019
10 ms. Memory: 208384K Free: 195852K (94%)
ptolemy.util.test.WatchDog.cancel(): canceling Sun Jun 02 04:31:39 UTC 2019
auto.tcl: Setting watchdog for 200 seconds at Sun Jun 02 04:31:39 UTC 2019
8 ms. Memory: 208384K Free: 193830K (93%)
ptolemy.util.test.WatchDog.cancel(): canceling Sun Jun 02 04:31:39 UTC 2019
------------------ testing $PTII/ptolemy/domains/de/test/auto/LineFault.xml
auto.tcl: Setting watchdog for 200 seconds at Sun Jun 02 04:31:39 UTC 2019
688 ms. Memory: 208384K Free: 200743K (96%)
ptolemy.util.test.WatchDog.cancel(): canceling Sun Jun 02 04:31:40 UTC 2019
auto.tcl: Setting watchdog for 200 seconds at Sun Jun 02 04:31:40 UTC 2019
616 ms. Memory: 208384K Free: 143891K (69%)
ptolemy.util.test.WatchDog.cancel(): canceling Sun Jun 02 04:31:40 UTC 2019
------------------ testing $PTII/ptolemy/domains/de/test/auto/MergeModel1Add.xml
auto.tcl: Setting watchdog for 200 seconds at Sun Jun 02 04:31:40 UTC 2019
30 ms. Memory: 331264K Free: 300700K (91%)
ptolemy.util.test.WatchDog.cancel(): canceling Sun Jun 02 04:31:40 UTC 2019
auto.tcl: Setting watchdog for 200 seconds at Sun Jun 02 04:31:40 UTC 2019
14 ms. Memory: 331264K Free: 300700K (91%)
ptolemy.util.test.WatchDog.cancel(): canceling Sun Jun 02 04:31:40 UTC 2019
------------------ testing $PTII/ptolemy/domains/de/test/auto/MergeModel2Add.xml
auto.tcl: Setting watchdog for 200 seconds at Sun Jun 02 04:31:41 UTC 2019
10 ms. Memory: 331264K Free: 305587K (92%)
ptolemy.util.test.WatchDog.cancel(): canceling Sun Jun 02 04:31:41 UTC 2019
auto.tcl: Setting watchdog for 200 seconds at Sun Jun 02 04:31:41 UTC 2019
12 ms. Memory: 331264K Free: 302054K (91%)
ptolemy.util.test.WatchDog.cancel(): canceling Sun Jun 02 04:31:41 UTC 2019
------------------ testing $PTII/ptolemy/domains/de/test/auto/MergeModel3Add.xml
auto.tcl: Setting watchdog for 200 seconds at Sun Jun 02 04:31:41 UTC 2019
12 ms. Memory: 331264K Free: 305565K (92%)
ptolemy.util.test.WatchDog.cancel(): canceling Sun Jun 02 04:31:41 UTC 2019
auto.tcl: Setting watchdog for 200 seconds at Sun Jun 02 04:31:41 UTC 2019
10 ms. Memory: 331264K Free: 302033K (91%)
ptolemy.util.test.WatchDog.cancel(): canceling Sun Jun 02 04:31:41 UTC 2019
------------------ testing $PTII/ptolemy/domains/de/test/auto/MergeWithoutDiscard.xml
auto.tcl: Setting watchdog for 200 seconds at Sun Jun 02 04:31:41 UTC 2019
2 ms. Memory: 331264K Free: 316191K (95%)
ptolemy.util.test.WatchDog.cancel(): canceling Sun Jun 02 04:31:41 UTC 2019
auto.tcl: Setting watchdog for 200 seconds at Sun Jun 02 04:31:41 UTC 2019
2 ms. Memory: 331264K Free: 316191K (95%)
ptolemy.util.test.WatchDog.cancel(): canceling Sun Jun 02 04:31:41 UTC 2019
------------------ testing $PTII/ptolemy/domains/de/test/auto/Modal1.xml
auto.tcl: Setting watchdog for 200 seconds at Sun Jun 02 04:31:41 UTC 2019
20 ms. Memory: 331264K Free: 311174K (94%)
ptolemy.util.test.WatchDog.cancel(): canceling Sun Jun 02 04:31:41 UTC 2019
auto.tcl: Setting watchdog for 200 seconds at Sun Jun 02 04:31:41 UTC 2019
23 ms. Memory: 331264K Free: 306967K (93%)
ptolemy.util.test.WatchDog.cancel(): canceling Sun Jun 02 04:31:41 UTC 2019
------------------ testing $PTII/ptolemy/domains/de/test/auto/Modal2.xml
auto.tcl: Setting watchdog for 200 seconds at Sun Jun 02 04:31:41 UTC 2019
18 ms. Memory: 331264K Free: 310384K (94%)
ptolemy.util.test.WatchDog.cancel(): canceling Sun Jun 02 04:31:41 UTC 2019
auto.tcl: Setting watchdog for 200 seconds at Sun Jun 02 04:31:41 UTC 2019
20 ms. Memory: 331264K Free: 306852K (93%)
ptolemy.util.test.WatchDog.cancel(): canceling Sun Jun 02 04:31:41 UTC 2019
------------------ testing $PTII/ptolemy/domains/de/test/auto/Modal3.xml
auto.tcl: Setting watchdog for 200 seconds at Sun Jun 02 04:31:41 UTC 2019
15 ms. Memory: 331264K Free: 311046K (94%)
ptolemy.util.test.WatchDog.cancel(): canceling Sun Jun 02 04:31:41 UTC 2019
auto.tcl: Setting watchdog for 200 seconds at Sun Jun 02 04:31:41 UTC 2019
10 ms. Memory: 331264K Free: 306839K (93%)
ptolemy.util.test.WatchDog.cancel(): canceling Sun Jun 02 04:31:41 UTC 2019
------------------ testing $PTII/ptolemy/domains/de/test/auto/Modal4.xml
auto.tcl: Setting watchdog for 200 seconds at Sun Jun 02 04:31:41 UTC 2019
26 ms. Memory: 331264K Free: 310384K (94%)
ptolemy.util.test.WatchDog.cancel(): canceling Sun Jun 02 04:31:41 UTC 2019
auto.tcl: Setting watchdog for 200 seconds at Sun Jun 02 04:31:41 UTC 2019
15 ms. Memory: 331264K Free: 306852K (93%)
ptolemy.util.test.WatchDog.cancel(): canceling Sun Jun 02 04:31:41 UTC 2019
------------------ testing $PTII/ptolemy/domains/de/test/auto/Modal5.xml
auto.tcl: Setting watchdog for 200 seconds at Sun Jun 02 04:31:41 UTC 2019
17 ms. Memory: 331264K Free: 310371K (94%)
ptolemy.util.test.WatchDog.cancel(): canceling Sun Jun 02 04:31:41 UTC 2019
auto.tcl: Setting watchdog for 200 seconds at Sun Jun 02 04:31:41 UTC 2019
14 ms. Memory: 331264K Free: 306839K (93%)
ptolemy.util.test.WatchDog.cancel(): canceling Sun Jun 02 04:31:42 UTC 2019
------------------ testing $PTII/ptolemy/domains/de/test/auto/Modal6.xml
auto.tcl: Setting watchdog for 200 seconds at Sun Jun 02 04:31:42 UTC 2019
12 ms. Memory: 331264K Free: 310368K (94%)
ptolemy.util.test.WatchDog.cancel(): canceling Sun Jun 02 04:31:42 UTC 2019
auto.tcl: Setting watchdog for 200 seconds at Sun Jun 02 04:31:42 UTC 2019
14 ms. Memory: 331264K Free: 306836K (93%)
ptolemy.util.test.WatchDog.cancel(): canceling Sun Jun 02 04:31:42 UTC 2019
------------------ testing $PTII/ptolemy/domains/de/test/auto/Modal7.xml
auto.tcl: Setting watchdog for 200 seconds at Sun Jun 02 04:31:42 UTC 2019
20 ms. Memory: 331264K Free: 306837K (93%)
ptolemy.util.test.WatchDog.cancel(): canceling Sun Jun 02 04:31:42 UTC 2019
auto.tcl: Setting watchdog for 200 seconds at Sun Jun 02 04:31:42 UTC 2019
11 ms. Memory: 331264K Free: 303304K (92%)
ptolemy.util.test.WatchDog.cancel(): canceling Sun Jun 02 04:31:42 UTC 2019
------------------ testing $PTII/ptolemy/domains/de/test/auto/ModalModel.xml
auto.tcl: Setting watchdog for 200 seconds at Sun Jun 02 04:31:42 UTC 2019
182 ms. Memory: 331264K Free: 248130K (75%)
ptolemy.util.test.WatchDog.cancel(): canceling Sun Jun 02 04:31:42 UTC 2019
auto.tcl: Setting watchdog for 200 seconds at Sun Jun 02 04:31:42 UTC 2019
204 ms. Memory: 331264K Free: 191616K (58%)
ptolemy.util.test.WatchDog.cancel(): canceling Sun Jun 02 04:31:42 UTC 2019
------------------ testing $PTII/ptolemy/domains/de/test/auto/ModalSource.xml
auto.tcl: Setting watchdog for 200 seconds at Sun Jun 02 04:31:42 UTC 2019
7 ms. Memory: 331264K Free: 316594K (96%)
ptolemy.util.test.WatchDog.cancel(): canceling Sun Jun 02 04:31:42 UTC 2019
auto.tcl: Setting watchdog for 200 seconds at Sun Jun 02 04:31:42 UTC 2019
5 ms. Memory: 331264K Free: 313353K (95%)
ptolemy.util.test.WatchDog.cancel(): canceling Sun Jun 02 04:31:42 UTC 2019
------------------ testing $PTII/ptolemy/domains/de/test/auto/NonInterruptibleTimerZeroDelay.xml
auto.tcl: Setting watchdog for 200 seconds at Sun Jun 02 04:31:42 UTC 2019
4 ms. Memory: 331264K Free: 320926K (97%)
ptolemy.util.test.WatchDog.cancel(): canceling Sun Jun 02 04:31:42 UTC 2019
auto.tcl: Setting watchdog for 200 seconds at Sun Jun 02 04:31:42 UTC 2019
2 ms. Memory: 331264K Free: 317685K (96%)
ptolemy.util.test.WatchDog.cancel(): canceling Sun Jun 02 04:31:42 UTC 2019
------------------ testing $PTII/ptolemy/domains/de/test/auto/OpenQueueingNetwork.xml
auto.tcl: Setting watchdog for 200 seconds at Sun Jun 02 04:31:42 UTC 2019
3002 ms. Memory: 573952K Free: 406357K (71%)
ptolemy.util.test.WatchDog.cancel(): canceling Sun Jun 02 04:31:46 UTC 2019
auto.tcl: Setting watchdog for 200 seconds at Sun Jun 02 04:31:46 UTC 2019
2600 ms. Memory: 550912K Free: 292305K (53%)
ptolemy.util.test.WatchDog.cancel(): canceling Sun Jun 02 04:31:48 UTC 2019
------------------ testing $PTII/ptolemy/domains/de/test/auto/OpenQueuingNetwork.xml
auto.tcl: Setting watchdog for 200 seconds at Sun Jun 02 04:31:48 UTC 2019
249 ms. Memory: 549888K Free: 444711K (81%)
ptolemy.util.test.WatchDog.cancel(): canceling Sun Jun 02 04:31:49 UTC 2019
auto.tcl: Setting watchdog for 200 seconds at Sun Jun 02 04:31:49 UTC 2019
249 ms. Memory: 549888K Free: 385734K (70%)
ptolemy.util.test.WatchDog.cancel(): canceling Sun Jun 02 04:31:49 UTC 2019
------------------ testing $PTII/ptolemy/domains/de/test/auto/PeriodicSampler.xml
auto.tcl: Setting watchdog for 200 seconds at Sun Jun 02 04:31:49 UTC 2019
4 ms. Memory: 551936K Free: 535452K (97%)
ptolemy.util.test.WatchDog.cancel(): canceling Sun Jun 02 04:31:49 UTC 2019
auto.tcl: Setting watchdog for 200 seconds at Sun Jun 02 04:31:49 UTC 2019
2 ms. Memory: 551936K Free: 535452K (97%)
ptolemy.util.test.WatchDog.cancel(): canceling Sun Jun 02 04:31:49 UTC 2019
------------------ testing $PTII/ptolemy/domains/de/test/auto/PersistentIO.xml
auto.tcl: Setting watchdog for 200 seconds at Sun Jun 02 04:31:49 UTC 2019
17 ms. Memory: 549376K Free: 522260K (95%)
ptolemy.util.test.WatchDog.cancel(): canceling Sun Jun 02 04:31:49 UTC 2019
auto.tcl: Setting watchdog for 200 seconds at Sun Jun 02 04:31:49 UTC 2019
4 ms. Memory: 549376K Free: 522260K (95%)
ptolemy.util.test.WatchDog.cancel(): canceling Sun Jun 02 04:31:49 UTC 2019
------------------ testing $PTII/ptolemy/domains/de/test/auto/PortParameterResetOnInitialize.xml
auto.tcl: Setting watchdog for 200 seconds at Sun Jun 02 04:31:49 UTC 2019
2 ms. Memory: 551424K Free: 530723K (96%)
ptolemy.util.test.WatchDog.cancel(): canceling Sun Jun 02 04:31:49 UTC 2019
auto.tcl: Setting watchdog for 200 seconds at Sun Jun 02 04:31:49 UTC 2019
2 ms. Memory: 551424K Free: 530723K (96%)
ptolemy.util.test.WatchDog.cancel(): canceling Sun Jun 02 04:31:49 UTC 2019
------------------ testing $PTII/ptolemy/domains/de/test/auto/PortParameterUpdates.xml
auto.tcl: Setting watchdog for 200 seconds at Sun Jun 02 04:31:49 UTC 2019
4 ms. Memory: 549376K Free: 533487K (97%)
ptolemy.util.test.WatchDog.cancel(): canceling Sun Jun 02 04:31:49 UTC 2019
auto.tcl: Setting watchdog for 200 seconds at Sun Jun 02 04:31:49 UTC 2019
4 ms. Memory: 549376K Free: 533487K (97%)
ptolemy.util.test.WatchDog.cancel(): canceling Sun Jun 02 04:31:49 UTC 2019
------------------ testing $PTII/ptolemy/domains/de/test/auto/QueueAndServer.xml
auto.tcl: Setting watchdog for 200 seconds at Sun Jun 02 04:31:49 UTC 2019
17 ms. Memory: 551424K Free: 534956K (97%)
ptolemy.util.test.WatchDog.cancel(): canceling Sun Jun 02 04:31:49 UTC 2019
auto.tcl: Setting watchdog for 200 seconds at Sun Jun 02 04:31:49 UTC 2019
7 ms. Memory: 551424K Free: 528387K (96%)
ptolemy.util.test.WatchDog.cancel(): canceling Sun Jun 02 04:31:49 UTC 2019
------------------ testing $PTII/ptolemy/domains/de/test/auto/Records.xml
auto.tcl: Setting watchdog for 200 seconds at Sun Jun 02 04:31:49 UTC 2019
6 ms. Memory: 549376K Free: 532850K (97%)
ptolemy.util.test.WatchDog.cancel(): canceling Sun Jun 02 04:31:49 UTC 2019
auto.tcl: Setting watchdog for 200 seconds at Sun Jun 02 04:31:49 UTC 2019
2 ms. Memory: 549376K Free: 532850K (97%)
ptolemy.util.test.WatchDog.cancel(): canceling Sun Jun 02 04:31:49 UTC 2019
------------------ testing $PTII/ptolemy/domains/de/test/auto/ResetTransitionWithStartTime1.xml
auto.tcl: Setting watchdog for 200 seconds at Sun Jun 02 04:31:49 UTC 2019
6 ms. Memory: 551424K Free: 534923K (97%)
ptolemy.util.test.WatchDog.cancel(): canceling Sun Jun 02 04:31:49 UTC 2019
auto.tcl: Setting watchdog for 200 seconds at Sun Jun 02 04:31:49 UTC 2019
5 ms. Memory: 551424K Free: 528368K (96%)
ptolemy.util.test.WatchDog.cancel(): canceling Sun Jun 02 04:31:49 UTC 2019
------------------ testing $PTII/ptolemy/domains/de/test/auto/ResetTransitionWithStartTime2.xml
auto.tcl: Setting watchdog for 200 seconds at Sun Jun 02 04:31:49 UTC 2019
8 ms. Memory: 549376K Free: 533409K (97%)
ptolemy.util.test.WatchDog.cancel(): canceling Sun Jun 02 04:31:49 UTC 2019
auto.tcl: Setting watchdog for 200 seconds at Sun Jun 02 04:31:49 UTC 2019
6 ms. Memory: 549376K Free: 526848K (96%)
ptolemy.util.test.WatchDog.cancel(): canceling Sun Jun 02 04:31:49 UTC 2019
------------------ testing $PTII/ptolemy/domains/de/test/auto/ResetTransitionWithStartTime3.xml
auto.tcl: Setting watchdog for 200 seconds at Sun Jun 02 04:31:50 UTC 2019
8 ms. Memory: 550912K Free: 534401K (97%)
ptolemy.util.test.WatchDog.cancel(): canceling Sun Jun 02 04:31:50 UTC 2019
auto.tcl: Setting watchdog for 200 seconds at Sun Jun 02 04:31:50 UTC 2019
6 ms. Memory: 550912K Free: 527840K (96%)
ptolemy.util.test.WatchDog.cancel(): canceling Sun Jun 02 04:31:50 UTC 2019
------------------ testing $PTII/ptolemy/domains/de/test/auto/ResetTransitionWithStartTime4.xml
auto.tcl: Setting watchdog for 200 seconds at Sun Jun 02 04:31:50 UTC 2019
7 ms. Memory: 549376K Free: 526311K (96%)
ptolemy.util.test.WatchDog.cancel(): canceling Sun Jun 02 04:31:50 UTC 2019
auto.tcl: Setting watchdog for 200 seconds at Sun Jun 02 04:31:50 UTC 2019
4 ms. Memory: 549376K Free: 526311K (96%)
ptolemy.util.test.WatchDog.cancel(): canceling Sun Jun 02 04:31:50 UTC 2019
------------------ testing $PTII/ptolemy/domains/de/test/auto/ResettableTimer1.xml
auto.tcl: Setting watchdog for 200 seconds at Sun Jun 02 04:31:50 UTC 2019
4 ms. Memory: 550912K Free: 534394K (97%)
ptolemy.util.test.WatchDog.cancel(): canceling Sun Jun 02 04:31:50 UTC 2019
auto.tcl: Setting watchdog for 200 seconds at Sun Jun 02 04:31:50 UTC 2019
2 ms. Memory: 550912K Free: 534394K (97%)
ptolemy.util.test.WatchDog.cancel(): canceling Sun Jun 02 04:31:50 UTC 2019
------------------ testing $PTII/ptolemy/domains/de/test/auto/ResettableTimer2.xml
auto.tcl: Setting watchdog for 200 seconds at Sun Jun 02 04:31:50 UTC 2019
3 ms. Memory: 549376K Free: 533460K (97%)
ptolemy.util.test.WatchDog.cancel(): canceling Sun Jun 02 04:31:50 UTC 2019
auto.tcl: Setting watchdog for 200 seconds at Sun Jun 02 04:31:50 UTC 2019
2 ms. Memory: 549376K Free: 533460K (97%)
ptolemy.util.test.WatchDog.cancel(): canceling Sun Jun 02 04:31:50 UTC 2019
------------------ testing $PTII/ptolemy/domains/de/test/auto/ResettableTimer3.xml
auto.tcl: Setting watchdog for 200 seconds at Sun Jun 02 04:31:50 UTC 2019
1 ms. Memory: 550912K Free: 534452K (97%)
ptolemy.util.test.WatchDog.cancel(): canceling Sun Jun 02 04:31:50 UTC 2019
auto.tcl: Setting watchdog for 200 seconds at Sun Jun 02 04:31:50 UTC 2019
1 ms. Memory: 550912K Free: 534452K (97%)
ptolemy.util.test.WatchDog.cancel(): canceling Sun Jun 02 04:31:50 UTC 2019
------------------ testing $PTII/ptolemy/domains/de/test/auto/ResettableTimer4.xml
auto.tcl: Setting watchdog for 200 seconds at Sun Jun 02 04:31:50 UTC 2019
2 ms. Memory: 549376K Free: 533472K (97%)
ptolemy.util.test.WatchDog.cancel(): canceling Sun Jun 02 04:31:50 UTC 2019
auto.tcl: Setting watchdog for 200 seconds at Sun Jun 02 04:31:50 UTC 2019
1 ms. Memory: 549376K Free: 533472K (97%)
ptolemy.util.test.WatchDog.cancel(): canceling Sun Jun 02 04:31:50 UTC 2019
------------------ testing $PTII/ptolemy/domains/de/test/auto/ResettableTimer5.xml
auto.tcl: Setting watchdog for 200 seconds at Sun Jun 02 04:31:50 UTC 2019
2 ms. Memory: 550400K Free: 529815K (96%)
ptolemy.util.test.WatchDog.cancel(): canceling Sun Jun 02 04:31:50 UTC 2019
auto.tcl: Setting watchdog for 200 seconds at Sun Jun 02 04:31:50 UTC 2019
1 ms. Memory: 550400K Free: 529815K (96%)
ptolemy.util.test.WatchDog.cancel(): canceling Sun Jun 02 04:31:50 UTC 2019
------------------ testing $PTII/ptolemy/domains/de/test/auto/ResettableTimer6.xml
auto.tcl: Setting watchdog for 200 seconds at Sun Jun 02 04:31:50 UTC 2019
4 ms. Memory: 549376K Free: 528197K (96%)
ptolemy.util.test.WatchDog.cancel(): canceling Sun Jun 02 04:31:50 UTC 2019
auto.tcl: Setting watchdog for 200 seconds at Sun Jun 02 04:31:50 UTC 2019
1 ms. Memory: 549376K Free: 528197K (96%)
ptolemy.util.test.WatchDog.cancel(): canceling Sun Jun 02 04:31:50 UTC 2019
------------------ testing $PTII/ptolemy/domains/de/test/auto/ServerZeroDelay.xml
auto.tcl: Setting watchdog for 200 seconds at Sun Jun 02 04:31:50 UTC 2019
5 ms. Memory: 550400K Free: 534433K (97%)
ptolemy.util.test.WatchDog.cancel(): canceling Sun Jun 02 04:31:50 UTC 2019
auto.tcl: Setting watchdog for 200 seconds at Sun Jun 02 04:31:50 UTC 2019
2 ms. Memory: 550400K Free: 534433K (97%)
ptolemy.util.test.WatchDog.cancel(): canceling Sun Jun 02 04:31:50 UTC 2019
------------------ testing $PTII/ptolemy/domains/de/test/auto/SmartSender.xml
auto.tcl: Setting watchdog for 200 seconds at Sun Jun 02 04:31:50 UTC 2019
3002 ms. Memory: 549376K Free: 528724K (96%)
ptolemy.util.test.WatchDog.cancel(): canceling Sun Jun 02 04:31:53 UTC 2019
auto.tcl: Setting watchdog for 200 seconds at Sun Jun 02 04:31:53 UTC 2019
3001 ms. Memory: 549376K Free: 528724K (96%)
ptolemy.util.test.WatchDog.cancel(): canceling Sun Jun 02 04:31:56 UTC 2019
------------------ testing $PTII/ptolemy/domains/de/test/auto/ThreadedComposite.xml
auto.tcl: Setting watchdog for 200 seconds at Sun Jun 02 04:31:56 UTC 2019
261 ms. Memory: 550400K Free: 513307K (93%)
ptolemy.util.test.WatchDog.cancel(): canceling Sun Jun 02 04:31:57 UTC 2019
auto.tcl: Setting watchdog for 200 seconds at Sun Jun 02 04:31:57 UTC 2019
205 ms. Memory: 550400K Free: 488034K (89%)
ptolemy.util.test.WatchDog.cancel(): canceling Sun Jun 02 04:31:57 UTC 2019
------------------ testing $PTII/ptolemy/domains/de/test/auto/Time.xml
auto.tcl: Setting watchdog for 200 seconds at Sun Jun 02 04:31:57 UTC 2019
517 ms. Memory: 549376K Free: 476429K (87%)
ptolemy.util.test.WatchDog.cancel(): canceling Sun Jun 02 04:31:57 UTC 2019
auto.tcl: Setting watchdog for 200 seconds at Sun Jun 02 04:31:57 UTC 2019
436 ms. Memory: 549376K Free: 417452K (76%)
ptolemy.util.test.WatchDog.cancel(): canceling Sun Jun 02 04:31:58 UTC 2019
------------------ testing $PTII/ptolemy/domains/de/test/auto/TimeDelayZeroDelay.xml
auto.tcl: Setting watchdog for 200 seconds at Sun Jun 02 04:31:58 UTC 2019
3 ms. Memory: 550400K Free: 533806K (97%)
ptolemy.util.test.WatchDog.cancel(): canceling Sun Jun 02 04:31:58 UTC 2019
auto.tcl: Setting watchdog for 200 seconds at Sun Jun 02 04:31:58 UTC 2019
2 ms. Memory: 550400K Free: 533806K (97%)
ptolemy.util.test.WatchDog.cancel(): canceling Sun Jun 02 04:31:58 UTC 2019
------------------ testing $PTII/ptolemy/domains/de/test/auto/TimerZeroDelay.xml
auto.tcl: Setting watchdog for 200 seconds at Sun Jun 02 04:31:58 UTC 2019
2 ms. Memory: 549376K Free: 533369K (97%)
ptolemy.util.test.WatchDog.cancel(): canceling Sun Jun 02 04:31:58 UTC 2019
auto.tcl: Setting watchdog for 200 seconds at Sun Jun 02 04:31:58 UTC 2019
2 ms. Memory: 549376K Free: 533369K (97%)
ptolemy.util.test.WatchDog.cancel(): canceling Sun Jun 02 04:31:58 UTC 2019
------------------ testing $PTII/ptolemy/domains/de/test/auto/TimingParadox.xml
auto.tcl: Setting watchdog for 200 seconds at Sun Jun 02 04:31:58 UTC 2019
319 ms. Memory: 549888K Free: 463087K (84%)
ptolemy.util.test.WatchDog.cancel(): canceling Sun Jun 02 04:31:58 UTC 2019
auto.tcl: Setting watchdog for 200 seconds at Sun Jun 02 04:31:58 UTC 2019
312 ms. Memory: 549888K Free: 430322K (78%)
ptolemy.util.test.WatchDog.cancel(): canceling Sun Jun 02 04:31:59 UTC 2019
------------------ testing $PTII/ptolemy/domains/de/test/auto/TransferInputs.xml
auto.tcl: Setting watchdog for 200 seconds at Sun Jun 02 04:31:59 UTC 2019
9 ms. Memory: 549888K Free: 532842K (97%)
ptolemy.util.test.WatchDog.cancel(): canceling Sun Jun 02 04:31:59 UTC 2019
auto.tcl: Setting watchdog for 200 seconds at Sun Jun 02 04:31:59 UTC 2019
2 ms. Memory: 549888K Free: 532842K (97%)
ptolemy.util.test.WatchDog.cancel(): canceling Sun Jun 02 04:31:59 UTC 2019
------------------ testing $PTII/ptolemy/domains/de/test/auto/TransferOutputs2.xml
auto.tcl: Setting watchdog for 200 seconds at Sun Jun 02 04:31:59 UTC 2019
3 ms. Memory: 549376K Free: 522183K (95%)
ptolemy.util.test.WatchDog.cancel(): canceling Sun Jun 02 04:31:59 UTC 2019
auto.tcl: Setting watchdog for 200 seconds at Sun Jun 02 04:31:59 UTC 2019
2 ms. Memory: 549376K Free: 522183K (95%)
ptolemy.util.test.WatchDog.cancel(): canceling Sun Jun 02 04:31:59 UTC 2019
------------------ testing $PTII/ptolemy/domains/de/test/auto/Trilateration.xml
auto.tcl: Setting watchdog for 200 seconds at Sun Jun 02 04:31:59 UTC 2019
13874 ms. Memory: 453632K Free: 74891K (17%)
ptolemy.util.test.WatchDog.cancel(): canceling Sun Jun 02 04:32:14 UTC 2019
auto.tcl: Setting watchdog for 200 seconds at Sun Jun 02 04:32:14 UTC 2019
10640 ms. Memory: 331264K Free: 162905K (49%)
ptolemy.util.test.WatchDog.cancel(): canceling Sun Jun 02 04:32:24 UTC 2019
------------------ testing $PTII/ptolemy/domains/de/test/auto/TwoSigmaDelta.xml
auto.tcl: Setting watchdog for 200 seconds at Sun Jun 02 04:32:25 UTC 2019
2701 ms. Memory: 320000K Free: 275671K (86%)
ptolemy.util.test.WatchDog.cancel(): canceling Sun Jun 02 04:32:27 UTC 2019
auto.tcl: Setting watchdog for 200 seconds at Sun Jun 02 04:32:27 UTC 2019
2142 ms. Memory: 307712K Free: 266853K (87%)
ptolemy.util.test.WatchDog.cancel(): canceling Sun Jun 02 04:32:30 UTC 2019
------------------ testing $PTII/ptolemy/domains/de/test/auto/VariableDelay.xml
auto.tcl: Setting watchdog for 200 seconds at Sun Jun 02 04:32:30 UTC 2019
2 ms. Memory: 309760K Free: 293247K (95%)
ptolemy.util.test.WatchDog.cancel(): canceling Sun Jun 02 04:32:30 UTC 2019
auto.tcl: Setting watchdog for 200 seconds at Sun Jun 02 04:32:30 UTC 2019
1 ms. Memory: 309760K Free: 293247K (95%)
ptolemy.util.test.WatchDog.cancel(): canceling Sun Jun 02 04:32:30 UTC 2019
------------------ testing $PTII/ptolemy/domains/de/test/auto/VariableDelay2.xml
auto.tcl: Setting watchdog for 200 seconds at Sun Jun 02 04:32:30 UTC 2019
2 ms. Memory: 307712K Free: 293888K (96%)
ptolemy.util.test.WatchDog.cancel(): canceling Sun Jun 02 04:32:30 UTC 2019
auto.tcl: Setting watchdog for 200 seconds at Sun Jun 02 04:32:30 UTC 2019
2 ms. Memory: 307712K Free: 293888K (96%)
ptolemy.util.test.WatchDog.cancel(): canceling Sun Jun 02 04:32:30 UTC 2019
------------------ testing $PTII/ptolemy/domains/de/test/auto/VariableDelayZeroDelay.xml
auto.tcl: Setting watchdog for 200 seconds at Sun Jun 02 04:32:30 UTC 2019
2 ms. Memory: 309248K Free: 296520K (96%)
ptolemy.util.test.WatchDog.cancel(): canceling Sun Jun 02 04:32:30 UTC 2019
auto.tcl: Setting watchdog for 200 seconds at Sun Jun 02 04:32:30 UTC 2019
2 ms. Memory: 309248K Free: 293143K (95%)
ptolemy.util.test.WatchDog.cancel(): canceling Sun Jun 02 04:32:30 UTC 2019
------------------ testing $PTII/ptolemy/domains/de/test/auto/VariableDelayZeroDelay2.xml
auto.tcl: Setting watchdog for 200 seconds at Sun Jun 02 04:32:30 UTC 2019
2 ms. Memory: 307712K Free: 294982K (96%)
ptolemy.util.test.WatchDog.cancel(): canceling Sun Jun 02 04:32:30 UTC 2019
auto.tcl: Setting watchdog for 200 seconds at Sun Jun 02 04:32:30 UTC 2019
2 ms. Memory: 307712K Free: 291606K (95%)
ptolemy.util.test.WatchDog.cancel(): canceling Sun Jun 02 04:32:30 UTC 2019
------------------ testing $PTII/ptolemy/domains/de/test/auto/deInCt.xml
auto.tcl: Setting watchdog for 200 seconds at Sun Jun 02 04:32:30 UTC 2019
0
1
1
1
0
0
0
1
1
0
0
0
0
0
1
1
1
0
0
0
1
1
1
1
0
0
1
1
1
1
0
0
0
1
1
1
0
0
0
1
1
1
1
0
0
0
0
10 ms. Memory: 309248K Free: 293146K (95%)
ptolemy.util.test.WatchDog.cancel(): canceling Sun Jun 02 04:32:30 UTC 2019
auto.tcl: Setting watchdog for 200 seconds at Sun Jun 02 04:32:30 UTC 2019
0
1
1
1
0
0
0
1
1
1
0
0
0
1
1
1
1
1
0
0
0
0
1
1
1
1
0
0
0
1
1
1
1
1
5 ms. Memory: 309248K Free: 293146K (95%)
ptolemy.util.test.WatchDog.cancel(): canceling Sun Jun 02 04:32:30 UTC 2019
------------------ testing $PTII/ptolemy/domains/de/test/auto/deInCt2.xml
auto.tcl: Setting watchdog for 200 seconds at Sun Jun 02 04:32:30 UTC 2019
0
1
1
1
0
0
1
1
1
0
0
1
1
1
0
0
1
1
1
0
0
1
1
1
0
0
1
1
1
0
0
1
1
1
0
0
1
1
1
0
0
0
7 ms. Memory: 307712K Free: 291618K (95%)
ptolemy.util.test.WatchDog.cancel(): canceling Sun Jun 02 04:32:30 UTC 2019
auto.tcl: Setting watchdog for 200 seconds at Sun Jun 02 04:32:30 UTC 2019
0
1
1
1
0
0
1
1
1
0
0
1
1
1
0
0
1
1
1
0
0
1
1
1
0
0
1
1
1
0
0
1
1
1
0
0
1
1
1
0
0
0
5 ms. Memory: 307712K Free: 291618K (95%)
ptolemy.util.test.WatchDog.cancel(): canceling Sun Jun 02 04:32:30 UTC 2019
------------------ testing $PTII/ptolemy/domains/de/test/auto/dynamicCausalityInterface1.xml
auto.tcl: Setting watchdog for 200 seconds at Sun Jun 02 04:32:30 UTC 2019
3 ms. Memory: 308736K Free: 289259K (94%)
ptolemy.util.test.WatchDog.cancel(): canceling Sun Jun 02 04:32:30 UTC 2019
auto.tcl: Setting watchdog for 200 seconds at Sun Jun 02 04:32:30 UTC 2019
1 ms. Memory: 308736K Free: 289259K (94%)
ptolemy.util.test.WatchDog.cancel(): canceling Sun Jun 02 04:32:30 UTC 2019
------------------ testing $PTII/ptolemy/domains/de/test/auto/fsm_de_test.xml
auto.tcl: Setting watchdog for 200 seconds at Sun Jun 02 04:32:30 UTC 2019
15 ms. Memory: 307712K Free: 288146K (94%)
ptolemy.util.test.WatchDog.cancel(): canceling Sun Jun 02 04:32:30 UTC 2019
auto.tcl: Setting watchdog for 200 seconds at Sun Jun 02 04:32:30 UTC 2019
5 ms. Memory: 307712K Free: 288146K (94%)
ptolemy.util.test.WatchDog.cancel(): canceling Sun Jun 02 04:32:30 UTC 2019
------------------ testing $PTII/ptolemy/domains/de/test/auto/functionDependencyReconstruction.xml
auto.tcl: Setting watchdog for 200 seconds at Sun Jun 02 04:32:30 UTC 2019
4 ms. Memory: 308736K Free: 282392K (91%)
ptolemy.util.test.WatchDog.cancel(): canceling Sun Jun 02 04:32:30 UTC 2019
auto.tcl: Setting watchdog for 200 seconds at Sun Jun 02 04:32:30 UTC 2019
3 ms. Memory: 308736K Free: 282392K (91%)
ptolemy.util.test.WatchDog.cancel(): canceling Sun Jun 02 04:32:30 UTC 2019
------------------ testing $PTII/ptolemy/domains/de/test/auto/multirate.xml
auto.tcl: Setting watchdog for 200 seconds at Sun Jun 02 04:32:30 UTC 2019
4 ms. Memory: 307712K Free: 291373K (95%)
ptolemy.util.test.WatchDog.cancel(): canceling Sun Jun 02 04:32:30 UTC 2019
auto.tcl: Setting watchdog for 200 seconds at Sun Jun 02 04:32:30 UTC 2019
3 ms. Memory: 307712K Free: 288013K (94%)
ptolemy.util.test.WatchDog.cancel(): canceling Sun Jun 02 04:32:30 UTC 2019
------------------ testing $PTII/ptolemy/domains/de/test/auto/multirate2.xml
auto.tcl: Setting watchdog for 200 seconds at Sun Jun 02 04:32:30 UTC 2019
3 ms. Memory: 308736K Free: 292569K (95%)
ptolemy.util.test.WatchDog.cancel(): canceling Sun Jun 02 04:32:30 UTC 2019
auto.tcl: Setting watchdog for 200 seconds at Sun Jun 02 04:32:30 UTC 2019
3 ms. Memory: 308736K Free: 292569K (95%)
ptolemy.util.test.WatchDog.cancel(): canceling Sun Jun 02 04:32:30 UTC 2019
------------------ testing $PTII/ptolemy/domains/de/test/auto/realtime.xml
auto.tcl: Setting watchdog for 200 seconds at Sun Jun 02 04:32:30 UTC 2019
10003 ms. Memory: 307712K Free: 291524K (95%)
ptolemy.util.test.WatchDog.cancel(): canceling Sun Jun 02 04:32:40 UTC 2019
auto.tcl: Setting watchdog for 200 seconds at Sun Jun 02 04:32:40 UTC 2019
10002 ms. Memory: 307712K Free: 291524K (95%)
ptolemy.util.test.WatchDog.cancel(): canceling Sun Jun 02 04:32:50 UTC 2019
------------------ testing $PTII/ptolemy/domains/de/test/auto/relationGroup.xml
auto.tcl: Setting watchdog for 200 seconds at Sun Jun 02 04:32:50 UTC 2019
2 ms. Memory: 308224K Free: 295458K (96%)
ptolemy.util.test.WatchDog.cancel(): canceling Sun Jun 02 04:32:50 UTC 2019
auto.tcl: Setting watchdog for 200 seconds at Sun Jun 02 04:32:50 UTC 2019
2 ms. Memory: 308224K Free: 295458K (96%)
ptolemy.util.test.WatchDog.cancel(): canceling Sun Jun 02 04:32:50 UTC 2019
------------------ testing $PTII/ptolemy/domains/de/test/auto/relationGroup2.xml
auto.tcl: Setting watchdog for 200 seconds at Sun Jun 02 04:32:51 UTC 2019
1 ms. Memory: 307712K Free: 294973K (96%)
ptolemy.util.test.WatchDog.cancel(): canceling Sun Jun 02 04:32:51 UTC 2019
auto.tcl: Setting watchdog for 200 seconds at Sun Jun 02 04:32:51 UTC 2019
2 ms. Memory: 307712K Free: 294973K (96%)
ptolemy.util.test.WatchDog.cancel(): canceling Sun Jun 02 04:32:51 UTC 2019
------------------ testing $PTII/ptolemy/domains/de/test/auto/sortWithOpaquePorts.xml
auto.tcl: Setting watchdog for 200 seconds at Sun Jun 02 04:32:51 UTC 2019
1 ms. Memory: 308224K Free: 295486K (96%)
ptolemy.util.test.WatchDog.cancel(): canceling Sun Jun 02 04:32:51 UTC 2019
auto.tcl: Setting watchdog for 200 seconds at Sun Jun 02 04:32:51 UTC 2019
2 ms. Memory: 308224K Free: 292125K (95%)
ptolemy.util.test.WatchDog.cancel(): canceling Sun Jun 02 04:32:51 UTC 2019
------------------ testing $PTII/ptolemy/domains/de/test/auto/transferInputsandOutputs.xml
auto.tcl: Setting watchdog for 200 seconds at Sun Jun 02 04:32:51 UTC 2019
3 ms. Memory: 307712K Free: 291592K (95%)
ptolemy.util.test.WatchDog.cancel(): canceling Sun Jun 02 04:32:51 UTC 2019
auto.tcl: Setting watchdog for 200 seconds at Sun Jun 02 04:32:51 UTC 2019
2 ms. Memory: 307712K Free: 288232K (94%)
ptolemy.util.test.WatchDog.cancel(): canceling Sun Jun 02 04:32:51 UTC 2019
------------------ testing $PTII/ptolemy/domains/de/test/auto/triggerType.xml
auto.tcl: Setting watchdog for 200 seconds at Sun Jun 02 04:32:51 UTC 2019
1 ms. Memory: 308224K Free: 295423K (96%)
ptolemy.util.test.WatchDog.cancel(): canceling Sun Jun 02 04:32:51 UTC 2019
auto.tcl: Setting watchdog for 200 seconds at Sun Jun 02 04:32:51 UTC 2019
1 ms. Memory: 308224K Free: 292047K (95%)
ptolemy.util.test.WatchDog.cancel(): canceling Sun Jun 02 04:32:51 UTC 2019
06/02/19 04:32:51
Failed: 0  Total Tests: 192  ((Passed: 187, Newly Passed: 1)  Known Failed: 5) /home/travis/build/icyphy/ptII/ptolemy/domains/de/test
06/02/19 04:32:51
Failed: 0  Total Tests: 192  ((Passed: 187, Newly Passed: 1)  Known Failed: 5) /home/travis/build/icyphy/ptII/ptolemy/domains/de/test
----------------- testing (KnownFailure) /home/travis/build/icyphy/ptII/ptolemy/domains/de/test/auto/knownFailedTests/DESDFClockTest.xml
2011 ms. Memory: 307712K Free: 285877K (93%)
Known Failure: java.lang.reflect.InvocationTargetException
----------------- testing (KnownFailure) /home/travis/build/icyphy/ptII/ptolemy/domains/de/test/auto/knownFailedTests/DirectFeedback.xml
1 ms. Memory: 307712K Free: 267772K (87%)
Known Failure: java.lang.reflect.InvocationTargetException
----------------- testing (KnownFailure) /home/travis/build/icyphy/ptII/ptolemy/domains/de/test/auto/knownFailedTests/FSMSource.xml
11 ms. Memory: 307712K Free: 245134K (80%)
----------------- testing (KnownFailure) /home/travis/build/icyphy/ptII/ptolemy/domains/de/test/auto/knownFailedTests/HierarchicalModel.xml
2 ms. Memory: 307712K Free: 222487K (72%)
Known Failure: java.lang.reflect.InvocationTargetException
----------------- testing (KnownFailure) /home/travis/build/icyphy/ptII/ptolemy/domains/de/test/auto/knownFailedTests/dependencyLoop.xml
2 ms. Memory: 307712K Free: 190803K (62%)
Known Failure: java.lang.reflect.InvocationTargetException
----------------- testing (KnownFailure) /home/travis/build/icyphy/ptII/ptolemy/domains/de/test/auto/knownFailedTests/dependencyLoop2.xml
1 ms. Memory: 307712K Free: 159120K (52%)
Known Failure: java.lang.reflect.InvocationTargetException
No auto/linux-amd64/*.xml tests in /home/travis/build/icyphy/ptII/ptolemy/domains/de/test
AutoTests.java: About to close Vertx.
AutoTests.java: Vertx closed.

===========================================================================================
----------------- testing Sun Jun 02 04:32:53 UTC 2019 /home/travis/build/icyphy/ptII/ptolemy/domains/de/test/auto/ActorDepthCalculation_actorWithoutPorts.xml
----------------- Instantiating /home/travis/build/icyphy/ptII/ptolemy/domains/de/test/auto/ActorDepthCalculation_actorWithoutPorts.xml
2 ms. Memory: 307712K Free: 136489K (44%)
----------------- Invoking toplevel() on ptolemy.moml.MoMLSimpleApplication@79eac9fc
----------------- Done invoking toplevel() on ptolemy.moml.MoMLSimpleApplication@79eac9fc
reloadAllAccessors: .ActorDepthCalculation_actorWithoutPorts

===========================================================================================
----------------- testing Sun Jun 02 04:32:53 UTC 2019 /home/travis/build/icyphy/ptII/ptolemy/domains/de/test/auto/AssemblyLine.xml
----------------- Instantiating /home/travis/build/icyphy/ptII/ptolemy/domains/de/test/auto/AssemblyLine.xml
2 ms. Memory: 307712K Free: 122903K (40%)
----------------- Invoking toplevel() on ptolemy.moml.MoMLSimpleApplication@2d8fc57
----------------- Done invoking toplevel() on ptolemy.moml.MoMLSimpleApplication@2d8fc57
reloadAllAccessors: .AssemblyLine

===========================================================================================
----------------- testing Sun Jun 02 04:32:53 UTC 2019 /home/travis/build/icyphy/ptII/ptolemy/domains/de/test/auto/CQBug1.xml
----------------- Instantiating /home/travis/build/icyphy/ptII/ptolemy/domains/de/test/auto/CQBug1.xml
1 ms. Memory: 307712K Free: 113850K (37%)
----------------- Invoking toplevel() on ptolemy.moml.MoMLSimpleApplication@4cd732ca
----------------- Done invoking toplevel() on ptolemy.moml.MoMLSimpleApplication@4cd732ca
reloadAllAccessors: .CQBug1

===========================================================================================
----------------- testing Sun Jun 02 04:32:53 UTC 2019 /home/travis/build/icyphy/ptII/ptolemy/domains/de/test/auto/CancelFireAt.xml
----------------- Instantiating /home/travis/build/icyphy/ptII/ptolemy/domains/de/test/auto/CancelFireAt.xml
2 ms. Memory: 307712K Free: 104798K (34%)
----------------- Invoking toplevel() on ptolemy.moml.MoMLSimpleApplication@ca3ac43
----------------- Done invoking toplevel() on ptolemy.moml.MoMLSimpleApplication@ca3ac43
reloadAllAccessors: .CancelFireAt

===========================================================================================
----------------- testing Sun Jun 02 04:32:53 UTC 2019 /home/travis/build/icyphy/ptII/ptolemy/domains/de/test/auto/CausalityAndComposabilityAnalysis.xml
----------------- Instantiating /home/travis/build/icyphy/ptII/ptolemy/domains/de/test/auto/CausalityAndComposabilityAnalysis.xml
2 ms. Memory: 307712K Free: 95746K (31%)
----------------- Invoking toplevel() on ptolemy.moml.MoMLSimpleApplication@9e8bf48
----------------- Done invoking toplevel() on ptolemy.moml.MoMLSimpleApplication@9e8bf48
reloadAllAccessors: .CausalityAndComposabilityAnalysis

===========================================================================================
----------------- testing Sun Jun 02 04:32:53 UTC 2019 /home/travis/build/icyphy/ptII/ptolemy/domains/de/test/auto/CausalityInterface1.xml
----------------- Instantiating /home/travis/build/icyphy/ptII/ptolemy/domains/de/test/auto/CausalityInterface1.xml
4 ms. Memory: 307712K Free: 83333K (27%)
----------------- Invoking toplevel() on ptolemy.moml.MoMLSimpleApplication@177d99c0
----------------- Done invoking toplevel() on ptolemy.moml.MoMLSimpleApplication@177d99c0
reloadAllAccessors: .CausalityInterface1

===========================================================================================
----------------- testing Sun Jun 02 04:32:53 UTC 2019 /home/travis/build/icyphy/ptII/ptolemy/domains/de/test/auto/CausalityInterface15.xml
----------------- Instantiating /home/travis/build/icyphy/ptII/ptolemy/domains/de/test/auto/CausalityInterface15.xml
7 ms. Memory: 298496K Free: 291117K (98%)
----------------- Invoking toplevel() on ptolemy.moml.MoMLSimpleApplication@3dd7da8a
----------------- Done invoking toplevel() on ptolemy.moml.MoMLSimpleApplication@3dd7da8a
reloadAllAccessors: .CausalityInterface15

[...]
java.lang.RuntimeException: Execution failed
	at ptolemy.moml.MoMLSimpleApplication$UnloadThread.run(MoMLSimpleApplication.java:402)
Caused by: ptolemy.kernel.util.IllegalActionException: Test fails in iteration 1.
Value was: 1.0. Should have been: 2.0
  in .DirectFeedback.Test
	at ptolemy.actor.lib.Test.fire(Test.java:268)
	at ptolemy.domains.de.kernel.DEDirector._fire(DEDirector.java:1949)
	at ptolemy.domains.de.kernel.DEDirector.fire(DEDirector.java:502)
	at ptolemy.actor.CompositeActor.fire(CompositeActor.java:455)
	at ptolemy.actor.Manager.iterate(Manager.java:851)
	at ptolemy.actor.Manager.execute(Manager.java:369)
	at ptolemy.actor.Manager.run(Manager.java:1263)
	at ptolemy.actor.Manager$PtolemyRunThread.run(Manager.java:1915)
java.lang.RuntimeException: Execution failed
	at ptolemy.moml.MoMLSimpleApplication$UnloadThread.run(MoMLSimpleApplication.java:402)
Caused by: ptolemy.kernel.util.IllegalActionException: Actor is not ready to fire.  Perhaps UpSample.prefire() returned false? Try debugging the actor by selecting "Listen to Actor".  Also, for SDF check moml for tokenConsumptionRate on input.
  in .DESDFClockTest.Play Bell.Copy1:SDF Director and .DESDFClockTest.Play Bell.UpSample
	at ptolemy.actor.sched.StaticSchedulingDirector.fire(StaticSchedulingDirector.java:227)
	at ptolemy.domains.sdf.kernel.SDFDirector.fire(SDFDirector.java:500)
	at ptolemy.actor.CompositeActor.fire(CompositeActor.java:455)
	at ptolemy.domains.de.kernel.DEDirector._fire(DEDirector.java:1949)
	at ptolemy.domains.de.kernel.DEDirector.fire(DEDirector.java:502)
	at ptolemy.actor.CompositeActor.fire(CompositeActor.java:455)
	at ptolemy.actor.Manager.iterate(Manager.java:851)
	at ptolemy.actor.Manager.execute(Manager.java:369)
	at ptolemy.actor.Manager.run(Manager.java:1263)
	at ptolemy.actor.Manager$PtolemyRunThread.run(Manager.java:1915)
java.lang.reflect.InvocationTargetException
	at sun.reflect.NativeConstructorAccessorImpl.newInstance0(Native Method)
	at sun.reflect.NativeConstructorAccessorImpl.newInstance(NativeConstructorAccessorImpl.java:62)
	at sun.reflect.DelegatingConstructorAccessorImpl.newInstance(DelegatingConstructorAccessorImpl.java:45)
	at java.lang.reflect.Constructor.newInstance(Constructor.java:423)
	at ptolemy.util.test.junit.AutoKnownFailedTests.RunModel(AutoKnownFailedTests.java:105)
	at sun.reflect.NativeMethodAccessorImpl.invoke0(Native Method)
	at sun.reflect.NativeMethodAccessorImpl.invoke(NativeMethodAccessorImpl.java:62)
	at sun.reflect.DelegatingMethodAccessorImpl.invoke(DelegatingMethodAccessorImpl.java:43)
	at java.lang.reflect.Method.invoke(Method.java:498)
	at org.junit.runners.model.FrameworkMethod$1.runReflectiveCall(FrameworkMethod.java:44)
	at org.junit.internal.runners.model.ReflectiveCallable.run(ReflectiveCallable.java:15)
	at org.junit.runners.model.FrameworkMethod.invokeExplosively(FrameworkMethod.java:41)
	at junitparams.internal.InvokeParameterisedMethod.evaluate(InvokeParameterisedMethod.java:102)
	at org.junit.internal.runners.statements.FailOnTimeout$1.run(FailOnTimeout.java:28)
Caused by: ptolemy.kernel.util.IllegalActionException: Actor is not ready to fire.  Perhaps UpSample.prefire() returned false? Try debugging the actor by selecting "Listen to Actor".  Also, for SDF check moml for tokenConsumptionRate on input.
  in .DESDFClockTest.Play Bell.Copy1:SDF Director and .DESDFClockTest.Play Bell.UpSample
	at ptolemy.actor.sched.StaticSchedulingDirector.fire(StaticSchedulingDirector.java:227)
	at ptolemy.domains.sdf.kernel.SDFDirector.fire(SDFDirector.java:500)
	at ptolemy.actor.CompositeActor.fire(CompositeActor.java:455)
	at ptolemy.domains.de.kernel.DEDirector._fire(DEDirector.java:1949)
	at ptolemy.domains.de.kernel.DEDirector.fire(DEDirector.java:502)
	at ptolemy.actor.CompositeActor.fire(CompositeActor.java:455)
	at ptolemy.actor.Manager.iterate(Manager.java:851)
	at ptolemy.actor.Manager.execute(Manager.java:369)
	at ptolemy.actor.Manager.run(Manager.java:1263)
	at ptolemy.actor.Manager$PtolemyRunThread.run(Manager.java:1915)
java.lang.RuntimeException: Execution failed
	at ptolemy.moml.MoMLSimpleApplication$UnloadThread.run(MoMLSimpleApplication.java:402)
Caused by: ptolemy.kernel.util.IllegalActionException: Test fails in iteration 1.
Value was: 1.0. Should have been: 2.0
  in .DirectFeedback.Test
	at ptolemy.actor.lib.Test.fire(Test.java:268)
	at ptolemy.domains.de.kernel.DEDirector._fire(DEDirector.java:1949)
	at ptolemy.domains.de.kernel.DEDirector.fire(DEDirector.java:502)
	at ptolemy.actor.CompositeActor.fire(CompositeActor.java:455)
	at ptolemy.actor.Manager.iterate(Manager.java:851)
	at ptolemy.actor.Manager.execute(Manager.java:369)
	at ptolemy.actor.Manager.run(Manager.java:1263)
	at ptolemy.actor.Manager$PtolemyRunThread.run(Manager.java:1915)
java.lang.reflect.InvocationTargetException
	at sun.reflect.NativeConstructorAccessorImpl.newInstance0(Native Method)
	at sun.reflect.NativeConstructorAccessorImpl.newInstance(NativeConstructorAccessorImpl.java:62)
	at sun.reflect.DelegatingConstructorAccessorImpl.newInstance(DelegatingConstructorAccessorImpl.java:45)
	at java.lang.reflect.Constructor.newInstance(Constructor.java:423)
	at ptolemy.util.test.junit.AutoKnownFailedTests.RunModel(AutoKnownFailedTests.java:105)
	at sun.reflect.NativeMethodAccessorImpl.invoke0(Native Method)
	at sun.reflect.NativeMethodAccessorImpl.invoke(NativeMethodAccessorImpl.java:62)
	at sun.reflect.DelegatingMethodAccessorImpl.invoke(DelegatingMethodAccessorImpl.java:43)
	at java.lang.reflect.Method.invoke(Method.java:498)
	at org.junit.runners.model.FrameworkMethod$1.runReflectiveCall(FrameworkMethod.java:44)
	at org.junit.internal.runners.model.ReflectiveCallable.run(ReflectiveCallable.java:15)
	at org.junit.runners.model.FrameworkMethod.invokeExplosively(FrameworkMethod.java:41)
	at junitparams.internal.InvokeParameterisedMethod.evaluate(InvokeParameterisedMethod.java:102)
	at org.junit.internal.runners.statements.FailOnTimeout$1.run(FailOnTimeout.java:28)
Caused by: ptolemy.kernel.util.IllegalActionException: Test fails in iteration 1.
Value was: 1.0. Should have been: 2.0
  in .DirectFeedback.Test
	at ptolemy.actor.lib.Test.fire(Test.java:268)
	at ptolemy.domains.de.kernel.DEDirector._fire(DEDirector.java:1949)
	at ptolemy.domains.de.kernel.DEDirector.fire(DEDirector.java:502)
	at ptolemy.actor.CompositeActor.fire(CompositeActor.java:455)
	at ptolemy.actor.Manager.iterate(Manager.java:851)
	at ptolemy.actor.Manager.execute(Manager.java:369)
	at ptolemy.actor.Manager.run(Manager.java:1263)
	at ptolemy.actor.Manager$PtolemyRunThread.run(Manager.java:1915)
java.lang.RuntimeException: Execution failed
	at ptolemy.moml.MoMLSimpleApplication$UnloadThread.run(MoMLSimpleApplication.java:402)
Caused by: ptolemy.kernel.util.IllegalActionException: Found a zero delay loop containing .HierarchicalModel.A
  in .HierarchicalModel and .HierarchicalModel.A
	at ptolemy.actor.util.CausalityInterfaceForComposites._computeOutputPortDepth(CausalityInterfaceForComposites.java:759)
	at ptolemy.actor.util.CausalityInterfaceForComposites._computeInputDepth(CausalityInterfaceForComposites.java:696)
	at ptolemy.actor.util.CausalityInterfaceForComposites._computeOutputPortDepth(CausalityInterfaceForComposites.java:765)
	at ptolemy.actor.util.CausalityInterfaceForComposites._computeInputDepth(CausalityInterfaceForComposites.java:696)
	at ptolemy.actor.util.CausalityInterfaceForComposites._computeOutputPortDepth(CausalityInterfaceForComposites.java:765)
	at ptolemy.actor.util.CausalityInterfaceForComposites._computeInputDepth(CausalityInterfaceForComposites.java:696)
	at ptolemy.actor.util.CausalityInterfaceForComposites._computeActorDepth(CausalityInterfaceForComposites.java:532)
	at ptolemy.actor.util.CausalityInterfaceForComposites.checkForCycles(CausalityInterfaceForComposites.java:96)
	at ptolemy.domains.de.kernel.DEDirector.preinitialize(DEDirector.java:1338)
	at ptolemy.actor.CompositeActor.preinitialize(CompositeActor.java:1828)
	at ptolemy.actor.Manager.preinitializeAndResolveTypes(Manager.java:1040)
	at ptolemy.actor.Manager.initialize(Manager.java:710)
	at ptolemy.actor.Manager.execute(Manager.java:356)
	at ptolemy.actor.Manager.run(Manager.java:1263)
	at ptolemy.actor.Manager$PtolemyRunThread.run(Manager.java:1915)
java.lang.reflect.InvocationTargetException
	at sun.reflect.NativeConstructorAccessorImpl.newInstance0(Native Method)
	at sun.reflect.NativeConstructorAccessorImpl.newInstance(NativeConstructorAccessorImpl.java:62)
	at sun.reflect.DelegatingConstructorAccessorImpl.newInstance(DelegatingConstructorAccessorImpl.java:45)
	at java.lang.reflect.Constructor.newInstance(Constructor.java:423)
	at ptolemy.util.test.junit.AutoKnownFailedTests.RunModel(AutoKnownFailedTests.java:105)
	at sun.reflect.NativeMethodAccessorImpl.invoke0(Native Method)
	at sun.reflect.NativeMethodAccessorImpl.invoke(NativeMethodAccessorImpl.java:62)
	at sun.reflect.DelegatingMethodAccessorImpl.invoke(DelegatingMethodAccessorImpl.java:43)
	at java.lang.reflect.Method.invoke(Method.java:498)
	at org.junit.runners.model.FrameworkMethod$1.runReflectiveCall(FrameworkMethod.java:44)
	at org.junit.internal.runners.model.ReflectiveCallable.run(ReflectiveCallable.java:15)
	at org.junit.runners.model.FrameworkMethod.invokeExplosively(FrameworkMethod.java:41)
	at junitparams.internal.InvokeParameterisedMethod.evaluate(InvokeParameterisedMethod.java:102)
	at org.junit.internal.runners.statements.FailOnTimeout$1.run(FailOnTimeout.java:28)
Caused by: ptolemy.kernel.util.IllegalActionException: Found a zero delay loop containing .HierarchicalModel.A
  in .HierarchicalModel and .HierarchicalModel.A
	at ptolemy.actor.util.CausalityInterfaceForComposites._computeOutputPortDepth(CausalityInterfaceForComposites.java:759)
	at ptolemy.actor.util.CausalityInterfaceForComposites._computeInputDepth(CausalityInterfaceForComposites.java:696)
	at ptolemy.actor.util.CausalityInterfaceForComposites._computeOutputPortDepth(CausalityInterfaceForComposites.java:765)
	at ptolemy.actor.util.CausalityInterfaceForComposites._computeInputDepth(CausalityInterfaceForComposites.java:696)
	at ptolemy.actor.util.CausalityInterfaceForComposites._computeOutputPortDepth(CausalityInterfaceForComposites.java:765)
	at ptolemy.actor.util.CausalityInterfaceForComposites._computeInputDepth(CausalityInterfaceForComposites.java:696)
	at ptolemy.actor.util.CausalityInterfaceForComposites._computeActorDepth(CausalityInterfaceForComposites.java:532)
	at ptolemy.actor.util.CausalityInterfaceForComposites.checkForCycles(CausalityInterfaceForComposites.java:96)
	at ptolemy.domains.de.kernel.DEDirector.preinitialize(DEDirector.java:1338)
	at ptolemy.actor.CompositeActor.preinitialize(CompositeActor.java:1828)
	at ptolemy.actor.Manager.preinitializeAndResolveTypes(Manager.java:1040)
	at ptolemy.actor.Manager.initialize(Manager.java:710)
	at ptolemy.actor.Manager.execute(Manager.java:356)
	at ptolemy.actor.Manager.run(Manager.java:1263)
	at ptolemy.actor.Manager$PtolemyRunThread.run(Manager.java:1915)
java.lang.RuntimeException: Execution failed
	at ptolemy.moml.MoMLSimpleApplication$UnloadThread.run(MoMLSimpleApplication.java:402)
Caused by: ptolemy.kernel.util.IllegalActionException: Found a zero delay loop containing .dependencyLoop.original
  in .dependencyLoop and .dependencyLoop.original
	at ptolemy.actor.util.CausalityInterfaceForComposites._computeOutputPortDepth(CausalityInterfaceForComposites.java:759)
	at ptolemy.actor.util.CausalityInterfaceForComposites._computeInputDepth(CausalityInterfaceForComposites.java:696)
	at ptolemy.actor.util.CausalityInterfaceForComposites._computeOutputPortDepth(CausalityInterfaceForComposites.java:765)
	at ptolemy.actor.util.CausalityInterfaceForComposites._computeInputDepth(CausalityInterfaceForComposites.java:696)
	at ptolemy.actor.util.CausalityInterfaceForComposites._computeOutputPortDepth(CausalityInterfaceForComposites.java:765)
	at ptolemy.actor.util.CausalityInterfaceForComposites._computeInputDepth(CausalityInterfaceForComposites.java:696)
	at ptolemy.actor.util.CausalityInterfaceForComposites._computeActorDepth(CausalityInterfaceForComposites.java:532)
	at ptolemy.actor.util.CausalityInterfaceForComposites.checkForCycles(CausalityInterfaceForComposites.java:96)
	at ptolemy.domains.de.kernel.DEDirector.preinitialize(DEDirector.java:1338)
	at ptolemy.actor.CompositeActor.preinitialize(CompositeActor.java:1828)
	at ptolemy.actor.Manager.preinitializeAndResolveTypes(Manager.java:1040)
	at ptolemy.actor.Manager.initialize(Manager.java:710)
	at ptolemy.actor.Manager.execute(Manager.java:356)
	at ptolemy.actor.Manager.run(Manager.java:1263)
	at ptolemy.actor.Manager$PtolemyRunThread.run(Manager.java:1915)
java.lang.reflect.InvocationTargetException
	at sun.reflect.NativeConstructorAccessorImpl.newInstance0(Native Method)
	at sun.reflect.NativeConstructorAccessorImpl.newInstance(NativeConstructorAccessorImpl.java:62)
	at sun.reflect.DelegatingConstructorAccessorImpl.newInstance(DelegatingConstructorAccessorImpl.java:45)
	at java.lang.reflect.Constructor.newInstance(Constructor.java:423)
	at ptolemy.util.test.junit.AutoKnownFailedTests.RunModel(AutoKnownFailedTests.java:105)
	at sun.reflect.NativeMethodAccessorImpl.invoke0(Native Method)
	at sun.reflect.NativeMethodAccessorImpl.invoke(NativeMethodAccessorImpl.java:62)
	at sun.reflect.DelegatingMethodAccessorImpl.invoke(DelegatingMethodAccessorImpl.java:43)
	at java.lang.reflect.Method.invoke(Method.java:498)
	at org.junit.runners.model.FrameworkMethod$1.runReflectiveCall(FrameworkMethod.java:44)
	at org.junit.internal.runners.model.ReflectiveCallable.run(ReflectiveCallable.java:15)
	at org.junit.runners.model.FrameworkMethod.invokeExplosively(FrameworkMethod.java:41)
	at junitparams.internal.InvokeParameterisedMethod.evaluate(InvokeParameterisedMethod.java:102)
	at org.junit.internal.runners.statements.FailOnTimeout$1.run(FailOnTimeout.java:28)
Caused by: ptolemy.kernel.util.IllegalActionException: Found a zero delay loop containing .dependencyLoop.original
  in .dependencyLoop and .dependencyLoop.original
	at ptolemy.actor.util.CausalityInterfaceForComposites._computeOutputPortDepth(CausalityInterfaceForComposites.java:759)
	at ptolemy.actor.util.CausalityInterfaceForComposites._computeInputDepth(CausalityInterfaceForComposites.java:696)
	at ptolemy.actor.util.CausalityInterfaceForComposites._computeOutputPortDepth(CausalityInterfaceForComposites.java:765)
	at ptolemy.actor.util.CausalityInterfaceForComposites._computeInputDepth(CausalityInterfaceForComposites.java:696)
	at ptolemy.actor.util.CausalityInterfaceForComposites._computeOutputPortDepth(CausalityInterfaceForComposites.java:765)
	at ptolemy.actor.util.CausalityInterfaceForComposites._computeInputDepth(CausalityInterfaceForComposites.java:696)
	at ptolemy.actor.util.CausalityInterfaceForComposites._computeActorDepth(CausalityInterfaceForComposites.java:532)
	at ptolemy.actor.util.CausalityInterfaceForComposites.checkForCycles(CausalityInterfaceForComposites.java:96)
	at ptolemy.domains.de.kernel.DEDirector.preinitialize(DEDirector.java:1338)
	at ptolemy.actor.CompositeActor.preinitialize(CompositeActor.java:1828)
	at ptolemy.actor.Manager.preinitializeAndResolveTypes(Manager.java:1040)
	at ptolemy.actor.Manager.initialize(Manager.java:710)
	at ptolemy.actor.Manager.execute(Manager.java:356)
	at ptolemy.actor.Manager.run(Manager.java:1263)
	at ptolemy.actor.Manager$PtolemyRunThread.run(Manager.java:1915)
java.lang.RuntimeException: Execution failed
	at ptolemy.moml.MoMLSimpleApplication$UnloadThread.run(MoMLSimpleApplication.java:402)
Caused by: ptolemy.kernel.util.IllegalActionException: Found a zero delay loop containing .dependencyLoop2.original
  in .dependencyLoop2 and .dependencyLoop2.original
	at ptolemy.actor.util.CausalityInterfaceForComposites._computeOutputPortDepth(CausalityInterfaceForComposites.java:759)
	at ptolemy.actor.util.CausalityInterfaceForComposites._computeInputDepth(CausalityInterfaceForComposites.java:696)
	at ptolemy.actor.util.CausalityInterfaceForComposites._computeOutputPortDepth(CausalityInterfaceForComposites.java:765)
	at ptolemy.actor.util.CausalityInterfaceForComposites._computeInputDepth(CausalityInterfaceForComposites.java:696)
	at ptolemy.actor.util.CausalityInterfaceForComposites._computeOutputPortDepth(CausalityInterfaceForComposites.java:765)
	at ptolemy.actor.util.CausalityInterfaceForComposites._computeInputDepth(CausalityInterfaceForComposites.java:696)
	at ptolemy.actor.util.CausalityInterfaceForComposites._computeActorDepth(CausalityInterfaceForComposites.java:532)
	at ptolemy.actor.util.CausalityInterfaceForComposites.checkForCycles(CausalityInterfaceForComposites.java:96)
	at ptolemy.domains.de.kernel.DEDirector.preinitialize(DEDirector.java:1338)
	at ptolemy.actor.CompositeActor.preinitialize(CompositeActor.java:1828)
	at ptolemy.actor.Manager.preinitializeAndResolveTypes(Manager.java:1040)
	at ptolemy.actor.Manager.initialize(Manager.java:710)
	at ptolemy.actor.Manager.execute(Manager.java:356)
	at ptolemy.actor.Manager.run(Manager.java:1263)
	at ptolemy.actor.Manager$PtolemyRunThread.run(Manager.java:1915)
java.lang.reflect.InvocationTargetException
	at sun.reflect.NativeConstructorAccessorImpl.newInstance0(Native Method)
	at sun.reflect.NativeConstructorAccessorImpl.newInstance(NativeConstructorAccessorImpl.java:62)
	at sun.reflect.DelegatingConstructorAccessorImpl.newInstance(DelegatingConstructorAccessorImpl.java:45)
	at java.lang.reflect.Constructor.newInstance(Constructor.java:423)
	at ptolemy.util.test.junit.AutoKnownFailedTests.RunModel(AutoKnownFailedTests.java:105)
	at sun.reflect.NativeMethodAccessorImpl.invoke0(Native Method)
	at sun.reflect.NativeMethodAccessorImpl.invoke(NativeMethodAccessorImpl.java:62)
	at sun.reflect.DelegatingMethodAccessorImpl.invoke(DelegatingMethodAccessorImpl.java:43)
	at java.lang.reflect.Method.invoke(Method.java:498)
	at org.junit.runners.model.FrameworkMethod$1.runReflectiveCall(FrameworkMethod.java:44)
	at org.junit.internal.runners.model.ReflectiveCallable.run(ReflectiveCallable.java:15)
	at org.junit.runners.model.FrameworkMethod.invokeExplosively(FrameworkMethod.java:41)
	at junitparams.internal.InvokeParameterisedMethod.evaluate(InvokeParameterisedMethod.java:102)
	at org.junit.internal.runners.statements.FailOnTimeout$1.run(FailOnTimeout.java:28)
Caused by: ptolemy.kernel.util.IllegalActionException: Found a zero delay loop containing .dependencyLoop2.original
  in .dependencyLoop2 and .dependencyLoop2.original
	at ptolemy.actor.util.CausalityInterfaceForComposites._computeOutputPortDepth(CausalityInterfaceForComposites.java:759)
	at ptolemy.actor.util.CausalityInterfaceForComposites._computeInputDepth(CausalityInterfaceForComposites.java:696)
	at ptolemy.actor.util.CausalityInterfaceForComposites._computeOutputPortDepth(CausalityInterfaceForComposites.java:765)
	at ptolemy.actor.util.CausalityInterfaceForComposites._computeInputDepth(CausalityInterfaceForComposites.java:696)
	at ptolemy.actor.util.CausalityInterfaceForComposites._computeOutputPortDepth(CausalityInterfaceForComposites.java:765)
	at ptolemy.actor.util.CausalityInterfaceForComposites._computeInputDepth(CausalityInterfaceForComposites.java:696)
	at ptolemy.actor.util.CausalityInterfaceForComposites._computeActorDepth(CausalityInterfaceForComposites.java:532)
	at ptolemy.actor.util.CausalityInterfaceForComposites.checkForCycles(CausalityInterfaceForComposites.java:96)
	at ptolemy.domains.de.kernel.DEDirector.preinitialize(DEDirector.java:1338)
	at ptolemy.actor.CompositeActor.preinitialize(CompositeActor.java:1828)
	at ptolemy.actor.Manager.preinitializeAndResolveTypes(Manager.java:1040)
	at ptolemy.actor.Manager.initialize(Manager.java:710)
	at ptolemy.actor.Manager.execute(Manager.java:356)
	at ptolemy.actor.Manager.run(Manager.java:1263)
	at ptolemy.actor.Manager$PtolemyRunThread.run(Manager.java:1915)
]]></system-err>
</testsuite>
