<?xml version="1.0" encoding="UTF-8" ?>
<testsuite errors="0" failures="0" hostname="travis-job-07634975-f75e-4a5d-9a00-8a23c001e08b" name="ptolemy.domains.de.test.junit.JUnitTclTest" skipped="0" tests="101" time="136.599" timestamp="2019-08-17T05:22:07">
  <properties>
[...]
</properties>
  <testcase classname="ptolemy.util.test.junit.TclTests" name="[0] /home/travis/build/icyphy/ptII/ptolemy/domains/de/test/DependencyLoop.tcl (RunTclFile)" time="1.237" />
  <testcase classname="ptolemy.util.test.junit.TclTests" name="[1] /home/travis/build/icyphy/ptII/ptolemy/domains/de/test/RunDETestsAsQSS.tcl (RunTclFile)" time="92.842" />
  <testcase classname="ptolemy.util.test.junit.AutoKnownFailedTests" name="[0] /home/travis/build/icyphy/ptII/ptolemy/domains/de/test/auto/knownFailedTests/DESDFClockTest.xml (RunModel)" time="2.074" />
  <testcase classname="ptolemy.util.test.junit.AutoKnownFailedTests" name="[1] /home/travis/build/icyphy/ptII/ptolemy/domains/de/test/auto/knownFailedTests/DirectFeedback.xml (RunModel)" time="0.017" />
  <testcase classname="ptolemy.util.test.junit.AutoKnownFailedTests" name="[2] /home/travis/build/icyphy/ptII/ptolemy/domains/de/test/auto/knownFailedTests/FSMSource.xml (RunModel)" time="0.049" />
  <testcase classname="ptolemy.util.test.junit.AutoKnownFailedTests" name="[3] /home/travis/build/icyphy/ptII/ptolemy/domains/de/test/auto/knownFailedTests/HierarchicalModel.xml (RunModel)" time="0.056" />
  <testcase classname="ptolemy.util.test.junit.AutoKnownFailedTests" name="[4] /home/travis/build/icyphy/ptII/ptolemy/domains/de/test/auto/knownFailedTests/dependencyLoop.xml (RunModel)" time="0.051" />
  <testcase classname="ptolemy.util.test.junit.AutoKnownFailedTests" name="[5] /home/travis/build/icyphy/ptII/ptolemy/domains/de/test/auto/knownFailedTests/dependencyLoop2.xml (RunModel)" time="0.055" />
  <testcase classname="ptolemy.util.test.junit.AutoNameArchTests" name="[0] ThereAreNoAutoArchTests (RunModel)" time="0.001" />
  <testcase classname="ptolemy.util.test.junit.AutoTests" name="[0] /home/travis/build/icyphy/ptII/ptolemy/domains/de/test/auto/ActorDepthCalculation_actorWithoutPorts.xml (RunModel)" time="0.035" />
  <testcase classname="ptolemy.util.test.junit.AutoTests" name="[1] /home/travis/build/icyphy/ptII/ptolemy/domains/de/test/auto/AssemblyLine.xml (RunModel)" time="0.032" />
  <testcase classname="ptolemy.util.test.junit.AutoTests" name="[2] /home/travis/build/icyphy/ptII/ptolemy/domains/de/test/auto/CQBug1.xml (RunModel)" time="0.015" />
  <testcase classname="ptolemy.util.test.junit.AutoTests" name="[3] /home/travis/build/icyphy/ptII/ptolemy/domains/de/test/auto/CancelFireAt.xml (RunModel)" time="0.01" />
  <testcase classname="ptolemy.util.test.junit.AutoTests" name="[4] /home/travis/build/icyphy/ptII/ptolemy/domains/de/test/auto/CausalityAndComposabilityAnalysis.xml (RunModel)" time="0.016" />
  <testcase classname="ptolemy.util.test.junit.AutoTests" name="[5] /home/travis/build/icyphy/ptII/ptolemy/domains/de/test/auto/CausalityInterface1.xml (RunModel)" time="0.013" />
  <testcase classname="ptolemy.util.test.junit.AutoTests" name="[6] /home/travis/build/icyphy/ptII/ptolemy/domains/de/test/auto/CausalityInterface15.xml (RunModel)" time="0.013" />
  <testcase classname="ptolemy.util.test.junit.AutoTests" name="[7] /home/travis/build/icyphy/ptII/ptolemy/domains/de/test/auto/CausalityInterface2.xml (RunModel)" time="0.013" />
  <testcase classname="ptolemy.util.test.junit.AutoTests" name="[8] /home/travis/build/icyphy/ptII/ptolemy/domains/de/test/auto/CausalityInterface3.xml (RunModel)" time="0.013" />
  <testcase classname="ptolemy.util.test.junit.AutoTests" name="[9] /home/travis/build/icyphy/ptII/ptolemy/domains/de/test/auto/ClockDrift.xml (RunModel)" time="0.041" />
  <testcase classname="ptolemy.util.test.junit.AutoTests" name="[10] /home/travis/build/icyphy/ptII/ptolemy/domains/de/test/auto/ClockDriftAndValueChange.xml (RunModel)" time="0.04" />
  <testcase classname="ptolemy.util.test.junit.AutoTests" name="[11] /home/travis/build/icyphy/ptII/ptolemy/domains/de/test/auto/ClockDriftChange.xml (RunModel)" time="0.037" />
  <testcase classname="ptolemy.util.test.junit.AutoTests" name="[12] /home/travis/build/icyphy/ptII/ptolemy/domains/de/test/auto/ComposableCausalityAnalysis.xml (RunModel)" time="0.017" />
  <testcase classname="ptolemy.util.test.junit.AutoTests" name="[13] /home/travis/build/icyphy/ptII/ptolemy/domains/de/test/auto/DEFixedPointLimitation.xml (RunModel)" time="0.01" />
  <testcase classname="ptolemy.util.test.junit.AutoTests" name="[14] /home/travis/build/icyphy/ptII/ptolemy/domains/de/test/auto/DEScheduleTest.xml (RunModel)" time="0.021" />
  <testcase classname="ptolemy.util.test.junit.AutoTests" name="[15] /home/travis/build/icyphy/ptII/ptolemy/domains/de/test/auto/DEinDEwithStartTimes.xml (RunModel)" time="0.019" />
  <testcase classname="ptolemy.util.test.junit.AutoTests" name="[16] /home/travis/build/icyphy/ptII/ptolemy/domains/de/test/auto/DEinDEwithStartTimes2.xml (RunModel)" time="0.019" />
  <testcase classname="ptolemy.util.test.junit.AutoTests" name="[17] /home/travis/build/icyphy/ptII/ptolemy/domains/de/test/auto/DateDemo.xml (RunModel)" time="0.038" />
  <testcase classname="ptolemy.util.test.junit.AutoTests" name="[18] /home/travis/build/icyphy/ptII/ptolemy/domains/de/test/auto/DateToEvent.xml (RunModel)" time="2.052" />
  <testcase classname="ptolemy.util.test.junit.AutoTests" name="[19] /home/travis/build/icyphy/ptII/ptolemy/domains/de/test/auto/DepthTest1.xml (RunModel)" time="0.009" />
  <testcase classname="ptolemy.util.test.junit.AutoTests" name="[20] /home/travis/build/icyphy/ptII/ptolemy/domains/de/test/auto/DepthTest2.xml (RunModel)" time="0.022" />
  <testcase classname="ptolemy.util.test.junit.AutoTests" name="[21] /home/travis/build/icyphy/ptII/ptolemy/domains/de/test/auto/DepthTest3.xml (RunModel)" time="0.011" />
  <testcase classname="ptolemy.util.test.junit.AutoTests" name="[22] /home/travis/build/icyphy/ptII/ptolemy/domains/de/test/auto/DepthTest4.xml (RunModel)" time="0.033" />
  <testcase classname="ptolemy.util.test.junit.AutoTests" name="[23] /home/travis/build/icyphy/ptII/ptolemy/domains/de/test/auto/DepthTest5.xml (RunModel)" time="0.026" />
  <testcase classname="ptolemy.util.test.junit.AutoTests" name="[24] /home/travis/build/icyphy/ptII/ptolemy/domains/de/test/auto/DepthTest6.xml (RunModel)" time="0.017" />
  <testcase classname="ptolemy.util.test.junit.AutoTests" name="[25] /home/travis/build/icyphy/ptII/ptolemy/domains/de/test/auto/DepthTest7.xml (RunModel)" time="0.014" />
  <testcase classname="ptolemy.util.test.junit.AutoTests" name="[26] /home/travis/build/icyphy/ptII/ptolemy/domains/de/test/auto/EventToDate.xml (RunModel)" time="3.058" />
  <testcase classname="ptolemy.util.test.junit.AutoTests" name="[27] /home/travis/build/icyphy/ptII/ptolemy/domains/de/test/auto/FSM1.xml (RunModel)" time="0.044" />
  <testcase classname="ptolemy.util.test.junit.AutoTests" name="[28] /home/travis/build/icyphy/ptII/ptolemy/domains/de/test/auto/FSM7.xml (RunModel)" time="0.043" />
  <testcase classname="ptolemy.util.test.junit.AutoTests" name="[29] /home/travis/build/icyphy/ptII/ptolemy/domains/de/test/auto/Inspection.xml (RunModel)" time="0.053" />
  <testcase classname="ptolemy.util.test.junit.AutoTests" name="[30] /home/travis/build/icyphy/ptII/ptolemy/domains/de/test/auto/Iteration.xml (RunModel)" time="0.028" />
  <testcase classname="ptolemy.util.test.junit.AutoTests" name="[31] /home/travis/build/icyphy/ptII/ptolemy/domains/de/test/auto/LineFault.xml (RunModel)" time="0.661" />
  <testcase classname="ptolemy.util.test.junit.AutoTests" name="[32] /home/travis/build/icyphy/ptII/ptolemy/domains/de/test/auto/MergeModel1Add.xml (RunModel)" time="0.054" />
  <testcase classname="ptolemy.util.test.junit.AutoTests" name="[33] /home/travis/build/icyphy/ptII/ptolemy/domains/de/test/auto/MergeModel2Add.xml (RunModel)" time="0.038" />
  <testcase classname="ptolemy.util.test.junit.AutoTests" name="[34] /home/travis/build/icyphy/ptII/ptolemy/domains/de/test/auto/MergeModel3Add.xml (RunModel)" time="0.047" />
  <testcase classname="ptolemy.util.test.junit.AutoTests" name="[35] /home/travis/build/icyphy/ptII/ptolemy/domains/de/test/auto/MergeWithoutDiscard.xml (RunModel)" time="0.016" />
  <testcase classname="ptolemy.util.test.junit.AutoTests" name="[36] /home/travis/build/icyphy/ptII/ptolemy/domains/de/test/auto/Modal1.xml (RunModel)" time="0.035" />
  <testcase classname="ptolemy.util.test.junit.AutoTests" name="[37] /home/travis/build/icyphy/ptII/ptolemy/domains/de/test/auto/Modal2.xml (RunModel)" time="0.03" />
  <testcase classname="ptolemy.util.test.junit.AutoTests" name="[38] /home/travis/build/icyphy/ptII/ptolemy/domains/de/test/auto/Modal3.xml (RunModel)" time="0.034" />
  <testcase classname="ptolemy.util.test.junit.AutoTests" name="[39] /home/travis/build/icyphy/ptII/ptolemy/domains/de/test/auto/Modal4.xml (RunModel)" time="0.038" />
  <testcase classname="ptolemy.util.test.junit.AutoTests" name="[40] /home/travis/build/icyphy/ptII/ptolemy/domains/de/test/auto/Modal5.xml (RunModel)" time="0.033" />
  <testcase classname="ptolemy.util.test.junit.AutoTests" name="[41] /home/travis/build/icyphy/ptII/ptolemy/domains/de/test/auto/Modal6.xml (RunModel)" time="0.038" />
  <testcase classname="ptolemy.util.test.junit.AutoTests" name="[42] /home/travis/build/icyphy/ptII/ptolemy/domains/de/test/auto/Modal7.xml (RunModel)" time="0.031" />
  <testcase classname="ptolemy.util.test.junit.AutoTests" name="[43] /home/travis/build/icyphy/ptII/ptolemy/domains/de/test/auto/ModalModel.xml (RunModel)" time="0.196" />
  <testcase classname="ptolemy.util.test.junit.AutoTests" name="[44] /home/travis/build/icyphy/ptII/ptolemy/domains/de/test/auto/ModalSource.xml (RunModel)" time="0.022" />
  <testcase classname="ptolemy.util.test.junit.AutoTests" name="[45] /home/travis/build/icyphy/ptII/ptolemy/domains/de/test/auto/NonInterruptibleTimerZeroDelay.xml (RunModel)" time="0.015" />
  <testcase classname="ptolemy.util.test.junit.AutoTests" name="[46] /home/travis/build/icyphy/ptII/ptolemy/domains/de/test/auto/OpenQueueingNetwork.xml (RunModel)" time="2.323" />
  <testcase classname="ptolemy.util.test.junit.AutoTests" name="[47] /home/travis/build/icyphy/ptII/ptolemy/domains/de/test/auto/OpenQueuingNetwork.xml (RunModel)" time="0.313" />
  <testcase classname="ptolemy.util.test.junit.AutoTests" name="[48] /home/travis/build/icyphy/ptII/ptolemy/domains/de/test/auto/PeriodicSampler.xml (RunModel)" time="0.015" />
  <testcase classname="ptolemy.util.test.junit.AutoTests" name="[49] /home/travis/build/icyphy/ptII/ptolemy/domains/de/test/auto/PersistentIO.xml (RunModel)" time="0.025" />
  <testcase classname="ptolemy.util.test.junit.AutoTests" name="[50] /home/travis/build/icyphy/ptII/ptolemy/domains/de/test/auto/PortParameterResetOnInitialize.xml (RunModel)" time="0.011" />
  <testcase classname="ptolemy.util.test.junit.AutoTests" name="[51] /home/travis/build/icyphy/ptII/ptolemy/domains/de/test/auto/PortParameterUpdates.xml (RunModel)" time="0.015" />
  <testcase classname="ptolemy.util.test.junit.AutoTests" name="[52] /home/travis/build/icyphy/ptII/ptolemy/domains/de/test/auto/QueueAndServer.xml (RunModel)" time="0.024" />
  <testcase classname="ptolemy.util.test.junit.AutoTests" name="[53] /home/travis/build/icyphy/ptII/ptolemy/domains/de/test/auto/Records.xml (RunModel)" time="0.027" />
  <testcase classname="ptolemy.util.test.junit.AutoTests" name="[54] /home/travis/build/icyphy/ptII/ptolemy/domains/de/test/auto/ResetTransitionWithStartTime1.xml (RunModel)" time="0.021" />
  <testcase classname="ptolemy.util.test.junit.AutoTests" name="[55] /home/travis/build/icyphy/ptII/ptolemy/domains/de/test/auto/ResetTransitionWithStartTime2.xml (RunModel)" time="0.024" />
  <testcase classname="ptolemy.util.test.junit.AutoTests" name="[56] /home/travis/build/icyphy/ptII/ptolemy/domains/de/test/auto/ResetTransitionWithStartTime3.xml (RunModel)" time="0.027" />
  <testcase classname="ptolemy.util.test.junit.AutoTests" name="[57] /home/travis/build/icyphy/ptII/ptolemy/domains/de/test/auto/ResetTransitionWithStartTime4.xml (RunModel)" time="0.019" />
  <testcase classname="ptolemy.util.test.junit.AutoTests" name="[58] /home/travis/build/icyphy/ptII/ptolemy/domains/de/test/auto/ResettableTimer1.xml (RunModel)" time="0.011" />
  <testcase classname="ptolemy.util.test.junit.AutoTests" name="[59] /home/travis/build/icyphy/ptII/ptolemy/domains/de/test/auto/ResettableTimer2.xml (RunModel)" time="0.018" />
  <testcase classname="ptolemy.util.test.junit.AutoTests" name="[60] /home/travis/build/icyphy/ptII/ptolemy/domains/de/test/auto/ResettableTimer3.xml (RunModel)" time="0.01" />
  <testcase classname="ptolemy.util.test.junit.AutoTests" name="[61] /home/travis/build/icyphy/ptII/ptolemy/domains/de/test/auto/ResettableTimer4.xml (RunModel)" time="0.012" />
  <testcase classname="ptolemy.util.test.junit.AutoTests" name="[62] /home/travis/build/icyphy/ptII/ptolemy/domains/de/test/auto/ResettableTimer5.xml (RunModel)" time="0.01" />
  <testcase classname="ptolemy.util.test.junit.AutoTests" name="[63] /home/travis/build/icyphy/ptII/ptolemy/domains/de/test/auto/ResettableTimer6.xml (RunModel)" time="0.017" />
  <testcase classname="ptolemy.util.test.junit.AutoTests" name="[64] /home/travis/build/icyphy/ptII/ptolemy/domains/de/test/auto/ServerZeroDelay.xml (RunModel)" time="0.011" />
  <testcase classname="ptolemy.util.test.junit.AutoTests" name="[65] /home/travis/build/icyphy/ptII/ptolemy/domains/de/test/auto/SmartSender.xml (RunModel)" time="3.012" />
  <testcase classname="ptolemy.util.test.junit.AutoTests" name="[66] /home/travis/build/icyphy/ptII/ptolemy/domains/de/test/auto/ThreadedComposite.xml (RunModel)" time="0.149" />
  <testcase classname="ptolemy.util.test.junit.AutoTests" name="[67] /home/travis/build/icyphy/ptII/ptolemy/domains/de/test/auto/Time.xml (RunModel)" time="0.436" />
  <testcase classname="ptolemy.util.test.junit.AutoTests" name="[68] /home/travis/build/icyphy/ptII/ptolemy/domains/de/test/auto/TimeDelayZeroDelay.xml (RunModel)" time="0.018" />
  <testcase classname="ptolemy.util.test.junit.AutoTests" name="[69] /home/travis/build/icyphy/ptII/ptolemy/domains/de/test/auto/TimerZeroDelay.xml (RunModel)" time="0.012" />
  <testcase classname="ptolemy.util.test.junit.AutoTests" name="[70] /home/travis/build/icyphy/ptII/ptolemy/domains/de/test/auto/TimingParadox.xml (RunModel)" time="0.41" />
  <testcase classname="ptolemy.util.test.junit.AutoTests" name="[71] /home/travis/build/icyphy/ptII/ptolemy/domains/de/test/auto/TransferInputs.xml (RunModel)" time="0.022" />
  <testcase classname="ptolemy.util.test.junit.AutoTests" name="[72] /home/travis/build/icyphy/ptII/ptolemy/domains/de/test/auto/TransferOutputs2.xml (RunModel)" time="0.016" />
  <testcase classname="ptolemy.util.test.junit.AutoTests" name="[73] /home/travis/build/icyphy/ptII/ptolemy/domains/de/test/auto/Trilateration.xml (RunModel)" time="13.24" />
  <testcase classname="ptolemy.util.test.junit.AutoTests" name="[74] /home/travis/build/icyphy/ptII/ptolemy/domains/de/test/auto/TwoSigmaDelta.xml (RunModel)" time="2.228" />
  <testcase classname="ptolemy.util.test.junit.AutoTests" name="[75] /home/travis/build/icyphy/ptII/ptolemy/domains/de/test/auto/VariableDelay.xml (RunModel)" time="0.018" />
  <testcase classname="ptolemy.util.test.junit.AutoTests" name="[76] /home/travis/build/icyphy/ptII/ptolemy/domains/de/test/auto/VariableDelay2.xml (RunModel)" time="0.009" />
  <testcase classname="ptolemy.util.test.junit.AutoTests" name="[77] /home/travis/build/icyphy/ptII/ptolemy/domains/de/test/auto/VariableDelayZeroDelay.xml (RunModel)" time="0.013" />
  <testcase classname="ptolemy.util.test.junit.AutoTests" name="[78] /home/travis/build/icyphy/ptII/ptolemy/domains/de/test/auto/VariableDelayZeroDelay2.xml (RunModel)" time="0.016" />
  <testcase classname="ptolemy.util.test.junit.AutoTests" name="[79] /home/travis/build/icyphy/ptII/ptolemy/domains/de/test/auto/deInCt.xml (RunModel)" time="0.021" />
  <testcase classname="ptolemy.util.test.junit.AutoTests" name="[80] /home/travis/build/icyphy/ptII/ptolemy/domains/de/test/auto/deInCt2.xml (RunModel)" time="0.017" />
  <testcase classname="ptolemy.util.test.junit.AutoTests" name="[81] /home/travis/build/icyphy/ptII/ptolemy/domains/de/test/auto/dynamicCausalityInterface1.xml (RunModel)" time="0.019" />
  <testcase classname="ptolemy.util.test.junit.AutoTests" name="[82] /home/travis/build/icyphy/ptII/ptolemy/domains/de/test/auto/fsm_de_test.xml (RunModel)" time="0.025" />
  <testcase classname="ptolemy.util.test.junit.AutoTests" name="[83] /home/travis/build/icyphy/ptII/ptolemy/domains/de/test/auto/functionDependencyReconstruction.xml (RunModel)" time="0.028" />
  <testcase classname="ptolemy.util.test.junit.AutoTests" name="[84] /home/travis/build/icyphy/ptII/ptolemy/domains/de/test/auto/multirate.xml (RunModel)" time="0.015" />
  <testcase classname="ptolemy.util.test.junit.AutoTests" name="[85] /home/travis/build/icyphy/ptII/ptolemy/domains/de/test/auto/multirate2.xml (RunModel)" time="0.015" />
  <testcase classname="ptolemy.util.test.junit.AutoTests" name="[86] /home/travis/build/icyphy/ptII/ptolemy/domains/de/test/auto/realtime.xml (RunModel)" time="10.01" />
  <testcase classname="ptolemy.util.test.junit.AutoTests" name="[87] /home/travis/build/icyphy/ptII/ptolemy/domains/de/test/auto/relationGroup.xml (RunModel)" time="0.008" />
  <testcase classname="ptolemy.util.test.junit.AutoTests" name="[88] /home/travis/build/icyphy/ptII/ptolemy/domains/de/test/auto/relationGroup2.xml (RunModel)" time="0.01" />
  <testcase classname="ptolemy.util.test.junit.AutoTests" name="[89] /home/travis/build/icyphy/ptII/ptolemy/domains/de/test/auto/sortWithOpaquePorts.xml (RunModel)" time="0.011" />
  <testcase classname="ptolemy.util.test.junit.AutoTests" name="[90] /home/travis/build/icyphy/ptII/ptolemy/domains/de/test/auto/transferInputsandOutputs.xml (RunModel)" time="0.011" />
  <testcase classname="ptolemy.util.test.junit.AutoTests" name="[91] /home/travis/build/icyphy/ptII/ptolemy/domains/de/test/auto/triggerType.xml (RunModel)" time="0.01" />
  <system-out><![CDATA[/home/travis/build/icyphy/ptII/ptolemy/domains/de/test/DependencyLoop.tcl
testDefs.tcl: setting time out to 9000 seconds at Sat Aug 17 05:22:07 UTC 2019
101 ms. Memory: 120832K Free: 72133K (60%)
30 ms. Memory: 120832K Free: 54710K (45%)
/home/travis/build/icyphy/ptII/ptolemy/domains/de/test/RunDETestsAsQSS.tcl
Run the DE tests using ptolemy.domains.qss.test.QSSDirectorTest, which extends QSSDirector and prints a message in the constructors.
------------------ testing $PTII/ptolemy/domains/de/test/auto/knownFailedTests/DirectFeedback.xml (Known Failure) 
47 ms. Memory: 120832K Free: 48581K (40%)


==== $PTIIhome/travis/build/icyphy/ptII/ptolemy/domains/de/test/../../../../: Auto Automatic test in file $PTII/ptolemy/domains/de/test/auto/knownFailedTests/DirectFeedback.xml
==== Contents of test case:

	    # FIXME: we should use $relativeFilename here, but it
	    # might have backslashes under Windows, which causes no end
	    # of trouble.
	    createAndExecute $file
	    list {}
	
.... Test generated KNOWN error:
    while executing
ptolemy.kernel.util.IllegalActionException: Test fails in iteration 1.
Value was: 1.0. Should have been: 2.0
  in .DirectFeedback.Test
	at ptolemy.actor.lib.Test.fire(Test.java:268)
	at ptolemy.domains.de.kernel.DEDirector._fire(DEDirector.java:1949)
	at ptolemy.domains.de.kernel.DEDirector.fire(DEDirector.java:502)
	at ptolemy.actor.CompositeActor.fire(CompositeActor.java:455)
	at ptolemy.actor.Manager.iterate(Manager.java:851)
	at ptolemy.actor.Manager.execute(Manager.java:369)
	at ptolemy.actor.Manager.run(Manager.java:1263)
	at ptolemy.actor.Manager$PtolemyRunThread.run(Manager.java:1933)

    while executing
ptolemy.kernel.util.IllegalActionException: Test fails in iteration 1.
Value was: 1.0. Should have been: 2.0
  in .DirectFeedback.Test
    while executing
"java::new ptolemy.moml.MoMLSimpleApplication $file
"
    (procedure "createAndExecute" line 2)
    invoked from within
"createAndExecute $file"
    ("uplevel" body line 5)
    invoked from within
"uplevel $contents_of_test"
------------------ testing $PTII/ptolemy/domains/de/test/auto/knownFailedTests/dependencyLoop.xml (Known Failure) 
39 ms. Memory: 120832K Free: 108392K (90%)


==== $PTIIhome/travis/build/icyphy/ptII/ptolemy/domains/de/test/../../../../: Auto Automatic test in file $PTII/ptolemy/domains/de/test/auto/knownFailedTests/dependencyLoop.xml
==== Contents of test case:

	    # FIXME: we should use $relativeFilename here, but it
	    # might have backslashes under Windows, which causes no end
	    # of trouble.
	    createAndExecute $file
	    list {}
	
.... Test generated KNOWN error:
    while executing
ptolemy.kernel.util.IllegalActionException: Found a zero delay loop containing .dependencyLoop.original
  in .dependencyLoop and .dependencyLoop.original
	at ptolemy.actor.util.CausalityInterfaceForComposites._computeOutputPortDepth(CausalityInterfaceForComposites.java:759)
	at ptolemy.actor.util.CausalityInterfaceForComposites._computeInputDepth(CausalityInterfaceForComposites.java:696)
	at ptolemy.actor.util.CausalityInterfaceForComposites._computeOutputPortDepth(CausalityInterfaceForComposites.java:765)
	at ptolemy.actor.util.CausalityInterfaceForComposites._computeInputDepth(CausalityInterfaceForComposites.java:696)
	at ptolemy.actor.util.CausalityInterfaceForComposites._computeOutputPortDepth(CausalityInterfaceForComposites.java:765)
	at ptolemy.actor.util.CausalityInterfaceForComposites._computeInputDepth(CausalityInterfaceForComposites.java:696)
	at ptolemy.actor.util.CausalityInterfaceForComposites._computeActorDepth(CausalityInterfaceForComposites.java:532)
	at ptolemy.actor.util.CausalityInterfaceForComposites.checkForCycles(CausalityInterfaceForComposites.java:96)
	at ptolemy.domains.de.kernel.DEDirector.preinitialize(DEDirector.java:1338)
	at ptolemy.actor.CompositeActor.preinitialize(CompositeActor.java:1828)
	at ptolemy.actor.Manager.preinitializeAndResolveTypes(Manager.java:1040)
	at ptolemy.actor.Manager.initialize(Manager.java:710)
	at ptolemy.actor.Manager.execute(Manager.java:356)
	at ptolemy.actor.Manager.run(Manager.java:1263)
	at ptolemy.actor.Manager$PtolemyRunThread.run(Manager.java:1933)

    while executing
ptolemy.kernel.util.IllegalActionException: Found a zero delay loop containing .dependencyLoop.original
  in .dependencyLoop and .dependencyLoop.original
    while executing
"java::new ptolemy.moml.MoMLSimpleApplication $file
"
    (procedure "createAndExecute" line 2)
    invoked from within
"createAndExecute $file"
    ("uplevel" body line 5)
    invoked from within
"uplevel $contents_of_test"
------------------ testing $PTII/ptolemy/domains/de/test/auto/knownFailedTests/FSMSource.xml (Known Failure) 
48 ms. Memory: 120832K Free: 99236K (82%)
!!!! Auto was marked as failing, but now passes
------------------ testing $PTII/ptolemy/domains/de/test/auto/knownFailedTests/HierarchicalModel.xml (Known Failure) 
7 ms. Memory: 120832K Free: 81798K (68%)


==== $PTIIhome/travis/build/icyphy/ptII/ptolemy/domains/de/test/../../../../: Auto Automatic test in file $PTII/ptolemy/domains/de/test/auto/knownFailedTests/HierarchicalModel.xml
==== Contents of test case:

	    # FIXME: we should use $relativeFilename here, but it
	    # might have backslashes under Windows, which causes no end
	    # of trouble.
	    createAndExecute $file
	    list {}
	
.... Test generated KNOWN error:
    while executing
ptolemy.kernel.util.IllegalActionException: Found a zero delay loop containing .HierarchicalModel.A
  in .HierarchicalModel and .HierarchicalModel.A
	at ptolemy.actor.util.CausalityInterfaceForComposites._computeOutputPortDepth(CausalityInterfaceForComposites.java:759)
	at ptolemy.actor.util.CausalityInterfaceForComposites._computeInputDepth(CausalityInterfaceForComposites.java:696)
	at ptolemy.actor.util.CausalityInterfaceForComposites._computeOutputPortDepth(CausalityInterfaceForComposites.java:765)
	at ptolemy.actor.util.CausalityInterfaceForComposites._computeInputDepth(CausalityInterfaceForComposites.java:696)
	at ptolemy.actor.util.CausalityInterfaceForComposites._computeOutputPortDepth(CausalityInterfaceForComposites.java:765)
	at ptolemy.actor.util.CausalityInterfaceForComposites._computeInputDepth(CausalityInterfaceForComposites.java:696)
	at ptolemy.actor.util.CausalityInterfaceForComposites._computeActorDepth(CausalityInterfaceForComposites.java:532)
	at ptolemy.actor.util.CausalityInterfaceForComposites.checkForCycles(CausalityInterfaceForComposites.java:96)
	at ptolemy.domains.de.kernel.DEDirector.preinitialize(DEDirector.java:1338)
	at ptolemy.actor.CompositeActor.preinitialize(CompositeActor.java:1828)
	at ptolemy.actor.Manager.preinitializeAndResolveTypes(Manager.java:1040)
	at ptolemy.actor.Manager.initialize(Manager.java:710)
	at ptolemy.actor.Manager.execute(Manager.java:356)
	at ptolemy.actor.Manager.run(Manager.java:1263)
	at ptolemy.actor.Manager$PtolemyRunThread.run(Manager.java:1933)

    while executing
ptolemy.kernel.util.IllegalActionException: Found a zero delay loop containing .HierarchicalModel.A
  in .HierarchicalModel and .HierarchicalModel.A
    while executing
"java::new ptolemy.moml.MoMLSimpleApplication $file
"
    (procedure "createAndExecute" line 2)
    invoked from within
"createAndExecute $file"
    ("uplevel" body line 5)
    invoked from within
"uplevel $contents_of_test"
------------------ testing $PTII/ptolemy/domains/de/test/auto/knownFailedTests/dependencyLoop2.xml (Known Failure) 
16 ms. Memory: 120832K Free: 65881K (55%)


==== $PTIIhome/travis/build/icyphy/ptII/ptolemy/domains/de/test/../../../../: Auto Automatic test in file $PTII/ptolemy/domains/de/test/auto/knownFailedTests/dependencyLoop2.xml
==== Contents of test case:

	    # FIXME: we should use $relativeFilename here, but it
	    # might have backslashes under Windows, which causes no end
	    # of trouble.
	    createAndExecute $file
	    list {}
	
.... Test generated KNOWN error:
    while executing
ptolemy.kernel.util.IllegalActionException: Found a zero delay loop containing .dependencyLoop2.original
  in .dependencyLoop2 and .dependencyLoop2.original
	at ptolemy.actor.util.CausalityInterfaceForComposites._computeOutputPortDepth(CausalityInterfaceForComposites.java:759)
	at ptolemy.actor.util.CausalityInterfaceForComposites._computeInputDepth(CausalityInterfaceForComposites.java:696)
	at ptolemy.actor.util.CausalityInterfaceForComposites._computeOutputPortDepth(CausalityInterfaceForComposites.java:765)
	at ptolemy.actor.util.CausalityInterfaceForComposites._computeInputDepth(CausalityInterfaceForComposites.java:696)
	at ptolemy.actor.util.CausalityInterfaceForComposites._computeOutputPortDepth(CausalityInterfaceForComposites.java:765)
	at ptolemy.actor.util.CausalityInterfaceForComposites._computeInputDepth(CausalityInterfaceForComposites.java:696)
	at ptolemy.actor.util.CausalityInterfaceForComposites._computeActorDepth(CausalityInterfaceForComposites.java:532)
	at ptolemy.actor.util.CausalityInterfaceForComposites.checkForCycles(CausalityInterfaceForComposites.java:96)
	at ptolemy.domains.de.kernel.DEDirector.preinitialize(DEDirector.java:1338)
	at ptolemy.actor.CompositeActor.preinitialize(CompositeActor.java:1828)
	at ptolemy.actor.Manager.preinitializeAndResolveTypes(Manager.java:1040)
	at ptolemy.actor.Manager.initialize(Manager.java:710)
	at ptolemy.actor.Manager.execute(Manager.java:356)
	at ptolemy.actor.Manager.run(Manager.java:1263)
	at ptolemy.actor.Manager$PtolemyRunThread.run(Manager.java:1933)

    while executing
ptolemy.kernel.util.IllegalActionException: Found a zero delay loop containing .dependencyLoop2.original
  in .dependencyLoop2 and .dependencyLoop2.original
    while executing
"java::new ptolemy.moml.MoMLSimpleApplication $file
"
    (procedure "createAndExecute" line 2)
    invoked from within
"createAndExecute $file"
    ("uplevel" body line 5)
    invoked from within
"uplevel $contents_of_test"
------------------ testing $PTII/ptolemy/domains/de/test/auto/knownFailedTests/DESDFClockTest.xml (Known Failure) 
2067 ms. Memory: 120832K Free: 96297K (80%)


==== $PTIIhome/travis/build/icyphy/ptII/ptolemy/domains/de/test/../../../../: Auto Automatic test in file $PTII/ptolemy/domains/de/test/auto/knownFailedTests/DESDFClockTest.xml
==== Contents of test case:

	    # FIXME: we should use $relativeFilename here, but it
	    # might have backslashes under Windows, which causes no end
	    # of trouble.
	    createAndExecute $file
	    list {}
	
.... Test generated KNOWN error:
    while executing
ptolemy.kernel.util.IllegalActionException: Actor is not ready to fire.  Perhaps UpSample.prefire() returned false? Try debugging the actor by selecting "Listen to Actor".  Also, for SDF check moml for tokenConsumptionRate on input.
  in .DESDFClockTest.Play Bell.Copy1:SDF Director and .DESDFClockTest.Play Bell.UpSample
	at ptolemy.actor.sched.StaticSchedulingDirector.fire(StaticSchedulingDirector.java:227)
	at ptolemy.domains.sdf.kernel.SDFDirector.fire(SDFDirector.java:500)
	at ptolemy.actor.CompositeActor.fire(CompositeActor.java:455)
	at ptolemy.domains.de.kernel.DEDirector._fire(DEDirector.java:1949)
	at ptolemy.domains.de.kernel.DEDirector.fire(DEDirector.java:502)
	at ptolemy.actor.CompositeActor.fire(CompositeActor.java:455)
	at ptolemy.actor.Manager.iterate(Manager.java:851)
	at ptolemy.actor.Manager.execute(Manager.java:369)
	at ptolemy.actor.Manager.run(Manager.java:1263)
	at ptolemy.actor.Manager$PtolemyRunThread.run(Manager.java:1933)

    while executing
ptolemy.kernel.util.IllegalActionException: Actor is not ready to fire.  Perhaps UpSample.prefire() returned false? Try debugging the actor by selecting "Listen to Actor".  Also, for SDF check moml for tokenConsumptionRate on input.
  in .DESDFClockTest.Play Bell.Copy1:SDF Director and .DESDFClockTest.Play Bell.UpSample
    while executing
"java::new ptolemy.moml.MoMLSimpleApplication $file
"
    (procedure "createAndExecute" line 2)
    invoked from within
"createAndExecute $file"
    ("uplevel" body line 5)
    invoked from within
"uplevel $contents_of_test"
------------------ testing $PTII/ptolemy/domains/de/test/auto/ActorDepthCalculation_actorWithoutPorts.xml
auto.tcl: Setting watchdog for 200 seconds at Sat Aug 17 05:22:11 UTC 2019
8 ms. Memory: 120832K Free: 89107K (74%)
ptolemy.util.test.WatchDog.cancel(): canceling Sat Aug 17 05:22:11 UTC 2019
auto.tcl: Setting watchdog for 200 seconds at Sat Aug 17 05:22:11 UTC 2019
8 ms. Memory: 120832K Free: 87479K (72%)
ptolemy.util.test.WatchDog.cancel(): canceling Sat Aug 17 05:22:11 UTC 2019
------------------ testing $PTII/ptolemy/domains/de/test/auto/AssemblyLine.xml
auto.tcl: Setting watchdog for 200 seconds at Sat Aug 17 05:22:12 UTC 2019
18 ms. Memory: 48128K Free: 26014K (54%)
ptolemy.util.test.WatchDog.cancel(): canceling Sat Aug 17 05:22:12 UTC 2019
auto.tcl: Setting watchdog for 200 seconds at Sat Aug 17 05:22:12 UTC 2019
11 ms. Memory: 48128K Free: 25316K (53%)
ptolemy.util.test.WatchDog.cancel(): canceling Sat Aug 17 05:22:12 UTC 2019
------------------ testing $PTII/ptolemy/domains/de/test/auto/CQBug1.xml
auto.tcl: Setting watchdog for 200 seconds at Sat Aug 17 05:22:12 UTC 2019
8 ms. Memory: 48128K Free: 31483K (65%)
ptolemy.util.test.WatchDog.cancel(): canceling Sat Aug 17 05:22:12 UTC 2019
auto.tcl: Setting watchdog for 200 seconds at Sat Aug 17 05:22:12 UTC 2019
3 ms. Memory: 48128K Free: 31053K (65%)
ptolemy.util.test.WatchDog.cancel(): canceling Sat Aug 17 05:22:12 UTC 2019
------------------ testing $PTII/ptolemy/domains/de/test/auto/CancelFireAt.xml
auto.tcl: Setting watchdog for 200 seconds at Sat Aug 17 05:22:12 UTC 2019
3 ms. Memory: 45056K Free: 29720K (66%)
ptolemy.util.test.WatchDog.cancel(): canceling Sat Aug 17 05:22:12 UTC 2019
auto.tcl: Setting watchdog for 200 seconds at Sat Aug 17 05:22:12 UTC 2019
3 ms. Memory: 45056K Free: 29318K (65%)
ptolemy.util.test.WatchDog.cancel(): canceling Sat Aug 17 05:22:12 UTC 2019
------------------ testing $PTII/ptolemy/domains/de/test/auto/CausalityAndComposabilityAnalysis.xml
auto.tcl: Setting watchdog for 200 seconds at Sat Aug 17 05:22:12 UTC 2019
13 ms. Memory: 45056K Free: 27920K (62%)
ptolemy.util.test.WatchDog.cancel(): canceling Sat Aug 17 05:22:12 UTC 2019
auto.tcl: Setting watchdog for 200 seconds at Sat Aug 17 05:22:12 UTC 2019
10 ms. Memory: 45056K Free: 27090K (60%)
ptolemy.util.test.WatchDog.cancel(): canceling Sat Aug 17 05:22:12 UTC 2019
------------------ testing $PTII/ptolemy/domains/de/test/auto/CausalityInterface1.xml
auto.tcl: Setting watchdog for 200 seconds at Sat Aug 17 05:22:12 UTC 2019
41 ms. Memory: 45056K Free: 26343K (58%)
ptolemy.util.test.WatchDog.cancel(): canceling Sat Aug 17 05:22:12 UTC 2019
auto.tcl: Setting watchdog for 200 seconds at Sat Aug 17 05:22:12 UTC 2019
5 ms. Memory: 45056K Free: 25386K (56%)
ptolemy.util.test.WatchDog.cancel(): canceling Sat Aug 17 05:22:12 UTC 2019
------------------ testing $PTII/ptolemy/domains/de/test/auto/CausalityInterface15.xml
auto.tcl: Setting watchdog for 200 seconds at Sat Aug 17 05:22:12 UTC 2019
13 ms. Memory: 45056K Free: 26054K (58%)
ptolemy.util.test.WatchDog.cancel(): canceling Sat Aug 17 05:22:12 UTC 2019
auto.tcl: Setting watchdog for 200 seconds at Sat Aug 17 05:22:12 UTC 2019
4 ms. Memory: 45056K Free: 25343K (56%)
ptolemy.util.test.WatchDog.cancel(): canceling Sat Aug 17 05:22:12 UTC 2019
------------------ testing $PTII/ptolemy/domains/de/test/auto/CausalityInterface2.xml
auto.tcl: Setting watchdog for 200 seconds at Sat Aug 17 05:22:12 UTC 2019
12 ms. Memory: 45056K Free: 26544K (59%)
ptolemy.util.test.WatchDog.cancel(): canceling Sat Aug 17 05:22:12 UTC 2019
auto.tcl: Setting watchdog for 200 seconds at Sat Aug 17 05:22:12 UTC 2019
4 ms. Memory: 45056K Free: 26134K (58%)
ptolemy.util.test.WatchDog.cancel(): canceling Sat Aug 17 05:22:12 UTC 2019
------------------ testing $PTII/ptolemy/domains/de/test/auto/CausalityInterface3.xml
auto.tcl: Setting watchdog for 200 seconds at Sat Aug 17 05:22:12 UTC 2019
7 ms. Memory: 45056K Free: 26556K (59%)
ptolemy.util.test.WatchDog.cancel(): canceling Sat Aug 17 05:22:13 UTC 2019
auto.tcl: Setting watchdog for 200 seconds at Sat Aug 17 05:22:13 UTC 2019
4 ms. Memory: 45056K Free: 25759K (57%)
ptolemy.util.test.WatchDog.cancel(): canceling Sat Aug 17 05:22:13 UTC 2019
------------------ testing $PTII/ptolemy/domains/de/test/auto/ClockDrift.xml
auto.tcl: Setting watchdog for 200 seconds at Sat Aug 17 05:22:13 UTC 2019
96 ms. Memory: 45056K Free: 19150K (43%)
ptolemy.util.test.WatchDog.cancel(): canceling Sat Aug 17 05:22:13 UTC 2019
auto.tcl: Setting watchdog for 200 seconds at Sat Aug 17 05:22:13 UTC 2019
69 ms. Memory: 45056K Free: 16134K (36%)
ptolemy.util.test.WatchDog.cancel(): canceling Sat Aug 17 05:22:13 UTC 2019
------------------ testing $PTII/ptolemy/domains/de/test/auto/ClockDriftAndValueChange.xml
auto.tcl: Setting watchdog for 200 seconds at Sat Aug 17 05:22:13 UTC 2019
45 ms. Memory: 45056K Free: 19221K (43%)
ptolemy.util.test.WatchDog.cancel(): canceling Sat Aug 17 05:22:13 UTC 2019
auto.tcl: Setting watchdog for 200 seconds at Sat Aug 17 05:22:13 UTC 2019
34 ms. Memory: 45056K Free: 16376K (36%)
ptolemy.util.test.WatchDog.cancel(): canceling Sat Aug 17 05:22:13 UTC 2019
------------------ testing $PTII/ptolemy/domains/de/test/auto/ClockDriftChange.xml
auto.tcl: Setting watchdog for 200 seconds at Sat Aug 17 05:22:13 UTC 2019
25 ms. Memory: 45056K Free: 21269K (47%)
ptolemy.util.test.WatchDog.cancel(): canceling Sat Aug 17 05:22:13 UTC 2019
auto.tcl: Setting watchdog for 200 seconds at Sat Aug 17 05:22:13 UTC 2019
29 ms. Memory: 45056K Free: 18714K (42%)
ptolemy.util.test.WatchDog.cancel(): canceling Sat Aug 17 05:22:13 UTC 2019
------------------ testing $PTII/ptolemy/domains/de/test/auto/ComposableCausalityAnalysis.xml
auto.tcl: Setting watchdog for 200 seconds at Sat Aug 17 05:22:13 UTC 2019
2 ms. Memory: 45056K Free: 25672K (57%)
ptolemy.util.test.WatchDog.cancel(): canceling Sat Aug 17 05:22:13 UTC 2019
auto.tcl: Setting watchdog for 200 seconds at Sat Aug 17 05:22:13 UTC 2019
5 ms. Memory: 45056K Free: 24645K (55%)
ptolemy.util.test.WatchDog.cancel(): canceling Sat Aug 17 05:22:13 UTC 2019
------------------ testing $PTII/ptolemy/domains/de/test/auto/DEFixedPointLimitation.xml
auto.tcl: Setting watchdog for 200 seconds at Sat Aug 17 05:22:13 UTC 2019
4 ms. Memory: 45056K Free: 27031K (60%)
ptolemy.util.test.WatchDog.cancel(): canceling Sat Aug 17 05:22:13 UTC 2019
auto.tcl: Setting watchdog for 200 seconds at Sat Aug 17 05:22:13 UTC 2019
2 ms. Memory: 45056K Free: 26111K (58%)
ptolemy.util.test.WatchDog.cancel(): canceling Sat Aug 17 05:22:13 UTC 2019
------------------ testing $PTII/ptolemy/domains/de/test/auto/DEScheduleTest.xml
auto.tcl: Setting watchdog for 200 seconds at Sat Aug 17 05:22:13 UTC 2019
12 ms. Memory: 45056K Free: 27262K (61%)
ptolemy.util.test.WatchDog.cancel(): canceling Sat Aug 17 05:22:13 UTC 2019
auto.tcl: Setting watchdog for 200 seconds at Sat Aug 17 05:22:13 UTC 2019
3 ms. Memory: 45056K Free: 26538K (59%)
ptolemy.util.test.WatchDog.cancel(): canceling Sat Aug 17 05:22:13 UTC 2019
------------------ testing $PTII/ptolemy/domains/de/test/auto/DEinDEwithStartTimes.xml
auto.tcl: Setting watchdog for 200 seconds at Sat Aug 17 05:22:14 UTC 2019
5 ms. Memory: 45056K Free: 25527K (57%)
ptolemy.util.test.WatchDog.cancel(): canceling Sat Aug 17 05:22:14 UTC 2019
auto.tcl: Setting watchdog for 200 seconds at Sat Aug 17 05:22:14 UTC 2019
7 ms. Memory: 45056K Free: 24428K (54%)
ptolemy.util.test.WatchDog.cancel(): canceling Sat Aug 17 05:22:14 UTC 2019
------------------ testing $PTII/ptolemy/domains/de/test/auto/DEinDEwithStartTimes2.xml
auto.tcl: Setting watchdog for 200 seconds at Sat Aug 17 05:22:14 UTC 2019
7 ms. Memory: 45056K Free: 24761K (55%)
ptolemy.util.test.WatchDog.cancel(): canceling Sat Aug 17 05:22:14 UTC 2019
auto.tcl: Setting watchdog for 200 seconds at Sat Aug 17 05:22:14 UTC 2019
4 ms. Memory: 45056K Free: 23383K (52%)
ptolemy.util.test.WatchDog.cancel(): canceling Sat Aug 17 05:22:14 UTC 2019
------------------ testing $PTII/ptolemy/domains/de/test/auto/DateDemo.xml
auto.tcl: Setting watchdog for 200 seconds at Sat Aug 17 05:22:14 UTC 2019
26 ms. Memory: 45056K Free: 19046K (42%)
ptolemy.util.test.WatchDog.cancel(): canceling Sat Aug 17 05:22:14 UTC 2019
auto.tcl: Setting watchdog for 200 seconds at Sat Aug 17 05:22:14 UTC 2019
20 ms. Memory: 45056K Free: 17499K (39%)
ptolemy.util.test.WatchDog.cancel(): canceling Sat Aug 17 05:22:14 UTC 2019
------------------ testing $PTII/ptolemy/domains/de/test/auto/DateToEvent.xml
auto.tcl: Setting watchdog for 200 seconds at Sat Aug 17 05:22:14 UTC 2019
2019 ms. Memory: 45056K Free: 14947K (33%)
ptolemy.util.test.WatchDog.cancel(): canceling Sat Aug 17 05:22:16 UTC 2019
auto.tcl: Setting watchdog for 200 seconds at Sat Aug 17 05:22:16 UTC 2019
2006 ms. Memory: 45056K Free: 14215K (32%)
ptolemy.util.test.WatchDog.cancel(): canceling Sat Aug 17 05:22:18 UTC 2019
------------------ testing $PTII/ptolemy/domains/de/test/auto/DepthTest1.xml
auto.tcl: Setting watchdog for 200 seconds at Sat Aug 17 05:22:18 UTC 2019
4 ms. Memory: 45056K Free: 28231K (63%)
ptolemy.util.test.WatchDog.cancel(): canceling Sat Aug 17 05:22:18 UTC 2019
auto.tcl: Setting watchdog for 200 seconds at Sat Aug 17 05:22:18 UTC 2019
2 ms. Memory: 45056K Free: 27723K (62%)
ptolemy.util.test.WatchDog.cancel(): canceling Sat Aug 17 05:22:18 UTC 2019
------------------ testing $PTII/ptolemy/domains/de/test/auto/DepthTest2.xml
auto.tcl: Setting watchdog for 200 seconds at Sat Aug 17 05:22:18 UTC 2019
4 ms. Memory: 45056K Free: 24872K (55%)
ptolemy.util.test.WatchDog.cancel(): canceling Sat Aug 17 05:22:18 UTC 2019
auto.tcl: Setting watchdog for 200 seconds at Sat Aug 17 05:22:18 UTC 2019
3 ms. Memory: 45056K Free: 24422K (54%)
ptolemy.util.test.WatchDog.cancel(): canceling Sat Aug 17 05:22:18 UTC 2019
------------------ testing $PTII/ptolemy/domains/de/test/auto/DepthTest3.xml
auto.tcl: Setting watchdog for 200 seconds at Sat Aug 17 05:22:18 UTC 2019
3 ms. Memory: 45056K Free: 28424K (63%)
ptolemy.util.test.WatchDog.cancel(): canceling Sat Aug 17 05:22:18 UTC 2019
auto.tcl: Setting watchdog for 200 seconds at Sat Aug 17 05:22:18 UTC 2019
1 ms. Memory: 45056K Free: 28014K (62%)
ptolemy.util.test.WatchDog.cancel(): canceling Sat Aug 17 05:22:18 UTC 2019
------------------ testing $PTII/ptolemy/domains/de/test/auto/DepthTest4.xml
auto.tcl: Setting watchdog for 200 seconds at Sat Aug 17 05:22:18 UTC 2019
7 ms. Memory: 45056K Free: 26788K (59%)
ptolemy.util.test.WatchDog.cancel(): canceling Sat Aug 17 05:22:18 UTC 2019
auto.tcl: Setting watchdog for 200 seconds at Sat Aug 17 05:22:18 UTC 2019
2 ms. Memory: 45056K Free: 26074K (58%)
ptolemy.util.test.WatchDog.cancel(): canceling Sat Aug 17 05:22:18 UTC 2019
------------------ testing $PTII/ptolemy/domains/de/test/auto/DepthTest5.xml
auto.tcl: Setting watchdog for 200 seconds at Sat Aug 17 05:22:18 UTC 2019
4 ms. Memory: 45056K Free: 25915K (58%)
ptolemy.util.test.WatchDog.cancel(): canceling Sat Aug 17 05:22:18 UTC 2019
auto.tcl: Setting watchdog for 200 seconds at Sat Aug 17 05:22:18 UTC 2019
7 ms. Memory: 45056K Free: 25546K (57%)
ptolemy.util.test.WatchDog.cancel(): canceling Sat Aug 17 05:22:18 UTC 2019
------------------ testing $PTII/ptolemy/domains/de/test/auto/DepthTest6.xml
auto.tcl: Setting watchdog for 200 seconds at Sat Aug 17 05:22:18 UTC 2019
6 ms. Memory: 45056K Free: 25869K (57%)
ptolemy.util.test.WatchDog.cancel(): canceling Sat Aug 17 05:22:18 UTC 2019
auto.tcl: Setting watchdog for 200 seconds at Sat Aug 17 05:22:18 UTC 2019
3 ms. Memory: 45056K Free: 25363K (56%)
ptolemy.util.test.WatchDog.cancel(): canceling Sat Aug 17 05:22:18 UTC 2019
------------------ testing $PTII/ptolemy/domains/de/test/auto/DepthTest7.xml
auto.tcl: Setting watchdog for 200 seconds at Sat Aug 17 05:22:19 UTC 2019
3 ms. Memory: 45056K Free: 26546K (59%)
ptolemy.util.test.WatchDog.cancel(): canceling Sat Aug 17 05:22:19 UTC 2019
auto.tcl: Setting watchdog for 200 seconds at Sat Aug 17 05:22:19 UTC 2019
3 ms. Memory: 45056K Free: 25614K (57%)
ptolemy.util.test.WatchDog.cancel(): canceling Sat Aug 17 05:22:19 UTC 2019
------------------ testing $PTII/ptolemy/domains/de/test/auto/EventToDate.xml
auto.tcl: Setting watchdog for 200 seconds at Sat Aug 17 05:22:19 UTC 2019
3006 ms. Memory: 45056K Free: 17513K (39%)
ptolemy.util.test.WatchDog.cancel(): canceling Sat Aug 17 05:22:22 UTC 2019
auto.tcl: Setting watchdog for 200 seconds at Sat Aug 17 05:22:22 UTC 2019
3004 ms. Memory: 45056K Free: 16800K (37%)
ptolemy.util.test.WatchDog.cancel(): canceling Sat Aug 17 05:22:25 UTC 2019
------------------ testing $PTII/ptolemy/domains/de/test/auto/FSM1.xml
auto.tcl: Setting watchdog for 200 seconds at Sat Aug 17 05:22:25 UTC 2019
50 ms. Memory: 45056K Free: 18680K (41%)
ptolemy.util.test.WatchDog.cancel(): canceling Sat Aug 17 05:22:25 UTC 2019
auto.tcl: Setting watchdog for 200 seconds at Sat Aug 17 05:22:25 UTC 2019
40 ms. Memory: 45056K Free: 15477K (34%)
ptolemy.util.test.WatchDog.cancel(): canceling Sat Aug 17 05:22:25 UTC 2019
------------------ testing $PTII/ptolemy/domains/de/test/auto/FSM7.xml
auto.tcl: Setting watchdog for 200 seconds at Sat Aug 17 05:22:25 UTC 2019
34 ms. Memory: 45056K Free: 18390K (41%)
ptolemy.util.test.WatchDog.cancel(): canceling Sat Aug 17 05:22:25 UTC 2019
auto.tcl: Setting watchdog for 200 seconds at Sat Aug 17 05:22:25 UTC 2019
32 ms. Memory: 45056K Free: 15287K (34%)
ptolemy.util.test.WatchDog.cancel(): canceling Sat Aug 17 05:22:25 UTC 2019
------------------ testing $PTII/ptolemy/domains/de/test/auto/Inspection.xml
auto.tcl: Setting watchdog for 200 seconds at Sat Aug 17 05:22:25 UTC 2019
27 ms. Memory: 45056K Free: 18438K (41%)
ptolemy.util.test.WatchDog.cancel(): canceling Sat Aug 17 05:22:25 UTC 2019
auto.tcl: Setting watchdog for 200 seconds at Sat Aug 17 05:22:25 UTC 2019
27 ms. Memory: 45056K Free: 16699K (37%)
ptolemy.util.test.WatchDog.cancel(): canceling Sat Aug 17 05:22:25 UTC 2019
------------------ testing $PTII/ptolemy/domains/de/test/auto/Iteration.xml
auto.tcl: Setting watchdog for 200 seconds at Sat Aug 17 05:22:25 UTC 2019
8 ms. Memory: 45056K Free: 24203K (54%)
ptolemy.util.test.WatchDog.cancel(): canceling Sat Aug 17 05:22:25 UTC 2019
auto.tcl: Setting watchdog for 200 seconds at Sat Aug 17 05:22:25 UTC 2019
7 ms. Memory: 45056K Free: 22772K (51%)
ptolemy.util.test.WatchDog.cancel(): canceling Sat Aug 17 05:22:25 UTC 2019
------------------ testing $PTII/ptolemy/domains/de/test/auto/LineFault.xml
auto.tcl: Setting watchdog for 200 seconds at Sat Aug 17 05:22:25 UTC 2019
628 ms. Memory: 45056K Free: 25162K (56%)
ptolemy.util.test.WatchDog.cancel(): canceling Sat Aug 17 05:22:26 UTC 2019
auto.tcl: Setting watchdog for 200 seconds at Sat Aug 17 05:22:26 UTC 2019
625 ms. Memory: 56320K Free: 19963K (35%)
ptolemy.util.test.WatchDog.cancel(): canceling Sat Aug 17 05:22:27 UTC 2019
------------------ testing $PTII/ptolemy/domains/de/test/auto/MergeModel1Add.xml
auto.tcl: Setting watchdog for 200 seconds at Sat Aug 17 05:22:27 UTC 2019
34 ms. Memory: 51200K Free: 16311K (32%)
ptolemy.util.test.WatchDog.cancel(): canceling Sat Aug 17 05:22:27 UTC 2019
auto.tcl: Setting watchdog for 200 seconds at Sat Aug 17 05:22:27 UTC 2019
14 ms. Memory: 51200K Free: 14720K (29%)
ptolemy.util.test.WatchDog.cancel(): canceling Sat Aug 17 05:22:27 UTC 2019
------------------ testing $PTII/ptolemy/domains/de/test/auto/MergeModel2Add.xml
auto.tcl: Setting watchdog for 200 seconds at Sat Aug 17 05:22:27 UTC 2019
9 ms. Memory: 48128K Free: 15091K (31%)
ptolemy.util.test.WatchDog.cancel(): canceling Sat Aug 17 05:22:27 UTC 2019
auto.tcl: Setting watchdog for 200 seconds at Sat Aug 17 05:22:27 UTC 2019
9 ms. Memory: 48128K Free: 13341K (28%)
ptolemy.util.test.WatchDog.cancel(): canceling Sat Aug 17 05:22:27 UTC 2019
------------------ testing $PTII/ptolemy/domains/de/test/auto/MergeModel3Add.xml
auto.tcl: Setting watchdog for 200 seconds at Sat Aug 17 05:22:27 UTC 2019
9 ms. Memory: 48128K Free: 15348K (32%)
ptolemy.util.test.WatchDog.cancel(): canceling Sat Aug 17 05:22:27 UTC 2019
auto.tcl: Setting watchdog for 200 seconds at Sat Aug 17 05:22:27 UTC 2019
8 ms. Memory: 48128K Free: 13746K (29%)
ptolemy.util.test.WatchDog.cancel(): canceling Sat Aug 17 05:22:27 UTC 2019
------------------ testing $PTII/ptolemy/domains/de/test/auto/MergeWithoutDiscard.xml
auto.tcl: Setting watchdog for 200 seconds at Sat Aug 17 05:22:27 UTC 2019
2 ms. Memory: 48128K Free: 29817K (62%)
ptolemy.util.test.WatchDog.cancel(): canceling Sat Aug 17 05:22:27 UTC 2019
auto.tcl: Setting watchdog for 200 seconds at Sat Aug 17 05:22:27 UTC 2019
1 ms. Memory: 48128K Free: 29440K (61%)
ptolemy.util.test.WatchDog.cancel(): canceling Sat Aug 17 05:22:27 UTC 2019
------------------ testing $PTII/ptolemy/domains/de/test/auto/Modal1.xml
auto.tcl: Setting watchdog for 200 seconds at Sat Aug 17 05:22:27 UTC 2019
13 ms. Memory: 48128K Free: 21800K (45%)
ptolemy.util.test.WatchDog.cancel(): canceling Sat Aug 17 05:22:27 UTC 2019
auto.tcl: Setting watchdog for 200 seconds at Sat Aug 17 05:22:27 UTC 2019
14 ms. Memory: 48128K Free: 18355K (38%)
ptolemy.util.test.WatchDog.cancel(): canceling Sat Aug 17 05:22:27 UTC 2019
------------------ testing $PTII/ptolemy/domains/de/test/auto/Modal2.xml
auto.tcl: Setting watchdog for 200 seconds at Sat Aug 17 05:22:27 UTC 2019
20 ms. Memory: 48128K Free: 21885K (45%)
ptolemy.util.test.WatchDog.cancel(): canceling Sat Aug 17 05:22:28 UTC 2019
auto.tcl: Setting watchdog for 200 seconds at Sat Aug 17 05:22:28 UTC 2019
27 ms. Memory: 48128K Free: 18689K (39%)
ptolemy.util.test.WatchDog.cancel(): canceling Sat Aug 17 05:22:28 UTC 2019
------------------ testing $PTII/ptolemy/domains/de/test/auto/Modal3.xml
auto.tcl: Setting watchdog for 200 seconds at Sat Aug 17 05:22:28 UTC 2019
20 ms. Memory: 48128K Free: 21876K (45%)
ptolemy.util.test.WatchDog.cancel(): canceling Sat Aug 17 05:22:28 UTC 2019
auto.tcl: Setting watchdog for 200 seconds at Sat Aug 17 05:22:28 UTC 2019
19 ms. Memory: 48128K Free: 18317K (38%)
ptolemy.util.test.WatchDog.cancel(): canceling Sat Aug 17 05:22:28 UTC 2019
------------------ testing $PTII/ptolemy/domains/de/test/auto/Modal4.xml
auto.tcl: Setting watchdog for 200 seconds at Sat Aug 17 05:22:28 UTC 2019
26 ms. Memory: 48128K Free: 20848K (43%)
ptolemy.util.test.WatchDog.cancel(): canceling Sat Aug 17 05:22:28 UTC 2019
auto.tcl: Setting watchdog for 200 seconds at Sat Aug 17 05:22:28 UTC 2019
22 ms. Memory: 48128K Free: 16655K (35%)
ptolemy.util.test.WatchDog.cancel(): canceling Sat Aug 17 05:22:28 UTC 2019
------------------ testing $PTII/ptolemy/domains/de/test/auto/Modal5.xml
auto.tcl: Setting watchdog for 200 seconds at Sat Aug 17 05:22:28 UTC 2019
14 ms. Memory: 48128K Free: 20864K (43%)
ptolemy.util.test.WatchDog.cancel(): canceling Sat Aug 17 05:22:28 UTC 2019
auto.tcl: Setting watchdog for 200 seconds at Sat Aug 17 05:22:28 UTC 2019
15 ms. Memory: 48128K Free: 16985K (35%)
ptolemy.util.test.WatchDog.cancel(): canceling Sat Aug 17 05:22:28 UTC 2019
------------------ testing $PTII/ptolemy/domains/de/test/auto/Modal6.xml
auto.tcl: Setting watchdog for 200 seconds at Sat Aug 17 05:22:28 UTC 2019
20 ms. Memory: 48128K Free: 21601K (45%)
ptolemy.util.test.WatchDog.cancel(): canceling Sat Aug 17 05:22:28 UTC 2019
auto.tcl: Setting watchdog for 200 seconds at Sat Aug 17 05:22:28 UTC 2019
18 ms. Memory: 48128K Free: 17679K (37%)
ptolemy.util.test.WatchDog.cancel(): canceling Sat Aug 17 05:22:28 UTC 2019
------------------ testing $PTII/ptolemy/domains/de/test/auto/Modal7.xml
auto.tcl: Setting watchdog for 200 seconds at Sat Aug 17 05:22:28 UTC 2019
13 ms. Memory: 48128K Free: 20628K (43%)
ptolemy.util.test.WatchDog.cancel(): canceling Sat Aug 17 05:22:28 UTC 2019
auto.tcl: Setting watchdog for 200 seconds at Sat Aug 17 05:22:28 UTC 2019
12 ms. Memory: 48128K Free: 16985K (35%)
ptolemy.util.test.WatchDog.cancel(): canceling Sat Aug 17 05:22:28 UTC 2019
------------------ testing $PTII/ptolemy/domains/de/test/auto/ModalModel.xml
auto.tcl: Setting watchdog for 200 seconds at Sat Aug 17 05:22:28 UTC 2019
215 ms. Memory: 59392K Free: 39172K (66%)
ptolemy.util.test.WatchDog.cancel(): canceling Sat Aug 17 05:22:28 UTC 2019
auto.tcl: Setting watchdog for 200 seconds at Sat Aug 17 05:22:28 UTC 2019
224 ms. Memory: 59392K Free: 33605K (57%)
ptolemy.util.test.WatchDog.cancel(): canceling Sat Aug 17 05:22:29 UTC 2019
------------------ testing $PTII/ptolemy/domains/de/test/auto/ModalSource.xml
auto.tcl: Setting watchdog for 200 seconds at Sat Aug 17 05:22:29 UTC 2019
9 ms. Memory: 51200K Free: 28511K (56%)
ptolemy.util.test.WatchDog.cancel(): canceling Sat Aug 17 05:22:29 UTC 2019
auto.tcl: Setting watchdog for 200 seconds at Sat Aug 17 05:22:29 UTC 2019
6 ms. Memory: 51200K Free: 26439K (52%)
ptolemy.util.test.WatchDog.cancel(): canceling Sat Aug 17 05:22:29 UTC 2019
------------------ testing $PTII/ptolemy/domains/de/test/auto/NonInterruptibleTimerZeroDelay.xml
auto.tcl: Setting watchdog for 200 seconds at Sat Aug 17 05:22:29 UTC 2019
4 ms. Memory: 51200K Free: 33413K (65%)
ptolemy.util.test.WatchDog.cancel(): canceling Sat Aug 17 05:22:29 UTC 2019
auto.tcl: Setting watchdog for 200 seconds at Sat Aug 17 05:22:29 UTC 2019
2 ms. Memory: 51200K Free: 32777K (64%)
ptolemy.util.test.WatchDog.cancel(): canceling Sat Aug 17 05:22:29 UTC 2019
------------------ testing $PTII/ptolemy/domains/de/test/auto/OpenQueueingNetwork.xml
auto.tcl: Setting watchdog for 200 seconds at Sat Aug 17 05:22:29 UTC 2019
2890 ms. Memory: 114688K Free: 63725K (56%)
ptolemy.util.test.WatchDog.cancel(): canceling Sat Aug 17 05:22:32 UTC 2019
auto.tcl: Setting watchdog for 200 seconds at Sat Aug 17 05:22:32 UTC 2019
2703 ms. Memory: 165888K Free: 90363K (54%)
ptolemy.util.test.WatchDog.cancel(): canceling Sat Aug 17 05:22:35 UTC 2019
------------------ testing $PTII/ptolemy/domains/de/test/auto/OpenQueuingNetwork.xml
auto.tcl: Setting watchdog for 200 seconds at Sat Aug 17 05:22:35 UTC 2019
254 ms. Memory: 55296K Free: 26506K (48%)
ptolemy.util.test.WatchDog.cancel(): canceling Sat Aug 17 05:22:35 UTC 2019
auto.tcl: Setting watchdog for 200 seconds at Sat Aug 17 05:22:35 UTC 2019
245 ms. Memory: 55296K Free: 36108K (65%)
ptolemy.util.test.WatchDog.cancel(): canceling Sat Aug 17 05:22:35 UTC 2019
------------------ testing $PTII/ptolemy/domains/de/test/auto/PeriodicSampler.xml
auto.tcl: Setting watchdog for 200 seconds at Sat Aug 17 05:22:35 UTC 2019
3 ms. Memory: 51200K Free: 32618K (64%)
ptolemy.util.test.WatchDog.cancel(): canceling Sat Aug 17 05:22:35 UTC 2019
auto.tcl: Setting watchdog for 200 seconds at Sat Aug 17 05:22:35 UTC 2019
2 ms. Memory: 51200K Free: 32122K (63%)
ptolemy.util.test.WatchDog.cancel(): canceling Sat Aug 17 05:22:35 UTC 2019
------------------ testing $PTII/ptolemy/domains/de/test/auto/PersistentIO.xml
auto.tcl: Setting watchdog for 200 seconds at Sat Aug 17 05:22:35 UTC 2019
17 ms. Memory: 51200K Free: 27543K (54%)
ptolemy.util.test.WatchDog.cancel(): canceling Sat Aug 17 05:22:35 UTC 2019
auto.tcl: Setting watchdog for 200 seconds at Sat Aug 17 05:22:35 UTC 2019
4 ms. Memory: 51200K Free: 26023K (51%)
ptolemy.util.test.WatchDog.cancel(): canceling Sat Aug 17 05:22:36 UTC 2019
------------------ testing $PTII/ptolemy/domains/de/test/auto/PortParameterResetOnInitialize.xml
auto.tcl: Setting watchdog for 200 seconds at Sat Aug 17 05:22:36 UTC 2019
3 ms. Memory: 48128K Free: 29458K (61%)
ptolemy.util.test.WatchDog.cancel(): canceling Sat Aug 17 05:22:36 UTC 2019
auto.tcl: Setting watchdog for 200 seconds at Sat Aug 17 05:22:36 UTC 2019
2 ms. Memory: 48128K Free: 28961K (60%)
ptolemy.util.test.WatchDog.cancel(): canceling Sat Aug 17 05:22:36 UTC 2019
------------------ testing $PTII/ptolemy/domains/de/test/auto/PortParameterUpdates.xml
auto.tcl: Setting watchdog for 200 seconds at Sat Aug 17 05:22:36 UTC 2019
6 ms. Memory: 48128K Free: 27785K (58%)
ptolemy.util.test.WatchDog.cancel(): canceling Sat Aug 17 05:22:36 UTC 2019
auto.tcl: Setting watchdog for 200 seconds at Sat Aug 17 05:22:36 UTC 2019
3 ms. Memory: 48128K Free: 26569K (55%)
ptolemy.util.test.WatchDog.cancel(): canceling Sat Aug 17 05:22:36 UTC 2019
------------------ testing $PTII/ptolemy/domains/de/test/auto/QueueAndServer.xml
auto.tcl: Setting watchdog for 200 seconds at Sat Aug 17 05:22:36 UTC 2019
7 ms. Memory: 48128K Free: 26739K (56%)
ptolemy.util.test.WatchDog.cancel(): canceling Sat Aug 17 05:22:36 UTC 2019
auto.tcl: Setting watchdog for 200 seconds at Sat Aug 17 05:22:36 UTC 2019
7 ms. Memory: 48128K Free: 25064K (52%)
ptolemy.util.test.WatchDog.cancel(): canceling Sat Aug 17 05:22:36 UTC 2019
------------------ testing $PTII/ptolemy/domains/de/test/auto/Records.xml
auto.tcl: Setting watchdog for 200 seconds at Sat Aug 17 05:22:36 UTC 2019
3 ms. Memory: 48128K Free: 28999K (60%)
ptolemy.util.test.WatchDog.cancel(): canceling Sat Aug 17 05:22:36 UTC 2019
auto.tcl: Setting watchdog for 200 seconds at Sat Aug 17 05:22:36 UTC 2019
2 ms. Memory: 48128K Free: 28538K (59%)
ptolemy.util.test.WatchDog.cancel(): canceling Sat Aug 17 05:22:36 UTC 2019
------------------ testing $PTII/ptolemy/domains/de/test/auto/ResetTransitionWithStartTime1.xml
auto.tcl: Setting watchdog for 200 seconds at Sat Aug 17 05:22:36 UTC 2019
14 ms. Memory: 48128K Free: 25955K (54%)
ptolemy.util.test.WatchDog.cancel(): canceling Sat Aug 17 05:22:36 UTC 2019
auto.tcl: Setting watchdog for 200 seconds at Sat Aug 17 05:22:36 UTC 2019
6 ms. Memory: 48128K Free: 23446K (49%)
ptolemy.util.test.WatchDog.cancel(): canceling Sat Aug 17 05:22:36 UTC 2019
------------------ testing $PTII/ptolemy/domains/de/test/auto/ResetTransitionWithStartTime2.xml
auto.tcl: Setting watchdog for 200 seconds at Sat Aug 17 05:22:36 UTC 2019
8 ms. Memory: 48128K Free: 25910K (54%)
ptolemy.util.test.WatchDog.cancel(): canceling Sat Aug 17 05:22:36 UTC 2019
auto.tcl: Setting watchdog for 200 seconds at Sat Aug 17 05:22:36 UTC 2019
7 ms. Memory: 48128K Free: 23371K (49%)
ptolemy.util.test.WatchDog.cancel(): canceling Sat Aug 17 05:22:36 UTC 2019
------------------ testing $PTII/ptolemy/domains/de/test/auto/ResetTransitionWithStartTime3.xml
auto.tcl: Setting watchdog for 200 seconds at Sat Aug 17 05:22:36 UTC 2019
9 ms. Memory: 48128K Free: 25909K (54%)
ptolemy.util.test.WatchDog.cancel(): canceling Sat Aug 17 05:22:36 UTC 2019
auto.tcl: Setting watchdog for 200 seconds at Sat Aug 17 05:22:36 UTC 2019
6 ms. Memory: 48128K Free: 23861K (50%)
ptolemy.util.test.WatchDog.cancel(): canceling Sat Aug 17 05:22:36 UTC 2019
------------------ testing $PTII/ptolemy/domains/de/test/auto/ResetTransitionWithStartTime4.xml
auto.tcl: Setting watchdog for 200 seconds at Sat Aug 17 05:22:36 UTC 2019
12 ms. Memory: 48128K Free: 26338K (55%)
ptolemy.util.test.WatchDog.cancel(): canceling Sat Aug 17 05:22:36 UTC 2019
auto.tcl: Setting watchdog for 200 seconds at Sat Aug 17 05:22:36 UTC 2019
4 ms. Memory: 48128K Free: 24899K (52%)
ptolemy.util.test.WatchDog.cancel(): canceling Sat Aug 17 05:22:36 UTC 2019
------------------ testing $PTII/ptolemy/domains/de/test/auto/ResettableTimer1.xml
auto.tcl: Setting watchdog for 200 seconds at Sat Aug 17 05:22:36 UTC 2019
4 ms. Memory: 48128K Free: 29986K (62%)
ptolemy.util.test.WatchDog.cancel(): canceling Sat Aug 17 05:22:36 UTC 2019
auto.tcl: Setting watchdog for 200 seconds at Sat Aug 17 05:22:36 UTC 2019
3 ms. Memory: 48128K Free: 29045K (60%)
ptolemy.util.test.WatchDog.cancel(): canceling Sat Aug 17 05:22:36 UTC 2019
------------------ testing $PTII/ptolemy/domains/de/test/auto/ResettableTimer2.xml
auto.tcl: Setting watchdog for 200 seconds at Sat Aug 17 05:22:36 UTC 2019
3 ms. Memory: 48128K Free: 30042K (62%)
ptolemy.util.test.WatchDog.cancel(): canceling Sat Aug 17 05:22:36 UTC 2019
auto.tcl: Setting watchdog for 200 seconds at Sat Aug 17 05:22:36 UTC 2019
3 ms. Memory: 48128K Free: 29109K (60%)
ptolemy.util.test.WatchDog.cancel(): canceling Sat Aug 17 05:22:36 UTC 2019
------------------ testing $PTII/ptolemy/domains/de/test/auto/ResettableTimer3.xml
auto.tcl: Setting watchdog for 200 seconds at Sat Aug 17 05:22:36 UTC 2019
5 ms. Memory: 48128K Free: 30538K (63%)
ptolemy.util.test.WatchDog.cancel(): canceling Sat Aug 17 05:22:36 UTC 2019
auto.tcl: Setting watchdog for 200 seconds at Sat Aug 17 05:22:36 UTC 2019
2 ms. Memory: 48128K Free: 30061K (62%)
ptolemy.util.test.WatchDog.cancel(): canceling Sat Aug 17 05:22:36 UTC 2019
------------------ testing $PTII/ptolemy/domains/de/test/auto/ResettableTimer4.xml
auto.tcl: Setting watchdog for 200 seconds at Sat Aug 17 05:22:36 UTC 2019
2 ms. Memory: 48128K Free: 30074K (62%)
ptolemy.util.test.WatchDog.cancel(): canceling Sat Aug 17 05:22:36 UTC 2019
auto.tcl: Setting watchdog for 200 seconds at Sat Aug 17 05:22:36 UTC 2019
1 ms. Memory: 48128K Free: 29577K (61%)
ptolemy.util.test.WatchDog.cancel(): canceling Sat Aug 17 05:22:36 UTC 2019
------------------ testing $PTII/ptolemy/domains/de/test/auto/ResettableTimer5.xml
auto.tcl: Setting watchdog for 200 seconds at Sat Aug 17 05:22:37 UTC 2019
2 ms. Memory: 48128K Free: 29533K (61%)
ptolemy.util.test.WatchDog.cancel(): canceling Sat Aug 17 05:22:37 UTC 2019
auto.tcl: Setting watchdog for 200 seconds at Sat Aug 17 05:22:37 UTC 2019
1 ms. Memory: 48128K Free: 29059K (60%)
ptolemy.util.test.WatchDog.cancel(): canceling Sat Aug 17 05:22:37 UTC 2019
------------------ testing $PTII/ptolemy/domains/de/test/auto/ResettableTimer6.xml
auto.tcl: Setting watchdog for 200 seconds at Sat Aug 17 05:22:37 UTC 2019
2 ms. Memory: 48128K Free: 29516K (61%)
ptolemy.util.test.WatchDog.cancel(): canceling Sat Aug 17 05:22:37 UTC 2019
auto.tcl: Setting watchdog for 200 seconds at Sat Aug 17 05:22:37 UTC 2019
2 ms. Memory: 48128K Free: 29023K (60%)
ptolemy.util.test.WatchDog.cancel(): canceling Sat Aug 17 05:22:37 UTC 2019
------------------ testing $PTII/ptolemy/domains/de/test/auto/ServerZeroDelay.xml
auto.tcl: Setting watchdog for 200 seconds at Sat Aug 17 05:22:37 UTC 2019
3 ms. Memory: 48128K Free: 30035K (62%)
ptolemy.util.test.WatchDog.cancel(): canceling Sat Aug 17 05:22:37 UTC 2019
auto.tcl: Setting watchdog for 200 seconds at Sat Aug 17 05:22:37 UTC 2019
3 ms. Memory: 48128K Free: 29085K (60%)
ptolemy.util.test.WatchDog.cancel(): canceling Sat Aug 17 05:22:37 UTC 2019
------------------ testing $PTII/ptolemy/domains/de/test/auto/SmartSender.xml
auto.tcl: Setting watchdog for 200 seconds at Sat Aug 17 05:22:37 UTC 2019
3002 ms. Memory: 48128K Free: 30050K (62%)
ptolemy.util.test.WatchDog.cancel(): canceling Sat Aug 17 05:22:40 UTC 2019
auto.tcl: Setting watchdog for 200 seconds at Sat Aug 17 05:22:40 UTC 2019
3002 ms. Memory: 48128K Free: 29554K (61%)
ptolemy.util.test.WatchDog.cancel(): canceling Sat Aug 17 05:22:43 UTC 2019
------------------ testing $PTII/ptolemy/domains/de/test/auto/ThreadedComposite.xml
auto.tcl: Setting watchdog for 200 seconds at Sat Aug 17 05:22:43 UTC 2019
266 ms. Memory: 48128K Free: 10587K (22%)
ptolemy.util.test.WatchDog.cancel(): canceling Sat Aug 17 05:22:43 UTC 2019
auto.tcl: Setting watchdog for 200 seconds at Sat Aug 17 05:22:43 UTC 2019
144 ms. Memory: 48128K Free: 24195K (50%)
ptolemy.util.test.WatchDog.cancel(): canceling Sat Aug 17 05:22:43 UTC 2019
------------------ testing $PTII/ptolemy/domains/de/test/auto/Time.xml
auto.tcl: Setting watchdog for 200 seconds at Sat Aug 17 05:22:43 UTC 2019
553 ms. Memory: 48128K Free: 29189K (61%)
ptolemy.util.test.WatchDog.cancel(): canceling Sat Aug 17 05:22:44 UTC 2019
auto.tcl: Setting watchdog for 200 seconds at Sat Aug 17 05:22:44 UTC 2019
534 ms. Memory: 48128K Free: 27797K (58%)
ptolemy.util.test.WatchDog.cancel(): canceling Sat Aug 17 05:22:44 UTC 2019
------------------ testing $PTII/ptolemy/domains/de/test/auto/TimeDelayZeroDelay.xml
auto.tcl: Setting watchdog for 200 seconds at Sat Aug 17 05:22:45 UTC 2019
3 ms. Memory: 48128K Free: 30438K (63%)
ptolemy.util.test.WatchDog.cancel(): canceling Sat Aug 17 05:22:45 UTC 2019
auto.tcl: Setting watchdog for 200 seconds at Sat Aug 17 05:22:45 UTC 2019
2 ms. Memory: 48128K Free: 29552K (61%)
ptolemy.util.test.WatchDog.cancel(): canceling Sat Aug 17 05:22:45 UTC 2019
------------------ testing $PTII/ptolemy/domains/de/test/auto/TimerZeroDelay.xml
auto.tcl: Setting watchdog for 200 seconds at Sat Aug 17 05:22:45 UTC 2019
4 ms. Memory: 48128K Free: 30001K (62%)
ptolemy.util.test.WatchDog.cancel(): canceling Sat Aug 17 05:22:45 UTC 2019
auto.tcl: Setting watchdog for 200 seconds at Sat Aug 17 05:22:45 UTC 2019
3 ms. Memory: 48128K Free: 29580K (61%)
ptolemy.util.test.WatchDog.cancel(): canceling Sat Aug 17 05:22:45 UTC 2019
------------------ testing $PTII/ptolemy/domains/de/test/auto/TimingParadox.xml
auto.tcl: Setting watchdog for 200 seconds at Sat Aug 17 05:22:45 UTC 2019
400 ms. Memory: 48128K Free: 12629K (26%)
ptolemy.util.test.WatchDog.cancel(): canceling Sat Aug 17 05:22:45 UTC 2019
auto.tcl: Setting watchdog for 200 seconds at Sat Aug 17 05:22:45 UTC 2019
371 ms. Memory: 48128K Free: 24709K (51%)
ptolemy.util.test.WatchDog.cancel(): canceling Sat Aug 17 05:22:46 UTC 2019
------------------ testing $PTII/ptolemy/domains/de/test/auto/TransferInputs.xml
auto.tcl: Setting watchdog for 200 seconds at Sat Aug 17 05:22:46 UTC 2019
2 ms. Memory: 48128K Free: 28483K (59%)
ptolemy.util.test.WatchDog.cancel(): canceling Sat Aug 17 05:22:46 UTC 2019
auto.tcl: Setting watchdog for 200 seconds at Sat Aug 17 05:22:46 UTC 2019
2 ms. Memory: 48128K Free: 27617K (57%)
ptolemy.util.test.WatchDog.cancel(): canceling Sat Aug 17 05:22:46 UTC 2019
------------------ testing $PTII/ptolemy/domains/de/test/auto/TransferOutputs2.xml
auto.tcl: Setting watchdog for 200 seconds at Sat Aug 17 05:22:46 UTC 2019
3 ms. Memory: 48128K Free: 25912K (54%)
ptolemy.util.test.WatchDog.cancel(): canceling Sat Aug 17 05:22:46 UTC 2019
auto.tcl: Setting watchdog for 200 seconds at Sat Aug 17 05:22:46 UTC 2019
3 ms. Memory: 48128K Free: 24516K (51%)
ptolemy.util.test.WatchDog.cancel(): canceling Sat Aug 17 05:22:46 UTC 2019
------------------ testing $PTII/ptolemy/domains/de/test/auto/Trilateration.xml
auto.tcl: Setting watchdog for 200 seconds at Sat Aug 17 05:22:46 UTC 2019
15688 ms. Memory: 557056K Free: 366261K (66%)
ptolemy.util.test.WatchDog.cancel(): canceling Sat Aug 17 05:23:03 UTC 2019
auto.tcl: Setting watchdog for 200 seconds at Sat Aug 17 05:23:03 UTC 2019
11544 ms. Memory: 557056K Free: 360123K (65%)
ptolemy.util.test.WatchDog.cancel(): canceling Sat Aug 17 05:23:14 UTC 2019
------------------ testing $PTII/ptolemy/domains/de/test/auto/TwoSigmaDelta.xml
auto.tcl: Setting watchdog for 200 seconds at Sat Aug 17 05:23:15 UTC 2019
2646 ms. Memory: 89088K Free: 29707K (33%)
ptolemy.util.test.WatchDog.cancel(): canceling Sat Aug 17 05:23:17 UTC 2019
auto.tcl: Setting watchdog for 200 seconds at Sat Aug 17 05:23:17 UTC 2019
2173 ms. Memory: 89088K Free: 28659K (32%)
ptolemy.util.test.WatchDog.cancel(): canceling Sat Aug 17 05:23:19 UTC 2019
------------------ testing $PTII/ptolemy/domains/de/test/auto/VariableDelay.xml
auto.tcl: Setting watchdog for 200 seconds at Sat Aug 17 05:23:20 UTC 2019
3 ms. Memory: 51200K Free: 32027K (63%)
ptolemy.util.test.WatchDog.cancel(): canceling Sat Aug 17 05:23:20 UTC 2019
auto.tcl: Setting watchdog for 200 seconds at Sat Aug 17 05:23:20 UTC 2019
2 ms. Memory: 51200K Free: 31011K (61%)
ptolemy.util.test.WatchDog.cancel(): canceling Sat Aug 17 05:23:20 UTC 2019
------------------ testing $PTII/ptolemy/domains/de/test/auto/VariableDelay2.xml
auto.tcl: Setting watchdog for 200 seconds at Sat Aug 17 05:23:20 UTC 2019
2 ms. Memory: 51200K Free: 32336K (63%)
ptolemy.util.test.WatchDog.cancel(): canceling Sat Aug 17 05:23:20 UTC 2019
auto.tcl: Setting watchdog for 200 seconds at Sat Aug 17 05:23:20 UTC 2019
2 ms. Memory: 51200K Free: 31386K (61%)
ptolemy.util.test.WatchDog.cancel(): canceling Sat Aug 17 05:23:20 UTC 2019
------------------ testing $PTII/ptolemy/domains/de/test/auto/VariableDelayZeroDelay.xml
auto.tcl: Setting watchdog for 200 seconds at Sat Aug 17 05:23:20 UTC 2019
3 ms. Memory: 51200K Free: 32953K (64%)
ptolemy.util.test.WatchDog.cancel(): canceling Sat Aug 17 05:23:20 UTC 2019
auto.tcl: Setting watchdog for 200 seconds at Sat Aug 17 05:23:20 UTC 2019
2 ms. Memory: 51200K Free: 32425K (63%)
ptolemy.util.test.WatchDog.cancel(): canceling Sat Aug 17 05:23:20 UTC 2019
------------------ testing $PTII/ptolemy/domains/de/test/auto/VariableDelayZeroDelay2.xml
auto.tcl: Setting watchdog for 200 seconds at Sat Aug 17 05:23:20 UTC 2019
3 ms. Memory: 51200K Free: 32952K (64%)
ptolemy.util.test.WatchDog.cancel(): canceling Sat Aug 17 05:23:20 UTC 2019
auto.tcl: Setting watchdog for 200 seconds at Sat Aug 17 05:23:20 UTC 2019
2 ms. Memory: 51200K Free: 31928K (62%)
ptolemy.util.test.WatchDog.cancel(): canceling Sat Aug 17 05:23:20 UTC 2019
------------------ testing $PTII/ptolemy/domains/de/test/auto/deInCt.xml
auto.tcl: Setting watchdog for 200 seconds at Sat Aug 17 05:23:20 UTC 2019
0
1
1
1
1
1
0
0
0
1
1
1
1
0
0
0
0
1
1
1
0
0
1
1
1
1
1
1
1
18 ms. Memory: 48128K Free: 28853K (60%)
ptolemy.util.test.WatchDog.cancel(): canceling Sat Aug 17 05:23:20 UTC 2019
auto.tcl: Setting watchdog for 200 seconds at Sat Aug 17 05:23:20 UTC 2019
0
1
1
1
0
0
0
0
0
0
1
1
1
1
0
0
0
0
0
1
1
1
1
0
0
0
1
1
1
1
9 ms. Memory: 48128K Free: 27322K (57%)
ptolemy.util.test.WatchDog.cancel(): canceling Sat Aug 17 05:23:20 UTC 2019
------------------ testing $PTII/ptolemy/domains/de/test/auto/deInCt2.xml
auto.tcl: Setting watchdog for 200 seconds at Sat Aug 17 05:23:20 UTC 2019
0
1
1
1
0
0
1
1
1
0
0
1
1
1
0
0
1
1
1
0
0
1
1
1
0
0
1
1
1
0
0
1
1
1
0
0
1
1
1
0
0
0
17 ms. Memory: 48128K Free: 28854K (60%)
ptolemy.util.test.WatchDog.cancel(): canceling Sat Aug 17 05:23:20 UTC 2019
auto.tcl: Setting watchdog for 200 seconds at Sat Aug 17 05:23:20 UTC 2019
0
1
1
1
0
0
1
1
1
0
0
1
1
1
0
0
1
1
1
0
0
1
1
1
0
0
1
1
1
0
0
1
1
1
0
0
1
1
1
0
0
0
11 ms. Memory: 48128K Free: 27323K (57%)
ptolemy.util.test.WatchDog.cancel(): canceling Sat Aug 17 05:23:20 UTC 2019
------------------ testing $PTII/ptolemy/domains/de/test/auto/dynamicCausalityInterface1.xml
auto.tcl: Setting watchdog for 200 seconds at Sat Aug 17 05:23:20 UTC 2019
2 ms. Memory: 48128K Free: 24131K (50%)
ptolemy.util.test.WatchDog.cancel(): canceling Sat Aug 17 05:23:20 UTC 2019
auto.tcl: Setting watchdog for 200 seconds at Sat Aug 17 05:23:20 UTC 2019
1 ms. Memory: 48128K Free: 23657K (49%)
ptolemy.util.test.WatchDog.cancel(): canceling Sat Aug 17 05:23:20 UTC 2019
------------------ testing $PTII/ptolemy/domains/de/test/auto/fsm_de_test.xml
auto.tcl: Setting watchdog for 200 seconds at Sat Aug 17 05:23:20 UTC 2019
7 ms. Memory: 48128K Free: 24789K (52%)
ptolemy.util.test.WatchDog.cancel(): canceling Sat Aug 17 05:23:20 UTC 2019
auto.tcl: Setting watchdog for 200 seconds at Sat Aug 17 05:23:20 UTC 2019
6 ms. Memory: 48128K Free: 22607K (47%)
ptolemy.util.test.WatchDog.cancel(): canceling Sat Aug 17 05:23:20 UTC 2019
------------------ testing $PTII/ptolemy/domains/de/test/auto/functionDependencyReconstruction.xml
auto.tcl: Setting watchdog for 200 seconds at Sat Aug 17 05:23:20 UTC 2019
3 ms. Memory: 48128K Free: 18425K (38%)
ptolemy.util.test.WatchDog.cancel(): canceling Sat Aug 17 05:23:20 UTC 2019
auto.tcl: Setting watchdog for 200 seconds at Sat Aug 17 05:23:20 UTC 2019
4 ms. Memory: 48128K Free: 16423K (34%)
ptolemy.util.test.WatchDog.cancel(): canceling Sat Aug 17 05:23:20 UTC 2019
------------------ testing $PTII/ptolemy/domains/de/test/auto/multirate.xml
auto.tcl: Setting watchdog for 200 seconds at Sat Aug 17 05:23:20 UTC 2019
6 ms. Memory: 48128K Free: 26645K (55%)
ptolemy.util.test.WatchDog.cancel(): canceling Sat Aug 17 05:23:20 UTC 2019
auto.tcl: Setting watchdog for 200 seconds at Sat Aug 17 05:23:20 UTC 2019
3 ms. Memory: 48128K Free: 25521K (53%)
ptolemy.util.test.WatchDog.cancel(): canceling Sat Aug 17 05:23:20 UTC 2019
------------------ testing $PTII/ptolemy/domains/de/test/auto/multirate2.xml
auto.tcl: Setting watchdog for 200 seconds at Sat Aug 17 05:23:20 UTC 2019
2 ms. Memory: 48128K Free: 27176K (56%)
ptolemy.util.test.WatchDog.cancel(): canceling Sat Aug 17 05:23:20 UTC 2019
auto.tcl: Setting watchdog for 200 seconds at Sat Aug 17 05:23:20 UTC 2019
3 ms. Memory: 48128K Free: 25724K (53%)
ptolemy.util.test.WatchDog.cancel(): canceling Sat Aug 17 05:23:20 UTC 2019
------------------ testing $PTII/ptolemy/domains/de/test/auto/realtime.xml
auto.tcl: Setting watchdog for 200 seconds at Sat Aug 17 05:23:20 UTC 2019
10002 ms. Memory: 48128K Free: 29452K (61%)
ptolemy.util.test.WatchDog.cancel(): canceling Sat Aug 17 05:23:30 UTC 2019
auto.tcl: Setting watchdog for 200 seconds at Sat Aug 17 05:23:30 UTC 2019
10002 ms. Memory: 48128K Free: 28726K (60%)
ptolemy.util.test.WatchDog.cancel(): canceling Sat Aug 17 05:23:40 UTC 2019
------------------ testing $PTII/ptolemy/domains/de/test/auto/relationGroup.xml
auto.tcl: Setting watchdog for 200 seconds at Sat Aug 17 05:23:41 UTC 2019
3 ms. Memory: 48128K Free: 30534K (63%)
ptolemy.util.test.WatchDog.cancel(): canceling Sat Aug 17 05:23:41 UTC 2019
auto.tcl: Setting watchdog for 200 seconds at Sat Aug 17 05:23:41 UTC 2019
2 ms. Memory: 48128K Free: 29808K (62%)
ptolemy.util.test.WatchDog.cancel(): canceling Sat Aug 17 05:23:41 UTC 2019
------------------ testing $PTII/ptolemy/domains/de/test/auto/relationGroup2.xml
auto.tcl: Setting watchdog for 200 seconds at Sat Aug 17 05:23:41 UTC 2019
1 ms. Memory: 48128K Free: 30344K (63%)
ptolemy.util.test.WatchDog.cancel(): canceling Sat Aug 17 05:23:41 UTC 2019
auto.tcl: Setting watchdog for 200 seconds at Sat Aug 17 05:23:41 UTC 2019
1 ms. Memory: 48128K Free: 29834K (62%)
ptolemy.util.test.WatchDog.cancel(): canceling Sat Aug 17 05:23:41 UTC 2019
------------------ testing $PTII/ptolemy/domains/de/test/auto/sortWithOpaquePorts.xml
auto.tcl: Setting watchdog for 200 seconds at Sat Aug 17 05:23:41 UTC 2019
2 ms. Memory: 48128K Free: 29290K (61%)
ptolemy.util.test.WatchDog.cancel(): canceling Sat Aug 17 05:23:41 UTC 2019
auto.tcl: Setting watchdog for 200 seconds at Sat Aug 17 05:23:41 UTC 2019
3 ms. Memory: 48128K Free: 28325K (59%)
ptolemy.util.test.WatchDog.cancel(): canceling Sat Aug 17 05:23:41 UTC 2019
------------------ testing $PTII/ptolemy/domains/de/test/auto/transferInputsandOutputs.xml
auto.tcl: Setting watchdog for 200 seconds at Sat Aug 17 05:23:41 UTC 2019
2 ms. Memory: 48128K Free: 26749K (56%)
ptolemy.util.test.WatchDog.cancel(): canceling Sat Aug 17 05:23:41 UTC 2019
auto.tcl: Setting watchdog for 200 seconds at Sat Aug 17 05:23:41 UTC 2019
3 ms. Memory: 48128K Free: 25742K (53%)
ptolemy.util.test.WatchDog.cancel(): canceling Sat Aug 17 05:23:41 UTC 2019
------------------ testing $PTII/ptolemy/domains/de/test/auto/triggerType.xml
auto.tcl: Setting watchdog for 200 seconds at Sat Aug 17 05:23:41 UTC 2019
2 ms. Memory: 48128K Free: 29774K (62%)
ptolemy.util.test.WatchDog.cancel(): canceling Sat Aug 17 05:23:41 UTC 2019
auto.tcl: Setting watchdog for 200 seconds at Sat Aug 17 05:23:41 UTC 2019
2 ms. Memory: 48128K Free: 28803K (60%)
ptolemy.util.test.WatchDog.cancel(): canceling Sat Aug 17 05:23:41 UTC 2019
08/17/19 05:23:41
Failed: 0  Total Tests: 192  ((Passed: 187, Newly Passed: 1)  Known Failed: 5) /home/travis/build/icyphy/ptII/ptolemy/domains/de/test
08/17/19 05:23:41
Failed: 0  Total Tests: 192  ((Passed: 187, Newly Passed: 1)  Known Failed: 5) /home/travis/build/icyphy/ptII/ptolemy/domains/de/test
----------------- testing (KnownFailure) /home/travis/build/icyphy/ptII/ptolemy/domains/de/test/auto/knownFailedTests/DESDFClockTest.xml
2012 ms. Memory: 48128K Free: 23169K (48%)
Known Failure: java.lang.reflect.InvocationTargetException
----------------- testing (KnownFailure) /home/travis/build/icyphy/ptII/ptolemy/domains/de/test/auto/knownFailedTests/DirectFeedback.xml
5 ms. Memory: 48128K Free: 19073K (40%)
Known Failure: java.lang.reflect.InvocationTargetException
----------------- testing (KnownFailure) /home/travis/build/icyphy/ptII/ptolemy/domains/de/test/auto/knownFailedTests/FSMSource.xml
8 ms. Memory: 48128K Free: 11395K (24%)
----------------- testing (KnownFailure) /home/travis/build/icyphy/ptII/ptolemy/domains/de/test/auto/knownFailedTests/HierarchicalModel.xml
3 ms. Memory: 48128K Free: 22503K (47%)
Known Failure: java.lang.reflect.InvocationTargetException
----------------- testing (KnownFailure) /home/travis/build/icyphy/ptII/ptolemy/domains/de/test/auto/knownFailedTests/dependencyLoop.xml
4 ms. Memory: 48128K Free: 7239K (15%)
Known Failure: java.lang.reflect.InvocationTargetException
----------------- testing (KnownFailure) /home/travis/build/icyphy/ptII/ptolemy/domains/de/test/auto/knownFailedTests/dependencyLoop2.xml
8 ms. Memory: 48128K Free: 19610K (41%)
Known Failure: java.lang.reflect.InvocationTargetException
No auto/linux-amd64/*.xml tests in /home/travis/build/icyphy/ptII/ptolemy/domains/de/test
AutoTests.java: About to close Vertx.
AutoTests.java: Vertx closed.

===========================================================================================
----------------- testing Sat Aug 17 05:23:43 UTC 2019 /home/travis/build/icyphy/ptII/ptolemy/domains/de/test/auto/ActorDepthCalculation_actorWithoutPorts.xml
----------------- Instantiating /home/travis/build/icyphy/ptII/ptolemy/domains/de/test/auto/ActorDepthCalculation_actorWithoutPorts.xml
3 ms. Memory: 48128K Free: 12708K (26%)
----------------- Invoking toplevel() on ptolemy.moml.MoMLSimpleApplication@2b8e8b26
----------------- Done invoking toplevel() on ptolemy.moml.MoMLSimpleApplication@2b8e8b26
reloadAllAccessors: .ActorDepthCalculation_actorWithoutPorts

===========================================================================================
----------------- testing Sat Aug 17 05:23:43 UTC 2019 /home/travis/build/icyphy/ptII/ptolemy/domains/de/test/auto/AssemblyLine.xml
----------------- Instantiating /home/travis/build/icyphy/ptII/ptolemy/domains/de/test/auto/AssemblyLine.xml
3 ms. Memory: 48128K Free: 32008K (67%)
----------------- Invoking toplevel() on ptolemy.moml.MoMLSimpleApplication@450b7f22
----------------- Done invoking toplevel() on ptolemy.moml.MoMLSimpleApplication@450b7f22
reloadAllAccessors: .AssemblyLine

===========================================================================================
----------------- testing Sat Aug 17 05:23:43 UTC 2019 /home/travis/build/icyphy/ptII/ptolemy/domains/de/test/auto/CQBug1.xml
----------------- Instantiating /home/travis/build/icyphy/ptII/ptolemy/domains/de/test/auto/CQBug1.xml
3 ms. Memory: 48128K Free: 29172K (61%)
----------------- Invoking toplevel() on ptolemy.moml.MoMLSimpleApplication@165ea285
----------------- Done invoking toplevel() on ptolemy.moml.MoMLSimpleApplication@165ea285
reloadAllAccessors: .CQBug1

===========================================================================================
----------------- testing Sat Aug 17 05:23:43 UTC 2019 /home/travis/build/icyphy/ptII/ptolemy/domains/de/test/auto/CancelFireAt.xml
----------------- Instantiating /home/travis/build/icyphy/ptII/ptolemy/domains/de/test/auto/CancelFireAt.xml
0 ms. Memory: 48128K Free: 26568K (55%)
----------------- Invoking toplevel() on ptolemy.moml.MoMLSimpleApplication@5537433b
----------------- Done invoking toplevel() on ptolemy.moml.MoMLSimpleApplication@5537433b
reloadAllAccessors: .CancelFireAt

===========================================================================================
----------------- testing Sat Aug 17 05:23:43 UTC 2019 /home/travis/build/icyphy/ptII/ptolemy/domains/de/test/auto/CausalityAndComposabilityAnalysis.xml
----------------- Instantiating /home/travis/build/icyphy/ptII/ptolemy/domains/de/test/auto/CausalityAndComposabilityAnalysis.xml
1 ms. Memory: 48128K Free: 22303K (46%)
----------------- Invoking toplevel() on ptolemy.moml.MoMLSimpleApplication@1fa38a82
----------------- Done invoking toplevel() on ptolemy.moml.MoMLSimpleApplication@1fa38a82
reloadAllAccessors: .CausalityAndComposabilityAnalysis

===========================================================================================
----------------- testing Sat Aug 17 05:23:43 UTC 2019 /home/travis/build/icyphy/ptII/ptolemy/domains/de/test/auto/CausalityInterface1.xml
----------------- Instantiating /home/travis/build/icyphy/ptII/ptolemy/domains/de/test/auto/CausalityInterface1.xml
4 ms. Memory: 48128K Free: 17183K (36%)
----------------- Invoking toplevel() on ptolemy.moml.MoMLSimpleApplication@114a092a
----------------- Done invoking toplevel() on ptolemy.moml.MoMLSimpleApplication@114a092a
reloadAllAccessors: .CausalityInterface1

===========================================================================================
----------------- testing Sat Aug 17 05:23:43 UTC 2019 /home/travis/build/icyphy/ptII/ptolemy/domains/de/test/auto/CausalityInterface15.xml
----------------- Instantiating /home/travis/build/icyphy/ptII/ptolemy/domains/de/test/auto/CausalityInterface15.xml
1 ms. Memory: 48128K Free: 11780K (24%)
----------------- Invoking toplevel() on ptolemy.moml.MoMLSimpleApplication@6701dd60
----------------- Done invoking toplevel() on ptolemy.moml.MoMLSimpleApplication@6701dd60
reloadAllAccessors: .CausalityInterface15

===========================================================================================
----------------- testing Sat Aug 17 05:23:43 UTC 2019 /home/travis/build/icyphy/ptII/ptolemy/domains/de/test/auto/CausalityInterface2.xml
----------------- Instantiating /home/travis/build/icyphy/ptII/ptolemy/domains/de/test/auto/CausalityInterface2.xml
1 ms. Memory: 48128K Free: 7118K (15%)
[...]
	at ptolemy.actor.Manager.run(Manager.java:1263)
	at ptolemy.actor.Manager$PtolemyRunThread.run(Manager.java:1933)
java.lang.RuntimeException: Execution failed
	at ptolemy.moml.MoMLSimpleApplication$UnloadThread.run(MoMLSimpleApplication.java:402)
Caused by: ptolemy.kernel.util.IllegalActionException: Actor is not ready to fire.  Perhaps UpSample.prefire() returned false? Try debugging the actor by selecting "Listen to Actor".  Also, for SDF check moml for tokenConsumptionRate on input.
  in .DESDFClockTest.Play Bell.Copy1:SDF Director and .DESDFClockTest.Play Bell.UpSample
	at ptolemy.actor.sched.StaticSchedulingDirector.fire(StaticSchedulingDirector.java:227)
	at ptolemy.domains.sdf.kernel.SDFDirector.fire(SDFDirector.java:500)
	at ptolemy.actor.CompositeActor.fire(CompositeActor.java:455)
	at ptolemy.domains.de.kernel.DEDirector._fire(DEDirector.java:1949)
	at ptolemy.domains.de.kernel.DEDirector.fire(DEDirector.java:502)
	at ptolemy.actor.CompositeActor.fire(CompositeActor.java:455)
	at ptolemy.actor.Manager.iterate(Manager.java:851)
	at ptolemy.actor.Manager.execute(Manager.java:369)
	at ptolemy.actor.Manager.run(Manager.java:1263)
	at ptolemy.actor.Manager$PtolemyRunThread.run(Manager.java:1933)
java.lang.reflect.InvocationTargetException
	at java.base/jdk.internal.reflect.NativeConstructorAccessorImpl.newInstance0(Native Method)
	at java.base/jdk.internal.reflect.NativeConstructorAccessorImpl.newInstance(NativeConstructorAccessorImpl.java:62)
	at java.base/jdk.internal.reflect.DelegatingConstructorAccessorImpl.newInstance(DelegatingConstructorAccessorImpl.java:45)
	at java.base/java.lang.reflect.Constructor.newInstance(Constructor.java:490)
	at ptolemy.util.test.junit.AutoKnownFailedTests.RunModel(AutoKnownFailedTests.java:105)
	at java.base/jdk.internal.reflect.NativeMethodAccessorImpl.invoke0(Native Method)
	at java.base/jdk.internal.reflect.NativeMethodAccessorImpl.invoke(NativeMethodAccessorImpl.java:62)
	at java.base/jdk.internal.reflect.DelegatingMethodAccessorImpl.invoke(DelegatingMethodAccessorImpl.java:43)
	at java.base/java.lang.reflect.Method.invoke(Method.java:566)
	at org.junit.runners.model.FrameworkMethod$1.runReflectiveCall(FrameworkMethod.java:44)
	at org.junit.internal.runners.model.ReflectiveCallable.run(ReflectiveCallable.java:15)
	at org.junit.runners.model.FrameworkMethod.invokeExplosively(FrameworkMethod.java:41)
	at junitparams.internal.InvokeParameterisedMethod.evaluate(InvokeParameterisedMethod.java:102)
	at org.junit.internal.runners.statements.FailOnTimeout$1.run(FailOnTimeout.java:28)
Caused by: ptolemy.kernel.util.IllegalActionException: Actor is not ready to fire.  Perhaps UpSample.prefire() returned false? Try debugging the actor by selecting "Listen to Actor".  Also, for SDF check moml for tokenConsumptionRate on input.
  in .DESDFClockTest.Play Bell.Copy1:SDF Director and .DESDFClockTest.Play Bell.UpSample
	at ptolemy.actor.sched.StaticSchedulingDirector.fire(StaticSchedulingDirector.java:227)
	at ptolemy.domains.sdf.kernel.SDFDirector.fire(SDFDirector.java:500)
	at ptolemy.actor.CompositeActor.fire(CompositeActor.java:455)
	at ptolemy.domains.de.kernel.DEDirector._fire(DEDirector.java:1949)
	at ptolemy.domains.de.kernel.DEDirector.fire(DEDirector.java:502)
	at ptolemy.actor.CompositeActor.fire(CompositeActor.java:455)
	at ptolemy.actor.Manager.iterate(Manager.java:851)
	at ptolemy.actor.Manager.execute(Manager.java:369)
	at ptolemy.actor.Manager.run(Manager.java:1263)
	at ptolemy.actor.Manager$PtolemyRunThread.run(Manager.java:1933)
java.lang.RuntimeException: Execution failed
	at ptolemy.moml.MoMLSimpleApplication$UnloadThread.run(MoMLSimpleApplication.java:402)
Caused by: ptolemy.kernel.util.IllegalActionException: Test fails in iteration 1.
Value was: 1.0. Should have been: 2.0
  in .DirectFeedback.Test
	at ptolemy.actor.lib.Test.fire(Test.java:268)
	at ptolemy.domains.de.kernel.DEDirector._fire(DEDirector.java:1949)
	at ptolemy.domains.de.kernel.DEDirector.fire(DEDirector.java:502)
	at ptolemy.actor.CompositeActor.fire(CompositeActor.java:455)
	at ptolemy.actor.Manager.iterate(Manager.java:851)
	at ptolemy.actor.Manager.execute(Manager.java:369)
	at ptolemy.actor.Manager.run(Manager.java:1263)
	at ptolemy.actor.Manager$PtolemyRunThread.run(Manager.java:1933)
java.lang.reflect.InvocationTargetException
	at java.base/jdk.internal.reflect.NativeConstructorAccessorImpl.newInstance0(Native Method)
	at java.base/jdk.internal.reflect.NativeConstructorAccessorImpl.newInstance(NativeConstructorAccessorImpl.java:62)
	at java.base/jdk.internal.reflect.DelegatingConstructorAccessorImpl.newInstance(DelegatingConstructorAccessorImpl.java:45)
	at java.base/java.lang.reflect.Constructor.newInstance(Constructor.java:490)
	at ptolemy.util.test.junit.AutoKnownFailedTests.RunModel(AutoKnownFailedTests.java:105)
	at java.base/jdk.internal.reflect.NativeMethodAccessorImpl.invoke0(Native Method)
	at java.base/jdk.internal.reflect.NativeMethodAccessorImpl.invoke(NativeMethodAccessorImpl.java:62)
	at java.base/jdk.internal.reflect.DelegatingMethodAccessorImpl.invoke(DelegatingMethodAccessorImpl.java:43)
	at java.base/java.lang.reflect.Method.invoke(Method.java:566)
	at org.junit.runners.model.FrameworkMethod$1.runReflectiveCall(FrameworkMethod.java:44)
	at org.junit.internal.runners.model.ReflectiveCallable.run(ReflectiveCallable.java:15)
	at org.junit.runners.model.FrameworkMethod.invokeExplosively(FrameworkMethod.java:41)
	at junitparams.internal.InvokeParameterisedMethod.evaluate(InvokeParameterisedMethod.java:102)
	at org.junit.internal.runners.statements.FailOnTimeout$1.run(FailOnTimeout.java:28)
Caused by: ptolemy.kernel.util.IllegalActionException: Test fails in iteration 1.
Value was: 1.0. Should have been: 2.0
  in .DirectFeedback.Test
	at ptolemy.actor.lib.Test.fire(Test.java:268)
	at ptolemy.domains.de.kernel.DEDirector._fire(DEDirector.java:1949)
	at ptolemy.domains.de.kernel.DEDirector.fire(DEDirector.java:502)
	at ptolemy.actor.CompositeActor.fire(CompositeActor.java:455)
	at ptolemy.actor.Manager.iterate(Manager.java:851)
	at ptolemy.actor.Manager.execute(Manager.java:369)
	at ptolemy.actor.Manager.run(Manager.java:1263)
	at ptolemy.actor.Manager$PtolemyRunThread.run(Manager.java:1933)
java.lang.RuntimeException: Execution failed
	at ptolemy.moml.MoMLSimpleApplication$UnloadThread.run(MoMLSimpleApplication.java:402)
Caused by: ptolemy.kernel.util.IllegalActionException: Found a zero delay loop containing .HierarchicalModel.A
  in .HierarchicalModel and .HierarchicalModel.A
	at ptolemy.actor.util.CausalityInterfaceForComposites._computeOutputPortDepth(CausalityInterfaceForComposites.java:759)
	at ptolemy.actor.util.CausalityInterfaceForComposites._computeInputDepth(CausalityInterfaceForComposites.java:696)
	at ptolemy.actor.util.CausalityInterfaceForComposites._computeOutputPortDepth(CausalityInterfaceForComposites.java:765)
	at ptolemy.actor.util.CausalityInterfaceForComposites._computeInputDepth(CausalityInterfaceForComposites.java:696)
	at ptolemy.actor.util.CausalityInterfaceForComposites._computeOutputPortDepth(CausalityInterfaceForComposites.java:765)
	at ptolemy.actor.util.CausalityInterfaceForComposites._computeInputDepth(CausalityInterfaceForComposites.java:696)
	at ptolemy.actor.util.CausalityInterfaceForComposites._computeActorDepth(CausalityInterfaceForComposites.java:532)
	at ptolemy.actor.util.CausalityInterfaceForComposites.checkForCycles(CausalityInterfaceForComposites.java:96)
	at ptolemy.domains.de.kernel.DEDirector.preinitialize(DEDirector.java:1338)
	at ptolemy.actor.CompositeActor.preinitialize(CompositeActor.java:1828)
	at ptolemy.actor.Manager.preinitializeAndResolveTypes(Manager.java:1040)
	at ptolemy.actor.Manager.initialize(Manager.java:710)
	at ptolemy.actor.Manager.execute(Manager.java:356)
	at ptolemy.actor.Manager.run(Manager.java:1263)
	at ptolemy.actor.Manager$PtolemyRunThread.run(Manager.java:1933)
java.lang.reflect.InvocationTargetException
	at java.base/jdk.internal.reflect.NativeConstructorAccessorImpl.newInstance0(Native Method)
	at java.base/jdk.internal.reflect.NativeConstructorAccessorImpl.newInstance(NativeConstructorAccessorImpl.java:62)
	at java.base/jdk.internal.reflect.DelegatingConstructorAccessorImpl.newInstance(DelegatingConstructorAccessorImpl.java:45)
	at java.base/java.lang.reflect.Constructor.newInstance(Constructor.java:490)
	at ptolemy.util.test.junit.AutoKnownFailedTests.RunModel(AutoKnownFailedTests.java:105)
	at java.base/jdk.internal.reflect.NativeMethodAccessorImpl.invoke0(Native Method)
	at java.base/jdk.internal.reflect.NativeMethodAccessorImpl.invoke(NativeMethodAccessorImpl.java:62)
	at java.base/jdk.internal.reflect.DelegatingMethodAccessorImpl.invoke(DelegatingMethodAccessorImpl.java:43)
	at java.base/java.lang.reflect.Method.invoke(Method.java:566)
	at org.junit.runners.model.FrameworkMethod$1.runReflectiveCall(FrameworkMethod.java:44)
	at org.junit.internal.runners.model.ReflectiveCallable.run(ReflectiveCallable.java:15)
	at org.junit.runners.model.FrameworkMethod.invokeExplosively(FrameworkMethod.java:41)
	at junitparams.internal.InvokeParameterisedMethod.evaluate(InvokeParameterisedMethod.java:102)
	at org.junit.internal.runners.statements.FailOnTimeout$1.run(FailOnTimeout.java:28)
Caused by: ptolemy.kernel.util.IllegalActionException: Found a zero delay loop containing .HierarchicalModel.A
  in .HierarchicalModel and .HierarchicalModel.A
	at ptolemy.actor.util.CausalityInterfaceForComposites._computeOutputPortDepth(CausalityInterfaceForComposites.java:759)
	at ptolemy.actor.util.CausalityInterfaceForComposites._computeInputDepth(CausalityInterfaceForComposites.java:696)
	at ptolemy.actor.util.CausalityInterfaceForComposites._computeOutputPortDepth(CausalityInterfaceForComposites.java:765)
	at ptolemy.actor.util.CausalityInterfaceForComposites._computeInputDepth(CausalityInterfaceForComposites.java:696)
	at ptolemy.actor.util.CausalityInterfaceForComposites._computeOutputPortDepth(CausalityInterfaceForComposites.java:765)
	at ptolemy.actor.util.CausalityInterfaceForComposites._computeInputDepth(CausalityInterfaceForComposites.java:696)
	at ptolemy.actor.util.CausalityInterfaceForComposites._computeActorDepth(CausalityInterfaceForComposites.java:532)
	at ptolemy.actor.util.CausalityInterfaceForComposites.checkForCycles(CausalityInterfaceForComposites.java:96)
	at ptolemy.domains.de.kernel.DEDirector.preinitialize(DEDirector.java:1338)
	at ptolemy.actor.CompositeActor.preinitialize(CompositeActor.java:1828)
	at ptolemy.actor.Manager.preinitializeAndResolveTypes(Manager.java:1040)
	at ptolemy.actor.Manager.initialize(Manager.java:710)
	at ptolemy.actor.Manager.execute(Manager.java:356)
	at ptolemy.actor.Manager.run(Manager.java:1263)
	at ptolemy.actor.Manager$PtolemyRunThread.run(Manager.java:1933)
java.lang.RuntimeException: Execution failed
	at ptolemy.moml.MoMLSimpleApplication$UnloadThread.run(MoMLSimpleApplication.java:402)
Caused by: ptolemy.kernel.util.IllegalActionException: Found a zero delay loop containing .dependencyLoop.original
  in .dependencyLoop and .dependencyLoop.original
	at ptolemy.actor.util.CausalityInterfaceForComposites._computeOutputPortDepth(CausalityInterfaceForComposites.java:759)
	at ptolemy.actor.util.CausalityInterfaceForComposites._computeInputDepth(CausalityInterfaceForComposites.java:696)
	at ptolemy.actor.util.CausalityInterfaceForComposites._computeOutputPortDepth(CausalityInterfaceForComposites.java:765)
	at ptolemy.actor.util.CausalityInterfaceForComposites._computeInputDepth(CausalityInterfaceForComposites.java:696)
	at ptolemy.actor.util.CausalityInterfaceForComposites._computeOutputPortDepth(CausalityInterfaceForComposites.java:765)
	at ptolemy.actor.util.CausalityInterfaceForComposites._computeInputDepth(CausalityInterfaceForComposites.java:696)
	at ptolemy.actor.util.CausalityInterfaceForComposites._computeActorDepth(CausalityInterfaceForComposites.java:532)
	at ptolemy.actor.util.CausalityInterfaceForComposites.checkForCycles(CausalityInterfaceForComposites.java:96)
	at ptolemy.domains.de.kernel.DEDirector.preinitialize(DEDirector.java:1338)
	at ptolemy.actor.CompositeActor.preinitialize(CompositeActor.java:1828)
	at ptolemy.actor.Manager.preinitializeAndResolveTypes(Manager.java:1040)
	at ptolemy.actor.Manager.initialize(Manager.java:710)
	at ptolemy.actor.Manager.execute(Manager.java:356)
	at ptolemy.actor.Manager.run(Manager.java:1263)
	at ptolemy.actor.Manager$PtolemyRunThread.run(Manager.java:1933)
java.lang.reflect.InvocationTargetException
	at java.base/jdk.internal.reflect.NativeConstructorAccessorImpl.newInstance0(Native Method)
	at java.base/jdk.internal.reflect.NativeConstructorAccessorImpl.newInstance(NativeConstructorAccessorImpl.java:62)
	at java.base/jdk.internal.reflect.DelegatingConstructorAccessorImpl.newInstance(DelegatingConstructorAccessorImpl.java:45)
	at java.base/java.lang.reflect.Constructor.newInstance(Constructor.java:490)
	at ptolemy.util.test.junit.AutoKnownFailedTests.RunModel(AutoKnownFailedTests.java:105)
	at java.base/jdk.internal.reflect.NativeMethodAccessorImpl.invoke0(Native Method)
	at java.base/jdk.internal.reflect.NativeMethodAccessorImpl.invoke(NativeMethodAccessorImpl.java:62)
	at java.base/jdk.internal.reflect.DelegatingMethodAccessorImpl.invoke(DelegatingMethodAccessorImpl.java:43)
	at java.base/java.lang.reflect.Method.invoke(Method.java:566)
	at org.junit.runners.model.FrameworkMethod$1.runReflectiveCall(FrameworkMethod.java:44)
	at org.junit.internal.runners.model.ReflectiveCallable.run(ReflectiveCallable.java:15)
	at org.junit.runners.model.FrameworkMethod.invokeExplosively(FrameworkMethod.java:41)
	at junitparams.internal.InvokeParameterisedMethod.evaluate(InvokeParameterisedMethod.java:102)
	at org.junit.internal.runners.statements.FailOnTimeout$1.run(FailOnTimeout.java:28)
Caused by: ptolemy.kernel.util.IllegalActionException: Found a zero delay loop containing .dependencyLoop.original
  in .dependencyLoop and .dependencyLoop.original
	at ptolemy.actor.util.CausalityInterfaceForComposites._computeOutputPortDepth(CausalityInterfaceForComposites.java:759)
	at ptolemy.actor.util.CausalityInterfaceForComposites._computeInputDepth(CausalityInterfaceForComposites.java:696)
	at ptolemy.actor.util.CausalityInterfaceForComposites._computeOutputPortDepth(CausalityInterfaceForComposites.java:765)
	at ptolemy.actor.util.CausalityInterfaceForComposites._computeInputDepth(CausalityInterfaceForComposites.java:696)
	at ptolemy.actor.util.CausalityInterfaceForComposites._computeOutputPortDepth(CausalityInterfaceForComposites.java:765)
	at ptolemy.actor.util.CausalityInterfaceForComposites._computeInputDepth(CausalityInterfaceForComposites.java:696)
	at ptolemy.actor.util.CausalityInterfaceForComposites._computeActorDepth(CausalityInterfaceForComposites.java:532)
	at ptolemy.actor.util.CausalityInterfaceForComposites.checkForCycles(CausalityInterfaceForComposites.java:96)
	at ptolemy.domains.de.kernel.DEDirector.preinitialize(DEDirector.java:1338)
	at ptolemy.actor.CompositeActor.preinitialize(CompositeActor.java:1828)
	at ptolemy.actor.Manager.preinitializeAndResolveTypes(Manager.java:1040)
	at ptolemy.actor.Manager.initialize(Manager.java:710)
	at ptolemy.actor.Manager.execute(Manager.java:356)
	at ptolemy.actor.Manager.run(Manager.java:1263)
	at ptolemy.actor.Manager$PtolemyRunThread.run(Manager.java:1933)
java.lang.RuntimeException: Execution failed
	at ptolemy.moml.MoMLSimpleApplication$UnloadThread.run(MoMLSimpleApplication.java:402)
Caused by: ptolemy.kernel.util.IllegalActionException: Found a zero delay loop containing .dependencyLoop2.original
  in .dependencyLoop2 and .dependencyLoop2.original
	at ptolemy.actor.util.CausalityInterfaceForComposites._computeOutputPortDepth(CausalityInterfaceForComposites.java:759)
	at ptolemy.actor.util.CausalityInterfaceForComposites._computeInputDepth(CausalityInterfaceForComposites.java:696)
	at ptolemy.actor.util.CausalityInterfaceForComposites._computeOutputPortDepth(CausalityInterfaceForComposites.java:765)
	at ptolemy.actor.util.CausalityInterfaceForComposites._computeInputDepth(CausalityInterfaceForComposites.java:696)
	at ptolemy.actor.util.CausalityInterfaceForComposites._computeOutputPortDepth(CausalityInterfaceForComposites.java:765)
	at ptolemy.actor.util.CausalityInterfaceForComposites._computeInputDepth(CausalityInterfaceForComposites.java:696)
	at ptolemy.actor.util.CausalityInterfaceForComposites._computeActorDepth(CausalityInterfaceForComposites.java:532)
	at ptolemy.actor.util.CausalityInterfaceForComposites.checkForCycles(CausalityInterfaceForComposites.java:96)
	at ptolemy.domains.de.kernel.DEDirector.preinitialize(DEDirector.java:1338)
	at ptolemy.actor.CompositeActor.preinitialize(CompositeActor.java:1828)
	at ptolemy.actor.Manager.preinitializeAndResolveTypes(Manager.java:1040)
	at ptolemy.actor.Manager.initialize(Manager.java:710)
	at ptolemy.actor.Manager.execute(Manager.java:356)
	at ptolemy.actor.Manager.run(Manager.java:1263)
	at ptolemy.actor.Manager$PtolemyRunThread.run(Manager.java:1933)
java.lang.reflect.InvocationTargetException
	at java.base/jdk.internal.reflect.NativeConstructorAccessorImpl.newInstance0(Native Method)
	at java.base/jdk.internal.reflect.NativeConstructorAccessorImpl.newInstance(NativeConstructorAccessorImpl.java:62)
	at java.base/jdk.internal.reflect.DelegatingConstructorAccessorImpl.newInstance(DelegatingConstructorAccessorImpl.java:45)
	at java.base/java.lang.reflect.Constructor.newInstance(Constructor.java:490)
	at ptolemy.util.test.junit.AutoKnownFailedTests.RunModel(AutoKnownFailedTests.java:105)
	at java.base/jdk.internal.reflect.NativeMethodAccessorImpl.invoke0(Native Method)
	at java.base/jdk.internal.reflect.NativeMethodAccessorImpl.invoke(NativeMethodAccessorImpl.java:62)
	at java.base/jdk.internal.reflect.DelegatingMethodAccessorImpl.invoke(DelegatingMethodAccessorImpl.java:43)
	at java.base/java.lang.reflect.Method.invoke(Method.java:566)
	at org.junit.runners.model.FrameworkMethod$1.runReflectiveCall(FrameworkMethod.java:44)
	at org.junit.internal.runners.model.ReflectiveCallable.run(ReflectiveCallable.java:15)
	at org.junit.runners.model.FrameworkMethod.invokeExplosively(FrameworkMethod.java:41)
	at junitparams.internal.InvokeParameterisedMethod.evaluate(InvokeParameterisedMethod.java:102)
	at org.junit.internal.runners.statements.FailOnTimeout$1.run(FailOnTimeout.java:28)
Caused by: ptolemy.kernel.util.IllegalActionException: Found a zero delay loop containing .dependencyLoop2.original
  in .dependencyLoop2 and .dependencyLoop2.original
	at ptolemy.actor.util.CausalityInterfaceForComposites._computeOutputPortDepth(CausalityInterfaceForComposites.java:759)
	at ptolemy.actor.util.CausalityInterfaceForComposites._computeInputDepth(CausalityInterfaceForComposites.java:696)
	at ptolemy.actor.util.CausalityInterfaceForComposites._computeOutputPortDepth(CausalityInterfaceForComposites.java:765)
	at ptolemy.actor.util.CausalityInterfaceForComposites._computeInputDepth(CausalityInterfaceForComposites.java:696)
	at ptolemy.actor.util.CausalityInterfaceForComposites._computeOutputPortDepth(CausalityInterfaceForComposites.java:765)
	at ptolemy.actor.util.CausalityInterfaceForComposites._computeInputDepth(CausalityInterfaceForComposites.java:696)
	at ptolemy.actor.util.CausalityInterfaceForComposites._computeActorDepth(CausalityInterfaceForComposites.java:532)
	at ptolemy.actor.util.CausalityInterfaceForComposites.checkForCycles(CausalityInterfaceForComposites.java:96)
	at ptolemy.domains.de.kernel.DEDirector.preinitialize(DEDirector.java:1338)
	at ptolemy.actor.CompositeActor.preinitialize(CompositeActor.java:1828)
	at ptolemy.actor.Manager.preinitializeAndResolveTypes(Manager.java:1040)
	at ptolemy.actor.Manager.initialize(Manager.java:710)
	at ptolemy.actor.Manager.execute(Manager.java:356)
	at ptolemy.actor.Manager.run(Manager.java:1263)
	at ptolemy.actor.Manager$PtolemyRunThread.run(Manager.java:1933)
]]></system-err>
</testsuite>
