<?xml version="1.0" encoding="UTF-8" ?>
<testsuite errors="0" failures="0" hostname="travis-job-de1420b7-7733-430e-9621-2ba561458910" name="ptolemy.actor.lib.hoc.test.junit.JUnitTclTest" skipped="0" tests="58" time="32.517" timestamp="2019-11-27T06:20:39">
  <properties>
[...]
</properties>
  <testcase classname="ptolemy.util.test.junit.TclTests" name="[0] /home/travis/build/icyphy/ptII/ptolemy/actor/lib/hoc/test/IterateOverArray.tcl (RunTclFile)" time="0.373" />
  <testcase classname="ptolemy.util.test.junit.AutoKnownFailedTests" name="[0] /home/travis/build/icyphy/ptII/ptolemy/actor/lib/hoc/test/auto/knownFailedTests/PreinitializeMustBeInvokedRunComposite.xml (RunModel)" time="0.466" />
  <testcase classname="ptolemy.util.test.junit.AutoNameArchTests" name="[0] ThereAreNoAutoArchTests (RunModel)" time="0.001" />
  <testcase classname="ptolemy.util.test.junit.AutoTests" name="[0] /home/travis/build/icyphy/ptII/ptolemy/actor/lib/hoc/test/auto/AllToAllMultiInstanceComposite.xml (RunModel)" time="0.428" />
  <testcase classname="ptolemy.util.test.junit.AutoTests" name="[1] /home/travis/build/icyphy/ptII/ptolemy/actor/lib/hoc/test/auto/ApplyFFTTest.xml (RunModel)" time="0.474" />
  <testcase classname="ptolemy.util.test.junit.AutoTests" name="[2] /home/travis/build/icyphy/ptII/ptolemy/actor/lib/hoc/test/auto/ApplyFunction.xml (RunModel)" time="0.047" />
  <testcase classname="ptolemy.util.test.junit.AutoTests" name="[3] /home/travis/build/icyphy/ptII/ptolemy/actor/lib/hoc/test/auto/BackgroundExecution.xml (RunModel)" time="0.719" />
  <testcase classname="ptolemy.util.test.junit.AutoTests" name="[4] /home/travis/build/icyphy/ptII/ptolemy/actor/lib/hoc/test/auto/Case.xml (RunModel)" time="0.058" />
  <testcase classname="ptolemy.util.test.junit.AutoTests" name="[5] /home/travis/build/icyphy/ptII/ptolemy/actor/lib/hoc/test/auto/Case1.xml (RunModel)" time="0.044" />
  <testcase classname="ptolemy.util.test.junit.AutoTests" name="[6] /home/travis/build/icyphy/ptII/ptolemy/actor/lib/hoc/test/auto/Case2.xml (RunModel)" time="0.071" />
  <testcase classname="ptolemy.util.test.junit.AutoTests" name="[7] /home/travis/build/icyphy/ptII/ptolemy/actor/lib/hoc/test/auto/Case3.xml (RunModel)" time="0.052" />
  <testcase classname="ptolemy.util.test.junit.AutoTests" name="[8] /home/travis/build/icyphy/ptII/ptolemy/actor/lib/hoc/test/auto/Case4.xml (RunModel)" time="0.077" />
  <testcase classname="ptolemy.util.test.junit.AutoTests" name="[9] /home/travis/build/icyphy/ptII/ptolemy/actor/lib/hoc/test/auto/Case5.xml (RunModel)" time="0.08" />
  <testcase classname="ptolemy.util.test.junit.AutoTests" name="[10] /home/travis/build/icyphy/ptII/ptolemy/actor/lib/hoc/test/auto/Case6.xml (RunModel)" time="0.101" />
  <testcase classname="ptolemy.util.test.junit.AutoTests" name="[11] /home/travis/build/icyphy/ptII/ptolemy/actor/lib/hoc/test/auto/CaseString2.xml (RunModel)" time="0.062" />
  <testcase classname="ptolemy.util.test.junit.AutoTests" name="[12] /home/travis/build/icyphy/ptII/ptolemy/actor/lib/hoc/test/auto/CatchUpComposite1.xml (RunModel)" time="0.086" />
  <testcase classname="ptolemy.util.test.junit.AutoTests" name="[13] /home/travis/build/icyphy/ptII/ptolemy/actor/lib/hoc/test/auto/CatchUpComposite2.xml (RunModel)" time="0.046" />
  <testcase classname="ptolemy.util.test.junit.AutoTests" name="[14] /home/travis/build/icyphy/ptII/ptolemy/actor/lib/hoc/test/auto/CatchUpComposite3.xml (RunModel)" time="0.073" />
  <testcase classname="ptolemy.util.test.junit.AutoTests" name="[15] /home/travis/build/icyphy/ptII/ptolemy/actor/lib/hoc/test/auto/CatchUpComposite4.xml (RunModel)" time="0.043" />
  <testcase classname="ptolemy.util.test.junit.AutoTests" name="[16] /home/travis/build/icyphy/ptII/ptolemy/actor/lib/hoc/test/auto/CatchUpComposite5.xml (RunModel)" time="0.031" />
  <testcase classname="ptolemy.util.test.junit.AutoTests" name="[17] /home/travis/build/icyphy/ptII/ptolemy/actor/lib/hoc/test/auto/CatchUpComposite6.xml (RunModel)" time="0.19" />
  <testcase classname="ptolemy.util.test.junit.AutoTests" name="[18] /home/travis/build/icyphy/ptII/ptolemy/actor/lib/hoc/test/auto/CatchUpComposite7.xml (RunModel)" time="0.106" />
  <testcase classname="ptolemy.util.test.junit.AutoTests" name="[19] /home/travis/build/icyphy/ptII/ptolemy/actor/lib/hoc/test/auto/ConcurrentExecutionTimeSDF.xml (RunModel)" time="1.253" />
  <testcase classname="ptolemy.util.test.junit.AutoTests" name="[20] /home/travis/build/icyphy/ptII/ptolemy/actor/lib/hoc/test/auto/ConcurrentSleep.xml (RunModel)" time="0.775" />
  <testcase classname="ptolemy.util.test.junit.AutoTests" name="[21] /home/travis/build/icyphy/ptII/ptolemy/actor/lib/hoc/test/auto/DEInPNInRunCompositeActor.xml (RunModel)" time="0.057" />
  <testcase classname="ptolemy.util.test.junit.AutoTests" name="[22] /home/travis/build/icyphy/ptII/ptolemy/actor/lib/hoc/test/auto/DFTSubSetTest.xml (RunModel)" time="0.287" />
  <testcase classname="ptolemy.util.test.junit.AutoTests" name="[23] /home/travis/build/icyphy/ptII/ptolemy/actor/lib/hoc/test/auto/HocDE.xml (RunModel)" time="0.191" />
  <testcase classname="ptolemy.util.test.junit.AutoTests" name="[24] /home/travis/build/icyphy/ptII/ptolemy/actor/lib/hoc/test/auto/IterateOverArray.xml (RunModel)" time="0.033" />
  <testcase classname="ptolemy.util.test.junit.AutoTests" name="[25] /home/travis/build/icyphy/ptII/ptolemy/actor/lib/hoc/test/auto/IterateOverArray10.xml (RunModel)" time="0.016" />
  <testcase classname="ptolemy.util.test.junit.AutoTests" name="[26] /home/travis/build/icyphy/ptII/ptolemy/actor/lib/hoc/test/auto/IterateOverArray11.xml (RunModel)" time="0.02" />
  <testcase classname="ptolemy.util.test.junit.AutoTests" name="[27] /home/travis/build/icyphy/ptII/ptolemy/actor/lib/hoc/test/auto/IterateOverArray12.xml (RunModel)" time="0.054" />
  <testcase classname="ptolemy.util.test.junit.AutoTests" name="[28] /home/travis/build/icyphy/ptII/ptolemy/actor/lib/hoc/test/auto/IterateOverArray13.xml (RunModel)" time="0.169" />
  <testcase classname="ptolemy.util.test.junit.AutoTests" name="[29] /home/travis/build/icyphy/ptII/ptolemy/actor/lib/hoc/test/auto/IterateOverArray14.xml (RunModel)" time="0.132" />
  <testcase classname="ptolemy.util.test.junit.AutoTests" name="[30] /home/travis/build/icyphy/ptII/ptolemy/actor/lib/hoc/test/auto/IterateOverArray2.xml (RunModel)" time="0.028" />
  <testcase classname="ptolemy.util.test.junit.AutoTests" name="[31] /home/travis/build/icyphy/ptII/ptolemy/actor/lib/hoc/test/auto/IterateOverArray3.xml (RunModel)" time="0.057" />
  <testcase classname="ptolemy.util.test.junit.AutoTests" name="[32] /home/travis/build/icyphy/ptII/ptolemy/actor/lib/hoc/test/auto/IterateOverArray4.xml (RunModel)" time="0.031" />
  <testcase classname="ptolemy.util.test.junit.AutoTests" name="[33] /home/travis/build/icyphy/ptII/ptolemy/actor/lib/hoc/test/auto/IterateOverArray5.xml (RunModel)" time="0.019" />
  <testcase classname="ptolemy.util.test.junit.AutoTests" name="[34] /home/travis/build/icyphy/ptII/ptolemy/actor/lib/hoc/test/auto/IterateOverArray6.xml (RunModel)" time="0.015" />
  <testcase classname="ptolemy.util.test.junit.AutoTests" name="[35] /home/travis/build/icyphy/ptII/ptolemy/actor/lib/hoc/test/auto/IterateOverArray7.xml (RunModel)" time="0.028" />
  <testcase classname="ptolemy.util.test.junit.AutoTests" name="[36] /home/travis/build/icyphy/ptII/ptolemy/actor/lib/hoc/test/auto/IterateOverArray8.xml (RunModel)" time="0.024" />
  <testcase classname="ptolemy.util.test.junit.AutoTests" name="[37] /home/travis/build/icyphy/ptII/ptolemy/actor/lib/hoc/test/auto/IterateOverArray9.xml (RunModel)" time="0.029" />
  <testcase classname="ptolemy.util.test.junit.AutoTests" name="[38] /home/travis/build/icyphy/ptII/ptolemy/actor/lib/hoc/test/auto/IterateOverArrayCoercedOutputType.xml (RunModel)" time="0.047" />
  <testcase classname="ptolemy.util.test.junit.AutoTests" name="[39] /home/travis/build/icyphy/ptII/ptolemy/actor/lib/hoc/test/auto/IterateOverArrayInferredOutputType.xml (RunModel)" time="0.028" />
  <testcase classname="ptolemy.util.test.junit.AutoTests" name="[40] /home/travis/build/icyphy/ptII/ptolemy/actor/lib/hoc/test/auto/MobileFunctionTest.xml (RunModel)" time="0.027" />
  <testcase classname="ptolemy.util.test.junit.AutoTests" name="[41] /home/travis/build/icyphy/ptII/ptolemy/actor/lib/hoc/test/auto/MobileModelTest.xml (RunModel)" time="0.182" />
  <testcase classname="ptolemy.util.test.junit.AutoTests" name="[42] /home/travis/build/icyphy/ptII/ptolemy/actor/lib/hoc/test/auto/ModelReference.xml (RunModel)" time="0.062" />
  <testcase classname="ptolemy.util.test.junit.AutoTests" name="[43] /home/travis/build/icyphy/ptII/ptolemy/actor/lib/hoc/test/auto/ModelReference3.xml (RunModel)" time="0.054" />
  <testcase classname="ptolemy.util.test.junit.AutoTests" name="[44] /home/travis/build/icyphy/ptII/ptolemy/actor/lib/hoc/test/auto/ModelReference4.xml (RunModel)" time="10.032" />
  <testcase classname="ptolemy.util.test.junit.AutoTests" name="[45] /home/travis/build/icyphy/ptII/ptolemy/actor/lib/hoc/test/auto/MultiInstanceComposite.xml (RunModel)" time="0.089" />
  <testcase classname="ptolemy.util.test.junit.AutoTests" name="[46] /home/travis/build/icyphy/ptII/ptolemy/actor/lib/hoc/test/auto/MultiInstanceComposite2.xml (RunModel)" time="0.044" />
  <testcase classname="ptolemy.util.test.junit.AutoTests" name="[47] /home/travis/build/icyphy/ptII/ptolemy/actor/lib/hoc/test/auto/MulticoreExecution.xml (RunModel)" time="1.129" />
  <testcase classname="ptolemy.util.test.junit.AutoTests" name="[48] /home/travis/build/icyphy/ptII/ptolemy/actor/lib/hoc/test/auto/ParallelExecution.xml (RunModel)" time="0.932" />
  <testcase classname="ptolemy.util.test.junit.AutoTests" name="[49] /home/travis/build/icyphy/ptII/ptolemy/actor/lib/hoc/test/auto/RunCompositeActor.xml (RunModel)" time="0.02" />
  <testcase classname="ptolemy.util.test.junit.AutoTests" name="[50] /home/travis/build/icyphy/ptII/ptolemy/actor/lib/hoc/test/auto/RunCompositeActor2.xml (RunModel)" time="0.024" />
  <testcase classname="ptolemy.util.test.junit.AutoTests" name="[51] /home/travis/build/icyphy/ptII/ptolemy/actor/lib/hoc/test/auto/RunCompositeActor3.xml (RunModel)" time="0.017" />
  <testcase classname="ptolemy.util.test.junit.AutoTests" name="[52] /home/travis/build/icyphy/ptII/ptolemy/actor/lib/hoc/test/auto/RunCompositeActor4.xml (RunModel)" time="0.045" />
  <testcase classname="ptolemy.util.test.junit.AutoTests" name="[53] /home/travis/build/icyphy/ptII/ptolemy/actor/lib/hoc/test/auto/RunCompositeIterateOverArray.xml (RunModel)" time="0.028" />
  <testcase classname="ptolemy.util.test.junit.AutoTests" name="[54] /home/travis/build/icyphy/ptII/ptolemy/actor/lib/hoc/test/auto/ThreadedJS.xml (RunModel)" time="12.222" />
  <system-out><![CDATA[/home/travis/build/icyphy/ptII/ptolemy/actor/lib/hoc/test/IterateOverArray.tcl
testDefs.tcl: setting time out to 9000 seconds at Wed Nov 27 06:20:39 UTC 2019
11/27/19 06:20:39
Failed: 0  Total Tests: 2  ((Passed: 2, Newly Passed: 0)  Known Failed: 0) /home/travis/build/icyphy/ptII/ptolemy/actor/lib/hoc/test
----------------- testing (KnownFailure) /home/travis/build/icyphy/ptII/ptolemy/actor/lib/hoc/test/auto/knownFailedTests/PreinitializeMustBeInvokedRunComposite.xml
119 ms. Memory: 120832K Free: 80326K (66%)
Known Failure: java.lang.reflect.InvocationTargetException
No auto/linux-amd64/*.xml tests in /home/travis/build/icyphy/ptII/ptolemy/actor/lib/hoc/test
AutoTests.java: About to close Vertx.
AutoTests.java: Vertx closed.

===========================================================================================
----------------- testing Wed Nov 27 06:20:40 UTC 2019 /home/travis/build/icyphy/ptII/ptolemy/actor/lib/hoc/test/auto/AllToAllMultiInstanceComposite.xml
----------------- Instantiating /home/travis/build/icyphy/ptII/ptolemy/actor/lib/hoc/test/auto/AllToAllMultiInstanceComposite.xml
175 ms. Memory: 120832K Free: 95030K (79%)
----------------- Invoking toplevel() on ptolemy.moml.MoMLSimpleApplication@6c0caff8
----------------- Done invoking toplevel() on ptolemy.moml.MoMLSimpleApplication@6c0caff8
reloadAllAccessors: .AllToAllMultiInstanceComposite

===========================================================================================
----------------- testing Wed Nov 27 06:20:41 UTC 2019 /home/travis/build/icyphy/ptII/ptolemy/actor/lib/hoc/test/auto/ApplyFFTTest.xml
----------------- Instantiating /home/travis/build/icyphy/ptII/ptolemy/actor/lib/hoc/test/auto/ApplyFFTTest.xml
195 ms. Memory: 120832K Free: 100189K (83%)
----------------- Invoking toplevel() on ptolemy.moml.MoMLSimpleApplication@1c47f35
----------------- Done invoking toplevel() on ptolemy.moml.MoMLSimpleApplication@1c47f35
reloadAllAccessors: .ApplyFFTTest

===========================================================================================
----------------- testing Wed Nov 27 06:20:41 UTC 2019 /home/travis/build/icyphy/ptII/ptolemy/actor/lib/hoc/test/auto/ApplyFunction.xml
----------------- Instantiating /home/travis/build/icyphy/ptII/ptolemy/actor/lib/hoc/test/auto/ApplyFunction.xml
5 ms. Memory: 120832K Free: 96770K (80%)
----------------- Invoking toplevel() on ptolemy.moml.MoMLSimpleApplication@7e611d82
----------------- Done invoking toplevel() on ptolemy.moml.MoMLSimpleApplication@7e611d82
reloadAllAccessors: .ApplyFunction

===========================================================================================
----------------- testing Wed Nov 27 06:20:41 UTC 2019 /home/travis/build/icyphy/ptII/ptolemy/actor/lib/hoc/test/auto/BackgroundExecution.xml
----------------- Instantiating /home/travis/build/icyphy/ptII/ptolemy/actor/lib/hoc/test/auto/BackgroundExecution.xml
634 ms. Memory: 120832K Free: 89829K (74%)
----------------- Invoking toplevel() on ptolemy.moml.MoMLSimpleApplication@1839a29
----------------- Done invoking toplevel() on ptolemy.moml.MoMLSimpleApplication@1839a29
reloadAllAccessors: .BackgroundExecution

===========================================================================================
----------------- testing Wed Nov 27 06:20:42 UTC 2019 /home/travis/build/icyphy/ptII/ptolemy/actor/lib/hoc/test/auto/Case.xml
----------------- Instantiating /home/travis/build/icyphy/ptII/ptolemy/actor/lib/hoc/test/auto/Case.xml
19 ms. Memory: 120832K Free: 82661K (68%)
----------------- Invoking toplevel() on ptolemy.moml.MoMLSimpleApplication@45cc3c0f
----------------- Done invoking toplevel() on ptolemy.moml.MoMLSimpleApplication@45cc3c0f
reloadAllAccessors: .Case

===========================================================================================
----------------- testing Wed Nov 27 06:20:42 UTC 2019 /home/travis/build/icyphy/ptII/ptolemy/actor/lib/hoc/test/auto/Case1.xml
----------------- Instantiating /home/travis/build/icyphy/ptII/ptolemy/actor/lib/hoc/test/auto/Case1.xml
15 ms. Memory: 120832K Free: 76297K (63%)
----------------- Invoking toplevel() on ptolemy.moml.MoMLSimpleApplication@5ce0e196
----------------- Done invoking toplevel() on ptolemy.moml.MoMLSimpleApplication@5ce0e196
reloadAllAccessors: .Case1

===========================================================================================
----------------- testing Wed Nov 27 06:20:42 UTC 2019 /home/travis/build/icyphy/ptII/ptolemy/actor/lib/hoc/test/auto/Case2.xml
----------------- Instantiating /home/travis/build/icyphy/ptII/ptolemy/actor/lib/hoc/test/auto/Case2.xml
27 ms. Memory: 120832K Free: 98521K (82%)
----------------- Invoking toplevel() on ptolemy.moml.MoMLSimpleApplication@7fbb7523
----------------- Done invoking toplevel() on ptolemy.moml.MoMLSimpleApplication@7fbb7523
reloadAllAccessors: .Case2

===========================================================================================
----------------- testing Wed Nov 27 06:20:42 UTC 2019 /home/travis/build/icyphy/ptII/ptolemy/actor/lib/hoc/test/auto/Case3.xml
----------------- Instantiating /home/travis/build/icyphy/ptII/ptolemy/actor/lib/hoc/test/auto/Case3.xml
18 ms. Memory: 120832K Free: 92363K (76%)
----------------- Invoking toplevel() on ptolemy.moml.MoMLSimpleApplication@66ad43b2
----------------- Done invoking toplevel() on ptolemy.moml.MoMLSimpleApplication@66ad43b2
reloadAllAccessors: .Case3

===========================================================================================
----------------- testing Wed Nov 27 06:20:42 UTC 2019 /home/travis/build/icyphy/ptII/ptolemy/actor/lib/hoc/test/auto/Case4.xml
----------------- Instantiating /home/travis/build/icyphy/ptII/ptolemy/actor/lib/hoc/test/auto/Case4.xml
18 ms. Memory: 120832K Free: 84901K (70%)
----------------- Invoking toplevel() on ptolemy.moml.MoMLSimpleApplication@535b937c
----------------- Done invoking toplevel() on ptolemy.moml.MoMLSimpleApplication@535b937c
reloadAllAccessors: .Case4

===========================================================================================
----------------- testing Wed Nov 27 06:20:42 UTC 2019 /home/travis/build/icyphy/ptII/ptolemy/actor/lib/hoc/test/auto/Case5.xml
----------------- Instantiating /home/travis/build/icyphy/ptII/ptolemy/actor/lib/hoc/test/auto/Case5.xml
48 ms. Memory: 120832K Free: 78757K (65%)
----------------- Invoking toplevel() on ptolemy.moml.MoMLSimpleApplication@3719b0fc
----------------- Done invoking toplevel() on ptolemy.moml.MoMLSimpleApplication@3719b0fc
reloadAllAccessors: .junk

===========================================================================================
----------------- testing Wed Nov 27 06:20:42 UTC 2019 /home/travis/build/icyphy/ptII/ptolemy/actor/lib/hoc/test/auto/Case6.xml
----------------- Instantiating /home/travis/build/icyphy/ptII/ptolemy/actor/lib/hoc/test/auto/Case6.xml
62 ms. Memory: 120832K Free: 67156K (56%)
----------------- Invoking toplevel() on ptolemy.moml.MoMLSimpleApplication@3d844440
----------------- Done invoking toplevel() on ptolemy.moml.MoMLSimpleApplication@3d844440
reloadAllAccessors: .Case6

===========================================================================================
----------------- testing Wed Nov 27 06:20:42 UTC 2019 /home/travis/build/icyphy/ptII/ptolemy/actor/lib/hoc/test/auto/CaseString2.xml
----------------- Instantiating /home/travis/build/icyphy/ptII/ptolemy/actor/lib/hoc/test/auto/CaseString2.xml
22 ms. Memory: 120832K Free: 106096K (88%)
----------------- Invoking toplevel() on ptolemy.moml.MoMLSimpleApplication@54ba29e3
----------------- Done invoking toplevel() on ptolemy.moml.MoMLSimpleApplication@54ba29e3
reloadAllAccessors: .CaseString2

===========================================================================================
----------------- testing Wed Nov 27 06:20:42 UTC 2019 /home/travis/build/icyphy/ptII/ptolemy/actor/lib/hoc/test/auto/CatchUpComposite1.xml
----------------- Instantiating /home/travis/build/icyphy/ptII/ptolemy/actor/lib/hoc/test/auto/CatchUpComposite1.xml
35 ms. Memory: 120832K Free: 96880K (80%)
----------------- Invoking toplevel() on ptolemy.moml.MoMLSimpleApplication@7e3757fe
----------------- Done invoking toplevel() on ptolemy.moml.MoMLSimpleApplication@7e3757fe
reloadAllAccessors: .CatchUpComposite1

===========================================================================================
----------------- testing Wed Nov 27 06:20:42 UTC 2019 /home/travis/build/icyphy/ptII/ptolemy/actor/lib/hoc/test/auto/CatchUpComposite2.xml
----------------- Instantiating /home/travis/build/icyphy/ptII/ptolemy/actor/lib/hoc/test/auto/CatchUpComposite2.xml
16 ms. Memory: 120832K Free: 88857K (74%)
----------------- Invoking toplevel() on ptolemy.moml.MoMLSimpleApplication@6fa7df27
----------------- Done invoking toplevel() on ptolemy.moml.MoMLSimpleApplication@6fa7df27
reloadAllAccessors: .CatchUpComposite2

===========================================================================================
----------------- testing Wed Nov 27 06:20:43 UTC 2019 /home/travis/build/icyphy/ptII/ptolemy/actor/lib/hoc/test/auto/CatchUpComposite3.xml
----------------- Instantiating /home/travis/build/icyphy/ptII/ptolemy/actor/lib/hoc/test/auto/CatchUpComposite3.xml
25 ms. Memory: 120832K Free: 80496K (67%)
----------------- Invoking toplevel() on ptolemy.moml.MoMLSimpleApplication@471d620f
----------------- Done invoking toplevel() on ptolemy.moml.MoMLSimpleApplication@471d620f
reloadAllAccessors: .CatchUpComposite3

===========================================================================================
----------------- testing Wed Nov 27 06:20:43 UTC 2019 /home/travis/build/icyphy/ptII/ptolemy/actor/lib/hoc/test/auto/CatchUpComposite4.xml
----------------- Instantiating /home/travis/build/icyphy/ptII/ptolemy/actor/lib/hoc/test/auto/CatchUpComposite4.xml
10 ms. Memory: 120832K Free: 72481K (60%)
----------------- Invoking toplevel() on ptolemy.moml.MoMLSimpleApplication@24e3c653
----------------- Done invoking toplevel() on ptolemy.moml.MoMLSimpleApplication@24e3c653
reloadAllAccessors: .CatchUpComposite4

===========================================================================================
----------------- testing Wed Nov 27 06:20:43 UTC 2019 /home/travis/build/icyphy/ptII/ptolemy/actor/lib/hoc/test/auto/CatchUpComposite5.xml
----------------- Instantiating /home/travis/build/icyphy/ptII/ptolemy/actor/lib/hoc/test/auto/CatchUpComposite5.xml
7 ms. Memory: 120832K Free: 64867K (54%)
----------------- Invoking toplevel() on ptolemy.moml.MoMLSimpleApplication@62da473
----------------- Done invoking toplevel() on ptolemy.moml.MoMLSimpleApplication@62da473
reloadAllAccessors: .CatchUpComposite5

===========================================================================================
----------------- testing Wed Nov 27 06:20:43 UTC 2019 /home/travis/build/icyphy/ptII/ptolemy/actor/lib/hoc/test/auto/CatchUpComposite6.xml
----------------- Instantiating /home/travis/build/icyphy/ptII/ptolemy/actor/lib/hoc/test/auto/CatchUpComposite6.xml
WARNING: The execution aspects in this model can influence the timing of actors by delaying the 
execution, potentially changing the behavior. There is no guarantee that actors fire at the 
time they request to be fired. 
Use Ptides for deterministic DE behavior that is not influenced by execution aspects. 

105 ms. Memory: 120832K Free: 103619K (86%)
----------------- Invoking toplevel() on ptolemy.moml.MoMLSimpleApplication@4eaa2cdc
----------------- Done invoking toplevel() on ptolemy.moml.MoMLSimpleApplication@4eaa2cdc
reloadAllAccessors: .CatchUpComposite6

===========================================================================================
----------------- testing Wed Nov 27 06:20:43 UTC 2019 /home/travis/build/icyphy/ptII/ptolemy/actor/lib/hoc/test/auto/CatchUpComposite7.xml
----------------- Instantiating /home/travis/build/icyphy/ptII/ptolemy/actor/lib/hoc/test/auto/CatchUpComposite7.xml
WARNING: The execution aspects in this model can influence the timing of actors by delaying the 
execution, potentially changing the behavior. There is no guarantee that actors fire at the 
time they request to be fired. 
Use Ptides for deterministic DE behavior that is not influenced by execution aspects. 

42 ms. Memory: 120832K Free: 89733K (74%)
----------------- Invoking toplevel() on ptolemy.moml.MoMLSimpleApplication@22ab74ce
----------------- Done invoking toplevel() on ptolemy.moml.MoMLSimpleApplication@22ab74ce
reloadAllAccessors: .CatchUpComposite7

===========================================================================================
----------------- testing Wed Nov 27 06:20:43 UTC 2019 /home/travis/build/icyphy/ptII/ptolemy/actor/lib/hoc/test/auto/ConcurrentExecutionTimeSDF.xml
----------------- Instantiating /home/travis/build/icyphy/ptII/ptolemy/actor/lib/hoc/test/auto/ConcurrentExecutionTimeSDF.xml
Fired ExecutionTime: 40400000
Fired ExecutionTime: 40400000
Fired ExecutionTime: 40400000
Fired ExecutionTime: 40400000
Fired ExecutionTime: 40400000
Fired ExecutionTime: 40400000
Fired ExecutionTime: 40400000
Fired ExecutionTime: 40400000
Fired ExecutionTime: 40400000
Fired ExecutionTime: 40400000
Fired ExecutionTime: 40400000
Fired ExecutionTime: 40400000
Fired ExecutionTime: 40400000
Fired ExecutionTime: 40400000
Fired ExecutionTime: 40400000
Fired ExecutionTime: 40400000
Fired ExecutionTime: 40400000
Fired ExecutionTime: 40400000
Fired ExecutionTime: 40400000
Fired ExecutionTime: 40400000
1226 ms. Memory: 120832K Free: 83442K (69%)
----------------- Invoking toplevel() on ptolemy.moml.MoMLSimpleApplication@7ae8c2bd
----------------- Done invoking toplevel() on ptolemy.moml.MoMLSimpleApplication@7ae8c2bd
reloadAllAccessors: .ConcurrentExecutionTimeSDF

===========================================================================================
----------------- testing Wed Nov 27 06:20:44 UTC 2019 /home/travis/build/icyphy/ptII/ptolemy/actor/lib/hoc/test/auto/ConcurrentSleep.xml
----------------- Instantiating /home/travis/build/icyphy/ptII/ptolemy/actor/lib/hoc/test/auto/ConcurrentSleep.xml
735 ms. Memory: 120832K Free: 73349K (61%)
----------------- Invoking toplevel() on ptolemy.moml.MoMLSimpleApplication@7849ff9f
----------------- Done invoking toplevel() on ptolemy.moml.MoMLSimpleApplication@7849ff9f
reloadAllAccessors: .ConcurrentSleep

===========================================================================================
----------------- testing Wed Nov 27 06:20:45 UTC 2019 /home/travis/build/icyphy/ptII/ptolemy/actor/lib/hoc/test/auto/DEInPNInRunCompositeActor.xml
----------------- Instantiating /home/travis/build/icyphy/ptII/ptolemy/actor/lib/hoc/test/auto/DEInPNInRunCompositeActor.xml
10 ms. Memory: 120832K Free: 68082K (56%)
----------------- Invoking toplevel() on ptolemy.moml.MoMLSimpleApplication@1d49aead
----------------- Done invoking toplevel() on ptolemy.moml.MoMLSimpleApplication@1d49aead
reloadAllAccessors: .DEInPNInRunCompositeActor

===========================================================================================
----------------- testing Wed Nov 27 06:20:45 UTC 2019 /home/travis/build/icyphy/ptII/ptolemy/actor/lib/hoc/test/auto/DFTSubSetTest.xml
----------------- Instantiating /home/travis/build/icyphy/ptII/ptolemy/actor/lib/hoc/test/auto/DFTSubSetTest.xml
194 ms. Memory: 120832K Free: 84004K (70%)
----------------- Invoking toplevel() on ptolemy.moml.MoMLSimpleApplication@64d3a848
----------------- Done invoking toplevel() on ptolemy.moml.MoMLSimpleApplication@64d3a848
reloadAllAccessors: .DFTSubSetTest

===========================================================================================
----------------- testing Wed Nov 27 06:20:45 UTC 2019 /home/travis/build/icyphy/ptII/ptolemy/actor/lib/hoc/test/auto/HocDE.xml
----------------- Instantiating /home/travis/build/icyphy/ptII/ptolemy/actor/lib/hoc/test/auto/HocDE.xml
144 ms. Memory: 120832K Free: 58811K (49%)
----------------- Invoking toplevel() on ptolemy.moml.MoMLSimpleApplication@1f5267d3
----------------- Done invoking toplevel() on ptolemy.moml.MoMLSimpleApplication@1f5267d3
reloadAllAccessors: .HocDE

===========================================================================================
----------------- testing Wed Nov 27 06:20:46 UTC 2019 /home/travis/build/icyphy/ptII/ptolemy/actor/lib/hoc/test/auto/IterateOverArray.xml
----------------- Instantiating /home/travis/build/icyphy/ptII/ptolemy/actor/lib/hoc/test/auto/IterateOverArray.xml
6 ms. Memory: 120832K Free: 54329K (45%)
----------------- Invoking toplevel() on ptolemy.moml.MoMLSimpleApplication@11874dc2
----------------- Done invoking toplevel() on ptolemy.moml.MoMLSimpleApplication@11874dc2
reloadAllAccessors: .IterateOverArray

===========================================================================================
----------------- testing Wed Nov 27 06:20:46 UTC 2019 /home/travis/build/icyphy/ptII/ptolemy/actor/lib/hoc/test/auto/IterateOverArray10.xml
----------------- Instantiating /home/travis/build/icyphy/ptII/ptolemy/actor/lib/hoc/test/auto/IterateOverArray10.xml
3 ms. Memory: 120832K Free: 51242K (42%)
----------------- Invoking toplevel() on ptolemy.moml.MoMLSimpleApplication@28e61c14
----------------- Done invoking toplevel() on ptolemy.moml.MoMLSimpleApplication@28e61c14
reloadAllAccessors: .IterateOverArray10

===========================================================================================
----------------- testing Wed Nov 27 06:20:46 UTC 2019 /home/travis/build/icyphy/ptII/ptolemy/actor/lib/hoc/test/auto/IterateOverArray11.xml
----------------- Instantiating /home/travis/build/icyphy/ptII/ptolemy/actor/lib/hoc/test/auto/IterateOverArray11.xml
4 ms. Memory: 120832K Free: 47218K (39%)
----------------- Invoking toplevel() on ptolemy.moml.MoMLSimpleApplication@7f6d5251
----------------- Done invoking toplevel() on ptolemy.moml.MoMLSimpleApplication@7f6d5251
reloadAllAccessors: .IterateOverArray11

===========================================================================================
----------------- testing Wed Nov 27 06:20:46 UTC 2019 /home/travis/build/icyphy/ptII/ptolemy/actor/lib/hoc/test/auto/IterateOverArray12.xml
----------------- Instantiating /home/travis/build/icyphy/ptII/ptolemy/actor/lib/hoc/test/auto/IterateOverArray12.xml
20 ms. Memory: 120832K Free: 103495K (86%)
----------------- Invoking toplevel() on ptolemy.moml.MoMLSimpleApplication@7a357c4d
----------------- Done invoking toplevel() on ptolemy.moml.MoMLSimpleApplication@7a357c4d
reloadAllAccessors: .IterateOverArray12

===========================================================================================
----------------- testing Wed Nov 27 06:20:46 UTC 2019 /home/travis/build/icyphy/ptII/ptolemy/actor/lib/hoc/test/auto/IterateOverArray13.xml
----------------- Instantiating /home/travis/build/icyphy/ptII/ptolemy/actor/lib/hoc/test/auto/IterateOverArray13.xml
83 ms. Memory: 120832K Free: 74475K (62%)
----------------- Invoking toplevel() on ptolemy.moml.MoMLSimpleApplication@4b51ef8
----------------- Done invoking toplevel() on ptolemy.moml.MoMLSimpleApplication@4b51ef8
reloadAllAccessors: .IterateOverArray13

===========================================================================================
----------------- testing Wed Nov 27 06:20:46 UTC 2019 /home/travis/build/icyphy/ptII/ptolemy/actor/lib/hoc/test/auto/IterateOverArray14.xml
----------------- Instantiating /home/travis/build/icyphy/ptII/ptolemy/actor/lib/hoc/test/auto/IterateOverArray14.xml
55 ms. Memory: 120832K Free: 42055K (35%)
----------------- Invoking toplevel() on ptolemy.moml.MoMLSimpleApplication@27d50798
----------------- Done invoking toplevel() on ptolemy.moml.MoMLSimpleApplication@27d50798
reloadAllAccessors: .IterateOverArray14

===========================================================================================
----------------- testing Wed Nov 27 06:20:46 UTC 2019 /home/travis/build/icyphy/ptII/ptolemy/actor/lib/hoc/test/auto/IterateOverArray2.xml
----------------- Instantiating /home/travis/build/icyphy/ptII/ptolemy/actor/lib/hoc/test/auto/IterateOverArray2.xml
5 ms. Memory: 120832K Free: 37517K (31%)
----------------- Invoking toplevel() on ptolemy.moml.MoMLSimpleApplication@69de794d
----------------- Done invoking toplevel() on ptolemy.moml.MoMLSimpleApplication@69de794d
reloadAllAccessors: .IterateOverArray2

===========================================================================================
----------------- testing Wed Nov 27 06:20:46 UTC 2019 /home/travis/build/icyphy/ptII/ptolemy/actor/lib/hoc/test/auto/IterateOverArray3.xml
----------------- Instantiating /home/travis/build/icyphy/ptII/ptolemy/actor/lib/hoc/test/auto/IterateOverArray3.xml
21 ms. Memory: 150528K Free: 131024K (87%)
----------------- Invoking toplevel() on ptolemy.moml.MoMLSimpleApplication@6f7902cd
----------------- Done invoking toplevel() on ptolemy.moml.MoMLSimpleApplication@6f7902cd
reloadAllAccessors: .IterateOverArray3

===========================================================================================
----------------- testing Wed Nov 27 06:20:46 UTC 2019 /home/travis/build/icyphy/ptII/ptolemy/actor/lib/hoc/test/auto/IterateOverArray4.xml
----------------- Instantiating /home/travis/build/icyphy/ptII/ptolemy/actor/lib/hoc/test/auto/IterateOverArray4.xml
9 ms. Memory: 150528K Free: 126944K (84%)
----------------- Invoking toplevel() on ptolemy.moml.MoMLSimpleApplication@812192d
----------------- Done invoking toplevel() on ptolemy.moml.MoMLSimpleApplication@812192d
reloadAllAccessors: .IterateOverArray4

===========================================================================================
----------------- testing Wed Nov 27 06:20:46 UTC 2019 /home/travis/build/icyphy/ptII/ptolemy/actor/lib/hoc/test/auto/IterateOverArray5.xml
----------------- Instantiating /home/travis/build/icyphy/ptII/ptolemy/actor/lib/hoc/test/auto/IterateOverArray5.xml
3 ms. Memory: 150528K Free: 122848K (82%)
----------------- Invoking toplevel() on ptolemy.moml.MoMLSimpleApplication@6ca210fe
----------------- Done invoking toplevel() on ptolemy.moml.MoMLSimpleApplication@6ca210fe
reloadAllAccessors: .IterateOverArray5

===========================================================================================
----------------- testing Wed Nov 27 06:20:46 UTC 2019 /home/travis/build/icyphy/ptII/ptolemy/actor/lib/hoc/test/auto/IterateOverArray6.xml
----------------- Instantiating /home/travis/build/icyphy/ptII/ptolemy/actor/lib/hoc/test/auto/IterateOverArray6.xml
3 ms. Memory: 150528K Free: 119266K (79%)
----------------- Invoking toplevel() on ptolemy.moml.MoMLSimpleApplication@7801e46c
----------------- Done invoking toplevel() on ptolemy.moml.MoMLSimpleApplication@7801e46c
reloadAllAccessors: .IterateOverArray6

===========================================================================================
----------------- testing Wed Nov 27 06:20:46 UTC 2019 /home/travis/build/icyphy/ptII/ptolemy/actor/lib/hoc/test/auto/IterateOverArray7.xml
----------------- Instantiating /home/travis/build/icyphy/ptII/ptolemy/actor/lib/hoc/test/auto/IterateOverArray7.xml
10 ms. Memory: 150528K Free: 114656K (76%)
----------------- Invoking toplevel() on ptolemy.moml.MoMLSimpleApplication@3ca5fb20
----------------- Done invoking toplevel() on ptolemy.moml.MoMLSimpleApplication@3ca5fb20
reloadAllAccessors: .IterateOverArray7

===========================================================================================
----------------- testing Wed Nov 27 06:20:46 UTC 2019 /home/travis/build/icyphy/ptII/ptolemy/actor/lib/hoc/test/auto/IterateOverArray8.xml
----------------- Instantiating /home/travis/build/icyphy/ptII/ptolemy/actor/lib/hoc/test/auto/IterateOverArray8.xml
4 ms. Memory: 150528K Free: 110560K (73%)
----------------- Invoking toplevel() on ptolemy.moml.MoMLSimpleApplication@6c6388e0
----------------- Done invoking toplevel() on ptolemy.moml.MoMLSimpleApplication@6c6388e0
reloadAllAccessors: .IterateOverArray8

===========================================================================================
----------------- testing Wed Nov 27 06:20:46 UTC 2019 /home/travis/build/icyphy/ptII/ptolemy/actor/lib/hoc/test/auto/IterateOverArray9.xml
----------------- Instantiating /home/travis/build/icyphy/ptII/ptolemy/actor/lib/hoc/test/auto/IterateOverArray9.xml
10 ms. Memory: 150528K Free: 106464K (71%)
----------------- Invoking toplevel() on ptolemy.moml.MoMLSimpleApplication@4b548336
----------------- Done invoking toplevel() on ptolemy.moml.MoMLSimpleApplication@4b548336
reloadAllAccessors: .IterateOverArray9

===========================================================================================
----------------- testing Wed Nov 27 06:20:46 UTC 2019 /home/travis/build/icyphy/ptII/ptolemy/actor/lib/hoc/test/auto/IterateOverArrayCoercedOutputType.xml
----------------- Instantiating /home/travis/build/icyphy/ptII/ptolemy/actor/lib/hoc/test/auto/IterateOverArrayCoercedOutputType.xml
4 ms. Memory: 150528K Free: 101344K (67%)
----------------- Invoking toplevel() on ptolemy.moml.MoMLSimpleApplication@42ef1c93
----------------- Done invoking toplevel() on ptolemy.moml.MoMLSimpleApplication@42ef1c93
reloadAllAccessors: .IterateOverArrayCoercedOutputType

===========================================================================================
----------------- testing Wed Nov 27 06:20:46 UTC 2019 /home/travis/build/icyphy/ptII/ptolemy/actor/lib/hoc/test/auto/IterateOverArrayInferredOutputType.xml
----------------- Instantiating /home/travis/build/icyphy/ptII/ptolemy/actor/lib/hoc/test/auto/IterateOverArrayInferredOutputType.xml
12 ms. Memory: 150528K Free: 96738K (64%)
----------------- Invoking toplevel() on ptolemy.moml.MoMLSimpleApplication@1388004e
----------------- Done invoking toplevel() on ptolemy.moml.MoMLSimpleApplication@1388004e
reloadAllAccessors: .IterateOverArrayInferredOutputType

===========================================================================================
----------------- testing Wed Nov 27 06:20:46 UTC 2019 /home/travis/build/icyphy/ptII/ptolemy/actor/lib/hoc/test/auto/MobileFunctionTest.xml
----------------- Instantiating /home/travis/build/icyphy/ptII/ptolemy/actor/lib/hoc/test/auto/MobileFunctionTest.xml
6 ms. Memory: 150528K Free: 92642K (62%)
----------------- Invoking toplevel() on ptolemy.moml.MoMLSimpleApplication@4cca8131
----------------- Done invoking toplevel() on ptolemy.moml.MoMLSimpleApplication@4cca8131
reloadAllAccessors: .MobileFunctionTest

===========================================================================================
----------------- testing Wed Nov 27 06:20:46 UTC 2019 /home/travis/build/icyphy/ptII/ptolemy/actor/lib/hoc/test/auto/MobileModelTest.xml
----------------- Instantiating /home/travis/build/icyphy/ptII/ptolemy/actor/lib/hoc/test/auto/MobileModelTest.xml
159 ms. Memory: 150528K Free: 71648K (48%)
----------------- Invoking toplevel() on ptolemy.moml.MoMLSimpleApplication@27b03572
----------------- Done invoking toplevel() on ptolemy.moml.MoMLSimpleApplication@27b03572
reloadAllAccessors: .MobileModelTest

===========================================================================================
----------------- testing Wed Nov 27 06:20:47 UTC 2019 /home/travis/build/icyphy/ptII/ptolemy/actor/lib/hoc/test/auto/ModelReference.xml
----------------- Instantiating /home/travis/build/icyphy/ptII/ptolemy/actor/lib/hoc/test/auto/ModelReference.xml
2 ms. Memory: 150528K Free: 64994K (43%)
1 ms. Memory: 150528K Free: 64450K (43%)
2 ms. Memory: 150528K Free: 63442K (42%)
2 ms. Memory: 150528K Free: 62418K (41%)
1 ms. Memory: 150528K Free: 61922K (41%)
1 ms. Memory: 150528K Free: 60898K (40%)
1 ms. Memory: 150528K Free: 60354K (40%)
4 ms. Memory: 150528K Free: 59346K (39%)
2 ms. Memory: 150528K Free: 58322K (39%)
2 ms. Memory: 150528K Free: 57826K (38%)
32 ms. Memory: 150528K Free: 57826K (38%)
----------------- Invoking toplevel() on ptolemy.moml.MoMLSimpleApplication@32a1d83c
----------------- Done invoking toplevel() on ptolemy.moml.MoMLSimpleApplication@32a1d83c
reloadAllAccessors: .ModelReference

===========================================================================================
----------------- testing Wed Nov 27 06:20:47 UTC 2019 /home/travis/build/icyphy/ptII/ptolemy/actor/lib/hoc/test/auto/ModelReference3.xml
----------------- Instantiating /home/travis/build/icyphy/ptII/ptolemy/actor/lib/hoc/test/auto/ModelReference3.xml
1 ms. Memory: 150528K Free: 131098K (87%)
3 ms. Memory: 150528K Free: 130072K (86%)
2 ms. Memory: 150528K Free: 129050K (86%)
4 ms. Memory: 150528K Free: 128506K (85%)
1 ms. Memory: 150528K Free: 127512K (85%)
1 ms. Memory: 150528K Free: 127002K (84%)
3 ms. Memory: 150528K Free: 125978K (84%)
4 ms. Memory: 150528K Free: 124954K (83%)
2 ms. Memory: 150528K Free: 124426K (83%)
1 ms. Memory: 150528K Free: 123416K (82%)
30 ms. Memory: 150528K Free: 123416K (82%)
----------------- Invoking toplevel() on ptolemy.moml.MoMLSimpleApplication@671d218
----------------- Done invoking toplevel() on ptolemy.moml.MoMLSimpleApplication@671d218
reloadAllAccessors: .ModelReference3

===========================================================================================
----------------- testing Wed Nov 27 06:20:47 UTC 2019 /home/travis/build/icyphy/ptII/ptolemy/actor/lib/hoc/test/auto/ModelReference4.xml
----------------- Instantiating /home/travis/build/icyphy/ptII/ptolemy/actor/lib/hoc/test/auto/ModelReference4.xml
2 ms. Memory: 150528K Free: 118810K (79%)
5 ms. Memory: 150528K Free: 117266K (78%)
3 ms. Memory: 150528K Free: 115738K (77%)
3 ms. Memory: 150528K Free: 114714K (76%)
7 ms. Memory: 150528K Free: 113162K (75%)
4 ms. Memory: 150528K Free: 112146K (75%)
3 ms. Memory: 150528K Free: 110618K (73%)
5 ms. Memory: 150528K Free: 109594K (73%)
1 ms. Memory: 150528K Free: 108050K (72%)
5 ms. Memory: 150528K Free: 107018K (71%)
10019 ms. Memory: 150528K Free: 107018K (71%)
----------------- Invoking toplevel() on ptolemy.moml.MoMLSimpleApplication@c1aadae
----------------- Done invoking toplevel() on ptolemy.moml.MoMLSimpleApplication@c1aadae
reloadAllAccessors: .ModelReference4

===========================================================================================
----------------- testing Wed Nov 27 06:20:57 UTC 2019 /home/travis/build/icyphy/ptII/ptolemy/actor/lib/hoc/test/auto/MultiInstanceComposite.xml
----------------- Instantiating /home/travis/build/icyphy/ptII/ptolemy/actor/lib/hoc/test/auto/MultiInstanceComposite.xml
30 ms. Memory: 150528K Free: 88090K (59%)
----------------- Invoking toplevel() on ptolemy.moml.MoMLSimpleApplication@e3e3139
----------------- Done invoking toplevel() on ptolemy.moml.MoMLSimpleApplication@e3e3139
reloadAllAccessors: .MultiInstanceComposite

===========================================================================================
----------------- testing Wed Nov 27 06:20:57 UTC 2019 /home/travis/build/icyphy/ptII/ptolemy/actor/lib/hoc/test/auto/MultiInstanceComposite2.xml
----------------- Instantiating /home/travis/build/icyphy/ptII/ptolemy/actor/lib/hoc/test/auto/MultiInstanceComposite2.xml
24 ms. Memory: 150528K Free: 76826K (51%)
----------------- Invoking toplevel() on ptolemy.moml.MoMLSimpleApplication@d175321
----------------- Done invoking toplevel() on ptolemy.moml.MoMLSimpleApplication@d175321
reloadAllAccessors: .MultiInstanceComposite2

===========================================================================================
----------------- testing Wed Nov 27 06:20:57 UTC 2019 /home/travis/build/icyphy/ptII/ptolemy/actor/lib/hoc/test/auto/MulticoreExecution.xml
----------------- Instantiating /home/travis/build/icyphy/ptII/ptolemy/actor/lib/hoc/test/auto/MulticoreExecution.xml
Fired ExecutionTime: 2000000
Fired ExecutionTime: 3200000
Fired ExecutionTime: 3600000
Fired ExecutionTime: 2000000
Fired ExecutionTime: 3600000
Fired ExecutionTime: 2000000
Fired ExecutionTime: 13600000
Fired ExecutionTime: 17200000
Fired ExecutionTime: 30000000
Fired ExecutionTime: 42800000
Fired ExecutionTime: 24400000
Fired ExecutionTime: 47600000
Fired ExecutionTime: 49600000
Fired ExecutionTime: 34000000
Fired ExecutionTime: 66800000
Fired ExecutionTime: 67600000
Fired ExecutionTime: 60400000
Fired ExecutionTime: 68400000
Fired ExecutionTime: 65200000
Fired ExecutionTime: 69200000
1091 ms. Memory: 150528K Free: 68120K (45%)
----------------- Invoking toplevel() on ptolemy.moml.MoMLSimpleApplication@322606f6
----------------- Done invoking toplevel() on ptolemy.moml.MoMLSimpleApplication@322606f6
reloadAllAccessors: .MulticoreExecution

===========================================================================================
----------------- testing Wed Nov 27 06:20:58 UTC 2019 /home/travis/build/icyphy/ptII/ptolemy/actor/lib/hoc/test/auto/ParallelExecution.xml
----------------- Instantiating /home/travis/build/icyphy/ptII/ptolemy/actor/lib/hoc/test/auto/ParallelExecution.xml
915 ms. Memory: 150528K Free: 60442K (40%)
----------------- Invoking toplevel() on ptolemy.moml.MoMLSimpleApplication@3b4b769c
----------------- Done invoking toplevel() on ptolemy.moml.MoMLSimpleApplication@3b4b769c
reloadAllAccessors: .ParallelExecution

===========================================================================================
----------------- testing Wed Nov 27 06:20:59 UTC 2019 /home/travis/build/icyphy/ptII/ptolemy/actor/lib/hoc/test/auto/RunCompositeActor.xml
----------------- Instantiating /home/travis/build/icyphy/ptII/ptolemy/actor/lib/hoc/test/auto/RunCompositeActor.xml
7 ms. Memory: 150528K Free: 53274K (35%)
----------------- Invoking toplevel() on ptolemy.moml.MoMLSimpleApplication@27d95e9d
----------------- Done invoking toplevel() on ptolemy.moml.MoMLSimpleApplication@27d95e9d
reloadAllAccessors: .RunCompositeActor

===========================================================================================
----------------- testing Wed Nov 27 06:20:59 UTC 2019 /home/travis/build/icyphy/ptII/ptolemy/actor/lib/hoc/test/auto/RunCompositeActor2.xml
----------------- Instantiating /home/travis/build/icyphy/ptII/ptolemy/actor/lib/hoc/test/auto/RunCompositeActor2.xml
4 ms. Memory: 150528K Free: 133954K (89%)
----------------- Invoking toplevel() on ptolemy.moml.MoMLSimpleApplication@30be7860
----------------- Done invoking toplevel() on ptolemy.moml.MoMLSimpleApplication@30be7860
reloadAllAccessors: .RunCompositeActor2

===========================================================================================
----------------- testing Wed Nov 27 06:20:59 UTC 2019 /home/travis/build/icyphy/ptII/ptolemy/actor/lib/hoc/test/auto/RunCompositeActor3.xml
----------------- Instantiating /home/travis/build/icyphy/ptII/ptolemy/actor/lib/hoc/test/auto/RunCompositeActor3.xml
3 ms. Memory: 150528K Free: 128834K (86%)
----------------- Invoking toplevel() on ptolemy.moml.MoMLSimpleApplication@6ab232b9
----------------- Done invoking toplevel() on ptolemy.moml.MoMLSimpleApplication@6ab232b9
reloadAllAccessors: .RunCompositeActor3

===========================================================================================
----------------- testing Wed Nov 27 06:20:59 UTC 2019 /home/travis/build/icyphy/ptII/ptolemy/actor/lib/hoc/test/auto/RunCompositeActor4.xml
----------------- Instantiating /home/travis/build/icyphy/ptII/ptolemy/actor/lib/hoc/test/auto/RunCompositeActor4.xml
11 ms. Memory: 150528K Free: 120642K (80%)
----------------- Invoking toplevel() on ptolemy.moml.MoMLSimpleApplication@105cc15c
----------------- Done invoking toplevel() on ptolemy.moml.MoMLSimpleApplication@105cc15c
reloadAllAccessors: .RunCompositeActor4

===========================================================================================
----------------- testing Wed Nov 27 06:20:59 UTC 2019 /home/travis/build/icyphy/ptII/ptolemy/actor/lib/hoc/test/auto/RunCompositeIterateOverArray.xml
----------------- Instantiating /home/travis/build/icyphy/ptII/ptolemy/actor/lib/hoc/test/auto/RunCompositeIterateOverArray.xml
10 ms. Memory: 150528K Free: 114498K (76%)
----------------- Invoking toplevel() on ptolemy.moml.MoMLSimpleApplication@35fb141f
----------------- Done invoking toplevel() on ptolemy.moml.MoMLSimpleApplication@35fb141f
reloadAllAccessors: .RunCompositeIterateOverArray

===========================================================================================
----------------- testing Wed Nov 27 06:20:59 UTC 2019 /home/travis/build/icyphy/ptII/ptolemy/actor/lib/hoc/test/auto/ThreadedJS.xml
----------------- Instantiating /home/travis/build/icyphy/ptII/ptolemy/actor/lib/hoc/test/auto/ThreadedJS.xml
5627 ms. Memory: 223232K Free: 92812K (42%)
----------------- Invoking toplevel() on ptolemy.moml.MoMLSimpleApplication@674deca4
----------------- Done invoking toplevel() on ptolemy.moml.MoMLSimpleApplication@674deca4
reloadAllAccessors: .ThreadedJS
AutoTests.java: About to close Vertx.
AutoTests.java: Vertx closed.
]]></system-out>
  <system-err><![CDATA[java.lang.RuntimeException: Execution failed
	at ptolemy.moml.MoMLSimpleApplication$UnloadThread.run(MoMLSimpleApplication.java:402)
Caused by: ptolemy.kernel.util.IllegalActionException: initialize() was called after wrapup() was called but preinitialize() was not called after wrapup().
	at ptolemy.actor.lib.hoc.test.PreinitializeMustBeInvoked.initialize(PreinitializeMustBeInvoked.java:78)
	at ptolemy.actor.Director.initialize(Director.java:938)
	at ptolemy.actor.Director.initialize(Director.java:907)
	at ptolemy.actor.sched.StaticSchedulingDirector.initialize(StaticSchedulingDirector.java:159)
	at ptolemy.domains.sdf.kernel.SDFDirector.initialize(SDFDirector.java:544)
	at ptolemy.actor.CompositeActor.initialize(CompositeActor.java:935)
	at ptolemy.actor.lib.hoc.LifeCycleManager._executeInsideModel(LifeCycleManager.java:339)
	at ptolemy.actor.lib.hoc.RunCompositeActor.fire(RunCompositeActor.java:205)
	at ptolemy.actor.CompositeActor.iterate(CompositeActor.java:1146)
	at ptolemy.actor.sched.StaticSchedulingDirector.fire(StaticSchedulingDirector.java:216)
	at ptolemy.domains.sdf.kernel.SDFDirector.fire(SDFDirector.java:500)
	at ptolemy.actor.CompositeActor.fire(CompositeActor.java:455)
	at ptolemy.actor.Manager.iterate(Manager.java:851)
	at ptolemy.actor.Manager.execute(Manager.java:369)
	at ptolemy.actor.Manager.run(Manager.java:1263)
	at ptolemy.actor.Manager$PtolemyRunThread.run(Manager.java:1933)
java.lang.reflect.InvocationTargetException
	at java.base/jdk.internal.reflect.NativeConstructorAccessorImpl.newInstance0(Native Method)
	at java.base/jdk.internal.reflect.NativeConstructorAccessorImpl.newInstance(NativeConstructorAccessorImpl.java:62)
	at java.base/jdk.internal.reflect.DelegatingConstructorAccessorImpl.newInstance(DelegatingConstructorAccessorImpl.java:45)
	at java.base/java.lang.reflect.Constructor.newInstance(Constructor.java:490)
	at ptolemy.util.test.junit.AutoKnownFailedTests.RunModel(AutoKnownFailedTests.java:105)
	at java.base/jdk.internal.reflect.NativeMethodAccessorImpl.invoke0(Native Method)
	at java.base/jdk.internal.reflect.NativeMethodAccessorImpl.invoke(NativeMethodAccessorImpl.java:62)
	at java.base/jdk.internal.reflect.DelegatingMethodAccessorImpl.invoke(DelegatingMethodAccessorImpl.java:43)
	at java.base/java.lang.reflect.Method.invoke(Method.java:566)
	at org.junit.runners.model.FrameworkMethod$1.runReflectiveCall(FrameworkMethod.java:44)
	at org.junit.internal.runners.model.ReflectiveCallable.run(ReflectiveCallable.java:15)
	at org.junit.runners.model.FrameworkMethod.invokeExplosively(FrameworkMethod.java:41)
	at junitparams.internal.InvokeParameterisedMethod.evaluate(InvokeParameterisedMethod.java:102)
	at org.junit.internal.runners.statements.FailOnTimeout$1.run(FailOnTimeout.java:28)
Caused by: ptolemy.kernel.util.IllegalActionException: initialize() was called after wrapup() was called but preinitialize() was not called after wrapup().
	at ptolemy.actor.lib.hoc.test.PreinitializeMustBeInvoked.initialize(PreinitializeMustBeInvoked.java:78)
	at ptolemy.actor.Director.initialize(Director.java:938)
	at ptolemy.actor.Director.initialize(Director.java:907)
	at ptolemy.actor.sched.StaticSchedulingDirector.initialize(StaticSchedulingDirector.java:159)
	at ptolemy.domains.sdf.kernel.SDFDirector.initialize(SDFDirector.java:544)
	at ptolemy.actor.CompositeActor.initialize(CompositeActor.java:935)
	at ptolemy.actor.lib.hoc.LifeCycleManager._executeInsideModel(LifeCycleManager.java:339)
	at ptolemy.actor.lib.hoc.RunCompositeActor.fire(RunCompositeActor.java:205)
	at ptolemy.actor.CompositeActor.iterate(CompositeActor.java:1146)
	at ptolemy.actor.sched.StaticSchedulingDirector.fire(StaticSchedulingDirector.java:216)
	at ptolemy.domains.sdf.kernel.SDFDirector.fire(SDFDirector.java:500)
	at ptolemy.actor.CompositeActor.fire(CompositeActor.java:455)
	at ptolemy.actor.Manager.iterate(Manager.java:851)
	at ptolemy.actor.Manager.execute(Manager.java:369)
	at ptolemy.actor.Manager.run(Manager.java:1263)
	at ptolemy.actor.Manager$PtolemyRunThread.run(Manager.java:1933)
Warning: Nashorn engine is planned to be removed from a future JDK release
Warning: Nashorn engine is planned to be removed from a future JDK release
Warning: Nashorn engine is planned to be removed from a future JDK release
Warning: Nashorn engine is planned to be removed from a future JDK release
Warning: Nashorn engine is planned to be removed from a future JDK release
Warning: Nashorn engine is planned to be removed from a future JDK release
Warning: Nashorn engine is planned to be removed from a future JDK release
Warning: Nashorn engine is planned to be removed from a future JDK release
]]></system-err>
</testsuite>
