<?xml version="1.0" encoding="UTF-8" ?>
<testsuite errors="0" failures="0" hostname="travis-job-0a7ff1d4-fdce-44af-92aa-146136ec5293" name="ptolemy.domains.de.test.junit.JUnitTclTest" skipped="0" tests="101" time="129.301" timestamp="2019-02-21T03:38:49">
  <properties>
[...]
</properties>
  <testcase classname="ptolemy.util.test.junit.TclTests" name="[0] /home/travis/build/icyphy/ptII/ptolemy/domains/de/test/DependencyLoop.tcl (RunTclFile)" time="0.695" />
  <testcase classname="ptolemy.util.test.junit.TclTests" name="[1] /home/travis/build/icyphy/ptII/ptolemy/domains/de/test/RunDETestsAsQSS.tcl (RunTclFile)" time="88.155" />
  <testcase classname="ptolemy.util.test.junit.AutoKnownFailedTests" name="[0] /home/travis/build/icyphy/ptII/ptolemy/domains/de/test/auto/knownFailedTests/DESDFClockTest.xml (RunModel)" time="2.044" />
  <testcase classname="ptolemy.util.test.junit.AutoKnownFailedTests" name="[1] /home/travis/build/icyphy/ptII/ptolemy/domains/de/test/auto/knownFailedTests/DirectFeedback.xml (RunModel)" time="0.015" />
  <testcase classname="ptolemy.util.test.junit.AutoKnownFailedTests" name="[2] /home/travis/build/icyphy/ptII/ptolemy/domains/de/test/auto/knownFailedTests/FSMSource.xml (RunModel)" time="0.016" />
  <testcase classname="ptolemy.util.test.junit.AutoKnownFailedTests" name="[3] /home/travis/build/icyphy/ptII/ptolemy/domains/de/test/auto/knownFailedTests/HierarchicalModel.xml (RunModel)" time="0.033" />
  <testcase classname="ptolemy.util.test.junit.AutoKnownFailedTests" name="[4] /home/travis/build/icyphy/ptII/ptolemy/domains/de/test/auto/knownFailedTests/dependencyLoop.xml (RunModel)" time="0.033" />
  <testcase classname="ptolemy.util.test.junit.AutoKnownFailedTests" name="[5] /home/travis/build/icyphy/ptII/ptolemy/domains/de/test/auto/knownFailedTests/dependencyLoop2.xml (RunModel)" time="0.034" />
  <testcase classname="ptolemy.util.test.junit.AutoNameArchTests" name="[0] ThereAreNoAutoArchTests (RunModel)" time="0.0" />
  <testcase classname="ptolemy.util.test.junit.AutoTests" name="[0] /home/travis/build/icyphy/ptII/ptolemy/domains/de/test/auto/ActorDepthCalculation_actorWithoutPorts.xml (RunModel)" time="0.012" />
  <testcase classname="ptolemy.util.test.junit.AutoTests" name="[1] /home/travis/build/icyphy/ptII/ptolemy/domains/de/test/auto/AssemblyLine.xml (RunModel)" time="0.016" />
  <testcase classname="ptolemy.util.test.junit.AutoTests" name="[2] /home/travis/build/icyphy/ptII/ptolemy/domains/de/test/auto/CQBug1.xml (RunModel)" time="0.007" />
  <testcase classname="ptolemy.util.test.junit.AutoTests" name="[3] /home/travis/build/icyphy/ptII/ptolemy/domains/de/test/auto/CancelFireAt.xml (RunModel)" time="0.006" />
  <testcase classname="ptolemy.util.test.junit.AutoTests" name="[4] /home/travis/build/icyphy/ptII/ptolemy/domains/de/test/auto/CausalityAndComposabilityAnalysis.xml (RunModel)" time="0.01" />
  <testcase classname="ptolemy.util.test.junit.AutoTests" name="[5] /home/travis/build/icyphy/ptII/ptolemy/domains/de/test/auto/CausalityInterface1.xml (RunModel)" time="0.011" />
  <testcase classname="ptolemy.util.test.junit.AutoTests" name="[6] /home/travis/build/icyphy/ptII/ptolemy/domains/de/test/auto/CausalityInterface15.xml (RunModel)" time="0.014" />
  <testcase classname="ptolemy.util.test.junit.AutoTests" name="[7] /home/travis/build/icyphy/ptII/ptolemy/domains/de/test/auto/CausalityInterface2.xml (RunModel)" time="0.009" />
  <testcase classname="ptolemy.util.test.junit.AutoTests" name="[8] /home/travis/build/icyphy/ptII/ptolemy/domains/de/test/auto/CausalityInterface3.xml (RunModel)" time="0.01" />
  <testcase classname="ptolemy.util.test.junit.AutoTests" name="[9] /home/travis/build/icyphy/ptII/ptolemy/domains/de/test/auto/ClockDrift.xml (RunModel)" time="0.031" />
  <testcase classname="ptolemy.util.test.junit.AutoTests" name="[10] /home/travis/build/icyphy/ptII/ptolemy/domains/de/test/auto/ClockDriftAndValueChange.xml (RunModel)" time="0.027" />
  <testcase classname="ptolemy.util.test.junit.AutoTests" name="[11] /home/travis/build/icyphy/ptII/ptolemy/domains/de/test/auto/ClockDriftChange.xml (RunModel)" time="0.026" />
  <testcase classname="ptolemy.util.test.junit.AutoTests" name="[12] /home/travis/build/icyphy/ptII/ptolemy/domains/de/test/auto/ComposableCausalityAnalysis.xml (RunModel)" time="0.015" />
  <testcase classname="ptolemy.util.test.junit.AutoTests" name="[13] /home/travis/build/icyphy/ptII/ptolemy/domains/de/test/auto/DEFixedPointLimitation.xml (RunModel)" time="0.011" />
  <testcase classname="ptolemy.util.test.junit.AutoTests" name="[14] /home/travis/build/icyphy/ptII/ptolemy/domains/de/test/auto/DEScheduleTest.xml (RunModel)" time="0.015" />
  <testcase classname="ptolemy.util.test.junit.AutoTests" name="[15] /home/travis/build/icyphy/ptII/ptolemy/domains/de/test/auto/DEinDEwithStartTimes.xml (RunModel)" time="0.012" />
  <testcase classname="ptolemy.util.test.junit.AutoTests" name="[16] /home/travis/build/icyphy/ptII/ptolemy/domains/de/test/auto/DEinDEwithStartTimes2.xml (RunModel)" time="0.013" />
  <testcase classname="ptolemy.util.test.junit.AutoTests" name="[17] /home/travis/build/icyphy/ptII/ptolemy/domains/de/test/auto/DateDemo.xml (RunModel)" time="0.026" />
  <testcase classname="ptolemy.util.test.junit.AutoTests" name="[18] /home/travis/build/icyphy/ptII/ptolemy/domains/de/test/auto/DateToEvent.xml (RunModel)" time="2.038" />
  <testcase classname="ptolemy.util.test.junit.AutoTests" name="[19] /home/travis/build/icyphy/ptII/ptolemy/domains/de/test/auto/DepthTest1.xml (RunModel)" time="0.013" />
  <testcase classname="ptolemy.util.test.junit.AutoTests" name="[20] /home/travis/build/icyphy/ptII/ptolemy/domains/de/test/auto/DepthTest2.xml (RunModel)" time="0.016" />
  <testcase classname="ptolemy.util.test.junit.AutoTests" name="[21] /home/travis/build/icyphy/ptII/ptolemy/domains/de/test/auto/DepthTest3.xml (RunModel)" time="0.007" />
  <testcase classname="ptolemy.util.test.junit.AutoTests" name="[22] /home/travis/build/icyphy/ptII/ptolemy/domains/de/test/auto/DepthTest4.xml (RunModel)" time="0.011" />
  <testcase classname="ptolemy.util.test.junit.AutoTests" name="[23] /home/travis/build/icyphy/ptII/ptolemy/domains/de/test/auto/DepthTest5.xml (RunModel)" time="0.012" />
  <testcase classname="ptolemy.util.test.junit.AutoTests" name="[24] /home/travis/build/icyphy/ptII/ptolemy/domains/de/test/auto/DepthTest6.xml (RunModel)" time="0.012" />
  <testcase classname="ptolemy.util.test.junit.AutoTests" name="[25] /home/travis/build/icyphy/ptII/ptolemy/domains/de/test/auto/DepthTest7.xml (RunModel)" time="0.01" />
  <testcase classname="ptolemy.util.test.junit.AutoTests" name="[26] /home/travis/build/icyphy/ptII/ptolemy/domains/de/test/auto/EventToDate.xml (RunModel)" time="3.031" />
  <testcase classname="ptolemy.util.test.junit.AutoTests" name="[27] /home/travis/build/icyphy/ptII/ptolemy/domains/de/test/auto/FSM1.xml (RunModel)" time="0.028" />
  <testcase classname="ptolemy.util.test.junit.AutoTests" name="[28] /home/travis/build/icyphy/ptII/ptolemy/domains/de/test/auto/FSM7.xml (RunModel)" time="0.027" />
  <testcase classname="ptolemy.util.test.junit.AutoTests" name="[29] /home/travis/build/icyphy/ptII/ptolemy/domains/de/test/auto/Inspection.xml (RunModel)" time="0.036" />
  <testcase classname="ptolemy.util.test.junit.AutoTests" name="[30] /home/travis/build/icyphy/ptII/ptolemy/domains/de/test/auto/Iteration.xml (RunModel)" time="0.016" />
  <testcase classname="ptolemy.util.test.junit.AutoTests" name="[31] /home/travis/build/icyphy/ptII/ptolemy/domains/de/test/auto/LineFault.xml (RunModel)" time="0.529" />
  <testcase classname="ptolemy.util.test.junit.AutoTests" name="[32] /home/travis/build/icyphy/ptII/ptolemy/domains/de/test/auto/MergeModel1Add.xml (RunModel)" time="0.04" />
  <testcase classname="ptolemy.util.test.junit.AutoTests" name="[33] /home/travis/build/icyphy/ptII/ptolemy/domains/de/test/auto/MergeModel2Add.xml (RunModel)" time="0.036" />
  <testcase classname="ptolemy.util.test.junit.AutoTests" name="[34] /home/travis/build/icyphy/ptII/ptolemy/domains/de/test/auto/MergeModel3Add.xml (RunModel)" time="0.034" />
  <testcase classname="ptolemy.util.test.junit.AutoTests" name="[35] /home/travis/build/icyphy/ptII/ptolemy/domains/de/test/auto/MergeWithoutDiscard.xml (RunModel)" time="0.009" />
  <testcase classname="ptolemy.util.test.junit.AutoTests" name="[36] /home/travis/build/icyphy/ptII/ptolemy/domains/de/test/auto/Modal1.xml (RunModel)" time="0.025" />
  <testcase classname="ptolemy.util.test.junit.AutoTests" name="[37] /home/travis/build/icyphy/ptII/ptolemy/domains/de/test/auto/Modal2.xml (RunModel)" time="0.03" />
  <testcase classname="ptolemy.util.test.junit.AutoTests" name="[38] /home/travis/build/icyphy/ptII/ptolemy/domains/de/test/auto/Modal3.xml (RunModel)" time="0.025" />
  <testcase classname="ptolemy.util.test.junit.AutoTests" name="[39] /home/travis/build/icyphy/ptII/ptolemy/domains/de/test/auto/Modal4.xml (RunModel)" time="0.027" />
  <testcase classname="ptolemy.util.test.junit.AutoTests" name="[40] /home/travis/build/icyphy/ptII/ptolemy/domains/de/test/auto/Modal5.xml (RunModel)" time="0.025" />
  <testcase classname="ptolemy.util.test.junit.AutoTests" name="[41] /home/travis/build/icyphy/ptII/ptolemy/domains/de/test/auto/Modal6.xml (RunModel)" time="0.024" />
  <testcase classname="ptolemy.util.test.junit.AutoTests" name="[42] /home/travis/build/icyphy/ptII/ptolemy/domains/de/test/auto/Modal7.xml (RunModel)" time="0.026" />
  <testcase classname="ptolemy.util.test.junit.AutoTests" name="[43] /home/travis/build/icyphy/ptII/ptolemy/domains/de/test/auto/ModalModel.xml (RunModel)" time="0.139" />
  <testcase classname="ptolemy.util.test.junit.AutoTests" name="[44] /home/travis/build/icyphy/ptII/ptolemy/domains/de/test/auto/ModalSource.xml (RunModel)" time="0.015" />
  <testcase classname="ptolemy.util.test.junit.AutoTests" name="[45] /home/travis/build/icyphy/ptII/ptolemy/domains/de/test/auto/NonInterruptibleTimerZeroDelay.xml (RunModel)" time="0.008" />
  <testcase classname="ptolemy.util.test.junit.AutoTests" name="[46] /home/travis/build/icyphy/ptII/ptolemy/domains/de/test/auto/OpenQueueingNetwork.xml (RunModel)" time="2.191" />
  <testcase classname="ptolemy.util.test.junit.AutoTests" name="[47] /home/travis/build/icyphy/ptII/ptolemy/domains/de/test/auto/OpenQueuingNetwork.xml (RunModel)" time="0.252" />
  <testcase classname="ptolemy.util.test.junit.AutoTests" name="[48] /home/travis/build/icyphy/ptII/ptolemy/domains/de/test/auto/PeriodicSampler.xml (RunModel)" time="0.009" />
  <testcase classname="ptolemy.util.test.junit.AutoTests" name="[49] /home/travis/build/icyphy/ptII/ptolemy/domains/de/test/auto/PersistentIO.xml (RunModel)" time="0.016" />
  <testcase classname="ptolemy.util.test.junit.AutoTests" name="[50] /home/travis/build/icyphy/ptII/ptolemy/domains/de/test/auto/PortParameterResetOnInitialize.xml (RunModel)" time="0.008" />
  <testcase classname="ptolemy.util.test.junit.AutoTests" name="[51] /home/travis/build/icyphy/ptII/ptolemy/domains/de/test/auto/PortParameterUpdates.xml (RunModel)" time="0.017" />
  <testcase classname="ptolemy.util.test.junit.AutoTests" name="[52] /home/travis/build/icyphy/ptII/ptolemy/domains/de/test/auto/QueueAndServer.xml (RunModel)" time="0.019" />
  <testcase classname="ptolemy.util.test.junit.AutoTests" name="[53] /home/travis/build/icyphy/ptII/ptolemy/domains/de/test/auto/Records.xml (RunModel)" time="0.012" />
  <testcase classname="ptolemy.util.test.junit.AutoTests" name="[54] /home/travis/build/icyphy/ptII/ptolemy/domains/de/test/auto/ResetTransitionWithStartTime1.xml (RunModel)" time="0.016" />
  <testcase classname="ptolemy.util.test.junit.AutoTests" name="[55] /home/travis/build/icyphy/ptII/ptolemy/domains/de/test/auto/ResetTransitionWithStartTime2.xml (RunModel)" time="0.015" />
  <testcase classname="ptolemy.util.test.junit.AutoTests" name="[56] /home/travis/build/icyphy/ptII/ptolemy/domains/de/test/auto/ResetTransitionWithStartTime3.xml (RunModel)" time="0.016" />
  <testcase classname="ptolemy.util.test.junit.AutoTests" name="[57] /home/travis/build/icyphy/ptII/ptolemy/domains/de/test/auto/ResetTransitionWithStartTime4.xml (RunModel)" time="0.02" />
  <testcase classname="ptolemy.util.test.junit.AutoTests" name="[58] /home/travis/build/icyphy/ptII/ptolemy/domains/de/test/auto/ResettableTimer1.xml (RunModel)" time="0.01" />
  <testcase classname="ptolemy.util.test.junit.AutoTests" name="[59] /home/travis/build/icyphy/ptII/ptolemy/domains/de/test/auto/ResettableTimer2.xml (RunModel)" time="0.009" />
  <testcase classname="ptolemy.util.test.junit.AutoTests" name="[60] /home/travis/build/icyphy/ptII/ptolemy/domains/de/test/auto/ResettableTimer3.xml (RunModel)" time="0.008" />
  <testcase classname="ptolemy.util.test.junit.AutoTests" name="[61] /home/travis/build/icyphy/ptII/ptolemy/domains/de/test/auto/ResettableTimer4.xml (RunModel)" time="0.01" />
  <testcase classname="ptolemy.util.test.junit.AutoTests" name="[62] /home/travis/build/icyphy/ptII/ptolemy/domains/de/test/auto/ResettableTimer5.xml (RunModel)" time="0.008" />
  <testcase classname="ptolemy.util.test.junit.AutoTests" name="[63] /home/travis/build/icyphy/ptII/ptolemy/domains/de/test/auto/ResettableTimer6.xml (RunModel)" time="0.016" />
  <testcase classname="ptolemy.util.test.junit.AutoTests" name="[64] /home/travis/build/icyphy/ptII/ptolemy/domains/de/test/auto/ServerZeroDelay.xml (RunModel)" time="0.011" />
  <testcase classname="ptolemy.util.test.junit.AutoTests" name="[65] /home/travis/build/icyphy/ptII/ptolemy/domains/de/test/auto/SmartSender.xml (RunModel)" time="3.008" />
  <testcase classname="ptolemy.util.test.junit.AutoTests" name="[66] /home/travis/build/icyphy/ptII/ptolemy/domains/de/test/auto/ThreadedComposite.xml (RunModel)" time="0.128" />
  <testcase classname="ptolemy.util.test.junit.AutoTests" name="[67] /home/travis/build/icyphy/ptII/ptolemy/domains/de/test/auto/Time.xml (RunModel)" time="0.434" />
  <testcase classname="ptolemy.util.test.junit.AutoTests" name="[68] /home/travis/build/icyphy/ptII/ptolemy/domains/de/test/auto/TimeDelayZeroDelay.xml (RunModel)" time="0.013" />
  <testcase classname="ptolemy.util.test.junit.AutoTests" name="[69] /home/travis/build/icyphy/ptII/ptolemy/domains/de/test/auto/TimerZeroDelay.xml (RunModel)" time="0.009" />
  <testcase classname="ptolemy.util.test.junit.AutoTests" name="[70] /home/travis/build/icyphy/ptII/ptolemy/domains/de/test/auto/TimingParadox.xml (RunModel)" time="0.342" />
  <testcase classname="ptolemy.util.test.junit.AutoTests" name="[71] /home/travis/build/icyphy/ptII/ptolemy/domains/de/test/auto/TransferInputs.xml (RunModel)" time="0.013" />
  <testcase classname="ptolemy.util.test.junit.AutoTests" name="[72] /home/travis/build/icyphy/ptII/ptolemy/domains/de/test/auto/TransferOutputs2.xml (RunModel)" time="0.021" />
  <testcase classname="ptolemy.util.test.junit.AutoTests" name="[73] /home/travis/build/icyphy/ptII/ptolemy/domains/de/test/auto/Trilateration.xml (RunModel)" time="12.346" />
  <testcase classname="ptolemy.util.test.junit.AutoTests" name="[74] /home/travis/build/icyphy/ptII/ptolemy/domains/de/test/auto/TwoSigmaDelta.xml (RunModel)" time="2.249" />
  <testcase classname="ptolemy.util.test.junit.AutoTests" name="[75] /home/travis/build/icyphy/ptII/ptolemy/domains/de/test/auto/VariableDelay.xml (RunModel)" time="0.02" />
  <testcase classname="ptolemy.util.test.junit.AutoTests" name="[76] /home/travis/build/icyphy/ptII/ptolemy/domains/de/test/auto/VariableDelay2.xml (RunModel)" time="0.008" />
  <testcase classname="ptolemy.util.test.junit.AutoTests" name="[77] /home/travis/build/icyphy/ptII/ptolemy/domains/de/test/auto/VariableDelayZeroDelay.xml (RunModel)" time="0.011" />
  <testcase classname="ptolemy.util.test.junit.AutoTests" name="[78] /home/travis/build/icyphy/ptII/ptolemy/domains/de/test/auto/VariableDelayZeroDelay2.xml (RunModel)" time="0.009" />
  <testcase classname="ptolemy.util.test.junit.AutoTests" name="[79] /home/travis/build/icyphy/ptII/ptolemy/domains/de/test/auto/deInCt.xml (RunModel)" time="0.015" />
  <testcase classname="ptolemy.util.test.junit.AutoTests" name="[80] /home/travis/build/icyphy/ptII/ptolemy/domains/de/test/auto/deInCt2.xml (RunModel)" time="0.02" />
  <testcase classname="ptolemy.util.test.junit.AutoTests" name="[81] /home/travis/build/icyphy/ptII/ptolemy/domains/de/test/auto/dynamicCausalityInterface1.xml (RunModel)" time="0.016" />
  <testcase classname="ptolemy.util.test.junit.AutoTests" name="[82] /home/travis/build/icyphy/ptII/ptolemy/domains/de/test/auto/fsm_de_test.xml (RunModel)" time="0.024" />
  <testcase classname="ptolemy.util.test.junit.AutoTests" name="[83] /home/travis/build/icyphy/ptII/ptolemy/domains/de/test/auto/functionDependencyReconstruction.xml (RunModel)" time="0.029" />
  <testcase classname="ptolemy.util.test.junit.AutoTests" name="[84] /home/travis/build/icyphy/ptII/ptolemy/domains/de/test/auto/multirate.xml (RunModel)" time="0.016" />
  <testcase classname="ptolemy.util.test.junit.AutoTests" name="[85] /home/travis/build/icyphy/ptII/ptolemy/domains/de/test/auto/multirate2.xml (RunModel)" time="0.017" />
  <testcase classname="ptolemy.util.test.junit.AutoTests" name="[86] /home/travis/build/icyphy/ptII/ptolemy/domains/de/test/auto/realtime.xml (RunModel)" time="10.01" />
  <testcase classname="ptolemy.util.test.junit.AutoTests" name="[87] /home/travis/build/icyphy/ptII/ptolemy/domains/de/test/auto/relationGroup.xml (RunModel)" time="0.007" />
  <testcase classname="ptolemy.util.test.junit.AutoTests" name="[88] /home/travis/build/icyphy/ptII/ptolemy/domains/de/test/auto/relationGroup2.xml (RunModel)" time="0.006" />
  <testcase classname="ptolemy.util.test.junit.AutoTests" name="[89] /home/travis/build/icyphy/ptII/ptolemy/domains/de/test/auto/sortWithOpaquePorts.xml (RunModel)" time="0.009" />
  <testcase classname="ptolemy.util.test.junit.AutoTests" name="[90] /home/travis/build/icyphy/ptII/ptolemy/domains/de/test/auto/transferInputsandOutputs.xml (RunModel)" time="0.014" />
  <testcase classname="ptolemy.util.test.junit.AutoTests" name="[91] /home/travis/build/icyphy/ptII/ptolemy/domains/de/test/auto/triggerType.xml (RunModel)" time="0.008" />
  <system-out><![CDATA[/home/travis/build/icyphy/ptII/ptolemy/domains/de/test/DependencyLoop.tcl
testDefs.tcl: setting time out to 9000 seconds at Thu Feb 21 03:38:49 UTC 2019
14 ms. Memory: 116224K Free: 97432K (84%)
26 ms. Memory: 146944K Free: 142419K (97%)
/home/travis/build/icyphy/ptII/ptolemy/domains/de/test/RunDETestsAsQSS.tcl
Run the DE tests using ptolemy.domains.qss.test.QSSDirectorTest, which extends QSSDirector and prints a message in the constructors.
------------------ testing $PTII/ptolemy/domains/de/test/auto/knownFailedTests/dependencyLoop.xml (Known Failure) 
13 ms. Memory: 146944K Free: 136939K (93%)


==== $PTIIhome/travis/build/icyphy/ptII/ptolemy/domains/de/test/../../../../: Auto Automatic test in file $PTII/ptolemy/domains/de/test/auto/knownFailedTests/dependencyLoop.xml
==== Contents of test case:

	    # FIXME: we should use $relativeFilename here, but it
	    # might have backslashes under Windows, which causes no end
	    # of trouble.
	    createAndExecute $file
	    list {}
	
.... Test generated KNOWN error:
    while executing
ptolemy.kernel.util.IllegalActionException: Found a zero delay loop containing .dependencyLoop.original
  in .dependencyLoop and .dependencyLoop.original
	at ptolemy.actor.util.CausalityInterfaceForComposites._computeOutputPortDepth(CausalityInterfaceForComposites.java:759)
	at ptolemy.actor.util.CausalityInterfaceForComposites._computeInputDepth(CausalityInterfaceForComposites.java:696)
	at ptolemy.actor.util.CausalityInterfaceForComposites._computeOutputPortDepth(CausalityInterfaceForComposites.java:765)
	at ptolemy.actor.util.CausalityInterfaceForComposites._computeInputDepth(CausalityInterfaceForComposites.java:696)
	at ptolemy.actor.util.CausalityInterfaceForComposites._computeOutputPortDepth(CausalityInterfaceForComposites.java:765)
	at ptolemy.actor.util.CausalityInterfaceForComposites._computeInputDepth(CausalityInterfaceForComposites.java:696)
	at ptolemy.actor.util.CausalityInterfaceForComposites._computeActorDepth(CausalityInterfaceForComposites.java:532)
	at ptolemy.actor.util.CausalityInterfaceForComposites.checkForCycles(CausalityInterfaceForComposites.java:96)
	at ptolemy.domains.de.kernel.DEDirector.preinitialize(DEDirector.java:1338)
	at ptolemy.actor.CompositeActor.preinitialize(CompositeActor.java:1828)
	at ptolemy.actor.Manager.preinitializeAndResolveTypes(Manager.java:1040)
	at ptolemy.actor.Manager.initialize(Manager.java:710)
	at ptolemy.actor.Manager.execute(Manager.java:356)
	at ptolemy.actor.Manager.run(Manager.java:1263)
	at ptolemy.actor.Manager$PtolemyRunThread.run(Manager.java:1915)

    while executing
ptolemy.kernel.util.IllegalActionException: Found a zero delay loop containing .dependencyLoop.original
  in .dependencyLoop and .dependencyLoop.original
    while executing
"java::new ptolemy.moml.MoMLSimpleApplication $file
"
    (procedure "createAndExecute" line 2)
    invoked from within
"createAndExecute $file"
    ("uplevel" body line 5)
    invoked from within
"uplevel $contents_of_test"
------------------ testing $PTII/ptolemy/domains/de/test/auto/knownFailedTests/DESDFClockTest.xml (Known Failure) 
2068 ms. Memory: 146944K Free: 121314K (83%)


==== $PTIIhome/travis/build/icyphy/ptII/ptolemy/domains/de/test/../../../../: Auto Automatic test in file $PTII/ptolemy/domains/de/test/auto/knownFailedTests/DESDFClockTest.xml
==== Contents of test case:

	    # FIXME: we should use $relativeFilename here, but it
	    # might have backslashes under Windows, which causes no end
	    # of trouble.
	    createAndExecute $file
	    list {}
	
.... Test generated KNOWN error:
    while executing
ptolemy.kernel.util.IllegalActionException: Actor is not ready to fire.  Perhaps UpSample.prefire() returned false? Try debugging the actor by selecting "Listen to Actor".  Also, for SDF check moml for tokenConsumptionRate on input.
  in .DESDFClockTest.Play Bell.Copy1:SDF Director and .DESDFClockTest.Play Bell.UpSample
	at ptolemy.actor.sched.StaticSchedulingDirector.fire(StaticSchedulingDirector.java:227)
	at ptolemy.domains.sdf.kernel.SDFDirector.fire(SDFDirector.java:500)
	at ptolemy.actor.CompositeActor.fire(CompositeActor.java:455)
	at ptolemy.domains.de.kernel.DEDirector._fire(DEDirector.java:1949)
	at ptolemy.domains.de.kernel.DEDirector.fire(DEDirector.java:502)
	at ptolemy.actor.CompositeActor.fire(CompositeActor.java:455)
	at ptolemy.actor.Manager.iterate(Manager.java:851)
	at ptolemy.actor.Manager.execute(Manager.java:369)
	at ptolemy.actor.Manager.run(Manager.java:1263)
	at ptolemy.actor.Manager$PtolemyRunThread.run(Manager.java:1915)

    while executing
ptolemy.kernel.util.IllegalActionException: Actor is not ready to fire.  Perhaps UpSample.prefire() returned false? Try debugging the actor by selecting "Listen to Actor".  Also, for SDF check moml for tokenConsumptionRate on input.
  in .DESDFClockTest.Play Bell.Copy1:SDF Director and .DESDFClockTest.Play Bell.UpSample
    while executing
"java::new ptolemy.moml.MoMLSimpleApplication $file
"
    (procedure "createAndExecute" line 2)
    invoked from within
"createAndExecute $file"
    ("uplevel" body line 5)
    invoked from within
"uplevel $contents_of_test"
------------------ testing $PTII/ptolemy/domains/de/test/auto/knownFailedTests/FSMSource.xml (Known Failure) 
42 ms. Memory: 146944K Free: 112445K (77%)
!!!! Auto was marked as failing, but now passes
------------------ testing $PTII/ptolemy/domains/de/test/auto/knownFailedTests/dependencyLoop2.xml (Known Failure) 
5 ms. Memory: 146944K Free: 110562K (75%)


==== $PTIIhome/travis/build/icyphy/ptII/ptolemy/domains/de/test/../../../../: Auto Automatic test in file $PTII/ptolemy/domains/de/test/auto/knownFailedTests/dependencyLoop2.xml
==== Contents of test case:

	    # FIXME: we should use $relativeFilename here, but it
	    # might have backslashes under Windows, which causes no end
	    # of trouble.
	    createAndExecute $file
	    list {}
	
.... Test generated KNOWN error:
    while executing
ptolemy.kernel.util.IllegalActionException: Found a zero delay loop containing .dependencyLoop2.original
  in .dependencyLoop2 and .dependencyLoop2.original
	at ptolemy.actor.util.CausalityInterfaceForComposites._computeOutputPortDepth(CausalityInterfaceForComposites.java:759)
	at ptolemy.actor.util.CausalityInterfaceForComposites._computeInputDepth(CausalityInterfaceForComposites.java:696)
	at ptolemy.actor.util.CausalityInterfaceForComposites._computeOutputPortDepth(CausalityInterfaceForComposites.java:765)
	at ptolemy.actor.util.CausalityInterfaceForComposites._computeInputDepth(CausalityInterfaceForComposites.java:696)
	at ptolemy.actor.util.CausalityInterfaceForComposites._computeOutputPortDepth(CausalityInterfaceForComposites.java:765)
	at ptolemy.actor.util.CausalityInterfaceForComposites._computeInputDepth(CausalityInterfaceForComposites.java:696)
	at ptolemy.actor.util.CausalityInterfaceForComposites._computeActorDepth(CausalityInterfaceForComposites.java:532)
	at ptolemy.actor.util.CausalityInterfaceForComposites.checkForCycles(CausalityInterfaceForComposites.java:96)
	at ptolemy.domains.de.kernel.DEDirector.preinitialize(DEDirector.java:1338)
	at ptolemy.actor.CompositeActor.preinitialize(CompositeActor.java:1828)
	at ptolemy.actor.Manager.preinitializeAndResolveTypes(Manager.java:1040)
	at ptolemy.actor.Manager.initialize(Manager.java:710)
	at ptolemy.actor.Manager.execute(Manager.java:356)
	at ptolemy.actor.Manager.run(Manager.java:1263)
	at ptolemy.actor.Manager$PtolemyRunThread.run(Manager.java:1915)

    while executing
ptolemy.kernel.util.IllegalActionException: Found a zero delay loop containing .dependencyLoop2.original
  in .dependencyLoop2 and .dependencyLoop2.original
    while executing
"java::new ptolemy.moml.MoMLSimpleApplication $file
"
    (procedure "createAndExecute" line 2)
    invoked from within
"createAndExecute $file"
    ("uplevel" body line 5)
    invoked from within
"uplevel $contents_of_test"
------------------ testing $PTII/ptolemy/domains/de/test/auto/knownFailedTests/HierarchicalModel.xml (Known Failure) 
5 ms. Memory: 146944K Free: 90333K (61%)


==== $PTIIhome/travis/build/icyphy/ptII/ptolemy/domains/de/test/../../../../: Auto Automatic test in file $PTII/ptolemy/domains/de/test/auto/knownFailedTests/HierarchicalModel.xml
==== Contents of test case:

	    # FIXME: we should use $relativeFilename here, but it
	    # might have backslashes under Windows, which causes no end
	    # of trouble.
	    createAndExecute $file
	    list {}
	
.... Test generated KNOWN error:
    while executing
ptolemy.kernel.util.IllegalActionException: Found a zero delay loop containing .HierarchicalModel.A
  in .HierarchicalModel and .HierarchicalModel.A
	at ptolemy.actor.util.CausalityInterfaceForComposites._computeOutputPortDepth(CausalityInterfaceForComposites.java:759)
	at ptolemy.actor.util.CausalityInterfaceForComposites._computeInputDepth(CausalityInterfaceForComposites.java:696)
	at ptolemy.actor.util.CausalityInterfaceForComposites._computeOutputPortDepth(CausalityInterfaceForComposites.java:765)
	at ptolemy.actor.util.CausalityInterfaceForComposites._computeInputDepth(CausalityInterfaceForComposites.java:696)
	at ptolemy.actor.util.CausalityInterfaceForComposites._computeOutputPortDepth(CausalityInterfaceForComposites.java:765)
	at ptolemy.actor.util.CausalityInterfaceForComposites._computeInputDepth(CausalityInterfaceForComposites.java:696)
	at ptolemy.actor.util.CausalityInterfaceForComposites._computeActorDepth(CausalityInterfaceForComposites.java:532)
	at ptolemy.actor.util.CausalityInterfaceForComposites.checkForCycles(CausalityInterfaceForComposites.java:96)
	at ptolemy.domains.de.kernel.DEDirector.preinitialize(DEDirector.java:1338)
	at ptolemy.actor.CompositeActor.preinitialize(CompositeActor.java:1828)
	at ptolemy.actor.Manager.preinitializeAndResolveTypes(Manager.java:1040)
	at ptolemy.actor.Manager.initialize(Manager.java:710)
	at ptolemy.actor.Manager.execute(Manager.java:356)
	at ptolemy.actor.Manager.run(Manager.java:1263)
	at ptolemy.actor.Manager$PtolemyRunThread.run(Manager.java:1915)

    while executing
ptolemy.kernel.util.IllegalActionException: Found a zero delay loop containing .HierarchicalModel.A
  in .HierarchicalModel and .HierarchicalModel.A
    while executing
"java::new ptolemy.moml.MoMLSimpleApplication $file
"
    (procedure "createAndExecute" line 2)
    invoked from within
"createAndExecute $file"
    ("uplevel" body line 5)
    invoked from within
"uplevel $contents_of_test"
------------------ testing $PTII/ptolemy/domains/de/test/auto/knownFailedTests/DirectFeedback.xml (Known Failure) 
3 ms. Memory: 146944K Free: 86212K (59%)


==== $PTIIhome/travis/build/icyphy/ptII/ptolemy/domains/de/test/../../../../: Auto Automatic test in file $PTII/ptolemy/domains/de/test/auto/knownFailedTests/DirectFeedback.xml
==== Contents of test case:

	    # FIXME: we should use $relativeFilename here, but it
	    # might have backslashes under Windows, which causes no end
	    # of trouble.
	    createAndExecute $file
	    list {}
	
.... Test generated KNOWN error:
    while executing
ptolemy.kernel.util.IllegalActionException: Test fails in iteration 1.
Value was: 1.0. Should have been: 2.0
  in .DirectFeedback.Test
	at ptolemy.actor.lib.Test.fire(Test.java:268)
	at ptolemy.domains.de.kernel.DEDirector._fire(DEDirector.java:1949)
	at ptolemy.domains.de.kernel.DEDirector.fire(DEDirector.java:502)
	at ptolemy.actor.CompositeActor.fire(CompositeActor.java:455)
	at ptolemy.actor.Manager.iterate(Manager.java:851)
	at ptolemy.actor.Manager.execute(Manager.java:369)
	at ptolemy.actor.Manager.run(Manager.java:1263)
	at ptolemy.actor.Manager$PtolemyRunThread.run(Manager.java:1915)

    while executing
ptolemy.kernel.util.IllegalActionException: Test fails in iteration 1.
Value was: 1.0. Should have been: 2.0
  in .DirectFeedback.Test
    while executing
"java::new ptolemy.moml.MoMLSimpleApplication $file
"
    (procedure "createAndExecute" line 2)
    invoked from within
"createAndExecute $file"
    ("uplevel" body line 5)
    invoked from within
"uplevel $contents_of_test"
------------------ testing $PTII/ptolemy/domains/de/test/auto/ActorDepthCalculation_actorWithoutPorts.xml
auto.tcl: Setting watchdog for 200 seconds at Thu Feb 21 03:38:52 UTC 2019
5 ms. Memory: 146944K Free: 138946K (95%)
ptolemy.util.test.WatchDog.cancel(): canceling Thu Feb 21 03:38:52 UTC 2019
auto.tcl: Setting watchdog for 200 seconds at Thu Feb 21 03:38:52 UTC 2019
4 ms. Memory: 146944K Free: 137662K (94%)
ptolemy.util.test.WatchDog.cancel(): canceling Thu Feb 21 03:38:52 UTC 2019
------------------ testing $PTII/ptolemy/domains/de/test/auto/AssemblyLine.xml
auto.tcl: Setting watchdog for 200 seconds at Thu Feb 21 03:38:53 UTC 2019
17 ms. Memory: 208384K Free: 183367K (88%)
ptolemy.util.test.WatchDog.cancel(): canceling Thu Feb 21 03:38:53 UTC 2019
auto.tcl: Setting watchdog for 200 seconds at Thu Feb 21 03:38:53 UTC 2019
10 ms. Memory: 208384K Free: 183367K (88%)
ptolemy.util.test.WatchDog.cancel(): canceling Thu Feb 21 03:38:53 UTC 2019
------------------ testing $PTII/ptolemy/domains/de/test/auto/CQBug1.xml
auto.tcl: Setting watchdog for 200 seconds at Thu Feb 21 03:38:53 UTC 2019
7 ms. Memory: 208384K Free: 197888K (95%)
ptolemy.util.test.WatchDog.cancel(): canceling Thu Feb 21 03:38:53 UTC 2019
auto.tcl: Setting watchdog for 200 seconds at Thu Feb 21 03:38:53 UTC 2019
2 ms. Memory: 208384K Free: 197888K (95%)
ptolemy.util.test.WatchDog.cancel(): canceling Thu Feb 21 03:38:53 UTC 2019
------------------ testing $PTII/ptolemy/domains/de/test/auto/CancelFireAt.xml
auto.tcl: Setting watchdog for 200 seconds at Thu Feb 21 03:38:53 UTC 2019
3 ms. Memory: 208384K Free: 201557K (97%)
ptolemy.util.test.WatchDog.cancel(): canceling Thu Feb 21 03:38:53 UTC 2019
auto.tcl: Setting watchdog for 200 seconds at Thu Feb 21 03:38:53 UTC 2019
4 ms. Memory: 208384K Free: 199509K (96%)
ptolemy.util.test.WatchDog.cancel(): canceling Thu Feb 21 03:38:53 UTC 2019
------------------ testing $PTII/ptolemy/domains/de/test/auto/CausalityAndComposabilityAnalysis.xml
auto.tcl: Setting watchdog for 200 seconds at Thu Feb 21 03:38:53 UTC 2019
8 ms. Memory: 208384K Free: 199107K (96%)
ptolemy.util.test.WatchDog.cancel(): canceling Thu Feb 21 03:38:53 UTC 2019
auto.tcl: Setting watchdog for 200 seconds at Thu Feb 21 03:38:53 UTC 2019
9 ms. Memory: 208384K Free: 196539K (94%)
ptolemy.util.test.WatchDog.cancel(): canceling Thu Feb 21 03:38:53 UTC 2019
------------------ testing $PTII/ptolemy/domains/de/test/auto/CausalityInterface1.xml
auto.tcl: Setting watchdog for 200 seconds at Thu Feb 21 03:38:53 UTC 2019
25 ms. Memory: 208384K Free: 196476K (94%)
ptolemy.util.test.WatchDog.cancel(): canceling Thu Feb 21 03:38:53 UTC 2019
auto.tcl: Setting watchdog for 200 seconds at Thu Feb 21 03:38:53 UTC 2019
4 ms. Memory: 208384K Free: 196476K (94%)
ptolemy.util.test.WatchDog.cancel(): canceling Thu Feb 21 03:38:53 UTC 2019
------------------ testing $PTII/ptolemy/domains/de/test/auto/CausalityInterface15.xml
auto.tcl: Setting watchdog for 200 seconds at Thu Feb 21 03:38:53 UTC 2019
13 ms. Memory: 208384K Free: 196436K (94%)
ptolemy.util.test.WatchDog.cancel(): canceling Thu Feb 21 03:38:53 UTC 2019
auto.tcl: Setting watchdog for 200 seconds at Thu Feb 21 03:38:53 UTC 2019
7 ms. Memory: 208384K Free: 196436K (94%)
ptolemy.util.test.WatchDog.cancel(): canceling Thu Feb 21 03:38:53 UTC 2019
------------------ testing $PTII/ptolemy/domains/de/test/auto/CausalityInterface2.xml
auto.tcl: Setting watchdog for 200 seconds at Thu Feb 21 03:38:53 UTC 2019
8 ms. Memory: 208384K Free: 196451K (94%)
ptolemy.util.test.WatchDog.cancel(): canceling Thu Feb 21 03:38:53 UTC 2019
auto.tcl: Setting watchdog for 200 seconds at Thu Feb 21 03:38:53 UTC 2019
3 ms. Memory: 208384K Free: 196451K (94%)
ptolemy.util.test.WatchDog.cancel(): canceling Thu Feb 21 03:38:53 UTC 2019
------------------ testing $PTII/ptolemy/domains/de/test/auto/CausalityInterface3.xml
auto.tcl: Setting watchdog for 200 seconds at Thu Feb 21 03:38:53 UTC 2019
4 ms. Memory: 208384K Free: 196464K (94%)
ptolemy.util.test.WatchDog.cancel(): canceling Thu Feb 21 03:38:53 UTC 2019
auto.tcl: Setting watchdog for 200 seconds at Thu Feb 21 03:38:53 UTC 2019
6 ms. Memory: 208384K Free: 196464K (94%)
ptolemy.util.test.WatchDog.cancel(): canceling Thu Feb 21 03:38:53 UTC 2019
------------------ testing $PTII/ptolemy/domains/de/test/auto/ClockDrift.xml
auto.tcl: Setting watchdog for 200 seconds at Thu Feb 21 03:38:53 UTC 2019
81 ms. Memory: 208384K Free: 187850K (90%)
ptolemy.util.test.WatchDog.cancel(): canceling Thu Feb 21 03:38:54 UTC 2019
auto.tcl: Setting watchdog for 200 seconds at Thu Feb 21 03:38:54 UTC 2019
43 ms. Memory: 208384K Free: 185802K (89%)
ptolemy.util.test.WatchDog.cancel(): canceling Thu Feb 21 03:38:54 UTC 2019
------------------ testing $PTII/ptolemy/domains/de/test/auto/ClockDriftAndValueChange.xml
auto.tcl: Setting watchdog for 200 seconds at Thu Feb 21 03:38:54 UTC 2019
48 ms. Memory: 208384K Free: 189736K (91%)
ptolemy.util.test.WatchDog.cancel(): canceling Thu Feb 21 03:38:54 UTC 2019
auto.tcl: Setting watchdog for 200 seconds at Thu Feb 21 03:38:54 UTC 2019
24 ms. Memory: 208384K Free: 185639K (89%)
ptolemy.util.test.WatchDog.cancel(): canceling Thu Feb 21 03:38:54 UTC 2019
------------------ testing $PTII/ptolemy/domains/de/test/auto/ClockDriftChange.xml
auto.tcl: Setting watchdog for 200 seconds at Thu Feb 21 03:38:54 UTC 2019
34 ms. Memory: 208384K Free: 190958K (92%)
ptolemy.util.test.WatchDog.cancel(): canceling Thu Feb 21 03:38:54 UTC 2019
auto.tcl: Setting watchdog for 200 seconds at Thu Feb 21 03:38:54 UTC 2019
26 ms. Memory: 208384K Free: 188910K (91%)
ptolemy.util.test.WatchDog.cancel(): canceling Thu Feb 21 03:38:54 UTC 2019
------------------ testing $PTII/ptolemy/domains/de/test/auto/ComposableCausalityAnalysis.xml
auto.tcl: Setting watchdog for 200 seconds at Thu Feb 21 03:38:54 UTC 2019
2 ms. Memory: 208384K Free: 196318K (94%)
ptolemy.util.test.WatchDog.cancel(): canceling Thu Feb 21 03:38:54 UTC 2019
auto.tcl: Setting watchdog for 200 seconds at Thu Feb 21 03:38:54 UTC 2019
2 ms. Memory: 208384K Free: 194270K (93%)
ptolemy.util.test.WatchDog.cancel(): canceling Thu Feb 21 03:38:54 UTC 2019
------------------ testing $PTII/ptolemy/domains/de/test/auto/DEFixedPointLimitation.xml
auto.tcl: Setting watchdog for 200 seconds at Thu Feb 21 03:38:54 UTC 2019
3 ms. Memory: 208384K Free: 198447K (95%)
ptolemy.util.test.WatchDog.cancel(): canceling Thu Feb 21 03:38:54 UTC 2019
auto.tcl: Setting watchdog for 200 seconds at Thu Feb 21 03:38:54 UTC 2019
1 ms. Memory: 208384K Free: 196398K (94%)
ptolemy.util.test.WatchDog.cancel(): canceling Thu Feb 21 03:38:54 UTC 2019
------------------ testing $PTII/ptolemy/domains/de/test/auto/DEScheduleTest.xml
auto.tcl: Setting watchdog for 200 seconds at Thu Feb 21 03:38:54 UTC 2019
8 ms. Memory: 208384K Free: 198483K (95%)
ptolemy.util.test.WatchDog.cancel(): canceling Thu Feb 21 03:38:54 UTC 2019
auto.tcl: Setting watchdog for 200 seconds at Thu Feb 21 03:38:54 UTC 2019
3 ms. Memory: 208384K Free: 196434K (94%)
ptolemy.util.test.WatchDog.cancel(): canceling Thu Feb 21 03:38:54 UTC 2019
------------------ testing $PTII/ptolemy/domains/de/test/auto/DEinDEwithStartTimes.xml
auto.tcl: Setting watchdog for 200 seconds at Thu Feb 21 03:38:54 UTC 2019
3 ms. Memory: 208384K Free: 196404K (94%)
ptolemy.util.test.WatchDog.cancel(): canceling Thu Feb 21 03:38:54 UTC 2019
auto.tcl: Setting watchdog for 200 seconds at Thu Feb 21 03:38:54 UTC 2019
3 ms. Memory: 208384K Free: 196404K (94%)
ptolemy.util.test.WatchDog.cancel(): canceling Thu Feb 21 03:38:54 UTC 2019
------------------ testing $PTII/ptolemy/domains/de/test/auto/DEinDEwithStartTimes2.xml
auto.tcl: Setting watchdog for 200 seconds at Thu Feb 21 03:38:54 UTC 2019
3 ms. Memory: 208384K Free: 196383K (94%)
ptolemy.util.test.WatchDog.cancel(): canceling Thu Feb 21 03:38:54 UTC 2019
auto.tcl: Setting watchdog for 200 seconds at Thu Feb 21 03:38:54 UTC 2019
4 ms. Memory: 208384K Free: 194335K (93%)
ptolemy.util.test.WatchDog.cancel(): canceling Thu Feb 21 03:38:54 UTC 2019
------------------ testing $PTII/ptolemy/domains/de/test/auto/DateDemo.xml
auto.tcl: Setting watchdog for 200 seconds at Thu Feb 21 03:38:54 UTC 2019
16 ms. Memory: 208384K Free: 188977K (91%)
ptolemy.util.test.WatchDog.cancel(): canceling Thu Feb 21 03:38:55 UTC 2019
auto.tcl: Setting watchdog for 200 seconds at Thu Feb 21 03:38:55 UTC 2019
6 ms. Memory: 208384K Free: 186928K (90%)
ptolemy.util.test.WatchDog.cancel(): canceling Thu Feb 21 03:38:55 UTC 2019
------------------ testing $PTII/ptolemy/domains/de/test/auto/DateToEvent.xml
auto.tcl: Setting watchdog for 200 seconds at Thu Feb 21 03:38:55 UTC 2019
2008 ms. Memory: 208384K Free: 183830K (88%)
ptolemy.util.test.WatchDog.cancel(): canceling Thu Feb 21 03:38:57 UTC 2019
auto.tcl: Setting watchdog for 200 seconds at Thu Feb 21 03:38:57 UTC 2019
2005 ms. Memory: 208384K Free: 183830K (88%)
ptolemy.util.test.WatchDog.cancel(): canceling Thu Feb 21 03:38:59 UTC 2019
------------------ testing $PTII/ptolemy/domains/de/test/auto/DepthTest1.xml
auto.tcl: Setting watchdog for 200 seconds at Thu Feb 21 03:38:59 UTC 2019
3 ms. Memory: 208384K Free: 195554K (94%)
ptolemy.util.test.WatchDog.cancel(): canceling Thu Feb 21 03:38:59 UTC 2019
auto.tcl: Setting watchdog for 200 seconds at Thu Feb 21 03:38:59 UTC 2019
2 ms. Memory: 208384K Free: 195554K (94%)
ptolemy.util.test.WatchDog.cancel(): canceling Thu Feb 21 03:38:59 UTC 2019
------------------ testing $PTII/ptolemy/domains/de/test/auto/DepthTest2.xml
auto.tcl: Setting watchdog for 200 seconds at Thu Feb 21 03:38:59 UTC 2019
7 ms. Memory: 208384K Free: 194348K (93%)
ptolemy.util.test.WatchDog.cancel(): canceling Thu Feb 21 03:38:59 UTC 2019
auto.tcl: Setting watchdog for 200 seconds at Thu Feb 21 03:38:59 UTC 2019
6 ms. Memory: 208384K Free: 194348K (93%)
ptolemy.util.test.WatchDog.cancel(): canceling Thu Feb 21 03:38:59 UTC 2019
------------------ testing $PTII/ptolemy/domains/de/test/auto/DepthTest3.xml
auto.tcl: Setting watchdog for 200 seconds at Thu Feb 21 03:38:59 UTC 2019
2 ms. Memory: 208384K Free: 198347K (95%)
ptolemy.util.test.WatchDog.cancel(): canceling Thu Feb 21 03:38:59 UTC 2019
auto.tcl: Setting watchdog for 200 seconds at Thu Feb 21 03:38:59 UTC 2019
1 ms. Memory: 208384K Free: 198347K (95%)
ptolemy.util.test.WatchDog.cancel(): canceling Thu Feb 21 03:38:59 UTC 2019
------------------ testing $PTII/ptolemy/domains/de/test/auto/DepthTest4.xml
auto.tcl: Setting watchdog for 200 seconds at Thu Feb 21 03:38:59 UTC 2019
4 ms. Memory: 208384K Free: 196386K (94%)
ptolemy.util.test.WatchDog.cancel(): canceling Thu Feb 21 03:38:59 UTC 2019
auto.tcl: Setting watchdog for 200 seconds at Thu Feb 21 03:38:59 UTC 2019
2 ms. Memory: 208384K Free: 196386K (94%)
ptolemy.util.test.WatchDog.cancel(): canceling Thu Feb 21 03:38:59 UTC 2019
------------------ testing $PTII/ptolemy/domains/de/test/auto/DepthTest5.xml
auto.tcl: Setting watchdog for 200 seconds at Thu Feb 21 03:38:59 UTC 2019
3 ms. Memory: 208384K Free: 196333K (94%)
ptolemy.util.test.WatchDog.cancel(): canceling Thu Feb 21 03:38:59 UTC 2019
auto.tcl: Setting watchdog for 200 seconds at Thu Feb 21 03:38:59 UTC 2019
3 ms. Memory: 208384K Free: 196333K (94%)
ptolemy.util.test.WatchDog.cancel(): canceling Thu Feb 21 03:38:59 UTC 2019
------------------ testing $PTII/ptolemy/domains/de/test/auto/DepthTest6.xml
auto.tcl: Setting watchdog for 200 seconds at Thu Feb 21 03:38:59 UTC 2019
7 ms. Memory: 208384K Free: 196309K (94%)
ptolemy.util.test.WatchDog.cancel(): canceling Thu Feb 21 03:38:59 UTC 2019
auto.tcl: Setting watchdog for 200 seconds at Thu Feb 21 03:38:59 UTC 2019
2 ms. Memory: 208384K Free: 196309K (94%)
ptolemy.util.test.WatchDog.cancel(): canceling Thu Feb 21 03:38:59 UTC 2019
------------------ testing $PTII/ptolemy/domains/de/test/auto/DepthTest7.xml
auto.tcl: Setting watchdog for 200 seconds at Thu Feb 21 03:38:59 UTC 2019
2 ms. Memory: 208384K Free: 196290K (94%)
ptolemy.util.test.WatchDog.cancel(): canceling Thu Feb 21 03:38:59 UTC 2019
auto.tcl: Setting watchdog for 200 seconds at Thu Feb 21 03:38:59 UTC 2019
2 ms. Memory: 208384K Free: 196290K (94%)
ptolemy.util.test.WatchDog.cancel(): canceling Thu Feb 21 03:38:59 UTC 2019
------------------ testing $PTII/ptolemy/domains/de/test/auto/EventToDate.xml
auto.tcl: Setting watchdog for 200 seconds at Thu Feb 21 03:38:59 UTC 2019
3011 ms. Memory: 208384K Free: 188101K (90%)
ptolemy.util.test.WatchDog.cancel(): canceling Thu Feb 21 03:39:02 UTC 2019
auto.tcl: Setting watchdog for 200 seconds at Thu Feb 21 03:39:02 UTC 2019
3004 ms. Memory: 208384K Free: 186052K (89%)
ptolemy.util.test.WatchDog.cancel(): canceling Thu Feb 21 03:39:05 UTC 2019
------------------ testing $PTII/ptolemy/domains/de/test/auto/FSM1.xml
auto.tcl: Setting watchdog for 200 seconds at Thu Feb 21 03:39:05 UTC 2019
34 ms. Memory: 208384K Free: 189445K (91%)
ptolemy.util.test.WatchDog.cancel(): canceling Thu Feb 21 03:39:05 UTC 2019
auto.tcl: Setting watchdog for 200 seconds at Thu Feb 21 03:39:05 UTC 2019
26 ms. Memory: 208384K Free: 185348K (89%)
ptolemy.util.test.WatchDog.cancel(): canceling Thu Feb 21 03:39:05 UTC 2019
------------------ testing $PTII/ptolemy/domains/de/test/auto/FSM7.xml
auto.tcl: Setting watchdog for 200 seconds at Thu Feb 21 03:39:06 UTC 2019
17 ms. Memory: 208384K Free: 189648K (91%)
ptolemy.util.test.WatchDog.cancel(): canceling Thu Feb 21 03:39:06 UTC 2019
auto.tcl: Setting watchdog for 200 seconds at Thu Feb 21 03:39:06 UTC 2019
21 ms. Memory: 208384K Free: 185551K (89%)
ptolemy.util.test.WatchDog.cancel(): canceling Thu Feb 21 03:39:06 UTC 2019
------------------ testing $PTII/ptolemy/domains/de/test/auto/Inspection.xml
auto.tcl: Setting watchdog for 200 seconds at Thu Feb 21 03:39:06 UTC 2019
25 ms. Memory: 208384K Free: 189322K (91%)
ptolemy.util.test.WatchDog.cancel(): canceling Thu Feb 21 03:39:06 UTC 2019
auto.tcl: Setting watchdog for 200 seconds at Thu Feb 21 03:39:06 UTC 2019
23 ms. Memory: 208384K Free: 187273K (90%)
ptolemy.util.test.WatchDog.cancel(): canceling Thu Feb 21 03:39:06 UTC 2019
------------------ testing $PTII/ptolemy/domains/de/test/auto/Iteration.xml
auto.tcl: Setting watchdog for 200 seconds at Thu Feb 21 03:39:06 UTC 2019
7 ms. Memory: 208384K Free: 196614K (94%)
ptolemy.util.test.WatchDog.cancel(): canceling Thu Feb 21 03:39:06 UTC 2019
auto.tcl: Setting watchdog for 200 seconds at Thu Feb 21 03:39:06 UTC 2019
7 ms. Memory: 208384K Free: 194565K (93%)
ptolemy.util.test.WatchDog.cancel(): canceling Thu Feb 21 03:39:06 UTC 2019
------------------ testing $PTII/ptolemy/domains/de/test/auto/LineFault.xml
auto.tcl: Setting watchdog for 200 seconds at Thu Feb 21 03:39:06 UTC 2019
716 ms. Memory: 208384K Free: 200432K (96%)
ptolemy.util.test.WatchDog.cancel(): canceling Thu Feb 21 03:39:07 UTC 2019
auto.tcl: Setting watchdog for 200 seconds at Thu Feb 21 03:39:07 UTC 2019
615 ms. Memory: 208384K Free: 142814K (69%)
ptolemy.util.test.WatchDog.cancel(): canceling Thu Feb 21 03:39:08 UTC 2019
------------------ testing $PTII/ptolemy/domains/de/test/auto/MergeModel1Add.xml
auto.tcl: Setting watchdog for 200 seconds at Thu Feb 21 03:39:08 UTC 2019
26 ms. Memory: 331264K Free: 300718K (91%)
ptolemy.util.test.WatchDog.cancel(): canceling Thu Feb 21 03:39:08 UTC 2019
auto.tcl: Setting watchdog for 200 seconds at Thu Feb 21 03:39:08 UTC 2019
10 ms. Memory: 331264K Free: 300718K (91%)
ptolemy.util.test.WatchDog.cancel(): canceling Thu Feb 21 03:39:08 UTC 2019
------------------ testing $PTII/ptolemy/domains/de/test/auto/MergeModel2Add.xml
auto.tcl: Setting watchdog for 200 seconds at Thu Feb 21 03:39:08 UTC 2019
13 ms. Memory: 331264K Free: 305669K (92%)
ptolemy.util.test.WatchDog.cancel(): canceling Thu Feb 21 03:39:08 UTC 2019
auto.tcl: Setting watchdog for 200 seconds at Thu Feb 21 03:39:08 UTC 2019
7 ms. Memory: 331264K Free: 302089K (91%)
ptolemy.util.test.WatchDog.cancel(): canceling Thu Feb 21 03:39:08 UTC 2019
------------------ testing $PTII/ptolemy/domains/de/test/auto/MergeModel3Add.xml
auto.tcl: Setting watchdog for 200 seconds at Thu Feb 21 03:39:08 UTC 2019
17 ms. Memory: 331264K Free: 305679K (92%)
ptolemy.util.test.WatchDog.cancel(): canceling Thu Feb 21 03:39:08 UTC 2019
auto.tcl: Setting watchdog for 200 seconds at Thu Feb 21 03:39:08 UTC 2019
10 ms. Memory: 331264K Free: 302099K (91%)
ptolemy.util.test.WatchDog.cancel(): canceling Thu Feb 21 03:39:08 UTC 2019
------------------ testing $PTII/ptolemy/domains/de/test/auto/MergeWithoutDiscard.xml
auto.tcl: Setting watchdog for 200 seconds at Thu Feb 21 03:39:08 UTC 2019
4 ms. Memory: 331264K Free: 316416K (96%)
ptolemy.util.test.WatchDog.cancel(): canceling Thu Feb 21 03:39:08 UTC 2019
auto.tcl: Setting watchdog for 200 seconds at Thu Feb 21 03:39:08 UTC 2019
2 ms. Memory: 331264K Free: 316416K (96%)
ptolemy.util.test.WatchDog.cancel(): canceling Thu Feb 21 03:39:08 UTC 2019
------------------ testing $PTII/ptolemy/domains/de/test/auto/Modal1.xml
auto.tcl: Setting watchdog for 200 seconds at Thu Feb 21 03:39:08 UTC 2019
16 ms. Memory: 331264K Free: 310692K (94%)
ptolemy.util.test.WatchDog.cancel(): canceling Thu Feb 21 03:39:08 UTC 2019
auto.tcl: Setting watchdog for 200 seconds at Thu Feb 21 03:39:08 UTC 2019
16 ms. Memory: 331264K Free: 307112K (93%)
ptolemy.util.test.WatchDog.cancel(): canceling Thu Feb 21 03:39:08 UTC 2019
------------------ testing $PTII/ptolemy/domains/de/test/auto/Modal2.xml
auto.tcl: Setting watchdog for 200 seconds at Thu Feb 21 03:39:08 UTC 2019
12 ms. Memory: 331264K Free: 311209K (94%)
ptolemy.util.test.WatchDog.cancel(): canceling Thu Feb 21 03:39:08 UTC 2019
auto.tcl: Setting watchdog for 200 seconds at Thu Feb 21 03:39:08 UTC 2019
12 ms. Memory: 331264K Free: 306954K (93%)
ptolemy.util.test.WatchDog.cancel(): canceling Thu Feb 21 03:39:08 UTC 2019
------------------ testing $PTII/ptolemy/domains/de/test/auto/Modal3.xml
auto.tcl: Setting watchdog for 200 seconds at Thu Feb 21 03:39:08 UTC 2019
17 ms. Memory: 331264K Free: 305645K (92%)
ptolemy.util.test.WatchDog.cancel(): canceling Thu Feb 21 03:39:08 UTC 2019
auto.tcl: Setting watchdog for 200 seconds at Thu Feb 21 03:39:08 UTC 2019
16 ms. Memory: 331264K Free: 302065K (91%)
ptolemy.util.test.WatchDog.cancel(): canceling Thu Feb 21 03:39:08 UTC 2019
------------------ testing $PTII/ptolemy/domains/de/test/auto/Modal4.xml
auto.tcl: Setting watchdog for 200 seconds at Thu Feb 21 03:39:08 UTC 2019
37 ms. Memory: 331264K Free: 310562K (94%)
ptolemy.util.test.WatchDog.cancel(): canceling Thu Feb 21 03:39:09 UTC 2019
auto.tcl: Setting watchdog for 200 seconds at Thu Feb 21 03:39:09 UTC 2019
22 ms. Memory: 331264K Free: 306982K (93%)
ptolemy.util.test.WatchDog.cancel(): canceling Thu Feb 21 03:39:09 UTC 2019
------------------ testing $PTII/ptolemy/domains/de/test/auto/Modal5.xml
auto.tcl: Setting watchdog for 200 seconds at Thu Feb 21 03:39:09 UTC 2019
14 ms. Memory: 331264K Free: 310549K (94%)
ptolemy.util.test.WatchDog.cancel(): canceling Thu Feb 21 03:39:09 UTC 2019
auto.tcl: Setting watchdog for 200 seconds at Thu Feb 21 03:39:09 UTC 2019
12 ms. Memory: 331264K Free: 306969K (93%)
ptolemy.util.test.WatchDog.cancel(): canceling Thu Feb 21 03:39:09 UTC 2019
------------------ testing $PTII/ptolemy/domains/de/test/auto/Modal6.xml
auto.tcl: Setting watchdog for 200 seconds at Thu Feb 21 03:39:09 UTC 2019
15 ms. Memory: 331264K Free: 310546K (94%)
ptolemy.util.test.WatchDog.cancel(): canceling Thu Feb 21 03:39:09 UTC 2019
auto.tcl: Setting watchdog for 200 seconds at Thu Feb 21 03:39:09 UTC 2019
15 ms. Memory: 331264K Free: 306966K (93%)
ptolemy.util.test.WatchDog.cancel(): canceling Thu Feb 21 03:39:09 UTC 2019
------------------ testing $PTII/ptolemy/domains/de/test/auto/Modal7.xml
auto.tcl: Setting watchdog for 200 seconds at Thu Feb 21 03:39:09 UTC 2019
17 ms. Memory: 331264K Free: 306966K (93%)
ptolemy.util.test.WatchDog.cancel(): canceling Thu Feb 21 03:39:09 UTC 2019
auto.tcl: Setting watchdog for 200 seconds at Thu Feb 21 03:39:09 UTC 2019
12 ms. Memory: 331264K Free: 303386K (92%)
ptolemy.util.test.WatchDog.cancel(): canceling Thu Feb 21 03:39:09 UTC 2019
------------------ testing $PTII/ptolemy/domains/de/test/auto/ModalModel.xml
auto.tcl: Setting watchdog for 200 seconds at Thu Feb 21 03:39:09 UTC 2019
210 ms. Memory: 331264K Free: 248114K (75%)
ptolemy.util.test.WatchDog.cancel(): canceling Thu Feb 21 03:39:09 UTC 2019
auto.tcl: Setting watchdog for 200 seconds at Thu Feb 21 03:39:09 UTC 2019
154 ms. Memory: 331264K Free: 190673K (58%)
ptolemy.util.test.WatchDog.cancel(): canceling Thu Feb 21 03:39:09 UTC 2019
------------------ testing $PTII/ptolemy/domains/de/test/auto/ModalSource.xml
auto.tcl: Setting watchdog for 200 seconds at Thu Feb 21 03:39:09 UTC 2019
10 ms. Memory: 331264K Free: 316842K (96%)
ptolemy.util.test.WatchDog.cancel(): canceling Thu Feb 21 03:39:09 UTC 2019
auto.tcl: Setting watchdog for 200 seconds at Thu Feb 21 03:39:09 UTC 2019
6 ms. Memory: 331264K Free: 313549K (95%)
ptolemy.util.test.WatchDog.cancel(): canceling Thu Feb 21 03:39:09 UTC 2019
------------------ testing $PTII/ptolemy/domains/de/test/auto/NonInterruptibleTimerZeroDelay.xml
auto.tcl: Setting watchdog for 200 seconds at Thu Feb 21 03:39:09 UTC 2019
4 ms. Memory: 331264K Free: 321211K (97%)
ptolemy.util.test.WatchDog.cancel(): canceling Thu Feb 21 03:39:09 UTC 2019
auto.tcl: Setting watchdog for 200 seconds at Thu Feb 21 03:39:09 UTC 2019
2 ms. Memory: 331264K Free: 317933K (96%)
ptolemy.util.test.WatchDog.cancel(): canceling Thu Feb 21 03:39:09 UTC 2019
------------------ testing $PTII/ptolemy/domains/de/test/auto/OpenQueueingNetwork.xml
auto.tcl: Setting watchdog for 200 seconds at Thu Feb 21 03:39:09 UTC 2019
2730 ms. Memory: 573952K Free: 413650K (72%)
ptolemy.util.test.WatchDog.cancel(): canceling Thu Feb 21 03:39:12 UTC 2019
auto.tcl: Setting watchdog for 200 seconds at Thu Feb 21 03:39:12 UTC 2019
2412 ms. Memory: 574464K Free: 333745K (58%)
ptolemy.util.test.WatchDog.cancel(): canceling Thu Feb 21 03:39:15 UTC 2019
------------------ testing $PTII/ptolemy/domains/de/test/auto/OpenQueuingNetwork.xml
auto.tcl: Setting watchdog for 200 seconds at Thu Feb 21 03:39:15 UTC 2019
238 ms. Memory: 1064960K Free: 946606K (89%)
ptolemy.util.test.WatchDog.cancel(): canceling Thu Feb 21 03:39:15 UTC 2019
auto.tcl: Setting watchdog for 200 seconds at Thu Feb 21 03:39:15 UTC 2019
239 ms. Memory: 1064960K Free: 881195K (83%)
ptolemy.util.test.WatchDog.cancel(): canceling Thu Feb 21 03:39:15 UTC 2019
------------------ testing $PTII/ptolemy/domains/de/test/auto/PeriodicSampler.xml
auto.tcl: Setting watchdog for 200 seconds at Thu Feb 21 03:39:15 UTC 2019
2 ms. Memory: 1065472K Free: 1039821K (98%)
ptolemy.util.test.WatchDog.cancel(): canceling Thu Feb 21 03:39:15 UTC 2019
auto.tcl: Setting watchdog for 200 seconds at Thu Feb 21 03:39:15 UTC 2019
2 ms. Memory: 1065472K Free: 1039821K (98%)
ptolemy.util.test.WatchDog.cancel(): canceling Thu Feb 21 03:39:15 UTC 2019
------------------ testing $PTII/ptolemy/domains/de/test/auto/PersistentIO.xml
auto.tcl: Setting watchdog for 200 seconds at Thu Feb 21 03:39:15 UTC 2019
13 ms. Memory: 1065472K Free: 1030590K (97%)
ptolemy.util.test.WatchDog.cancel(): canceling Thu Feb 21 03:39:16 UTC 2019
auto.tcl: Setting watchdog for 200 seconds at Thu Feb 21 03:39:16 UTC 2019
4 ms. Memory: 1065472K Free: 1030590K (97%)
ptolemy.util.test.WatchDog.cancel(): canceling Thu Feb 21 03:39:16 UTC 2019
------------------ testing $PTII/ptolemy/domains/de/test/auto/PortParameterResetOnInitialize.xml
auto.tcl: Setting watchdog for 200 seconds at Thu Feb 21 03:39:16 UTC 2019
2 ms. Memory: 1065472K Free: 1030452K (97%)
ptolemy.util.test.WatchDog.cancel(): canceling Thu Feb 21 03:39:16 UTC 2019
auto.tcl: Setting watchdog for 200 seconds at Thu Feb 21 03:39:16 UTC 2019
2 ms. Memory: 1065472K Free: 1030452K (97%)
ptolemy.util.test.WatchDog.cancel(): canceling Thu Feb 21 03:39:16 UTC 2019
------------------ testing $PTII/ptolemy/domains/de/test/auto/PortParameterUpdates.xml
auto.tcl: Setting watchdog for 200 seconds at Thu Feb 21 03:39:16 UTC 2019
3 ms. Memory: 1065472K Free: 1039266K (98%)
ptolemy.util.test.WatchDog.cancel(): canceling Thu Feb 21 03:39:16 UTC 2019
auto.tcl: Setting watchdog for 200 seconds at Thu Feb 21 03:39:16 UTC 2019
4 ms. Memory: 1065472K Free: 1039266K (98%)
ptolemy.util.test.WatchDog.cancel(): canceling Thu Feb 21 03:39:16 UTC 2019
------------------ testing $PTII/ptolemy/domains/de/test/auto/QueueAndServer.xml
auto.tcl: Setting watchdog for 200 seconds at Thu Feb 21 03:39:16 UTC 2019
21 ms. Memory: 1065472K Free: 1039229K (98%)
ptolemy.util.test.WatchDog.cancel(): canceling Thu Feb 21 03:39:16 UTC 2019
auto.tcl: Setting watchdog for 200 seconds at Thu Feb 21 03:39:16 UTC 2019
6 ms. Memory: 1065472K Free: 1039229K (98%)
ptolemy.util.test.WatchDog.cancel(): canceling Thu Feb 21 03:39:16 UTC 2019
------------------ testing $PTII/ptolemy/domains/de/test/auto/Records.xml
auto.tcl: Setting watchdog for 200 seconds at Thu Feb 21 03:39:16 UTC 2019
11 ms. Memory: 1065472K Free: 1039170K (98%)
ptolemy.util.test.WatchDog.cancel(): canceling Thu Feb 21 03:39:16 UTC 2019
auto.tcl: Setting watchdog for 200 seconds at Thu Feb 21 03:39:16 UTC 2019
2 ms. Memory: 1065472K Free: 1039170K (98%)
ptolemy.util.test.WatchDog.cancel(): canceling Thu Feb 21 03:39:16 UTC 2019
------------------ testing $PTII/ptolemy/domains/de/test/auto/ResetTransitionWithStartTime1.xml
auto.tcl: Setting watchdog for 200 seconds at Thu Feb 21 03:39:16 UTC 2019
12 ms. Memory: 1065472K Free: 1040335K (98%)
ptolemy.util.test.WatchDog.cancel(): canceling Thu Feb 21 03:39:16 UTC 2019
auto.tcl: Setting watchdog for 200 seconds at Thu Feb 21 03:39:16 UTC 2019
7 ms. Memory: 1065472K Free: 1039195K (98%)
ptolemy.util.test.WatchDog.cancel(): canceling Thu Feb 21 03:39:16 UTC 2019
------------------ testing $PTII/ptolemy/domains/de/test/auto/ResetTransitionWithStartTime2.xml
auto.tcl: Setting watchdog for 200 seconds at Thu Feb 21 03:39:16 UTC 2019
5 ms. Memory: 1064448K Free: 1039302K (98%)
ptolemy.util.test.WatchDog.cancel(): canceling Thu Feb 21 03:39:16 UTC 2019
auto.tcl: Setting watchdog for 200 seconds at Thu Feb 21 03:39:16 UTC 2019
5 ms. Memory: 1064448K Free: 1039302K (98%)
ptolemy.util.test.WatchDog.cancel(): canceling Thu Feb 21 03:39:16 UTC 2019
------------------ testing $PTII/ptolemy/domains/de/test/auto/ResetTransitionWithStartTime3.xml
auto.tcl: Setting watchdog for 200 seconds at Thu Feb 21 03:39:16 UTC 2019
8 ms. Memory: 1064960K Free: 1038673K (98%)
ptolemy.util.test.WatchDog.cancel(): canceling Thu Feb 21 03:39:16 UTC 2019
auto.tcl: Setting watchdog for 200 seconds at Thu Feb 21 03:39:16 UTC 2019
4 ms. Memory: 1064960K Free: 1038673K (98%)
ptolemy.util.test.WatchDog.cancel(): canceling Thu Feb 21 03:39:16 UTC 2019
------------------ testing $PTII/ptolemy/domains/de/test/auto/ResetTransitionWithStartTime4.xml
auto.tcl: Setting watchdog for 200 seconds at Thu Feb 21 03:39:16 UTC 2019
4 ms. Memory: 1064960K Free: 1038672K (98%)
ptolemy.util.test.WatchDog.cancel(): canceling Thu Feb 21 03:39:16 UTC 2019
auto.tcl: Setting watchdog for 200 seconds at Thu Feb 21 03:39:16 UTC 2019
3 ms. Memory: 1064960K Free: 1038672K (98%)
ptolemy.util.test.WatchDog.cancel(): canceling Thu Feb 21 03:39:16 UTC 2019
------------------ testing $PTII/ptolemy/domains/de/test/auto/ResettableTimer1.xml
auto.tcl: Setting watchdog for 200 seconds at Thu Feb 21 03:39:16 UTC 2019
2 ms. Memory: 1064960K Free: 1038668K (98%)
ptolemy.util.test.WatchDog.cancel(): canceling Thu Feb 21 03:39:16 UTC 2019
auto.tcl: Setting watchdog for 200 seconds at Thu Feb 21 03:39:16 UTC 2019
2 ms. Memory: 1064960K Free: 1038668K (98%)
ptolemy.util.test.WatchDog.cancel(): canceling Thu Feb 21 03:39:16 UTC 2019
------------------ testing $PTII/ptolemy/domains/de/test/auto/ResettableTimer2.xml
auto.tcl: Setting watchdog for 200 seconds at Thu Feb 21 03:39:16 UTC 2019
2 ms. Memory: 1064960K Free: 1039865K (98%)
ptolemy.util.test.WatchDog.cancel(): canceling Thu Feb 21 03:39:16 UTC 2019
auto.tcl: Setting watchdog for 200 seconds at Thu Feb 21 03:39:16 UTC 2019
2 ms. Memory: 1064960K Free: 1039865K (98%)
ptolemy.util.test.WatchDog.cancel(): canceling Thu Feb 21 03:39:16 UTC 2019
------------------ testing $PTII/ptolemy/domains/de/test/auto/ResettableTimer3.xml
auto.tcl: Setting watchdog for 200 seconds at Thu Feb 21 03:39:16 UTC 2019
1 ms. Memory: 1064960K Free: 1038725K (98%)
ptolemy.util.test.WatchDog.cancel(): canceling Thu Feb 21 03:39:16 UTC 2019
auto.tcl: Setting watchdog for 200 seconds at Thu Feb 21 03:39:16 UTC 2019
2 ms. Memory: 1064960K Free: 1038725K (98%)
ptolemy.util.test.WatchDog.cancel(): canceling Thu Feb 21 03:39:16 UTC 2019
------------------ testing $PTII/ptolemy/domains/de/test/auto/ResettableTimer4.xml
auto.tcl: Setting watchdog for 200 seconds at Thu Feb 21 03:39:16 UTC 2019
2 ms. Memory: 1063936K Free: 1038854K (98%)
ptolemy.util.test.WatchDog.cancel(): canceling Thu Feb 21 03:39:16 UTC 2019
auto.tcl: Setting watchdog for 200 seconds at Thu Feb 21 03:39:16 UTC 2019
1 ms. Memory: 1063936K Free: 1038854K (98%)
ptolemy.util.test.WatchDog.cancel(): canceling Thu Feb 21 03:39:16 UTC 2019
------------------ testing $PTII/ptolemy/domains/de/test/auto/ResettableTimer5.xml
auto.tcl: Setting watchdog for 200 seconds at Thu Feb 21 03:39:16 UTC 2019
1 ms. Memory: 1064448K Free: 1029544K (97%)
ptolemy.util.test.WatchDog.cancel(): canceling Thu Feb 21 03:39:16 UTC 2019
auto.tcl: Setting watchdog for 200 seconds at Thu Feb 21 03:39:16 UTC 2019
3 ms. Memory: 1064448K Free: 1029544K (97%)
ptolemy.util.test.WatchDog.cancel(): canceling Thu Feb 21 03:39:16 UTC 2019
------------------ testing $PTII/ptolemy/domains/de/test/auto/ResettableTimer6.xml
auto.tcl: Setting watchdog for 200 seconds at Thu Feb 21 03:39:16 UTC 2019
1 ms. Memory: 1064448K Free: 1028353K (97%)
ptolemy.util.test.WatchDog.cancel(): canceling Thu Feb 21 03:39:16 UTC 2019
auto.tcl: Setting watchdog for 200 seconds at Thu Feb 21 03:39:16 UTC 2019
1 ms. Memory: 1064448K Free: 1028353K (97%)
ptolemy.util.test.WatchDog.cancel(): canceling Thu Feb 21 03:39:16 UTC 2019
------------------ testing $PTII/ptolemy/domains/de/test/auto/ServerZeroDelay.xml
auto.tcl: Setting watchdog for 200 seconds at Thu Feb 21 03:39:17 UTC 2019
2 ms. Memory: 1064448K Free: 1039304K (98%)
ptolemy.util.test.WatchDog.cancel(): canceling Thu Feb 21 03:39:17 UTC 2019
auto.tcl: Setting watchdog for 200 seconds at Thu Feb 21 03:39:17 UTC 2019
3 ms. Memory: 1064448K Free: 1039304K (98%)
ptolemy.util.test.WatchDog.cancel(): canceling Thu Feb 21 03:39:17 UTC 2019
------------------ testing $PTII/ptolemy/domains/de/test/auto/SmartSender.xml
auto.tcl: Setting watchdog for 200 seconds at Thu Feb 21 03:39:17 UTC 2019
3000 ms. Memory: 1064448K Free: 1029479K (97%)
ptolemy.util.test.WatchDog.cancel(): canceling Thu Feb 21 03:39:20 UTC 2019
auto.tcl: Setting watchdog for 200 seconds at Thu Feb 21 03:39:20 UTC 2019
3001 ms. Memory: 1064448K Free: 1029479K (97%)
ptolemy.util.test.WatchDog.cancel(): canceling Thu Feb 21 03:39:23 UTC 2019
------------------ testing $PTII/ptolemy/domains/de/test/auto/ThreadedComposite.xml
auto.tcl: Setting watchdog for 200 seconds at Thu Feb 21 03:39:23 UTC 2019
219 ms. Memory: 1064448K Free: 997805K (94%)
ptolemy.util.test.WatchDog.cancel(): canceling Thu Feb 21 03:39:23 UTC 2019
auto.tcl: Setting watchdog for 200 seconds at Thu Feb 21 03:39:23 UTC 2019
144 ms. Memory: 1064448K Free: 978164K (92%)
ptolemy.util.test.WatchDog.cancel(): canceling Thu Feb 21 03:39:23 UTC 2019
------------------ testing $PTII/ptolemy/domains/de/test/auto/Time.xml
auto.tcl: Setting watchdog for 200 seconds at Thu Feb 21 03:39:23 UTC 2019
493 ms. Memory: 1064448K Free: 988782K (93%)
ptolemy.util.test.WatchDog.cancel(): canceling Thu Feb 21 03:39:24 UTC 2019
auto.tcl: Setting watchdog for 200 seconds at Thu Feb 21 03:39:24 UTC 2019
472 ms. Memory: 1064448K Free: 934245K (88%)
ptolemy.util.test.WatchDog.cancel(): canceling Thu Feb 21 03:39:24 UTC 2019
------------------ testing $PTII/ptolemy/domains/de/test/auto/TimeDelayZeroDelay.xml
auto.tcl: Setting watchdog for 200 seconds at Thu Feb 21 03:39:24 UTC 2019
2 ms. Memory: 1064448K Free: 1038081K (98%)
ptolemy.util.test.WatchDog.cancel(): canceling Thu Feb 21 03:39:24 UTC 2019
auto.tcl: Setting watchdog for 200 seconds at Thu Feb 21 03:39:24 UTC 2019
2 ms. Memory: 1064448K Free: 1038081K (98%)
ptolemy.util.test.WatchDog.cancel(): canceling Thu Feb 21 03:39:24 UTC 2019
------------------ testing $PTII/ptolemy/domains/de/test/auto/TimerZeroDelay.xml
auto.tcl: Setting watchdog for 200 seconds at Thu Feb 21 03:39:24 UTC 2019
4 ms. Memory: 1063424K Free: 1038240K (98%)
ptolemy.util.test.WatchDog.cancel(): canceling Thu Feb 21 03:39:24 UTC 2019
auto.tcl: Setting watchdog for 200 seconds at Thu Feb 21 03:39:24 UTC 2019
2 ms. Memory: 1063424K Free: 1038240K (98%)
ptolemy.util.test.WatchDog.cancel(): canceling Thu Feb 21 03:39:24 UTC 2019
------------------ testing $PTII/ptolemy/domains/de/test/auto/TimingParadox.xml
auto.tcl: Setting watchdog for 200 seconds at Thu Feb 21 03:39:24 UTC 2019
337 ms. Memory: 1063936K Free: 975397K (92%)
ptolemy.util.test.WatchDog.cancel(): canceling Thu Feb 21 03:39:25 UTC 2019
auto.tcl: Setting watchdog for 200 seconds at Thu Feb 21 03:39:25 UTC 2019
318 ms. Memory: 1063936K Free: 942674K (89%)
ptolemy.util.test.WatchDog.cancel(): canceling Thu Feb 21 03:39:25 UTC 2019
------------------ testing $PTII/ptolemy/domains/de/test/auto/TransferInputs.xml
auto.tcl: Setting watchdog for 200 seconds at Thu Feb 21 03:39:25 UTC 2019
2 ms. Memory: 1063424K Free: 1037213K (98%)
ptolemy.util.test.WatchDog.cancel(): canceling Thu Feb 21 03:39:25 UTC 2019
auto.tcl: Setting watchdog for 200 seconds at Thu Feb 21 03:39:25 UTC 2019
1 ms. Memory: 1063424K Free: 1037213K (98%)
ptolemy.util.test.WatchDog.cancel(): canceling Thu Feb 21 03:39:25 UTC 2019
------------------ testing $PTII/ptolemy/domains/de/test/auto/TransferOutputs2.xml
auto.tcl: Setting watchdog for 200 seconds at Thu Feb 21 03:39:25 UTC 2019
3 ms. Memory: 1063936K Free: 1029011K (97%)
ptolemy.util.test.WatchDog.cancel(): canceling Thu Feb 21 03:39:25 UTC 2019
auto.tcl: Setting watchdog for 200 seconds at Thu Feb 21 03:39:25 UTC 2019
3 ms. Memory: 1063936K Free: 1029011K (97%)
ptolemy.util.test.WatchDog.cancel(): canceling Thu Feb 21 03:39:25 UTC 2019
------------------ testing $PTII/ptolemy/domains/de/test/auto/Trilateration.xml
auto.tcl: Setting watchdog for 200 seconds at Thu Feb 21 03:39:25 UTC 2019
14287 ms. Memory: 933376K Free: 823178K (88%)
ptolemy.util.test.WatchDog.cancel(): canceling Thu Feb 21 03:39:40 UTC 2019
auto.tcl: Setting watchdog for 200 seconds at Thu Feb 21 03:39:40 UTC 2019
10835 ms. Memory: 812544K Free: 536490K (66%)
ptolemy.util.test.WatchDog.cancel(): canceling Thu Feb 21 03:39:51 UTC 2019
------------------ testing $PTII/ptolemy/domains/de/test/auto/TwoSigmaDelta.xml
auto.tcl: Setting watchdog for 200 seconds at Thu Feb 21 03:39:51 UTC 2019
2913 ms. Memory: 816640K Free: 512133K (63%)
ptolemy.util.test.WatchDog.cancel(): canceling Thu Feb 21 03:39:54 UTC 2019
auto.tcl: Setting watchdog for 200 seconds at Thu Feb 21 03:39:54 UTC 2019
2149 ms. Memory: 816640K Free: 277899K (34%)
ptolemy.util.test.WatchDog.cancel(): canceling Thu Feb 21 03:39:57 UTC 2019
------------------ testing $PTII/ptolemy/domains/de/test/auto/VariableDelay.xml
auto.tcl: Setting watchdog for 200 seconds at Thu Feb 21 03:39:57 UTC 2019
5 ms. Memory: 813056K Free: 790280K (97%)
ptolemy.util.test.WatchDog.cancel(): canceling Thu Feb 21 03:39:57 UTC 2019
auto.tcl: Setting watchdog for 200 seconds at Thu Feb 21 03:39:57 UTC 2019
2 ms. Memory: 813056K Free: 790280K (97%)
ptolemy.util.test.WatchDog.cancel(): canceling Thu Feb 21 03:39:57 UTC 2019
------------------ testing $PTII/ptolemy/domains/de/test/auto/VariableDelay2.xml
auto.tcl: Setting watchdog for 200 seconds at Thu Feb 21 03:39:57 UTC 2019
6 ms. Memory: 812544K Free: 790280K (97%)
ptolemy.util.test.WatchDog.cancel(): canceling Thu Feb 21 03:39:57 UTC 2019
auto.tcl: Setting watchdog for 200 seconds at Thu Feb 21 03:39:57 UTC 2019
2 ms. Memory: 812544K Free: 790280K (97%)
ptolemy.util.test.WatchDog.cancel(): canceling Thu Feb 21 03:39:57 UTC 2019
------------------ testing $PTII/ptolemy/domains/de/test/auto/VariableDelayZeroDelay.xml
auto.tcl: Setting watchdog for 200 seconds at Thu Feb 21 03:39:57 UTC 2019
3 ms. Memory: 812544K Free: 790278K (97%)
ptolemy.util.test.WatchDog.cancel(): canceling Thu Feb 21 03:39:57 UTC 2019
auto.tcl: Setting watchdog for 200 seconds at Thu Feb 21 03:39:57 UTC 2019
2 ms. Memory: 812544K Free: 790278K (97%)
ptolemy.util.test.WatchDog.cancel(): canceling Thu Feb 21 03:39:57 UTC 2019
------------------ testing $PTII/ptolemy/domains/de/test/auto/VariableDelayZeroDelay2.xml
auto.tcl: Setting watchdog for 200 seconds at Thu Feb 21 03:39:57 UTC 2019
2 ms. Memory: 815616K Free: 786037K (96%)
ptolemy.util.test.WatchDog.cancel(): canceling Thu Feb 21 03:39:57 UTC 2019
auto.tcl: Setting watchdog for 200 seconds at Thu Feb 21 03:39:57 UTC 2019
1 ms. Memory: 815616K Free: 786037K (96%)
ptolemy.util.test.WatchDog.cancel(): canceling Thu Feb 21 03:39:57 UTC 2019
------------------ testing $PTII/ptolemy/domains/de/test/auto/deInCt.xml
auto.tcl: Setting watchdog for 200 seconds at Thu Feb 21 03:39:57 UTC 2019
0
1
1
1
1
1
0
0
0
1
1
1
1
1
0
0
1
1
1
1
1
1
0
0
0
1
1
1
1
11 ms. Memory: 812544K Free: 782863K (96%)
ptolemy.util.test.WatchDog.cancel(): canceling Thu Feb 21 03:39:57 UTC 2019
auto.tcl: Setting watchdog for 200 seconds at Thu Feb 21 03:39:57 UTC 2019
0
1
1
1
1
1
0
0
0
1
1
1
1
0
0
0
1
1
1
1
1
0
0
1
1
0
0
0
1
1
0
0
0
1
1
1
1
1
6 ms. Memory: 812544K Free: 782863K (96%)
ptolemy.util.test.WatchDog.cancel(): canceling Thu Feb 21 03:39:57 UTC 2019
------------------ testing $PTII/ptolemy/domains/de/test/auto/deInCt2.xml
auto.tcl: Setting watchdog for 200 seconds at Thu Feb 21 03:39:57 UTC 2019
0
1
1
1
0
0
1
1
1
0
0
1
1
1
0
0
1
1
1
0
0
1
1
1
0
0
1
1
1
0
0
1
1
1
0
0
1
1
1
0
0
0
15 ms. Memory: 815616K Free: 785935K (96%)
ptolemy.util.test.WatchDog.cancel(): canceling Thu Feb 21 03:39:57 UTC 2019
auto.tcl: Setting watchdog for 200 seconds at Thu Feb 21 03:39:57 UTC 2019
0
1
1
1
0
0
1
1
1
0
0
1
1
1
0
0
1
1
1
0
0
1
1
1
0
0
1
1
1
0
0
1
1
1
0
0
1
1
1
0
0
0
5 ms. Memory: 815616K Free: 785935K (96%)
ptolemy.util.test.WatchDog.cancel(): canceling Thu Feb 21 03:39:57 UTC 2019
------------------ testing $PTII/ptolemy/domains/de/test/auto/dynamicCausalityInterface1.xml
auto.tcl: Setting watchdog for 200 seconds at Thu Feb 21 03:39:57 UTC 2019
2 ms. Memory: 812544K Free: 790268K (97%)
ptolemy.util.test.WatchDog.cancel(): canceling Thu Feb 21 03:39:57 UTC 2019
auto.tcl: Setting watchdog for 200 seconds at Thu Feb 21 03:39:57 UTC 2019
1 ms. Memory: 812544K Free: 790268K (97%)
ptolemy.util.test.WatchDog.cancel(): canceling Thu Feb 21 03:39:57 UTC 2019
------------------ testing $PTII/ptolemy/domains/de/test/auto/fsm_de_test.xml
auto.tcl: Setting watchdog for 200 seconds at Thu Feb 21 03:39:57 UTC 2019
14 ms. Memory: 815104K Free: 785412K (96%)
ptolemy.util.test.WatchDog.cancel(): canceling Thu Feb 21 03:39:57 UTC 2019
auto.tcl: Setting watchdog for 200 seconds at Thu Feb 21 03:39:57 UTC 2019
4 ms. Memory: 815104K Free: 785412K (96%)
ptolemy.util.test.WatchDog.cancel(): canceling Thu Feb 21 03:39:57 UTC 2019
------------------ testing $PTII/ptolemy/domains/de/test/auto/functionDependencyReconstruction.xml
auto.tcl: Setting watchdog for 200 seconds at Thu Feb 21 03:39:57 UTC 2019
3 ms. Memory: 812544K Free: 772413K (95%)
ptolemy.util.test.WatchDog.cancel(): canceling Thu Feb 21 03:39:57 UTC 2019
auto.tcl: Setting watchdog for 200 seconds at Thu Feb 21 03:39:57 UTC 2019
2 ms. Memory: 812544K Free: 772413K (95%)
ptolemy.util.test.WatchDog.cancel(): canceling Thu Feb 21 03:39:57 UTC 2019
------------------ testing $PTII/ptolemy/domains/de/test/auto/multirate.xml
auto.tcl: Setting watchdog for 200 seconds at Thu Feb 21 03:39:57 UTC 2019
3 ms. Memory: 814592K Free: 784767K (96%)
ptolemy.util.test.WatchDog.cancel(): canceling Thu Feb 21 03:39:57 UTC 2019
auto.tcl: Setting watchdog for 200 seconds at Thu Feb 21 03:39:57 UTC 2019
2 ms. Memory: 814592K Free: 784668K (96%)
ptolemy.util.test.WatchDog.cancel(): canceling Thu Feb 21 03:39:57 UTC 2019
------------------ testing $PTII/ptolemy/domains/de/test/auto/multirate2.xml
auto.tcl: Setting watchdog for 200 seconds at Thu Feb 21 03:39:57 UTC 2019
6 ms. Memory: 812544K Free: 782906K (96%)
ptolemy.util.test.WatchDog.cancel(): canceling Thu Feb 21 03:39:57 UTC 2019
auto.tcl: Setting watchdog for 200 seconds at Thu Feb 21 03:39:57 UTC 2019
3 ms. Memory: 812544K Free: 782906K (96%)
ptolemy.util.test.WatchDog.cancel(): canceling Thu Feb 21 03:39:57 UTC 2019
------------------ testing $PTII/ptolemy/domains/de/test/auto/realtime.xml
auto.tcl: Setting watchdog for 200 seconds at Thu Feb 21 03:39:57 UTC 2019
10002 ms. Memory: 814592K Free: 784854K (96%)
ptolemy.util.test.WatchDog.cancel(): canceling Thu Feb 21 03:40:07 UTC 2019
auto.tcl: Setting watchdog for 200 seconds at Thu Feb 21 03:40:07 UTC 2019
10001 ms. Memory: 814592K Free: 784854K (96%)
ptolemy.util.test.WatchDog.cancel(): canceling Thu Feb 21 03:40:17 UTC 2019
------------------ testing $PTII/ptolemy/domains/de/test/auto/relationGroup.xml
auto.tcl: Setting watchdog for 200 seconds at Thu Feb 21 03:40:17 UTC 2019
1 ms. Memory: 812544K Free: 790242K (97%)
ptolemy.util.test.WatchDog.cancel(): canceling Thu Feb 21 03:40:17 UTC 2019
auto.tcl: Setting watchdog for 200 seconds at Thu Feb 21 03:40:17 UTC 2019
2 ms. Memory: 812544K Free: 790242K (97%)
ptolemy.util.test.WatchDog.cancel(): canceling Thu Feb 21 03:40:17 UTC 2019
------------------ testing $PTII/ptolemy/domains/de/test/auto/relationGroup2.xml
auto.tcl: Setting watchdog for 200 seconds at Thu Feb 21 03:40:17 UTC 2019
1 ms. Memory: 814080K Free: 784493K (96%)
ptolemy.util.test.WatchDog.cancel(): canceling Thu Feb 21 03:40:17 UTC 2019
auto.tcl: Setting watchdog for 200 seconds at Thu Feb 21 03:40:17 UTC 2019
1 ms. Memory: 814080K Free: 784493K (96%)
ptolemy.util.test.WatchDog.cancel(): canceling Thu Feb 21 03:40:17 UTC 2019
------------------ testing $PTII/ptolemy/domains/de/test/auto/sortWithOpaquePorts.xml
auto.tcl: Setting watchdog for 200 seconds at Thu Feb 21 03:40:18 UTC 2019
1 ms. Memory: 812544K Free: 782958K (96%)
ptolemy.util.test.WatchDog.cancel(): canceling Thu Feb 21 03:40:18 UTC 2019
auto.tcl: Setting watchdog for 200 seconds at Thu Feb 21 03:40:18 UTC 2019
2 ms. Memory: 812544K Free: 782958K (96%)
ptolemy.util.test.WatchDog.cancel(): canceling Thu Feb 21 03:40:18 UTC 2019
------------------ testing $PTII/ptolemy/domains/de/test/auto/transferInputsandOutputs.xml
auto.tcl: Setting watchdog for 200 seconds at Thu Feb 21 03:40:18 UTC 2019
2 ms. Memory: 814080K Free: 784481K (96%)
ptolemy.util.test.WatchDog.cancel(): canceling Thu Feb 21 03:40:18 UTC 2019
auto.tcl: Setting watchdog for 200 seconds at Thu Feb 21 03:40:18 UTC 2019
3 ms. Memory: 814080K Free: 784481K (96%)
ptolemy.util.test.WatchDog.cancel(): canceling Thu Feb 21 03:40:18 UTC 2019
------------------ testing $PTII/ptolemy/domains/de/test/auto/triggerType.xml
auto.tcl: Setting watchdog for 200 seconds at Thu Feb 21 03:40:18 UTC 2019
1 ms. Memory: 812544K Free: 782893K (96%)
ptolemy.util.test.WatchDog.cancel(): canceling Thu Feb 21 03:40:18 UTC 2019
auto.tcl: Setting watchdog for 200 seconds at Thu Feb 21 03:40:18 UTC 2019
2 ms. Memory: 812544K Free: 782893K (96%)
ptolemy.util.test.WatchDog.cancel(): canceling Thu Feb 21 03:40:18 UTC 2019
02/21/19 03:40:18
Failed: 0  Total Tests: 192  ((Passed: 187, Newly Passed: 1)  Known Failed: 5) /home/travis/build/icyphy/ptII/ptolemy/domains/de/test
02/21/19 03:40:18
Failed: 0  Total Tests: 192  ((Passed: 187, Newly Passed: 1)  Known Failed: 5) /home/travis/build/icyphy/ptII/ptolemy/domains/de/test
----------------- testing (KnownFailure) /home/travis/build/icyphy/ptII/ptolemy/domains/de/test/auto/knownFailedTests/DESDFClockTest.xml
2012 ms. Memory: 813568K Free: 769348K (95%)
Known Failure: java.lang.reflect.InvocationTargetException
----------------- testing (KnownFailure) /home/travis/build/icyphy/ptII/ptolemy/domains/de/test/auto/knownFailedTests/DirectFeedback.xml
1 ms. Memory: 813568K Free: 710758K (87%)
Known Failure: java.lang.reflect.InvocationTargetException
----------------- testing (KnownFailure) /home/travis/build/icyphy/ptII/ptolemy/domains/de/test/auto/knownFailedTests/FSMSource.xml
6 ms. Memory: 813568K Free: 652267K (80%)
----------------- testing (KnownFailure) /home/travis/build/icyphy/ptII/ptolemy/domains/de/test/auto/knownFailedTests/HierarchicalModel.xml
2 ms. Memory: 813568K Free: 608383K (75%)
Known Failure: java.lang.reflect.InvocationTargetException
----------------- testing (KnownFailure) /home/travis/build/icyphy/ptII/ptolemy/domains/de/test/auto/knownFailedTests/dependencyLoop.xml
3 ms. Memory: 813568K Free: 549892K (68%)
Known Failure: java.lang.reflect.InvocationTargetException
----------------- testing (KnownFailure) /home/travis/build/icyphy/ptII/ptolemy/domains/de/test/auto/knownFailedTests/dependencyLoop2.xml
3 ms. Memory: 813568K Free: 491400K (60%)
Known Failure: java.lang.reflect.InvocationTargetException
No auto/linux-amd64/*.xml tests in /home/travis/build/icyphy/ptII/ptolemy/domains/de/test
AutoTests.java: About to close Vertx.
AutoTests.java: Vertx closed.

===========================================================================================
----------------- testing Thu Feb 21 03:40:20 UTC 2019 /home/travis/build/icyphy/ptII/ptolemy/domains/de/test/auto/ActorDepthCalculation_actorWithoutPorts.xml
----------------- Instantiating /home/travis/build/icyphy/ptII/ptolemy/domains/de/test/auto/ActorDepthCalculation_actorWithoutPorts.xml
1 ms. Memory: 813568K Free: 418287K (51%)
----------------- Invoking toplevel() on ptolemy.moml.MoMLSimpleApplication@2ab12d59
----------------- Done invoking toplevel() on ptolemy.moml.MoMLSimpleApplication@2ab12d59
reloadAllAccessors: .ActorDepthCalculation_actorWithoutPorts

===========================================================================================
----------------- testing Thu Feb 21 03:40:20 UTC 2019 /home/travis/build/icyphy/ptII/ptolemy/domains/de/test/auto/AssemblyLine.xml
----------------- Instantiating /home/travis/build/icyphy/ptII/ptolemy/domains/de/test/auto/AssemblyLine.xml
2 ms. Memory: 813568K Free: 389041K (48%)
----------------- Invoking toplevel() on ptolemy.moml.MoMLSimpleApplication@5922a0f6
----------------- Done invoking toplevel() on ptolemy.moml.MoMLSimpleApplication@5922a0f6
reloadAllAccessors: .AssemblyLine

===========================================================================================
----------------- testing Thu Feb 21 03:40:20 UTC 2019 /home/travis/build/icyphy/ptII/ptolemy/domains/de/test/auto/CQBug1.xml
----------------- Instantiating /home/travis/build/icyphy/ptII/ptolemy/domains/de/test/auto/CQBug1.xml
1 ms. Memory: 813568K Free: 359796K (44%)
----------------- Invoking toplevel() on ptolemy.moml.MoMLSimpleApplication@4a175b61
----------------- Done invoking toplevel() on ptolemy.moml.MoMLSimpleApplication@4a175b61
reloadAllAccessors: .CQBug1

===========================================================================================
----------------- testing Thu Feb 21 03:40:20 UTC 2019 /home/travis/build/icyphy/ptII/ptolemy/domains/de/test/auto/CancelFireAt.xml
----------------- Instantiating /home/travis/build/icyphy/ptII/ptolemy/domains/de/test/auto/CancelFireAt.xml
1 ms. Memory: 813568K Free: 330550K (41%)
----------------- Invoking toplevel() on ptolemy.moml.MoMLSimpleApplication@613b7af7
----------------- Done invoking toplevel() on ptolemy.moml.MoMLSimpleApplication@613b7af7
reloadAllAccessors: .CancelFireAt

===========================================================================================
----------------- testing Thu Feb 21 03:40:20 UTC 2019 /home/travis/build/icyphy/ptII/ptolemy/domains/de/test/auto/CausalityAndComposabilityAnalysis.xml
----------------- Instantiating /home/travis/build/icyphy/ptII/ptolemy/domains/de/test/auto/CausalityAndComposabilityAnalysis.xml
2 ms. Memory: 813568K Free: 301305K (37%)
----------------- Invoking toplevel() on ptolemy.moml.MoMLSimpleApplication@16bc04f4
----------------- Done invoking toplevel() on ptolemy.moml.MoMLSimpleApplication@16bc04f4
reloadAllAccessors: .CausalityAndComposabilityAnalysis

===========================================================================================
----------------- testing Thu Feb 21 03:40:20 UTC 2019 /home/travis/build/icyphy/ptII/ptolemy/domains/de/test/auto/CausalityInterface1.xml
----------------- Instantiating /home/travis/build/icyphy/ptII/ptolemy/domains/de/test/auto/CausalityInterface1.xml
4 ms. Memory: 813568K Free: 272059K (33%)
----------------- Invoking toplevel() on ptolemy.moml.MoMLSimpleApplication@11150b12
----------------- Done invoking toplevel() on ptolemy.moml.MoMLSimpleApplication@11150b12
reloadAllAccessors: .CausalityInterface1

===========================================================================================
----------------- testing Thu Feb 21 03:40:20 UTC 2019 /home/travis/build/icyphy/ptII/ptolemy/domains/de/test/auto/CausalityInterface15.xml
----------------- Instantiating /home/travis/build/icyphy/ptII/ptolemy/domains/de/test/auto/CausalityInterface15.xml
2 ms. Memory: 813568K Free: 242814K (30%)
----------------- Invoking toplevel() on ptolemy.moml.MoMLSimpleApplication@2ebb5751
----------------- Done invoking toplevel() on ptolemy.moml.MoMLSimpleApplication@2ebb5751
[...]
java.lang.RuntimeException: Execution failed
	at ptolemy.moml.MoMLSimpleApplication$UnloadThread.run(MoMLSimpleApplication.java:402)
Caused by: ptolemy.kernel.util.IllegalActionException: Test fails in iteration 1.
Value was: 1.0. Should have been: 2.0
  in .DirectFeedback.Test
	at ptolemy.actor.lib.Test.fire(Test.java:268)
	at ptolemy.domains.de.kernel.DEDirector._fire(DEDirector.java:1949)
	at ptolemy.domains.de.kernel.DEDirector.fire(DEDirector.java:502)
	at ptolemy.actor.CompositeActor.fire(CompositeActor.java:455)
	at ptolemy.actor.Manager.iterate(Manager.java:851)
	at ptolemy.actor.Manager.execute(Manager.java:369)
	at ptolemy.actor.Manager.run(Manager.java:1263)
	at ptolemy.actor.Manager$PtolemyRunThread.run(Manager.java:1915)
java.lang.RuntimeException: Execution failed
	at ptolemy.moml.MoMLSimpleApplication$UnloadThread.run(MoMLSimpleApplication.java:402)
Caused by: ptolemy.kernel.util.IllegalActionException: Actor is not ready to fire.  Perhaps UpSample.prefire() returned false? Try debugging the actor by selecting "Listen to Actor".  Also, for SDF check moml for tokenConsumptionRate on input.
  in .DESDFClockTest.Play Bell.Copy1:SDF Director and .DESDFClockTest.Play Bell.UpSample
	at ptolemy.actor.sched.StaticSchedulingDirector.fire(StaticSchedulingDirector.java:227)
	at ptolemy.domains.sdf.kernel.SDFDirector.fire(SDFDirector.java:500)
	at ptolemy.actor.CompositeActor.fire(CompositeActor.java:455)
	at ptolemy.domains.de.kernel.DEDirector._fire(DEDirector.java:1949)
	at ptolemy.domains.de.kernel.DEDirector.fire(DEDirector.java:502)
	at ptolemy.actor.CompositeActor.fire(CompositeActor.java:455)
	at ptolemy.actor.Manager.iterate(Manager.java:851)
	at ptolemy.actor.Manager.execute(Manager.java:369)
	at ptolemy.actor.Manager.run(Manager.java:1263)
	at ptolemy.actor.Manager$PtolemyRunThread.run(Manager.java:1915)
java.lang.reflect.InvocationTargetException
	at sun.reflect.NativeConstructorAccessorImpl.newInstance0(Native Method)
	at sun.reflect.NativeConstructorAccessorImpl.newInstance(NativeConstructorAccessorImpl.java:62)
	at sun.reflect.DelegatingConstructorAccessorImpl.newInstance(DelegatingConstructorAccessorImpl.java:45)
	at java.lang.reflect.Constructor.newInstance(Constructor.java:423)
	at ptolemy.util.test.junit.AutoKnownFailedTests.RunModel(AutoKnownFailedTests.java:105)
	at sun.reflect.NativeMethodAccessorImpl.invoke0(Native Method)
	at sun.reflect.NativeMethodAccessorImpl.invoke(NativeMethodAccessorImpl.java:62)
	at sun.reflect.DelegatingMethodAccessorImpl.invoke(DelegatingMethodAccessorImpl.java:43)
	at java.lang.reflect.Method.invoke(Method.java:498)
	at org.junit.runners.model.FrameworkMethod$1.runReflectiveCall(FrameworkMethod.java:44)
	at org.junit.internal.runners.model.ReflectiveCallable.run(ReflectiveCallable.java:15)
	at org.junit.runners.model.FrameworkMethod.invokeExplosively(FrameworkMethod.java:41)
	at junitparams.internal.InvokeParameterisedMethod.evaluate(InvokeParameterisedMethod.java:102)
	at org.junit.internal.runners.statements.FailOnTimeout$1.run(FailOnTimeout.java:28)
Caused by: ptolemy.kernel.util.IllegalActionException: Actor is not ready to fire.  Perhaps UpSample.prefire() returned false? Try debugging the actor by selecting "Listen to Actor".  Also, for SDF check moml for tokenConsumptionRate on input.
  in .DESDFClockTest.Play Bell.Copy1:SDF Director and .DESDFClockTest.Play Bell.UpSample
	at ptolemy.actor.sched.StaticSchedulingDirector.fire(StaticSchedulingDirector.java:227)
	at ptolemy.domains.sdf.kernel.SDFDirector.fire(SDFDirector.java:500)
	at ptolemy.actor.CompositeActor.fire(CompositeActor.java:455)
	at ptolemy.domains.de.kernel.DEDirector._fire(DEDirector.java:1949)
	at ptolemy.domains.de.kernel.DEDirector.fire(DEDirector.java:502)
	at ptolemy.actor.CompositeActor.fire(CompositeActor.java:455)
	at ptolemy.actor.Manager.iterate(Manager.java:851)
	at ptolemy.actor.Manager.execute(Manager.java:369)
	at ptolemy.actor.Manager.run(Manager.java:1263)
	at ptolemy.actor.Manager$PtolemyRunThread.run(Manager.java:1915)
java.lang.RuntimeException: Execution failed
	at ptolemy.moml.MoMLSimpleApplication$UnloadThread.run(MoMLSimpleApplication.java:402)
Caused by: ptolemy.kernel.util.IllegalActionException: Test fails in iteration 1.
Value was: 1.0. Should have been: 2.0
  in .DirectFeedback.Test
	at ptolemy.actor.lib.Test.fire(Test.java:268)
	at ptolemy.domains.de.kernel.DEDirector._fire(DEDirector.java:1949)
	at ptolemy.domains.de.kernel.DEDirector.fire(DEDirector.java:502)
	at ptolemy.actor.CompositeActor.fire(CompositeActor.java:455)
	at ptolemy.actor.Manager.iterate(Manager.java:851)
	at ptolemy.actor.Manager.execute(Manager.java:369)
	at ptolemy.actor.Manager.run(Manager.java:1263)
	at ptolemy.actor.Manager$PtolemyRunThread.run(Manager.java:1915)
java.lang.reflect.InvocationTargetException
	at sun.reflect.NativeConstructorAccessorImpl.newInstance0(Native Method)
	at sun.reflect.NativeConstructorAccessorImpl.newInstance(NativeConstructorAccessorImpl.java:62)
	at sun.reflect.DelegatingConstructorAccessorImpl.newInstance(DelegatingConstructorAccessorImpl.java:45)
	at java.lang.reflect.Constructor.newInstance(Constructor.java:423)
	at ptolemy.util.test.junit.AutoKnownFailedTests.RunModel(AutoKnownFailedTests.java:105)
	at sun.reflect.NativeMethodAccessorImpl.invoke0(Native Method)
	at sun.reflect.NativeMethodAccessorImpl.invoke(NativeMethodAccessorImpl.java:62)
	at sun.reflect.DelegatingMethodAccessorImpl.invoke(DelegatingMethodAccessorImpl.java:43)
	at java.lang.reflect.Method.invoke(Method.java:498)
	at org.junit.runners.model.FrameworkMethod$1.runReflectiveCall(FrameworkMethod.java:44)
	at org.junit.internal.runners.model.ReflectiveCallable.run(ReflectiveCallable.java:15)
	at org.junit.runners.model.FrameworkMethod.invokeExplosively(FrameworkMethod.java:41)
	at junitparams.internal.InvokeParameterisedMethod.evaluate(InvokeParameterisedMethod.java:102)
	at org.junit.internal.runners.statements.FailOnTimeout$1.run(FailOnTimeout.java:28)
Caused by: ptolemy.kernel.util.IllegalActionException: Test fails in iteration 1.
Value was: 1.0. Should have been: 2.0
  in .DirectFeedback.Test
	at ptolemy.actor.lib.Test.fire(Test.java:268)
	at ptolemy.domains.de.kernel.DEDirector._fire(DEDirector.java:1949)
	at ptolemy.domains.de.kernel.DEDirector.fire(DEDirector.java:502)
	at ptolemy.actor.CompositeActor.fire(CompositeActor.java:455)
	at ptolemy.actor.Manager.iterate(Manager.java:851)
	at ptolemy.actor.Manager.execute(Manager.java:369)
	at ptolemy.actor.Manager.run(Manager.java:1263)
	at ptolemy.actor.Manager$PtolemyRunThread.run(Manager.java:1915)
java.lang.RuntimeException: Execution failed
	at ptolemy.moml.MoMLSimpleApplication$UnloadThread.run(MoMLSimpleApplication.java:402)
Caused by: ptolemy.kernel.util.IllegalActionException: Found a zero delay loop containing .HierarchicalModel.A
  in .HierarchicalModel and .HierarchicalModel.A
	at ptolemy.actor.util.CausalityInterfaceForComposites._computeOutputPortDepth(CausalityInterfaceForComposites.java:759)
	at ptolemy.actor.util.CausalityInterfaceForComposites._computeInputDepth(CausalityInterfaceForComposites.java:696)
	at ptolemy.actor.util.CausalityInterfaceForComposites._computeOutputPortDepth(CausalityInterfaceForComposites.java:765)
	at ptolemy.actor.util.CausalityInterfaceForComposites._computeInputDepth(CausalityInterfaceForComposites.java:696)
	at ptolemy.actor.util.CausalityInterfaceForComposites._computeOutputPortDepth(CausalityInterfaceForComposites.java:765)
	at ptolemy.actor.util.CausalityInterfaceForComposites._computeInputDepth(CausalityInterfaceForComposites.java:696)
	at ptolemy.actor.util.CausalityInterfaceForComposites._computeActorDepth(CausalityInterfaceForComposites.java:532)
	at ptolemy.actor.util.CausalityInterfaceForComposites.checkForCycles(CausalityInterfaceForComposites.java:96)
	at ptolemy.domains.de.kernel.DEDirector.preinitialize(DEDirector.java:1338)
	at ptolemy.actor.CompositeActor.preinitialize(CompositeActor.java:1828)
	at ptolemy.actor.Manager.preinitializeAndResolveTypes(Manager.java:1040)
	at ptolemy.actor.Manager.initialize(Manager.java:710)
	at ptolemy.actor.Manager.execute(Manager.java:356)
	at ptolemy.actor.Manager.run(Manager.java:1263)
	at ptolemy.actor.Manager$PtolemyRunThread.run(Manager.java:1915)
java.lang.reflect.InvocationTargetException
	at sun.reflect.NativeConstructorAccessorImpl.newInstance0(Native Method)
	at sun.reflect.NativeConstructorAccessorImpl.newInstance(NativeConstructorAccessorImpl.java:62)
	at sun.reflect.DelegatingConstructorAccessorImpl.newInstance(DelegatingConstructorAccessorImpl.java:45)
	at java.lang.reflect.Constructor.newInstance(Constructor.java:423)
	at ptolemy.util.test.junit.AutoKnownFailedTests.RunModel(AutoKnownFailedTests.java:105)
	at sun.reflect.NativeMethodAccessorImpl.invoke0(Native Method)
	at sun.reflect.NativeMethodAccessorImpl.invoke(NativeMethodAccessorImpl.java:62)
	at sun.reflect.DelegatingMethodAccessorImpl.invoke(DelegatingMethodAccessorImpl.java:43)
	at java.lang.reflect.Method.invoke(Method.java:498)
	at org.junit.runners.model.FrameworkMethod$1.runReflectiveCall(FrameworkMethod.java:44)
	at org.junit.internal.runners.model.ReflectiveCallable.run(ReflectiveCallable.java:15)
	at org.junit.runners.model.FrameworkMethod.invokeExplosively(FrameworkMethod.java:41)
	at junitparams.internal.InvokeParameterisedMethod.evaluate(InvokeParameterisedMethod.java:102)
	at org.junit.internal.runners.statements.FailOnTimeout$1.run(FailOnTimeout.java:28)
Caused by: ptolemy.kernel.util.IllegalActionException: Found a zero delay loop containing .HierarchicalModel.A
  in .HierarchicalModel and .HierarchicalModel.A
	at ptolemy.actor.util.CausalityInterfaceForComposites._computeOutputPortDepth(CausalityInterfaceForComposites.java:759)
	at ptolemy.actor.util.CausalityInterfaceForComposites._computeInputDepth(CausalityInterfaceForComposites.java:696)
	at ptolemy.actor.util.CausalityInterfaceForComposites._computeOutputPortDepth(CausalityInterfaceForComposites.java:765)
	at ptolemy.actor.util.CausalityInterfaceForComposites._computeInputDepth(CausalityInterfaceForComposites.java:696)
	at ptolemy.actor.util.CausalityInterfaceForComposites._computeOutputPortDepth(CausalityInterfaceForComposites.java:765)
	at ptolemy.actor.util.CausalityInterfaceForComposites._computeInputDepth(CausalityInterfaceForComposites.java:696)
	at ptolemy.actor.util.CausalityInterfaceForComposites._computeActorDepth(CausalityInterfaceForComposites.java:532)
	at ptolemy.actor.util.CausalityInterfaceForComposites.checkForCycles(CausalityInterfaceForComposites.java:96)
	at ptolemy.domains.de.kernel.DEDirector.preinitialize(DEDirector.java:1338)
	at ptolemy.actor.CompositeActor.preinitialize(CompositeActor.java:1828)
	at ptolemy.actor.Manager.preinitializeAndResolveTypes(Manager.java:1040)
	at ptolemy.actor.Manager.initialize(Manager.java:710)
	at ptolemy.actor.Manager.execute(Manager.java:356)
	at ptolemy.actor.Manager.run(Manager.java:1263)
	at ptolemy.actor.Manager$PtolemyRunThread.run(Manager.java:1915)
java.lang.RuntimeException: Execution failed
	at ptolemy.moml.MoMLSimpleApplication$UnloadThread.run(MoMLSimpleApplication.java:402)
Caused by: ptolemy.kernel.util.IllegalActionException: Found a zero delay loop containing .dependencyLoop.original
  in .dependencyLoop and .dependencyLoop.original
	at ptolemy.actor.util.CausalityInterfaceForComposites._computeOutputPortDepth(CausalityInterfaceForComposites.java:759)
	at ptolemy.actor.util.CausalityInterfaceForComposites._computeInputDepth(CausalityInterfaceForComposites.java:696)
	at ptolemy.actor.util.CausalityInterfaceForComposites._computeOutputPortDepth(CausalityInterfaceForComposites.java:765)
	at ptolemy.actor.util.CausalityInterfaceForComposites._computeInputDepth(CausalityInterfaceForComposites.java:696)
	at ptolemy.actor.util.CausalityInterfaceForComposites._computeOutputPortDepth(CausalityInterfaceForComposites.java:765)
	at ptolemy.actor.util.CausalityInterfaceForComposites._computeInputDepth(CausalityInterfaceForComposites.java:696)
	at ptolemy.actor.util.CausalityInterfaceForComposites._computeActorDepth(CausalityInterfaceForComposites.java:532)
	at ptolemy.actor.util.CausalityInterfaceForComposites.checkForCycles(CausalityInterfaceForComposites.java:96)
	at ptolemy.domains.de.kernel.DEDirector.preinitialize(DEDirector.java:1338)
	at ptolemy.actor.CompositeActor.preinitialize(CompositeActor.java:1828)
	at ptolemy.actor.Manager.preinitializeAndResolveTypes(Manager.java:1040)
	at ptolemy.actor.Manager.initialize(Manager.java:710)
	at ptolemy.actor.Manager.execute(Manager.java:356)
	at ptolemy.actor.Manager.run(Manager.java:1263)
	at ptolemy.actor.Manager$PtolemyRunThread.run(Manager.java:1915)
java.lang.reflect.InvocationTargetException
	at sun.reflect.NativeConstructorAccessorImpl.newInstance0(Native Method)
	at sun.reflect.NativeConstructorAccessorImpl.newInstance(NativeConstructorAccessorImpl.java:62)
	at sun.reflect.DelegatingConstructorAccessorImpl.newInstance(DelegatingConstructorAccessorImpl.java:45)
	at java.lang.reflect.Constructor.newInstance(Constructor.java:423)
	at ptolemy.util.test.junit.AutoKnownFailedTests.RunModel(AutoKnownFailedTests.java:105)
	at sun.reflect.NativeMethodAccessorImpl.invoke0(Native Method)
	at sun.reflect.NativeMethodAccessorImpl.invoke(NativeMethodAccessorImpl.java:62)
	at sun.reflect.DelegatingMethodAccessorImpl.invoke(DelegatingMethodAccessorImpl.java:43)
	at java.lang.reflect.Method.invoke(Method.java:498)
	at org.junit.runners.model.FrameworkMethod$1.runReflectiveCall(FrameworkMethod.java:44)
	at org.junit.internal.runners.model.ReflectiveCallable.run(ReflectiveCallable.java:15)
	at org.junit.runners.model.FrameworkMethod.invokeExplosively(FrameworkMethod.java:41)
	at junitparams.internal.InvokeParameterisedMethod.evaluate(InvokeParameterisedMethod.java:102)
	at org.junit.internal.runners.statements.FailOnTimeout$1.run(FailOnTimeout.java:28)
Caused by: ptolemy.kernel.util.IllegalActionException: Found a zero delay loop containing .dependencyLoop.original
  in .dependencyLoop and .dependencyLoop.original
	at ptolemy.actor.util.CausalityInterfaceForComposites._computeOutputPortDepth(CausalityInterfaceForComposites.java:759)
	at ptolemy.actor.util.CausalityInterfaceForComposites._computeInputDepth(CausalityInterfaceForComposites.java:696)
	at ptolemy.actor.util.CausalityInterfaceForComposites._computeOutputPortDepth(CausalityInterfaceForComposites.java:765)
	at ptolemy.actor.util.CausalityInterfaceForComposites._computeInputDepth(CausalityInterfaceForComposites.java:696)
	at ptolemy.actor.util.CausalityInterfaceForComposites._computeOutputPortDepth(CausalityInterfaceForComposites.java:765)
	at ptolemy.actor.util.CausalityInterfaceForComposites._computeInputDepth(CausalityInterfaceForComposites.java:696)
	at ptolemy.actor.util.CausalityInterfaceForComposites._computeActorDepth(CausalityInterfaceForComposites.java:532)
	at ptolemy.actor.util.CausalityInterfaceForComposites.checkForCycles(CausalityInterfaceForComposites.java:96)
	at ptolemy.domains.de.kernel.DEDirector.preinitialize(DEDirector.java:1338)
	at ptolemy.actor.CompositeActor.preinitialize(CompositeActor.java:1828)
	at ptolemy.actor.Manager.preinitializeAndResolveTypes(Manager.java:1040)
	at ptolemy.actor.Manager.initialize(Manager.java:710)
	at ptolemy.actor.Manager.execute(Manager.java:356)
	at ptolemy.actor.Manager.run(Manager.java:1263)
	at ptolemy.actor.Manager$PtolemyRunThread.run(Manager.java:1915)
java.lang.RuntimeException: Execution failed
	at ptolemy.moml.MoMLSimpleApplication$UnloadThread.run(MoMLSimpleApplication.java:402)
Caused by: ptolemy.kernel.util.IllegalActionException: Found a zero delay loop containing .dependencyLoop2.original
  in .dependencyLoop2 and .dependencyLoop2.original
	at ptolemy.actor.util.CausalityInterfaceForComposites._computeOutputPortDepth(CausalityInterfaceForComposites.java:759)
	at ptolemy.actor.util.CausalityInterfaceForComposites._computeInputDepth(CausalityInterfaceForComposites.java:696)
	at ptolemy.actor.util.CausalityInterfaceForComposites._computeOutputPortDepth(CausalityInterfaceForComposites.java:765)
	at ptolemy.actor.util.CausalityInterfaceForComposites._computeInputDepth(CausalityInterfaceForComposites.java:696)
	at ptolemy.actor.util.CausalityInterfaceForComposites._computeOutputPortDepth(CausalityInterfaceForComposites.java:765)
	at ptolemy.actor.util.CausalityInterfaceForComposites._computeInputDepth(CausalityInterfaceForComposites.java:696)
	at ptolemy.actor.util.CausalityInterfaceForComposites._computeActorDepth(CausalityInterfaceForComposites.java:532)
	at ptolemy.actor.util.CausalityInterfaceForComposites.checkForCycles(CausalityInterfaceForComposites.java:96)
	at ptolemy.domains.de.kernel.DEDirector.preinitialize(DEDirector.java:1338)
	at ptolemy.actor.CompositeActor.preinitialize(CompositeActor.java:1828)
	at ptolemy.actor.Manager.preinitializeAndResolveTypes(Manager.java:1040)
	at ptolemy.actor.Manager.initialize(Manager.java:710)
	at ptolemy.actor.Manager.execute(Manager.java:356)
	at ptolemy.actor.Manager.run(Manager.java:1263)
	at ptolemy.actor.Manager$PtolemyRunThread.run(Manager.java:1915)
java.lang.reflect.InvocationTargetException
	at sun.reflect.NativeConstructorAccessorImpl.newInstance0(Native Method)
	at sun.reflect.NativeConstructorAccessorImpl.newInstance(NativeConstructorAccessorImpl.java:62)
	at sun.reflect.DelegatingConstructorAccessorImpl.newInstance(DelegatingConstructorAccessorImpl.java:45)
	at java.lang.reflect.Constructor.newInstance(Constructor.java:423)
	at ptolemy.util.test.junit.AutoKnownFailedTests.RunModel(AutoKnownFailedTests.java:105)
	at sun.reflect.NativeMethodAccessorImpl.invoke0(Native Method)
	at sun.reflect.NativeMethodAccessorImpl.invoke(NativeMethodAccessorImpl.java:62)
	at sun.reflect.DelegatingMethodAccessorImpl.invoke(DelegatingMethodAccessorImpl.java:43)
	at java.lang.reflect.Method.invoke(Method.java:498)
	at org.junit.runners.model.FrameworkMethod$1.runReflectiveCall(FrameworkMethod.java:44)
	at org.junit.internal.runners.model.ReflectiveCallable.run(ReflectiveCallable.java:15)
	at org.junit.runners.model.FrameworkMethod.invokeExplosively(FrameworkMethod.java:41)
	at junitparams.internal.InvokeParameterisedMethod.evaluate(InvokeParameterisedMethod.java:102)
	at org.junit.internal.runners.statements.FailOnTimeout$1.run(FailOnTimeout.java:28)
Caused by: ptolemy.kernel.util.IllegalActionException: Found a zero delay loop containing .dependencyLoop2.original
  in .dependencyLoop2 and .dependencyLoop2.original
	at ptolemy.actor.util.CausalityInterfaceForComposites._computeOutputPortDepth(CausalityInterfaceForComposites.java:759)
	at ptolemy.actor.util.CausalityInterfaceForComposites._computeInputDepth(CausalityInterfaceForComposites.java:696)
	at ptolemy.actor.util.CausalityInterfaceForComposites._computeOutputPortDepth(CausalityInterfaceForComposites.java:765)
	at ptolemy.actor.util.CausalityInterfaceForComposites._computeInputDepth(CausalityInterfaceForComposites.java:696)
	at ptolemy.actor.util.CausalityInterfaceForComposites._computeOutputPortDepth(CausalityInterfaceForComposites.java:765)
	at ptolemy.actor.util.CausalityInterfaceForComposites._computeInputDepth(CausalityInterfaceForComposites.java:696)
	at ptolemy.actor.util.CausalityInterfaceForComposites._computeActorDepth(CausalityInterfaceForComposites.java:532)
	at ptolemy.actor.util.CausalityInterfaceForComposites.checkForCycles(CausalityInterfaceForComposites.java:96)
	at ptolemy.domains.de.kernel.DEDirector.preinitialize(DEDirector.java:1338)
	at ptolemy.actor.CompositeActor.preinitialize(CompositeActor.java:1828)
	at ptolemy.actor.Manager.preinitializeAndResolveTypes(Manager.java:1040)
	at ptolemy.actor.Manager.initialize(Manager.java:710)
	at ptolemy.actor.Manager.execute(Manager.java:356)
	at ptolemy.actor.Manager.run(Manager.java:1263)
	at ptolemy.actor.Manager$PtolemyRunThread.run(Manager.java:1915)
]]></system-err>
</testsuite>
