<?xml version="1.0" encoding="UTF-8" ?>
<testsuite errors="0" failures="0" hostname="travis-job-a4fd7723-56ed-48c5-8a2b-2a1eda85a2b0" name="ptolemy.domains.modal.test.junit.JUnitTclTest" skipped="0" tests="148" time="9.857" timestamp="2018-12-12T03:11:31">
  <properties>
[...]
</properties>
  <testcase classname="ptolemy.util.test.junit.TclTests" name="[0] /home/travis/build/icyphy/ptII/ptolemy/domains/modal/test/SystemLevelType.tcl (RunTclFile)" time="1.733" />
  <testcase classname="ptolemy.util.test.junit.AutoKnownFailedTests" name="[0] /home/travis/build/icyphy/ptII/ptolemy/domains/modal/test/auto/knownFailedTests/CannotAnalysisWithPreemption.xml (RunModel)" time="0.124" />
  <testcase classname="ptolemy.util.test.junit.AutoNameArchTests" name="[0] ThereAreNoAutoArchTests (RunModel)" time="0.005" />
  <testcase classname="ptolemy.util.test.junit.AutoTests" name="[0] /home/travis/build/icyphy/ptII/ptolemy/domains/modal/test/auto/ABPTest.xml (RunModel)" time="0.773" />
  <testcase classname="ptolemy.util.test.junit.AutoTests" name="[1] /home/travis/build/icyphy/ptII/ptolemy/domains/modal/test/auto/ABROFlat.xml (RunModel)" time="0.089" />
  <testcase classname="ptolemy.util.test.junit.AutoTests" name="[2] /home/travis/build/icyphy/ptII/ptolemy/domains/modal/test/auto/ABROFlat2.xml (RunModel)" time="0.074" />
  <testcase classname="ptolemy.util.test.junit.AutoTests" name="[3] /home/travis/build/icyphy/ptII/ptolemy/domains/modal/test/auto/ABRO_present_hmm.xml (RunModel)" time="0.143" />
  <testcase classname="ptolemy.util.test.junit.AutoTests" name="[4] /home/travis/build/icyphy/ptII/ptolemy/domains/modal/test/auto/AMICoderExample.xml (RunModel)" time="0.065" />
  <testcase classname="ptolemy.util.test.junit.AutoTests" name="[5] /home/travis/build/icyphy/ptII/ptolemy/domains/modal/test/auto/AbsentToPresent.xml (RunModel)" time="0.019" />
  <testcase classname="ptolemy.util.test.junit.AutoTests" name="[6] /home/travis/build/icyphy/ptII/ptolemy/domains/modal/test/auto/Blending.xml (RunModel)" time="0.251" />
  <testcase classname="ptolemy.util.test.junit.AutoTests" name="[7] /home/travis/build/icyphy/ptII/ptolemy/domains/modal/test/auto/Broadcast.xml (RunModel)" time="0.053" />
  <testcase classname="ptolemy.util.test.junit.AutoTests" name="[8] /home/travis/build/icyphy/ptII/ptolemy/domains/modal/test/auto/BroadcastHierarchy.xml (RunModel)" time="0.078" />
  <testcase classname="ptolemy.util.test.junit.AutoTests" name="[9] /home/travis/build/icyphy/ptII/ptolemy/domains/modal/test/auto/BroadcastHierarchy2.xml (RunModel)" time="0.123" />
  <testcase classname="ptolemy.util.test.junit.AutoTests" name="[10] /home/travis/build/icyphy/ptII/ptolemy/domains/modal/test/auto/BroadcastHierarchy3.xml (RunModel)" time="0.121" />
  <testcase classname="ptolemy.util.test.junit.AutoTests" name="[11] /home/travis/build/icyphy/ptII/ptolemy/domains/modal/test/auto/BroadcastHierarchy4.xml (RunModel)" time="0.101" />
  <testcase classname="ptolemy.util.test.junit.AutoTests" name="[12] /home/travis/build/icyphy/ptII/ptolemy/domains/modal/test/auto/CannotAnalysisWithPreemption2.xml (RunModel)" time="0.033" />
  <testcase classname="ptolemy.util.test.junit.AutoTests" name="[13] /home/travis/build/icyphy/ptII/ptolemy/domains/modal/test/auto/CannotAnalysisWithPreemption3.xml (RunModel)" time="0.041" />
  <testcase classname="ptolemy.util.test.junit.AutoTests" name="[14] /home/travis/build/icyphy/ptII/ptolemy/domains/modal/test/auto/CannotProduce.xml (RunModel)" time="0.031" />
  <testcase classname="ptolemy.util.test.junit.AutoTests" name="[15] /home/travis/build/icyphy/ptII/ptolemy/domains/modal/test/auto/CannotProduceModal.xml (RunModel)" time="0.022" />
  <testcase classname="ptolemy.util.test.junit.AutoTests" name="[16] /home/travis/build/icyphy/ptII/ptolemy/domains/modal/test/auto/Case.xml (RunModel)" time="0.068" />
  <testcase classname="ptolemy.util.test.junit.AutoTests" name="[17] /home/travis/build/icyphy/ptII/ptolemy/domains/modal/test/auto/Case1.xml (RunModel)" time="0.04" />
  <testcase classname="ptolemy.util.test.junit.AutoTests" name="[18] /home/travis/build/icyphy/ptII/ptolemy/domains/modal/test/auto/Case2.xml (RunModel)" time="0.045" />
  <testcase classname="ptolemy.util.test.junit.AutoTests" name="[19] /home/travis/build/icyphy/ptII/ptolemy/domains/modal/test/auto/CausalityInterface1.xml (RunModel)" time="0.021" />
  <testcase classname="ptolemy.util.test.junit.AutoTests" name="[20] /home/travis/build/icyphy/ptII/ptolemy/domains/modal/test/auto/CausalityInterface10.xml (RunModel)" time="0.053" />
  <testcase classname="ptolemy.util.test.junit.AutoTests" name="[21] /home/travis/build/icyphy/ptII/ptolemy/domains/modal/test/auto/CausalityInterface11.xml (RunModel)" time="0.064" />
  <testcase classname="ptolemy.util.test.junit.AutoTests" name="[22] /home/travis/build/icyphy/ptII/ptolemy/domains/modal/test/auto/CausalityInterface12.xml (RunModel)" time="0.049" />
  <testcase classname="ptolemy.util.test.junit.AutoTests" name="[23] /home/travis/build/icyphy/ptII/ptolemy/domains/modal/test/auto/CausalityInterface13.xml (RunModel)" time="0.061" />
  <testcase classname="ptolemy.util.test.junit.AutoTests" name="[24] /home/travis/build/icyphy/ptII/ptolemy/domains/modal/test/auto/CausalityInterface14.xml (RunModel)" time="0.048" />
  <testcase classname="ptolemy.util.test.junit.AutoTests" name="[25] /home/travis/build/icyphy/ptII/ptolemy/domains/modal/test/auto/CausalityInterface2.xml (RunModel)" time="0.021" />
  <testcase classname="ptolemy.util.test.junit.AutoTests" name="[26] /home/travis/build/icyphy/ptII/ptolemy/domains/modal/test/auto/CausalityInterface3.xml (RunModel)" time="0.034" />
  <testcase classname="ptolemy.util.test.junit.AutoTests" name="[27] /home/travis/build/icyphy/ptII/ptolemy/domains/modal/test/auto/CausalityInterface4.xml (RunModel)" time="0.023" />
  <testcase classname="ptolemy.util.test.junit.AutoTests" name="[28] /home/travis/build/icyphy/ptII/ptolemy/domains/modal/test/auto/CausalityInterface5.xml (RunModel)" time="0.033" />
  <testcase classname="ptolemy.util.test.junit.AutoTests" name="[29] /home/travis/build/icyphy/ptII/ptolemy/domains/modal/test/auto/CausalityInterface6.xml (RunModel)" time="0.028" />
  <testcase classname="ptolemy.util.test.junit.AutoTests" name="[30] /home/travis/build/icyphy/ptII/ptolemy/domains/modal/test/auto/CausalityInterface7.xml (RunModel)" time="0.039" />
  <testcase classname="ptolemy.util.test.junit.AutoTests" name="[31] /home/travis/build/icyphy/ptII/ptolemy/domains/modal/test/auto/CausalityInterface8.xml (RunModel)" time="0.059" />
  <testcase classname="ptolemy.util.test.junit.AutoTests" name="[32] /home/travis/build/icyphy/ptII/ptolemy/domains/modal/test/auto/CausalityInterface9.xml (RunModel)" time="0.033" />
  <testcase classname="ptolemy.util.test.junit.AutoTests" name="[33] /home/travis/build/icyphy/ptII/ptolemy/domains/modal/test/auto/ChainedTransitions.xml (RunModel)" time="0.147" />
  <testcase classname="ptolemy.util.test.junit.AutoTests" name="[34] /home/travis/build/icyphy/ptII/ptolemy/domains/modal/test/auto/CycleOfImmediateTransitionsFSM.xml (RunModel)" time="0.018" />
  <testcase classname="ptolemy.util.test.junit.AutoTests" name="[35] /home/travis/build/icyphy/ptII/ptolemy/domains/modal/test/auto/CycleOfImmediateTransitionsModal.xml (RunModel)" time="0.028" />
  <testcase classname="ptolemy.util.test.junit.AutoTests" name="[36] /home/travis/build/icyphy/ptII/ptolemy/domains/modal/test/auto/CycleOfImmediateTransitionsModal2.xml (RunModel)" time="0.026" />
  <testcase classname="ptolemy.util.test.junit.AutoTests" name="[37] /home/travis/build/icyphy/ptII/ptolemy/domains/modal/test/auto/CycleOfImmediateTransitionsModal3.xml (RunModel)" time="0.069" />
  <testcase classname="ptolemy.util.test.junit.AutoTests" name="[38] /home/travis/build/icyphy/ptII/ptolemy/domains/modal/test/auto/DeepModal1.xml (RunModel)" time="0.047" />
  <testcase classname="ptolemy.util.test.junit.AutoTests" name="[39] /home/travis/build/icyphy/ptII/ptolemy/domains/modal/test/auto/DeepModal2.xml (RunModel)" time="0.06" />
  <testcase classname="ptolemy.util.test.junit.AutoTests" name="[40] /home/travis/build/icyphy/ptII/ptolemy/domains/modal/test/auto/DeepModal3.xml (RunModel)" time="0.069" />
  <testcase classname="ptolemy.util.test.junit.AutoTests" name="[41] /home/travis/build/icyphy/ptII/ptolemy/domains/modal/test/auto/DeepModal4.xml (RunModel)" time="0.085" />
  <testcase classname="ptolemy.util.test.junit.AutoTests" name="[42] /home/travis/build/icyphy/ptII/ptolemy/domains/modal/test/auto/Default1.xml (RunModel)" time="0.027" />
  <testcase classname="ptolemy.util.test.junit.AutoTests" name="[43] /home/travis/build/icyphy/ptII/ptolemy/domains/modal/test/auto/Default2.xml (RunModel)" time="0.021" />
  <testcase classname="ptolemy.util.test.junit.AutoTests" name="[44] /home/travis/build/icyphy/ptII/ptolemy/domains/modal/test/auto/Default3.xml (RunModel)" time="0.024" />
  <testcase classname="ptolemy.util.test.junit.AutoTests" name="[45] /home/travis/build/icyphy/ptII/ptolemy/domains/modal/test/auto/Default4.xml (RunModel)" time="0.021" />
  <testcase classname="ptolemy.util.test.junit.AutoTests" name="[46] /home/travis/build/icyphy/ptII/ptolemy/domains/modal/test/auto/Default5.xml (RunModel)" time="0.034" />
  <testcase classname="ptolemy.util.test.junit.AutoTests" name="[47] /home/travis/build/icyphy/ptII/ptolemy/domains/modal/test/auto/EmptyGuard.xml (RunModel)" time="0.029" />
  <testcase classname="ptolemy.util.test.junit.AutoTests" name="[48] /home/travis/build/icyphy/ptII/ptolemy/domains/modal/test/auto/ErrorTransition1.xml (RunModel)" time="0.035" />
  <testcase classname="ptolemy.util.test.junit.AutoTests" name="[49] /home/travis/build/icyphy/ptII/ptolemy/domains/modal/test/auto/ErrorTransition10.xml (RunModel)" time="0.043" />
  <testcase classname="ptolemy.util.test.junit.AutoTests" name="[50] /home/travis/build/icyphy/ptII/ptolemy/domains/modal/test/auto/ErrorTransition11.xml (RunModel)" time="0.035" />
  <testcase classname="ptolemy.util.test.junit.AutoTests" name="[51] /home/travis/build/icyphy/ptII/ptolemy/domains/modal/test/auto/ErrorTransition2.xml (RunModel)" time="0.024" />
  <testcase classname="ptolemy.util.test.junit.AutoTests" name="[52] /home/travis/build/icyphy/ptII/ptolemy/domains/modal/test/auto/ErrorTransition3.xml (RunModel)" time="0.03" />
  <testcase classname="ptolemy.util.test.junit.AutoTests" name="[53] /home/travis/build/icyphy/ptII/ptolemy/domains/modal/test/auto/ErrorTransition4.xml (RunModel)" time="0.042" />
  <testcase classname="ptolemy.util.test.junit.AutoTests" name="[54] /home/travis/build/icyphy/ptII/ptolemy/domains/modal/test/auto/ErrorTransition5.xml (RunModel)" time="0.025" />
  <testcase classname="ptolemy.util.test.junit.AutoTests" name="[55] /home/travis/build/icyphy/ptII/ptolemy/domains/modal/test/auto/ErrorTransition6.xml (RunModel)" time="0.03" />
  <testcase classname="ptolemy.util.test.junit.AutoTests" name="[56] /home/travis/build/icyphy/ptII/ptolemy/domains/modal/test/auto/ErrorTransition7.xml (RunModel)" time="0.034" />
  <testcase classname="ptolemy.util.test.junit.AutoTests" name="[57] /home/travis/build/icyphy/ptII/ptolemy/domains/modal/test/auto/ErrorTransition8.xml (RunModel)" time="0.05" />
  <testcase classname="ptolemy.util.test.junit.AutoTests" name="[58] /home/travis/build/icyphy/ptII/ptolemy/domains/modal/test/auto/ErrorTransition9.xml (RunModel)" time="0.035" />
  <testcase classname="ptolemy.util.test.junit.AutoTests" name="[59] /home/travis/build/icyphy/ptII/ptolemy/domains/modal/test/auto/ExtendedFSM.xml (RunModel)" time="0.031" />
  <testcase classname="ptolemy.util.test.junit.AutoTests" name="[60] /home/travis/build/icyphy/ptII/ptolemy/domains/modal/test/auto/FinalStates.xml (RunModel)" time="0.022" />
  <testcase classname="ptolemy.util.test.junit.AutoTests" name="[61] /home/travis/build/icyphy/ptII/ptolemy/domains/modal/test/auto/FixedPointFSM.xml (RunModel)" time="0.046" />
  <testcase classname="ptolemy.util.test.junit.AutoTests" name="[62] /home/travis/build/icyphy/ptII/ptolemy/domains/modal/test/auto/FixedPointIterationFSMActor.xml (RunModel)" time="0.027" />
  <testcase classname="ptolemy.util.test.junit.AutoTests" name="[63] /home/travis/build/icyphy/ptII/ptolemy/domains/modal/test/auto/FixedPointIterationFSMActor2.xml (RunModel)" time="0.044" />
  <testcase classname="ptolemy.util.test.junit.AutoTests" name="[64] /home/travis/build/icyphy/ptII/ptolemy/domains/modal/test/auto/ForbiddenInstantanousLoop.xml (RunModel)" time="0.035" />
  <testcase classname="ptolemy.util.test.junit.AutoTests" name="[65] /home/travis/build/icyphy/ptII/ptolemy/domains/modal/test/auto/FunctionDependencyOfFSMActorTest.xml (RunModel)" time="0.029" />
  <testcase classname="ptolemy.util.test.junit.AutoTests" name="[66] /home/travis/build/icyphy/ptII/ptolemy/domains/modal/test/auto/GuardExpression.xml (RunModel)" time="0.021" />
  <testcase classname="ptolemy.util.test.junit.AutoTests" name="[67] /home/travis/build/icyphy/ptII/ptolemy/domains/modal/test/auto/GuardNotEvaluated.xml (RunModel)" time="0.026" />
  <testcase classname="ptolemy.util.test.junit.AutoTests" name="[68] /home/travis/build/icyphy/ptII/ptolemy/domains/modal/test/auto/GuardNotEvaluated2.xml (RunModel)" time="0.026" />
  <testcase classname="ptolemy.util.test.junit.AutoTests" name="[69] /home/travis/build/icyphy/ptII/ptolemy/domains/modal/test/auto/GuardOnAbsent.xml (RunModel)" time="0.019" />
  <testcase classname="ptolemy.util.test.junit.AutoTests" name="[70] /home/travis/build/icyphy/ptII/ptolemy/domains/modal/test/auto/HierarchicalFSMTypeInference.xml (RunModel)" time="0.025" />
  <testcase classname="ptolemy.util.test.junit.AutoTests" name="[71] /home/travis/build/icyphy/ptII/ptolemy/domains/modal/test/auto/Hysteresis.xml (RunModel)" time="0.036" />
  <testcase classname="ptolemy.util.test.junit.AutoTests" name="[72] /home/travis/build/icyphy/ptII/ptolemy/domains/modal/test/auto/HysteresisWithDefault.xml (RunModel)" time="0.054" />
  <testcase classname="ptolemy.util.test.junit.AutoTests" name="[73] /home/travis/build/icyphy/ptII/ptolemy/domains/modal/test/auto/HysteresisWithDefault2.xml (RunModel)" time="0.061" />
  <testcase classname="ptolemy.util.test.junit.AutoTests" name="[74] /home/travis/build/icyphy/ptII/ptolemy/domains/modal/test/auto/ImmediateNonConstructiveness.xml (RunModel)" time="0.018" />
  <testcase classname="ptolemy.util.test.junit.AutoTests" name="[75] /home/travis/build/icyphy/ptII/ptolemy/domains/modal/test/auto/ImmediateNonConstructiveness2.xml (RunModel)" time="0.017" />
  <testcase classname="ptolemy.util.test.junit.AutoTests" name="[76] /home/travis/build/icyphy/ptII/ptolemy/domains/modal/test/auto/ImmediateTransitionReset.xml (RunModel)" time="0.031" />
  <testcase classname="ptolemy.util.test.junit.AutoTests" name="[77] /home/travis/build/icyphy/ptII/ptolemy/domains/modal/test/auto/ImmediateTransitions1.xml (RunModel)" time="0.012" />
  <testcase classname="ptolemy.util.test.junit.AutoTests" name="[78] /home/travis/build/icyphy/ptII/ptolemy/domains/modal/test/auto/ImmediateTransitionsInstantaneousCommunication.xml (RunModel)" time="0.041" />
  <testcase classname="ptolemy.util.test.junit.AutoTests" name="[79] /home/travis/build/icyphy/ptII/ptolemy/domains/modal/test/auto/InitialImmediateTransition.xml (RunModel)" time="0.018" />
  <testcase classname="ptolemy.util.test.junit.AutoTests" name="[80] /home/travis/build/icyphy/ptII/ptolemy/domains/modal/test/auto/InitialOutputs.xml (RunModel)" time="0.016" />
  <testcase classname="ptolemy.util.test.junit.AutoTests" name="[81] /home/travis/build/icyphy/ptII/ptolemy/domains/modal/test/auto/InitialStateTransition1.xml (RunModel)" time="0.022" />
  <testcase classname="ptolemy.util.test.junit.AutoTests" name="[82] /home/travis/build/icyphy/ptII/ptolemy/domains/modal/test/auto/InitialStateTransition2.xml (RunModel)" time="0.027" />
  <testcase classname="ptolemy.util.test.junit.AutoTests" name="[83] /home/travis/build/icyphy/ptII/ptolemy/domains/modal/test/auto/InitialStateTransition3.xml (RunModel)" time="0.024" />
  <testcase classname="ptolemy.util.test.junit.AutoTests" name="[84] /home/travis/build/icyphy/ptII/ptolemy/domains/modal/test/auto/InitialStateTransition4.xml (RunModel)" time="0.032" />
  <testcase classname="ptolemy.util.test.junit.AutoTests" name="[85] /home/travis/build/icyphy/ptII/ptolemy/domains/modal/test/auto/MalformedGuardExpressionNotCaught.xml (RunModel)" time="0.023" />
  <testcase classname="ptolemy.util.test.junit.AutoTests" name="[86] /home/travis/build/icyphy/ptII/ptolemy/domains/modal/test/auto/ModalBSC.xml (RunModel)" time="0.087" />
  <testcase classname="ptolemy.util.test.junit.AutoTests" name="[87] /home/travis/build/icyphy/ptII/ptolemy/domains/modal/test/auto/ModalClocks.xml (RunModel)" time="0.084" />
  <testcase classname="ptolemy.util.test.junit.AutoTests" name="[88] /home/travis/build/icyphy/ptII/ptolemy/domains/modal/test/auto/ModalDelay.xml (RunModel)" time="0.05" />
  <testcase classname="ptolemy.util.test.junit.AutoTests" name="[89] /home/travis/build/icyphy/ptII/ptolemy/domains/modal/test/auto/ModalDelay2.xml (RunModel)" time="0.051" />
  <testcase classname="ptolemy.util.test.junit.AutoTests" name="[90] /home/travis/build/icyphy/ptII/ptolemy/domains/modal/test/auto/ModalModelFromMemo.xml (RunModel)" time="0.059" />
  <testcase classname="ptolemy.util.test.junit.AutoTests" name="[91] /home/travis/build/icyphy/ptII/ptolemy/domains/modal/test/auto/ModalModelWithMultirateTransient.xml (RunModel)" time="0.05" />
  <testcase classname="ptolemy.util.test.junit.AutoTests" name="[92] /home/travis/build/icyphy/ptII/ptolemy/domains/modal/test/auto/ModalModelWithReset.xml (RunModel)" time="0.054" />
  <testcase classname="ptolemy.util.test.junit.AutoTests" name="[93] /home/travis/build/icyphy/ptII/ptolemy/domains/modal/test/auto/MouseClickFSM.xml (RunModel)" time="0.042" />
  <testcase classname="ptolemy.util.test.junit.AutoTests" name="[94] /home/travis/build/icyphy/ptII/ptolemy/domains/modal/test/auto/MouseClickFSMModal.xml (RunModel)" time="0.032" />
  <testcase classname="ptolemy.util.test.junit.AutoTests" name="[95] /home/travis/build/icyphy/ptII/ptolemy/domains/modal/test/auto/NonStrictFSM_FeedbackLoop.xml (RunModel)" time="0.051" />
  <testcase classname="ptolemy.util.test.junit.AutoTests" name="[96] /home/travis/build/icyphy/ptII/ptolemy/domains/modal/test/auto/NonStrictFSM_FeedbackLoop_Refinement.xml (RunModel)" time="0.069" />
  <testcase classname="ptolemy.util.test.junit.AutoTests" name="[97] /home/travis/build/icyphy/ptII/ptolemy/domains/modal/test/auto/NonStrictFSM_FeedbackLoop_preemptive.xml (RunModel)" time="0.04" />
  <testcase classname="ptolemy.util.test.junit.AutoTests" name="[98] /home/travis/build/icyphy/ptII/ptolemy/domains/modal/test/auto/NormalTermination.xml (RunModel)" time="0.045" />
  <testcase classname="ptolemy.util.test.junit.AutoTests" name="[99] /home/travis/build/icyphy/ptII/ptolemy/domains/modal/test/auto/Pong.xml (RunModel)" time="0.047" />
  <testcase classname="ptolemy.util.test.junit.AutoTests" name="[100] /home/travis/build/icyphy/ptII/ptolemy/domains/modal/test/auto/Pong_test.xml (RunModel)" time="0.072" />
  <testcase classname="ptolemy.util.test.junit.AutoTests" name="[101] /home/travis/build/icyphy/ptII/ptolemy/domains/modal/test/auto/PreemptionHierarchy.xml (RunModel)" time="0.024" />
  <testcase classname="ptolemy.util.test.junit.AutoTests" name="[102] /home/travis/build/icyphy/ptII/ptolemy/domains/modal/test/auto/PreemptionHierarchy2.xml (RunModel)" time="0.029" />
  <testcase classname="ptolemy.util.test.junit.AutoTests" name="[103] /home/travis/build/icyphy/ptII/ptolemy/domains/modal/test/auto/PreemptiveTransition.xml (RunModel)" time="0.017" />
  <testcase classname="ptolemy.util.test.junit.AutoTests" name="[104] /home/travis/build/icyphy/ptII/ptolemy/domains/modal/test/auto/Priorities.xml (RunModel)" time="0.066" />
  <testcase classname="ptolemy.util.test.junit.AutoTests" name="[105] /home/travis/build/icyphy/ptII/ptolemy/domains/modal/test/auto/ResetFinal.xml (RunModel)" time="0.034" />
  <testcase classname="ptolemy.util.test.junit.AutoTests" name="[106] /home/travis/build/icyphy/ptII/ptolemy/domains/modal/test/auto/ResetFinal2.xml (RunModel)" time="0.027" />
  <testcase classname="ptolemy.util.test.junit.AutoTests" name="[107] /home/travis/build/icyphy/ptII/ptolemy/domains/modal/test/auto/ResetTransitionWithStartTime.xml (RunModel)" time="0.03" />
  <testcase classname="ptolemy.util.test.junit.AutoTests" name="[108] /home/travis/build/icyphy/ptII/ptolemy/domains/modal/test/auto/SDF-FSMComposite.xml (RunModel)" time="0.02" />
  <testcase classname="ptolemy.util.test.junit.AutoTests" name="[109] /home/travis/build/icyphy/ptII/ptolemy/domains/modal/test/auto/SeeminglyNondeterminate.xml (RunModel)" time="0.062" />
  <testcase classname="ptolemy.util.test.junit.AutoTests" name="[110] /home/travis/build/icyphy/ptII/ptolemy/domains/modal/test/auto/SeeminglyNondeterminate2.xml (RunModel)" time="0.067" />
  <testcase classname="ptolemy.util.test.junit.AutoTests" name="[111] /home/travis/build/icyphy/ptII/ptolemy/domains/modal/test/auto/SpontaneousFSM.xml (RunModel)" time="0.046" />
  <testcase classname="ptolemy.util.test.junit.AutoTests" name="[112] /home/travis/build/icyphy/ptII/ptolemy/domains/modal/test/auto/SpontaneousFSM2.xml (RunModel)" time="0.028" />
  <testcase classname="ptolemy.util.test.junit.AutoTests" name="[113] /home/travis/build/icyphy/ptII/ptolemy/domains/modal/test/auto/SpontaneousFSM3.xml (RunModel)" time="0.043" />
  <testcase classname="ptolemy.util.test.junit.AutoTests" name="[114] /home/travis/build/icyphy/ptII/ptolemy/domains/modal/test/auto/SpontaneousFSM4.xml (RunModel)" time="0.041" />
  <testcase classname="ptolemy.util.test.junit.AutoTests" name="[115] /home/travis/build/icyphy/ptII/ptolemy/domains/modal/test/auto/StateTrackerTest.xml (RunModel)" time="0.064" />
  <testcase classname="ptolemy.util.test.junit.AutoTests" name="[116] /home/travis/build/icyphy/ptII/ptolemy/domains/modal/test/auto/StrongImmediateTransition.xml (RunModel)" time="0.034" />
  <testcase classname="ptolemy.util.test.junit.AutoTests" name="[117] /home/travis/build/icyphy/ptII/ptolemy/domains/modal/test/auto/SustainHierarchy.xml (RunModel)" time="0.035" />
  <testcase classname="ptolemy.util.test.junit.AutoTests" name="[118] /home/travis/build/icyphy/ptII/ptolemy/domains/modal/test/auto/TerminationTransition1.xml (RunModel)" time="0.023" />
  <testcase classname="ptolemy.util.test.junit.AutoTests" name="[119] /home/travis/build/icyphy/ptII/ptolemy/domains/modal/test/auto/TerminationTransition2.xml (RunModel)" time="0.033" />
  <testcase classname="ptolemy.util.test.junit.AutoTests" name="[120] /home/travis/build/icyphy/ptII/ptolemy/domains/modal/test/auto/TerminationTransition3.xml (RunModel)" time="0.031" />
  <testcase classname="ptolemy.util.test.junit.AutoTests" name="[121] /home/travis/build/icyphy/ptII/ptolemy/domains/modal/test/auto/TerminationTransition4.xml (RunModel)" time="0.044" />
  <testcase classname="ptolemy.util.test.junit.AutoTests" name="[122] /home/travis/build/icyphy/ptII/ptolemy/domains/modal/test/auto/TerminationTransition5.xml (RunModel)" time="0.043" />
  <testcase classname="ptolemy.util.test.junit.AutoTests" name="[123] /home/travis/build/icyphy/ptII/ptolemy/domains/modal/test/auto/TerminationTransition6.xml (RunModel)" time="0.023" />
  <testcase classname="ptolemy.util.test.junit.AutoTests" name="[124] /home/travis/build/icyphy/ptII/ptolemy/domains/modal/test/auto/TerminationTransition7.xml (RunModel)" time="0.026" />
  <testcase classname="ptolemy.util.test.junit.AutoTests" name="[125] /home/travis/build/icyphy/ptII/ptolemy/domains/modal/test/auto/TerminationTransition8.xml (RunModel)" time="0.026" />
  <testcase classname="ptolemy.util.test.junit.AutoTests" name="[126] /home/travis/build/icyphy/ptII/ptolemy/domains/modal/test/auto/Thermostat_NoHysteresis.xml (RunModel)" time="0.056" />
  <testcase classname="ptolemy.util.test.junit.AutoTests" name="[127] /home/travis/build/icyphy/ptII/ptolemy/domains/modal/test/auto/TimedFSM.xml (RunModel)" time="0.031" />
  <testcase classname="ptolemy.util.test.junit.AutoTests" name="[128] /home/travis/build/icyphy/ptII/ptolemy/domains/modal/test/auto/Timeout1.xml (RunModel)" time="0.014" />
  <testcase classname="ptolemy.util.test.junit.AutoTests" name="[129] /home/travis/build/icyphy/ptII/ptolemy/domains/modal/test/auto/Timeout2.xml (RunModel)" time="0.019" />
  <testcase classname="ptolemy.util.test.junit.AutoTests" name="[130] /home/travis/build/icyphy/ptII/ptolemy/domains/modal/test/auto/Timeout3.xml (RunModel)" time="0.011" />
  <testcase classname="ptolemy.util.test.junit.AutoTests" name="[131] /home/travis/build/icyphy/ptII/ptolemy/domains/modal/test/auto/Timeout4.xml (RunModel)" time="0.014" />
  <testcase classname="ptolemy.util.test.junit.AutoTests" name="[132] /home/travis/build/icyphy/ptII/ptolemy/domains/modal/test/auto/TransientstateModelAdvanced.xml (RunModel)" time="0.031" />
  <testcase classname="ptolemy.util.test.junit.AutoTests" name="[133] /home/travis/build/icyphy/ptII/ptolemy/domains/modal/test/auto/TransientstateModelAdvanced2.xml (RunModel)" time="0.032" />
  <testcase classname="ptolemy.util.test.junit.AutoTests" name="[134] /home/travis/build/icyphy/ptII/ptolemy/domains/modal/test/auto/TransitionRefinements.xml (RunModel)" time="0.025" />
  <testcase classname="ptolemy.util.test.junit.AutoTests" name="[135] /home/travis/build/icyphy/ptII/ptolemy/domains/modal/test/auto/TwoRefinements1.xml (RunModel)" time="0.026" />
  <testcase classname="ptolemy.util.test.junit.AutoTests" name="[136] /home/travis/build/icyphy/ptII/ptolemy/domains/modal/test/auto/TwoRefinements2.xml (RunModel)" time="0.025" />
  <testcase classname="ptolemy.util.test.junit.AutoTests" name="[137] /home/travis/build/icyphy/ptII/ptolemy/domains/modal/test/auto/WeakImmediateTransition.xml (RunModel)" time="0.034" />
  <testcase classname="ptolemy.util.test.junit.AutoTests" name="[138] /home/travis/build/icyphy/ptII/ptolemy/domains/modal/test/auto/booleanSelect.xml (RunModel)" time="0.064" />
  <testcase classname="ptolemy.util.test.junit.AutoTests" name="[139] /home/travis/build/icyphy/ptII/ptolemy/domains/modal/test/auto/modalChangingParams.xml (RunModel)" time="0.217" />
  <testcase classname="ptolemy.util.test.junit.AutoTests" name="[140] /home/travis/build/icyphy/ptII/ptolemy/domains/modal/test/auto/modalModel.xml (RunModel)" time="0.021" />
  <testcase classname="ptolemy.util.test.junit.AutoTests" name="[141] /home/travis/build/icyphy/ptII/ptolemy/domains/modal/test/auto/modalModel2.xml (RunModel)" time="0.032" />
  <testcase classname="ptolemy.util.test.junit.AutoTests" name="[142] /home/travis/build/icyphy/ptII/ptolemy/domains/modal/test/auto/modalModel3.xml (RunModel)" time="0.044" />
  <testcase classname="ptolemy.util.test.junit.AutoTests" name="[143] /home/travis/build/icyphy/ptII/ptolemy/domains/modal/test/auto/model1.xml (RunModel)" time="0.018" />
  <testcase classname="ptolemy.util.test.junit.AutoTests" name="[144] /home/travis/build/icyphy/ptII/ptolemy/domains/modal/test/auto/test-direct-in-out.xml (RunModel)" time="0.02" />
  <system-out><![CDATA[/home/travis/build/icyphy/ptII/ptolemy/domains/modal/test/SystemLevelType.tcl
testDefs.tcl: setting time out to 9000 seconds at Wed Dec 12 03:11:31 UTC 2018
12/12/18 03:11:33
Failed: 0  Total Tests: 1  ((Passed: 1, Newly Passed: 0)  Known Failed: 0) /home/travis/build/icyphy/ptII/ptolemy/domains/modal/test
----------------- testing (KnownFailure) /home/travis/build/icyphy/ptII/ptolemy/domains/modal/test/auto/knownFailedTests/CannotAnalysisWithPreemption.xml
26 ms. Memory: 208384K Free: 185901K (89%)
Known Failure: java.lang.reflect.InvocationTargetException
No auto/linux-amd64/*.xml tests in /home/travis/build/icyphy/ptII/ptolemy/domains/modal/test
AutoTests.java: About to close Vertx.
AutoTests.java: Vertx closed.

===========================================================================================
----------------- testing Wed Dec 12 03:11:34 UTC 2018 /home/travis/build/icyphy/ptII/ptolemy/domains/modal/test/auto/ABPTest.xml
----------------- Instantiating /home/travis/build/icyphy/ptII/ptolemy/domains/modal/test/auto/ABPTest.xml
321 ms. Memory: 332288K Free: 291761K (88%)
----------------- Invoking toplevel() on ptolemy.moml.MoMLSimpleApplication@63402c67
----------------- Done invoking toplevel() on ptolemy.moml.MoMLSimpleApplication@63402c67
reloadAllAccessors: .ABPTest

===========================================================================================
----------------- testing Wed Dec 12 03:11:34 UTC 2018 /home/travis/build/icyphy/ptII/ptolemy/domains/modal/test/auto/ABROFlat.xml
----------------- Instantiating /home/travis/build/icyphy/ptII/ptolemy/domains/modal/test/auto/ABROFlat.xml
25 ms. Memory: 332288K Free: 269600K (81%)
----------------- Invoking toplevel() on ptolemy.moml.MoMLSimpleApplication@7b0d185e
----------------- Done invoking toplevel() on ptolemy.moml.MoMLSimpleApplication@7b0d185e
reloadAllAccessors: .ABROFlat

===========================================================================================
----------------- testing Wed Dec 12 03:11:35 UTC 2018 /home/travis/build/icyphy/ptII/ptolemy/domains/modal/test/auto/ABROFlat2.xml
----------------- Instantiating /home/travis/build/icyphy/ptII/ptolemy/domains/modal/test/auto/ABROFlat2.xml
14 ms. Memory: 332288K Free: 251690K (76%)
----------------- Invoking toplevel() on ptolemy.moml.MoMLSimpleApplication@3e0d4680
----------------- Done invoking toplevel() on ptolemy.moml.MoMLSimpleApplication@3e0d4680
reloadAllAccessors: .ABROFlat2

===========================================================================================
----------------- testing Wed Dec 12 03:11:35 UTC 2018 /home/travis/build/icyphy/ptII/ptolemy/domains/modal/test/auto/ABRO_present_hmm.xml
----------------- Instantiating /home/travis/build/icyphy/ptII/ptolemy/domains/modal/test/auto/ABRO_present_hmm.xml
38 ms. Memory: 332288K Free: 219126K (66%)
----------------- Invoking toplevel() on ptolemy.moml.MoMLSimpleApplication@276761a1
----------------- Done invoking toplevel() on ptolemy.moml.MoMLSimpleApplication@276761a1
reloadAllAccessors: .ABRO_present_hmm

===========================================================================================
----------------- testing Wed Dec 12 03:11:35 UTC 2018 /home/travis/build/icyphy/ptII/ptolemy/domains/modal/test/auto/AMICoderExample.xml
----------------- Instantiating /home/travis/build/icyphy/ptII/ptolemy/domains/modal/test/auto/AMICoderExample.xml
21 ms. Memory: 332288K Free: 207728K (63%)
----------------- Invoking toplevel() on ptolemy.moml.MoMLSimpleApplication@6a867f59
----------------- Done invoking toplevel() on ptolemy.moml.MoMLSimpleApplication@6a867f59
reloadAllAccessors: .AMICoderExample

===========================================================================================
----------------- testing Wed Dec 12 03:11:35 UTC 2018 /home/travis/build/icyphy/ptII/ptolemy/domains/modal/test/auto/AbsentToPresent.xml
----------------- Instantiating /home/travis/build/icyphy/ptII/ptolemy/domains/modal/test/auto/AbsentToPresent.xml
4 ms. Memory: 332288K Free: 197783K (60%)
----------------- Invoking toplevel() on ptolemy.moml.MoMLSimpleApplication@c0873d6
----------------- Done invoking toplevel() on ptolemy.moml.MoMLSimpleApplication@c0873d6
reloadAllAccessors: .AbsentToPresent

===========================================================================================
----------------- testing Wed Dec 12 03:11:35 UTC 2018 /home/travis/build/icyphy/ptII/ptolemy/domains/modal/test/auto/Blending.xml
----------------- Instantiating /home/travis/build/icyphy/ptII/ptolemy/domains/modal/test/auto/Blending.xml
133 ms. Memory: 332288K Free: 147310K (44%)
----------------- Invoking toplevel() on ptolemy.moml.MoMLSimpleApplication@400e773
----------------- Done invoking toplevel() on ptolemy.moml.MoMLSimpleApplication@400e773
reloadAllAccessors: .Blending

===========================================================================================
----------------- testing Wed Dec 12 03:11:35 UTC 2018 /home/travis/build/icyphy/ptII/ptolemy/domains/modal/test/auto/Broadcast.xml
----------------- Instantiating /home/travis/build/icyphy/ptII/ptolemy/domains/modal/test/auto/Broadcast.xml
10 ms. Memory: 332288K Free: 134284K (40%)
----------------- Invoking toplevel() on ptolemy.moml.MoMLSimpleApplication@581e22dd
----------------- Done invoking toplevel() on ptolemy.moml.MoMLSimpleApplication@581e22dd
reloadAllAccessors: .Broadcast

===========================================================================================
----------------- testing Wed Dec 12 03:11:35 UTC 2018 /home/travis/build/icyphy/ptII/ptolemy/domains/modal/test/auto/BroadcastHierarchy.xml
----------------- Instantiating /home/travis/build/icyphy/ptII/ptolemy/domains/modal/test/auto/BroadcastHierarchy.xml
19 ms. Memory: 332288K Free: 116374K (35%)
----------------- Invoking toplevel() on ptolemy.moml.MoMLSimpleApplication@6610b66
----------------- Done invoking toplevel() on ptolemy.moml.MoMLSimpleApplication@6610b66
reloadAllAccessors: .BroadcastHierarchy

===========================================================================================
----------------- testing Wed Dec 12 03:11:35 UTC 2018 /home/travis/build/icyphy/ptII/ptolemy/domains/modal/test/auto/BroadcastHierarchy2.xml
----------------- Instantiating /home/travis/build/icyphy/ptII/ptolemy/domains/modal/test/auto/BroadcastHierarchy2.xml
28 ms. Memory: 332288K Free: 80554K (24%)
----------------- Invoking toplevel() on ptolemy.moml.MoMLSimpleApplication@64284fd9
----------------- Done invoking toplevel() on ptolemy.moml.MoMLSimpleApplication@64284fd9
reloadAllAccessors: .BroadcastHierarchy2

===========================================================================================
----------------- testing Wed Dec 12 03:11:35 UTC 2018 /home/travis/build/icyphy/ptII/ptolemy/domains/modal/test/auto/BroadcastHierarchy3.xml
----------------- Instantiating /home/travis/build/icyphy/ptII/ptolemy/domains/modal/test/auto/BroadcastHierarchy3.xml
19 ms. Memory: 333824K Free: 298507K (89%)
----------------- Invoking toplevel() on ptolemy.moml.MoMLSimpleApplication@4e9e0eaa
----------------- Done invoking toplevel() on ptolemy.moml.MoMLSimpleApplication@4e9e0eaa
reloadAllAccessors: .BroadcastHierarchy3

===========================================================================================
----------------- testing Wed Dec 12 03:11:36 UTC 2018 /home/travis/build/icyphy/ptII/ptolemy/domains/modal/test/auto/BroadcastHierarchy4.xml
----------------- Instantiating /home/travis/build/icyphy/ptII/ptolemy/domains/modal/test/auto/BroadcastHierarchy4.xml
18 ms. Memory: 333824K Free: 263653K (79%)
----------------- Invoking toplevel() on ptolemy.moml.MoMLSimpleApplication@2986aad4
----------------- Done invoking toplevel() on ptolemy.moml.MoMLSimpleApplication@2986aad4
reloadAllAccessors: .BroadcastHierarchy4

===========================================================================================
----------------- testing Wed Dec 12 03:11:36 UTC 2018 /home/travis/build/icyphy/ptII/ptolemy/domains/modal/test/auto/CannotAnalysisWithPreemption2.xml
----------------- Instantiating /home/travis/build/icyphy/ptII/ptolemy/domains/modal/test/auto/CannotAnalysisWithPreemption2.xml
4 ms. Memory: 333824K Free: 253884K (76%)
----------------- Invoking toplevel() on ptolemy.moml.MoMLSimpleApplication@298bca7b
----------------- Done invoking toplevel() on ptolemy.moml.MoMLSimpleApplication@298bca7b
reloadAllAccessors: .CannotAnalysisWithPreemption2

===========================================================================================
----------------- testing Wed Dec 12 03:11:36 UTC 2018 /home/travis/build/icyphy/ptII/ptolemy/domains/modal/test/auto/CannotAnalysisWithPreemption3.xml
----------------- Instantiating /home/travis/build/icyphy/ptII/ptolemy/domains/modal/test/auto/CannotAnalysisWithPreemption3.xml
6 ms. Memory: 333824K Free: 240858K (72%)
----------------- Invoking toplevel() on ptolemy.moml.MoMLSimpleApplication@31d99be3
----------------- Done invoking toplevel() on ptolemy.moml.MoMLSimpleApplication@31d99be3
reloadAllAccessors: .CannotAnalysisWithPreemption3

===========================================================================================
----------------- testing Wed Dec 12 03:11:36 UTC 2018 /home/travis/build/icyphy/ptII/ptolemy/domains/modal/test/auto/CannotProduce.xml
----------------- Instantiating /home/travis/build/icyphy/ptII/ptolemy/domains/modal/test/auto/CannotProduce.xml
9 ms. Memory: 333824K Free: 232054K (70%)
----------------- Invoking toplevel() on ptolemy.moml.MoMLSimpleApplication@6007efbd
----------------- Done invoking toplevel() on ptolemy.moml.MoMLSimpleApplication@6007efbd
reloadAllAccessors: .CannotProduce

===========================================================================================
----------------- testing Wed Dec 12 03:11:36 UTC 2018 /home/travis/build/icyphy/ptII/ptolemy/domains/modal/test/auto/CannotProduceModal.xml
----------------- Instantiating /home/travis/build/icyphy/ptII/ptolemy/domains/modal/test/auto/CannotProduceModal.xml
7 ms. Memory: 333824K Free: 223913K (67%)
----------------- Invoking toplevel() on ptolemy.moml.MoMLSimpleApplication@79aa396c
----------------- Done invoking toplevel() on ptolemy.moml.MoMLSimpleApplication@79aa396c
reloadAllAccessors: .CannotProduceModal

===========================================================================================
----------------- testing Wed Dec 12 03:11:36 UTC 2018 /home/travis/build/icyphy/ptII/ptolemy/domains/modal/test/auto/Case.xml
----------------- Instantiating /home/travis/build/icyphy/ptII/ptolemy/domains/modal/test/auto/Case.xml
28 ms. Memory: 333824K Free: 210888K (63%)
----------------- Invoking toplevel() on ptolemy.moml.MoMLSimpleApplication@1ba6c333
----------------- Done invoking toplevel() on ptolemy.moml.MoMLSimpleApplication@1ba6c333
reloadAllAccessors: .Case

===========================================================================================
----------------- testing Wed Dec 12 03:11:36 UTC 2018 /home/travis/build/icyphy/ptII/ptolemy/domains/modal/test/auto/Case1.xml
----------------- Instantiating /home/travis/build/icyphy/ptII/ptolemy/domains/modal/test/auto/Case1.xml
12 ms. Memory: 333824K Free: 200457K (60%)
----------------- Invoking toplevel() on ptolemy.moml.MoMLSimpleApplication@401d4875
----------------- Done invoking toplevel() on ptolemy.moml.MoMLSimpleApplication@401d4875
reloadAllAccessors: .Case1

===========================================================================================
----------------- testing Wed Dec 12 03:11:36 UTC 2018 /home/travis/build/icyphy/ptII/ptolemy/domains/modal/test/auto/Case2.xml
----------------- Instantiating /home/travis/build/icyphy/ptII/ptolemy/domains/modal/test/auto/Case2.xml
15 ms. Memory: 333824K Free: 189059K (57%)
----------------- Invoking toplevel() on ptolemy.moml.MoMLSimpleApplication@df2fd81
----------------- Done invoking toplevel() on ptolemy.moml.MoMLSimpleApplication@df2fd81
reloadAllAccessors: .Case2

===========================================================================================
----------------- testing Wed Dec 12 03:11:36 UTC 2018 /home/travis/build/icyphy/ptII/ptolemy/domains/modal/test/auto/CausalityInterface1.xml
----------------- Instantiating /home/travis/build/icyphy/ptII/ptolemy/domains/modal/test/auto/CausalityInterface1.xml
2 ms. Memory: 333824K Free: 182547K (55%)
----------------- Invoking toplevel() on ptolemy.moml.MoMLSimpleApplication@569acf40
----------------- Done invoking toplevel() on ptolemy.moml.MoMLSimpleApplication@569acf40
reloadAllAccessors: .CausalityInterface1

===========================================================================================
----------------- testing Wed Dec 12 03:11:36 UTC 2018 /home/travis/build/icyphy/ptII/ptolemy/domains/modal/test/auto/CausalityInterface10.xml
----------------- Instantiating /home/travis/build/icyphy/ptII/ptolemy/domains/modal/test/auto/CausalityInterface10.xml
5 ms. Memory: 333824K Free: 163974K (49%)
----------------- Invoking toplevel() on ptolemy.moml.MoMLSimpleApplication@40f1e275
----------------- Done invoking toplevel() on ptolemy.moml.MoMLSimpleApplication@40f1e275
reloadAllAccessors: .CausalityInterface10

===========================================================================================
----------------- testing Wed Dec 12 03:11:36 UTC 2018 /home/travis/build/icyphy/ptII/ptolemy/domains/modal/test/auto/CausalityInterface11.xml
----------------- Instantiating /home/travis/build/icyphy/ptII/ptolemy/domains/modal/test/auto/CausalityInterface11.xml
6 ms. Memory: 333824K Free: 147692K (44%)
----------------- Invoking toplevel() on ptolemy.moml.MoMLSimpleApplication@40e2cdc7
----------------- Done invoking toplevel() on ptolemy.moml.MoMLSimpleApplication@40e2cdc7
reloadAllAccessors: .CausalityInterface11

===========================================================================================
----------------- testing Wed Dec 12 03:11:36 UTC 2018 /home/travis/build/icyphy/ptII/ptolemy/domains/modal/test/auto/CausalityInterface12.xml
----------------- Instantiating /home/travis/build/icyphy/ptII/ptolemy/domains/modal/test/auto/CausalityInterface12.xml
9 ms. Memory: 333824K Free: 131411K (39%)
----------------- Invoking toplevel() on ptolemy.moml.MoMLSimpleApplication@36d2ae24
----------------- Done invoking toplevel() on ptolemy.moml.MoMLSimpleApplication@36d2ae24
reloadAllAccessors: .CausalityInterface12

===========================================================================================
----------------- testing Wed Dec 12 03:11:36 UTC 2018 /home/travis/build/icyphy/ptII/ptolemy/domains/modal/test/auto/CausalityInterface13.xml
----------------- Instantiating /home/travis/build/icyphy/ptII/ptolemy/domains/modal/test/auto/CausalityInterface13.xml
11 ms. Memory: 333824K Free: 112838K (34%)
----------------- Invoking toplevel() on ptolemy.moml.MoMLSimpleApplication@49537c67
----------------- Done invoking toplevel() on ptolemy.moml.MoMLSimpleApplication@49537c67
reloadAllAccessors: .CausalityInterface13

===========================================================================================
----------------- testing Wed Dec 12 03:11:36 UTC 2018 /home/travis/build/icyphy/ptII/ptolemy/domains/modal/test/auto/CausalityInterface14.xml
----------------- Instantiating /home/travis/build/icyphy/ptII/ptolemy/domains/modal/test/auto/CausalityInterface14.xml
10 ms. Memory: 333824K Free: 96556K (29%)
----------------- Invoking toplevel() on ptolemy.moml.MoMLSimpleApplication@289fd679
----------------- Done invoking toplevel() on ptolemy.moml.MoMLSimpleApplication@289fd679
reloadAllAccessors: .CausalityInterface14

===========================================================================================
----------------- testing Wed Dec 12 03:11:36 UTC 2018 /home/travis/build/icyphy/ptII/ptolemy/domains/modal/test/auto/CausalityInterface2.xml
----------------- Instantiating /home/travis/build/icyphy/ptII/ptolemy/domains/modal/test/auto/CausalityInterface2.xml
2 ms. Memory: 333824K Free: 88415K (26%)
----------------- Invoking toplevel() on ptolemy.moml.MoMLSimpleApplication@4bcf4315
----------------- Done invoking toplevel() on ptolemy.moml.MoMLSimpleApplication@4bcf4315
reloadAllAccessors: .CausalityInterface2

===========================================================================================
----------------- testing Wed Dec 12 03:11:36 UTC 2018 /home/travis/build/icyphy/ptII/ptolemy/domains/modal/test/auto/CausalityInterface3.xml
----------------- Instantiating /home/travis/build/icyphy/ptII/ptolemy/domains/modal/test/auto/CausalityInterface3.xml
11 ms. Memory: 578560K Free: 567169K (98%)
----------------- Invoking toplevel() on ptolemy.moml.MoMLSimpleApplication@7a6725a
----------------- Done invoking toplevel() on ptolemy.moml.MoMLSimpleApplication@7a6725a
reloadAllAccessors: .CausalityInterface3

===========================================================================================
----------------- testing Wed Dec 12 03:11:36 UTC 2018 /home/travis/build/icyphy/ptII/ptolemy/domains/modal/test/auto/CausalityInterface4.xml
----------------- Instantiating /home/travis/build/icyphy/ptII/ptolemy/domains/modal/test/auto/CausalityInterface4.xml
5 ms. Memory: 578560K Free: 552262K (95%)
----------------- Invoking toplevel() on ptolemy.moml.MoMLSimpleApplication@77498cd2
----------------- Done invoking toplevel() on ptolemy.moml.MoMLSimpleApplication@77498cd2
reloadAllAccessors: .CausalityInterface4

===========================================================================================
----------------- testing Wed Dec 12 03:11:36 UTC 2018 /home/travis/build/icyphy/ptII/ptolemy/domains/modal/test/auto/CausalityInterface5.xml
----------------- Instantiating /home/travis/build/icyphy/ptII/ptolemy/domains/modal/test/auto/CausalityInterface5.xml
5 ms. Memory: 578560K Free: 540050K (93%)
----------------- Invoking toplevel() on ptolemy.moml.MoMLSimpleApplication@27c62692
----------------- Done invoking toplevel() on ptolemy.moml.MoMLSimpleApplication@27c62692
reloadAllAccessors: .CausalityInterface5

===========================================================================================
----------------- testing Wed Dec 12 03:11:36 UTC 2018 /home/travis/build/icyphy/ptII/ptolemy/domains/modal/test/auto/CausalityInterface6.xml
----------------- Instantiating /home/travis/build/icyphy/ptII/ptolemy/domains/modal/test/auto/CausalityInterface6.xml
7 ms. Memory: 578560K Free: 527839K (91%)
----------------- Invoking toplevel() on ptolemy.moml.MoMLSimpleApplication@70a6adb8
----------------- Done invoking toplevel() on ptolemy.moml.MoMLSimpleApplication@70a6adb8
reloadAllAccessors: .CausalityInterface6

===========================================================================================
----------------- testing Wed Dec 12 03:11:36 UTC 2018 /home/travis/build/icyphy/ptII/ptolemy/domains/modal/test/auto/CausalityInterface7.xml
----------------- Instantiating /home/travis/build/icyphy/ptII/ptolemy/domains/modal/test/auto/CausalityInterface7.xml
10 ms. Memory: 578560K Free: 515628K (89%)
----------------- Invoking toplevel() on ptolemy.moml.MoMLSimpleApplication@63b8badf
----------------- Done invoking toplevel() on ptolemy.moml.MoMLSimpleApplication@63b8badf
reloadAllAccessors: .CausalityInterface7

===========================================================================================
----------------- testing Wed Dec 12 03:11:36 UTC 2018 /home/travis/build/icyphy/ptII/ptolemy/domains/modal/test/auto/CausalityInterface8.xml
----------------- Instantiating /home/travis/build/icyphy/ptII/ptolemy/domains/modal/test/auto/CausalityInterface8.xml
8 ms. Memory: 578560K Free: 500275K (86%)
----------------- Invoking toplevel() on ptolemy.moml.MoMLSimpleApplication@24572b80
----------------- Done invoking toplevel() on ptolemy.moml.MoMLSimpleApplication@24572b80
reloadAllAccessors: .CausalityInterface8

===========================================================================================
----------------- testing Wed Dec 12 03:11:36 UTC 2018 /home/travis/build/icyphy/ptII/ptolemy/domains/modal/test/auto/CausalityInterface9.xml
----------------- Instantiating /home/travis/build/icyphy/ptII/ptolemy/domains/modal/test/auto/CausalityInterface9.xml
6 ms. Memory: 578560K Free: 488064K (84%)
----------------- Invoking toplevel() on ptolemy.moml.MoMLSimpleApplication@4154b8eb
----------------- Done invoking toplevel() on ptolemy.moml.MoMLSimpleApplication@4154b8eb
reloadAllAccessors: .CausalityInterface9

===========================================================================================
----------------- testing Wed Dec 12 03:11:37 UTC 2018 /home/travis/build/icyphy/ptII/ptolemy/domains/modal/test/auto/ChainedTransitions.xml
----------------- Instantiating /home/travis/build/icyphy/ptII/ptolemy/domains/modal/test/auto/ChainedTransitions.xml
93 ms. Memory: 578560K Free: 458757K (79%)
----------------- Invoking toplevel() on ptolemy.moml.MoMLSimpleApplication@5587946f
----------------- Done invoking toplevel() on ptolemy.moml.MoMLSimpleApplication@5587946f
reloadAllAccessors: .ChainedTransitions

===========================================================================================
----------------- testing Wed Dec 12 03:11:37 UTC 2018 /home/travis/build/icyphy/ptII/ptolemy/domains/modal/test/auto/CycleOfImmediateTransitionsFSM.xml
----------------- Instantiating /home/travis/build/icyphy/ptII/ptolemy/domains/modal/test/auto/CycleOfImmediateTransitionsFSM.xml
4 ms. Memory: 578560K Free: 448988K (78%)
----------------- Invoking toplevel() on ptolemy.moml.MoMLSimpleApplication@18c893d7
----------------- Done invoking toplevel() on ptolemy.moml.MoMLSimpleApplication@18c893d7
reloadAllAccessors: .CycleOfImmediateTransitionsFSM

===========================================================================================
----------------- testing Wed Dec 12 03:11:37 UTC 2018 /home/travis/build/icyphy/ptII/ptolemy/domains/modal/test/auto/CycleOfImmediateTransitionsModal.xml
----------------- Instantiating /home/travis/build/icyphy/ptII/ptolemy/domains/modal/test/auto/CycleOfImmediateTransitionsModal.xml
5 ms. Memory: 578560K Free: 436078K (75%)
----------------- Invoking toplevel() on ptolemy.moml.MoMLSimpleApplication@58d64e8f
----------------- Done invoking toplevel() on ptolemy.moml.MoMLSimpleApplication@58d64e8f
reloadAllAccessors: .CycleOfImmediateTransitionsModal

===========================================================================================
----------------- testing Wed Dec 12 03:11:37 UTC 2018 /home/travis/build/icyphy/ptII/ptolemy/domains/modal/test/auto/CycleOfImmediateTransitionsModal2.xml
----------------- Instantiating /home/travis/build/icyphy/ptII/ptolemy/domains/modal/test/auto/CycleOfImmediateTransitionsModal2.xml
2 ms. Memory: 578560K Free: 426309K (74%)
----------------- Invoking toplevel() on ptolemy.moml.MoMLSimpleApplication@5287d55b
----------------- Done invoking toplevel() on ptolemy.moml.MoMLSimpleApplication@5287d55b
reloadAllAccessors: .CycleOfImmediateTransitionsModal2

===========================================================================================
----------------- testing Wed Dec 12 03:11:37 UTC 2018 /home/travis/build/icyphy/ptII/ptolemy/domains/modal/test/auto/CycleOfImmediateTransitionsModal3.xml
----------------- Instantiating /home/travis/build/icyphy/ptII/ptolemy/domains/modal/test/auto/CycleOfImmediateTransitionsModal3.xml
11 ms. Memory: 578560K Free: 397002K (69%)
----------------- Invoking toplevel() on ptolemy.moml.MoMLSimpleApplication@7b00a724
----------------- Done invoking toplevel() on ptolemy.moml.MoMLSimpleApplication@7b00a724
reloadAllAccessors: .CycleOfImmediateTransitionsModal3

===========================================================================================
----------------- testing Wed Dec 12 03:11:37 UTC 2018 /home/travis/build/icyphy/ptII/ptolemy/domains/modal/test/auto/DeepModal1.xml
----------------- Instantiating /home/travis/build/icyphy/ptII/ptolemy/domains/modal/test/auto/DeepModal1.xml
15 ms. Memory: 578560K Free: 379906K (66%)
----------------- Invoking toplevel() on ptolemy.moml.MoMLSimpleApplication@3f75db37
----------------- Done invoking toplevel() on ptolemy.moml.MoMLSimpleApplication@3f75db37
reloadAllAccessors: .DeepModal1

===========================================================================================
----------------- testing Wed Dec 12 03:11:37 UTC 2018 /home/travis/build/icyphy/ptII/ptolemy/domains/modal/test/auto/DeepModal2.xml
----------------- Instantiating /home/travis/build/icyphy/ptII/ptolemy/domains/modal/test/auto/DeepModal2.xml
19 ms. Memory: 578560K Free: 354785K (61%)
----------------- Invoking toplevel() on ptolemy.moml.MoMLSimpleApplication@776ec0fa
----------------- Done invoking toplevel() on ptolemy.moml.MoMLSimpleApplication@776ec0fa
reloadAllAccessors: .DeepModal2

===========================================================================================
----------------- testing Wed Dec 12 03:11:37 UTC 2018 /home/travis/build/icyphy/ptII/ptolemy/domains/modal/test/auto/DeepModal3.xml
----------------- Instantiating /home/travis/build/icyphy/ptII/ptolemy/domains/modal/test/auto/DeepModal3.xml
30 ms. Memory: 578560K Free: 330362K (57%)
----------------- Invoking toplevel() on ptolemy.moml.MoMLSimpleApplication@98a58bf
----------------- Done invoking toplevel() on ptolemy.moml.MoMLSimpleApplication@98a58bf
reloadAllAccessors: .DeepModal3

===========================================================================================
----------------- testing Wed Dec 12 03:11:37 UTC 2018 /home/travis/build/icyphy/ptII/ptolemy/domains/modal/test/auto/DeepModal4.xml
----------------- Instantiating /home/travis/build/icyphy/ptII/ptolemy/domains/modal/test/auto/DeepModal4.xml
28 ms. Memory: 578560K Free: 308382K (53%)
----------------- Invoking toplevel() on ptolemy.moml.MoMLSimpleApplication@26dd91a8
----------------- Done invoking toplevel() on ptolemy.moml.MoMLSimpleApplication@26dd91a8
reloadAllAccessors: .DeepModal4

===========================================================================================
----------------- testing Wed Dec 12 03:11:37 UTC 2018 /home/travis/build/icyphy/ptII/ptolemy/domains/modal/test/auto/Default1.xml
----------------- Instantiating /home/travis/build/icyphy/ptII/ptolemy/domains/modal/test/auto/Default1.xml
2 ms. Memory: 578560K Free: 298613K (52%)
----------------- Invoking toplevel() on ptolemy.moml.MoMLSimpleApplication@cc85993
----------------- Done invoking toplevel() on ptolemy.moml.MoMLSimpleApplication@cc85993
reloadAllAccessors: .Default1

===========================================================================================
----------------- testing Wed Dec 12 03:11:37 UTC 2018 /home/travis/build/icyphy/ptII/ptolemy/domains/modal/test/auto/Default2.xml
----------------- Instantiating /home/travis/build/icyphy/ptII/ptolemy/domains/modal/test/auto/Default2.xml
2 ms. Memory: 578560K Free: 285703K (49%)
----------------- Invoking toplevel() on ptolemy.moml.MoMLSimpleApplication@7d47a44c
----------------- Done invoking toplevel() on ptolemy.moml.MoMLSimpleApplication@7d47a44c
reloadAllAccessors: .Default2

===========================================================================================
----------------- testing Wed Dec 12 03:11:37 UTC 2018 /home/travis/build/icyphy/ptII/ptolemy/domains/modal/test/auto/Default3.xml
----------------- Instantiating /home/travis/build/icyphy/ptII/ptolemy/domains/modal/test/auto/Default3.xml
3 ms. Memory: 578560K Free: 275934K (48%)
----------------- Invoking toplevel() on ptolemy.moml.MoMLSimpleApplication@2bf5ad2d
----------------- Done invoking toplevel() on ptolemy.moml.MoMLSimpleApplication@2bf5ad2d
reloadAllAccessors: .Default3

===========================================================================================
----------------- testing Wed Dec 12 03:11:37 UTC 2018 /home/travis/build/icyphy/ptII/ptolemy/domains/modal/test/auto/Default4.xml
----------------- Instantiating /home/travis/build/icyphy/ptII/ptolemy/domains/modal/test/auto/Default4.xml
3 ms. Memory: 578560K Free: 266165K (46%)
----------------- Invoking toplevel() on ptolemy.moml.MoMLSimpleApplication@61e242a5
----------------- Done invoking toplevel() on ptolemy.moml.MoMLSimpleApplication@61e242a5
reloadAllAccessors: .Default4

===========================================================================================
----------------- testing Wed Dec 12 03:11:37 UTC 2018 /home/travis/build/icyphy/ptII/ptolemy/domains/modal/test/auto/Default5.xml
----------------- Instantiating /home/travis/build/icyphy/ptII/ptolemy/domains/modal/test/auto/Default5.xml
12 ms. Memory: 578560K Free: 256396K (44%)
----------------- Invoking toplevel() on ptolemy.moml.MoMLSimpleApplication@75f1fda5
----------------- Done invoking toplevel() on ptolemy.moml.MoMLSimpleApplication@75f1fda5
reloadAllAccessors: .Default5

===========================================================================================
----------------- testing Wed Dec 12 03:11:37 UTC 2018 /home/travis/build/icyphy/ptII/ptolemy/domains/modal/test/auto/EmptyGuard.xml
----------------- Instantiating /home/travis/build/icyphy/ptII/ptolemy/domains/modal/test/auto/EmptyGuard.xml
7 ms. Memory: 578560K Free: 243487K (42%)
----------------- Invoking toplevel() on ptolemy.moml.MoMLSimpleApplication@6082ee9b
----------------- Done invoking toplevel() on ptolemy.moml.MoMLSimpleApplication@6082ee9b
reloadAllAccessors: .EmptyGuard

===========================================================================================
----------------- testing Wed Dec 12 03:11:37 UTC 2018 /home/travis/build/icyphy/ptII/ptolemy/domains/modal/test/auto/ErrorTransition1.xml
----------------- Instantiating /home/travis/build/icyphy/ptII/ptolemy/domains/modal/test/auto/ErrorTransition1.xml
10 ms. Memory: 578560K Free: 231275K (40%)
----------------- Invoking toplevel() on ptolemy.moml.MoMLSimpleApplication@6b9c9106
----------------- Done invoking toplevel() on ptolemy.moml.MoMLSimpleApplication@6b9c9106
reloadAllAccessors: .ErrorTransition1

===========================================================================================
----------------- testing Wed Dec 12 03:11:37 UTC 2018 /home/travis/build/icyphy/ptII/ptolemy/domains/modal/test/auto/ErrorTransition10.xml
----------------- Instantiating /home/travis/build/icyphy/ptII/ptolemy/domains/modal/test/auto/ErrorTransition10.xml
13 ms. Memory: 578560K Free: 214179K (37%)
----------------- Invoking toplevel() on ptolemy.moml.MoMLSimpleApplication@531bbe1e
----------------- Done invoking toplevel() on ptolemy.moml.MoMLSimpleApplication@531bbe1e
reloadAllAccessors: .ErrorTransition10

===========================================================================================
----------------- testing Wed Dec 12 03:11:37 UTC 2018 /home/travis/build/icyphy/ptII/ptolemy/domains/modal/test/auto/ErrorTransition11.xml
----------------- Instantiating /home/travis/build/icyphy/ptII/ptolemy/domains/modal/test/auto/ErrorTransition11.xml
4 ms. Memory: 578560K Free: 199526K (34%)
----------------- Invoking toplevel() on ptolemy.moml.MoMLSimpleApplication@78f08c7d
----------------- Done invoking toplevel() on ptolemy.moml.MoMLSimpleApplication@78f08c7d
reloadAllAccessors: .ErrorTransition11

===========================================================================================
----------------- testing Wed Dec 12 03:11:37 UTC 2018 /home/travis/build/icyphy/ptII/ptolemy/domains/modal/test/auto/ErrorTransition2.xml
----------------- Instantiating /home/travis/build/icyphy/ptII/ptolemy/domains/modal/test/auto/ErrorTransition2.xml
5 ms. Memory: 578560K Free: 189757K (33%)
----------------- Invoking toplevel() on ptolemy.moml.MoMLSimpleApplication@2678ec77
----------------- Done invoking toplevel() on ptolemy.moml.MoMLSimpleApplication@2678ec77
reloadAllAccessors: .ErrorTransition2

===========================================================================================
----------------- testing Wed Dec 12 03:11:37 UTC 2018 /home/travis/build/icyphy/ptII/ptolemy/domains/modal/test/auto/ErrorTransition3.xml
----------------- Instantiating /home/travis/build/icyphy/ptII/ptolemy/domains/modal/test/auto/ErrorTransition3.xml
9 ms. Memory: 578560K Free: 171962K (30%)
----------------- Invoking toplevel() on ptolemy.moml.MoMLSimpleApplication@143e99c5
----------------- Done invoking toplevel() on ptolemy.moml.MoMLSimpleApplication@143e99c5
reloadAllAccessors: .ErrorTransition3

===========================================================================================
----------------- testing Wed Dec 12 03:11:37 UTC 2018 /home/travis/build/icyphy/ptII/ptolemy/domains/modal/test/auto/ErrorTransition4.xml
----------------- Instantiating /home/travis/build/icyphy/ptII/ptolemy/domains/modal/test/auto/ErrorTransition4.xml
11 ms. Memory: 578560K Free: 159751K (28%)
----------------- Invoking toplevel() on ptolemy.moml.MoMLSimpleApplication@61d3e40
----------------- Done invoking toplevel() on ptolemy.moml.MoMLSimpleApplication@61d3e40
reloadAllAccessors: .ErrorTransition4

===========================================================================================
----------------- testing Wed Dec 12 03:11:37 UTC 2018 /home/travis/build/icyphy/ptII/ptolemy/domains/modal/test/auto/ErrorTransition5.xml
----------------- Instantiating /home/travis/build/icyphy/ptII/ptolemy/domains/modal/test/auto/ErrorTransition5.xml
6 ms. Memory: 578560K Free: 147540K (26%)
----------------- Invoking toplevel() on ptolemy.moml.MoMLSimpleApplication@628e18f9
----------------- Done invoking toplevel() on ptolemy.moml.MoMLSimpleApplication@628e18f9
reloadAllAccessors: .ErrorTransition5

===========================================================================================
----------------- testing Wed Dec 12 03:11:38 UTC 2018 /home/travis/build/icyphy/ptII/ptolemy/domains/modal/test/auto/ErrorTransition6.xml
----------------- Instantiating /home/travis/build/icyphy/ptII/ptolemy/domains/modal/test/auto/ErrorTransition6.xml
7 ms. Memory: 578560K Free: 135329K (23%)
----------------- Invoking toplevel() on ptolemy.moml.MoMLSimpleApplication@4ea7ed27
----------------- Done invoking toplevel() on ptolemy.moml.MoMLSimpleApplication@4ea7ed27
reloadAllAccessors: .ErrorTransition6

===========================================================================================
----------------- testing Wed Dec 12 03:11:38 UTC 2018 /home/travis/build/icyphy/ptII/ptolemy/domains/modal/test/auto/ErrorTransition7.xml
----------------- Instantiating /home/travis/build/icyphy/ptII/ptolemy/domains/modal/test/auto/ErrorTransition7.xml
9 ms. Memory: 578560K Free: 115092K (20%)
----------------- Invoking toplevel() on ptolemy.moml.MoMLSimpleApplication@1b77226d
----------------- Done invoking toplevel() on ptolemy.moml.MoMLSimpleApplication@1b77226d
reloadAllAccessors: .ErrorTransition7

===========================================================================================
----------------- testing Wed Dec 12 03:11:38 UTC 2018 /home/travis/build/icyphy/ptII/ptolemy/domains/modal/test/auto/ErrorTransition8.xml
----------------- Instantiating /home/travis/build/icyphy/ptII/ptolemy/domains/modal/test/auto/ErrorTransition8.xml
24 ms. Memory: 578560K Free: 97996K (17%)
----------------- Invoking toplevel() on ptolemy.moml.MoMLSimpleApplication@23fb13e
----------------- Done invoking toplevel() on ptolemy.moml.MoMLSimpleApplication@23fb13e
reloadAllAccessors: .ErrorTransition8

===========================================================================================
----------------- testing Wed Dec 12 03:11:38 UTC 2018 /home/travis/build/icyphy/ptII/ptolemy/domains/modal/test/auto/ErrorTransition9.xml
----------------- Instantiating /home/travis/build/icyphy/ptII/ptolemy/domains/modal/test/auto/ErrorTransition9.xml
7 ms. Memory: 578560K Free: 80900K (14%)
----------------- Invoking toplevel() on ptolemy.moml.MoMLSimpleApplication@569159d7
----------------- Done invoking toplevel() on ptolemy.moml.MoMLSimpleApplication@569159d7
reloadAllAccessors: .ErrorTransition9

===========================================================================================
----------------- testing Wed Dec 12 03:11:38 UTC 2018 /home/travis/build/icyphy/ptII/ptolemy/domains/modal/test/auto/ExtendedFSM.xml
----------------- Instantiating /home/travis/build/icyphy/ptII/ptolemy/domains/modal/test/auto/ExtendedFSM.xml
10 ms. Memory: 578560K Free: 558710K (97%)
----------------- Invoking toplevel() on ptolemy.moml.MoMLSimpleApplication@26d3c1bf
----------------- Done invoking toplevel() on ptolemy.moml.MoMLSimpleApplication@26d3c1bf
reloadAllAccessors: .ExtendedFSM

===========================================================================================
----------------- testing Wed Dec 12 03:11:38 UTC 2018 /home/travis/build/icyphy/ptII/ptolemy/domains/modal/test/auto/FinalStates.xml
----------------- Instantiating /home/travis/build/icyphy/ptII/ptolemy/domains/modal/test/auto/FinalStates.xml
6 ms. Memory: 578560K Free: 546745K (95%)
----------------- Invoking toplevel() on ptolemy.moml.MoMLSimpleApplication@6a7e1e30
----------------- Done invoking toplevel() on ptolemy.moml.MoMLSimpleApplication@6a7e1e30
reloadAllAccessors: .FinalStates

===========================================================================================
----------------- testing Wed Dec 12 03:11:38 UTC 2018 /home/travis/build/icyphy/ptII/ptolemy/domains/modal/test/auto/FixedPointFSM.xml
----------------- Instantiating /home/travis/build/icyphy/ptII/ptolemy/domains/modal/test/auto/FixedPointFSM.xml
18 ms. Memory: 578560K Free: 527050K (91%)
----------------- Invoking toplevel() on ptolemy.moml.MoMLSimpleApplication@1849f713
----------------- Done invoking toplevel() on ptolemy.moml.MoMLSimpleApplication@1849f713
reloadAllAccessors: .FixedPointFSM

===========================================================================================
----------------- testing Wed Dec 12 03:11:38 UTC 2018 /home/travis/build/icyphy/ptII/ptolemy/domains/modal/test/auto/FixedPointIterationFSMActor.xml
----------------- Instantiating /home/travis/build/icyphy/ptII/ptolemy/domains/modal/test/auto/FixedPointIterationFSMActor.xml
5 ms. Memory: 578560K Free: 511829K (88%)
----------------- Invoking toplevel() on ptolemy.moml.MoMLSimpleApplication@348df804
----------------- Done invoking toplevel() on ptolemy.moml.MoMLSimpleApplication@348df804
reloadAllAccessors: .FixedPointIterationFSMActor

===========================================================================================
----------------- testing Wed Dec 12 03:11:38 UTC 2018 /home/travis/build/icyphy/ptII/ptolemy/domains/modal/test/auto/FixedPointIterationFSMActor2.xml
----------------- Instantiating /home/travis/build/icyphy/ptII/ptolemy/domains/modal/test/auto/FixedPointIterationFSMActor2.xml
13 ms. Memory: 578560K Free: 495547K (86%)
----------------- Invoking toplevel() on ptolemy.moml.MoMLSimpleApplication@5eb79788
----------------- Done invoking toplevel() on ptolemy.moml.MoMLSimpleApplication@5eb79788
reloadAllAccessors: .FixedPointIterationFSMActor2

===========================================================================================
----------------- testing Wed Dec 12 03:11:38 UTC 2018 /home/travis/build/icyphy/ptII/ptolemy/domains/modal/test/auto/ForbiddenInstantanousLoop.xml
----------------- Instantiating /home/travis/build/icyphy/ptII/ptolemy/domains/modal/test/auto/ForbiddenInstantanousLoop.xml
5 ms. Memory: 578560K Free: 479265K (83%)
----------------- Invoking toplevel() on ptolemy.moml.MoMLSimpleApplication@288f76b9
----------------- Done invoking toplevel() on ptolemy.moml.MoMLSimpleApplication@288f76b9
reloadAllAccessors: .ForbiddenInstantanousLoop

===========================================================================================
----------------- testing Wed Dec 12 03:11:38 UTC 2018 /home/travis/build/icyphy/ptII/ptolemy/domains/modal/test/auto/FunctionDependencyOfFSMActorTest.xml
----------------- Instantiating /home/travis/build/icyphy/ptII/ptolemy/domains/modal/test/auto/FunctionDependencyOfFSMActorTest.xml
7 ms. Memory: 578560K Free: 467300K (81%)
----------------- Invoking toplevel() on ptolemy.moml.MoMLSimpleApplication@605ad9c2
----------------- Done invoking toplevel() on ptolemy.moml.MoMLSimpleApplication@605ad9c2
reloadAllAccessors: .FunctionDependencyOfFSMActorTest

===========================================================================================
----------------- testing Wed Dec 12 03:11:38 UTC 2018 /home/travis/build/icyphy/ptII/ptolemy/domains/modal/test/auto/GuardExpression.xml
----------------- Instantiating /home/travis/build/icyphy/ptII/ptolemy/domains/modal/test/auto/GuardExpression.xml
2 ms. Memory: 578560K Free: 457531K (79%)
----------------- Invoking toplevel() on ptolemy.moml.MoMLSimpleApplication@3ced4c95
----------------- Done invoking toplevel() on ptolemy.moml.MoMLSimpleApplication@3ced4c95
reloadAllAccessors: .GuardExpression

===========================================================================================
----------------- testing Wed Dec 12 03:11:38 UTC 2018 /home/travis/build/icyphy/ptII/ptolemy/domains/modal/test/auto/GuardNotEvaluated.xml
----------------- Instantiating /home/travis/build/icyphy/ptII/ptolemy/domains/modal/test/auto/GuardNotEvaluated.xml
4 ms. Memory: 578560K Free: 444506K (77%)
----------------- Invoking toplevel() on ptolemy.moml.MoMLSimpleApplication@ac87ce8
----------------- Done invoking toplevel() on ptolemy.moml.MoMLSimpleApplication@ac87ce8
reloadAllAccessors: .GuardNotEvaluated

===========================================================================================
----------------- testing Wed Dec 12 03:11:38 UTC 2018 /home/travis/build/icyphy/ptII/ptolemy/domains/modal/test/auto/GuardNotEvaluated2.xml
----------------- Instantiating /home/travis/build/icyphy/ptII/ptolemy/domains/modal/test/auto/GuardNotEvaluated2.xml
5 ms. Memory: 578560K Free: 429284K (74%)
----------------- Invoking toplevel() on ptolemy.moml.MoMLSimpleApplication@25ebdbcf
----------------- Done invoking toplevel() on ptolemy.moml.MoMLSimpleApplication@25ebdbcf
reloadAllAccessors: .GuardNotEvaluated2

===========================================================================================
----------------- testing Wed Dec 12 03:11:38 UTC 2018 /home/travis/build/icyphy/ptII/ptolemy/domains/modal/test/auto/GuardOnAbsent.xml
----------------- Instantiating /home/travis/build/icyphy/ptII/ptolemy/domains/modal/test/auto/GuardOnAbsent.xml
5 ms. Memory: 578560K Free: 419515K (73%)
----------------- Invoking toplevel() on ptolemy.moml.MoMLSimpleApplication@3a68b4b2
----------------- Done invoking toplevel() on ptolemy.moml.MoMLSimpleApplication@3a68b4b2
reloadAllAccessors: .GuardOnAbsent

===========================================================================================
----------------- testing Wed Dec 12 03:11:38 UTC 2018 /home/travis/build/icyphy/ptII/ptolemy/domains/modal/test/auto/HierarchicalFSMTypeInference.xml
----------------- Instantiating /home/travis/build/icyphy/ptII/ptolemy/domains/modal/test/auto/HierarchicalFSMTypeInference.xml
2 ms. Memory: 578560K Free: 403233K (70%)
----------------- Invoking toplevel() on ptolemy.moml.MoMLSimpleApplication@414de8d2
----------------- Done invoking toplevel() on ptolemy.moml.MoMLSimpleApplication@414de8d2
reloadAllAccessors: .HierarchicalFSMTypeInference

===========================================================================================
----------------- testing Wed Dec 12 03:11:38 UTC 2018 /home/travis/build/icyphy/ptII/ptolemy/domains/modal/test/auto/Hysteresis.xml
----------------- Instantiating /home/travis/build/icyphy/ptII/ptolemy/domains/modal/test/auto/Hysteresis.xml
8 ms. Memory: 578560K Free: 381499K (66%)
----------------- Invoking toplevel() on ptolemy.moml.MoMLSimpleApplication@4e691e62
----------------- Done invoking toplevel() on ptolemy.moml.MoMLSimpleApplication@4e691e62
reloadAllAccessors: .Hysteresis

===========================================================================================
----------------- testing Wed Dec 12 03:11:38 UTC 2018 /home/travis/build/icyphy/ptII/ptolemy/domains/modal/test/auto/HysteresisWithDefault.xml
----------------- Instantiating /home/travis/build/icyphy/ptII/ptolemy/domains/modal/test/auto/HysteresisWithDefault.xml
26 ms. Memory: 578560K Free: 355448K (61%)
----------------- Invoking toplevel() on ptolemy.moml.MoMLSimpleApplication@72ada178
----------------- Done invoking toplevel() on ptolemy.moml.MoMLSimpleApplication@72ada178
reloadAllAccessors: .HysteresisWithDefault

===========================================================================================
----------------- testing Wed Dec 12 03:11:38 UTC 2018 /home/travis/build/icyphy/ptII/ptolemy/domains/modal/test/auto/HysteresisWithDefault2.xml
----------------- Instantiating /home/travis/build/icyphy/ptII/ptolemy/domains/modal/test/auto/HysteresisWithDefault2.xml
34 ms. Memory: 578560K Free: 320689K (55%)
----------------- Invoking toplevel() on ptolemy.moml.MoMLSimpleApplication@5f6eaa6a
----------------- Done invoking toplevel() on ptolemy.moml.MoMLSimpleApplication@5f6eaa6a
reloadAllAccessors: .HysteresisWithDefault2

===========================================================================================
----------------- testing Wed Dec 12 03:11:38 UTC 2018 /home/travis/build/icyphy/ptII/ptolemy/domains/modal/test/auto/ImmediateNonConstructiveness.xml
----------------- Instantiating /home/travis/build/icyphy/ptII/ptolemy/domains/modal/test/auto/ImmediateNonConstructiveness.xml
4 ms. Memory: 578560K Free: 310920K (54%)
----------------- Invoking toplevel() on ptolemy.moml.MoMLSimpleApplication@747249d6
----------------- Done invoking toplevel() on ptolemy.moml.MoMLSimpleApplication@747249d6
reloadAllAccessors: .ImmediateNonConstructiveness

===========================================================================================
----------------- testing Wed Dec 12 03:11:38 UTC 2018 /home/travis/build/icyphy/ptII/ptolemy/domains/modal/test/auto/ImmediateNonConstructiveness2.xml
----------------- Instantiating /home/travis/build/icyphy/ptII/ptolemy/domains/modal/test/auto/ImmediateNonConstructiveness2.xml
2 ms. Memory: 578560K Free: 301151K (52%)
----------------- Invoking toplevel() on ptolemy.moml.MoMLSimpleApplication@5f33886e
----------------- Done invoking toplevel() on ptolemy.moml.MoMLSimpleApplication@5f33886e
reloadAllAccessors: .ImmediateNonConstructiveness2

===========================================================================================
----------------- testing Wed Dec 12 03:11:38 UTC 2018 /home/travis/build/icyphy/ptII/ptolemy/domains/modal/test/auto/ImmediateTransitionReset.xml
----------------- Instantiating /home/travis/build/icyphy/ptII/ptolemy/domains/modal/test/auto/ImmediateTransitionReset.xml
6 ms. Memory: 578560K Free: 282673K (49%)
----------------- Invoking toplevel() on ptolemy.moml.MoMLSimpleApplication@6effd42d
----------------- Done invoking toplevel() on ptolemy.moml.MoMLSimpleApplication@6effd42d
reloadAllAccessors: .ImmediateTransitionReset

===========================================================================================
----------------- testing Wed Dec 12 03:11:38 UTC 2018 /home/travis/build/icyphy/ptII/ptolemy/domains/modal/test/auto/ImmediateTransitions1.xml
----------------- Instantiating /home/travis/build/icyphy/ptII/ptolemy/domains/modal/test/auto/ImmediateTransitions1.xml
1 ms. Memory: 578560K Free: 272904K (47%)
----------------- Invoking toplevel() on ptolemy.moml.MoMLSimpleApplication@6d8773c8
----------------- Done invoking toplevel() on ptolemy.moml.MoMLSimpleApplication@6d8773c8
reloadAllAccessors: .ImmediateTransitions1

===========================================================================================
----------------- testing Wed Dec 12 03:11:38 UTC 2018 /home/travis/build/icyphy/ptII/ptolemy/domains/modal/test/auto/ImmediateTransitionsInstantaneousCommunication.xml
----------------- Instantiating /home/travis/build/icyphy/ptII/ptolemy/domains/modal/test/auto/ImmediateTransitionsInstantaneousCommunication.xml
4 ms. Memory: 578560K Free: 256622K (44%)
----------------- Invoking toplevel() on ptolemy.moml.MoMLSimpleApplication@330487c5
----------------- Done invoking toplevel() on ptolemy.moml.MoMLSimpleApplication@330487c5
reloadAllAccessors: .ImmediateTransitionsInstantaneousCommunication

===========================================================================================
----------------- testing Wed Dec 12 03:11:38 UTC 2018 /home/travis/build/icyphy/ptII/ptolemy/domains/modal/test/auto/InitialImmediateTransition.xml
----------------- Instantiating /home/travis/build/icyphy/ptII/ptolemy/domains/modal/test/auto/InitialImmediateTransition.xml
5 ms. Memory: 578560K Free: 244657K (42%)
----------------- Invoking toplevel() on ptolemy.moml.MoMLSimpleApplication@54be1e9f
----------------- Done invoking toplevel() on ptolemy.moml.MoMLSimpleApplication@54be1e9f
reloadAllAccessors: .InitialImmediateTransition

===========================================================================================
----------------- testing Wed Dec 12 03:11:38 UTC 2018 /home/travis/build/icyphy/ptII/ptolemy/domains/modal/test/auto/InitialOutputs.xml
----------------- Instantiating /home/travis/build/icyphy/ptII/ptolemy/domains/modal/test/auto/InitialOutputs.xml
2 ms. Memory: 578560K Free: 234888K (41%)
----------------- Invoking toplevel() on ptolemy.moml.MoMLSimpleApplication@545d98ef
----------------- Done invoking toplevel() on ptolemy.moml.MoMLSimpleApplication@545d98ef
reloadAllAccessors: .InitialOutputs

===========================================================================================
----------------- testing Wed Dec 12 03:11:38 UTC 2018 /home/travis/build/icyphy/ptII/ptolemy/domains/modal/test/auto/InitialStateTransition1.xml
----------------- Instantiating /home/travis/build/icyphy/ptII/ptolemy/domains/modal/test/auto/InitialStateTransition1.xml
3 ms. Memory: 578560K Free: 221863K (38%)
----------------- Invoking toplevel() on ptolemy.moml.MoMLSimpleApplication@5e38330f
----------------- Done invoking toplevel() on ptolemy.moml.MoMLSimpleApplication@5e38330f
reloadAllAccessors: .InitialStateTransition1

===========================================================================================
----------------- testing Wed Dec 12 03:11:38 UTC 2018 /home/travis/build/icyphy/ptII/ptolemy/domains/modal/test/auto/InitialStateTransition2.xml
----------------- Instantiating /home/travis/build/icyphy/ptII/ptolemy/domains/modal/test/auto/InitialStateTransition2.xml
.InitialStateTransition2.TestExceptionAttributeNonConstructive: initialize() was not invoked, but wrapup() was.  This is unusual, but not always a problem.  For example, exporting JNLP will do this.
1 ms. Memory: 578560K Free: 206641K (36%)
----------------- Invoking toplevel() on ptolemy.moml.MoMLSimpleApplication@71f720ac
----------------- Done invoking toplevel() on ptolemy.moml.MoMLSimpleApplication@71f720ac
reloadAllAccessors: .InitialStateTransition2

===========================================================================================
----------------- testing Wed Dec 12 03:11:38 UTC 2018 /home/travis/build/icyphy/ptII/ptolemy/domains/modal/test/auto/InitialStateTransition3.xml
----------------- Instantiating /home/travis/build/icyphy/ptII/ptolemy/domains/modal/test/auto/InitialStateTransition3.xml
4 ms. Memory: 578560K Free: 193616K (33%)
----------------- Invoking toplevel() on ptolemy.moml.MoMLSimpleApplication@711e21f2
----------------- Done invoking toplevel() on ptolemy.moml.MoMLSimpleApplication@711e21f2
reloadAllAccessors: .InitialStateTransition3

===========================================================================================
----------------- testing Wed Dec 12 03:11:38 UTC 2018 /home/travis/build/icyphy/ptII/ptolemy/domains/modal/test/auto/InitialStateTransition4.xml
----------------- Instantiating /home/travis/build/icyphy/ptII/ptolemy/domains/modal/test/auto/InitialStateTransition4.xml
4 ms. Memory: 578560K Free: 178386K (31%)
----------------- Invoking toplevel() on ptolemy.moml.MoMLSimpleApplication@236de01
----------------- Done invoking toplevel() on ptolemy.moml.MoMLSimpleApplication@236de01
[...]
----------------- Done invoking toplevel() on ptolemy.moml.MoMLSimpleApplication@28f88f5a
reloadAllAccessors: .TerminationTransition3

===========================================================================================
----------------- testing Wed Dec 12 03:11:40 UTC 2018 /home/travis/build/icyphy/ptII/ptolemy/domains/modal/test/auto/TerminationTransition4.xml
----------------- Instantiating /home/travis/build/icyphy/ptII/ptolemy/domains/modal/test/auto/TerminationTransition4.xml
7 ms. Memory: 872448K Free: 79888K (9%)
----------------- Invoking toplevel() on ptolemy.moml.MoMLSimpleApplication@4e93a8ae
----------------- Done invoking toplevel() on ptolemy.moml.MoMLSimpleApplication@4e93a8ae
reloadAllAccessors: .TerminationTransition4

===========================================================================================
----------------- testing Wed Dec 12 03:11:40 UTC 2018 /home/travis/build/icyphy/ptII/ptolemy/domains/modal/test/auto/TerminationTransition5.xml
----------------- Instantiating /home/travis/build/icyphy/ptII/ptolemy/domains/modal/test/auto/TerminationTransition5.xml
2 ms. Memory: 872448K Free: 840605K (96%)
----------------- Invoking toplevel() on ptolemy.moml.MoMLSimpleApplication@7580e624
----------------- Done invoking toplevel() on ptolemy.moml.MoMLSimpleApplication@7580e624
reloadAllAccessors: .TerminationTransition5

===========================================================================================
----------------- testing Wed Dec 12 03:11:40 UTC 2018 /home/travis/build/icyphy/ptII/ptolemy/domains/modal/test/auto/TerminationTransition6.xml
----------------- Instantiating /home/travis/build/icyphy/ptII/ptolemy/domains/modal/test/auto/TerminationTransition6.xml
1 ms. Memory: 872448K Free: 823092K (94%)
----------------- Invoking toplevel() on ptolemy.moml.MoMLSimpleApplication@37feec62
----------------- Done invoking toplevel() on ptolemy.moml.MoMLSimpleApplication@37feec62
reloadAllAccessors: .TerminationTransition6

===========================================================================================
----------------- testing Wed Dec 12 03:11:40 UTC 2018 /home/travis/build/icyphy/ptII/ptolemy/domains/modal/test/auto/TerminationTransition7.xml
----------------- Instantiating /home/travis/build/icyphy/ptII/ptolemy/domains/modal/test/auto/TerminationTransition7.xml
4 ms. Memory: 872448K Free: 807334K (93%)
----------------- Invoking toplevel() on ptolemy.moml.MoMLSimpleApplication@761f5c0b
----------------- Done invoking toplevel() on ptolemy.moml.MoMLSimpleApplication@761f5c0b
reloadAllAccessors: .TerminationTransition7

===========================================================================================
----------------- testing Wed Dec 12 03:11:40 UTC 2018 /home/travis/build/icyphy/ptII/ptolemy/domains/modal/test/auto/TerminationTransition8.xml
----------------- Instantiating /home/travis/build/icyphy/ptII/ptolemy/domains/modal/test/auto/TerminationTransition8.xml
2 ms. Memory: 872448K Free: 789821K (91%)
----------------- Invoking toplevel() on ptolemy.moml.MoMLSimpleApplication@7d6aeb5b
----------------- Done invoking toplevel() on ptolemy.moml.MoMLSimpleApplication@7d6aeb5b
reloadAllAccessors: .TerminationTransition8

===========================================================================================
----------------- testing Wed Dec 12 03:11:40 UTC 2018 /home/travis/build/icyphy/ptII/ptolemy/domains/modal/test/auto/Thermostat_NoHysteresis.xml
----------------- Instantiating /home/travis/build/icyphy/ptII/ptolemy/domains/modal/test/auto/Thermostat_NoHysteresis.xml
20 ms. Memory: 872448K Free: 758516K (87%)
----------------- Invoking toplevel() on ptolemy.moml.MoMLSimpleApplication@21126c71
----------------- Done invoking toplevel() on ptolemy.moml.MoMLSimpleApplication@21126c71
reloadAllAccessors: .Thermostat_NoHysteresis

===========================================================================================
----------------- testing Wed Dec 12 03:11:40 UTC 2018 /home/travis/build/icyphy/ptII/ptolemy/domains/modal/test/auto/TimedFSM.xml
----------------- Instantiating /home/travis/build/icyphy/ptII/ptolemy/domains/modal/test/auto/TimedFSM.xml
7 ms. Memory: 872448K Free: 741018K (85%)
----------------- Invoking toplevel() on ptolemy.moml.MoMLSimpleApplication@1a56e100
----------------- Done invoking toplevel() on ptolemy.moml.MoMLSimpleApplication@1a56e100
reloadAllAccessors: .TimedFSM

===========================================================================================
----------------- testing Wed Dec 12 03:11:40 UTC 2018 /home/travis/build/icyphy/ptII/ptolemy/domains/modal/test/auto/Timeout1.xml
----------------- Instantiating /home/travis/build/icyphy/ptII/ptolemy/domains/modal/test/auto/Timeout1.xml
2 ms. Memory: 872448K Free: 730594K (84%)
----------------- Invoking toplevel() on ptolemy.moml.MoMLSimpleApplication@4f5337ab
----------------- Done invoking toplevel() on ptolemy.moml.MoMLSimpleApplication@4f5337ab
reloadAllAccessors: .Timeout1

===========================================================================================
----------------- testing Wed Dec 12 03:11:41 UTC 2018 /home/travis/build/icyphy/ptII/ptolemy/domains/modal/test/auto/Timeout2.xml
----------------- Instantiating /home/travis/build/icyphy/ptII/ptolemy/domains/modal/test/auto/Timeout2.xml
4 ms. Memory: 872448K Free: 713081K (82%)
----------------- Invoking toplevel() on ptolemy.moml.MoMLSimpleApplication@34bc2fec
----------------- Done invoking toplevel() on ptolemy.moml.MoMLSimpleApplication@34bc2fec
reloadAllAccessors: .Timeout2

===========================================================================================
----------------- testing Wed Dec 12 03:11:41 UTC 2018 /home/travis/build/icyphy/ptII/ptolemy/domains/modal/test/auto/Timeout3.xml
----------------- Instantiating /home/travis/build/icyphy/ptII/ptolemy/domains/modal/test/auto/Timeout3.xml
1 ms. Memory: 872448K Free: 702656K (81%)
----------------- Invoking toplevel() on ptolemy.moml.MoMLSimpleApplication@325f8658
----------------- Done invoking toplevel() on ptolemy.moml.MoMLSimpleApplication@325f8658
reloadAllAccessors: .Timeout3

===========================================================================================
----------------- testing Wed Dec 12 03:11:41 UTC 2018 /home/travis/build/icyphy/ptII/ptolemy/domains/modal/test/auto/Timeout4.xml
----------------- Instantiating /home/travis/build/icyphy/ptII/ptolemy/domains/modal/test/auto/Timeout4.xml
3 ms. Memory: 872448K Free: 690371K (79%)
----------------- Invoking toplevel() on ptolemy.moml.MoMLSimpleApplication@35d0f678
----------------- Done invoking toplevel() on ptolemy.moml.MoMLSimpleApplication@35d0f678
reloadAllAccessors: .Timeout4

===========================================================================================
----------------- testing Wed Dec 12 03:11:41 UTC 2018 /home/travis/build/icyphy/ptII/ptolemy/domains/modal/test/auto/TransientstateModelAdvanced.xml
----------------- Instantiating /home/travis/build/icyphy/ptII/ptolemy/domains/modal/test/auto/TransientstateModelAdvanced.xml
3 ms. Memory: 872448K Free: 669506K (77%)
----------------- Invoking toplevel() on ptolemy.moml.MoMLSimpleApplication@4db37415
----------------- Done invoking toplevel() on ptolemy.moml.MoMLSimpleApplication@4db37415
reloadAllAccessors: .TransientstateModelAdvanced

===========================================================================================
----------------- testing Wed Dec 12 03:11:41 UTC 2018 /home/travis/build/icyphy/ptII/ptolemy/domains/modal/test/auto/TransientstateModelAdvanced2.xml
----------------- Instantiating /home/travis/build/icyphy/ptII/ptolemy/domains/modal/test/auto/TransientstateModelAdvanced2.xml
3 ms. Memory: 872448K Free: 646797K (74%)
----------------- Invoking toplevel() on ptolemy.moml.MoMLSimpleApplication@286dca35
----------------- Done invoking toplevel() on ptolemy.moml.MoMLSimpleApplication@286dca35
reloadAllAccessors: .transientstatemodelAdvanced

===========================================================================================
----------------- testing Wed Dec 12 03:11:41 UTC 2018 /home/travis/build/icyphy/ptII/ptolemy/domains/modal/test/auto/TransitionRefinements.xml
----------------- Instantiating /home/travis/build/icyphy/ptII/ptolemy/domains/modal/test/auto/TransitionRefinements.xml
5 ms. Memory: 872448K Free: 631160K (72%)
----------------- Invoking toplevel() on ptolemy.moml.MoMLSimpleApplication@c3d904a
----------------- Done invoking toplevel() on ptolemy.moml.MoMLSimpleApplication@c3d904a
reloadAllAccessors: .TransitionRefinements

===========================================================================================
----------------- testing Wed Dec 12 03:11:41 UTC 2018 /home/travis/build/icyphy/ptII/ptolemy/domains/modal/test/auto/TwoRefinements1.xml
----------------- Instantiating /home/travis/build/icyphy/ptII/ptolemy/domains/modal/test/auto/TwoRefinements1.xml
3 ms. Memory: 872448K Free: 613662K (70%)
----------------- Invoking toplevel() on ptolemy.moml.MoMLSimpleApplication@3eda5ce1
----------------- Done invoking toplevel() on ptolemy.moml.MoMLSimpleApplication@3eda5ce1
reloadAllAccessors: .TwoRefinements1

===========================================================================================
----------------- testing Wed Dec 12 03:11:41 UTC 2018 /home/travis/build/icyphy/ptII/ptolemy/domains/modal/test/auto/TwoRefinements2.xml
----------------- Instantiating /home/travis/build/icyphy/ptII/ptolemy/domains/modal/test/auto/TwoRefinements2.xml
2 ms. Memory: 872448K Free: 598025K (69%)
----------------- Invoking toplevel() on ptolemy.moml.MoMLSimpleApplication@297cd3b5
----------------- Done invoking toplevel() on ptolemy.moml.MoMLSimpleApplication@297cd3b5
reloadAllAccessors: .TwoRefinements2

===========================================================================================
----------------- testing Wed Dec 12 03:11:41 UTC 2018 /home/travis/build/icyphy/ptII/ptolemy/domains/modal/test/auto/WeakImmediateTransition.xml
----------------- Instantiating /home/travis/build/icyphy/ptII/ptolemy/domains/modal/test/auto/WeakImmediateTransition.xml
5 ms. Memory: 872448K Free: 580520K (67%)
----------------- Invoking toplevel() on ptolemy.moml.MoMLSimpleApplication@361153b5
----------------- Done invoking toplevel() on ptolemy.moml.MoMLSimpleApplication@361153b5
reloadAllAccessors: .WeakImmediateTransition

===========================================================================================
----------------- testing Wed Dec 12 03:11:41 UTC 2018 /home/travis/build/icyphy/ptII/ptolemy/domains/modal/test/auto/booleanSelect.xml
----------------- Instantiating /home/travis/build/icyphy/ptII/ptolemy/domains/modal/test/auto/booleanSelect.xml
35 ms. Memory: 872448K Free: 554419K (64%)
----------------- Invoking toplevel() on ptolemy.moml.MoMLSimpleApplication@49cd22f5
----------------- Done invoking toplevel() on ptolemy.moml.MoMLSimpleApplication@49cd22f5
reloadAllAccessors: .booleanSelect

===========================================================================================
----------------- testing Wed Dec 12 03:11:41 UTC 2018 /home/travis/build/icyphy/ptII/ptolemy/domains/modal/test/auto/modalChangingParams.xml
----------------- Instantiating /home/travis/build/icyphy/ptII/ptolemy/domains/modal/test/auto/modalChangingParams.xml
0
1
0
2
4
6
8
7
0
2
4
6
8
13
0
2
4
6
8
19
0
2
4
6
8
25
0
2
4
6
8
31
0
2
4
6
8
37
0
2
4
6
8
43
0
2
4
6
8
49
0
2
4
6
8
55
0
2
4
6
8
61
0
2
4
6
8
67
0
2
4
6
8
73
0
2
4
6
8
79
0
2
4
6
8
85
0
2
4
6
8
91
0
2
4
6
8
97
0
2
4
6
8
103
0
2
4
6
8
109
0
2
4
6
8
115
0
2
4
6
8
121
0
2
4
6
8
127
0
2
4
6
8
133
0
2
4
6
8
139
0
2
4
6
8
145
0
2
4
6
8
151
0
2
4
6
8
157
0
2
4
6
8
163
0
2
4
6
8
169
0
2
4
6
8
175
0
2
4
6
8
181
0
2
4
6
8
187
0
2
4
6
8
193
0
2
4
6
8
199
0
2
4
6
8
205
0
2
4
6
8
211
0
2
4
6
8
217
0
2
4
6
8
223
0
2
4
6
8
229
0
2
4
6
8
235
0
2
4
6
8
241
0
2
4
6
8
247
0
2
4
6
8
253
0
2
4
6
8
259
0
2
4
6
8
265
0
2
4
6
8
271
0
2
4
6
8
277
0
2
4
6
8
283
0
2
4
6
8
289
0
2
4
6
8
295
0
2
4
6
8
301
0
2
4
6
8
307
0
2
4
6
8
313
0
2
4
6
8
319
0
2
4
6
8
325
0
2
4
6
8
331
0
2
4
6
8
337
0
2
4
6
8
343
0
2
4
6
8
349
0
2
4
6
8
355
0
2
4
6
8
361
0
2
4
6
8
367
0
2
4
6
8
373
0
2
4
6
8
379
0
2
4
6
8
385
0
2
4
6
8
391
0
2
4
6
8
397
0
2
4
6
8
403
0
2
4
6
8
409
0
2
4
6
8
415
0
2
4
6
8
421
0
2
4
6
8
427
0
2
4
6
8
433
0
2
4
6
8
439
0
2
4
6
8
445
0
2
4
6
8
451
0
2
4
6
8
457
0
2
4
6
8
463
0
2
4
6
8
469
0
2
4
6
8
475
0
2
4
6
8
481
0
2
4
6
8
487
0
2
4
6
8
493
0
2
4
6
8
499
0
2
4
6
8
505
0
2
4
6
8
511
0
2
4
6
8
517
0
2
4
6
8
523
0
2
4
6
8
529
0
2
4
6
8
535
0
2
4
6
8
541
0
2
4
6
8
547
0
2
4
6
8
553
0
2
4
6
8
559
0
2
4
6
8
565
0
2
4
6
8
571
0
2
4
6
8
577
0
2
4
6
8
583
0
2
4
6
8
589
0
2
4
6
8
595
0
2
4
6
8
601
0
2
4
6
8
607
0
2
4
6
8
613
0
2
4
6
8
619
0
2
4
6
8
625
0
2
4
6
8
631
0
2
4
6
8
637
0
2
4
6
8
643
0
2
4
6
8
649
0
2
4
6
8
655
0
2
4
6
8
661
0
2
4
6
8
667
0
2
4
6
8
673
0
2
4
6
8
679
0
2
4
6
8
685
0
2
4
6
8
691
0
2
4
6
8
697
0
2
4
6
8
703
0
2
4
6
8
709
0
2
4
6
8
715
0
2
4
6
8
721
0
2
4
6
8
727
0
2
4
6
8
733
0
2
4
6
8
739
0
2
4
6
8
745
0
2
4
6
8
751
0
2
4
6
8
757
0
2
4
6
8
763
0
2
4
6
8
769
0
2
4
6
8
775
0
2
4
6
8
781
0
2
4
6
8
787
0
2
4
6
8
793
0
2
4
6
8
799
0
2
4
6
8
805
0
2
4
6
8
811
0
2
4
6
8
817
0
2
4
6
8
823
0
2
4
6
8
829
0
2
4
6
8
835
0
2
4
6
8
841
0
2
4
6
8
847
0
2
4
6
8
853
0
2
4
6
8
859
0
2
4
6
8
865
0
2
4
6
8
871
0
2
4
6
8
877
0
2
4
6
8
883
0
2
4
6
8
889
0
2
4
6
8
895
0
2
4
6
8
901
0
2
4
6
8
907
0
2
4
6
8
913
0
2
4
6
8
919
0
2
4
6
8
925
0
2
4
6
8
931
0
2
4
6
8
937
0
2
4
6
8
943
0
2
4
6
8
949
0
2
4
6
8
955
0
2
4
6
8
961
0
2
4
6
8
967
0
2
4
6
8
973
0
2
4
6
8
979
0
2
4
6
8
985
0
2
4
6
8
991
0
2
4
6
8
997
0
2
190 ms. Memory: 872448K Free: 437698K (50%)
----------------- Invoking toplevel() on ptolemy.moml.MoMLSimpleApplication@7e913501
----------------- Done invoking toplevel() on ptolemy.moml.MoMLSimpleApplication@7e913501
reloadAllAccessors: .modalChangingParams

===========================================================================================
----------------- testing Wed Dec 12 03:11:41 UTC 2018 /home/travis/build/icyphy/ptII/ptolemy/domains/modal/test/auto/modalModel.xml
----------------- Instantiating /home/travis/build/icyphy/ptII/ptolemy/domains/modal/test/auto/modalModel.xml
5 ms. Memory: 872448K Free: 422046K (48%)
----------------- Invoking toplevel() on ptolemy.moml.MoMLSimpleApplication@34f4036f
----------------- Done invoking toplevel() on ptolemy.moml.MoMLSimpleApplication@34f4036f
reloadAllAccessors: .modalModel

===========================================================================================
----------------- testing Wed Dec 12 03:11:41 UTC 2018 /home/travis/build/icyphy/ptII/ptolemy/domains/modal/test/auto/modalModel2.xml
----------------- Instantiating /home/travis/build/icyphy/ptII/ptolemy/domains/modal/test/auto/modalModel2.xml
11 ms. Memory: 872448K Free: 406409K (47%)
----------------- Invoking toplevel() on ptolemy.moml.MoMLSimpleApplication@67bee26d
----------------- Done invoking toplevel() on ptolemy.moml.MoMLSimpleApplication@67bee26d
reloadAllAccessors: .modalModel2

===========================================================================================
----------------- testing Wed Dec 12 03:11:41 UTC 2018 /home/travis/build/icyphy/ptII/ptolemy/domains/modal/test/auto/modalModel3.xml
----------------- Instantiating /home/travis/build/icyphy/ptII/ptolemy/domains/modal/test/auto/modalModel3.xml
0	0	0
3	2	1
6	4	2
9	6	3
4	0	4
7	2	5
10	4	6
13	6	7
8	0	8
11	2	9
14	4	10
17	6	11
12	0	12
15	2	13
18	4	14
16 ms. Memory: 872448K Free: 383684K (44%)
----------------- Invoking toplevel() on ptolemy.moml.MoMLSimpleApplication@17a6eca3
----------------- Done invoking toplevel() on ptolemy.moml.MoMLSimpleApplication@17a6eca3
reloadAllAccessors: .modalModel3

===========================================================================================
----------------- testing Wed Dec 12 03:11:41 UTC 2018 /home/travis/build/icyphy/ptII/ptolemy/domains/modal/test/auto/model1.xml
----------------- Instantiating /home/travis/build/icyphy/ptII/ptolemy/domains/modal/test/auto/model1.xml
10 ms. Memory: 872448K Free: 373259K (43%)
----------------- Invoking toplevel() on ptolemy.moml.MoMLSimpleApplication@423e2c82
----------------- Done invoking toplevel() on ptolemy.moml.MoMLSimpleApplication@423e2c82
reloadAllAccessors: .model1

===========================================================================================
----------------- testing Wed Dec 12 03:11:41 UTC 2018 /home/travis/build/icyphy/ptII/ptolemy/domains/modal/test/auto/test-direct-in-out.xml
----------------- Instantiating /home/travis/build/icyphy/ptII/ptolemy/domains/modal/test/auto/test-direct-in-out.xml
5 ms. Memory: 872448K Free: 355746K (41%)
----------------- Invoking toplevel() on ptolemy.moml.MoMLSimpleApplication@322b1b90
----------------- Done invoking toplevel() on ptolemy.moml.MoMLSimpleApplication@322b1b90
reloadAllAccessors: .test-direct-in-out
AutoTests.java: About to close Vertx.
AutoTests.java: Vertx closed.
]]></system-out>
  <system-err><![CDATA[java.lang.RuntimeException: Execution failed
	at ptolemy.moml.MoMLSimpleApplication$UnloadThread.run(MoMLSimpleApplication.java:402)
Caused by: ptolemy.kernel.util.IllegalActionException: Unknown inputs remain. Possible causality loop:
L_model_1893289564i

  in .CannotAnalysisWithPreemption.model_1893289564_region_1 and .CannotAnalysisWithPreemption.model_1893289564_region_1.L_model_1893289564i
	at ptolemy.actor.sched.FixedPointDirector.postfire(FixedPointDirector.java:515)
	at ptolemy.domains.sr.kernel.SRDirector.postfire(SRDirector.java:417)
	at ptolemy.actor.CompositeActor.postfire(CompositeActor.java:1668)
	at ptolemy.actor.Manager.iterate(Manager.java:852)
	at ptolemy.actor.Manager.execute(Manager.java:369)
	at ptolemy.actor.Manager.run(Manager.java:1263)
	at ptolemy.actor.Manager$PtolemyRunThread.run(Manager.java:1915)
java.lang.reflect.InvocationTargetException
	at sun.reflect.NativeConstructorAccessorImpl.newInstance0(Native Method)
	at sun.reflect.NativeConstructorAccessorImpl.newInstance(NativeConstructorAccessorImpl.java:62)
	at sun.reflect.DelegatingConstructorAccessorImpl.newInstance(DelegatingConstructorAccessorImpl.java:45)
	at java.lang.reflect.Constructor.newInstance(Constructor.java:423)
	at ptolemy.util.test.junit.AutoKnownFailedTests.RunModel(AutoKnownFailedTests.java:105)
	at sun.reflect.NativeMethodAccessorImpl.invoke0(Native Method)
	at sun.reflect.NativeMethodAccessorImpl.invoke(NativeMethodAccessorImpl.java:62)
	at sun.reflect.DelegatingMethodAccessorImpl.invoke(DelegatingMethodAccessorImpl.java:43)
	at java.lang.reflect.Method.invoke(Method.java:498)
	at org.junit.runners.model.FrameworkMethod$1.runReflectiveCall(FrameworkMethod.java:44)
	at org.junit.internal.runners.model.ReflectiveCallable.run(ReflectiveCallable.java:15)
	at org.junit.runners.model.FrameworkMethod.invokeExplosively(FrameworkMethod.java:41)
	at junitparams.internal.InvokeParameterisedMethod.evaluate(InvokeParameterisedMethod.java:102)
	at org.junit.internal.runners.statements.FailOnTimeout$1.run(FailOnTimeout.java:28)
Caused by: ptolemy.kernel.util.IllegalActionException: Unknown inputs remain. Possible causality loop:
L_model_1893289564i

  in .CannotAnalysisWithPreemption.model_1893289564_region_1 and .CannotAnalysisWithPreemption.model_1893289564_region_1.L_model_1893289564i
	at ptolemy.actor.sched.FixedPointDirector.postfire(FixedPointDirector.java:515)
	at ptolemy.domains.sr.kernel.SRDirector.postfire(SRDirector.java:417)
	at ptolemy.actor.CompositeActor.postfire(CompositeActor.java:1668)
	at ptolemy.actor.Manager.iterate(Manager.java:852)
	at ptolemy.actor.Manager.execute(Manager.java:369)
	at ptolemy.actor.Manager.run(Manager.java:1263)
	at ptolemy.actor.Manager$PtolemyRunThread.run(Manager.java:1915)
]]></system-err>
</testsuite>
