<?xml version="1.0" encoding="UTF-8" ?>
<testsuite errors="0" failures="0" hostname="travis-job-1d93bd47-1085-42ae-9ca3-ec9e7c7ec909" name="ptolemy.domains.modal.test.junit.JUnitTclTest" skipped="0" tests="148" time="10.661" timestamp="2020-09-27T15:57:45">
  <properties>
[...]
</properties>
  <testcase classname="ptolemy.util.test.junit.TclTests" name="[0] /home/travis/build/icyphy/ptII/ptolemy/domains/modal/test/SystemLevelType.tcl (RunTclFile)" time="1.777" />
  <testcase classname="ptolemy.util.test.junit.AutoKnownFailedTests" name="[0] /home/travis/build/icyphy/ptII/ptolemy/domains/modal/test/auto/knownFailedTests/CannotAnalysisWithPreemption.xml (RunModel)" time="0.323" />
  <testcase classname="ptolemy.util.test.junit.AutoNameArchTests" name="[0] ThereAreNoAutoArchTests (RunModel)" time="0.007" />
  <testcase classname="ptolemy.util.test.junit.AutoTests" name="[0] /home/travis/build/icyphy/ptII/ptolemy/domains/modal/test/auto/ABPTest.xml (RunModel)" time="0.724" />
  <testcase classname="ptolemy.util.test.junit.AutoTests" name="[1] /home/travis/build/icyphy/ptII/ptolemy/domains/modal/test/auto/ABROFlat.xml (RunModel)" time="0.094" />
  <testcase classname="ptolemy.util.test.junit.AutoTests" name="[2] /home/travis/build/icyphy/ptII/ptolemy/domains/modal/test/auto/ABROFlat2.xml (RunModel)" time="0.082" />
  <testcase classname="ptolemy.util.test.junit.AutoTests" name="[3] /home/travis/build/icyphy/ptII/ptolemy/domains/modal/test/auto/ABRO_present_hmm.xml (RunModel)" time="0.154" />
  <testcase classname="ptolemy.util.test.junit.AutoTests" name="[4] /home/travis/build/icyphy/ptII/ptolemy/domains/modal/test/auto/AMICoderExample.xml (RunModel)" time="0.084" />
  <testcase classname="ptolemy.util.test.junit.AutoTests" name="[5] /home/travis/build/icyphy/ptII/ptolemy/domains/modal/test/auto/AbsentToPresent.xml (RunModel)" time="0.032" />
  <testcase classname="ptolemy.util.test.junit.AutoTests" name="[6] /home/travis/build/icyphy/ptII/ptolemy/domains/modal/test/auto/Blending.xml (RunModel)" time="0.346" />
  <testcase classname="ptolemy.util.test.junit.AutoTests" name="[7] /home/travis/build/icyphy/ptII/ptolemy/domains/modal/test/auto/Broadcast.xml (RunModel)" time="0.043" />
  <testcase classname="ptolemy.util.test.junit.AutoTests" name="[8] /home/travis/build/icyphy/ptII/ptolemy/domains/modal/test/auto/BroadcastHierarchy.xml (RunModel)" time="0.07" />
  <testcase classname="ptolemy.util.test.junit.AutoTests" name="[9] /home/travis/build/icyphy/ptII/ptolemy/domains/modal/test/auto/BroadcastHierarchy2.xml (RunModel)" time="0.129" />
  <testcase classname="ptolemy.util.test.junit.AutoTests" name="[10] /home/travis/build/icyphy/ptII/ptolemy/domains/modal/test/auto/BroadcastHierarchy3.xml (RunModel)" time="0.089" />
  <testcase classname="ptolemy.util.test.junit.AutoTests" name="[11] /home/travis/build/icyphy/ptII/ptolemy/domains/modal/test/auto/BroadcastHierarchy4.xml (RunModel)" time="0.094" />
  <testcase classname="ptolemy.util.test.junit.AutoTests" name="[12] /home/travis/build/icyphy/ptII/ptolemy/domains/modal/test/auto/CannotAnalysisWithPreemption2.xml (RunModel)" time="0.031" />
  <testcase classname="ptolemy.util.test.junit.AutoTests" name="[13] /home/travis/build/icyphy/ptII/ptolemy/domains/modal/test/auto/CannotAnalysisWithPreemption3.xml (RunModel)" time="0.062" />
  <testcase classname="ptolemy.util.test.junit.AutoTests" name="[14] /home/travis/build/icyphy/ptII/ptolemy/domains/modal/test/auto/CannotProduce.xml (RunModel)" time="0.04" />
  <testcase classname="ptolemy.util.test.junit.AutoTests" name="[15] /home/travis/build/icyphy/ptII/ptolemy/domains/modal/test/auto/CannotProduceModal.xml (RunModel)" time="0.031" />
  <testcase classname="ptolemy.util.test.junit.AutoTests" name="[16] /home/travis/build/icyphy/ptII/ptolemy/domains/modal/test/auto/Case.xml (RunModel)" time="0.079" />
  <testcase classname="ptolemy.util.test.junit.AutoTests" name="[17] /home/travis/build/icyphy/ptII/ptolemy/domains/modal/test/auto/Case1.xml (RunModel)" time="0.031" />
  <testcase classname="ptolemy.util.test.junit.AutoTests" name="[18] /home/travis/build/icyphy/ptII/ptolemy/domains/modal/test/auto/Case2.xml (RunModel)" time="0.044" />
  <testcase classname="ptolemy.util.test.junit.AutoTests" name="[19] /home/travis/build/icyphy/ptII/ptolemy/domains/modal/test/auto/CausalityInterface1.xml (RunModel)" time="0.023" />
  <testcase classname="ptolemy.util.test.junit.AutoTests" name="[20] /home/travis/build/icyphy/ptII/ptolemy/domains/modal/test/auto/CausalityInterface10.xml (RunModel)" time="0.065" />
  <testcase classname="ptolemy.util.test.junit.AutoTests" name="[21] /home/travis/build/icyphy/ptII/ptolemy/domains/modal/test/auto/CausalityInterface11.xml (RunModel)" time="0.056" />
  <testcase classname="ptolemy.util.test.junit.AutoTests" name="[22] /home/travis/build/icyphy/ptII/ptolemy/domains/modal/test/auto/CausalityInterface12.xml (RunModel)" time="0.067" />
  <testcase classname="ptolemy.util.test.junit.AutoTests" name="[23] /home/travis/build/icyphy/ptII/ptolemy/domains/modal/test/auto/CausalityInterface13.xml (RunModel)" time="0.047" />
  <testcase classname="ptolemy.util.test.junit.AutoTests" name="[24] /home/travis/build/icyphy/ptII/ptolemy/domains/modal/test/auto/CausalityInterface14.xml (RunModel)" time="0.054" />
  <testcase classname="ptolemy.util.test.junit.AutoTests" name="[25] /home/travis/build/icyphy/ptII/ptolemy/domains/modal/test/auto/CausalityInterface2.xml (RunModel)" time="0.034" />
  <testcase classname="ptolemy.util.test.junit.AutoTests" name="[26] /home/travis/build/icyphy/ptII/ptolemy/domains/modal/test/auto/CausalityInterface3.xml (RunModel)" time="0.028" />
  <testcase classname="ptolemy.util.test.junit.AutoTests" name="[27] /home/travis/build/icyphy/ptII/ptolemy/domains/modal/test/auto/CausalityInterface4.xml (RunModel)" time="0.026" />
  <testcase classname="ptolemy.util.test.junit.AutoTests" name="[28] /home/travis/build/icyphy/ptII/ptolemy/domains/modal/test/auto/CausalityInterface5.xml (RunModel)" time="0.034" />
  <testcase classname="ptolemy.util.test.junit.AutoTests" name="[29] /home/travis/build/icyphy/ptII/ptolemy/domains/modal/test/auto/CausalityInterface6.xml (RunModel)" time="0.023" />
  <testcase classname="ptolemy.util.test.junit.AutoTests" name="[30] /home/travis/build/icyphy/ptII/ptolemy/domains/modal/test/auto/CausalityInterface7.xml (RunModel)" time="0.025" />
  <testcase classname="ptolemy.util.test.junit.AutoTests" name="[31] /home/travis/build/icyphy/ptII/ptolemy/domains/modal/test/auto/CausalityInterface8.xml (RunModel)" time="0.033" />
  <testcase classname="ptolemy.util.test.junit.AutoTests" name="[32] /home/travis/build/icyphy/ptII/ptolemy/domains/modal/test/auto/CausalityInterface9.xml (RunModel)" time="0.028" />
  <testcase classname="ptolemy.util.test.junit.AutoTests" name="[33] /home/travis/build/icyphy/ptII/ptolemy/domains/modal/test/auto/ChainedTransitions.xml (RunModel)" time="0.164" />
  <testcase classname="ptolemy.util.test.junit.AutoTests" name="[34] /home/travis/build/icyphy/ptII/ptolemy/domains/modal/test/auto/CycleOfImmediateTransitionsFSM.xml (RunModel)" time="0.022" />
  <testcase classname="ptolemy.util.test.junit.AutoTests" name="[35] /home/travis/build/icyphy/ptII/ptolemy/domains/modal/test/auto/CycleOfImmediateTransitionsModal.xml (RunModel)" time="0.042" />
  <testcase classname="ptolemy.util.test.junit.AutoTests" name="[36] /home/travis/build/icyphy/ptII/ptolemy/domains/modal/test/auto/CycleOfImmediateTransitionsModal2.xml (RunModel)" time="0.034" />
  <testcase classname="ptolemy.util.test.junit.AutoTests" name="[37] /home/travis/build/icyphy/ptII/ptolemy/domains/modal/test/auto/CycleOfImmediateTransitionsModal3.xml (RunModel)" time="0.074" />
  <testcase classname="ptolemy.util.test.junit.AutoTests" name="[38] /home/travis/build/icyphy/ptII/ptolemy/domains/modal/test/auto/DeepModal1.xml (RunModel)" time="0.056" />
  <testcase classname="ptolemy.util.test.junit.AutoTests" name="[39] /home/travis/build/icyphy/ptII/ptolemy/domains/modal/test/auto/DeepModal2.xml (RunModel)" time="0.059" />
  <testcase classname="ptolemy.util.test.junit.AutoTests" name="[40] /home/travis/build/icyphy/ptII/ptolemy/domains/modal/test/auto/DeepModal3.xml (RunModel)" time="0.059" />
  <testcase classname="ptolemy.util.test.junit.AutoTests" name="[41] /home/travis/build/icyphy/ptII/ptolemy/domains/modal/test/auto/DeepModal4.xml (RunModel)" time="0.074" />
  <testcase classname="ptolemy.util.test.junit.AutoTests" name="[42] /home/travis/build/icyphy/ptII/ptolemy/domains/modal/test/auto/Default1.xml (RunModel)" time="0.029" />
  <testcase classname="ptolemy.util.test.junit.AutoTests" name="[43] /home/travis/build/icyphy/ptII/ptolemy/domains/modal/test/auto/Default2.xml (RunModel)" time="0.019" />
  <testcase classname="ptolemy.util.test.junit.AutoTests" name="[44] /home/travis/build/icyphy/ptII/ptolemy/domains/modal/test/auto/Default3.xml (RunModel)" time="0.022" />
  <testcase classname="ptolemy.util.test.junit.AutoTests" name="[45] /home/travis/build/icyphy/ptII/ptolemy/domains/modal/test/auto/Default4.xml (RunModel)" time="0.019" />
  <testcase classname="ptolemy.util.test.junit.AutoTests" name="[46] /home/travis/build/icyphy/ptII/ptolemy/domains/modal/test/auto/Default5.xml (RunModel)" time="0.026" />
  <testcase classname="ptolemy.util.test.junit.AutoTests" name="[47] /home/travis/build/icyphy/ptII/ptolemy/domains/modal/test/auto/EmptyGuard.xml (RunModel)" time="0.027" />
  <testcase classname="ptolemy.util.test.junit.AutoTests" name="[48] /home/travis/build/icyphy/ptII/ptolemy/domains/modal/test/auto/ErrorTransition1.xml (RunModel)" time="0.03" />
  <testcase classname="ptolemy.util.test.junit.AutoTests" name="[49] /home/travis/build/icyphy/ptII/ptolemy/domains/modal/test/auto/ErrorTransition10.xml (RunModel)" time="0.041" />
  <testcase classname="ptolemy.util.test.junit.AutoTests" name="[50] /home/travis/build/icyphy/ptII/ptolemy/domains/modal/test/auto/ErrorTransition11.xml (RunModel)" time="0.039" />
  <testcase classname="ptolemy.util.test.junit.AutoTests" name="[51] /home/travis/build/icyphy/ptII/ptolemy/domains/modal/test/auto/ErrorTransition2.xml (RunModel)" time="0.023" />
  <testcase classname="ptolemy.util.test.junit.AutoTests" name="[52] /home/travis/build/icyphy/ptII/ptolemy/domains/modal/test/auto/ErrorTransition3.xml (RunModel)" time="0.048" />
  <testcase classname="ptolemy.util.test.junit.AutoTests" name="[53] /home/travis/build/icyphy/ptII/ptolemy/domains/modal/test/auto/ErrorTransition4.xml (RunModel)" time="0.031" />
  <testcase classname="ptolemy.util.test.junit.AutoTests" name="[54] /home/travis/build/icyphy/ptII/ptolemy/domains/modal/test/auto/ErrorTransition5.xml (RunModel)" time="0.05" />
  <testcase classname="ptolemy.util.test.junit.AutoTests" name="[55] /home/travis/build/icyphy/ptII/ptolemy/domains/modal/test/auto/ErrorTransition6.xml (RunModel)" time="0.041" />
  <testcase classname="ptolemy.util.test.junit.AutoTests" name="[56] /home/travis/build/icyphy/ptII/ptolemy/domains/modal/test/auto/ErrorTransition7.xml (RunModel)" time="0.051" />
  <testcase classname="ptolemy.util.test.junit.AutoTests" name="[57] /home/travis/build/icyphy/ptII/ptolemy/domains/modal/test/auto/ErrorTransition8.xml (RunModel)" time="0.073" />
  <testcase classname="ptolemy.util.test.junit.AutoTests" name="[58] /home/travis/build/icyphy/ptII/ptolemy/domains/modal/test/auto/ErrorTransition9.xml (RunModel)" time="0.042" />
  <testcase classname="ptolemy.util.test.junit.AutoTests" name="[59] /home/travis/build/icyphy/ptII/ptolemy/domains/modal/test/auto/ExtendedFSM.xml (RunModel)" time="0.021" />
  <testcase classname="ptolemy.util.test.junit.AutoTests" name="[60] /home/travis/build/icyphy/ptII/ptolemy/domains/modal/test/auto/FinalStates.xml (RunModel)" time="0.021" />
  <testcase classname="ptolemy.util.test.junit.AutoTests" name="[61] /home/travis/build/icyphy/ptII/ptolemy/domains/modal/test/auto/FixedPointFSM.xml (RunModel)" time="0.042" />
  <testcase classname="ptolemy.util.test.junit.AutoTests" name="[62] /home/travis/build/icyphy/ptII/ptolemy/domains/modal/test/auto/FixedPointIterationFSMActor.xml (RunModel)" time="0.029" />
  <testcase classname="ptolemy.util.test.junit.AutoTests" name="[63] /home/travis/build/icyphy/ptII/ptolemy/domains/modal/test/auto/FixedPointIterationFSMActor2.xml (RunModel)" time="0.033" />
  <testcase classname="ptolemy.util.test.junit.AutoTests" name="[64] /home/travis/build/icyphy/ptII/ptolemy/domains/modal/test/auto/ForbiddenInstantanousLoop.xml (RunModel)" time="0.036" />
  <testcase classname="ptolemy.util.test.junit.AutoTests" name="[65] /home/travis/build/icyphy/ptII/ptolemy/domains/modal/test/auto/FunctionDependencyOfFSMActorTest.xml (RunModel)" time="0.028" />
  <testcase classname="ptolemy.util.test.junit.AutoTests" name="[66] /home/travis/build/icyphy/ptII/ptolemy/domains/modal/test/auto/GuardExpression.xml (RunModel)" time="0.026" />
  <testcase classname="ptolemy.util.test.junit.AutoTests" name="[67] /home/travis/build/icyphy/ptII/ptolemy/domains/modal/test/auto/GuardNotEvaluated.xml (RunModel)" time="0.029" />
  <testcase classname="ptolemy.util.test.junit.AutoTests" name="[68] /home/travis/build/icyphy/ptII/ptolemy/domains/modal/test/auto/GuardNotEvaluated2.xml (RunModel)" time="0.035" />
  <testcase classname="ptolemy.util.test.junit.AutoTests" name="[69] /home/travis/build/icyphy/ptII/ptolemy/domains/modal/test/auto/GuardOnAbsent.xml (RunModel)" time="0.025" />
  <testcase classname="ptolemy.util.test.junit.AutoTests" name="[70] /home/travis/build/icyphy/ptII/ptolemy/domains/modal/test/auto/HierarchicalFSMTypeInference.xml (RunModel)" time="0.031" />
  <testcase classname="ptolemy.util.test.junit.AutoTests" name="[71] /home/travis/build/icyphy/ptII/ptolemy/domains/modal/test/auto/Hysteresis.xml (RunModel)" time="0.046" />
  <testcase classname="ptolemy.util.test.junit.AutoTests" name="[72] /home/travis/build/icyphy/ptII/ptolemy/domains/modal/test/auto/HysteresisWithDefault.xml (RunModel)" time="0.067" />
  <testcase classname="ptolemy.util.test.junit.AutoTests" name="[73] /home/travis/build/icyphy/ptII/ptolemy/domains/modal/test/auto/HysteresisWithDefault2.xml (RunModel)" time="0.073" />
  <testcase classname="ptolemy.util.test.junit.AutoTests" name="[74] /home/travis/build/icyphy/ptII/ptolemy/domains/modal/test/auto/ImmediateNonConstructiveness.xml (RunModel)" time="0.016" />
  <testcase classname="ptolemy.util.test.junit.AutoTests" name="[75] /home/travis/build/icyphy/ptII/ptolemy/domains/modal/test/auto/ImmediateNonConstructiveness2.xml (RunModel)" time="0.018" />
  <testcase classname="ptolemy.util.test.junit.AutoTests" name="[76] /home/travis/build/icyphy/ptII/ptolemy/domains/modal/test/auto/ImmediateTransitionReset.xml (RunModel)" time="0.039" />
  <testcase classname="ptolemy.util.test.junit.AutoTests" name="[77] /home/travis/build/icyphy/ptII/ptolemy/domains/modal/test/auto/ImmediateTransitions1.xml (RunModel)" time="0.018" />
  <testcase classname="ptolemy.util.test.junit.AutoTests" name="[78] /home/travis/build/icyphy/ptII/ptolemy/domains/modal/test/auto/ImmediateTransitionsInstantaneousCommunication.xml (RunModel)" time="0.037" />
  <testcase classname="ptolemy.util.test.junit.AutoTests" name="[79] /home/travis/build/icyphy/ptII/ptolemy/domains/modal/test/auto/InitialImmediateTransition.xml (RunModel)" time="0.021" />
  <testcase classname="ptolemy.util.test.junit.AutoTests" name="[80] /home/travis/build/icyphy/ptII/ptolemy/domains/modal/test/auto/InitialOutputs.xml (RunModel)" time="0.016" />
  <testcase classname="ptolemy.util.test.junit.AutoTests" name="[81] /home/travis/build/icyphy/ptII/ptolemy/domains/modal/test/auto/InitialStateTransition1.xml (RunModel)" time="0.021" />
  <testcase classname="ptolemy.util.test.junit.AutoTests" name="[82] /home/travis/build/icyphy/ptII/ptolemy/domains/modal/test/auto/InitialStateTransition2.xml (RunModel)" time="0.023" />
  <testcase classname="ptolemy.util.test.junit.AutoTests" name="[83] /home/travis/build/icyphy/ptII/ptolemy/domains/modal/test/auto/InitialStateTransition3.xml (RunModel)" time="0.025" />
  <testcase classname="ptolemy.util.test.junit.AutoTests" name="[84] /home/travis/build/icyphy/ptII/ptolemy/domains/modal/test/auto/InitialStateTransition4.xml (RunModel)" time="0.027" />
  <testcase classname="ptolemy.util.test.junit.AutoTests" name="[85] /home/travis/build/icyphy/ptII/ptolemy/domains/modal/test/auto/MalformedGuardExpressionNotCaught.xml (RunModel)" time="0.031" />
  <testcase classname="ptolemy.util.test.junit.AutoTests" name="[86] /home/travis/build/icyphy/ptII/ptolemy/domains/modal/test/auto/ModalBSC.xml (RunModel)" time="0.099" />
  <testcase classname="ptolemy.util.test.junit.AutoTests" name="[87] /home/travis/build/icyphy/ptII/ptolemy/domains/modal/test/auto/ModalClocks.xml (RunModel)" time="0.085" />
  <testcase classname="ptolemy.util.test.junit.AutoTests" name="[88] /home/travis/build/icyphy/ptII/ptolemy/domains/modal/test/auto/ModalDelay.xml (RunModel)" time="0.067" />
  <testcase classname="ptolemy.util.test.junit.AutoTests" name="[89] /home/travis/build/icyphy/ptII/ptolemy/domains/modal/test/auto/ModalDelay2.xml (RunModel)" time="0.046" />
  <testcase classname="ptolemy.util.test.junit.AutoTests" name="[90] /home/travis/build/icyphy/ptII/ptolemy/domains/modal/test/auto/ModalModelFromMemo.xml (RunModel)" time="0.055" />
  <testcase classname="ptolemy.util.test.junit.AutoTests" name="[91] /home/travis/build/icyphy/ptII/ptolemy/domains/modal/test/auto/ModalModelWithMultirateTransient.xml (RunModel)" time="0.055" />
  <testcase classname="ptolemy.util.test.junit.AutoTests" name="[92] /home/travis/build/icyphy/ptII/ptolemy/domains/modal/test/auto/ModalModelWithReset.xml (RunModel)" time="0.05" />
  <testcase classname="ptolemy.util.test.junit.AutoTests" name="[93] /home/travis/build/icyphy/ptII/ptolemy/domains/modal/test/auto/MouseClickFSM.xml (RunModel)" time="0.041" />
  <testcase classname="ptolemy.util.test.junit.AutoTests" name="[94] /home/travis/build/icyphy/ptII/ptolemy/domains/modal/test/auto/MouseClickFSMModal.xml (RunModel)" time="0.03" />
  <testcase classname="ptolemy.util.test.junit.AutoTests" name="[95] /home/travis/build/icyphy/ptII/ptolemy/domains/modal/test/auto/NonStrictFSM_FeedbackLoop.xml (RunModel)" time="0.052" />
  <testcase classname="ptolemy.util.test.junit.AutoTests" name="[96] /home/travis/build/icyphy/ptII/ptolemy/domains/modal/test/auto/NonStrictFSM_FeedbackLoop_Refinement.xml (RunModel)" time="0.063" />
  <testcase classname="ptolemy.util.test.junit.AutoTests" name="[97] /home/travis/build/icyphy/ptII/ptolemy/domains/modal/test/auto/NonStrictFSM_FeedbackLoop_preemptive.xml (RunModel)" time="0.073" />
  <testcase classname="ptolemy.util.test.junit.AutoTests" name="[98] /home/travis/build/icyphy/ptII/ptolemy/domains/modal/test/auto/NormalTermination.xml (RunModel)" time="0.056" />
  <testcase classname="ptolemy.util.test.junit.AutoTests" name="[99] /home/travis/build/icyphy/ptII/ptolemy/domains/modal/test/auto/Pong.xml (RunModel)" time="0.082" />
  <testcase classname="ptolemy.util.test.junit.AutoTests" name="[100] /home/travis/build/icyphy/ptII/ptolemy/domains/modal/test/auto/Pong_test.xml (RunModel)" time="0.1" />
  <testcase classname="ptolemy.util.test.junit.AutoTests" name="[101] /home/travis/build/icyphy/ptII/ptolemy/domains/modal/test/auto/PreemptionHierarchy.xml (RunModel)" time="0.025" />
  <testcase classname="ptolemy.util.test.junit.AutoTests" name="[102] /home/travis/build/icyphy/ptII/ptolemy/domains/modal/test/auto/PreemptionHierarchy2.xml (RunModel)" time="0.031" />
  <testcase classname="ptolemy.util.test.junit.AutoTests" name="[103] /home/travis/build/icyphy/ptII/ptolemy/domains/modal/test/auto/PreemptiveTransition.xml (RunModel)" time="0.027" />
  <testcase classname="ptolemy.util.test.junit.AutoTests" name="[104] /home/travis/build/icyphy/ptII/ptolemy/domains/modal/test/auto/Priorities.xml (RunModel)" time="0.075" />
  <testcase classname="ptolemy.util.test.junit.AutoTests" name="[105] /home/travis/build/icyphy/ptII/ptolemy/domains/modal/test/auto/ResetFinal.xml (RunModel)" time="0.06" />
  <testcase classname="ptolemy.util.test.junit.AutoTests" name="[106] /home/travis/build/icyphy/ptII/ptolemy/domains/modal/test/auto/ResetFinal2.xml (RunModel)" time="0.031" />
  <testcase classname="ptolemy.util.test.junit.AutoTests" name="[107] /home/travis/build/icyphy/ptII/ptolemy/domains/modal/test/auto/ResetTransitionWithStartTime.xml (RunModel)" time="0.03" />
  <testcase classname="ptolemy.util.test.junit.AutoTests" name="[108] /home/travis/build/icyphy/ptII/ptolemy/domains/modal/test/auto/SDF-FSMComposite.xml (RunModel)" time="0.023" />
  <testcase classname="ptolemy.util.test.junit.AutoTests" name="[109] /home/travis/build/icyphy/ptII/ptolemy/domains/modal/test/auto/SeeminglyNondeterminate.xml (RunModel)" time="0.062" />
  <testcase classname="ptolemy.util.test.junit.AutoTests" name="[110] /home/travis/build/icyphy/ptII/ptolemy/domains/modal/test/auto/SeeminglyNondeterminate2.xml (RunModel)" time="0.066" />
  <testcase classname="ptolemy.util.test.junit.AutoTests" name="[111] /home/travis/build/icyphy/ptII/ptolemy/domains/modal/test/auto/SpontaneousFSM.xml (RunModel)" time="0.04" />
  <testcase classname="ptolemy.util.test.junit.AutoTests" name="[112] /home/travis/build/icyphy/ptII/ptolemy/domains/modal/test/auto/SpontaneousFSM2.xml (RunModel)" time="0.035" />
  <testcase classname="ptolemy.util.test.junit.AutoTests" name="[113] /home/travis/build/icyphy/ptII/ptolemy/domains/modal/test/auto/SpontaneousFSM3.xml (RunModel)" time="0.038" />
  <testcase classname="ptolemy.util.test.junit.AutoTests" name="[114] /home/travis/build/icyphy/ptII/ptolemy/domains/modal/test/auto/SpontaneousFSM4.xml (RunModel)" time="0.044" />
  <testcase classname="ptolemy.util.test.junit.AutoTests" name="[115] /home/travis/build/icyphy/ptII/ptolemy/domains/modal/test/auto/StateTrackerTest.xml (RunModel)" time="0.073" />
  <testcase classname="ptolemy.util.test.junit.AutoTests" name="[116] /home/travis/build/icyphy/ptII/ptolemy/domains/modal/test/auto/StrongImmediateTransition.xml (RunModel)" time="0.033" />
  <testcase classname="ptolemy.util.test.junit.AutoTests" name="[117] /home/travis/build/icyphy/ptII/ptolemy/domains/modal/test/auto/SustainHierarchy.xml (RunModel)" time="0.03" />
  <testcase classname="ptolemy.util.test.junit.AutoTests" name="[118] /home/travis/build/icyphy/ptII/ptolemy/domains/modal/test/auto/TerminationTransition1.xml (RunModel)" time="0.019" />
  <testcase classname="ptolemy.util.test.junit.AutoTests" name="[119] /home/travis/build/icyphy/ptII/ptolemy/domains/modal/test/auto/TerminationTransition2.xml (RunModel)" time="0.025" />
  <testcase classname="ptolemy.util.test.junit.AutoTests" name="[120] /home/travis/build/icyphy/ptII/ptolemy/domains/modal/test/auto/TerminationTransition3.xml (RunModel)" time="0.023" />
  <testcase classname="ptolemy.util.test.junit.AutoTests" name="[121] /home/travis/build/icyphy/ptII/ptolemy/domains/modal/test/auto/TerminationTransition4.xml (RunModel)" time="0.035" />
  <testcase classname="ptolemy.util.test.junit.AutoTests" name="[122] /home/travis/build/icyphy/ptII/ptolemy/domains/modal/test/auto/TerminationTransition5.xml (RunModel)" time="0.031" />
  <testcase classname="ptolemy.util.test.junit.AutoTests" name="[123] /home/travis/build/icyphy/ptII/ptolemy/domains/modal/test/auto/TerminationTransition6.xml (RunModel)" time="0.02" />
  <testcase classname="ptolemy.util.test.junit.AutoTests" name="[124] /home/travis/build/icyphy/ptII/ptolemy/domains/modal/test/auto/TerminationTransition7.xml (RunModel)" time="0.023" />
  <testcase classname="ptolemy.util.test.junit.AutoTests" name="[125] /home/travis/build/icyphy/ptII/ptolemy/domains/modal/test/auto/TerminationTransition8.xml (RunModel)" time="0.025" />
  <testcase classname="ptolemy.util.test.junit.AutoTests" name="[126] /home/travis/build/icyphy/ptII/ptolemy/domains/modal/test/auto/Thermostat_NoHysteresis.xml (RunModel)" time="0.056" />
  <testcase classname="ptolemy.util.test.junit.AutoTests" name="[127] /home/travis/build/icyphy/ptII/ptolemy/domains/modal/test/auto/TimedFSM.xml (RunModel)" time="0.032" />
  <testcase classname="ptolemy.util.test.junit.AutoTests" name="[128] /home/travis/build/icyphy/ptII/ptolemy/domains/modal/test/auto/Timeout1.xml (RunModel)" time="0.014" />
  <testcase classname="ptolemy.util.test.junit.AutoTests" name="[129] /home/travis/build/icyphy/ptII/ptolemy/domains/modal/test/auto/Timeout2.xml (RunModel)" time="0.024" />
  <testcase classname="ptolemy.util.test.junit.AutoTests" name="[130] /home/travis/build/icyphy/ptII/ptolemy/domains/modal/test/auto/Timeout3.xml (RunModel)" time="0.011" />
  <testcase classname="ptolemy.util.test.junit.AutoTests" name="[131] /home/travis/build/icyphy/ptII/ptolemy/domains/modal/test/auto/Timeout4.xml (RunModel)" time="0.012" />
  <testcase classname="ptolemy.util.test.junit.AutoTests" name="[132] /home/travis/build/icyphy/ptII/ptolemy/domains/modal/test/auto/TransientstateModelAdvanced.xml (RunModel)" time="0.027" />
  <testcase classname="ptolemy.util.test.junit.AutoTests" name="[133] /home/travis/build/icyphy/ptII/ptolemy/domains/modal/test/auto/TransientstateModelAdvanced2.xml (RunModel)" time="0.03" />
  <testcase classname="ptolemy.util.test.junit.AutoTests" name="[134] /home/travis/build/icyphy/ptII/ptolemy/domains/modal/test/auto/TransitionRefinements.xml (RunModel)" time="0.025" />
  <testcase classname="ptolemy.util.test.junit.AutoTests" name="[135] /home/travis/build/icyphy/ptII/ptolemy/domains/modal/test/auto/TwoRefinements1.xml (RunModel)" time="0.024" />
  <testcase classname="ptolemy.util.test.junit.AutoTests" name="[136] /home/travis/build/icyphy/ptII/ptolemy/domains/modal/test/auto/TwoRefinements2.xml (RunModel)" time="0.024" />
  <testcase classname="ptolemy.util.test.junit.AutoTests" name="[137] /home/travis/build/icyphy/ptII/ptolemy/domains/modal/test/auto/WeakImmediateTransition.xml (RunModel)" time="0.025" />
  <testcase classname="ptolemy.util.test.junit.AutoTests" name="[138] /home/travis/build/icyphy/ptII/ptolemy/domains/modal/test/auto/booleanSelect.xml (RunModel)" time="0.068" />
  <testcase classname="ptolemy.util.test.junit.AutoTests" name="[139] /home/travis/build/icyphy/ptII/ptolemy/domains/modal/test/auto/modalChangingParams.xml (RunModel)" time="0.323" />
  <testcase classname="ptolemy.util.test.junit.AutoTests" name="[140] /home/travis/build/icyphy/ptII/ptolemy/domains/modal/test/auto/modalModel.xml (RunModel)" time="0.028" />
  <testcase classname="ptolemy.util.test.junit.AutoTests" name="[141] /home/travis/build/icyphy/ptII/ptolemy/domains/modal/test/auto/modalModel2.xml (RunModel)" time="0.026" />
  <testcase classname="ptolemy.util.test.junit.AutoTests" name="[142] /home/travis/build/icyphy/ptII/ptolemy/domains/modal/test/auto/modalModel3.xml (RunModel)" time="0.036" />
  <testcase classname="ptolemy.util.test.junit.AutoTests" name="[143] /home/travis/build/icyphy/ptII/ptolemy/domains/modal/test/auto/model1.xml (RunModel)" time="0.021" />
  <testcase classname="ptolemy.util.test.junit.AutoTests" name="[144] /home/travis/build/icyphy/ptII/ptolemy/domains/modal/test/auto/test-direct-in-out.xml (RunModel)" time="0.022" />
  <system-out><![CDATA[/home/travis/build/icyphy/ptII/ptolemy/domains/modal/test/SystemLevelType.tcl
testDefs.tcl: setting time out to 9000 seconds at Sun Sep 27 15:57:45 UTC 2020
09/27/20 03:57:47
Failed: 0  Total Tests: 1  ((Passed: 1, Newly Passed: 0)  Known Failed: 0) /home/travis/build/icyphy/ptII/ptolemy/domains/modal/test
----------------- testing (KnownFailure) /home/travis/build/icyphy/ptII/ptolemy/domains/modal/test/auto/knownFailedTests/CannotAnalysisWithPreemption.xml
154 ms. Memory: 129024K Free: 89393K (69%)
Known Failure: java.lang.reflect.InvocationTargetException
No auto/linux-amd64/*.xml tests in /home/travis/build/icyphy/ptII/ptolemy/domains/modal/test
AutoTests.java: About to close Vertx.
AutoTests.java: Vertx closed.

===========================================================================================
----------------- testing Sun Sep 27 15:57:48 UTC 2020 /home/travis/build/icyphy/ptII/ptolemy/domains/modal/test/auto/ABPTest.xml
----------------- Instantiating /home/travis/build/icyphy/ptII/ptolemy/domains/modal/test/auto/ABPTest.xml
323 ms. Memory: 155648K Free: 108287K (70%)
----------------- Invoking toplevel() on ptolemy.moml.MoMLSimpleApplication@5879df42
----------------- Done invoking toplevel() on ptolemy.moml.MoMLSimpleApplication@5879df42
reloadAllAccessors: .ABPTest

===========================================================================================
----------------- testing Sun Sep 27 15:57:48 UTC 2020 /home/travis/build/icyphy/ptII/ptolemy/domains/modal/test/auto/ABROFlat.xml
----------------- Instantiating /home/travis/build/icyphy/ptII/ptolemy/domains/modal/test/auto/ABROFlat.xml
28 ms. Memory: 155648K Free: 92177K (59%)
----------------- Invoking toplevel() on ptolemy.moml.MoMLSimpleApplication@6bc7ee18
----------------- Done invoking toplevel() on ptolemy.moml.MoMLSimpleApplication@6bc7ee18
reloadAllAccessors: .ABROFlat

===========================================================================================
----------------- testing Sun Sep 27 15:57:48 UTC 2020 /home/travis/build/icyphy/ptII/ptolemy/domains/modal/test/auto/ABROFlat2.xml
----------------- Instantiating /home/travis/build/icyphy/ptII/ptolemy/domains/modal/test/auto/ABROFlat2.xml
21 ms. Memory: 155648K Free: 75283K (48%)
----------------- Invoking toplevel() on ptolemy.moml.MoMLSimpleApplication@18a58a96
----------------- Done invoking toplevel() on ptolemy.moml.MoMLSimpleApplication@18a58a96
reloadAllAccessors: .ABROFlat2

===========================================================================================
----------------- testing Sun Sep 27 15:57:49 UTC 2020 /home/travis/build/icyphy/ptII/ptolemy/domains/modal/test/auto/ABRO_present_hmm.xml
----------------- Instantiating /home/travis/build/icyphy/ptII/ptolemy/domains/modal/test/auto/ABRO_present_hmm.xml
25 ms. Memory: 155648K Free: 128783K (83%)
----------------- Invoking toplevel() on ptolemy.moml.MoMLSimpleApplication@4fc11e2
----------------- Done invoking toplevel() on ptolemy.moml.MoMLSimpleApplication@4fc11e2
reloadAllAccessors: .ABRO_present_hmm

===========================================================================================
----------------- testing Sun Sep 27 15:57:49 UTC 2020 /home/travis/build/icyphy/ptII/ptolemy/domains/modal/test/auto/AMICoderExample.xml
----------------- Instantiating /home/travis/build/icyphy/ptII/ptolemy/domains/modal/test/auto/AMICoderExample.xml
45 ms. Memory: 155648K Free: 118445K (76%)
----------------- Invoking toplevel() on ptolemy.moml.MoMLSimpleApplication@77d4f814
----------------- Done invoking toplevel() on ptolemy.moml.MoMLSimpleApplication@77d4f814
reloadAllAccessors: .AMICoderExample

===========================================================================================
----------------- testing Sun Sep 27 15:57:49 UTC 2020 /home/travis/build/icyphy/ptII/ptolemy/domains/modal/test/auto/AbsentToPresent.xml
----------------- Instantiating /home/travis/build/icyphy/ptII/ptolemy/domains/modal/test/auto/AbsentToPresent.xml
9 ms. Memory: 155648K Free: 113844K (73%)
----------------- Invoking toplevel() on ptolemy.moml.MoMLSimpleApplication@6c13f4ef
----------------- Done invoking toplevel() on ptolemy.moml.MoMLSimpleApplication@6c13f4ef
reloadAllAccessors: .AbsentToPresent

===========================================================================================
----------------- testing Sun Sep 27 15:57:49 UTC 2020 /home/travis/build/icyphy/ptII/ptolemy/domains/modal/test/auto/Blending.xml
----------------- Instantiating /home/travis/build/icyphy/ptII/ptolemy/domains/modal/test/auto/Blending.xml
177 ms. Memory: 155648K Free: 69377K (45%)
----------------- Invoking toplevel() on ptolemy.moml.MoMLSimpleApplication@4af2f345
----------------- Done invoking toplevel() on ptolemy.moml.MoMLSimpleApplication@4af2f345
reloadAllAccessors: .Blending

===========================================================================================
----------------- testing Sun Sep 27 15:57:49 UTC 2020 /home/travis/build/icyphy/ptII/ptolemy/domains/modal/test/auto/Broadcast.xml
----------------- Instantiating /home/travis/build/icyphy/ptII/ptolemy/domains/modal/test/auto/Broadcast.xml
6 ms. Memory: 155648K Free: 60040K (39%)
----------------- Invoking toplevel() on ptolemy.moml.MoMLSimpleApplication@3e655229
----------------- Done invoking toplevel() on ptolemy.moml.MoMLSimpleApplication@3e655229
reloadAllAccessors: .Broadcast

===========================================================================================
----------------- testing Sun Sep 27 15:57:49 UTC 2020 /home/travis/build/icyphy/ptII/ptolemy/domains/modal/test/auto/BroadcastHierarchy.xml
----------------- Instantiating /home/travis/build/icyphy/ptII/ptolemy/domains/modal/test/auto/BroadcastHierarchy.xml
14 ms. Memory: 155648K Free: 133794K (86%)
----------------- Invoking toplevel() on ptolemy.moml.MoMLSimpleApplication@31e3a3ad
----------------- Done invoking toplevel() on ptolemy.moml.MoMLSimpleApplication@31e3a3ad
reloadAllAccessors: .BroadcastHierarchy

===========================================================================================
----------------- testing Sun Sep 27 15:57:49 UTC 2020 /home/travis/build/icyphy/ptII/ptolemy/domains/modal/test/auto/BroadcastHierarchy2.xml
----------------- Instantiating /home/travis/build/icyphy/ptII/ptolemy/domains/modal/test/auto/BroadcastHierarchy2.xml
38 ms. Memory: 155648K Free: 107156K (69%)
----------------- Invoking toplevel() on ptolemy.moml.MoMLSimpleApplication@33046cf4
----------------- Done invoking toplevel() on ptolemy.moml.MoMLSimpleApplication@33046cf4
reloadAllAccessors: .BroadcastHierarchy2

===========================================================================================
----------------- testing Sun Sep 27 15:57:49 UTC 2020 /home/travis/build/icyphy/ptII/ptolemy/domains/modal/test/auto/BroadcastHierarchy3.xml
----------------- Instantiating /home/travis/build/icyphy/ptII/ptolemy/domains/modal/test/auto/BroadcastHierarchy3.xml
23 ms. Memory: 155648K Free: 87204K (56%)
----------------- Invoking toplevel() on ptolemy.moml.MoMLSimpleApplication@65278477
----------------- Done invoking toplevel() on ptolemy.moml.MoMLSimpleApplication@65278477
reloadAllAccessors: .BroadcastHierarchy3

===========================================================================================
----------------- testing Sun Sep 27 15:57:50 UTC 2020 /home/travis/build/icyphy/ptII/ptolemy/domains/modal/test/auto/BroadcastHierarchy4.xml
----------------- Instantiating /home/travis/build/icyphy/ptII/ptolemy/domains/modal/test/auto/BroadcastHierarchy4.xml
19 ms. Memory: 155648K Free: 63138K (41%)
----------------- Invoking toplevel() on ptolemy.moml.MoMLSimpleApplication@400cb106
----------------- Done invoking toplevel() on ptolemy.moml.MoMLSimpleApplication@400cb106
reloadAllAccessors: .BroadcastHierarchy4

===========================================================================================
----------------- testing Sun Sep 27 15:57:50 UTC 2020 /home/travis/build/icyphy/ptII/ptolemy/domains/modal/test/auto/CannotAnalysisWithPreemption2.xml
----------------- Instantiating /home/travis/build/icyphy/ptII/ptolemy/domains/modal/test/auto/CannotAnalysisWithPreemption2.xml
4 ms. Memory: 155648K Free: 55956K (36%)
----------------- Invoking toplevel() on ptolemy.moml.MoMLSimpleApplication@18ba428c
----------------- Done invoking toplevel() on ptolemy.moml.MoMLSimpleApplication@18ba428c
reloadAllAccessors: .CannotAnalysisWithPreemption2

===========================================================================================
----------------- testing Sun Sep 27 15:57:50 UTC 2020 /home/travis/build/icyphy/ptII/ptolemy/domains/modal/test/auto/CannotAnalysisWithPreemption3.xml
----------------- Instantiating /home/travis/build/icyphy/ptII/ptolemy/domains/modal/test/auto/CannotAnalysisWithPreemption3.xml
7 ms. Memory: 187392K Free: 165592K (88%)
----------------- Invoking toplevel() on ptolemy.moml.MoMLSimpleApplication@47104b6
----------------- Done invoking toplevel() on ptolemy.moml.MoMLSimpleApplication@47104b6
reloadAllAccessors: .CannotAnalysisWithPreemption3

===========================================================================================
----------------- testing Sun Sep 27 15:57:50 UTC 2020 /home/travis/build/icyphy/ptII/ptolemy/domains/modal/test/auto/CannotProduce.xml
----------------- Instantiating /home/travis/build/icyphy/ptII/ptolemy/domains/modal/test/auto/CannotProduce.xml
14 ms. Memory: 187392K Free: 158938K (85%)
----------------- Invoking toplevel() on ptolemy.moml.MoMLSimpleApplication@5f67ed13
----------------- Done invoking toplevel() on ptolemy.moml.MoMLSimpleApplication@5f67ed13
reloadAllAccessors: .CannotProduce

===========================================================================================
----------------- testing Sun Sep 27 15:57:50 UTC 2020 /home/travis/build/icyphy/ptII/ptolemy/domains/modal/test/auto/CannotProduceModal.xml
----------------- Instantiating /home/travis/build/icyphy/ptII/ptolemy/domains/modal/test/auto/CannotProduceModal.xml
9 ms. Memory: 187392K Free: 152274K (81%)
----------------- Invoking toplevel() on ptolemy.moml.MoMLSimpleApplication@5d94d76b
----------------- Done invoking toplevel() on ptolemy.moml.MoMLSimpleApplication@5d94d76b
reloadAllAccessors: .CannotProduceModal

===========================================================================================
----------------- testing Sun Sep 27 15:57:50 UTC 2020 /home/travis/build/icyphy/ptII/ptolemy/domains/modal/test/auto/Case.xml
----------------- Instantiating /home/travis/build/icyphy/ptII/ptolemy/domains/modal/test/auto/Case.xml
34 ms. Memory: 187392K Free: 141016K (75%)
----------------- Invoking toplevel() on ptolemy.moml.MoMLSimpleApplication@6ed84ef2
----------------- Done invoking toplevel() on ptolemy.moml.MoMLSimpleApplication@6ed84ef2
reloadAllAccessors: .Case

===========================================================================================
----------------- testing Sun Sep 27 15:57:50 UTC 2020 /home/travis/build/icyphy/ptII/ptolemy/domains/modal/test/auto/Case1.xml
----------------- Instantiating /home/travis/build/icyphy/ptII/ptolemy/domains/modal/test/auto/Case1.xml
6 ms. Memory: 187392K Free: 133848K (71%)
----------------- Invoking toplevel() on ptolemy.moml.MoMLSimpleApplication@4c88777b
----------------- Done invoking toplevel() on ptolemy.moml.MoMLSimpleApplication@4c88777b
reloadAllAccessors: .Case1

===========================================================================================
----------------- testing Sun Sep 27 15:57:50 UTC 2020 /home/travis/build/icyphy/ptII/ptolemy/domains/modal/test/auto/Case2.xml
----------------- Instantiating /home/travis/build/icyphy/ptII/ptolemy/domains/modal/test/auto/Case2.xml
18 ms. Memory: 187392K Free: 123098K (66%)
----------------- Invoking toplevel() on ptolemy.moml.MoMLSimpleApplication@2f50c578
----------------- Done invoking toplevel() on ptolemy.moml.MoMLSimpleApplication@2f50c578
reloadAllAccessors: .Case2

===========================================================================================
----------------- testing Sun Sep 27 15:57:50 UTC 2020 /home/travis/build/icyphy/ptII/ptolemy/domains/modal/test/auto/CausalityInterface1.xml
----------------- Instantiating /home/travis/build/icyphy/ptII/ptolemy/domains/modal/test/auto/CausalityInterface1.xml
3 ms. Memory: 187392K Free: 117978K (63%)
----------------- Invoking toplevel() on ptolemy.moml.MoMLSimpleApplication@2e39ab9a
----------------- Done invoking toplevel() on ptolemy.moml.MoMLSimpleApplication@2e39ab9a
reloadAllAccessors: .CausalityInterface1

===========================================================================================
----------------- testing Sun Sep 27 15:57:50 UTC 2020 /home/travis/build/icyphy/ptII/ptolemy/domains/modal/test/auto/CausalityInterface10.xml
----------------- Instantiating /home/travis/build/icyphy/ptII/ptolemy/domains/modal/test/auto/CausalityInterface10.xml
12 ms. Memory: 187392K Free: 104666K (56%)
----------------- Invoking toplevel() on ptolemy.moml.MoMLSimpleApplication@7474015f
----------------- Done invoking toplevel() on ptolemy.moml.MoMLSimpleApplication@7474015f
reloadAllAccessors: .CausalityInterface10

===========================================================================================
----------------- testing Sun Sep 27 15:57:50 UTC 2020 /home/travis/build/icyphy/ptII/ptolemy/domains/modal/test/auto/CausalityInterface11.xml
----------------- Instantiating /home/travis/build/icyphy/ptII/ptolemy/domains/modal/test/auto/CausalityInterface11.xml
11 ms. Memory: 187392K Free: 91354K (49%)
----------------- Invoking toplevel() on ptolemy.moml.MoMLSimpleApplication@514c821d
----------------- Done invoking toplevel() on ptolemy.moml.MoMLSimpleApplication@514c821d
reloadAllAccessors: .CausalityInterface11

===========================================================================================
----------------- testing Sun Sep 27 15:57:50 UTC 2020 /home/travis/build/icyphy/ptII/ptolemy/domains/modal/test/auto/CausalityInterface12.xml
----------------- Instantiating /home/travis/build/icyphy/ptII/ptolemy/domains/modal/test/auto/CausalityInterface12.xml
5 ms. Memory: 187392K Free: 78042K (42%)
----------------- Invoking toplevel() on ptolemy.moml.MoMLSimpleApplication@b6dc84f
----------------- Done invoking toplevel() on ptolemy.moml.MoMLSimpleApplication@b6dc84f
reloadAllAccessors: .CausalityInterface12

===========================================================================================
----------------- testing Sun Sep 27 15:57:50 UTC 2020 /home/travis/build/icyphy/ptII/ptolemy/domains/modal/test/auto/CausalityInterface13.xml
----------------- Instantiating /home/travis/build/icyphy/ptII/ptolemy/domains/modal/test/auto/CausalityInterface13.xml
7 ms. Memory: 187392K Free: 64202K (34%)
----------------- Invoking toplevel() on ptolemy.moml.MoMLSimpleApplication@7d3d3810
----------------- Done invoking toplevel() on ptolemy.moml.MoMLSimpleApplication@7d3d3810
reloadAllAccessors: .CausalityInterface13

===========================================================================================
----------------- testing Sun Sep 27 15:57:50 UTC 2020 /home/travis/build/icyphy/ptII/ptolemy/domains/modal/test/auto/CausalityInterface14.xml
----------------- Instantiating /home/travis/build/icyphy/ptII/ptolemy/domains/modal/test/auto/CausalityInterface14.xml
5 ms. Memory: 187392K Free: 156907K (84%)
----------------- Invoking toplevel() on ptolemy.moml.MoMLSimpleApplication@196b701c
----------------- Done invoking toplevel() on ptolemy.moml.MoMLSimpleApplication@196b701c
reloadAllAccessors: .CausalityInterface14

===========================================================================================
----------------- testing Sun Sep 27 15:57:50 UTC 2020 /home/travis/build/icyphy/ptII/ptolemy/domains/modal/test/auto/CausalityInterface2.xml
----------------- Instantiating /home/travis/build/icyphy/ptII/ptolemy/domains/modal/test/auto/CausalityInterface2.xml
9 ms. Memory: 187392K Free: 150235K (80%)
----------------- Invoking toplevel() on ptolemy.moml.MoMLSimpleApplication@4b317fa5
----------------- Done invoking toplevel() on ptolemy.moml.MoMLSimpleApplication@4b317fa5
reloadAllAccessors: .CausalityInterface2

===========================================================================================
----------------- testing Sun Sep 27 15:57:50 UTC 2020 /home/travis/build/icyphy/ptII/ptolemy/domains/modal/test/auto/CausalityInterface3.xml
----------------- Instantiating /home/travis/build/icyphy/ptII/ptolemy/domains/modal/test/auto/CausalityInterface3.xml
3 ms. Memory: 187392K Free: 144075K (77%)
----------------- Invoking toplevel() on ptolemy.moml.MoMLSimpleApplication@358e7a3
----------------- Done invoking toplevel() on ptolemy.moml.MoMLSimpleApplication@358e7a3
reloadAllAccessors: .CausalityInterface3

===========================================================================================
----------------- testing Sun Sep 27 15:57:50 UTC 2020 /home/travis/build/icyphy/ptII/ptolemy/domains/modal/test/auto/CausalityInterface4.xml
----------------- Instantiating /home/travis/build/icyphy/ptII/ptolemy/domains/modal/test/auto/CausalityInterface4.xml
7 ms. Memory: 187392K Free: 137961K (74%)
----------------- Invoking toplevel() on ptolemy.moml.MoMLSimpleApplication@6106dd87
----------------- Done invoking toplevel() on ptolemy.moml.MoMLSimpleApplication@6106dd87
reloadAllAccessors: .CausalityInterface4

===========================================================================================
----------------- testing Sun Sep 27 15:57:50 UTC 2020 /home/travis/build/icyphy/ptII/ptolemy/domains/modal/test/auto/CausalityInterface5.xml
----------------- Instantiating /home/travis/build/icyphy/ptII/ptolemy/domains/modal/test/auto/CausalityInterface5.xml
5 ms. Memory: 187392K Free: 129755K (69%)
----------------- Invoking toplevel() on ptolemy.moml.MoMLSimpleApplication@29595592
----------------- Done invoking toplevel() on ptolemy.moml.MoMLSimpleApplication@29595592
reloadAllAccessors: .CausalityInterface5

===========================================================================================
----------------- testing Sun Sep 27 15:57:50 UTC 2020 /home/travis/build/icyphy/ptII/ptolemy/domains/modal/test/auto/CausalityInterface6.xml
----------------- Instantiating /home/travis/build/icyphy/ptII/ptolemy/domains/modal/test/auto/CausalityInterface6.xml
3 ms. Memory: 187392K Free: 121563K (65%)
----------------- Invoking toplevel() on ptolemy.moml.MoMLSimpleApplication@79a95023
----------------- Done invoking toplevel() on ptolemy.moml.MoMLSimpleApplication@79a95023
reloadAllAccessors: .CausalityInterface6

===========================================================================================
----------------- testing Sun Sep 27 15:57:50 UTC 2020 /home/travis/build/icyphy/ptII/ptolemy/domains/modal/test/auto/CausalityInterface7.xml
----------------- Instantiating /home/travis/build/icyphy/ptII/ptolemy/domains/modal/test/auto/CausalityInterface7.xml
6 ms. Memory: 187392K Free: 113371K (60%)
----------------- Invoking toplevel() on ptolemy.moml.MoMLSimpleApplication@7af73703
----------------- Done invoking toplevel() on ptolemy.moml.MoMLSimpleApplication@7af73703
reloadAllAccessors: .CausalityInterface7

===========================================================================================
----------------- testing Sun Sep 27 15:57:50 UTC 2020 /home/travis/build/icyphy/ptII/ptolemy/domains/modal/test/auto/CausalityInterface8.xml
----------------- Instantiating /home/travis/build/icyphy/ptII/ptolemy/domains/modal/test/auto/CausalityInterface8.xml
7 ms. Memory: 187392K Free: 104683K (56%)
----------------- Invoking toplevel() on ptolemy.moml.MoMLSimpleApplication@7b52fead
----------------- Done invoking toplevel() on ptolemy.moml.MoMLSimpleApplication@7b52fead
reloadAllAccessors: .CausalityInterface8

===========================================================================================
----------------- testing Sun Sep 27 15:57:51 UTC 2020 /home/travis/build/icyphy/ptII/ptolemy/domains/modal/test/auto/CausalityInterface9.xml
----------------- Instantiating /home/travis/build/icyphy/ptII/ptolemy/domains/modal/test/auto/CausalityInterface9.xml
4 ms. Memory: 187392K Free: 95467K (51%)
----------------- Invoking toplevel() on ptolemy.moml.MoMLSimpleApplication@748640b1
----------------- Done invoking toplevel() on ptolemy.moml.MoMLSimpleApplication@748640b1
reloadAllAccessors: .CausalityInterface9

===========================================================================================
----------------- testing Sun Sep 27 15:57:51 UTC 2020 /home/travis/build/icyphy/ptII/ptolemy/domains/modal/test/auto/ChainedTransitions.xml
----------------- Instantiating /home/travis/build/icyphy/ptII/ptolemy/domains/modal/test/auto/ChainedTransitions.xml
99 ms. Memory: 187392K Free: 70891K (38%)
----------------- Invoking toplevel() on ptolemy.moml.MoMLSimpleApplication@54aaee6a
----------------- Done invoking toplevel() on ptolemy.moml.MoMLSimpleApplication@54aaee6a
reloadAllAccessors: .ChainedTransitions

===========================================================================================
----------------- testing Sun Sep 27 15:57:51 UTC 2020 /home/travis/build/icyphy/ptII/ptolemy/domains/modal/test/auto/CycleOfImmediateTransitionsFSM.xml
----------------- Instantiating /home/travis/build/icyphy/ptII/ptolemy/domains/modal/test/auto/CycleOfImmediateTransitionsFSM.xml
4 ms. Memory: 187392K Free: 65257K (35%)
----------------- Invoking toplevel() on ptolemy.moml.MoMLSimpleApplication@108c6fe0
----------------- Done invoking toplevel() on ptolemy.moml.MoMLSimpleApplication@108c6fe0
reloadAllAccessors: .CycleOfImmediateTransitionsFSM

===========================================================================================
----------------- testing Sun Sep 27 15:57:51 UTC 2020 /home/travis/build/icyphy/ptII/ptolemy/domains/modal/test/auto/CycleOfImmediateTransitionsModal.xml
----------------- Instantiating /home/travis/build/icyphy/ptII/ptolemy/domains/modal/test/auto/CycleOfImmediateTransitionsModal.xml
4 ms. Memory: 187392K Free: 165591K (88%)
----------------- Invoking toplevel() on ptolemy.moml.MoMLSimpleApplication@64f857aa
----------------- Done invoking toplevel() on ptolemy.moml.MoMLSimpleApplication@64f857aa
reloadAllAccessors: .CycleOfImmediateTransitionsModal

===========================================================================================
----------------- testing Sun Sep 27 15:57:51 UTC 2020 /home/travis/build/icyphy/ptII/ptolemy/domains/modal/test/auto/CycleOfImmediateTransitionsModal2.xml
----------------- Instantiating /home/travis/build/icyphy/ptII/ptolemy/domains/modal/test/auto/CycleOfImmediateTransitionsModal2.xml
7 ms. Memory: 187392K Free: 158943K (85%)
----------------- Invoking toplevel() on ptolemy.moml.MoMLSimpleApplication@110a2257
----------------- Done invoking toplevel() on ptolemy.moml.MoMLSimpleApplication@110a2257
reloadAllAccessors: .CycleOfImmediateTransitionsModal2

===========================================================================================
----------------- testing Sun Sep 27 15:57:51 UTC 2020 /home/travis/build/icyphy/ptII/ptolemy/domains/modal/test/auto/CycleOfImmediateTransitionsModal3.xml
----------------- Instantiating /home/travis/build/icyphy/ptII/ptolemy/domains/modal/test/auto/CycleOfImmediateTransitionsModal3.xml
12 ms. Memory: 187392K Free: 136415K (73%)
----------------- Invoking toplevel() on ptolemy.moml.MoMLSimpleApplication@7cca3f2b
----------------- Done invoking toplevel() on ptolemy.moml.MoMLSimpleApplication@7cca3f2b
reloadAllAccessors: .CycleOfImmediateTransitionsModal3

===========================================================================================
----------------- testing Sun Sep 27 15:57:51 UTC 2020 /home/travis/build/icyphy/ptII/ptolemy/domains/modal/test/auto/DeepModal1.xml
----------------- Instantiating /home/travis/build/icyphy/ptII/ptolemy/domains/modal/test/auto/DeepModal1.xml
31 ms. Memory: 187392K Free: 122559K (65%)
----------------- Invoking toplevel() on ptolemy.moml.MoMLSimpleApplication@6e53554d
----------------- Done invoking toplevel() on ptolemy.moml.MoMLSimpleApplication@6e53554d
reloadAllAccessors: .DeepModal1

===========================================================================================
----------------- testing Sun Sep 27 15:57:51 UTC 2020 /home/travis/build/icyphy/ptII/ptolemy/domains/modal/test/auto/DeepModal2.xml
----------------- Instantiating /home/travis/build/icyphy/ptII/ptolemy/domains/modal/test/auto/DeepModal2.xml
26 ms. Memory: 187392K Free: 104157K (56%)
----------------- Invoking toplevel() on ptolemy.moml.MoMLSimpleApplication@5a240ca8
----------------- Done invoking toplevel() on ptolemy.moml.MoMLSimpleApplication@5a240ca8
reloadAllAccessors: .DeepModal2

===========================================================================================
----------------- testing Sun Sep 27 15:57:51 UTC 2020 /home/travis/build/icyphy/ptII/ptolemy/domains/modal/test/auto/DeepModal3.xml
----------------- Instantiating /home/travis/build/icyphy/ptII/ptolemy/domains/modal/test/auto/DeepModal3.xml
22 ms. Memory: 187392K Free: 84701K (45%)
----------------- Invoking toplevel() on ptolemy.moml.MoMLSimpleApplication@4496f0b0
----------------- Done invoking toplevel() on ptolemy.moml.MoMLSimpleApplication@4496f0b0
reloadAllAccessors: .DeepModal3

===========================================================================================
----------------- testing Sun Sep 27 15:57:51 UTC 2020 /home/travis/build/icyphy/ptII/ptolemy/domains/modal/test/auto/DeepModal4.xml
----------------- Instantiating /home/travis/build/icyphy/ptII/ptolemy/domains/modal/test/auto/DeepModal4.xml
34 ms. Memory: 187392K Free: 65245K (35%)
----------------- Invoking toplevel() on ptolemy.moml.MoMLSimpleApplication@9cb42f9
----------------- Done invoking toplevel() on ptolemy.moml.MoMLSimpleApplication@9cb42f9
reloadAllAccessors: .DeepModal4

===========================================================================================
----------------- testing Sun Sep 27 15:57:51 UTC 2020 /home/travis/build/icyphy/ptII/ptolemy/domains/modal/test/auto/Default1.xml
----------------- Instantiating /home/travis/build/icyphy/ptII/ptolemy/domains/modal/test/auto/Default1.xml
2 ms. Memory: 187392K Free: 166109K (89%)
----------------- Invoking toplevel() on ptolemy.moml.MoMLSimpleApplication@162bab9b
----------------- Done invoking toplevel() on ptolemy.moml.MoMLSimpleApplication@162bab9b
reloadAllAccessors: .Default1

===========================================================================================
----------------- testing Sun Sep 27 15:57:51 UTC 2020 /home/travis/build/icyphy/ptII/ptolemy/domains/modal/test/auto/Default2.xml
----------------- Instantiating /home/travis/build/icyphy/ptII/ptolemy/domains/modal/test/auto/Default2.xml
9 ms. Memory: 187392K Free: 160465K (86%)
----------------- Invoking toplevel() on ptolemy.moml.MoMLSimpleApplication@33c935a3
----------------- Done invoking toplevel() on ptolemy.moml.MoMLSimpleApplication@33c935a3
reloadAllAccessors: .Default2

===========================================================================================
----------------- testing Sun Sep 27 15:57:51 UTC 2020 /home/travis/build/icyphy/ptII/ptolemy/domains/modal/test/auto/Default3.xml
----------------- Instantiating /home/travis/build/icyphy/ptII/ptolemy/domains/modal/test/auto/Default3.xml
5 ms. Memory: 187392K Free: 154331K (82%)
----------------- Invoking toplevel() on ptolemy.moml.MoMLSimpleApplication@21bf79e9
----------------- Done invoking toplevel() on ptolemy.moml.MoMLSimpleApplication@21bf79e9
reloadAllAccessors: .Default3

===========================================================================================
----------------- testing Sun Sep 27 15:57:51 UTC 2020 /home/travis/build/icyphy/ptII/ptolemy/domains/modal/test/auto/Default4.xml
----------------- Instantiating /home/travis/build/icyphy/ptII/ptolemy/domains/modal/test/auto/Default4.xml
7 ms. Memory: 187392K Free: 148187K (79%)
----------------- Invoking toplevel() on ptolemy.moml.MoMLSimpleApplication@2941bacd
----------------- Done invoking toplevel() on ptolemy.moml.MoMLSimpleApplication@2941bacd
reloadAllAccessors: .Default4

===========================================================================================
----------------- testing Sun Sep 27 15:57:51 UTC 2020 /home/travis/build/icyphy/ptII/ptolemy/domains/modal/test/auto/Default5.xml
----------------- Instantiating /home/travis/build/icyphy/ptII/ptolemy/domains/modal/test/auto/Default5.xml
7 ms. Memory: 187392K Free: 139981K (75%)
----------------- Invoking toplevel() on ptolemy.moml.MoMLSimpleApplication@73075e6a
----------------- Done invoking toplevel() on ptolemy.moml.MoMLSimpleApplication@73075e6a
reloadAllAccessors: .Default5

===========================================================================================
----------------- testing Sun Sep 27 15:57:51 UTC 2020 /home/travis/build/icyphy/ptII/ptolemy/domains/modal/test/auto/EmptyGuard.xml
----------------- Instantiating /home/travis/build/icyphy/ptII/ptolemy/domains/modal/test/auto/EmptyGuard.xml
10 ms. Memory: 187392K Free: 132317K (71%)
----------------- Invoking toplevel() on ptolemy.moml.MoMLSimpleApplication@342b8aa
----------------- Done invoking toplevel() on ptolemy.moml.MoMLSimpleApplication@342b8aa
reloadAllAccessors: .EmptyGuard

===========================================================================================
----------------- testing Sun Sep 27 15:57:51 UTC 2020 /home/travis/build/icyphy/ptII/ptolemy/domains/modal/test/auto/ErrorTransition1.xml
----------------- Instantiating /home/travis/build/icyphy/ptII/ptolemy/domains/modal/test/auto/ErrorTransition1.xml
8 ms. Memory: 187392K Free: 123611K (66%)
----------------- Invoking toplevel() on ptolemy.moml.MoMLSimpleApplication@101efef5
----------------- Done invoking toplevel() on ptolemy.moml.MoMLSimpleApplication@101efef5
reloadAllAccessors: .ErrorTransition1

===========================================================================================
----------------- testing Sun Sep 27 15:57:51 UTC 2020 /home/travis/build/icyphy/ptII/ptolemy/domains/modal/test/auto/ErrorTransition10.xml
----------------- Instantiating /home/travis/build/icyphy/ptII/ptolemy/domains/modal/test/auto/ErrorTransition10.xml
15 ms. Memory: 187392K Free: 110285K (59%)
----------------- Invoking toplevel() on ptolemy.moml.MoMLSimpleApplication@5d4e33b5
----------------- Done invoking toplevel() on ptolemy.moml.MoMLSimpleApplication@5d4e33b5
reloadAllAccessors: .ErrorTransition10

===========================================================================================
----------------- testing Sun Sep 27 15:57:51 UTC 2020 /home/travis/build/icyphy/ptII/ptolemy/domains/modal/test/auto/ErrorTransition11.xml
----------------- Instantiating /home/travis/build/icyphy/ptII/ptolemy/domains/modal/test/auto/ErrorTransition11.xml
4 ms. Memory: 187392K Free: 99035K (53%)
----------------- Invoking toplevel() on ptolemy.moml.MoMLSimpleApplication@7e2c7c75
----------------- Done invoking toplevel() on ptolemy.moml.MoMLSimpleApplication@7e2c7c75
reloadAllAccessors: .ErrorTransition11

===========================================================================================
----------------- testing Sun Sep 27 15:57:51 UTC 2020 /home/travis/build/icyphy/ptII/ptolemy/domains/modal/test/auto/ErrorTransition2.xml
----------------- Instantiating /home/travis/build/icyphy/ptII/ptolemy/domains/modal/test/auto/ErrorTransition2.xml
8 ms. Memory: 187392K Free: 90333K (48%)
----------------- Invoking toplevel() on ptolemy.moml.MoMLSimpleApplication@191ca8a0
----------------- Done invoking toplevel() on ptolemy.moml.MoMLSimpleApplication@191ca8a0
reloadAllAccessors: .ErrorTransition2

===========================================================================================
----------------- testing Sun Sep 27 15:57:51 UTC 2020 /home/travis/build/icyphy/ptII/ptolemy/domains/modal/test/auto/ErrorTransition3.xml
----------------- Instantiating /home/travis/build/icyphy/ptII/ptolemy/domains/modal/test/auto/ErrorTransition3.xml
24 ms. Memory: 187392K Free: 80093K (43%)
----------------- Invoking toplevel() on ptolemy.moml.MoMLSimpleApplication@2e7788c
----------------- Done invoking toplevel() on ptolemy.moml.MoMLSimpleApplication@2e7788c
reloadAllAccessors: .ErrorTransition3

===========================================================================================
----------------- testing Sun Sep 27 15:57:52 UTC 2020 /home/travis/build/icyphy/ptII/ptolemy/domains/modal/test/auto/ErrorTransition4.xml
----------------- Instantiating /home/travis/build/icyphy/ptII/ptolemy/domains/modal/test/auto/ErrorTransition4.xml
10 ms. Memory: 187392K Free: 68829K (37%)
----------------- Invoking toplevel() on ptolemy.moml.MoMLSimpleApplication@4977718d
----------------- Done invoking toplevel() on ptolemy.moml.MoMLSimpleApplication@4977718d
reloadAllAccessors: .ErrorTransition4

===========================================================================================
----------------- testing Sun Sep 27 15:57:52 UTC 2020 /home/travis/build/icyphy/ptII/ptolemy/domains/modal/test/auto/ErrorTransition5.xml
----------------- Instantiating /home/travis/build/icyphy/ptII/ptolemy/domains/modal/test/auto/ErrorTransition5.xml
11 ms. Memory: 225280K Free: 203383K (90%)
----------------- Invoking toplevel() on ptolemy.moml.MoMLSimpleApplication@1a617b00
----------------- Done invoking toplevel() on ptolemy.moml.MoMLSimpleApplication@1a617b00
reloadAllAccessors: .ErrorTransition5

===========================================================================================
----------------- testing Sun Sep 27 15:57:52 UTC 2020 /home/travis/build/icyphy/ptII/ptolemy/domains/modal/test/auto/ErrorTransition6.xml
----------------- Instantiating /home/travis/build/icyphy/ptII/ptolemy/domains/modal/test/auto/ErrorTransition6.xml
14 ms. Memory: 225280K Free: 192648K (86%)
----------------- Invoking toplevel() on ptolemy.moml.MoMLSimpleApplication@5edafe2a
----------------- Done invoking toplevel() on ptolemy.moml.MoMLSimpleApplication@5edafe2a
reloadAllAccessors: .ErrorTransition6

===========================================================================================
----------------- testing Sun Sep 27 15:57:52 UTC 2020 /home/travis/build/icyphy/ptII/ptolemy/domains/modal/test/auto/ErrorTransition7.xml
----------------- Instantiating /home/travis/build/icyphy/ptII/ptolemy/domains/modal/test/auto/ErrorTransition7.xml
14 ms. Memory: 225280K Free: 179839K (80%)
----------------- Invoking toplevel() on ptolemy.moml.MoMLSimpleApplication@5b4d73bf
----------------- Done invoking toplevel() on ptolemy.moml.MoMLSimpleApplication@5b4d73bf
reloadAllAccessors: .ErrorTransition7

===========================================================================================
----------------- testing Sun Sep 27 15:57:52 UTC 2020 /home/travis/build/icyphy/ptII/ptolemy/domains/modal/test/auto/ErrorTransition8.xml
----------------- Instantiating /home/travis/build/icyphy/ptII/ptolemy/domains/modal/test/auto/ErrorTransition8.xml
32 ms. Memory: 225280K Free: 167048K (74%)
----------------- Invoking toplevel() on ptolemy.moml.MoMLSimpleApplication@601e3502
----------------- Done invoking toplevel() on ptolemy.moml.MoMLSimpleApplication@601e3502
reloadAllAccessors: .ErrorTransition8

===========================================================================================
----------------- testing Sun Sep 27 15:57:52 UTC 2020 /home/travis/build/icyphy/ptII/ptolemy/domains/modal/test/auto/ErrorTransition9.xml
----------------- Instantiating /home/travis/build/icyphy/ptII/ptolemy/domains/modal/test/auto/ErrorTransition9.xml
16 ms. Memory: 225280K Free: 153207K (68%)
----------------- Invoking toplevel() on ptolemy.moml.MoMLSimpleApplication@681be607
----------------- Done invoking toplevel() on ptolemy.moml.MoMLSimpleApplication@681be607
reloadAllAccessors: .ErrorTransition9

===========================================================================================
----------------- testing Sun Sep 27 15:57:52 UTC 2020 /home/travis/build/icyphy/ptII/ptolemy/domains/modal/test/auto/ExtendedFSM.xml
----------------- Instantiating /home/travis/build/icyphy/ptII/ptolemy/domains/modal/test/auto/ExtendedFSM.xml
6 ms. Memory: 225280K Free: 144520K (64%)
----------------- Invoking toplevel() on ptolemy.moml.MoMLSimpleApplication@5c326ef1
----------------- Done invoking toplevel() on ptolemy.moml.MoMLSimpleApplication@5c326ef1
reloadAllAccessors: .ExtendedFSM

===========================================================================================
----------------- testing Sun Sep 27 15:57:52 UTC 2020 /home/travis/build/icyphy/ptII/ptolemy/domains/modal/test/auto/FinalStates.xml
----------------- Instantiating /home/travis/build/icyphy/ptII/ptolemy/domains/modal/test/auto/FinalStates.xml
7 ms. Memory: 225280K Free: 136328K (61%)
----------------- Invoking toplevel() on ptolemy.moml.MoMLSimpleApplication@33f24682
----------------- Done invoking toplevel() on ptolemy.moml.MoMLSimpleApplication@33f24682
reloadAllAccessors: .FinalStates

===========================================================================================
----------------- testing Sun Sep 27 15:57:52 UTC 2020 /home/travis/build/icyphy/ptII/ptolemy/domains/modal/test/auto/FixedPointFSM.xml
----------------- Instantiating /home/travis/build/icyphy/ptII/ptolemy/domains/modal/test/auto/FixedPointFSM.xml
20 ms. Memory: 225280K Free: 121471K (54%)
----------------- Invoking toplevel() on ptolemy.moml.MoMLSimpleApplication@5b4c7d37
----------------- Done invoking toplevel() on ptolemy.moml.MoMLSimpleApplication@5b4c7d37
reloadAllAccessors: .FixedPointFSM

===========================================================================================
----------------- testing Sun Sep 27 15:57:52 UTC 2020 /home/travis/build/icyphy/ptII/ptolemy/domains/modal/test/auto/FixedPointIterationFSMActor.xml
----------------- Instantiating /home/travis/build/icyphy/ptII/ptolemy/domains/modal/test/auto/FixedPointIterationFSMActor.xml
8 ms. Memory: 225280K Free: 111231K (49%)
----------------- Invoking toplevel() on ptolemy.moml.MoMLSimpleApplication@444a3c23
----------------- Done invoking toplevel() on ptolemy.moml.MoMLSimpleApplication@444a3c23
reloadAllAccessors: .FixedPointIterationFSMActor

===========================================================================================
----------------- testing Sun Sep 27 15:57:52 UTC 2020 /home/travis/build/icyphy/ptII/ptolemy/domains/modal/test/auto/FixedPointIterationFSMActor2.xml
----------------- Instantiating /home/travis/build/icyphy/ptII/ptolemy/domains/modal/test/auto/FixedPointIterationFSMActor2.xml
11 ms. Memory: 225280K Free: 98943K (44%)
----------------- Invoking toplevel() on ptolemy.moml.MoMLSimpleApplication@556e0a76
----------------- Done invoking toplevel() on ptolemy.moml.MoMLSimpleApplication@556e0a76
reloadAllAccessors: .FixedPointIterationFSMActor2

===========================================================================================
----------------- testing Sun Sep 27 15:57:52 UTC 2020 /home/travis/build/icyphy/ptII/ptolemy/domains/modal/test/auto/ForbiddenInstantanousLoop.xml
----------------- Instantiating /home/travis/build/icyphy/ptII/ptolemy/domains/modal/test/auto/ForbiddenInstantanousLoop.xml
6 ms. Memory: 225280K Free: 87143K (39%)
----------------- Invoking toplevel() on ptolemy.moml.MoMLSimpleApplication@183f3304
----------------- Done invoking toplevel() on ptolemy.moml.MoMLSimpleApplication@183f3304
reloadAllAccessors: .ForbiddenInstantanousLoop

===========================================================================================
----------------- testing Sun Sep 27 15:57:52 UTC 2020 /home/travis/build/icyphy/ptII/ptolemy/domains/modal/test/auto/FunctionDependencyOfFSMActorTest.xml
----------------- Instantiating /home/travis/build/icyphy/ptII/ptolemy/domains/modal/test/auto/FunctionDependencyOfFSMActorTest.xml
14 ms. Memory: 225280K Free: 80008K (36%)
----------------- Invoking toplevel() on ptolemy.moml.MoMLSimpleApplication@5eeb26af
----------------- Done invoking toplevel() on ptolemy.moml.MoMLSimpleApplication@5eeb26af
reloadAllAccessors: .FunctionDependencyOfFSMActorTest

===========================================================================================
----------------- testing Sun Sep 27 15:57:52 UTC 2020 /home/travis/build/icyphy/ptII/ptolemy/domains/modal/test/auto/GuardExpression.xml
----------------- Instantiating /home/travis/build/icyphy/ptII/ptolemy/domains/modal/test/auto/GuardExpression.xml
1 ms. Memory: 225280K Free: 204674K (91%)
----------------- Invoking toplevel() on ptolemy.moml.MoMLSimpleApplication@be5eb74
----------------- Done invoking toplevel() on ptolemy.moml.MoMLSimpleApplication@be5eb74
reloadAllAccessors: .GuardExpression

===========================================================================================
----------------- testing Sun Sep 27 15:57:52 UTC 2020 /home/travis/build/icyphy/ptII/ptolemy/domains/modal/test/auto/GuardNotEvaluated.xml
----------------- Instantiating /home/travis/build/icyphy/ptII/ptolemy/domains/modal/test/auto/GuardNotEvaluated.xml
7 ms. Memory: 225280K Free: 195747K (87%)
----------------- Invoking toplevel() on ptolemy.moml.MoMLSimpleApplication@50e77c9e
----------------- Done invoking toplevel() on ptolemy.moml.MoMLSimpleApplication@50e77c9e
reloadAllAccessors: .GuardNotEvaluated

===========================================================================================
----------------- testing Sun Sep 27 15:57:52 UTC 2020 /home/travis/build/icyphy/ptII/ptolemy/domains/modal/test/auto/GuardNotEvaluated2.xml
----------------- Instantiating /home/travis/build/icyphy/ptII/ptolemy/domains/modal/test/auto/GuardNotEvaluated2.xml
6 ms. Memory: 225280K Free: 186021K (83%)
----------------- Invoking toplevel() on ptolemy.moml.MoMLSimpleApplication@5230b13e
----------------- Done invoking toplevel() on ptolemy.moml.MoMLSimpleApplication@5230b13e
reloadAllAccessors: .GuardNotEvaluated2

===========================================================================================
----------------- testing Sun Sep 27 15:57:52 UTC 2020 /home/travis/build/icyphy/ptII/ptolemy/domains/modal/test/auto/GuardOnAbsent.xml
----------------- Instantiating /home/travis/build/icyphy/ptII/ptolemy/domains/modal/test/auto/GuardOnAbsent.xml
9 ms. Memory: 225280K Free: 178321K (79%)
----------------- Invoking toplevel() on ptolemy.moml.MoMLSimpleApplication@5dac5b25
----------------- Done invoking toplevel() on ptolemy.moml.MoMLSimpleApplication@5dac5b25
reloadAllAccessors: .GuardOnAbsent

===========================================================================================
----------------- testing Sun Sep 27 15:57:52 UTC 2020 /home/travis/build/icyphy/ptII/ptolemy/domains/modal/test/auto/HierarchicalFSMTypeInference.xml
----------------- Instantiating /home/travis/build/icyphy/ptII/ptolemy/domains/modal/test/auto/HierarchicalFSMTypeInference.xml
5 ms. Memory: 225280K Free: 168099K (75%)
----------------- Invoking toplevel() on ptolemy.moml.MoMLSimpleApplication@68c642e4
----------------- Done invoking toplevel() on ptolemy.moml.MoMLSimpleApplication@68c642e4
reloadAllAccessors: .HierarchicalFSMTypeInference

===========================================================================================
----------------- testing Sun Sep 27 15:57:52 UTC 2020 /home/travis/build/icyphy/ptII/ptolemy/domains/modal/test/auto/Hysteresis.xml
----------------- Instantiating /home/travis/build/icyphy/ptII/ptolemy/domains/modal/test/auto/Hysteresis.xml
14 ms. Memory: 225280K Free: 154773K (69%)
----------------- Invoking toplevel() on ptolemy.moml.MoMLSimpleApplication@7e0d9ee9
----------------- Done invoking toplevel() on ptolemy.moml.MoMLSimpleApplication@7e0d9ee9
reloadAllAccessors: .Hysteresis

===========================================================================================
----------------- testing Sun Sep 27 15:57:52 UTC 2020 /home/travis/build/icyphy/ptII/ptolemy/domains/modal/test/auto/HysteresisWithDefault.xml
----------------- Instantiating /home/travis/build/icyphy/ptII/ptolemy/domains/modal/test/auto/HysteresisWithDefault.xml
39 ms. Memory: 225280K Free: 131235K (58%)
----------------- Invoking toplevel() on ptolemy.moml.MoMLSimpleApplication@7940bfae
----------------- Done invoking toplevel() on ptolemy.moml.MoMLSimpleApplication@7940bfae
reloadAllAccessors: .HysteresisWithDefault

===========================================================================================
----------------- testing Sun Sep 27 15:57:52 UTC 2020 /home/travis/build/icyphy/ptII/ptolemy/domains/modal/test/auto/HysteresisWithDefault2.xml
----------------- Instantiating /home/travis/build/icyphy/ptII/ptolemy/domains/modal/test/auto/HysteresisWithDefault2.xml
46 ms. Memory: 225280K Free: 102053K (45%)
----------------- Invoking toplevel() on ptolemy.moml.MoMLSimpleApplication@68f2cfa4
----------------- Done invoking toplevel() on ptolemy.moml.MoMLSimpleApplication@68f2cfa4
reloadAllAccessors: .HysteresisWithDefault2

===========================================================================================
----------------- testing Sun Sep 27 15:57:52 UTC 2020 /home/travis/build/icyphy/ptII/ptolemy/domains/modal/test/auto/ImmediateNonConstructiveness.xml
----------------- Instantiating /home/travis/build/icyphy/ptII/ptolemy/domains/modal/test/auto/ImmediateNonConstructiveness.xml
2 ms. Memory: 225280K Free: 94885K (42%)
----------------- Invoking toplevel() on ptolemy.moml.MoMLSimpleApplication@4ed0ba05
----------------- Done invoking toplevel() on ptolemy.moml.MoMLSimpleApplication@4ed0ba05
reloadAllAccessors: .ImmediateNonConstructiveness

===========================================================================================
----------------- testing Sun Sep 27 15:57:52 UTC 2020 /home/travis/build/icyphy/ptII/ptolemy/domains/modal/test/auto/ImmediateNonConstructiveness2.xml
----------------- Instantiating /home/travis/build/icyphy/ptII/ptolemy/domains/modal/test/auto/ImmediateNonConstructiveness2.xml
2 ms. Memory: 225280K Free: 88227K (39%)
----------------- Invoking toplevel() on ptolemy.moml.MoMLSimpleApplication@5ba0a454
----------------- Done invoking toplevel() on ptolemy.moml.MoMLSimpleApplication@5ba0a454
reloadAllAccessors: .ImmediateNonConstructiveness2

===========================================================================================
----------------- testing Sun Sep 27 15:57:52 UTC 2020 /home/travis/build/icyphy/ptII/ptolemy/domains/modal/test/auto/ImmediateTransitionReset.xml
----------------- Instantiating /home/travis/build/icyphy/ptII/ptolemy/domains/modal/test/auto/ImmediateTransitionReset.xml
7 ms. Memory: 225280K Free: 76453K (34%)
----------------- Invoking toplevel() on ptolemy.moml.MoMLSimpleApplication@117a4634
----------------- Done invoking toplevel() on ptolemy.moml.MoMLSimpleApplication@117a4634
reloadAllAccessors: .ImmediateTransitionReset

===========================================================================================
----------------- testing Sun Sep 27 15:57:52 UTC 2020 /home/travis/build/icyphy/ptII/ptolemy/domains/modal/test/auto/ImmediateTransitions1.xml
----------------- Instantiating /home/travis/build/icyphy/ptII/ptolemy/domains/modal/test/auto/ImmediateTransitions1.xml
1 ms. Memory: 225280K Free: 200331K (89%)
----------------- Invoking toplevel() on ptolemy.moml.MoMLSimpleApplication@96e66e7
----------------- Done invoking toplevel() on ptolemy.moml.MoMLSimpleApplication@96e66e7
reloadAllAccessors: .ImmediateTransitions1

===========================================================================================
----------------- testing Sun Sep 27 15:57:53 UTC 2020 /home/travis/build/icyphy/ptII/ptolemy/domains/modal/test/auto/ImmediateTransitionsInstantaneousCommunication.xml
----------------- Instantiating /home/travis/build/icyphy/ptII/ptolemy/domains/modal/test/auto/ImmediateTransitionsInstantaneousCommunication.xml
7 ms. Memory: 225280K Free: 188043K (83%)
----------------- Invoking toplevel() on ptolemy.moml.MoMLSimpleApplication@735e4c47
----------------- Done invoking toplevel() on ptolemy.moml.MoMLSimpleApplication@735e4c47
reloadAllAccessors: .ImmediateTransitionsInstantaneousCommunication

===========================================================================================
----------------- testing Sun Sep 27 15:57:53 UTC 2020 /home/travis/build/icyphy/ptII/ptolemy/domains/modal/test/auto/InitialImmediateTransition.xml
----------------- Instantiating /home/travis/build/icyphy/ptII/ptolemy/domains/modal/test/auto/InitialImmediateTransition.xml
4 ms. Memory: 225280K Free: 180875K (80%)
----------------- Invoking toplevel() on ptolemy.moml.MoMLSimpleApplication@2e672564
----------------- Done invoking toplevel() on ptolemy.moml.MoMLSimpleApplication@2e672564
reloadAllAccessors: .InitialImmediateTransition

===========================================================================================
----------------- testing Sun Sep 27 15:57:53 UTC 2020 /home/travis/build/icyphy/ptII/ptolemy/domains/modal/test/auto/InitialOutputs.xml
----------------- Instantiating /home/travis/build/icyphy/ptII/ptolemy/domains/modal/test/auto/InitialOutputs.xml
4 ms. Memory: 225280K Free: 174731K (78%)
----------------- Invoking toplevel() on ptolemy.moml.MoMLSimpleApplication@4f38cccd
----------------- Done invoking toplevel() on ptolemy.moml.MoMLSimpleApplication@4f38cccd
reloadAllAccessors: .InitialOutputs

===========================================================================================
----------------- testing Sun Sep 27 15:57:53 UTC 2020 /home/travis/build/icyphy/ptII/ptolemy/domains/modal/test/auto/InitialStateTransition1.xml
----------------- Instantiating /home/travis/build/icyphy/ptII/ptolemy/domains/modal/test/auto/InitialStateTransition1.xml
2 ms. Memory: 225280K Free: 167563K (74%)
----------------- Invoking toplevel() on ptolemy.moml.MoMLSimpleApplication@11962a09
----------------- Done invoking toplevel() on ptolemy.moml.MoMLSimpleApplication@11962a09
reloadAllAccessors: .InitialStateTransition1

===========================================================================================
----------------- testing Sun Sep 27 15:57:53 UTC 2020 /home/travis/build/icyphy/ptII/ptolemy/domains/modal/test/auto/InitialStateTransition2.xml
----------------- Instantiating /home/travis/build/icyphy/ptII/ptolemy/domains/modal/test/auto/InitialStateTransition2.xml
.InitialStateTransition2.TestExceptionAttributeNonConstructive: initialize() was not invoked, but wrapup() was.  This is unusual, but not always a problem.  For example, exporting JNLP will do this.
2 ms. Memory: 225280K Free: 160395K (71%)
----------------- Invoking toplevel() on ptolemy.moml.MoMLSimpleApplication@5dc1ecd5
----------------- Done invoking toplevel() on ptolemy.moml.MoMLSimpleApplication@5dc1ecd5
reloadAllAccessors: .InitialStateTransition2

===========================================================================================
----------------- testing Sun Sep 27 15:57:53 UTC 2020 /home/travis/build/icyphy/ptII/ptolemy/domains/modal/test/auto/InitialStateTransition3.xml
----------------- Instantiating /home/travis/build/icyphy/ptII/ptolemy/domains/modal/test/auto/InitialStateTransition3.xml
3 ms. Memory: 225280K Free: 151689K (67%)
----------------- Invoking toplevel() on ptolemy.moml.MoMLSimpleApplication@26e524d1
----------------- Done invoking toplevel() on ptolemy.moml.MoMLSimpleApplication@26e524d1
reloadAllAccessors: .InitialStateTransition3

===========================================================================================
----------------- testing Sun Sep 27 15:57:53 UTC 2020 /home/travis/build/icyphy/ptII/ptolemy/domains/modal/test/auto/InitialStateTransition4.xml
----------------- Instantiating /home/travis/build/icyphy/ptII/ptolemy/domains/modal/test/auto/InitialStateTransition4.xml
3 ms. Memory: 225280K Free: 141963K (63%)
----------------- Invoking toplevel() on ptolemy.moml.MoMLSimpleApplication@6bc8c2a8
----------------- Done invoking toplevel() on ptolemy.moml.MoMLSimpleApplication@6bc8c2a8
[...]
reloadAllAccessors: .TerminationTransition3

===========================================================================================
----------------- testing Sun Sep 27 15:57:55 UTC 2020 /home/travis/build/icyphy/ptII/ptolemy/domains/modal/test/auto/TerminationTransition4.xml
----------------- Instantiating /home/travis/build/icyphy/ptII/ptolemy/domains/modal/test/auto/TerminationTransition4.xml
5 ms. Memory: 270336K Free: 175631K (65%)
----------------- Invoking toplevel() on ptolemy.moml.MoMLSimpleApplication@44044e05
----------------- Done invoking toplevel() on ptolemy.moml.MoMLSimpleApplication@44044e05
reloadAllAccessors: .TerminationTransition4

===========================================================================================
----------------- testing Sun Sep 27 15:57:55 UTC 2020 /home/travis/build/icyphy/ptII/ptolemy/domains/modal/test/auto/TerminationTransition5.xml
----------------- Instantiating /home/travis/build/icyphy/ptII/ptolemy/domains/modal/test/auto/TerminationTransition5.xml
2 ms. Memory: 270336K Free: 161809K (60%)
----------------- Invoking toplevel() on ptolemy.moml.MoMLSimpleApplication@70eddb45
----------------- Done invoking toplevel() on ptolemy.moml.MoMLSimpleApplication@70eddb45
reloadAllAccessors: .TerminationTransition5

===========================================================================================
----------------- testing Sun Sep 27 15:57:55 UTC 2020 /home/travis/build/icyphy/ptII/ptolemy/domains/modal/test/auto/TerminationTransition6.xml
----------------- Instantiating /home/travis/build/icyphy/ptII/ptolemy/domains/modal/test/auto/TerminationTransition6.xml
2 ms. Memory: 270336K Free: 153103K (57%)
----------------- Invoking toplevel() on ptolemy.moml.MoMLSimpleApplication@599c3d2b
----------------- Done invoking toplevel() on ptolemy.moml.MoMLSimpleApplication@599c3d2b
reloadAllAccessors: .TerminationTransition6

===========================================================================================
----------------- testing Sun Sep 27 15:57:55 UTC 2020 /home/travis/build/icyphy/ptII/ptolemy/domains/modal/test/auto/TerminationTransition7.xml
----------------- Instantiating /home/travis/build/icyphy/ptII/ptolemy/domains/modal/test/auto/TerminationTransition7.xml
3 ms. Memory: 270336K Free: 143377K (53%)
----------------- Invoking toplevel() on ptolemy.moml.MoMLSimpleApplication@5ebc0bb6
----------------- Done invoking toplevel() on ptolemy.moml.MoMLSimpleApplication@5ebc0bb6
reloadAllAccessors: .TerminationTransition7

===========================================================================================
----------------- testing Sun Sep 27 15:57:55 UTC 2020 /home/travis/build/icyphy/ptII/ptolemy/domains/modal/test/auto/TerminationTransition8.xml
----------------- Instantiating /home/travis/build/icyphy/ptII/ptolemy/domains/modal/test/auto/TerminationTransition8.xml
2 ms. Memory: 270336K Free: 134161K (50%)
----------------- Invoking toplevel() on ptolemy.moml.MoMLSimpleApplication@4d551529
----------------- Done invoking toplevel() on ptolemy.moml.MoMLSimpleApplication@4d551529
reloadAllAccessors: .TerminationTransition8

===========================================================================================
----------------- testing Sun Sep 27 15:57:55 UTC 2020 /home/travis/build/icyphy/ptII/ptolemy/domains/modal/test/auto/Thermostat_NoHysteresis.xml
----------------- Instantiating /home/travis/build/icyphy/ptII/ptolemy/domains/modal/test/auto/Thermostat_NoHysteresis.xml
26 ms. Memory: 270336K Free: 109585K (41%)
----------------- Invoking toplevel() on ptolemy.moml.MoMLSimpleApplication@5bdcbf68
----------------- Done invoking toplevel() on ptolemy.moml.MoMLSimpleApplication@5bdcbf68
reloadAllAccessors: .Thermostat_NoHysteresis

===========================================================================================
----------------- testing Sun Sep 27 15:57:55 UTC 2020 /home/travis/build/icyphy/ptII/ptolemy/domains/modal/test/auto/TimedFSM.xml
----------------- Instantiating /home/travis/build/icyphy/ptII/ptolemy/domains/modal/test/auto/TimedFSM.xml
8 ms. Memory: 270336K Free: 97807K (36%)
----------------- Invoking toplevel() on ptolemy.moml.MoMLSimpleApplication@597865ee
----------------- Done invoking toplevel() on ptolemy.moml.MoMLSimpleApplication@597865ee
reloadAllAccessors: .TimedFSM

===========================================================================================
----------------- testing Sun Sep 27 15:57:55 UTC 2020 /home/travis/build/icyphy/ptII/ptolemy/domains/modal/test/auto/Timeout1.xml
----------------- Instantiating /home/travis/build/icyphy/ptII/ptolemy/domains/modal/test/auto/Timeout1.xml
3 ms. Memory: 270336K Free: 92177K (34%)
----------------- Invoking toplevel() on ptolemy.moml.MoMLSimpleApplication@2f101799
----------------- Done invoking toplevel() on ptolemy.moml.MoMLSimpleApplication@2f101799
reloadAllAccessors: .Timeout1

===========================================================================================
----------------- testing Sun Sep 27 15:57:55 UTC 2020 /home/travis/build/icyphy/ptII/ptolemy/domains/modal/test/auto/Timeout2.xml
----------------- Instantiating /home/travis/build/icyphy/ptII/ptolemy/domains/modal/test/auto/Timeout2.xml
11 ms. Memory: 270336K Free: 241447K (89%)
----------------- Invoking toplevel() on ptolemy.moml.MoMLSimpleApplication@720fe969
----------------- Done invoking toplevel() on ptolemy.moml.MoMLSimpleApplication@720fe969
reloadAllAccessors: .Timeout2

===========================================================================================
----------------- testing Sun Sep 27 15:57:55 UTC 2020 /home/travis/build/icyphy/ptII/ptolemy/domains/modal/test/auto/Timeout3.xml
----------------- Instantiating /home/travis/build/icyphy/ptII/ptolemy/domains/modal/test/auto/Timeout3.xml
2 ms. Memory: 270336K Free: 236311K (87%)
----------------- Invoking toplevel() on ptolemy.moml.MoMLSimpleApplication@359e607d
----------------- Done invoking toplevel() on ptolemy.moml.MoMLSimpleApplication@359e607d
reloadAllAccessors: .Timeout3

===========================================================================================
----------------- testing Sun Sep 27 15:57:55 UTC 2020 /home/travis/build/icyphy/ptII/ptolemy/domains/modal/test/auto/Timeout4.xml
----------------- Instantiating /home/travis/build/icyphy/ptII/ptolemy/domains/modal/test/auto/Timeout4.xml
2 ms. Memory: 270336K Free: 231207K (86%)
----------------- Invoking toplevel() on ptolemy.moml.MoMLSimpleApplication@2606c803
----------------- Done invoking toplevel() on ptolemy.moml.MoMLSimpleApplication@2606c803
reloadAllAccessors: .Timeout4

===========================================================================================
----------------- testing Sun Sep 27 15:57:55 UTC 2020 /home/travis/build/icyphy/ptII/ptolemy/domains/modal/test/auto/TransientstateModelAdvanced.xml
----------------- Instantiating /home/travis/build/icyphy/ptII/ptolemy/domains/modal/test/auto/TransientstateModelAdvanced.xml
3 ms. Memory: 270336K Free: 218927K (81%)
----------------- Invoking toplevel() on ptolemy.moml.MoMLSimpleApplication@672323
----------------- Done invoking toplevel() on ptolemy.moml.MoMLSimpleApplication@672323
reloadAllAccessors: .TransientstateModelAdvanced

===========================================================================================
----------------- testing Sun Sep 27 15:57:55 UTC 2020 /home/travis/build/icyphy/ptII/ptolemy/domains/modal/test/auto/TransientstateModelAdvanced2.xml
----------------- Instantiating /home/travis/build/icyphy/ptII/ptolemy/domains/modal/test/auto/TransientstateModelAdvanced2.xml
3 ms. Memory: 270336K Free: 204583K (76%)
----------------- Invoking toplevel() on ptolemy.moml.MoMLSimpleApplication@6d02ecf4
----------------- Done invoking toplevel() on ptolemy.moml.MoMLSimpleApplication@6d02ecf4
reloadAllAccessors: .transientstatemodelAdvanced

===========================================================================================
----------------- testing Sun Sep 27 15:57:55 UTC 2020 /home/travis/build/icyphy/ptII/ptolemy/domains/modal/test/auto/TransitionRefinements.xml
----------------- Instantiating /home/travis/build/icyphy/ptII/ptolemy/domains/modal/test/auto/TransitionRefinements.xml
7 ms. Memory: 270336K Free: 194871K (72%)
----------------- Invoking toplevel() on ptolemy.moml.MoMLSimpleApplication@75148e50
----------------- Done invoking toplevel() on ptolemy.moml.MoMLSimpleApplication@75148e50
reloadAllAccessors: .TransitionRefinements

===========================================================================================
----------------- testing Sun Sep 27 15:57:55 UTC 2020 /home/travis/build/icyphy/ptII/ptolemy/domains/modal/test/auto/TwoRefinements1.xml
----------------- Instantiating /home/travis/build/icyphy/ptII/ptolemy/domains/modal/test/auto/TwoRefinements1.xml
3 ms. Memory: 270336K Free: 185141K (68%)
----------------- Invoking toplevel() on ptolemy.moml.MoMLSimpleApplication@1886784a
----------------- Done invoking toplevel() on ptolemy.moml.MoMLSimpleApplication@1886784a
reloadAllAccessors: .TwoRefinements1

===========================================================================================
----------------- testing Sun Sep 27 15:57:55 UTC 2020 /home/travis/build/icyphy/ptII/ptolemy/domains/modal/test/auto/TwoRefinements2.xml
----------------- Instantiating /home/travis/build/icyphy/ptII/ptolemy/domains/modal/test/auto/TwoRefinements2.xml
2 ms. Memory: 270336K Free: 174901K (65%)
----------------- Invoking toplevel() on ptolemy.moml.MoMLSimpleApplication@55f8e7e8
----------------- Done invoking toplevel() on ptolemy.moml.MoMLSimpleApplication@55f8e7e8
reloadAllAccessors: .TwoRefinements2

===========================================================================================
----------------- testing Sun Sep 27 15:57:55 UTC 2020 /home/travis/build/icyphy/ptII/ptolemy/domains/modal/test/auto/WeakImmediateTransition.xml
----------------- Instantiating /home/travis/build/icyphy/ptII/ptolemy/domains/modal/test/auto/WeakImmediateTransition.xml
3 ms. Memory: 270336K Free: 166199K (61%)
----------------- Invoking toplevel() on ptolemy.moml.MoMLSimpleApplication@3a8c6ba0
----------------- Done invoking toplevel() on ptolemy.moml.MoMLSimpleApplication@3a8c6ba0
reloadAllAccessors: .WeakImmediateTransition

===========================================================================================
----------------- testing Sun Sep 27 15:57:55 UTC 2020 /home/travis/build/icyphy/ptII/ptolemy/domains/modal/test/auto/booleanSelect.xml
----------------- Instantiating /home/travis/build/icyphy/ptII/ptolemy/domains/modal/test/auto/booleanSelect.xml
32 ms. Memory: 270336K Free: 148271K (55%)
----------------- Invoking toplevel() on ptolemy.moml.MoMLSimpleApplication@4bb769be
----------------- Done invoking toplevel() on ptolemy.moml.MoMLSimpleApplication@4bb769be
reloadAllAccessors: .booleanSelect

===========================================================================================
----------------- testing Sun Sep 27 15:57:55 UTC 2020 /home/travis/build/icyphy/ptII/ptolemy/domains/modal/test/auto/modalChangingParams.xml
----------------- Instantiating /home/travis/build/icyphy/ptII/ptolemy/domains/modal/test/auto/modalChangingParams.xml
0
1
0
2
4
6
8
7
0
2
4
6
8
13
0
2
4
6
8
19
0
2
4
6
8
25
0
2
4
6
8
31
0
2
4
6
8
37
0
2
4
6
8
43
0
2
4
6
8
49
0
2
4
6
8
55
0
2
4
6
8
61
0
2
4
6
8
67
0
2
4
6
8
73
0
2
4
6
8
79
0
2
4
6
8
85
0
2
4
6
8
91
0
2
4
6
8
97
0
2
4
6
8
103
0
2
4
6
8
109
0
2
4
6
8
115
0
2
4
6
8
121
0
2
4
6
8
127
0
2
4
6
8
133
0
2
4
6
8
139
0
2
4
6
8
145
0
2
4
6
8
151
0
2
4
6
8
157
0
2
4
6
8
163
0
2
4
6
8
169
0
2
4
6
8
175
0
2
4
6
8
181
0
2
4
6
8
187
0
2
4
6
8
193
0
2
4
6
8
199
0
2
4
6
8
205
0
2
4
6
8
211
0
2
4
6
8
217
0
2
4
6
8
223
0
2
4
6
8
229
0
2
4
6
8
235
0
2
4
6
8
241
0
2
4
6
8
247
0
2
4
6
8
253
0
2
4
6
8
259
0
2
4
6
8
265
0
2
4
6
8
271
0
2
4
6
8
277
0
2
4
6
8
283
0
2
4
6
8
289
0
2
4
6
8
295
0
2
4
6
8
301
0
2
4
6
8
307
0
2
4
6
8
313
0
2
4
6
8
319
0
2
4
6
8
325
0
2
4
6
8
331
0
2
4
6
8
337
0
2
4
6
8
343
0
2
4
6
8
349
0
2
4
6
8
355
0
2
4
6
8
361
0
2
4
6
8
367
0
2
4
6
8
373
0
2
4
6
8
379
0
2
4
6
8
385
0
2
4
6
8
391
0
2
4
6
8
397
0
2
4
6
8
403
0
2
4
6
8
409
0
2
4
6
8
415
0
2
4
6
8
421
0
2
4
6
8
427
0
2
4
6
8
433
0
2
4
6
8
439
0
2
4
6
8
445
0
2
4
6
8
451
0
2
4
6
8
457
0
2
4
6
8
463
0
2
4
6
8
469
0
2
4
6
8
475
0
2
4
6
8
481
0
2
4
6
8
487
0
2
4
6
8
493
0
2
4
6
8
499
0
2
4
6
8
505
0
2
4
6
8
511
0
2
4
6
8
517
0
2
4
6
8
523
0
2
4
6
8
529
0
2
4
6
8
535
0
2
4
6
8
541
0
2
4
6
8
547
0
2
4
6
8
553
0
2
4
6
8
559
0
2
4
6
8
565
0
2
4
6
8
571
0
2
4
6
8
577
0
2
4
6
8
583
0
2
4
6
8
589
0
2
4
6
8
595
0
2
4
6
8
601
0
2
4
6
8
607
0
2
4
6
8
613
0
2
4
6
8
619
0
2
4
6
8
625
0
2
4
6
8
631
0
2
4
6
8
637
0
2
4
6
8
643
0
2
4
6
8
649
0
2
4
6
8
655
0
2
4
6
8
661
0
2
4
6
8
667
0
2
4
6
8
673
0
2
4
6
8
679
0
2
4
6
8
685
0
2
4
6
8
691
0
2
4
6
8
697
0
2
4
6
8
703
0
2
4
6
8
709
0
2
4
6
8
715
0
2
4
6
8
721
0
2
4
6
8
727
0
2
4
6
8
733
0
2
4
6
8
739
0
2
4
6
8
745
0
2
4
6
8
751
0
2
4
6
8
757
0
2
4
6
8
763
0
2
4
6
8
769
0
2
4
6
8
775
0
2
4
6
8
781
0
2
4
6
8
787
0
2
4
6
8
793
0
2
4
6
8
799
0
2
4
6
8
805
0
2
4
6
8
811
0
2
4
6
8
817
0
2
4
6
8
823
0
2
4
6
8
829
0
2
4
6
8
835
0
2
4
6
8
841
0
2
4
6
8
847
0
2
4
6
8
853
0
2
4
6
8
859
0
2
4
6
8
865
0
2
4
6
8
871
0
2
4
6
8
877
0
2
4
6
8
883
0
2
4
6
8
889
0
2
4
6
8
895
0
2
4
6
8
901
0
2
4
6
8
907
0
2
4
6
8
913
0
2
4
6
8
919
0
2
4
6
8
925
0
2
4
6
8
931
0
2
4
6
8
937
0
2
4
6
8
943
0
2
4
6
8
949
0
2
4
6
8
955
0
2
4
6
8
961
0
2
4
6
8
967
0
2
4
6
8
973
0
2
4
6
8
979
0
2
4
6
8
985
0
2
4
6
8
991
0
2
4
6
8
997
0
2
291 ms. Memory: 324608K Free: 246428K (76%)
----------------- Invoking toplevel() on ptolemy.moml.MoMLSimpleApplication@2dbf0f86
----------------- Done invoking toplevel() on ptolemy.moml.MoMLSimpleApplication@2dbf0f86
reloadAllAccessors: .modalChangingParams

===========================================================================================
----------------- testing Sun Sep 27 15:57:55 UTC 2020 /home/travis/build/icyphy/ptII/ptolemy/domains/modal/test/auto/modalModel.xml
----------------- Instantiating /home/travis/build/icyphy/ptII/ptolemy/domains/modal/test/auto/modalModel.xml
12 ms. Memory: 324608K Free: 237198K (73%)
----------------- Invoking toplevel() on ptolemy.moml.MoMLSimpleApplication@46bdf881
----------------- Done invoking toplevel() on ptolemy.moml.MoMLSimpleApplication@46bdf881
reloadAllAccessors: .modalModel

===========================================================================================
----------------- testing Sun Sep 27 15:57:55 UTC 2020 /home/travis/build/icyphy/ptII/ptolemy/domains/modal/test/auto/modalModel2.xml
----------------- Instantiating /home/travis/build/icyphy/ptII/ptolemy/domains/modal/test/auto/modalModel2.xml
7 ms. Memory: 324608K Free: 226942K (70%)
----------------- Invoking toplevel() on ptolemy.moml.MoMLSimpleApplication@21fc7af0
----------------- Done invoking toplevel() on ptolemy.moml.MoMLSimpleApplication@21fc7af0
reloadAllAccessors: .modalModel2

===========================================================================================
----------------- testing Sun Sep 27 15:57:56 UTC 2020 /home/travis/build/icyphy/ptII/ptolemy/domains/modal/test/auto/modalModel3.xml
----------------- Instantiating /home/travis/build/icyphy/ptII/ptolemy/domains/modal/test/auto/modalModel3.xml
0	0	0
1	0	1
4	2	2
7	4	3
10	6	4
5	0	5
8	2	6
11	4	7
14	6	8
9	0	9
12	2	10
15	4	11
18	6	12
13	0	13
16	2	14
13 ms. Memory: 324608K Free: 212126K (65%)
----------------- Invoking toplevel() on ptolemy.moml.MoMLSimpleApplication@34f4878c
----------------- Done invoking toplevel() on ptolemy.moml.MoMLSimpleApplication@34f4878c
reloadAllAccessors: .modalModel3

===========================================================================================
----------------- testing Sun Sep 27 15:57:56 UTC 2020 /home/travis/build/icyphy/ptII/ptolemy/domains/modal/test/auto/model1.xml
----------------- Instantiating /home/travis/build/icyphy/ptII/ptolemy/domains/modal/test/auto/model1.xml
10 ms. Memory: 324608K Free: 206478K (64%)
----------------- Invoking toplevel() on ptolemy.moml.MoMLSimpleApplication@510fe161
----------------- Done invoking toplevel() on ptolemy.moml.MoMLSimpleApplication@510fe161
reloadAllAccessors: .model1

===========================================================================================
----------------- testing Sun Sep 27 15:57:56 UTC 2020 /home/travis/build/icyphy/ptII/ptolemy/domains/modal/test/auto/test-direct-in-out.xml
----------------- Instantiating /home/travis/build/icyphy/ptII/ptolemy/domains/modal/test/auto/test-direct-in-out.xml
5 ms. Memory: 324608K Free: 198814K (61%)
----------------- Invoking toplevel() on ptolemy.moml.MoMLSimpleApplication@315ee0d4
----------------- Done invoking toplevel() on ptolemy.moml.MoMLSimpleApplication@315ee0d4
reloadAllAccessors: .test-direct-in-out
AutoTests.java: About to close Vertx.
AutoTests.java: Vertx closed.
]]></system-out>
  <system-err><![CDATA[java.lang.RuntimeException: Execution failed
	at ptolemy.moml.MoMLSimpleApplication$UnloadThread.run(MoMLSimpleApplication.java:402)
Caused by: ptolemy.kernel.util.IllegalActionException: Unknown inputs remain. Possible causality loop:
L_model_1893289564i

  in .CannotAnalysisWithPreemption.model_1893289564_region_1 and .CannotAnalysisWithPreemption.model_1893289564_region_1.L_model_1893289564i
	at ptolemy.actor.sched.FixedPointDirector.postfire(FixedPointDirector.java:515)
	at ptolemy.domains.sr.kernel.SRDirector.postfire(SRDirector.java:417)
	at ptolemy.actor.CompositeActor.postfire(CompositeActor.java:1668)
	at ptolemy.actor.Manager.iterate(Manager.java:852)
	at ptolemy.actor.Manager.execute(Manager.java:369)
	at ptolemy.actor.Manager.run(Manager.java:1263)
	at ptolemy.actor.Manager$PtolemyRunThread.run(Manager.java:1933)
java.lang.reflect.InvocationTargetException
	at java.base/jdk.internal.reflect.NativeConstructorAccessorImpl.newInstance0(Native Method)
	at java.base/jdk.internal.reflect.NativeConstructorAccessorImpl.newInstance(NativeConstructorAccessorImpl.java:62)
	at java.base/jdk.internal.reflect.DelegatingConstructorAccessorImpl.newInstance(DelegatingConstructorAccessorImpl.java:45)
	at java.base/java.lang.reflect.Constructor.newInstance(Constructor.java:490)
	at ptolemy.util.test.junit.AutoKnownFailedTests.RunModel(AutoKnownFailedTests.java:105)
	at java.base/jdk.internal.reflect.NativeMethodAccessorImpl.invoke0(Native Method)
	at java.base/jdk.internal.reflect.NativeMethodAccessorImpl.invoke(NativeMethodAccessorImpl.java:62)
	at java.base/jdk.internal.reflect.DelegatingMethodAccessorImpl.invoke(DelegatingMethodAccessorImpl.java:43)
	at java.base/java.lang.reflect.Method.invoke(Method.java:566)
	at org.junit.runners.model.FrameworkMethod$1.runReflectiveCall(FrameworkMethod.java:44)
	at org.junit.internal.runners.model.ReflectiveCallable.run(ReflectiveCallable.java:15)
	at org.junit.runners.model.FrameworkMethod.invokeExplosively(FrameworkMethod.java:41)
	at junitparams.internal.InvokeParameterisedMethod.evaluate(InvokeParameterisedMethod.java:102)
	at org.junit.internal.runners.statements.FailOnTimeout$1.run(FailOnTimeout.java:28)
Caused by: ptolemy.kernel.util.IllegalActionException: Unknown inputs remain. Possible causality loop:
L_model_1893289564i

  in .CannotAnalysisWithPreemption.model_1893289564_region_1 and .CannotAnalysisWithPreemption.model_1893289564_region_1.L_model_1893289564i
	at ptolemy.actor.sched.FixedPointDirector.postfire(FixedPointDirector.java:515)
	at ptolemy.domains.sr.kernel.SRDirector.postfire(SRDirector.java:417)
	at ptolemy.actor.CompositeActor.postfire(CompositeActor.java:1668)
	at ptolemy.actor.Manager.iterate(Manager.java:852)
	at ptolemy.actor.Manager.execute(Manager.java:369)
	at ptolemy.actor.Manager.run(Manager.java:1263)
	at ptolemy.actor.Manager$PtolemyRunThread.run(Manager.java:1933)
]]></system-err>
</testsuite>
