<?xml version="1.0" encoding="UTF-8" ?>
<testsuite errors="0" failures="0" hostname="travis-job-9709df40-35c4-4e3c-a579-fafeff6a7d4a" name="ptolemy.domains.continuous.test.junit.JUnitTclTest" skipped="0" tests="156" time="72.166" timestamp="2020-03-04T17:01:11">
  <properties>
[...]
</properties>
  <testcase classname="ptolemy.util.test.junit.TclTests" name="[0] ThereAreNoTclTests (RunTclFile)" time="0.009" />
  <testcase classname="ptolemy.util.test.junit.AutoKnownFailedTests" name="[0] ThereAreNoKnowFailedTests (RunModel)" time="0.003" />
  <testcase classname="ptolemy.util.test.junit.AutoNameArchTests" name="[0] ThereAreNoAutoArchTests (RunModel)" time="0.01" />
  <testcase classname="ptolemy.util.test.junit.AutoTests" name="[0] /home/travis/build/icyphy/ptII/ptolemy/domains/continuous/test/auto/BouncingBall.xml (RunModel)" time="3.003" />
  <testcase classname="ptolemy.util.test.junit.AutoTests" name="[1] /home/travis/build/icyphy/ptII/ptolemy/domains/continuous/test/auto/BouncingBallWithoutGR.xml (RunModel)" time="0.936" />
  <testcase classname="ptolemy.util.test.junit.AutoTests" name="[2] /home/travis/build/icyphy/ptII/ptolemy/domains/continuous/test/auto/Brownian.xml (RunModel)" time="0.083" />
  <testcase classname="ptolemy.util.test.junit.AutoTests" name="[3] /home/travis/build/icyphy/ptII/ptolemy/domains/continuous/test/auto/CarTracking.xml (RunModel)" time="3.825" />
  <testcase classname="ptolemy.util.test.junit.AutoTests" name="[4] /home/travis/build/icyphy/ptII/ptolemy/domains/continuous/test/auto/CartPendulum.xml (RunModel)" time="0.575" />
  <testcase classname="ptolemy.util.test.junit.AutoTests" name="[5] /home/travis/build/icyphy/ptII/ptolemy/domains/continuous/test/auto/CausalityInterface10.xml (RunModel)" time="0.058" />
  <testcase classname="ptolemy.util.test.junit.AutoTests" name="[6] /home/travis/build/icyphy/ptII/ptolemy/domains/continuous/test/auto/CausalityInterface11.xml (RunModel)" time="0.031" />
  <testcase classname="ptolemy.util.test.junit.AutoTests" name="[7] /home/travis/build/icyphy/ptII/ptolemy/domains/continuous/test/auto/CausalityInterface12.xml (RunModel)" time="0.046" />
  <testcase classname="ptolemy.util.test.junit.AutoTests" name="[8] /home/travis/build/icyphy/ptII/ptolemy/domains/continuous/test/auto/CausalityInterface13.xml (RunModel)" time="0.026" />
  <testcase classname="ptolemy.util.test.junit.AutoTests" name="[9] /home/travis/build/icyphy/ptII/ptolemy/domains/continuous/test/auto/CausalityInterface14.xml (RunModel)" time="0.021" />
  <testcase classname="ptolemy.util.test.junit.AutoTests" name="[10] /home/travis/build/icyphy/ptII/ptolemy/domains/continuous/test/auto/CausalityInterface4.xml (RunModel)" time="0.028" />
  <testcase classname="ptolemy.util.test.junit.AutoTests" name="[11] /home/travis/build/icyphy/ptII/ptolemy/domains/continuous/test/auto/CausalityInterface5.xml (RunModel)" time="0.038" />
  <testcase classname="ptolemy.util.test.junit.AutoTests" name="[12] /home/travis/build/icyphy/ptII/ptolemy/domains/continuous/test/auto/CausalityInterface6.xml (RunModel)" time="0.031" />
  <testcase classname="ptolemy.util.test.junit.AutoTests" name="[13] /home/travis/build/icyphy/ptII/ptolemy/domains/continuous/test/auto/CausalityInterface7.xml (RunModel)" time="0.041" />
  <testcase classname="ptolemy.util.test.junit.AutoTests" name="[14] /home/travis/build/icyphy/ptII/ptolemy/domains/continuous/test/auto/CausalityInterface8.xml (RunModel)" time="0.041" />
  <testcase classname="ptolemy.util.test.junit.AutoTests" name="[15] /home/travis/build/icyphy/ptII/ptolemy/domains/continuous/test/auto/CausalityInterface9.xml (RunModel)" time="0.044" />
  <testcase classname="ptolemy.util.test.junit.AutoTests" name="[16] /home/travis/build/icyphy/ptII/ptolemy/domains/continuous/test/auto/CausalityInterfaceFeedback1.xml (RunModel)" time="0.031" />
  <testcase classname="ptolemy.util.test.junit.AutoTests" name="[17] /home/travis/build/icyphy/ptII/ptolemy/domains/continuous/test/auto/CausalityInterfaceFeedback2.xml (RunModel)" time="0.049" />
  <testcase classname="ptolemy.util.test.junit.AutoTests" name="[18] /home/travis/build/icyphy/ptII/ptolemy/domains/continuous/test/auto/CompareWithCurrentTime.xml (RunModel)" time="0.036" />
  <testcase classname="ptolemy.util.test.junit.AutoTests" name="[19] /home/travis/build/icyphy/ptII/ptolemy/domains/continuous/test/auto/ComparedClocks.xml (RunModel)" time="0.062" />
  <testcase classname="ptolemy.util.test.junit.AutoTests" name="[20] /home/travis/build/icyphy/ptII/ptolemy/domains/continuous/test/auto/ContinuousAOCClone.xml (RunModel)" time="2.507" />
  <testcase classname="ptolemy.util.test.junit.AutoTests" name="[21] /home/travis/build/icyphy/ptII/ptolemy/domains/continuous/test/auto/ContinuousClock.xml (RunModel)" time="0.069" />
  <testcase classname="ptolemy.util.test.junit.AutoTests" name="[22] /home/travis/build/icyphy/ptII/ptolemy/domains/continuous/test/auto/ContinuousInContinuous.xml (RunModel)" time="0.07" />
  <testcase classname="ptolemy.util.test.junit.AutoTests" name="[23] /home/travis/build/icyphy/ptII/ptolemy/domains/continuous/test/auto/ContinuousInContinuousInContinuous.xml (RunModel)" time="0.026" />
  <testcase classname="ptolemy.util.test.junit.AutoTests" name="[24] /home/travis/build/icyphy/ptII/ptolemy/domains/continuous/test/auto/ContinuousInDE.xml (RunModel)" time="0.098" />
  <testcase classname="ptolemy.util.test.junit.AutoTests" name="[25] /home/travis/build/icyphy/ptII/ptolemy/domains/continuous/test/auto/ContinuousInDE2.xml (RunModel)" time="0.056" />
  <testcase classname="ptolemy.util.test.junit.AutoTests" name="[26] /home/travis/build/icyphy/ptII/ptolemy/domains/continuous/test/auto/ContinuousInDE3.xml (RunModel)" time="0.051" />
  <testcase classname="ptolemy.util.test.junit.AutoTests" name="[27] /home/travis/build/icyphy/ptII/ptolemy/domains/continuous/test/auto/ContinuousInDE4.xml (RunModel)" time="0.037" />
  <testcase classname="ptolemy.util.test.junit.AutoTests" name="[28] /home/travis/build/icyphy/ptII/ptolemy/domains/continuous/test/auto/ContinuousInDEDifferentRefinements.xml (RunModel)" time="0.115" />
  <testcase classname="ptolemy.util.test.junit.AutoTests" name="[29] /home/travis/build/icyphy/ptII/ptolemy/domains/continuous/test/auto/ContinuousInDEDifferentRefinementsPreemptive.xml (RunModel)" time="0.109" />
  <testcase classname="ptolemy.util.test.junit.AutoTests" name="[30] /home/travis/build/icyphy/ptII/ptolemy/domains/continuous/test/auto/ContinuousInDEInContinuous2.xml (RunModel)" time="0.063" />
  <testcase classname="ptolemy.util.test.junit.AutoTests" name="[31] /home/travis/build/icyphy/ptII/ptolemy/domains/continuous/test/auto/ContinuousInDEInContinuous3.xml (RunModel)" time="0.059" />
  <testcase classname="ptolemy.util.test.junit.AutoTests" name="[32] /home/travis/build/icyphy/ptII/ptolemy/domains/continuous/test/auto/ContinuousInDEInput.xml (RunModel)" time="0.032" />
  <testcase classname="ptolemy.util.test.junit.AutoTests" name="[33] /home/travis/build/icyphy/ptII/ptolemy/domains/continuous/test/auto/ContinuousInDEInput2.xml (RunModel)" time="0.033" />
  <testcase classname="ptolemy.util.test.junit.AutoTests" name="[34] /home/travis/build/icyphy/ptII/ptolemy/domains/continuous/test/auto/ContinuousInDEInput3.xml (RunModel)" time="0.03" />
  <testcase classname="ptolemy.util.test.junit.AutoTests" name="[35] /home/travis/build/icyphy/ptII/ptolemy/domains/continuous/test/auto/ContinuousInDESharingRefinement.xml (RunModel)" time="0.17" />
  <testcase classname="ptolemy.util.test.junit.AutoTests" name="[36] /home/travis/build/icyphy/ptII/ptolemy/domains/continuous/test/auto/ContinuousInDEwithNoPorts.xml (RunModel)" time="0.015" />
  <testcase classname="ptolemy.util.test.junit.AutoTests" name="[37] /home/travis/build/icyphy/ptII/ptolemy/domains/continuous/test/auto/ContinuousInsideDE.xml (RunModel)" time="0.074" />
  <testcase classname="ptolemy.util.test.junit.AutoTests" name="[38] /home/travis/build/icyphy/ptII/ptolemy/domains/continuous/test/auto/ContinuousMerge1.xml (RunModel)" time="0.015" />
  <testcase classname="ptolemy.util.test.junit.AutoTests" name="[39] /home/travis/build/icyphy/ptII/ptolemy/domains/continuous/test/auto/ContinuousMerge2.xml (RunModel)" time="0.042" />
  <testcase classname="ptolemy.util.test.junit.AutoTests" name="[40] /home/travis/build/icyphy/ptII/ptolemy/domains/continuous/test/auto/ContinuousMerge3.xml (RunModel)" time="0.106" />
  <testcase classname="ptolemy.util.test.junit.AutoTests" name="[41] /home/travis/build/icyphy/ptII/ptolemy/domains/continuous/test/auto/ContinuousWithinContinuous.xml (RunModel)" time="0.049" />
  <testcase classname="ptolemy.util.test.junit.AutoTests" name="[42] /home/travis/build/icyphy/ptII/ptolemy/domains/continuous/test/auto/ContinuousWithinContinuous2.xml (RunModel)" time="0.073" />
  <testcase classname="ptolemy.util.test.junit.AutoTests" name="[43] /home/travis/build/icyphy/ptII/ptolemy/domains/continuous/test/auto/ContinuousWithinContinuous3.xml (RunModel)" time="0.031" />
  <testcase classname="ptolemy.util.test.junit.AutoTests" name="[44] /home/travis/build/icyphy/ptII/ptolemy/domains/continuous/test/auto/ContinuousWithinContinuous4.xml (RunModel)" time="0.089" />
  <testcase classname="ptolemy.util.test.junit.AutoTests" name="[45] /home/travis/build/icyphy/ptII/ptolemy/domains/continuous/test/auto/ContinuousWithinContinuous5.xml (RunModel)" time="0.029" />
  <testcase classname="ptolemy.util.test.junit.AutoTests" name="[46] /home/travis/build/icyphy/ptII/ptolemy/domains/continuous/test/auto/ContinuousWithinContinuous6.xml (RunModel)" time="0.037" />
  <testcase classname="ptolemy.util.test.junit.AutoTests" name="[47] /home/travis/build/icyphy/ptII/ptolemy/domains/continuous/test/auto/ContinuousWithinContinuous7.xml (RunModel)" time="0.061" />
  <testcase classname="ptolemy.util.test.junit.AutoTests" name="[48] /home/travis/build/icyphy/ptII/ptolemy/domains/continuous/test/auto/DCMotor.xml (RunModel)" time="13.58" />
  <testcase classname="ptolemy.util.test.junit.AutoTests" name="[49] /home/travis/build/icyphy/ptII/ptolemy/domains/continuous/test/auto/DEInContinuous.xml (RunModel)" time="0.041" />
  <testcase classname="ptolemy.util.test.junit.AutoTests" name="[50] /home/travis/build/icyphy/ptII/ptolemy/domains/continuous/test/auto/DEinContinuous2.xml (RunModel)" time="0.027" />
  <testcase classname="ptolemy.util.test.junit.AutoTests" name="[51] /home/travis/build/icyphy/ptII/ptolemy/domains/continuous/test/auto/Derivative.xml (RunModel)" time="0.209" />
  <testcase classname="ptolemy.util.test.junit.AutoTests" name="[52] /home/travis/build/icyphy/ptII/ptolemy/domains/continuous/test/auto/Derivative1.xml (RunModel)" time="0.062" />
  <testcase classname="ptolemy.util.test.junit.AutoTests" name="[53] /home/travis/build/icyphy/ptII/ptolemy/domains/continuous/test/auto/DiscreteClock.xml (RunModel)" time="0.026" />
  <testcase classname="ptolemy.util.test.junit.AutoTests" name="[54] /home/travis/build/icyphy/ptII/ptolemy/domains/continuous/test/auto/EfficiencyCurve.xml (RunModel)" time="0.106" />
  <testcase classname="ptolemy.util.test.junit.AutoTests" name="[55] /home/travis/build/icyphy/ptII/ptolemy/domains/continuous/test/auto/ExponentialResponse.xml (RunModel)" time="0.118" />
  <testcase classname="ptolemy.util.test.junit.AutoTests" name="[56] /home/travis/build/icyphy/ptII/ptolemy/domains/continuous/test/auto/ExponentialResponseRK45.xml (RunModel)" time="0.032" />
  <testcase classname="ptolemy.util.test.junit.AutoTests" name="[57] /home/travis/build/icyphy/ptII/ptolemy/domains/continuous/test/auto/Friction.xml (RunModel)" time="1.627" />
  <testcase classname="ptolemy.util.test.junit.AutoTests" name="[58] /home/travis/build/icyphy/ptII/ptolemy/domains/continuous/test/auto/FurutaPendulum.xml (RunModel)" time="3.403" />
  <testcase classname="ptolemy.util.test.junit.AutoTests" name="[59] /home/travis/build/icyphy/ptII/ptolemy/domains/continuous/test/auto/HierarchicalExecution.xml (RunModel)" time="2.13" />
  <testcase classname="ptolemy.util.test.junit.AutoTests" name="[60] /home/travis/build/icyphy/ptII/ptolemy/domains/continuous/test/auto/HybridPlant.xml (RunModel)" time="0.573" />
  <testcase classname="ptolemy.util.test.junit.AutoTests" name="[61] /home/travis/build/icyphy/ptII/ptolemy/domains/continuous/test/auto/Hysteresis.xml (RunModel)" time="0.195" />
  <testcase classname="ptolemy.util.test.junit.AutoTests" name="[62] /home/travis/build/icyphy/ptII/ptolemy/domains/continuous/test/auto/HysteresisWithRandomDelay.xml (RunModel)" time="0.235" />
  <testcase classname="ptolemy.util.test.junit.AutoTests" name="[63] /home/travis/build/icyphy/ptII/ptolemy/domains/continuous/test/auto/HysteresisWithRandomLosses.xml (RunModel)" time="2.555" />
  <testcase classname="ptolemy.util.test.junit.AutoTests" name="[64] /home/travis/build/icyphy/ptII/ptolemy/domains/continuous/test/auto/ImmediateTransitions.xml (RunModel)" time="0.026" />
  <testcase classname="ptolemy.util.test.junit.AutoTests" name="[65] /home/travis/build/icyphy/ptII/ptolemy/domains/continuous/test/auto/ImpulseFeedback.xml (RunModel)" time="0.022" />
  <testcase classname="ptolemy.util.test.junit.AutoTests" name="[66] /home/travis/build/icyphy/ptII/ptolemy/domains/continuous/test/auto/ImpulseFeedback2.xml (RunModel)" time="0.016" />
  <testcase classname="ptolemy.util.test.junit.AutoTests" name="[67] /home/travis/build/icyphy/ptII/ptolemy/domains/continuous/test/auto/IncreasingRatePoisson.xml (RunModel)" time="0.771" />
  <testcase classname="ptolemy.util.test.junit.AutoTests" name="[68] /home/travis/build/icyphy/ptII/ptolemy/domains/continuous/test/auto/InitialStateFeedback.xml (RunModel)" time="0.011" />
  <testcase classname="ptolemy.util.test.junit.AutoTests" name="[69] /home/travis/build/icyphy/ptII/ptolemy/domains/continuous/test/auto/Integration.xml (RunModel)" time="0.009" />
  <testcase classname="ptolemy.util.test.junit.AutoTests" name="[70] /home/travis/build/icyphy/ptII/ptolemy/domains/continuous/test/auto/Integration2.xml (RunModel)" time="0.079" />
  <testcase classname="ptolemy.util.test.junit.AutoTests" name="[71] /home/travis/build/icyphy/ptII/ptolemy/domains/continuous/test/auto/Integration3.xml (RunModel)" time="0.012" />
  <testcase classname="ptolemy.util.test.junit.AutoTests" name="[72] /home/travis/build/icyphy/ptII/ptolemy/domains/continuous/test/auto/Integration5.xml (RunModel)" time="0.01" />
  <testcase classname="ptolemy.util.test.junit.AutoTests" name="[73] /home/travis/build/icyphy/ptII/ptolemy/domains/continuous/test/auto/IntegratorImpulse.xml (RunModel)" time="0.01" />
  <testcase classname="ptolemy.util.test.junit.AutoTests" name="[74] /home/travis/build/icyphy/ptII/ptolemy/domains/continuous/test/auto/IntegratorImpulse2.xml (RunModel)" time="0.025" />
  <testcase classname="ptolemy.util.test.junit.AutoTests" name="[75] /home/travis/build/icyphy/ptII/ptolemy/domains/continuous/test/auto/LevelCrossing1.xml (RunModel)" time="0.013" />
  <testcase classname="ptolemy.util.test.junit.AutoTests" name="[76] /home/travis/build/icyphy/ptII/ptolemy/domains/continuous/test/auto/LevelCrossing2.xml (RunModel)" time="0.013" />
  <testcase classname="ptolemy.util.test.junit.AutoTests" name="[77] /home/travis/build/icyphy/ptII/ptolemy/domains/continuous/test/auto/LevelCrossing3.xml (RunModel)" time="0.012" />
  <testcase classname="ptolemy.util.test.junit.AutoTests" name="[78] /home/travis/build/icyphy/ptII/ptolemy/domains/continuous/test/auto/LevelCrossing4.xml (RunModel)" time="0.017" />
  <testcase classname="ptolemy.util.test.junit.AutoTests" name="[79] /home/travis/build/icyphy/ptII/ptolemy/domains/continuous/test/auto/LevelCrossing5.xml (RunModel)" time="0.016" />
  <testcase classname="ptolemy.util.test.junit.AutoTests" name="[80] /home/travis/build/icyphy/ptII/ptolemy/domains/continuous/test/auto/LevelCrossing6.xml (RunModel)" time="0.014" />
  <testcase classname="ptolemy.util.test.junit.AutoTests" name="[81] /home/travis/build/icyphy/ptII/ptolemy/domains/continuous/test/auto/LevelCrossingDetector.xml (RunModel)" time="0.037" />
  <testcase classname="ptolemy.util.test.junit.AutoTests" name="[82] /home/travis/build/icyphy/ptII/ptolemy/domains/continuous/test/auto/LevelCrossingDetectorDetectingDirections.xml (RunModel)" time="0.085" />
  <testcase classname="ptolemy.util.test.junit.AutoTests" name="[83] /home/travis/build/icyphy/ptII/ptolemy/domains/continuous/test/auto/LevelCrossingDetectorDetectsGlitches.xml (RunModel)" time="0.065" />
  <testcase classname="ptolemy.util.test.junit.AutoTests" name="[84] /home/travis/build/icyphy/ptII/ptolemy/domains/continuous/test/auto/LevelCrossingNoInitialOuput.xml (RunModel)" time="0.017" />
  <testcase classname="ptolemy.util.test.junit.AutoTests" name="[85] /home/travis/build/icyphy/ptII/ptolemy/domains/continuous/test/auto/LinearStateSpaceExample.xml (RunModel)" time="0.072" />
  <testcase classname="ptolemy.util.test.junit.AutoTests" name="[86] /home/travis/build/icyphy/ptII/ptolemy/domains/continuous/test/auto/Lorenz.xml (RunModel)" time="3.575" />
  <testcase classname="ptolemy.util.test.junit.AutoTests" name="[87] /home/travis/build/icyphy/ptII/ptolemy/domains/continuous/test/auto/LorenzDifferentialSystem.xml (RunModel)" time="0.861" />
  <testcase classname="ptolemy.util.test.junit.AutoTests" name="[88] /home/travis/build/icyphy/ptII/ptolemy/domains/continuous/test/auto/LorenzDifferentialSystemWithInput.xml (RunModel)" time="1.249" />
  <testcase classname="ptolemy.util.test.junit.AutoTests" name="[89] /home/travis/build/icyphy/ptII/ptolemy/domains/continuous/test/auto/LorenzDifferentialSystemWithTime.xml (RunModel)" time="0.763" />
  <testcase classname="ptolemy.util.test.junit.AutoTests" name="[90] /home/travis/build/icyphy/ptII/ptolemy/domains/continuous/test/auto/Microsteps.xml (RunModel)" time="0.037" />
  <testcase classname="ptolemy.util.test.junit.AutoTests" name="[91] /home/travis/build/icyphy/ptII/ptolemy/domains/continuous/test/auto/Modal1.xml (RunModel)" time="0.037" />
  <testcase classname="ptolemy.util.test.junit.AutoTests" name="[92] /home/travis/build/icyphy/ptII/ptolemy/domains/continuous/test/auto/Modal2.xml (RunModel)" time="0.039" />
  <testcase classname="ptolemy.util.test.junit.AutoTests" name="[93] /home/travis/build/icyphy/ptII/ptolemy/domains/continuous/test/auto/ModalTransitionGuardWithReset.xml (RunModel)" time="0.031" />
  <testcase classname="ptolemy.util.test.junit.AutoTests" name="[94] /home/travis/build/icyphy/ptII/ptolemy/domains/continuous/test/auto/ModalTransitionGuardWithResetUsingPreemptiveTransition.xml (RunModel)" time="0.031" />
  <testcase classname="ptolemy.util.test.junit.AutoTests" name="[95] /home/travis/build/icyphy/ptII/ptolemy/domains/continuous/test/auto/ModalTransitionGuardWithResetUsingPreemptiveTransition2.xml (RunModel)" time="0.026" />
  <testcase classname="ptolemy.util.test.junit.AutoTests" name="[96] /home/travis/build/icyphy/ptII/ptolemy/domains/continuous/test/auto/ModalTransitionGuardWithResetUsingPreemptiveTransition3.xml (RunModel)" time="0.025" />
  <testcase classname="ptolemy.util.test.junit.AutoTests" name="[97] /home/travis/build/icyphy/ptII/ptolemy/domains/continuous/test/auto/NewtonsCradle.xml (RunModel)" time="0.804" />
  <testcase classname="ptolemy.util.test.junit.AutoTests" name="[98] /home/travis/build/icyphy/ptII/ptolemy/domains/continuous/test/auto/NewtonsCradleAnimated.xml (RunModel)" time="1.258" />
  <testcase classname="ptolemy.util.test.junit.AutoTests" name="[99] /home/travis/build/icyphy/ptII/ptolemy/domains/continuous/test/auto/NewtonsCradleComplicated.xml (RunModel)" time="0.925" />
  <testcase classname="ptolemy.util.test.junit.AutoTests" name="[100] /home/travis/build/icyphy/ptII/ptolemy/domains/continuous/test/auto/NewtonsCradleNondeterministic.xml (RunModel)" time="0.688" />
  <testcase classname="ptolemy.util.test.junit.AutoTests" name="[101] /home/travis/build/icyphy/ptII/ptolemy/domains/continuous/test/auto/NewtonsCradlePerfectlyInelastic1.xml (RunModel)" time="1.232" />
  <testcase classname="ptolemy.util.test.junit.AutoTests" name="[102] /home/travis/build/icyphy/ptII/ptolemy/domains/continuous/test/auto/Noise.xml (RunModel)" time="0.188" />
  <testcase classname="ptolemy.util.test.junit.AutoTests" name="[103] /home/travis/build/icyphy/ptII/ptolemy/domains/continuous/test/auto/NoiseSpectrum.xml (RunModel)" time="0.631" />
  <testcase classname="ptolemy.util.test.junit.AutoTests" name="[104] /home/travis/build/icyphy/ptII/ptolemy/domains/continuous/test/auto/ParameterizedNewtonsCradleAnimated.xml (RunModel)" time="0.349" />
  <testcase classname="ptolemy.util.test.junit.AutoTests" name="[105] /home/travis/build/icyphy/ptII/ptolemy/domains/continuous/test/auto/ParameterizedNewtonsCradleAnimatedNondeterministic.xml (RunModel)" time="1.19" />
  <testcase classname="ptolemy.util.test.junit.AutoTests" name="[106] /home/travis/build/icyphy/ptII/ptolemy/domains/continuous/test/auto/Pendulum3D.xml (RunModel)" time="0.213" />
  <testcase classname="ptolemy.util.test.junit.AutoTests" name="[107] /home/travis/build/icyphy/ptII/ptolemy/domains/continuous/test/auto/PeriodicSampler.xml (RunModel)" time="0.011" />
  <testcase classname="ptolemy.util.test.junit.AutoTests" name="[108] /home/travis/build/icyphy/ptII/ptolemy/domains/continuous/test/auto/PeriodicSampler1.xml (RunModel)" time="0.042" />
  <testcase classname="ptolemy.util.test.junit.AutoTests" name="[109] /home/travis/build/icyphy/ptII/ptolemy/domains/continuous/test/auto/PeriodicSampler2.xml (RunModel)" time="0.078" />
  <testcase classname="ptolemy.util.test.junit.AutoTests" name="[110] /home/travis/build/icyphy/ptII/ptolemy/domains/continuous/test/auto/Poisson.xml (RunModel)" time="0.448" />
  <testcase classname="ptolemy.util.test.junit.AutoTests" name="[111] /home/travis/build/icyphy/ptII/ptolemy/domains/continuous/test/auto/PoissonClock.xml (RunModel)" time="0.015" />
  <testcase classname="ptolemy.util.test.junit.AutoTests" name="[112] /home/travis/build/icyphy/ptII/ptolemy/domains/continuous/test/auto/PoissonClock2.xml (RunModel)" time="0.014" />
  <testcase classname="ptolemy.util.test.junit.AutoTests" name="[113] /home/travis/build/icyphy/ptII/ptolemy/domains/continuous/test/auto/PortParameterHierarchy.xml (RunModel)" time="0.027" />
  <testcase classname="ptolemy.util.test.junit.AutoTests" name="[114] /home/travis/build/icyphy/ptII/ptolemy/domains/continuous/test/auto/RandomHybridPlant.xml (RunModel)" time="0.585" />
  <testcase classname="ptolemy.util.test.junit.AutoTests" name="[115] /home/travis/build/icyphy/ptII/ptolemy/domains/continuous/test/auto/ResetTransitionWithStartTime1.xml (RunModel)" time="0.037" />
  <testcase classname="ptolemy.util.test.junit.AutoTests" name="[116] /home/travis/build/icyphy/ptII/ptolemy/domains/continuous/test/auto/ResetTransitionWithStartTime2.xml (RunModel)" time="0.043" />
  <testcase classname="ptolemy.util.test.junit.AutoTests" name="[117] /home/travis/build/icyphy/ptII/ptolemy/domains/continuous/test/auto/ResetTransitionWithStartTime3.xml (RunModel)" time="0.037" />
  <testcase classname="ptolemy.util.test.junit.AutoTests" name="[118] /home/travis/build/icyphy/ptII/ptolemy/domains/continuous/test/auto/ResetTransitionWithStartTime4.xml (RunModel)" time="0.026" />
  <testcase classname="ptolemy.util.test.junit.AutoTests" name="[119] /home/travis/build/icyphy/ptII/ptolemy/domains/continuous/test/auto/ResetTransitionWithStartTime5.xml (RunModel)" time="0.034" />
  <testcase classname="ptolemy.util.test.junit.AutoTests" name="[120] /home/travis/build/icyphy/ptII/ptolemy/domains/continuous/test/auto/ResetTransitionWithStartTime6.xml (RunModel)" time="0.029" />
  <testcase classname="ptolemy.util.test.junit.AutoTests" name="[121] /home/travis/build/icyphy/ptII/ptolemy/domains/continuous/test/auto/SRinContinuous.xml (RunModel)" time="0.02" />
  <testcase classname="ptolemy.util.test.junit.AutoTests" name="[122] /home/travis/build/icyphy/ptII/ptolemy/domains/continuous/test/auto/SampledClocks.xml (RunModel)" time="0.03" />
  <testcase classname="ptolemy.util.test.junit.AutoTests" name="[123] /home/travis/build/icyphy/ptII/ptolemy/domains/continuous/test/auto/Satellite.xml (RunModel)" time="0.751" />
  <testcase classname="ptolemy.util.test.junit.AutoTests" name="[124] /home/travis/build/icyphy/ptII/ptolemy/domains/continuous/test/auto/SigmaDelta.xml (RunModel)" time="2.039" />
  <testcase classname="ptolemy.util.test.junit.AutoTests" name="[125] /home/travis/build/icyphy/ptII/ptolemy/domains/continuous/test/auto/SingleRefinement.xml (RunModel)" time="0.426" />
  <testcase classname="ptolemy.util.test.junit.AutoTests" name="[126] /home/travis/build/icyphy/ptII/ptolemy/domains/continuous/test/auto/SinuBouncingBall.xml (RunModel)" time="0.843" />
  <testcase classname="ptolemy.util.test.junit.AutoTests" name="[127] /home/travis/build/icyphy/ptII/ptolemy/domains/continuous/test/auto/Sinusoid.xml (RunModel)" time="0.019" />
  <testcase classname="ptolemy.util.test.junit.AutoTests" name="[128] /home/travis/build/icyphy/ptII/ptolemy/domains/continuous/test/auto/SinusoidInNoise.xml (RunModel)" time="0.841" />
  <testcase classname="ptolemy.util.test.junit.AutoTests" name="[129] /home/travis/build/icyphy/ptII/ptolemy/domains/continuous/test/auto/SinusoidRK45.xml (RunModel)" time="0.024" />
  <testcase classname="ptolemy.util.test.junit.AutoTests" name="[130] /home/travis/build/icyphy/ptII/ptolemy/domains/continuous/test/auto/SinusoidWithMultipleImpulses.xml (RunModel)" time="0.013" />
  <testcase classname="ptolemy.util.test.junit.AutoTests" name="[131] /home/travis/build/icyphy/ptII/ptolemy/domains/continuous/test/auto/SquareWave.xml (RunModel)" time="0.186" />
  <testcase classname="ptolemy.util.test.junit.AutoTests" name="[132] /home/travis/build/icyphy/ptII/ptolemy/domains/continuous/test/auto/Starmac.xml (RunModel)" time="3.352" />
  <testcase classname="ptolemy.util.test.junit.AutoTests" name="[133] /home/travis/build/icyphy/ptII/ptolemy/domains/continuous/test/auto/StaticUnits.xml (RunModel)" time="2.37" />
  <testcase classname="ptolemy.util.test.junit.AutoTests" name="[134] /home/travis/build/icyphy/ptII/ptolemy/domains/continuous/test/auto/StickyMasses.xml (RunModel)" time="0.195" />
  <testcase classname="ptolemy.util.test.junit.AutoTests" name="[135] /home/travis/build/icyphy/ptII/ptolemy/domains/continuous/test/auto/StopTime.xml (RunModel)" time="0.067" />
  <testcase classname="ptolemy.util.test.junit.AutoTests" name="[136] /home/travis/build/icyphy/ptII/ptolemy/domains/continuous/test/auto/StopTime2.xml (RunModel)" time="0.061" />
  <testcase classname="ptolemy.util.test.junit.AutoTests" name="[137] /home/travis/build/icyphy/ptII/ptolemy/domains/continuous/test/auto/Switch.xml (RunModel)" time="0.063" />
  <testcase classname="ptolemy.util.test.junit.AutoTests" name="[138] /home/travis/build/icyphy/ptII/ptolemy/domains/continuous/test/auto/Thermostat.xml (RunModel)" time="0.219" />
  <testcase classname="ptolemy.util.test.junit.AutoTests" name="[139] /home/travis/build/icyphy/ptII/ptolemy/domains/continuous/test/auto/TimeDelay.xml (RunModel)" time="0.018" />
  <testcase classname="ptolemy.util.test.junit.AutoTests" name="[140] /home/travis/build/icyphy/ptII/ptolemy/domains/continuous/test/auto/TimeDelay2.xml (RunModel)" time="0.022" />
  <testcase classname="ptolemy.util.test.junit.AutoTests" name="[141] /home/travis/build/icyphy/ptII/ptolemy/domains/continuous/test/auto/TimeDelay3.xml (RunModel)" time="0.014" />
  <testcase classname="ptolemy.util.test.junit.AutoTests" name="[142] /home/travis/build/icyphy/ptII/ptolemy/domains/continuous/test/auto/TransferAbsentToInside.xml (RunModel)" time="0.116" />
  <testcase classname="ptolemy.util.test.junit.AutoTests" name="[143] /home/travis/build/icyphy/ptII/ptolemy/domains/continuous/test/auto/Transmission.xml (RunModel)" time="0.818" />
  <testcase classname="ptolemy.util.test.junit.AutoTests" name="[144] /home/travis/build/icyphy/ptII/ptolemy/domains/continuous/test/auto/TriggeredContinuousClock.xml (RunModel)" time="0.063" />
  <testcase classname="ptolemy.util.test.junit.AutoTests" name="[145] /home/travis/build/icyphy/ptII/ptolemy/domains/continuous/test/auto/TwoMachineInfiniteBusControl.xml (RunModel)" time="2.516" />
  <testcase classname="ptolemy.util.test.junit.AutoTests" name="[146] /home/travis/build/icyphy/ptII/ptolemy/domains/continuous/test/auto/V2V.xml (RunModel)" time="0.863" />
  <testcase classname="ptolemy.util.test.junit.AutoTests" name="[147] /home/travis/build/icyphy/ptII/ptolemy/domains/continuous/test/auto/hierarchicalModalModel.xml (RunModel)" time="0.042" />
  <testcase classname="ptolemy.util.test.junit.AutoTests" name="[148] /home/travis/build/icyphy/ptII/ptolemy/domains/continuous/test/auto/hierarchicalModalModel1.xml (RunModel)" time="0.03" />
  <testcase classname="ptolemy.util.test.junit.AutoTests" name="[149] /home/travis/build/icyphy/ptII/ptolemy/domains/continuous/test/auto/hierarchicalModalModel2.xml (RunModel)" time="0.025" />
  <testcase classname="ptolemy.util.test.junit.AutoTests" name="[150] /home/travis/build/icyphy/ptII/ptolemy/domains/continuous/test/auto/hierarchicalModalModel3.xml (RunModel)" time="0.04" />
  <testcase classname="ptolemy.util.test.junit.AutoTests" name="[151] /home/travis/build/icyphy/ptII/ptolemy/domains/continuous/test/auto/hierarchicalModalModel4.xml (RunModel)" time="0.023" />
  <testcase classname="ptolemy.util.test.junit.AutoTests" name="[152] /home/travis/build/icyphy/ptII/ptolemy/domains/continuous/test/auto/junk.xml (RunModel)" time="0.139" />
  <system-out><![CDATA[No tcl tests in /home/travis/build/icyphy/ptII/ptolemy/domains/continuous/test
No auto/knownFailedTests/*.xml tests in /home/travis/build/icyphy/ptII/ptolemy/domains/continuous/test
No auto/linux-amd64/*.xml tests in /home/travis/build/icyphy/ptII/ptolemy/domains/continuous/test
AutoTests.java: About to close Vertx.
AutoTests.java: Vertx closed.

===========================================================================================
----------------- testing Wed Mar 04 17:01:12 UTC 2020 /home/travis/build/icyphy/ptII/ptolemy/domains/continuous/test/auto/BouncingBall.xml
----------------- Instantiating /home/travis/build/icyphy/ptII/ptolemy/domains/continuous/test/auto/BouncingBall.xml
2380 ms. Memory: 129024K Free: 45413K (35%)
----------------- Invoking toplevel() on ptolemy.moml.MoMLSimpleApplication@34cb5e90
----------------- Done invoking toplevel() on ptolemy.moml.MoMLSimpleApplication@34cb5e90
reloadAllAccessors: .BouncingBall

===========================================================================================
----------------- testing Wed Mar 04 17:01:15 UTC 2020 /home/travis/build/icyphy/ptII/ptolemy/domains/continuous/test/auto/BouncingBallWithoutGR.xml
----------------- Instantiating /home/travis/build/icyphy/ptII/ptolemy/domains/continuous/test/auto/BouncingBallWithoutGR.xml
794 ms. Memory: 162816K Free: 145699K (89%)
----------------- Invoking toplevel() on ptolemy.moml.MoMLSimpleApplication@2103f7f
----------------- Done invoking toplevel() on ptolemy.moml.MoMLSimpleApplication@2103f7f
reloadAllAccessors: .BouncingBallWithoutGR

===========================================================================================
----------------- testing Wed Mar 04 17:01:16 UTC 2020 /home/travis/build/icyphy/ptII/ptolemy/domains/continuous/test/auto/Brownian.xml
----------------- Instantiating /home/travis/build/icyphy/ptII/ptolemy/domains/continuous/test/auto/Brownian.xml
20 ms. Memory: 162816K Free: 136997K (84%)
----------------- Invoking toplevel() on ptolemy.moml.MoMLSimpleApplication@bfdce18
----------------- Done invoking toplevel() on ptolemy.moml.MoMLSimpleApplication@bfdce18
reloadAllAccessors: .Brownian

===========================================================================================
----------------- testing Wed Mar 04 17:01:16 UTC 2020 /home/travis/build/icyphy/ptII/ptolemy/domains/continuous/test/auto/CarTracking.xml
----------------- Instantiating /home/travis/build/icyphy/ptII/ptolemy/domains/continuous/test/auto/CarTracking.xml
3424 ms. Memory: 195584K Free: 66941K (34%)
----------------- Invoking toplevel() on ptolemy.moml.MoMLSimpleApplication@299f3a39
----------------- Done invoking toplevel() on ptolemy.moml.MoMLSimpleApplication@299f3a39
reloadAllAccessors: .CarTracking

===========================================================================================
----------------- testing Wed Mar 04 17:01:20 UTC 2020 /home/travis/build/icyphy/ptII/ptolemy/domains/continuous/test/auto/CartPendulum.xml
----------------- Instantiating /home/travis/build/icyphy/ptII/ptolemy/domains/continuous/test/auto/CartPendulum.xml
406 ms. Memory: 235520K Free: 130706K (55%)
----------------- Invoking toplevel() on ptolemy.moml.MoMLSimpleApplication@1f97f98e
----------------- Done invoking toplevel() on ptolemy.moml.MoMLSimpleApplication@1f97f98e
reloadAllAccessors: .CartPendulum

===========================================================================================
----------------- testing Wed Mar 04 17:01:20 UTC 2020 /home/travis/build/icyphy/ptII/ptolemy/domains/continuous/test/auto/CausalityInterface10.xml
----------------- Instantiating /home/travis/build/icyphy/ptII/ptolemy/domains/continuous/test/auto/CausalityInterface10.xml
15 ms. Memory: 235520K Free: 120466K (51%)
----------------- Invoking toplevel() on ptolemy.moml.MoMLSimpleApplication@5ba5e193
----------------- Done invoking toplevel() on ptolemy.moml.MoMLSimpleApplication@5ba5e193
reloadAllAccessors: .CausalityInterface10

===========================================================================================
----------------- testing Wed Mar 04 17:01:20 UTC 2020 /home/travis/build/icyphy/ptII/ptolemy/domains/continuous/test/auto/CausalityInterface11.xml
----------------- Instantiating /home/travis/build/icyphy/ptII/ptolemy/domains/continuous/test/auto/CausalityInterface11.xml
7 ms. Memory: 235520K Free: 114322K (49%)
----------------- Invoking toplevel() on ptolemy.moml.MoMLSimpleApplication@7937bfdb
----------------- Done invoking toplevel() on ptolemy.moml.MoMLSimpleApplication@7937bfdb
reloadAllAccessors: .CausalityInterface11

===========================================================================================
----------------- testing Wed Mar 04 17:01:20 UTC 2020 /home/travis/build/icyphy/ptII/ptolemy/domains/continuous/test/auto/CausalityInterface12.xml
----------------- Instantiating /home/travis/build/icyphy/ptII/ptolemy/domains/continuous/test/auto/CausalityInterface12.xml
17 ms. Memory: 235520K Free: 108178K (46%)
----------------- Invoking toplevel() on ptolemy.moml.MoMLSimpleApplication@1ef8e4d0
----------------- Done invoking toplevel() on ptolemy.moml.MoMLSimpleApplication@1ef8e4d0
reloadAllAccessors: .CausalityInterface12

===========================================================================================
----------------- testing Wed Mar 04 17:01:20 UTC 2020 /home/travis/build/icyphy/ptII/ptolemy/domains/continuous/test/auto/CausalityInterface13.xml
----------------- Instantiating /home/travis/build/icyphy/ptII/ptolemy/domains/continuous/test/auto/CausalityInterface13.xml
4 ms. Memory: 235520K Free: 102034K (43%)
----------------- Invoking toplevel() on ptolemy.moml.MoMLSimpleApplication@1c8302c5
----------------- Done invoking toplevel() on ptolemy.moml.MoMLSimpleApplication@1c8302c5
reloadAllAccessors: .CausalityInterface13

===========================================================================================
----------------- testing Wed Mar 04 17:01:20 UTC 2020 /home/travis/build/icyphy/ptII/ptolemy/domains/continuous/test/auto/CausalityInterface14.xml
----------------- Instantiating /home/travis/build/icyphy/ptII/ptolemy/domains/continuous/test/auto/CausalityInterface14.xml
4 ms. Memory: 235520K Free: 96386K (41%)
----------------- Invoking toplevel() on ptolemy.moml.MoMLSimpleApplication@7a7fa3d9
----------------- Done invoking toplevel() on ptolemy.moml.MoMLSimpleApplication@7a7fa3d9
reloadAllAccessors: .CausalityInterface14

===========================================================================================
----------------- testing Wed Mar 04 17:01:20 UTC 2020 /home/travis/build/icyphy/ptII/ptolemy/domains/continuous/test/auto/CausalityInterface4.xml
----------------- Instantiating /home/travis/build/icyphy/ptII/ptolemy/domains/continuous/test/auto/CausalityInterface4.xml
3 ms. Memory: 235520K Free: 89746K (38%)
----------------- Invoking toplevel() on ptolemy.moml.MoMLSimpleApplication@66d80a67
----------------- Done invoking toplevel() on ptolemy.moml.MoMLSimpleApplication@66d80a67
reloadAllAccessors: .CausalityInterface4

===========================================================================================
----------------- testing Wed Mar 04 17:01:20 UTC 2020 /home/travis/build/icyphy/ptII/ptolemy/domains/continuous/test/auto/CausalityInterface5.xml
----------------- Instantiating /home/travis/build/icyphy/ptII/ptolemy/domains/continuous/test/auto/CausalityInterface5.xml
9 ms. Memory: 235520K Free: 81554K (35%)
----------------- Invoking toplevel() on ptolemy.moml.MoMLSimpleApplication@21f5005d
----------------- Done invoking toplevel() on ptolemy.moml.MoMLSimpleApplication@21f5005d
reloadAllAccessors: .CausalityInterface5

===========================================================================================
----------------- testing Wed Mar 04 17:01:20 UTC 2020 /home/travis/build/icyphy/ptII/ptolemy/domains/continuous/test/auto/CausalityInterface6.xml
----------------- Instantiating /home/travis/build/icyphy/ptII/ptolemy/domains/continuous/test/auto/CausalityInterface6.xml
6 ms. Memory: 235520K Free: 216698K (92%)
----------------- Invoking toplevel() on ptolemy.moml.MoMLSimpleApplication@69288c2a
----------------- Done invoking toplevel() on ptolemy.moml.MoMLSimpleApplication@69288c2a
reloadAllAccessors: .CausalityInterface6

===========================================================================================
----------------- testing Wed Mar 04 17:01:20 UTC 2020 /home/travis/build/icyphy/ptII/ptolemy/domains/continuous/test/auto/CausalityInterface7.xml
----------------- Instantiating /home/travis/build/icyphy/ptII/ptolemy/domains/continuous/test/auto/CausalityInterface7.xml
10 ms. Memory: 235520K Free: 207992K (88%)
----------------- Invoking toplevel() on ptolemy.moml.MoMLSimpleApplication@3ca6850d
----------------- Done invoking toplevel() on ptolemy.moml.MoMLSimpleApplication@3ca6850d
reloadAllAccessors: .CausalityInterface7

===========================================================================================
----------------- testing Wed Mar 04 17:01:20 UTC 2020 /home/travis/build/icyphy/ptII/ptolemy/domains/continuous/test/auto/CausalityInterface8.xml
----------------- Instantiating /home/travis/build/icyphy/ptII/ptolemy/domains/continuous/test/auto/CausalityInterface8.xml
5 ms. Memory: 235520K Free: 198776K (84%)
----------------- Invoking toplevel() on ptolemy.moml.MoMLSimpleApplication@529d15b8
----------------- Done invoking toplevel() on ptolemy.moml.MoMLSimpleApplication@529d15b8
reloadAllAccessors: .CausalityInterface8

===========================================================================================
----------------- testing Wed Mar 04 17:01:21 UTC 2020 /home/travis/build/icyphy/ptII/ptolemy/domains/continuous/test/auto/CausalityInterface9.xml
----------------- Instantiating /home/travis/build/icyphy/ptII/ptolemy/domains/continuous/test/auto/CausalityInterface9.xml
7 ms. Memory: 235520K Free: 188026K (80%)
----------------- Invoking toplevel() on ptolemy.moml.MoMLSimpleApplication@64b0aed1
----------------- Done invoking toplevel() on ptolemy.moml.MoMLSimpleApplication@64b0aed1
reloadAllAccessors: .CausalityInterface9

===========================================================================================
----------------- testing Wed Mar 04 17:01:21 UTC 2020 /home/travis/build/icyphy/ptII/ptolemy/domains/continuous/test/auto/CausalityInterfaceFeedback1.xml
----------------- Instantiating /home/travis/build/icyphy/ptII/ptolemy/domains/continuous/test/auto/CausalityInterfaceFeedback1.xml
8 ms. Memory: 235520K Free: 181354K (77%)
----------------- Invoking toplevel() on ptolemy.moml.MoMLSimpleApplication@4b214013
----------------- Done invoking toplevel() on ptolemy.moml.MoMLSimpleApplication@4b214013
reloadAllAccessors: .CausalityInterfaceFeedback1

===========================================================================================
----------------- testing Wed Mar 04 17:01:21 UTC 2020 /home/travis/build/icyphy/ptII/ptolemy/domains/continuous/test/auto/CausalityInterfaceFeedback2.xml
----------------- Instantiating /home/travis/build/icyphy/ptII/ptolemy/domains/continuous/test/auto/CausalityInterfaceFeedback2.xml
4 ms. Memory: 235520K Free: 174714K (74%)
----------------- Invoking toplevel() on ptolemy.moml.MoMLSimpleApplication@1c585e2
----------------- Done invoking toplevel() on ptolemy.moml.MoMLSimpleApplication@1c585e2
reloadAllAccessors: .CausalityInterfaceFeedback2

===========================================================================================
----------------- testing Wed Mar 04 17:01:21 UTC 2020 /home/travis/build/icyphy/ptII/ptolemy/domains/continuous/test/auto/CompareWithCurrentTime.xml
----------------- Instantiating /home/travis/build/icyphy/ptII/ptolemy/domains/continuous/test/auto/CompareWithCurrentTime.xml
3 ms. Memory: 235520K Free: 170618K (72%)
----------------- Invoking toplevel() on ptolemy.moml.MoMLSimpleApplication@72e0d4c5
----------------- Done invoking toplevel() on ptolemy.moml.MoMLSimpleApplication@72e0d4c5
reloadAllAccessors: .CompareWithCurrentTime

===========================================================================================
----------------- testing Wed Mar 04 17:01:21 UTC 2020 /home/travis/build/icyphy/ptII/ptolemy/domains/continuous/test/auto/ComparedClocks.xml
----------------- Instantiating /home/travis/build/icyphy/ptII/ptolemy/domains/continuous/test/auto/ComparedClocks.xml
7 ms. Memory: 235520K Free: 155258K (66%)
----------------- Invoking toplevel() on ptolemy.moml.MoMLSimpleApplication@5a774304
----------------- Done invoking toplevel() on ptolemy.moml.MoMLSimpleApplication@5a774304
reloadAllAccessors: .ComparedClocks

===========================================================================================
----------------- testing Wed Mar 04 17:01:21 UTC 2020 /home/travis/build/icyphy/ptII/ptolemy/domains/continuous/test/auto/ContinuousAOCClone.xml
----------------- Instantiating /home/travis/build/icyphy/ptII/ptolemy/domains/continuous/test/auto/ContinuousAOCClone.xml
2309 ms. Memory: 235520K Free: 189780K (81%)
----------------- Invoking toplevel() on ptolemy.moml.MoMLSimpleApplication@519ce620
----------------- Done invoking toplevel() on ptolemy.moml.MoMLSimpleApplication@519ce620
reloadAllAccessors: .ContinuousAOCClone

===========================================================================================
----------------- testing Wed Mar 04 17:01:23 UTC 2020 /home/travis/build/icyphy/ptII/ptolemy/domains/continuous/test/auto/ContinuousClock.xml
----------------- Instantiating /home/travis/build/icyphy/ptII/ptolemy/domains/continuous/test/auto/ContinuousClock.xml
28 ms. Memory: 235520K Free: 167762K (71%)
----------------- Invoking toplevel() on ptolemy.moml.MoMLSimpleApplication@6dbf3e43
----------------- Done invoking toplevel() on ptolemy.moml.MoMLSimpleApplication@6dbf3e43
reloadAllAccessors: .ContinuousClock

===========================================================================================
----------------- testing Wed Mar 04 17:01:23 UTC 2020 /home/travis/build/icyphy/ptII/ptolemy/domains/continuous/test/auto/ContinuousInContinuous.xml
----------------- Instantiating /home/travis/build/icyphy/ptII/ptolemy/domains/continuous/test/auto/ContinuousInContinuous.xml
39 ms. Memory: 235520K Free: 144210K (61%)
----------------- Invoking toplevel() on ptolemy.moml.MoMLSimpleApplication@1701a4eb
----------------- Done invoking toplevel() on ptolemy.moml.MoMLSimpleApplication@1701a4eb
reloadAllAccessors: .ContinuousInContinuous

===========================================================================================
----------------- testing Wed Mar 04 17:01:23 UTC 2020 /home/travis/build/icyphy/ptII/ptolemy/domains/continuous/test/auto/ContinuousInContinuousInContinuous.xml
----------------- Instantiating /home/travis/build/icyphy/ptII/ptolemy/domains/continuous/test/auto/ContinuousInContinuousInContinuous.xml
7 ms. Memory: 235520K Free: 136018K (58%)
----------------- Invoking toplevel() on ptolemy.moml.MoMLSimpleApplication@354fb5
----------------- Done invoking toplevel() on ptolemy.moml.MoMLSimpleApplication@354fb5
reloadAllAccessors: .ContinuousInContinuousInContinuous

===========================================================================================
----------------- testing Wed Mar 04 17:01:23 UTC 2020 /home/travis/build/icyphy/ptII/ptolemy/domains/continuous/test/auto/ContinuousInDE.xml
----------------- Instantiating /home/travis/build/icyphy/ptII/ptolemy/domains/continuous/test/auto/ContinuousInDE.xml
67 ms. Memory: 235520K Free: 125268K (53%)
----------------- Invoking toplevel() on ptolemy.moml.MoMLSimpleApplication@20afc5b1
----------------- Done invoking toplevel() on ptolemy.moml.MoMLSimpleApplication@20afc5b1
reloadAllAccessors: .ContinuousInDE

===========================================================================================
----------------- testing Wed Mar 04 17:01:24 UTC 2020 /home/travis/build/icyphy/ptII/ptolemy/domains/continuous/test/auto/ContinuousInDE2.xml
----------------- Instantiating /home/travis/build/icyphy/ptII/ptolemy/domains/continuous/test/auto/ContinuousInDE2.xml
29 ms. Memory: 235520K Free: 115538K (49%)
----------------- Invoking toplevel() on ptolemy.moml.MoMLSimpleApplication@56010daf
----------------- Done invoking toplevel() on ptolemy.moml.MoMLSimpleApplication@56010daf
reloadAllAccessors: .ContinuousInDE2

===========================================================================================
----------------- testing Wed Mar 04 17:01:24 UTC 2020 /home/travis/build/icyphy/ptII/ptolemy/domains/continuous/test/auto/ContinuousInDE3.xml
----------------- Instantiating /home/travis/build/icyphy/ptII/ptolemy/domains/continuous/test/auto/ContinuousInDE3.xml
30 ms. Memory: 235520K Free: 105812K (45%)
----------------- Invoking toplevel() on ptolemy.moml.MoMLSimpleApplication@73e73662
----------------- Done invoking toplevel() on ptolemy.moml.MoMLSimpleApplication@73e73662
reloadAllAccessors: .ContinuousInDE3

===========================================================================================
----------------- testing Wed Mar 04 17:01:24 UTC 2020 /home/travis/build/icyphy/ptII/ptolemy/domains/continuous/test/auto/ContinuousInDE4.xml
----------------- Instantiating /home/travis/build/icyphy/ptII/ptolemy/domains/continuous/test/auto/ContinuousInDE4.xml
15 ms. Memory: 235520K Free: 99154K (42%)
----------------- Invoking toplevel() on ptolemy.moml.MoMLSimpleApplication@28829a8e
----------------- Done invoking toplevel() on ptolemy.moml.MoMLSimpleApplication@28829a8e
reloadAllAccessors: .ContinuousInDE4

===========================================================================================
----------------- testing Wed Mar 04 17:01:24 UTC 2020 /home/travis/build/icyphy/ptII/ptolemy/domains/continuous/test/auto/ContinuousInDEDifferentRefinements.xml
----------------- Instantiating /home/travis/build/icyphy/ptII/ptolemy/domains/continuous/test/auto/ContinuousInDEDifferentRefinements.xml
71 ms. Memory: 282624K Free: 255392K (90%)
----------------- Invoking toplevel() on ptolemy.moml.MoMLSimpleApplication@391683c4
----------------- Done invoking toplevel() on ptolemy.moml.MoMLSimpleApplication@391683c4
reloadAllAccessors: .ContinuousInDEDifferentRefinements

===========================================================================================
----------------- testing Wed Mar 04 17:01:24 UTC 2020 /home/travis/build/icyphy/ptII/ptolemy/domains/continuous/test/auto/ContinuousInDEDifferentRefinementsPreemptive.xml
----------------- Instantiating /home/travis/build/icyphy/ptII/ptolemy/domains/continuous/test/auto/ContinuousInDEDifferentRefinementsPreemptive.xml
59 ms. Memory: 282624K Free: 224488K (79%)
----------------- Invoking toplevel() on ptolemy.moml.MoMLSimpleApplication@7a0b217b
----------------- Done invoking toplevel() on ptolemy.moml.MoMLSimpleApplication@7a0b217b
reloadAllAccessors: .ContinuousInDEDifferentRefinementsPreemptive

===========================================================================================
----------------- testing Wed Mar 04 17:01:24 UTC 2020 /home/travis/build/icyphy/ptII/ptolemy/domains/continuous/test/auto/ContinuousInDEInContinuous2.xml
----------------- Instantiating /home/travis/build/icyphy/ptII/ptolemy/domains/continuous/test/auto/ContinuousInDEInContinuous2.xml
39 ms. Memory: 282624K Free: 213224K (75%)
----------------- Invoking toplevel() on ptolemy.moml.MoMLSimpleApplication@5be7e00f
----------------- Done invoking toplevel() on ptolemy.moml.MoMLSimpleApplication@5be7e00f
reloadAllAccessors: .ContinuousInDEInContinuous2

===========================================================================================
----------------- testing Wed Mar 04 17:01:24 UTC 2020 /home/travis/build/icyphy/ptII/ptolemy/domains/continuous/test/auto/ContinuousInDEInContinuous3.xml
----------------- Instantiating /home/travis/build/icyphy/ptII/ptolemy/domains/continuous/test/auto/ContinuousInDEInContinuous3.xml
33 ms. Memory: 282624K Free: 201446K (71%)
----------------- Invoking toplevel() on ptolemy.moml.MoMLSimpleApplication@31692967
----------------- Done invoking toplevel() on ptolemy.moml.MoMLSimpleApplication@31692967
reloadAllAccessors: .ContinuousInDEInContinuous3

===========================================================================================
----------------- testing Wed Mar 04 17:01:24 UTC 2020 /home/travis/build/icyphy/ptII/ptolemy/domains/continuous/test/auto/ContinuousInDEInput.xml
----------------- Instantiating /home/travis/build/icyphy/ptII/ptolemy/domains/continuous/test/auto/ContinuousInDEInput.xml
15 ms. Memory: 282624K Free: 194278K (69%)
----------------- Invoking toplevel() on ptolemy.moml.MoMLSimpleApplication@1d26ab07
----------------- Done invoking toplevel() on ptolemy.moml.MoMLSimpleApplication@1d26ab07
reloadAllAccessors: .ContinuousInDEInput

===========================================================================================
----------------- testing Wed Mar 04 17:01:24 UTC 2020 /home/travis/build/icyphy/ptII/ptolemy/domains/continuous/test/auto/ContinuousInDEInput2.xml
----------------- Instantiating /home/travis/build/icyphy/ptII/ptolemy/domains/continuous/test/auto/ContinuousInDEInput2.xml
12 ms. Memory: 282624K Free: 187110K (66%)
----------------- Invoking toplevel() on ptolemy.moml.MoMLSimpleApplication@637127a9
----------------- Done invoking toplevel() on ptolemy.moml.MoMLSimpleApplication@637127a9
reloadAllAccessors: .ContinuousInDEInput2

===========================================================================================
----------------- testing Wed Mar 04 17:01:24 UTC 2020 /home/travis/build/icyphy/ptII/ptolemy/domains/continuous/test/auto/ContinuousInDEInput3.xml
----------------- Instantiating /home/travis/build/icyphy/ptII/ptolemy/domains/continuous/test/auto/ContinuousInDEInput3.xml
13 ms. Memory: 282624K Free: 179942K (64%)
----------------- Invoking toplevel() on ptolemy.moml.MoMLSimpleApplication@39854e40
----------------- Done invoking toplevel() on ptolemy.moml.MoMLSimpleApplication@39854e40
reloadAllAccessors: .ContinuousInDEInput3

===========================================================================================
----------------- testing Wed Mar 04 17:01:24 UTC 2020 /home/travis/build/icyphy/ptII/ptolemy/domains/continuous/test/auto/ContinuousInDESharingRefinement.xml
----------------- Instantiating /home/travis/build/icyphy/ptII/ptolemy/domains/continuous/test/auto/ContinuousInDESharingRefinement.xml
144 ms. Memory: 282624K Free: 253926K (90%)
----------------- Invoking toplevel() on ptolemy.moml.MoMLSimpleApplication@562c9806
----------------- Done invoking toplevel() on ptolemy.moml.MoMLSimpleApplication@562c9806
reloadAllAccessors: .ContinuousInDESharingRefinement

===========================================================================================
----------------- testing Wed Mar 04 17:01:24 UTC 2020 /home/travis/build/icyphy/ptII/ptolemy/domains/continuous/test/auto/ContinuousInDEwithNoPorts.xml
----------------- Instantiating /home/travis/build/icyphy/ptII/ptolemy/domains/continuous/test/auto/ContinuousInDEwithNoPorts.xml
2 ms. Memory: 282624K Free: 249320K (88%)
----------------- Invoking toplevel() on ptolemy.moml.MoMLSimpleApplication@5e735913
----------------- Done invoking toplevel() on ptolemy.moml.MoMLSimpleApplication@5e735913
reloadAllAccessors: .ContinuousInDEwithNoPorts

===========================================================================================
----------------- testing Wed Mar 04 17:01:24 UTC 2020 /home/travis/build/icyphy/ptII/ptolemy/domains/continuous/test/auto/ContinuousInsideDE.xml
----------------- Instantiating /home/travis/build/icyphy/ptII/ptolemy/domains/continuous/test/auto/ContinuousInsideDE.xml
28 ms. Memory: 282624K Free: 238056K (84%)
----------------- Invoking toplevel() on ptolemy.moml.MoMLSimpleApplication@740de35d
----------------- Done invoking toplevel() on ptolemy.moml.MoMLSimpleApplication@740de35d
reloadAllAccessors: .ContinuousInsideDE

===========================================================================================
----------------- testing Wed Mar 04 17:01:24 UTC 2020 /home/travis/build/icyphy/ptII/ptolemy/domains/continuous/test/auto/ContinuousMerge1.xml
----------------- Instantiating /home/travis/build/icyphy/ptII/ptolemy/domains/continuous/test/auto/ContinuousMerge1.xml
2 ms. Memory: 282624K Free: 233960K (83%)
----------------- Invoking toplevel() on ptolemy.moml.MoMLSimpleApplication@5d8f82a
----------------- Done invoking toplevel() on ptolemy.moml.MoMLSimpleApplication@5d8f82a
reloadAllAccessors: .ContinuousMerge1

===========================================================================================
----------------- testing Wed Mar 04 17:01:24 UTC 2020 /home/travis/build/icyphy/ptII/ptolemy/domains/continuous/test/auto/ContinuousMerge2.xml
----------------- Instantiating /home/travis/build/icyphy/ptII/ptolemy/domains/continuous/test/auto/ContinuousMerge2.xml
13 ms. Memory: 282624K Free: 223206K (79%)
----------------- Invoking toplevel() on ptolemy.moml.MoMLSimpleApplication@d71c263
----------------- Done invoking toplevel() on ptolemy.moml.MoMLSimpleApplication@d71c263
reloadAllAccessors: .ContinuousMerge2

===========================================================================================
----------------- testing Wed Mar 04 17:01:24 UTC 2020 /home/travis/build/icyphy/ptII/ptolemy/domains/continuous/test/auto/ContinuousMerge3.xml
----------------- Instantiating /home/travis/build/icyphy/ptII/ptolemy/domains/continuous/test/auto/ContinuousMerge3.xml
66 ms. Memory: 282624K Free: 212456K (75%)
----------------- Invoking toplevel() on ptolemy.moml.MoMLSimpleApplication@6a719cf0
----------------- Done invoking toplevel() on ptolemy.moml.MoMLSimpleApplication@6a719cf0
reloadAllAccessors: .ContinuousMerge3

===========================================================================================
----------------- testing Wed Mar 04 17:01:25 UTC 2020 /home/travis/build/icyphy/ptII/ptolemy/domains/continuous/test/auto/ContinuousWithinContinuous.xml
----------------- Instantiating /home/travis/build/icyphy/ptII/ptolemy/domains/continuous/test/auto/ContinuousWithinContinuous.xml
30 ms. Memory: 282624K Free: 203750K (72%)
----------------- Invoking toplevel() on ptolemy.moml.MoMLSimpleApplication@641a219f
----------------- Done invoking toplevel() on ptolemy.moml.MoMLSimpleApplication@641a219f
reloadAllAccessors: .ContinuousWithinContinuous

===========================================================================================
----------------- testing Wed Mar 04 17:01:25 UTC 2020 /home/travis/build/icyphy/ptII/ptolemy/domains/continuous/test/auto/ContinuousWithinContinuous2.xml
----------------- Instantiating /home/travis/build/icyphy/ptII/ptolemy/domains/continuous/test/auto/ContinuousWithinContinuous2.xml
61 ms. Memory: 282624K Free: 193000K (68%)
----------------- Invoking toplevel() on ptolemy.moml.MoMLSimpleApplication@446f4428
----------------- Done invoking toplevel() on ptolemy.moml.MoMLSimpleApplication@446f4428
reloadAllAccessors: .ContinuousWithinContinuous2

===========================================================================================
----------------- testing Wed Mar 04 17:01:25 UTC 2020 /home/travis/build/icyphy/ptII/ptolemy/domains/continuous/test/auto/ContinuousWithinContinuous3.xml
----------------- Instantiating /home/travis/build/icyphy/ptII/ptolemy/domains/continuous/test/auto/ContinuousWithinContinuous3.xml
12 ms. Memory: 282624K Free: 186342K (66%)
----------------- Invoking toplevel() on ptolemy.moml.MoMLSimpleApplication@59f2c0f3
----------------- Done invoking toplevel() on ptolemy.moml.MoMLSimpleApplication@59f2c0f3
reloadAllAccessors: .ContinuousWithinContinuous3

===========================================================================================
----------------- testing Wed Mar 04 17:01:25 UTC 2020 /home/travis/build/icyphy/ptII/ptolemy/domains/continuous/test/auto/ContinuousWithinContinuous4.xml
----------------- Instantiating /home/travis/build/icyphy/ptII/ptolemy/domains/continuous/test/auto/ContinuousWithinContinuous4.xml
64 ms. Memory: 282624K Free: 174568K (62%)
----------------- Invoking toplevel() on ptolemy.moml.MoMLSimpleApplication@40e1195d
----------------- Done invoking toplevel() on ptolemy.moml.MoMLSimpleApplication@40e1195d
reloadAllAccessors: .ContinuousWithinContinuous4

===========================================================================================
----------------- testing Wed Mar 04 17:01:25 UTC 2020 /home/travis/build/icyphy/ptII/ptolemy/domains/continuous/test/auto/ContinuousWithinContinuous5.xml
----------------- Instantiating /home/travis/build/icyphy/ptII/ptolemy/domains/continuous/test/auto/ContinuousWithinContinuous5.xml
11 ms. Memory: 282624K Free: 166886K (59%)
----------------- Invoking toplevel() on ptolemy.moml.MoMLSimpleApplication@75de4b6f
----------------- Done invoking toplevel() on ptolemy.moml.MoMLSimpleApplication@75de4b6f
reloadAllAccessors: .ContinuousWithinContinuous5

===========================================================================================
----------------- testing Wed Mar 04 17:01:25 UTC 2020 /home/travis/build/icyphy/ptII/ptolemy/domains/continuous/test/auto/ContinuousWithinContinuous6.xml
----------------- Instantiating /home/travis/build/icyphy/ptII/ptolemy/domains/continuous/test/auto/ContinuousWithinContinuous6.xml
10 ms. Memory: 282624K Free: 159718K (57%)
----------------- Invoking toplevel() on ptolemy.moml.MoMLSimpleApplication@5b08df00
----------------- Done invoking toplevel() on ptolemy.moml.MoMLSimpleApplication@5b08df00
reloadAllAccessors: .ContinuousWithinContinuous6

===========================================================================================
----------------- testing Wed Mar 04 17:01:25 UTC 2020 /home/travis/build/icyphy/ptII/ptolemy/domains/continuous/test/auto/ContinuousWithinContinuous7.xml
----------------- Instantiating /home/travis/build/icyphy/ptII/ptolemy/domains/continuous/test/auto/ContinuousWithinContinuous7.xml
47 ms. Memory: 282624K Free: 148968K (53%)
----------------- Invoking toplevel() on ptolemy.moml.MoMLSimpleApplication@3532a965
----------------- Done invoking toplevel() on ptolemy.moml.MoMLSimpleApplication@3532a965
reloadAllAccessors: .ContinuousWithinContinuous7

===========================================================================================
----------------- testing Wed Mar 04 17:01:25 UTC 2020 /home/travis/build/icyphy/ptII/ptolemy/domains/continuous/test/auto/DCMotor.xml
----------------- Instantiating /home/travis/build/icyphy/ptII/ptolemy/domains/continuous/test/auto/DCMotor.xml
13492 ms. Memory: 282624K Free: 260554K (92%)
----------------- Invoking toplevel() on ptolemy.moml.MoMLSimpleApplication@757e3f4e
----------------- Done invoking toplevel() on ptolemy.moml.MoMLSimpleApplication@757e3f4e
reloadAllAccessors: .DCMotor

===========================================================================================
----------------- testing Wed Mar 04 17:01:39 UTC 2020 /home/travis/build/icyphy/ptII/ptolemy/domains/continuous/test/auto/DEInContinuous.xml
----------------- Instantiating /home/travis/build/icyphy/ptII/ptolemy/domains/continuous/test/auto/DEInContinuous.xml
25 ms. Memory: 282624K Free: 254416K (90%)
----------------- Invoking toplevel() on ptolemy.moml.MoMLSimpleApplication@391f9fe6
----------------- Done invoking toplevel() on ptolemy.moml.MoMLSimpleApplication@391f9fe6
reloadAllAccessors: .DEInContinuous

===========================================================================================
----------------- testing Wed Mar 04 17:01:39 UTC 2020 /home/travis/build/icyphy/ptII/ptolemy/domains/continuous/test/auto/DEinContinuous2.xml
----------------- Instantiating /home/travis/build/icyphy/ptII/ptolemy/domains/continuous/test/auto/DEinContinuous2.xml
7 ms. Memory: 282624K Free: 246210K (87%)
----------------- Invoking toplevel() on ptolemy.moml.MoMLSimpleApplication@478e2d7e
----------------- Done invoking toplevel() on ptolemy.moml.MoMLSimpleApplication@478e2d7e
reloadAllAccessors: .DEinContinuous2

===========================================================================================
----------------- testing Wed Mar 04 17:01:39 UTC 2020 /home/travis/build/icyphy/ptII/ptolemy/domains/continuous/test/auto/Derivative.xml
----------------- Instantiating /home/travis/build/icyphy/ptII/ptolemy/domains/continuous/test/auto/Derivative.xml
156 ms. Memory: 282624K Free: 217042K (77%)
----------------- Invoking toplevel() on ptolemy.moml.MoMLSimpleApplication@7961dad
----------------- Done invoking toplevel() on ptolemy.moml.MoMLSimpleApplication@7961dad
reloadAllAccessors: .Derivative2

===========================================================================================
----------------- testing Wed Mar 04 17:01:39 UTC 2020 /home/travis/build/icyphy/ptII/ptolemy/domains/continuous/test/auto/Derivative1.xml
----------------- Instantiating /home/travis/build/icyphy/ptII/ptolemy/domains/continuous/test/auto/Derivative1.xml
31 ms. Memory: 282624K Free: 202706K (72%)
----------------- Invoking toplevel() on ptolemy.moml.MoMLSimpleApplication@55b6f2bf
----------------- Done invoking toplevel() on ptolemy.moml.MoMLSimpleApplication@55b6f2bf
reloadAllAccessors: .Derivative1

===========================================================================================
----------------- testing Wed Mar 04 17:01:39 UTC 2020 /home/travis/build/icyphy/ptII/ptolemy/domains/continuous/test/auto/DiscreteClock.xml
----------------- Instantiating /home/travis/build/icyphy/ptII/ptolemy/domains/continuous/test/auto/DiscreteClock.xml
5 ms. Memory: 282624K Free: 197586K (70%)
----------------- Invoking toplevel() on ptolemy.moml.MoMLSimpleApplication@3cd20fee
----------------- Done invoking toplevel() on ptolemy.moml.MoMLSimpleApplication@3cd20fee
reloadAllAccessors: .DiscreteClock

===========================================================================================
----------------- testing Wed Mar 04 17:01:39 UTC 2020 /home/travis/build/icyphy/ptII/ptolemy/domains/continuous/test/auto/EfficiencyCurve.xml
----------------- Instantiating /home/travis/build/icyphy/ptII/ptolemy/domains/continuous/test/auto/EfficiencyCurve.xml
59 ms. Memory: 282624K Free: 188880K (67%)
----------------- Invoking toplevel() on ptolemy.moml.MoMLSimpleApplication@4f67558e
----------------- Done invoking toplevel() on ptolemy.moml.MoMLSimpleApplication@4f67558e
reloadAllAccessors: .EfficiencyCurve

===========================================================================================
----------------- testing Wed Mar 04 17:01:39 UTC 2020 /home/travis/build/icyphy/ptII/ptolemy/domains/continuous/test/auto/ExponentialResponse.xml
----------------- Instantiating /home/travis/build/icyphy/ptII/ptolemy/domains/continuous/test/auto/ExponentialResponse.xml
93 ms. Memory: 282624K Free: 173010K (61%)
----------------- Invoking toplevel() on ptolemy.moml.MoMLSimpleApplication@440f6156
----------------- Done invoking toplevel() on ptolemy.moml.MoMLSimpleApplication@440f6156
reloadAllAccessors: .ExponentialResponse

===========================================================================================
----------------- testing Wed Mar 04 17:01:39 UTC 2020 /home/travis/build/icyphy/ptII/ptolemy/domains/continuous/test/auto/ExponentialResponseRK45.xml
----------------- Instantiating /home/travis/build/icyphy/ptII/ptolemy/domains/continuous/test/auto/ExponentialResponseRK45.xml
22 ms. Memory: 282624K Free: 166352K (59%)
----------------- Invoking toplevel() on ptolemy.moml.MoMLSimpleApplication@74e4cf9
----------------- Done invoking toplevel() on ptolemy.moml.MoMLSimpleApplication@74e4cf9
reloadAllAccessors: .ExponentialResponseRK45

===========================================================================================
----------------- testing Wed Mar 04 17:01:39 UTC 2020 /home/travis/build/icyphy/ptII/ptolemy/domains/continuous/test/auto/Friction.xml
----------------- Instantiating /home/travis/build/icyphy/ptII/ptolemy/domains/continuous/test/auto/Friction.xml
1508 ms. Memory: 282624K Free: 243467K (86%)
----------------- Invoking toplevel() on ptolemy.moml.MoMLSimpleApplication@2ea2928d
----------------- Done invoking toplevel() on ptolemy.moml.MoMLSimpleApplication@2ea2928d
reloadAllAccessors: .Friction

===========================================================================================
----------------- testing Wed Mar 04 17:01:41 UTC 2020 /home/travis/build/icyphy/ptII/ptolemy/domains/continuous/test/auto/FurutaPendulum.xml
----------------- Instantiating /home/travis/build/icyphy/ptII/ptolemy/domains/continuous/test/auto/FurutaPendulum.xml
3239 ms. Memory: 282624K Free: 233300K (83%)
----------------- Invoking toplevel() on ptolemy.moml.MoMLSimpleApplication@63fd894e
----------------- Done invoking toplevel() on ptolemy.moml.MoMLSimpleApplication@63fd894e
reloadAllAccessors: .FurutaPendulum

===========================================================================================
----------------- testing Wed Mar 04 17:01:44 UTC 2020 /home/travis/build/icyphy/ptII/ptolemy/domains/continuous/test/auto/HierarchicalExecution.xml
----------------- Instantiating /home/travis/build/icyphy/ptII/ptolemy/domains/continuous/test/auto/HierarchicalExecution.xml
1750 ms. Memory: 282624K Free: 129013K (46%)
----------------- Invoking toplevel() on ptolemy.moml.MoMLSimpleApplication@23bb4110
----------------- Done invoking toplevel() on ptolemy.moml.MoMLSimpleApplication@23bb4110
reloadAllAccessors: .HierarchicalExecution

===========================================================================================
----------------- testing Wed Mar 04 17:01:46 UTC 2020 /home/travis/build/icyphy/ptII/ptolemy/domains/continuous/test/auto/HybridPlant.xml
----------------- Instantiating /home/travis/build/icyphy/ptII/ptolemy/domains/continuous/test/auto/HybridPlant.xml
510 ms. Memory: 282624K Free: 200207K (71%)
----------------- Invoking toplevel() on ptolemy.moml.MoMLSimpleApplication@565b5738
----------------- Done invoking toplevel() on ptolemy.moml.MoMLSimpleApplication@565b5738
reloadAllAccessors: .HybridPlant

===========================================================================================
----------------- testing Wed Mar 04 17:01:47 UTC 2020 /home/travis/build/icyphy/ptII/ptolemy/domains/continuous/test/auto/Hysteresis.xml
----------------- Instantiating /home/travis/build/icyphy/ptII/ptolemy/domains/continuous/test/auto/Hysteresis.xml
142 ms. Memory: 282624K Free: 138257K (49%)
----------------- Invoking toplevel() on ptolemy.moml.MoMLSimpleApplication@7cbd2af5
----------------- Done invoking toplevel() on ptolemy.moml.MoMLSimpleApplication@7cbd2af5
reloadAllAccessors: .Hysteresis

===========================================================================================
----------------- testing Wed Mar 04 17:01:47 UTC 2020 /home/travis/build/icyphy/ptII/ptolemy/domains/continuous/test/auto/HysteresisWithRandomDelay.xml
----------------- Instantiating /home/travis/build/icyphy/ptII/ptolemy/domains/continuous/test/auto/HysteresisWithRandomDelay.xml
185 ms. Memory: 282624K Free: 235179K (83%)
----------------- Invoking toplevel() on ptolemy.moml.MoMLSimpleApplication@105f3d98
----------------- Done invoking toplevel() on ptolemy.moml.MoMLSimpleApplication@105f3d98
reloadAllAccessors: .HysteresisWithRandomDelay

===========================================================================================
----------------- testing Wed Mar 04 17:01:47 UTC 2020 /home/travis/build/icyphy/ptII/ptolemy/domains/continuous/test/auto/HysteresisWithRandomLosses.xml
----------------- Instantiating /home/travis/build/icyphy/ptII/ptolemy/domains/continuous/test/auto/HysteresisWithRandomLosses.xml
2467 ms. Memory: 339968K Free: 308276K (91%)
----------------- Invoking toplevel() on ptolemy.moml.MoMLSimpleApplication@67536bb8
----------------- Done invoking toplevel() on ptolemy.moml.MoMLSimpleApplication@67536bb8
reloadAllAccessors: .HysteresisWithRandomLosses

===========================================================================================
----------------- testing Wed Mar 04 17:01:50 UTC 2020 /home/travis/build/icyphy/ptII/ptolemy/domains/continuous/test/auto/ImmediateTransitions.xml
----------------- Instantiating /home/travis/build/icyphy/ptII/ptolemy/domains/continuous/test/auto/ImmediateTransitions.xml
10 ms. Memory: 339968K Free: 297018K (87%)
----------------- Invoking toplevel() on ptolemy.moml.MoMLSimpleApplication@3bbec042
----------------- Done invoking toplevel() on ptolemy.moml.MoMLSimpleApplication@3bbec042
reloadAllAccessors: .ImmediateTransitions

===========================================================================================
----------------- testing Wed Mar 04 17:01:50 UTC 2020 /home/travis/build/icyphy/ptII/ptolemy/domains/continuous/test/auto/ImpulseFeedback.xml
----------------- Instantiating /home/travis/build/icyphy/ptII/ptolemy/domains/continuous/test/auto/ImpulseFeedback.xml
7 ms. Memory: 339968K Free: 291388K (86%)
----------------- Invoking toplevel() on ptolemy.moml.MoMLSimpleApplication@306319db
----------------- Done invoking toplevel() on ptolemy.moml.MoMLSimpleApplication@306319db
reloadAllAccessors: .ImpulseFeedback

===========================================================================================
----------------- testing Wed Mar 04 17:01:50 UTC 2020 /home/travis/build/icyphy/ptII/ptolemy/domains/continuous/test/auto/ImpulseFeedback2.xml
----------------- Instantiating /home/travis/build/icyphy/ptII/ptolemy/domains/continuous/test/auto/ImpulseFeedback2.xml
5 ms. Memory: 339968K Free: 285754K (84%)
----------------- Invoking toplevel() on ptolemy.moml.MoMLSimpleApplication@78c1b600
----------------- Done invoking toplevel() on ptolemy.moml.MoMLSimpleApplication@78c1b600
reloadAllAccessors: .ImpulseFeedback2

===========================================================================================
----------------- testing Wed Mar 04 17:01:50 UTC 2020 /home/travis/build/icyphy/ptII/ptolemy/domains/continuous/test/auto/IncreasingRatePoisson.xml
----------------- Instantiating /home/travis/build/icyphy/ptII/ptolemy/domains/continuous/test/auto/IncreasingRatePoisson.xml
747 ms. Memory: 339968K Free: 172374K (51%)
----------------- Invoking toplevel() on ptolemy.moml.MoMLSimpleApplication@43c8d5c6
----------------- Done invoking toplevel() on ptolemy.moml.MoMLSimpleApplication@43c8d5c6
reloadAllAccessors: .IncreasingRatePoisson

===========================================================================================
----------------- testing Wed Mar 04 17:01:51 UTC 2020 /home/travis/build/icyphy/ptII/ptolemy/domains/continuous/test/auto/InitialStateFeedback.xml
----------------- Instantiating /home/travis/build/icyphy/ptII/ptolemy/domains/continuous/test/auto/InitialStateFeedback.xml
3 ms. Memory: 339968K Free: 167764K (49%)
----------------- Invoking toplevel() on ptolemy.moml.MoMLSimpleApplication@56be398e
----------------- Done invoking toplevel() on ptolemy.moml.MoMLSimpleApplication@56be398e
reloadAllAccessors: .InitialStateFeedback

===========================================================================================
----------------- testing Wed Mar 04 17:01:51 UTC 2020 /home/travis/build/icyphy/ptII/ptolemy/domains/continuous/test/auto/Integration.xml
----------------- Instantiating /home/travis/build/icyphy/ptII/ptolemy/domains/continuous/test/auto/Integration.xml
2 ms. Memory: 339968K Free: 163668K (48%)
----------------- Invoking toplevel() on ptolemy.moml.MoMLSimpleApplication@4c56a0b9
----------------- Done invoking toplevel() on ptolemy.moml.MoMLSimpleApplication@4c56a0b9
reloadAllAccessors: .Integration

===========================================================================================
----------------- testing Wed Mar 04 17:01:51 UTC 2020 /home/travis/build/icyphy/ptII/ptolemy/domains/continuous/test/auto/Integration2.xml
----------------- Instantiating /home/travis/build/icyphy/ptII/ptolemy/domains/continuous/test/auto/Integration2.xml
71 ms. Memory: 339968K Free: 149332K (44%)
----------------- Invoking toplevel() on ptolemy.moml.MoMLSimpleApplication@fd555e2
----------------- Done invoking toplevel() on ptolemy.moml.MoMLSimpleApplication@fd555e2
reloadAllAccessors: .Integration2

===========================================================================================
----------------- testing Wed Mar 04 17:01:51 UTC 2020 /home/travis/build/icyphy/ptII/ptolemy/domains/continuous/test/auto/Integration3.xml
----------------- Instantiating /home/travis/build/icyphy/ptII/ptolemy/domains/continuous/test/auto/Integration3.xml
3 ms. Memory: 339968K Free: 144726K (43%)
----------------- Invoking toplevel() on ptolemy.moml.MoMLSimpleApplication@1773b33b
----------------- Done invoking toplevel() on ptolemy.moml.MoMLSimpleApplication@1773b33b
reloadAllAccessors: .Integration3

===========================================================================================
----------------- testing Wed Mar 04 17:01:51 UTC 2020 /home/travis/build/icyphy/ptII/ptolemy/domains/continuous/test/auto/Integration5.xml
----------------- Instantiating /home/travis/build/icyphy/ptII/ptolemy/domains/continuous/test/auto/Integration5.xml
2 ms. Memory: 339968K Free: 140630K (41%)
----------------- Invoking toplevel() on ptolemy.moml.MoMLSimpleApplication@5621095d
----------------- Done invoking toplevel() on ptolemy.moml.MoMLSimpleApplication@5621095d
reloadAllAccessors: .Integration5

===========================================================================================
----------------- testing Wed Mar 04 17:01:51 UTC 2020 /home/travis/build/icyphy/ptII/ptolemy/domains/continuous/test/auto/IntegratorImpulse.xml
----------------- Instantiating /home/travis/build/icyphy/ptII/ptolemy/domains/continuous/test/auto/IntegratorImpulse.xml
3 ms. Memory: 339968K Free: 136534K (40%)
----------------- Invoking toplevel() on ptolemy.moml.MoMLSimpleApplication@558da2e0
----------------- Done invoking toplevel() on ptolemy.moml.MoMLSimpleApplication@558da2e0
reloadAllAccessors: .IntegratorImpulse

===========================================================================================
----------------- testing Wed Mar 04 17:01:51 UTC 2020 /home/travis/build/icyphy/ptII/ptolemy/domains/continuous/test/auto/IntegratorImpulse2.xml
----------------- Instantiating /home/travis/build/icyphy/ptII/ptolemy/domains/continuous/test/auto/IntegratorImpulse2.xml
3 ms. Memory: 339968K Free: 131924K (39%)
----------------- Invoking toplevel() on ptolemy.moml.MoMLSimpleApplication@4db3336d
----------------- Done invoking toplevel() on ptolemy.moml.MoMLSimpleApplication@4db3336d
reloadAllAccessors: .IntegratorImpulse2

===========================================================================================
----------------- testing Wed Mar 04 17:01:51 UTC 2020 /home/travis/build/icyphy/ptII/ptolemy/domains/continuous/test/auto/LevelCrossing1.xml
----------------- Instantiating /home/travis/build/icyphy/ptII/ptolemy/domains/continuous/test/auto/LevelCrossing1.xml
2 ms. Memory: 339968K Free: 126790K (37%)
----------------- Invoking toplevel() on ptolemy.moml.MoMLSimpleApplication@51755b52
----------------- Done invoking toplevel() on ptolemy.moml.MoMLSimpleApplication@51755b52
reloadAllAccessors: .LevelCrossing1

===========================================================================================
----------------- testing Wed Mar 04 17:01:51 UTC 2020 /home/travis/build/icyphy/ptII/ptolemy/domains/continuous/test/auto/LevelCrossing2.xml
----------------- Instantiating /home/travis/build/icyphy/ptII/ptolemy/domains/continuous/test/auto/LevelCrossing2.xml
3 ms. Memory: 339968K Free: 121670K (36%)
----------------- Invoking toplevel() on ptolemy.moml.MoMLSimpleApplication@5d27beb8
----------------- Done invoking toplevel() on ptolemy.moml.MoMLSimpleApplication@5d27beb8
reloadAllAccessors: .LevelCrossing2

===========================================================================================
----------------- testing Wed Mar 04 17:01:51 UTC 2020 /home/travis/build/icyphy/ptII/ptolemy/domains/continuous/test/auto/LevelCrossing3.xml
----------------- Instantiating /home/travis/build/icyphy/ptII/ptolemy/domains/continuous/test/auto/LevelCrossing3.xml
3 ms. Memory: 339968K Free: 319354K (94%)
----------------- Invoking toplevel() on ptolemy.moml.MoMLSimpleApplication@594bdd70
----------------- Done invoking toplevel() on ptolemy.moml.MoMLSimpleApplication@594bdd70
reloadAllAccessors: .LevelCrossing3

===========================================================================================
----------------- testing Wed Mar 04 17:01:51 UTC 2020 /home/travis/build/icyphy/ptII/ptolemy/domains/continuous/test/auto/LevelCrossing4.xml
----------------- Instantiating /home/travis/build/icyphy/ptII/ptolemy/domains/continuous/test/auto/LevelCrossing4.xml
3 ms. Memory: 339968K Free: 314228K (92%)
----------------- Invoking toplevel() on ptolemy.moml.MoMLSimpleApplication@7516d0
----------------- Done invoking toplevel() on ptolemy.moml.MoMLSimpleApplication@7516d0
reloadAllAccessors: .LevelCrossing4

===========================================================================================
----------------- testing Wed Mar 04 17:01:51 UTC 2020 /home/travis/build/icyphy/ptII/ptolemy/domains/continuous/test/auto/LevelCrossing5.xml
----------------- Instantiating /home/travis/build/icyphy/ptII/ptolemy/domains/continuous/test/auto/LevelCrossing5.xml
3 ms. Memory: 339968K Free: 309100K (91%)
----------------- Invoking toplevel() on ptolemy.moml.MoMLSimpleApplication@13bc5532
----------------- Done invoking toplevel() on ptolemy.moml.MoMLSimpleApplication@13bc5532
reloadAllAccessors: .LevelCrossing5

===========================================================================================
[...]
reloadAllAccessors: .ResetTransitionWithStartTime6

===========================================================================================
----------------- testing Wed Mar 04 17:02:07 UTC 2020 /home/travis/build/icyphy/ptII/ptolemy/domains/continuous/test/auto/SRinContinuous.xml
----------------- Instantiating /home/travis/build/icyphy/ptII/ptolemy/domains/continuous/test/auto/SRinContinuous.xml
5 ms. Memory: 339968K Free: 250783K (74%)
----------------- Invoking toplevel() on ptolemy.moml.MoMLSimpleApplication@78f5c4f1
----------------- Done invoking toplevel() on ptolemy.moml.MoMLSimpleApplication@78f5c4f1
reloadAllAccessors: .SRinContinuous

===========================================================================================
----------------- testing Wed Mar 04 17:02:07 UTC 2020 /home/travis/build/icyphy/ptII/ptolemy/domains/continuous/test/auto/SampledClocks.xml
----------------- Instantiating /home/travis/build/icyphy/ptII/ptolemy/domains/continuous/test/auto/SampledClocks.xml
6 ms. Memory: 339968K Free: 238495K (70%)
----------------- Invoking toplevel() on ptolemy.moml.MoMLSimpleApplication@b879073
----------------- Done invoking toplevel() on ptolemy.moml.MoMLSimpleApplication@b879073
reloadAllAccessors: .SampledClocks

===========================================================================================
----------------- testing Wed Mar 04 17:02:07 UTC 2020 /home/travis/build/icyphy/ptII/ptolemy/domains/continuous/test/auto/Satellite.xml
----------------- Instantiating /home/travis/build/icyphy/ptII/ptolemy/domains/continuous/test/auto/Satellite.xml
734 ms. Memory: 339968K Free: 241825K (71%)
----------------- Invoking toplevel() on ptolemy.moml.MoMLSimpleApplication@3567668b
----------------- Done invoking toplevel() on ptolemy.moml.MoMLSimpleApplication@3567668b
reloadAllAccessors: .Satellite

===========================================================================================
----------------- testing Wed Mar 04 17:02:08 UTC 2020 /home/travis/build/icyphy/ptII/ptolemy/domains/continuous/test/auto/SigmaDelta.xml
----------------- Instantiating /home/travis/build/icyphy/ptII/ptolemy/domains/continuous/test/auto/SigmaDelta.xml
1914 ms. Memory: 339968K Free: 186457K (55%)
----------------- Invoking toplevel() on ptolemy.moml.MoMLSimpleApplication@635f1846
----------------- Done invoking toplevel() on ptolemy.moml.MoMLSimpleApplication@635f1846
reloadAllAccessors: .SigmaDelta

===========================================================================================
----------------- testing Wed Mar 04 17:02:10 UTC 2020 /home/travis/build/icyphy/ptII/ptolemy/domains/continuous/test/auto/SingleRefinement.xml
----------------- Instantiating /home/travis/build/icyphy/ptII/ptolemy/domains/continuous/test/auto/SingleRefinement.xml
296 ms. Memory: 339968K Free: 203512K (60%)
----------------- Invoking toplevel() on ptolemy.moml.MoMLSimpleApplication@3b4e4734
----------------- Done invoking toplevel() on ptolemy.moml.MoMLSimpleApplication@3b4e4734
reloadAllAccessors: .SingleRefinement

===========================================================================================
----------------- testing Wed Mar 04 17:02:10 UTC 2020 /home/travis/build/icyphy/ptII/ptolemy/domains/continuous/test/auto/SinuBouncingBall.xml
----------------- Instantiating /home/travis/build/icyphy/ptII/ptolemy/domains/continuous/test/auto/SinuBouncingBall.xml
769 ms. Memory: 339968K Free: 188874K (56%)
----------------- Invoking toplevel() on ptolemy.moml.MoMLSimpleApplication@2f784ed1
----------------- Done invoking toplevel() on ptolemy.moml.MoMLSimpleApplication@2f784ed1
reloadAllAccessors: .SinuBouncingBall

===========================================================================================
----------------- testing Wed Mar 04 17:02:11 UTC 2020 /home/travis/build/icyphy/ptII/ptolemy/domains/continuous/test/auto/Sinusoid.xml
----------------- Instantiating /home/travis/build/icyphy/ptII/ptolemy/domains/continuous/test/auto/Sinusoid.xml
4 ms. Memory: 339968K Free: 184250K (54%)
----------------- Invoking toplevel() on ptolemy.moml.MoMLSimpleApplication@6c4bb4e5
----------------- Done invoking toplevel() on ptolemy.moml.MoMLSimpleApplication@6c4bb4e5
reloadAllAccessors: .Sinusoid

===========================================================================================
----------------- testing Wed Mar 04 17:02:11 UTC 2020 /home/travis/build/icyphy/ptII/ptolemy/domains/continuous/test/auto/SinusoidInNoise.xml
----------------- Instantiating /home/travis/build/icyphy/ptII/ptolemy/domains/continuous/test/auto/SinusoidInNoise.xml
801 ms. Memory: 339968K Free: 254599K (75%)
----------------- Invoking toplevel() on ptolemy.moml.MoMLSimpleApplication@5d25ccbd
----------------- Done invoking toplevel() on ptolemy.moml.MoMLSimpleApplication@5d25ccbd
reloadAllAccessors: .SinusoidInNoise

===========================================================================================
----------------- testing Wed Mar 04 17:02:12 UTC 2020 /home/travis/build/icyphy/ptII/ptolemy/domains/continuous/test/auto/SinusoidRK45.xml
----------------- Instantiating /home/travis/build/icyphy/ptII/ptolemy/domains/continuous/test/auto/SinusoidRK45.xml
2 ms. Memory: 339968K Free: 249993K (74%)
----------------- Invoking toplevel() on ptolemy.moml.MoMLSimpleApplication@45d22407
----------------- Done invoking toplevel() on ptolemy.moml.MoMLSimpleApplication@45d22407
reloadAllAccessors: .SinusoidRK45

===========================================================================================
----------------- testing Wed Mar 04 17:02:12 UTC 2020 /home/travis/build/icyphy/ptII/ptolemy/domains/continuous/test/auto/SinusoidWithMultipleImpulses.xml
----------------- Instantiating /home/travis/build/icyphy/ptII/ptolemy/domains/continuous/test/auto/SinusoidWithMultipleImpulses.xml
2 ms. Memory: 339968K Free: 245383K (72%)
----------------- Invoking toplevel() on ptolemy.moml.MoMLSimpleApplication@4eb60378
----------------- Done invoking toplevel() on ptolemy.moml.MoMLSimpleApplication@4eb60378
reloadAllAccessors: .SinusoidWithMultipleImpulses

===========================================================================================
----------------- testing Wed Mar 04 17:02:12 UTC 2020 /home/travis/build/icyphy/ptII/ptolemy/domains/continuous/test/auto/SquareWave.xml
----------------- Instantiating /home/travis/build/icyphy/ptII/ptolemy/domains/continuous/test/auto/SquareWave.xml
140 ms. Memory: 339968K Free: 218249K (64%)
----------------- Invoking toplevel() on ptolemy.moml.MoMLSimpleApplication@bab3e04
----------------- Done invoking toplevel() on ptolemy.moml.MoMLSimpleApplication@bab3e04
reloadAllAccessors: .SquareWave

===========================================================================================
----------------- testing Wed Mar 04 17:02:12 UTC 2020 /home/travis/build/icyphy/ptII/ptolemy/domains/continuous/test/auto/Starmac.xml
----------------- Instantiating /home/travis/build/icyphy/ptII/ptolemy/domains/continuous/test/auto/Starmac.xml
3039 ms. Memory: 339968K Free: 312625K (92%)
----------------- Invoking toplevel() on ptolemy.moml.MoMLSimpleApplication@45177a7f
----------------- Done invoking toplevel() on ptolemy.moml.MoMLSimpleApplication@45177a7f
reloadAllAccessors: .Starmac

===========================================================================================
----------------- testing Wed Mar 04 17:02:16 UTC 2020 /home/travis/build/icyphy/ptII/ptolemy/domains/continuous/test/auto/StaticUnits.xml
----------------- Instantiating /home/travis/build/icyphy/ptII/ptolemy/domains/continuous/test/auto/StaticUnits.xml
1722 ms. Memory: 339968K Free: 261252K (77%)
----------------- Invoking toplevel() on ptolemy.moml.MoMLSimpleApplication@3b43ae9e
----------------- Done invoking toplevel() on ptolemy.moml.MoMLSimpleApplication@3b43ae9e
reloadAllAccessors: .StaticUnits

===========================================================================================
----------------- testing Wed Mar 04 17:02:18 UTC 2020 /home/travis/build/icyphy/ptII/ptolemy/domains/continuous/test/auto/StickyMasses.xml
----------------- Instantiating /home/travis/build/icyphy/ptII/ptolemy/domains/continuous/test/auto/StickyMasses.xml
145 ms. Memory: 339968K Free: 211590K (62%)
----------------- Invoking toplevel() on ptolemy.moml.MoMLSimpleApplication@5a96a55e
----------------- Done invoking toplevel() on ptolemy.moml.MoMLSimpleApplication@5a96a55e
reloadAllAccessors: .StickyMasses

===========================================================================================
----------------- testing Wed Mar 04 17:02:18 UTC 2020 /home/travis/build/icyphy/ptII/ptolemy/domains/continuous/test/auto/StopTime.xml
----------------- Instantiating /home/travis/build/icyphy/ptII/ptolemy/domains/continuous/test/auto/StopTime.xml
47 ms. Memory: 339968K Free: 187014K (55%)
----------------- Invoking toplevel() on ptolemy.moml.MoMLSimpleApplication@5edcf84d
----------------- Done invoking toplevel() on ptolemy.moml.MoMLSimpleApplication@5edcf84d
reloadAllAccessors: .StopTime

===========================================================================================
----------------- testing Wed Mar 04 17:02:18 UTC 2020 /home/travis/build/icyphy/ptII/ptolemy/domains/continuous/test/auto/StopTime2.xml
----------------- Instantiating /home/travis/build/icyphy/ptII/ptolemy/domains/continuous/test/auto/StopTime2.xml
38 ms. Memory: 339968K Free: 165510K (49%)
----------------- Invoking toplevel() on ptolemy.moml.MoMLSimpleApplication@1efccad
----------------- Done invoking toplevel() on ptolemy.moml.MoMLSimpleApplication@1efccad
reloadAllAccessors: .StopTime2

===========================================================================================
----------------- testing Wed Mar 04 17:02:18 UTC 2020 /home/travis/build/icyphy/ptII/ptolemy/domains/continuous/test/auto/Switch.xml
----------------- Instantiating /home/travis/build/icyphy/ptII/ptolemy/domains/continuous/test/auto/Switch.xml
41 ms. Memory: 339968K Free: 140934K (41%)
----------------- Invoking toplevel() on ptolemy.moml.MoMLSimpleApplication@3a43e3f7
----------------- Done invoking toplevel() on ptolemy.moml.MoMLSimpleApplication@3a43e3f7
reloadAllAccessors: .Switch

===========================================================================================
----------------- testing Wed Mar 04 17:02:18 UTC 2020 /home/travis/build/icyphy/ptII/ptolemy/domains/continuous/test/auto/Thermostat.xml
----------------- Instantiating /home/travis/build/icyphy/ptII/ptolemy/domains/continuous/test/auto/Thermostat.xml
194 ms. Memory: 339968K Free: 268120K (79%)
----------------- Invoking toplevel() on ptolemy.moml.MoMLSimpleApplication@145473f7
----------------- Done invoking toplevel() on ptolemy.moml.MoMLSimpleApplication@145473f7
reloadAllAccessors: .Thermostat

===========================================================================================
----------------- testing Wed Mar 04 17:02:19 UTC 2020 /home/travis/build/icyphy/ptII/ptolemy/domains/continuous/test/auto/TimeDelay.xml
----------------- Instantiating /home/travis/build/icyphy/ptII/ptolemy/domains/continuous/test/auto/TimeDelay.xml
5 ms. Memory: 339968K Free: 262864K (77%)
----------------- Invoking toplevel() on ptolemy.moml.MoMLSimpleApplication@1c32a0cd
----------------- Done invoking toplevel() on ptolemy.moml.MoMLSimpleApplication@1c32a0cd
reloadAllAccessors: .TimeDelay

===========================================================================================
----------------- testing Wed Mar 04 17:02:19 UTC 2020 /home/travis/build/icyphy/ptII/ptolemy/domains/continuous/test/auto/TimeDelay2.xml
----------------- Instantiating /home/travis/build/icyphy/ptII/ptolemy/domains/continuous/test/auto/TimeDelay2.xml
7 ms. Memory: 339968K Free: 252631K (74%)
----------------- Invoking toplevel() on ptolemy.moml.MoMLSimpleApplication@5c90a281
----------------- Done invoking toplevel() on ptolemy.moml.MoMLSimpleApplication@5c90a281
reloadAllAccessors: .TimeDelay2

===========================================================================================
----------------- testing Wed Mar 04 17:02:19 UTC 2020 /home/travis/build/icyphy/ptII/ptolemy/domains/continuous/test/auto/TimeDelay3.xml
----------------- Instantiating /home/travis/build/icyphy/ptII/ptolemy/domains/continuous/test/auto/TimeDelay3.xml
3 ms. Memory: 339968K Free: 248025K (73%)
----------------- Invoking toplevel() on ptolemy.moml.MoMLSimpleApplication@73ba8ffb
----------------- Done invoking toplevel() on ptolemy.moml.MoMLSimpleApplication@73ba8ffb
reloadAllAccessors: .TimeDelay3

===========================================================================================
----------------- testing Wed Mar 04 17:02:19 UTC 2020 /home/travis/build/icyphy/ptII/ptolemy/domains/continuous/test/auto/TransferAbsentToInside.xml
----------------- Instantiating /home/travis/build/icyphy/ptII/ptolemy/domains/continuous/test/auto/TransferAbsentToInside.xml
46 ms. Memory: 339968K Free: 194232K (57%)
----------------- Invoking toplevel() on ptolemy.moml.MoMLSimpleApplication@737401a6
----------------- Done invoking toplevel() on ptolemy.moml.MoMLSimpleApplication@737401a6
reloadAllAccessors: .TransferAbsentToInside

===========================================================================================
----------------- testing Wed Mar 04 17:02:19 UTC 2020 /home/travis/build/icyphy/ptII/ptolemy/domains/continuous/test/auto/Transmission.xml
----------------- Instantiating /home/travis/build/icyphy/ptII/ptolemy/domains/continuous/test/auto/Transmission.xml
774 ms. Memory: 339968K Free: 165586K (49%)
----------------- Invoking toplevel() on ptolemy.moml.MoMLSimpleApplication@548e3941
----------------- Done invoking toplevel() on ptolemy.moml.MoMLSimpleApplication@548e3941
reloadAllAccessors: .Transmission

===========================================================================================
----------------- testing Wed Mar 04 17:02:20 UTC 2020 /home/travis/build/icyphy/ptII/ptolemy/domains/continuous/test/auto/TriggeredContinuousClock.xml
----------------- Instantiating /home/travis/build/icyphy/ptII/ptolemy/domains/continuous/test/auto/TriggeredContinuousClock.xml
35 ms. Memory: 339968K Free: 136404K (40%)
----------------- Invoking toplevel() on ptolemy.moml.MoMLSimpleApplication@220d7f99
----------------- Done invoking toplevel() on ptolemy.moml.MoMLSimpleApplication@220d7f99
reloadAllAccessors: .TriggeredContinuousClock

===========================================================================================
----------------- testing Wed Mar 04 17:02:20 UTC 2020 /home/travis/build/icyphy/ptII/ptolemy/domains/continuous/test/auto/TwoMachineInfiniteBusControl.xml
----------------- Instantiating /home/travis/build/icyphy/ptII/ptolemy/domains/continuous/test/auto/TwoMachineInfiniteBusControl.xml
2374 ms. Memory: 339968K Free: 153256K (45%)
----------------- Invoking toplevel() on ptolemy.moml.MoMLSimpleApplication@7b67c826
----------------- Done invoking toplevel() on ptolemy.moml.MoMLSimpleApplication@7b67c826
reloadAllAccessors: .TwoMachineInfiniteBusControl

===========================================================================================
----------------- testing Wed Mar 04 17:02:22 UTC 2020 /home/travis/build/icyphy/ptII/ptolemy/domains/continuous/test/auto/V2V.xml
----------------- Instantiating /home/travis/build/icyphy/ptII/ptolemy/domains/continuous/test/auto/V2V.xml
793 ms. Memory: 339968K Free: 165780K (49%)
----------------- Invoking toplevel() on ptolemy.moml.MoMLSimpleApplication@6adb325d
----------------- Done invoking toplevel() on ptolemy.moml.MoMLSimpleApplication@6adb325d
reloadAllAccessors: .V2V

===========================================================================================
----------------- testing Wed Mar 04 17:02:23 UTC 2020 /home/travis/build/icyphy/ptII/ptolemy/domains/continuous/test/auto/hierarchicalModalModel.xml
----------------- Instantiating /home/travis/build/icyphy/ptII/ptolemy/domains/continuous/test/auto/hierarchicalModalModel.xml
9 ms. Memory: 339968K Free: 151208K (44%)
----------------- Invoking toplevel() on ptolemy.moml.MoMLSimpleApplication@245ede09
----------------- Done invoking toplevel() on ptolemy.moml.MoMLSimpleApplication@245ede09
reloadAllAccessors: .hierarchicalModalModel

===========================================================================================
----------------- testing Wed Mar 04 17:02:23 UTC 2020 /home/travis/build/icyphy/ptII/ptolemy/domains/continuous/test/auto/hierarchicalModalModel1.xml
----------------- Instantiating /home/travis/build/icyphy/ptII/ptolemy/domains/continuous/test/auto/hierarchicalModalModel1.xml
8 ms. Memory: 339968K Free: 136872K (40%)
----------------- Invoking toplevel() on ptolemy.moml.MoMLSimpleApplication@2db8d33b
----------------- Done invoking toplevel() on ptolemy.moml.MoMLSimpleApplication@2db8d33b
reloadAllAccessors: .hierarchicalModalModel1

===========================================================================================
----------------- testing Wed Mar 04 17:02:23 UTC 2020 /home/travis/build/icyphy/ptII/ptolemy/domains/continuous/test/auto/hierarchicalModalModel2.xml
----------------- Instantiating /home/travis/build/icyphy/ptII/ptolemy/domains/continuous/test/auto/hierarchicalModalModel2.xml
7 ms. Memory: 339968K Free: 124584K (37%)
----------------- Invoking toplevel() on ptolemy.moml.MoMLSimpleApplication@f2a21e6
----------------- Done invoking toplevel() on ptolemy.moml.MoMLSimpleApplication@f2a21e6
reloadAllAccessors: .hierarchicalModalModel2

===========================================================================================
----------------- testing Wed Mar 04 17:02:23 UTC 2020 /home/travis/build/icyphy/ptII/ptolemy/domains/continuous/test/auto/hierarchicalModalModel3.xml
----------------- Instantiating /home/travis/build/icyphy/ptII/ptolemy/domains/continuous/test/auto/hierarchicalModalModel3.xml
5 ms. Memory: 339968K Free: 312289K (92%)
----------------- Invoking toplevel() on ptolemy.moml.MoMLSimpleApplication@59aa7da0
----------------- Done invoking toplevel() on ptolemy.moml.MoMLSimpleApplication@59aa7da0
reloadAllAccessors: .hierarchicalModalModel3

===========================================================================================
----------------- testing Wed Mar 04 17:02:23 UTC 2020 /home/travis/build/icyphy/ptII/ptolemy/domains/continuous/test/auto/hierarchicalModalModel4.xml
----------------- Instantiating /home/travis/build/icyphy/ptII/ptolemy/domains/continuous/test/auto/hierarchicalModalModel4.xml
5 ms. Memory: 339968K Free: 300529K (88%)
----------------- Invoking toplevel() on ptolemy.moml.MoMLSimpleApplication@6084fed4
----------------- Done invoking toplevel() on ptolemy.moml.MoMLSimpleApplication@6084fed4
reloadAllAccessors: .hierarchicalModalModel4

===========================================================================================
----------------- testing Wed Mar 04 17:02:23 UTC 2020 /home/travis/build/icyphy/ptII/ptolemy/domains/continuous/test/auto/junk.xml
----------------- Instantiating /home/travis/build/icyphy/ptII/ptolemy/domains/continuous/test/auto/junk.xml
116 ms. Memory: 339968K Free: 272881K (80%)
----------------- Invoking toplevel() on ptolemy.moml.MoMLSimpleApplication@1afcc39f
----------------- Done invoking toplevel() on ptolemy.moml.MoMLSimpleApplication@1afcc39f
reloadAllAccessors: .junk
AutoTests.java: About to close Vertx.
AutoTests.java: Vertx closed.
]]></system-out>
  <system-err><![CDATA[Warning: '.HysteresisWithRandomDelay.NonStrictTest3' The test produced only 23 tokens, yet the correctValues parameter was expecting 30 tokens.
Warning: '.Poisson.NonStrictTest' The test produced only 406 tokens, yet the correctValues parameter was expecting 430 tokens.
]]></system-err>
</testsuite>
