<?xml version="1.0" encoding="UTF-8" ?>
<testsuite errors="0" failures="0" hostname="travis-job-aaf80e0e-e882-4e60-b55d-7bf133c6be5a" name="ptolemy.domains.de.test.junit.JUnitTclTest" skipped="0" tests="101" time="135.364" timestamp="2019-06-26T04:38:43">
  <properties>
[...]
</properties>
  <testcase classname="ptolemy.util.test.junit.TclTests" name="[0] /home/travis/build/icyphy/ptII/ptolemy/domains/de/test/DependencyLoop.tcl (RunTclFile)" time="1.139" />
  <testcase classname="ptolemy.util.test.junit.TclTests" name="[1] /home/travis/build/icyphy/ptII/ptolemy/domains/de/test/RunDETestsAsQSS.tcl (RunTclFile)" time="92.748" />
  <testcase classname="ptolemy.util.test.junit.AutoKnownFailedTests" name="[0] /home/travis/build/icyphy/ptII/ptolemy/domains/de/test/auto/knownFailedTests/DESDFClockTest.xml (RunModel)" time="2.044" />
  <testcase classname="ptolemy.util.test.junit.AutoKnownFailedTests" name="[1] /home/travis/build/icyphy/ptII/ptolemy/domains/de/test/auto/knownFailedTests/DirectFeedback.xml (RunModel)" time="0.019" />
  <testcase classname="ptolemy.util.test.junit.AutoKnownFailedTests" name="[2] /home/travis/build/icyphy/ptII/ptolemy/domains/de/test/auto/knownFailedTests/FSMSource.xml (RunModel)" time="0.025" />
  <testcase classname="ptolemy.util.test.junit.AutoKnownFailedTests" name="[3] /home/travis/build/icyphy/ptII/ptolemy/domains/de/test/auto/knownFailedTests/HierarchicalModel.xml (RunModel)" time="0.062" />
  <testcase classname="ptolemy.util.test.junit.AutoKnownFailedTests" name="[4] /home/travis/build/icyphy/ptII/ptolemy/domains/de/test/auto/knownFailedTests/dependencyLoop.xml (RunModel)" time="0.044" />
  <testcase classname="ptolemy.util.test.junit.AutoKnownFailedTests" name="[5] /home/travis/build/icyphy/ptII/ptolemy/domains/de/test/auto/knownFailedTests/dependencyLoop2.xml (RunModel)" time="0.039" />
  <testcase classname="ptolemy.util.test.junit.AutoNameArchTests" name="[0] ThereAreNoAutoArchTests (RunModel)" time="0.002" />
  <testcase classname="ptolemy.util.test.junit.AutoTests" name="[0] /home/travis/build/icyphy/ptII/ptolemy/domains/de/test/auto/ActorDepthCalculation_actorWithoutPorts.xml (RunModel)" time="0.03" />
  <testcase classname="ptolemy.util.test.junit.AutoTests" name="[1] /home/travis/build/icyphy/ptII/ptolemy/domains/de/test/auto/AssemblyLine.xml (RunModel)" time="0.027" />
  <testcase classname="ptolemy.util.test.junit.AutoTests" name="[2] /home/travis/build/icyphy/ptII/ptolemy/domains/de/test/auto/CQBug1.xml (RunModel)" time="0.014" />
  <testcase classname="ptolemy.util.test.junit.AutoTests" name="[3] /home/travis/build/icyphy/ptII/ptolemy/domains/de/test/auto/CancelFireAt.xml (RunModel)" time="0.022" />
  <testcase classname="ptolemy.util.test.junit.AutoTests" name="[4] /home/travis/build/icyphy/ptII/ptolemy/domains/de/test/auto/CausalityAndComposabilityAnalysis.xml (RunModel)" time="0.019" />
  <testcase classname="ptolemy.util.test.junit.AutoTests" name="[5] /home/travis/build/icyphy/ptII/ptolemy/domains/de/test/auto/CausalityInterface1.xml (RunModel)" time="0.015" />
  <testcase classname="ptolemy.util.test.junit.AutoTests" name="[6] /home/travis/build/icyphy/ptII/ptolemy/domains/de/test/auto/CausalityInterface15.xml (RunModel)" time="0.015" />
  <testcase classname="ptolemy.util.test.junit.AutoTests" name="[7] /home/travis/build/icyphy/ptII/ptolemy/domains/de/test/auto/CausalityInterface2.xml (RunModel)" time="0.02" />
  <testcase classname="ptolemy.util.test.junit.AutoTests" name="[8] /home/travis/build/icyphy/ptII/ptolemy/domains/de/test/auto/CausalityInterface3.xml (RunModel)" time="0.011" />
  <testcase classname="ptolemy.util.test.junit.AutoTests" name="[9] /home/travis/build/icyphy/ptII/ptolemy/domains/de/test/auto/ClockDrift.xml (RunModel)" time="0.041" />
  <testcase classname="ptolemy.util.test.junit.AutoTests" name="[10] /home/travis/build/icyphy/ptII/ptolemy/domains/de/test/auto/ClockDriftAndValueChange.xml (RunModel)" time="0.037" />
  <testcase classname="ptolemy.util.test.junit.AutoTests" name="[11] /home/travis/build/icyphy/ptII/ptolemy/domains/de/test/auto/ClockDriftChange.xml (RunModel)" time="0.034" />
  <testcase classname="ptolemy.util.test.junit.AutoTests" name="[12] /home/travis/build/icyphy/ptII/ptolemy/domains/de/test/auto/ComposableCausalityAnalysis.xml (RunModel)" time="0.017" />
  <testcase classname="ptolemy.util.test.junit.AutoTests" name="[13] /home/travis/build/icyphy/ptII/ptolemy/domains/de/test/auto/DEFixedPointLimitation.xml (RunModel)" time="0.012" />
  <testcase classname="ptolemy.util.test.junit.AutoTests" name="[14] /home/travis/build/icyphy/ptII/ptolemy/domains/de/test/auto/DEScheduleTest.xml (RunModel)" time="0.014" />
  <testcase classname="ptolemy.util.test.junit.AutoTests" name="[15] /home/travis/build/icyphy/ptII/ptolemy/domains/de/test/auto/DEinDEwithStartTimes.xml (RunModel)" time="0.019" />
  <testcase classname="ptolemy.util.test.junit.AutoTests" name="[16] /home/travis/build/icyphy/ptII/ptolemy/domains/de/test/auto/DEinDEwithStartTimes2.xml (RunModel)" time="0.019" />
  <testcase classname="ptolemy.util.test.junit.AutoTests" name="[17] /home/travis/build/icyphy/ptII/ptolemy/domains/de/test/auto/DateDemo.xml (RunModel)" time="0.045" />
  <testcase classname="ptolemy.util.test.junit.AutoTests" name="[18] /home/travis/build/icyphy/ptII/ptolemy/domains/de/test/auto/DateToEvent.xml (RunModel)" time="2.044" />
  <testcase classname="ptolemy.util.test.junit.AutoTests" name="[19] /home/travis/build/icyphy/ptII/ptolemy/domains/de/test/auto/DepthTest1.xml (RunModel)" time="0.01" />
  <testcase classname="ptolemy.util.test.junit.AutoTests" name="[20] /home/travis/build/icyphy/ptII/ptolemy/domains/de/test/auto/DepthTest2.xml (RunModel)" time="0.018" />
  <testcase classname="ptolemy.util.test.junit.AutoTests" name="[21] /home/travis/build/icyphy/ptII/ptolemy/domains/de/test/auto/DepthTest3.xml (RunModel)" time="0.015" />
  <testcase classname="ptolemy.util.test.junit.AutoTests" name="[22] /home/travis/build/icyphy/ptII/ptolemy/domains/de/test/auto/DepthTest4.xml (RunModel)" time="0.014" />
  <testcase classname="ptolemy.util.test.junit.AutoTests" name="[23] /home/travis/build/icyphy/ptII/ptolemy/domains/de/test/auto/DepthTest5.xml (RunModel)" time="0.015" />
  <testcase classname="ptolemy.util.test.junit.AutoTests" name="[24] /home/travis/build/icyphy/ptII/ptolemy/domains/de/test/auto/DepthTest6.xml (RunModel)" time="0.013" />
  <testcase classname="ptolemy.util.test.junit.AutoTests" name="[25] /home/travis/build/icyphy/ptII/ptolemy/domains/de/test/auto/DepthTest7.xml (RunModel)" time="0.023" />
  <testcase classname="ptolemy.util.test.junit.AutoTests" name="[26] /home/travis/build/icyphy/ptII/ptolemy/domains/de/test/auto/EventToDate.xml (RunModel)" time="3.038" />
  <testcase classname="ptolemy.util.test.junit.AutoTests" name="[27] /home/travis/build/icyphy/ptII/ptolemy/domains/de/test/auto/FSM1.xml (RunModel)" time="0.044" />
  <testcase classname="ptolemy.util.test.junit.AutoTests" name="[28] /home/travis/build/icyphy/ptII/ptolemy/domains/de/test/auto/FSM7.xml (RunModel)" time="0.05" />
  <testcase classname="ptolemy.util.test.junit.AutoTests" name="[29] /home/travis/build/icyphy/ptII/ptolemy/domains/de/test/auto/Inspection.xml (RunModel)" time="0.047" />
  <testcase classname="ptolemy.util.test.junit.AutoTests" name="[30] /home/travis/build/icyphy/ptII/ptolemy/domains/de/test/auto/Iteration.xml (RunModel)" time="0.029" />
  <testcase classname="ptolemy.util.test.junit.AutoTests" name="[31] /home/travis/build/icyphy/ptII/ptolemy/domains/de/test/auto/LineFault.xml (RunModel)" time="0.641" />
  <testcase classname="ptolemy.util.test.junit.AutoTests" name="[32] /home/travis/build/icyphy/ptII/ptolemy/domains/de/test/auto/MergeModel1Add.xml (RunModel)" time="0.047" />
  <testcase classname="ptolemy.util.test.junit.AutoTests" name="[33] /home/travis/build/icyphy/ptII/ptolemy/domains/de/test/auto/MergeModel2Add.xml (RunModel)" time="0.041" />
  <testcase classname="ptolemy.util.test.junit.AutoTests" name="[34] /home/travis/build/icyphy/ptII/ptolemy/domains/de/test/auto/MergeModel3Add.xml (RunModel)" time="0.048" />
  <testcase classname="ptolemy.util.test.junit.AutoTests" name="[35] /home/travis/build/icyphy/ptII/ptolemy/domains/de/test/auto/MergeWithoutDiscard.xml (RunModel)" time="0.011" />
  <testcase classname="ptolemy.util.test.junit.AutoTests" name="[36] /home/travis/build/icyphy/ptII/ptolemy/domains/de/test/auto/Modal1.xml (RunModel)" time="0.025" />
  <testcase classname="ptolemy.util.test.junit.AutoTests" name="[37] /home/travis/build/icyphy/ptII/ptolemy/domains/de/test/auto/Modal2.xml (RunModel)" time="0.041" />
  <testcase classname="ptolemy.util.test.junit.AutoTests" name="[38] /home/travis/build/icyphy/ptII/ptolemy/domains/de/test/auto/Modal3.xml (RunModel)" time="0.032" />
  <testcase classname="ptolemy.util.test.junit.AutoTests" name="[39] /home/travis/build/icyphy/ptII/ptolemy/domains/de/test/auto/Modal4.xml (RunModel)" time="0.044" />
  <testcase classname="ptolemy.util.test.junit.AutoTests" name="[40] /home/travis/build/icyphy/ptII/ptolemy/domains/de/test/auto/Modal5.xml (RunModel)" time="0.03" />
  <testcase classname="ptolemy.util.test.junit.AutoTests" name="[41] /home/travis/build/icyphy/ptII/ptolemy/domains/de/test/auto/Modal6.xml (RunModel)" time="0.034" />
  <testcase classname="ptolemy.util.test.junit.AutoTests" name="[42] /home/travis/build/icyphy/ptII/ptolemy/domains/de/test/auto/Modal7.xml (RunModel)" time="0.032" />
  <testcase classname="ptolemy.util.test.junit.AutoTests" name="[43] /home/travis/build/icyphy/ptII/ptolemy/domains/de/test/auto/ModalModel.xml (RunModel)" time="0.173" />
  <testcase classname="ptolemy.util.test.junit.AutoTests" name="[44] /home/travis/build/icyphy/ptII/ptolemy/domains/de/test/auto/ModalSource.xml (RunModel)" time="0.027" />
  <testcase classname="ptolemy.util.test.junit.AutoTests" name="[45] /home/travis/build/icyphy/ptII/ptolemy/domains/de/test/auto/NonInterruptibleTimerZeroDelay.xml (RunModel)" time="0.009" />
  <testcase classname="ptolemy.util.test.junit.AutoTests" name="[46] /home/travis/build/icyphy/ptII/ptolemy/domains/de/test/auto/OpenQueueingNetwork.xml (RunModel)" time="2.603" />
  <testcase classname="ptolemy.util.test.junit.AutoTests" name="[47] /home/travis/build/icyphy/ptII/ptolemy/domains/de/test/auto/OpenQueuingNetwork.xml (RunModel)" time="0.278" />
  <testcase classname="ptolemy.util.test.junit.AutoTests" name="[48] /home/travis/build/icyphy/ptII/ptolemy/domains/de/test/auto/PeriodicSampler.xml (RunModel)" time="0.012" />
  <testcase classname="ptolemy.util.test.junit.AutoTests" name="[49] /home/travis/build/icyphy/ptII/ptolemy/domains/de/test/auto/PersistentIO.xml (RunModel)" time="0.022" />
  <testcase classname="ptolemy.util.test.junit.AutoTests" name="[50] /home/travis/build/icyphy/ptII/ptolemy/domains/de/test/auto/PortParameterResetOnInitialize.xml (RunModel)" time="0.008" />
  <testcase classname="ptolemy.util.test.junit.AutoTests" name="[51] /home/travis/build/icyphy/ptII/ptolemy/domains/de/test/auto/PortParameterUpdates.xml (RunModel)" time="0.016" />
  <testcase classname="ptolemy.util.test.junit.AutoTests" name="[52] /home/travis/build/icyphy/ptII/ptolemy/domains/de/test/auto/QueueAndServer.xml (RunModel)" time="0.024" />
  <testcase classname="ptolemy.util.test.junit.AutoTests" name="[53] /home/travis/build/icyphy/ptII/ptolemy/domains/de/test/auto/Records.xml (RunModel)" time="0.022" />
  <testcase classname="ptolemy.util.test.junit.AutoTests" name="[54] /home/travis/build/icyphy/ptII/ptolemy/domains/de/test/auto/ResetTransitionWithStartTime1.xml (RunModel)" time="0.02" />
  <testcase classname="ptolemy.util.test.junit.AutoTests" name="[55] /home/travis/build/icyphy/ptII/ptolemy/domains/de/test/auto/ResetTransitionWithStartTime2.xml (RunModel)" time="0.016" />
  <testcase classname="ptolemy.util.test.junit.AutoTests" name="[56] /home/travis/build/icyphy/ptII/ptolemy/domains/de/test/auto/ResetTransitionWithStartTime3.xml (RunModel)" time="0.019" />
  <testcase classname="ptolemy.util.test.junit.AutoTests" name="[57] /home/travis/build/icyphy/ptII/ptolemy/domains/de/test/auto/ResetTransitionWithStartTime4.xml (RunModel)" time="0.021" />
  <testcase classname="ptolemy.util.test.junit.AutoTests" name="[58] /home/travis/build/icyphy/ptII/ptolemy/domains/de/test/auto/ResettableTimer1.xml (RunModel)" time="0.01" />
  <testcase classname="ptolemy.util.test.junit.AutoTests" name="[59] /home/travis/build/icyphy/ptII/ptolemy/domains/de/test/auto/ResettableTimer2.xml (RunModel)" time="0.011" />
  <testcase classname="ptolemy.util.test.junit.AutoTests" name="[60] /home/travis/build/icyphy/ptII/ptolemy/domains/de/test/auto/ResettableTimer3.xml (RunModel)" time="0.009" />
  <testcase classname="ptolemy.util.test.junit.AutoTests" name="[61] /home/travis/build/icyphy/ptII/ptolemy/domains/de/test/auto/ResettableTimer4.xml (RunModel)" time="0.009" />
  <testcase classname="ptolemy.util.test.junit.AutoTests" name="[62] /home/travis/build/icyphy/ptII/ptolemy/domains/de/test/auto/ResettableTimer5.xml (RunModel)" time="0.013" />
  <testcase classname="ptolemy.util.test.junit.AutoTests" name="[63] /home/travis/build/icyphy/ptII/ptolemy/domains/de/test/auto/ResettableTimer6.xml (RunModel)" time="0.02" />
  <testcase classname="ptolemy.util.test.junit.AutoTests" name="[64] /home/travis/build/icyphy/ptII/ptolemy/domains/de/test/auto/ServerZeroDelay.xml (RunModel)" time="0.011" />
  <testcase classname="ptolemy.util.test.junit.AutoTests" name="[65] /home/travis/build/icyphy/ptII/ptolemy/domains/de/test/auto/SmartSender.xml (RunModel)" time="3.008" />
  <testcase classname="ptolemy.util.test.junit.AutoTests" name="[66] /home/travis/build/icyphy/ptII/ptolemy/domains/de/test/auto/ThreadedComposite.xml (RunModel)" time="0.131" />
  <testcase classname="ptolemy.util.test.junit.AutoTests" name="[67] /home/travis/build/icyphy/ptII/ptolemy/domains/de/test/auto/Time.xml (RunModel)" time="0.435" />
  <testcase classname="ptolemy.util.test.junit.AutoTests" name="[68] /home/travis/build/icyphy/ptII/ptolemy/domains/de/test/auto/TimeDelayZeroDelay.xml (RunModel)" time="0.011" />
  <testcase classname="ptolemy.util.test.junit.AutoTests" name="[69] /home/travis/build/icyphy/ptII/ptolemy/domains/de/test/auto/TimerZeroDelay.xml (RunModel)" time="0.011" />
  <testcase classname="ptolemy.util.test.junit.AutoTests" name="[70] /home/travis/build/icyphy/ptII/ptolemy/domains/de/test/auto/TimingParadox.xml (RunModel)" time="0.372" />
  <testcase classname="ptolemy.util.test.junit.AutoTests" name="[71] /home/travis/build/icyphy/ptII/ptolemy/domains/de/test/auto/TransferInputs.xml (RunModel)" time="0.014" />
  <testcase classname="ptolemy.util.test.junit.AutoTests" name="[72] /home/travis/build/icyphy/ptII/ptolemy/domains/de/test/auto/TransferOutputs2.xml (RunModel)" time="0.015" />
  <testcase classname="ptolemy.util.test.junit.AutoTests" name="[73] /home/travis/build/icyphy/ptII/ptolemy/domains/de/test/auto/Trilateration.xml (RunModel)" time="12.254" />
  <testcase classname="ptolemy.util.test.junit.AutoTests" name="[74] /home/travis/build/icyphy/ptII/ptolemy/domains/de/test/auto/TwoSigmaDelta.xml (RunModel)" time="2.161" />
  <testcase classname="ptolemy.util.test.junit.AutoTests" name="[75] /home/travis/build/icyphy/ptII/ptolemy/domains/de/test/auto/VariableDelay.xml (RunModel)" time="0.014" />
  <testcase classname="ptolemy.util.test.junit.AutoTests" name="[76] /home/travis/build/icyphy/ptII/ptolemy/domains/de/test/auto/VariableDelay2.xml (RunModel)" time="0.011" />
  <testcase classname="ptolemy.util.test.junit.AutoTests" name="[77] /home/travis/build/icyphy/ptII/ptolemy/domains/de/test/auto/VariableDelayZeroDelay.xml (RunModel)" time="0.016" />
  <testcase classname="ptolemy.util.test.junit.AutoTests" name="[78] /home/travis/build/icyphy/ptII/ptolemy/domains/de/test/auto/VariableDelayZeroDelay2.xml (RunModel)" time="0.01" />
  <testcase classname="ptolemy.util.test.junit.AutoTests" name="[79] /home/travis/build/icyphy/ptII/ptolemy/domains/de/test/auto/deInCt.xml (RunModel)" time="0.018" />
  <testcase classname="ptolemy.util.test.junit.AutoTests" name="[80] /home/travis/build/icyphy/ptII/ptolemy/domains/de/test/auto/deInCt2.xml (RunModel)" time="0.015" />
  <testcase classname="ptolemy.util.test.junit.AutoTests" name="[81] /home/travis/build/icyphy/ptII/ptolemy/domains/de/test/auto/dynamicCausalityInterface1.xml (RunModel)" time="0.02" />
  <testcase classname="ptolemy.util.test.junit.AutoTests" name="[82] /home/travis/build/icyphy/ptII/ptolemy/domains/de/test/auto/fsm_de_test.xml (RunModel)" time="0.021" />
  <testcase classname="ptolemy.util.test.junit.AutoTests" name="[83] /home/travis/build/icyphy/ptII/ptolemy/domains/de/test/auto/functionDependencyReconstruction.xml (RunModel)" time="0.055" />
  <testcase classname="ptolemy.util.test.junit.AutoTests" name="[84] /home/travis/build/icyphy/ptII/ptolemy/domains/de/test/auto/multirate.xml (RunModel)" time="0.015" />
  <testcase classname="ptolemy.util.test.junit.AutoTests" name="[85] /home/travis/build/icyphy/ptII/ptolemy/domains/de/test/auto/multirate2.xml (RunModel)" time="0.014" />
  <testcase classname="ptolemy.util.test.junit.AutoTests" name="[86] /home/travis/build/icyphy/ptII/ptolemy/domains/de/test/auto/realtime.xml (RunModel)" time="10.011" />
  <testcase classname="ptolemy.util.test.junit.AutoTests" name="[87] /home/travis/build/icyphy/ptII/ptolemy/domains/de/test/auto/relationGroup.xml (RunModel)" time="0.014" />
  <testcase classname="ptolemy.util.test.junit.AutoTests" name="[88] /home/travis/build/icyphy/ptII/ptolemy/domains/de/test/auto/relationGroup2.xml (RunModel)" time="0.008" />
  <testcase classname="ptolemy.util.test.junit.AutoTests" name="[89] /home/travis/build/icyphy/ptII/ptolemy/domains/de/test/auto/sortWithOpaquePorts.xml (RunModel)" time="0.01" />
  <testcase classname="ptolemy.util.test.junit.AutoTests" name="[90] /home/travis/build/icyphy/ptII/ptolemy/domains/de/test/auto/transferInputsandOutputs.xml (RunModel)" time="0.018" />
  <testcase classname="ptolemy.util.test.junit.AutoTests" name="[91] /home/travis/build/icyphy/ptII/ptolemy/domains/de/test/auto/triggerType.xml (RunModel)" time="0.009" />
  <system-out><![CDATA[/home/travis/build/icyphy/ptII/ptolemy/domains/de/test/DependencyLoop.tcl
testDefs.tcl: setting time out to 9000 seconds at Wed Jun 26 04:38:43 UTC 2019
89 ms. Memory: 120832K Free: 98092K (81%)
29 ms. Memory: 157696K Free: 138354K (88%)
/home/travis/build/icyphy/ptII/ptolemy/domains/de/test/RunDETestsAsQSS.tcl
Run the DE tests using ptolemy.domains.qss.test.QSSDirectorTest, which extends QSSDirector and prints a message in the constructors.
------------------ testing $PTII/ptolemy/domains/de/test/auto/knownFailedTests/DirectFeedback.xml (Known Failure) 
59 ms. Memory: 157696K Free: 132720K (84%)


==== $PTIIhome/travis/build/icyphy/ptII/ptolemy/domains/de/test/../../../../: Auto Automatic test in file $PTII/ptolemy/domains/de/test/auto/knownFailedTests/DirectFeedback.xml
==== Contents of test case:

	    # FIXME: we should use $relativeFilename here, but it
	    # might have backslashes under Windows, which causes no end
	    # of trouble.
	    createAndExecute $file
	    list {}
	
.... Test generated KNOWN error:
    while executing
ptolemy.kernel.util.IllegalActionException: Test fails in iteration 1.
Value was: 1.0. Should have been: 2.0
  in .DirectFeedback.Test
	at ptolemy.actor.lib.Test.fire(Test.java:268)
	at ptolemy.domains.de.kernel.DEDirector._fire(DEDirector.java:1949)
	at ptolemy.domains.de.kernel.DEDirector.fire(DEDirector.java:502)
	at ptolemy.actor.CompositeActor.fire(CompositeActor.java:455)
	at ptolemy.actor.Manager.iterate(Manager.java:851)
	at ptolemy.actor.Manager.execute(Manager.java:369)
	at ptolemy.actor.Manager.run(Manager.java:1263)
	at ptolemy.actor.Manager$PtolemyRunThread.run(Manager.java:1915)

    while executing
ptolemy.kernel.util.IllegalActionException: Test fails in iteration 1.
Value was: 1.0. Should have been: 2.0
  in .DirectFeedback.Test
    while executing
"java::new ptolemy.moml.MoMLSimpleApplication $file
"
    (procedure "createAndExecute" line 2)
    invoked from within
"createAndExecute $file"
    ("uplevel" body line 5)
    invoked from within
"uplevel $contents_of_test"
------------------ testing $PTII/ptolemy/domains/de/test/auto/knownFailedTests/dependencyLoop.xml (Known Failure) 
18 ms. Memory: 157696K Free: 129648K (82%)


==== $PTIIhome/travis/build/icyphy/ptII/ptolemy/domains/de/test/../../../../: Auto Automatic test in file $PTII/ptolemy/domains/de/test/auto/knownFailedTests/dependencyLoop.xml
==== Contents of test case:

	    # FIXME: we should use $relativeFilename here, but it
	    # might have backslashes under Windows, which causes no end
	    # of trouble.
	    createAndExecute $file
	    list {}
	
.... Test generated KNOWN error:
    while executing
ptolemy.kernel.util.IllegalActionException: Found a zero delay loop containing .dependencyLoop.original
  in .dependencyLoop and .dependencyLoop.original
	at ptolemy.actor.util.CausalityInterfaceForComposites._computeOutputPortDepth(CausalityInterfaceForComposites.java:759)
	at ptolemy.actor.util.CausalityInterfaceForComposites._computeInputDepth(CausalityInterfaceForComposites.java:696)
	at ptolemy.actor.util.CausalityInterfaceForComposites._computeOutputPortDepth(CausalityInterfaceForComposites.java:765)
	at ptolemy.actor.util.CausalityInterfaceForComposites._computeInputDepth(CausalityInterfaceForComposites.java:696)
	at ptolemy.actor.util.CausalityInterfaceForComposites._computeOutputPortDepth(CausalityInterfaceForComposites.java:765)
	at ptolemy.actor.util.CausalityInterfaceForComposites._computeInputDepth(CausalityInterfaceForComposites.java:696)
	at ptolemy.actor.util.CausalityInterfaceForComposites._computeActorDepth(CausalityInterfaceForComposites.java:532)
	at ptolemy.actor.util.CausalityInterfaceForComposites.checkForCycles(CausalityInterfaceForComposites.java:96)
	at ptolemy.domains.de.kernel.DEDirector.preinitialize(DEDirector.java:1338)
	at ptolemy.actor.CompositeActor.preinitialize(CompositeActor.java:1828)
	at ptolemy.actor.Manager.preinitializeAndResolveTypes(Manager.java:1040)
	at ptolemy.actor.Manager.initialize(Manager.java:710)
	at ptolemy.actor.Manager.execute(Manager.java:356)
	at ptolemy.actor.Manager.run(Manager.java:1263)
	at ptolemy.actor.Manager$PtolemyRunThread.run(Manager.java:1915)

    while executing
ptolemy.kernel.util.IllegalActionException: Found a zero delay loop containing .dependencyLoop.original
  in .dependencyLoop and .dependencyLoop.original
    while executing
"java::new ptolemy.moml.MoMLSimpleApplication $file
"
    (procedure "createAndExecute" line 2)
    invoked from within
"createAndExecute $file"
    ("uplevel" body line 5)
    invoked from within
"uplevel $contents_of_test"
------------------ testing $PTII/ptolemy/domains/de/test/auto/knownFailedTests/FSMSource.xml (Known Failure) 
90 ms. Memory: 157696K Free: 120418K (76%)
!!!! Auto was marked as failing, but now passes
------------------ testing $PTII/ptolemy/domains/de/test/auto/knownFailedTests/HierarchicalModel.xml (Known Failure) 
6 ms. Memory: 157696K Free: 103024K (65%)


==== $PTIIhome/travis/build/icyphy/ptII/ptolemy/domains/de/test/../../../../: Auto Automatic test in file $PTII/ptolemy/domains/de/test/auto/knownFailedTests/HierarchicalModel.xml
==== Contents of test case:

	    # FIXME: we should use $relativeFilename here, but it
	    # might have backslashes under Windows, which causes no end
	    # of trouble.
	    createAndExecute $file
	    list {}
	
.... Test generated KNOWN error:
    while executing
ptolemy.kernel.util.IllegalActionException: Found a zero delay loop containing .HierarchicalModel.A
  in .HierarchicalModel and .HierarchicalModel.A
	at ptolemy.actor.util.CausalityInterfaceForComposites._computeOutputPortDepth(CausalityInterfaceForComposites.java:759)
	at ptolemy.actor.util.CausalityInterfaceForComposites._computeInputDepth(CausalityInterfaceForComposites.java:696)
	at ptolemy.actor.util.CausalityInterfaceForComposites._computeOutputPortDepth(CausalityInterfaceForComposites.java:765)
	at ptolemy.actor.util.CausalityInterfaceForComposites._computeInputDepth(CausalityInterfaceForComposites.java:696)
	at ptolemy.actor.util.CausalityInterfaceForComposites._computeOutputPortDepth(CausalityInterfaceForComposites.java:765)
	at ptolemy.actor.util.CausalityInterfaceForComposites._computeInputDepth(CausalityInterfaceForComposites.java:696)
	at ptolemy.actor.util.CausalityInterfaceForComposites._computeActorDepth(CausalityInterfaceForComposites.java:532)
	at ptolemy.actor.util.CausalityInterfaceForComposites.checkForCycles(CausalityInterfaceForComposites.java:96)
	at ptolemy.domains.de.kernel.DEDirector.preinitialize(DEDirector.java:1338)
	at ptolemy.actor.CompositeActor.preinitialize(CompositeActor.java:1828)
	at ptolemy.actor.Manager.preinitializeAndResolveTypes(Manager.java:1040)
	at ptolemy.actor.Manager.initialize(Manager.java:710)
	at ptolemy.actor.Manager.execute(Manager.java:356)
	at ptolemy.actor.Manager.run(Manager.java:1263)
	at ptolemy.actor.Manager$PtolemyRunThread.run(Manager.java:1915)

    while executing
ptolemy.kernel.util.IllegalActionException: Found a zero delay loop containing .HierarchicalModel.A
  in .HierarchicalModel and .HierarchicalModel.A
    while executing
"java::new ptolemy.moml.MoMLSimpleApplication $file
"
    (procedure "createAndExecute" line 2)
    invoked from within
"createAndExecute $file"
    ("uplevel" body line 5)
    invoked from within
"uplevel $contents_of_test"
------------------ testing $PTII/ptolemy/domains/de/test/auto/knownFailedTests/dependencyLoop2.xml (Known Failure) 
12 ms. Memory: 157696K Free: 99442K (63%)


==== $PTIIhome/travis/build/icyphy/ptII/ptolemy/domains/de/test/../../../../: Auto Automatic test in file $PTII/ptolemy/domains/de/test/auto/knownFailedTests/dependencyLoop2.xml
==== Contents of test case:

	    # FIXME: we should use $relativeFilename here, but it
	    # might have backslashes under Windows, which causes no end
	    # of trouble.
	    createAndExecute $file
	    list {}
	
.... Test generated KNOWN error:
    while executing
ptolemy.kernel.util.IllegalActionException: Found a zero delay loop containing .dependencyLoop2.original
  in .dependencyLoop2 and .dependencyLoop2.original
	at ptolemy.actor.util.CausalityInterfaceForComposites._computeOutputPortDepth(CausalityInterfaceForComposites.java:759)
	at ptolemy.actor.util.CausalityInterfaceForComposites._computeInputDepth(CausalityInterfaceForComposites.java:696)
	at ptolemy.actor.util.CausalityInterfaceForComposites._computeOutputPortDepth(CausalityInterfaceForComposites.java:765)
	at ptolemy.actor.util.CausalityInterfaceForComposites._computeInputDepth(CausalityInterfaceForComposites.java:696)
	at ptolemy.actor.util.CausalityInterfaceForComposites._computeOutputPortDepth(CausalityInterfaceForComposites.java:765)
	at ptolemy.actor.util.CausalityInterfaceForComposites._computeInputDepth(CausalityInterfaceForComposites.java:696)
	at ptolemy.actor.util.CausalityInterfaceForComposites._computeActorDepth(CausalityInterfaceForComposites.java:532)
	at ptolemy.actor.util.CausalityInterfaceForComposites.checkForCycles(CausalityInterfaceForComposites.java:96)
	at ptolemy.domains.de.kernel.DEDirector.preinitialize(DEDirector.java:1338)
	at ptolemy.actor.CompositeActor.preinitialize(CompositeActor.java:1828)
	at ptolemy.actor.Manager.preinitializeAndResolveTypes(Manager.java:1040)
	at ptolemy.actor.Manager.initialize(Manager.java:710)
	at ptolemy.actor.Manager.execute(Manager.java:356)
	at ptolemy.actor.Manager.run(Manager.java:1263)
	at ptolemy.actor.Manager$PtolemyRunThread.run(Manager.java:1915)

    while executing
ptolemy.kernel.util.IllegalActionException: Found a zero delay loop containing .dependencyLoop2.original
  in .dependencyLoop2 and .dependencyLoop2.original
    while executing
"java::new ptolemy.moml.MoMLSimpleApplication $file
"
    (procedure "createAndExecute" line 2)
    invoked from within
"createAndExecute $file"
    ("uplevel" body line 5)
    invoked from within
"uplevel $contents_of_test"
------------------ testing $PTII/ptolemy/domains/de/test/auto/knownFailedTests/DESDFClockTest.xml (Known Failure) 
2059 ms. Memory: 157696K Free: 87154K (55%)


==== $PTIIhome/travis/build/icyphy/ptII/ptolemy/domains/de/test/../../../../: Auto Automatic test in file $PTII/ptolemy/domains/de/test/auto/knownFailedTests/DESDFClockTest.xml
==== Contents of test case:

	    # FIXME: we should use $relativeFilename here, but it
	    # might have backslashes under Windows, which causes no end
	    # of trouble.
	    createAndExecute $file
	    list {}
	
.... Test generated KNOWN error:
    while executing
ptolemy.kernel.util.IllegalActionException: Actor is not ready to fire.  Perhaps UpSample.prefire() returned false? Try debugging the actor by selecting "Listen to Actor".  Also, for SDF check moml for tokenConsumptionRate on input.
  in .DESDFClockTest.Play Bell.Copy1:SDF Director and .DESDFClockTest.Play Bell.UpSample
	at ptolemy.actor.sched.StaticSchedulingDirector.fire(StaticSchedulingDirector.java:227)
	at ptolemy.domains.sdf.kernel.SDFDirector.fire(SDFDirector.java:500)
	at ptolemy.actor.CompositeActor.fire(CompositeActor.java:455)
	at ptolemy.domains.de.kernel.DEDirector._fire(DEDirector.java:1949)
	at ptolemy.domains.de.kernel.DEDirector.fire(DEDirector.java:502)
	at ptolemy.actor.CompositeActor.fire(CompositeActor.java:455)
	at ptolemy.actor.Manager.iterate(Manager.java:851)
	at ptolemy.actor.Manager.execute(Manager.java:369)
	at ptolemy.actor.Manager.run(Manager.java:1263)
	at ptolemy.actor.Manager$PtolemyRunThread.run(Manager.java:1915)

    while executing
ptolemy.kernel.util.IllegalActionException: Actor is not ready to fire.  Perhaps UpSample.prefire() returned false? Try debugging the actor by selecting "Listen to Actor".  Also, for SDF check moml for tokenConsumptionRate on input.
  in .DESDFClockTest.Play Bell.Copy1:SDF Director and .DESDFClockTest.Play Bell.UpSample
    while executing
"java::new ptolemy.moml.MoMLSimpleApplication $file
"
    (procedure "createAndExecute" line 2)
    invoked from within
"createAndExecute $file"
    ("uplevel" body line 5)
    invoked from within
"uplevel $contents_of_test"
------------------ testing $PTII/ptolemy/domains/de/test/auto/ActorDepthCalculation_actorWithoutPorts.xml
auto.tcl: Setting watchdog for 200 seconds at Wed Jun 26 04:38:47 UTC 2019
15 ms. Memory: 157696K Free: 79986K (51%)
ptolemy.util.test.WatchDog.cancel(): canceling Wed Jun 26 04:38:47 UTC 2019
auto.tcl: Setting watchdog for 200 seconds at Wed Jun 26 04:38:47 UTC 2019
13 ms. Memory: 157696K Free: 78434K (50%)
ptolemy.util.test.WatchDog.cancel(): canceling Wed Jun 26 04:38:47 UTC 2019
------------------ testing $PTII/ptolemy/domains/de/test/auto/AssemblyLine.xml
auto.tcl: Setting watchdog for 200 seconds at Wed Jun 26 04:38:47 UTC 2019
18 ms. Memory: 45056K Free: 23457K (52%)
ptolemy.util.test.WatchDog.cancel(): canceling Wed Jun 26 04:38:47 UTC 2019
auto.tcl: Setting watchdog for 200 seconds at Wed Jun 26 04:38:47 UTC 2019
19 ms. Memory: 45056K Free: 22623K (50%)
ptolemy.util.test.WatchDog.cancel(): canceling Wed Jun 26 04:38:47 UTC 2019
------------------ testing $PTII/ptolemy/domains/de/test/auto/CQBug1.xml
auto.tcl: Setting watchdog for 200 seconds at Wed Jun 26 04:38:47 UTC 2019
3 ms. Memory: 45056K Free: 29245K (65%)
ptolemy.util.test.WatchDog.cancel(): canceling Wed Jun 26 04:38:48 UTC 2019
auto.tcl: Setting watchdog for 200 seconds at Wed Jun 26 04:38:48 UTC 2019
2 ms. Memory: 45056K Free: 28871K (64%)
ptolemy.util.test.WatchDog.cancel(): canceling Wed Jun 26 04:38:48 UTC 2019
------------------ testing $PTII/ptolemy/domains/de/test/auto/CancelFireAt.xml
auto.tcl: Setting watchdog for 200 seconds at Wed Jun 26 04:38:48 UTC 2019
5 ms. Memory: 45056K Free: 30121K (67%)
ptolemy.util.test.WatchDog.cancel(): canceling Wed Jun 26 04:38:48 UTC 2019
auto.tcl: Setting watchdog for 200 seconds at Wed Jun 26 04:38:48 UTC 2019
2 ms. Memory: 45056K Free: 29572K (66%)
ptolemy.util.test.WatchDog.cancel(): canceling Wed Jun 26 04:38:48 UTC 2019
------------------ testing $PTII/ptolemy/domains/de/test/auto/CausalityAndComposabilityAnalysis.xml
auto.tcl: Setting watchdog for 200 seconds at Wed Jun 26 04:38:48 UTC 2019
10 ms. Memory: 45056K Free: 28152K (62%)
ptolemy.util.test.WatchDog.cancel(): canceling Wed Jun 26 04:38:48 UTC 2019
auto.tcl: Setting watchdog for 200 seconds at Wed Jun 26 04:38:48 UTC 2019
13 ms. Memory: 45056K Free: 27571K (61%)
ptolemy.util.test.WatchDog.cancel(): canceling Wed Jun 26 04:38:48 UTC 2019
------------------ testing $PTII/ptolemy/domains/de/test/auto/CausalityInterface1.xml
auto.tcl: Setting watchdog for 200 seconds at Wed Jun 26 04:38:48 UTC 2019
22 ms. Memory: 45056K Free: 26901K (60%)
ptolemy.util.test.WatchDog.cancel(): canceling Wed Jun 26 04:38:48 UTC 2019
auto.tcl: Setting watchdog for 200 seconds at Wed Jun 26 04:38:48 UTC 2019
8 ms. Memory: 45056K Free: 25959K (58%)
ptolemy.util.test.WatchDog.cancel(): canceling Wed Jun 26 04:38:48 UTC 2019
------------------ testing $PTII/ptolemy/domains/de/test/auto/CausalityInterface15.xml
auto.tcl: Setting watchdog for 200 seconds at Wed Jun 26 04:38:48 UTC 2019
15 ms. Memory: 45056K Free: 26684K (59%)
ptolemy.util.test.WatchDog.cancel(): canceling Wed Jun 26 04:38:48 UTC 2019
auto.tcl: Setting watchdog for 200 seconds at Wed Jun 26 04:38:48 UTC 2019
4 ms. Memory: 45056K Free: 25909K (58%)
ptolemy.util.test.WatchDog.cancel(): canceling Wed Jun 26 04:38:48 UTC 2019
------------------ testing $PTII/ptolemy/domains/de/test/auto/CausalityInterface2.xml
auto.tcl: Setting watchdog for 200 seconds at Wed Jun 26 04:38:48 UTC 2019
4 ms. Memory: 45056K Free: 27633K (61%)
ptolemy.util.test.WatchDog.cancel(): canceling Wed Jun 26 04:38:48 UTC 2019
auto.tcl: Setting watchdog for 200 seconds at Wed Jun 26 04:38:48 UTC 2019
4 ms. Memory: 45056K Free: 26889K (60%)
ptolemy.util.test.WatchDog.cancel(): canceling Wed Jun 26 04:38:48 UTC 2019
------------------ testing $PTII/ptolemy/domains/de/test/auto/CausalityInterface3.xml
auto.tcl: Setting watchdog for 200 seconds at Wed Jun 26 04:38:48 UTC 2019
5 ms. Memory: 45056K Free: 27190K (60%)
ptolemy.util.test.WatchDog.cancel(): canceling Wed Jun 26 04:38:48 UTC 2019
auto.tcl: Setting watchdog for 200 seconds at Wed Jun 26 04:38:48 UTC 2019
3 ms. Memory: 45056K Free: 26383K (59%)
ptolemy.util.test.WatchDog.cancel(): canceling Wed Jun 26 04:38:48 UTC 2019
------------------ testing $PTII/ptolemy/domains/de/test/auto/ClockDrift.xml
auto.tcl: Setting watchdog for 200 seconds at Wed Jun 26 04:38:48 UTC 2019
81 ms. Memory: 45056K Free: 19683K (44%)
ptolemy.util.test.WatchDog.cancel(): canceling Wed Jun 26 04:38:48 UTC 2019
auto.tcl: Setting watchdog for 200 seconds at Wed Jun 26 04:38:48 UTC 2019
75 ms. Memory: 45056K Free: 16422K (36%)
ptolemy.util.test.WatchDog.cancel(): canceling Wed Jun 26 04:38:48 UTC 2019
------------------ testing $PTII/ptolemy/domains/de/test/auto/ClockDriftAndValueChange.xml
auto.tcl: Setting watchdog for 200 seconds at Wed Jun 26 04:38:48 UTC 2019
44 ms. Memory: 45056K Free: 20177K (45%)
ptolemy.util.test.WatchDog.cancel(): canceling Wed Jun 26 04:38:49 UTC 2019
auto.tcl: Setting watchdog for 200 seconds at Wed Jun 26 04:38:49 UTC 2019
27 ms. Memory: 45056K Free: 16986K (38%)
ptolemy.util.test.WatchDog.cancel(): canceling Wed Jun 26 04:38:49 UTC 2019
------------------ testing $PTII/ptolemy/domains/de/test/auto/ClockDriftChange.xml
auto.tcl: Setting watchdog for 200 seconds at Wed Jun 26 04:38:49 UTC 2019
22 ms. Memory: 45056K Free: 21547K (48%)
ptolemy.util.test.WatchDog.cancel(): canceling Wed Jun 26 04:38:49 UTC 2019
auto.tcl: Setting watchdog for 200 seconds at Wed Jun 26 04:38:49 UTC 2019
28 ms. Memory: 45056K Free: 19028K (42%)
ptolemy.util.test.WatchDog.cancel(): canceling Wed Jun 26 04:38:49 UTC 2019
------------------ testing $PTII/ptolemy/domains/de/test/auto/ComposableCausalityAnalysis.xml
auto.tcl: Setting watchdog for 200 seconds at Wed Jun 26 04:38:49 UTC 2019
4 ms. Memory: 45056K Free: 26239K (58%)
ptolemy.util.test.WatchDog.cancel(): canceling Wed Jun 26 04:38:49 UTC 2019
auto.tcl: Setting watchdog for 200 seconds at Wed Jun 26 04:38:49 UTC 2019
3 ms. Memory: 45056K Free: 25212K (56%)
ptolemy.util.test.WatchDog.cancel(): canceling Wed Jun 26 04:38:49 UTC 2019
------------------ testing $PTII/ptolemy/domains/de/test/auto/DEFixedPointLimitation.xml
auto.tcl: Setting watchdog for 200 seconds at Wed Jun 26 04:38:49 UTC 2019
5 ms. Memory: 45056K Free: 27586K (61%)
ptolemy.util.test.WatchDog.cancel(): canceling Wed Jun 26 04:38:49 UTC 2019
auto.tcl: Setting watchdog for 200 seconds at Wed Jun 26 04:38:49 UTC 2019
2 ms. Memory: 45056K Free: 26853K (60%)
ptolemy.util.test.WatchDog.cancel(): canceling Wed Jun 26 04:38:49 UTC 2019
------------------ testing $PTII/ptolemy/domains/de/test/auto/DEScheduleTest.xml
auto.tcl: Setting watchdog for 200 seconds at Wed Jun 26 04:38:49 UTC 2019
8 ms. Memory: 45056K Free: 27963K (62%)
ptolemy.util.test.WatchDog.cancel(): canceling Wed Jun 26 04:38:49 UTC 2019
auto.tcl: Setting watchdog for 200 seconds at Wed Jun 26 04:38:49 UTC 2019
3 ms. Memory: 45056K Free: 27169K (60%)
ptolemy.util.test.WatchDog.cancel(): canceling Wed Jun 26 04:38:49 UTC 2019
------------------ testing $PTII/ptolemy/domains/de/test/auto/DEinDEwithStartTimes.xml
auto.tcl: Setting watchdog for 200 seconds at Wed Jun 26 04:38:49 UTC 2019
6 ms. Memory: 45056K Free: 26476K (59%)
ptolemy.util.test.WatchDog.cancel(): canceling Wed Jun 26 04:38:49 UTC 2019
auto.tcl: Setting watchdog for 200 seconds at Wed Jun 26 04:38:49 UTC 2019
5 ms. Memory: 45056K Free: 25072K (56%)
ptolemy.util.test.WatchDog.cancel(): canceling Wed Jun 26 04:38:49 UTC 2019
------------------ testing $PTII/ptolemy/domains/de/test/auto/DEinDEwithStartTimes2.xml
auto.tcl: Setting watchdog for 200 seconds at Wed Jun 26 04:38:49 UTC 2019
8 ms. Memory: 45056K Free: 25551K (57%)
ptolemy.util.test.WatchDog.cancel(): canceling Wed Jun 26 04:38:49 UTC 2019
auto.tcl: Setting watchdog for 200 seconds at Wed Jun 26 04:38:49 UTC 2019
5 ms. Memory: 45056K Free: 24208K (54%)
ptolemy.util.test.WatchDog.cancel(): canceling Wed Jun 26 04:38:49 UTC 2019
------------------ testing $PTII/ptolemy/domains/de/test/auto/DateDemo.xml
auto.tcl: Setting watchdog for 200 seconds at Wed Jun 26 04:38:49 UTC 2019
27 ms. Memory: 45056K Free: 20002K (44%)
ptolemy.util.test.WatchDog.cancel(): canceling Wed Jun 26 04:38:49 UTC 2019
auto.tcl: Setting watchdog for 200 seconds at Wed Jun 26 04:38:49 UTC 2019
9 ms. Memory: 45056K Free: 18321K (41%)
ptolemy.util.test.WatchDog.cancel(): canceling Wed Jun 26 04:38:49 UTC 2019
------------------ testing $PTII/ptolemy/domains/de/test/auto/DateToEvent.xml
auto.tcl: Setting watchdog for 200 seconds at Wed Jun 26 04:38:49 UTC 2019
2022 ms. Memory: 45056K Free: 30773K (68%)
ptolemy.util.test.WatchDog.cancel(): canceling Wed Jun 26 04:38:51 UTC 2019
auto.tcl: Setting watchdog for 200 seconds at Wed Jun 26 04:38:51 UTC 2019
2005 ms. Memory: 45056K Free: 30039K (67%)
ptolemy.util.test.WatchDog.cancel(): canceling Wed Jun 26 04:38:53 UTC 2019
------------------ testing $PTII/ptolemy/domains/de/test/auto/DepthTest1.xml
auto.tcl: Setting watchdog for 200 seconds at Wed Jun 26 04:38:54 UTC 2019
5 ms. Memory: 45056K Free: 28835K (64%)
ptolemy.util.test.WatchDog.cancel(): canceling Wed Jun 26 04:38:54 UTC 2019
auto.tcl: Setting watchdog for 200 seconds at Wed Jun 26 04:38:54 UTC 2019
1 ms. Memory: 45056K Free: 28403K (63%)
ptolemy.util.test.WatchDog.cancel(): canceling Wed Jun 26 04:38:54 UTC 2019
------------------ testing $PTII/ptolemy/domains/de/test/auto/DepthTest2.xml
auto.tcl: Setting watchdog for 200 seconds at Wed Jun 26 04:38:54 UTC 2019
10 ms. Memory: 45056K Free: 25689K (57%)
ptolemy.util.test.WatchDog.cancel(): canceling Wed Jun 26 04:38:54 UTC 2019
auto.tcl: Setting watchdog for 200 seconds at Wed Jun 26 04:38:54 UTC 2019
2 ms. Memory: 45056K Free: 25066K (56%)
ptolemy.util.test.WatchDog.cancel(): canceling Wed Jun 26 04:38:54 UTC 2019
------------------ testing $PTII/ptolemy/domains/de/test/auto/DepthTest3.xml
auto.tcl: Setting watchdog for 200 seconds at Wed Jun 26 04:38:54 UTC 2019
2 ms. Memory: 45056K Free: 29134K (65%)
ptolemy.util.test.WatchDog.cancel(): canceling Wed Jun 26 04:38:54 UTC 2019
auto.tcl: Setting watchdog for 200 seconds at Wed Jun 26 04:38:54 UTC 2019
3 ms. Memory: 45056K Free: 28711K (64%)
ptolemy.util.test.WatchDog.cancel(): canceling Wed Jun 26 04:38:54 UTC 2019
------------------ testing $PTII/ptolemy/domains/de/test/auto/DepthTest4.xml
auto.tcl: Setting watchdog for 200 seconds at Wed Jun 26 04:38:54 UTC 2019
4 ms. Memory: 45056K Free: 27427K (61%)
ptolemy.util.test.WatchDog.cancel(): canceling Wed Jun 26 04:38:54 UTC 2019
auto.tcl: Setting watchdog for 200 seconds at Wed Jun 26 04:38:54 UTC 2019
2 ms. Memory: 45056K Free: 26769K (59%)
ptolemy.util.test.WatchDog.cancel(): canceling Wed Jun 26 04:38:54 UTC 2019
------------------ testing $PTII/ptolemy/domains/de/test/auto/DepthTest5.xml
auto.tcl: Setting watchdog for 200 seconds at Wed Jun 26 04:38:54 UTC 2019
6 ms. Memory: 45056K Free: 26640K (59%)
ptolemy.util.test.WatchDog.cancel(): canceling Wed Jun 26 04:38:54 UTC 2019
auto.tcl: Setting watchdog for 200 seconds at Wed Jun 26 04:38:54 UTC 2019
3 ms. Memory: 45056K Free: 26026K (58%)
ptolemy.util.test.WatchDog.cancel(): canceling Wed Jun 26 04:38:54 UTC 2019
------------------ testing $PTII/ptolemy/domains/de/test/auto/DepthTest6.xml
auto.tcl: Setting watchdog for 200 seconds at Wed Jun 26 04:38:54 UTC 2019
3 ms. Memory: 45056K Free: 26591K (59%)
ptolemy.util.test.WatchDog.cancel(): canceling Wed Jun 26 04:38:54 UTC 2019
auto.tcl: Setting watchdog for 200 seconds at Wed Jun 26 04:38:54 UTC 2019
3 ms. Memory: 45056K Free: 26004K (58%)
ptolemy.util.test.WatchDog.cancel(): canceling Wed Jun 26 04:38:54 UTC 2019
------------------ testing $PTII/ptolemy/domains/de/test/auto/DepthTest7.xml
auto.tcl: Setting watchdog for 200 seconds at Wed Jun 26 04:38:54 UTC 2019
3 ms. Memory: 45056K Free: 27244K (60%)
ptolemy.util.test.WatchDog.cancel(): canceling Wed Jun 26 04:38:54 UTC 2019
auto.tcl: Setting watchdog for 200 seconds at Wed Jun 26 04:38:54 UTC 2019
2 ms. Memory: 45056K Free: 26358K (59%)
ptolemy.util.test.WatchDog.cancel(): canceling Wed Jun 26 04:38:54 UTC 2019
------------------ testing $PTII/ptolemy/domains/de/test/auto/EventToDate.xml
auto.tcl: Setting watchdog for 200 seconds at Wed Jun 26 04:38:54 UTC 2019
3009 ms. Memory: 45056K Free: 18100K (40%)
ptolemy.util.test.WatchDog.cancel(): canceling Wed Jun 26 04:38:57 UTC 2019
auto.tcl: Setting watchdog for 200 seconds at Wed Jun 26 04:38:57 UTC 2019
3004 ms. Memory: 45056K Free: 17512K (39%)
ptolemy.util.test.WatchDog.cancel(): canceling Wed Jun 26 04:39:00 UTC 2019
------------------ testing $PTII/ptolemy/domains/de/test/auto/FSM1.xml
auto.tcl: Setting watchdog for 200 seconds at Wed Jun 26 04:39:00 UTC 2019
22 ms. Memory: 45056K Free: 19368K (43%)
ptolemy.util.test.WatchDog.cancel(): canceling Wed Jun 26 04:39:00 UTC 2019
auto.tcl: Setting watchdog for 200 seconds at Wed Jun 26 04:39:00 UTC 2019
27 ms. Memory: 45056K Free: 16120K (36%)
ptolemy.util.test.WatchDog.cancel(): canceling Wed Jun 26 04:39:00 UTC 2019
------------------ testing $PTII/ptolemy/domains/de/test/auto/FSM7.xml
auto.tcl: Setting watchdog for 200 seconds at Wed Jun 26 04:39:00 UTC 2019
30 ms. Memory: 45056K Free: 19174K (43%)
ptolemy.util.test.WatchDog.cancel(): canceling Wed Jun 26 04:39:00 UTC 2019
auto.tcl: Setting watchdog for 200 seconds at Wed Jun 26 04:39:00 UTC 2019
35 ms. Memory: 45056K Free: 16037K (36%)
ptolemy.util.test.WatchDog.cancel(): canceling Wed Jun 26 04:39:00 UTC 2019
------------------ testing $PTII/ptolemy/domains/de/test/auto/Inspection.xml
auto.tcl: Setting watchdog for 200 seconds at Wed Jun 26 04:39:00 UTC 2019
33 ms. Memory: 45056K Free: 19167K (43%)
ptolemy.util.test.WatchDog.cancel(): canceling Wed Jun 26 04:39:01 UTC 2019
auto.tcl: Setting watchdog for 200 seconds at Wed Jun 26 04:39:01 UTC 2019
31 ms. Memory: 45056K Free: 17386K (39%)
ptolemy.util.test.WatchDog.cancel(): canceling Wed Jun 26 04:39:01 UTC 2019
------------------ testing $PTII/ptolemy/domains/de/test/auto/Iteration.xml
auto.tcl: Setting watchdog for 200 seconds at Wed Jun 26 04:39:01 UTC 2019
8 ms. Memory: 45056K Free: 24931K (55%)
ptolemy.util.test.WatchDog.cancel(): canceling Wed Jun 26 04:39:01 UTC 2019
auto.tcl: Setting watchdog for 200 seconds at Wed Jun 26 04:39:01 UTC 2019
8 ms. Memory: 45056K Free: 23461K (52%)
ptolemy.util.test.WatchDog.cancel(): canceling Wed Jun 26 04:39:01 UTC 2019
------------------ testing $PTII/ptolemy/domains/de/test/auto/LineFault.xml
auto.tcl: Setting watchdog for 200 seconds at Wed Jun 26 04:39:01 UTC 2019
802 ms. Memory: 54272K Free: 29167K (54%)
ptolemy.util.test.WatchDog.cancel(): canceling Wed Jun 26 04:39:02 UTC 2019
auto.tcl: Setting watchdog for 200 seconds at Wed Jun 26 04:39:02 UTC 2019
646 ms. Memory: 54272K Free: 22232K (41%)
ptolemy.util.test.WatchDog.cancel(): canceling Wed Jun 26 04:39:02 UTC 2019
------------------ testing $PTII/ptolemy/domains/de/test/auto/MergeModel1Add.xml
auto.tcl: Setting watchdog for 200 seconds at Wed Jun 26 04:39:02 UTC 2019
35 ms. Memory: 51200K Free: 17389K (34%)
ptolemy.util.test.WatchDog.cancel(): canceling Wed Jun 26 04:39:03 UTC 2019
auto.tcl: Setting watchdog for 200 seconds at Wed Jun 26 04:39:03 UTC 2019
14 ms. Memory: 51200K Free: 15745K (31%)
ptolemy.util.test.WatchDog.cancel(): canceling Wed Jun 26 04:39:03 UTC 2019
------------------ testing $PTII/ptolemy/domains/de/test/auto/MergeModel2Add.xml
auto.tcl: Setting watchdog for 200 seconds at Wed Jun 26 04:39:03 UTC 2019
9 ms. Memory: 48128K Free: 16175K (34%)
ptolemy.util.test.WatchDog.cancel(): canceling Wed Jun 26 04:39:03 UTC 2019
auto.tcl: Setting watchdog for 200 seconds at Wed Jun 26 04:39:03 UTC 2019
8 ms. Memory: 48128K Free: 14535K (30%)
ptolemy.util.test.WatchDog.cancel(): canceling Wed Jun 26 04:39:03 UTC 2019
------------------ testing $PTII/ptolemy/domains/de/test/auto/MergeModel3Add.xml
auto.tcl: Setting watchdog for 200 seconds at Wed Jun 26 04:39:03 UTC 2019
7 ms. Memory: 48128K Free: 15938K (33%)
ptolemy.util.test.WatchDog.cancel(): canceling Wed Jun 26 04:39:03 UTC 2019
auto.tcl: Setting watchdog for 200 seconds at Wed Jun 26 04:39:03 UTC 2019
7 ms. Memory: 48128K Free: 14545K (30%)
ptolemy.util.test.WatchDog.cancel(): canceling Wed Jun 26 04:39:03 UTC 2019
------------------ testing $PTII/ptolemy/domains/de/test/auto/MergeWithoutDiscard.xml
auto.tcl: Setting watchdog for 200 seconds at Wed Jun 26 04:39:03 UTC 2019
3 ms. Memory: 48128K Free: 30823K (64%)
ptolemy.util.test.WatchDog.cancel(): canceling Wed Jun 26 04:39:03 UTC 2019
auto.tcl: Setting watchdog for 200 seconds at Wed Jun 26 04:39:03 UTC 2019
1 ms. Memory: 48128K Free: 30330K (63%)
ptolemy.util.test.WatchDog.cancel(): canceling Wed Jun 26 04:39:03 UTC 2019
------------------ testing $PTII/ptolemy/domains/de/test/auto/Modal1.xml
auto.tcl: Setting watchdog for 200 seconds at Wed Jun 26 04:39:03 UTC 2019
13 ms. Memory: 48128K Free: 22883K (48%)
ptolemy.util.test.WatchDog.cancel(): canceling Wed Jun 26 04:39:03 UTC 2019
auto.tcl: Setting watchdog for 200 seconds at Wed Jun 26 04:39:03 UTC 2019
12 ms. Memory: 48128K Free: 19346K (40%)
ptolemy.util.test.WatchDog.cancel(): canceling Wed Jun 26 04:39:03 UTC 2019
------------------ testing $PTII/ptolemy/domains/de/test/auto/Modal2.xml
auto.tcl: Setting watchdog for 200 seconds at Wed Jun 26 04:39:03 UTC 2019
11 ms. Memory: 45056K Free: 19450K (43%)
ptolemy.util.test.WatchDog.cancel(): canceling Wed Jun 26 04:39:03 UTC 2019
auto.tcl: Setting watchdog for 200 seconds at Wed Jun 26 04:39:03 UTC 2019
12 ms. Memory: 45056K Free: 16190K (36%)
ptolemy.util.test.WatchDog.cancel(): canceling Wed Jun 26 04:39:03 UTC 2019
------------------ testing $PTII/ptolemy/domains/de/test/auto/Modal3.xml
auto.tcl: Setting watchdog for 200 seconds at Wed Jun 26 04:39:03 UTC 2019
12 ms. Memory: 45056K Free: 19179K (43%)
ptolemy.util.test.WatchDog.cancel(): canceling Wed Jun 26 04:39:03 UTC 2019
auto.tcl: Setting watchdog for 200 seconds at Wed Jun 26 04:39:03 UTC 2019
13 ms. Memory: 45056K Free: 16220K (36%)
ptolemy.util.test.WatchDog.cancel(): canceling Wed Jun 26 04:39:03 UTC 2019
------------------ testing $PTII/ptolemy/domains/de/test/auto/Modal4.xml
auto.tcl: Setting watchdog for 200 seconds at Wed Jun 26 04:39:03 UTC 2019
31 ms. Memory: 45056K Free: 18432K (41%)
ptolemy.util.test.WatchDog.cancel(): canceling Wed Jun 26 04:39:03 UTC 2019
auto.tcl: Setting watchdog for 200 seconds at Wed Jun 26 04:39:03 UTC 2019
26 ms. Memory: 45056K Free: 14564K (32%)
ptolemy.util.test.WatchDog.cancel(): canceling Wed Jun 26 04:39:03 UTC 2019
------------------ testing $PTII/ptolemy/domains/de/test/auto/Modal5.xml
auto.tcl: Setting watchdog for 200 seconds at Wed Jun 26 04:39:03 UTC 2019
15 ms. Memory: 45056K Free: 18410K (41%)
ptolemy.util.test.WatchDog.cancel(): canceling Wed Jun 26 04:39:03 UTC 2019
auto.tcl: Setting watchdog for 200 seconds at Wed Jun 26 04:39:03 UTC 2019
15 ms. Memory: 45056K Free: 14789K (33%)
ptolemy.util.test.WatchDog.cancel(): canceling Wed Jun 26 04:39:03 UTC 2019
------------------ testing $PTII/ptolemy/domains/de/test/auto/Modal6.xml
auto.tcl: Setting watchdog for 200 seconds at Wed Jun 26 04:39:04 UTC 2019
22 ms. Memory: 45056K Free: 19418K (43%)
ptolemy.util.test.WatchDog.cancel(): canceling Wed Jun 26 04:39:04 UTC 2019
auto.tcl: Setting watchdog for 200 seconds at Wed Jun 26 04:39:04 UTC 2019
19 ms. Memory: 45056K Free: 15574K (35%)
ptolemy.util.test.WatchDog.cancel(): canceling Wed Jun 26 04:39:04 UTC 2019
------------------ testing $PTII/ptolemy/domains/de/test/auto/Modal7.xml
auto.tcl: Setting watchdog for 200 seconds at Wed Jun 26 04:39:04 UTC 2019
19 ms. Memory: 45056K Free: 18185K (40%)
ptolemy.util.test.WatchDog.cancel(): canceling Wed Jun 26 04:39:04 UTC 2019
auto.tcl: Setting watchdog for 200 seconds at Wed Jun 26 04:39:04 UTC 2019
14 ms. Memory: 45056K Free: 14852K (33%)
ptolemy.util.test.WatchDog.cancel(): canceling Wed Jun 26 04:39:04 UTC 2019
------------------ testing $PTII/ptolemy/domains/de/test/auto/ModalModel.xml
auto.tcl: Setting watchdog for 200 seconds at Wed Jun 26 04:39:04 UTC 2019
251 ms. Memory: 56320K Free: 18801K (33%)
ptolemy.util.test.WatchDog.cancel(): canceling Wed Jun 26 04:39:04 UTC 2019
auto.tcl: Setting watchdog for 200 seconds at Wed Jun 26 04:39:04 UTC 2019
218 ms. Memory: 56320K Free: 15295K (27%)
ptolemy.util.test.WatchDog.cancel(): canceling Wed Jun 26 04:39:04 UTC 2019
------------------ testing $PTII/ptolemy/domains/de/test/auto/ModalSource.xml
auto.tcl: Setting watchdog for 200 seconds at Wed Jun 26 04:39:04 UTC 2019
11 ms. Memory: 48128K Free: 26295K (55%)
ptolemy.util.test.WatchDog.cancel(): canceling Wed Jun 26 04:39:04 UTC 2019
auto.tcl: Setting watchdog for 200 seconds at Wed Jun 26 04:39:04 UTC 2019
6 ms. Memory: 48128K Free: 24247K (50%)
ptolemy.util.test.WatchDog.cancel(): canceling Wed Jun 26 04:39:04 UTC 2019
------------------ testing $PTII/ptolemy/domains/de/test/auto/NonInterruptibleTimerZeroDelay.xml
auto.tcl: Setting watchdog for 200 seconds at Wed Jun 26 04:39:05 UTC 2019
4 ms. Memory: 48128K Free: 31537K (66%)
ptolemy.util.test.WatchDog.cancel(): canceling Wed Jun 26 04:39:05 UTC 2019
auto.tcl: Setting watchdog for 200 seconds at Wed Jun 26 04:39:05 UTC 2019
2 ms. Memory: 48128K Free: 30620K (64%)
ptolemy.util.test.WatchDog.cancel(): canceling Wed Jun 26 04:39:05 UTC 2019
------------------ testing $PTII/ptolemy/domains/de/test/auto/OpenQueueingNetwork.xml
auto.tcl: Setting watchdog for 200 seconds at Wed Jun 26 04:39:05 UTC 2019
2849 ms. Memory: 113664K Free: 81495K (72%)
ptolemy.util.test.WatchDog.cancel(): canceling Wed Jun 26 04:39:08 UTC 2019
auto.tcl: Setting watchdog for 200 seconds at Wed Jun 26 04:39:08 UTC 2019
2547 ms. Memory: 137216K Free: 51784K (38%)
ptolemy.util.test.WatchDog.cancel(): canceling Wed Jun 26 04:39:10 UTC 2019
------------------ testing $PTII/ptolemy/domains/de/test/auto/OpenQueuingNetwork.xml
auto.tcl: Setting watchdog for 200 seconds at Wed Jun 26 04:39:10 UTC 2019
248 ms. Memory: 51200K Free: 17859K (35%)
ptolemy.util.test.WatchDog.cancel(): canceling Wed Jun 26 04:39:11 UTC 2019
auto.tcl: Setting watchdog for 200 seconds at Wed Jun 26 04:39:11 UTC 2019
239 ms. Memory: 51200K Free: 23663K (46%)
ptolemy.util.test.WatchDog.cancel(): canceling Wed Jun 26 04:39:11 UTC 2019
------------------ testing $PTII/ptolemy/domains/de/test/auto/PeriodicSampler.xml
auto.tcl: Setting watchdog for 200 seconds at Wed Jun 26 04:39:11 UTC 2019
3 ms. Memory: 48128K Free: 30427K (63%)
ptolemy.util.test.WatchDog.cancel(): canceling Wed Jun 26 04:39:11 UTC 2019
auto.tcl: Setting watchdog for 200 seconds at Wed Jun 26 04:39:11 UTC 2019
2 ms. Memory: 48128K Free: 29524K (61%)
ptolemy.util.test.WatchDog.cancel(): canceling Wed Jun 26 04:39:11 UTC 2019
------------------ testing $PTII/ptolemy/domains/de/test/auto/PersistentIO.xml
auto.tcl: Setting watchdog for 200 seconds at Wed Jun 26 04:39:11 UTC 2019
16 ms. Memory: 45056K Free: 22263K (49%)
ptolemy.util.test.WatchDog.cancel(): canceling Wed Jun 26 04:39:11 UTC 2019
auto.tcl: Setting watchdog for 200 seconds at Wed Jun 26 04:39:11 UTC 2019
4 ms. Memory: 45056K Free: 20899K (46%)
ptolemy.util.test.WatchDog.cancel(): canceling Wed Jun 26 04:39:11 UTC 2019
------------------ testing $PTII/ptolemy/domains/de/test/auto/PortParameterResetOnInitialize.xml
auto.tcl: Setting watchdog for 200 seconds at Wed Jun 26 04:39:11 UTC 2019
3 ms. Memory: 45056K Free: 27298K (61%)
ptolemy.util.test.WatchDog.cancel(): canceling Wed Jun 26 04:39:11 UTC 2019
auto.tcl: Setting watchdog for 200 seconds at Wed Jun 26 04:39:11 UTC 2019
2 ms. Memory: 45056K Free: 26876K (60%)
ptolemy.util.test.WatchDog.cancel(): canceling Wed Jun 26 04:39:11 UTC 2019
------------------ testing $PTII/ptolemy/domains/de/test/auto/PortParameterUpdates.xml
auto.tcl: Setting watchdog for 200 seconds at Wed Jun 26 04:39:11 UTC 2019
5 ms. Memory: 45056K Free: 25382K (56%)
ptolemy.util.test.WatchDog.cancel(): canceling Wed Jun 26 04:39:11 UTC 2019
auto.tcl: Setting watchdog for 200 seconds at Wed Jun 26 04:39:11 UTC 2019
5 ms. Memory: 45056K Free: 23993K (53%)
ptolemy.util.test.WatchDog.cancel(): canceling Wed Jun 26 04:39:11 UTC 2019
------------------ testing $PTII/ptolemy/domains/de/test/auto/QueueAndServer.xml
auto.tcl: Setting watchdog for 200 seconds at Wed Jun 26 04:39:11 UTC 2019
6 ms. Memory: 45056K Free: 24301K (54%)
ptolemy.util.test.WatchDog.cancel(): canceling Wed Jun 26 04:39:11 UTC 2019
auto.tcl: Setting watchdog for 200 seconds at Wed Jun 26 04:39:11 UTC 2019
6 ms. Memory: 45056K Free: 22767K (51%)
ptolemy.util.test.WatchDog.cancel(): canceling Wed Jun 26 04:39:11 UTC 2019
------------------ testing $PTII/ptolemy/domains/de/test/auto/Records.xml
auto.tcl: Setting watchdog for 200 seconds at Wed Jun 26 04:39:11 UTC 2019
4 ms. Memory: 45056K Free: 26863K (60%)
ptolemy.util.test.WatchDog.cancel(): canceling Wed Jun 26 04:39:11 UTC 2019
auto.tcl: Setting watchdog for 200 seconds at Wed Jun 26 04:39:11 UTC 2019
2 ms. Memory: 45056K Free: 26370K (59%)
ptolemy.util.test.WatchDog.cancel(): canceling Wed Jun 26 04:39:11 UTC 2019
------------------ testing $PTII/ptolemy/domains/de/test/auto/ResetTransitionWithStartTime1.xml
auto.tcl: Setting watchdog for 200 seconds at Wed Jun 26 04:39:11 UTC 2019
24 ms. Memory: 45056K Free: 23763K (53%)
ptolemy.util.test.WatchDog.cancel(): canceling Wed Jun 26 04:39:11 UTC 2019
auto.tcl: Setting watchdog for 200 seconds at Wed Jun 26 04:39:11 UTC 2019
10 ms. Memory: 45056K Free: 21286K (47%)
ptolemy.util.test.WatchDog.cancel(): canceling Wed Jun 26 04:39:11 UTC 2019
------------------ testing $PTII/ptolemy/domains/de/test/auto/ResetTransitionWithStartTime2.xml
auto.tcl: Setting watchdog for 200 seconds at Wed Jun 26 04:39:11 UTC 2019
6 ms. Memory: 45056K Free: 23718K (53%)
ptolemy.util.test.WatchDog.cancel(): canceling Wed Jun 26 04:39:11 UTC 2019
auto.tcl: Setting watchdog for 200 seconds at Wed Jun 26 04:39:11 UTC 2019
7 ms. Memory: 45056K Free: 21233K (47%)
ptolemy.util.test.WatchDog.cancel(): canceling Wed Jun 26 04:39:11 UTC 2019
------------------ testing $PTII/ptolemy/domains/de/test/auto/ResetTransitionWithStartTime3.xml
auto.tcl: Setting watchdog for 200 seconds at Wed Jun 26 04:39:11 UTC 2019
6 ms. Memory: 45056K Free: 23924K (53%)
ptolemy.util.test.WatchDog.cancel(): canceling Wed Jun 26 04:39:11 UTC 2019
auto.tcl: Setting watchdog for 200 seconds at Wed Jun 26 04:39:11 UTC 2019
7 ms. Memory: 45056K Free: 21669K (48%)
ptolemy.util.test.WatchDog.cancel(): canceling Wed Jun 26 04:39:11 UTC 2019
------------------ testing $PTII/ptolemy/domains/de/test/auto/ResetTransitionWithStartTime4.xml
auto.tcl: Setting watchdog for 200 seconds at Wed Jun 26 04:39:12 UTC 2019
17 ms. Memory: 45056K Free: 24245K (54%)
ptolemy.util.test.WatchDog.cancel(): canceling Wed Jun 26 04:39:12 UTC 2019
auto.tcl: Setting watchdog for 200 seconds at Wed Jun 26 04:39:12 UTC 2019
4 ms. Memory: 45056K Free: 22841K (51%)
ptolemy.util.test.WatchDog.cancel(): canceling Wed Jun 26 04:39:12 UTC 2019
------------------ testing $PTII/ptolemy/domains/de/test/auto/ResettableTimer1.xml
auto.tcl: Setting watchdog for 200 seconds at Wed Jun 26 04:39:12 UTC 2019
3 ms. Memory: 45056K Free: 27514K (61%)
ptolemy.util.test.WatchDog.cancel(): canceling Wed Jun 26 04:39:12 UTC 2019
auto.tcl: Setting watchdog for 200 seconds at Wed Jun 26 04:39:12 UTC 2019
3 ms. Memory: 45056K Free: 27076K (60%)
ptolemy.util.test.WatchDog.cancel(): canceling Wed Jun 26 04:39:12 UTC 2019
------------------ testing $PTII/ptolemy/domains/de/test/auto/ResettableTimer2.xml
auto.tcl: Setting watchdog for 200 seconds at Wed Jun 26 04:39:12 UTC 2019
4 ms. Memory: 45056K Free: 28097K (62%)
ptolemy.util.test.WatchDog.cancel(): canceling Wed Jun 26 04:39:12 UTC 2019
auto.tcl: Setting watchdog for 200 seconds at Wed Jun 26 04:39:12 UTC 2019
2 ms. Memory: 45056K Free: 27023K (60%)
ptolemy.util.test.WatchDog.cancel(): canceling Wed Jun 26 04:39:12 UTC 2019
------------------ testing $PTII/ptolemy/domains/de/test/auto/ResettableTimer3.xml
auto.tcl: Setting watchdog for 200 seconds at Wed Jun 26 04:39:12 UTC 2019
2 ms. Memory: 45056K Free: 27934K (62%)
ptolemy.util.test.WatchDog.cancel(): canceling Wed Jun 26 04:39:12 UTC 2019
auto.tcl: Setting watchdog for 200 seconds at Wed Jun 26 04:39:12 UTC 2019
1 ms. Memory: 45056K Free: 27850K (62%)
ptolemy.util.test.WatchDog.cancel(): canceling Wed Jun 26 04:39:12 UTC 2019
------------------ testing $PTII/ptolemy/domains/de/test/auto/ResettableTimer4.xml
auto.tcl: Setting watchdog for 200 seconds at Wed Jun 26 04:39:12 UTC 2019
1 ms. Memory: 45056K Free: 27948K (62%)
ptolemy.util.test.WatchDog.cancel(): canceling Wed Jun 26 04:39:12 UTC 2019
auto.tcl: Setting watchdog for 200 seconds at Wed Jun 26 04:39:12 UTC 2019
1 ms. Memory: 45056K Free: 27863K (62%)
ptolemy.util.test.WatchDog.cancel(): canceling Wed Jun 26 04:39:12 UTC 2019
------------------ testing $PTII/ptolemy/domains/de/test/auto/ResettableTimer5.xml
auto.tcl: Setting watchdog for 200 seconds at Wed Jun 26 04:39:12 UTC 2019
2 ms. Memory: 45056K Free: 27916K (62%)
ptolemy.util.test.WatchDog.cancel(): canceling Wed Jun 26 04:39:12 UTC 2019
auto.tcl: Setting watchdog for 200 seconds at Wed Jun 26 04:39:12 UTC 2019
2 ms. Memory: 45056K Free: 27424K (61%)
ptolemy.util.test.WatchDog.cancel(): canceling Wed Jun 26 04:39:12 UTC 2019
------------------ testing $PTII/ptolemy/domains/de/test/auto/ResettableTimer6.xml
auto.tcl: Setting watchdog for 200 seconds at Wed Jun 26 04:39:12 UTC 2019
1 ms. Memory: 45056K Free: 27336K (61%)
ptolemy.util.test.WatchDog.cancel(): canceling Wed Jun 26 04:39:12 UTC 2019
auto.tcl: Setting watchdog for 200 seconds at Wed Jun 26 04:39:12 UTC 2019
2 ms. Memory: 45056K Free: 26828K (60%)
ptolemy.util.test.WatchDog.cancel(): canceling Wed Jun 26 04:39:12 UTC 2019
------------------ testing $PTII/ptolemy/domains/de/test/auto/ServerZeroDelay.xml
auto.tcl: Setting watchdog for 200 seconds at Wed Jun 26 04:39:12 UTC 2019
6 ms. Memory: 45056K Free: 28043K (62%)
ptolemy.util.test.WatchDog.cancel(): canceling Wed Jun 26 04:39:12 UTC 2019
auto.tcl: Setting watchdog for 200 seconds at Wed Jun 26 04:39:12 UTC 2019
4 ms. Memory: 45056K Free: 26959K (60%)
ptolemy.util.test.WatchDog.cancel(): canceling Wed Jun 26 04:39:12 UTC 2019
------------------ testing $PTII/ptolemy/domains/de/test/auto/SmartSender.xml
auto.tcl: Setting watchdog for 200 seconds at Wed Jun 26 04:39:12 UTC 2019
3001 ms. Memory: 45056K Free: 27925K (62%)
ptolemy.util.test.WatchDog.cancel(): canceling Wed Jun 26 04:39:15 UTC 2019
auto.tcl: Setting watchdog for 200 seconds at Wed Jun 26 04:39:15 UTC 2019
3001 ms. Memory: 45056K Free: 27383K (61%)
ptolemy.util.test.WatchDog.cancel(): canceling Wed Jun 26 04:39:18 UTC 2019
------------------ testing $PTII/ptolemy/domains/de/test/auto/ThreadedComposite.xml
auto.tcl: Setting watchdog for 200 seconds at Wed Jun 26 04:39:18 UTC 2019
203 ms. Memory: 45056K Free: 8926K (20%)
ptolemy.util.test.WatchDog.cancel(): canceling Wed Jun 26 04:39:18 UTC 2019
auto.tcl: Setting watchdog for 200 seconds at Wed Jun 26 04:39:18 UTC 2019
128 ms. Memory: 45056K Free: 19978K (44%)
ptolemy.util.test.WatchDog.cancel(): canceling Wed Jun 26 04:39:19 UTC 2019
------------------ testing $PTII/ptolemy/domains/de/test/auto/Time.xml
auto.tcl: Setting watchdog for 200 seconds at Wed Jun 26 04:39:19 UTC 2019
511 ms. Memory: 45056K Free: 22960K (51%)
ptolemy.util.test.WatchDog.cancel(): canceling Wed Jun 26 04:39:19 UTC 2019
auto.tcl: Setting watchdog for 200 seconds at Wed Jun 26 04:39:19 UTC 2019
513 ms. Memory: 45056K Free: 17249K (38%)
ptolemy.util.test.WatchDog.cancel(): canceling Wed Jun 26 04:39:20 UTC 2019
------------------ testing $PTII/ptolemy/domains/de/test/auto/TimeDelayZeroDelay.xml
auto.tcl: Setting watchdog for 200 seconds at Wed Jun 26 04:39:20 UTC 2019
4 ms. Memory: 45056K Free: 28285K (63%)
ptolemy.util.test.WatchDog.cancel(): canceling Wed Jun 26 04:39:20 UTC 2019
auto.tcl: Setting watchdog for 200 seconds at Wed Jun 26 04:39:20 UTC 2019
2 ms. Memory: 45056K Free: 27768K (62%)
ptolemy.util.test.WatchDog.cancel(): canceling Wed Jun 26 04:39:20 UTC 2019
------------------ testing $PTII/ptolemy/domains/de/test/auto/TimerZeroDelay.xml
auto.tcl: Setting watchdog for 200 seconds at Wed Jun 26 04:39:20 UTC 2019
5 ms. Memory: 45056K Free: 28307K (63%)
ptolemy.util.test.WatchDog.cancel(): canceling Wed Jun 26 04:39:20 UTC 2019
auto.tcl: Setting watchdog for 200 seconds at Wed Jun 26 04:39:20 UTC 2019
2 ms. Memory: 45056K Free: 27811K (62%)
ptolemy.util.test.WatchDog.cancel(): canceling Wed Jun 26 04:39:20 UTC 2019
------------------ testing $PTII/ptolemy/domains/de/test/auto/TimingParadox.xml
auto.tcl: Setting watchdog for 200 seconds at Wed Jun 26 04:39:20 UTC 2019
422 ms. Memory: 54272K Free: 15466K (28%)
ptolemy.util.test.WatchDog.cancel(): canceling Wed Jun 26 04:39:20 UTC 2019
auto.tcl: Setting watchdog for 200 seconds at Wed Jun 26 04:39:20 UTC 2019
412 ms. Memory: 54272K Free: 38455K (71%)
ptolemy.util.test.WatchDog.cancel(): canceling Wed Jun 26 04:39:21 UTC 2019
------------------ testing $PTII/ptolemy/domains/de/test/auto/TransferInputs.xml
auto.tcl: Setting watchdog for 200 seconds at Wed Jun 26 04:39:21 UTC 2019
2 ms. Memory: 51200K Free: 32407K (63%)
ptolemy.util.test.WatchDog.cancel(): canceling Wed Jun 26 04:39:21 UTC 2019
auto.tcl: Setting watchdog for 200 seconds at Wed Jun 26 04:39:21 UTC 2019
2 ms. Memory: 51200K Free: 31535K (62%)
ptolemy.util.test.WatchDog.cancel(): canceling Wed Jun 26 04:39:21 UTC 2019
------------------ testing $PTII/ptolemy/domains/de/test/auto/TransferOutputs2.xml
auto.tcl: Setting watchdog for 200 seconds at Wed Jun 26 04:39:21 UTC 2019
3 ms. Memory: 48128K Free: 26794K (56%)
ptolemy.util.test.WatchDog.cancel(): canceling Wed Jun 26 04:39:21 UTC 2019
auto.tcl: Setting watchdog for 200 seconds at Wed Jun 26 04:39:21 UTC 2019
4 ms. Memory: 48128K Free: 25406K (53%)
ptolemy.util.test.WatchDog.cancel(): canceling Wed Jun 26 04:39:21 UTC 2019
------------------ testing $PTII/ptolemy/domains/de/test/auto/Trilateration.xml
auto.tcl: Setting watchdog for 200 seconds at Wed Jun 26 04:39:21 UTC 2019
16458 ms. Memory: 590848K Free: 400423K (68%)
ptolemy.util.test.WatchDog.cancel(): canceling Wed Jun 26 04:39:39 UTC 2019
auto.tcl: Setting watchdog for 200 seconds at Wed Jun 26 04:39:39 UTC 2019
11601 ms. Memory: 590848K Free: 226660K (38%)
ptolemy.util.test.WatchDog.cancel(): canceling Wed Jun 26 04:39:50 UTC 2019
------------------ testing $PTII/ptolemy/domains/de/test/auto/TwoSigmaDelta.xml
auto.tcl: Setting watchdog for 200 seconds at Wed Jun 26 04:39:50 UTC 2019
2774 ms. Memory: 86016K Free: 56177K (65%)
ptolemy.util.test.WatchDog.cancel(): canceling Wed Jun 26 04:39:53 UTC 2019
auto.tcl: Setting watchdog for 200 seconds at Wed Jun 26 04:39:53 UTC 2019
2029 ms. Memory: 103424K Free: 22894K (22%)
ptolemy.util.test.WatchDog.cancel(): canceling Wed Jun 26 04:39:55 UTC 2019
------------------ testing $PTII/ptolemy/domains/de/test/auto/VariableDelay.xml
auto.tcl: Setting watchdog for 200 seconds at Wed Jun 26 04:39:55 UTC 2019
3 ms. Memory: 48128K Free: 29826K (62%)
ptolemy.util.test.WatchDog.cancel(): canceling Wed Jun 26 04:39:55 UTC 2019
auto.tcl: Setting watchdog for 200 seconds at Wed Jun 26 04:39:55 UTC 2019
2 ms. Memory: 48128K Free: 29346K (61%)
ptolemy.util.test.WatchDog.cancel(): canceling Wed Jun 26 04:39:55 UTC 2019
------------------ testing $PTII/ptolemy/domains/de/test/auto/VariableDelay2.xml
auto.tcl: Setting watchdog for 200 seconds at Wed Jun 26 04:39:55 UTC 2019
7 ms. Memory: 48128K Free: 30460K (63%)
ptolemy.util.test.WatchDog.cancel(): canceling Wed Jun 26 04:39:55 UTC 2019
auto.tcl: Setting watchdog for 200 seconds at Wed Jun 26 04:39:55 UTC 2019
2 ms. Memory: 48128K Free: 29922K (62%)
ptolemy.util.test.WatchDog.cancel(): canceling Wed Jun 26 04:39:55 UTC 2019
------------------ testing $PTII/ptolemy/domains/de/test/auto/VariableDelayZeroDelay.xml
auto.tcl: Setting watchdog for 200 seconds at Wed Jun 26 04:39:55 UTC 2019
2 ms. Memory: 48128K Free: 30768K (64%)
ptolemy.util.test.WatchDog.cancel(): canceling Wed Jun 26 04:39:56 UTC 2019
auto.tcl: Setting watchdog for 200 seconds at Wed Jun 26 04:39:56 UTC 2019
3 ms. Memory: 48128K Free: 30254K (63%)
ptolemy.util.test.WatchDog.cancel(): canceling Wed Jun 26 04:39:56 UTC 2019
------------------ testing $PTII/ptolemy/domains/de/test/auto/VariableDelayZeroDelay2.xml
auto.tcl: Setting watchdog for 200 seconds at Wed Jun 26 04:39:56 UTC 2019
2 ms. Memory: 48128K Free: 30887K (64%)
ptolemy.util.test.WatchDog.cancel(): canceling Wed Jun 26 04:39:56 UTC 2019
auto.tcl: Setting watchdog for 200 seconds at Wed Jun 26 04:39:56 UTC 2019
2 ms. Memory: 48128K Free: 29743K (62%)
ptolemy.util.test.WatchDog.cancel(): canceling Wed Jun 26 04:39:56 UTC 2019
------------------ testing $PTII/ptolemy/domains/de/test/auto/deInCt.xml
auto.tcl: Setting watchdog for 200 seconds at Wed Jun 26 04:39:56 UTC 2019
0
1
1
1
0
0
0
1
1
0
0
0
1
1
1
0
0
0
0
1
1
1
0
0
0
0
0
1
1
1
1
1
0
0
0
1
1
1
1
10 ms. Memory: 48128K Free: 29741K (62%)
ptolemy.util.test.WatchDog.cancel(): canceling Wed Jun 26 04:39:56 UTC 2019
auto.tcl: Setting watchdog for 200 seconds at Wed Jun 26 04:39:56 UTC 2019
0
1
1
1
0
0
0
0
0
1
1
1
1
0
0
0
0
1
1
1
1
1
1
0
0
0
4 ms. Memory: 48128K Free: 28208K (59%)
ptolemy.util.test.WatchDog.cancel(): canceling Wed Jun 26 04:39:56 UTC 2019
------------------ testing $PTII/ptolemy/domains/de/test/auto/deInCt2.xml
auto.tcl: Setting watchdog for 200 seconds at Wed Jun 26 04:39:56 UTC 2019
0
1
1
1
0
0
1
1
1
0
0
1
1
1
0
0
1
1
1
0
0
1
1
1
0
0
1
1
1
0
0
1
1
1
0
0
1
1
1
0
0
0
9 ms. Memory: 48128K Free: 29743K (62%)
ptolemy.util.test.WatchDog.cancel(): canceling Wed Jun 26 04:39:56 UTC 2019
auto.tcl: Setting watchdog for 200 seconds at Wed Jun 26 04:39:56 UTC 2019
0
1
1
1
0
0
1
1
1
0
0
1
1
1
0
0
1
1
1
0
0
1
1
1
0
0
1
1
1
0
0
1
1
1
0
0
1
1
1
0
0
0
6 ms. Memory: 48128K Free: 28210K (59%)
ptolemy.util.test.WatchDog.cancel(): canceling Wed Jun 26 04:39:56 UTC 2019
------------------ testing $PTII/ptolemy/domains/de/test/auto/dynamicCausalityInterface1.xml
auto.tcl: Setting watchdog for 200 seconds at Wed Jun 26 04:39:56 UTC 2019
2 ms. Memory: 48128K Free: 25641K (53%)
ptolemy.util.test.WatchDog.cancel(): canceling Wed Jun 26 04:39:56 UTC 2019
auto.tcl: Setting watchdog for 200 seconds at Wed Jun 26 04:39:56 UTC 2019
1 ms. Memory: 48128K Free: 25133K (52%)
ptolemy.util.test.WatchDog.cancel(): canceling Wed Jun 26 04:39:56 UTC 2019
------------------ testing $PTII/ptolemy/domains/de/test/auto/fsm_de_test.xml
auto.tcl: Setting watchdog for 200 seconds at Wed Jun 26 04:39:56 UTC 2019
7 ms. Memory: 48128K Free: 25540K (53%)
ptolemy.util.test.WatchDog.cancel(): canceling Wed Jun 26 04:39:56 UTC 2019
auto.tcl: Setting watchdog for 200 seconds at Wed Jun 26 04:39:56 UTC 2019
11 ms. Memory: 48128K Free: 23492K (49%)
ptolemy.util.test.WatchDog.cancel(): canceling Wed Jun 26 04:39:56 UTC 2019
------------------ testing $PTII/ptolemy/domains/de/test/auto/functionDependencyReconstruction.xml
auto.tcl: Setting watchdog for 200 seconds at Wed Jun 26 04:39:56 UTC 2019
3 ms. Memory: 48128K Free: 19385K (40%)
ptolemy.util.test.WatchDog.cancel(): canceling Wed Jun 26 04:39:56 UTC 2019
auto.tcl: Setting watchdog for 200 seconds at Wed Jun 26 04:39:56 UTC 2019
2 ms. Memory: 48128K Free: 17337K (36%)
ptolemy.util.test.WatchDog.cancel(): canceling Wed Jun 26 04:39:56 UTC 2019
------------------ testing $PTII/ptolemy/domains/de/test/auto/multirate.xml
auto.tcl: Setting watchdog for 200 seconds at Wed Jun 26 04:39:56 UTC 2019
4 ms. Memory: 48128K Free: 27963K (58%)
ptolemy.util.test.WatchDog.cancel(): canceling Wed Jun 26 04:39:56 UTC 2019
auto.tcl: Setting watchdog for 200 seconds at Wed Jun 26 04:39:56 UTC 2019
3 ms. Memory: 48128K Free: 26457K (55%)
ptolemy.util.test.WatchDog.cancel(): canceling Wed Jun 26 04:39:56 UTC 2019
------------------ testing $PTII/ptolemy/domains/de/test/auto/multirate2.xml
auto.tcl: Setting watchdog for 200 seconds at Wed Jun 26 04:39:56 UTC 2019
5 ms. Memory: 48128K Free: 28136K (58%)
ptolemy.util.test.WatchDog.cancel(): canceling Wed Jun 26 04:39:56 UTC 2019
auto.tcl: Setting watchdog for 200 seconds at Wed Jun 26 04:39:56 UTC 2019
7 ms. Memory: 48128K Free: 26616K (55%)
ptolemy.util.test.WatchDog.cancel(): canceling Wed Jun 26 04:39:56 UTC 2019
------------------ testing $PTII/ptolemy/domains/de/test/auto/realtime.xml
auto.tcl: Setting watchdog for 200 seconds at Wed Jun 26 04:39:56 UTC 2019
10001 ms. Memory: 48128K Free: 30197K (63%)
ptolemy.util.test.WatchDog.cancel(): canceling Wed Jun 26 04:40:06 UTC 2019
auto.tcl: Setting watchdog for 200 seconds at Wed Jun 26 04:40:06 UTC 2019
10002 ms. Memory: 48128K Free: 29185K (61%)
ptolemy.util.test.WatchDog.cancel(): canceling Wed Jun 26 04:40:16 UTC 2019
------------------ testing $PTII/ptolemy/domains/de/test/auto/relationGroup.xml
auto.tcl: Setting watchdog for 200 seconds at Wed Jun 26 04:40:16 UTC 2019
2 ms. Memory: 48128K Free: 31483K (65%)
ptolemy.util.test.WatchDog.cancel(): canceling Wed Jun 26 04:40:16 UTC 2019
auto.tcl: Setting watchdog for 200 seconds at Wed Jun 26 04:40:16 UTC 2019
2 ms. Memory: 48128K Free: 30983K (64%)
ptolemy.util.test.WatchDog.cancel(): canceling Wed Jun 26 04:40:16 UTC 2019
------------------ testing $PTII/ptolemy/domains/de/test/auto/relationGroup2.xml
auto.tcl: Setting watchdog for 200 seconds at Wed Jun 26 04:40:16 UTC 2019
1 ms. Memory: 48128K Free: 31274K (65%)
ptolemy.util.test.WatchDog.cancel(): canceling Wed Jun 26 04:40:16 UTC 2019
auto.tcl: Setting watchdog for 200 seconds at Wed Jun 26 04:40:16 UTC 2019
2 ms. Memory: 48128K Free: 30262K (63%)
ptolemy.util.test.WatchDog.cancel(): canceling Wed Jun 26 04:40:16 UTC 2019
------------------ testing $PTII/ptolemy/domains/de/test/auto/sortWithOpaquePorts.xml
auto.tcl: Setting watchdog for 200 seconds at Wed Jun 26 04:40:16 UTC 2019
2 ms. Memory: 45056K Free: 27195K (60%)
ptolemy.util.test.WatchDog.cancel(): canceling Wed Jun 26 04:40:16 UTC 2019
auto.tcl: Setting watchdog for 200 seconds at Wed Jun 26 04:40:16 UTC 2019
2 ms. Memory: 45056K Free: 26204K (58%)
ptolemy.util.test.WatchDog.cancel(): canceling Wed Jun 26 04:40:16 UTC 2019
------------------ testing $PTII/ptolemy/domains/de/test/auto/transferInputsandOutputs.xml
auto.tcl: Setting watchdog for 200 seconds at Wed Jun 26 04:40:17 UTC 2019
3 ms. Memory: 45056K Free: 24638K (55%)
ptolemy.util.test.WatchDog.cancel(): canceling Wed Jun 26 04:40:17 UTC 2019
auto.tcl: Setting watchdog for 200 seconds at Wed Jun 26 04:40:17 UTC 2019
3 ms. Memory: 45056K Free: 23694K (53%)
ptolemy.util.test.WatchDog.cancel(): canceling Wed Jun 26 04:40:17 UTC 2019
------------------ testing $PTII/ptolemy/domains/de/test/auto/triggerType.xml
auto.tcl: Setting watchdog for 200 seconds at Wed Jun 26 04:40:17 UTC 2019
1 ms. Memory: 45056K Free: 27686K (61%)
ptolemy.util.test.WatchDog.cancel(): canceling Wed Jun 26 04:40:17 UTC 2019
auto.tcl: Setting watchdog for 200 seconds at Wed Jun 26 04:40:17 UTC 2019
1 ms. Memory: 45056K Free: 26743K (59%)
ptolemy.util.test.WatchDog.cancel(): canceling Wed Jun 26 04:40:17 UTC 2019
06/26/19 04:40:17
Failed: 0  Total Tests: 192  ((Passed: 187, Newly Passed: 1)  Known Failed: 5) /home/travis/build/icyphy/ptII/ptolemy/domains/de/test
06/26/19 04:40:17
Failed: 0  Total Tests: 192  ((Passed: 187, Newly Passed: 1)  Known Failed: 5) /home/travis/build/icyphy/ptII/ptolemy/domains/de/test
----------------- testing (KnownFailure) /home/travis/build/icyphy/ptII/ptolemy/domains/de/test/auto/knownFailedTests/DESDFClockTest.xml
2015 ms. Memory: 45056K Free: 21078K (47%)
Known Failure: java.lang.reflect.InvocationTargetException
----------------- testing (KnownFailure) /home/travis/build/icyphy/ptII/ptolemy/domains/de/test/auto/knownFailedTests/DirectFeedback.xml
1 ms. Memory: 45056K Free: 17501K (39%)
Known Failure: java.lang.reflect.InvocationTargetException
----------------- testing (KnownFailure) /home/travis/build/icyphy/ptII/ptolemy/domains/de/test/auto/knownFailedTests/FSMSource.xml
10 ms. Memory: 45056K Free: 10309K (23%)
----------------- testing (KnownFailure) /home/travis/build/icyphy/ptII/ptolemy/domains/de/test/auto/knownFailedTests/HierarchicalModel.xml
3 ms. Memory: 45056K Free: 18540K (41%)
Known Failure: java.lang.reflect.InvocationTargetException
----------------- testing (KnownFailure) /home/travis/build/icyphy/ptII/ptolemy/domains/de/test/auto/knownFailedTests/dependencyLoop.xml
2 ms. Memory: 45056K Free: 27424K (61%)
Known Failure: java.lang.reflect.InvocationTargetException
----------------- testing (KnownFailure) /home/travis/build/icyphy/ptII/ptolemy/domains/de/test/auto/knownFailedTests/dependencyLoop2.xml
4 ms. Memory: 45056K Free: 12366K (27%)
Known Failure: java.lang.reflect.InvocationTargetException
No auto/linux-amd64/*.xml tests in /home/travis/build/icyphy/ptII/ptolemy/domains/de/test
AutoTests.java: About to close Vertx.
AutoTests.java: Vertx closed.

===========================================================================================
----------------- testing Wed Jun 26 04:40:19 UTC 2019 /home/travis/build/icyphy/ptII/ptolemy/domains/de/test/auto/ActorDepthCalculation_actorWithoutPorts.xml
----------------- Instantiating /home/travis/build/icyphy/ptII/ptolemy/domains/de/test/auto/ActorDepthCalculation_actorWithoutPorts.xml
1 ms. Memory: 45056K Free: 29925K (66%)
----------------- Invoking toplevel() on ptolemy.moml.MoMLSimpleApplication@36d4c57f
----------------- Done invoking toplevel() on ptolemy.moml.MoMLSimpleApplication@36d4c57f
reloadAllAccessors: .ActorDepthCalculation_actorWithoutPorts

===========================================================================================
----------------- testing Wed Jun 26 04:40:19 UTC 2019 /home/travis/build/icyphy/ptII/ptolemy/domains/de/test/auto/AssemblyLine.xml
----------------- Instantiating /home/travis/build/icyphy/ptII/ptolemy/domains/de/test/auto/AssemblyLine.xml
4 ms. Memory: 45056K Free: 22575K (50%)
----------------- Invoking toplevel() on ptolemy.moml.MoMLSimpleApplication@36ceec6e
----------------- Done invoking toplevel() on ptolemy.moml.MoMLSimpleApplication@36ceec6e
reloadAllAccessors: .AssemblyLine

===========================================================================================
----------------- testing Wed Jun 26 04:40:19 UTC 2019 /home/travis/build/icyphy/ptII/ptolemy/domains/de/test/auto/CQBug1.xml
----------------- Instantiating /home/travis/build/icyphy/ptII/ptolemy/domains/de/test/auto/CQBug1.xml
1 ms. Memory: 45056K Free: 19700K (44%)
----------------- Invoking toplevel() on ptolemy.moml.MoMLSimpleApplication@59c2f0d0
----------------- Done invoking toplevel() on ptolemy.moml.MoMLSimpleApplication@59c2f0d0
reloadAllAccessors: .CQBug1

===========================================================================================
----------------- testing Wed Jun 26 04:40:19 UTC 2019 /home/travis/build/icyphy/ptII/ptolemy/domains/de/test/auto/CancelFireAt.xml
----------------- Instantiating /home/travis/build/icyphy/ptII/ptolemy/domains/de/test/auto/CancelFireAt.xml
13 ms. Memory: 45056K Free: 17165K (38%)
----------------- Invoking toplevel() on ptolemy.moml.MoMLSimpleApplication@45641759
----------------- Done invoking toplevel() on ptolemy.moml.MoMLSimpleApplication@45641759
reloadAllAccessors: .CancelFireAt

===========================================================================================
----------------- testing Wed Jun 26 04:40:19 UTC 2019 /home/travis/build/icyphy/ptII/ptolemy/domains/de/test/auto/CausalityAndComposabilityAnalysis.xml
----------------- Instantiating /home/travis/build/icyphy/ptII/ptolemy/domains/de/test/auto/CausalityAndComposabilityAnalysis.xml
2 ms. Memory: 45056K Free: 12792K (28%)
----------------- Invoking toplevel() on ptolemy.moml.MoMLSimpleApplication@2285cf00
----------------- Done invoking toplevel() on ptolemy.moml.MoMLSimpleApplication@2285cf00
reloadAllAccessors: .CausalityAndComposabilityAnalysis

===========================================================================================
----------------- testing Wed Jun 26 04:40:19 UTC 2019 /home/travis/build/icyphy/ptII/ptolemy/domains/de/test/auto/CausalityInterface1.xml
----------------- Instantiating /home/travis/build/icyphy/ptII/ptolemy/domains/de/test/auto/CausalityInterface1.xml
6 ms. Memory: 45056K Free: 7924K (18%)
----------------- Invoking toplevel() on ptolemy.moml.MoMLSimpleApplication@2184462c
----------------- Done invoking toplevel() on ptolemy.moml.MoMLSimpleApplication@2184462c
reloadAllAccessors: .CausalityInterface1

===========================================================================================
----------------- testing Wed Jun 26 04:40:19 UTC 2019 /home/travis/build/icyphy/ptII/ptolemy/domains/de/test/auto/CausalityInterface15.xml
----------------- Instantiating /home/travis/build/icyphy/ptII/ptolemy/domains/de/test/auto/CausalityInterface15.xml
2 ms. Memory: 45056K Free: 26323K (58%)
----------------- Invoking toplevel() on ptolemy.moml.MoMLSimpleApplication@492990d
----------------- Done invoking toplevel() on ptolemy.moml.MoMLSimpleApplication@492990d
reloadAllAccessors: .CausalityInterface15

===========================================================================================
----------------- testing Wed Jun 26 04:40:19 UTC 2019 /home/travis/build/icyphy/ptII/ptolemy/domains/de/test/auto/CausalityInterface2.xml
----------------- Instantiating /home/travis/build/icyphy/ptII/ptolemy/domains/de/test/auto/CausalityInterface2.xml
1 ms. Memory: 45056K Free: 21777K (48%)
[...]
	at ptolemy.actor.Manager.run(Manager.java:1263)
	at ptolemy.actor.Manager$PtolemyRunThread.run(Manager.java:1915)
java.lang.RuntimeException: Execution failed
	at ptolemy.moml.MoMLSimpleApplication$UnloadThread.run(MoMLSimpleApplication.java:402)
Caused by: ptolemy.kernel.util.IllegalActionException: Actor is not ready to fire.  Perhaps UpSample.prefire() returned false? Try debugging the actor by selecting "Listen to Actor".  Also, for SDF check moml for tokenConsumptionRate on input.
  in .DESDFClockTest.Play Bell.Copy1:SDF Director and .DESDFClockTest.Play Bell.UpSample
	at ptolemy.actor.sched.StaticSchedulingDirector.fire(StaticSchedulingDirector.java:227)
	at ptolemy.domains.sdf.kernel.SDFDirector.fire(SDFDirector.java:500)
	at ptolemy.actor.CompositeActor.fire(CompositeActor.java:455)
	at ptolemy.domains.de.kernel.DEDirector._fire(DEDirector.java:1949)
	at ptolemy.domains.de.kernel.DEDirector.fire(DEDirector.java:502)
	at ptolemy.actor.CompositeActor.fire(CompositeActor.java:455)
	at ptolemy.actor.Manager.iterate(Manager.java:851)
	at ptolemy.actor.Manager.execute(Manager.java:369)
	at ptolemy.actor.Manager.run(Manager.java:1263)
	at ptolemy.actor.Manager$PtolemyRunThread.run(Manager.java:1915)
java.lang.reflect.InvocationTargetException
	at java.base/jdk.internal.reflect.NativeConstructorAccessorImpl.newInstance0(Native Method)
	at java.base/jdk.internal.reflect.NativeConstructorAccessorImpl.newInstance(NativeConstructorAccessorImpl.java:62)
	at java.base/jdk.internal.reflect.DelegatingConstructorAccessorImpl.newInstance(DelegatingConstructorAccessorImpl.java:45)
	at java.base/java.lang.reflect.Constructor.newInstance(Constructor.java:490)
	at ptolemy.util.test.junit.AutoKnownFailedTests.RunModel(AutoKnownFailedTests.java:105)
	at java.base/jdk.internal.reflect.NativeMethodAccessorImpl.invoke0(Native Method)
	at java.base/jdk.internal.reflect.NativeMethodAccessorImpl.invoke(NativeMethodAccessorImpl.java:62)
	at java.base/jdk.internal.reflect.DelegatingMethodAccessorImpl.invoke(DelegatingMethodAccessorImpl.java:43)
	at java.base/java.lang.reflect.Method.invoke(Method.java:566)
	at org.junit.runners.model.FrameworkMethod$1.runReflectiveCall(FrameworkMethod.java:44)
	at org.junit.internal.runners.model.ReflectiveCallable.run(ReflectiveCallable.java:15)
	at org.junit.runners.model.FrameworkMethod.invokeExplosively(FrameworkMethod.java:41)
	at junitparams.internal.InvokeParameterisedMethod.evaluate(InvokeParameterisedMethod.java:102)
	at org.junit.internal.runners.statements.FailOnTimeout$1.run(FailOnTimeout.java:28)
Caused by: ptolemy.kernel.util.IllegalActionException: Actor is not ready to fire.  Perhaps UpSample.prefire() returned false? Try debugging the actor by selecting "Listen to Actor".  Also, for SDF check moml for tokenConsumptionRate on input.
  in .DESDFClockTest.Play Bell.Copy1:SDF Director and .DESDFClockTest.Play Bell.UpSample
	at ptolemy.actor.sched.StaticSchedulingDirector.fire(StaticSchedulingDirector.java:227)
	at ptolemy.domains.sdf.kernel.SDFDirector.fire(SDFDirector.java:500)
	at ptolemy.actor.CompositeActor.fire(CompositeActor.java:455)
	at ptolemy.domains.de.kernel.DEDirector._fire(DEDirector.java:1949)
	at ptolemy.domains.de.kernel.DEDirector.fire(DEDirector.java:502)
	at ptolemy.actor.CompositeActor.fire(CompositeActor.java:455)
	at ptolemy.actor.Manager.iterate(Manager.java:851)
	at ptolemy.actor.Manager.execute(Manager.java:369)
	at ptolemy.actor.Manager.run(Manager.java:1263)
	at ptolemy.actor.Manager$PtolemyRunThread.run(Manager.java:1915)
java.lang.RuntimeException: Execution failed
	at ptolemy.moml.MoMLSimpleApplication$UnloadThread.run(MoMLSimpleApplication.java:402)
Caused by: ptolemy.kernel.util.IllegalActionException: Test fails in iteration 1.
Value was: 1.0. Should have been: 2.0
  in .DirectFeedback.Test
	at ptolemy.actor.lib.Test.fire(Test.java:268)
	at ptolemy.domains.de.kernel.DEDirector._fire(DEDirector.java:1949)
	at ptolemy.domains.de.kernel.DEDirector.fire(DEDirector.java:502)
	at ptolemy.actor.CompositeActor.fire(CompositeActor.java:455)
	at ptolemy.actor.Manager.iterate(Manager.java:851)
	at ptolemy.actor.Manager.execute(Manager.java:369)
	at ptolemy.actor.Manager.run(Manager.java:1263)
	at ptolemy.actor.Manager$PtolemyRunThread.run(Manager.java:1915)
java.lang.reflect.InvocationTargetException
	at java.base/jdk.internal.reflect.NativeConstructorAccessorImpl.newInstance0(Native Method)
	at java.base/jdk.internal.reflect.NativeConstructorAccessorImpl.newInstance(NativeConstructorAccessorImpl.java:62)
	at java.base/jdk.internal.reflect.DelegatingConstructorAccessorImpl.newInstance(DelegatingConstructorAccessorImpl.java:45)
	at java.base/java.lang.reflect.Constructor.newInstance(Constructor.java:490)
	at ptolemy.util.test.junit.AutoKnownFailedTests.RunModel(AutoKnownFailedTests.java:105)
	at java.base/jdk.internal.reflect.NativeMethodAccessorImpl.invoke0(Native Method)
	at java.base/jdk.internal.reflect.NativeMethodAccessorImpl.invoke(NativeMethodAccessorImpl.java:62)
	at java.base/jdk.internal.reflect.DelegatingMethodAccessorImpl.invoke(DelegatingMethodAccessorImpl.java:43)
	at java.base/java.lang.reflect.Method.invoke(Method.java:566)
	at org.junit.runners.model.FrameworkMethod$1.runReflectiveCall(FrameworkMethod.java:44)
	at org.junit.internal.runners.model.ReflectiveCallable.run(ReflectiveCallable.java:15)
	at org.junit.runners.model.FrameworkMethod.invokeExplosively(FrameworkMethod.java:41)
	at junitparams.internal.InvokeParameterisedMethod.evaluate(InvokeParameterisedMethod.java:102)
	at org.junit.internal.runners.statements.FailOnTimeout$1.run(FailOnTimeout.java:28)
Caused by: ptolemy.kernel.util.IllegalActionException: Test fails in iteration 1.
Value was: 1.0. Should have been: 2.0
  in .DirectFeedback.Test
	at ptolemy.actor.lib.Test.fire(Test.java:268)
	at ptolemy.domains.de.kernel.DEDirector._fire(DEDirector.java:1949)
	at ptolemy.domains.de.kernel.DEDirector.fire(DEDirector.java:502)
	at ptolemy.actor.CompositeActor.fire(CompositeActor.java:455)
	at ptolemy.actor.Manager.iterate(Manager.java:851)
	at ptolemy.actor.Manager.execute(Manager.java:369)
	at ptolemy.actor.Manager.run(Manager.java:1263)
	at ptolemy.actor.Manager$PtolemyRunThread.run(Manager.java:1915)
java.lang.RuntimeException: Execution failed
	at ptolemy.moml.MoMLSimpleApplication$UnloadThread.run(MoMLSimpleApplication.java:402)
Caused by: ptolemy.kernel.util.IllegalActionException: Found a zero delay loop containing .HierarchicalModel.A
  in .HierarchicalModel and .HierarchicalModel.A
	at ptolemy.actor.util.CausalityInterfaceForComposites._computeOutputPortDepth(CausalityInterfaceForComposites.java:759)
	at ptolemy.actor.util.CausalityInterfaceForComposites._computeInputDepth(CausalityInterfaceForComposites.java:696)
	at ptolemy.actor.util.CausalityInterfaceForComposites._computeOutputPortDepth(CausalityInterfaceForComposites.java:765)
	at ptolemy.actor.util.CausalityInterfaceForComposites._computeInputDepth(CausalityInterfaceForComposites.java:696)
	at ptolemy.actor.util.CausalityInterfaceForComposites._computeOutputPortDepth(CausalityInterfaceForComposites.java:765)
	at ptolemy.actor.util.CausalityInterfaceForComposites._computeInputDepth(CausalityInterfaceForComposites.java:696)
	at ptolemy.actor.util.CausalityInterfaceForComposites._computeActorDepth(CausalityInterfaceForComposites.java:532)
	at ptolemy.actor.util.CausalityInterfaceForComposites.checkForCycles(CausalityInterfaceForComposites.java:96)
	at ptolemy.domains.de.kernel.DEDirector.preinitialize(DEDirector.java:1338)
	at ptolemy.actor.CompositeActor.preinitialize(CompositeActor.java:1828)
	at ptolemy.actor.Manager.preinitializeAndResolveTypes(Manager.java:1040)
	at ptolemy.actor.Manager.initialize(Manager.java:710)
	at ptolemy.actor.Manager.execute(Manager.java:356)
	at ptolemy.actor.Manager.run(Manager.java:1263)
	at ptolemy.actor.Manager$PtolemyRunThread.run(Manager.java:1915)
java.lang.reflect.InvocationTargetException
	at java.base/jdk.internal.reflect.NativeConstructorAccessorImpl.newInstance0(Native Method)
	at java.base/jdk.internal.reflect.NativeConstructorAccessorImpl.newInstance(NativeConstructorAccessorImpl.java:62)
	at java.base/jdk.internal.reflect.DelegatingConstructorAccessorImpl.newInstance(DelegatingConstructorAccessorImpl.java:45)
	at java.base/java.lang.reflect.Constructor.newInstance(Constructor.java:490)
	at ptolemy.util.test.junit.AutoKnownFailedTests.RunModel(AutoKnownFailedTests.java:105)
	at java.base/jdk.internal.reflect.NativeMethodAccessorImpl.invoke0(Native Method)
	at java.base/jdk.internal.reflect.NativeMethodAccessorImpl.invoke(NativeMethodAccessorImpl.java:62)
	at java.base/jdk.internal.reflect.DelegatingMethodAccessorImpl.invoke(DelegatingMethodAccessorImpl.java:43)
	at java.base/java.lang.reflect.Method.invoke(Method.java:566)
	at org.junit.runners.model.FrameworkMethod$1.runReflectiveCall(FrameworkMethod.java:44)
	at org.junit.internal.runners.model.ReflectiveCallable.run(ReflectiveCallable.java:15)
	at org.junit.runners.model.FrameworkMethod.invokeExplosively(FrameworkMethod.java:41)
	at junitparams.internal.InvokeParameterisedMethod.evaluate(InvokeParameterisedMethod.java:102)
	at org.junit.internal.runners.statements.FailOnTimeout$1.run(FailOnTimeout.java:28)
Caused by: ptolemy.kernel.util.IllegalActionException: Found a zero delay loop containing .HierarchicalModel.A
  in .HierarchicalModel and .HierarchicalModel.A
	at ptolemy.actor.util.CausalityInterfaceForComposites._computeOutputPortDepth(CausalityInterfaceForComposites.java:759)
	at ptolemy.actor.util.CausalityInterfaceForComposites._computeInputDepth(CausalityInterfaceForComposites.java:696)
	at ptolemy.actor.util.CausalityInterfaceForComposites._computeOutputPortDepth(CausalityInterfaceForComposites.java:765)
	at ptolemy.actor.util.CausalityInterfaceForComposites._computeInputDepth(CausalityInterfaceForComposites.java:696)
	at ptolemy.actor.util.CausalityInterfaceForComposites._computeOutputPortDepth(CausalityInterfaceForComposites.java:765)
	at ptolemy.actor.util.CausalityInterfaceForComposites._computeInputDepth(CausalityInterfaceForComposites.java:696)
	at ptolemy.actor.util.CausalityInterfaceForComposites._computeActorDepth(CausalityInterfaceForComposites.java:532)
	at ptolemy.actor.util.CausalityInterfaceForComposites.checkForCycles(CausalityInterfaceForComposites.java:96)
	at ptolemy.domains.de.kernel.DEDirector.preinitialize(DEDirector.java:1338)
	at ptolemy.actor.CompositeActor.preinitialize(CompositeActor.java:1828)
	at ptolemy.actor.Manager.preinitializeAndResolveTypes(Manager.java:1040)
	at ptolemy.actor.Manager.initialize(Manager.java:710)
	at ptolemy.actor.Manager.execute(Manager.java:356)
	at ptolemy.actor.Manager.run(Manager.java:1263)
	at ptolemy.actor.Manager$PtolemyRunThread.run(Manager.java:1915)
java.lang.RuntimeException: Execution failed
	at ptolemy.moml.MoMLSimpleApplication$UnloadThread.run(MoMLSimpleApplication.java:402)
Caused by: ptolemy.kernel.util.IllegalActionException: Found a zero delay loop containing .dependencyLoop.original
  in .dependencyLoop and .dependencyLoop.original
	at ptolemy.actor.util.CausalityInterfaceForComposites._computeOutputPortDepth(CausalityInterfaceForComposites.java:759)
	at ptolemy.actor.util.CausalityInterfaceForComposites._computeInputDepth(CausalityInterfaceForComposites.java:696)
	at ptolemy.actor.util.CausalityInterfaceForComposites._computeOutputPortDepth(CausalityInterfaceForComposites.java:765)
	at ptolemy.actor.util.CausalityInterfaceForComposites._computeInputDepth(CausalityInterfaceForComposites.java:696)
	at ptolemy.actor.util.CausalityInterfaceForComposites._computeOutputPortDepth(CausalityInterfaceForComposites.java:765)
	at ptolemy.actor.util.CausalityInterfaceForComposites._computeInputDepth(CausalityInterfaceForComposites.java:696)
	at ptolemy.actor.util.CausalityInterfaceForComposites._computeActorDepth(CausalityInterfaceForComposites.java:532)
	at ptolemy.actor.util.CausalityInterfaceForComposites.checkForCycles(CausalityInterfaceForComposites.java:96)
	at ptolemy.domains.de.kernel.DEDirector.preinitialize(DEDirector.java:1338)
	at ptolemy.actor.CompositeActor.preinitialize(CompositeActor.java:1828)
	at ptolemy.actor.Manager.preinitializeAndResolveTypes(Manager.java:1040)
	at ptolemy.actor.Manager.initialize(Manager.java:710)
	at ptolemy.actor.Manager.execute(Manager.java:356)
	at ptolemy.actor.Manager.run(Manager.java:1263)
	at ptolemy.actor.Manager$PtolemyRunThread.run(Manager.java:1915)
java.lang.reflect.InvocationTargetException
	at java.base/jdk.internal.reflect.NativeConstructorAccessorImpl.newInstance0(Native Method)
	at java.base/jdk.internal.reflect.NativeConstructorAccessorImpl.newInstance(NativeConstructorAccessorImpl.java:62)
	at java.base/jdk.internal.reflect.DelegatingConstructorAccessorImpl.newInstance(DelegatingConstructorAccessorImpl.java:45)
	at java.base/java.lang.reflect.Constructor.newInstance(Constructor.java:490)
	at ptolemy.util.test.junit.AutoKnownFailedTests.RunModel(AutoKnownFailedTests.java:105)
	at java.base/jdk.internal.reflect.NativeMethodAccessorImpl.invoke0(Native Method)
	at java.base/jdk.internal.reflect.NativeMethodAccessorImpl.invoke(NativeMethodAccessorImpl.java:62)
	at java.base/jdk.internal.reflect.DelegatingMethodAccessorImpl.invoke(DelegatingMethodAccessorImpl.java:43)
	at java.base/java.lang.reflect.Method.invoke(Method.java:566)
	at org.junit.runners.model.FrameworkMethod$1.runReflectiveCall(FrameworkMethod.java:44)
	at org.junit.internal.runners.model.ReflectiveCallable.run(ReflectiveCallable.java:15)
	at org.junit.runners.model.FrameworkMethod.invokeExplosively(FrameworkMethod.java:41)
	at junitparams.internal.InvokeParameterisedMethod.evaluate(InvokeParameterisedMethod.java:102)
	at org.junit.internal.runners.statements.FailOnTimeout$1.run(FailOnTimeout.java:28)
Caused by: ptolemy.kernel.util.IllegalActionException: Found a zero delay loop containing .dependencyLoop.original
  in .dependencyLoop and .dependencyLoop.original
	at ptolemy.actor.util.CausalityInterfaceForComposites._computeOutputPortDepth(CausalityInterfaceForComposites.java:759)
	at ptolemy.actor.util.CausalityInterfaceForComposites._computeInputDepth(CausalityInterfaceForComposites.java:696)
	at ptolemy.actor.util.CausalityInterfaceForComposites._computeOutputPortDepth(CausalityInterfaceForComposites.java:765)
	at ptolemy.actor.util.CausalityInterfaceForComposites._computeInputDepth(CausalityInterfaceForComposites.java:696)
	at ptolemy.actor.util.CausalityInterfaceForComposites._computeOutputPortDepth(CausalityInterfaceForComposites.java:765)
	at ptolemy.actor.util.CausalityInterfaceForComposites._computeInputDepth(CausalityInterfaceForComposites.java:696)
	at ptolemy.actor.util.CausalityInterfaceForComposites._computeActorDepth(CausalityInterfaceForComposites.java:532)
	at ptolemy.actor.util.CausalityInterfaceForComposites.checkForCycles(CausalityInterfaceForComposites.java:96)
	at ptolemy.domains.de.kernel.DEDirector.preinitialize(DEDirector.java:1338)
	at ptolemy.actor.CompositeActor.preinitialize(CompositeActor.java:1828)
	at ptolemy.actor.Manager.preinitializeAndResolveTypes(Manager.java:1040)
	at ptolemy.actor.Manager.initialize(Manager.java:710)
	at ptolemy.actor.Manager.execute(Manager.java:356)
	at ptolemy.actor.Manager.run(Manager.java:1263)
	at ptolemy.actor.Manager$PtolemyRunThread.run(Manager.java:1915)
java.lang.RuntimeException: Execution failed
	at ptolemy.moml.MoMLSimpleApplication$UnloadThread.run(MoMLSimpleApplication.java:402)
Caused by: ptolemy.kernel.util.IllegalActionException: Found a zero delay loop containing .dependencyLoop2.original
  in .dependencyLoop2 and .dependencyLoop2.original
	at ptolemy.actor.util.CausalityInterfaceForComposites._computeOutputPortDepth(CausalityInterfaceForComposites.java:759)
	at ptolemy.actor.util.CausalityInterfaceForComposites._computeInputDepth(CausalityInterfaceForComposites.java:696)
	at ptolemy.actor.util.CausalityInterfaceForComposites._computeOutputPortDepth(CausalityInterfaceForComposites.java:765)
	at ptolemy.actor.util.CausalityInterfaceForComposites._computeInputDepth(CausalityInterfaceForComposites.java:696)
	at ptolemy.actor.util.CausalityInterfaceForComposites._computeOutputPortDepth(CausalityInterfaceForComposites.java:765)
	at ptolemy.actor.util.CausalityInterfaceForComposites._computeInputDepth(CausalityInterfaceForComposites.java:696)
	at ptolemy.actor.util.CausalityInterfaceForComposites._computeActorDepth(CausalityInterfaceForComposites.java:532)
	at ptolemy.actor.util.CausalityInterfaceForComposites.checkForCycles(CausalityInterfaceForComposites.java:96)
	at ptolemy.domains.de.kernel.DEDirector.preinitialize(DEDirector.java:1338)
	at ptolemy.actor.CompositeActor.preinitialize(CompositeActor.java:1828)
	at ptolemy.actor.Manager.preinitializeAndResolveTypes(Manager.java:1040)
	at ptolemy.actor.Manager.initialize(Manager.java:710)
	at ptolemy.actor.Manager.execute(Manager.java:356)
	at ptolemy.actor.Manager.run(Manager.java:1263)
	at ptolemy.actor.Manager$PtolemyRunThread.run(Manager.java:1915)
java.lang.reflect.InvocationTargetException
	at java.base/jdk.internal.reflect.NativeConstructorAccessorImpl.newInstance0(Native Method)
	at java.base/jdk.internal.reflect.NativeConstructorAccessorImpl.newInstance(NativeConstructorAccessorImpl.java:62)
	at java.base/jdk.internal.reflect.DelegatingConstructorAccessorImpl.newInstance(DelegatingConstructorAccessorImpl.java:45)
	at java.base/java.lang.reflect.Constructor.newInstance(Constructor.java:490)
	at ptolemy.util.test.junit.AutoKnownFailedTests.RunModel(AutoKnownFailedTests.java:105)
	at java.base/jdk.internal.reflect.NativeMethodAccessorImpl.invoke0(Native Method)
	at java.base/jdk.internal.reflect.NativeMethodAccessorImpl.invoke(NativeMethodAccessorImpl.java:62)
	at java.base/jdk.internal.reflect.DelegatingMethodAccessorImpl.invoke(DelegatingMethodAccessorImpl.java:43)
	at java.base/java.lang.reflect.Method.invoke(Method.java:566)
	at org.junit.runners.model.FrameworkMethod$1.runReflectiveCall(FrameworkMethod.java:44)
	at org.junit.internal.runners.model.ReflectiveCallable.run(ReflectiveCallable.java:15)
	at org.junit.runners.model.FrameworkMethod.invokeExplosively(FrameworkMethod.java:41)
	at junitparams.internal.InvokeParameterisedMethod.evaluate(InvokeParameterisedMethod.java:102)
	at org.junit.internal.runners.statements.FailOnTimeout$1.run(FailOnTimeout.java:28)
Caused by: ptolemy.kernel.util.IllegalActionException: Found a zero delay loop containing .dependencyLoop2.original
  in .dependencyLoop2 and .dependencyLoop2.original
	at ptolemy.actor.util.CausalityInterfaceForComposites._computeOutputPortDepth(CausalityInterfaceForComposites.java:759)
	at ptolemy.actor.util.CausalityInterfaceForComposites._computeInputDepth(CausalityInterfaceForComposites.java:696)
	at ptolemy.actor.util.CausalityInterfaceForComposites._computeOutputPortDepth(CausalityInterfaceForComposites.java:765)
	at ptolemy.actor.util.CausalityInterfaceForComposites._computeInputDepth(CausalityInterfaceForComposites.java:696)
	at ptolemy.actor.util.CausalityInterfaceForComposites._computeOutputPortDepth(CausalityInterfaceForComposites.java:765)
	at ptolemy.actor.util.CausalityInterfaceForComposites._computeInputDepth(CausalityInterfaceForComposites.java:696)
	at ptolemy.actor.util.CausalityInterfaceForComposites._computeActorDepth(CausalityInterfaceForComposites.java:532)
	at ptolemy.actor.util.CausalityInterfaceForComposites.checkForCycles(CausalityInterfaceForComposites.java:96)
	at ptolemy.domains.de.kernel.DEDirector.preinitialize(DEDirector.java:1338)
	at ptolemy.actor.CompositeActor.preinitialize(CompositeActor.java:1828)
	at ptolemy.actor.Manager.preinitializeAndResolveTypes(Manager.java:1040)
	at ptolemy.actor.Manager.initialize(Manager.java:710)
	at ptolemy.actor.Manager.execute(Manager.java:356)
	at ptolemy.actor.Manager.run(Manager.java:1263)
	at ptolemy.actor.Manager$PtolemyRunThread.run(Manager.java:1915)
]]></system-err>
</testsuite>
