<?xml version="1.0" encoding="UTF-8" ?>
<testsuite errors="0" failures="0" hostname="travis-job-b58f3e94-51fa-4d15-8d8d-a12f695c19de" name="ptolemy.domains.de.test.junit.JUnitTclTest" skipped="0" tests="101" time="120.132" timestamp="2020-08-02T15:15:19">
  <properties>
[...]
</properties>
  <testcase classname="ptolemy.util.test.junit.TclTests" name="[0] /home/travis/build/icyphy/ptII/ptolemy/domains/de/test/DependencyLoop.tcl (RunTclFile)" time="0.996" />
  <testcase classname="ptolemy.util.test.junit.TclTests" name="[1] /home/travis/build/icyphy/ptII/ptolemy/domains/de/test/RunDETestsAsQSS.tcl (RunTclFile)" time="80.648" />
  <testcase classname="ptolemy.util.test.junit.AutoKnownFailedTests" name="[0] /home/travis/build/icyphy/ptII/ptolemy/domains/de/test/auto/knownFailedTests/DESDFClockTest.xml (RunModel)" time="2.037" />
  <testcase classname="ptolemy.util.test.junit.AutoKnownFailedTests" name="[1] /home/travis/build/icyphy/ptII/ptolemy/domains/de/test/auto/knownFailedTests/DirectFeedback.xml (RunModel)" time="0.013" />
  <testcase classname="ptolemy.util.test.junit.AutoKnownFailedTests" name="[2] /home/travis/build/icyphy/ptII/ptolemy/domains/de/test/auto/knownFailedTests/FSMSource.xml (RunModel)" time="0.025" />
  <testcase classname="ptolemy.util.test.junit.AutoKnownFailedTests" name="[3] /home/travis/build/icyphy/ptII/ptolemy/domains/de/test/auto/knownFailedTests/HierarchicalModel.xml (RunModel)" time="0.048" />
  <testcase classname="ptolemy.util.test.junit.AutoKnownFailedTests" name="[4] /home/travis/build/icyphy/ptII/ptolemy/domains/de/test/auto/knownFailedTests/dependencyLoop.xml (RunModel)" time="0.037" />
  <testcase classname="ptolemy.util.test.junit.AutoKnownFailedTests" name="[5] /home/travis/build/icyphy/ptII/ptolemy/domains/de/test/auto/knownFailedTests/dependencyLoop2.xml (RunModel)" time="0.044" />
  <testcase classname="ptolemy.util.test.junit.AutoNameArchTests" name="[0] ThereAreNoAutoArchTests (RunModel)" time="0.001" />
  <testcase classname="ptolemy.util.test.junit.AutoTests" name="[0] /home/travis/build/icyphy/ptII/ptolemy/domains/de/test/auto/ActorDepthCalculation_actorWithoutPorts.xml (RunModel)" time="0.02" />
  <testcase classname="ptolemy.util.test.junit.AutoTests" name="[1] /home/travis/build/icyphy/ptII/ptolemy/domains/de/test/auto/AssemblyLine.xml (RunModel)" time="0.025" />
  <testcase classname="ptolemy.util.test.junit.AutoTests" name="[2] /home/travis/build/icyphy/ptII/ptolemy/domains/de/test/auto/CQBug1.xml (RunModel)" time="0.006" />
  <testcase classname="ptolemy.util.test.junit.AutoTests" name="[3] /home/travis/build/icyphy/ptII/ptolemy/domains/de/test/auto/CancelFireAt.xml (RunModel)" time="0.013" />
  <testcase classname="ptolemy.util.test.junit.AutoTests" name="[4] /home/travis/build/icyphy/ptII/ptolemy/domains/de/test/auto/CausalityAndComposabilityAnalysis.xml (RunModel)" time="0.016" />
  <testcase classname="ptolemy.util.test.junit.AutoTests" name="[5] /home/travis/build/icyphy/ptII/ptolemy/domains/de/test/auto/CausalityInterface1.xml (RunModel)" time="0.025" />
  <testcase classname="ptolemy.util.test.junit.AutoTests" name="[6] /home/travis/build/icyphy/ptII/ptolemy/domains/de/test/auto/CausalityInterface15.xml (RunModel)" time="0.014" />
  <testcase classname="ptolemy.util.test.junit.AutoTests" name="[7] /home/travis/build/icyphy/ptII/ptolemy/domains/de/test/auto/CausalityInterface2.xml (RunModel)" time="0.012" />
  <testcase classname="ptolemy.util.test.junit.AutoTests" name="[8] /home/travis/build/icyphy/ptII/ptolemy/domains/de/test/auto/CausalityInterface3.xml (RunModel)" time="0.011" />
  <testcase classname="ptolemy.util.test.junit.AutoTests" name="[9] /home/travis/build/icyphy/ptII/ptolemy/domains/de/test/auto/ClockDrift.xml (RunModel)" time="0.034" />
  <testcase classname="ptolemy.util.test.junit.AutoTests" name="[10] /home/travis/build/icyphy/ptII/ptolemy/domains/de/test/auto/ClockDriftAndValueChange.xml (RunModel)" time="0.025" />
  <testcase classname="ptolemy.util.test.junit.AutoTests" name="[11] /home/travis/build/icyphy/ptII/ptolemy/domains/de/test/auto/ClockDriftChange.xml (RunModel)" time="0.026" />
  <testcase classname="ptolemy.util.test.junit.AutoTests" name="[12] /home/travis/build/icyphy/ptII/ptolemy/domains/de/test/auto/ComposableCausalityAnalysis.xml (RunModel)" time="0.017" />
  <testcase classname="ptolemy.util.test.junit.AutoTests" name="[13] /home/travis/build/icyphy/ptII/ptolemy/domains/de/test/auto/DEFixedPointLimitation.xml (RunModel)" time="0.008" />
  <testcase classname="ptolemy.util.test.junit.AutoTests" name="[14] /home/travis/build/icyphy/ptII/ptolemy/domains/de/test/auto/DEScheduleTest.xml (RunModel)" time="0.009" />
  <testcase classname="ptolemy.util.test.junit.AutoTests" name="[15] /home/travis/build/icyphy/ptII/ptolemy/domains/de/test/auto/DEinDEwithStartTimes.xml (RunModel)" time="0.013" />
  <testcase classname="ptolemy.util.test.junit.AutoTests" name="[16] /home/travis/build/icyphy/ptII/ptolemy/domains/de/test/auto/DEinDEwithStartTimes2.xml (RunModel)" time="0.018" />
  <testcase classname="ptolemy.util.test.junit.AutoTests" name="[17] /home/travis/build/icyphy/ptII/ptolemy/domains/de/test/auto/DateDemo.xml (RunModel)" time="0.026" />
  <testcase classname="ptolemy.util.test.junit.AutoTests" name="[18] /home/travis/build/icyphy/ptII/ptolemy/domains/de/test/auto/DateToEvent.xml (RunModel)" time="2.036" />
  <testcase classname="ptolemy.util.test.junit.AutoTests" name="[19] /home/travis/build/icyphy/ptII/ptolemy/domains/de/test/auto/DepthTest1.xml (RunModel)" time="0.028" />
  <testcase classname="ptolemy.util.test.junit.AutoTests" name="[20] /home/travis/build/icyphy/ptII/ptolemy/domains/de/test/auto/DepthTest2.xml (RunModel)" time="0.017" />
  <testcase classname="ptolemy.util.test.junit.AutoTests" name="[21] /home/travis/build/icyphy/ptII/ptolemy/domains/de/test/auto/DepthTest3.xml (RunModel)" time="0.007" />
  <testcase classname="ptolemy.util.test.junit.AutoTests" name="[22] /home/travis/build/icyphy/ptII/ptolemy/domains/de/test/auto/DepthTest4.xml (RunModel)" time="0.017" />
  <testcase classname="ptolemy.util.test.junit.AutoTests" name="[23] /home/travis/build/icyphy/ptII/ptolemy/domains/de/test/auto/DepthTest5.xml (RunModel)" time="0.013" />
  <testcase classname="ptolemy.util.test.junit.AutoTests" name="[24] /home/travis/build/icyphy/ptII/ptolemy/domains/de/test/auto/DepthTest6.xml (RunModel)" time="0.011" />
  <testcase classname="ptolemy.util.test.junit.AutoTests" name="[25] /home/travis/build/icyphy/ptII/ptolemy/domains/de/test/auto/DepthTest7.xml (RunModel)" time="0.014" />
  <testcase classname="ptolemy.util.test.junit.AutoTests" name="[26] /home/travis/build/icyphy/ptII/ptolemy/domains/de/test/auto/EventToDate.xml (RunModel)" time="3.038" />
  <testcase classname="ptolemy.util.test.junit.AutoTests" name="[27] /home/travis/build/icyphy/ptII/ptolemy/domains/de/test/auto/FSM1.xml (RunModel)" time="0.037" />
  <testcase classname="ptolemy.util.test.junit.AutoTests" name="[28] /home/travis/build/icyphy/ptII/ptolemy/domains/de/test/auto/FSM7.xml (RunModel)" time="0.038" />
  <testcase classname="ptolemy.util.test.junit.AutoTests" name="[29] /home/travis/build/icyphy/ptII/ptolemy/domains/de/test/auto/Inspection.xml (RunModel)" time="0.039" />
  <testcase classname="ptolemy.util.test.junit.AutoTests" name="[30] /home/travis/build/icyphy/ptII/ptolemy/domains/de/test/auto/Iteration.xml (RunModel)" time="0.021" />
  <testcase classname="ptolemy.util.test.junit.AutoTests" name="[31] /home/travis/build/icyphy/ptII/ptolemy/domains/de/test/auto/LineFault.xml (RunModel)" time="0.529" />
  <testcase classname="ptolemy.util.test.junit.AutoTests" name="[32] /home/travis/build/icyphy/ptII/ptolemy/domains/de/test/auto/MergeModel1Add.xml (RunModel)" time="0.049" />
  <testcase classname="ptolemy.util.test.junit.AutoTests" name="[33] /home/travis/build/icyphy/ptII/ptolemy/domains/de/test/auto/MergeModel2Add.xml (RunModel)" time="0.033" />
  <testcase classname="ptolemy.util.test.junit.AutoTests" name="[34] /home/travis/build/icyphy/ptII/ptolemy/domains/de/test/auto/MergeModel3Add.xml (RunModel)" time="0.038" />
  <testcase classname="ptolemy.util.test.junit.AutoTests" name="[35] /home/travis/build/icyphy/ptII/ptolemy/domains/de/test/auto/MergeWithoutDiscard.xml (RunModel)" time="0.009" />
  <testcase classname="ptolemy.util.test.junit.AutoTests" name="[36] /home/travis/build/icyphy/ptII/ptolemy/domains/de/test/auto/Modal1.xml (RunModel)" time="0.032" />
  <testcase classname="ptolemy.util.test.junit.AutoTests" name="[37] /home/travis/build/icyphy/ptII/ptolemy/domains/de/test/auto/Modal2.xml (RunModel)" time="0.025" />
  <testcase classname="ptolemy.util.test.junit.AutoTests" name="[38] /home/travis/build/icyphy/ptII/ptolemy/domains/de/test/auto/Modal3.xml (RunModel)" time="0.029" />
  <testcase classname="ptolemy.util.test.junit.AutoTests" name="[39] /home/travis/build/icyphy/ptII/ptolemy/domains/de/test/auto/Modal4.xml (RunModel)" time="0.026" />
  <testcase classname="ptolemy.util.test.junit.AutoTests" name="[40] /home/travis/build/icyphy/ptII/ptolemy/domains/de/test/auto/Modal5.xml (RunModel)" time="0.031" />
  <testcase classname="ptolemy.util.test.junit.AutoTests" name="[41] /home/travis/build/icyphy/ptII/ptolemy/domains/de/test/auto/Modal6.xml (RunModel)" time="0.026" />
  <testcase classname="ptolemy.util.test.junit.AutoTests" name="[42] /home/travis/build/icyphy/ptII/ptolemy/domains/de/test/auto/Modal7.xml (RunModel)" time="0.029" />
  <testcase classname="ptolemy.util.test.junit.AutoTests" name="[43] /home/travis/build/icyphy/ptII/ptolemy/domains/de/test/auto/ModalModel.xml (RunModel)" time="0.164" />
  <testcase classname="ptolemy.util.test.junit.AutoTests" name="[44] /home/travis/build/icyphy/ptII/ptolemy/domains/de/test/auto/ModalSource.xml (RunModel)" time="0.02" />
  <testcase classname="ptolemy.util.test.junit.AutoTests" name="[45] /home/travis/build/icyphy/ptII/ptolemy/domains/de/test/auto/NonInterruptibleTimerZeroDelay.xml (RunModel)" time="0.007" />
  <testcase classname="ptolemy.util.test.junit.AutoTests" name="[46] /home/travis/build/icyphy/ptII/ptolemy/domains/de/test/auto/OpenQueueingNetwork.xml (RunModel)" time="2.24" />
  <testcase classname="ptolemy.util.test.junit.AutoTests" name="[47] /home/travis/build/icyphy/ptII/ptolemy/domains/de/test/auto/OpenQueuingNetwork.xml (RunModel)" time="0.319" />
  <testcase classname="ptolemy.util.test.junit.AutoTests" name="[48] /home/travis/build/icyphy/ptII/ptolemy/domains/de/test/auto/PeriodicSampler.xml (RunModel)" time="0.008" />
  <testcase classname="ptolemy.util.test.junit.AutoTests" name="[49] /home/travis/build/icyphy/ptII/ptolemy/domains/de/test/auto/PersistentIO.xml (RunModel)" time="0.02" />
  <testcase classname="ptolemy.util.test.junit.AutoTests" name="[50] /home/travis/build/icyphy/ptII/ptolemy/domains/de/test/auto/PortParameterResetOnInitialize.xml (RunModel)" time="0.007" />
  <testcase classname="ptolemy.util.test.junit.AutoTests" name="[51] /home/travis/build/icyphy/ptII/ptolemy/domains/de/test/auto/PortParameterUpdates.xml (RunModel)" time="0.012" />
  <testcase classname="ptolemy.util.test.junit.AutoTests" name="[52] /home/travis/build/icyphy/ptII/ptolemy/domains/de/test/auto/QueueAndServer.xml (RunModel)" time="0.017" />
  <testcase classname="ptolemy.util.test.junit.AutoTests" name="[53] /home/travis/build/icyphy/ptII/ptolemy/domains/de/test/auto/Records.xml (RunModel)" time="0.013" />
  <testcase classname="ptolemy.util.test.junit.AutoTests" name="[54] /home/travis/build/icyphy/ptII/ptolemy/domains/de/test/auto/ResetTransitionWithStartTime1.xml (RunModel)" time="0.017" />
  <testcase classname="ptolemy.util.test.junit.AutoTests" name="[55] /home/travis/build/icyphy/ptII/ptolemy/domains/de/test/auto/ResetTransitionWithStartTime2.xml (RunModel)" time="0.022" />
  <testcase classname="ptolemy.util.test.junit.AutoTests" name="[56] /home/travis/build/icyphy/ptII/ptolemy/domains/de/test/auto/ResetTransitionWithStartTime3.xml (RunModel)" time="0.022" />
  <testcase classname="ptolemy.util.test.junit.AutoTests" name="[57] /home/travis/build/icyphy/ptII/ptolemy/domains/de/test/auto/ResetTransitionWithStartTime4.xml (RunModel)" time="0.016" />
  <testcase classname="ptolemy.util.test.junit.AutoTests" name="[58] /home/travis/build/icyphy/ptII/ptolemy/domains/de/test/auto/ResettableTimer1.xml (RunModel)" time="0.009" />
  <testcase classname="ptolemy.util.test.junit.AutoTests" name="[59] /home/travis/build/icyphy/ptII/ptolemy/domains/de/test/auto/ResettableTimer2.xml (RunModel)" time="0.007" />
  <testcase classname="ptolemy.util.test.junit.AutoTests" name="[60] /home/travis/build/icyphy/ptII/ptolemy/domains/de/test/auto/ResettableTimer3.xml (RunModel)" time="0.007" />
  <testcase classname="ptolemy.util.test.junit.AutoTests" name="[61] /home/travis/build/icyphy/ptII/ptolemy/domains/de/test/auto/ResettableTimer4.xml (RunModel)" time="0.008" />
  <testcase classname="ptolemy.util.test.junit.AutoTests" name="[62] /home/travis/build/icyphy/ptII/ptolemy/domains/de/test/auto/ResettableTimer5.xml (RunModel)" time="0.009" />
  <testcase classname="ptolemy.util.test.junit.AutoTests" name="[63] /home/travis/build/icyphy/ptII/ptolemy/domains/de/test/auto/ResettableTimer6.xml (RunModel)" time="0.015" />
  <testcase classname="ptolemy.util.test.junit.AutoTests" name="[64] /home/travis/build/icyphy/ptII/ptolemy/domains/de/test/auto/ServerZeroDelay.xml (RunModel)" time="0.01" />
  <testcase classname="ptolemy.util.test.junit.AutoTests" name="[65] /home/travis/build/icyphy/ptII/ptolemy/domains/de/test/auto/SmartSender.xml (RunModel)" time="3.008" />
  <testcase classname="ptolemy.util.test.junit.AutoTests" name="[66] /home/travis/build/icyphy/ptII/ptolemy/domains/de/test/auto/ThreadedComposite.xml (RunModel)" time="0.119" />
  <testcase classname="ptolemy.util.test.junit.AutoTests" name="[67] /home/travis/build/icyphy/ptII/ptolemy/domains/de/test/auto/Time.xml (RunModel)" time="0.326" />
  <testcase classname="ptolemy.util.test.junit.AutoTests" name="[68] /home/travis/build/icyphy/ptII/ptolemy/domains/de/test/auto/TimeDelayZeroDelay.xml (RunModel)" time="0.013" />
  <testcase classname="ptolemy.util.test.junit.AutoTests" name="[69] /home/travis/build/icyphy/ptII/ptolemy/domains/de/test/auto/TimerZeroDelay.xml (RunModel)" time="0.007" />
  <testcase classname="ptolemy.util.test.junit.AutoTests" name="[70] /home/travis/build/icyphy/ptII/ptolemy/domains/de/test/auto/TimingParadox.xml (RunModel)" time="0.301" />
  <testcase classname="ptolemy.util.test.junit.AutoTests" name="[71] /home/travis/build/icyphy/ptII/ptolemy/domains/de/test/auto/TransferInputs.xml (RunModel)" time="0.009" />
  <testcase classname="ptolemy.util.test.junit.AutoTests" name="[72] /home/travis/build/icyphy/ptII/ptolemy/domains/de/test/auto/TransferOutputs2.xml (RunModel)" time="0.012" />
  <testcase classname="ptolemy.util.test.junit.AutoTests" name="[73] /home/travis/build/icyphy/ptII/ptolemy/domains/de/test/auto/Trilateration.xml (RunModel)" time="10.672" />
  <testcase classname="ptolemy.util.test.junit.AutoTests" name="[74] /home/travis/build/icyphy/ptII/ptolemy/domains/de/test/auto/TwoSigmaDelta.xml (RunModel)" time="1.822" />
  <testcase classname="ptolemy.util.test.junit.AutoTests" name="[75] /home/travis/build/icyphy/ptII/ptolemy/domains/de/test/auto/VariableDelay.xml (RunModel)" time="0.017" />
  <testcase classname="ptolemy.util.test.junit.AutoTests" name="[76] /home/travis/build/icyphy/ptII/ptolemy/domains/de/test/auto/VariableDelay2.xml (RunModel)" time="0.01" />
  <testcase classname="ptolemy.util.test.junit.AutoTests" name="[77] /home/travis/build/icyphy/ptII/ptolemy/domains/de/test/auto/VariableDelayZeroDelay.xml (RunModel)" time="0.01" />
  <testcase classname="ptolemy.util.test.junit.AutoTests" name="[78] /home/travis/build/icyphy/ptII/ptolemy/domains/de/test/auto/VariableDelayZeroDelay2.xml (RunModel)" time="0.007" />
  <testcase classname="ptolemy.util.test.junit.AutoTests" name="[79] /home/travis/build/icyphy/ptII/ptolemy/domains/de/test/auto/deInCt.xml (RunModel)" time="0.012" />
  <testcase classname="ptolemy.util.test.junit.AutoTests" name="[80] /home/travis/build/icyphy/ptII/ptolemy/domains/de/test/auto/deInCt2.xml (RunModel)" time="0.017" />
  <testcase classname="ptolemy.util.test.junit.AutoTests" name="[81] /home/travis/build/icyphy/ptII/ptolemy/domains/de/test/auto/dynamicCausalityInterface1.xml (RunModel)" time="0.014" />
  <testcase classname="ptolemy.util.test.junit.AutoTests" name="[82] /home/travis/build/icyphy/ptII/ptolemy/domains/de/test/auto/fsm_de_test.xml (RunModel)" time="0.027" />
  <testcase classname="ptolemy.util.test.junit.AutoTests" name="[83] /home/travis/build/icyphy/ptII/ptolemy/domains/de/test/auto/functionDependencyReconstruction.xml (RunModel)" time="0.025" />
  <testcase classname="ptolemy.util.test.junit.AutoTests" name="[84] /home/travis/build/icyphy/ptII/ptolemy/domains/de/test/auto/multirate.xml (RunModel)" time="0.012" />
  <testcase classname="ptolemy.util.test.junit.AutoTests" name="[85] /home/travis/build/icyphy/ptII/ptolemy/domains/de/test/auto/multirate2.xml (RunModel)" time="0.014" />
  <testcase classname="ptolemy.util.test.junit.AutoTests" name="[86] /home/travis/build/icyphy/ptII/ptolemy/domains/de/test/auto/realtime.xml (RunModel)" time="10.008" />
  <testcase classname="ptolemy.util.test.junit.AutoTests" name="[87] /home/travis/build/icyphy/ptII/ptolemy/domains/de/test/auto/relationGroup.xml (RunModel)" time="0.007" />
  <testcase classname="ptolemy.util.test.junit.AutoTests" name="[88] /home/travis/build/icyphy/ptII/ptolemy/domains/de/test/auto/relationGroup2.xml (RunModel)" time="0.006" />
  <testcase classname="ptolemy.util.test.junit.AutoTests" name="[89] /home/travis/build/icyphy/ptII/ptolemy/domains/de/test/auto/sortWithOpaquePorts.xml (RunModel)" time="0.014" />
  <testcase classname="ptolemy.util.test.junit.AutoTests" name="[90] /home/travis/build/icyphy/ptII/ptolemy/domains/de/test/auto/transferInputsandOutputs.xml (RunModel)" time="0.012" />
  <testcase classname="ptolemy.util.test.junit.AutoTests" name="[91] /home/travis/build/icyphy/ptII/ptolemy/domains/de/test/auto/triggerType.xml (RunModel)" time="0.008" />
  <system-out><![CDATA[/home/travis/build/icyphy/ptII/ptolemy/domains/de/test/DependencyLoop.tcl
testDefs.tcl: setting time out to 9000 seconds at Sun Aug 02 15:15:19 UTC 2020
83 ms. Memory: 129024K Free: 79182K (61%)
12 ms. Memory: 129024K Free: 61774K (48%)
/home/travis/build/icyphy/ptII/ptolemy/domains/de/test/RunDETestsAsQSS.tcl
Run the DE tests using ptolemy.domains.qss.test.QSSDirectorTest, which extends QSSDirector and prints a message in the constructors.
------------------ testing $PTII/ptolemy/domains/de/test/auto/knownFailedTests/DirectFeedback.xml (Known Failure) 
58 ms. Memory: 129024K Free: 56144K (44%)


==== $PTIIhome/travis/build/icyphy/ptII/ptolemy/domains/de/test/../../../../: Auto Automatic test in file $PTII/ptolemy/domains/de/test/auto/knownFailedTests/DirectFeedback.xml
==== Contents of test case:

	    # FIXME: we should use $relativeFilename here, but it
	    # might have backslashes under Windows, which causes no end
	    # of trouble.
	    createAndExecute $file
	    list {}
	
.... Test generated KNOWN error:
    while executing
ptolemy.kernel.util.IllegalActionException: Test fails in iteration 1.
Value was: 1.0. Should have been: 2.0
  in .DirectFeedback.Test
	at ptolemy.actor.lib.Test.fire(Test.java:268)
	at ptolemy.domains.de.kernel.DEDirector._fire(DEDirector.java:1949)
	at ptolemy.domains.de.kernel.DEDirector.fire(DEDirector.java:502)
	at ptolemy.actor.CompositeActor.fire(CompositeActor.java:455)
	at ptolemy.actor.Manager.iterate(Manager.java:851)
	at ptolemy.actor.Manager.execute(Manager.java:369)
	at ptolemy.actor.Manager.run(Manager.java:1263)
	at ptolemy.actor.Manager$PtolemyRunThread.run(Manager.java:1933)

    while executing
ptolemy.kernel.util.IllegalActionException: Test fails in iteration 1.
Value was: 1.0. Should have been: 2.0
  in .DirectFeedback.Test
    while executing
"java::new ptolemy.moml.MoMLSimpleApplication $file
"
    (procedure "createAndExecute" line 2)
    invoked from within
"createAndExecute $file"
    ("uplevel" body line 5)
    invoked from within
"uplevel $contents_of_test"
------------------ testing $PTII/ptolemy/domains/de/test/auto/knownFailedTests/dependencyLoop.xml (Known Failure) 
9 ms. Memory: 129024K Free: 53072K (41%)


==== $PTIIhome/travis/build/icyphy/ptII/ptolemy/domains/de/test/../../../../: Auto Automatic test in file $PTII/ptolemy/domains/de/test/auto/knownFailedTests/dependencyLoop.xml
==== Contents of test case:

	    # FIXME: we should use $relativeFilename here, but it
	    # might have backslashes under Windows, which causes no end
	    # of trouble.
	    createAndExecute $file
	    list {}
	
.... Test generated KNOWN error:
    while executing
ptolemy.kernel.util.IllegalActionException: Found a zero delay loop containing .dependencyLoop.original
  in .dependencyLoop and .dependencyLoop.original
	at ptolemy.actor.util.CausalityInterfaceForComposites._computeOutputPortDepth(CausalityInterfaceForComposites.java:759)
	at ptolemy.actor.util.CausalityInterfaceForComposites._computeInputDepth(CausalityInterfaceForComposites.java:696)
	at ptolemy.actor.util.CausalityInterfaceForComposites._computeOutputPortDepth(CausalityInterfaceForComposites.java:765)
	at ptolemy.actor.util.CausalityInterfaceForComposites._computeInputDepth(CausalityInterfaceForComposites.java:696)
	at ptolemy.actor.util.CausalityInterfaceForComposites._computeOutputPortDepth(CausalityInterfaceForComposites.java:765)
	at ptolemy.actor.util.CausalityInterfaceForComposites._computeInputDepth(CausalityInterfaceForComposites.java:696)
	at ptolemy.actor.util.CausalityInterfaceForComposites._computeActorDepth(CausalityInterfaceForComposites.java:532)
	at ptolemy.actor.util.CausalityInterfaceForComposites.checkForCycles(CausalityInterfaceForComposites.java:96)
	at ptolemy.domains.de.kernel.DEDirector.preinitialize(DEDirector.java:1338)
	at ptolemy.actor.CompositeActor.preinitialize(CompositeActor.java:1828)
	at ptolemy.actor.Manager.preinitializeAndResolveTypes(Manager.java:1040)
	at ptolemy.actor.Manager.initialize(Manager.java:710)
	at ptolemy.actor.Manager.execute(Manager.java:356)
	at ptolemy.actor.Manager.run(Manager.java:1263)
	at ptolemy.actor.Manager$PtolemyRunThread.run(Manager.java:1933)

    while executing
ptolemy.kernel.util.IllegalActionException: Found a zero delay loop containing .dependencyLoop.original
  in .dependencyLoop and .dependencyLoop.original
    while executing
"java::new ptolemy.moml.MoMLSimpleApplication $file
"
    (procedure "createAndExecute" line 2)
    invoked from within
"createAndExecute $file"
    ("uplevel" body line 5)
    invoked from within
"uplevel $contents_of_test"
------------------ testing $PTII/ptolemy/domains/de/test/auto/knownFailedTests/FSMSource.xml (Known Failure) 
77 ms. Memory: 129024K Free: 111584K (86%)
!!!! Auto was marked as failing, but now passes
------------------ testing $PTII/ptolemy/domains/de/test/auto/knownFailedTests/HierarchicalModel.xml (Known Failure) 
7 ms. Memory: 129024K Free: 94653K (73%)


==== $PTIIhome/travis/build/icyphy/ptII/ptolemy/domains/de/test/../../../../: Auto Automatic test in file $PTII/ptolemy/domains/de/test/auto/knownFailedTests/HierarchicalModel.xml
==== Contents of test case:

	    # FIXME: we should use $relativeFilename here, but it
	    # might have backslashes under Windows, which causes no end
	    # of trouble.
	    createAndExecute $file
	    list {}
	
.... Test generated KNOWN error:
    while executing
ptolemy.kernel.util.IllegalActionException: Found a zero delay loop containing .HierarchicalModel.A
  in .HierarchicalModel and .HierarchicalModel.A
	at ptolemy.actor.util.CausalityInterfaceForComposites._computeOutputPortDepth(CausalityInterfaceForComposites.java:759)
	at ptolemy.actor.util.CausalityInterfaceForComposites._computeInputDepth(CausalityInterfaceForComposites.java:696)
	at ptolemy.actor.util.CausalityInterfaceForComposites._computeOutputPortDepth(CausalityInterfaceForComposites.java:765)
	at ptolemy.actor.util.CausalityInterfaceForComposites._computeInputDepth(CausalityInterfaceForComposites.java:696)
	at ptolemy.actor.util.CausalityInterfaceForComposites._computeOutputPortDepth(CausalityInterfaceForComposites.java:765)
	at ptolemy.actor.util.CausalityInterfaceForComposites._computeInputDepth(CausalityInterfaceForComposites.java:696)
	at ptolemy.actor.util.CausalityInterfaceForComposites._computeActorDepth(CausalityInterfaceForComposites.java:532)
	at ptolemy.actor.util.CausalityInterfaceForComposites.checkForCycles(CausalityInterfaceForComposites.java:96)
	at ptolemy.domains.de.kernel.DEDirector.preinitialize(DEDirector.java:1338)
	at ptolemy.actor.CompositeActor.preinitialize(CompositeActor.java:1828)
	at ptolemy.actor.Manager.preinitializeAndResolveTypes(Manager.java:1040)
	at ptolemy.actor.Manager.initialize(Manager.java:710)
	at ptolemy.actor.Manager.execute(Manager.java:356)
	at ptolemy.actor.Manager.run(Manager.java:1263)
	at ptolemy.actor.Manager$PtolemyRunThread.run(Manager.java:1933)

    while executing
ptolemy.kernel.util.IllegalActionException: Found a zero delay loop containing .HierarchicalModel.A
  in .HierarchicalModel and .HierarchicalModel.A
    while executing
"java::new ptolemy.moml.MoMLSimpleApplication $file
"
    (procedure "createAndExecute" line 2)
    invoked from within
"createAndExecute $file"
    ("uplevel" body line 5)
    invoked from within
"uplevel $contents_of_test"
------------------ testing $PTII/ptolemy/domains/de/test/auto/knownFailedTests/dependencyLoop2.xml (Known Failure) 
5 ms. Memory: 129024K Free: 78858K (61%)


==== $PTIIhome/travis/build/icyphy/ptII/ptolemy/domains/de/test/../../../../: Auto Automatic test in file $PTII/ptolemy/domains/de/test/auto/knownFailedTests/dependencyLoop2.xml
==== Contents of test case:

	    # FIXME: we should use $relativeFilename here, but it
	    # might have backslashes under Windows, which causes no end
	    # of trouble.
	    createAndExecute $file
	    list {}
	
.... Test generated KNOWN error:
    while executing
ptolemy.kernel.util.IllegalActionException: Found a zero delay loop containing .dependencyLoop2.original
  in .dependencyLoop2 and .dependencyLoop2.original
	at ptolemy.actor.util.CausalityInterfaceForComposites._computeOutputPortDepth(CausalityInterfaceForComposites.java:759)
	at ptolemy.actor.util.CausalityInterfaceForComposites._computeInputDepth(CausalityInterfaceForComposites.java:696)
	at ptolemy.actor.util.CausalityInterfaceForComposites._computeOutputPortDepth(CausalityInterfaceForComposites.java:765)
	at ptolemy.actor.util.CausalityInterfaceForComposites._computeInputDepth(CausalityInterfaceForComposites.java:696)
	at ptolemy.actor.util.CausalityInterfaceForComposites._computeOutputPortDepth(CausalityInterfaceForComposites.java:765)
	at ptolemy.actor.util.CausalityInterfaceForComposites._computeInputDepth(CausalityInterfaceForComposites.java:696)
	at ptolemy.actor.util.CausalityInterfaceForComposites._computeActorDepth(CausalityInterfaceForComposites.java:532)
	at ptolemy.actor.util.CausalityInterfaceForComposites.checkForCycles(CausalityInterfaceForComposites.java:96)
	at ptolemy.domains.de.kernel.DEDirector.preinitialize(DEDirector.java:1338)
	at ptolemy.actor.CompositeActor.preinitialize(CompositeActor.java:1828)
	at ptolemy.actor.Manager.preinitializeAndResolveTypes(Manager.java:1040)
	at ptolemy.actor.Manager.initialize(Manager.java:710)
	at ptolemy.actor.Manager.execute(Manager.java:356)
	at ptolemy.actor.Manager.run(Manager.java:1263)
	at ptolemy.actor.Manager$PtolemyRunThread.run(Manager.java:1933)

    while executing
ptolemy.kernel.util.IllegalActionException: Found a zero delay loop containing .dependencyLoop2.original
  in .dependencyLoop2 and .dependencyLoop2.original
    while executing
"java::new ptolemy.moml.MoMLSimpleApplication $file
"
    (procedure "createAndExecute" line 2)
    invoked from within
"createAndExecute $file"
    ("uplevel" body line 5)
    invoked from within
"uplevel $contents_of_test"
------------------ testing $PTII/ptolemy/domains/de/test/auto/knownFailedTests/DESDFClockTest.xml (Known Failure) 
2058 ms. Memory: 129024K Free: 107983K (84%)


==== $PTIIhome/travis/build/icyphy/ptII/ptolemy/domains/de/test/../../../../: Auto Automatic test in file $PTII/ptolemy/domains/de/test/auto/knownFailedTests/DESDFClockTest.xml
==== Contents of test case:

	    # FIXME: we should use $relativeFilename here, but it
	    # might have backslashes under Windows, which causes no end
	    # of trouble.
	    createAndExecute $file
	    list {}
	
.... Test generated KNOWN error:
    while executing
ptolemy.kernel.util.IllegalActionException: Actor is not ready to fire.  Perhaps UpSample.prefire() returned false? Try debugging the actor by selecting "Listen to Actor".  Also, for SDF check moml for tokenConsumptionRate on input.
  in .DESDFClockTest.Play Bell.Copy1:SDF Director and .DESDFClockTest.Play Bell.UpSample
	at ptolemy.actor.sched.StaticSchedulingDirector.fire(StaticSchedulingDirector.java:227)
	at ptolemy.domains.sdf.kernel.SDFDirector.fire(SDFDirector.java:500)
	at ptolemy.actor.CompositeActor.fire(CompositeActor.java:455)
	at ptolemy.domains.de.kernel.DEDirector._fire(DEDirector.java:1949)
	at ptolemy.domains.de.kernel.DEDirector.fire(DEDirector.java:502)
	at ptolemy.actor.CompositeActor.fire(CompositeActor.java:455)
	at ptolemy.actor.Manager.iterate(Manager.java:851)
	at ptolemy.actor.Manager.execute(Manager.java:369)
	at ptolemy.actor.Manager.run(Manager.java:1263)
	at ptolemy.actor.Manager$PtolemyRunThread.run(Manager.java:1933)

    while executing
ptolemy.kernel.util.IllegalActionException: Actor is not ready to fire.  Perhaps UpSample.prefire() returned false? Try debugging the actor by selecting "Listen to Actor".  Also, for SDF check moml for tokenConsumptionRate on input.
  in .DESDFClockTest.Play Bell.Copy1:SDF Director and .DESDFClockTest.Play Bell.UpSample
    while executing
"java::new ptolemy.moml.MoMLSimpleApplication $file
"
    (procedure "createAndExecute" line 2)
    invoked from within
"createAndExecute $file"
    ("uplevel" body line 5)
    invoked from within
"uplevel $contents_of_test"
------------------ testing $PTII/ptolemy/domains/de/test/auto/ActorDepthCalculation_actorWithoutPorts.xml
auto.tcl: Setting watchdog for 200 seconds at Sun Aug 02 15:15:23 UTC 2020
10 ms. Memory: 129024K Free: 100287K (78%)
ptolemy.util.test.WatchDog.cancel(): canceling Sun Aug 02 15:15:23 UTC 2020
auto.tcl: Setting watchdog for 200 seconds at Sun Aug 02 15:15:23 UTC 2020
4 ms. Memory: 129024K Free: 98767K (77%)
ptolemy.util.test.WatchDog.cancel(): canceling Sun Aug 02 15:15:23 UTC 2020
------------------ testing $PTII/ptolemy/domains/de/test/auto/AssemblyLine.xml
auto.tcl: Setting watchdog for 200 seconds at Sun Aug 02 15:15:23 UTC 2020
7 ms. Memory: 51200K Free: 27164K (53%)
ptolemy.util.test.WatchDog.cancel(): canceling Sun Aug 02 15:15:23 UTC 2020
auto.tcl: Setting watchdog for 200 seconds at Sun Aug 02 15:15:23 UTC 2020
6 ms. Memory: 51200K Free: 26728K (52%)
ptolemy.util.test.WatchDog.cancel(): canceling Sun Aug 02 15:15:23 UTC 2020
------------------ testing $PTII/ptolemy/domains/de/test/auto/CQBug1.xml
auto.tcl: Setting watchdog for 200 seconds at Sun Aug 02 15:15:23 UTC 2020
3 ms. Memory: 51200K Free: 33248K (65%)
ptolemy.util.test.WatchDog.cancel(): canceling Sun Aug 02 15:15:23 UTC 2020
auto.tcl: Setting watchdog for 200 seconds at Sun Aug 02 15:15:23 UTC 2020
2 ms. Memory: 51200K Free: 32797K (64%)
ptolemy.util.test.WatchDog.cancel(): canceling Sun Aug 02 15:15:23 UTC 2020
------------------ testing $PTII/ptolemy/domains/de/test/auto/CancelFireAt.xml
auto.tcl: Setting watchdog for 200 seconds at Sun Aug 02 15:15:23 UTC 2020
2 ms. Memory: 51200K Free: 34465K (67%)
ptolemy.util.test.WatchDog.cancel(): canceling Sun Aug 02 15:15:23 UTC 2020
auto.tcl: Setting watchdog for 200 seconds at Sun Aug 02 15:15:23 UTC 2020
2 ms. Memory: 51200K Free: 33997K (66%)
ptolemy.util.test.WatchDog.cancel(): canceling Sun Aug 02 15:15:23 UTC 2020
------------------ testing $PTII/ptolemy/domains/de/test/auto/CausalityAndComposabilityAnalysis.xml
auto.tcl: Setting watchdog for 200 seconds at Sun Aug 02 15:15:23 UTC 2020
6 ms. Memory: 51200K Free: 32712K (64%)
ptolemy.util.test.WatchDog.cancel(): canceling Sun Aug 02 15:15:24 UTC 2020
auto.tcl: Setting watchdog for 200 seconds at Sun Aug 02 15:15:24 UTC 2020
4 ms. Memory: 51200K Free: 31957K (62%)
ptolemy.util.test.WatchDog.cancel(): canceling Sun Aug 02 15:15:24 UTC 2020
------------------ testing $PTII/ptolemy/domains/de/test/auto/CausalityInterface1.xml
auto.tcl: Setting watchdog for 200 seconds at Sun Aug 02 15:15:24 UTC 2020
23 ms. Memory: 51200K Free: 31360K (61%)
ptolemy.util.test.WatchDog.cancel(): canceling Sun Aug 02 15:15:24 UTC 2020
auto.tcl: Setting watchdog for 200 seconds at Sun Aug 02 15:15:24 UTC 2020
4 ms. Memory: 51200K Free: 30374K (59%)
ptolemy.util.test.WatchDog.cancel(): canceling Sun Aug 02 15:15:24 UTC 2020
------------------ testing $PTII/ptolemy/domains/de/test/auto/CausalityInterface15.xml
auto.tcl: Setting watchdog for 200 seconds at Sun Aug 02 15:15:24 UTC 2020
12 ms. Memory: 51200K Free: 31265K (61%)
ptolemy.util.test.WatchDog.cancel(): canceling Sun Aug 02 15:15:24 UTC 2020
auto.tcl: Setting watchdog for 200 seconds at Sun Aug 02 15:15:24 UTC 2020
8 ms. Memory: 51200K Free: 30324K (59%)
ptolemy.util.test.WatchDog.cancel(): canceling Sun Aug 02 15:15:24 UTC 2020
------------------ testing $PTII/ptolemy/domains/de/test/auto/CausalityInterface2.xml
auto.tcl: Setting watchdog for 200 seconds at Sun Aug 02 15:15:24 UTC 2020
4 ms. Memory: 51200K Free: 32009K (63%)
ptolemy.util.test.WatchDog.cancel(): canceling Sun Aug 02 15:15:24 UTC 2020
auto.tcl: Setting watchdog for 200 seconds at Sun Aug 02 15:15:24 UTC 2020
3 ms. Memory: 51200K Free: 31356K (61%)
ptolemy.util.test.WatchDog.cancel(): canceling Sun Aug 02 15:15:24 UTC 2020
------------------ testing $PTII/ptolemy/domains/de/test/auto/CausalityInterface3.xml
auto.tcl: Setting watchdog for 200 seconds at Sun Aug 02 15:15:24 UTC 2020
9 ms. Memory: 51200K Free: 31535K (62%)
ptolemy.util.test.WatchDog.cancel(): canceling Sun Aug 02 15:15:24 UTC 2020
auto.tcl: Setting watchdog for 200 seconds at Sun Aug 02 15:15:24 UTC 2020
2 ms. Memory: 51200K Free: 31046K (61%)
ptolemy.util.test.WatchDog.cancel(): canceling Sun Aug 02 15:15:24 UTC 2020
------------------ testing $PTII/ptolemy/domains/de/test/auto/ClockDrift.xml
auto.tcl: Setting watchdog for 200 seconds at Sun Aug 02 15:15:24 UTC 2020
47 ms. Memory: 51200K Free: 23637K (46%)
ptolemy.util.test.WatchDog.cancel(): canceling Sun Aug 02 15:15:24 UTC 2020
auto.tcl: Setting watchdog for 200 seconds at Sun Aug 02 15:15:24 UTC 2020
52 ms. Memory: 51200K Free: 20640K (40%)
ptolemy.util.test.WatchDog.cancel(): canceling Sun Aug 02 15:15:24 UTC 2020
------------------ testing $PTII/ptolemy/domains/de/test/auto/ClockDriftAndValueChange.xml
auto.tcl: Setting watchdog for 200 seconds at Sun Aug 02 15:15:24 UTC 2020
23 ms. Memory: 51200K Free: 24730K (48%)
ptolemy.util.test.WatchDog.cancel(): canceling Sun Aug 02 15:15:24 UTC 2020
auto.tcl: Setting watchdog for 200 seconds at Sun Aug 02 15:15:24 UTC 2020
28 ms. Memory: 51200K Free: 21560K (42%)
ptolemy.util.test.WatchDog.cancel(): canceling Sun Aug 02 15:15:24 UTC 2020
------------------ testing $PTII/ptolemy/domains/de/test/auto/ClockDriftChange.xml
auto.tcl: Setting watchdog for 200 seconds at Sun Aug 02 15:15:24 UTC 2020
20 ms. Memory: 51200K Free: 26018K (51%)
ptolemy.util.test.WatchDog.cancel(): canceling Sun Aug 02 15:15:24 UTC 2020
auto.tcl: Setting watchdog for 200 seconds at Sun Aug 02 15:15:24 UTC 2020
30 ms. Memory: 51200K Free: 23627K (46%)
ptolemy.util.test.WatchDog.cancel(): canceling Sun Aug 02 15:15:24 UTC 2020
------------------ testing $PTII/ptolemy/domains/de/test/auto/ComposableCausalityAnalysis.xml
auto.tcl: Setting watchdog for 200 seconds at Sun Aug 02 15:15:24 UTC 2020
2 ms. Memory: 51200K Free: 30784K (60%)
ptolemy.util.test.WatchDog.cancel(): canceling Sun Aug 02 15:15:24 UTC 2020
auto.tcl: Setting watchdog for 200 seconds at Sun Aug 02 15:15:24 UTC 2020
4 ms. Memory: 51200K Free: 29772K (58%)
ptolemy.util.test.WatchDog.cancel(): canceling Sun Aug 02 15:15:24 UTC 2020
------------------ testing $PTII/ptolemy/domains/de/test/auto/DEFixedPointLimitation.xml
auto.tcl: Setting watchdog for 200 seconds at Sun Aug 02 15:15:24 UTC 2020
2 ms. Memory: 51200K Free: 32226K (63%)
ptolemy.util.test.WatchDog.cancel(): canceling Sun Aug 02 15:15:24 UTC 2020
auto.tcl: Setting watchdog for 200 seconds at Sun Aug 02 15:15:24 UTC 2020
2 ms. Memory: 51200K Free: 31329K (61%)
ptolemy.util.test.WatchDog.cancel(): canceling Sun Aug 02 15:15:24 UTC 2020
------------------ testing $PTII/ptolemy/domains/de/test/auto/DEScheduleTest.xml
auto.tcl: Setting watchdog for 200 seconds at Sun Aug 02 15:15:25 UTC 2020
7 ms. Memory: 51200K Free: 32581K (64%)
ptolemy.util.test.WatchDog.cancel(): canceling Sun Aug 02 15:15:25 UTC 2020
auto.tcl: Setting watchdog for 200 seconds at Sun Aug 02 15:15:25 UTC 2020
2 ms. Memory: 51200K Free: 31825K (62%)
ptolemy.util.test.WatchDog.cancel(): canceling Sun Aug 02 15:15:25 UTC 2020
------------------ testing $PTII/ptolemy/domains/de/test/auto/DEinDEwithStartTimes.xml
auto.tcl: Setting watchdog for 200 seconds at Sun Aug 02 15:15:25 UTC 2020
5 ms. Memory: 51200K Free: 30752K (60%)
ptolemy.util.test.WatchDog.cancel(): canceling Sun Aug 02 15:15:25 UTC 2020
auto.tcl: Setting watchdog for 200 seconds at Sun Aug 02 15:15:25 UTC 2020
3 ms. Memory: 51200K Free: 29820K (58%)
ptolemy.util.test.WatchDog.cancel(): canceling Sun Aug 02 15:15:25 UTC 2020
------------------ testing $PTII/ptolemy/domains/de/test/auto/DEinDEwithStartTimes2.xml
auto.tcl: Setting watchdog for 200 seconds at Sun Aug 02 15:15:25 UTC 2020
4 ms. Memory: 51200K Free: 29844K (58%)
ptolemy.util.test.WatchDog.cancel(): canceling Sun Aug 02 15:15:25 UTC 2020
auto.tcl: Setting watchdog for 200 seconds at Sun Aug 02 15:15:25 UTC 2020
3 ms. Memory: 51200K Free: 28683K (56%)
ptolemy.util.test.WatchDog.cancel(): canceling Sun Aug 02 15:15:25 UTC 2020
------------------ testing $PTII/ptolemy/domains/de/test/auto/DateDemo.xml
auto.tcl: Setting watchdog for 200 seconds at Sun Aug 02 15:15:25 UTC 2020
17 ms. Memory: 51200K Free: 24716K (48%)
ptolemy.util.test.WatchDog.cancel(): canceling Sun Aug 02 15:15:25 UTC 2020
auto.tcl: Setting watchdog for 200 seconds at Sun Aug 02 15:15:25 UTC 2020
7 ms. Memory: 51200K Free: 23085K (45%)
ptolemy.util.test.WatchDog.cancel(): canceling Sun Aug 02 15:15:25 UTC 2020
------------------ testing $PTII/ptolemy/domains/de/test/auto/DateToEvent.xml
auto.tcl: Setting watchdog for 200 seconds at Sun Aug 02 15:15:25 UTC 2020
2009 ms. Memory: 51200K Free: 19713K (39%)
ptolemy.util.test.WatchDog.cancel(): canceling Sun Aug 02 15:15:27 UTC 2020
auto.tcl: Setting watchdog for 200 seconds at Sun Aug 02 15:15:27 UTC 2020
2013 ms. Memory: 51200K Free: 19276K (38%)
ptolemy.util.test.WatchDog.cancel(): canceling Sun Aug 02 15:15:29 UTC 2020
------------------ testing $PTII/ptolemy/domains/de/test/auto/DepthTest1.xml
auto.tcl: Setting watchdog for 200 seconds at Sun Aug 02 15:15:29 UTC 2020
3 ms. Memory: 51200K Free: 33413K (65%)
ptolemy.util.test.WatchDog.cancel(): canceling Sun Aug 02 15:15:29 UTC 2020
auto.tcl: Setting watchdog for 200 seconds at Sun Aug 02 15:15:29 UTC 2020
1 ms. Memory: 51200K Free: 32931K (64%)
ptolemy.util.test.WatchDog.cancel(): canceling Sun Aug 02 15:15:29 UTC 2020
------------------ testing $PTII/ptolemy/domains/de/test/auto/DepthTest2.xml
auto.tcl: Setting watchdog for 200 seconds at Sun Aug 02 15:15:29 UTC 2020
3 ms. Memory: 51200K Free: 30162K (59%)
ptolemy.util.test.WatchDog.cancel(): canceling Sun Aug 02 15:15:29 UTC 2020
auto.tcl: Setting watchdog for 200 seconds at Sun Aug 02 15:15:29 UTC 2020
3 ms. Memory: 51200K Free: 29723K (58%)
ptolemy.util.test.WatchDog.cancel(): canceling Sun Aug 02 15:15:29 UTC 2020
------------------ testing $PTII/ptolemy/domains/de/test/auto/DepthTest3.xml
auto.tcl: Setting watchdog for 200 seconds at Sun Aug 02 15:15:29 UTC 2020
1 ms. Memory: 51200K Free: 33736K (66%)
ptolemy.util.test.WatchDog.cancel(): canceling Sun Aug 02 15:15:29 UTC 2020
auto.tcl: Setting watchdog for 200 seconds at Sun Aug 02 15:15:29 UTC 2020
1 ms. Memory: 51200K Free: 33255K (65%)
ptolemy.util.test.WatchDog.cancel(): canceling Sun Aug 02 15:15:29 UTC 2020
------------------ testing $PTII/ptolemy/domains/de/test/auto/DepthTest4.xml
auto.tcl: Setting watchdog for 200 seconds at Sun Aug 02 15:15:29 UTC 2020
3 ms. Memory: 51200K Free: 31967K (62%)
ptolemy.util.test.WatchDog.cancel(): canceling Sun Aug 02 15:15:29 UTC 2020
auto.tcl: Setting watchdog for 200 seconds at Sun Aug 02 15:15:29 UTC 2020
1 ms. Memory: 51200K Free: 31279K (61%)
ptolemy.util.test.WatchDog.cancel(): canceling Sun Aug 02 15:15:29 UTC 2020
------------------ testing $PTII/ptolemy/domains/de/test/auto/DepthTest5.xml
auto.tcl: Setting watchdog for 200 seconds at Sun Aug 02 15:15:29 UTC 2020
5 ms. Memory: 51200K Free: 31422K (61%)
ptolemy.util.test.WatchDog.cancel(): canceling Sun Aug 02 15:15:29 UTC 2020
auto.tcl: Setting watchdog for 200 seconds at Sun Aug 02 15:15:29 UTC 2020
3 ms. Memory: 51200K Free: 30686K (60%)
ptolemy.util.test.WatchDog.cancel(): canceling Sun Aug 02 15:15:29 UTC 2020
------------------ testing $PTII/ptolemy/domains/de/test/auto/DepthTest6.xml
auto.tcl: Setting watchdog for 200 seconds at Sun Aug 02 15:15:29 UTC 2020
2 ms. Memory: 51200K Free: 31124K (61%)
ptolemy.util.test.WatchDog.cancel(): canceling Sun Aug 02 15:15:29 UTC 2020
auto.tcl: Setting watchdog for 200 seconds at Sun Aug 02 15:15:29 UTC 2020
2 ms. Memory: 51200K Free: 30675K (60%)
ptolemy.util.test.WatchDog.cancel(): canceling Sun Aug 02 15:15:29 UTC 2020
------------------ testing $PTII/ptolemy/domains/de/test/auto/DepthTest7.xml
auto.tcl: Setting watchdog for 200 seconds at Sun Aug 02 15:15:29 UTC 2020
2 ms. Memory: 51200K Free: 31417K (61%)
ptolemy.util.test.WatchDog.cancel(): canceling Sun Aug 02 15:15:29 UTC 2020
auto.tcl: Setting watchdog for 200 seconds at Sun Aug 02 15:15:29 UTC 2020
2 ms. Memory: 51200K Free: 30952K (60%)
ptolemy.util.test.WatchDog.cancel(): canceling Sun Aug 02 15:15:29 UTC 2020
------------------ testing $PTII/ptolemy/domains/de/test/auto/EventToDate.xml
auto.tcl: Setting watchdog for 200 seconds at Sun Aug 02 15:15:29 UTC 2020
3009 ms. Memory: 51200K Free: 22699K (44%)
ptolemy.util.test.WatchDog.cancel(): canceling Sun Aug 02 15:15:33 UTC 2020
auto.tcl: Setting watchdog for 200 seconds at Sun Aug 02 15:15:33 UTC 2020
3004 ms. Memory: 51200K Free: 22039K (43%)
ptolemy.util.test.WatchDog.cancel(): canceling Sun Aug 02 15:15:36 UTC 2020
------------------ testing $PTII/ptolemy/domains/de/test/auto/FSM1.xml
auto.tcl: Setting watchdog for 200 seconds at Sun Aug 02 15:15:36 UTC 2020
25 ms. Memory: 51200K Free: 23427K (46%)
ptolemy.util.test.WatchDog.cancel(): canceling Sun Aug 02 15:15:36 UTC 2020
auto.tcl: Setting watchdog for 200 seconds at Sun Aug 02 15:15:36 UTC 2020
15 ms. Memory: 51200K Free: 20218K (39%)
ptolemy.util.test.WatchDog.cancel(): canceling Sun Aug 02 15:15:36 UTC 2020
------------------ testing $PTII/ptolemy/domains/de/test/auto/FSM7.xml
auto.tcl: Setting watchdog for 200 seconds at Sun Aug 02 15:15:36 UTC 2020
13 ms. Memory: 51200K Free: 23849K (47%)
ptolemy.util.test.WatchDog.cancel(): canceling Sun Aug 02 15:15:36 UTC 2020
auto.tcl: Setting watchdog for 200 seconds at Sun Aug 02 15:15:36 UTC 2020
18 ms. Memory: 51200K Free: 20885K (41%)
ptolemy.util.test.WatchDog.cancel(): canceling Sun Aug 02 15:15:36 UTC 2020
------------------ testing $PTII/ptolemy/domains/de/test/auto/Inspection.xml
auto.tcl: Setting watchdog for 200 seconds at Sun Aug 02 15:15:36 UTC 2020
21 ms. Memory: 51200K Free: 23614K (46%)
ptolemy.util.test.WatchDog.cancel(): canceling Sun Aug 02 15:15:36 UTC 2020
auto.tcl: Setting watchdog for 200 seconds at Sun Aug 02 15:15:36 UTC 2020
23 ms. Memory: 51200K Free: 21937K (43%)
ptolemy.util.test.WatchDog.cancel(): canceling Sun Aug 02 15:15:36 UTC 2020
------------------ testing $PTII/ptolemy/domains/de/test/auto/Iteration.xml
auto.tcl: Setting watchdog for 200 seconds at Sun Aug 02 15:15:36 UTC 2020
7 ms. Memory: 51200K Free: 29682K (58%)
ptolemy.util.test.WatchDog.cancel(): canceling Sun Aug 02 15:15:36 UTC 2020
auto.tcl: Setting watchdog for 200 seconds at Sun Aug 02 15:15:36 UTC 2020
7 ms. Memory: 51200K Free: 28427K (56%)
ptolemy.util.test.WatchDog.cancel(): canceling Sun Aug 02 15:15:36 UTC 2020
------------------ testing $PTII/ptolemy/domains/de/test/auto/LineFault.xml
auto.tcl: Setting watchdog for 200 seconds at Sun Aug 02 15:15:36 UTC 2020
580 ms. Memory: 51200K Free: 13266K (26%)
ptolemy.util.test.WatchDog.cancel(): canceling Sun Aug 02 15:15:37 UTC 2020
auto.tcl: Setting watchdog for 200 seconds at Sun Aug 02 15:15:37 UTC 2020
469 ms. Memory: 63488K Free: 39065K (62%)
ptolemy.util.test.WatchDog.cancel(): canceling Sun Aug 02 15:15:37 UTC 2020
------------------ testing $PTII/ptolemy/domains/de/test/auto/MergeModel1Add.xml
auto.tcl: Setting watchdog for 200 seconds at Sun Aug 02 15:15:37 UTC 2020
17 ms. Memory: 58368K Free: 22291K (38%)
ptolemy.util.test.WatchDog.cancel(): canceling Sun Aug 02 15:15:37 UTC 2020
auto.tcl: Setting watchdog for 200 seconds at Sun Aug 02 15:15:37 UTC 2020
11 ms. Memory: 58368K Free: 20815K (36%)
ptolemy.util.test.WatchDog.cancel(): canceling Sun Aug 02 15:15:37 UTC 2020
------------------ testing $PTII/ptolemy/domains/de/test/auto/MergeModel2Add.xml
auto.tcl: Setting watchdog for 200 seconds at Sun Aug 02 15:15:37 UTC 2020
8 ms. Memory: 55296K Free: 22109K (40%)
ptolemy.util.test.WatchDog.cancel(): canceling Sun Aug 02 15:15:37 UTC 2020
auto.tcl: Setting watchdog for 200 seconds at Sun Aug 02 15:15:37 UTC 2020
6 ms. Memory: 55296K Free: 20659K (37%)
ptolemy.util.test.WatchDog.cancel(): canceling Sun Aug 02 15:15:37 UTC 2020
------------------ testing $PTII/ptolemy/domains/de/test/auto/MergeModel3Add.xml
auto.tcl: Setting watchdog for 200 seconds at Sun Aug 02 15:15:38 UTC 2020
6 ms. Memory: 55296K Free: 21860K (40%)
ptolemy.util.test.WatchDog.cancel(): canceling Sun Aug 02 15:15:38 UTC 2020
auto.tcl: Setting watchdog for 200 seconds at Sun Aug 02 15:15:38 UTC 2020
6 ms. Memory: 55296K Free: 20213K (37%)
ptolemy.util.test.WatchDog.cancel(): canceling Sun Aug 02 15:15:38 UTC 2020
------------------ testing $PTII/ptolemy/domains/de/test/auto/MergeWithoutDiscard.xml
auto.tcl: Setting watchdog for 200 seconds at Sun Aug 02 15:15:38 UTC 2020
1 ms. Memory: 55296K Free: 35930K (65%)
ptolemy.util.test.WatchDog.cancel(): canceling Sun Aug 02 15:15:38 UTC 2020
auto.tcl: Setting watchdog for 200 seconds at Sun Aug 02 15:15:38 UTC 2020
1 ms. Memory: 55296K Free: 35491K (64%)
ptolemy.util.test.WatchDog.cancel(): canceling Sun Aug 02 15:15:38 UTC 2020
------------------ testing $PTII/ptolemy/domains/de/test/auto/Modal1.xml
auto.tcl: Setting watchdog for 200 seconds at Sun Aug 02 15:15:38 UTC 2020
11 ms. Memory: 51200K Free: 24226K (47%)
ptolemy.util.test.WatchDog.cancel(): canceling Sun Aug 02 15:15:38 UTC 2020
auto.tcl: Setting watchdog for 200 seconds at Sun Aug 02 15:15:38 UTC 2020
12 ms. Memory: 51200K Free: 20957K (41%)
ptolemy.util.test.WatchDog.cancel(): canceling Sun Aug 02 15:15:38 UTC 2020
------------------ testing $PTII/ptolemy/domains/de/test/auto/Modal2.xml
auto.tcl: Setting watchdog for 200 seconds at Sun Aug 02 15:15:38 UTC 2020
20 ms. Memory: 51200K Free: 23849K (47%)
ptolemy.util.test.WatchDog.cancel(): canceling Sun Aug 02 15:15:38 UTC 2020
auto.tcl: Setting watchdog for 200 seconds at Sun Aug 02 15:15:38 UTC 2020
12 ms. Memory: 51200K Free: 20845K (41%)
ptolemy.util.test.WatchDog.cancel(): canceling Sun Aug 02 15:15:38 UTC 2020
------------------ testing $PTII/ptolemy/domains/de/test/auto/Modal3.xml
auto.tcl: Setting watchdog for 200 seconds at Sun Aug 02 15:15:38 UTC 2020
14 ms. Memory: 51200K Free: 23610K (46%)
ptolemy.util.test.WatchDog.cancel(): canceling Sun Aug 02 15:15:38 UTC 2020
auto.tcl: Setting watchdog for 200 seconds at Sun Aug 02 15:15:38 UTC 2020
8 ms. Memory: 51200K Free: 20484K (40%)
ptolemy.util.test.WatchDog.cancel(): canceling Sun Aug 02 15:15:38 UTC 2020
------------------ testing $PTII/ptolemy/domains/de/test/auto/Modal4.xml
auto.tcl: Setting watchdog for 200 seconds at Sun Aug 02 15:15:38 UTC 2020
23 ms. Memory: 51200K Free: 23066K (45%)
ptolemy.util.test.WatchDog.cancel(): canceling Sun Aug 02 15:15:38 UTC 2020
auto.tcl: Setting watchdog for 200 seconds at Sun Aug 02 15:15:38 UTC 2020
26 ms. Memory: 51200K Free: 19226K (38%)
ptolemy.util.test.WatchDog.cancel(): canceling Sun Aug 02 15:15:38 UTC 2020
------------------ testing $PTII/ptolemy/domains/de/test/auto/Modal5.xml
auto.tcl: Setting watchdog for 200 seconds at Sun Aug 02 15:15:38 UTC 2020
11 ms. Memory: 51200K Free: 23031K (45%)
ptolemy.util.test.WatchDog.cancel(): canceling Sun Aug 02 15:15:38 UTC 2020
auto.tcl: Setting watchdog for 200 seconds at Sun Aug 02 15:15:38 UTC 2020
13 ms. Memory: 51200K Free: 19212K (38%)
ptolemy.util.test.WatchDog.cancel(): canceling Sun Aug 02 15:15:38 UTC 2020
------------------ testing $PTII/ptolemy/domains/de/test/auto/Modal6.xml
auto.tcl: Setting watchdog for 200 seconds at Sun Aug 02 15:15:38 UTC 2020
11 ms. Memory: 51200K Free: 24045K (47%)
ptolemy.util.test.WatchDog.cancel(): canceling Sun Aug 02 15:15:38 UTC 2020
auto.tcl: Setting watchdog for 200 seconds at Sun Aug 02 15:15:38 UTC 2020
13 ms. Memory: 51200K Free: 19837K (39%)
ptolemy.util.test.WatchDog.cancel(): canceling Sun Aug 02 15:15:38 UTC 2020
------------------ testing $PTII/ptolemy/domains/de/test/auto/Modal7.xml
auto.tcl: Setting watchdog for 200 seconds at Sun Aug 02 15:15:38 UTC 2020
9 ms. Memory: 51200K Free: 22792K (45%)
ptolemy.util.test.WatchDog.cancel(): canceling Sun Aug 02 15:15:38 UTC 2020
auto.tcl: Setting watchdog for 200 seconds at Sun Aug 02 15:15:38 UTC 2020
9 ms. Memory: 51200K Free: 19443K (38%)
ptolemy.util.test.WatchDog.cancel(): canceling Sun Aug 02 15:15:38 UTC 2020
------------------ testing $PTII/ptolemy/domains/de/test/auto/ModalModel.xml
auto.tcl: Setting watchdog for 200 seconds at Sun Aug 02 15:15:38 UTC 2020
217 ms. Memory: 51200K Free: 14836K (29%)
ptolemy.util.test.WatchDog.cancel(): canceling Sun Aug 02 15:15:39 UTC 2020
auto.tcl: Setting watchdog for 200 seconds at Sun Aug 02 15:15:39 UTC 2020
202 ms. Memory: 71680K Free: 27114K (38%)
ptolemy.util.test.WatchDog.cancel(): canceling Sun Aug 02 15:15:39 UTC 2020
------------------ testing $PTII/ptolemy/domains/de/test/auto/ModalSource.xml
auto.tcl: Setting watchdog for 200 seconds at Sun Aug 02 15:15:39 UTC 2020
5 ms. Memory: 51200K Free: 27886K (54%)
ptolemy.util.test.WatchDog.cancel(): canceling Sun Aug 02 15:15:39 UTC 2020
auto.tcl: Setting watchdog for 200 seconds at Sun Aug 02 15:15:39 UTC 2020
6 ms. Memory: 51200K Free: 25983K (51%)
ptolemy.util.test.WatchDog.cancel(): canceling Sun Aug 02 15:15:39 UTC 2020
------------------ testing $PTII/ptolemy/domains/de/test/auto/NonInterruptibleTimerZeroDelay.xml
auto.tcl: Setting watchdog for 200 seconds at Sun Aug 02 15:15:39 UTC 2020
3 ms. Memory: 51200K Free: 33086K (65%)
ptolemy.util.test.WatchDog.cancel(): canceling Sun Aug 02 15:15:39 UTC 2020
auto.tcl: Setting watchdog for 200 seconds at Sun Aug 02 15:15:39 UTC 2020
2 ms. Memory: 51200K Free: 32189K (63%)
ptolemy.util.test.WatchDog.cancel(): canceling Sun Aug 02 15:15:39 UTC 2020
------------------ testing $PTII/ptolemy/domains/de/test/auto/OpenQueueingNetwork.xml
auto.tcl: Setting watchdog for 200 seconds at Sun Aug 02 15:15:39 UTC 2020
2725 ms. Memory: 134144K Free: 70847K (53%)
ptolemy.util.test.WatchDog.cancel(): canceling Sun Aug 02 15:15:42 UTC 2020
auto.tcl: Setting watchdog for 200 seconds at Sun Aug 02 15:15:42 UTC 2020
2221 ms. Memory: 161792K Free: 103580K (64%)
ptolemy.util.test.WatchDog.cancel(): canceling Sun Aug 02 15:15:44 UTC 2020
------------------ testing $PTII/ptolemy/domains/de/test/auto/OpenQueuingNetwork.xml
auto.tcl: Setting watchdog for 200 seconds at Sun Aug 02 15:15:44 UTC 2020
217 ms. Memory: 55296K Free: 22836K (41%)
ptolemy.util.test.WatchDog.cancel(): canceling Sun Aug 02 15:15:44 UTC 2020
auto.tcl: Setting watchdog for 200 seconds at Sun Aug 02 15:15:44 UTC 2020
206 ms. Memory: 55296K Free: 31426K (57%)
ptolemy.util.test.WatchDog.cancel(): canceling Sun Aug 02 15:15:45 UTC 2020
------------------ testing $PTII/ptolemy/domains/de/test/auto/PeriodicSampler.xml
auto.tcl: Setting watchdog for 200 seconds at Sun Aug 02 15:15:45 UTC 2020
3 ms. Memory: 51200K Free: 32018K (63%)
ptolemy.util.test.WatchDog.cancel(): canceling Sun Aug 02 15:15:45 UTC 2020
auto.tcl: Setting watchdog for 200 seconds at Sun Aug 02 15:15:45 UTC 2020
3 ms. Memory: 51200K Free: 31495K (62%)
ptolemy.util.test.WatchDog.cancel(): canceling Sun Aug 02 15:15:45 UTC 2020
------------------ testing $PTII/ptolemy/domains/de/test/auto/PersistentIO.xml
auto.tcl: Setting watchdog for 200 seconds at Sun Aug 02 15:15:45 UTC 2020
5 ms. Memory: 51200K Free: 26943K (53%)
ptolemy.util.test.WatchDog.cancel(): canceling Sun Aug 02 15:15:45 UTC 2020
auto.tcl: Setting watchdog for 200 seconds at Sun Aug 02 15:15:45 UTC 2020
4 ms. Memory: 51200K Free: 25449K (50%)
ptolemy.util.test.WatchDog.cancel(): canceling Sun Aug 02 15:15:45 UTC 2020
------------------ testing $PTII/ptolemy/domains/de/test/auto/PortParameterResetOnInitialize.xml
auto.tcl: Setting watchdog for 200 seconds at Sun Aug 02 15:15:45 UTC 2020
8 ms. Memory: 51200K Free: 31910K (62%)
ptolemy.util.test.WatchDog.cancel(): canceling Sun Aug 02 15:15:45 UTC 2020
auto.tcl: Setting watchdog for 200 seconds at Sun Aug 02 15:15:45 UTC 2020
1 ms. Memory: 51200K Free: 31430K (61%)
ptolemy.util.test.WatchDog.cancel(): canceling Sun Aug 02 15:15:45 UTC 2020
------------------ testing $PTII/ptolemy/domains/de/test/auto/PortParameterUpdates.xml
auto.tcl: Setting watchdog for 200 seconds at Sun Aug 02 15:15:45 UTC 2020
5 ms. Memory: 51200K Free: 30024K (59%)
ptolemy.util.test.WatchDog.cancel(): canceling Sun Aug 02 15:15:45 UTC 2020
auto.tcl: Setting watchdog for 200 seconds at Sun Aug 02 15:15:45 UTC 2020
3 ms. Memory: 51200K Free: 29029K (57%)
ptolemy.util.test.WatchDog.cancel(): canceling Sun Aug 02 15:15:45 UTC 2020
------------------ testing $PTII/ptolemy/domains/de/test/auto/QueueAndServer.xml
auto.tcl: Setting watchdog for 200 seconds at Sun Aug 02 15:15:45 UTC 2020
12 ms. Memory: 51200K Free: 29190K (57%)
ptolemy.util.test.WatchDog.cancel(): canceling Sun Aug 02 15:15:45 UTC 2020
auto.tcl: Setting watchdog for 200 seconds at Sun Aug 02 15:15:45 UTC 2020
6 ms. Memory: 51200K Free: 27940K (55%)
ptolemy.util.test.WatchDog.cancel(): canceling Sun Aug 02 15:15:45 UTC 2020
------------------ testing $PTII/ptolemy/domains/de/test/auto/Records.xml
auto.tcl: Setting watchdog for 200 seconds at Sun Aug 02 15:15:45 UTC 2020
4 ms. Memory: 51200K Free: 31181K (61%)
ptolemy.util.test.WatchDog.cancel(): canceling Sun Aug 02 15:15:45 UTC 2020
auto.tcl: Setting watchdog for 200 seconds at Sun Aug 02 15:15:45 UTC 2020
2 ms. Memory: 51200K Free: 30682K (60%)
ptolemy.util.test.WatchDog.cancel(): canceling Sun Aug 02 15:15:45 UTC 2020
------------------ testing $PTII/ptolemy/domains/de/test/auto/ResetTransitionWithStartTime1.xml
auto.tcl: Setting watchdog for 200 seconds at Sun Aug 02 15:15:45 UTC 2020
12 ms. Memory: 51200K Free: 28427K (56%)
ptolemy.util.test.WatchDog.cancel(): canceling Sun Aug 02 15:15:45 UTC 2020
auto.tcl: Setting watchdog for 200 seconds at Sun Aug 02 15:15:45 UTC 2020
8 ms. Memory: 51200K Free: 25864K (51%)
ptolemy.util.test.WatchDog.cancel(): canceling Sun Aug 02 15:15:45 UTC 2020
------------------ testing $PTII/ptolemy/domains/de/test/auto/ResetTransitionWithStartTime2.xml
auto.tcl: Setting watchdog for 200 seconds at Sun Aug 02 15:15:45 UTC 2020
5 ms. Memory: 51200K Free: 28464K (56%)
ptolemy.util.test.WatchDog.cancel(): canceling Sun Aug 02 15:15:45 UTC 2020
auto.tcl: Setting watchdog for 200 seconds at Sun Aug 02 15:15:45 UTC 2020
5 ms. Memory: 51200K Free: 26390K (52%)
ptolemy.util.test.WatchDog.cancel(): canceling Sun Aug 02 15:15:45 UTC 2020
------------------ testing $PTII/ptolemy/domains/de/test/auto/ResetTransitionWithStartTime3.xml
auto.tcl: Setting watchdog for 200 seconds at Sun Aug 02 15:15:45 UTC 2020
5 ms. Memory: 51200K Free: 28381K (55%)
ptolemy.util.test.WatchDog.cancel(): canceling Sun Aug 02 15:15:45 UTC 2020
auto.tcl: Setting watchdog for 200 seconds at Sun Aug 02 15:15:45 UTC 2020
5 ms. Memory: 51200K Free: 25834K (50%)
ptolemy.util.test.WatchDog.cancel(): canceling Sun Aug 02 15:15:45 UTC 2020
------------------ testing $PTII/ptolemy/domains/de/test/auto/ResetTransitionWithStartTime4.xml
auto.tcl: Setting watchdog for 200 seconds at Sun Aug 02 15:15:45 UTC 2020
7 ms. Memory: 51200K Free: 28799K (56%)
ptolemy.util.test.WatchDog.cancel(): canceling Sun Aug 02 15:15:45 UTC 2020
auto.tcl: Setting watchdog for 200 seconds at Sun Aug 02 15:15:45 UTC 2020
4 ms. Memory: 51200K Free: 27382K (53%)
ptolemy.util.test.WatchDog.cancel(): canceling Sun Aug 02 15:15:45 UTC 2020
------------------ testing $PTII/ptolemy/domains/de/test/auto/ResettableTimer1.xml
auto.tcl: Setting watchdog for 200 seconds at Sun Aug 02 15:15:45 UTC 2020
2 ms. Memory: 51200K Free: 32542K (64%)
ptolemy.util.test.WatchDog.cancel(): canceling Sun Aug 02 15:15:45 UTC 2020
auto.tcl: Setting watchdog for 200 seconds at Sun Aug 02 15:15:45 UTC 2020
2 ms. Memory: 51200K Free: 31944K (62%)
ptolemy.util.test.WatchDog.cancel(): canceling Sun Aug 02 15:15:45 UTC 2020
------------------ testing $PTII/ptolemy/domains/de/test/auto/ResettableTimer2.xml
auto.tcl: Setting watchdog for 200 seconds at Sun Aug 02 15:15:45 UTC 2020
3 ms. Memory: 51200K Free: 32630K (64%)
ptolemy.util.test.WatchDog.cancel(): canceling Sun Aug 02 15:15:45 UTC 2020
auto.tcl: Setting watchdog for 200 seconds at Sun Aug 02 15:15:45 UTC 2020
2 ms. Memory: 51200K Free: 32000K (63%)
ptolemy.util.test.WatchDog.cancel(): canceling Sun Aug 02 15:15:45 UTC 2020
------------------ testing $PTII/ptolemy/domains/de/test/auto/ResettableTimer3.xml
auto.tcl: Setting watchdog for 200 seconds at Sun Aug 02 15:15:45 UTC 2020
2 ms. Memory: 51200K Free: 33024K (65%)
ptolemy.util.test.WatchDog.cancel(): canceling Sun Aug 02 15:15:46 UTC 2020
auto.tcl: Setting watchdog for 200 seconds at Sun Aug 02 15:15:46 UTC 2020
1 ms. Memory: 51200K Free: 32541K (64%)
ptolemy.util.test.WatchDog.cancel(): canceling Sun Aug 02 15:15:46 UTC 2020
------------------ testing $PTII/ptolemy/domains/de/test/auto/ResettableTimer4.xml
auto.tcl: Setting watchdog for 200 seconds at Sun Aug 02 15:15:46 UTC 2020
1 ms. Memory: 51200K Free: 32555K (64%)
ptolemy.util.test.WatchDog.cancel(): canceling Sun Aug 02 15:15:46 UTC 2020
auto.tcl: Setting watchdog for 200 seconds at Sun Aug 02 15:15:46 UTC 2020
1 ms. Memory: 51200K Free: 32555K (64%)
ptolemy.util.test.WatchDog.cancel(): canceling Sun Aug 02 15:15:46 UTC 2020
------------------ testing $PTII/ptolemy/domains/de/test/auto/ResettableTimer5.xml
auto.tcl: Setting watchdog for 200 seconds at Sun Aug 02 15:15:46 UTC 2020
2 ms. Memory: 51200K Free: 32526K (64%)
ptolemy.util.test.WatchDog.cancel(): canceling Sun Aug 02 15:15:46 UTC 2020
auto.tcl: Setting watchdog for 200 seconds at Sun Aug 02 15:15:46 UTC 2020
1 ms. Memory: 51200K Free: 32041K (63%)
ptolemy.util.test.WatchDog.cancel(): canceling Sun Aug 02 15:15:46 UTC 2020
------------------ testing $PTII/ptolemy/domains/de/test/auto/ResettableTimer6.xml
auto.tcl: Setting watchdog for 200 seconds at Sun Aug 02 15:15:46 UTC 2020
1 ms. Memory: 51200K Free: 31972K (62%)
ptolemy.util.test.WatchDog.cancel(): canceling Sun Aug 02 15:15:46 UTC 2020
auto.tcl: Setting watchdog for 200 seconds at Sun Aug 02 15:15:46 UTC 2020
1 ms. Memory: 51200K Free: 31492K (62%)
ptolemy.util.test.WatchDog.cancel(): canceling Sun Aug 02 15:15:46 UTC 2020
------------------ testing $PTII/ptolemy/domains/de/test/auto/ServerZeroDelay.xml
auto.tcl: Setting watchdog for 200 seconds at Sun Aug 02 15:15:46 UTC 2020
2 ms. Memory: 51200K Free: 32507K (63%)
ptolemy.util.test.WatchDog.cancel(): canceling Sun Aug 02 15:15:46 UTC 2020
auto.tcl: Setting watchdog for 200 seconds at Sun Aug 02 15:15:46 UTC 2020
3 ms. Memory: 51200K Free: 31499K (62%)
ptolemy.util.test.WatchDog.cancel(): canceling Sun Aug 02 15:15:46 UTC 2020
------------------ testing $PTII/ptolemy/domains/de/test/auto/SmartSender.xml
auto.tcl: Setting watchdog for 200 seconds at Sun Aug 02 15:15:46 UTC 2020
3001 ms. Memory: 51200K Free: 32529K (64%)
ptolemy.util.test.WatchDog.cancel(): canceling Sun Aug 02 15:15:49 UTC 2020
auto.tcl: Setting watchdog for 200 seconds at Sun Aug 02 15:15:49 UTC 2020
3003 ms. Memory: 51200K Free: 32017K (63%)
ptolemy.util.test.WatchDog.cancel(): canceling Sun Aug 02 15:15:52 UTC 2020
------------------ testing $PTII/ptolemy/domains/de/test/auto/ThreadedComposite.xml
auto.tcl: Setting watchdog for 200 seconds at Sun Aug 02 15:15:52 UTC 2020
205 ms. Memory: 51200K Free: 13570K (27%)
ptolemy.util.test.WatchDog.cancel(): canceling Sun Aug 02 15:15:52 UTC 2020
auto.tcl: Setting watchdog for 200 seconds at Sun Aug 02 15:15:52 UTC 2020
433 ms. Memory: 51200K Free: 33519K (65%)
ptolemy.util.test.WatchDog.cancel(): canceling Sun Aug 02 15:15:53 UTC 2020
------------------ testing $PTII/ptolemy/domains/de/test/auto/Time.xml
auto.tcl: Setting watchdog for 200 seconds at Sun Aug 02 15:15:53 UTC 2020
440 ms. Memory: 51200K Free: 35270K (69%)
ptolemy.util.test.WatchDog.cancel(): canceling Sun Aug 02 15:15:53 UTC 2020
auto.tcl: Setting watchdog for 200 seconds at Sun Aug 02 15:15:53 UTC 2020
382 ms. Memory: 64512K Free: 26069K (40%)
ptolemy.util.test.WatchDog.cancel(): canceling Sun Aug 02 15:15:53 UTC 2020
------------------ testing $PTII/ptolemy/domains/de/test/auto/TimeDelayZeroDelay.xml
auto.tcl: Setting watchdog for 200 seconds at Sun Aug 02 15:15:53 UTC 2020
2 ms. Memory: 51200K Free: 32433K (63%)
ptolemy.util.test.WatchDog.cancel(): canceling Sun Aug 02 15:15:53 UTC 2020
auto.tcl: Setting watchdog for 200 seconds at Sun Aug 02 15:15:53 UTC 2020
2 ms. Memory: 51200K Free: 31570K (62%)
ptolemy.util.test.WatchDog.cancel(): canceling Sun Aug 02 15:15:53 UTC 2020
------------------ testing $PTII/ptolemy/domains/de/test/auto/TimerZeroDelay.xml
auto.tcl: Setting watchdog for 200 seconds at Sun Aug 02 15:15:53 UTC 2020
2 ms. Memory: 51200K Free: 32903K (64%)
ptolemy.util.test.WatchDog.cancel(): canceling Sun Aug 02 15:15:54 UTC 2020
auto.tcl: Setting watchdog for 200 seconds at Sun Aug 02 15:15:54 UTC 2020
1 ms. Memory: 51200K Free: 32476K (63%)
ptolemy.util.test.WatchDog.cancel(): canceling Sun Aug 02 15:15:54 UTC 2020
------------------ testing $PTII/ptolemy/domains/de/test/auto/TimingParadox.xml
auto.tcl: Setting watchdog for 200 seconds at Sun Aug 02 15:15:54 UTC 2020
271 ms. Memory: 51200K Free: 20619K (40%)
ptolemy.util.test.WatchDog.cancel(): canceling Sun Aug 02 15:15:54 UTC 2020
auto.tcl: Setting watchdog for 200 seconds at Sun Aug 02 15:15:54 UTC 2020
282 ms. Memory: 51200K Free: 11925K (23%)
ptolemy.util.test.WatchDog.cancel(): canceling Sun Aug 02 15:15:54 UTC 2020
------------------ testing $PTII/ptolemy/domains/de/test/auto/TransferInputs.xml
auto.tcl: Setting watchdog for 200 seconds at Sun Aug 02 15:15:54 UTC 2020
1 ms. Memory: 51200K Free: 30951K (60%)
ptolemy.util.test.WatchDog.cancel(): canceling Sun Aug 02 15:15:54 UTC 2020
auto.tcl: Setting watchdog for 200 seconds at Sun Aug 02 15:15:54 UTC 2020
1 ms. Memory: 51200K Free: 30043K (59%)
ptolemy.util.test.WatchDog.cancel(): canceling Sun Aug 02 15:15:54 UTC 2020
------------------ testing $PTII/ptolemy/domains/de/test/auto/TransferOutputs2.xml
auto.tcl: Setting watchdog for 200 seconds at Sun Aug 02 15:15:54 UTC 2020
3 ms. Memory: 51200K Free: 28383K (55%)
ptolemy.util.test.WatchDog.cancel(): canceling Sun Aug 02 15:15:54 UTC 2020
auto.tcl: Setting watchdog for 200 seconds at Sun Aug 02 15:15:54 UTC 2020
2 ms. Memory: 51200K Free: 26926K (53%)
ptolemy.util.test.WatchDog.cancel(): canceling Sun Aug 02 15:15:54 UTC 2020
------------------ testing $PTII/ptolemy/domains/de/test/auto/Trilateration.xml
auto.tcl: Setting watchdog for 200 seconds at Sun Aug 02 15:15:54 UTC 2020
11217 ms. Memory: 556032K Free: 463914K (83%)
ptolemy.util.test.WatchDog.cancel(): canceling Sun Aug 02 15:16:07 UTC 2020
auto.tcl: Setting watchdog for 200 seconds at Sun Aug 02 15:16:07 UTC 2020
8529 ms. Memory: 556032K Free: 464058K (83%)
ptolemy.util.test.WatchDog.cancel(): canceling Sun Aug 02 15:16:15 UTC 2020
------------------ testing $PTII/ptolemy/domains/de/test/auto/TwoSigmaDelta.xml
auto.tcl: Setting watchdog for 200 seconds at Sun Aug 02 15:16:15 UTC 2020
2268 ms. Memory: 92160K Free: 28039K (30%)
ptolemy.util.test.WatchDog.cancel(): canceling Sun Aug 02 15:16:18 UTC 2020
auto.tcl: Setting watchdog for 200 seconds at Sun Aug 02 15:16:18 UTC 2020
1793 ms. Memory: 92160K Free: 33187K (36%)
ptolemy.util.test.WatchDog.cancel(): canceling Sun Aug 02 15:16:19 UTC 2020
------------------ testing $PTII/ptolemy/domains/de/test/auto/VariableDelay.xml
auto.tcl: Setting watchdog for 200 seconds at Sun Aug 02 15:16:19 UTC 2020
2 ms. Memory: 51200K Free: 31434K (61%)
ptolemy.util.test.WatchDog.cancel(): canceling Sun Aug 02 15:16:19 UTC 2020
auto.tcl: Setting watchdog for 200 seconds at Sun Aug 02 15:16:19 UTC 2020
2 ms. Memory: 51200K Free: 30394K (59%)
ptolemy.util.test.WatchDog.cancel(): canceling Sun Aug 02 15:16:19 UTC 2020
------------------ testing $PTII/ptolemy/domains/de/test/auto/VariableDelay2.xml
auto.tcl: Setting watchdog for 200 seconds at Sun Aug 02 15:16:19 UTC 2020
7 ms. Memory: 51200K Free: 32361K (63%)
ptolemy.util.test.WatchDog.cancel(): canceling Sun Aug 02 15:16:19 UTC 2020
auto.tcl: Setting watchdog for 200 seconds at Sun Aug 02 15:16:19 UTC 2020
1 ms. Memory: 51200K Free: 31337K (61%)
ptolemy.util.test.WatchDog.cancel(): canceling Sun Aug 02 15:16:19 UTC 2020
------------------ testing $PTII/ptolemy/domains/de/test/auto/VariableDelayZeroDelay.xml
auto.tcl: Setting watchdog for 200 seconds at Sun Aug 02 15:16:20 UTC 2020
2 ms. Memory: 51200K Free: 32360K (63%)
ptolemy.util.test.WatchDog.cancel(): canceling Sun Aug 02 15:16:20 UTC 2020
auto.tcl: Setting watchdog for 200 seconds at Sun Aug 02 15:16:20 UTC 2020
2 ms. Memory: 51200K Free: 31840K (62%)
ptolemy.util.test.WatchDog.cancel(): canceling Sun Aug 02 15:16:20 UTC 2020
------------------ testing $PTII/ptolemy/domains/de/test/auto/VariableDelayZeroDelay2.xml
auto.tcl: Setting watchdog for 200 seconds at Sun Aug 02 15:16:20 UTC 2020
2 ms. Memory: 51200K Free: 32359K (63%)
ptolemy.util.test.WatchDog.cancel(): canceling Sun Aug 02 15:16:20 UTC 2020
auto.tcl: Setting watchdog for 200 seconds at Sun Aug 02 15:16:20 UTC 2020
2 ms. Memory: 51200K Free: 31335K (61%)
ptolemy.util.test.WatchDog.cancel(): canceling Sun Aug 02 15:16:20 UTC 2020
------------------ testing $PTII/ptolemy/domains/de/test/auto/deInCt.xml
auto.tcl: Setting watchdog for 200 seconds at Sun Aug 02 15:16:20 UTC 2020
0
1
1
1
0
0
0
1
1
0
0
1
1
1
0
0
0
1
1
1
0
0
0
1
1
1
1
1
1
0
0
0
1
1
1
1
1
16 ms. Memory: 51200K Free: 31332K (61%)
ptolemy.util.test.WatchDog.cancel(): canceling Sun Aug 02 15:16:20 UTC 2020
auto.tcl: Setting watchdog for 200 seconds at Sun Aug 02 15:16:20 UTC 2020
0
1
1
1
0
0
0
0
1
1
1
1
0
0
0
0
1
1
1
0
0
0
1
1
0
0
1
1
1
1
0
0
0
0
1
1
1
0
0
0
1
1
1
1
9 ms. Memory: 51200K Free: 29794K (58%)
ptolemy.util.test.WatchDog.cancel(): canceling Sun Aug 02 15:16:20 UTC 2020
------------------ testing $PTII/ptolemy/domains/de/test/auto/deInCt2.xml
auto.tcl: Setting watchdog for 200 seconds at Sun Aug 02 15:16:20 UTC 2020
0
1
1
1
0
0
1
1
1
0
0
1
1
1
0
0
1
1
1
0
0
1
1
1
0
0
1
1
1
0
0
1
1
1
0
0
1
1
1
0
0
0
8 ms. Memory: 51200K Free: 31333K (61%)
ptolemy.util.test.WatchDog.cancel(): canceling Sun Aug 02 15:16:20 UTC 2020
auto.tcl: Setting watchdog for 200 seconds at Sun Aug 02 15:16:20 UTC 2020
0
1
1
1
0
0
1
1
1
0
0
1
1
1
0
0
1
1
1
0
0
1
1
1
0
0
1
1
1
0
0
1
1
1
0
0
1
1
1
0
0
0
5 ms. Memory: 51200K Free: 29795K (58%)
ptolemy.util.test.WatchDog.cancel(): canceling Sun Aug 02 15:16:20 UTC 2020
------------------ testing $PTII/ptolemy/domains/de/test/auto/dynamicCausalityInterface1.xml
auto.tcl: Setting watchdog for 200 seconds at Sun Aug 02 15:16:20 UTC 2020
1 ms. Memory: 51200K Free: 27231K (53%)
ptolemy.util.test.WatchDog.cancel(): canceling Sun Aug 02 15:16:20 UTC 2020
auto.tcl: Setting watchdog for 200 seconds at Sun Aug 02 15:16:20 UTC 2020
1 ms. Memory: 51200K Free: 26703K (52%)
ptolemy.util.test.WatchDog.cancel(): canceling Sun Aug 02 15:16:20 UTC 2020
------------------ testing $PTII/ptolemy/domains/de/test/auto/fsm_de_test.xml
auto.tcl: Setting watchdog for 200 seconds at Sun Aug 02 15:16:20 UTC 2020
6 ms. Memory: 51200K Free: 27130K (53%)
ptolemy.util.test.WatchDog.cancel(): canceling Sun Aug 02 15:16:20 UTC 2020
auto.tcl: Setting watchdog for 200 seconds at Sun Aug 02 15:16:20 UTC 2020
5 ms. Memory: 51200K Free: 25082K (49%)
ptolemy.util.test.WatchDog.cancel(): canceling Sun Aug 02 15:16:20 UTC 2020
------------------ testing $PTII/ptolemy/domains/de/test/auto/functionDependencyReconstruction.xml
auto.tcl: Setting watchdog for 200 seconds at Sun Aug 02 15:16:20 UTC 2020
3 ms. Memory: 51200K Free: 20975K (41%)
ptolemy.util.test.WatchDog.cancel(): canceling Sun Aug 02 15:16:20 UTC 2020
auto.tcl: Setting watchdog for 200 seconds at Sun Aug 02 15:16:20 UTC 2020
3 ms. Memory: 51200K Free: 18927K (37%)
ptolemy.util.test.WatchDog.cancel(): canceling Sun Aug 02 15:16:20 UTC 2020
------------------ testing $PTII/ptolemy/domains/de/test/auto/multirate.xml
auto.tcl: Setting watchdog for 200 seconds at Sun Aug 02 15:16:20 UTC 2020
9 ms. Memory: 51200K Free: 29769K (58%)
ptolemy.util.test.WatchDog.cancel(): canceling Sun Aug 02 15:16:20 UTC 2020
auto.tcl: Setting watchdog for 200 seconds at Sun Aug 02 15:16:20 UTC 2020
3 ms. Memory: 51200K Free: 28024K (55%)
ptolemy.util.test.WatchDog.cancel(): canceling Sun Aug 02 15:16:20 UTC 2020
------------------ testing $PTII/ptolemy/domains/de/test/auto/multirate2.xml
auto.tcl: Setting watchdog for 200 seconds at Sun Aug 02 15:16:20 UTC 2020
7 ms. Memory: 51200K Free: 29924K (58%)
ptolemy.util.test.WatchDog.cancel(): canceling Sun Aug 02 15:16:20 UTC 2020
auto.tcl: Setting watchdog for 200 seconds at Sun Aug 02 15:16:20 UTC 2020
3 ms. Memory: 51200K Free: 28701K (56%)
ptolemy.util.test.WatchDog.cancel(): canceling Sun Aug 02 15:16:20 UTC 2020
------------------ testing $PTII/ptolemy/domains/de/test/auto/realtime.xml
auto.tcl: Setting watchdog for 200 seconds at Sun Aug 02 15:16:20 UTC 2020
10001 ms. Memory: 51200K Free: 32001K (63%)
ptolemy.util.test.WatchDog.cancel(): canceling Sun Aug 02 15:16:30 UTC 2020
auto.tcl: Setting watchdog for 200 seconds at Sun Aug 02 15:16:30 UTC 2020
10002 ms. Memory: 51200K Free: 31457K (61%)
ptolemy.util.test.WatchDog.cancel(): canceling Sun Aug 02 15:16:40 UTC 2020
------------------ testing $PTII/ptolemy/domains/de/test/auto/relationGroup.xml
auto.tcl: Setting watchdog for 200 seconds at Sun Aug 02 15:16:40 UTC 2020
2 ms. Memory: 51200K Free: 33050K (65%)
ptolemy.util.test.WatchDog.cancel(): canceling Sun Aug 02 15:16:40 UTC 2020
auto.tcl: Setting watchdog for 200 seconds at Sun Aug 02 15:16:40 UTC 2020
1 ms. Memory: 51200K Free: 32325K (63%)
ptolemy.util.test.WatchDog.cancel(): canceling Sun Aug 02 15:16:40 UTC 2020
------------------ testing $PTII/ptolemy/domains/de/test/auto/relationGroup2.xml
auto.tcl: Setting watchdog for 200 seconds at Sun Aug 02 15:16:40 UTC 2020
1 ms. Memory: 51200K Free: 33107K (65%)
ptolemy.util.test.WatchDog.cancel(): canceling Sun Aug 02 15:16:40 UTC 2020
auto.tcl: Setting watchdog for 200 seconds at Sun Aug 02 15:16:40 UTC 2020
2 ms. Memory: 51200K Free: 32382K (63%)
ptolemy.util.test.WatchDog.cancel(): canceling Sun Aug 02 15:16:40 UTC 2020
------------------ testing $PTII/ptolemy/domains/de/test/auto/sortWithOpaquePorts.xml
auto.tcl: Setting watchdog for 200 seconds at Sun Aug 02 15:16:40 UTC 2020
1 ms. Memory: 51200K Free: 31725K (62%)
ptolemy.util.test.WatchDog.cancel(): canceling Sun Aug 02 15:16:40 UTC 2020
auto.tcl: Setting watchdog for 200 seconds at Sun Aug 02 15:16:40 UTC 2020
2 ms. Memory: 51200K Free: 30831K (60%)
ptolemy.util.test.WatchDog.cancel(): canceling Sun Aug 02 15:16:40 UTC 2020
------------------ testing $PTII/ptolemy/domains/de/test/auto/transferInputsandOutputs.xml
auto.tcl: Setting watchdog for 200 seconds at Sun Aug 02 15:16:40 UTC 2020
2 ms. Memory: 51200K Free: 29298K (57%)
ptolemy.util.test.WatchDog.cancel(): canceling Sun Aug 02 15:16:40 UTC 2020
auto.tcl: Setting watchdog for 200 seconds at Sun Aug 02 15:16:40 UTC 2020
2 ms. Memory: 51200K Free: 28274K (55%)
ptolemy.util.test.WatchDog.cancel(): canceling Sun Aug 02 15:16:40 UTC 2020
------------------ testing $PTII/ptolemy/domains/de/test/auto/triggerType.xml
auto.tcl: Setting watchdog for 200 seconds at Sun Aug 02 15:16:40 UTC 2020
2 ms. Memory: 51200K Free: 32323K (63%)
ptolemy.util.test.WatchDog.cancel(): canceling Sun Aug 02 15:16:40 UTC 2020
auto.tcl: Setting watchdog for 200 seconds at Sun Aug 02 15:16:40 UTC 2020
1 ms. Memory: 51200K Free: 31299K (61%)
ptolemy.util.test.WatchDog.cancel(): canceling Sun Aug 02 15:16:40 UTC 2020
08/02/20 03:16:41
Failed: 0  Total Tests: 192  ((Passed: 187, Newly Passed: 1)  Known Failed: 5) /home/travis/build/icyphy/ptII/ptolemy/domains/de/test
08/02/20 03:16:41
Failed: 0  Total Tests: 192  ((Passed: 187, Newly Passed: 1)  Known Failed: 5) /home/travis/build/icyphy/ptII/ptolemy/domains/de/test
----------------- testing (KnownFailure) /home/travis/build/icyphy/ptII/ptolemy/domains/de/test/auto/knownFailedTests/DESDFClockTest.xml
2010 ms. Memory: 51200K Free: 25206K (49%)
Known Failure: java.lang.reflect.InvocationTargetException
----------------- testing (KnownFailure) /home/travis/build/icyphy/ptII/ptolemy/domains/de/test/auto/knownFailedTests/DirectFeedback.xml
2 ms. Memory: 51200K Free: 21622K (42%)
Known Failure: java.lang.reflect.InvocationTargetException
----------------- testing (KnownFailure) /home/travis/build/icyphy/ptII/ptolemy/domains/de/test/auto/knownFailedTests/FSMSource.xml
9 ms. Memory: 51200K Free: 13416K (26%)
----------------- testing (KnownFailure) /home/travis/build/icyphy/ptII/ptolemy/domains/de/test/auto/knownFailedTests/HierarchicalModel.xml
8 ms. Memory: 51200K Free: 26879K (52%)
Known Failure: java.lang.reflect.InvocationTargetException
----------------- testing (KnownFailure) /home/travis/build/icyphy/ptII/ptolemy/domains/de/test/auto/knownFailedTests/dependencyLoop.xml
2 ms. Memory: 51200K Free: 11870K (23%)
Known Failure: java.lang.reflect.InvocationTargetException
----------------- testing (KnownFailure) /home/travis/build/icyphy/ptII/ptolemy/domains/de/test/auto/knownFailedTests/dependencyLoop2.xml
6 ms. Memory: 51200K Free: 25826K (50%)
Known Failure: java.lang.reflect.InvocationTargetException
No auto/linux-amd64/*.xml tests in /home/travis/build/icyphy/ptII/ptolemy/domains/de/test
AutoTests.java: About to close Vertx.
AutoTests.java: Vertx closed.

===========================================================================================
----------------- testing Sun Aug 02 15:16:43 UTC 2020 /home/travis/build/icyphy/ptII/ptolemy/domains/de/test/auto/ActorDepthCalculation_actorWithoutPorts.xml
----------------- Instantiating /home/travis/build/icyphy/ptII/ptolemy/domains/de/test/auto/ActorDepthCalculation_actorWithoutPorts.xml
1 ms. Memory: 51200K Free: 18899K (37%)
----------------- Invoking toplevel() on ptolemy.moml.MoMLSimpleApplication@3eb3abac
----------------- Done invoking toplevel() on ptolemy.moml.MoMLSimpleApplication@3eb3abac
reloadAllAccessors: .ActorDepthCalculation_actorWithoutPorts

===========================================================================================
----------------- testing Sun Aug 02 15:16:43 UTC 2020 /home/travis/build/icyphy/ptII/ptolemy/domains/de/test/auto/AssemblyLine.xml
----------------- Instantiating /home/travis/build/icyphy/ptII/ptolemy/domains/de/test/auto/AssemblyLine.xml
3 ms. Memory: 51200K Free: 11819K (23%)
----------------- Invoking toplevel() on ptolemy.moml.MoMLSimpleApplication@37d5dbe0
----------------- Done invoking toplevel() on ptolemy.moml.MoMLSimpleApplication@37d5dbe0
reloadAllAccessors: .AssemblyLine

===========================================================================================
----------------- testing Sun Aug 02 15:16:43 UTC 2020 /home/travis/build/icyphy/ptII/ptolemy/domains/de/test/auto/CQBug1.xml
----------------- Instantiating /home/travis/build/icyphy/ptII/ptolemy/domains/de/test/auto/CQBug1.xml
1 ms. Memory: 51200K Free: 9009K (18%)
----------------- Invoking toplevel() on ptolemy.moml.MoMLSimpleApplication@373d0b3
----------------- Done invoking toplevel() on ptolemy.moml.MoMLSimpleApplication@373d0b3
reloadAllAccessors: .CQBug1

===========================================================================================
----------------- testing Sun Aug 02 15:16:43 UTC 2020 /home/travis/build/icyphy/ptII/ptolemy/domains/de/test/auto/CancelFireAt.xml
----------------- Instantiating /home/travis/build/icyphy/ptII/ptolemy/domains/de/test/auto/CancelFireAt.xml
1 ms. Memory: 51200K Free: 35631K (70%)
----------------- Invoking toplevel() on ptolemy.moml.MoMLSimpleApplication@6bd1eb67
----------------- Done invoking toplevel() on ptolemy.moml.MoMLSimpleApplication@6bd1eb67
reloadAllAccessors: .CancelFireAt

===========================================================================================
----------------- testing Sun Aug 02 15:16:43 UTC 2020 /home/travis/build/icyphy/ptII/ptolemy/domains/de/test/auto/CausalityAndComposabilityAnalysis.xml
----------------- Instantiating /home/travis/build/icyphy/ptII/ptolemy/domains/de/test/auto/CausalityAndComposabilityAnalysis.xml
8 ms. Memory: 51200K Free: 31499K (62%)
----------------- Invoking toplevel() on ptolemy.moml.MoMLSimpleApplication@506615c3
----------------- Done invoking toplevel() on ptolemy.moml.MoMLSimpleApplication@506615c3
reloadAllAccessors: .CausalityAndComposabilityAnalysis

===========================================================================================
----------------- testing Sun Aug 02 15:16:43 UTC 2020 /home/travis/build/icyphy/ptII/ptolemy/domains/de/test/auto/CausalityInterface1.xml
----------------- Instantiating /home/travis/build/icyphy/ptII/ptolemy/domains/de/test/auto/CausalityInterface1.xml
5 ms. Memory: 51200K Free: 26573K (52%)
----------------- Invoking toplevel() on ptolemy.moml.MoMLSimpleApplication@7e5dbda1
----------------- Done invoking toplevel() on ptolemy.moml.MoMLSimpleApplication@7e5dbda1
reloadAllAccessors: .CausalityInterface1

===========================================================================================
----------------- testing Sun Aug 02 15:16:43 UTC 2020 /home/travis/build/icyphy/ptII/ptolemy/domains/de/test/auto/CausalityInterface15.xml
----------------- Instantiating /home/travis/build/icyphy/ptII/ptolemy/domains/de/test/auto/CausalityInterface15.xml
2 ms. Memory: 51200K Free: 21208K (41%)
----------------- Invoking toplevel() on ptolemy.moml.MoMLSimpleApplication@5cf88352
----------------- Done invoking toplevel() on ptolemy.moml.MoMLSimpleApplication@5cf88352
reloadAllAccessors: .CausalityInterface15

===========================================================================================
----------------- testing Sun Aug 02 15:16:43 UTC 2020 /home/travis/build/icyphy/ptII/ptolemy/domains/de/test/auto/CausalityInterface2.xml
----------------- Instantiating /home/travis/build/icyphy/ptII/ptolemy/domains/de/test/auto/CausalityInterface2.xml
1 ms. Memory: 51200K Free: 16745K (33%)
[...]
	at ptolemy.actor.Manager.run(Manager.java:1263)
	at ptolemy.actor.Manager$PtolemyRunThread.run(Manager.java:1933)
java.lang.RuntimeException: Execution failed
	at ptolemy.moml.MoMLSimpleApplication$UnloadThread.run(MoMLSimpleApplication.java:402)
Caused by: ptolemy.kernel.util.IllegalActionException: Actor is not ready to fire.  Perhaps UpSample.prefire() returned false? Try debugging the actor by selecting "Listen to Actor".  Also, for SDF check moml for tokenConsumptionRate on input.
  in .DESDFClockTest.Play Bell.Copy1:SDF Director and .DESDFClockTest.Play Bell.UpSample
	at ptolemy.actor.sched.StaticSchedulingDirector.fire(StaticSchedulingDirector.java:227)
	at ptolemy.domains.sdf.kernel.SDFDirector.fire(SDFDirector.java:500)
	at ptolemy.actor.CompositeActor.fire(CompositeActor.java:455)
	at ptolemy.domains.de.kernel.DEDirector._fire(DEDirector.java:1949)
	at ptolemy.domains.de.kernel.DEDirector.fire(DEDirector.java:502)
	at ptolemy.actor.CompositeActor.fire(CompositeActor.java:455)
	at ptolemy.actor.Manager.iterate(Manager.java:851)
	at ptolemy.actor.Manager.execute(Manager.java:369)
	at ptolemy.actor.Manager.run(Manager.java:1263)
	at ptolemy.actor.Manager$PtolemyRunThread.run(Manager.java:1933)
java.lang.reflect.InvocationTargetException
	at java.base/jdk.internal.reflect.NativeConstructorAccessorImpl.newInstance0(Native Method)
	at java.base/jdk.internal.reflect.NativeConstructorAccessorImpl.newInstance(NativeConstructorAccessorImpl.java:62)
	at java.base/jdk.internal.reflect.DelegatingConstructorAccessorImpl.newInstance(DelegatingConstructorAccessorImpl.java:45)
	at java.base/java.lang.reflect.Constructor.newInstance(Constructor.java:490)
	at ptolemy.util.test.junit.AutoKnownFailedTests.RunModel(AutoKnownFailedTests.java:105)
	at java.base/jdk.internal.reflect.NativeMethodAccessorImpl.invoke0(Native Method)
	at java.base/jdk.internal.reflect.NativeMethodAccessorImpl.invoke(NativeMethodAccessorImpl.java:62)
	at java.base/jdk.internal.reflect.DelegatingMethodAccessorImpl.invoke(DelegatingMethodAccessorImpl.java:43)
	at java.base/java.lang.reflect.Method.invoke(Method.java:566)
	at org.junit.runners.model.FrameworkMethod$1.runReflectiveCall(FrameworkMethod.java:44)
	at org.junit.internal.runners.model.ReflectiveCallable.run(ReflectiveCallable.java:15)
	at org.junit.runners.model.FrameworkMethod.invokeExplosively(FrameworkMethod.java:41)
	at junitparams.internal.InvokeParameterisedMethod.evaluate(InvokeParameterisedMethod.java:102)
	at org.junit.internal.runners.statements.FailOnTimeout$1.run(FailOnTimeout.java:28)
Caused by: ptolemy.kernel.util.IllegalActionException: Actor is not ready to fire.  Perhaps UpSample.prefire() returned false? Try debugging the actor by selecting "Listen to Actor".  Also, for SDF check moml for tokenConsumptionRate on input.
  in .DESDFClockTest.Play Bell.Copy1:SDF Director and .DESDFClockTest.Play Bell.UpSample
	at ptolemy.actor.sched.StaticSchedulingDirector.fire(StaticSchedulingDirector.java:227)
	at ptolemy.domains.sdf.kernel.SDFDirector.fire(SDFDirector.java:500)
	at ptolemy.actor.CompositeActor.fire(CompositeActor.java:455)
	at ptolemy.domains.de.kernel.DEDirector._fire(DEDirector.java:1949)
	at ptolemy.domains.de.kernel.DEDirector.fire(DEDirector.java:502)
	at ptolemy.actor.CompositeActor.fire(CompositeActor.java:455)
	at ptolemy.actor.Manager.iterate(Manager.java:851)
	at ptolemy.actor.Manager.execute(Manager.java:369)
	at ptolemy.actor.Manager.run(Manager.java:1263)
	at ptolemy.actor.Manager$PtolemyRunThread.run(Manager.java:1933)
java.lang.RuntimeException: Execution failed
	at ptolemy.moml.MoMLSimpleApplication$UnloadThread.run(MoMLSimpleApplication.java:402)
Caused by: ptolemy.kernel.util.IllegalActionException: Test fails in iteration 1.
Value was: 1.0. Should have been: 2.0
  in .DirectFeedback.Test
	at ptolemy.actor.lib.Test.fire(Test.java:268)
	at ptolemy.domains.de.kernel.DEDirector._fire(DEDirector.java:1949)
	at ptolemy.domains.de.kernel.DEDirector.fire(DEDirector.java:502)
	at ptolemy.actor.CompositeActor.fire(CompositeActor.java:455)
	at ptolemy.actor.Manager.iterate(Manager.java:851)
	at ptolemy.actor.Manager.execute(Manager.java:369)
	at ptolemy.actor.Manager.run(Manager.java:1263)
	at ptolemy.actor.Manager$PtolemyRunThread.run(Manager.java:1933)
java.lang.reflect.InvocationTargetException
	at java.base/jdk.internal.reflect.NativeConstructorAccessorImpl.newInstance0(Native Method)
	at java.base/jdk.internal.reflect.NativeConstructorAccessorImpl.newInstance(NativeConstructorAccessorImpl.java:62)
	at java.base/jdk.internal.reflect.DelegatingConstructorAccessorImpl.newInstance(DelegatingConstructorAccessorImpl.java:45)
	at java.base/java.lang.reflect.Constructor.newInstance(Constructor.java:490)
	at ptolemy.util.test.junit.AutoKnownFailedTests.RunModel(AutoKnownFailedTests.java:105)
	at java.base/jdk.internal.reflect.NativeMethodAccessorImpl.invoke0(Native Method)
	at java.base/jdk.internal.reflect.NativeMethodAccessorImpl.invoke(NativeMethodAccessorImpl.java:62)
	at java.base/jdk.internal.reflect.DelegatingMethodAccessorImpl.invoke(DelegatingMethodAccessorImpl.java:43)
	at java.base/java.lang.reflect.Method.invoke(Method.java:566)
	at org.junit.runners.model.FrameworkMethod$1.runReflectiveCall(FrameworkMethod.java:44)
	at org.junit.internal.runners.model.ReflectiveCallable.run(ReflectiveCallable.java:15)
	at org.junit.runners.model.FrameworkMethod.invokeExplosively(FrameworkMethod.java:41)
	at junitparams.internal.InvokeParameterisedMethod.evaluate(InvokeParameterisedMethod.java:102)
	at org.junit.internal.runners.statements.FailOnTimeout$1.run(FailOnTimeout.java:28)
Caused by: ptolemy.kernel.util.IllegalActionException: Test fails in iteration 1.
Value was: 1.0. Should have been: 2.0
  in .DirectFeedback.Test
	at ptolemy.actor.lib.Test.fire(Test.java:268)
	at ptolemy.domains.de.kernel.DEDirector._fire(DEDirector.java:1949)
	at ptolemy.domains.de.kernel.DEDirector.fire(DEDirector.java:502)
	at ptolemy.actor.CompositeActor.fire(CompositeActor.java:455)
	at ptolemy.actor.Manager.iterate(Manager.java:851)
	at ptolemy.actor.Manager.execute(Manager.java:369)
	at ptolemy.actor.Manager.run(Manager.java:1263)
	at ptolemy.actor.Manager$PtolemyRunThread.run(Manager.java:1933)
java.lang.RuntimeException: Execution failed
	at ptolemy.moml.MoMLSimpleApplication$UnloadThread.run(MoMLSimpleApplication.java:402)
Caused by: ptolemy.kernel.util.IllegalActionException: Found a zero delay loop containing .HierarchicalModel.A
  in .HierarchicalModel and .HierarchicalModel.A
	at ptolemy.actor.util.CausalityInterfaceForComposites._computeOutputPortDepth(CausalityInterfaceForComposites.java:759)
	at ptolemy.actor.util.CausalityInterfaceForComposites._computeInputDepth(CausalityInterfaceForComposites.java:696)
	at ptolemy.actor.util.CausalityInterfaceForComposites._computeOutputPortDepth(CausalityInterfaceForComposites.java:765)
	at ptolemy.actor.util.CausalityInterfaceForComposites._computeInputDepth(CausalityInterfaceForComposites.java:696)
	at ptolemy.actor.util.CausalityInterfaceForComposites._computeOutputPortDepth(CausalityInterfaceForComposites.java:765)
	at ptolemy.actor.util.CausalityInterfaceForComposites._computeInputDepth(CausalityInterfaceForComposites.java:696)
	at ptolemy.actor.util.CausalityInterfaceForComposites._computeActorDepth(CausalityInterfaceForComposites.java:532)
	at ptolemy.actor.util.CausalityInterfaceForComposites.checkForCycles(CausalityInterfaceForComposites.java:96)
	at ptolemy.domains.de.kernel.DEDirector.preinitialize(DEDirector.java:1338)
	at ptolemy.actor.CompositeActor.preinitialize(CompositeActor.java:1828)
	at ptolemy.actor.Manager.preinitializeAndResolveTypes(Manager.java:1040)
	at ptolemy.actor.Manager.initialize(Manager.java:710)
	at ptolemy.actor.Manager.execute(Manager.java:356)
	at ptolemy.actor.Manager.run(Manager.java:1263)
	at ptolemy.actor.Manager$PtolemyRunThread.run(Manager.java:1933)
java.lang.reflect.InvocationTargetException
	at java.base/jdk.internal.reflect.NativeConstructorAccessorImpl.newInstance0(Native Method)
	at java.base/jdk.internal.reflect.NativeConstructorAccessorImpl.newInstance(NativeConstructorAccessorImpl.java:62)
	at java.base/jdk.internal.reflect.DelegatingConstructorAccessorImpl.newInstance(DelegatingConstructorAccessorImpl.java:45)
	at java.base/java.lang.reflect.Constructor.newInstance(Constructor.java:490)
	at ptolemy.util.test.junit.AutoKnownFailedTests.RunModel(AutoKnownFailedTests.java:105)
	at java.base/jdk.internal.reflect.NativeMethodAccessorImpl.invoke0(Native Method)
	at java.base/jdk.internal.reflect.NativeMethodAccessorImpl.invoke(NativeMethodAccessorImpl.java:62)
	at java.base/jdk.internal.reflect.DelegatingMethodAccessorImpl.invoke(DelegatingMethodAccessorImpl.java:43)
	at java.base/java.lang.reflect.Method.invoke(Method.java:566)
	at org.junit.runners.model.FrameworkMethod$1.runReflectiveCall(FrameworkMethod.java:44)
	at org.junit.internal.runners.model.ReflectiveCallable.run(ReflectiveCallable.java:15)
	at org.junit.runners.model.FrameworkMethod.invokeExplosively(FrameworkMethod.java:41)
	at junitparams.internal.InvokeParameterisedMethod.evaluate(InvokeParameterisedMethod.java:102)
	at org.junit.internal.runners.statements.FailOnTimeout$1.run(FailOnTimeout.java:28)
Caused by: ptolemy.kernel.util.IllegalActionException: Found a zero delay loop containing .HierarchicalModel.A
  in .HierarchicalModel and .HierarchicalModel.A
	at ptolemy.actor.util.CausalityInterfaceForComposites._computeOutputPortDepth(CausalityInterfaceForComposites.java:759)
	at ptolemy.actor.util.CausalityInterfaceForComposites._computeInputDepth(CausalityInterfaceForComposites.java:696)
	at ptolemy.actor.util.CausalityInterfaceForComposites._computeOutputPortDepth(CausalityInterfaceForComposites.java:765)
	at ptolemy.actor.util.CausalityInterfaceForComposites._computeInputDepth(CausalityInterfaceForComposites.java:696)
	at ptolemy.actor.util.CausalityInterfaceForComposites._computeOutputPortDepth(CausalityInterfaceForComposites.java:765)
	at ptolemy.actor.util.CausalityInterfaceForComposites._computeInputDepth(CausalityInterfaceForComposites.java:696)
	at ptolemy.actor.util.CausalityInterfaceForComposites._computeActorDepth(CausalityInterfaceForComposites.java:532)
	at ptolemy.actor.util.CausalityInterfaceForComposites.checkForCycles(CausalityInterfaceForComposites.java:96)
	at ptolemy.domains.de.kernel.DEDirector.preinitialize(DEDirector.java:1338)
	at ptolemy.actor.CompositeActor.preinitialize(CompositeActor.java:1828)
	at ptolemy.actor.Manager.preinitializeAndResolveTypes(Manager.java:1040)
	at ptolemy.actor.Manager.initialize(Manager.java:710)
	at ptolemy.actor.Manager.execute(Manager.java:356)
	at ptolemy.actor.Manager.run(Manager.java:1263)
	at ptolemy.actor.Manager$PtolemyRunThread.run(Manager.java:1933)
java.lang.RuntimeException: Execution failed
	at ptolemy.moml.MoMLSimpleApplication$UnloadThread.run(MoMLSimpleApplication.java:402)
Caused by: ptolemy.kernel.util.IllegalActionException: Found a zero delay loop containing .dependencyLoop.original
  in .dependencyLoop and .dependencyLoop.original
	at ptolemy.actor.util.CausalityInterfaceForComposites._computeOutputPortDepth(CausalityInterfaceForComposites.java:759)
	at ptolemy.actor.util.CausalityInterfaceForComposites._computeInputDepth(CausalityInterfaceForComposites.java:696)
	at ptolemy.actor.util.CausalityInterfaceForComposites._computeOutputPortDepth(CausalityInterfaceForComposites.java:765)
	at ptolemy.actor.util.CausalityInterfaceForComposites._computeInputDepth(CausalityInterfaceForComposites.java:696)
	at ptolemy.actor.util.CausalityInterfaceForComposites._computeOutputPortDepth(CausalityInterfaceForComposites.java:765)
	at ptolemy.actor.util.CausalityInterfaceForComposites._computeInputDepth(CausalityInterfaceForComposites.java:696)
	at ptolemy.actor.util.CausalityInterfaceForComposites._computeActorDepth(CausalityInterfaceForComposites.java:532)
	at ptolemy.actor.util.CausalityInterfaceForComposites.checkForCycles(CausalityInterfaceForComposites.java:96)
	at ptolemy.domains.de.kernel.DEDirector.preinitialize(DEDirector.java:1338)
	at ptolemy.actor.CompositeActor.preinitialize(CompositeActor.java:1828)
	at ptolemy.actor.Manager.preinitializeAndResolveTypes(Manager.java:1040)
	at ptolemy.actor.Manager.initialize(Manager.java:710)
	at ptolemy.actor.Manager.execute(Manager.java:356)
	at ptolemy.actor.Manager.run(Manager.java:1263)
	at ptolemy.actor.Manager$PtolemyRunThread.run(Manager.java:1933)
java.lang.reflect.InvocationTargetException
	at java.base/jdk.internal.reflect.NativeConstructorAccessorImpl.newInstance0(Native Method)
	at java.base/jdk.internal.reflect.NativeConstructorAccessorImpl.newInstance(NativeConstructorAccessorImpl.java:62)
	at java.base/jdk.internal.reflect.DelegatingConstructorAccessorImpl.newInstance(DelegatingConstructorAccessorImpl.java:45)
	at java.base/java.lang.reflect.Constructor.newInstance(Constructor.java:490)
	at ptolemy.util.test.junit.AutoKnownFailedTests.RunModel(AutoKnownFailedTests.java:105)
	at java.base/jdk.internal.reflect.NativeMethodAccessorImpl.invoke0(Native Method)
	at java.base/jdk.internal.reflect.NativeMethodAccessorImpl.invoke(NativeMethodAccessorImpl.java:62)
	at java.base/jdk.internal.reflect.DelegatingMethodAccessorImpl.invoke(DelegatingMethodAccessorImpl.java:43)
	at java.base/java.lang.reflect.Method.invoke(Method.java:566)
	at org.junit.runners.model.FrameworkMethod$1.runReflectiveCall(FrameworkMethod.java:44)
	at org.junit.internal.runners.model.ReflectiveCallable.run(ReflectiveCallable.java:15)
	at org.junit.runners.model.FrameworkMethod.invokeExplosively(FrameworkMethod.java:41)
	at junitparams.internal.InvokeParameterisedMethod.evaluate(InvokeParameterisedMethod.java:102)
	at org.junit.internal.runners.statements.FailOnTimeout$1.run(FailOnTimeout.java:28)
Caused by: ptolemy.kernel.util.IllegalActionException: Found a zero delay loop containing .dependencyLoop.original
  in .dependencyLoop and .dependencyLoop.original
	at ptolemy.actor.util.CausalityInterfaceForComposites._computeOutputPortDepth(CausalityInterfaceForComposites.java:759)
	at ptolemy.actor.util.CausalityInterfaceForComposites._computeInputDepth(CausalityInterfaceForComposites.java:696)
	at ptolemy.actor.util.CausalityInterfaceForComposites._computeOutputPortDepth(CausalityInterfaceForComposites.java:765)
	at ptolemy.actor.util.CausalityInterfaceForComposites._computeInputDepth(CausalityInterfaceForComposites.java:696)
	at ptolemy.actor.util.CausalityInterfaceForComposites._computeOutputPortDepth(CausalityInterfaceForComposites.java:765)
	at ptolemy.actor.util.CausalityInterfaceForComposites._computeInputDepth(CausalityInterfaceForComposites.java:696)
	at ptolemy.actor.util.CausalityInterfaceForComposites._computeActorDepth(CausalityInterfaceForComposites.java:532)
	at ptolemy.actor.util.CausalityInterfaceForComposites.checkForCycles(CausalityInterfaceForComposites.java:96)
	at ptolemy.domains.de.kernel.DEDirector.preinitialize(DEDirector.java:1338)
	at ptolemy.actor.CompositeActor.preinitialize(CompositeActor.java:1828)
	at ptolemy.actor.Manager.preinitializeAndResolveTypes(Manager.java:1040)
	at ptolemy.actor.Manager.initialize(Manager.java:710)
	at ptolemy.actor.Manager.execute(Manager.java:356)
	at ptolemy.actor.Manager.run(Manager.java:1263)
	at ptolemy.actor.Manager$PtolemyRunThread.run(Manager.java:1933)
java.lang.RuntimeException: Execution failed
	at ptolemy.moml.MoMLSimpleApplication$UnloadThread.run(MoMLSimpleApplication.java:402)
Caused by: ptolemy.kernel.util.IllegalActionException: Found a zero delay loop containing .dependencyLoop2.original
  in .dependencyLoop2 and .dependencyLoop2.original
	at ptolemy.actor.util.CausalityInterfaceForComposites._computeOutputPortDepth(CausalityInterfaceForComposites.java:759)
	at ptolemy.actor.util.CausalityInterfaceForComposites._computeInputDepth(CausalityInterfaceForComposites.java:696)
	at ptolemy.actor.util.CausalityInterfaceForComposites._computeOutputPortDepth(CausalityInterfaceForComposites.java:765)
	at ptolemy.actor.util.CausalityInterfaceForComposites._computeInputDepth(CausalityInterfaceForComposites.java:696)
	at ptolemy.actor.util.CausalityInterfaceForComposites._computeOutputPortDepth(CausalityInterfaceForComposites.java:765)
	at ptolemy.actor.util.CausalityInterfaceForComposites._computeInputDepth(CausalityInterfaceForComposites.java:696)
	at ptolemy.actor.util.CausalityInterfaceForComposites._computeActorDepth(CausalityInterfaceForComposites.java:532)
	at ptolemy.actor.util.CausalityInterfaceForComposites.checkForCycles(CausalityInterfaceForComposites.java:96)
	at ptolemy.domains.de.kernel.DEDirector.preinitialize(DEDirector.java:1338)
	at ptolemy.actor.CompositeActor.preinitialize(CompositeActor.java:1828)
	at ptolemy.actor.Manager.preinitializeAndResolveTypes(Manager.java:1040)
	at ptolemy.actor.Manager.initialize(Manager.java:710)
	at ptolemy.actor.Manager.execute(Manager.java:356)
	at ptolemy.actor.Manager.run(Manager.java:1263)
	at ptolemy.actor.Manager$PtolemyRunThread.run(Manager.java:1933)
java.lang.reflect.InvocationTargetException
	at java.base/jdk.internal.reflect.NativeConstructorAccessorImpl.newInstance0(Native Method)
	at java.base/jdk.internal.reflect.NativeConstructorAccessorImpl.newInstance(NativeConstructorAccessorImpl.java:62)
	at java.base/jdk.internal.reflect.DelegatingConstructorAccessorImpl.newInstance(DelegatingConstructorAccessorImpl.java:45)
	at java.base/java.lang.reflect.Constructor.newInstance(Constructor.java:490)
	at ptolemy.util.test.junit.AutoKnownFailedTests.RunModel(AutoKnownFailedTests.java:105)
	at java.base/jdk.internal.reflect.NativeMethodAccessorImpl.invoke0(Native Method)
	at java.base/jdk.internal.reflect.NativeMethodAccessorImpl.invoke(NativeMethodAccessorImpl.java:62)
	at java.base/jdk.internal.reflect.DelegatingMethodAccessorImpl.invoke(DelegatingMethodAccessorImpl.java:43)
	at java.base/java.lang.reflect.Method.invoke(Method.java:566)
	at org.junit.runners.model.FrameworkMethod$1.runReflectiveCall(FrameworkMethod.java:44)
	at org.junit.internal.runners.model.ReflectiveCallable.run(ReflectiveCallable.java:15)
	at org.junit.runners.model.FrameworkMethod.invokeExplosively(FrameworkMethod.java:41)
	at junitparams.internal.InvokeParameterisedMethod.evaluate(InvokeParameterisedMethod.java:102)
	at org.junit.internal.runners.statements.FailOnTimeout$1.run(FailOnTimeout.java:28)
Caused by: ptolemy.kernel.util.IllegalActionException: Found a zero delay loop containing .dependencyLoop2.original
  in .dependencyLoop2 and .dependencyLoop2.original
	at ptolemy.actor.util.CausalityInterfaceForComposites._computeOutputPortDepth(CausalityInterfaceForComposites.java:759)
	at ptolemy.actor.util.CausalityInterfaceForComposites._computeInputDepth(CausalityInterfaceForComposites.java:696)
	at ptolemy.actor.util.CausalityInterfaceForComposites._computeOutputPortDepth(CausalityInterfaceForComposites.java:765)
	at ptolemy.actor.util.CausalityInterfaceForComposites._computeInputDepth(CausalityInterfaceForComposites.java:696)
	at ptolemy.actor.util.CausalityInterfaceForComposites._computeOutputPortDepth(CausalityInterfaceForComposites.java:765)
	at ptolemy.actor.util.CausalityInterfaceForComposites._computeInputDepth(CausalityInterfaceForComposites.java:696)
	at ptolemy.actor.util.CausalityInterfaceForComposites._computeActorDepth(CausalityInterfaceForComposites.java:532)
	at ptolemy.actor.util.CausalityInterfaceForComposites.checkForCycles(CausalityInterfaceForComposites.java:96)
	at ptolemy.domains.de.kernel.DEDirector.preinitialize(DEDirector.java:1338)
	at ptolemy.actor.CompositeActor.preinitialize(CompositeActor.java:1828)
	at ptolemy.actor.Manager.preinitializeAndResolveTypes(Manager.java:1040)
	at ptolemy.actor.Manager.initialize(Manager.java:710)
	at ptolemy.actor.Manager.execute(Manager.java:356)
	at ptolemy.actor.Manager.run(Manager.java:1263)
	at ptolemy.actor.Manager$PtolemyRunThread.run(Manager.java:1933)
]]></system-err>
</testsuite>
