<?xml version="1.0" encoding="UTF-8" ?>
<testsuite errors="0" failures="0" hostname="travis-job-299e6834-d6c6-40e6-8ac8-d7ba175ecf38" name="ptolemy.domains.de.test.junit.JUnitTclTest" skipped="0" tests="101" time="123.437" timestamp="2019-04-29T15:15:02">
  <properties>
[...]
</properties>
  <testcase classname="ptolemy.util.test.junit.TclTests" name="[0] /home/travis/build/icyphy/ptII/ptolemy/domains/de/test/DependencyLoop.tcl (RunTclFile)" time="0.698" />
  <testcase classname="ptolemy.util.test.junit.TclTests" name="[1] /home/travis/build/icyphy/ptII/ptolemy/domains/de/test/RunDETestsAsQSS.tcl (RunTclFile)" time="84.227" />
  <testcase classname="ptolemy.util.test.junit.AutoKnownFailedTests" name="[0] /home/travis/build/icyphy/ptII/ptolemy/domains/de/test/auto/knownFailedTests/DESDFClockTest.xml (RunModel)" time="2.038" />
  <testcase classname="ptolemy.util.test.junit.AutoKnownFailedTests" name="[1] /home/travis/build/icyphy/ptII/ptolemy/domains/de/test/auto/knownFailedTests/DirectFeedback.xml (RunModel)" time="0.016" />
  <testcase classname="ptolemy.util.test.junit.AutoKnownFailedTests" name="[2] /home/travis/build/icyphy/ptII/ptolemy/domains/de/test/auto/knownFailedTests/FSMSource.xml (RunModel)" time="0.028" />
  <testcase classname="ptolemy.util.test.junit.AutoKnownFailedTests" name="[3] /home/travis/build/icyphy/ptII/ptolemy/domains/de/test/auto/knownFailedTests/HierarchicalModel.xml (RunModel)" time="0.038" />
  <testcase classname="ptolemy.util.test.junit.AutoKnownFailedTests" name="[4] /home/travis/build/icyphy/ptII/ptolemy/domains/de/test/auto/knownFailedTests/dependencyLoop.xml (RunModel)" time="0.029" />
  <testcase classname="ptolemy.util.test.junit.AutoKnownFailedTests" name="[5] /home/travis/build/icyphy/ptII/ptolemy/domains/de/test/auto/knownFailedTests/dependencyLoop2.xml (RunModel)" time="0.041" />
  <testcase classname="ptolemy.util.test.junit.AutoNameArchTests" name="[0] ThereAreNoAutoArchTests (RunModel)" time="0.0" />
  <testcase classname="ptolemy.util.test.junit.AutoTests" name="[0] /home/travis/build/icyphy/ptII/ptolemy/domains/de/test/auto/ActorDepthCalculation_actorWithoutPorts.xml (RunModel)" time="0.025" />
  <testcase classname="ptolemy.util.test.junit.AutoTests" name="[1] /home/travis/build/icyphy/ptII/ptolemy/domains/de/test/auto/AssemblyLine.xml (RunModel)" time="0.02" />
  <testcase classname="ptolemy.util.test.junit.AutoTests" name="[2] /home/travis/build/icyphy/ptII/ptolemy/domains/de/test/auto/CQBug1.xml (RunModel)" time="0.011" />
  <testcase classname="ptolemy.util.test.junit.AutoTests" name="[3] /home/travis/build/icyphy/ptII/ptolemy/domains/de/test/auto/CancelFireAt.xml (RunModel)" time="0.007" />
  <testcase classname="ptolemy.util.test.junit.AutoTests" name="[4] /home/travis/build/icyphy/ptII/ptolemy/domains/de/test/auto/CausalityAndComposabilityAnalysis.xml (RunModel)" time="0.01" />
  <testcase classname="ptolemy.util.test.junit.AutoTests" name="[5] /home/travis/build/icyphy/ptII/ptolemy/domains/de/test/auto/CausalityInterface1.xml (RunModel)" time="0.012" />
  <testcase classname="ptolemy.util.test.junit.AutoTests" name="[6] /home/travis/build/icyphy/ptII/ptolemy/domains/de/test/auto/CausalityInterface15.xml (RunModel)" time="0.01" />
  <testcase classname="ptolemy.util.test.junit.AutoTests" name="[7] /home/travis/build/icyphy/ptII/ptolemy/domains/de/test/auto/CausalityInterface2.xml (RunModel)" time="0.009" />
  <testcase classname="ptolemy.util.test.junit.AutoTests" name="[8] /home/travis/build/icyphy/ptII/ptolemy/domains/de/test/auto/CausalityInterface3.xml (RunModel)" time="0.009" />
  <testcase classname="ptolemy.util.test.junit.AutoTests" name="[9] /home/travis/build/icyphy/ptII/ptolemy/domains/de/test/auto/ClockDrift.xml (RunModel)" time="0.032" />
  <testcase classname="ptolemy.util.test.junit.AutoTests" name="[10] /home/travis/build/icyphy/ptII/ptolemy/domains/de/test/auto/ClockDriftAndValueChange.xml (RunModel)" time="0.03" />
  <testcase classname="ptolemy.util.test.junit.AutoTests" name="[11] /home/travis/build/icyphy/ptII/ptolemy/domains/de/test/auto/ClockDriftChange.xml (RunModel)" time="0.023" />
  <testcase classname="ptolemy.util.test.junit.AutoTests" name="[12] /home/travis/build/icyphy/ptII/ptolemy/domains/de/test/auto/ComposableCausalityAnalysis.xml (RunModel)" time="0.013" />
  <testcase classname="ptolemy.util.test.junit.AutoTests" name="[13] /home/travis/build/icyphy/ptII/ptolemy/domains/de/test/auto/DEFixedPointLimitation.xml (RunModel)" time="0.007" />
  <testcase classname="ptolemy.util.test.junit.AutoTests" name="[14] /home/travis/build/icyphy/ptII/ptolemy/domains/de/test/auto/DEScheduleTest.xml (RunModel)" time="0.008" />
  <testcase classname="ptolemy.util.test.junit.AutoTests" name="[15] /home/travis/build/icyphy/ptII/ptolemy/domains/de/test/auto/DEinDEwithStartTimes.xml (RunModel)" time="0.009" />
  <testcase classname="ptolemy.util.test.junit.AutoTests" name="[16] /home/travis/build/icyphy/ptII/ptolemy/domains/de/test/auto/DEinDEwithStartTimes2.xml (RunModel)" time="0.01" />
  <testcase classname="ptolemy.util.test.junit.AutoTests" name="[17] /home/travis/build/icyphy/ptII/ptolemy/domains/de/test/auto/DateDemo.xml (RunModel)" time="0.018" />
  <testcase classname="ptolemy.util.test.junit.AutoTests" name="[18] /home/travis/build/icyphy/ptII/ptolemy/domains/de/test/auto/DateToEvent.xml (RunModel)" time="2.028" />
  <testcase classname="ptolemy.util.test.junit.AutoTests" name="[19] /home/travis/build/icyphy/ptII/ptolemy/domains/de/test/auto/DepthTest1.xml (RunModel)" time="0.007" />
  <testcase classname="ptolemy.util.test.junit.AutoTests" name="[20] /home/travis/build/icyphy/ptII/ptolemy/domains/de/test/auto/DepthTest2.xml (RunModel)" time="0.015" />
  <testcase classname="ptolemy.util.test.junit.AutoTests" name="[21] /home/travis/build/icyphy/ptII/ptolemy/domains/de/test/auto/DepthTest3.xml (RunModel)" time="0.006" />
  <testcase classname="ptolemy.util.test.junit.AutoTests" name="[22] /home/travis/build/icyphy/ptII/ptolemy/domains/de/test/auto/DepthTest4.xml (RunModel)" time="0.011" />
  <testcase classname="ptolemy.util.test.junit.AutoTests" name="[23] /home/travis/build/icyphy/ptII/ptolemy/domains/de/test/auto/DepthTest5.xml (RunModel)" time="0.012" />
  <testcase classname="ptolemy.util.test.junit.AutoTests" name="[24] /home/travis/build/icyphy/ptII/ptolemy/domains/de/test/auto/DepthTest6.xml (RunModel)" time="0.011" />
  <testcase classname="ptolemy.util.test.junit.AutoTests" name="[25] /home/travis/build/icyphy/ptII/ptolemy/domains/de/test/auto/DepthTest7.xml (RunModel)" time="0.009" />
  <testcase classname="ptolemy.util.test.junit.AutoTests" name="[26] /home/travis/build/icyphy/ptII/ptolemy/domains/de/test/auto/EventToDate.xml (RunModel)" time="3.028" />
  <testcase classname="ptolemy.util.test.junit.AutoTests" name="[27] /home/travis/build/icyphy/ptII/ptolemy/domains/de/test/auto/FSM1.xml (RunModel)" time="0.026" />
  <testcase classname="ptolemy.util.test.junit.AutoTests" name="[28] /home/travis/build/icyphy/ptII/ptolemy/domains/de/test/auto/FSM7.xml (RunModel)" time="0.027" />
  <testcase classname="ptolemy.util.test.junit.AutoTests" name="[29] /home/travis/build/icyphy/ptII/ptolemy/domains/de/test/auto/Inspection.xml (RunModel)" time="0.035" />
  <testcase classname="ptolemy.util.test.junit.AutoTests" name="[30] /home/travis/build/icyphy/ptII/ptolemy/domains/de/test/auto/Iteration.xml (RunModel)" time="0.017" />
  <testcase classname="ptolemy.util.test.junit.AutoTests" name="[31] /home/travis/build/icyphy/ptII/ptolemy/domains/de/test/auto/LineFault.xml (RunModel)" time="0.509" />
  <testcase classname="ptolemy.util.test.junit.AutoTests" name="[32] /home/travis/build/icyphy/ptII/ptolemy/domains/de/test/auto/MergeModel1Add.xml (RunModel)" time="0.039" />
  <testcase classname="ptolemy.util.test.junit.AutoTests" name="[33] /home/travis/build/icyphy/ptII/ptolemy/domains/de/test/auto/MergeModel2Add.xml (RunModel)" time="0.032" />
  <testcase classname="ptolemy.util.test.junit.AutoTests" name="[34] /home/travis/build/icyphy/ptII/ptolemy/domains/de/test/auto/MergeModel3Add.xml (RunModel)" time="0.031" />
  <testcase classname="ptolemy.util.test.junit.AutoTests" name="[35] /home/travis/build/icyphy/ptII/ptolemy/domains/de/test/auto/MergeWithoutDiscard.xml (RunModel)" time="0.008" />
  <testcase classname="ptolemy.util.test.junit.AutoTests" name="[36] /home/travis/build/icyphy/ptII/ptolemy/domains/de/test/auto/Modal1.xml (RunModel)" time="0.023" />
  <testcase classname="ptolemy.util.test.junit.AutoTests" name="[37] /home/travis/build/icyphy/ptII/ptolemy/domains/de/test/auto/Modal2.xml (RunModel)" time="0.023" />
  <testcase classname="ptolemy.util.test.junit.AutoTests" name="[38] /home/travis/build/icyphy/ptII/ptolemy/domains/de/test/auto/Modal3.xml (RunModel)" time="0.023" />
  <testcase classname="ptolemy.util.test.junit.AutoTests" name="[39] /home/travis/build/icyphy/ptII/ptolemy/domains/de/test/auto/Modal4.xml (RunModel)" time="0.024" />
  <testcase classname="ptolemy.util.test.junit.AutoTests" name="[40] /home/travis/build/icyphy/ptII/ptolemy/domains/de/test/auto/Modal5.xml (RunModel)" time="0.026" />
  <testcase classname="ptolemy.util.test.junit.AutoTests" name="[41] /home/travis/build/icyphy/ptII/ptolemy/domains/de/test/auto/Modal6.xml (RunModel)" time="0.024" />
  <testcase classname="ptolemy.util.test.junit.AutoTests" name="[42] /home/travis/build/icyphy/ptII/ptolemy/domains/de/test/auto/Modal7.xml (RunModel)" time="0.024" />
  <testcase classname="ptolemy.util.test.junit.AutoTests" name="[43] /home/travis/build/icyphy/ptII/ptolemy/domains/de/test/auto/ModalModel.xml (RunModel)" time="0.15" />
  <testcase classname="ptolemy.util.test.junit.AutoTests" name="[44] /home/travis/build/icyphy/ptII/ptolemy/domains/de/test/auto/ModalSource.xml (RunModel)" time="0.015" />
  <testcase classname="ptolemy.util.test.junit.AutoTests" name="[45] /home/travis/build/icyphy/ptII/ptolemy/domains/de/test/auto/NonInterruptibleTimerZeroDelay.xml (RunModel)" time="0.008" />
  <testcase classname="ptolemy.util.test.junit.AutoTests" name="[46] /home/travis/build/icyphy/ptII/ptolemy/domains/de/test/auto/OpenQueueingNetwork.xml (RunModel)" time="2.042" />
  <testcase classname="ptolemy.util.test.junit.AutoTests" name="[47] /home/travis/build/icyphy/ptII/ptolemy/domains/de/test/auto/OpenQueuingNetwork.xml (RunModel)" time="0.252" />
  <testcase classname="ptolemy.util.test.junit.AutoTests" name="[48] /home/travis/build/icyphy/ptII/ptolemy/domains/de/test/auto/PeriodicSampler.xml (RunModel)" time="0.008" />
  <testcase classname="ptolemy.util.test.junit.AutoTests" name="[49] /home/travis/build/icyphy/ptII/ptolemy/domains/de/test/auto/PersistentIO.xml (RunModel)" time="0.02" />
  <testcase classname="ptolemy.util.test.junit.AutoTests" name="[50] /home/travis/build/icyphy/ptII/ptolemy/domains/de/test/auto/PortParameterResetOnInitialize.xml (RunModel)" time="0.008" />
  <testcase classname="ptolemy.util.test.junit.AutoTests" name="[51] /home/travis/build/icyphy/ptII/ptolemy/domains/de/test/auto/PortParameterUpdates.xml (RunModel)" time="0.011" />
  <testcase classname="ptolemy.util.test.junit.AutoTests" name="[52] /home/travis/build/icyphy/ptII/ptolemy/domains/de/test/auto/QueueAndServer.xml (RunModel)" time="0.016" />
  <testcase classname="ptolemy.util.test.junit.AutoTests" name="[53] /home/travis/build/icyphy/ptII/ptolemy/domains/de/test/auto/Records.xml (RunModel)" time="0.01" />
  <testcase classname="ptolemy.util.test.junit.AutoTests" name="[54] /home/travis/build/icyphy/ptII/ptolemy/domains/de/test/auto/ResetTransitionWithStartTime1.xml (RunModel)" time="0.015" />
  <testcase classname="ptolemy.util.test.junit.AutoTests" name="[55] /home/travis/build/icyphy/ptII/ptolemy/domains/de/test/auto/ResetTransitionWithStartTime2.xml (RunModel)" time="0.015" />
  <testcase classname="ptolemy.util.test.junit.AutoTests" name="[56] /home/travis/build/icyphy/ptII/ptolemy/domains/de/test/auto/ResetTransitionWithStartTime3.xml (RunModel)" time="0.015" />
  <testcase classname="ptolemy.util.test.junit.AutoTests" name="[57] /home/travis/build/icyphy/ptII/ptolemy/domains/de/test/auto/ResetTransitionWithStartTime4.xml (RunModel)" time="0.015" />
  <testcase classname="ptolemy.util.test.junit.AutoTests" name="[58] /home/travis/build/icyphy/ptII/ptolemy/domains/de/test/auto/ResettableTimer1.xml (RunModel)" time="0.009" />
  <testcase classname="ptolemy.util.test.junit.AutoTests" name="[59] /home/travis/build/icyphy/ptII/ptolemy/domains/de/test/auto/ResettableTimer2.xml (RunModel)" time="0.007" />
  <testcase classname="ptolemy.util.test.junit.AutoTests" name="[60] /home/travis/build/icyphy/ptII/ptolemy/domains/de/test/auto/ResettableTimer3.xml (RunModel)" time="0.009" />
  <testcase classname="ptolemy.util.test.junit.AutoTests" name="[61] /home/travis/build/icyphy/ptII/ptolemy/domains/de/test/auto/ResettableTimer4.xml (RunModel)" time="0.009" />
  <testcase classname="ptolemy.util.test.junit.AutoTests" name="[62] /home/travis/build/icyphy/ptII/ptolemy/domains/de/test/auto/ResettableTimer5.xml (RunModel)" time="0.008" />
  <testcase classname="ptolemy.util.test.junit.AutoTests" name="[63] /home/travis/build/icyphy/ptII/ptolemy/domains/de/test/auto/ResettableTimer6.xml (RunModel)" time="0.017" />
  <testcase classname="ptolemy.util.test.junit.AutoTests" name="[64] /home/travis/build/icyphy/ptII/ptolemy/domains/de/test/auto/ServerZeroDelay.xml (RunModel)" time="0.014" />
  <testcase classname="ptolemy.util.test.junit.AutoTests" name="[65] /home/travis/build/icyphy/ptII/ptolemy/domains/de/test/auto/SmartSender.xml (RunModel)" time="3.007" />
  <testcase classname="ptolemy.util.test.junit.AutoTests" name="[66] /home/travis/build/icyphy/ptII/ptolemy/domains/de/test/auto/ThreadedComposite.xml (RunModel)" time="0.222" />
  <testcase classname="ptolemy.util.test.junit.AutoTests" name="[67] /home/travis/build/icyphy/ptII/ptolemy/domains/de/test/auto/Time.xml (RunModel)" time="0.416" />
  <testcase classname="ptolemy.util.test.junit.AutoTests" name="[68] /home/travis/build/icyphy/ptII/ptolemy/domains/de/test/auto/TimeDelayZeroDelay.xml (RunModel)" time="0.009" />
  <testcase classname="ptolemy.util.test.junit.AutoTests" name="[69] /home/travis/build/icyphy/ptII/ptolemy/domains/de/test/auto/TimerZeroDelay.xml (RunModel)" time="0.007" />
  <testcase classname="ptolemy.util.test.junit.AutoTests" name="[70] /home/travis/build/icyphy/ptII/ptolemy/domains/de/test/auto/TimingParadox.xml (RunModel)" time="0.336" />
  <testcase classname="ptolemy.util.test.junit.AutoTests" name="[71] /home/travis/build/icyphy/ptII/ptolemy/domains/de/test/auto/TransferInputs.xml (RunModel)" time="0.008" />
  <testcase classname="ptolemy.util.test.junit.AutoTests" name="[72] /home/travis/build/icyphy/ptII/ptolemy/domains/de/test/auto/TransferOutputs2.xml (RunModel)" time="0.014" />
  <testcase classname="ptolemy.util.test.junit.AutoTests" name="[73] /home/travis/build/icyphy/ptII/ptolemy/domains/de/test/auto/Trilateration.xml (RunModel)" time="10.885" />
  <testcase classname="ptolemy.util.test.junit.AutoTests" name="[74] /home/travis/build/icyphy/ptII/ptolemy/domains/de/test/auto/TwoSigmaDelta.xml (RunModel)" time="1.958" />
  <testcase classname="ptolemy.util.test.junit.AutoTests" name="[75] /home/travis/build/icyphy/ptII/ptolemy/domains/de/test/auto/VariableDelay.xml (RunModel)" time="0.01" />
  <testcase classname="ptolemy.util.test.junit.AutoTests" name="[76] /home/travis/build/icyphy/ptII/ptolemy/domains/de/test/auto/VariableDelay2.xml (RunModel)" time="0.007" />
  <testcase classname="ptolemy.util.test.junit.AutoTests" name="[77] /home/travis/build/icyphy/ptII/ptolemy/domains/de/test/auto/VariableDelayZeroDelay.xml (RunModel)" time="0.009" />
  <testcase classname="ptolemy.util.test.junit.AutoTests" name="[78] /home/travis/build/icyphy/ptII/ptolemy/domains/de/test/auto/VariableDelayZeroDelay2.xml (RunModel)" time="0.009" />
  <testcase classname="ptolemy.util.test.junit.AutoTests" name="[79] /home/travis/build/icyphy/ptII/ptolemy/domains/de/test/auto/deInCt.xml (RunModel)" time="0.016" />
  <testcase classname="ptolemy.util.test.junit.AutoTests" name="[80] /home/travis/build/icyphy/ptII/ptolemy/domains/de/test/auto/deInCt2.xml (RunModel)" time="0.012" />
  <testcase classname="ptolemy.util.test.junit.AutoTests" name="[81] /home/travis/build/icyphy/ptII/ptolemy/domains/de/test/auto/dynamicCausalityInterface1.xml (RunModel)" time="0.016" />
  <testcase classname="ptolemy.util.test.junit.AutoTests" name="[82] /home/travis/build/icyphy/ptII/ptolemy/domains/de/test/auto/fsm_de_test.xml (RunModel)" time="0.019" />
  <testcase classname="ptolemy.util.test.junit.AutoTests" name="[83] /home/travis/build/icyphy/ptII/ptolemy/domains/de/test/auto/functionDependencyReconstruction.xml (RunModel)" time="0.033" />
  <testcase classname="ptolemy.util.test.junit.AutoTests" name="[84] /home/travis/build/icyphy/ptII/ptolemy/domains/de/test/auto/multirate.xml (RunModel)" time="0.014" />
  <testcase classname="ptolemy.util.test.junit.AutoTests" name="[85] /home/travis/build/icyphy/ptII/ptolemy/domains/de/test/auto/multirate2.xml (RunModel)" time="0.013" />
  <testcase classname="ptolemy.util.test.junit.AutoTests" name="[86] /home/travis/build/icyphy/ptII/ptolemy/domains/de/test/auto/realtime.xml (RunModel)" time="10.011" />
  <testcase classname="ptolemy.util.test.junit.AutoTests" name="[87] /home/travis/build/icyphy/ptII/ptolemy/domains/de/test/auto/relationGroup.xml (RunModel)" time="0.006" />
  <testcase classname="ptolemy.util.test.junit.AutoTests" name="[88] /home/travis/build/icyphy/ptII/ptolemy/domains/de/test/auto/relationGroup2.xml (RunModel)" time="0.011" />
  <testcase classname="ptolemy.util.test.junit.AutoTests" name="[89] /home/travis/build/icyphy/ptII/ptolemy/domains/de/test/auto/sortWithOpaquePorts.xml (RunModel)" time="0.015" />
  <testcase classname="ptolemy.util.test.junit.AutoTests" name="[90] /home/travis/build/icyphy/ptII/ptolemy/domains/de/test/auto/transferInputsandOutputs.xml (RunModel)" time="0.02" />
  <testcase classname="ptolemy.util.test.junit.AutoTests" name="[91] /home/travis/build/icyphy/ptII/ptolemy/domains/de/test/auto/triggerType.xml (RunModel)" time="0.007" />
  <system-out><![CDATA[/home/travis/build/icyphy/ptII/ptolemy/domains/de/test/DependencyLoop.tcl
testDefs.tcl: setting time out to 9000 seconds at Mon Apr 29 15:15:02 UTC 2019
20 ms. Memory: 116224K Free: 97650K (84%)
16 ms. Memory: 146944K Free: 141166K (96%)
/home/travis/build/icyphy/ptII/ptolemy/domains/de/test/RunDETestsAsQSS.tcl
Run the DE tests using ptolemy.domains.qss.test.QSSDirectorTest, which extends QSSDirector and prints a message in the constructors.
------------------ testing $PTII/ptolemy/domains/de/test/auto/knownFailedTests/dependencyLoop.xml (Known Failure) 
11 ms. Memory: 146944K Free: 136513K (93%)


==== $PTIIhome/travis/build/icyphy/ptII/ptolemy/domains/de/test/../../../../: Auto Automatic test in file $PTII/ptolemy/domains/de/test/auto/knownFailedTests/dependencyLoop.xml
==== Contents of test case:

	    # FIXME: we should use $relativeFilename here, but it
	    # might have backslashes under Windows, which causes no end
	    # of trouble.
	    createAndExecute $file
	    list {}
	
.... Test generated KNOWN error:
    while executing
ptolemy.kernel.util.IllegalActionException: Found a zero delay loop containing .dependencyLoop.original
  in .dependencyLoop and .dependencyLoop.original
	at ptolemy.actor.util.CausalityInterfaceForComposites._computeOutputPortDepth(CausalityInterfaceForComposites.java:759)
	at ptolemy.actor.util.CausalityInterfaceForComposites._computeInputDepth(CausalityInterfaceForComposites.java:696)
	at ptolemy.actor.util.CausalityInterfaceForComposites._computeOutputPortDepth(CausalityInterfaceForComposites.java:765)
	at ptolemy.actor.util.CausalityInterfaceForComposites._computeInputDepth(CausalityInterfaceForComposites.java:696)
	at ptolemy.actor.util.CausalityInterfaceForComposites._computeOutputPortDepth(CausalityInterfaceForComposites.java:765)
	at ptolemy.actor.util.CausalityInterfaceForComposites._computeInputDepth(CausalityInterfaceForComposites.java:696)
	at ptolemy.actor.util.CausalityInterfaceForComposites._computeActorDepth(CausalityInterfaceForComposites.java:532)
	at ptolemy.actor.util.CausalityInterfaceForComposites.checkForCycles(CausalityInterfaceForComposites.java:96)
	at ptolemy.domains.de.kernel.DEDirector.preinitialize(DEDirector.java:1338)
	at ptolemy.actor.CompositeActor.preinitialize(CompositeActor.java:1828)
	at ptolemy.actor.Manager.preinitializeAndResolveTypes(Manager.java:1040)
	at ptolemy.actor.Manager.initialize(Manager.java:710)
	at ptolemy.actor.Manager.execute(Manager.java:356)
	at ptolemy.actor.Manager.run(Manager.java:1263)
	at ptolemy.actor.Manager$PtolemyRunThread.run(Manager.java:1915)

    while executing
ptolemy.kernel.util.IllegalActionException: Found a zero delay loop containing .dependencyLoop.original
  in .dependencyLoop and .dependencyLoop.original
    while executing
"java::new ptolemy.moml.MoMLSimpleApplication $file
"
    (procedure "createAndExecute" line 2)
    invoked from within
"createAndExecute $file"
    ("uplevel" body line 5)
    invoked from within
"uplevel $contents_of_test"
------------------ testing $PTII/ptolemy/domains/de/test/auto/knownFailedTests/DESDFClockTest.xml (Known Failure) 
2050 ms. Memory: 146944K Free: 121397K (83%)


==== $PTIIhome/travis/build/icyphy/ptII/ptolemy/domains/de/test/../../../../: Auto Automatic test in file $PTII/ptolemy/domains/de/test/auto/knownFailedTests/DESDFClockTest.xml
==== Contents of test case:

	    # FIXME: we should use $relativeFilename here, but it
	    # might have backslashes under Windows, which causes no end
	    # of trouble.
	    createAndExecute $file
	    list {}
	
.... Test generated KNOWN error:
    while executing
ptolemy.kernel.util.IllegalActionException: Actor is not ready to fire.  Perhaps UpSample.prefire() returned false? Try debugging the actor by selecting "Listen to Actor".  Also, for SDF check moml for tokenConsumptionRate on input.
  in .DESDFClockTest.Play Bell.Copy1:SDF Director and .DESDFClockTest.Play Bell.UpSample
	at ptolemy.actor.sched.StaticSchedulingDirector.fire(StaticSchedulingDirector.java:227)
	at ptolemy.domains.sdf.kernel.SDFDirector.fire(SDFDirector.java:500)
	at ptolemy.actor.CompositeActor.fire(CompositeActor.java:455)
	at ptolemy.domains.de.kernel.DEDirector._fire(DEDirector.java:1949)
	at ptolemy.domains.de.kernel.DEDirector.fire(DEDirector.java:502)
	at ptolemy.actor.CompositeActor.fire(CompositeActor.java:455)
	at ptolemy.actor.Manager.iterate(Manager.java:851)
	at ptolemy.actor.Manager.execute(Manager.java:369)
	at ptolemy.actor.Manager.run(Manager.java:1263)
	at ptolemy.actor.Manager$PtolemyRunThread.run(Manager.java:1915)

    while executing
ptolemy.kernel.util.IllegalActionException: Actor is not ready to fire.  Perhaps UpSample.prefire() returned false? Try debugging the actor by selecting "Listen to Actor".  Also, for SDF check moml for tokenConsumptionRate on input.
  in .DESDFClockTest.Play Bell.Copy1:SDF Director and .DESDFClockTest.Play Bell.UpSample
    while executing
"java::new ptolemy.moml.MoMLSimpleApplication $file
"
    (procedure "createAndExecute" line 2)
    invoked from within
"createAndExecute $file"
    ("uplevel" body line 5)
    invoked from within
"uplevel $contents_of_test"
------------------ testing $PTII/ptolemy/domains/de/test/auto/knownFailedTests/FSMSource.xml (Known Failure) 
31 ms. Memory: 146944K Free: 112044K (76%)
!!!! Auto was marked as failing, but now passes
------------------ testing $PTII/ptolemy/domains/de/test/auto/knownFailedTests/dependencyLoop2.xml (Known Failure) 
14 ms. Memory: 146944K Free: 110184K (75%)


==== $PTIIhome/travis/build/icyphy/ptII/ptolemy/domains/de/test/../../../../: Auto Automatic test in file $PTII/ptolemy/domains/de/test/auto/knownFailedTests/dependencyLoop2.xml
==== Contents of test case:

	    # FIXME: we should use $relativeFilename here, but it
	    # might have backslashes under Windows, which causes no end
	    # of trouble.
	    createAndExecute $file
	    list {}
	
.... Test generated KNOWN error:
    while executing
ptolemy.kernel.util.IllegalActionException: Found a zero delay loop containing .dependencyLoop2.original
  in .dependencyLoop2 and .dependencyLoop2.original
	at ptolemy.actor.util.CausalityInterfaceForComposites._computeOutputPortDepth(CausalityInterfaceForComposites.java:759)
	at ptolemy.actor.util.CausalityInterfaceForComposites._computeInputDepth(CausalityInterfaceForComposites.java:696)
	at ptolemy.actor.util.CausalityInterfaceForComposites._computeOutputPortDepth(CausalityInterfaceForComposites.java:765)
	at ptolemy.actor.util.CausalityInterfaceForComposites._computeInputDepth(CausalityInterfaceForComposites.java:696)
	at ptolemy.actor.util.CausalityInterfaceForComposites._computeOutputPortDepth(CausalityInterfaceForComposites.java:765)
	at ptolemy.actor.util.CausalityInterfaceForComposites._computeInputDepth(CausalityInterfaceForComposites.java:696)
	at ptolemy.actor.util.CausalityInterfaceForComposites._computeActorDepth(CausalityInterfaceForComposites.java:532)
	at ptolemy.actor.util.CausalityInterfaceForComposites.checkForCycles(CausalityInterfaceForComposites.java:96)
	at ptolemy.domains.de.kernel.DEDirector.preinitialize(DEDirector.java:1338)
	at ptolemy.actor.CompositeActor.preinitialize(CompositeActor.java:1828)
	at ptolemy.actor.Manager.preinitializeAndResolveTypes(Manager.java:1040)
	at ptolemy.actor.Manager.initialize(Manager.java:710)
	at ptolemy.actor.Manager.execute(Manager.java:356)
	at ptolemy.actor.Manager.run(Manager.java:1263)
	at ptolemy.actor.Manager$PtolemyRunThread.run(Manager.java:1915)

    while executing
ptolemy.kernel.util.IllegalActionException: Found a zero delay loop containing .dependencyLoop2.original
  in .dependencyLoop2 and .dependencyLoop2.original
    while executing
"java::new ptolemy.moml.MoMLSimpleApplication $file
"
    (procedure "createAndExecute" line 2)
    invoked from within
"createAndExecute $file"
    ("uplevel" body line 5)
    invoked from within
"uplevel $contents_of_test"
------------------ testing $PTII/ptolemy/domains/de/test/auto/knownFailedTests/HierarchicalModel.xml (Known Failure) 
8 ms. Memory: 146944K Free: 90016K (61%)


==== $PTIIhome/travis/build/icyphy/ptII/ptolemy/domains/de/test/../../../../: Auto Automatic test in file $PTII/ptolemy/domains/de/test/auto/knownFailedTests/HierarchicalModel.xml
==== Contents of test case:

	    # FIXME: we should use $relativeFilename here, but it
	    # might have backslashes under Windows, which causes no end
	    # of trouble.
	    createAndExecute $file
	    list {}
	
.... Test generated KNOWN error:
    while executing
ptolemy.kernel.util.IllegalActionException: Found a zero delay loop containing .HierarchicalModel.A
  in .HierarchicalModel and .HierarchicalModel.A
	at ptolemy.actor.util.CausalityInterfaceForComposites._computeOutputPortDepth(CausalityInterfaceForComposites.java:759)
	at ptolemy.actor.util.CausalityInterfaceForComposites._computeInputDepth(CausalityInterfaceForComposites.java:696)
	at ptolemy.actor.util.CausalityInterfaceForComposites._computeOutputPortDepth(CausalityInterfaceForComposites.java:765)
	at ptolemy.actor.util.CausalityInterfaceForComposites._computeInputDepth(CausalityInterfaceForComposites.java:696)
	at ptolemy.actor.util.CausalityInterfaceForComposites._computeOutputPortDepth(CausalityInterfaceForComposites.java:765)
	at ptolemy.actor.util.CausalityInterfaceForComposites._computeInputDepth(CausalityInterfaceForComposites.java:696)
	at ptolemy.actor.util.CausalityInterfaceForComposites._computeActorDepth(CausalityInterfaceForComposites.java:532)
	at ptolemy.actor.util.CausalityInterfaceForComposites.checkForCycles(CausalityInterfaceForComposites.java:96)
	at ptolemy.domains.de.kernel.DEDirector.preinitialize(DEDirector.java:1338)
	at ptolemy.actor.CompositeActor.preinitialize(CompositeActor.java:1828)
	at ptolemy.actor.Manager.preinitializeAndResolveTypes(Manager.java:1040)
	at ptolemy.actor.Manager.initialize(Manager.java:710)
	at ptolemy.actor.Manager.execute(Manager.java:356)
	at ptolemy.actor.Manager.run(Manager.java:1263)
	at ptolemy.actor.Manager$PtolemyRunThread.run(Manager.java:1915)

    while executing
ptolemy.kernel.util.IllegalActionException: Found a zero delay loop containing .HierarchicalModel.A
  in .HierarchicalModel and .HierarchicalModel.A
    while executing
"java::new ptolemy.moml.MoMLSimpleApplication $file
"
    (procedure "createAndExecute" line 2)
    invoked from within
"createAndExecute $file"
    ("uplevel" body line 5)
    invoked from within
"uplevel $contents_of_test"
------------------ testing $PTII/ptolemy/domains/de/test/auto/knownFailedTests/DirectFeedback.xml (Known Failure) 
8 ms. Memory: 146944K Free: 84757K (58%)


==== $PTIIhome/travis/build/icyphy/ptII/ptolemy/domains/de/test/../../../../: Auto Automatic test in file $PTII/ptolemy/domains/de/test/auto/knownFailedTests/DirectFeedback.xml
==== Contents of test case:

	    # FIXME: we should use $relativeFilename here, but it
	    # might have backslashes under Windows, which causes no end
	    # of trouble.
	    createAndExecute $file
	    list {}
	
.... Test generated KNOWN error:
    while executing
ptolemy.kernel.util.IllegalActionException: Test fails in iteration 1.
Value was: 1.0. Should have been: 2.0
  in .DirectFeedback.Test
	at ptolemy.actor.lib.Test.fire(Test.java:268)
	at ptolemy.domains.de.kernel.DEDirector._fire(DEDirector.java:1949)
	at ptolemy.domains.de.kernel.DEDirector.fire(DEDirector.java:502)
	at ptolemy.actor.CompositeActor.fire(CompositeActor.java:455)
	at ptolemy.actor.Manager.iterate(Manager.java:851)
	at ptolemy.actor.Manager.execute(Manager.java:369)
	at ptolemy.actor.Manager.run(Manager.java:1263)
	at ptolemy.actor.Manager$PtolemyRunThread.run(Manager.java:1915)

    while executing
ptolemy.kernel.util.IllegalActionException: Test fails in iteration 1.
Value was: 1.0. Should have been: 2.0
  in .DirectFeedback.Test
    while executing
"java::new ptolemy.moml.MoMLSimpleApplication $file
"
    (procedure "createAndExecute" line 2)
    invoked from within
"createAndExecute $file"
    ("uplevel" body line 5)
    invoked from within
"uplevel $contents_of_test"
------------------ testing $PTII/ptolemy/domains/de/test/auto/ActorDepthCalculation_actorWithoutPorts.xml
auto.tcl: Setting watchdog for 200 seconds at Mon Apr 29 15:15:05 UTC 2019
4 ms. Memory: 146944K Free: 138025K (94%)
ptolemy.util.test.WatchDog.cancel(): canceling Mon Apr 29 15:15:05 UTC 2019
auto.tcl: Setting watchdog for 200 seconds at Mon Apr 29 15:15:05 UTC 2019
11 ms. Memory: 146944K Free: 136755K (93%)
ptolemy.util.test.WatchDog.cancel(): canceling Mon Apr 29 15:15:05 UTC 2019
------------------ testing $PTII/ptolemy/domains/de/test/auto/AssemblyLine.xml
auto.tcl: Setting watchdog for 200 seconds at Mon Apr 29 15:15:05 UTC 2019
12 ms. Memory: 208384K Free: 183478K (88%)
ptolemy.util.test.WatchDog.cancel(): canceling Mon Apr 29 15:15:05 UTC 2019
auto.tcl: Setting watchdog for 200 seconds at Mon Apr 29 15:15:05 UTC 2019
11 ms. Memory: 208384K Free: 183478K (88%)
ptolemy.util.test.WatchDog.cancel(): canceling Mon Apr 29 15:15:05 UTC 2019
------------------ testing $PTII/ptolemy/domains/de/test/auto/CQBug1.xml
auto.tcl: Setting watchdog for 200 seconds at Mon Apr 29 15:15:05 UTC 2019
4 ms. Memory: 208384K Free: 197945K (95%)
ptolemy.util.test.WatchDog.cancel(): canceling Mon Apr 29 15:15:06 UTC 2019
auto.tcl: Setting watchdog for 200 seconds at Mon Apr 29 15:15:06 UTC 2019
2 ms. Memory: 208384K Free: 197945K (95%)
ptolemy.util.test.WatchDog.cancel(): canceling Mon Apr 29 15:15:06 UTC 2019
------------------ testing $PTII/ptolemy/domains/de/test/auto/CancelFireAt.xml
auto.tcl: Setting watchdog for 200 seconds at Mon Apr 29 15:15:06 UTC 2019
4 ms. Memory: 208384K Free: 201587K (97%)
ptolemy.util.test.WatchDog.cancel(): canceling Mon Apr 29 15:15:06 UTC 2019
auto.tcl: Setting watchdog for 200 seconds at Mon Apr 29 15:15:06 UTC 2019
6 ms. Memory: 208384K Free: 199566K (96%)
ptolemy.util.test.WatchDog.cancel(): canceling Mon Apr 29 15:15:06 UTC 2019
------------------ testing $PTII/ptolemy/domains/de/test/auto/CausalityAndComposabilityAnalysis.xml
auto.tcl: Setting watchdog for 200 seconds at Mon Apr 29 15:15:06 UTC 2019
18 ms. Memory: 208384K Free: 198644K (95%)
ptolemy.util.test.WatchDog.cancel(): canceling Mon Apr 29 15:15:06 UTC 2019
auto.tcl: Setting watchdog for 200 seconds at Mon Apr 29 15:15:06 UTC 2019
4 ms. Memory: 208384K Free: 196623K (94%)
ptolemy.util.test.WatchDog.cancel(): canceling Mon Apr 29 15:15:06 UTC 2019
------------------ testing $PTII/ptolemy/domains/de/test/auto/CausalityInterface1.xml
auto.tcl: Setting watchdog for 200 seconds at Mon Apr 29 15:15:06 UTC 2019
12 ms. Memory: 208384K Free: 196561K (94%)
ptolemy.util.test.WatchDog.cancel(): canceling Mon Apr 29 15:15:06 UTC 2019
auto.tcl: Setting watchdog for 200 seconds at Mon Apr 29 15:15:06 UTC 2019
8 ms. Memory: 208384K Free: 196561K (94%)
ptolemy.util.test.WatchDog.cancel(): canceling Mon Apr 29 15:15:06 UTC 2019
------------------ testing $PTII/ptolemy/domains/de/test/auto/CausalityInterface15.xml
auto.tcl: Setting watchdog for 200 seconds at Mon Apr 29 15:15:06 UTC 2019
10 ms. Memory: 208384K Free: 196549K (94%)
ptolemy.util.test.WatchDog.cancel(): canceling Mon Apr 29 15:15:06 UTC 2019
auto.tcl: Setting watchdog for 200 seconds at Mon Apr 29 15:15:06 UTC 2019
4 ms. Memory: 208384K Free: 196549K (94%)
ptolemy.util.test.WatchDog.cancel(): canceling Mon Apr 29 15:15:06 UTC 2019
------------------ testing $PTII/ptolemy/domains/de/test/auto/CausalityInterface2.xml
auto.tcl: Setting watchdog for 200 seconds at Mon Apr 29 15:15:06 UTC 2019
6 ms. Memory: 208384K Free: 196533K (94%)
ptolemy.util.test.WatchDog.cancel(): canceling Mon Apr 29 15:15:06 UTC 2019
auto.tcl: Setting watchdog for 200 seconds at Mon Apr 29 15:15:06 UTC 2019
7 ms. Memory: 208384K Free: 196533K (94%)
ptolemy.util.test.WatchDog.cancel(): canceling Mon Apr 29 15:15:06 UTC 2019
------------------ testing $PTII/ptolemy/domains/de/test/auto/CausalityInterface3.xml
auto.tcl: Setting watchdog for 200 seconds at Mon Apr 29 15:15:06 UTC 2019
5 ms. Memory: 208384K Free: 196546K (94%)
ptolemy.util.test.WatchDog.cancel(): canceling Mon Apr 29 15:15:06 UTC 2019
auto.tcl: Setting watchdog for 200 seconds at Mon Apr 29 15:15:06 UTC 2019
7 ms. Memory: 208384K Free: 196546K (94%)
ptolemy.util.test.WatchDog.cancel(): canceling Mon Apr 29 15:15:06 UTC 2019
------------------ testing $PTII/ptolemy/domains/de/test/auto/ClockDrift.xml
auto.tcl: Setting watchdog for 200 seconds at Mon Apr 29 15:15:06 UTC 2019
78 ms. Memory: 208384K Free: 188015K (90%)
ptolemy.util.test.WatchDog.cancel(): canceling Mon Apr 29 15:15:06 UTC 2019
auto.tcl: Setting watchdog for 200 seconds at Mon Apr 29 15:15:06 UTC 2019
47 ms. Memory: 208384K Free: 185994K (89%)
ptolemy.util.test.WatchDog.cancel(): canceling Mon Apr 29 15:15:06 UTC 2019
------------------ testing $PTII/ptolemy/domains/de/test/auto/ClockDriftAndValueChange.xml
auto.tcl: Setting watchdog for 200 seconds at Mon Apr 29 15:15:06 UTC 2019
24 ms. Memory: 208384K Free: 187849K (90%)
ptolemy.util.test.WatchDog.cancel(): canceling Mon Apr 29 15:15:06 UTC 2019
auto.tcl: Setting watchdog for 200 seconds at Mon Apr 29 15:15:06 UTC 2019
32 ms. Memory: 208384K Free: 185828K (89%)
ptolemy.util.test.WatchDog.cancel(): canceling Mon Apr 29 15:15:07 UTC 2019
------------------ testing $PTII/ptolemy/domains/de/test/auto/ClockDriftChange.xml
auto.tcl: Setting watchdog for 200 seconds at Mon Apr 29 15:15:07 UTC 2019
17 ms. Memory: 208384K Free: 191094K (92%)
ptolemy.util.test.WatchDog.cancel(): canceling Mon Apr 29 15:15:07 UTC 2019
auto.tcl: Setting watchdog for 200 seconds at Mon Apr 29 15:15:07 UTC 2019
28 ms. Memory: 208384K Free: 189073K (91%)
ptolemy.util.test.WatchDog.cancel(): canceling Mon Apr 29 15:15:07 UTC 2019
------------------ testing $PTII/ptolemy/domains/de/test/auto/ComposableCausalityAnalysis.xml
auto.tcl: Setting watchdog for 200 seconds at Mon Apr 29 15:15:07 UTC 2019
2 ms. Memory: 208384K Free: 196920K (94%)
ptolemy.util.test.WatchDog.cancel(): canceling Mon Apr 29 15:15:07 UTC 2019
auto.tcl: Setting watchdog for 200 seconds at Mon Apr 29 15:15:07 UTC 2019
2 ms. Memory: 208384K Free: 194899K (94%)
ptolemy.util.test.WatchDog.cancel(): canceling Mon Apr 29 15:15:07 UTC 2019
------------------ testing $PTII/ptolemy/domains/de/test/auto/DEFixedPointLimitation.xml
auto.tcl: Setting watchdog for 200 seconds at Mon Apr 29 15:15:07 UTC 2019
4 ms. Memory: 208384K Free: 196481K (94%)
ptolemy.util.test.WatchDog.cancel(): canceling Mon Apr 29 15:15:07 UTC 2019
auto.tcl: Setting watchdog for 200 seconds at Mon Apr 29 15:15:07 UTC 2019
1 ms. Memory: 208384K Free: 196481K (94%)
ptolemy.util.test.WatchDog.cancel(): canceling Mon Apr 29 15:15:07 UTC 2019
------------------ testing $PTII/ptolemy/domains/de/test/auto/DEScheduleTest.xml
auto.tcl: Setting watchdog for 200 seconds at Mon Apr 29 15:15:07 UTC 2019
6 ms. Memory: 208384K Free: 199057K (96%)
ptolemy.util.test.WatchDog.cancel(): canceling Mon Apr 29 15:15:07 UTC 2019
auto.tcl: Setting watchdog for 200 seconds at Mon Apr 29 15:15:07 UTC 2019
4 ms. Memory: 208384K Free: 196517K (94%)
ptolemy.util.test.WatchDog.cancel(): canceling Mon Apr 29 15:15:07 UTC 2019
------------------ testing $PTII/ptolemy/domains/de/test/auto/DEinDEwithStartTimes.xml
auto.tcl: Setting watchdog for 200 seconds at Mon Apr 29 15:15:07 UTC 2019
5 ms. Memory: 208384K Free: 196487K (94%)
ptolemy.util.test.WatchDog.cancel(): canceling Mon Apr 29 15:15:07 UTC 2019
auto.tcl: Setting watchdog for 200 seconds at Mon Apr 29 15:15:07 UTC 2019
3 ms. Memory: 208384K Free: 194466K (93%)
ptolemy.util.test.WatchDog.cancel(): canceling Mon Apr 29 15:15:07 UTC 2019
------------------ testing $PTII/ptolemy/domains/de/test/auto/DEinDEwithStartTimes2.xml
auto.tcl: Setting watchdog for 200 seconds at Mon Apr 29 15:15:07 UTC 2019
7 ms. Memory: 208384K Free: 196467K (94%)
ptolemy.util.test.WatchDog.cancel(): canceling Mon Apr 29 15:15:07 UTC 2019
auto.tcl: Setting watchdog for 200 seconds at Mon Apr 29 15:15:07 UTC 2019
10 ms. Memory: 208384K Free: 194446K (93%)
ptolemy.util.test.WatchDog.cancel(): canceling Mon Apr 29 15:15:07 UTC 2019
------------------ testing $PTII/ptolemy/domains/de/test/auto/DateDemo.xml
auto.tcl: Setting watchdog for 200 seconds at Mon Apr 29 15:15:07 UTC 2019
11 ms. Memory: 208384K Free: 189142K (91%)
ptolemy.util.test.WatchDog.cancel(): canceling Mon Apr 29 15:15:07 UTC 2019
auto.tcl: Setting watchdog for 200 seconds at Mon Apr 29 15:15:07 UTC 2019
6 ms. Memory: 208384K Free: 187121K (90%)
ptolemy.util.test.WatchDog.cancel(): canceling Mon Apr 29 15:15:07 UTC 2019
------------------ testing $PTII/ptolemy/domains/de/test/auto/DateToEvent.xml
auto.tcl: Setting watchdog for 200 seconds at Mon Apr 29 15:15:07 UTC 2019
2022 ms. Memory: 208384K Free: 184093K (88%)
ptolemy.util.test.WatchDog.cancel(): canceling Mon Apr 29 15:15:09 UTC 2019
auto.tcl: Setting watchdog for 200 seconds at Mon Apr 29 15:15:09 UTC 2019
2007 ms. Memory: 208384K Free: 184093K (88%)
ptolemy.util.test.WatchDog.cancel(): canceling Mon Apr 29 15:15:11 UTC 2019
------------------ testing $PTII/ptolemy/domains/de/test/auto/DepthTest1.xml
auto.tcl: Setting watchdog for 200 seconds at Mon Apr 29 15:15:11 UTC 2019
5 ms. Memory: 208384K Free: 198067K (95%)
ptolemy.util.test.WatchDog.cancel(): canceling Mon Apr 29 15:15:11 UTC 2019
auto.tcl: Setting watchdog for 200 seconds at Mon Apr 29 15:15:11 UTC 2019
2 ms. Memory: 208384K Free: 198067K (95%)
ptolemy.util.test.WatchDog.cancel(): canceling Mon Apr 29 15:15:11 UTC 2019
------------------ testing $PTII/ptolemy/domains/de/test/auto/DepthTest2.xml
auto.tcl: Setting watchdog for 200 seconds at Mon Apr 29 15:15:11 UTC 2019
6 ms. Memory: 208384K Free: 194426K (93%)
ptolemy.util.test.WatchDog.cancel(): canceling Mon Apr 29 15:15:12 UTC 2019
auto.tcl: Setting watchdog for 200 seconds at Mon Apr 29 15:15:12 UTC 2019
3 ms. Memory: 208384K Free: 194426K (93%)
ptolemy.util.test.WatchDog.cancel(): canceling Mon Apr 29 15:15:12 UTC 2019
------------------ testing $PTII/ptolemy/domains/de/test/auto/DepthTest3.xml
auto.tcl: Setting watchdog for 200 seconds at Mon Apr 29 15:15:12 UTC 2019
2 ms. Memory: 208384K Free: 198402K (95%)
ptolemy.util.test.WatchDog.cancel(): canceling Mon Apr 29 15:15:12 UTC 2019
auto.tcl: Setting watchdog for 200 seconds at Mon Apr 29 15:15:12 UTC 2019
2 ms. Memory: 208384K Free: 198402K (95%)
ptolemy.util.test.WatchDog.cancel(): canceling Mon Apr 29 15:15:12 UTC 2019
------------------ testing $PTII/ptolemy/domains/de/test/auto/DepthTest4.xml
auto.tcl: Setting watchdog for 200 seconds at Mon Apr 29 15:15:12 UTC 2019
3 ms. Memory: 208384K Free: 196468K (94%)
ptolemy.util.test.WatchDog.cancel(): canceling Mon Apr 29 15:15:12 UTC 2019
auto.tcl: Setting watchdog for 200 seconds at Mon Apr 29 15:15:12 UTC 2019
2 ms. Memory: 208384K Free: 196468K (94%)
ptolemy.util.test.WatchDog.cancel(): canceling Mon Apr 29 15:15:12 UTC 2019
------------------ testing $PTII/ptolemy/domains/de/test/auto/DepthTest5.xml
auto.tcl: Setting watchdog for 200 seconds at Mon Apr 29 15:15:12 UTC 2019
7 ms. Memory: 208384K Free: 196415K (94%)
ptolemy.util.test.WatchDog.cancel(): canceling Mon Apr 29 15:15:12 UTC 2019
auto.tcl: Setting watchdog for 200 seconds at Mon Apr 29 15:15:12 UTC 2019
2 ms. Memory: 208384K Free: 196415K (94%)
ptolemy.util.test.WatchDog.cancel(): canceling Mon Apr 29 15:15:12 UTC 2019
------------------ testing $PTII/ptolemy/domains/de/test/auto/DepthTest6.xml
auto.tcl: Setting watchdog for 200 seconds at Mon Apr 29 15:15:12 UTC 2019
6 ms. Memory: 208384K Free: 196391K (94%)
ptolemy.util.test.WatchDog.cancel(): canceling Mon Apr 29 15:15:12 UTC 2019
auto.tcl: Setting watchdog for 200 seconds at Mon Apr 29 15:15:12 UTC 2019
2 ms. Memory: 208384K Free: 196391K (94%)
ptolemy.util.test.WatchDog.cancel(): canceling Mon Apr 29 15:15:12 UTC 2019
------------------ testing $PTII/ptolemy/domains/de/test/auto/DepthTest7.xml
auto.tcl: Setting watchdog for 200 seconds at Mon Apr 29 15:15:12 UTC 2019
2 ms. Memory: 208384K Free: 196372K (94%)
ptolemy.util.test.WatchDog.cancel(): canceling Mon Apr 29 15:15:12 UTC 2019
auto.tcl: Setting watchdog for 200 seconds at Mon Apr 29 15:15:12 UTC 2019
2 ms. Memory: 208384K Free: 196372K (94%)
ptolemy.util.test.WatchDog.cancel(): canceling Mon Apr 29 15:15:12 UTC 2019
------------------ testing $PTII/ptolemy/domains/de/test/auto/EventToDate.xml
auto.tcl: Setting watchdog for 200 seconds at Mon Apr 29 15:15:12 UTC 2019
3010 ms. Memory: 208384K Free: 186289K (89%)
ptolemy.util.test.WatchDog.cancel(): canceling Mon Apr 29 15:15:15 UTC 2019
auto.tcl: Setting watchdog for 200 seconds at Mon Apr 29 15:15:15 UTC 2019
3005 ms. Memory: 208384K Free: 186289K (89%)
ptolemy.util.test.WatchDog.cancel(): canceling Mon Apr 29 15:15:18 UTC 2019
------------------ testing $PTII/ptolemy/domains/de/test/auto/FSM1.xml
auto.tcl: Setting watchdog for 200 seconds at Mon Apr 29 15:15:18 UTC 2019
16 ms. Memory: 208384K Free: 189551K (91%)
ptolemy.util.test.WatchDog.cancel(): canceling Mon Apr 29 15:15:18 UTC 2019
auto.tcl: Setting watchdog for 200 seconds at Mon Apr 29 15:15:18 UTC 2019
14 ms. Memory: 208384K Free: 185493K (89%)
ptolemy.util.test.WatchDog.cancel(): canceling Mon Apr 29 15:15:18 UTC 2019
------------------ testing $PTII/ptolemy/domains/de/test/auto/FSM7.xml
auto.tcl: Setting watchdog for 200 seconds at Mon Apr 29 15:15:18 UTC 2019
35 ms. Memory: 208384K Free: 187718K (90%)
ptolemy.util.test.WatchDog.cancel(): canceling Mon Apr 29 15:15:18 UTC 2019
auto.tcl: Setting watchdog for 200 seconds at Mon Apr 29 15:15:18 UTC 2019
14 ms. Memory: 208384K Free: 185681K (89%)
ptolemy.util.test.WatchDog.cancel(): canceling Mon Apr 29 15:15:18 UTC 2019
------------------ testing $PTII/ptolemy/domains/de/test/auto/Inspection.xml
auto.tcl: Setting watchdog for 200 seconds at Mon Apr 29 15:15:18 UTC 2019
32 ms. Memory: 208384K Free: 189473K (91%)
ptolemy.util.test.WatchDog.cancel(): canceling Mon Apr 29 15:15:18 UTC 2019
auto.tcl: Setting watchdog for 200 seconds at Mon Apr 29 15:15:18 UTC 2019
18 ms. Memory: 208384K Free: 187452K (90%)
ptolemy.util.test.WatchDog.cancel(): canceling Mon Apr 29 15:15:18 UTC 2019
------------------ testing $PTII/ptolemy/domains/de/test/auto/Iteration.xml
auto.tcl: Setting watchdog for 200 seconds at Mon Apr 29 15:15:18 UTC 2019
12 ms. Memory: 208384K Free: 194224K (93%)
ptolemy.util.test.WatchDog.cancel(): canceling Mon Apr 29 15:15:18 UTC 2019
auto.tcl: Setting watchdog for 200 seconds at Mon Apr 29 15:15:18 UTC 2019
7 ms. Memory: 208384K Free: 191676K (92%)
ptolemy.util.test.WatchDog.cancel(): canceling Mon Apr 29 15:15:18 UTC 2019
------------------ testing $PTII/ptolemy/domains/de/test/auto/LineFault.xml
auto.tcl: Setting watchdog for 200 seconds at Mon Apr 29 15:15:18 UTC 2019
685 ms. Memory: 208384K Free: 201041K (96%)
ptolemy.util.test.WatchDog.cancel(): canceling Mon Apr 29 15:15:19 UTC 2019
auto.tcl: Setting watchdog for 200 seconds at Mon Apr 29 15:15:19 UTC 2019
603 ms. Memory: 208384K Free: 145879K (70%)
ptolemy.util.test.WatchDog.cancel(): canceling Mon Apr 29 15:15:20 UTC 2019
------------------ testing $PTII/ptolemy/domains/de/test/auto/MergeModel1Add.xml
auto.tcl: Setting watchdog for 200 seconds at Mon Apr 29 15:15:20 UTC 2019
16 ms. Memory: 331264K Free: 300833K (91%)
ptolemy.util.test.WatchDog.cancel(): canceling Mon Apr 29 15:15:20 UTC 2019
auto.tcl: Setting watchdog for 200 seconds at Mon Apr 29 15:15:20 UTC 2019
9 ms. Memory: 331264K Free: 300833K (91%)
ptolemy.util.test.WatchDog.cancel(): canceling Mon Apr 29 15:15:20 UTC 2019
------------------ testing $PTII/ptolemy/domains/de/test/auto/MergeModel2Add.xml
auto.tcl: Setting watchdog for 200 seconds at Mon Apr 29 15:15:20 UTC 2019
15 ms. Memory: 331264K Free: 305729K (92%)
ptolemy.util.test.WatchDog.cancel(): canceling Mon Apr 29 15:15:20 UTC 2019
auto.tcl: Setting watchdog for 200 seconds at Mon Apr 29 15:15:20 UTC 2019
10 ms. Memory: 331264K Free: 302179K (91%)
ptolemy.util.test.WatchDog.cancel(): canceling Mon Apr 29 15:15:20 UTC 2019
------------------ testing $PTII/ptolemy/domains/de/test/auto/MergeModel3Add.xml
auto.tcl: Setting watchdog for 200 seconds at Mon Apr 29 15:15:20 UTC 2019
11 ms. Memory: 331264K Free: 305699K (92%)
ptolemy.util.test.WatchDog.cancel(): canceling Mon Apr 29 15:15:20 UTC 2019
auto.tcl: Setting watchdog for 200 seconds at Mon Apr 29 15:15:20 UTC 2019
9 ms. Memory: 331264K Free: 302162K (91%)
ptolemy.util.test.WatchDog.cancel(): canceling Mon Apr 29 15:15:20 UTC 2019
------------------ testing $PTII/ptolemy/domains/de/test/auto/MergeWithoutDiscard.xml
auto.tcl: Setting watchdog for 200 seconds at Mon Apr 29 15:15:20 UTC 2019
2 ms. Memory: 331264K Free: 317020K (96%)
ptolemy.util.test.WatchDog.cancel(): canceling Mon Apr 29 15:15:20 UTC 2019
auto.tcl: Setting watchdog for 200 seconds at Mon Apr 29 15:15:20 UTC 2019
1 ms. Memory: 331264K Free: 316345K (95%)
ptolemy.util.test.WatchDog.cancel(): canceling Mon Apr 29 15:15:20 UTC 2019
------------------ testing $PTII/ptolemy/domains/de/test/auto/Modal1.xml
auto.tcl: Setting watchdog for 200 seconds at Mon Apr 29 15:15:21 UTC 2019
11 ms. Memory: 331264K Free: 310643K (94%)
ptolemy.util.test.WatchDog.cancel(): canceling Mon Apr 29 15:15:21 UTC 2019
auto.tcl: Setting watchdog for 200 seconds at Mon Apr 29 15:15:21 UTC 2019
11 ms. Memory: 331264K Free: 307094K (93%)
ptolemy.util.test.WatchDog.cancel(): canceling Mon Apr 29 15:15:21 UTC 2019
------------------ testing $PTII/ptolemy/domains/de/test/auto/Modal2.xml
auto.tcl: Setting watchdog for 200 seconds at Mon Apr 29 15:15:21 UTC 2019
14 ms. Memory: 331264K Free: 310526K (94%)
ptolemy.util.test.WatchDog.cancel(): canceling Mon Apr 29 15:15:21 UTC 2019
auto.tcl: Setting watchdog for 200 seconds at Mon Apr 29 15:15:21 UTC 2019
16 ms. Memory: 331264K Free: 306976K (93%)
ptolemy.util.test.WatchDog.cancel(): canceling Mon Apr 29 15:15:21 UTC 2019
------------------ testing $PTII/ptolemy/domains/de/test/auto/Modal3.xml
auto.tcl: Setting watchdog for 200 seconds at Mon Apr 29 15:15:21 UTC 2019
17 ms. Memory: 331264K Free: 310508K (94%)
ptolemy.util.test.WatchDog.cancel(): canceling Mon Apr 29 15:15:21 UTC 2019
auto.tcl: Setting watchdog for 200 seconds at Mon Apr 29 15:15:21 UTC 2019
13 ms. Memory: 331264K Free: 306966K (93%)
ptolemy.util.test.WatchDog.cancel(): canceling Mon Apr 29 15:15:21 UTC 2019
------------------ testing $PTII/ptolemy/domains/de/test/auto/Modal4.xml
auto.tcl: Setting watchdog for 200 seconds at Mon Apr 29 15:15:21 UTC 2019
25 ms. Memory: 331264K Free: 310545K (94%)
ptolemy.util.test.WatchDog.cancel(): canceling Mon Apr 29 15:15:21 UTC 2019
auto.tcl: Setting watchdog for 200 seconds at Mon Apr 29 15:15:21 UTC 2019
16 ms. Memory: 331264K Free: 306995K (93%)
ptolemy.util.test.WatchDog.cancel(): canceling Mon Apr 29 15:15:21 UTC 2019
------------------ testing $PTII/ptolemy/domains/de/test/auto/Modal5.xml
auto.tcl: Setting watchdog for 200 seconds at Mon Apr 29 15:15:21 UTC 2019
17 ms. Memory: 331264K Free: 310532K (94%)
ptolemy.util.test.WatchDog.cancel(): canceling Mon Apr 29 15:15:21 UTC 2019
auto.tcl: Setting watchdog for 200 seconds at Mon Apr 29 15:15:21 UTC 2019
13 ms. Memory: 331264K Free: 306982K (93%)
ptolemy.util.test.WatchDog.cancel(): canceling Mon Apr 29 15:15:21 UTC 2019
------------------ testing $PTII/ptolemy/domains/de/test/auto/Modal6.xml
auto.tcl: Setting watchdog for 200 seconds at Mon Apr 29 15:15:21 UTC 2019
11 ms. Memory: 331264K Free: 305598K (92%)
ptolemy.util.test.WatchDog.cancel(): canceling Mon Apr 29 15:15:21 UTC 2019
auto.tcl: Setting watchdog for 200 seconds at Mon Apr 29 15:15:21 UTC 2019
13 ms. Memory: 331264K Free: 302056K (91%)
ptolemy.util.test.WatchDog.cancel(): canceling Mon Apr 29 15:15:21 UTC 2019
------------------ testing $PTII/ptolemy/domains/de/test/auto/Modal7.xml
auto.tcl: Setting watchdog for 200 seconds at Mon Apr 29 15:15:21 UTC 2019
15 ms. Memory: 331264K Free: 306972K (93%)
ptolemy.util.test.WatchDog.cancel(): canceling Mon Apr 29 15:15:21 UTC 2019
auto.tcl: Setting watchdog for 200 seconds at Mon Apr 29 15:15:21 UTC 2019
10 ms. Memory: 331264K Free: 303438K (92%)
ptolemy.util.test.WatchDog.cancel(): canceling Mon Apr 29 15:15:21 UTC 2019
------------------ testing $PTII/ptolemy/domains/de/test/auto/ModalModel.xml
auto.tcl: Setting watchdog for 200 seconds at Mon Apr 29 15:15:21 UTC 2019
166 ms. Memory: 331264K Free: 250638K (76%)
ptolemy.util.test.WatchDog.cancel(): canceling Mon Apr 29 15:15:22 UTC 2019
auto.tcl: Setting watchdog for 200 seconds at Mon Apr 29 15:15:22 UTC 2019
173 ms. Memory: 331264K Free: 193966K (59%)
ptolemy.util.test.WatchDog.cancel(): canceling Mon Apr 29 15:15:22 UTC 2019
------------------ testing $PTII/ptolemy/domains/de/test/auto/ModalSource.xml
auto.tcl: Setting watchdog for 200 seconds at Mon Apr 29 15:15:22 UTC 2019
6 ms. Memory: 331264K Free: 316715K (96%)
ptolemy.util.test.WatchDog.cancel(): canceling Mon Apr 29 15:15:22 UTC 2019
auto.tcl: Setting watchdog for 200 seconds at Mon Apr 29 15:15:22 UTC 2019
6 ms. Memory: 331264K Free: 313439K (95%)
ptolemy.util.test.WatchDog.cancel(): canceling Mon Apr 29 15:15:22 UTC 2019
------------------ testing $PTII/ptolemy/domains/de/test/auto/NonInterruptibleTimerZeroDelay.xml
auto.tcl: Setting watchdog for 200 seconds at Mon Apr 29 15:15:22 UTC 2019
4 ms. Memory: 331264K Free: 321074K (97%)
ptolemy.util.test.WatchDog.cancel(): canceling Mon Apr 29 15:15:22 UTC 2019
auto.tcl: Setting watchdog for 200 seconds at Mon Apr 29 15:15:22 UTC 2019
2 ms. Memory: 331264K Free: 317798K (96%)
ptolemy.util.test.WatchDog.cancel(): canceling Mon Apr 29 15:15:22 UTC 2019
------------------ testing $PTII/ptolemy/domains/de/test/auto/OpenQueueingNetwork.xml
auto.tcl: Setting watchdog for 200 seconds at Mon Apr 29 15:15:22 UTC 2019
2670 ms. Memory: 317952K Free: 197867K (62%)
ptolemy.util.test.WatchDog.cancel(): canceling Mon Apr 29 15:15:25 UTC 2019
auto.tcl: Setting watchdog for 200 seconds at Mon Apr 29 15:15:25 UTC 2019
2053 ms. Memory: 297472K Free: 123303K (41%)
ptolemy.util.test.WatchDog.cancel(): canceling Mon Apr 29 15:15:27 UTC 2019
------------------ testing $PTII/ptolemy/domains/de/test/auto/OpenQueuingNetwork.xml
auto.tcl: Setting watchdog for 200 seconds at Mon Apr 29 15:15:27 UTC 2019
233 ms. Memory: 296448K Free: 203846K (69%)
ptolemy.util.test.WatchDog.cancel(): canceling Mon Apr 29 15:15:27 UTC 2019
auto.tcl: Setting watchdog for 200 seconds at Mon Apr 29 15:15:27 UTC 2019
214 ms. Memory: 296448K Free: 150073K (51%)
ptolemy.util.test.WatchDog.cancel(): canceling Mon Apr 29 15:15:27 UTC 2019
------------------ testing $PTII/ptolemy/domains/de/test/auto/PeriodicSampler.xml
auto.tcl: Setting watchdog for 200 seconds at Mon Apr 29 15:15:27 UTC 2019
2 ms. Memory: 296960K Free: 284518K (96%)
ptolemy.util.test.WatchDog.cancel(): canceling Mon Apr 29 15:15:27 UTC 2019
auto.tcl: Setting watchdog for 200 seconds at Mon Apr 29 15:15:27 UTC 2019
2 ms. Memory: 296960K Free: 281451K (95%)
ptolemy.util.test.WatchDog.cancel(): canceling Mon Apr 29 15:15:27 UTC 2019
------------------ testing $PTII/ptolemy/domains/de/test/auto/PersistentIO.xml
auto.tcl: Setting watchdog for 200 seconds at Mon Apr 29 15:15:27 UTC 2019
16 ms. Memory: 296448K Free: 278496K (94%)
ptolemy.util.test.WatchDog.cancel(): canceling Mon Apr 29 15:15:27 UTC 2019
auto.tcl: Setting watchdog for 200 seconds at Mon Apr 29 15:15:27 UTC 2019
4 ms. Memory: 296448K Free: 275430K (93%)
ptolemy.util.test.WatchDog.cancel(): canceling Mon Apr 29 15:15:28 UTC 2019
------------------ testing $PTII/ptolemy/domains/de/test/auto/PortParameterResetOnInitialize.xml
auto.tcl: Setting watchdog for 200 seconds at Mon Apr 29 15:15:28 UTC 2019
2 ms. Memory: 296448K Free: 281401K (95%)
ptolemy.util.test.WatchDog.cancel(): canceling Mon Apr 29 15:15:28 UTC 2019
auto.tcl: Setting watchdog for 200 seconds at Mon Apr 29 15:15:28 UTC 2019
2 ms. Memory: 296448K Free: 281401K (95%)
ptolemy.util.test.WatchDog.cancel(): canceling Mon Apr 29 15:15:28 UTC 2019
------------------ testing $PTII/ptolemy/domains/de/test/auto/PortParameterUpdates.xml
auto.tcl: Setting watchdog for 200 seconds at Mon Apr 29 15:15:28 UTC 2019
4 ms. Memory: 298496K Free: 283436K (95%)
ptolemy.util.test.WatchDog.cancel(): canceling Mon Apr 29 15:15:28 UTC 2019
auto.tcl: Setting watchdog for 200 seconds at Mon Apr 29 15:15:28 UTC 2019
3 ms. Memory: 298496K Free: 280369K (94%)
ptolemy.util.test.WatchDog.cancel(): canceling Mon Apr 29 15:15:28 UTC 2019
------------------ testing $PTII/ptolemy/domains/de/test/auto/QueueAndServer.xml
auto.tcl: Setting watchdog for 200 seconds at Mon Apr 29 15:15:28 UTC 2019
12 ms. Memory: 296448K Free: 278269K (94%)
ptolemy.util.test.WatchDog.cancel(): canceling Mon Apr 29 15:15:28 UTC 2019
auto.tcl: Setting watchdog for 200 seconds at Mon Apr 29 15:15:28 UTC 2019
6 ms. Memory: 296448K Free: 278269K (94%)
ptolemy.util.test.WatchDog.cancel(): canceling Mon Apr 29 15:15:28 UTC 2019
------------------ testing $PTII/ptolemy/domains/de/test/auto/Records.xml
auto.tcl: Setting watchdog for 200 seconds at Mon Apr 29 15:15:28 UTC 2019
10 ms. Memory: 298496K Free: 285492K (96%)
ptolemy.util.test.WatchDog.cancel(): canceling Mon Apr 29 15:15:28 UTC 2019
auto.tcl: Setting watchdog for 200 seconds at Mon Apr 29 15:15:28 UTC 2019
2 ms. Memory: 298496K Free: 285492K (96%)
ptolemy.util.test.WatchDog.cancel(): canceling Mon Apr 29 15:15:28 UTC 2019
------------------ testing $PTII/ptolemy/domains/de/test/auto/ResetTransitionWithStartTime1.xml
auto.tcl: Setting watchdog for 200 seconds at Mon Apr 29 15:15:28 UTC 2019
16 ms. Memory: 296448K Free: 280403K (95%)
ptolemy.util.test.WatchDog.cancel(): canceling Mon Apr 29 15:15:28 UTC 2019
auto.tcl: Setting watchdog for 200 seconds at Mon Apr 29 15:15:28 UTC 2019
5 ms. Memory: 296448K Free: 280403K (95%)
ptolemy.util.test.WatchDog.cancel(): canceling Mon Apr 29 15:15:28 UTC 2019
------------------ testing $PTII/ptolemy/domains/de/test/auto/ResetTransitionWithStartTime2.xml
auto.tcl: Setting watchdog for 200 seconds at Mon Apr 29 15:15:28 UTC 2019
11 ms. Memory: 297984K Free: 281930K (95%)
ptolemy.util.test.WatchDog.cancel(): canceling Mon Apr 29 15:15:28 UTC 2019
auto.tcl: Setting watchdog for 200 seconds at Mon Apr 29 15:15:28 UTC 2019
5 ms. Memory: 297984K Free: 281930K (95%)
ptolemy.util.test.WatchDog.cancel(): canceling Mon Apr 29 15:15:28 UTC 2019
------------------ testing $PTII/ptolemy/domains/de/test/auto/ResetTransitionWithStartTime3.xml
auto.tcl: Setting watchdog for 200 seconds at Mon Apr 29 15:15:28 UTC 2019
5 ms. Memory: 296448K Free: 280254K (95%)
ptolemy.util.test.WatchDog.cancel(): canceling Mon Apr 29 15:15:28 UTC 2019
auto.tcl: Setting watchdog for 200 seconds at Mon Apr 29 15:15:28 UTC 2019
5 ms. Memory: 296448K Free: 280254K (95%)
ptolemy.util.test.WatchDog.cancel(): canceling Mon Apr 29 15:15:28 UTC 2019
------------------ testing $PTII/ptolemy/domains/de/test/auto/ResetTransitionWithStartTime4.xml
auto.tcl: Setting watchdog for 200 seconds at Mon Apr 29 15:15:28 UTC 2019
3 ms. Memory: 297984K Free: 281788K (95%)
ptolemy.util.test.WatchDog.cancel(): canceling Mon Apr 29 15:15:28 UTC 2019
auto.tcl: Setting watchdog for 200 seconds at Mon Apr 29 15:15:28 UTC 2019
3 ms. Memory: 297984K Free: 281788K (95%)
ptolemy.util.test.WatchDog.cancel(): canceling Mon Apr 29 15:15:28 UTC 2019
------------------ testing $PTII/ptolemy/domains/de/test/auto/ResettableTimer1.xml
auto.tcl: Setting watchdog for 200 seconds at Mon Apr 29 15:15:28 UTC 2019
2 ms. Memory: 296448K Free: 283298K (96%)
ptolemy.util.test.WatchDog.cancel(): canceling Mon Apr 29 15:15:28 UTC 2019
auto.tcl: Setting watchdog for 200 seconds at Mon Apr 29 15:15:28 UTC 2019
2 ms. Memory: 296448K Free: 283298K (96%)
ptolemy.util.test.WatchDog.cancel(): canceling Mon Apr 29 15:15:28 UTC 2019
------------------ testing $PTII/ptolemy/domains/de/test/auto/ResettableTimer2.xml
auto.tcl: Setting watchdog for 200 seconds at Mon Apr 29 15:15:28 UTC 2019
2 ms. Memory: 297984K Free: 285054K (96%)
ptolemy.util.test.WatchDog.cancel(): canceling Mon Apr 29 15:15:28 UTC 2019
auto.tcl: Setting watchdog for 200 seconds at Mon Apr 29 15:15:28 UTC 2019
2 ms. Memory: 297984K Free: 285054K (96%)
ptolemy.util.test.WatchDog.cancel(): canceling Mon Apr 29 15:15:28 UTC 2019
------------------ testing $PTII/ptolemy/domains/de/test/auto/ResettableTimer3.xml
auto.tcl: Setting watchdog for 200 seconds at Mon Apr 29 15:15:28 UTC 2019
1 ms. Memory: 296448K Free: 283356K (96%)
ptolemy.util.test.WatchDog.cancel(): canceling Mon Apr 29 15:15:28 UTC 2019
auto.tcl: Setting watchdog for 200 seconds at Mon Apr 29 15:15:28 UTC 2019
1 ms. Memory: 296448K Free: 283356K (96%)
ptolemy.util.test.WatchDog.cancel(): canceling Mon Apr 29 15:15:28 UTC 2019
------------------ testing $PTII/ptolemy/domains/de/test/auto/ResettableTimer4.xml
auto.tcl: Setting watchdog for 200 seconds at Mon Apr 29 15:15:28 UTC 2019
1 ms. Memory: 297472K Free: 284555K (96%)
ptolemy.util.test.WatchDog.cancel(): canceling Mon Apr 29 15:15:28 UTC 2019
auto.tcl: Setting watchdog for 200 seconds at Mon Apr 29 15:15:28 UTC 2019
1 ms. Memory: 297472K Free: 284555K (96%)
ptolemy.util.test.WatchDog.cancel(): canceling Mon Apr 29 15:15:28 UTC 2019
------------------ testing $PTII/ptolemy/domains/de/test/auto/ResettableTimer5.xml
auto.tcl: Setting watchdog for 200 seconds at Mon Apr 29 15:15:28 UTC 2019
1 ms. Memory: 296448K Free: 283537K (96%)
ptolemy.util.test.WatchDog.cancel(): canceling Mon Apr 29 15:15:28 UTC 2019
auto.tcl: Setting watchdog for 200 seconds at Mon Apr 29 15:15:28 UTC 2019
1 ms. Memory: 296448K Free: 283537K (96%)
ptolemy.util.test.WatchDog.cancel(): canceling Mon Apr 29 15:15:28 UTC 2019
------------------ testing $PTII/ptolemy/domains/de/test/auto/ResettableTimer6.xml
auto.tcl: Setting watchdog for 200 seconds at Mon Apr 29 15:15:28 UTC 2019
1 ms. Memory: 297472K Free: 282190K (95%)
ptolemy.util.test.WatchDog.cancel(): canceling Mon Apr 29 15:15:29 UTC 2019
auto.tcl: Setting watchdog for 200 seconds at Mon Apr 29 15:15:29 UTC 2019
2 ms. Memory: 297472K Free: 282190K (95%)
ptolemy.util.test.WatchDog.cancel(): canceling Mon Apr 29 15:15:29 UTC 2019
------------------ testing $PTII/ptolemy/domains/de/test/auto/ServerZeroDelay.xml
auto.tcl: Setting watchdog for 200 seconds at Mon Apr 29 15:15:29 UTC 2019
3 ms. Memory: 296448K Free: 286536K (97%)
ptolemy.util.test.WatchDog.cancel(): canceling Mon Apr 29 15:15:29 UTC 2019
auto.tcl: Setting watchdog for 200 seconds at Mon Apr 29 15:15:29 UTC 2019
2 ms. Memory: 296448K Free: 283485K (96%)
ptolemy.util.test.WatchDog.cancel(): canceling Mon Apr 29 15:15:29 UTC 2019
------------------ testing $PTII/ptolemy/domains/de/test/auto/SmartSender.xml
auto.tcl: Setting watchdog for 200 seconds at Mon Apr 29 15:15:29 UTC 2019
3001 ms. Memory: 297472K Free: 282354K (95%)
ptolemy.util.test.WatchDog.cancel(): canceling Mon Apr 29 15:15:32 UTC 2019
auto.tcl: Setting watchdog for 200 seconds at Mon Apr 29 15:15:32 UTC 2019
3001 ms. Memory: 297472K Free: 282354K (95%)
ptolemy.util.test.WatchDog.cancel(): canceling Mon Apr 29 15:15:35 UTC 2019
------------------ testing $PTII/ptolemy/domains/de/test/auto/ThreadedComposite.xml
auto.tcl: Setting watchdog for 200 seconds at Mon Apr 29 15:15:35 UTC 2019
220 ms. Memory: 296448K Free: 262154K (88%)
ptolemy.util.test.WatchDog.cancel(): canceling Mon Apr 29 15:15:35 UTC 2019
auto.tcl: Setting watchdog for 200 seconds at Mon Apr 29 15:15:35 UTC 2019
131 ms. Memory: 296448K Free: 247435K (83%)
ptolemy.util.test.WatchDog.cancel(): canceling Mon Apr 29 15:15:35 UTC 2019
------------------ testing $PTII/ptolemy/domains/de/test/auto/Time.xml
auto.tcl: Setting watchdog for 200 seconds at Mon Apr 29 15:15:35 UTC 2019
477 ms. Memory: 297472K Free: 238909K (80%)
ptolemy.util.test.WatchDog.cancel(): canceling Mon Apr 29 15:15:36 UTC 2019
auto.tcl: Setting watchdog for 200 seconds at Mon Apr 29 15:15:36 UTC 2019
473 ms. Memory: 297472K Free: 193151K (65%)
ptolemy.util.test.WatchDog.cancel(): canceling Mon Apr 29 15:15:36 UTC 2019
------------------ testing $PTII/ptolemy/domains/de/test/auto/TimeDelayZeroDelay.xml
auto.tcl: Setting watchdog for 200 seconds at Mon Apr 29 15:15:36 UTC 2019
1 ms. Memory: 296448K Free: 286292K (97%)
ptolemy.util.test.WatchDog.cancel(): canceling Mon Apr 29 15:15:36 UTC 2019
auto.tcl: Setting watchdog for 200 seconds at Mon Apr 29 15:15:36 UTC 2019
1 ms. Memory: 296448K Free: 283225K (96%)
ptolemy.util.test.WatchDog.cancel(): canceling Mon Apr 29 15:15:36 UTC 2019
------------------ testing $PTII/ptolemy/domains/de/test/auto/TimerZeroDelay.xml
auto.tcl: Setting watchdog for 200 seconds at Mon Apr 29 15:15:36 UTC 2019
2 ms. Memory: 296960K Free: 287009K (97%)
ptolemy.util.test.WatchDog.cancel(): canceling Mon Apr 29 15:15:36 UTC 2019
auto.tcl: Setting watchdog for 200 seconds at Mon Apr 29 15:15:36 UTC 2019
2 ms. Memory: 296960K Free: 283943K (96%)
ptolemy.util.test.WatchDog.cancel(): canceling Mon Apr 29 15:15:36 UTC 2019
------------------ testing $PTII/ptolemy/domains/de/test/auto/TimingParadox.xml
auto.tcl: Setting watchdog for 200 seconds at Mon Apr 29 15:15:36 UTC 2019
381 ms. Memory: 296448K Free: 224736K (76%)
ptolemy.util.test.WatchDog.cancel(): canceling Mon Apr 29 15:15:37 UTC 2019
auto.tcl: Setting watchdog for 200 seconds at Mon Apr 29 15:15:37 UTC 2019
351 ms. Memory: 296448K Free: 197281K (67%)
ptolemy.util.test.WatchDog.cancel(): canceling Mon Apr 29 15:15:37 UTC 2019
------------------ testing $PTII/ptolemy/domains/de/test/auto/TransferInputs.xml
auto.tcl: Setting watchdog for 200 seconds at Mon Apr 29 15:15:37 UTC 2019
2 ms. Memory: 296960K Free: 282905K (95%)
ptolemy.util.test.WatchDog.cancel(): canceling Mon Apr 29 15:15:37 UTC 2019
auto.tcl: Setting watchdog for 200 seconds at Mon Apr 29 15:15:37 UTC 2019
2 ms. Memory: 296960K Free: 282905K (95%)
ptolemy.util.test.WatchDog.cancel(): canceling Mon Apr 29 15:15:37 UTC 2019
------------------ testing $PTII/ptolemy/domains/de/test/auto/TransferOutputs2.xml
auto.tcl: Setting watchdog for 200 seconds at Mon Apr 29 15:15:37 UTC 2019
2 ms. Memory: 296448K Free: 278277K (94%)
ptolemy.util.test.WatchDog.cancel(): canceling Mon Apr 29 15:15:37 UTC 2019
auto.tcl: Setting watchdog for 200 seconds at Mon Apr 29 15:15:37 UTC 2019
2 ms. Memory: 296448K Free: 278277K (94%)
ptolemy.util.test.WatchDog.cancel(): canceling Mon Apr 29 15:15:37 UTC 2019
------------------ testing $PTII/ptolemy/domains/de/test/auto/Trilateration.xml
auto.tcl: Setting watchdog for 200 seconds at Mon Apr 29 15:15:37 UTC 2019
12159 ms. Memory: 562688K Free: 318283K (57%)
ptolemy.util.test.WatchDog.cancel(): canceling Mon Apr 29 15:15:50 UTC 2019
auto.tcl: Setting watchdog for 200 seconds at Mon Apr 29 15:15:50 UTC 2019
10177 ms. Memory: 444416K Free: 158018K (36%)
ptolemy.util.test.WatchDog.cancel(): canceling Mon Apr 29 15:16:01 UTC 2019
------------------ testing $PTII/ptolemy/domains/de/test/auto/TwoSigmaDelta.xml
auto.tcl: Setting watchdog for 200 seconds at Mon Apr 29 15:16:01 UTC 2019
2609 ms. Memory: 441344K Free: 130192K (29%)
ptolemy.util.test.WatchDog.cancel(): canceling Mon Apr 29 15:16:03 UTC 2019
auto.tcl: Setting watchdog for 200 seconds at Mon Apr 29 15:16:03 UTC 2019
2018 ms. Memory: 427520K Free: 234594K (55%)
ptolemy.util.test.WatchDog.cancel(): canceling Mon Apr 29 15:16:05 UTC 2019
------------------ testing $PTII/ptolemy/domains/de/test/auto/VariableDelay.xml
auto.tcl: Setting watchdog for 200 seconds at Mon Apr 29 15:16:05 UTC 2019
3 ms. Memory: 424960K Free: 407349K (96%)
ptolemy.util.test.WatchDog.cancel(): canceling Mon Apr 29 15:16:05 UTC 2019
auto.tcl: Setting watchdog for 200 seconds at Mon Apr 29 15:16:05 UTC 2019
2 ms. Memory: 424960K Free: 407349K (96%)
ptolemy.util.test.WatchDog.cancel(): canceling Mon Apr 29 15:16:05 UTC 2019
------------------ testing $PTII/ptolemy/domains/de/test/auto/VariableDelay2.xml
auto.tcl: Setting watchdog for 200 seconds at Mon Apr 29 15:16:06 UTC 2019
7 ms. Memory: 427520K Free: 413769K (97%)
ptolemy.util.test.WatchDog.cancel(): canceling Mon Apr 29 15:16:06 UTC 2019
auto.tcl: Setting watchdog for 200 seconds at Mon Apr 29 15:16:06 UTC 2019
1 ms. Memory: 427520K Free: 413769K (97%)
ptolemy.util.test.WatchDog.cancel(): canceling Mon Apr 29 15:16:06 UTC 2019
------------------ testing $PTII/ptolemy/domains/de/test/auto/VariableDelayZeroDelay.xml
auto.tcl: Setting watchdog for 200 seconds at Mon Apr 29 15:16:06 UTC 2019
2 ms. Memory: 424960K Free: 407772K (96%)
ptolemy.util.test.WatchDog.cancel(): canceling Mon Apr 29 15:16:06 UTC 2019
auto.tcl: Setting watchdog for 200 seconds at Mon Apr 29 15:16:06 UTC 2019
1 ms. Memory: 424960K Free: 407772K (96%)
ptolemy.util.test.WatchDog.cancel(): canceling Mon Apr 29 15:16:06 UTC 2019
------------------ testing $PTII/ptolemy/domains/de/test/auto/VariableDelayZeroDelay2.xml
auto.tcl: Setting watchdog for 200 seconds at Mon Apr 29 15:16:06 UTC 2019
1 ms. Memory: 427008K Free: 409818K (96%)
ptolemy.util.test.WatchDog.cancel(): canceling Mon Apr 29 15:16:06 UTC 2019
auto.tcl: Setting watchdog for 200 seconds at Mon Apr 29 15:16:06 UTC 2019
2 ms. Memory: 427008K Free: 409818K (96%)
ptolemy.util.test.WatchDog.cancel(): canceling Mon Apr 29 15:16:06 UTC 2019
------------------ testing $PTII/ptolemy/domains/de/test/auto/deInCt.xml
auto.tcl: Setting watchdog for 200 seconds at Mon Apr 29 15:16:06 UTC 2019
0
1
1
1
0
0
0
0
1
1
1
1
1
0
0
0
1
1
1
0
0
0
0
1
1
1
0
0
0
1
1
1
1
0
0
0
1
1
1
1
13 ms. Memory: 424960K Free: 407747K (96%)
ptolemy.util.test.WatchDog.cancel(): canceling Mon Apr 29 15:16:06 UTC 2019
auto.tcl: Setting watchdog for 200 seconds at Mon Apr 29 15:16:06 UTC 2019
0
1
1
1
0
0
0
1
1
1
1
0
0
0
1
1
1
1
1
0
0
1
1
1
0
0
1
1
1
1
1
1
5 ms. Memory: 424960K Free: 407747K (96%)
ptolemy.util.test.WatchDog.cancel(): canceling Mon Apr 29 15:16:06 UTC 2019
------------------ testing $PTII/ptolemy/domains/de/test/auto/deInCt2.xml
auto.tcl: Setting watchdog for 200 seconds at Mon Apr 29 15:16:06 UTC 2019
0
1
1
1
0
0
1
1
1
0
0
1
1
1
0
0
1
1
1
0
0
1
1
1
0
0
1
1
1
0
0
1
1
1
0
0
1
1
1
0
0
0
10 ms. Memory: 426496K Free: 409283K (96%)
ptolemy.util.test.WatchDog.cancel(): canceling Mon Apr 29 15:16:06 UTC 2019
auto.tcl: Setting watchdog for 200 seconds at Mon Apr 29 15:16:06 UTC 2019
0
1
1
1
0
0
1
1
1
0
0
1
1
1
0
0
1
1
1
0
0
1
1
1
0
0
1
1
1
0
0
1
1
1
0
0
1
1
1
0
0
0
5 ms. Memory: 426496K Free: 409283K (96%)
ptolemy.util.test.WatchDog.cancel(): canceling Mon Apr 29 15:16:06 UTC 2019
------------------ testing $PTII/ptolemy/domains/de/test/auto/dynamicCausalityInterface1.xml
auto.tcl: Setting watchdog for 200 seconds at Mon Apr 29 15:16:06 UTC 2019
1 ms. Memory: 424960K Free: 405674K (95%)
ptolemy.util.test.WatchDog.cancel(): canceling Mon Apr 29 15:16:06 UTC 2019
auto.tcl: Setting watchdog for 200 seconds at Mon Apr 29 15:16:06 UTC 2019
1 ms. Memory: 424960K Free: 405674K (95%)
ptolemy.util.test.WatchDog.cancel(): canceling Mon Apr 29 15:16:06 UTC 2019
------------------ testing $PTII/ptolemy/domains/de/test/auto/fsm_de_test.xml
auto.tcl: Setting watchdog for 200 seconds at Mon Apr 29 15:16:06 UTC 2019
6 ms. Memory: 426496K Free: 403685K (95%)
ptolemy.util.test.WatchDog.cancel(): canceling Mon Apr 29 15:16:06 UTC 2019
auto.tcl: Setting watchdog for 200 seconds at Mon Apr 29 15:16:06 UTC 2019
5 ms. Memory: 426496K Free: 403685K (95%)
ptolemy.util.test.WatchDog.cancel(): canceling Mon Apr 29 15:16:06 UTC 2019
------------------ testing $PTII/ptolemy/domains/de/test/auto/functionDependencyReconstruction.xml
auto.tcl: Setting watchdog for 200 seconds at Mon Apr 29 15:16:06 UTC 2019
2 ms. Memory: 424960K Free: 396616K (93%)
ptolemy.util.test.WatchDog.cancel(): canceling Mon Apr 29 15:16:06 UTC 2019
auto.tcl: Setting watchdog for 200 seconds at Mon Apr 29 15:16:06 UTC 2019
3 ms. Memory: 424960K Free: 396616K (93%)
ptolemy.util.test.WatchDog.cancel(): canceling Mon Apr 29 15:16:06 UTC 2019
------------------ testing $PTII/ptolemy/domains/de/test/auto/multirate.xml
auto.tcl: Setting watchdog for 200 seconds at Mon Apr 29 15:16:06 UTC 2019
7 ms. Memory: 425984K Free: 411963K (97%)
ptolemy.util.test.WatchDog.cancel(): canceling Mon Apr 29 15:16:06 UTC 2019
auto.tcl: Setting watchdog for 200 seconds at Mon Apr 29 15:16:06 UTC 2019
2 ms. Memory: 425984K Free: 406456K (95%)
ptolemy.util.test.WatchDog.cancel(): canceling Mon Apr 29 15:16:06 UTC 2019
------------------ testing $PTII/ptolemy/domains/de/test/auto/multirate2.xml
auto.tcl: Setting watchdog for 200 seconds at Mon Apr 29 15:16:06 UTC 2019
6 ms. Memory: 424960K Free: 411145K (97%)
ptolemy.util.test.WatchDog.cancel(): canceling Mon Apr 29 15:16:06 UTC 2019
auto.tcl: Setting watchdog for 200 seconds at Mon Apr 29 15:16:06 UTC 2019
3 ms. Memory: 424960K Free: 405622K (95%)
ptolemy.util.test.WatchDog.cancel(): canceling Mon Apr 29 15:16:06 UTC 2019
------------------ testing $PTII/ptolemy/domains/de/test/auto/realtime.xml
auto.tcl: Setting watchdog for 200 seconds at Mon Apr 29 15:16:06 UTC 2019
10002 ms. Memory: 425984K Free: 401842K (94%)
ptolemy.util.test.WatchDog.cancel(): canceling Mon Apr 29 15:16:16 UTC 2019
auto.tcl: Setting watchdog for 200 seconds at Mon Apr 29 15:16:16 UTC 2019
10000 ms. Memory: 425984K Free: 401842K (94%)
ptolemy.util.test.WatchDog.cancel(): canceling Mon Apr 29 15:16:26 UTC 2019
------------------ testing $PTII/ptolemy/domains/de/test/auto/relationGroup.xml
auto.tcl: Setting watchdog for 200 seconds at Mon Apr 29 15:16:26 UTC 2019
7 ms. Memory: 424960K Free: 411170K (97%)
ptolemy.util.test.WatchDog.cancel(): canceling Mon Apr 29 15:16:26 UTC 2019
auto.tcl: Setting watchdog for 200 seconds at Mon Apr 29 15:16:26 UTC 2019
1 ms. Memory: 424960K Free: 411170K (97%)
ptolemy.util.test.WatchDog.cancel(): canceling Mon Apr 29 15:16:26 UTC 2019
------------------ testing $PTII/ptolemy/domains/de/test/auto/relationGroup2.xml
auto.tcl: Setting watchdog for 200 seconds at Mon Apr 29 15:16:26 UTC 2019
6 ms. Memory: 425984K Free: 412219K (97%)
ptolemy.util.test.WatchDog.cancel(): canceling Mon Apr 29 15:16:26 UTC 2019
auto.tcl: Setting watchdog for 200 seconds at Mon Apr 29 15:16:26 UTC 2019
1 ms. Memory: 425984K Free: 412219K (97%)
ptolemy.util.test.WatchDog.cancel(): canceling Mon Apr 29 15:16:26 UTC 2019
------------------ testing $PTII/ptolemy/domains/de/test/auto/sortWithOpaquePorts.xml
auto.tcl: Setting watchdog for 200 seconds at Mon Apr 29 15:16:26 UTC 2019
2 ms. Memory: 424960K Free: 411196K (97%)
ptolemy.util.test.WatchDog.cancel(): canceling Mon Apr 29 15:16:26 UTC 2019
auto.tcl: Setting watchdog for 200 seconds at Mon Apr 29 15:16:26 UTC 2019
2 ms. Memory: 424960K Free: 411196K (97%)
ptolemy.util.test.WatchDog.cancel(): canceling Mon Apr 29 15:16:26 UTC 2019
------------------ testing $PTII/ptolemy/domains/de/test/auto/transferInputsandOutputs.xml
auto.tcl: Setting watchdog for 200 seconds at Mon Apr 29 15:16:26 UTC 2019
2 ms. Memory: 425984K Free: 403248K (95%)
ptolemy.util.test.WatchDog.cancel(): canceling Mon Apr 29 15:16:26 UTC 2019
auto.tcl: Setting watchdog for 200 seconds at Mon Apr 29 15:16:26 UTC 2019
2 ms. Memory: 425984K Free: 403248K (95%)
ptolemy.util.test.WatchDog.cancel(): canceling Mon Apr 29 15:16:26 UTC 2019
------------------ testing $PTII/ptolemy/domains/de/test/auto/triggerType.xml
auto.tcl: Setting watchdog for 200 seconds at Mon Apr 29 15:16:26 UTC 2019
2 ms. Memory: 424960K Free: 407698K (96%)
ptolemy.util.test.WatchDog.cancel(): canceling Mon Apr 29 15:16:26 UTC 2019
auto.tcl: Setting watchdog for 200 seconds at Mon Apr 29 15:16:26 UTC 2019
1 ms. Memory: 424960K Free: 407698K (96%)
ptolemy.util.test.WatchDog.cancel(): canceling Mon Apr 29 15:16:26 UTC 2019
04/29/19 03:16:27
Failed: 0  Total Tests: 192  ((Passed: 187, Newly Passed: 1)  Known Failed: 5) /home/travis/build/icyphy/ptII/ptolemy/domains/de/test
04/29/19 03:16:27
Failed: 0  Total Tests: 192  ((Passed: 187, Newly Passed: 1)  Known Failed: 5) /home/travis/build/icyphy/ptII/ptolemy/domains/de/test
----------------- testing (KnownFailure) /home/travis/build/icyphy/ptII/ptolemy/domains/de/test/auto/knownFailedTests/DESDFClockTest.xml
2010 ms. Memory: 425472K Free: 394485K (93%)
Known Failure: java.lang.reflect.InvocationTargetException
----------------- testing (KnownFailure) /home/travis/build/icyphy/ptII/ptolemy/domains/de/test/auto/knownFailedTests/DirectFeedback.xml
2 ms. Memory: 425472K Free: 367001K (86%)
Known Failure: java.lang.reflect.InvocationTargetException
----------------- testing (KnownFailure) /home/travis/build/icyphy/ptII/ptolemy/domains/de/test/auto/knownFailedTests/FSMSource.xml
13 ms. Memory: 425472K Free: 339516K (80%)
----------------- testing (KnownFailure) /home/travis/build/icyphy/ptII/ptolemy/domains/de/test/auto/knownFailedTests/HierarchicalModel.xml
2 ms. Memory: 425472K Free: 312016K (73%)
Known Failure: java.lang.reflect.InvocationTargetException
----------------- testing (KnownFailure) /home/travis/build/icyphy/ptII/ptolemy/domains/de/test/auto/knownFailedTests/dependencyLoop.xml
2 ms. Memory: 425472K Free: 270757K (64%)
Known Failure: java.lang.reflect.InvocationTargetException
----------------- testing (KnownFailure) /home/travis/build/icyphy/ptII/ptolemy/domains/de/test/auto/knownFailedTests/dependencyLoop2.xml
4 ms. Memory: 425472K Free: 229523K (54%)
Known Failure: java.lang.reflect.InvocationTargetException
No auto/linux-amd64/*.xml tests in /home/travis/build/icyphy/ptII/ptolemy/domains/de/test
AutoTests.java: About to close Vertx.
AutoTests.java: Vertx closed.

===========================================================================================
----------------- testing Mon Apr 29 15:16:29 UTC 2019 /home/travis/build/icyphy/ptII/ptolemy/domains/de/test/auto/ActorDepthCalculation_actorWithoutPorts.xml
----------------- Instantiating /home/travis/build/icyphy/ptII/ptolemy/domains/de/test/auto/ActorDepthCalculation_actorWithoutPorts.xml
2 ms. Memory: 425472K Free: 195167K (46%)
----------------- Invoking toplevel() on ptolemy.moml.MoMLSimpleApplication@4b9c894d
----------------- Done invoking toplevel() on ptolemy.moml.MoMLSimpleApplication@4b9c894d
reloadAllAccessors: .ActorDepthCalculation_actorWithoutPorts

===========================================================================================
----------------- testing Mon Apr 29 15:16:29 UTC 2019 /home/travis/build/icyphy/ptII/ptolemy/domains/de/test/auto/AssemblyLine.xml
----------------- Instantiating /home/travis/build/icyphy/ptII/ptolemy/domains/de/test/auto/AssemblyLine.xml
2 ms. Memory: 425472K Free: 181425K (43%)
----------------- Invoking toplevel() on ptolemy.moml.MoMLSimpleApplication@49c5ef72
----------------- Done invoking toplevel() on ptolemy.moml.MoMLSimpleApplication@49c5ef72
reloadAllAccessors: .AssemblyLine

===========================================================================================
----------------- testing Mon Apr 29 15:16:29 UTC 2019 /home/travis/build/icyphy/ptII/ptolemy/domains/de/test/auto/CQBug1.xml
----------------- Instantiating /home/travis/build/icyphy/ptII/ptolemy/domains/de/test/auto/CQBug1.xml
2 ms. Memory: 425472K Free: 167683K (39%)
----------------- Invoking toplevel() on ptolemy.moml.MoMLSimpleApplication@30371381
----------------- Done invoking toplevel() on ptolemy.moml.MoMLSimpleApplication@30371381
reloadAllAccessors: .CQBug1

===========================================================================================
----------------- testing Mon Apr 29 15:16:29 UTC 2019 /home/travis/build/icyphy/ptII/ptolemy/domains/de/test/auto/CancelFireAt.xml
----------------- Instantiating /home/travis/build/icyphy/ptII/ptolemy/domains/de/test/auto/CancelFireAt.xml
1 ms. Memory: 425472K Free: 153941K (36%)
----------------- Invoking toplevel() on ptolemy.moml.MoMLSimpleApplication@78c91229
----------------- Done invoking toplevel() on ptolemy.moml.MoMLSimpleApplication@78c91229
reloadAllAccessors: .CancelFireAt

===========================================================================================
----------------- testing Mon Apr 29 15:16:29 UTC 2019 /home/travis/build/icyphy/ptII/ptolemy/domains/de/test/auto/CausalityAndComposabilityAnalysis.xml
----------------- Instantiating /home/travis/build/icyphy/ptII/ptolemy/domains/de/test/auto/CausalityAndComposabilityAnalysis.xml
2 ms. Memory: 425472K Free: 140199K (33%)
----------------- Invoking toplevel() on ptolemy.moml.MoMLSimpleApplication@8490a17
----------------- Done invoking toplevel() on ptolemy.moml.MoMLSimpleApplication@8490a17
reloadAllAccessors: .CausalityAndComposabilityAnalysis

===========================================================================================
----------------- testing Mon Apr 29 15:16:29 UTC 2019 /home/travis/build/icyphy/ptII/ptolemy/domains/de/test/auto/CausalityInterface1.xml
----------------- Instantiating /home/travis/build/icyphy/ptII/ptolemy/domains/de/test/auto/CausalityInterface1.xml
5 ms. Memory: 425472K Free: 126457K (30%)
----------------- Invoking toplevel() on ptolemy.moml.MoMLSimpleApplication@5ce4645b
----------------- Done invoking toplevel() on ptolemy.moml.MoMLSimpleApplication@5ce4645b
reloadAllAccessors: .CausalityInterface1

===========================================================================================
----------------- testing Mon Apr 29 15:16:29 UTC 2019 /home/travis/build/icyphy/ptII/ptolemy/domains/de/test/auto/CausalityInterface15.xml
----------------- Instantiating /home/travis/build/icyphy/ptII/ptolemy/domains/de/test/auto/CausalityInterface15.xml
1 ms. Memory: 425472K Free: 112714K (26%)
----------------- Invoking toplevel() on ptolemy.moml.MoMLSimpleApplication@2077413a
----------------- Done invoking toplevel() on ptolemy.moml.MoMLSimpleApplication@2077413a
reloadAllAccessors: .CausalityInterface15

[...]
java.lang.RuntimeException: Execution failed
	at ptolemy.moml.MoMLSimpleApplication$UnloadThread.run(MoMLSimpleApplication.java:402)
Caused by: ptolemy.kernel.util.IllegalActionException: Test fails in iteration 1.
Value was: 1.0. Should have been: 2.0
  in .DirectFeedback.Test
	at ptolemy.actor.lib.Test.fire(Test.java:268)
	at ptolemy.domains.de.kernel.DEDirector._fire(DEDirector.java:1949)
	at ptolemy.domains.de.kernel.DEDirector.fire(DEDirector.java:502)
	at ptolemy.actor.CompositeActor.fire(CompositeActor.java:455)
	at ptolemy.actor.Manager.iterate(Manager.java:851)
	at ptolemy.actor.Manager.execute(Manager.java:369)
	at ptolemy.actor.Manager.run(Manager.java:1263)
	at ptolemy.actor.Manager$PtolemyRunThread.run(Manager.java:1915)
java.lang.RuntimeException: Execution failed
	at ptolemy.moml.MoMLSimpleApplication$UnloadThread.run(MoMLSimpleApplication.java:402)
Caused by: ptolemy.kernel.util.IllegalActionException: Actor is not ready to fire.  Perhaps UpSample.prefire() returned false? Try debugging the actor by selecting "Listen to Actor".  Also, for SDF check moml for tokenConsumptionRate on input.
  in .DESDFClockTest.Play Bell.Copy1:SDF Director and .DESDFClockTest.Play Bell.UpSample
	at ptolemy.actor.sched.StaticSchedulingDirector.fire(StaticSchedulingDirector.java:227)
	at ptolemy.domains.sdf.kernel.SDFDirector.fire(SDFDirector.java:500)
	at ptolemy.actor.CompositeActor.fire(CompositeActor.java:455)
	at ptolemy.domains.de.kernel.DEDirector._fire(DEDirector.java:1949)
	at ptolemy.domains.de.kernel.DEDirector.fire(DEDirector.java:502)
	at ptolemy.actor.CompositeActor.fire(CompositeActor.java:455)
	at ptolemy.actor.Manager.iterate(Manager.java:851)
	at ptolemy.actor.Manager.execute(Manager.java:369)
	at ptolemy.actor.Manager.run(Manager.java:1263)
	at ptolemy.actor.Manager$PtolemyRunThread.run(Manager.java:1915)
java.lang.reflect.InvocationTargetException
	at sun.reflect.NativeConstructorAccessorImpl.newInstance0(Native Method)
	at sun.reflect.NativeConstructorAccessorImpl.newInstance(NativeConstructorAccessorImpl.java:62)
	at sun.reflect.DelegatingConstructorAccessorImpl.newInstance(DelegatingConstructorAccessorImpl.java:45)
	at java.lang.reflect.Constructor.newInstance(Constructor.java:423)
	at ptolemy.util.test.junit.AutoKnownFailedTests.RunModel(AutoKnownFailedTests.java:105)
	at sun.reflect.NativeMethodAccessorImpl.invoke0(Native Method)
	at sun.reflect.NativeMethodAccessorImpl.invoke(NativeMethodAccessorImpl.java:62)
	at sun.reflect.DelegatingMethodAccessorImpl.invoke(DelegatingMethodAccessorImpl.java:43)
	at java.lang.reflect.Method.invoke(Method.java:498)
	at org.junit.runners.model.FrameworkMethod$1.runReflectiveCall(FrameworkMethod.java:44)
	at org.junit.internal.runners.model.ReflectiveCallable.run(ReflectiveCallable.java:15)
	at org.junit.runners.model.FrameworkMethod.invokeExplosively(FrameworkMethod.java:41)
	at junitparams.internal.InvokeParameterisedMethod.evaluate(InvokeParameterisedMethod.java:102)
	at org.junit.internal.runners.statements.FailOnTimeout$1.run(FailOnTimeout.java:28)
Caused by: ptolemy.kernel.util.IllegalActionException: Actor is not ready to fire.  Perhaps UpSample.prefire() returned false? Try debugging the actor by selecting "Listen to Actor".  Also, for SDF check moml for tokenConsumptionRate on input.
  in .DESDFClockTest.Play Bell.Copy1:SDF Director and .DESDFClockTest.Play Bell.UpSample
	at ptolemy.actor.sched.StaticSchedulingDirector.fire(StaticSchedulingDirector.java:227)
	at ptolemy.domains.sdf.kernel.SDFDirector.fire(SDFDirector.java:500)
	at ptolemy.actor.CompositeActor.fire(CompositeActor.java:455)
	at ptolemy.domains.de.kernel.DEDirector._fire(DEDirector.java:1949)
	at ptolemy.domains.de.kernel.DEDirector.fire(DEDirector.java:502)
	at ptolemy.actor.CompositeActor.fire(CompositeActor.java:455)
	at ptolemy.actor.Manager.iterate(Manager.java:851)
	at ptolemy.actor.Manager.execute(Manager.java:369)
	at ptolemy.actor.Manager.run(Manager.java:1263)
	at ptolemy.actor.Manager$PtolemyRunThread.run(Manager.java:1915)
java.lang.RuntimeException: Execution failed
	at ptolemy.moml.MoMLSimpleApplication$UnloadThread.run(MoMLSimpleApplication.java:402)
Caused by: ptolemy.kernel.util.IllegalActionException: Test fails in iteration 1.
Value was: 1.0. Should have been: 2.0
  in .DirectFeedback.Test
	at ptolemy.actor.lib.Test.fire(Test.java:268)
	at ptolemy.domains.de.kernel.DEDirector._fire(DEDirector.java:1949)
	at ptolemy.domains.de.kernel.DEDirector.fire(DEDirector.java:502)
	at ptolemy.actor.CompositeActor.fire(CompositeActor.java:455)
	at ptolemy.actor.Manager.iterate(Manager.java:851)
	at ptolemy.actor.Manager.execute(Manager.java:369)
	at ptolemy.actor.Manager.run(Manager.java:1263)
	at ptolemy.actor.Manager$PtolemyRunThread.run(Manager.java:1915)
java.lang.reflect.InvocationTargetException
	at sun.reflect.NativeConstructorAccessorImpl.newInstance0(Native Method)
	at sun.reflect.NativeConstructorAccessorImpl.newInstance(NativeConstructorAccessorImpl.java:62)
	at sun.reflect.DelegatingConstructorAccessorImpl.newInstance(DelegatingConstructorAccessorImpl.java:45)
	at java.lang.reflect.Constructor.newInstance(Constructor.java:423)
	at ptolemy.util.test.junit.AutoKnownFailedTests.RunModel(AutoKnownFailedTests.java:105)
	at sun.reflect.NativeMethodAccessorImpl.invoke0(Native Method)
	at sun.reflect.NativeMethodAccessorImpl.invoke(NativeMethodAccessorImpl.java:62)
	at sun.reflect.DelegatingMethodAccessorImpl.invoke(DelegatingMethodAccessorImpl.java:43)
	at java.lang.reflect.Method.invoke(Method.java:498)
	at org.junit.runners.model.FrameworkMethod$1.runReflectiveCall(FrameworkMethod.java:44)
	at org.junit.internal.runners.model.ReflectiveCallable.run(ReflectiveCallable.java:15)
	at org.junit.runners.model.FrameworkMethod.invokeExplosively(FrameworkMethod.java:41)
	at junitparams.internal.InvokeParameterisedMethod.evaluate(InvokeParameterisedMethod.java:102)
	at org.junit.internal.runners.statements.FailOnTimeout$1.run(FailOnTimeout.java:28)
Caused by: ptolemy.kernel.util.IllegalActionException: Test fails in iteration 1.
Value was: 1.0. Should have been: 2.0
  in .DirectFeedback.Test
	at ptolemy.actor.lib.Test.fire(Test.java:268)
	at ptolemy.domains.de.kernel.DEDirector._fire(DEDirector.java:1949)
	at ptolemy.domains.de.kernel.DEDirector.fire(DEDirector.java:502)
	at ptolemy.actor.CompositeActor.fire(CompositeActor.java:455)
	at ptolemy.actor.Manager.iterate(Manager.java:851)
	at ptolemy.actor.Manager.execute(Manager.java:369)
	at ptolemy.actor.Manager.run(Manager.java:1263)
	at ptolemy.actor.Manager$PtolemyRunThread.run(Manager.java:1915)
java.lang.RuntimeException: Execution failed
	at ptolemy.moml.MoMLSimpleApplication$UnloadThread.run(MoMLSimpleApplication.java:402)
Caused by: ptolemy.kernel.util.IllegalActionException: Found a zero delay loop containing .HierarchicalModel.A
  in .HierarchicalModel and .HierarchicalModel.A
	at ptolemy.actor.util.CausalityInterfaceForComposites._computeOutputPortDepth(CausalityInterfaceForComposites.java:759)
	at ptolemy.actor.util.CausalityInterfaceForComposites._computeInputDepth(CausalityInterfaceForComposites.java:696)
	at ptolemy.actor.util.CausalityInterfaceForComposites._computeOutputPortDepth(CausalityInterfaceForComposites.java:765)
	at ptolemy.actor.util.CausalityInterfaceForComposites._computeInputDepth(CausalityInterfaceForComposites.java:696)
	at ptolemy.actor.util.CausalityInterfaceForComposites._computeOutputPortDepth(CausalityInterfaceForComposites.java:765)
	at ptolemy.actor.util.CausalityInterfaceForComposites._computeInputDepth(CausalityInterfaceForComposites.java:696)
	at ptolemy.actor.util.CausalityInterfaceForComposites._computeActorDepth(CausalityInterfaceForComposites.java:532)
	at ptolemy.actor.util.CausalityInterfaceForComposites.checkForCycles(CausalityInterfaceForComposites.java:96)
	at ptolemy.domains.de.kernel.DEDirector.preinitialize(DEDirector.java:1338)
	at ptolemy.actor.CompositeActor.preinitialize(CompositeActor.java:1828)
	at ptolemy.actor.Manager.preinitializeAndResolveTypes(Manager.java:1040)
	at ptolemy.actor.Manager.initialize(Manager.java:710)
	at ptolemy.actor.Manager.execute(Manager.java:356)
	at ptolemy.actor.Manager.run(Manager.java:1263)
	at ptolemy.actor.Manager$PtolemyRunThread.run(Manager.java:1915)
java.lang.reflect.InvocationTargetException
	at sun.reflect.NativeConstructorAccessorImpl.newInstance0(Native Method)
	at sun.reflect.NativeConstructorAccessorImpl.newInstance(NativeConstructorAccessorImpl.java:62)
	at sun.reflect.DelegatingConstructorAccessorImpl.newInstance(DelegatingConstructorAccessorImpl.java:45)
	at java.lang.reflect.Constructor.newInstance(Constructor.java:423)
	at ptolemy.util.test.junit.AutoKnownFailedTests.RunModel(AutoKnownFailedTests.java:105)
	at sun.reflect.NativeMethodAccessorImpl.invoke0(Native Method)
	at sun.reflect.NativeMethodAccessorImpl.invoke(NativeMethodAccessorImpl.java:62)
	at sun.reflect.DelegatingMethodAccessorImpl.invoke(DelegatingMethodAccessorImpl.java:43)
	at java.lang.reflect.Method.invoke(Method.java:498)
	at org.junit.runners.model.FrameworkMethod$1.runReflectiveCall(FrameworkMethod.java:44)
	at org.junit.internal.runners.model.ReflectiveCallable.run(ReflectiveCallable.java:15)
	at org.junit.runners.model.FrameworkMethod.invokeExplosively(FrameworkMethod.java:41)
	at junitparams.internal.InvokeParameterisedMethod.evaluate(InvokeParameterisedMethod.java:102)
	at org.junit.internal.runners.statements.FailOnTimeout$1.run(FailOnTimeout.java:28)
Caused by: ptolemy.kernel.util.IllegalActionException: Found a zero delay loop containing .HierarchicalModel.A
  in .HierarchicalModel and .HierarchicalModel.A
	at ptolemy.actor.util.CausalityInterfaceForComposites._computeOutputPortDepth(CausalityInterfaceForComposites.java:759)
	at ptolemy.actor.util.CausalityInterfaceForComposites._computeInputDepth(CausalityInterfaceForComposites.java:696)
	at ptolemy.actor.util.CausalityInterfaceForComposites._computeOutputPortDepth(CausalityInterfaceForComposites.java:765)
	at ptolemy.actor.util.CausalityInterfaceForComposites._computeInputDepth(CausalityInterfaceForComposites.java:696)
	at ptolemy.actor.util.CausalityInterfaceForComposites._computeOutputPortDepth(CausalityInterfaceForComposites.java:765)
	at ptolemy.actor.util.CausalityInterfaceForComposites._computeInputDepth(CausalityInterfaceForComposites.java:696)
	at ptolemy.actor.util.CausalityInterfaceForComposites._computeActorDepth(CausalityInterfaceForComposites.java:532)
	at ptolemy.actor.util.CausalityInterfaceForComposites.checkForCycles(CausalityInterfaceForComposites.java:96)
	at ptolemy.domains.de.kernel.DEDirector.preinitialize(DEDirector.java:1338)
	at ptolemy.actor.CompositeActor.preinitialize(CompositeActor.java:1828)
	at ptolemy.actor.Manager.preinitializeAndResolveTypes(Manager.java:1040)
	at ptolemy.actor.Manager.initialize(Manager.java:710)
	at ptolemy.actor.Manager.execute(Manager.java:356)
	at ptolemy.actor.Manager.run(Manager.java:1263)
	at ptolemy.actor.Manager$PtolemyRunThread.run(Manager.java:1915)
java.lang.RuntimeException: Execution failed
	at ptolemy.moml.MoMLSimpleApplication$UnloadThread.run(MoMLSimpleApplication.java:402)
Caused by: ptolemy.kernel.util.IllegalActionException: Found a zero delay loop containing .dependencyLoop.original
  in .dependencyLoop and .dependencyLoop.original
	at ptolemy.actor.util.CausalityInterfaceForComposites._computeOutputPortDepth(CausalityInterfaceForComposites.java:759)
	at ptolemy.actor.util.CausalityInterfaceForComposites._computeInputDepth(CausalityInterfaceForComposites.java:696)
	at ptolemy.actor.util.CausalityInterfaceForComposites._computeOutputPortDepth(CausalityInterfaceForComposites.java:765)
	at ptolemy.actor.util.CausalityInterfaceForComposites._computeInputDepth(CausalityInterfaceForComposites.java:696)
	at ptolemy.actor.util.CausalityInterfaceForComposites._computeOutputPortDepth(CausalityInterfaceForComposites.java:765)
	at ptolemy.actor.util.CausalityInterfaceForComposites._computeInputDepth(CausalityInterfaceForComposites.java:696)
	at ptolemy.actor.util.CausalityInterfaceForComposites._computeActorDepth(CausalityInterfaceForComposites.java:532)
	at ptolemy.actor.util.CausalityInterfaceForComposites.checkForCycles(CausalityInterfaceForComposites.java:96)
	at ptolemy.domains.de.kernel.DEDirector.preinitialize(DEDirector.java:1338)
	at ptolemy.actor.CompositeActor.preinitialize(CompositeActor.java:1828)
	at ptolemy.actor.Manager.preinitializeAndResolveTypes(Manager.java:1040)
	at ptolemy.actor.Manager.initialize(Manager.java:710)
	at ptolemy.actor.Manager.execute(Manager.java:356)
	at ptolemy.actor.Manager.run(Manager.java:1263)
	at ptolemy.actor.Manager$PtolemyRunThread.run(Manager.java:1915)
java.lang.reflect.InvocationTargetException
	at sun.reflect.NativeConstructorAccessorImpl.newInstance0(Native Method)
	at sun.reflect.NativeConstructorAccessorImpl.newInstance(NativeConstructorAccessorImpl.java:62)
	at sun.reflect.DelegatingConstructorAccessorImpl.newInstance(DelegatingConstructorAccessorImpl.java:45)
	at java.lang.reflect.Constructor.newInstance(Constructor.java:423)
	at ptolemy.util.test.junit.AutoKnownFailedTests.RunModel(AutoKnownFailedTests.java:105)
	at sun.reflect.NativeMethodAccessorImpl.invoke0(Native Method)
	at sun.reflect.NativeMethodAccessorImpl.invoke(NativeMethodAccessorImpl.java:62)
	at sun.reflect.DelegatingMethodAccessorImpl.invoke(DelegatingMethodAccessorImpl.java:43)
	at java.lang.reflect.Method.invoke(Method.java:498)
	at org.junit.runners.model.FrameworkMethod$1.runReflectiveCall(FrameworkMethod.java:44)
	at org.junit.internal.runners.model.ReflectiveCallable.run(ReflectiveCallable.java:15)
	at org.junit.runners.model.FrameworkMethod.invokeExplosively(FrameworkMethod.java:41)
	at junitparams.internal.InvokeParameterisedMethod.evaluate(InvokeParameterisedMethod.java:102)
	at org.junit.internal.runners.statements.FailOnTimeout$1.run(FailOnTimeout.java:28)
Caused by: ptolemy.kernel.util.IllegalActionException: Found a zero delay loop containing .dependencyLoop.original
  in .dependencyLoop and .dependencyLoop.original
	at ptolemy.actor.util.CausalityInterfaceForComposites._computeOutputPortDepth(CausalityInterfaceForComposites.java:759)
	at ptolemy.actor.util.CausalityInterfaceForComposites._computeInputDepth(CausalityInterfaceForComposites.java:696)
	at ptolemy.actor.util.CausalityInterfaceForComposites._computeOutputPortDepth(CausalityInterfaceForComposites.java:765)
	at ptolemy.actor.util.CausalityInterfaceForComposites._computeInputDepth(CausalityInterfaceForComposites.java:696)
	at ptolemy.actor.util.CausalityInterfaceForComposites._computeOutputPortDepth(CausalityInterfaceForComposites.java:765)
	at ptolemy.actor.util.CausalityInterfaceForComposites._computeInputDepth(CausalityInterfaceForComposites.java:696)
	at ptolemy.actor.util.CausalityInterfaceForComposites._computeActorDepth(CausalityInterfaceForComposites.java:532)
	at ptolemy.actor.util.CausalityInterfaceForComposites.checkForCycles(CausalityInterfaceForComposites.java:96)
	at ptolemy.domains.de.kernel.DEDirector.preinitialize(DEDirector.java:1338)
	at ptolemy.actor.CompositeActor.preinitialize(CompositeActor.java:1828)
	at ptolemy.actor.Manager.preinitializeAndResolveTypes(Manager.java:1040)
	at ptolemy.actor.Manager.initialize(Manager.java:710)
	at ptolemy.actor.Manager.execute(Manager.java:356)
	at ptolemy.actor.Manager.run(Manager.java:1263)
	at ptolemy.actor.Manager$PtolemyRunThread.run(Manager.java:1915)
java.lang.RuntimeException: Execution failed
	at ptolemy.moml.MoMLSimpleApplication$UnloadThread.run(MoMLSimpleApplication.java:402)
Caused by: ptolemy.kernel.util.IllegalActionException: Found a zero delay loop containing .dependencyLoop2.original
  in .dependencyLoop2 and .dependencyLoop2.original
	at ptolemy.actor.util.CausalityInterfaceForComposites._computeOutputPortDepth(CausalityInterfaceForComposites.java:759)
	at ptolemy.actor.util.CausalityInterfaceForComposites._computeInputDepth(CausalityInterfaceForComposites.java:696)
	at ptolemy.actor.util.CausalityInterfaceForComposites._computeOutputPortDepth(CausalityInterfaceForComposites.java:765)
	at ptolemy.actor.util.CausalityInterfaceForComposites._computeInputDepth(CausalityInterfaceForComposites.java:696)
	at ptolemy.actor.util.CausalityInterfaceForComposites._computeOutputPortDepth(CausalityInterfaceForComposites.java:765)
	at ptolemy.actor.util.CausalityInterfaceForComposites._computeInputDepth(CausalityInterfaceForComposites.java:696)
	at ptolemy.actor.util.CausalityInterfaceForComposites._computeActorDepth(CausalityInterfaceForComposites.java:532)
	at ptolemy.actor.util.CausalityInterfaceForComposites.checkForCycles(CausalityInterfaceForComposites.java:96)
	at ptolemy.domains.de.kernel.DEDirector.preinitialize(DEDirector.java:1338)
	at ptolemy.actor.CompositeActor.preinitialize(CompositeActor.java:1828)
	at ptolemy.actor.Manager.preinitializeAndResolveTypes(Manager.java:1040)
	at ptolemy.actor.Manager.initialize(Manager.java:710)
	at ptolemy.actor.Manager.execute(Manager.java:356)
	at ptolemy.actor.Manager.run(Manager.java:1263)
	at ptolemy.actor.Manager$PtolemyRunThread.run(Manager.java:1915)
java.lang.reflect.InvocationTargetException
	at sun.reflect.NativeConstructorAccessorImpl.newInstance0(Native Method)
	at sun.reflect.NativeConstructorAccessorImpl.newInstance(NativeConstructorAccessorImpl.java:62)
	at sun.reflect.DelegatingConstructorAccessorImpl.newInstance(DelegatingConstructorAccessorImpl.java:45)
	at java.lang.reflect.Constructor.newInstance(Constructor.java:423)
	at ptolemy.util.test.junit.AutoKnownFailedTests.RunModel(AutoKnownFailedTests.java:105)
	at sun.reflect.NativeMethodAccessorImpl.invoke0(Native Method)
	at sun.reflect.NativeMethodAccessorImpl.invoke(NativeMethodAccessorImpl.java:62)
	at sun.reflect.DelegatingMethodAccessorImpl.invoke(DelegatingMethodAccessorImpl.java:43)
	at java.lang.reflect.Method.invoke(Method.java:498)
	at org.junit.runners.model.FrameworkMethod$1.runReflectiveCall(FrameworkMethod.java:44)
	at org.junit.internal.runners.model.ReflectiveCallable.run(ReflectiveCallable.java:15)
	at org.junit.runners.model.FrameworkMethod.invokeExplosively(FrameworkMethod.java:41)
	at junitparams.internal.InvokeParameterisedMethod.evaluate(InvokeParameterisedMethod.java:102)
	at org.junit.internal.runners.statements.FailOnTimeout$1.run(FailOnTimeout.java:28)
Caused by: ptolemy.kernel.util.IllegalActionException: Found a zero delay loop containing .dependencyLoop2.original
  in .dependencyLoop2 and .dependencyLoop2.original
	at ptolemy.actor.util.CausalityInterfaceForComposites._computeOutputPortDepth(CausalityInterfaceForComposites.java:759)
	at ptolemy.actor.util.CausalityInterfaceForComposites._computeInputDepth(CausalityInterfaceForComposites.java:696)
	at ptolemy.actor.util.CausalityInterfaceForComposites._computeOutputPortDepth(CausalityInterfaceForComposites.java:765)
	at ptolemy.actor.util.CausalityInterfaceForComposites._computeInputDepth(CausalityInterfaceForComposites.java:696)
	at ptolemy.actor.util.CausalityInterfaceForComposites._computeOutputPortDepth(CausalityInterfaceForComposites.java:765)
	at ptolemy.actor.util.CausalityInterfaceForComposites._computeInputDepth(CausalityInterfaceForComposites.java:696)
	at ptolemy.actor.util.CausalityInterfaceForComposites._computeActorDepth(CausalityInterfaceForComposites.java:532)
	at ptolemy.actor.util.CausalityInterfaceForComposites.checkForCycles(CausalityInterfaceForComposites.java:96)
	at ptolemy.domains.de.kernel.DEDirector.preinitialize(DEDirector.java:1338)
	at ptolemy.actor.CompositeActor.preinitialize(CompositeActor.java:1828)
	at ptolemy.actor.Manager.preinitializeAndResolveTypes(Manager.java:1040)
	at ptolemy.actor.Manager.initialize(Manager.java:710)
	at ptolemy.actor.Manager.execute(Manager.java:356)
	at ptolemy.actor.Manager.run(Manager.java:1263)
	at ptolemy.actor.Manager$PtolemyRunThread.run(Manager.java:1915)
]]></system-err>
</testsuite>
