<?xml version="1.0" encoding="UTF-8" ?>
<testsuite errors="0" failures="0" hostname="travis-job-3d799cd0-3540-463b-9932-67777bcf2d18" name="ptolemy.domains.continuous.test.junit.JUnitTclTest" skipped="0" tests="156" time="72.129" timestamp="2018-11-13T02:44:01">
  <properties>
[...]
</properties>
  <testcase classname="ptolemy.util.test.junit.TclTests" name="[0] ThereAreNoTclTests (RunTclFile)" time="0.002" />
  <testcase classname="ptolemy.util.test.junit.AutoKnownFailedTests" name="[0] ThereAreNoKnowFailedTests (RunModel)" time="0.001" />
  <testcase classname="ptolemy.util.test.junit.AutoNameArchTests" name="[0] ThereAreNoAutoArchTests (RunModel)" time="0.001" />
  <testcase classname="ptolemy.util.test.junit.AutoTests" name="[0] /home/travis/build/icyphy/ptII/ptolemy/domains/continuous/test/auto/BouncingBall.xml (RunModel)" time="2.899" />
  <testcase classname="ptolemy.util.test.junit.AutoTests" name="[1] /home/travis/build/icyphy/ptII/ptolemy/domains/continuous/test/auto/BouncingBallWithoutGR.xml (RunModel)" time="0.978" />
  <testcase classname="ptolemy.util.test.junit.AutoTests" name="[2] /home/travis/build/icyphy/ptII/ptolemy/domains/continuous/test/auto/Brownian.xml (RunModel)" time="0.111" />
  <testcase classname="ptolemy.util.test.junit.AutoTests" name="[3] /home/travis/build/icyphy/ptII/ptolemy/domains/continuous/test/auto/CarTracking.xml (RunModel)" time="3.735" />
  <testcase classname="ptolemy.util.test.junit.AutoTests" name="[4] /home/travis/build/icyphy/ptII/ptolemy/domains/continuous/test/auto/CartPendulum.xml (RunModel)" time="0.506" />
  <testcase classname="ptolemy.util.test.junit.AutoTests" name="[5] /home/travis/build/icyphy/ptII/ptolemy/domains/continuous/test/auto/CausalityInterface10.xml (RunModel)" time="0.043" />
  <testcase classname="ptolemy.util.test.junit.AutoTests" name="[6] /home/travis/build/icyphy/ptII/ptolemy/domains/continuous/test/auto/CausalityInterface11.xml (RunModel)" time="0.025" />
  <testcase classname="ptolemy.util.test.junit.AutoTests" name="[7] /home/travis/build/icyphy/ptII/ptolemy/domains/continuous/test/auto/CausalityInterface12.xml (RunModel)" time="0.034" />
  <testcase classname="ptolemy.util.test.junit.AutoTests" name="[8] /home/travis/build/icyphy/ptII/ptolemy/domains/continuous/test/auto/CausalityInterface13.xml (RunModel)" time="0.044" />
  <testcase classname="ptolemy.util.test.junit.AutoTests" name="[9] /home/travis/build/icyphy/ptII/ptolemy/domains/continuous/test/auto/CausalityInterface14.xml (RunModel)" time="0.025" />
  <testcase classname="ptolemy.util.test.junit.AutoTests" name="[10] /home/travis/build/icyphy/ptII/ptolemy/domains/continuous/test/auto/CausalityInterface4.xml (RunModel)" time="0.029" />
  <testcase classname="ptolemy.util.test.junit.AutoTests" name="[11] /home/travis/build/icyphy/ptII/ptolemy/domains/continuous/test/auto/CausalityInterface5.xml (RunModel)" time="0.047" />
  <testcase classname="ptolemy.util.test.junit.AutoTests" name="[12] /home/travis/build/icyphy/ptII/ptolemy/domains/continuous/test/auto/CausalityInterface6.xml (RunModel)" time="0.023" />
  <testcase classname="ptolemy.util.test.junit.AutoTests" name="[13] /home/travis/build/icyphy/ptII/ptolemy/domains/continuous/test/auto/CausalityInterface7.xml (RunModel)" time="0.033" />
  <testcase classname="ptolemy.util.test.junit.AutoTests" name="[14] /home/travis/build/icyphy/ptII/ptolemy/domains/continuous/test/auto/CausalityInterface8.xml (RunModel)" time="0.034" />
  <testcase classname="ptolemy.util.test.junit.AutoTests" name="[15] /home/travis/build/icyphy/ptII/ptolemy/domains/continuous/test/auto/CausalityInterface9.xml (RunModel)" time="0.057" />
  <testcase classname="ptolemy.util.test.junit.AutoTests" name="[16] /home/travis/build/icyphy/ptII/ptolemy/domains/continuous/test/auto/CausalityInterfaceFeedback1.xml (RunModel)" time="0.024" />
  <testcase classname="ptolemy.util.test.junit.AutoTests" name="[17] /home/travis/build/icyphy/ptII/ptolemy/domains/continuous/test/auto/CausalityInterfaceFeedback2.xml (RunModel)" time="0.03" />
  <testcase classname="ptolemy.util.test.junit.AutoTests" name="[18] /home/travis/build/icyphy/ptII/ptolemy/domains/continuous/test/auto/CompareWithCurrentTime.xml (RunModel)" time="0.026" />
  <testcase classname="ptolemy.util.test.junit.AutoTests" name="[19] /home/travis/build/icyphy/ptII/ptolemy/domains/continuous/test/auto/ComparedClocks.xml (RunModel)" time="0.078" />
  <testcase classname="ptolemy.util.test.junit.AutoTests" name="[20] /home/travis/build/icyphy/ptII/ptolemy/domains/continuous/test/auto/ContinuousAOCClone.xml (RunModel)" time="2.495" />
  <testcase classname="ptolemy.util.test.junit.AutoTests" name="[21] /home/travis/build/icyphy/ptII/ptolemy/domains/continuous/test/auto/ContinuousClock.xml (RunModel)" time="0.102" />
  <testcase classname="ptolemy.util.test.junit.AutoTests" name="[22] /home/travis/build/icyphy/ptII/ptolemy/domains/continuous/test/auto/ContinuousInContinuous.xml (RunModel)" time="0.074" />
  <testcase classname="ptolemy.util.test.junit.AutoTests" name="[23] /home/travis/build/icyphy/ptII/ptolemy/domains/continuous/test/auto/ContinuousInContinuousInContinuous.xml (RunModel)" time="0.039" />
  <testcase classname="ptolemy.util.test.junit.AutoTests" name="[24] /home/travis/build/icyphy/ptII/ptolemy/domains/continuous/test/auto/ContinuousInDE.xml (RunModel)" time="0.14" />
  <testcase classname="ptolemy.util.test.junit.AutoTests" name="[25] /home/travis/build/icyphy/ptII/ptolemy/domains/continuous/test/auto/ContinuousInDE2.xml (RunModel)" time="0.062" />
  <testcase classname="ptolemy.util.test.junit.AutoTests" name="[26] /home/travis/build/icyphy/ptII/ptolemy/domains/continuous/test/auto/ContinuousInDE3.xml (RunModel)" time="0.064" />
  <testcase classname="ptolemy.util.test.junit.AutoTests" name="[27] /home/travis/build/icyphy/ptII/ptolemy/domains/continuous/test/auto/ContinuousInDE4.xml (RunModel)" time="0.037" />
  <testcase classname="ptolemy.util.test.junit.AutoTests" name="[28] /home/travis/build/icyphy/ptII/ptolemy/domains/continuous/test/auto/ContinuousInDEDifferentRefinements.xml (RunModel)" time="0.115" />
  <testcase classname="ptolemy.util.test.junit.AutoTests" name="[29] /home/travis/build/icyphy/ptII/ptolemy/domains/continuous/test/auto/ContinuousInDEDifferentRefinementsPreemptive.xml (RunModel)" time="0.092" />
  <testcase classname="ptolemy.util.test.junit.AutoTests" name="[30] /home/travis/build/icyphy/ptII/ptolemy/domains/continuous/test/auto/ContinuousInDEInContinuous2.xml (RunModel)" time="0.063" />
  <testcase classname="ptolemy.util.test.junit.AutoTests" name="[31] /home/travis/build/icyphy/ptII/ptolemy/domains/continuous/test/auto/ContinuousInDEInContinuous3.xml (RunModel)" time="0.07" />
  <testcase classname="ptolemy.util.test.junit.AutoTests" name="[32] /home/travis/build/icyphy/ptII/ptolemy/domains/continuous/test/auto/ContinuousInDEInput.xml (RunModel)" time="0.057" />
  <testcase classname="ptolemy.util.test.junit.AutoTests" name="[33] /home/travis/build/icyphy/ptII/ptolemy/domains/continuous/test/auto/ContinuousInDEInput2.xml (RunModel)" time="0.037" />
  <testcase classname="ptolemy.util.test.junit.AutoTests" name="[34] /home/travis/build/icyphy/ptII/ptolemy/domains/continuous/test/auto/ContinuousInDEInput3.xml (RunModel)" time="0.037" />
  <testcase classname="ptolemy.util.test.junit.AutoTests" name="[35] /home/travis/build/icyphy/ptII/ptolemy/domains/continuous/test/auto/ContinuousInDESharingRefinement.xml (RunModel)" time="0.196" />
  <testcase classname="ptolemy.util.test.junit.AutoTests" name="[36] /home/travis/build/icyphy/ptII/ptolemy/domains/continuous/test/auto/ContinuousInDEwithNoPorts.xml (RunModel)" time="0.02" />
  <testcase classname="ptolemy.util.test.junit.AutoTests" name="[37] /home/travis/build/icyphy/ptII/ptolemy/domains/continuous/test/auto/ContinuousInsideDE.xml (RunModel)" time="0.082" />
  <testcase classname="ptolemy.util.test.junit.AutoTests" name="[38] /home/travis/build/icyphy/ptII/ptolemy/domains/continuous/test/auto/ContinuousMerge1.xml (RunModel)" time="0.013" />
  <testcase classname="ptolemy.util.test.junit.AutoTests" name="[39] /home/travis/build/icyphy/ptII/ptolemy/domains/continuous/test/auto/ContinuousMerge2.xml (RunModel)" time="0.05" />
  <testcase classname="ptolemy.util.test.junit.AutoTests" name="[40] /home/travis/build/icyphy/ptII/ptolemy/domains/continuous/test/auto/ContinuousMerge3.xml (RunModel)" time="0.076" />
  <testcase classname="ptolemy.util.test.junit.AutoTests" name="[41] /home/travis/build/icyphy/ptII/ptolemy/domains/continuous/test/auto/ContinuousWithinContinuous.xml (RunModel)" time="0.062" />
  <testcase classname="ptolemy.util.test.junit.AutoTests" name="[42] /home/travis/build/icyphy/ptII/ptolemy/domains/continuous/test/auto/ContinuousWithinContinuous2.xml (RunModel)" time="0.093" />
  <testcase classname="ptolemy.util.test.junit.AutoTests" name="[43] /home/travis/build/icyphy/ptII/ptolemy/domains/continuous/test/auto/ContinuousWithinContinuous3.xml (RunModel)" time="0.029" />
  <testcase classname="ptolemy.util.test.junit.AutoTests" name="[44] /home/travis/build/icyphy/ptII/ptolemy/domains/continuous/test/auto/ContinuousWithinContinuous4.xml (RunModel)" time="0.083" />
  <testcase classname="ptolemy.util.test.junit.AutoTests" name="[45] /home/travis/build/icyphy/ptII/ptolemy/domains/continuous/test/auto/ContinuousWithinContinuous5.xml (RunModel)" time="0.03" />
  <testcase classname="ptolemy.util.test.junit.AutoTests" name="[46] /home/travis/build/icyphy/ptII/ptolemy/domains/continuous/test/auto/ContinuousWithinContinuous6.xml (RunModel)" time="0.033" />
  <testcase classname="ptolemy.util.test.junit.AutoTests" name="[47] /home/travis/build/icyphy/ptII/ptolemy/domains/continuous/test/auto/ContinuousWithinContinuous7.xml (RunModel)" time="0.072" />
  <testcase classname="ptolemy.util.test.junit.AutoTests" name="[48] /home/travis/build/icyphy/ptII/ptolemy/domains/continuous/test/auto/DCMotor.xml (RunModel)" time="13.785" />
  <testcase classname="ptolemy.util.test.junit.AutoTests" name="[49] /home/travis/build/icyphy/ptII/ptolemy/domains/continuous/test/auto/DEInContinuous.xml (RunModel)" time="0.039" />
  <testcase classname="ptolemy.util.test.junit.AutoTests" name="[50] /home/travis/build/icyphy/ptII/ptolemy/domains/continuous/test/auto/DEinContinuous2.xml (RunModel)" time="0.039" />
  <testcase classname="ptolemy.util.test.junit.AutoTests" name="[51] /home/travis/build/icyphy/ptII/ptolemy/domains/continuous/test/auto/Derivative.xml (RunModel)" time="0.204" />
  <testcase classname="ptolemy.util.test.junit.AutoTests" name="[52] /home/travis/build/icyphy/ptII/ptolemy/domains/continuous/test/auto/Derivative1.xml (RunModel)" time="0.052" />
  <testcase classname="ptolemy.util.test.junit.AutoTests" name="[53] /home/travis/build/icyphy/ptII/ptolemy/domains/continuous/test/auto/DiscreteClock.xml (RunModel)" time="0.019" />
  <testcase classname="ptolemy.util.test.junit.AutoTests" name="[54] /home/travis/build/icyphy/ptII/ptolemy/domains/continuous/test/auto/EfficiencyCurve.xml (RunModel)" time="0.113" />
  <testcase classname="ptolemy.util.test.junit.AutoTests" name="[55] /home/travis/build/icyphy/ptII/ptolemy/domains/continuous/test/auto/ExponentialResponse.xml (RunModel)" time="0.105" />
  <testcase classname="ptolemy.util.test.junit.AutoTests" name="[56] /home/travis/build/icyphy/ptII/ptolemy/domains/continuous/test/auto/ExponentialResponseRK45.xml (RunModel)" time="0.034" />
  <testcase classname="ptolemy.util.test.junit.AutoTests" name="[57] /home/travis/build/icyphy/ptII/ptolemy/domains/continuous/test/auto/Friction.xml (RunModel)" time="1.383" />
  <testcase classname="ptolemy.util.test.junit.AutoTests" name="[58] /home/travis/build/icyphy/ptII/ptolemy/domains/continuous/test/auto/FurutaPendulum.xml (RunModel)" time="3.303" />
  <testcase classname="ptolemy.util.test.junit.AutoTests" name="[59] /home/travis/build/icyphy/ptII/ptolemy/domains/continuous/test/auto/HierarchicalExecution.xml (RunModel)" time="1.984" />
  <testcase classname="ptolemy.util.test.junit.AutoTests" name="[60] /home/travis/build/icyphy/ptII/ptolemy/domains/continuous/test/auto/HybridPlant.xml (RunModel)" time="0.534" />
  <testcase classname="ptolemy.util.test.junit.AutoTests" name="[61] /home/travis/build/icyphy/ptII/ptolemy/domains/continuous/test/auto/Hysteresis.xml (RunModel)" time="0.168" />
  <testcase classname="ptolemy.util.test.junit.AutoTests" name="[62] /home/travis/build/icyphy/ptII/ptolemy/domains/continuous/test/auto/HysteresisWithRandomDelay.xml (RunModel)" time="0.24" />
  <testcase classname="ptolemy.util.test.junit.AutoTests" name="[63] /home/travis/build/icyphy/ptII/ptolemy/domains/continuous/test/auto/HysteresisWithRandomLosses.xml (RunModel)" time="2.138" />
  <testcase classname="ptolemy.util.test.junit.AutoTests" name="[64] /home/travis/build/icyphy/ptII/ptolemy/domains/continuous/test/auto/ImmediateTransitions.xml (RunModel)" time="0.034" />
  <testcase classname="ptolemy.util.test.junit.AutoTests" name="[65] /home/travis/build/icyphy/ptII/ptolemy/domains/continuous/test/auto/ImpulseFeedback.xml (RunModel)" time="0.029" />
  <testcase classname="ptolemy.util.test.junit.AutoTests" name="[66] /home/travis/build/icyphy/ptII/ptolemy/domains/continuous/test/auto/ImpulseFeedback2.xml (RunModel)" time="0.017" />
  <testcase classname="ptolemy.util.test.junit.AutoTests" name="[67] /home/travis/build/icyphy/ptII/ptolemy/domains/continuous/test/auto/IncreasingRatePoisson.xml (RunModel)" time="0.691" />
  <testcase classname="ptolemy.util.test.junit.AutoTests" name="[68] /home/travis/build/icyphy/ptII/ptolemy/domains/continuous/test/auto/InitialStateFeedback.xml (RunModel)" time="0.011" />
  <testcase classname="ptolemy.util.test.junit.AutoTests" name="[69] /home/travis/build/icyphy/ptII/ptolemy/domains/continuous/test/auto/Integration.xml (RunModel)" time="0.009" />
  <testcase classname="ptolemy.util.test.junit.AutoTests" name="[70] /home/travis/build/icyphy/ptII/ptolemy/domains/continuous/test/auto/Integration2.xml (RunModel)" time="0.084" />
  <testcase classname="ptolemy.util.test.junit.AutoTests" name="[71] /home/travis/build/icyphy/ptII/ptolemy/domains/continuous/test/auto/Integration3.xml (RunModel)" time="0.011" />
  <testcase classname="ptolemy.util.test.junit.AutoTests" name="[72] /home/travis/build/icyphy/ptII/ptolemy/domains/continuous/test/auto/Integration5.xml (RunModel)" time="0.009" />
  <testcase classname="ptolemy.util.test.junit.AutoTests" name="[73] /home/travis/build/icyphy/ptII/ptolemy/domains/continuous/test/auto/IntegratorImpulse.xml (RunModel)" time="0.009" />
  <testcase classname="ptolemy.util.test.junit.AutoTests" name="[74] /home/travis/build/icyphy/ptII/ptolemy/domains/continuous/test/auto/IntegratorImpulse2.xml (RunModel)" time="0.012" />
  <testcase classname="ptolemy.util.test.junit.AutoTests" name="[75] /home/travis/build/icyphy/ptII/ptolemy/domains/continuous/test/auto/LevelCrossing1.xml (RunModel)" time="0.011" />
  <testcase classname="ptolemy.util.test.junit.AutoTests" name="[76] /home/travis/build/icyphy/ptII/ptolemy/domains/continuous/test/auto/LevelCrossing2.xml (RunModel)" time="0.012" />
  <testcase classname="ptolemy.util.test.junit.AutoTests" name="[77] /home/travis/build/icyphy/ptII/ptolemy/domains/continuous/test/auto/LevelCrossing3.xml (RunModel)" time="0.012" />
  <testcase classname="ptolemy.util.test.junit.AutoTests" name="[78] /home/travis/build/icyphy/ptII/ptolemy/domains/continuous/test/auto/LevelCrossing4.xml (RunModel)" time="0.013" />
  <testcase classname="ptolemy.util.test.junit.AutoTests" name="[79] /home/travis/build/icyphy/ptII/ptolemy/domains/continuous/test/auto/LevelCrossing5.xml (RunModel)" time="0.012" />
  <testcase classname="ptolemy.util.test.junit.AutoTests" name="[80] /home/travis/build/icyphy/ptII/ptolemy/domains/continuous/test/auto/LevelCrossing6.xml (RunModel)" time="0.013" />
  <testcase classname="ptolemy.util.test.junit.AutoTests" name="[81] /home/travis/build/icyphy/ptII/ptolemy/domains/continuous/test/auto/LevelCrossingDetector.xml (RunModel)" time="0.041" />
  <testcase classname="ptolemy.util.test.junit.AutoTests" name="[82] /home/travis/build/icyphy/ptII/ptolemy/domains/continuous/test/auto/LevelCrossingDetectorDetectingDirections.xml (RunModel)" time="0.081" />
  <testcase classname="ptolemy.util.test.junit.AutoTests" name="[83] /home/travis/build/icyphy/ptII/ptolemy/domains/continuous/test/auto/LevelCrossingDetectorDetectsGlitches.xml (RunModel)" time="0.066" />
  <testcase classname="ptolemy.util.test.junit.AutoTests" name="[84] /home/travis/build/icyphy/ptII/ptolemy/domains/continuous/test/auto/LevelCrossingNoInitialOuput.xml (RunModel)" time="0.021" />
  <testcase classname="ptolemy.util.test.junit.AutoTests" name="[85] /home/travis/build/icyphy/ptII/ptolemy/domains/continuous/test/auto/LinearStateSpaceExample.xml (RunModel)" time="0.048" />
  <testcase classname="ptolemy.util.test.junit.AutoTests" name="[86] /home/travis/build/icyphy/ptII/ptolemy/domains/continuous/test/auto/Lorenz.xml (RunModel)" time="3.833" />
  <testcase classname="ptolemy.util.test.junit.AutoTests" name="[87] /home/travis/build/icyphy/ptII/ptolemy/domains/continuous/test/auto/LorenzDifferentialSystem.xml (RunModel)" time="1.074" />
  <testcase classname="ptolemy.util.test.junit.AutoTests" name="[88] /home/travis/build/icyphy/ptII/ptolemy/domains/continuous/test/auto/LorenzDifferentialSystemWithInput.xml (RunModel)" time="1.345" />
  <testcase classname="ptolemy.util.test.junit.AutoTests" name="[89] /home/travis/build/icyphy/ptII/ptolemy/domains/continuous/test/auto/LorenzDifferentialSystemWithTime.xml (RunModel)" time="0.767" />
  <testcase classname="ptolemy.util.test.junit.AutoTests" name="[90] /home/travis/build/icyphy/ptII/ptolemy/domains/continuous/test/auto/Microsteps.xml (RunModel)" time="0.023" />
  <testcase classname="ptolemy.util.test.junit.AutoTests" name="[91] /home/travis/build/icyphy/ptII/ptolemy/domains/continuous/test/auto/Modal1.xml (RunModel)" time="0.054" />
  <testcase classname="ptolemy.util.test.junit.AutoTests" name="[92] /home/travis/build/icyphy/ptII/ptolemy/domains/continuous/test/auto/Modal2.xml (RunModel)" time="0.052" />
  <testcase classname="ptolemy.util.test.junit.AutoTests" name="[93] /home/travis/build/icyphy/ptII/ptolemy/domains/continuous/test/auto/ModalTransitionGuardWithReset.xml (RunModel)" time="0.029" />
  <testcase classname="ptolemy.util.test.junit.AutoTests" name="[94] /home/travis/build/icyphy/ptII/ptolemy/domains/continuous/test/auto/ModalTransitionGuardWithResetUsingPreemptiveTransition.xml (RunModel)" time="0.023" />
  <testcase classname="ptolemy.util.test.junit.AutoTests" name="[95] /home/travis/build/icyphy/ptII/ptolemy/domains/continuous/test/auto/ModalTransitionGuardWithResetUsingPreemptiveTransition2.xml (RunModel)" time="0.035" />
  <testcase classname="ptolemy.util.test.junit.AutoTests" name="[96] /home/travis/build/icyphy/ptII/ptolemy/domains/continuous/test/auto/ModalTransitionGuardWithResetUsingPreemptiveTransition3.xml (RunModel)" time="0.027" />
  <testcase classname="ptolemy.util.test.junit.AutoTests" name="[97] /home/travis/build/icyphy/ptII/ptolemy/domains/continuous/test/auto/NewtonsCradle.xml (RunModel)" time="0.656" />
  <testcase classname="ptolemy.util.test.junit.AutoTests" name="[98] /home/travis/build/icyphy/ptII/ptolemy/domains/continuous/test/auto/NewtonsCradleAnimated.xml (RunModel)" time="1.006" />
  <testcase classname="ptolemy.util.test.junit.AutoTests" name="[99] /home/travis/build/icyphy/ptII/ptolemy/domains/continuous/test/auto/NewtonsCradleComplicated.xml (RunModel)" time="0.865" />
  <testcase classname="ptolemy.util.test.junit.AutoTests" name="[100] /home/travis/build/icyphy/ptII/ptolemy/domains/continuous/test/auto/NewtonsCradleNondeterministic.xml (RunModel)" time="0.669" />
  <testcase classname="ptolemy.util.test.junit.AutoTests" name="[101] /home/travis/build/icyphy/ptII/ptolemy/domains/continuous/test/auto/NewtonsCradlePerfectlyInelastic1.xml (RunModel)" time="1.168" />
  <testcase classname="ptolemy.util.test.junit.AutoTests" name="[102] /home/travis/build/icyphy/ptII/ptolemy/domains/continuous/test/auto/Noise.xml (RunModel)" time="0.193" />
  <testcase classname="ptolemy.util.test.junit.AutoTests" name="[103] /home/travis/build/icyphy/ptII/ptolemy/domains/continuous/test/auto/NoiseSpectrum.xml (RunModel)" time="0.763" />
  <testcase classname="ptolemy.util.test.junit.AutoTests" name="[104] /home/travis/build/icyphy/ptII/ptolemy/domains/continuous/test/auto/ParameterizedNewtonsCradleAnimated.xml (RunModel)" time="0.35" />
  <testcase classname="ptolemy.util.test.junit.AutoTests" name="[105] /home/travis/build/icyphy/ptII/ptolemy/domains/continuous/test/auto/ParameterizedNewtonsCradleAnimatedNondeterministic.xml (RunModel)" time="1.149" />
  <testcase classname="ptolemy.util.test.junit.AutoTests" name="[106] /home/travis/build/icyphy/ptII/ptolemy/domains/continuous/test/auto/Pendulum3D.xml (RunModel)" time="0.175" />
  <testcase classname="ptolemy.util.test.junit.AutoTests" name="[107] /home/travis/build/icyphy/ptII/ptolemy/domains/continuous/test/auto/PeriodicSampler.xml (RunModel)" time="0.014" />
  <testcase classname="ptolemy.util.test.junit.AutoTests" name="[108] /home/travis/build/icyphy/ptII/ptolemy/domains/continuous/test/auto/PeriodicSampler1.xml (RunModel)" time="0.044" />
  <testcase classname="ptolemy.util.test.junit.AutoTests" name="[109] /home/travis/build/icyphy/ptII/ptolemy/domains/continuous/test/auto/PeriodicSampler2.xml (RunModel)" time="0.071" />
  <testcase classname="ptolemy.util.test.junit.AutoTests" name="[110] /home/travis/build/icyphy/ptII/ptolemy/domains/continuous/test/auto/Poisson.xml (RunModel)" time="0.415" />
  <testcase classname="ptolemy.util.test.junit.AutoTests" name="[111] /home/travis/build/icyphy/ptII/ptolemy/domains/continuous/test/auto/PoissonClock.xml (RunModel)" time="0.011" />
  <testcase classname="ptolemy.util.test.junit.AutoTests" name="[112] /home/travis/build/icyphy/ptII/ptolemy/domains/continuous/test/auto/PoissonClock2.xml (RunModel)" time="0.012" />
  <testcase classname="ptolemy.util.test.junit.AutoTests" name="[113] /home/travis/build/icyphy/ptII/ptolemy/domains/continuous/test/auto/PortParameterHierarchy.xml (RunModel)" time="0.015" />
  <testcase classname="ptolemy.util.test.junit.AutoTests" name="[114] /home/travis/build/icyphy/ptII/ptolemy/domains/continuous/test/auto/RandomHybridPlant.xml (RunModel)" time="0.511" />
  <testcase classname="ptolemy.util.test.junit.AutoTests" name="[115] /home/travis/build/icyphy/ptII/ptolemy/domains/continuous/test/auto/ResetTransitionWithStartTime1.xml (RunModel)" time="0.044" />
  <testcase classname="ptolemy.util.test.junit.AutoTests" name="[116] /home/travis/build/icyphy/ptII/ptolemy/domains/continuous/test/auto/ResetTransitionWithStartTime2.xml (RunModel)" time="0.036" />
  <testcase classname="ptolemy.util.test.junit.AutoTests" name="[117] /home/travis/build/icyphy/ptII/ptolemy/domains/continuous/test/auto/ResetTransitionWithStartTime3.xml (RunModel)" time="0.041" />
  <testcase classname="ptolemy.util.test.junit.AutoTests" name="[118] /home/travis/build/icyphy/ptII/ptolemy/domains/continuous/test/auto/ResetTransitionWithStartTime4.xml (RunModel)" time="0.025" />
  <testcase classname="ptolemy.util.test.junit.AutoTests" name="[119] /home/travis/build/icyphy/ptII/ptolemy/domains/continuous/test/auto/ResetTransitionWithStartTime5.xml (RunModel)" time="0.032" />
  <testcase classname="ptolemy.util.test.junit.AutoTests" name="[120] /home/travis/build/icyphy/ptII/ptolemy/domains/continuous/test/auto/ResetTransitionWithStartTime6.xml (RunModel)" time="0.023" />
  <testcase classname="ptolemy.util.test.junit.AutoTests" name="[121] /home/travis/build/icyphy/ptII/ptolemy/domains/continuous/test/auto/SRinContinuous.xml (RunModel)" time="0.03" />
  <testcase classname="ptolemy.util.test.junit.AutoTests" name="[122] /home/travis/build/icyphy/ptII/ptolemy/domains/continuous/test/auto/SampledClocks.xml (RunModel)" time="0.028" />
  <testcase classname="ptolemy.util.test.junit.AutoTests" name="[123] /home/travis/build/icyphy/ptII/ptolemy/domains/continuous/test/auto/Satellite.xml (RunModel)" time="0.868" />
  <testcase classname="ptolemy.util.test.junit.AutoTests" name="[124] /home/travis/build/icyphy/ptII/ptolemy/domains/continuous/test/auto/SigmaDelta.xml (RunModel)" time="2.353" />
  <testcase classname="ptolemy.util.test.junit.AutoTests" name="[125] /home/travis/build/icyphy/ptII/ptolemy/domains/continuous/test/auto/SingleRefinement.xml (RunModel)" time="0.539" />
  <testcase classname="ptolemy.util.test.junit.AutoTests" name="[126] /home/travis/build/icyphy/ptII/ptolemy/domains/continuous/test/auto/SinuBouncingBall.xml (RunModel)" time="0.842" />
  <testcase classname="ptolemy.util.test.junit.AutoTests" name="[127] /home/travis/build/icyphy/ptII/ptolemy/domains/continuous/test/auto/Sinusoid.xml (RunModel)" time="0.017" />
  <testcase classname="ptolemy.util.test.junit.AutoTests" name="[128] /home/travis/build/icyphy/ptII/ptolemy/domains/continuous/test/auto/SinusoidInNoise.xml (RunModel)" time="0.944" />
  <testcase classname="ptolemy.util.test.junit.AutoTests" name="[129] /home/travis/build/icyphy/ptII/ptolemy/domains/continuous/test/auto/SinusoidRK45.xml (RunModel)" time="0.01" />
  <testcase classname="ptolemy.util.test.junit.AutoTests" name="[130] /home/travis/build/icyphy/ptII/ptolemy/domains/continuous/test/auto/SinusoidWithMultipleImpulses.xml (RunModel)" time="0.02" />
  <testcase classname="ptolemy.util.test.junit.AutoTests" name="[131] /home/travis/build/icyphy/ptII/ptolemy/domains/continuous/test/auto/SquareWave.xml (RunModel)" time="0.188" />
  <testcase classname="ptolemy.util.test.junit.AutoTests" name="[132] /home/travis/build/icyphy/ptII/ptolemy/domains/continuous/test/auto/Starmac.xml (RunModel)" time="3.407" />
  <testcase classname="ptolemy.util.test.junit.AutoTests" name="[133] /home/travis/build/icyphy/ptII/ptolemy/domains/continuous/test/auto/StaticUnits.xml (RunModel)" time="2.45" />
  <testcase classname="ptolemy.util.test.junit.AutoTests" name="[134] /home/travis/build/icyphy/ptII/ptolemy/domains/continuous/test/auto/StickyMasses.xml (RunModel)" time="0.177" />
  <testcase classname="ptolemy.util.test.junit.AutoTests" name="[135] /home/travis/build/icyphy/ptII/ptolemy/domains/continuous/test/auto/StopTime.xml (RunModel)" time="0.059" />
  <testcase classname="ptolemy.util.test.junit.AutoTests" name="[136] /home/travis/build/icyphy/ptII/ptolemy/domains/continuous/test/auto/StopTime2.xml (RunModel)" time="0.054" />
  <testcase classname="ptolemy.util.test.junit.AutoTests" name="[137] /home/travis/build/icyphy/ptII/ptolemy/domains/continuous/test/auto/Switch.xml (RunModel)" time="0.072" />
  <testcase classname="ptolemy.util.test.junit.AutoTests" name="[138] /home/travis/build/icyphy/ptII/ptolemy/domains/continuous/test/auto/Thermostat.xml (RunModel)" time="0.198" />
  <testcase classname="ptolemy.util.test.junit.AutoTests" name="[139] /home/travis/build/icyphy/ptII/ptolemy/domains/continuous/test/auto/TimeDelay.xml (RunModel)" time="0.015" />
  <testcase classname="ptolemy.util.test.junit.AutoTests" name="[140] /home/travis/build/icyphy/ptII/ptolemy/domains/continuous/test/auto/TimeDelay2.xml (RunModel)" time="0.017" />
  <testcase classname="ptolemy.util.test.junit.AutoTests" name="[141] /home/travis/build/icyphy/ptII/ptolemy/domains/continuous/test/auto/TimeDelay3.xml (RunModel)" time="0.013" />
  <testcase classname="ptolemy.util.test.junit.AutoTests" name="[142] /home/travis/build/icyphy/ptII/ptolemy/domains/continuous/test/auto/TransferAbsentToInside.xml (RunModel)" time="0.098" />
  <testcase classname="ptolemy.util.test.junit.AutoTests" name="[143] /home/travis/build/icyphy/ptII/ptolemy/domains/continuous/test/auto/Transmission.xml (RunModel)" time="0.777" />
  <testcase classname="ptolemy.util.test.junit.AutoTests" name="[144] /home/travis/build/icyphy/ptII/ptolemy/domains/continuous/test/auto/TriggeredContinuousClock.xml (RunModel)" time="0.064" />
  <testcase classname="ptolemy.util.test.junit.AutoTests" name="[145] /home/travis/build/icyphy/ptII/ptolemy/domains/continuous/test/auto/TwoMachineInfiniteBusControl.xml (RunModel)" time="2.953" />
  <testcase classname="ptolemy.util.test.junit.AutoTests" name="[146] /home/travis/build/icyphy/ptII/ptolemy/domains/continuous/test/auto/V2V.xml (RunModel)" time="0.738" />
  <testcase classname="ptolemy.util.test.junit.AutoTests" name="[147] /home/travis/build/icyphy/ptII/ptolemy/domains/continuous/test/auto/hierarchicalModalModel.xml (RunModel)" time="0.036" />
  <testcase classname="ptolemy.util.test.junit.AutoTests" name="[148] /home/travis/build/icyphy/ptII/ptolemy/domains/continuous/test/auto/hierarchicalModalModel1.xml (RunModel)" time="0.037" />
  <testcase classname="ptolemy.util.test.junit.AutoTests" name="[149] /home/travis/build/icyphy/ptII/ptolemy/domains/continuous/test/auto/hierarchicalModalModel2.xml (RunModel)" time="0.027" />
  <testcase classname="ptolemy.util.test.junit.AutoTests" name="[150] /home/travis/build/icyphy/ptII/ptolemy/domains/continuous/test/auto/hierarchicalModalModel3.xml (RunModel)" time="0.024" />
  <testcase classname="ptolemy.util.test.junit.AutoTests" name="[151] /home/travis/build/icyphy/ptII/ptolemy/domains/continuous/test/auto/hierarchicalModalModel4.xml (RunModel)" time="0.025" />
  <testcase classname="ptolemy.util.test.junit.AutoTests" name="[152] /home/travis/build/icyphy/ptII/ptolemy/domains/continuous/test/auto/junk.xml (RunModel)" time="0.155" />
  <system-out><![CDATA[No tcl tests in /home/travis/build/icyphy/ptII/ptolemy/domains/continuous/test
No auto/knownFailedTests/*.xml tests in /home/travis/build/icyphy/ptII/ptolemy/domains/continuous/test
No auto/linux-amd64/*.xml tests in /home/travis/build/icyphy/ptII/ptolemy/domains/continuous/test
AutoTests.java: About to close Vertx.
AutoTests.java: Vertx closed.

===========================================================================================
----------------- testing Tue Nov 13 02:44:02 UTC 2018 /home/travis/build/icyphy/ptII/ptolemy/domains/continuous/test/auto/BouncingBall.xml
----------------- Instantiating /home/travis/build/icyphy/ptII/ptolemy/domains/continuous/test/auto/BouncingBall.xml
2449 ms. Memory: 331776K Free: 259504K (78%)
----------------- Invoking toplevel() on ptolemy.moml.MoMLSimpleApplication@64190929
----------------- Done invoking toplevel() on ptolemy.moml.MoMLSimpleApplication@64190929
reloadAllAccessors: .BouncingBall

===========================================================================================
----------------- testing Tue Nov 13 02:44:05 UTC 2018 /home/travis/build/icyphy/ptII/ptolemy/domains/continuous/test/auto/BouncingBallWithoutGR.xml
----------------- Instantiating /home/travis/build/icyphy/ptII/ptolemy/domains/continuous/test/auto/BouncingBallWithoutGR.xml
827 ms. Memory: 331776K Free: 321007K (97%)
----------------- Invoking toplevel() on ptolemy.moml.MoMLSimpleApplication@2d87a03a
----------------- Done invoking toplevel() on ptolemy.moml.MoMLSimpleApplication@2d87a03a
reloadAllAccessors: .BouncingBallWithoutGR

===========================================================================================
----------------- testing Tue Nov 13 02:44:06 UTC 2018 /home/travis/build/icyphy/ptII/ptolemy/domains/continuous/test/auto/Brownian.xml
----------------- Instantiating /home/travis/build/icyphy/ptII/ptolemy/domains/continuous/test/auto/Brownian.xml
26 ms. Memory: 331776K Free: 307085K (93%)
----------------- Invoking toplevel() on ptolemy.moml.MoMLSimpleApplication@67782cf
----------------- Done invoking toplevel() on ptolemy.moml.MoMLSimpleApplication@67782cf
reloadAllAccessors: .Brownian

===========================================================================================
----------------- testing Tue Nov 13 02:44:06 UTC 2018 /home/travis/build/icyphy/ptII/ptolemy/domains/continuous/test/auto/CarTracking.xml
----------------- Instantiating /home/travis/build/icyphy/ptII/ptolemy/domains/continuous/test/auto/CarTracking.xml
3257 ms. Memory: 578048K Free: 458944K (79%)
----------------- Invoking toplevel() on ptolemy.moml.MoMLSimpleApplication@79f1d114
----------------- Done invoking toplevel() on ptolemy.moml.MoMLSimpleApplication@79f1d114
reloadAllAccessors: .CarTracking

===========================================================================================
----------------- testing Tue Nov 13 02:44:10 UTC 2018 /home/travis/build/icyphy/ptII/ptolemy/domains/continuous/test/auto/CartPendulum.xml
----------------- Instantiating /home/travis/build/icyphy/ptII/ptolemy/domains/continuous/test/auto/CartPendulum.xml
382 ms. Memory: 578048K Free: 354282K (61%)
----------------- Invoking toplevel() on ptolemy.moml.MoMLSimpleApplication@5060d216
----------------- Done invoking toplevel() on ptolemy.moml.MoMLSimpleApplication@5060d216
reloadAllAccessors: .CartPendulum

===========================================================================================
----------------- testing Tue Nov 13 02:44:10 UTC 2018 /home/travis/build/icyphy/ptII/ptolemy/domains/continuous/test/auto/CausalityInterface10.xml
----------------- Instantiating /home/travis/build/icyphy/ptII/ptolemy/domains/continuous/test/auto/CausalityInterface10.xml
9 ms. Memory: 578048K Free: 341167K (59%)
----------------- Invoking toplevel() on ptolemy.moml.MoMLSimpleApplication@1576bb9e
----------------- Done invoking toplevel() on ptolemy.moml.MoMLSimpleApplication@1576bb9e
reloadAllAccessors: .CausalityInterface10

===========================================================================================
----------------- testing Tue Nov 13 02:44:10 UTC 2018 /home/travis/build/icyphy/ptII/ptolemy/domains/continuous/test/auto/CausalityInterface11.xml
----------------- Instantiating /home/travis/build/icyphy/ptII/ptolemy/domains/continuous/test/auto/CausalityInterface11.xml
3 ms. Memory: 578048K Free: 331320K (57%)
----------------- Invoking toplevel() on ptolemy.moml.MoMLSimpleApplication@53653741
----------------- Done invoking toplevel() on ptolemy.moml.MoMLSimpleApplication@53653741
reloadAllAccessors: .CausalityInterface11

===========================================================================================
----------------- testing Tue Nov 13 02:44:10 UTC 2018 /home/travis/build/icyphy/ptII/ptolemy/domains/continuous/test/auto/CausalityInterface12.xml
----------------- Instantiating /home/travis/build/icyphy/ptII/ptolemy/domains/continuous/test/auto/CausalityInterface12.xml
4 ms. Memory: 578048K Free: 321474K (56%)
----------------- Invoking toplevel() on ptolemy.moml.MoMLSimpleApplication@3e3b7392
----------------- Done invoking toplevel() on ptolemy.moml.MoMLSimpleApplication@3e3b7392
reloadAllAccessors: .CausalityInterface12

===========================================================================================
----------------- testing Tue Nov 13 02:44:10 UTC 2018 /home/travis/build/icyphy/ptII/ptolemy/domains/continuous/test/auto/CausalityInterface13.xml
----------------- Instantiating /home/travis/build/icyphy/ptII/ptolemy/domains/continuous/test/auto/CausalityInterface13.xml
13 ms. Memory: 578048K Free: 308472K (53%)
----------------- Invoking toplevel() on ptolemy.moml.MoMLSimpleApplication@2cd445dc
----------------- Done invoking toplevel() on ptolemy.moml.MoMLSimpleApplication@2cd445dc
reloadAllAccessors: .CausalityInterface13

===========================================================================================
----------------- testing Tue Nov 13 02:44:10 UTC 2018 /home/travis/build/icyphy/ptII/ptolemy/domains/continuous/test/auto/CausalityInterface14.xml
----------------- Instantiating /home/travis/build/icyphy/ptII/ptolemy/domains/continuous/test/auto/CausalityInterface14.xml
5 ms. Memory: 578048K Free: 298626K (52%)
----------------- Invoking toplevel() on ptolemy.moml.MoMLSimpleApplication@187ff1e2
----------------- Done invoking toplevel() on ptolemy.moml.MoMLSimpleApplication@187ff1e2
reloadAllAccessors: .CausalityInterface14

===========================================================================================
----------------- testing Tue Nov 13 02:44:10 UTC 2018 /home/travis/build/icyphy/ptII/ptolemy/domains/continuous/test/auto/CausalityInterface4.xml
----------------- Instantiating /home/travis/build/icyphy/ptII/ptolemy/domains/continuous/test/auto/CausalityInterface4.xml
4 ms. Memory: 578048K Free: 288779K (50%)
----------------- Invoking toplevel() on ptolemy.moml.MoMLSimpleApplication@778dddc1
----------------- Done invoking toplevel() on ptolemy.moml.MoMLSimpleApplication@778dddc1
reloadAllAccessors: .CausalityInterface4

===========================================================================================
----------------- testing Tue Nov 13 02:44:10 UTC 2018 /home/travis/build/icyphy/ptII/ptolemy/domains/continuous/test/auto/CausalityInterface5.xml
----------------- Instantiating /home/travis/build/icyphy/ptII/ptolemy/domains/continuous/test/auto/CausalityInterface5.xml
8 ms. Memory: 578048K Free: 275656K (48%)
----------------- Invoking toplevel() on ptolemy.moml.MoMLSimpleApplication@604ef701
----------------- Done invoking toplevel() on ptolemy.moml.MoMLSimpleApplication@604ef701
reloadAllAccessors: .CausalityInterface5

===========================================================================================
----------------- testing Tue Nov 13 02:44:10 UTC 2018 /home/travis/build/icyphy/ptII/ptolemy/domains/continuous/test/auto/CausalityInterface6.xml
----------------- Instantiating /home/travis/build/icyphy/ptII/ptolemy/domains/continuous/test/auto/CausalityInterface6.xml
5 ms. Memory: 578048K Free: 262662K (45%)
----------------- Invoking toplevel() on ptolemy.moml.MoMLSimpleApplication@78b6bf7f
----------------- Done invoking toplevel() on ptolemy.moml.MoMLSimpleApplication@78b6bf7f
reloadAllAccessors: .CausalityInterface6

===========================================================================================
----------------- testing Tue Nov 13 02:44:10 UTC 2018 /home/travis/build/icyphy/ptII/ptolemy/domains/continuous/test/auto/CausalityInterface7.xml
----------------- Instantiating /home/travis/build/icyphy/ptII/ptolemy/domains/continuous/test/auto/CausalityInterface7.xml
6 ms. Memory: 578048K Free: 249539K (43%)
----------------- Invoking toplevel() on ptolemy.moml.MoMLSimpleApplication@5ece06e0
----------------- Done invoking toplevel() on ptolemy.moml.MoMLSimpleApplication@5ece06e0
reloadAllAccessors: .CausalityInterface7

===========================================================================================
----------------- testing Tue Nov 13 02:44:10 UTC 2018 /home/travis/build/icyphy/ptII/ptolemy/domains/continuous/test/auto/CausalityInterface8.xml
----------------- Instantiating /home/travis/build/icyphy/ptII/ptolemy/domains/continuous/test/auto/CausalityInterface8.xml
6 ms. Memory: 578048K Free: 236432K (41%)
----------------- Invoking toplevel() on ptolemy.moml.MoMLSimpleApplication@3e620433
----------------- Done invoking toplevel() on ptolemy.moml.MoMLSimpleApplication@3e620433
reloadAllAccessors: .CausalityInterface8

===========================================================================================
----------------- testing Tue Nov 13 02:44:10 UTC 2018 /home/travis/build/icyphy/ptII/ptolemy/domains/continuous/test/auto/CausalityInterface9.xml
----------------- Instantiating /home/travis/build/icyphy/ptII/ptolemy/domains/continuous/test/auto/CausalityInterface9.xml
4 ms. Memory: 578048K Free: 220031K (38%)
----------------- Invoking toplevel() on ptolemy.moml.MoMLSimpleApplication@33d0c486
----------------- Done invoking toplevel() on ptolemy.moml.MoMLSimpleApplication@33d0c486
reloadAllAccessors: .CausalityInterface9

===========================================================================================
----------------- testing Tue Nov 13 02:44:11 UTC 2018 /home/travis/build/icyphy/ptII/ptolemy/domains/continuous/test/auto/CausalityInterfaceFeedback1.xml
----------------- Instantiating /home/travis/build/icyphy/ptII/ptolemy/domains/continuous/test/auto/CausalityInterfaceFeedback1.xml
4 ms. Memory: 578048K Free: 207022K (36%)
----------------- Invoking toplevel() on ptolemy.moml.MoMLSimpleApplication@14b23019
----------------- Done invoking toplevel() on ptolemy.moml.MoMLSimpleApplication@14b23019
reloadAllAccessors: .CausalityInterfaceFeedback1

===========================================================================================
----------------- testing Tue Nov 13 02:44:11 UTC 2018 /home/travis/build/icyphy/ptII/ptolemy/domains/continuous/test/auto/CausalityInterfaceFeedback2.xml
----------------- Instantiating /home/travis/build/icyphy/ptII/ptolemy/domains/continuous/test/auto/CausalityInterfaceFeedback2.xml
4 ms. Memory: 578048K Free: 197191K (34%)
----------------- Invoking toplevel() on ptolemy.moml.MoMLSimpleApplication@66bebbc2
----------------- Done invoking toplevel() on ptolemy.moml.MoMLSimpleApplication@66bebbc2
reloadAllAccessors: .CausalityInterfaceFeedback2

===========================================================================================
----------------- testing Tue Nov 13 02:44:11 UTC 2018 /home/travis/build/icyphy/ptII/ptolemy/domains/continuous/test/auto/CompareWithCurrentTime.xml
----------------- Instantiating /home/travis/build/icyphy/ptII/ptolemy/domains/continuous/test/auto/CompareWithCurrentTime.xml
4 ms. Memory: 578048K Free: 190637K (33%)
----------------- Invoking toplevel() on ptolemy.moml.MoMLSimpleApplication@2fc89b6d
----------------- Done invoking toplevel() on ptolemy.moml.MoMLSimpleApplication@2fc89b6d
reloadAllAccessors: .CompareWithCurrentTime

===========================================================================================
----------------- testing Tue Nov 13 02:44:11 UTC 2018 /home/travis/build/icyphy/ptII/ptolemy/domains/continuous/test/auto/ComparedClocks.xml
----------------- Instantiating /home/travis/build/icyphy/ptII/ptolemy/domains/continuous/test/auto/ComparedClocks.xml
11 ms. Memory: 578048K Free: 170952K (30%)
----------------- Invoking toplevel() on ptolemy.moml.MoMLSimpleApplication@253c80a8
----------------- Done invoking toplevel() on ptolemy.moml.MoMLSimpleApplication@253c80a8
reloadAllAccessors: .ComparedClocks

===========================================================================================
----------------- testing Tue Nov 13 02:44:11 UTC 2018 /home/travis/build/icyphy/ptII/ptolemy/domains/continuous/test/auto/ContinuousAOCClone.xml
----------------- Instantiating /home/travis/build/icyphy/ptII/ptolemy/domains/continuous/test/auto/ContinuousAOCClone.xml
2264 ms. Memory: 872960K Free: 433080K (50%)
----------------- Invoking toplevel() on ptolemy.moml.MoMLSimpleApplication@283985ad
----------------- Done invoking toplevel() on ptolemy.moml.MoMLSimpleApplication@283985ad
reloadAllAccessors: .ContinuousAOCClone

===========================================================================================
----------------- testing Tue Nov 13 02:44:13 UTC 2018 /home/travis/build/icyphy/ptII/ptolemy/domains/continuous/test/auto/ContinuousClock.xml
----------------- Instantiating /home/travis/build/icyphy/ptII/ptolemy/domains/continuous/test/auto/ContinuousClock.xml
35 ms. Memory: 872960K Free: 399858K (46%)
----------------- Invoking toplevel() on ptolemy.moml.MoMLSimpleApplication@7335d973
----------------- Done invoking toplevel() on ptolemy.moml.MoMLSimpleApplication@7335d973
reloadAllAccessors: .ContinuousClock

===========================================================================================
----------------- testing Tue Nov 13 02:44:13 UTC 2018 /home/travis/build/icyphy/ptII/ptolemy/domains/continuous/test/auto/ContinuousInContinuous.xml
----------------- Instantiating /home/travis/build/icyphy/ptII/ptolemy/domains/continuous/test/auto/ContinuousInContinuous.xml
36 ms. Memory: 872960K Free: 368381K (42%)
----------------- Invoking toplevel() on ptolemy.moml.MoMLSimpleApplication@5292bf9f
----------------- Done invoking toplevel() on ptolemy.moml.MoMLSimpleApplication@5292bf9f
reloadAllAccessors: .ContinuousInContinuous

===========================================================================================
----------------- testing Tue Nov 13 02:44:13 UTC 2018 /home/travis/build/icyphy/ptII/ptolemy/domains/continuous/test/auto/ContinuousInContinuousInContinuous.xml
----------------- Instantiating /home/travis/build/icyphy/ptII/ptolemy/domains/continuous/test/auto/ContinuousInContinuousInContinuous.xml
9 ms. Memory: 872960K Free: 352647K (40%)
----------------- Invoking toplevel() on ptolemy.moml.MoMLSimpleApplication@26c65781
----------------- Done invoking toplevel() on ptolemy.moml.MoMLSimpleApplication@26c65781
reloadAllAccessors: .ContinuousInContinuousInContinuous

===========================================================================================
----------------- testing Tue Nov 13 02:44:13 UTC 2018 /home/travis/build/icyphy/ptII/ptolemy/domains/continuous/test/auto/ContinuousInDE.xml
----------------- Instantiating /home/travis/build/icyphy/ptII/ptolemy/domains/continuous/test/auto/ContinuousInDE.xml
116 ms. Memory: 872960K Free: 336928K (39%)
----------------- Invoking toplevel() on ptolemy.moml.MoMLSimpleApplication@54c76ae1
----------------- Done invoking toplevel() on ptolemy.moml.MoMLSimpleApplication@54c76ae1
reloadAllAccessors: .ContinuousInDE

===========================================================================================
----------------- testing Tue Nov 13 02:44:14 UTC 2018 /home/travis/build/icyphy/ptII/ptolemy/domains/continuous/test/auto/ContinuousInDE2.xml
----------------- Instantiating /home/travis/build/icyphy/ptII/ptolemy/domains/continuous/test/auto/ContinuousInDE2.xml
45 ms. Memory: 872960K Free: 317781K (36%)
----------------- Invoking toplevel() on ptolemy.moml.MoMLSimpleApplication@14224c8c
----------------- Done invoking toplevel() on ptolemy.moml.MoMLSimpleApplication@14224c8c
reloadAllAccessors: .ContinuousInDE2

===========================================================================================
----------------- testing Tue Nov 13 02:44:14 UTC 2018 /home/travis/build/icyphy/ptII/ptolemy/domains/continuous/test/auto/ContinuousInDE3.xml
----------------- Instantiating /home/travis/build/icyphy/ptII/ptolemy/domains/continuous/test/auto/ContinuousInDE3.xml
39 ms. Memory: 872960K Free: 302062K (35%)
----------------- Invoking toplevel() on ptolemy.moml.MoMLSimpleApplication@487ab116
----------------- Done invoking toplevel() on ptolemy.moml.MoMLSimpleApplication@487ab116
reloadAllAccessors: .ContinuousInDE3

===========================================================================================
----------------- testing Tue Nov 13 02:44:14 UTC 2018 /home/travis/build/icyphy/ptII/ptolemy/domains/continuous/test/auto/ContinuousInDE4.xml
----------------- Instantiating /home/travis/build/icyphy/ptII/ptolemy/domains/continuous/test/auto/ContinuousInDE4.xml
20 ms. Memory: 872960K Free: 291583K (33%)
----------------- Invoking toplevel() on ptolemy.moml.MoMLSimpleApplication@3fe5deca
----------------- Done invoking toplevel() on ptolemy.moml.MoMLSimpleApplication@3fe5deca
reloadAllAccessors: .ContinuousInDE4

===========================================================================================
----------------- testing Tue Nov 13 02:44:14 UTC 2018 /home/travis/build/icyphy/ptII/ptolemy/domains/continuous/test/auto/ContinuousInDEDifferentRefinements.xml
----------------- Instantiating /home/travis/build/icyphy/ptII/ptolemy/domains/continuous/test/auto/ContinuousInDEDifferentRefinements.xml
54 ms. Memory: 872960K Free: 254867K (29%)
----------------- Invoking toplevel() on ptolemy.moml.MoMLSimpleApplication@729942f5
----------------- Done invoking toplevel() on ptolemy.moml.MoMLSimpleApplication@729942f5
reloadAllAccessors: .ContinuousInDEDifferentRefinements

===========================================================================================
----------------- testing Tue Nov 13 02:44:14 UTC 2018 /home/travis/build/icyphy/ptII/ptolemy/domains/continuous/test/auto/ContinuousInDEDifferentRefinementsPreemptive.xml
----------------- Instantiating /home/travis/build/icyphy/ptII/ptolemy/domains/continuous/test/auto/ContinuousInDEDifferentRefinementsPreemptive.xml
44 ms. Memory: 872960K Free: 214713K (25%)
----------------- Invoking toplevel() on ptolemy.moml.MoMLSimpleApplication@6a8e33c7
----------------- Done invoking toplevel() on ptolemy.moml.MoMLSimpleApplication@6a8e33c7
reloadAllAccessors: .ContinuousInDEDifferentRefinementsPreemptive

===========================================================================================
----------------- testing Tue Nov 13 02:44:14 UTC 2018 /home/travis/build/icyphy/ptII/ptolemy/domains/continuous/test/auto/ContinuousInDEInContinuous2.xml
----------------- Instantiating /home/travis/build/icyphy/ptII/ptolemy/domains/continuous/test/auto/ContinuousInDEInContinuous2.xml
39 ms. Memory: 872960K Free: 198987K (23%)
----------------- Invoking toplevel() on ptolemy.moml.MoMLSimpleApplication@5a7a9264
----------------- Done invoking toplevel() on ptolemy.moml.MoMLSimpleApplication@5a7a9264
reloadAllAccessors: .ContinuousInDEInContinuous2

===========================================================================================
----------------- testing Tue Nov 13 02:44:14 UTC 2018 /home/travis/build/icyphy/ptII/ptolemy/domains/continuous/test/auto/ContinuousInDEInContinuous3.xml
----------------- Instantiating /home/travis/build/icyphy/ptII/ptolemy/domains/continuous/test/auto/ContinuousInDEInContinuous3.xml
36 ms. Memory: 872960K Free: 178012K (20%)
----------------- Invoking toplevel() on ptolemy.moml.MoMLSimpleApplication@4561d247
----------------- Done invoking toplevel() on ptolemy.moml.MoMLSimpleApplication@4561d247
reloadAllAccessors: .ContinuousInDEInContinuous3

===========================================================================================
----------------- testing Tue Nov 13 02:44:14 UTC 2018 /home/travis/build/icyphy/ptII/ptolemy/domains/continuous/test/auto/ContinuousInDEInput.xml
----------------- Instantiating /home/travis/build/icyphy/ptII/ptolemy/domains/continuous/test/auto/ContinuousInDEInput.xml
37 ms. Memory: 872960K Free: 167533K (19%)
----------------- Invoking toplevel() on ptolemy.moml.MoMLSimpleApplication@43cfe201
----------------- Done invoking toplevel() on ptolemy.moml.MoMLSimpleApplication@43cfe201
reloadAllAccessors: .ContinuousInDEInput

===========================================================================================
----------------- testing Tue Nov 13 02:44:14 UTC 2018 /home/travis/build/icyphy/ptII/ptolemy/domains/continuous/test/auto/ContinuousInDEInput2.xml
----------------- Instantiating /home/travis/build/icyphy/ptII/ptolemy/domains/continuous/test/auto/ContinuousInDEInput2.xml
19 ms. Memory: 872960K Free: 153626K (18%)
----------------- Invoking toplevel() on ptolemy.moml.MoMLSimpleApplication@53ea8c14
----------------- Done invoking toplevel() on ptolemy.moml.MoMLSimpleApplication@53ea8c14
reloadAllAccessors: .ContinuousInDEInput2

===========================================================================================
----------------- testing Tue Nov 13 02:44:14 UTC 2018 /home/travis/build/icyphy/ptII/ptolemy/domains/continuous/test/auto/ContinuousInDEInput3.xml
----------------- Instantiating /home/travis/build/icyphy/ptII/ptolemy/domains/continuous/test/auto/ContinuousInDEInput3.xml
19 ms. Memory: 872960K Free: 143147K (16%)
----------------- Invoking toplevel() on ptolemy.moml.MoMLSimpleApplication@77592d60
----------------- Done invoking toplevel() on ptolemy.moml.MoMLSimpleApplication@77592d60
reloadAllAccessors: .ContinuousInDEInput3

===========================================================================================
----------------- testing Tue Nov 13 02:44:14 UTC 2018 /home/travis/build/icyphy/ptII/ptolemy/domains/continuous/test/auto/ContinuousInDESharingRefinement.xml
----------------- Instantiating /home/travis/build/icyphy/ptII/ptolemy/domains/continuous/test/auto/ContinuousInDESharingRefinement.xml
164 ms. Memory: 873472K Free: 831858K (95%)
----------------- Invoking toplevel() on ptolemy.moml.MoMLSimpleApplication@347bd6a7
----------------- Done invoking toplevel() on ptolemy.moml.MoMLSimpleApplication@347bd6a7
reloadAllAccessors: .ContinuousInDESharingRefinement

===========================================================================================
----------------- testing Tue Nov 13 02:44:14 UTC 2018 /home/travis/build/icyphy/ptII/ptolemy/domains/continuous/test/auto/ContinuousInDEwithNoPorts.xml
----------------- Instantiating /home/travis/build/icyphy/ptII/ptolemy/domains/continuous/test/auto/ContinuousInDEwithNoPorts.xml
5 ms. Memory: 873472K Free: 819022K (94%)
----------------- Invoking toplevel() on ptolemy.moml.MoMLSimpleApplication@2cccdb16
----------------- Done invoking toplevel() on ptolemy.moml.MoMLSimpleApplication@2cccdb16
reloadAllAccessors: .ContinuousInDEwithNoPorts

===========================================================================================
----------------- testing Tue Nov 13 02:44:14 UTC 2018 /home/travis/build/icyphy/ptII/ptolemy/domains/continuous/test/auto/ContinuousInsideDE.xml
----------------- Instantiating /home/travis/build/icyphy/ptII/ptolemy/domains/continuous/test/auto/ContinuousInsideDE.xml
41 ms. Memory: 873472K Free: 799373K (92%)
----------------- Invoking toplevel() on ptolemy.moml.MoMLSimpleApplication@582a00ad
----------------- Done invoking toplevel() on ptolemy.moml.MoMLSimpleApplication@582a00ad
reloadAllAccessors: .ContinuousInsideDE

===========================================================================================
----------------- testing Tue Nov 13 02:44:14 UTC 2018 /home/travis/build/icyphy/ptII/ptolemy/domains/continuous/test/auto/ContinuousMerge1.xml
----------------- Instantiating /home/travis/build/icyphy/ptII/ptolemy/domains/continuous/test/auto/ContinuousMerge1.xml
2 ms. Memory: 873472K Free: 789210K (90%)
----------------- Invoking toplevel() on ptolemy.moml.MoMLSimpleApplication@235e5255
----------------- Done invoking toplevel() on ptolemy.moml.MoMLSimpleApplication@235e5255
reloadAllAccessors: .ContinuousMerge1

===========================================================================================
----------------- testing Tue Nov 13 02:44:15 UTC 2018 /home/travis/build/icyphy/ptII/ptolemy/domains/continuous/test/auto/ContinuousMerge2.xml
----------------- Instantiating /home/travis/build/icyphy/ptII/ptolemy/domains/continuous/test/auto/ContinuousMerge2.xml
17 ms. Memory: 873472K Free: 773304K (89%)
----------------- Invoking toplevel() on ptolemy.moml.MoMLSimpleApplication@3a7b2329
----------------- Done invoking toplevel() on ptolemy.moml.MoMLSimpleApplication@3a7b2329
reloadAllAccessors: .ContinuousMerge2

===========================================================================================
----------------- testing Tue Nov 13 02:44:15 UTC 2018 /home/travis/build/icyphy/ptII/ptolemy/domains/continuous/test/auto/ContinuousMerge3.xml
----------------- Instantiating /home/travis/build/icyphy/ptII/ptolemy/domains/continuous/test/auto/ContinuousMerge3.xml
44 ms. Memory: 873472K Free: 757586K (87%)
----------------- Invoking toplevel() on ptolemy.moml.MoMLSimpleApplication@1c09f47d
----------------- Done invoking toplevel() on ptolemy.moml.MoMLSimpleApplication@1c09f47d
reloadAllAccessors: .ContinuousMerge3

===========================================================================================
----------------- testing Tue Nov 13 02:44:15 UTC 2018 /home/travis/build/icyphy/ptII/ptolemy/domains/continuous/test/auto/ContinuousWithinContinuous.xml
----------------- Instantiating /home/travis/build/icyphy/ptII/ptolemy/domains/continuous/test/auto/ContinuousWithinContinuous.xml
41 ms. Memory: 873472K Free: 739546K (85%)
----------------- Invoking toplevel() on ptolemy.moml.MoMLSimpleApplication@29ede8ff
----------------- Done invoking toplevel() on ptolemy.moml.MoMLSimpleApplication@29ede8ff
reloadAllAccessors: .ContinuousWithinContinuous

===========================================================================================
----------------- testing Tue Nov 13 02:44:15 UTC 2018 /home/travis/build/icyphy/ptII/ptolemy/domains/continuous/test/auto/ContinuousWithinContinuous2.xml
----------------- Instantiating /home/travis/build/icyphy/ptII/ptolemy/domains/continuous/test/auto/ContinuousWithinContinuous2.xml
72 ms. Memory: 873472K Free: 727757K (83%)
----------------- Invoking toplevel() on ptolemy.moml.MoMLSimpleApplication@427eb42
----------------- Done invoking toplevel() on ptolemy.moml.MoMLSimpleApplication@427eb42
reloadAllAccessors: .ContinuousWithinContinuous2

===========================================================================================
----------------- testing Tue Nov 13 02:44:15 UTC 2018 /home/travis/build/icyphy/ptII/ptolemy/domains/continuous/test/auto/ContinuousWithinContinuous3.xml
----------------- Instantiating /home/travis/build/icyphy/ptII/ptolemy/domains/continuous/test/auto/ContinuousWithinContinuous3.xml
14 ms. Memory: 873472K Free: 715952K (82%)
----------------- Invoking toplevel() on ptolemy.moml.MoMLSimpleApplication@15d11e6d
----------------- Done invoking toplevel() on ptolemy.moml.MoMLSimpleApplication@15d11e6d
reloadAllAccessors: .ContinuousWithinContinuous3

===========================================================================================
----------------- testing Tue Nov 13 02:44:15 UTC 2018 /home/travis/build/icyphy/ptII/ptolemy/domains/continuous/test/auto/ContinuousWithinContinuous4.xml
----------------- Instantiating /home/travis/build/icyphy/ptII/ptolemy/domains/continuous/test/auto/ContinuousWithinContinuous4.xml
71 ms. Memory: 873472K Free: 693983K (79%)
----------------- Invoking toplevel() on ptolemy.moml.MoMLSimpleApplication@611722df
----------------- Done invoking toplevel() on ptolemy.moml.MoMLSimpleApplication@611722df
reloadAllAccessors: .ContinuousWithinContinuous4

===========================================================================================
----------------- testing Tue Nov 13 02:44:15 UTC 2018 /home/travis/build/icyphy/ptII/ptolemy/domains/continuous/test/auto/ContinuousWithinContinuous5.xml
----------------- Instantiating /home/travis/build/icyphy/ptII/ptolemy/domains/continuous/test/auto/ContinuousWithinContinuous5.xml
13 ms. Memory: 873472K Free: 682195K (78%)
----------------- Invoking toplevel() on ptolemy.moml.MoMLSimpleApplication@1094b97
----------------- Done invoking toplevel() on ptolemy.moml.MoMLSimpleApplication@1094b97
reloadAllAccessors: .ContinuousWithinContinuous5

===========================================================================================
----------------- testing Tue Nov 13 02:44:15 UTC 2018 /home/travis/build/icyphy/ptII/ptolemy/domains/continuous/test/auto/ContinuousWithinContinuous6.xml
----------------- Instantiating /home/travis/build/icyphy/ptII/ptolemy/domains/continuous/test/auto/ContinuousWithinContinuous6.xml
16 ms. Memory: 873472K Free: 670406K (77%)
----------------- Invoking toplevel() on ptolemy.moml.MoMLSimpleApplication@5c970e1
----------------- Done invoking toplevel() on ptolemy.moml.MoMLSimpleApplication@5c970e1
reloadAllAccessors: .ContinuousWithinContinuous6

===========================================================================================
----------------- testing Tue Nov 13 02:44:15 UTC 2018 /home/travis/build/icyphy/ptII/ptolemy/domains/continuous/test/auto/ContinuousWithinContinuous7.xml
----------------- Instantiating /home/travis/build/icyphy/ptII/ptolemy/domains/continuous/test/auto/ContinuousWithinContinuous7.xml
58 ms. Memory: 873472K Free: 656312K (75%)
----------------- Invoking toplevel() on ptolemy.moml.MoMLSimpleApplication@219249c7
----------------- Done invoking toplevel() on ptolemy.moml.MoMLSimpleApplication@219249c7
reloadAllAccessors: .ContinuousWithinContinuous7

===========================================================================================
----------------- testing Tue Nov 13 02:44:15 UTC 2018 /home/travis/build/icyphy/ptII/ptolemy/domains/continuous/test/auto/DCMotor.xml
----------------- Instantiating /home/travis/build/icyphy/ptII/ptolemy/domains/continuous/test/auto/DCMotor.xml
13694 ms. Memory: 734720K Free: 123882K (17%)
----------------- Invoking toplevel() on ptolemy.moml.MoMLSimpleApplication@71e94fde
----------------- Done invoking toplevel() on ptolemy.moml.MoMLSimpleApplication@71e94fde
reloadAllAccessors: .DCMotor

===========================================================================================
----------------- testing Tue Nov 13 02:44:29 UTC 2018 /home/travis/build/icyphy/ptII/ptolemy/domains/continuous/test/auto/DEInContinuous.xml
----------------- Instantiating /home/travis/build/icyphy/ptII/ptolemy/domains/continuous/test/auto/DEInContinuous.xml
8 ms. Memory: 734720K Free: 107777K (15%)
----------------- Invoking toplevel() on ptolemy.moml.MoMLSimpleApplication@58bfec70
----------------- Done invoking toplevel() on ptolemy.moml.MoMLSimpleApplication@58bfec70
reloadAllAccessors: .DEInContinuous

===========================================================================================
----------------- testing Tue Nov 13 02:44:29 UTC 2018 /home/travis/build/icyphy/ptII/ptolemy/domains/continuous/test/auto/DEinContinuous2.xml
----------------- Instantiating /home/travis/build/icyphy/ptII/ptolemy/domains/continuous/test/auto/DEinContinuous2.xml
8 ms. Memory: 734720K Free: 93549K (13%)
----------------- Invoking toplevel() on ptolemy.moml.MoMLSimpleApplication@463668b4
----------------- Done invoking toplevel() on ptolemy.moml.MoMLSimpleApplication@463668b4
reloadAllAccessors: .DEinContinuous2

===========================================================================================
----------------- testing Tue Nov 13 02:44:29 UTC 2018 /home/travis/build/icyphy/ptII/ptolemy/domains/continuous/test/auto/Derivative.xml
----------------- Instantiating /home/travis/build/icyphy/ptII/ptolemy/domains/continuous/test/auto/Derivative.xml
149 ms. Memory: 697856K Free: 665345K (95%)
----------------- Invoking toplevel() on ptolemy.moml.MoMLSimpleApplication@17741966
----------------- Done invoking toplevel() on ptolemy.moml.MoMLSimpleApplication@17741966
reloadAllAccessors: .Derivative2

===========================================================================================
----------------- testing Tue Nov 13 02:44:29 UTC 2018 /home/travis/build/icyphy/ptII/ptolemy/domains/continuous/test/auto/Derivative1.xml
----------------- Instantiating /home/travis/build/icyphy/ptII/ptolemy/domains/continuous/test/auto/Derivative1.xml
23 ms. Memory: 697856K Free: 642035K (92%)
----------------- Invoking toplevel() on ptolemy.moml.MoMLSimpleApplication@366c1286
----------------- Done invoking toplevel() on ptolemy.moml.MoMLSimpleApplication@366c1286
reloadAllAccessors: .Derivative1

===========================================================================================
----------------- testing Tue Nov 13 02:44:29 UTC 2018 /home/travis/build/icyphy/ptII/ptolemy/domains/continuous/test/auto/DiscreteClock.xml
----------------- Instantiating /home/travis/build/icyphy/ptII/ptolemy/domains/continuous/test/auto/DiscreteClock.xml
10 ms. Memory: 697856K Free: 628906K (90%)
----------------- Invoking toplevel() on ptolemy.moml.MoMLSimpleApplication@3f0a35dd
----------------- Done invoking toplevel() on ptolemy.moml.MoMLSimpleApplication@3f0a35dd
reloadAllAccessors: .DiscreteClock

===========================================================================================
----------------- testing Tue Nov 13 02:44:29 UTC 2018 /home/travis/build/icyphy/ptII/ptolemy/domains/continuous/test/auto/EfficiencyCurve.xml
----------------- Instantiating /home/travis/build/icyphy/ptII/ptolemy/domains/continuous/test/auto/EfficiencyCurve.xml
76 ms. Memory: 697856K Free: 615776K (88%)
----------------- Invoking toplevel() on ptolemy.moml.MoMLSimpleApplication@51275331
----------------- Done invoking toplevel() on ptolemy.moml.MoMLSimpleApplication@51275331
reloadAllAccessors: .EfficiencyCurve

===========================================================================================
----------------- testing Tue Nov 13 02:44:29 UTC 2018 /home/travis/build/icyphy/ptII/ptolemy/domains/continuous/test/auto/ExponentialResponse.xml
----------------- Instantiating /home/travis/build/icyphy/ptII/ptolemy/domains/continuous/test/auto/ExponentialResponse.xml
97 ms. Memory: 697856K Free: 590328K (85%)
----------------- Invoking toplevel() on ptolemy.moml.MoMLSimpleApplication@610c2c70
----------------- Done invoking toplevel() on ptolemy.moml.MoMLSimpleApplication@610c2c70
reloadAllAccessors: .ExponentialResponse

===========================================================================================
----------------- testing Tue Nov 13 02:44:29 UTC 2018 /home/travis/build/icyphy/ptII/ptolemy/domains/continuous/test/auto/ExponentialResponseRK45.xml
----------------- Instantiating /home/travis/build/icyphy/ptII/ptolemy/domains/continuous/test/auto/ExponentialResponseRK45.xml
23 ms. Memory: 697856K Free: 577198K (83%)
----------------- Invoking toplevel() on ptolemy.moml.MoMLSimpleApplication@1421cbd4
----------------- Done invoking toplevel() on ptolemy.moml.MoMLSimpleApplication@1421cbd4
reloadAllAccessors: .ExponentialResponseRK45

===========================================================================================
----------------- testing Tue Nov 13 02:44:29 UTC 2018 /home/travis/build/icyphy/ptII/ptolemy/domains/continuous/test/auto/Friction.xml
----------------- Instantiating /home/travis/build/icyphy/ptII/ptolemy/domains/continuous/test/auto/Friction.xml
1304 ms. Memory: 697856K Free: 128482K (18%)
----------------- Invoking toplevel() on ptolemy.moml.MoMLSimpleApplication@60fe416
----------------- Done invoking toplevel() on ptolemy.moml.MoMLSimpleApplication@60fe416
reloadAllAccessors: .Friction

===========================================================================================
----------------- testing Tue Nov 13 02:44:31 UTC 2018 /home/travis/build/icyphy/ptII/ptolemy/domains/continuous/test/auto/FurutaPendulum.xml
----------------- Instantiating /home/travis/build/icyphy/ptII/ptolemy/domains/continuous/test/auto/FurutaPendulum.xml
3120 ms. Memory: 674816K Free: 222579K (33%)
----------------- Invoking toplevel() on ptolemy.moml.MoMLSimpleApplication@5b757cf8
----------------- Done invoking toplevel() on ptolemy.moml.MoMLSimpleApplication@5b757cf8
reloadAllAccessors: .FurutaPendulum

===========================================================================================
----------------- testing Tue Nov 13 02:44:34 UTC 2018 /home/travis/build/icyphy/ptII/ptolemy/domains/continuous/test/auto/HierarchicalExecution.xml
----------------- Instantiating /home/travis/build/icyphy/ptII/ptolemy/domains/continuous/test/auto/HierarchicalExecution.xml
1704 ms. Memory: 646656K Free: 474418K (73%)
----------------- Invoking toplevel() on ptolemy.moml.MoMLSimpleApplication@4c9a724d
----------------- Done invoking toplevel() on ptolemy.moml.MoMLSimpleApplication@4c9a724d
reloadAllAccessors: .HierarchicalExecution

===========================================================================================
----------------- testing Tue Nov 13 02:44:36 UTC 2018 /home/travis/build/icyphy/ptII/ptolemy/domains/continuous/test/auto/HybridPlant.xml
----------------- Instantiating /home/travis/build/icyphy/ptII/ptolemy/domains/continuous/test/auto/HybridPlant.xml
469 ms. Memory: 646656K Free: 198658K (31%)
----------------- Invoking toplevel() on ptolemy.moml.MoMLSimpleApplication@66e64af0
----------------- Done invoking toplevel() on ptolemy.moml.MoMLSimpleApplication@66e64af0
reloadAllAccessors: .HybridPlant

===========================================================================================
----------------- testing Tue Nov 13 02:44:37 UTC 2018 /home/travis/build/icyphy/ptII/ptolemy/domains/continuous/test/auto/Hysteresis.xml
----------------- Instantiating /home/travis/build/icyphy/ptII/ptolemy/domains/continuous/test/auto/Hysteresis.xml
135 ms. Memory: 646656K Free: 130740K (20%)
----------------- Invoking toplevel() on ptolemy.moml.MoMLSimpleApplication@56b102c8
----------------- Done invoking toplevel() on ptolemy.moml.MoMLSimpleApplication@56b102c8
reloadAllAccessors: .Hysteresis

===========================================================================================
----------------- testing Tue Nov 13 02:44:37 UTC 2018 /home/travis/build/icyphy/ptII/ptolemy/domains/continuous/test/auto/HysteresisWithRandomDelay.xml
----------------- Instantiating /home/travis/build/icyphy/ptII/ptolemy/domains/continuous/test/auto/HysteresisWithRandomDelay.xml
183 ms. Memory: 614912K Free: 578995K (94%)
----------------- Invoking toplevel() on ptolemy.moml.MoMLSimpleApplication@74de9995
----------------- Done invoking toplevel() on ptolemy.moml.MoMLSimpleApplication@74de9995
reloadAllAccessors: .HysteresisWithRandomDelay

===========================================================================================
----------------- testing Tue Nov 13 02:44:37 UTC 2018 /home/travis/build/icyphy/ptII/ptolemy/domains/continuous/test/auto/HysteresisWithRandomLosses.xml
----------------- Instantiating /home/travis/build/icyphy/ptII/ptolemy/domains/continuous/test/auto/HysteresisWithRandomLosses.xml
2060 ms. Memory: 591872K Free: 319164K (54%)
----------------- Invoking toplevel() on ptolemy.moml.MoMLSimpleApplication@7a29c50d
----------------- Done invoking toplevel() on ptolemy.moml.MoMLSimpleApplication@7a29c50d
reloadAllAccessors: .HysteresisWithRandomLosses

===========================================================================================
----------------- testing Tue Nov 13 02:44:39 UTC 2018 /home/travis/build/icyphy/ptII/ptolemy/domains/continuous/test/auto/ImmediateTransitions.xml
----------------- Instantiating /home/travis/build/icyphy/ptII/ptolemy/domains/continuous/test/auto/ImmediateTransitions.xml
15 ms. Memory: 591872K Free: 304044K (51%)
----------------- Invoking toplevel() on ptolemy.moml.MoMLSimpleApplication@6a3c41d1
----------------- Done invoking toplevel() on ptolemy.moml.MoMLSimpleApplication@6a3c41d1
reloadAllAccessors: .ImmediateTransitions

===========================================================================================
----------------- testing Tue Nov 13 02:44:39 UTC 2018 /home/travis/build/icyphy/ptII/ptolemy/domains/continuous/test/auto/ImpulseFeedback.xml
----------------- Instantiating /home/travis/build/icyphy/ptII/ptolemy/domains/continuous/test/auto/ImpulseFeedback.xml
10 ms. Memory: 591872K Free: 295508K (50%)
----------------- Invoking toplevel() on ptolemy.moml.MoMLSimpleApplication@4a72f20d
----------------- Done invoking toplevel() on ptolemy.moml.MoMLSimpleApplication@4a72f20d
reloadAllAccessors: .ImpulseFeedback

===========================================================================================
----------------- testing Tue Nov 13 02:44:39 UTC 2018 /home/travis/build/icyphy/ptII/ptolemy/domains/continuous/test/auto/ImpulseFeedback2.xml
----------------- Instantiating /home/travis/build/icyphy/ptII/ptolemy/domains/continuous/test/auto/ImpulseFeedback2.xml
6 ms. Memory: 591872K Free: 287122K (49%)
----------------- Invoking toplevel() on ptolemy.moml.MoMLSimpleApplication@619ead85
----------------- Done invoking toplevel() on ptolemy.moml.MoMLSimpleApplication@619ead85
reloadAllAccessors: .ImpulseFeedback2

===========================================================================================
----------------- testing Tue Nov 13 02:44:39 UTC 2018 /home/travis/build/icyphy/ptII/ptolemy/domains/continuous/test/auto/IncreasingRatePoisson.xml
----------------- Instantiating /home/travis/build/icyphy/ptII/ptolemy/domains/continuous/test/auto/IncreasingRatePoisson.xml
665 ms. Memory: 565760K Free: 441626K (78%)
----------------- Invoking toplevel() on ptolemy.moml.MoMLSimpleApplication@4b211d1c
----------------- Done invoking toplevel() on ptolemy.moml.MoMLSimpleApplication@4b211d1c
reloadAllAccessors: .IncreasingRatePoisson

===========================================================================================
----------------- testing Tue Nov 13 02:44:40 UTC 2018 /home/travis/build/icyphy/ptII/ptolemy/domains/continuous/test/auto/InitialStateFeedback.xml
----------------- Instantiating /home/travis/build/icyphy/ptII/ptolemy/domains/continuous/test/auto/InitialStateFeedback.xml
3 ms. Memory: 565760K Free: 432140K (76%)
----------------- Invoking toplevel() on ptolemy.moml.MoMLSimpleApplication@5535bf41
----------------- Done invoking toplevel() on ptolemy.moml.MoMLSimpleApplication@5535bf41
reloadAllAccessors: .InitialStateFeedback

===========================================================================================
----------------- testing Tue Nov 13 02:44:40 UTC 2018 /home/travis/build/icyphy/ptII/ptolemy/domains/continuous/test/auto/Integration.xml
----------------- Instantiating /home/travis/build/icyphy/ptII/ptolemy/domains/continuous/test/auto/Integration.xml
1 ms. Memory: 565760K Free: 424047K (75%)
----------------- Invoking toplevel() on ptolemy.moml.MoMLSimpleApplication@6092ad4d
----------------- Done invoking toplevel() on ptolemy.moml.MoMLSimpleApplication@6092ad4d
reloadAllAccessors: .Integration

===========================================================================================
----------------- testing Tue Nov 13 02:44:40 UTC 2018 /home/travis/build/icyphy/ptII/ptolemy/domains/continuous/test/auto/Integration2.xml
----------------- Instantiating /home/travis/build/icyphy/ptII/ptolemy/domains/continuous/test/auto/Integration2.xml
75 ms. Memory: 565760K Free: 406166K (72%)
----------------- Invoking toplevel() on ptolemy.moml.MoMLSimpleApplication@216024a6
----------------- Done invoking toplevel() on ptolemy.moml.MoMLSimpleApplication@216024a6
reloadAllAccessors: .Integration2

===========================================================================================
----------------- testing Tue Nov 13 02:44:40 UTC 2018 /home/travis/build/icyphy/ptII/ptolemy/domains/continuous/test/auto/Integration3.xml
----------------- Instantiating /home/travis/build/icyphy/ptII/ptolemy/domains/continuous/test/auto/Integration3.xml
2 ms. Memory: 565760K Free: 398079K (70%)
----------------- Invoking toplevel() on ptolemy.moml.MoMLSimpleApplication@60872de
----------------- Done invoking toplevel() on ptolemy.moml.MoMLSimpleApplication@60872de
reloadAllAccessors: .Integration3

===========================================================================================
----------------- testing Tue Nov 13 02:44:40 UTC 2018 /home/travis/build/icyphy/ptII/ptolemy/domains/continuous/test/auto/Integration5.xml
----------------- Instantiating /home/travis/build/icyphy/ptII/ptolemy/domains/continuous/test/auto/Integration5.xml
2 ms. Memory: 565760K Free: 390007K (69%)
----------------- Invoking toplevel() on ptolemy.moml.MoMLSimpleApplication@2261a06a
----------------- Done invoking toplevel() on ptolemy.moml.MoMLSimpleApplication@2261a06a
reloadAllAccessors: .Integration5

===========================================================================================
----------------- testing Tue Nov 13 02:44:40 UTC 2018 /home/travis/build/icyphy/ptII/ptolemy/domains/continuous/test/auto/IntegratorImpulse.xml
----------------- Instantiating /home/travis/build/icyphy/ptII/ptolemy/domains/continuous/test/auto/IntegratorImpulse.xml
2 ms. Memory: 565760K Free: 381812K (67%)
----------------- Invoking toplevel() on ptolemy.moml.MoMLSimpleApplication@cacb6a2
----------------- Done invoking toplevel() on ptolemy.moml.MoMLSimpleApplication@cacb6a2
reloadAllAccessors: .IntegratorImpulse

===========================================================================================
----------------- testing Tue Nov 13 02:44:40 UTC 2018 /home/travis/build/icyphy/ptII/ptolemy/domains/continuous/test/auto/IntegratorImpulse2.xml
----------------- Instantiating /home/travis/build/icyphy/ptII/ptolemy/domains/continuous/test/auto/IntegratorImpulse2.xml
4 ms. Memory: 565760K Free: 373725K (66%)
----------------- Invoking toplevel() on ptolemy.moml.MoMLSimpleApplication@3a7f1c18
----------------- Done invoking toplevel() on ptolemy.moml.MoMLSimpleApplication@3a7f1c18
reloadAllAccessors: .IntegratorImpulse2

===========================================================================================
----------------- testing Tue Nov 13 02:44:40 UTC 2018 /home/travis/build/icyphy/ptII/ptolemy/domains/continuous/test/auto/LevelCrossing1.xml
----------------- Instantiating /home/travis/build/icyphy/ptII/ptolemy/domains/continuous/test/auto/LevelCrossing1.xml
2 ms. Memory: 565760K Free: 365522K (65%)
----------------- Invoking toplevel() on ptolemy.moml.MoMLSimpleApplication@3db231d7
----------------- Done invoking toplevel() on ptolemy.moml.MoMLSimpleApplication@3db231d7
reloadAllAccessors: .LevelCrossing1

===========================================================================================
----------------- testing Tue Nov 13 02:44:40 UTC 2018 /home/travis/build/icyphy/ptII/ptolemy/domains/continuous/test/auto/LevelCrossing2.xml
----------------- Instantiating /home/travis/build/icyphy/ptII/ptolemy/domains/continuous/test/auto/LevelCrossing2.xml
3 ms. Memory: 565760K Free: 357435K (63%)
----------------- Invoking toplevel() on ptolemy.moml.MoMLSimpleApplication@63d33d3c
----------------- Done invoking toplevel() on ptolemy.moml.MoMLSimpleApplication@63d33d3c
reloadAllAccessors: .LevelCrossing2

===========================================================================================
----------------- testing Tue Nov 13 02:44:40 UTC 2018 /home/travis/build/icyphy/ptII/ptolemy/domains/continuous/test/auto/LevelCrossing3.xml
----------------- Instantiating /home/travis/build/icyphy/ptII/ptolemy/domains/continuous/test/auto/LevelCrossing3.xml
3 ms. Memory: 565760K Free: 349233K (62%)
----------------- Invoking toplevel() on ptolemy.moml.MoMLSimpleApplication@4429b552
----------------- Done invoking toplevel() on ptolemy.moml.MoMLSimpleApplication@4429b552
reloadAllAccessors: .LevelCrossing3

===========================================================================================
----------------- testing Tue Nov 13 02:44:40 UTC 2018 /home/travis/build/icyphy/ptII/ptolemy/domains/continuous/test/auto/LevelCrossing4.xml
----------------- Instantiating /home/travis/build/icyphy/ptII/ptolemy/domains/continuous/test/auto/LevelCrossing4.xml
3 ms. Memory: 565760K Free: 341145K (60%)
----------------- Invoking toplevel() on ptolemy.moml.MoMLSimpleApplication@7ea535ce
----------------- Done invoking toplevel() on ptolemy.moml.MoMLSimpleApplication@7ea535ce
reloadAllAccessors: .LevelCrossing4

===========================================================================================
----------------- testing Tue Nov 13 02:44:40 UTC 2018 /home/travis/build/icyphy/ptII/ptolemy/domains/continuous/test/auto/LevelCrossing5.xml
----------------- Instantiating /home/travis/build/icyphy/ptII/ptolemy/domains/continuous/test/auto/LevelCrossing5.xml
2 ms. Memory: 565760K Free: 332943K (59%)
----------------- Invoking toplevel() on ptolemy.moml.MoMLSimpleApplication@4241079b
----------------- Done invoking toplevel() on ptolemy.moml.MoMLSimpleApplication@4241079b
reloadAllAccessors: .LevelCrossing5

===========================================================================================
[...]
8 ms. Memory: 371200K Free: 238974K (64%)
----------------- Invoking toplevel() on ptolemy.moml.MoMLSimpleApplication@60c4c164
----------------- Done invoking toplevel() on ptolemy.moml.MoMLSimpleApplication@60c4c164
reloadAllAccessors: .ResetTransitionWithStartTime6

===========================================================================================
----------------- testing Tue Nov 13 02:44:56 UTC 2018 /home/travis/build/icyphy/ptII/ptolemy/domains/continuous/test/auto/SRinContinuous.xml
----------------- Instantiating /home/travis/build/icyphy/ptII/ptolemy/domains/continuous/test/auto/SRinContinuous.xml
9 ms. Memory: 371200K Free: 228374K (62%)
----------------- Invoking toplevel() on ptolemy.moml.MoMLSimpleApplication@268ab60d
----------------- Done invoking toplevel() on ptolemy.moml.MoMLSimpleApplication@268ab60d
reloadAllAccessors: .SRinContinuous

===========================================================================================
----------------- testing Tue Nov 13 02:44:56 UTC 2018 /home/travis/build/icyphy/ptII/ptolemy/domains/continuous/test/auto/SampledClocks.xml
----------------- Instantiating /home/travis/build/icyphy/ptII/ptolemy/domains/continuous/test/auto/SampledClocks.xml
8 ms. Memory: 371200K Free: 217776K (59%)
----------------- Invoking toplevel() on ptolemy.moml.MoMLSimpleApplication@277bc9ed
----------------- Done invoking toplevel() on ptolemy.moml.MoMLSimpleApplication@277bc9ed
reloadAllAccessors: .SampledClocks

===========================================================================================
----------------- testing Tue Nov 13 02:44:56 UTC 2018 /home/travis/build/icyphy/ptII/ptolemy/domains/continuous/test/auto/Satellite.xml
----------------- Instantiating /home/travis/build/icyphy/ptII/ptolemy/domains/continuous/test/auto/Satellite.xml
841 ms. Memory: 371200K Free: 37162K (10%)
----------------- Invoking toplevel() on ptolemy.moml.MoMLSimpleApplication@366a9929
----------------- Done invoking toplevel() on ptolemy.moml.MoMLSimpleApplication@366a9929
reloadAllAccessors: .Satellite

===========================================================================================
----------------- testing Tue Nov 13 02:44:57 UTC 2018 /home/travis/build/icyphy/ptII/ptolemy/domains/continuous/test/auto/SigmaDelta.xml
----------------- Instantiating /home/travis/build/icyphy/ptII/ptolemy/domains/continuous/test/auto/SigmaDelta.xml
2241 ms. Memory: 352256K Free: 204556K (58%)
----------------- Invoking toplevel() on ptolemy.moml.MoMLSimpleApplication@5a5cfb99
----------------- Done invoking toplevel() on ptolemy.moml.MoMLSimpleApplication@5a5cfb99
reloadAllAccessors: .SigmaDelta

===========================================================================================
----------------- testing Tue Nov 13 02:44:59 UTC 2018 /home/travis/build/icyphy/ptII/ptolemy/domains/continuous/test/auto/SingleRefinement.xml
----------------- Instantiating /home/travis/build/icyphy/ptII/ptolemy/domains/continuous/test/auto/SingleRefinement.xml
408 ms. Memory: 413696K Free: 342534K (83%)
----------------- Invoking toplevel() on ptolemy.moml.MoMLSimpleApplication@439bc42b
----------------- Done invoking toplevel() on ptolemy.moml.MoMLSimpleApplication@439bc42b
reloadAllAccessors: .SingleRefinement

===========================================================================================
----------------- testing Tue Nov 13 02:45:00 UTC 2018 /home/travis/build/icyphy/ptII/ptolemy/domains/continuous/test/auto/SinuBouncingBall.xml
----------------- Instantiating /home/travis/build/icyphy/ptII/ptolemy/domains/continuous/test/auto/SinuBouncingBall.xml
760 ms. Memory: 413696K Free: 118319K (29%)
----------------- Invoking toplevel() on ptolemy.moml.MoMLSimpleApplication@7d8ef65b
----------------- Done invoking toplevel() on ptolemy.moml.MoMLSimpleApplication@7d8ef65b
reloadAllAccessors: .SinuBouncingBall

===========================================================================================
----------------- testing Tue Nov 13 02:45:01 UTC 2018 /home/travis/build/icyphy/ptII/ptolemy/domains/continuous/test/auto/Sinusoid.xml
----------------- Instantiating /home/travis/build/icyphy/ptII/ptolemy/domains/continuous/test/auto/Sinusoid.xml
4 ms. Memory: 413696K Free: 110619K (27%)
----------------- Invoking toplevel() on ptolemy.moml.MoMLSimpleApplication@5d7dfe4c
----------------- Done invoking toplevel() on ptolemy.moml.MoMLSimpleApplication@5d7dfe4c
reloadAllAccessors: .Sinusoid

===========================================================================================
----------------- testing Tue Nov 13 02:45:01 UTC 2018 /home/travis/build/icyphy/ptII/ptolemy/domains/continuous/test/auto/SinusoidInNoise.xml
----------------- Instantiating /home/travis/build/icyphy/ptII/ptolemy/domains/continuous/test/auto/SinusoidInNoise.xml
910 ms. Memory: 497152K Free: 322154K (65%)
----------------- Invoking toplevel() on ptolemy.moml.MoMLSimpleApplication@12937614
----------------- Done invoking toplevel() on ptolemy.moml.MoMLSimpleApplication@12937614
reloadAllAccessors: .SinusoidInNoise

===========================================================================================
----------------- testing Tue Nov 13 02:45:02 UTC 2018 /home/travis/build/icyphy/ptII/ptolemy/domains/continuous/test/auto/SinusoidRK45.xml
----------------- Instantiating /home/travis/build/icyphy/ptII/ptolemy/domains/continuous/test/auto/SinusoidRK45.xml
2 ms. Memory: 497152K Free: 314172K (63%)
----------------- Invoking toplevel() on ptolemy.moml.MoMLSimpleApplication@37cf022d
----------------- Done invoking toplevel() on ptolemy.moml.MoMLSimpleApplication@37cf022d
reloadAllAccessors: .SinusoidRK45

===========================================================================================
----------------- testing Tue Nov 13 02:45:02 UTC 2018 /home/travis/build/icyphy/ptII/ptolemy/domains/continuous/test/auto/SinusoidWithMultipleImpulses.xml
----------------- Instantiating /home/travis/build/icyphy/ptII/ptolemy/domains/continuous/test/auto/SinusoidWithMultipleImpulses.xml
2 ms. Memory: 497152K Free: 304938K (61%)
----------------- Invoking toplevel() on ptolemy.moml.MoMLSimpleApplication@396d5d0e
----------------- Done invoking toplevel() on ptolemy.moml.MoMLSimpleApplication@396d5d0e
reloadAllAccessors: .SinusoidWithMultipleImpulses

===========================================================================================
----------------- testing Tue Nov 13 02:45:02 UTC 2018 /home/travis/build/icyphy/ptII/ptolemy/domains/continuous/test/auto/SquareWave.xml
----------------- Instantiating /home/travis/build/icyphy/ptII/ptolemy/domains/continuous/test/auto/SquareWave.xml
165 ms. Memory: 497152K Free: 273582K (55%)
----------------- Invoking toplevel() on ptolemy.moml.MoMLSimpleApplication@7c82e803
----------------- Done invoking toplevel() on ptolemy.moml.MoMLSimpleApplication@7c82e803
reloadAllAccessors: .SquareWave

===========================================================================================
----------------- testing Tue Nov 13 02:45:02 UTC 2018 /home/travis/build/icyphy/ptII/ptolemy/domains/continuous/test/auto/Starmac.xml
----------------- Instantiating /home/travis/build/icyphy/ptII/ptolemy/domains/continuous/test/auto/Starmac.xml
3063 ms. Memory: 604160K Free: 426497K (71%)
----------------- Invoking toplevel() on ptolemy.moml.MoMLSimpleApplication@3e897ee7
----------------- Done invoking toplevel() on ptolemy.moml.MoMLSimpleApplication@3e897ee7
reloadAllAccessors: .Starmac

===========================================================================================
----------------- testing Tue Nov 13 02:45:05 UTC 2018 /home/travis/build/icyphy/ptII/ptolemy/domains/continuous/test/auto/StaticUnits.xml
----------------- Instantiating /home/travis/build/icyphy/ptII/ptolemy/domains/continuous/test/auto/StaticUnits.xml
2024 ms. Memory: 580096K Free: 463352K (80%)
----------------- Invoking toplevel() on ptolemy.moml.MoMLSimpleApplication@17e29deb
----------------- Done invoking toplevel() on ptolemy.moml.MoMLSimpleApplication@17e29deb
reloadAllAccessors: .StaticUnits

===========================================================================================
----------------- testing Tue Nov 13 02:45:08 UTC 2018 /home/travis/build/icyphy/ptII/ptolemy/domains/continuous/test/auto/StickyMasses.xml
----------------- Instantiating /home/travis/build/icyphy/ptII/ptolemy/domains/continuous/test/auto/StickyMasses.xml
124 ms. Memory: 580096K Free: 405530K (70%)
----------------- Invoking toplevel() on ptolemy.moml.MoMLSimpleApplication@4152bc22
----------------- Done invoking toplevel() on ptolemy.moml.MoMLSimpleApplication@4152bc22
reloadAllAccessors: .StickyMasses

===========================================================================================
----------------- testing Tue Nov 13 02:45:08 UTC 2018 /home/travis/build/icyphy/ptII/ptolemy/domains/continuous/test/auto/StopTime.xml
----------------- Instantiating /home/travis/build/icyphy/ptII/ptolemy/domains/continuous/test/auto/StopTime.xml
36 ms. Memory: 580096K Free: 374901K (65%)
----------------- Invoking toplevel() on ptolemy.moml.MoMLSimpleApplication@2befd4d6
----------------- Done invoking toplevel() on ptolemy.moml.MoMLSimpleApplication@2befd4d6
reloadAllAccessors: .StopTime

===========================================================================================
----------------- testing Tue Nov 13 02:45:08 UTC 2018 /home/travis/build/icyphy/ptII/ptolemy/domains/continuous/test/auto/StopTime2.xml
----------------- Instantiating /home/travis/build/icyphy/ptII/ptolemy/domains/continuous/test/auto/StopTime2.xml
31 ms. Memory: 580096K Free: 346659K (60%)
----------------- Invoking toplevel() on ptolemy.moml.MoMLSimpleApplication@2e5a3263
----------------- Done invoking toplevel() on ptolemy.moml.MoMLSimpleApplication@2e5a3263
reloadAllAccessors: .StopTime2

===========================================================================================
----------------- testing Tue Nov 13 02:45:08 UTC 2018 /home/travis/build/icyphy/ptII/ptolemy/domains/continuous/test/auto/Switch.xml
----------------- Instantiating /home/travis/build/icyphy/ptII/ptolemy/domains/continuous/test/auto/Switch.xml
50 ms. Memory: 580096K Free: 316058K (54%)
----------------- Invoking toplevel() on ptolemy.moml.MoMLSimpleApplication@2f7eadfc
----------------- Done invoking toplevel() on ptolemy.moml.MoMLSimpleApplication@2f7eadfc
reloadAllAccessors: .Switch

===========================================================================================
----------------- testing Tue Nov 13 02:45:08 UTC 2018 /home/travis/build/icyphy/ptII/ptolemy/domains/continuous/test/auto/Thermostat.xml
----------------- Instantiating /home/travis/build/icyphy/ptII/ptolemy/domains/continuous/test/auto/Thermostat.xml
172 ms. Memory: 580096K Free: 238406K (41%)
----------------- Invoking toplevel() on ptolemy.moml.MoMLSimpleApplication@3df85783
----------------- Done invoking toplevel() on ptolemy.moml.MoMLSimpleApplication@3df85783
reloadAllAccessors: .Thermostat

===========================================================================================
----------------- testing Tue Nov 13 02:45:08 UTC 2018 /home/travis/build/icyphy/ptII/ptolemy/domains/continuous/test/auto/TimeDelay.xml
----------------- Instantiating /home/travis/build/icyphy/ptII/ptolemy/domains/continuous/test/auto/TimeDelay.xml
6 ms. Memory: 580096K Free: 230009K (40%)
----------------- Invoking toplevel() on ptolemy.moml.MoMLSimpleApplication@3cbd1b8e
----------------- Done invoking toplevel() on ptolemy.moml.MoMLSimpleApplication@3cbd1b8e
reloadAllAccessors: .TimeDelay

===========================================================================================
----------------- testing Tue Nov 13 02:45:08 UTC 2018 /home/travis/build/icyphy/ptII/ptolemy/domains/continuous/test/auto/TimeDelay2.xml
----------------- Instantiating /home/travis/build/icyphy/ptII/ptolemy/domains/continuous/test/auto/TimeDelay2.xml
7 ms. Memory: 580096K Free: 221681K (38%)
----------------- Invoking toplevel() on ptolemy.moml.MoMLSimpleApplication@661b7151
----------------- Done invoking toplevel() on ptolemy.moml.MoMLSimpleApplication@661b7151
reloadAllAccessors: .TimeDelay2

===========================================================================================
----------------- testing Tue Nov 13 02:45:09 UTC 2018 /home/travis/build/icyphy/ptII/ptolemy/domains/continuous/test/auto/TimeDelay3.xml
----------------- Instantiating /home/travis/build/icyphy/ptII/ptolemy/domains/continuous/test/auto/TimeDelay3.xml
6 ms. Memory: 580096K Free: 213292K (37%)
----------------- Invoking toplevel() on ptolemy.moml.MoMLSimpleApplication@5cb5e99
----------------- Done invoking toplevel() on ptolemy.moml.MoMLSimpleApplication@5cb5e99
reloadAllAccessors: .TimeDelay3

===========================================================================================
----------------- testing Tue Nov 13 02:45:09 UTC 2018 /home/travis/build/icyphy/ptII/ptolemy/domains/continuous/test/auto/TransferAbsentToInside.xml
----------------- Instantiating /home/travis/build/icyphy/ptII/ptolemy/domains/continuous/test/auto/TransferAbsentToInside.xml
24 ms. Memory: 580096K Free: 152941K (26%)
----------------- Invoking toplevel() on ptolemy.moml.MoMLSimpleApplication@6f2f8fe1
----------------- Done invoking toplevel() on ptolemy.moml.MoMLSimpleApplication@6f2f8fe1
reloadAllAccessors: .TransferAbsentToInside

===========================================================================================
----------------- testing Tue Nov 13 02:45:09 UTC 2018 /home/travis/build/icyphy/ptII/ptolemy/domains/continuous/test/auto/Transmission.xml
----------------- Instantiating /home/travis/build/icyphy/ptII/ptolemy/domains/continuous/test/auto/Transmission.xml
744 ms. Memory: 552960K Free: 379910K (69%)
----------------- Invoking toplevel() on ptolemy.moml.MoMLSimpleApplication@d353127
----------------- Done invoking toplevel() on ptolemy.moml.MoMLSimpleApplication@d353127
reloadAllAccessors: .Transmission

===========================================================================================
----------------- testing Tue Nov 13 02:45:09 UTC 2018 /home/travis/build/icyphy/ptII/ptolemy/domains/continuous/test/auto/TriggeredContinuousClock.xml
----------------- Instantiating /home/travis/build/icyphy/ptII/ptolemy/domains/continuous/test/auto/TriggeredContinuousClock.xml
33 ms. Memory: 552960K Free: 344600K (62%)
----------------- Invoking toplevel() on ptolemy.moml.MoMLSimpleApplication@7b255811
----------------- Done invoking toplevel() on ptolemy.moml.MoMLSimpleApplication@7b255811
reloadAllAccessors: .TriggeredContinuousClock

===========================================================================================
----------------- testing Tue Nov 13 02:45:09 UTC 2018 /home/travis/build/icyphy/ptII/ptolemy/domains/continuous/test/auto/TwoMachineInfiniteBusControl.xml
----------------- Instantiating /home/travis/build/icyphy/ptII/ptolemy/domains/continuous/test/auto/TwoMachineInfiniteBusControl.xml
2820 ms. Memory: 531968K Free: 232809K (44%)
----------------- Invoking toplevel() on ptolemy.moml.MoMLSimpleApplication@326603f9
----------------- Done invoking toplevel() on ptolemy.moml.MoMLSimpleApplication@326603f9
reloadAllAccessors: .TwoMachineInfiniteBusControl

===========================================================================================
----------------- testing Tue Nov 13 02:45:12 UTC 2018 /home/travis/build/icyphy/ptII/ptolemy/domains/continuous/test/auto/V2V.xml
----------------- Instantiating /home/travis/build/icyphy/ptII/ptolemy/domains/continuous/test/auto/V2V.xml
651 ms. Memory: 531968K Free: 34194K (6%)
----------------- Invoking toplevel() on ptolemy.moml.MoMLSimpleApplication@5eb69fdb
----------------- Done invoking toplevel() on ptolemy.moml.MoMLSimpleApplication@5eb69fdb
reloadAllAccessors: .V2V

===========================================================================================
----------------- testing Tue Nov 13 02:45:13 UTC 2018 /home/travis/build/icyphy/ptII/ptolemy/domains/continuous/test/auto/hierarchicalModalModel.xml
----------------- Instantiating /home/travis/build/icyphy/ptII/ptolemy/domains/continuous/test/auto/hierarchicalModalModel.xml
6 ms. Memory: 531968K Free: 15265K (3%)
----------------- Invoking toplevel() on ptolemy.moml.MoMLSimpleApplication@37954446
----------------- Done invoking toplevel() on ptolemy.moml.MoMLSimpleApplication@37954446
reloadAllAccessors: .hierarchicalModalModel

===========================================================================================
----------------- testing Tue Nov 13 02:45:13 UTC 2018 /home/travis/build/icyphy/ptII/ptolemy/domains/continuous/test/auto/hierarchicalModalModel1.xml
----------------- Instantiating /home/travis/build/icyphy/ptII/ptolemy/domains/continuous/test/auto/hierarchicalModalModel1.xml
7 ms. Memory: 509952K Free: 422768K (83%)
----------------- Invoking toplevel() on ptolemy.moml.MoMLSimpleApplication@6deafbe7
----------------- Done invoking toplevel() on ptolemy.moml.MoMLSimpleApplication@6deafbe7
reloadAllAccessors: .hierarchicalModalModel1

===========================================================================================
----------------- testing Tue Nov 13 02:45:13 UTC 2018 /home/travis/build/icyphy/ptII/ptolemy/domains/continuous/test/auto/hierarchicalModalModel2.xml
----------------- Instantiating /home/travis/build/icyphy/ptII/ptolemy/domains/continuous/test/auto/hierarchicalModalModel2.xml
5 ms. Memory: 509952K Free: 406756K (80%)
----------------- Invoking toplevel() on ptolemy.moml.MoMLSimpleApplication@15ad9ad5
----------------- Done invoking toplevel() on ptolemy.moml.MoMLSimpleApplication@15ad9ad5
reloadAllAccessors: .hierarchicalModalModel2

===========================================================================================
----------------- testing Tue Nov 13 02:45:13 UTC 2018 /home/travis/build/icyphy/ptII/ptolemy/domains/continuous/test/auto/hierarchicalModalModel3.xml
----------------- Instantiating /home/travis/build/icyphy/ptII/ptolemy/domains/continuous/test/auto/hierarchicalModalModel3.xml
5 ms. Memory: 509952K Free: 392935K (77%)
----------------- Invoking toplevel() on ptolemy.moml.MoMLSimpleApplication@20b287ef
----------------- Done invoking toplevel() on ptolemy.moml.MoMLSimpleApplication@20b287ef
reloadAllAccessors: .hierarchicalModalModel3

===========================================================================================
----------------- testing Tue Nov 13 02:45:13 UTC 2018 /home/travis/build/icyphy/ptII/ptolemy/domains/continuous/test/auto/hierarchicalModalModel4.xml
----------------- Instantiating /home/travis/build/icyphy/ptII/ptolemy/domains/continuous/test/auto/hierarchicalModalModel4.xml
5 ms. Memory: 509952K Free: 379130K (74%)
----------------- Invoking toplevel() on ptolemy.moml.MoMLSimpleApplication@323f890c
----------------- Done invoking toplevel() on ptolemy.moml.MoMLSimpleApplication@323f890c
reloadAllAccessors: .hierarchicalModalModel4

===========================================================================================
----------------- testing Tue Nov 13 02:45:13 UTC 2018 /home/travis/build/icyphy/ptII/ptolemy/domains/continuous/test/auto/junk.xml
----------------- Instantiating /home/travis/build/icyphy/ptII/ptolemy/domains/continuous/test/auto/junk.xml
137 ms. Memory: 509952K Free: 346079K (68%)
----------------- Invoking toplevel() on ptolemy.moml.MoMLSimpleApplication@1450920
----------------- Done invoking toplevel() on ptolemy.moml.MoMLSimpleApplication@1450920
reloadAllAccessors: .junk
AutoTests.java: About to close Vertx.
AutoTests.java: Vertx closed.
]]></system-out>
  <system-err><![CDATA[Warning: '.Poisson.NonStrictTest' The test produced only 389 tokens, yet the correctValues parameter was expecting 430 tokens.
]]></system-err>
</testsuite>
