<?xml version="1.0" encoding="UTF-8" ?>
<testsuite errors="0" failures="0" hostname="travis-job-5c6a1b96-af63-4297-afaa-4622dfb02026" name="ptolemy.domains.continuous.test.junit.JUnitTclTest" skipped="0" tests="156" time="78.324" timestamp="2019-06-06T04:30:00">
  <properties>
[...]
</properties>
  <testcase classname="ptolemy.util.test.junit.TclTests" name="[0] ThereAreNoTclTests (RunTclFile)" time="0.003" />
  <testcase classname="ptolemy.util.test.junit.AutoKnownFailedTests" name="[0] ThereAreNoKnowFailedTests (RunModel)" time="0.003" />
  <testcase classname="ptolemy.util.test.junit.AutoNameArchTests" name="[0] ThereAreNoAutoArchTests (RunModel)" time="0.003" />
  <testcase classname="ptolemy.util.test.junit.AutoTests" name="[0] /home/travis/build/icyphy/ptII/ptolemy/domains/continuous/test/auto/BouncingBall.xml (RunModel)" time="2.854" />
  <testcase classname="ptolemy.util.test.junit.AutoTests" name="[1] /home/travis/build/icyphy/ptII/ptolemy/domains/continuous/test/auto/BouncingBallWithoutGR.xml (RunModel)" time="0.924" />
  <testcase classname="ptolemy.util.test.junit.AutoTests" name="[2] /home/travis/build/icyphy/ptII/ptolemy/domains/continuous/test/auto/Brownian.xml (RunModel)" time="0.109" />
  <testcase classname="ptolemy.util.test.junit.AutoTests" name="[3] /home/travis/build/icyphy/ptII/ptolemy/domains/continuous/test/auto/CarTracking.xml (RunModel)" time="3.895" />
  <testcase classname="ptolemy.util.test.junit.AutoTests" name="[4] /home/travis/build/icyphy/ptII/ptolemy/domains/continuous/test/auto/CartPendulum.xml (RunModel)" time="0.526" />
  <testcase classname="ptolemy.util.test.junit.AutoTests" name="[5] /home/travis/build/icyphy/ptII/ptolemy/domains/continuous/test/auto/CausalityInterface10.xml (RunModel)" time="0.049" />
  <testcase classname="ptolemy.util.test.junit.AutoTests" name="[6] /home/travis/build/icyphy/ptII/ptolemy/domains/continuous/test/auto/CausalityInterface11.xml (RunModel)" time="0.047" />
  <testcase classname="ptolemy.util.test.junit.AutoTests" name="[7] /home/travis/build/icyphy/ptII/ptolemy/domains/continuous/test/auto/CausalityInterface12.xml (RunModel)" time="0.036" />
  <testcase classname="ptolemy.util.test.junit.AutoTests" name="[8] /home/travis/build/icyphy/ptII/ptolemy/domains/continuous/test/auto/CausalityInterface13.xml (RunModel)" time="0.036" />
  <testcase classname="ptolemy.util.test.junit.AutoTests" name="[9] /home/travis/build/icyphy/ptII/ptolemy/domains/continuous/test/auto/CausalityInterface14.xml (RunModel)" time="0.027" />
  <testcase classname="ptolemy.util.test.junit.AutoTests" name="[10] /home/travis/build/icyphy/ptII/ptolemy/domains/continuous/test/auto/CausalityInterface4.xml (RunModel)" time="0.032" />
  <testcase classname="ptolemy.util.test.junit.AutoTests" name="[11] /home/travis/build/icyphy/ptII/ptolemy/domains/continuous/test/auto/CausalityInterface5.xml (RunModel)" time="0.044" />
  <testcase classname="ptolemy.util.test.junit.AutoTests" name="[12] /home/travis/build/icyphy/ptII/ptolemy/domains/continuous/test/auto/CausalityInterface6.xml (RunModel)" time="0.025" />
  <testcase classname="ptolemy.util.test.junit.AutoTests" name="[13] /home/travis/build/icyphy/ptII/ptolemy/domains/continuous/test/auto/CausalityInterface7.xml (RunModel)" time="0.045" />
  <testcase classname="ptolemy.util.test.junit.AutoTests" name="[14] /home/travis/build/icyphy/ptII/ptolemy/domains/continuous/test/auto/CausalityInterface8.xml (RunModel)" time="0.043" />
  <testcase classname="ptolemy.util.test.junit.AutoTests" name="[15] /home/travis/build/icyphy/ptII/ptolemy/domains/continuous/test/auto/CausalityInterface9.xml (RunModel)" time="0.046" />
  <testcase classname="ptolemy.util.test.junit.AutoTests" name="[16] /home/travis/build/icyphy/ptII/ptolemy/domains/continuous/test/auto/CausalityInterfaceFeedback1.xml (RunModel)" time="0.025" />
  <testcase classname="ptolemy.util.test.junit.AutoTests" name="[17] /home/travis/build/icyphy/ptII/ptolemy/domains/continuous/test/auto/CausalityInterfaceFeedback2.xml (RunModel)" time="0.039" />
  <testcase classname="ptolemy.util.test.junit.AutoTests" name="[18] /home/travis/build/icyphy/ptII/ptolemy/domains/continuous/test/auto/CompareWithCurrentTime.xml (RunModel)" time="0.021" />
  <testcase classname="ptolemy.util.test.junit.AutoTests" name="[19] /home/travis/build/icyphy/ptII/ptolemy/domains/continuous/test/auto/ComparedClocks.xml (RunModel)" time="0.081" />
  <testcase classname="ptolemy.util.test.junit.AutoTests" name="[20] /home/travis/build/icyphy/ptII/ptolemy/domains/continuous/test/auto/ContinuousAOCClone.xml (RunModel)" time="2.738" />
  <testcase classname="ptolemy.util.test.junit.AutoTests" name="[21] /home/travis/build/icyphy/ptII/ptolemy/domains/continuous/test/auto/ContinuousClock.xml (RunModel)" time="0.074" />
  <testcase classname="ptolemy.util.test.junit.AutoTests" name="[22] /home/travis/build/icyphy/ptII/ptolemy/domains/continuous/test/auto/ContinuousInContinuous.xml (RunModel)" time="0.083" />
  <testcase classname="ptolemy.util.test.junit.AutoTests" name="[23] /home/travis/build/icyphy/ptII/ptolemy/domains/continuous/test/auto/ContinuousInContinuousInContinuous.xml (RunModel)" time="0.026" />
  <testcase classname="ptolemy.util.test.junit.AutoTests" name="[24] /home/travis/build/icyphy/ptII/ptolemy/domains/continuous/test/auto/ContinuousInDE.xml (RunModel)" time="0.14" />
  <testcase classname="ptolemy.util.test.junit.AutoTests" name="[25] /home/travis/build/icyphy/ptII/ptolemy/domains/continuous/test/auto/ContinuousInDE2.xml (RunModel)" time="0.065" />
  <testcase classname="ptolemy.util.test.junit.AutoTests" name="[26] /home/travis/build/icyphy/ptII/ptolemy/domains/continuous/test/auto/ContinuousInDE3.xml (RunModel)" time="0.063" />
  <testcase classname="ptolemy.util.test.junit.AutoTests" name="[27] /home/travis/build/icyphy/ptII/ptolemy/domains/continuous/test/auto/ContinuousInDE4.xml (RunModel)" time="0.035" />
  <testcase classname="ptolemy.util.test.junit.AutoTests" name="[28] /home/travis/build/icyphy/ptII/ptolemy/domains/continuous/test/auto/ContinuousInDEDifferentRefinements.xml (RunModel)" time="0.13" />
  <testcase classname="ptolemy.util.test.junit.AutoTests" name="[29] /home/travis/build/icyphy/ptII/ptolemy/domains/continuous/test/auto/ContinuousInDEDifferentRefinementsPreemptive.xml (RunModel)" time="0.108" />
  <testcase classname="ptolemy.util.test.junit.AutoTests" name="[30] /home/travis/build/icyphy/ptII/ptolemy/domains/continuous/test/auto/ContinuousInDEInContinuous2.xml (RunModel)" time="0.063" />
  <testcase classname="ptolemy.util.test.junit.AutoTests" name="[31] /home/travis/build/icyphy/ptII/ptolemy/domains/continuous/test/auto/ContinuousInDEInContinuous3.xml (RunModel)" time="0.065" />
  <testcase classname="ptolemy.util.test.junit.AutoTests" name="[32] /home/travis/build/icyphy/ptII/ptolemy/domains/continuous/test/auto/ContinuousInDEInput.xml (RunModel)" time="0.043" />
  <testcase classname="ptolemy.util.test.junit.AutoTests" name="[33] /home/travis/build/icyphy/ptII/ptolemy/domains/continuous/test/auto/ContinuousInDEInput2.xml (RunModel)" time="0.039" />
  <testcase classname="ptolemy.util.test.junit.AutoTests" name="[34] /home/travis/build/icyphy/ptII/ptolemy/domains/continuous/test/auto/ContinuousInDEInput3.xml (RunModel)" time="0.036" />
  <testcase classname="ptolemy.util.test.junit.AutoTests" name="[35] /home/travis/build/icyphy/ptII/ptolemy/domains/continuous/test/auto/ContinuousInDESharingRefinement.xml (RunModel)" time="0.204" />
  <testcase classname="ptolemy.util.test.junit.AutoTests" name="[36] /home/travis/build/icyphy/ptII/ptolemy/domains/continuous/test/auto/ContinuousInDEwithNoPorts.xml (RunModel)" time="0.022" />
  <testcase classname="ptolemy.util.test.junit.AutoTests" name="[37] /home/travis/build/icyphy/ptII/ptolemy/domains/continuous/test/auto/ContinuousInsideDE.xml (RunModel)" time="0.09" />
  <testcase classname="ptolemy.util.test.junit.AutoTests" name="[38] /home/travis/build/icyphy/ptII/ptolemy/domains/continuous/test/auto/ContinuousMerge1.xml (RunModel)" time="0.02" />
  <testcase classname="ptolemy.util.test.junit.AutoTests" name="[39] /home/travis/build/icyphy/ptII/ptolemy/domains/continuous/test/auto/ContinuousMerge2.xml (RunModel)" time="0.051" />
  <testcase classname="ptolemy.util.test.junit.AutoTests" name="[40] /home/travis/build/icyphy/ptII/ptolemy/domains/continuous/test/auto/ContinuousMerge3.xml (RunModel)" time="0.081" />
  <testcase classname="ptolemy.util.test.junit.AutoTests" name="[41] /home/travis/build/icyphy/ptII/ptolemy/domains/continuous/test/auto/ContinuousWithinContinuous.xml (RunModel)" time="0.071" />
  <testcase classname="ptolemy.util.test.junit.AutoTests" name="[42] /home/travis/build/icyphy/ptII/ptolemy/domains/continuous/test/auto/ContinuousWithinContinuous2.xml (RunModel)" time="0.084" />
  <testcase classname="ptolemy.util.test.junit.AutoTests" name="[43] /home/travis/build/icyphy/ptII/ptolemy/domains/continuous/test/auto/ContinuousWithinContinuous3.xml (RunModel)" time="0.038" />
  <testcase classname="ptolemy.util.test.junit.AutoTests" name="[44] /home/travis/build/icyphy/ptII/ptolemy/domains/continuous/test/auto/ContinuousWithinContinuous4.xml (RunModel)" time="0.088" />
  <testcase classname="ptolemy.util.test.junit.AutoTests" name="[45] /home/travis/build/icyphy/ptII/ptolemy/domains/continuous/test/auto/ContinuousWithinContinuous5.xml (RunModel)" time="0.032" />
  <testcase classname="ptolemy.util.test.junit.AutoTests" name="[46] /home/travis/build/icyphy/ptII/ptolemy/domains/continuous/test/auto/ContinuousWithinContinuous6.xml (RunModel)" time="0.029" />
  <testcase classname="ptolemy.util.test.junit.AutoTests" name="[47] /home/travis/build/icyphy/ptII/ptolemy/domains/continuous/test/auto/ContinuousWithinContinuous7.xml (RunModel)" time="0.072" />
  <testcase classname="ptolemy.util.test.junit.AutoTests" name="[48] /home/travis/build/icyphy/ptII/ptolemy/domains/continuous/test/auto/DCMotor.xml (RunModel)" time="15.987" />
  <testcase classname="ptolemy.util.test.junit.AutoTests" name="[49] /home/travis/build/icyphy/ptII/ptolemy/domains/continuous/test/auto/DEInContinuous.xml (RunModel)" time="0.016" />
  <testcase classname="ptolemy.util.test.junit.AutoTests" name="[50] /home/travis/build/icyphy/ptII/ptolemy/domains/continuous/test/auto/DEinContinuous2.xml (RunModel)" time="0.02" />
  <testcase classname="ptolemy.util.test.junit.AutoTests" name="[51] /home/travis/build/icyphy/ptII/ptolemy/domains/continuous/test/auto/Derivative.xml (RunModel)" time="0.183" />
  <testcase classname="ptolemy.util.test.junit.AutoTests" name="[52] /home/travis/build/icyphy/ptII/ptolemy/domains/continuous/test/auto/Derivative1.xml (RunModel)" time="0.046" />
  <testcase classname="ptolemy.util.test.junit.AutoTests" name="[53] /home/travis/build/icyphy/ptII/ptolemy/domains/continuous/test/auto/DiscreteClock.xml (RunModel)" time="0.023" />
  <testcase classname="ptolemy.util.test.junit.AutoTests" name="[54] /home/travis/build/icyphy/ptII/ptolemy/domains/continuous/test/auto/EfficiencyCurve.xml (RunModel)" time="0.079" />
  <testcase classname="ptolemy.util.test.junit.AutoTests" name="[55] /home/travis/build/icyphy/ptII/ptolemy/domains/continuous/test/auto/ExponentialResponse.xml (RunModel)" time="0.115" />
  <testcase classname="ptolemy.util.test.junit.AutoTests" name="[56] /home/travis/build/icyphy/ptII/ptolemy/domains/continuous/test/auto/ExponentialResponseRK45.xml (RunModel)" time="0.037" />
  <testcase classname="ptolemy.util.test.junit.AutoTests" name="[57] /home/travis/build/icyphy/ptII/ptolemy/domains/continuous/test/auto/Friction.xml (RunModel)" time="1.457" />
  <testcase classname="ptolemy.util.test.junit.AutoTests" name="[58] /home/travis/build/icyphy/ptII/ptolemy/domains/continuous/test/auto/FurutaPendulum.xml (RunModel)" time="3.394" />
  <testcase classname="ptolemy.util.test.junit.AutoTests" name="[59] /home/travis/build/icyphy/ptII/ptolemy/domains/continuous/test/auto/HierarchicalExecution.xml (RunModel)" time="2.551" />
  <testcase classname="ptolemy.util.test.junit.AutoTests" name="[60] /home/travis/build/icyphy/ptII/ptolemy/domains/continuous/test/auto/HybridPlant.xml (RunModel)" time="0.646" />
  <testcase classname="ptolemy.util.test.junit.AutoTests" name="[61] /home/travis/build/icyphy/ptII/ptolemy/domains/continuous/test/auto/Hysteresis.xml (RunModel)" time="0.194" />
  <testcase classname="ptolemy.util.test.junit.AutoTests" name="[62] /home/travis/build/icyphy/ptII/ptolemy/domains/continuous/test/auto/HysteresisWithRandomDelay.xml (RunModel)" time="0.248" />
  <testcase classname="ptolemy.util.test.junit.AutoTests" name="[63] /home/travis/build/icyphy/ptII/ptolemy/domains/continuous/test/auto/HysteresisWithRandomLosses.xml (RunModel)" time="2.482" />
  <testcase classname="ptolemy.util.test.junit.AutoTests" name="[64] /home/travis/build/icyphy/ptII/ptolemy/domains/continuous/test/auto/ImmediateTransitions.xml (RunModel)" time="0.036" />
  <testcase classname="ptolemy.util.test.junit.AutoTests" name="[65] /home/travis/build/icyphy/ptII/ptolemy/domains/continuous/test/auto/ImpulseFeedback.xml (RunModel)" time="0.023" />
  <testcase classname="ptolemy.util.test.junit.AutoTests" name="[66] /home/travis/build/icyphy/ptII/ptolemy/domains/continuous/test/auto/ImpulseFeedback2.xml (RunModel)" time="0.024" />
  <testcase classname="ptolemy.util.test.junit.AutoTests" name="[67] /home/travis/build/icyphy/ptII/ptolemy/domains/continuous/test/auto/IncreasingRatePoisson.xml (RunModel)" time="0.735" />
  <testcase classname="ptolemy.util.test.junit.AutoTests" name="[68] /home/travis/build/icyphy/ptII/ptolemy/domains/continuous/test/auto/InitialStateFeedback.xml (RunModel)" time="0.018" />
  <testcase classname="ptolemy.util.test.junit.AutoTests" name="[69] /home/travis/build/icyphy/ptII/ptolemy/domains/continuous/test/auto/Integration.xml (RunModel)" time="0.012" />
  <testcase classname="ptolemy.util.test.junit.AutoTests" name="[70] /home/travis/build/icyphy/ptII/ptolemy/domains/continuous/test/auto/Integration2.xml (RunModel)" time="0.079" />
  <testcase classname="ptolemy.util.test.junit.AutoTests" name="[71] /home/travis/build/icyphy/ptII/ptolemy/domains/continuous/test/auto/Integration3.xml (RunModel)" time="0.036" />
  <testcase classname="ptolemy.util.test.junit.AutoTests" name="[72] /home/travis/build/icyphy/ptII/ptolemy/domains/continuous/test/auto/Integration5.xml (RunModel)" time="0.012" />
  <testcase classname="ptolemy.util.test.junit.AutoTests" name="[73] /home/travis/build/icyphy/ptII/ptolemy/domains/continuous/test/auto/IntegratorImpulse.xml (RunModel)" time="0.014" />
  <testcase classname="ptolemy.util.test.junit.AutoTests" name="[74] /home/travis/build/icyphy/ptII/ptolemy/domains/continuous/test/auto/IntegratorImpulse2.xml (RunModel)" time="0.013" />
  <testcase classname="ptolemy.util.test.junit.AutoTests" name="[75] /home/travis/build/icyphy/ptII/ptolemy/domains/continuous/test/auto/LevelCrossing1.xml (RunModel)" time="0.018" />
  <testcase classname="ptolemy.util.test.junit.AutoTests" name="[76] /home/travis/build/icyphy/ptII/ptolemy/domains/continuous/test/auto/LevelCrossing2.xml (RunModel)" time="0.015" />
  <testcase classname="ptolemy.util.test.junit.AutoTests" name="[77] /home/travis/build/icyphy/ptII/ptolemy/domains/continuous/test/auto/LevelCrossing3.xml (RunModel)" time="0.013" />
  <testcase classname="ptolemy.util.test.junit.AutoTests" name="[78] /home/travis/build/icyphy/ptII/ptolemy/domains/continuous/test/auto/LevelCrossing4.xml (RunModel)" time="0.015" />
  <testcase classname="ptolemy.util.test.junit.AutoTests" name="[79] /home/travis/build/icyphy/ptII/ptolemy/domains/continuous/test/auto/LevelCrossing5.xml (RunModel)" time="0.013" />
  <testcase classname="ptolemy.util.test.junit.AutoTests" name="[80] /home/travis/build/icyphy/ptII/ptolemy/domains/continuous/test/auto/LevelCrossing6.xml (RunModel)" time="0.015" />
  <testcase classname="ptolemy.util.test.junit.AutoTests" name="[81] /home/travis/build/icyphy/ptII/ptolemy/domains/continuous/test/auto/LevelCrossingDetector.xml (RunModel)" time="0.042" />
  <testcase classname="ptolemy.util.test.junit.AutoTests" name="[82] /home/travis/build/icyphy/ptII/ptolemy/domains/continuous/test/auto/LevelCrossingDetectorDetectingDirections.xml (RunModel)" time="0.072" />
  <testcase classname="ptolemy.util.test.junit.AutoTests" name="[83] /home/travis/build/icyphy/ptII/ptolemy/domains/continuous/test/auto/LevelCrossingDetectorDetectsGlitches.xml (RunModel)" time="0.052" />
  <testcase classname="ptolemy.util.test.junit.AutoTests" name="[84] /home/travis/build/icyphy/ptII/ptolemy/domains/continuous/test/auto/LevelCrossingNoInitialOuput.xml (RunModel)" time="0.01" />
  <testcase classname="ptolemy.util.test.junit.AutoTests" name="[85] /home/travis/build/icyphy/ptII/ptolemy/domains/continuous/test/auto/LinearStateSpaceExample.xml (RunModel)" time="0.028" />
  <testcase classname="ptolemy.util.test.junit.AutoTests" name="[86] /home/travis/build/icyphy/ptII/ptolemy/domains/continuous/test/auto/Lorenz.xml (RunModel)" time="5.109" />
  <testcase classname="ptolemy.util.test.junit.AutoTests" name="[87] /home/travis/build/icyphy/ptII/ptolemy/domains/continuous/test/auto/LorenzDifferentialSystem.xml (RunModel)" time="1.189" />
  <testcase classname="ptolemy.util.test.junit.AutoTests" name="[88] /home/travis/build/icyphy/ptII/ptolemy/domains/continuous/test/auto/LorenzDifferentialSystemWithInput.xml (RunModel)" time="1.685" />
  <testcase classname="ptolemy.util.test.junit.AutoTests" name="[89] /home/travis/build/icyphy/ptII/ptolemy/domains/continuous/test/auto/LorenzDifferentialSystemWithTime.xml (RunModel)" time="0.887" />
  <testcase classname="ptolemy.util.test.junit.AutoTests" name="[90] /home/travis/build/icyphy/ptII/ptolemy/domains/continuous/test/auto/Microsteps.xml (RunModel)" time="0.025" />
  <testcase classname="ptolemy.util.test.junit.AutoTests" name="[91] /home/travis/build/icyphy/ptII/ptolemy/domains/continuous/test/auto/Modal1.xml (RunModel)" time="0.048" />
  <testcase classname="ptolemy.util.test.junit.AutoTests" name="[92] /home/travis/build/icyphy/ptII/ptolemy/domains/continuous/test/auto/Modal2.xml (RunModel)" time="0.058" />
  <testcase classname="ptolemy.util.test.junit.AutoTests" name="[93] /home/travis/build/icyphy/ptII/ptolemy/domains/continuous/test/auto/ModalTransitionGuardWithReset.xml (RunModel)" time="0.029" />
  <testcase classname="ptolemy.util.test.junit.AutoTests" name="[94] /home/travis/build/icyphy/ptII/ptolemy/domains/continuous/test/auto/ModalTransitionGuardWithResetUsingPreemptiveTransition.xml (RunModel)" time="0.037" />
  <testcase classname="ptolemy.util.test.junit.AutoTests" name="[95] /home/travis/build/icyphy/ptII/ptolemy/domains/continuous/test/auto/ModalTransitionGuardWithResetUsingPreemptiveTransition2.xml (RunModel)" time="0.025" />
  <testcase classname="ptolemy.util.test.junit.AutoTests" name="[96] /home/travis/build/icyphy/ptII/ptolemy/domains/continuous/test/auto/ModalTransitionGuardWithResetUsingPreemptiveTransition3.xml (RunModel)" time="0.038" />
  <testcase classname="ptolemy.util.test.junit.AutoTests" name="[97] /home/travis/build/icyphy/ptII/ptolemy/domains/continuous/test/auto/NewtonsCradle.xml (RunModel)" time="0.828" />
  <testcase classname="ptolemy.util.test.junit.AutoTests" name="[98] /home/travis/build/icyphy/ptII/ptolemy/domains/continuous/test/auto/NewtonsCradleAnimated.xml (RunModel)" time="1.315" />
  <testcase classname="ptolemy.util.test.junit.AutoTests" name="[99] /home/travis/build/icyphy/ptII/ptolemy/domains/continuous/test/auto/NewtonsCradleComplicated.xml (RunModel)" time="0.979" />
  <testcase classname="ptolemy.util.test.junit.AutoTests" name="[100] /home/travis/build/icyphy/ptII/ptolemy/domains/continuous/test/auto/NewtonsCradleNondeterministic.xml (RunModel)" time="0.728" />
  <testcase classname="ptolemy.util.test.junit.AutoTests" name="[101] /home/travis/build/icyphy/ptII/ptolemy/domains/continuous/test/auto/NewtonsCradlePerfectlyInelastic1.xml (RunModel)" time="1.259" />
  <testcase classname="ptolemy.util.test.junit.AutoTests" name="[102] /home/travis/build/icyphy/ptII/ptolemy/domains/continuous/test/auto/Noise.xml (RunModel)" time="0.188" />
  <testcase classname="ptolemy.util.test.junit.AutoTests" name="[103] /home/travis/build/icyphy/ptII/ptolemy/domains/continuous/test/auto/NoiseSpectrum.xml (RunModel)" time="0.722" />
  <testcase classname="ptolemy.util.test.junit.AutoTests" name="[104] /home/travis/build/icyphy/ptII/ptolemy/domains/continuous/test/auto/ParameterizedNewtonsCradleAnimated.xml (RunModel)" time="0.376" />
  <testcase classname="ptolemy.util.test.junit.AutoTests" name="[105] /home/travis/build/icyphy/ptII/ptolemy/domains/continuous/test/auto/ParameterizedNewtonsCradleAnimatedNondeterministic.xml (RunModel)" time="1.171" />
  <testcase classname="ptolemy.util.test.junit.AutoTests" name="[106] /home/travis/build/icyphy/ptII/ptolemy/domains/continuous/test/auto/Pendulum3D.xml (RunModel)" time="0.172" />
  <testcase classname="ptolemy.util.test.junit.AutoTests" name="[107] /home/travis/build/icyphy/ptII/ptolemy/domains/continuous/test/auto/PeriodicSampler.xml (RunModel)" time="0.01" />
  <testcase classname="ptolemy.util.test.junit.AutoTests" name="[108] /home/travis/build/icyphy/ptII/ptolemy/domains/continuous/test/auto/PeriodicSampler1.xml (RunModel)" time="0.045" />
  <testcase classname="ptolemy.util.test.junit.AutoTests" name="[109] /home/travis/build/icyphy/ptII/ptolemy/domains/continuous/test/auto/PeriodicSampler2.xml (RunModel)" time="0.093" />
  <testcase classname="ptolemy.util.test.junit.AutoTests" name="[110] /home/travis/build/icyphy/ptII/ptolemy/domains/continuous/test/auto/Poisson.xml (RunModel)" time="0.44" />
  <testcase classname="ptolemy.util.test.junit.AutoTests" name="[111] /home/travis/build/icyphy/ptII/ptolemy/domains/continuous/test/auto/PoissonClock.xml (RunModel)" time="0.011" />
  <testcase classname="ptolemy.util.test.junit.AutoTests" name="[112] /home/travis/build/icyphy/ptII/ptolemy/domains/continuous/test/auto/PoissonClock2.xml (RunModel)" time="0.012" />
  <testcase classname="ptolemy.util.test.junit.AutoTests" name="[113] /home/travis/build/icyphy/ptII/ptolemy/domains/continuous/test/auto/PortParameterHierarchy.xml (RunModel)" time="0.018" />
  <testcase classname="ptolemy.util.test.junit.AutoTests" name="[114] /home/travis/build/icyphy/ptII/ptolemy/domains/continuous/test/auto/RandomHybridPlant.xml (RunModel)" time="0.576" />
  <testcase classname="ptolemy.util.test.junit.AutoTests" name="[115] /home/travis/build/icyphy/ptII/ptolemy/domains/continuous/test/auto/ResetTransitionWithStartTime1.xml (RunModel)" time="0.025" />
  <testcase classname="ptolemy.util.test.junit.AutoTests" name="[116] /home/travis/build/icyphy/ptII/ptolemy/domains/continuous/test/auto/ResetTransitionWithStartTime2.xml (RunModel)" time="0.037" />
  <testcase classname="ptolemy.util.test.junit.AutoTests" name="[117] /home/travis/build/icyphy/ptII/ptolemy/domains/continuous/test/auto/ResetTransitionWithStartTime3.xml (RunModel)" time="0.039" />
  <testcase classname="ptolemy.util.test.junit.AutoTests" name="[118] /home/travis/build/icyphy/ptII/ptolemy/domains/continuous/test/auto/ResetTransitionWithStartTime4.xml (RunModel)" time="0.021" />
  <testcase classname="ptolemy.util.test.junit.AutoTests" name="[119] /home/travis/build/icyphy/ptII/ptolemy/domains/continuous/test/auto/ResetTransitionWithStartTime5.xml (RunModel)" time="0.033" />
  <testcase classname="ptolemy.util.test.junit.AutoTests" name="[120] /home/travis/build/icyphy/ptII/ptolemy/domains/continuous/test/auto/ResetTransitionWithStartTime6.xml (RunModel)" time="0.025" />
  <testcase classname="ptolemy.util.test.junit.AutoTests" name="[121] /home/travis/build/icyphy/ptII/ptolemy/domains/continuous/test/auto/SRinContinuous.xml (RunModel)" time="0.021" />
  <testcase classname="ptolemy.util.test.junit.AutoTests" name="[122] /home/travis/build/icyphy/ptII/ptolemy/domains/continuous/test/auto/SampledClocks.xml (RunModel)" time="0.031" />
  <testcase classname="ptolemy.util.test.junit.AutoTests" name="[123] /home/travis/build/icyphy/ptII/ptolemy/domains/continuous/test/auto/Satellite.xml (RunModel)" time="0.853" />
  <testcase classname="ptolemy.util.test.junit.AutoTests" name="[124] /home/travis/build/icyphy/ptII/ptolemy/domains/continuous/test/auto/SigmaDelta.xml (RunModel)" time="2.487" />
  <testcase classname="ptolemy.util.test.junit.AutoTests" name="[125] /home/travis/build/icyphy/ptII/ptolemy/domains/continuous/test/auto/SingleRefinement.xml (RunModel)" time="0.42" />
  <testcase classname="ptolemy.util.test.junit.AutoTests" name="[126] /home/travis/build/icyphy/ptII/ptolemy/domains/continuous/test/auto/SinuBouncingBall.xml (RunModel)" time="0.781" />
  <testcase classname="ptolemy.util.test.junit.AutoTests" name="[127] /home/travis/build/icyphy/ptII/ptolemy/domains/continuous/test/auto/Sinusoid.xml (RunModel)" time="0.012" />
  <testcase classname="ptolemy.util.test.junit.AutoTests" name="[128] /home/travis/build/icyphy/ptII/ptolemy/domains/continuous/test/auto/SinusoidInNoise.xml (RunModel)" time="0.929" />
  <testcase classname="ptolemy.util.test.junit.AutoTests" name="[129] /home/travis/build/icyphy/ptII/ptolemy/domains/continuous/test/auto/SinusoidRK45.xml (RunModel)" time="0.022" />
  <testcase classname="ptolemy.util.test.junit.AutoTests" name="[130] /home/travis/build/icyphy/ptII/ptolemy/domains/continuous/test/auto/SinusoidWithMultipleImpulses.xml (RunModel)" time="0.014" />
  <testcase classname="ptolemy.util.test.junit.AutoTests" name="[131] /home/travis/build/icyphy/ptII/ptolemy/domains/continuous/test/auto/SquareWave.xml (RunModel)" time="0.188" />
  <testcase classname="ptolemy.util.test.junit.AutoTests" name="[132] /home/travis/build/icyphy/ptII/ptolemy/domains/continuous/test/auto/Starmac.xml (RunModel)" time="3.395" />
  <testcase classname="ptolemy.util.test.junit.AutoTests" name="[133] /home/travis/build/icyphy/ptII/ptolemy/domains/continuous/test/auto/StaticUnits.xml (RunModel)" time="2.391" />
  <testcase classname="ptolemy.util.test.junit.AutoTests" name="[134] /home/travis/build/icyphy/ptII/ptolemy/domains/continuous/test/auto/StickyMasses.xml (RunModel)" time="0.153" />
  <testcase classname="ptolemy.util.test.junit.AutoTests" name="[135] /home/travis/build/icyphy/ptII/ptolemy/domains/continuous/test/auto/StopTime.xml (RunModel)" time="0.057" />
  <testcase classname="ptolemy.util.test.junit.AutoTests" name="[136] /home/travis/build/icyphy/ptII/ptolemy/domains/continuous/test/auto/StopTime2.xml (RunModel)" time="0.069" />
  <testcase classname="ptolemy.util.test.junit.AutoTests" name="[137] /home/travis/build/icyphy/ptII/ptolemy/domains/continuous/test/auto/Switch.xml (RunModel)" time="0.06" />
  <testcase classname="ptolemy.util.test.junit.AutoTests" name="[138] /home/travis/build/icyphy/ptII/ptolemy/domains/continuous/test/auto/Thermostat.xml (RunModel)" time="0.195" />
  <testcase classname="ptolemy.util.test.junit.AutoTests" name="[139] /home/travis/build/icyphy/ptII/ptolemy/domains/continuous/test/auto/TimeDelay.xml (RunModel)" time="0.014" />
  <testcase classname="ptolemy.util.test.junit.AutoTests" name="[140] /home/travis/build/icyphy/ptII/ptolemy/domains/continuous/test/auto/TimeDelay2.xml (RunModel)" time="0.017" />
  <testcase classname="ptolemy.util.test.junit.AutoTests" name="[141] /home/travis/build/icyphy/ptII/ptolemy/domains/continuous/test/auto/TimeDelay3.xml (RunModel)" time="0.018" />
  <testcase classname="ptolemy.util.test.junit.AutoTests" name="[142] /home/travis/build/icyphy/ptII/ptolemy/domains/continuous/test/auto/TransferAbsentToInside.xml (RunModel)" time="0.101" />
  <testcase classname="ptolemy.util.test.junit.AutoTests" name="[143] /home/travis/build/icyphy/ptII/ptolemy/domains/continuous/test/auto/Transmission.xml (RunModel)" time="0.769" />
  <testcase classname="ptolemy.util.test.junit.AutoTests" name="[144] /home/travis/build/icyphy/ptII/ptolemy/domains/continuous/test/auto/TriggeredContinuousClock.xml (RunModel)" time="0.065" />
  <testcase classname="ptolemy.util.test.junit.AutoTests" name="[145] /home/travis/build/icyphy/ptII/ptolemy/domains/continuous/test/auto/TwoMachineInfiniteBusControl.xml (RunModel)" time="2.69" />
  <testcase classname="ptolemy.util.test.junit.AutoTests" name="[146] /home/travis/build/icyphy/ptII/ptolemy/domains/continuous/test/auto/V2V.xml (RunModel)" time="0.796" />
  <testcase classname="ptolemy.util.test.junit.AutoTests" name="[147] /home/travis/build/icyphy/ptII/ptolemy/domains/continuous/test/auto/hierarchicalModalModel.xml (RunModel)" time="0.039" />
  <testcase classname="ptolemy.util.test.junit.AutoTests" name="[148] /home/travis/build/icyphy/ptII/ptolemy/domains/continuous/test/auto/hierarchicalModalModel1.xml (RunModel)" time="0.034" />
  <testcase classname="ptolemy.util.test.junit.AutoTests" name="[149] /home/travis/build/icyphy/ptII/ptolemy/domains/continuous/test/auto/hierarchicalModalModel2.xml (RunModel)" time="0.041" />
  <testcase classname="ptolemy.util.test.junit.AutoTests" name="[150] /home/travis/build/icyphy/ptII/ptolemy/domains/continuous/test/auto/hierarchicalModalModel3.xml (RunModel)" time="0.028" />
  <testcase classname="ptolemy.util.test.junit.AutoTests" name="[151] /home/travis/build/icyphy/ptII/ptolemy/domains/continuous/test/auto/hierarchicalModalModel4.xml (RunModel)" time="0.026" />
  <testcase classname="ptolemy.util.test.junit.AutoTests" name="[152] /home/travis/build/icyphy/ptII/ptolemy/domains/continuous/test/auto/junk.xml (RunModel)" time="0.154" />
  <system-out><![CDATA[No tcl tests in /home/travis/build/icyphy/ptII/ptolemy/domains/continuous/test
No auto/knownFailedTests/*.xml tests in /home/travis/build/icyphy/ptII/ptolemy/domains/continuous/test
No auto/linux-amd64/*.xml tests in /home/travis/build/icyphy/ptII/ptolemy/domains/continuous/test
AutoTests.java: About to close Vertx.
AutoTests.java: Vertx closed.

===========================================================================================
----------------- testing Thu Jun 06 04:30:01 UTC 2019 /home/travis/build/icyphy/ptII/ptolemy/domains/continuous/test/auto/BouncingBall.xml
----------------- Instantiating /home/travis/build/icyphy/ptII/ptolemy/domains/continuous/test/auto/BouncingBall.xml
2381 ms. Memory: 331264K Free: 266492K (80%)
----------------- Invoking toplevel() on ptolemy.moml.MoMLSimpleApplication@53bc422e
----------------- Done invoking toplevel() on ptolemy.moml.MoMLSimpleApplication@53bc422e
reloadAllAccessors: .BouncingBall

===========================================================================================
----------------- testing Thu Jun 06 04:30:04 UTC 2019 /home/travis/build/icyphy/ptII/ptolemy/domains/continuous/test/auto/BouncingBallWithoutGR.xml
----------------- Instantiating /home/travis/build/icyphy/ptII/ptolemy/domains/continuous/test/auto/BouncingBallWithoutGR.xml
812 ms. Memory: 331776K Free: 320382K (97%)
----------------- Invoking toplevel() on ptolemy.moml.MoMLSimpleApplication@22500d19
----------------- Done invoking toplevel() on ptolemy.moml.MoMLSimpleApplication@22500d19
reloadAllAccessors: .BouncingBallWithoutGR

===========================================================================================
----------------- testing Thu Jun 06 04:30:05 UTC 2019 /home/travis/build/icyphy/ptII/ptolemy/domains/continuous/test/auto/Brownian.xml
----------------- Instantiating /home/travis/build/icyphy/ptII/ptolemy/domains/continuous/test/auto/Brownian.xml
37 ms. Memory: 331776K Free: 306727K (92%)
----------------- Invoking toplevel() on ptolemy.moml.MoMLSimpleApplication@68a164ce
----------------- Done invoking toplevel() on ptolemy.moml.MoMLSimpleApplication@68a164ce
reloadAllAccessors: .Brownian

===========================================================================================
----------------- testing Thu Jun 06 04:30:05 UTC 2019 /home/travis/build/icyphy/ptII/ptolemy/domains/continuous/test/auto/CarTracking.xml
----------------- Instantiating /home/travis/build/icyphy/ptII/ptolemy/domains/continuous/test/auto/CarTracking.xml
3573 ms. Memory: 578560K Free: 456705K (79%)
----------------- Invoking toplevel() on ptolemy.moml.MoMLSimpleApplication@79f1d114
----------------- Done invoking toplevel() on ptolemy.moml.MoMLSimpleApplication@79f1d114
reloadAllAccessors: .CarTracking

===========================================================================================
----------------- testing Thu Jun 06 04:30:09 UTC 2019 /home/travis/build/icyphy/ptII/ptolemy/domains/continuous/test/auto/CartPendulum.xml
----------------- Instantiating /home/travis/build/icyphy/ptII/ptolemy/domains/continuous/test/auto/CartPendulum.xml
379 ms. Memory: 578560K Free: 355826K (62%)
----------------- Invoking toplevel() on ptolemy.moml.MoMLSimpleApplication@5060d216
----------------- Done invoking toplevel() on ptolemy.moml.MoMLSimpleApplication@5060d216
reloadAllAccessors: .CartPendulum

===========================================================================================
----------------- testing Thu Jun 06 04:30:09 UTC 2019 /home/travis/build/icyphy/ptII/ptolemy/domains/continuous/test/auto/CausalityInterface10.xml
----------------- Instantiating /home/travis/build/icyphy/ptII/ptolemy/domains/continuous/test/auto/CausalityInterface10.xml
13 ms. Memory: 578560K Free: 342719K (59%)
----------------- Invoking toplevel() on ptolemy.moml.MoMLSimpleApplication@53ba7881
----------------- Done invoking toplevel() on ptolemy.moml.MoMLSimpleApplication@53ba7881
reloadAllAccessors: .CausalityInterface10

===========================================================================================
----------------- testing Thu Jun 06 04:30:09 UTC 2019 /home/travis/build/icyphy/ptII/ptolemy/domains/continuous/test/auto/CausalityInterface11.xml
----------------- Instantiating /home/travis/build/icyphy/ptII/ptolemy/domains/continuous/test/auto/CausalityInterface11.xml
12 ms. Memory: 578560K Free: 332889K (58%)
----------------- Invoking toplevel() on ptolemy.moml.MoMLSimpleApplication@6554043e
----------------- Done invoking toplevel() on ptolemy.moml.MoMLSimpleApplication@6554043e
reloadAllAccessors: .CausalityInterface11

===========================================================================================
----------------- testing Thu Jun 06 04:30:09 UTC 2019 /home/travis/build/icyphy/ptII/ptolemy/domains/continuous/test/auto/CausalityInterface12.xml
----------------- Instantiating /home/travis/build/icyphy/ptII/ptolemy/domains/continuous/test/auto/CausalityInterface12.xml
10 ms. Memory: 578560K Free: 320205K (55%)
----------------- Invoking toplevel() on ptolemy.moml.MoMLSimpleApplication@4711b9a9
----------------- Done invoking toplevel() on ptolemy.moml.MoMLSimpleApplication@4711b9a9
reloadAllAccessors: .CausalityInterface12

===========================================================================================
----------------- testing Thu Jun 06 04:30:09 UTC 2019 /home/travis/build/icyphy/ptII/ptolemy/domains/continuous/test/auto/CausalityInterface13.xml
----------------- Instantiating /home/travis/build/icyphy/ptII/ptolemy/domains/continuous/test/auto/CausalityInterface13.xml
7 ms. Memory: 578560K Free: 310374K (54%)
----------------- Invoking toplevel() on ptolemy.moml.MoMLSimpleApplication@af19bf2
----------------- Done invoking toplevel() on ptolemy.moml.MoMLSimpleApplication@af19bf2
reloadAllAccessors: .CausalityInterface13

===========================================================================================
----------------- testing Thu Jun 06 04:30:09 UTC 2019 /home/travis/build/icyphy/ptII/ptolemy/domains/continuous/test/auto/CausalityInterface14.xml
----------------- Instantiating /home/travis/build/icyphy/ptII/ptolemy/domains/continuous/test/auto/CausalityInterface14.xml
5 ms. Memory: 578560K Free: 300544K (52%)
----------------- Invoking toplevel() on ptolemy.moml.MoMLSimpleApplication@279f8aaf
----------------- Done invoking toplevel() on ptolemy.moml.MoMLSimpleApplication@279f8aaf
reloadAllAccessors: .CausalityInterface14

===========================================================================================
----------------- testing Thu Jun 06 04:30:09 UTC 2019 /home/travis/build/icyphy/ptII/ptolemy/domains/continuous/test/auto/CausalityInterface4.xml
----------------- Instantiating /home/travis/build/icyphy/ptII/ptolemy/domains/continuous/test/auto/CausalityInterface4.xml
4 ms. Memory: 578560K Free: 290713K (50%)
----------------- Invoking toplevel() on ptolemy.moml.MoMLSimpleApplication@3928452c
----------------- Done invoking toplevel() on ptolemy.moml.MoMLSimpleApplication@3928452c
reloadAllAccessors: .CausalityInterface4

===========================================================================================
----------------- testing Thu Jun 06 04:30:09 UTC 2019 /home/travis/build/icyphy/ptII/ptolemy/domains/continuous/test/auto/CausalityInterface5.xml
----------------- Instantiating /home/travis/build/icyphy/ptII/ptolemy/domains/continuous/test/auto/CausalityInterface5.xml
8 ms. Memory: 578560K Free: 274753K (47%)
----------------- Invoking toplevel() on ptolemy.moml.MoMLSimpleApplication@3cc0822c
----------------- Done invoking toplevel() on ptolemy.moml.MoMLSimpleApplication@3cc0822c
reloadAllAccessors: .CausalityInterface5

===========================================================================================
----------------- testing Thu Jun 06 04:30:09 UTC 2019 /home/travis/build/icyphy/ptII/ptolemy/domains/continuous/test/auto/CausalityInterface6.xml
----------------- Instantiating /home/travis/build/icyphy/ptII/ptolemy/domains/continuous/test/auto/CausalityInterface6.xml
6 ms. Memory: 578560K Free: 264922K (46%)
----------------- Invoking toplevel() on ptolemy.moml.MoMLSimpleApplication@5f860ea1
----------------- Done invoking toplevel() on ptolemy.moml.MoMLSimpleApplication@5f860ea1
reloadAllAccessors: .CausalityInterface6

===========================================================================================
----------------- testing Thu Jun 06 04:30:10 UTC 2019 /home/travis/build/icyphy/ptII/ptolemy/domains/continuous/test/auto/CausalityInterface7.xml
----------------- Instantiating /home/travis/build/icyphy/ptII/ptolemy/domains/continuous/test/auto/CausalityInterface7.xml
11 ms. Memory: 578560K Free: 251815K (44%)
----------------- Invoking toplevel() on ptolemy.moml.MoMLSimpleApplication@b98a0fe
----------------- Done invoking toplevel() on ptolemy.moml.MoMLSimpleApplication@b98a0fe
reloadAllAccessors: .CausalityInterface7

===========================================================================================
----------------- testing Thu Jun 06 04:30:10 UTC 2019 /home/travis/build/icyphy/ptII/ptolemy/domains/continuous/test/auto/CausalityInterface8.xml
----------------- Instantiating /home/travis/build/icyphy/ptII/ptolemy/domains/continuous/test/auto/CausalityInterface8.xml
7 ms. Memory: 578560K Free: 238708K (41%)
----------------- Invoking toplevel() on ptolemy.moml.MoMLSimpleApplication@475860ef
----------------- Done invoking toplevel() on ptolemy.moml.MoMLSimpleApplication@475860ef
reloadAllAccessors: .CausalityInterface8

===========================================================================================
----------------- testing Thu Jun 06 04:30:10 UTC 2019 /home/travis/build/icyphy/ptII/ptolemy/domains/continuous/test/auto/CausalityInterface9.xml
----------------- Instantiating /home/travis/build/icyphy/ptII/ptolemy/domains/continuous/test/auto/CausalityInterface9.xml
7 ms. Memory: 578560K Free: 219469K (38%)
----------------- Invoking toplevel() on ptolemy.moml.MoMLSimpleApplication@1aa7c7c5
----------------- Done invoking toplevel() on ptolemy.moml.MoMLSimpleApplication@1aa7c7c5
reloadAllAccessors: .CausalityInterface9

===========================================================================================
----------------- testing Thu Jun 06 04:30:10 UTC 2019 /home/travis/build/icyphy/ptII/ptolemy/domains/continuous/test/auto/CausalityInterfaceFeedback1.xml
----------------- Instantiating /home/travis/build/icyphy/ptII/ptolemy/domains/continuous/test/auto/CausalityInterfaceFeedback1.xml
5 ms. Memory: 578560K Free: 209639K (36%)
----------------- Invoking toplevel() on ptolemy.moml.MoMLSimpleApplication@6025714f
----------------- Done invoking toplevel() on ptolemy.moml.MoMLSimpleApplication@6025714f
reloadAllAccessors: .CausalityInterfaceFeedback1

===========================================================================================
----------------- testing Thu Jun 06 04:30:10 UTC 2019 /home/travis/build/icyphy/ptII/ptolemy/domains/continuous/test/auto/CausalityInterfaceFeedback2.xml
----------------- Instantiating /home/travis/build/icyphy/ptII/ptolemy/domains/continuous/test/auto/CausalityInterfaceFeedback2.xml
6 ms. Memory: 578560K Free: 199808K (35%)
----------------- Invoking toplevel() on ptolemy.moml.MoMLSimpleApplication@4a0a2181
----------------- Done invoking toplevel() on ptolemy.moml.MoMLSimpleApplication@4a0a2181
reloadAllAccessors: .CausalityInterfaceFeedback2

===========================================================================================
----------------- testing Thu Jun 06 04:30:10 UTC 2019 /home/travis/build/icyphy/ptII/ptolemy/domains/continuous/test/auto/CompareWithCurrentTime.xml
----------------- Instantiating /home/travis/build/icyphy/ptII/ptolemy/domains/continuous/test/auto/CompareWithCurrentTime.xml
4 ms. Memory: 578560K Free: 190401K (33%)
----------------- Invoking toplevel() on ptolemy.moml.MoMLSimpleApplication@35774d38
----------------- Done invoking toplevel() on ptolemy.moml.MoMLSimpleApplication@35774d38
reloadAllAccessors: .CompareWithCurrentTime

===========================================================================================
----------------- testing Thu Jun 06 04:30:10 UTC 2019 /home/travis/build/icyphy/ptII/ptolemy/domains/continuous/test/auto/ComparedClocks.xml
----------------- Instantiating /home/travis/build/icyphy/ptII/ptolemy/domains/continuous/test/auto/ComparedClocks.xml
13 ms. Memory: 578560K Free: 170740K (30%)
----------------- Invoking toplevel() on ptolemy.moml.MoMLSimpleApplication@1d006ce4
----------------- Done invoking toplevel() on ptolemy.moml.MoMLSimpleApplication@1d006ce4
reloadAllAccessors: .ComparedClocks

===========================================================================================
----------------- testing Thu Jun 06 04:30:10 UTC 2019 /home/travis/build/icyphy/ptII/ptolemy/domains/continuous/test/auto/ContinuousAOCClone.xml
----------------- Instantiating /home/travis/build/icyphy/ptII/ptolemy/domains/continuous/test/auto/ContinuousAOCClone.xml
2527 ms. Memory: 872960K Free: 419192K (48%)
----------------- Invoking toplevel() on ptolemy.moml.MoMLSimpleApplication@75675c78
----------------- Done invoking toplevel() on ptolemy.moml.MoMLSimpleApplication@75675c78
reloadAllAccessors: .ContinuousAOCClone

===========================================================================================
----------------- testing Thu Jun 06 04:30:13 UTC 2019 /home/travis/build/icyphy/ptII/ptolemy/domains/continuous/test/auto/ContinuousClock.xml
----------------- Instantiating /home/travis/build/icyphy/ptII/ptolemy/domains/continuous/test/auto/ContinuousClock.xml
29 ms. Memory: 872960K Free: 386331K (44%)
----------------- Invoking toplevel() on ptolemy.moml.MoMLSimpleApplication@1019f02d
----------------- Done invoking toplevel() on ptolemy.moml.MoMLSimpleApplication@1019f02d
reloadAllAccessors: .ContinuousClock

===========================================================================================
----------------- testing Thu Jun 06 04:30:13 UTC 2019 /home/travis/build/icyphy/ptII/ptolemy/domains/continuous/test/auto/ContinuousInContinuous.xml
----------------- Instantiating /home/travis/build/icyphy/ptII/ptolemy/domains/continuous/test/auto/ContinuousInContinuous.xml
43 ms. Memory: 872960K Free: 354854K (41%)
----------------- Invoking toplevel() on ptolemy.moml.MoMLSimpleApplication@3db28f5b
----------------- Done invoking toplevel() on ptolemy.moml.MoMLSimpleApplication@3db28f5b
reloadAllAccessors: .ContinuousInContinuous

===========================================================================================
----------------- testing Thu Jun 06 04:30:13 UTC 2019 /home/travis/build/icyphy/ptII/ptolemy/domains/continuous/test/auto/ContinuousInContinuousInContinuous.xml
----------------- Instantiating /home/travis/build/icyphy/ptII/ptolemy/domains/continuous/test/auto/ContinuousInContinuousInContinuous.xml
8 ms. Memory: 872960K Free: 339136K (39%)
----------------- Invoking toplevel() on ptolemy.moml.MoMLSimpleApplication@35b0c05d
----------------- Done invoking toplevel() on ptolemy.moml.MoMLSimpleApplication@35b0c05d
reloadAllAccessors: .ContinuousInContinuousInContinuous

===========================================================================================
----------------- testing Thu Jun 06 04:30:13 UTC 2019 /home/travis/build/icyphy/ptII/ptolemy/domains/continuous/test/auto/ContinuousInDE.xml
----------------- Instantiating /home/travis/build/icyphy/ptII/ptolemy/domains/continuous/test/auto/ContinuousInDE.xml
113 ms. Memory: 872960K Free: 320324K (37%)
----------------- Invoking toplevel() on ptolemy.moml.MoMLSimpleApplication@66e9243
----------------- Done invoking toplevel() on ptolemy.moml.MoMLSimpleApplication@66e9243
reloadAllAccessors: .ContinuousInDE

===========================================================================================
----------------- testing Thu Jun 06 04:30:13 UTC 2019 /home/travis/build/icyphy/ptII/ptolemy/domains/continuous/test/auto/ContinuousInDE2.xml
----------------- Instantiating /home/travis/build/icyphy/ptII/ptolemy/domains/continuous/test/auto/ContinuousInDE2.xml
47 ms. Memory: 872960K Free: 304605K (35%)
----------------- Invoking toplevel() on ptolemy.moml.MoMLSimpleApplication@14224c8c
----------------- Done invoking toplevel() on ptolemy.moml.MoMLSimpleApplication@14224c8c
reloadAllAccessors: .ContinuousInDE2

===========================================================================================
----------------- testing Thu Jun 06 04:30:13 UTC 2019 /home/travis/build/icyphy/ptII/ptolemy/domains/continuous/test/auto/ContinuousInDE3.xml
----------------- Instantiating /home/travis/build/icyphy/ptII/ptolemy/domains/continuous/test/auto/ContinuousInDE3.xml
41 ms. Memory: 872960K Free: 288887K (33%)
----------------- Invoking toplevel() on ptolemy.moml.MoMLSimpleApplication@487ab116
----------------- Done invoking toplevel() on ptolemy.moml.MoMLSimpleApplication@487ab116
reloadAllAccessors: .ContinuousInDE3

===========================================================================================
----------------- testing Thu Jun 06 04:30:13 UTC 2019 /home/travis/build/icyphy/ptII/ptolemy/domains/continuous/test/auto/ContinuousInDE4.xml
----------------- Instantiating /home/travis/build/icyphy/ptII/ptolemy/domains/continuous/test/auto/ContinuousInDE4.xml
15 ms. Memory: 872960K Free: 278408K (32%)
----------------- Invoking toplevel() on ptolemy.moml.MoMLSimpleApplication@33dd42b2
----------------- Done invoking toplevel() on ptolemy.moml.MoMLSimpleApplication@33dd42b2
reloadAllAccessors: .ContinuousInDE4

===========================================================================================
----------------- testing Thu Jun 06 04:30:13 UTC 2019 /home/travis/build/icyphy/ptII/ptolemy/domains/continuous/test/auto/ContinuousInDEDifferentRefinements.xml
----------------- Instantiating /home/travis/build/icyphy/ptII/ptolemy/domains/continuous/test/auto/ContinuousInDEDifferentRefinements.xml
67 ms. Memory: 872960K Free: 238581K (27%)
----------------- Invoking toplevel() on ptolemy.moml.MoMLSimpleApplication@fed94ef
----------------- Done invoking toplevel() on ptolemy.moml.MoMLSimpleApplication@fed94ef
reloadAllAccessors: .ContinuousInDEDifferentRefinements

===========================================================================================
----------------- testing Thu Jun 06 04:30:13 UTC 2019 /home/travis/build/icyphy/ptII/ptolemy/domains/continuous/test/auto/ContinuousInDEDifferentRefinementsPreemptive.xml
----------------- Instantiating /home/travis/build/icyphy/ptII/ptolemy/domains/continuous/test/auto/ContinuousInDEDifferentRefinementsPreemptive.xml
58 ms. Memory: 872960K Free: 201841K (23%)
----------------- Invoking toplevel() on ptolemy.moml.MoMLSimpleApplication@73a57e91
----------------- Done invoking toplevel() on ptolemy.moml.MoMLSimpleApplication@73a57e91
reloadAllAccessors: .ContinuousInDEDifferentRefinementsPreemptive

===========================================================================================
----------------- testing Thu Jun 06 04:30:13 UTC 2019 /home/travis/build/icyphy/ptII/ptolemy/domains/continuous/test/auto/ContinuousInDEInContinuous2.xml
----------------- Instantiating /home/travis/build/icyphy/ptII/ptolemy/domains/continuous/test/auto/ContinuousInDEInContinuous2.xml
36 ms. Memory: 872960K Free: 186107K (21%)
----------------- Invoking toplevel() on ptolemy.moml.MoMLSimpleApplication@3a1d2560
----------------- Done invoking toplevel() on ptolemy.moml.MoMLSimpleApplication@3a1d2560
reloadAllAccessors: .ContinuousInDEInContinuous2

===========================================================================================
----------------- testing Thu Jun 06 04:30:13 UTC 2019 /home/travis/build/icyphy/ptII/ptolemy/domains/continuous/test/auto/ContinuousInDEInContinuous3.xml
----------------- Instantiating /home/travis/build/icyphy/ptII/ptolemy/domains/continuous/test/auto/ContinuousInDEInContinuous3.xml
37 ms. Memory: 872960K Free: 165132K (19%)
----------------- Invoking toplevel() on ptolemy.moml.MoMLSimpleApplication@42205347
----------------- Done invoking toplevel() on ptolemy.moml.MoMLSimpleApplication@42205347
reloadAllAccessors: .ContinuousInDEInContinuous3

===========================================================================================
----------------- testing Thu Jun 06 04:30:13 UTC 2019 /home/travis/build/icyphy/ptII/ptolemy/domains/continuous/test/auto/ContinuousInDEInput.xml
----------------- Instantiating /home/travis/build/icyphy/ptII/ptolemy/domains/continuous/test/auto/ContinuousInDEInput.xml
20 ms. Memory: 872960K Free: 151560K (17%)
----------------- Invoking toplevel() on ptolemy.moml.MoMLSimpleApplication@2a3dc535
----------------- Done invoking toplevel() on ptolemy.moml.MoMLSimpleApplication@2a3dc535
reloadAllAccessors: .ContinuousInDEInput

===========================================================================================
----------------- testing Thu Jun 06 04:30:14 UTC 2019 /home/travis/build/icyphy/ptII/ptolemy/domains/continuous/test/auto/ContinuousInDEInput2.xml
----------------- Instantiating /home/travis/build/icyphy/ptII/ptolemy/domains/continuous/test/auto/ContinuousInDEInput2.xml
17 ms. Memory: 872960K Free: 141081K (16%)
----------------- Invoking toplevel() on ptolemy.moml.MoMLSimpleApplication@2503da37
----------------- Done invoking toplevel() on ptolemy.moml.MoMLSimpleApplication@2503da37
reloadAllAccessors: .ContinuousInDEInput2

===========================================================================================
----------------- testing Thu Jun 06 04:30:14 UTC 2019 /home/travis/build/icyphy/ptII/ptolemy/domains/continuous/test/auto/ContinuousInDEInput3.xml
----------------- Instantiating /home/travis/build/icyphy/ptII/ptolemy/domains/continuous/test/auto/ContinuousInDEInput3.xml
14 ms. Memory: 872960K Free: 130602K (15%)
----------------- Invoking toplevel() on ptolemy.moml.MoMLSimpleApplication@5c4531aa
----------------- Done invoking toplevel() on ptolemy.moml.MoMLSimpleApplication@5c4531aa
reloadAllAccessors: .ContinuousInDEInput3

===========================================================================================
----------------- testing Thu Jun 06 04:30:14 UTC 2019 /home/travis/build/icyphy/ptII/ptolemy/domains/continuous/test/auto/ContinuousInDESharingRefinement.xml
----------------- Instantiating /home/travis/build/icyphy/ptII/ptolemy/domains/continuous/test/auto/ContinuousInDESharingRefinement.xml
168 ms. Memory: 873472K Free: 817019K (94%)
----------------- Invoking toplevel() on ptolemy.moml.MoMLSimpleApplication@5669ca2b
----------------- Done invoking toplevel() on ptolemy.moml.MoMLSimpleApplication@5669ca2b
reloadAllAccessors: .ContinuousInDESharingRefinement

===========================================================================================
----------------- testing Thu Jun 06 04:30:14 UTC 2019 /home/travis/build/icyphy/ptII/ptolemy/domains/continuous/test/auto/ContinuousInDEwithNoPorts.xml
----------------- Instantiating /home/travis/build/icyphy/ptII/ptolemy/domains/continuous/test/auto/ContinuousInDEwithNoPorts.xml
4 ms. Memory: 873472K Free: 801780K (92%)
----------------- Invoking toplevel() on ptolemy.moml.MoMLSimpleApplication@1c5bb95c
----------------- Done invoking toplevel() on ptolemy.moml.MoMLSimpleApplication@1c5bb95c
reloadAllAccessors: .ContinuousInDEwithNoPorts

===========================================================================================
----------------- testing Thu Jun 06 04:30:14 UTC 2019 /home/travis/build/icyphy/ptII/ptolemy/domains/continuous/test/auto/ContinuousInsideDE.xml
----------------- Instantiating /home/travis/build/icyphy/ptII/ptolemy/domains/continuous/test/auto/ContinuousInsideDE.xml
50 ms. Memory: 873472K Free: 786046K (90%)
----------------- Invoking toplevel() on ptolemy.moml.MoMLSimpleApplication@323f4f22
----------------- Done invoking toplevel() on ptolemy.moml.MoMLSimpleApplication@323f4f22
reloadAllAccessors: .ContinuousInsideDE

===========================================================================================
----------------- testing Thu Jun 06 04:30:14 UTC 2019 /home/travis/build/icyphy/ptII/ptolemy/domains/continuous/test/auto/ContinuousMerge1.xml
----------------- Instantiating /home/travis/build/icyphy/ptII/ptolemy/domains/continuous/test/auto/ContinuousMerge1.xml
3 ms. Memory: 873472K Free: 773478K (89%)
----------------- Invoking toplevel() on ptolemy.moml.MoMLSimpleApplication@1f356581
----------------- Done invoking toplevel() on ptolemy.moml.MoMLSimpleApplication@1f356581
reloadAllAccessors: .ContinuousMerge1

===========================================================================================
----------------- testing Thu Jun 06 04:30:14 UTC 2019 /home/travis/build/icyphy/ptII/ptolemy/domains/continuous/test/auto/ContinuousMerge2.xml
----------------- Instantiating /home/travis/build/icyphy/ptII/ptolemy/domains/continuous/test/auto/ContinuousMerge2.xml
12 ms. Memory: 873472K Free: 757597K (87%)
----------------- Invoking toplevel() on ptolemy.moml.MoMLSimpleApplication@76b2988a
----------------- Done invoking toplevel() on ptolemy.moml.MoMLSimpleApplication@76b2988a
reloadAllAccessors: .ContinuousMerge2

===========================================================================================
----------------- testing Thu Jun 06 04:30:14 UTC 2019 /home/travis/build/icyphy/ptII/ptolemy/domains/continuous/test/auto/ContinuousMerge3.xml
----------------- Instantiating /home/travis/build/icyphy/ptII/ptolemy/domains/continuous/test/auto/ContinuousMerge3.xml
45 ms. Memory: 873472K Free: 741862K (85%)
----------------- Invoking toplevel() on ptolemy.moml.MoMLSimpleApplication@17936c17
----------------- Done invoking toplevel() on ptolemy.moml.MoMLSimpleApplication@17936c17
reloadAllAccessors: .ContinuousMerge3

===========================================================================================
----------------- testing Thu Jun 06 04:30:14 UTC 2019 /home/travis/build/icyphy/ptII/ptolemy/domains/continuous/test/auto/ContinuousWithinContinuous.xml
----------------- Instantiating /home/travis/build/icyphy/ptII/ptolemy/domains/continuous/test/auto/ContinuousWithinContinuous.xml
45 ms. Memory: 873472K Free: 729295K (83%)
----------------- Invoking toplevel() on ptolemy.moml.MoMLSimpleApplication@2db306a2
----------------- Done invoking toplevel() on ptolemy.moml.MoMLSimpleApplication@2db306a2
reloadAllAccessors: .ContinuousWithinContinuous

===========================================================================================
----------------- testing Thu Jun 06 04:30:14 UTC 2019 /home/travis/build/icyphy/ptII/ptolemy/domains/continuous/test/auto/ContinuousWithinContinuous2.xml
----------------- Instantiating /home/travis/build/icyphy/ptII/ptolemy/domains/continuous/test/auto/ContinuousWithinContinuous2.xml
71 ms. Memory: 873472K Free: 713576K (82%)
----------------- Invoking toplevel() on ptolemy.moml.MoMLSimpleApplication@65bd6150
----------------- Done invoking toplevel() on ptolemy.moml.MoMLSimpleApplication@65bd6150
reloadAllAccessors: .ContinuousWithinContinuous2

===========================================================================================
----------------- testing Thu Jun 06 04:30:14 UTC 2019 /home/travis/build/icyphy/ptII/ptolemy/domains/continuous/test/auto/ContinuousWithinContinuous3.xml
----------------- Instantiating /home/travis/build/icyphy/ptII/ptolemy/domains/continuous/test/auto/ContinuousWithinContinuous3.xml
20 ms. Memory: 873472K Free: 701009K (80%)
----------------- Invoking toplevel() on ptolemy.moml.MoMLSimpleApplication@44c6881a
----------------- Done invoking toplevel() on ptolemy.moml.MoMLSimpleApplication@44c6881a
reloadAllAccessors: .ContinuousWithinContinuous3

===========================================================================================
----------------- testing Thu Jun 06 04:30:14 UTC 2019 /home/travis/build/icyphy/ptII/ptolemy/domains/continuous/test/auto/ContinuousWithinContinuous4.xml
----------------- Instantiating /home/travis/build/icyphy/ptII/ptolemy/domains/continuous/test/auto/ContinuousWithinContinuous4.xml
73 ms. Memory: 873472K Free: 685291K (78%)
----------------- Invoking toplevel() on ptolemy.moml.MoMLSimpleApplication@7265684a
----------------- Done invoking toplevel() on ptolemy.moml.MoMLSimpleApplication@7265684a
reloadAllAccessors: .ContinuousWithinContinuous4

===========================================================================================
----------------- testing Thu Jun 06 04:30:14 UTC 2019 /home/travis/build/icyphy/ptII/ptolemy/domains/continuous/test/auto/ContinuousWithinContinuous5.xml
----------------- Instantiating /home/travis/build/icyphy/ptII/ptolemy/domains/continuous/test/auto/ContinuousWithinContinuous5.xml
13 ms. Memory: 873472K Free: 674812K (77%)
----------------- Invoking toplevel() on ptolemy.moml.MoMLSimpleApplication@2d5bb7b5
----------------- Done invoking toplevel() on ptolemy.moml.MoMLSimpleApplication@2d5bb7b5
reloadAllAccessors: .ContinuousWithinContinuous5

===========================================================================================
----------------- testing Thu Jun 06 04:30:14 UTC 2019 /home/travis/build/icyphy/ptII/ptolemy/domains/continuous/test/auto/ContinuousWithinContinuous6.xml
----------------- Instantiating /home/travis/build/icyphy/ptII/ptolemy/domains/continuous/test/auto/ContinuousWithinContinuous6.xml
12 ms. Memory: 873472K Free: 662244K (76%)
----------------- Invoking toplevel() on ptolemy.moml.MoMLSimpleApplication@141176b9
----------------- Done invoking toplevel() on ptolemy.moml.MoMLSimpleApplication@141176b9
reloadAllAccessors: .ContinuousWithinContinuous6

===========================================================================================
----------------- testing Thu Jun 06 04:30:14 UTC 2019 /home/travis/build/icyphy/ptII/ptolemy/domains/continuous/test/auto/ContinuousWithinContinuous7.xml
----------------- Instantiating /home/travis/build/icyphy/ptII/ptolemy/domains/continuous/test/auto/ContinuousWithinContinuous7.xml
58 ms. Memory: 873472K Free: 646526K (74%)
----------------- Invoking toplevel() on ptolemy.moml.MoMLSimpleApplication@43e73f4b
----------------- Done invoking toplevel() on ptolemy.moml.MoMLSimpleApplication@43e73f4b
reloadAllAccessors: .ContinuousWithinContinuous7

===========================================================================================
----------------- testing Thu Jun 06 04:30:15 UTC 2019 /home/travis/build/icyphy/ptII/ptolemy/domains/continuous/test/auto/DCMotor.xml
----------------- Instantiating /home/travis/build/icyphy/ptII/ptolemy/domains/continuous/test/auto/DCMotor.xml
15901 ms. Memory: 1220096K Free: 847257K (69%)
----------------- Invoking toplevel() on ptolemy.moml.MoMLSimpleApplication@4aa35cd2
----------------- Done invoking toplevel() on ptolemy.moml.MoMLSimpleApplication@4aa35cd2
reloadAllAccessors: .DCMotor

===========================================================================================
----------------- testing Thu Jun 06 04:30:31 UTC 2019 /home/travis/build/icyphy/ptII/ptolemy/domains/continuous/test/auto/DEInContinuous.xml
----------------- Instantiating /home/travis/build/icyphy/ptII/ptolemy/domains/continuous/test/auto/DEInContinuous.xml
6 ms. Memory: 1220096K Free: 825799K (68%)
----------------- Invoking toplevel() on ptolemy.moml.MoMLSimpleApplication@2d53d7f2
----------------- Done invoking toplevel() on ptolemy.moml.MoMLSimpleApplication@2d53d7f2
reloadAllAccessors: .DEInContinuous

===========================================================================================
----------------- testing Thu Jun 06 04:30:31 UTC 2019 /home/travis/build/icyphy/ptII/ptolemy/domains/continuous/test/auto/DEinContinuous2.xml
----------------- Instantiating /home/travis/build/icyphy/ptII/ptolemy/domains/continuous/test/auto/DEinContinuous2.xml
4 ms. Memory: 1220096K Free: 810617K (66%)
----------------- Invoking toplevel() on ptolemy.moml.MoMLSimpleApplication@7cedf5f3
----------------- Done invoking toplevel() on ptolemy.moml.MoMLSimpleApplication@7cedf5f3
reloadAllAccessors: .DEinContinuous2

===========================================================================================
----------------- testing Thu Jun 06 04:30:31 UTC 2019 /home/travis/build/icyphy/ptII/ptolemy/domains/continuous/test/auto/Derivative.xml
----------------- Instantiating /home/travis/build/icyphy/ptII/ptolemy/domains/continuous/test/auto/Derivative.xml
142 ms. Memory: 1220096K Free: 762853K (63%)
----------------- Invoking toplevel() on ptolemy.moml.MoMLSimpleApplication@10f4746c
----------------- Done invoking toplevel() on ptolemy.moml.MoMLSimpleApplication@10f4746c
reloadAllAccessors: .Derivative2

===========================================================================================
----------------- testing Thu Jun 06 04:30:31 UTC 2019 /home/travis/build/icyphy/ptII/ptolemy/domains/continuous/test/auto/Derivative1.xml
----------------- Instantiating /home/travis/build/icyphy/ptII/ptolemy/domains/continuous/test/auto/Derivative1.xml
15 ms. Memory: 1220096K Free: 740063K (61%)
----------------- Invoking toplevel() on ptolemy.moml.MoMLSimpleApplication@63b552aa
----------------- Done invoking toplevel() on ptolemy.moml.MoMLSimpleApplication@63b552aa
reloadAllAccessors: .Derivative1

===========================================================================================
----------------- testing Thu Jun 06 04:30:31 UTC 2019 /home/travis/build/icyphy/ptII/ptolemy/domains/continuous/test/auto/DiscreteClock.xml
----------------- Instantiating /home/travis/build/icyphy/ptII/ptolemy/domains/continuous/test/auto/DiscreteClock.xml
7 ms. Memory: 1220096K Free: 724881K (59%)
----------------- Invoking toplevel() on ptolemy.moml.MoMLSimpleApplication@14b50c4e
----------------- Done invoking toplevel() on ptolemy.moml.MoMLSimpleApplication@14b50c4e
reloadAllAccessors: .DiscreteClock

===========================================================================================
----------------- testing Thu Jun 06 04:30:31 UTC 2019 /home/travis/build/icyphy/ptII/ptolemy/domains/continuous/test/auto/EfficiencyCurve.xml
----------------- Instantiating /home/travis/build/icyphy/ptII/ptolemy/domains/continuous/test/auto/EfficiencyCurve.xml
35 ms. Memory: 1220096K Free: 707598K (58%)
----------------- Invoking toplevel() on ptolemy.moml.MoMLSimpleApplication@599719df
----------------- Done invoking toplevel() on ptolemy.moml.MoMLSimpleApplication@599719df
reloadAllAccessors: .EfficiencyCurve

===========================================================================================
----------------- testing Thu Jun 06 04:30:31 UTC 2019 /home/travis/build/icyphy/ptII/ptolemy/domains/continuous/test/auto/ExponentialResponse.xml
----------------- Instantiating /home/travis/build/icyphy/ptII/ptolemy/domains/continuous/test/auto/ExponentialResponse.xml
106 ms. Memory: 1220096K Free: 684824K (56%)
----------------- Invoking toplevel() on ptolemy.moml.MoMLSimpleApplication@6ce55c25
----------------- Done invoking toplevel() on ptolemy.moml.MoMLSimpleApplication@6ce55c25
reloadAllAccessors: .ExponentialResponse

===========================================================================================
----------------- testing Thu Jun 06 04:30:31 UTC 2019 /home/travis/build/icyphy/ptII/ptolemy/domains/continuous/test/auto/ExponentialResponseRK45.xml
----------------- Instantiating /home/travis/build/icyphy/ptII/ptolemy/domains/continuous/test/auto/ExponentialResponseRK45.xml
26 ms. Memory: 1220096K Free: 667542K (55%)
----------------- Invoking toplevel() on ptolemy.moml.MoMLSimpleApplication@3442955b
----------------- Done invoking toplevel() on ptolemy.moml.MoMLSimpleApplication@3442955b
reloadAllAccessors: .ExponentialResponseRK45

===========================================================================================
----------------- testing Thu Jun 06 04:30:31 UTC 2019 /home/travis/build/icyphy/ptII/ptolemy/domains/continuous/test/auto/Friction.xml
----------------- Instantiating /home/travis/build/icyphy/ptII/ptolemy/domains/continuous/test/auto/Friction.xml
1370 ms. Memory: 1220096K Free: 226799K (19%)
----------------- Invoking toplevel() on ptolemy.moml.MoMLSimpleApplication@741ef789
----------------- Done invoking toplevel() on ptolemy.moml.MoMLSimpleApplication@741ef789
reloadAllAccessors: .Friction

===========================================================================================
----------------- testing Thu Jun 06 04:30:33 UTC 2019 /home/travis/build/icyphy/ptII/ptolemy/domains/continuous/test/auto/FurutaPendulum.xml
----------------- Instantiating /home/travis/build/icyphy/ptII/ptolemy/domains/continuous/test/auto/FurutaPendulum.xml
3237 ms. Memory: 1171968K Free: 802602K (68%)
----------------- Invoking toplevel() on ptolemy.moml.MoMLSimpleApplication@43281c18
----------------- Done invoking toplevel() on ptolemy.moml.MoMLSimpleApplication@43281c18
reloadAllAccessors: .FurutaPendulum

===========================================================================================
----------------- testing Thu Jun 06 04:30:36 UTC 2019 /home/travis/build/icyphy/ptII/ptolemy/domains/continuous/test/auto/HierarchicalExecution.xml
----------------- Instantiating /home/travis/build/icyphy/ptII/ptolemy/domains/continuous/test/auto/HierarchicalExecution.xml
2152 ms. Memory: 1171968K Free: 479348K (41%)
----------------- Invoking toplevel() on ptolemy.moml.MoMLSimpleApplication@55eb5084
----------------- Done invoking toplevel() on ptolemy.moml.MoMLSimpleApplication@55eb5084
reloadAllAccessors: .HierarchicalExecution

===========================================================================================
----------------- testing Thu Jun 06 04:30:38 UTC 2019 /home/travis/build/icyphy/ptII/ptolemy/domains/continuous/test/auto/HybridPlant.xml
----------------- Instantiating /home/travis/build/icyphy/ptII/ptolemy/domains/continuous/test/auto/HybridPlant.xml
577 ms. Memory: 1171968K Free: 195916K (17%)
----------------- Invoking toplevel() on ptolemy.moml.MoMLSimpleApplication@711175c7
----------------- Done invoking toplevel() on ptolemy.moml.MoMLSimpleApplication@711175c7
reloadAllAccessors: .HybridPlant

===========================================================================================
----------------- testing Thu Jun 06 04:30:39 UTC 2019 /home/travis/build/icyphy/ptII/ptolemy/domains/continuous/test/auto/Hysteresis.xml
----------------- Instantiating /home/travis/build/icyphy/ptII/ptolemy/domains/continuous/test/auto/Hysteresis.xml
144 ms. Memory: 1171968K Free: 123633K (11%)
----------------- Invoking toplevel() on ptolemy.moml.MoMLSimpleApplication@18fc6b14
----------------- Done invoking toplevel() on ptolemy.moml.MoMLSimpleApplication@18fc6b14
reloadAllAccessors: .Hysteresis

===========================================================================================
----------------- testing Thu Jun 06 04:30:39 UTC 2019 /home/travis/build/icyphy/ptII/ptolemy/domains/continuous/test/auto/HysteresisWithRandomDelay.xml
----------------- Instantiating /home/travis/build/icyphy/ptII/ptolemy/domains/continuous/test/auto/HysteresisWithRandomDelay.xml
189 ms. Memory: 1113600K Free: 1065276K (96%)
----------------- Invoking toplevel() on ptolemy.moml.MoMLSimpleApplication@1a916f83
----------------- Done invoking toplevel() on ptolemy.moml.MoMLSimpleApplication@1a916f83
reloadAllAccessors: .HysteresisWithRandomDelay

===========================================================================================
----------------- testing Thu Jun 06 04:30:40 UTC 2019 /home/travis/build/icyphy/ptII/ptolemy/domains/continuous/test/auto/HysteresisWithRandomLosses.xml
----------------- Instantiating /home/travis/build/icyphy/ptII/ptolemy/domains/continuous/test/auto/HysteresisWithRandomLosses.xml
2422 ms. Memory: 1113600K Free: 270920K (24%)
----------------- Invoking toplevel() on ptolemy.moml.MoMLSimpleApplication@583057e1
----------------- Done invoking toplevel() on ptolemy.moml.MoMLSimpleApplication@583057e1
reloadAllAccessors: .HysteresisWithRandomLosses

===========================================================================================
----------------- testing Thu Jun 06 04:30:42 UTC 2019 /home/travis/build/icyphy/ptII/ptolemy/domains/continuous/test/auto/ImmediateTransitions.xml
----------------- Instantiating /home/travis/build/icyphy/ptII/ptolemy/domains/continuous/test/auto/ImmediateTransitions.xml
10 ms. Memory: 1113600K Free: 254575K (23%)
----------------- Invoking toplevel() on ptolemy.moml.MoMLSimpleApplication@6a5757ec
----------------- Done invoking toplevel() on ptolemy.moml.MoMLSimpleApplication@6a5757ec
reloadAllAccessors: .ImmediateTransitions

===========================================================================================
----------------- testing Thu Jun 06 04:30:42 UTC 2019 /home/travis/build/icyphy/ptII/ptolemy/domains/continuous/test/auto/ImpulseFeedback.xml
----------------- Instantiating /home/travis/build/icyphy/ptII/ptolemy/domains/continuous/test/auto/ImpulseFeedback.xml
8 ms. Memory: 1113600K Free: 243364K (22%)
----------------- Invoking toplevel() on ptolemy.moml.MoMLSimpleApplication@7f7624e
----------------- Done invoking toplevel() on ptolemy.moml.MoMLSimpleApplication@7f7624e
reloadAllAccessors: .ImpulseFeedback

===========================================================================================
----------------- testing Thu Jun 06 04:30:42 UTC 2019 /home/travis/build/icyphy/ptII/ptolemy/domains/continuous/test/auto/ImpulseFeedback2.xml
----------------- Instantiating /home/travis/build/icyphy/ptII/ptolemy/domains/continuous/test/auto/ImpulseFeedback2.xml
6 ms. Memory: 1113600K Free: 232192K (21%)
----------------- Invoking toplevel() on ptolemy.moml.MoMLSimpleApplication@72a815cb
----------------- Done invoking toplevel() on ptolemy.moml.MoMLSimpleApplication@72a815cb
reloadAllAccessors: .ImpulseFeedback2

===========================================================================================
----------------- testing Thu Jun 06 04:30:42 UTC 2019 /home/travis/build/icyphy/ptII/ptolemy/domains/continuous/test/auto/IncreasingRatePoisson.xml
----------------- Instantiating /home/travis/build/icyphy/ptII/ptolemy/domains/continuous/test/auto/IncreasingRatePoisson.xml
707 ms. Memory: 1062912K Free: 893744K (84%)
----------------- Invoking toplevel() on ptolemy.moml.MoMLSimpleApplication@3941afcd
----------------- Done invoking toplevel() on ptolemy.moml.MoMLSimpleApplication@3941afcd
reloadAllAccessors: .IncreasingRatePoisson

===========================================================================================
----------------- testing Thu Jun 06 04:30:43 UTC 2019 /home/travis/build/icyphy/ptII/ptolemy/domains/continuous/test/auto/InitialStateFeedback.xml
----------------- Instantiating /home/travis/build/icyphy/ptII/ptolemy/domains/continuous/test/auto/InitialStateFeedback.xml
4 ms. Memory: 1062912K Free: 880282K (83%)
----------------- Invoking toplevel() on ptolemy.moml.MoMLSimpleApplication@728dbf45
----------------- Done invoking toplevel() on ptolemy.moml.MoMLSimpleApplication@728dbf45
reloadAllAccessors: .InitialStateFeedback

===========================================================================================
----------------- testing Thu Jun 06 04:30:43 UTC 2019 /home/travis/build/icyphy/ptII/ptolemy/domains/continuous/test/auto/Integration.xml
----------------- Instantiating /home/travis/build/icyphy/ptII/ptolemy/domains/continuous/test/auto/Integration.xml
2 ms. Memory: 1062912K Free: 869346K (82%)
----------------- Invoking toplevel() on ptolemy.moml.MoMLSimpleApplication@4a031c68
----------------- Done invoking toplevel() on ptolemy.moml.MoMLSimpleApplication@4a031c68
reloadAllAccessors: .Integration

===========================================================================================
----------------- testing Thu Jun 06 04:30:43 UTC 2019 /home/travis/build/icyphy/ptII/ptolemy/domains/continuous/test/auto/Integration2.xml
----------------- Instantiating /home/travis/build/icyphy/ptII/ptolemy/domains/continuous/test/auto/Integration2.xml
68 ms. Memory: 1062912K Free: 849156K (80%)
----------------- Invoking toplevel() on ptolemy.moml.MoMLSimpleApplication@1d384322
----------------- Done invoking toplevel() on ptolemy.moml.MoMLSimpleApplication@1d384322
reloadAllAccessors: .Integration2

===========================================================================================
----------------- testing Thu Jun 06 04:30:43 UTC 2019 /home/travis/build/icyphy/ptII/ptolemy/domains/continuous/test/auto/Integration3.xml
----------------- Instantiating /home/travis/build/icyphy/ptII/ptolemy/domains/continuous/test/auto/Integration3.xml
2 ms. Memory: 1062912K Free: 838221K (79%)
----------------- Invoking toplevel() on ptolemy.moml.MoMLSimpleApplication@65541356
----------------- Done invoking toplevel() on ptolemy.moml.MoMLSimpleApplication@65541356
reloadAllAccessors: .Integration3

===========================================================================================
----------------- testing Thu Jun 06 04:30:43 UTC 2019 /home/travis/build/icyphy/ptII/ptolemy/domains/continuous/test/auto/Integration5.xml
----------------- Instantiating /home/travis/build/icyphy/ptII/ptolemy/domains/continuous/test/auto/Integration5.xml
2 ms. Memory: 1062912K Free: 827846K (78%)
----------------- Invoking toplevel() on ptolemy.moml.MoMLSimpleApplication@2b14ae8a
----------------- Done invoking toplevel() on ptolemy.moml.MoMLSimpleApplication@2b14ae8a
reloadAllAccessors: .Integration5

===========================================================================================
----------------- testing Thu Jun 06 04:30:43 UTC 2019 /home/travis/build/icyphy/ptII/ptolemy/domains/continuous/test/auto/IntegratorImpulse.xml
----------------- Instantiating /home/travis/build/icyphy/ptII/ptolemy/domains/continuous/test/auto/IntegratorImpulse.xml
2 ms. Memory: 1062912K Free: 816910K (77%)
----------------- Invoking toplevel() on ptolemy.moml.MoMLSimpleApplication@20d9d2ed
----------------- Done invoking toplevel() on ptolemy.moml.MoMLSimpleApplication@20d9d2ed
reloadAllAccessors: .IntegratorImpulse

===========================================================================================
----------------- testing Thu Jun 06 04:30:43 UTC 2019 /home/travis/build/icyphy/ptII/ptolemy/domains/continuous/test/auto/IntegratorImpulse2.xml
----------------- Instantiating /home/travis/build/icyphy/ptII/ptolemy/domains/continuous/test/auto/IntegratorImpulse2.xml
4 ms. Memory: 1062912K Free: 806535K (76%)
----------------- Invoking toplevel() on ptolemy.moml.MoMLSimpleApplication@6a7923c
----------------- Done invoking toplevel() on ptolemy.moml.MoMLSimpleApplication@6a7923c
reloadAllAccessors: .IntegratorImpulse2

===========================================================================================
----------------- testing Thu Jun 06 04:30:43 UTC 2019 /home/travis/build/icyphy/ptII/ptolemy/domains/continuous/test/auto/LevelCrossing1.xml
----------------- Instantiating /home/travis/build/icyphy/ptII/ptolemy/domains/continuous/test/auto/LevelCrossing1.xml
2 ms. Memory: 1062912K Free: 795600K (75%)
----------------- Invoking toplevel() on ptolemy.moml.MoMLSimpleApplication@3e11106e
----------------- Done invoking toplevel() on ptolemy.moml.MoMLSimpleApplication@3e11106e
reloadAllAccessors: .LevelCrossing1

===========================================================================================
----------------- testing Thu Jun 06 04:30:43 UTC 2019 /home/travis/build/icyphy/ptII/ptolemy/domains/continuous/test/auto/LevelCrossing2.xml
----------------- Instantiating /home/travis/build/icyphy/ptII/ptolemy/domains/continuous/test/auto/LevelCrossing2.xml
3 ms. Memory: 1062912K Free: 785224K (74%)
----------------- Invoking toplevel() on ptolemy.moml.MoMLSimpleApplication@64700e3d
----------------- Done invoking toplevel() on ptolemy.moml.MoMLSimpleApplication@64700e3d
reloadAllAccessors: .LevelCrossing2

===========================================================================================
----------------- testing Thu Jun 06 04:30:43 UTC 2019 /home/travis/build/icyphy/ptII/ptolemy/domains/continuous/test/auto/LevelCrossing3.xml
----------------- Instantiating /home/travis/build/icyphy/ptII/ptolemy/domains/continuous/test/auto/LevelCrossing3.xml
3 ms. Memory: 1062912K Free: 774289K (73%)
----------------- Invoking toplevel() on ptolemy.moml.MoMLSimpleApplication@52412f78
----------------- Done invoking toplevel() on ptolemy.moml.MoMLSimpleApplication@52412f78
reloadAllAccessors: .LevelCrossing3

===========================================================================================
----------------- testing Thu Jun 06 04:30:43 UTC 2019 /home/travis/build/icyphy/ptII/ptolemy/domains/continuous/test/auto/LevelCrossing4.xml
----------------- Instantiating /home/travis/build/icyphy/ptII/ptolemy/domains/continuous/test/auto/LevelCrossing4.xml
3 ms. Memory: 1062912K Free: 763914K (72%)
----------------- Invoking toplevel() on ptolemy.moml.MoMLSimpleApplication@39136a14
----------------- Done invoking toplevel() on ptolemy.moml.MoMLSimpleApplication@39136a14
reloadAllAccessors: .LevelCrossing4

===========================================================================================
----------------- testing Thu Jun 06 04:30:43 UTC 2019 /home/travis/build/icyphy/ptII/ptolemy/domains/continuous/test/auto/LevelCrossing5.xml
----------------- Instantiating /home/travis/build/icyphy/ptII/ptolemy/domains/continuous/test/auto/LevelCrossing5.xml
4 ms. Memory: 1062912K Free: 752979K (71%)
----------------- Invoking toplevel() on ptolemy.moml.MoMLSimpleApplication@686c2133
----------------- Done invoking toplevel() on ptolemy.moml.MoMLSimpleApplication@686c2133
reloadAllAccessors: .LevelCrossing5

===========================================================================================
[...]
----------------- Done invoking toplevel() on ptolemy.moml.MoMLSimpleApplication@7145c9ef
reloadAllAccessors: .ResetTransitionWithStartTime6

===========================================================================================
----------------- testing Thu Jun 06 04:31:02 UTC 2019 /home/travis/build/icyphy/ptII/ptolemy/domains/continuous/test/auto/SRinContinuous.xml
----------------- Instantiating /home/travis/build/icyphy/ptII/ptolemy/domains/continuous/test/auto/SRinContinuous.xml
4 ms. Memory: 849408K Free: 685169K (81%)
----------------- Invoking toplevel() on ptolemy.moml.MoMLSimpleApplication@52d5e03e
----------------- Done invoking toplevel() on ptolemy.moml.MoMLSimpleApplication@52d5e03e
reloadAllAccessors: .SRinContinuous

===========================================================================================
----------------- testing Thu Jun 06 04:31:02 UTC 2019 /home/travis/build/icyphy/ptII/ptolemy/domains/continuous/test/auto/SampledClocks.xml
----------------- Instantiating /home/travis/build/icyphy/ptII/ptolemy/domains/continuous/test/auto/SampledClocks.xml
4 ms. Memory: 849408K Free: 663692K (78%)
----------------- Invoking toplevel() on ptolemy.moml.MoMLSimpleApplication@7ca8378b
----------------- Done invoking toplevel() on ptolemy.moml.MoMLSimpleApplication@7ca8378b
reloadAllAccessors: .SampledClocks

===========================================================================================
----------------- testing Thu Jun 06 04:31:02 UTC 2019 /home/travis/build/icyphy/ptII/ptolemy/domains/continuous/test/auto/Satellite.xml
----------------- Instantiating /home/travis/build/icyphy/ptII/ptolemy/domains/continuous/test/auto/Satellite.xml
826 ms. Memory: 849408K Free: 478530K (56%)
----------------- Invoking toplevel() on ptolemy.moml.MoMLSimpleApplication@4d4e1659
----------------- Done invoking toplevel() on ptolemy.moml.MoMLSimpleApplication@4d4e1659
reloadAllAccessors: .Satellite

===========================================================================================
----------------- testing Thu Jun 06 04:31:03 UTC 2019 /home/travis/build/icyphy/ptII/ptolemy/domains/continuous/test/auto/SigmaDelta.xml
----------------- Instantiating /home/travis/build/icyphy/ptII/ptolemy/domains/continuous/test/auto/SigmaDelta.xml
2218 ms. Memory: 849408K Free: 98648K (12%)
----------------- Invoking toplevel() on ptolemy.moml.MoMLSimpleApplication@586a4954
----------------- Done invoking toplevel() on ptolemy.moml.MoMLSimpleApplication@586a4954
reloadAllAccessors: .SigmaDelta

===========================================================================================
----------------- testing Thu Jun 06 04:31:05 UTC 2019 /home/travis/build/icyphy/ptII/ptolemy/domains/continuous/test/auto/SingleRefinement.xml
----------------- Instantiating /home/travis/build/icyphy/ptII/ptolemy/domains/continuous/test/auto/SingleRefinement.xml
287 ms. Memory: 819200K Free: 651662K (80%)
----------------- Invoking toplevel() on ptolemy.moml.MoMLSimpleApplication@631712c3
----------------- Done invoking toplevel() on ptolemy.moml.MoMLSimpleApplication@631712c3
reloadAllAccessors: .SingleRefinement

===========================================================================================
----------------- testing Thu Jun 06 04:31:06 UTC 2019 /home/travis/build/icyphy/ptII/ptolemy/domains/continuous/test/auto/SinuBouncingBall.xml
----------------- Instantiating /home/travis/build/icyphy/ptII/ptolemy/domains/continuous/test/auto/SinuBouncingBall.xml
709 ms. Memory: 819200K Free: 426121K (52%)
----------------- Invoking toplevel() on ptolemy.moml.MoMLSimpleApplication@254e42aa
----------------- Done invoking toplevel() on ptolemy.moml.MoMLSimpleApplication@254e42aa
reloadAllAccessors: .SinuBouncingBall

===========================================================================================
----------------- testing Thu Jun 06 04:31:06 UTC 2019 /home/travis/build/icyphy/ptII/ptolemy/domains/continuous/test/auto/Sinusoid.xml
----------------- Instantiating /home/travis/build/icyphy/ptII/ptolemy/domains/continuous/test/auto/Sinusoid.xml
5 ms. Memory: 819200K Free: 415369K (51%)
----------------- Invoking toplevel() on ptolemy.moml.MoMLSimpleApplication@32b5b482
----------------- Done invoking toplevel() on ptolemy.moml.MoMLSimpleApplication@32b5b482
reloadAllAccessors: .Sinusoid

===========================================================================================
----------------- testing Thu Jun 06 04:31:06 UTC 2019 /home/travis/build/icyphy/ptII/ptolemy/domains/continuous/test/auto/SinusoidInNoise.xml
----------------- Instantiating /home/travis/build/icyphy/ptII/ptolemy/domains/continuous/test/auto/SinusoidInNoise.xml
896 ms. Memory: 819200K Free: 209793K (26%)
----------------- Invoking toplevel() on ptolemy.moml.MoMLSimpleApplication@63537a9c
----------------- Done invoking toplevel() on ptolemy.moml.MoMLSimpleApplication@63537a9c
reloadAllAccessors: .SinusoidInNoise

===========================================================================================
----------------- testing Thu Jun 06 04:31:07 UTC 2019 /home/travis/build/icyphy/ptII/ptolemy/domains/continuous/test/auto/SinusoidRK45.xml
----------------- Instantiating /home/travis/build/icyphy/ptII/ptolemy/domains/continuous/test/auto/SinusoidRK45.xml
3 ms. Memory: 819200K Free: 199040K (24%)
----------------- Invoking toplevel() on ptolemy.moml.MoMLSimpleApplication@3c9cc10c
----------------- Done invoking toplevel() on ptolemy.moml.MoMLSimpleApplication@3c9cc10c
reloadAllAccessors: .SinusoidRK45

===========================================================================================
----------------- testing Thu Jun 06 04:31:07 UTC 2019 /home/travis/build/icyphy/ptII/ptolemy/domains/continuous/test/auto/SinusoidWithMultipleImpulses.xml
----------------- Instantiating /home/travis/build/icyphy/ptII/ptolemy/domains/continuous/test/auto/SinusoidWithMultipleImpulses.xml
5 ms. Memory: 819200K Free: 188455K (23%)
----------------- Invoking toplevel() on ptolemy.moml.MoMLSimpleApplication@c62e25b
----------------- Done invoking toplevel() on ptolemy.moml.MoMLSimpleApplication@c62e25b
reloadAllAccessors: .SinusoidWithMultipleImpulses

===========================================================================================
----------------- testing Thu Jun 06 04:31:07 UTC 2019 /home/travis/build/icyphy/ptII/ptolemy/domains/continuous/test/auto/SquareWave.xml
----------------- Instantiating /home/travis/build/icyphy/ptII/ptolemy/domains/continuous/test/auto/SquareWave.xml
146 ms. Memory: 819200K Free: 153330K (19%)
----------------- Invoking toplevel() on ptolemy.moml.MoMLSimpleApplication@8bab6f9
----------------- Done invoking toplevel() on ptolemy.moml.MoMLSimpleApplication@8bab6f9
reloadAllAccessors: .SquareWave

===========================================================================================
----------------- testing Thu Jun 06 04:31:08 UTC 2019 /home/travis/build/icyphy/ptII/ptolemy/domains/continuous/test/auto/Starmac.xml
----------------- Instantiating /home/travis/build/icyphy/ptII/ptolemy/domains/continuous/test/auto/Starmac.xml
3062 ms. Memory: 781312K Free: 476922K (61%)
----------------- Invoking toplevel() on ptolemy.moml.MoMLSimpleApplication@38b3e191
----------------- Done invoking toplevel() on ptolemy.moml.MoMLSimpleApplication@38b3e191
reloadAllAccessors: .Starmac

===========================================================================================
----------------- testing Thu Jun 06 04:31:11 UTC 2019 /home/travis/build/icyphy/ptII/ptolemy/domains/continuous/test/auto/StaticUnits.xml
----------------- Instantiating /home/travis/build/icyphy/ptII/ptolemy/domains/continuous/test/auto/StaticUnits.xml
2025 ms. Memory: 750592K Free: 660599K (88%)
----------------- Invoking toplevel() on ptolemy.moml.MoMLSimpleApplication@4694b726
----------------- Done invoking toplevel() on ptolemy.moml.MoMLSimpleApplication@4694b726
reloadAllAccessors: .StaticUnits

===========================================================================================
----------------- testing Thu Jun 06 04:31:13 UTC 2019 /home/travis/build/icyphy/ptII/ptolemy/domains/continuous/test/auto/StickyMasses.xml
----------------- Instantiating /home/travis/build/icyphy/ptII/ptolemy/domains/continuous/test/auto/StickyMasses.xml
107 ms. Memory: 750592K Free: 599138K (80%)
----------------- Invoking toplevel() on ptolemy.moml.MoMLSimpleApplication@b094681
----------------- Done invoking toplevel() on ptolemy.moml.MoMLSimpleApplication@b094681
reloadAllAccessors: .StickyMasses

===========================================================================================
----------------- testing Thu Jun 06 04:31:13 UTC 2019 /home/travis/build/icyphy/ptII/ptolemy/domains/continuous/test/auto/StopTime.xml
----------------- Instantiating /home/travis/build/icyphy/ptII/ptolemy/domains/continuous/test/auto/StopTime.xml
34 ms. Memory: 750592K Free: 567146K (76%)
----------------- Invoking toplevel() on ptolemy.moml.MoMLSimpleApplication@51b1cb9e
----------------- Done invoking toplevel() on ptolemy.moml.MoMLSimpleApplication@51b1cb9e
reloadAllAccessors: .StopTime

===========================================================================================
----------------- testing Thu Jun 06 04:31:14 UTC 2019 /home/travis/build/icyphy/ptII/ptolemy/domains/continuous/test/auto/StopTime2.xml
----------------- Instantiating /home/travis/build/icyphy/ptII/ptolemy/domains/continuous/test/auto/StopTime2.xml
38 ms. Memory: 750592K Free: 539729K (72%)
----------------- Invoking toplevel() on ptolemy.moml.MoMLSimpleApplication@c89a174
----------------- Done invoking toplevel() on ptolemy.moml.MoMLSimpleApplication@c89a174
reloadAllAccessors: .StopTime2

===========================================================================================
----------------- testing Thu Jun 06 04:31:14 UTC 2019 /home/travis/build/icyphy/ptII/ptolemy/domains/continuous/test/auto/Switch.xml
----------------- Instantiating /home/travis/build/icyphy/ptII/ptolemy/domains/continuous/test/auto/Switch.xml
37 ms. Memory: 750592K Free: 507779K (68%)
----------------- Invoking toplevel() on ptolemy.moml.MoMLSimpleApplication@6af3f2bc
----------------- Done invoking toplevel() on ptolemy.moml.MoMLSimpleApplication@6af3f2bc
reloadAllAccessors: .Switch

===========================================================================================
----------------- testing Thu Jun 06 04:31:14 UTC 2019 /home/travis/build/icyphy/ptII/ptolemy/domains/continuous/test/auto/Thermostat.xml
----------------- Instantiating /home/travis/build/icyphy/ptII/ptolemy/domains/continuous/test/auto/Thermostat.xml
169 ms. Memory: 750592K Free: 431602K (58%)
----------------- Invoking toplevel() on ptolemy.moml.MoMLSimpleApplication@3fe167d2
----------------- Done invoking toplevel() on ptolemy.moml.MoMLSimpleApplication@3fe167d2
reloadAllAccessors: .Thermostat

===========================================================================================
----------------- testing Thu Jun 06 04:31:14 UTC 2019 /home/travis/build/icyphy/ptII/ptolemy/domains/continuous/test/auto/TimeDelay.xml
----------------- Instantiating /home/travis/build/icyphy/ptII/ptolemy/domains/continuous/test/auto/TimeDelay.xml
6 ms. Memory: 750592K Free: 421882K (56%)
----------------- Invoking toplevel() on ptolemy.moml.MoMLSimpleApplication@32ffafa
----------------- Done invoking toplevel() on ptolemy.moml.MoMLSimpleApplication@32ffafa
reloadAllAccessors: .TimeDelay

===========================================================================================
----------------- testing Thu Jun 06 04:31:14 UTC 2019 /home/travis/build/icyphy/ptII/ptolemy/domains/continuous/test/auto/TimeDelay2.xml
----------------- Instantiating /home/travis/build/icyphy/ptII/ptolemy/domains/continuous/test/auto/TimeDelay2.xml
7 ms. Memory: 750592K Free: 412066K (55%)
----------------- Invoking toplevel() on ptolemy.moml.MoMLSimpleApplication@388a1c15
----------------- Done invoking toplevel() on ptolemy.moml.MoMLSimpleApplication@388a1c15
reloadAllAccessors: .TimeDelay2

===========================================================================================
----------------- testing Thu Jun 06 04:31:14 UTC 2019 /home/travis/build/icyphy/ptII/ptolemy/domains/continuous/test/auto/TimeDelay3.xml
----------------- Instantiating /home/travis/build/icyphy/ptII/ptolemy/domains/continuous/test/auto/TimeDelay3.xml
5 ms. Memory: 750592K Free: 402250K (54%)
----------------- Invoking toplevel() on ptolemy.moml.MoMLSimpleApplication@5d1ff1e9
----------------- Done invoking toplevel() on ptolemy.moml.MoMLSimpleApplication@5d1ff1e9
reloadAllAccessors: .TimeDelay3

===========================================================================================
----------------- testing Thu Jun 06 04:31:14 UTC 2019 /home/travis/build/icyphy/ptII/ptolemy/domains/continuous/test/auto/TransferAbsentToInside.xml
----------------- Instantiating /home/travis/build/icyphy/ptII/ptolemy/domains/continuous/test/auto/TransferAbsentToInside.xml
24 ms. Memory: 750592K Free: 343722K (46%)
----------------- Invoking toplevel() on ptolemy.moml.MoMLSimpleApplication@4fe9ee7a
----------------- Done invoking toplevel() on ptolemy.moml.MoMLSimpleApplication@4fe9ee7a
reloadAllAccessors: .TransferAbsentToInside

===========================================================================================
----------------- testing Thu Jun 06 04:31:14 UTC 2019 /home/travis/build/icyphy/ptII/ptolemy/domains/continuous/test/auto/Transmission.xml
----------------- Instantiating /home/travis/build/icyphy/ptII/ptolemy/domains/continuous/test/auto/Transmission.xml
740 ms. Memory: 750592K Free: 103778K (14%)
----------------- Invoking toplevel() on ptolemy.moml.MoMLSimpleApplication@3cd7fd8d
----------------- Done invoking toplevel() on ptolemy.moml.MoMLSimpleApplication@3cd7fd8d
reloadAllAccessors: .Transmission

===========================================================================================
----------------- testing Thu Jun 06 04:31:15 UTC 2019 /home/travis/build/icyphy/ptII/ptolemy/domains/continuous/test/auto/TriggeredContinuousClock.xml
----------------- Instantiating /home/travis/build/icyphy/ptII/ptolemy/domains/continuous/test/auto/TriggeredContinuousClock.xml
35 ms. Memory: 750592K Free: 67392K (9%)
----------------- Invoking toplevel() on ptolemy.moml.MoMLSimpleApplication@5f92b84b
----------------- Done invoking toplevel() on ptolemy.moml.MoMLSimpleApplication@5f92b84b
reloadAllAccessors: .TriggeredContinuousClock

===========================================================================================
----------------- testing Thu Jun 06 04:31:15 UTC 2019 /home/travis/build/icyphy/ptII/ptolemy/domains/continuous/test/auto/TwoMachineInfiniteBusControl.xml
----------------- Instantiating /home/travis/build/icyphy/ptII/ptolemy/domains/continuous/test/auto/TwoMachineInfiniteBusControl.xml
2536 ms. Memory: 714240K Free: 121096K (17%)
----------------- Invoking toplevel() on ptolemy.moml.MoMLSimpleApplication@48cf3b28
----------------- Done invoking toplevel() on ptolemy.moml.MoMLSimpleApplication@48cf3b28
reloadAllAccessors: .TwoMachineInfiniteBusControl

===========================================================================================
----------------- testing Thu Jun 06 04:31:18 UTC 2019 /home/travis/build/icyphy/ptII/ptolemy/domains/continuous/test/auto/V2V.xml
----------------- Instantiating /home/travis/build/icyphy/ptII/ptolemy/domains/continuous/test/auto/V2V.xml
720 ms. Memory: 685056K Free: 525420K (77%)
----------------- Invoking toplevel() on ptolemy.moml.MoMLSimpleApplication@3d30ce3
----------------- Done invoking toplevel() on ptolemy.moml.MoMLSimpleApplication@3d30ce3
reloadAllAccessors: .V2V

===========================================================================================
----------------- testing Thu Jun 06 04:31:18 UTC 2019 /home/travis/build/icyphy/ptII/ptolemy/domains/continuous/test/auto/hierarchicalModalModel.xml
----------------- Instantiating /home/travis/build/icyphy/ptII/ptolemy/domains/continuous/test/auto/hierarchicalModalModel.xml
8 ms. Memory: 685056K Free: 506076K (74%)
----------------- Invoking toplevel() on ptolemy.moml.MoMLSimpleApplication@162e338c
----------------- Done invoking toplevel() on ptolemy.moml.MoMLSimpleApplication@162e338c
reloadAllAccessors: .hierarchicalModalModel

===========================================================================================
----------------- testing Thu Jun 06 04:31:18 UTC 2019 /home/travis/build/icyphy/ptII/ptolemy/domains/continuous/test/auto/hierarchicalModalModel1.xml
----------------- Instantiating /home/travis/build/icyphy/ptII/ptolemy/domains/continuous/test/auto/hierarchicalModalModel1.xml
7 ms. Memory: 685056K Free: 489012K (71%)
----------------- Invoking toplevel() on ptolemy.moml.MoMLSimpleApplication@ae8624a
----------------- Done invoking toplevel() on ptolemy.moml.MoMLSimpleApplication@ae8624a
reloadAllAccessors: .hierarchicalModalModel1

===========================================================================================
----------------- testing Thu Jun 06 04:31:18 UTC 2019 /home/travis/build/icyphy/ptII/ptolemy/domains/continuous/test/auto/hierarchicalModalModel2.xml
----------------- Instantiating /home/travis/build/icyphy/ptII/ptolemy/domains/continuous/test/auto/hierarchicalModalModel2.xml
7 ms. Memory: 685056K Free: 472054K (69%)
----------------- Invoking toplevel() on ptolemy.moml.MoMLSimpleApplication@71a88009
----------------- Done invoking toplevel() on ptolemy.moml.MoMLSimpleApplication@71a88009
reloadAllAccessors: .hierarchicalModalModel2

===========================================================================================
----------------- testing Thu Jun 06 04:31:18 UTC 2019 /home/travis/build/icyphy/ptII/ptolemy/domains/continuous/test/auto/hierarchicalModalModel3.xml
----------------- Instantiating /home/travis/build/icyphy/ptII/ptolemy/domains/continuous/test/auto/hierarchicalModalModel3.xml
5 ms. Memory: 685056K Free: 454973K (66%)
----------------- Invoking toplevel() on ptolemy.moml.MoMLSimpleApplication@21298d59
----------------- Done invoking toplevel() on ptolemy.moml.MoMLSimpleApplication@21298d59
reloadAllAccessors: .hierarchicalModalModel3

===========================================================================================
----------------- testing Thu Jun 06 04:31:19 UTC 2019 /home/travis/build/icyphy/ptII/ptolemy/domains/continuous/test/auto/hierarchicalModalModel4.xml
----------------- Instantiating /home/travis/build/icyphy/ptII/ptolemy/domains/continuous/test/auto/hierarchicalModalModel4.xml
4 ms. Memory: 685056K Free: 438015K (64%)
----------------- Invoking toplevel() on ptolemy.moml.MoMLSimpleApplication@7f23fd00
----------------- Done invoking toplevel() on ptolemy.moml.MoMLSimpleApplication@7f23fd00
reloadAllAccessors: .hierarchicalModalModel4

===========================================================================================
----------------- testing Thu Jun 06 04:31:19 UTC 2019 /home/travis/build/icyphy/ptII/ptolemy/domains/continuous/test/auto/junk.xml
----------------- Instantiating /home/travis/build/icyphy/ptII/ptolemy/domains/continuous/test/auto/junk.xml
138 ms. Memory: 685056K Free: 404894K (59%)
----------------- Invoking toplevel() on ptolemy.moml.MoMLSimpleApplication@1e2380d5
----------------- Done invoking toplevel() on ptolemy.moml.MoMLSimpleApplication@1e2380d5
reloadAllAccessors: .junk
AutoTests.java: About to close Vertx.
AutoTests.java: Vertx closed.
]]></system-out>
  <system-err><![CDATA[Warning: '.IncreasingRatePoisson.NonStrictTest' The test produced only 387 tokens, yet the correctValues parameter was expecting 402 tokens.
Warning: '.Poisson.NonStrictTest' The test produced only 389 tokens, yet the correctValues parameter was expecting 430 tokens.
]]></system-err>
</testsuite>
