<?xml version="1.0" encoding="UTF-8" ?>
<testsuite errors="0" failures="0" hostname="travis-job-6557bb6d-41a9-4495-aee1-bd24784eff9f" name="ptolemy.domains.de.test.junit.JUnitTclTest" skipped="0" tests="101" time="138.027" timestamp="2019-07-30T05:11:11">
  <properties>
[...]
</properties>
  <testcase classname="ptolemy.util.test.junit.TclTests" name="[0] /home/travis/build/icyphy/ptII/ptolemy/domains/de/test/DependencyLoop.tcl (RunTclFile)" time="1.136" />
  <testcase classname="ptolemy.util.test.junit.TclTests" name="[1] /home/travis/build/icyphy/ptII/ptolemy/domains/de/test/RunDETestsAsQSS.tcl (RunTclFile)" time="94.976" />
  <testcase classname="ptolemy.util.test.junit.AutoKnownFailedTests" name="[0] /home/travis/build/icyphy/ptII/ptolemy/domains/de/test/auto/knownFailedTests/DESDFClockTest.xml (RunModel)" time="2.083" />
  <testcase classname="ptolemy.util.test.junit.AutoKnownFailedTests" name="[1] /home/travis/build/icyphy/ptII/ptolemy/domains/de/test/auto/knownFailedTests/DirectFeedback.xml (RunModel)" time="0.024" />
  <testcase classname="ptolemy.util.test.junit.AutoKnownFailedTests" name="[2] /home/travis/build/icyphy/ptII/ptolemy/domains/de/test/auto/knownFailedTests/FSMSource.xml (RunModel)" time="0.024" />
  <testcase classname="ptolemy.util.test.junit.AutoKnownFailedTests" name="[3] /home/travis/build/icyphy/ptII/ptolemy/domains/de/test/auto/knownFailedTests/HierarchicalModel.xml (RunModel)" time="0.042" />
  <testcase classname="ptolemy.util.test.junit.AutoKnownFailedTests" name="[4] /home/travis/build/icyphy/ptII/ptolemy/domains/de/test/auto/knownFailedTests/dependencyLoop.xml (RunModel)" time="0.055" />
  <testcase classname="ptolemy.util.test.junit.AutoKnownFailedTests" name="[5] /home/travis/build/icyphy/ptII/ptolemy/domains/de/test/auto/knownFailedTests/dependencyLoop2.xml (RunModel)" time="0.045" />
  <testcase classname="ptolemy.util.test.junit.AutoNameArchTests" name="[0] ThereAreNoAutoArchTests (RunModel)" time="0.005" />
  <testcase classname="ptolemy.util.test.junit.AutoTests" name="[0] /home/travis/build/icyphy/ptII/ptolemy/domains/de/test/auto/ActorDepthCalculation_actorWithoutPorts.xml (RunModel)" time="0.024" />
  <testcase classname="ptolemy.util.test.junit.AutoTests" name="[1] /home/travis/build/icyphy/ptII/ptolemy/domains/de/test/auto/AssemblyLine.xml (RunModel)" time="0.025" />
  <testcase classname="ptolemy.util.test.junit.AutoTests" name="[2] /home/travis/build/icyphy/ptII/ptolemy/domains/de/test/auto/CQBug1.xml (RunModel)" time="0.013" />
  <testcase classname="ptolemy.util.test.junit.AutoTests" name="[3] /home/travis/build/icyphy/ptII/ptolemy/domains/de/test/auto/CancelFireAt.xml (RunModel)" time="0.022" />
  <testcase classname="ptolemy.util.test.junit.AutoTests" name="[4] /home/travis/build/icyphy/ptII/ptolemy/domains/de/test/auto/CausalityAndComposabilityAnalysis.xml (RunModel)" time="0.022" />
  <testcase classname="ptolemy.util.test.junit.AutoTests" name="[5] /home/travis/build/icyphy/ptII/ptolemy/domains/de/test/auto/CausalityInterface1.xml (RunModel)" time="0.016" />
  <testcase classname="ptolemy.util.test.junit.AutoTests" name="[6] /home/travis/build/icyphy/ptII/ptolemy/domains/de/test/auto/CausalityInterface15.xml (RunModel)" time="0.019" />
  <testcase classname="ptolemy.util.test.junit.AutoTests" name="[7] /home/travis/build/icyphy/ptII/ptolemy/domains/de/test/auto/CausalityInterface2.xml (RunModel)" time="0.016" />
  <testcase classname="ptolemy.util.test.junit.AutoTests" name="[8] /home/travis/build/icyphy/ptII/ptolemy/domains/de/test/auto/CausalityInterface3.xml (RunModel)" time="0.015" />
  <testcase classname="ptolemy.util.test.junit.AutoTests" name="[9] /home/travis/build/icyphy/ptII/ptolemy/domains/de/test/auto/ClockDrift.xml (RunModel)" time="0.041" />
  <testcase classname="ptolemy.util.test.junit.AutoTests" name="[10] /home/travis/build/icyphy/ptII/ptolemy/domains/de/test/auto/ClockDriftAndValueChange.xml (RunModel)" time="0.037" />
  <testcase classname="ptolemy.util.test.junit.AutoTests" name="[11] /home/travis/build/icyphy/ptII/ptolemy/domains/de/test/auto/ClockDriftChange.xml (RunModel)" time="0.038" />
  <testcase classname="ptolemy.util.test.junit.AutoTests" name="[12] /home/travis/build/icyphy/ptII/ptolemy/domains/de/test/auto/ComposableCausalityAnalysis.xml (RunModel)" time="0.015" />
  <testcase classname="ptolemy.util.test.junit.AutoTests" name="[13] /home/travis/build/icyphy/ptII/ptolemy/domains/de/test/auto/DEFixedPointLimitation.xml (RunModel)" time="0.013" />
  <testcase classname="ptolemy.util.test.junit.AutoTests" name="[14] /home/travis/build/icyphy/ptII/ptolemy/domains/de/test/auto/DEScheduleTest.xml (RunModel)" time="0.015" />
  <testcase classname="ptolemy.util.test.junit.AutoTests" name="[15] /home/travis/build/icyphy/ptII/ptolemy/domains/de/test/auto/DEinDEwithStartTimes.xml (RunModel)" time="0.017" />
  <testcase classname="ptolemy.util.test.junit.AutoTests" name="[16] /home/travis/build/icyphy/ptII/ptolemy/domains/de/test/auto/DEinDEwithStartTimes2.xml (RunModel)" time="0.017" />
  <testcase classname="ptolemy.util.test.junit.AutoTests" name="[17] /home/travis/build/icyphy/ptII/ptolemy/domains/de/test/auto/DateDemo.xml (RunModel)" time="0.042" />
  <testcase classname="ptolemy.util.test.junit.AutoTests" name="[18] /home/travis/build/icyphy/ptII/ptolemy/domains/de/test/auto/DateToEvent.xml (RunModel)" time="2.047" />
  <testcase classname="ptolemy.util.test.junit.AutoTests" name="[19] /home/travis/build/icyphy/ptII/ptolemy/domains/de/test/auto/DepthTest1.xml (RunModel)" time="0.008" />
  <testcase classname="ptolemy.util.test.junit.AutoTests" name="[20] /home/travis/build/icyphy/ptII/ptolemy/domains/de/test/auto/DepthTest2.xml (RunModel)" time="0.029" />
  <testcase classname="ptolemy.util.test.junit.AutoTests" name="[21] /home/travis/build/icyphy/ptII/ptolemy/domains/de/test/auto/DepthTest3.xml (RunModel)" time="0.008" />
  <testcase classname="ptolemy.util.test.junit.AutoTests" name="[22] /home/travis/build/icyphy/ptII/ptolemy/domains/de/test/auto/DepthTest4.xml (RunModel)" time="0.013" />
  <testcase classname="ptolemy.util.test.junit.AutoTests" name="[23] /home/travis/build/icyphy/ptII/ptolemy/domains/de/test/auto/DepthTest5.xml (RunModel)" time="0.019" />
  <testcase classname="ptolemy.util.test.junit.AutoTests" name="[24] /home/travis/build/icyphy/ptII/ptolemy/domains/de/test/auto/DepthTest6.xml (RunModel)" time="0.016" />
  <testcase classname="ptolemy.util.test.junit.AutoTests" name="[25] /home/travis/build/icyphy/ptII/ptolemy/domains/de/test/auto/DepthTest7.xml (RunModel)" time="0.015" />
  <testcase classname="ptolemy.util.test.junit.AutoTests" name="[26] /home/travis/build/icyphy/ptII/ptolemy/domains/de/test/auto/EventToDate.xml (RunModel)" time="3.044" />
  <testcase classname="ptolemy.util.test.junit.AutoTests" name="[27] /home/travis/build/icyphy/ptII/ptolemy/domains/de/test/auto/FSM1.xml (RunModel)" time="0.039" />
  <testcase classname="ptolemy.util.test.junit.AutoTests" name="[28] /home/travis/build/icyphy/ptII/ptolemy/domains/de/test/auto/FSM7.xml (RunModel)" time="0.044" />
  <testcase classname="ptolemy.util.test.junit.AutoTests" name="[29] /home/travis/build/icyphy/ptII/ptolemy/domains/de/test/auto/Inspection.xml (RunModel)" time="0.041" />
  <testcase classname="ptolemy.util.test.junit.AutoTests" name="[30] /home/travis/build/icyphy/ptII/ptolemy/domains/de/test/auto/Iteration.xml (RunModel)" time="0.027" />
  <testcase classname="ptolemy.util.test.junit.AutoTests" name="[31] /home/travis/build/icyphy/ptII/ptolemy/domains/de/test/auto/LineFault.xml (RunModel)" time="0.638" />
  <testcase classname="ptolemy.util.test.junit.AutoTests" name="[32] /home/travis/build/icyphy/ptII/ptolemy/domains/de/test/auto/MergeModel1Add.xml (RunModel)" time="0.057" />
  <testcase classname="ptolemy.util.test.junit.AutoTests" name="[33] /home/travis/build/icyphy/ptII/ptolemy/domains/de/test/auto/MergeModel2Add.xml (RunModel)" time="0.041" />
  <testcase classname="ptolemy.util.test.junit.AutoTests" name="[34] /home/travis/build/icyphy/ptII/ptolemy/domains/de/test/auto/MergeModel3Add.xml (RunModel)" time="0.051" />
  <testcase classname="ptolemy.util.test.junit.AutoTests" name="[35] /home/travis/build/icyphy/ptII/ptolemy/domains/de/test/auto/MergeWithoutDiscard.xml (RunModel)" time="0.016" />
  <testcase classname="ptolemy.util.test.junit.AutoTests" name="[36] /home/travis/build/icyphy/ptII/ptolemy/domains/de/test/auto/Modal1.xml (RunModel)" time="0.029" />
  <testcase classname="ptolemy.util.test.junit.AutoTests" name="[37] /home/travis/build/icyphy/ptII/ptolemy/domains/de/test/auto/Modal2.xml (RunModel)" time="0.036" />
  <testcase classname="ptolemy.util.test.junit.AutoTests" name="[38] /home/travis/build/icyphy/ptII/ptolemy/domains/de/test/auto/Modal3.xml (RunModel)" time="0.038" />
  <testcase classname="ptolemy.util.test.junit.AutoTests" name="[39] /home/travis/build/icyphy/ptII/ptolemy/domains/de/test/auto/Modal4.xml (RunModel)" time="0.033" />
  <testcase classname="ptolemy.util.test.junit.AutoTests" name="[40] /home/travis/build/icyphy/ptII/ptolemy/domains/de/test/auto/Modal5.xml (RunModel)" time="0.039" />
  <testcase classname="ptolemy.util.test.junit.AutoTests" name="[41] /home/travis/build/icyphy/ptII/ptolemy/domains/de/test/auto/Modal6.xml (RunModel)" time="0.037" />
  <testcase classname="ptolemy.util.test.junit.AutoTests" name="[42] /home/travis/build/icyphy/ptII/ptolemy/domains/de/test/auto/Modal7.xml (RunModel)" time="0.038" />
  <testcase classname="ptolemy.util.test.junit.AutoTests" name="[43] /home/travis/build/icyphy/ptII/ptolemy/domains/de/test/auto/ModalModel.xml (RunModel)" time="0.242" />
  <testcase classname="ptolemy.util.test.junit.AutoTests" name="[44] /home/travis/build/icyphy/ptII/ptolemy/domains/de/test/auto/ModalSource.xml (RunModel)" time="0.02" />
  <testcase classname="ptolemy.util.test.junit.AutoTests" name="[45] /home/travis/build/icyphy/ptII/ptolemy/domains/de/test/auto/NonInterruptibleTimerZeroDelay.xml (RunModel)" time="0.01" />
  <testcase classname="ptolemy.util.test.junit.AutoTests" name="[46] /home/travis/build/icyphy/ptII/ptolemy/domains/de/test/auto/OpenQueueingNetwork.xml (RunModel)" time="2.425" />
  <testcase classname="ptolemy.util.test.junit.AutoTests" name="[47] /home/travis/build/icyphy/ptII/ptolemy/domains/de/test/auto/OpenQueuingNetwork.xml (RunModel)" time="0.265" />
  <testcase classname="ptolemy.util.test.junit.AutoTests" name="[48] /home/travis/build/icyphy/ptII/ptolemy/domains/de/test/auto/PeriodicSampler.xml (RunModel)" time="0.011" />
  <testcase classname="ptolemy.util.test.junit.AutoTests" name="[49] /home/travis/build/icyphy/ptII/ptolemy/domains/de/test/auto/PersistentIO.xml (RunModel)" time="0.029" />
  <testcase classname="ptolemy.util.test.junit.AutoTests" name="[50] /home/travis/build/icyphy/ptII/ptolemy/domains/de/test/auto/PortParameterResetOnInitialize.xml (RunModel)" time="0.025" />
  <testcase classname="ptolemy.util.test.junit.AutoTests" name="[51] /home/travis/build/icyphy/ptII/ptolemy/domains/de/test/auto/PortParameterUpdates.xml (RunModel)" time="0.019" />
  <testcase classname="ptolemy.util.test.junit.AutoTests" name="[52] /home/travis/build/icyphy/ptII/ptolemy/domains/de/test/auto/QueueAndServer.xml (RunModel)" time="0.023" />
  <testcase classname="ptolemy.util.test.junit.AutoTests" name="[53] /home/travis/build/icyphy/ptII/ptolemy/domains/de/test/auto/Records.xml (RunModel)" time="0.02" />
  <testcase classname="ptolemy.util.test.junit.AutoTests" name="[54] /home/travis/build/icyphy/ptII/ptolemy/domains/de/test/auto/ResetTransitionWithStartTime1.xml (RunModel)" time="0.018" />
  <testcase classname="ptolemy.util.test.junit.AutoTests" name="[55] /home/travis/build/icyphy/ptII/ptolemy/domains/de/test/auto/ResetTransitionWithStartTime2.xml (RunModel)" time="0.029" />
  <testcase classname="ptolemy.util.test.junit.AutoTests" name="[56] /home/travis/build/icyphy/ptII/ptolemy/domains/de/test/auto/ResetTransitionWithStartTime3.xml (RunModel)" time="0.021" />
  <testcase classname="ptolemy.util.test.junit.AutoTests" name="[57] /home/travis/build/icyphy/ptII/ptolemy/domains/de/test/auto/ResetTransitionWithStartTime4.xml (RunModel)" time="0.019" />
  <testcase classname="ptolemy.util.test.junit.AutoTests" name="[58] /home/travis/build/icyphy/ptII/ptolemy/domains/de/test/auto/ResettableTimer1.xml (RunModel)" time="0.015" />
  <testcase classname="ptolemy.util.test.junit.AutoTests" name="[59] /home/travis/build/icyphy/ptII/ptolemy/domains/de/test/auto/ResettableTimer2.xml (RunModel)" time="0.01" />
  <testcase classname="ptolemy.util.test.junit.AutoTests" name="[60] /home/travis/build/icyphy/ptII/ptolemy/domains/de/test/auto/ResettableTimer3.xml (RunModel)" time="0.008" />
  <testcase classname="ptolemy.util.test.junit.AutoTests" name="[61] /home/travis/build/icyphy/ptII/ptolemy/domains/de/test/auto/ResettableTimer4.xml (RunModel)" time="0.01" />
  <testcase classname="ptolemy.util.test.junit.AutoTests" name="[62] /home/travis/build/icyphy/ptII/ptolemy/domains/de/test/auto/ResettableTimer5.xml (RunModel)" time="0.014" />
  <testcase classname="ptolemy.util.test.junit.AutoTests" name="[63] /home/travis/build/icyphy/ptII/ptolemy/domains/de/test/auto/ResettableTimer6.xml (RunModel)" time="0.019" />
  <testcase classname="ptolemy.util.test.junit.AutoTests" name="[64] /home/travis/build/icyphy/ptII/ptolemy/domains/de/test/auto/ServerZeroDelay.xml (RunModel)" time="0.011" />
  <testcase classname="ptolemy.util.test.junit.AutoTests" name="[65] /home/travis/build/icyphy/ptII/ptolemy/domains/de/test/auto/SmartSender.xml (RunModel)" time="3.008" />
  <testcase classname="ptolemy.util.test.junit.AutoTests" name="[66] /home/travis/build/icyphy/ptII/ptolemy/domains/de/test/auto/ThreadedComposite.xml (RunModel)" time="0.183" />
  <testcase classname="ptolemy.util.test.junit.AutoTests" name="[67] /home/travis/build/icyphy/ptII/ptolemy/domains/de/test/auto/Time.xml (RunModel)" time="0.457" />
  <testcase classname="ptolemy.util.test.junit.AutoTests" name="[68] /home/travis/build/icyphy/ptII/ptolemy/domains/de/test/auto/TimeDelayZeroDelay.xml (RunModel)" time="0.013" />
  <testcase classname="ptolemy.util.test.junit.AutoTests" name="[69] /home/travis/build/icyphy/ptII/ptolemy/domains/de/test/auto/TimerZeroDelay.xml (RunModel)" time="0.013" />
  <testcase classname="ptolemy.util.test.junit.AutoTests" name="[70] /home/travis/build/icyphy/ptII/ptolemy/domains/de/test/auto/TimingParadox.xml (RunModel)" time="0.419" />
  <testcase classname="ptolemy.util.test.junit.AutoTests" name="[71] /home/travis/build/icyphy/ptII/ptolemy/domains/de/test/auto/TransferInputs.xml (RunModel)" time="0.017" />
  <testcase classname="ptolemy.util.test.junit.AutoTests" name="[72] /home/travis/build/icyphy/ptII/ptolemy/domains/de/test/auto/TransferOutputs2.xml (RunModel)" time="0.018" />
  <testcase classname="ptolemy.util.test.junit.AutoTests" name="[73] /home/travis/build/icyphy/ptII/ptolemy/domains/de/test/auto/Trilateration.xml (RunModel)" time="12.605" />
  <testcase classname="ptolemy.util.test.junit.AutoTests" name="[74] /home/travis/build/icyphy/ptII/ptolemy/domains/de/test/auto/TwoSigmaDelta.xml (RunModel)" time="2.195" />
  <testcase classname="ptolemy.util.test.junit.AutoTests" name="[75] /home/travis/build/icyphy/ptII/ptolemy/domains/de/test/auto/VariableDelay.xml (RunModel)" time="0.01" />
  <testcase classname="ptolemy.util.test.junit.AutoTests" name="[76] /home/travis/build/icyphy/ptII/ptolemy/domains/de/test/auto/VariableDelay2.xml (RunModel)" time="0.01" />
  <testcase classname="ptolemy.util.test.junit.AutoTests" name="[77] /home/travis/build/icyphy/ptII/ptolemy/domains/de/test/auto/VariableDelayZeroDelay.xml (RunModel)" time="0.019" />
  <testcase classname="ptolemy.util.test.junit.AutoTests" name="[78] /home/travis/build/icyphy/ptII/ptolemy/domains/de/test/auto/VariableDelayZeroDelay2.xml (RunModel)" time="0.013" />
  <testcase classname="ptolemy.util.test.junit.AutoTests" name="[79] /home/travis/build/icyphy/ptII/ptolemy/domains/de/test/auto/deInCt.xml (RunModel)" time="0.016" />
  <testcase classname="ptolemy.util.test.junit.AutoTests" name="[80] /home/travis/build/icyphy/ptII/ptolemy/domains/de/test/auto/deInCt2.xml (RunModel)" time="0.014" />
  <testcase classname="ptolemy.util.test.junit.AutoTests" name="[81] /home/travis/build/icyphy/ptII/ptolemy/domains/de/test/auto/dynamicCausalityInterface1.xml (RunModel)" time="0.013" />
  <testcase classname="ptolemy.util.test.junit.AutoTests" name="[82] /home/travis/build/icyphy/ptII/ptolemy/domains/de/test/auto/fsm_de_test.xml (RunModel)" time="0.025" />
  <testcase classname="ptolemy.util.test.junit.AutoTests" name="[83] /home/travis/build/icyphy/ptII/ptolemy/domains/de/test/auto/functionDependencyReconstruction.xml (RunModel)" time="0.043" />
  <testcase classname="ptolemy.util.test.junit.AutoTests" name="[84] /home/travis/build/icyphy/ptII/ptolemy/domains/de/test/auto/multirate.xml (RunModel)" time="0.031" />
  <testcase classname="ptolemy.util.test.junit.AutoTests" name="[85] /home/travis/build/icyphy/ptII/ptolemy/domains/de/test/auto/multirate2.xml (RunModel)" time="0.019" />
  <testcase classname="ptolemy.util.test.junit.AutoTests" name="[86] /home/travis/build/icyphy/ptII/ptolemy/domains/de/test/auto/realtime.xml (RunModel)" time="10.013" />
  <testcase classname="ptolemy.util.test.junit.AutoTests" name="[87] /home/travis/build/icyphy/ptII/ptolemy/domains/de/test/auto/relationGroup.xml (RunModel)" time="0.009" />
  <testcase classname="ptolemy.util.test.junit.AutoTests" name="[88] /home/travis/build/icyphy/ptII/ptolemy/domains/de/test/auto/relationGroup2.xml (RunModel)" time="0.016" />
  <testcase classname="ptolemy.util.test.junit.AutoTests" name="[89] /home/travis/build/icyphy/ptII/ptolemy/domains/de/test/auto/sortWithOpaquePorts.xml (RunModel)" time="0.015" />
  <testcase classname="ptolemy.util.test.junit.AutoTests" name="[90] /home/travis/build/icyphy/ptII/ptolemy/domains/de/test/auto/transferInputsandOutputs.xml (RunModel)" time="0.016" />
  <testcase classname="ptolemy.util.test.junit.AutoTests" name="[91] /home/travis/build/icyphy/ptII/ptolemy/domains/de/test/auto/triggerType.xml (RunModel)" time="0.011" />
  <system-out><![CDATA[/home/travis/build/icyphy/ptII/ptolemy/domains/de/test/DependencyLoop.tcl
testDefs.tcl: setting time out to 9000 seconds at Tue Jul 30 05:11:11 UTC 2019
92 ms. Memory: 120832K Free: 72134K (60%)
24 ms. Memory: 120832K Free: 54711K (45%)
/home/travis/build/icyphy/ptII/ptolemy/domains/de/test/RunDETestsAsQSS.tcl
Run the DE tests using ptolemy.domains.qss.test.QSSDirectorTest, which extends QSSDirector and prints a message in the constructors.
------------------ testing $PTII/ptolemy/domains/de/test/auto/knownFailedTests/DirectFeedback.xml (Known Failure) 
36 ms. Memory: 120832K Free: 48582K (40%)


==== $PTIIhome/travis/build/icyphy/ptII/ptolemy/domains/de/test/../../../../: Auto Automatic test in file $PTII/ptolemy/domains/de/test/auto/knownFailedTests/DirectFeedback.xml
==== Contents of test case:

	    # FIXME: we should use $relativeFilename here, but it
	    # might have backslashes under Windows, which causes no end
	    # of trouble.
	    createAndExecute $file
	    list {}
	
.... Test generated KNOWN error:
    while executing
ptolemy.kernel.util.IllegalActionException: Test fails in iteration 1.
Value was: 1.0. Should have been: 2.0
  in .DirectFeedback.Test
	at ptolemy.actor.lib.Test.fire(Test.java:268)
	at ptolemy.domains.de.kernel.DEDirector._fire(DEDirector.java:1949)
	at ptolemy.domains.de.kernel.DEDirector.fire(DEDirector.java:502)
	at ptolemy.actor.CompositeActor.fire(CompositeActor.java:455)
	at ptolemy.actor.Manager.iterate(Manager.java:851)
	at ptolemy.actor.Manager.execute(Manager.java:369)
	at ptolemy.actor.Manager.run(Manager.java:1263)
	at ptolemy.actor.Manager$PtolemyRunThread.run(Manager.java:1933)

    while executing
ptolemy.kernel.util.IllegalActionException: Test fails in iteration 1.
Value was: 1.0. Should have been: 2.0
  in .DirectFeedback.Test
    while executing
"java::new ptolemy.moml.MoMLSimpleApplication $file
"
    (procedure "createAndExecute" line 2)
    invoked from within
"createAndExecute $file"
    ("uplevel" body line 5)
    invoked from within
"uplevel $contents_of_test"
------------------ testing $PTII/ptolemy/domains/de/test/auto/knownFailedTests/dependencyLoop.xml (Known Failure) 
29 ms. Memory: 120832K Free: 108382K (90%)


==== $PTIIhome/travis/build/icyphy/ptII/ptolemy/domains/de/test/../../../../: Auto Automatic test in file $PTII/ptolemy/domains/de/test/auto/knownFailedTests/dependencyLoop.xml
==== Contents of test case:

	    # FIXME: we should use $relativeFilename here, but it
	    # might have backslashes under Windows, which causes no end
	    # of trouble.
	    createAndExecute $file
	    list {}
	
.... Test generated KNOWN error:
    while executing
ptolemy.kernel.util.IllegalActionException: Found a zero delay loop containing .dependencyLoop.original
  in .dependencyLoop and .dependencyLoop.original
	at ptolemy.actor.util.CausalityInterfaceForComposites._computeOutputPortDepth(CausalityInterfaceForComposites.java:759)
	at ptolemy.actor.util.CausalityInterfaceForComposites._computeInputDepth(CausalityInterfaceForComposites.java:696)
	at ptolemy.actor.util.CausalityInterfaceForComposites._computeOutputPortDepth(CausalityInterfaceForComposites.java:765)
	at ptolemy.actor.util.CausalityInterfaceForComposites._computeInputDepth(CausalityInterfaceForComposites.java:696)
	at ptolemy.actor.util.CausalityInterfaceForComposites._computeOutputPortDepth(CausalityInterfaceForComposites.java:765)
	at ptolemy.actor.util.CausalityInterfaceForComposites._computeInputDepth(CausalityInterfaceForComposites.java:696)
	at ptolemy.actor.util.CausalityInterfaceForComposites._computeActorDepth(CausalityInterfaceForComposites.java:532)
	at ptolemy.actor.util.CausalityInterfaceForComposites.checkForCycles(CausalityInterfaceForComposites.java:96)
	at ptolemy.domains.de.kernel.DEDirector.preinitialize(DEDirector.java:1338)
	at ptolemy.actor.CompositeActor.preinitialize(CompositeActor.java:1828)
	at ptolemy.actor.Manager.preinitializeAndResolveTypes(Manager.java:1040)
	at ptolemy.actor.Manager.initialize(Manager.java:710)
	at ptolemy.actor.Manager.execute(Manager.java:356)
	at ptolemy.actor.Manager.run(Manager.java:1263)
	at ptolemy.actor.Manager$PtolemyRunThread.run(Manager.java:1933)

    while executing
ptolemy.kernel.util.IllegalActionException: Found a zero delay loop containing .dependencyLoop.original
  in .dependencyLoop and .dependencyLoop.original
    while executing
"java::new ptolemy.moml.MoMLSimpleApplication $file
"
    (procedure "createAndExecute" line 2)
    invoked from within
"createAndExecute $file"
    ("uplevel" body line 5)
    invoked from within
"uplevel $contents_of_test"
------------------ testing $PTII/ptolemy/domains/de/test/auto/knownFailedTests/FSMSource.xml (Known Failure) 
77 ms. Memory: 120832K Free: 99227K (82%)
!!!! Auto was marked as failing, but now passes
------------------ testing $PTII/ptolemy/domains/de/test/auto/knownFailedTests/HierarchicalModel.xml (Known Failure) 
14 ms. Memory: 120832K Free: 81812K (68%)


==== $PTIIhome/travis/build/icyphy/ptII/ptolemy/domains/de/test/../../../../: Auto Automatic test in file $PTII/ptolemy/domains/de/test/auto/knownFailedTests/HierarchicalModel.xml
==== Contents of test case:

	    # FIXME: we should use $relativeFilename here, but it
	    # might have backslashes under Windows, which causes no end
	    # of trouble.
	    createAndExecute $file
	    list {}
	
.... Test generated KNOWN error:
    while executing
ptolemy.kernel.util.IllegalActionException: Found a zero delay loop containing .HierarchicalModel.A
  in .HierarchicalModel and .HierarchicalModel.A
	at ptolemy.actor.util.CausalityInterfaceForComposites._computeOutputPortDepth(CausalityInterfaceForComposites.java:759)
	at ptolemy.actor.util.CausalityInterfaceForComposites._computeInputDepth(CausalityInterfaceForComposites.java:696)
	at ptolemy.actor.util.CausalityInterfaceForComposites._computeOutputPortDepth(CausalityInterfaceForComposites.java:765)
	at ptolemy.actor.util.CausalityInterfaceForComposites._computeInputDepth(CausalityInterfaceForComposites.java:696)
	at ptolemy.actor.util.CausalityInterfaceForComposites._computeOutputPortDepth(CausalityInterfaceForComposites.java:765)
	at ptolemy.actor.util.CausalityInterfaceForComposites._computeInputDepth(CausalityInterfaceForComposites.java:696)
	at ptolemy.actor.util.CausalityInterfaceForComposites._computeActorDepth(CausalityInterfaceForComposites.java:532)
	at ptolemy.actor.util.CausalityInterfaceForComposites.checkForCycles(CausalityInterfaceForComposites.java:96)
	at ptolemy.domains.de.kernel.DEDirector.preinitialize(DEDirector.java:1338)
	at ptolemy.actor.CompositeActor.preinitialize(CompositeActor.java:1828)
	at ptolemy.actor.Manager.preinitializeAndResolveTypes(Manager.java:1040)
	at ptolemy.actor.Manager.initialize(Manager.java:710)
	at ptolemy.actor.Manager.execute(Manager.java:356)
	at ptolemy.actor.Manager.run(Manager.java:1263)
	at ptolemy.actor.Manager$PtolemyRunThread.run(Manager.java:1933)

    while executing
ptolemy.kernel.util.IllegalActionException: Found a zero delay loop containing .HierarchicalModel.A
  in .HierarchicalModel and .HierarchicalModel.A
    while executing
"java::new ptolemy.moml.MoMLSimpleApplication $file
"
    (procedure "createAndExecute" line 2)
    invoked from within
"createAndExecute $file"
    ("uplevel" body line 5)
    invoked from within
"uplevel $contents_of_test"
------------------ testing $PTII/ptolemy/domains/de/test/auto/knownFailedTests/dependencyLoop2.xml (Known Failure) 
25 ms. Memory: 120832K Free: 106912K (88%)


==== $PTIIhome/travis/build/icyphy/ptII/ptolemy/domains/de/test/../../../../: Auto Automatic test in file $PTII/ptolemy/domains/de/test/auto/knownFailedTests/dependencyLoop2.xml
==== Contents of test case:

	    # FIXME: we should use $relativeFilename here, but it
	    # might have backslashes under Windows, which causes no end
	    # of trouble.
	    createAndExecute $file
	    list {}
	
.... Test generated KNOWN error:
    while executing
ptolemy.kernel.util.IllegalActionException: Found a zero delay loop containing .dependencyLoop2.original
  in .dependencyLoop2 and .dependencyLoop2.original
	at ptolemy.actor.util.CausalityInterfaceForComposites._computeOutputPortDepth(CausalityInterfaceForComposites.java:759)
	at ptolemy.actor.util.CausalityInterfaceForComposites._computeInputDepth(CausalityInterfaceForComposites.java:696)
	at ptolemy.actor.util.CausalityInterfaceForComposites._computeOutputPortDepth(CausalityInterfaceForComposites.java:765)
	at ptolemy.actor.util.CausalityInterfaceForComposites._computeInputDepth(CausalityInterfaceForComposites.java:696)
	at ptolemy.actor.util.CausalityInterfaceForComposites._computeOutputPortDepth(CausalityInterfaceForComposites.java:765)
	at ptolemy.actor.util.CausalityInterfaceForComposites._computeInputDepth(CausalityInterfaceForComposites.java:696)
	at ptolemy.actor.util.CausalityInterfaceForComposites._computeActorDepth(CausalityInterfaceForComposites.java:532)
	at ptolemy.actor.util.CausalityInterfaceForComposites.checkForCycles(CausalityInterfaceForComposites.java:96)
	at ptolemy.domains.de.kernel.DEDirector.preinitialize(DEDirector.java:1338)
	at ptolemy.actor.CompositeActor.preinitialize(CompositeActor.java:1828)
	at ptolemy.actor.Manager.preinitializeAndResolveTypes(Manager.java:1040)
	at ptolemy.actor.Manager.initialize(Manager.java:710)
	at ptolemy.actor.Manager.execute(Manager.java:356)
	at ptolemy.actor.Manager.run(Manager.java:1263)
	at ptolemy.actor.Manager$PtolemyRunThread.run(Manager.java:1933)

    while executing
ptolemy.kernel.util.IllegalActionException: Found a zero delay loop containing .dependencyLoop2.original
  in .dependencyLoop2 and .dependencyLoop2.original
    while executing
"java::new ptolemy.moml.MoMLSimpleApplication $file
"
    (procedure "createAndExecute" line 2)
    invoked from within
"createAndExecute $file"
    ("uplevel" body line 5)
    invoked from within
"uplevel $contents_of_test"
------------------ testing $PTII/ptolemy/domains/de/test/auto/knownFailedTests/DESDFClockTest.xml (Known Failure) 
2056 ms. Memory: 120832K Free: 93302K (77%)


==== $PTIIhome/travis/build/icyphy/ptII/ptolemy/domains/de/test/../../../../: Auto Automatic test in file $PTII/ptolemy/domains/de/test/auto/knownFailedTests/DESDFClockTest.xml
==== Contents of test case:

	    # FIXME: we should use $relativeFilename here, but it
	    # might have backslashes under Windows, which causes no end
	    # of trouble.
	    createAndExecute $file
	    list {}
	
.... Test generated KNOWN error:
    while executing
ptolemy.kernel.util.IllegalActionException: Actor is not ready to fire.  Perhaps UpSample.prefire() returned false? Try debugging the actor by selecting "Listen to Actor".  Also, for SDF check moml for tokenConsumptionRate on input.
  in .DESDFClockTest.Play Bell.Copy1:SDF Director and .DESDFClockTest.Play Bell.UpSample
	at ptolemy.actor.sched.StaticSchedulingDirector.fire(StaticSchedulingDirector.java:227)
	at ptolemy.domains.sdf.kernel.SDFDirector.fire(SDFDirector.java:500)
	at ptolemy.actor.CompositeActor.fire(CompositeActor.java:455)
	at ptolemy.domains.de.kernel.DEDirector._fire(DEDirector.java:1949)
	at ptolemy.domains.de.kernel.DEDirector.fire(DEDirector.java:502)
	at ptolemy.actor.CompositeActor.fire(CompositeActor.java:455)
	at ptolemy.actor.Manager.iterate(Manager.java:851)
	at ptolemy.actor.Manager.execute(Manager.java:369)
	at ptolemy.actor.Manager.run(Manager.java:1263)
	at ptolemy.actor.Manager$PtolemyRunThread.run(Manager.java:1933)

    while executing
ptolemy.kernel.util.IllegalActionException: Actor is not ready to fire.  Perhaps UpSample.prefire() returned false? Try debugging the actor by selecting "Listen to Actor".  Also, for SDF check moml for tokenConsumptionRate on input.
  in .DESDFClockTest.Play Bell.Copy1:SDF Director and .DESDFClockTest.Play Bell.UpSample
    while executing
"java::new ptolemy.moml.MoMLSimpleApplication $file
"
    (procedure "createAndExecute" line 2)
    invoked from within
"createAndExecute $file"
    ("uplevel" body line 5)
    invoked from within
"uplevel $contents_of_test"
------------------ testing $PTII/ptolemy/domains/de/test/auto/ActorDepthCalculation_actorWithoutPorts.xml
auto.tcl: Setting watchdog for 200 seconds at Tue Jul 30 05:11:15 UTC 2019
10 ms. Memory: 120832K Free: 86486K (72%)
ptolemy.util.test.WatchDog.cancel(): canceling Tue Jul 30 05:11:15 UTC 2019
auto.tcl: Setting watchdog for 200 seconds at Tue Jul 30 05:11:15 UTC 2019
8 ms. Memory: 120832K Free: 84839K (70%)
ptolemy.util.test.WatchDog.cancel(): canceling Tue Jul 30 05:11:15 UTC 2019
------------------ testing $PTII/ptolemy/domains/de/test/auto/AssemblyLine.xml
auto.tcl: Setting watchdog for 200 seconds at Tue Jul 30 05:11:15 UTC 2019
41 ms. Memory: 48128K Free: 25786K (54%)
ptolemy.util.test.WatchDog.cancel(): canceling Tue Jul 30 05:11:15 UTC 2019
auto.tcl: Setting watchdog for 200 seconds at Tue Jul 30 05:11:15 UTC 2019
9 ms. Memory: 48128K Free: 25301K (53%)
ptolemy.util.test.WatchDog.cancel(): canceling Tue Jul 30 05:11:16 UTC 2019
------------------ testing $PTII/ptolemy/domains/de/test/auto/CQBug1.xml
auto.tcl: Setting watchdog for 200 seconds at Tue Jul 30 05:11:16 UTC 2019
3 ms. Memory: 48128K Free: 31490K (65%)
ptolemy.util.test.WatchDog.cancel(): canceling Tue Jul 30 05:11:16 UTC 2019
auto.tcl: Setting watchdog for 200 seconds at Tue Jul 30 05:11:16 UTC 2019
2 ms. Memory: 48128K Free: 31060K (65%)
ptolemy.util.test.WatchDog.cancel(): canceling Tue Jul 30 05:11:16 UTC 2019
------------------ testing $PTII/ptolemy/domains/de/test/auto/CancelFireAt.xml
auto.tcl: Setting watchdog for 200 seconds at Tue Jul 30 05:11:16 UTC 2019
11 ms. Memory: 45056K Free: 29695K (66%)
ptolemy.util.test.WatchDog.cancel(): canceling Tue Jul 30 05:11:16 UTC 2019
auto.tcl: Setting watchdog for 200 seconds at Tue Jul 30 05:11:16 UTC 2019
2 ms. Memory: 45056K Free: 29251K (65%)
ptolemy.util.test.WatchDog.cancel(): canceling Tue Jul 30 05:11:16 UTC 2019
------------------ testing $PTII/ptolemy/domains/de/test/auto/CausalityAndComposabilityAnalysis.xml
auto.tcl: Setting watchdog for 200 seconds at Tue Jul 30 05:11:16 UTC 2019
11 ms. Memory: 45056K Free: 27929K (62%)
ptolemy.util.test.WatchDog.cancel(): canceling Tue Jul 30 05:11:16 UTC 2019
auto.tcl: Setting watchdog for 200 seconds at Tue Jul 30 05:11:16 UTC 2019
6 ms. Memory: 45056K Free: 27102K (60%)
ptolemy.util.test.WatchDog.cancel(): canceling Tue Jul 30 05:11:16 UTC 2019
------------------ testing $PTII/ptolemy/domains/de/test/auto/CausalityInterface1.xml
auto.tcl: Setting watchdog for 200 seconds at Tue Jul 30 05:11:16 UTC 2019
35 ms. Memory: 45056K Free: 26370K (59%)
ptolemy.util.test.WatchDog.cancel(): canceling Tue Jul 30 05:11:16 UTC 2019
auto.tcl: Setting watchdog for 200 seconds at Tue Jul 30 05:11:16 UTC 2019
5 ms. Memory: 45056K Free: 25376K (56%)
ptolemy.util.test.WatchDog.cancel(): canceling Tue Jul 30 05:11:16 UTC 2019
------------------ testing $PTII/ptolemy/domains/de/test/auto/CausalityInterface15.xml
auto.tcl: Setting watchdog for 200 seconds at Tue Jul 30 05:11:16 UTC 2019
15 ms. Memory: 45056K Free: 25959K (58%)
ptolemy.util.test.WatchDog.cancel(): canceling Tue Jul 30 05:11:16 UTC 2019
auto.tcl: Setting watchdog for 200 seconds at Tue Jul 30 05:11:16 UTC 2019
5 ms. Memory: 45056K Free: 25342K (56%)
ptolemy.util.test.WatchDog.cancel(): canceling Tue Jul 30 05:11:16 UTC 2019
------------------ testing $PTII/ptolemy/domains/de/test/auto/CausalityInterface2.xml
auto.tcl: Setting watchdog for 200 seconds at Tue Jul 30 05:11:16 UTC 2019
11 ms. Memory: 45056K Free: 27095K (60%)
ptolemy.util.test.WatchDog.cancel(): canceling Tue Jul 30 05:11:16 UTC 2019
auto.tcl: Setting watchdog for 200 seconds at Tue Jul 30 05:11:16 UTC 2019
4 ms. Memory: 45056K Free: 26328K (58%)
ptolemy.util.test.WatchDog.cancel(): canceling Tue Jul 30 05:11:16 UTC 2019
------------------ testing $PTII/ptolemy/domains/de/test/auto/CausalityInterface3.xml
auto.tcl: Setting watchdog for 200 seconds at Tue Jul 30 05:11:16 UTC 2019
3 ms. Memory: 45056K Free: 26564K (59%)
ptolemy.util.test.WatchDog.cancel(): canceling Tue Jul 30 05:11:16 UTC 2019
auto.tcl: Setting watchdog for 200 seconds at Tue Jul 30 05:11:16 UTC 2019
4 ms. Memory: 45056K Free: 25767K (57%)
ptolemy.util.test.WatchDog.cancel(): canceling Tue Jul 30 05:11:16 UTC 2019
------------------ testing $PTII/ptolemy/domains/de/test/auto/ClockDrift.xml
auto.tcl: Setting watchdog for 200 seconds at Tue Jul 30 05:11:16 UTC 2019
104 ms. Memory: 45056K Free: 19152K (43%)
ptolemy.util.test.WatchDog.cancel(): canceling Tue Jul 30 05:11:17 UTC 2019
auto.tcl: Setting watchdog for 200 seconds at Tue Jul 30 05:11:17 UTC 2019
71 ms. Memory: 45056K Free: 16136K (36%)
ptolemy.util.test.WatchDog.cancel(): canceling Tue Jul 30 05:11:17 UTC 2019
------------------ testing $PTII/ptolemy/domains/de/test/auto/ClockDriftAndValueChange.xml
auto.tcl: Setting watchdog for 200 seconds at Tue Jul 30 05:11:17 UTC 2019
41 ms. Memory: 45056K Free: 19223K (43%)
ptolemy.util.test.WatchDog.cancel(): canceling Tue Jul 30 05:11:17 UTC 2019
auto.tcl: Setting watchdog for 200 seconds at Tue Jul 30 05:11:17 UTC 2019
24 ms. Memory: 45056K Free: 16379K (36%)
ptolemy.util.test.WatchDog.cancel(): canceling Tue Jul 30 05:11:17 UTC 2019
------------------ testing $PTII/ptolemy/domains/de/test/auto/ClockDriftChange.xml
auto.tcl: Setting watchdog for 200 seconds at Tue Jul 30 05:11:17 UTC 2019
23 ms. Memory: 45056K Free: 21033K (47%)
ptolemy.util.test.WatchDog.cancel(): canceling Tue Jul 30 05:11:17 UTC 2019
auto.tcl: Setting watchdog for 200 seconds at Tue Jul 30 05:11:17 UTC 2019
24 ms. Memory: 45056K Free: 18179K (40%)
ptolemy.util.test.WatchDog.cancel(): canceling Tue Jul 30 05:11:17 UTC 2019
------------------ testing $PTII/ptolemy/domains/de/test/auto/ComposableCausalityAnalysis.xml
auto.tcl: Setting watchdog for 200 seconds at Tue Jul 30 05:11:17 UTC 2019
14 ms. Memory: 45056K Free: 25634K (57%)
ptolemy.util.test.WatchDog.cancel(): canceling Tue Jul 30 05:11:17 UTC 2019
auto.tcl: Setting watchdog for 200 seconds at Tue Jul 30 05:11:17 UTC 2019
2 ms. Memory: 45056K Free: 24602K (55%)
ptolemy.util.test.WatchDog.cancel(): canceling Tue Jul 30 05:11:17 UTC 2019
------------------ testing $PTII/ptolemy/domains/de/test/auto/DEFixedPointLimitation.xml
auto.tcl: Setting watchdog for 200 seconds at Tue Jul 30 05:11:17 UTC 2019
3 ms. Memory: 45056K Free: 26975K (60%)
ptolemy.util.test.WatchDog.cancel(): canceling Tue Jul 30 05:11:17 UTC 2019
auto.tcl: Setting watchdog for 200 seconds at Tue Jul 30 05:11:17 UTC 2019
1 ms. Memory: 45056K Free: 26108K (58%)
ptolemy.util.test.WatchDog.cancel(): canceling Tue Jul 30 05:11:17 UTC 2019
------------------ testing $PTII/ptolemy/domains/de/test/auto/DEScheduleTest.xml
auto.tcl: Setting watchdog for 200 seconds at Tue Jul 30 05:11:17 UTC 2019
5 ms. Memory: 45056K Free: 27314K (61%)
ptolemy.util.test.WatchDog.cancel(): canceling Tue Jul 30 05:11:17 UTC 2019
auto.tcl: Setting watchdog for 200 seconds at Tue Jul 30 05:11:17 UTC 2019
3 ms. Memory: 45056K Free: 26575K (59%)
ptolemy.util.test.WatchDog.cancel(): canceling Tue Jul 30 05:11:17 UTC 2019
------------------ testing $PTII/ptolemy/domains/de/test/auto/DEinDEwithStartTimes.xml
auto.tcl: Setting watchdog for 200 seconds at Tue Jul 30 05:11:17 UTC 2019
5 ms. Memory: 45056K Free: 25499K (57%)
ptolemy.util.test.WatchDog.cancel(): canceling Tue Jul 30 05:11:17 UTC 2019
auto.tcl: Setting watchdog for 200 seconds at Tue Jul 30 05:11:17 UTC 2019
5 ms. Memory: 45056K Free: 24076K (53%)
ptolemy.util.test.WatchDog.cancel(): canceling Tue Jul 30 05:11:17 UTC 2019
------------------ testing $PTII/ptolemy/domains/de/test/auto/DEinDEwithStartTimes2.xml
auto.tcl: Setting watchdog for 200 seconds at Tue Jul 30 05:11:17 UTC 2019
7 ms. Memory: 45056K Free: 24735K (55%)
ptolemy.util.test.WatchDog.cancel(): canceling Tue Jul 30 05:11:17 UTC 2019
auto.tcl: Setting watchdog for 200 seconds at Tue Jul 30 05:11:17 UTC 2019
5 ms. Memory: 45056K Free: 23379K (52%)
ptolemy.util.test.WatchDog.cancel(): canceling Tue Jul 30 05:11:17 UTC 2019
------------------ testing $PTII/ptolemy/domains/de/test/auto/DateDemo.xml
auto.tcl: Setting watchdog for 200 seconds at Tue Jul 30 05:11:17 UTC 2019
17 ms. Memory: 45056K Free: 19030K (42%)
ptolemy.util.test.WatchDog.cancel(): canceling Tue Jul 30 05:11:18 UTC 2019
auto.tcl: Setting watchdog for 200 seconds at Tue Jul 30 05:11:18 UTC 2019
9 ms. Memory: 45056K Free: 17507K (39%)
ptolemy.util.test.WatchDog.cancel(): canceling Tue Jul 30 05:11:18 UTC 2019
------------------ testing $PTII/ptolemy/domains/de/test/auto/DateToEvent.xml
auto.tcl: Setting watchdog for 200 seconds at Tue Jul 30 05:11:18 UTC 2019
2016 ms. Memory: 45056K Free: 14510K (32%)
ptolemy.util.test.WatchDog.cancel(): canceling Tue Jul 30 05:11:20 UTC 2019
auto.tcl: Setting watchdog for 200 seconds at Tue Jul 30 05:11:20 UTC 2019
2005 ms. Memory: 45056K Free: 14140K (31%)
ptolemy.util.test.WatchDog.cancel(): canceling Tue Jul 30 05:11:22 UTC 2019
------------------ testing $PTII/ptolemy/domains/de/test/auto/DepthTest1.xml
auto.tcl: Setting watchdog for 200 seconds at Tue Jul 30 05:11:22 UTC 2019
3 ms. Memory: 45056K Free: 28230K (63%)
ptolemy.util.test.WatchDog.cancel(): canceling Tue Jul 30 05:11:22 UTC 2019
auto.tcl: Setting watchdog for 200 seconds at Tue Jul 30 05:11:22 UTC 2019
2 ms. Memory: 45056K Free: 27723K (62%)
ptolemy.util.test.WatchDog.cancel(): canceling Tue Jul 30 05:11:22 UTC 2019
------------------ testing $PTII/ptolemy/domains/de/test/auto/DepthTest2.xml
auto.tcl: Setting watchdog for 200 seconds at Tue Jul 30 05:11:22 UTC 2019
4 ms. Memory: 45056K Free: 24950K (55%)
ptolemy.util.test.WatchDog.cancel(): canceling Tue Jul 30 05:11:22 UTC 2019
auto.tcl: Setting watchdog for 200 seconds at Tue Jul 30 05:11:22 UTC 2019
2 ms. Memory: 45056K Free: 24417K (54%)
ptolemy.util.test.WatchDog.cancel(): canceling Tue Jul 30 05:11:22 UTC 2019
------------------ testing $PTII/ptolemy/domains/de/test/auto/DepthTest3.xml
auto.tcl: Setting watchdog for 200 seconds at Tue Jul 30 05:11:22 UTC 2019
2 ms. Memory: 45056K Free: 28419K (63%)
ptolemy.util.test.WatchDog.cancel(): canceling Tue Jul 30 05:11:22 UTC 2019
auto.tcl: Setting watchdog for 200 seconds at Tue Jul 30 05:11:22 UTC 2019
2 ms. Memory: 45056K Free: 28036K (62%)
ptolemy.util.test.WatchDog.cancel(): canceling Tue Jul 30 05:11:22 UTC 2019
------------------ testing $PTII/ptolemy/domains/de/test/auto/DepthTest4.xml
auto.tcl: Setting watchdog for 200 seconds at Tue Jul 30 05:11:22 UTC 2019
3 ms. Memory: 45056K Free: 26775K (59%)
ptolemy.util.test.WatchDog.cancel(): canceling Tue Jul 30 05:11:22 UTC 2019
auto.tcl: Setting watchdog for 200 seconds at Tue Jul 30 05:11:22 UTC 2019
5 ms. Memory: 45056K Free: 26047K (58%)
ptolemy.util.test.WatchDog.cancel(): canceling Tue Jul 30 05:11:22 UTC 2019
------------------ testing $PTII/ptolemy/domains/de/test/auto/DepthTest5.xml
auto.tcl: Setting watchdog for 200 seconds at Tue Jul 30 05:11:22 UTC 2019
10 ms. Memory: 45056K Free: 25919K (58%)
ptolemy.util.test.WatchDog.cancel(): canceling Tue Jul 30 05:11:22 UTC 2019
auto.tcl: Setting watchdog for 200 seconds at Tue Jul 30 05:11:22 UTC 2019
4 ms. Memory: 45056K Free: 25538K (57%)
ptolemy.util.test.WatchDog.cancel(): canceling Tue Jul 30 05:11:22 UTC 2019
------------------ testing $PTII/ptolemy/domains/de/test/auto/DepthTest6.xml
auto.tcl: Setting watchdog for 200 seconds at Tue Jul 30 05:11:22 UTC 2019
4 ms. Memory: 45056K Free: 25908K (58%)
ptolemy.util.test.WatchDog.cancel(): canceling Tue Jul 30 05:11:22 UTC 2019
auto.tcl: Setting watchdog for 200 seconds at Tue Jul 30 05:11:22 UTC 2019
2 ms. Memory: 45056K Free: 25359K (56%)
ptolemy.util.test.WatchDog.cancel(): canceling Tue Jul 30 05:11:22 UTC 2019
------------------ testing $PTII/ptolemy/domains/de/test/auto/DepthTest7.xml
auto.tcl: Setting watchdog for 200 seconds at Tue Jul 30 05:11:22 UTC 2019
2 ms. Memory: 45056K Free: 26708K (59%)
ptolemy.util.test.WatchDog.cancel(): canceling Tue Jul 30 05:11:22 UTC 2019
auto.tcl: Setting watchdog for 200 seconds at Tue Jul 30 05:11:22 UTC 2019
3 ms. Memory: 45056K Free: 26013K (58%)
ptolemy.util.test.WatchDog.cancel(): canceling Tue Jul 30 05:11:22 UTC 2019
------------------ testing $PTII/ptolemy/domains/de/test/auto/EventToDate.xml
auto.tcl: Setting watchdog for 200 seconds at Tue Jul 30 05:11:22 UTC 2019
3011 ms. Memory: 45056K Free: 17491K (39%)
ptolemy.util.test.WatchDog.cancel(): canceling Tue Jul 30 05:11:25 UTC 2019
auto.tcl: Setting watchdog for 200 seconds at Tue Jul 30 05:11:25 UTC 2019
3004 ms. Memory: 45056K Free: 16818K (37%)
ptolemy.util.test.WatchDog.cancel(): canceling Tue Jul 30 05:11:28 UTC 2019
------------------ testing $PTII/ptolemy/domains/de/test/auto/FSM1.xml
auto.tcl: Setting watchdog for 200 seconds at Tue Jul 30 05:11:28 UTC 2019
34 ms. Memory: 45056K Free: 18707K (42%)
ptolemy.util.test.WatchDog.cancel(): canceling Tue Jul 30 05:11:29 UTC 2019
auto.tcl: Setting watchdog for 200 seconds at Tue Jul 30 05:11:29 UTC 2019
21 ms. Memory: 45056K Free: 15464K (34%)
ptolemy.util.test.WatchDog.cancel(): canceling Tue Jul 30 05:11:29 UTC 2019
------------------ testing $PTII/ptolemy/domains/de/test/auto/FSM7.xml
auto.tcl: Setting watchdog for 200 seconds at Tue Jul 30 05:11:29 UTC 2019
15 ms. Memory: 45056K Free: 18631K (41%)
ptolemy.util.test.WatchDog.cancel(): canceling Tue Jul 30 05:11:29 UTC 2019
auto.tcl: Setting watchdog for 200 seconds at Tue Jul 30 05:11:29 UTC 2019
16 ms. Memory: 45056K Free: 15266K (34%)
ptolemy.util.test.WatchDog.cancel(): canceling Tue Jul 30 05:11:29 UTC 2019
------------------ testing $PTII/ptolemy/domains/de/test/auto/Inspection.xml
auto.tcl: Setting watchdog for 200 seconds at Tue Jul 30 05:11:29 UTC 2019
29 ms. Memory: 45056K Free: 18465K (41%)
ptolemy.util.test.WatchDog.cancel(): canceling Tue Jul 30 05:11:29 UTC 2019
auto.tcl: Setting watchdog for 200 seconds at Tue Jul 30 05:11:29 UTC 2019
31 ms. Memory: 45056K Free: 16714K (37%)
ptolemy.util.test.WatchDog.cancel(): canceling Tue Jul 30 05:11:29 UTC 2019
------------------ testing $PTII/ptolemy/domains/de/test/auto/Iteration.xml
auto.tcl: Setting watchdog for 200 seconds at Tue Jul 30 05:11:29 UTC 2019
7 ms. Memory: 45056K Free: 24182K (54%)
ptolemy.util.test.WatchDog.cancel(): canceling Tue Jul 30 05:11:29 UTC 2019
auto.tcl: Setting watchdog for 200 seconds at Tue Jul 30 05:11:29 UTC 2019
6 ms. Memory: 45056K Free: 22767K (51%)
ptolemy.util.test.WatchDog.cancel(): canceling Tue Jul 30 05:11:29 UTC 2019
------------------ testing $PTII/ptolemy/domains/de/test/auto/LineFault.xml
auto.tcl: Setting watchdog for 200 seconds at Tue Jul 30 05:11:29 UTC 2019
766 ms. Memory: 54272K Free: 37732K (70%)
ptolemy.util.test.WatchDog.cancel(): canceling Tue Jul 30 05:11:30 UTC 2019
auto.tcl: Setting watchdog for 200 seconds at Tue Jul 30 05:11:30 UTC 2019
593 ms. Memory: 54272K Free: 31520K (58%)
ptolemy.util.test.WatchDog.cancel(): canceling Tue Jul 30 05:11:31 UTC 2019
------------------ testing $PTII/ptolemy/domains/de/test/auto/MergeModel1Add.xml
auto.tcl: Setting watchdog for 200 seconds at Tue Jul 30 05:11:31 UTC 2019
18 ms. Memory: 54272K Free: 19336K (36%)
ptolemy.util.test.WatchDog.cancel(): canceling Tue Jul 30 05:11:31 UTC 2019
auto.tcl: Setting watchdog for 200 seconds at Tue Jul 30 05:11:31 UTC 2019
12 ms. Memory: 54272K Free: 17582K (32%)
ptolemy.util.test.WatchDog.cancel(): canceling Tue Jul 30 05:11:31 UTC 2019
------------------ testing $PTII/ptolemy/domains/de/test/auto/MergeModel2Add.xml
auto.tcl: Setting watchdog for 200 seconds at Tue Jul 30 05:11:31 UTC 2019
9 ms. Memory: 51200K Free: 18079K (35%)
ptolemy.util.test.WatchDog.cancel(): canceling Tue Jul 30 05:11:31 UTC 2019
auto.tcl: Setting watchdog for 200 seconds at Tue Jul 30 05:11:31 UTC 2019
8 ms. Memory: 51200K Free: 16327K (32%)
ptolemy.util.test.WatchDog.cancel(): canceling Tue Jul 30 05:11:31 UTC 2019
------------------ testing $PTII/ptolemy/domains/de/test/auto/MergeModel3Add.xml
auto.tcl: Setting watchdog for 200 seconds at Tue Jul 30 05:11:31 UTC 2019
9 ms. Memory: 48128K Free: 15033K (31%)
ptolemy.util.test.WatchDog.cancel(): canceling Tue Jul 30 05:11:31 UTC 2019
auto.tcl: Setting watchdog for 200 seconds at Tue Jul 30 05:11:31 UTC 2019
9 ms. Memory: 48128K Free: 13286K (28%)
ptolemy.util.test.WatchDog.cancel(): canceling Tue Jul 30 05:11:31 UTC 2019
------------------ testing $PTII/ptolemy/domains/de/test/auto/MergeWithoutDiscard.xml
auto.tcl: Setting watchdog for 200 seconds at Tue Jul 30 05:11:31 UTC 2019
3 ms. Memory: 48128K Free: 29605K (62%)
ptolemy.util.test.WatchDog.cancel(): canceling Tue Jul 30 05:11:31 UTC 2019
auto.tcl: Setting watchdog for 200 seconds at Tue Jul 30 05:11:31 UTC 2019
2 ms. Memory: 48128K Free: 29148K (61%)
ptolemy.util.test.WatchDog.cancel(): canceling Tue Jul 30 05:11:31 UTC 2019
------------------ testing $PTII/ptolemy/domains/de/test/auto/Modal1.xml
auto.tcl: Setting watchdog for 200 seconds at Tue Jul 30 05:11:31 UTC 2019
13 ms. Memory: 48128K Free: 21976K (46%)
ptolemy.util.test.WatchDog.cancel(): canceling Tue Jul 30 05:11:31 UTC 2019
auto.tcl: Setting watchdog for 200 seconds at Tue Jul 30 05:11:31 UTC 2019
14 ms. Memory: 48128K Free: 18723K (39%)
ptolemy.util.test.WatchDog.cancel(): canceling Tue Jul 30 05:11:31 UTC 2019
------------------ testing $PTII/ptolemy/domains/de/test/auto/Modal2.xml
auto.tcl: Setting watchdog for 200 seconds at Tue Jul 30 05:11:31 UTC 2019
23 ms. Memory: 48128K Free: 22115K (46%)
ptolemy.util.test.WatchDog.cancel(): canceling Tue Jul 30 05:11:31 UTC 2019
auto.tcl: Setting watchdog for 200 seconds at Tue Jul 30 05:11:31 UTC 2019
21 ms. Memory: 48128K Free: 18610K (39%)
ptolemy.util.test.WatchDog.cancel(): canceling Tue Jul 30 05:11:31 UTC 2019
------------------ testing $PTII/ptolemy/domains/de/test/auto/Modal3.xml
auto.tcl: Setting watchdog for 200 seconds at Tue Jul 30 05:11:31 UTC 2019
17 ms. Memory: 48128K Free: 21607K (45%)
ptolemy.util.test.WatchDog.cancel(): canceling Tue Jul 30 05:11:31 UTC 2019
auto.tcl: Setting watchdog for 200 seconds at Tue Jul 30 05:11:31 UTC 2019
15 ms. Memory: 48128K Free: 18641K (39%)
ptolemy.util.test.WatchDog.cancel(): canceling Tue Jul 30 05:11:31 UTC 2019
------------------ testing $PTII/ptolemy/domains/de/test/auto/Modal4.xml
auto.tcl: Setting watchdog for 200 seconds at Tue Jul 30 05:11:31 UTC 2019
37 ms. Memory: 48128K Free: 20809K (43%)
ptolemy.util.test.WatchDog.cancel(): canceling Tue Jul 30 05:11:32 UTC 2019
auto.tcl: Setting watchdog for 200 seconds at Tue Jul 30 05:11:32 UTC 2019
21 ms. Memory: 48128K Free: 16991K (35%)
ptolemy.util.test.WatchDog.cancel(): canceling Tue Jul 30 05:11:32 UTC 2019
------------------ testing $PTII/ptolemy/domains/de/test/auto/Modal5.xml
auto.tcl: Setting watchdog for 200 seconds at Tue Jul 30 05:11:32 UTC 2019
13 ms. Memory: 48128K Free: 20811K (43%)
ptolemy.util.test.WatchDog.cancel(): canceling Tue Jul 30 05:11:32 UTC 2019
auto.tcl: Setting watchdog for 200 seconds at Tue Jul 30 05:11:32 UTC 2019
14 ms. Memory: 48128K Free: 16977K (35%)
ptolemy.util.test.WatchDog.cancel(): canceling Tue Jul 30 05:11:32 UTC 2019
------------------ testing $PTII/ptolemy/domains/de/test/auto/Modal6.xml
auto.tcl: Setting watchdog for 200 seconds at Tue Jul 30 05:11:32 UTC 2019
19 ms. Memory: 48128K Free: 21587K (45%)
ptolemy.util.test.WatchDog.cancel(): canceling Tue Jul 30 05:11:32 UTC 2019
auto.tcl: Setting watchdog for 200 seconds at Tue Jul 30 05:11:32 UTC 2019
21 ms. Memory: 48128K Free: 17586K (37%)
ptolemy.util.test.WatchDog.cancel(): canceling Tue Jul 30 05:11:32 UTC 2019
------------------ testing $PTII/ptolemy/domains/de/test/auto/Modal7.xml
auto.tcl: Setting watchdog for 200 seconds at Tue Jul 30 05:11:32 UTC 2019
9 ms. Memory: 48128K Free: 20539K (43%)
ptolemy.util.test.WatchDog.cancel(): canceling Tue Jul 30 05:11:32 UTC 2019
auto.tcl: Setting watchdog for 200 seconds at Tue Jul 30 05:11:32 UTC 2019
8 ms. Memory: 48128K Free: 16977K (35%)
ptolemy.util.test.WatchDog.cancel(): canceling Tue Jul 30 05:11:32 UTC 2019
------------------ testing $PTII/ptolemy/domains/de/test/auto/ModalModel.xml
auto.tcl: Setting watchdog for 200 seconds at Tue Jul 30 05:11:32 UTC 2019
212 ms. Memory: 48128K Free: 13013K (27%)
ptolemy.util.test.WatchDog.cancel(): canceling Tue Jul 30 05:11:32 UTC 2019
auto.tcl: Setting watchdog for 200 seconds at Tue Jul 30 05:11:32 UTC 2019
206 ms. Memory: 67584K Free: 30969K (46%)
ptolemy.util.test.WatchDog.cancel(): canceling Tue Jul 30 05:11:32 UTC 2019
------------------ testing $PTII/ptolemy/domains/de/test/auto/ModalSource.xml
auto.tcl: Setting watchdog for 200 seconds at Tue Jul 30 05:11:32 UTC 2019
7 ms. Memory: 55296K Free: 32819K (59%)
ptolemy.util.test.WatchDog.cancel(): canceling Tue Jul 30 05:11:32 UTC 2019
auto.tcl: Setting watchdog for 200 seconds at Tue Jul 30 05:11:32 UTC 2019
6 ms. Memory: 55296K Free: 30771K (56%)
ptolemy.util.test.WatchDog.cancel(): canceling Tue Jul 30 05:11:32 UTC 2019
------------------ testing $PTII/ptolemy/domains/de/test/auto/NonInterruptibleTimerZeroDelay.xml
auto.tcl: Setting watchdog for 200 seconds at Tue Jul 30 05:11:33 UTC 2019
5 ms. Memory: 51200K Free: 33667K (66%)
ptolemy.util.test.WatchDog.cancel(): canceling Tue Jul 30 05:11:33 UTC 2019
auto.tcl: Setting watchdog for 200 seconds at Tue Jul 30 05:11:33 UTC 2019
2 ms. Memory: 51200K Free: 33017K (64%)
ptolemy.util.test.WatchDog.cancel(): canceling Tue Jul 30 05:11:33 UTC 2019
------------------ testing $PTII/ptolemy/domains/de/test/auto/OpenQueueingNetwork.xml
auto.tcl: Setting watchdog for 200 seconds at Tue Jul 30 05:11:33 UTC 2019
2914 ms. Memory: 102400K Free: 44497K (43%)
ptolemy.util.test.WatchDog.cancel(): canceling Tue Jul 30 05:11:36 UTC 2019
auto.tcl: Setting watchdog for 200 seconds at Tue Jul 30 05:11:36 UTC 2019
2473 ms. Memory: 122880K Free: 64968K (53%)
ptolemy.util.test.WatchDog.cancel(): canceling Tue Jul 30 05:11:38 UTC 2019
------------------ testing $PTII/ptolemy/domains/de/test/auto/OpenQueuingNetwork.xml
auto.tcl: Setting watchdog for 200 seconds at Tue Jul 30 05:11:38 UTC 2019
273 ms. Memory: 61440K Free: 27688K (45%)
ptolemy.util.test.WatchDog.cancel(): canceling Tue Jul 30 05:11:39 UTC 2019
auto.tcl: Setting watchdog for 200 seconds at Tue Jul 30 05:11:39 UTC 2019
238 ms. Memory: 61440K Free: 44529K (72%)
ptolemy.util.test.WatchDog.cancel(): canceling Tue Jul 30 05:11:39 UTC 2019
------------------ testing $PTII/ptolemy/domains/de/test/auto/PeriodicSampler.xml
auto.tcl: Setting watchdog for 200 seconds at Tue Jul 30 05:11:39 UTC 2019
2 ms. Memory: 51200K Free: 32861K (64%)
ptolemy.util.test.WatchDog.cancel(): canceling Tue Jul 30 05:11:39 UTC 2019
auto.tcl: Setting watchdog for 200 seconds at Tue Jul 30 05:11:39 UTC 2019
2 ms. Memory: 51200K Free: 32364K (63%)
ptolemy.util.test.WatchDog.cancel(): canceling Tue Jul 30 05:11:39 UTC 2019
------------------ testing $PTII/ptolemy/domains/de/test/auto/PersistentIO.xml
auto.tcl: Setting watchdog for 200 seconds at Tue Jul 30 05:11:39 UTC 2019
5 ms. Memory: 51200K Free: 27770K (54%)
ptolemy.util.test.WatchDog.cancel(): canceling Tue Jul 30 05:11:39 UTC 2019
auto.tcl: Setting watchdog for 200 seconds at Tue Jul 30 05:11:39 UTC 2019
5 ms. Memory: 51200K Free: 26276K (51%)
ptolemy.util.test.WatchDog.cancel(): canceling Tue Jul 30 05:11:39 UTC 2019
------------------ testing $PTII/ptolemy/domains/de/test/auto/PortParameterResetOnInitialize.xml
auto.tcl: Setting watchdog for 200 seconds at Tue Jul 30 05:11:39 UTC 2019
3 ms. Memory: 51200K Free: 32753K (64%)
ptolemy.util.test.WatchDog.cancel(): canceling Tue Jul 30 05:11:39 UTC 2019
auto.tcl: Setting watchdog for 200 seconds at Tue Jul 30 05:11:39 UTC 2019
2 ms. Memory: 51200K Free: 32274K (63%)
ptolemy.util.test.WatchDog.cancel(): canceling Tue Jul 30 05:11:39 UTC 2019
------------------ testing $PTII/ptolemy/domains/de/test/auto/PortParameterUpdates.xml
auto.tcl: Setting watchdog for 200 seconds at Tue Jul 30 05:11:39 UTC 2019
4 ms. Memory: 51200K Free: 31093K (61%)
ptolemy.util.test.WatchDog.cancel(): canceling Tue Jul 30 05:11:39 UTC 2019
auto.tcl: Setting watchdog for 200 seconds at Tue Jul 30 05:11:39 UTC 2019
4 ms. Memory: 51200K Free: 29844K (58%)
ptolemy.util.test.WatchDog.cancel(): canceling Tue Jul 30 05:11:39 UTC 2019
------------------ testing $PTII/ptolemy/domains/de/test/auto/QueueAndServer.xml
auto.tcl: Setting watchdog for 200 seconds at Tue Jul 30 05:11:39 UTC 2019
6 ms. Memory: 51200K Free: 29747K (58%)
ptolemy.util.test.WatchDog.cancel(): canceling Tue Jul 30 05:11:39 UTC 2019
auto.tcl: Setting watchdog for 200 seconds at Tue Jul 30 05:11:39 UTC 2019
6 ms. Memory: 51200K Free: 28298K (55%)
ptolemy.util.test.WatchDog.cancel(): canceling Tue Jul 30 05:11:39 UTC 2019
------------------ testing $PTII/ptolemy/domains/de/test/auto/Records.xml
auto.tcl: Setting watchdog for 200 seconds at Tue Jul 30 05:11:39 UTC 2019
3 ms. Memory: 51200K Free: 32314K (63%)
ptolemy.util.test.WatchDog.cancel(): canceling Tue Jul 30 05:11:39 UTC 2019
auto.tcl: Setting watchdog for 200 seconds at Tue Jul 30 05:11:39 UTC 2019
3 ms. Memory: 51200K Free: 31817K (62%)
ptolemy.util.test.WatchDog.cancel(): canceling Tue Jul 30 05:11:39 UTC 2019
------------------ testing $PTII/ptolemy/domains/de/test/auto/ResetTransitionWithStartTime1.xml
auto.tcl: Setting watchdog for 200 seconds at Tue Jul 30 05:11:39 UTC 2019
6 ms. Memory: 51200K Free: 29269K (57%)
ptolemy.util.test.WatchDog.cancel(): canceling Tue Jul 30 05:11:39 UTC 2019
auto.tcl: Setting watchdog for 200 seconds at Tue Jul 30 05:11:39 UTC 2019
6 ms. Memory: 51200K Free: 27205K (53%)
ptolemy.util.test.WatchDog.cancel(): canceling Tue Jul 30 05:11:39 UTC 2019
------------------ testing $PTII/ptolemy/domains/de/test/auto/ResetTransitionWithStartTime2.xml
auto.tcl: Setting watchdog for 200 seconds at Tue Jul 30 05:11:39 UTC 2019
6 ms. Memory: 51200K Free: 29225K (57%)
ptolemy.util.test.WatchDog.cancel(): canceling Tue Jul 30 05:11:39 UTC 2019
auto.tcl: Setting watchdog for 200 seconds at Tue Jul 30 05:11:39 UTC 2019
8 ms. Memory: 51200K Free: 26668K (52%)
ptolemy.util.test.WatchDog.cancel(): canceling Tue Jul 30 05:11:40 UTC 2019
------------------ testing $PTII/ptolemy/domains/de/test/auto/ResetTransitionWithStartTime3.xml
auto.tcl: Setting watchdog for 200 seconds at Tue Jul 30 05:11:40 UTC 2019
9 ms. Memory: 48128K Free: 26151K (54%)
ptolemy.util.test.WatchDog.cancel(): canceling Tue Jul 30 05:11:40 UTC 2019
auto.tcl: Setting watchdog for 200 seconds at Tue Jul 30 05:11:40 UTC 2019
5 ms. Memory: 48128K Free: 23632K (49%)
ptolemy.util.test.WatchDog.cancel(): canceling Tue Jul 30 05:11:40 UTC 2019
------------------ testing $PTII/ptolemy/domains/de/test/auto/ResetTransitionWithStartTime4.xml
auto.tcl: Setting watchdog for 200 seconds at Tue Jul 30 05:11:40 UTC 2019
12 ms. Memory: 48128K Free: 26640K (55%)
ptolemy.util.test.WatchDog.cancel(): canceling Tue Jul 30 05:11:40 UTC 2019
auto.tcl: Setting watchdog for 200 seconds at Tue Jul 30 05:11:40 UTC 2019
4 ms. Memory: 48128K Free: 25214K (52%)
ptolemy.util.test.WatchDog.cancel(): canceling Tue Jul 30 05:11:40 UTC 2019
------------------ testing $PTII/ptolemy/domains/de/test/auto/ResettableTimer1.xml
auto.tcl: Setting watchdog for 200 seconds at Tue Jul 30 05:11:40 UTC 2019
4 ms. Memory: 48128K Free: 30365K (63%)
ptolemy.util.test.WatchDog.cancel(): canceling Tue Jul 30 05:11:40 UTC 2019
auto.tcl: Setting watchdog for 200 seconds at Tue Jul 30 05:11:40 UTC 2019
2 ms. Memory: 48128K Free: 29263K (61%)
ptolemy.util.test.WatchDog.cancel(): canceling Tue Jul 30 05:11:40 UTC 2019
------------------ testing $PTII/ptolemy/domains/de/test/auto/ResettableTimer2.xml
auto.tcl: Setting watchdog for 200 seconds at Tue Jul 30 05:11:40 UTC 2019
3 ms. Memory: 48128K Free: 30415K (63%)
ptolemy.util.test.WatchDog.cancel(): canceling Tue Jul 30 05:11:40 UTC 2019
auto.tcl: Setting watchdog for 200 seconds at Tue Jul 30 05:11:40 UTC 2019
2 ms. Memory: 48128K Free: 29344K (61%)
ptolemy.util.test.WatchDog.cancel(): canceling Tue Jul 30 05:11:40 UTC 2019
------------------ testing $PTII/ptolemy/domains/de/test/auto/ResettableTimer3.xml
auto.tcl: Setting watchdog for 200 seconds at Tue Jul 30 05:11:40 UTC 2019
2 ms. Memory: 48128K Free: 30764K (64%)
ptolemy.util.test.WatchDog.cancel(): canceling Tue Jul 30 05:11:40 UTC 2019
auto.tcl: Setting watchdog for 200 seconds at Tue Jul 30 05:11:40 UTC 2019
1 ms. Memory: 48128K Free: 30284K (63%)
ptolemy.util.test.WatchDog.cancel(): canceling Tue Jul 30 05:11:40 UTC 2019
------------------ testing $PTII/ptolemy/domains/de/test/auto/ResettableTimer4.xml
auto.tcl: Setting watchdog for 200 seconds at Tue Jul 30 05:11:40 UTC 2019
2 ms. Memory: 48128K Free: 30305K (63%)
ptolemy.util.test.WatchDog.cancel(): canceling Tue Jul 30 05:11:40 UTC 2019
auto.tcl: Setting watchdog for 200 seconds at Tue Jul 30 05:11:40 UTC 2019
1 ms. Memory: 48128K Free: 29828K (62%)
ptolemy.util.test.WatchDog.cancel(): canceling Tue Jul 30 05:11:40 UTC 2019
------------------ testing $PTII/ptolemy/domains/de/test/auto/ResettableTimer5.xml
auto.tcl: Setting watchdog for 200 seconds at Tue Jul 30 05:11:40 UTC 2019
5 ms. Memory: 48128K Free: 29768K (62%)
ptolemy.util.test.WatchDog.cancel(): canceling Tue Jul 30 05:11:40 UTC 2019
auto.tcl: Setting watchdog for 200 seconds at Tue Jul 30 05:11:40 UTC 2019
2 ms. Memory: 48128K Free: 29298K (61%)
ptolemy.util.test.WatchDog.cancel(): canceling Tue Jul 30 05:11:40 UTC 2019
------------------ testing $PTII/ptolemy/domains/de/test/auto/ResettableTimer6.xml
auto.tcl: Setting watchdog for 200 seconds at Tue Jul 30 05:11:40 UTC 2019
2 ms. Memory: 48128K Free: 29758K (62%)
ptolemy.util.test.WatchDog.cancel(): canceling Tue Jul 30 05:11:40 UTC 2019
auto.tcl: Setting watchdog for 200 seconds at Tue Jul 30 05:11:40 UTC 2019
2 ms. Memory: 48128K Free: 29273K (61%)
ptolemy.util.test.WatchDog.cancel(): canceling Tue Jul 30 05:11:40 UTC 2019
------------------ testing $PTII/ptolemy/domains/de/test/auto/ServerZeroDelay.xml
auto.tcl: Setting watchdog for 200 seconds at Tue Jul 30 05:11:40 UTC 2019
6 ms. Memory: 48128K Free: 30439K (63%)
ptolemy.util.test.WatchDog.cancel(): canceling Tue Jul 30 05:11:40 UTC 2019
auto.tcl: Setting watchdog for 200 seconds at Tue Jul 30 05:11:40 UTC 2019
2 ms. Memory: 48128K Free: 29349K (61%)
ptolemy.util.test.WatchDog.cancel(): canceling Tue Jul 30 05:11:40 UTC 2019
------------------ testing $PTII/ptolemy/domains/de/test/auto/SmartSender.xml
auto.tcl: Setting watchdog for 200 seconds at Tue Jul 30 05:11:40 UTC 2019
3002 ms. Memory: 48128K Free: 30300K (63%)
ptolemy.util.test.WatchDog.cancel(): canceling Tue Jul 30 05:11:43 UTC 2019
auto.tcl: Setting watchdog for 200 seconds at Tue Jul 30 05:11:43 UTC 2019
3001 ms. Memory: 48128K Free: 29804K (62%)
ptolemy.util.test.WatchDog.cancel(): canceling Tue Jul 30 05:11:46 UTC 2019
------------------ testing $PTII/ptolemy/domains/de/test/auto/ThreadedComposite.xml
auto.tcl: Setting watchdog for 200 seconds at Tue Jul 30 05:11:46 UTC 2019
279 ms. Memory: 48128K Free: 8268K (17%)
ptolemy.util.test.WatchDog.cancel(): canceling Tue Jul 30 05:11:47 UTC 2019
auto.tcl: Setting watchdog for 200 seconds at Tue Jul 30 05:11:47 UTC 2019
220 ms. Memory: 48128K Free: 16653K (35%)
ptolemy.util.test.WatchDog.cancel(): canceling Tue Jul 30 05:11:47 UTC 2019
------------------ testing $PTII/ptolemy/domains/de/test/auto/Time.xml
auto.tcl: Setting watchdog for 200 seconds at Tue Jul 30 05:11:47 UTC 2019
584 ms. Memory: 48128K Free: 31469K (65%)
ptolemy.util.test.WatchDog.cancel(): canceling Tue Jul 30 05:11:48 UTC 2019
auto.tcl: Setting watchdog for 200 seconds at Tue Jul 30 05:11:48 UTC 2019
582 ms. Memory: 48128K Free: 32147K (67%)
ptolemy.util.test.WatchDog.cancel(): canceling Tue Jul 30 05:11:48 UTC 2019
------------------ testing $PTII/ptolemy/domains/de/test/auto/TimeDelayZeroDelay.xml
auto.tcl: Setting watchdog for 200 seconds at Tue Jul 30 05:11:48 UTC 2019
2 ms. Memory: 48128K Free: 30698K (64%)
ptolemy.util.test.WatchDog.cancel(): canceling Tue Jul 30 05:11:48 UTC 2019
auto.tcl: Setting watchdog for 200 seconds at Tue Jul 30 05:11:48 UTC 2019
2 ms. Memory: 48128K Free: 29793K (62%)
ptolemy.util.test.WatchDog.cancel(): canceling Tue Jul 30 05:11:48 UTC 2019
------------------ testing $PTII/ptolemy/domains/de/test/auto/TimerZeroDelay.xml
auto.tcl: Setting watchdog for 200 seconds at Tue Jul 30 05:11:48 UTC 2019
2 ms. Memory: 48128K Free: 30741K (64%)
ptolemy.util.test.WatchDog.cancel(): canceling Tue Jul 30 05:11:48 UTC 2019
auto.tcl: Setting watchdog for 200 seconds at Tue Jul 30 05:11:48 UTC 2019
2 ms. Memory: 48128K Free: 29851K (62%)
ptolemy.util.test.WatchDog.cancel(): canceling Tue Jul 30 05:11:48 UTC 2019
------------------ testing $PTII/ptolemy/domains/de/test/auto/TimingParadox.xml
auto.tcl: Setting watchdog for 200 seconds at Tue Jul 30 05:11:48 UTC 2019
417 ms. Memory: 48128K Free: 14311K (30%)
ptolemy.util.test.WatchDog.cancel(): canceling Tue Jul 30 05:11:49 UTC 2019
auto.tcl: Setting watchdog for 200 seconds at Tue Jul 30 05:11:49 UTC 2019
404 ms. Memory: 48128K Free: 26994K (56%)
ptolemy.util.test.WatchDog.cancel(): canceling Tue Jul 30 05:11:49 UTC 2019
------------------ testing $PTII/ptolemy/domains/de/test/auto/TransferInputs.xml
auto.tcl: Setting watchdog for 200 seconds at Tue Jul 30 05:11:49 UTC 2019
2 ms. Memory: 48128K Free: 28711K (60%)
ptolemy.util.test.WatchDog.cancel(): canceling Tue Jul 30 05:11:49 UTC 2019
auto.tcl: Setting watchdog for 200 seconds at Tue Jul 30 05:11:49 UTC 2019
1 ms. Memory: 48128K Free: 27857K (58%)
ptolemy.util.test.WatchDog.cancel(): canceling Tue Jul 30 05:11:49 UTC 2019
------------------ testing $PTII/ptolemy/domains/de/test/auto/TransferOutputs2.xml
auto.tcl: Setting watchdog for 200 seconds at Tue Jul 30 05:11:49 UTC 2019
3 ms. Memory: 48128K Free: 26154K (54%)
ptolemy.util.test.WatchDog.cancel(): canceling Tue Jul 30 05:11:49 UTC 2019
auto.tcl: Setting watchdog for 200 seconds at Tue Jul 30 05:11:49 UTC 2019
3 ms. Memory: 48128K Free: 24772K (51%)
ptolemy.util.test.WatchDog.cancel(): canceling Tue Jul 30 05:11:49 UTC 2019
------------------ testing $PTII/ptolemy/domains/de/test/auto/Trilateration.xml
auto.tcl: Setting watchdog for 200 seconds at Tue Jul 30 05:11:49 UTC 2019
16543 ms. Memory: 533504K Free: 235366K (44%)
ptolemy.util.test.WatchDog.cancel(): canceling Tue Jul 30 05:12:07 UTC 2019
auto.tcl: Setting watchdog for 200 seconds at Tue Jul 30 05:12:07 UTC 2019
13126 ms. Memory: 533504K Free: 434160K (81%)
ptolemy.util.test.WatchDog.cancel(): canceling Tue Jul 30 05:12:20 UTC 2019
------------------ testing $PTII/ptolemy/domains/de/test/auto/TwoSigmaDelta.xml
auto.tcl: Setting watchdog for 200 seconds at Tue Jul 30 05:12:21 UTC 2019
2767 ms. Memory: 86016K Free: 17153K (20%)
ptolemy.util.test.WatchDog.cancel(): canceling Tue Jul 30 05:12:23 UTC 2019
auto.tcl: Setting watchdog for 200 seconds at Tue Jul 30 05:12:23 UTC 2019
2179 ms. Memory: 86016K Free: 54507K (63%)
ptolemy.util.test.WatchDog.cancel(): canceling Tue Jul 30 05:12:26 UTC 2019
------------------ testing $PTII/ptolemy/domains/de/test/auto/VariableDelay.xml
auto.tcl: Setting watchdog for 200 seconds at Tue Jul 30 05:12:26 UTC 2019
3 ms. Memory: 51200K Free: 32276K (63%)
ptolemy.util.test.WatchDog.cancel(): canceling Tue Jul 30 05:12:26 UTC 2019
auto.tcl: Setting watchdog for 200 seconds at Tue Jul 30 05:12:26 UTC 2019
2 ms. Memory: 51200K Free: 31260K (61%)
ptolemy.util.test.WatchDog.cancel(): canceling Tue Jul 30 05:12:26 UTC 2019
------------------ testing $PTII/ptolemy/domains/de/test/auto/VariableDelay2.xml
auto.tcl: Setting watchdog for 200 seconds at Tue Jul 30 05:12:26 UTC 2019
2 ms. Memory: 51200K Free: 32681K (64%)
ptolemy.util.test.WatchDog.cancel(): canceling Tue Jul 30 05:12:26 UTC 2019
auto.tcl: Setting watchdog for 200 seconds at Tue Jul 30 05:12:26 UTC 2019
2 ms. Memory: 51200K Free: 32177K (63%)
ptolemy.util.test.WatchDog.cancel(): canceling Tue Jul 30 05:12:26 UTC 2019
------------------ testing $PTII/ptolemy/domains/de/test/auto/VariableDelayZeroDelay.xml
auto.tcl: Setting watchdog for 200 seconds at Tue Jul 30 05:12:26 UTC 2019
2 ms. Memory: 51200K Free: 33201K (65%)
ptolemy.util.test.WatchDog.cancel(): canceling Tue Jul 30 05:12:26 UTC 2019
auto.tcl: Setting watchdog for 200 seconds at Tue Jul 30 05:12:26 UTC 2019
2 ms. Memory: 51200K Free: 32673K (64%)
ptolemy.util.test.WatchDog.cancel(): canceling Tue Jul 30 05:12:26 UTC 2019
------------------ testing $PTII/ptolemy/domains/de/test/auto/VariableDelayZeroDelay2.xml
auto.tcl: Setting watchdog for 200 seconds at Tue Jul 30 05:12:26 UTC 2019
2 ms. Memory: 51200K Free: 33199K (65%)
ptolemy.util.test.WatchDog.cancel(): canceling Tue Jul 30 05:12:26 UTC 2019
auto.tcl: Setting watchdog for 200 seconds at Tue Jul 30 05:12:26 UTC 2019
2 ms. Memory: 51200K Free: 32175K (63%)
ptolemy.util.test.WatchDog.cancel(): canceling Tue Jul 30 05:12:26 UTC 2019
------------------ testing $PTII/ptolemy/domains/de/test/auto/deInCt.xml
auto.tcl: Setting watchdog for 200 seconds at Tue Jul 30 05:12:26 UTC 2019
0
1
1
1
0
0
0
1
1
1
1
0
0
0
1
1
1
0
0
0
1
1
1
1
0
0
0
0
1
1
1
0
0
0
1
1
1
1
1
18 ms. Memory: 51200K Free: 32173K (63%)
ptolemy.util.test.WatchDog.cancel(): canceling Tue Jul 30 05:12:26 UTC 2019
auto.tcl: Setting watchdog for 200 seconds at Tue Jul 30 05:12:26 UTC 2019
0
1
1
1
0
0
0
0
1
1
1
1
1
0
0
0
1
1
1
0
0
0
0
1
1
1
0
0
0
1
1
1
0
0
0
1
1
1
0
0
0
0
7 ms. Memory: 51200K Free: 30635K (60%)
ptolemy.util.test.WatchDog.cancel(): canceling Tue Jul 30 05:12:26 UTC 2019
------------------ testing $PTII/ptolemy/domains/de/test/auto/deInCt2.xml
auto.tcl: Setting watchdog for 200 seconds at Tue Jul 30 05:12:26 UTC 2019
0
1
1
1
0
0
1
1
1
0
0
1
1
1
0
0
1
1
1
0
0
1
1
1
0
0
1
1
1
0
0
1
1
1
0
0
1
1
1
0
0
0
8 ms. Memory: 51200K Free: 32175K (63%)
ptolemy.util.test.WatchDog.cancel(): canceling Tue Jul 30 05:12:26 UTC 2019
auto.tcl: Setting watchdog for 200 seconds at Tue Jul 30 05:12:26 UTC 2019
0
1
1
1
0
0
1
1
1
0
0
1
1
1
0
0
1
1
1
0
0
1
1
1
0
0
1
1
1
0
0
1
1
1
0
0
1
1
1
0
0
0
9 ms. Memory: 51200K Free: 30623K (60%)
ptolemy.util.test.WatchDog.cancel(): canceling Tue Jul 30 05:12:26 UTC 2019
------------------ testing $PTII/ptolemy/domains/de/test/auto/dynamicCausalityInterface1.xml
auto.tcl: Setting watchdog for 200 seconds at Tue Jul 30 05:12:26 UTC 2019
1 ms. Memory: 51200K Free: 28073K (55%)
ptolemy.util.test.WatchDog.cancel(): canceling Tue Jul 30 05:12:26 UTC 2019
auto.tcl: Setting watchdog for 200 seconds at Tue Jul 30 05:12:26 UTC 2019
1 ms. Memory: 51200K Free: 27559K (54%)
ptolemy.util.test.WatchDog.cancel(): canceling Tue Jul 30 05:12:26 UTC 2019
------------------ testing $PTII/ptolemy/domains/de/test/auto/fsm_de_test.xml
auto.tcl: Setting watchdog for 200 seconds at Tue Jul 30 05:12:26 UTC 2019
12 ms. Memory: 51200K Free: 27972K (55%)
ptolemy.util.test.WatchDog.cancel(): canceling Tue Jul 30 05:12:26 UTC 2019
auto.tcl: Setting watchdog for 200 seconds at Tue Jul 30 05:12:26 UTC 2019
9 ms. Memory: 51200K Free: 25924K (51%)
ptolemy.util.test.WatchDog.cancel(): canceling Tue Jul 30 05:12:26 UTC 2019
------------------ testing $PTII/ptolemy/domains/de/test/auto/functionDependencyReconstruction.xml
auto.tcl: Setting watchdog for 200 seconds at Tue Jul 30 05:12:26 UTC 2019
2 ms. Memory: 51200K Free: 21817K (43%)
ptolemy.util.test.WatchDog.cancel(): canceling Tue Jul 30 05:12:26 UTC 2019
auto.tcl: Setting watchdog for 200 seconds at Tue Jul 30 05:12:26 UTC 2019
2 ms. Memory: 51200K Free: 19769K (39%)
ptolemy.util.test.WatchDog.cancel(): canceling Tue Jul 30 05:12:26 UTC 2019
------------------ testing $PTII/ptolemy/domains/de/test/auto/multirate.xml
auto.tcl: Setting watchdog for 200 seconds at Tue Jul 30 05:12:26 UTC 2019
9 ms. Memory: 48128K Free: 27315K (57%)
ptolemy.util.test.WatchDog.cancel(): canceling Tue Jul 30 05:12:26 UTC 2019
auto.tcl: Setting watchdog for 200 seconds at Tue Jul 30 05:12:26 UTC 2019
4 ms. Memory: 48128K Free: 25815K (54%)
ptolemy.util.test.WatchDog.cancel(): canceling Tue Jul 30 05:12:26 UTC 2019
------------------ testing $PTII/ptolemy/domains/de/test/auto/multirate2.xml
auto.tcl: Setting watchdog for 200 seconds at Tue Jul 30 05:12:26 UTC 2019
6 ms. Memory: 48128K Free: 27725K (58%)
ptolemy.util.test.WatchDog.cancel(): canceling Tue Jul 30 05:12:27 UTC 2019
auto.tcl: Setting watchdog for 200 seconds at Tue Jul 30 05:12:27 UTC 2019
3 ms. Memory: 48128K Free: 26061K (54%)
ptolemy.util.test.WatchDog.cancel(): canceling Tue Jul 30 05:12:27 UTC 2019
------------------ testing $PTII/ptolemy/domains/de/test/auto/realtime.xml
auto.tcl: Setting watchdog for 200 seconds at Tue Jul 30 05:12:27 UTC 2019
10001 ms. Memory: 48128K Free: 29762K (62%)
ptolemy.util.test.WatchDog.cancel(): canceling Tue Jul 30 05:12:37 UTC 2019
auto.tcl: Setting watchdog for 200 seconds at Tue Jul 30 05:12:37 UTC 2019
10001 ms. Memory: 48128K Free: 29047K (60%)
ptolemy.util.test.WatchDog.cancel(): canceling Tue Jul 30 05:12:47 UTC 2019
------------------ testing $PTII/ptolemy/domains/de/test/auto/relationGroup.xml
auto.tcl: Setting watchdog for 200 seconds at Tue Jul 30 05:12:47 UTC 2019
2 ms. Memory: 48128K Free: 30853K (64%)
ptolemy.util.test.WatchDog.cancel(): canceling Tue Jul 30 05:12:47 UTC 2019
auto.tcl: Setting watchdog for 200 seconds at Tue Jul 30 05:12:47 UTC 2019
2 ms. Memory: 48128K Free: 30128K (63%)
ptolemy.util.test.WatchDog.cancel(): canceling Tue Jul 30 05:12:47 UTC 2019
------------------ testing $PTII/ptolemy/domains/de/test/auto/relationGroup2.xml
auto.tcl: Setting watchdog for 200 seconds at Tue Jul 30 05:12:47 UTC 2019
1 ms. Memory: 48128K Free: 30909K (64%)
ptolemy.util.test.WatchDog.cancel(): canceling Tue Jul 30 05:12:47 UTC 2019
auto.tcl: Setting watchdog for 200 seconds at Tue Jul 30 05:12:47 UTC 2019
2 ms. Memory: 48128K Free: 30154K (63%)
ptolemy.util.test.WatchDog.cancel(): canceling Tue Jul 30 05:12:47 UTC 2019
------------------ testing $PTII/ptolemy/domains/de/test/auto/sortWithOpaquePorts.xml
auto.tcl: Setting watchdog for 200 seconds at Tue Jul 30 05:12:47 UTC 2019
2 ms. Memory: 48128K Free: 29626K (62%)
ptolemy.util.test.WatchDog.cancel(): canceling Tue Jul 30 05:12:47 UTC 2019
auto.tcl: Setting watchdog for 200 seconds at Tue Jul 30 05:12:47 UTC 2019
2 ms. Memory: 48128K Free: 28646K (60%)
ptolemy.util.test.WatchDog.cancel(): canceling Tue Jul 30 05:12:47 UTC 2019
------------------ testing $PTII/ptolemy/domains/de/test/auto/transferInputsandOutputs.xml
auto.tcl: Setting watchdog for 200 seconds at Tue Jul 30 05:12:47 UTC 2019
5 ms. Memory: 48128K Free: 27070K (56%)
ptolemy.util.test.WatchDog.cancel(): canceling Tue Jul 30 05:12:47 UTC 2019
auto.tcl: Setting watchdog for 200 seconds at Tue Jul 30 05:12:47 UTC 2019
3 ms. Memory: 48128K Free: 26101K (54%)
ptolemy.util.test.WatchDog.cancel(): canceling Tue Jul 30 05:12:47 UTC 2019
------------------ testing $PTII/ptolemy/domains/de/test/auto/triggerType.xml
auto.tcl: Setting watchdog for 200 seconds at Tue Jul 30 05:12:47 UTC 2019
1 ms. Memory: 48128K Free: 30094K (63%)
ptolemy.util.test.WatchDog.cancel(): canceling Tue Jul 30 05:12:47 UTC 2019
auto.tcl: Setting watchdog for 200 seconds at Tue Jul 30 05:12:47 UTC 2019
2 ms. Memory: 48128K Free: 29141K (61%)
ptolemy.util.test.WatchDog.cancel(): canceling Tue Jul 30 05:12:47 UTC 2019
07/30/19 05:12:47
Failed: 0  Total Tests: 192  ((Passed: 187, Newly Passed: 1)  Known Failed: 5) /home/travis/build/icyphy/ptII/ptolemy/domains/de/test
07/30/19 05:12:47
Failed: 0  Total Tests: 192  ((Passed: 187, Newly Passed: 1)  Known Failed: 5) /home/travis/build/icyphy/ptII/ptolemy/domains/de/test
----------------- testing (KnownFailure) /home/travis/build/icyphy/ptII/ptolemy/domains/de/test/auto/knownFailedTests/DESDFClockTest.xml
2020 ms. Memory: 48128K Free: 23489K (49%)
Known Failure: java.lang.reflect.InvocationTargetException
----------------- testing (KnownFailure) /home/travis/build/icyphy/ptII/ptolemy/domains/de/test/auto/knownFailedTests/DirectFeedback.xml
2 ms. Memory: 48128K Free: 19393K (40%)
Known Failure: java.lang.reflect.InvocationTargetException
----------------- testing (KnownFailure) /home/travis/build/icyphy/ptII/ptolemy/domains/de/test/auto/knownFailedTests/FSMSource.xml
11 ms. Memory: 48128K Free: 11715K (24%)
----------------- testing (KnownFailure) /home/travis/build/icyphy/ptII/ptolemy/domains/de/test/auto/knownFailedTests/HierarchicalModel.xml
2 ms. Memory: 48128K Free: 21841K (45%)
Known Failure: java.lang.reflect.InvocationTargetException
----------------- testing (KnownFailure) /home/travis/build/icyphy/ptII/ptolemy/domains/de/test/auto/knownFailedTests/dependencyLoop.xml
10 ms. Memory: 48128K Free: 32066K (67%)
Known Failure: java.lang.reflect.InvocationTargetException
----------------- testing (KnownFailure) /home/travis/build/icyphy/ptII/ptolemy/domains/de/test/auto/knownFailedTests/dependencyLoop2.xml
4 ms. Memory: 48128K Free: 16996K (35%)
Known Failure: java.lang.reflect.InvocationTargetException
No auto/linux-amd64/*.xml tests in /home/travis/build/icyphy/ptII/ptolemy/domains/de/test
AutoTests.java: About to close Vertx.
AutoTests.java: Vertx closed.

===========================================================================================
----------------- testing Tue Jul 30 05:12:49 UTC 2019 /home/travis/build/icyphy/ptII/ptolemy/domains/de/test/auto/ActorDepthCalculation_actorWithoutPorts.xml
----------------- Instantiating /home/travis/build/icyphy/ptII/ptolemy/domains/de/test/auto/ActorDepthCalculation_actorWithoutPorts.xml
2 ms. Memory: 48128K Free: 10696K (22%)
----------------- Invoking toplevel() on ptolemy.moml.MoMLSimpleApplication@540df914
----------------- Done invoking toplevel() on ptolemy.moml.MoMLSimpleApplication@540df914
reloadAllAccessors: .ActorDepthCalculation_actorWithoutPorts

===========================================================================================
----------------- testing Tue Jul 30 05:12:49 UTC 2019 /home/travis/build/icyphy/ptII/ptolemy/domains/de/test/auto/AssemblyLine.xml
----------------- Instantiating /home/travis/build/icyphy/ptII/ptolemy/domains/de/test/auto/AssemblyLine.xml
2 ms. Memory: 48128K Free: 28997K (60%)
----------------- Invoking toplevel() on ptolemy.moml.MoMLSimpleApplication@4318186e
----------------- Done invoking toplevel() on ptolemy.moml.MoMLSimpleApplication@4318186e
reloadAllAccessors: .AssemblyLine

===========================================================================================
----------------- testing Tue Jul 30 05:12:49 UTC 2019 /home/travis/build/icyphy/ptII/ptolemy/domains/de/test/auto/CQBug1.xml
----------------- Instantiating /home/travis/build/icyphy/ptII/ptolemy/domains/de/test/auto/CQBug1.xml
0 ms. Memory: 48128K Free: 26096K (54%)
----------------- Invoking toplevel() on ptolemy.moml.MoMLSimpleApplication@3bb40612
----------------- Done invoking toplevel() on ptolemy.moml.MoMLSimpleApplication@3bb40612
reloadAllAccessors: .CQBug1

===========================================================================================
----------------- testing Tue Jul 30 05:12:49 UTC 2019 /home/travis/build/icyphy/ptII/ptolemy/domains/de/test/auto/CancelFireAt.xml
----------------- Instantiating /home/travis/build/icyphy/ptII/ptolemy/domains/de/test/auto/CancelFireAt.xml
8 ms. Memory: 48128K Free: 23804K (49%)
----------------- Invoking toplevel() on ptolemy.moml.MoMLSimpleApplication@19599038
----------------- Done invoking toplevel() on ptolemy.moml.MoMLSimpleApplication@19599038
reloadAllAccessors: .CancelFireAt

===========================================================================================
----------------- testing Tue Jul 30 05:12:49 UTC 2019 /home/travis/build/icyphy/ptII/ptolemy/domains/de/test/auto/CausalityAndComposabilityAnalysis.xml
----------------- Instantiating /home/travis/build/icyphy/ptII/ptolemy/domains/de/test/auto/CausalityAndComposabilityAnalysis.xml
2 ms. Memory: 48128K Free: 19749K (41%)
----------------- Invoking toplevel() on ptolemy.moml.MoMLSimpleApplication@6a23855a
----------------- Done invoking toplevel() on ptolemy.moml.MoMLSimpleApplication@6a23855a
reloadAllAccessors: .CausalityAndComposabilityAnalysis

===========================================================================================
----------------- testing Tue Jul 30 05:12:49 UTC 2019 /home/travis/build/icyphy/ptII/ptolemy/domains/de/test/auto/CausalityInterface1.xml
----------------- Instantiating /home/travis/build/icyphy/ptII/ptolemy/domains/de/test/auto/CausalityInterface1.xml
6 ms. Memory: 48128K Free: 14818K (31%)
----------------- Invoking toplevel() on ptolemy.moml.MoMLSimpleApplication@452ee759
----------------- Done invoking toplevel() on ptolemy.moml.MoMLSimpleApplication@452ee759
reloadAllAccessors: .CausalityInterface1

===========================================================================================
----------------- testing Tue Jul 30 05:12:49 UTC 2019 /home/travis/build/icyphy/ptII/ptolemy/domains/de/test/auto/CausalityInterface15.xml
----------------- Instantiating /home/travis/build/icyphy/ptII/ptolemy/domains/de/test/auto/CausalityInterface15.xml
2 ms. Memory: 48128K Free: 9258K (19%)
----------------- Invoking toplevel() on ptolemy.moml.MoMLSimpleApplication@72dd5800
----------------- Done invoking toplevel() on ptolemy.moml.MoMLSimpleApplication@72dd5800
reloadAllAccessors: .CausalityInterface15

===========================================================================================
----------------- testing Tue Jul 30 05:12:49 UTC 2019 /home/travis/build/icyphy/ptII/ptolemy/domains/de/test/auto/CausalityInterface2.xml
----------------- Instantiating /home/travis/build/icyphy/ptII/ptolemy/domains/de/test/auto/CausalityInterface2.xml
1 ms. Memory: 48128K Free: 30497K (63%)
[...]
	at ptolemy.actor.Manager.run(Manager.java:1263)
	at ptolemy.actor.Manager$PtolemyRunThread.run(Manager.java:1933)
java.lang.RuntimeException: Execution failed
	at ptolemy.moml.MoMLSimpleApplication$UnloadThread.run(MoMLSimpleApplication.java:402)
Caused by: ptolemy.kernel.util.IllegalActionException: Actor is not ready to fire.  Perhaps UpSample.prefire() returned false? Try debugging the actor by selecting "Listen to Actor".  Also, for SDF check moml for tokenConsumptionRate on input.
  in .DESDFClockTest.Play Bell.Copy1:SDF Director and .DESDFClockTest.Play Bell.UpSample
	at ptolemy.actor.sched.StaticSchedulingDirector.fire(StaticSchedulingDirector.java:227)
	at ptolemy.domains.sdf.kernel.SDFDirector.fire(SDFDirector.java:500)
	at ptolemy.actor.CompositeActor.fire(CompositeActor.java:455)
	at ptolemy.domains.de.kernel.DEDirector._fire(DEDirector.java:1949)
	at ptolemy.domains.de.kernel.DEDirector.fire(DEDirector.java:502)
	at ptolemy.actor.CompositeActor.fire(CompositeActor.java:455)
	at ptolemy.actor.Manager.iterate(Manager.java:851)
	at ptolemy.actor.Manager.execute(Manager.java:369)
	at ptolemy.actor.Manager.run(Manager.java:1263)
	at ptolemy.actor.Manager$PtolemyRunThread.run(Manager.java:1933)
java.lang.reflect.InvocationTargetException
	at java.base/jdk.internal.reflect.NativeConstructorAccessorImpl.newInstance0(Native Method)
	at java.base/jdk.internal.reflect.NativeConstructorAccessorImpl.newInstance(NativeConstructorAccessorImpl.java:62)
	at java.base/jdk.internal.reflect.DelegatingConstructorAccessorImpl.newInstance(DelegatingConstructorAccessorImpl.java:45)
	at java.base/java.lang.reflect.Constructor.newInstance(Constructor.java:490)
	at ptolemy.util.test.junit.AutoKnownFailedTests.RunModel(AutoKnownFailedTests.java:105)
	at java.base/jdk.internal.reflect.NativeMethodAccessorImpl.invoke0(Native Method)
	at java.base/jdk.internal.reflect.NativeMethodAccessorImpl.invoke(NativeMethodAccessorImpl.java:62)
	at java.base/jdk.internal.reflect.DelegatingMethodAccessorImpl.invoke(DelegatingMethodAccessorImpl.java:43)
	at java.base/java.lang.reflect.Method.invoke(Method.java:566)
	at org.junit.runners.model.FrameworkMethod$1.runReflectiveCall(FrameworkMethod.java:44)
	at org.junit.internal.runners.model.ReflectiveCallable.run(ReflectiveCallable.java:15)
	at org.junit.runners.model.FrameworkMethod.invokeExplosively(FrameworkMethod.java:41)
	at junitparams.internal.InvokeParameterisedMethod.evaluate(InvokeParameterisedMethod.java:102)
	at org.junit.internal.runners.statements.FailOnTimeout$1.run(FailOnTimeout.java:28)
Caused by: ptolemy.kernel.util.IllegalActionException: Actor is not ready to fire.  Perhaps UpSample.prefire() returned false? Try debugging the actor by selecting "Listen to Actor".  Also, for SDF check moml for tokenConsumptionRate on input.
  in .DESDFClockTest.Play Bell.Copy1:SDF Director and .DESDFClockTest.Play Bell.UpSample
	at ptolemy.actor.sched.StaticSchedulingDirector.fire(StaticSchedulingDirector.java:227)
	at ptolemy.domains.sdf.kernel.SDFDirector.fire(SDFDirector.java:500)
	at ptolemy.actor.CompositeActor.fire(CompositeActor.java:455)
	at ptolemy.domains.de.kernel.DEDirector._fire(DEDirector.java:1949)
	at ptolemy.domains.de.kernel.DEDirector.fire(DEDirector.java:502)
	at ptolemy.actor.CompositeActor.fire(CompositeActor.java:455)
	at ptolemy.actor.Manager.iterate(Manager.java:851)
	at ptolemy.actor.Manager.execute(Manager.java:369)
	at ptolemy.actor.Manager.run(Manager.java:1263)
	at ptolemy.actor.Manager$PtolemyRunThread.run(Manager.java:1933)
java.lang.RuntimeException: Execution failed
	at ptolemy.moml.MoMLSimpleApplication$UnloadThread.run(MoMLSimpleApplication.java:402)
Caused by: ptolemy.kernel.util.IllegalActionException: Test fails in iteration 1.
Value was: 1.0. Should have been: 2.0
  in .DirectFeedback.Test
	at ptolemy.actor.lib.Test.fire(Test.java:268)
	at ptolemy.domains.de.kernel.DEDirector._fire(DEDirector.java:1949)
	at ptolemy.domains.de.kernel.DEDirector.fire(DEDirector.java:502)
	at ptolemy.actor.CompositeActor.fire(CompositeActor.java:455)
	at ptolemy.actor.Manager.iterate(Manager.java:851)
	at ptolemy.actor.Manager.execute(Manager.java:369)
	at ptolemy.actor.Manager.run(Manager.java:1263)
	at ptolemy.actor.Manager$PtolemyRunThread.run(Manager.java:1933)
java.lang.reflect.InvocationTargetException
	at java.base/jdk.internal.reflect.NativeConstructorAccessorImpl.newInstance0(Native Method)
	at java.base/jdk.internal.reflect.NativeConstructorAccessorImpl.newInstance(NativeConstructorAccessorImpl.java:62)
	at java.base/jdk.internal.reflect.DelegatingConstructorAccessorImpl.newInstance(DelegatingConstructorAccessorImpl.java:45)
	at java.base/java.lang.reflect.Constructor.newInstance(Constructor.java:490)
	at ptolemy.util.test.junit.AutoKnownFailedTests.RunModel(AutoKnownFailedTests.java:105)
	at java.base/jdk.internal.reflect.NativeMethodAccessorImpl.invoke0(Native Method)
	at java.base/jdk.internal.reflect.NativeMethodAccessorImpl.invoke(NativeMethodAccessorImpl.java:62)
	at java.base/jdk.internal.reflect.DelegatingMethodAccessorImpl.invoke(DelegatingMethodAccessorImpl.java:43)
	at java.base/java.lang.reflect.Method.invoke(Method.java:566)
	at org.junit.runners.model.FrameworkMethod$1.runReflectiveCall(FrameworkMethod.java:44)
	at org.junit.internal.runners.model.ReflectiveCallable.run(ReflectiveCallable.java:15)
	at org.junit.runners.model.FrameworkMethod.invokeExplosively(FrameworkMethod.java:41)
	at junitparams.internal.InvokeParameterisedMethod.evaluate(InvokeParameterisedMethod.java:102)
	at org.junit.internal.runners.statements.FailOnTimeout$1.run(FailOnTimeout.java:28)
Caused by: ptolemy.kernel.util.IllegalActionException: Test fails in iteration 1.
Value was: 1.0. Should have been: 2.0
  in .DirectFeedback.Test
	at ptolemy.actor.lib.Test.fire(Test.java:268)
	at ptolemy.domains.de.kernel.DEDirector._fire(DEDirector.java:1949)
	at ptolemy.domains.de.kernel.DEDirector.fire(DEDirector.java:502)
	at ptolemy.actor.CompositeActor.fire(CompositeActor.java:455)
	at ptolemy.actor.Manager.iterate(Manager.java:851)
	at ptolemy.actor.Manager.execute(Manager.java:369)
	at ptolemy.actor.Manager.run(Manager.java:1263)
	at ptolemy.actor.Manager$PtolemyRunThread.run(Manager.java:1933)
java.lang.RuntimeException: Execution failed
	at ptolemy.moml.MoMLSimpleApplication$UnloadThread.run(MoMLSimpleApplication.java:402)
Caused by: ptolemy.kernel.util.IllegalActionException: Found a zero delay loop containing .HierarchicalModel.A
  in .HierarchicalModel and .HierarchicalModel.A
	at ptolemy.actor.util.CausalityInterfaceForComposites._computeOutputPortDepth(CausalityInterfaceForComposites.java:759)
	at ptolemy.actor.util.CausalityInterfaceForComposites._computeInputDepth(CausalityInterfaceForComposites.java:696)
	at ptolemy.actor.util.CausalityInterfaceForComposites._computeOutputPortDepth(CausalityInterfaceForComposites.java:765)
	at ptolemy.actor.util.CausalityInterfaceForComposites._computeInputDepth(CausalityInterfaceForComposites.java:696)
	at ptolemy.actor.util.CausalityInterfaceForComposites._computeOutputPortDepth(CausalityInterfaceForComposites.java:765)
	at ptolemy.actor.util.CausalityInterfaceForComposites._computeInputDepth(CausalityInterfaceForComposites.java:696)
	at ptolemy.actor.util.CausalityInterfaceForComposites._computeActorDepth(CausalityInterfaceForComposites.java:532)
	at ptolemy.actor.util.CausalityInterfaceForComposites.checkForCycles(CausalityInterfaceForComposites.java:96)
	at ptolemy.domains.de.kernel.DEDirector.preinitialize(DEDirector.java:1338)
	at ptolemy.actor.CompositeActor.preinitialize(CompositeActor.java:1828)
	at ptolemy.actor.Manager.preinitializeAndResolveTypes(Manager.java:1040)
	at ptolemy.actor.Manager.initialize(Manager.java:710)
	at ptolemy.actor.Manager.execute(Manager.java:356)
	at ptolemy.actor.Manager.run(Manager.java:1263)
	at ptolemy.actor.Manager$PtolemyRunThread.run(Manager.java:1933)
java.lang.reflect.InvocationTargetException
	at java.base/jdk.internal.reflect.NativeConstructorAccessorImpl.newInstance0(Native Method)
	at java.base/jdk.internal.reflect.NativeConstructorAccessorImpl.newInstance(NativeConstructorAccessorImpl.java:62)
	at java.base/jdk.internal.reflect.DelegatingConstructorAccessorImpl.newInstance(DelegatingConstructorAccessorImpl.java:45)
	at java.base/java.lang.reflect.Constructor.newInstance(Constructor.java:490)
	at ptolemy.util.test.junit.AutoKnownFailedTests.RunModel(AutoKnownFailedTests.java:105)
	at java.base/jdk.internal.reflect.NativeMethodAccessorImpl.invoke0(Native Method)
	at java.base/jdk.internal.reflect.NativeMethodAccessorImpl.invoke(NativeMethodAccessorImpl.java:62)
	at java.base/jdk.internal.reflect.DelegatingMethodAccessorImpl.invoke(DelegatingMethodAccessorImpl.java:43)
	at java.base/java.lang.reflect.Method.invoke(Method.java:566)
	at org.junit.runners.model.FrameworkMethod$1.runReflectiveCall(FrameworkMethod.java:44)
	at org.junit.internal.runners.model.ReflectiveCallable.run(ReflectiveCallable.java:15)
	at org.junit.runners.model.FrameworkMethod.invokeExplosively(FrameworkMethod.java:41)
	at junitparams.internal.InvokeParameterisedMethod.evaluate(InvokeParameterisedMethod.java:102)
	at org.junit.internal.runners.statements.FailOnTimeout$1.run(FailOnTimeout.java:28)
Caused by: ptolemy.kernel.util.IllegalActionException: Found a zero delay loop containing .HierarchicalModel.A
  in .HierarchicalModel and .HierarchicalModel.A
	at ptolemy.actor.util.CausalityInterfaceForComposites._computeOutputPortDepth(CausalityInterfaceForComposites.java:759)
	at ptolemy.actor.util.CausalityInterfaceForComposites._computeInputDepth(CausalityInterfaceForComposites.java:696)
	at ptolemy.actor.util.CausalityInterfaceForComposites._computeOutputPortDepth(CausalityInterfaceForComposites.java:765)
	at ptolemy.actor.util.CausalityInterfaceForComposites._computeInputDepth(CausalityInterfaceForComposites.java:696)
	at ptolemy.actor.util.CausalityInterfaceForComposites._computeOutputPortDepth(CausalityInterfaceForComposites.java:765)
	at ptolemy.actor.util.CausalityInterfaceForComposites._computeInputDepth(CausalityInterfaceForComposites.java:696)
	at ptolemy.actor.util.CausalityInterfaceForComposites._computeActorDepth(CausalityInterfaceForComposites.java:532)
	at ptolemy.actor.util.CausalityInterfaceForComposites.checkForCycles(CausalityInterfaceForComposites.java:96)
	at ptolemy.domains.de.kernel.DEDirector.preinitialize(DEDirector.java:1338)
	at ptolemy.actor.CompositeActor.preinitialize(CompositeActor.java:1828)
	at ptolemy.actor.Manager.preinitializeAndResolveTypes(Manager.java:1040)
	at ptolemy.actor.Manager.initialize(Manager.java:710)
	at ptolemy.actor.Manager.execute(Manager.java:356)
	at ptolemy.actor.Manager.run(Manager.java:1263)
	at ptolemy.actor.Manager$PtolemyRunThread.run(Manager.java:1933)
java.lang.RuntimeException: Execution failed
	at ptolemy.moml.MoMLSimpleApplication$UnloadThread.run(MoMLSimpleApplication.java:402)
Caused by: ptolemy.kernel.util.IllegalActionException: Found a zero delay loop containing .dependencyLoop.original
  in .dependencyLoop and .dependencyLoop.original
	at ptolemy.actor.util.CausalityInterfaceForComposites._computeOutputPortDepth(CausalityInterfaceForComposites.java:759)
	at ptolemy.actor.util.CausalityInterfaceForComposites._computeInputDepth(CausalityInterfaceForComposites.java:696)
	at ptolemy.actor.util.CausalityInterfaceForComposites._computeOutputPortDepth(CausalityInterfaceForComposites.java:765)
	at ptolemy.actor.util.CausalityInterfaceForComposites._computeInputDepth(CausalityInterfaceForComposites.java:696)
	at ptolemy.actor.util.CausalityInterfaceForComposites._computeOutputPortDepth(CausalityInterfaceForComposites.java:765)
	at ptolemy.actor.util.CausalityInterfaceForComposites._computeInputDepth(CausalityInterfaceForComposites.java:696)
	at ptolemy.actor.util.CausalityInterfaceForComposites._computeActorDepth(CausalityInterfaceForComposites.java:532)
	at ptolemy.actor.util.CausalityInterfaceForComposites.checkForCycles(CausalityInterfaceForComposites.java:96)
	at ptolemy.domains.de.kernel.DEDirector.preinitialize(DEDirector.java:1338)
	at ptolemy.actor.CompositeActor.preinitialize(CompositeActor.java:1828)
	at ptolemy.actor.Manager.preinitializeAndResolveTypes(Manager.java:1040)
	at ptolemy.actor.Manager.initialize(Manager.java:710)
	at ptolemy.actor.Manager.execute(Manager.java:356)
	at ptolemy.actor.Manager.run(Manager.java:1263)
	at ptolemy.actor.Manager$PtolemyRunThread.run(Manager.java:1933)
java.lang.reflect.InvocationTargetException
	at java.base/jdk.internal.reflect.NativeConstructorAccessorImpl.newInstance0(Native Method)
	at java.base/jdk.internal.reflect.NativeConstructorAccessorImpl.newInstance(NativeConstructorAccessorImpl.java:62)
	at java.base/jdk.internal.reflect.DelegatingConstructorAccessorImpl.newInstance(DelegatingConstructorAccessorImpl.java:45)
	at java.base/java.lang.reflect.Constructor.newInstance(Constructor.java:490)
	at ptolemy.util.test.junit.AutoKnownFailedTests.RunModel(AutoKnownFailedTests.java:105)
	at java.base/jdk.internal.reflect.NativeMethodAccessorImpl.invoke0(Native Method)
	at java.base/jdk.internal.reflect.NativeMethodAccessorImpl.invoke(NativeMethodAccessorImpl.java:62)
	at java.base/jdk.internal.reflect.DelegatingMethodAccessorImpl.invoke(DelegatingMethodAccessorImpl.java:43)
	at java.base/java.lang.reflect.Method.invoke(Method.java:566)
	at org.junit.runners.model.FrameworkMethod$1.runReflectiveCall(FrameworkMethod.java:44)
	at org.junit.internal.runners.model.ReflectiveCallable.run(ReflectiveCallable.java:15)
	at org.junit.runners.model.FrameworkMethod.invokeExplosively(FrameworkMethod.java:41)
	at junitparams.internal.InvokeParameterisedMethod.evaluate(InvokeParameterisedMethod.java:102)
	at org.junit.internal.runners.statements.FailOnTimeout$1.run(FailOnTimeout.java:28)
Caused by: ptolemy.kernel.util.IllegalActionException: Found a zero delay loop containing .dependencyLoop.original
  in .dependencyLoop and .dependencyLoop.original
	at ptolemy.actor.util.CausalityInterfaceForComposites._computeOutputPortDepth(CausalityInterfaceForComposites.java:759)
	at ptolemy.actor.util.CausalityInterfaceForComposites._computeInputDepth(CausalityInterfaceForComposites.java:696)
	at ptolemy.actor.util.CausalityInterfaceForComposites._computeOutputPortDepth(CausalityInterfaceForComposites.java:765)
	at ptolemy.actor.util.CausalityInterfaceForComposites._computeInputDepth(CausalityInterfaceForComposites.java:696)
	at ptolemy.actor.util.CausalityInterfaceForComposites._computeOutputPortDepth(CausalityInterfaceForComposites.java:765)
	at ptolemy.actor.util.CausalityInterfaceForComposites._computeInputDepth(CausalityInterfaceForComposites.java:696)
	at ptolemy.actor.util.CausalityInterfaceForComposites._computeActorDepth(CausalityInterfaceForComposites.java:532)
	at ptolemy.actor.util.CausalityInterfaceForComposites.checkForCycles(CausalityInterfaceForComposites.java:96)
	at ptolemy.domains.de.kernel.DEDirector.preinitialize(DEDirector.java:1338)
	at ptolemy.actor.CompositeActor.preinitialize(CompositeActor.java:1828)
	at ptolemy.actor.Manager.preinitializeAndResolveTypes(Manager.java:1040)
	at ptolemy.actor.Manager.initialize(Manager.java:710)
	at ptolemy.actor.Manager.execute(Manager.java:356)
	at ptolemy.actor.Manager.run(Manager.java:1263)
	at ptolemy.actor.Manager$PtolemyRunThread.run(Manager.java:1933)
java.lang.RuntimeException: Execution failed
	at ptolemy.moml.MoMLSimpleApplication$UnloadThread.run(MoMLSimpleApplication.java:402)
Caused by: ptolemy.kernel.util.IllegalActionException: Found a zero delay loop containing .dependencyLoop2.original
  in .dependencyLoop2 and .dependencyLoop2.original
	at ptolemy.actor.util.CausalityInterfaceForComposites._computeOutputPortDepth(CausalityInterfaceForComposites.java:759)
	at ptolemy.actor.util.CausalityInterfaceForComposites._computeInputDepth(CausalityInterfaceForComposites.java:696)
	at ptolemy.actor.util.CausalityInterfaceForComposites._computeOutputPortDepth(CausalityInterfaceForComposites.java:765)
	at ptolemy.actor.util.CausalityInterfaceForComposites._computeInputDepth(CausalityInterfaceForComposites.java:696)
	at ptolemy.actor.util.CausalityInterfaceForComposites._computeOutputPortDepth(CausalityInterfaceForComposites.java:765)
	at ptolemy.actor.util.CausalityInterfaceForComposites._computeInputDepth(CausalityInterfaceForComposites.java:696)
	at ptolemy.actor.util.CausalityInterfaceForComposites._computeActorDepth(CausalityInterfaceForComposites.java:532)
	at ptolemy.actor.util.CausalityInterfaceForComposites.checkForCycles(CausalityInterfaceForComposites.java:96)
	at ptolemy.domains.de.kernel.DEDirector.preinitialize(DEDirector.java:1338)
	at ptolemy.actor.CompositeActor.preinitialize(CompositeActor.java:1828)
	at ptolemy.actor.Manager.preinitializeAndResolveTypes(Manager.java:1040)
	at ptolemy.actor.Manager.initialize(Manager.java:710)
	at ptolemy.actor.Manager.execute(Manager.java:356)
	at ptolemy.actor.Manager.run(Manager.java:1263)
	at ptolemy.actor.Manager$PtolemyRunThread.run(Manager.java:1933)
java.lang.reflect.InvocationTargetException
	at java.base/jdk.internal.reflect.NativeConstructorAccessorImpl.newInstance0(Native Method)
	at java.base/jdk.internal.reflect.NativeConstructorAccessorImpl.newInstance(NativeConstructorAccessorImpl.java:62)
	at java.base/jdk.internal.reflect.DelegatingConstructorAccessorImpl.newInstance(DelegatingConstructorAccessorImpl.java:45)
	at java.base/java.lang.reflect.Constructor.newInstance(Constructor.java:490)
	at ptolemy.util.test.junit.AutoKnownFailedTests.RunModel(AutoKnownFailedTests.java:105)
	at java.base/jdk.internal.reflect.NativeMethodAccessorImpl.invoke0(Native Method)
	at java.base/jdk.internal.reflect.NativeMethodAccessorImpl.invoke(NativeMethodAccessorImpl.java:62)
	at java.base/jdk.internal.reflect.DelegatingMethodAccessorImpl.invoke(DelegatingMethodAccessorImpl.java:43)
	at java.base/java.lang.reflect.Method.invoke(Method.java:566)
	at org.junit.runners.model.FrameworkMethod$1.runReflectiveCall(FrameworkMethod.java:44)
	at org.junit.internal.runners.model.ReflectiveCallable.run(ReflectiveCallable.java:15)
	at org.junit.runners.model.FrameworkMethod.invokeExplosively(FrameworkMethod.java:41)
	at junitparams.internal.InvokeParameterisedMethod.evaluate(InvokeParameterisedMethod.java:102)
	at org.junit.internal.runners.statements.FailOnTimeout$1.run(FailOnTimeout.java:28)
Caused by: ptolemy.kernel.util.IllegalActionException: Found a zero delay loop containing .dependencyLoop2.original
  in .dependencyLoop2 and .dependencyLoop2.original
	at ptolemy.actor.util.CausalityInterfaceForComposites._computeOutputPortDepth(CausalityInterfaceForComposites.java:759)
	at ptolemy.actor.util.CausalityInterfaceForComposites._computeInputDepth(CausalityInterfaceForComposites.java:696)
	at ptolemy.actor.util.CausalityInterfaceForComposites._computeOutputPortDepth(CausalityInterfaceForComposites.java:765)
	at ptolemy.actor.util.CausalityInterfaceForComposites._computeInputDepth(CausalityInterfaceForComposites.java:696)
	at ptolemy.actor.util.CausalityInterfaceForComposites._computeOutputPortDepth(CausalityInterfaceForComposites.java:765)
	at ptolemy.actor.util.CausalityInterfaceForComposites._computeInputDepth(CausalityInterfaceForComposites.java:696)
	at ptolemy.actor.util.CausalityInterfaceForComposites._computeActorDepth(CausalityInterfaceForComposites.java:532)
	at ptolemy.actor.util.CausalityInterfaceForComposites.checkForCycles(CausalityInterfaceForComposites.java:96)
	at ptolemy.domains.de.kernel.DEDirector.preinitialize(DEDirector.java:1338)
	at ptolemy.actor.CompositeActor.preinitialize(CompositeActor.java:1828)
	at ptolemy.actor.Manager.preinitializeAndResolveTypes(Manager.java:1040)
	at ptolemy.actor.Manager.initialize(Manager.java:710)
	at ptolemy.actor.Manager.execute(Manager.java:356)
	at ptolemy.actor.Manager.run(Manager.java:1263)
	at ptolemy.actor.Manager$PtolemyRunThread.run(Manager.java:1933)
]]></system-err>
</testsuite>
