<?xml version="1.0" encoding="UTF-8" ?>
<testsuite errors="0" failures="0" hostname="travis-job-90fc21ee-060c-4675-901c-1c463d4b26c4" name="ptolemy.actor.lib.hoc.test.junit.JUnitTclTest" skipped="0" tests="58" time="24.306" timestamp="2019-05-15T04:58:01">
  <properties>
[...]
</properties>
  <testcase classname="ptolemy.util.test.junit.TclTests" name="[0] /home/travis/build/icyphy/ptII/ptolemy/actor/lib/hoc/test/IterateOverArray.tcl (RunTclFile)" time="0.285" />
  <testcase classname="ptolemy.util.test.junit.AutoKnownFailedTests" name="[0] /home/travis/build/icyphy/ptII/ptolemy/actor/lib/hoc/test/auto/knownFailedTests/PreinitializeMustBeInvokedRunComposite.xml (RunModel)" time="0.225" />
  <testcase classname="ptolemy.util.test.junit.AutoNameArchTests" name="[0] ThereAreNoAutoArchTests (RunModel)" time="0.002" />
  <testcase classname="ptolemy.util.test.junit.AutoTests" name="[0] /home/travis/build/icyphy/ptII/ptolemy/actor/lib/hoc/test/auto/AllToAllMultiInstanceComposite.xml (RunModel)" time="0.245" />
  <testcase classname="ptolemy.util.test.junit.AutoTests" name="[1] /home/travis/build/icyphy/ptII/ptolemy/actor/lib/hoc/test/auto/ApplyFFTTest.xml (RunModel)" time="0.285" />
  <testcase classname="ptolemy.util.test.junit.AutoTests" name="[2] /home/travis/build/icyphy/ptII/ptolemy/actor/lib/hoc/test/auto/ApplyFunction.xml (RunModel)" time="0.054" />
  <testcase classname="ptolemy.util.test.junit.AutoTests" name="[3] /home/travis/build/icyphy/ptII/ptolemy/actor/lib/hoc/test/auto/BackgroundExecution.xml (RunModel)" time="0.723" />
  <testcase classname="ptolemy.util.test.junit.AutoTests" name="[4] /home/travis/build/icyphy/ptII/ptolemy/actor/lib/hoc/test/auto/Case.xml (RunModel)" time="0.051" />
  <testcase classname="ptolemy.util.test.junit.AutoTests" name="[5] /home/travis/build/icyphy/ptII/ptolemy/actor/lib/hoc/test/auto/Case1.xml (RunModel)" time="0.075" />
  <testcase classname="ptolemy.util.test.junit.AutoTests" name="[6] /home/travis/build/icyphy/ptII/ptolemy/actor/lib/hoc/test/auto/Case2.xml (RunModel)" time="0.061" />
  <testcase classname="ptolemy.util.test.junit.AutoTests" name="[7] /home/travis/build/icyphy/ptII/ptolemy/actor/lib/hoc/test/auto/Case3.xml (RunModel)" time="0.027" />
  <testcase classname="ptolemy.util.test.junit.AutoTests" name="[8] /home/travis/build/icyphy/ptII/ptolemy/actor/lib/hoc/test/auto/Case4.xml (RunModel)" time="0.031" />
  <testcase classname="ptolemy.util.test.junit.AutoTests" name="[9] /home/travis/build/icyphy/ptII/ptolemy/actor/lib/hoc/test/auto/Case5.xml (RunModel)" time="0.045" />
  <testcase classname="ptolemy.util.test.junit.AutoTests" name="[10] /home/travis/build/icyphy/ptII/ptolemy/actor/lib/hoc/test/auto/Case6.xml (RunModel)" time="0.117" />
  <testcase classname="ptolemy.util.test.junit.AutoTests" name="[11] /home/travis/build/icyphy/ptII/ptolemy/actor/lib/hoc/test/auto/CaseString2.xml (RunModel)" time="0.048" />
  <testcase classname="ptolemy.util.test.junit.AutoTests" name="[12] /home/travis/build/icyphy/ptII/ptolemy/actor/lib/hoc/test/auto/CatchUpComposite1.xml (RunModel)" time="0.08" />
  <testcase classname="ptolemy.util.test.junit.AutoTests" name="[13] /home/travis/build/icyphy/ptII/ptolemy/actor/lib/hoc/test/auto/CatchUpComposite2.xml (RunModel)" time="0.074" />
  <testcase classname="ptolemy.util.test.junit.AutoTests" name="[14] /home/travis/build/icyphy/ptII/ptolemy/actor/lib/hoc/test/auto/CatchUpComposite3.xml (RunModel)" time="0.063" />
  <testcase classname="ptolemy.util.test.junit.AutoTests" name="[15] /home/travis/build/icyphy/ptII/ptolemy/actor/lib/hoc/test/auto/CatchUpComposite4.xml (RunModel)" time="0.061" />
  <testcase classname="ptolemy.util.test.junit.AutoTests" name="[16] /home/travis/build/icyphy/ptII/ptolemy/actor/lib/hoc/test/auto/CatchUpComposite5.xml (RunModel)" time="0.041" />
  <testcase classname="ptolemy.util.test.junit.AutoTests" name="[17] /home/travis/build/icyphy/ptII/ptolemy/actor/lib/hoc/test/auto/CatchUpComposite6.xml (RunModel)" time="0.166" />
  <testcase classname="ptolemy.util.test.junit.AutoTests" name="[18] /home/travis/build/icyphy/ptII/ptolemy/actor/lib/hoc/test/auto/CatchUpComposite7.xml (RunModel)" time="0.099" />
  <testcase classname="ptolemy.util.test.junit.AutoTests" name="[19] /home/travis/build/icyphy/ptII/ptolemy/actor/lib/hoc/test/auto/ConcurrentExecutionTimeSDF.xml (RunModel)" time="1.233" />
  <testcase classname="ptolemy.util.test.junit.AutoTests" name="[20] /home/travis/build/icyphy/ptII/ptolemy/actor/lib/hoc/test/auto/ConcurrentSleep.xml (RunModel)" time="0.779" />
  <testcase classname="ptolemy.util.test.junit.AutoTests" name="[21] /home/travis/build/icyphy/ptII/ptolemy/actor/lib/hoc/test/auto/DEInPNInRunCompositeActor.xml (RunModel)" time="0.041" />
  <testcase classname="ptolemy.util.test.junit.AutoTests" name="[22] /home/travis/build/icyphy/ptII/ptolemy/actor/lib/hoc/test/auto/DFTSubSetTest.xml (RunModel)" time="0.306" />
  <testcase classname="ptolemy.util.test.junit.AutoTests" name="[23] /home/travis/build/icyphy/ptII/ptolemy/actor/lib/hoc/test/auto/HocDE.xml (RunModel)" time="0.166" />
  <testcase classname="ptolemy.util.test.junit.AutoTests" name="[24] /home/travis/build/icyphy/ptII/ptolemy/actor/lib/hoc/test/auto/IterateOverArray.xml (RunModel)" time="0.025" />
  <testcase classname="ptolemy.util.test.junit.AutoTests" name="[25] /home/travis/build/icyphy/ptII/ptolemy/actor/lib/hoc/test/auto/IterateOverArray10.xml (RunModel)" time="0.022" />
  <testcase classname="ptolemy.util.test.junit.AutoTests" name="[26] /home/travis/build/icyphy/ptII/ptolemy/actor/lib/hoc/test/auto/IterateOverArray11.xml (RunModel)" time="0.046" />
  <testcase classname="ptolemy.util.test.junit.AutoTests" name="[27] /home/travis/build/icyphy/ptII/ptolemy/actor/lib/hoc/test/auto/IterateOverArray12.xml (RunModel)" time="0.043" />
  <testcase classname="ptolemy.util.test.junit.AutoTests" name="[28] /home/travis/build/icyphy/ptII/ptolemy/actor/lib/hoc/test/auto/IterateOverArray13.xml (RunModel)" time="0.125" />
  <testcase classname="ptolemy.util.test.junit.AutoTests" name="[29] /home/travis/build/icyphy/ptII/ptolemy/actor/lib/hoc/test/auto/IterateOverArray14.xml (RunModel)" time="0.171" />
  <testcase classname="ptolemy.util.test.junit.AutoTests" name="[30] /home/travis/build/icyphy/ptII/ptolemy/actor/lib/hoc/test/auto/IterateOverArray2.xml (RunModel)" time="0.034" />
  <testcase classname="ptolemy.util.test.junit.AutoTests" name="[31] /home/travis/build/icyphy/ptII/ptolemy/actor/lib/hoc/test/auto/IterateOverArray3.xml (RunModel)" time="0.049" />
  <testcase classname="ptolemy.util.test.junit.AutoTests" name="[32] /home/travis/build/icyphy/ptII/ptolemy/actor/lib/hoc/test/auto/IterateOverArray4.xml (RunModel)" time="0.024" />
  <testcase classname="ptolemy.util.test.junit.AutoTests" name="[33] /home/travis/build/icyphy/ptII/ptolemy/actor/lib/hoc/test/auto/IterateOverArray5.xml (RunModel)" time="0.025" />
  <testcase classname="ptolemy.util.test.junit.AutoTests" name="[34] /home/travis/build/icyphy/ptII/ptolemy/actor/lib/hoc/test/auto/IterateOverArray6.xml (RunModel)" time="0.022" />
  <testcase classname="ptolemy.util.test.junit.AutoTests" name="[35] /home/travis/build/icyphy/ptII/ptolemy/actor/lib/hoc/test/auto/IterateOverArray7.xml (RunModel)" time="0.023" />
  <testcase classname="ptolemy.util.test.junit.AutoTests" name="[36] /home/travis/build/icyphy/ptII/ptolemy/actor/lib/hoc/test/auto/IterateOverArray8.xml (RunModel)" time="0.024" />
  <testcase classname="ptolemy.util.test.junit.AutoTests" name="[37] /home/travis/build/icyphy/ptII/ptolemy/actor/lib/hoc/test/auto/IterateOverArray9.xml (RunModel)" time="0.026" />
  <testcase classname="ptolemy.util.test.junit.AutoTests" name="[38] /home/travis/build/icyphy/ptII/ptolemy/actor/lib/hoc/test/auto/IterateOverArrayCoercedOutputType.xml (RunModel)" time="0.03" />
  <testcase classname="ptolemy.util.test.junit.AutoTests" name="[39] /home/travis/build/icyphy/ptII/ptolemy/actor/lib/hoc/test/auto/IterateOverArrayInferredOutputType.xml (RunModel)" time="0.039" />
  <testcase classname="ptolemy.util.test.junit.AutoTests" name="[40] /home/travis/build/icyphy/ptII/ptolemy/actor/lib/hoc/test/auto/MobileFunctionTest.xml (RunModel)" time="0.03" />
  <testcase classname="ptolemy.util.test.junit.AutoTests" name="[41] /home/travis/build/icyphy/ptII/ptolemy/actor/lib/hoc/test/auto/MobileModelTest.xml (RunModel)" time="0.122" />
  <testcase classname="ptolemy.util.test.junit.AutoTests" name="[42] /home/travis/build/icyphy/ptII/ptolemy/actor/lib/hoc/test/auto/ModelReference.xml (RunModel)" time="0.07" />
  <testcase classname="ptolemy.util.test.junit.AutoTests" name="[43] /home/travis/build/icyphy/ptII/ptolemy/actor/lib/hoc/test/auto/ModelReference3.xml (RunModel)" time="0.055" />
  <testcase classname="ptolemy.util.test.junit.AutoTests" name="[44] /home/travis/build/icyphy/ptII/ptolemy/actor/lib/hoc/test/auto/ModelReference4.xml (RunModel)" time="10.046" />
  <testcase classname="ptolemy.util.test.junit.AutoTests" name="[45] /home/travis/build/icyphy/ptII/ptolemy/actor/lib/hoc/test/auto/MultiInstanceComposite.xml (RunModel)" time="0.048" />
  <testcase classname="ptolemy.util.test.junit.AutoTests" name="[46] /home/travis/build/icyphy/ptII/ptolemy/actor/lib/hoc/test/auto/MultiInstanceComposite2.xml (RunModel)" time="0.038" />
  <testcase classname="ptolemy.util.test.junit.AutoTests" name="[47] /home/travis/build/icyphy/ptII/ptolemy/actor/lib/hoc/test/auto/MulticoreExecution.xml (RunModel)" time="1.082" />
  <testcase classname="ptolemy.util.test.junit.AutoTests" name="[48] /home/travis/build/icyphy/ptII/ptolemy/actor/lib/hoc/test/auto/ParallelExecution.xml (RunModel)" time="0.941" />
  <testcase classname="ptolemy.util.test.junit.AutoTests" name="[49] /home/travis/build/icyphy/ptII/ptolemy/actor/lib/hoc/test/auto/RunCompositeActor.xml (RunModel)" time="0.031" />
  <testcase classname="ptolemy.util.test.junit.AutoTests" name="[50] /home/travis/build/icyphy/ptII/ptolemy/actor/lib/hoc/test/auto/RunCompositeActor2.xml (RunModel)" time="0.027" />
  <testcase classname="ptolemy.util.test.junit.AutoTests" name="[51] /home/travis/build/icyphy/ptII/ptolemy/actor/lib/hoc/test/auto/RunCompositeActor3.xml (RunModel)" time="0.021" />
  <testcase classname="ptolemy.util.test.junit.AutoTests" name="[52] /home/travis/build/icyphy/ptII/ptolemy/actor/lib/hoc/test/auto/RunCompositeActor4.xml (RunModel)" time="0.054" />
  <testcase classname="ptolemy.util.test.junit.AutoTests" name="[53] /home/travis/build/icyphy/ptII/ptolemy/actor/lib/hoc/test/auto/RunCompositeIterateOverArray.xml (RunModel)" time="0.048" />
  <testcase classname="ptolemy.util.test.junit.AutoTests" name="[54] /home/travis/build/icyphy/ptII/ptolemy/actor/lib/hoc/test/auto/ThreadedJS.xml (RunModel)" time="5.084" />
  <system-out><![CDATA[/home/travis/build/icyphy/ptII/ptolemy/actor/lib/hoc/test/IterateOverArray.tcl
testDefs.tcl: setting time out to 9000 seconds at Wed May 15 04:58:02 UTC 2019
05/15/19 04:58:02
Failed: 0  Total Tests: 2  ((Passed: 2, Newly Passed: 0)  Known Failed: 0) /home/travis/build/icyphy/ptII/ptolemy/actor/lib/hoc/test
----------------- testing (KnownFailure) /home/travis/build/icyphy/ptII/ptolemy/actor/lib/hoc/test/auto/knownFailedTests/PreinitializeMustBeInvokedRunComposite.xml
45 ms. Memory: 116224K Free: 106846K (92%)
Known Failure: java.lang.reflect.InvocationTargetException
No auto/linux-amd64/*.xml tests in /home/travis/build/icyphy/ptII/ptolemy/actor/lib/hoc/test
AutoTests.java: About to close Vertx.
AutoTests.java: Vertx closed.

===========================================================================================
----------------- testing Wed May 15 04:58:02 UTC 2019 /home/travis/build/icyphy/ptII/ptolemy/actor/lib/hoc/test/auto/AllToAllMultiInstanceComposite.xml
----------------- Instantiating /home/travis/build/icyphy/ptII/ptolemy/actor/lib/hoc/test/auto/AllToAllMultiInstanceComposite.xml
121 ms. Memory: 146944K Free: 120755K (82%)
----------------- Invoking toplevel() on ptolemy.moml.MoMLSimpleApplication@3244e0f5
----------------- Done invoking toplevel() on ptolemy.moml.MoMLSimpleApplication@3244e0f5
reloadAllAccessors: .AllToAllMultiInstanceComposite

===========================================================================================
----------------- testing Wed May 15 04:58:03 UTC 2019 /home/travis/build/icyphy/ptII/ptolemy/actor/lib/hoc/test/auto/ApplyFFTTest.xml
----------------- Instantiating /home/travis/build/icyphy/ptII/ptolemy/actor/lib/hoc/test/auto/ApplyFFTTest.xml
109 ms. Memory: 146944K Free: 100866K (69%)
----------------- Invoking toplevel() on ptolemy.moml.MoMLSimpleApplication@51bb0a1d
----------------- Done invoking toplevel() on ptolemy.moml.MoMLSimpleApplication@51bb0a1d
reloadAllAccessors: .ApplyFFTTest

===========================================================================================
----------------- testing Wed May 15 04:58:03 UTC 2019 /home/travis/build/icyphy/ptII/ptolemy/actor/lib/hoc/test/auto/ApplyFunction.xml
----------------- Instantiating /home/travis/build/icyphy/ptII/ptolemy/actor/lib/hoc/test/auto/ApplyFunction.xml
12 ms. Memory: 146944K Free: 97524K (66%)
----------------- Invoking toplevel() on ptolemy.moml.MoMLSimpleApplication@2bb486c9
----------------- Done invoking toplevel() on ptolemy.moml.MoMLSimpleApplication@2bb486c9
reloadAllAccessors: .ApplyFunction

===========================================================================================
----------------- testing Wed May 15 04:58:03 UTC 2019 /home/travis/build/icyphy/ptII/ptolemy/actor/lib/hoc/test/auto/BackgroundExecution.xml
----------------- Instantiating /home/travis/build/icyphy/ptII/ptolemy/actor/lib/hoc/test/auto/BackgroundExecution.xml
628 ms. Memory: 146944K Free: 89933K (61%)
----------------- Invoking toplevel() on ptolemy.moml.MoMLSimpleApplication@7d3a6421
----------------- Done invoking toplevel() on ptolemy.moml.MoMLSimpleApplication@7d3a6421
reloadAllAccessors: .BackgroundExecution

===========================================================================================
----------------- testing Wed May 15 04:58:04 UTC 2019 /home/travis/build/icyphy/ptII/ptolemy/actor/lib/hoc/test/auto/Case.xml
----------------- Instantiating /home/travis/build/icyphy/ptII/ptolemy/actor/lib/hoc/test/auto/Case.xml
17 ms. Memory: 146944K Free: 81411K (55%)
----------------- Invoking toplevel() on ptolemy.moml.MoMLSimpleApplication@46298dbd
----------------- Done invoking toplevel() on ptolemy.moml.MoMLSimpleApplication@46298dbd
reloadAllAccessors: .Case

===========================================================================================
----------------- testing Wed May 15 04:58:04 UTC 2019 /home/travis/build/icyphy/ptII/ptolemy/actor/lib/hoc/test/auto/Case1.xml
----------------- Instantiating /home/travis/build/icyphy/ptII/ptolemy/actor/lib/hoc/test/auto/Case1.xml
14 ms. Memory: 146944K Free: 136465K (93%)
----------------- Invoking toplevel() on ptolemy.moml.MoMLSimpleApplication@390c9e7f
----------------- Done invoking toplevel() on ptolemy.moml.MoMLSimpleApplication@390c9e7f
reloadAllAccessors: .Case1

===========================================================================================
----------------- testing Wed May 15 04:58:04 UTC 2019 /home/travis/build/icyphy/ptII/ptolemy/actor/lib/hoc/test/auto/Case2.xml
----------------- Instantiating /home/travis/build/icyphy/ptII/ptolemy/actor/lib/hoc/test/auto/Case2.xml
26 ms. Memory: 146944K Free: 125246K (85%)
----------------- Invoking toplevel() on ptolemy.moml.MoMLSimpleApplication@6ab49fcf
----------------- Done invoking toplevel() on ptolemy.moml.MoMLSimpleApplication@6ab49fcf
reloadAllAccessors: .Case2

===========================================================================================
----------------- testing Wed May 15 04:58:04 UTC 2019 /home/travis/build/icyphy/ptII/ptolemy/actor/lib/hoc/test/auto/Case3.xml
----------------- Instantiating /home/travis/build/icyphy/ptII/ptolemy/actor/lib/hoc/test/auto/Case3.xml
7 ms. Memory: 146944K Free: 118933K (81%)
----------------- Invoking toplevel() on ptolemy.moml.MoMLSimpleApplication@74c732c6
----------------- Done invoking toplevel() on ptolemy.moml.MoMLSimpleApplication@74c732c6
reloadAllAccessors: .Case3

===========================================================================================
----------------- testing Wed May 15 04:58:04 UTC 2019 /home/travis/build/icyphy/ptII/ptolemy/actor/lib/hoc/test/auto/Case4.xml
----------------- Instantiating /home/travis/build/icyphy/ptII/ptolemy/actor/lib/hoc/test/auto/Case4.xml
8 ms. Memory: 146944K Free: 110300K (75%)
----------------- Invoking toplevel() on ptolemy.moml.MoMLSimpleApplication@43bbc852
----------------- Done invoking toplevel() on ptolemy.moml.MoMLSimpleApplication@43bbc852
reloadAllAccessors: .Case4

===========================================================================================
----------------- testing Wed May 15 04:58:04 UTC 2019 /home/travis/build/icyphy/ptII/ptolemy/actor/lib/hoc/test/auto/Case5.xml
----------------- Instantiating /home/travis/build/icyphy/ptII/ptolemy/actor/lib/hoc/test/auto/Case5.xml
27 ms. Memory: 146944K Free: 103594K (70%)
----------------- Invoking toplevel() on ptolemy.moml.MoMLSimpleApplication@112a2af7
----------------- Done invoking toplevel() on ptolemy.moml.MoMLSimpleApplication@112a2af7
reloadAllAccessors: .junk

===========================================================================================
----------------- testing Wed May 15 04:58:04 UTC 2019 /home/travis/build/icyphy/ptII/ptolemy/actor/lib/hoc/test/auto/Case6.xml
----------------- Instantiating /home/travis/build/icyphy/ptII/ptolemy/actor/lib/hoc/test/auto/Case6.xml
63 ms. Memory: 146944K Free: 90118K (61%)
----------------- Invoking toplevel() on ptolemy.moml.MoMLSimpleApplication@63cc8775
----------------- Done invoking toplevel() on ptolemy.moml.MoMLSimpleApplication@63cc8775
reloadAllAccessors: .Case6

===========================================================================================
----------------- testing Wed May 15 04:58:04 UTC 2019 /home/travis/build/icyphy/ptII/ptolemy/actor/lib/hoc/test/auto/CaseString2.xml
----------------- Instantiating /home/travis/build/icyphy/ptII/ptolemy/actor/lib/hoc/test/auto/CaseString2.xml
11 ms. Memory: 146944K Free: 82255K (56%)
----------------- Invoking toplevel() on ptolemy.moml.MoMLSimpleApplication@3ca43456
----------------- Done invoking toplevel() on ptolemy.moml.MoMLSimpleApplication@3ca43456
reloadAllAccessors: .CaseString2

===========================================================================================
----------------- testing Wed May 15 04:58:04 UTC 2019 /home/travis/build/icyphy/ptII/ptolemy/actor/lib/hoc/test/auto/CatchUpComposite1.xml
----------------- Instantiating /home/travis/build/icyphy/ptII/ptolemy/actor/lib/hoc/test/auto/CatchUpComposite1.xml
20 ms. Memory: 208384K Free: 195050K (94%)
----------------- Invoking toplevel() on ptolemy.moml.MoMLSimpleApplication@1ef4930d
----------------- Done invoking toplevel() on ptolemy.moml.MoMLSimpleApplication@1ef4930d
reloadAllAccessors: .CatchUpComposite1

===========================================================================================
----------------- testing Wed May 15 04:58:04 UTC 2019 /home/travis/build/icyphy/ptII/ptolemy/actor/lib/hoc/test/auto/CatchUpComposite2.xml
----------------- Instantiating /home/travis/build/icyphy/ptII/ptolemy/actor/lib/hoc/test/auto/CatchUpComposite2.xml
20 ms. Memory: 208384K Free: 185149K (89%)
----------------- Invoking toplevel() on ptolemy.moml.MoMLSimpleApplication@3703357d
----------------- Done invoking toplevel() on ptolemy.moml.MoMLSimpleApplication@3703357d
reloadAllAccessors: .CatchUpComposite2

===========================================================================================
----------------- testing Wed May 15 04:58:04 UTC 2019 /home/travis/build/icyphy/ptII/ptolemy/actor/lib/hoc/test/auto/CatchUpComposite3.xml
----------------- Instantiating /home/travis/build/icyphy/ptII/ptolemy/actor/lib/hoc/test/auto/CatchUpComposite3.xml
18 ms. Memory: 208384K Free: 175305K (84%)
----------------- Invoking toplevel() on ptolemy.moml.MoMLSimpleApplication@475f5a53
----------------- Done invoking toplevel() on ptolemy.moml.MoMLSimpleApplication@475f5a53
reloadAllAccessors: .CatchUpComposite3

===========================================================================================
----------------- testing Wed May 15 04:58:04 UTC 2019 /home/travis/build/icyphy/ptII/ptolemy/actor/lib/hoc/test/auto/CatchUpComposite4.xml
----------------- Instantiating /home/travis/build/icyphy/ptII/ptolemy/actor/lib/hoc/test/auto/CatchUpComposite4.xml
19 ms. Memory: 208384K Free: 165405K (79%)
----------------- Invoking toplevel() on ptolemy.moml.MoMLSimpleApplication@74ffc422
----------------- Done invoking toplevel() on ptolemy.moml.MoMLSimpleApplication@74ffc422
reloadAllAccessors: .CatchUpComposite4

===========================================================================================
----------------- testing Wed May 15 04:58:04 UTC 2019 /home/travis/build/icyphy/ptII/ptolemy/actor/lib/hoc/test/auto/CatchUpComposite5.xml
----------------- Instantiating /home/travis/build/icyphy/ptII/ptolemy/actor/lib/hoc/test/auto/CatchUpComposite5.xml
12 ms. Memory: 208384K Free: 156393K (75%)
----------------- Invoking toplevel() on ptolemy.moml.MoMLSimpleApplication@673fcb61
----------------- Done invoking toplevel() on ptolemy.moml.MoMLSimpleApplication@673fcb61
reloadAllAccessors: .CatchUpComposite5

===========================================================================================
----------------- testing Wed May 15 04:58:04 UTC 2019 /home/travis/build/icyphy/ptII/ptolemy/actor/lib/hoc/test/auto/CatchUpComposite6.xml
----------------- Instantiating /home/travis/build/icyphy/ptII/ptolemy/actor/lib/hoc/test/auto/CatchUpComposite6.xml
WARNING: The execution aspects in this model can influence the timing of actors by delaying the 
execution, potentially changing the behavior. There is no guarantee that actors fire at the 
time they request to be fired. 
Use Ptides for deterministic DE behavior that is not influenced by execution aspects. 

91 ms. Memory: 208384K Free: 139156K (67%)
----------------- Invoking toplevel() on ptolemy.moml.MoMLSimpleApplication@24ba4afe
----------------- Done invoking toplevel() on ptolemy.moml.MoMLSimpleApplication@24ba4afe
reloadAllAccessors: .CatchUpComposite6

===========================================================================================
----------------- testing Wed May 15 04:58:05 UTC 2019 /home/travis/build/icyphy/ptII/ptolemy/actor/lib/hoc/test/auto/CatchUpComposite7.xml
----------------- Instantiating /home/travis/build/icyphy/ptII/ptolemy/actor/lib/hoc/test/auto/CatchUpComposite7.xml
WARNING: The execution aspects in this model can influence the timing of actors by delaying the 
execution, potentially changing the behavior. There is no guarantee that actors fire at the 
time they request to be fired. 
Use Ptides for deterministic DE behavior that is not influenced by execution aspects. 

43 ms. Memory: 208384K Free: 122606K (59%)
----------------- Invoking toplevel() on ptolemy.moml.MoMLSimpleApplication@269416ae
----------------- Done invoking toplevel() on ptolemy.moml.MoMLSimpleApplication@269416ae
reloadAllAccessors: .CatchUpComposite7

===========================================================================================
----------------- testing Wed May 15 04:58:05 UTC 2019 /home/travis/build/icyphy/ptII/ptolemy/actor/lib/hoc/test/auto/ConcurrentExecutionTimeSDF.xml
----------------- Instantiating /home/travis/build/icyphy/ptII/ptolemy/actor/lib/hoc/test/auto/ConcurrentExecutionTimeSDF.xml
Fired ExecutionTime: 40400000
Fired ExecutionTime: 40400000
Fired ExecutionTime: 40400000
Fired ExecutionTime: 40400000
Fired ExecutionTime: 40400000
Fired ExecutionTime: 40400000
Fired ExecutionTime: 40400000
Fired ExecutionTime: 40400000
Fired ExecutionTime: 40400000
Fired ExecutionTime: 40400000
Fired ExecutionTime: 40400000
Fired ExecutionTime: 40400000
Fired ExecutionTime: 40400000
Fired ExecutionTime: 40400000
Fired ExecutionTime: 40400000
Fired ExecutionTime: 40400000
Fired ExecutionTime: 40400000
Fired ExecutionTime: 40400000
Fired ExecutionTime: 40400000
Fired ExecutionTime: 40400000
1204 ms. Memory: 208384K Free: 114382K (55%)
----------------- Invoking toplevel() on ptolemy.moml.MoMLSimpleApplication@1908434
----------------- Done invoking toplevel() on ptolemy.moml.MoMLSimpleApplication@1908434
reloadAllAccessors: .ConcurrentExecutionTimeSDF

===========================================================================================
----------------- testing Wed May 15 04:58:06 UTC 2019 /home/travis/build/icyphy/ptII/ptolemy/actor/lib/hoc/test/auto/ConcurrentSleep.xml
----------------- Instantiating /home/travis/build/icyphy/ptII/ptolemy/actor/lib/hoc/test/auto/ConcurrentSleep.xml
741 ms. Memory: 208384K Free: 100423K (48%)
----------------- Invoking toplevel() on ptolemy.moml.MoMLSimpleApplication@73b57de0
----------------- Done invoking toplevel() on ptolemy.moml.MoMLSimpleApplication@73b57de0
reloadAllAccessors: .ConcurrentSleep

===========================================================================================
----------------- testing Wed May 15 04:58:07 UTC 2019 /home/travis/build/icyphy/ptII/ptolemy/actor/lib/hoc/test/auto/DEInPNInRunCompositeActor.xml
----------------- Instantiating /home/travis/build/icyphy/ptII/ptolemy/actor/lib/hoc/test/auto/DEInPNInRunCompositeActor.xml
16 ms. Memory: 208384K Free: 92177K (44%)
----------------- Invoking toplevel() on ptolemy.moml.MoMLSimpleApplication@2f7e57cf
----------------- Done invoking toplevel() on ptolemy.moml.MoMLSimpleApplication@2f7e57cf
reloadAllAccessors: .DEInPNInRunCompositeActor

===========================================================================================
----------------- testing Wed May 15 04:58:07 UTC 2019 /home/travis/build/icyphy/ptII/ptolemy/actor/lib/hoc/test/auto/DFTSubSetTest.xml
----------------- Instantiating /home/travis/build/icyphy/ptII/ptolemy/actor/lib/hoc/test/auto/DFTSubSetTest.xml
176 ms. Memory: 208384K Free: 168883K (81%)
----------------- Invoking toplevel() on ptolemy.moml.MoMLSimpleApplication@3ef18540
----------------- Done invoking toplevel() on ptolemy.moml.MoMLSimpleApplication@3ef18540
reloadAllAccessors: .DFTSubSetTest

===========================================================================================
----------------- testing Wed May 15 04:58:07 UTC 2019 /home/travis/build/icyphy/ptII/ptolemy/actor/lib/hoc/test/auto/HocDE.xml
----------------- Instantiating /home/travis/build/icyphy/ptII/ptolemy/actor/lib/hoc/test/auto/HocDE.xml
133 ms. Memory: 208384K Free: 142045K (68%)
----------------- Invoking toplevel() on ptolemy.moml.MoMLSimpleApplication@9b8ef43
----------------- Done invoking toplevel() on ptolemy.moml.MoMLSimpleApplication@9b8ef43
reloadAllAccessors: .HocDE

===========================================================================================
----------------- testing Wed May 15 04:58:07 UTC 2019 /home/travis/build/icyphy/ptII/ptolemy/actor/lib/hoc/test/auto/IterateOverArray.xml
----------------- Instantiating /home/travis/build/icyphy/ptII/ptolemy/actor/lib/hoc/test/auto/IterateOverArray.xml
6 ms. Memory: 208384K Free: 136522K (66%)
----------------- Invoking toplevel() on ptolemy.moml.MoMLSimpleApplication@1159db96
----------------- Done invoking toplevel() on ptolemy.moml.MoMLSimpleApplication@1159db96
reloadAllAccessors: .IterateOverArray

===========================================================================================
----------------- testing Wed May 15 04:58:07 UTC 2019 /home/travis/build/icyphy/ptII/ptolemy/actor/lib/hoc/test/auto/IterateOverArray10.xml
----------------- Instantiating /home/travis/build/icyphy/ptII/ptolemy/actor/lib/hoc/test/auto/IterateOverArray10.xml
2 ms. Memory: 208384K Free: 132426K (64%)
----------------- Invoking toplevel() on ptolemy.moml.MoMLSimpleApplication@5a662fd5
----------------- Done invoking toplevel() on ptolemy.moml.MoMLSimpleApplication@5a662fd5
reloadAllAccessors: .IterateOverArray10

===========================================================================================
----------------- testing Wed May 15 04:58:07 UTC 2019 /home/travis/build/icyphy/ptII/ptolemy/actor/lib/hoc/test/auto/IterateOverArray11.xml
----------------- Instantiating /home/travis/build/icyphy/ptII/ptolemy/actor/lib/hoc/test/auto/IterateOverArray11.xml
4 ms. Memory: 208384K Free: 126919K (61%)
----------------- Invoking toplevel() on ptolemy.moml.MoMLSimpleApplication@5987eb2b
----------------- Done invoking toplevel() on ptolemy.moml.MoMLSimpleApplication@5987eb2b
reloadAllAccessors: .IterateOverArray11

===========================================================================================
----------------- testing Wed May 15 04:58:07 UTC 2019 /home/travis/build/icyphy/ptII/ptolemy/actor/lib/hoc/test/auto/IterateOverArray12.xml
----------------- Instantiating /home/travis/build/icyphy/ptII/ptolemy/actor/lib/hoc/test/auto/IterateOverArray12.xml
18 ms. Memory: 208384K Free: 120365K (58%)
----------------- Invoking toplevel() on ptolemy.moml.MoMLSimpleApplication@47749114
----------------- Done invoking toplevel() on ptolemy.moml.MoMLSimpleApplication@47749114
reloadAllAccessors: .IterateOverArray12

===========================================================================================
----------------- testing Wed May 15 04:58:07 UTC 2019 /home/travis/build/icyphy/ptII/ptolemy/actor/lib/hoc/test/auto/IterateOverArray13.xml
----------------- Instantiating /home/travis/build/icyphy/ptII/ptolemy/actor/lib/hoc/test/auto/IterateOverArray13.xml
63 ms. Memory: 208384K Free: 91872K (44%)
----------------- Invoking toplevel() on ptolemy.moml.MoMLSimpleApplication@3a07b703
----------------- Done invoking toplevel() on ptolemy.moml.MoMLSimpleApplication@3a07b703
reloadAllAccessors: .IterateOverArray13

===========================================================================================
----------------- testing Wed May 15 04:58:07 UTC 2019 /home/travis/build/icyphy/ptII/ptolemy/actor/lib/hoc/test/auto/IterateOverArray14.xml
----------------- Instantiating /home/travis/build/icyphy/ptII/ptolemy/actor/lib/hoc/test/auto/IterateOverArray14.xml
85 ms. Memory: 332288K Free: 300890K (91%)
----------------- Invoking toplevel() on ptolemy.moml.MoMLSimpleApplication@6c730ba9
----------------- Done invoking toplevel() on ptolemy.moml.MoMLSimpleApplication@6c730ba9
reloadAllAccessors: .IterateOverArray14

===========================================================================================
----------------- testing Wed May 15 04:58:08 UTC 2019 /home/travis/build/icyphy/ptII/ptolemy/actor/lib/hoc/test/auto/IterateOverArray2.xml
----------------- Instantiating /home/travis/build/icyphy/ptII/ptolemy/actor/lib/hoc/test/auto/IterateOverArray2.xml
6 ms. Memory: 332288K Free: 293565K (88%)
----------------- Invoking toplevel() on ptolemy.moml.MoMLSimpleApplication@aa0251e
----------------- Done invoking toplevel() on ptolemy.moml.MoMLSimpleApplication@aa0251e
reloadAllAccessors: .IterateOverArray2

===========================================================================================
----------------- testing Wed May 15 04:58:08 UTC 2019 /home/travis/build/icyphy/ptII/ptolemy/actor/lib/hoc/test/auto/IterateOverArray3.xml
----------------- Instantiating /home/travis/build/icyphy/ptII/ptolemy/actor/lib/hoc/test/auto/IterateOverArray3.xml
21 ms. Memory: 332288K Free: 287025K (86%)
----------------- Invoking toplevel() on ptolemy.moml.MoMLSimpleApplication@3ce6afa0
----------------- Done invoking toplevel() on ptolemy.moml.MoMLSimpleApplication@3ce6afa0
reloadAllAccessors: .IterateOverArray3

===========================================================================================
----------------- testing Wed May 15 04:58:08 UTC 2019 /home/travis/build/icyphy/ptII/ptolemy/actor/lib/hoc/test/auto/IterateOverArray4.xml
----------------- Instantiating /home/travis/build/icyphy/ptII/ptolemy/actor/lib/hoc/test/auto/IterateOverArray4.xml
6 ms. Memory: 332288K Free: 281342K (85%)
----------------- Invoking toplevel() on ptolemy.moml.MoMLSimpleApplication@23ed941
----------------- Done invoking toplevel() on ptolemy.moml.MoMLSimpleApplication@23ed941
reloadAllAccessors: .IterateOverArray4

===========================================================================================
----------------- testing Wed May 15 04:58:08 UTC 2019 /home/travis/build/icyphy/ptII/ptolemy/actor/lib/hoc/test/auto/IterateOverArray5.xml
----------------- Instantiating /home/travis/build/icyphy/ptII/ptolemy/actor/lib/hoc/test/auto/IterateOverArray5.xml
4 ms. Memory: 332288K Free: 276437K (83%)
----------------- Invoking toplevel() on ptolemy.moml.MoMLSimpleApplication@670c6aee
----------------- Done invoking toplevel() on ptolemy.moml.MoMLSimpleApplication@670c6aee
reloadAllAccessors: .IterateOverArray5

===========================================================================================
----------------- testing Wed May 15 04:58:08 UTC 2019 /home/travis/build/icyphy/ptII/ptolemy/actor/lib/hoc/test/auto/IterateOverArray6.xml
----------------- Instantiating /home/travis/build/icyphy/ptII/ptolemy/actor/lib/hoc/test/auto/IterateOverArray6.xml
3 ms. Memory: 332288K Free: 270755K (81%)
----------------- Invoking toplevel() on ptolemy.moml.MoMLSimpleApplication@5fdcec7d
----------------- Done invoking toplevel() on ptolemy.moml.MoMLSimpleApplication@5fdcec7d
reloadAllAccessors: .IterateOverArray6

===========================================================================================
----------------- testing Wed May 15 04:58:08 UTC 2019 /home/travis/build/icyphy/ptII/ptolemy/actor/lib/hoc/test/auto/IterateOverArray7.xml
----------------- Instantiating /home/travis/build/icyphy/ptII/ptolemy/actor/lib/hoc/test/auto/IterateOverArray7.xml
5 ms. Memory: 332288K Free: 265850K (80%)
----------------- Invoking toplevel() on ptolemy.moml.MoMLSimpleApplication@96f21df
----------------- Done invoking toplevel() on ptolemy.moml.MoMLSimpleApplication@96f21df
reloadAllAccessors: .IterateOverArray7

===========================================================================================
----------------- testing Wed May 15 04:58:08 UTC 2019 /home/travis/build/icyphy/ptII/ptolemy/actor/lib/hoc/test/auto/IterateOverArray8.xml
----------------- Instantiating /home/travis/build/icyphy/ptII/ptolemy/actor/lib/hoc/test/auto/IterateOverArray8.xml
5 ms. Memory: 332288K Free: 260945K (79%)
----------------- Invoking toplevel() on ptolemy.moml.MoMLSimpleApplication@5db1844f
----------------- Done invoking toplevel() on ptolemy.moml.MoMLSimpleApplication@5db1844f
reloadAllAccessors: .IterateOverArray8

===========================================================================================
----------------- testing Wed May 15 04:58:08 UTC 2019 /home/travis/build/icyphy/ptII/ptolemy/actor/lib/hoc/test/auto/IterateOverArray9.xml
----------------- Instantiating /home/travis/build/icyphy/ptII/ptolemy/actor/lib/hoc/test/auto/IterateOverArray9.xml
8 ms. Memory: 332288K Free: 255263K (77%)
----------------- Invoking toplevel() on ptolemy.moml.MoMLSimpleApplication@65135d59
----------------- Done invoking toplevel() on ptolemy.moml.MoMLSimpleApplication@65135d59
reloadAllAccessors: .IterateOverArray9

===========================================================================================
----------------- testing Wed May 15 04:58:08 UTC 2019 /home/travis/build/icyphy/ptII/ptolemy/actor/lib/hoc/test/auto/IterateOverArrayCoercedOutputType.xml
----------------- Instantiating /home/travis/build/icyphy/ptII/ptolemy/actor/lib/hoc/test/auto/IterateOverArrayCoercedOutputType.xml
5 ms. Memory: 332288K Free: 248723K (75%)
----------------- Invoking toplevel() on ptolemy.moml.MoMLSimpleApplication@5557264f
----------------- Done invoking toplevel() on ptolemy.moml.MoMLSimpleApplication@5557264f
reloadAllAccessors: .IterateOverArrayCoercedOutputType

===========================================================================================
----------------- testing Wed May 15 04:58:08 UTC 2019 /home/travis/build/icyphy/ptII/ptolemy/actor/lib/hoc/test/auto/IterateOverArrayInferredOutputType.xml
----------------- Instantiating /home/travis/build/icyphy/ptII/ptolemy/actor/lib/hoc/test/auto/IterateOverArrayInferredOutputType.xml
9 ms. Memory: 332288K Free: 241406K (73%)
----------------- Invoking toplevel() on ptolemy.moml.MoMLSimpleApplication@763a3d5c
----------------- Done invoking toplevel() on ptolemy.moml.MoMLSimpleApplication@763a3d5c
reloadAllAccessors: .IterateOverArrayInferredOutputType

===========================================================================================
----------------- testing Wed May 15 04:58:08 UTC 2019 /home/travis/build/icyphy/ptII/ptolemy/actor/lib/hoc/test/auto/MobileFunctionTest.xml
----------------- Instantiating /home/travis/build/icyphy/ptII/ptolemy/actor/lib/hoc/test/auto/MobileFunctionTest.xml
5 ms. Memory: 332288K Free: 236501K (71%)
----------------- Invoking toplevel() on ptolemy.moml.MoMLSimpleApplication@36ed440d
----------------- Done invoking toplevel() on ptolemy.moml.MoMLSimpleApplication@36ed440d
reloadAllAccessors: .MobileFunctionTest

===========================================================================================
----------------- testing Wed May 15 04:58:08 UTC 2019 /home/travis/build/icyphy/ptII/ptolemy/actor/lib/hoc/test/auto/MobileModelTest.xml
----------------- Instantiating /home/travis/build/icyphy/ptII/ptolemy/actor/lib/hoc/test/auto/MobileModelTest.xml
84 ms. Memory: 332288K Free: 214451K (65%)
----------------- Invoking toplevel() on ptolemy.moml.MoMLSimpleApplication@6833ce69
----------------- Done invoking toplevel() on ptolemy.moml.MoMLSimpleApplication@6833ce69
reloadAllAccessors: .MobileModelTest

===========================================================================================
----------------- testing Wed May 15 04:58:08 UTC 2019 /home/travis/build/icyphy/ptII/ptolemy/actor/lib/hoc/test/auto/ModelReference.xml
----------------- Instantiating /home/travis/build/icyphy/ptII/ptolemy/actor/lib/hoc/test/auto/ModelReference.xml
2 ms. Memory: 332288K Free: 206276K (62%)
2 ms. Memory: 332288K Free: 206276K (62%)
3 ms. Memory: 332288K Free: 204641K (62%)
1 ms. Memory: 332288K Free: 204641K (62%)
1 ms. Memory: 332288K Free: 203006K (61%)
2 ms. Memory: 332288K Free: 203006K (61%)
1 ms. Memory: 332288K Free: 201371K (61%)
2 ms. Memory: 332288K Free: 201371K (61%)
3 ms. Memory: 332288K Free: 199736K (60%)
6 ms. Memory: 332288K Free: 199736K (60%)
33 ms. Memory: 332288K Free: 199736K (60%)
----------------- Invoking toplevel() on ptolemy.moml.MoMLSimpleApplication@109f1b03
----------------- Done invoking toplevel() on ptolemy.moml.MoMLSimpleApplication@109f1b03
reloadAllAccessors: .ModelReference

===========================================================================================
----------------- testing Wed May 15 04:58:08 UTC 2019 /home/travis/build/icyphy/ptII/ptolemy/actor/lib/hoc/test/auto/ModelReference3.xml
----------------- Instantiating /home/travis/build/icyphy/ptII/ptolemy/actor/lib/hoc/test/auto/ModelReference3.xml
1 ms. Memory: 332288K Free: 194831K (59%)
6 ms. Memory: 332288K Free: 193196K (58%)
2 ms. Memory: 332288K Free: 193196K (58%)
4 ms. Memory: 332288K Free: 191561K (58%)
2 ms. Memory: 332288K Free: 191561K (58%)
2 ms. Memory: 332288K Free: 189926K (57%)
1 ms. Memory: 332288K Free: 189926K (57%)
3 ms. Memory: 332288K Free: 188291K (57%)
3 ms. Memory: 332288K Free: 188291K (57%)
3 ms. Memory: 332288K Free: 186656K (56%)
36 ms. Memory: 332288K Free: 186656K (56%)
----------------- Invoking toplevel() on ptolemy.moml.MoMLSimpleApplication@702a660b
----------------- Done invoking toplevel() on ptolemy.moml.MoMLSimpleApplication@702a660b
reloadAllAccessors: .ModelReference3

===========================================================================================
----------------- testing Wed May 15 04:58:08 UTC 2019 /home/travis/build/icyphy/ptII/ptolemy/actor/lib/hoc/test/auto/ModelReference4.xml
----------------- Instantiating /home/travis/build/icyphy/ptII/ptolemy/actor/lib/hoc/test/auto/ModelReference4.xml
7 ms. Memory: 332288K Free: 179338K (54%)
3 ms. Memory: 332288K Free: 177703K (53%)
2 ms. Memory: 332288K Free: 176068K (53%)
7 ms. Memory: 332288K Free: 174433K (52%)
13 ms. Memory: 332288K Free: 171163K (52%)
13 ms. Memory: 332288K Free: 169528K (51%)
3 ms. Memory: 332288K Free: 167893K (51%)
2 ms. Memory: 332288K Free: 166258K (50%)
3 ms. Memory: 332288K Free: 164623K (50%)
2 ms. Memory: 332288K Free: 162988K (49%)
10027 ms. Memory: 332288K Free: 162988K (49%)
----------------- Invoking toplevel() on ptolemy.moml.MoMLSimpleApplication@4e1bddef
----------------- Done invoking toplevel() on ptolemy.moml.MoMLSimpleApplication@4e1bddef
reloadAllAccessors: .ModelReference4

===========================================================================================
----------------- testing Wed May 15 04:58:18 UTC 2019 /home/travis/build/icyphy/ptII/ptolemy/actor/lib/hoc/test/auto/MultiInstanceComposite.xml
----------------- Instantiating /home/travis/build/icyphy/ptII/ptolemy/actor/lib/hoc/test/auto/MultiInstanceComposite.xml
24 ms. Memory: 332288K Free: 144971K (44%)
----------------- Invoking toplevel() on ptolemy.moml.MoMLSimpleApplication@6d91acb2
----------------- Done invoking toplevel() on ptolemy.moml.MoMLSimpleApplication@6d91acb2
reloadAllAccessors: .MultiInstanceComposite

===========================================================================================
----------------- testing Wed May 15 04:58:18 UTC 2019 /home/travis/build/icyphy/ptII/ptolemy/actor/lib/hoc/test/auto/MultiInstanceComposite2.xml
----------------- Instantiating /home/travis/build/icyphy/ptII/ptolemy/actor/lib/hoc/test/auto/MultiInstanceComposite2.xml
12 ms. Memory: 332288K Free: 131042K (39%)
----------------- Invoking toplevel() on ptolemy.moml.MoMLSimpleApplication@5b082315
----------------- Done invoking toplevel() on ptolemy.moml.MoMLSimpleApplication@5b082315
reloadAllAccessors: .MultiInstanceComposite2

===========================================================================================
----------------- testing Wed May 15 04:58:18 UTC 2019 /home/travis/build/icyphy/ptII/ptolemy/actor/lib/hoc/test/auto/MulticoreExecution.xml
----------------- Instantiating /home/travis/build/icyphy/ptII/ptolemy/actor/lib/hoc/test/auto/MulticoreExecution.xml
Fired ExecutionTime: 4000000
Fired ExecutionTime: 14400000
Fired ExecutionTime: 9600000
Fired ExecutionTime: 10800000
Fired ExecutionTime: 23200000
Fired ExecutionTime: 39200000
Fired ExecutionTime: 27600000
Fired ExecutionTime: 50800000
Fired ExecutionTime: 24400000
Fired ExecutionTime: 29600000
Fired ExecutionTime: 60800000
Fired ExecutionTime: 66800000
Fired ExecutionTime: 65600000
Fired ExecutionTime: 70400000
Fired ExecutionTime: 68800000
Fired ExecutionTime: 68000000
Fired ExecutionTime: 66400000
Fired ExecutionTime: 66400000
Fired ExecutionTime: 63200000
Fired ExecutionTime: 63200000
1059 ms. Memory: 332288K Free: 117930K (35%)
----------------- Invoking toplevel() on ptolemy.moml.MoMLSimpleApplication@523d3dac
----------------- Done invoking toplevel() on ptolemy.moml.MoMLSimpleApplication@523d3dac
reloadAllAccessors: .MulticoreExecution

===========================================================================================
----------------- testing Wed May 15 04:58:19 UTC 2019 /home/travis/build/icyphy/ptII/ptolemy/actor/lib/hoc/test/auto/ParallelExecution.xml
----------------- Instantiating /home/travis/build/icyphy/ptII/ptolemy/actor/lib/hoc/test/auto/ParallelExecution.xml
924 ms. Memory: 332288K Free: 105676K (32%)
----------------- Invoking toplevel() on ptolemy.moml.MoMLSimpleApplication@4b57cda
----------------- Done invoking toplevel() on ptolemy.moml.MoMLSimpleApplication@4b57cda
reloadAllAccessors: .ParallelExecution

===========================================================================================
----------------- testing Wed May 15 04:58:20 UTC 2019 /home/travis/build/icyphy/ptII/ptolemy/actor/lib/hoc/test/auto/RunCompositeActor.xml
----------------- Instantiating /home/travis/build/icyphy/ptII/ptolemy/actor/lib/hoc/test/auto/RunCompositeActor.xml
8 ms. Memory: 332288K Free: 97485K (29%)
----------------- Invoking toplevel() on ptolemy.moml.MoMLSimpleApplication@2026b074
----------------- Done invoking toplevel() on ptolemy.moml.MoMLSimpleApplication@2026b074
reloadAllAccessors: .RunCompositeActor

===========================================================================================
----------------- testing Wed May 15 04:58:20 UTC 2019 /home/travis/build/icyphy/ptII/ptolemy/actor/lib/hoc/test/auto/RunCompositeActor2.xml
----------------- Instantiating /home/travis/build/icyphy/ptII/ptolemy/actor/lib/hoc/test/auto/RunCompositeActor2.xml
8 ms. Memory: 332288K Free: 90928K (27%)
----------------- Invoking toplevel() on ptolemy.moml.MoMLSimpleApplication@4cf08836
----------------- Done invoking toplevel() on ptolemy.moml.MoMLSimpleApplication@4cf08836
reloadAllAccessors: .RunCompositeActor2

===========================================================================================
----------------- testing Wed May 15 04:58:20 UTC 2019 /home/travis/build/icyphy/ptII/ptolemy/actor/lib/hoc/test/auto/RunCompositeActor3.xml
----------------- Instantiating /home/travis/build/icyphy/ptII/ptolemy/actor/lib/hoc/test/auto/RunCompositeActor3.xml
4 ms. Memory: 332288K Free: 83595K (25%)
----------------- Invoking toplevel() on ptolemy.moml.MoMLSimpleApplication@9ec11d3
----------------- Done invoking toplevel() on ptolemy.moml.MoMLSimpleApplication@9ec11d3
reloadAllAccessors: .RunCompositeActor3

===========================================================================================
----------------- testing Wed May 15 04:58:21 UTC 2019 /home/travis/build/icyphy/ptII/ptolemy/actor/lib/hoc/test/auto/RunCompositeActor4.xml
----------------- Instantiating /home/travis/build/icyphy/ptII/ptolemy/actor/lib/hoc/test/auto/RunCompositeActor4.xml
14 ms. Memory: 332800K Free: 318720K (96%)
----------------- Invoking toplevel() on ptolemy.moml.MoMLSimpleApplication@2a30306c
----------------- Done invoking toplevel() on ptolemy.moml.MoMLSimpleApplication@2a30306c
reloadAllAccessors: .RunCompositeActor4

===========================================================================================
----------------- testing Wed May 15 04:58:21 UTC 2019 /home/travis/build/icyphy/ptII/ptolemy/actor/lib/hoc/test/auto/RunCompositeIterateOverArray.xml
----------------- Instantiating /home/travis/build/icyphy/ptII/ptolemy/actor/lib/hoc/test/auto/RunCompositeIterateOverArray.xml
6 ms. Memory: 332800K Free: 311591K (94%)
----------------- Invoking toplevel() on ptolemy.moml.MoMLSimpleApplication@2e278a0f
----------------- Done invoking toplevel() on ptolemy.moml.MoMLSimpleApplication@2e278a0f
reloadAllAccessors: .RunCompositeIterateOverArray

===========================================================================================
----------------- testing Wed May 15 04:58:21 UTC 2019 /home/travis/build/icyphy/ptII/ptolemy/actor/lib/hoc/test/auto/ThreadedJS.xml
----------------- Instantiating /home/travis/build/icyphy/ptII/ptolemy/actor/lib/hoc/test/auto/ThreadedJS.xml
1861 ms. Memory: 540672K Free: 157165K (29%)
----------------- Invoking toplevel() on ptolemy.moml.MoMLSimpleApplication@3603b70
----------------- Done invoking toplevel() on ptolemy.moml.MoMLSimpleApplication@3603b70
reloadAllAccessors: .ThreadedJS
AutoTests.java: About to close Vertx.
AutoTests.java: Vertx closed.
]]></system-out>
  <system-err><![CDATA[java.lang.RuntimeException: Execution failed
	at ptolemy.moml.MoMLSimpleApplication$UnloadThread.run(MoMLSimpleApplication.java:402)
Caused by: ptolemy.kernel.util.IllegalActionException: initialize() was called after wrapup() was called but preinitialize() was not called after wrapup().
	at ptolemy.actor.lib.hoc.test.PreinitializeMustBeInvoked.initialize(PreinitializeMustBeInvoked.java:78)
	at ptolemy.actor.Director.initialize(Director.java:938)
	at ptolemy.actor.Director.initialize(Director.java:907)
	at ptolemy.actor.sched.StaticSchedulingDirector.initialize(StaticSchedulingDirector.java:159)
	at ptolemy.domains.sdf.kernel.SDFDirector.initialize(SDFDirector.java:544)
	at ptolemy.actor.CompositeActor.initialize(CompositeActor.java:935)
	at ptolemy.actor.lib.hoc.LifeCycleManager._executeInsideModel(LifeCycleManager.java:339)
	at ptolemy.actor.lib.hoc.RunCompositeActor.fire(RunCompositeActor.java:205)
	at ptolemy.actor.CompositeActor.iterate(CompositeActor.java:1146)
	at ptolemy.actor.sched.StaticSchedulingDirector.fire(StaticSchedulingDirector.java:216)
	at ptolemy.domains.sdf.kernel.SDFDirector.fire(SDFDirector.java:500)
	at ptolemy.actor.CompositeActor.fire(CompositeActor.java:455)
	at ptolemy.actor.Manager.iterate(Manager.java:851)
	at ptolemy.actor.Manager.execute(Manager.java:369)
	at ptolemy.actor.Manager.run(Manager.java:1263)
	at ptolemy.actor.Manager$PtolemyRunThread.run(Manager.java:1915)
java.lang.reflect.InvocationTargetException
	at sun.reflect.NativeConstructorAccessorImpl.newInstance0(Native Method)
	at sun.reflect.NativeConstructorAccessorImpl.newInstance(NativeConstructorAccessorImpl.java:62)
	at sun.reflect.DelegatingConstructorAccessorImpl.newInstance(DelegatingConstructorAccessorImpl.java:45)
	at java.lang.reflect.Constructor.newInstance(Constructor.java:423)
	at ptolemy.util.test.junit.AutoKnownFailedTests.RunModel(AutoKnownFailedTests.java:105)
	at sun.reflect.NativeMethodAccessorImpl.invoke0(Native Method)
	at sun.reflect.NativeMethodAccessorImpl.invoke(NativeMethodAccessorImpl.java:62)
	at sun.reflect.DelegatingMethodAccessorImpl.invoke(DelegatingMethodAccessorImpl.java:43)
	at java.lang.reflect.Method.invoke(Method.java:498)
	at org.junit.runners.model.FrameworkMethod$1.runReflectiveCall(FrameworkMethod.java:44)
	at org.junit.internal.runners.model.ReflectiveCallable.run(ReflectiveCallable.java:15)
	at org.junit.runners.model.FrameworkMethod.invokeExplosively(FrameworkMethod.java:41)
	at junitparams.internal.InvokeParameterisedMethod.evaluate(InvokeParameterisedMethod.java:102)
	at org.junit.internal.runners.statements.FailOnTimeout$1.run(FailOnTimeout.java:28)
Caused by: ptolemy.kernel.util.IllegalActionException: initialize() was called after wrapup() was called but preinitialize() was not called after wrapup().
	at ptolemy.actor.lib.hoc.test.PreinitializeMustBeInvoked.initialize(PreinitializeMustBeInvoked.java:78)
	at ptolemy.actor.Director.initialize(Director.java:938)
	at ptolemy.actor.Director.initialize(Director.java:907)
	at ptolemy.actor.sched.StaticSchedulingDirector.initialize(StaticSchedulingDirector.java:159)
	at ptolemy.domains.sdf.kernel.SDFDirector.initialize(SDFDirector.java:544)
	at ptolemy.actor.CompositeActor.initialize(CompositeActor.java:935)
	at ptolemy.actor.lib.hoc.LifeCycleManager._executeInsideModel(LifeCycleManager.java:339)
	at ptolemy.actor.lib.hoc.RunCompositeActor.fire(RunCompositeActor.java:205)
	at ptolemy.actor.CompositeActor.iterate(CompositeActor.java:1146)
	at ptolemy.actor.sched.StaticSchedulingDirector.fire(StaticSchedulingDirector.java:216)
	at ptolemy.domains.sdf.kernel.SDFDirector.fire(SDFDirector.java:500)
	at ptolemy.actor.CompositeActor.fire(CompositeActor.java:455)
	at ptolemy.actor.Manager.iterate(Manager.java:851)
	at ptolemy.actor.Manager.execute(Manager.java:369)
	at ptolemy.actor.Manager.run(Manager.java:1263)
	at ptolemy.actor.Manager$PtolemyRunThread.run(Manager.java:1915)
]]></system-err>
</testsuite>
