<?xml version="1.0" encoding="UTF-8" ?>
<testsuite errors="0" failures="0" hostname="travis-job-2c09f0ac-b126-42fe-8f82-aa965a651528" name="ptolemy.actor.lib.hoc.test.junit.JUnitTclTest" skipped="0" tests="58" time="33.217" timestamp="2019-06-27T04:43:58">
  <properties>
[...]
</properties>
  <testcase classname="ptolemy.util.test.junit.TclTests" name="[0] /home/travis/build/icyphy/ptII/ptolemy/actor/lib/hoc/test/IterateOverArray.tcl (RunTclFile)" time="0.322" />
  <testcase classname="ptolemy.util.test.junit.AutoKnownFailedTests" name="[0] /home/travis/build/icyphy/ptII/ptolemy/actor/lib/hoc/test/auto/knownFailedTests/PreinitializeMustBeInvokedRunComposite.xml (RunModel)" time="0.415" />
  <testcase classname="ptolemy.util.test.junit.AutoNameArchTests" name="[0] ThereAreNoAutoArchTests (RunModel)" time="0.01" />
  <testcase classname="ptolemy.util.test.junit.AutoTests" name="[0] /home/travis/build/icyphy/ptII/ptolemy/actor/lib/hoc/test/auto/AllToAllMultiInstanceComposite.xml (RunModel)" time="0.391" />
  <testcase classname="ptolemy.util.test.junit.AutoTests" name="[1] /home/travis/build/icyphy/ptII/ptolemy/actor/lib/hoc/test/auto/ApplyFFTTest.xml (RunModel)" time="0.372" />
  <testcase classname="ptolemy.util.test.junit.AutoTests" name="[2] /home/travis/build/icyphy/ptII/ptolemy/actor/lib/hoc/test/auto/ApplyFunction.xml (RunModel)" time="0.049" />
  <testcase classname="ptolemy.util.test.junit.AutoTests" name="[3] /home/travis/build/icyphy/ptII/ptolemy/actor/lib/hoc/test/auto/BackgroundExecution.xml (RunModel)" time="0.784" />
  <testcase classname="ptolemy.util.test.junit.AutoTests" name="[4] /home/travis/build/icyphy/ptII/ptolemy/actor/lib/hoc/test/auto/Case.xml (RunModel)" time="0.069" />
  <testcase classname="ptolemy.util.test.junit.AutoTests" name="[5] /home/travis/build/icyphy/ptII/ptolemy/actor/lib/hoc/test/auto/Case1.xml (RunModel)" time="0.056" />
  <testcase classname="ptolemy.util.test.junit.AutoTests" name="[6] /home/travis/build/icyphy/ptII/ptolemy/actor/lib/hoc/test/auto/Case2.xml (RunModel)" time="0.122" />
  <testcase classname="ptolemy.util.test.junit.AutoTests" name="[7] /home/travis/build/icyphy/ptII/ptolemy/actor/lib/hoc/test/auto/Case3.xml (RunModel)" time="0.055" />
  <testcase classname="ptolemy.util.test.junit.AutoTests" name="[8] /home/travis/build/icyphy/ptII/ptolemy/actor/lib/hoc/test/auto/Case4.xml (RunModel)" time="0.09" />
  <testcase classname="ptolemy.util.test.junit.AutoTests" name="[9] /home/travis/build/icyphy/ptII/ptolemy/actor/lib/hoc/test/auto/Case5.xml (RunModel)" time="0.12" />
  <testcase classname="ptolemy.util.test.junit.AutoTests" name="[10] /home/travis/build/icyphy/ptII/ptolemy/actor/lib/hoc/test/auto/Case6.xml (RunModel)" time="0.136" />
  <testcase classname="ptolemy.util.test.junit.AutoTests" name="[11] /home/travis/build/icyphy/ptII/ptolemy/actor/lib/hoc/test/auto/CaseString2.xml (RunModel)" time="0.076" />
  <testcase classname="ptolemy.util.test.junit.AutoTests" name="[12] /home/travis/build/icyphy/ptII/ptolemy/actor/lib/hoc/test/auto/CatchUpComposite1.xml (RunModel)" time="0.1" />
  <testcase classname="ptolemy.util.test.junit.AutoTests" name="[13] /home/travis/build/icyphy/ptII/ptolemy/actor/lib/hoc/test/auto/CatchUpComposite2.xml (RunModel)" time="0.09" />
  <testcase classname="ptolemy.util.test.junit.AutoTests" name="[14] /home/travis/build/icyphy/ptII/ptolemy/actor/lib/hoc/test/auto/CatchUpComposite3.xml (RunModel)" time="0.075" />
  <testcase classname="ptolemy.util.test.junit.AutoTests" name="[15] /home/travis/build/icyphy/ptII/ptolemy/actor/lib/hoc/test/auto/CatchUpComposite4.xml (RunModel)" time="0.056" />
  <testcase classname="ptolemy.util.test.junit.AutoTests" name="[16] /home/travis/build/icyphy/ptII/ptolemy/actor/lib/hoc/test/auto/CatchUpComposite5.xml (RunModel)" time="0.039" />
  <testcase classname="ptolemy.util.test.junit.AutoTests" name="[17] /home/travis/build/icyphy/ptII/ptolemy/actor/lib/hoc/test/auto/CatchUpComposite6.xml (RunModel)" time="0.182" />
  <testcase classname="ptolemy.util.test.junit.AutoTests" name="[18] /home/travis/build/icyphy/ptII/ptolemy/actor/lib/hoc/test/auto/CatchUpComposite7.xml (RunModel)" time="0.106" />
  <testcase classname="ptolemy.util.test.junit.AutoTests" name="[19] /home/travis/build/icyphy/ptII/ptolemy/actor/lib/hoc/test/auto/ConcurrentExecutionTimeSDF.xml (RunModel)" time="0.968" />
  <testcase classname="ptolemy.util.test.junit.AutoTests" name="[20] /home/travis/build/icyphy/ptII/ptolemy/actor/lib/hoc/test/auto/ConcurrentSleep.xml (RunModel)" time="0.769" />
  <testcase classname="ptolemy.util.test.junit.AutoTests" name="[21] /home/travis/build/icyphy/ptII/ptolemy/actor/lib/hoc/test/auto/DEInPNInRunCompositeActor.xml (RunModel)" time="0.047" />
  <testcase classname="ptolemy.util.test.junit.AutoTests" name="[22] /home/travis/build/icyphy/ptII/ptolemy/actor/lib/hoc/test/auto/DFTSubSetTest.xml (RunModel)" time="0.204" />
  <testcase classname="ptolemy.util.test.junit.AutoTests" name="[23] /home/travis/build/icyphy/ptII/ptolemy/actor/lib/hoc/test/auto/HocDE.xml (RunModel)" time="0.191" />
  <testcase classname="ptolemy.util.test.junit.AutoTests" name="[24] /home/travis/build/icyphy/ptII/ptolemy/actor/lib/hoc/test/auto/IterateOverArray.xml (RunModel)" time="0.044" />
  <testcase classname="ptolemy.util.test.junit.AutoTests" name="[25] /home/travis/build/icyphy/ptII/ptolemy/actor/lib/hoc/test/auto/IterateOverArray10.xml (RunModel)" time="0.021" />
  <testcase classname="ptolemy.util.test.junit.AutoTests" name="[26] /home/travis/build/icyphy/ptII/ptolemy/actor/lib/hoc/test/auto/IterateOverArray11.xml (RunModel)" time="0.021" />
  <testcase classname="ptolemy.util.test.junit.AutoTests" name="[27] /home/travis/build/icyphy/ptII/ptolemy/actor/lib/hoc/test/auto/IterateOverArray12.xml (RunModel)" time="0.041" />
  <testcase classname="ptolemy.util.test.junit.AutoTests" name="[28] /home/travis/build/icyphy/ptII/ptolemy/actor/lib/hoc/test/auto/IterateOverArray13.xml (RunModel)" time="0.173" />
  <testcase classname="ptolemy.util.test.junit.AutoTests" name="[29] /home/travis/build/icyphy/ptII/ptolemy/actor/lib/hoc/test/auto/IterateOverArray14.xml (RunModel)" time="0.162" />
  <testcase classname="ptolemy.util.test.junit.AutoTests" name="[30] /home/travis/build/icyphy/ptII/ptolemy/actor/lib/hoc/test/auto/IterateOverArray2.xml (RunModel)" time="0.029" />
  <testcase classname="ptolemy.util.test.junit.AutoTests" name="[31] /home/travis/build/icyphy/ptII/ptolemy/actor/lib/hoc/test/auto/IterateOverArray3.xml (RunModel)" time="0.049" />
  <testcase classname="ptolemy.util.test.junit.AutoTests" name="[32] /home/travis/build/icyphy/ptII/ptolemy/actor/lib/hoc/test/auto/IterateOverArray4.xml (RunModel)" time="0.027" />
  <testcase classname="ptolemy.util.test.junit.AutoTests" name="[33] /home/travis/build/icyphy/ptII/ptolemy/actor/lib/hoc/test/auto/IterateOverArray5.xml (RunModel)" time="0.019" />
  <testcase classname="ptolemy.util.test.junit.AutoTests" name="[34] /home/travis/build/icyphy/ptII/ptolemy/actor/lib/hoc/test/auto/IterateOverArray6.xml (RunModel)" time="0.015" />
  <testcase classname="ptolemy.util.test.junit.AutoTests" name="[35] /home/travis/build/icyphy/ptII/ptolemy/actor/lib/hoc/test/auto/IterateOverArray7.xml (RunModel)" time="0.024" />
  <testcase classname="ptolemy.util.test.junit.AutoTests" name="[36] /home/travis/build/icyphy/ptII/ptolemy/actor/lib/hoc/test/auto/IterateOverArray8.xml (RunModel)" time="0.022" />
  <testcase classname="ptolemy.util.test.junit.AutoTests" name="[37] /home/travis/build/icyphy/ptII/ptolemy/actor/lib/hoc/test/auto/IterateOverArray9.xml (RunModel)" time="0.029" />
  <testcase classname="ptolemy.util.test.junit.AutoTests" name="[38] /home/travis/build/icyphy/ptII/ptolemy/actor/lib/hoc/test/auto/IterateOverArrayCoercedOutputType.xml (RunModel)" time="0.048" />
  <testcase classname="ptolemy.util.test.junit.AutoTests" name="[39] /home/travis/build/icyphy/ptII/ptolemy/actor/lib/hoc/test/auto/IterateOverArrayInferredOutputType.xml (RunModel)" time="0.03" />
  <testcase classname="ptolemy.util.test.junit.AutoTests" name="[40] /home/travis/build/icyphy/ptII/ptolemy/actor/lib/hoc/test/auto/MobileFunctionTest.xml (RunModel)" time="0.03" />
  <testcase classname="ptolemy.util.test.junit.AutoTests" name="[41] /home/travis/build/icyphy/ptII/ptolemy/actor/lib/hoc/test/auto/MobileModelTest.xml (RunModel)" time="0.22" />
  <testcase classname="ptolemy.util.test.junit.AutoTests" name="[42] /home/travis/build/icyphy/ptII/ptolemy/actor/lib/hoc/test/auto/ModelReference.xml (RunModel)" time="0.065" />
  <testcase classname="ptolemy.util.test.junit.AutoTests" name="[43] /home/travis/build/icyphy/ptII/ptolemy/actor/lib/hoc/test/auto/ModelReference3.xml (RunModel)" time="0.043" />
  <testcase classname="ptolemy.util.test.junit.AutoTests" name="[44] /home/travis/build/icyphy/ptII/ptolemy/actor/lib/hoc/test/auto/ModelReference4.xml (RunModel)" time="10.039" />
  <testcase classname="ptolemy.util.test.junit.AutoTests" name="[45] /home/travis/build/icyphy/ptII/ptolemy/actor/lib/hoc/test/auto/MultiInstanceComposite.xml (RunModel)" time="0.083" />
  <testcase classname="ptolemy.util.test.junit.AutoTests" name="[46] /home/travis/build/icyphy/ptII/ptolemy/actor/lib/hoc/test/auto/MultiInstanceComposite2.xml (RunModel)" time="0.056" />
  <testcase classname="ptolemy.util.test.junit.AutoTests" name="[47] /home/travis/build/icyphy/ptII/ptolemy/actor/lib/hoc/test/auto/MulticoreExecution.xml (RunModel)" time="1.085" />
  <testcase classname="ptolemy.util.test.junit.AutoTests" name="[48] /home/travis/build/icyphy/ptII/ptolemy/actor/lib/hoc/test/auto/ParallelExecution.xml (RunModel)" time="0.956" />
  <testcase classname="ptolemy.util.test.junit.AutoTests" name="[49] /home/travis/build/icyphy/ptII/ptolemy/actor/lib/hoc/test/auto/RunCompositeActor.xml (RunModel)" time="0.022" />
  <testcase classname="ptolemy.util.test.junit.AutoTests" name="[50] /home/travis/build/icyphy/ptII/ptolemy/actor/lib/hoc/test/auto/RunCompositeActor2.xml (RunModel)" time="0.018" />
  <testcase classname="ptolemy.util.test.junit.AutoTests" name="[51] /home/travis/build/icyphy/ptII/ptolemy/actor/lib/hoc/test/auto/RunCompositeActor3.xml (RunModel)" time="0.019" />
  <testcase classname="ptolemy.util.test.junit.AutoTests" name="[52] /home/travis/build/icyphy/ptII/ptolemy/actor/lib/hoc/test/auto/RunCompositeActor4.xml (RunModel)" time="0.029" />
  <testcase classname="ptolemy.util.test.junit.AutoTests" name="[53] /home/travis/build/icyphy/ptII/ptolemy/actor/lib/hoc/test/auto/RunCompositeIterateOverArray.xml (RunModel)" time="0.045" />
  <testcase classname="ptolemy.util.test.junit.AutoTests" name="[54] /home/travis/build/icyphy/ptII/ptolemy/actor/lib/hoc/test/auto/ThreadedJS.xml (RunModel)" time="13.053" />
  <system-out><![CDATA[/home/travis/build/icyphy/ptII/ptolemy/actor/lib/hoc/test/IterateOverArray.tcl
testDefs.tcl: setting time out to 9000 seconds at Thu Jun 27 04:43:58 UTC 2019
06/27/19 04:43:59
Failed: 0  Total Tests: 2  ((Passed: 2, Newly Passed: 0)  Known Failed: 0) /home/travis/build/icyphy/ptII/ptolemy/actor/lib/hoc/test
----------------- testing (KnownFailure) /home/travis/build/icyphy/ptII/ptolemy/actor/lib/hoc/test/auto/knownFailedTests/PreinitializeMustBeInvokedRunComposite.xml
116 ms. Memory: 120832K Free: 84904K (70%)
Known Failure: java.lang.reflect.InvocationTargetException
No auto/linux-amd64/*.xml tests in /home/travis/build/icyphy/ptII/ptolemy/actor/lib/hoc/test
AutoTests.java: About to close Vertx.
AutoTests.java: Vertx closed.

===========================================================================================
----------------- testing Thu Jun 27 04:44:00 UTC 2019 /home/travis/build/icyphy/ptII/ptolemy/actor/lib/hoc/test/auto/AllToAllMultiInstanceComposite.xml
----------------- Instantiating /home/travis/build/icyphy/ptII/ptolemy/actor/lib/hoc/test/auto/AllToAllMultiInstanceComposite.xml
183 ms. Memory: 120832K Free: 81811K (68%)
----------------- Invoking toplevel() on ptolemy.moml.MoMLSimpleApplication@100c820e
----------------- Done invoking toplevel() on ptolemy.moml.MoMLSimpleApplication@100c820e
reloadAllAccessors: .AllToAllMultiInstanceComposite

===========================================================================================
----------------- testing Thu Jun 27 04:44:00 UTC 2019 /home/travis/build/icyphy/ptII/ptolemy/actor/lib/hoc/test/auto/ApplyFFTTest.xml
----------------- Instantiating /home/travis/build/icyphy/ptII/ptolemy/actor/lib/hoc/test/auto/ApplyFFTTest.xml
115 ms. Memory: 120832K Free: 99436K (82%)
----------------- Invoking toplevel() on ptolemy.moml.MoMLSimpleApplication@44d273ca
----------------- Done invoking toplevel() on ptolemy.moml.MoMLSimpleApplication@44d273ca
reloadAllAccessors: .ApplyFFTTest

===========================================================================================
----------------- testing Thu Jun 27 04:44:00 UTC 2019 /home/travis/build/icyphy/ptII/ptolemy/actor/lib/hoc/test/auto/ApplyFunction.xml
----------------- Instantiating /home/travis/build/icyphy/ptII/ptolemy/actor/lib/hoc/test/auto/ApplyFunction.xml
5 ms. Memory: 120832K Free: 95677K (79%)
----------------- Invoking toplevel() on ptolemy.moml.MoMLSimpleApplication@2f36e07e
----------------- Done invoking toplevel() on ptolemy.moml.MoMLSimpleApplication@2f36e07e
reloadAllAccessors: .ApplyFunction

===========================================================================================
----------------- testing Thu Jun 27 04:44:00 UTC 2019 /home/travis/build/icyphy/ptII/ptolemy/actor/lib/hoc/test/auto/BackgroundExecution.xml
----------------- Instantiating /home/travis/build/icyphy/ptII/ptolemy/actor/lib/hoc/test/auto/BackgroundExecution.xml
635 ms. Memory: 120832K Free: 88555K (73%)
----------------- Invoking toplevel() on ptolemy.moml.MoMLSimpleApplication@98b2e7c
----------------- Done invoking toplevel() on ptolemy.moml.MoMLSimpleApplication@98b2e7c
reloadAllAccessors: .BackgroundExecution

===========================================================================================
----------------- testing Thu Jun 27 04:44:01 UTC 2019 /home/travis/build/icyphy/ptII/ptolemy/actor/lib/hoc/test/auto/Case.xml
----------------- Instantiating /home/travis/build/icyphy/ptII/ptolemy/actor/lib/hoc/test/auto/Case.xml
15 ms. Memory: 120832K Free: 81662K (68%)
----------------- Invoking toplevel() on ptolemy.moml.MoMLSimpleApplication@27ed5449
----------------- Done invoking toplevel() on ptolemy.moml.MoMLSimpleApplication@27ed5449
reloadAllAccessors: .Case

===========================================================================================
----------------- testing Thu Jun 27 04:44:01 UTC 2019 /home/travis/build/icyphy/ptII/ptolemy/actor/lib/hoc/test/auto/Case1.xml
----------------- Instantiating /home/travis/build/icyphy/ptII/ptolemy/actor/lib/hoc/test/auto/Case1.xml
14 ms. Memory: 120832K Free: 75184K (62%)
----------------- Invoking toplevel() on ptolemy.moml.MoMLSimpleApplication@438a9fbb
----------------- Done invoking toplevel() on ptolemy.moml.MoMLSimpleApplication@438a9fbb
reloadAllAccessors: .Case1

===========================================================================================
----------------- testing Thu Jun 27 04:44:01 UTC 2019 /home/travis/build/icyphy/ptII/ptolemy/actor/lib/hoc/test/auto/Case2.xml
----------------- Instantiating /home/travis/build/icyphy/ptII/ptolemy/actor/lib/hoc/test/auto/Case2.xml
46 ms. Memory: 120832K Free: 65324K (54%)
----------------- Invoking toplevel() on ptolemy.moml.MoMLSimpleApplication@1cf6bf41
----------------- Done invoking toplevel() on ptolemy.moml.MoMLSimpleApplication@1cf6bf41
reloadAllAccessors: .Case2

===========================================================================================
----------------- testing Thu Jun 27 04:44:01 UTC 2019 /home/travis/build/icyphy/ptII/ptolemy/actor/lib/hoc/test/auto/Case3.xml
----------------- Instantiating /home/travis/build/icyphy/ptII/ptolemy/actor/lib/hoc/test/auto/Case3.xml
27 ms. Memory: 157696K Free: 143923K (91%)
----------------- Invoking toplevel() on ptolemy.moml.MoMLSimpleApplication@4fb20805
----------------- Done invoking toplevel() on ptolemy.moml.MoMLSimpleApplication@4fb20805
reloadAllAccessors: .Case3

===========================================================================================
----------------- testing Thu Jun 27 04:44:01 UTC 2019 /home/travis/build/icyphy/ptII/ptolemy/actor/lib/hoc/test/auto/Case4.xml
----------------- Instantiating /home/travis/build/icyphy/ptII/ptolemy/actor/lib/hoc/test/auto/Case4.xml
30 ms. Memory: 157696K Free: 135770K (86%)
----------------- Invoking toplevel() on ptolemy.moml.MoMLSimpleApplication@18b84189
----------------- Done invoking toplevel() on ptolemy.moml.MoMLSimpleApplication@18b84189
reloadAllAccessors: .Case4

===========================================================================================
----------------- testing Thu Jun 27 04:44:02 UTC 2019 /home/travis/build/icyphy/ptII/ptolemy/actor/lib/hoc/test/auto/Case5.xml
----------------- Instantiating /home/travis/build/icyphy/ptII/ptolemy/actor/lib/hoc/test/auto/Case5.xml
55 ms. Memory: 157696K Free: 129628K (82%)
----------------- Invoking toplevel() on ptolemy.moml.MoMLSimpleApplication@745d5803
----------------- Done invoking toplevel() on ptolemy.moml.MoMLSimpleApplication@745d5803
reloadAllAccessors: .junk

===========================================================================================
----------------- testing Thu Jun 27 04:44:02 UTC 2019 /home/travis/build/icyphy/ptII/ptolemy/actor/lib/hoc/test/auto/Case6.xml
----------------- Instantiating /home/travis/build/icyphy/ptII/ptolemy/actor/lib/hoc/test/auto/Case6.xml
46 ms. Memory: 157696K Free: 117999K (75%)
----------------- Invoking toplevel() on ptolemy.moml.MoMLSimpleApplication@625e05a9
----------------- Done invoking toplevel() on ptolemy.moml.MoMLSimpleApplication@625e05a9
reloadAllAccessors: .Case6

===========================================================================================
----------------- testing Thu Jun 27 04:44:02 UTC 2019 /home/travis/build/icyphy/ptII/ptolemy/actor/lib/hoc/test/auto/CaseString2.xml
----------------- Instantiating /home/travis/build/icyphy/ptII/ptolemy/actor/lib/hoc/test/auto/CaseString2.xml
23 ms. Memory: 157696K Free: 110132K (70%)
----------------- Invoking toplevel() on ptolemy.moml.MoMLSimpleApplication@54ee4bfd
----------------- Done invoking toplevel() on ptolemy.moml.MoMLSimpleApplication@54ee4bfd
reloadAllAccessors: .CaseString2

===========================================================================================
----------------- testing Thu Jun 27 04:44:02 UTC 2019 /home/travis/build/icyphy/ptII/ptolemy/actor/lib/hoc/test/auto/CatchUpComposite1.xml
----------------- Instantiating /home/travis/build/icyphy/ptII/ptolemy/actor/lib/hoc/test/auto/CatchUpComposite1.xml
38 ms. Memory: 157696K Free: 101292K (64%)
----------------- Invoking toplevel() on ptolemy.moml.MoMLSimpleApplication@455395dd
----------------- Done invoking toplevel() on ptolemy.moml.MoMLSimpleApplication@455395dd
reloadAllAccessors: .CatchUpComposite1

===========================================================================================
----------------- testing Thu Jun 27 04:44:02 UTC 2019 /home/travis/build/icyphy/ptII/ptolemy/actor/lib/hoc/test/auto/CatchUpComposite2.xml
----------------- Instantiating /home/travis/build/icyphy/ptII/ptolemy/actor/lib/hoc/test/auto/CatchUpComposite2.xml
21 ms. Memory: 157696K Free: 92740K (59%)
----------------- Invoking toplevel() on ptolemy.moml.MoMLSimpleApplication@40333f61
----------------- Done invoking toplevel() on ptolemy.moml.MoMLSimpleApplication@40333f61
reloadAllAccessors: .CatchUpComposite2

===========================================================================================
----------------- testing Thu Jun 27 04:44:02 UTC 2019 /home/travis/build/icyphy/ptII/ptolemy/actor/lib/hoc/test/auto/CatchUpComposite3.xml
----------------- Instantiating /home/travis/build/icyphy/ptII/ptolemy/actor/lib/hoc/test/auto/CatchUpComposite3.xml
21 ms. Memory: 157696K Free: 84207K (53%)
----------------- Invoking toplevel() on ptolemy.moml.MoMLSimpleApplication@426ba712
----------------- Done invoking toplevel() on ptolemy.moml.MoMLSimpleApplication@426ba712
reloadAllAccessors: .CatchUpComposite3

===========================================================================================
----------------- testing Thu Jun 27 04:44:02 UTC 2019 /home/travis/build/icyphy/ptII/ptolemy/actor/lib/hoc/test/auto/CatchUpComposite4.xml
----------------- Instantiating /home/travis/build/icyphy/ptII/ptolemy/actor/lib/hoc/test/auto/CatchUpComposite4.xml
11 ms. Memory: 157696K Free: 140483K (89%)
----------------- Invoking toplevel() on ptolemy.moml.MoMLSimpleApplication@5d284827
----------------- Done invoking toplevel() on ptolemy.moml.MoMLSimpleApplication@5d284827
reloadAllAccessors: .CatchUpComposite4

===========================================================================================
----------------- testing Thu Jun 27 04:44:02 UTC 2019 /home/travis/build/icyphy/ptII/ptolemy/actor/lib/hoc/test/auto/CatchUpComposite5.xml
----------------- Instantiating /home/travis/build/icyphy/ptII/ptolemy/actor/lib/hoc/test/auto/CatchUpComposite5.xml
9 ms. Memory: 157696K Free: 132293K (84%)
----------------- Invoking toplevel() on ptolemy.moml.MoMLSimpleApplication@1d3a9180
----------------- Done invoking toplevel() on ptolemy.moml.MoMLSimpleApplication@1d3a9180
reloadAllAccessors: .CatchUpComposite5

===========================================================================================
----------------- testing Thu Jun 27 04:44:02 UTC 2019 /home/travis/build/icyphy/ptII/ptolemy/actor/lib/hoc/test/auto/CatchUpComposite6.xml
----------------- Instantiating /home/travis/build/icyphy/ptII/ptolemy/actor/lib/hoc/test/auto/CatchUpComposite6.xml
WARNING: The execution aspects in this model can influence the timing of actors by delaying the 
execution, potentially changing the behavior. There is no guarantee that actors fire at the 
time they request to be fired. 
Use Ptides for deterministic DE behavior that is not influenced by execution aspects. 

92 ms. Memory: 157696K Free: 117443K (74%)
----------------- Invoking toplevel() on ptolemy.moml.MoMLSimpleApplication@3668aacd
----------------- Done invoking toplevel() on ptolemy.moml.MoMLSimpleApplication@3668aacd
reloadAllAccessors: .CatchUpComposite6

===========================================================================================
----------------- testing Thu Jun 27 04:44:02 UTC 2019 /home/travis/build/icyphy/ptII/ptolemy/actor/lib/hoc/test/auto/CatchUpComposite7.xml
----------------- Instantiating /home/travis/build/icyphy/ptII/ptolemy/actor/lib/hoc/test/auto/CatchUpComposite7.xml
WARNING: The execution aspects in this model can influence the timing of actors by delaying the 
execution, potentially changing the behavior. There is no guarantee that actors fire at the 
time they request to be fired. 
Use Ptides for deterministic DE behavior that is not influenced by execution aspects. 

28 ms. Memory: 157696K Free: 103621K (66%)
----------------- Invoking toplevel() on ptolemy.moml.MoMLSimpleApplication@337d541b
----------------- Done invoking toplevel() on ptolemy.moml.MoMLSimpleApplication@337d541b
reloadAllAccessors: .CatchUpComposite7

===========================================================================================
----------------- testing Thu Jun 27 04:44:03 UTC 2019 /home/travis/build/icyphy/ptII/ptolemy/actor/lib/hoc/test/auto/ConcurrentExecutionTimeSDF.xml
----------------- Instantiating /home/travis/build/icyphy/ptII/ptolemy/actor/lib/hoc/test/auto/ConcurrentExecutionTimeSDF.xml
Fired ExecutionTime: 40400000
Fired ExecutionTime: 40400000
Fired ExecutionTime: 40400000
Fired ExecutionTime: 40400000
Fired ExecutionTime: 40400000
Fired ExecutionTime: 40400000
Fired ExecutionTime: 40400000
Fired ExecutionTime: 40400000
Fired ExecutionTime: 40400000
Fired ExecutionTime: 40400000
Fired ExecutionTime: 40400000
Fired ExecutionTime: 40400000
Fired ExecutionTime: 40400000
Fired ExecutionTime: 40400000
Fired ExecutionTime: 40400000
Fired ExecutionTime: 40400000
Fired ExecutionTime: 40400000
Fired ExecutionTime: 40400000
Fired ExecutionTime: 40400000
Fired ExecutionTime: 40400000
946 ms. Memory: 157696K Free: 96453K (61%)
----------------- Invoking toplevel() on ptolemy.moml.MoMLSimpleApplication@30a889af
----------------- Done invoking toplevel() on ptolemy.moml.MoMLSimpleApplication@30a889af
reloadAllAccessors: .ConcurrentExecutionTimeSDF

===========================================================================================
----------------- testing Thu Jun 27 04:44:03 UTC 2019 /home/travis/build/icyphy/ptII/ptolemy/actor/lib/hoc/test/auto/ConcurrentSleep.xml
----------------- Instantiating /home/travis/build/icyphy/ptII/ptolemy/actor/lib/hoc/test/auto/ConcurrentSleep.xml
732 ms. Memory: 157696K Free: 84675K (54%)
----------------- Invoking toplevel() on ptolemy.moml.MoMLSimpleApplication@3f0819e8
----------------- Done invoking toplevel() on ptolemy.moml.MoMLSimpleApplication@3f0819e8
reloadAllAccessors: .ConcurrentSleep

===========================================================================================
----------------- testing Thu Jun 27 04:44:04 UTC 2019 /home/travis/build/icyphy/ptII/ptolemy/actor/lib/hoc/test/auto/DEInPNInRunCompositeActor.xml
----------------- Instantiating /home/travis/build/icyphy/ptII/ptolemy/actor/lib/hoc/test/auto/DEInPNInRunCompositeActor.xml
22 ms. Memory: 157696K Free: 79045K (50%)
----------------- Invoking toplevel() on ptolemy.moml.MoMLSimpleApplication@4ea3fb71
----------------- Done invoking toplevel() on ptolemy.moml.MoMLSimpleApplication@4ea3fb71
reloadAllAccessors: .DEInPNInRunCompositeActor

===========================================================================================
----------------- testing Thu Jun 27 04:44:04 UTC 2019 /home/travis/build/icyphy/ptII/ptolemy/actor/lib/hoc/test/auto/DFTSubSetTest.xml
----------------- Instantiating /home/travis/build/icyphy/ptII/ptolemy/actor/lib/hoc/test/auto/DFTSubSetTest.xml
124 ms. Memory: 157696K Free: 114543K (73%)
----------------- Invoking toplevel() on ptolemy.moml.MoMLSimpleApplication@24ec15e2
----------------- Done invoking toplevel() on ptolemy.moml.MoMLSimpleApplication@24ec15e2
reloadAllAccessors: .DFTSubSetTest

===========================================================================================
----------------- testing Thu Jun 27 04:44:05 UTC 2019 /home/travis/build/icyphy/ptII/ptolemy/actor/lib/hoc/test/auto/HocDE.xml
----------------- Instantiating /home/travis/build/icyphy/ptII/ptolemy/actor/lib/hoc/test/auto/HocDE.xml
136 ms. Memory: 157696K Free: 89453K (57%)
----------------- Invoking toplevel() on ptolemy.moml.MoMLSimpleApplication@78f95952
----------------- Done invoking toplevel() on ptolemy.moml.MoMLSimpleApplication@78f95952
reloadAllAccessors: .HocDE

===========================================================================================
----------------- testing Thu Jun 27 04:44:05 UTC 2019 /home/travis/build/icyphy/ptII/ptolemy/actor/lib/hoc/test/auto/IterateOverArray.xml
----------------- Instantiating /home/travis/build/icyphy/ptII/ptolemy/actor/lib/hoc/test/auto/IterateOverArray.xml
9 ms. Memory: 157696K Free: 84847K (54%)
----------------- Invoking toplevel() on ptolemy.moml.MoMLSimpleApplication@34897182
----------------- Done invoking toplevel() on ptolemy.moml.MoMLSimpleApplication@34897182
reloadAllAccessors: .IterateOverArray

===========================================================================================
----------------- testing Thu Jun 27 04:44:05 UTC 2019 /home/travis/build/icyphy/ptII/ptolemy/actor/lib/hoc/test/auto/IterateOverArray10.xml
----------------- Instantiating /home/travis/build/icyphy/ptII/ptolemy/actor/lib/hoc/test/auto/IterateOverArray10.xml
4 ms. Memory: 157696K Free: 81775K (52%)
----------------- Invoking toplevel() on ptolemy.moml.MoMLSimpleApplication@78a7695b
----------------- Done invoking toplevel() on ptolemy.moml.MoMLSimpleApplication@78a7695b
reloadAllAccessors: .IterateOverArray10

===========================================================================================
----------------- testing Thu Jun 27 04:44:05 UTC 2019 /home/travis/build/icyphy/ptII/ptolemy/actor/lib/hoc/test/auto/IterateOverArray11.xml
----------------- Instantiating /home/travis/build/icyphy/ptII/ptolemy/actor/lib/hoc/test/auto/IterateOverArray11.xml
5 ms. Memory: 157696K Free: 77679K (49%)
----------------- Invoking toplevel() on ptolemy.moml.MoMLSimpleApplication@2b2eccec
----------------- Done invoking toplevel() on ptolemy.moml.MoMLSimpleApplication@2b2eccec
reloadAllAccessors: .IterateOverArray11

===========================================================================================
----------------- testing Thu Jun 27 04:44:05 UTC 2019 /home/travis/build/icyphy/ptII/ptolemy/actor/lib/hoc/test/auto/IterateOverArray12.xml
----------------- Instantiating /home/travis/build/icyphy/ptII/ptolemy/actor/lib/hoc/test/auto/IterateOverArray12.xml
18 ms. Memory: 157696K Free: 71535K (45%)
----------------- Invoking toplevel() on ptolemy.moml.MoMLSimpleApplication@4c1da13d
----------------- Done invoking toplevel() on ptolemy.moml.MoMLSimpleApplication@4c1da13d
reloadAllAccessors: .IterateOverArray12

===========================================================================================
----------------- testing Thu Jun 27 04:44:05 UTC 2019 /home/travis/build/icyphy/ptII/ptolemy/actor/lib/hoc/test/auto/IterateOverArray13.xml
----------------- Instantiating /home/travis/build/icyphy/ptII/ptolemy/actor/lib/hoc/test/auto/IterateOverArray13.xml
95 ms. Memory: 157696K Free: 136624K (87%)
----------------- Invoking toplevel() on ptolemy.moml.MoMLSimpleApplication@189aac6a
----------------- Done invoking toplevel() on ptolemy.moml.MoMLSimpleApplication@189aac6a
reloadAllAccessors: .IterateOverArray13

===========================================================================================
----------------- testing Thu Jun 27 04:44:05 UTC 2019 /home/travis/build/icyphy/ptII/ptolemy/actor/lib/hoc/test/auto/IterateOverArray14.xml
----------------- Instantiating /home/travis/build/icyphy/ptII/ptolemy/actor/lib/hoc/test/auto/IterateOverArray14.xml
66 ms. Memory: 157696K Free: 103795K (66%)
----------------- Invoking toplevel() on ptolemy.moml.MoMLSimpleApplication@52af3ee0
----------------- Done invoking toplevel() on ptolemy.moml.MoMLSimpleApplication@52af3ee0
reloadAllAccessors: .IterateOverArray14

===========================================================================================
----------------- testing Thu Jun 27 04:44:05 UTC 2019 /home/travis/build/icyphy/ptII/ptolemy/actor/lib/hoc/test/auto/IterateOverArray2.xml
----------------- Instantiating /home/travis/build/icyphy/ptII/ptolemy/actor/lib/hoc/test/auto/IterateOverArray2.xml
9 ms. Memory: 157696K Free: 99126K (63%)
----------------- Invoking toplevel() on ptolemy.moml.MoMLSimpleApplication@4793a5b7
----------------- Done invoking toplevel() on ptolemy.moml.MoMLSimpleApplication@4793a5b7
reloadAllAccessors: .IterateOverArray2

===========================================================================================
----------------- testing Thu Jun 27 04:44:05 UTC 2019 /home/travis/build/icyphy/ptII/ptolemy/actor/lib/hoc/test/auto/IterateOverArray3.xml
----------------- Instantiating /home/travis/build/icyphy/ptII/ptolemy/actor/lib/hoc/test/auto/IterateOverArray3.xml
22 ms. Memory: 157696K Free: 92968K (59%)
----------------- Invoking toplevel() on ptolemy.moml.MoMLSimpleApplication@7e0288d7
----------------- Done invoking toplevel() on ptolemy.moml.MoMLSimpleApplication@7e0288d7
reloadAllAccessors: .IterateOverArray3

===========================================================================================
----------------- testing Thu Jun 27 04:44:05 UTC 2019 /home/travis/build/icyphy/ptII/ptolemy/actor/lib/hoc/test/auto/IterateOverArray4.xml
----------------- Instantiating /home/travis/build/icyphy/ptII/ptolemy/actor/lib/hoc/test/auto/IterateOverArray4.xml
10 ms. Memory: 157696K Free: 88886K (56%)
----------------- Invoking toplevel() on ptolemy.moml.MoMLSimpleApplication@4c23494f
----------------- Done invoking toplevel() on ptolemy.moml.MoMLSimpleApplication@4c23494f
reloadAllAccessors: .IterateOverArray4

===========================================================================================
----------------- testing Thu Jun 27 04:44:05 UTC 2019 /home/travis/build/icyphy/ptII/ptolemy/actor/lib/hoc/test/auto/IterateOverArray5.xml
----------------- Instantiating /home/travis/build/icyphy/ptII/ptolemy/actor/lib/hoc/test/auto/IterateOverArray5.xml
2 ms. Memory: 157696K Free: 84790K (54%)
----------------- Invoking toplevel() on ptolemy.moml.MoMLSimpleApplication@7a74ef90
----------------- Done invoking toplevel() on ptolemy.moml.MoMLSimpleApplication@7a74ef90
reloadAllAccessors: .IterateOverArray5

===========================================================================================
----------------- testing Thu Jun 27 04:44:05 UTC 2019 /home/travis/build/icyphy/ptII/ptolemy/actor/lib/hoc/test/auto/IterateOverArray6.xml
----------------- Instantiating /home/travis/build/icyphy/ptII/ptolemy/actor/lib/hoc/test/auto/IterateOverArray6.xml
3 ms. Memory: 157696K Free: 81157K (51%)
----------------- Invoking toplevel() on ptolemy.moml.MoMLSimpleApplication@51f98fb1
----------------- Done invoking toplevel() on ptolemy.moml.MoMLSimpleApplication@51f98fb1
reloadAllAccessors: .IterateOverArray6

===========================================================================================
----------------- testing Thu Jun 27 04:44:05 UTC 2019 /home/travis/build/icyphy/ptII/ptolemy/actor/lib/hoc/test/auto/IterateOverArray7.xml
----------------- Instantiating /home/travis/build/icyphy/ptII/ptolemy/actor/lib/hoc/test/auto/IterateOverArray7.xml
5 ms. Memory: 157696K Free: 76598K (49%)
----------------- Invoking toplevel() on ptolemy.moml.MoMLSimpleApplication@c30bf8c
----------------- Done invoking toplevel() on ptolemy.moml.MoMLSimpleApplication@c30bf8c
reloadAllAccessors: .IterateOverArray7

===========================================================================================
----------------- testing Thu Jun 27 04:44:05 UTC 2019 /home/travis/build/icyphy/ptII/ptolemy/actor/lib/hoc/test/auto/IterateOverArray8.xml
----------------- Instantiating /home/travis/build/icyphy/ptII/ptolemy/actor/lib/hoc/test/auto/IterateOverArray8.xml
4 ms. Memory: 157696K Free: 72502K (46%)
----------------- Invoking toplevel() on ptolemy.moml.MoMLSimpleApplication@1377ebb9
----------------- Done invoking toplevel() on ptolemy.moml.MoMLSimpleApplication@1377ebb9
reloadAllAccessors: .IterateOverArray8

===========================================================================================
----------------- testing Thu Jun 27 04:44:05 UTC 2019 /home/travis/build/icyphy/ptII/ptolemy/actor/lib/hoc/test/auto/IterateOverArray9.xml
----------------- Instantiating /home/travis/build/icyphy/ptII/ptolemy/actor/lib/hoc/test/auto/IterateOverArray9.xml
7 ms. Memory: 157696K Free: 68406K (43%)
----------------- Invoking toplevel() on ptolemy.moml.MoMLSimpleApplication@2ce24b4e
----------------- Done invoking toplevel() on ptolemy.moml.MoMLSimpleApplication@2ce24b4e
reloadAllAccessors: .IterateOverArray9

===========================================================================================
----------------- testing Thu Jun 27 04:44:05 UTC 2019 /home/travis/build/icyphy/ptII/ptolemy/actor/lib/hoc/test/auto/IterateOverArrayCoercedOutputType.xml
----------------- Instantiating /home/travis/build/icyphy/ptII/ptolemy/actor/lib/hoc/test/auto/IterateOverArrayCoercedOutputType.xml
11 ms. Memory: 157696K Free: 63286K (40%)
----------------- Invoking toplevel() on ptolemy.moml.MoMLSimpleApplication@1bb384b
----------------- Done invoking toplevel() on ptolemy.moml.MoMLSimpleApplication@1bb384b
reloadAllAccessors: .IterateOverArrayCoercedOutputType

===========================================================================================
----------------- testing Thu Jun 27 04:44:05 UTC 2019 /home/travis/build/icyphy/ptII/ptolemy/actor/lib/hoc/test/auto/IterateOverArrayInferredOutputType.xml
----------------- Instantiating /home/travis/build/icyphy/ptII/ptolemy/actor/lib/hoc/test/auto/IterateOverArrayInferredOutputType.xml
12 ms. Memory: 157696K Free: 58709K (37%)
----------------- Invoking toplevel() on ptolemy.moml.MoMLSimpleApplication@5a541d5a
----------------- Done invoking toplevel() on ptolemy.moml.MoMLSimpleApplication@5a541d5a
reloadAllAccessors: .IterateOverArrayInferredOutputType

===========================================================================================
----------------- testing Thu Jun 27 04:44:05 UTC 2019 /home/travis/build/icyphy/ptII/ptolemy/actor/lib/hoc/test/auto/MobileFunctionTest.xml
----------------- Instantiating /home/travis/build/icyphy/ptII/ptolemy/actor/lib/hoc/test/auto/MobileFunctionTest.xml
3 ms. Memory: 157696K Free: 54613K (35%)
----------------- Invoking toplevel() on ptolemy.moml.MoMLSimpleApplication@781f26b2
----------------- Done invoking toplevel() on ptolemy.moml.MoMLSimpleApplication@781f26b2
reloadAllAccessors: .MobileFunctionTest

===========================================================================================
----------------- testing Thu Jun 27 04:44:06 UTC 2019 /home/travis/build/icyphy/ptII/ptolemy/actor/lib/hoc/test/auto/MobileModelTest.xml
----------------- Instantiating /home/travis/build/icyphy/ptII/ptolemy/actor/lib/hoc/test/auto/MobileModelTest.xml
185 ms. Memory: 157696K Free: 125816K (80%)
----------------- Invoking toplevel() on ptolemy.moml.MoMLSimpleApplication@64ad8031
----------------- Done invoking toplevel() on ptolemy.moml.MoMLSimpleApplication@64ad8031
reloadAllAccessors: .MobileModelTest

===========================================================================================
----------------- testing Thu Jun 27 04:44:06 UTC 2019 /home/travis/build/icyphy/ptII/ptolemy/actor/lib/hoc/test/auto/ModelReference.xml
----------------- Instantiating /home/travis/build/icyphy/ptII/ptolemy/actor/lib/hoc/test/auto/ModelReference.xml
4 ms. Memory: 157696K Free: 119158K (76%)
4 ms. Memory: 157696K Free: 118648K (75%)
2 ms. Memory: 157696K Free: 117624K (75%)
1 ms. Memory: 157696K Free: 116600K (74%)
1 ms. Memory: 157696K Free: 116072K (74%)
5 ms. Memory: 157696K Free: 115062K (73%)
1 ms. Memory: 157696K Free: 114552K (73%)
1 ms. Memory: 157696K Free: 113528K (72%)
1 ms. Memory: 157696K Free: 112984K (72%)
2 ms. Memory: 157696K Free: 111976K (71%)
35 ms. Memory: 157696K Free: 111976K (71%)
----------------- Invoking toplevel() on ptolemy.moml.MoMLSimpleApplication@46f5cd44
----------------- Done invoking toplevel() on ptolemy.moml.MoMLSimpleApplication@46f5cd44
reloadAllAccessors: .ModelReference

===========================================================================================
----------------- testing Thu Jun 27 04:44:06 UTC 2019 /home/travis/build/icyphy/ptII/ptolemy/actor/lib/hoc/test/auto/ModelReference3.xml
----------------- Instantiating /home/travis/build/icyphy/ptII/ptolemy/actor/lib/hoc/test/auto/ModelReference3.xml
2 ms. Memory: 157696K Free: 107384K (68%)
4 ms. Memory: 157696K Free: 106840K (68%)
2 ms. Memory: 157696K Free: 105846K (67%)
4 ms. Memory: 157696K Free: 105336K (67%)
3 ms. Memory: 157696K Free: 104312K (66%)
2 ms. Memory: 157696K Free: 103288K (65%)
3 ms. Memory: 157696K Free: 102760K (65%)
1 ms. Memory: 157696K Free: 101750K (65%)
2 ms. Memory: 157696K Free: 101240K (64%)
1 ms. Memory: 157696K Free: 100216K (64%)
30 ms. Memory: 157696K Free: 100216K (64%)
----------------- Invoking toplevel() on ptolemy.moml.MoMLSimpleApplication@635033f
----------------- Done invoking toplevel() on ptolemy.moml.MoMLSimpleApplication@635033f
reloadAllAccessors: .ModelReference3

===========================================================================================
----------------- testing Thu Jun 27 04:44:06 UTC 2019 /home/travis/build/icyphy/ptII/ptolemy/actor/lib/hoc/test/auto/ModelReference4.xml
----------------- Instantiating /home/travis/build/icyphy/ptII/ptolemy/actor/lib/hoc/test/auto/ModelReference4.xml
2 ms. Memory: 157696K Free: 95096K (60%)
2 ms. Memory: 157696K Free: 93552K (59%)
2 ms. Memory: 157696K Free: 92520K (59%)
3 ms. Memory: 157696K Free: 91510K (58%)
2 ms. Memory: 157696K Free: 89976K (57%)
6 ms. Memory: 157696K Free: 88952K (56%)
5 ms. Memory: 157696K Free: 87408K (55%)
2 ms. Memory: 157696K Free: 86376K (55%)
2 ms. Memory: 157696K Free: 84856K (54%)
2 ms. Memory: 157696K Free: 83832K (53%)
10019 ms. Memory: 157696K Free: 83832K (53%)
----------------- Invoking toplevel() on ptolemy.moml.MoMLSimpleApplication@240e68e5
----------------- Done invoking toplevel() on ptolemy.moml.MoMLSimpleApplication@240e68e5
reloadAllAccessors: .ModelReference4

===========================================================================================
----------------- testing Thu Jun 27 04:44:16 UTC 2019 /home/travis/build/icyphy/ptII/ptolemy/actor/lib/hoc/test/auto/MultiInstanceComposite.xml
----------------- Instantiating /home/travis/build/icyphy/ptII/ptolemy/actor/lib/hoc/test/auto/MultiInstanceComposite.xml
44 ms. Memory: 157696K Free: 64886K (41%)
----------------- Invoking toplevel() on ptolemy.moml.MoMLSimpleApplication@174741fd
----------------- Done invoking toplevel() on ptolemy.moml.MoMLSimpleApplication@174741fd
reloadAllAccessors: .MultiInstanceComposite

===========================================================================================
----------------- testing Thu Jun 27 04:44:16 UTC 2019 /home/travis/build/icyphy/ptII/ptolemy/actor/lib/hoc/test/auto/MultiInstanceComposite2.xml
----------------- Instantiating /home/travis/build/icyphy/ptII/ptolemy/actor/lib/hoc/test/auto/MultiInstanceComposite2.xml
27 ms. Memory: 157696K Free: 53622K (34%)
----------------- Invoking toplevel() on ptolemy.moml.MoMLSimpleApplication@673cb13
----------------- Done invoking toplevel() on ptolemy.moml.MoMLSimpleApplication@673cb13
reloadAllAccessors: .MultiInstanceComposite2

===========================================================================================
----------------- testing Thu Jun 27 04:44:16 UTC 2019 /home/travis/build/icyphy/ptII/ptolemy/actor/lib/hoc/test/auto/MulticoreExecution.xml
----------------- Instantiating /home/travis/build/icyphy/ptII/ptolemy/actor/lib/hoc/test/auto/MulticoreExecution.xml
Fired ExecutionTime: 36800000
Fired ExecutionTime: 36800000
Fired ExecutionTime: 28800000
Fired ExecutionTime: 46400000
Fired ExecutionTime: 39600000
Fired ExecutionTime: 37200000
Fired ExecutionTime: 32400000
Fired ExecutionTime: 40800000
Fired ExecutionTime: 34400000
Fired ExecutionTime: 26800000
Fired ExecutionTime: 48000000
Fired ExecutionTime: 46000000
Fired ExecutionTime: 47600000
Fired ExecutionTime: 48400000
Fired ExecutionTime: 27200000
Fired ExecutionTime: 50000000
Fired ExecutionTime: 47600000
Fired ExecutionTime: 46000000
Fired ExecutionTime: 46000000
Fired ExecutionTime: 46000000
1055 ms. Memory: 157696K Free: 136393K (86%)
----------------- Invoking toplevel() on ptolemy.moml.MoMLSimpleApplication@185776ab
----------------- Done invoking toplevel() on ptolemy.moml.MoMLSimpleApplication@185776ab
reloadAllAccessors: .MulticoreExecution

===========================================================================================
----------------- testing Thu Jun 27 04:44:17 UTC 2019 /home/travis/build/icyphy/ptII/ptolemy/actor/lib/hoc/test/auto/ParallelExecution.xml
----------------- Instantiating /home/travis/build/icyphy/ptII/ptolemy/actor/lib/hoc/test/auto/ParallelExecution.xml
930 ms. Memory: 157696K Free: 128715K (82%)
----------------- Invoking toplevel() on ptolemy.moml.MoMLSimpleApplication@1c679589
----------------- Done invoking toplevel() on ptolemy.moml.MoMLSimpleApplication@1c679589
reloadAllAccessors: .ParallelExecution

===========================================================================================
----------------- testing Thu Jun 27 04:44:18 UTC 2019 /home/travis/build/icyphy/ptII/ptolemy/actor/lib/hoc/test/auto/RunCompositeActor.xml
----------------- Instantiating /home/travis/build/icyphy/ptII/ptolemy/actor/lib/hoc/test/auto/RunCompositeActor.xml
8 ms. Memory: 157696K Free: 121547K (77%)
----------------- Invoking toplevel() on ptolemy.moml.MoMLSimpleApplication@38742cfd
----------------- Done invoking toplevel() on ptolemy.moml.MoMLSimpleApplication@38742cfd
reloadAllAccessors: .RunCompositeActor

===========================================================================================
----------------- testing Thu Jun 27 04:44:18 UTC 2019 /home/travis/build/icyphy/ptII/ptolemy/actor/lib/hoc/test/auto/RunCompositeActor2.xml
----------------- Instantiating /home/travis/build/icyphy/ptII/ptolemy/actor/lib/hoc/test/auto/RunCompositeActor2.xml
4 ms. Memory: 157696K Free: 115403K (73%)
----------------- Invoking toplevel() on ptolemy.moml.MoMLSimpleApplication@3730fac0
----------------- Done invoking toplevel() on ptolemy.moml.MoMLSimpleApplication@3730fac0
reloadAllAccessors: .RunCompositeActor2

===========================================================================================
----------------- testing Thu Jun 27 04:44:18 UTC 2019 /home/travis/build/icyphy/ptII/ptolemy/actor/lib/hoc/test/auto/RunCompositeActor3.xml
----------------- Instantiating /home/travis/build/icyphy/ptII/ptolemy/actor/lib/hoc/test/auto/RunCompositeActor3.xml
3 ms. Memory: 157696K Free: 110283K (70%)
----------------- Invoking toplevel() on ptolemy.moml.MoMLSimpleApplication@404423a7
----------------- Done invoking toplevel() on ptolemy.moml.MoMLSimpleApplication@404423a7
reloadAllAccessors: .RunCompositeActor3

===========================================================================================
----------------- testing Thu Jun 27 04:44:18 UTC 2019 /home/travis/build/icyphy/ptII/ptolemy/actor/lib/hoc/test/auto/RunCompositeActor4.xml
----------------- Instantiating /home/travis/build/icyphy/ptII/ptolemy/actor/lib/hoc/test/auto/RunCompositeActor4.xml
12 ms. Memory: 157696K Free: 102091K (65%)
----------------- Invoking toplevel() on ptolemy.moml.MoMLSimpleApplication@57f9f434
----------------- Done invoking toplevel() on ptolemy.moml.MoMLSimpleApplication@57f9f434
reloadAllAccessors: .RunCompositeActor4

===========================================================================================
----------------- testing Thu Jun 27 04:44:18 UTC 2019 /home/travis/build/icyphy/ptII/ptolemy/actor/lib/hoc/test/auto/RunCompositeIterateOverArray.xml
----------------- Instantiating /home/travis/build/icyphy/ptII/ptolemy/actor/lib/hoc/test/auto/RunCompositeIterateOverArray.xml
5 ms. Memory: 157696K Free: 96457K (61%)
----------------- Invoking toplevel() on ptolemy.moml.MoMLSimpleApplication@603a48ca
----------------- Done invoking toplevel() on ptolemy.moml.MoMLSimpleApplication@603a48ca
reloadAllAccessors: .RunCompositeIterateOverArray

===========================================================================================
----------------- testing Thu Jun 27 04:44:18 UTC 2019 /home/travis/build/icyphy/ptII/ptolemy/actor/lib/hoc/test/auto/ThreadedJS.xml
----------------- Instantiating /home/travis/build/icyphy/ptII/ptolemy/actor/lib/hoc/test/auto/ThreadedJS.xml
5718 ms. Memory: 227328K Free: 108671K (48%)
----------------- Invoking toplevel() on ptolemy.moml.MoMLSimpleApplication@7abdb25b
----------------- Done invoking toplevel() on ptolemy.moml.MoMLSimpleApplication@7abdb25b
reloadAllAccessors: .ThreadedJS
AutoTests.java: About to close Vertx.
AutoTests.java: Vertx closed.
]]></system-out>
  <system-err><![CDATA[java.lang.RuntimeException: Execution failed
	at ptolemy.moml.MoMLSimpleApplication$UnloadThread.run(MoMLSimpleApplication.java:402)
Caused by: ptolemy.kernel.util.IllegalActionException: initialize() was called after wrapup() was called but preinitialize() was not called after wrapup().
	at ptolemy.actor.lib.hoc.test.PreinitializeMustBeInvoked.initialize(PreinitializeMustBeInvoked.java:78)
	at ptolemy.actor.Director.initialize(Director.java:938)
	at ptolemy.actor.Director.initialize(Director.java:907)
	at ptolemy.actor.sched.StaticSchedulingDirector.initialize(StaticSchedulingDirector.java:159)
	at ptolemy.domains.sdf.kernel.SDFDirector.initialize(SDFDirector.java:544)
	at ptolemy.actor.CompositeActor.initialize(CompositeActor.java:935)
	at ptolemy.actor.lib.hoc.LifeCycleManager._executeInsideModel(LifeCycleManager.java:339)
	at ptolemy.actor.lib.hoc.RunCompositeActor.fire(RunCompositeActor.java:205)
	at ptolemy.actor.CompositeActor.iterate(CompositeActor.java:1146)
	at ptolemy.actor.sched.StaticSchedulingDirector.fire(StaticSchedulingDirector.java:216)
	at ptolemy.domains.sdf.kernel.SDFDirector.fire(SDFDirector.java:500)
	at ptolemy.actor.CompositeActor.fire(CompositeActor.java:455)
	at ptolemy.actor.Manager.iterate(Manager.java:851)
	at ptolemy.actor.Manager.execute(Manager.java:369)
	at ptolemy.actor.Manager.run(Manager.java:1263)
	at ptolemy.actor.Manager$PtolemyRunThread.run(Manager.java:1915)
java.lang.reflect.InvocationTargetException
	at java.base/jdk.internal.reflect.NativeConstructorAccessorImpl.newInstance0(Native Method)
	at java.base/jdk.internal.reflect.NativeConstructorAccessorImpl.newInstance(NativeConstructorAccessorImpl.java:62)
	at java.base/jdk.internal.reflect.DelegatingConstructorAccessorImpl.newInstance(DelegatingConstructorAccessorImpl.java:45)
	at java.base/java.lang.reflect.Constructor.newInstance(Constructor.java:490)
	at ptolemy.util.test.junit.AutoKnownFailedTests.RunModel(AutoKnownFailedTests.java:105)
	at java.base/jdk.internal.reflect.NativeMethodAccessorImpl.invoke0(Native Method)
	at java.base/jdk.internal.reflect.NativeMethodAccessorImpl.invoke(NativeMethodAccessorImpl.java:62)
	at java.base/jdk.internal.reflect.DelegatingMethodAccessorImpl.invoke(DelegatingMethodAccessorImpl.java:43)
	at java.base/java.lang.reflect.Method.invoke(Method.java:566)
	at org.junit.runners.model.FrameworkMethod$1.runReflectiveCall(FrameworkMethod.java:44)
	at org.junit.internal.runners.model.ReflectiveCallable.run(ReflectiveCallable.java:15)
	at org.junit.runners.model.FrameworkMethod.invokeExplosively(FrameworkMethod.java:41)
	at junitparams.internal.InvokeParameterisedMethod.evaluate(InvokeParameterisedMethod.java:102)
	at org.junit.internal.runners.statements.FailOnTimeout$1.run(FailOnTimeout.java:28)
Caused by: ptolemy.kernel.util.IllegalActionException: initialize() was called after wrapup() was called but preinitialize() was not called after wrapup().
	at ptolemy.actor.lib.hoc.test.PreinitializeMustBeInvoked.initialize(PreinitializeMustBeInvoked.java:78)
	at ptolemy.actor.Director.initialize(Director.java:938)
	at ptolemy.actor.Director.initialize(Director.java:907)
	at ptolemy.actor.sched.StaticSchedulingDirector.initialize(StaticSchedulingDirector.java:159)
	at ptolemy.domains.sdf.kernel.SDFDirector.initialize(SDFDirector.java:544)
	at ptolemy.actor.CompositeActor.initialize(CompositeActor.java:935)
	at ptolemy.actor.lib.hoc.LifeCycleManager._executeInsideModel(LifeCycleManager.java:339)
	at ptolemy.actor.lib.hoc.RunCompositeActor.fire(RunCompositeActor.java:205)
	at ptolemy.actor.CompositeActor.iterate(CompositeActor.java:1146)
	at ptolemy.actor.sched.StaticSchedulingDirector.fire(StaticSchedulingDirector.java:216)
	at ptolemy.domains.sdf.kernel.SDFDirector.fire(SDFDirector.java:500)
	at ptolemy.actor.CompositeActor.fire(CompositeActor.java:455)
	at ptolemy.actor.Manager.iterate(Manager.java:851)
	at ptolemy.actor.Manager.execute(Manager.java:369)
	at ptolemy.actor.Manager.run(Manager.java:1263)
	at ptolemy.actor.Manager$PtolemyRunThread.run(Manager.java:1915)
Warning: Nashorn engine is planned to be removed from a future JDK release
Warning: Nashorn engine is planned to be removed from a future JDK release
Warning: Nashorn engine is planned to be removed from a future JDK release
Warning: Nashorn engine is planned to be removed from a future JDK release
Warning: Nashorn engine is planned to be removed from a future JDK release
Warning: Nashorn engine is planned to be removed from a future JDK release
Warning: Nashorn engine is planned to be removed from a future JDK release
Warning: Nashorn engine is planned to be removed from a future JDK release
]]></system-err>
</testsuite>
