<?xml version="1.0" encoding="UTF-8" ?>
<testsuite errors="0" failures="0" hostname="travis-job-7a47a2a1-1e23-4016-b1c6-2eb18dc9914b" name="ptolemy.domains.modal.test.junit.JUnitTclTest" skipped="0" tests="148" time="10.908" timestamp="2019-07-03T04:45:34">
  <properties>
[...]
</properties>
  <testcase classname="ptolemy.util.test.junit.TclTests" name="[0] /home/travis/build/icyphy/ptII/ptolemy/domains/modal/test/SystemLevelType.tcl (RunTclFile)" time="2.104" />
  <testcase classname="ptolemy.util.test.junit.AutoKnownFailedTests" name="[0] /home/travis/build/icyphy/ptII/ptolemy/domains/modal/test/auto/knownFailedTests/CannotAnalysisWithPreemption.xml (RunModel)" time="0.311" />
  <testcase classname="ptolemy.util.test.junit.AutoNameArchTests" name="[0] ThereAreNoAutoArchTests (RunModel)" time="0.005" />
  <testcase classname="ptolemy.util.test.junit.AutoTests" name="[0] /home/travis/build/icyphy/ptII/ptolemy/domains/modal/test/auto/ABPTest.xml (RunModel)" time="0.713" />
  <testcase classname="ptolemy.util.test.junit.AutoTests" name="[1] /home/travis/build/icyphy/ptII/ptolemy/domains/modal/test/auto/ABROFlat.xml (RunModel)" time="0.089" />
  <testcase classname="ptolemy.util.test.junit.AutoTests" name="[2] /home/travis/build/icyphy/ptII/ptolemy/domains/modal/test/auto/ABROFlat2.xml (RunModel)" time="0.083" />
  <testcase classname="ptolemy.util.test.junit.AutoTests" name="[3] /home/travis/build/icyphy/ptII/ptolemy/domains/modal/test/auto/ABRO_present_hmm.xml (RunModel)" time="0.161" />
  <testcase classname="ptolemy.util.test.junit.AutoTests" name="[4] /home/travis/build/icyphy/ptII/ptolemy/domains/modal/test/auto/AMICoderExample.xml (RunModel)" time="0.059" />
  <testcase classname="ptolemy.util.test.junit.AutoTests" name="[5] /home/travis/build/icyphy/ptII/ptolemy/domains/modal/test/auto/AbsentToPresent.xml (RunModel)" time="0.022" />
  <testcase classname="ptolemy.util.test.junit.AutoTests" name="[6] /home/travis/build/icyphy/ptII/ptolemy/domains/modal/test/auto/Blending.xml (RunModel)" time="0.29" />
  <testcase classname="ptolemy.util.test.junit.AutoTests" name="[7] /home/travis/build/icyphy/ptII/ptolemy/domains/modal/test/auto/Broadcast.xml (RunModel)" time="0.05" />
  <testcase classname="ptolemy.util.test.junit.AutoTests" name="[8] /home/travis/build/icyphy/ptII/ptolemy/domains/modal/test/auto/BroadcastHierarchy.xml (RunModel)" time="0.052" />
  <testcase classname="ptolemy.util.test.junit.AutoTests" name="[9] /home/travis/build/icyphy/ptII/ptolemy/domains/modal/test/auto/BroadcastHierarchy2.xml (RunModel)" time="0.081" />
  <testcase classname="ptolemy.util.test.junit.AutoTests" name="[10] /home/travis/build/icyphy/ptII/ptolemy/domains/modal/test/auto/BroadcastHierarchy3.xml (RunModel)" time="0.064" />
  <testcase classname="ptolemy.util.test.junit.AutoTests" name="[11] /home/travis/build/icyphy/ptII/ptolemy/domains/modal/test/auto/BroadcastHierarchy4.xml (RunModel)" time="0.068" />
  <testcase classname="ptolemy.util.test.junit.AutoTests" name="[12] /home/travis/build/icyphy/ptII/ptolemy/domains/modal/test/auto/CannotAnalysisWithPreemption2.xml (RunModel)" time="0.036" />
  <testcase classname="ptolemy.util.test.junit.AutoTests" name="[13] /home/travis/build/icyphy/ptII/ptolemy/domains/modal/test/auto/CannotAnalysisWithPreemption3.xml (RunModel)" time="0.043" />
  <testcase classname="ptolemy.util.test.junit.AutoTests" name="[14] /home/travis/build/icyphy/ptII/ptolemy/domains/modal/test/auto/CannotProduce.xml (RunModel)" time="0.072" />
  <testcase classname="ptolemy.util.test.junit.AutoTests" name="[15] /home/travis/build/icyphy/ptII/ptolemy/domains/modal/test/auto/CannotProduceModal.xml (RunModel)" time="0.04" />
  <testcase classname="ptolemy.util.test.junit.AutoTests" name="[16] /home/travis/build/icyphy/ptII/ptolemy/domains/modal/test/auto/Case.xml (RunModel)" time="0.065" />
  <testcase classname="ptolemy.util.test.junit.AutoTests" name="[17] /home/travis/build/icyphy/ptII/ptolemy/domains/modal/test/auto/Case1.xml (RunModel)" time="0.04" />
  <testcase classname="ptolemy.util.test.junit.AutoTests" name="[18] /home/travis/build/icyphy/ptII/ptolemy/domains/modal/test/auto/Case2.xml (RunModel)" time="0.07" />
  <testcase classname="ptolemy.util.test.junit.AutoTests" name="[19] /home/travis/build/icyphy/ptII/ptolemy/domains/modal/test/auto/CausalityInterface1.xml (RunModel)" time="0.028" />
  <testcase classname="ptolemy.util.test.junit.AutoTests" name="[20] /home/travis/build/icyphy/ptII/ptolemy/domains/modal/test/auto/CausalityInterface10.xml (RunModel)" time="0.059" />
  <testcase classname="ptolemy.util.test.junit.AutoTests" name="[21] /home/travis/build/icyphy/ptII/ptolemy/domains/modal/test/auto/CausalityInterface11.xml (RunModel)" time="0.056" />
  <testcase classname="ptolemy.util.test.junit.AutoTests" name="[22] /home/travis/build/icyphy/ptII/ptolemy/domains/modal/test/auto/CausalityInterface12.xml (RunModel)" time="0.043" />
  <testcase classname="ptolemy.util.test.junit.AutoTests" name="[23] /home/travis/build/icyphy/ptII/ptolemy/domains/modal/test/auto/CausalityInterface13.xml (RunModel)" time="0.07" />
  <testcase classname="ptolemy.util.test.junit.AutoTests" name="[24] /home/travis/build/icyphy/ptII/ptolemy/domains/modal/test/auto/CausalityInterface14.xml (RunModel)" time="0.055" />
  <testcase classname="ptolemy.util.test.junit.AutoTests" name="[25] /home/travis/build/icyphy/ptII/ptolemy/domains/modal/test/auto/CausalityInterface2.xml (RunModel)" time="0.056" />
  <testcase classname="ptolemy.util.test.junit.AutoTests" name="[26] /home/travis/build/icyphy/ptII/ptolemy/domains/modal/test/auto/CausalityInterface3.xml (RunModel)" time="0.037" />
  <testcase classname="ptolemy.util.test.junit.AutoTests" name="[27] /home/travis/build/icyphy/ptII/ptolemy/domains/modal/test/auto/CausalityInterface4.xml (RunModel)" time="0.031" />
  <testcase classname="ptolemy.util.test.junit.AutoTests" name="[28] /home/travis/build/icyphy/ptII/ptolemy/domains/modal/test/auto/CausalityInterface5.xml (RunModel)" time="0.041" />
  <testcase classname="ptolemy.util.test.junit.AutoTests" name="[29] /home/travis/build/icyphy/ptII/ptolemy/domains/modal/test/auto/CausalityInterface6.xml (RunModel)" time="0.039" />
  <testcase classname="ptolemy.util.test.junit.AutoTests" name="[30] /home/travis/build/icyphy/ptII/ptolemy/domains/modal/test/auto/CausalityInterface7.xml (RunModel)" time="0.04" />
  <testcase classname="ptolemy.util.test.junit.AutoTests" name="[31] /home/travis/build/icyphy/ptII/ptolemy/domains/modal/test/auto/CausalityInterface8.xml (RunModel)" time="0.041" />
  <testcase classname="ptolemy.util.test.junit.AutoTests" name="[32] /home/travis/build/icyphy/ptII/ptolemy/domains/modal/test/auto/CausalityInterface9.xml (RunModel)" time="0.053" />
  <testcase classname="ptolemy.util.test.junit.AutoTests" name="[33] /home/travis/build/icyphy/ptII/ptolemy/domains/modal/test/auto/ChainedTransitions.xml (RunModel)" time="0.131" />
  <testcase classname="ptolemy.util.test.junit.AutoTests" name="[34] /home/travis/build/icyphy/ptII/ptolemy/domains/modal/test/auto/CycleOfImmediateTransitionsFSM.xml (RunModel)" time="0.028" />
  <testcase classname="ptolemy.util.test.junit.AutoTests" name="[35] /home/travis/build/icyphy/ptII/ptolemy/domains/modal/test/auto/CycleOfImmediateTransitionsModal.xml (RunModel)" time="0.021" />
  <testcase classname="ptolemy.util.test.junit.AutoTests" name="[36] /home/travis/build/icyphy/ptII/ptolemy/domains/modal/test/auto/CycleOfImmediateTransitionsModal2.xml (RunModel)" time="0.027" />
  <testcase classname="ptolemy.util.test.junit.AutoTests" name="[37] /home/travis/build/icyphy/ptII/ptolemy/domains/modal/test/auto/CycleOfImmediateTransitionsModal3.xml (RunModel)" time="0.076" />
  <testcase classname="ptolemy.util.test.junit.AutoTests" name="[38] /home/travis/build/icyphy/ptII/ptolemy/domains/modal/test/auto/DeepModal1.xml (RunModel)" time="0.051" />
  <testcase classname="ptolemy.util.test.junit.AutoTests" name="[39] /home/travis/build/icyphy/ptII/ptolemy/domains/modal/test/auto/DeepModal2.xml (RunModel)" time="0.075" />
  <testcase classname="ptolemy.util.test.junit.AutoTests" name="[40] /home/travis/build/icyphy/ptII/ptolemy/domains/modal/test/auto/DeepModal3.xml (RunModel)" time="0.063" />
  <testcase classname="ptolemy.util.test.junit.AutoTests" name="[41] /home/travis/build/icyphy/ptII/ptolemy/domains/modal/test/auto/DeepModal4.xml (RunModel)" time="0.077" />
  <testcase classname="ptolemy.util.test.junit.AutoTests" name="[42] /home/travis/build/icyphy/ptII/ptolemy/domains/modal/test/auto/Default1.xml (RunModel)" time="0.015" />
  <testcase classname="ptolemy.util.test.junit.AutoTests" name="[43] /home/travis/build/icyphy/ptII/ptolemy/domains/modal/test/auto/Default2.xml (RunModel)" time="0.02" />
  <testcase classname="ptolemy.util.test.junit.AutoTests" name="[44] /home/travis/build/icyphy/ptII/ptolemy/domains/modal/test/auto/Default3.xml (RunModel)" time="0.02" />
  <testcase classname="ptolemy.util.test.junit.AutoTests" name="[45] /home/travis/build/icyphy/ptII/ptolemy/domains/modal/test/auto/Default4.xml (RunModel)" time="0.018" />
  <testcase classname="ptolemy.util.test.junit.AutoTests" name="[46] /home/travis/build/icyphy/ptII/ptolemy/domains/modal/test/auto/Default5.xml (RunModel)" time="0.036" />
  <testcase classname="ptolemy.util.test.junit.AutoTests" name="[47] /home/travis/build/icyphy/ptII/ptolemy/domains/modal/test/auto/EmptyGuard.xml (RunModel)" time="0.039" />
  <testcase classname="ptolemy.util.test.junit.AutoTests" name="[48] /home/travis/build/icyphy/ptII/ptolemy/domains/modal/test/auto/ErrorTransition1.xml (RunModel)" time="0.035" />
  <testcase classname="ptolemy.util.test.junit.AutoTests" name="[49] /home/travis/build/icyphy/ptII/ptolemy/domains/modal/test/auto/ErrorTransition10.xml (RunModel)" time="0.041" />
  <testcase classname="ptolemy.util.test.junit.AutoTests" name="[50] /home/travis/build/icyphy/ptII/ptolemy/domains/modal/test/auto/ErrorTransition11.xml (RunModel)" time="0.038" />
  <testcase classname="ptolemy.util.test.junit.AutoTests" name="[51] /home/travis/build/icyphy/ptII/ptolemy/domains/modal/test/auto/ErrorTransition2.xml (RunModel)" time="0.025" />
  <testcase classname="ptolemy.util.test.junit.AutoTests" name="[52] /home/travis/build/icyphy/ptII/ptolemy/domains/modal/test/auto/ErrorTransition3.xml (RunModel)" time="0.043" />
  <testcase classname="ptolemy.util.test.junit.AutoTests" name="[53] /home/travis/build/icyphy/ptII/ptolemy/domains/modal/test/auto/ErrorTransition4.xml (RunModel)" time="0.038" />
  <testcase classname="ptolemy.util.test.junit.AutoTests" name="[54] /home/travis/build/icyphy/ptII/ptolemy/domains/modal/test/auto/ErrorTransition5.xml (RunModel)" time="0.027" />
  <testcase classname="ptolemy.util.test.junit.AutoTests" name="[55] /home/travis/build/icyphy/ptII/ptolemy/domains/modal/test/auto/ErrorTransition6.xml (RunModel)" time="0.045" />
  <testcase classname="ptolemy.util.test.junit.AutoTests" name="[56] /home/travis/build/icyphy/ptII/ptolemy/domains/modal/test/auto/ErrorTransition7.xml (RunModel)" time="0.053" />
  <testcase classname="ptolemy.util.test.junit.AutoTests" name="[57] /home/travis/build/icyphy/ptII/ptolemy/domains/modal/test/auto/ErrorTransition8.xml (RunModel)" time="0.071" />
  <testcase classname="ptolemy.util.test.junit.AutoTests" name="[58] /home/travis/build/icyphy/ptII/ptolemy/domains/modal/test/auto/ErrorTransition9.xml (RunModel)" time="0.056" />
  <testcase classname="ptolemy.util.test.junit.AutoTests" name="[59] /home/travis/build/icyphy/ptII/ptolemy/domains/modal/test/auto/ExtendedFSM.xml (RunModel)" time="0.021" />
  <testcase classname="ptolemy.util.test.junit.AutoTests" name="[60] /home/travis/build/icyphy/ptII/ptolemy/domains/modal/test/auto/FinalStates.xml (RunModel)" time="0.025" />
  <testcase classname="ptolemy.util.test.junit.AutoTests" name="[61] /home/travis/build/icyphy/ptII/ptolemy/domains/modal/test/auto/FixedPointFSM.xml (RunModel)" time="0.046" />
  <testcase classname="ptolemy.util.test.junit.AutoTests" name="[62] /home/travis/build/icyphy/ptII/ptolemy/domains/modal/test/auto/FixedPointIterationFSMActor.xml (RunModel)" time="0.033" />
  <testcase classname="ptolemy.util.test.junit.AutoTests" name="[63] /home/travis/build/icyphy/ptII/ptolemy/domains/modal/test/auto/FixedPointIterationFSMActor2.xml (RunModel)" time="0.028" />
  <testcase classname="ptolemy.util.test.junit.AutoTests" name="[64] /home/travis/build/icyphy/ptII/ptolemy/domains/modal/test/auto/ForbiddenInstantanousLoop.xml (RunModel)" time="0.029" />
  <testcase classname="ptolemy.util.test.junit.AutoTests" name="[65] /home/travis/build/icyphy/ptII/ptolemy/domains/modal/test/auto/FunctionDependencyOfFSMActorTest.xml (RunModel)" time="0.029" />
  <testcase classname="ptolemy.util.test.junit.AutoTests" name="[66] /home/travis/build/icyphy/ptII/ptolemy/domains/modal/test/auto/GuardExpression.xml (RunModel)" time="0.015" />
  <testcase classname="ptolemy.util.test.junit.AutoTests" name="[67] /home/travis/build/icyphy/ptII/ptolemy/domains/modal/test/auto/GuardNotEvaluated.xml (RunModel)" time="0.032" />
  <testcase classname="ptolemy.util.test.junit.AutoTests" name="[68] /home/travis/build/icyphy/ptII/ptolemy/domains/modal/test/auto/GuardNotEvaluated2.xml (RunModel)" time="0.029" />
  <testcase classname="ptolemy.util.test.junit.AutoTests" name="[69] /home/travis/build/icyphy/ptII/ptolemy/domains/modal/test/auto/GuardOnAbsent.xml (RunModel)" time="0.021" />
  <testcase classname="ptolemy.util.test.junit.AutoTests" name="[70] /home/travis/build/icyphy/ptII/ptolemy/domains/modal/test/auto/HierarchicalFSMTypeInference.xml (RunModel)" time="0.032" />
  <testcase classname="ptolemy.util.test.junit.AutoTests" name="[71] /home/travis/build/icyphy/ptII/ptolemy/domains/modal/test/auto/Hysteresis.xml (RunModel)" time="0.043" />
  <testcase classname="ptolemy.util.test.junit.AutoTests" name="[72] /home/travis/build/icyphy/ptII/ptolemy/domains/modal/test/auto/HysteresisWithDefault.xml (RunModel)" time="0.07" />
  <testcase classname="ptolemy.util.test.junit.AutoTests" name="[73] /home/travis/build/icyphy/ptII/ptolemy/domains/modal/test/auto/HysteresisWithDefault2.xml (RunModel)" time="0.097" />
  <testcase classname="ptolemy.util.test.junit.AutoTests" name="[74] /home/travis/build/icyphy/ptII/ptolemy/domains/modal/test/auto/ImmediateNonConstructiveness.xml (RunModel)" time="0.019" />
  <testcase classname="ptolemy.util.test.junit.AutoTests" name="[75] /home/travis/build/icyphy/ptII/ptolemy/domains/modal/test/auto/ImmediateNonConstructiveness2.xml (RunModel)" time="0.019" />
  <testcase classname="ptolemy.util.test.junit.AutoTests" name="[76] /home/travis/build/icyphy/ptII/ptolemy/domains/modal/test/auto/ImmediateTransitionReset.xml (RunModel)" time="0.031" />
  <testcase classname="ptolemy.util.test.junit.AutoTests" name="[77] /home/travis/build/icyphy/ptII/ptolemy/domains/modal/test/auto/ImmediateTransitions1.xml (RunModel)" time="0.012" />
  <testcase classname="ptolemy.util.test.junit.AutoTests" name="[78] /home/travis/build/icyphy/ptII/ptolemy/domains/modal/test/auto/ImmediateTransitionsInstantaneousCommunication.xml (RunModel)" time="0.031" />
  <testcase classname="ptolemy.util.test.junit.AutoTests" name="[79] /home/travis/build/icyphy/ptII/ptolemy/domains/modal/test/auto/InitialImmediateTransition.xml (RunModel)" time="0.015" />
  <testcase classname="ptolemy.util.test.junit.AutoTests" name="[80] /home/travis/build/icyphy/ptII/ptolemy/domains/modal/test/auto/InitialOutputs.xml (RunModel)" time="0.015" />
  <testcase classname="ptolemy.util.test.junit.AutoTests" name="[81] /home/travis/build/icyphy/ptII/ptolemy/domains/modal/test/auto/InitialStateTransition1.xml (RunModel)" time="0.02" />
  <testcase classname="ptolemy.util.test.junit.AutoTests" name="[82] /home/travis/build/icyphy/ptII/ptolemy/domains/modal/test/auto/InitialStateTransition2.xml (RunModel)" time="0.038" />
  <testcase classname="ptolemy.util.test.junit.AutoTests" name="[83] /home/travis/build/icyphy/ptII/ptolemy/domains/modal/test/auto/InitialStateTransition3.xml (RunModel)" time="0.027" />
  <testcase classname="ptolemy.util.test.junit.AutoTests" name="[84] /home/travis/build/icyphy/ptII/ptolemy/domains/modal/test/auto/InitialStateTransition4.xml (RunModel)" time="0.028" />
  <testcase classname="ptolemy.util.test.junit.AutoTests" name="[85] /home/travis/build/icyphy/ptII/ptolemy/domains/modal/test/auto/MalformedGuardExpressionNotCaught.xml (RunModel)" time="0.023" />
  <testcase classname="ptolemy.util.test.junit.AutoTests" name="[86] /home/travis/build/icyphy/ptII/ptolemy/domains/modal/test/auto/ModalBSC.xml (RunModel)" time="0.091" />
  <testcase classname="ptolemy.util.test.junit.AutoTests" name="[87] /home/travis/build/icyphy/ptII/ptolemy/domains/modal/test/auto/ModalClocks.xml (RunModel)" time="0.089" />
  <testcase classname="ptolemy.util.test.junit.AutoTests" name="[88] /home/travis/build/icyphy/ptII/ptolemy/domains/modal/test/auto/ModalDelay.xml (RunModel)" time="0.048" />
  <testcase classname="ptolemy.util.test.junit.AutoTests" name="[89] /home/travis/build/icyphy/ptII/ptolemy/domains/modal/test/auto/ModalDelay2.xml (RunModel)" time="0.061" />
  <testcase classname="ptolemy.util.test.junit.AutoTests" name="[90] /home/travis/build/icyphy/ptII/ptolemy/domains/modal/test/auto/ModalModelFromMemo.xml (RunModel)" time="0.068" />
  <testcase classname="ptolemy.util.test.junit.AutoTests" name="[91] /home/travis/build/icyphy/ptII/ptolemy/domains/modal/test/auto/ModalModelWithMultirateTransient.xml (RunModel)" time="0.06" />
  <testcase classname="ptolemy.util.test.junit.AutoTests" name="[92] /home/travis/build/icyphy/ptII/ptolemy/domains/modal/test/auto/ModalModelWithReset.xml (RunModel)" time="0.06" />
  <testcase classname="ptolemy.util.test.junit.AutoTests" name="[93] /home/travis/build/icyphy/ptII/ptolemy/domains/modal/test/auto/MouseClickFSM.xml (RunModel)" time="0.059" />
  <testcase classname="ptolemy.util.test.junit.AutoTests" name="[94] /home/travis/build/icyphy/ptII/ptolemy/domains/modal/test/auto/MouseClickFSMModal.xml (RunModel)" time="0.046" />
  <testcase classname="ptolemy.util.test.junit.AutoTests" name="[95] /home/travis/build/icyphy/ptII/ptolemy/domains/modal/test/auto/NonStrictFSM_FeedbackLoop.xml (RunModel)" time="0.049" />
  <testcase classname="ptolemy.util.test.junit.AutoTests" name="[96] /home/travis/build/icyphy/ptII/ptolemy/domains/modal/test/auto/NonStrictFSM_FeedbackLoop_Refinement.xml (RunModel)" time="0.062" />
  <testcase classname="ptolemy.util.test.junit.AutoTests" name="[97] /home/travis/build/icyphy/ptII/ptolemy/domains/modal/test/auto/NonStrictFSM_FeedbackLoop_preemptive.xml (RunModel)" time="0.052" />
  <testcase classname="ptolemy.util.test.junit.AutoTests" name="[98] /home/travis/build/icyphy/ptII/ptolemy/domains/modal/test/auto/NormalTermination.xml (RunModel)" time="0.043" />
  <testcase classname="ptolemy.util.test.junit.AutoTests" name="[99] /home/travis/build/icyphy/ptII/ptolemy/domains/modal/test/auto/Pong.xml (RunModel)" time="0.075" />
  <testcase classname="ptolemy.util.test.junit.AutoTests" name="[100] /home/travis/build/icyphy/ptII/ptolemy/domains/modal/test/auto/Pong_test.xml (RunModel)" time="0.103" />
  <testcase classname="ptolemy.util.test.junit.AutoTests" name="[101] /home/travis/build/icyphy/ptII/ptolemy/domains/modal/test/auto/PreemptionHierarchy.xml (RunModel)" time="0.025" />
  <testcase classname="ptolemy.util.test.junit.AutoTests" name="[102] /home/travis/build/icyphy/ptII/ptolemy/domains/modal/test/auto/PreemptionHierarchy2.xml (RunModel)" time="0.029" />
  <testcase classname="ptolemy.util.test.junit.AutoTests" name="[103] /home/travis/build/icyphy/ptII/ptolemy/domains/modal/test/auto/PreemptiveTransition.xml (RunModel)" time="0.025" />
  <testcase classname="ptolemy.util.test.junit.AutoTests" name="[104] /home/travis/build/icyphy/ptII/ptolemy/domains/modal/test/auto/Priorities.xml (RunModel)" time="0.121" />
  <testcase classname="ptolemy.util.test.junit.AutoTests" name="[105] /home/travis/build/icyphy/ptII/ptolemy/domains/modal/test/auto/ResetFinal.xml (RunModel)" time="0.045" />
  <testcase classname="ptolemy.util.test.junit.AutoTests" name="[106] /home/travis/build/icyphy/ptII/ptolemy/domains/modal/test/auto/ResetFinal2.xml (RunModel)" time="0.028" />
  <testcase classname="ptolemy.util.test.junit.AutoTests" name="[107] /home/travis/build/icyphy/ptII/ptolemy/domains/modal/test/auto/ResetTransitionWithStartTime.xml (RunModel)" time="0.026" />
  <testcase classname="ptolemy.util.test.junit.AutoTests" name="[108] /home/travis/build/icyphy/ptII/ptolemy/domains/modal/test/auto/SDF-FSMComposite.xml (RunModel)" time="0.022" />
  <testcase classname="ptolemy.util.test.junit.AutoTests" name="[109] /home/travis/build/icyphy/ptII/ptolemy/domains/modal/test/auto/SeeminglyNondeterminate.xml (RunModel)" time="0.088" />
  <testcase classname="ptolemy.util.test.junit.AutoTests" name="[110] /home/travis/build/icyphy/ptII/ptolemy/domains/modal/test/auto/SeeminglyNondeterminate2.xml (RunModel)" time="0.075" />
  <testcase classname="ptolemy.util.test.junit.AutoTests" name="[111] /home/travis/build/icyphy/ptII/ptolemy/domains/modal/test/auto/SpontaneousFSM.xml (RunModel)" time="0.046" />
  <testcase classname="ptolemy.util.test.junit.AutoTests" name="[112] /home/travis/build/icyphy/ptII/ptolemy/domains/modal/test/auto/SpontaneousFSM2.xml (RunModel)" time="0.033" />
  <testcase classname="ptolemy.util.test.junit.AutoTests" name="[113] /home/travis/build/icyphy/ptII/ptolemy/domains/modal/test/auto/SpontaneousFSM3.xml (RunModel)" time="0.041" />
  <testcase classname="ptolemy.util.test.junit.AutoTests" name="[114] /home/travis/build/icyphy/ptII/ptolemy/domains/modal/test/auto/SpontaneousFSM4.xml (RunModel)" time="0.045" />
  <testcase classname="ptolemy.util.test.junit.AutoTests" name="[115] /home/travis/build/icyphy/ptII/ptolemy/domains/modal/test/auto/StateTrackerTest.xml (RunModel)" time="0.064" />
  <testcase classname="ptolemy.util.test.junit.AutoTests" name="[116] /home/travis/build/icyphy/ptII/ptolemy/domains/modal/test/auto/StrongImmediateTransition.xml (RunModel)" time="0.025" />
  <testcase classname="ptolemy.util.test.junit.AutoTests" name="[117] /home/travis/build/icyphy/ptII/ptolemy/domains/modal/test/auto/SustainHierarchy.xml (RunModel)" time="0.027" />
  <testcase classname="ptolemy.util.test.junit.AutoTests" name="[118] /home/travis/build/icyphy/ptII/ptolemy/domains/modal/test/auto/TerminationTransition1.xml (RunModel)" time="0.043" />
  <testcase classname="ptolemy.util.test.junit.AutoTests" name="[119] /home/travis/build/icyphy/ptII/ptolemy/domains/modal/test/auto/TerminationTransition2.xml (RunModel)" time="0.027" />
  <testcase classname="ptolemy.util.test.junit.AutoTests" name="[120] /home/travis/build/icyphy/ptII/ptolemy/domains/modal/test/auto/TerminationTransition3.xml (RunModel)" time="0.022" />
  <testcase classname="ptolemy.util.test.junit.AutoTests" name="[121] /home/travis/build/icyphy/ptII/ptolemy/domains/modal/test/auto/TerminationTransition4.xml (RunModel)" time="0.033" />
  <testcase classname="ptolemy.util.test.junit.AutoTests" name="[122] /home/travis/build/icyphy/ptII/ptolemy/domains/modal/test/auto/TerminationTransition5.xml (RunModel)" time="0.033" />
  <testcase classname="ptolemy.util.test.junit.AutoTests" name="[123] /home/travis/build/icyphy/ptII/ptolemy/domains/modal/test/auto/TerminationTransition6.xml (RunModel)" time="0.025" />
  <testcase classname="ptolemy.util.test.junit.AutoTests" name="[124] /home/travis/build/icyphy/ptII/ptolemy/domains/modal/test/auto/TerminationTransition7.xml (RunModel)" time="0.024" />
  <testcase classname="ptolemy.util.test.junit.AutoTests" name="[125] /home/travis/build/icyphy/ptII/ptolemy/domains/modal/test/auto/TerminationTransition8.xml (RunModel)" time="0.022" />
  <testcase classname="ptolemy.util.test.junit.AutoTests" name="[126] /home/travis/build/icyphy/ptII/ptolemy/domains/modal/test/auto/Thermostat_NoHysteresis.xml (RunModel)" time="0.053" />
  <testcase classname="ptolemy.util.test.junit.AutoTests" name="[127] /home/travis/build/icyphy/ptII/ptolemy/domains/modal/test/auto/TimedFSM.xml (RunModel)" time="0.035" />
  <testcase classname="ptolemy.util.test.junit.AutoTests" name="[128] /home/travis/build/icyphy/ptII/ptolemy/domains/modal/test/auto/Timeout1.xml (RunModel)" time="0.018" />
  <testcase classname="ptolemy.util.test.junit.AutoTests" name="[129] /home/travis/build/icyphy/ptII/ptolemy/domains/modal/test/auto/Timeout2.xml (RunModel)" time="0.025" />
  <testcase classname="ptolemy.util.test.junit.AutoTests" name="[130] /home/travis/build/icyphy/ptII/ptolemy/domains/modal/test/auto/Timeout3.xml (RunModel)" time="0.015" />
  <testcase classname="ptolemy.util.test.junit.AutoTests" name="[131] /home/travis/build/icyphy/ptII/ptolemy/domains/modal/test/auto/Timeout4.xml (RunModel)" time="0.017" />
  <testcase classname="ptolemy.util.test.junit.AutoTests" name="[132] /home/travis/build/icyphy/ptII/ptolemy/domains/modal/test/auto/TransientstateModelAdvanced.xml (RunModel)" time="0.028" />
  <testcase classname="ptolemy.util.test.junit.AutoTests" name="[133] /home/travis/build/icyphy/ptII/ptolemy/domains/modal/test/auto/TransientstateModelAdvanced2.xml (RunModel)" time="0.029" />
  <testcase classname="ptolemy.util.test.junit.AutoTests" name="[134] /home/travis/build/icyphy/ptII/ptolemy/domains/modal/test/auto/TransitionRefinements.xml (RunModel)" time="0.025" />
  <testcase classname="ptolemy.util.test.junit.AutoTests" name="[135] /home/travis/build/icyphy/ptII/ptolemy/domains/modal/test/auto/TwoRefinements1.xml (RunModel)" time="0.026" />
  <testcase classname="ptolemy.util.test.junit.AutoTests" name="[136] /home/travis/build/icyphy/ptII/ptolemy/domains/modal/test/auto/TwoRefinements2.xml (RunModel)" time="0.023" />
  <testcase classname="ptolemy.util.test.junit.AutoTests" name="[137] /home/travis/build/icyphy/ptII/ptolemy/domains/modal/test/auto/WeakImmediateTransition.xml (RunModel)" time="0.025" />
  <testcase classname="ptolemy.util.test.junit.AutoTests" name="[138] /home/travis/build/icyphy/ptII/ptolemy/domains/modal/test/auto/booleanSelect.xml (RunModel)" time="0.056" />
  <testcase classname="ptolemy.util.test.junit.AutoTests" name="[139] /home/travis/build/icyphy/ptII/ptolemy/domains/modal/test/auto/modalChangingParams.xml (RunModel)" time="0.257" />
  <testcase classname="ptolemy.util.test.junit.AutoTests" name="[140] /home/travis/build/icyphy/ptII/ptolemy/domains/modal/test/auto/modalModel.xml (RunModel)" time="0.026" />
  <testcase classname="ptolemy.util.test.junit.AutoTests" name="[141] /home/travis/build/icyphy/ptII/ptolemy/domains/modal/test/auto/modalModel2.xml (RunModel)" time="0.025" />
  <testcase classname="ptolemy.util.test.junit.AutoTests" name="[142] /home/travis/build/icyphy/ptII/ptolemy/domains/modal/test/auto/modalModel3.xml (RunModel)" time="0.036" />
  <testcase classname="ptolemy.util.test.junit.AutoTests" name="[143] /home/travis/build/icyphy/ptII/ptolemy/domains/modal/test/auto/model1.xml (RunModel)" time="0.019" />
  <testcase classname="ptolemy.util.test.junit.AutoTests" name="[144] /home/travis/build/icyphy/ptII/ptolemy/domains/modal/test/auto/test-direct-in-out.xml (RunModel)" time="0.018" />
  <system-out><![CDATA[/home/travis/build/icyphy/ptII/ptolemy/domains/modal/test/SystemLevelType.tcl
testDefs.tcl: setting time out to 9000 seconds at Wed Jul 03 04:45:34 UTC 2019
07/03/19 04:45:36
Failed: 0  Total Tests: 1  ((Passed: 1, Newly Passed: 0)  Known Failed: 0) /home/travis/build/icyphy/ptII/ptolemy/domains/modal/test
----------------- testing (KnownFailure) /home/travis/build/icyphy/ptII/ptolemy/domains/modal/test/auto/knownFailedTests/CannotAnalysisWithPreemption.xml
151 ms. Memory: 165888K Free: 116615K (70%)
Known Failure: java.lang.reflect.InvocationTargetException
No auto/linux-amd64/*.xml tests in /home/travis/build/icyphy/ptII/ptolemy/domains/modal/test
AutoTests.java: About to close Vertx.
AutoTests.java: Vertx closed.

===========================================================================================
----------------- testing Wed Jul 03 04:45:36 UTC 2019 /home/travis/build/icyphy/ptII/ptolemy/domains/modal/test/auto/ABPTest.xml
----------------- Instantiating /home/travis/build/icyphy/ptII/ptolemy/domains/modal/test/auto/ABPTest.xml
341 ms. Memory: 206848K Free: 186757K (90%)
----------------- Invoking toplevel() on ptolemy.moml.MoMLSimpleApplication@222e3a79
----------------- Done invoking toplevel() on ptolemy.moml.MoMLSimpleApplication@222e3a79
reloadAllAccessors: .ABPTest

===========================================================================================
----------------- testing Wed Jul 03 04:45:37 UTC 2019 /home/travis/build/icyphy/ptII/ptolemy/domains/modal/test/auto/ABROFlat.xml
----------------- Instantiating /home/travis/build/icyphy/ptII/ptolemy/domains/modal/test/auto/ABROFlat.xml
25 ms. Memory: 206848K Free: 171397K (83%)
----------------- Invoking toplevel() on ptolemy.moml.MoMLSimpleApplication@70e0cd0d
----------------- Done invoking toplevel() on ptolemy.moml.MoMLSimpleApplication@70e0cd0d
reloadAllAccessors: .ABROFlat

===========================================================================================
----------------- testing Wed Jul 03 04:45:37 UTC 2019 /home/travis/build/icyphy/ptII/ptolemy/domains/modal/test/auto/ABROFlat2.xml
----------------- Instantiating /home/travis/build/icyphy/ptII/ptolemy/domains/modal/test/auto/ABROFlat2.xml
21 ms. Memory: 206848K Free: 154503K (75%)
----------------- Invoking toplevel() on ptolemy.moml.MoMLSimpleApplication@1f941cd8
----------------- Done invoking toplevel() on ptolemy.moml.MoMLSimpleApplication@1f941cd8
reloadAllAccessors: .ABROFlat2

===========================================================================================
----------------- testing Wed Jul 03 04:45:37 UTC 2019 /home/travis/build/icyphy/ptII/ptolemy/domains/modal/test/auto/ABRO_present_hmm.xml
----------------- Instantiating /home/travis/build/icyphy/ptII/ptolemy/domains/modal/test/auto/ABRO_present_hmm.xml
34 ms. Memory: 206848K Free: 127879K (62%)
----------------- Invoking toplevel() on ptolemy.moml.MoMLSimpleApplication@581c74f1
----------------- Done invoking toplevel() on ptolemy.moml.MoMLSimpleApplication@581c74f1
reloadAllAccessors: .ABRO_present_hmm

===========================================================================================
----------------- testing Wed Jul 03 04:45:38 UTC 2019 /home/travis/build/icyphy/ptII/ptolemy/domains/modal/test/auto/AMICoderExample.xml
----------------- Instantiating /home/travis/build/icyphy/ptII/ptolemy/domains/modal/test/auto/AMICoderExample.xml
25 ms. Memory: 206848K Free: 117639K (57%)
----------------- Invoking toplevel() on ptolemy.moml.MoMLSimpleApplication@5e5116f7
----------------- Done invoking toplevel() on ptolemy.moml.MoMLSimpleApplication@5e5116f7
reloadAllAccessors: .AMICoderExample

===========================================================================================
----------------- testing Wed Jul 03 04:45:38 UTC 2019 /home/travis/build/icyphy/ptII/ptolemy/domains/modal/test/auto/AbsentToPresent.xml
----------------- Instantiating /home/travis/build/icyphy/ptII/ptolemy/domains/modal/test/auto/AbsentToPresent.xml
6 ms. Memory: 206848K Free: 113543K (55%)
----------------- Invoking toplevel() on ptolemy.moml.MoMLSimpleApplication@3ce0265e
----------------- Done invoking toplevel() on ptolemy.moml.MoMLSimpleApplication@3ce0265e
reloadAllAccessors: .AbsentToPresent

===========================================================================================
----------------- testing Wed Jul 03 04:45:38 UTC 2019 /home/travis/build/icyphy/ptII/ptolemy/domains/modal/test/auto/Blending.xml
----------------- Instantiating /home/travis/build/icyphy/ptII/ptolemy/domains/modal/test/auto/Blending.xml
130 ms. Memory: 206848K Free: 185293K (90%)
----------------- Invoking toplevel() on ptolemy.moml.MoMLSimpleApplication@3730f00a
----------------- Done invoking toplevel() on ptolemy.moml.MoMLSimpleApplication@3730f00a
reloadAllAccessors: .Blending

===========================================================================================
----------------- testing Wed Jul 03 04:45:38 UTC 2019 /home/travis/build/icyphy/ptII/ptolemy/domains/modal/test/auto/Broadcast.xml
----------------- Instantiating /home/travis/build/icyphy/ptII/ptolemy/domains/modal/test/auto/Broadcast.xml
14 ms. Memory: 206848K Free: 174966K (85%)
----------------- Invoking toplevel() on ptolemy.moml.MoMLSimpleApplication@2a0658b6
----------------- Done invoking toplevel() on ptolemy.moml.MoMLSimpleApplication@2a0658b6
reloadAllAccessors: .Broadcast

===========================================================================================
----------------- testing Wed Jul 03 04:45:38 UTC 2019 /home/travis/build/icyphy/ptII/ptolemy/domains/modal/test/auto/BroadcastHierarchy.xml
----------------- Instantiating /home/travis/build/icyphy/ptII/ptolemy/domains/modal/test/auto/BroadcastHierarchy.xml
8 ms. Memory: 206848K Free: 161159K (78%)
----------------- Invoking toplevel() on ptolemy.moml.MoMLSimpleApplication@60a36b7d
----------------- Done invoking toplevel() on ptolemy.moml.MoMLSimpleApplication@60a36b7d
reloadAllAccessors: .BroadcastHierarchy

===========================================================================================
----------------- testing Wed Jul 03 04:45:38 UTC 2019 /home/travis/build/icyphy/ptII/ptolemy/domains/modal/test/auto/BroadcastHierarchy2.xml
----------------- Instantiating /home/travis/build/icyphy/ptII/ptolemy/domains/modal/test/auto/BroadcastHierarchy2.xml
15 ms. Memory: 206848K Free: 134535K (65%)
----------------- Invoking toplevel() on ptolemy.moml.MoMLSimpleApplication@32b02b30
----------------- Done invoking toplevel() on ptolemy.moml.MoMLSimpleApplication@32b02b30
reloadAllAccessors: .BroadcastHierarchy2

===========================================================================================
----------------- testing Wed Jul 03 04:45:38 UTC 2019 /home/travis/build/icyphy/ptII/ptolemy/domains/modal/test/auto/BroadcastHierarchy3.xml
----------------- Instantiating /home/travis/build/icyphy/ptII/ptolemy/domains/modal/test/auto/BroadcastHierarchy3.xml
13 ms. Memory: 206848K Free: 114565K (55%)
----------------- Invoking toplevel() on ptolemy.moml.MoMLSimpleApplication@6b332fa3
----------------- Done invoking toplevel() on ptolemy.moml.MoMLSimpleApplication@6b332fa3
reloadAllAccessors: .BroadcastHierarchy3

===========================================================================================
----------------- testing Wed Jul 03 04:45:38 UTC 2019 /home/travis/build/icyphy/ptII/ptolemy/domains/modal/test/auto/BroadcastHierarchy4.xml
----------------- Instantiating /home/travis/build/icyphy/ptII/ptolemy/domains/modal/test/auto/BroadcastHierarchy4.xml
11 ms. Memory: 206848K Free: 91013K (44%)
----------------- Invoking toplevel() on ptolemy.moml.MoMLSimpleApplication@554f852d
----------------- Done invoking toplevel() on ptolemy.moml.MoMLSimpleApplication@554f852d
reloadAllAccessors: .BroadcastHierarchy4

===========================================================================================
----------------- testing Wed Jul 03 04:45:38 UTC 2019 /home/travis/build/icyphy/ptII/ptolemy/domains/modal/test/auto/CannotAnalysisWithPreemption2.xml
----------------- Instantiating /home/travis/build/icyphy/ptII/ptolemy/domains/modal/test/auto/CannotAnalysisWithPreemption2.xml
5 ms. Memory: 206848K Free: 83830K (41%)
----------------- Invoking toplevel() on ptolemy.moml.MoMLSimpleApplication@6962752c
----------------- Done invoking toplevel() on ptolemy.moml.MoMLSimpleApplication@6962752c
reloadAllAccessors: .CannotAnalysisWithPreemption2

===========================================================================================
----------------- testing Wed Jul 03 04:45:38 UTC 2019 /home/travis/build/icyphy/ptII/ptolemy/domains/modal/test/auto/CannotAnalysisWithPreemption3.xml
----------------- Instantiating /home/travis/build/icyphy/ptII/ptolemy/domains/modal/test/auto/CannotAnalysisWithPreemption3.xml
6 ms. Memory: 206848K Free: 73590K (36%)
----------------- Invoking toplevel() on ptolemy.moml.MoMLSimpleApplication@55b2b676
----------------- Done invoking toplevel() on ptolemy.moml.MoMLSimpleApplication@55b2b676
reloadAllAccessors: .CannotAnalysisWithPreemption3

===========================================================================================
----------------- testing Wed Jul 03 04:45:38 UTC 2019 /home/travis/build/icyphy/ptII/ptolemy/domains/modal/test/auto/CannotProduce.xml
----------------- Instantiating /home/travis/build/icyphy/ptII/ptolemy/domains/modal/test/auto/CannotProduce.xml
19 ms. Memory: 206848K Free: 183175K (89%)
----------------- Invoking toplevel() on ptolemy.moml.MoMLSimpleApplication@5dc8613b
----------------- Done invoking toplevel() on ptolemy.moml.MoMLSimpleApplication@5dc8613b
reloadAllAccessors: .CannotProduce

===========================================================================================
----------------- testing Wed Jul 03 04:45:38 UTC 2019 /home/travis/build/icyphy/ptII/ptolemy/domains/modal/test/auto/CannotProduceModal.xml
----------------- Instantiating /home/travis/build/icyphy/ptII/ptolemy/domains/modal/test/auto/CannotProduceModal.xml
15 ms. Memory: 206848K Free: 176510K (85%)
----------------- Invoking toplevel() on ptolemy.moml.MoMLSimpleApplication@576ff261
----------------- Done invoking toplevel() on ptolemy.moml.MoMLSimpleApplication@576ff261
reloadAllAccessors: .CannotProduceModal

===========================================================================================
----------------- testing Wed Jul 03 04:45:38 UTC 2019 /home/travis/build/icyphy/ptII/ptolemy/domains/modal/test/auto/Case.xml
----------------- Instantiating /home/travis/build/icyphy/ptII/ptolemy/domains/modal/test/auto/Case.xml
26 ms. Memory: 206848K Free: 165253K (80%)
----------------- Invoking toplevel() on ptolemy.moml.MoMLSimpleApplication@7a5a56cc
----------------- Done invoking toplevel() on ptolemy.moml.MoMLSimpleApplication@7a5a56cc
reloadAllAccessors: .Case

===========================================================================================
----------------- testing Wed Jul 03 04:45:39 UTC 2019 /home/travis/build/icyphy/ptII/ptolemy/domains/modal/test/auto/Case1.xml
----------------- Instantiating /home/travis/build/icyphy/ptII/ptolemy/domains/modal/test/auto/Case1.xml
14 ms. Memory: 206848K Free: 158085K (76%)
----------------- Invoking toplevel() on ptolemy.moml.MoMLSimpleApplication@3368cf3d
----------------- Done invoking toplevel() on ptolemy.moml.MoMLSimpleApplication@3368cf3d
reloadAllAccessors: .Case1

===========================================================================================
----------------- testing Wed Jul 03 04:45:39 UTC 2019 /home/travis/build/icyphy/ptII/ptolemy/domains/modal/test/auto/Case2.xml
----------------- Instantiating /home/travis/build/icyphy/ptII/ptolemy/domains/modal/test/auto/Case2.xml
36 ms. Memory: 206848K Free: 147335K (71%)
----------------- Invoking toplevel() on ptolemy.moml.MoMLSimpleApplication@3de47152
----------------- Done invoking toplevel() on ptolemy.moml.MoMLSimpleApplication@3de47152
reloadAllAccessors: .Case2

===========================================================================================
----------------- testing Wed Jul 03 04:45:39 UTC 2019 /home/travis/build/icyphy/ptII/ptolemy/domains/modal/test/auto/CausalityInterface1.xml
----------------- Instantiating /home/travis/build/icyphy/ptII/ptolemy/domains/modal/test/auto/CausalityInterface1.xml
4 ms. Memory: 206848K Free: 142215K (69%)
----------------- Invoking toplevel() on ptolemy.moml.MoMLSimpleApplication@76a92b1c
----------------- Done invoking toplevel() on ptolemy.moml.MoMLSimpleApplication@76a92b1c
reloadAllAccessors: .CausalityInterface1

===========================================================================================
----------------- testing Wed Jul 03 04:45:39 UTC 2019 /home/travis/build/icyphy/ptII/ptolemy/domains/modal/test/auto/CausalityInterface10.xml
----------------- Instantiating /home/travis/build/icyphy/ptII/ptolemy/domains/modal/test/auto/CausalityInterface10.xml
8 ms. Memory: 206848K Free: 129398K (63%)
----------------- Invoking toplevel() on ptolemy.moml.MoMLSimpleApplication@74e5a296
----------------- Done invoking toplevel() on ptolemy.moml.MoMLSimpleApplication@74e5a296
reloadAllAccessors: .CausalityInterface10

===========================================================================================
----------------- testing Wed Jul 03 04:45:39 UTC 2019 /home/travis/build/icyphy/ptII/ptolemy/domains/modal/test/auto/CausalityInterface11.xml
----------------- Instantiating /home/travis/build/icyphy/ptII/ptolemy/domains/modal/test/auto/CausalityInterface11.xml
11 ms. Memory: 206848K Free: 116070K (56%)
----------------- Invoking toplevel() on ptolemy.moml.MoMLSimpleApplication@c8154f
----------------- Done invoking toplevel() on ptolemy.moml.MoMLSimpleApplication@c8154f
reloadAllAccessors: .CausalityInterface11

===========================================================================================
----------------- testing Wed Jul 03 04:45:39 UTC 2019 /home/travis/build/icyphy/ptII/ptolemy/domains/modal/test/auto/CausalityInterface12.xml
----------------- Instantiating /home/travis/build/icyphy/ptII/ptolemy/domains/modal/test/auto/CausalityInterface12.xml
9 ms. Memory: 206848K Free: 102758K (50%)
----------------- Invoking toplevel() on ptolemy.moml.MoMLSimpleApplication@3eb5fa75
----------------- Done invoking toplevel() on ptolemy.moml.MoMLSimpleApplication@3eb5fa75
reloadAllAccessors: .CausalityInterface12

===========================================================================================
----------------- testing Wed Jul 03 04:45:39 UTC 2019 /home/travis/build/icyphy/ptII/ptolemy/domains/modal/test/auto/CausalityInterface13.xml
----------------- Instantiating /home/travis/build/icyphy/ptII/ptolemy/domains/modal/test/auto/CausalityInterface13.xml
11 ms. Memory: 206848K Free: 88967K (43%)
----------------- Invoking toplevel() on ptolemy.moml.MoMLSimpleApplication@2353f859
----------------- Done invoking toplevel() on ptolemy.moml.MoMLSimpleApplication@2353f859
reloadAllAccessors: .CausalityInterface13

===========================================================================================
----------------- testing Wed Jul 03 04:45:39 UTC 2019 /home/travis/build/icyphy/ptII/ptolemy/domains/modal/test/auto/CausalityInterface14.xml
----------------- Instantiating /home/travis/build/icyphy/ptII/ptolemy/domains/modal/test/auto/CausalityInterface14.xml
10 ms. Memory: 206848K Free: 75126K (36%)
----------------- Invoking toplevel() on ptolemy.moml.MoMLSimpleApplication@7788da1d
----------------- Done invoking toplevel() on ptolemy.moml.MoMLSimpleApplication@7788da1d
reloadAllAccessors: .CausalityInterface14

===========================================================================================
----------------- testing Wed Jul 03 04:45:39 UTC 2019 /home/travis/build/icyphy/ptII/ptolemy/domains/modal/test/auto/CausalityInterface2.xml
----------------- Instantiating /home/travis/build/icyphy/ptII/ptolemy/domains/modal/test/auto/CausalityInterface2.xml
10 ms. Memory: 321536K Free: 300393K (93%)
----------------- Invoking toplevel() on ptolemy.moml.MoMLSimpleApplication@1194c080
----------------- Done invoking toplevel() on ptolemy.moml.MoMLSimpleApplication@1194c080
reloadAllAccessors: .CausalityInterface2

===========================================================================================
----------------- testing Wed Jul 03 04:45:39 UTC 2019 /home/travis/build/icyphy/ptII/ptolemy/domains/modal/test/auto/CausalityInterface3.xml
----------------- Instantiating /home/travis/build/icyphy/ptII/ptolemy/domains/modal/test/auto/CausalityInterface3.xml
4 ms. Memory: 321536K Free: 293767K (91%)
----------------- Invoking toplevel() on ptolemy.moml.MoMLSimpleApplication@2c937026
----------------- Done invoking toplevel() on ptolemy.moml.MoMLSimpleApplication@2c937026
reloadAllAccessors: .CausalityInterface3

===========================================================================================
----------------- testing Wed Jul 03 04:45:39 UTC 2019 /home/travis/build/icyphy/ptII/ptolemy/domains/modal/test/auto/CausalityInterface4.xml
----------------- Instantiating /home/travis/build/icyphy/ptII/ptolemy/domains/modal/test/auto/CausalityInterface4.xml
6 ms. Memory: 321536K Free: 287623K (89%)
----------------- Invoking toplevel() on ptolemy.moml.MoMLSimpleApplication@597defc5
----------------- Done invoking toplevel() on ptolemy.moml.MoMLSimpleApplication@597defc5
reloadAllAccessors: .CausalityInterface4

===========================================================================================
----------------- testing Wed Jul 03 04:45:39 UTC 2019 /home/travis/build/icyphy/ptII/ptolemy/domains/modal/test/auto/CausalityInterface5.xml
----------------- Instantiating /home/travis/build/icyphy/ptII/ptolemy/domains/modal/test/auto/CausalityInterface5.xml
5 ms. Memory: 321536K Free: 279431K (87%)
----------------- Invoking toplevel() on ptolemy.moml.MoMLSimpleApplication@53c40cf3
----------------- Done invoking toplevel() on ptolemy.moml.MoMLSimpleApplication@53c40cf3
reloadAllAccessors: .CausalityInterface5

===========================================================================================
----------------- testing Wed Jul 03 04:45:39 UTC 2019 /home/travis/build/icyphy/ptII/ptolemy/domains/modal/test/auto/CausalityInterface6.xml
----------------- Instantiating /home/travis/build/icyphy/ptII/ptolemy/domains/modal/test/auto/CausalityInterface6.xml
5 ms. Memory: 321536K Free: 271239K (84%)
----------------- Invoking toplevel() on ptolemy.moml.MoMLSimpleApplication@6ec697bb
----------------- Done invoking toplevel() on ptolemy.moml.MoMLSimpleApplication@6ec697bb
reloadAllAccessors: .CausalityInterface6

===========================================================================================
----------------- testing Wed Jul 03 04:45:39 UTC 2019 /home/travis/build/icyphy/ptII/ptolemy/domains/modal/test/auto/CausalityInterface7.xml
----------------- Instantiating /home/travis/build/icyphy/ptII/ptolemy/domains/modal/test/auto/CausalityInterface7.xml
6 ms. Memory: 321536K Free: 263047K (82%)
----------------- Invoking toplevel() on ptolemy.moml.MoMLSimpleApplication@38a744e8
----------------- Done invoking toplevel() on ptolemy.moml.MoMLSimpleApplication@38a744e8
reloadAllAccessors: .CausalityInterface7

===========================================================================================
----------------- testing Wed Jul 03 04:45:39 UTC 2019 /home/travis/build/icyphy/ptII/ptolemy/domains/modal/test/auto/CausalityInterface8.xml
----------------- Instantiating /home/travis/build/icyphy/ptII/ptolemy/domains/modal/test/auto/CausalityInterface8.xml
7 ms. Memory: 321536K Free: 254334K (79%)
----------------- Invoking toplevel() on ptolemy.moml.MoMLSimpleApplication@8ba41b3
----------------- Done invoking toplevel() on ptolemy.moml.MoMLSimpleApplication@8ba41b3
reloadAllAccessors: .CausalityInterface8

===========================================================================================
----------------- testing Wed Jul 03 04:45:39 UTC 2019 /home/travis/build/icyphy/ptII/ptolemy/domains/modal/test/auto/CausalityInterface9.xml
----------------- Instantiating /home/travis/build/icyphy/ptII/ptolemy/domains/modal/test/auto/CausalityInterface9.xml
8 ms. Memory: 321536K Free: 245125K (76%)
----------------- Invoking toplevel() on ptolemy.moml.MoMLSimpleApplication@5bcaa4b5
----------------- Done invoking toplevel() on ptolemy.moml.MoMLSimpleApplication@5bcaa4b5
reloadAllAccessors: .CausalityInterface9

===========================================================================================
----------------- testing Wed Jul 03 04:45:39 UTC 2019 /home/travis/build/icyphy/ptII/ptolemy/domains/modal/test/auto/ChainedTransitions.xml
----------------- Instantiating /home/travis/build/icyphy/ptII/ptolemy/domains/modal/test/auto/ChainedTransitions.xml
68 ms. Memory: 321536K Free: 221063K (69%)
----------------- Invoking toplevel() on ptolemy.moml.MoMLSimpleApplication@7409d428
----------------- Done invoking toplevel() on ptolemy.moml.MoMLSimpleApplication@7409d428
reloadAllAccessors: .ChainedTransitions

===========================================================================================
----------------- testing Wed Jul 03 04:45:39 UTC 2019 /home/travis/build/icyphy/ptII/ptolemy/domains/modal/test/auto/CycleOfImmediateTransitionsFSM.xml
----------------- Instantiating /home/travis/build/icyphy/ptII/ptolemy/domains/modal/test/auto/CycleOfImmediateTransitionsFSM.xml
2 ms. Memory: 321536K Free: 215429K (67%)
----------------- Invoking toplevel() on ptolemy.moml.MoMLSimpleApplication@7d4a5296
----------------- Done invoking toplevel() on ptolemy.moml.MoMLSimpleApplication@7d4a5296
reloadAllAccessors: .CycleOfImmediateTransitionsFSM

===========================================================================================
----------------- testing Wed Jul 03 04:45:39 UTC 2019 /home/travis/build/icyphy/ptII/ptolemy/domains/modal/test/auto/CycleOfImmediateTransitionsModal.xml
----------------- Instantiating /home/travis/build/icyphy/ptII/ptolemy/domains/modal/test/auto/CycleOfImmediateTransitionsModal.xml
2 ms. Memory: 321536K Free: 209285K (65%)
----------------- Invoking toplevel() on ptolemy.moml.MoMLSimpleApplication@481bca2
----------------- Done invoking toplevel() on ptolemy.moml.MoMLSimpleApplication@481bca2
reloadAllAccessors: .CycleOfImmediateTransitionsModal

===========================================================================================
----------------- testing Wed Jul 03 04:45:39 UTC 2019 /home/travis/build/icyphy/ptII/ptolemy/domains/modal/test/auto/CycleOfImmediateTransitionsModal2.xml
----------------- Instantiating /home/travis/build/icyphy/ptII/ptolemy/domains/modal/test/auto/CycleOfImmediateTransitionsModal2.xml
3 ms. Memory: 321536K Free: 202631K (63%)
----------------- Invoking toplevel() on ptolemy.moml.MoMLSimpleApplication@4ec4b54
----------------- Done invoking toplevel() on ptolemy.moml.MoMLSimpleApplication@4ec4b54
reloadAllAccessors: .CycleOfImmediateTransitionsModal2

===========================================================================================
----------------- testing Wed Jul 03 04:45:40 UTC 2019 /home/travis/build/icyphy/ptII/ptolemy/domains/modal/test/auto/CycleOfImmediateTransitionsModal3.xml
----------------- Instantiating /home/travis/build/icyphy/ptII/ptolemy/domains/modal/test/auto/CycleOfImmediateTransitionsModal3.xml
6 ms. Memory: 321536K Free: 180103K (56%)
----------------- Invoking toplevel() on ptolemy.moml.MoMLSimpleApplication@648b480f
----------------- Done invoking toplevel() on ptolemy.moml.MoMLSimpleApplication@648b480f
reloadAllAccessors: .CycleOfImmediateTransitionsModal3

===========================================================================================
----------------- testing Wed Jul 03 04:45:40 UTC 2019 /home/travis/build/icyphy/ptII/ptolemy/domains/modal/test/auto/DeepModal1.xml
----------------- Instantiating /home/travis/build/icyphy/ptII/ptolemy/domains/modal/test/auto/DeepModal1.xml
25 ms. Memory: 321536K Free: 166246K (52%)
----------------- Invoking toplevel() on ptolemy.moml.MoMLSimpleApplication@17cf8880
----------------- Done invoking toplevel() on ptolemy.moml.MoMLSimpleApplication@17cf8880
reloadAllAccessors: .DeepModal1

===========================================================================================
----------------- testing Wed Jul 03 04:45:40 UTC 2019 /home/travis/build/icyphy/ptII/ptolemy/domains/modal/test/auto/DeepModal2.xml
----------------- Instantiating /home/travis/build/icyphy/ptII/ptolemy/domains/modal/test/auto/DeepModal2.xml
31 ms. Memory: 321536K Free: 303129K (94%)
----------------- Invoking toplevel() on ptolemy.moml.MoMLSimpleApplication@676bdbb8
----------------- Done invoking toplevel() on ptolemy.moml.MoMLSimpleApplication@676bdbb8
reloadAllAccessors: .DeepModal2

===========================================================================================
----------------- testing Wed Jul 03 04:45:40 UTC 2019 /home/travis/build/icyphy/ptII/ptolemy/domains/modal/test/auto/DeepModal3.xml
----------------- Instantiating /home/travis/build/icyphy/ptII/ptolemy/domains/modal/test/auto/DeepModal3.xml
31 ms. Memory: 321536K Free: 283510K (88%)
----------------- Invoking toplevel() on ptolemy.moml.MoMLSimpleApplication@71b364f5
----------------- Done invoking toplevel() on ptolemy.moml.MoMLSimpleApplication@71b364f5
reloadAllAccessors: .DeepModal3

===========================================================================================
----------------- testing Wed Jul 03 04:45:40 UTC 2019 /home/travis/build/icyphy/ptII/ptolemy/domains/modal/test/auto/DeepModal4.xml
----------------- Instantiating /home/travis/build/icyphy/ptII/ptolemy/domains/modal/test/auto/DeepModal4.xml
34 ms. Memory: 321536K Free: 264054K (82%)
----------------- Invoking toplevel() on ptolemy.moml.MoMLSimpleApplication@33841673
----------------- Done invoking toplevel() on ptolemy.moml.MoMLSimpleApplication@33841673
reloadAllAccessors: .DeepModal4

===========================================================================================
----------------- testing Wed Jul 03 04:45:40 UTC 2019 /home/travis/build/icyphy/ptII/ptolemy/domains/modal/test/auto/Default1.xml
----------------- Instantiating /home/travis/build/icyphy/ptII/ptolemy/domains/modal/test/auto/Default1.xml
2 ms. Memory: 321536K Free: 257925K (80%)
----------------- Invoking toplevel() on ptolemy.moml.MoMLSimpleApplication@27c894e3
----------------- Done invoking toplevel() on ptolemy.moml.MoMLSimpleApplication@27c894e3
reloadAllAccessors: .Default1

===========================================================================================
----------------- testing Wed Jul 03 04:45:40 UTC 2019 /home/travis/build/icyphy/ptII/ptolemy/domains/modal/test/auto/Default2.xml
----------------- Instantiating /home/travis/build/icyphy/ptII/ptolemy/domains/modal/test/auto/Default2.xml
7 ms. Memory: 321536K Free: 252295K (78%)
----------------- Invoking toplevel() on ptolemy.moml.MoMLSimpleApplication@22d52f7
----------------- Done invoking toplevel() on ptolemy.moml.MoMLSimpleApplication@22d52f7
reloadAllAccessors: .Default2

===========================================================================================
----------------- testing Wed Jul 03 04:45:40 UTC 2019 /home/travis/build/icyphy/ptII/ptolemy/domains/modal/test/auto/Default3.xml
----------------- Instantiating /home/travis/build/icyphy/ptII/ptolemy/domains/modal/test/auto/Default3.xml
2 ms. Memory: 321536K Free: 246151K (77%)
----------------- Invoking toplevel() on ptolemy.moml.MoMLSimpleApplication@26af5c88
----------------- Done invoking toplevel() on ptolemy.moml.MoMLSimpleApplication@26af5c88
reloadAllAccessors: .Default3

===========================================================================================
----------------- testing Wed Jul 03 04:45:40 UTC 2019 /home/travis/build/icyphy/ptII/ptolemy/domains/modal/test/auto/Default4.xml
----------------- Instantiating /home/travis/build/icyphy/ptII/ptolemy/domains/modal/test/auto/Default4.xml
2 ms. Memory: 321536K Free: 240007K (75%)
----------------- Invoking toplevel() on ptolemy.moml.MoMLSimpleApplication@4b0467a8
----------------- Done invoking toplevel() on ptolemy.moml.MoMLSimpleApplication@4b0467a8
reloadAllAccessors: .Default4

===========================================================================================
----------------- testing Wed Jul 03 04:45:40 UTC 2019 /home/travis/build/icyphy/ptII/ptolemy/domains/modal/test/auto/Default5.xml
----------------- Instantiating /home/travis/build/icyphy/ptII/ptolemy/domains/modal/test/auto/Default5.xml
11 ms. Memory: 321536K Free: 232325K (72%)
----------------- Invoking toplevel() on ptolemy.moml.MoMLSimpleApplication@527d92a
----------------- Done invoking toplevel() on ptolemy.moml.MoMLSimpleApplication@527d92a
reloadAllAccessors: .Default5

===========================================================================================
----------------- testing Wed Jul 03 04:45:40 UTC 2019 /home/travis/build/icyphy/ptII/ptolemy/domains/modal/test/auto/EmptyGuard.xml
----------------- Instantiating /home/travis/build/icyphy/ptII/ptolemy/domains/modal/test/auto/EmptyGuard.xml
15 ms. Memory: 321536K Free: 224647K (70%)
----------------- Invoking toplevel() on ptolemy.moml.MoMLSimpleApplication@3c653d71
----------------- Done invoking toplevel() on ptolemy.moml.MoMLSimpleApplication@3c653d71
reloadAllAccessors: .EmptyGuard

===========================================================================================
----------------- testing Wed Jul 03 04:45:40 UTC 2019 /home/travis/build/icyphy/ptII/ptolemy/domains/modal/test/auto/ErrorTransition1.xml
----------------- Instantiating /home/travis/build/icyphy/ptII/ptolemy/domains/modal/test/auto/ErrorTransition1.xml
11 ms. Memory: 321536K Free: 215941K (67%)
----------------- Invoking toplevel() on ptolemy.moml.MoMLSimpleApplication@67783140
----------------- Done invoking toplevel() on ptolemy.moml.MoMLSimpleApplication@67783140
reloadAllAccessors: .ErrorTransition1

===========================================================================================
----------------- testing Wed Jul 03 04:45:40 UTC 2019 /home/travis/build/icyphy/ptII/ptolemy/domains/modal/test/auto/ErrorTransition10.xml
----------------- Instantiating /home/travis/build/icyphy/ptII/ptolemy/domains/modal/test/auto/ErrorTransition10.xml
14 ms. Memory: 321536K Free: 202119K (63%)
----------------- Invoking toplevel() on ptolemy.moml.MoMLSimpleApplication@385b78c8
----------------- Done invoking toplevel() on ptolemy.moml.MoMLSimpleApplication@385b78c8
reloadAllAccessors: .ErrorTransition10

===========================================================================================
----------------- testing Wed Jul 03 04:45:40 UTC 2019 /home/travis/build/icyphy/ptII/ptolemy/domains/modal/test/auto/ErrorTransition11.xml
----------------- Instantiating /home/travis/build/icyphy/ptII/ptolemy/domains/modal/test/auto/ErrorTransition11.xml
4 ms. Memory: 321536K Free: 190855K (59%)
----------------- Invoking toplevel() on ptolemy.moml.MoMLSimpleApplication@6fcc15aa
----------------- Done invoking toplevel() on ptolemy.moml.MoMLSimpleApplication@6fcc15aa
reloadAllAccessors: .ErrorTransition11

===========================================================================================
----------------- testing Wed Jul 03 04:45:40 UTC 2019 /home/travis/build/icyphy/ptII/ptolemy/domains/modal/test/auto/ErrorTransition2.xml
----------------- Instantiating /home/travis/build/icyphy/ptII/ptolemy/domains/modal/test/auto/ErrorTransition2.xml
8 ms. Memory: 321536K Free: 182149K (57%)
----------------- Invoking toplevel() on ptolemy.moml.MoMLSimpleApplication@7d191435
----------------- Done invoking toplevel() on ptolemy.moml.MoMLSimpleApplication@7d191435
reloadAllAccessors: .ErrorTransition2

===========================================================================================
----------------- testing Wed Jul 03 04:45:40 UTC 2019 /home/travis/build/icyphy/ptII/ptolemy/domains/modal/test/auto/ErrorTransition3.xml
----------------- Instantiating /home/travis/build/icyphy/ptII/ptolemy/domains/modal/test/auto/ErrorTransition3.xml
23 ms. Memory: 321536K Free: 172423K (54%)
----------------- Invoking toplevel() on ptolemy.moml.MoMLSimpleApplication@4f8f899c
----------------- Done invoking toplevel() on ptolemy.moml.MoMLSimpleApplication@4f8f899c
reloadAllAccessors: .ErrorTransition3

===========================================================================================
----------------- testing Wed Jul 03 04:45:40 UTC 2019 /home/travis/build/icyphy/ptII/ptolemy/domains/modal/test/auto/ErrorTransition4.xml
----------------- Instantiating /home/travis/build/icyphy/ptII/ptolemy/domains/modal/test/auto/ErrorTransition4.xml
14 ms. Memory: 321536K Free: 161159K (50%)
----------------- Invoking toplevel() on ptolemy.moml.MoMLSimpleApplication@30f2f6dc
----------------- Done invoking toplevel() on ptolemy.moml.MoMLSimpleApplication@30f2f6dc
reloadAllAccessors: .ErrorTransition4

===========================================================================================
----------------- testing Wed Jul 03 04:45:40 UTC 2019 /home/travis/build/icyphy/ptII/ptolemy/domains/modal/test/auto/ErrorTransition5.xml
----------------- Instantiating /home/travis/build/icyphy/ptII/ptolemy/domains/modal/test/auto/ErrorTransition5.xml
8 ms. Memory: 321536K Free: 150919K (47%)
----------------- Invoking toplevel() on ptolemy.moml.MoMLSimpleApplication@4dd1a474
----------------- Done invoking toplevel() on ptolemy.moml.MoMLSimpleApplication@4dd1a474
reloadAllAccessors: .ErrorTransition5

===========================================================================================
----------------- testing Wed Jul 03 04:45:40 UTC 2019 /home/travis/build/icyphy/ptII/ptolemy/domains/modal/test/auto/ErrorTransition6.xml
----------------- Instantiating /home/travis/build/icyphy/ptII/ptolemy/domains/modal/test/auto/ErrorTransition6.xml
10 ms. Memory: 321536K Free: 140165K (44%)
----------------- Invoking toplevel() on ptolemy.moml.MoMLSimpleApplication@4d7c2677
----------------- Done invoking toplevel() on ptolemy.moml.MoMLSimpleApplication@4d7c2677
reloadAllAccessors: .ErrorTransition6

===========================================================================================
----------------- testing Wed Jul 03 04:45:40 UTC 2019 /home/travis/build/icyphy/ptII/ptolemy/domains/modal/test/auto/ErrorTransition7.xml
----------------- Instantiating /home/travis/build/icyphy/ptII/ptolemy/domains/modal/test/auto/ErrorTransition7.xml
26 ms. Memory: 321536K Free: 127367K (40%)
----------------- Invoking toplevel() on ptolemy.moml.MoMLSimpleApplication@4af710c7
----------------- Done invoking toplevel() on ptolemy.moml.MoMLSimpleApplication@4af710c7
reloadAllAccessors: .ErrorTransition7

===========================================================================================
----------------- testing Wed Jul 03 04:45:40 UTC 2019 /home/travis/build/icyphy/ptII/ptolemy/domains/modal/test/auto/ErrorTransition8.xml
----------------- Instantiating /home/travis/build/icyphy/ptII/ptolemy/domains/modal/test/auto/ErrorTransition8.xml
31 ms. Memory: 321536K Free: 298885K (93%)
----------------- Invoking toplevel() on ptolemy.moml.MoMLSimpleApplication@a1b4be7
----------------- Done invoking toplevel() on ptolemy.moml.MoMLSimpleApplication@a1b4be7
reloadAllAccessors: .ErrorTransition8

===========================================================================================
----------------- testing Wed Jul 03 04:45:40 UTC 2019 /home/travis/build/icyphy/ptII/ptolemy/domains/modal/test/auto/ErrorTransition9.xml
----------------- Instantiating /home/travis/build/icyphy/ptII/ptolemy/domains/modal/test/auto/ErrorTransition9.xml
24 ms. Memory: 321536K Free: 285558K (89%)
----------------- Invoking toplevel() on ptolemy.moml.MoMLSimpleApplication@5055aa96
----------------- Done invoking toplevel() on ptolemy.moml.MoMLSimpleApplication@5055aa96
reloadAllAccessors: .ErrorTransition9

===========================================================================================
----------------- testing Wed Jul 03 04:45:41 UTC 2019 /home/travis/build/icyphy/ptII/ptolemy/domains/modal/test/auto/ExtendedFSM.xml
----------------- Instantiating /home/travis/build/icyphy/ptII/ptolemy/domains/modal/test/auto/ExtendedFSM.xml
7 ms. Memory: 321536K Free: 276871K (86%)
----------------- Invoking toplevel() on ptolemy.moml.MoMLSimpleApplication@14f605f6
----------------- Done invoking toplevel() on ptolemy.moml.MoMLSimpleApplication@14f605f6
reloadAllAccessors: .ExtendedFSM

===========================================================================================
----------------- testing Wed Jul 03 04:45:41 UTC 2019 /home/travis/build/icyphy/ptII/ptolemy/domains/modal/test/auto/FinalStates.xml
----------------- Instantiating /home/travis/build/icyphy/ptII/ptolemy/domains/modal/test/auto/FinalStates.xml
7 ms. Memory: 321536K Free: 268679K (84%)
----------------- Invoking toplevel() on ptolemy.moml.MoMLSimpleApplication@4ea0401c
----------------- Done invoking toplevel() on ptolemy.moml.MoMLSimpleApplication@4ea0401c
reloadAllAccessors: .FinalStates

===========================================================================================
----------------- testing Wed Jul 03 04:45:41 UTC 2019 /home/travis/build/icyphy/ptII/ptolemy/domains/modal/test/auto/FixedPointFSM.xml
----------------- Instantiating /home/travis/build/icyphy/ptII/ptolemy/domains/modal/test/auto/FixedPointFSM.xml
18 ms. Memory: 321536K Free: 253822K (79%)
----------------- Invoking toplevel() on ptolemy.moml.MoMLSimpleApplication@5712692d
----------------- Done invoking toplevel() on ptolemy.moml.MoMLSimpleApplication@5712692d
reloadAllAccessors: .FixedPointFSM

===========================================================================================
----------------- testing Wed Jul 03 04:45:41 UTC 2019 /home/travis/build/icyphy/ptII/ptolemy/domains/modal/test/auto/FixedPointIterationFSMActor.xml
----------------- Instantiating /home/travis/build/icyphy/ptII/ptolemy/domains/modal/test/auto/FixedPointIterationFSMActor.xml
8 ms. Memory: 321536K Free: 243582K (76%)
----------------- Invoking toplevel() on ptolemy.moml.MoMLSimpleApplication@af43391
----------------- Done invoking toplevel() on ptolemy.moml.MoMLSimpleApplication@af43391
reloadAllAccessors: .FixedPointIterationFSMActor

===========================================================================================
----------------- testing Wed Jul 03 04:45:41 UTC 2019 /home/travis/build/icyphy/ptII/ptolemy/domains/modal/test/auto/FixedPointIterationFSMActor2.xml
----------------- Instantiating /home/travis/build/icyphy/ptII/ptolemy/domains/modal/test/auto/FixedPointIterationFSMActor2.xml
9 ms. Memory: 321536K Free: 231815K (72%)
----------------- Invoking toplevel() on ptolemy.moml.MoMLSimpleApplication@6b2f8ab0
----------------- Done invoking toplevel() on ptolemy.moml.MoMLSimpleApplication@6b2f8ab0
reloadAllAccessors: .FixedPointIterationFSMActor2

===========================================================================================
----------------- testing Wed Jul 03 04:45:41 UTC 2019 /home/travis/build/icyphy/ptII/ptolemy/domains/modal/test/auto/ForbiddenInstantanousLoop.xml
----------------- Instantiating /home/travis/build/icyphy/ptII/ptolemy/domains/modal/test/auto/ForbiddenInstantanousLoop.xml
7 ms. Memory: 321536K Free: 219527K (68%)
----------------- Invoking toplevel() on ptolemy.moml.MoMLSimpleApplication@7bcfebbd
----------------- Done invoking toplevel() on ptolemy.moml.MoMLSimpleApplication@7bcfebbd
reloadAllAccessors: .ForbiddenInstantanousLoop

===========================================================================================
----------------- testing Wed Jul 03 04:45:41 UTC 2019 /home/travis/build/icyphy/ptII/ptolemy/domains/modal/test/auto/FunctionDependencyOfFSMActorTest.xml
----------------- Instantiating /home/travis/build/icyphy/ptII/ptolemy/domains/modal/test/auto/FunctionDependencyOfFSMActorTest.xml
11 ms. Memory: 321536K Free: 212869K (66%)
----------------- Invoking toplevel() on ptolemy.moml.MoMLSimpleApplication@adf89f7
----------------- Done invoking toplevel() on ptolemy.moml.MoMLSimpleApplication@adf89f7
reloadAllAccessors: .FunctionDependencyOfFSMActorTest

===========================================================================================
----------------- testing Wed Jul 03 04:45:41 UTC 2019 /home/travis/build/icyphy/ptII/ptolemy/domains/modal/test/auto/GuardExpression.xml
----------------- Instantiating /home/travis/build/icyphy/ptII/ptolemy/domains/modal/test/auto/GuardExpression.xml
2 ms. Memory: 321536K Free: 207749K (65%)
----------------- Invoking toplevel() on ptolemy.moml.MoMLSimpleApplication@10b12fab
----------------- Done invoking toplevel() on ptolemy.moml.MoMLSimpleApplication@10b12fab
reloadAllAccessors: .GuardExpression

===========================================================================================
----------------- testing Wed Jul 03 04:45:41 UTC 2019 /home/travis/build/icyphy/ptII/ptolemy/domains/modal/test/auto/GuardNotEvaluated.xml
----------------- Instantiating /home/travis/build/icyphy/ptII/ptolemy/domains/modal/test/auto/GuardNotEvaluated.xml
7 ms. Memory: 321536K Free: 199047K (62%)
----------------- Invoking toplevel() on ptolemy.moml.MoMLSimpleApplication@1f534853
----------------- Done invoking toplevel() on ptolemy.moml.MoMLSimpleApplication@1f534853
reloadAllAccessors: .GuardNotEvaluated

===========================================================================================
----------------- testing Wed Jul 03 04:45:41 UTC 2019 /home/travis/build/icyphy/ptII/ptolemy/domains/modal/test/auto/GuardNotEvaluated2.xml
----------------- Instantiating /home/travis/build/icyphy/ptII/ptolemy/domains/modal/test/auto/GuardNotEvaluated2.xml
11 ms. Memory: 321536K Free: 188807K (59%)
----------------- Invoking toplevel() on ptolemy.moml.MoMLSimpleApplication@39eb8f95
----------------- Done invoking toplevel() on ptolemy.moml.MoMLSimpleApplication@39eb8f95
reloadAllAccessors: .GuardNotEvaluated2

===========================================================================================
----------------- testing Wed Jul 03 04:45:41 UTC 2019 /home/travis/build/icyphy/ptII/ptolemy/domains/modal/test/auto/GuardOnAbsent.xml
----------------- Instantiating /home/travis/build/icyphy/ptII/ptolemy/domains/modal/test/auto/GuardOnAbsent.xml
9 ms. Memory: 321536K Free: 181094K (56%)
----------------- Invoking toplevel() on ptolemy.moml.MoMLSimpleApplication@48a302c3
----------------- Done invoking toplevel() on ptolemy.moml.MoMLSimpleApplication@48a302c3
reloadAllAccessors: .GuardOnAbsent

===========================================================================================
----------------- testing Wed Jul 03 04:45:41 UTC 2019 /home/travis/build/icyphy/ptII/ptolemy/domains/modal/test/auto/HierarchicalFSMTypeInference.xml
----------------- Instantiating /home/travis/build/icyphy/ptII/ptolemy/domains/modal/test/auto/HierarchicalFSMTypeInference.xml
5 ms. Memory: 321536K Free: 170885K (53%)
----------------- Invoking toplevel() on ptolemy.moml.MoMLSimpleApplication@50e66c58
----------------- Done invoking toplevel() on ptolemy.moml.MoMLSimpleApplication@50e66c58
reloadAllAccessors: .HierarchicalFSMTypeInference

===========================================================================================
----------------- testing Wed Jul 03 04:45:41 UTC 2019 /home/travis/build/icyphy/ptII/ptolemy/domains/modal/test/auto/Hysteresis.xml
----------------- Instantiating /home/travis/build/icyphy/ptII/ptolemy/domains/modal/test/auto/Hysteresis.xml
16 ms. Memory: 321536K Free: 157558K (49%)
----------------- Invoking toplevel() on ptolemy.moml.MoMLSimpleApplication@5a61eab2
----------------- Done invoking toplevel() on ptolemy.moml.MoMLSimpleApplication@5a61eab2
reloadAllAccessors: .Hysteresis

===========================================================================================
----------------- testing Wed Jul 03 04:45:41 UTC 2019 /home/travis/build/icyphy/ptII/ptolemy/domains/modal/test/auto/HysteresisWithDefault.xml
----------------- Instantiating /home/travis/build/icyphy/ptII/ptolemy/domains/modal/test/auto/HysteresisWithDefault.xml
41 ms. Memory: 321536K Free: 134535K (42%)
----------------- Invoking toplevel() on ptolemy.moml.MoMLSimpleApplication@79ea8b90
----------------- Done invoking toplevel() on ptolemy.moml.MoMLSimpleApplication@79ea8b90
reloadAllAccessors: .HysteresisWithDefault

===========================================================================================
----------------- testing Wed Jul 03 04:45:41 UTC 2019 /home/travis/build/icyphy/ptII/ptolemy/domains/modal/test/auto/HysteresisWithDefault2.xml
----------------- Instantiating /home/travis/build/icyphy/ptII/ptolemy/domains/modal/test/auto/HysteresisWithDefault2.xml
68 ms. Memory: 321536K Free: 289159K (90%)
----------------- Invoking toplevel() on ptolemy.moml.MoMLSimpleApplication@17d64421
----------------- Done invoking toplevel() on ptolemy.moml.MoMLSimpleApplication@17d64421
reloadAllAccessors: .HysteresisWithDefault2

===========================================================================================
----------------- testing Wed Jul 03 04:45:41 UTC 2019 /home/travis/build/icyphy/ptII/ptolemy/domains/modal/test/auto/ImmediateNonConstructiveness.xml
----------------- Instantiating /home/travis/build/icyphy/ptII/ptolemy/domains/modal/test/auto/ImmediateNonConstructiveness.xml
3 ms. Memory: 321536K Free: 281462K (88%)
----------------- Invoking toplevel() on ptolemy.moml.MoMLSimpleApplication@1661d1c6
----------------- Done invoking toplevel() on ptolemy.moml.MoMLSimpleApplication@1661d1c6
reloadAllAccessors: .ImmediateNonConstructiveness

===========================================================================================
----------------- testing Wed Jul 03 04:45:41 UTC 2019 /home/travis/build/icyphy/ptII/ptolemy/domains/modal/test/auto/ImmediateNonConstructiveness2.xml
----------------- Instantiating /home/travis/build/icyphy/ptII/ptolemy/domains/modal/test/auto/ImmediateNonConstructiveness2.xml
4 ms. Memory: 321536K Free: 274823K (85%)
----------------- Invoking toplevel() on ptolemy.moml.MoMLSimpleApplication@474aa26b
----------------- Done invoking toplevel() on ptolemy.moml.MoMLSimpleApplication@474aa26b
reloadAllAccessors: .ImmediateNonConstructiveness2

===========================================================================================
----------------- testing Wed Jul 03 04:45:41 UTC 2019 /home/travis/build/icyphy/ptII/ptolemy/domains/modal/test/auto/ImmediateTransitionReset.xml
----------------- Instantiating /home/travis/build/icyphy/ptII/ptolemy/domains/modal/test/auto/ImmediateTransitionReset.xml
6 ms. Memory: 321536K Free: 262535K (82%)
----------------- Invoking toplevel() on ptolemy.moml.MoMLSimpleApplication@417429f1
----------------- Done invoking toplevel() on ptolemy.moml.MoMLSimpleApplication@417429f1
reloadAllAccessors: .ImmediateTransitionReset

===========================================================================================
----------------- testing Wed Jul 03 04:45:41 UTC 2019 /home/travis/build/icyphy/ptII/ptolemy/domains/modal/test/auto/ImmediateTransitions1.xml
----------------- Instantiating /home/travis/build/icyphy/ptII/ptolemy/domains/modal/test/auto/ImmediateTransitions1.xml
2 ms. Memory: 321536K Free: 257415K (80%)
----------------- Invoking toplevel() on ptolemy.moml.MoMLSimpleApplication@3bdcda6b
----------------- Done invoking toplevel() on ptolemy.moml.MoMLSimpleApplication@3bdcda6b
reloadAllAccessors: .ImmediateTransitions1

===========================================================================================
----------------- testing Wed Jul 03 04:45:41 UTC 2019 /home/travis/build/icyphy/ptII/ptolemy/domains/modal/test/auto/ImmediateTransitionsInstantaneousCommunication.xml
----------------- Instantiating /home/travis/build/icyphy/ptII/ptolemy/domains/modal/test/auto/ImmediateTransitionsInstantaneousCommunication.xml
6 ms. Memory: 321536K Free: 245127K (76%)
----------------- Invoking toplevel() on ptolemy.moml.MoMLSimpleApplication@19b38b6
----------------- Done invoking toplevel() on ptolemy.moml.MoMLSimpleApplication@19b38b6
reloadAllAccessors: .ImmediateTransitionsInstantaneousCommunication

===========================================================================================
----------------- testing Wed Jul 03 04:45:41 UTC 2019 /home/travis/build/icyphy/ptII/ptolemy/domains/modal/test/auto/InitialImmediateTransition.xml
----------------- Instantiating /home/travis/build/icyphy/ptII/ptolemy/domains/modal/test/auto/InitialImmediateTransition.xml
3 ms. Memory: 321536K Free: 238462K (74%)
----------------- Invoking toplevel() on ptolemy.moml.MoMLSimpleApplication@5ce8a01d
----------------- Done invoking toplevel() on ptolemy.moml.MoMLSimpleApplication@5ce8a01d
reloadAllAccessors: .InitialImmediateTransition

===========================================================================================
----------------- testing Wed Jul 03 04:45:41 UTC 2019 /home/travis/build/icyphy/ptII/ptolemy/domains/modal/test/auto/InitialOutputs.xml
----------------- Instantiating /home/travis/build/icyphy/ptII/ptolemy/domains/modal/test/auto/InitialOutputs.xml
5 ms. Memory: 321536K Free: 232318K (72%)
----------------- Invoking toplevel() on ptolemy.moml.MoMLSimpleApplication@32888d1f
----------------- Done invoking toplevel() on ptolemy.moml.MoMLSimpleApplication@32888d1f
reloadAllAccessors: .InitialOutputs

===========================================================================================
----------------- testing Wed Jul 03 04:45:41 UTC 2019 /home/travis/build/icyphy/ptII/ptolemy/domains/modal/test/auto/InitialStateTransition1.xml
----------------- Instantiating /home/travis/build/icyphy/ptII/ptolemy/domains/modal/test/auto/InitialStateTransition1.xml
3 ms. Memory: 321536K Free: 225157K (70%)
----------------- Invoking toplevel() on ptolemy.moml.MoMLSimpleApplication@2fab4c5a
----------------- Done invoking toplevel() on ptolemy.moml.MoMLSimpleApplication@2fab4c5a
reloadAllAccessors: .InitialStateTransition1

===========================================================================================
----------------- testing Wed Jul 03 04:45:41 UTC 2019 /home/travis/build/icyphy/ptII/ptolemy/domains/modal/test/auto/InitialStateTransition2.xml
----------------- Instantiating /home/travis/build/icyphy/ptII/ptolemy/domains/modal/test/auto/InitialStateTransition2.xml
.InitialStateTransition2.TestExceptionAttributeNonConstructive: initialize() was not invoked, but wrapup() was.  This is unusual, but not always a problem.  For example, exporting JNLP will do this.
4 ms. Memory: 321536K Free: 217989K (68%)
----------------- Invoking toplevel() on ptolemy.moml.MoMLSimpleApplication@1a622bf4
----------------- Done invoking toplevel() on ptolemy.moml.MoMLSimpleApplication@1a622bf4
reloadAllAccessors: .InitialStateTransition2

===========================================================================================
----------------- testing Wed Jul 03 04:45:41 UTC 2019 /home/travis/build/icyphy/ptII/ptolemy/domains/modal/test/auto/InitialStateTransition3.xml
----------------- Instantiating /home/travis/build/icyphy/ptII/ptolemy/domains/modal/test/auto/InitialStateTransition3.xml
4 ms. Memory: 321536K Free: 209797K (65%)
----------------- Invoking toplevel() on ptolemy.moml.MoMLSimpleApplication@54da5608
----------------- Done invoking toplevel() on ptolemy.moml.MoMLSimpleApplication@54da5608
reloadAllAccessors: .InitialStateTransition3

===========================================================================================
----------------- testing Wed Jul 03 04:45:41 UTC 2019 /home/travis/build/icyphy/ptII/ptolemy/domains/modal/test/auto/InitialStateTransition4.xml
----------------- Instantiating /home/travis/build/icyphy/ptII/ptolemy/domains/modal/test/auto/InitialStateTransition4.xml
4 ms. Memory: 321536K Free: 200071K (62%)
----------------- Invoking toplevel() on ptolemy.moml.MoMLSimpleApplication@348978f0
----------------- Done invoking toplevel() on ptolemy.moml.MoMLSimpleApplication@348978f0
[...]
reloadAllAccessors: .TerminationTransition3

===========================================================================================
----------------- testing Wed Jul 03 04:45:43 UTC 2019 /home/travis/build/icyphy/ptII/ptolemy/domains/modal/test/auto/TerminationTransition4.xml
----------------- Instantiating /home/travis/build/icyphy/ptII/ptolemy/domains/modal/test/auto/TerminationTransition4.xml
6 ms. Memory: 404480K Free: 352482K (87%)
----------------- Invoking toplevel() on ptolemy.moml.MoMLSimpleApplication@18f427e6
----------------- Done invoking toplevel() on ptolemy.moml.MoMLSimpleApplication@18f427e6
reloadAllAccessors: .TerminationTransition4

===========================================================================================
----------------- testing Wed Jul 03 04:45:43 UTC 2019 /home/travis/build/icyphy/ptII/ptolemy/domains/modal/test/auto/TerminationTransition5.xml
----------------- Instantiating /home/travis/build/icyphy/ptII/ptolemy/domains/modal/test/auto/TerminationTransition5.xml
2 ms. Memory: 404480K Free: 338656K (84%)
----------------- Invoking toplevel() on ptolemy.moml.MoMLSimpleApplication@37b2a603
----------------- Done invoking toplevel() on ptolemy.moml.MoMLSimpleApplication@37b2a603
reloadAllAccessors: .TerminationTransition5

===========================================================================================
----------------- testing Wed Jul 03 04:45:43 UTC 2019 /home/travis/build/icyphy/ptII/ptolemy/domains/modal/test/auto/TerminationTransition6.xml
----------------- Instantiating /home/travis/build/icyphy/ptII/ptolemy/domains/modal/test/auto/TerminationTransition6.xml
1 ms. Memory: 404480K Free: 330464K (82%)
----------------- Invoking toplevel() on ptolemy.moml.MoMLSimpleApplication@625433ce
----------------- Done invoking toplevel() on ptolemy.moml.MoMLSimpleApplication@625433ce
reloadAllAccessors: .TerminationTransition6

===========================================================================================
----------------- testing Wed Jul 03 04:45:44 UTC 2019 /home/travis/build/icyphy/ptII/ptolemy/domains/modal/test/auto/TerminationTransition7.xml
----------------- Instantiating /home/travis/build/icyphy/ptII/ptolemy/domains/modal/test/auto/TerminationTransition7.xml
2 ms. Memory: 404480K Free: 320738K (79%)
----------------- Invoking toplevel() on ptolemy.moml.MoMLSimpleApplication@77288d6d
----------------- Done invoking toplevel() on ptolemy.moml.MoMLSimpleApplication@77288d6d
reloadAllAccessors: .TerminationTransition7

===========================================================================================
----------------- testing Wed Jul 03 04:45:44 UTC 2019 /home/travis/build/icyphy/ptII/ptolemy/domains/modal/test/auto/TerminationTransition8.xml
----------------- Instantiating /home/travis/build/icyphy/ptII/ptolemy/domains/modal/test/auto/TerminationTransition8.xml
2 ms. Memory: 404480K Free: 311008K (77%)
----------------- Invoking toplevel() on ptolemy.moml.MoMLSimpleApplication@6b815443
----------------- Done invoking toplevel() on ptolemy.moml.MoMLSimpleApplication@6b815443
reloadAllAccessors: .TerminationTransition8

===========================================================================================
----------------- testing Wed Jul 03 04:45:44 UTC 2019 /home/travis/build/icyphy/ptII/ptolemy/domains/modal/test/auto/Thermostat_NoHysteresis.xml
----------------- Instantiating /home/travis/build/icyphy/ptII/ptolemy/domains/modal/test/auto/Thermostat_NoHysteresis.xml
23 ms. Memory: 404480K Free: 286417K (71%)
----------------- Invoking toplevel() on ptolemy.moml.MoMLSimpleApplication@3aa7a945
----------------- Done invoking toplevel() on ptolemy.moml.MoMLSimpleApplication@3aa7a945
reloadAllAccessors: .Thermostat_NoHysteresis

===========================================================================================
----------------- testing Wed Jul 03 04:45:44 UTC 2019 /home/travis/build/icyphy/ptII/ptolemy/domains/modal/test/auto/TimedFSM.xml
----------------- Instantiating /home/travis/build/icyphy/ptII/ptolemy/domains/modal/test/auto/TimedFSM.xml
10 ms. Memory: 404480K Free: 274658K (68%)
----------------- Invoking toplevel() on ptolemy.moml.MoMLSimpleApplication@1d360ddc
----------------- Done invoking toplevel() on ptolemy.moml.MoMLSimpleApplication@1d360ddc
reloadAllAccessors: .TimedFSM

===========================================================================================
----------------- testing Wed Jul 03 04:45:44 UTC 2019 /home/travis/build/icyphy/ptII/ptolemy/domains/modal/test/auto/Timeout1.xml
----------------- Instantiating /home/travis/build/icyphy/ptII/ptolemy/domains/modal/test/auto/Timeout1.xml
4 ms. Memory: 404480K Free: 269009K (67%)
----------------- Invoking toplevel() on ptolemy.moml.MoMLSimpleApplication@7a7f084f
----------------- Done invoking toplevel() on ptolemy.moml.MoMLSimpleApplication@7a7f084f
reloadAllAccessors: .Timeout1

===========================================================================================
----------------- testing Wed Jul 03 04:45:44 UTC 2019 /home/travis/build/icyphy/ptII/ptolemy/domains/modal/test/auto/Timeout2.xml
----------------- Instantiating /home/travis/build/icyphy/ptII/ptolemy/domains/modal/test/auto/Timeout2.xml
10 ms. Memory: 404480K Free: 260322K (64%)
----------------- Invoking toplevel() on ptolemy.moml.MoMLSimpleApplication@cc384e6
----------------- Done invoking toplevel() on ptolemy.moml.MoMLSimpleApplication@cc384e6
reloadAllAccessors: .Timeout2

===========================================================================================
----------------- testing Wed Jul 03 04:45:44 UTC 2019 /home/travis/build/icyphy/ptII/ptolemy/domains/modal/test/auto/Timeout3.xml
----------------- Instantiating /home/travis/build/icyphy/ptII/ptolemy/domains/modal/test/auto/Timeout3.xml
2 ms. Memory: 404480K Free: 255202K (63%)
----------------- Invoking toplevel() on ptolemy.moml.MoMLSimpleApplication@1aa5643a
----------------- Done invoking toplevel() on ptolemy.moml.MoMLSimpleApplication@1aa5643a
reloadAllAccessors: .Timeout3

===========================================================================================
----------------- testing Wed Jul 03 04:45:44 UTC 2019 /home/travis/build/icyphy/ptII/ptolemy/domains/modal/test/auto/Timeout4.xml
----------------- Instantiating /home/travis/build/icyphy/ptII/ptolemy/domains/modal/test/auto/Timeout4.xml
2 ms. Memory: 404480K Free: 250082K (62%)
----------------- Invoking toplevel() on ptolemy.moml.MoMLSimpleApplication@7984261
----------------- Done invoking toplevel() on ptolemy.moml.MoMLSimpleApplication@7984261
reloadAllAccessors: .Timeout4

===========================================================================================
----------------- testing Wed Jul 03 04:45:44 UTC 2019 /home/travis/build/icyphy/ptII/ptolemy/domains/modal/test/auto/TransientstateModelAdvanced.xml
----------------- Instantiating /home/travis/build/icyphy/ptII/ptolemy/domains/modal/test/auto/TransientstateModelAdvanced.xml
3 ms. Memory: 404480K Free: 237794K (59%)
----------------- Invoking toplevel() on ptolemy.moml.MoMLSimpleApplication@75bb60d2
----------------- Done invoking toplevel() on ptolemy.moml.MoMLSimpleApplication@75bb60d2
reloadAllAccessors: .TransientstateModelAdvanced

===========================================================================================
----------------- testing Wed Jul 03 04:45:44 UTC 2019 /home/travis/build/icyphy/ptII/ptolemy/domains/modal/test/auto/TransientstateModelAdvanced2.xml
----------------- Instantiating /home/travis/build/icyphy/ptII/ptolemy/domains/modal/test/auto/TransientstateModelAdvanced2.xml
2 ms. Memory: 404480K Free: 223968K (55%)
----------------- Invoking toplevel() on ptolemy.moml.MoMLSimpleApplication@7e98e614
----------------- Done invoking toplevel() on ptolemy.moml.MoMLSimpleApplication@7e98e614
reloadAllAccessors: .transientstatemodelAdvanced

===========================================================================================
----------------- testing Wed Jul 03 04:45:44 UTC 2019 /home/travis/build/icyphy/ptII/ptolemy/domains/modal/test/auto/TransitionRefinements.xml
----------------- Instantiating /home/travis/build/icyphy/ptII/ptolemy/domains/modal/test/auto/TransitionRefinements.xml
6 ms. Memory: 404480K Free: 213721K (53%)
----------------- Invoking toplevel() on ptolemy.moml.MoMLSimpleApplication@4247270c
----------------- Done invoking toplevel() on ptolemy.moml.MoMLSimpleApplication@4247270c
reloadAllAccessors: .TransitionRefinements

===========================================================================================
----------------- testing Wed Jul 03 04:45:44 UTC 2019 /home/travis/build/icyphy/ptII/ptolemy/domains/modal/test/auto/TwoRefinements1.xml
----------------- Instantiating /home/travis/build/icyphy/ptII/ptolemy/domains/modal/test/auto/TwoRefinements1.xml
3 ms. Memory: 404480K Free: 204002K (50%)
----------------- Invoking toplevel() on ptolemy.moml.MoMLSimpleApplication@5ce666a4
----------------- Done invoking toplevel() on ptolemy.moml.MoMLSimpleApplication@5ce666a4
reloadAllAccessors: .TwoRefinements1

===========================================================================================
----------------- testing Wed Jul 03 04:45:44 UTC 2019 /home/travis/build/icyphy/ptII/ptolemy/domains/modal/test/auto/TwoRefinements2.xml
----------------- Instantiating /home/travis/build/icyphy/ptII/ptolemy/domains/modal/test/auto/TwoRefinements2.xml
3 ms. Memory: 404480K Free: 193762K (48%)
----------------- Invoking toplevel() on ptolemy.moml.MoMLSimpleApplication@1ca7d251
----------------- Done invoking toplevel() on ptolemy.moml.MoMLSimpleApplication@1ca7d251
reloadAllAccessors: .TwoRefinements2

===========================================================================================
----------------- testing Wed Jul 03 04:45:44 UTC 2019 /home/travis/build/icyphy/ptII/ptolemy/domains/modal/test/auto/WeakImmediateTransition.xml
----------------- Instantiating /home/travis/build/icyphy/ptII/ptolemy/domains/modal/test/auto/WeakImmediateTransition.xml
3 ms. Memory: 404480K Free: 185056K (46%)
----------------- Invoking toplevel() on ptolemy.moml.MoMLSimpleApplication@1c619a06
----------------- Done invoking toplevel() on ptolemy.moml.MoMLSimpleApplication@1c619a06
reloadAllAccessors: .WeakImmediateTransition

===========================================================================================
----------------- testing Wed Jul 03 04:45:44 UTC 2019 /home/travis/build/icyphy/ptII/ptolemy/domains/modal/test/auto/booleanSelect.xml
----------------- Instantiating /home/travis/build/icyphy/ptII/ptolemy/domains/modal/test/auto/booleanSelect.xml
32 ms. Memory: 404480K Free: 166593K (41%)
----------------- Invoking toplevel() on ptolemy.moml.MoMLSimpleApplication@5303e2ac
----------------- Done invoking toplevel() on ptolemy.moml.MoMLSimpleApplication@5303e2ac
reloadAllAccessors: .booleanSelect

===========================================================================================
----------------- testing Wed Jul 03 04:45:44 UTC 2019 /home/travis/build/icyphy/ptII/ptolemy/domains/modal/test/auto/modalChangingParams.xml
----------------- Instantiating /home/travis/build/icyphy/ptII/ptolemy/domains/modal/test/auto/modalChangingParams.xml
0
1
0
2
4
6
8
7
0
2
4
6
8
13
0
2
4
6
8
19
0
2
4
6
8
25
0
2
4
6
8
31
0
2
4
6
8
37
0
2
4
6
8
43
0
2
4
6
8
49
0
2
4
6
8
55
0
2
4
6
8
61
0
2
4
6
8
67
0
2
4
6
8
73
0
2
4
6
8
79
0
2
4
6
8
85
0
2
4
6
8
91
0
2
4
6
8
97
0
2
4
6
8
103
0
2
4
6
8
109
0
2
4
6
8
115
0
2
4
6
8
121
0
2
4
6
8
127
0
2
4
6
8
133
0
2
4
6
8
139
0
2
4
6
8
145
0
2
4
6
8
151
0
2
4
6
8
157
0
2
4
6
8
163
0
2
4
6
8
169
0
2
4
6
8
175
0
2
4
6
8
181
0
2
4
6
8
187
0
2
4
6
8
193
0
2
4
6
8
199
0
2
4
6
8
205
0
2
4
6
8
211
0
2
4
6
8
217
0
2
4
6
8
223
0
2
4
6
8
229
0
2
4
6
8
235
0
2
4
6
8
241
0
2
4
6
8
247
0
2
4
6
8
253
0
2
4
6
8
259
0
2
4
6
8
265
0
2
4
6
8
271
0
2
4
6
8
277
0
2
4
6
8
283
0
2
4
6
8
289
0
2
4
6
8
295
0
2
4
6
8
301
0
2
4
6
8
307
0
2
4
6
8
313
0
2
4
6
8
319
0
2
4
6
8
325
0
2
4
6
8
331
0
2
4
6
8
337
0
2
4
6
8
343
0
2
4
6
8
349
0
2
4
6
8
355
0
2
4
6
8
361
0
2
4
6
8
367
0
2
4
6
8
373
0
2
4
6
8
379
0
2
4
6
8
385
0
2
4
6
8
391
0
2
4
6
8
397
0
2
4
6
8
403
0
2
4
6
8
409
0
2
4
6
8
415
0
2
4
6
8
421
0
2
4
6
8
427
0
2
4
6
8
433
0
2
4
6
8
439
0
2
4
6
8
445
0
2
4
6
8
451
0
2
4
6
8
457
0
2
4
6
8
463
0
2
4
6
8
469
0
2
4
6
8
475
0
2
4
6
8
481
0
2
4
6
8
487
0
2
4
6
8
493
0
2
4
6
8
499
0
2
4
6
8
505
0
2
4
6
8
511
0
2
4
6
8
517
0
2
4
6
8
523
0
2
4
6
8
529
0
2
4
6
8
535
0
2
4
6
8
541
0
2
4
6
8
547
0
2
4
6
8
553
0
2
4
6
8
559
0
2
4
6
8
565
0
2
4
6
8
571
0
2
4
6
8
577
0
2
4
6
8
583
0
2
4
6
8
589
0
2
4
6
8
595
0
2
4
6
8
601
0
2
4
6
8
607
0
2
4
6
8
613
0
2
4
6
8
619
0
2
4
6
8
625
0
2
4
6
8
631
0
2
4
6
8
637
0
2
4
6
8
643
0
2
4
6
8
649
0
2
4
6
8
655
0
2
4
6
8
661
0
2
4
6
8
667
0
2
4
6
8
673
0
2
4
6
8
679
0
2
4
6
8
685
0
2
4
6
8
691
0
2
4
6
8
697
0
2
4
6
8
703
0
2
4
6
8
709
0
2
4
6
8
715
0
2
4
6
8
721
0
2
4
6
8
727
0
2
4
6
8
733
0
2
4
6
8
739
0
2
4
6
8
745
0
2
4
6
8
751
0
2
4
6
8
757
0
2
4
6
8
763
0
2
4
6
8
769
0
2
4
6
8
775
0
2
4
6
8
781
0
2
4
6
8
787
0
2
4
6
8
793
0
2
4
6
8
799
0
2
4
6
8
805
0
2
4
6
8
811
0
2
4
6
8
817
0
2
4
6
8
823
0
2
4
6
8
829
0
2
4
6
8
835
0
2
4
6
8
841
0
2
4
6
8
847
0
2
4
6
8
853
0
2
4
6
8
859
0
2
4
6
8
865
0
2
4
6
8
871
0
2
4
6
8
877
0
2
4
6
8
883
0
2
4
6
8
889
0
2
4
6
8
895
0
2
4
6
8
901
0
2
4
6
8
907
0
2
4
6
8
913
0
2
4
6
8
919
0
2
4
6
8
925
0
2
4
6
8
931
0
2
4
6
8
937
0
2
4
6
8
943
0
2
4
6
8
949
0
2
4
6
8
955
0
2
4
6
8
961
0
2
4
6
8
967
0
2
4
6
8
973
0
2
4
6
8
979
0
2
4
6
8
985
0
2
4
6
8
991
0
2
4
6
8
997
0
2
233 ms. Memory: 404480K Free: 286421K (71%)
----------------- Invoking toplevel() on ptolemy.moml.MoMLSimpleApplication@4600f91e
----------------- Done invoking toplevel() on ptolemy.moml.MoMLSimpleApplication@4600f91e
reloadAllAccessors: .modalChangingParams

===========================================================================================
----------------- testing Wed Jul 03 04:45:44 UTC 2019 /home/travis/build/icyphy/ptII/ptolemy/domains/modal/test/auto/modalModel.xml
----------------- Instantiating /home/travis/build/icyphy/ptII/ptolemy/domains/modal/test/auto/modalModel.xml
5 ms. Memory: 404480K Free: 277341K (69%)
----------------- Invoking toplevel() on ptolemy.moml.MoMLSimpleApplication@61f5d784
----------------- Done invoking toplevel() on ptolemy.moml.MoMLSimpleApplication@61f5d784
reloadAllAccessors: .modalModel

===========================================================================================
----------------- testing Wed Jul 03 04:45:44 UTC 2019 /home/travis/build/icyphy/ptII/ptolemy/domains/modal/test/auto/modalModel2.xml
----------------- Instantiating /home/travis/build/icyphy/ptII/ptolemy/domains/modal/test/auto/modalModel2.xml
7 ms. Memory: 404480K Free: 266606K (66%)
----------------- Invoking toplevel() on ptolemy.moml.MoMLSimpleApplication@29a147fe
----------------- Done invoking toplevel() on ptolemy.moml.MoMLSimpleApplication@29a147fe
reloadAllAccessors: .modalModel2

===========================================================================================
----------------- testing Wed Jul 03 04:45:44 UTC 2019 /home/travis/build/icyphy/ptII/ptolemy/domains/modal/test/auto/modalModel3.xml
----------------- Instantiating /home/travis/build/icyphy/ptII/ptolemy/domains/modal/test/auto/modalModel3.xml
0	0	0
3	2	1
6	4	2
9	6	3
4	0	4
7	2	5
10	4	6
13	6	7
8	0	8
11	2	9
14	4	10
17	6	11
12	0	12
15	2	13
18	4	14
15 ms. Memory: 404480K Free: 251756K (62%)
----------------- Invoking toplevel() on ptolemy.moml.MoMLSimpleApplication@66cadc74
----------------- Done invoking toplevel() on ptolemy.moml.MoMLSimpleApplication@66cadc74
reloadAllAccessors: .modalModel3

===========================================================================================
----------------- testing Wed Jul 03 04:45:44 UTC 2019 /home/travis/build/icyphy/ptII/ptolemy/domains/modal/test/auto/model1.xml
----------------- Instantiating /home/travis/build/icyphy/ptII/ptolemy/domains/modal/test/auto/model1.xml
9 ms. Memory: 404480K Free: 246126K (61%)
----------------- Invoking toplevel() on ptolemy.moml.MoMLSimpleApplication@6b702e4d
----------------- Done invoking toplevel() on ptolemy.moml.MoMLSimpleApplication@6b702e4d
reloadAllAccessors: .model1

===========================================================================================
----------------- testing Wed Jul 03 04:45:44 UTC 2019 /home/travis/build/icyphy/ptII/ptolemy/domains/modal/test/auto/test-direct-in-out.xml
----------------- Instantiating /home/travis/build/icyphy/ptII/ptolemy/domains/modal/test/auto/test-direct-in-out.xml
4 ms. Memory: 404480K Free: 237934K (59%)
----------------- Invoking toplevel() on ptolemy.moml.MoMLSimpleApplication@76a485a2
----------------- Done invoking toplevel() on ptolemy.moml.MoMLSimpleApplication@76a485a2
reloadAllAccessors: .test-direct-in-out
AutoTests.java: About to close Vertx.
AutoTests.java: Vertx closed.
]]></system-out>
  <system-err><![CDATA[java.lang.RuntimeException: Execution failed
	at ptolemy.moml.MoMLSimpleApplication$UnloadThread.run(MoMLSimpleApplication.java:402)
Caused by: ptolemy.kernel.util.IllegalActionException: Unknown inputs remain. Possible causality loop:
L_model_1893289564i

  in .CannotAnalysisWithPreemption.model_1893289564_region_1 and .CannotAnalysisWithPreemption.model_1893289564_region_1.L_model_1893289564i
	at ptolemy.actor.sched.FixedPointDirector.postfire(FixedPointDirector.java:515)
	at ptolemy.domains.sr.kernel.SRDirector.postfire(SRDirector.java:417)
	at ptolemy.actor.CompositeActor.postfire(CompositeActor.java:1668)
	at ptolemy.actor.Manager.iterate(Manager.java:852)
	at ptolemy.actor.Manager.execute(Manager.java:369)
	at ptolemy.actor.Manager.run(Manager.java:1263)
	at ptolemy.actor.Manager$PtolemyRunThread.run(Manager.java:1915)
java.lang.reflect.InvocationTargetException
	at java.base/jdk.internal.reflect.NativeConstructorAccessorImpl.newInstance0(Native Method)
	at java.base/jdk.internal.reflect.NativeConstructorAccessorImpl.newInstance(NativeConstructorAccessorImpl.java:62)
	at java.base/jdk.internal.reflect.DelegatingConstructorAccessorImpl.newInstance(DelegatingConstructorAccessorImpl.java:45)
	at java.base/java.lang.reflect.Constructor.newInstance(Constructor.java:490)
	at ptolemy.util.test.junit.AutoKnownFailedTests.RunModel(AutoKnownFailedTests.java:105)
	at java.base/jdk.internal.reflect.NativeMethodAccessorImpl.invoke0(Native Method)
	at java.base/jdk.internal.reflect.NativeMethodAccessorImpl.invoke(NativeMethodAccessorImpl.java:62)
	at java.base/jdk.internal.reflect.DelegatingMethodAccessorImpl.invoke(DelegatingMethodAccessorImpl.java:43)
	at java.base/java.lang.reflect.Method.invoke(Method.java:566)
	at org.junit.runners.model.FrameworkMethod$1.runReflectiveCall(FrameworkMethod.java:44)
	at org.junit.internal.runners.model.ReflectiveCallable.run(ReflectiveCallable.java:15)
	at org.junit.runners.model.FrameworkMethod.invokeExplosively(FrameworkMethod.java:41)
	at junitparams.internal.InvokeParameterisedMethod.evaluate(InvokeParameterisedMethod.java:102)
	at org.junit.internal.runners.statements.FailOnTimeout$1.run(FailOnTimeout.java:28)
Caused by: ptolemy.kernel.util.IllegalActionException: Unknown inputs remain. Possible causality loop:
L_model_1893289564i

  in .CannotAnalysisWithPreemption.model_1893289564_region_1 and .CannotAnalysisWithPreemption.model_1893289564_region_1.L_model_1893289564i
	at ptolemy.actor.sched.FixedPointDirector.postfire(FixedPointDirector.java:515)
	at ptolemy.domains.sr.kernel.SRDirector.postfire(SRDirector.java:417)
	at ptolemy.actor.CompositeActor.postfire(CompositeActor.java:1668)
	at ptolemy.actor.Manager.iterate(Manager.java:852)
	at ptolemy.actor.Manager.execute(Manager.java:369)
	at ptolemy.actor.Manager.run(Manager.java:1263)
	at ptolemy.actor.Manager$PtolemyRunThread.run(Manager.java:1915)
]]></system-err>
</testsuite>
