<?xml version="1.0" encoding="UTF-8" ?>
<testsuite errors="0" failures="0" hostname="travis-job-693b6e30-1af6-4c10-9a32-6bd41d30ca67" name="ptolemy.domains.de.test.junit.JUnitTclTest" skipped="0" tests="101" time="122.482" timestamp="2020-07-22T15:08:48">
  <properties>
[...]
</properties>
  <testcase classname="ptolemy.util.test.junit.TclTests" name="[0] /home/travis/build/icyphy/ptII/ptolemy/domains/de/test/DependencyLoop.tcl (RunTclFile)" time="0.901" />
  <testcase classname="ptolemy.util.test.junit.TclTests" name="[1] /home/travis/build/icyphy/ptII/ptolemy/domains/de/test/RunDETestsAsQSS.tcl (RunTclFile)" time="82.404" />
  <testcase classname="ptolemy.util.test.junit.AutoKnownFailedTests" name="[0] /home/travis/build/icyphy/ptII/ptolemy/domains/de/test/auto/knownFailedTests/DESDFClockTest.xml (RunModel)" time="2.061" />
  <testcase classname="ptolemy.util.test.junit.AutoKnownFailedTests" name="[1] /home/travis/build/icyphy/ptII/ptolemy/domains/de/test/auto/knownFailedTests/DirectFeedback.xml (RunModel)" time="0.014" />
  <testcase classname="ptolemy.util.test.junit.AutoKnownFailedTests" name="[2] /home/travis/build/icyphy/ptII/ptolemy/domains/de/test/auto/knownFailedTests/FSMSource.xml (RunModel)" time="0.021" />
  <testcase classname="ptolemy.util.test.junit.AutoKnownFailedTests" name="[3] /home/travis/build/icyphy/ptII/ptolemy/domains/de/test/auto/knownFailedTests/HierarchicalModel.xml (RunModel)" time="0.043" />
  <testcase classname="ptolemy.util.test.junit.AutoKnownFailedTests" name="[4] /home/travis/build/icyphy/ptII/ptolemy/domains/de/test/auto/knownFailedTests/dependencyLoop.xml (RunModel)" time="0.035" />
  <testcase classname="ptolemy.util.test.junit.AutoKnownFailedTests" name="[5] /home/travis/build/icyphy/ptII/ptolemy/domains/de/test/auto/knownFailedTests/dependencyLoop2.xml (RunModel)" time="0.039" />
  <testcase classname="ptolemy.util.test.junit.AutoNameArchTests" name="[0] ThereAreNoAutoArchTests (RunModel)" time="0.003" />
  <testcase classname="ptolemy.util.test.junit.AutoTests" name="[0] /home/travis/build/icyphy/ptII/ptolemy/domains/de/test/auto/ActorDepthCalculation_actorWithoutPorts.xml (RunModel)" time="0.022" />
  <testcase classname="ptolemy.util.test.junit.AutoTests" name="[1] /home/travis/build/icyphy/ptII/ptolemy/domains/de/test/auto/AssemblyLine.xml (RunModel)" time="0.019" />
  <testcase classname="ptolemy.util.test.junit.AutoTests" name="[2] /home/travis/build/icyphy/ptII/ptolemy/domains/de/test/auto/CQBug1.xml (RunModel)" time="0.009" />
  <testcase classname="ptolemy.util.test.junit.AutoTests" name="[3] /home/travis/build/icyphy/ptII/ptolemy/domains/de/test/auto/CancelFireAt.xml (RunModel)" time="0.015" />
  <testcase classname="ptolemy.util.test.junit.AutoTests" name="[4] /home/travis/build/icyphy/ptII/ptolemy/domains/de/test/auto/CausalityAndComposabilityAnalysis.xml (RunModel)" time="0.009" />
  <testcase classname="ptolemy.util.test.junit.AutoTests" name="[5] /home/travis/build/icyphy/ptII/ptolemy/domains/de/test/auto/CausalityInterface1.xml (RunModel)" time="0.017" />
  <testcase classname="ptolemy.util.test.junit.AutoTests" name="[6] /home/travis/build/icyphy/ptII/ptolemy/domains/de/test/auto/CausalityInterface15.xml (RunModel)" time="0.013" />
  <testcase classname="ptolemy.util.test.junit.AutoTests" name="[7] /home/travis/build/icyphy/ptII/ptolemy/domains/de/test/auto/CausalityInterface2.xml (RunModel)" time="0.014" />
  <testcase classname="ptolemy.util.test.junit.AutoTests" name="[8] /home/travis/build/icyphy/ptII/ptolemy/domains/de/test/auto/CausalityInterface3.xml (RunModel)" time="0.011" />
  <testcase classname="ptolemy.util.test.junit.AutoTests" name="[9] /home/travis/build/icyphy/ptII/ptolemy/domains/de/test/auto/ClockDrift.xml (RunModel)" time="0.035" />
  <testcase classname="ptolemy.util.test.junit.AutoTests" name="[10] /home/travis/build/icyphy/ptII/ptolemy/domains/de/test/auto/ClockDriftAndValueChange.xml (RunModel)" time="0.031" />
  <testcase classname="ptolemy.util.test.junit.AutoTests" name="[11] /home/travis/build/icyphy/ptII/ptolemy/domains/de/test/auto/ClockDriftChange.xml (RunModel)" time="0.03" />
  <testcase classname="ptolemy.util.test.junit.AutoTests" name="[12] /home/travis/build/icyphy/ptII/ptolemy/domains/de/test/auto/ComposableCausalityAnalysis.xml (RunModel)" time="0.017" />
  <testcase classname="ptolemy.util.test.junit.AutoTests" name="[13] /home/travis/build/icyphy/ptII/ptolemy/domains/de/test/auto/DEFixedPointLimitation.xml (RunModel)" time="0.009" />
  <testcase classname="ptolemy.util.test.junit.AutoTests" name="[14] /home/travis/build/icyphy/ptII/ptolemy/domains/de/test/auto/DEScheduleTest.xml (RunModel)" time="0.013" />
  <testcase classname="ptolemy.util.test.junit.AutoTests" name="[15] /home/travis/build/icyphy/ptII/ptolemy/domains/de/test/auto/DEinDEwithStartTimes.xml (RunModel)" time="0.013" />
  <testcase classname="ptolemy.util.test.junit.AutoTests" name="[16] /home/travis/build/icyphy/ptII/ptolemy/domains/de/test/auto/DEinDEwithStartTimes2.xml (RunModel)" time="0.024" />
  <testcase classname="ptolemy.util.test.junit.AutoTests" name="[17] /home/travis/build/icyphy/ptII/ptolemy/domains/de/test/auto/DateDemo.xml (RunModel)" time="0.033" />
  <testcase classname="ptolemy.util.test.junit.AutoTests" name="[18] /home/travis/build/icyphy/ptII/ptolemy/domains/de/test/auto/DateToEvent.xml (RunModel)" time="2.046" />
  <testcase classname="ptolemy.util.test.junit.AutoTests" name="[19] /home/travis/build/icyphy/ptII/ptolemy/domains/de/test/auto/DepthTest1.xml (RunModel)" time="0.006" />
  <testcase classname="ptolemy.util.test.junit.AutoTests" name="[20] /home/travis/build/icyphy/ptII/ptolemy/domains/de/test/auto/DepthTest2.xml (RunModel)" time="0.017" />
  <testcase classname="ptolemy.util.test.junit.AutoTests" name="[21] /home/travis/build/icyphy/ptII/ptolemy/domains/de/test/auto/DepthTest3.xml (RunModel)" time="0.007" />
  <testcase classname="ptolemy.util.test.junit.AutoTests" name="[22] /home/travis/build/icyphy/ptII/ptolemy/domains/de/test/auto/DepthTest4.xml (RunModel)" time="0.01" />
  <testcase classname="ptolemy.util.test.junit.AutoTests" name="[23] /home/travis/build/icyphy/ptII/ptolemy/domains/de/test/auto/DepthTest5.xml (RunModel)" time="0.014" />
  <testcase classname="ptolemy.util.test.junit.AutoTests" name="[24] /home/travis/build/icyphy/ptII/ptolemy/domains/de/test/auto/DepthTest6.xml (RunModel)" time="0.014" />
  <testcase classname="ptolemy.util.test.junit.AutoTests" name="[25] /home/travis/build/icyphy/ptII/ptolemy/domains/de/test/auto/DepthTest7.xml (RunModel)" time="0.009" />
  <testcase classname="ptolemy.util.test.junit.AutoTests" name="[26] /home/travis/build/icyphy/ptII/ptolemy/domains/de/test/auto/EventToDate.xml (RunModel)" time="3.054" />
  <testcase classname="ptolemy.util.test.junit.AutoTests" name="[27] /home/travis/build/icyphy/ptII/ptolemy/domains/de/test/auto/FSM1.xml (RunModel)" time="0.042" />
  <testcase classname="ptolemy.util.test.junit.AutoTests" name="[28] /home/travis/build/icyphy/ptII/ptolemy/domains/de/test/auto/FSM7.xml (RunModel)" time="0.036" />
  <testcase classname="ptolemy.util.test.junit.AutoTests" name="[29] /home/travis/build/icyphy/ptII/ptolemy/domains/de/test/auto/Inspection.xml (RunModel)" time="0.042" />
  <testcase classname="ptolemy.util.test.junit.AutoTests" name="[30] /home/travis/build/icyphy/ptII/ptolemy/domains/de/test/auto/Iteration.xml (RunModel)" time="0.023" />
  <testcase classname="ptolemy.util.test.junit.AutoTests" name="[31] /home/travis/build/icyphy/ptII/ptolemy/domains/de/test/auto/LineFault.xml (RunModel)" time="0.504" />
  <testcase classname="ptolemy.util.test.junit.AutoTests" name="[32] /home/travis/build/icyphy/ptII/ptolemy/domains/de/test/auto/MergeModel1Add.xml (RunModel)" time="0.039" />
  <testcase classname="ptolemy.util.test.junit.AutoTests" name="[33] /home/travis/build/icyphy/ptII/ptolemy/domains/de/test/auto/MergeModel2Add.xml (RunModel)" time="0.037" />
  <testcase classname="ptolemy.util.test.junit.AutoTests" name="[34] /home/travis/build/icyphy/ptII/ptolemy/domains/de/test/auto/MergeModel3Add.xml (RunModel)" time="0.036" />
  <testcase classname="ptolemy.util.test.junit.AutoTests" name="[35] /home/travis/build/icyphy/ptII/ptolemy/domains/de/test/auto/MergeWithoutDiscard.xml (RunModel)" time="0.01" />
  <testcase classname="ptolemy.util.test.junit.AutoTests" name="[36] /home/travis/build/icyphy/ptII/ptolemy/domains/de/test/auto/Modal1.xml (RunModel)" time="0.033" />
  <testcase classname="ptolemy.util.test.junit.AutoTests" name="[37] /home/travis/build/icyphy/ptII/ptolemy/domains/de/test/auto/Modal2.xml (RunModel)" time="0.029" />
  <testcase classname="ptolemy.util.test.junit.AutoTests" name="[38] /home/travis/build/icyphy/ptII/ptolemy/domains/de/test/auto/Modal3.xml (RunModel)" time="0.028" />
  <testcase classname="ptolemy.util.test.junit.AutoTests" name="[39] /home/travis/build/icyphy/ptII/ptolemy/domains/de/test/auto/Modal4.xml (RunModel)" time="0.031" />
  <testcase classname="ptolemy.util.test.junit.AutoTests" name="[40] /home/travis/build/icyphy/ptII/ptolemy/domains/de/test/auto/Modal5.xml (RunModel)" time="0.03" />
  <testcase classname="ptolemy.util.test.junit.AutoTests" name="[41] /home/travis/build/icyphy/ptII/ptolemy/domains/de/test/auto/Modal6.xml (RunModel)" time="0.022" />
  <testcase classname="ptolemy.util.test.junit.AutoTests" name="[42] /home/travis/build/icyphy/ptII/ptolemy/domains/de/test/auto/Modal7.xml (RunModel)" time="0.026" />
  <testcase classname="ptolemy.util.test.junit.AutoTests" name="[43] /home/travis/build/icyphy/ptII/ptolemy/domains/de/test/auto/ModalModel.xml (RunModel)" time="0.161" />
  <testcase classname="ptolemy.util.test.junit.AutoTests" name="[44] /home/travis/build/icyphy/ptII/ptolemy/domains/de/test/auto/ModalSource.xml (RunModel)" time="0.026" />
  <testcase classname="ptolemy.util.test.junit.AutoTests" name="[45] /home/travis/build/icyphy/ptII/ptolemy/domains/de/test/auto/NonInterruptibleTimerZeroDelay.xml (RunModel)" time="0.012" />
  <testcase classname="ptolemy.util.test.junit.AutoTests" name="[46] /home/travis/build/icyphy/ptII/ptolemy/domains/de/test/auto/OpenQueueingNetwork.xml (RunModel)" time="2.325" />
  <testcase classname="ptolemy.util.test.junit.AutoTests" name="[47] /home/travis/build/icyphy/ptII/ptolemy/domains/de/test/auto/OpenQueuingNetwork.xml (RunModel)" time="0.259" />
  <testcase classname="ptolemy.util.test.junit.AutoTests" name="[48] /home/travis/build/icyphy/ptII/ptolemy/domains/de/test/auto/PeriodicSampler.xml (RunModel)" time="0.011" />
  <testcase classname="ptolemy.util.test.junit.AutoTests" name="[49] /home/travis/build/icyphy/ptII/ptolemy/domains/de/test/auto/PersistentIO.xml (RunModel)" time="0.017" />
  <testcase classname="ptolemy.util.test.junit.AutoTests" name="[50] /home/travis/build/icyphy/ptII/ptolemy/domains/de/test/auto/PortParameterResetOnInitialize.xml (RunModel)" time="0.008" />
  <testcase classname="ptolemy.util.test.junit.AutoTests" name="[51] /home/travis/build/icyphy/ptII/ptolemy/domains/de/test/auto/PortParameterUpdates.xml (RunModel)" time="0.014" />
  <testcase classname="ptolemy.util.test.junit.AutoTests" name="[52] /home/travis/build/icyphy/ptII/ptolemy/domains/de/test/auto/QueueAndServer.xml (RunModel)" time="0.018" />
  <testcase classname="ptolemy.util.test.junit.AutoTests" name="[53] /home/travis/build/icyphy/ptII/ptolemy/domains/de/test/auto/Records.xml (RunModel)" time="0.013" />
  <testcase classname="ptolemy.util.test.junit.AutoTests" name="[54] /home/travis/build/icyphy/ptII/ptolemy/domains/de/test/auto/ResetTransitionWithStartTime1.xml (RunModel)" time="0.014" />
  <testcase classname="ptolemy.util.test.junit.AutoTests" name="[55] /home/travis/build/icyphy/ptII/ptolemy/domains/de/test/auto/ResetTransitionWithStartTime2.xml (RunModel)" time="0.013" />
  <testcase classname="ptolemy.util.test.junit.AutoTests" name="[56] /home/travis/build/icyphy/ptII/ptolemy/domains/de/test/auto/ResetTransitionWithStartTime3.xml (RunModel)" time="0.018" />
  <testcase classname="ptolemy.util.test.junit.AutoTests" name="[57] /home/travis/build/icyphy/ptII/ptolemy/domains/de/test/auto/ResetTransitionWithStartTime4.xml (RunModel)" time="0.015" />
  <testcase classname="ptolemy.util.test.junit.AutoTests" name="[58] /home/travis/build/icyphy/ptII/ptolemy/domains/de/test/auto/ResettableTimer1.xml (RunModel)" time="0.009" />
  <testcase classname="ptolemy.util.test.junit.AutoTests" name="[59] /home/travis/build/icyphy/ptII/ptolemy/domains/de/test/auto/ResettableTimer2.xml (RunModel)" time="0.009" />
  <testcase classname="ptolemy.util.test.junit.AutoTests" name="[60] /home/travis/build/icyphy/ptII/ptolemy/domains/de/test/auto/ResettableTimer3.xml (RunModel)" time="0.008" />
  <testcase classname="ptolemy.util.test.junit.AutoTests" name="[61] /home/travis/build/icyphy/ptII/ptolemy/domains/de/test/auto/ResettableTimer4.xml (RunModel)" time="0.008" />
  <testcase classname="ptolemy.util.test.junit.AutoTests" name="[62] /home/travis/build/icyphy/ptII/ptolemy/domains/de/test/auto/ResettableTimer5.xml (RunModel)" time="0.009" />
  <testcase classname="ptolemy.util.test.junit.AutoTests" name="[63] /home/travis/build/icyphy/ptII/ptolemy/domains/de/test/auto/ResettableTimer6.xml (RunModel)" time="0.015" />
  <testcase classname="ptolemy.util.test.junit.AutoTests" name="[64] /home/travis/build/icyphy/ptII/ptolemy/domains/de/test/auto/ServerZeroDelay.xml (RunModel)" time="0.012" />
  <testcase classname="ptolemy.util.test.junit.AutoTests" name="[65] /home/travis/build/icyphy/ptII/ptolemy/domains/de/test/auto/SmartSender.xml (RunModel)" time="3.01" />
  <testcase classname="ptolemy.util.test.junit.AutoTests" name="[66] /home/travis/build/icyphy/ptII/ptolemy/domains/de/test/auto/ThreadedComposite.xml (RunModel)" time="0.104" />
  <testcase classname="ptolemy.util.test.junit.AutoTests" name="[67] /home/travis/build/icyphy/ptII/ptolemy/domains/de/test/auto/Time.xml (RunModel)" time="0.348" />
  <testcase classname="ptolemy.util.test.junit.AutoTests" name="[68] /home/travis/build/icyphy/ptII/ptolemy/domains/de/test/auto/TimeDelayZeroDelay.xml (RunModel)" time="0.01" />
  <testcase classname="ptolemy.util.test.junit.AutoTests" name="[69] /home/travis/build/icyphy/ptII/ptolemy/domains/de/test/auto/TimerZeroDelay.xml (RunModel)" time="0.009" />
  <testcase classname="ptolemy.util.test.junit.AutoTests" name="[70] /home/travis/build/icyphy/ptII/ptolemy/domains/de/test/auto/TimingParadox.xml (RunModel)" time="0.298" />
  <testcase classname="ptolemy.util.test.junit.AutoTests" name="[71] /home/travis/build/icyphy/ptII/ptolemy/domains/de/test/auto/TransferInputs.xml (RunModel)" time="0.012" />
  <testcase classname="ptolemy.util.test.junit.AutoTests" name="[72] /home/travis/build/icyphy/ptII/ptolemy/domains/de/test/auto/TransferOutputs2.xml (RunModel)" time="0.014" />
  <testcase classname="ptolemy.util.test.junit.AutoTests" name="[73] /home/travis/build/icyphy/ptII/ptolemy/domains/de/test/auto/Trilateration.xml (RunModel)" time="11.328" />
  <testcase classname="ptolemy.util.test.junit.AutoTests" name="[74] /home/travis/build/icyphy/ptII/ptolemy/domains/de/test/auto/TwoSigmaDelta.xml (RunModel)" time="1.818" />
  <testcase classname="ptolemy.util.test.junit.AutoTests" name="[75] /home/travis/build/icyphy/ptII/ptolemy/domains/de/test/auto/VariableDelay.xml (RunModel)" time="0.025" />
  <testcase classname="ptolemy.util.test.junit.AutoTests" name="[76] /home/travis/build/icyphy/ptII/ptolemy/domains/de/test/auto/VariableDelay2.xml (RunModel)" time="0.015" />
  <testcase classname="ptolemy.util.test.junit.AutoTests" name="[77] /home/travis/build/icyphy/ptII/ptolemy/domains/de/test/auto/VariableDelayZeroDelay.xml (RunModel)" time="0.01" />
  <testcase classname="ptolemy.util.test.junit.AutoTests" name="[78] /home/travis/build/icyphy/ptII/ptolemy/domains/de/test/auto/VariableDelayZeroDelay2.xml (RunModel)" time="0.007" />
  <testcase classname="ptolemy.util.test.junit.AutoTests" name="[79] /home/travis/build/icyphy/ptII/ptolemy/domains/de/test/auto/deInCt.xml (RunModel)" time="0.015" />
  <testcase classname="ptolemy.util.test.junit.AutoTests" name="[80] /home/travis/build/icyphy/ptII/ptolemy/domains/de/test/auto/deInCt2.xml (RunModel)" time="0.012" />
  <testcase classname="ptolemy.util.test.junit.AutoTests" name="[81] /home/travis/build/icyphy/ptII/ptolemy/domains/de/test/auto/dynamicCausalityInterface1.xml (RunModel)" time="0.023" />
  <testcase classname="ptolemy.util.test.junit.AutoTests" name="[82] /home/travis/build/icyphy/ptII/ptolemy/domains/de/test/auto/fsm_de_test.xml (RunModel)" time="0.017" />
  <testcase classname="ptolemy.util.test.junit.AutoTests" name="[83] /home/travis/build/icyphy/ptII/ptolemy/domains/de/test/auto/functionDependencyReconstruction.xml (RunModel)" time="0.025" />
  <testcase classname="ptolemy.util.test.junit.AutoTests" name="[84] /home/travis/build/icyphy/ptII/ptolemy/domains/de/test/auto/multirate.xml (RunModel)" time="0.013" />
  <testcase classname="ptolemy.util.test.junit.AutoTests" name="[85] /home/travis/build/icyphy/ptII/ptolemy/domains/de/test/auto/multirate2.xml (RunModel)" time="0.021" />
  <testcase classname="ptolemy.util.test.junit.AutoTests" name="[86] /home/travis/build/icyphy/ptII/ptolemy/domains/de/test/auto/realtime.xml (RunModel)" time="10.009" />
  <testcase classname="ptolemy.util.test.junit.AutoTests" name="[87] /home/travis/build/icyphy/ptII/ptolemy/domains/de/test/auto/relationGroup.xml (RunModel)" time="0.01" />
  <testcase classname="ptolemy.util.test.junit.AutoTests" name="[88] /home/travis/build/icyphy/ptII/ptolemy/domains/de/test/auto/relationGroup2.xml (RunModel)" time="0.005" />
  <testcase classname="ptolemy.util.test.junit.AutoTests" name="[89] /home/travis/build/icyphy/ptII/ptolemy/domains/de/test/auto/sortWithOpaquePorts.xml (RunModel)" time="0.007" />
  <testcase classname="ptolemy.util.test.junit.AutoTests" name="[90] /home/travis/build/icyphy/ptII/ptolemy/domains/de/test/auto/transferInputsandOutputs.xml (RunModel)" time="0.012" />
  <testcase classname="ptolemy.util.test.junit.AutoTests" name="[91] /home/travis/build/icyphy/ptII/ptolemy/domains/de/test/auto/triggerType.xml (RunModel)" time="0.006" />
  <system-out><![CDATA[/home/travis/build/icyphy/ptII/ptolemy/domains/de/test/DependencyLoop.tcl
testDefs.tcl: setting time out to 9000 seconds at Wed Jul 22 15:08:48 UTC 2020
82 ms. Memory: 129024K Free: 78274K (61%)
20 ms. Memory: 129024K Free: 60859K (47%)
/home/travis/build/icyphy/ptII/ptolemy/domains/de/test/RunDETestsAsQSS.tcl
Run the DE tests using ptolemy.domains.qss.test.QSSDirectorTest, which extends QSSDirector and prints a message in the constructors.
------------------ testing $PTII/ptolemy/domains/de/test/auto/knownFailedTests/DirectFeedback.xml (Known Failure) 
56 ms. Memory: 129024K Free: 55236K (43%)


==== $PTIIhome/travis/build/icyphy/ptII/ptolemy/domains/de/test/../../../../: Auto Automatic test in file $PTII/ptolemy/domains/de/test/auto/knownFailedTests/DirectFeedback.xml
==== Contents of test case:

	    # FIXME: we should use $relativeFilename here, but it
	    # might have backslashes under Windows, which causes no end
	    # of trouble.
	    createAndExecute $file
	    list {}
	
.... Test generated KNOWN error:
    while executing
ptolemy.kernel.util.IllegalActionException: Test fails in iteration 1.
Value was: 1.0. Should have been: 2.0
  in .DirectFeedback.Test
	at ptolemy.actor.lib.Test.fire(Test.java:268)
	at ptolemy.domains.de.kernel.DEDirector._fire(DEDirector.java:1949)
	at ptolemy.domains.de.kernel.DEDirector.fire(DEDirector.java:502)
	at ptolemy.actor.CompositeActor.fire(CompositeActor.java:455)
	at ptolemy.actor.Manager.iterate(Manager.java:851)
	at ptolemy.actor.Manager.execute(Manager.java:369)
	at ptolemy.actor.Manager.run(Manager.java:1263)
	at ptolemy.actor.Manager$PtolemyRunThread.run(Manager.java:1933)

    while executing
ptolemy.kernel.util.IllegalActionException: Test fails in iteration 1.
Value was: 1.0. Should have been: 2.0
  in .DirectFeedback.Test
    while executing
"java::new ptolemy.moml.MoMLSimpleApplication $file
"
    (procedure "createAndExecute" line 2)
    invoked from within
"createAndExecute $file"
    ("uplevel" body line 5)
    invoked from within
"uplevel $contents_of_test"
------------------ testing $PTII/ptolemy/domains/de/test/auto/knownFailedTests/dependencyLoop.xml (Known Failure) 
9 ms. Memory: 129024K Free: 52164K (40%)


==== $PTIIhome/travis/build/icyphy/ptII/ptolemy/domains/de/test/../../../../: Auto Automatic test in file $PTII/ptolemy/domains/de/test/auto/knownFailedTests/dependencyLoop.xml
==== Contents of test case:

	    # FIXME: we should use $relativeFilename here, but it
	    # might have backslashes under Windows, which causes no end
	    # of trouble.
	    createAndExecute $file
	    list {}
	
.... Test generated KNOWN error:
    while executing
ptolemy.kernel.util.IllegalActionException: Found a zero delay loop containing .dependencyLoop.original
  in .dependencyLoop and .dependencyLoop.original
	at ptolemy.actor.util.CausalityInterfaceForComposites._computeOutputPortDepth(CausalityInterfaceForComposites.java:759)
	at ptolemy.actor.util.CausalityInterfaceForComposites._computeInputDepth(CausalityInterfaceForComposites.java:696)
	at ptolemy.actor.util.CausalityInterfaceForComposites._computeOutputPortDepth(CausalityInterfaceForComposites.java:765)
	at ptolemy.actor.util.CausalityInterfaceForComposites._computeInputDepth(CausalityInterfaceForComposites.java:696)
	at ptolemy.actor.util.CausalityInterfaceForComposites._computeOutputPortDepth(CausalityInterfaceForComposites.java:765)
	at ptolemy.actor.util.CausalityInterfaceForComposites._computeInputDepth(CausalityInterfaceForComposites.java:696)
	at ptolemy.actor.util.CausalityInterfaceForComposites._computeActorDepth(CausalityInterfaceForComposites.java:532)
	at ptolemy.actor.util.CausalityInterfaceForComposites.checkForCycles(CausalityInterfaceForComposites.java:96)
	at ptolemy.domains.de.kernel.DEDirector.preinitialize(DEDirector.java:1338)
	at ptolemy.actor.CompositeActor.preinitialize(CompositeActor.java:1828)
	at ptolemy.actor.Manager.preinitializeAndResolveTypes(Manager.java:1040)
	at ptolemy.actor.Manager.initialize(Manager.java:710)
	at ptolemy.actor.Manager.execute(Manager.java:356)
	at ptolemy.actor.Manager.run(Manager.java:1263)
	at ptolemy.actor.Manager$PtolemyRunThread.run(Manager.java:1933)

    while executing
ptolemy.kernel.util.IllegalActionException: Found a zero delay loop containing .dependencyLoop.original
  in .dependencyLoop and .dependencyLoop.original
    while executing
"java::new ptolemy.moml.MoMLSimpleApplication $file
"
    (procedure "createAndExecute" line 2)
    invoked from within
"createAndExecute $file"
    ("uplevel" body line 5)
    invoked from within
"uplevel $contents_of_test"
------------------ testing $PTII/ptolemy/domains/de/test/auto/knownFailedTests/FSMSource.xml (Known Failure) 
55 ms. Memory: 129024K Free: 110369K (86%)
!!!! Auto was marked as failing, but now passes
------------------ testing $PTII/ptolemy/domains/de/test/auto/knownFailedTests/HierarchicalModel.xml (Known Failure) 
5 ms. Memory: 129024K Free: 93302K (72%)


==== $PTIIhome/travis/build/icyphy/ptII/ptolemy/domains/de/test/../../../../: Auto Automatic test in file $PTII/ptolemy/domains/de/test/auto/knownFailedTests/HierarchicalModel.xml
==== Contents of test case:

	    # FIXME: we should use $relativeFilename here, but it
	    # might have backslashes under Windows, which causes no end
	    # of trouble.
	    createAndExecute $file
	    list {}
	
.... Test generated KNOWN error:
    while executing
ptolemy.kernel.util.IllegalActionException: Found a zero delay loop containing .HierarchicalModel.A
  in .HierarchicalModel and .HierarchicalModel.A
	at ptolemy.actor.util.CausalityInterfaceForComposites._computeOutputPortDepth(CausalityInterfaceForComposites.java:759)
	at ptolemy.actor.util.CausalityInterfaceForComposites._computeInputDepth(CausalityInterfaceForComposites.java:696)
	at ptolemy.actor.util.CausalityInterfaceForComposites._computeOutputPortDepth(CausalityInterfaceForComposites.java:765)
	at ptolemy.actor.util.CausalityInterfaceForComposites._computeInputDepth(CausalityInterfaceForComposites.java:696)
	at ptolemy.actor.util.CausalityInterfaceForComposites._computeOutputPortDepth(CausalityInterfaceForComposites.java:765)
	at ptolemy.actor.util.CausalityInterfaceForComposites._computeInputDepth(CausalityInterfaceForComposites.java:696)
	at ptolemy.actor.util.CausalityInterfaceForComposites._computeActorDepth(CausalityInterfaceForComposites.java:532)
	at ptolemy.actor.util.CausalityInterfaceForComposites.checkForCycles(CausalityInterfaceForComposites.java:96)
	at ptolemy.domains.de.kernel.DEDirector.preinitialize(DEDirector.java:1338)
	at ptolemy.actor.CompositeActor.preinitialize(CompositeActor.java:1828)
	at ptolemy.actor.Manager.preinitializeAndResolveTypes(Manager.java:1040)
	at ptolemy.actor.Manager.initialize(Manager.java:710)
	at ptolemy.actor.Manager.execute(Manager.java:356)
	at ptolemy.actor.Manager.run(Manager.java:1263)
	at ptolemy.actor.Manager$PtolemyRunThread.run(Manager.java:1933)

    while executing
ptolemy.kernel.util.IllegalActionException: Found a zero delay loop containing .HierarchicalModel.A
  in .HierarchicalModel and .HierarchicalModel.A
    while executing
"java::new ptolemy.moml.MoMLSimpleApplication $file
"
    (procedure "createAndExecute" line 2)
    invoked from within
"createAndExecute $file"
    ("uplevel" body line 5)
    invoked from within
"uplevel $contents_of_test"
------------------ testing $PTII/ptolemy/domains/de/test/auto/knownFailedTests/dependencyLoop2.xml (Known Failure) 
4 ms. Memory: 129024K Free: 77655K (60%)


==== $PTIIhome/travis/build/icyphy/ptII/ptolemy/domains/de/test/../../../../: Auto Automatic test in file $PTII/ptolemy/domains/de/test/auto/knownFailedTests/dependencyLoop2.xml
==== Contents of test case:

	    # FIXME: we should use $relativeFilename here, but it
	    # might have backslashes under Windows, which causes no end
	    # of trouble.
	    createAndExecute $file
	    list {}
	
.... Test generated KNOWN error:
    while executing
ptolemy.kernel.util.IllegalActionException: Found a zero delay loop containing .dependencyLoop2.original
  in .dependencyLoop2 and .dependencyLoop2.original
	at ptolemy.actor.util.CausalityInterfaceForComposites._computeOutputPortDepth(CausalityInterfaceForComposites.java:759)
	at ptolemy.actor.util.CausalityInterfaceForComposites._computeInputDepth(CausalityInterfaceForComposites.java:696)
	at ptolemy.actor.util.CausalityInterfaceForComposites._computeOutputPortDepth(CausalityInterfaceForComposites.java:765)
	at ptolemy.actor.util.CausalityInterfaceForComposites._computeInputDepth(CausalityInterfaceForComposites.java:696)
	at ptolemy.actor.util.CausalityInterfaceForComposites._computeOutputPortDepth(CausalityInterfaceForComposites.java:765)
	at ptolemy.actor.util.CausalityInterfaceForComposites._computeInputDepth(CausalityInterfaceForComposites.java:696)
	at ptolemy.actor.util.CausalityInterfaceForComposites._computeActorDepth(CausalityInterfaceForComposites.java:532)
	at ptolemy.actor.util.CausalityInterfaceForComposites.checkForCycles(CausalityInterfaceForComposites.java:96)
	at ptolemy.domains.de.kernel.DEDirector.preinitialize(DEDirector.java:1338)
	at ptolemy.actor.CompositeActor.preinitialize(CompositeActor.java:1828)
	at ptolemy.actor.Manager.preinitializeAndResolveTypes(Manager.java:1040)
	at ptolemy.actor.Manager.initialize(Manager.java:710)
	at ptolemy.actor.Manager.execute(Manager.java:356)
	at ptolemy.actor.Manager.run(Manager.java:1263)
	at ptolemy.actor.Manager$PtolemyRunThread.run(Manager.java:1933)

    while executing
ptolemy.kernel.util.IllegalActionException: Found a zero delay loop containing .dependencyLoop2.original
  in .dependencyLoop2 and .dependencyLoop2.original
    while executing
"java::new ptolemy.moml.MoMLSimpleApplication $file
"
    (procedure "createAndExecute" line 2)
    invoked from within
"createAndExecute $file"
    ("uplevel" body line 5)
    invoked from within
"uplevel $contents_of_test"
------------------ testing $PTII/ptolemy/domains/de/test/auto/knownFailedTests/DESDFClockTest.xml (Known Failure) 
2041 ms. Memory: 129024K Free: 106912K (83%)


==== $PTIIhome/travis/build/icyphy/ptII/ptolemy/domains/de/test/../../../../: Auto Automatic test in file $PTII/ptolemy/domains/de/test/auto/knownFailedTests/DESDFClockTest.xml
==== Contents of test case:

	    # FIXME: we should use $relativeFilename here, but it
	    # might have backslashes under Windows, which causes no end
	    # of trouble.
	    createAndExecute $file
	    list {}
	
.... Test generated KNOWN error:
    while executing
ptolemy.kernel.util.IllegalActionException: Actor is not ready to fire.  Perhaps UpSample.prefire() returned false? Try debugging the actor by selecting "Listen to Actor".  Also, for SDF check moml for tokenConsumptionRate on input.
  in .DESDFClockTest.Play Bell.Copy1:SDF Director and .DESDFClockTest.Play Bell.UpSample
	at ptolemy.actor.sched.StaticSchedulingDirector.fire(StaticSchedulingDirector.java:227)
	at ptolemy.domains.sdf.kernel.SDFDirector.fire(SDFDirector.java:500)
	at ptolemy.actor.CompositeActor.fire(CompositeActor.java:455)
	at ptolemy.domains.de.kernel.DEDirector._fire(DEDirector.java:1949)
	at ptolemy.domains.de.kernel.DEDirector.fire(DEDirector.java:502)
	at ptolemy.actor.CompositeActor.fire(CompositeActor.java:455)
	at ptolemy.actor.Manager.iterate(Manager.java:851)
	at ptolemy.actor.Manager.execute(Manager.java:369)
	at ptolemy.actor.Manager.run(Manager.java:1263)
	at ptolemy.actor.Manager$PtolemyRunThread.run(Manager.java:1933)

    while executing
ptolemy.kernel.util.IllegalActionException: Actor is not ready to fire.  Perhaps UpSample.prefire() returned false? Try debugging the actor by selecting "Listen to Actor".  Also, for SDF check moml for tokenConsumptionRate on input.
  in .DESDFClockTest.Play Bell.Copy1:SDF Director and .DESDFClockTest.Play Bell.UpSample
    while executing
"java::new ptolemy.moml.MoMLSimpleApplication $file
"
    (procedure "createAndExecute" line 2)
    invoked from within
"createAndExecute $file"
    ("uplevel" body line 5)
    invoked from within
"uplevel $contents_of_test"
------------------ testing $PTII/ptolemy/domains/de/test/auto/ActorDepthCalculation_actorWithoutPorts.xml
auto.tcl: Setting watchdog for 200 seconds at Wed Jul 22 15:08:52 UTC 2020
11 ms. Memory: 129024K Free: 99744K (77%)
ptolemy.util.test.WatchDog.cancel(): canceling Wed Jul 22 15:08:52 UTC 2020
auto.tcl: Setting watchdog for 200 seconds at Wed Jul 22 15:08:52 UTC 2020
4 ms. Memory: 129024K Free: 98192K (76%)
ptolemy.util.test.WatchDog.cancel(): canceling Wed Jul 22 15:08:52 UTC 2020
------------------ testing $PTII/ptolemy/domains/de/test/auto/AssemblyLine.xml
auto.tcl: Setting watchdog for 200 seconds at Wed Jul 22 15:08:52 UTC 2020
19 ms. Memory: 55296K Free: 32237K (58%)
ptolemy.util.test.WatchDog.cancel(): canceling Wed Jul 22 15:08:52 UTC 2020
auto.tcl: Setting watchdog for 200 seconds at Wed Jul 22 15:08:52 UTC 2020
22 ms. Memory: 55296K Free: 30825K (56%)
ptolemy.util.test.WatchDog.cancel(): canceling Wed Jul 22 15:08:53 UTC 2020
------------------ testing $PTII/ptolemy/domains/de/test/auto/CQBug1.xml
auto.tcl: Setting watchdog for 200 seconds at Wed Jul 22 15:08:53 UTC 2020
2 ms. Memory: 51200K Free: 33228K (65%)
ptolemy.util.test.WatchDog.cancel(): canceling Wed Jul 22 15:08:53 UTC 2020
auto.tcl: Setting watchdog for 200 seconds at Wed Jul 22 15:08:53 UTC 2020
2 ms. Memory: 51200K Free: 32801K (64%)
ptolemy.util.test.WatchDog.cancel(): canceling Wed Jul 22 15:08:53 UTC 2020
------------------ testing $PTII/ptolemy/domains/de/test/auto/CancelFireAt.xml
auto.tcl: Setting watchdog for 200 seconds at Wed Jul 22 15:08:53 UTC 2020
3 ms. Memory: 51200K Free: 34711K (68%)
ptolemy.util.test.WatchDog.cancel(): canceling Wed Jul 22 15:08:53 UTC 2020
auto.tcl: Setting watchdog for 200 seconds at Wed Jul 22 15:08:53 UTC 2020
5 ms. Memory: 51200K Free: 34217K (67%)
ptolemy.util.test.WatchDog.cancel(): canceling Wed Jul 22 15:08:53 UTC 2020
------------------ testing $PTII/ptolemy/domains/de/test/auto/CausalityAndComposabilityAnalysis.xml
auto.tcl: Setting watchdog for 200 seconds at Wed Jul 22 15:08:53 UTC 2020
20 ms. Memory: 51200K Free: 32387K (63%)
ptolemy.util.test.WatchDog.cancel(): canceling Wed Jul 22 15:08:53 UTC 2020
auto.tcl: Setting watchdog for 200 seconds at Wed Jul 22 15:08:53 UTC 2020
4 ms. Memory: 51200K Free: 31961K (62%)
ptolemy.util.test.WatchDog.cancel(): canceling Wed Jul 22 15:08:53 UTC 2020
------------------ testing $PTII/ptolemy/domains/de/test/auto/CausalityInterface1.xml
auto.tcl: Setting watchdog for 200 seconds at Wed Jul 22 15:08:53 UTC 2020
15 ms. Memory: 51200K Free: 31366K (61%)
ptolemy.util.test.WatchDog.cancel(): canceling Wed Jul 22 15:08:53 UTC 2020
auto.tcl: Setting watchdog for 200 seconds at Wed Jul 22 15:08:53 UTC 2020
4 ms. Memory: 51200K Free: 30390K (59%)
ptolemy.util.test.WatchDog.cancel(): canceling Wed Jul 22 15:08:53 UTC 2020
------------------ testing $PTII/ptolemy/domains/de/test/auto/CausalityInterface15.xml
auto.tcl: Setting watchdog for 200 seconds at Wed Jul 22 15:08:53 UTC 2020
10 ms. Memory: 51200K Free: 30944K (60%)
ptolemy.util.test.WatchDog.cancel(): canceling Wed Jul 22 15:08:53 UTC 2020
auto.tcl: Setting watchdog for 200 seconds at Wed Jul 22 15:08:53 UTC 2020
4 ms. Memory: 51200K Free: 30356K (59%)
ptolemy.util.test.WatchDog.cancel(): canceling Wed Jul 22 15:08:53 UTC 2020
------------------ testing $PTII/ptolemy/domains/de/test/auto/CausalityInterface2.xml
auto.tcl: Setting watchdog for 200 seconds at Wed Jul 22 15:08:53 UTC 2020
3 ms. Memory: 51200K Free: 32026K (63%)
ptolemy.util.test.WatchDog.cancel(): canceling Wed Jul 22 15:08:53 UTC 2020
auto.tcl: Setting watchdog for 200 seconds at Wed Jul 22 15:08:53 UTC 2020
2 ms. Memory: 51200K Free: 31339K (61%)
ptolemy.util.test.WatchDog.cancel(): canceling Wed Jul 22 15:08:53 UTC 2020
------------------ testing $PTII/ptolemy/domains/de/test/auto/CausalityInterface3.xml
auto.tcl: Setting watchdog for 200 seconds at Wed Jul 22 15:08:53 UTC 2020
3 ms. Memory: 51200K Free: 31545K (62%)
ptolemy.util.test.WatchDog.cancel(): canceling Wed Jul 22 15:08:53 UTC 2020
auto.tcl: Setting watchdog for 200 seconds at Wed Jul 22 15:08:53 UTC 2020
3 ms. Memory: 51200K Free: 31059K (61%)
ptolemy.util.test.WatchDog.cancel(): canceling Wed Jul 22 15:08:53 UTC 2020
------------------ testing $PTII/ptolemy/domains/de/test/auto/ClockDrift.xml
auto.tcl: Setting watchdog for 200 seconds at Wed Jul 22 15:08:53 UTC 2020
84 ms. Memory: 51200K Free: 23891K (47%)
ptolemy.util.test.WatchDog.cancel(): canceling Wed Jul 22 15:08:53 UTC 2020
auto.tcl: Setting watchdog for 200 seconds at Wed Jul 22 15:08:53 UTC 2020
41 ms. Memory: 51200K Free: 20683K (40%)
ptolemy.util.test.WatchDog.cancel(): canceling Wed Jul 22 15:08:53 UTC 2020
------------------ testing $PTII/ptolemy/domains/de/test/auto/ClockDriftAndValueChange.xml
auto.tcl: Setting watchdog for 200 seconds at Wed Jul 22 15:08:53 UTC 2020
46 ms. Memory: 51200K Free: 23973K (47%)
ptolemy.util.test.WatchDog.cancel(): canceling Wed Jul 22 15:08:53 UTC 2020
auto.tcl: Setting watchdog for 200 seconds at Wed Jul 22 15:08:53 UTC 2020
27 ms. Memory: 51200K Free: 20988K (41%)
ptolemy.util.test.WatchDog.cancel(): canceling Wed Jul 22 15:08:53 UTC 2020
------------------ testing $PTII/ptolemy/domains/de/test/auto/ClockDriftChange.xml
auto.tcl: Setting watchdog for 200 seconds at Wed Jul 22 15:08:53 UTC 2020
19 ms. Memory: 51200K Free: 26020K (51%)
ptolemy.util.test.WatchDog.cancel(): canceling Wed Jul 22 15:08:54 UTC 2020
auto.tcl: Setting watchdog for 200 seconds at Wed Jul 22 15:08:54 UTC 2020
26 ms. Memory: 51200K Free: 23483K (46%)
ptolemy.util.test.WatchDog.cancel(): canceling Wed Jul 22 15:08:54 UTC 2020
------------------ testing $PTII/ptolemy/domains/de/test/auto/ComposableCausalityAnalysis.xml
auto.tcl: Setting watchdog for 200 seconds at Wed Jul 22 15:08:54 UTC 2020
2 ms. Memory: 51200K Free: 30892K (60%)
ptolemy.util.test.WatchDog.cancel(): canceling Wed Jul 22 15:08:54 UTC 2020
auto.tcl: Setting watchdog for 200 seconds at Wed Jul 22 15:08:54 UTC 2020
4 ms. Memory: 51200K Free: 29810K (58%)
ptolemy.util.test.WatchDog.cancel(): canceling Wed Jul 22 15:08:54 UTC 2020
------------------ testing $PTII/ptolemy/domains/de/test/auto/DEFixedPointLimitation.xml
auto.tcl: Setting watchdog for 200 seconds at Wed Jul 22 15:08:54 UTC 2020
2 ms. Memory: 51200K Free: 32257K (63%)
ptolemy.util.test.WatchDog.cancel(): canceling Wed Jul 22 15:08:54 UTC 2020
auto.tcl: Setting watchdog for 200 seconds at Wed Jul 22 15:08:54 UTC 2020
1 ms. Memory: 51200K Free: 31358K (61%)
ptolemy.util.test.WatchDog.cancel(): canceling Wed Jul 22 15:08:54 UTC 2020
------------------ testing $PTII/ptolemy/domains/de/test/auto/DEScheduleTest.xml
auto.tcl: Setting watchdog for 200 seconds at Wed Jul 22 15:08:54 UTC 2020
4 ms. Memory: 51200K Free: 32588K (64%)
ptolemy.util.test.WatchDog.cancel(): canceling Wed Jul 22 15:08:54 UTC 2020
auto.tcl: Setting watchdog for 200 seconds at Wed Jul 22 15:08:54 UTC 2020
3 ms. Memory: 51200K Free: 31822K (62%)
ptolemy.util.test.WatchDog.cancel(): canceling Wed Jul 22 15:08:54 UTC 2020
------------------ testing $PTII/ptolemy/domains/de/test/auto/DEinDEwithStartTimes.xml
auto.tcl: Setting watchdog for 200 seconds at Wed Jul 22 15:08:54 UTC 2020
4 ms. Memory: 51200K Free: 30746K (60%)
ptolemy.util.test.WatchDog.cancel(): canceling Wed Jul 22 15:08:54 UTC 2020
auto.tcl: Setting watchdog for 200 seconds at Wed Jul 22 15:08:54 UTC 2020
4 ms. Memory: 51200K Free: 29722K (58%)
ptolemy.util.test.WatchDog.cancel(): canceling Wed Jul 22 15:08:54 UTC 2020
------------------ testing $PTII/ptolemy/domains/de/test/auto/DEinDEwithStartTimes2.xml
auto.tcl: Setting watchdog for 200 seconds at Wed Jul 22 15:08:54 UTC 2020
6 ms. Memory: 51200K Free: 29925K (58%)
ptolemy.util.test.WatchDog.cancel(): canceling Wed Jul 22 15:08:54 UTC 2020
auto.tcl: Setting watchdog for 200 seconds at Wed Jul 22 15:08:54 UTC 2020
3 ms. Memory: 51200K Free: 28677K (56%)
ptolemy.util.test.WatchDog.cancel(): canceling Wed Jul 22 15:08:54 UTC 2020
------------------ testing $PTII/ptolemy/domains/de/test/auto/DateDemo.xml
auto.tcl: Setting watchdog for 200 seconds at Wed Jul 22 15:08:54 UTC 2020
21 ms. Memory: 51200K Free: 24288K (47%)
ptolemy.util.test.WatchDog.cancel(): canceling Wed Jul 22 15:08:54 UTC 2020
auto.tcl: Setting watchdog for 200 seconds at Wed Jul 22 15:08:54 UTC 2020
6 ms. Memory: 51200K Free: 22657K (44%)
ptolemy.util.test.WatchDog.cancel(): canceling Wed Jul 22 15:08:54 UTC 2020
------------------ testing $PTII/ptolemy/domains/de/test/auto/DateToEvent.xml
auto.tcl: Setting watchdog for 200 seconds at Wed Jul 22 15:08:54 UTC 2020
2015 ms. Memory: 51200K Free: 20241K (40%)
ptolemy.util.test.WatchDog.cancel(): canceling Wed Jul 22 15:08:56 UTC 2020
auto.tcl: Setting watchdog for 200 seconds at Wed Jul 22 15:08:56 UTC 2020
2003 ms. Memory: 51200K Free: 19342K (38%)
ptolemy.util.test.WatchDog.cancel(): canceling Wed Jul 22 15:08:58 UTC 2020
------------------ testing $PTII/ptolemy/domains/de/test/auto/DepthTest1.xml
auto.tcl: Setting watchdog for 200 seconds at Wed Jul 22 15:08:58 UTC 2020
2 ms. Memory: 51200K Free: 33828K (66%)
ptolemy.util.test.WatchDog.cancel(): canceling Wed Jul 22 15:08:58 UTC 2020
auto.tcl: Setting watchdog for 200 seconds at Wed Jul 22 15:08:58 UTC 2020
2 ms. Memory: 51200K Free: 32918K (64%)
ptolemy.util.test.WatchDog.cancel(): canceling Wed Jul 22 15:08:58 UTC 2020
------------------ testing $PTII/ptolemy/domains/de/test/auto/DepthTest2.xml
auto.tcl: Setting watchdog for 200 seconds at Wed Jul 22 15:08:58 UTC 2020
2 ms. Memory: 51200K Free: 30190K (59%)
ptolemy.util.test.WatchDog.cancel(): canceling Wed Jul 22 15:08:58 UTC 2020
auto.tcl: Setting watchdog for 200 seconds at Wed Jul 22 15:08:58 UTC 2020
2 ms. Memory: 51200K Free: 29718K (58%)
ptolemy.util.test.WatchDog.cancel(): canceling Wed Jul 22 15:08:58 UTC 2020
------------------ testing $PTII/ptolemy/domains/de/test/auto/DepthTest3.xml
auto.tcl: Setting watchdog for 200 seconds at Wed Jul 22 15:08:58 UTC 2020
3 ms. Memory: 51200K Free: 33721K (66%)
ptolemy.util.test.WatchDog.cancel(): canceling Wed Jul 22 15:08:58 UTC 2020
auto.tcl: Setting watchdog for 200 seconds at Wed Jul 22 15:08:58 UTC 2020
2 ms. Memory: 51200K Free: 33245K (65%)
ptolemy.util.test.WatchDog.cancel(): canceling Wed Jul 22 15:08:58 UTC 2020
------------------ testing $PTII/ptolemy/domains/de/test/auto/DepthTest4.xml
auto.tcl: Setting watchdog for 200 seconds at Wed Jul 22 15:08:58 UTC 2020
4 ms. Memory: 51200K Free: 31960K (62%)
ptolemy.util.test.WatchDog.cancel(): canceling Wed Jul 22 15:08:58 UTC 2020
auto.tcl: Setting watchdog for 200 seconds at Wed Jul 22 15:08:58 UTC 2020
2 ms. Memory: 51200K Free: 31273K (61%)
ptolemy.util.test.WatchDog.cancel(): canceling Wed Jul 22 15:08:58 UTC 2020
------------------ testing $PTII/ptolemy/domains/de/test/auto/DepthTest5.xml
auto.tcl: Setting watchdog for 200 seconds at Wed Jul 22 15:08:58 UTC 2020
6 ms. Memory: 51200K Free: 31416K (61%)
ptolemy.util.test.WatchDog.cancel(): canceling Wed Jul 22 15:08:58 UTC 2020
auto.tcl: Setting watchdog for 200 seconds at Wed Jul 22 15:08:58 UTC 2020
3 ms. Memory: 51200K Free: 30679K (60%)
ptolemy.util.test.WatchDog.cancel(): canceling Wed Jul 22 15:08:58 UTC 2020
------------------ testing $PTII/ptolemy/domains/de/test/auto/DepthTest6.xml
auto.tcl: Setting watchdog for 200 seconds at Wed Jul 22 15:08:58 UTC 2020
4 ms. Memory: 51200K Free: 30834K (60%)
ptolemy.util.test.WatchDog.cancel(): canceling Wed Jul 22 15:08:58 UTC 2020
auto.tcl: Setting watchdog for 200 seconds at Wed Jul 22 15:08:58 UTC 2020
2 ms. Memory: 51200K Free: 30199K (59%)
ptolemy.util.test.WatchDog.cancel(): canceling Wed Jul 22 15:08:58 UTC 2020
------------------ testing $PTII/ptolemy/domains/de/test/auto/DepthTest7.xml
auto.tcl: Setting watchdog for 200 seconds at Wed Jul 22 15:08:59 UTC 2020
2 ms. Memory: 51200K Free: 31677K (62%)
ptolemy.util.test.WatchDog.cancel(): canceling Wed Jul 22 15:08:59 UTC 2020
auto.tcl: Setting watchdog for 200 seconds at Wed Jul 22 15:08:59 UTC 2020
2 ms. Memory: 51200K Free: 30797K (60%)
ptolemy.util.test.WatchDog.cancel(): canceling Wed Jul 22 15:08:59 UTC 2020
------------------ testing $PTII/ptolemy/domains/de/test/auto/EventToDate.xml
auto.tcl: Setting watchdog for 200 seconds at Wed Jul 22 15:08:59 UTC 2020
3008 ms. Memory: 51200K Free: 22682K (44%)
ptolemy.util.test.WatchDog.cancel(): canceling Wed Jul 22 15:09:02 UTC 2020
auto.tcl: Setting watchdog for 200 seconds at Wed Jul 22 15:09:02 UTC 2020
3004 ms. Memory: 51200K Free: 22023K (43%)
ptolemy.util.test.WatchDog.cancel(): canceling Wed Jul 22 15:09:05 UTC 2020
------------------ testing $PTII/ptolemy/domains/de/test/auto/FSM1.xml
auto.tcl: Setting watchdog for 200 seconds at Wed Jul 22 15:09:05 UTC 2020
20 ms. Memory: 51200K Free: 23429K (46%)
ptolemy.util.test.WatchDog.cancel(): canceling Wed Jul 22 15:09:05 UTC 2020
auto.tcl: Setting watchdog for 200 seconds at Wed Jul 22 15:09:05 UTC 2020
14 ms. Memory: 51200K Free: 20231K (40%)
ptolemy.util.test.WatchDog.cancel(): canceling Wed Jul 22 15:09:05 UTC 2020
------------------ testing $PTII/ptolemy/domains/de/test/auto/FSM7.xml
auto.tcl: Setting watchdog for 200 seconds at Wed Jul 22 15:09:05 UTC 2020
15 ms. Memory: 51200K Free: 23584K (46%)
ptolemy.util.test.WatchDog.cancel(): canceling Wed Jul 22 15:09:05 UTC 2020
auto.tcl: Setting watchdog for 200 seconds at Wed Jul 22 15:09:05 UTC 2020
18 ms. Memory: 51200K Free: 20448K (40%)
ptolemy.util.test.WatchDog.cancel(): canceling Wed Jul 22 15:09:05 UTC 2020
------------------ testing $PTII/ptolemy/domains/de/test/auto/Inspection.xml
auto.tcl: Setting watchdog for 200 seconds at Wed Jul 22 15:09:05 UTC 2020
33 ms. Memory: 51200K Free: 23640K (46%)
ptolemy.util.test.WatchDog.cancel(): canceling Wed Jul 22 15:09:05 UTC 2020
auto.tcl: Setting watchdog for 200 seconds at Wed Jul 22 15:09:05 UTC 2020
25 ms. Memory: 51200K Free: 21940K (43%)
ptolemy.util.test.WatchDog.cancel(): canceling Wed Jul 22 15:09:05 UTC 2020
------------------ testing $PTII/ptolemy/domains/de/test/auto/Iteration.xml
auto.tcl: Setting watchdog for 200 seconds at Wed Jul 22 15:09:05 UTC 2020
8 ms. Memory: 51200K Free: 29187K (57%)
ptolemy.util.test.WatchDog.cancel(): canceling Wed Jul 22 15:09:05 UTC 2020
auto.tcl: Setting watchdog for 200 seconds at Wed Jul 22 15:09:05 UTC 2020
6 ms. Memory: 51200K Free: 27996K (55%)
ptolemy.util.test.WatchDog.cancel(): canceling Wed Jul 22 15:09:05 UTC 2020
------------------ testing $PTII/ptolemy/domains/de/test/auto/LineFault.xml
auto.tcl: Setting watchdog for 200 seconds at Wed Jul 22 15:09:05 UTC 2020
661 ms. Memory: 61440K Free: 27704K (45%)
ptolemy.util.test.WatchDog.cancel(): canceling Wed Jul 22 15:09:06 UTC 2020
auto.tcl: Setting watchdog for 200 seconds at Wed Jul 22 15:09:06 UTC 2020
541 ms. Memory: 61440K Free: 28699K (47%)
ptolemy.util.test.WatchDog.cancel(): canceling Wed Jul 22 15:09:07 UTC 2020
------------------ testing $PTII/ptolemy/domains/de/test/auto/MergeModel1Add.xml
auto.tcl: Setting watchdog for 200 seconds at Wed Jul 22 15:09:07 UTC 2020
17 ms. Memory: 55296K Free: 19507K (35%)
ptolemy.util.test.WatchDog.cancel(): canceling Wed Jul 22 15:09:07 UTC 2020
auto.tcl: Setting watchdog for 200 seconds at Wed Jul 22 15:09:07 UTC 2020
12 ms. Memory: 55296K Free: 17861K (32%)
ptolemy.util.test.WatchDog.cancel(): canceling Wed Jul 22 15:09:07 UTC 2020
------------------ testing $PTII/ptolemy/domains/de/test/auto/MergeModel2Add.xml
auto.tcl: Setting watchdog for 200 seconds at Wed Jul 22 15:09:07 UTC 2020
10 ms. Memory: 55296K Free: 21272K (38%)
ptolemy.util.test.WatchDog.cancel(): canceling Wed Jul 22 15:09:07 UTC 2020
auto.tcl: Setting watchdog for 200 seconds at Wed Jul 22 15:09:07 UTC 2020
12 ms. Memory: 55296K Free: 19582K (35%)
ptolemy.util.test.WatchDog.cancel(): canceling Wed Jul 22 15:09:07 UTC 2020
------------------ testing $PTII/ptolemy/domains/de/test/auto/MergeModel3Add.xml
auto.tcl: Setting watchdog for 200 seconds at Wed Jul 22 15:09:07 UTC 2020
10 ms. Memory: 55296K Free: 21519K (39%)
ptolemy.util.test.WatchDog.cancel(): canceling Wed Jul 22 15:09:07 UTC 2020
auto.tcl: Setting watchdog for 200 seconds at Wed Jul 22 15:09:07 UTC 2020
11 ms. Memory: 55296K Free: 20085K (36%)
ptolemy.util.test.WatchDog.cancel(): canceling Wed Jul 22 15:09:07 UTC 2020
------------------ testing $PTII/ptolemy/domains/de/test/auto/MergeWithoutDiscard.xml
auto.tcl: Setting watchdog for 200 seconds at Wed Jul 22 15:09:07 UTC 2020
1 ms. Memory: 55296K Free: 36446K (66%)
ptolemy.util.test.WatchDog.cancel(): canceling Wed Jul 22 15:09:07 UTC 2020
auto.tcl: Setting watchdog for 200 seconds at Wed Jul 22 15:09:07 UTC 2020
1 ms. Memory: 55296K Free: 35965K (65%)
ptolemy.util.test.WatchDog.cancel(): canceling Wed Jul 22 15:09:07 UTC 2020
------------------ testing $PTII/ptolemy/domains/de/test/auto/Modal1.xml
auto.tcl: Setting watchdog for 200 seconds at Wed Jul 22 15:09:07 UTC 2020
15 ms. Memory: 51200K Free: 23940K (47%)
ptolemy.util.test.WatchDog.cancel(): canceling Wed Jul 22 15:09:07 UTC 2020
auto.tcl: Setting watchdog for 200 seconds at Wed Jul 22 15:09:07 UTC 2020
22 ms. Memory: 51200K Free: 20440K (40%)
ptolemy.util.test.WatchDog.cancel(): canceling Wed Jul 22 15:09:07 UTC 2020
------------------ testing $PTII/ptolemy/domains/de/test/auto/Modal2.xml
auto.tcl: Setting watchdog for 200 seconds at Wed Jul 22 15:09:07 UTC 2020
17 ms. Memory: 51200K Free: 24087K (47%)
ptolemy.util.test.WatchDog.cancel(): canceling Wed Jul 22 15:09:07 UTC 2020
auto.tcl: Setting watchdog for 200 seconds at Wed Jul 22 15:09:07 UTC 2020
21 ms. Memory: 51200K Free: 20848K (41%)
ptolemy.util.test.WatchDog.cancel(): canceling Wed Jul 22 15:09:07 UTC 2020
------------------ testing $PTII/ptolemy/domains/de/test/auto/Modal3.xml
auto.tcl: Setting watchdog for 200 seconds at Wed Jul 22 15:09:07 UTC 2020
11 ms. Memory: 51200K Free: 23800K (46%)
ptolemy.util.test.WatchDog.cancel(): canceling Wed Jul 22 15:09:07 UTC 2020
auto.tcl: Setting watchdog for 200 seconds at Wed Jul 22 15:09:07 UTC 2020
13 ms. Memory: 51200K Free: 20839K (41%)
ptolemy.util.test.WatchDog.cancel(): canceling Wed Jul 22 15:09:07 UTC 2020
------------------ testing $PTII/ptolemy/domains/de/test/auto/Modal4.xml
auto.tcl: Setting watchdog for 200 seconds at Wed Jul 22 15:09:07 UTC 2020
14 ms. Memory: 51200K Free: 23048K (45%)
ptolemy.util.test.WatchDog.cancel(): canceling Wed Jul 22 15:09:07 UTC 2020
auto.tcl: Setting watchdog for 200 seconds at Wed Jul 22 15:09:07 UTC 2020
16 ms. Memory: 51200K Free: 19221K (38%)
ptolemy.util.test.WatchDog.cancel(): canceling Wed Jul 22 15:09:07 UTC 2020
------------------ testing $PTII/ptolemy/domains/de/test/auto/Modal5.xml
auto.tcl: Setting watchdog for 200 seconds at Wed Jul 22 15:09:07 UTC 2020
14 ms. Memory: 51200K Free: 23027K (45%)
ptolemy.util.test.WatchDog.cancel(): canceling Wed Jul 22 15:09:08 UTC 2020
auto.tcl: Setting watchdog for 200 seconds at Wed Jul 22 15:09:08 UTC 2020
12 ms. Memory: 51200K Free: 19378K (38%)
ptolemy.util.test.WatchDog.cancel(): canceling Wed Jul 22 15:09:08 UTC 2020
------------------ testing $PTII/ptolemy/domains/de/test/auto/Modal6.xml
auto.tcl: Setting watchdog for 200 seconds at Wed Jul 22 15:09:08 UTC 2020
20 ms. Memory: 51200K Free: 23737K (46%)
ptolemy.util.test.WatchDog.cancel(): canceling Wed Jul 22 15:09:08 UTC 2020
auto.tcl: Setting watchdog for 200 seconds at Wed Jul 22 15:09:08 UTC 2020
16 ms. Memory: 51200K Free: 19788K (39%)
ptolemy.util.test.WatchDog.cancel(): canceling Wed Jul 22 15:09:08 UTC 2020
------------------ testing $PTII/ptolemy/domains/de/test/auto/Modal7.xml
auto.tcl: Setting watchdog for 200 seconds at Wed Jul 22 15:09:08 UTC 2020
11 ms. Memory: 51200K Free: 22279K (44%)
ptolemy.util.test.WatchDog.cancel(): canceling Wed Jul 22 15:09:08 UTC 2020
auto.tcl: Setting watchdog for 200 seconds at Wed Jul 22 15:09:08 UTC 2020
10 ms. Memory: 51200K Free: 18797K (37%)
ptolemy.util.test.WatchDog.cancel(): canceling Wed Jul 22 15:09:08 UTC 2020
------------------ testing $PTII/ptolemy/domains/de/test/auto/ModalModel.xml
auto.tcl: Setting watchdog for 200 seconds at Wed Jul 22 15:09:08 UTC 2020
257 ms. Memory: 51200K Free: 17311K (34%)
ptolemy.util.test.WatchDog.cancel(): canceling Wed Jul 22 15:09:08 UTC 2020
auto.tcl: Setting watchdog for 200 seconds at Wed Jul 22 15:09:08 UTC 2020
220 ms. Memory: 62464K Free: 22007K (35%)
ptolemy.util.test.WatchDog.cancel(): canceling Wed Jul 22 15:09:08 UTC 2020
------------------ testing $PTII/ptolemy/domains/de/test/auto/ModalSource.xml
auto.tcl: Setting watchdog for 200 seconds at Wed Jul 22 15:09:08 UTC 2020
10 ms. Memory: 58368K Free: 35033K (60%)
ptolemy.util.test.WatchDog.cancel(): canceling Wed Jul 22 15:09:08 UTC 2020
auto.tcl: Setting watchdog for 200 seconds at Wed Jul 22 15:09:08 UTC 2020
6 ms. Memory: 58368K Free: 33001K (57%)
ptolemy.util.test.WatchDog.cancel(): canceling Wed Jul 22 15:09:08 UTC 2020
------------------ testing $PTII/ptolemy/domains/de/test/auto/NonInterruptibleTimerZeroDelay.xml
auto.tcl: Setting watchdog for 200 seconds at Wed Jul 22 15:09:08 UTC 2020
3 ms. Memory: 51200K Free: 32770K (64%)
ptolemy.util.test.WatchDog.cancel(): canceling Wed Jul 22 15:09:08 UTC 2020
auto.tcl: Setting watchdog for 200 seconds at Wed Jul 22 15:09:08 UTC 2020
3 ms. Memory: 51200K Free: 32165K (63%)
ptolemy.util.test.WatchDog.cancel(): canceling Wed Jul 22 15:09:08 UTC 2020
------------------ testing $PTII/ptolemy/domains/de/test/auto/OpenQueueingNetwork.xml
auto.tcl: Setting watchdog for 200 seconds at Wed Jul 22 15:09:08 UTC 2020
3355 ms. Memory: 92160K Free: 64596K (70%)
ptolemy.util.test.WatchDog.cancel(): canceling Wed Jul 22 15:09:12 UTC 2020
auto.tcl: Setting watchdog for 200 seconds at Wed Jul 22 15:09:12 UTC 2020
2331 ms. Memory: 113664K Free: 50324K (44%)
ptolemy.util.test.WatchDog.cancel(): canceling Wed Jul 22 15:09:14 UTC 2020
------------------ testing $PTII/ptolemy/domains/de/test/auto/OpenQueuingNetwork.xml
auto.tcl: Setting watchdog for 200 seconds at Wed Jul 22 15:09:14 UTC 2020
280 ms. Memory: 58368K Free: 32572K (56%)
ptolemy.util.test.WatchDog.cancel(): canceling Wed Jul 22 15:09:15 UTC 2020
auto.tcl: Setting watchdog for 200 seconds at Wed Jul 22 15:09:15 UTC 2020
277 ms. Memory: 58368K Free: 14493K (25%)
ptolemy.util.test.WatchDog.cancel(): canceling Wed Jul 22 15:09:15 UTC 2020
------------------ testing $PTII/ptolemy/domains/de/test/auto/PeriodicSampler.xml
auto.tcl: Setting watchdog for 200 seconds at Wed Jul 22 15:09:15 UTC 2020
3 ms. Memory: 51200K Free: 32018K (63%)
ptolemy.util.test.WatchDog.cancel(): canceling Wed Jul 22 15:09:15 UTC 2020
auto.tcl: Setting watchdog for 200 seconds at Wed Jul 22 15:09:15 UTC 2020
2 ms. Memory: 51200K Free: 31498K (62%)
ptolemy.util.test.WatchDog.cancel(): canceling Wed Jul 22 15:09:15 UTC 2020
------------------ testing $PTII/ptolemy/domains/de/test/auto/PersistentIO.xml
auto.tcl: Setting watchdog for 200 seconds at Wed Jul 22 15:09:15 UTC 2020
6 ms. Memory: 51200K Free: 26942K (53%)
ptolemy.util.test.WatchDog.cancel(): canceling Wed Jul 22 15:09:15 UTC 2020
auto.tcl: Setting watchdog for 200 seconds at Wed Jul 22 15:09:15 UTC 2020
4 ms. Memory: 51200K Free: 25422K (50%)
ptolemy.util.test.WatchDog.cancel(): canceling Wed Jul 22 15:09:15 UTC 2020
------------------ testing $PTII/ptolemy/domains/de/test/auto/PortParameterResetOnInitialize.xml
auto.tcl: Setting watchdog for 200 seconds at Wed Jul 22 15:09:15 UTC 2020
7 ms. Memory: 51200K Free: 31940K (62%)
ptolemy.util.test.WatchDog.cancel(): canceling Wed Jul 22 15:09:15 UTC 2020
auto.tcl: Setting watchdog for 200 seconds at Wed Jul 22 15:09:15 UTC 2020
2 ms. Memory: 51200K Free: 31430K (61%)
ptolemy.util.test.WatchDog.cancel(): canceling Wed Jul 22 15:09:15 UTC 2020
------------------ testing $PTII/ptolemy/domains/de/test/auto/PortParameterUpdates.xml
auto.tcl: Setting watchdog for 200 seconds at Wed Jul 22 15:09:15 UTC 2020
4 ms. Memory: 51200K Free: 30235K (59%)
ptolemy.util.test.WatchDog.cancel(): canceling Wed Jul 22 15:09:15 UTC 2020
auto.tcl: Setting watchdog for 200 seconds at Wed Jul 22 15:09:15 UTC 2020
4 ms. Memory: 51200K Free: 28991K (57%)
ptolemy.util.test.WatchDog.cancel(): canceling Wed Jul 22 15:09:15 UTC 2020
------------------ testing $PTII/ptolemy/domains/de/test/auto/QueueAndServer.xml
auto.tcl: Setting watchdog for 200 seconds at Wed Jul 22 15:09:15 UTC 2020
5 ms. Memory: 51200K Free: 28903K (56%)
ptolemy.util.test.WatchDog.cancel(): canceling Wed Jul 22 15:09:15 UTC 2020
auto.tcl: Setting watchdog for 200 seconds at Wed Jul 22 15:09:15 UTC 2020
6 ms. Memory: 51200K Free: 27430K (54%)
ptolemy.util.test.WatchDog.cancel(): canceling Wed Jul 22 15:09:15 UTC 2020
------------------ testing $PTII/ptolemy/domains/de/test/auto/Records.xml
auto.tcl: Setting watchdog for 200 seconds at Wed Jul 22 15:09:15 UTC 2020
5 ms. Memory: 51200K Free: 31182K (61%)
ptolemy.util.test.WatchDog.cancel(): canceling Wed Jul 22 15:09:15 UTC 2020
auto.tcl: Setting watchdog for 200 seconds at Wed Jul 22 15:09:15 UTC 2020
2 ms. Memory: 51200K Free: 30656K (60%)
ptolemy.util.test.WatchDog.cancel(): canceling Wed Jul 22 15:09:15 UTC 2020
------------------ testing $PTII/ptolemy/domains/de/test/auto/ResetTransitionWithStartTime1.xml
auto.tcl: Setting watchdog for 200 seconds at Wed Jul 22 15:09:15 UTC 2020
11 ms. Memory: 51200K Free: 28426K (56%)
ptolemy.util.test.WatchDog.cancel(): canceling Wed Jul 22 15:09:16 UTC 2020
auto.tcl: Setting watchdog for 200 seconds at Wed Jul 22 15:09:16 UTC 2020
5 ms. Memory: 51200K Free: 26378K (52%)
ptolemy.util.test.WatchDog.cancel(): canceling Wed Jul 22 15:09:16 UTC 2020
------------------ testing $PTII/ptolemy/domains/de/test/auto/ResetTransitionWithStartTime2.xml
auto.tcl: Setting watchdog for 200 seconds at Wed Jul 22 15:09:16 UTC 2020
6 ms. Memory: 51200K Free: 28382K (55%)
ptolemy.util.test.WatchDog.cancel(): canceling Wed Jul 22 15:09:16 UTC 2020
auto.tcl: Setting watchdog for 200 seconds at Wed Jul 22 15:09:16 UTC 2020
5 ms. Memory: 51200K Free: 26334K (51%)
ptolemy.util.test.WatchDog.cancel(): canceling Wed Jul 22 15:09:16 UTC 2020
------------------ testing $PTII/ptolemy/domains/de/test/auto/ResetTransitionWithStartTime3.xml
auto.tcl: Setting watchdog for 200 seconds at Wed Jul 22 15:09:16 UTC 2020
8 ms. Memory: 51200K Free: 28380K (55%)
ptolemy.util.test.WatchDog.cancel(): canceling Wed Jul 22 15:09:16 UTC 2020
auto.tcl: Setting watchdog for 200 seconds at Wed Jul 22 15:09:16 UTC 2020
5 ms. Memory: 51200K Free: 26332K (51%)
ptolemy.util.test.WatchDog.cancel(): canceling Wed Jul 22 15:09:16 UTC 2020
------------------ testing $PTII/ptolemy/domains/de/test/auto/ResetTransitionWithStartTime4.xml
auto.tcl: Setting watchdog for 200 seconds at Wed Jul 22 15:09:16 UTC 2020
6 ms. Memory: 51200K Free: 28827K (56%)
ptolemy.util.test.WatchDog.cancel(): canceling Wed Jul 22 15:09:16 UTC 2020
auto.tcl: Setting watchdog for 200 seconds at Wed Jul 22 15:09:16 UTC 2020
3 ms. Memory: 51200K Free: 27355K (53%)
ptolemy.util.test.WatchDog.cancel(): canceling Wed Jul 22 15:09:16 UTC 2020
------------------ testing $PTII/ptolemy/domains/de/test/auto/ResettableTimer1.xml
auto.tcl: Setting watchdog for 200 seconds at Wed Jul 22 15:09:16 UTC 2020
2 ms. Memory: 51200K Free: 32594K (64%)
ptolemy.util.test.WatchDog.cancel(): canceling Wed Jul 22 15:09:16 UTC 2020
auto.tcl: Setting watchdog for 200 seconds at Wed Jul 22 15:09:16 UTC 2020
2 ms. Memory: 51200K Free: 31913K (62%)
ptolemy.util.test.WatchDog.cancel(): canceling Wed Jul 22 15:09:16 UTC 2020
------------------ testing $PTII/ptolemy/domains/de/test/auto/ResettableTimer2.xml
auto.tcl: Setting watchdog for 200 seconds at Wed Jul 22 15:09:16 UTC 2020
2 ms. Memory: 51200K Free: 32642K (64%)
ptolemy.util.test.WatchDog.cancel(): canceling Wed Jul 22 15:09:16 UTC 2020
auto.tcl: Setting watchdog for 200 seconds at Wed Jul 22 15:09:16 UTC 2020
2 ms. Memory: 51200K Free: 31989K (62%)
ptolemy.util.test.WatchDog.cancel(): canceling Wed Jul 22 15:09:16 UTC 2020
------------------ testing $PTII/ptolemy/domains/de/test/auto/ResettableTimer3.xml
auto.tcl: Setting watchdog for 200 seconds at Wed Jul 22 15:09:16 UTC 2020
1 ms. Memory: 51200K Free: 32512K (64%)
ptolemy.util.test.WatchDog.cancel(): canceling Wed Jul 22 15:09:16 UTC 2020
auto.tcl: Setting watchdog for 200 seconds at Wed Jul 22 15:09:16 UTC 2020
1 ms. Memory: 51200K Free: 32512K (64%)
ptolemy.util.test.WatchDog.cancel(): canceling Wed Jul 22 15:09:16 UTC 2020
------------------ testing $PTII/ptolemy/domains/de/test/auto/ResettableTimer4.xml
auto.tcl: Setting watchdog for 200 seconds at Wed Jul 22 15:09:16 UTC 2020
1 ms. Memory: 51200K Free: 32525K (64%)
ptolemy.util.test.WatchDog.cancel(): canceling Wed Jul 22 15:09:16 UTC 2020
auto.tcl: Setting watchdog for 200 seconds at Wed Jul 22 15:09:16 UTC 2020
1 ms. Memory: 51200K Free: 32015K (63%)
ptolemy.util.test.WatchDog.cancel(): canceling Wed Jul 22 15:09:16 UTC 2020
------------------ testing $PTII/ptolemy/domains/de/test/auto/ResettableTimer5.xml
auto.tcl: Setting watchdog for 200 seconds at Wed Jul 22 15:09:16 UTC 2020
1 ms. Memory: 51200K Free: 32010K (63%)
ptolemy.util.test.WatchDog.cancel(): canceling Wed Jul 22 15:09:16 UTC 2020
auto.tcl: Setting watchdog for 200 seconds at Wed Jul 22 15:09:16 UTC 2020
1 ms. Memory: 51200K Free: 31502K (62%)
ptolemy.util.test.WatchDog.cancel(): canceling Wed Jul 22 15:09:16 UTC 2020
------------------ testing $PTII/ptolemy/domains/de/test/auto/ResettableTimer6.xml
auto.tcl: Setting watchdog for 200 seconds at Wed Jul 22 15:09:16 UTC 2020
2 ms. Memory: 51200K Free: 32000K (63%)
ptolemy.util.test.WatchDog.cancel(): canceling Wed Jul 22 15:09:16 UTC 2020
auto.tcl: Setting watchdog for 200 seconds at Wed Jul 22 15:09:16 UTC 2020
1 ms. Memory: 51200K Free: 31490K (62%)
ptolemy.util.test.WatchDog.cancel(): canceling Wed Jul 22 15:09:16 UTC 2020
------------------ testing $PTII/ptolemy/domains/de/test/auto/ServerZeroDelay.xml
auto.tcl: Setting watchdog for 200 seconds at Wed Jul 22 15:09:16 UTC 2020
2 ms. Memory: 51200K Free: 32505K (63%)
ptolemy.util.test.WatchDog.cancel(): canceling Wed Jul 22 15:09:16 UTC 2020
auto.tcl: Setting watchdog for 200 seconds at Wed Jul 22 15:09:16 UTC 2020
2 ms. Memory: 51200K Free: 31481K (61%)
ptolemy.util.test.WatchDog.cancel(): canceling Wed Jul 22 15:09:16 UTC 2020
------------------ testing $PTII/ptolemy/domains/de/test/auto/SmartSender.xml
auto.tcl: Setting watchdog for 200 seconds at Wed Jul 22 15:09:16 UTC 2020
3000 ms. Memory: 51200K Free: 31986K (62%)
ptolemy.util.test.WatchDog.cancel(): canceling Wed Jul 22 15:09:19 UTC 2020
auto.tcl: Setting watchdog for 200 seconds at Wed Jul 22 15:09:19 UTC 2020
3001 ms. Memory: 51200K Free: 31476K (61%)
ptolemy.util.test.WatchDog.cancel(): canceling Wed Jul 22 15:09:22 UTC 2020
------------------ testing $PTII/ptolemy/domains/de/test/auto/ThreadedComposite.xml
auto.tcl: Setting watchdog for 200 seconds at Wed Jul 22 15:09:22 UTC 2020
167 ms. Memory: 51200K Free: 13568K (27%)
ptolemy.util.test.WatchDog.cancel(): canceling Wed Jul 22 15:09:22 UTC 2020
auto.tcl: Setting watchdog for 200 seconds at Wed Jul 22 15:09:22 UTC 2020
210 ms. Memory: 51200K Free: 28426K (56%)
ptolemy.util.test.WatchDog.cancel(): canceling Wed Jul 22 15:09:23 UTC 2020
------------------ testing $PTII/ptolemy/domains/de/test/auto/Time.xml
auto.tcl: Setting watchdog for 200 seconds at Wed Jul 22 15:09:23 UTC 2020
586 ms. Memory: 74752K Free: 33605K (45%)
ptolemy.util.test.WatchDog.cancel(): canceling Wed Jul 22 15:09:23 UTC 2020
auto.tcl: Setting watchdog for 200 seconds at Wed Jul 22 15:09:23 UTC 2020
458 ms. Memory: 74752K Free: 24525K (33%)
ptolemy.util.test.WatchDog.cancel(): canceling Wed Jul 22 15:09:24 UTC 2020
------------------ testing $PTII/ptolemy/domains/de/test/auto/TimeDelayZeroDelay.xml
auto.tcl: Setting watchdog for 200 seconds at Wed Jul 22 15:09:24 UTC 2020
3 ms. Memory: 55296K Free: 36843K (67%)
ptolemy.util.test.WatchDog.cancel(): canceling Wed Jul 22 15:09:24 UTC 2020
auto.tcl: Setting watchdog for 200 seconds at Wed Jul 22 15:09:24 UTC 2020
2 ms. Memory: 55296K Free: 36112K (65%)
ptolemy.util.test.WatchDog.cancel(): canceling Wed Jul 22 15:09:24 UTC 2020
------------------ testing $PTII/ptolemy/domains/de/test/auto/TimerZeroDelay.xml
auto.tcl: Setting watchdog for 200 seconds at Wed Jul 22 15:09:24 UTC 2020
2 ms. Memory: 51200K Free: 32887K (64%)
ptolemy.util.test.WatchDog.cancel(): canceling Wed Jul 22 15:09:24 UTC 2020
auto.tcl: Setting watchdog for 200 seconds at Wed Jul 22 15:09:24 UTC 2020
2 ms. Memory: 51200K Free: 32047K (63%)
ptolemy.util.test.WatchDog.cancel(): canceling Wed Jul 22 15:09:24 UTC 2020
------------------ testing $PTII/ptolemy/domains/de/test/auto/TimingParadox.xml
auto.tcl: Setting watchdog for 200 seconds at Wed Jul 22 15:09:24 UTC 2020
386 ms. Memory: 51200K Free: 21600K (42%)
ptolemy.util.test.WatchDog.cancel(): canceling Wed Jul 22 15:09:24 UTC 2020
auto.tcl: Setting watchdog for 200 seconds at Wed Jul 22 15:09:24 UTC 2020
323 ms. Memory: 51200K Free: 12814K (25%)
ptolemy.util.test.WatchDog.cancel(): canceling Wed Jul 22 15:09:25 UTC 2020
------------------ testing $PTII/ptolemy/domains/de/test/auto/TransferInputs.xml
auto.tcl: Setting watchdog for 200 seconds at Wed Jul 22 15:09:25 UTC 2020
2 ms. Memory: 51200K Free: 30940K (60%)
ptolemy.util.test.WatchDog.cancel(): canceling Wed Jul 22 15:09:25 UTC 2020
auto.tcl: Setting watchdog for 200 seconds at Wed Jul 22 15:09:25 UTC 2020
2 ms. Memory: 51200K Free: 30067K (59%)
ptolemy.util.test.WatchDog.cancel(): canceling Wed Jul 22 15:09:25 UTC 2020
------------------ testing $PTII/ptolemy/domains/de/test/auto/TransferOutputs2.xml
auto.tcl: Setting watchdog for 200 seconds at Wed Jul 22 15:09:25 UTC 2020
3 ms. Memory: 51200K Free: 28383K (55%)
ptolemy.util.test.WatchDog.cancel(): canceling Wed Jul 22 15:09:25 UTC 2020
auto.tcl: Setting watchdog for 200 seconds at Wed Jul 22 15:09:25 UTC 2020
3 ms. Memory: 51200K Free: 26982K (53%)
ptolemy.util.test.WatchDog.cancel(): canceling Wed Jul 22 15:09:25 UTC 2020
------------------ testing $PTII/ptolemy/domains/de/test/auto/Trilateration.xml
auto.tcl: Setting watchdog for 200 seconds at Wed Jul 22 15:09:25 UTC 2020
11729 ms. Memory: 362496K Free: 283669K (78%)
ptolemy.util.test.WatchDog.cancel(): canceling Wed Jul 22 15:09:38 UTC 2020
auto.tcl: Setting watchdog for 200 seconds at Wed Jul 22 15:09:38 UTC 2020
8780 ms. Memory: 362496K Free: 212144K (59%)
ptolemy.util.test.WatchDog.cancel(): canceling Wed Jul 22 15:09:47 UTC 2020
------------------ testing $PTII/ptolemy/domains/de/test/auto/TwoSigmaDelta.xml
auto.tcl: Setting watchdog for 200 seconds at Wed Jul 22 15:09:47 UTC 2020
2126 ms. Memory: 89088K Free: 18867K (21%)
ptolemy.util.test.WatchDog.cancel(): canceling Wed Jul 22 15:09:49 UTC 2020
auto.tcl: Setting watchdog for 200 seconds at Wed Jul 22 15:09:49 UTC 2020
1682 ms. Memory: 89088K Free: 14750K (17%)
ptolemy.util.test.WatchDog.cancel(): canceling Wed Jul 22 15:09:51 UTC 2020
------------------ testing $PTII/ptolemy/domains/de/test/auto/VariableDelay.xml
auto.tcl: Setting watchdog for 200 seconds at Wed Jul 22 15:09:51 UTC 2020
3 ms. Memory: 55296K Free: 35511K (64%)
ptolemy.util.test.WatchDog.cancel(): canceling Wed Jul 22 15:09:51 UTC 2020
auto.tcl: Setting watchdog for 200 seconds at Wed Jul 22 15:09:51 UTC 2020
2 ms. Memory: 55296K Free: 34517K (62%)
ptolemy.util.test.WatchDog.cancel(): canceling Wed Jul 22 15:09:51 UTC 2020
------------------ testing $PTII/ptolemy/domains/de/test/auto/VariableDelay2.xml
auto.tcl: Setting watchdog for 200 seconds at Wed Jul 22 15:09:51 UTC 2020
2 ms. Memory: 55296K Free: 36104K (65%)
ptolemy.util.test.WatchDog.cancel(): canceling Wed Jul 22 15:09:51 UTC 2020
auto.tcl: Setting watchdog for 200 seconds at Wed Jul 22 15:09:51 UTC 2020
1 ms. Memory: 55296K Free: 35536K (64%)
ptolemy.util.test.WatchDog.cancel(): canceling Wed Jul 22 15:09:51 UTC 2020
------------------ testing $PTII/ptolemy/domains/de/test/auto/VariableDelayZeroDelay.xml
auto.tcl: Setting watchdog for 200 seconds at Wed Jul 22 15:09:51 UTC 2020
2 ms. Memory: 55296K Free: 36458K (66%)
ptolemy.util.test.WatchDog.cancel(): canceling Wed Jul 22 15:09:51 UTC 2020
auto.tcl: Setting watchdog for 200 seconds at Wed Jul 22 15:09:51 UTC 2020
2 ms. Memory: 55296K Free: 35925K (65%)
ptolemy.util.test.WatchDog.cancel(): canceling Wed Jul 22 15:09:51 UTC 2020
------------------ testing $PTII/ptolemy/domains/de/test/auto/VariableDelayZeroDelay2.xml
auto.tcl: Setting watchdog for 200 seconds at Wed Jul 22 15:09:51 UTC 2020
2 ms. Memory: 55296K Free: 36452K (66%)
ptolemy.util.test.WatchDog.cancel(): canceling Wed Jul 22 15:09:51 UTC 2020
auto.tcl: Setting watchdog for 200 seconds at Wed Jul 22 15:09:51 UTC 2020
2 ms. Memory: 55296K Free: 35428K (64%)
ptolemy.util.test.WatchDog.cancel(): canceling Wed Jul 22 15:09:51 UTC 2020
------------------ testing $PTII/ptolemy/domains/de/test/auto/deInCt.xml
auto.tcl: Setting watchdog for 200 seconds at Wed Jul 22 15:09:51 UTC 2020
0
1
1
1
0
0
0
1
1
0
0
1
1
1
1
0
0
0
1
1
1
0
0
0
1
1
1
0
0
0
0
0
1
1
1
1
1
17 ms. Memory: 55296K Free: 35425K (64%)
ptolemy.util.test.WatchDog.cancel(): canceling Wed Jul 22 15:09:51 UTC 2020
auto.tcl: Setting watchdog for 200 seconds at Wed Jul 22 15:09:51 UTC 2020
0
1
1
0
0
0
0
0
1
1
1
0
0
0
1
1
1
1
0
0
0
1
1
0
0
0
1
1
1
1
0
0
1
1
1
0
0
1
1
1
0
0
0
1
1
1
0
0
0
1
1
1
0
0
0
0
0
6 ms. Memory: 55296K Free: 33887K (61%)
ptolemy.util.test.WatchDog.cancel(): canceling Wed Jul 22 15:09:51 UTC 2020
------------------ testing $PTII/ptolemy/domains/de/test/auto/deInCt2.xml
auto.tcl: Setting watchdog for 200 seconds at Wed Jul 22 15:09:51 UTC 2020
0
1
1
1
0
0
1
1
1
0
0
1
1
1
0
0
1
1
1
0
0
1
1
1
0
0
1
1
1
0
0
1
1
1
0
0
1
1
1
0
0
0
10 ms. Memory: 51200K Free: 31374K (61%)
ptolemy.util.test.WatchDog.cancel(): canceling Wed Jul 22 15:09:51 UTC 2020
auto.tcl: Setting watchdog for 200 seconds at Wed Jul 22 15:09:51 UTC 2020
0
1
1
1
0
0
1
1
1
0
0
1
1
1
0
0
1
1
1
0
0
1
1
1
0
0
1
1
1
0
0
1
1
1
0
0
1
1
1
0
0
0
7 ms. Memory: 51200K Free: 29777K (58%)
ptolemy.util.test.WatchDog.cancel(): canceling Wed Jul 22 15:09:51 UTC 2020
------------------ testing $PTII/ptolemy/domains/de/test/auto/dynamicCausalityInterface1.xml
auto.tcl: Setting watchdog for 200 seconds at Wed Jul 22 15:09:51 UTC 2020
1 ms. Memory: 51200K Free: 27227K (53%)
ptolemy.util.test.WatchDog.cancel(): canceling Wed Jul 22 15:09:51 UTC 2020
auto.tcl: Setting watchdog for 200 seconds at Wed Jul 22 15:09:51 UTC 2020
1 ms. Memory: 51200K Free: 26726K (52%)
ptolemy.util.test.WatchDog.cancel(): canceling Wed Jul 22 15:09:51 UTC 2020
------------------ testing $PTII/ptolemy/domains/de/test/auto/fsm_de_test.xml
auto.tcl: Setting watchdog for 200 seconds at Wed Jul 22 15:09:51 UTC 2020
8 ms. Memory: 51200K Free: 27126K (53%)
ptolemy.util.test.WatchDog.cancel(): canceling Wed Jul 22 15:09:51 UTC 2020
auto.tcl: Setting watchdog for 200 seconds at Wed Jul 22 15:09:51 UTC 2020
4 ms. Memory: 51200K Free: 25078K (49%)
ptolemy.util.test.WatchDog.cancel(): canceling Wed Jul 22 15:09:51 UTC 2020
------------------ testing $PTII/ptolemy/domains/de/test/auto/functionDependencyReconstruction.xml
auto.tcl: Setting watchdog for 200 seconds at Wed Jul 22 15:09:51 UTC 2020
3 ms. Memory: 51200K Free: 20972K (41%)
ptolemy.util.test.WatchDog.cancel(): canceling Wed Jul 22 15:09:51 UTC 2020
auto.tcl: Setting watchdog for 200 seconds at Wed Jul 22 15:09:51 UTC 2020
2 ms. Memory: 51200K Free: 18924K (37%)
ptolemy.util.test.WatchDog.cancel(): canceling Wed Jul 22 15:09:51 UTC 2020
------------------ testing $PTII/ptolemy/domains/de/test/auto/multirate.xml
auto.tcl: Setting watchdog for 200 seconds at Wed Jul 22 15:09:51 UTC 2020
5 ms. Memory: 51200K Free: 29701K (58%)
ptolemy.util.test.WatchDog.cancel(): canceling Wed Jul 22 15:09:51 UTC 2020
auto.tcl: Setting watchdog for 200 seconds at Wed Jul 22 15:09:51 UTC 2020
3 ms. Memory: 51200K Free: 28022K (55%)
ptolemy.util.test.WatchDog.cancel(): canceling Wed Jul 22 15:09:51 UTC 2020
------------------ testing $PTII/ptolemy/domains/de/test/auto/multirate2.xml
auto.tcl: Setting watchdog for 200 seconds at Wed Jul 22 15:09:51 UTC 2020
3 ms. Memory: 51200K Free: 29723K (58%)
ptolemy.util.test.WatchDog.cancel(): canceling Wed Jul 22 15:09:51 UTC 2020
auto.tcl: Setting watchdog for 200 seconds at Wed Jul 22 15:09:51 UTC 2020
3 ms. Memory: 51200K Free: 28203K (55%)
ptolemy.util.test.WatchDog.cancel(): canceling Wed Jul 22 15:09:51 UTC 2020
------------------ testing $PTII/ptolemy/domains/de/test/auto/realtime.xml
auto.tcl: Setting watchdog for 200 seconds at Wed Jul 22 15:09:51 UTC 2020
10002 ms. Memory: 51200K Free: 31998K (62%)
ptolemy.util.test.WatchDog.cancel(): canceling Wed Jul 22 15:10:01 UTC 2020
auto.tcl: Setting watchdog for 200 seconds at Wed Jul 22 15:10:01 UTC 2020
10003 ms. Memory: 51200K Free: 31273K (61%)
ptolemy.util.test.WatchDog.cancel(): canceling Wed Jul 22 15:10:11 UTC 2020
------------------ testing $PTII/ptolemy/domains/de/test/auto/relationGroup.xml
auto.tcl: Setting watchdog for 200 seconds at Wed Jul 22 15:10:11 UTC 2020
2 ms. Memory: 51200K Free: 33058K (65%)
ptolemy.util.test.WatchDog.cancel(): canceling Wed Jul 22 15:10:11 UTC 2020
auto.tcl: Setting watchdog for 200 seconds at Wed Jul 22 15:10:11 UTC 2020
1 ms. Memory: 51200K Free: 32323K (63%)
ptolemy.util.test.WatchDog.cancel(): canceling Wed Jul 22 15:10:11 UTC 2020
------------------ testing $PTII/ptolemy/domains/de/test/auto/relationGroup2.xml
auto.tcl: Setting watchdog for 200 seconds at Wed Jul 22 15:10:11 UTC 2020
1 ms. Memory: 51200K Free: 32890K (64%)
ptolemy.util.test.WatchDog.cancel(): canceling Wed Jul 22 15:10:11 UTC 2020
auto.tcl: Setting watchdog for 200 seconds at Wed Jul 22 15:10:11 UTC 2020
2 ms. Memory: 51200K Free: 32380K (63%)
ptolemy.util.test.WatchDog.cancel(): canceling Wed Jul 22 15:10:11 UTC 2020
------------------ testing $PTII/ptolemy/domains/de/test/auto/sortWithOpaquePorts.xml
auto.tcl: Setting watchdog for 200 seconds at Wed Jul 22 15:10:11 UTC 2020
2 ms. Memory: 51200K Free: 31866K (62%)
ptolemy.util.test.WatchDog.cancel(): canceling Wed Jul 22 15:10:11 UTC 2020
auto.tcl: Setting watchdog for 200 seconds at Wed Jul 22 15:10:11 UTC 2020
3 ms. Memory: 51200K Free: 30333K (59%)
ptolemy.util.test.WatchDog.cancel(): canceling Wed Jul 22 15:10:11 UTC 2020
------------------ testing $PTII/ptolemy/domains/de/test/auto/transferInputsandOutputs.xml
auto.tcl: Setting watchdog for 200 seconds at Wed Jul 22 15:10:12 UTC 2020
4 ms. Memory: 51200K Free: 29295K (57%)
ptolemy.util.test.WatchDog.cancel(): canceling Wed Jul 22 15:10:12 UTC 2020
auto.tcl: Setting watchdog for 200 seconds at Wed Jul 22 15:10:12 UTC 2020
3 ms. Memory: 51200K Free: 28271K (55%)
ptolemy.util.test.WatchDog.cancel(): canceling Wed Jul 22 15:10:12 UTC 2020
------------------ testing $PTII/ptolemy/domains/de/test/auto/triggerType.xml
auto.tcl: Setting watchdog for 200 seconds at Wed Jul 22 15:10:12 UTC 2020
1 ms. Memory: 51200K Free: 32320K (63%)
ptolemy.util.test.WatchDog.cancel(): canceling Wed Jul 22 15:10:12 UTC 2020
auto.tcl: Setting watchdog for 200 seconds at Wed Jul 22 15:10:12 UTC 2020
2 ms. Memory: 51200K Free: 31296K (61%)
ptolemy.util.test.WatchDog.cancel(): canceling Wed Jul 22 15:10:12 UTC 2020
07/22/20 03:10:12
Failed: 0  Total Tests: 192  ((Passed: 187, Newly Passed: 1)  Known Failed: 5) /home/travis/build/icyphy/ptII/ptolemy/domains/de/test
07/22/20 03:10:12
Failed: 0  Total Tests: 192  ((Passed: 187, Newly Passed: 1)  Known Failed: 5) /home/travis/build/icyphy/ptII/ptolemy/domains/de/test
----------------- testing (KnownFailure) /home/travis/build/icyphy/ptII/ptolemy/domains/de/test/auto/knownFailedTests/DESDFClockTest.xml
2009 ms. Memory: 51200K Free: 25205K (49%)
Known Failure: java.lang.reflect.InvocationTargetException
----------------- testing (KnownFailure) /home/travis/build/icyphy/ptII/ptolemy/domains/de/test/auto/knownFailedTests/DirectFeedback.xml
1 ms. Memory: 51200K Free: 21619K (42%)
Known Failure: java.lang.reflect.InvocationTargetException
----------------- testing (KnownFailure) /home/travis/build/icyphy/ptII/ptolemy/domains/de/test/auto/knownFailedTests/FSMSource.xml
8 ms. Memory: 51200K Free: 13941K (27%)
----------------- testing (KnownFailure) /home/travis/build/icyphy/ptII/ptolemy/domains/de/test/auto/knownFailedTests/HierarchicalModel.xml
2 ms. Memory: 51200K Free: 27170K (53%)
Known Failure: java.lang.reflect.InvocationTargetException
----------------- testing (KnownFailure) /home/travis/build/icyphy/ptII/ptolemy/domains/de/test/auto/knownFailedTests/dependencyLoop.xml
2 ms. Memory: 51200K Free: 12159K (24%)
Known Failure: java.lang.reflect.InvocationTargetException
----------------- testing (KnownFailure) /home/travis/build/icyphy/ptII/ptolemy/domains/de/test/auto/knownFailedTests/dependencyLoop2.xml
3 ms. Memory: 51200K Free: 25729K (50%)
Known Failure: java.lang.reflect.InvocationTargetException
No auto/linux-amd64/*.xml tests in /home/travis/build/icyphy/ptII/ptolemy/domains/de/test
AutoTests.java: About to close Vertx.
AutoTests.java: Vertx closed.

===========================================================================================
----------------- testing Wed Jul 22 15:10:14 UTC 2020 /home/travis/build/icyphy/ptII/ptolemy/domains/de/test/auto/ActorDepthCalculation_actorWithoutPorts.xml
----------------- Instantiating /home/travis/build/icyphy/ptII/ptolemy/domains/de/test/auto/ActorDepthCalculation_actorWithoutPorts.xml
2 ms. Memory: 51200K Free: 18939K (37%)
----------------- Invoking toplevel() on ptolemy.moml.MoMLSimpleApplication@6414424c
----------------- Done invoking toplevel() on ptolemy.moml.MoMLSimpleApplication@6414424c
reloadAllAccessors: .ActorDepthCalculation_actorWithoutPorts

===========================================================================================
----------------- testing Wed Jul 22 15:10:14 UTC 2020 /home/travis/build/icyphy/ptII/ptolemy/domains/de/test/auto/AssemblyLine.xml
----------------- Instantiating /home/travis/build/icyphy/ptII/ptolemy/domains/de/test/auto/AssemblyLine.xml
3 ms. Memory: 51200K Free: 11804K (23%)
----------------- Invoking toplevel() on ptolemy.moml.MoMLSimpleApplication@2471d23e
----------------- Done invoking toplevel() on ptolemy.moml.MoMLSimpleApplication@2471d23e
reloadAllAccessors: .AssemblyLine

===========================================================================================
----------------- testing Wed Jul 22 15:10:14 UTC 2020 /home/travis/build/icyphy/ptII/ptolemy/domains/de/test/auto/CQBug1.xml
----------------- Instantiating /home/travis/build/icyphy/ptII/ptolemy/domains/de/test/auto/CQBug1.xml
1 ms. Memory: 51200K Free: 9010K (18%)
----------------- Invoking toplevel() on ptolemy.moml.MoMLSimpleApplication@5429e486
----------------- Done invoking toplevel() on ptolemy.moml.MoMLSimpleApplication@5429e486
reloadAllAccessors: .CQBug1

===========================================================================================
----------------- testing Wed Jul 22 15:10:14 UTC 2020 /home/travis/build/icyphy/ptII/ptolemy/domains/de/test/auto/CancelFireAt.xml
----------------- Instantiating /home/travis/build/icyphy/ptII/ptolemy/domains/de/test/auto/CancelFireAt.xml
1 ms. Memory: 51200K Free: 35418K (69%)
----------------- Invoking toplevel() on ptolemy.moml.MoMLSimpleApplication@511a7791
----------------- Done invoking toplevel() on ptolemy.moml.MoMLSimpleApplication@511a7791
reloadAllAccessors: .CancelFireAt

===========================================================================================
----------------- testing Wed Jul 22 15:10:14 UTC 2020 /home/travis/build/icyphy/ptII/ptolemy/domains/de/test/auto/CausalityAndComposabilityAnalysis.xml
----------------- Instantiating /home/travis/build/icyphy/ptII/ptolemy/domains/de/test/auto/CausalityAndComposabilityAnalysis.xml
1 ms. Memory: 51200K Free: 31147K (61%)
----------------- Invoking toplevel() on ptolemy.moml.MoMLSimpleApplication@494e7fa0
----------------- Done invoking toplevel() on ptolemy.moml.MoMLSimpleApplication@494e7fa0
reloadAllAccessors: .CausalityAndComposabilityAnalysis

===========================================================================================
----------------- testing Wed Jul 22 15:10:14 UTC 2020 /home/travis/build/icyphy/ptII/ptolemy/domains/de/test/auto/CausalityInterface1.xml
----------------- Instantiating /home/travis/build/icyphy/ptII/ptolemy/domains/de/test/auto/CausalityInterface1.xml
5 ms. Memory: 51200K Free: 26027K (51%)
----------------- Invoking toplevel() on ptolemy.moml.MoMLSimpleApplication@e19c975
----------------- Done invoking toplevel() on ptolemy.moml.MoMLSimpleApplication@e19c975
reloadAllAccessors: .CausalityInterface1

===========================================================================================
----------------- testing Wed Jul 22 15:10:14 UTC 2020 /home/travis/build/icyphy/ptII/ptolemy/domains/de/test/auto/CausalityInterface15.xml
----------------- Instantiating /home/travis/build/icyphy/ptII/ptolemy/domains/de/test/auto/CausalityInterface15.xml
1 ms. Memory: 51200K Free: 20481K (40%)
----------------- Invoking toplevel() on ptolemy.moml.MoMLSimpleApplication@21c1591f
----------------- Done invoking toplevel() on ptolemy.moml.MoMLSimpleApplication@21c1591f
reloadAllAccessors: .CausalityInterface15

===========================================================================================
----------------- testing Wed Jul 22 15:10:14 UTC 2020 /home/travis/build/icyphy/ptII/ptolemy/domains/de/test/auto/CausalityInterface2.xml
----------------- Instantiating /home/travis/build/icyphy/ptII/ptolemy/domains/de/test/auto/CausalityInterface2.xml
3 ms. Memory: 51200K Free: 15834K (31%)
[...]
	at ptolemy.actor.Manager.run(Manager.java:1263)
	at ptolemy.actor.Manager$PtolemyRunThread.run(Manager.java:1933)
java.lang.RuntimeException: Execution failed
	at ptolemy.moml.MoMLSimpleApplication$UnloadThread.run(MoMLSimpleApplication.java:402)
Caused by: ptolemy.kernel.util.IllegalActionException: Actor is not ready to fire.  Perhaps UpSample.prefire() returned false? Try debugging the actor by selecting "Listen to Actor".  Also, for SDF check moml for tokenConsumptionRate on input.
  in .DESDFClockTest.Play Bell.Copy1:SDF Director and .DESDFClockTest.Play Bell.UpSample
	at ptolemy.actor.sched.StaticSchedulingDirector.fire(StaticSchedulingDirector.java:227)
	at ptolemy.domains.sdf.kernel.SDFDirector.fire(SDFDirector.java:500)
	at ptolemy.actor.CompositeActor.fire(CompositeActor.java:455)
	at ptolemy.domains.de.kernel.DEDirector._fire(DEDirector.java:1949)
	at ptolemy.domains.de.kernel.DEDirector.fire(DEDirector.java:502)
	at ptolemy.actor.CompositeActor.fire(CompositeActor.java:455)
	at ptolemy.actor.Manager.iterate(Manager.java:851)
	at ptolemy.actor.Manager.execute(Manager.java:369)
	at ptolemy.actor.Manager.run(Manager.java:1263)
	at ptolemy.actor.Manager$PtolemyRunThread.run(Manager.java:1933)
java.lang.reflect.InvocationTargetException
	at java.base/jdk.internal.reflect.NativeConstructorAccessorImpl.newInstance0(Native Method)
	at java.base/jdk.internal.reflect.NativeConstructorAccessorImpl.newInstance(NativeConstructorAccessorImpl.java:62)
	at java.base/jdk.internal.reflect.DelegatingConstructorAccessorImpl.newInstance(DelegatingConstructorAccessorImpl.java:45)
	at java.base/java.lang.reflect.Constructor.newInstance(Constructor.java:490)
	at ptolemy.util.test.junit.AutoKnownFailedTests.RunModel(AutoKnownFailedTests.java:105)
	at java.base/jdk.internal.reflect.NativeMethodAccessorImpl.invoke0(Native Method)
	at java.base/jdk.internal.reflect.NativeMethodAccessorImpl.invoke(NativeMethodAccessorImpl.java:62)
	at java.base/jdk.internal.reflect.DelegatingMethodAccessorImpl.invoke(DelegatingMethodAccessorImpl.java:43)
	at java.base/java.lang.reflect.Method.invoke(Method.java:566)
	at org.junit.runners.model.FrameworkMethod$1.runReflectiveCall(FrameworkMethod.java:44)
	at org.junit.internal.runners.model.ReflectiveCallable.run(ReflectiveCallable.java:15)
	at org.junit.runners.model.FrameworkMethod.invokeExplosively(FrameworkMethod.java:41)
	at junitparams.internal.InvokeParameterisedMethod.evaluate(InvokeParameterisedMethod.java:102)
	at org.junit.internal.runners.statements.FailOnTimeout$1.run(FailOnTimeout.java:28)
Caused by: ptolemy.kernel.util.IllegalActionException: Actor is not ready to fire.  Perhaps UpSample.prefire() returned false? Try debugging the actor by selecting "Listen to Actor".  Also, for SDF check moml for tokenConsumptionRate on input.
  in .DESDFClockTest.Play Bell.Copy1:SDF Director and .DESDFClockTest.Play Bell.UpSample
	at ptolemy.actor.sched.StaticSchedulingDirector.fire(StaticSchedulingDirector.java:227)
	at ptolemy.domains.sdf.kernel.SDFDirector.fire(SDFDirector.java:500)
	at ptolemy.actor.CompositeActor.fire(CompositeActor.java:455)
	at ptolemy.domains.de.kernel.DEDirector._fire(DEDirector.java:1949)
	at ptolemy.domains.de.kernel.DEDirector.fire(DEDirector.java:502)
	at ptolemy.actor.CompositeActor.fire(CompositeActor.java:455)
	at ptolemy.actor.Manager.iterate(Manager.java:851)
	at ptolemy.actor.Manager.execute(Manager.java:369)
	at ptolemy.actor.Manager.run(Manager.java:1263)
	at ptolemy.actor.Manager$PtolemyRunThread.run(Manager.java:1933)
java.lang.RuntimeException: Execution failed
	at ptolemy.moml.MoMLSimpleApplication$UnloadThread.run(MoMLSimpleApplication.java:402)
Caused by: ptolemy.kernel.util.IllegalActionException: Test fails in iteration 1.
Value was: 1.0. Should have been: 2.0
  in .DirectFeedback.Test
	at ptolemy.actor.lib.Test.fire(Test.java:268)
	at ptolemy.domains.de.kernel.DEDirector._fire(DEDirector.java:1949)
	at ptolemy.domains.de.kernel.DEDirector.fire(DEDirector.java:502)
	at ptolemy.actor.CompositeActor.fire(CompositeActor.java:455)
	at ptolemy.actor.Manager.iterate(Manager.java:851)
	at ptolemy.actor.Manager.execute(Manager.java:369)
	at ptolemy.actor.Manager.run(Manager.java:1263)
	at ptolemy.actor.Manager$PtolemyRunThread.run(Manager.java:1933)
java.lang.reflect.InvocationTargetException
	at java.base/jdk.internal.reflect.NativeConstructorAccessorImpl.newInstance0(Native Method)
	at java.base/jdk.internal.reflect.NativeConstructorAccessorImpl.newInstance(NativeConstructorAccessorImpl.java:62)
	at java.base/jdk.internal.reflect.DelegatingConstructorAccessorImpl.newInstance(DelegatingConstructorAccessorImpl.java:45)
	at java.base/java.lang.reflect.Constructor.newInstance(Constructor.java:490)
	at ptolemy.util.test.junit.AutoKnownFailedTests.RunModel(AutoKnownFailedTests.java:105)
	at java.base/jdk.internal.reflect.NativeMethodAccessorImpl.invoke0(Native Method)
	at java.base/jdk.internal.reflect.NativeMethodAccessorImpl.invoke(NativeMethodAccessorImpl.java:62)
	at java.base/jdk.internal.reflect.DelegatingMethodAccessorImpl.invoke(DelegatingMethodAccessorImpl.java:43)
	at java.base/java.lang.reflect.Method.invoke(Method.java:566)
	at org.junit.runners.model.FrameworkMethod$1.runReflectiveCall(FrameworkMethod.java:44)
	at org.junit.internal.runners.model.ReflectiveCallable.run(ReflectiveCallable.java:15)
	at org.junit.runners.model.FrameworkMethod.invokeExplosively(FrameworkMethod.java:41)
	at junitparams.internal.InvokeParameterisedMethod.evaluate(InvokeParameterisedMethod.java:102)
	at org.junit.internal.runners.statements.FailOnTimeout$1.run(FailOnTimeout.java:28)
Caused by: ptolemy.kernel.util.IllegalActionException: Test fails in iteration 1.
Value was: 1.0. Should have been: 2.0
  in .DirectFeedback.Test
	at ptolemy.actor.lib.Test.fire(Test.java:268)
	at ptolemy.domains.de.kernel.DEDirector._fire(DEDirector.java:1949)
	at ptolemy.domains.de.kernel.DEDirector.fire(DEDirector.java:502)
	at ptolemy.actor.CompositeActor.fire(CompositeActor.java:455)
	at ptolemy.actor.Manager.iterate(Manager.java:851)
	at ptolemy.actor.Manager.execute(Manager.java:369)
	at ptolemy.actor.Manager.run(Manager.java:1263)
	at ptolemy.actor.Manager$PtolemyRunThread.run(Manager.java:1933)
java.lang.RuntimeException: Execution failed
	at ptolemy.moml.MoMLSimpleApplication$UnloadThread.run(MoMLSimpleApplication.java:402)
Caused by: ptolemy.kernel.util.IllegalActionException: Found a zero delay loop containing .HierarchicalModel.A
  in .HierarchicalModel and .HierarchicalModel.A
	at ptolemy.actor.util.CausalityInterfaceForComposites._computeOutputPortDepth(CausalityInterfaceForComposites.java:759)
	at ptolemy.actor.util.CausalityInterfaceForComposites._computeInputDepth(CausalityInterfaceForComposites.java:696)
	at ptolemy.actor.util.CausalityInterfaceForComposites._computeOutputPortDepth(CausalityInterfaceForComposites.java:765)
	at ptolemy.actor.util.CausalityInterfaceForComposites._computeInputDepth(CausalityInterfaceForComposites.java:696)
	at ptolemy.actor.util.CausalityInterfaceForComposites._computeOutputPortDepth(CausalityInterfaceForComposites.java:765)
	at ptolemy.actor.util.CausalityInterfaceForComposites._computeInputDepth(CausalityInterfaceForComposites.java:696)
	at ptolemy.actor.util.CausalityInterfaceForComposites._computeActorDepth(CausalityInterfaceForComposites.java:532)
	at ptolemy.actor.util.CausalityInterfaceForComposites.checkForCycles(CausalityInterfaceForComposites.java:96)
	at ptolemy.domains.de.kernel.DEDirector.preinitialize(DEDirector.java:1338)
	at ptolemy.actor.CompositeActor.preinitialize(CompositeActor.java:1828)
	at ptolemy.actor.Manager.preinitializeAndResolveTypes(Manager.java:1040)
	at ptolemy.actor.Manager.initialize(Manager.java:710)
	at ptolemy.actor.Manager.execute(Manager.java:356)
	at ptolemy.actor.Manager.run(Manager.java:1263)
	at ptolemy.actor.Manager$PtolemyRunThread.run(Manager.java:1933)
java.lang.reflect.InvocationTargetException
	at java.base/jdk.internal.reflect.NativeConstructorAccessorImpl.newInstance0(Native Method)
	at java.base/jdk.internal.reflect.NativeConstructorAccessorImpl.newInstance(NativeConstructorAccessorImpl.java:62)
	at java.base/jdk.internal.reflect.DelegatingConstructorAccessorImpl.newInstance(DelegatingConstructorAccessorImpl.java:45)
	at java.base/java.lang.reflect.Constructor.newInstance(Constructor.java:490)
	at ptolemy.util.test.junit.AutoKnownFailedTests.RunModel(AutoKnownFailedTests.java:105)
	at java.base/jdk.internal.reflect.NativeMethodAccessorImpl.invoke0(Native Method)
	at java.base/jdk.internal.reflect.NativeMethodAccessorImpl.invoke(NativeMethodAccessorImpl.java:62)
	at java.base/jdk.internal.reflect.DelegatingMethodAccessorImpl.invoke(DelegatingMethodAccessorImpl.java:43)
	at java.base/java.lang.reflect.Method.invoke(Method.java:566)
	at org.junit.runners.model.FrameworkMethod$1.runReflectiveCall(FrameworkMethod.java:44)
	at org.junit.internal.runners.model.ReflectiveCallable.run(ReflectiveCallable.java:15)
	at org.junit.runners.model.FrameworkMethod.invokeExplosively(FrameworkMethod.java:41)
	at junitparams.internal.InvokeParameterisedMethod.evaluate(InvokeParameterisedMethod.java:102)
	at org.junit.internal.runners.statements.FailOnTimeout$1.run(FailOnTimeout.java:28)
Caused by: ptolemy.kernel.util.IllegalActionException: Found a zero delay loop containing .HierarchicalModel.A
  in .HierarchicalModel and .HierarchicalModel.A
	at ptolemy.actor.util.CausalityInterfaceForComposites._computeOutputPortDepth(CausalityInterfaceForComposites.java:759)
	at ptolemy.actor.util.CausalityInterfaceForComposites._computeInputDepth(CausalityInterfaceForComposites.java:696)
	at ptolemy.actor.util.CausalityInterfaceForComposites._computeOutputPortDepth(CausalityInterfaceForComposites.java:765)
	at ptolemy.actor.util.CausalityInterfaceForComposites._computeInputDepth(CausalityInterfaceForComposites.java:696)
	at ptolemy.actor.util.CausalityInterfaceForComposites._computeOutputPortDepth(CausalityInterfaceForComposites.java:765)
	at ptolemy.actor.util.CausalityInterfaceForComposites._computeInputDepth(CausalityInterfaceForComposites.java:696)
	at ptolemy.actor.util.CausalityInterfaceForComposites._computeActorDepth(CausalityInterfaceForComposites.java:532)
	at ptolemy.actor.util.CausalityInterfaceForComposites.checkForCycles(CausalityInterfaceForComposites.java:96)
	at ptolemy.domains.de.kernel.DEDirector.preinitialize(DEDirector.java:1338)
	at ptolemy.actor.CompositeActor.preinitialize(CompositeActor.java:1828)
	at ptolemy.actor.Manager.preinitializeAndResolveTypes(Manager.java:1040)
	at ptolemy.actor.Manager.initialize(Manager.java:710)
	at ptolemy.actor.Manager.execute(Manager.java:356)
	at ptolemy.actor.Manager.run(Manager.java:1263)
	at ptolemy.actor.Manager$PtolemyRunThread.run(Manager.java:1933)
java.lang.RuntimeException: Execution failed
	at ptolemy.moml.MoMLSimpleApplication$UnloadThread.run(MoMLSimpleApplication.java:402)
Caused by: ptolemy.kernel.util.IllegalActionException: Found a zero delay loop containing .dependencyLoop.original
  in .dependencyLoop and .dependencyLoop.original
	at ptolemy.actor.util.CausalityInterfaceForComposites._computeOutputPortDepth(CausalityInterfaceForComposites.java:759)
	at ptolemy.actor.util.CausalityInterfaceForComposites._computeInputDepth(CausalityInterfaceForComposites.java:696)
	at ptolemy.actor.util.CausalityInterfaceForComposites._computeOutputPortDepth(CausalityInterfaceForComposites.java:765)
	at ptolemy.actor.util.CausalityInterfaceForComposites._computeInputDepth(CausalityInterfaceForComposites.java:696)
	at ptolemy.actor.util.CausalityInterfaceForComposites._computeOutputPortDepth(CausalityInterfaceForComposites.java:765)
	at ptolemy.actor.util.CausalityInterfaceForComposites._computeInputDepth(CausalityInterfaceForComposites.java:696)
	at ptolemy.actor.util.CausalityInterfaceForComposites._computeActorDepth(CausalityInterfaceForComposites.java:532)
	at ptolemy.actor.util.CausalityInterfaceForComposites.checkForCycles(CausalityInterfaceForComposites.java:96)
	at ptolemy.domains.de.kernel.DEDirector.preinitialize(DEDirector.java:1338)
	at ptolemy.actor.CompositeActor.preinitialize(CompositeActor.java:1828)
	at ptolemy.actor.Manager.preinitializeAndResolveTypes(Manager.java:1040)
	at ptolemy.actor.Manager.initialize(Manager.java:710)
	at ptolemy.actor.Manager.execute(Manager.java:356)
	at ptolemy.actor.Manager.run(Manager.java:1263)
	at ptolemy.actor.Manager$PtolemyRunThread.run(Manager.java:1933)
java.lang.reflect.InvocationTargetException
	at java.base/jdk.internal.reflect.NativeConstructorAccessorImpl.newInstance0(Native Method)
	at java.base/jdk.internal.reflect.NativeConstructorAccessorImpl.newInstance(NativeConstructorAccessorImpl.java:62)
	at java.base/jdk.internal.reflect.DelegatingConstructorAccessorImpl.newInstance(DelegatingConstructorAccessorImpl.java:45)
	at java.base/java.lang.reflect.Constructor.newInstance(Constructor.java:490)
	at ptolemy.util.test.junit.AutoKnownFailedTests.RunModel(AutoKnownFailedTests.java:105)
	at java.base/jdk.internal.reflect.NativeMethodAccessorImpl.invoke0(Native Method)
	at java.base/jdk.internal.reflect.NativeMethodAccessorImpl.invoke(NativeMethodAccessorImpl.java:62)
	at java.base/jdk.internal.reflect.DelegatingMethodAccessorImpl.invoke(DelegatingMethodAccessorImpl.java:43)
	at java.base/java.lang.reflect.Method.invoke(Method.java:566)
	at org.junit.runners.model.FrameworkMethod$1.runReflectiveCall(FrameworkMethod.java:44)
	at org.junit.internal.runners.model.ReflectiveCallable.run(ReflectiveCallable.java:15)
	at org.junit.runners.model.FrameworkMethod.invokeExplosively(FrameworkMethod.java:41)
	at junitparams.internal.InvokeParameterisedMethod.evaluate(InvokeParameterisedMethod.java:102)
	at org.junit.internal.runners.statements.FailOnTimeout$1.run(FailOnTimeout.java:28)
Caused by: ptolemy.kernel.util.IllegalActionException: Found a zero delay loop containing .dependencyLoop.original
  in .dependencyLoop and .dependencyLoop.original
	at ptolemy.actor.util.CausalityInterfaceForComposites._computeOutputPortDepth(CausalityInterfaceForComposites.java:759)
	at ptolemy.actor.util.CausalityInterfaceForComposites._computeInputDepth(CausalityInterfaceForComposites.java:696)
	at ptolemy.actor.util.CausalityInterfaceForComposites._computeOutputPortDepth(CausalityInterfaceForComposites.java:765)
	at ptolemy.actor.util.CausalityInterfaceForComposites._computeInputDepth(CausalityInterfaceForComposites.java:696)
	at ptolemy.actor.util.CausalityInterfaceForComposites._computeOutputPortDepth(CausalityInterfaceForComposites.java:765)
	at ptolemy.actor.util.CausalityInterfaceForComposites._computeInputDepth(CausalityInterfaceForComposites.java:696)
	at ptolemy.actor.util.CausalityInterfaceForComposites._computeActorDepth(CausalityInterfaceForComposites.java:532)
	at ptolemy.actor.util.CausalityInterfaceForComposites.checkForCycles(CausalityInterfaceForComposites.java:96)
	at ptolemy.domains.de.kernel.DEDirector.preinitialize(DEDirector.java:1338)
	at ptolemy.actor.CompositeActor.preinitialize(CompositeActor.java:1828)
	at ptolemy.actor.Manager.preinitializeAndResolveTypes(Manager.java:1040)
	at ptolemy.actor.Manager.initialize(Manager.java:710)
	at ptolemy.actor.Manager.execute(Manager.java:356)
	at ptolemy.actor.Manager.run(Manager.java:1263)
	at ptolemy.actor.Manager$PtolemyRunThread.run(Manager.java:1933)
java.lang.RuntimeException: Execution failed
	at ptolemy.moml.MoMLSimpleApplication$UnloadThread.run(MoMLSimpleApplication.java:402)
Caused by: ptolemy.kernel.util.IllegalActionException: Found a zero delay loop containing .dependencyLoop2.original
  in .dependencyLoop2 and .dependencyLoop2.original
	at ptolemy.actor.util.CausalityInterfaceForComposites._computeOutputPortDepth(CausalityInterfaceForComposites.java:759)
	at ptolemy.actor.util.CausalityInterfaceForComposites._computeInputDepth(CausalityInterfaceForComposites.java:696)
	at ptolemy.actor.util.CausalityInterfaceForComposites._computeOutputPortDepth(CausalityInterfaceForComposites.java:765)
	at ptolemy.actor.util.CausalityInterfaceForComposites._computeInputDepth(CausalityInterfaceForComposites.java:696)
	at ptolemy.actor.util.CausalityInterfaceForComposites._computeOutputPortDepth(CausalityInterfaceForComposites.java:765)
	at ptolemy.actor.util.CausalityInterfaceForComposites._computeInputDepth(CausalityInterfaceForComposites.java:696)
	at ptolemy.actor.util.CausalityInterfaceForComposites._computeActorDepth(CausalityInterfaceForComposites.java:532)
	at ptolemy.actor.util.CausalityInterfaceForComposites.checkForCycles(CausalityInterfaceForComposites.java:96)
	at ptolemy.domains.de.kernel.DEDirector.preinitialize(DEDirector.java:1338)
	at ptolemy.actor.CompositeActor.preinitialize(CompositeActor.java:1828)
	at ptolemy.actor.Manager.preinitializeAndResolveTypes(Manager.java:1040)
	at ptolemy.actor.Manager.initialize(Manager.java:710)
	at ptolemy.actor.Manager.execute(Manager.java:356)
	at ptolemy.actor.Manager.run(Manager.java:1263)
	at ptolemy.actor.Manager$PtolemyRunThread.run(Manager.java:1933)
java.lang.reflect.InvocationTargetException
	at java.base/jdk.internal.reflect.NativeConstructorAccessorImpl.newInstance0(Native Method)
	at java.base/jdk.internal.reflect.NativeConstructorAccessorImpl.newInstance(NativeConstructorAccessorImpl.java:62)
	at java.base/jdk.internal.reflect.DelegatingConstructorAccessorImpl.newInstance(DelegatingConstructorAccessorImpl.java:45)
	at java.base/java.lang.reflect.Constructor.newInstance(Constructor.java:490)
	at ptolemy.util.test.junit.AutoKnownFailedTests.RunModel(AutoKnownFailedTests.java:105)
	at java.base/jdk.internal.reflect.NativeMethodAccessorImpl.invoke0(Native Method)
	at java.base/jdk.internal.reflect.NativeMethodAccessorImpl.invoke(NativeMethodAccessorImpl.java:62)
	at java.base/jdk.internal.reflect.DelegatingMethodAccessorImpl.invoke(DelegatingMethodAccessorImpl.java:43)
	at java.base/java.lang.reflect.Method.invoke(Method.java:566)
	at org.junit.runners.model.FrameworkMethod$1.runReflectiveCall(FrameworkMethod.java:44)
	at org.junit.internal.runners.model.ReflectiveCallable.run(ReflectiveCallable.java:15)
	at org.junit.runners.model.FrameworkMethod.invokeExplosively(FrameworkMethod.java:41)
	at junitparams.internal.InvokeParameterisedMethod.evaluate(InvokeParameterisedMethod.java:102)
	at org.junit.internal.runners.statements.FailOnTimeout$1.run(FailOnTimeout.java:28)
Caused by: ptolemy.kernel.util.IllegalActionException: Found a zero delay loop containing .dependencyLoop2.original
  in .dependencyLoop2 and .dependencyLoop2.original
	at ptolemy.actor.util.CausalityInterfaceForComposites._computeOutputPortDepth(CausalityInterfaceForComposites.java:759)
	at ptolemy.actor.util.CausalityInterfaceForComposites._computeInputDepth(CausalityInterfaceForComposites.java:696)
	at ptolemy.actor.util.CausalityInterfaceForComposites._computeOutputPortDepth(CausalityInterfaceForComposites.java:765)
	at ptolemy.actor.util.CausalityInterfaceForComposites._computeInputDepth(CausalityInterfaceForComposites.java:696)
	at ptolemy.actor.util.CausalityInterfaceForComposites._computeOutputPortDepth(CausalityInterfaceForComposites.java:765)
	at ptolemy.actor.util.CausalityInterfaceForComposites._computeInputDepth(CausalityInterfaceForComposites.java:696)
	at ptolemy.actor.util.CausalityInterfaceForComposites._computeActorDepth(CausalityInterfaceForComposites.java:532)
	at ptolemy.actor.util.CausalityInterfaceForComposites.checkForCycles(CausalityInterfaceForComposites.java:96)
	at ptolemy.domains.de.kernel.DEDirector.preinitialize(DEDirector.java:1338)
	at ptolemy.actor.CompositeActor.preinitialize(CompositeActor.java:1828)
	at ptolemy.actor.Manager.preinitializeAndResolveTypes(Manager.java:1040)
	at ptolemy.actor.Manager.initialize(Manager.java:710)
	at ptolemy.actor.Manager.execute(Manager.java:356)
	at ptolemy.actor.Manager.run(Manager.java:1263)
	at ptolemy.actor.Manager$PtolemyRunThread.run(Manager.java:1933)
]]></system-err>
</testsuite>
