<?xml version="1.0" encoding="UTF-8" ?>
<testsuite errors="0" failures="0" hostname="travis-job-55164e78-e997-4915-ab85-559d531c891f" name="ptolemy.domains.modal.test.junit.JUnitTclTest" skipped="0" tests="148" time="10.546" timestamp="2020-10-16T15:50:24">
  <properties>
[...]
</properties>
  <testcase classname="ptolemy.util.test.junit.TclTests" name="[0] /home/travis/build/icyphy/ptII/ptolemy/domains/modal/test/SystemLevelType.tcl (RunTclFile)" time="1.809" />
  <testcase classname="ptolemy.util.test.junit.AutoKnownFailedTests" name="[0] /home/travis/build/icyphy/ptII/ptolemy/domains/modal/test/auto/knownFailedTests/CannotAnalysisWithPreemption.xml (RunModel)" time="0.299" />
  <testcase classname="ptolemy.util.test.junit.AutoNameArchTests" name="[0] ThereAreNoAutoArchTests (RunModel)" time="0.003" />
  <testcase classname="ptolemy.util.test.junit.AutoTests" name="[0] /home/travis/build/icyphy/ptII/ptolemy/domains/modal/test/auto/ABPTest.xml (RunModel)" time="0.857" />
  <testcase classname="ptolemy.util.test.junit.AutoTests" name="[1] /home/travis/build/icyphy/ptII/ptolemy/domains/modal/test/auto/ABROFlat.xml (RunModel)" time="0.083" />
  <testcase classname="ptolemy.util.test.junit.AutoTests" name="[2] /home/travis/build/icyphy/ptII/ptolemy/domains/modal/test/auto/ABROFlat2.xml (RunModel)" time="0.079" />
  <testcase classname="ptolemy.util.test.junit.AutoTests" name="[3] /home/travis/build/icyphy/ptII/ptolemy/domains/modal/test/auto/ABRO_present_hmm.xml (RunModel)" time="0.115" />
  <testcase classname="ptolemy.util.test.junit.AutoTests" name="[4] /home/travis/build/icyphy/ptII/ptolemy/domains/modal/test/auto/AMICoderExample.xml (RunModel)" time="0.081" />
  <testcase classname="ptolemy.util.test.junit.AutoTests" name="[5] /home/travis/build/icyphy/ptII/ptolemy/domains/modal/test/auto/AbsentToPresent.xml (RunModel)" time="0.052" />
  <testcase classname="ptolemy.util.test.junit.AutoTests" name="[6] /home/travis/build/icyphy/ptII/ptolemy/domains/modal/test/auto/Blending.xml (RunModel)" time="0.31" />
  <testcase classname="ptolemy.util.test.junit.AutoTests" name="[7] /home/travis/build/icyphy/ptII/ptolemy/domains/modal/test/auto/Broadcast.xml (RunModel)" time="0.047" />
  <testcase classname="ptolemy.util.test.junit.AutoTests" name="[8] /home/travis/build/icyphy/ptII/ptolemy/domains/modal/test/auto/BroadcastHierarchy.xml (RunModel)" time="0.06" />
  <testcase classname="ptolemy.util.test.junit.AutoTests" name="[9] /home/travis/build/icyphy/ptII/ptolemy/domains/modal/test/auto/BroadcastHierarchy2.xml (RunModel)" time="0.13" />
  <testcase classname="ptolemy.util.test.junit.AutoTests" name="[10] /home/travis/build/icyphy/ptII/ptolemy/domains/modal/test/auto/BroadcastHierarchy3.xml (RunModel)" time="0.097" />
  <testcase classname="ptolemy.util.test.junit.AutoTests" name="[11] /home/travis/build/icyphy/ptII/ptolemy/domains/modal/test/auto/BroadcastHierarchy4.xml (RunModel)" time="0.105" />
  <testcase classname="ptolemy.util.test.junit.AutoTests" name="[12] /home/travis/build/icyphy/ptII/ptolemy/domains/modal/test/auto/CannotAnalysisWithPreemption2.xml (RunModel)" time="0.039" />
  <testcase classname="ptolemy.util.test.junit.AutoTests" name="[13] /home/travis/build/icyphy/ptII/ptolemy/domains/modal/test/auto/CannotAnalysisWithPreemption3.xml (RunModel)" time="0.044" />
  <testcase classname="ptolemy.util.test.junit.AutoTests" name="[14] /home/travis/build/icyphy/ptII/ptolemy/domains/modal/test/auto/CannotProduce.xml (RunModel)" time="0.033" />
  <testcase classname="ptolemy.util.test.junit.AutoTests" name="[15] /home/travis/build/icyphy/ptII/ptolemy/domains/modal/test/auto/CannotProduceModal.xml (RunModel)" time="0.02" />
  <testcase classname="ptolemy.util.test.junit.AutoTests" name="[16] /home/travis/build/icyphy/ptII/ptolemy/domains/modal/test/auto/Case.xml (RunModel)" time="0.048" />
  <testcase classname="ptolemy.util.test.junit.AutoTests" name="[17] /home/travis/build/icyphy/ptII/ptolemy/domains/modal/test/auto/Case1.xml (RunModel)" time="0.037" />
  <testcase classname="ptolemy.util.test.junit.AutoTests" name="[18] /home/travis/build/icyphy/ptII/ptolemy/domains/modal/test/auto/Case2.xml (RunModel)" time="0.039" />
  <testcase classname="ptolemy.util.test.junit.AutoTests" name="[19] /home/travis/build/icyphy/ptII/ptolemy/domains/modal/test/auto/CausalityInterface1.xml (RunModel)" time="0.021" />
  <testcase classname="ptolemy.util.test.junit.AutoTests" name="[20] /home/travis/build/icyphy/ptII/ptolemy/domains/modal/test/auto/CausalityInterface10.xml (RunModel)" time="0.073" />
  <testcase classname="ptolemy.util.test.junit.AutoTests" name="[21] /home/travis/build/icyphy/ptII/ptolemy/domains/modal/test/auto/CausalityInterface11.xml (RunModel)" time="0.054" />
  <testcase classname="ptolemy.util.test.junit.AutoTests" name="[22] /home/travis/build/icyphy/ptII/ptolemy/domains/modal/test/auto/CausalityInterface12.xml (RunModel)" time="0.048" />
  <testcase classname="ptolemy.util.test.junit.AutoTests" name="[23] /home/travis/build/icyphy/ptII/ptolemy/domains/modal/test/auto/CausalityInterface13.xml (RunModel)" time="0.051" />
  <testcase classname="ptolemy.util.test.junit.AutoTests" name="[24] /home/travis/build/icyphy/ptII/ptolemy/domains/modal/test/auto/CausalityInterface14.xml (RunModel)" time="0.06" />
  <testcase classname="ptolemy.util.test.junit.AutoTests" name="[25] /home/travis/build/icyphy/ptII/ptolemy/domains/modal/test/auto/CausalityInterface2.xml (RunModel)" time="0.026" />
  <testcase classname="ptolemy.util.test.junit.AutoTests" name="[26] /home/travis/build/icyphy/ptII/ptolemy/domains/modal/test/auto/CausalityInterface3.xml (RunModel)" time="0.025" />
  <testcase classname="ptolemy.util.test.junit.AutoTests" name="[27] /home/travis/build/icyphy/ptII/ptolemy/domains/modal/test/auto/CausalityInterface4.xml (RunModel)" time="0.022" />
  <testcase classname="ptolemy.util.test.junit.AutoTests" name="[28] /home/travis/build/icyphy/ptII/ptolemy/domains/modal/test/auto/CausalityInterface5.xml (RunModel)" time="0.036" />
  <testcase classname="ptolemy.util.test.junit.AutoTests" name="[29] /home/travis/build/icyphy/ptII/ptolemy/domains/modal/test/auto/CausalityInterface6.xml (RunModel)" time="0.037" />
  <testcase classname="ptolemy.util.test.junit.AutoTests" name="[30] /home/travis/build/icyphy/ptII/ptolemy/domains/modal/test/auto/CausalityInterface7.xml (RunModel)" time="0.027" />
  <testcase classname="ptolemy.util.test.junit.AutoTests" name="[31] /home/travis/build/icyphy/ptII/ptolemy/domains/modal/test/auto/CausalityInterface8.xml (RunModel)" time="0.026" />
  <testcase classname="ptolemy.util.test.junit.AutoTests" name="[32] /home/travis/build/icyphy/ptII/ptolemy/domains/modal/test/auto/CausalityInterface9.xml (RunModel)" time="0.025" />
  <testcase classname="ptolemy.util.test.junit.AutoTests" name="[33] /home/travis/build/icyphy/ptII/ptolemy/domains/modal/test/auto/ChainedTransitions.xml (RunModel)" time="0.174" />
  <testcase classname="ptolemy.util.test.junit.AutoTests" name="[34] /home/travis/build/icyphy/ptII/ptolemy/domains/modal/test/auto/CycleOfImmediateTransitionsFSM.xml (RunModel)" time="0.019" />
  <testcase classname="ptolemy.util.test.junit.AutoTests" name="[35] /home/travis/build/icyphy/ptII/ptolemy/domains/modal/test/auto/CycleOfImmediateTransitionsModal.xml (RunModel)" time="0.025" />
  <testcase classname="ptolemy.util.test.junit.AutoTests" name="[36] /home/travis/build/icyphy/ptII/ptolemy/domains/modal/test/auto/CycleOfImmediateTransitionsModal2.xml (RunModel)" time="0.029" />
  <testcase classname="ptolemy.util.test.junit.AutoTests" name="[37] /home/travis/build/icyphy/ptII/ptolemy/domains/modal/test/auto/CycleOfImmediateTransitionsModal3.xml (RunModel)" time="0.07" />
  <testcase classname="ptolemy.util.test.junit.AutoTests" name="[38] /home/travis/build/icyphy/ptII/ptolemy/domains/modal/test/auto/DeepModal1.xml (RunModel)" time="0.055" />
  <testcase classname="ptolemy.util.test.junit.AutoTests" name="[39] /home/travis/build/icyphy/ptII/ptolemy/domains/modal/test/auto/DeepModal2.xml (RunModel)" time="0.057" />
  <testcase classname="ptolemy.util.test.junit.AutoTests" name="[40] /home/travis/build/icyphy/ptII/ptolemy/domains/modal/test/auto/DeepModal3.xml (RunModel)" time="0.063" />
  <testcase classname="ptolemy.util.test.junit.AutoTests" name="[41] /home/travis/build/icyphy/ptII/ptolemy/domains/modal/test/auto/DeepModal4.xml (RunModel)" time="0.088" />
  <testcase classname="ptolemy.util.test.junit.AutoTests" name="[42] /home/travis/build/icyphy/ptII/ptolemy/domains/modal/test/auto/Default1.xml (RunModel)" time="0.016" />
  <testcase classname="ptolemy.util.test.junit.AutoTests" name="[43] /home/travis/build/icyphy/ptII/ptolemy/domains/modal/test/auto/Default2.xml (RunModel)" time="0.019" />
  <testcase classname="ptolemy.util.test.junit.AutoTests" name="[44] /home/travis/build/icyphy/ptII/ptolemy/domains/modal/test/auto/Default3.xml (RunModel)" time="0.02" />
  <testcase classname="ptolemy.util.test.junit.AutoTests" name="[45] /home/travis/build/icyphy/ptII/ptolemy/domains/modal/test/auto/Default4.xml (RunModel)" time="0.016" />
  <testcase classname="ptolemy.util.test.junit.AutoTests" name="[46] /home/travis/build/icyphy/ptII/ptolemy/domains/modal/test/auto/Default5.xml (RunModel)" time="0.022" />
  <testcase classname="ptolemy.util.test.junit.AutoTests" name="[47] /home/travis/build/icyphy/ptII/ptolemy/domains/modal/test/auto/EmptyGuard.xml (RunModel)" time="0.031" />
  <testcase classname="ptolemy.util.test.junit.AutoTests" name="[48] /home/travis/build/icyphy/ptII/ptolemy/domains/modal/test/auto/ErrorTransition1.xml (RunModel)" time="0.029" />
  <testcase classname="ptolemy.util.test.junit.AutoTests" name="[49] /home/travis/build/icyphy/ptII/ptolemy/domains/modal/test/auto/ErrorTransition10.xml (RunModel)" time="0.047" />
  <testcase classname="ptolemy.util.test.junit.AutoTests" name="[50] /home/travis/build/icyphy/ptII/ptolemy/domains/modal/test/auto/ErrorTransition11.xml (RunModel)" time="0.04" />
  <testcase classname="ptolemy.util.test.junit.AutoTests" name="[51] /home/travis/build/icyphy/ptII/ptolemy/domains/modal/test/auto/ErrorTransition2.xml (RunModel)" time="0.026" />
  <testcase classname="ptolemy.util.test.junit.AutoTests" name="[52] /home/travis/build/icyphy/ptII/ptolemy/domains/modal/test/auto/ErrorTransition3.xml (RunModel)" time="0.038" />
  <testcase classname="ptolemy.util.test.junit.AutoTests" name="[53] /home/travis/build/icyphy/ptII/ptolemy/domains/modal/test/auto/ErrorTransition4.xml (RunModel)" time="0.044" />
  <testcase classname="ptolemy.util.test.junit.AutoTests" name="[54] /home/travis/build/icyphy/ptII/ptolemy/domains/modal/test/auto/ErrorTransition5.xml (RunModel)" time="0.028" />
  <testcase classname="ptolemy.util.test.junit.AutoTests" name="[55] /home/travis/build/icyphy/ptII/ptolemy/domains/modal/test/auto/ErrorTransition6.xml (RunModel)" time="0.038" />
  <testcase classname="ptolemy.util.test.junit.AutoTests" name="[56] /home/travis/build/icyphy/ptII/ptolemy/domains/modal/test/auto/ErrorTransition7.xml (RunModel)" time="0.047" />
  <testcase classname="ptolemy.util.test.junit.AutoTests" name="[57] /home/travis/build/icyphy/ptII/ptolemy/domains/modal/test/auto/ErrorTransition8.xml (RunModel)" time="0.045" />
  <testcase classname="ptolemy.util.test.junit.AutoTests" name="[58] /home/travis/build/icyphy/ptII/ptolemy/domains/modal/test/auto/ErrorTransition9.xml (RunModel)" time="0.043" />
  <testcase classname="ptolemy.util.test.junit.AutoTests" name="[59] /home/travis/build/icyphy/ptII/ptolemy/domains/modal/test/auto/ExtendedFSM.xml (RunModel)" time="0.021" />
  <testcase classname="ptolemy.util.test.junit.AutoTests" name="[60] /home/travis/build/icyphy/ptII/ptolemy/domains/modal/test/auto/FinalStates.xml (RunModel)" time="0.028" />
  <testcase classname="ptolemy.util.test.junit.AutoTests" name="[61] /home/travis/build/icyphy/ptII/ptolemy/domains/modal/test/auto/FixedPointFSM.xml (RunModel)" time="0.046" />
  <testcase classname="ptolemy.util.test.junit.AutoTests" name="[62] /home/travis/build/icyphy/ptII/ptolemy/domains/modal/test/auto/FixedPointIterationFSMActor.xml (RunModel)" time="0.029" />
  <testcase classname="ptolemy.util.test.junit.AutoTests" name="[63] /home/travis/build/icyphy/ptII/ptolemy/domains/modal/test/auto/FixedPointIterationFSMActor2.xml (RunModel)" time="0.032" />
  <testcase classname="ptolemy.util.test.junit.AutoTests" name="[64] /home/travis/build/icyphy/ptII/ptolemy/domains/modal/test/auto/ForbiddenInstantanousLoop.xml (RunModel)" time="0.033" />
  <testcase classname="ptolemy.util.test.junit.AutoTests" name="[65] /home/travis/build/icyphy/ptII/ptolemy/domains/modal/test/auto/FunctionDependencyOfFSMActorTest.xml (RunModel)" time="0.022" />
  <testcase classname="ptolemy.util.test.junit.AutoTests" name="[66] /home/travis/build/icyphy/ptII/ptolemy/domains/modal/test/auto/GuardExpression.xml (RunModel)" time="0.015" />
  <testcase classname="ptolemy.util.test.junit.AutoTests" name="[67] /home/travis/build/icyphy/ptII/ptolemy/domains/modal/test/auto/GuardNotEvaluated.xml (RunModel)" time="0.029" />
  <testcase classname="ptolemy.util.test.junit.AutoTests" name="[68] /home/travis/build/icyphy/ptII/ptolemy/domains/modal/test/auto/GuardNotEvaluated2.xml (RunModel)" time="0.027" />
  <testcase classname="ptolemy.util.test.junit.AutoTests" name="[69] /home/travis/build/icyphy/ptII/ptolemy/domains/modal/test/auto/GuardOnAbsent.xml (RunModel)" time="0.045" />
  <testcase classname="ptolemy.util.test.junit.AutoTests" name="[70] /home/travis/build/icyphy/ptII/ptolemy/domains/modal/test/auto/HierarchicalFSMTypeInference.xml (RunModel)" time="0.028" />
  <testcase classname="ptolemy.util.test.junit.AutoTests" name="[71] /home/travis/build/icyphy/ptII/ptolemy/domains/modal/test/auto/Hysteresis.xml (RunModel)" time="0.049" />
  <testcase classname="ptolemy.util.test.junit.AutoTests" name="[72] /home/travis/build/icyphy/ptII/ptolemy/domains/modal/test/auto/HysteresisWithDefault.xml (RunModel)" time="0.084" />
  <testcase classname="ptolemy.util.test.junit.AutoTests" name="[73] /home/travis/build/icyphy/ptII/ptolemy/domains/modal/test/auto/HysteresisWithDefault2.xml (RunModel)" time="0.081" />
  <testcase classname="ptolemy.util.test.junit.AutoTests" name="[74] /home/travis/build/icyphy/ptII/ptolemy/domains/modal/test/auto/ImmediateNonConstructiveness.xml (RunModel)" time="0.022" />
  <testcase classname="ptolemy.util.test.junit.AutoTests" name="[75] /home/travis/build/icyphy/ptII/ptolemy/domains/modal/test/auto/ImmediateNonConstructiveness2.xml (RunModel)" time="0.019" />
  <testcase classname="ptolemy.util.test.junit.AutoTests" name="[76] /home/travis/build/icyphy/ptII/ptolemy/domains/modal/test/auto/ImmediateTransitionReset.xml (RunModel)" time="0.035" />
  <testcase classname="ptolemy.util.test.junit.AutoTests" name="[77] /home/travis/build/icyphy/ptII/ptolemy/domains/modal/test/auto/ImmediateTransitions1.xml (RunModel)" time="0.014" />
  <testcase classname="ptolemy.util.test.junit.AutoTests" name="[78] /home/travis/build/icyphy/ptII/ptolemy/domains/modal/test/auto/ImmediateTransitionsInstantaneousCommunication.xml (RunModel)" time="0.036" />
  <testcase classname="ptolemy.util.test.junit.AutoTests" name="[79] /home/travis/build/icyphy/ptII/ptolemy/domains/modal/test/auto/InitialImmediateTransition.xml (RunModel)" time="0.017" />
  <testcase classname="ptolemy.util.test.junit.AutoTests" name="[80] /home/travis/build/icyphy/ptII/ptolemy/domains/modal/test/auto/InitialOutputs.xml (RunModel)" time="0.017" />
  <testcase classname="ptolemy.util.test.junit.AutoTests" name="[81] /home/travis/build/icyphy/ptII/ptolemy/domains/modal/test/auto/InitialStateTransition1.xml (RunModel)" time="0.019" />
  <testcase classname="ptolemy.util.test.junit.AutoTests" name="[82] /home/travis/build/icyphy/ptII/ptolemy/domains/modal/test/auto/InitialStateTransition2.xml (RunModel)" time="0.033" />
  <testcase classname="ptolemy.util.test.junit.AutoTests" name="[83] /home/travis/build/icyphy/ptII/ptolemy/domains/modal/test/auto/InitialStateTransition3.xml (RunModel)" time="0.024" />
  <testcase classname="ptolemy.util.test.junit.AutoTests" name="[84] /home/travis/build/icyphy/ptII/ptolemy/domains/modal/test/auto/InitialStateTransition4.xml (RunModel)" time="0.026" />
  <testcase classname="ptolemy.util.test.junit.AutoTests" name="[85] /home/travis/build/icyphy/ptII/ptolemy/domains/modal/test/auto/MalformedGuardExpressionNotCaught.xml (RunModel)" time="0.024" />
  <testcase classname="ptolemy.util.test.junit.AutoTests" name="[86] /home/travis/build/icyphy/ptII/ptolemy/domains/modal/test/auto/ModalBSC.xml (RunModel)" time="0.09" />
  <testcase classname="ptolemy.util.test.junit.AutoTests" name="[87] /home/travis/build/icyphy/ptII/ptolemy/domains/modal/test/auto/ModalClocks.xml (RunModel)" time="0.068" />
  <testcase classname="ptolemy.util.test.junit.AutoTests" name="[88] /home/travis/build/icyphy/ptII/ptolemy/domains/modal/test/auto/ModalDelay.xml (RunModel)" time="0.044" />
  <testcase classname="ptolemy.util.test.junit.AutoTests" name="[89] /home/travis/build/icyphy/ptII/ptolemy/domains/modal/test/auto/ModalDelay2.xml (RunModel)" time="0.045" />
  <testcase classname="ptolemy.util.test.junit.AutoTests" name="[90] /home/travis/build/icyphy/ptII/ptolemy/domains/modal/test/auto/ModalModelFromMemo.xml (RunModel)" time="0.053" />
  <testcase classname="ptolemy.util.test.junit.AutoTests" name="[91] /home/travis/build/icyphy/ptII/ptolemy/domains/modal/test/auto/ModalModelWithMultirateTransient.xml (RunModel)" time="0.051" />
  <testcase classname="ptolemy.util.test.junit.AutoTests" name="[92] /home/travis/build/icyphy/ptII/ptolemy/domains/modal/test/auto/ModalModelWithReset.xml (RunModel)" time="0.07" />
  <testcase classname="ptolemy.util.test.junit.AutoTests" name="[93] /home/travis/build/icyphy/ptII/ptolemy/domains/modal/test/auto/MouseClickFSM.xml (RunModel)" time="0.039" />
  <testcase classname="ptolemy.util.test.junit.AutoTests" name="[94] /home/travis/build/icyphy/ptII/ptolemy/domains/modal/test/auto/MouseClickFSMModal.xml (RunModel)" time="0.035" />
  <testcase classname="ptolemy.util.test.junit.AutoTests" name="[95] /home/travis/build/icyphy/ptII/ptolemy/domains/modal/test/auto/NonStrictFSM_FeedbackLoop.xml (RunModel)" time="0.044" />
  <testcase classname="ptolemy.util.test.junit.AutoTests" name="[96] /home/travis/build/icyphy/ptII/ptolemy/domains/modal/test/auto/NonStrictFSM_FeedbackLoop_Refinement.xml (RunModel)" time="0.073" />
  <testcase classname="ptolemy.util.test.junit.AutoTests" name="[97] /home/travis/build/icyphy/ptII/ptolemy/domains/modal/test/auto/NonStrictFSM_FeedbackLoop_preemptive.xml (RunModel)" time="0.054" />
  <testcase classname="ptolemy.util.test.junit.AutoTests" name="[98] /home/travis/build/icyphy/ptII/ptolemy/domains/modal/test/auto/NormalTermination.xml (RunModel)" time="0.043" />
  <testcase classname="ptolemy.util.test.junit.AutoTests" name="[99] /home/travis/build/icyphy/ptII/ptolemy/domains/modal/test/auto/Pong.xml (RunModel)" time="0.079" />
  <testcase classname="ptolemy.util.test.junit.AutoTests" name="[100] /home/travis/build/icyphy/ptII/ptolemy/domains/modal/test/auto/Pong_test.xml (RunModel)" time="0.106" />
  <testcase classname="ptolemy.util.test.junit.AutoTests" name="[101] /home/travis/build/icyphy/ptII/ptolemy/domains/modal/test/auto/PreemptionHierarchy.xml (RunModel)" time="0.024" />
  <testcase classname="ptolemy.util.test.junit.AutoTests" name="[102] /home/travis/build/icyphy/ptII/ptolemy/domains/modal/test/auto/PreemptionHierarchy2.xml (RunModel)" time="0.056" />
  <testcase classname="ptolemy.util.test.junit.AutoTests" name="[103] /home/travis/build/icyphy/ptII/ptolemy/domains/modal/test/auto/PreemptiveTransition.xml (RunModel)" time="0.028" />
  <testcase classname="ptolemy.util.test.junit.AutoTests" name="[104] /home/travis/build/icyphy/ptII/ptolemy/domains/modal/test/auto/Priorities.xml (RunModel)" time="0.109" />
  <testcase classname="ptolemy.util.test.junit.AutoTests" name="[105] /home/travis/build/icyphy/ptII/ptolemy/domains/modal/test/auto/ResetFinal.xml (RunModel)" time="0.04" />
  <testcase classname="ptolemy.util.test.junit.AutoTests" name="[106] /home/travis/build/icyphy/ptII/ptolemy/domains/modal/test/auto/ResetFinal2.xml (RunModel)" time="0.03" />
  <testcase classname="ptolemy.util.test.junit.AutoTests" name="[107] /home/travis/build/icyphy/ptII/ptolemy/domains/modal/test/auto/ResetTransitionWithStartTime.xml (RunModel)" time="0.026" />
  <testcase classname="ptolemy.util.test.junit.AutoTests" name="[108] /home/travis/build/icyphy/ptII/ptolemy/domains/modal/test/auto/SDF-FSMComposite.xml (RunModel)" time="0.022" />
  <testcase classname="ptolemy.util.test.junit.AutoTests" name="[109] /home/travis/build/icyphy/ptII/ptolemy/domains/modal/test/auto/SeeminglyNondeterminate.xml (RunModel)" time="0.06" />
  <testcase classname="ptolemy.util.test.junit.AutoTests" name="[110] /home/travis/build/icyphy/ptII/ptolemy/domains/modal/test/auto/SeeminglyNondeterminate2.xml (RunModel)" time="0.073" />
  <testcase classname="ptolemy.util.test.junit.AutoTests" name="[111] /home/travis/build/icyphy/ptII/ptolemy/domains/modal/test/auto/SpontaneousFSM.xml (RunModel)" time="0.062" />
  <testcase classname="ptolemy.util.test.junit.AutoTests" name="[112] /home/travis/build/icyphy/ptII/ptolemy/domains/modal/test/auto/SpontaneousFSM2.xml (RunModel)" time="0.053" />
  <testcase classname="ptolemy.util.test.junit.AutoTests" name="[113] /home/travis/build/icyphy/ptII/ptolemy/domains/modal/test/auto/SpontaneousFSM3.xml (RunModel)" time="0.047" />
  <testcase classname="ptolemy.util.test.junit.AutoTests" name="[114] /home/travis/build/icyphy/ptII/ptolemy/domains/modal/test/auto/SpontaneousFSM4.xml (RunModel)" time="0.049" />
  <testcase classname="ptolemy.util.test.junit.AutoTests" name="[115] /home/travis/build/icyphy/ptII/ptolemy/domains/modal/test/auto/StateTrackerTest.xml (RunModel)" time="0.062" />
  <testcase classname="ptolemy.util.test.junit.AutoTests" name="[116] /home/travis/build/icyphy/ptII/ptolemy/domains/modal/test/auto/StrongImmediateTransition.xml (RunModel)" time="0.026" />
  <testcase classname="ptolemy.util.test.junit.AutoTests" name="[117] /home/travis/build/icyphy/ptII/ptolemy/domains/modal/test/auto/SustainHierarchy.xml (RunModel)" time="0.028" />
  <testcase classname="ptolemy.util.test.junit.AutoTests" name="[118] /home/travis/build/icyphy/ptII/ptolemy/domains/modal/test/auto/TerminationTransition1.xml (RunModel)" time="0.018" />
  <testcase classname="ptolemy.util.test.junit.AutoTests" name="[119] /home/travis/build/icyphy/ptII/ptolemy/domains/modal/test/auto/TerminationTransition2.xml (RunModel)" time="0.026" />
  <testcase classname="ptolemy.util.test.junit.AutoTests" name="[120] /home/travis/build/icyphy/ptII/ptolemy/domains/modal/test/auto/TerminationTransition3.xml (RunModel)" time="0.022" />
  <testcase classname="ptolemy.util.test.junit.AutoTests" name="[121] /home/travis/build/icyphy/ptII/ptolemy/domains/modal/test/auto/TerminationTransition4.xml (RunModel)" time="0.035" />
  <testcase classname="ptolemy.util.test.junit.AutoTests" name="[122] /home/travis/build/icyphy/ptII/ptolemy/domains/modal/test/auto/TerminationTransition5.xml (RunModel)" time="0.031" />
  <testcase classname="ptolemy.util.test.junit.AutoTests" name="[123] /home/travis/build/icyphy/ptII/ptolemy/domains/modal/test/auto/TerminationTransition6.xml (RunModel)" time="0.022" />
  <testcase classname="ptolemy.util.test.junit.AutoTests" name="[124] /home/travis/build/icyphy/ptII/ptolemy/domains/modal/test/auto/TerminationTransition7.xml (RunModel)" time="0.022" />
  <testcase classname="ptolemy.util.test.junit.AutoTests" name="[125] /home/travis/build/icyphy/ptII/ptolemy/domains/modal/test/auto/TerminationTransition8.xml (RunModel)" time="0.022" />
  <testcase classname="ptolemy.util.test.junit.AutoTests" name="[126] /home/travis/build/icyphy/ptII/ptolemy/domains/modal/test/auto/Thermostat_NoHysteresis.xml (RunModel)" time="0.076" />
  <testcase classname="ptolemy.util.test.junit.AutoTests" name="[127] /home/travis/build/icyphy/ptII/ptolemy/domains/modal/test/auto/TimedFSM.xml (RunModel)" time="0.031" />
  <testcase classname="ptolemy.util.test.junit.AutoTests" name="[128] /home/travis/build/icyphy/ptII/ptolemy/domains/modal/test/auto/Timeout1.xml (RunModel)" time="0.014" />
  <testcase classname="ptolemy.util.test.junit.AutoTests" name="[129] /home/travis/build/icyphy/ptII/ptolemy/domains/modal/test/auto/Timeout2.xml (RunModel)" time="0.024" />
  <testcase classname="ptolemy.util.test.junit.AutoTests" name="[130] /home/travis/build/icyphy/ptII/ptolemy/domains/modal/test/auto/Timeout3.xml (RunModel)" time="0.011" />
  <testcase classname="ptolemy.util.test.junit.AutoTests" name="[131] /home/travis/build/icyphy/ptII/ptolemy/domains/modal/test/auto/Timeout4.xml (RunModel)" time="0.011" />
  <testcase classname="ptolemy.util.test.junit.AutoTests" name="[132] /home/travis/build/icyphy/ptII/ptolemy/domains/modal/test/auto/TransientstateModelAdvanced.xml (RunModel)" time="0.027" />
  <testcase classname="ptolemy.util.test.junit.AutoTests" name="[133] /home/travis/build/icyphy/ptII/ptolemy/domains/modal/test/auto/TransientstateModelAdvanced2.xml (RunModel)" time="0.028" />
  <testcase classname="ptolemy.util.test.junit.AutoTests" name="[134] /home/travis/build/icyphy/ptII/ptolemy/domains/modal/test/auto/TransitionRefinements.xml (RunModel)" time="0.024" />
  <testcase classname="ptolemy.util.test.junit.AutoTests" name="[135] /home/travis/build/icyphy/ptII/ptolemy/domains/modal/test/auto/TwoRefinements1.xml (RunModel)" time="0.023" />
  <testcase classname="ptolemy.util.test.junit.AutoTests" name="[136] /home/travis/build/icyphy/ptII/ptolemy/domains/modal/test/auto/TwoRefinements2.xml (RunModel)" time="0.023" />
  <testcase classname="ptolemy.util.test.junit.AutoTests" name="[137] /home/travis/build/icyphy/ptII/ptolemy/domains/modal/test/auto/WeakImmediateTransition.xml (RunModel)" time="0.024" />
  <testcase classname="ptolemy.util.test.junit.AutoTests" name="[138] /home/travis/build/icyphy/ptII/ptolemy/domains/modal/test/auto/booleanSelect.xml (RunModel)" time="0.057" />
  <testcase classname="ptolemy.util.test.junit.AutoTests" name="[139] /home/travis/build/icyphy/ptII/ptolemy/domains/modal/test/auto/modalChangingParams.xml (RunModel)" time="0.315" />
  <testcase classname="ptolemy.util.test.junit.AutoTests" name="[140] /home/travis/build/icyphy/ptII/ptolemy/domains/modal/test/auto/modalModel.xml (RunModel)" time="0.038" />
  <testcase classname="ptolemy.util.test.junit.AutoTests" name="[141] /home/travis/build/icyphy/ptII/ptolemy/domains/modal/test/auto/modalModel2.xml (RunModel)" time="0.029" />
  <testcase classname="ptolemy.util.test.junit.AutoTests" name="[142] /home/travis/build/icyphy/ptII/ptolemy/domains/modal/test/auto/modalModel3.xml (RunModel)" time="0.04" />
  <testcase classname="ptolemy.util.test.junit.AutoTests" name="[143] /home/travis/build/icyphy/ptII/ptolemy/domains/modal/test/auto/model1.xml (RunModel)" time="0.021" />
  <testcase classname="ptolemy.util.test.junit.AutoTests" name="[144] /home/travis/build/icyphy/ptII/ptolemy/domains/modal/test/auto/test-direct-in-out.xml (RunModel)" time="0.024" />
  <system-out><![CDATA[/home/travis/build/icyphy/ptII/ptolemy/domains/modal/test/SystemLevelType.tcl
testDefs.tcl: setting time out to 9000 seconds at Fri Oct 16 15:50:24 UTC 2020
10/16/20 03:50:26
Failed: 0  Total Tests: 1  ((Passed: 1, Newly Passed: 0)  Known Failed: 0) /home/travis/build/icyphy/ptII/ptolemy/domains/modal/test
----------------- testing (KnownFailure) /home/travis/build/icyphy/ptII/ptolemy/domains/modal/test/auto/knownFailedTests/CannotAnalysisWithPreemption.xml
118 ms. Memory: 163840K Free: 122804K (75%)
Known Failure: java.lang.reflect.InvocationTargetException
No auto/linux-amd64/*.xml tests in /home/travis/build/icyphy/ptII/ptolemy/domains/modal/test
AutoTests.java: About to close Vertx.
AutoTests.java: Vertx closed.

===========================================================================================
----------------- testing Fri Oct 16 15:50:26 UTC 2020 /home/travis/build/icyphy/ptII/ptolemy/domains/modal/test/auto/ABPTest.xml
----------------- Instantiating /home/travis/build/icyphy/ptII/ptolemy/domains/modal/test/auto/ABPTest.xml
409 ms. Memory: 163840K Free: 124591K (76%)
----------------- Invoking toplevel() on ptolemy.moml.MoMLSimpleApplication@cd15d9
----------------- Done invoking toplevel() on ptolemy.moml.MoMLSimpleApplication@cd15d9
reloadAllAccessors: .ABPTest

===========================================================================================
----------------- testing Fri Oct 16 15:50:27 UTC 2020 /home/travis/build/icyphy/ptII/ptolemy/domains/modal/test/auto/ABROFlat.xml
----------------- Instantiating /home/travis/build/icyphy/ptII/ptolemy/domains/modal/test/auto/ABROFlat.xml
19 ms. Memory: 163840K Free: 109679K (67%)
----------------- Invoking toplevel() on ptolemy.moml.MoMLSimpleApplication@3cfcf001
----------------- Done invoking toplevel() on ptolemy.moml.MoMLSimpleApplication@3cfcf001
reloadAllAccessors: .ABROFlat

===========================================================================================
----------------- testing Fri Oct 16 15:50:27 UTC 2020 /home/travis/build/icyphy/ptII/ptolemy/domains/modal/test/auto/ABROFlat2.xml
----------------- Instantiating /home/travis/build/icyphy/ptII/ptolemy/domains/modal/test/auto/ABROFlat2.xml
26 ms. Memory: 163840K Free: 92807K (57%)
----------------- Invoking toplevel() on ptolemy.moml.MoMLSimpleApplication@3f8f07b
----------------- Done invoking toplevel() on ptolemy.moml.MoMLSimpleApplication@3f8f07b
reloadAllAccessors: .ABROFlat2

===========================================================================================
----------------- testing Fri Oct 16 15:50:27 UTC 2020 /home/travis/build/icyphy/ptII/ptolemy/domains/modal/test/auto/ABRO_present_hmm.xml
----------------- Instantiating /home/travis/build/icyphy/ptII/ptolemy/domains/modal/test/auto/ABRO_present_hmm.xml
18 ms. Memory: 163840K Free: 66183K (40%)
----------------- Invoking toplevel() on ptolemy.moml.MoMLSimpleApplication@4cdc8569
----------------- Done invoking toplevel() on ptolemy.moml.MoMLSimpleApplication@4cdc8569
reloadAllAccessors: .ABRO_present_hmm

===========================================================================================
----------------- testing Fri Oct 16 15:50:27 UTC 2020 /home/travis/build/icyphy/ptII/ptolemy/domains/modal/test/auto/AMICoderExample.xml
----------------- Instantiating /home/travis/build/icyphy/ptII/ptolemy/domains/modal/test/auto/AMICoderExample.xml
42 ms. Memory: 163840K Free: 56453K (34%)
----------------- Invoking toplevel() on ptolemy.moml.MoMLSimpleApplication@66a35d62
----------------- Done invoking toplevel() on ptolemy.moml.MoMLSimpleApplication@66a35d62
reloadAllAccessors: .AMICoderExample

===========================================================================================
----------------- testing Fri Oct 16 15:50:28 UTC 2020 /home/travis/build/icyphy/ptII/ptolemy/domains/modal/test/auto/AbsentToPresent.xml
----------------- Instantiating /home/travis/build/icyphy/ptII/ptolemy/domains/modal/test/auto/AbsentToPresent.xml
8 ms. Memory: 163840K Free: 143906K (88%)
----------------- Invoking toplevel() on ptolemy.moml.MoMLSimpleApplication@485bb130
----------------- Done invoking toplevel() on ptolemy.moml.MoMLSimpleApplication@485bb130
reloadAllAccessors: .AbsentToPresent

===========================================================================================
----------------- testing Fri Oct 16 15:50:28 UTC 2020 /home/travis/build/icyphy/ptII/ptolemy/domains/modal/test/auto/Blending.xml
----------------- Instantiating /home/travis/build/icyphy/ptII/ptolemy/domains/modal/test/auto/Blending.xml
182 ms. Memory: 163840K Free: 99360K (61%)
----------------- Invoking toplevel() on ptolemy.moml.MoMLSimpleApplication@68599827
----------------- Done invoking toplevel() on ptolemy.moml.MoMLSimpleApplication@68599827
reloadAllAccessors: .Blending

===========================================================================================
----------------- testing Fri Oct 16 15:50:28 UTC 2020 /home/travis/build/icyphy/ptII/ptolemy/domains/modal/test/auto/Broadcast.xml
----------------- Instantiating /home/travis/build/icyphy/ptII/ptolemy/domains/modal/test/auto/Broadcast.xml
11 ms. Memory: 163840K Free: 89120K (54%)
----------------- Invoking toplevel() on ptolemy.moml.MoMLSimpleApplication@b099d88
----------------- Done invoking toplevel() on ptolemy.moml.MoMLSimpleApplication@b099d88
reloadAllAccessors: .Broadcast

===========================================================================================
----------------- testing Fri Oct 16 15:50:28 UTC 2020 /home/travis/build/icyphy/ptII/ptolemy/domains/modal/test/auto/BroadcastHierarchy.xml
----------------- Instantiating /home/travis/build/icyphy/ptII/ptolemy/domains/modal/test/auto/BroadcastHierarchy.xml
13 ms. Memory: 163840K Free: 75298K (46%)
----------------- Invoking toplevel() on ptolemy.moml.MoMLSimpleApplication@796fb928
----------------- Done invoking toplevel() on ptolemy.moml.MoMLSimpleApplication@796fb928
reloadAllAccessors: .BroadcastHierarchy

===========================================================================================
----------------- testing Fri Oct 16 15:50:28 UTC 2020 /home/travis/build/icyphy/ptII/ptolemy/domains/modal/test/auto/BroadcastHierarchy2.xml
----------------- Instantiating /home/travis/build/icyphy/ptII/ptolemy/domains/modal/test/auto/BroadcastHierarchy2.xml
35 ms. Memory: 215040K Free: 191008K (89%)
----------------- Invoking toplevel() on ptolemy.moml.MoMLSimpleApplication@3fe528a1
----------------- Done invoking toplevel() on ptolemy.moml.MoMLSimpleApplication@3fe528a1
reloadAllAccessors: .BroadcastHierarchy2

===========================================================================================
----------------- testing Fri Oct 16 15:50:28 UTC 2020 /home/travis/build/icyphy/ptII/ptolemy/domains/modal/test/auto/BroadcastHierarchy3.xml
----------------- Instantiating /home/travis/build/icyphy/ptII/ptolemy/domains/modal/test/auto/BroadcastHierarchy3.xml
25 ms. Memory: 215040K Free: 171042K (80%)
----------------- Invoking toplevel() on ptolemy.moml.MoMLSimpleApplication@3b4292c5
----------------- Done invoking toplevel() on ptolemy.moml.MoMLSimpleApplication@3b4292c5
reloadAllAccessors: .BroadcastHierarchy3

===========================================================================================
----------------- testing Fri Oct 16 15:50:28 UTC 2020 /home/travis/build/icyphy/ptII/ptolemy/domains/modal/test/auto/BroadcastHierarchy4.xml
----------------- Instantiating /home/travis/build/icyphy/ptII/ptolemy/domains/modal/test/auto/BroadcastHierarchy4.xml
21 ms. Memory: 215040K Free: 146976K (68%)
----------------- Invoking toplevel() on ptolemy.moml.MoMLSimpleApplication@7d25a46c
----------------- Done invoking toplevel() on ptolemy.moml.MoMLSimpleApplication@7d25a46c
reloadAllAccessors: .BroadcastHierarchy4

===========================================================================================
----------------- testing Fri Oct 16 15:50:28 UTC 2020 /home/travis/build/icyphy/ptII/ptolemy/domains/modal/test/auto/CannotAnalysisWithPreemption2.xml
----------------- Instantiating /home/travis/build/icyphy/ptII/ptolemy/domains/modal/test/auto/CannotAnalysisWithPreemption2.xml
4 ms. Memory: 215040K Free: 139793K (65%)
----------------- Invoking toplevel() on ptolemy.moml.MoMLSimpleApplication@54a15ede
----------------- Done invoking toplevel() on ptolemy.moml.MoMLSimpleApplication@54a15ede
reloadAllAccessors: .CannotAnalysisWithPreemption2

===========================================================================================
----------------- testing Fri Oct 16 15:50:28 UTC 2020 /home/travis/build/icyphy/ptII/ptolemy/domains/modal/test/auto/CannotAnalysisWithPreemption3.xml
----------------- Instantiating /home/travis/build/icyphy/ptII/ptolemy/domains/modal/test/auto/CannotAnalysisWithPreemption3.xml
8 ms. Memory: 215040K Free: 129537K (60%)
----------------- Invoking toplevel() on ptolemy.moml.MoMLSimpleApplication@512f1b8b
----------------- Done invoking toplevel() on ptolemy.moml.MoMLSimpleApplication@512f1b8b
reloadAllAccessors: .CannotAnalysisWithPreemption3

===========================================================================================
----------------- testing Fri Oct 16 15:50:28 UTC 2020 /home/travis/build/icyphy/ptII/ptolemy/domains/modal/test/auto/CannotProduce.xml
----------------- Instantiating /home/travis/build/icyphy/ptII/ptolemy/domains/modal/test/auto/CannotProduce.xml
16 ms. Memory: 215040K Free: 122914K (57%)
----------------- Invoking toplevel() on ptolemy.moml.MoMLSimpleApplication@16062ae7
----------------- Done invoking toplevel() on ptolemy.moml.MoMLSimpleApplication@16062ae7
reloadAllAccessors: .CannotProduce

===========================================================================================
----------------- testing Fri Oct 16 15:50:28 UTC 2020 /home/travis/build/icyphy/ptII/ptolemy/domains/modal/test/auto/CannotProduceModal.xml
----------------- Instantiating /home/travis/build/icyphy/ptII/ptolemy/domains/modal/test/auto/CannotProduceModal.xml
5 ms. Memory: 215040K Free: 116770K (54%)
----------------- Invoking toplevel() on ptolemy.moml.MoMLSimpleApplication@e3e2473
----------------- Done invoking toplevel() on ptolemy.moml.MoMLSimpleApplication@e3e2473
reloadAllAccessors: .CannotProduceModal

===========================================================================================
----------------- testing Fri Oct 16 15:50:28 UTC 2020 /home/travis/build/icyphy/ptII/ptolemy/domains/modal/test/auto/Case.xml
----------------- Instantiating /home/travis/build/icyphy/ptII/ptolemy/domains/modal/test/auto/Case.xml
16 ms. Memory: 215040K Free: 105506K (49%)
----------------- Invoking toplevel() on ptolemy.moml.MoMLSimpleApplication@27c4604e
----------------- Done invoking toplevel() on ptolemy.moml.MoMLSimpleApplication@27c4604e
reloadAllAccessors: .Case

===========================================================================================
----------------- testing Fri Oct 16 15:50:29 UTC 2020 /home/travis/build/icyphy/ptII/ptolemy/domains/modal/test/auto/Case1.xml
----------------- Instantiating /home/travis/build/icyphy/ptII/ptolemy/domains/modal/test/auto/Case1.xml
5 ms. Memory: 215040K Free: 97824K (45%)
----------------- Invoking toplevel() on ptolemy.moml.MoMLSimpleApplication@d67f082
----------------- Done invoking toplevel() on ptolemy.moml.MoMLSimpleApplication@d67f082
reloadAllAccessors: .Case1

===========================================================================================
----------------- testing Fri Oct 16 15:50:29 UTC 2020 /home/travis/build/icyphy/ptII/ptolemy/domains/modal/test/auto/Case2.xml
----------------- Instantiating /home/travis/build/icyphy/ptII/ptolemy/domains/modal/test/auto/Case2.xml
15 ms. Memory: 215040K Free: 87074K (40%)
----------------- Invoking toplevel() on ptolemy.moml.MoMLSimpleApplication@647dac4a
----------------- Done invoking toplevel() on ptolemy.moml.MoMLSimpleApplication@647dac4a
reloadAllAccessors: .Case2

===========================================================================================
----------------- testing Fri Oct 16 15:50:29 UTC 2020 /home/travis/build/icyphy/ptII/ptolemy/domains/modal/test/auto/CausalityInterface1.xml
----------------- Instantiating /home/travis/build/icyphy/ptII/ptolemy/domains/modal/test/auto/CausalityInterface1.xml
2 ms. Memory: 215040K Free: 81954K (38%)
----------------- Invoking toplevel() on ptolemy.moml.MoMLSimpleApplication@481f2fa7
----------------- Done invoking toplevel() on ptolemy.moml.MoMLSimpleApplication@481f2fa7
reloadAllAccessors: .CausalityInterface1

===========================================================================================
----------------- testing Fri Oct 16 15:50:29 UTC 2020 /home/travis/build/icyphy/ptII/ptolemy/domains/modal/test/auto/CausalityInterface10.xml
----------------- Instantiating /home/travis/build/icyphy/ptII/ptolemy/domains/modal/test/auto/CausalityInterface10.xml
16 ms. Memory: 215040K Free: 192034K (89%)
----------------- Invoking toplevel() on ptolemy.moml.MoMLSimpleApplication@4287ebff
----------------- Done invoking toplevel() on ptolemy.moml.MoMLSimpleApplication@4287ebff
reloadAllAccessors: .CausalityInterface10

===========================================================================================
----------------- testing Fri Oct 16 15:50:29 UTC 2020 /home/travis/build/icyphy/ptII/ptolemy/domains/modal/test/auto/CausalityInterface11.xml
----------------- Instantiating /home/travis/build/icyphy/ptII/ptolemy/domains/modal/test/auto/CausalityInterface11.xml
8 ms. Memory: 215040K Free: 178722K (83%)
----------------- Invoking toplevel() on ptolemy.moml.MoMLSimpleApplication@88ce752
----------------- Done invoking toplevel() on ptolemy.moml.MoMLSimpleApplication@88ce752
reloadAllAccessors: .CausalityInterface11

===========================================================================================
----------------- testing Fri Oct 16 15:50:29 UTC 2020 /home/travis/build/icyphy/ptII/ptolemy/domains/modal/test/auto/CausalityInterface12.xml
----------------- Instantiating /home/travis/build/icyphy/ptII/ptolemy/domains/modal/test/auto/CausalityInterface12.xml
7 ms. Memory: 215040K Free: 165410K (77%)
----------------- Invoking toplevel() on ptolemy.moml.MoMLSimpleApplication@504f1911
----------------- Done invoking toplevel() on ptolemy.moml.MoMLSimpleApplication@504f1911
reloadAllAccessors: .CausalityInterface12

===========================================================================================
----------------- testing Fri Oct 16 15:50:29 UTC 2020 /home/travis/build/icyphy/ptII/ptolemy/domains/modal/test/auto/CausalityInterface13.xml
----------------- Instantiating /home/travis/build/icyphy/ptII/ptolemy/domains/modal/test/auto/CausalityInterface13.xml
10 ms. Memory: 215040K Free: 151569K (70%)
----------------- Invoking toplevel() on ptolemy.moml.MoMLSimpleApplication@66583b38
----------------- Done invoking toplevel() on ptolemy.moml.MoMLSimpleApplication@66583b38
reloadAllAccessors: .CausalityInterface13

===========================================================================================
----------------- testing Fri Oct 16 15:50:29 UTC 2020 /home/travis/build/icyphy/ptII/ptolemy/domains/modal/test/auto/CausalityInterface14.xml
----------------- Instantiating /home/travis/build/icyphy/ptII/ptolemy/domains/modal/test/auto/CausalityInterface14.xml
8 ms. Memory: 215040K Free: 137762K (64%)
----------------- Invoking toplevel() on ptolemy.moml.MoMLSimpleApplication@283d5682
----------------- Done invoking toplevel() on ptolemy.moml.MoMLSimpleApplication@283d5682
reloadAllAccessors: .CausalityInterface14

===========================================================================================
----------------- testing Fri Oct 16 15:50:29 UTC 2020 /home/travis/build/icyphy/ptII/ptolemy/domains/modal/test/auto/CausalityInterface2.xml
----------------- Instantiating /home/travis/build/icyphy/ptII/ptolemy/domains/modal/test/auto/CausalityInterface2.xml
4 ms. Memory: 215040K Free: 131073K (61%)
----------------- Invoking toplevel() on ptolemy.moml.MoMLSimpleApplication@5119332e
----------------- Done invoking toplevel() on ptolemy.moml.MoMLSimpleApplication@5119332e
reloadAllAccessors: .CausalityInterface2

===========================================================================================
----------------- testing Fri Oct 16 15:50:29 UTC 2020 /home/travis/build/icyphy/ptII/ptolemy/domains/modal/test/auto/CausalityInterface3.xml
----------------- Instantiating /home/travis/build/icyphy/ptII/ptolemy/domains/modal/test/auto/CausalityInterface3.xml
3 ms. Memory: 215040K Free: 124960K (58%)
----------------- Invoking toplevel() on ptolemy.moml.MoMLSimpleApplication@1916ec97
----------------- Done invoking toplevel() on ptolemy.moml.MoMLSimpleApplication@1916ec97
reloadAllAccessors: .CausalityInterface3

===========================================================================================
----------------- testing Fri Oct 16 15:50:29 UTC 2020 /home/travis/build/icyphy/ptII/ptolemy/domains/modal/test/auto/CausalityInterface4.xml
----------------- Instantiating /home/travis/build/icyphy/ptII/ptolemy/domains/modal/test/auto/CausalityInterface4.xml
3 ms. Memory: 215040K Free: 118816K (55%)
----------------- Invoking toplevel() on ptolemy.moml.MoMLSimpleApplication@7b3e7d4b
----------------- Done invoking toplevel() on ptolemy.moml.MoMLSimpleApplication@7b3e7d4b
reloadAllAccessors: .CausalityInterface4

===========================================================================================
----------------- testing Fri Oct 16 15:50:29 UTC 2020 /home/travis/build/icyphy/ptII/ptolemy/domains/modal/test/auto/CausalityInterface5.xml
----------------- Instantiating /home/travis/build/icyphy/ptII/ptolemy/domains/modal/test/auto/CausalityInterface5.xml
5 ms. Memory: 215040K Free: 111138K (52%)
----------------- Invoking toplevel() on ptolemy.moml.MoMLSimpleApplication@2d487f1b
----------------- Done invoking toplevel() on ptolemy.moml.MoMLSimpleApplication@2d487f1b
reloadAllAccessors: .CausalityInterface5

===========================================================================================
----------------- testing Fri Oct 16 15:50:29 UTC 2020 /home/travis/build/icyphy/ptII/ptolemy/domains/modal/test/auto/CausalityInterface6.xml
----------------- Instantiating /home/travis/build/icyphy/ptII/ptolemy/domains/modal/test/auto/CausalityInterface6.xml
3 ms. Memory: 215040K Free: 102946K (48%)
----------------- Invoking toplevel() on ptolemy.moml.MoMLSimpleApplication@a6f341
----------------- Done invoking toplevel() on ptolemy.moml.MoMLSimpleApplication@a6f341
reloadAllAccessors: .CausalityInterface6

===========================================================================================
----------------- testing Fri Oct 16 15:50:29 UTC 2020 /home/travis/build/icyphy/ptII/ptolemy/domains/modal/test/auto/CausalityInterface7.xml
----------------- Instantiating /home/travis/build/icyphy/ptII/ptolemy/domains/modal/test/auto/CausalityInterface7.xml
4 ms. Memory: 215040K Free: 94754K (44%)
----------------- Invoking toplevel() on ptolemy.moml.MoMLSimpleApplication@611c48a4
----------------- Done invoking toplevel() on ptolemy.moml.MoMLSimpleApplication@611c48a4
reloadAllAccessors: .CausalityInterface7

===========================================================================================
----------------- testing Fri Oct 16 15:50:29 UTC 2020 /home/travis/build/icyphy/ptII/ptolemy/domains/modal/test/auto/CausalityInterface8.xml
----------------- Instantiating /home/travis/build/icyphy/ptII/ptolemy/domains/modal/test/auto/CausalityInterface8.xml
5 ms. Memory: 215040K Free: 86041K (40%)
----------------- Invoking toplevel() on ptolemy.moml.MoMLSimpleApplication@267594a
----------------- Done invoking toplevel() on ptolemy.moml.MoMLSimpleApplication@267594a
reloadAllAccessors: .CausalityInterface8

===========================================================================================
----------------- testing Fri Oct 16 15:50:29 UTC 2020 /home/travis/build/icyphy/ptII/ptolemy/domains/modal/test/auto/CausalityInterface9.xml
----------------- Instantiating /home/travis/build/icyphy/ptII/ptolemy/domains/modal/test/auto/CausalityInterface9.xml
4 ms. Memory: 215040K Free: 76817K (36%)
----------------- Invoking toplevel() on ptolemy.moml.MoMLSimpleApplication@6def25b6
----------------- Done invoking toplevel() on ptolemy.moml.MoMLSimpleApplication@6def25b6
reloadAllAccessors: .CausalityInterface9

===========================================================================================
----------------- testing Fri Oct 16 15:50:29 UTC 2020 /home/travis/build/icyphy/ptII/ptolemy/domains/modal/test/auto/ChainedTransitions.xml
----------------- Instantiating /home/travis/build/icyphy/ptII/ptolemy/domains/modal/test/auto/ChainedTransitions.xml
97 ms. Memory: 215040K Free: 174624K (81%)
----------------- Invoking toplevel() on ptolemy.moml.MoMLSimpleApplication@16d5626c
----------------- Done invoking toplevel() on ptolemy.moml.MoMLSimpleApplication@16d5626c
reloadAllAccessors: .ChainedTransitions

===========================================================================================
----------------- testing Fri Oct 16 15:50:29 UTC 2020 /home/travis/build/icyphy/ptII/ptolemy/domains/modal/test/auto/CycleOfImmediateTransitionsFSM.xml
----------------- Instantiating /home/travis/build/icyphy/ptII/ptolemy/domains/modal/test/auto/CycleOfImmediateTransitionsFSM.xml
4 ms. Memory: 215040K Free: 168994K (79%)
----------------- Invoking toplevel() on ptolemy.moml.MoMLSimpleApplication@12b98500
----------------- Done invoking toplevel() on ptolemy.moml.MoMLSimpleApplication@12b98500
reloadAllAccessors: .CycleOfImmediateTransitionsFSM

===========================================================================================
----------------- testing Fri Oct 16 15:50:29 UTC 2020 /home/travis/build/icyphy/ptII/ptolemy/domains/modal/test/auto/CycleOfImmediateTransitionsModal.xml
----------------- Instantiating /home/travis/build/icyphy/ptII/ptolemy/domains/modal/test/auto/CycleOfImmediateTransitionsModal.xml
3 ms. Memory: 215040K Free: 162850K (76%)
----------------- Invoking toplevel() on ptolemy.moml.MoMLSimpleApplication@4e23e807
----------------- Done invoking toplevel() on ptolemy.moml.MoMLSimpleApplication@4e23e807
reloadAllAccessors: .CycleOfImmediateTransitionsModal

===========================================================================================
----------------- testing Fri Oct 16 15:50:29 UTC 2020 /home/travis/build/icyphy/ptII/ptolemy/domains/modal/test/auto/CycleOfImmediateTransitionsModal2.xml
----------------- Instantiating /home/travis/build/icyphy/ptII/ptolemy/domains/modal/test/auto/CycleOfImmediateTransitionsModal2.xml
4 ms. Memory: 215040K Free: 156706K (73%)
----------------- Invoking toplevel() on ptolemy.moml.MoMLSimpleApplication@4e5b1400
----------------- Done invoking toplevel() on ptolemy.moml.MoMLSimpleApplication@4e5b1400
reloadAllAccessors: .CycleOfImmediateTransitionsModal2

===========================================================================================
----------------- testing Fri Oct 16 15:50:29 UTC 2020 /home/travis/build/icyphy/ptII/ptolemy/domains/modal/test/auto/CycleOfImmediateTransitionsModal3.xml
----------------- Instantiating /home/travis/build/icyphy/ptII/ptolemy/domains/modal/test/auto/CycleOfImmediateTransitionsModal3.xml
7 ms. Memory: 215040K Free: 134673K (63%)
----------------- Invoking toplevel() on ptolemy.moml.MoMLSimpleApplication@65d0a063
----------------- Done invoking toplevel() on ptolemy.moml.MoMLSimpleApplication@65d0a063
reloadAllAccessors: .CycleOfImmediateTransitionsModal3

===========================================================================================
----------------- testing Fri Oct 16 15:50:29 UTC 2020 /home/travis/build/icyphy/ptII/ptolemy/domains/modal/test/auto/DeepModal1.xml
----------------- Instantiating /home/travis/build/icyphy/ptII/ptolemy/domains/modal/test/auto/DeepModal1.xml
31 ms. Memory: 215040K Free: 120866K (56%)
----------------- Invoking toplevel() on ptolemy.moml.MoMLSimpleApplication@503478db
----------------- Done invoking toplevel() on ptolemy.moml.MoMLSimpleApplication@503478db
reloadAllAccessors: .DeepModal1

===========================================================================================
----------------- testing Fri Oct 16 15:50:30 UTC 2020 /home/travis/build/icyphy/ptII/ptolemy/domains/modal/test/auto/DeepModal2.xml
----------------- Instantiating /home/travis/build/icyphy/ptII/ptolemy/domains/modal/test/auto/DeepModal2.xml
23 ms. Memory: 215040K Free: 102434K (48%)
----------------- Invoking toplevel() on ptolemy.moml.MoMLSimpleApplication@3d467f0b
----------------- Done invoking toplevel() on ptolemy.moml.MoMLSimpleApplication@3d467f0b
reloadAllAccessors: .DeepModal2

===========================================================================================
----------------- testing Fri Oct 16 15:50:30 UTC 2020 /home/travis/build/icyphy/ptII/ptolemy/domains/modal/test/auto/DeepModal3.xml
----------------- Instantiating /home/travis/build/icyphy/ptII/ptolemy/domains/modal/test/auto/DeepModal3.xml
31 ms. Memory: 215040K Free: 82978K (39%)
----------------- Invoking toplevel() on ptolemy.moml.MoMLSimpleApplication@618db04a
----------------- Done invoking toplevel() on ptolemy.moml.MoMLSimpleApplication@618db04a
reloadAllAccessors: .DeepModal3

===========================================================================================
----------------- testing Fri Oct 16 15:50:30 UTC 2020 /home/travis/build/icyphy/ptII/ptolemy/domains/modal/test/auto/DeepModal4.xml
----------------- Instantiating /home/travis/build/icyphy/ptII/ptolemy/domains/modal/test/auto/DeepModal4.xml
34 ms. Memory: 215040K Free: 186912K (87%)
----------------- Invoking toplevel() on ptolemy.moml.MoMLSimpleApplication@393b8d03
----------------- Done invoking toplevel() on ptolemy.moml.MoMLSimpleApplication@393b8d03
reloadAllAccessors: .DeepModal4

===========================================================================================
----------------- testing Fri Oct 16 15:50:30 UTC 2020 /home/travis/build/icyphy/ptII/ptolemy/domains/modal/test/auto/Default1.xml
----------------- Instantiating /home/travis/build/icyphy/ptII/ptolemy/domains/modal/test/auto/Default1.xml
3 ms. Memory: 215040K Free: 180258K (84%)
----------------- Invoking toplevel() on ptolemy.moml.MoMLSimpleApplication@1d0dadb1
----------------- Done invoking toplevel() on ptolemy.moml.MoMLSimpleApplication@1d0dadb1
reloadAllAccessors: .Default1

===========================================================================================
----------------- testing Fri Oct 16 15:50:30 UTC 2020 /home/travis/build/icyphy/ptII/ptolemy/domains/modal/test/auto/Default2.xml
----------------- Instantiating /home/travis/build/icyphy/ptII/ptolemy/domains/modal/test/auto/Default2.xml
8 ms. Memory: 215040K Free: 175138K (81%)
----------------- Invoking toplevel() on ptolemy.moml.MoMLSimpleApplication@24e381c2
----------------- Done invoking toplevel() on ptolemy.moml.MoMLSimpleApplication@24e381c2
reloadAllAccessors: .Default2

===========================================================================================
----------------- testing Fri Oct 16 15:50:30 UTC 2020 /home/travis/build/icyphy/ptII/ptolemy/domains/modal/test/auto/Default3.xml
----------------- Instantiating /home/travis/build/icyphy/ptII/ptolemy/domains/modal/test/auto/Default3.xml
5 ms. Memory: 215040K Free: 168480K (78%)
----------------- Invoking toplevel() on ptolemy.moml.MoMLSimpleApplication@4178e7c7
----------------- Done invoking toplevel() on ptolemy.moml.MoMLSimpleApplication@4178e7c7
reloadAllAccessors: .Default3

===========================================================================================
----------------- testing Fri Oct 16 15:50:30 UTC 2020 /home/travis/build/icyphy/ptII/ptolemy/domains/modal/test/auto/Default4.xml
----------------- Instantiating /home/travis/build/icyphy/ptII/ptolemy/domains/modal/test/auto/Default4.xml
3 ms. Memory: 215040K Free: 162336K (75%)
----------------- Invoking toplevel() on ptolemy.moml.MoMLSimpleApplication@22a3b1ab
----------------- Done invoking toplevel() on ptolemy.moml.MoMLSimpleApplication@22a3b1ab
reloadAllAccessors: .Default4

===========================================================================================
----------------- testing Fri Oct 16 15:50:30 UTC 2020 /home/travis/build/icyphy/ptII/ptolemy/domains/modal/test/auto/Default5.xml
----------------- Instantiating /home/travis/build/icyphy/ptII/ptolemy/domains/modal/test/auto/Default5.xml
6 ms. Memory: 215040K Free: 154144K (72%)
----------------- Invoking toplevel() on ptolemy.moml.MoMLSimpleApplication@3adfa77c
----------------- Done invoking toplevel() on ptolemy.moml.MoMLSimpleApplication@3adfa77c
reloadAllAccessors: .Default5

===========================================================================================
----------------- testing Fri Oct 16 15:50:30 UTC 2020 /home/travis/build/icyphy/ptII/ptolemy/domains/modal/test/auto/EmptyGuard.xml
----------------- Instantiating /home/travis/build/icyphy/ptII/ptolemy/domains/modal/test/auto/EmptyGuard.xml
15 ms. Memory: 215040K Free: 146466K (68%)
----------------- Invoking toplevel() on ptolemy.moml.MoMLSimpleApplication@4151886
----------------- Done invoking toplevel() on ptolemy.moml.MoMLSimpleApplication@4151886
reloadAllAccessors: .EmptyGuard

===========================================================================================
----------------- testing Fri Oct 16 15:50:30 UTC 2020 /home/travis/build/icyphy/ptII/ptolemy/domains/modal/test/auto/ErrorTransition1.xml
----------------- Instantiating /home/travis/build/icyphy/ptII/ptolemy/domains/modal/test/auto/ErrorTransition1.xml
6 ms. Memory: 215040K Free: 137760K (64%)
----------------- Invoking toplevel() on ptolemy.moml.MoMLSimpleApplication@323eb152
----------------- Done invoking toplevel() on ptolemy.moml.MoMLSimpleApplication@323eb152
reloadAllAccessors: .ErrorTransition1

===========================================================================================
----------------- testing Fri Oct 16 15:50:30 UTC 2020 /home/travis/build/icyphy/ptII/ptolemy/domains/modal/test/auto/ErrorTransition10.xml
----------------- Instantiating /home/travis/build/icyphy/ptII/ptolemy/domains/modal/test/auto/ErrorTransition10.xml
14 ms. Memory: 215040K Free: 123938K (58%)
----------------- Invoking toplevel() on ptolemy.moml.MoMLSimpleApplication@77c78984
----------------- Done invoking toplevel() on ptolemy.moml.MoMLSimpleApplication@77c78984
reloadAllAccessors: .ErrorTransition10

===========================================================================================
----------------- testing Fri Oct 16 15:50:30 UTC 2020 /home/travis/build/icyphy/ptII/ptolemy/domains/modal/test/auto/ErrorTransition11.xml
----------------- Instantiating /home/travis/build/icyphy/ptII/ptolemy/domains/modal/test/auto/ErrorTransition11.xml
4 ms. Memory: 215040K Free: 112674K (52%)
----------------- Invoking toplevel() on ptolemy.moml.MoMLSimpleApplication@2b59ae25
----------------- Done invoking toplevel() on ptolemy.moml.MoMLSimpleApplication@2b59ae25
reloadAllAccessors: .ErrorTransition11

===========================================================================================
----------------- testing Fri Oct 16 15:50:30 UTC 2020 /home/travis/build/icyphy/ptII/ptolemy/domains/modal/test/auto/ErrorTransition2.xml
----------------- Instantiating /home/travis/build/icyphy/ptII/ptolemy/domains/modal/test/auto/ErrorTransition2.xml
6 ms. Memory: 215040K Free: 103968K (48%)
----------------- Invoking toplevel() on ptolemy.moml.MoMLSimpleApplication@1e1431ba
----------------- Done invoking toplevel() on ptolemy.moml.MoMLSimpleApplication@1e1431ba
reloadAllAccessors: .ErrorTransition2

===========================================================================================
----------------- testing Fri Oct 16 15:50:30 UTC 2020 /home/travis/build/icyphy/ptII/ptolemy/domains/modal/test/auto/ErrorTransition3.xml
----------------- Instantiating /home/travis/build/icyphy/ptII/ptolemy/domains/modal/test/auto/ErrorTransition3.xml
17 ms. Memory: 215040K Free: 94242K (44%)
----------------- Invoking toplevel() on ptolemy.moml.MoMLSimpleApplication@75ae3ae5
----------------- Done invoking toplevel() on ptolemy.moml.MoMLSimpleApplication@75ae3ae5
reloadAllAccessors: .ErrorTransition3

===========================================================================================
----------------- testing Fri Oct 16 15:50:30 UTC 2020 /home/travis/build/icyphy/ptII/ptolemy/domains/modal/test/auto/ErrorTransition4.xml
----------------- Instantiating /home/travis/build/icyphy/ptII/ptolemy/domains/modal/test/auto/ErrorTransition4.xml
12 ms. Memory: 215040K Free: 82978K (39%)
----------------- Invoking toplevel() on ptolemy.moml.MoMLSimpleApplication@68ae4b9e
----------------- Done invoking toplevel() on ptolemy.moml.MoMLSimpleApplication@68ae4b9e
reloadAllAccessors: .ErrorTransition4

===========================================================================================
----------------- testing Fri Oct 16 15:50:30 UTC 2020 /home/travis/build/icyphy/ptII/ptolemy/domains/modal/test/auto/ErrorTransition5.xml
----------------- Instantiating /home/travis/build/icyphy/ptII/ptolemy/domains/modal/test/auto/ErrorTransition5.xml
6 ms. Memory: 215040K Free: 72738K (34%)
----------------- Invoking toplevel() on ptolemy.moml.MoMLSimpleApplication@211cc7af
----------------- Done invoking toplevel() on ptolemy.moml.MoMLSimpleApplication@211cc7af
reloadAllAccessors: .ErrorTransition5

===========================================================================================
----------------- testing Fri Oct 16 15:50:30 UTC 2020 /home/travis/build/icyphy/ptII/ptolemy/domains/modal/test/auto/ErrorTransition6.xml
----------------- Instantiating /home/travis/build/icyphy/ptII/ptolemy/domains/modal/test/auto/ErrorTransition6.xml
11 ms. Memory: 262144K Free: 231968K (88%)
----------------- Invoking toplevel() on ptolemy.moml.MoMLSimpleApplication@43dbbe26
----------------- Done invoking toplevel() on ptolemy.moml.MoMLSimpleApplication@43dbbe26
reloadAllAccessors: .ErrorTransition6

===========================================================================================
----------------- testing Fri Oct 16 15:50:30 UTC 2020 /home/travis/build/icyphy/ptII/ptolemy/domains/modal/test/auto/ErrorTransition7.xml
----------------- Instantiating /home/travis/build/icyphy/ptII/ptolemy/domains/modal/test/auto/ErrorTransition7.xml
16 ms. Memory: 262144K Free: 219170K (84%)
----------------- Invoking toplevel() on ptolemy.moml.MoMLSimpleApplication@5fbf1fdf
----------------- Done invoking toplevel() on ptolemy.moml.MoMLSimpleApplication@5fbf1fdf
reloadAllAccessors: .ErrorTransition7

===========================================================================================
----------------- testing Fri Oct 16 15:50:30 UTC 2020 /home/travis/build/icyphy/ptII/ptolemy/domains/modal/test/auto/ErrorTransition8.xml
----------------- Instantiating /home/travis/build/icyphy/ptII/ptolemy/domains/modal/test/auto/ErrorTransition8.xml
15 ms. Memory: 262144K Free: 205858K (79%)
----------------- Invoking toplevel() on ptolemy.moml.MoMLSimpleApplication@124f6677
----------------- Done invoking toplevel() on ptolemy.moml.MoMLSimpleApplication@124f6677
reloadAllAccessors: .ErrorTransition8

===========================================================================================
----------------- testing Fri Oct 16 15:50:30 UTC 2020 /home/travis/build/icyphy/ptII/ptolemy/domains/modal/test/auto/ErrorTransition9.xml
----------------- Instantiating /home/travis/build/icyphy/ptII/ptolemy/domains/modal/test/auto/ErrorTransition9.xml
12 ms. Memory: 262144K Free: 192546K (73%)
----------------- Invoking toplevel() on ptolemy.moml.MoMLSimpleApplication@66cbc6a2
----------------- Done invoking toplevel() on ptolemy.moml.MoMLSimpleApplication@66cbc6a2
reloadAllAccessors: .ErrorTransition9

===========================================================================================
----------------- testing Fri Oct 16 15:50:30 UTC 2020 /home/travis/build/icyphy/ptII/ptolemy/domains/modal/test/auto/ExtendedFSM.xml
----------------- Instantiating /home/travis/build/icyphy/ptII/ptolemy/domains/modal/test/auto/ExtendedFSM.xml
6 ms. Memory: 262144K Free: 183825K (70%)
----------------- Invoking toplevel() on ptolemy.moml.MoMLSimpleApplication@23d75416
----------------- Done invoking toplevel() on ptolemy.moml.MoMLSimpleApplication@23d75416
reloadAllAccessors: .ExtendedFSM

===========================================================================================
----------------- testing Fri Oct 16 15:50:30 UTC 2020 /home/travis/build/icyphy/ptII/ptolemy/domains/modal/test/auto/FinalStates.xml
----------------- Instantiating /home/travis/build/icyphy/ptII/ptolemy/domains/modal/test/auto/FinalStates.xml
7 ms. Memory: 262144K Free: 175633K (67%)
----------------- Invoking toplevel() on ptolemy.moml.MoMLSimpleApplication@2be84832
----------------- Done invoking toplevel() on ptolemy.moml.MoMLSimpleApplication@2be84832
reloadAllAccessors: .FinalStates

===========================================================================================
----------------- testing Fri Oct 16 15:50:30 UTC 2020 /home/travis/build/icyphy/ptII/ptolemy/domains/modal/test/auto/FixedPointFSM.xml
----------------- Instantiating /home/travis/build/icyphy/ptII/ptolemy/domains/modal/test/auto/FixedPointFSM.xml
21 ms. Memory: 262144K Free: 160802K (61%)
----------------- Invoking toplevel() on ptolemy.moml.MoMLSimpleApplication@65654c9a
----------------- Done invoking toplevel() on ptolemy.moml.MoMLSimpleApplication@65654c9a
reloadAllAccessors: .FixedPointFSM

===========================================================================================
----------------- testing Fri Oct 16 15:50:30 UTC 2020 /home/travis/build/icyphy/ptII/ptolemy/domains/modal/test/auto/FixedPointIterationFSMActor.xml
----------------- Instantiating /home/travis/build/icyphy/ptII/ptolemy/domains/modal/test/auto/FixedPointIterationFSMActor.xml
6 ms. Memory: 262144K Free: 150562K (57%)
----------------- Invoking toplevel() on ptolemy.moml.MoMLSimpleApplication@1ede705c
----------------- Done invoking toplevel() on ptolemy.moml.MoMLSimpleApplication@1ede705c
reloadAllAccessors: .FixedPointIterationFSMActor

===========================================================================================
----------------- testing Fri Oct 16 15:50:31 UTC 2020 /home/travis/build/icyphy/ptII/ptolemy/domains/modal/test/auto/FixedPointIterationFSMActor2.xml
----------------- Instantiating /home/travis/build/icyphy/ptII/ptolemy/domains/modal/test/auto/FixedPointIterationFSMActor2.xml
11 ms. Memory: 262144K Free: 138274K (53%)
----------------- Invoking toplevel() on ptolemy.moml.MoMLSimpleApplication@df4c838
----------------- Done invoking toplevel() on ptolemy.moml.MoMLSimpleApplication@df4c838
reloadAllAccessors: .FixedPointIterationFSMActor2

===========================================================================================
----------------- testing Fri Oct 16 15:50:31 UTC 2020 /home/travis/build/icyphy/ptII/ptolemy/domains/modal/test/auto/ForbiddenInstantanousLoop.xml
----------------- Instantiating /home/travis/build/icyphy/ptII/ptolemy/domains/modal/test/auto/ForbiddenInstantanousLoop.xml
5 ms. Memory: 262144K Free: 125986K (48%)
----------------- Invoking toplevel() on ptolemy.moml.MoMLSimpleApplication@13b41114
----------------- Done invoking toplevel() on ptolemy.moml.MoMLSimpleApplication@13b41114
reloadAllAccessors: .ForbiddenInstantanousLoop

===========================================================================================
----------------- testing Fri Oct 16 15:50:31 UTC 2020 /home/travis/build/icyphy/ptII/ptolemy/domains/modal/test/auto/FunctionDependencyOfFSMActorTest.xml
----------------- Instantiating /home/travis/build/icyphy/ptII/ptolemy/domains/modal/test/auto/FunctionDependencyOfFSMActorTest.xml
6 ms. Memory: 262144K Free: 119328K (46%)
----------------- Invoking toplevel() on ptolemy.moml.MoMLSimpleApplication@6e185bdc
----------------- Done invoking toplevel() on ptolemy.moml.MoMLSimpleApplication@6e185bdc
reloadAllAccessors: .FunctionDependencyOfFSMActorTest

===========================================================================================
----------------- testing Fri Oct 16 15:50:31 UTC 2020 /home/travis/build/icyphy/ptII/ptolemy/domains/modal/test/auto/GuardExpression.xml
----------------- Instantiating /home/travis/build/icyphy/ptII/ptolemy/domains/modal/test/auto/GuardExpression.xml
2 ms. Memory: 262144K Free: 114208K (44%)
----------------- Invoking toplevel() on ptolemy.moml.MoMLSimpleApplication@3c72e71c
----------------- Done invoking toplevel() on ptolemy.moml.MoMLSimpleApplication@3c72e71c
reloadAllAccessors: .GuardExpression

===========================================================================================
----------------- testing Fri Oct 16 15:50:31 UTC 2020 /home/travis/build/icyphy/ptII/ptolemy/domains/modal/test/auto/GuardNotEvaluated.xml
----------------- Instantiating /home/travis/build/icyphy/ptII/ptolemy/domains/modal/test/auto/GuardNotEvaluated.xml
7 ms. Memory: 262144K Free: 104992K (40%)
----------------- Invoking toplevel() on ptolemy.moml.MoMLSimpleApplication@21e41375
----------------- Done invoking toplevel() on ptolemy.moml.MoMLSimpleApplication@21e41375
reloadAllAccessors: .GuardNotEvaluated

===========================================================================================
----------------- testing Fri Oct 16 15:50:31 UTC 2020 /home/travis/build/icyphy/ptII/ptolemy/domains/modal/test/auto/GuardNotEvaluated2.xml
----------------- Instantiating /home/travis/build/icyphy/ptII/ptolemy/domains/modal/test/auto/GuardNotEvaluated2.xml
8 ms. Memory: 262144K Free: 95266K (36%)
----------------- Invoking toplevel() on ptolemy.moml.MoMLSimpleApplication@33c55684
----------------- Done invoking toplevel() on ptolemy.moml.MoMLSimpleApplication@33c55684
reloadAllAccessors: .GuardNotEvaluated2

===========================================================================================
----------------- testing Fri Oct 16 15:50:31 UTC 2020 /home/travis/build/icyphy/ptII/ptolemy/domains/modal/test/auto/GuardOnAbsent.xml
----------------- Instantiating /home/travis/build/icyphy/ptII/ptolemy/domains/modal/test/auto/GuardOnAbsent.xml
9 ms. Memory: 262144K Free: 237600K (91%)
----------------- Invoking toplevel() on ptolemy.moml.MoMLSimpleApplication@6b9ab970
----------------- Done invoking toplevel() on ptolemy.moml.MoMLSimpleApplication@6b9ab970
reloadAllAccessors: .GuardOnAbsent

===========================================================================================
----------------- testing Fri Oct 16 15:50:31 UTC 2020 /home/travis/build/icyphy/ptII/ptolemy/domains/modal/test/auto/HierarchicalFSMTypeInference.xml
----------------- Instantiating /home/travis/build/icyphy/ptII/ptolemy/domains/modal/test/auto/HierarchicalFSMTypeInference.xml
5 ms. Memory: 262144K Free: 227360K (87%)
----------------- Invoking toplevel() on ptolemy.moml.MoMLSimpleApplication@525b652a
----------------- Done invoking toplevel() on ptolemy.moml.MoMLSimpleApplication@525b652a
reloadAllAccessors: .HierarchicalFSMTypeInference

===========================================================================================
----------------- testing Fri Oct 16 15:50:31 UTC 2020 /home/travis/build/icyphy/ptII/ptolemy/domains/modal/test/auto/Hysteresis.xml
----------------- Instantiating /home/travis/build/icyphy/ptII/ptolemy/domains/modal/test/auto/Hysteresis.xml
16 ms. Memory: 262144K Free: 214033K (82%)
----------------- Invoking toplevel() on ptolemy.moml.MoMLSimpleApplication@4be552f
----------------- Done invoking toplevel() on ptolemy.moml.MoMLSimpleApplication@4be552f
reloadAllAccessors: .Hysteresis

===========================================================================================
----------------- testing Fri Oct 16 15:50:31 UTC 2020 /home/travis/build/icyphy/ptII/ptolemy/domains/modal/test/auto/HysteresisWithDefault.xml
----------------- Instantiating /home/travis/build/icyphy/ptII/ptolemy/domains/modal/test/auto/HysteresisWithDefault.xml
46 ms. Memory: 262144K Free: 191010K (73%)
----------------- Invoking toplevel() on ptolemy.moml.MoMLSimpleApplication@5f618
----------------- Done invoking toplevel() on ptolemy.moml.MoMLSimpleApplication@5f618
reloadAllAccessors: .HysteresisWithDefault

===========================================================================================
----------------- testing Fri Oct 16 15:50:31 UTC 2020 /home/travis/build/icyphy/ptII/ptolemy/domains/modal/test/auto/HysteresisWithDefault2.xml
----------------- Instantiating /home/travis/build/icyphy/ptII/ptolemy/domains/modal/test/auto/HysteresisWithDefault2.xml
51 ms. Memory: 262144K Free: 161824K (62%)
----------------- Invoking toplevel() on ptolemy.moml.MoMLSimpleApplication@21eba8c4
----------------- Done invoking toplevel() on ptolemy.moml.MoMLSimpleApplication@21eba8c4
reloadAllAccessors: .HysteresisWithDefault2

===========================================================================================
----------------- testing Fri Oct 16 15:50:31 UTC 2020 /home/travis/build/icyphy/ptII/ptolemy/domains/modal/test/auto/ImmediateNonConstructiveness.xml
----------------- Instantiating /home/travis/build/icyphy/ptII/ptolemy/domains/modal/test/auto/ImmediateNonConstructiveness.xml
3 ms. Memory: 262144K Free: 155170K (59%)
----------------- Invoking toplevel() on ptolemy.moml.MoMLSimpleApplication@1166cbd5
----------------- Done invoking toplevel() on ptolemy.moml.MoMLSimpleApplication@1166cbd5
reloadAllAccessors: .ImmediateNonConstructiveness

===========================================================================================
----------------- testing Fri Oct 16 15:50:31 UTC 2020 /home/travis/build/icyphy/ptII/ptolemy/domains/modal/test/auto/ImmediateNonConstructiveness2.xml
----------------- Instantiating /home/travis/build/icyphy/ptII/ptolemy/domains/modal/test/auto/ImmediateNonConstructiveness2.xml
2 ms. Memory: 262144K Free: 148512K (57%)
----------------- Invoking toplevel() on ptolemy.moml.MoMLSimpleApplication@b41b328
----------------- Done invoking toplevel() on ptolemy.moml.MoMLSimpleApplication@b41b328
reloadAllAccessors: .ImmediateNonConstructiveness2

===========================================================================================
----------------- testing Fri Oct 16 15:50:31 UTC 2020 /home/travis/build/icyphy/ptII/ptolemy/domains/modal/test/auto/ImmediateTransitionReset.xml
----------------- Instantiating /home/travis/build/icyphy/ptII/ptolemy/domains/modal/test/auto/ImmediateTransitionReset.xml
8 ms. Memory: 262144K Free: 136738K (52%)
----------------- Invoking toplevel() on ptolemy.moml.MoMLSimpleApplication@91a965d
----------------- Done invoking toplevel() on ptolemy.moml.MoMLSimpleApplication@91a965d
reloadAllAccessors: .ImmediateTransitionReset

===========================================================================================
----------------- testing Fri Oct 16 15:50:31 UTC 2020 /home/travis/build/icyphy/ptII/ptolemy/domains/modal/test/auto/ImmediateTransitions1.xml
----------------- Instantiating /home/travis/build/icyphy/ptII/ptolemy/domains/modal/test/auto/ImmediateTransitions1.xml
1 ms. Memory: 262144K Free: 131618K (50%)
----------------- Invoking toplevel() on ptolemy.moml.MoMLSimpleApplication@39837e71
----------------- Done invoking toplevel() on ptolemy.moml.MoMLSimpleApplication@39837e71
reloadAllAccessors: .ImmediateTransitions1

===========================================================================================
----------------- testing Fri Oct 16 15:50:31 UTC 2020 /home/travis/build/icyphy/ptII/ptolemy/domains/modal/test/auto/ImmediateTransitionsInstantaneousCommunication.xml
----------------- Instantiating /home/travis/build/icyphy/ptII/ptolemy/domains/modal/test/auto/ImmediateTransitionsInstantaneousCommunication.xml
4 ms. Memory: 262144K Free: 119825K (46%)
----------------- Invoking toplevel() on ptolemy.moml.MoMLSimpleApplication@6edb9f7f
----------------- Done invoking toplevel() on ptolemy.moml.MoMLSimpleApplication@6edb9f7f
reloadAllAccessors: .ImmediateTransitionsInstantaneousCommunication

===========================================================================================
----------------- testing Fri Oct 16 15:50:31 UTC 2020 /home/travis/build/icyphy/ptII/ptolemy/domains/modal/test/auto/InitialImmediateTransition.xml
----------------- Instantiating /home/travis/build/icyphy/ptII/ptolemy/domains/modal/test/auto/InitialImmediateTransition.xml
3 ms. Memory: 262144K Free: 112162K (43%)
----------------- Invoking toplevel() on ptolemy.moml.MoMLSimpleApplication@30fcf970
----------------- Done invoking toplevel() on ptolemy.moml.MoMLSimpleApplication@30fcf970
reloadAllAccessors: .InitialImmediateTransition

===========================================================================================
----------------- testing Fri Oct 16 15:50:31 UTC 2020 /home/travis/build/icyphy/ptII/ptolemy/domains/modal/test/auto/InitialOutputs.xml
----------------- Instantiating /home/travis/build/icyphy/ptII/ptolemy/domains/modal/test/auto/InitialOutputs.xml
3 ms. Memory: 262144K Free: 105489K (40%)
----------------- Invoking toplevel() on ptolemy.moml.MoMLSimpleApplication@13d20467
----------------- Done invoking toplevel() on ptolemy.moml.MoMLSimpleApplication@13d20467
reloadAllAccessors: .InitialOutputs

===========================================================================================
----------------- testing Fri Oct 16 15:50:31 UTC 2020 /home/travis/build/icyphy/ptII/ptolemy/domains/modal/test/auto/InitialStateTransition1.xml
----------------- Instantiating /home/travis/build/icyphy/ptII/ptolemy/domains/modal/test/auto/InitialStateTransition1.xml
2 ms. Memory: 262144K Free: 98336K (38%)
----------------- Invoking toplevel() on ptolemy.moml.MoMLSimpleApplication@5658f2b1
----------------- Done invoking toplevel() on ptolemy.moml.MoMLSimpleApplication@5658f2b1
reloadAllAccessors: .InitialStateTransition1

===========================================================================================
----------------- testing Fri Oct 16 15:50:31 UTC 2020 /home/travis/build/icyphy/ptII/ptolemy/domains/modal/test/auto/InitialStateTransition2.xml
----------------- Instantiating /home/travis/build/icyphy/ptII/ptolemy/domains/modal/test/auto/InitialStateTransition2.xml
.InitialStateTransition2.TestExceptionAttributeNonConstructive: initialize() was not invoked, but wrapup() was.  This is unusual, but not always a problem.  For example, exporting JNLP will do this.
2 ms. Memory: 262144K Free: 240641K (92%)
----------------- Invoking toplevel() on ptolemy.moml.MoMLSimpleApplication@39bc479c
----------------- Done invoking toplevel() on ptolemy.moml.MoMLSimpleApplication@39bc479c
reloadAllAccessors: .InitialStateTransition2

===========================================================================================
----------------- testing Fri Oct 16 15:50:31 UTC 2020 /home/travis/build/icyphy/ptII/ptolemy/domains/modal/test/auto/InitialStateTransition3.xml
----------------- Instantiating /home/travis/build/icyphy/ptII/ptolemy/domains/modal/test/auto/InitialStateTransition3.xml
4 ms. Memory: 262144K Free: 232480K (89%)
----------------- Invoking toplevel() on ptolemy.moml.MoMLSimpleApplication@671007f4
----------------- Done invoking toplevel() on ptolemy.moml.MoMLSimpleApplication@671007f4
reloadAllAccessors: .InitialStateTransition3

===========================================================================================
----------------- testing Fri Oct 16 15:50:31 UTC 2020 /home/travis/build/icyphy/ptII/ptolemy/domains/modal/test/auto/InitialStateTransition4.xml
----------------- Instantiating /home/travis/build/icyphy/ptII/ptolemy/domains/modal/test/auto/InitialStateTransition4.xml
4 ms. Memory: 262144K Free: 223264K (85%)
----------------- Invoking toplevel() on ptolemy.moml.MoMLSimpleApplication@506d20b6
----------------- Done invoking toplevel() on ptolemy.moml.MoMLSimpleApplication@506d20b6
[...]
reloadAllAccessors: .TerminationTransition3

===========================================================================================
----------------- testing Fri Oct 16 15:50:33 UTC 2020 /home/travis/build/icyphy/ptII/ptolemy/domains/modal/test/auto/TerminationTransition4.xml
----------------- Instantiating /home/travis/build/icyphy/ptII/ptolemy/domains/modal/test/auto/TerminationTransition4.xml
6 ms. Memory: 315392K Free: 172820K (55%)
----------------- Invoking toplevel() on ptolemy.moml.MoMLSimpleApplication@1a325eb7
----------------- Done invoking toplevel() on ptolemy.moml.MoMLSimpleApplication@1a325eb7
reloadAllAccessors: .TerminationTransition4

===========================================================================================
----------------- testing Fri Oct 16 15:50:33 UTC 2020 /home/travis/build/icyphy/ptII/ptolemy/domains/modal/test/auto/TerminationTransition5.xml
----------------- Instantiating /home/travis/build/icyphy/ptII/ptolemy/domains/modal/test/auto/TerminationTransition5.xml
3 ms. Memory: 315392K Free: 158998K (50%)
----------------- Invoking toplevel() on ptolemy.moml.MoMLSimpleApplication@358b55d0
----------------- Done invoking toplevel() on ptolemy.moml.MoMLSimpleApplication@358b55d0
reloadAllAccessors: .TerminationTransition5

===========================================================================================
----------------- testing Fri Oct 16 15:50:33 UTC 2020 /home/travis/build/icyphy/ptII/ptolemy/domains/modal/test/auto/TerminationTransition6.xml
----------------- Instantiating /home/travis/build/icyphy/ptII/ptolemy/domains/modal/test/auto/TerminationTransition6.xml
2 ms. Memory: 315392K Free: 150806K (48%)
----------------- Invoking toplevel() on ptolemy.moml.MoMLSimpleApplication@395849e6
----------------- Done invoking toplevel() on ptolemy.moml.MoMLSimpleApplication@395849e6
reloadAllAccessors: .TerminationTransition6

===========================================================================================
----------------- testing Fri Oct 16 15:50:33 UTC 2020 /home/travis/build/icyphy/ptII/ptolemy/domains/modal/test/auto/TerminationTransition7.xml
----------------- Instantiating /home/travis/build/icyphy/ptII/ptolemy/domains/modal/test/auto/TerminationTransition7.xml
2 ms. Memory: 315392K Free: 141076K (45%)
----------------- Invoking toplevel() on ptolemy.moml.MoMLSimpleApplication@45d0e0ef
----------------- Done invoking toplevel() on ptolemy.moml.MoMLSimpleApplication@45d0e0ef
reloadAllAccessors: .TerminationTransition7

===========================================================================================
----------------- testing Fri Oct 16 15:50:33 UTC 2020 /home/travis/build/icyphy/ptII/ptolemy/domains/modal/test/auto/TerminationTransition8.xml
----------------- Instantiating /home/travis/build/icyphy/ptII/ptolemy/domains/modal/test/auto/TerminationTransition8.xml
2 ms. Memory: 315392K Free: 131860K (42%)
----------------- Invoking toplevel() on ptolemy.moml.MoMLSimpleApplication@156e162
----------------- Done invoking toplevel() on ptolemy.moml.MoMLSimpleApplication@156e162
reloadAllAccessors: .TerminationTransition8

===========================================================================================
----------------- testing Fri Oct 16 15:50:33 UTC 2020 /home/travis/build/icyphy/ptII/ptolemy/domains/modal/test/auto/Thermostat_NoHysteresis.xml
----------------- Instantiating /home/travis/build/icyphy/ptII/ptolemy/domains/modal/test/auto/Thermostat_NoHysteresis.xml
46 ms. Memory: 315392K Free: 289367K (92%)
----------------- Invoking toplevel() on ptolemy.moml.MoMLSimpleApplication@51c700a0
----------------- Done invoking toplevel() on ptolemy.moml.MoMLSimpleApplication@51c700a0
reloadAllAccessors: .Thermostat_NoHysteresis

===========================================================================================
----------------- testing Fri Oct 16 15:50:33 UTC 2020 /home/travis/build/icyphy/ptII/ptolemy/domains/modal/test/auto/TimedFSM.xml
----------------- Instantiating /home/travis/build/icyphy/ptII/ptolemy/domains/modal/test/auto/TimedFSM.xml
8 ms. Memory: 315392K Free: 277448K (88%)
----------------- Invoking toplevel() on ptolemy.moml.MoMLSimpleApplication@7ee7cfd
----------------- Done invoking toplevel() on ptolemy.moml.MoMLSimpleApplication@7ee7cfd
reloadAllAccessors: .TimedFSM

===========================================================================================
----------------- testing Fri Oct 16 15:50:33 UTC 2020 /home/travis/build/icyphy/ptII/ptolemy/domains/modal/test/auto/Timeout1.xml
----------------- Instantiating /home/travis/build/icyphy/ptII/ptolemy/domains/modal/test/auto/Timeout1.xml
3 ms. Memory: 315392K Free: 271800K (86%)
----------------- Invoking toplevel() on ptolemy.moml.MoMLSimpleApplication@2cb07edf
----------------- Done invoking toplevel() on ptolemy.moml.MoMLSimpleApplication@2cb07edf
reloadAllAccessors: .Timeout1

===========================================================================================
----------------- testing Fri Oct 16 15:50:33 UTC 2020 /home/travis/build/icyphy/ptII/ptolemy/domains/modal/test/auto/Timeout2.xml
----------------- Instantiating /home/travis/build/icyphy/ptII/ptolemy/domains/modal/test/auto/Timeout2.xml
8 ms. Memory: 315392K Free: 263112K (83%)
----------------- Invoking toplevel() on ptolemy.moml.MoMLSimpleApplication@5202009b
----------------- Done invoking toplevel() on ptolemy.moml.MoMLSimpleApplication@5202009b
reloadAllAccessors: .Timeout2

===========================================================================================
----------------- testing Fri Oct 16 15:50:33 UTC 2020 /home/travis/build/icyphy/ptII/ptolemy/domains/modal/test/auto/Timeout3.xml
----------------- Instantiating /home/travis/build/icyphy/ptII/ptolemy/domains/modal/test/auto/Timeout3.xml
2 ms. Memory: 315392K Free: 258502K (82%)
----------------- Invoking toplevel() on ptolemy.moml.MoMLSimpleApplication@67cf8f6a
----------------- Done invoking toplevel() on ptolemy.moml.MoMLSimpleApplication@67cf8f6a
reloadAllAccessors: .Timeout3

===========================================================================================
----------------- testing Fri Oct 16 15:50:33 UTC 2020 /home/travis/build/icyphy/ptII/ptolemy/domains/modal/test/auto/Timeout4.xml
----------------- Instantiating /home/travis/build/icyphy/ptII/ptolemy/domains/modal/test/auto/Timeout4.xml
1 ms. Memory: 315392K Free: 253368K (80%)
----------------- Invoking toplevel() on ptolemy.moml.MoMLSimpleApplication@42ec9883
----------------- Done invoking toplevel() on ptolemy.moml.MoMLSimpleApplication@42ec9883
reloadAllAccessors: .Timeout4

===========================================================================================
----------------- testing Fri Oct 16 15:50:33 UTC 2020 /home/travis/build/icyphy/ptII/ptolemy/domains/modal/test/auto/TransientstateModelAdvanced.xml
----------------- Instantiating /home/travis/build/icyphy/ptII/ptolemy/domains/modal/test/auto/TransientstateModelAdvanced.xml
4 ms. Memory: 315392K Free: 241064K (76%)
----------------- Invoking toplevel() on ptolemy.moml.MoMLSimpleApplication@414f7877
----------------- Done invoking toplevel() on ptolemy.moml.MoMLSimpleApplication@414f7877
reloadAllAccessors: .TransientstateModelAdvanced

===========================================================================================
----------------- testing Fri Oct 16 15:50:34 UTC 2020 /home/travis/build/icyphy/ptII/ptolemy/domains/modal/test/auto/TransientstateModelAdvanced2.xml
----------------- Instantiating /home/travis/build/icyphy/ptII/ptolemy/domains/modal/test/auto/TransientstateModelAdvanced2.xml
3 ms. Memory: 315392K Free: 226744K (72%)
----------------- Invoking toplevel() on ptolemy.moml.MoMLSimpleApplication@310cc95c
----------------- Done invoking toplevel() on ptolemy.moml.MoMLSimpleApplication@310cc95c
reloadAllAccessors: .transientstatemodelAdvanced

===========================================================================================
----------------- testing Fri Oct 16 15:50:34 UTC 2020 /home/travis/build/icyphy/ptII/ptolemy/domains/modal/test/auto/TransitionRefinements.xml
----------------- Instantiating /home/travis/build/icyphy/ptII/ptolemy/domains/modal/test/auto/TransitionRefinements.xml
7 ms. Memory: 315392K Free: 217032K (69%)
----------------- Invoking toplevel() on ptolemy.moml.MoMLSimpleApplication@15ff3965
----------------- Done invoking toplevel() on ptolemy.moml.MoMLSimpleApplication@15ff3965
reloadAllAccessors: .TransitionRefinements

===========================================================================================
----------------- testing Fri Oct 16 15:50:34 UTC 2020 /home/travis/build/icyphy/ptII/ptolemy/domains/modal/test/auto/TwoRefinements1.xml
----------------- Instantiating /home/travis/build/icyphy/ptII/ptolemy/domains/modal/test/auto/TwoRefinements1.xml
3 ms. Memory: 315392K Free: 207302K (66%)
----------------- Invoking toplevel() on ptolemy.moml.MoMLSimpleApplication@69754124
----------------- Done invoking toplevel() on ptolemy.moml.MoMLSimpleApplication@69754124
reloadAllAccessors: .TwoRefinements1

===========================================================================================
----------------- testing Fri Oct 16 15:50:34 UTC 2020 /home/travis/build/icyphy/ptII/ptolemy/domains/modal/test/auto/TwoRefinements2.xml
----------------- Instantiating /home/travis/build/icyphy/ptII/ptolemy/domains/modal/test/auto/TwoRefinements2.xml
2 ms. Memory: 315392K Free: 197576K (63%)
----------------- Invoking toplevel() on ptolemy.moml.MoMLSimpleApplication@5186b6f4
----------------- Done invoking toplevel() on ptolemy.moml.MoMLSimpleApplication@5186b6f4
reloadAllAccessors: .TwoRefinements2

===========================================================================================
----------------- testing Fri Oct 16 15:50:34 UTC 2020 /home/travis/build/icyphy/ptII/ptolemy/domains/modal/test/auto/WeakImmediateTransition.xml
----------------- Instantiating /home/travis/build/icyphy/ptII/ptolemy/domains/modal/test/auto/WeakImmediateTransition.xml
3 ms. Memory: 315392K Free: 188870K (60%)
----------------- Invoking toplevel() on ptolemy.moml.MoMLSimpleApplication@4e2550b8
----------------- Done invoking toplevel() on ptolemy.moml.MoMLSimpleApplication@4e2550b8
reloadAllAccessors: .WeakImmediateTransition

===========================================================================================
----------------- testing Fri Oct 16 15:50:34 UTC 2020 /home/travis/build/icyphy/ptII/ptolemy/domains/modal/test/auto/booleanSelect.xml
----------------- Instantiating /home/travis/build/icyphy/ptII/ptolemy/domains/modal/test/auto/booleanSelect.xml
33 ms. Memory: 315392K Free: 170952K (54%)
----------------- Invoking toplevel() on ptolemy.moml.MoMLSimpleApplication@3fa6ac17
----------------- Done invoking toplevel() on ptolemy.moml.MoMLSimpleApplication@3fa6ac17
reloadAllAccessors: .booleanSelect

===========================================================================================
----------------- testing Fri Oct 16 15:50:34 UTC 2020 /home/travis/build/icyphy/ptII/ptolemy/domains/modal/test/auto/modalChangingParams.xml
----------------- Instantiating /home/travis/build/icyphy/ptII/ptolemy/domains/modal/test/auto/modalChangingParams.xml
0
1
0
2
4
6
8
7
0
2
4
6
8
13
0
2
4
6
8
19
0
2
4
6
8
25
0
2
4
6
8
31
0
2
4
6
8
37
0
2
4
6
8
43
0
2
4
6
8
49
0
2
4
6
8
55
0
2
4
6
8
61
0
2
4
6
8
67
0
2
4
6
8
73
0
2
4
6
8
79
0
2
4
6
8
85
0
2
4
6
8
91
0
2
4
6
8
97
0
2
4
6
8
103
0
2
4
6
8
109
0
2
4
6
8
115
0
2
4
6
8
121
0
2
4
6
8
127
0
2
4
6
8
133
0
2
4
6
8
139
0
2
4
6
8
145
0
2
4
6
8
151
0
2
4
6
8
157
0
2
4
6
8
163
0
2
4
6
8
169
0
2
4
6
8
175
0
2
4
6
8
181
0
2
4
6
8
187
0
2
4
6
8
193
0
2
4
6
8
199
0
2
4
6
8
205
0
2
4
6
8
211
0
2
4
6
8
217
0
2
4
6
8
223
0
2
4
6
8
229
0
2
4
6
8
235
0
2
4
6
8
241
0
2
4
6
8
247
0
2
4
6
8
253
0
2
4
6
8
259
0
2
4
6
8
265
0
2
4
6
8
271
0
2
4
6
8
277
0
2
4
6
8
283
0
2
4
6
8
289
0
2
4
6
8
295
0
2
4
6
8
301
0
2
4
6
8
307
0
2
4
6
8
313
0
2
4
6
8
319
0
2
4
6
8
325
0
2
4
6
8
331
0
2
4
6
8
337
0
2
4
6
8
343
0
2
4
6
8
349
0
2
4
6
8
355
0
2
4
6
8
361
0
2
4
6
8
367
0
2
4
6
8
373
0
2
4
6
8
379
0
2
4
6
8
385
0
2
4
6
8
391
0
2
4
6
8
397
0
2
4
6
8
403
0
2
4
6
8
409
0
2
4
6
8
415
0
2
4
6
8
421
0
2
4
6
8
427
0
2
4
6
8
433
0
2
4
6
8
439
0
2
4
6
8
445
0
2
4
6
8
451
0
2
4
6
8
457
0
2
4
6
8
463
0
2
4
6
8
469
0
2
4
6
8
475
0
2
4
6
8
481
0
2
4
6
8
487
0
2
4
6
8
493
0
2
4
6
8
499
0
2
4
6
8
505
0
2
4
6
8
511
0
2
4
6
8
517
0
2
4
6
8
523
0
2
4
6
8
529
0
2
4
6
8
535
0
2
4
6
8
541
0
2
4
6
8
547
0
2
4
6
8
553
0
2
4
6
8
559
0
2
4
6
8
565
0
2
4
6
8
571
0
2
4
6
8
577
0
2
4
6
8
583
0
2
4
6
8
589
0
2
4
6
8
595
0
2
4
6
8
601
0
2
4
6
8
607
0
2
4
6
8
613
0
2
4
6
8
619
0
2
4
6
8
625
0
2
4
6
8
631
0
2
4
6
8
637
0
2
4
6
8
643
0
2
4
6
8
649
0
2
4
6
8
655
0
2
4
6
8
661
0
2
4
6
8
667
0
2
4
6
8
673
0
2
4
6
8
679
0
2
4
6
8
685
0
2
4
6
8
691
0
2
4
6
8
697
0
2
4
6
8
703
0
2
4
6
8
709
0
2
4
6
8
715
0
2
4
6
8
721
0
2
4
6
8
727
0
2
4
6
8
733
0
2
4
6
8
739
0
2
4
6
8
745
0
2
4
6
8
751
0
2
4
6
8
757
0
2
4
6
8
763
0
2
4
6
8
769
0
2
4
6
8
775
0
2
4
6
8
781
0
2
4
6
8
787
0
2
4
6
8
793
0
2
4
6
8
799
0
2
4
6
8
805
0
2
4
6
8
811
0
2
4
6
8
817
0
2
4
6
8
823
0
2
4
6
8
829
0
2
4
6
8
835
0
2
4
6
8
841
0
2
4
6
8
847
0
2
4
6
8
853
0
2
4
6
8
859
0
2
4
6
8
865
0
2
4
6
8
871
0
2
4
6
8
877
0
2
4
6
8
883
0
2
4
6
8
889
0
2
4
6
8
895
0
2
4
6
8
901
0
2
4
6
8
907
0
2
4
6
8
913
0
2
4
6
8
919
0
2
4
6
8
925
0
2
4
6
8
931
0
2
4
6
8
937
0
2
4
6
8
943
0
2
4
6
8
949
0
2
4
6
8
955
0
2
4
6
8
961
0
2
4
6
8
967
0
2
4
6
8
973
0
2
4
6
8
979
0
2
4
6
8
985
0
2
4
6
8
991
0
2
4
6
8
997
0
2
288 ms. Memory: 315392K Free: 239729K (76%)
----------------- Invoking toplevel() on ptolemy.moml.MoMLSimpleApplication@66ef0d27
----------------- Done invoking toplevel() on ptolemy.moml.MoMLSimpleApplication@66ef0d27
reloadAllAccessors: .modalChangingParams

===========================================================================================
----------------- testing Fri Oct 16 15:50:34 UTC 2020 /home/travis/build/icyphy/ptII/ptolemy/domains/modal/test/auto/modalModel.xml
----------------- Instantiating /home/travis/build/icyphy/ptII/ptolemy/domains/modal/test/auto/modalModel.xml
18 ms. Memory: 315392K Free: 230513K (73%)
----------------- Invoking toplevel() on ptolemy.moml.MoMLSimpleApplication@12788b1e
----------------- Done invoking toplevel() on ptolemy.moml.MoMLSimpleApplication@12788b1e
reloadAllAccessors: .modalModel

===========================================================================================
----------------- testing Fri Oct 16 15:50:34 UTC 2020 /home/travis/build/icyphy/ptII/ptolemy/domains/modal/test/auto/modalModel2.xml
----------------- Instantiating /home/travis/build/icyphy/ptII/ptolemy/domains/modal/test/auto/modalModel2.xml
9 ms. Memory: 315392K Free: 219745K (70%)
----------------- Invoking toplevel() on ptolemy.moml.MoMLSimpleApplication@69d883fe
----------------- Done invoking toplevel() on ptolemy.moml.MoMLSimpleApplication@69d883fe
reloadAllAccessors: .modalModel2

===========================================================================================
----------------- testing Fri Oct 16 15:50:34 UTC 2020 /home/travis/build/icyphy/ptII/ptolemy/domains/modal/test/auto/modalModel3.xml
----------------- Instantiating /home/travis/build/icyphy/ptII/ptolemy/domains/modal/test/auto/modalModel3.xml
0	0	0
3	2	1
6	4	2
9	6	3
4	0	4
7	2	5
10	4	6
13	6	7
8	0	8
11	2	9
14	4	10
17	6	11
12	0	12
15	2	13
18	4	14
17 ms. Memory: 315392K Free: 204913K (65%)
----------------- Invoking toplevel() on ptolemy.moml.MoMLSimpleApplication@6030e949
----------------- Done invoking toplevel() on ptolemy.moml.MoMLSimpleApplication@6030e949
reloadAllAccessors: .modalModel3

===========================================================================================
----------------- testing Fri Oct 16 15:50:34 UTC 2020 /home/travis/build/icyphy/ptII/ptolemy/domains/modal/test/auto/model1.xml
----------------- Instantiating /home/travis/build/icyphy/ptII/ptolemy/domains/modal/test/auto/model1.xml
12 ms. Memory: 315392K Free: 199265K (63%)
----------------- Invoking toplevel() on ptolemy.moml.MoMLSimpleApplication@54d5c2e0
----------------- Done invoking toplevel() on ptolemy.moml.MoMLSimpleApplication@54d5c2e0
reloadAllAccessors: .model1

===========================================================================================
----------------- testing Fri Oct 16 15:50:34 UTC 2020 /home/travis/build/icyphy/ptII/ptolemy/domains/modal/test/auto/test-direct-in-out.xml
----------------- Instantiating /home/travis/build/icyphy/ptII/ptolemy/domains/modal/test/auto/test-direct-in-out.xml
5 ms. Memory: 315392K Free: 191601K (61%)
----------------- Invoking toplevel() on ptolemy.moml.MoMLSimpleApplication@5b580a43
----------------- Done invoking toplevel() on ptolemy.moml.MoMLSimpleApplication@5b580a43
reloadAllAccessors: .test-direct-in-out
AutoTests.java: About to close Vertx.
AutoTests.java: Vertx closed.
]]></system-out>
  <system-err><![CDATA[java.lang.RuntimeException: Execution failed
	at ptolemy.moml.MoMLSimpleApplication$UnloadThread.run(MoMLSimpleApplication.java:402)
Caused by: ptolemy.kernel.util.IllegalActionException: Unknown inputs remain. Possible causality loop:
L_model_1893289564i

  in .CannotAnalysisWithPreemption.model_1893289564_region_1 and .CannotAnalysisWithPreemption.model_1893289564_region_1.L_model_1893289564i
	at ptolemy.actor.sched.FixedPointDirector.postfire(FixedPointDirector.java:515)
	at ptolemy.domains.sr.kernel.SRDirector.postfire(SRDirector.java:417)
	at ptolemy.actor.CompositeActor.postfire(CompositeActor.java:1668)
	at ptolemy.actor.Manager.iterate(Manager.java:852)
	at ptolemy.actor.Manager.execute(Manager.java:369)
	at ptolemy.actor.Manager.run(Manager.java:1263)
	at ptolemy.actor.Manager$PtolemyRunThread.run(Manager.java:1933)
java.lang.reflect.InvocationTargetException
	at java.base/jdk.internal.reflect.NativeConstructorAccessorImpl.newInstance0(Native Method)
	at java.base/jdk.internal.reflect.NativeConstructorAccessorImpl.newInstance(NativeConstructorAccessorImpl.java:62)
	at java.base/jdk.internal.reflect.DelegatingConstructorAccessorImpl.newInstance(DelegatingConstructorAccessorImpl.java:45)
	at java.base/java.lang.reflect.Constructor.newInstance(Constructor.java:490)
	at ptolemy.util.test.junit.AutoKnownFailedTests.RunModel(AutoKnownFailedTests.java:105)
	at java.base/jdk.internal.reflect.NativeMethodAccessorImpl.invoke0(Native Method)
	at java.base/jdk.internal.reflect.NativeMethodAccessorImpl.invoke(NativeMethodAccessorImpl.java:62)
	at java.base/jdk.internal.reflect.DelegatingMethodAccessorImpl.invoke(DelegatingMethodAccessorImpl.java:43)
	at java.base/java.lang.reflect.Method.invoke(Method.java:566)
	at org.junit.runners.model.FrameworkMethod$1.runReflectiveCall(FrameworkMethod.java:44)
	at org.junit.internal.runners.model.ReflectiveCallable.run(ReflectiveCallable.java:15)
	at org.junit.runners.model.FrameworkMethod.invokeExplosively(FrameworkMethod.java:41)
	at junitparams.internal.InvokeParameterisedMethod.evaluate(InvokeParameterisedMethod.java:102)
	at org.junit.internal.runners.statements.FailOnTimeout$1.run(FailOnTimeout.java:28)
Caused by: ptolemy.kernel.util.IllegalActionException: Unknown inputs remain. Possible causality loop:
L_model_1893289564i

  in .CannotAnalysisWithPreemption.model_1893289564_region_1 and .CannotAnalysisWithPreemption.model_1893289564_region_1.L_model_1893289564i
	at ptolemy.actor.sched.FixedPointDirector.postfire(FixedPointDirector.java:515)
	at ptolemy.domains.sr.kernel.SRDirector.postfire(SRDirector.java:417)
	at ptolemy.actor.CompositeActor.postfire(CompositeActor.java:1668)
	at ptolemy.actor.Manager.iterate(Manager.java:852)
	at ptolemy.actor.Manager.execute(Manager.java:369)
	at ptolemy.actor.Manager.run(Manager.java:1263)
	at ptolemy.actor.Manager$PtolemyRunThread.run(Manager.java:1933)
]]></system-err>
</testsuite>
