<?xml version="1.0" encoding="UTF-8" ?>
<testsuite errors="0" failures="0" hostname="travis-job-8266258f-89d9-42da-8b36-34d32a88e6e6" name="ptolemy.actor.lib.hoc.test.junit.JUnitTclTest" skipped="0" tests="58" time="25.745" timestamp="2018-06-19T21:50:01">
  <properties>
[...]
</properties>
  <testcase classname="ptolemy.util.test.junit.TclTests" name="[0] /home/travis/build/icyphy/ptII/ptolemy/actor/lib/hoc/test/IterateOverArray.tcl (RunTclFile)" time="0.353" />
  <testcase classname="ptolemy.util.test.junit.AutoKnownFailedTests" name="[0] /home/travis/build/icyphy/ptII/ptolemy/actor/lib/hoc/test/auto/knownFailedTests/PreinitializeMustBeInvokedRunComposite.xml (RunModel)" time="0.307" />
  <testcase classname="ptolemy.util.test.junit.AutoNameArchTests" name="[0] ThereAreNoAutoArchTests (RunModel)" time="0.0" />
  <testcase classname="ptolemy.util.test.junit.AutoTests" name="[0] /home/travis/build/icyphy/ptII/ptolemy/actor/lib/hoc/test/auto/AllToAllMultiInstanceComposite.xml (RunModel)" time="0.309" />
  <testcase classname="ptolemy.util.test.junit.AutoTests" name="[1] /home/travis/build/icyphy/ptII/ptolemy/actor/lib/hoc/test/auto/ApplyFFTTest.xml (RunModel)" time="0.241" />
  <testcase classname="ptolemy.util.test.junit.AutoTests" name="[2] /home/travis/build/icyphy/ptII/ptolemy/actor/lib/hoc/test/auto/ApplyFunction.xml (RunModel)" time="0.052" />
  <testcase classname="ptolemy.util.test.junit.AutoTests" name="[3] /home/travis/build/icyphy/ptII/ptolemy/actor/lib/hoc/test/auto/BackgroundExecution.xml (RunModel)" time="0.744" />
  <testcase classname="ptolemy.util.test.junit.AutoTests" name="[4] /home/travis/build/icyphy/ptII/ptolemy/actor/lib/hoc/test/auto/Case.xml (RunModel)" time="0.099" />
  <testcase classname="ptolemy.util.test.junit.AutoTests" name="[5] /home/travis/build/icyphy/ptII/ptolemy/actor/lib/hoc/test/auto/Case1.xml (RunModel)" time="0.057" />
  <testcase classname="ptolemy.util.test.junit.AutoTests" name="[6] /home/travis/build/icyphy/ptII/ptolemy/actor/lib/hoc/test/auto/Case2.xml (RunModel)" time="0.202" />
  <testcase classname="ptolemy.util.test.junit.AutoTests" name="[7] /home/travis/build/icyphy/ptII/ptolemy/actor/lib/hoc/test/auto/Case3.xml (RunModel)" time="0.072" />
  <testcase classname="ptolemy.util.test.junit.AutoTests" name="[8] /home/travis/build/icyphy/ptII/ptolemy/actor/lib/hoc/test/auto/Case4.xml (RunModel)" time="0.089" />
  <testcase classname="ptolemy.util.test.junit.AutoTests" name="[9] /home/travis/build/icyphy/ptII/ptolemy/actor/lib/hoc/test/auto/Case5.xml (RunModel)" time="0.085" />
  <testcase classname="ptolemy.util.test.junit.AutoTests" name="[10] /home/travis/build/icyphy/ptII/ptolemy/actor/lib/hoc/test/auto/Case6.xml (RunModel)" time="0.175" />
  <testcase classname="ptolemy.util.test.junit.AutoTests" name="[11] /home/travis/build/icyphy/ptII/ptolemy/actor/lib/hoc/test/auto/CaseString2.xml (RunModel)" time="0.059" />
  <testcase classname="ptolemy.util.test.junit.AutoTests" name="[12] /home/travis/build/icyphy/ptII/ptolemy/actor/lib/hoc/test/auto/CatchUpComposite1.xml (RunModel)" time="0.091" />
  <testcase classname="ptolemy.util.test.junit.AutoTests" name="[13] /home/travis/build/icyphy/ptII/ptolemy/actor/lib/hoc/test/auto/CatchUpComposite2.xml (RunModel)" time="0.061" />
  <testcase classname="ptolemy.util.test.junit.AutoTests" name="[14] /home/travis/build/icyphy/ptII/ptolemy/actor/lib/hoc/test/auto/CatchUpComposite3.xml (RunModel)" time="0.064" />
  <testcase classname="ptolemy.util.test.junit.AutoTests" name="[15] /home/travis/build/icyphy/ptII/ptolemy/actor/lib/hoc/test/auto/CatchUpComposite4.xml (RunModel)" time="0.072" />
  <testcase classname="ptolemy.util.test.junit.AutoTests" name="[16] /home/travis/build/icyphy/ptII/ptolemy/actor/lib/hoc/test/auto/CatchUpComposite5.xml (RunModel)" time="0.056" />
  <testcase classname="ptolemy.util.test.junit.AutoTests" name="[17] /home/travis/build/icyphy/ptII/ptolemy/actor/lib/hoc/test/auto/CatchUpComposite6.xml (RunModel)" time="0.215" />
  <testcase classname="ptolemy.util.test.junit.AutoTests" name="[18] /home/travis/build/icyphy/ptII/ptolemy/actor/lib/hoc/test/auto/CatchUpComposite7.xml (RunModel)" time="0.139" />
  <testcase classname="ptolemy.util.test.junit.AutoTests" name="[19] /home/travis/build/icyphy/ptII/ptolemy/actor/lib/hoc/test/auto/ConcurrentExecutionTimeSDF.xml (RunModel)" time="1.225" />
  <testcase classname="ptolemy.util.test.junit.AutoTests" name="[20] /home/travis/build/icyphy/ptII/ptolemy/actor/lib/hoc/test/auto/ConcurrentSleep.xml (RunModel)" time="0.788" />
  <testcase classname="ptolemy.util.test.junit.AutoTests" name="[21] /home/travis/build/icyphy/ptII/ptolemy/actor/lib/hoc/test/auto/DEInPNInRunCompositeActor.xml (RunModel)" time="0.049" />
  <testcase classname="ptolemy.util.test.junit.AutoTests" name="[22] /home/travis/build/icyphy/ptII/ptolemy/actor/lib/hoc/test/auto/DFTSubSetTest.xml (RunModel)" time="0.345" />
  <testcase classname="ptolemy.util.test.junit.AutoTests" name="[23] /home/travis/build/icyphy/ptII/ptolemy/actor/lib/hoc/test/auto/HocDE.xml (RunModel)" time="0.227" />
  <testcase classname="ptolemy.util.test.junit.AutoTests" name="[24] /home/travis/build/icyphy/ptII/ptolemy/actor/lib/hoc/test/auto/IterateOverArray.xml (RunModel)" time="0.026" />
  <testcase classname="ptolemy.util.test.junit.AutoTests" name="[25] /home/travis/build/icyphy/ptII/ptolemy/actor/lib/hoc/test/auto/IterateOverArray10.xml (RunModel)" time="0.019" />
  <testcase classname="ptolemy.util.test.junit.AutoTests" name="[26] /home/travis/build/icyphy/ptII/ptolemy/actor/lib/hoc/test/auto/IterateOverArray11.xml (RunModel)" time="0.041" />
  <testcase classname="ptolemy.util.test.junit.AutoTests" name="[27] /home/travis/build/icyphy/ptII/ptolemy/actor/lib/hoc/test/auto/IterateOverArray12.xml (RunModel)" time="0.051" />
  <testcase classname="ptolemy.util.test.junit.AutoTests" name="[28] /home/travis/build/icyphy/ptII/ptolemy/actor/lib/hoc/test/auto/IterateOverArray13.xml (RunModel)" time="0.205" />
  <testcase classname="ptolemy.util.test.junit.AutoTests" name="[29] /home/travis/build/icyphy/ptII/ptolemy/actor/lib/hoc/test/auto/IterateOverArray14.xml (RunModel)" time="0.196" />
  <testcase classname="ptolemy.util.test.junit.AutoTests" name="[30] /home/travis/build/icyphy/ptII/ptolemy/actor/lib/hoc/test/auto/IterateOverArray2.xml (RunModel)" time="0.049" />
  <testcase classname="ptolemy.util.test.junit.AutoTests" name="[31] /home/travis/build/icyphy/ptII/ptolemy/actor/lib/hoc/test/auto/IterateOverArray3.xml (RunModel)" time="0.043" />
  <testcase classname="ptolemy.util.test.junit.AutoTests" name="[32] /home/travis/build/icyphy/ptII/ptolemy/actor/lib/hoc/test/auto/IterateOverArray4.xml (RunModel)" time="0.023" />
  <testcase classname="ptolemy.util.test.junit.AutoTests" name="[33] /home/travis/build/icyphy/ptII/ptolemy/actor/lib/hoc/test/auto/IterateOverArray5.xml (RunModel)" time="0.021" />
  <testcase classname="ptolemy.util.test.junit.AutoTests" name="[34] /home/travis/build/icyphy/ptII/ptolemy/actor/lib/hoc/test/auto/IterateOverArray6.xml (RunModel)" time="0.018" />
  <testcase classname="ptolemy.util.test.junit.AutoTests" name="[35] /home/travis/build/icyphy/ptII/ptolemy/actor/lib/hoc/test/auto/IterateOverArray7.xml (RunModel)" time="0.022" />
  <testcase classname="ptolemy.util.test.junit.AutoTests" name="[36] /home/travis/build/icyphy/ptII/ptolemy/actor/lib/hoc/test/auto/IterateOverArray8.xml (RunModel)" time="0.022" />
  <testcase classname="ptolemy.util.test.junit.AutoTests" name="[37] /home/travis/build/icyphy/ptII/ptolemy/actor/lib/hoc/test/auto/IterateOverArray9.xml (RunModel)" time="0.022" />
  <testcase classname="ptolemy.util.test.junit.AutoTests" name="[38] /home/travis/build/icyphy/ptII/ptolemy/actor/lib/hoc/test/auto/IterateOverArrayCoercedOutputType.xml (RunModel)" time="0.038" />
  <testcase classname="ptolemy.util.test.junit.AutoTests" name="[39] /home/travis/build/icyphy/ptII/ptolemy/actor/lib/hoc/test/auto/IterateOverArrayInferredOutputType.xml (RunModel)" time="0.032" />
  <testcase classname="ptolemy.util.test.junit.AutoTests" name="[40] /home/travis/build/icyphy/ptII/ptolemy/actor/lib/hoc/test/auto/MobileFunctionTest.xml (RunModel)" time="0.03" />
  <testcase classname="ptolemy.util.test.junit.AutoTests" name="[41] /home/travis/build/icyphy/ptII/ptolemy/actor/lib/hoc/test/auto/MobileModelTest.xml (RunModel)" time="0.134" />
  <testcase classname="ptolemy.util.test.junit.AutoTests" name="[42] /home/travis/build/icyphy/ptII/ptolemy/actor/lib/hoc/test/auto/ModelReference.xml (RunModel)" time="0.087" />
  <testcase classname="ptolemy.util.test.junit.AutoTests" name="[43] /home/travis/build/icyphy/ptII/ptolemy/actor/lib/hoc/test/auto/ModelReference3.xml (RunModel)" time="0.046" />
  <testcase classname="ptolemy.util.test.junit.AutoTests" name="[44] /home/travis/build/icyphy/ptII/ptolemy/actor/lib/hoc/test/auto/ModelReference4.xml (RunModel)" time="10.042" />
  <testcase classname="ptolemy.util.test.junit.AutoTests" name="[45] /home/travis/build/icyphy/ptII/ptolemy/actor/lib/hoc/test/auto/MultiInstanceComposite.xml (RunModel)" time="0.063" />
  <testcase classname="ptolemy.util.test.junit.AutoTests" name="[46] /home/travis/build/icyphy/ptII/ptolemy/actor/lib/hoc/test/auto/MultiInstanceComposite2.xml (RunModel)" time="0.052" />
  <testcase classname="ptolemy.util.test.junit.AutoTests" name="[47] /home/travis/build/icyphy/ptII/ptolemy/actor/lib/hoc/test/auto/MulticoreExecution.xml (RunModel)" time="1.106" />
  <testcase classname="ptolemy.util.test.junit.AutoTests" name="[48] /home/travis/build/icyphy/ptII/ptolemy/actor/lib/hoc/test/auto/ParallelExecution.xml (RunModel)" time="0.953" />
  <testcase classname="ptolemy.util.test.junit.AutoTests" name="[49] /home/travis/build/icyphy/ptII/ptolemy/actor/lib/hoc/test/auto/RunCompositeActor.xml (RunModel)" time="0.032" />
  <testcase classname="ptolemy.util.test.junit.AutoTests" name="[50] /home/travis/build/icyphy/ptII/ptolemy/actor/lib/hoc/test/auto/RunCompositeActor2.xml (RunModel)" time="0.046" />
  <testcase classname="ptolemy.util.test.junit.AutoTests" name="[51] /home/travis/build/icyphy/ptII/ptolemy/actor/lib/hoc/test/auto/RunCompositeActor3.xml (RunModel)" time="0.027" />
  <testcase classname="ptolemy.util.test.junit.AutoTests" name="[52] /home/travis/build/icyphy/ptII/ptolemy/actor/lib/hoc/test/auto/RunCompositeActor4.xml (RunModel)" time="0.03" />
  <testcase classname="ptolemy.util.test.junit.AutoTests" name="[53] /home/travis/build/icyphy/ptII/ptolemy/actor/lib/hoc/test/auto/RunCompositeIterateOverArray.xml (RunModel)" time="0.027" />
  <testcase classname="ptolemy.util.test.junit.AutoTests" name="[54] /home/travis/build/icyphy/ptII/ptolemy/actor/lib/hoc/test/auto/ThreadedJS.xml (RunModel)" time="5.513" />
  <system-out><![CDATA[/home/travis/build/icyphy/ptII/ptolemy/actor/lib/hoc/test/IterateOverArray.tcl
testDefs.tcl: setting time out to 9000 seconds at Tue Jun 19 21:50:01 UTC 2018
06/19/18 09:50:02
Failed: 0  Total Tests: 2  ((Passed: 2, Newly Passed: 0)  Known Failed: 0) /home/travis/build/icyphy/ptII/ptolemy/actor/lib/hoc/test
----------------- testing (KnownFailure) /home/travis/build/icyphy/ptII/ptolemy/actor/lib/hoc/test/auto/knownFailedTests/PreinitializeMustBeInvokedRunComposite.xml
38 ms. Memory: 116224K Free: 103565K (89%)
Known Failure: java.lang.reflect.InvocationTargetException
No auto/linux-amd64/*.xml tests in /home/travis/build/icyphy/ptII/ptolemy/actor/lib/hoc/test
AutoTests.java: About to close Vertx.
AutoTests.java: Vertx closed.

===========================================================================================
----------------- testing Tue Jun 19 21:50:02 UTC 2018 /home/travis/build/icyphy/ptII/ptolemy/actor/lib/hoc/test/auto/AllToAllMultiInstanceComposite.xml
----------------- Instantiating /home/travis/build/icyphy/ptII/ptolemy/actor/lib/hoc/test/auto/AllToAllMultiInstanceComposite.xml
172 ms. Memory: 146944K Free: 109166K (74%)
----------------- Invoking toplevel() on ptolemy.moml.MoMLSimpleApplication@30eeda8f
----------------- Done invoking toplevel() on ptolemy.moml.MoMLSimpleApplication@30eeda8f
reloadAllAccessors: .AllToAllMultiInstanceComposite

===========================================================================================
----------------- testing Tue Jun 19 21:50:02 UTC 2018 /home/travis/build/icyphy/ptII/ptolemy/actor/lib/hoc/test/auto/ApplyFFTTest.xml
----------------- Instantiating /home/travis/build/icyphy/ptII/ptolemy/actor/lib/hoc/test/auto/ApplyFFTTest.xml
98 ms. Memory: 146944K Free: 88143K (60%)
----------------- Invoking toplevel() on ptolemy.moml.MoMLSimpleApplication@295e2aec
----------------- Done invoking toplevel() on ptolemy.moml.MoMLSimpleApplication@295e2aec
reloadAllAccessors: .ApplyFFTTest

===========================================================================================
----------------- testing Tue Jun 19 21:50:03 UTC 2018 /home/travis/build/icyphy/ptII/ptolemy/actor/lib/hoc/test/auto/ApplyFunction.xml
----------------- Instantiating /home/travis/build/icyphy/ptII/ptolemy/actor/lib/hoc/test/auto/ApplyFunction.xml
15 ms. Memory: 146944K Free: 84400K (57%)
----------------- Invoking toplevel() on ptolemy.moml.MoMLSimpleApplication@754a7a2f
----------------- Done invoking toplevel() on ptolemy.moml.MoMLSimpleApplication@754a7a2f
reloadAllAccessors: .ApplyFunction

===========================================================================================
----------------- testing Tue Jun 19 21:50:03 UTC 2018 /home/travis/build/icyphy/ptII/ptolemy/actor/lib/hoc/test/auto/BackgroundExecution.xml
----------------- Instantiating /home/travis/build/icyphy/ptII/ptolemy/actor/lib/hoc/test/auto/BackgroundExecution.xml
642 ms. Memory: 146944K Free: 137216K (93%)
----------------- Invoking toplevel() on ptolemy.moml.MoMLSimpleApplication@3e8a5770
----------------- Done invoking toplevel() on ptolemy.moml.MoMLSimpleApplication@3e8a5770
reloadAllAccessors: .BackgroundExecution

===========================================================================================
----------------- testing Tue Jun 19 21:50:04 UTC 2018 /home/travis/build/icyphy/ptII/ptolemy/actor/lib/hoc/test/auto/Case.xml
----------------- Instantiating /home/travis/build/icyphy/ptII/ptolemy/actor/lib/hoc/test/auto/Case.xml
31 ms. Memory: 146944K Free: 128892K (88%)
----------------- Invoking toplevel() on ptolemy.moml.MoMLSimpleApplication@19548080
----------------- Done invoking toplevel() on ptolemy.moml.MoMLSimpleApplication@19548080
reloadAllAccessors: .Case

===========================================================================================
----------------- testing Tue Jun 19 21:50:04 UTC 2018 /home/travis/build/icyphy/ptII/ptolemy/actor/lib/hoc/test/auto/Case1.xml
----------------- Instantiating /home/travis/build/icyphy/ptII/ptolemy/actor/lib/hoc/test/auto/Case1.xml
20 ms. Memory: 146944K Free: 122130K (83%)
----------------- Invoking toplevel() on ptolemy.moml.MoMLSimpleApplication@783c84e4
----------------- Done invoking toplevel() on ptolemy.moml.MoMLSimpleApplication@783c84e4
reloadAllAccessors: .Case1

===========================================================================================
----------------- testing Tue Jun 19 21:50:04 UTC 2018 /home/travis/build/icyphy/ptII/ptolemy/actor/lib/hoc/test/auto/Case2.xml
----------------- Instantiating /home/travis/build/icyphy/ptII/ptolemy/actor/lib/hoc/test/auto/Case2.xml
93 ms. Memory: 146944K Free: 110440K (75%)
----------------- Invoking toplevel() on ptolemy.moml.MoMLSimpleApplication@a8058f3
----------------- Done invoking toplevel() on ptolemy.moml.MoMLSimpleApplication@a8058f3
reloadAllAccessors: .Case2

===========================================================================================
----------------- testing Tue Jun 19 21:50:04 UTC 2018 /home/travis/build/icyphy/ptII/ptolemy/actor/lib/hoc/test/auto/Case3.xml
----------------- Instantiating /home/travis/build/icyphy/ptII/ptolemy/actor/lib/hoc/test/auto/Case3.xml
19 ms. Memory: 146944K Free: 104127K (71%)
----------------- Invoking toplevel() on ptolemy.moml.MoMLSimpleApplication@784c0a45
----------------- Done invoking toplevel() on ptolemy.moml.MoMLSimpleApplication@784c0a45
reloadAllAccessors: .Case3

===========================================================================================
----------------- testing Tue Jun 19 21:50:04 UTC 2018 /home/travis/build/icyphy/ptII/ptolemy/actor/lib/hoc/test/auto/Case4.xml
----------------- Instantiating /home/travis/build/icyphy/ptII/ptolemy/actor/lib/hoc/test/auto/Case4.xml
16 ms. Memory: 146944K Free: 95048K (65%)
----------------- Invoking toplevel() on ptolemy.moml.MoMLSimpleApplication@6602b6c5
----------------- Done invoking toplevel() on ptolemy.moml.MoMLSimpleApplication@6602b6c5
reloadAllAccessors: .Case4

===========================================================================================
----------------- testing Tue Jun 19 21:50:04 UTC 2018 /home/travis/build/icyphy/ptII/ptolemy/actor/lib/hoc/test/auto/Case5.xml
----------------- Instantiating /home/travis/build/icyphy/ptII/ptolemy/actor/lib/hoc/test/auto/Case5.xml
50 ms. Memory: 146944K Free: 87924K (60%)
----------------- Invoking toplevel() on ptolemy.moml.MoMLSimpleApplication@912da18
----------------- Done invoking toplevel() on ptolemy.moml.MoMLSimpleApplication@912da18
reloadAllAccessors: .junk

===========================================================================================
----------------- testing Tue Jun 19 21:50:04 UTC 2018 /home/travis/build/icyphy/ptII/ptolemy/actor/lib/hoc/test/auto/Case6.xml
----------------- Instantiating /home/travis/build/icyphy/ptII/ptolemy/actor/lib/hoc/test/auto/Case6.xml
60 ms. Memory: 208384K Free: 197471K (95%)
----------------- Invoking toplevel() on ptolemy.moml.MoMLSimpleApplication@3da37824
----------------- Done invoking toplevel() on ptolemy.moml.MoMLSimpleApplication@3da37824
reloadAllAccessors: .Case6

===========================================================================================
----------------- testing Tue Jun 19 21:50:04 UTC 2018 /home/travis/build/icyphy/ptII/ptolemy/actor/lib/hoc/test/auto/CaseString2.xml
----------------- Instantiating /home/travis/build/icyphy/ptII/ptolemy/actor/lib/hoc/test/auto/CaseString2.xml
21 ms. Memory: 208384K Free: 187936K (90%)
----------------- Invoking toplevel() on ptolemy.moml.MoMLSimpleApplication@43c8c1fa
----------------- Done invoking toplevel() on ptolemy.moml.MoMLSimpleApplication@43c8c1fa
reloadAllAccessors: .CaseString2

===========================================================================================
----------------- testing Tue Jun 19 21:50:04 UTC 2018 /home/travis/build/icyphy/ptII/ptolemy/actor/lib/hoc/test/auto/CatchUpComposite1.xml
----------------- Instantiating /home/travis/build/icyphy/ptII/ptolemy/actor/lib/hoc/test/auto/CatchUpComposite1.xml
32 ms. Memory: 208384K Free: 178688K (86%)
----------------- Invoking toplevel() on ptolemy.moml.MoMLSimpleApplication@3c74e10d
----------------- Done invoking toplevel() on ptolemy.moml.MoMLSimpleApplication@3c74e10d
reloadAllAccessors: .CatchUpComposite1

===========================================================================================
----------------- testing Tue Jun 19 21:50:04 UTC 2018 /home/travis/build/icyphy/ptII/ptolemy/actor/lib/hoc/test/auto/CatchUpComposite2.xml
----------------- Instantiating /home/travis/build/icyphy/ptII/ptolemy/actor/lib/hoc/test/auto/CatchUpComposite2.xml
17 ms. Memory: 208384K Free: 169407K (81%)
----------------- Invoking toplevel() on ptolemy.moml.MoMLSimpleApplication@5c202645
----------------- Done invoking toplevel() on ptolemy.moml.MoMLSimpleApplication@5c202645
reloadAllAccessors: .CatchUpComposite2

===========================================================================================
----------------- testing Tue Jun 19 21:50:05 UTC 2018 /home/travis/build/icyphy/ptII/ptolemy/actor/lib/hoc/test/auto/CatchUpComposite3.xml
----------------- Instantiating /home/travis/build/icyphy/ptII/ptolemy/actor/lib/hoc/test/auto/CatchUpComposite3.xml
14 ms. Memory: 208384K Free: 159227K (76%)
----------------- Invoking toplevel() on ptolemy.moml.MoMLSimpleApplication@8db25eb
----------------- Done invoking toplevel() on ptolemy.moml.MoMLSimpleApplication@8db25eb
reloadAllAccessors: .CatchUpComposite3

===========================================================================================
----------------- testing Tue Jun 19 21:50:05 UTC 2018 /home/travis/build/icyphy/ptII/ptolemy/actor/lib/hoc/test/auto/CatchUpComposite4.xml
----------------- Instantiating /home/travis/build/icyphy/ptII/ptolemy/actor/lib/hoc/test/auto/CatchUpComposite4.xml
17 ms. Memory: 208384K Free: 149978K (72%)
----------------- Invoking toplevel() on ptolemy.moml.MoMLSimpleApplication@1633047c
----------------- Done invoking toplevel() on ptolemy.moml.MoMLSimpleApplication@1633047c
reloadAllAccessors: .CatchUpComposite4

===========================================================================================
----------------- testing Tue Jun 19 21:50:05 UTC 2018 /home/travis/build/icyphy/ptII/ptolemy/actor/lib/hoc/test/auto/CatchUpComposite5.xml
----------------- Instantiating /home/travis/build/icyphy/ptII/ptolemy/actor/lib/hoc/test/auto/CatchUpComposite5.xml
15 ms. Memory: 208384K Free: 141344K (68%)
----------------- Invoking toplevel() on ptolemy.moml.MoMLSimpleApplication@4e735500
----------------- Done invoking toplevel() on ptolemy.moml.MoMLSimpleApplication@4e735500
reloadAllAccessors: .CatchUpComposite5

===========================================================================================
----------------- testing Tue Jun 19 21:50:05 UTC 2018 /home/travis/build/icyphy/ptII/ptolemy/actor/lib/hoc/test/auto/CatchUpComposite6.xml
----------------- Instantiating /home/travis/build/icyphy/ptII/ptolemy/actor/lib/hoc/test/auto/CatchUpComposite6.xml
WARNING: The execution aspects in this model can influence the timing of actors by delaying the 
execution, potentially changing the behavior. There is no guarantee that actors fire at the 
time they request to be fired. 
Use Ptides for deterministic DE behavior that is not influenced by execution aspects. 

127 ms. Memory: 208384K Free: 122423K (59%)
----------------- Invoking toplevel() on ptolemy.moml.MoMLSimpleApplication@372e0893
----------------- Done invoking toplevel() on ptolemy.moml.MoMLSimpleApplication@372e0893
reloadAllAccessors: .CatchUpComposite6

===========================================================================================
----------------- testing Tue Jun 19 21:50:05 UTC 2018 /home/travis/build/icyphy/ptII/ptolemy/actor/lib/hoc/test/auto/CatchUpComposite7.xml
----------------- Instantiating /home/travis/build/icyphy/ptII/ptolemy/actor/lib/hoc/test/auto/CatchUpComposite7.xml
WARNING: The execution aspects in this model can influence the timing of actors by delaying the 
execution, potentially changing the behavior. There is no guarantee that actors fire at the 
time they request to be fired. 
Use Ptides for deterministic DE behavior that is not influenced by execution aspects. 

56 ms. Memory: 208384K Free: 105760K (51%)
----------------- Invoking toplevel() on ptolemy.moml.MoMLSimpleApplication@32fdd683
----------------- Done invoking toplevel() on ptolemy.moml.MoMLSimpleApplication@32fdd683
reloadAllAccessors: .CatchUpComposite7

===========================================================================================
----------------- testing Tue Jun 19 21:50:05 UTC 2018 /home/travis/build/icyphy/ptII/ptolemy/actor/lib/hoc/test/auto/ConcurrentExecutionTimeSDF.xml
----------------- Instantiating /home/travis/build/icyphy/ptII/ptolemy/actor/lib/hoc/test/auto/ConcurrentExecutionTimeSDF.xml
Fired ExecutionTime: 40400000
Fired ExecutionTime: 40400000
Fired ExecutionTime: 40400000
Fired ExecutionTime: 40400000
Fired ExecutionTime: 40400000
Fired ExecutionTime: 40400000
Fired ExecutionTime: 40400000
Fired ExecutionTime: 40400000
Fired ExecutionTime: 40400000
Fired ExecutionTime: 40400000
Fired ExecutionTime: 40400000
Fired ExecutionTime: 40400000
Fired ExecutionTime: 40400000
Fired ExecutionTime: 40400000
Fired ExecutionTime: 40400000
Fired ExecutionTime: 40400000
Fired ExecutionTime: 40400000
Fired ExecutionTime: 40400000
Fired ExecutionTime: 40400000
Fired ExecutionTime: 40400000
1185 ms. Memory: 208384K Free: 97692K (47%)
----------------- Invoking toplevel() on ptolemy.moml.MoMLSimpleApplication@2cdeec61
----------------- Done invoking toplevel() on ptolemy.moml.MoMLSimpleApplication@2cdeec61
reloadAllAccessors: .ConcurrentExecutionTimeSDF

===========================================================================================
----------------- testing Tue Jun 19 21:50:06 UTC 2018 /home/travis/build/icyphy/ptII/ptolemy/actor/lib/hoc/test/auto/ConcurrentSleep.xml
----------------- Instantiating /home/travis/build/icyphy/ptII/ptolemy/actor/lib/hoc/test/auto/ConcurrentSleep.xml
741 ms. Memory: 208384K Free: 83180K (40%)
----------------- Invoking toplevel() on ptolemy.moml.MoMLSimpleApplication@a75f28b
----------------- Done invoking toplevel() on ptolemy.moml.MoMLSimpleApplication@a75f28b
reloadAllAccessors: .ConcurrentSleep

===========================================================================================
----------------- testing Tue Jun 19 21:50:07 UTC 2018 /home/travis/build/icyphy/ptII/ptolemy/actor/lib/hoc/test/auto/DEInPNInRunCompositeActor.xml
----------------- Instantiating /home/travis/build/icyphy/ptII/ptolemy/actor/lib/hoc/test/auto/DEInPNInRunCompositeActor.xml
6 ms. Memory: 208384K Free: 198515K (95%)
----------------- Invoking toplevel() on ptolemy.moml.MoMLSimpleApplication@2f6a34a3
----------------- Done invoking toplevel() on ptolemy.moml.MoMLSimpleApplication@2f6a34a3
reloadAllAccessors: .DEInPNInRunCompositeActor

===========================================================================================
----------------- testing Tue Jun 19 21:50:07 UTC 2018 /home/travis/build/icyphy/ptII/ptolemy/actor/lib/hoc/test/auto/DFTSubSetTest.xml
----------------- Instantiating /home/travis/build/icyphy/ptII/ptolemy/actor/lib/hoc/test/auto/DFTSubSetTest.xml
203 ms. Memory: 208384K Free: 150826K (72%)
----------------- Invoking toplevel() on ptolemy.moml.MoMLSimpleApplication@1786678d
----------------- Done invoking toplevel() on ptolemy.moml.MoMLSimpleApplication@1786678d
reloadAllAccessors: .DFTSubSetTest

===========================================================================================
----------------- testing Tue Jun 19 21:50:08 UTC 2018 /home/travis/build/icyphy/ptII/ptolemy/actor/lib/hoc/test/auto/HocDE.xml
----------------- Instantiating /home/travis/build/icyphy/ptII/ptolemy/actor/lib/hoc/test/auto/HocDE.xml
173 ms. Memory: 208384K Free: 123712K (59%)
----------------- Invoking toplevel() on ptolemy.moml.MoMLSimpleApplication@7a03188b
----------------- Done invoking toplevel() on ptolemy.moml.MoMLSimpleApplication@7a03188b
reloadAllAccessors: .HocDE

===========================================================================================
----------------- testing Tue Jun 19 21:50:08 UTC 2018 /home/travis/build/icyphy/ptII/ptolemy/actor/lib/hoc/test/auto/IterateOverArray.xml
----------------- Instantiating /home/travis/build/icyphy/ptII/ptolemy/actor/lib/hoc/test/auto/IterateOverArray.xml
7 ms. Memory: 208384K Free: 117332K (56%)
----------------- Invoking toplevel() on ptolemy.moml.MoMLSimpleApplication@7c37a9a2
----------------- Done invoking toplevel() on ptolemy.moml.MoMLSimpleApplication@7c37a9a2
reloadAllAccessors: .IterateOverArray

===========================================================================================
----------------- testing Tue Jun 19 21:50:08 UTC 2018 /home/travis/build/icyphy/ptII/ptolemy/actor/lib/hoc/test/auto/IterateOverArray10.xml
----------------- Instantiating /home/travis/build/icyphy/ptII/ptolemy/actor/lib/hoc/test/auto/IterateOverArray10.xml
2 ms. Memory: 208384K Free: 113236K (54%)
----------------- Invoking toplevel() on ptolemy.moml.MoMLSimpleApplication@2ed252e1
----------------- Done invoking toplevel() on ptolemy.moml.MoMLSimpleApplication@2ed252e1
reloadAllAccessors: .IterateOverArray10

===========================================================================================
----------------- testing Tue Jun 19 21:50:08 UTC 2018 /home/travis/build/icyphy/ptII/ptolemy/actor/lib/hoc/test/auto/IterateOverArray11.xml
----------------- Instantiating /home/travis/build/icyphy/ptII/ptolemy/actor/lib/hoc/test/auto/IterateOverArray11.xml
5 ms. Memory: 208384K Free: 107691K (52%)
----------------- Invoking toplevel() on ptolemy.moml.MoMLSimpleApplication@4d8855c1
----------------- Done invoking toplevel() on ptolemy.moml.MoMLSimpleApplication@4d8855c1
reloadAllAccessors: .IterateOverArray11

===========================================================================================
----------------- testing Tue Jun 19 21:50:08 UTC 2018 /home/travis/build/icyphy/ptII/ptolemy/actor/lib/hoc/test/auto/IterateOverArray12.xml
----------------- Instantiating /home/travis/build/icyphy/ptII/ptolemy/actor/lib/hoc/test/auto/IterateOverArray12.xml
20 ms. Memory: 208384K Free: 101122K (49%)
----------------- Invoking toplevel() on ptolemy.moml.MoMLSimpleApplication@5e381f24
----------------- Done invoking toplevel() on ptolemy.moml.MoMLSimpleApplication@5e381f24
reloadAllAccessors: .IterateOverArray12

===========================================================================================
----------------- testing Tue Jun 19 21:50:08 UTC 2018 /home/travis/build/icyphy/ptII/ptolemy/actor/lib/hoc/test/auto/IterateOverArray13.xml
----------------- Instantiating /home/travis/build/icyphy/ptII/ptolemy/actor/lib/hoc/test/auto/IterateOverArray13.xml
133 ms. Memory: 331264K Free: 315886K (95%)
----------------- Invoking toplevel() on ptolemy.moml.MoMLSimpleApplication@5af4611f
----------------- Done invoking toplevel() on ptolemy.moml.MoMLSimpleApplication@5af4611f
reloadAllAccessors: .IterateOverArray13

===========================================================================================
----------------- testing Tue Jun 19 21:50:08 UTC 2018 /home/travis/build/icyphy/ptII/ptolemy/actor/lib/hoc/test/auto/IterateOverArray14.xml
----------------- Instantiating /home/travis/build/icyphy/ptII/ptolemy/actor/lib/hoc/test/auto/IterateOverArray14.xml
97 ms. Memory: 331264K Free: 278393K (84%)
----------------- Invoking toplevel() on ptolemy.moml.MoMLSimpleApplication@45b0c830
----------------- Done invoking toplevel() on ptolemy.moml.MoMLSimpleApplication@45b0c830
reloadAllAccessors: .IterateOverArray14

===========================================================================================
----------------- testing Tue Jun 19 21:50:08 UTC 2018 /home/travis/build/icyphy/ptII/ptolemy/actor/lib/hoc/test/auto/IterateOverArray2.xml
----------------- Instantiating /home/travis/build/icyphy/ptII/ptolemy/actor/lib/hoc/test/auto/IterateOverArray2.xml
7 ms. Memory: 331264K Free: 273499K (83%)
----------------- Invoking toplevel() on ptolemy.moml.MoMLSimpleApplication@32a173b6
----------------- Done invoking toplevel() on ptolemy.moml.MoMLSimpleApplication@32a173b6
reloadAllAccessors: .IterateOverArray2

===========================================================================================
----------------- testing Tue Jun 19 21:50:08 UTC 2018 /home/travis/build/icyphy/ptII/ptolemy/actor/lib/hoc/test/auto/IterateOverArray3.xml
----------------- Instantiating /home/travis/build/icyphy/ptII/ptolemy/actor/lib/hoc/test/auto/IterateOverArray3.xml
18 ms. Memory: 331264K Free: 265293K (80%)
----------------- Invoking toplevel() on ptolemy.moml.MoMLSimpleApplication@6b33b78
----------------- Done invoking toplevel() on ptolemy.moml.MoMLSimpleApplication@6b33b78
reloadAllAccessors: .IterateOverArray3

===========================================================================================
----------------- testing Tue Jun 19 21:50:08 UTC 2018 /home/travis/build/icyphy/ptII/ptolemy/actor/lib/hoc/test/auto/IterateOverArray4.xml
----------------- Instantiating /home/travis/build/icyphy/ptII/ptolemy/actor/lib/hoc/test/auto/IterateOverArray4.xml
7 ms. Memory: 331264K Free: 260398K (79%)
----------------- Invoking toplevel() on ptolemy.moml.MoMLSimpleApplication@2ec96cc9
----------------- Done invoking toplevel() on ptolemy.moml.MoMLSimpleApplication@2ec96cc9
reloadAllAccessors: .IterateOverArray4

===========================================================================================
----------------- testing Tue Jun 19 21:50:08 UTC 2018 /home/travis/build/icyphy/ptII/ptolemy/actor/lib/hoc/test/auto/IterateOverArray5.xml
----------------- Instantiating /home/travis/build/icyphy/ptII/ptolemy/actor/lib/hoc/test/auto/IterateOverArray5.xml
3 ms. Memory: 331264K Free: 255503K (77%)
----------------- Invoking toplevel() on ptolemy.moml.MoMLSimpleApplication@55da6a4e
----------------- Done invoking toplevel() on ptolemy.moml.MoMLSimpleApplication@55da6a4e
reloadAllAccessors: .IterateOverArray5

===========================================================================================
----------------- testing Tue Jun 19 21:50:08 UTC 2018 /home/travis/build/icyphy/ptII/ptolemy/actor/lib/hoc/test/auto/IterateOverArray6.xml
----------------- Instantiating /home/travis/build/icyphy/ptII/ptolemy/actor/lib/hoc/test/auto/IterateOverArray6.xml
2 ms. Memory: 331264K Free: 250984K (76%)
----------------- Invoking toplevel() on ptolemy.moml.MoMLSimpleApplication@3e7b174d
----------------- Done invoking toplevel() on ptolemy.moml.MoMLSimpleApplication@3e7b174d
reloadAllAccessors: .IterateOverArray6

===========================================================================================
----------------- testing Tue Jun 19 21:50:08 UTC 2018 /home/travis/build/icyphy/ptII/ptolemy/actor/lib/hoc/test/auto/IterateOverArray7.xml
----------------- Instantiating /home/travis/build/icyphy/ptII/ptolemy/actor/lib/hoc/test/auto/IterateOverArray7.xml
5 ms. Memory: 331264K Free: 246089K (74%)
----------------- Invoking toplevel() on ptolemy.moml.MoMLSimpleApplication@23c179d
----------------- Done invoking toplevel() on ptolemy.moml.MoMLSimpleApplication@23c179d
reloadAllAccessors: .IterateOverArray7

===========================================================================================
----------------- testing Tue Jun 19 21:50:08 UTC 2018 /home/travis/build/icyphy/ptII/ptolemy/actor/lib/hoc/test/auto/IterateOverArray8.xml
----------------- Instantiating /home/travis/build/icyphy/ptII/ptolemy/actor/lib/hoc/test/auto/IterateOverArray8.xml
5 ms. Memory: 331264K Free: 240346K (73%)
----------------- Invoking toplevel() on ptolemy.moml.MoMLSimpleApplication@4903a407
----------------- Done invoking toplevel() on ptolemy.moml.MoMLSimpleApplication@4903a407
reloadAllAccessors: .IterateOverArray8

===========================================================================================
----------------- testing Tue Jun 19 21:50:09 UTC 2018 /home/travis/build/icyphy/ptII/ptolemy/actor/lib/hoc/test/auto/IterateOverArray9.xml
----------------- Instantiating /home/travis/build/icyphy/ptII/ptolemy/actor/lib/hoc/test/auto/IterateOverArray9.xml
8 ms. Memory: 331264K Free: 235451K (71%)
----------------- Invoking toplevel() on ptolemy.moml.MoMLSimpleApplication@4b27696b
----------------- Done invoking toplevel() on ptolemy.moml.MoMLSimpleApplication@4b27696b
reloadAllAccessors: .IterateOverArray9

===========================================================================================
----------------- testing Tue Jun 19 21:50:09 UTC 2018 /home/travis/build/icyphy/ptII/ptolemy/actor/lib/hoc/test/auto/IterateOverArrayCoercedOutputType.xml
----------------- Instantiating /home/travis/build/icyphy/ptII/ptolemy/actor/lib/hoc/test/auto/IterateOverArrayCoercedOutputType.xml
5 ms. Memory: 331264K Free: 229332K (69%)
----------------- Invoking toplevel() on ptolemy.moml.MoMLSimpleApplication@64bb5171
----------------- Done invoking toplevel() on ptolemy.moml.MoMLSimpleApplication@64bb5171
reloadAllAccessors: .IterateOverArrayCoercedOutputType

===========================================================================================
----------------- testing Tue Jun 19 21:50:09 UTC 2018 /home/travis/build/icyphy/ptII/ptolemy/actor/lib/hoc/test/auto/IterateOverArrayInferredOutputType.xml
----------------- Instantiating /home/travis/build/icyphy/ptII/ptolemy/actor/lib/hoc/test/auto/IterateOverArrayInferredOutputType.xml
10 ms. Memory: 331264K Free: 222366K (67%)
----------------- Invoking toplevel() on ptolemy.moml.MoMLSimpleApplication@6da9ad5
----------------- Done invoking toplevel() on ptolemy.moml.MoMLSimpleApplication@6da9ad5
reloadAllAccessors: .IterateOverArrayInferredOutputType

===========================================================================================
----------------- testing Tue Jun 19 21:50:09 UTC 2018 /home/travis/build/icyphy/ptII/ptolemy/actor/lib/hoc/test/auto/MobileFunctionTest.xml
----------------- Instantiating /home/travis/build/icyphy/ptII/ptolemy/actor/lib/hoc/test/auto/MobileFunctionTest.xml
6 ms. Memory: 331264K Free: 217471K (66%)
----------------- Invoking toplevel() on ptolemy.moml.MoMLSimpleApplication@5dd8d825
----------------- Done invoking toplevel() on ptolemy.moml.MoMLSimpleApplication@5dd8d825
reloadAllAccessors: .MobileFunctionTest

===========================================================================================
----------------- testing Tue Jun 19 21:50:09 UTC 2018 /home/travis/build/icyphy/ptII/ptolemy/actor/lib/hoc/test/auto/MobileModelTest.xml
----------------- Instantiating /home/travis/build/icyphy/ptII/ptolemy/actor/lib/hoc/test/auto/MobileModelTest.xml
87 ms. Memory: 331264K Free: 196652K (59%)
----------------- Invoking toplevel() on ptolemy.moml.MoMLSimpleApplication@432ec067
----------------- Done invoking toplevel() on ptolemy.moml.MoMLSimpleApplication@432ec067
reloadAllAccessors: .MobileModelTest

===========================================================================================
----------------- testing Tue Jun 19 21:50:09 UTC 2018 /home/travis/build/icyphy/ptII/ptolemy/actor/lib/hoc/test/auto/ModelReference.xml
----------------- Instantiating /home/travis/build/icyphy/ptII/ptolemy/actor/lib/hoc/test/auto/ModelReference.xml
4 ms. Memory: 331264K Free: 187238K (57%)
3 ms. Memory: 331264K Free: 186014K (56%)
2 ms. Memory: 331264K Free: 186014K (56%)
2 ms. Memory: 331264K Free: 184791K (56%)
3 ms. Memory: 331264K Free: 183567K (55%)
2 ms. Memory: 331264K Free: 183567K (55%)
2 ms. Memory: 331264K Free: 182343K (55%)
3 ms. Memory: 331264K Free: 181120K (55%)
2 ms. Memory: 331264K Free: 181120K (55%)
1 ms. Memory: 331264K Free: 179896K (54%)
35 ms. Memory: 331264K Free: 179896K (54%)
----------------- Invoking toplevel() on ptolemy.moml.MoMLSimpleApplication@35b44e0f
----------------- Done invoking toplevel() on ptolemy.moml.MoMLSimpleApplication@35b44e0f
reloadAllAccessors: .ModelReference

===========================================================================================
----------------- testing Tue Jun 19 21:50:09 UTC 2018 /home/travis/build/icyphy/ptII/ptolemy/actor/lib/hoc/test/auto/ModelReference3.xml
----------------- Instantiating /home/travis/build/icyphy/ptII/ptolemy/actor/lib/hoc/test/auto/ModelReference3.xml
2 ms. Memory: 331264K Free: 173777K (52%)
2 ms. Memory: 331264K Free: 173777K (52%)
2 ms. Memory: 331264K Free: 172554K (52%)
2 ms. Memory: 331264K Free: 171330K (52%)
2 ms. Memory: 331264K Free: 171330K (52%)
2 ms. Memory: 331264K Free: 170106K (51%)
2 ms. Memory: 331264K Free: 168883K (51%)
2 ms. Memory: 331264K Free: 168883K (51%)
2 ms. Memory: 331264K Free: 167659K (51%)
6 ms. Memory: 331264K Free: 166435K (50%)
32 ms. Memory: 331264K Free: 166435K (50%)
----------------- Invoking toplevel() on ptolemy.moml.MoMLSimpleApplication@535f4a89
----------------- Done invoking toplevel() on ptolemy.moml.MoMLSimpleApplication@535f4a89
reloadAllAccessors: .ModelReference3

===========================================================================================
----------------- testing Tue Jun 19 21:50:09 UTC 2018 /home/travis/build/icyphy/ptII/ptolemy/actor/lib/hoc/test/auto/ModelReference4.xml
----------------- Instantiating /home/travis/build/icyphy/ptII/ptolemy/actor/lib/hoc/test/auto/ModelReference4.xml
4 ms. Memory: 331264K Free: 159469K (48%)
5 ms. Memory: 331264K Free: 158245K (48%)
4 ms. Memory: 331264K Free: 155798K (47%)
2 ms. Memory: 331264K Free: 154574K (47%)
4 ms. Memory: 331264K Free: 153351K (46%)
9 ms. Memory: 331264K Free: 152127K (46%)
10 ms. Memory: 331264K Free: 150903K (46%)
2 ms. Memory: 331264K Free: 149680K (45%)
2 ms. Memory: 331264K Free: 147216K (44%)
3 ms. Memory: 331264K Free: 145992K (44%)
10023 ms. Memory: 331264K Free: 145992K (44%)
----------------- Invoking toplevel() on ptolemy.moml.MoMLSimpleApplication@1ea28b3c
----------------- Done invoking toplevel() on ptolemy.moml.MoMLSimpleApplication@1ea28b3c
reloadAllAccessors: .ModelReference4

===========================================================================================
----------------- testing Tue Jun 19 21:50:19 UTC 2018 /home/travis/build/icyphy/ptII/ptolemy/actor/lib/hoc/test/auto/MultiInstanceComposite.xml
----------------- Instantiating /home/travis/build/icyphy/ptII/ptolemy/actor/lib/hoc/test/auto/MultiInstanceComposite.xml
41 ms. Memory: 331264K Free: 129980K (39%)
----------------- Invoking toplevel() on ptolemy.moml.MoMLSimpleApplication@6bc8ed70
----------------- Done invoking toplevel() on ptolemy.moml.MoMLSimpleApplication@6bc8ed70
reloadAllAccessors: .MultiInstanceComposite

===========================================================================================
----------------- testing Tue Jun 19 21:50:19 UTC 2018 /home/travis/build/icyphy/ptII/ptolemy/actor/lib/hoc/test/auto/MultiInstanceComposite2.xml
----------------- Instantiating /home/travis/build/icyphy/ptII/ptolemy/actor/lib/hoc/test/auto/MultiInstanceComposite2.xml
22 ms. Memory: 331264K Free: 116440K (35%)
----------------- Invoking toplevel() on ptolemy.moml.MoMLSimpleApplication@327d338c
----------------- Done invoking toplevel() on ptolemy.moml.MoMLSimpleApplication@327d338c
reloadAllAccessors: .MultiInstanceComposite2

===========================================================================================
----------------- testing Tue Jun 19 21:50:19 UTC 2018 /home/travis/build/icyphy/ptII/ptolemy/actor/lib/hoc/test/auto/MulticoreExecution.xml
----------------- Instantiating /home/travis/build/icyphy/ptII/ptolemy/actor/lib/hoc/test/auto/MulticoreExecution.xml
Fired ExecutionTime: 2000000
Fired ExecutionTime: 3600000
Fired ExecutionTime: 4000000
Fired ExecutionTime: 2000000
Fired ExecutionTime: 64000000
Fired ExecutionTime: 67200000
Fired ExecutionTime: 62400000
Fired ExecutionTime: 72000000
Fired ExecutionTime: 63200000
Fired ExecutionTime: 71200000
Fired ExecutionTime: 59600000
Fired ExecutionTime: 73600000
Fired ExecutionTime: 65600000
Fired ExecutionTime: 78800000
Fired ExecutionTime: 60800000
Fired ExecutionTime: 65600000
Fired ExecutionTime: 69200000
Fired ExecutionTime: 66400000
Fired ExecutionTime: 67200000
Fired ExecutionTime: 69600000
1074 ms. Memory: 331264K Free: 103306K (31%)
----------------- Invoking toplevel() on ptolemy.moml.MoMLSimpleApplication@64d6c520
----------------- Done invoking toplevel() on ptolemy.moml.MoMLSimpleApplication@64d6c520
reloadAllAccessors: .MulticoreExecution

===========================================================================================
----------------- testing Tue Jun 19 21:50:20 UTC 2018 /home/travis/build/icyphy/ptII/ptolemy/actor/lib/hoc/test/auto/ParallelExecution.xml
----------------- Instantiating /home/travis/build/icyphy/ptII/ptolemy/actor/lib/hoc/test/auto/ParallelExecution.xml
922 ms. Memory: 331264K Free: 92261K (28%)
----------------- Invoking toplevel() on ptolemy.moml.MoMLSimpleApplication@667d9eab
----------------- Done invoking toplevel() on ptolemy.moml.MoMLSimpleApplication@667d9eab
reloadAllAccessors: .ParallelExecution

===========================================================================================
----------------- testing Tue Jun 19 21:50:21 UTC 2018 /home/travis/build/icyphy/ptII/ptolemy/actor/lib/hoc/test/auto/RunCompositeActor.xml
----------------- Instantiating /home/travis/build/icyphy/ptII/ptolemy/actor/lib/hoc/test/auto/RunCompositeActor.xml
11 ms. Memory: 331264K Free: 82806K (25%)
----------------- Invoking toplevel() on ptolemy.moml.MoMLSimpleApplication@35c4d032
----------------- Done invoking toplevel() on ptolemy.moml.MoMLSimpleApplication@35c4d032
reloadAllAccessors: .RunCompositeActor

===========================================================================================
----------------- testing Tue Jun 19 21:50:21 UTC 2018 /home/travis/build/icyphy/ptII/ptolemy/actor/lib/hoc/test/auto/RunCompositeActor2.xml
----------------- Instantiating /home/travis/build/icyphy/ptII/ptolemy/actor/lib/hoc/test/auto/RunCompositeActor2.xml
4 ms. Memory: 332288K Free: 321589K (97%)
----------------- Invoking toplevel() on ptolemy.moml.MoMLSimpleApplication@489c7e9
----------------- Done invoking toplevel() on ptolemy.moml.MoMLSimpleApplication@489c7e9
reloadAllAccessors: .RunCompositeActor2

===========================================================================================
----------------- testing Tue Jun 19 21:50:21 UTC 2018 /home/travis/build/icyphy/ptII/ptolemy/actor/lib/hoc/test/auto/RunCompositeActor3.xml
----------------- Instantiating /home/travis/build/icyphy/ptII/ptolemy/actor/lib/hoc/test/auto/RunCompositeActor3.xml
4 ms. Memory: 332288K Free: 314445K (95%)
----------------- Invoking toplevel() on ptolemy.moml.MoMLSimpleApplication@1b7515b5
----------------- Done invoking toplevel() on ptolemy.moml.MoMLSimpleApplication@1b7515b5
reloadAllAccessors: .RunCompositeActor3

===========================================================================================
----------------- testing Tue Jun 19 21:50:21 UTC 2018 /home/travis/build/icyphy/ptII/ptolemy/actor/lib/hoc/test/auto/RunCompositeActor4.xml
----------------- Instantiating /home/travis/build/icyphy/ptII/ptolemy/actor/lib/hoc/test/auto/RunCompositeActor4.xml
13 ms. Memory: 332288K Free: 303822K (91%)
----------------- Invoking toplevel() on ptolemy.moml.MoMLSimpleApplication@57a9ff05
----------------- Done invoking toplevel() on ptolemy.moml.MoMLSimpleApplication@57a9ff05
reloadAllAccessors: .RunCompositeActor4

===========================================================================================
----------------- testing Tue Jun 19 21:50:21 UTC 2018 /home/travis/build/icyphy/ptII/ptolemy/actor/lib/hoc/test/auto/RunCompositeIterateOverArray.xml
----------------- Instantiating /home/travis/build/icyphy/ptII/ptolemy/actor/lib/hoc/test/auto/RunCompositeIterateOverArray.xml
5 ms. Memory: 332288K Free: 297280K (89%)
----------------- Invoking toplevel() on ptolemy.moml.MoMLSimpleApplication@19ef4dd
----------------- Done invoking toplevel() on ptolemy.moml.MoMLSimpleApplication@19ef4dd
reloadAllAccessors: .RunCompositeIterateOverArray

===========================================================================================
----------------- testing Tue Jun 19 21:50:21 UTC 2018 /home/travis/build/icyphy/ptII/ptolemy/actor/lib/hoc/test/auto/ThreadedJS.xml
----------------- Instantiating /home/travis/build/icyphy/ptII/ptolemy/actor/lib/hoc/test/auto/ThreadedJS.xml
1956 ms. Memory: 540160K Free: 158166K (29%)
----------------- Invoking toplevel() on ptolemy.moml.MoMLSimpleApplication@49ddd0ad
----------------- Done invoking toplevel() on ptolemy.moml.MoMLSimpleApplication@49ddd0ad
reloadAllAccessors: .ThreadedJS
AutoTests.java: About to close Vertx.
AutoTests.java: Vertx closed.
]]></system-out>
  <system-err><![CDATA[java.lang.RuntimeException: Execution failed
	at ptolemy.moml.MoMLSimpleApplication$UnloadThread.run(MoMLSimpleApplication.java:402)
Caused by: ptolemy.kernel.util.IllegalActionException: initialize() was called after wrapup() was called but preinitialize() was not called after wrapup().
	at ptolemy.actor.lib.hoc.test.PreinitializeMustBeInvoked.initialize(PreinitializeMustBeInvoked.java:78)
	at ptolemy.actor.Director.initialize(Director.java:938)
	at ptolemy.actor.Director.initialize(Director.java:907)
	at ptolemy.actor.sched.StaticSchedulingDirector.initialize(StaticSchedulingDirector.java:159)
	at ptolemy.domains.sdf.kernel.SDFDirector.initialize(SDFDirector.java:544)
	at ptolemy.actor.CompositeActor.initialize(CompositeActor.java:935)
	at ptolemy.actor.lib.hoc.LifeCycleManager._executeInsideModel(LifeCycleManager.java:339)
	at ptolemy.actor.lib.hoc.RunCompositeActor.fire(RunCompositeActor.java:205)
	at ptolemy.actor.CompositeActor.iterate(CompositeActor.java:1146)
	at ptolemy.actor.sched.StaticSchedulingDirector.fire(StaticSchedulingDirector.java:216)
	at ptolemy.domains.sdf.kernel.SDFDirector.fire(SDFDirector.java:500)
	at ptolemy.actor.CompositeActor.fire(CompositeActor.java:455)
	at ptolemy.actor.Manager.iterate(Manager.java:851)
	at ptolemy.actor.Manager.execute(Manager.java:369)
	at ptolemy.actor.Manager.run(Manager.java:1263)
	at ptolemy.actor.Manager$PtolemyRunThread.run(Manager.java:1915)
java.lang.reflect.InvocationTargetException
	at sun.reflect.NativeConstructorAccessorImpl.newInstance0(Native Method)
	at sun.reflect.NativeConstructorAccessorImpl.newInstance(NativeConstructorAccessorImpl.java:62)
	at sun.reflect.DelegatingConstructorAccessorImpl.newInstance(DelegatingConstructorAccessorImpl.java:45)
	at java.lang.reflect.Constructor.newInstance(Constructor.java:423)
	at ptolemy.util.test.junit.AutoKnownFailedTests.RunModel(AutoKnownFailedTests.java:107)
	at sun.reflect.NativeMethodAccessorImpl.invoke0(Native Method)
	at sun.reflect.NativeMethodAccessorImpl.invoke(NativeMethodAccessorImpl.java:62)
	at sun.reflect.DelegatingMethodAccessorImpl.invoke(DelegatingMethodAccessorImpl.java:43)
	at java.lang.reflect.Method.invoke(Method.java:498)
	at org.junit.runners.model.FrameworkMethod$1.runReflectiveCall(FrameworkMethod.java:44)
	at org.junit.internal.runners.model.ReflectiveCallable.run(ReflectiveCallable.java:15)
	at org.junit.runners.model.FrameworkMethod.invokeExplosively(FrameworkMethod.java:41)
	at junitparams.internal.InvokeParameterisedMethod.evaluate(InvokeParameterisedMethod.java:102)
	at org.junit.internal.runners.statements.FailOnTimeout$1.run(FailOnTimeout.java:28)
Caused by: ptolemy.kernel.util.IllegalActionException: initialize() was called after wrapup() was called but preinitialize() was not called after wrapup().
	at ptolemy.actor.lib.hoc.test.PreinitializeMustBeInvoked.initialize(PreinitializeMustBeInvoked.java:78)
	at ptolemy.actor.Director.initialize(Director.java:938)
	at ptolemy.actor.Director.initialize(Director.java:907)
	at ptolemy.actor.sched.StaticSchedulingDirector.initialize(StaticSchedulingDirector.java:159)
	at ptolemy.domains.sdf.kernel.SDFDirector.initialize(SDFDirector.java:544)
	at ptolemy.actor.CompositeActor.initialize(CompositeActor.java:935)
	at ptolemy.actor.lib.hoc.LifeCycleManager._executeInsideModel(LifeCycleManager.java:339)
	at ptolemy.actor.lib.hoc.RunCompositeActor.fire(RunCompositeActor.java:205)
	at ptolemy.actor.CompositeActor.iterate(CompositeActor.java:1146)
	at ptolemy.actor.sched.StaticSchedulingDirector.fire(StaticSchedulingDirector.java:216)
	at ptolemy.domains.sdf.kernel.SDFDirector.fire(SDFDirector.java:500)
	at ptolemy.actor.CompositeActor.fire(CompositeActor.java:455)
	at ptolemy.actor.Manager.iterate(Manager.java:851)
	at ptolemy.actor.Manager.execute(Manager.java:369)
	at ptolemy.actor.Manager.run(Manager.java:1263)
	at ptolemy.actor.Manager$PtolemyRunThread.run(Manager.java:1915)
]]></system-err>
</testsuite>
