<?xml version="1.0" encoding="UTF-8" ?>
<testsuite errors="0" failures="0" hostname="travis-job-598a0a21-92ed-4d78-aaf0-4f6ba1d79f87" name="ptolemy.domains.sdf.test.junit.JUnitTclTest" skipped="0" tests="66" time="19.747" timestamp="2020-08-31T15:55:20">
  <properties>
[...]
</properties>
  <testcase classname="ptolemy.util.test.junit.TclTests" name="[0] /home/travis/build/icyphy/ptII/ptolemy/domains/sdf/test/SDFSchedulerErrors.tcl (RunTclFile)" time="0.961" />
  <testcase classname="ptolemy.util.test.junit.TclTests" name="[1] /home/travis/build/icyphy/ptII/ptolemy/domains/sdf/test/composition.tcl (RunTclFile)" time="0.187" />
  <testcase classname="ptolemy.util.test.junit.TclTests" name="[2] /home/travis/build/icyphy/ptII/ptolemy/domains/sdf/test/cycle.tcl (RunTclFile)" time="0.068" />
  <testcase classname="ptolemy.util.test.junit.AutoKnownFailedTests" name="[0] ThereAreNoKnowFailedTests (RunModel)" time="0.006" />
  <testcase classname="ptolemy.util.test.junit.AutoNameArchTests" name="[0] ThereAreNoAutoArchTests (RunModel)" time="0.009" />
  <testcase classname="ptolemy.util.test.junit.AutoTests" name="[0] /home/travis/build/icyphy/ptII/ptolemy/domains/sdf/test/auto/Array.xml (RunModel)" time="0.262" />
  <testcase classname="ptolemy.util.test.junit.AutoTests" name="[1] /home/travis/build/icyphy/ptII/ptolemy/domains/sdf/test/auto/Butterfly.xml (RunModel)" time="0.16" />
  <testcase classname="ptolemy.util.test.junit.AutoTests" name="[2] /home/travis/build/icyphy/ptII/ptolemy/domains/sdf/test/auto/Expression.xml (RunModel)" time="0.098" />
  <testcase classname="ptolemy.util.test.junit.AutoTests" name="[3] /home/travis/build/icyphy/ptII/ptolemy/domains/sdf/test/auto/Eye.xml (RunModel)" time="0.286" />
  <testcase classname="ptolemy.util.test.junit.AutoTests" name="[4] /home/travis/build/icyphy/ptII/ptolemy/domains/sdf/test/auto/FixFIR.xml (RunModel)" time="0.326" />
  <testcase classname="ptolemy.util.test.junit.AutoTests" name="[5] /home/travis/build/icyphy/ptII/ptolemy/domains/sdf/test/auto/FixPoint.xml (RunModel)" time="0.037" />
  <testcase classname="ptolemy.util.test.junit.AutoTests" name="[6] /home/travis/build/icyphy/ptII/ptolemy/domains/sdf/test/auto/Gravitation.xml (RunModel)" time="3.264" />
  <testcase classname="ptolemy.util.test.junit.AutoTests" name="[7] /home/travis/build/icyphy/ptII/ptolemy/domains/sdf/test/auto/GravitationWithCollisionDetection.xml (RunModel)" time="6.139" />
  <testcase classname="ptolemy.util.test.junit.AutoTests" name="[8] /home/travis/build/icyphy/ptII/ptolemy/domains/sdf/test/auto/HDF.xml (RunModel)" time="0.101" />
  <testcase classname="ptolemy.util.test.junit.AutoTests" name="[9] /home/travis/build/icyphy/ptII/ptolemy/domains/sdf/test/auto/HDFwithTransientStates.xml (RunModel)" time="0.083" />
  <testcase classname="ptolemy.util.test.junit.AutoTests" name="[10] /home/travis/build/icyphy/ptII/ptolemy/domains/sdf/test/auto/HTVQ.xml (RunModel)" time="0.782" />
  <testcase classname="ptolemy.util.test.junit.AutoTests" name="[11] /home/travis/build/icyphy/ptII/ptolemy/domains/sdf/test/auto/InferInitProduction.xml (RunModel)" time="0.035" />
  <testcase classname="ptolemy.util.test.junit.AutoTests" name="[12] /home/travis/build/icyphy/ptII/ptolemy/domains/sdf/test/auto/InferInitProductionDeeper.xml (RunModel)" time="0.021" />
  <testcase classname="ptolemy.util.test.junit.AutoTests" name="[13] /home/travis/build/icyphy/ptII/ptolemy/domains/sdf/test/auto/LMSAdaptive.xml (RunModel)" time="0.066" />
  <testcase classname="ptolemy.util.test.junit.AutoTests" name="[14] /home/travis/build/icyphy/ptII/ptolemy/domains/sdf/test/auto/LogisticMap.xml (RunModel)" time="0.455" />
  <testcase classname="ptolemy.util.test.junit.AutoTests" name="[15] /home/travis/build/icyphy/ptII/ptolemy/domains/sdf/test/auto/MaximumEntropySpectrum.xml (RunModel)" time="0.275" />
  <testcase classname="ptolemy.util.test.junit.AutoTests" name="[16] /home/travis/build/icyphy/ptII/ptolemy/domains/sdf/test/auto/MultirateSDF.xml (RunModel)" time="0.049" />
  <testcase classname="ptolemy.util.test.junit.AutoTests" name="[17] /home/travis/build/icyphy/ptII/ptolemy/domains/sdf/test/auto/MultirateSDFwithTransientStates.xml (RunModel)" time="0.053" />
  <testcase classname="ptolemy.util.test.junit.AutoTests" name="[18] /home/travis/build/icyphy/ptII/ptolemy/domains/sdf/test/auto/NoisySinewave.xml (RunModel)" time="0.047" />
  <testcase classname="ptolemy.util.test.junit.AutoTests" name="[19] /home/travis/build/icyphy/ptII/ptolemy/domains/sdf/test/auto/Objects.xml (RunModel)" time="0.031" />
  <testcase classname="ptolemy.util.test.junit.AutoTests" name="[20] /home/travis/build/icyphy/ptII/ptolemy/domains/sdf/test/auto/OrthogonalCom.xml (RunModel)" time="0.032" />
  <testcase classname="ptolemy.util.test.junit.AutoTests" name="[21] /home/travis/build/icyphy/ptII/ptolemy/domains/sdf/test/auto/RijndaelEncryption.xml (RunModel)" time="0.451" />
  <testcase classname="ptolemy.util.test.junit.AutoTests" name="[22] /home/travis/build/icyphy/ptII/ptolemy/domains/sdf/test/auto/SDFEmptyIterations.xml (RunModel)" time="0.013" />
  <testcase classname="ptolemy.util.test.junit.AutoTests" name="[23] /home/travis/build/icyphy/ptII/ptolemy/domains/sdf/test/auto/Spectrum.xml (RunModel)" time="0.082" />
  <testcase classname="ptolemy.util.test.junit.AutoTests" name="[24] /home/travis/build/icyphy/ptII/ptolemy/domains/sdf/test/auto/de_inside_sdf.xml (RunModel)" time="0.022" />
  <testcase classname="ptolemy.util.test.junit.AutoTests" name="[25] /home/travis/build/icyphy/ptII/ptolemy/domains/sdf/test/auto/disconnectedHierarchicalSDF.xml (RunModel)" time="0.026" />
  <testcase classname="ptolemy.util.test.junit.AutoTests" name="[26] /home/travis/build/icyphy/ptII/ptolemy/domains/sdf/test/auto/disconnectedSDF.xml (RunModel)" time="0.013" />
  <testcase classname="ptolemy.util.test.junit.AutoTests" name="[27] /home/travis/build/icyphy/ptII/ptolemy/domains/sdf/test/auto/emptyRefinement.xml (RunModel)" time="0.01" />
  <testcase classname="ptolemy.util.test.junit.AutoTests" name="[28] /home/travis/build/icyphy/ptII/ptolemy/domains/sdf/test/auto/filePortParameter.xml (RunModel)" time="0.045" />
  <testcase classname="ptolemy.util.test.junit.AutoTests" name="[29] /home/travis/build/icyphy/ptII/ptolemy/domains/sdf/test/auto/inferRelationWidth1.xml (RunModel)" time="0.018" />
  <testcase classname="ptolemy.util.test.junit.AutoTests" name="[30] /home/travis/build/icyphy/ptII/ptolemy/domains/sdf/test/auto/initProductionInference.xml (RunModel)" time="0.026" />
  <testcase classname="ptolemy.util.test.junit.AutoTests" name="[31] /home/travis/build/icyphy/ptII/ptolemy/domains/sdf/test/auto/relationGroup.xml (RunModel)" time="0.018" />
  <testcase classname="ptolemy.util.test.junit.AutoTests" name="[32] /home/travis/build/icyphy/ptII/ptolemy/domains/sdf/test/auto/relationGroup10.xml (RunModel)" time="0.016" />
  <testcase classname="ptolemy.util.test.junit.AutoTests" name="[33] /home/travis/build/icyphy/ptII/ptolemy/domains/sdf/test/auto/relationGroup11.xml (RunModel)" time="0.014" />
  <testcase classname="ptolemy.util.test.junit.AutoTests" name="[34] /home/travis/build/icyphy/ptII/ptolemy/domains/sdf/test/auto/relationGroup12.xml (RunModel)" time="0.016" />
  <testcase classname="ptolemy.util.test.junit.AutoTests" name="[35] /home/travis/build/icyphy/ptII/ptolemy/domains/sdf/test/auto/relationGroup13.xml (RunModel)" time="0.018" />
  <testcase classname="ptolemy.util.test.junit.AutoTests" name="[36] /home/travis/build/icyphy/ptII/ptolemy/domains/sdf/test/auto/relationGroup14.xml (RunModel)" time="0.016" />
  <testcase classname="ptolemy.util.test.junit.AutoTests" name="[37] /home/travis/build/icyphy/ptII/ptolemy/domains/sdf/test/auto/relationGroup15.xml (RunModel)" time="0.011" />
  <testcase classname="ptolemy.util.test.junit.AutoTests" name="[38] /home/travis/build/icyphy/ptII/ptolemy/domains/sdf/test/auto/relationGroup2.xml (RunModel)" time="0.01" />
  <testcase classname="ptolemy.util.test.junit.AutoTests" name="[39] /home/travis/build/icyphy/ptII/ptolemy/domains/sdf/test/auto/relationGroup3.xml (RunModel)" time="0.008" />
  <testcase classname="ptolemy.util.test.junit.AutoTests" name="[40] /home/travis/build/icyphy/ptII/ptolemy/domains/sdf/test/auto/relationGroup4.xml (RunModel)" time="0.015" />
  <testcase classname="ptolemy.util.test.junit.AutoTests" name="[41] /home/travis/build/icyphy/ptII/ptolemy/domains/sdf/test/auto/relationGroup5.xml (RunModel)" time="0.013" />
  <testcase classname="ptolemy.util.test.junit.AutoTests" name="[42] /home/travis/build/icyphy/ptII/ptolemy/domains/sdf/test/auto/relationGroup6.xml (RunModel)" time="0.01" />
  <testcase classname="ptolemy.util.test.junit.AutoTests" name="[43] /home/travis/build/icyphy/ptII/ptolemy/domains/sdf/test/auto/relationGroup7.xml (RunModel)" time="0.008" />
  <testcase classname="ptolemy.util.test.junit.AutoTests" name="[44] /home/travis/build/icyphy/ptII/ptolemy/domains/sdf/test/auto/relationGroup8.xml (RunModel)" time="0.014" />
  <testcase classname="ptolemy.util.test.junit.AutoTests" name="[45] /home/travis/build/icyphy/ptII/ptolemy/domains/sdf/test/auto/relationGroup9.xml (RunModel)" time="0.015" />
  <testcase classname="ptolemy.util.test.junit.AutoTests" name="[46] /home/travis/build/icyphy/ptII/ptolemy/domains/sdf/test/auto/sdf_inside_de.xml (RunModel)" time="0.043" />
  <testcase classname="ptolemy.util.test.junit.AutoTests" name="[47] /home/travis/build/icyphy/ptII/ptolemy/domains/sdf/test/auto/sdf_inside_pn.xml (RunModel)" time="0.061" />
  <testcase classname="ptolemy.util.test.junit.AutoTests" name="[48] /home/travis/build/icyphy/ptII/ptolemy/domains/sdf/test/auto/sdf_sdf1.xml (RunModel)" time="0.019" />
  <testcase classname="ptolemy.util.test.junit.AutoTests" name="[49] /home/travis/build/icyphy/ptII/ptolemy/domains/sdf/test/auto/test1.xml (RunModel)" time="0.015" />
  <testcase classname="ptolemy.util.test.junit.AutoTests" name="[50] /home/travis/build/icyphy/ptII/ptolemy/domains/sdf/test/auto/time1.xml (RunModel)" time="0.01" />
  <testcase classname="ptolemy.util.test.junit.AutoTests" name="[51] /home/travis/build/icyphy/ptII/ptolemy/domains/sdf/test/auto/time2.xml (RunModel)" time="0.011" />
  <testcase classname="ptolemy.util.test.junit.AutoTests" name="[52] /home/travis/build/icyphy/ptII/ptolemy/domains/sdf/test/auto/time3.xml (RunModel)" time="0.023" />
  <testcase classname="ptolemy.util.test.junit.AutoTests" name="[53] /home/travis/build/icyphy/ptII/ptolemy/domains/sdf/test/auto/time4.xml (RunModel)" time="0.016" />
  <testcase classname="ptolemy.util.test.junit.AutoTests" name="[54] /home/travis/build/icyphy/ptII/ptolemy/domains/sdf/test/auto/time5.xml (RunModel)" time="4.009" />
  <testcase classname="ptolemy.util.test.junit.AutoTests" name="[55] /home/travis/build/icyphy/ptII/ptolemy/domains/sdf/test/auto/typeSystem_Const_Integer_smallest_Type.xml (RunModel)" time="0.03" />
  <testcase classname="ptolemy.util.test.junit.AutoTests" name="[56] /home/travis/build/icyphy/ptII/ptolemy/domains/sdf/test/auto/typeSystem_declared_Inports_OutportTypeException.xml (RunModel)" time="0.021" />
  <testcase classname="ptolemy.util.test.junit.AutoTests" name="[57] /home/travis/build/icyphy/ptII/ptolemy/domains/sdf/test/auto/typeSystem_oneDeclaredInportType_wrongTypeOutport.xml (RunModel)" time="0.016" />
  <testcase classname="ptolemy.util.test.junit.AutoTests" name="[58] /home/travis/build/icyphy/ptII/ptolemy/domains/sdf/test/auto/width.xml (RunModel)" time="0.011" />
  <testcase classname="ptolemy.util.test.junit.AutoTests" name="[59] /home/travis/build/icyphy/ptII/ptolemy/domains/sdf/test/auto/width2.xml (RunModel)" time="0.044" />
  <testcase classname="ptolemy.util.test.junit.AutoTests" name="[60] /home/travis/build/icyphy/ptII/ptolemy/domains/sdf/test/auto/width3.xml (RunModel)" time="0.046" />
  <system-out><![CDATA[/home/travis/build/icyphy/ptII/ptolemy/domains/sdf/test/SDFSchedulerErrors.tcl
testDefs.tcl: setting time out to 9000 seconds at Mon Aug 31 15:55:20 UTC 2020
81 ms. Memory: 129024K Free: 89031K (69%)
10 ms. Memory: 129024K Free: 81342K (63%)
16 ms. Memory: 129024K Free: 75190K (58%)
5 ms. Memory: 129024K Free: 72133K (56%)
/home/travis/build/icyphy/ptII/ptolemy/domains/sdf/test/composition.tcl
46 ms. Memory: 129024K Free: 68037K (53%)
6 ms. Memory: 129024K Free: 65989K (51%)
/home/travis/build/icyphy/ptII/ptolemy/domains/sdf/test/cycle.tcl
.Toplevel.Director Preinitializing ...
Invoking preinitialize():  .Toplevel.Actor1
Invoking preinitialize():  .Toplevel.Actor2
Invoking preinitialize():  .Toplevel.Delay
.Toplevel.Director Finished preinitialize().
### Schedule:
Execute Schedule{
Fire Actor ptolemy.domains.sdf.kernel.test.SDFTestDelay {.Toplevel.Actor1}
Fire Actor ptolemy.domains.sdf.kernel.test.SDFTestDelay {.Toplevel.Actor2}
Fire Actor ptolemy.domains.sdf.lib.SampleDelay {.Toplevel.Delay}
}
### End schedule
Called initialize().
Invoking initialize():  .Toplevel.Actor1
Initializing actor: .Toplevel.Actor1.
Invoking initialize():  .Toplevel.Actor2
Initializing actor: .Toplevel.Actor2.
Invoking initialize():  .Toplevel.Delay
Initializing actor: .Toplevel.Delay.
Director: Called prefire().
-- Setting current time to 0.0
Director prefire returns true.
The actor .Toplevel.Actor1 will be iterated.
The actor .Toplevel.Actor1 was iterated.
The actor .Toplevel.Actor2 will be iterated.
The actor .Toplevel.Actor2 was iterated.
The actor .Toplevel.Delay will be iterated.
The actor .Toplevel.Delay was iterated.
Director: Called postfire().
Postfire returns: true
Director: Called prefire().
-- Setting current time to 0.0
Director prefire returns true.
The actor .Toplevel.Actor1 will be iterated.
The actor .Toplevel.Actor1 was iterated.
The actor .Toplevel.Actor2 will be iterated.
The actor .Toplevel.Actor2 was iterated.
The actor .Toplevel.Delay will be iterated.
The actor .Toplevel.Delay was iterated.
Director: Called postfire().
Postfire returns: true
Director: Called prefire().
-- Setting current time to 0.0
Director prefire returns true.
The actor .Toplevel.Actor1 will be iterated.
The actor .Toplevel.Actor1 was iterated.
The actor .Toplevel.Actor2 will be iterated.
The actor .Toplevel.Actor2 was iterated.
The actor .Toplevel.Delay will be iterated.
The actor .Toplevel.Delay was iterated.
Director: Called postfire().
Postfire returns: true
Director: Called prefire().
-- Setting current time to 0.0
Director prefire returns true.
The actor .Toplevel.Actor1 will be iterated.
The actor .Toplevel.Actor1 was iterated.
The actor .Toplevel.Actor2 will be iterated.
The actor .Toplevel.Actor2 was iterated.
The actor .Toplevel.Delay will be iterated.
The actor .Toplevel.Delay was iterated.
Director: Called postfire().
Postfire returns: true
Director: Called prefire().
-- Setting current time to 0.0
Director prefire returns true.
The actor .Toplevel.Actor1 will be iterated.
The actor .Toplevel.Actor1 was iterated.
The actor .Toplevel.Actor2 will be iterated.
The actor .Toplevel.Actor2 was iterated.
The actor .Toplevel.Delay will be iterated.
The actor .Toplevel.Delay was iterated.
Director: Called postfire().
Postfire returns: true
Director: Called prefire().
-- Setting current time to 0.0
Director prefire returns true.
The actor .Toplevel.Actor1 will be iterated.
The actor .Toplevel.Actor1 was iterated.
The actor .Toplevel.Actor2 will be iterated.
The actor .Toplevel.Actor2 was iterated.
The actor .Toplevel.Delay will be iterated.
The actor .Toplevel.Delay was iterated.
Reached specified number of iterations: 6
Director: Called wrapup().
44 ms. Memory: 129024K Free: 63431K (49%)
08/31/20 03:55:21
Failed: 0  Total Tests: 8  ((Passed: 8, Newly Passed: 0)  Known Failed: 0) /home/travis/build/icyphy/ptII/ptolemy/domains/sdf/test
No auto/knownFailedTests/*.xml tests in /home/travis/build/icyphy/ptII/ptolemy/domains/sdf/test
No auto/linux-amd64/*.xml tests in /home/travis/build/icyphy/ptII/ptolemy/domains/sdf/test
AutoTests.java: About to close Vertx.
AutoTests.java: Vertx closed.

===========================================================================================
----------------- testing Mon Aug 31 15:55:22 UTC 2020 /home/travis/build/icyphy/ptII/ptolemy/domains/sdf/test/auto/Array.xml
----------------- Instantiating /home/travis/build/icyphy/ptII/ptolemy/domains/sdf/test/auto/Array.xml
47 ms. Memory: 129024K Free: 110437K (86%)
----------------- Invoking toplevel() on ptolemy.moml.MoMLSimpleApplication@44a1a08f
----------------- Done invoking toplevel() on ptolemy.moml.MoMLSimpleApplication@44a1a08f
reloadAllAccessors: .Array

===========================================================================================
----------------- testing Mon Aug 31 15:55:22 UTC 2020 /home/travis/build/icyphy/ptII/ptolemy/domains/sdf/test/auto/Butterfly.xml
----------------- Instantiating /home/travis/build/icyphy/ptII/ptolemy/domains/sdf/test/auto/Butterfly.xml
96 ms. Memory: 129024K Free: 104550K (81%)
----------------- Invoking toplevel() on ptolemy.moml.MoMLSimpleApplication@7a00facd
----------------- Done invoking toplevel() on ptolemy.moml.MoMLSimpleApplication@7a00facd
reloadAllAccessors: .Butterfly

===========================================================================================
----------------- testing Mon Aug 31 15:55:22 UTC 2020 /home/travis/build/icyphy/ptII/ptolemy/domains/sdf/test/auto/Expression.xml
----------------- Instantiating /home/travis/build/icyphy/ptII/ptolemy/domains/sdf/test/auto/Expression.xml
42 ms. Memory: 129024K Free: 99812K (77%)
----------------- Invoking toplevel() on ptolemy.moml.MoMLSimpleApplication@2d5a77be
----------------- Done invoking toplevel() on ptolemy.moml.MoMLSimpleApplication@2d5a77be
reloadAllAccessors: .Expression

===========================================================================================
----------------- testing Mon Aug 31 15:55:22 UTC 2020 /home/travis/build/icyphy/ptII/ptolemy/domains/sdf/test/auto/Eye.xml
----------------- Instantiating /home/travis/build/icyphy/ptII/ptolemy/domains/sdf/test/auto/Eye.xml
150 ms. Memory: 129024K Free: 74597K (58%)
----------------- Invoking toplevel() on ptolemy.moml.MoMLSimpleApplication@3d1cfa09
----------------- Done invoking toplevel() on ptolemy.moml.MoMLSimpleApplication@3d1cfa09
reloadAllAccessors: .Eye

===========================================================================================
----------------- testing Mon Aug 31 15:55:22 UTC 2020 /home/travis/build/icyphy/ptII/ptolemy/domains/sdf/test/auto/FixFIR.xml
----------------- Instantiating /home/travis/build/icyphy/ptII/ptolemy/domains/sdf/test/auto/FixFIR.xml
129 ms. Memory: 129024K Free: 97820K (76%)
----------------- Invoking toplevel() on ptolemy.moml.MoMLSimpleApplication@2f2ed6ed
----------------- Done invoking toplevel() on ptolemy.moml.MoMLSimpleApplication@2f2ed6ed
reloadAllAccessors: .FixFIR

===========================================================================================
----------------- testing Mon Aug 31 15:55:23 UTC 2020 /home/travis/build/icyphy/ptII/ptolemy/domains/sdf/test/auto/FixPoint.xml
----------------- Instantiating /home/travis/build/icyphy/ptII/ptolemy/domains/sdf/test/auto/FixPoint.xml
12 ms. Memory: 129024K Free: 93731K (73%)
----------------- Invoking toplevel() on ptolemy.moml.MoMLSimpleApplication@360511f6
----------------- Done invoking toplevel() on ptolemy.moml.MoMLSimpleApplication@360511f6
reloadAllAccessors: .FixPoint

===========================================================================================
----------------- testing Mon Aug 31 15:55:23 UTC 2020 /home/travis/build/icyphy/ptII/ptolemy/domains/sdf/test/auto/Gravitation.xml
----------------- Instantiating /home/travis/build/icyphy/ptII/ptolemy/domains/sdf/test/auto/Gravitation.xml
3154 ms. Memory: 129024K Free: 60172K (47%)
----------------- Invoking toplevel() on ptolemy.moml.MoMLSimpleApplication@68ad634c
----------------- Done invoking toplevel() on ptolemy.moml.MoMLSimpleApplication@68ad634c
reloadAllAccessors: .Gravitation

===========================================================================================
----------------- testing Mon Aug 31 15:55:26 UTC 2020 /home/travis/build/icyphy/ptII/ptolemy/domains/sdf/test/auto/GravitationWithCollisionDetection.xml
----------------- Instantiating /home/travis/build/icyphy/ptII/ptolemy/domains/sdf/test/auto/GravitationWithCollisionDetection.xml
5920 ms. Memory: 287744K Free: 183848K (64%)
----------------- Invoking toplevel() on ptolemy.moml.MoMLSimpleApplication@78b379b0
----------------- Done invoking toplevel() on ptolemy.moml.MoMLSimpleApplication@78b379b0
reloadAllAccessors: .GravitationWithCollisionDetection

===========================================================================================
----------------- testing Mon Aug 31 15:55:32 UTC 2020 /home/travis/build/icyphy/ptII/ptolemy/domains/sdf/test/auto/HDF.xml
----------------- Instantiating /home/travis/build/icyphy/ptII/ptolemy/domains/sdf/test/auto/HDF.xml
35 ms. Memory: 287744K Free: 167978K (58%)
----------------- Invoking toplevel() on ptolemy.moml.MoMLSimpleApplication@71009092
----------------- Done invoking toplevel() on ptolemy.moml.MoMLSimpleApplication@71009092
reloadAllAccessors: .HDF

===========================================================================================
----------------- testing Mon Aug 31 15:55:32 UTC 2020 /home/travis/build/icyphy/ptII/ptolemy/domains/sdf/test/auto/HDFwithTransientStates.xml
----------------- Instantiating /home/travis/build/icyphy/ptII/ptolemy/domains/sdf/test/auto/HDFwithTransientStates.xml
18 ms. Memory: 287744K Free: 149032K (52%)
----------------- Invoking toplevel() on ptolemy.moml.MoMLSimpleApplication@3f3b6ee
----------------- Done invoking toplevel() on ptolemy.moml.MoMLSimpleApplication@3f3b6ee
reloadAllAccessors: .HDFwithTransientStates

===========================================================================================
----------------- testing Mon Aug 31 15:55:32 UTC 2020 /home/travis/build/icyphy/ptII/ptolemy/domains/sdf/test/auto/HTVQ.xml
----------------- Instantiating /home/travis/build/icyphy/ptII/ptolemy/domains/sdf/test/auto/HTVQ.xml
753 ms. Memory: 287744K Free: 149654K (52%)
----------------- Invoking toplevel() on ptolemy.moml.MoMLSimpleApplication@19bfdd7
----------------- Done invoking toplevel() on ptolemy.moml.MoMLSimpleApplication@19bfdd7
reloadAllAccessors: .HTVQ

===========================================================================================
----------------- testing Mon Aug 31 15:55:33 UTC 2020 /home/travis/build/icyphy/ptII/ptolemy/domains/sdf/test/auto/InferInitProduction.xml
----------------- Instantiating /home/travis/build/icyphy/ptII/ptolemy/domains/sdf/test/auto/InferInitProduction.xml
7 ms. Memory: 287744K Free: 144006K (50%)
----------------- Invoking toplevel() on ptolemy.moml.MoMLSimpleApplication@592b0da6
----------------- Done invoking toplevel() on ptolemy.moml.MoMLSimpleApplication@592b0da6
reloadAllAccessors: .InferInitProduction

===========================================================================================
----------------- testing Mon Aug 31 15:55:33 UTC 2020 /home/travis/build/icyphy/ptII/ptolemy/domains/sdf/test/auto/InferInitProductionDeeper.xml
----------------- Instantiating /home/travis/build/icyphy/ptII/ptolemy/domains/sdf/test/auto/InferInitProductionDeeper.xml
3 ms. Memory: 287744K Free: 138886K (48%)
----------------- Invoking toplevel() on ptolemy.moml.MoMLSimpleApplication@9e60af5
----------------- Done invoking toplevel() on ptolemy.moml.MoMLSimpleApplication@9e60af5
reloadAllAccessors: .InferInitProductionDeeper

===========================================================================================
----------------- testing Mon Aug 31 15:55:33 UTC 2020 /home/travis/build/icyphy/ptII/ptolemy/domains/sdf/test/auto/LMSAdaptive.xml
----------------- Instantiating /home/travis/build/icyphy/ptII/ptolemy/domains/sdf/test/auto/LMSAdaptive.xml
11 ms. Memory: 287744K Free: 128660K (45%)
----------------- Invoking toplevel() on ptolemy.moml.MoMLSimpleApplication@22de3018
----------------- Done invoking toplevel() on ptolemy.moml.MoMLSimpleApplication@22de3018
reloadAllAccessors: .LMSAdaptive

===========================================================================================
----------------- testing Mon Aug 31 15:55:33 UTC 2020 /home/travis/build/icyphy/ptII/ptolemy/domains/sdf/test/auto/LogisticMap.xml
----------------- Instantiating /home/travis/build/icyphy/ptII/ptolemy/domains/sdf/test/auto/LogisticMap.xml
432 ms. Memory: 287744K Free: 123030K (43%)
----------------- Invoking toplevel() on ptolemy.moml.MoMLSimpleApplication@7d797c0f
----------------- Done invoking toplevel() on ptolemy.moml.MoMLSimpleApplication@7d797c0f
reloadAllAccessors: .LogisticMap

===========================================================================================
----------------- testing Mon Aug 31 15:55:34 UTC 2020 /home/travis/build/icyphy/ptII/ptolemy/domains/sdf/test/auto/MaximumEntropySpectrum.xml
----------------- Instantiating /home/travis/build/icyphy/ptII/ptolemy/domains/sdf/test/auto/MaximumEntropySpectrum.xml
69 ms. Memory: 287744K Free: 230140K (80%)
----------------- Invoking toplevel() on ptolemy.moml.MoMLSimpleApplication@6032505
----------------- Done invoking toplevel() on ptolemy.moml.MoMLSimpleApplication@6032505
reloadAllAccessors: .MaximumEntropySpectrum

===========================================================================================
----------------- testing Mon Aug 31 15:55:34 UTC 2020 /home/travis/build/icyphy/ptII/ptolemy/domains/sdf/test/auto/MultirateSDF.xml
----------------- Instantiating /home/travis/build/icyphy/ptII/ptolemy/domains/sdf/test/auto/MultirateSDF.xml
15 ms. Memory: 287744K Free: 215260K (75%)
----------------- Invoking toplevel() on ptolemy.moml.MoMLSimpleApplication@6f8db23f
----------------- Done invoking toplevel() on ptolemy.moml.MoMLSimpleApplication@6f8db23f
reloadAllAccessors: .MultirateSDF

===========================================================================================
----------------- testing Mon Aug 31 15:55:34 UTC 2020 /home/travis/build/icyphy/ptII/ptolemy/domains/sdf/test/auto/MultirateSDFwithTransientStates.xml
----------------- Instantiating /home/travis/build/icyphy/ptII/ptolemy/domains/sdf/test/auto/MultirateSDFwithTransientStates.xml
16 ms. Memory: 287744K Free: 196348K (68%)
----------------- Invoking toplevel() on ptolemy.moml.MoMLSimpleApplication@7d01be
----------------- Done invoking toplevel() on ptolemy.moml.MoMLSimpleApplication@7d01be
reloadAllAccessors: .MultirateSDFwithTransientStates

===========================================================================================
----------------- testing Mon Aug 31 15:55:34 UTC 2020 /home/travis/build/icyphy/ptII/ptolemy/domains/sdf/test/auto/NoisySinewave.xml
----------------- Instantiating /home/travis/build/icyphy/ptII/ptolemy/domains/sdf/test/auto/NoisySinewave.xml
11 ms. Memory: 287744K Free: 180474K (63%)
----------------- Invoking toplevel() on ptolemy.moml.MoMLSimpleApplication@6252e8fb
----------------- Done invoking toplevel() on ptolemy.moml.MoMLSimpleApplication@6252e8fb
reloadAllAccessors: .NoisySinewave

===========================================================================================
----------------- testing Mon Aug 31 15:55:34 UTC 2020 /home/travis/build/icyphy/ptII/ptolemy/domains/sdf/test/auto/Objects.xml
----------------- Instantiating /home/travis/build/icyphy/ptII/ptolemy/domains/sdf/test/auto/Objects.xml
3 ms. Memory: 287744K Free: 172282K (60%)
----------------- Invoking toplevel() on ptolemy.moml.MoMLSimpleApplication@6d09eb43
----------------- Done invoking toplevel() on ptolemy.moml.MoMLSimpleApplication@6d09eb43
reloadAllAccessors: .Objects

===========================================================================================
----------------- testing Mon Aug 31 15:55:34 UTC 2020 /home/travis/build/icyphy/ptII/ptolemy/domains/sdf/test/auto/OrthogonalCom.xml
----------------- Instantiating /home/travis/build/icyphy/ptII/ptolemy/domains/sdf/test/auto/OrthogonalCom.xml
5 ms. Memory: 287744K Free: 164604K (57%)
----------------- Invoking toplevel() on ptolemy.moml.MoMLSimpleApplication@1f183156
----------------- Done invoking toplevel() on ptolemy.moml.MoMLSimpleApplication@1f183156
reloadAllAccessors: .OrthogonalCom

===========================================================================================
----------------- testing Mon Aug 31 15:55:34 UTC 2020 /home/travis/build/icyphy/ptII/ptolemy/domains/sdf/test/auto/RijndaelEncryption.xml
----------------- Instantiating /home/travis/build/icyphy/ptII/ptolemy/domains/sdf/test/auto/RijndaelEncryption.xml
180 ms. Memory: 346112K Free: 246983K (71%)
----------------- Invoking toplevel() on ptolemy.moml.MoMLSimpleApplication@10ab35ca
----------------- Done invoking toplevel() on ptolemy.moml.MoMLSimpleApplication@10ab35ca
reloadAllAccessors: .RijndaelEncryption

===========================================================================================
----------------- testing Mon Aug 31 15:55:35 UTC 2020 /home/travis/build/icyphy/ptII/ptolemy/domains/sdf/test/auto/SDFEmptyIterations.xml
----------------- Instantiating /home/travis/build/icyphy/ptII/ptolemy/domains/sdf/test/auto/SDFEmptyIterations.xml
5 ms. Memory: 346112K Free: 242377K (70%)
----------------- Invoking toplevel() on ptolemy.moml.MoMLSimpleApplication@7e5590cd
----------------- Done invoking toplevel() on ptolemy.moml.MoMLSimpleApplication@7e5590cd
reloadAllAccessors: .SDFEmptyIterations

===========================================================================================
----------------- testing Mon Aug 31 15:55:35 UTC 2020 /home/travis/build/icyphy/ptII/ptolemy/domains/sdf/test/auto/Spectrum.xml
----------------- Instantiating /home/travis/build/icyphy/ptII/ptolemy/domains/sdf/test/auto/Spectrum.xml
20 ms. Memory: 346112K Free: 217287K (63%)
----------------- Invoking toplevel() on ptolemy.moml.MoMLSimpleApplication@1f164b64
----------------- Done invoking toplevel() on ptolemy.moml.MoMLSimpleApplication@1f164b64
reloadAllAccessors: .Spectrum

===========================================================================================
----------------- testing Mon Aug 31 15:55:35 UTC 2020 /home/travis/build/icyphy/ptII/ptolemy/domains/sdf/test/auto/de_inside_sdf.xml
----------------- Instantiating /home/travis/build/icyphy/ptII/ptolemy/domains/sdf/test/auto/de_inside_sdf.xml
8 ms. Memory: 346112K Free: 212137K (61%)
----------------- Invoking toplevel() on ptolemy.moml.MoMLSimpleApplication@47b621ef
----------------- Done invoking toplevel() on ptolemy.moml.MoMLSimpleApplication@47b621ef
reloadAllAccessors: .de_inside_sdf

===========================================================================================
----------------- testing Mon Aug 31 15:55:35 UTC 2020 /home/travis/build/icyphy/ptII/ptolemy/domains/sdf/test/auto/disconnectedHierarchicalSDF.xml
----------------- Instantiating /home/travis/build/icyphy/ptII/ptolemy/domains/sdf/test/auto/disconnectedHierarchicalSDF.xml
4 ms. Memory: 346112K Free: 206009K (60%)
----------------- Invoking toplevel() on ptolemy.moml.MoMLSimpleApplication@71651533
----------------- Done invoking toplevel() on ptolemy.moml.MoMLSimpleApplication@71651533
reloadAllAccessors: .disconnectedHierarchicalSDF

===========================================================================================
----------------- testing Mon Aug 31 15:55:35 UTC 2020 /home/travis/build/icyphy/ptII/ptolemy/domains/sdf/test/auto/disconnectedSDF.xml
----------------- Instantiating /home/travis/build/icyphy/ptII/ptolemy/domains/sdf/test/auto/disconnectedSDF.xml
3 ms. Memory: 346112K Free: 201927K (58%)
----------------- Invoking toplevel() on ptolemy.moml.MoMLSimpleApplication@567a50f5
----------------- Done invoking toplevel() on ptolemy.moml.MoMLSimpleApplication@567a50f5
reloadAllAccessors: .disconnectedSDF

===========================================================================================
----------------- testing Mon Aug 31 15:55:35 UTC 2020 /home/travis/build/icyphy/ptII/ptolemy/domains/sdf/test/auto/emptyRefinement.xml
----------------- Instantiating /home/travis/build/icyphy/ptII/ptolemy/domains/sdf/test/auto/emptyRefinement.xml
3 ms. Memory: 346112K Free: 197801K (57%)
----------------- Invoking toplevel() on ptolemy.moml.MoMLSimpleApplication@6240ac99
----------------- Done invoking toplevel() on ptolemy.moml.MoMLSimpleApplication@6240ac99
reloadAllAccessors: .emptyRefinement

===========================================================================================
----------------- testing Mon Aug 31 15:55:35 UTC 2020 /home/travis/build/icyphy/ptII/ptolemy/domains/sdf/test/auto/filePortParameter.xml
----------------- Instantiating /home/travis/build/icyphy/ptII/ptolemy/domains/sdf/test/auto/filePortParameter.xml
16 ms. Memory: 346112K Free: 190663K (55%)
----------------- Invoking toplevel() on ptolemy.moml.MoMLSimpleApplication@3a76d9df
----------------- Done invoking toplevel() on ptolemy.moml.MoMLSimpleApplication@3a76d9df
reloadAllAccessors: .filePortParameter

===========================================================================================
----------------- testing Mon Aug 31 15:55:35 UTC 2020 /home/travis/build/icyphy/ptII/ptolemy/domains/sdf/test/auto/inferRelationWidth1.xml
----------------- Instantiating /home/travis/build/icyphy/ptII/ptolemy/domains/sdf/test/auto/inferRelationWidth1.xml
3 ms. Memory: 346112K Free: 187591K (54%)
----------------- Invoking toplevel() on ptolemy.moml.MoMLSimpleApplication@76f5b156
----------------- Done invoking toplevel() on ptolemy.moml.MoMLSimpleApplication@76f5b156
reloadAllAccessors: .inferRelationWidth1

===========================================================================================
----------------- testing Mon Aug 31 15:55:35 UTC 2020 /home/travis/build/icyphy/ptII/ptolemy/domains/sdf/test/auto/initProductionInference.xml
----------------- Instantiating /home/travis/build/icyphy/ptII/ptolemy/domains/sdf/test/auto/initProductionInference.xml
11 ms. Memory: 346112K Free: 183495K (53%)
----------------- Invoking toplevel() on ptolemy.moml.MoMLSimpleApplication@68fff773
----------------- Done invoking toplevel() on ptolemy.moml.MoMLSimpleApplication@68fff773
reloadAllAccessors: .initProductionInference

===========================================================================================
----------------- testing Mon Aug 31 15:55:35 UTC 2020 /home/travis/build/icyphy/ptII/ptolemy/domains/sdf/test/auto/relationGroup.xml
----------------- Instantiating /home/travis/build/icyphy/ptII/ptolemy/domains/sdf/test/auto/relationGroup.xml
2 ms. Memory: 346112K Free: 179913K (52%)
----------------- Invoking toplevel() on ptolemy.moml.MoMLSimpleApplication@a76a84
----------------- Done invoking toplevel() on ptolemy.moml.MoMLSimpleApplication@a76a84
reloadAllAccessors: .relationGroup

===========================================================================================
----------------- testing Mon Aug 31 15:55:35 UTC 2020 /home/travis/build/icyphy/ptII/ptolemy/domains/sdf/test/auto/relationGroup10.xml
----------------- Instantiating /home/travis/build/icyphy/ptII/ptolemy/domains/sdf/test/auto/relationGroup10.xml
2 ms. Memory: 346112K Free: 176327K (51%)
----------------- Invoking toplevel() on ptolemy.moml.MoMLSimpleApplication@72ee14d
----------------- Done invoking toplevel() on ptolemy.moml.MoMLSimpleApplication@72ee14d
reloadAllAccessors: .relationGroup10

===========================================================================================
----------------- testing Mon Aug 31 15:55:35 UTC 2020 /home/travis/build/icyphy/ptII/ptolemy/domains/sdf/test/auto/relationGroup11.xml
----------------- Instantiating /home/travis/build/icyphy/ptII/ptolemy/domains/sdf/test/auto/relationGroup11.xml
2 ms. Memory: 346112K Free: 172745K (50%)
----------------- Invoking toplevel() on ptolemy.moml.MoMLSimpleApplication@22617364
----------------- Done invoking toplevel() on ptolemy.moml.MoMLSimpleApplication@22617364
reloadAllAccessors: .relationGroup11

===========================================================================================
----------------- testing Mon Aug 31 15:55:35 UTC 2020 /home/travis/build/icyphy/ptII/ptolemy/domains/sdf/test/auto/relationGroup12.xml
----------------- Instantiating /home/travis/build/icyphy/ptII/ptolemy/domains/sdf/test/auto/relationGroup12.xml
3 ms. Memory: 346112K Free: 169159K (49%)
----------------- Invoking toplevel() on ptolemy.moml.MoMLSimpleApplication@a91168
----------------- Done invoking toplevel() on ptolemy.moml.MoMLSimpleApplication@a91168
reloadAllAccessors: .relationGroup12

===========================================================================================
----------------- testing Mon Aug 31 15:55:35 UTC 2020 /home/travis/build/icyphy/ptII/ptolemy/domains/sdf/test/auto/relationGroup13.xml
----------------- Instantiating /home/travis/build/icyphy/ptII/ptolemy/domains/sdf/test/auto/relationGroup13.xml
6 ms. Memory: 346112K Free: 164553K (48%)
----------------- Invoking toplevel() on ptolemy.moml.MoMLSimpleApplication@2ff705e9
----------------- Done invoking toplevel() on ptolemy.moml.MoMLSimpleApplication@2ff705e9
reloadAllAccessors: .relationGroup13

===========================================================================================
----------------- testing Mon Aug 31 15:55:35 UTC 2020 /home/travis/build/icyphy/ptII/ptolemy/domains/sdf/test/auto/relationGroup14.xml
----------------- Instantiating /home/travis/build/icyphy/ptII/ptolemy/domains/sdf/test/auto/relationGroup14.xml
3 ms. Memory: 346112K Free: 159943K (46%)
----------------- Invoking toplevel() on ptolemy.moml.MoMLSimpleApplication@6ed609d6
----------------- Done invoking toplevel() on ptolemy.moml.MoMLSimpleApplication@6ed609d6
reloadAllAccessors: .relationGroup14

===========================================================================================
----------------- testing Mon Aug 31 15:55:35 UTC 2020 /home/travis/build/icyphy/ptII/ptolemy/domains/sdf/test/auto/relationGroup15.xml
----------------- Instantiating /home/travis/build/icyphy/ptII/ptolemy/domains/sdf/test/auto/relationGroup15.xml
2 ms. Memory: 346112K Free: 156361K (45%)
----------------- Invoking toplevel() on ptolemy.moml.MoMLSimpleApplication@1054dbd2
----------------- Done invoking toplevel() on ptolemy.moml.MoMLSimpleApplication@1054dbd2
reloadAllAccessors: .relationGroup15

===========================================================================================
----------------- testing Mon Aug 31 15:55:35 UTC 2020 /home/travis/build/icyphy/ptII/ptolemy/domains/sdf/test/auto/relationGroup2.xml
----------------- Instantiating /home/travis/build/icyphy/ptII/ptolemy/domains/sdf/test/auto/relationGroup2.xml
4 ms. Memory: 346112K Free: 153289K (44%)
----------------- Invoking toplevel() on ptolemy.moml.MoMLSimpleApplication@1f9c711b
----------------- Done invoking toplevel() on ptolemy.moml.MoMLSimpleApplication@1f9c711b
reloadAllAccessors: .relationGroup2

===========================================================================================
----------------- testing Mon Aug 31 15:55:35 UTC 2020 /home/travis/build/icyphy/ptII/ptolemy/domains/sdf/test/auto/relationGroup3.xml
----------------- Instantiating /home/travis/build/icyphy/ptII/ptolemy/domains/sdf/test/auto/relationGroup3.xml
1 ms. Memory: 346112K Free: 150217K (43%)
----------------- Invoking toplevel() on ptolemy.moml.MoMLSimpleApplication@6db53050
----------------- Done invoking toplevel() on ptolemy.moml.MoMLSimpleApplication@6db53050
reloadAllAccessors: .relationGroup3

===========================================================================================
----------------- testing Mon Aug 31 15:55:35 UTC 2020 /home/travis/build/icyphy/ptII/ptolemy/domains/sdf/test/auto/relationGroup4.xml
----------------- Instantiating /home/travis/build/icyphy/ptII/ptolemy/domains/sdf/test/auto/relationGroup4.xml
7 ms. Memory: 346112K Free: 145607K (42%)
----------------- Invoking toplevel() on ptolemy.moml.MoMLSimpleApplication@3bb01c25
----------------- Done invoking toplevel() on ptolemy.moml.MoMLSimpleApplication@3bb01c25
reloadAllAccessors: .relationGroup4

===========================================================================================
----------------- testing Mon Aug 31 15:55:35 UTC 2020 /home/travis/build/icyphy/ptII/ptolemy/domains/sdf/test/auto/relationGroup5.xml
----------------- Instantiating /home/travis/build/icyphy/ptII/ptolemy/domains/sdf/test/auto/relationGroup5.xml
3 ms. Memory: 346112K Free: 141001K (41%)
----------------- Invoking toplevel() on ptolemy.moml.MoMLSimpleApplication@385a225a
----------------- Done invoking toplevel() on ptolemy.moml.MoMLSimpleApplication@385a225a
reloadAllAccessors: .relationGroup5

===========================================================================================
----------------- testing Mon Aug 31 15:55:35 UTC 2020 /home/travis/build/icyphy/ptII/ptolemy/domains/sdf/test/auto/relationGroup6.xml
----------------- Instantiating /home/travis/build/icyphy/ptII/ptolemy/domains/sdf/test/auto/relationGroup6.xml
2 ms. Memory: 346112K Free: 136905K (40%)
----------------- Invoking toplevel() on ptolemy.moml.MoMLSimpleApplication@1d7f8f0b
----------------- Done invoking toplevel() on ptolemy.moml.MoMLSimpleApplication@1d7f8f0b
reloadAllAccessors: .relationGroup6

===========================================================================================
----------------- testing Mon Aug 31 15:55:35 UTC 2020 /home/travis/build/icyphy/ptII/ptolemy/domains/sdf/test/auto/relationGroup7.xml
----------------- Instantiating /home/travis/build/icyphy/ptII/ptolemy/domains/sdf/test/auto/relationGroup7.xml
1 ms. Memory: 346112K Free: 133833K (39%)
----------------- Invoking toplevel() on ptolemy.moml.MoMLSimpleApplication@6552c595
----------------- Done invoking toplevel() on ptolemy.moml.MoMLSimpleApplication@6552c595
reloadAllAccessors: .relationGroup7

===========================================================================================
----------------- testing Mon Aug 31 15:55:35 UTC 2020 /home/travis/build/icyphy/ptII/ptolemy/domains/sdf/test/auto/relationGroup8.xml
----------------- Instantiating /home/travis/build/icyphy/ptII/ptolemy/domains/sdf/test/auto/relationGroup8.xml
1 ms. Memory: 346112K Free: 130761K (38%)
----------------- Invoking toplevel() on ptolemy.moml.MoMLSimpleApplication@26e9f200
----------------- Done invoking toplevel() on ptolemy.moml.MoMLSimpleApplication@26e9f200
reloadAllAccessors: .relationGroup8

===========================================================================================
----------------- testing Mon Aug 31 15:55:35 UTC 2020 /home/travis/build/icyphy/ptII/ptolemy/domains/sdf/test/auto/relationGroup9.xml
----------------- Instantiating /home/travis/build/icyphy/ptII/ptolemy/domains/sdf/test/auto/relationGroup9.xml
5 ms. Memory: 346112K Free: 126151K (36%)
----------------- Invoking toplevel() on ptolemy.moml.MoMLSimpleApplication@4921bd3f
----------------- Done invoking toplevel() on ptolemy.moml.MoMLSimpleApplication@4921bd3f
reloadAllAccessors: .relationGroup9

===========================================================================================
----------------- testing Mon Aug 31 15:55:35 UTC 2020 /home/travis/build/icyphy/ptII/ptolemy/domains/sdf/test/auto/sdf_inside_de.xml
----------------- Instantiating /home/travis/build/icyphy/ptII/ptolemy/domains/sdf/test/auto/sdf_inside_de.xml
10 ms. Memory: 346112K Free: 322493K (93%)
----------------- Invoking toplevel() on ptolemy.moml.MoMLSimpleApplication@5b7343c8
----------------- Done invoking toplevel() on ptolemy.moml.MoMLSimpleApplication@5b7343c8
reloadAllAccessors: .sdf_inside_de

===========================================================================================
----------------- testing Mon Aug 31 15:55:35 UTC 2020 /home/travis/build/icyphy/ptII/ptolemy/domains/sdf/test/auto/sdf_inside_pn.xml
----------------- Instantiating /home/travis/build/icyphy/ptII/ptolemy/domains/sdf/test/auto/sdf_inside_pn.xml
41 ms. Memory: 346112K Free: 313277K (91%)
----------------- Invoking toplevel() on ptolemy.moml.MoMLSimpleApplication@1d0b9ae5
----------------- Done invoking toplevel() on ptolemy.moml.MoMLSimpleApplication@1d0b9ae5
reloadAllAccessors: .sdf_inside_pn

===========================================================================================
----------------- testing Mon Aug 31 15:55:35 UTC 2020 /home/travis/build/icyphy/ptII/ptolemy/domains/sdf/test/auto/sdf_sdf1.xml
----------------- Instantiating /home/travis/build/icyphy/ptII/ptolemy/domains/sdf/test/auto/sdf_sdf1.xml
4 ms. Memory: 346112K Free: 307629K (89%)
----------------- Invoking toplevel() on ptolemy.moml.MoMLSimpleApplication@7b4d72a0
----------------- Done invoking toplevel() on ptolemy.moml.MoMLSimpleApplication@7b4d72a0
reloadAllAccessors: .sdf_sdf1

===========================================================================================
----------------- testing Mon Aug 31 15:55:35 UTC 2020 /home/travis/build/icyphy/ptII/ptolemy/domains/sdf/test/auto/test1.xml
----------------- Instantiating /home/travis/build/icyphy/ptII/ptolemy/domains/sdf/test/auto/test1.xml
3 ms. Memory: 346112K Free: 302523K (87%)
----------------- Invoking toplevel() on ptolemy.moml.MoMLSimpleApplication@510d95a7
----------------- Done invoking toplevel() on ptolemy.moml.MoMLSimpleApplication@510d95a7
reloadAllAccessors: .test1

===========================================================================================
----------------- testing Mon Aug 31 15:55:35 UTC 2020 /home/travis/build/icyphy/ptII/ptolemy/domains/sdf/test/auto/time1.xml
----------------- Instantiating /home/travis/build/icyphy/ptII/ptolemy/domains/sdf/test/auto/time1.xml
2 ms. Memory: 346112K Free: 298941K (86%)
----------------- Invoking toplevel() on ptolemy.moml.MoMLSimpleApplication@5456db20
----------------- Done invoking toplevel() on ptolemy.moml.MoMLSimpleApplication@5456db20
reloadAllAccessors: .time1

===========================================================================================
----------------- testing Mon Aug 31 15:55:35 UTC 2020 /home/travis/build/icyphy/ptII/ptolemy/domains/sdf/test/auto/time2.xml
----------------- Instantiating /home/travis/build/icyphy/ptII/ptolemy/domains/sdf/test/auto/time2.xml
2 ms. Memory: 346112K Free: 295355K (85%)
----------------- Invoking toplevel() on ptolemy.moml.MoMLSimpleApplication@4f1545a4
----------------- Done invoking toplevel() on ptolemy.moml.MoMLSimpleApplication@4f1545a4
reloadAllAccessors: .time2

===========================================================================================
----------------- testing Mon Aug 31 15:55:35 UTC 2020 /home/travis/build/icyphy/ptII/ptolemy/domains/sdf/test/auto/time3.xml
----------------- Instantiating /home/travis/build/icyphy/ptII/ptolemy/domains/sdf/test/auto/time3.xml
5 ms. Memory: 346112K Free: 289725K (84%)
----------------- Invoking toplevel() on ptolemy.moml.MoMLSimpleApplication@15b13df8
----------------- Done invoking toplevel() on ptolemy.moml.MoMLSimpleApplication@15b13df8
reloadAllAccessors: .time3

===========================================================================================
----------------- testing Mon Aug 31 15:55:35 UTC 2020 /home/travis/build/icyphy/ptII/ptolemy/domains/sdf/test/auto/time4.xml
----------------- Instantiating /home/travis/build/icyphy/ptII/ptolemy/domains/sdf/test/auto/time4.xml
6 ms. Memory: 346112K Free: 284077K (82%)
----------------- Invoking toplevel() on ptolemy.moml.MoMLSimpleApplication@a8edf38
----------------- Done invoking toplevel() on ptolemy.moml.MoMLSimpleApplication@a8edf38
reloadAllAccessors: .time4

===========================================================================================
----------------- testing Mon Aug 31 15:55:35 UTC 2020 /home/travis/build/icyphy/ptII/ptolemy/domains/sdf/test/auto/time5.xml
----------------- Instantiating /home/travis/build/icyphy/ptII/ptolemy/domains/sdf/test/auto/time5.xml
4002 ms. Memory: 346112K Free: 280509K (81%)
----------------- Invoking toplevel() on ptolemy.moml.MoMLSimpleApplication@27948ab3
----------------- Done invoking toplevel() on ptolemy.moml.MoMLSimpleApplication@27948ab3
reloadAllAccessors: .time5

===========================================================================================
----------------- testing Mon Aug 31 15:55:39 UTC 2020 /home/travis/build/icyphy/ptII/ptolemy/domains/sdf/test/auto/typeSystem_Const_Integer_smallest_Type.xml
----------------- Instantiating /home/travis/build/icyphy/ptII/ptolemy/domains/sdf/test/auto/typeSystem_Const_Integer_smallest_Type.xml
9 ms. Memory: 346112K Free: 275899K (80%)
----------------- Invoking toplevel() on ptolemy.moml.MoMLSimpleApplication@6ee827d3
----------------- Done invoking toplevel() on ptolemy.moml.MoMLSimpleApplication@6ee827d3
reloadAllAccessors: .typeSystem_Const_Integer_smallest_Type

===========================================================================================
----------------- testing Mon Aug 31 15:55:39 UTC 2020 /home/travis/build/icyphy/ptII/ptolemy/domains/sdf/test/auto/typeSystem_declared_Inports_OutportTypeException.xml
----------------- Instantiating /home/travis/build/icyphy/ptII/ptolemy/domains/sdf/test/auto/typeSystem_declared_Inports_OutportTypeException.xml
.typeSystem_declared_Inports_OutportTypeException.TestExceptionAttribute: initialize() was not invoked, but wrapup() was.  This is unusual, but not always a problem.  For example, exporting JNLP will do this.
5 ms. Memory: 346112K Free: 271803K (79%)
----------------- Invoking toplevel() on ptolemy.moml.MoMLSimpleApplication@4f53c5d7
----------------- Done invoking toplevel() on ptolemy.moml.MoMLSimpleApplication@4f53c5d7
reloadAllAccessors: .typeSystem_declared_Inports_OutportTypeException

===========================================================================================
----------------- testing Mon Aug 31 15:55:39 UTC 2020 /home/travis/build/icyphy/ptII/ptolemy/domains/sdf/test/auto/typeSystem_oneDeclaredInportType_wrongTypeOutport.xml
----------------- Instantiating /home/travis/build/icyphy/ptII/ptolemy/domains/sdf/test/auto/typeSystem_oneDeclaredInportType_wrongTypeOutport.xml
3 ms. Memory: 346112K Free: 267707K (77%)
----------------- Invoking toplevel() on ptolemy.moml.MoMLSimpleApplication@7b960083
----------------- Done invoking toplevel() on ptolemy.moml.MoMLSimpleApplication@7b960083
reloadAllAccessors: .typeSystem_oneDeclaredInportType_wrongTypeOutport

===========================================================================================
----------------- testing Mon Aug 31 15:55:39 UTC 2020 /home/travis/build/icyphy/ptII/ptolemy/domains/sdf/test/auto/width.xml
----------------- Instantiating /home/travis/build/icyphy/ptII/ptolemy/domains/sdf/test/auto/width.xml
2 ms. Memory: 346112K Free: 264125K (76%)
----------------- Invoking toplevel() on ptolemy.moml.MoMLSimpleApplication@518dc105
----------------- Done invoking toplevel() on ptolemy.moml.MoMLSimpleApplication@518dc105
reloadAllAccessors: .width

===========================================================================================
----------------- testing Mon Aug 31 15:55:39 UTC 2020 /home/travis/build/icyphy/ptII/ptolemy/domains/sdf/test/auto/width2.xml
----------------- Instantiating /home/travis/build/icyphy/ptII/ptolemy/domains/sdf/test/auto/width2.xml
35 ms. Memory: 346112K Free: 259005K (75%)
----------------- Invoking toplevel() on ptolemy.moml.MoMLSimpleApplication@3456f248
----------------- Done invoking toplevel() on ptolemy.moml.MoMLSimpleApplication@3456f248
reloadAllAccessors: .width2

===========================================================================================
----------------- testing Mon Aug 31 15:55:39 UTC 2020 /home/travis/build/icyphy/ptII/ptolemy/domains/sdf/test/auto/width3.xml
----------------- Instantiating /home/travis/build/icyphy/ptII/ptolemy/domains/sdf/test/auto/width3.xml
34 ms. Memory: 346112K Free: 253885K (73%)
----------------- Invoking toplevel() on ptolemy.moml.MoMLSimpleApplication@d13b9a0
----------------- Done invoking toplevel() on ptolemy.moml.MoMLSimpleApplication@d13b9a0
reloadAllAccessors: .width3
AutoTests.java: About to close Vertx.
AutoTests.java: Vertx closed.
]]></system-out>
  <system-err><![CDATA[java.lang.RuntimeException: Execution failed
	at ptolemy.moml.MoMLSimpleApplication$UnloadThread.run(MoMLSimpleApplication.java:402)
Caused by: ptolemy.actor.sched.NotSchedulableException: No solution exists for the balance equations.
Graph is not consistent under the SDF domain detected on external port .rateConsistency.actor.port2
  in .rateConsistency.SDF Director.Scheduler
	at ptolemy.domains.sdf.kernel.SDFScheduler._propagatePort(SDFScheduler.java:1425)
	at ptolemy.domains.sdf.kernel.SDFScheduler._solveBalanceEquations(SDFScheduler.java:710)
	at ptolemy.domains.sdf.kernel.SDFScheduler._getSchedule(SDFScheduler.java:566)
	at ptolemy.actor.sched.Scheduler.getSchedule(Scheduler.java:189)
	at ptolemy.domains.sdf.kernel.SDFDirector.createSchedule(SDFDirector.java:408)
	at ptolemy.domains.sdf.kernel.SDFDirector.preinitialize(SDFDirector.java:764)
	at ptolemy.actor.CompositeActor.preinitialize(CompositeActor.java:1828)
	at ptolemy.actor.Manager.preinitializeAndResolveTypes(Manager.java:1040)
	at ptolemy.actor.Manager.initialize(Manager.java:710)
	at ptolemy.actor.Manager.execute(Manager.java:356)
	at ptolemy.actor.Manager.run(Manager.java:1263)
	at ptolemy.actor.Manager$PtolemyRunThread.run(Manager.java:1933)
java.lang.RuntimeException: Execution failed
	at ptolemy.moml.MoMLSimpleApplication$UnloadThread.run(MoMLSimpleApplication.java:402)
Caused by: ptolemy.kernel.util.IllegalActionException: Failed to compute schedule:
  in .badRateChanges.typed composite actor.SDF Director
Because:
The SDF rate parameter may change. This is not allowed in SDF models that will be run through the code generator.  If you don't care about code generation, then you might consider setting the allowRateChanges parameter of the SDF director to false.
  in .badRateChanges.typed composite actor.Repeat.output.tokenProductionRate
	at ptolemy.domains.sdf.kernel.SDFDirector.createSchedule(SDFDirector.java:418)
	at ptolemy.domains.sdf.kernel.SDFDirector.preinitialize(SDFDirector.java:764)
	at ptolemy.actor.CompositeActor.preinitialize(CompositeActor.java:1828)
	at ptolemy.actor.Director.preinitialize(Director.java:1302)
	at ptolemy.actor.Director.preinitialize(Director.java:1257)
	at ptolemy.domains.sdf.kernel.SDFDirector.preinitialize(SDFDirector.java:763)
	at ptolemy.actor.CompositeActor.preinitialize(CompositeActor.java:1828)
	at ptolemy.actor.Manager.preinitializeAndResolveTypes(Manager.java:1040)
	at ptolemy.actor.Manager.initialize(Manager.java:710)
	at ptolemy.actor.Manager.execute(Manager.java:356)
	at ptolemy.actor.Manager.run(Manager.java:1263)
	at ptolemy.actor.Manager$PtolemyRunThread.run(Manager.java:1933)
Caused by: ptolemy.kernel.util.IllegalActionException: The SDF rate parameter may change. This is not allowed in SDF models that will be run through the code generator.  If you don't care about code generation, then you might consider setting the allowRateChanges parameter of the SDF director to false.
  in .badRateChanges.typed composite actor.Repeat.output.tokenProductionRate
	at ptolemy.domains.sdf.kernel.SDFScheduler._assertDynamicRateVariable(SDFScheduler.java:931)
	at ptolemy.domains.sdf.kernel.SDFScheduler._checkDynamicRateVariables(SDFScheduler.java:339)
	at ptolemy.domains.sdf.kernel.SDFScheduler._getSchedule(SDFScheduler.java:527)
	at ptolemy.actor.sched.Scheduler.getSchedule(Scheduler.java:189)
	at ptolemy.domains.sdf.kernel.SDFDirector.createSchedule(SDFDirector.java:408)
	... 11 more
java.lang.RuntimeException: Execution failed
	at ptolemy.moml.MoMLSimpleApplication$UnloadThread.run(MoMLSimpleApplication.java:402)
Caused by: ptolemy.kernel.util.IllegalActionException: Failed to compute schedule:
  in .badRateChanges2.typed composite actor.SDF Director
Because:
The SDF rate parameter may change. This is not allowed in SDF models that will be run through the code generator.  If you don't care about code generation, then you might consider setting the allowRateChanges parameter of the SDF director to false.
  in .badRateChanges2.typed composite actor.Repeat.output.tokenProductionRate
	at ptolemy.domains.sdf.kernel.SDFDirector.createSchedule(SDFDirector.java:418)
	at ptolemy.domains.sdf.kernel.SDFDirector.preinitialize(SDFDirector.java:764)
	at ptolemy.actor.CompositeActor.preinitialize(CompositeActor.java:1828)
	at ptolemy.actor.Director.preinitialize(Director.java:1302)
	at ptolemy.actor.Director.preinitialize(Director.java:1257)
	at ptolemy.domains.sdf.kernel.SDFDirector.preinitialize(SDFDirector.java:763)
	at ptolemy.actor.CompositeActor.preinitialize(CompositeActor.java:1828)
	at ptolemy.actor.Manager.preinitializeAndResolveTypes(Manager.java:1040)
	at ptolemy.actor.Manager.initialize(Manager.java:710)
	at ptolemy.actor.Manager.execute(Manager.java:356)
	at ptolemy.actor.Manager.run(Manager.java:1263)
	at ptolemy.actor.Manager$PtolemyRunThread.run(Manager.java:1933)
Caused by: ptolemy.kernel.util.IllegalActionException: The SDF rate parameter may change. This is not allowed in SDF models that will be run through the code generator.  If you don't care about code generation, then you might consider setting the allowRateChanges parameter of the SDF director to false.
  in .badRateChanges2.typed composite actor.Repeat.output.tokenProductionRate
	at ptolemy.domains.sdf.kernel.SDFScheduler._assertDynamicRateVariable(SDFScheduler.java:931)
	at ptolemy.domains.sdf.kernel.SDFScheduler._checkDynamicRateVariables(SDFScheduler.java:339)
	at ptolemy.domains.sdf.kernel.SDFScheduler._getSchedule(SDFScheduler.java:527)
	at ptolemy.actor.sched.Scheduler.getSchedule(Scheduler.java:189)
	at ptolemy.domains.sdf.kernel.SDFDirector.createSchedule(SDFDirector.java:408)
	... 11 more
java.lang.RuntimeException: Execution failed
	at ptolemy.moml.MoMLSimpleApplication$UnloadThread.run(MoMLSimpleApplication.java:402)
Caused by: ptolemy.actor.sched.NotSchedulableException: Actors remain that cannot be scheduled!

There are several possible reasons:
* SDF Graphs with feedback loops should have an actor with a delay in the loop, such as a SampleDelay.
* The SDF director has an "allowDisconnectedGraphs"parameter, which, when true, permits disconnected SDF graphs.
* The token consumption rate and production rates might be mismatched.
Usually, actors produce one token or consume one token on a port.  To produce or consume multiple tokens per firing, add a "tokenConsumptionRate" or "tokenProductionRate" parameter to the appropriate port.
Unscheduled actors:
.partiallyConnected.Const2 
Scheduled actors:
.partiallyConnected.Const 
  in .partiallyConnected.SDF Director.Scheduler
	at ptolemy.domains.sdf.kernel.SDFScheduler._scheduleConnectedActors(SDFScheduler.java:1828)
	at ptolemy.domains.sdf.kernel.SDFScheduler._getSchedule(SDFScheduler.java:587)
	at ptolemy.actor.sched.Scheduler.getSchedule(Scheduler.java:189)
	at ptolemy.domains.sdf.kernel.SDFDirector.createSchedule(SDFDirector.java:408)
	at ptolemy.domains.sdf.kernel.SDFDirector.preinitialize(SDFDirector.java:764)
	at ptolemy.actor.CompositeActor.preinitialize(CompositeActor.java:1828)
	at ptolemy.actor.Manager.preinitializeAndResolveTypes(Manager.java:1040)
	at ptolemy.actor.Manager.initialize(Manager.java:710)
	at ptolemy.actor.Manager.execute(Manager.java:356)
	at ptolemy.actor.Manager.run(Manager.java:1263)
	at ptolemy.actor.Manager$PtolemyRunThread.run(Manager.java:1933)
]]></system-err>
</testsuite>
