<?xml version="1.0" encoding="UTF-8" ?>
<testsuite errors="0" failures="0" hostname="travis-job-4d988e40-ea5f-40c7-9e53-6e271d38002b" name="org.terraswarm.accessor.test.junit.JUnitTclTest" skipped="0" tests="30" time="143.701" timestamp="2018-06-11T23:50:27">
  <properties>
[...]
</properties>
  <testcase classname="ptolemy.util.test.junit.TclTests" name="[0] /home/travis/build/icyphy/ptII/org/terraswarm/accessor/test/JSAccessor.tcl (RunTclFile)" time="17.315" />
  <testcase classname="ptolemy.util.test.junit.AutoKnownFailedTests" name="[0] ThereAreNoKnowFailedTests (RunModel)" time="0.0" />
  <testcase classname="ptolemy.util.test.junit.AutoNameArchTests" name="[0] ThereAreNoAutoArchTests (RunModel)" time="0.0" />
  <testcase classname="ptolemy.util.test.junit.AutoTests" name="[0] /home/travis/build/icyphy/ptII/org/terraswarm/accessor/test/auto/AccessViolation.xml (RunModel)" time="3.249" />
  <testcase classname="ptolemy.util.test.junit.AutoTests" name="[1] /home/travis/build/icyphy/ptII/org/terraswarm/accessor/test/auto/AccessViolation2.xml (RunModel)" time="2.63" />
  <testcase classname="ptolemy.util.test.junit.AutoTests" name="[2] /home/travis/build/icyphy/ptII/org/terraswarm/accessor/test/auto/Accessor1.xml (RunModel)" time="5.226" />
  <testcase classname="ptolemy.util.test.junit.AutoTests" name="[3] /home/travis/build/icyphy/ptII/org/terraswarm/accessor/test/auto/Accessor2.xml (RunModel)" time="2.673" />
  <testcase classname="ptolemy.util.test.junit.AutoTests" name="[4] /home/travis/build/icyphy/ptII/org/terraswarm/accessor/test/auto/CallbackWithSuppress.xml (RunModel)" time="23.656" />
  <testcase classname="ptolemy.util.test.junit.AutoTests" name="[5] /home/travis/build/icyphy/ptII/org/terraswarm/accessor/test/auto/Derived.xml (RunModel)" time="1.693" />
  <testcase classname="ptolemy.util.test.junit.AutoTests" name="[6] /home/travis/build/icyphy/ptII/org/terraswarm/accessor/test/auto/Derived2.xml (RunModel)" time="2.017" />
  <testcase classname="ptolemy.util.test.junit.AutoTests" name="[7] /home/travis/build/icyphy/ptII/org/terraswarm/accessor/test/auto/Derived3.xml (RunModel)" time="2.188" />
  <testcase classname="ptolemy.util.test.junit.AutoTests" name="[8] /home/travis/build/icyphy/ptII/org/terraswarm/accessor/test/auto/Derived4.xml (RunModel)" time="1.612" />
  <testcase classname="ptolemy.util.test.junit.AutoTests" name="[9] /home/travis/build/icyphy/ptII/org/terraswarm/accessor/test/auto/Derived5.xml (RunModel)" time="1.904" />
  <testcase classname="ptolemy.util.test.junit.AutoTests" name="[10] /home/travis/build/icyphy/ptII/org/terraswarm/accessor/test/auto/Derived6.xml (RunModel)" time="1.524" />
  <testcase classname="ptolemy.util.test.junit.AutoTests" name="[11] /home/travis/build/icyphy/ptII/org/terraswarm/accessor/test/auto/Derived8.xml (RunModel)" time="2.031" />
  <testcase classname="ptolemy.util.test.junit.AutoTests" name="[12] /home/travis/build/icyphy/ptII/org/terraswarm/accessor/test/auto/Derived9.xml (RunModel)" time="1.81" />
  <testcase classname="ptolemy.util.test.junit.AutoTests" name="[13] /home/travis/build/icyphy/ptII/org/terraswarm/accessor/test/auto/DerivedAgain.xml (RunModel)" time="3.496" />
  <testcase classname="ptolemy.util.test.junit.AutoTests" name="[14] /home/travis/build/icyphy/ptII/org/terraswarm/accessor/test/auto/DerivedAgain2.xml (RunModel)" time="2.623" />
  <testcase classname="ptolemy.util.test.junit.AutoTests" name="[15] /home/travis/build/icyphy/ptII/org/terraswarm/accessor/test/auto/DerivedAgain4.xml (RunModel)" time="1.815" />
  <testcase classname="ptolemy.util.test.junit.AutoTests" name="[16] /home/travis/build/icyphy/ptII/org/terraswarm/accessor/test/auto/DerivedAgain5.xml (RunModel)" time="1.661" />
  <testcase classname="ptolemy.util.test.junit.AutoTests" name="[17] /home/travis/build/icyphy/ptII/org/terraswarm/accessor/test/auto/DerivedAgain6.xml (RunModel)" time="2.328" />
  <testcase classname="ptolemy.util.test.junit.AutoTests" name="[18] /home/travis/build/icyphy/ptII/org/terraswarm/accessor/test/auto/DerivedAgain7.xml (RunModel)" time="2.613" />
  <testcase classname="ptolemy.util.test.junit.AutoTests" name="[19] /home/travis/build/icyphy/ptII/org/terraswarm/accessor/test/auto/GetDate.xml (RunModel)" time="0.004" />
  <testcase classname="ptolemy.util.test.junit.AutoTests" name="[20] /home/travis/build/icyphy/ptII/org/terraswarm/accessor/test/auto/HandlerWithSuppress.xml (RunModel)" time="23.446" />
  <testcase classname="ptolemy.util.test.junit.AutoTests" name="[21] /home/travis/build/icyphy/ptII/org/terraswarm/accessor/test/auto/HttpRequest.xml (RunModel)" time="1.665" />
  <testcase classname="ptolemy.util.test.junit.AutoTests" name="[22] /home/travis/build/icyphy/ptII/org/terraswarm/accessor/test/auto/JSON.xml (RunModel)" time="3.148" />
  <testcase classname="ptolemy.util.test.junit.AutoTests" name="[23] /home/travis/build/icyphy/ptII/org/terraswarm/accessor/test/auto/ReadURL.xml (RunModel)" time="14.857" />
  <testcase classname="ptolemy.util.test.junit.AutoTests" name="[24] /home/travis/build/icyphy/ptII/org/terraswarm/accessor/test/auto/SendNullToOwnInput.xml (RunModel)" time="2.959" />
  <testcase classname="ptolemy.util.test.junit.AutoTests" name="[25] /home/travis/build/icyphy/ptII/org/terraswarm/accessor/test/auto/Stop.xml (RunModel)" time="9.925" />
  <testcase classname="ptolemy.util.test.junit.AutoTests" name="[26] /home/travis/build/icyphy/ptII/org/terraswarm/accessor/test/auto/Stop2.xml (RunModel)" time="3.207" />
  <system-out><![CDATA[/home/travis/build/icyphy/ptII/org/terraswarm/accessor/test/JSAccessor.tcl
testDefs.tcl: setting time out to 9000 seconds at Mon Jun 11 23:50:28 UTC 2018
JSAccessor: PT_NO_NET environment variable is set, so git pull and ptdoc are not being run.
06/11/18 11:50:45
Failed: 0  Total Tests: 13  ((Passed: 13, Newly Passed: 0)  Known Failed: 0) /home/travis/build/icyphy/ptII/org/terraswarm/accessor/test
No auto/knownFailedTests/*.xml tests in /home/travis/build/icyphy/ptII/org/terraswarm/accessor/test
No auto/linux-amd64/*.xml tests in /home/travis/build/icyphy/ptII/org/terraswarm/accessor/test
AutoTests.java: About to close Vertx.
AutoTests.java: Vertx closed.

===========================================================================================
----------------- testing Mon Jun 11 23:50:45 UTC 2018 /home/travis/build/icyphy/ptII/org/terraswarm/accessor/test/auto/AccessViolation.xml
----------------- Instantiating /home/travis/build/icyphy/ptII/org/terraswarm/accessor/test/auto/AccessViolation.xml
1328 ms. Memory: 445952K Free: 42729K (10%)
----------------- Invoking toplevel() on ptolemy.moml.MoMLSimpleApplication@18ccd151
----------------- Done invoking toplevel() on ptolemy.moml.MoMLSimpleApplication@18ccd151
reloadAllAccessors: .AccessViolation
This is the first time that the reloadAllAccessors method has been invoked in this JVM, so the the accessors repo will be checked out or updated and JSDoc invoked. Note that running the tests may end up invoking a new JVM for each directory, so the repo may be checked out or updated and JSDoc invoked more than once when the tests are run.
-------------- Reloaded accessors, but skipping rerun for now. Mon Jun 11 23:50:48 UTC 2018 /home/travis/build/icyphy/ptII/org/terraswarm/accessor/test/auto/AccessViolation.xml

===========================================================================================
----------------- testing Mon Jun 11 23:50:48 UTC 2018 /home/travis/build/icyphy/ptII/org/terraswarm/accessor/test/auto/AccessViolation2.xml
----------------- Instantiating /home/travis/build/icyphy/ptII/org/terraswarm/accessor/test/auto/AccessViolation2.xml
1261 ms. Memory: 584192K Free: 459523K (79%)
----------------- Invoking toplevel() on ptolemy.moml.MoMLSimpleApplication@79b1d65f
----------------- Done invoking toplevel() on ptolemy.moml.MoMLSimpleApplication@79b1d65f
reloadAllAccessors: .AccessViolation2
-------------- Reloaded accessors, but skipping rerun for now. Mon Jun 11 23:50:51 UTC 2018 /home/travis/build/icyphy/ptII/org/terraswarm/accessor/test/auto/AccessViolation2.xml

===========================================================================================
----------------- testing Mon Jun 11 23:50:51 UTC 2018 /home/travis/build/icyphy/ptII/org/terraswarm/accessor/test/auto/Accessor1.xml
----------------- Instantiating /home/travis/build/icyphy/ptII/org/terraswarm/accessor/test/auto/Accessor1.xml
2644 ms. Memory: 590336K Free: 111944K (19%)
----------------- Invoking toplevel() on ptolemy.moml.MoMLSimpleApplication@49e8bbcc
----------------- Done invoking toplevel() on ptolemy.moml.MoMLSimpleApplication@49e8bbcc
reloadAllAccessors: .Accessor1
-------------- Reloaded accessors, but skipping rerun for now. Mon Jun 11 23:50:56 UTC 2018 /home/travis/build/icyphy/ptII/org/terraswarm/accessor/test/auto/Accessor1.xml

===========================================================================================
----------------- testing Mon Jun 11 23:50:56 UTC 2018 /home/travis/build/icyphy/ptII/org/terraswarm/accessor/test/auto/Accessor2.xml
----------------- Instantiating /home/travis/build/icyphy/ptII/org/terraswarm/accessor/test/auto/Accessor2.xml
1176 ms. Memory: 693248K Free: 111715K (16%)
----------------- Invoking toplevel() on ptolemy.moml.MoMLSimpleApplication@2002f75e
----------------- Done invoking toplevel() on ptolemy.moml.MoMLSimpleApplication@2002f75e
reloadAllAccessors: .Accessor2
-------------- Reloaded accessors, but skipping rerun for now. Mon Jun 11 23:50:59 UTC 2018 /home/travis/build/icyphy/ptII/org/terraswarm/accessor/test/auto/Accessor2.xml

===========================================================================================
----------------- testing Mon Jun 11 23:50:59 UTC 2018 /home/travis/build/icyphy/ptII/org/terraswarm/accessor/test/auto/CallbackWithSuppress.xml
----------------- Instantiating /home/travis/build/icyphy/ptII/org/terraswarm/accessor/test/auto/CallbackWithSuppress.xml
21923 ms. Memory: 868352K Free: 648751K (75%)
----------------- Invoking toplevel() on ptolemy.moml.MoMLSimpleApplication@f9e4843
----------------- Done invoking toplevel() on ptolemy.moml.MoMLSimpleApplication@f9e4843
reloadAllAccessors: .CallbackWithSuppress
Accessors in test/auto do not typically have documentation, so we are not running jsdoc on file:/home/travis/build/icyphy/ptII/org/terraswarm/accessor/test/auto/accessors/CallbackWithSuppress.js
-------------- Reloaded accessors, but skipping rerun for now. Mon Jun 11 23:51:22 UTC 2018 /home/travis/build/icyphy/ptII/org/terraswarm/accessor/test/auto/CallbackWithSuppress.xml

===========================================================================================
----------------- testing Mon Jun 11 23:51:22 UTC 2018 /home/travis/build/icyphy/ptII/org/terraswarm/accessor/test/auto/Derived.xml
----------------- Instantiating /home/travis/build/icyphy/ptII/org/terraswarm/accessor/test/auto/Derived.xml
DerivedA: base set up (Thread[Thread-23,5,main])
DerivedA: derived set up (Thread[Thread-23,5,main])
DerivedA: base set up (Thread[Thread-23,5,main])
DerivedA: derived set up (Thread[Thread-23,5,main])
DerivedA: base set up (Thread[Derived,1,main])
DerivedA: derived set up (Thread[Derived,1,main])
DerivedA: base set up (Thread[Derived,1,main])
DerivedA: derived set up (Thread[Derived,1,main])
DerivedA: base set up (Thread[Derived,1,main])
DerivedA: derived set up (Thread[Derived,1,main])
DerivedA: base set up (Thread[Derived,1,main])
DerivedA: derived set up (Thread[Derived,1,main])
DerivedA: base set up (Thread[Derived,1,main])
DerivedA: derived set up (Thread[Derived,1,main])
DerivedA: base init (Thread[Derived,1,main])
DerivedA: derived init (Thread[Derived,1,main])
DerivedA: derived wrapped up (Thread[Derived,1,main])
817 ms. Memory: 868352K Free: 151170K (17%)
----------------- Invoking toplevel() on ptolemy.moml.MoMLSimpleApplication@ebf3334
----------------- Done invoking toplevel() on ptolemy.moml.MoMLSimpleApplication@ebf3334
reloadAllAccessors: .Derived
Accessors in test/auto do not typically have documentation, so we are not running jsdoc on file:/home/travis/build/icyphy/ptII/org/terraswarm/accessor/test/auto/accessors/DerivedA.js
DerivedA: base set up (Thread[Thread-23,5,main])
DerivedA: derived set up (Thread[Thread-23,5,main])
DerivedA: base set up (Thread[Thread-23,5,main])
DerivedA: derived set up (Thread[Thread-23,5,main])
-------------- Reloaded accessors, but skipping rerun for now. Mon Jun 11 23:51:24 UTC 2018 /home/travis/build/icyphy/ptII/org/terraswarm/accessor/test/auto/Derived.xml

===========================================================================================
----------------- testing Mon Jun 11 23:51:24 UTC 2018 /home/travis/build/icyphy/ptII/org/terraswarm/accessor/test/auto/Derived2.xml
----------------- Instantiating /home/travis/build/icyphy/ptII/org/terraswarm/accessor/test/auto/Derived2.xml
DerivedB2: printing non-prototype properties (Thread[Derived2,1,main])
DerivedB2: ssuper: [object Object] (Thread[Derived2,1,main])
DerivedB2: setup: function () {
        this.extend('BaseB');
    } (Thread[Derived2,1,main])
DerivedB2: inputHandler: function () {
    console.log('sending false');
    this.send('output', false);
} (Thread[Derived2,1,main])
DerivedB2: initialize: function () {
    exports.ssuper.initialize.call(this);
    printProperties(exports);
} (Thread[Derived2,1,main])
DerivedB2: printing protoytpe (Thread[Derived2,1,main])
DerivedB2: ssuper: [object Object] (Thread[Derived2,1,main])
DerivedB2: setup: function () {
        this.extend('BaseB');
    } (Thread[Derived2,1,main])
DerivedB2: initialize: function () {
    exports.ssuper.initialize.call(this);
    printProperties(exports);
} (Thread[Derived2,1,main])
DerivedB2: inputHandler: function () {
    console.log('sending false');
    this.send('output', false);
} (Thread[Derived2,1,main])
DerivedB2: sending false (Thread[Derived2,1,main])
1061 ms. Memory: 872448K Free: 350366K (40%)
----------------- Invoking toplevel() on ptolemy.moml.MoMLSimpleApplication@145399a2
----------------- Done invoking toplevel() on ptolemy.moml.MoMLSimpleApplication@145399a2
reloadAllAccessors: .Derived2
Accessors in test/auto do not typically have documentation, so we are not running jsdoc on file:/home/travis/build/icyphy/ptII/org/terraswarm/accessor/test/auto/accessors/DerivedB.js
-------------- Reloaded accessors, but skipping rerun for now. Mon Jun 11 23:51:26 UTC 2018 /home/travis/build/icyphy/ptII/org/terraswarm/accessor/test/auto/Derived2.xml

===========================================================================================
----------------- testing Mon Jun 11 23:51:26 UTC 2018 /home/travis/build/icyphy/ptII/org/terraswarm/accessor/test/auto/Derived3.xml
----------------- Instantiating /home/travis/build/icyphy/ptII/org/terraswarm/accessor/test/auto/Derived3.xml
1310 ms. Memory: 1057792K Free: 865742K (82%)
----------------- Invoking toplevel() on ptolemy.moml.MoMLSimpleApplication@371832e0
----------------- Done invoking toplevel() on ptolemy.moml.MoMLSimpleApplication@371832e0
reloadAllAccessors: .Derived3
Accessors in test/auto do not typically have documentation, so we are not running jsdoc on file:/home/travis/build/icyphy/ptII/org/terraswarm/accessor/test/auto/accessors/DerivedC.js
-------------- Reloaded accessors, but skipping rerun for now. Mon Jun 11 23:51:28 UTC 2018 /home/travis/build/icyphy/ptII/org/terraswarm/accessor/test/auto/Derived3.xml

===========================================================================================
----------------- testing Mon Jun 11 23:51:28 UTC 2018 /home/travis/build/icyphy/ptII/org/terraswarm/accessor/test/auto/Derived4.xml
----------------- Instantiating /home/travis/build/icyphy/ptII/org/terraswarm/accessor/test/auto/Derived4.xml
791 ms. Memory: 1057792K Free: 447516K (42%)
----------------- Invoking toplevel() on ptolemy.moml.MoMLSimpleApplication@38aa5ff1
----------------- Done invoking toplevel() on ptolemy.moml.MoMLSimpleApplication@38aa5ff1
reloadAllAccessors: .Derived4
Accessors in test/auto do not typically have documentation, so we are not running jsdoc on file:/home/travis/build/icyphy/ptII/org/terraswarm/accessor/test/auto/accessors/DerivedD.js
-------------- Reloaded accessors, but skipping rerun for now. Mon Jun 11 23:51:30 UTC 2018 /home/travis/build/icyphy/ptII/org/terraswarm/accessor/test/auto/Derived4.xml

===========================================================================================
----------------- testing Mon Jun 11 23:51:30 UTC 2018 /home/travis/build/icyphy/ptII/org/terraswarm/accessor/test/auto/Derived5.xml
----------------- Instantiating /home/travis/build/icyphy/ptII/org/terraswarm/accessor/test/auto/Derived5.xml
1051 ms. Memory: 1062912K Free: 789369K (74%)
----------------- Invoking toplevel() on ptolemy.moml.MoMLSimpleApplication@4ed2d279
----------------- Done invoking toplevel() on ptolemy.moml.MoMLSimpleApplication@4ed2d279
reloadAllAccessors: .Derived5
Accessors in test/auto do not typically have documentation, so we are not running jsdoc on file:/home/travis/build/icyphy/ptII/org/terraswarm/accessor/test/auto/accessors/DerivedE.js
-------------- Reloaded accessors, but skipping rerun for now. Mon Jun 11 23:51:32 UTC 2018 /home/travis/build/icyphy/ptII/org/terraswarm/accessor/test/auto/Derived5.xml

===========================================================================================
----------------- testing Mon Jun 11 23:51:32 UTC 2018 /home/travis/build/icyphy/ptII/org/terraswarm/accessor/test/auto/Derived6.xml
----------------- Instantiating /home/travis/build/icyphy/ptII/org/terraswarm/accessor/test/auto/Derived6.xml
773 ms. Memory: 1062912K Free: 373717K (35%)
----------------- Invoking toplevel() on ptolemy.moml.MoMLSimpleApplication@339c31ea
----------------- Done invoking toplevel() on ptolemy.moml.MoMLSimpleApplication@339c31ea
reloadAllAccessors: .Derived6
Accessors in test/auto do not typically have documentation, so we are not running jsdoc on file:/home/travis/build/icyphy/ptII/org/terraswarm/accessor/test/auto/accessors/DerivedF.js
-------------- Reloaded accessors, but skipping rerun for now. Mon Jun 11 23:51:33 UTC 2018 /home/travis/build/icyphy/ptII/org/terraswarm/accessor/test/auto/Derived6.xml

===========================================================================================
----------------- testing Mon Jun 11 23:51:33 UTC 2018 /home/travis/build/icyphy/ptII/org/terraswarm/accessor/test/auto/Derived8.xml
----------------- Instantiating /home/travis/build/icyphy/ptII/org/terraswarm/accessor/test/auto/Derived8.xml
1111 ms. Memory: 1228800K Free: 870744K (71%)
----------------- Invoking toplevel() on ptolemy.moml.MoMLSimpleApplication@304eb8b2
----------------- Done invoking toplevel() on ptolemy.moml.MoMLSimpleApplication@304eb8b2
reloadAllAccessors: .Derived8
Accessors in test/auto do not typically have documentation, so we are not running jsdoc on file:/home/travis/build/icyphy/ptII/org/terraswarm/accessor/test/auto/accessors/DerivedH.js
-------------- Reloaded accessors, but skipping rerun for now. Mon Jun 11 23:51:35 UTC 2018 /home/travis/build/icyphy/ptII/org/terraswarm/accessor/test/auto/Derived8.xml

===========================================================================================
----------------- testing Mon Jun 11 23:51:35 UTC 2018 /home/travis/build/icyphy/ptII/org/terraswarm/accessor/test/auto/Derived9.xml
----------------- Instantiating /home/travis/build/icyphy/ptII/org/terraswarm/accessor/test/auto/Derived9.xml
992 ms. Memory: 1228800K Free: 441554K (36%)
----------------- Invoking toplevel() on ptolemy.moml.MoMLSimpleApplication@2a88671e
----------------- Done invoking toplevel() on ptolemy.moml.MoMLSimpleApplication@2a88671e
reloadAllAccessors: .Derived9
Accessors in test/auto do not typically have documentation, so we are not running jsdoc on file:/home/travis/build/icyphy/ptII/org/terraswarm/accessor/test/auto/accessors/DerivedI.js
-------------- Reloaded accessors, but skipping rerun for now. Mon Jun 11 23:51:37 UTC 2018 /home/travis/build/icyphy/ptII/org/terraswarm/accessor/test/auto/Derived9.xml

===========================================================================================
----------------- testing Mon Jun 11 23:51:37 UTC 2018 /home/travis/build/icyphy/ptII/org/terraswarm/accessor/test/auto/DerivedAgain.xml
----------------- Instantiating /home/travis/build/icyphy/ptII/org/terraswarm/accessor/test/auto/DerivedAgain.xml
2530 ms. Memory: 1268736K Free: 1138453K (90%)
----------------- Invoking toplevel() on ptolemy.moml.MoMLSimpleApplication@253d1f9c
----------------- Done invoking toplevel() on ptolemy.moml.MoMLSimpleApplication@253d1f9c
reloadAllAccessors: .DerivedAgain
Accessors in test/auto do not typically have documentation, so we are not running jsdoc on file:/home/travis/build/icyphy/ptII/org/terraswarm/accessor/test/auto/accessors/DerivedAgainA.js
-------------- Reloaded accessors, but skipping rerun for now. Mon Jun 11 23:51:41 UTC 2018 /home/travis/build/icyphy/ptII/org/terraswarm/accessor/test/auto/DerivedAgain.xml

===========================================================================================
----------------- testing Mon Jun 11 23:51:41 UTC 2018 /home/travis/build/icyphy/ptII/org/terraswarm/accessor/test/auto/DerivedAgain2.xml
----------------- Instantiating /home/travis/build/icyphy/ptII/org/terraswarm/accessor/test/auto/DerivedAgain2.xml
1838 ms. Memory: 1268736K Free: 720343K (57%)
----------------- Invoking toplevel() on ptolemy.moml.MoMLSimpleApplication@4fa2cb11
----------------- Done invoking toplevel() on ptolemy.moml.MoMLSimpleApplication@4fa2cb11
reloadAllAccessors: .DerivedAgain2
Accessors in test/auto do not typically have documentation, so we are not running jsdoc on file:/home/travis/build/icyphy/ptII/org/terraswarm/accessor/test/auto/accessors/DerivedAgainB.js
-------------- Reloaded accessors, but skipping rerun for now. Mon Jun 11 23:51:43 UTC 2018 /home/travis/build/icyphy/ptII/org/terraswarm/accessor/test/auto/DerivedAgain2.xml

===========================================================================================
----------------- testing Mon Jun 11 23:51:43 UTC 2018 /home/travis/build/icyphy/ptII/org/terraswarm/accessor/test/auto/DerivedAgain4.xml
----------------- Instantiating /home/travis/build/icyphy/ptII/org/terraswarm/accessor/test/auto/DerivedAgain4.xml
919 ms. Memory: 1268736K Free: 298593K (24%)
----------------- Invoking toplevel() on ptolemy.moml.MoMLSimpleApplication@29a8b1b9
----------------- Done invoking toplevel() on ptolemy.moml.MoMLSimpleApplication@29a8b1b9
reloadAllAccessors: .DerivedAgain4
Accessors in test/auto do not typically have documentation, so we are not running jsdoc on file:/home/travis/build/icyphy/ptII/org/terraswarm/accessor/test/auto/accessors/DerivedAgainD.js
-------------- Reloaded accessors, but skipping rerun for now. Mon Jun 11 23:51:45 UTC 2018 /home/travis/build/icyphy/ptII/org/terraswarm/accessor/test/auto/DerivedAgain4.xml

===========================================================================================
----------------- testing Mon Jun 11 23:51:45 UTC 2018 /home/travis/build/icyphy/ptII/org/terraswarm/accessor/test/auto/DerivedAgain5.xml
----------------- Instantiating /home/travis/build/icyphy/ptII/org/terraswarm/accessor/test/auto/DerivedAgain5.xml
880 ms. Memory: 1490944K Free: 979304K (66%)
----------------- Invoking toplevel() on ptolemy.moml.MoMLSimpleApplication@2e00bbfb
----------------- Done invoking toplevel() on ptolemy.moml.MoMLSimpleApplication@2e00bbfb
reloadAllAccessors: .DerivedAgain5
Accessors in test/auto do not typically have documentation, so we are not running jsdoc on file:/home/travis/build/icyphy/ptII/org/terraswarm/accessor/test/auto/accessors/DerivedAgainE.js
-------------- Reloaded accessors, but skipping rerun for now. Mon Jun 11 23:51:47 UTC 2018 /home/travis/build/icyphy/ptII/org/terraswarm/accessor/test/auto/DerivedAgain5.xml

===========================================================================================
----------------- testing Mon Jun 11 23:51:47 UTC 2018 /home/travis/build/icyphy/ptII/org/terraswarm/accessor/test/auto/DerivedAgain6.xml
----------------- Instantiating /home/travis/build/icyphy/ptII/org/terraswarm/accessor/test/auto/DerivedAgain6.xml
768 ms. Memory: 1490944K Free: 379666K (25%)
----------------- Invoking toplevel() on ptolemy.moml.MoMLSimpleApplication@161345cf
----------------- Done invoking toplevel() on ptolemy.moml.MoMLSimpleApplication@161345cf
reloadAllAccessors: .DerivedAgain6
Accessors in test/auto do not typically have documentation, so we are not running jsdoc on file:/home/travis/build/icyphy/ptII/org/terraswarm/accessor/test/auto/accessors/DerivedAgainD.js
-------------- Reloaded accessors, but skipping rerun for now. Mon Jun 11 23:51:49 UTC 2018 /home/travis/build/icyphy/ptII/org/terraswarm/accessor/test/auto/DerivedAgain6.xml

===========================================================================================
----------------- testing Mon Jun 11 23:51:49 UTC 2018 /home/travis/build/icyphy/ptII/org/terraswarm/accessor/test/auto/DerivedAgain7.xml
----------------- Instantiating /home/travis/build/icyphy/ptII/org/terraswarm/accessor/test/auto/DerivedAgain7.xml
822 ms. Memory: 1498112K Free: 881649K (59%)
----------------- Invoking toplevel() on ptolemy.moml.MoMLSimpleApplication@4d4c1c8
----------------- Done invoking toplevel() on ptolemy.moml.MoMLSimpleApplication@4d4c1c8
reloadAllAccessors: .DerivedAgain7
Accessors in test/auto do not typically have documentation, so we are not running jsdoc on file:/home/travis/build/icyphy/ptII/org/terraswarm/accessor/test/auto/accessors/DerivedAgainD.js
-------------- Reloaded accessors, but skipping rerun for now. Mon Jun 11 23:51:52 UTC 2018 /home/travis/build/icyphy/ptII/org/terraswarm/accessor/test/auto/DerivedAgain7.xml

===========================================================================================
----------------- *** Skipping testing of /home/travis/build/icyphy/ptII/org/terraswarm/accessor/test/auto/GetDate.xml because it does fails under Travis.  To updated this list, edit ptolemy/util/test/junit/AutoTests.java

===========================================================================================
----------------- testing Mon Jun 11 23:51:52 UTC 2018 /home/travis/build/icyphy/ptII/org/terraswarm/accessor/test/auto/HandlerWithSuppress.xml
----------------- Instantiating /home/travis/build/icyphy/ptII/org/terraswarm/accessor/test/auto/HandlerWithSuppress.xml
21664 ms. Memory: 1498112K Free: 148572K (10%)
----------------- Invoking toplevel() on ptolemy.moml.MoMLSimpleApplication@6f1bf5fe
----------------- Done invoking toplevel() on ptolemy.moml.MoMLSimpleApplication@6f1bf5fe
reloadAllAccessors: .HandlerWithSuppress
Accessors in test/auto do not typically have documentation, so we are not running jsdoc on file:/home/travis/build/icyphy/ptII/org/terraswarm/accessor/test/auto/accessors/HandlerWithSuppress.js
-------------- Reloaded accessors, but skipping rerun for now. Mon Jun 11 23:52:15 UTC 2018 /home/travis/build/icyphy/ptII/org/terraswarm/accessor/test/auto/HandlerWithSuppress.xml

===========================================================================================
----------------- testing Mon Jun 11 23:52:15 UTC 2018 /home/travis/build/icyphy/ptII/org/terraswarm/accessor/test/auto/HttpRequest.xml
----------------- Instantiating /home/travis/build/icyphy/ptII/org/terraswarm/accessor/test/auto/HttpRequest.xml
866 ms. Memory: 1796096K Free: 1292265K (72%)
----------------- Invoking toplevel() on ptolemy.moml.MoMLSimpleApplication@34a74e85
----------------- Done invoking toplevel() on ptolemy.moml.MoMLSimpleApplication@34a74e85
reloadAllAccessors: .HttpRequest
-------------- Reloaded accessors, but skipping rerun for now. Mon Jun 11 23:52:17 UTC 2018 /home/travis/build/icyphy/ptII/org/terraswarm/accessor/test/auto/HttpRequest.xml

===========================================================================================
----------------- testing Mon Jun 11 23:52:17 UTC 2018 /home/travis/build/icyphy/ptII/org/terraswarm/accessor/test/auto/JSON.xml
----------------- Instantiating /home/travis/build/icyphy/ptII/org/terraswarm/accessor/test/auto/JSON.xml
JavaScript: { data: 1 } (Thread[JSON,1,main])
JavaScript3: 1 (Thread[JSON,1,main])
2414 ms. Memory: 1796096K Free: 576186K (32%)
----------------- Invoking toplevel() on ptolemy.moml.MoMLSimpleApplication@716f760
----------------- Done invoking toplevel() on ptolemy.moml.MoMLSimpleApplication@716f760
reloadAllAccessors: .JSON

===========================================================================================
----------------- testing Mon Jun 11 23:52:20 UTC 2018 /home/travis/build/icyphy/ptII/org/terraswarm/accessor/test/auto/ReadURL.xml
----------------- Instantiating /home/travis/build/icyphy/ptII/org/terraswarm/accessor/test/auto/ReadURL.xml
12573 ms. Memory: 1804800K Free: 928674K (51%)
----------------- Invoking toplevel() on ptolemy.moml.MoMLSimpleApplication@6b641df
----------------- Done invoking toplevel() on ptolemy.moml.MoMLSimpleApplication@6b641df
reloadAllAccessors: .ReadURL
-------------- Reloaded accessors, but skipping rerun for now. Mon Jun 11 23:52:35 UTC 2018 /home/travis/build/icyphy/ptII/org/terraswarm/accessor/test/auto/ReadURL.xml

===========================================================================================
----------------- testing Mon Jun 11 23:52:35 UTC 2018 /home/travis/build/icyphy/ptII/org/terraswarm/accessor/test/auto/SendNullToOwnInput.xml
----------------- Instantiating /home/travis/build/icyphy/ptII/org/terraswarm/accessor/test/auto/SendNullToOwnInput.xml
1746 ms. Memory: 1825792K Free: 1474414K (81%)
----------------- Invoking toplevel() on ptolemy.moml.MoMLSimpleApplication@5f2ee62e
----------------- Done invoking toplevel() on ptolemy.moml.MoMLSimpleApplication@5f2ee62e
reloadAllAccessors: .SendNullToOwnInput
-------------- Reloaded accessors, but skipping rerun for now. Mon Jun 11 23:52:38 UTC 2018 /home/travis/build/icyphy/ptII/org/terraswarm/accessor/test/auto/SendNullToOwnInput.xml

===========================================================================================
----------------- testing Mon Jun 11 23:52:38 UTC 2018 /home/travis/build/icyphy/ptII/org/terraswarm/accessor/test/auto/Stop.xml
----------------- Instantiating /home/travis/build/icyphy/ptII/org/terraswarm/accessor/test/auto/Stop.xml
TextDisplayHelper: 0
TextDisplayHelper: 1
TextDisplayHelper: 2
TextDisplayHelper: 3
7400 ms. Memory: 1850880K Free: 1661712K (90%)
----------------- Invoking toplevel() on ptolemy.moml.MoMLSimpleApplication@2e82e761
----------------- Done invoking toplevel() on ptolemy.moml.MoMLSimpleApplication@2e82e761
reloadAllAccessors: .Stop
-------------- Reloaded accessors, but skipping rerun for now. Mon Jun 11 23:52:48 UTC 2018 /home/travis/build/icyphy/ptII/org/terraswarm/accessor/test/auto/Stop.xml

===========================================================================================
----------------- testing Mon Jun 11 23:52:48 UTC 2018 /home/travis/build/icyphy/ptII/org/terraswarm/accessor/test/auto/Stop2.xml
----------------- Instantiating /home/travis/build/icyphy/ptII/org/terraswarm/accessor/test/auto/Stop2.xml
2623 ms. Memory: 1850880K Free: 1094797K (59%)
----------------- Invoking toplevel() on ptolemy.moml.MoMLSimpleApplication@48522e99
----------------- Done invoking toplevel() on ptolemy.moml.MoMLSimpleApplication@48522e99
reloadAllAccessors: .Stop2
-------------- Reloaded accessors, but skipping rerun for now. Mon Jun 11 23:52:51 UTC 2018 /home/travis/build/icyphy/ptII/org/terraswarm/accessor/test/auto/Stop2.xml
AutoTests.java: About to close Vertx.
AutoTests.java: Vertx closed.
]]></system-out>
  <system-err><![CDATA[WARNING: CallbackWithSuppress: Model stopped before executing actions (e.g. producing outputs) scheduled for execution at times [21.0]
WARNING: HandlerWithSuppress: Model stopped before executing actions (e.g. producing outputs) scheduled for execution at times [21.0]
WARNING: TestSpontaneous: Model stopped before executing actions (e.g. producing outputs) scheduled for execution at times [5.0]
]]></system-err>
</testsuite>
