<?xml version="1.0" encoding="UTF-8" ?>
<testsuite errors="0" failures="0" hostname="travis-job-93a40d9c-8040-4933-bce5-fbc6938bd975" name="ptolemy.domains.continuous.test.junit.JUnitTclTest" skipped="0" tests="156" time="69.818" timestamp="2020-03-29T13:34:57">
  <properties>
[...]
</properties>
  <testcase classname="ptolemy.util.test.junit.TclTests" name="[0] ThereAreNoTclTests (RunTclFile)" time="0.008" />
  <testcase classname="ptolemy.util.test.junit.AutoKnownFailedTests" name="[0] ThereAreNoKnowFailedTests (RunModel)" time="0.002" />
  <testcase classname="ptolemy.util.test.junit.AutoNameArchTests" name="[0] ThereAreNoAutoArchTests (RunModel)" time="0.024" />
  <testcase classname="ptolemy.util.test.junit.AutoTests" name="[0] /home/travis/build/icyphy/ptII/ptolemy/domains/continuous/test/auto/BouncingBall.xml (RunModel)" time="2.936" />
  <testcase classname="ptolemy.util.test.junit.AutoTests" name="[1] /home/travis/build/icyphy/ptII/ptolemy/domains/continuous/test/auto/BouncingBallWithoutGR.xml (RunModel)" time="0.964" />
  <testcase classname="ptolemy.util.test.junit.AutoTests" name="[2] /home/travis/build/icyphy/ptII/ptolemy/domains/continuous/test/auto/Brownian.xml (RunModel)" time="0.11" />
  <testcase classname="ptolemy.util.test.junit.AutoTests" name="[3] /home/travis/build/icyphy/ptII/ptolemy/domains/continuous/test/auto/CarTracking.xml (RunModel)" time="3.992" />
  <testcase classname="ptolemy.util.test.junit.AutoTests" name="[4] /home/travis/build/icyphy/ptII/ptolemy/domains/continuous/test/auto/CartPendulum.xml (RunModel)" time="0.499" />
  <testcase classname="ptolemy.util.test.junit.AutoTests" name="[5] /home/travis/build/icyphy/ptII/ptolemy/domains/continuous/test/auto/CausalityInterface10.xml (RunModel)" time="0.049" />
  <testcase classname="ptolemy.util.test.junit.AutoTests" name="[6] /home/travis/build/icyphy/ptII/ptolemy/domains/continuous/test/auto/CausalityInterface11.xml (RunModel)" time="0.021" />
  <testcase classname="ptolemy.util.test.junit.AutoTests" name="[7] /home/travis/build/icyphy/ptII/ptolemy/domains/continuous/test/auto/CausalityInterface12.xml (RunModel)" time="0.047" />
  <testcase classname="ptolemy.util.test.junit.AutoTests" name="[8] /home/travis/build/icyphy/ptII/ptolemy/domains/continuous/test/auto/CausalityInterface13.xml (RunModel)" time="0.038" />
  <testcase classname="ptolemy.util.test.junit.AutoTests" name="[9] /home/travis/build/icyphy/ptII/ptolemy/domains/continuous/test/auto/CausalityInterface14.xml (RunModel)" time="0.024" />
  <testcase classname="ptolemy.util.test.junit.AutoTests" name="[10] /home/travis/build/icyphy/ptII/ptolemy/domains/continuous/test/auto/CausalityInterface4.xml (RunModel)" time="0.024" />
  <testcase classname="ptolemy.util.test.junit.AutoTests" name="[11] /home/travis/build/icyphy/ptII/ptolemy/domains/continuous/test/auto/CausalityInterface5.xml (RunModel)" time="0.031" />
  <testcase classname="ptolemy.util.test.junit.AutoTests" name="[12] /home/travis/build/icyphy/ptII/ptolemy/domains/continuous/test/auto/CausalityInterface6.xml (RunModel)" time="0.026" />
  <testcase classname="ptolemy.util.test.junit.AutoTests" name="[13] /home/travis/build/icyphy/ptII/ptolemy/domains/continuous/test/auto/CausalityInterface7.xml (RunModel)" time="0.042" />
  <testcase classname="ptolemy.util.test.junit.AutoTests" name="[14] /home/travis/build/icyphy/ptII/ptolemy/domains/continuous/test/auto/CausalityInterface8.xml (RunModel)" time="0.033" />
  <testcase classname="ptolemy.util.test.junit.AutoTests" name="[15] /home/travis/build/icyphy/ptII/ptolemy/domains/continuous/test/auto/CausalityInterface9.xml (RunModel)" time="0.053" />
  <testcase classname="ptolemy.util.test.junit.AutoTests" name="[16] /home/travis/build/icyphy/ptII/ptolemy/domains/continuous/test/auto/CausalityInterfaceFeedback1.xml (RunModel)" time="0.024" />
  <testcase classname="ptolemy.util.test.junit.AutoTests" name="[17] /home/travis/build/icyphy/ptII/ptolemy/domains/continuous/test/auto/CausalityInterfaceFeedback2.xml (RunModel)" time="0.035" />
  <testcase classname="ptolemy.util.test.junit.AutoTests" name="[18] /home/travis/build/icyphy/ptII/ptolemy/domains/continuous/test/auto/CompareWithCurrentTime.xml (RunModel)" time="0.013" />
  <testcase classname="ptolemy.util.test.junit.AutoTests" name="[19] /home/travis/build/icyphy/ptII/ptolemy/domains/continuous/test/auto/ComparedClocks.xml (RunModel)" time="0.053" />
  <testcase classname="ptolemy.util.test.junit.AutoTests" name="[20] /home/travis/build/icyphy/ptII/ptolemy/domains/continuous/test/auto/ContinuousAOCClone.xml (RunModel)" time="2.489" />
  <testcase classname="ptolemy.util.test.junit.AutoTests" name="[21] /home/travis/build/icyphy/ptII/ptolemy/domains/continuous/test/auto/ContinuousClock.xml (RunModel)" time="0.106" />
  <testcase classname="ptolemy.util.test.junit.AutoTests" name="[22] /home/travis/build/icyphy/ptII/ptolemy/domains/continuous/test/auto/ContinuousInContinuous.xml (RunModel)" time="0.089" />
  <testcase classname="ptolemy.util.test.junit.AutoTests" name="[23] /home/travis/build/icyphy/ptII/ptolemy/domains/continuous/test/auto/ContinuousInContinuousInContinuous.xml (RunModel)" time="0.025" />
  <testcase classname="ptolemy.util.test.junit.AutoTests" name="[24] /home/travis/build/icyphy/ptII/ptolemy/domains/continuous/test/auto/ContinuousInDE.xml (RunModel)" time="0.102" />
  <testcase classname="ptolemy.util.test.junit.AutoTests" name="[25] /home/travis/build/icyphy/ptII/ptolemy/domains/continuous/test/auto/ContinuousInDE2.xml (RunModel)" time="0.042" />
  <testcase classname="ptolemy.util.test.junit.AutoTests" name="[26] /home/travis/build/icyphy/ptII/ptolemy/domains/continuous/test/auto/ContinuousInDE3.xml (RunModel)" time="0.055" />
  <testcase classname="ptolemy.util.test.junit.AutoTests" name="[27] /home/travis/build/icyphy/ptII/ptolemy/domains/continuous/test/auto/ContinuousInDE4.xml (RunModel)" time="0.037" />
  <testcase classname="ptolemy.util.test.junit.AutoTests" name="[28] /home/travis/build/icyphy/ptII/ptolemy/domains/continuous/test/auto/ContinuousInDEDifferentRefinements.xml (RunModel)" time="0.11" />
  <testcase classname="ptolemy.util.test.junit.AutoTests" name="[29] /home/travis/build/icyphy/ptII/ptolemy/domains/continuous/test/auto/ContinuousInDEDifferentRefinementsPreemptive.xml (RunModel)" time="0.083" />
  <testcase classname="ptolemy.util.test.junit.AutoTests" name="[30] /home/travis/build/icyphy/ptII/ptolemy/domains/continuous/test/auto/ContinuousInDEInContinuous2.xml (RunModel)" time="0.055" />
  <testcase classname="ptolemy.util.test.junit.AutoTests" name="[31] /home/travis/build/icyphy/ptII/ptolemy/domains/continuous/test/auto/ContinuousInDEInContinuous3.xml (RunModel)" time="0.059" />
  <testcase classname="ptolemy.util.test.junit.AutoTests" name="[32] /home/travis/build/icyphy/ptII/ptolemy/domains/continuous/test/auto/ContinuousInDEInput.xml (RunModel)" time="0.037" />
  <testcase classname="ptolemy.util.test.junit.AutoTests" name="[33] /home/travis/build/icyphy/ptII/ptolemy/domains/continuous/test/auto/ContinuousInDEInput2.xml (RunModel)" time="0.041" />
  <testcase classname="ptolemy.util.test.junit.AutoTests" name="[34] /home/travis/build/icyphy/ptII/ptolemy/domains/continuous/test/auto/ContinuousInDEInput3.xml (RunModel)" time="0.034" />
  <testcase classname="ptolemy.util.test.junit.AutoTests" name="[35] /home/travis/build/icyphy/ptII/ptolemy/domains/continuous/test/auto/ContinuousInDESharingRefinement.xml (RunModel)" time="0.212" />
  <testcase classname="ptolemy.util.test.junit.AutoTests" name="[36] /home/travis/build/icyphy/ptII/ptolemy/domains/continuous/test/auto/ContinuousInDEwithNoPorts.xml (RunModel)" time="0.017" />
  <testcase classname="ptolemy.util.test.junit.AutoTests" name="[37] /home/travis/build/icyphy/ptII/ptolemy/domains/continuous/test/auto/ContinuousInsideDE.xml (RunModel)" time="0.095" />
  <testcase classname="ptolemy.util.test.junit.AutoTests" name="[38] /home/travis/build/icyphy/ptII/ptolemy/domains/continuous/test/auto/ContinuousMerge1.xml (RunModel)" time="0.018" />
  <testcase classname="ptolemy.util.test.junit.AutoTests" name="[39] /home/travis/build/icyphy/ptII/ptolemy/domains/continuous/test/auto/ContinuousMerge2.xml (RunModel)" time="0.049" />
  <testcase classname="ptolemy.util.test.junit.AutoTests" name="[40] /home/travis/build/icyphy/ptII/ptolemy/domains/continuous/test/auto/ContinuousMerge3.xml (RunModel)" time="0.08" />
  <testcase classname="ptolemy.util.test.junit.AutoTests" name="[41] /home/travis/build/icyphy/ptII/ptolemy/domains/continuous/test/auto/ContinuousWithinContinuous.xml (RunModel)" time="0.049" />
  <testcase classname="ptolemy.util.test.junit.AutoTests" name="[42] /home/travis/build/icyphy/ptII/ptolemy/domains/continuous/test/auto/ContinuousWithinContinuous2.xml (RunModel)" time="0.076" />
  <testcase classname="ptolemy.util.test.junit.AutoTests" name="[43] /home/travis/build/icyphy/ptII/ptolemy/domains/continuous/test/auto/ContinuousWithinContinuous3.xml (RunModel)" time="0.035" />
  <testcase classname="ptolemy.util.test.junit.AutoTests" name="[44] /home/travis/build/icyphy/ptII/ptolemy/domains/continuous/test/auto/ContinuousWithinContinuous4.xml (RunModel)" time="0.083" />
  <testcase classname="ptolemy.util.test.junit.AutoTests" name="[45] /home/travis/build/icyphy/ptII/ptolemy/domains/continuous/test/auto/ContinuousWithinContinuous5.xml (RunModel)" time="0.026" />
  <testcase classname="ptolemy.util.test.junit.AutoTests" name="[46] /home/travis/build/icyphy/ptII/ptolemy/domains/continuous/test/auto/ContinuousWithinContinuous6.xml (RunModel)" time="0.031" />
  <testcase classname="ptolemy.util.test.junit.AutoTests" name="[47] /home/travis/build/icyphy/ptII/ptolemy/domains/continuous/test/auto/ContinuousWithinContinuous7.xml (RunModel)" time="0.077" />
  <testcase classname="ptolemy.util.test.junit.AutoTests" name="[48] /home/travis/build/icyphy/ptII/ptolemy/domains/continuous/test/auto/DCMotor.xml (RunModel)" time="12.066" />
  <testcase classname="ptolemy.util.test.junit.AutoTests" name="[49] /home/travis/build/icyphy/ptII/ptolemy/domains/continuous/test/auto/DEInContinuous.xml (RunModel)" time="0.023" />
  <testcase classname="ptolemy.util.test.junit.AutoTests" name="[50] /home/travis/build/icyphy/ptII/ptolemy/domains/continuous/test/auto/DEinContinuous2.xml (RunModel)" time="0.028" />
  <testcase classname="ptolemy.util.test.junit.AutoTests" name="[51] /home/travis/build/icyphy/ptII/ptolemy/domains/continuous/test/auto/Derivative.xml (RunModel)" time="0.151" />
  <testcase classname="ptolemy.util.test.junit.AutoTests" name="[52] /home/travis/build/icyphy/ptII/ptolemy/domains/continuous/test/auto/Derivative1.xml (RunModel)" time="0.034" />
  <testcase classname="ptolemy.util.test.junit.AutoTests" name="[53] /home/travis/build/icyphy/ptII/ptolemy/domains/continuous/test/auto/DiscreteClock.xml (RunModel)" time="0.011" />
  <testcase classname="ptolemy.util.test.junit.AutoTests" name="[54] /home/travis/build/icyphy/ptII/ptolemy/domains/continuous/test/auto/EfficiencyCurve.xml (RunModel)" time="0.066" />
  <testcase classname="ptolemy.util.test.junit.AutoTests" name="[55] /home/travis/build/icyphy/ptII/ptolemy/domains/continuous/test/auto/ExponentialResponse.xml (RunModel)" time="0.137" />
  <testcase classname="ptolemy.util.test.junit.AutoTests" name="[56] /home/travis/build/icyphy/ptII/ptolemy/domains/continuous/test/auto/ExponentialResponseRK45.xml (RunModel)" time="0.036" />
  <testcase classname="ptolemy.util.test.junit.AutoTests" name="[57] /home/travis/build/icyphy/ptII/ptolemy/domains/continuous/test/auto/Friction.xml (RunModel)" time="1.727" />
  <testcase classname="ptolemy.util.test.junit.AutoTests" name="[58] /home/travis/build/icyphy/ptII/ptolemy/domains/continuous/test/auto/FurutaPendulum.xml (RunModel)" time="3.095" />
  <testcase classname="ptolemy.util.test.junit.AutoTests" name="[59] /home/travis/build/icyphy/ptII/ptolemy/domains/continuous/test/auto/HierarchicalExecution.xml (RunModel)" time="2.027" />
  <testcase classname="ptolemy.util.test.junit.AutoTests" name="[60] /home/travis/build/icyphy/ptII/ptolemy/domains/continuous/test/auto/HybridPlant.xml (RunModel)" time="0.65" />
  <testcase classname="ptolemy.util.test.junit.AutoTests" name="[61] /home/travis/build/icyphy/ptII/ptolemy/domains/continuous/test/auto/Hysteresis.xml (RunModel)" time="0.174" />
  <testcase classname="ptolemy.util.test.junit.AutoTests" name="[62] /home/travis/build/icyphy/ptII/ptolemy/domains/continuous/test/auto/HysteresisWithRandomDelay.xml (RunModel)" time="0.232" />
  <testcase classname="ptolemy.util.test.junit.AutoTests" name="[63] /home/travis/build/icyphy/ptII/ptolemy/domains/continuous/test/auto/HysteresisWithRandomLosses.xml (RunModel)" time="2.264" />
  <testcase classname="ptolemy.util.test.junit.AutoTests" name="[64] /home/travis/build/icyphy/ptII/ptolemy/domains/continuous/test/auto/ImmediateTransitions.xml (RunModel)" time="0.026" />
  <testcase classname="ptolemy.util.test.junit.AutoTests" name="[65] /home/travis/build/icyphy/ptII/ptolemy/domains/continuous/test/auto/ImpulseFeedback.xml (RunModel)" time="0.014" />
  <testcase classname="ptolemy.util.test.junit.AutoTests" name="[66] /home/travis/build/icyphy/ptII/ptolemy/domains/continuous/test/auto/ImpulseFeedback2.xml (RunModel)" time="0.013" />
  <testcase classname="ptolemy.util.test.junit.AutoTests" name="[67] /home/travis/build/icyphy/ptII/ptolemy/domains/continuous/test/auto/IncreasingRatePoisson.xml (RunModel)" time="0.663" />
  <testcase classname="ptolemy.util.test.junit.AutoTests" name="[68] /home/travis/build/icyphy/ptII/ptolemy/domains/continuous/test/auto/InitialStateFeedback.xml (RunModel)" time="0.014" />
  <testcase classname="ptolemy.util.test.junit.AutoTests" name="[69] /home/travis/build/icyphy/ptII/ptolemy/domains/continuous/test/auto/Integration.xml (RunModel)" time="0.014" />
  <testcase classname="ptolemy.util.test.junit.AutoTests" name="[70] /home/travis/build/icyphy/ptII/ptolemy/domains/continuous/test/auto/Integration2.xml (RunModel)" time="0.093" />
  <testcase classname="ptolemy.util.test.junit.AutoTests" name="[71] /home/travis/build/icyphy/ptII/ptolemy/domains/continuous/test/auto/Integration3.xml (RunModel)" time="0.013" />
  <testcase classname="ptolemy.util.test.junit.AutoTests" name="[72] /home/travis/build/icyphy/ptII/ptolemy/domains/continuous/test/auto/Integration5.xml (RunModel)" time="0.011" />
  <testcase classname="ptolemy.util.test.junit.AutoTests" name="[73] /home/travis/build/icyphy/ptII/ptolemy/domains/continuous/test/auto/IntegratorImpulse.xml (RunModel)" time="0.009" />
  <testcase classname="ptolemy.util.test.junit.AutoTests" name="[74] /home/travis/build/icyphy/ptII/ptolemy/domains/continuous/test/auto/IntegratorImpulse2.xml (RunModel)" time="0.014" />
  <testcase classname="ptolemy.util.test.junit.AutoTests" name="[75] /home/travis/build/icyphy/ptII/ptolemy/domains/continuous/test/auto/LevelCrossing1.xml (RunModel)" time="0.01" />
  <testcase classname="ptolemy.util.test.junit.AutoTests" name="[76] /home/travis/build/icyphy/ptII/ptolemy/domains/continuous/test/auto/LevelCrossing2.xml (RunModel)" time="0.011" />
  <testcase classname="ptolemy.util.test.junit.AutoTests" name="[77] /home/travis/build/icyphy/ptII/ptolemy/domains/continuous/test/auto/LevelCrossing3.xml (RunModel)" time="0.01" />
  <testcase classname="ptolemy.util.test.junit.AutoTests" name="[78] /home/travis/build/icyphy/ptII/ptolemy/domains/continuous/test/auto/LevelCrossing4.xml (RunModel)" time="0.013" />
  <testcase classname="ptolemy.util.test.junit.AutoTests" name="[79] /home/travis/build/icyphy/ptII/ptolemy/domains/continuous/test/auto/LevelCrossing5.xml (RunModel)" time="0.012" />
  <testcase classname="ptolemy.util.test.junit.AutoTests" name="[80] /home/travis/build/icyphy/ptII/ptolemy/domains/continuous/test/auto/LevelCrossing6.xml (RunModel)" time="0.011" />
  <testcase classname="ptolemy.util.test.junit.AutoTests" name="[81] /home/travis/build/icyphy/ptII/ptolemy/domains/continuous/test/auto/LevelCrossingDetector.xml (RunModel)" time="0.032" />
  <testcase classname="ptolemy.util.test.junit.AutoTests" name="[82] /home/travis/build/icyphy/ptII/ptolemy/domains/continuous/test/auto/LevelCrossingDetectorDetectingDirections.xml (RunModel)" time="0.078" />
  <testcase classname="ptolemy.util.test.junit.AutoTests" name="[83] /home/travis/build/icyphy/ptII/ptolemy/domains/continuous/test/auto/LevelCrossingDetectorDetectsGlitches.xml (RunModel)" time="0.061" />
  <testcase classname="ptolemy.util.test.junit.AutoTests" name="[84] /home/travis/build/icyphy/ptII/ptolemy/domains/continuous/test/auto/LevelCrossingNoInitialOuput.xml (RunModel)" time="0.014" />
  <testcase classname="ptolemy.util.test.junit.AutoTests" name="[85] /home/travis/build/icyphy/ptII/ptolemy/domains/continuous/test/auto/LinearStateSpaceExample.xml (RunModel)" time="0.068" />
  <testcase classname="ptolemy.util.test.junit.AutoTests" name="[86] /home/travis/build/icyphy/ptII/ptolemy/domains/continuous/test/auto/Lorenz.xml (RunModel)" time="3.803" />
  <testcase classname="ptolemy.util.test.junit.AutoTests" name="[87] /home/travis/build/icyphy/ptII/ptolemy/domains/continuous/test/auto/LorenzDifferentialSystem.xml (RunModel)" time="1.005" />
  <testcase classname="ptolemy.util.test.junit.AutoTests" name="[88] /home/travis/build/icyphy/ptII/ptolemy/domains/continuous/test/auto/LorenzDifferentialSystemWithInput.xml (RunModel)" time="1.227" />
  <testcase classname="ptolemy.util.test.junit.AutoTests" name="[89] /home/travis/build/icyphy/ptII/ptolemy/domains/continuous/test/auto/LorenzDifferentialSystemWithTime.xml (RunModel)" time="0.605" />
  <testcase classname="ptolemy.util.test.junit.AutoTests" name="[90] /home/travis/build/icyphy/ptII/ptolemy/domains/continuous/test/auto/Microsteps.xml (RunModel)" time="0.026" />
  <testcase classname="ptolemy.util.test.junit.AutoTests" name="[91] /home/travis/build/icyphy/ptII/ptolemy/domains/continuous/test/auto/Modal1.xml (RunModel)" time="0.042" />
  <testcase classname="ptolemy.util.test.junit.AutoTests" name="[92] /home/travis/build/icyphy/ptII/ptolemy/domains/continuous/test/auto/Modal2.xml (RunModel)" time="0.054" />
  <testcase classname="ptolemy.util.test.junit.AutoTests" name="[93] /home/travis/build/icyphy/ptII/ptolemy/domains/continuous/test/auto/ModalTransitionGuardWithReset.xml (RunModel)" time="0.022" />
  <testcase classname="ptolemy.util.test.junit.AutoTests" name="[94] /home/travis/build/icyphy/ptII/ptolemy/domains/continuous/test/auto/ModalTransitionGuardWithResetUsingPreemptiveTransition.xml (RunModel)" time="0.026" />
  <testcase classname="ptolemy.util.test.junit.AutoTests" name="[95] /home/travis/build/icyphy/ptII/ptolemy/domains/continuous/test/auto/ModalTransitionGuardWithResetUsingPreemptiveTransition2.xml (RunModel)" time="0.025" />
  <testcase classname="ptolemy.util.test.junit.AutoTests" name="[96] /home/travis/build/icyphy/ptII/ptolemy/domains/continuous/test/auto/ModalTransitionGuardWithResetUsingPreemptiveTransition3.xml (RunModel)" time="0.023" />
  <testcase classname="ptolemy.util.test.junit.AutoTests" name="[97] /home/travis/build/icyphy/ptII/ptolemy/domains/continuous/test/auto/NewtonsCradle.xml (RunModel)" time="0.77" />
  <testcase classname="ptolemy.util.test.junit.AutoTests" name="[98] /home/travis/build/icyphy/ptII/ptolemy/domains/continuous/test/auto/NewtonsCradleAnimated.xml (RunModel)" time="1.225" />
  <testcase classname="ptolemy.util.test.junit.AutoTests" name="[99] /home/travis/build/icyphy/ptII/ptolemy/domains/continuous/test/auto/NewtonsCradleComplicated.xml (RunModel)" time="0.872" />
  <testcase classname="ptolemy.util.test.junit.AutoTests" name="[100] /home/travis/build/icyphy/ptII/ptolemy/domains/continuous/test/auto/NewtonsCradleNondeterministic.xml (RunModel)" time="0.693" />
  <testcase classname="ptolemy.util.test.junit.AutoTests" name="[101] /home/travis/build/icyphy/ptII/ptolemy/domains/continuous/test/auto/NewtonsCradlePerfectlyInelastic1.xml (RunModel)" time="1.22" />
  <testcase classname="ptolemy.util.test.junit.AutoTests" name="[102] /home/travis/build/icyphy/ptII/ptolemy/domains/continuous/test/auto/Noise.xml (RunModel)" time="0.17" />
  <testcase classname="ptolemy.util.test.junit.AutoTests" name="[103] /home/travis/build/icyphy/ptII/ptolemy/domains/continuous/test/auto/NoiseSpectrum.xml (RunModel)" time="0.67" />
  <testcase classname="ptolemy.util.test.junit.AutoTests" name="[104] /home/travis/build/icyphy/ptII/ptolemy/domains/continuous/test/auto/ParameterizedNewtonsCradleAnimated.xml (RunModel)" time="0.316" />
  <testcase classname="ptolemy.util.test.junit.AutoTests" name="[105] /home/travis/build/icyphy/ptII/ptolemy/domains/continuous/test/auto/ParameterizedNewtonsCradleAnimatedNondeterministic.xml (RunModel)" time="1.103" />
  <testcase classname="ptolemy.util.test.junit.AutoTests" name="[106] /home/travis/build/icyphy/ptII/ptolemy/domains/continuous/test/auto/Pendulum3D.xml (RunModel)" time="0.164" />
  <testcase classname="ptolemy.util.test.junit.AutoTests" name="[107] /home/travis/build/icyphy/ptII/ptolemy/domains/continuous/test/auto/PeriodicSampler.xml (RunModel)" time="0.015" />
  <testcase classname="ptolemy.util.test.junit.AutoTests" name="[108] /home/travis/build/icyphy/ptII/ptolemy/domains/continuous/test/auto/PeriodicSampler1.xml (RunModel)" time="0.037" />
  <testcase classname="ptolemy.util.test.junit.AutoTests" name="[109] /home/travis/build/icyphy/ptII/ptolemy/domains/continuous/test/auto/PeriodicSampler2.xml (RunModel)" time="0.077" />
  <testcase classname="ptolemy.util.test.junit.AutoTests" name="[110] /home/travis/build/icyphy/ptII/ptolemy/domains/continuous/test/auto/Poisson.xml (RunModel)" time="0.434" />
  <testcase classname="ptolemy.util.test.junit.AutoTests" name="[111] /home/travis/build/icyphy/ptII/ptolemy/domains/continuous/test/auto/PoissonClock.xml (RunModel)" time="0.011" />
  <testcase classname="ptolemy.util.test.junit.AutoTests" name="[112] /home/travis/build/icyphy/ptII/ptolemy/domains/continuous/test/auto/PoissonClock2.xml (RunModel)" time="0.01" />
  <testcase classname="ptolemy.util.test.junit.AutoTests" name="[113] /home/travis/build/icyphy/ptII/ptolemy/domains/continuous/test/auto/PortParameterHierarchy.xml (RunModel)" time="0.024" />
  <testcase classname="ptolemy.util.test.junit.AutoTests" name="[114] /home/travis/build/icyphy/ptII/ptolemy/domains/continuous/test/auto/RandomHybridPlant.xml (RunModel)" time="0.536" />
  <testcase classname="ptolemy.util.test.junit.AutoTests" name="[115] /home/travis/build/icyphy/ptII/ptolemy/domains/continuous/test/auto/ResetTransitionWithStartTime1.xml (RunModel)" time="0.03" />
  <testcase classname="ptolemy.util.test.junit.AutoTests" name="[116] /home/travis/build/icyphy/ptII/ptolemy/domains/continuous/test/auto/ResetTransitionWithStartTime2.xml (RunModel)" time="0.033" />
  <testcase classname="ptolemy.util.test.junit.AutoTests" name="[117] /home/travis/build/icyphy/ptII/ptolemy/domains/continuous/test/auto/ResetTransitionWithStartTime3.xml (RunModel)" time="0.045" />
  <testcase classname="ptolemy.util.test.junit.AutoTests" name="[118] /home/travis/build/icyphy/ptII/ptolemy/domains/continuous/test/auto/ResetTransitionWithStartTime4.xml (RunModel)" time="0.024" />
  <testcase classname="ptolemy.util.test.junit.AutoTests" name="[119] /home/travis/build/icyphy/ptII/ptolemy/domains/continuous/test/auto/ResetTransitionWithStartTime5.xml (RunModel)" time="0.033" />
  <testcase classname="ptolemy.util.test.junit.AutoTests" name="[120] /home/travis/build/icyphy/ptII/ptolemy/domains/continuous/test/auto/ResetTransitionWithStartTime6.xml (RunModel)" time="0.027" />
  <testcase classname="ptolemy.util.test.junit.AutoTests" name="[121] /home/travis/build/icyphy/ptII/ptolemy/domains/continuous/test/auto/SRinContinuous.xml (RunModel)" time="0.025" />
  <testcase classname="ptolemy.util.test.junit.AutoTests" name="[122] /home/travis/build/icyphy/ptII/ptolemy/domains/continuous/test/auto/SampledClocks.xml (RunModel)" time="0.03" />
  <testcase classname="ptolemy.util.test.junit.AutoTests" name="[123] /home/travis/build/icyphy/ptII/ptolemy/domains/continuous/test/auto/Satellite.xml (RunModel)" time="0.742" />
  <testcase classname="ptolemy.util.test.junit.AutoTests" name="[124] /home/travis/build/icyphy/ptII/ptolemy/domains/continuous/test/auto/SigmaDelta.xml (RunModel)" time="1.917" />
  <testcase classname="ptolemy.util.test.junit.AutoTests" name="[125] /home/travis/build/icyphy/ptII/ptolemy/domains/continuous/test/auto/SingleRefinement.xml (RunModel)" time="0.424" />
  <testcase classname="ptolemy.util.test.junit.AutoTests" name="[126] /home/travis/build/icyphy/ptII/ptolemy/domains/continuous/test/auto/SinuBouncingBall.xml (RunModel)" time="0.835" />
  <testcase classname="ptolemy.util.test.junit.AutoTests" name="[127] /home/travis/build/icyphy/ptII/ptolemy/domains/continuous/test/auto/Sinusoid.xml (RunModel)" time="0.013" />
  <testcase classname="ptolemy.util.test.junit.AutoTests" name="[128] /home/travis/build/icyphy/ptII/ptolemy/domains/continuous/test/auto/SinusoidInNoise.xml (RunModel)" time="0.729" />
  <testcase classname="ptolemy.util.test.junit.AutoTests" name="[129] /home/travis/build/icyphy/ptII/ptolemy/domains/continuous/test/auto/SinusoidRK45.xml (RunModel)" time="0.011" />
  <testcase classname="ptolemy.util.test.junit.AutoTests" name="[130] /home/travis/build/icyphy/ptII/ptolemy/domains/continuous/test/auto/SinusoidWithMultipleImpulses.xml (RunModel)" time="0.013" />
  <testcase classname="ptolemy.util.test.junit.AutoTests" name="[131] /home/travis/build/icyphy/ptII/ptolemy/domains/continuous/test/auto/SquareWave.xml (RunModel)" time="0.17" />
  <testcase classname="ptolemy.util.test.junit.AutoTests" name="[132] /home/travis/build/icyphy/ptII/ptolemy/domains/continuous/test/auto/Starmac.xml (RunModel)" time="3.368" />
  <testcase classname="ptolemy.util.test.junit.AutoTests" name="[133] /home/travis/build/icyphy/ptII/ptolemy/domains/continuous/test/auto/StaticUnits.xml (RunModel)" time="2.525" />
  <testcase classname="ptolemy.util.test.junit.AutoTests" name="[134] /home/travis/build/icyphy/ptII/ptolemy/domains/continuous/test/auto/StickyMasses.xml (RunModel)" time="0.183" />
  <testcase classname="ptolemy.util.test.junit.AutoTests" name="[135] /home/travis/build/icyphy/ptII/ptolemy/domains/continuous/test/auto/StopTime.xml (RunModel)" time="0.056" />
  <testcase classname="ptolemy.util.test.junit.AutoTests" name="[136] /home/travis/build/icyphy/ptII/ptolemy/domains/continuous/test/auto/StopTime2.xml (RunModel)" time="0.051" />
  <testcase classname="ptolemy.util.test.junit.AutoTests" name="[137] /home/travis/build/icyphy/ptII/ptolemy/domains/continuous/test/auto/Switch.xml (RunModel)" time="0.058" />
  <testcase classname="ptolemy.util.test.junit.AutoTests" name="[138] /home/travis/build/icyphy/ptII/ptolemy/domains/continuous/test/auto/Thermostat.xml (RunModel)" time="0.217" />
  <testcase classname="ptolemy.util.test.junit.AutoTests" name="[139] /home/travis/build/icyphy/ptII/ptolemy/domains/continuous/test/auto/TimeDelay.xml (RunModel)" time="0.017" />
  <testcase classname="ptolemy.util.test.junit.AutoTests" name="[140] /home/travis/build/icyphy/ptII/ptolemy/domains/continuous/test/auto/TimeDelay2.xml (RunModel)" time="0.024" />
  <testcase classname="ptolemy.util.test.junit.AutoTests" name="[141] /home/travis/build/icyphy/ptII/ptolemy/domains/continuous/test/auto/TimeDelay3.xml (RunModel)" time="0.015" />
  <testcase classname="ptolemy.util.test.junit.AutoTests" name="[142] /home/travis/build/icyphy/ptII/ptolemy/domains/continuous/test/auto/TransferAbsentToInside.xml (RunModel)" time="0.1" />
  <testcase classname="ptolemy.util.test.junit.AutoTests" name="[143] /home/travis/build/icyphy/ptII/ptolemy/domains/continuous/test/auto/Transmission.xml (RunModel)" time="0.763" />
  <testcase classname="ptolemy.util.test.junit.AutoTests" name="[144] /home/travis/build/icyphy/ptII/ptolemy/domains/continuous/test/auto/TriggeredContinuousClock.xml (RunModel)" time="0.076" />
  <testcase classname="ptolemy.util.test.junit.AutoTests" name="[145] /home/travis/build/icyphy/ptII/ptolemy/domains/continuous/test/auto/TwoMachineInfiniteBusControl.xml (RunModel)" time="2.848" />
  <testcase classname="ptolemy.util.test.junit.AutoTests" name="[146] /home/travis/build/icyphy/ptII/ptolemy/domains/continuous/test/auto/V2V.xml (RunModel)" time="0.831" />
  <testcase classname="ptolemy.util.test.junit.AutoTests" name="[147] /home/travis/build/icyphy/ptII/ptolemy/domains/continuous/test/auto/hierarchicalModalModel.xml (RunModel)" time="0.041" />
  <testcase classname="ptolemy.util.test.junit.AutoTests" name="[148] /home/travis/build/icyphy/ptII/ptolemy/domains/continuous/test/auto/hierarchicalModalModel1.xml (RunModel)" time="0.035" />
  <testcase classname="ptolemy.util.test.junit.AutoTests" name="[149] /home/travis/build/icyphy/ptII/ptolemy/domains/continuous/test/auto/hierarchicalModalModel2.xml (RunModel)" time="0.024" />
  <testcase classname="ptolemy.util.test.junit.AutoTests" name="[150] /home/travis/build/icyphy/ptII/ptolemy/domains/continuous/test/auto/hierarchicalModalModel3.xml (RunModel)" time="0.021" />
  <testcase classname="ptolemy.util.test.junit.AutoTests" name="[151] /home/travis/build/icyphy/ptII/ptolemy/domains/continuous/test/auto/hierarchicalModalModel4.xml (RunModel)" time="0.022" />
  <testcase classname="ptolemy.util.test.junit.AutoTests" name="[152] /home/travis/build/icyphy/ptII/ptolemy/domains/continuous/test/auto/junk.xml (RunModel)" time="0.137" />
  <system-out><![CDATA[No tcl tests in /home/travis/build/icyphy/ptII/ptolemy/domains/continuous/test
No auto/knownFailedTests/*.xml tests in /home/travis/build/icyphy/ptII/ptolemy/domains/continuous/test
No auto/linux-amd64/*.xml tests in /home/travis/build/icyphy/ptII/ptolemy/domains/continuous/test
AutoTests.java: About to close Vertx.
AutoTests.java: Vertx closed.

===========================================================================================
----------------- testing Sun Mar 29 13:34:58 UTC 2020 /home/travis/build/icyphy/ptII/ptolemy/domains/continuous/test/auto/BouncingBall.xml
----------------- Instantiating /home/travis/build/icyphy/ptII/ptolemy/domains/continuous/test/auto/BouncingBall.xml
2314 ms. Memory: 155648K Free: 61295K (39%)
----------------- Invoking toplevel() on ptolemy.moml.MoMLSimpleApplication@4244b7f
----------------- Done invoking toplevel() on ptolemy.moml.MoMLSimpleApplication@4244b7f
reloadAllAccessors: .BouncingBall

===========================================================================================
----------------- testing Sun Mar 29 13:35:01 UTC 2020 /home/travis/build/icyphy/ptII/ptolemy/domains/continuous/test/auto/BouncingBallWithoutGR.xml
----------------- Instantiating /home/travis/build/icyphy/ptII/ptolemy/domains/continuous/test/auto/BouncingBallWithoutGR.xml
808 ms. Memory: 187392K Free: 114539K (61%)
----------------- Invoking toplevel() on ptolemy.moml.MoMLSimpleApplication@48c5b7c4
----------------- Done invoking toplevel() on ptolemy.moml.MoMLSimpleApplication@48c5b7c4
reloadAllAccessors: .BouncingBallWithoutGR

===========================================================================================
----------------- testing Sun Mar 29 13:35:02 UTC 2020 /home/travis/build/icyphy/ptII/ptolemy/domains/continuous/test/auto/Brownian.xml
----------------- Instantiating /home/travis/build/icyphy/ptII/ptolemy/domains/continuous/test/auto/Brownian.xml
32 ms. Memory: 187392K Free: 105833K (56%)
----------------- Invoking toplevel() on ptolemy.moml.MoMLSimpleApplication@14332ee2
----------------- Done invoking toplevel() on ptolemy.moml.MoMLSimpleApplication@14332ee2
reloadAllAccessors: .Brownian

===========================================================================================
----------------- testing Sun Mar 29 13:35:02 UTC 2020 /home/travis/build/icyphy/ptII/ptolemy/domains/continuous/test/auto/CarTracking.xml
----------------- Instantiating /home/travis/build/icyphy/ptII/ptolemy/domains/continuous/test/auto/CarTracking.xml
3482 ms. Memory: 225280K Free: 116667K (52%)
----------------- Invoking toplevel() on ptolemy.moml.MoMLSimpleApplication@50c2761f
----------------- Done invoking toplevel() on ptolemy.moml.MoMLSimpleApplication@50c2761f
reloadAllAccessors: .CarTracking

===========================================================================================
----------------- testing Sun Mar 29 13:35:06 UTC 2020 /home/travis/build/icyphy/ptII/ptolemy/domains/continuous/test/auto/CartPendulum.xml
----------------- Instantiating /home/travis/build/icyphy/ptII/ptolemy/domains/continuous/test/auto/CartPendulum.xml
381 ms. Memory: 225280K Free: 157558K (70%)
----------------- Invoking toplevel() on ptolemy.moml.MoMLSimpleApplication@87bf074
----------------- Done invoking toplevel() on ptolemy.moml.MoMLSimpleApplication@87bf074
reloadAllAccessors: .CartPendulum

===========================================================================================
----------------- testing Sun Mar 29 13:35:06 UTC 2020 /home/travis/build/icyphy/ptII/ptolemy/domains/continuous/test/auto/CausalityInterface10.xml
----------------- Instantiating /home/travis/build/icyphy/ptII/ptolemy/domains/continuous/test/auto/CausalityInterface10.xml
5 ms. Memory: 225280K Free: 146698K (65%)
----------------- Invoking toplevel() on ptolemy.moml.MoMLSimpleApplication@7449cf69
----------------- Done invoking toplevel() on ptolemy.moml.MoMLSimpleApplication@7449cf69
reloadAllAccessors: .CausalityInterface10

===========================================================================================
----------------- testing Sun Mar 29 13:35:06 UTC 2020 /home/travis/build/icyphy/ptII/ptolemy/domains/continuous/test/auto/CausalityInterface11.xml
----------------- Instantiating /home/travis/build/icyphy/ptII/ptolemy/domains/continuous/test/auto/CausalityInterface11.xml
4 ms. Memory: 225280K Free: 140554K (62%)
----------------- Invoking toplevel() on ptolemy.moml.MoMLSimpleApplication@535ee096
----------------- Done invoking toplevel() on ptolemy.moml.MoMLSimpleApplication@535ee096
reloadAllAccessors: .CausalityInterface11

===========================================================================================
----------------- testing Sun Mar 29 13:35:06 UTC 2020 /home/travis/build/icyphy/ptII/ptolemy/domains/continuous/test/auto/CausalityInterface12.xml
----------------- Instantiating /home/travis/build/icyphy/ptII/ptolemy/domains/continuous/test/auto/CausalityInterface12.xml
4 ms. Memory: 225280K Free: 134410K (60%)
----------------- Invoking toplevel() on ptolemy.moml.MoMLSimpleApplication@4a049d0
----------------- Done invoking toplevel() on ptolemy.moml.MoMLSimpleApplication@4a049d0
reloadAllAccessors: .CausalityInterface12

===========================================================================================
----------------- testing Sun Mar 29 13:35:07 UTC 2020 /home/travis/build/icyphy/ptII/ptolemy/domains/continuous/test/auto/CausalityInterface13.xml
----------------- Instantiating /home/travis/build/icyphy/ptII/ptolemy/domains/continuous/test/auto/CausalityInterface13.xml
4 ms. Memory: 225280K Free: 128266K (57%)
----------------- Invoking toplevel() on ptolemy.moml.MoMLSimpleApplication@1e37e04b
----------------- Done invoking toplevel() on ptolemy.moml.MoMLSimpleApplication@1e37e04b
reloadAllAccessors: .CausalityInterface13

===========================================================================================
----------------- testing Sun Mar 29 13:35:07 UTC 2020 /home/travis/build/icyphy/ptII/ptolemy/domains/continuous/test/auto/CausalityInterface14.xml
----------------- Instantiating /home/travis/build/icyphy/ptII/ptolemy/domains/continuous/test/auto/CausalityInterface14.xml
7 ms. Memory: 225280K Free: 122632K (54%)
----------------- Invoking toplevel() on ptolemy.moml.MoMLSimpleApplication@37286eaa
----------------- Done invoking toplevel() on ptolemy.moml.MoMLSimpleApplication@37286eaa
reloadAllAccessors: .CausalityInterface14

===========================================================================================
----------------- testing Sun Mar 29 13:35:07 UTC 2020 /home/travis/build/icyphy/ptII/ptolemy/domains/continuous/test/auto/CausalityInterface4.xml
----------------- Instantiating /home/travis/build/icyphy/ptII/ptolemy/domains/continuous/test/auto/CausalityInterface4.xml
3 ms. Memory: 225280K Free: 116488K (52%)
----------------- Invoking toplevel() on ptolemy.moml.MoMLSimpleApplication@46f56baa
----------------- Done invoking toplevel() on ptolemy.moml.MoMLSimpleApplication@46f56baa
reloadAllAccessors: .CausalityInterface4

===========================================================================================
----------------- testing Sun Mar 29 13:35:07 UTC 2020 /home/travis/build/icyphy/ptII/ptolemy/domains/continuous/test/auto/CausalityInterface5.xml
----------------- Instantiating /home/travis/build/icyphy/ptII/ptolemy/domains/continuous/test/auto/CausalityInterface5.xml
4 ms. Memory: 225280K Free: 108296K (48%)
----------------- Invoking toplevel() on ptolemy.moml.MoMLSimpleApplication@3d9412eb
----------------- Done invoking toplevel() on ptolemy.moml.MoMLSimpleApplication@3d9412eb
reloadAllAccessors: .CausalityInterface5

===========================================================================================
----------------- testing Sun Mar 29 13:35:07 UTC 2020 /home/travis/build/icyphy/ptII/ptolemy/domains/continuous/test/auto/CausalityInterface6.xml
----------------- Instantiating /home/travis/build/icyphy/ptII/ptolemy/domains/continuous/test/auto/CausalityInterface6.xml
8 ms. Memory: 225280K Free: 102666K (46%)
----------------- Invoking toplevel() on ptolemy.moml.MoMLSimpleApplication@25ec2bc9
----------------- Done invoking toplevel() on ptolemy.moml.MoMLSimpleApplication@25ec2bc9
reloadAllAccessors: .CausalityInterface6

===========================================================================================
----------------- testing Sun Mar 29 13:35:07 UTC 2020 /home/travis/build/icyphy/ptII/ptolemy/domains/continuous/test/auto/CausalityInterface7.xml
----------------- Instantiating /home/travis/build/icyphy/ptII/ptolemy/domains/continuous/test/auto/CausalityInterface7.xml
10 ms. Memory: 225280K Free: 93960K (42%)
----------------- Invoking toplevel() on ptolemy.moml.MoMLSimpleApplication@64139499
----------------- Done invoking toplevel() on ptolemy.moml.MoMLSimpleApplication@64139499
reloadAllAccessors: .CausalityInterface7

===========================================================================================
----------------- testing Sun Mar 29 13:35:07 UTC 2020 /home/travis/build/icyphy/ptII/ptolemy/domains/continuous/test/auto/CausalityInterface8.xml
----------------- Instantiating /home/travis/build/icyphy/ptII/ptolemy/domains/continuous/test/auto/CausalityInterface8.xml
5 ms. Memory: 225280K Free: 84744K (38%)
----------------- Invoking toplevel() on ptolemy.moml.MoMLSimpleApplication@28135eb5
----------------- Done invoking toplevel() on ptolemy.moml.MoMLSimpleApplication@28135eb5
reloadAllAccessors: .CausalityInterface8

===========================================================================================
----------------- testing Sun Mar 29 13:35:07 UTC 2020 /home/travis/build/icyphy/ptII/ptolemy/domains/continuous/test/auto/CausalityInterface9.xml
----------------- Instantiating /home/travis/build/icyphy/ptII/ptolemy/domains/continuous/test/auto/CausalityInterface9.xml
8 ms. Memory: 225280K Free: 205948K (91%)
----------------- Invoking toplevel() on ptolemy.moml.MoMLSimpleApplication@2b85ef3e
----------------- Done invoking toplevel() on ptolemy.moml.MoMLSimpleApplication@2b85ef3e
reloadAllAccessors: .CausalityInterface9

===========================================================================================
----------------- testing Sun Mar 29 13:35:07 UTC 2020 /home/travis/build/icyphy/ptII/ptolemy/domains/continuous/test/auto/CausalityInterfaceFeedback1.xml
----------------- Instantiating /home/travis/build/icyphy/ptII/ptolemy/domains/continuous/test/auto/CausalityInterfaceFeedback1.xml
3 ms. Memory: 225280K Free: 199294K (88%)
----------------- Invoking toplevel() on ptolemy.moml.MoMLSimpleApplication@2daed021
----------------- Done invoking toplevel() on ptolemy.moml.MoMLSimpleApplication@2daed021
reloadAllAccessors: .CausalityInterfaceFeedback1

===========================================================================================
----------------- testing Sun Mar 29 13:35:07 UTC 2020 /home/travis/build/icyphy/ptII/ptolemy/domains/continuous/test/auto/CausalityInterfaceFeedback2.xml
----------------- Instantiating /home/travis/build/icyphy/ptII/ptolemy/domains/continuous/test/auto/CausalityInterfaceFeedback2.xml
5 ms. Memory: 225280K Free: 192622K (86%)
----------------- Invoking toplevel() on ptolemy.moml.MoMLSimpleApplication@1937305e
----------------- Done invoking toplevel() on ptolemy.moml.MoMLSimpleApplication@1937305e
reloadAllAccessors: .CausalityInterfaceFeedback2

===========================================================================================
----------------- testing Sun Mar 29 13:35:07 UTC 2020 /home/travis/build/icyphy/ptII/ptolemy/domains/continuous/test/auto/CompareWithCurrentTime.xml
----------------- Instantiating /home/travis/build/icyphy/ptII/ptolemy/domains/continuous/test/auto/CompareWithCurrentTime.xml
2 ms. Memory: 225280K Free: 188540K (84%)
----------------- Invoking toplevel() on ptolemy.moml.MoMLSimpleApplication@3146082d
----------------- Done invoking toplevel() on ptolemy.moml.MoMLSimpleApplication@3146082d
reloadAllAccessors: .CompareWithCurrentTime

===========================================================================================
----------------- testing Sun Mar 29 13:35:07 UTC 2020 /home/travis/build/icyphy/ptII/ptolemy/domains/continuous/test/auto/ComparedClocks.xml
----------------- Instantiating /home/travis/build/icyphy/ptII/ptolemy/domains/continuous/test/auto/ComparedClocks.xml
6 ms. Memory: 225280K Free: 173166K (77%)
----------------- Invoking toplevel() on ptolemy.moml.MoMLSimpleApplication@59ceae6b
----------------- Done invoking toplevel() on ptolemy.moml.MoMLSimpleApplication@59ceae6b
reloadAllAccessors: .ComparedClocks

===========================================================================================
----------------- testing Sun Mar 29 13:35:07 UTC 2020 /home/travis/build/icyphy/ptII/ptolemy/domains/continuous/test/auto/ContinuousAOCClone.xml
----------------- Instantiating /home/travis/build/icyphy/ptII/ptolemy/domains/continuous/test/auto/ContinuousAOCClone.xml
2301 ms. Memory: 270336K Free: 120731K (45%)
----------------- Invoking toplevel() on ptolemy.moml.MoMLSimpleApplication@20c5f3e5
----------------- Done invoking toplevel() on ptolemy.moml.MoMLSimpleApplication@20c5f3e5
reloadAllAccessors: .ContinuousAOCClone

===========================================================================================
----------------- testing Sun Mar 29 13:35:09 UTC 2020 /home/travis/build/icyphy/ptII/ptolemy/domains/continuous/test/auto/ContinuousClock.xml
----------------- Instantiating /home/travis/build/icyphy/ptII/ptolemy/domains/continuous/test/auto/ContinuousClock.xml
37 ms. Memory: 270336K Free: 98717K (37%)
----------------- Invoking toplevel() on ptolemy.moml.MoMLSimpleApplication@30187ad3
----------------- Done invoking toplevel() on ptolemy.moml.MoMLSimpleApplication@30187ad3
reloadAllAccessors: .ContinuousClock

===========================================================================================
----------------- testing Sun Mar 29 13:35:10 UTC 2020 /home/travis/build/icyphy/ptII/ptolemy/domains/continuous/test/auto/ContinuousInContinuous.xml
----------------- Instantiating /home/travis/build/icyphy/ptII/ptolemy/domains/continuous/test/auto/ContinuousInContinuous.xml
41 ms. Memory: 270336K Free: 236428K (87%)
----------------- Invoking toplevel() on ptolemy.moml.MoMLSimpleApplication@42d3826f
----------------- Done invoking toplevel() on ptolemy.moml.MoMLSimpleApplication@42d3826f
reloadAllAccessors: .ContinuousInContinuous

===========================================================================================
----------------- testing Sun Mar 29 13:35:10 UTC 2020 /home/travis/build/icyphy/ptII/ptolemy/domains/continuous/test/auto/ContinuousInContinuousInContinuous.xml
----------------- Instantiating /home/travis/build/icyphy/ptII/ptolemy/domains/continuous/test/auto/ContinuousInContinuousInContinuous.xml
5 ms. Memory: 270336K Free: 228236K (84%)
----------------- Invoking toplevel() on ptolemy.moml.MoMLSimpleApplication@21a85a12
----------------- Done invoking toplevel() on ptolemy.moml.MoMLSimpleApplication@21a85a12
reloadAllAccessors: .ContinuousInContinuousInContinuous

===========================================================================================
----------------- testing Sun Mar 29 13:35:10 UTC 2020 /home/travis/build/icyphy/ptII/ptolemy/domains/continuous/test/auto/ContinuousInDE.xml
----------------- Instantiating /home/travis/build/icyphy/ptII/ptolemy/domains/continuous/test/auto/ContinuousInDE.xml
77 ms. Memory: 270336K Free: 217486K (80%)
----------------- Invoking toplevel() on ptolemy.moml.MoMLSimpleApplication@2512423a
----------------- Done invoking toplevel() on ptolemy.moml.MoMLSimpleApplication@2512423a
reloadAllAccessors: .ContinuousInDE

===========================================================================================
----------------- testing Sun Mar 29 13:35:10 UTC 2020 /home/travis/build/icyphy/ptII/ptolemy/domains/continuous/test/auto/ContinuousInDE2.xml
----------------- Instantiating /home/travis/build/icyphy/ptII/ptolemy/domains/continuous/test/auto/ContinuousInDE2.xml
31 ms. Memory: 270336K Free: 207756K (77%)
----------------- Invoking toplevel() on ptolemy.moml.MoMLSimpleApplication@2ae60b6
----------------- Done invoking toplevel() on ptolemy.moml.MoMLSimpleApplication@2ae60b6
reloadAllAccessors: .ContinuousInDE2

===========================================================================================
----------------- testing Sun Mar 29 13:35:10 UTC 2020 /home/travis/build/icyphy/ptII/ptolemy/domains/continuous/test/auto/ContinuousInDE3.xml
----------------- Instantiating /home/travis/build/icyphy/ptII/ptolemy/domains/continuous/test/auto/ContinuousInDE3.xml
32 ms. Memory: 270336K Free: 198030K (73%)
----------------- Invoking toplevel() on ptolemy.moml.MoMLSimpleApplication@57a3a6dc
----------------- Done invoking toplevel() on ptolemy.moml.MoMLSimpleApplication@57a3a6dc
reloadAllAccessors: .ContinuousInDE3

===========================================================================================
----------------- testing Sun Mar 29 13:35:10 UTC 2020 /home/travis/build/icyphy/ptII/ptolemy/domains/continuous/test/auto/ContinuousInDE4.xml
----------------- Instantiating /home/travis/build/icyphy/ptII/ptolemy/domains/continuous/test/auto/ContinuousInDE4.xml
16 ms. Memory: 270336K Free: 191886K (71%)
----------------- Invoking toplevel() on ptolemy.moml.MoMLSimpleApplication@41f353f
----------------- Done invoking toplevel() on ptolemy.moml.MoMLSimpleApplication@41f353f
reloadAllAccessors: .ContinuousInDE4

===========================================================================================
----------------- testing Sun Mar 29 13:35:10 UTC 2020 /home/travis/build/icyphy/ptII/ptolemy/domains/continuous/test/auto/ContinuousInDEDifferentRefinements.xml
----------------- Instantiating /home/travis/build/icyphy/ptII/ptolemy/domains/continuous/test/auto/ContinuousInDEDifferentRefinements.xml
59 ms. Memory: 270336K Free: 160637K (59%)
----------------- Invoking toplevel() on ptolemy.moml.MoMLSimpleApplication@3471bf47
----------------- Done invoking toplevel() on ptolemy.moml.MoMLSimpleApplication@3471bf47
reloadAllAccessors: .ContinuousInDEDifferentRefinements

===========================================================================================
----------------- testing Sun Mar 29 13:35:10 UTC 2020 /home/travis/build/icyphy/ptII/ptolemy/domains/continuous/test/auto/ContinuousInDEDifferentRefinementsPreemptive.xml
----------------- Instantiating /home/travis/build/icyphy/ptII/ptolemy/domains/continuous/test/auto/ContinuousInDEDifferentRefinementsPreemptive.xml
47 ms. Memory: 270336K Free: 129901K (48%)
----------------- Invoking toplevel() on ptolemy.moml.MoMLSimpleApplication@60f49db6
----------------- Done invoking toplevel() on ptolemy.moml.MoMLSimpleApplication@60f49db6
reloadAllAccessors: .ContinuousInDEDifferentRefinementsPreemptive

===========================================================================================
----------------- testing Sun Mar 29 13:35:10 UTC 2020 /home/travis/build/icyphy/ptII/ptolemy/domains/continuous/test/auto/ContinuousInDEInContinuous2.xml
----------------- Instantiating /home/travis/build/icyphy/ptII/ptolemy/domains/continuous/test/auto/ContinuousInDEInContinuous2.xml
38 ms. Memory: 270336K Free: 118668K (44%)
----------------- Invoking toplevel() on ptolemy.moml.MoMLSimpleApplication@55f6773d
----------------- Done invoking toplevel() on ptolemy.moml.MoMLSimpleApplication@55f6773d
reloadAllAccessors: .ContinuousInDEInContinuous2

===========================================================================================
----------------- testing Sun Mar 29 13:35:10 UTC 2020 /home/travis/build/icyphy/ptII/ptolemy/domains/continuous/test/auto/ContinuousInDEInContinuous3.xml
----------------- Instantiating /home/travis/build/icyphy/ptII/ptolemy/domains/continuous/test/auto/ContinuousInDEInContinuous3.xml
38 ms. Memory: 270336K Free: 106380K (39%)
----------------- Invoking toplevel() on ptolemy.moml.MoMLSimpleApplication@24fabe13
----------------- Done invoking toplevel() on ptolemy.moml.MoMLSimpleApplication@24fabe13
reloadAllAccessors: .ContinuousInDEInContinuous3

===========================================================================================
----------------- testing Sun Mar 29 13:35:10 UTC 2020 /home/travis/build/icyphy/ptII/ptolemy/domains/continuous/test/auto/ContinuousInDEInput.xml
----------------- Instantiating /home/travis/build/icyphy/ptII/ptolemy/domains/continuous/test/auto/ContinuousInDEInput.xml
20 ms. Memory: 270336K Free: 99212K (37%)
----------------- Invoking toplevel() on ptolemy.moml.MoMLSimpleApplication@4d3dbbbb
----------------- Done invoking toplevel() on ptolemy.moml.MoMLSimpleApplication@4d3dbbbb
reloadAllAccessors: .ContinuousInDEInput

===========================================================================================
----------------- testing Sun Mar 29 13:35:10 UTC 2020 /home/travis/build/icyphy/ptII/ptolemy/domains/continuous/test/auto/ContinuousInDEInput2.xml
----------------- Instantiating /home/travis/build/icyphy/ptII/ptolemy/domains/continuous/test/auto/ContinuousInDEInput2.xml
15 ms. Memory: 270336K Free: 252851K (94%)
----------------- Invoking toplevel() on ptolemy.moml.MoMLSimpleApplication@8bfe075
----------------- Done invoking toplevel() on ptolemy.moml.MoMLSimpleApplication@8bfe075
reloadAllAccessors: .ContinuousInDEInput2

===========================================================================================
----------------- testing Sun Mar 29 13:35:10 UTC 2020 /home/travis/build/icyphy/ptII/ptolemy/domains/continuous/test/auto/ContinuousInDEInput3.xml
----------------- Instantiating /home/travis/build/icyphy/ptII/ptolemy/domains/continuous/test/auto/ContinuousInDEInput3.xml
18 ms. Memory: 270336K Free: 245683K (91%)
----------------- Invoking toplevel() on ptolemy.moml.MoMLSimpleApplication@3856094c
----------------- Done invoking toplevel() on ptolemy.moml.MoMLSimpleApplication@3856094c
reloadAllAccessors: .ContinuousInDEInput3

===========================================================================================
----------------- testing Sun Mar 29 13:35:10 UTC 2020 /home/travis/build/icyphy/ptII/ptolemy/domains/continuous/test/auto/ContinuousInDESharingRefinement.xml
----------------- Instantiating /home/travis/build/icyphy/ptII/ptolemy/domains/continuous/test/auto/ContinuousInDESharingRefinement.xml
182 ms. Memory: 270336K Free: 151461K (56%)
----------------- Invoking toplevel() on ptolemy.moml.MoMLSimpleApplication@7217f4a8
----------------- Done invoking toplevel() on ptolemy.moml.MoMLSimpleApplication@7217f4a8
reloadAllAccessors: .ContinuousInDESharingRefinement

===========================================================================================
----------------- testing Sun Mar 29 13:35:11 UTC 2020 /home/travis/build/icyphy/ptII/ptolemy/domains/continuous/test/auto/ContinuousInDEwithNoPorts.xml
----------------- Instantiating /home/travis/build/icyphy/ptII/ptolemy/domains/continuous/test/auto/ContinuousInDEwithNoPorts.xml
5 ms. Memory: 270336K Free: 147365K (55%)
----------------- Invoking toplevel() on ptolemy.moml.MoMLSimpleApplication@e34c6ec
----------------- Done invoking toplevel() on ptolemy.moml.MoMLSimpleApplication@e34c6ec
reloadAllAccessors: .ContinuousInDEwithNoPorts

===========================================================================================
----------------- testing Sun Mar 29 13:35:11 UTC 2020 /home/travis/build/icyphy/ptII/ptolemy/domains/continuous/test/auto/ContinuousInsideDE.xml
----------------- Instantiating /home/travis/build/icyphy/ptII/ptolemy/domains/continuous/test/auto/ContinuousInsideDE.xml
42 ms. Memory: 270336K Free: 135605K (50%)
----------------- Invoking toplevel() on ptolemy.moml.MoMLSimpleApplication@2a86341f
----------------- Done invoking toplevel() on ptolemy.moml.MoMLSimpleApplication@2a86341f
reloadAllAccessors: .ContinuousInsideDE

===========================================================================================
----------------- testing Sun Mar 29 13:35:11 UTC 2020 /home/travis/build/icyphy/ptII/ptolemy/domains/continuous/test/auto/ContinuousMerge1.xml
----------------- Instantiating /home/travis/build/icyphy/ptII/ptolemy/domains/continuous/test/auto/ContinuousMerge1.xml
3 ms. Memory: 270336K Free: 131509K (49%)
----------------- Invoking toplevel() on ptolemy.moml.MoMLSimpleApplication@12d02ae
----------------- Done invoking toplevel() on ptolemy.moml.MoMLSimpleApplication@12d02ae
reloadAllAccessors: .ContinuousMerge1

===========================================================================================
----------------- testing Sun Mar 29 13:35:11 UTC 2020 /home/travis/build/icyphy/ptII/ptolemy/domains/continuous/test/auto/ContinuousMerge2.xml
----------------- Instantiating /home/travis/build/icyphy/ptII/ptolemy/domains/continuous/test/auto/ContinuousMerge2.xml
16 ms. Memory: 270336K Free: 120755K (45%)
----------------- Invoking toplevel() on ptolemy.moml.MoMLSimpleApplication@8f7c9e7
----------------- Done invoking toplevel() on ptolemy.moml.MoMLSimpleApplication@8f7c9e7
reloadAllAccessors: .ContinuousMerge2

===========================================================================================
----------------- testing Sun Mar 29 13:35:11 UTC 2020 /home/travis/build/icyphy/ptII/ptolemy/domains/continuous/test/auto/ContinuousMerge3.xml
----------------- Instantiating /home/travis/build/icyphy/ptII/ptolemy/domains/continuous/test/auto/ContinuousMerge3.xml
53 ms. Memory: 270336K Free: 110005K (41%)
----------------- Invoking toplevel() on ptolemy.moml.MoMLSimpleApplication@129af11a
----------------- Done invoking toplevel() on ptolemy.moml.MoMLSimpleApplication@129af11a
reloadAllAccessors: .ContinuousMerge3

===========================================================================================
----------------- testing Sun Mar 29 13:35:11 UTC 2020 /home/travis/build/icyphy/ptII/ptolemy/domains/continuous/test/auto/ContinuousWithinContinuous.xml
----------------- Instantiating /home/travis/build/icyphy/ptII/ptolemy/domains/continuous/test/auto/ContinuousWithinContinuous.xml
33 ms. Memory: 270336K Free: 100275K (37%)
----------------- Invoking toplevel() on ptolemy.moml.MoMLSimpleApplication@70afb357
----------------- Done invoking toplevel() on ptolemy.moml.MoMLSimpleApplication@70afb357
reloadAllAccessors: .ContinuousWithinContinuous

===========================================================================================
----------------- testing Sun Mar 29 13:35:11 UTC 2020 /home/travis/build/icyphy/ptII/ptolemy/domains/continuous/test/auto/ContinuousWithinContinuous2.xml
----------------- Instantiating /home/travis/build/icyphy/ptII/ptolemy/domains/continuous/test/auto/ContinuousWithinContinuous2.xml
66 ms. Memory: 270336K Free: 250304K (93%)
----------------- Invoking toplevel() on ptolemy.moml.MoMLSimpleApplication@7d4c7f7
----------------- Done invoking toplevel() on ptolemy.moml.MoMLSimpleApplication@7d4c7f7
reloadAllAccessors: .ContinuousWithinContinuous2

===========================================================================================
----------------- testing Sun Mar 29 13:35:11 UTC 2020 /home/travis/build/icyphy/ptII/ptolemy/domains/continuous/test/auto/ContinuousWithinContinuous3.xml
----------------- Instantiating /home/travis/build/icyphy/ptII/ptolemy/domains/continuous/test/auto/ContinuousWithinContinuous3.xml
12 ms. Memory: 270336K Free: 242895K (90%)
----------------- Invoking toplevel() on ptolemy.moml.MoMLSimpleApplication@5546d6d0
----------------- Done invoking toplevel() on ptolemy.moml.MoMLSimpleApplication@5546d6d0
reloadAllAccessors: .ContinuousWithinContinuous3

===========================================================================================
----------------- testing Sun Mar 29 13:35:11 UTC 2020 /home/travis/build/icyphy/ptII/ptolemy/domains/continuous/test/auto/ContinuousWithinContinuous4.xml
----------------- Instantiating /home/travis/build/icyphy/ptII/ptolemy/domains/continuous/test/auto/ContinuousWithinContinuous4.xml
61 ms. Memory: 270336K Free: 230607K (85%)
----------------- Invoking toplevel() on ptolemy.moml.MoMLSimpleApplication@2db3bc79
----------------- Done invoking toplevel() on ptolemy.moml.MoMLSimpleApplication@2db3bc79
reloadAllAccessors: .ContinuousWithinContinuous4

===========================================================================================
----------------- testing Sun Mar 29 13:35:11 UTC 2020 /home/travis/build/icyphy/ptII/ptolemy/domains/continuous/test/auto/ContinuousWithinContinuous5.xml
----------------- Instantiating /home/travis/build/icyphy/ptII/ptolemy/domains/continuous/test/auto/ContinuousWithinContinuous5.xml
11 ms. Memory: 270336K Free: 223439K (83%)
----------------- Invoking toplevel() on ptolemy.moml.MoMLSimpleApplication@61b4072e
----------------- Done invoking toplevel() on ptolemy.moml.MoMLSimpleApplication@61b4072e
reloadAllAccessors: .ContinuousWithinContinuous5

===========================================================================================
----------------- testing Sun Mar 29 13:35:11 UTC 2020 /home/travis/build/icyphy/ptII/ptolemy/domains/continuous/test/auto/ContinuousWithinContinuous6.xml
----------------- Instantiating /home/travis/build/icyphy/ptII/ptolemy/domains/continuous/test/auto/ContinuousWithinContinuous6.xml
13 ms. Memory: 270336K Free: 216271K (80%)
----------------- Invoking toplevel() on ptolemy.moml.MoMLSimpleApplication@2d9fbb3c
----------------- Done invoking toplevel() on ptolemy.moml.MoMLSimpleApplication@2d9fbb3c
reloadAllAccessors: .ContinuousWithinContinuous6

===========================================================================================
----------------- testing Sun Mar 29 13:35:11 UTC 2020 /home/travis/build/icyphy/ptII/ptolemy/domains/continuous/test/auto/ContinuousWithinContinuous7.xml
----------------- Instantiating /home/travis/build/icyphy/ptII/ptolemy/domains/continuous/test/auto/ContinuousWithinContinuous7.xml
64 ms. Memory: 270336K Free: 205519K (76%)
----------------- Invoking toplevel() on ptolemy.moml.MoMLSimpleApplication@28ea75a9
----------------- Done invoking toplevel() on ptolemy.moml.MoMLSimpleApplication@28ea75a9
reloadAllAccessors: .ContinuousWithinContinuous7

===========================================================================================
----------------- testing Sun Mar 29 13:35:11 UTC 2020 /home/travis/build/icyphy/ptII/ptolemy/domains/continuous/test/auto/DCMotor.xml
----------------- Instantiating /home/travis/build/icyphy/ptII/ptolemy/domains/continuous/test/auto/DCMotor.xml
11979 ms. Memory: 270336K Free: 189906K (70%)
----------------- Invoking toplevel() on ptolemy.moml.MoMLSimpleApplication@2dbb20c0
----------------- Done invoking toplevel() on ptolemy.moml.MoMLSimpleApplication@2dbb20c0
reloadAllAccessors: .DCMotor

===========================================================================================
----------------- testing Sun Mar 29 13:35:23 UTC 2020 /home/travis/build/icyphy/ptII/ptolemy/domains/continuous/test/auto/DEInContinuous.xml
----------------- Instantiating /home/travis/build/icyphy/ptII/ptolemy/domains/continuous/test/auto/DEInContinuous.xml
8 ms. Memory: 270336K Free: 183792K (68%)
----------------- Invoking toplevel() on ptolemy.moml.MoMLSimpleApplication@67a90b34
----------------- Done invoking toplevel() on ptolemy.moml.MoMLSimpleApplication@67a90b34
reloadAllAccessors: .DEInContinuous

===========================================================================================
----------------- testing Sun Mar 29 13:35:23 UTC 2020 /home/travis/build/icyphy/ptII/ptolemy/domains/continuous/test/auto/DEinContinuous2.xml
----------------- Instantiating /home/travis/build/icyphy/ptII/ptolemy/domains/continuous/test/auto/DEinContinuous2.xml
7 ms. Memory: 270336K Free: 176114K (65%)
----------------- Invoking toplevel() on ptolemy.moml.MoMLSimpleApplication@3f6afc60
----------------- Done invoking toplevel() on ptolemy.moml.MoMLSimpleApplication@3f6afc60
reloadAllAccessors: .DEinContinuous2

===========================================================================================
----------------- testing Sun Mar 29 13:35:23 UTC 2020 /home/travis/build/icyphy/ptII/ptolemy/domains/continuous/test/auto/Derivative.xml
----------------- Instantiating /home/travis/build/icyphy/ptII/ptolemy/domains/continuous/test/auto/Derivative.xml
114 ms. Memory: 270336K Free: 146928K (54%)
----------------- Invoking toplevel() on ptolemy.moml.MoMLSimpleApplication@47535cb6
----------------- Done invoking toplevel() on ptolemy.moml.MoMLSimpleApplication@47535cb6
reloadAllAccessors: .Derivative2

===========================================================================================
----------------- testing Sun Mar 29 13:35:23 UTC 2020 /home/travis/build/icyphy/ptII/ptolemy/domains/continuous/test/auto/Derivative1.xml
----------------- Instantiating /home/travis/build/icyphy/ptII/ptolemy/domains/continuous/test/auto/Derivative1.xml
14 ms. Memory: 270336K Free: 132592K (49%)
----------------- Invoking toplevel() on ptolemy.moml.MoMLSimpleApplication@67d85992
----------------- Done invoking toplevel() on ptolemy.moml.MoMLSimpleApplication@67d85992
reloadAllAccessors: .Derivative1

===========================================================================================
----------------- testing Sun Mar 29 13:35:24 UTC 2020 /home/travis/build/icyphy/ptII/ptolemy/domains/continuous/test/auto/DiscreteClock.xml
----------------- Instantiating /home/travis/build/icyphy/ptII/ptolemy/domains/continuous/test/auto/DiscreteClock.xml
3 ms. Memory: 270336K Free: 127472K (47%)
----------------- Invoking toplevel() on ptolemy.moml.MoMLSimpleApplication@185ba874
----------------- Done invoking toplevel() on ptolemy.moml.MoMLSimpleApplication@185ba874
reloadAllAccessors: .DiscreteClock

===========================================================================================
----------------- testing Sun Mar 29 13:35:24 UTC 2020 /home/travis/build/icyphy/ptII/ptolemy/domains/continuous/test/auto/EfficiencyCurve.xml
----------------- Instantiating /home/travis/build/icyphy/ptII/ptolemy/domains/continuous/test/auto/EfficiencyCurve.xml
46 ms. Memory: 270336K Free: 118256K (44%)
----------------- Invoking toplevel() on ptolemy.moml.MoMLSimpleApplication@7117d68e
----------------- Done invoking toplevel() on ptolemy.moml.MoMLSimpleApplication@7117d68e
reloadAllAccessors: .EfficiencyCurve

===========================================================================================
----------------- testing Sun Mar 29 13:35:24 UTC 2020 /home/travis/build/icyphy/ptII/ptolemy/domains/continuous/test/auto/ExponentialResponse.xml
----------------- Instantiating /home/travis/build/icyphy/ptII/ptolemy/domains/continuous/test/auto/ExponentialResponse.xml
120 ms. Memory: 270336K Free: 102386K (38%)
----------------- Invoking toplevel() on ptolemy.moml.MoMLSimpleApplication@1de10f60
----------------- Done invoking toplevel() on ptolemy.moml.MoMLSimpleApplication@1de10f60
reloadAllAccessors: .ExponentialResponse

===========================================================================================
----------------- testing Sun Mar 29 13:35:24 UTC 2020 /home/travis/build/icyphy/ptII/ptolemy/domains/continuous/test/auto/ExponentialResponseRK45.xml
----------------- Instantiating /home/travis/build/icyphy/ptII/ptolemy/domains/continuous/test/auto/ExponentialResponseRK45.xml
26 ms. Memory: 270336K Free: 95728K (35%)
----------------- Invoking toplevel() on ptolemy.moml.MoMLSimpleApplication@33a8f1aa
----------------- Done invoking toplevel() on ptolemy.moml.MoMLSimpleApplication@33a8f1aa
reloadAllAccessors: .ExponentialResponseRK45

===========================================================================================
----------------- testing Sun Mar 29 13:35:24 UTC 2020 /home/travis/build/icyphy/ptII/ptolemy/domains/continuous/test/auto/Friction.xml
----------------- Instantiating /home/travis/build/icyphy/ptII/ptolemy/domains/continuous/test/auto/Friction.xml
1602 ms. Memory: 270336K Free: 149752K (55%)
----------------- Invoking toplevel() on ptolemy.moml.MoMLSimpleApplication@5cd2d06d
----------------- Done invoking toplevel() on ptolemy.moml.MoMLSimpleApplication@5cd2d06d
reloadAllAccessors: .Friction

===========================================================================================
----------------- testing Sun Mar 29 13:35:26 UTC 2020 /home/travis/build/icyphy/ptII/ptolemy/domains/continuous/test/auto/FurutaPendulum.xml
----------------- Instantiating /home/travis/build/icyphy/ptII/ptolemy/domains/continuous/test/auto/FurutaPendulum.xml
2957 ms. Memory: 270336K Free: 119735K (44%)
----------------- Invoking toplevel() on ptolemy.moml.MoMLSimpleApplication@5d34f3eb
----------------- Done invoking toplevel() on ptolemy.moml.MoMLSimpleApplication@5d34f3eb
reloadAllAccessors: .FurutaPendulum

===========================================================================================
----------------- testing Sun Mar 29 13:35:29 UTC 2020 /home/travis/build/icyphy/ptII/ptolemy/domains/continuous/test/auto/HierarchicalExecution.xml
----------------- Instantiating /home/travis/build/icyphy/ptII/ptolemy/domains/continuous/test/auto/HierarchicalExecution.xml
1587 ms. Memory: 270336K Free: 150121K (56%)
----------------- Invoking toplevel() on ptolemy.moml.MoMLSimpleApplication@180226e0
----------------- Done invoking toplevel() on ptolemy.moml.MoMLSimpleApplication@180226e0
reloadAllAccessors: .HierarchicalExecution

===========================================================================================
----------------- testing Sun Mar 29 13:35:31 UTC 2020 /home/travis/build/icyphy/ptII/ptolemy/domains/continuous/test/auto/HybridPlant.xml
----------------- Instantiating /home/travis/build/icyphy/ptII/ptolemy/domains/continuous/test/auto/HybridPlant.xml
582 ms. Memory: 324608K Free: 293703K (90%)
----------------- Invoking toplevel() on ptolemy.moml.MoMLSimpleApplication@4511fefe
----------------- Done invoking toplevel() on ptolemy.moml.MoMLSimpleApplication@4511fefe
reloadAllAccessors: .HybridPlant

===========================================================================================
----------------- testing Sun Mar 29 13:35:31 UTC 2020 /home/travis/build/icyphy/ptII/ptolemy/domains/continuous/test/auto/Hysteresis.xml
----------------- Instantiating /home/travis/build/icyphy/ptII/ptolemy/domains/continuous/test/auto/Hysteresis.xml
131 ms. Memory: 324608K Free: 231239K (71%)
----------------- Invoking toplevel() on ptolemy.moml.MoMLSimpleApplication@61ae681a
----------------- Done invoking toplevel() on ptolemy.moml.MoMLSimpleApplication@61ae681a
reloadAllAccessors: .Hysteresis

===========================================================================================
----------------- testing Sun Mar 29 13:35:31 UTC 2020 /home/travis/build/icyphy/ptII/ptolemy/domains/continuous/test/auto/HysteresisWithRandomDelay.xml
----------------- Instantiating /home/travis/build/icyphy/ptII/ptolemy/domains/continuous/test/auto/HysteresisWithRandomDelay.xml
183 ms. Memory: 324608K Free: 160069K (49%)
----------------- Invoking toplevel() on ptolemy.moml.MoMLSimpleApplication@2ea34e77
----------------- Done invoking toplevel() on ptolemy.moml.MoMLSimpleApplication@2ea34e77
reloadAllAccessors: .HysteresisWithRandomDelay

===========================================================================================
----------------- testing Sun Mar 29 13:35:32 UTC 2020 /home/travis/build/icyphy/ptII/ptolemy/domains/continuous/test/auto/HysteresisWithRandomLosses.xml
----------------- Instantiating /home/travis/build/icyphy/ptII/ptolemy/domains/continuous/test/auto/HysteresisWithRandomLosses.xml
2198 ms. Memory: 324608K Free: 190158K (59%)
----------------- Invoking toplevel() on ptolemy.moml.MoMLSimpleApplication@6d6e7432
----------------- Done invoking toplevel() on ptolemy.moml.MoMLSimpleApplication@6d6e7432
reloadAllAccessors: .HysteresisWithRandomLosses

===========================================================================================
----------------- testing Sun Mar 29 13:35:34 UTC 2020 /home/travis/build/icyphy/ptII/ptolemy/domains/continuous/test/auto/ImmediateTransitions.xml
----------------- Instantiating /home/travis/build/icyphy/ptII/ptolemy/domains/continuous/test/auto/ImmediateTransitions.xml
8 ms. Memory: 324608K Free: 179374K (55%)
----------------- Invoking toplevel() on ptolemy.moml.MoMLSimpleApplication@18b0c9a1
----------------- Done invoking toplevel() on ptolemy.moml.MoMLSimpleApplication@18b0c9a1
reloadAllAccessors: .ImmediateTransitions

===========================================================================================
----------------- testing Sun Mar 29 13:35:34 UTC 2020 /home/travis/build/icyphy/ptII/ptolemy/domains/continuous/test/auto/ImpulseFeedback.xml
----------------- Instantiating /home/travis/build/icyphy/ptII/ptolemy/domains/continuous/test/auto/ImpulseFeedback.xml
5 ms. Memory: 324608K Free: 173774K (54%)
----------------- Invoking toplevel() on ptolemy.moml.MoMLSimpleApplication@27f9338a
----------------- Done invoking toplevel() on ptolemy.moml.MoMLSimpleApplication@27f9338a
reloadAllAccessors: .ImpulseFeedback

===========================================================================================
----------------- testing Sun Mar 29 13:35:34 UTC 2020 /home/travis/build/icyphy/ptII/ptolemy/domains/continuous/test/auto/ImpulseFeedback2.xml
----------------- Instantiating /home/travis/build/icyphy/ptII/ptolemy/domains/continuous/test/auto/ImpulseFeedback2.xml
4 ms. Memory: 324608K Free: 168140K (52%)
----------------- Invoking toplevel() on ptolemy.moml.MoMLSimpleApplication@26470148
----------------- Done invoking toplevel() on ptolemy.moml.MoMLSimpleApplication@26470148
reloadAllAccessors: .ImpulseFeedback2

===========================================================================================
----------------- testing Sun Mar 29 13:35:34 UTC 2020 /home/travis/build/icyphy/ptII/ptolemy/domains/continuous/test/auto/IncreasingRatePoisson.xml
----------------- Instantiating /home/travis/build/icyphy/ptII/ptolemy/domains/continuous/test/auto/IncreasingRatePoisson.xml
646 ms. Memory: 324608K Free: 248085K (76%)
----------------- Invoking toplevel() on ptolemy.moml.MoMLSimpleApplication@71b4c94f
----------------- Done invoking toplevel() on ptolemy.moml.MoMLSimpleApplication@71b4c94f
reloadAllAccessors: .IncreasingRatePoisson

===========================================================================================
----------------- testing Sun Mar 29 13:35:35 UTC 2020 /home/travis/build/icyphy/ptII/ptolemy/domains/continuous/test/auto/InitialStateFeedback.xml
----------------- Instantiating /home/travis/build/icyphy/ptII/ptolemy/domains/continuous/test/auto/InitialStateFeedback.xml
3 ms. Memory: 324608K Free: 243475K (75%)
----------------- Invoking toplevel() on ptolemy.moml.MoMLSimpleApplication@6c0dcfaf
----------------- Done invoking toplevel() on ptolemy.moml.MoMLSimpleApplication@6c0dcfaf
reloadAllAccessors: .InitialStateFeedback

===========================================================================================
----------------- testing Sun Mar 29 13:35:35 UTC 2020 /home/travis/build/icyphy/ptII/ptolemy/domains/continuous/test/auto/Integration.xml
----------------- Instantiating /home/travis/build/icyphy/ptII/ptolemy/domains/continuous/test/auto/Integration.xml
1 ms. Memory: 324608K Free: 239379K (74%)
----------------- Invoking toplevel() on ptolemy.moml.MoMLSimpleApplication@6bb2cc95
----------------- Done invoking toplevel() on ptolemy.moml.MoMLSimpleApplication@6bb2cc95
reloadAllAccessors: .Integration

===========================================================================================
----------------- testing Sun Mar 29 13:35:35 UTC 2020 /home/travis/build/icyphy/ptII/ptolemy/domains/continuous/test/auto/Integration2.xml
----------------- Instantiating /home/travis/build/icyphy/ptII/ptolemy/domains/continuous/test/auto/Integration2.xml
75 ms. Memory: 324608K Free: 224533K (69%)
----------------- Invoking toplevel() on ptolemy.moml.MoMLSimpleApplication@5007a723
----------------- Done invoking toplevel() on ptolemy.moml.MoMLSimpleApplication@5007a723
reloadAllAccessors: .Integration2

===========================================================================================
----------------- testing Sun Mar 29 13:35:35 UTC 2020 /home/travis/build/icyphy/ptII/ptolemy/domains/continuous/test/auto/Integration3.xml
----------------- Instantiating /home/travis/build/icyphy/ptII/ptolemy/domains/continuous/test/auto/Integration3.xml
2 ms. Memory: 324608K Free: 219909K (68%)
----------------- Invoking toplevel() on ptolemy.moml.MoMLSimpleApplication@6694595c
----------------- Done invoking toplevel() on ptolemy.moml.MoMLSimpleApplication@6694595c
reloadAllAccessors: .Integration3

===========================================================================================
----------------- testing Sun Mar 29 13:35:35 UTC 2020 /home/travis/build/icyphy/ptII/ptolemy/domains/continuous/test/auto/Integration5.xml
----------------- Instantiating /home/travis/build/icyphy/ptII/ptolemy/domains/continuous/test/auto/Integration5.xml
2 ms. Memory: 324608K Free: 215827K (66%)
----------------- Invoking toplevel() on ptolemy.moml.MoMLSimpleApplication@4fb905e
----------------- Done invoking toplevel() on ptolemy.moml.MoMLSimpleApplication@4fb905e
reloadAllAccessors: .Integration5

===========================================================================================
----------------- testing Sun Mar 29 13:35:35 UTC 2020 /home/travis/build/icyphy/ptII/ptolemy/domains/continuous/test/auto/IntegratorImpulse.xml
----------------- Instantiating /home/travis/build/icyphy/ptII/ptolemy/domains/continuous/test/auto/IntegratorImpulse.xml
2 ms. Memory: 324608K Free: 211717K (65%)
----------------- Invoking toplevel() on ptolemy.moml.MoMLSimpleApplication@63b8da50
----------------- Done invoking toplevel() on ptolemy.moml.MoMLSimpleApplication@63b8da50
reloadAllAccessors: .IntegratorImpulse

===========================================================================================
----------------- testing Sun Mar 29 13:35:35 UTC 2020 /home/travis/build/icyphy/ptII/ptolemy/domains/continuous/test/auto/IntegratorImpulse2.xml
----------------- Instantiating /home/travis/build/icyphy/ptII/ptolemy/domains/continuous/test/auto/IntegratorImpulse2.xml
3 ms. Memory: 324608K Free: 207125K (64%)
----------------- Invoking toplevel() on ptolemy.moml.MoMLSimpleApplication@120bd1bf
----------------- Done invoking toplevel() on ptolemy.moml.MoMLSimpleApplication@120bd1bf
reloadAllAccessors: .IntegratorImpulse2

===========================================================================================
----------------- testing Sun Mar 29 13:35:35 UTC 2020 /home/travis/build/icyphy/ptII/ptolemy/domains/continuous/test/auto/LevelCrossing1.xml
----------------- Instantiating /home/travis/build/icyphy/ptII/ptolemy/domains/continuous/test/auto/LevelCrossing1.xml
2 ms. Memory: 324608K Free: 202005K (62%)
----------------- Invoking toplevel() on ptolemy.moml.MoMLSimpleApplication@5f50abc0
----------------- Done invoking toplevel() on ptolemy.moml.MoMLSimpleApplication@5f50abc0
reloadAllAccessors: .LevelCrossing1

===========================================================================================
----------------- testing Sun Mar 29 13:35:35 UTC 2020 /home/travis/build/icyphy/ptII/ptolemy/domains/continuous/test/auto/LevelCrossing2.xml
----------------- Instantiating /home/travis/build/icyphy/ptII/ptolemy/domains/continuous/test/auto/LevelCrossing2.xml
3 ms. Memory: 324608K Free: 196885K (61%)
----------------- Invoking toplevel() on ptolemy.moml.MoMLSimpleApplication@369cbd4b
----------------- Done invoking toplevel() on ptolemy.moml.MoMLSimpleApplication@369cbd4b
reloadAllAccessors: .LevelCrossing2

===========================================================================================
----------------- testing Sun Mar 29 13:35:35 UTC 2020 /home/travis/build/icyphy/ptII/ptolemy/domains/continuous/test/auto/LevelCrossing3.xml
----------------- Instantiating /home/travis/build/icyphy/ptII/ptolemy/domains/continuous/test/auto/LevelCrossing3.xml
2 ms. Memory: 324608K Free: 191765K (59%)
----------------- Invoking toplevel() on ptolemy.moml.MoMLSimpleApplication@561ad8eb
----------------- Done invoking toplevel() on ptolemy.moml.MoMLSimpleApplication@561ad8eb
reloadAllAccessors: .LevelCrossing3

===========================================================================================
----------------- testing Sun Mar 29 13:35:35 UTC 2020 /home/travis/build/icyphy/ptII/ptolemy/domains/continuous/test/auto/LevelCrossing4.xml
----------------- Instantiating /home/travis/build/icyphy/ptII/ptolemy/domains/continuous/test/auto/LevelCrossing4.xml
3 ms. Memory: 324608K Free: 186645K (57%)
----------------- Invoking toplevel() on ptolemy.moml.MoMLSimpleApplication@5ffd3bff
----------------- Done invoking toplevel() on ptolemy.moml.MoMLSimpleApplication@5ffd3bff
reloadAllAccessors: .LevelCrossing4

===========================================================================================
----------------- testing Sun Mar 29 13:35:35 UTC 2020 /home/travis/build/icyphy/ptII/ptolemy/domains/continuous/test/auto/LevelCrossing5.xml
----------------- Instantiating /home/travis/build/icyphy/ptII/ptolemy/domains/continuous/test/auto/LevelCrossing5.xml
3 ms. Memory: 324608K Free: 181525K (56%)
----------------- Invoking toplevel() on ptolemy.moml.MoMLSimpleApplication@5c3ff272
----------------- Done invoking toplevel() on ptolemy.moml.MoMLSimpleApplication@5c3ff272
reloadAllAccessors: .LevelCrossing5

===========================================================================================
[...]
----------------- testing Sun Mar 29 13:35:51 UTC 2020 /home/travis/build/icyphy/ptII/ptolemy/domains/continuous/test/auto/SRinContinuous.xml
----------------- Instantiating /home/travis/build/icyphy/ptII/ptolemy/domains/continuous/test/auto/SRinContinuous.xml
5 ms. Memory: 324608K Free: 171651K (53%)
----------------- Invoking toplevel() on ptolemy.moml.MoMLSimpleApplication@50b1cbbc
----------------- Done invoking toplevel() on ptolemy.moml.MoMLSimpleApplication@50b1cbbc
reloadAllAccessors: .SRinContinuous

===========================================================================================
----------------- testing Sun Mar 29 13:35:51 UTC 2020 /home/travis/build/icyphy/ptII/ptolemy/domains/continuous/test/auto/SampledClocks.xml
----------------- Instantiating /home/travis/build/icyphy/ptII/ptolemy/domains/continuous/test/auto/SampledClocks.xml
7 ms. Memory: 324608K Free: 158849K (49%)
----------------- Invoking toplevel() on ptolemy.moml.MoMLSimpleApplication@29899dc
----------------- Done invoking toplevel() on ptolemy.moml.MoMLSimpleApplication@29899dc
reloadAllAccessors: .SampledClocks

===========================================================================================
----------------- testing Sun Mar 29 13:35:51 UTC 2020 /home/travis/build/icyphy/ptII/ptolemy/domains/continuous/test/auto/Satellite.xml
----------------- Instantiating /home/travis/build/icyphy/ptII/ptolemy/domains/continuous/test/auto/Satellite.xml
722 ms. Memory: 324608K Free: 151270K (47%)
----------------- Invoking toplevel() on ptolemy.moml.MoMLSimpleApplication@2dbab905
----------------- Done invoking toplevel() on ptolemy.moml.MoMLSimpleApplication@2dbab905
reloadAllAccessors: .Satellite

===========================================================================================
----------------- testing Sun Mar 29 13:35:51 UTC 2020 /home/travis/build/icyphy/ptII/ptolemy/domains/continuous/test/auto/SigmaDelta.xml
----------------- Instantiating /home/travis/build/icyphy/ptII/ptolemy/domains/continuous/test/auto/SigmaDelta.xml
1793 ms. Memory: 324608K Free: 272420K (84%)
----------------- Invoking toplevel() on ptolemy.moml.MoMLSimpleApplication@66f9c65f
----------------- Done invoking toplevel() on ptolemy.moml.MoMLSimpleApplication@66f9c65f
reloadAllAccessors: .SigmaDelta

===========================================================================================
----------------- testing Sun Mar 29 13:35:53 UTC 2020 /home/travis/build/icyphy/ptII/ptolemy/domains/continuous/test/auto/SingleRefinement.xml
----------------- Instantiating /home/travis/build/icyphy/ptII/ptolemy/domains/continuous/test/auto/SingleRefinement.xml
298 ms. Memory: 324608K Free: 280931K (87%)
----------------- Invoking toplevel() on ptolemy.moml.MoMLSimpleApplication@2c8cc641
----------------- Done invoking toplevel() on ptolemy.moml.MoMLSimpleApplication@2c8cc641
reloadAllAccessors: .SingleRefinement

===========================================================================================
----------------- testing Sun Mar 29 13:35:54 UTC 2020 /home/travis/build/icyphy/ptII/ptolemy/domains/continuous/test/auto/SinuBouncingBall.xml
----------------- Instantiating /home/travis/build/icyphy/ptII/ptolemy/domains/continuous/test/auto/SinuBouncingBall.xml
766 ms. Memory: 324608K Free: 256654K (79%)
----------------- Invoking toplevel() on ptolemy.moml.MoMLSimpleApplication@4853fe11
----------------- Done invoking toplevel() on ptolemy.moml.MoMLSimpleApplication@4853fe11
reloadAllAccessors: .SinuBouncingBall

===========================================================================================
----------------- testing Sun Mar 29 13:35:55 UTC 2020 /home/travis/build/icyphy/ptII/ptolemy/domains/continuous/test/auto/Sinusoid.xml
----------------- Instantiating /home/travis/build/icyphy/ptII/ptolemy/domains/continuous/test/auto/Sinusoid.xml
3 ms. Memory: 324608K Free: 252030K (78%)
----------------- Invoking toplevel() on ptolemy.moml.MoMLSimpleApplication@7ba11827
----------------- Done invoking toplevel() on ptolemy.moml.MoMLSimpleApplication@7ba11827
reloadAllAccessors: .Sinusoid

===========================================================================================
----------------- testing Sun Mar 29 13:35:55 UTC 2020 /home/travis/build/icyphy/ptII/ptolemy/domains/continuous/test/auto/SinusoidInNoise.xml
----------------- Instantiating /home/travis/build/icyphy/ptII/ptolemy/domains/continuous/test/auto/SinusoidInNoise.xml
693 ms. Memory: 324608K Free: 117900K (36%)
----------------- Invoking toplevel() on ptolemy.moml.MoMLSimpleApplication@694f83ba
----------------- Done invoking toplevel() on ptolemy.moml.MoMLSimpleApplication@694f83ba
reloadAllAccessors: .SinusoidInNoise

===========================================================================================
----------------- testing Sun Mar 29 13:35:55 UTC 2020 /home/travis/build/icyphy/ptII/ptolemy/domains/continuous/test/auto/SinusoidRK45.xml
----------------- Instantiating /home/travis/build/icyphy/ptII/ptolemy/domains/continuous/test/auto/SinusoidRK45.xml
5 ms. Memory: 324608K Free: 307577K (95%)
----------------- Invoking toplevel() on ptolemy.moml.MoMLSimpleApplication@3ae20586
----------------- Done invoking toplevel() on ptolemy.moml.MoMLSimpleApplication@3ae20586
reloadAllAccessors: .SinusoidRK45

===========================================================================================
----------------- testing Sun Mar 29 13:35:55 UTC 2020 /home/travis/build/icyphy/ptII/ptolemy/domains/continuous/test/auto/SinusoidWithMultipleImpulses.xml
----------------- Instantiating /home/travis/build/icyphy/ptII/ptolemy/domains/continuous/test/auto/SinusoidWithMultipleImpulses.xml
3 ms. Memory: 324608K Free: 302751K (93%)
----------------- Invoking toplevel() on ptolemy.moml.MoMLSimpleApplication@5310ad6a
----------------- Done invoking toplevel() on ptolemy.moml.MoMLSimpleApplication@5310ad6a
reloadAllAccessors: .SinusoidWithMultipleImpulses

===========================================================================================
----------------- testing Sun Mar 29 13:35:55 UTC 2020 /home/travis/build/icyphy/ptII/ptolemy/domains/continuous/test/auto/SquareWave.xml
----------------- Instantiating /home/travis/build/icyphy/ptII/ptolemy/domains/continuous/test/auto/SquareWave.xml
143 ms. Memory: 324608K Free: 275613K (85%)
----------------- Invoking toplevel() on ptolemy.moml.MoMLSimpleApplication@32fa503f
----------------- Done invoking toplevel() on ptolemy.moml.MoMLSimpleApplication@32fa503f
reloadAllAccessors: .SquareWave

===========================================================================================
----------------- testing Sun Mar 29 13:35:56 UTC 2020 /home/travis/build/icyphy/ptII/ptolemy/domains/continuous/test/auto/Starmac.xml
----------------- Instantiating /home/travis/build/icyphy/ptII/ptolemy/domains/continuous/test/auto/Starmac.xml
3075 ms. Memory: 324608K Free: 152550K (47%)
----------------- Invoking toplevel() on ptolemy.moml.MoMLSimpleApplication@14d9aa65
----------------- Done invoking toplevel() on ptolemy.moml.MoMLSimpleApplication@14d9aa65
reloadAllAccessors: .Starmac

===========================================================================================
----------------- testing Sun Mar 29 13:35:59 UTC 2020 /home/travis/build/icyphy/ptII/ptolemy/domains/continuous/test/auto/StaticUnits.xml
----------------- Instantiating /home/travis/build/icyphy/ptII/ptolemy/domains/continuous/test/auto/StaticUnits.xml
1822 ms. Memory: 324608K Free: 253705K (78%)
----------------- Invoking toplevel() on ptolemy.moml.MoMLSimpleApplication@791ad01d
----------------- Done invoking toplevel() on ptolemy.moml.MoMLSimpleApplication@791ad01d
reloadAllAccessors: .StaticUnits

===========================================================================================
----------------- testing Sun Mar 29 13:36:02 UTC 2020 /home/travis/build/icyphy/ptII/ptolemy/domains/continuous/test/auto/StickyMasses.xml
----------------- Instantiating /home/travis/build/icyphy/ptII/ptolemy/domains/continuous/test/auto/StickyMasses.xml
132 ms. Memory: 324608K Free: 204039K (63%)
----------------- Invoking toplevel() on ptolemy.moml.MoMLSimpleApplication@48b4cf44
----------------- Done invoking toplevel() on ptolemy.moml.MoMLSimpleApplication@48b4cf44
reloadAllAccessors: .StickyMasses

===========================================================================================
----------------- testing Sun Mar 29 13:36:02 UTC 2020 /home/travis/build/icyphy/ptII/ptolemy/domains/continuous/test/auto/StopTime.xml
----------------- Instantiating /home/travis/build/icyphy/ptII/ptolemy/domains/continuous/test/auto/StopTime.xml
37 ms. Memory: 324608K Free: 178953K (55%)
----------------- Invoking toplevel() on ptolemy.moml.MoMLSimpleApplication@29040e36
----------------- Done invoking toplevel() on ptolemy.moml.MoMLSimpleApplication@29040e36
reloadAllAccessors: .StopTime

===========================================================================================
----------------- testing Sun Mar 29 13:36:02 UTC 2020 /home/travis/build/icyphy/ptII/ptolemy/domains/continuous/test/auto/StopTime2.xml
----------------- Instantiating /home/travis/build/icyphy/ptII/ptolemy/domains/continuous/test/auto/StopTime2.xml
31 ms. Memory: 324608K Free: 156920K (48%)
----------------- Invoking toplevel() on ptolemy.moml.MoMLSimpleApplication@6faf618e
----------------- Done invoking toplevel() on ptolemy.moml.MoMLSimpleApplication@6faf618e
reloadAllAccessors: .StopTime2

===========================================================================================
----------------- testing Sun Mar 29 13:36:02 UTC 2020 /home/travis/build/icyphy/ptII/ptolemy/domains/continuous/test/auto/Switch.xml
----------------- Instantiating /home/travis/build/icyphy/ptII/ptolemy/domains/continuous/test/auto/Switch.xml
38 ms. Memory: 324608K Free: 132328K (41%)
----------------- Invoking toplevel() on ptolemy.moml.MoMLSimpleApplication@3917b9df
----------------- Done invoking toplevel() on ptolemy.moml.MoMLSimpleApplication@3917b9df
reloadAllAccessors: .Switch

===========================================================================================
----------------- testing Sun Mar 29 13:36:02 UTC 2020 /home/travis/build/icyphy/ptII/ptolemy/domains/continuous/test/auto/Thermostat.xml
----------------- Instantiating /home/travis/build/icyphy/ptII/ptolemy/domains/continuous/test/auto/Thermostat.xml
194 ms. Memory: 324608K Free: 249603K (77%)
----------------- Invoking toplevel() on ptolemy.moml.MoMLSimpleApplication@7c78d02a
----------------- Done invoking toplevel() on ptolemy.moml.MoMLSimpleApplication@7c78d02a
reloadAllAccessors: .Thermostat

===========================================================================================
----------------- testing Sun Mar 29 13:36:02 UTC 2020 /home/travis/build/icyphy/ptII/ptolemy/domains/continuous/test/auto/TimeDelay.xml
----------------- Instantiating /home/travis/build/icyphy/ptII/ptolemy/domains/continuous/test/auto/TimeDelay.xml
5 ms. Memory: 324608K Free: 244483K (75%)
----------------- Invoking toplevel() on ptolemy.moml.MoMLSimpleApplication@376a31c3
----------------- Done invoking toplevel() on ptolemy.moml.MoMLSimpleApplication@376a31c3
reloadAllAccessors: .TimeDelay

===========================================================================================
----------------- testing Sun Mar 29 13:36:02 UTC 2020 /home/travis/build/icyphy/ptII/ptolemy/domains/continuous/test/auto/TimeDelay2.xml
----------------- Instantiating /home/travis/build/icyphy/ptII/ptolemy/domains/continuous/test/auto/TimeDelay2.xml
7 ms. Memory: 324608K Free: 234753K (72%)
----------------- Invoking toplevel() on ptolemy.moml.MoMLSimpleApplication@54b940e6
----------------- Done invoking toplevel() on ptolemy.moml.MoMLSimpleApplication@54b940e6
reloadAllAccessors: .TimeDelay2

===========================================================================================
----------------- testing Sun Mar 29 13:36:02 UTC 2020 /home/travis/build/icyphy/ptII/ptolemy/domains/continuous/test/auto/TimeDelay3.xml
----------------- Instantiating /home/travis/build/icyphy/ptII/ptolemy/domains/continuous/test/auto/TimeDelay3.xml
4 ms. Memory: 324608K Free: 230145K (71%)
----------------- Invoking toplevel() on ptolemy.moml.MoMLSimpleApplication@1bdf6734
----------------- Done invoking toplevel() on ptolemy.moml.MoMLSimpleApplication@1bdf6734
reloadAllAccessors: .TimeDelay3

===========================================================================================
----------------- testing Sun Mar 29 13:36:02 UTC 2020 /home/travis/build/icyphy/ptII/ptolemy/domains/continuous/test/auto/TransferAbsentToInside.xml
----------------- Instantiating /home/travis/build/icyphy/ptII/ptolemy/domains/continuous/test/auto/TransferAbsentToInside.xml
27 ms. Memory: 324608K Free: 176899K (54%)
----------------- Invoking toplevel() on ptolemy.moml.MoMLSimpleApplication@153ca4a8
----------------- Done invoking toplevel() on ptolemy.moml.MoMLSimpleApplication@153ca4a8
reloadAllAccessors: .TransferAbsentToInside

===========================================================================================
----------------- testing Sun Mar 29 13:36:02 UTC 2020 /home/travis/build/icyphy/ptII/ptolemy/domains/continuous/test/auto/Transmission.xml
----------------- Instantiating /home/travis/build/icyphy/ptII/ptolemy/domains/continuous/test/auto/Transmission.xml
736 ms. Memory: 324608K Free: 133379K (41%)
----------------- Invoking toplevel() on ptolemy.moml.MoMLSimpleApplication@10c58e4c
----------------- Done invoking toplevel() on ptolemy.moml.MoMLSimpleApplication@10c58e4c
reloadAllAccessors: .Transmission

===========================================================================================
----------------- testing Sun Mar 29 13:36:03 UTC 2020 /home/travis/build/icyphy/ptII/ptolemy/domains/continuous/test/auto/TriggeredContinuousClock.xml
----------------- Instantiating /home/travis/build/icyphy/ptII/ptolemy/domains/continuous/test/auto/TriggeredContinuousClock.xml
47 ms. Memory: 324608K Free: 292168K (90%)
----------------- Invoking toplevel() on ptolemy.moml.MoMLSimpleApplication@4002b262
----------------- Done invoking toplevel() on ptolemy.moml.MoMLSimpleApplication@4002b262
reloadAllAccessors: .TriggeredContinuousClock

===========================================================================================
----------------- testing Sun Mar 29 13:36:03 UTC 2020 /home/travis/build/icyphy/ptII/ptolemy/domains/continuous/test/auto/TwoMachineInfiniteBusControl.xml
----------------- Instantiating /home/travis/build/icyphy/ptII/ptolemy/domains/continuous/test/auto/TwoMachineInfiniteBusControl.xml
2713 ms. Memory: 390144K Free: 341697K (88%)
----------------- Invoking toplevel() on ptolemy.moml.MoMLSimpleApplication@f221bf7
----------------- Done invoking toplevel() on ptolemy.moml.MoMLSimpleApplication@f221bf7
reloadAllAccessors: .TwoMachineInfiniteBusControl

===========================================================================================
----------------- testing Sun Mar 29 13:36:06 UTC 2020 /home/travis/build/icyphy/ptII/ptolemy/domains/continuous/test/auto/V2V.xml
----------------- Instantiating /home/travis/build/icyphy/ptII/ptolemy/domains/continuous/test/auto/V2V.xml
741 ms. Memory: 390144K Free: 154275K (40%)
----------------- Invoking toplevel() on ptolemy.moml.MoMLSimpleApplication@5699bd23
----------------- Done invoking toplevel() on ptolemy.moml.MoMLSimpleApplication@5699bd23
reloadAllAccessors: .V2V

===========================================================================================
----------------- testing Sun Mar 29 13:36:07 UTC 2020 /home/travis/build/icyphy/ptII/ptolemy/domains/continuous/test/auto/hierarchicalModalModel.xml
----------------- Instantiating /home/travis/build/icyphy/ptII/ptolemy/domains/continuous/test/auto/hierarchicalModalModel.xml
19 ms. Memory: 390144K Free: 367207K (94%)
----------------- Invoking toplevel() on ptolemy.moml.MoMLSimpleApplication@1440ec98
----------------- Done invoking toplevel() on ptolemy.moml.MoMLSimpleApplication@1440ec98
reloadAllAccessors: .hierarchicalModalModel

===========================================================================================
----------------- testing Sun Mar 29 13:36:07 UTC 2020 /home/travis/build/icyphy/ptII/ptolemy/domains/continuous/test/auto/hierarchicalModalModel1.xml
----------------- Instantiating /home/travis/build/icyphy/ptII/ptolemy/domains/continuous/test/auto/hierarchicalModalModel1.xml
9 ms. Memory: 390144K Free: 352444K (90%)
----------------- Invoking toplevel() on ptolemy.moml.MoMLSimpleApplication@7865fa0
----------------- Done invoking toplevel() on ptolemy.moml.MoMLSimpleApplication@7865fa0
reloadAllAccessors: .hierarchicalModalModel1

===========================================================================================
----------------- testing Sun Mar 29 13:36:07 UTC 2020 /home/travis/build/icyphy/ptII/ptolemy/domains/continuous/test/auto/hierarchicalModalModel2.xml
----------------- Instantiating /home/travis/build/icyphy/ptII/ptolemy/domains/continuous/test/auto/hierarchicalModalModel2.xml
6 ms. Memory: 390144K Free: 340156K (87%)
----------------- Invoking toplevel() on ptolemy.moml.MoMLSimpleApplication@5ddbf35c
----------------- Done invoking toplevel() on ptolemy.moml.MoMLSimpleApplication@5ddbf35c
reloadAllAccessors: .hierarchicalModalModel2

===========================================================================================
----------------- testing Sun Mar 29 13:36:07 UTC 2020 /home/travis/build/icyphy/ptII/ptolemy/domains/continuous/test/auto/hierarchicalModalModel3.xml
----------------- Instantiating /home/travis/build/icyphy/ptII/ptolemy/domains/continuous/test/auto/hierarchicalModalModel3.xml
5 ms. Memory: 390144K Free: 329402K (84%)
----------------- Invoking toplevel() on ptolemy.moml.MoMLSimpleApplication@74081a8
----------------- Done invoking toplevel() on ptolemy.moml.MoMLSimpleApplication@74081a8
reloadAllAccessors: .hierarchicalModalModel3

===========================================================================================
----------------- testing Sun Mar 29 13:36:07 UTC 2020 /home/travis/build/icyphy/ptII/ptolemy/domains/continuous/test/auto/hierarchicalModalModel4.xml
----------------- Instantiating /home/travis/build/icyphy/ptII/ptolemy/domains/continuous/test/auto/hierarchicalModalModel4.xml
5 ms. Memory: 390144K Free: 317628K (81%)
----------------- Invoking toplevel() on ptolemy.moml.MoMLSimpleApplication@32a4a007
----------------- Done invoking toplevel() on ptolemy.moml.MoMLSimpleApplication@32a4a007
reloadAllAccessors: .hierarchicalModalModel4

===========================================================================================
----------------- testing Sun Mar 29 13:36:07 UTC 2020 /home/travis/build/icyphy/ptII/ptolemy/domains/continuous/test/auto/junk.xml
----------------- Instantiating /home/travis/build/icyphy/ptII/ptolemy/domains/continuous/test/auto/junk.xml
114 ms. Memory: 390144K Free: 289980K (74%)
----------------- Invoking toplevel() on ptolemy.moml.MoMLSimpleApplication@26d42f43
----------------- Done invoking toplevel() on ptolemy.moml.MoMLSimpleApplication@26d42f43
reloadAllAccessors: .junk
AutoTests.java: About to close Vertx.
AutoTests.java: Vertx closed.
]]></system-out>
  <system-err><![CDATA[Warning: '.HysteresisWithRandomDelay.NonStrictTest3' The test produced only 22 tokens, yet the correctValues parameter was expecting 30 tokens.
Warning: '.IncreasingRatePoisson.NonStrictTest' The test produced only 398 tokens, yet the correctValues parameter was expecting 402 tokens.
Warning: '.Poisson.NonStrictTest' The test produced only 383 tokens, yet the correctValues parameter was expecting 430 tokens.
]]></system-err>
</testsuite>
