<?xml version="1.0" encoding="UTF-8" ?>
<testsuite errors="0" failures="0" hostname="travis-job-b00803d2-2f0d-4591-a148-8b70c60724f7" name="ptolemy.vergil.basic.export.test.junit.ExportModelJUnitTestBatch2" skipped="0" tests="60" time="2007.594" timestamp="2020-03-06T07:38:53">
  <properties>
[...]
</properties>
  <testcase classname="ptolemy.vergil.basic.export.test.junit.ExportModelJUnitTestBatch2" name="[0] ptolemy/actor/lib/javasound/demo/KarplusStrong/KarplusStrong.xml (RunExportModel)" time="6.197" />
  <testcase classname="ptolemy.vergil.basic.export.test.junit.ExportModelJUnitTestBatch2" name="[1] ptolemy/actor/lib/jjs/demo/Factorial/Factorial.xml (RunExportModel)" time="21.901" />
  <testcase classname="ptolemy.vergil.basic.export.test.junit.ExportModelJUnitTestBatch2" name="[2] ptolemy/actor/lib/jjs/demo/JavaScriptShell/JavaScriptShell.xml (RunExportModel)" time="11.215" />
  <testcase classname="ptolemy.vergil.basic.export.test.junit.ExportModelJUnitTestBatch2" name="[3] ptolemy/actor/lib/jjs/demo/ModelBuilder/ModelBuilder.xml (RunExportModel)" time="23.297" />
  <testcase classname="ptolemy.vergil.basic.export.test.junit.ExportModelJUnitTestBatch2" name="[4] ptolemy/actor/lib/jjs/modules/aprilTags/demo/AprilTags/AprilTags.xml (RunExportModel)" time="47.701" />
  <testcase classname="ptolemy.vergil.basic.export.test.junit.ExportModelJUnitTestBatch2" name="[5] ptolemy/actor/lib/jjs/modules/aprilTags/demo/Kubi/Kubi.xml (RunExportModel)" time="54.033" />
  <testcase classname="ptolemy.vergil.basic.export.test.junit.ExportModelJUnitTestBatch2" name="[6] ptolemy/actor/lib/jjs/modules/audio/demo/Audio/Audio.xml (RunExportModel)" time="8.353" />
  <testcase classname="ptolemy.vergil.basic.export.test.junit.ExportModelJUnitTestBatch2" name="[7] ptolemy/actor/lib/jjs/modules/audio/demo/Audio/AudioCapture.xml (RunExportModel)" time="11.884" />
  <testcase classname="ptolemy.vergil.basic.export.test.junit.ExportModelJUnitTestBatch2" name="[8] ptolemy/actor/lib/jjs/modules/audio/demo/Audio/AudioClipPlayer.xml (RunExportModel)" time="10.387" />
  <testcase classname="ptolemy.vergil.basic.export.test.junit.ExportModelJUnitTestBatch2" name="[9] ptolemy/actor/lib/jjs/modules/audio/demo/Audio/AudioRecorder.xml (RunExportModel)" time="14.18" />
  <testcase classname="ptolemy.vergil.basic.export.test.junit.ExportModelJUnitTestBatch2" name="[10] ptolemy/actor/lib/jjs/modules/audio/demo/Audio/AudioSynthesis.xml (RunExportModel)" time="11.646" />
  <testcase classname="ptolemy.vergil.basic.export.test.junit.ExportModelJUnitTestBatch2" name="[11] ptolemy/actor/lib/jjs/modules/audio/demo/Audio/SpeechSynthesis.xml (RunExportModel)" time="49.355" />
  <testcase classname="ptolemy.vergil.basic.export.test.junit.ExportModelJUnitTestBatch2" name="[12] ptolemy/actor/lib/jjs/modules/cameras/demo/Camera/Camera.xml (RunExportModel)" time="43.757" />
  <testcase classname="ptolemy.vergil.basic.export.test.junit.ExportModelJUnitTestBatch2" name="[13] ptolemy/actor/lib/jjs/modules/cameras/demo/Camera/CaptureOpenLoop.xml (RunExportModel)" time="38.523" />
  <testcase classname="ptolemy.vergil.basic.export.test.junit.ExportModelJUnitTestBatch2" name="[14] ptolemy/actor/lib/jjs/modules/cameras/demo/CameraWebSocket/CameraWebSocket.xml (RunExportModel)" time="45.905" />
  <testcase classname="ptolemy.vergil.basic.export.test.junit.ExportModelJUnitTestBatch2" name="[15] ptolemy/actor/lib/jjs/modules/cameras/demo/Foscam/Foscam.xml (RunExportModel)" time="41.964" />
  <testcase classname="ptolemy.vergil.basic.export.test.junit.ExportModelJUnitTestBatch2" name="[16] ptolemy/actor/lib/jjs/modules/computerVision/demo/ComputerVision/ComputerVision.xml (RunExportModel)" time="67.93" />
  <testcase classname="ptolemy.vergil.basic.export.test.junit.ExportModelJUnitTestBatch2" name="[17] ptolemy/actor/lib/jjs/modules/contextAware/demo/ContextAware/ContextAware.xml (RunExportModel)" time="10.306" />
  <testcase classname="ptolemy.vergil.basic.export.test.junit.ExportModelJUnitTestBatch2" name="[18] ptolemy/actor/lib/jjs/modules/crypto/demo/AsymmetricEncrypt/AsymmetricEncrypt.xml (RunExportModel)" time="58.402" />
  <testcase classname="ptolemy.vergil.basic.export.test.junit.ExportModelJUnitTestBatch2" name="[19] ptolemy/actor/lib/jjs/modules/crypto/demo/MessageDigest/MessageDigest.xml (RunExportModel)" time="40.863" />
  <testcase classname="ptolemy.vergil.basic.export.test.junit.ExportModelJUnitTestBatch2" name="[20] ptolemy/actor/lib/jjs/modules/crypto/demo/RandomBytes/RandomBytes.xml (RunExportModel)" time="16.849" />
  <testcase classname="ptolemy.vergil.basic.export.test.junit.ExportModelJUnitTestBatch2" name="[21] ptolemy/actor/lib/jjs/modules/crypto/demo/SymmetricEncrypt/SymmetricEncrypt.xml (RunExportModel)" time="26.973" />
  <testcase classname="ptolemy.vergil.basic.export.test.junit.ExportModelJUnitTestBatch2" name="[22] ptolemy/actor/lib/jjs/modules/discovery/demo/Discovery/Discovery.xml (RunExportModel)" time="8.232" />
  <testcase classname="ptolemy.vergil.basic.export.test.junit.ExportModelJUnitTestBatch2" name="[23] ptolemy/actor/lib/jjs/modules/discovery/demo/Discovery/DiscoveryJS.xml (RunExportModel)" time="31.648" />
  <testcase classname="ptolemy.vergil.basic.export.test.junit.ExportModelJUnitTestBatch2" name="[24] ptolemy/actor/lib/jjs/modules/discovery/demo/Discovery/PopulateSwarmboxMap.xml (RunExportModel)" time="61.495" />
  <testcase classname="ptolemy.vergil.basic.export.test.junit.ExportModelJUnitTestBatch2" name="[25] ptolemy/actor/lib/jjs/modules/discovery/demo/Discovery/PostSwarmboxDevices.xml (RunExportModel)" time="45.894" />
  <testcase classname="ptolemy.vergil.basic.export.test.junit.ExportModelJUnitTestBatch2" name="[26] ptolemy/actor/lib/jjs/modules/discovery/demo/Heartbeat/Heartbeat.xml (RunExportModel)" time="32.577" />
  <testcase classname="ptolemy.vergil.basic.export.test.junit.ExportModelJUnitTestBatch2" name="[27] ptolemy/actor/lib/jjs/modules/dsp/demo/AudioFFT/AudioFFT.xml (RunExportModel)" time="12.801" />
  <testcase classname="ptolemy.vergil.basic.export.test.junit.ExportModelJUnitTestBatch2" name="[28] ptolemy/actor/lib/jjs/modules/dsp/demo/AudioFFT/SinusoidFFT.xml (RunExportModel)" time="18.53" />
  <testcase classname="ptolemy.vergil.basic.export.test.junit.ExportModelJUnitTestBatch2" name="[29] ptolemy/actor/lib/jjs/modules/eventbus/demo/VertxBus/VertxBus.xml (RunExportModel)" time="29.551" />
  <testcase classname="ptolemy.vergil.basic.export.test.junit.ExportModelJUnitTestBatch2" name="[30] ptolemy/actor/lib/jjs/modules/eventbus/demo/VertxChat/VertxChat.xml (RunExportModel)" time="15.523" />
  <testcase classname="ptolemy.vergil.basic.export.test.junit.ExportModelJUnitTestBatch2" name="[31] ptolemy/actor/lib/jjs/modules/faceDetector/demo/FaceDetector/FaceDetector.xml (RunExportModel)" time="15.192" />
  <testcase classname="ptolemy.vergil.basic.export.test.junit.ExportModelJUnitTestBatch2" name="[32] ptolemy/actor/lib/jjs/modules/faceDetector/demo/FaceDetectorCamera/FaceDetectorCamera.xml (RunExportModel)" time="43.379" />
  <testcase classname="ptolemy.vergil.basic.export.test.junit.ExportModelJUnitTestBatch2" name="[33] ptolemy/actor/lib/jjs/modules/faceDetector/demo/OccupancyCount/OccupancyCount.xml (RunExportModel)" time="42.676" />
  <testcase classname="ptolemy.vergil.basic.export.test.junit.ExportModelJUnitTestBatch2" name="[34] ptolemy/actor/lib/jjs/modules/httpClient/demo/REST/REST.xml (RunExportModel)" time="8.266" />
  <testcase classname="ptolemy.vergil.basic.export.test.junit.ExportModelJUnitTestBatch2" name="[35] ptolemy/actor/lib/jjs/modules/httpClient/demo/REST/RESTSimple.xml (RunExportModel)" time="15.012" />
  <testcase classname="ptolemy.vergil.basic.export.test.junit.ExportModelJUnitTestBatch2" name="[36] ptolemy/actor/lib/jjs/modules/httpClient/demo/REST/Weather.xml (RunExportModel)" time="13.081" />
  <testcase classname="ptolemy.vergil.basic.export.test.junit.ExportModelJUnitTestBatch2" name="[37] ptolemy/actor/lib/jjs/modules/httpServer/demo/HttpServer/HttpServer.xml (RunExportModel)" time="40.907" />
  <testcase classname="ptolemy.vergil.basic.export.test.junit.ExportModelJUnitTestBatch2" name="[38] ptolemy/actor/lib/jjs/modules/httpServer/demo/KeyValueStoreClient/KeyValueStoreClient.xml (RunExportModel)" time="44.722" />
  <testcase classname="ptolemy.vergil.basic.export.test.junit.ExportModelJUnitTestBatch2" name="[39] ptolemy/actor/lib/jjs/modules/httpServer/demo/KeyValueStoreClient/KeyValueStoreServer.xml (RunExportModel)" time="51.519" />
  <testcase classname="ptolemy.vergil.basic.export.test.junit.ExportModelJUnitTestBatch2" name="[40] ptolemy/actor/lib/jjs/modules/httpServer/demo/KeyValueStoreClient/KeyValueStoreServerTerra.xml (RunExportModel)" time="52.162" />
  <testcase classname="ptolemy.vergil.basic.export.test.junit.ExportModelJUnitTestBatch2" name="[41] ptolemy/actor/lib/jjs/modules/httpServer/demo/WebServer/WebServer.xml (RunExportModel)" time="46.288" />
  <testcase classname="ptolemy.vergil.basic.export.test.junit.ExportModelJUnitTestBatch2" name="[42] ptolemy/actor/lib/jjs/modules/imageFilters/demo/ImageAnnotate/ImageAnnotate.xml (RunExportModel)" time="45.37" />
  <testcase classname="ptolemy.vergil.basic.export.test.junit.ExportModelJUnitTestBatch2" name="[43] ptolemy/actor/lib/jjs/modules/imageFilters/demo/ImageFilters/Annotate.xml (RunExportModel)" time="40.343" />
  <testcase classname="ptolemy.vergil.basic.export.test.junit.ExportModelJUnitTestBatch2" name="[44] ptolemy/actor/lib/jjs/modules/imageFilters/demo/ImageFilters/Average.xml (RunExportModel)" time="39.845" />
  <testcase classname="ptolemy.vergil.basic.export.test.junit.ExportModelJUnitTestBatch2" name="[45] ptolemy/actor/lib/jjs/modules/imageFilters/demo/ImageFilters/BicubicScale.xml (RunExportModel)" time="40.35" />
  <testcase classname="ptolemy.vergil.basic.export.test.junit.ExportModelJUnitTestBatch2" name="[46] ptolemy/actor/lib/jjs/modules/imageFilters/demo/ImageFilters/Block.xml (RunExportModel)" time="39.905" />
  <testcase classname="ptolemy.vergil.basic.export.test.junit.ExportModelJUnitTestBatch2" name="[47] ptolemy/actor/lib/jjs/modules/imageFilters/demo/ImageFilters/Border.xml (RunExportModel)" time="41.616" />
  <testcase classname="ptolemy.vergil.basic.export.test.junit.ExportModelJUnitTestBatch2" name="[48] ptolemy/actor/lib/jjs/modules/imageFilters/demo/ImageFilters/BoxBlur.xml (RunExportModel)" time="40.697" />
  <testcase classname="ptolemy.vergil.basic.export.test.junit.ExportModelJUnitTestBatch2" name="[49] ptolemy/actor/lib/jjs/modules/imageFilters/demo/ImageFilters/Bump.xml (RunExportModel)" time="41.909" />
  <testcase classname="ptolemy.vergil.basic.export.test.junit.ExportModelJUnitTestBatch2" name="[50] ptolemy/actor/lib/jjs/modules/imageFilters/demo/ImageFilters/ChannelMix.xml (RunExportModel)" time="40.812" />
  <testcase classname="ptolemy.vergil.basic.export.test.junit.ExportModelJUnitTestBatch2" name="[51] ptolemy/actor/lib/jjs/modules/imageFilters/demo/ImageFilters/Chrome.xml (RunExportModel)" time="43.14" />
  <testcase classname="ptolemy.vergil.basic.export.test.junit.ExportModelJUnitTestBatch2" name="[52] ptolemy/actor/lib/jjs/modules/imageFilters/demo/ImageFilters/Circle.xml (RunExportModel)" time="40.894" />
  <testcase classname="ptolemy.vergil.basic.export.test.junit.ExportModelJUnitTestBatch2" name="[53] ptolemy/actor/lib/jjs/modules/imageFilters/demo/ImageFilters/ColorHalftone.xml (RunExportModel)" time="42.2" />
  <testcase classname="ptolemy.vergil.basic.export.test.junit.ExportModelJUnitTestBatch2" name="[54] ptolemy/actor/lib/jjs/modules/imageFilters/demo/ImageFilters/Contour.xml (RunExportModel)" time="41.033" />
  <testcase classname="ptolemy.vergil.basic.export.test.junit.ExportModelJUnitTestBatch2" name="[55] ptolemy/actor/lib/jjs/modules/imageFilters/demo/ImageFilters/Contrast.xml (RunExportModel)" time="42.1" />
  <testcase classname="ptolemy.vergil.basic.export.test.junit.ExportModelJUnitTestBatch2" name="[56] ptolemy/actor/lib/jjs/modules/imageFilters/demo/ImageFilters/Crop.xml (RunExportModel)" time="41.4" />
  <testcase classname="ptolemy.vergil.basic.export.test.junit.ExportModelJUnitTestBatch2" name="[57] ptolemy/actor/lib/jjs/modules/imageFilters/demo/ImageFilters/Crystallize.xml (RunExportModel)" time="43.311" />
  <testcase classname="ptolemy.vergil.basic.export.test.junit.ExportModelJUnitTestBatch2" name="[58] ptolemy/actor/lib/jjs/modules/imageFilters/demo/ImageFilters/Gray.xml (RunExportModel)" time="43.183" />
  <testcase classname="ptolemy.vergil.basic.export.test.junit.ExportModelJUnitTestBatch2" name="[59] ptolemy/actor/lib/jjs/modules/imageFilters/demo/ImageFilters/ImageFilters.xml (RunExportModel)" time="8.156" />
  <system-out><![CDATA[ExportModeJUnitTestBatch: There are 741 demos. Exporting demos: 141 to 200.
####### 1 Fri Mar 06 07:38:53 UTC 2020 $PTII/bin/ptinvoke ptolemy.vergil.basic.export.ExportModel -force htm  -openComposites -timeOut 30000 -whiteBackground ptolemy/actor/lib/javasound/demo/KarplusStrong/KarplusStrong.xml $PTII/ptolemy/actor/lib/javasound/demo/KarplusStrong/KarplusStrong
Warning: not running ptolemy/actor/lib/javasound/demo/KarplusStrong/KarplusStrong.xml. See ptolemy/vergil/basic/export/test/junit/ExportModelJUnitTest.java
Exported /home/travis/build/icyphy/ptII/ptolemy/actor/lib/javasound/demo/KarplusStrong/KarplusStrong/index.html
6117 ms. Memory: 129024K Free: 71724K (56%)
####### 2 Fri Mar 06 07:38:59 UTC 2020 $PTII/bin/ptinvoke ptolemy.vergil.basic.export.ExportModel -force htm -run -openComposites -timeOut 30000 -whiteBackground ptolemy/actor/lib/jjs/demo/Factorial/Factorial.xml $PTII/ptolemy/actor/lib/jjs/demo/Factorial/Factorial
----------------- Fri Mar 06 07:38:59 UTC 2020 About to sleep for 5.0 seconds before running or rerunning.  Test is: /home/travis/build/icyphy/ptII/ptolemy/actor/lib/jjs/demo/Factorial/Factorial.xml
Done sleeping
Running .Factorial
5753 ms. Memory: 225280K Free: 145414K (65%)
Exported /home/travis/build/icyphy/ptII/ptolemy/actor/lib/jjs/demo/Factorial/Factorial/index.html
16881 ms. Memory: 225280K Free: 115208K (51%)
####### 3 Fri Mar 06 07:39:21 UTC 2020 $PTII/bin/ptinvoke ptolemy.vergil.basic.export.ExportModel -force htm -run -openComposites -timeOut 30000 -whiteBackground ptolemy/actor/lib/jjs/demo/JavaScriptShell/JavaScriptShell.xml $PTII/ptolemy/actor/lib/jjs/demo/JavaScriptShell/JavaScriptShell
----------------- Fri Mar 06 07:39:21 UTC 2020 About to sleep for 5.0 seconds before running or rerunning.  Test is: /home/travis/build/icyphy/ptII/ptolemy/actor/lib/jjs/demo/JavaScriptShell/JavaScriptShell.xml
Done sleeping
.JavaScriptShell.InteractiveShell invoked SwingUtilities.invokeAndWait()
Model ".JavaScriptShell" contains actors such cannot be run  as part of the export process from ExportModel or it has a WebExportParameters value that runBeforeExport set to false. To export run this model and export it, use vergil.
Exported /home/travis/build/icyphy/ptII/ptolemy/actor/lib/jjs/demo/JavaScriptShell/JavaScriptShell/index.html
6214 ms. Memory: 270336K Free: 79860K (30%)
####### 4 Fri Mar 06 07:39:32 UTC 2020 $PTII/bin/ptinvoke ptolemy.vergil.basic.export.ExportModel -force htm -run -openComposites -timeOut 30000 -whiteBackground ptolemy/actor/lib/jjs/demo/ModelBuilder/ModelBuilder.xml $PTII/ptolemy/actor/lib/jjs/demo/ModelBuilder/ModelBuilder
----------------- Fri Mar 06 07:39:32 UTC 2020 About to sleep for 5.0 seconds before running or rerunning.  Test is: /home/travis/build/icyphy/ptII/ptolemy/actor/lib/jjs/demo/ModelBuilder/ModelBuilder.xml
Done sleeping
Running .ModelBuilder
0
1
2
3
4
5
6
7
8
9
10
11
12
13
14
15
16
17
18
19
20
21
22
23
24
25
26
27
28
29
30
31
32
33
34
35
36
37
38
39
40
41
42
43
44
45
46
47
48
49
50
51
52
53
54
55
56
57
58
59
60
61
62
63
64
65
66
67
68
69
70
71
72
73
74
75
76
77
78
79
80
81
82
83
84
85
86
87
88
89
90
91
92
93
94
95
96
97
98
99
63 ms. Memory: 508928K Free: 345771K (68%)
8808 ms. Memory: 508928K Free: 332973K (65%)
Exported /home/travis/build/icyphy/ptII/ptolemy/actor/lib/jjs/demo/ModelBuilder/ModelBuilder/index.html
18297 ms. Memory: 508928K Free: 274068K (54%)
####### 5 Fri Mar 06 07:39:56 UTC 2020 $PTII/bin/ptinvoke ptolemy.vergil.basic.export.ExportModel -force htm -run -openComposites -timeOut 30000 -whiteBackground ptolemy/actor/lib/jjs/modules/aprilTags/demo/AprilTags/AprilTags.xml $PTII/ptolemy/actor/lib/jjs/modules/aprilTags/demo/AprilTags/AprilTags
----------------- Fri Mar 06 07:39:56 UTC 2020 About to sleep for 5.0 seconds before running or rerunning.  Test is: /home/travis/build/icyphy/ptII/ptolemy/actor/lib/jjs/modules/aprilTags/demo/AprilTags/AprilTags.xml
Done sleeping
JSAccessor: PT_NO_NET environment variable is set, so git pull and ptdoc are not being run.
No physical cameras found, using WebcamDummyDriver.
Running .AprilTags
ExportHTMLTimer went off after 30000 ms., calling getDirector().finish and getDirector().stopFire()
30166 ms. Memory: 3276800K Free: 2594297K (79%)
Exported /home/travis/build/icyphy/ptII/ptolemy/actor/lib/jjs/modules/aprilTags/demo/AprilTags/AprilTags/index.html
42699 ms. Memory: 3276800K Free: 2567153K (78%)
####### 6 Fri Mar 06 07:40:43 UTC 2020 $PTII/bin/ptinvoke ptolemy.vergil.basic.export.ExportModel -force htm -run -openComposites -timeOut 30000 -whiteBackground ptolemy/actor/lib/jjs/modules/aprilTags/demo/Kubi/Kubi.xml $PTII/ptolemy/actor/lib/jjs/modules/aprilTags/demo/Kubi/Kubi
----------------- Fri Mar 06 07:40:43 UTC 2020 About to sleep for 5.0 seconds before running or rerunning.  Test is: /home/travis/build/icyphy/ptII/ptolemy/actor/lib/jjs/modules/aprilTags/demo/Kubi/Kubi.xml
Done sleeping
Opened file:/home/travis/build/icyphy/ptII/ptolemy/actor/lib/jjs/modules/aprilTags/demo/Kubi/Kubi.xml in 14560 ms.
Size Statistics for .Kubi
AtomicEntities: 11
CompositeEntities: 0
OpaqueCompositeEntities: 0
Relations: 8
Attributes: 107
Atomic Actor Names and Counts:
ptolemy.actor.lib.jjs.JavaScript 4
org.terraswarm.accessor.JSAccessor 3
ptolemy.actor.lib.image.ImageDisplay 2
ptolemy.actor.lib.gui.MonitorValue 1
ptolemy.actor.lib.gui.TimedDisplay 1

Composite Entity Depths and Counts:

Running .Kubi
preinitialize() finished: 14711 ms. Memory: 3276800K Free: 2917309K (89%)
Kubi: Kubi.js: Initializing... (Thread[AWT-EventQueue-0,6,main])
Kubi: Kubi.js: Handler added (Thread[AWT-EventQueue-0,6,main])
Kubi: Kubi.js: Connecting... (Thread[AWT-EventQueue-0,6,main])
Kubi2: Kubi.js: Initializing... (Thread[AWT-EventQueue-0,6,main])
Kubi2: Kubi.js: Handler added (Thread[AWT-EventQueue-0,6,main])
Kubi2: Kubi.js: Connecting... (Thread[AWT-EventQueue-0,6,main])
Manager.initialize() finished: 23642 ms. Memory: 3276800K Free: 2610176K (80%)
ExportHTMLTimer went off after 30000 ms., calling getDirector().finish and getDirector().stopFire()
30132 ms. Memory: 3276800K Free: 2337278K (71%)
Exported /home/travis/build/icyphy/ptII/ptolemy/actor/lib/jjs/modules/aprilTags/demo/Kubi/Kubi/index.html
49032 ms. Memory: 3276800K Free: 2295057K (70%)
####### 7 Fri Mar 06 07:41:37 UTC 2020 $PTII/bin/ptinvoke ptolemy.vergil.basic.export.ExportModel -force htm  -openComposites -timeOut 30000 -whiteBackground ptolemy/actor/lib/jjs/modules/audio/demo/Audio/Audio.xml $PTII/ptolemy/actor/lib/jjs/modules/audio/demo/Audio/Audio
Warning: not running ptolemy/actor/lib/jjs/modules/audio/demo/Audio/Audio.xml. See ptolemy/vergil/basic/export/test/junit/ExportModelJUnitTest.java
----------------- Fri Mar 06 07:41:37 UTC 2020 About to sleep for 5.0 seconds before running or rerunning.  Test is: /home/travis/build/icyphy/ptII/ptolemy/actor/lib/jjs/modules/audio/demo/Audio/Audio.xml
Done sleeping
Exported /home/travis/build/icyphy/ptII/ptolemy/actor/lib/jjs/modules/audio/demo/Audio/Audio/index.html
3352 ms. Memory: 3276800K Free: 2808310K (86%)
####### 8 Fri Mar 06 07:41:46 UTC 2020 $PTII/bin/ptinvoke ptolemy.vergil.basic.export.ExportModel -force htm  -openComposites -timeOut 30000 -whiteBackground ptolemy/actor/lib/jjs/modules/audio/demo/Audio/AudioCapture.xml $PTII/ptolemy/actor/lib/jjs/modules/audio/demo/Audio/AudioCapture
Warning: not running ptolemy/actor/lib/jjs/modules/audio/demo/Audio/AudioCapture.xml. See ptolemy/vergil/basic/export/test/junit/ExportModelJUnitTest.java
----------------- Fri Mar 06 07:41:46 UTC 2020 About to sleep for 5.0 seconds before running or rerunning.  Test is: /home/travis/build/icyphy/ptII/ptolemy/actor/lib/jjs/modules/audio/demo/Audio/AudioCapture.xml
Done sleeping
Prism pipeline init order: es2 sw 
Using Double Precision Marlin Rasterizer
Using dirty region optimizations
Not using texture mask for primitives
Not forcing power of 2 sizes for textures
Using hardware CLAMP_TO_ZERO mode
Opting in for HiDPI pixel scaling
Prism pipeline name = com.sun.prism.es2.ES2Pipeline
Loading ES2 native library ... prism_es2
	succeeded.
GLFactory using com.sun.prism.es2.X11GLFactory
(X) Got class = class com.sun.prism.es2.ES2Pipeline
Prism pipeline name = com.sun.prism.sw.SWPipeline
(X) Got class = class com.sun.prism.sw.SWPipeline
Initialized prism pipeline: com.sun.prism.sw.SWPipeline
Exported /home/travis/build/icyphy/ptII/ptolemy/actor/lib/jjs/modules/audio/demo/Audio/AudioCapture/index.html
6884 ms. Memory: 3276800K Free: 2189796K (67%)
####### 9 Fri Mar 06 07:41:58 UTC 2020 $PTII/bin/ptinvoke ptolemy.vergil.basic.export.ExportModel -force htm  -openComposites -timeOut 30000 -whiteBackground ptolemy/actor/lib/jjs/modules/audio/demo/Audio/AudioClipPlayer.xml $PTII/ptolemy/actor/lib/jjs/modules/audio/demo/Audio/AudioClipPlayer
Warning: not running ptolemy/actor/lib/jjs/modules/audio/demo/Audio/AudioClipPlayer.xml. See ptolemy/vergil/basic/export/test/junit/ExportModelJUnitTest.java
----------------- Fri Mar 06 07:41:58 UTC 2020 About to sleep for 5.0 seconds before running or rerunning.  Test is: /home/travis/build/icyphy/ptII/ptolemy/actor/lib/jjs/modules/audio/demo/Audio/AudioClipPlayer.xml
Done sleeping
Exported /home/travis/build/icyphy/ptII/ptolemy/actor/lib/jjs/modules/audio/demo/Audio/AudioClipPlayer/index.html
5387 ms. Memory: 3276800K Free: 2330007K (71%)
####### 10 Fri Mar 06 07:42:08 UTC 2020 $PTII/bin/ptinvoke ptolemy.vergil.basic.export.ExportModel -force htm  -openComposites -timeOut 30000 -whiteBackground ptolemy/actor/lib/jjs/modules/audio/demo/Audio/AudioRecorder.xml $PTII/ptolemy/actor/lib/jjs/modules/audio/demo/Audio/AudioRecorder
Warning: not running ptolemy/actor/lib/jjs/modules/audio/demo/Audio/AudioRecorder.xml. See ptolemy/vergil/basic/export/test/junit/ExportModelJUnitTest.java
----------------- Fri Mar 06 07:42:08 UTC 2020 About to sleep for 5.0 seconds before running or rerunning.  Test is: /home/travis/build/icyphy/ptII/ptolemy/actor/lib/jjs/modules/audio/demo/Audio/AudioRecorder.xml
Done sleeping
Exported /home/travis/build/icyphy/ptII/ptolemy/actor/lib/jjs/modules/audio/demo/Audio/AudioRecorder/index.html
9179 ms. Memory: 3276800K Free: 2313206K (71%)
####### 11 Fri Mar 06 07:42:22 UTC 2020 $PTII/bin/ptinvoke ptolemy.vergil.basic.export.ExportModel -force htm  -openComposites -timeOut 30000 -whiteBackground ptolemy/actor/lib/jjs/modules/audio/demo/Audio/AudioSynthesis.xml $PTII/ptolemy/actor/lib/jjs/modules/audio/demo/Audio/AudioSynthesis
Warning: not running ptolemy/actor/lib/jjs/modules/audio/demo/Audio/AudioSynthesis.xml. See ptolemy/vergil/basic/export/test/junit/ExportModelJUnitTest.java
----------------- Fri Mar 06 07:42:22 UTC 2020 About to sleep for 5.0 seconds before running or rerunning.  Test is: /home/travis/build/icyphy/ptII/ptolemy/actor/lib/jjs/modules/audio/demo/Audio/AudioSynthesis.xml
Done sleeping
Exported /home/travis/build/icyphy/ptII/ptolemy/actor/lib/jjs/modules/audio/demo/Audio/AudioSynthesis/index.html
6644 ms. Memory: 3276800K Free: 2100726K (64%)
####### 12 Fri Mar 06 07:42:34 UTC 2020 $PTII/bin/ptinvoke ptolemy.vergil.basic.export.ExportModel -force htm -run -openComposites -timeOut 30000 -whiteBackground ptolemy/actor/lib/jjs/modules/audio/demo/Audio/SpeechSynthesis.xml $PTII/ptolemy/actor/lib/jjs/modules/audio/demo/Audio/SpeechSynthesis
----------------- Fri Mar 06 07:42:34 UTC 2020 About to sleep for 5.0 seconds before running or rerunning.  Test is: /home/travis/build/icyphy/ptII/ptolemy/actor/lib/jjs/modules/audio/demo/Audio/SpeechSynthesis.xml
Done sleeping
Opened file:/home/travis/build/icyphy/ptII/ptolemy/actor/lib/jjs/modules/audio/demo/Audio/SpeechSynthesis.xml in 10107 ms.
Size Statistics for .SpeechSynthesis
AtomicEntities: 5
CompositeEntities: 0
OpaqueCompositeEntities: 0
Relations: 4
Attributes: 54
Atomic Actor Names and Counts:
org.terraswarm.accessor.JSAccessor 4
ptolemy.actor.lib.jjs.JavaScript 1

Composite Entity Depths and Counts:

Running .SpeechSynthesis
Manager.initialize() finished: 13083 ms. Memory: 3276800K Free: 2488830K (76%)
ExportHTMLTimer went off after 30000 ms., calling getDirector().finish and getDirector().stopFire()
30051 ms. Memory: 3276800K Free: 2432503K (74%)
Exported /home/travis/build/icyphy/ptII/ptolemy/actor/lib/jjs/modules/audio/demo/Audio/SpeechSynthesis/index.html
44354 ms. Memory: 3276800K Free: 2403819K (73%)
####### 13 Fri Mar 06 07:43:23 UTC 2020 $PTII/bin/ptinvoke ptolemy.vergil.basic.export.ExportModel -force htm -run -openComposites -timeOut 30000 -whiteBackground ptolemy/actor/lib/jjs/modules/cameras/demo/Camera/Camera.xml $PTII/ptolemy/actor/lib/jjs/modules/cameras/demo/Camera/Camera
----------------- Fri Mar 06 07:43:23 UTC 2020 About to sleep for 5.0 seconds before running or rerunning.  Test is: /home/travis/build/icyphy/ptII/ptolemy/actor/lib/jjs/modules/cameras/demo/Camera/Camera.xml
Done sleeping
Running .Camera
29024 ms. Memory: 3276800K Free: 1351166K (41%)
Exported /home/travis/build/icyphy/ptII/ptolemy/actor/lib/jjs/modules/cameras/demo/Camera/Camera/index.html
38756 ms. Memory: 3276800K Free: 1319926K (40%)
####### 14 Fri Mar 06 07:44:07 UTC 2020 $PTII/bin/ptinvoke ptolemy.vergil.basic.export.ExportModel -force htm -run -openComposites -timeOut 30000 -whiteBackground ptolemy/actor/lib/jjs/modules/cameras/demo/Camera/CaptureOpenLoop.xml $PTII/ptolemy/actor/lib/jjs/modules/cameras/demo/Camera/CaptureOpenLoop
----------------- Fri Mar 06 07:44:07 UTC 2020 About to sleep for 5.0 seconds before running or rerunning.  Test is: /home/travis/build/icyphy/ptII/ptolemy/actor/lib/jjs/modules/cameras/demo/Camera/CaptureOpenLoop.xml
Done sleeping
Running .CaptureOpenLoop
25691 ms. Memory: 3276800K Free: 1509888K (46%)
Exported /home/travis/build/icyphy/ptII/ptolemy/actor/lib/jjs/modules/cameras/demo/Camera/CaptureOpenLoop/index.html
33523 ms. Memory: 3276800K Free: 1478616K (45%)
####### 15 Fri Mar 06 07:44:45 UTC 2020 $PTII/bin/ptinvoke ptolemy.vergil.basic.export.ExportModel -force htm -run -openComposites -timeOut 30000 -whiteBackground ptolemy/actor/lib/jjs/modules/cameras/demo/CameraWebSocket/CameraWebSocket.xml $PTII/ptolemy/actor/lib/jjs/modules/cameras/demo/CameraWebSocket/CameraWebSocket
----------------- Fri Mar 06 07:44:45 UTC 2020 About to sleep for 5.0 seconds before running or rerunning.  Test is: /home/travis/build/icyphy/ptII/ptolemy/actor/lib/jjs/modules/cameras/demo/CameraWebSocket/CameraWebSocket.xml
Done sleeping
Running .CameraWebSocket
WebSocketClient: Connection failed. Will try again: Connection refused: localhost/127.0.0.1:8071
Connection refused (Thread[vert.x-eventloop-thread-0,6,main])
WebSocketClient: Connection failed. Will try again: Connection refused: localhost/127.0.0.1:8071
Connection refused (Thread[vert.x-eventloop-thread-0,6,main])
WebSocketClient: Connection failed. Will try again: Connection refused: localhost/127.0.0.1:8071
Connection refused (Thread[vert.x-eventloop-thread-0,6,main])
WebSocketClient: Connection failed. Will try again: Connection refused: localhost/127.0.0.1:8071
Connection refused (Thread[vert.x-eventloop-thread-0,6,main])
WebSocketClient: Connection failed. Will try again: Connection refused: localhost/127.0.0.1:8071
Connection refused (Thread[vert.x-eventloop-thread-0,6,main])
WebSocketClient: undefined: WebSocketClient.js: Error: Connection failed after 6 tries: Connection refused: localhost/127.0.0.1:8071
Connection refused (Thread[vert.x-eventloop-thread-0,6,main])
Manager.initialize() finished: 12356 ms. Memory: 3276800K Free: 2074074K (63%)
ExportHTMLTimer went off after 30000 ms., calling getDirector().finish and getDirector().stopFire()
WebSocketClient: Connection closed because model is no longer running. (Thread[AWT-EventQueue-0,6,main])
WebSocketClient: undefined: WebSocketClient.js: Error: Unsent messages remain that were queued before the socket opened: [����JFIF��C		
 $.' ",#(7),01444'9=82<.342��C			2!!22222222222222222222222222222222222222222222222222����"��	
���}!1AQa"q2���#B��R��$3br�	
%&'()*456789:CDEFGHIJSTUVWXYZcdefghijstuvwxyz���������������������������������������������������������������������������	
���w!1AQaq"2�B����	#3R�br�
$4�%�&'()*56789:CDEFGHIJSTUVWXYZcdefghijstuvwxyz��������������������������������������������������������������������������?̕���������5|�*��U���̱���c6��_d;�_ҏ1�Jm������8~������c����(�����G�������?�����1�J<���)�Q�3���x�����T}Bu��m�$t��iO���Wh��A+8~,����w�������~TiO���Wh�����X}v�����c���݌��j�O��]|\*�ܖ����T����5���"���!.�U�(����>��e(���
(��aEPEPSER��5x���?�������_�
(���<(��(��(��(��*x�Պ��G�v�?��?��2O��z~�u�W�}78�R�P4�QE
(��"��j*�oᨫ����]�������QE�y�EPEPEPEPV"���Ո�������K��/����+�>�))i)���(,(���oᨫwÚT߈��뗑!�~挀�Xc ��2��>%��%��gP���III1�۟z��':�K�$|�a��LD�n��l�
*̖0�}�H�[���ng��K�s�=;�m�jWo���P�U�P|�xǾ:����fy~ʥ�����3����W��bc�M�NI�F~_�^O�1j��Ob�{2��2�Hl��MҨ����t*����dQ[�����J��.
������*���`���L�>Q�!u�Rp~���쿸��/�fE=���6wWq�5�~lҴ���z�:�
���.cR{)�W�Cn��(\�9��J4�&��L)NM$��ɢ��v�\�����2\���J�D���M� ����(��_i�Ɩ��+KT��w'�N�+O�T�v�������[{���V"�����#��X�tɚ�����)9?��Z�.u/Aw���sx���uV#�D_y����0��9*����z<%
��Z��Q�E\��o���euk"\�6ǌ��Lc��V��3��?m��x���e8���#�5�ٟ@d�V��[Z}0j+`�jS�s��ns�Qc�]oR����ť�`�:�v���}z�f\j+e�'�%��/�̱C��c�9#�V5;WJ�F���~���?�]̖8���H�Q�w�:z��Ͳ��H�a�v�ǣ) ���(i������[X]^\�mo��4�ym�'�T�8�?�D����>���b�����7/4��O�Y�E^mj�GF�w��7��"P�of����Om�xI��=V�J��ڗV�K�3�$��~�Oҷ4�[@��/�O����ԍ���Uc�S���T����"�z+8�l��u��s���<�yw���'ѯ��~����uV����r�(�q�X�-�v���A�t�_��ɨYۥ����
�*���/���3�㨥l�WW���Q�d�m^�����5�P|/��[����6�nY�n9�����ծ��J�#�S�n, �im�q��P�9��3����/.t���%0�Fr���\G�(�ܞ����BX�=������;{]��@��W�U��ӓomP����x�p�^�}���X�g������f�M%��������^O���Fp:(
d��h��WS��6[�*�U*{-�?��/um7J�G��4�F���M�����fY<�J"�nVw�g�R�K�4�B������kY�EV�B�)*xe�EdQZO䤭���֦b�G��V^]������Vb�Q�-��41��f����K`��X�K�k~���Ě}��k�*���;��c�	,�ta�#�Py5�Ո�Պ��cYr���2�t�59$�_����=����?�r[��-�X���h���b��-��3�W;��z\J|I��W�����W��E����m�f��_1�r��ӵ�+��;�ZYv��5���|��AגG냞���O7q�$6WSۉA*����x���4S�Х�Wm���hԵi�W�����N�(��Ywgh�g߭p�;�,�,m�$��h��Rr�ұ��]�}|N|Ww�h��l�c��28�v�up|���5��<�~u���������S̑��n�KEW�������j*����C�3_����$QEsxQEQEQEQET���h[*�u%A��޽��Z��Q�eؕ�������CE[ؿ�����k�>����eJ*������ؿ�����x+*QV�/�G�F�������k��YR����?*6/�G�G�}��^�������$�F�����ɭ��I�&g�ʧ^��)%�+QVv��G�Q\�1�#�J�Y:���v9'�Ԍ\���tUM����ѽ��:��J���}������誛����{x�t�������}R]�tUM����ѽ��:?�J���}�>�.�*���������?��o����T�r�h��ǲ~?Ω�I����g�Z�(�AYQ�'��%)_K~L�M�Z�EWiAEPEPEP*(����B����v�?�ML��2�d���i(ք��k�3���$�32���9?���c�������ha��'�k)^���9?���c���������tU���z*������t}�O�/�G����}V���c������9?����o�A�Z��Yҿ���kJ�i�>f�q�����F�g8;���^.e�QE�dQEQEQER��+�>�(��(��(��(��(������
����/§��_>_1�y���AEV�QEQEQE��, ����JFIF��C		
 $.' ",#(7),01444'9=82<.342��C			2!!22222222222222222222222222222222222222222222222222����"��	
���}!1AQa"q2���#B��R��$3br�	
%&'()*456789:CDEFGHIJSTUVWXYZcdefghijstuvwxyz���������������������������������������������������������������������������	
���w!1AQaq"2�B����	#3R�br�
$4�%�&'()*56789:CDEFGHIJSTUVWXYZcdefghijstuvwxyz��������������������������������������������������������������������������?��(��A�Q@Q@Q@Q@Q@Q@Q@Q@Q@Q@Q@Q@Q@i�ֵ�}�HS�ۻ�$g9�}+2�?��C����՝i8A�vk����N�=տ4�F������/�1^�TUwX�����|����Wt��FNt�'� ��)��x>��^T��9P@HY0���<am��[�H`�jgss�;is����{{�{�QH�
(��
(��
(��
(��
(��
(��
���1�g��W]���!�l��j��6x�����|���s:�������O��*���n���d�ЍR�c������
(�����#�CS׻�KG���5�{����x#�CS׻�KG���5�{����d��_�9�(���(��(��(���xJ�ŗ�_�sG�Py{���[Z?��/�-�OY���Kw�6�d2?��+���TJ�b���X��y����ދ�h����,��4`��*��bG����ᆙ$�Э�ߛr��0Ω���F~�֗����)��q�tW����//p�Ϙv�ҭϾ�ƫ��].-^-���e-e��Hm��{����5����ɞ]]���!�l��j�[�E�,LWTħ���#g���YxJ/��cm����/9�f^Q3ʐ=O'�ʽHʛH�3uS��:T�۷�}���������O��*�Q�jq�j�Q�Ħ��M�c�W��94�3��������[���1�	�L~�q�����YSQt����צ�{qEz~��?j� ���Pig&;H��O6Q�g1�)��e��G�m].�	R��;X�x�����쓅�O�ù��zr?��Z��d�#�CS׻�KG���5�{�������K(�4��fY#�<����A=g����Z�k��V�Z�]�F�]Di��y�C�9�"�����N3��ڵ�{=�y}�{�]sN�7Z|�ܶ6ǹX�zc�§�<�=N:����� 4�Ѷ��dH�ϭ%8���*s�NI��0(��<�YtU��Ҥ{��+�%=v�v?
4�x�X���������1�A*v�Ӝ���8�4{�s�WF��Lvwo��,0n�mc�9#�+��4�����+�uko_j:�x�xг�h$u�F����t�+����f��bXdh�z2�����l������5����%G�Y\*���$����k>�މ�A&�c���[E��$�S�"(]��H�p=q\��?���/����¤o&x��хWF�w���q �ޝ&����0�js}�M��*La�d��~�]���w�&��l����5&��
������V�<�������8�>g���㸵��]x��a��-�א��e�yf���R��oj�е]*�W�,r_�ۥ����
�*���/���3���w��b���Bj��y;J��f_F����ɫ~7&ѯ��~����uV�ݺm�ܴ��7�R��oj�mj+���O	���������C4AC(�7�|VMiyqauդ���R@��8���M�I�Z�.��6��6�eok�X�h+Ū\�i˷���sdzo<�k7D����,�3�����y�3T%{�����'���瘌�tP����I�\Ӣ�WW-�$�㦼�t�/����K�]6���w��dT�%(�H<2żY�(�MK�/DҵK�{����fYZI
Ĥ��,`�+*�w0��Ɯ�.k���7�������Z�Z���,����ڭ�kؘ�>b��~���q&���4��X�Iu��r��5�]F�<�Y�.�n�¨=k+@�����G��5���O��?������'�j5~�}u�Զ��c�[�^G�Y����uwo�D^B6*����W��n����%�v�<�f{��ާ2/�����U��ӿ��?�������ޱ��5�aa[�nV�3�{z�&��-/Ė��^�.�L0mI$Lj9�������q�ךjz�S�=�&��<�Cw=źJ#��峨9�g��QP�vw��O�������״�h�N]Z���r�-r�O�Wvv�����ו��䜓��
��*���?�������������7��.�k	h.�,dc��,H��#�X���^usx������ck��nJ��;>?���Qw+�/��?�?������g�1O�e���\�?���/������,w������(�93�������	���]�!X���К�+����ײ/�Q�
(�����(��(�]�?����(����?��f��?����(����?��f����a�/L��ӿ��?���­�;�<c���>��|�Ⱦ�_�L�TQEs�Q@Q@��)�l��z���g�1O�e���^��#��_/�(�����<]�!X���К�+�������	���|L�{"��u@��*OX(��(����?�����b��?����j��y��I b
�G��
5;��nVH�/�=���O<}�-���+��)V��1�?��n�������p��O�����k�I�j�(�c����(��(�����?�ߵ�;��6�J6��rG����6��>�����U�W�8&�}�L*�s������������O�*��X�?��_�	��W�QK�ď��'s��V����Z����2%�Ob}j�gh�������!Z5�UV�G��T0T�H(�����(��(��(��t�����f�������@�Oq�E�Wcd簬�FRV����kNu2�(&�:��26h���H������o��G�����C_�q���1���j�Y_��?������(���I�������G������b?���բ���#����!��Q�	��?��aW�_�T�#����E�'�Q@z7�y��t?�V�gh�������!Z5���#>�-�t��QEfwQ@Q@Q@sڟ��%�?�����O�B��WN�~�����G�K�eJ(��ϒ
(��
(��?��, ����JFIF��C		
 $.' ",#(7),01444'9=82<.342��C			2!!22222222222222222222222222222222222222222222222222����"��	
���}!1AQa"q2���#B��R��$3br�	
%&'()*456789:CDEFGHIJSTUVWXYZcdefghijstuvwxyz���������������������������������������������������������������������������	
���w!1AQaq"2�B����	#3R�br�
$4�%�&'()*56789:CDEFGHIJSTUVWXYZcdefghijstuvwxyz��������������������������������������������������������������������������?�(��0���I�Ky%�����4`����j��y��e�t��](��W�R�N&��������K�fXύ���_�o�G���U�������W�fXύ���_��2��|m�����^�`�T����3��H�̰��o����G�e����ߥ�
>����V����g��^���a�>6���������K�}z=��R��?��7��#�2��|m�����q:�Qí�G* ۅQ�>Qڵ��Ueʑ��yL%VSN�߃��EWI�Q@Q@Q@Q@w������B5�W{�������#\x��S�S��_��MZ(������(��(��(��������"���|G�!����+��G�|���G�K�EW�|QEQEQEQEW{�������#\w������B5Ǎ��>��?�e���բ�+�?@%���R�T㚓�Ry?3R��?�U��0�
5)FrݜU+�2i~�'���4}�O�'�j���m?���L��)?�����Ry?3W���6���X���U������z�������?�Ƽ��������"��*�i%���7���%�3.�(�H���(��(��(��o����g�t��I㶹�w���;�ꣵoX�o�>*�];Ú��c�MŴz�Q�~ɺ?�O��j\�vwW�B��`��dk�.�8��qR��wU��f�.-vp�6�$��+pqM��A���V�����=?����������s�ua�?{�RP���5�Z�sR���v������������(���V�������[�|)��in��ˬ\0T
����S�ت�|>�U���|?6�"jwJ�-* PX�������t�/���������O�Ώ���L��ɽ��A�W��]3�~�V���ѧ�眲.�'W���z�%�֯���̭��Ͱ��8?A�z��G��1p��ӕ����eQSCk-ŝ��{>�k�iZEUE=Ij���ū_���<ׂCFt�r��k)���vδ!I��#.��7�YkZ��M*\N�+���e4�NA�?CX�]��E5��[�ȭmP0
r�؞	8POj����_o����g�_~��u����Z��/�B�.���u�N+�����	j��Ѽ7{�/�_'ʕv��2r�g���3w���Z��j֚̖m4�#eC:�8*�� ��条�:��/���t{[��`j�ɠWE�a�,w������k�p�9#�qx�EW*s�j�v���h�m[�އ�&����&�.n2d�mې�<q�kGX�w��H:����od1�R��2@�$�$@�ַG�sWU�����b�&�Nx��$B�?��v�w�F�������k�iz3�Z]1J&�A��[9a�A8�3G2�9Z+��>5�����=v�[n�Km6�!s��\�	���1��Vڥ���MgS��q�wE
X%�AH�?1<���=��om&���l�l��2ٔ�G�))'�X�_Y��{���-mc��<�4\� c���ֶ���3W��u�跫a"�Ei��nd�E9U�Q�9?�Z�J)J-��=B��������kLѵ9�@���Зˉ��*T6:�O�]V�}��Z�eg��˨4�����*�l럛$m�
N7c#�x-.�K�;����D��6���j�5�dbY'ĳ���ݠ���~lv�]o�5�&�_��w��F�I��ٚ���F'�}��=��(��As��׈���<[�[f�|l�K$��rҷ����O͎�j�x��~�oya�$��sޛ�t���$Pr.@�n��u�xj9t���+�m�b�ȡX)�H<z�VS7
[��~�ʪ��;��S[�_�Iү�T����?�����#���1�CH�N��M�]40]F�L��7ϦkGZ���Z�����]]ݸ
dr�t`*��#֟�����z�q�km|���i3�|M�7�>"�[_Y��s�Z�	QRIJ�dX�{�7��R�O���MZ��(..�k;� O2B"M�x+��O��O��?��?�G�?�����
���������g�\���X��״�C���,Q���/���0-�Ќ~=k��m7�_��+��#N���<�Q�d0EqA��K$g��FTs\�#֟�������Z�I������Z��������C���i6���s����d�2�(S�B>�v��_xr>�R�ǚ^��� ��g��˃���}�I�k3��O��?��?�G�?�����
k��k��Y��������׾�э���cR�c;����I�ө�%���?
�	��j(f��e���a�6��pX���V_�#֟�������Z�I����bӾ�x}j�?���i��I�ڶ��b[�t�gm9]�ۏ0��{޼=~��WM���������G�#֟�����\r\z/�Oz�xo]�͇�I�U�Z[!�����ȺY�U<|���^���֡����:�l���a��[�E�[����FX�������J��Q�[�Թ��QEQEQEWY��&���k���F��L�/�׻���2���͉��~�(��8B�)CJN�l�.i$�p��p����F�e�|ϡ�ǡ���I�z҃���_�+�	��i��-�,~����������+�<���(���-?��AB��?�������_���j��g�O�^�EW)aEPEP]f�� �?�_��N���A0���#^�����/�G6'�^��(����
C��������)|q�DtQE|���R/�H�tW~]�W�����?��F-Q^��aEP'���Z���*�_��-?��AB�=�������R����(�R(��(����A0���#\�[�S���b�m����zY^2���Q6����ƴ�dvW'������8��G�Ρ�?����{���e�/�9��>��)C\��Ρ�?����Km�_Iuo>U�A�Oғϰ�\�2���t��SO�訢��>�*E����-GS����(�ڋ���ե,e<#��i���s����3���?�C�~?���
?�u�����+��`�,���g��i�GYEr�:�����l�����/�Q��a��_r�0������-?��AB��i.%iem��N1Q���**��R;6���ȫE ��+��(��(��(��(��������Π���������Ċ�Ď��(��>�+����)7��A��-���Ro���+��5��g?�k���TQEy'�QEQE��, ����JFIF��C		
 $.' ",#(7),01444'9=82<.342��C			2!!22222222222222222222222222222222222222222222222222����"��	
���}!1AQa"q2���#B��R��$3br�	
%&'()*456789:CDEFGHIJSTUVWXYZcdefghijstuvwxyz���������������������������������������������������������������������������	
���w!1AQaq"2�B����	#3R�br�
$4�%�&'()*56789:CDEFGHIJSTUVWXYZcdefghijstuvwxyz��������������������������������������������������������������������������?�(���Q@Q@Q@Q@Q@Q@Q@Q@Q@Q@Q@�����amu���Ήd��g�;���/��v�h���$ݳn2H�2}+�4O�������+����!�?���&�[��O����r�QEy#
(��
(��
(��
(��
(��
(��
(��
(��
(��=�D����^��"�O�?����W�Bj��O�������+����!�?���&�{��BG)EW�0��(��(��(��(��(��(��(��(����[x���:M�ʐO�nhH6��0H#��ձm��
k�[Y�7ZΟ}y
�f��D��eF��N;�Uq�䮀��O�������+����!�?���&��K��=���c�mp�2�e���#�\��|;��#�b����������Cb�H�q׊���R^B<����׋�H�;�L@@
��@�㊫/��C�o�˦�j
Z(���	$6v��x\��3���׋�H�;�L@@
��@�㊭7��Eo�fK��^y-8�ȟ2/R�8o�$��.�`T7R4q�8�KM�����U��"�+H�����#9�և�|5��W�.��$��feR� �NLzލ�(�z҃S����C��T���j�������?l�Gỻ�B���dh4��u,���$�;��7�i�
���W0���ef��#�ܰ ���9�O��ܫ�=�]�-<���j������S���|<�m������q%�&�l�f_P��?��h����F����]j���͡WU�!�,r�I�=)�t�E���~%�����
>�7��AW�Ok6��]��47ύ��q|��r'�3W�ox�CҎ��i�ٌ��� �G$Gz=�.�|�t�k�g���1�9�u%nYx��xv-]4�ţ2���INNv�v1�J�L�'�u�{�?Ky����km9�s���8�"��i.��U%7n�;Et��Ggqv�-��o��-����p�n�i���#խ�3}��I�㌳�h$u�F����r=GJ�� ���kiF%�F�ǣ) ��r���t��m4�i�w�P��F%/4�E�ӎX�95�o��=u�ꚏ�����maU��e�L�� �rJ����������n��_�	�HI(j��������z������]��jsj���Ty�.c�b�o�v���?��k}N���K���Ubܪl���8�^��X�J<��gE�k�^+Y�!���%Cωn��ݹ9c���u~ִ�K�"�S��YA�}�̝W�Rq�����{W�QX���@�?�V��B;�E�J������rr�i9�j�Ťi��,����N[֚�D3&�a�C.�3�8�2����ޕ���M�'tr����R������hzD:&�*�Z������h�0�G������<?�ex�O��	ћ���ߦj����{&���My{:�y��pd�ze}{��=�=&��۳���t�����:F�iwic��_ܽ��"��)UBT�V-��z���s��Z�Z�����C=��i2Ƞ�!�*HPb�-c�>�����k>��+=�VE�}�v��]��k�iw��D�2�X�a}n��!�l�����v����X\��M�{�~{�%�;��?p��Bd|�&�n��?�A����?��70���k[��<\���1kT�����״[Ox^(n ԭt;y�����ڨ�Ű��}+�ԴMN��G�&��]\Ȁ��%��̫�@?1���EEy�9+5�M����K��:j���=I���{im��c��$!h��������r8�k���N��->��X-�..-��nGކ6u��9��U���_�	K�!]4�������j�_�zk�tߴƧ.�j�d_�[��S'�+�;@�N}���l�krNI�I��z+i��=#��&����`��ǉt�XAuqc#��bE]�2���Z���u�A�1��̷%U���ꊊR�̭`.���������![^:���?���V.��!�����B�����^���5�d���(�����(��(���'���L��R�)��4��}$>bk�����3Y������1��g�3���+����k�\S�
�k����k�\S�
�3��>�����Y��+�ϑ
��_�	K�!]%sz�����?���/��O+�3��QN�(���
(��.���������![^:���?���V.��!�����B�����^���5Z�/�9�(�����(��(F/�I���%�uP�.�Eq�Ka�P��ƽ�X�N�[��,]7h�����}��s��}Msr�Rp������d��l�
���Z���B����Z���B�L�����|G�(z�h�����B��W�BR��WI\ޫ�!)�+��C�����?TS��+����(��?���?��?�V׎��7�{/��Ջ���n���c�Ѕmx��Cp�ײ��MV�K��b�(�((��(��*������Y�׿�G�ն��6��%(����
���Z���B����Z���B�l�����G�(z�h�����B��W�BR��WI\ޫ�!)�+��C�����?TS��+����(��?���?��?�V׎��7�{/��Ջ���n���c�Ѕmx��Cp�ײ��MV�K��b�(�((��(��*������Y�׿�G�ն��6��%(����
���Z���B�Џ[�"�#K�"�6/~��ag��PkN瓛`*c!�iY���goEq_�ڟ����5�
?��?����k���c���<?�w������sz�����?�����f�$����QK+�!�F���+xyR�R�SU���O_A�QEt�QE��, ����JFIF��C		
 $.' ",#(7),01444'9=82<.342��C			2!!22222222222222222222222222222222222222222222222222����"��	
���}!1AQa"q2���#B��R��$3br�	
%&'()*456789:CDEFGHIJSTUVWXYZcdefghijstuvwxyz���������������������������������������������������������������������������	
���w!1AQaq"2�B����	#3R�br�
$4�%�&'()*56789:CDEFGHIJSTUVWXYZcdefghijstuvwxyz��������������������������������������������������������������������������?�EW� ��(��(��(��(��(��(��(��(��(��(���7�樜�U̫U�q��[��QY{#����K�U
(��A����%�*�{ ����B����?Z�U�v��,O��-�[�o�j:�̗�������@�AQԃ�����Q�wb�E�hQEQEQEUI��5[���jƷ�r�>�GEW)�Q@Q@Y��V~�Z����?Z֏�ta�J�t�u#}�Q�������F���zH:
��Fw�8z���(��;B�(��(��(��M�����֙��[��b�~���2�3O��^'x�Ҥ�쮮5���DRRF@�lv�z�ԥ)�C�($���fK�l>�$a-��m73�|ॊc9����X�е+���pϨ	M����?�y<c�k��W��7�W���+}��4X��SbS��R����W����Z�:Sز�̥�����I�v=��9��~�}��+}��4X��SbS��R����W����:���ɖ��3.���A��sG��f�}������7���U[{9�l��	�kX�٥iU�9$u���[�9e�m�kG!�U�� \�rٗ��&�3������Q[��,�}���E��&;���e4�NA쿡���t�:�<�w�Z� `ܥُ8POj�����Z�N���!����γqf.Ⱅ�#p9��r*u��s�Asak5�ԗ���X�1}�#��W���&4*I�G�Ǣ��闶7�������l}Kg�1���մ�?��ٴPd��' �H��s�G��e����N��1�)���������Z��mŭ�I��8u���<s�K��j7nW�UVo����δ���>�*�w�@�:�g${����Zk�Ӧ���2�J5�2���Eti�h������5�D�%�5�<:�Tl������:W:����0�F�є�G�A��;�����kZ]^\Eoo���g�<�����<?�U����M�j2ؤe-tyM��"�0GS�UZ�7�樕E���a���Sj��Om�xI��=V�J��ڗV�K�3棂��d?J���m�ľH5�>����R7eU�qN['�RCN3���討*ϙ����X�;�����ڄP|/��[����6�nY�n9�������h:��a��95;t��ԍ¼ʢ,��������),SM]W��!�����6�����G{���wM�[�yG��rĩl㷵k���<�)�7^���܈f�(e�Wp��`����:}�wV��n#9I�T��~b��^������g�kss�v��=����ȯ�ru96��a��M��E᛿�j�Y��p���?�ki.n�翿����|�b3��@P'�SZ:���{�
���U1+�k3e[��A>�����B��5[�m.���v��dT2JR4$b��:��w�����z�������U�Q��lHH<2�PQ^��c��5%˿���:�[Z��X�W�Q�E�F�bmZō�D���)l�k$ҵ����ۛ�r{�Y�[��cqǖIe�d0ݑ�Pz�){2�e)%����ٳ��o�+��4�Yc�����/#�����:g��'@��,� �ԯ�<�R3�N�b��/U��wmME5K̚q����3����Ν��n��-<�+I�L���^H �;��V����`�Q�����Mm�U��#w\���'�b�J��˞`�Uic~�R�'������io'����SQ�T,���7�g߭p�K3�{�%��"I�v
٪��5ˌ���_�:�X�Z��]��t�~�����Y[$�Eu-��~��G&�N��9��y��^O�K����6�d��O�݊����Nek�UI��5[��v,Iɬ*E�Yb)�q�J�U����Q�t�j������B�g����}�=Z�8y��R�V���g����}�=Z��uM��1=��V�?�C��G�,�g`s�*�)U_ ��Ew`��)�S�Ǔ��R-�qw^D�Sw����zy:��aW�_��QMޟ�_΍�����aW�_��QMޟ�_΍�����aW�_��QMޟ�_΍�����aW�_��UY�֚��?�?:�)BA�q�d�4�s��!(�|��~�eQ^a�Q@Q@%-%mC�;p�~��QEu�QEQEQEQEQE���S�g���,��(�0
(��
(��
JZ*�7tkJ��K�"QKEi��t}~�e�|Ģ��=����;/��%�Q��_��_2x,�.P�Q�Pq��sRe^���yƴ�O������*�3m\��5S�~?�s_�W����_��*��x����5��U����W���濲���<��G�U����Ǘ�k���f�U{/���A��vFe8#ޒ�������:�����1������QH���(��(��(��(��(��({D��'����
Ҭ��<����+J���nQEQ!EP+w����F�uMw����F�uq�΅�QE��, ����JFIF��C		
 $.' ",#(7),01444'9=82<.342��C			2!!22222222222222222222222222222222222222222222222222����"��	
���}!1AQa"q2���#B��R��$3br�	
%&'()*456789:CDEFGHIJSTUVWXYZcdefghijstuvwxyz���������������������������������������������������������������������������	
���w!1AQaq"2�B����	#3R�br�
$4�%�&'()*56789:CDEFGHIJSTUVWXYZcdefghijstuvwxyz��������������������������������������������������������������������������?�h���QEQEQEQEQEQEQEQEQEQE=�+<�X�犂��������Q[��V)�8�O������G�|_���[������S~TT�ϋ������>/�?�?­�G�h�(r���|_�����y�1�n�>�G�C�?�����c�(�ϋ�����tQ�Z?���������G�|_���[�����P�EO�������
?�����c�*�}V��**g������UK�V	B�$�5�Y���|/����&2�8R�U��H�EW�dQEQEoO����w���V����o����/�Tw4�����(��(��(��(��(��+7P����w��Ҩf��S��6�cs^nk^�;�Get\(T��)��"����������^���o�����?�p���?�6����'��̢�]��� �f�1�N��קZ<����^�J䨬(�LB��������QZ>ѭ�A�=.��H'߹� 0ڌ�u�jhv����>�iw:f��II��N�}�Jc
��]��EY���+��K��M��8)b��r'�cV-�-F�M= �3�Sj�j ��O�:���Zv�2����3����_��bc�M�NI�F~_�]�1�ūC���-��Z8˯�$���cޒ�R{I}�.��+y��$X��SbS��R����A/�5�o͌�En|�0B�����4,E��ނ�Ȣ���k�;���}��?6iZEUE=I}^��������O5��ۄ`7J*A��ӝXF.M�\ʢ�_�~�[����M2\N��J�D���M� ���a��=u��[�حmP0
r�ܞ	8PO�~�G����/�as"��o�-z��^æ���@,=B���
���WZ��a�ӭg��}D�:+��"/��{�0��&�Uܖ���d`T�}����t�CN�7V�Gr��7�Lc��W��1��v�����˖S��@9�9��e`=�{�z�D�J��32��_�O�El�Jy��.v���J[kZ��76�-,3(�����<s�ֿ<�U���>��h�ۚ�M��3��Ǫ��?��z��O����e�����N�rGҸ����8�}����<SqwVAEv��o��j�xn��Q]zTB�Gh$u������t�+��'��X$�)7���?0kьԶ<���yk���O������1)y��"(�rǁR�v�A���wڇ�4�JK4C��)��i`du<}+��z�|7���V��9�I;_A�]�e���>0jz���|5�ug�d�#>jH
�d�+r�W�-<K���_��-�m5&��L���)�d��H`	�q�\M�O-�����knk�ЗF������|#��Z�v��r�J<�s�%Kg���е]*�W�,r_�ۥ����
�*���/���3�\���I��{t���%ѯ��~����uV�ݺm�ܴ��7�R��oj�mj+����	���������C4AC(�7�|VMiyqauդ���R@��8���7��j��k|��mx���H���,$W�T�:��x�j�0�G�������[���n��8̬����5BW�������{���y��E@�M���q��{�_�F6Z�-櫦�~(������]��W7����"��)DBA�-����<�j\�z&��Z^�ص�ԍk2Ȫ�HV%$c��+Yj��.k�������c�����Vb�Q�5���ڵ�Ȉ![z��鶰�J��>�y�]>����TO�x���$��Ѝ�*�ɬ
+5��-�������-�E��x��V�ב�z5���]���������zz��r���t�]ӧ���/.$E1[�Isp�`;�\��?1�oҝW��ԟ���4��xomym��ﳽ�iE�WL�t˿i)��/�!kf!گ4y�O��$��`���z�|�o<!�M5�y!����3%X��ι����qWh���6R���5�g�{�~����s�Q�f����_ \4�bHŢ�]��ٳ�9�&Ӊm2щ�0�'��W^�YY�so���^�;���\��?�x���&xn�����D��.�N�	A��5��t��WW�Fc{��nJ��HϏ�u%�F�+����������QU*ޟ����م�4J��Q_BtQ@Q@Q@Q@Q@^��Rު5�������4��h��	T���O<W��a�#
�mQPvguEy����?�_���Ə�]G�����|�%O�F��WX_ں�������԰f{(٘��N{���`e���w��S��,�E�r�[��������U�?�>���+��h��*(����
(��
(��
(��
(��
(��
�<O�!(���f���<O�!(���f�q��w1h����
�ӿ��/������;�<"�����U��QY��V����o����oO����w�����%GsJ�(��:�(��(��(��(��(��O��J?��?����O��J?��?��\o���Z(��r·�������f�k{N����j'��o��EVg0T���ۻ#�***�'	sGpN���/�e��������_���Z��]?]��߂+�E��/�e��������_���Z��G�k�7���E��/�e����R��[$۶���|W;]6�� ��_��?1�1ti)S���.��ڋ敘��O�v���O�v��^/��c�??�����ؿ��;Gؿ��;V��1�����9"T��4��h��4��j�o�?�����$N2��e���컼�7y��3ұ5=C�F�f�ܟOz���<�,���س1�I����1��ϟ�E�M�g�%�d�3��D��cG��?����G�#?����W���k������ӿ��/����������"���q�Q�A�k�����"zw0���EV�1��, ����JFIF��C		
 $.' ",#(7),01444'9=82<.342��C			2!!22222222222222222222222222222222222222222222222222����"��	
���}!1AQa"q2���#B��R��$3br�	
%&'()*456789:CDEFGHIJSTUVWXYZcdefghijstuvwxyz���������������������������������������������������������������������������	
���w!1AQaq"2�B����	#3R�br�
$4�%�&'()*56789:CDEFGHIJSTUVWXYZcdefghijstuvwxyz��������������������������������������������������������������������������?�(��A�Q@Q@Q@Q@Q@Q@Q@Q@Q@Q@]��%��#�ѮcVVU*����M�����!@�=g�I��]����Q�����.����*��*�P����e����a�?����t�
�Eʻ?������:�R�4}2-�H��4u�����V�P�?��׬��	�R����z(���
(��
(��
(��
(��
(��
(��
����M�����!T*���!�7����Ѕ�ďh��(=p��(����5/����A5~�j}�M��ݷͅ�v3��3LRٞ#Ev?���K� �T�	�Q/����U{9g��c���j�ٚ��~g����ی���u/C6��QE 
(��
(��
(��
(��
����M�����!Z������o�h��O�ϙ��`m��`�GU������{[��A�u�-C�G�=Z(�N��`h��N8�L���]�:�*V��,��¬-pm�f�@,S�@��A�^\IeQ+Iz$ku�|�����)�.���R����ڬd�����pA?�<~5�:�z�zsڕ��K"_�Ns�v=��p�s6�/���t��x[[U��:_�.'��ƫ�h�wY��[�%�]yQԃ�8�qsǹ�QSCk-ŝ��{>�m�iZEUE=Ij���ū_���<ׂCFt�r��u����d��>*�������-cׯ��4��jz����77!���	e�L0*s��8��<!�ƻs4�j��+;G	*]˂�8Q��k�U���9])�N��{��Z�)�}�5}0��.�m�3P��?���_��k�k�C5ήuSh�+�B!߹�vs�G��;��Q&����+��<	�iZ��׶�+��ȲX�xpy㊻��/�^���h_�,��d2�' r9 s�O�ø��WM7�m}:����g�dїV�OV�h��"�	+��~��o¿��P^XX$��1�&PӴ�=9��ڏk�xz�]��]�\�-�����A��*F@^�) ���U)le(��0��6?�R�T��qx��8��Ck�()g�'�����7���_\Y�.٭�h����?1J3R�G[���M���]��Akm��i���\��r@�kWþм'�X�����}A��I`��f72�J�Q��c��^mW�?������*e��Wv=��ɿ�)�jv:]�k�}�]���$��2~8�{=gA��6����v:�\N&UX�h�l��$0�dW?EK��=�CK'��zUͽ������b���O�K�[��U�ps�%Kg�ں�'R���w��5흴Vv��#J� M��/��>�	��:(tSA?���=*����e��v�^j�����-�I*��9������[/�[�7>Ka�ll�^Kh�e΋he�F�?�O������k)�x�) PJ�u�~b��W�����{m*����2+éܝN]�m�C�c#�y���Z5��v�gw��Vo�s���sqq=�������O9��(����WUN0j[�8B����5�7D�G�,t�F���O����kY�EA$�	�X�+#��\�z���^���wy+�̲*�����Tb�Oj7pk�Q�.�]�A��Y_������_�>Xi]�mJ���w�^�-{u�}�[�J�Z��<h#�
^Ѿ�d��ֹإ����mǊ4�)��E=�	���s�~�%�>�n��@<���{�����/�Q��}�=����
_V�����n-�˽���=�/h�O�<#l��jv�$%���iʪ� �O_^+��4-3M������M��.$LG��7d2/�������������_��^��{���}^F��P�RM߯���E}�4mG�z_�m'���]��aڒH��s���$y9�㩯7�u(n|�M>;�X ����IAd1<�u ���y���������(�׾�������V�s:u�џ;rz�T����c��:{~ы�K�ڝ-����_!PY�+�;q�1�������_��7s�m�v��1�T�:|��599�͏c�o�~8���?�t�Ke6�WV�K,J�bG�����^Q��V��H�O�]Kq���-�֩�N4�]�@T�7?c�-��o�eY6���*
+@N�w�#��?�1����#��?�1���	E�X�����d�'�&?�?�d�'�&?��+�+����/�{ߩɊ̪P�[�]�k�G�B�c�����S�f��N�:%|n�23��QQ\qΒޟ���y5�o���:�m����;���o���?�7�W�����k�����Ww����5��'����*��!������B5N��˚)�=8��(�PQEQEQEQEQEW�W�װW������y9�����EW�y!EPEP��������?�#T���!������B5N�֗�D}M?�zQVXQEQEQEQEQEV��%:����$�
Ǣ�t�S�~�J�'�+���?������(���Y�������X�VU����D}^����?������(���Y�������X�Q�ZȾ�W����F��%:����$�
?�)����!'�V=}V��/���*����y�it�1f8�I94�(�Ҷ��`��(��(��(��(��(��(��(��(��(��(��(��(��(��(��(��, ����JFIF��C		
 $.' ",#(7),01444'9=82<.342��C			2!!22222222222222222222222222222222222222222222222222����"��	
���}!1AQa"q2���#B��R��$3br�	
%&'()*456789:CDEFGHIJSTUVWXYZcdefghijstuvwxyz���������������������������������������������������������������������������	
���w!1AQaq"2�B����	#3R�br�
$4�%�&'()*56789:CDEFGHIJSTUVWXYZcdefghijstuvwxyz��������������������������������������������������������������������������?�(���Q@Q@��d���	l�^5���������X�'������&���r�5*�\�����p��87%}L��G,������
?�������C�+^������Du�^����Y��I����9g�='����V�}G��>�K�L��G,������
?�������C�+^�>���DW���=��֖2O�Yq��c��aW]���"���+��4�
U�`�������0�QV�(���P��(��(OC�����g���+��������b�
���=7�q�QEy��QE_�?�/��A5��!��^���k���ɿ��Dz��_�
(��c�(��(������?��B��]���"���+������?VyX��/O�
(����(��(����������b�
��?��������<'��C�eQ^a�Q@�O�����Mu��h����������2o�?_���o�������� 4��$⣫Zg������B�V�v=�o�D5��m�}7�G�"����������Ҋ���P���8��D5��m�}7�G�"����������Ҋ>�P=��Q�>�wc$�h�����������]���֟����[����^\��¤UGyI�
�[���?��?�G�*�o�~������Ez�����I�
�[���?��?�G�*�o�~������Ez�}N�{I�
�[���?��?�G�*�o�~������Ez�}N�{������3��t�}"�]t�3G&戀�
Xc ��Һ�2���%1[����WS�6�R�"��21��>��ژ�TQ���4V�Ƈ���j3�촎�س�\�)�9���V^���[!!ռ�d<�o����q�|g�k��{X�1i�D�H#�e�A��᧌�H��NB�I��W��m���Ce��=�Mx��Wx�i�$6v��m���Z��[I�ɳJQ��F2vM���]�Ŷ��ǵ99�����{�5���:,,ty�)��#��Uy|%����>[K�%���Aԃ������Ѓ�:���#�(ᰴ�,g�)y��{�5b��uid���1��3T�..����U6֑����*�/@rH�}&�<3����a+H%��Cn��*�e �pk��ɹ=7�O��t(�2m����W����B�������`xO��:������h�ev�O�(�QI��ö:�K;U�Sk�L�^�ij��)%K�<p��+����ǞWM.�v�r{'3�3������%z'����'�
?�+�?���!?�W!m��]���*g�+�[*P������'u��b+�6�����#j�(H��r:���Ei<
��ۭ/�M�w>��i�u��������(���D�������\���i�����r�v��7�n3�}*��{I���}�I� ,�nN@9�9����i�Ǯڭ}4/�Xm=���jv?��������*͎��jS�6�d����Ì��{���� �H]Q4�ͣ��RJ����ҷ�	��ZK��R͍��#�:���׎A���'��FS��ך߶�5��xSr��^ks�����z���nʑ�q$c�T�4�54�
*T�Omu� ��_F��N��D.�Q�;� ��23���<{�#U�ꬤ��G�II=��ly7�]?���W�0�[G���"��O��;�O����4�FKFK]Ss$� `du?�pZ�~��s?�WA\XUzft`�n��v76^-�f����v��ɯI��K���"2�������ҵh��ëh|G��A�E����gUHˁ��~P[!I��dW��\j�V�8ί������+>�#��Ƞy�,�>n�N[�'8�]o���.����5;8��:�ڼ˅_!O�ߓ�:g���oL���_��5��j���K�f�a�*F�Gg�jq����+6�#�����͉n���9����U��t�=��-s��z�[��r!�=���A]�g�q\�X����o#����q�r���~b���pZ�--m�kz3�_�����:OAi��hZt��k_�rm�m��������o������a����?�j������6��^Myy0���P'�SL�pX7J��]e-�$��L.Ӥ�Sw������i�?��;c��V�v�}�����̲*y��D%O�nUoZ�\\i����]��������IJĄ�pʀ�+��������rR�M����<�]��n.�W�X��u{c�ê�}�[3'����}�"�V�zmǥ`�u��ay�M>�K�z��16�t����X�0�FA<ժ+�8nGx����SΌ�v�jvx���]Ũ��v�%��h��?"#�N���[Q�ޝa��J4�F��d\r;���@wJ�ʀ~c���譠�	)���{��8˙Z��w6��h�-���u����y#������^B@E���#���is����i���taӮo%�k�"��>�&	�t�
+�ݾg{���cw�����=o���qwm$pM�t�y��KkuNogϿZ��ޯ�e��b�s`rv��C	�[��D�χt�Z�\���`R�r֮�bH��u�c��kC��g�u�Os<�M)���m<���Uz(�1wl"�g�h������1]s��~��s?�WA^6�gF�8�(����
���F/���V������#]�w��/�G�GF���_��QE����EP]�pU�ח�����x������EW�x�EPEPEPEP�h������1]q��$M�7d8�T��e�����}��:8�N<�J��mb(��`�zg��b������xdFpá�o���ׅYm���hMS���Lꨮw�N��{��(�Ӽ������
�_��������C��C��?�訮w�N��{��*��w=޻��N���8�pT�d{S\Q�nܲ�����h>���3R�ڿ����>_��ƨU�1��V�ON�gc��~^^���(�c�
(��
(��
(��
(��<V�(��0
(��
(��
(��
������W�~C���ͭ/��ͥ��?���ćϠ+����z��/S��@��+��(��(��(��(���Z(�� �(��(��(��+Kÿ�3i_����+6��;�#6��_���b�w>��^����갽Nʽ�(����(��(��(��(��, ����JFIF��C		
 $.' ",#(7),01444'9=82<.342��C			2!!22222222222222222222222222222222222222222222222222����"��	
���}!1AQa"q2���#B��R��$3br�	
%&'()*456789:CDEFGHIJSTUVWXYZcdefghijstuvwxyz���������������������������������������������������������������������������	
���w!1AQaq"2�B����	#3R�br�
$4�%�&'()*56789:CDEFGHIJSTUVWXYZcdefghijstuvwxyz��������������������������������������������������������������������������?Ţ�+�QEQEQE<0��I'�8�>̞�E�������s��I�Mz�#Q��~̞�Gٓժj*}���}b���cۂy������~5^�i��=L4��&(�(��(��(��(���gg�%ݘ��Տ�?�'�?u\�Jn����2h�o�?�'�?�?�'�?ma{��ɢ���������
?�������
,�X^��*Z��?Z���-�؄�y�\U>&sN�j�Ԏ�(���J�_���z�KT����oLS��������
��#��g��g6�+[�.�I���K�B���|��2G�V�4�q��I7���EPz�EPEPEP�������B��-/�=�����]�|>c��?P��(8��(�
�_�G��Ou���PWO����Q
(��ܳi��Y�֟��U���#��_�@��?��_��*;��������C*?ď�0(��G�!EPEPElx[J�[���r�$3o�ѐa�2qS���)�"]^��um������3����W@V���ٿ�?�Uگem-���S������p�%1��#Zv�m��ؤ(���Cj�j�(���oz^�>3B��S�z�eJ+a�-���N�/�����U�C�b�"��m��Z8˯�$�s�Ɵ,��U����f}����c'N����	�y��%е(o��%�˟,�#.�*:��?���U����f�����AV�������kkX��LdUT\��?�Xд�[�-���H`�n�.T�����R��S��S���m��Et�,��K�e�n'&+���e4�NA쿡�����(��4�7�Zڠ`�K�<p���{	�;o����v��O��*�]��3��dn���02�S�P3��U�]}GE��N����K�m G"�D_q��^��
�	r%c��a+T�.X���t2�;����������ͅ��]Dc�lm��Kg��u�*mW@�4�*[��F��.Yx'��2H�_+�aG[�/q��Fq�V��O]}(ji��Z��Rv���J,<%��v��Y�4�L�����<s�֗,�vb�[���%��/�̱C��c�9#�V5�Ԧ��ǬE�˛�@kn��H�O�A#��F��O#���\ãG,�8����FRA�S�w{�7��.�������1)�i�" �ےO�4=O���tԛ_��.���E����S�"(G#����p��i�����)��u��w���aN0��}t��f���#��VZe�Z�ڤ�i�ly�%��2�;kF�\Џ�<1%��e5������	��j^���W*�'����Ev�L3+>yB��~���?�5��§W�X���ӄ�e�-�K*y��,J�϶{WOa}��~#����M�$�3"������3}�
(�3)Ŧ��~�w��sMme�r���{��+�v�t�H�^s�%K��=�[[�I_)�7^���܈f�(e�Wp��j�������B�+;˝>�;�IL7���C8�pA��,L�go#��+��[}�?��|[kk����+ê\�RP�m�B1�鼏���]��?Y���S+7�����f#�]�\j���^�@y�#;Tp�(�������U�x�1�Tn��۝SNӼS�Xiz��ݮ�ss{;Zʲ*y���	�X��*���Ӆ�Z���n��kYVEF�M�! ��`EQ��x�$շ�X�$շ;[]��W�W��|fcD1��d�l��2���9����K�<q��x�O���_��D����0	���X��#�Py5�u��W��b\��G�B��5&uv�#�l<S�{{��=�X���h�HF�C�A==
�uE�-���O��'�>Heg��0�/U��<�Z�[�cS���C��g���"��m���j���Q?�;��H:�A��y�������ĖHl�ng�YA(�����<pς}�PQT��Z�vV���7��CV�R�{�[��Sq�U,�����\���{c�6�O�U�*'S�������?������9���c��28�v"up|���5ťė�q{4f).�&�1���Hσ�݊}�S�Z�QE@Q@Q@Q@�՟�MP���?Z���|L�1ŐQE$��P݋�K}���&���㞕���0,�m���m�o.�q��S[�6��T��������(˛O�%M����Q���*�Eug����f�eH���T����5�צ��p]���QEd ��(��(��(��(��(ݯ�����_�g�SWO��&#��
(���kv�ӛ�6��.�v���g�`���QEv�d���55���5xx��K��O�
(���
(��
(��
(��
(��
(��'�e� ��wO��+��!!d�8/����Yu��O�m?��VR��ǈ�ÖS�fl�!��ko����?��?絷����Mv�V^�';8��p����6)|�x�P�4�[$��O��A�/n2	�r}+��g������Aj죉�N*z|��&.��i��������G�?��j+�V�o��<��'��1�eV��.inKwՅQR ��(��(��(��(��(��
��i�����g�2������2��)z?���(��>h+�����a�����Z�j�|q� X�����:0�Ɖ�QE��AEPEPEP��, ����JFIF��C		
 $.' ",#(7),01444'9=82<.342��C			2!!22222222222222222222222222222222222222222222222222����"��	
���}!1AQa"q2���#B��R��$3br�	
%&'()*456789:CDEFGHIJSTUVWXYZcdefghijstuvwxyz���������������������������������������������������������������������������	
���w!1AQaq"2�B����	#3R�br�
$4�%�&'()*56789:CDEFGHIJSTUVWXYZcdefghijstuvwxyz��������������������������������������������������������������������������?�袊�((��*O%�EGV�z4��s�J5/�U#�)[%b�g<��AERQEQEMmk5܆8{�����I����m��Zؚ�������4bj?�������{Z̾�OaW�_���+C�Q���}Ə�MG�}����=�?�_x{
����g�Zؚ�������4bj?��������i�2���U�W�3>��ucqg���ߝ�09���U��M]�..�VaESQEU��V��������Y����R��?ZJ����(� ��(����FO����z�����d��G��ʿ��ф�4N��(�� ��(��(��?������s��x��]�ҹ�����_�S���Ǘ��
(��9B�(��UZ�]Xn�n�|����֒�����W4�g�&QE!zEy�zE|��˯�{�=�����P�I�G֟L�|�����-�����3��(��(��?������s��x��]�ҹ�����_�S���Ǘ��
+g�zE���kM6��Hf߹� 0�3d�zU�2���&1�����WS�6�R�"��21��>���N�)�QV��n������F̳:��,S�@��jͯ��;�Ӓ`�M����?�y<c��̫U���2,,t��)��#��Q'����xt��e��KGu�	$6q����<⯩ل�\�g>�|�i+����&O-��>&l.
���~_�Z_	�j&�[K�(�#2'̃�8?A�s�+�NIn�j*ŵ��ݝ��*���?6yZEUE<�Fs�9�iPkZ��J�	^�Cn��*�e �pi6��z���lu�O}q<�����0Q,�&�i�=�lt5�%��v�RTy��+kua��1��	�Ҿ[��ʳ��ә�	��YR0Sr��G�@=EhE��S[���FA��é��L���mf����ioLm`(�L���
�G������ػ���ݻ������R�[B�e�(،���tRC2���A�P�3X~+�����md�q;D�P��ckkL����i5��@�\�N3�3��<s_A�ɥG,�3�K������Cy:J
\�]��	v����ھ������ټ���n=q���h�����x��V�pp{�^��m$���v1�Ԓ�2����?*�<Gs<�k�F� p�@�O�w��I�5��q�q$c��z�Q�!8���m^�G��T�O{��>�]�����g�|y��&:obqQ�\����.�5�H��H�O�A#�卲w���:W'$m���D��FRA���2OD|�m����-実�+�ۘm����g�<�����;�O����4�FKFK]Ss$� `du?�`�JQm�1�����d�Եk&��n]Y��.Ȉ�� ��[�v����8<A��[���f��N���)�d��N�	�q�^EK���b���G�}f��j�a��b[�yG��r�i9�j�|3��Vz��c������'�V�W���F�O�1��y�u��x��u?�W>6^�)���h���2[k�w%��w����K�[��U�y�X�/�l������uo�d��[++�kx������#x��)��5��kyLS.vH%O�#��-�s_d��K��X/�,F���܄P?�P��w��~il����g`�8L�h�]ono��./onv�..
�*�u@P@�������:���?�5U1.�e�ݴ�勹WP���#���ҵ+K�]:�����fY<�J��nU��l$�t�M����Җ�y�U�Q��dHpxe�0"�:�����^�i�w4��lk����r��oԻ�j�'ZMTj^
�x�<��t��h@u��-�q�{VRɤ���S��B�Y��	p�l�q��,�e�eXn�¨=j��K;��R��n��M>�e��n2�<�ܣ'��K_�n;)���yR���n�t�lT#��:g��}7ÚT-���~����F�`s%�ͽHiU��<U_��F?��?���:O�����Ǹ,��=RV������ŗ�B3R׮�wӱ�A}��?�Qܽ�-`�V���";��Xl^$G�(���4XOq�åMy5��1������>��[TW���e:|���=��O#�r������6�\�5�j{�Y ����t�)����l�F�|��=+ͥv�K�]س6�$�;k�+��G�����#�Bj�r�t�8�Iw{�%o����UO��^���χ��Z����V�;�u5��~�$�v"up|���5���Kٮoe���w\��T�$g��n�-�����QV0��(��@������
���?�����B�3_�9z����F�Q_"tW���u��r�j�W���u��r�kJ_ď�&[5m��Q{�<����Ģ��������v��Z�+�;\������y[��-�4�Q{�<����Ģ���0?���r��2������i����:�>�-��q�Ba�"e-�.	9���U���5���^�l%	e�(�Umz�j�.���Cg�����o�|����	E�����[�k���0?���+�36��(���V����g_�˨γL��n1�{�z�EkG/�P�=($Ȟ"�E�9]Q]�!EPEPW�u{�LQ$EKn���p=���)B�yf���Z�c�K�����Ə�I/?����Ǣ�����DW��sc�K�����ƙ7�.�H�8B��8S����(X2wPA�%�(��� (���>��M��S���4��߅zU?��X����6�(�4�Т�(��(��(��(��(��(��(��(��(D���5���NO���_�~�T�tG�b?�W��(����B�(��(��(��(��(��(��(��(��(�	��4��߅9>��M��W�S��E���\>Ch���O�
(��
(��?��] (Thread[vert.x-eventloop-thread-0,6,main])
30191 ms. Memory: 3276800K Free: 1975770K (60%)
Exported /home/travis/build/icyphy/ptII/ptolemy/actor/lib/jjs/modules/cameras/demo/CameraWebSocket/CameraWebSocket/index.html
40903 ms. Memory: 3276800K Free: 1947587K (59%)
####### 16 Fri Mar 06 07:45:31 UTC 2020 $PTII/bin/ptinvoke ptolemy.vergil.basic.export.ExportModel -force htm -run -openComposites -timeOut 30000 -whiteBackground ptolemy/actor/lib/jjs/modules/cameras/demo/Foscam/Foscam.xml $PTII/ptolemy/actor/lib/jjs/modules/cameras/demo/Foscam/Foscam
----------------- Fri Mar 06 07:45:31 UTC 2020 About to sleep for 5.0 seconds before running or rerunning.  Test is: /home/travis/build/icyphy/ptII/ptolemy/actor/lib/jjs/modules/cameras/demo/Foscam/Foscam.xml
Done sleeping
Running .Foscam
Foscam2: snapshot.cgi?user=admin&pwd=&undefined= (Thread[AWT-EventQueue-0,6,main])
Foscam2: Making an HTTP request. (Thread[AWT-EventQueue-0,6,main])
ExportHTMLTimer went off after 30000 ms., calling getDirector().finish and getDirector().stopFire()
Foscam2: undefined.cgi?user=admin&pwd=&undefined= (Thread[AWT-EventQueue-0,6,main])
Foscam2: Making an HTTP request. (Thread[AWT-EventQueue-0,6,main])
30022 ms. Memory: 3276800K Free: 2408230K (73%)
Exported /home/travis/build/icyphy/ptII/ptolemy/actor/lib/jjs/modules/cameras/demo/Foscam/Foscam/index.html
36963 ms. Memory: 3276800K Free: 2378723K (73%)
####### 17 Fri Mar 06 07:46:13 UTC 2020 $PTII/bin/ptinvoke ptolemy.vergil.basic.export.ExportModel -force htm -run -openComposites -timeOut 30000 -whiteBackground ptolemy/actor/lib/jjs/modules/computerVision/demo/ComputerVision/ComputerVision.xml $PTII/ptolemy/actor/lib/jjs/modules/computerVision/demo/ComputerVision/ComputerVision
----------------- Fri Mar 06 07:46:13 UTC 2020 About to sleep for 5.0 seconds before running or rerunning.  Test is: /home/travis/build/icyphy/ptII/ptolemy/actor/lib/jjs/modules/computerVision/demo/ComputerVision/ComputerVision.xml
Done sleeping
Opened file:/home/travis/build/icyphy/ptII/ptolemy/actor/lib/jjs/modules/computerVision/demo/ComputerVision/ComputerVision.xml in 21870 ms.
Size Statistics for .ComputerVision
AtomicEntities: 26
CompositeEntities: 0
OpaqueCompositeEntities: 0
Relations: 14
Attributes: 224
Atomic Actor Names and Counts:
org.terraswarm.accessor.JSAccessor 12
ptolemy.actor.lib.image.ImageDisplay 12
ptolemy.actor.lib.SingleEvent 1
ptolemy.actor.lib.image.ImageReader 1

Composite Entity Depths and Counts:

Running .ComputerVision
preinitialize() finished: 22353 ms. Memory: 3276800K Free: 2038331K (62%)
ExportHTMLTimer went off after 30000 ms., calling getDirector().finish and getDirector().stopFire()
Manager.initialize() finished: 36714 ms. Memory: 3276800K Free: 2377728K (73%)
36837 ms. Memory: 3276800K Free: 2357758K (72%)
Exported /home/travis/build/icyphy/ptII/ptolemy/actor/lib/jjs/modules/computerVision/demo/ComputerVision/ComputerVision/index.html
62929 ms. Memory: 3276800K Free: 2315664K (71%)
####### 18 Fri Mar 06 07:47:21 UTC 2020 $PTII/bin/ptinvoke ptolemy.vergil.basic.export.ExportModel -force htm  -openComposites -timeOut 30000 -whiteBackground ptolemy/actor/lib/jjs/modules/contextAware/demo/ContextAware/ContextAware.xml $PTII/ptolemy/actor/lib/jjs/modules/contextAware/demo/ContextAware/ContextAware
Warning: not running ptolemy/actor/lib/jjs/modules/contextAware/demo/ContextAware/ContextAware.xml. See ptolemy/vergil/basic/export/test/junit/ExportModelJUnitTest.java
----------------- Fri Mar 06 07:47:21 UTC 2020 About to sleep for 5.0 seconds before running or rerunning.  Test is: /home/travis/build/icyphy/ptII/ptolemy/actor/lib/jjs/modules/contextAware/demo/ContextAware/ContextAware.xml
Done sleeping
Exported /home/travis/build/icyphy/ptII/ptolemy/actor/lib/jjs/modules/contextAware/demo/ContextAware/ContextAware/index.html
5305 ms. Memory: 3276800K Free: 1703923K (52%)
####### 19 Fri Mar 06 07:47:32 UTC 2020 $PTII/bin/ptinvoke ptolemy.vergil.basic.export.ExportModel -force htm -run -openComposites -timeOut 30000 -whiteBackground ptolemy/actor/lib/jjs/modules/crypto/demo/AsymmetricEncrypt/AsymmetricEncrypt.xml $PTII/ptolemy/actor/lib/jjs/modules/crypto/demo/AsymmetricEncrypt/AsymmetricEncrypt
----------------- Fri Mar 06 07:47:32 UTC 2020 About to sleep for 5.0 seconds before running or rerunning.  Test is: /home/travis/build/icyphy/ptII/ptolemy/actor/lib/jjs/modules/crypto/demo/AsymmetricEncrypt/AsymmetricEncrypt.xml
Done sleeping
Opened file:/home/travis/build/icyphy/ptII/ptolemy/actor/lib/jjs/modules/crypto/demo/AsymmetricEncrypt/AsymmetricEncrypt.xml in 17010 ms.
Size Statistics for .AsymmetricEncrypt
AtomicEntities: 25
CompositeEntities: 0
OpaqueCompositeEntities: 0
Relations: 17
Attributes: 203
Atomic Actor Names and Counts:
ptolemy.actor.lib.gui.Display 11
ptolemy.actor.lib.jjs.JavaScript 9
ptolemy.actor.lib.ArrayUpdate 1
ptolemy.actor.lib.Const 1
ptolemy.actor.lib.DiscreteClock 1
ptolemy.actor.lib.Ramp 1
ptolemy.actor.lib.Sequence 1

Composite Entity Depths and Counts:

Running .AsymmetricEncrypt
preinitialize() finished: 18796 ms. Memory: 3276800K Free: 2126848K (65%)
ExportHTMLTimer went off after 30000 ms., calling getDirector().finish and getDirector().stopFire()
Manager.initialize() finished: 32100 ms. Memory: 3276800K Free: 1671678K (51%)
32207 ms. Memory: 3276800K Free: 1656318K (51%)
Exported /home/travis/build/icyphy/ptII/ptolemy/actor/lib/jjs/modules/crypto/demo/AsymmetricEncrypt/AsymmetricEncrypt/index.html
53401 ms. Memory: 3276800K Free: 1529838K (47%)
####### 20 Fri Mar 06 07:48:30 UTC 2020 $PTII/bin/ptinvoke ptolemy.vergil.basic.export.ExportModel -force htm -run -openComposites -timeOut 30000 -whiteBackground ptolemy/actor/lib/jjs/modules/crypto/demo/MessageDigest/MessageDigest.xml $PTII/ptolemy/actor/lib/jjs/modules/crypto/demo/MessageDigest/MessageDigest
----------------- Fri Mar 06 07:48:30 UTC 2020 About to sleep for 5.0 seconds before running or rerunning.  Test is: /home/travis/build/icyphy/ptII/ptolemy/actor/lib/jjs/modules/crypto/demo/MessageDigest/MessageDigest.xml
Done sleeping
Opened file:/home/travis/build/icyphy/ptII/ptolemy/actor/lib/jjs/modules/crypto/demo/MessageDigest/MessageDigest.xml in 13348 ms.
Size Statistics for .MessageDigest
AtomicEntities: 16
CompositeEntities: 0
OpaqueCompositeEntities: 0
Relations: 12
Attributes: 128
Atomic Actor Names and Counts:
ptolemy.actor.lib.gui.Display 7
ptolemy.actor.lib.jjs.JavaScript 5
ptolemy.actor.lib.ArrayUpdate 1
ptolemy.actor.lib.DiscreteClock 1
ptolemy.actor.lib.Ramp 1
ptolemy.actor.lib.Sequence 1

Composite Entity Depths and Counts:

Running .MessageDigest
Manager.initialize() finished: 15250 ms. Memory: 3276800K Free: 2502142K (76%)
RandomBytes: [ 115 ] (Thread[AWT-EventQueue-0,6,main])
EncryptWithHash: ### it is a string: hello world! (Thread[AWT-EventQueue-0,6,main])
EncryptWithHash: [ 104,
  101,
  108,
  108,
  111,
  32,
  119,
  111,
  114,
  108,
  100,
  33,
  117,
  9,
  -27,
  -67,
  -96,
  -57,
  98,
  -46,
  -70,
  -57,
  -7,
  13,
  117,
  -117,
  91,
  34,
  99,
  -6,
  1,
  -52,
  -68,
  84,
  42,
  -75,
  -29,
  -33,
  22,
  59,
  -32,
  -114,
  108,
  -87 ] (Thread[AWT-EventQueue-0,6,main])
DecryptWithHash: [ 104, 101, 108, 108, 111, 32, 119, 111, 114, 108, 100, 33 ] (Thread[AWT-EventQueue-0,6,main])
DecryptWithHash: [ 117,
  9,
  -27,
  -67,
  -96,
  -57,
  98,
  -46,
  -70,
  -57,
  -7,
  13,
  117,
  -117,
  91,
  34,
  99,
  -6,
  1,
  -52,
  -68,
  84,
  42,
  -75,
  -29,
  -33,
  22,
  59,
  -32,
  -114,
  108,
  -87 ] (Thread[AWT-EventQueue-0,6,main])
DecryptWithHash: [ 117,
  9,
  -27,
  -67,
  -96,
  -57,
  98,
  -46,
  -70,
  -57,
  -7,
  13,
  117,
  -117,
  91,
  34,
  99,
  -6,
  1,
  -52,
  -68,
  84,
  42,
  -75,
  -29,
  -33,
  22,
  59,
  -32,
  -114,
  108,
  -87 ] (Thread[AWT-EventQueue-0,6,main])
RandomBytes: [ 113, -122 ] (Thread[AWT-EventQueue-0,6,main])
EncryptWithHash: ### it is a string: bye world! (Thread[AWT-EventQueue-0,6,main])
EncryptWithHash: [ 98,
  121,
  101,
  32,
  119,
  111,
  114,
  108,
  100,
  33,
  87,
  -40,
  61,
  -97,
  47,
  -93,
  111,
  -126,
  41,
  -41,
  5,
  71,
  -116,
  -126,
  88,
  -110,
  -25,
  18,
  9,
  123,
  68,
  24,
  11,
  -64,
  -67,
  36,
  -65,
  21,
  -14,
  -69,
  -122,
  53 ] (Thread[AWT-EventQueue-0,6,main])
DecryptWithHash: [ 98, 121, 101, 32, 119, 111, 114, 108, 100, 33 ] (Thread[AWT-EventQueue-0,6,main])
DecryptWithHash: [ 87,
  -40,
  61,
  -97,
  47,
  -93,
  111,
  -126,
  41,
  -41,
  5,
  71,
  -116,
  -126,
  88,
  -110,
  -25,
  18,
  9,
  123,
  68,
  24,
  11,
  -64,
  -67,
  36,
  -65,
  21,
  -14,
  -69,
  -122,
  53 ] (Thread[AWT-EventQueue-0,6,main])
DecryptWithHash: [ 87,
  -40,
  61,
  -97,
  47,
  -93,
  111,
  -126,
  41,
  -41,
  5,
  71,
  -116,
  -126,
  88,
  -110,
  -25,
  18,
  9,
  123,
  68,
  24,
  11,
  -64,
  -67,
  36,
  -65,
  21,
  -14,
  -69,
  -122,
  53 ] (Thread[AWT-EventQueue-0,6,main])
RandomBytes: [ -128, 116, 12 ] (Thread[AWT-EventQueue-0,6,main])
RandomBytes: [ -36, -75, -10, 25 ] (Thread[AWT-EventQueue-0,6,main])
18302 ms. Memory: 3276800K Free: 2259968K (69%)
Exported /home/travis/build/icyphy/ptII/ptolemy/actor/lib/jjs/modules/crypto/demo/MessageDigest/MessageDigest/index.html
35863 ms. Memory: 3276800K Free: 2188278K (67%)
####### 21 Fri Mar 06 07:49:11 UTC 2020 $PTII/bin/ptinvoke ptolemy.vergil.basic.export.ExportModel -force htm -run -openComposites -timeOut 30000 -whiteBackground ptolemy/actor/lib/jjs/modules/crypto/demo/RandomBytes/RandomBytes.xml $PTII/ptolemy/actor/lib/jjs/modules/crypto/demo/RandomBytes/RandomBytes
----------------- Fri Mar 06 07:49:11 UTC 2020 About to sleep for 5.0 seconds before running or rerunning.  Test is: /home/travis/build/icyphy/ptII/ptolemy/actor/lib/jjs/modules/crypto/demo/RandomBytes/RandomBytes.xml
Done sleeping
Running .RandomBytes
RandomBytes: [ 69 ] (Thread[AWT-EventQueue-0,6,main])
RandomBytes: [ -105, 103 ] (Thread[AWT-EventQueue-0,6,main])
RandomBytes: [ 113, -103, 29 ] (Thread[AWT-EventQueue-0,6,main])
RandomBytes: [ 59, 124, -92, -106 ] (Thread[AWT-EventQueue-0,6,main])
6007 ms. Memory: 3276800K Free: 2087424K (64%)
Exported /home/travis/build/icyphy/ptII/ptolemy/actor/lib/jjs/modules/crypto/demo/RandomBytes/RandomBytes/index.html
11847 ms. Memory: 3276800K Free: 2061809K (63%)
####### 22 Fri Mar 06 07:49:28 UTC 2020 $PTII/bin/ptinvoke ptolemy.vergil.basic.export.ExportModel -force htm -run -openComposites -timeOut 30000 -whiteBackground ptolemy/actor/lib/jjs/modules/crypto/demo/SymmetricEncrypt/SymmetricEncrypt.xml $PTII/ptolemy/actor/lib/jjs/modules/crypto/demo/SymmetricEncrypt/SymmetricEncrypt
----------------- Fri Mar 06 07:49:28 UTC 2020 About to sleep for 5.0 seconds before running or rerunning.  Test is: /home/travis/build/icyphy/ptII/ptolemy/actor/lib/jjs/modules/crypto/demo/SymmetricEncrypt/SymmetricEncrypt.xml
Done sleeping
Running .SymmetricEncrypt
RandomBytes: [ 19 ] (Thread[AWT-EventQueue-0,6,main])
RandomBytes: [ 20, -35 ] (Thread[AWT-EventQueue-0,6,main])
RandomBytes: [ 22, -61, 111 ] (Thread[AWT-EventQueue-0,6,main])
RandomBytes: [ 51, -19, 89, 113 ] (Thread[AWT-EventQueue-0,6,main])
12540 ms. Memory: 3276800K Free: 1751550K (53%)
Exported /home/travis/build/icyphy/ptII/ptolemy/actor/lib/jjs/modules/crypto/demo/SymmetricEncrypt/SymmetricEncrypt/index.html
21971 ms. Memory: 3276800K Free: 1701857K (52%)
####### 23 Fri Mar 06 07:49:55 UTC 2020 $PTII/bin/ptinvoke ptolemy.vergil.basic.export.ExportModel -force htm  -openComposites -timeOut 30000 -whiteBackground ptolemy/actor/lib/jjs/modules/discovery/demo/Discovery/Discovery.xml $PTII/ptolemy/actor/lib/jjs/modules/discovery/demo/Discovery/Discovery
Warning: not running ptolemy/actor/lib/jjs/modules/discovery/demo/Discovery/Discovery.xml. See ptolemy/vergil/basic/export/test/junit/ExportModelJUnitTest.java
----------------- Fri Mar 06 07:49:55 UTC 2020 About to sleep for 5.0 seconds before running or rerunning.  Test is: /home/travis/build/icyphy/ptII/ptolemy/actor/lib/jjs/modules/discovery/demo/Discovery/Discovery.xml
Done sleeping
Exported /home/travis/build/icyphy/ptII/ptolemy/actor/lib/jjs/modules/discovery/demo/Discovery/Discovery/index.html
3232 ms. Memory: 3276800K Free: 1563633K (48%)
####### 24 Fri Mar 06 07:50:03 UTC 2020 $PTII/bin/ptinvoke ptolemy.vergil.basic.export.ExportModel -force htm -run -openComposites -timeOut 30000 -whiteBackground ptolemy/actor/lib/jjs/modules/discovery/demo/Discovery/DiscoveryJS.xml $PTII/ptolemy/actor/lib/jjs/modules/discovery/demo/Discovery/DiscoveryJS
----------------- Fri Mar 06 07:50:03 UTC 2020 About to sleep for 5.0 seconds before running or rerunning.  Test is: /home/travis/build/icyphy/ptII/ptolemy/actor/lib/jjs/modules/discovery/demo/Discovery/DiscoveryJS.xml
Done sleeping
Running .DiscoveryJS
18634 ms. Memory: 3276800K Free: 2320894K (71%)
Exported /home/travis/build/icyphy/ptII/ptolemy/actor/lib/jjs/modules/discovery/demo/Discovery/DiscoveryJS/index.html
26647 ms. Memory: 3276800K Free: 2286562K (70%)
####### 25 Fri Mar 06 07:50:35 UTC 2020 $PTII/bin/ptinvoke ptolemy.vergil.basic.export.ExportModel -force htm -run -openComposites -timeOut 30000 -whiteBackground ptolemy/actor/lib/jjs/modules/discovery/demo/Discovery/PopulateSwarmboxMap.xml $PTII/ptolemy/actor/lib/jjs/modules/discovery/demo/Discovery/PopulateSwarmboxMap
----------------- Fri Mar 06 07:50:35 UTC 2020 About to sleep for 5.0 seconds before running or rerunning.  Test is: /home/travis/build/icyphy/ptII/ptolemy/actor/lib/jjs/modules/discovery/demo/Discovery/PopulateSwarmboxMap.xml
Done sleeping
Opened file:/home/travis/build/icyphy/ptII/ptolemy/actor/lib/jjs/modules/discovery/demo/Discovery/PopulateSwarmboxMap.xml in 17460 ms.
Size Statistics for .PopulateSwarmboxMap
AtomicEntities: 48
CompositeEntities: 2
OpaqueCompositeEntities: 0
Relations: 47
Attributes: 345
Atomic Actor Names and Counts:
ptolemy.actor.lib.Const 20
org.terraswarm.accessor.JSAccessor 9
ptolemy.actor.lib.Expression 9
ptolemy.actor.lib.conversions.json.TokenToJSON 4
ptolemy.actor.lib.gui.Display 3
ptolemy.actor.lib.MicrostepDelay 1
ptolemy.actor.lib.SingleEvent 1
ptolemy.actor.lib.Stop 1

Composite Entity Depths and Counts:
Depth: 1 # of Composites at that depth: 2

Running .PopulateSwarmboxMap
preinitialize() finished: 20394 ms. Memory: 3276800K Free: 1941504K (59%)
ExportHTMLTimer went off after 30000 ms., calling getDirector().finish and getDirector().stopFire()
Manager.initialize() finished: 34531 ms. Memory: 3276800K Free: 1401344K (43%)
34658 ms. Memory: 3276800K Free: 1383936K (42%)
Exported /home/travis/build/icyphy/ptII/ptolemy/actor/lib/jjs/modules/discovery/demo/Discovery/PopulateSwarmboxMap/index.html
56493 ms. Memory: 3276800K Free: 1261017K (38%)
####### 26 Fri Mar 06 07:51:36 UTC 2020 $PTII/bin/ptinvoke ptolemy.vergil.basic.export.ExportModel -force htm -run -openComposites -timeOut 30000 -whiteBackground ptolemy/actor/lib/jjs/modules/discovery/demo/Discovery/PostSwarmboxDevices.xml $PTII/ptolemy/actor/lib/jjs/modules/discovery/demo/Discovery/PostSwarmboxDevices
----------------- Fri Mar 06 07:51:36 UTC 2020 About to sleep for 5.0 seconds before running or rerunning.  Test is: /home/travis/build/icyphy/ptII/ptolemy/actor/lib/jjs/modules/discovery/demo/Discovery/PostSwarmboxDevices.xml
Done sleeping
Running .PostSwarmboxDevices
Manager.initialize() finished: 12048 ms. Memory: 3276800K Free: 2436606K (74%)
REST: Making an HTTP request. (Thread[AWT-EventQueue-0,6,main])
ExportHTMLTimer went off after 30000 ms., calling getDirector().finish and getDirector().stopFire()
30053 ms. Memory: 3276800K Free: 2253310K (69%)
Exported /home/travis/build/icyphy/ptII/ptolemy/actor/lib/jjs/modules/discovery/demo/Discovery/PostSwarmboxDevices/index.html
40894 ms. Memory: 3276800K Free: 2208732K (67%)
####### 27 Fri Mar 06 07:52:22 UTC 2020 $PTII/bin/ptinvoke ptolemy.vergil.basic.export.ExportModel -force htm -run -openComposites -timeOut 30000 -whiteBackground ptolemy/actor/lib/jjs/modules/discovery/demo/Heartbeat/Heartbeat.xml $PTII/ptolemy/actor/lib/jjs/modules/discovery/demo/Heartbeat/Heartbeat
----------------- Fri Mar 06 07:52:22 UTC 2020 About to sleep for 5.0 seconds before running or rerunning.  Test is: /home/travis/build/icyphy/ptII/ptolemy/actor/lib/jjs/modules/discovery/demo/Heartbeat/Heartbeat.xml
Done sleeping
Running .Heartbeat
Heartbeat: HeartBeat: pingMothership (Thread[AWT-EventQueue-0,6,main])
Heartbeat: Making an HTTP request. (Thread[AWT-EventQueue-0,6,main])
Heartbeat: Request problem: Unable to check in with server: Error: Search domain query failed. Original hostname: 'terra.eecs.berkeley.edu' failed to resolve 'terra.eecs.berkeley.edu.google.internal' after 2 queries  (Thread[AWT-EventQueue-0,6,main])
Heartbeat: HeartBeat: pingMothership (Thread[AWT-EventQueue-0,6,main])
Heartbeat: Making an HTTP request. (Thread[AWT-EventQueue-0,6,main])
Heartbeat: Request problem: Unable to check in with server: Error: Search domain query failed. Original hostname: 'terra.eecs.berkeley.edu' failed to resolve 'terra.eecs.berkeley.edu.google.internal' after 2 queries  (Thread[AWT-EventQueue-0,6,main])
Heartbeat: HeartBeat: pingMothership (Thread[AWT-EventQueue-0,6,main])
Heartbeat: Making an HTTP request. (Thread[AWT-EventQueue-0,6,main])
Heartbeat: Request problem: Unable to check in with server: Error: Search domain query failed. Original hostname: 'terra.eecs.berkeley.edu' failed to resolve 'terra.eecs.berkeley.edu.google.internal' after 2 queries  (Thread[AWT-EventQueue-0,6,main])
Heartbeat: HeartBeat: pingMothership (Thread[AWT-EventQueue-0,6,main])
Heartbeat: Making an HTTP request. (Thread[AWT-EventQueue-0,6,main])
Heartbeat: Request problem: Unable to check in with server: Error: Search domain query failed. Original hostname: 'terra.eecs.berkeley.edu' failed to resolve 'terra.eecs.berkeley.edu.google.internal' after 2 queries  (Thread[AWT-EventQueue-0,6,main])
Heartbeat: HeartBeat: pingMothership (Thread[AWT-EventQueue-0,6,main])
Heartbeat: Making an HTTP request. (Thread[AWT-EventQueue-0,6,main])
Heartbeat: Request problem: Unable to check in with server: Error: Search domain query failed. Original hostname: 'terra.eecs.berkeley.edu' failed to resolve 'terra.eecs.berkeley.edu.google.internal' after 2 queries  (Thread[AWT-EventQueue-0,6,main])
Heartbeat: HeartBeat: pingMothership (Thread[AWT-EventQueue-0,6,main])
Heartbeat: Making an HTTP request. (Thread[AWT-EventQueue-0,6,main])
Heartbeat: Request problem: Unable to check in with server: Error: Search domain query failed. Original hostname: 'terra.eecs.berkeley.edu' failed to resolve 'terra.eecs.berkeley.edu.google.internal' after 2 queries  (Thread[AWT-EventQueue-0,6,main])
Heartbeat: HeartBeat: pingMothership (Thread[AWT-EventQueue-0,6,main])
Heartbeat: Making an HTTP request. (Thread[AWT-EventQueue-0,6,main])
Heartbeat: Request problem: Unable to check in with server: Error: Search domain query failed. Original hostname: 'terra.eecs.berkeley.edu' failed to resolve 'terra.eecs.berkeley.edu.google.internal' after 2 queries  (Thread[AWT-EventQueue-0,6,main])
Heartbeat: HeartBeat: pingMothership (Thread[AWT-EventQueue-0,6,main])
Heartbeat: Making an HTTP request. (Thread[AWT-EventQueue-0,6,main])
Heartbeat: Request problem: Unable to check in with server: Error: Search domain query failed. Original hostname: 'terra.eecs.berkeley.edu' failed to resolve 'terra.eecs.berkeley.edu.google.internal' after 2 queries  (Thread[AWT-EventQueue-0,6,main])
Heartbeat: HeartBeat: pingMothership (Thread[AWT-EventQueue-0,6,main])
Heartbeat: Making an HTTP request. (Thread[AWT-EventQueue-0,6,main])
Heartbeat: Request problem: Unable to check in with server: Error: Search domain query failed. Original hostname: 'terra.eecs.berkeley.edu' failed to resolve 'terra.eecs.berkeley.edu.google.internal' after 2 queries  (Thread[AWT-EventQueue-0,6,main])
Heartbeat: HeartBeat: pingMothership (Thread[AWT-EventQueue-0,6,main])
Heartbeat: Making an HTTP request. (Thread[AWT-EventQueue-0,6,main])
17919 ms. Memory: 3276800K Free: 2046976K (62%)
Exported /home/travis/build/icyphy/ptII/ptolemy/actor/lib/jjs/modules/discovery/demo/Heartbeat/Heartbeat/index.html
27576 ms. Memory: 3276800K Free: 2013678K (61%)
####### 28 Fri Mar 06 07:52:55 UTC 2020 $PTII/bin/ptinvoke ptolemy.vergil.basic.export.ExportModel -force htm  -openComposites -timeOut 30000 -whiteBackground ptolemy/actor/lib/jjs/modules/dsp/demo/AudioFFT/AudioFFT.xml $PTII/ptolemy/actor/lib/jjs/modules/dsp/demo/AudioFFT/AudioFFT
Warning: not running ptolemy/actor/lib/jjs/modules/dsp/demo/AudioFFT/AudioFFT.xml. See ptolemy/vergil/basic/export/test/junit/ExportModelJUnitTest.java
----------------- Fri Mar 06 07:52:55 UTC 2020 About to sleep for 5.0 seconds before running or rerunning.  Test is: /home/travis/build/icyphy/ptII/ptolemy/actor/lib/jjs/modules/dsp/demo/AudioFFT/AudioFFT.xml
Done sleeping
Exported /home/travis/build/icyphy/ptII/ptolemy/actor/lib/jjs/modules/dsp/demo/AudioFFT/AudioFFT/index.html
7799 ms. Memory: 3276800K Free: 1778160K (54%)
####### 29 Fri Mar 06 07:53:07 UTC 2020 $PTII/bin/ptinvoke ptolemy.vergil.basic.export.ExportModel -force htm -run -openComposites -timeOut 30000 -whiteBackground ptolemy/actor/lib/jjs/modules/dsp/demo/AudioFFT/SinusoidFFT.xml $PTII/ptolemy/actor/lib/jjs/modules/dsp/demo/AudioFFT/SinusoidFFT
----------------- Fri Mar 06 07:53:07 UTC 2020 About to sleep for 5.0 seconds before running or rerunning.  Test is: /home/travis/build/icyphy/ptII/ptolemy/actor/lib/jjs/modules/dsp/demo/AudioFFT/SinusoidFFT.xml
Done sleeping
Running .SinusoidFFT
6016 ms. Memory: 3276800K Free: 1568768K (48%)
Exported /home/travis/build/icyphy/ptII/ptolemy/actor/lib/jjs/modules/dsp/demo/AudioFFT/SinusoidFFT/index.html
13529 ms. Memory: 3276800K Free: 2456513K (75%)
####### 30 Fri Mar 06 07:53:26 UTC 2020 $PTII/bin/ptinvoke ptolemy.vergil.basic.export.ExportModel -force htm -run -openComposites -timeOut 30000 -whiteBackground ptolemy/actor/lib/jjs/modules/eventbus/demo/VertxBus/VertxBus.xml $PTII/ptolemy/actor/lib/jjs/modules/eventbus/demo/VertxBus/VertxBus
----------------- Fri Mar 06 07:53:26 UTC 2020 About to sleep for 5.0 seconds before running or rerunning.  Test is: /home/travis/build/icyphy/ptII/ptolemy/actor/lib/jjs/modules/eventbus/demo/VertxBus/VertxBus.xml
Done sleeping
Running .VertxBus
16532 ms. Memory: 3276800K Free: 2125312K (65%)
Exported /home/travis/build/icyphy/ptII/ptolemy/actor/lib/jjs/modules/eventbus/demo/VertxBus/VertxBus/index.html
24550 ms. Memory: 3276800K Free: 2096103K (64%)
[...]
Warning: Nashorn engine is planned to be removed from a future JDK release
WARNING: Invoking send() too late (probably in a callback), so Camera is not able to send the token {type="class ptolemy.data.AWTImageToken", width="640", height="480"} to the output image. Token is discarded.
[atomic-processor-1] INFO com.github.sarxos.webcam.ds.cgt.WebcamCloseTask - Closing Dummy Webcam 0
Warning: Nashorn engine is planned to be removed from a future JDK release
Warning: Nashorn engine is planned to be removed from a future JDK release
Warning: Nashorn engine is planned to be removed from a future JDK release
Warning: Nashorn engine is planned to be removed from a future JDK release
Warning: Nashorn engine is planned to be removed from a future JDK release
Warning: Nashorn engine is planned to be removed from a future JDK release
Warning: Nashorn engine is planned to be removed from a future JDK release
Warning: Nashorn engine is planned to be removed from a future JDK release
Warning: Nashorn engine is planned to be removed from a future JDK release
Warning: Nashorn engine is planned to be removed from a future JDK release
Warning: Nashorn engine is planned to be removed from a future JDK release
Warning: Nashorn engine is planned to be removed from a future JDK release
Warning: Nashorn engine is planned to be removed from a future JDK release
Warning: Nashorn engine is planned to be removed from a future JDK release
[atomic-processor-1] INFO com.github.sarxos.webcam.ds.cgt.WebcamOpenTask - Opening webcam Dummy Webcam 0
Warning: Nashorn engine is planned to be removed from a future JDK release
Warning: Nashorn engine is planned to be removed from a future JDK release
[atomic-processor-1] INFO com.github.sarxos.webcam.ds.cgt.WebcamCloseTask - Closing Dummy Webcam 0
Warning: Nashorn engine is planned to be removed from a future JDK release
Warning: Nashorn engine is planned to be removed from a future JDK release
Warning: Nashorn engine is planned to be removed from a future JDK release
Warning: Nashorn engine is planned to be removed from a future JDK release
Warning: Nashorn engine is planned to be removed from a future JDK release
Warning: Nashorn engine is planned to be removed from a future JDK release
Warning: Nashorn engine is planned to be removed from a future JDK release
Warning: Nashorn engine is planned to be removed from a future JDK release
Warning: Nashorn engine is planned to be removed from a future JDK release
Warning: Nashorn engine is planned to be removed from a future JDK release
Warning: Nashorn engine is planned to be removed from a future JDK release
Warning: Nashorn engine is planned to be removed from a future JDK release
Warning: Nashorn engine is planned to be removed from a future JDK release
Warning: Nashorn engine is planned to be removed from a future JDK release
[atomic-processor-1] INFO com.github.sarxos.webcam.ds.cgt.WebcamOpenTask - Opening webcam Dummy Webcam 0
Warning: Nashorn engine is planned to be removed from a future JDK release
Warning: Nashorn engine is planned to be removed from a future JDK release
[atomic-processor-1] INFO com.github.sarxos.webcam.ds.cgt.WebcamCloseTask - Closing Dummy Webcam 0
Warning: Nashorn engine is planned to be removed from a future JDK release
Warning: Nashorn engine is planned to be removed from a future JDK release
Warning: Nashorn engine is planned to be removed from a future JDK release
Warning: Nashorn engine is planned to be removed from a future JDK release
Warning: Nashorn engine is planned to be removed from a future JDK release
Warning: Nashorn engine is planned to be removed from a future JDK release
Warning: Nashorn engine is planned to be removed from a future JDK release
Warning: Nashorn engine is planned to be removed from a future JDK release
Warning: Nashorn engine is planned to be removed from a future JDK release
Warning: Nashorn engine is planned to be removed from a future JDK release
Warning: Nashorn engine is planned to be removed from a future JDK release
Warning: Nashorn engine is planned to be removed from a future JDK release
Warning: Nashorn engine is planned to be removed from a future JDK release
Warning: Nashorn engine is planned to be removed from a future JDK release
[atomic-processor-1] INFO com.github.sarxos.webcam.ds.cgt.WebcamOpenTask - Opening webcam Dummy Webcam 0
Warning: Nashorn engine is planned to be removed from a future JDK release
Warning: Nashorn engine is planned to be removed from a future JDK release
WARNING: Invoking send() too late (probably in a callback), so Camera is not able to send the token {type="class ptolemy.data.AWTImageToken", width="640", height="480"} to the output image. Token is discarded.
[atomic-processor-1] INFO com.github.sarxos.webcam.ds.cgt.WebcamCloseTask - Closing Dummy Webcam 0
Warning: Nashorn engine is planned to be removed from a future JDK release
Warning: Nashorn engine is planned to be removed from a future JDK release
Warning: Nashorn engine is planned to be removed from a future JDK release
Warning: Nashorn engine is planned to be removed from a future JDK release
Warning: Nashorn engine is planned to be removed from a future JDK release
Warning: Nashorn engine is planned to be removed from a future JDK release
Warning: Nashorn engine is planned to be removed from a future JDK release
Warning: Nashorn engine is planned to be removed from a future JDK release
Warning: Nashorn engine is planned to be removed from a future JDK release
Warning: Nashorn engine is planned to be removed from a future JDK release
Warning: Nashorn engine is planned to be removed from a future JDK release
Warning: Nashorn engine is planned to be removed from a future JDK release
Warning: Nashorn engine is planned to be removed from a future JDK release
Warning: Nashorn engine is planned to be removed from a future JDK release
[atomic-processor-1] INFO com.github.sarxos.webcam.ds.cgt.WebcamOpenTask - Opening webcam Dummy Webcam 0
Warning: Nashorn engine is planned to be removed from a future JDK release
Warning: Nashorn engine is planned to be removed from a future JDK release
[atomic-processor-1] INFO com.github.sarxos.webcam.ds.cgt.WebcamCloseTask - Closing Dummy Webcam 0
Warning: Nashorn engine is planned to be removed from a future JDK release
Warning: Nashorn engine is planned to be removed from a future JDK release
Warning: Nashorn engine is planned to be removed from a future JDK release
Warning: Nashorn engine is planned to be removed from a future JDK release
Warning: Nashorn engine is planned to be removed from a future JDK release
Warning: Nashorn engine is planned to be removed from a future JDK release
Warning: Nashorn engine is planned to be removed from a future JDK release
Warning: Nashorn engine is planned to be removed from a future JDK release
Warning: Nashorn engine is planned to be removed from a future JDK release
Warning: Nashorn engine is planned to be removed from a future JDK release
Warning: Nashorn engine is planned to be removed from a future JDK release
Warning: Nashorn engine is planned to be removed from a future JDK release
Warning: Nashorn engine is planned to be removed from a future JDK release
Warning: Nashorn engine is planned to be removed from a future JDK release
[atomic-processor-1] INFO com.github.sarxos.webcam.ds.cgt.WebcamOpenTask - Opening webcam Dummy Webcam 0
Warning: Nashorn engine is planned to be removed from a future JDK release
Warning: Nashorn engine is planned to be removed from a future JDK release
[atomic-processor-1] INFO com.github.sarxos.webcam.ds.cgt.WebcamCloseTask - Closing Dummy Webcam 0
Warning: Nashorn engine is planned to be removed from a future JDK release
Warning: Nashorn engine is planned to be removed from a future JDK release
Warning: Nashorn engine is planned to be removed from a future JDK release
Warning: Nashorn engine is planned to be removed from a future JDK release
Warning: Nashorn engine is planned to be removed from a future JDK release
Warning: Nashorn engine is planned to be removed from a future JDK release
Warning: Nashorn engine is planned to be removed from a future JDK release
Warning: Nashorn engine is planned to be removed from a future JDK release
Warning: Nashorn engine is planned to be removed from a future JDK release
Warning: Nashorn engine is planned to be removed from a future JDK release
Warning: Nashorn engine is planned to be removed from a future JDK release
Warning: Nashorn engine is planned to be removed from a future JDK release
Warning: Nashorn engine is planned to be removed from a future JDK release
Warning: Nashorn engine is planned to be removed from a future JDK release
[atomic-processor-1] INFO com.github.sarxos.webcam.ds.cgt.WebcamOpenTask - Opening webcam Dummy Webcam 0
Warning: Nashorn engine is planned to be removed from a future JDK release
Warning: Nashorn engine is planned to be removed from a future JDK release
[atomic-processor-1] INFO com.github.sarxos.webcam.ds.cgt.WebcamCloseTask - Closing Dummy Webcam 0
WARNING: Camera: Model stopped before executing actions (e.g. producing outputs) scheduled for execution at times [20.168, 21.701, 21.395, 20.676000000000002, 21.599, 19.557000000000002, 19.147000000000002, 20.575, 19.249000000000002, 18.942, 19.045, 20.984, 20.88, 19.455000000000002, 19.658, 21.089000000000002, 20.473, 19.351, 19.76, 19.963, 20.269000000000002, 21.293, 20.778000000000002, 21.497, 21.804000000000002, 21.191000000000003, 19.862000000000002, 20.065, 20.371000000000002]
Warning: Nashorn engine is planned to be removed from a future JDK release
Warning: Nashorn engine is planned to be removed from a future JDK release
Warning: Nashorn engine is planned to be removed from a future JDK release
Warning: Nashorn engine is planned to be removed from a future JDK release
Warning: Nashorn engine is planned to be removed from a future JDK release
Warning: Nashorn engine is planned to be removed from a future JDK release
Warning: Nashorn engine is planned to be removed from a future JDK release
Warning: Nashorn engine is planned to be removed from a future JDK release
Warning: Nashorn engine is planned to be removed from a future JDK release
Warning: Nashorn engine is planned to be removed from a future JDK release
Warning: Nashorn engine is planned to be removed from a future JDK release
Warning: Nashorn engine is planned to be removed from a future JDK release
Warning: Nashorn engine is planned to be removed from a future JDK release
Warning: Nashorn engine is planned to be removed from a future JDK release
[atomic-processor-1] INFO com.github.sarxos.webcam.ds.cgt.WebcamOpenTask - Opening webcam Dummy Webcam 0
Warning: Nashorn engine is planned to be removed from a future JDK release
Warning: Nashorn engine is planned to be removed from a future JDK release
[atomic-processor-1] INFO com.github.sarxos.webcam.ds.cgt.WebcamCloseTask - Closing Dummy Webcam 0
Warning: Nashorn engine is planned to be removed from a future JDK release
Warning: Nashorn engine is planned to be removed from a future JDK release
Warning: Nashorn engine is planned to be removed from a future JDK release
Warning: Nashorn engine is planned to be removed from a future JDK release
Warning: Nashorn engine is planned to be removed from a future JDK release
Warning: Nashorn engine is planned to be removed from a future JDK release
Warning: Nashorn engine is planned to be removed from a future JDK release
Warning: Nashorn engine is planned to be removed from a future JDK release
Warning: Nashorn engine is planned to be removed from a future JDK release
Warning: Nashorn engine is planned to be removed from a future JDK release
Warning: Nashorn engine is planned to be removed from a future JDK release
Warning: Nashorn engine is planned to be removed from a future JDK release
Warning: Nashorn engine is planned to be removed from a future JDK release
Warning: Nashorn engine is planned to be removed from a future JDK release
[atomic-processor-1] INFO com.github.sarxos.webcam.ds.cgt.WebcamOpenTask - Opening webcam Dummy Webcam 0
Warning: Nashorn engine is planned to be removed from a future JDK release
Warning: Nashorn engine is planned to be removed from a future JDK release
[atomic-processor-1] INFO com.github.sarxos.webcam.ds.cgt.WebcamCloseTask - Closing Dummy Webcam 0
WARNING: Camera: Model stopped before executing actions (e.g. producing outputs) scheduled for execution at times [20.526, 21.343, 20.832, 20.424, 20.73, 20.322, 20.11, 20.628, 21.241, 20.934, 21.139, 20.220000000000002, 21.036, 20.013]
Warning: Nashorn engine is planned to be removed from a future JDK release
Warning: Nashorn engine is planned to be removed from a future JDK release
Warning: Nashorn engine is planned to be removed from a future JDK release
Warning: Nashorn engine is planned to be removed from a future JDK release
Warning: Nashorn engine is planned to be removed from a future JDK release
Warning: Nashorn engine is planned to be removed from a future JDK release
Warning: Nashorn engine is planned to be removed from a future JDK release
Warning: Nashorn engine is planned to be removed from a future JDK release
Warning: Nashorn engine is planned to be removed from a future JDK release
Warning: Nashorn engine is planned to be removed from a future JDK release
Warning: Nashorn engine is planned to be removed from a future JDK release
Warning: Nashorn engine is planned to be removed from a future JDK release
Warning: Nashorn engine is planned to be removed from a future JDK release
Warning: Nashorn engine is planned to be removed from a future JDK release
[atomic-processor-1] INFO com.github.sarxos.webcam.ds.cgt.WebcamOpenTask - Opening webcam Dummy Webcam 0
Warning: Nashorn engine is planned to be removed from a future JDK release
Warning: Nashorn engine is planned to be removed from a future JDK release
WARNING: Invoking send() too late (probably in a callback), so Camera is not able to send the token {type="class ptolemy.data.AWTImageToken", width="640", height="480"} to the output image. Token is discarded.
[atomic-processor-1] INFO com.github.sarxos.webcam.ds.cgt.WebcamCloseTask - Closing Dummy Webcam 0
Warning: Nashorn engine is planned to be removed from a future JDK release
Warning: Nashorn engine is planned to be removed from a future JDK release
Warning: Nashorn engine is planned to be removed from a future JDK release
Warning: Nashorn engine is planned to be removed from a future JDK release
Warning: Nashorn engine is planned to be removed from a future JDK release
Warning: Nashorn engine is planned to be removed from a future JDK release
Warning: Nashorn engine is planned to be removed from a future JDK release
Warning: Nashorn engine is planned to be removed from a future JDK release
Warning: Nashorn engine is planned to be removed from a future JDK release
Warning: Nashorn engine is planned to be removed from a future JDK release
Warning: Nashorn engine is planned to be removed from a future JDK release
Warning: Nashorn engine is planned to be removed from a future JDK release
Warning: Nashorn engine is planned to be removed from a future JDK release
Warning: Nashorn engine is planned to be removed from a future JDK release
[atomic-processor-1] INFO com.github.sarxos.webcam.ds.cgt.WebcamOpenTask - Opening webcam Dummy Webcam 0
Warning: Nashorn engine is planned to be removed from a future JDK release
Warning: Nashorn engine is planned to be removed from a future JDK release
[atomic-processor-1] INFO com.github.sarxos.webcam.ds.cgt.WebcamCloseTask - Closing Dummy Webcam 0
Warning: Nashorn engine is planned to be removed from a future JDK release
Warning: Nashorn engine is planned to be removed from a future JDK release
Warning: Nashorn engine is planned to be removed from a future JDK release
Warning: Nashorn engine is planned to be removed from a future JDK release
Warning: Nashorn engine is planned to be removed from a future JDK release
Warning: Nashorn engine is planned to be removed from a future JDK release
Warning: Nashorn engine is planned to be removed from a future JDK release
Warning: Nashorn engine is planned to be removed from a future JDK release
Warning: Nashorn engine is planned to be removed from a future JDK release
Warning: Nashorn engine is planned to be removed from a future JDK release
Warning: Nashorn engine is planned to be removed from a future JDK release
Warning: Nashorn engine is planned to be removed from a future JDK release
Warning: Nashorn engine is planned to be removed from a future JDK release
Warning: Nashorn engine is planned to be removed from a future JDK release
[atomic-processor-1] INFO com.github.sarxos.webcam.ds.cgt.WebcamOpenTask - Opening webcam Dummy Webcam 0
Warning: Nashorn engine is planned to be removed from a future JDK release
Warning: Nashorn engine is planned to be removed from a future JDK release
[atomic-processor-1] INFO com.github.sarxos.webcam.ds.cgt.WebcamCloseTask - Closing Dummy Webcam 0
Warning: Nashorn engine is planned to be removed from a future JDK release
Warning: Nashorn engine is planned to be removed from a future JDK release
Warning: Nashorn engine is planned to be removed from a future JDK release
Warning: Nashorn engine is planned to be removed from a future JDK release
Warning: Nashorn engine is planned to be removed from a future JDK release
Warning: Nashorn engine is planned to be removed from a future JDK release
Warning: Nashorn engine is planned to be removed from a future JDK release
Warning: Nashorn engine is planned to be removed from a future JDK release
Warning: Nashorn engine is planned to be removed from a future JDK release
Warning: Nashorn engine is planned to be removed from a future JDK release
Warning: Nashorn engine is planned to be removed from a future JDK release
Warning: Nashorn engine is planned to be removed from a future JDK release
Warning: Nashorn engine is planned to be removed from a future JDK release
Warning: Nashorn engine is planned to be removed from a future JDK release
[atomic-processor-1] INFO com.github.sarxos.webcam.ds.cgt.WebcamOpenTask - Opening webcam Dummy Webcam 0
Warning: Nashorn engine is planned to be removed from a future JDK release
Warning: Nashorn engine is planned to be removed from a future JDK release
[atomic-processor-1] INFO com.github.sarxos.webcam.ds.cgt.WebcamCloseTask - Closing Dummy Webcam 0
WARNING: Camera: Model stopped before executing actions (e.g. producing outputs) scheduled for execution at times [20.086000000000002]
Warning: Nashorn engine is planned to be removed from a future JDK release
Warning: Nashorn engine is planned to be removed from a future JDK release
Warning: Nashorn engine is planned to be removed from a future JDK release
Warning: Nashorn engine is planned to be removed from a future JDK release
Warning: Nashorn engine is planned to be removed from a future JDK release
Warning: Nashorn engine is planned to be removed from a future JDK release
Warning: Nashorn engine is planned to be removed from a future JDK release
Warning: Nashorn engine is planned to be removed from a future JDK release
Warning: Nashorn engine is planned to be removed from a future JDK release
Warning: Nashorn engine is planned to be removed from a future JDK release
Warning: Nashorn engine is planned to be removed from a future JDK release
Warning: Nashorn engine is planned to be removed from a future JDK release
Warning: Nashorn engine is planned to be removed from a future JDK release
Warning: Nashorn engine is planned to be removed from a future JDK release
[atomic-processor-1] INFO com.github.sarxos.webcam.ds.cgt.WebcamOpenTask - Opening webcam Dummy Webcam 0
Warning: Nashorn engine is planned to be removed from a future JDK release
Warning: Nashorn engine is planned to be removed from a future JDK release
[atomic-processor-1] INFO com.github.sarxos.webcam.ds.cgt.WebcamCloseTask - Closing Dummy Webcam 0
]]></system-err>
</testsuite>
