<?xml version="1.0" encoding="UTF-8" ?>
<testsuite errors="0" failures="0" hostname="travis-job-e6367d1c-1a9f-42ad-b064-4ad28ac85e5f" name="ptolemy.domains.continuous.test.junit.JUnitTclTest" skipped="0" tests="156" time="75.363" timestamp="2019-01-31T03:25:07">
  <properties>
[...]
</properties>
  <testcase classname="ptolemy.util.test.junit.TclTests" name="[0] ThereAreNoTclTests (RunTclFile)" time="0.001" />
  <testcase classname="ptolemy.util.test.junit.AutoKnownFailedTests" name="[0] ThereAreNoKnowFailedTests (RunModel)" time="0.0" />
  <testcase classname="ptolemy.util.test.junit.AutoNameArchTests" name="[0] ThereAreNoAutoArchTests (RunModel)" time="0.001" />
  <testcase classname="ptolemy.util.test.junit.AutoTests" name="[0] /home/travis/build/icyphy/ptII/ptolemy/domains/continuous/test/auto/BouncingBall.xml (RunModel)" time="2.739" />
  <testcase classname="ptolemy.util.test.junit.AutoTests" name="[1] /home/travis/build/icyphy/ptII/ptolemy/domains/continuous/test/auto/BouncingBallWithoutGR.xml (RunModel)" time="0.893" />
  <testcase classname="ptolemy.util.test.junit.AutoTests" name="[2] /home/travis/build/icyphy/ptII/ptolemy/domains/continuous/test/auto/Brownian.xml (RunModel)" time="0.11" />
  <testcase classname="ptolemy.util.test.junit.AutoTests" name="[3] /home/travis/build/icyphy/ptII/ptolemy/domains/continuous/test/auto/CarTracking.xml (RunModel)" time="3.392" />
  <testcase classname="ptolemy.util.test.junit.AutoTests" name="[4] /home/travis/build/icyphy/ptII/ptolemy/domains/continuous/test/auto/CartPendulum.xml (RunModel)" time="0.547" />
  <testcase classname="ptolemy.util.test.junit.AutoTests" name="[5] /home/travis/build/icyphy/ptII/ptolemy/domains/continuous/test/auto/CausalityInterface10.xml (RunModel)" time="0.04" />
  <testcase classname="ptolemy.util.test.junit.AutoTests" name="[6] /home/travis/build/icyphy/ptII/ptolemy/domains/continuous/test/auto/CausalityInterface11.xml (RunModel)" time="0.033" />
  <testcase classname="ptolemy.util.test.junit.AutoTests" name="[7] /home/travis/build/icyphy/ptII/ptolemy/domains/continuous/test/auto/CausalityInterface12.xml (RunModel)" time="0.03" />
  <testcase classname="ptolemy.util.test.junit.AutoTests" name="[8] /home/travis/build/icyphy/ptII/ptolemy/domains/continuous/test/auto/CausalityInterface13.xml (RunModel)" time="0.038" />
  <testcase classname="ptolemy.util.test.junit.AutoTests" name="[9] /home/travis/build/icyphy/ptII/ptolemy/domains/continuous/test/auto/CausalityInterface14.xml (RunModel)" time="0.029" />
  <testcase classname="ptolemy.util.test.junit.AutoTests" name="[10] /home/travis/build/icyphy/ptII/ptolemy/domains/continuous/test/auto/CausalityInterface4.xml (RunModel)" time="0.037" />
  <testcase classname="ptolemy.util.test.junit.AutoTests" name="[11] /home/travis/build/icyphy/ptII/ptolemy/domains/continuous/test/auto/CausalityInterface5.xml (RunModel)" time="0.038" />
  <testcase classname="ptolemy.util.test.junit.AutoTests" name="[12] /home/travis/build/icyphy/ptII/ptolemy/domains/continuous/test/auto/CausalityInterface6.xml (RunModel)" time="0.03" />
  <testcase classname="ptolemy.util.test.junit.AutoTests" name="[13] /home/travis/build/icyphy/ptII/ptolemy/domains/continuous/test/auto/CausalityInterface7.xml (RunModel)" time="0.034" />
  <testcase classname="ptolemy.util.test.junit.AutoTests" name="[14] /home/travis/build/icyphy/ptII/ptolemy/domains/continuous/test/auto/CausalityInterface8.xml (RunModel)" time="0.04" />
  <testcase classname="ptolemy.util.test.junit.AutoTests" name="[15] /home/travis/build/icyphy/ptII/ptolemy/domains/continuous/test/auto/CausalityInterface9.xml (RunModel)" time="0.041" />
  <testcase classname="ptolemy.util.test.junit.AutoTests" name="[16] /home/travis/build/icyphy/ptII/ptolemy/domains/continuous/test/auto/CausalityInterfaceFeedback1.xml (RunModel)" time="0.035" />
  <testcase classname="ptolemy.util.test.junit.AutoTests" name="[17] /home/travis/build/icyphy/ptII/ptolemy/domains/continuous/test/auto/CausalityInterfaceFeedback2.xml (RunModel)" time="0.033" />
  <testcase classname="ptolemy.util.test.junit.AutoTests" name="[18] /home/travis/build/icyphy/ptII/ptolemy/domains/continuous/test/auto/CompareWithCurrentTime.xml (RunModel)" time="0.022" />
  <testcase classname="ptolemy.util.test.junit.AutoTests" name="[19] /home/travis/build/icyphy/ptII/ptolemy/domains/continuous/test/auto/ComparedClocks.xml (RunModel)" time="0.069" />
  <testcase classname="ptolemy.util.test.junit.AutoTests" name="[20] /home/travis/build/icyphy/ptII/ptolemy/domains/continuous/test/auto/ContinuousAOCClone.xml (RunModel)" time="2.506" />
  <testcase classname="ptolemy.util.test.junit.AutoTests" name="[21] /home/travis/build/icyphy/ptII/ptolemy/domains/continuous/test/auto/ContinuousClock.xml (RunModel)" time="0.088" />
  <testcase classname="ptolemy.util.test.junit.AutoTests" name="[22] /home/travis/build/icyphy/ptII/ptolemy/domains/continuous/test/auto/ContinuousInContinuous.xml (RunModel)" time="0.091" />
  <testcase classname="ptolemy.util.test.junit.AutoTests" name="[23] /home/travis/build/icyphy/ptII/ptolemy/domains/continuous/test/auto/ContinuousInContinuousInContinuous.xml (RunModel)" time="0.025" />
  <testcase classname="ptolemy.util.test.junit.AutoTests" name="[24] /home/travis/build/icyphy/ptII/ptolemy/domains/continuous/test/auto/ContinuousInDE.xml (RunModel)" time="0.12" />
  <testcase classname="ptolemy.util.test.junit.AutoTests" name="[25] /home/travis/build/icyphy/ptII/ptolemy/domains/continuous/test/auto/ContinuousInDE2.xml (RunModel)" time="0.069" />
  <testcase classname="ptolemy.util.test.junit.AutoTests" name="[26] /home/travis/build/icyphy/ptII/ptolemy/domains/continuous/test/auto/ContinuousInDE3.xml (RunModel)" time="0.063" />
  <testcase classname="ptolemy.util.test.junit.AutoTests" name="[27] /home/travis/build/icyphy/ptII/ptolemy/domains/continuous/test/auto/ContinuousInDE4.xml (RunModel)" time="0.037" />
  <testcase classname="ptolemy.util.test.junit.AutoTests" name="[28] /home/travis/build/icyphy/ptII/ptolemy/domains/continuous/test/auto/ContinuousInDEDifferentRefinements.xml (RunModel)" time="0.1" />
  <testcase classname="ptolemy.util.test.junit.AutoTests" name="[29] /home/travis/build/icyphy/ptII/ptolemy/domains/continuous/test/auto/ContinuousInDEDifferentRefinementsPreemptive.xml (RunModel)" time="0.081" />
  <testcase classname="ptolemy.util.test.junit.AutoTests" name="[30] /home/travis/build/icyphy/ptII/ptolemy/domains/continuous/test/auto/ContinuousInDEInContinuous2.xml (RunModel)" time="0.058" />
  <testcase classname="ptolemy.util.test.junit.AutoTests" name="[31] /home/travis/build/icyphy/ptII/ptolemy/domains/continuous/test/auto/ContinuousInDEInContinuous3.xml (RunModel)" time="0.061" />
  <testcase classname="ptolemy.util.test.junit.AutoTests" name="[32] /home/travis/build/icyphy/ptII/ptolemy/domains/continuous/test/auto/ContinuousInDEInput.xml (RunModel)" time="0.041" />
  <testcase classname="ptolemy.util.test.junit.AutoTests" name="[33] /home/travis/build/icyphy/ptII/ptolemy/domains/continuous/test/auto/ContinuousInDEInput2.xml (RunModel)" time="0.031" />
  <testcase classname="ptolemy.util.test.junit.AutoTests" name="[34] /home/travis/build/icyphy/ptII/ptolemy/domains/continuous/test/auto/ContinuousInDEInput3.xml (RunModel)" time="0.024" />
  <testcase classname="ptolemy.util.test.junit.AutoTests" name="[35] /home/travis/build/icyphy/ptII/ptolemy/domains/continuous/test/auto/ContinuousInDESharingRefinement.xml (RunModel)" time="0.189" />
  <testcase classname="ptolemy.util.test.junit.AutoTests" name="[36] /home/travis/build/icyphy/ptII/ptolemy/domains/continuous/test/auto/ContinuousInDEwithNoPorts.xml (RunModel)" time="0.018" />
  <testcase classname="ptolemy.util.test.junit.AutoTests" name="[37] /home/travis/build/icyphy/ptII/ptolemy/domains/continuous/test/auto/ContinuousInsideDE.xml (RunModel)" time="0.094" />
  <testcase classname="ptolemy.util.test.junit.AutoTests" name="[38] /home/travis/build/icyphy/ptII/ptolemy/domains/continuous/test/auto/ContinuousMerge1.xml (RunModel)" time="0.027" />
  <testcase classname="ptolemy.util.test.junit.AutoTests" name="[39] /home/travis/build/icyphy/ptII/ptolemy/domains/continuous/test/auto/ContinuousMerge2.xml (RunModel)" time="0.036" />
  <testcase classname="ptolemy.util.test.junit.AutoTests" name="[40] /home/travis/build/icyphy/ptII/ptolemy/domains/continuous/test/auto/ContinuousMerge3.xml (RunModel)" time="0.07" />
  <testcase classname="ptolemy.util.test.junit.AutoTests" name="[41] /home/travis/build/icyphy/ptII/ptolemy/domains/continuous/test/auto/ContinuousWithinContinuous.xml (RunModel)" time="0.065" />
  <testcase classname="ptolemy.util.test.junit.AutoTests" name="[42] /home/travis/build/icyphy/ptII/ptolemy/domains/continuous/test/auto/ContinuousWithinContinuous2.xml (RunModel)" time="0.071" />
  <testcase classname="ptolemy.util.test.junit.AutoTests" name="[43] /home/travis/build/icyphy/ptII/ptolemy/domains/continuous/test/auto/ContinuousWithinContinuous3.xml (RunModel)" time="0.031" />
  <testcase classname="ptolemy.util.test.junit.AutoTests" name="[44] /home/travis/build/icyphy/ptII/ptolemy/domains/continuous/test/auto/ContinuousWithinContinuous4.xml (RunModel)" time="0.081" />
  <testcase classname="ptolemy.util.test.junit.AutoTests" name="[45] /home/travis/build/icyphy/ptII/ptolemy/domains/continuous/test/auto/ContinuousWithinContinuous5.xml (RunModel)" time="0.028" />
  <testcase classname="ptolemy.util.test.junit.AutoTests" name="[46] /home/travis/build/icyphy/ptII/ptolemy/domains/continuous/test/auto/ContinuousWithinContinuous6.xml (RunModel)" time="0.026" />
  <testcase classname="ptolemy.util.test.junit.AutoTests" name="[47] /home/travis/build/icyphy/ptII/ptolemy/domains/continuous/test/auto/ContinuousWithinContinuous7.xml (RunModel)" time="0.071" />
  <testcase classname="ptolemy.util.test.junit.AutoTests" name="[48] /home/travis/build/icyphy/ptII/ptolemy/domains/continuous/test/auto/DCMotor.xml (RunModel)" time="14.842" />
  <testcase classname="ptolemy.util.test.junit.AutoTests" name="[49] /home/travis/build/icyphy/ptII/ptolemy/domains/continuous/test/auto/DEInContinuous.xml (RunModel)" time="0.022" />
  <testcase classname="ptolemy.util.test.junit.AutoTests" name="[50] /home/travis/build/icyphy/ptII/ptolemy/domains/continuous/test/auto/DEinContinuous2.xml (RunModel)" time="0.035" />
  <testcase classname="ptolemy.util.test.junit.AutoTests" name="[51] /home/travis/build/icyphy/ptII/ptolemy/domains/continuous/test/auto/Derivative.xml (RunModel)" time="0.203" />
  <testcase classname="ptolemy.util.test.junit.AutoTests" name="[52] /home/travis/build/icyphy/ptII/ptolemy/domains/continuous/test/auto/Derivative1.xml (RunModel)" time="0.039" />
  <testcase classname="ptolemy.util.test.junit.AutoTests" name="[53] /home/travis/build/icyphy/ptII/ptolemy/domains/continuous/test/auto/DiscreteClock.xml (RunModel)" time="0.019" />
  <testcase classname="ptolemy.util.test.junit.AutoTests" name="[54] /home/travis/build/icyphy/ptII/ptolemy/domains/continuous/test/auto/EfficiencyCurve.xml (RunModel)" time="0.083" />
  <testcase classname="ptolemy.util.test.junit.AutoTests" name="[55] /home/travis/build/icyphy/ptII/ptolemy/domains/continuous/test/auto/ExponentialResponse.xml (RunModel)" time="0.144" />
  <testcase classname="ptolemy.util.test.junit.AutoTests" name="[56] /home/travis/build/icyphy/ptII/ptolemy/domains/continuous/test/auto/ExponentialResponseRK45.xml (RunModel)" time="0.036" />
  <testcase classname="ptolemy.util.test.junit.AutoTests" name="[57] /home/travis/build/icyphy/ptII/ptolemy/domains/continuous/test/auto/Friction.xml (RunModel)" time="1.427" />
  <testcase classname="ptolemy.util.test.junit.AutoTests" name="[58] /home/travis/build/icyphy/ptII/ptolemy/domains/continuous/test/auto/FurutaPendulum.xml (RunModel)" time="3.552" />
  <testcase classname="ptolemy.util.test.junit.AutoTests" name="[59] /home/travis/build/icyphy/ptII/ptolemy/domains/continuous/test/auto/HierarchicalExecution.xml (RunModel)" time="2.278" />
  <testcase classname="ptolemy.util.test.junit.AutoTests" name="[60] /home/travis/build/icyphy/ptII/ptolemy/domains/continuous/test/auto/HybridPlant.xml (RunModel)" time="0.55" />
  <testcase classname="ptolemy.util.test.junit.AutoTests" name="[61] /home/travis/build/icyphy/ptII/ptolemy/domains/continuous/test/auto/Hysteresis.xml (RunModel)" time="0.161" />
  <testcase classname="ptolemy.util.test.junit.AutoTests" name="[62] /home/travis/build/icyphy/ptII/ptolemy/domains/continuous/test/auto/HysteresisWithRandomDelay.xml (RunModel)" time="0.216" />
  <testcase classname="ptolemy.util.test.junit.AutoTests" name="[63] /home/travis/build/icyphy/ptII/ptolemy/domains/continuous/test/auto/HysteresisWithRandomLosses.xml (RunModel)" time="2.311" />
  <testcase classname="ptolemy.util.test.junit.AutoTests" name="[64] /home/travis/build/icyphy/ptII/ptolemy/domains/continuous/test/auto/ImmediateTransitions.xml (RunModel)" time="0.024" />
  <testcase classname="ptolemy.util.test.junit.AutoTests" name="[65] /home/travis/build/icyphy/ptII/ptolemy/domains/continuous/test/auto/ImpulseFeedback.xml (RunModel)" time="0.03" />
  <testcase classname="ptolemy.util.test.junit.AutoTests" name="[66] /home/travis/build/icyphy/ptII/ptolemy/domains/continuous/test/auto/ImpulseFeedback2.xml (RunModel)" time="0.022" />
  <testcase classname="ptolemy.util.test.junit.AutoTests" name="[67] /home/travis/build/icyphy/ptII/ptolemy/domains/continuous/test/auto/IncreasingRatePoisson.xml (RunModel)" time="0.693" />
  <testcase classname="ptolemy.util.test.junit.AutoTests" name="[68] /home/travis/build/icyphy/ptII/ptolemy/domains/continuous/test/auto/InitialStateFeedback.xml (RunModel)" time="0.014" />
  <testcase classname="ptolemy.util.test.junit.AutoTests" name="[69] /home/travis/build/icyphy/ptII/ptolemy/domains/continuous/test/auto/Integration.xml (RunModel)" time="0.011" />
  <testcase classname="ptolemy.util.test.junit.AutoTests" name="[70] /home/travis/build/icyphy/ptII/ptolemy/domains/continuous/test/auto/Integration2.xml (RunModel)" time="0.087" />
  <testcase classname="ptolemy.util.test.junit.AutoTests" name="[71] /home/travis/build/icyphy/ptII/ptolemy/domains/continuous/test/auto/Integration3.xml (RunModel)" time="0.011" />
  <testcase classname="ptolemy.util.test.junit.AutoTests" name="[72] /home/travis/build/icyphy/ptII/ptolemy/domains/continuous/test/auto/Integration5.xml (RunModel)" time="0.01" />
  <testcase classname="ptolemy.util.test.junit.AutoTests" name="[73] /home/travis/build/icyphy/ptII/ptolemy/domains/continuous/test/auto/IntegratorImpulse.xml (RunModel)" time="0.011" />
  <testcase classname="ptolemy.util.test.junit.AutoTests" name="[74] /home/travis/build/icyphy/ptII/ptolemy/domains/continuous/test/auto/IntegratorImpulse2.xml (RunModel)" time="0.011" />
  <testcase classname="ptolemy.util.test.junit.AutoTests" name="[75] /home/travis/build/icyphy/ptII/ptolemy/domains/continuous/test/auto/LevelCrossing1.xml (RunModel)" time="0.01" />
  <testcase classname="ptolemy.util.test.junit.AutoTests" name="[76] /home/travis/build/icyphy/ptII/ptolemy/domains/continuous/test/auto/LevelCrossing2.xml (RunModel)" time="0.011" />
  <testcase classname="ptolemy.util.test.junit.AutoTests" name="[77] /home/travis/build/icyphy/ptII/ptolemy/domains/continuous/test/auto/LevelCrossing3.xml (RunModel)" time="0.01" />
  <testcase classname="ptolemy.util.test.junit.AutoTests" name="[78] /home/travis/build/icyphy/ptII/ptolemy/domains/continuous/test/auto/LevelCrossing4.xml (RunModel)" time="0.012" />
  <testcase classname="ptolemy.util.test.junit.AutoTests" name="[79] /home/travis/build/icyphy/ptII/ptolemy/domains/continuous/test/auto/LevelCrossing5.xml (RunModel)" time="0.012" />
  <testcase classname="ptolemy.util.test.junit.AutoTests" name="[80] /home/travis/build/icyphy/ptII/ptolemy/domains/continuous/test/auto/LevelCrossing6.xml (RunModel)" time="0.011" />
  <testcase classname="ptolemy.util.test.junit.AutoTests" name="[81] /home/travis/build/icyphy/ptII/ptolemy/domains/continuous/test/auto/LevelCrossingDetector.xml (RunModel)" time="0.03" />
  <testcase classname="ptolemy.util.test.junit.AutoTests" name="[82] /home/travis/build/icyphy/ptII/ptolemy/domains/continuous/test/auto/LevelCrossingDetectorDetectingDirections.xml (RunModel)" time="0.068" />
  <testcase classname="ptolemy.util.test.junit.AutoTests" name="[83] /home/travis/build/icyphy/ptII/ptolemy/domains/continuous/test/auto/LevelCrossingDetectorDetectsGlitches.xml (RunModel)" time="0.068" />
  <testcase classname="ptolemy.util.test.junit.AutoTests" name="[84] /home/travis/build/icyphy/ptII/ptolemy/domains/continuous/test/auto/LevelCrossingNoInitialOuput.xml (RunModel)" time="0.017" />
  <testcase classname="ptolemy.util.test.junit.AutoTests" name="[85] /home/travis/build/icyphy/ptII/ptolemy/domains/continuous/test/auto/LinearStateSpaceExample.xml (RunModel)" time="0.054" />
  <testcase classname="ptolemy.util.test.junit.AutoTests" name="[86] /home/travis/build/icyphy/ptII/ptolemy/domains/continuous/test/auto/Lorenz.xml (RunModel)" time="4.698" />
  <testcase classname="ptolemy.util.test.junit.AutoTests" name="[87] /home/travis/build/icyphy/ptII/ptolemy/domains/continuous/test/auto/LorenzDifferentialSystem.xml (RunModel)" time="1.147" />
  <testcase classname="ptolemy.util.test.junit.AutoTests" name="[88] /home/travis/build/icyphy/ptII/ptolemy/domains/continuous/test/auto/LorenzDifferentialSystemWithInput.xml (RunModel)" time="1.339" />
  <testcase classname="ptolemy.util.test.junit.AutoTests" name="[89] /home/travis/build/icyphy/ptII/ptolemy/domains/continuous/test/auto/LorenzDifferentialSystemWithTime.xml (RunModel)" time="0.942" />
  <testcase classname="ptolemy.util.test.junit.AutoTests" name="[90] /home/travis/build/icyphy/ptII/ptolemy/domains/continuous/test/auto/Microsteps.xml (RunModel)" time="0.023" />
  <testcase classname="ptolemy.util.test.junit.AutoTests" name="[91] /home/travis/build/icyphy/ptII/ptolemy/domains/continuous/test/auto/Modal1.xml (RunModel)" time="0.035" />
  <testcase classname="ptolemy.util.test.junit.AutoTests" name="[92] /home/travis/build/icyphy/ptII/ptolemy/domains/continuous/test/auto/Modal2.xml (RunModel)" time="0.047" />
  <testcase classname="ptolemy.util.test.junit.AutoTests" name="[93] /home/travis/build/icyphy/ptII/ptolemy/domains/continuous/test/auto/ModalTransitionGuardWithReset.xml (RunModel)" time="0.032" />
  <testcase classname="ptolemy.util.test.junit.AutoTests" name="[94] /home/travis/build/icyphy/ptII/ptolemy/domains/continuous/test/auto/ModalTransitionGuardWithResetUsingPreemptiveTransition.xml (RunModel)" time="0.023" />
  <testcase classname="ptolemy.util.test.junit.AutoTests" name="[95] /home/travis/build/icyphy/ptII/ptolemy/domains/continuous/test/auto/ModalTransitionGuardWithResetUsingPreemptiveTransition2.xml (RunModel)" time="0.028" />
  <testcase classname="ptolemy.util.test.junit.AutoTests" name="[96] /home/travis/build/icyphy/ptII/ptolemy/domains/continuous/test/auto/ModalTransitionGuardWithResetUsingPreemptiveTransition3.xml (RunModel)" time="0.033" />
  <testcase classname="ptolemy.util.test.junit.AutoTests" name="[97] /home/travis/build/icyphy/ptII/ptolemy/domains/continuous/test/auto/NewtonsCradle.xml (RunModel)" time="0.795" />
  <testcase classname="ptolemy.util.test.junit.AutoTests" name="[98] /home/travis/build/icyphy/ptII/ptolemy/domains/continuous/test/auto/NewtonsCradleAnimated.xml (RunModel)" time="1.252" />
  <testcase classname="ptolemy.util.test.junit.AutoTests" name="[99] /home/travis/build/icyphy/ptII/ptolemy/domains/continuous/test/auto/NewtonsCradleComplicated.xml (RunModel)" time="0.993" />
  <testcase classname="ptolemy.util.test.junit.AutoTests" name="[100] /home/travis/build/icyphy/ptII/ptolemy/domains/continuous/test/auto/NewtonsCradleNondeterministic.xml (RunModel)" time="0.765" />
  <testcase classname="ptolemy.util.test.junit.AutoTests" name="[101] /home/travis/build/icyphy/ptII/ptolemy/domains/continuous/test/auto/NewtonsCradlePerfectlyInelastic1.xml (RunModel)" time="1.3" />
  <testcase classname="ptolemy.util.test.junit.AutoTests" name="[102] /home/travis/build/icyphy/ptII/ptolemy/domains/continuous/test/auto/Noise.xml (RunModel)" time="0.188" />
  <testcase classname="ptolemy.util.test.junit.AutoTests" name="[103] /home/travis/build/icyphy/ptII/ptolemy/domains/continuous/test/auto/NoiseSpectrum.xml (RunModel)" time="0.819" />
  <testcase classname="ptolemy.util.test.junit.AutoTests" name="[104] /home/travis/build/icyphy/ptII/ptolemy/domains/continuous/test/auto/ParameterizedNewtonsCradleAnimated.xml (RunModel)" time="0.373" />
  <testcase classname="ptolemy.util.test.junit.AutoTests" name="[105] /home/travis/build/icyphy/ptII/ptolemy/domains/continuous/test/auto/ParameterizedNewtonsCradleAnimatedNondeterministic.xml (RunModel)" time="1.219" />
  <testcase classname="ptolemy.util.test.junit.AutoTests" name="[106] /home/travis/build/icyphy/ptII/ptolemy/domains/continuous/test/auto/Pendulum3D.xml (RunModel)" time="0.169" />
  <testcase classname="ptolemy.util.test.junit.AutoTests" name="[107] /home/travis/build/icyphy/ptII/ptolemy/domains/continuous/test/auto/PeriodicSampler.xml (RunModel)" time="0.013" />
  <testcase classname="ptolemy.util.test.junit.AutoTests" name="[108] /home/travis/build/icyphy/ptII/ptolemy/domains/continuous/test/auto/PeriodicSampler1.xml (RunModel)" time="0.046" />
  <testcase classname="ptolemy.util.test.junit.AutoTests" name="[109] /home/travis/build/icyphy/ptII/ptolemy/domains/continuous/test/auto/PeriodicSampler2.xml (RunModel)" time="0.073" />
  <testcase classname="ptolemy.util.test.junit.AutoTests" name="[110] /home/travis/build/icyphy/ptII/ptolemy/domains/continuous/test/auto/Poisson.xml (RunModel)" time="0.456" />
  <testcase classname="ptolemy.util.test.junit.AutoTests" name="[111] /home/travis/build/icyphy/ptII/ptolemy/domains/continuous/test/auto/PoissonClock.xml (RunModel)" time="0.011" />
  <testcase classname="ptolemy.util.test.junit.AutoTests" name="[112] /home/travis/build/icyphy/ptII/ptolemy/domains/continuous/test/auto/PoissonClock2.xml (RunModel)" time="0.013" />
  <testcase classname="ptolemy.util.test.junit.AutoTests" name="[113] /home/travis/build/icyphy/ptII/ptolemy/domains/continuous/test/auto/PortParameterHierarchy.xml (RunModel)" time="0.018" />
  <testcase classname="ptolemy.util.test.junit.AutoTests" name="[114] /home/travis/build/icyphy/ptII/ptolemy/domains/continuous/test/auto/RandomHybridPlant.xml (RunModel)" time="0.52" />
  <testcase classname="ptolemy.util.test.junit.AutoTests" name="[115] /home/travis/build/icyphy/ptII/ptolemy/domains/continuous/test/auto/ResetTransitionWithStartTime1.xml (RunModel)" time="0.051" />
  <testcase classname="ptolemy.util.test.junit.AutoTests" name="[116] /home/travis/build/icyphy/ptII/ptolemy/domains/continuous/test/auto/ResetTransitionWithStartTime2.xml (RunModel)" time="0.044" />
  <testcase classname="ptolemy.util.test.junit.AutoTests" name="[117] /home/travis/build/icyphy/ptII/ptolemy/domains/continuous/test/auto/ResetTransitionWithStartTime3.xml (RunModel)" time="0.035" />
  <testcase classname="ptolemy.util.test.junit.AutoTests" name="[118] /home/travis/build/icyphy/ptII/ptolemy/domains/continuous/test/auto/ResetTransitionWithStartTime4.xml (RunModel)" time="0.023" />
  <testcase classname="ptolemy.util.test.junit.AutoTests" name="[119] /home/travis/build/icyphy/ptII/ptolemy/domains/continuous/test/auto/ResetTransitionWithStartTime5.xml (RunModel)" time="0.032" />
  <testcase classname="ptolemy.util.test.junit.AutoTests" name="[120] /home/travis/build/icyphy/ptII/ptolemy/domains/continuous/test/auto/ResetTransitionWithStartTime6.xml (RunModel)" time="0.027" />
  <testcase classname="ptolemy.util.test.junit.AutoTests" name="[121] /home/travis/build/icyphy/ptII/ptolemy/domains/continuous/test/auto/SRinContinuous.xml (RunModel)" time="0.026" />
  <testcase classname="ptolemy.util.test.junit.AutoTests" name="[122] /home/travis/build/icyphy/ptII/ptolemy/domains/continuous/test/auto/SampledClocks.xml (RunModel)" time="0.028" />
  <testcase classname="ptolemy.util.test.junit.AutoTests" name="[123] /home/travis/build/icyphy/ptII/ptolemy/domains/continuous/test/auto/Satellite.xml (RunModel)" time="0.768" />
  <testcase classname="ptolemy.util.test.junit.AutoTests" name="[124] /home/travis/build/icyphy/ptII/ptolemy/domains/continuous/test/auto/SigmaDelta.xml (RunModel)" time="2.567" />
  <testcase classname="ptolemy.util.test.junit.AutoTests" name="[125] /home/travis/build/icyphy/ptII/ptolemy/domains/continuous/test/auto/SingleRefinement.xml (RunModel)" time="0.461" />
  <testcase classname="ptolemy.util.test.junit.AutoTests" name="[126] /home/travis/build/icyphy/ptII/ptolemy/domains/continuous/test/auto/SinuBouncingBall.xml (RunModel)" time="0.796" />
  <testcase classname="ptolemy.util.test.junit.AutoTests" name="[127] /home/travis/build/icyphy/ptII/ptolemy/domains/continuous/test/auto/Sinusoid.xml (RunModel)" time="0.015" />
  <testcase classname="ptolemy.util.test.junit.AutoTests" name="[128] /home/travis/build/icyphy/ptII/ptolemy/domains/continuous/test/auto/SinusoidInNoise.xml (RunModel)" time="0.974" />
  <testcase classname="ptolemy.util.test.junit.AutoTests" name="[129] /home/travis/build/icyphy/ptII/ptolemy/domains/continuous/test/auto/SinusoidRK45.xml (RunModel)" time="0.01" />
  <testcase classname="ptolemy.util.test.junit.AutoTests" name="[130] /home/travis/build/icyphy/ptII/ptolemy/domains/continuous/test/auto/SinusoidWithMultipleImpulses.xml (RunModel)" time="0.012" />
  <testcase classname="ptolemy.util.test.junit.AutoTests" name="[131] /home/travis/build/icyphy/ptII/ptolemy/domains/continuous/test/auto/SquareWave.xml (RunModel)" time="0.193" />
  <testcase classname="ptolemy.util.test.junit.AutoTests" name="[132] /home/travis/build/icyphy/ptII/ptolemy/domains/continuous/test/auto/Starmac.xml (RunModel)" time="3.32" />
  <testcase classname="ptolemy.util.test.junit.AutoTests" name="[133] /home/travis/build/icyphy/ptII/ptolemy/domains/continuous/test/auto/StaticUnits.xml (RunModel)" time="2.492" />
  <testcase classname="ptolemy.util.test.junit.AutoTests" name="[134] /home/travis/build/icyphy/ptII/ptolemy/domains/continuous/test/auto/StickyMasses.xml (RunModel)" time="0.172" />
  <testcase classname="ptolemy.util.test.junit.AutoTests" name="[135] /home/travis/build/icyphy/ptII/ptolemy/domains/continuous/test/auto/StopTime.xml (RunModel)" time="0.08" />
  <testcase classname="ptolemy.util.test.junit.AutoTests" name="[136] /home/travis/build/icyphy/ptII/ptolemy/domains/continuous/test/auto/StopTime2.xml (RunModel)" time="0.06" />
  <testcase classname="ptolemy.util.test.junit.AutoTests" name="[137] /home/travis/build/icyphy/ptII/ptolemy/domains/continuous/test/auto/Switch.xml (RunModel)" time="0.076" />
  <testcase classname="ptolemy.util.test.junit.AutoTests" name="[138] /home/travis/build/icyphy/ptII/ptolemy/domains/continuous/test/auto/Thermostat.xml (RunModel)" time="0.214" />
  <testcase classname="ptolemy.util.test.junit.AutoTests" name="[139] /home/travis/build/icyphy/ptII/ptolemy/domains/continuous/test/auto/TimeDelay.xml (RunModel)" time="0.02" />
  <testcase classname="ptolemy.util.test.junit.AutoTests" name="[140] /home/travis/build/icyphy/ptII/ptolemy/domains/continuous/test/auto/TimeDelay2.xml (RunModel)" time="0.021" />
  <testcase classname="ptolemy.util.test.junit.AutoTests" name="[141] /home/travis/build/icyphy/ptII/ptolemy/domains/continuous/test/auto/TimeDelay3.xml (RunModel)" time="0.01" />
  <testcase classname="ptolemy.util.test.junit.AutoTests" name="[142] /home/travis/build/icyphy/ptII/ptolemy/domains/continuous/test/auto/TransferAbsentToInside.xml (RunModel)" time="0.114" />
  <testcase classname="ptolemy.util.test.junit.AutoTests" name="[143] /home/travis/build/icyphy/ptII/ptolemy/domains/continuous/test/auto/Transmission.xml (RunModel)" time="0.732" />
  <testcase classname="ptolemy.util.test.junit.AutoTests" name="[144] /home/travis/build/icyphy/ptII/ptolemy/domains/continuous/test/auto/TriggeredContinuousClock.xml (RunModel)" time="0.065" />
  <testcase classname="ptolemy.util.test.junit.AutoTests" name="[145] /home/travis/build/icyphy/ptII/ptolemy/domains/continuous/test/auto/TwoMachineInfiniteBusControl.xml (RunModel)" time="3.024" />
  <testcase classname="ptolemy.util.test.junit.AutoTests" name="[146] /home/travis/build/icyphy/ptII/ptolemy/domains/continuous/test/auto/V2V.xml (RunModel)" time="0.828" />
  <testcase classname="ptolemy.util.test.junit.AutoTests" name="[147] /home/travis/build/icyphy/ptII/ptolemy/domains/continuous/test/auto/hierarchicalModalModel.xml (RunModel)" time="0.029" />
  <testcase classname="ptolemy.util.test.junit.AutoTests" name="[148] /home/travis/build/icyphy/ptII/ptolemy/domains/continuous/test/auto/hierarchicalModalModel1.xml (RunModel)" time="0.029" />
  <testcase classname="ptolemy.util.test.junit.AutoTests" name="[149] /home/travis/build/icyphy/ptII/ptolemy/domains/continuous/test/auto/hierarchicalModalModel2.xml (RunModel)" time="0.029" />
  <testcase classname="ptolemy.util.test.junit.AutoTests" name="[150] /home/travis/build/icyphy/ptII/ptolemy/domains/continuous/test/auto/hierarchicalModalModel3.xml (RunModel)" time="0.022" />
  <testcase classname="ptolemy.util.test.junit.AutoTests" name="[151] /home/travis/build/icyphy/ptII/ptolemy/domains/continuous/test/auto/hierarchicalModalModel4.xml (RunModel)" time="0.023" />
  <testcase classname="ptolemy.util.test.junit.AutoTests" name="[152] /home/travis/build/icyphy/ptII/ptolemy/domains/continuous/test/auto/junk.xml (RunModel)" time="0.152" />
  <system-out><![CDATA[No tcl tests in /home/travis/build/icyphy/ptII/ptolemy/domains/continuous/test
No auto/knownFailedTests/*.xml tests in /home/travis/build/icyphy/ptII/ptolemy/domains/continuous/test
No auto/linux-amd64/*.xml tests in /home/travis/build/icyphy/ptII/ptolemy/domains/continuous/test
AutoTests.java: About to close Vertx.
AutoTests.java: Vertx closed.

===========================================================================================
----------------- testing Thu Jan 31 03:25:07 UTC 2019 /home/travis/build/icyphy/ptII/ptolemy/domains/continuous/test/auto/BouncingBall.xml
----------------- Instantiating /home/travis/build/icyphy/ptII/ptolemy/domains/continuous/test/auto/BouncingBall.xml
2235 ms. Memory: 331776K Free: 257833K (78%)
----------------- Invoking toplevel() on ptolemy.moml.MoMLSimpleApplication@6b313d83
----------------- Done invoking toplevel() on ptolemy.moml.MoMLSimpleApplication@6b313d83
reloadAllAccessors: .BouncingBall

===========================================================================================
----------------- testing Thu Jan 31 03:25:10 UTC 2019 /home/travis/build/icyphy/ptII/ptolemy/domains/continuous/test/auto/BouncingBallWithoutGR.xml
----------------- Instantiating /home/travis/build/icyphy/ptII/ptolemy/domains/continuous/test/auto/BouncingBallWithoutGR.xml
751 ms. Memory: 331776K Free: 315171K (95%)
----------------- Invoking toplevel() on ptolemy.moml.MoMLSimpleApplication@14574b96
----------------- Done invoking toplevel() on ptolemy.moml.MoMLSimpleApplication@14574b96
reloadAllAccessors: .BouncingBallWithoutGR

===========================================================================================
----------------- testing Thu Jan 31 03:25:11 UTC 2019 /home/travis/build/icyphy/ptII/ptolemy/domains/continuous/test/auto/Brownian.xml
----------------- Instantiating /home/travis/build/icyphy/ptII/ptolemy/domains/continuous/test/auto/Brownian.xml
41 ms. Memory: 331776K Free: 301469K (91%)
----------------- Invoking toplevel() on ptolemy.moml.MoMLSimpleApplication@4025e4a0
----------------- Done invoking toplevel() on ptolemy.moml.MoMLSimpleApplication@4025e4a0
reloadAllAccessors: .Brownian

===========================================================================================
----------------- testing Thu Jan 31 03:25:11 UTC 2019 /home/travis/build/icyphy/ptII/ptolemy/domains/continuous/test/auto/CarTracking.xml
----------------- Instantiating /home/travis/build/icyphy/ptII/ptolemy/domains/continuous/test/auto/CarTracking.xml
3069 ms. Memory: 578560K Free: 466240K (81%)
----------------- Invoking toplevel() on ptolemy.moml.MoMLSimpleApplication@79c9c1ec
----------------- Done invoking toplevel() on ptolemy.moml.MoMLSimpleApplication@79c9c1ec
reloadAllAccessors: .CarTracking

===========================================================================================
----------------- testing Thu Jan 31 03:25:14 UTC 2019 /home/travis/build/icyphy/ptII/ptolemy/domains/continuous/test/auto/CartPendulum.xml
----------------- Instantiating /home/travis/build/icyphy/ptII/ptolemy/domains/continuous/test/auto/CartPendulum.xml
417 ms. Memory: 578560K Free: 362003K (63%)
----------------- Invoking toplevel() on ptolemy.moml.MoMLSimpleApplication@2572a67c
----------------- Done invoking toplevel() on ptolemy.moml.MoMLSimpleApplication@2572a67c
reloadAllAccessors: .CartPendulum

===========================================================================================
----------------- testing Thu Jan 31 03:25:15 UTC 2019 /home/travis/build/icyphy/ptII/ptolemy/domains/continuous/test/auto/CausalityInterface10.xml
----------------- Instantiating /home/travis/build/icyphy/ptII/ptolemy/domains/continuous/test/auto/CausalityInterface10.xml
5 ms. Memory: 578560K Free: 348895K (60%)
----------------- Invoking toplevel() on ptolemy.moml.MoMLSimpleApplication@7589950b
----------------- Done invoking toplevel() on ptolemy.moml.MoMLSimpleApplication@7589950b
reloadAllAccessors: .CausalityInterface10

===========================================================================================
----------------- testing Thu Jan 31 03:25:15 UTC 2019 /home/travis/build/icyphy/ptII/ptolemy/domains/continuous/test/auto/CausalityInterface11.xml
----------------- Instantiating /home/travis/build/icyphy/ptII/ptolemy/domains/continuous/test/auto/CausalityInterface11.xml
3 ms. Memory: 578560K Free: 339049K (59%)
----------------- Invoking toplevel() on ptolemy.moml.MoMLSimpleApplication@166854d7
----------------- Done invoking toplevel() on ptolemy.moml.MoMLSimpleApplication@166854d7
reloadAllAccessors: .CausalityInterface11

===========================================================================================
----------------- testing Thu Jan 31 03:25:15 UTC 2019 /home/travis/build/icyphy/ptII/ptolemy/domains/continuous/test/auto/CausalityInterface12.xml
----------------- Instantiating /home/travis/build/icyphy/ptII/ptolemy/domains/continuous/test/auto/CausalityInterface12.xml
3 ms. Memory: 578560K Free: 326319K (56%)
----------------- Invoking toplevel() on ptolemy.moml.MoMLSimpleApplication@40e7b1af
----------------- Done invoking toplevel() on ptolemy.moml.MoMLSimpleApplication@40e7b1af
reloadAllAccessors: .CausalityInterface12

===========================================================================================
----------------- testing Thu Jan 31 03:25:15 UTC 2019 /home/travis/build/icyphy/ptII/ptolemy/domains/continuous/test/auto/CausalityInterface13.xml
----------------- Instantiating /home/travis/build/icyphy/ptII/ptolemy/domains/continuous/test/auto/CausalityInterface13.xml
7 ms. Memory: 578560K Free: 316488K (55%)
----------------- Invoking toplevel() on ptolemy.moml.MoMLSimpleApplication@71919ccd
----------------- Done invoking toplevel() on ptolemy.moml.MoMLSimpleApplication@71919ccd
reloadAllAccessors: .CausalityInterface13

===========================================================================================
----------------- testing Thu Jan 31 03:25:15 UTC 2019 /home/travis/build/icyphy/ptII/ptolemy/domains/continuous/test/auto/CausalityInterface14.xml
----------------- Instantiating /home/travis/build/icyphy/ptII/ptolemy/domains/continuous/test/auto/CausalityInterface14.xml
4 ms. Memory: 578560K Free: 306642K (53%)
----------------- Invoking toplevel() on ptolemy.moml.MoMLSimpleApplication@54426a0b
----------------- Done invoking toplevel() on ptolemy.moml.MoMLSimpleApplication@54426a0b
reloadAllAccessors: .CausalityInterface14

===========================================================================================
----------------- testing Thu Jan 31 03:25:15 UTC 2019 /home/travis/build/icyphy/ptII/ptolemy/domains/continuous/test/auto/CausalityInterface4.xml
----------------- Instantiating /home/travis/build/icyphy/ptII/ptolemy/domains/continuous/test/auto/CausalityInterface4.xml
3 ms. Memory: 578560K Free: 296796K (51%)
----------------- Invoking toplevel() on ptolemy.moml.MoMLSimpleApplication@348c1484
----------------- Done invoking toplevel() on ptolemy.moml.MoMLSimpleApplication@348c1484
reloadAllAccessors: .CausalityInterface4

===========================================================================================
----------------- testing Thu Jan 31 03:25:15 UTC 2019 /home/travis/build/icyphy/ptII/ptolemy/domains/continuous/test/auto/CausalityInterface5.xml
----------------- Instantiating /home/travis/build/icyphy/ptII/ptolemy/domains/continuous/test/auto/CausalityInterface5.xml
3 ms. Memory: 578560K Free: 280781K (49%)
----------------- Invoking toplevel() on ptolemy.moml.MoMLSimpleApplication@256c4cdc
----------------- Done invoking toplevel() on ptolemy.moml.MoMLSimpleApplication@256c4cdc
reloadAllAccessors: .CausalityInterface5

===========================================================================================
----------------- testing Thu Jan 31 03:25:15 UTC 2019 /home/travis/build/icyphy/ptII/ptolemy/domains/continuous/test/auto/CausalityInterface6.xml
----------------- Instantiating /home/travis/build/icyphy/ptII/ptolemy/domains/continuous/test/auto/CausalityInterface6.xml
4 ms. Memory: 578560K Free: 270935K (47%)
----------------- Invoking toplevel() on ptolemy.moml.MoMLSimpleApplication@5b87eb22
----------------- Done invoking toplevel() on ptolemy.moml.MoMLSimpleApplication@5b87eb22
reloadAllAccessors: .CausalityInterface6

===========================================================================================
----------------- testing Thu Jan 31 03:25:15 UTC 2019 /home/travis/build/icyphy/ptII/ptolemy/domains/continuous/test/auto/CausalityInterface7.xml
----------------- Instantiating /home/travis/build/icyphy/ptII/ptolemy/domains/continuous/test/auto/CausalityInterface7.xml
7 ms. Memory: 578560K Free: 257811K (45%)
----------------- Invoking toplevel() on ptolemy.moml.MoMLSimpleApplication@725f5caf
----------------- Done invoking toplevel() on ptolemy.moml.MoMLSimpleApplication@725f5caf
reloadAllAccessors: .CausalityInterface7

===========================================================================================
----------------- testing Thu Jan 31 03:25:15 UTC 2019 /home/travis/build/icyphy/ptII/ptolemy/domains/continuous/test/auto/CausalityInterface8.xml
----------------- Instantiating /home/travis/build/icyphy/ptII/ptolemy/domains/continuous/test/auto/CausalityInterface8.xml
10 ms. Memory: 578560K Free: 244672K (42%)
----------------- Invoking toplevel() on ptolemy.moml.MoMLSimpleApplication@6c83e19a
----------------- Done invoking toplevel() on ptolemy.moml.MoMLSimpleApplication@6c83e19a
reloadAllAccessors: .CausalityInterface8

===========================================================================================
----------------- testing Thu Jan 31 03:25:15 UTC 2019 /home/travis/build/icyphy/ptII/ptolemy/domains/continuous/test/auto/CausalityInterface9.xml
----------------- Instantiating /home/travis/build/icyphy/ptII/ptolemy/domains/continuous/test/auto/CausalityInterface9.xml
7 ms. Memory: 578560K Free: 228673K (40%)
----------------- Invoking toplevel() on ptolemy.moml.MoMLSimpleApplication@f8710a4
----------------- Done invoking toplevel() on ptolemy.moml.MoMLSimpleApplication@f8710a4
reloadAllAccessors: .CausalityInterface9

===========================================================================================
----------------- testing Thu Jan 31 03:25:15 UTC 2019 /home/travis/build/icyphy/ptII/ptolemy/domains/continuous/test/auto/CausalityInterfaceFeedback1.xml
----------------- Instantiating /home/travis/build/icyphy/ptII/ptolemy/domains/continuous/test/auto/CausalityInterfaceFeedback1.xml
3 ms. Memory: 578560K Free: 215550K (37%)
----------------- Invoking toplevel() on ptolemy.moml.MoMLSimpleApplication@43412e3d
----------------- Done invoking toplevel() on ptolemy.moml.MoMLSimpleApplication@43412e3d
reloadAllAccessors: .CausalityInterfaceFeedback1

===========================================================================================
----------------- testing Thu Jan 31 03:25:15 UTC 2019 /home/travis/build/icyphy/ptII/ptolemy/domains/continuous/test/auto/CausalityInterfaceFeedback2.xml
----------------- Instantiating /home/travis/build/icyphy/ptII/ptolemy/domains/continuous/test/auto/CausalityInterfaceFeedback2.xml
5 ms. Memory: 578560K Free: 205703K (36%)
----------------- Invoking toplevel() on ptolemy.moml.MoMLSimpleApplication@4351872c
----------------- Done invoking toplevel() on ptolemy.moml.MoMLSimpleApplication@4351872c
reloadAllAccessors: .CausalityInterfaceFeedback2

===========================================================================================
----------------- testing Thu Jan 31 03:25:15 UTC 2019 /home/travis/build/icyphy/ptII/ptolemy/domains/continuous/test/auto/CompareWithCurrentTime.xml
----------------- Instantiating /home/travis/build/icyphy/ptII/ptolemy/domains/continuous/test/auto/CompareWithCurrentTime.xml
3 ms. Memory: 578560K Free: 196266K (34%)
----------------- Invoking toplevel() on ptolemy.moml.MoMLSimpleApplication@7776dcef
----------------- Done invoking toplevel() on ptolemy.moml.MoMLSimpleApplication@7776dcef
reloadAllAccessors: .CompareWithCurrentTime

===========================================================================================
----------------- testing Thu Jan 31 03:25:15 UTC 2019 /home/travis/build/icyphy/ptII/ptolemy/domains/continuous/test/auto/ComparedClocks.xml
----------------- Instantiating /home/travis/build/icyphy/ptII/ptolemy/domains/continuous/test/auto/ComparedClocks.xml
9 ms. Memory: 578560K Free: 176597K (31%)
----------------- Invoking toplevel() on ptolemy.moml.MoMLSimpleApplication@6faa01e8
----------------- Done invoking toplevel() on ptolemy.moml.MoMLSimpleApplication@6faa01e8
reloadAllAccessors: .ComparedClocks

===========================================================================================
----------------- testing Thu Jan 31 03:25:16 UTC 2019 /home/travis/build/icyphy/ptII/ptolemy/domains/continuous/test/auto/ContinuousAOCClone.xml
----------------- Instantiating /home/travis/build/icyphy/ptII/ptolemy/domains/continuous/test/auto/ContinuousAOCClone.xml
2305 ms. Memory: 872960K Free: 450193K (52%)
----------------- Invoking toplevel() on ptolemy.moml.MoMLSimpleApplication@5e51eef2
----------------- Done invoking toplevel() on ptolemy.moml.MoMLSimpleApplication@5e51eef2
reloadAllAccessors: .ContinuousAOCClone

===========================================================================================
----------------- testing Thu Jan 31 03:25:18 UTC 2019 /home/travis/build/icyphy/ptII/ptolemy/domains/continuous/test/auto/ContinuousClock.xml
----------------- Instantiating /home/travis/build/icyphy/ptII/ptolemy/domains/continuous/test/auto/ContinuousClock.xml
34 ms. Memory: 872960K Free: 417306K (48%)
----------------- Invoking toplevel() on ptolemy.moml.MoMLSimpleApplication@5dcac1bc
----------------- Done invoking toplevel() on ptolemy.moml.MoMLSimpleApplication@5dcac1bc
reloadAllAccessors: .ContinuousClock

===========================================================================================
----------------- testing Thu Jan 31 03:25:18 UTC 2019 /home/travis/build/icyphy/ptII/ptolemy/domains/continuous/test/auto/ContinuousInContinuous.xml
----------------- Instantiating /home/travis/build/icyphy/ptII/ptolemy/domains/continuous/test/auto/ContinuousInContinuous.xml
54 ms. Memory: 872960K Free: 385821K (44%)
----------------- Invoking toplevel() on ptolemy.moml.MoMLSimpleApplication@50a964ea
----------------- Done invoking toplevel() on ptolemy.moml.MoMLSimpleApplication@50a964ea
reloadAllAccessors: .ContinuousInContinuous

===========================================================================================
----------------- testing Thu Jan 31 03:25:18 UTC 2019 /home/travis/build/icyphy/ptII/ptolemy/domains/continuous/test/auto/ContinuousInContinuousInContinuous.xml
----------------- Instantiating /home/travis/build/icyphy/ptII/ptolemy/domains/continuous/test/auto/ContinuousInContinuousInContinuous.xml
6 ms. Memory: 872960K Free: 370103K (42%)
----------------- Invoking toplevel() on ptolemy.moml.MoMLSimpleApplication@649393c1
----------------- Done invoking toplevel() on ptolemy.moml.MoMLSimpleApplication@649393c1
reloadAllAccessors: .ContinuousInContinuousInContinuous

===========================================================================================
----------------- testing Thu Jan 31 03:25:18 UTC 2019 /home/travis/build/icyphy/ptII/ptolemy/domains/continuous/test/auto/ContinuousInDE.xml
----------------- Instantiating /home/travis/build/icyphy/ptII/ptolemy/domains/continuous/test/auto/ContinuousInDE.xml
97 ms. Memory: 872960K Free: 351259K (40%)
----------------- Invoking toplevel() on ptolemy.moml.MoMLSimpleApplication@25522831
----------------- Done invoking toplevel() on ptolemy.moml.MoMLSimpleApplication@25522831
reloadAllAccessors: .ContinuousInDE

===========================================================================================
----------------- testing Thu Jan 31 03:25:18 UTC 2019 /home/travis/build/icyphy/ptII/ptolemy/domains/continuous/test/auto/ContinuousInDE2.xml
----------------- Instantiating /home/travis/build/icyphy/ptII/ptolemy/domains/continuous/test/auto/ContinuousInDE2.xml
45 ms. Memory: 872960K Free: 335541K (38%)
----------------- Invoking toplevel() on ptolemy.moml.MoMLSimpleApplication@31330486
----------------- Done invoking toplevel() on ptolemy.moml.MoMLSimpleApplication@31330486
reloadAllAccessors: .ContinuousInDE2

===========================================================================================
----------------- testing Thu Jan 31 03:25:18 UTC 2019 /home/travis/build/icyphy/ptII/ptolemy/domains/continuous/test/auto/ContinuousInDE3.xml
----------------- Instantiating /home/travis/build/icyphy/ptII/ptolemy/domains/continuous/test/auto/ContinuousInDE3.xml
37 ms. Memory: 872960K Free: 319822K (37%)
----------------- Invoking toplevel() on ptolemy.moml.MoMLSimpleApplication@4d96cdc9
----------------- Done invoking toplevel() on ptolemy.moml.MoMLSimpleApplication@4d96cdc9
reloadAllAccessors: .ContinuousInDE3

===========================================================================================
----------------- testing Thu Jan 31 03:25:18 UTC 2019 /home/travis/build/icyphy/ptII/ptolemy/domains/continuous/test/auto/ContinuousInDE4.xml
----------------- Instantiating /home/travis/build/icyphy/ptII/ptolemy/domains/continuous/test/auto/ContinuousInDE4.xml
15 ms. Memory: 872960K Free: 309343K (35%)
----------------- Invoking toplevel() on ptolemy.moml.MoMLSimpleApplication@174dd608
----------------- Done invoking toplevel() on ptolemy.moml.MoMLSimpleApplication@174dd608
reloadAllAccessors: .ContinuousInDE4

===========================================================================================
----------------- testing Thu Jan 31 03:25:19 UTC 2019 /home/travis/build/icyphy/ptII/ptolemy/domains/continuous/test/auto/ContinuousInDEDifferentRefinements.xml
----------------- Instantiating /home/travis/build/icyphy/ptII/ptolemy/domains/continuous/test/auto/ContinuousInDEDifferentRefinements.xml
52 ms. Memory: 872960K Free: 269477K (31%)
----------------- Invoking toplevel() on ptolemy.moml.MoMLSimpleApplication@5aa82e74
----------------- Done invoking toplevel() on ptolemy.moml.MoMLSimpleApplication@5aa82e74
reloadAllAccessors: .ContinuousInDEDifferentRefinements

===========================================================================================
----------------- testing Thu Jan 31 03:25:19 UTC 2019 /home/travis/build/icyphy/ptII/ptolemy/domains/continuous/test/auto/ContinuousInDEDifferentRefinementsPreemptive.xml
----------------- Instantiating /home/travis/build/icyphy/ptII/ptolemy/domains/continuous/test/auto/ContinuousInDEDifferentRefinementsPreemptive.xml
43 ms. Memory: 872960K Free: 232736K (27%)
----------------- Invoking toplevel() on ptolemy.moml.MoMLSimpleApplication@1003d07
----------------- Done invoking toplevel() on ptolemy.moml.MoMLSimpleApplication@1003d07
reloadAllAccessors: .ContinuousInDEDifferentRefinementsPreemptive

===========================================================================================
----------------- testing Thu Jan 31 03:25:19 UTC 2019 /home/travis/build/icyphy/ptII/ptolemy/domains/continuous/test/auto/ContinuousInDEInContinuous2.xml
----------------- Instantiating /home/travis/build/icyphy/ptII/ptolemy/domains/continuous/test/auto/ContinuousInDEInContinuous2.xml
39 ms. Memory: 872960K Free: 217002K (25%)
----------------- Invoking toplevel() on ptolemy.moml.MoMLSimpleApplication@2e35de49
----------------- Done invoking toplevel() on ptolemy.moml.MoMLSimpleApplication@2e35de49
reloadAllAccessors: .ContinuousInDEInContinuous2

===========================================================================================
----------------- testing Thu Jan 31 03:25:19 UTC 2019 /home/travis/build/icyphy/ptII/ptolemy/domains/continuous/test/auto/ContinuousInDEInContinuous3.xml
----------------- Instantiating /home/travis/build/icyphy/ptII/ptolemy/domains/continuous/test/auto/ContinuousInDEInContinuous3.xml
35 ms. Memory: 872960K Free: 196028K (22%)
----------------- Invoking toplevel() on ptolemy.moml.MoMLSimpleApplication@62896e39
----------------- Done invoking toplevel() on ptolemy.moml.MoMLSimpleApplication@62896e39
reloadAllAccessors: .ContinuousInDEInContinuous3

===========================================================================================
----------------- testing Thu Jan 31 03:25:19 UTC 2019 /home/travis/build/icyphy/ptII/ptolemy/domains/continuous/test/auto/ContinuousInDEInput.xml
----------------- Instantiating /home/travis/build/icyphy/ptII/ptolemy/domains/continuous/test/auto/ContinuousInDEInput.xml
21 ms. Memory: 872960K Free: 182423K (21%)
----------------- Invoking toplevel() on ptolemy.moml.MoMLSimpleApplication@a568d63
----------------- Done invoking toplevel() on ptolemy.moml.MoMLSimpleApplication@a568d63
reloadAllAccessors: .ContinuousInDEInput

===========================================================================================
----------------- testing Thu Jan 31 03:25:19 UTC 2019 /home/travis/build/icyphy/ptII/ptolemy/domains/continuous/test/auto/ContinuousInDEInput2.xml
----------------- Instantiating /home/travis/build/icyphy/ptII/ptolemy/domains/continuous/test/auto/ContinuousInDEInput2.xml
12 ms. Memory: 872960K Free: 171944K (20%)
----------------- Invoking toplevel() on ptolemy.moml.MoMLSimpleApplication@69e0fe19
----------------- Done invoking toplevel() on ptolemy.moml.MoMLSimpleApplication@69e0fe19
reloadAllAccessors: .ContinuousInDEInput2

===========================================================================================
----------------- testing Thu Jan 31 03:25:19 UTC 2019 /home/travis/build/icyphy/ptII/ptolemy/domains/continuous/test/auto/ContinuousInDEInput3.xml
----------------- Instantiating /home/travis/build/icyphy/ptII/ptolemy/domains/continuous/test/auto/ContinuousInDEInput3.xml
11 ms. Memory: 872960K Free: 161465K (18%)
----------------- Invoking toplevel() on ptolemy.moml.MoMLSimpleApplication@1bce8c5b
----------------- Done invoking toplevel() on ptolemy.moml.MoMLSimpleApplication@1bce8c5b
reloadAllAccessors: .ContinuousInDEInput3

===========================================================================================
----------------- testing Thu Jan 31 03:25:19 UTC 2019 /home/travis/build/icyphy/ptII/ptolemy/domains/continuous/test/auto/ContinuousInDESharingRefinement.xml
----------------- Instantiating /home/travis/build/icyphy/ptII/ptolemy/domains/continuous/test/auto/ContinuousInDESharingRefinement.xml
161 ms. Memory: 829952K Free: 807192K (97%)
----------------- Invoking toplevel() on ptolemy.moml.MoMLSimpleApplication@3bb67a0a
----------------- Done invoking toplevel() on ptolemy.moml.MoMLSimpleApplication@3bb67a0a
reloadAllAccessors: .ContinuousInDESharingRefinement

===========================================================================================
----------------- testing Thu Jan 31 03:25:19 UTC 2019 /home/travis/build/icyphy/ptII/ptolemy/domains/continuous/test/auto/ContinuousInDEwithNoPorts.xml
----------------- Instantiating /home/travis/build/icyphy/ptII/ptolemy/domains/continuous/test/auto/ContinuousInDEwithNoPorts.xml
5 ms. Memory: 829952K Free: 795153K (96%)
----------------- Invoking toplevel() on ptolemy.moml.MoMLSimpleApplication@7ea7f316
----------------- Done invoking toplevel() on ptolemy.moml.MoMLSimpleApplication@7ea7f316
reloadAllAccessors: .ContinuousInDEwithNoPorts

===========================================================================================
----------------- testing Thu Jan 31 03:25:19 UTC 2019 /home/travis/build/icyphy/ptII/ptolemy/domains/continuous/test/auto/ContinuousInsideDE.xml
----------------- Instantiating /home/travis/build/icyphy/ptII/ptolemy/domains/continuous/test/auto/ContinuousInsideDE.xml
47 ms. Memory: 829952K Free: 776431K (94%)
----------------- Invoking toplevel() on ptolemy.moml.MoMLSimpleApplication@2e5ef71f
----------------- Done invoking toplevel() on ptolemy.moml.MoMLSimpleApplication@2e5ef71f
reloadAllAccessors: .ContinuousInsideDE

===========================================================================================
----------------- testing Thu Jan 31 03:25:19 UTC 2019 /home/travis/build/icyphy/ptII/ptolemy/domains/continuous/test/auto/ContinuousMerge1.xml
----------------- Instantiating /home/travis/build/icyphy/ptII/ptolemy/domains/continuous/test/auto/ContinuousMerge1.xml
2 ms. Memory: 829952K Free: 766937K (92%)
----------------- Invoking toplevel() on ptolemy.moml.MoMLSimpleApplication@19b70fc8
----------------- Done invoking toplevel() on ptolemy.moml.MoMLSimpleApplication@19b70fc8
reloadAllAccessors: .ContinuousMerge1

===========================================================================================
----------------- testing Thu Jan 31 03:25:19 UTC 2019 /home/travis/build/icyphy/ptII/ptolemy/domains/continuous/test/auto/ContinuousMerge2.xml
----------------- Instantiating /home/travis/build/icyphy/ptII/ptolemy/domains/continuous/test/auto/ContinuousMerge2.xml
9 ms. Memory: 829952K Free: 751786K (91%)
----------------- Invoking toplevel() on ptolemy.moml.MoMLSimpleApplication@31549458
----------------- Done invoking toplevel() on ptolemy.moml.MoMLSimpleApplication@31549458
reloadAllAccessors: .ContinuousMerge2

===========================================================================================
----------------- testing Thu Jan 31 03:25:19 UTC 2019 /home/travis/build/icyphy/ptII/ptolemy/domains/continuous/test/auto/ContinuousMerge3.xml
----------------- Instantiating /home/travis/build/icyphy/ptII/ptolemy/domains/continuous/test/auto/ContinuousMerge3.xml
42 ms. Memory: 829952K Free: 734799K (89%)
----------------- Invoking toplevel() on ptolemy.moml.MoMLSimpleApplication@3a9f672e
----------------- Done invoking toplevel() on ptolemy.moml.MoMLSimpleApplication@3a9f672e
reloadAllAccessors: .ContinuousMerge3

===========================================================================================
----------------- testing Thu Jan 31 03:25:19 UTC 2019 /home/travis/build/icyphy/ptII/ptolemy/domains/continuous/test/auto/ContinuousWithinContinuous.xml
----------------- Instantiating /home/travis/build/icyphy/ptII/ptolemy/domains/continuous/test/auto/ContinuousWithinContinuous.xml
38 ms. Memory: 829952K Free: 719812K (87%)
----------------- Invoking toplevel() on ptolemy.moml.MoMLSimpleApplication@472c88ef
----------------- Done invoking toplevel() on ptolemy.moml.MoMLSimpleApplication@472c88ef
reloadAllAccessors: .ContinuousWithinContinuous

===========================================================================================
----------------- testing Thu Jan 31 03:25:19 UTC 2019 /home/travis/build/icyphy/ptII/ptolemy/domains/continuous/test/auto/ContinuousWithinContinuous2.xml
----------------- Instantiating /home/travis/build/icyphy/ptII/ptolemy/domains/continuous/test/auto/ContinuousWithinContinuous2.xml
57 ms. Memory: 829952K Free: 708583K (85%)
----------------- Invoking toplevel() on ptolemy.moml.MoMLSimpleApplication@205659df
----------------- Done invoking toplevel() on ptolemy.moml.MoMLSimpleApplication@205659df
reloadAllAccessors: .ContinuousWithinContinuous2

===========================================================================================
----------------- testing Thu Jan 31 03:25:20 UTC 2019 /home/travis/build/icyphy/ptII/ptolemy/domains/continuous/test/auto/ContinuousWithinContinuous3.xml
----------------- Instantiating /home/travis/build/icyphy/ptII/ptolemy/domains/continuous/test/auto/ContinuousWithinContinuous3.xml
14 ms. Memory: 829952K Free: 695330K (84%)
----------------- Invoking toplevel() on ptolemy.moml.MoMLSimpleApplication@5c86f2
----------------- Done invoking toplevel() on ptolemy.moml.MoMLSimpleApplication@5c86f2
reloadAllAccessors: .ContinuousWithinContinuous3

===========================================================================================
----------------- testing Thu Jan 31 03:25:20 UTC 2019 /home/travis/build/icyphy/ptII/ptolemy/domains/continuous/test/auto/ContinuousWithinContinuous4.xml
----------------- Instantiating /home/travis/build/icyphy/ptII/ptolemy/domains/continuous/test/auto/ContinuousWithinContinuous4.xml
69 ms. Memory: 829952K Free: 676601K (82%)
----------------- Invoking toplevel() on ptolemy.moml.MoMLSimpleApplication@44651386
----------------- Done invoking toplevel() on ptolemy.moml.MoMLSimpleApplication@44651386
reloadAllAccessors: .ContinuousWithinContinuous4

===========================================================================================
----------------- testing Thu Jan 31 03:25:20 UTC 2019 /home/travis/build/icyphy/ptII/ptolemy/domains/continuous/test/auto/ContinuousWithinContinuous5.xml
----------------- Instantiating /home/travis/build/icyphy/ptII/ptolemy/domains/continuous/test/auto/ContinuousWithinContinuous5.xml
13 ms. Memory: 829952K Free: 663363K (80%)
----------------- Invoking toplevel() on ptolemy.moml.MoMLSimpleApplication@69c06078
----------------- Done invoking toplevel() on ptolemy.moml.MoMLSimpleApplication@69c06078
reloadAllAccessors: .ContinuousWithinContinuous5

===========================================================================================
----------------- testing Thu Jan 31 03:25:20 UTC 2019 /home/travis/build/icyphy/ptII/ptolemy/domains/continuous/test/auto/ContinuousWithinContinuous6.xml
----------------- Instantiating /home/travis/build/icyphy/ptII/ptolemy/domains/continuous/test/auto/ContinuousWithinContinuous6.xml
11 ms. Memory: 829952K Free: 652127K (79%)
----------------- Invoking toplevel() on ptolemy.moml.MoMLSimpleApplication@1ab94077
----------------- Done invoking toplevel() on ptolemy.moml.MoMLSimpleApplication@1ab94077
reloadAllAccessors: .ContinuousWithinContinuous6

===========================================================================================
----------------- testing Thu Jan 31 03:25:20 UTC 2019 /home/travis/build/icyphy/ptII/ptolemy/domains/continuous/test/auto/ContinuousWithinContinuous7.xml
----------------- Instantiating /home/travis/build/icyphy/ptII/ptolemy/domains/continuous/test/auto/ContinuousWithinContinuous7.xml
59 ms. Memory: 829952K Free: 640899K (77%)
----------------- Invoking toplevel() on ptolemy.moml.MoMLSimpleApplication@1c46e241
----------------- Done invoking toplevel() on ptolemy.moml.MoMLSimpleApplication@1c46e241
reloadAllAccessors: .ContinuousWithinContinuous7

===========================================================================================
----------------- testing Thu Jan 31 03:25:20 UTC 2019 /home/travis/build/icyphy/ptII/ptolemy/domains/continuous/test/auto/DCMotor.xml
----------------- Instantiating /home/travis/build/icyphy/ptII/ptolemy/domains/continuous/test/auto/DCMotor.xml
14765 ms. Memory: 668160K Free: 505114K (76%)
----------------- Invoking toplevel() on ptolemy.moml.MoMLSimpleApplication@4d1745f
----------------- Done invoking toplevel() on ptolemy.moml.MoMLSimpleApplication@4d1745f
reloadAllAccessors: .DCMotor

===========================================================================================
----------------- testing Thu Jan 31 03:25:35 UTC 2019 /home/travis/build/icyphy/ptII/ptolemy/domains/continuous/test/auto/DEInContinuous.xml
----------------- Instantiating /home/travis/build/icyphy/ptII/ptolemy/domains/continuous/test/auto/DEInContinuous.xml
10 ms. Memory: 668160K Free: 490614K (73%)
----------------- Invoking toplevel() on ptolemy.moml.MoMLSimpleApplication@4cf74c7d
----------------- Done invoking toplevel() on ptolemy.moml.MoMLSimpleApplication@4cf74c7d
reloadAllAccessors: .DEInContinuous

===========================================================================================
----------------- testing Thu Jan 31 03:25:35 UTC 2019 /home/travis/build/icyphy/ptII/ptolemy/domains/continuous/test/auto/DEinContinuous2.xml
----------------- Instantiating /home/travis/build/icyphy/ptII/ptolemy/domains/continuous/test/auto/DEinContinuous2.xml
6 ms. Memory: 668160K Free: 471902K (71%)
----------------- Invoking toplevel() on ptolemy.moml.MoMLSimpleApplication@3cc2020d
----------------- Done invoking toplevel() on ptolemy.moml.MoMLSimpleApplication@3cc2020d
reloadAllAccessors: .DEinContinuous2

===========================================================================================
----------------- testing Thu Jan 31 03:25:35 UTC 2019 /home/travis/build/icyphy/ptII/ptolemy/domains/continuous/test/auto/Derivative.xml
----------------- Instantiating /home/travis/build/icyphy/ptII/ptolemy/domains/continuous/test/auto/Derivative.xml
156 ms. Memory: 668160K Free: 435552K (65%)
----------------- Invoking toplevel() on ptolemy.moml.MoMLSimpleApplication@327c5d09
----------------- Done invoking toplevel() on ptolemy.moml.MoMLSimpleApplication@327c5d09
reloadAllAccessors: .Derivative2

===========================================================================================
----------------- testing Thu Jan 31 03:25:35 UTC 2019 /home/travis/build/icyphy/ptII/ptolemy/domains/continuous/test/auto/Derivative1.xml
----------------- Instantiating /home/travis/build/icyphy/ptII/ptolemy/domains/continuous/test/auto/Derivative1.xml
17 ms. Memory: 668160K Free: 416841K (62%)
----------------- Invoking toplevel() on ptolemy.moml.MoMLSimpleApplication@2bfd8994
----------------- Done invoking toplevel() on ptolemy.moml.MoMLSimpleApplication@2bfd8994
reloadAllAccessors: .Derivative1

===========================================================================================
----------------- testing Thu Jan 31 03:25:35 UTC 2019 /home/travis/build/icyphy/ptII/ptolemy/domains/continuous/test/auto/DiscreteClock.xml
----------------- Instantiating /home/travis/build/icyphy/ptII/ptolemy/domains/continuous/test/auto/DiscreteClock.xml
5 ms. Memory: 668160K Free: 405106K (61%)
----------------- Invoking toplevel() on ptolemy.moml.MoMLSimpleApplication@26f722c9
----------------- Done invoking toplevel() on ptolemy.moml.MoMLSimpleApplication@26f722c9
reloadAllAccessors: .DiscreteClock

===========================================================================================
----------------- testing Thu Jan 31 03:25:35 UTC 2019 /home/travis/build/icyphy/ptII/ptolemy/domains/continuous/test/auto/EfficiencyCurve.xml
----------------- Instantiating /home/travis/build/icyphy/ptII/ptolemy/domains/continuous/test/auto/EfficiencyCurve.xml
60 ms. Memory: 668160K Free: 392278K (59%)
----------------- Invoking toplevel() on ptolemy.moml.MoMLSimpleApplication@3e3c4eee
----------------- Done invoking toplevel() on ptolemy.moml.MoMLSimpleApplication@3e3c4eee
reloadAllAccessors: .EfficiencyCurve

===========================================================================================
----------------- testing Thu Jan 31 03:25:35 UTC 2019 /home/travis/build/icyphy/ptII/ptolemy/domains/continuous/test/auto/ExponentialResponse.xml
----------------- Instantiating /home/travis/build/icyphy/ptII/ptolemy/domains/continuous/test/auto/ExponentialResponse.xml
128 ms. Memory: 668160K Free: 367715K (55%)
----------------- Invoking toplevel() on ptolemy.moml.MoMLSimpleApplication@5d0417e8
----------------- Done invoking toplevel() on ptolemy.moml.MoMLSimpleApplication@5d0417e8
reloadAllAccessors: .ExponentialResponse

===========================================================================================
----------------- testing Thu Jan 31 03:25:35 UTC 2019 /home/travis/build/icyphy/ptII/ptolemy/domains/continuous/test/auto/ExponentialResponseRK45.xml
----------------- Instantiating /home/travis/build/icyphy/ptII/ptolemy/domains/continuous/test/auto/ExponentialResponseRK45.xml
27 ms. Memory: 668160K Free: 354887K (53%)
----------------- Invoking toplevel() on ptolemy.moml.MoMLSimpleApplication@389e9716
----------------- Done invoking toplevel() on ptolemy.moml.MoMLSimpleApplication@389e9716
reloadAllAccessors: .ExponentialResponseRK45

===========================================================================================
----------------- testing Thu Jan 31 03:25:35 UTC 2019 /home/travis/build/icyphy/ptII/ptolemy/domains/continuous/test/auto/Friction.xml
----------------- Instantiating /home/travis/build/icyphy/ptII/ptolemy/domains/continuous/test/auto/Friction.xml
1328 ms. Memory: 647168K Free: 478924K (74%)
----------------- Invoking toplevel() on ptolemy.moml.MoMLSimpleApplication@3f098948
----------------- Done invoking toplevel() on ptolemy.moml.MoMLSimpleApplication@3f098948
reloadAllAccessors: .Friction

===========================================================================================
----------------- testing Thu Jan 31 03:25:37 UTC 2019 /home/travis/build/icyphy/ptII/ptolemy/domains/continuous/test/auto/FurutaPendulum.xml
----------------- Instantiating /home/travis/build/icyphy/ptII/ptolemy/domains/continuous/test/auto/FurutaPendulum.xml
3399 ms. Memory: 617472K Free: 487508K (79%)
----------------- Invoking toplevel() on ptolemy.moml.MoMLSimpleApplication@4d3b5d00
----------------- Done invoking toplevel() on ptolemy.moml.MoMLSimpleApplication@4d3b5d00
reloadAllAccessors: .FurutaPendulum

===========================================================================================
----------------- testing Thu Jan 31 03:25:40 UTC 2019 /home/travis/build/icyphy/ptII/ptolemy/domains/continuous/test/auto/HierarchicalExecution.xml
----------------- Instantiating /home/travis/build/icyphy/ptII/ptolemy/domains/continuous/test/auto/HierarchicalExecution.xml
1941 ms. Memory: 617472K Free: 165184K (27%)
----------------- Invoking toplevel() on ptolemy.moml.MoMLSimpleApplication@5092c340
----------------- Done invoking toplevel() on ptolemy.moml.MoMLSimpleApplication@5092c340
reloadAllAccessors: .HierarchicalExecution

===========================================================================================
----------------- testing Thu Jan 31 03:25:42 UTC 2019 /home/travis/build/icyphy/ptII/ptolemy/domains/continuous/test/auto/HybridPlant.xml
----------------- Instantiating /home/travis/build/icyphy/ptII/ptolemy/domains/continuous/test/auto/HybridPlant.xml
494 ms. Memory: 589824K Free: 393629K (67%)
----------------- Invoking toplevel() on ptolemy.moml.MoMLSimpleApplication@3b13e19c
----------------- Done invoking toplevel() on ptolemy.moml.MoMLSimpleApplication@3b13e19c
reloadAllAccessors: .HybridPlant

===========================================================================================
----------------- testing Thu Jan 31 03:25:43 UTC 2019 /home/travis/build/icyphy/ptII/ptolemy/domains/continuous/test/auto/Hysteresis.xml
----------------- Instantiating /home/travis/build/icyphy/ptII/ptolemy/domains/continuous/test/auto/Hysteresis.xml
132 ms. Memory: 589824K Free: 327561K (56%)
----------------- Invoking toplevel() on ptolemy.moml.MoMLSimpleApplication@5218e068
----------------- Done invoking toplevel() on ptolemy.moml.MoMLSimpleApplication@5218e068
reloadAllAccessors: .Hysteresis

===========================================================================================
----------------- testing Thu Jan 31 03:25:43 UTC 2019 /home/travis/build/icyphy/ptII/ptolemy/domains/continuous/test/auto/HysteresisWithRandomDelay.xml
----------------- Instantiating /home/travis/build/icyphy/ptII/ptolemy/domains/continuous/test/auto/HysteresisWithRandomDelay.xml
167 ms. Memory: 589824K Free: 250250K (42%)
----------------- Invoking toplevel() on ptolemy.moml.MoMLSimpleApplication@23cc2c51
----------------- Done invoking toplevel() on ptolemy.moml.MoMLSimpleApplication@23cc2c51
reloadAllAccessors: .HysteresisWithRandomDelay

===========================================================================================
----------------- testing Thu Jan 31 03:25:43 UTC 2019 /home/travis/build/icyphy/ptII/ptolemy/domains/continuous/test/auto/HysteresisWithRandomLosses.xml
----------------- Instantiating /home/travis/build/icyphy/ptII/ptolemy/domains/continuous/test/auto/HysteresisWithRandomLosses.xml
2237 ms. Memory: 543232K Free: 422512K (78%)
----------------- Invoking toplevel() on ptolemy.moml.MoMLSimpleApplication@113bfeea
----------------- Done invoking toplevel() on ptolemy.moml.MoMLSimpleApplication@113bfeea
reloadAllAccessors: .HysteresisWithRandomLosses

===========================================================================================
----------------- testing Thu Jan 31 03:25:46 UTC 2019 /home/travis/build/icyphy/ptII/ptolemy/domains/continuous/test/auto/ImmediateTransitions.xml
----------------- Instantiating /home/travis/build/icyphy/ptII/ptolemy/domains/continuous/test/auto/ImmediateTransitions.xml
8 ms. Memory: 543232K Free: 404771K (75%)
----------------- Invoking toplevel() on ptolemy.moml.MoMLSimpleApplication@650b76be
----------------- Done invoking toplevel() on ptolemy.moml.MoMLSimpleApplication@650b76be
reloadAllAccessors: .ImmediateTransitions

===========================================================================================
----------------- testing Thu Jan 31 03:25:46 UTC 2019 /home/travis/build/icyphy/ptII/ptolemy/domains/continuous/test/auto/ImpulseFeedback.xml
----------------- Instantiating /home/travis/build/icyphy/ptII/ptolemy/domains/continuous/test/auto/ImpulseFeedback.xml
14 ms. Memory: 543232K Free: 394750K (73%)
----------------- Invoking toplevel() on ptolemy.moml.MoMLSimpleApplication@53389c47
----------------- Done invoking toplevel() on ptolemy.moml.MoMLSimpleApplication@53389c47
reloadAllAccessors: .ImpulseFeedback

===========================================================================================
----------------- testing Thu Jan 31 03:25:46 UTC 2019 /home/travis/build/icyphy/ptII/ptolemy/domains/continuous/test/auto/ImpulseFeedback2.xml
----------------- Instantiating /home/travis/build/icyphy/ptII/ptolemy/domains/continuous/test/auto/ImpulseFeedback2.xml
5 ms. Memory: 543232K Free: 384545K (71%)
----------------- Invoking toplevel() on ptolemy.moml.MoMLSimpleApplication@619ead85
----------------- Done invoking toplevel() on ptolemy.moml.MoMLSimpleApplication@619ead85
reloadAllAccessors: .ImpulseFeedback2

===========================================================================================
----------------- testing Thu Jan 31 03:25:46 UTC 2019 /home/travis/build/icyphy/ptII/ptolemy/domains/continuous/test/auto/IncreasingRatePoisson.xml
----------------- Instantiating /home/travis/build/icyphy/ptII/ptolemy/domains/continuous/test/auto/IncreasingRatePoisson.xml
668 ms. Memory: 543232K Free: 65706K (12%)
----------------- Invoking toplevel() on ptolemy.moml.MoMLSimpleApplication@4b211d1c
----------------- Done invoking toplevel() on ptolemy.moml.MoMLSimpleApplication@4b211d1c
reloadAllAccessors: .IncreasingRatePoisson

===========================================================================================
----------------- testing Thu Jan 31 03:25:47 UTC 2019 /home/travis/build/icyphy/ptII/ptolemy/domains/continuous/test/auto/InitialStateFeedback.xml
----------------- Instantiating /home/travis/build/icyphy/ptII/ptolemy/domains/continuous/test/auto/InitialStateFeedback.xml
4 ms. Memory: 543232K Free: 59419K (11%)
----------------- Invoking toplevel() on ptolemy.moml.MoMLSimpleApplication@703b91fd
----------------- Done invoking toplevel() on ptolemy.moml.MoMLSimpleApplication@703b91fd
reloadAllAccessors: .InitialStateFeedback

===========================================================================================
----------------- testing Thu Jan 31 03:25:47 UTC 2019 /home/travis/build/icyphy/ptII/ptolemy/domains/continuous/test/auto/Integration.xml
----------------- Instantiating /home/travis/build/icyphy/ptII/ptolemy/domains/continuous/test/auto/Integration.xml
2 ms. Memory: 521728K Free: 492990K (94%)
----------------- Invoking toplevel() on ptolemy.moml.MoMLSimpleApplication@37672c58
----------------- Done invoking toplevel() on ptolemy.moml.MoMLSimpleApplication@37672c58
reloadAllAccessors: .Integration

===========================================================================================
----------------- testing Thu Jan 31 03:25:47 UTC 2019 /home/travis/build/icyphy/ptII/ptolemy/domains/continuous/test/auto/Integration2.xml
----------------- Instantiating /home/travis/build/icyphy/ptII/ptolemy/domains/continuous/test/auto/Integration2.xml
77 ms. Memory: 521728K Free: 474465K (91%)
----------------- Invoking toplevel() on ptolemy.moml.MoMLSimpleApplication@600484fd
----------------- Done invoking toplevel() on ptolemy.moml.MoMLSimpleApplication@600484fd
reloadAllAccessors: .Integration2

===========================================================================================
----------------- testing Thu Jan 31 03:25:47 UTC 2019 /home/travis/build/icyphy/ptII/ptolemy/domains/continuous/test/auto/Integration3.xml
----------------- Instantiating /home/travis/build/icyphy/ptII/ptolemy/domains/continuous/test/auto/Integration3.xml
2 ms. Memory: 521728K Free: 467703K (90%)
----------------- Invoking toplevel() on ptolemy.moml.MoMLSimpleApplication@6587cd0f
----------------- Done invoking toplevel() on ptolemy.moml.MoMLSimpleApplication@6587cd0f
reloadAllAccessors: .Integration3

===========================================================================================
----------------- testing Thu Jan 31 03:25:47 UTC 2019 /home/travis/build/icyphy/ptII/ptolemy/domains/continuous/test/auto/Integration5.xml
----------------- Instantiating /home/travis/build/icyphy/ptII/ptolemy/domains/continuous/test/auto/Integration5.xml
2 ms. Memory: 521728K Free: 460941K (88%)
----------------- Invoking toplevel() on ptolemy.moml.MoMLSimpleApplication@25ccd81a
----------------- Done invoking toplevel() on ptolemy.moml.MoMLSimpleApplication@25ccd81a
reloadAllAccessors: .Integration5

===========================================================================================
----------------- testing Thu Jan 31 03:25:47 UTC 2019 /home/travis/build/icyphy/ptII/ptolemy/domains/continuous/test/auto/IntegratorImpulse.xml
----------------- Instantiating /home/travis/build/icyphy/ptII/ptolemy/domains/continuous/test/auto/IntegratorImpulse.xml
2 ms. Memory: 521728K Free: 454326K (87%)
----------------- Invoking toplevel() on ptolemy.moml.MoMLSimpleApplication@445c84fd
----------------- Done invoking toplevel() on ptolemy.moml.MoMLSimpleApplication@445c84fd
reloadAllAccessors: .IntegratorImpulse

===========================================================================================
----------------- testing Thu Jan 31 03:25:47 UTC 2019 /home/travis/build/icyphy/ptII/ptolemy/domains/continuous/test/auto/IntegratorImpulse2.xml
----------------- Instantiating /home/travis/build/icyphy/ptII/ptolemy/domains/continuous/test/auto/IntegratorImpulse2.xml
3 ms. Memory: 521728K Free: 447564K (86%)
----------------- Invoking toplevel() on ptolemy.moml.MoMLSimpleApplication@77c20785
----------------- Done invoking toplevel() on ptolemy.moml.MoMLSimpleApplication@77c20785
reloadAllAccessors: .IntegratorImpulse2

===========================================================================================
----------------- testing Thu Jan 31 03:25:47 UTC 2019 /home/travis/build/icyphy/ptII/ptolemy/domains/continuous/test/auto/LevelCrossing1.xml
----------------- Instantiating /home/travis/build/icyphy/ptII/ptolemy/domains/continuous/test/auto/LevelCrossing1.xml
2 ms. Memory: 521728K Free: 437866K (84%)
----------------- Invoking toplevel() on ptolemy.moml.MoMLSimpleApplication@686c2133
----------------- Done invoking toplevel() on ptolemy.moml.MoMLSimpleApplication@686c2133
reloadAllAccessors: .LevelCrossing1

===========================================================================================
----------------- testing Thu Jan 31 03:25:47 UTC 2019 /home/travis/build/icyphy/ptII/ptolemy/domains/continuous/test/auto/LevelCrossing2.xml
----------------- Instantiating /home/travis/build/icyphy/ptII/ptolemy/domains/continuous/test/auto/LevelCrossing2.xml
2 ms. Memory: 521728K Free: 428153K (82%)
----------------- Invoking toplevel() on ptolemy.moml.MoMLSimpleApplication@3db231d7
----------------- Done invoking toplevel() on ptolemy.moml.MoMLSimpleApplication@3db231d7
reloadAllAccessors: .LevelCrossing2

===========================================================================================
----------------- testing Thu Jan 31 03:25:47 UTC 2019 /home/travis/build/icyphy/ptII/ptolemy/domains/continuous/test/auto/LevelCrossing3.xml
----------------- Instantiating /home/travis/build/icyphy/ptII/ptolemy/domains/continuous/test/auto/LevelCrossing3.xml
2 ms. Memory: 521728K Free: 418438K (80%)
----------------- Invoking toplevel() on ptolemy.moml.MoMLSimpleApplication@63d33d3c
----------------- Done invoking toplevel() on ptolemy.moml.MoMLSimpleApplication@63d33d3c
reloadAllAccessors: .LevelCrossing3

===========================================================================================
----------------- testing Thu Jan 31 03:25:47 UTC 2019 /home/travis/build/icyphy/ptII/ptolemy/domains/continuous/test/auto/LevelCrossing4.xml
----------------- Instantiating /home/travis/build/icyphy/ptII/ptolemy/domains/continuous/test/auto/LevelCrossing4.xml
2 ms. Memory: 521728K Free: 408725K (78%)
----------------- Invoking toplevel() on ptolemy.moml.MoMLSimpleApplication@19728b28
----------------- Done invoking toplevel() on ptolemy.moml.MoMLSimpleApplication@19728b28
reloadAllAccessors: .LevelCrossing4

===========================================================================================
----------------- testing Thu Jan 31 03:25:47 UTC 2019 /home/travis/build/icyphy/ptII/ptolemy/domains/continuous/test/auto/LevelCrossing5.xml
----------------- Instantiating /home/travis/build/icyphy/ptII/ptolemy/domains/continuous/test/auto/LevelCrossing5.xml
2 ms. Memory: 521728K Free: 399160K (77%)
----------------- Invoking toplevel() on ptolemy.moml.MoMLSimpleApplication@52b737db
----------------- Done invoking toplevel() on ptolemy.moml.MoMLSimpleApplication@52b737db
reloadAllAccessors: .LevelCrossing5

===========================================================================================
[...]

===========================================================================================
----------------- testing Thu Jan 31 03:26:05 UTC 2019 /home/travis/build/icyphy/ptII/ptolemy/domains/continuous/test/auto/SRinContinuous.xml
----------------- Instantiating /home/travis/build/icyphy/ptII/ptolemy/domains/continuous/test/auto/SRinContinuous.xml
6 ms. Memory: 334336K Free: 198932K (60%)
----------------- Invoking toplevel() on ptolemy.moml.MoMLSimpleApplication@56631b99
----------------- Done invoking toplevel() on ptolemy.moml.MoMLSimpleApplication@56631b99
reloadAllAccessors: .SRinContinuous

===========================================================================================
----------------- testing Thu Jan 31 03:26:05 UTC 2019 /home/travis/build/icyphy/ptII/ptolemy/domains/continuous/test/auto/SampledClocks.xml
----------------- Instantiating /home/travis/build/icyphy/ptII/ptolemy/domains/continuous/test/auto/SampledClocks.xml
9 ms. Memory: 334336K Free: 187878K (56%)
----------------- Invoking toplevel() on ptolemy.moml.MoMLSimpleApplication@736c2fcb
----------------- Done invoking toplevel() on ptolemy.moml.MoMLSimpleApplication@736c2fcb
reloadAllAccessors: .SampledClocks

===========================================================================================
----------------- testing Thu Jan 31 03:26:05 UTC 2019 /home/travis/build/icyphy/ptII/ptolemy/domains/continuous/test/auto/Satellite.xml
----------------- Instantiating /home/travis/build/icyphy/ptII/ptolemy/domains/continuous/test/auto/Satellite.xml
747 ms. Memory: 330752K Free: 252488K (76%)
----------------- Invoking toplevel() on ptolemy.moml.MoMLSimpleApplication@18306817
----------------- Done invoking toplevel() on ptolemy.moml.MoMLSimpleApplication@18306817
reloadAllAccessors: .Satellite

===========================================================================================
----------------- testing Thu Jan 31 03:26:06 UTC 2019 /home/travis/build/icyphy/ptII/ptolemy/domains/continuous/test/auto/SigmaDelta.xml
----------------- Instantiating /home/travis/build/icyphy/ptII/ptolemy/domains/continuous/test/auto/SigmaDelta.xml
2441 ms. Memory: 320000K Free: 95196K (30%)
----------------- Invoking toplevel() on ptolemy.moml.MoMLSimpleApplication@11f44ced
----------------- Done invoking toplevel() on ptolemy.moml.MoMLSimpleApplication@11f44ced
reloadAllAccessors: .SigmaDelta

===========================================================================================
----------------- testing Thu Jan 31 03:26:08 UTC 2019 /home/travis/build/icyphy/ptII/ptolemy/domains/continuous/test/auto/SingleRefinement.xml
----------------- Instantiating /home/travis/build/icyphy/ptII/ptolemy/domains/continuous/test/auto/SingleRefinement.xml
352 ms. Memory: 304128K Free: 121713K (40%)
----------------- Invoking toplevel() on ptolemy.moml.MoMLSimpleApplication@2b1f8bea
----------------- Done invoking toplevel() on ptolemy.moml.MoMLSimpleApplication@2b1f8bea
reloadAllAccessors: .SingleRefinement

===========================================================================================
----------------- testing Thu Jan 31 03:26:09 UTC 2019 /home/travis/build/icyphy/ptII/ptolemy/domains/continuous/test/auto/SinuBouncingBall.xml
----------------- Instantiating /home/travis/build/icyphy/ptII/ptolemy/domains/continuous/test/auto/SinuBouncingBall.xml
730 ms. Memory: 294912K Free: 103382K (35%)
----------------- Invoking toplevel() on ptolemy.moml.MoMLSimpleApplication@79554385
----------------- Done invoking toplevel() on ptolemy.moml.MoMLSimpleApplication@79554385
reloadAllAccessors: .SinuBouncingBall

===========================================================================================
----------------- testing Thu Jan 31 03:26:09 UTC 2019 /home/travis/build/icyphy/ptII/ptolemy/domains/continuous/test/auto/Sinusoid.xml
----------------- Instantiating /home/travis/build/icyphy/ptII/ptolemy/domains/continuous/test/auto/Sinusoid.xml
5 ms. Memory: 294912K Free: 97200K (33%)
----------------- Invoking toplevel() on ptolemy.moml.MoMLSimpleApplication@5b64fc1e
----------------- Done invoking toplevel() on ptolemy.moml.MoMLSimpleApplication@5b64fc1e
reloadAllAccessors: .Sinusoid

===========================================================================================
----------------- testing Thu Jan 31 03:26:09 UTC 2019 /home/travis/build/icyphy/ptII/ptolemy/domains/continuous/test/auto/SinusoidInNoise.xml
----------------- Instantiating /home/travis/build/icyphy/ptII/ptolemy/domains/continuous/test/auto/SinusoidInNoise.xml
941 ms. Memory: 285696K Free: 93028K (33%)
----------------- Invoking toplevel() on ptolemy.moml.MoMLSimpleApplication@5d48293c
----------------- Done invoking toplevel() on ptolemy.moml.MoMLSimpleApplication@5d48293c
reloadAllAccessors: .SinusoidInNoise

===========================================================================================
----------------- testing Thu Jan 31 03:26:10 UTC 2019 /home/travis/build/icyphy/ptII/ptolemy/domains/continuous/test/auto/SinusoidRK45.xml
----------------- Instantiating /home/travis/build/icyphy/ptII/ptolemy/domains/continuous/test/auto/SinusoidRK45.xml
1 ms. Memory: 285696K Free: 87253K (31%)
----------------- Invoking toplevel() on ptolemy.moml.MoMLSimpleApplication@2b04fd8a
----------------- Done invoking toplevel() on ptolemy.moml.MoMLSimpleApplication@2b04fd8a
reloadAllAccessors: .SinusoidRK45

===========================================================================================
----------------- testing Thu Jan 31 03:26:10 UTC 2019 /home/travis/build/icyphy/ptII/ptolemy/domains/continuous/test/auto/SinusoidWithMultipleImpulses.xml
----------------- Instantiating /home/travis/build/icyphy/ptII/ptolemy/domains/continuous/test/auto/SinusoidWithMultipleImpulses.xml
3 ms. Memory: 285696K Free: 80939K (28%)
----------------- Invoking toplevel() on ptolemy.moml.MoMLSimpleApplication@c837658
----------------- Done invoking toplevel() on ptolemy.moml.MoMLSimpleApplication@c837658
reloadAllAccessors: .SinusoidWithMultipleImpulses

===========================================================================================
----------------- testing Thu Jan 31 03:26:10 UTC 2019 /home/travis/build/icyphy/ptII/ptolemy/domains/continuous/test/auto/SquareWave.xml
----------------- Instantiating /home/travis/build/icyphy/ptII/ptolemy/domains/continuous/test/auto/SquareWave.xml
167 ms. Memory: 285696K Free: 52909K (19%)
----------------- Invoking toplevel() on ptolemy.moml.MoMLSimpleApplication@5689035
----------------- Done invoking toplevel() on ptolemy.moml.MoMLSimpleApplication@5689035
reloadAllAccessors: .SquareWave

===========================================================================================
----------------- testing Thu Jan 31 03:26:11 UTC 2019 /home/travis/build/icyphy/ptII/ptolemy/domains/continuous/test/auto/Starmac.xml
----------------- Instantiating /home/travis/build/icyphy/ptII/ptolemy/domains/continuous/test/auto/Starmac.xml
3038 ms. Memory: 270336K Free: 67035K (25%)
----------------- Invoking toplevel() on ptolemy.moml.MoMLSimpleApplication@7b78d304
----------------- Done invoking toplevel() on ptolemy.moml.MoMLSimpleApplication@7b78d304
reloadAllAccessors: .Starmac

===========================================================================================
----------------- testing Thu Jan 31 03:26:14 UTC 2019 /home/travis/build/icyphy/ptII/ptolemy/domains/continuous/test/auto/StaticUnits.xml
----------------- Instantiating /home/travis/build/icyphy/ptII/ptolemy/domains/continuous/test/auto/StaticUnits.xml
2090 ms. Memory: 245248K Free: 109530K (45%)
----------------- Invoking toplevel() on ptolemy.moml.MoMLSimpleApplication@6b855e1f
----------------- Done invoking toplevel() on ptolemy.moml.MoMLSimpleApplication@6b855e1f
reloadAllAccessors: .StaticUnits

===========================================================================================
----------------- testing Thu Jan 31 03:26:16 UTC 2019 /home/travis/build/icyphy/ptII/ptolemy/domains/continuous/test/auto/StickyMasses.xml
----------------- Instantiating /home/travis/build/icyphy/ptII/ptolemy/domains/continuous/test/auto/StickyMasses.xml
127 ms. Memory: 245248K Free: 55251K (23%)
----------------- Invoking toplevel() on ptolemy.moml.MoMLSimpleApplication@1d2e9b87
----------------- Done invoking toplevel() on ptolemy.moml.MoMLSimpleApplication@1d2e9b87
reloadAllAccessors: .StickyMasses

===========================================================================================
----------------- testing Thu Jan 31 03:26:17 UTC 2019 /home/travis/build/icyphy/ptII/ptolemy/domains/continuous/test/auto/StopTime.xml
----------------- Instantiating /home/travis/build/icyphy/ptII/ptolemy/domains/continuous/test/auto/StopTime.xml
45 ms. Memory: 245248K Free: 27975K (11%)
----------------- Invoking toplevel() on ptolemy.moml.MoMLSimpleApplication@54a45929
----------------- Done invoking toplevel() on ptolemy.moml.MoMLSimpleApplication@54a45929
reloadAllAccessors: .StopTime

===========================================================================================
----------------- testing Thu Jan 31 03:26:17 UTC 2019 /home/travis/build/icyphy/ptII/ptolemy/domains/continuous/test/auto/StopTime2.xml
----------------- Instantiating /home/travis/build/icyphy/ptII/ptolemy/domains/continuous/test/auto/StopTime2.xml
35 ms. Memory: 246272K Free: 169027K (69%)
----------------- Invoking toplevel() on ptolemy.moml.MoMLSimpleApplication@292f8464
----------------- Done invoking toplevel() on ptolemy.moml.MoMLSimpleApplication@292f8464
reloadAllAccessors: .StopTime2

===========================================================================================
----------------- testing Thu Jan 31 03:26:17 UTC 2019 /home/travis/build/icyphy/ptII/ptolemy/domains/continuous/test/auto/Switch.xml
----------------- Instantiating /home/travis/build/icyphy/ptII/ptolemy/domains/continuous/test/auto/Switch.xml
57 ms. Memory: 246272K Free: 140893K (57%)
----------------- Invoking toplevel() on ptolemy.moml.MoMLSimpleApplication@5f4140f9
----------------- Done invoking toplevel() on ptolemy.moml.MoMLSimpleApplication@5f4140f9
reloadAllAccessors: .Switch

===========================================================================================
----------------- testing Thu Jan 31 03:26:17 UTC 2019 /home/travis/build/icyphy/ptII/ptolemy/domains/continuous/test/auto/Thermostat.xml
----------------- Instantiating /home/travis/build/icyphy/ptII/ptolemy/domains/continuous/test/auto/Thermostat.xml
181 ms. Memory: 246272K Free: 66112K (27%)
----------------- Invoking toplevel() on ptolemy.moml.MoMLSimpleApplication@45ef4265
----------------- Done invoking toplevel() on ptolemy.moml.MoMLSimpleApplication@45ef4265
reloadAllAccessors: .Thermostat

===========================================================================================
----------------- testing Thu Jan 31 03:26:17 UTC 2019 /home/travis/build/icyphy/ptII/ptolemy/domains/continuous/test/auto/TimeDelay.xml
----------------- Instantiating /home/travis/build/icyphy/ptII/ptolemy/domains/continuous/test/auto/TimeDelay.xml
7 ms. Memory: 246272K Free: 59986K (24%)
----------------- Invoking toplevel() on ptolemy.moml.MoMLSimpleApplication@2afa8b3e
----------------- Done invoking toplevel() on ptolemy.moml.MoMLSimpleApplication@2afa8b3e
reloadAllAccessors: .TimeDelay

===========================================================================================
----------------- testing Thu Jan 31 03:26:17 UTC 2019 /home/travis/build/icyphy/ptII/ptolemy/domains/continuous/test/auto/TimeDelay2.xml
----------------- Instantiating /home/travis/build/icyphy/ptII/ptolemy/domains/continuous/test/auto/TimeDelay2.xml
10 ms. Memory: 246272K Free: 51689K (21%)
----------------- Invoking toplevel() on ptolemy.moml.MoMLSimpleApplication@5a5af3ae
----------------- Done invoking toplevel() on ptolemy.moml.MoMLSimpleApplication@5a5af3ae
reloadAllAccessors: .TimeDelay2

===========================================================================================
----------------- testing Thu Jan 31 03:26:17 UTC 2019 /home/travis/build/icyphy/ptII/ptolemy/domains/continuous/test/auto/TimeDelay3.xml
----------------- Instantiating /home/travis/build/icyphy/ptII/ptolemy/domains/continuous/test/auto/TimeDelay3.xml
4 ms. Memory: 246272K Free: 46558K (19%)
----------------- Invoking toplevel() on ptolemy.moml.MoMLSimpleApplication@360eadcd
----------------- Done invoking toplevel() on ptolemy.moml.MoMLSimpleApplication@360eadcd
reloadAllAccessors: .TimeDelay3

===========================================================================================
----------------- testing Thu Jan 31 03:26:17 UTC 2019 /home/travis/build/icyphy/ptII/ptolemy/domains/continuous/test/auto/TransferAbsentToInside.xml
----------------- Instantiating /home/travis/build/icyphy/ptII/ptolemy/domains/continuous/test/auto/TransferAbsentToInside.xml
34 ms. Memory: 232960K Free: 133908K (57%)
----------------- Invoking toplevel() on ptolemy.moml.MoMLSimpleApplication@2da96135
----------------- Done invoking toplevel() on ptolemy.moml.MoMLSimpleApplication@2da96135
reloadAllAccessors: .TransferAbsentToInside

===========================================================================================
----------------- testing Thu Jan 31 03:26:17 UTC 2019 /home/travis/build/icyphy/ptII/ptolemy/domains/continuous/test/auto/Transmission.xml
----------------- Instantiating /home/travis/build/icyphy/ptII/ptolemy/domains/continuous/test/auto/Transmission.xml
701 ms. Memory: 226816K Free: 37916K (17%)
----------------- Invoking toplevel() on ptolemy.moml.MoMLSimpleApplication@4a8cd09
----------------- Done invoking toplevel() on ptolemy.moml.MoMLSimpleApplication@4a8cd09
reloadAllAccessors: .Transmission

===========================================================================================
----------------- testing Thu Jan 31 03:26:18 UTC 2019 /home/travis/build/icyphy/ptII/ptolemy/domains/continuous/test/auto/TriggeredContinuousClock.xml
----------------- Instantiating /home/travis/build/icyphy/ptII/ptolemy/domains/continuous/test/auto/TriggeredContinuousClock.xml
38 ms. Memory: 220672K Free: 144005K (65%)
----------------- Invoking toplevel() on ptolemy.moml.MoMLSimpleApplication@60f3aa8
----------------- Done invoking toplevel() on ptolemy.moml.MoMLSimpleApplication@60f3aa8
reloadAllAccessors: .TriggeredContinuousClock

===========================================================================================
----------------- testing Thu Jan 31 03:26:18 UTC 2019 /home/travis/build/icyphy/ptII/ptolemy/domains/continuous/test/auto/TwoMachineInfiniteBusControl.xml
----------------- Instantiating /home/travis/build/icyphy/ptII/ptolemy/domains/continuous/test/auto/TwoMachineInfiniteBusControl.xml
2904 ms. Memory: 243200K Free: 52136K (21%)
----------------- Invoking toplevel() on ptolemy.moml.MoMLSimpleApplication@46b84ac2
----------------- Done invoking toplevel() on ptolemy.moml.MoMLSimpleApplication@46b84ac2
reloadAllAccessors: .TwoMachineInfiniteBusControl

===========================================================================================
----------------- testing Thu Jan 31 03:26:21 UTC 2019 /home/travis/build/icyphy/ptII/ptolemy/domains/continuous/test/auto/V2V.xml
----------------- Instantiating /home/travis/build/icyphy/ptII/ptolemy/domains/continuous/test/auto/V2V.xml
721 ms. Memory: 230400K Free: 148860K (65%)
----------------- Invoking toplevel() on ptolemy.moml.MoMLSimpleApplication@71403527
----------------- Done invoking toplevel() on ptolemy.moml.MoMLSimpleApplication@71403527
reloadAllAccessors: .V2V

===========================================================================================
----------------- testing Thu Jan 31 03:26:22 UTC 2019 /home/travis/build/icyphy/ptII/ptolemy/domains/continuous/test/auto/hierarchicalModalModel.xml
----------------- Instantiating /home/travis/build/icyphy/ptII/ptolemy/domains/continuous/test/auto/hierarchicalModalModel.xml
7 ms. Memory: 230400K Free: 131769K (57%)
----------------- Invoking toplevel() on ptolemy.moml.MoMLSimpleApplication@3dccdfe5
----------------- Done invoking toplevel() on ptolemy.moml.MoMLSimpleApplication@3dccdfe5
reloadAllAccessors: .hierarchicalModalModel

===========================================================================================
----------------- testing Thu Jan 31 03:26:22 UTC 2019 /home/travis/build/icyphy/ptII/ptolemy/domains/continuous/test/auto/hierarchicalModalModel1.xml
----------------- Instantiating /home/travis/build/icyphy/ptII/ptolemy/domains/continuous/test/auto/hierarchicalModalModel1.xml
8 ms. Memory: 230400K Free: 115403K (50%)
----------------- Invoking toplevel() on ptolemy.moml.MoMLSimpleApplication@49446a0e
----------------- Done invoking toplevel() on ptolemy.moml.MoMLSimpleApplication@49446a0e
reloadAllAccessors: .hierarchicalModalModel1

===========================================================================================
----------------- testing Thu Jan 31 03:26:22 UTC 2019 /home/travis/build/icyphy/ptII/ptolemy/domains/continuous/test/auto/hierarchicalModalModel2.xml
----------------- Instantiating /home/travis/build/icyphy/ptII/ptolemy/domains/continuous/test/auto/hierarchicalModalModel2.xml
5 ms. Memory: 230400K Free: 101028K (44%)
----------------- Invoking toplevel() on ptolemy.moml.MoMLSimpleApplication@420b551c
----------------- Done invoking toplevel() on ptolemy.moml.MoMLSimpleApplication@420b551c
reloadAllAccessors: .hierarchicalModalModel2

===========================================================================================
----------------- testing Thu Jan 31 03:26:22 UTC 2019 /home/travis/build/icyphy/ptII/ptolemy/domains/continuous/test/auto/hierarchicalModalModel3.xml
----------------- Instantiating /home/travis/build/icyphy/ptII/ptolemy/domains/continuous/test/auto/hierarchicalModalModel3.xml
5 ms. Memory: 230400K Free: 88526K (38%)
----------------- Invoking toplevel() on ptolemy.moml.MoMLSimpleApplication@72749702
----------------- Done invoking toplevel() on ptolemy.moml.MoMLSimpleApplication@72749702
reloadAllAccessors: .hierarchicalModalModel3

===========================================================================================
----------------- testing Thu Jan 31 03:26:22 UTC 2019 /home/travis/build/icyphy/ptII/ptolemy/domains/continuous/test/auto/hierarchicalModalModel4.xml
----------------- Instantiating /home/travis/build/icyphy/ptII/ptolemy/domains/continuous/test/auto/hierarchicalModalModel4.xml
4 ms. Memory: 230400K Free: 75075K (33%)
----------------- Invoking toplevel() on ptolemy.moml.MoMLSimpleApplication@3b182b61
----------------- Done invoking toplevel() on ptolemy.moml.MoMLSimpleApplication@3b182b61
reloadAllAccessors: .hierarchicalModalModel4

===========================================================================================
----------------- testing Thu Jan 31 03:26:22 UTC 2019 /home/travis/build/icyphy/ptII/ptolemy/domains/continuous/test/auto/junk.xml
----------------- Instantiating /home/travis/build/icyphy/ptII/ptolemy/domains/continuous/test/auto/junk.xml
137 ms. Memory: 230400K Free: 42549K (18%)
----------------- Invoking toplevel() on ptolemy.moml.MoMLSimpleApplication@8253667
----------------- Done invoking toplevel() on ptolemy.moml.MoMLSimpleApplication@8253667
reloadAllAccessors: .junk
AutoTests.java: About to close Vertx.
AutoTests.java: Vertx closed.
]]></system-out>
  <system-err><![CDATA[Warning: '.HysteresisWithRandomDelay.NonStrictTest3' The test produced only 27 tokens, yet the correctValues parameter was expecting 30 tokens.
Warning: '.IncreasingRatePoisson.NonStrictTest' The test produced only 397 tokens, yet the correctValues parameter was expecting 402 tokens.
Warning: '.Poisson.NonStrictTest' The test produced only 413 tokens, yet the correctValues parameter was expecting 430 tokens.
]]></system-err>
</testsuite>
