<?xml version="1.0" encoding="UTF-8" ?>
<testsuite errors="0" failures="0" hostname="travis-job-b5e54a14-5946-4d13-9d64-7501277885e4" name="ptolemy.domains.de.test.junit.JUnitTclTest" skipped="0" tests="101" time="129.419" timestamp="2019-02-16T05:02:37">
  <properties>
[...]
</properties>
  <testcase classname="ptolemy.util.test.junit.TclTests" name="[0] /home/travis/build/icyphy/ptII/ptolemy/domains/de/test/DependencyLoop.tcl (RunTclFile)" time="0.722" />
  <testcase classname="ptolemy.util.test.junit.TclTests" name="[1] /home/travis/build/icyphy/ptII/ptolemy/domains/de/test/RunDETestsAsQSS.tcl (RunTclFile)" time="89.126" />
  <testcase classname="ptolemy.util.test.junit.AutoKnownFailedTests" name="[0] /home/travis/build/icyphy/ptII/ptolemy/domains/de/test/auto/knownFailedTests/DESDFClockTest.xml (RunModel)" time="2.045" />
  <testcase classname="ptolemy.util.test.junit.AutoKnownFailedTests" name="[1] /home/travis/build/icyphy/ptII/ptolemy/domains/de/test/auto/knownFailedTests/DirectFeedback.xml (RunModel)" time="0.011" />
  <testcase classname="ptolemy.util.test.junit.AutoKnownFailedTests" name="[2] /home/travis/build/icyphy/ptII/ptolemy/domains/de/test/auto/knownFailedTests/FSMSource.xml (RunModel)" time="0.028" />
  <testcase classname="ptolemy.util.test.junit.AutoKnownFailedTests" name="[3] /home/travis/build/icyphy/ptII/ptolemy/domains/de/test/auto/knownFailedTests/HierarchicalModel.xml (RunModel)" time="0.042" />
  <testcase classname="ptolemy.util.test.junit.AutoKnownFailedTests" name="[4] /home/travis/build/icyphy/ptII/ptolemy/domains/de/test/auto/knownFailedTests/dependencyLoop.xml (RunModel)" time="0.032" />
  <testcase classname="ptolemy.util.test.junit.AutoKnownFailedTests" name="[5] /home/travis/build/icyphy/ptII/ptolemy/domains/de/test/auto/knownFailedTests/dependencyLoop2.xml (RunModel)" time="0.039" />
  <testcase classname="ptolemy.util.test.junit.AutoNameArchTests" name="[0] ThereAreNoAutoArchTests (RunModel)" time="0.004" />
  <testcase classname="ptolemy.util.test.junit.AutoTests" name="[0] /home/travis/build/icyphy/ptII/ptolemy/domains/de/test/auto/ActorDepthCalculation_actorWithoutPorts.xml (RunModel)" time="0.019" />
  <testcase classname="ptolemy.util.test.junit.AutoTests" name="[1] /home/travis/build/icyphy/ptII/ptolemy/domains/de/test/auto/AssemblyLine.xml (RunModel)" time="0.018" />
  <testcase classname="ptolemy.util.test.junit.AutoTests" name="[2] /home/travis/build/icyphy/ptII/ptolemy/domains/de/test/auto/CQBug1.xml (RunModel)" time="0.009" />
  <testcase classname="ptolemy.util.test.junit.AutoTests" name="[3] /home/travis/build/icyphy/ptII/ptolemy/domains/de/test/auto/CancelFireAt.xml (RunModel)" time="0.007" />
  <testcase classname="ptolemy.util.test.junit.AutoTests" name="[4] /home/travis/build/icyphy/ptII/ptolemy/domains/de/test/auto/CausalityAndComposabilityAnalysis.xml (RunModel)" time="0.01" />
  <testcase classname="ptolemy.util.test.junit.AutoTests" name="[5] /home/travis/build/icyphy/ptII/ptolemy/domains/de/test/auto/CausalityInterface1.xml (RunModel)" time="0.012" />
  <testcase classname="ptolemy.util.test.junit.AutoTests" name="[6] /home/travis/build/icyphy/ptII/ptolemy/domains/de/test/auto/CausalityInterface15.xml (RunModel)" time="0.012" />
  <testcase classname="ptolemy.util.test.junit.AutoTests" name="[7] /home/travis/build/icyphy/ptII/ptolemy/domains/de/test/auto/CausalityInterface2.xml (RunModel)" time="0.011" />
  <testcase classname="ptolemy.util.test.junit.AutoTests" name="[8] /home/travis/build/icyphy/ptII/ptolemy/domains/de/test/auto/CausalityInterface3.xml (RunModel)" time="0.009" />
  <testcase classname="ptolemy.util.test.junit.AutoTests" name="[9] /home/travis/build/icyphy/ptII/ptolemy/domains/de/test/auto/ClockDrift.xml (RunModel)" time="0.033" />
  <testcase classname="ptolemy.util.test.junit.AutoTests" name="[10] /home/travis/build/icyphy/ptII/ptolemy/domains/de/test/auto/ClockDriftAndValueChange.xml (RunModel)" time="0.028" />
  <testcase classname="ptolemy.util.test.junit.AutoTests" name="[11] /home/travis/build/icyphy/ptII/ptolemy/domains/de/test/auto/ClockDriftChange.xml (RunModel)" time="0.024" />
  <testcase classname="ptolemy.util.test.junit.AutoTests" name="[12] /home/travis/build/icyphy/ptII/ptolemy/domains/de/test/auto/ComposableCausalityAnalysis.xml (RunModel)" time="0.02" />
  <testcase classname="ptolemy.util.test.junit.AutoTests" name="[13] /home/travis/build/icyphy/ptII/ptolemy/domains/de/test/auto/DEFixedPointLimitation.xml (RunModel)" time="0.009" />
  <testcase classname="ptolemy.util.test.junit.AutoTests" name="[14] /home/travis/build/icyphy/ptII/ptolemy/domains/de/test/auto/DEScheduleTest.xml (RunModel)" time="0.011" />
  <testcase classname="ptolemy.util.test.junit.AutoTests" name="[15] /home/travis/build/icyphy/ptII/ptolemy/domains/de/test/auto/DEinDEwithStartTimes.xml (RunModel)" time="0.012" />
  <testcase classname="ptolemy.util.test.junit.AutoTests" name="[16] /home/travis/build/icyphy/ptII/ptolemy/domains/de/test/auto/DEinDEwithStartTimes2.xml (RunModel)" time="0.022" />
  <testcase classname="ptolemy.util.test.junit.AutoTests" name="[17] /home/travis/build/icyphy/ptII/ptolemy/domains/de/test/auto/DateDemo.xml (RunModel)" time="0.031" />
  <testcase classname="ptolemy.util.test.junit.AutoTests" name="[18] /home/travis/build/icyphy/ptII/ptolemy/domains/de/test/auto/DateToEvent.xml (RunModel)" time="2.039" />
  <testcase classname="ptolemy.util.test.junit.AutoTests" name="[19] /home/travis/build/icyphy/ptII/ptolemy/domains/de/test/auto/DepthTest1.xml (RunModel)" time="0.009" />
  <testcase classname="ptolemy.util.test.junit.AutoTests" name="[20] /home/travis/build/icyphy/ptII/ptolemy/domains/de/test/auto/DepthTest2.xml (RunModel)" time="0.017" />
  <testcase classname="ptolemy.util.test.junit.AutoTests" name="[21] /home/travis/build/icyphy/ptII/ptolemy/domains/de/test/auto/DepthTest3.xml (RunModel)" time="0.012" />
  <testcase classname="ptolemy.util.test.junit.AutoTests" name="[22] /home/travis/build/icyphy/ptII/ptolemy/domains/de/test/auto/DepthTest4.xml (RunModel)" time="0.008" />
  <testcase classname="ptolemy.util.test.junit.AutoTests" name="[23] /home/travis/build/icyphy/ptII/ptolemy/domains/de/test/auto/DepthTest5.xml (RunModel)" time="0.01" />
  <testcase classname="ptolemy.util.test.junit.AutoTests" name="[24] /home/travis/build/icyphy/ptII/ptolemy/domains/de/test/auto/DepthTest6.xml (RunModel)" time="0.009" />
  <testcase classname="ptolemy.util.test.junit.AutoTests" name="[25] /home/travis/build/icyphy/ptII/ptolemy/domains/de/test/auto/DepthTest7.xml (RunModel)" time="0.012" />
  <testcase classname="ptolemy.util.test.junit.AutoTests" name="[26] /home/travis/build/icyphy/ptII/ptolemy/domains/de/test/auto/EventToDate.xml (RunModel)" time="3.026" />
  <testcase classname="ptolemy.util.test.junit.AutoTests" name="[27] /home/travis/build/icyphy/ptII/ptolemy/domains/de/test/auto/FSM1.xml (RunModel)" time="0.028" />
  <testcase classname="ptolemy.util.test.junit.AutoTests" name="[28] /home/travis/build/icyphy/ptII/ptolemy/domains/de/test/auto/FSM7.xml (RunModel)" time="0.048" />
  <testcase classname="ptolemy.util.test.junit.AutoTests" name="[29] /home/travis/build/icyphy/ptII/ptolemy/domains/de/test/auto/Inspection.xml (RunModel)" time="0.024" />
  <testcase classname="ptolemy.util.test.junit.AutoTests" name="[30] /home/travis/build/icyphy/ptII/ptolemy/domains/de/test/auto/Iteration.xml (RunModel)" time="0.016" />
  <testcase classname="ptolemy.util.test.junit.AutoTests" name="[31] /home/travis/build/icyphy/ptII/ptolemy/domains/de/test/auto/LineFault.xml (RunModel)" time="0.508" />
  <testcase classname="ptolemy.util.test.junit.AutoTests" name="[32] /home/travis/build/icyphy/ptII/ptolemy/domains/de/test/auto/MergeModel1Add.xml (RunModel)" time="0.039" />
  <testcase classname="ptolemy.util.test.junit.AutoTests" name="[33] /home/travis/build/icyphy/ptII/ptolemy/domains/de/test/auto/MergeModel2Add.xml (RunModel)" time="0.038" />
  <testcase classname="ptolemy.util.test.junit.AutoTests" name="[34] /home/travis/build/icyphy/ptII/ptolemy/domains/de/test/auto/MergeModel3Add.xml (RunModel)" time="0.038" />
  <testcase classname="ptolemy.util.test.junit.AutoTests" name="[35] /home/travis/build/icyphy/ptII/ptolemy/domains/de/test/auto/MergeWithoutDiscard.xml (RunModel)" time="0.012" />
  <testcase classname="ptolemy.util.test.junit.AutoTests" name="[36] /home/travis/build/icyphy/ptII/ptolemy/domains/de/test/auto/Modal1.xml (RunModel)" time="0.026" />
  <testcase classname="ptolemy.util.test.junit.AutoTests" name="[37] /home/travis/build/icyphy/ptII/ptolemy/domains/de/test/auto/Modal2.xml (RunModel)" time="0.03" />
  <testcase classname="ptolemy.util.test.junit.AutoTests" name="[38] /home/travis/build/icyphy/ptII/ptolemy/domains/de/test/auto/Modal3.xml (RunModel)" time="0.028" />
  <testcase classname="ptolemy.util.test.junit.AutoTests" name="[39] /home/travis/build/icyphy/ptII/ptolemy/domains/de/test/auto/Modal4.xml (RunModel)" time="0.029" />
  <testcase classname="ptolemy.util.test.junit.AutoTests" name="[40] /home/travis/build/icyphy/ptII/ptolemy/domains/de/test/auto/Modal5.xml (RunModel)" time="0.027" />
  <testcase classname="ptolemy.util.test.junit.AutoTests" name="[41] /home/travis/build/icyphy/ptII/ptolemy/domains/de/test/auto/Modal6.xml (RunModel)" time="0.024" />
  <testcase classname="ptolemy.util.test.junit.AutoTests" name="[42] /home/travis/build/icyphy/ptII/ptolemy/domains/de/test/auto/Modal7.xml (RunModel)" time="0.027" />
  <testcase classname="ptolemy.util.test.junit.AutoTests" name="[43] /home/travis/build/icyphy/ptII/ptolemy/domains/de/test/auto/ModalModel.xml (RunModel)" time="0.152" />
  <testcase classname="ptolemy.util.test.junit.AutoTests" name="[44] /home/travis/build/icyphy/ptII/ptolemy/domains/de/test/auto/ModalSource.xml (RunModel)" time="0.016" />
  <testcase classname="ptolemy.util.test.junit.AutoTests" name="[45] /home/travis/build/icyphy/ptII/ptolemy/domains/de/test/auto/NonInterruptibleTimerZeroDelay.xml (RunModel)" time="0.009" />
  <testcase classname="ptolemy.util.test.junit.AutoTests" name="[46] /home/travis/build/icyphy/ptII/ptolemy/domains/de/test/auto/OpenQueueingNetwork.xml (RunModel)" time="2.308" />
  <testcase classname="ptolemy.util.test.junit.AutoTests" name="[47] /home/travis/build/icyphy/ptII/ptolemy/domains/de/test/auto/OpenQueuingNetwork.xml (RunModel)" time="0.292" />
  <testcase classname="ptolemy.util.test.junit.AutoTests" name="[48] /home/travis/build/icyphy/ptII/ptolemy/domains/de/test/auto/PeriodicSampler.xml (RunModel)" time="0.011" />
  <testcase classname="ptolemy.util.test.junit.AutoTests" name="[49] /home/travis/build/icyphy/ptII/ptolemy/domains/de/test/auto/PersistentIO.xml (RunModel)" time="0.018" />
  <testcase classname="ptolemy.util.test.junit.AutoTests" name="[50] /home/travis/build/icyphy/ptII/ptolemy/domains/de/test/auto/PortParameterResetOnInitialize.xml (RunModel)" time="0.009" />
  <testcase classname="ptolemy.util.test.junit.AutoTests" name="[51] /home/travis/build/icyphy/ptII/ptolemy/domains/de/test/auto/PortParameterUpdates.xml (RunModel)" time="0.012" />
  <testcase classname="ptolemy.util.test.junit.AutoTests" name="[52] /home/travis/build/icyphy/ptII/ptolemy/domains/de/test/auto/QueueAndServer.xml (RunModel)" time="0.024" />
  <testcase classname="ptolemy.util.test.junit.AutoTests" name="[53] /home/travis/build/icyphy/ptII/ptolemy/domains/de/test/auto/Records.xml (RunModel)" time="0.014" />
  <testcase classname="ptolemy.util.test.junit.AutoTests" name="[54] /home/travis/build/icyphy/ptII/ptolemy/domains/de/test/auto/ResetTransitionWithStartTime1.xml (RunModel)" time="0.017" />
  <testcase classname="ptolemy.util.test.junit.AutoTests" name="[55] /home/travis/build/icyphy/ptII/ptolemy/domains/de/test/auto/ResetTransitionWithStartTime2.xml (RunModel)" time="0.015" />
  <testcase classname="ptolemy.util.test.junit.AutoTests" name="[56] /home/travis/build/icyphy/ptII/ptolemy/domains/de/test/auto/ResetTransitionWithStartTime3.xml (RunModel)" time="0.017" />
  <testcase classname="ptolemy.util.test.junit.AutoTests" name="[57] /home/travis/build/icyphy/ptII/ptolemy/domains/de/test/auto/ResetTransitionWithStartTime4.xml (RunModel)" time="0.016" />
  <testcase classname="ptolemy.util.test.junit.AutoTests" name="[58] /home/travis/build/icyphy/ptII/ptolemy/domains/de/test/auto/ResettableTimer1.xml (RunModel)" time="0.009" />
  <testcase classname="ptolemy.util.test.junit.AutoTests" name="[59] /home/travis/build/icyphy/ptII/ptolemy/domains/de/test/auto/ResettableTimer2.xml (RunModel)" time="0.008" />
  <testcase classname="ptolemy.util.test.junit.AutoTests" name="[60] /home/travis/build/icyphy/ptII/ptolemy/domains/de/test/auto/ResettableTimer3.xml (RunModel)" time="0.007" />
  <testcase classname="ptolemy.util.test.junit.AutoTests" name="[61] /home/travis/build/icyphy/ptII/ptolemy/domains/de/test/auto/ResettableTimer4.xml (RunModel)" time="0.009" />
  <testcase classname="ptolemy.util.test.junit.AutoTests" name="[62] /home/travis/build/icyphy/ptII/ptolemy/domains/de/test/auto/ResettableTimer5.xml (RunModel)" time="0.008" />
  <testcase classname="ptolemy.util.test.junit.AutoTests" name="[63] /home/travis/build/icyphy/ptII/ptolemy/domains/de/test/auto/ResettableTimer6.xml (RunModel)" time="0.017" />
  <testcase classname="ptolemy.util.test.junit.AutoTests" name="[64] /home/travis/build/icyphy/ptII/ptolemy/domains/de/test/auto/ServerZeroDelay.xml (RunModel)" time="0.012" />
  <testcase classname="ptolemy.util.test.junit.AutoTests" name="[65] /home/travis/build/icyphy/ptII/ptolemy/domains/de/test/auto/SmartSender.xml (RunModel)" time="3.008" />
  <testcase classname="ptolemy.util.test.junit.AutoTests" name="[66] /home/travis/build/icyphy/ptII/ptolemy/domains/de/test/auto/ThreadedComposite.xml (RunModel)" time="0.465" />
  <testcase classname="ptolemy.util.test.junit.AutoTests" name="[67] /home/travis/build/icyphy/ptII/ptolemy/domains/de/test/auto/Time.xml (RunModel)" time="0.46" />
  <testcase classname="ptolemy.util.test.junit.AutoTests" name="[68] /home/travis/build/icyphy/ptII/ptolemy/domains/de/test/auto/TimeDelayZeroDelay.xml (RunModel)" time="0.01" />
  <testcase classname="ptolemy.util.test.junit.AutoTests" name="[69] /home/travis/build/icyphy/ptII/ptolemy/domains/de/test/auto/TimerZeroDelay.xml (RunModel)" time="0.008" />
  <testcase classname="ptolemy.util.test.junit.AutoTests" name="[70] /home/travis/build/icyphy/ptII/ptolemy/domains/de/test/auto/TimingParadox.xml (RunModel)" time="0.345" />
  <testcase classname="ptolemy.util.test.junit.AutoTests" name="[71] /home/travis/build/icyphy/ptII/ptolemy/domains/de/test/auto/TransferInputs.xml (RunModel)" time="0.013" />
  <testcase classname="ptolemy.util.test.junit.AutoTests" name="[72] /home/travis/build/icyphy/ptII/ptolemy/domains/de/test/auto/TransferOutputs2.xml (RunModel)" time="0.023" />
  <testcase classname="ptolemy.util.test.junit.AutoTests" name="[73] /home/travis/build/icyphy/ptII/ptolemy/domains/de/test/auto/Trilateration.xml (RunModel)" time="11.141" />
  <testcase classname="ptolemy.util.test.junit.AutoTests" name="[74] /home/travis/build/icyphy/ptII/ptolemy/domains/de/test/auto/TwoSigmaDelta.xml (RunModel)" time="1.962" />
  <testcase classname="ptolemy.util.test.junit.AutoTests" name="[75] /home/travis/build/icyphy/ptII/ptolemy/domains/de/test/auto/VariableDelay.xml (RunModel)" time="0.014" />
  <testcase classname="ptolemy.util.test.junit.AutoTests" name="[76] /home/travis/build/icyphy/ptII/ptolemy/domains/de/test/auto/VariableDelay2.xml (RunModel)" time="0.016" />
  <testcase classname="ptolemy.util.test.junit.AutoTests" name="[77] /home/travis/build/icyphy/ptII/ptolemy/domains/de/test/auto/VariableDelayZeroDelay.xml (RunModel)" time="0.013" />
  <testcase classname="ptolemy.util.test.junit.AutoTests" name="[78] /home/travis/build/icyphy/ptII/ptolemy/domains/de/test/auto/VariableDelayZeroDelay2.xml (RunModel)" time="0.008" />
  <testcase classname="ptolemy.util.test.junit.AutoTests" name="[79] /home/travis/build/icyphy/ptII/ptolemy/domains/de/test/auto/deInCt.xml (RunModel)" time="0.015" />
  <testcase classname="ptolemy.util.test.junit.AutoTests" name="[80] /home/travis/build/icyphy/ptII/ptolemy/domains/de/test/auto/deInCt2.xml (RunModel)" time="0.018" />
  <testcase classname="ptolemy.util.test.junit.AutoTests" name="[81] /home/travis/build/icyphy/ptII/ptolemy/domains/de/test/auto/dynamicCausalityInterface1.xml (RunModel)" time="0.02" />
  <testcase classname="ptolemy.util.test.junit.AutoTests" name="[82] /home/travis/build/icyphy/ptII/ptolemy/domains/de/test/auto/fsm_de_test.xml (RunModel)" time="0.022" />
  <testcase classname="ptolemy.util.test.junit.AutoTests" name="[83] /home/travis/build/icyphy/ptII/ptolemy/domains/de/test/auto/functionDependencyReconstruction.xml (RunModel)" time="0.033" />
  <testcase classname="ptolemy.util.test.junit.AutoTests" name="[84] /home/travis/build/icyphy/ptII/ptolemy/domains/de/test/auto/multirate.xml (RunModel)" time="0.013" />
  <testcase classname="ptolemy.util.test.junit.AutoTests" name="[85] /home/travis/build/icyphy/ptII/ptolemy/domains/de/test/auto/multirate2.xml (RunModel)" time="0.019" />
  <testcase classname="ptolemy.util.test.junit.AutoTests" name="[86] /home/travis/build/icyphy/ptII/ptolemy/domains/de/test/auto/realtime.xml (RunModel)" time="10.01" />
  <testcase classname="ptolemy.util.test.junit.AutoTests" name="[87] /home/travis/build/icyphy/ptII/ptolemy/domains/de/test/auto/relationGroup.xml (RunModel)" time="0.007" />
  <testcase classname="ptolemy.util.test.junit.AutoTests" name="[88] /home/travis/build/icyphy/ptII/ptolemy/domains/de/test/auto/relationGroup2.xml (RunModel)" time="0.004" />
  <testcase classname="ptolemy.util.test.junit.AutoTests" name="[89] /home/travis/build/icyphy/ptII/ptolemy/domains/de/test/auto/sortWithOpaquePorts.xml (RunModel)" time="0.008" />
  <testcase classname="ptolemy.util.test.junit.AutoTests" name="[90] /home/travis/build/icyphy/ptII/ptolemy/domains/de/test/auto/transferInputsandOutputs.xml (RunModel)" time="0.017" />
  <testcase classname="ptolemy.util.test.junit.AutoTests" name="[91] /home/travis/build/icyphy/ptII/ptolemy/domains/de/test/auto/triggerType.xml (RunModel)" time="0.008" />
  <system-out><![CDATA[/home/travis/build/icyphy/ptII/ptolemy/domains/de/test/DependencyLoop.tcl
testDefs.tcl: setting time out to 9000 seconds at Sat Feb 16 05:02:38 UTC 2019
18 ms. Memory: 116224K Free: 97571K (84%)
33 ms. Memory: 146944K Free: 141142K (96%)
/home/travis/build/icyphy/ptII/ptolemy/domains/de/test/RunDETestsAsQSS.tcl
Run the DE tests using ptolemy.domains.qss.test.QSSDirectorTest, which extends QSSDirector and prints a message in the constructors.
------------------ testing $PTII/ptolemy/domains/de/test/auto/knownFailedTests/dependencyLoop.xml (Known Failure) 
9 ms. Memory: 146944K Free: 136896K (93%)


==== $PTIIhome/travis/build/icyphy/ptII/ptolemy/domains/de/test/../../../../: Auto Automatic test in file $PTII/ptolemy/domains/de/test/auto/knownFailedTests/dependencyLoop.xml
==== Contents of test case:

	    # FIXME: we should use $relativeFilename here, but it
	    # might have backslashes under Windows, which causes no end
	    # of trouble.
	    createAndExecute $file
	    list {}
	
.... Test generated KNOWN error:
    while executing
ptolemy.kernel.util.IllegalActionException: Found a zero delay loop containing .dependencyLoop.original
  in .dependencyLoop and .dependencyLoop.original
	at ptolemy.actor.util.CausalityInterfaceForComposites._computeOutputPortDepth(CausalityInterfaceForComposites.java:759)
	at ptolemy.actor.util.CausalityInterfaceForComposites._computeInputDepth(CausalityInterfaceForComposites.java:696)
	at ptolemy.actor.util.CausalityInterfaceForComposites._computeOutputPortDepth(CausalityInterfaceForComposites.java:765)
	at ptolemy.actor.util.CausalityInterfaceForComposites._computeInputDepth(CausalityInterfaceForComposites.java:696)
	at ptolemy.actor.util.CausalityInterfaceForComposites._computeOutputPortDepth(CausalityInterfaceForComposites.java:765)
	at ptolemy.actor.util.CausalityInterfaceForComposites._computeInputDepth(CausalityInterfaceForComposites.java:696)
	at ptolemy.actor.util.CausalityInterfaceForComposites._computeActorDepth(CausalityInterfaceForComposites.java:532)
	at ptolemy.actor.util.CausalityInterfaceForComposites.checkForCycles(CausalityInterfaceForComposites.java:96)
	at ptolemy.domains.de.kernel.DEDirector.preinitialize(DEDirector.java:1338)
	at ptolemy.actor.CompositeActor.preinitialize(CompositeActor.java:1828)
	at ptolemy.actor.Manager.preinitializeAndResolveTypes(Manager.java:1040)
	at ptolemy.actor.Manager.initialize(Manager.java:710)
	at ptolemy.actor.Manager.execute(Manager.java:356)
	at ptolemy.actor.Manager.run(Manager.java:1263)
	at ptolemy.actor.Manager$PtolemyRunThread.run(Manager.java:1915)

    while executing
ptolemy.kernel.util.IllegalActionException: Found a zero delay loop containing .dependencyLoop.original
  in .dependencyLoop and .dependencyLoop.original
    while executing
"java::new ptolemy.moml.MoMLSimpleApplication $file
"
    (procedure "createAndExecute" line 2)
    invoked from within
"createAndExecute $file"
    ("uplevel" body line 5)
    invoked from within
"uplevel $contents_of_test"
------------------ testing $PTII/ptolemy/domains/de/test/auto/knownFailedTests/DESDFClockTest.xml (Known Failure) 
2070 ms. Memory: 146944K Free: 121333K (83%)


==== $PTIIhome/travis/build/icyphy/ptII/ptolemy/domains/de/test/../../../../: Auto Automatic test in file $PTII/ptolemy/domains/de/test/auto/knownFailedTests/DESDFClockTest.xml
==== Contents of test case:

	    # FIXME: we should use $relativeFilename here, but it
	    # might have backslashes under Windows, which causes no end
	    # of trouble.
	    createAndExecute $file
	    list {}
	
.... Test generated KNOWN error:
    while executing
ptolemy.kernel.util.IllegalActionException: Actor is not ready to fire.  Perhaps UpSample.prefire() returned false? Try debugging the actor by selecting "Listen to Actor".  Also, for SDF check moml for tokenConsumptionRate on input.
  in .DESDFClockTest.Play Bell.Copy1:SDF Director and .DESDFClockTest.Play Bell.UpSample
	at ptolemy.actor.sched.StaticSchedulingDirector.fire(StaticSchedulingDirector.java:227)
	at ptolemy.domains.sdf.kernel.SDFDirector.fire(SDFDirector.java:500)
	at ptolemy.actor.CompositeActor.fire(CompositeActor.java:455)
	at ptolemy.domains.de.kernel.DEDirector._fire(DEDirector.java:1949)
	at ptolemy.domains.de.kernel.DEDirector.fire(DEDirector.java:502)
	at ptolemy.actor.CompositeActor.fire(CompositeActor.java:455)
	at ptolemy.actor.Manager.iterate(Manager.java:851)
	at ptolemy.actor.Manager.execute(Manager.java:369)
	at ptolemy.actor.Manager.run(Manager.java:1263)
	at ptolemy.actor.Manager$PtolemyRunThread.run(Manager.java:1915)

    while executing
ptolemy.kernel.util.IllegalActionException: Actor is not ready to fire.  Perhaps UpSample.prefire() returned false? Try debugging the actor by selecting "Listen to Actor".  Also, for SDF check moml for tokenConsumptionRate on input.
  in .DESDFClockTest.Play Bell.Copy1:SDF Director and .DESDFClockTest.Play Bell.UpSample
    while executing
"java::new ptolemy.moml.MoMLSimpleApplication $file
"
    (procedure "createAndExecute" line 2)
    invoked from within
"createAndExecute $file"
    ("uplevel" body line 5)
    invoked from within
"uplevel $contents_of_test"
------------------ testing $PTII/ptolemy/domains/de/test/auto/knownFailedTests/FSMSource.xml (Known Failure) 
33 ms. Memory: 146944K Free: 112474K (77%)
!!!! Auto was marked as failing, but now passes
------------------ testing $PTII/ptolemy/domains/de/test/auto/knownFailedTests/dependencyLoop2.xml (Known Failure) 
13 ms. Memory: 146944K Free: 110590K (75%)


==== $PTIIhome/travis/build/icyphy/ptII/ptolemy/domains/de/test/../../../../: Auto Automatic test in file $PTII/ptolemy/domains/de/test/auto/knownFailedTests/dependencyLoop2.xml
==== Contents of test case:

	    # FIXME: we should use $relativeFilename here, but it
	    # might have backslashes under Windows, which causes no end
	    # of trouble.
	    createAndExecute $file
	    list {}
	
.... Test generated KNOWN error:
    while executing
ptolemy.kernel.util.IllegalActionException: Found a zero delay loop containing .dependencyLoop2.original
  in .dependencyLoop2 and .dependencyLoop2.original
	at ptolemy.actor.util.CausalityInterfaceForComposites._computeOutputPortDepth(CausalityInterfaceForComposites.java:759)
	at ptolemy.actor.util.CausalityInterfaceForComposites._computeInputDepth(CausalityInterfaceForComposites.java:696)
	at ptolemy.actor.util.CausalityInterfaceForComposites._computeOutputPortDepth(CausalityInterfaceForComposites.java:765)
	at ptolemy.actor.util.CausalityInterfaceForComposites._computeInputDepth(CausalityInterfaceForComposites.java:696)
	at ptolemy.actor.util.CausalityInterfaceForComposites._computeOutputPortDepth(CausalityInterfaceForComposites.java:765)
	at ptolemy.actor.util.CausalityInterfaceForComposites._computeInputDepth(CausalityInterfaceForComposites.java:696)
	at ptolemy.actor.util.CausalityInterfaceForComposites._computeActorDepth(CausalityInterfaceForComposites.java:532)
	at ptolemy.actor.util.CausalityInterfaceForComposites.checkForCycles(CausalityInterfaceForComposites.java:96)
	at ptolemy.domains.de.kernel.DEDirector.preinitialize(DEDirector.java:1338)
	at ptolemy.actor.CompositeActor.preinitialize(CompositeActor.java:1828)
	at ptolemy.actor.Manager.preinitializeAndResolveTypes(Manager.java:1040)
	at ptolemy.actor.Manager.initialize(Manager.java:710)
	at ptolemy.actor.Manager.execute(Manager.java:356)
	at ptolemy.actor.Manager.run(Manager.java:1263)
	at ptolemy.actor.Manager$PtolemyRunThread.run(Manager.java:1915)

    while executing
ptolemy.kernel.util.IllegalActionException: Found a zero delay loop containing .dependencyLoop2.original
  in .dependencyLoop2 and .dependencyLoop2.original
    while executing
"java::new ptolemy.moml.MoMLSimpleApplication $file
"
    (procedure "createAndExecute" line 2)
    invoked from within
"createAndExecute $file"
    ("uplevel" body line 5)
    invoked from within
"uplevel $contents_of_test"
------------------ testing $PTII/ptolemy/domains/de/test/auto/knownFailedTests/HierarchicalModel.xml (Known Failure) 
18 ms. Memory: 146944K Free: 90406K (62%)


==== $PTIIhome/travis/build/icyphy/ptII/ptolemy/domains/de/test/../../../../: Auto Automatic test in file $PTII/ptolemy/domains/de/test/auto/knownFailedTests/HierarchicalModel.xml
==== Contents of test case:

	    # FIXME: we should use $relativeFilename here, but it
	    # might have backslashes under Windows, which causes no end
	    # of trouble.
	    createAndExecute $file
	    list {}
	
.... Test generated KNOWN error:
    while executing
ptolemy.kernel.util.IllegalActionException: Found a zero delay loop containing .HierarchicalModel.A
  in .HierarchicalModel and .HierarchicalModel.A
	at ptolemy.actor.util.CausalityInterfaceForComposites._computeOutputPortDepth(CausalityInterfaceForComposites.java:759)
	at ptolemy.actor.util.CausalityInterfaceForComposites._computeInputDepth(CausalityInterfaceForComposites.java:696)
	at ptolemy.actor.util.CausalityInterfaceForComposites._computeOutputPortDepth(CausalityInterfaceForComposites.java:765)
	at ptolemy.actor.util.CausalityInterfaceForComposites._computeInputDepth(CausalityInterfaceForComposites.java:696)
	at ptolemy.actor.util.CausalityInterfaceForComposites._computeOutputPortDepth(CausalityInterfaceForComposites.java:765)
	at ptolemy.actor.util.CausalityInterfaceForComposites._computeInputDepth(CausalityInterfaceForComposites.java:696)
	at ptolemy.actor.util.CausalityInterfaceForComposites._computeActorDepth(CausalityInterfaceForComposites.java:532)
	at ptolemy.actor.util.CausalityInterfaceForComposites.checkForCycles(CausalityInterfaceForComposites.java:96)
	at ptolemy.domains.de.kernel.DEDirector.preinitialize(DEDirector.java:1338)
	at ptolemy.actor.CompositeActor.preinitialize(CompositeActor.java:1828)
	at ptolemy.actor.Manager.preinitializeAndResolveTypes(Manager.java:1040)
	at ptolemy.actor.Manager.initialize(Manager.java:710)
	at ptolemy.actor.Manager.execute(Manager.java:356)
	at ptolemy.actor.Manager.run(Manager.java:1263)
	at ptolemy.actor.Manager$PtolemyRunThread.run(Manager.java:1915)

    while executing
ptolemy.kernel.util.IllegalActionException: Found a zero delay loop containing .HierarchicalModel.A
  in .HierarchicalModel and .HierarchicalModel.A
    while executing
"java::new ptolemy.moml.MoMLSimpleApplication $file
"
    (procedure "createAndExecute" line 2)
    invoked from within
"createAndExecute $file"
    ("uplevel" body line 5)
    invoked from within
"uplevel $contents_of_test"
------------------ testing $PTII/ptolemy/domains/de/test/auto/knownFailedTests/DirectFeedback.xml (Known Failure) 
4 ms. Memory: 146944K Free: 86295K (59%)


==== $PTIIhome/travis/build/icyphy/ptII/ptolemy/domains/de/test/../../../../: Auto Automatic test in file $PTII/ptolemy/domains/de/test/auto/knownFailedTests/DirectFeedback.xml
==== Contents of test case:

	    # FIXME: we should use $relativeFilename here, but it
	    # might have backslashes under Windows, which causes no end
	    # of trouble.
	    createAndExecute $file
	    list {}
	
.... Test generated KNOWN error:
    while executing
ptolemy.kernel.util.IllegalActionException: Test fails in iteration 1.
Value was: 1.0. Should have been: 2.0
  in .DirectFeedback.Test
	at ptolemy.actor.lib.Test.fire(Test.java:268)
	at ptolemy.domains.de.kernel.DEDirector._fire(DEDirector.java:1949)
	at ptolemy.domains.de.kernel.DEDirector.fire(DEDirector.java:502)
	at ptolemy.actor.CompositeActor.fire(CompositeActor.java:455)
	at ptolemy.actor.Manager.iterate(Manager.java:851)
	at ptolemy.actor.Manager.execute(Manager.java:369)
	at ptolemy.actor.Manager.run(Manager.java:1263)
	at ptolemy.actor.Manager$PtolemyRunThread.run(Manager.java:1915)

    while executing
ptolemy.kernel.util.IllegalActionException: Test fails in iteration 1.
Value was: 1.0. Should have been: 2.0
  in .DirectFeedback.Test
    while executing
"java::new ptolemy.moml.MoMLSimpleApplication $file
"
    (procedure "createAndExecute" line 2)
    invoked from within
"createAndExecute $file"
    ("uplevel" body line 5)
    invoked from within
"uplevel $contents_of_test"
------------------ testing $PTII/ptolemy/domains/de/test/auto/ActorDepthCalculation_actorWithoutPorts.xml
auto.tcl: Setting watchdog for 200 seconds at Sat Feb 16 05:02:41 UTC 2019
7 ms. Memory: 146944K Free: 138699K (94%)
ptolemy.util.test.WatchDog.cancel(): canceling Sat Feb 16 05:02:41 UTC 2019
auto.tcl: Setting watchdog for 200 seconds at Sat Feb 16 05:02:41 UTC 2019
4 ms. Memory: 146944K Free: 137680K (94%)
ptolemy.util.test.WatchDog.cancel(): canceling Sat Feb 16 05:02:41 UTC 2019
------------------ testing $PTII/ptolemy/domains/de/test/auto/AssemblyLine.xml
auto.tcl: Setting watchdog for 200 seconds at Sat Feb 16 05:02:41 UTC 2019
14 ms. Memory: 208384K Free: 183402K (88%)
ptolemy.util.test.WatchDog.cancel(): canceling Sat Feb 16 05:02:41 UTC 2019
auto.tcl: Setting watchdog for 200 seconds at Sat Feb 16 05:02:41 UTC 2019
10 ms. Memory: 208384K Free: 183402K (88%)
ptolemy.util.test.WatchDog.cancel(): canceling Sat Feb 16 05:02:41 UTC 2019
------------------ testing $PTII/ptolemy/domains/de/test/auto/CQBug1.xml
auto.tcl: Setting watchdog for 200 seconds at Sat Feb 16 05:02:42 UTC 2019
6 ms. Memory: 208384K Free: 197906K (95%)
ptolemy.util.test.WatchDog.cancel(): canceling Sat Feb 16 05:02:42 UTC 2019
auto.tcl: Setting watchdog for 200 seconds at Sat Feb 16 05:02:42 UTC 2019
2 ms. Memory: 208384K Free: 197906K (95%)
ptolemy.util.test.WatchDog.cancel(): canceling Sat Feb 16 05:02:42 UTC 2019
------------------ testing $PTII/ptolemy/domains/de/test/auto/CancelFireAt.xml
auto.tcl: Setting watchdog for 200 seconds at Sat Feb 16 05:02:42 UTC 2019
5 ms. Memory: 208384K Free: 201567K (97%)
ptolemy.util.test.WatchDog.cancel(): canceling Sat Feb 16 05:02:42 UTC 2019
auto.tcl: Setting watchdog for 200 seconds at Sat Feb 16 05:02:42 UTC 2019
7 ms. Memory: 208384K Free: 199527K (96%)
ptolemy.util.test.WatchDog.cancel(): canceling Sat Feb 16 05:02:42 UTC 2019
------------------ testing $PTII/ptolemy/domains/de/test/auto/CausalityAndComposabilityAnalysis.xml
auto.tcl: Setting watchdog for 200 seconds at Sat Feb 16 05:02:42 UTC 2019
18 ms. Memory: 208384K Free: 199122K (96%)
ptolemy.util.test.WatchDog.cancel(): canceling Sat Feb 16 05:02:42 UTC 2019
auto.tcl: Setting watchdog for 200 seconds at Sat Feb 16 05:02:42 UTC 2019
5 ms. Memory: 208384K Free: 196562K (94%)
ptolemy.util.test.WatchDog.cancel(): canceling Sat Feb 16 05:02:42 UTC 2019
------------------ testing $PTII/ptolemy/domains/de/test/auto/CausalityInterface1.xml
auto.tcl: Setting watchdog for 200 seconds at Sat Feb 16 05:02:42 UTC 2019
19 ms. Memory: 208384K Free: 196500K (94%)
ptolemy.util.test.WatchDog.cancel(): canceling Sat Feb 16 05:02:42 UTC 2019
auto.tcl: Setting watchdog for 200 seconds at Sat Feb 16 05:02:42 UTC 2019
2 ms. Memory: 208384K Free: 196500K (94%)
ptolemy.util.test.WatchDog.cancel(): canceling Sat Feb 16 05:02:42 UTC 2019
------------------ testing $PTII/ptolemy/domains/de/test/auto/CausalityInterface15.xml
auto.tcl: Setting watchdog for 200 seconds at Sat Feb 16 05:02:42 UTC 2019
8 ms. Memory: 208384K Free: 196459K (94%)
ptolemy.util.test.WatchDog.cancel(): canceling Sat Feb 16 05:02:42 UTC 2019
auto.tcl: Setting watchdog for 200 seconds at Sat Feb 16 05:02:42 UTC 2019
6 ms. Memory: 208384K Free: 196459K (94%)
ptolemy.util.test.WatchDog.cancel(): canceling Sat Feb 16 05:02:42 UTC 2019
------------------ testing $PTII/ptolemy/domains/de/test/auto/CausalityInterface2.xml
auto.tcl: Setting watchdog for 200 seconds at Sat Feb 16 05:02:42 UTC 2019
9 ms. Memory: 208384K Free: 196476K (94%)
ptolemy.util.test.WatchDog.cancel(): canceling Sat Feb 16 05:02:42 UTC 2019
auto.tcl: Setting watchdog for 200 seconds at Sat Feb 16 05:02:42 UTC 2019
6 ms. Memory: 208384K Free: 196476K (94%)
ptolemy.util.test.WatchDog.cancel(): canceling Sat Feb 16 05:02:42 UTC 2019
------------------ testing $PTII/ptolemy/domains/de/test/auto/CausalityInterface3.xml
auto.tcl: Setting watchdog for 200 seconds at Sat Feb 16 05:02:42 UTC 2019
14 ms. Memory: 208384K Free: 196488K (94%)
ptolemy.util.test.WatchDog.cancel(): canceling Sat Feb 16 05:02:42 UTC 2019
auto.tcl: Setting watchdog for 200 seconds at Sat Feb 16 05:02:42 UTC 2019
9 ms. Memory: 208384K Free: 196488K (94%)
ptolemy.util.test.WatchDog.cancel(): canceling Sat Feb 16 05:02:42 UTC 2019
------------------ testing $PTII/ptolemy/domains/de/test/auto/ClockDrift.xml
auto.tcl: Setting watchdog for 200 seconds at Sat Feb 16 05:02:42 UTC 2019
91 ms. Memory: 208384K Free: 187900K (90%)
ptolemy.util.test.WatchDog.cancel(): canceling Sat Feb 16 05:02:42 UTC 2019
auto.tcl: Setting watchdog for 200 seconds at Sat Feb 16 05:02:42 UTC 2019
55 ms. Memory: 208384K Free: 185860K (89%)
ptolemy.util.test.WatchDog.cancel(): canceling Sat Feb 16 05:02:42 UTC 2019
------------------ testing $PTII/ptolemy/domains/de/test/auto/ClockDriftAndValueChange.xml
auto.tcl: Setting watchdog for 200 seconds at Sat Feb 16 05:02:43 UTC 2019
41 ms. Memory: 208384K Free: 187735K (90%)
ptolemy.util.test.WatchDog.cancel(): canceling Sat Feb 16 05:02:43 UTC 2019
auto.tcl: Setting watchdog for 200 seconds at Sat Feb 16 05:02:43 UTC 2019
27 ms. Memory: 208384K Free: 185695K (89%)
ptolemy.util.test.WatchDog.cancel(): canceling Sat Feb 16 05:02:43 UTC 2019
------------------ testing $PTII/ptolemy/domains/de/test/auto/ClockDriftChange.xml
auto.tcl: Setting watchdog for 200 seconds at Sat Feb 16 05:02:43 UTC 2019
29 ms. Memory: 208384K Free: 191000K (92%)
ptolemy.util.test.WatchDog.cancel(): canceling Sat Feb 16 05:02:43 UTC 2019
auto.tcl: Setting watchdog for 200 seconds at Sat Feb 16 05:02:43 UTC 2019
34 ms. Memory: 208384K Free: 188960K (91%)
ptolemy.util.test.WatchDog.cancel(): canceling Sat Feb 16 05:02:43 UTC 2019
------------------ testing $PTII/ptolemy/domains/de/test/auto/ComposableCausalityAnalysis.xml
auto.tcl: Setting watchdog for 200 seconds at Sat Feb 16 05:02:43 UTC 2019
3 ms. Memory: 208384K Free: 196345K (94%)
ptolemy.util.test.WatchDog.cancel(): canceling Sat Feb 16 05:02:43 UTC 2019
auto.tcl: Setting watchdog for 200 seconds at Sat Feb 16 05:02:43 UTC 2019
1 ms. Memory: 208384K Free: 194305K (93%)
ptolemy.util.test.WatchDog.cancel(): canceling Sat Feb 16 05:02:43 UTC 2019
------------------ testing $PTII/ptolemy/domains/de/test/auto/DEFixedPointLimitation.xml
auto.tcl: Setting watchdog for 200 seconds at Sat Feb 16 05:02:43 UTC 2019
2 ms. Memory: 208384K Free: 198465K (95%)
ptolemy.util.test.WatchDog.cancel(): canceling Sat Feb 16 05:02:43 UTC 2019
auto.tcl: Setting watchdog for 200 seconds at Sat Feb 16 05:02:43 UTC 2019
1 ms. Memory: 208384K Free: 196425K (94%)
ptolemy.util.test.WatchDog.cancel(): canceling Sat Feb 16 05:02:43 UTC 2019
------------------ testing $PTII/ptolemy/domains/de/test/auto/DEScheduleTest.xml
auto.tcl: Setting watchdog for 200 seconds at Sat Feb 16 05:02:43 UTC 2019
6 ms. Memory: 208384K Free: 199020K (96%)
ptolemy.util.test.WatchDog.cancel(): canceling Sat Feb 16 05:02:43 UTC 2019
auto.tcl: Setting watchdog for 200 seconds at Sat Feb 16 05:02:43 UTC 2019
7 ms. Memory: 208384K Free: 196461K (94%)
ptolemy.util.test.WatchDog.cancel(): canceling Sat Feb 16 05:02:43 UTC 2019
------------------ testing $PTII/ptolemy/domains/de/test/auto/DEinDEwithStartTimes.xml
auto.tcl: Setting watchdog for 200 seconds at Sat Feb 16 05:02:43 UTC 2019
6 ms. Memory: 208384K Free: 196430K (94%)
ptolemy.util.test.WatchDog.cancel(): canceling Sat Feb 16 05:02:43 UTC 2019
auto.tcl: Setting watchdog for 200 seconds at Sat Feb 16 05:02:43 UTC 2019
3 ms. Memory: 208384K Free: 196430K (94%)
ptolemy.util.test.WatchDog.cancel(): canceling Sat Feb 16 05:02:43 UTC 2019
------------------ testing $PTII/ptolemy/domains/de/test/auto/DEinDEwithStartTimes2.xml
auto.tcl: Setting watchdog for 200 seconds at Sat Feb 16 05:02:43 UTC 2019
4 ms. Memory: 208384K Free: 196930K (95%)
ptolemy.util.test.WatchDog.cancel(): canceling Sat Feb 16 05:02:43 UTC 2019
auto.tcl: Setting watchdog for 200 seconds at Sat Feb 16 05:02:43 UTC 2019
9 ms. Memory: 208384K Free: 194370K (93%)
ptolemy.util.test.WatchDog.cancel(): canceling Sat Feb 16 05:02:43 UTC 2019
------------------ testing $PTII/ptolemy/domains/de/test/auto/DateDemo.xml
auto.tcl: Setting watchdog for 200 seconds at Sat Feb 16 05:02:43 UTC 2019
14 ms. Memory: 208384K Free: 189021K (91%)
ptolemy.util.test.WatchDog.cancel(): canceling Sat Feb 16 05:02:43 UTC 2019
auto.tcl: Setting watchdog for 200 seconds at Sat Feb 16 05:02:43 UTC 2019
6 ms. Memory: 208384K Free: 186981K (90%)
ptolemy.util.test.WatchDog.cancel(): canceling Sat Feb 16 05:02:43 UTC 2019
------------------ testing $PTII/ptolemy/domains/de/test/auto/DateToEvent.xml
auto.tcl: Setting watchdog for 200 seconds at Sat Feb 16 05:02:43 UTC 2019
2016 ms. Memory: 208384K Free: 183907K (88%)
ptolemy.util.test.WatchDog.cancel(): canceling Sat Feb 16 05:02:46 UTC 2019
auto.tcl: Setting watchdog for 200 seconds at Sat Feb 16 05:02:46 UTC 2019
2005 ms. Memory: 208384K Free: 183907K (88%)
ptolemy.util.test.WatchDog.cancel(): canceling Sat Feb 16 05:02:48 UTC 2019
------------------ testing $PTII/ptolemy/domains/de/test/auto/DepthTest1.xml
auto.tcl: Setting watchdog for 200 seconds at Sat Feb 16 05:02:48 UTC 2019
4 ms. Memory: 208384K Free: 198028K (95%)
ptolemy.util.test.WatchDog.cancel(): canceling Sat Feb 16 05:02:48 UTC 2019
auto.tcl: Setting watchdog for 200 seconds at Sat Feb 16 05:02:48 UTC 2019
1 ms. Memory: 208384K Free: 198028K (95%)
ptolemy.util.test.WatchDog.cancel(): canceling Sat Feb 16 05:02:48 UTC 2019
------------------ testing $PTII/ptolemy/domains/de/test/auto/DepthTest2.xml
auto.tcl: Setting watchdog for 200 seconds at Sat Feb 16 05:02:48 UTC 2019
7 ms. Memory: 208384K Free: 194382K (93%)
ptolemy.util.test.WatchDog.cancel(): canceling Sat Feb 16 05:02:48 UTC 2019
auto.tcl: Setting watchdog for 200 seconds at Sat Feb 16 05:02:48 UTC 2019
3 ms. Memory: 208384K Free: 194382K (93%)
ptolemy.util.test.WatchDog.cancel(): canceling Sat Feb 16 05:02:48 UTC 2019
------------------ testing $PTII/ptolemy/domains/de/test/auto/DepthTest3.xml
auto.tcl: Setting watchdog for 200 seconds at Sat Feb 16 05:02:48 UTC 2019
2 ms. Memory: 208384K Free: 198363K (95%)
ptolemy.util.test.WatchDog.cancel(): canceling Sat Feb 16 05:02:48 UTC 2019
auto.tcl: Setting watchdog for 200 seconds at Sat Feb 16 05:02:48 UTC 2019
2 ms. Memory: 208384K Free: 198363K (95%)
ptolemy.util.test.WatchDog.cancel(): canceling Sat Feb 16 05:02:48 UTC 2019
------------------ testing $PTII/ptolemy/domains/de/test/auto/DepthTest4.xml
auto.tcl: Setting watchdog for 200 seconds at Sat Feb 16 05:02:48 UTC 2019
10 ms. Memory: 208384K Free: 196410K (94%)
ptolemy.util.test.WatchDog.cancel(): canceling Sat Feb 16 05:02:48 UTC 2019
auto.tcl: Setting watchdog for 200 seconds at Sat Feb 16 05:02:48 UTC 2019
2 ms. Memory: 208384K Free: 196410K (94%)
ptolemy.util.test.WatchDog.cancel(): canceling Sat Feb 16 05:02:48 UTC 2019
------------------ testing $PTII/ptolemy/domains/de/test/auto/DepthTest5.xml
auto.tcl: Setting watchdog for 200 seconds at Sat Feb 16 05:02:48 UTC 2019
3 ms. Memory: 208384K Free: 196358K (94%)
ptolemy.util.test.WatchDog.cancel(): canceling Sat Feb 16 05:02:48 UTC 2019
auto.tcl: Setting watchdog for 200 seconds at Sat Feb 16 05:02:48 UTC 2019
3 ms. Memory: 208384K Free: 196358K (94%)
ptolemy.util.test.WatchDog.cancel(): canceling Sat Feb 16 05:02:48 UTC 2019
------------------ testing $PTII/ptolemy/domains/de/test/auto/DepthTest6.xml
auto.tcl: Setting watchdog for 200 seconds at Sat Feb 16 05:02:48 UTC 2019
8 ms. Memory: 208384K Free: 196852K (94%)
ptolemy.util.test.WatchDog.cancel(): canceling Sat Feb 16 05:02:48 UTC 2019
auto.tcl: Setting watchdog for 200 seconds at Sat Feb 16 05:02:48 UTC 2019
3 ms. Memory: 208384K Free: 196852K (94%)
ptolemy.util.test.WatchDog.cancel(): canceling Sat Feb 16 05:02:48 UTC 2019
------------------ testing $PTII/ptolemy/domains/de/test/auto/DepthTest7.xml
auto.tcl: Setting watchdog for 200 seconds at Sat Feb 16 05:02:48 UTC 2019
2 ms. Memory: 208384K Free: 196315K (94%)
ptolemy.util.test.WatchDog.cancel(): canceling Sat Feb 16 05:02:48 UTC 2019
auto.tcl: Setting watchdog for 200 seconds at Sat Feb 16 05:02:48 UTC 2019
2 ms. Memory: 208384K Free: 196315K (94%)
ptolemy.util.test.WatchDog.cancel(): canceling Sat Feb 16 05:02:48 UTC 2019
------------------ testing $PTII/ptolemy/domains/de/test/auto/EventToDate.xml
auto.tcl: Setting watchdog for 200 seconds at Sat Feb 16 05:02:48 UTC 2019
3006 ms. Memory: 208384K Free: 186129K (89%)
ptolemy.util.test.WatchDog.cancel(): canceling Sat Feb 16 05:02:51 UTC 2019
auto.tcl: Setting watchdog for 200 seconds at Sat Feb 16 05:02:51 UTC 2019
3004 ms. Memory: 208384K Free: 186129K (89%)
ptolemy.util.test.WatchDog.cancel(): canceling Sat Feb 16 05:02:54 UTC 2019
------------------ testing $PTII/ptolemy/domains/de/test/auto/FSM1.xml
auto.tcl: Setting watchdog for 200 seconds at Sat Feb 16 05:02:54 UTC 2019
24 ms. Memory: 208384K Free: 189487K (91%)
ptolemy.util.test.WatchDog.cancel(): canceling Sat Feb 16 05:02:54 UTC 2019
auto.tcl: Setting watchdog for 200 seconds at Sat Feb 16 05:02:54 UTC 2019
14 ms. Memory: 208384K Free: 185408K (89%)
ptolemy.util.test.WatchDog.cancel(): canceling Sat Feb 16 05:02:54 UTC 2019
------------------ testing $PTII/ptolemy/domains/de/test/auto/FSM7.xml
auto.tcl: Setting watchdog for 200 seconds at Sat Feb 16 05:02:54 UTC 2019
13 ms. Memory: 208384K Free: 187233K (90%)
ptolemy.util.test.WatchDog.cancel(): canceling Sat Feb 16 05:02:54 UTC 2019
auto.tcl: Setting watchdog for 200 seconds at Sat Feb 16 05:02:54 UTC 2019
25 ms. Memory: 208384K Free: 183153K (88%)
ptolemy.util.test.WatchDog.cancel(): canceling Sat Feb 16 05:02:54 UTC 2019
------------------ testing $PTII/ptolemy/domains/de/test/auto/Inspection.xml
auto.tcl: Setting watchdog for 200 seconds at Sat Feb 16 05:02:54 UTC 2019
29 ms. Memory: 208384K Free: 189384K (91%)
ptolemy.util.test.WatchDog.cancel(): canceling Sat Feb 16 05:02:55 UTC 2019
auto.tcl: Setting watchdog for 200 seconds at Sat Feb 16 05:02:55 UTC 2019
23 ms. Memory: 208384K Free: 187344K (90%)
ptolemy.util.test.WatchDog.cancel(): canceling Sat Feb 16 05:02:55 UTC 2019
------------------ testing $PTII/ptolemy/domains/de/test/auto/Iteration.xml
auto.tcl: Setting watchdog for 200 seconds at Sat Feb 16 05:02:55 UTC 2019
16 ms. Memory: 208384K Free: 196122K (94%)
ptolemy.util.test.WatchDog.cancel(): canceling Sat Feb 16 05:02:55 UTC 2019
auto.tcl: Setting watchdog for 200 seconds at Sat Feb 16 05:02:55 UTC 2019
6 ms. Memory: 208384K Free: 194082K (93%)
ptolemy.util.test.WatchDog.cancel(): canceling Sat Feb 16 05:02:55 UTC 2019
------------------ testing $PTII/ptolemy/domains/de/test/auto/LineFault.xml
auto.tcl: Setting watchdog for 200 seconds at Sat Feb 16 05:02:55 UTC 2019
795 ms. Memory: 208384K Free: 199857K (96%)
ptolemy.util.test.WatchDog.cancel(): canceling Sat Feb 16 05:02:56 UTC 2019
auto.tcl: Setting watchdog for 200 seconds at Sat Feb 16 05:02:56 UTC 2019
631 ms. Memory: 208384K Free: 142483K (68%)
ptolemy.util.test.WatchDog.cancel(): canceling Sat Feb 16 05:02:56 UTC 2019
------------------ testing $PTII/ptolemy/domains/de/test/auto/MergeModel1Add.xml
auto.tcl: Setting watchdog for 200 seconds at Sat Feb 16 05:02:56 UTC 2019
24 ms. Memory: 331264K Free: 300827K (91%)
ptolemy.util.test.WatchDog.cancel(): canceling Sat Feb 16 05:02:57 UTC 2019
auto.tcl: Setting watchdog for 200 seconds at Sat Feb 16 05:02:57 UTC 2019
13 ms. Memory: 331264K Free: 300827K (91%)
ptolemy.util.test.WatchDog.cancel(): canceling Sat Feb 16 05:02:57 UTC 2019
------------------ testing $PTII/ptolemy/domains/de/test/auto/MergeModel2Add.xml
auto.tcl: Setting watchdog for 200 seconds at Sat Feb 16 05:02:57 UTC 2019
8 ms. Memory: 331264K Free: 305746K (92%)
ptolemy.util.test.WatchDog.cancel(): canceling Sat Feb 16 05:02:57 UTC 2019
auto.tcl: Setting watchdog for 200 seconds at Sat Feb 16 05:02:57 UTC 2019
8 ms. Memory: 331264K Free: 302182K (91%)
ptolemy.util.test.WatchDog.cancel(): canceling Sat Feb 16 05:02:57 UTC 2019
------------------ testing $PTII/ptolemy/domains/de/test/auto/MergeModel3Add.xml
auto.tcl: Setting watchdog for 200 seconds at Sat Feb 16 05:02:57 UTC 2019
9 ms. Memory: 331264K Free: 305725K (92%)
ptolemy.util.test.WatchDog.cancel(): canceling Sat Feb 16 05:02:57 UTC 2019
auto.tcl: Setting watchdog for 200 seconds at Sat Feb 16 05:02:57 UTC 2019
7 ms. Memory: 331264K Free: 302161K (91%)
ptolemy.util.test.WatchDog.cancel(): canceling Sat Feb 16 05:02:57 UTC 2019
------------------ testing $PTII/ptolemy/domains/de/test/auto/MergeWithoutDiscard.xml
auto.tcl: Setting watchdog for 200 seconds at Sat Feb 16 05:02:57 UTC 2019
2 ms. Memory: 331264K Free: 317123K (96%)
ptolemy.util.test.WatchDog.cancel(): canceling Sat Feb 16 05:02:57 UTC 2019
auto.tcl: Setting watchdog for 200 seconds at Sat Feb 16 05:02:57 UTC 2019
2 ms. Memory: 331264K Free: 317123K (96%)
ptolemy.util.test.WatchDog.cancel(): canceling Sat Feb 16 05:02:57 UTC 2019
------------------ testing $PTII/ptolemy/domains/de/test/auto/Modal1.xml
auto.tcl: Setting watchdog for 200 seconds at Sat Feb 16 05:02:57 UTC 2019
19 ms. Memory: 331264K Free: 310724K (94%)
ptolemy.util.test.WatchDog.cancel(): canceling Sat Feb 16 05:02:57 UTC 2019
auto.tcl: Setting watchdog for 200 seconds at Sat Feb 16 05:02:57 UTC 2019
22 ms. Memory: 331264K Free: 307160K (93%)
ptolemy.util.test.WatchDog.cancel(): canceling Sat Feb 16 05:02:57 UTC 2019
------------------ testing $PTII/ptolemy/domains/de/test/auto/Modal2.xml
auto.tcl: Setting watchdog for 200 seconds at Sat Feb 16 05:02:57 UTC 2019
17 ms. Memory: 331264K Free: 310597K (94%)
ptolemy.util.test.WatchDog.cancel(): canceling Sat Feb 16 05:02:57 UTC 2019
auto.tcl: Setting watchdog for 200 seconds at Sat Feb 16 05:02:57 UTC 2019
18 ms. Memory: 331264K Free: 307032K (93%)
ptolemy.util.test.WatchDog.cancel(): canceling Sat Feb 16 05:02:57 UTC 2019
------------------ testing $PTII/ptolemy/domains/de/test/auto/Modal3.xml
auto.tcl: Setting watchdog for 200 seconds at Sat Feb 16 05:02:57 UTC 2019
10 ms. Memory: 331264K Free: 311061K (94%)
ptolemy.util.test.WatchDog.cancel(): canceling Sat Feb 16 05:02:57 UTC 2019
auto.tcl: Setting watchdog for 200 seconds at Sat Feb 16 05:02:57 UTC 2019
10 ms. Memory: 331264K Free: 306821K (93%)
ptolemy.util.test.WatchDog.cancel(): canceling Sat Feb 16 05:02:57 UTC 2019
------------------ testing $PTII/ptolemy/domains/de/test/auto/Modal4.xml
auto.tcl: Setting watchdog for 200 seconds at Sat Feb 16 05:02:57 UTC 2019
26 ms. Memory: 331264K Free: 310398K (94%)
ptolemy.util.test.WatchDog.cancel(): canceling Sat Feb 16 05:02:57 UTC 2019
auto.tcl: Setting watchdog for 200 seconds at Sat Feb 16 05:02:57 UTC 2019
13 ms. Memory: 331264K Free: 306833K (93%)
ptolemy.util.test.WatchDog.cancel(): canceling Sat Feb 16 05:02:57 UTC 2019
------------------ testing $PTII/ptolemy/domains/de/test/auto/Modal5.xml
auto.tcl: Setting watchdog for 200 seconds at Sat Feb 16 05:02:57 UTC 2019
17 ms. Memory: 331264K Free: 310385K (94%)
ptolemy.util.test.WatchDog.cancel(): canceling Sat Feb 16 05:02:57 UTC 2019
auto.tcl: Setting watchdog for 200 seconds at Sat Feb 16 05:02:57 UTC 2019
12 ms. Memory: 331264K Free: 306820K (93%)
ptolemy.util.test.WatchDog.cancel(): canceling Sat Feb 16 05:02:57 UTC 2019
------------------ testing $PTII/ptolemy/domains/de/test/auto/Modal6.xml
auto.tcl: Setting watchdog for 200 seconds at Sat Feb 16 05:02:57 UTC 2019
13 ms. Memory: 331264K Free: 310382K (94%)
ptolemy.util.test.WatchDog.cancel(): canceling Sat Feb 16 05:02:58 UTC 2019
auto.tcl: Setting watchdog for 200 seconds at Sat Feb 16 05:02:58 UTC 2019
14 ms. Memory: 331264K Free: 306818K (93%)
ptolemy.util.test.WatchDog.cancel(): canceling Sat Feb 16 05:02:58 UTC 2019
------------------ testing $PTII/ptolemy/domains/de/test/auto/Modal7.xml
auto.tcl: Setting watchdog for 200 seconds at Sat Feb 16 05:02:58 UTC 2019
18 ms. Memory: 331264K Free: 306597K (93%)
ptolemy.util.test.WatchDog.cancel(): canceling Sat Feb 16 05:02:58 UTC 2019
auto.tcl: Setting watchdog for 200 seconds at Sat Feb 16 05:02:58 UTC 2019
11 ms. Memory: 331264K Free: 303032K (91%)
ptolemy.util.test.WatchDog.cancel(): canceling Sat Feb 16 05:02:58 UTC 2019
------------------ testing $PTII/ptolemy/domains/de/test/auto/ModalModel.xml
auto.tcl: Setting watchdog for 200 seconds at Sat Feb 16 05:02:58 UTC 2019
167 ms. Memory: 331264K Free: 247825K (75%)
ptolemy.util.test.WatchDog.cancel(): canceling Sat Feb 16 05:02:58 UTC 2019
auto.tcl: Setting watchdog for 200 seconds at Sat Feb 16 05:02:58 UTC 2019
163 ms. Memory: 331264K Free: 190789K (58%)
ptolemy.util.test.WatchDog.cancel(): canceling Sat Feb 16 05:02:58 UTC 2019
------------------ testing $PTII/ptolemy/domains/de/test/auto/ModalSource.xml
auto.tcl: Setting watchdog for 200 seconds at Sat Feb 16 05:02:58 UTC 2019
6 ms. Memory: 331264K Free: 316436K (96%)
ptolemy.util.test.WatchDog.cancel(): canceling Sat Feb 16 05:02:58 UTC 2019
auto.tcl: Setting watchdog for 200 seconds at Sat Feb 16 05:02:58 UTC 2019
6 ms. Memory: 331264K Free: 313170K (95%)
ptolemy.util.test.WatchDog.cancel(): canceling Sat Feb 16 05:02:58 UTC 2019
------------------ testing $PTII/ptolemy/domains/de/test/auto/NonInterruptibleTimerZeroDelay.xml
auto.tcl: Setting watchdog for 200 seconds at Sat Feb 16 05:02:58 UTC 2019
4 ms. Memory: 331264K Free: 320792K (97%)
ptolemy.util.test.WatchDog.cancel(): canceling Sat Feb 16 05:02:58 UTC 2019
auto.tcl: Setting watchdog for 200 seconds at Sat Feb 16 05:02:58 UTC 2019
2 ms. Memory: 331264K Free: 317527K (96%)
ptolemy.util.test.WatchDog.cancel(): canceling Sat Feb 16 05:02:58 UTC 2019
------------------ testing $PTII/ptolemy/domains/de/test/auto/OpenQueueingNetwork.xml
auto.tcl: Setting watchdog for 200 seconds at Sat Feb 16 05:02:58 UTC 2019
2646 ms. Memory: 573952K Free: 421339K (73%)
ptolemy.util.test.WatchDog.cancel(): canceling Sat Feb 16 05:03:01 UTC 2019
auto.tcl: Setting watchdog for 200 seconds at Sat Feb 16 05:03:01 UTC 2019
2340 ms. Memory: 550912K Free: 312515K (57%)
ptolemy.util.test.WatchDog.cancel(): canceling Sat Feb 16 05:03:03 UTC 2019
------------------ testing $PTII/ptolemy/domains/de/test/auto/OpenQueuingNetwork.xml
auto.tcl: Setting watchdog for 200 seconds at Sat Feb 16 05:03:03 UTC 2019
218 ms. Memory: 549888K Free: 445746K (81%)
ptolemy.util.test.WatchDog.cancel(): canceling Sat Feb 16 05:03:04 UTC 2019
auto.tcl: Setting watchdog for 200 seconds at Sat Feb 16 05:03:04 UTC 2019
204 ms. Memory: 549888K Free: 387801K (71%)
ptolemy.util.test.WatchDog.cancel(): canceling Sat Feb 16 05:03:04 UTC 2019
------------------ testing $PTII/ptolemy/domains/de/test/auto/PeriodicSampler.xml
auto.tcl: Setting watchdog for 200 seconds at Sat Feb 16 05:03:04 UTC 2019
3 ms. Memory: 551936K Free: 536622K (97%)
ptolemy.util.test.WatchDog.cancel(): canceling Sat Feb 16 05:03:04 UTC 2019
auto.tcl: Setting watchdog for 200 seconds at Sat Feb 16 05:03:04 UTC 2019
2 ms. Memory: 551936K Free: 536622K (97%)
ptolemy.util.test.WatchDog.cancel(): canceling Sat Feb 16 05:03:04 UTC 2019
------------------ testing $PTII/ptolemy/domains/de/test/auto/PersistentIO.xml
auto.tcl: Setting watchdog for 200 seconds at Sat Feb 16 05:03:04 UTC 2019
11 ms. Memory: 549376K Free: 524698K (96%)
ptolemy.util.test.WatchDog.cancel(): canceling Sat Feb 16 05:03:04 UTC 2019
auto.tcl: Setting watchdog for 200 seconds at Sat Feb 16 05:03:04 UTC 2019
4 ms. Memory: 549376K Free: 524698K (96%)
ptolemy.util.test.WatchDog.cancel(): canceling Sat Feb 16 05:03:04 UTC 2019
------------------ testing $PTII/ptolemy/domains/de/test/auto/PortParameterResetOnInitialize.xml
auto.tcl: Setting watchdog for 200 seconds at Sat Feb 16 05:03:04 UTC 2019
3 ms. Memory: 551424K Free: 531892K (96%)
ptolemy.util.test.WatchDog.cancel(): canceling Sat Feb 16 05:03:04 UTC 2019
auto.tcl: Setting watchdog for 200 seconds at Sat Feb 16 05:03:04 UTC 2019
2 ms. Memory: 551424K Free: 531892K (96%)
ptolemy.util.test.WatchDog.cancel(): canceling Sat Feb 16 05:03:04 UTC 2019
------------------ testing $PTII/ptolemy/domains/de/test/auto/PortParameterUpdates.xml
auto.tcl: Setting watchdog for 200 seconds at Sat Feb 16 05:03:04 UTC 2019
4 ms. Memory: 549376K Free: 529434K (96%)
ptolemy.util.test.WatchDog.cancel(): canceling Sat Feb 16 05:03:04 UTC 2019
auto.tcl: Setting watchdog for 200 seconds at Sat Feb 16 05:03:04 UTC 2019
5 ms. Memory: 549376K Free: 524150K (95%)
ptolemy.util.test.WatchDog.cancel(): canceling Sat Feb 16 05:03:04 UTC 2019
------------------ testing $PTII/ptolemy/domains/de/test/auto/QueueAndServer.xml
auto.tcl: Setting watchdog for 200 seconds at Sat Feb 16 05:03:04 UTC 2019
15 ms. Memory: 551424K Free: 526161K (95%)
ptolemy.util.test.WatchDog.cancel(): canceling Sat Feb 16 05:03:04 UTC 2019
auto.tcl: Setting watchdog for 200 seconds at Sat Feb 16 05:03:04 UTC 2019
6 ms. Memory: 551424K Free: 526161K (95%)
ptolemy.util.test.WatchDog.cancel(): canceling Sat Feb 16 05:03:04 UTC 2019
------------------ testing $PTII/ptolemy/domains/de/test/auto/Records.xml
auto.tcl: Setting watchdog for 200 seconds at Sat Feb 16 05:03:04 UTC 2019
7 ms. Memory: 549376K Free: 534019K (97%)
ptolemy.util.test.WatchDog.cancel(): canceling Sat Feb 16 05:03:04 UTC 2019
auto.tcl: Setting watchdog for 200 seconds at Sat Feb 16 05:03:04 UTC 2019
2 ms. Memory: 549376K Free: 528751K (96%)
ptolemy.util.test.WatchDog.cancel(): canceling Sat Feb 16 05:03:04 UTC 2019
------------------ testing $PTII/ptolemy/domains/de/test/auto/ResetTransitionWithStartTime1.xml
auto.tcl: Setting watchdog for 200 seconds at Sat Feb 16 05:03:05 UTC 2019
7 ms. Memory: 551424K Free: 530809K (96%)
ptolemy.util.test.WatchDog.cancel(): canceling Sat Feb 16 05:03:05 UTC 2019
auto.tcl: Setting watchdog for 200 seconds at Sat Feb 16 05:03:05 UTC 2019
5 ms. Memory: 551424K Free: 530809K (96%)
ptolemy.util.test.WatchDog.cancel(): canceling Sat Feb 16 05:03:05 UTC 2019
------------------ testing $PTII/ptolemy/domains/de/test/auto/ResetTransitionWithStartTime2.xml
auto.tcl: Setting watchdog for 200 seconds at Sat Feb 16 05:03:05 UTC 2019
13 ms. Memory: 549376K Free: 528752K (96%)
ptolemy.util.test.WatchDog.cancel(): canceling Sat Feb 16 05:03:05 UTC 2019
auto.tcl: Setting watchdog for 200 seconds at Sat Feb 16 05:03:05 UTC 2019
6 ms. Memory: 549376K Free: 528752K (96%)
ptolemy.util.test.WatchDog.cancel(): canceling Sat Feb 16 05:03:05 UTC 2019
------------------ testing $PTII/ptolemy/domains/de/test/auto/ResetTransitionWithStartTime3.xml
auto.tcl: Setting watchdog for 200 seconds at Sat Feb 16 05:03:05 UTC 2019
7 ms. Memory: 550912K Free: 530295K (96%)
ptolemy.util.test.WatchDog.cancel(): canceling Sat Feb 16 05:03:05 UTC 2019
auto.tcl: Setting watchdog for 200 seconds at Sat Feb 16 05:03:05 UTC 2019
5 ms. Memory: 550912K Free: 530295K (96%)
ptolemy.util.test.WatchDog.cancel(): canceling Sat Feb 16 05:03:05 UTC 2019
------------------ testing $PTII/ptolemy/domains/de/test/auto/ResetTransitionWithStartTime4.xml
auto.tcl: Setting watchdog for 200 seconds at Sat Feb 16 05:03:05 UTC 2019
4 ms. Memory: 549376K Free: 528750K (96%)
ptolemy.util.test.WatchDog.cancel(): canceling Sat Feb 16 05:03:05 UTC 2019
auto.tcl: Setting watchdog for 200 seconds at Sat Feb 16 05:03:05 UTC 2019
4 ms. Memory: 549376K Free: 528750K (96%)
ptolemy.util.test.WatchDog.cancel(): canceling Sat Feb 16 05:03:05 UTC 2019
------------------ testing $PTII/ptolemy/domains/de/test/auto/ResettableTimer1.xml
auto.tcl: Setting watchdog for 200 seconds at Sat Feb 16 05:03:05 UTC 2019
6 ms. Memory: 550912K Free: 535564K (97%)
ptolemy.util.test.WatchDog.cancel(): canceling Sat Feb 16 05:03:05 UTC 2019
auto.tcl: Setting watchdog for 200 seconds at Sat Feb 16 05:03:05 UTC 2019
2 ms. Memory: 550912K Free: 535564K (97%)
ptolemy.util.test.WatchDog.cancel(): canceling Sat Feb 16 05:03:05 UTC 2019
------------------ testing $PTII/ptolemy/domains/de/test/auto/ResettableTimer2.xml
auto.tcl: Setting watchdog for 200 seconds at Sat Feb 16 05:03:05 UTC 2019
2 ms. Memory: 549376K Free: 534630K (97%)
ptolemy.util.test.WatchDog.cancel(): canceling Sat Feb 16 05:03:05 UTC 2019
auto.tcl: Setting watchdog for 200 seconds at Sat Feb 16 05:03:05 UTC 2019
2 ms. Memory: 549376K Free: 534630K (97%)
ptolemy.util.test.WatchDog.cancel(): canceling Sat Feb 16 05:03:05 UTC 2019
------------------ testing $PTII/ptolemy/domains/de/test/auto/ResettableTimer3.xml
auto.tcl: Setting watchdog for 200 seconds at Sat Feb 16 05:03:05 UTC 2019
1 ms. Memory: 550912K Free: 535623K (97%)
ptolemy.util.test.WatchDog.cancel(): canceling Sat Feb 16 05:03:05 UTC 2019
auto.tcl: Setting watchdog for 200 seconds at Sat Feb 16 05:03:05 UTC 2019
2 ms. Memory: 550912K Free: 535623K (97%)
ptolemy.util.test.WatchDog.cancel(): canceling Sat Feb 16 05:03:05 UTC 2019
------------------ testing $PTII/ptolemy/domains/de/test/auto/ResettableTimer4.xml
auto.tcl: Setting watchdog for 200 seconds at Sat Feb 16 05:03:05 UTC 2019
1 ms. Memory: 549376K Free: 534643K (97%)
ptolemy.util.test.WatchDog.cancel(): canceling Sat Feb 16 05:03:05 UTC 2019
auto.tcl: Setting watchdog for 200 seconds at Sat Feb 16 05:03:05 UTC 2019
1 ms. Memory: 549376K Free: 534643K (97%)
ptolemy.util.test.WatchDog.cancel(): canceling Sat Feb 16 05:03:05 UTC 2019
------------------ testing $PTII/ptolemy/domains/de/test/auto/ResettableTimer5.xml
auto.tcl: Setting watchdog for 200 seconds at Sat Feb 16 05:03:05 UTC 2019
4 ms. Memory: 550400K Free: 530985K (96%)
ptolemy.util.test.WatchDog.cancel(): canceling Sat Feb 16 05:03:05 UTC 2019
auto.tcl: Setting watchdog for 200 seconds at Sat Feb 16 05:03:05 UTC 2019
1 ms. Memory: 550400K Free: 530985K (96%)
ptolemy.util.test.WatchDog.cancel(): canceling Sat Feb 16 05:03:05 UTC 2019
------------------ testing $PTII/ptolemy/domains/de/test/auto/ResettableTimer6.xml
auto.tcl: Setting watchdog for 200 seconds at Sat Feb 16 05:03:05 UTC 2019
5 ms. Memory: 549376K Free: 529367K (96%)
ptolemy.util.test.WatchDog.cancel(): canceling Sat Feb 16 05:03:05 UTC 2019
auto.tcl: Setting watchdog for 200 seconds at Sat Feb 16 05:03:05 UTC 2019
2 ms. Memory: 549376K Free: 529367K (96%)
ptolemy.util.test.WatchDog.cancel(): canceling Sat Feb 16 05:03:05 UTC 2019
------------------ testing $PTII/ptolemy/domains/de/test/auto/ServerZeroDelay.xml
auto.tcl: Setting watchdog for 200 seconds at Sat Feb 16 05:03:05 UTC 2019
2 ms. Memory: 550400K Free: 535604K (97%)
ptolemy.util.test.WatchDog.cancel(): canceling Sat Feb 16 05:03:05 UTC 2019
auto.tcl: Setting watchdog for 200 seconds at Sat Feb 16 05:03:05 UTC 2019
3 ms. Memory: 550400K Free: 535604K (97%)
ptolemy.util.test.WatchDog.cancel(): canceling Sat Feb 16 05:03:05 UTC 2019
------------------ testing $PTII/ptolemy/domains/de/test/auto/SmartSender.xml
auto.tcl: Setting watchdog for 200 seconds at Sat Feb 16 05:03:05 UTC 2019
3002 ms. Memory: 549376K Free: 520536K (95%)
ptolemy.util.test.WatchDog.cancel(): canceling Sat Feb 16 05:03:08 UTC 2019
auto.tcl: Setting watchdog for 200 seconds at Sat Feb 16 05:03:08 UTC 2019
3002 ms. Memory: 549376K Free: 520536K (95%)
ptolemy.util.test.WatchDog.cancel(): canceling Sat Feb 16 05:03:11 UTC 2019
------------------ testing $PTII/ptolemy/domains/de/test/auto/ThreadedComposite.xml
auto.tcl: Setting watchdog for 200 seconds at Sat Feb 16 05:03:11 UTC 2019
193 ms. Memory: 550400K Free: 510471K (93%)
ptolemy.util.test.WatchDog.cancel(): canceling Sat Feb 16 05:03:12 UTC 2019
auto.tcl: Setting watchdog for 200 seconds at Sat Feb 16 05:03:12 UTC 2019
183 ms. Memory: 550400K Free: 491164K (89%)
ptolemy.util.test.WatchDog.cancel(): canceling Sat Feb 16 05:03:12 UTC 2019
------------------ testing $PTII/ptolemy/domains/de/test/auto/Time.xml
auto.tcl: Setting watchdog for 200 seconds at Sat Feb 16 05:03:12 UTC 2019
471 ms. Memory: 549376K Free: 486960K (89%)
ptolemy.util.test.WatchDog.cancel(): canceling Sat Feb 16 05:03:12 UTC 2019
auto.tcl: Setting watchdog for 200 seconds at Sat Feb 16 05:03:12 UTC 2019
442 ms. Memory: 549376K Free: 434283K (79%)
ptolemy.util.test.WatchDog.cancel(): canceling Sat Feb 16 05:03:13 UTC 2019
------------------ testing $PTII/ptolemy/domains/de/test/auto/TimeDelayZeroDelay.xml
auto.tcl: Setting watchdog for 200 seconds at Sat Feb 16 05:03:13 UTC 2019
2 ms. Memory: 550400K Free: 534978K (97%)
ptolemy.util.test.WatchDog.cancel(): canceling Sat Feb 16 05:03:13 UTC 2019
auto.tcl: Setting watchdog for 200 seconds at Sat Feb 16 05:03:13 UTC 2019
2 ms. Memory: 550400K Free: 534978K (97%)
ptolemy.util.test.WatchDog.cancel(): canceling Sat Feb 16 05:03:13 UTC 2019
------------------ testing $PTII/ptolemy/domains/de/test/auto/TimerZeroDelay.xml
auto.tcl: Setting watchdog for 200 seconds at Sat Feb 16 05:03:13 UTC 2019
4 ms. Memory: 549376K Free: 534541K (97%)
ptolemy.util.test.WatchDog.cancel(): canceling Sat Feb 16 05:03:13 UTC 2019
auto.tcl: Setting watchdog for 200 seconds at Sat Feb 16 05:03:13 UTC 2019
2 ms. Memory: 549376K Free: 534541K (97%)
ptolemy.util.test.WatchDog.cancel(): canceling Sat Feb 16 05:03:13 UTC 2019
------------------ testing $PTII/ptolemy/domains/de/test/auto/TimingParadox.xml
auto.tcl: Setting watchdog for 200 seconds at Sat Feb 16 05:03:13 UTC 2019
322 ms. Memory: 549888K Free: 470081K (85%)
ptolemy.util.test.WatchDog.cancel(): canceling Sat Feb 16 05:03:13 UTC 2019
auto.tcl: Setting watchdog for 200 seconds at Sat Feb 16 05:03:13 UTC 2019
314 ms. Memory: 549888K Free: 438475K (80%)
ptolemy.util.test.WatchDog.cancel(): canceling Sat Feb 16 05:03:14 UTC 2019
------------------ testing $PTII/ptolemy/domains/de/test/auto/TransferInputs.xml
auto.tcl: Setting watchdog for 200 seconds at Sat Feb 16 05:03:14 UTC 2019
1 ms. Memory: 549888K Free: 534015K (97%)
ptolemy.util.test.WatchDog.cancel(): canceling Sat Feb 16 05:03:14 UTC 2019
auto.tcl: Setting watchdog for 200 seconds at Sat Feb 16 05:03:14 UTC 2019
2 ms. Memory: 549888K Free: 534015K (97%)
ptolemy.util.test.WatchDog.cancel(): canceling Sat Feb 16 05:03:14 UTC 2019
------------------ testing $PTII/ptolemy/domains/de/test/auto/TransferOutputs2.xml
auto.tcl: Setting watchdog for 200 seconds at Sat Feb 16 05:03:14 UTC 2019
3 ms. Memory: 549376K Free: 529321K (96%)
ptolemy.util.test.WatchDog.cancel(): canceling Sat Feb 16 05:03:14 UTC 2019
auto.tcl: Setting watchdog for 200 seconds at Sat Feb 16 05:03:14 UTC 2019
2 ms. Memory: 549376K Free: 529321K (96%)
ptolemy.util.test.WatchDog.cancel(): canceling Sat Feb 16 05:03:14 UTC 2019
------------------ testing $PTII/ptolemy/domains/de/test/auto/Trilateration.xml
auto.tcl: Setting watchdog for 200 seconds at Sat Feb 16 05:03:14 UTC 2019
14703 ms. Memory: 766976K Free: 248969K (32%)
ptolemy.util.test.WatchDog.cancel(): canceling Sat Feb 16 05:03:29 UTC 2019
auto.tcl: Setting watchdog for 200 seconds at Sat Feb 16 05:03:29 UTC 2019
11831 ms. Memory: 646144K Free: 100434K (16%)
ptolemy.util.test.WatchDog.cancel(): canceling Sat Feb 16 05:03:41 UTC 2019
------------------ testing $PTII/ptolemy/domains/de/test/auto/TwoSigmaDelta.xml
auto.tcl: Setting watchdog for 200 seconds at Sat Feb 16 05:03:41 UTC 2019
2613 ms. Memory: 649728K Free: 341177K (53%)
ptolemy.util.test.WatchDog.cancel(): canceling Sat Feb 16 05:03:44 UTC 2019
auto.tcl: Setting watchdog for 200 seconds at Sat Feb 16 05:03:44 UTC 2019
2206 ms. Memory: 649728K Free: 95539K (15%)
ptolemy.util.test.WatchDog.cancel(): canceling Sat Feb 16 05:03:46 UTC 2019
------------------ testing $PTII/ptolemy/domains/de/test/auto/VariableDelay.xml
auto.tcl: Setting watchdog for 200 seconds at Sat Feb 16 05:03:46 UTC 2019
2 ms. Memory: 646656K Free: 627031K (97%)
ptolemy.util.test.WatchDog.cancel(): canceling Sat Feb 16 05:03:46 UTC 2019
auto.tcl: Setting watchdog for 200 seconds at Sat Feb 16 05:03:46 UTC 2019
2 ms. Memory: 646656K Free: 627031K (97%)
ptolemy.util.test.WatchDog.cancel(): canceling Sat Feb 16 05:03:46 UTC 2019
------------------ testing $PTII/ptolemy/domains/de/test/auto/VariableDelay2.xml
auto.tcl: Setting watchdog for 200 seconds at Sat Feb 16 05:03:46 UTC 2019
6 ms. Memory: 646144K Free: 627008K (97%)
ptolemy.util.test.WatchDog.cancel(): canceling Sat Feb 16 05:03:46 UTC 2019
auto.tcl: Setting watchdog for 200 seconds at Sat Feb 16 05:03:46 UTC 2019
1 ms. Memory: 646144K Free: 627008K (97%)
ptolemy.util.test.WatchDog.cancel(): canceling Sat Feb 16 05:03:46 UTC 2019
------------------ testing $PTII/ptolemy/domains/de/test/auto/VariableDelayZeroDelay.xml
auto.tcl: Setting watchdog for 200 seconds at Sat Feb 16 05:03:46 UTC 2019
2 ms. Memory: 646144K Free: 621360K (96%)
ptolemy.util.test.WatchDog.cancel(): canceling Sat Feb 16 05:03:46 UTC 2019
auto.tcl: Setting watchdog for 200 seconds at Sat Feb 16 05:03:46 UTC 2019
2 ms. Memory: 646144K Free: 621360K (96%)
ptolemy.util.test.WatchDog.cancel(): canceling Sat Feb 16 05:03:46 UTC 2019
------------------ testing $PTII/ptolemy/domains/de/test/auto/VariableDelayZeroDelay2.xml
auto.tcl: Setting watchdog for 200 seconds at Sat Feb 16 05:03:47 UTC 2019
5 ms. Memory: 649216K Free: 624430K (96%)
ptolemy.util.test.WatchDog.cancel(): canceling Sat Feb 16 05:03:47 UTC 2019
auto.tcl: Setting watchdog for 200 seconds at Sat Feb 16 05:03:47 UTC 2019
2 ms. Memory: 649216K Free: 624430K (96%)
ptolemy.util.test.WatchDog.cancel(): canceling Sat Feb 16 05:03:47 UTC 2019
------------------ testing $PTII/ptolemy/domains/de/test/auto/deInCt.xml
auto.tcl: Setting watchdog for 200 seconds at Sat Feb 16 05:03:47 UTC 2019
0
1
1
1
0
0
0
0
0
1
1
1
1
0
0
0
1
1
1
1
1
0
0
0
0
1
1
1
0
0
0
1
1
1
1
12 ms. Memory: 646144K Free: 621279K (96%)
ptolemy.util.test.WatchDog.cancel(): canceling Sat Feb 16 05:03:47 UTC 2019
auto.tcl: Setting watchdog for 200 seconds at Sat Feb 16 05:03:47 UTC 2019
0
1
1
1
1
0
0
0
1
1
1
0
0
0
1
1
1
1
0
0
0
1
1
1
0
0
1
1
1
1
0
0
0
0
0
4 ms. Memory: 646144K Free: 621279K (96%)
ptolemy.util.test.WatchDog.cancel(): canceling Sat Feb 16 05:03:47 UTC 2019
------------------ testing $PTII/ptolemy/domains/de/test/auto/deInCt2.xml
auto.tcl: Setting watchdog for 200 seconds at Sat Feb 16 05:03:47 UTC 2019
0
1
1
1
0
0
1
1
1
0
0
1
1
1
0
0
1
1
1
0
0
1
1
1
0
0
1
1
1
0
0
1
1
1
0
0
1
1
1
0
0
0
8 ms. Memory: 648704K Free: 623914K (96%)
ptolemy.util.test.WatchDog.cancel(): canceling Sat Feb 16 05:03:47 UTC 2019
auto.tcl: Setting watchdog for 200 seconds at Sat Feb 16 05:03:47 UTC 2019
0
1
1
1
0
0
1
1
1
0
0
1
1
1
0
0
1
1
1
0
0
1
1
1
0
0
1
1
1
0
0
1
1
1
0
0
1
1
1
0
0
0
5 ms. Memory: 648704K Free: 623914K (96%)
ptolemy.util.test.WatchDog.cancel(): canceling Sat Feb 16 05:03:47 UTC 2019
------------------ testing $PTII/ptolemy/domains/de/test/auto/dynamicCausalityInterface1.xml
auto.tcl: Setting watchdog for 200 seconds at Sat Feb 16 05:03:47 UTC 2019
2 ms. Memory: 646144K Free: 612799K (95%)
ptolemy.util.test.WatchDog.cancel(): canceling Sat Feb 16 05:03:47 UTC 2019
auto.tcl: Setting watchdog for 200 seconds at Sat Feb 16 05:03:47 UTC 2019
1 ms. Memory: 646144K Free: 612799K (95%)
ptolemy.util.test.WatchDog.cancel(): canceling Sat Feb 16 05:03:47 UTC 2019
------------------ testing $PTII/ptolemy/domains/de/test/auto/fsm_de_test.xml
auto.tcl: Setting watchdog for 200 seconds at Sat Feb 16 05:03:47 UTC 2019
6 ms. Memory: 648192K Free: 623292K (96%)
ptolemy.util.test.WatchDog.cancel(): canceling Sat Feb 16 05:03:47 UTC 2019
auto.tcl: Setting watchdog for 200 seconds at Sat Feb 16 05:03:47 UTC 2019
5 ms. Memory: 648192K Free: 614741K (95%)
ptolemy.util.test.WatchDog.cancel(): canceling Sat Feb 16 05:03:47 UTC 2019
------------------ testing $PTII/ptolemy/domains/de/test/auto/functionDependencyReconstruction.xml
auto.tcl: Setting watchdog for 200 seconds at Sat Feb 16 05:03:47 UTC 2019
3 ms. Memory: 646144K Free: 612700K (95%)
ptolemy.util.test.WatchDog.cancel(): canceling Sat Feb 16 05:03:47 UTC 2019
auto.tcl: Setting watchdog for 200 seconds at Sat Feb 16 05:03:47 UTC 2019
2 ms. Memory: 646144K Free: 612700K (95%)
ptolemy.util.test.WatchDog.cancel(): canceling Sat Feb 16 05:03:47 UTC 2019
------------------ testing $PTII/ptolemy/domains/de/test/auto/multirate.xml
auto.tcl: Setting watchdog for 200 seconds at Sat Feb 16 05:03:47 UTC 2019
2 ms. Memory: 648192K Free: 623083K (96%)
ptolemy.util.test.WatchDog.cancel(): canceling Sat Feb 16 05:03:47 UTC 2019
auto.tcl: Setting watchdog for 200 seconds at Sat Feb 16 05:03:47 UTC 2019
3 ms. Memory: 648192K Free: 623083K (96%)
ptolemy.util.test.WatchDog.cancel(): canceling Sat Feb 16 05:03:47 UTC 2019
------------------ testing $PTII/ptolemy/domains/de/test/auto/multirate2.xml
auto.tcl: Setting watchdog for 200 seconds at Sat Feb 16 05:03:47 UTC 2019
4 ms. Memory: 646144K Free: 621299K (96%)
ptolemy.util.test.WatchDog.cancel(): canceling Sat Feb 16 05:03:47 UTC 2019
auto.tcl: Setting watchdog for 200 seconds at Sat Feb 16 05:03:47 UTC 2019
3 ms. Memory: 646144K Free: 621299K (96%)
ptolemy.util.test.WatchDog.cancel(): canceling Sat Feb 16 05:03:47 UTC 2019
------------------ testing $PTII/ptolemy/domains/de/test/auto/realtime.xml
auto.tcl: Setting watchdog for 200 seconds at Sat Feb 16 05:03:47 UTC 2019
10001 ms. Memory: 647680K Free: 622757K (96%)
ptolemy.util.test.WatchDog.cancel(): canceling Sat Feb 16 05:03:57 UTC 2019
auto.tcl: Setting watchdog for 200 seconds at Sat Feb 16 05:03:57 UTC 2019
10001 ms. Memory: 647680K Free: 622757K (96%)
ptolemy.util.test.WatchDog.cancel(): canceling Sat Feb 16 05:04:07 UTC 2019
------------------ testing $PTII/ptolemy/domains/de/test/auto/relationGroup.xml
auto.tcl: Setting watchdog for 200 seconds at Sat Feb 16 05:04:07 UTC 2019
2 ms. Memory: 646144K Free: 626970K (97%)
ptolemy.util.test.WatchDog.cancel(): canceling Sat Feb 16 05:04:07 UTC 2019
auto.tcl: Setting watchdog for 200 seconds at Sat Feb 16 05:04:07 UTC 2019
2 ms. Memory: 646144K Free: 626970K (97%)
ptolemy.util.test.WatchDog.cancel(): canceling Sat Feb 16 05:04:07 UTC 2019
------------------ testing $PTII/ptolemy/domains/de/test/auto/relationGroup2.xml
auto.tcl: Setting watchdog for 200 seconds at Sat Feb 16 05:04:07 UTC 2019
1 ms. Memory: 647680K Free: 622886K (96%)
ptolemy.util.test.WatchDog.cancel(): canceling Sat Feb 16 05:04:07 UTC 2019
auto.tcl: Setting watchdog for 200 seconds at Sat Feb 16 05:04:07 UTC 2019
1 ms. Memory: 647680K Free: 622886K (96%)
ptolemy.util.test.WatchDog.cancel(): canceling Sat Feb 16 05:04:07 UTC 2019
------------------ testing $PTII/ptolemy/domains/de/test/auto/sortWithOpaquePorts.xml
auto.tcl: Setting watchdog for 200 seconds at Sat Feb 16 05:04:07 UTC 2019
2 ms. Memory: 646144K Free: 621350K (96%)
ptolemy.util.test.WatchDog.cancel(): canceling Sat Feb 16 05:04:07 UTC 2019
auto.tcl: Setting watchdog for 200 seconds at Sat Feb 16 05:04:07 UTC 2019
2 ms. Memory: 646144K Free: 621350K (96%)
ptolemy.util.test.WatchDog.cancel(): canceling Sat Feb 16 05:04:07 UTC 2019
------------------ testing $PTII/ptolemy/domains/de/test/auto/transferInputsandOutputs.xml
auto.tcl: Setting watchdog for 200 seconds at Sat Feb 16 05:04:07 UTC 2019
2 ms. Memory: 647168K Free: 622362K (96%)
ptolemy.util.test.WatchDog.cancel(): canceling Sat Feb 16 05:04:07 UTC 2019
auto.tcl: Setting watchdog for 200 seconds at Sat Feb 16 05:04:07 UTC 2019
2 ms. Memory: 647168K Free: 622362K (96%)
ptolemy.util.test.WatchDog.cancel(): canceling Sat Feb 16 05:04:07 UTC 2019
------------------ testing $PTII/ptolemy/domains/de/test/auto/triggerType.xml
auto.tcl: Setting watchdog for 200 seconds at Sat Feb 16 05:04:07 UTC 2019
1 ms. Memory: 646144K Free: 621288K (96%)
ptolemy.util.test.WatchDog.cancel(): canceling Sat Feb 16 05:04:07 UTC 2019
auto.tcl: Setting watchdog for 200 seconds at Sat Feb 16 05:04:07 UTC 2019
2 ms. Memory: 646144K Free: 621288K (96%)
ptolemy.util.test.WatchDog.cancel(): canceling Sat Feb 16 05:04:07 UTC 2019
02/16/19 05:04:07
Failed: 0  Total Tests: 192  ((Passed: 187, Newly Passed: 1)  Known Failed: 5) /home/travis/build/icyphy/ptII/ptolemy/domains/de/test
02/16/19 05:04:07
Failed: 0  Total Tests: 192  ((Passed: 187, Newly Passed: 1)  Known Failed: 5) /home/travis/build/icyphy/ptII/ptolemy/domains/de/test
----------------- testing (KnownFailure) /home/travis/build/icyphy/ptII/ptolemy/domains/de/test/auto/knownFailedTests/DESDFClockTest.xml
2012 ms. Memory: 647168K Free: 610995K (94%)
Known Failure: java.lang.reflect.InvocationTargetException
----------------- testing (KnownFailure) /home/travis/build/icyphy/ptII/ptolemy/domains/de/test/auto/knownFailedTests/DirectFeedback.xml
1 ms. Memory: 647168K Free: 565816K (87%)
Known Failure: java.lang.reflect.InvocationTargetException
----------------- testing (KnownFailure) /home/travis/build/icyphy/ptII/ptolemy/domains/de/test/auto/knownFailedTests/FSMSource.xml
10 ms. Memory: 647168K Free: 520637K (80%)
----------------- testing (KnownFailure) /home/travis/build/icyphy/ptII/ptolemy/domains/de/test/auto/knownFailedTests/HierarchicalModel.xml
3 ms. Memory: 647168K Free: 486736K (75%)
Known Failure: java.lang.reflect.InvocationTargetException
----------------- testing (KnownFailure) /home/travis/build/icyphy/ptII/ptolemy/domains/de/test/auto/knownFailedTests/dependencyLoop.xml
2 ms. Memory: 647168K Free: 430246K (66%)
Known Failure: java.lang.reflect.InvocationTargetException
----------------- testing (KnownFailure) /home/travis/build/icyphy/ptII/ptolemy/domains/de/test/auto/knownFailedTests/dependencyLoop2.xml
5 ms. Memory: 647168K Free: 373757K (58%)
Known Failure: java.lang.reflect.InvocationTargetException
No auto/linux-amd64/*.xml tests in /home/travis/build/icyphy/ptII/ptolemy/domains/de/test
AutoTests.java: About to close Vertx.
AutoTests.java: Vertx closed.

===========================================================================================
----------------- testing Sat Feb 16 05:04:10 UTC 2019 /home/travis/build/icyphy/ptII/ptolemy/domains/de/test/auto/ActorDepthCalculation_actorWithoutPorts.xml
----------------- Instantiating /home/travis/build/icyphy/ptII/ptolemy/domains/de/test/auto/ActorDepthCalculation_actorWithoutPorts.xml
2 ms. Memory: 647168K Free: 317283K (49%)
----------------- Invoking toplevel() on ptolemy.moml.MoMLSimpleApplication@5ca884bb
----------------- Done invoking toplevel() on ptolemy.moml.MoMLSimpleApplication@5ca884bb
reloadAllAccessors: .ActorDepthCalculation_actorWithoutPorts

===========================================================================================
----------------- testing Sat Feb 16 05:04:10 UTC 2019 /home/travis/build/icyphy/ptII/ptolemy/domains/de/test/auto/AssemblyLine.xml
----------------- Instantiating /home/travis/build/icyphy/ptII/ptolemy/domains/de/test/auto/AssemblyLine.xml
2 ms. Memory: 647168K Free: 294693K (46%)
----------------- Invoking toplevel() on ptolemy.moml.MoMLSimpleApplication@76a74948
----------------- Done invoking toplevel() on ptolemy.moml.MoMLSimpleApplication@76a74948
reloadAllAccessors: .AssemblyLine

===========================================================================================
----------------- testing Sat Feb 16 05:04:10 UTC 2019 /home/travis/build/icyphy/ptII/ptolemy/domains/de/test/auto/CQBug1.xml
----------------- Instantiating /home/travis/build/icyphy/ptII/ptolemy/domains/de/test/auto/CQBug1.xml
0 ms. Memory: 647168K Free: 272104K (42%)
----------------- Invoking toplevel() on ptolemy.moml.MoMLSimpleApplication@a1601e8
----------------- Done invoking toplevel() on ptolemy.moml.MoMLSimpleApplication@a1601e8
reloadAllAccessors: .CQBug1

===========================================================================================
----------------- testing Sat Feb 16 05:04:10 UTC 2019 /home/travis/build/icyphy/ptII/ptolemy/domains/de/test/auto/CancelFireAt.xml
----------------- Instantiating /home/travis/build/icyphy/ptII/ptolemy/domains/de/test/auto/CancelFireAt.xml
1 ms. Memory: 647168K Free: 249514K (39%)
----------------- Invoking toplevel() on ptolemy.moml.MoMLSimpleApplication@6eada20
----------------- Done invoking toplevel() on ptolemy.moml.MoMLSimpleApplication@6eada20
reloadAllAccessors: .CancelFireAt

===========================================================================================
----------------- testing Sat Feb 16 05:04:10 UTC 2019 /home/travis/build/icyphy/ptII/ptolemy/domains/de/test/auto/CausalityAndComposabilityAnalysis.xml
----------------- Instantiating /home/travis/build/icyphy/ptII/ptolemy/domains/de/test/auto/CausalityAndComposabilityAnalysis.xml
2 ms. Memory: 647168K Free: 226925K (35%)
----------------- Invoking toplevel() on ptolemy.moml.MoMLSimpleApplication@6f0db993
----------------- Done invoking toplevel() on ptolemy.moml.MoMLSimpleApplication@6f0db993
reloadAllAccessors: .CausalityAndComposabilityAnalysis

===========================================================================================
----------------- testing Sat Feb 16 05:04:10 UTC 2019 /home/travis/build/icyphy/ptII/ptolemy/domains/de/test/auto/CausalityInterface1.xml
----------------- Instantiating /home/travis/build/icyphy/ptII/ptolemy/domains/de/test/auto/CausalityInterface1.xml
5 ms. Memory: 647168K Free: 204335K (32%)
----------------- Invoking toplevel() on ptolemy.moml.MoMLSimpleApplication@274ebfe
----------------- Done invoking toplevel() on ptolemy.moml.MoMLSimpleApplication@274ebfe
reloadAllAccessors: .CausalityInterface1

===========================================================================================
----------------- testing Sat Feb 16 05:04:10 UTC 2019 /home/travis/build/icyphy/ptII/ptolemy/domains/de/test/auto/CausalityInterface15.xml
----------------- Instantiating /home/travis/build/icyphy/ptII/ptolemy/domains/de/test/auto/CausalityInterface15.xml
1 ms. Memory: 647168K Free: 181746K (28%)
----------------- Invoking toplevel() on ptolemy.moml.MoMLSimpleApplication@3f3089b9
----------------- Done invoking toplevel() on ptolemy.moml.MoMLSimpleApplication@3f3089b9
reloadAllAccessors: .CausalityInterface15

[...]
java.lang.RuntimeException: Execution failed
	at ptolemy.moml.MoMLSimpleApplication$UnloadThread.run(MoMLSimpleApplication.java:402)
Caused by: ptolemy.kernel.util.IllegalActionException: Test fails in iteration 1.
Value was: 1.0. Should have been: 2.0
  in .DirectFeedback.Test
	at ptolemy.actor.lib.Test.fire(Test.java:268)
	at ptolemy.domains.de.kernel.DEDirector._fire(DEDirector.java:1949)
	at ptolemy.domains.de.kernel.DEDirector.fire(DEDirector.java:502)
	at ptolemy.actor.CompositeActor.fire(CompositeActor.java:455)
	at ptolemy.actor.Manager.iterate(Manager.java:851)
	at ptolemy.actor.Manager.execute(Manager.java:369)
	at ptolemy.actor.Manager.run(Manager.java:1263)
	at ptolemy.actor.Manager$PtolemyRunThread.run(Manager.java:1915)
java.lang.RuntimeException: Execution failed
	at ptolemy.moml.MoMLSimpleApplication$UnloadThread.run(MoMLSimpleApplication.java:402)
Caused by: ptolemy.kernel.util.IllegalActionException: Actor is not ready to fire.  Perhaps UpSample.prefire() returned false? Try debugging the actor by selecting "Listen to Actor".  Also, for SDF check moml for tokenConsumptionRate on input.
  in .DESDFClockTest.Play Bell.Copy1:SDF Director and .DESDFClockTest.Play Bell.UpSample
	at ptolemy.actor.sched.StaticSchedulingDirector.fire(StaticSchedulingDirector.java:227)
	at ptolemy.domains.sdf.kernel.SDFDirector.fire(SDFDirector.java:500)
	at ptolemy.actor.CompositeActor.fire(CompositeActor.java:455)
	at ptolemy.domains.de.kernel.DEDirector._fire(DEDirector.java:1949)
	at ptolemy.domains.de.kernel.DEDirector.fire(DEDirector.java:502)
	at ptolemy.actor.CompositeActor.fire(CompositeActor.java:455)
	at ptolemy.actor.Manager.iterate(Manager.java:851)
	at ptolemy.actor.Manager.execute(Manager.java:369)
	at ptolemy.actor.Manager.run(Manager.java:1263)
	at ptolemy.actor.Manager$PtolemyRunThread.run(Manager.java:1915)
java.lang.reflect.InvocationTargetException
	at sun.reflect.NativeConstructorAccessorImpl.newInstance0(Native Method)
	at sun.reflect.NativeConstructorAccessorImpl.newInstance(NativeConstructorAccessorImpl.java:62)
	at sun.reflect.DelegatingConstructorAccessorImpl.newInstance(DelegatingConstructorAccessorImpl.java:45)
	at java.lang.reflect.Constructor.newInstance(Constructor.java:423)
	at ptolemy.util.test.junit.AutoKnownFailedTests.RunModel(AutoKnownFailedTests.java:105)
	at sun.reflect.NativeMethodAccessorImpl.invoke0(Native Method)
	at sun.reflect.NativeMethodAccessorImpl.invoke(NativeMethodAccessorImpl.java:62)
	at sun.reflect.DelegatingMethodAccessorImpl.invoke(DelegatingMethodAccessorImpl.java:43)
	at java.lang.reflect.Method.invoke(Method.java:498)
	at org.junit.runners.model.FrameworkMethod$1.runReflectiveCall(FrameworkMethod.java:44)
	at org.junit.internal.runners.model.ReflectiveCallable.run(ReflectiveCallable.java:15)
	at org.junit.runners.model.FrameworkMethod.invokeExplosively(FrameworkMethod.java:41)
	at junitparams.internal.InvokeParameterisedMethod.evaluate(InvokeParameterisedMethod.java:102)
	at org.junit.internal.runners.statements.FailOnTimeout$1.run(FailOnTimeout.java:28)
Caused by: ptolemy.kernel.util.IllegalActionException: Actor is not ready to fire.  Perhaps UpSample.prefire() returned false? Try debugging the actor by selecting "Listen to Actor".  Also, for SDF check moml for tokenConsumptionRate on input.
  in .DESDFClockTest.Play Bell.Copy1:SDF Director and .DESDFClockTest.Play Bell.UpSample
	at ptolemy.actor.sched.StaticSchedulingDirector.fire(StaticSchedulingDirector.java:227)
	at ptolemy.domains.sdf.kernel.SDFDirector.fire(SDFDirector.java:500)
	at ptolemy.actor.CompositeActor.fire(CompositeActor.java:455)
	at ptolemy.domains.de.kernel.DEDirector._fire(DEDirector.java:1949)
	at ptolemy.domains.de.kernel.DEDirector.fire(DEDirector.java:502)
	at ptolemy.actor.CompositeActor.fire(CompositeActor.java:455)
	at ptolemy.actor.Manager.iterate(Manager.java:851)
	at ptolemy.actor.Manager.execute(Manager.java:369)
	at ptolemy.actor.Manager.run(Manager.java:1263)
	at ptolemy.actor.Manager$PtolemyRunThread.run(Manager.java:1915)
java.lang.RuntimeException: Execution failed
	at ptolemy.moml.MoMLSimpleApplication$UnloadThread.run(MoMLSimpleApplication.java:402)
Caused by: ptolemy.kernel.util.IllegalActionException: Test fails in iteration 1.
Value was: 1.0. Should have been: 2.0
  in .DirectFeedback.Test
	at ptolemy.actor.lib.Test.fire(Test.java:268)
	at ptolemy.domains.de.kernel.DEDirector._fire(DEDirector.java:1949)
	at ptolemy.domains.de.kernel.DEDirector.fire(DEDirector.java:502)
	at ptolemy.actor.CompositeActor.fire(CompositeActor.java:455)
	at ptolemy.actor.Manager.iterate(Manager.java:851)
	at ptolemy.actor.Manager.execute(Manager.java:369)
	at ptolemy.actor.Manager.run(Manager.java:1263)
	at ptolemy.actor.Manager$PtolemyRunThread.run(Manager.java:1915)
java.lang.reflect.InvocationTargetException
	at sun.reflect.NativeConstructorAccessorImpl.newInstance0(Native Method)
	at sun.reflect.NativeConstructorAccessorImpl.newInstance(NativeConstructorAccessorImpl.java:62)
	at sun.reflect.DelegatingConstructorAccessorImpl.newInstance(DelegatingConstructorAccessorImpl.java:45)
	at java.lang.reflect.Constructor.newInstance(Constructor.java:423)
	at ptolemy.util.test.junit.AutoKnownFailedTests.RunModel(AutoKnownFailedTests.java:105)
	at sun.reflect.NativeMethodAccessorImpl.invoke0(Native Method)
	at sun.reflect.NativeMethodAccessorImpl.invoke(NativeMethodAccessorImpl.java:62)
	at sun.reflect.DelegatingMethodAccessorImpl.invoke(DelegatingMethodAccessorImpl.java:43)
	at java.lang.reflect.Method.invoke(Method.java:498)
	at org.junit.runners.model.FrameworkMethod$1.runReflectiveCall(FrameworkMethod.java:44)
	at org.junit.internal.runners.model.ReflectiveCallable.run(ReflectiveCallable.java:15)
	at org.junit.runners.model.FrameworkMethod.invokeExplosively(FrameworkMethod.java:41)
	at junitparams.internal.InvokeParameterisedMethod.evaluate(InvokeParameterisedMethod.java:102)
	at org.junit.internal.runners.statements.FailOnTimeout$1.run(FailOnTimeout.java:28)
Caused by: ptolemy.kernel.util.IllegalActionException: Test fails in iteration 1.
Value was: 1.0. Should have been: 2.0
  in .DirectFeedback.Test
	at ptolemy.actor.lib.Test.fire(Test.java:268)
	at ptolemy.domains.de.kernel.DEDirector._fire(DEDirector.java:1949)
	at ptolemy.domains.de.kernel.DEDirector.fire(DEDirector.java:502)
	at ptolemy.actor.CompositeActor.fire(CompositeActor.java:455)
	at ptolemy.actor.Manager.iterate(Manager.java:851)
	at ptolemy.actor.Manager.execute(Manager.java:369)
	at ptolemy.actor.Manager.run(Manager.java:1263)
	at ptolemy.actor.Manager$PtolemyRunThread.run(Manager.java:1915)
java.lang.RuntimeException: Execution failed
	at ptolemy.moml.MoMLSimpleApplication$UnloadThread.run(MoMLSimpleApplication.java:402)
Caused by: ptolemy.kernel.util.IllegalActionException: Found a zero delay loop containing .HierarchicalModel.A
  in .HierarchicalModel and .HierarchicalModel.A
	at ptolemy.actor.util.CausalityInterfaceForComposites._computeOutputPortDepth(CausalityInterfaceForComposites.java:759)
	at ptolemy.actor.util.CausalityInterfaceForComposites._computeInputDepth(CausalityInterfaceForComposites.java:696)
	at ptolemy.actor.util.CausalityInterfaceForComposites._computeOutputPortDepth(CausalityInterfaceForComposites.java:765)
	at ptolemy.actor.util.CausalityInterfaceForComposites._computeInputDepth(CausalityInterfaceForComposites.java:696)
	at ptolemy.actor.util.CausalityInterfaceForComposites._computeOutputPortDepth(CausalityInterfaceForComposites.java:765)
	at ptolemy.actor.util.CausalityInterfaceForComposites._computeInputDepth(CausalityInterfaceForComposites.java:696)
	at ptolemy.actor.util.CausalityInterfaceForComposites._computeActorDepth(CausalityInterfaceForComposites.java:532)
	at ptolemy.actor.util.CausalityInterfaceForComposites.checkForCycles(CausalityInterfaceForComposites.java:96)
	at ptolemy.domains.de.kernel.DEDirector.preinitialize(DEDirector.java:1338)
	at ptolemy.actor.CompositeActor.preinitialize(CompositeActor.java:1828)
	at ptolemy.actor.Manager.preinitializeAndResolveTypes(Manager.java:1040)
	at ptolemy.actor.Manager.initialize(Manager.java:710)
	at ptolemy.actor.Manager.execute(Manager.java:356)
	at ptolemy.actor.Manager.run(Manager.java:1263)
	at ptolemy.actor.Manager$PtolemyRunThread.run(Manager.java:1915)
java.lang.reflect.InvocationTargetException
	at sun.reflect.NativeConstructorAccessorImpl.newInstance0(Native Method)
	at sun.reflect.NativeConstructorAccessorImpl.newInstance(NativeConstructorAccessorImpl.java:62)
	at sun.reflect.DelegatingConstructorAccessorImpl.newInstance(DelegatingConstructorAccessorImpl.java:45)
	at java.lang.reflect.Constructor.newInstance(Constructor.java:423)
	at ptolemy.util.test.junit.AutoKnownFailedTests.RunModel(AutoKnownFailedTests.java:105)
	at sun.reflect.NativeMethodAccessorImpl.invoke0(Native Method)
	at sun.reflect.NativeMethodAccessorImpl.invoke(NativeMethodAccessorImpl.java:62)
	at sun.reflect.DelegatingMethodAccessorImpl.invoke(DelegatingMethodAccessorImpl.java:43)
	at java.lang.reflect.Method.invoke(Method.java:498)
	at org.junit.runners.model.FrameworkMethod$1.runReflectiveCall(FrameworkMethod.java:44)
	at org.junit.internal.runners.model.ReflectiveCallable.run(ReflectiveCallable.java:15)
	at org.junit.runners.model.FrameworkMethod.invokeExplosively(FrameworkMethod.java:41)
	at junitparams.internal.InvokeParameterisedMethod.evaluate(InvokeParameterisedMethod.java:102)
	at org.junit.internal.runners.statements.FailOnTimeout$1.run(FailOnTimeout.java:28)
Caused by: ptolemy.kernel.util.IllegalActionException: Found a zero delay loop containing .HierarchicalModel.A
  in .HierarchicalModel and .HierarchicalModel.A
	at ptolemy.actor.util.CausalityInterfaceForComposites._computeOutputPortDepth(CausalityInterfaceForComposites.java:759)
	at ptolemy.actor.util.CausalityInterfaceForComposites._computeInputDepth(CausalityInterfaceForComposites.java:696)
	at ptolemy.actor.util.CausalityInterfaceForComposites._computeOutputPortDepth(CausalityInterfaceForComposites.java:765)
	at ptolemy.actor.util.CausalityInterfaceForComposites._computeInputDepth(CausalityInterfaceForComposites.java:696)
	at ptolemy.actor.util.CausalityInterfaceForComposites._computeOutputPortDepth(CausalityInterfaceForComposites.java:765)
	at ptolemy.actor.util.CausalityInterfaceForComposites._computeInputDepth(CausalityInterfaceForComposites.java:696)
	at ptolemy.actor.util.CausalityInterfaceForComposites._computeActorDepth(CausalityInterfaceForComposites.java:532)
	at ptolemy.actor.util.CausalityInterfaceForComposites.checkForCycles(CausalityInterfaceForComposites.java:96)
	at ptolemy.domains.de.kernel.DEDirector.preinitialize(DEDirector.java:1338)
	at ptolemy.actor.CompositeActor.preinitialize(CompositeActor.java:1828)
	at ptolemy.actor.Manager.preinitializeAndResolveTypes(Manager.java:1040)
	at ptolemy.actor.Manager.initialize(Manager.java:710)
	at ptolemy.actor.Manager.execute(Manager.java:356)
	at ptolemy.actor.Manager.run(Manager.java:1263)
	at ptolemy.actor.Manager$PtolemyRunThread.run(Manager.java:1915)
java.lang.RuntimeException: Execution failed
	at ptolemy.moml.MoMLSimpleApplication$UnloadThread.run(MoMLSimpleApplication.java:402)
Caused by: ptolemy.kernel.util.IllegalActionException: Found a zero delay loop containing .dependencyLoop.original
  in .dependencyLoop and .dependencyLoop.original
	at ptolemy.actor.util.CausalityInterfaceForComposites._computeOutputPortDepth(CausalityInterfaceForComposites.java:759)
	at ptolemy.actor.util.CausalityInterfaceForComposites._computeInputDepth(CausalityInterfaceForComposites.java:696)
	at ptolemy.actor.util.CausalityInterfaceForComposites._computeOutputPortDepth(CausalityInterfaceForComposites.java:765)
	at ptolemy.actor.util.CausalityInterfaceForComposites._computeInputDepth(CausalityInterfaceForComposites.java:696)
	at ptolemy.actor.util.CausalityInterfaceForComposites._computeOutputPortDepth(CausalityInterfaceForComposites.java:765)
	at ptolemy.actor.util.CausalityInterfaceForComposites._computeInputDepth(CausalityInterfaceForComposites.java:696)
	at ptolemy.actor.util.CausalityInterfaceForComposites._computeActorDepth(CausalityInterfaceForComposites.java:532)
	at ptolemy.actor.util.CausalityInterfaceForComposites.checkForCycles(CausalityInterfaceForComposites.java:96)
	at ptolemy.domains.de.kernel.DEDirector.preinitialize(DEDirector.java:1338)
	at ptolemy.actor.CompositeActor.preinitialize(CompositeActor.java:1828)
	at ptolemy.actor.Manager.preinitializeAndResolveTypes(Manager.java:1040)
	at ptolemy.actor.Manager.initialize(Manager.java:710)
	at ptolemy.actor.Manager.execute(Manager.java:356)
	at ptolemy.actor.Manager.run(Manager.java:1263)
	at ptolemy.actor.Manager$PtolemyRunThread.run(Manager.java:1915)
java.lang.reflect.InvocationTargetException
	at sun.reflect.NativeConstructorAccessorImpl.newInstance0(Native Method)
	at sun.reflect.NativeConstructorAccessorImpl.newInstance(NativeConstructorAccessorImpl.java:62)
	at sun.reflect.DelegatingConstructorAccessorImpl.newInstance(DelegatingConstructorAccessorImpl.java:45)
	at java.lang.reflect.Constructor.newInstance(Constructor.java:423)
	at ptolemy.util.test.junit.AutoKnownFailedTests.RunModel(AutoKnownFailedTests.java:105)
	at sun.reflect.NativeMethodAccessorImpl.invoke0(Native Method)
	at sun.reflect.NativeMethodAccessorImpl.invoke(NativeMethodAccessorImpl.java:62)
	at sun.reflect.DelegatingMethodAccessorImpl.invoke(DelegatingMethodAccessorImpl.java:43)
	at java.lang.reflect.Method.invoke(Method.java:498)
	at org.junit.runners.model.FrameworkMethod$1.runReflectiveCall(FrameworkMethod.java:44)
	at org.junit.internal.runners.model.ReflectiveCallable.run(ReflectiveCallable.java:15)
	at org.junit.runners.model.FrameworkMethod.invokeExplosively(FrameworkMethod.java:41)
	at junitparams.internal.InvokeParameterisedMethod.evaluate(InvokeParameterisedMethod.java:102)
	at org.junit.internal.runners.statements.FailOnTimeout$1.run(FailOnTimeout.java:28)
Caused by: ptolemy.kernel.util.IllegalActionException: Found a zero delay loop containing .dependencyLoop.original
  in .dependencyLoop and .dependencyLoop.original
	at ptolemy.actor.util.CausalityInterfaceForComposites._computeOutputPortDepth(CausalityInterfaceForComposites.java:759)
	at ptolemy.actor.util.CausalityInterfaceForComposites._computeInputDepth(CausalityInterfaceForComposites.java:696)
	at ptolemy.actor.util.CausalityInterfaceForComposites._computeOutputPortDepth(CausalityInterfaceForComposites.java:765)
	at ptolemy.actor.util.CausalityInterfaceForComposites._computeInputDepth(CausalityInterfaceForComposites.java:696)
	at ptolemy.actor.util.CausalityInterfaceForComposites._computeOutputPortDepth(CausalityInterfaceForComposites.java:765)
	at ptolemy.actor.util.CausalityInterfaceForComposites._computeInputDepth(CausalityInterfaceForComposites.java:696)
	at ptolemy.actor.util.CausalityInterfaceForComposites._computeActorDepth(CausalityInterfaceForComposites.java:532)
	at ptolemy.actor.util.CausalityInterfaceForComposites.checkForCycles(CausalityInterfaceForComposites.java:96)
	at ptolemy.domains.de.kernel.DEDirector.preinitialize(DEDirector.java:1338)
	at ptolemy.actor.CompositeActor.preinitialize(CompositeActor.java:1828)
	at ptolemy.actor.Manager.preinitializeAndResolveTypes(Manager.java:1040)
	at ptolemy.actor.Manager.initialize(Manager.java:710)
	at ptolemy.actor.Manager.execute(Manager.java:356)
	at ptolemy.actor.Manager.run(Manager.java:1263)
	at ptolemy.actor.Manager$PtolemyRunThread.run(Manager.java:1915)
java.lang.RuntimeException: Execution failed
	at ptolemy.moml.MoMLSimpleApplication$UnloadThread.run(MoMLSimpleApplication.java:402)
Caused by: ptolemy.kernel.util.IllegalActionException: Found a zero delay loop containing .dependencyLoop2.original
  in .dependencyLoop2 and .dependencyLoop2.original
	at ptolemy.actor.util.CausalityInterfaceForComposites._computeOutputPortDepth(CausalityInterfaceForComposites.java:759)
	at ptolemy.actor.util.CausalityInterfaceForComposites._computeInputDepth(CausalityInterfaceForComposites.java:696)
	at ptolemy.actor.util.CausalityInterfaceForComposites._computeOutputPortDepth(CausalityInterfaceForComposites.java:765)
	at ptolemy.actor.util.CausalityInterfaceForComposites._computeInputDepth(CausalityInterfaceForComposites.java:696)
	at ptolemy.actor.util.CausalityInterfaceForComposites._computeOutputPortDepth(CausalityInterfaceForComposites.java:765)
	at ptolemy.actor.util.CausalityInterfaceForComposites._computeInputDepth(CausalityInterfaceForComposites.java:696)
	at ptolemy.actor.util.CausalityInterfaceForComposites._computeActorDepth(CausalityInterfaceForComposites.java:532)
	at ptolemy.actor.util.CausalityInterfaceForComposites.checkForCycles(CausalityInterfaceForComposites.java:96)
	at ptolemy.domains.de.kernel.DEDirector.preinitialize(DEDirector.java:1338)
	at ptolemy.actor.CompositeActor.preinitialize(CompositeActor.java:1828)
	at ptolemy.actor.Manager.preinitializeAndResolveTypes(Manager.java:1040)
	at ptolemy.actor.Manager.initialize(Manager.java:710)
	at ptolemy.actor.Manager.execute(Manager.java:356)
	at ptolemy.actor.Manager.run(Manager.java:1263)
	at ptolemy.actor.Manager$PtolemyRunThread.run(Manager.java:1915)
java.lang.reflect.InvocationTargetException
	at sun.reflect.NativeConstructorAccessorImpl.newInstance0(Native Method)
	at sun.reflect.NativeConstructorAccessorImpl.newInstance(NativeConstructorAccessorImpl.java:62)
	at sun.reflect.DelegatingConstructorAccessorImpl.newInstance(DelegatingConstructorAccessorImpl.java:45)
	at java.lang.reflect.Constructor.newInstance(Constructor.java:423)
	at ptolemy.util.test.junit.AutoKnownFailedTests.RunModel(AutoKnownFailedTests.java:105)
	at sun.reflect.NativeMethodAccessorImpl.invoke0(Native Method)
	at sun.reflect.NativeMethodAccessorImpl.invoke(NativeMethodAccessorImpl.java:62)
	at sun.reflect.DelegatingMethodAccessorImpl.invoke(DelegatingMethodAccessorImpl.java:43)
	at java.lang.reflect.Method.invoke(Method.java:498)
	at org.junit.runners.model.FrameworkMethod$1.runReflectiveCall(FrameworkMethod.java:44)
	at org.junit.internal.runners.model.ReflectiveCallable.run(ReflectiveCallable.java:15)
	at org.junit.runners.model.FrameworkMethod.invokeExplosively(FrameworkMethod.java:41)
	at junitparams.internal.InvokeParameterisedMethod.evaluate(InvokeParameterisedMethod.java:102)
	at org.junit.internal.runners.statements.FailOnTimeout$1.run(FailOnTimeout.java:28)
Caused by: ptolemy.kernel.util.IllegalActionException: Found a zero delay loop containing .dependencyLoop2.original
  in .dependencyLoop2 and .dependencyLoop2.original
	at ptolemy.actor.util.CausalityInterfaceForComposites._computeOutputPortDepth(CausalityInterfaceForComposites.java:759)
	at ptolemy.actor.util.CausalityInterfaceForComposites._computeInputDepth(CausalityInterfaceForComposites.java:696)
	at ptolemy.actor.util.CausalityInterfaceForComposites._computeOutputPortDepth(CausalityInterfaceForComposites.java:765)
	at ptolemy.actor.util.CausalityInterfaceForComposites._computeInputDepth(CausalityInterfaceForComposites.java:696)
	at ptolemy.actor.util.CausalityInterfaceForComposites._computeOutputPortDepth(CausalityInterfaceForComposites.java:765)
	at ptolemy.actor.util.CausalityInterfaceForComposites._computeInputDepth(CausalityInterfaceForComposites.java:696)
	at ptolemy.actor.util.CausalityInterfaceForComposites._computeActorDepth(CausalityInterfaceForComposites.java:532)
	at ptolemy.actor.util.CausalityInterfaceForComposites.checkForCycles(CausalityInterfaceForComposites.java:96)
	at ptolemy.domains.de.kernel.DEDirector.preinitialize(DEDirector.java:1338)
	at ptolemy.actor.CompositeActor.preinitialize(CompositeActor.java:1828)
	at ptolemy.actor.Manager.preinitializeAndResolveTypes(Manager.java:1040)
	at ptolemy.actor.Manager.initialize(Manager.java:710)
	at ptolemy.actor.Manager.execute(Manager.java:356)
	at ptolemy.actor.Manager.run(Manager.java:1263)
	at ptolemy.actor.Manager$PtolemyRunThread.run(Manager.java:1915)
]]></system-err>
</testsuite>
