<?xml version="1.0" encoding="UTF-8" ?>
<testsuite errors="0" failures="0" hostname="travis-job-0751026d-61e8-4f7a-96e7-0e68d4f2ff77" name="ptolemy.actor.lib.hoc.test.junit.JUnitTclTest" skipped="0" tests="58" time="24.131" timestamp="2018-06-24T01:29:58">
  <properties>
[...]
</properties>
  <testcase classname="ptolemy.util.test.junit.TclTests" name="[0] /home/travis/build/icyphy/ptII/ptolemy/actor/lib/hoc/test/IterateOverArray.tcl (RunTclFile)" time="0.251" />
  <testcase classname="ptolemy.util.test.junit.AutoKnownFailedTests" name="[0] /home/travis/build/icyphy/ptII/ptolemy/actor/lib/hoc/test/auto/knownFailedTests/PreinitializeMustBeInvokedRunComposite.xml (RunModel)" time="0.257" />
  <testcase classname="ptolemy.util.test.junit.AutoNameArchTests" name="[0] ThereAreNoAutoArchTests (RunModel)" time="0.001" />
  <testcase classname="ptolemy.util.test.junit.AutoTests" name="[0] /home/travis/build/icyphy/ptII/ptolemy/actor/lib/hoc/test/auto/AllToAllMultiInstanceComposite.xml (RunModel)" time="0.294" />
  <testcase classname="ptolemy.util.test.junit.AutoTests" name="[1] /home/travis/build/icyphy/ptII/ptolemy/actor/lib/hoc/test/auto/ApplyFFTTest.xml (RunModel)" time="0.248" />
  <testcase classname="ptolemy.util.test.junit.AutoTests" name="[2] /home/travis/build/icyphy/ptII/ptolemy/actor/lib/hoc/test/auto/ApplyFunction.xml (RunModel)" time="0.028" />
  <testcase classname="ptolemy.util.test.junit.AutoTests" name="[3] /home/travis/build/icyphy/ptII/ptolemy/actor/lib/hoc/test/auto/BackgroundExecution.xml (RunModel)" time="0.71" />
  <testcase classname="ptolemy.util.test.junit.AutoTests" name="[4] /home/travis/build/icyphy/ptII/ptolemy/actor/lib/hoc/test/auto/Case.xml (RunModel)" time="0.065" />
  <testcase classname="ptolemy.util.test.junit.AutoTests" name="[5] /home/travis/build/icyphy/ptII/ptolemy/actor/lib/hoc/test/auto/Case1.xml (RunModel)" time="0.083" />
  <testcase classname="ptolemy.util.test.junit.AutoTests" name="[6] /home/travis/build/icyphy/ptII/ptolemy/actor/lib/hoc/test/auto/Case2.xml (RunModel)" time="0.136" />
  <testcase classname="ptolemy.util.test.junit.AutoTests" name="[7] /home/travis/build/icyphy/ptII/ptolemy/actor/lib/hoc/test/auto/Case3.xml (RunModel)" time="0.055" />
  <testcase classname="ptolemy.util.test.junit.AutoTests" name="[8] /home/travis/build/icyphy/ptII/ptolemy/actor/lib/hoc/test/auto/Case4.xml (RunModel)" time="0.062" />
  <testcase classname="ptolemy.util.test.junit.AutoTests" name="[9] /home/travis/build/icyphy/ptII/ptolemy/actor/lib/hoc/test/auto/Case5.xml (RunModel)" time="0.086" />
  <testcase classname="ptolemy.util.test.junit.AutoTests" name="[10] /home/travis/build/icyphy/ptII/ptolemy/actor/lib/hoc/test/auto/Case6.xml (RunModel)" time="0.137" />
  <testcase classname="ptolemy.util.test.junit.AutoTests" name="[11] /home/travis/build/icyphy/ptII/ptolemy/actor/lib/hoc/test/auto/CaseString2.xml (RunModel)" time="0.051" />
  <testcase classname="ptolemy.util.test.junit.AutoTests" name="[12] /home/travis/build/icyphy/ptII/ptolemy/actor/lib/hoc/test/auto/CatchUpComposite1.xml (RunModel)" time="0.075" />
  <testcase classname="ptolemy.util.test.junit.AutoTests" name="[13] /home/travis/build/icyphy/ptII/ptolemy/actor/lib/hoc/test/auto/CatchUpComposite2.xml (RunModel)" time="0.063" />
  <testcase classname="ptolemy.util.test.junit.AutoTests" name="[14] /home/travis/build/icyphy/ptII/ptolemy/actor/lib/hoc/test/auto/CatchUpComposite3.xml (RunModel)" time="0.051" />
  <testcase classname="ptolemy.util.test.junit.AutoTests" name="[15] /home/travis/build/icyphy/ptII/ptolemy/actor/lib/hoc/test/auto/CatchUpComposite4.xml (RunModel)" time="0.05" />
  <testcase classname="ptolemy.util.test.junit.AutoTests" name="[16] /home/travis/build/icyphy/ptII/ptolemy/actor/lib/hoc/test/auto/CatchUpComposite5.xml (RunModel)" time="0.046" />
  <testcase classname="ptolemy.util.test.junit.AutoTests" name="[17] /home/travis/build/icyphy/ptII/ptolemy/actor/lib/hoc/test/auto/CatchUpComposite6.xml (RunModel)" time="0.143" />
  <testcase classname="ptolemy.util.test.junit.AutoTests" name="[18] /home/travis/build/icyphy/ptII/ptolemy/actor/lib/hoc/test/auto/CatchUpComposite7.xml (RunModel)" time="0.113" />
  <testcase classname="ptolemy.util.test.junit.AutoTests" name="[19] /home/travis/build/icyphy/ptII/ptolemy/actor/lib/hoc/test/auto/ConcurrentExecutionTimeSDF.xml (RunModel)" time="1.22" />
  <testcase classname="ptolemy.util.test.junit.AutoTests" name="[20] /home/travis/build/icyphy/ptII/ptolemy/actor/lib/hoc/test/auto/ConcurrentSleep.xml (RunModel)" time="0.782" />
  <testcase classname="ptolemy.util.test.junit.AutoTests" name="[21] /home/travis/build/icyphy/ptII/ptolemy/actor/lib/hoc/test/auto/DEInPNInRunCompositeActor.xml (RunModel)" time="0.03" />
  <testcase classname="ptolemy.util.test.junit.AutoTests" name="[22] /home/travis/build/icyphy/ptII/ptolemy/actor/lib/hoc/test/auto/DFTSubSetTest.xml (RunModel)" time="0.286" />
  <testcase classname="ptolemy.util.test.junit.AutoTests" name="[23] /home/travis/build/icyphy/ptII/ptolemy/actor/lib/hoc/test/auto/HocDE.xml (RunModel)" time="0.184" />
  <testcase classname="ptolemy.util.test.junit.AutoTests" name="[24] /home/travis/build/icyphy/ptII/ptolemy/actor/lib/hoc/test/auto/IterateOverArray.xml (RunModel)" time="0.034" />
  <testcase classname="ptolemy.util.test.junit.AutoTests" name="[25] /home/travis/build/icyphy/ptII/ptolemy/actor/lib/hoc/test/auto/IterateOverArray10.xml (RunModel)" time="0.021" />
  <testcase classname="ptolemy.util.test.junit.AutoTests" name="[26] /home/travis/build/icyphy/ptII/ptolemy/actor/lib/hoc/test/auto/IterateOverArray11.xml (RunModel)" time="0.018" />
  <testcase classname="ptolemy.util.test.junit.AutoTests" name="[27] /home/travis/build/icyphy/ptII/ptolemy/actor/lib/hoc/test/auto/IterateOverArray12.xml (RunModel)" time="0.029" />
  <testcase classname="ptolemy.util.test.junit.AutoTests" name="[28] /home/travis/build/icyphy/ptII/ptolemy/actor/lib/hoc/test/auto/IterateOverArray13.xml (RunModel)" time="0.163" />
  <testcase classname="ptolemy.util.test.junit.AutoTests" name="[29] /home/travis/build/icyphy/ptII/ptolemy/actor/lib/hoc/test/auto/IterateOverArray14.xml (RunModel)" time="0.152" />
  <testcase classname="ptolemy.util.test.junit.AutoTests" name="[30] /home/travis/build/icyphy/ptII/ptolemy/actor/lib/hoc/test/auto/IterateOverArray2.xml (RunModel)" time="0.024" />
  <testcase classname="ptolemy.util.test.junit.AutoTests" name="[31] /home/travis/build/icyphy/ptII/ptolemy/actor/lib/hoc/test/auto/IterateOverArray3.xml (RunModel)" time="0.044" />
  <testcase classname="ptolemy.util.test.junit.AutoTests" name="[32] /home/travis/build/icyphy/ptII/ptolemy/actor/lib/hoc/test/auto/IterateOverArray4.xml (RunModel)" time="0.023" />
  <testcase classname="ptolemy.util.test.junit.AutoTests" name="[33] /home/travis/build/icyphy/ptII/ptolemy/actor/lib/hoc/test/auto/IterateOverArray5.xml (RunModel)" time="0.022" />
  <testcase classname="ptolemy.util.test.junit.AutoTests" name="[34] /home/travis/build/icyphy/ptII/ptolemy/actor/lib/hoc/test/auto/IterateOverArray6.xml (RunModel)" time="0.014" />
  <testcase classname="ptolemy.util.test.junit.AutoTests" name="[35] /home/travis/build/icyphy/ptII/ptolemy/actor/lib/hoc/test/auto/IterateOverArray7.xml (RunModel)" time="0.021" />
  <testcase classname="ptolemy.util.test.junit.AutoTests" name="[36] /home/travis/build/icyphy/ptII/ptolemy/actor/lib/hoc/test/auto/IterateOverArray8.xml (RunModel)" time="0.028" />
  <testcase classname="ptolemy.util.test.junit.AutoTests" name="[37] /home/travis/build/icyphy/ptII/ptolemy/actor/lib/hoc/test/auto/IterateOverArray9.xml (RunModel)" time="0.024" />
  <testcase classname="ptolemy.util.test.junit.AutoTests" name="[38] /home/travis/build/icyphy/ptII/ptolemy/actor/lib/hoc/test/auto/IterateOverArrayCoercedOutputType.xml (RunModel)" time="0.032" />
  <testcase classname="ptolemy.util.test.junit.AutoTests" name="[39] /home/travis/build/icyphy/ptII/ptolemy/actor/lib/hoc/test/auto/IterateOverArrayInferredOutputType.xml (RunModel)" time="0.043" />
  <testcase classname="ptolemy.util.test.junit.AutoTests" name="[40] /home/travis/build/icyphy/ptII/ptolemy/actor/lib/hoc/test/auto/MobileFunctionTest.xml (RunModel)" time="0.027" />
  <testcase classname="ptolemy.util.test.junit.AutoTests" name="[41] /home/travis/build/icyphy/ptII/ptolemy/actor/lib/hoc/test/auto/MobileModelTest.xml (RunModel)" time="0.104" />
  <testcase classname="ptolemy.util.test.junit.AutoTests" name="[42] /home/travis/build/icyphy/ptII/ptolemy/actor/lib/hoc/test/auto/ModelReference.xml (RunModel)" time="0.085" />
  <testcase classname="ptolemy.util.test.junit.AutoTests" name="[43] /home/travis/build/icyphy/ptII/ptolemy/actor/lib/hoc/test/auto/ModelReference3.xml (RunModel)" time="0.074" />
  <testcase classname="ptolemy.util.test.junit.AutoTests" name="[44] /home/travis/build/icyphy/ptII/ptolemy/actor/lib/hoc/test/auto/ModelReference4.xml (RunModel)" time="10.049" />
  <testcase classname="ptolemy.util.test.junit.AutoTests" name="[45] /home/travis/build/icyphy/ptII/ptolemy/actor/lib/hoc/test/auto/MultiInstanceComposite.xml (RunModel)" time="0.044" />
  <testcase classname="ptolemy.util.test.junit.AutoTests" name="[46] /home/travis/build/icyphy/ptII/ptolemy/actor/lib/hoc/test/auto/MultiInstanceComposite2.xml (RunModel)" time="0.046" />
  <testcase classname="ptolemy.util.test.junit.AutoTests" name="[47] /home/travis/build/icyphy/ptII/ptolemy/actor/lib/hoc/test/auto/MulticoreExecution.xml (RunModel)" time="1.095" />
  <testcase classname="ptolemy.util.test.junit.AutoTests" name="[48] /home/travis/build/icyphy/ptII/ptolemy/actor/lib/hoc/test/auto/ParallelExecution.xml (RunModel)" time="0.943" />
  <testcase classname="ptolemy.util.test.junit.AutoTests" name="[49] /home/travis/build/icyphy/ptII/ptolemy/actor/lib/hoc/test/auto/RunCompositeActor.xml (RunModel)" time="0.031" />
  <testcase classname="ptolemy.util.test.junit.AutoTests" name="[50] /home/travis/build/icyphy/ptII/ptolemy/actor/lib/hoc/test/auto/RunCompositeActor2.xml (RunModel)" time="0.029" />
  <testcase classname="ptolemy.util.test.junit.AutoTests" name="[51] /home/travis/build/icyphy/ptII/ptolemy/actor/lib/hoc/test/auto/RunCompositeActor3.xml (RunModel)" time="0.02" />
  <testcase classname="ptolemy.util.test.junit.AutoTests" name="[52] /home/travis/build/icyphy/ptII/ptolemy/actor/lib/hoc/test/auto/RunCompositeActor4.xml (RunModel)" time="0.02" />
  <testcase classname="ptolemy.util.test.junit.AutoTests" name="[53] /home/travis/build/icyphy/ptII/ptolemy/actor/lib/hoc/test/auto/RunCompositeIterateOverArray.xml (RunModel)" time="0.024" />
  <testcase classname="ptolemy.util.test.junit.AutoTests" name="[54] /home/travis/build/icyphy/ptII/ptolemy/actor/lib/hoc/test/auto/ThreadedJS.xml (RunModel)" time="4.896" />
  <system-out><![CDATA[/home/travis/build/icyphy/ptII/ptolemy/actor/lib/hoc/test/IterateOverArray.tcl
testDefs.tcl: setting time out to 9000 seconds at Sun Jun 24 01:29:58 UTC 2018
06/24/18 01:29:59
Failed: 0  Total Tests: 2  ((Passed: 2, Newly Passed: 0)  Known Failed: 0) /home/travis/build/icyphy/ptII/ptolemy/actor/lib/hoc/test
----------------- testing (KnownFailure) /home/travis/build/icyphy/ptII/ptolemy/actor/lib/hoc/test/auto/knownFailedTests/PreinitializeMustBeInvokedRunComposite.xml
39 ms. Memory: 116224K Free: 103733K (89%)
Known Failure: java.lang.reflect.InvocationTargetException
No auto/linux-amd64/*.xml tests in /home/travis/build/icyphy/ptII/ptolemy/actor/lib/hoc/test
AutoTests.java: About to close Vertx.
AutoTests.java: Vertx closed.

===========================================================================================
----------------- testing Sun Jun 24 01:29:59 UTC 2018 /home/travis/build/icyphy/ptII/ptolemy/actor/lib/hoc/test/auto/AllToAllMultiInstanceComposite.xml
----------------- Instantiating /home/travis/build/icyphy/ptII/ptolemy/actor/lib/hoc/test/auto/AllToAllMultiInstanceComposite.xml
104 ms. Memory: 146944K Free: 109185K (74%)
----------------- Invoking toplevel() on ptolemy.moml.MoMLSimpleApplication@81a876e
----------------- Done invoking toplevel() on ptolemy.moml.MoMLSimpleApplication@81a876e
reloadAllAccessors: .AllToAllMultiInstanceComposite

===========================================================================================
----------------- testing Sun Jun 24 01:30:00 UTC 2018 /home/travis/build/icyphy/ptII/ptolemy/actor/lib/hoc/test/auto/ApplyFFTTest.xml
----------------- Instantiating /home/travis/build/icyphy/ptII/ptolemy/actor/lib/hoc/test/auto/ApplyFFTTest.xml
101 ms. Memory: 146944K Free: 89178K (61%)
----------------- Invoking toplevel() on ptolemy.moml.MoMLSimpleApplication@61a58bbf
----------------- Done invoking toplevel() on ptolemy.moml.MoMLSimpleApplication@61a58bbf
reloadAllAccessors: .ApplyFFTTest

===========================================================================================
----------------- testing Sun Jun 24 01:30:00 UTC 2018 /home/travis/build/icyphy/ptII/ptolemy/actor/lib/hoc/test/auto/ApplyFunction.xml
----------------- Instantiating /home/travis/build/icyphy/ptII/ptolemy/actor/lib/hoc/test/auto/ApplyFunction.xml
4 ms. Memory: 146944K Free: 84410K (57%)
----------------- Invoking toplevel() on ptolemy.moml.MoMLSimpleApplication@4f9584b1
----------------- Done invoking toplevel() on ptolemy.moml.MoMLSimpleApplication@4f9584b1
reloadAllAccessors: .ApplyFunction

===========================================================================================
----------------- testing Sun Jun 24 01:30:00 UTC 2018 /home/travis/build/icyphy/ptII/ptolemy/actor/lib/hoc/test/auto/BackgroundExecution.xml
----------------- Instantiating /home/travis/build/icyphy/ptII/ptolemy/actor/lib/hoc/test/auto/BackgroundExecution.xml
642 ms. Memory: 146944K Free: 137249K (93%)
----------------- Invoking toplevel() on ptolemy.moml.MoMLSimpleApplication@57742167
----------------- Done invoking toplevel() on ptolemy.moml.MoMLSimpleApplication@57742167
reloadAllAccessors: .BackgroundExecution

===========================================================================================
----------------- testing Sun Jun 24 01:30:01 UTC 2018 /home/travis/build/icyphy/ptII/ptolemy/actor/lib/hoc/test/auto/Case.xml
----------------- Instantiating /home/travis/build/icyphy/ptII/ptolemy/actor/lib/hoc/test/auto/Case.xml
25 ms. Memory: 146944K Free: 128927K (88%)
----------------- Invoking toplevel() on ptolemy.moml.MoMLSimpleApplication@17de9116
----------------- Done invoking toplevel() on ptolemy.moml.MoMLSimpleApplication@17de9116
reloadAllAccessors: .Case

===========================================================================================
----------------- testing Sun Jun 24 01:30:01 UTC 2018 /home/travis/build/icyphy/ptII/ptolemy/actor/lib/hoc/test/auto/Case1.xml
----------------- Instantiating /home/travis/build/icyphy/ptII/ptolemy/actor/lib/hoc/test/auto/Case1.xml
26 ms. Memory: 146944K Free: 121795K (83%)
----------------- Invoking toplevel() on ptolemy.moml.MoMLSimpleApplication@29c1e754
----------------- Done invoking toplevel() on ptolemy.moml.MoMLSimpleApplication@29c1e754
reloadAllAccessors: .Case1

===========================================================================================
----------------- testing Sun Jun 24 01:30:01 UTC 2018 /home/travis/build/icyphy/ptII/ptolemy/actor/lib/hoc/test/auto/Case2.xml
----------------- Instantiating /home/travis/build/icyphy/ptII/ptolemy/actor/lib/hoc/test/auto/Case2.xml
64 ms. Memory: 146944K Free: 110164K (75%)
----------------- Invoking toplevel() on ptolemy.moml.MoMLSimpleApplication@5482cdbd
----------------- Done invoking toplevel() on ptolemy.moml.MoMLSimpleApplication@5482cdbd
reloadAllAccessors: .Case2

===========================================================================================
----------------- testing Sun Jun 24 01:30:01 UTC 2018 /home/travis/build/icyphy/ptII/ptolemy/actor/lib/hoc/test/auto/Case3.xml
----------------- Instantiating /home/travis/build/icyphy/ptII/ptolemy/actor/lib/hoc/test/auto/Case3.xml
18 ms. Memory: 146944K Free: 103441K (70%)
----------------- Invoking toplevel() on ptolemy.moml.MoMLSimpleApplication@68870215
----------------- Done invoking toplevel() on ptolemy.moml.MoMLSimpleApplication@68870215
reloadAllAccessors: .Case3

===========================================================================================
----------------- testing Sun Jun 24 01:30:01 UTC 2018 /home/travis/build/icyphy/ptII/ptolemy/actor/lib/hoc/test/auto/Case4.xml
----------------- Instantiating /home/travis/build/icyphy/ptII/ptolemy/actor/lib/hoc/test/auto/Case4.xml
15 ms. Memory: 146944K Free: 94333K (64%)
----------------- Invoking toplevel() on ptolemy.moml.MoMLSimpleApplication@50c4b756
----------------- Done invoking toplevel() on ptolemy.moml.MoMLSimpleApplication@50c4b756
reloadAllAccessors: .Case4

===========================================================================================
----------------- testing Sun Jun 24 01:30:01 UTC 2018 /home/travis/build/icyphy/ptII/ptolemy/actor/lib/hoc/test/auto/Case5.xml
----------------- Instantiating /home/travis/build/icyphy/ptII/ptolemy/actor/lib/hoc/test/auto/Case5.xml
48 ms. Memory: 146944K Free: 87225K (59%)
----------------- Invoking toplevel() on ptolemy.moml.MoMLSimpleApplication@42195402
----------------- Done invoking toplevel() on ptolemy.moml.MoMLSimpleApplication@42195402
reloadAllAccessors: .junk

===========================================================================================
----------------- testing Sun Jun 24 01:30:01 UTC 2018 /home/travis/build/icyphy/ptII/ptolemy/actor/lib/hoc/test/auto/Case6.xml
----------------- Instantiating /home/travis/build/icyphy/ptII/ptolemy/actor/lib/hoc/test/auto/Case6.xml
52 ms. Memory: 208384K Free: 196504K (94%)
----------------- Invoking toplevel() on ptolemy.moml.MoMLSimpleApplication@21f24b45
----------------- Done invoking toplevel() on ptolemy.moml.MoMLSimpleApplication@21f24b45
reloadAllAccessors: .Case6

===========================================================================================
----------------- testing Sun Jun 24 01:30:01 UTC 2018 /home/travis/build/icyphy/ptII/ptolemy/actor/lib/hoc/test/auto/CaseString2.xml
----------------- Instantiating /home/travis/build/icyphy/ptII/ptolemy/actor/lib/hoc/test/auto/CaseString2.xml
18 ms. Memory: 208384K Free: 186916K (90%)
----------------- Invoking toplevel() on ptolemy.moml.MoMLSimpleApplication@3db219d1
----------------- Done invoking toplevel() on ptolemy.moml.MoMLSimpleApplication@3db219d1
reloadAllAccessors: .CaseString2

===========================================================================================
----------------- testing Sun Jun 24 01:30:01 UTC 2018 /home/travis/build/icyphy/ptII/ptolemy/actor/lib/hoc/test/auto/CatchUpComposite1.xml
----------------- Instantiating /home/travis/build/icyphy/ptII/ptolemy/actor/lib/hoc/test/auto/CatchUpComposite1.xml
22 ms. Memory: 208384K Free: 176973K (85%)
----------------- Invoking toplevel() on ptolemy.moml.MoMLSimpleApplication@95d9264
----------------- Done invoking toplevel() on ptolemy.moml.MoMLSimpleApplication@95d9264
reloadAllAccessors: .CatchUpComposite1

===========================================================================================
----------------- testing Sun Jun 24 01:30:01 UTC 2018 /home/travis/build/icyphy/ptII/ptolemy/actor/lib/hoc/test/auto/CatchUpComposite2.xml
----------------- Instantiating /home/travis/build/icyphy/ptII/ptolemy/actor/lib/hoc/test/auto/CatchUpComposite2.xml
15 ms. Memory: 208384K Free: 167126K (80%)
----------------- Invoking toplevel() on ptolemy.moml.MoMLSimpleApplication@4dacf4ff
----------------- Done invoking toplevel() on ptolemy.moml.MoMLSimpleApplication@4dacf4ff
reloadAllAccessors: .CatchUpComposite2

===========================================================================================
----------------- testing Sun Jun 24 01:30:01 UTC 2018 /home/travis/build/icyphy/ptII/ptolemy/actor/lib/hoc/test/auto/CatchUpComposite3.xml
----------------- Instantiating /home/travis/build/icyphy/ptII/ptolemy/actor/lib/hoc/test/auto/CatchUpComposite3.xml
11 ms. Memory: 208384K Free: 156342K (75%)
----------------- Invoking toplevel() on ptolemy.moml.MoMLSimpleApplication@e7f7c1b
----------------- Done invoking toplevel() on ptolemy.moml.MoMLSimpleApplication@e7f7c1b
reloadAllAccessors: .CatchUpComposite3

===========================================================================================
----------------- testing Sun Jun 24 01:30:01 UTC 2018 /home/travis/build/icyphy/ptII/ptolemy/actor/lib/hoc/test/auto/CatchUpComposite4.xml
----------------- Instantiating /home/travis/build/icyphy/ptII/ptolemy/actor/lib/hoc/test/auto/CatchUpComposite4.xml
18 ms. Memory: 208384K Free: 147125K (71%)
----------------- Invoking toplevel() on ptolemy.moml.MoMLSimpleApplication@13a7a264
----------------- Done invoking toplevel() on ptolemy.moml.MoMLSimpleApplication@13a7a264
reloadAllAccessors: .CatchUpComposite4

===========================================================================================
----------------- testing Sun Jun 24 01:30:01 UTC 2018 /home/travis/build/icyphy/ptII/ptolemy/actor/lib/hoc/test/auto/CatchUpComposite5.xml
----------------- Instantiating /home/travis/build/icyphy/ptII/ptolemy/actor/lib/hoc/test/auto/CatchUpComposite5.xml
10 ms. Memory: 208384K Free: 138507K (66%)
----------------- Invoking toplevel() on ptolemy.moml.MoMLSimpleApplication@2c8ecd20
----------------- Done invoking toplevel() on ptolemy.moml.MoMLSimpleApplication@2c8ecd20
reloadAllAccessors: .CatchUpComposite5

===========================================================================================
----------------- testing Sun Jun 24 01:30:02 UTC 2018 /home/travis/build/icyphy/ptII/ptolemy/actor/lib/hoc/test/auto/CatchUpComposite6.xml
----------------- Instantiating /home/travis/build/icyphy/ptII/ptolemy/actor/lib/hoc/test/auto/CatchUpComposite6.xml
WARNING: The execution aspects in this model can influence the timing of actors by delaying the 
execution, potentially changing the behavior. There is no guarantee that actors fire at the 
time they request to be fired. 
Use Ptides for deterministic DE behavior that is not influenced by execution aspects. 

71 ms. Memory: 208384K Free: 119622K (57%)
----------------- Invoking toplevel() on ptolemy.moml.MoMLSimpleApplication@13b25c13
----------------- Done invoking toplevel() on ptolemy.moml.MoMLSimpleApplication@13b25c13
reloadAllAccessors: .CatchUpComposite6

===========================================================================================
----------------- testing Sun Jun 24 01:30:02 UTC 2018 /home/travis/build/icyphy/ptII/ptolemy/actor/lib/hoc/test/auto/CatchUpComposite7.xml
----------------- Instantiating /home/travis/build/icyphy/ptII/ptolemy/actor/lib/hoc/test/auto/CatchUpComposite7.xml
WARNING: The execution aspects in this model can influence the timing of actors by delaying the 
execution, potentially changing the behavior. There is no guarantee that actors fire at the 
time they request to be fired. 
Use Ptides for deterministic DE behavior that is not influenced by execution aspects. 

52 ms. Memory: 208384K Free: 102332K (49%)
----------------- Invoking toplevel() on ptolemy.moml.MoMLSimpleApplication@556a299a
----------------- Done invoking toplevel() on ptolemy.moml.MoMLSimpleApplication@556a299a
reloadAllAccessors: .CatchUpComposite7

===========================================================================================
----------------- testing Sun Jun 24 01:30:02 UTC 2018 /home/travis/build/icyphy/ptII/ptolemy/actor/lib/hoc/test/auto/ConcurrentExecutionTimeSDF.xml
----------------- Instantiating /home/travis/build/icyphy/ptII/ptolemy/actor/lib/hoc/test/auto/ConcurrentExecutionTimeSDF.xml
Fired ExecutionTime: 40400000
Fired ExecutionTime: 40400000
Fired ExecutionTime: 40400000
Fired ExecutionTime: 40400000
Fired ExecutionTime: 40400000
Fired ExecutionTime: 40400000
Fired ExecutionTime: 40400000
Fired ExecutionTime: 40400000
Fired ExecutionTime: 40400000
Fired ExecutionTime: 40400000
Fired ExecutionTime: 40400000
Fired ExecutionTime: 40400000
Fired ExecutionTime: 40400000
Fired ExecutionTime: 40400000
Fired ExecutionTime: 40400000
Fired ExecutionTime: 40400000
Fired ExecutionTime: 40400000
Fired ExecutionTime: 40400000
Fired ExecutionTime: 40400000
Fired ExecutionTime: 40400000
1189 ms. Memory: 208384K Free: 93715K (45%)
----------------- Invoking toplevel() on ptolemy.moml.MoMLSimpleApplication@18907ea5
----------------- Done invoking toplevel() on ptolemy.moml.MoMLSimpleApplication@18907ea5
reloadAllAccessors: .ConcurrentExecutionTimeSDF

===========================================================================================
----------------- testing Sun Jun 24 01:30:03 UTC 2018 /home/travis/build/icyphy/ptII/ptolemy/actor/lib/hoc/test/auto/ConcurrentSleep.xml
----------------- Instantiating /home/travis/build/icyphy/ptII/ptolemy/actor/lib/hoc/test/auto/ConcurrentSleep.xml
747 ms. Memory: 208384K Free: 200537K (96%)
----------------- Invoking toplevel() on ptolemy.moml.MoMLSimpleApplication@1e26a495
----------------- Done invoking toplevel() on ptolemy.moml.MoMLSimpleApplication@1e26a495
reloadAllAccessors: .ConcurrentSleep

===========================================================================================
----------------- testing Sun Jun 24 01:30:04 UTC 2018 /home/travis/build/icyphy/ptII/ptolemy/actor/lib/hoc/test/auto/DEInPNInRunCompositeActor.xml
----------------- Instantiating /home/travis/build/icyphy/ptII/ptolemy/actor/lib/hoc/test/auto/DEInPNInRunCompositeActor.xml
10 ms. Memory: 208384K Free: 193078K (93%)
----------------- Invoking toplevel() on ptolemy.moml.MoMLSimpleApplication@2362c1bb
----------------- Done invoking toplevel() on ptolemy.moml.MoMLSimpleApplication@2362c1bb
reloadAllAccessors: .DEInPNInRunCompositeActor

===========================================================================================
----------------- testing Sun Jun 24 01:30:04 UTC 2018 /home/travis/build/icyphy/ptII/ptolemy/actor/lib/hoc/test/auto/DFTSubSetTest.xml
----------------- Instantiating /home/travis/build/icyphy/ptII/ptolemy/actor/lib/hoc/test/auto/DFTSubSetTest.xml
165 ms. Memory: 208384K Free: 145846K (70%)
----------------- Invoking toplevel() on ptolemy.moml.MoMLSimpleApplication@14385e9a
----------------- Done invoking toplevel() on ptolemy.moml.MoMLSimpleApplication@14385e9a
reloadAllAccessors: .DFTSubSetTest

===========================================================================================
----------------- testing Sun Jun 24 01:30:04 UTC 2018 /home/travis/build/icyphy/ptII/ptolemy/actor/lib/hoc/test/auto/HocDE.xml
----------------- Instantiating /home/travis/build/icyphy/ptII/ptolemy/actor/lib/hoc/test/auto/HocDE.xml
141 ms. Memory: 208384K Free: 118430K (57%)
----------------- Invoking toplevel() on ptolemy.moml.MoMLSimpleApplication@7a0d62df
----------------- Done invoking toplevel() on ptolemy.moml.MoMLSimpleApplication@7a0d62df
reloadAllAccessors: .HocDE

===========================================================================================
----------------- testing Sun Jun 24 01:30:04 UTC 2018 /home/travis/build/icyphy/ptII/ptolemy/actor/lib/hoc/test/auto/IterateOverArray.xml
----------------- Instantiating /home/travis/build/icyphy/ptII/ptolemy/actor/lib/hoc/test/auto/IterateOverArray.xml
10 ms. Memory: 208384K Free: 114006K (55%)
----------------- Invoking toplevel() on ptolemy.moml.MoMLSimpleApplication@48fec18e
----------------- Done invoking toplevel() on ptolemy.moml.MoMLSimpleApplication@48fec18e
reloadAllAccessors: .IterateOverArray

===========================================================================================
----------------- testing Sun Jun 24 01:30:04 UTC 2018 /home/travis/build/icyphy/ptII/ptolemy/actor/lib/hoc/test/auto/IterateOverArray10.xml
----------------- Instantiating /home/travis/build/icyphy/ptII/ptolemy/actor/lib/hoc/test/auto/IterateOverArray10.xml
2 ms. Memory: 208384K Free: 109900K (53%)
----------------- Invoking toplevel() on ptolemy.moml.MoMLSimpleApplication@330d86de
----------------- Done invoking toplevel() on ptolemy.moml.MoMLSimpleApplication@330d86de
reloadAllAccessors: .IterateOverArray10

===========================================================================================
----------------- testing Sun Jun 24 01:30:04 UTC 2018 /home/travis/build/icyphy/ptII/ptolemy/actor/lib/hoc/test/auto/IterateOverArray11.xml
----------------- Instantiating /home/travis/build/icyphy/ptII/ptolemy/actor/lib/hoc/test/auto/IterateOverArray11.xml
3 ms. Memory: 208384K Free: 105476K (51%)
----------------- Invoking toplevel() on ptolemy.moml.MoMLSimpleApplication@43bbd728
----------------- Done invoking toplevel() on ptolemy.moml.MoMLSimpleApplication@43bbd728
reloadAllAccessors: .IterateOverArray11

===========================================================================================
----------------- testing Sun Jun 24 01:30:04 UTC 2018 /home/travis/build/icyphy/ptII/ptolemy/actor/lib/hoc/test/auto/IterateOverArray12.xml
----------------- Instantiating /home/travis/build/icyphy/ptII/ptolemy/actor/lib/hoc/test/auto/IterateOverArray12.xml
11 ms. Memory: 208384K Free: 98381K (47%)
----------------- Invoking toplevel() on ptolemy.moml.MoMLSimpleApplication@457d6780
----------------- Done invoking toplevel() on ptolemy.moml.MoMLSimpleApplication@457d6780
reloadAllAccessors: .IterateOverArray12

===========================================================================================
----------------- testing Sun Jun 24 01:30:04 UTC 2018 /home/travis/build/icyphy/ptII/ptolemy/actor/lib/hoc/test/auto/IterateOverArray13.xml
----------------- Instantiating /home/travis/build/icyphy/ptII/ptolemy/actor/lib/hoc/test/auto/IterateOverArray13.xml
111 ms. Memory: 331776K Free: 315147K (95%)
----------------- Invoking toplevel() on ptolemy.moml.MoMLSimpleApplication@2df774e3
----------------- Done invoking toplevel() on ptolemy.moml.MoMLSimpleApplication@2df774e3
reloadAllAccessors: .IterateOverArray13

===========================================================================================
----------------- testing Sun Jun 24 01:30:05 UTC 2018 /home/travis/build/icyphy/ptII/ptolemy/actor/lib/hoc/test/auto/IterateOverArray14.xml
----------------- Instantiating /home/travis/build/icyphy/ptII/ptolemy/actor/lib/hoc/test/auto/IterateOverArray14.xml
70 ms. Memory: 331776K Free: 276655K (83%)
----------------- Invoking toplevel() on ptolemy.moml.MoMLSimpleApplication@16c3f8d0
----------------- Done invoking toplevel() on ptolemy.moml.MoMLSimpleApplication@16c3f8d0
reloadAllAccessors: .IterateOverArray14

===========================================================================================
----------------- testing Sun Jun 24 01:30:05 UTC 2018 /home/travis/build/icyphy/ptII/ptolemy/actor/lib/hoc/test/auto/IterateOverArray2.xml
----------------- Instantiating /home/travis/build/icyphy/ptII/ptolemy/actor/lib/hoc/test/auto/IterateOverArray2.xml
8 ms. Memory: 331776K Free: 271750K (82%)
----------------- Invoking toplevel() on ptolemy.moml.MoMLSimpleApplication@46fd2940
----------------- Done invoking toplevel() on ptolemy.moml.MoMLSimpleApplication@46fd2940
reloadAllAccessors: .IterateOverArray2

===========================================================================================
----------------- testing Sun Jun 24 01:30:05 UTC 2018 /home/travis/build/icyphy/ptII/ptolemy/actor/lib/hoc/test/auto/IterateOverArray3.xml
----------------- Instantiating /home/travis/build/icyphy/ptII/ptolemy/actor/lib/hoc/test/auto/IterateOverArray3.xml
18 ms. Memory: 331776K Free: 262315K (79%)
----------------- Invoking toplevel() on ptolemy.moml.MoMLSimpleApplication@f36701f
----------------- Done invoking toplevel() on ptolemy.moml.MoMLSimpleApplication@f36701f
reloadAllAccessors: .IterateOverArray3

===========================================================================================
----------------- testing Sun Jun 24 01:30:05 UTC 2018 /home/travis/build/icyphy/ptII/ptolemy/actor/lib/hoc/test/auto/IterateOverArray4.xml
----------------- Instantiating /home/travis/build/icyphy/ptII/ptolemy/actor/lib/hoc/test/auto/IterateOverArray4.xml
4 ms. Memory: 331776K Free: 257410K (78%)
----------------- Invoking toplevel() on ptolemy.moml.MoMLSimpleApplication@1e18a2b9
----------------- Done invoking toplevel() on ptolemy.moml.MoMLSimpleApplication@1e18a2b9
reloadAllAccessors: .IterateOverArray4

===========================================================================================
----------------- testing Sun Jun 24 01:30:05 UTC 2018 /home/travis/build/icyphy/ptII/ptolemy/actor/lib/hoc/test/auto/IterateOverArray5.xml
----------------- Instantiating /home/travis/build/icyphy/ptII/ptolemy/actor/lib/hoc/test/auto/IterateOverArray5.xml
3 ms. Memory: 331776K Free: 252505K (76%)
----------------- Invoking toplevel() on ptolemy.moml.MoMLSimpleApplication@41471f4b
----------------- Done invoking toplevel() on ptolemy.moml.MoMLSimpleApplication@41471f4b
reloadAllAccessors: .IterateOverArray5

===========================================================================================
----------------- testing Sun Jun 24 01:30:05 UTC 2018 /home/travis/build/icyphy/ptII/ptolemy/actor/lib/hoc/test/auto/IterateOverArray6.xml
----------------- Instantiating /home/travis/build/icyphy/ptII/ptolemy/actor/lib/hoc/test/auto/IterateOverArray6.xml
2 ms. Memory: 331776K Free: 247975K (75%)
----------------- Invoking toplevel() on ptolemy.moml.MoMLSimpleApplication@1bf9be50
----------------- Done invoking toplevel() on ptolemy.moml.MoMLSimpleApplication@1bf9be50
reloadAllAccessors: .IterateOverArray6

===========================================================================================
----------------- testing Sun Jun 24 01:30:05 UTC 2018 /home/travis/build/icyphy/ptII/ptolemy/actor/lib/hoc/test/auto/IterateOverArray7.xml
----------------- Instantiating /home/travis/build/icyphy/ptII/ptolemy/actor/lib/hoc/test/auto/IterateOverArray7.xml
7 ms. Memory: 331776K Free: 243070K (73%)
----------------- Invoking toplevel() on ptolemy.moml.MoMLSimpleApplication@10879d08
----------------- Done invoking toplevel() on ptolemy.moml.MoMLSimpleApplication@10879d08
reloadAllAccessors: .IterateOverArray7

===========================================================================================
----------------- testing Sun Jun 24 01:30:05 UTC 2018 /home/travis/build/icyphy/ptII/ptolemy/actor/lib/hoc/test/auto/IterateOverArray8.xml
----------------- Instantiating /home/travis/build/icyphy/ptII/ptolemy/actor/lib/hoc/test/auto/IterateOverArray8.xml
8 ms. Memory: 331776K Free: 237315K (72%)
----------------- Invoking toplevel() on ptolemy.moml.MoMLSimpleApplication@5e87ad24
----------------- Done invoking toplevel() on ptolemy.moml.MoMLSimpleApplication@5e87ad24
reloadAllAccessors: .IterateOverArray8

===========================================================================================
----------------- testing Sun Jun 24 01:30:05 UTC 2018 /home/travis/build/icyphy/ptII/ptolemy/actor/lib/hoc/test/auto/IterateOverArray9.xml
----------------- Instantiating /home/travis/build/icyphy/ptII/ptolemy/actor/lib/hoc/test/auto/IterateOverArray9.xml
8 ms. Memory: 331776K Free: 232410K (70%)
----------------- Invoking toplevel() on ptolemy.moml.MoMLSimpleApplication@35abc75a
----------------- Done invoking toplevel() on ptolemy.moml.MoMLSimpleApplication@35abc75a
reloadAllAccessors: .IterateOverArray9

===========================================================================================
----------------- testing Sun Jun 24 01:30:05 UTC 2018 /home/travis/build/icyphy/ptII/ptolemy/actor/lib/hoc/test/auto/IterateOverArrayCoercedOutputType.xml
----------------- Instantiating /home/travis/build/icyphy/ptII/ptolemy/actor/lib/hoc/test/auto/IterateOverArrayCoercedOutputType.xml
4 ms. Memory: 331776K Free: 226279K (68%)
----------------- Invoking toplevel() on ptolemy.moml.MoMLSimpleApplication@58f246b3
----------------- Done invoking toplevel() on ptolemy.moml.MoMLSimpleApplication@58f246b3
reloadAllAccessors: .IterateOverArrayCoercedOutputType

===========================================================================================
----------------- testing Sun Jun 24 01:30:05 UTC 2018 /home/travis/build/icyphy/ptII/ptolemy/actor/lib/hoc/test/auto/IterateOverArrayInferredOutputType.xml
----------------- Instantiating /home/travis/build/icyphy/ptII/ptolemy/actor/lib/hoc/test/auto/IterateOverArrayInferredOutputType.xml
14 ms. Memory: 331776K Free: 219297K (66%)
----------------- Invoking toplevel() on ptolemy.moml.MoMLSimpleApplication@540a608e
----------------- Done invoking toplevel() on ptolemy.moml.MoMLSimpleApplication@540a608e
reloadAllAccessors: .IterateOverArrayInferredOutputType

===========================================================================================
----------------- testing Sun Jun 24 01:30:05 UTC 2018 /home/travis/build/icyphy/ptII/ptolemy/actor/lib/hoc/test/auto/MobileFunctionTest.xml
----------------- Instantiating /home/travis/build/icyphy/ptII/ptolemy/actor/lib/hoc/test/auto/MobileFunctionTest.xml
6 ms. Memory: 331776K Free: 214392K (65%)
----------------- Invoking toplevel() on ptolemy.moml.MoMLSimpleApplication@2c8393a8
----------------- Done invoking toplevel() on ptolemy.moml.MoMLSimpleApplication@2c8393a8
reloadAllAccessors: .MobileFunctionTest

===========================================================================================
----------------- testing Sun Jun 24 01:30:05 UTC 2018 /home/travis/build/icyphy/ptII/ptolemy/actor/lib/hoc/test/auto/MobileModelTest.xml
----------------- Instantiating /home/travis/build/icyphy/ptII/ptolemy/actor/lib/hoc/test/auto/MobileModelTest.xml
72 ms. Memory: 331776K Free: 193538K (58%)
----------------- Invoking toplevel() on ptolemy.moml.MoMLSimpleApplication@539d63d8
----------------- Done invoking toplevel() on ptolemy.moml.MoMLSimpleApplication@539d63d8
reloadAllAccessors: .MobileModelTest

===========================================================================================
----------------- testing Sun Jun 24 01:30:05 UTC 2018 /home/travis/build/icyphy/ptII/ptolemy/actor/lib/hoc/test/auto/ModelReference.xml
----------------- Instantiating /home/travis/build/icyphy/ptII/ptolemy/actor/lib/hoc/test/auto/ModelReference.xml
4 ms. Memory: 331776K Free: 184104K (55%)
2 ms. Memory: 331776K Free: 182877K (55%)
2 ms. Memory: 331776K Free: 182877K (55%)
2 ms. Memory: 331776K Free: 181651K (55%)
2 ms. Memory: 331776K Free: 180425K (54%)
2 ms. Memory: 331776K Free: 180425K (54%)
1 ms. Memory: 331776K Free: 179199K (54%)
3 ms. Memory: 331776K Free: 177972K (54%)
3 ms. Memory: 331776K Free: 177972K (54%)
3 ms. Memory: 331776K Free: 176746K (53%)
39 ms. Memory: 331776K Free: 176746K (53%)
----------------- Invoking toplevel() on ptolemy.moml.MoMLSimpleApplication@451eff56
----------------- Done invoking toplevel() on ptolemy.moml.MoMLSimpleApplication@451eff56
reloadAllAccessors: .ModelReference

===========================================================================================
----------------- testing Sun Jun 24 01:30:05 UTC 2018 /home/travis/build/icyphy/ptII/ptolemy/actor/lib/hoc/test/auto/ModelReference3.xml
----------------- Instantiating /home/travis/build/icyphy/ptII/ptolemy/actor/lib/hoc/test/auto/ModelReference3.xml
2 ms. Memory: 331776K Free: 170615K (51%)
4 ms. Memory: 331776K Free: 170615K (51%)
2 ms. Memory: 331776K Free: 169389K (51%)
4 ms. Memory: 331776K Free: 168162K (51%)
2 ms. Memory: 331776K Free: 168162K (51%)
1 ms. Memory: 331776K Free: 166936K (50%)
1 ms. Memory: 331776K Free: 165710K (50%)
4 ms. Memory: 331776K Free: 165710K (50%)
2 ms. Memory: 331776K Free: 164484K (50%)
3 ms. Memory: 331776K Free: 163257K (49%)
35 ms. Memory: 331776K Free: 163257K (49%)
----------------- Invoking toplevel() on ptolemy.moml.MoMLSimpleApplication@64938181
----------------- Done invoking toplevel() on ptolemy.moml.MoMLSimpleApplication@64938181
reloadAllAccessors: .ModelReference3

===========================================================================================
----------------- testing Sun Jun 24 01:30:05 UTC 2018 /home/travis/build/icyphy/ptII/ptolemy/actor/lib/hoc/test/auto/ModelReference4.xml
----------------- Instantiating /home/travis/build/icyphy/ptII/ptolemy/actor/lib/hoc/test/auto/ModelReference4.xml
3 ms. Memory: 331776K Free: 156276K (47%)
3 ms. Memory: 331776K Free: 155050K (47%)
3 ms. Memory: 331776K Free: 152597K (46%)
5 ms. Memory: 331776K Free: 151371K (46%)
1 ms. Memory: 331776K Free: 150145K (45%)
3 ms. Memory: 331776K Free: 148919K (45%)
5 ms. Memory: 331776K Free: 147692K (45%)
3 ms. Memory: 331776K Free: 146466K (44%)
8 ms. Memory: 331776K Free: 144014K (43%)
2 ms. Memory: 331776K Free: 142787K (43%)
10031 ms. Memory: 331776K Free: 142787K (43%)
----------------- Invoking toplevel() on ptolemy.moml.MoMLSimpleApplication@c876284
----------------- Done invoking toplevel() on ptolemy.moml.MoMLSimpleApplication@c876284
reloadAllAccessors: .ModelReference4

===========================================================================================
----------------- testing Sun Jun 24 01:30:15 UTC 2018 /home/travis/build/icyphy/ptII/ptolemy/actor/lib/hoc/test/auto/MultiInstanceComposite.xml
----------------- Instantiating /home/travis/build/icyphy/ptII/ptolemy/actor/lib/hoc/test/auto/MultiInstanceComposite.xml
25 ms. Memory: 331776K Free: 125620K (38%)
----------------- Invoking toplevel() on ptolemy.moml.MoMLSimpleApplication@3afa0e86
----------------- Done invoking toplevel() on ptolemy.moml.MoMLSimpleApplication@3afa0e86
reloadAllAccessors: .MultiInstanceComposite

===========================================================================================
----------------- testing Sun Jun 24 01:30:15 UTC 2018 /home/travis/build/icyphy/ptII/ptolemy/actor/lib/hoc/test/auto/MultiInstanceComposite2.xml
----------------- Instantiating /home/travis/build/icyphy/ptII/ptolemy/actor/lib/hoc/test/auto/MultiInstanceComposite2.xml
14 ms. Memory: 331776K Free: 112131K (34%)
----------------- Invoking toplevel() on ptolemy.moml.MoMLSimpleApplication@7a8cbf0f
----------------- Done invoking toplevel() on ptolemy.moml.MoMLSimpleApplication@7a8cbf0f
reloadAllAccessors: .MultiInstanceComposite2

===========================================================================================
----------------- testing Sun Jun 24 01:30:15 UTC 2018 /home/travis/build/icyphy/ptII/ptolemy/actor/lib/hoc/test/auto/MulticoreExecution.xml
----------------- Instantiating /home/travis/build/icyphy/ptII/ptolemy/actor/lib/hoc/test/auto/MulticoreExecution.xml
Fired ExecutionTime: 10400000
Fired ExecutionTime: 2800000
Fired ExecutionTime: 12400000
Fired ExecutionTime: 12800000
Fired ExecutionTime: 23600000
Fired ExecutionTime: 32800000
Fired ExecutionTime: 21200000
Fired ExecutionTime: 25200000
Fired ExecutionTime: 39200000
Fired ExecutionTime: 70400000
Fired ExecutionTime: 66400000
Fired ExecutionTime: 72400000
Fired ExecutionTime: 71200000
Fired ExecutionTime: 69600000
Fired ExecutionTime: 71200000
Fired ExecutionTime: 71200000
Fired ExecutionTime: 72000000
Fired ExecutionTime: 72000000
Fired ExecutionTime: 70400000
Fired ExecutionTime: 70400000
1065 ms. Memory: 331776K Free: 99018K (30%)
----------------- Invoking toplevel() on ptolemy.moml.MoMLSimpleApplication@e95abba
----------------- Done invoking toplevel() on ptolemy.moml.MoMLSimpleApplication@e95abba
reloadAllAccessors: .MulticoreExecution

===========================================================================================
----------------- testing Sun Jun 24 01:30:17 UTC 2018 /home/travis/build/icyphy/ptII/ptolemy/actor/lib/hoc/test/auto/ParallelExecution.xml
----------------- Instantiating /home/travis/build/icyphy/ptII/ptolemy/actor/lib/hoc/test/auto/ParallelExecution.xml
917 ms. Memory: 331776K Free: 87982K (27%)
----------------- Invoking toplevel() on ptolemy.moml.MoMLSimpleApplication@18615302
----------------- Done invoking toplevel() on ptolemy.moml.MoMLSimpleApplication@18615302
reloadAllAccessors: .ParallelExecution

===========================================================================================
----------------- testing Sun Jun 24 01:30:18 UTC 2018 /home/travis/build/icyphy/ptII/ptolemy/actor/lib/hoc/test/auto/RunCompositeActor.xml
----------------- Instantiating /home/travis/build/icyphy/ptII/ptolemy/actor/lib/hoc/test/auto/RunCompositeActor.xml
17 ms. Memory: 332288K Free: 324028K (98%)
----------------- Invoking toplevel() on ptolemy.moml.MoMLSimpleApplication@5523332a
----------------- Done invoking toplevel() on ptolemy.moml.MoMLSimpleApplication@5523332a
reloadAllAccessors: .RunCompositeActor

===========================================================================================
----------------- testing Sun Jun 24 01:30:18 UTC 2018 /home/travis/build/icyphy/ptII/ptolemy/actor/lib/hoc/test/auto/RunCompositeActor2.xml
----------------- Instantiating /home/travis/build/icyphy/ptII/ptolemy/actor/lib/hoc/test/auto/RunCompositeActor2.xml
7 ms. Memory: 332288K Free: 313734K (94%)
----------------- Invoking toplevel() on ptolemy.moml.MoMLSimpleApplication@62f51f19
----------------- Done invoking toplevel() on ptolemy.moml.MoMLSimpleApplication@62f51f19
reloadAllAccessors: .RunCompositeActor2

===========================================================================================
----------------- testing Sun Jun 24 01:30:18 UTC 2018 /home/travis/build/icyphy/ptII/ptolemy/actor/lib/hoc/test/auto/RunCompositeActor3.xml
----------------- Instantiating /home/travis/build/icyphy/ptII/ptolemy/actor/lib/hoc/test/auto/RunCompositeActor3.xml
2 ms. Memory: 332288K Free: 306982K (92%)
----------------- Invoking toplevel() on ptolemy.moml.MoMLSimpleApplication@24aadbe0
----------------- Done invoking toplevel() on ptolemy.moml.MoMLSimpleApplication@24aadbe0
reloadAllAccessors: .RunCompositeActor3

===========================================================================================
----------------- testing Sun Jun 24 01:30:18 UTC 2018 /home/travis/build/icyphy/ptII/ptolemy/actor/lib/hoc/test/auto/RunCompositeActor4.xml
----------------- Instantiating /home/travis/build/icyphy/ptII/ptolemy/actor/lib/hoc/test/auto/RunCompositeActor4.xml
9 ms. Memory: 332288K Free: 298157K (90%)
----------------- Invoking toplevel() on ptolemy.moml.MoMLSimpleApplication@6527192c
----------------- Done invoking toplevel() on ptolemy.moml.MoMLSimpleApplication@6527192c
reloadAllAccessors: .RunCompositeActor4

===========================================================================================
----------------- testing Sun Jun 24 01:30:18 UTC 2018 /home/travis/build/icyphy/ptII/ptolemy/actor/lib/hoc/test/auto/RunCompositeIterateOverArray.xml
----------------- Instantiating /home/travis/build/icyphy/ptII/ptolemy/actor/lib/hoc/test/auto/RunCompositeIterateOverArray.xml
5 ms. Memory: 332288K Free: 291387K (88%)
----------------- Invoking toplevel() on ptolemy.moml.MoMLSimpleApplication@31bc99ce
----------------- Done invoking toplevel() on ptolemy.moml.MoMLSimpleApplication@31bc99ce
reloadAllAccessors: .RunCompositeIterateOverArray

===========================================================================================
----------------- testing Sun Jun 24 01:30:18 UTC 2018 /home/travis/build/icyphy/ptII/ptolemy/actor/lib/hoc/test/auto/ThreadedJS.xml
----------------- Instantiating /home/travis/build/icyphy/ptII/ptolemy/actor/lib/hoc/test/auto/ThreadedJS.xml
1737 ms. Memory: 540160K Free: 160808K (30%)
----------------- Invoking toplevel() on ptolemy.moml.MoMLSimpleApplication@c7fed53
----------------- Done invoking toplevel() on ptolemy.moml.MoMLSimpleApplication@c7fed53
reloadAllAccessors: .ThreadedJS
AutoTests.java: About to close Vertx.
AutoTests.java: Vertx closed.
]]></system-out>
  <system-err><![CDATA[java.lang.RuntimeException: Execution failed
	at ptolemy.moml.MoMLSimpleApplication$UnloadThread.run(MoMLSimpleApplication.java:402)
Caused by: ptolemy.kernel.util.IllegalActionException: initialize() was called after wrapup() was called but preinitialize() was not called after wrapup().
	at ptolemy.actor.lib.hoc.test.PreinitializeMustBeInvoked.initialize(PreinitializeMustBeInvoked.java:78)
	at ptolemy.actor.Director.initialize(Director.java:938)
	at ptolemy.actor.Director.initialize(Director.java:907)
	at ptolemy.actor.sched.StaticSchedulingDirector.initialize(StaticSchedulingDirector.java:159)
	at ptolemy.domains.sdf.kernel.SDFDirector.initialize(SDFDirector.java:544)
	at ptolemy.actor.CompositeActor.initialize(CompositeActor.java:935)
	at ptolemy.actor.lib.hoc.LifeCycleManager._executeInsideModel(LifeCycleManager.java:339)
	at ptolemy.actor.lib.hoc.RunCompositeActor.fire(RunCompositeActor.java:205)
	at ptolemy.actor.CompositeActor.iterate(CompositeActor.java:1146)
	at ptolemy.actor.sched.StaticSchedulingDirector.fire(StaticSchedulingDirector.java:216)
	at ptolemy.domains.sdf.kernel.SDFDirector.fire(SDFDirector.java:500)
	at ptolemy.actor.CompositeActor.fire(CompositeActor.java:455)
	at ptolemy.actor.Manager.iterate(Manager.java:851)
	at ptolemy.actor.Manager.execute(Manager.java:369)
	at ptolemy.actor.Manager.run(Manager.java:1263)
	at ptolemy.actor.Manager$PtolemyRunThread.run(Manager.java:1915)
java.lang.reflect.InvocationTargetException
	at sun.reflect.NativeConstructorAccessorImpl.newInstance0(Native Method)
	at sun.reflect.NativeConstructorAccessorImpl.newInstance(NativeConstructorAccessorImpl.java:62)
	at sun.reflect.DelegatingConstructorAccessorImpl.newInstance(DelegatingConstructorAccessorImpl.java:45)
	at java.lang.reflect.Constructor.newInstance(Constructor.java:423)
	at ptolemy.util.test.junit.AutoKnownFailedTests.RunModel(AutoKnownFailedTests.java:107)
	at sun.reflect.NativeMethodAccessorImpl.invoke0(Native Method)
	at sun.reflect.NativeMethodAccessorImpl.invoke(NativeMethodAccessorImpl.java:62)
	at sun.reflect.DelegatingMethodAccessorImpl.invoke(DelegatingMethodAccessorImpl.java:43)
	at java.lang.reflect.Method.invoke(Method.java:498)
	at org.junit.runners.model.FrameworkMethod$1.runReflectiveCall(FrameworkMethod.java:44)
	at org.junit.internal.runners.model.ReflectiveCallable.run(ReflectiveCallable.java:15)
	at org.junit.runners.model.FrameworkMethod.invokeExplosively(FrameworkMethod.java:41)
	at junitparams.internal.InvokeParameterisedMethod.evaluate(InvokeParameterisedMethod.java:102)
	at org.junit.internal.runners.statements.FailOnTimeout$1.run(FailOnTimeout.java:28)
Caused by: ptolemy.kernel.util.IllegalActionException: initialize() was called after wrapup() was called but preinitialize() was not called after wrapup().
	at ptolemy.actor.lib.hoc.test.PreinitializeMustBeInvoked.initialize(PreinitializeMustBeInvoked.java:78)
	at ptolemy.actor.Director.initialize(Director.java:938)
	at ptolemy.actor.Director.initialize(Director.java:907)
	at ptolemy.actor.sched.StaticSchedulingDirector.initialize(StaticSchedulingDirector.java:159)
	at ptolemy.domains.sdf.kernel.SDFDirector.initialize(SDFDirector.java:544)
	at ptolemy.actor.CompositeActor.initialize(CompositeActor.java:935)
	at ptolemy.actor.lib.hoc.LifeCycleManager._executeInsideModel(LifeCycleManager.java:339)
	at ptolemy.actor.lib.hoc.RunCompositeActor.fire(RunCompositeActor.java:205)
	at ptolemy.actor.CompositeActor.iterate(CompositeActor.java:1146)
	at ptolemy.actor.sched.StaticSchedulingDirector.fire(StaticSchedulingDirector.java:216)
	at ptolemy.domains.sdf.kernel.SDFDirector.fire(SDFDirector.java:500)
	at ptolemy.actor.CompositeActor.fire(CompositeActor.java:455)
	at ptolemy.actor.Manager.iterate(Manager.java:851)
	at ptolemy.actor.Manager.execute(Manager.java:369)
	at ptolemy.actor.Manager.run(Manager.java:1263)
	at ptolemy.actor.Manager$PtolemyRunThread.run(Manager.java:1915)
]]></system-err>
</testsuite>
