<?xml version="1.0" encoding="UTF-8" ?>
<testsuite errors="0" failures="0" hostname="travis-job-16c4147e-9db1-4b66-9d86-e8cfccc53763" name="ptolemy.domains.de.test.junit.JUnitTclTest" skipped="0" tests="101" time="120.976" timestamp="2020-03-25T13:38:35">
  <properties>
[...]
</properties>
  <testcase classname="ptolemy.util.test.junit.TclTests" name="[0] /home/travis/build/icyphy/ptII/ptolemy/domains/de/test/DependencyLoop.tcl (RunTclFile)" time="1.033" />
  <testcase classname="ptolemy.util.test.junit.TclTests" name="[1] /home/travis/build/icyphy/ptII/ptolemy/domains/de/test/RunDETestsAsQSS.tcl (RunTclFile)" time="81.375" />
  <testcase classname="ptolemy.util.test.junit.AutoKnownFailedTests" name="[0] /home/travis/build/icyphy/ptII/ptolemy/domains/de/test/auto/knownFailedTests/DESDFClockTest.xml (RunModel)" time="2.046" />
  <testcase classname="ptolemy.util.test.junit.AutoKnownFailedTests" name="[1] /home/travis/build/icyphy/ptII/ptolemy/domains/de/test/auto/knownFailedTests/DirectFeedback.xml (RunModel)" time="0.021" />
  <testcase classname="ptolemy.util.test.junit.AutoKnownFailedTests" name="[2] /home/travis/build/icyphy/ptII/ptolemy/domains/de/test/auto/knownFailedTests/FSMSource.xml (RunModel)" time="0.021" />
  <testcase classname="ptolemy.util.test.junit.AutoKnownFailedTests" name="[3] /home/travis/build/icyphy/ptII/ptolemy/domains/de/test/auto/knownFailedTests/HierarchicalModel.xml (RunModel)" time="0.039" />
  <testcase classname="ptolemy.util.test.junit.AutoKnownFailedTests" name="[4] /home/travis/build/icyphy/ptII/ptolemy/domains/de/test/auto/knownFailedTests/dependencyLoop.xml (RunModel)" time="0.042" />
  <testcase classname="ptolemy.util.test.junit.AutoKnownFailedTests" name="[5] /home/travis/build/icyphy/ptII/ptolemy/domains/de/test/auto/knownFailedTests/dependencyLoop2.xml (RunModel)" time="0.037" />
  <testcase classname="ptolemy.util.test.junit.AutoNameArchTests" name="[0] ThereAreNoAutoArchTests (RunModel)" time="0.001" />
  <testcase classname="ptolemy.util.test.junit.AutoTests" name="[0] /home/travis/build/icyphy/ptII/ptolemy/domains/de/test/auto/ActorDepthCalculation_actorWithoutPorts.xml (RunModel)" time="0.027" />
  <testcase classname="ptolemy.util.test.junit.AutoTests" name="[1] /home/travis/build/icyphy/ptII/ptolemy/domains/de/test/auto/AssemblyLine.xml (RunModel)" time="0.017" />
  <testcase classname="ptolemy.util.test.junit.AutoTests" name="[2] /home/travis/build/icyphy/ptII/ptolemy/domains/de/test/auto/CQBug1.xml (RunModel)" time="0.009" />
  <testcase classname="ptolemy.util.test.junit.AutoTests" name="[3] /home/travis/build/icyphy/ptII/ptolemy/domains/de/test/auto/CancelFireAt.xml (RunModel)" time="0.013" />
  <testcase classname="ptolemy.util.test.junit.AutoTests" name="[4] /home/travis/build/icyphy/ptII/ptolemy/domains/de/test/auto/CausalityAndComposabilityAnalysis.xml (RunModel)" time="0.009" />
  <testcase classname="ptolemy.util.test.junit.AutoTests" name="[5] /home/travis/build/icyphy/ptII/ptolemy/domains/de/test/auto/CausalityInterface1.xml (RunModel)" time="0.013" />
  <testcase classname="ptolemy.util.test.junit.AutoTests" name="[6] /home/travis/build/icyphy/ptII/ptolemy/domains/de/test/auto/CausalityInterface15.xml (RunModel)" time="0.014" />
  <testcase classname="ptolemy.util.test.junit.AutoTests" name="[7] /home/travis/build/icyphy/ptII/ptolemy/domains/de/test/auto/CausalityInterface2.xml (RunModel)" time="0.012" />
  <testcase classname="ptolemy.util.test.junit.AutoTests" name="[8] /home/travis/build/icyphy/ptII/ptolemy/domains/de/test/auto/CausalityInterface3.xml (RunModel)" time="0.011" />
  <testcase classname="ptolemy.util.test.junit.AutoTests" name="[9] /home/travis/build/icyphy/ptII/ptolemy/domains/de/test/auto/ClockDrift.xml (RunModel)" time="0.035" />
  <testcase classname="ptolemy.util.test.junit.AutoTests" name="[10] /home/travis/build/icyphy/ptII/ptolemy/domains/de/test/auto/ClockDriftAndValueChange.xml (RunModel)" time="0.031" />
  <testcase classname="ptolemy.util.test.junit.AutoTests" name="[11] /home/travis/build/icyphy/ptII/ptolemy/domains/de/test/auto/ClockDriftChange.xml (RunModel)" time="0.03" />
  <testcase classname="ptolemy.util.test.junit.AutoTests" name="[12] /home/travis/build/icyphy/ptII/ptolemy/domains/de/test/auto/ComposableCausalityAnalysis.xml (RunModel)" time="0.015" />
  <testcase classname="ptolemy.util.test.junit.AutoTests" name="[13] /home/travis/build/icyphy/ptII/ptolemy/domains/de/test/auto/DEFixedPointLimitation.xml (RunModel)" time="0.01" />
  <testcase classname="ptolemy.util.test.junit.AutoTests" name="[14] /home/travis/build/icyphy/ptII/ptolemy/domains/de/test/auto/DEScheduleTest.xml (RunModel)" time="0.013" />
  <testcase classname="ptolemy.util.test.junit.AutoTests" name="[15] /home/travis/build/icyphy/ptII/ptolemy/domains/de/test/auto/DEinDEwithStartTimes.xml (RunModel)" time="0.013" />
  <testcase classname="ptolemy.util.test.junit.AutoTests" name="[16] /home/travis/build/icyphy/ptII/ptolemy/domains/de/test/auto/DEinDEwithStartTimes2.xml (RunModel)" time="0.021" />
  <testcase classname="ptolemy.util.test.junit.AutoTests" name="[17] /home/travis/build/icyphy/ptII/ptolemy/domains/de/test/auto/DateDemo.xml (RunModel)" time="0.03" />
  <testcase classname="ptolemy.util.test.junit.AutoTests" name="[18] /home/travis/build/icyphy/ptII/ptolemy/domains/de/test/auto/DateToEvent.xml (RunModel)" time="2.042" />
  <testcase classname="ptolemy.util.test.junit.AutoTests" name="[19] /home/travis/build/icyphy/ptII/ptolemy/domains/de/test/auto/DepthTest1.xml (RunModel)" time="0.007" />
  <testcase classname="ptolemy.util.test.junit.AutoTests" name="[20] /home/travis/build/icyphy/ptII/ptolemy/domains/de/test/auto/DepthTest2.xml (RunModel)" time="0.015" />
  <testcase classname="ptolemy.util.test.junit.AutoTests" name="[21] /home/travis/build/icyphy/ptII/ptolemy/domains/de/test/auto/DepthTest3.xml (RunModel)" time="0.009" />
  <testcase classname="ptolemy.util.test.junit.AutoTests" name="[22] /home/travis/build/icyphy/ptII/ptolemy/domains/de/test/auto/DepthTest4.xml (RunModel)" time="0.01" />
  <testcase classname="ptolemy.util.test.junit.AutoTests" name="[23] /home/travis/build/icyphy/ptII/ptolemy/domains/de/test/auto/DepthTest5.xml (RunModel)" time="0.012" />
  <testcase classname="ptolemy.util.test.junit.AutoTests" name="[24] /home/travis/build/icyphy/ptII/ptolemy/domains/de/test/auto/DepthTest6.xml (RunModel)" time="0.013" />
  <testcase classname="ptolemy.util.test.junit.AutoTests" name="[25] /home/travis/build/icyphy/ptII/ptolemy/domains/de/test/auto/DepthTest7.xml (RunModel)" time="0.01" />
  <testcase classname="ptolemy.util.test.junit.AutoTests" name="[26] /home/travis/build/icyphy/ptII/ptolemy/domains/de/test/auto/EventToDate.xml (RunModel)" time="3.049" />
  <testcase classname="ptolemy.util.test.junit.AutoTests" name="[27] /home/travis/build/icyphy/ptII/ptolemy/domains/de/test/auto/FSM1.xml (RunModel)" time="0.04" />
  <testcase classname="ptolemy.util.test.junit.AutoTests" name="[28] /home/travis/build/icyphy/ptII/ptolemy/domains/de/test/auto/FSM7.xml (RunModel)" time="0.048" />
  <testcase classname="ptolemy.util.test.junit.AutoTests" name="[29] /home/travis/build/icyphy/ptII/ptolemy/domains/de/test/auto/Inspection.xml (RunModel)" time="0.042" />
  <testcase classname="ptolemy.util.test.junit.AutoTests" name="[30] /home/travis/build/icyphy/ptII/ptolemy/domains/de/test/auto/Iteration.xml (RunModel)" time="0.021" />
  <testcase classname="ptolemy.util.test.junit.AutoTests" name="[31] /home/travis/build/icyphy/ptII/ptolemy/domains/de/test/auto/LineFault.xml (RunModel)" time="0.54" />
  <testcase classname="ptolemy.util.test.junit.AutoTests" name="[32] /home/travis/build/icyphy/ptII/ptolemy/domains/de/test/auto/MergeModel1Add.xml (RunModel)" time="0.046" />
  <testcase classname="ptolemy.util.test.junit.AutoTests" name="[33] /home/travis/build/icyphy/ptII/ptolemy/domains/de/test/auto/MergeModel2Add.xml (RunModel)" time="0.032" />
  <testcase classname="ptolemy.util.test.junit.AutoTests" name="[34] /home/travis/build/icyphy/ptII/ptolemy/domains/de/test/auto/MergeModel3Add.xml (RunModel)" time="0.046" />
  <testcase classname="ptolemy.util.test.junit.AutoTests" name="[35] /home/travis/build/icyphy/ptII/ptolemy/domains/de/test/auto/MergeWithoutDiscard.xml (RunModel)" time="0.01" />
  <testcase classname="ptolemy.util.test.junit.AutoTests" name="[36] /home/travis/build/icyphy/ptII/ptolemy/domains/de/test/auto/Modal1.xml (RunModel)" time="0.025" />
  <testcase classname="ptolemy.util.test.junit.AutoTests" name="[37] /home/travis/build/icyphy/ptII/ptolemy/domains/de/test/auto/Modal2.xml (RunModel)" time="0.025" />
  <testcase classname="ptolemy.util.test.junit.AutoTests" name="[38] /home/travis/build/icyphy/ptII/ptolemy/domains/de/test/auto/Modal3.xml (RunModel)" time="0.028" />
  <testcase classname="ptolemy.util.test.junit.AutoTests" name="[39] /home/travis/build/icyphy/ptII/ptolemy/domains/de/test/auto/Modal4.xml (RunModel)" time="0.028" />
  <testcase classname="ptolemy.util.test.junit.AutoTests" name="[40] /home/travis/build/icyphy/ptII/ptolemy/domains/de/test/auto/Modal5.xml (RunModel)" time="0.028" />
  <testcase classname="ptolemy.util.test.junit.AutoTests" name="[41] /home/travis/build/icyphy/ptII/ptolemy/domains/de/test/auto/Modal6.xml (RunModel)" time="0.027" />
  <testcase classname="ptolemy.util.test.junit.AutoTests" name="[42] /home/travis/build/icyphy/ptII/ptolemy/domains/de/test/auto/Modal7.xml (RunModel)" time="0.028" />
  <testcase classname="ptolemy.util.test.junit.AutoTests" name="[43] /home/travis/build/icyphy/ptII/ptolemy/domains/de/test/auto/ModalModel.xml (RunModel)" time="0.163" />
  <testcase classname="ptolemy.util.test.junit.AutoTests" name="[44] /home/travis/build/icyphy/ptII/ptolemy/domains/de/test/auto/ModalSource.xml (RunModel)" time="0.023" />
  <testcase classname="ptolemy.util.test.junit.AutoTests" name="[45] /home/travis/build/icyphy/ptII/ptolemy/domains/de/test/auto/NonInterruptibleTimerZeroDelay.xml (RunModel)" time="0.013" />
  <testcase classname="ptolemy.util.test.junit.AutoTests" name="[46] /home/travis/build/icyphy/ptII/ptolemy/domains/de/test/auto/OpenQueueingNetwork.xml (RunModel)" time="2.408" />
  <testcase classname="ptolemy.util.test.junit.AutoTests" name="[47] /home/travis/build/icyphy/ptII/ptolemy/domains/de/test/auto/OpenQueuingNetwork.xml (RunModel)" time="0.276" />
  <testcase classname="ptolemy.util.test.junit.AutoTests" name="[48] /home/travis/build/icyphy/ptII/ptolemy/domains/de/test/auto/PeriodicSampler.xml (RunModel)" time="0.016" />
  <testcase classname="ptolemy.util.test.junit.AutoTests" name="[49] /home/travis/build/icyphy/ptII/ptolemy/domains/de/test/auto/PersistentIO.xml (RunModel)" time="0.018" />
  <testcase classname="ptolemy.util.test.junit.AutoTests" name="[50] /home/travis/build/icyphy/ptII/ptolemy/domains/de/test/auto/PortParameterResetOnInitialize.xml (RunModel)" time="0.008" />
  <testcase classname="ptolemy.util.test.junit.AutoTests" name="[51] /home/travis/build/icyphy/ptII/ptolemy/domains/de/test/auto/PortParameterUpdates.xml (RunModel)" time="0.014" />
  <testcase classname="ptolemy.util.test.junit.AutoTests" name="[52] /home/travis/build/icyphy/ptII/ptolemy/domains/de/test/auto/QueueAndServer.xml (RunModel)" time="0.02" />
  <testcase classname="ptolemy.util.test.junit.AutoTests" name="[53] /home/travis/build/icyphy/ptII/ptolemy/domains/de/test/auto/Records.xml (RunModel)" time="0.02" />
  <testcase classname="ptolemy.util.test.junit.AutoTests" name="[54] /home/travis/build/icyphy/ptII/ptolemy/domains/de/test/auto/ResetTransitionWithStartTime1.xml (RunModel)" time="0.026" />
  <testcase classname="ptolemy.util.test.junit.AutoTests" name="[55] /home/travis/build/icyphy/ptII/ptolemy/domains/de/test/auto/ResetTransitionWithStartTime2.xml (RunModel)" time="0.024" />
  <testcase classname="ptolemy.util.test.junit.AutoTests" name="[56] /home/travis/build/icyphy/ptII/ptolemy/domains/de/test/auto/ResetTransitionWithStartTime3.xml (RunModel)" time="0.019" />
  <testcase classname="ptolemy.util.test.junit.AutoTests" name="[57] /home/travis/build/icyphy/ptII/ptolemy/domains/de/test/auto/ResetTransitionWithStartTime4.xml (RunModel)" time="0.016" />
  <testcase classname="ptolemy.util.test.junit.AutoTests" name="[58] /home/travis/build/icyphy/ptII/ptolemy/domains/de/test/auto/ResettableTimer1.xml (RunModel)" time="0.009" />
  <testcase classname="ptolemy.util.test.junit.AutoTests" name="[59] /home/travis/build/icyphy/ptII/ptolemy/domains/de/test/auto/ResettableTimer2.xml (RunModel)" time="0.008" />
  <testcase classname="ptolemy.util.test.junit.AutoTests" name="[60] /home/travis/build/icyphy/ptII/ptolemy/domains/de/test/auto/ResettableTimer3.xml (RunModel)" time="0.008" />
  <testcase classname="ptolemy.util.test.junit.AutoTests" name="[61] /home/travis/build/icyphy/ptII/ptolemy/domains/de/test/auto/ResettableTimer4.xml (RunModel)" time="0.009" />
  <testcase classname="ptolemy.util.test.junit.AutoTests" name="[62] /home/travis/build/icyphy/ptII/ptolemy/domains/de/test/auto/ResettableTimer5.xml (RunModel)" time="0.008" />
  <testcase classname="ptolemy.util.test.junit.AutoTests" name="[63] /home/travis/build/icyphy/ptII/ptolemy/domains/de/test/auto/ResettableTimer6.xml (RunModel)" time="0.017" />
  <testcase classname="ptolemy.util.test.junit.AutoTests" name="[64] /home/travis/build/icyphy/ptII/ptolemy/domains/de/test/auto/ServerZeroDelay.xml (RunModel)" time="0.01" />
  <testcase classname="ptolemy.util.test.junit.AutoTests" name="[65] /home/travis/build/icyphy/ptII/ptolemy/domains/de/test/auto/SmartSender.xml (RunModel)" time="3.018" />
  <testcase classname="ptolemy.util.test.junit.AutoTests" name="[66] /home/travis/build/icyphy/ptII/ptolemy/domains/de/test/auto/ThreadedComposite.xml (RunModel)" time="0.213" />
  <testcase classname="ptolemy.util.test.junit.AutoTests" name="[67] /home/travis/build/icyphy/ptII/ptolemy/domains/de/test/auto/Time.xml (RunModel)" time="0.375" />
  <testcase classname="ptolemy.util.test.junit.AutoTests" name="[68] /home/travis/build/icyphy/ptII/ptolemy/domains/de/test/auto/TimeDelayZeroDelay.xml (RunModel)" time="0.015" />
  <testcase classname="ptolemy.util.test.junit.AutoTests" name="[69] /home/travis/build/icyphy/ptII/ptolemy/domains/de/test/auto/TimerZeroDelay.xml (RunModel)" time="0.014" />
  <testcase classname="ptolemy.util.test.junit.AutoTests" name="[70] /home/travis/build/icyphy/ptII/ptolemy/domains/de/test/auto/TimingParadox.xml (RunModel)" time="0.294" />
  <testcase classname="ptolemy.util.test.junit.AutoTests" name="[71] /home/travis/build/icyphy/ptII/ptolemy/domains/de/test/auto/TransferInputs.xml (RunModel)" time="0.016" />
  <testcase classname="ptolemy.util.test.junit.AutoTests" name="[72] /home/travis/build/icyphy/ptII/ptolemy/domains/de/test/auto/TransferOutputs2.xml (RunModel)" time="0.016" />
  <testcase classname="ptolemy.util.test.junit.AutoTests" name="[73] /home/travis/build/icyphy/ptII/ptolemy/domains/de/test/auto/Trilateration.xml (RunModel)" time="10.121" />
  <testcase classname="ptolemy.util.test.junit.AutoTests" name="[74] /home/travis/build/icyphy/ptII/ptolemy/domains/de/test/auto/TwoSigmaDelta.xml (RunModel)" time="2.057" />
  <testcase classname="ptolemy.util.test.junit.AutoTests" name="[75] /home/travis/build/icyphy/ptII/ptolemy/domains/de/test/auto/VariableDelay.xml (RunModel)" time="0.012" />
  <testcase classname="ptolemy.util.test.junit.AutoTests" name="[76] /home/travis/build/icyphy/ptII/ptolemy/domains/de/test/auto/VariableDelay2.xml (RunModel)" time="0.009" />
  <testcase classname="ptolemy.util.test.junit.AutoTests" name="[77] /home/travis/build/icyphy/ptII/ptolemy/domains/de/test/auto/VariableDelayZeroDelay.xml (RunModel)" time="0.011" />
  <testcase classname="ptolemy.util.test.junit.AutoTests" name="[78] /home/travis/build/icyphy/ptII/ptolemy/domains/de/test/auto/VariableDelayZeroDelay2.xml (RunModel)" time="0.009" />
  <testcase classname="ptolemy.util.test.junit.AutoTests" name="[79] /home/travis/build/icyphy/ptII/ptolemy/domains/de/test/auto/deInCt.xml (RunModel)" time="0.015" />
  <testcase classname="ptolemy.util.test.junit.AutoTests" name="[80] /home/travis/build/icyphy/ptII/ptolemy/domains/de/test/auto/deInCt2.xml (RunModel)" time="0.022" />
  <testcase classname="ptolemy.util.test.junit.AutoTests" name="[81] /home/travis/build/icyphy/ptII/ptolemy/domains/de/test/auto/dynamicCausalityInterface1.xml (RunModel)" time="0.015" />
  <testcase classname="ptolemy.util.test.junit.AutoTests" name="[82] /home/travis/build/icyphy/ptII/ptolemy/domains/de/test/auto/fsm_de_test.xml (RunModel)" time="0.02" />
  <testcase classname="ptolemy.util.test.junit.AutoTests" name="[83] /home/travis/build/icyphy/ptII/ptolemy/domains/de/test/auto/functionDependencyReconstruction.xml (RunModel)" time="0.025" />
  <testcase classname="ptolemy.util.test.junit.AutoTests" name="[84] /home/travis/build/icyphy/ptII/ptolemy/domains/de/test/auto/multirate.xml (RunModel)" time="0.015" />
  <testcase classname="ptolemy.util.test.junit.AutoTests" name="[85] /home/travis/build/icyphy/ptII/ptolemy/domains/de/test/auto/multirate2.xml (RunModel)" time="0.013" />
  <testcase classname="ptolemy.util.test.junit.AutoTests" name="[86] /home/travis/build/icyphy/ptII/ptolemy/domains/de/test/auto/realtime.xml (RunModel)" time="10.016" />
  <testcase classname="ptolemy.util.test.junit.AutoTests" name="[87] /home/travis/build/icyphy/ptII/ptolemy/domains/de/test/auto/relationGroup.xml (RunModel)" time="0.008" />
  <testcase classname="ptolemy.util.test.junit.AutoTests" name="[88] /home/travis/build/icyphy/ptII/ptolemy/domains/de/test/auto/relationGroup2.xml (RunModel)" time="0.011" />
  <testcase classname="ptolemy.util.test.junit.AutoTests" name="[89] /home/travis/build/icyphy/ptII/ptolemy/domains/de/test/auto/sortWithOpaquePorts.xml (RunModel)" time="0.008" />
  <testcase classname="ptolemy.util.test.junit.AutoTests" name="[90] /home/travis/build/icyphy/ptII/ptolemy/domains/de/test/auto/transferInputsandOutputs.xml (RunModel)" time="0.021" />
  <testcase classname="ptolemy.util.test.junit.AutoTests" name="[91] /home/travis/build/icyphy/ptII/ptolemy/domains/de/test/auto/triggerType.xml (RunModel)" time="0.009" />
  <system-out><![CDATA[/home/travis/build/icyphy/ptII/ptolemy/domains/de/test/DependencyLoop.tcl
testDefs.tcl: setting time out to 9000 seconds at Wed Mar 25 13:38:35 UTC 2020
70 ms. Memory: 129024K Free: 78794K (61%)
28 ms. Memory: 129024K Free: 61386K (48%)
/home/travis/build/icyphy/ptII/ptolemy/domains/de/test/RunDETestsAsQSS.tcl
Run the DE tests using ptolemy.domains.qss.test.QSSDirectorTest, which extends QSSDirector and prints a message in the constructors.
------------------ testing $PTII/ptolemy/domains/de/test/auto/knownFailedTests/DirectFeedback.xml (Known Failure) 
39 ms. Memory: 129024K Free: 56266K (44%)


==== $PTIIhome/travis/build/icyphy/ptII/ptolemy/domains/de/test/../../../../: Auto Automatic test in file $PTII/ptolemy/domains/de/test/auto/knownFailedTests/DirectFeedback.xml
==== Contents of test case:

	    # FIXME: we should use $relativeFilename here, but it
	    # might have backslashes under Windows, which causes no end
	    # of trouble.
	    createAndExecute $file
	    list {}
	
.... Test generated KNOWN error:
    while executing
ptolemy.kernel.util.IllegalActionException: Test fails in iteration 1.
Value was: 1.0. Should have been: 2.0
  in .DirectFeedback.Test
	at ptolemy.actor.lib.Test.fire(Test.java:268)
	at ptolemy.domains.de.kernel.DEDirector._fire(DEDirector.java:1949)
	at ptolemy.domains.de.kernel.DEDirector.fire(DEDirector.java:502)
	at ptolemy.actor.CompositeActor.fire(CompositeActor.java:455)
	at ptolemy.actor.Manager.iterate(Manager.java:851)
	at ptolemy.actor.Manager.execute(Manager.java:369)
	at ptolemy.actor.Manager.run(Manager.java:1263)
	at ptolemy.actor.Manager$PtolemyRunThread.run(Manager.java:1933)

    while executing
ptolemy.kernel.util.IllegalActionException: Test fails in iteration 1.
Value was: 1.0. Should have been: 2.0
  in .DirectFeedback.Test
    while executing
"java::new ptolemy.moml.MoMLSimpleApplication $file
"
    (procedure "createAndExecute" line 2)
    invoked from within
"createAndExecute $file"
    ("uplevel" body line 5)
    invoked from within
"uplevel $contents_of_test"
------------------ testing $PTII/ptolemy/domains/de/test/auto/knownFailedTests/dependencyLoop.xml (Known Failure) 
8 ms. Memory: 129024K Free: 53194K (41%)


==== $PTIIhome/travis/build/icyphy/ptII/ptolemy/domains/de/test/../../../../: Auto Automatic test in file $PTII/ptolemy/domains/de/test/auto/knownFailedTests/dependencyLoop.xml
==== Contents of test case:

	    # FIXME: we should use $relativeFilename here, but it
	    # might have backslashes under Windows, which causes no end
	    # of trouble.
	    createAndExecute $file
	    list {}
	
.... Test generated KNOWN error:
    while executing
ptolemy.kernel.util.IllegalActionException: Found a zero delay loop containing .dependencyLoop.original
  in .dependencyLoop and .dependencyLoop.original
	at ptolemy.actor.util.CausalityInterfaceForComposites._computeOutputPortDepth(CausalityInterfaceForComposites.java:759)
	at ptolemy.actor.util.CausalityInterfaceForComposites._computeInputDepth(CausalityInterfaceForComposites.java:696)
	at ptolemy.actor.util.CausalityInterfaceForComposites._computeOutputPortDepth(CausalityInterfaceForComposites.java:765)
	at ptolemy.actor.util.CausalityInterfaceForComposites._computeInputDepth(CausalityInterfaceForComposites.java:696)
	at ptolemy.actor.util.CausalityInterfaceForComposites._computeOutputPortDepth(CausalityInterfaceForComposites.java:765)
	at ptolemy.actor.util.CausalityInterfaceForComposites._computeInputDepth(CausalityInterfaceForComposites.java:696)
	at ptolemy.actor.util.CausalityInterfaceForComposites._computeActorDepth(CausalityInterfaceForComposites.java:532)
	at ptolemy.actor.util.CausalityInterfaceForComposites.checkForCycles(CausalityInterfaceForComposites.java:96)
	at ptolemy.domains.de.kernel.DEDirector.preinitialize(DEDirector.java:1338)
	at ptolemy.actor.CompositeActor.preinitialize(CompositeActor.java:1828)
	at ptolemy.actor.Manager.preinitializeAndResolveTypes(Manager.java:1040)
	at ptolemy.actor.Manager.initialize(Manager.java:710)
	at ptolemy.actor.Manager.execute(Manager.java:356)
	at ptolemy.actor.Manager.run(Manager.java:1263)
	at ptolemy.actor.Manager$PtolemyRunThread.run(Manager.java:1933)

    while executing
ptolemy.kernel.util.IllegalActionException: Found a zero delay loop containing .dependencyLoop.original
  in .dependencyLoop and .dependencyLoop.original
    while executing
"java::new ptolemy.moml.MoMLSimpleApplication $file
"
    (procedure "createAndExecute" line 2)
    invoked from within
"createAndExecute $file"
    ("uplevel" body line 5)
    invoked from within
"uplevel $contents_of_test"
------------------ testing $PTII/ptolemy/domains/de/test/auto/knownFailedTests/FSMSource.xml (Known Failure) 
75 ms. Memory: 129024K Free: 112139K (87%)
!!!! Auto was marked as failing, but now passes
------------------ testing $PTII/ptolemy/domains/de/test/auto/knownFailedTests/HierarchicalModel.xml (Known Failure) 
5 ms. Memory: 129024K Free: 94261K (73%)


==== $PTIIhome/travis/build/icyphy/ptII/ptolemy/domains/de/test/../../../../: Auto Automatic test in file $PTII/ptolemy/domains/de/test/auto/knownFailedTests/HierarchicalModel.xml
==== Contents of test case:

	    # FIXME: we should use $relativeFilename here, but it
	    # might have backslashes under Windows, which causes no end
	    # of trouble.
	    createAndExecute $file
	    list {}
	
.... Test generated KNOWN error:
    while executing
ptolemy.kernel.util.IllegalActionException: Found a zero delay loop containing .HierarchicalModel.A
  in .HierarchicalModel and .HierarchicalModel.A
	at ptolemy.actor.util.CausalityInterfaceForComposites._computeOutputPortDepth(CausalityInterfaceForComposites.java:759)
	at ptolemy.actor.util.CausalityInterfaceForComposites._computeInputDepth(CausalityInterfaceForComposites.java:696)
	at ptolemy.actor.util.CausalityInterfaceForComposites._computeOutputPortDepth(CausalityInterfaceForComposites.java:765)
	at ptolemy.actor.util.CausalityInterfaceForComposites._computeInputDepth(CausalityInterfaceForComposites.java:696)
	at ptolemy.actor.util.CausalityInterfaceForComposites._computeOutputPortDepth(CausalityInterfaceForComposites.java:765)
	at ptolemy.actor.util.CausalityInterfaceForComposites._computeInputDepth(CausalityInterfaceForComposites.java:696)
	at ptolemy.actor.util.CausalityInterfaceForComposites._computeActorDepth(CausalityInterfaceForComposites.java:532)
	at ptolemy.actor.util.CausalityInterfaceForComposites.checkForCycles(CausalityInterfaceForComposites.java:96)
	at ptolemy.domains.de.kernel.DEDirector.preinitialize(DEDirector.java:1338)
	at ptolemy.actor.CompositeActor.preinitialize(CompositeActor.java:1828)
	at ptolemy.actor.Manager.preinitializeAndResolveTypes(Manager.java:1040)
	at ptolemy.actor.Manager.initialize(Manager.java:710)
	at ptolemy.actor.Manager.execute(Manager.java:356)
	at ptolemy.actor.Manager.run(Manager.java:1263)
	at ptolemy.actor.Manager$PtolemyRunThread.run(Manager.java:1933)

    while executing
ptolemy.kernel.util.IllegalActionException: Found a zero delay loop containing .HierarchicalModel.A
  in .HierarchicalModel and .HierarchicalModel.A
    while executing
"java::new ptolemy.moml.MoMLSimpleApplication $file
"
    (procedure "createAndExecute" line 2)
    invoked from within
"createAndExecute $file"
    ("uplevel" body line 5)
    invoked from within
"uplevel $contents_of_test"
------------------ testing $PTII/ptolemy/domains/de/test/auto/knownFailedTests/dependencyLoop2.xml (Known Failure) 
7 ms. Memory: 129024K Free: 78331K (61%)


==== $PTIIhome/travis/build/icyphy/ptII/ptolemy/domains/de/test/../../../../: Auto Automatic test in file $PTII/ptolemy/domains/de/test/auto/knownFailedTests/dependencyLoop2.xml
==== Contents of test case:

	    # FIXME: we should use $relativeFilename here, but it
	    # might have backslashes under Windows, which causes no end
	    # of trouble.
	    createAndExecute $file
	    list {}
	
.... Test generated KNOWN error:
    while executing
ptolemy.kernel.util.IllegalActionException: Found a zero delay loop containing .dependencyLoop2.original
  in .dependencyLoop2 and .dependencyLoop2.original
	at ptolemy.actor.util.CausalityInterfaceForComposites._computeOutputPortDepth(CausalityInterfaceForComposites.java:759)
	at ptolemy.actor.util.CausalityInterfaceForComposites._computeInputDepth(CausalityInterfaceForComposites.java:696)
	at ptolemy.actor.util.CausalityInterfaceForComposites._computeOutputPortDepth(CausalityInterfaceForComposites.java:765)
	at ptolemy.actor.util.CausalityInterfaceForComposites._computeInputDepth(CausalityInterfaceForComposites.java:696)
	at ptolemy.actor.util.CausalityInterfaceForComposites._computeOutputPortDepth(CausalityInterfaceForComposites.java:765)
	at ptolemy.actor.util.CausalityInterfaceForComposites._computeInputDepth(CausalityInterfaceForComposites.java:696)
	at ptolemy.actor.util.CausalityInterfaceForComposites._computeActorDepth(CausalityInterfaceForComposites.java:532)
	at ptolemy.actor.util.CausalityInterfaceForComposites.checkForCycles(CausalityInterfaceForComposites.java:96)
	at ptolemy.domains.de.kernel.DEDirector.preinitialize(DEDirector.java:1338)
	at ptolemy.actor.CompositeActor.preinitialize(CompositeActor.java:1828)
	at ptolemy.actor.Manager.preinitializeAndResolveTypes(Manager.java:1040)
	at ptolemy.actor.Manager.initialize(Manager.java:710)
	at ptolemy.actor.Manager.execute(Manager.java:356)
	at ptolemy.actor.Manager.run(Manager.java:1263)
	at ptolemy.actor.Manager$PtolemyRunThread.run(Manager.java:1933)

    while executing
ptolemy.kernel.util.IllegalActionException: Found a zero delay loop containing .dependencyLoop2.original
  in .dependencyLoop2 and .dependencyLoop2.original
    while executing
"java::new ptolemy.moml.MoMLSimpleApplication $file
"
    (procedure "createAndExecute" line 2)
    invoked from within
"createAndExecute $file"
    ("uplevel" body line 5)
    invoked from within
"uplevel $contents_of_test"
------------------ testing $PTII/ptolemy/domains/de/test/auto/knownFailedTests/DESDFClockTest.xml (Known Failure) 
2060 ms. Memory: 129024K Free: 106484K (83%)


==== $PTIIhome/travis/build/icyphy/ptII/ptolemy/domains/de/test/../../../../: Auto Automatic test in file $PTII/ptolemy/domains/de/test/auto/knownFailedTests/DESDFClockTest.xml
==== Contents of test case:

	    # FIXME: we should use $relativeFilename here, but it
	    # might have backslashes under Windows, which causes no end
	    # of trouble.
	    createAndExecute $file
	    list {}
	
.... Test generated KNOWN error:
    while executing
ptolemy.kernel.util.IllegalActionException: Actor is not ready to fire.  Perhaps UpSample.prefire() returned false? Try debugging the actor by selecting "Listen to Actor".  Also, for SDF check moml for tokenConsumptionRate on input.
  in .DESDFClockTest.Play Bell.Copy1:SDF Director and .DESDFClockTest.Play Bell.UpSample
	at ptolemy.actor.sched.StaticSchedulingDirector.fire(StaticSchedulingDirector.java:227)
	at ptolemy.domains.sdf.kernel.SDFDirector.fire(SDFDirector.java:500)
	at ptolemy.actor.CompositeActor.fire(CompositeActor.java:455)
	at ptolemy.domains.de.kernel.DEDirector._fire(DEDirector.java:1949)
	at ptolemy.domains.de.kernel.DEDirector.fire(DEDirector.java:502)
	at ptolemy.actor.CompositeActor.fire(CompositeActor.java:455)
	at ptolemy.actor.Manager.iterate(Manager.java:851)
	at ptolemy.actor.Manager.execute(Manager.java:369)
	at ptolemy.actor.Manager.run(Manager.java:1263)
	at ptolemy.actor.Manager$PtolemyRunThread.run(Manager.java:1933)

    while executing
ptolemy.kernel.util.IllegalActionException: Actor is not ready to fire.  Perhaps UpSample.prefire() returned false? Try debugging the actor by selecting "Listen to Actor".  Also, for SDF check moml for tokenConsumptionRate on input.
  in .DESDFClockTest.Play Bell.Copy1:SDF Director and .DESDFClockTest.Play Bell.UpSample
    while executing
"java::new ptolemy.moml.MoMLSimpleApplication $file
"
    (procedure "createAndExecute" line 2)
    invoked from within
"createAndExecute $file"
    ("uplevel" body line 5)
    invoked from within
"uplevel $contents_of_test"
------------------ testing $PTII/ptolemy/domains/de/test/auto/ActorDepthCalculation_actorWithoutPorts.xml
auto.tcl: Setting watchdog for 200 seconds at Wed Mar 25 13:38:39 UTC 2020
10 ms. Memory: 129024K Free: 98806K (77%)
ptolemy.util.test.WatchDog.cancel(): canceling Wed Mar 25 13:38:39 UTC 2020
auto.tcl: Setting watchdog for 200 seconds at Wed Mar 25 13:38:39 UTC 2020
8 ms. Memory: 129024K Free: 97254K (75%)
ptolemy.util.test.WatchDog.cancel(): canceling Wed Mar 25 13:38:39 UTC 2020
------------------ testing $PTII/ptolemy/domains/de/test/auto/AssemblyLine.xml
auto.tcl: Setting watchdog for 200 seconds at Wed Mar 25 13:38:40 UTC 2020
10 ms. Memory: 48128K Free: 24390K (51%)
ptolemy.util.test.WatchDog.cancel(): canceling Wed Mar 25 13:38:40 UTC 2020
auto.tcl: Setting watchdog for 200 seconds at Wed Mar 25 13:38:40 UTC 2020
6 ms. Memory: 48128K Free: 23654K (49%)
ptolemy.util.test.WatchDog.cancel(): canceling Wed Mar 25 13:38:40 UTC 2020
------------------ testing $PTII/ptolemy/domains/de/test/auto/CQBug1.xml
auto.tcl: Setting watchdog for 200 seconds at Wed Mar 25 13:38:40 UTC 2020
3 ms. Memory: 48128K Free: 30494K (63%)
ptolemy.util.test.WatchDog.cancel(): canceling Wed Mar 25 13:38:40 UTC 2020
auto.tcl: Setting watchdog for 200 seconds at Wed Mar 25 13:38:40 UTC 2020
2 ms. Memory: 48128K Free: 30054K (62%)
ptolemy.util.test.WatchDog.cancel(): canceling Wed Mar 25 13:38:40 UTC 2020
------------------ testing $PTII/ptolemy/domains/de/test/auto/CancelFireAt.xml
auto.tcl: Setting watchdog for 200 seconds at Wed Mar 25 13:38:40 UTC 2020
3 ms. Memory: 48128K Free: 31655K (66%)
ptolemy.util.test.WatchDog.cancel(): canceling Wed Mar 25 13:38:40 UTC 2020
auto.tcl: Setting watchdog for 200 seconds at Wed Mar 25 13:38:40 UTC 2020
2 ms. Memory: 48128K Free: 31089K (65%)
ptolemy.util.test.WatchDog.cancel(): canceling Wed Mar 25 13:38:40 UTC 2020
------------------ testing $PTII/ptolemy/domains/de/test/auto/CausalityAndComposabilityAnalysis.xml
auto.tcl: Setting watchdog for 200 seconds at Wed Mar 25 13:38:40 UTC 2020
8 ms. Memory: 48128K Free: 29394K (61%)
ptolemy.util.test.WatchDog.cancel(): canceling Wed Mar 25 13:38:40 UTC 2020
auto.tcl: Setting watchdog for 200 seconds at Wed Mar 25 13:38:40 UTC 2020
5 ms. Memory: 48128K Free: 28962K (60%)
ptolemy.util.test.WatchDog.cancel(): canceling Wed Mar 25 13:38:40 UTC 2020
------------------ testing $PTII/ptolemy/domains/de/test/auto/CausalityInterface1.xml
auto.tcl: Setting watchdog for 200 seconds at Wed Mar 25 13:38:40 UTC 2020
30 ms. Memory: 48128K Free: 28322K (59%)
ptolemy.util.test.WatchDog.cancel(): canceling Wed Mar 25 13:38:40 UTC 2020
auto.tcl: Setting watchdog for 200 seconds at Wed Mar 25 13:38:40 UTC 2020
4 ms. Memory: 48128K Free: 27327K (57%)
ptolemy.util.test.WatchDog.cancel(): canceling Wed Mar 25 13:38:40 UTC 2020
------------------ testing $PTII/ptolemy/domains/de/test/auto/CausalityInterface15.xml
auto.tcl: Setting watchdog for 200 seconds at Wed Mar 25 13:38:40 UTC 2020
9 ms. Memory: 48128K Free: 27919K (58%)
ptolemy.util.test.WatchDog.cancel(): canceling Wed Mar 25 13:38:40 UTC 2020
auto.tcl: Setting watchdog for 200 seconds at Wed Mar 25 13:38:40 UTC 2020
8 ms. Memory: 48128K Free: 27187K (56%)
ptolemy.util.test.WatchDog.cancel(): canceling Wed Mar 25 13:38:40 UTC 2020
------------------ testing $PTII/ptolemy/domains/de/test/auto/CausalityInterface2.xml
auto.tcl: Setting watchdog for 200 seconds at Wed Mar 25 13:38:40 UTC 2020
5 ms. Memory: 48128K Free: 28896K (60%)
ptolemy.util.test.WatchDog.cancel(): canceling Wed Mar 25 13:38:40 UTC 2020
auto.tcl: Setting watchdog for 200 seconds at Wed Mar 25 13:38:40 UTC 2020
3 ms. Memory: 48128K Free: 27756K (58%)
ptolemy.util.test.WatchDog.cancel(): canceling Wed Mar 25 13:38:40 UTC 2020
------------------ testing $PTII/ptolemy/domains/de/test/auto/CausalityInterface3.xml
auto.tcl: Setting watchdog for 200 seconds at Wed Mar 25 13:38:40 UTC 2020
5 ms. Memory: 48128K Free: 28415K (59%)
ptolemy.util.test.WatchDog.cancel(): canceling Wed Mar 25 13:38:40 UTC 2020
auto.tcl: Setting watchdog for 200 seconds at Wed Mar 25 13:38:40 UTC 2020
2 ms. Memory: 48128K Free: 27983K (58%)
ptolemy.util.test.WatchDog.cancel(): canceling Wed Mar 25 13:38:40 UTC 2020
------------------ testing $PTII/ptolemy/domains/de/test/auto/ClockDrift.xml
auto.tcl: Setting watchdog for 200 seconds at Wed Mar 25 13:38:40 UTC 2020
95 ms. Memory: 48128K Free: 20743K (43%)
ptolemy.util.test.WatchDog.cancel(): canceling Wed Mar 25 13:38:41 UTC 2020
auto.tcl: Setting watchdog for 200 seconds at Wed Mar 25 13:38:41 UTC 2020
65 ms. Memory: 48128K Free: 17545K (36%)
ptolemy.util.test.WatchDog.cancel(): canceling Wed Mar 25 13:38:41 UTC 2020
------------------ testing $PTII/ptolemy/domains/de/test/auto/ClockDriftAndValueChange.xml
auto.tcl: Setting watchdog for 200 seconds at Wed Mar 25 13:38:41 UTC 2020
29 ms. Memory: 48128K Free: 20835K (43%)
ptolemy.util.test.WatchDog.cancel(): canceling Wed Mar 25 13:38:41 UTC 2020
auto.tcl: Setting watchdog for 200 seconds at Wed Mar 25 13:38:41 UTC 2020
23 ms. Memory: 48128K Free: 17844K (37%)
ptolemy.util.test.WatchDog.cancel(): canceling Wed Mar 25 13:38:41 UTC 2020
------------------ testing $PTII/ptolemy/domains/de/test/auto/ClockDriftChange.xml
auto.tcl: Setting watchdog for 200 seconds at Wed Mar 25 13:38:41 UTC 2020
19 ms. Memory: 48128K Free: 23141K (48%)
ptolemy.util.test.WatchDog.cancel(): canceling Wed Mar 25 13:38:41 UTC 2020
auto.tcl: Setting watchdog for 200 seconds at Wed Mar 25 13:38:41 UTC 2020
24 ms. Memory: 48128K Free: 20565K (43%)
ptolemy.util.test.WatchDog.cancel(): canceling Wed Mar 25 13:38:41 UTC 2020
------------------ testing $PTII/ptolemy/domains/de/test/auto/ComposableCausalityAnalysis.xml
auto.tcl: Setting watchdog for 200 seconds at Wed Mar 25 13:38:41 UTC 2020
2 ms. Memory: 48128K Free: 27782K (58%)
ptolemy.util.test.WatchDog.cancel(): canceling Wed Mar 25 13:38:41 UTC 2020
auto.tcl: Setting watchdog for 200 seconds at Wed Mar 25 13:38:41 UTC 2020
4 ms. Memory: 48128K Free: 26740K (56%)
ptolemy.util.test.WatchDog.cancel(): canceling Wed Mar 25 13:38:41 UTC 2020
------------------ testing $PTII/ptolemy/domains/de/test/auto/DEFixedPointLimitation.xml
auto.tcl: Setting watchdog for 200 seconds at Wed Mar 25 13:38:41 UTC 2020
4 ms. Memory: 48128K Free: 29084K (60%)
ptolemy.util.test.WatchDog.cancel(): canceling Wed Mar 25 13:38:41 UTC 2020
auto.tcl: Setting watchdog for 200 seconds at Wed Mar 25 13:38:41 UTC 2020
2 ms. Memory: 48128K Free: 28202K (59%)
ptolemy.util.test.WatchDog.cancel(): canceling Wed Mar 25 13:38:41 UTC 2020
------------------ testing $PTII/ptolemy/domains/de/test/auto/DEScheduleTest.xml
auto.tcl: Setting watchdog for 200 seconds at Wed Mar 25 13:38:41 UTC 2020
4 ms. Memory: 48128K Free: 29427K (61%)
ptolemy.util.test.WatchDog.cancel(): canceling Wed Mar 25 13:38:41 UTC 2020
auto.tcl: Setting watchdog for 200 seconds at Wed Mar 25 13:38:41 UTC 2020
3 ms. Memory: 48128K Free: 28650K (60%)
ptolemy.util.test.WatchDog.cancel(): canceling Wed Mar 25 13:38:41 UTC 2020
------------------ testing $PTII/ptolemy/domains/de/test/auto/DEinDEwithStartTimes.xml
auto.tcl: Setting watchdog for 200 seconds at Wed Mar 25 13:38:41 UTC 2020
6 ms. Memory: 48128K Free: 27577K (57%)
ptolemy.util.test.WatchDog.cancel(): canceling Wed Mar 25 13:38:41 UTC 2020
auto.tcl: Setting watchdog for 200 seconds at Wed Mar 25 13:38:41 UTC 2020
3 ms. Memory: 48128K Free: 26553K (55%)
ptolemy.util.test.WatchDog.cancel(): canceling Wed Mar 25 13:38:41 UTC 2020
------------------ testing $PTII/ptolemy/domains/de/test/auto/DEinDEwithStartTimes2.xml
auto.tcl: Setting watchdog for 200 seconds at Wed Mar 25 13:38:41 UTC 2020
4 ms. Memory: 48128K Free: 26655K (55%)
ptolemy.util.test.WatchDog.cancel(): canceling Wed Mar 25 13:38:41 UTC 2020
auto.tcl: Setting watchdog for 200 seconds at Wed Mar 25 13:38:41 UTC 2020
4 ms. Memory: 48128K Free: 25401K (53%)
ptolemy.util.test.WatchDog.cancel(): canceling Wed Mar 25 13:38:41 UTC 2020
------------------ testing $PTII/ptolemy/domains/de/test/auto/DateDemo.xml
auto.tcl: Setting watchdog for 200 seconds at Wed Mar 25 13:38:41 UTC 2020
13 ms. Memory: 48128K Free: 21031K (44%)
ptolemy.util.test.WatchDog.cancel(): canceling Wed Mar 25 13:38:41 UTC 2020
auto.tcl: Setting watchdog for 200 seconds at Wed Mar 25 13:38:41 UTC 2020
6 ms. Memory: 48128K Free: 19405K (40%)
ptolemy.util.test.WatchDog.cancel(): canceling Wed Mar 25 13:38:41 UTC 2020
------------------ testing $PTII/ptolemy/domains/de/test/auto/DateToEvent.xml
auto.tcl: Setting watchdog for 200 seconds at Wed Mar 25 13:38:42 UTC 2020
2010 ms. Memory: 48128K Free: 16962K (35%)
ptolemy.util.test.WatchDog.cancel(): canceling Wed Mar 25 13:38:44 UTC 2020
auto.tcl: Setting watchdog for 200 seconds at Wed Mar 25 13:38:44 UTC 2020
2015 ms. Memory: 48128K Free: 16188K (34%)
ptolemy.util.test.WatchDog.cancel(): canceling Wed Mar 25 13:38:46 UTC 2020
------------------ testing $PTII/ptolemy/domains/de/test/auto/DepthTest1.xml
auto.tcl: Setting watchdog for 200 seconds at Wed Mar 25 13:38:46 UTC 2020
3 ms. Memory: 48128K Free: 30110K (63%)
ptolemy.util.test.WatchDog.cancel(): canceling Wed Mar 25 13:38:46 UTC 2020
auto.tcl: Setting watchdog for 200 seconds at Wed Mar 25 13:38:46 UTC 2020
2 ms. Memory: 48128K Free: 29676K (62%)
ptolemy.util.test.WatchDog.cancel(): canceling Wed Mar 25 13:38:46 UTC 2020
------------------ testing $PTII/ptolemy/domains/de/test/auto/DepthTest2.xml
auto.tcl: Setting watchdog for 200 seconds at Wed Mar 25 13:38:46 UTC 2020
4 ms. Memory: 48128K Free: 26954K (56%)
ptolemy.util.test.WatchDog.cancel(): canceling Wed Mar 25 13:38:46 UTC 2020
auto.tcl: Setting watchdog for 200 seconds at Wed Mar 25 13:38:46 UTC 2020
2 ms. Memory: 48128K Free: 26521K (55%)
ptolemy.util.test.WatchDog.cancel(): canceling Wed Mar 25 13:38:46 UTC 2020
------------------ testing $PTII/ptolemy/domains/de/test/auto/DepthTest3.xml
auto.tcl: Setting watchdog for 200 seconds at Wed Mar 25 13:38:46 UTC 2020
3 ms. Memory: 48128K Free: 30440K (63%)
ptolemy.util.test.WatchDog.cancel(): canceling Wed Mar 25 13:38:46 UTC 2020
auto.tcl: Setting watchdog for 200 seconds at Wed Mar 25 13:38:46 UTC 2020
2 ms. Memory: 48128K Free: 30008K (62%)
ptolemy.util.test.WatchDog.cancel(): canceling Wed Mar 25 13:38:46 UTC 2020
------------------ testing $PTII/ptolemy/domains/de/test/auto/DepthTest4.xml
auto.tcl: Setting watchdog for 200 seconds at Wed Mar 25 13:38:46 UTC 2020
9 ms. Memory: 48128K Free: 28712K (60%)
ptolemy.util.test.WatchDog.cancel(): canceling Wed Mar 25 13:38:46 UTC 2020
auto.tcl: Setting watchdog for 200 seconds at Wed Mar 25 13:38:46 UTC 2020
2 ms. Memory: 48128K Free: 28042K (58%)
ptolemy.util.test.WatchDog.cancel(): canceling Wed Mar 25 13:38:46 UTC 2020
------------------ testing $PTII/ptolemy/domains/de/test/auto/DepthTest5.xml
auto.tcl: Setting watchdog for 200 seconds at Wed Mar 25 13:38:46 UTC 2020
6 ms. Memory: 48128K Free: 28148K (58%)
ptolemy.util.test.WatchDog.cancel(): canceling Wed Mar 25 13:38:46 UTC 2020
auto.tcl: Setting watchdog for 200 seconds at Wed Mar 25 13:38:46 UTC 2020
2 ms. Memory: 48128K Free: 27402K (57%)
ptolemy.util.test.WatchDog.cancel(): canceling Wed Mar 25 13:38:46 UTC 2020
------------------ testing $PTII/ptolemy/domains/de/test/auto/DepthTest6.xml
auto.tcl: Setting watchdog for 200 seconds at Wed Mar 25 13:38:46 UTC 2020
4 ms. Memory: 48128K Free: 27916K (58%)
ptolemy.util.test.WatchDog.cancel(): canceling Wed Mar 25 13:38:46 UTC 2020
auto.tcl: Setting watchdog for 200 seconds at Wed Mar 25 13:38:46 UTC 2020
3 ms. Memory: 48128K Free: 27500K (57%)
ptolemy.util.test.WatchDog.cancel(): canceling Wed Mar 25 13:38:46 UTC 2020
------------------ testing $PTII/ptolemy/domains/de/test/auto/DepthTest7.xml
auto.tcl: Setting watchdog for 200 seconds at Wed Mar 25 13:38:46 UTC 2020
3 ms. Memory: 48128K Free: 28637K (60%)
ptolemy.util.test.WatchDog.cancel(): canceling Wed Mar 25 13:38:46 UTC 2020
auto.tcl: Setting watchdog for 200 seconds at Wed Mar 25 13:38:46 UTC 2020
3 ms. Memory: 48128K Free: 27951K (58%)
ptolemy.util.test.WatchDog.cancel(): canceling Wed Mar 25 13:38:46 UTC 2020
------------------ testing $PTII/ptolemy/domains/de/test/auto/EventToDate.xml
auto.tcl: Setting watchdog for 200 seconds at Wed Mar 25 13:38:46 UTC 2020
3009 ms. Memory: 48128K Free: 19418K (40%)
ptolemy.util.test.WatchDog.cancel(): canceling Wed Mar 25 13:38:49 UTC 2020
auto.tcl: Setting watchdog for 200 seconds at Wed Mar 25 13:38:49 UTC 2020
3005 ms. Memory: 48128K Free: 18785K (39%)
ptolemy.util.test.WatchDog.cancel(): canceling Wed Mar 25 13:38:52 UTC 2020
------------------ testing $PTII/ptolemy/domains/de/test/auto/FSM1.xml
auto.tcl: Setting watchdog for 200 seconds at Wed Mar 25 13:38:52 UTC 2020
31 ms. Memory: 48128K Free: 20204K (42%)
ptolemy.util.test.WatchDog.cancel(): canceling Wed Mar 25 13:38:52 UTC 2020
auto.tcl: Setting watchdog for 200 seconds at Wed Mar 25 13:38:52 UTC 2020
19 ms. Memory: 48128K Free: 17038K (35%)
ptolemy.util.test.WatchDog.cancel(): canceling Wed Mar 25 13:38:52 UTC 2020
------------------ testing $PTII/ptolemy/domains/de/test/auto/FSM7.xml
auto.tcl: Setting watchdog for 200 seconds at Wed Mar 25 13:38:52 UTC 2020
21 ms. Memory: 48128K Free: 20390K (42%)
ptolemy.util.test.WatchDog.cancel(): canceling Wed Mar 25 13:38:52 UTC 2020
auto.tcl: Setting watchdog for 200 seconds at Wed Mar 25 13:38:52 UTC 2020
13 ms. Memory: 48128K Free: 17260K (36%)
ptolemy.util.test.WatchDog.cancel(): canceling Wed Mar 25 13:38:52 UTC 2020
------------------ testing $PTII/ptolemy/domains/de/test/auto/Inspection.xml
auto.tcl: Setting watchdog for 200 seconds at Wed Mar 25 13:38:52 UTC 2020
24 ms. Memory: 48128K Free: 20422K (42%)
ptolemy.util.test.WatchDog.cancel(): canceling Wed Mar 25 13:38:52 UTC 2020
auto.tcl: Setting watchdog for 200 seconds at Wed Mar 25 13:38:52 UTC 2020
17 ms. Memory: 48128K Free: 18698K (39%)
ptolemy.util.test.WatchDog.cancel(): canceling Wed Mar 25 13:38:53 UTC 2020
------------------ testing $PTII/ptolemy/domains/de/test/auto/Iteration.xml
auto.tcl: Setting watchdog for 200 seconds at Wed Mar 25 13:38:53 UTC 2020
6 ms. Memory: 48128K Free: 26166K (54%)
ptolemy.util.test.WatchDog.cancel(): canceling Wed Mar 25 13:38:53 UTC 2020
auto.tcl: Setting watchdog for 200 seconds at Wed Mar 25 13:38:53 UTC 2020
5 ms. Memory: 48128K Free: 24754K (51%)
ptolemy.util.test.WatchDog.cancel(): canceling Wed Mar 25 13:38:53 UTC 2020
------------------ testing $PTII/ptolemy/domains/de/test/auto/LineFault.xml
auto.tcl: Setting watchdog for 200 seconds at Wed Mar 25 13:38:53 UTC 2020
548 ms. Memory: 48128K Free: 24434K (51%)
ptolemy.util.test.WatchDog.cancel(): canceling Wed Mar 25 13:38:53 UTC 2020
auto.tcl: Setting watchdog for 200 seconds at Wed Mar 25 13:38:53 UTC 2020
478 ms. Memory: 59392K Free: 21473K (36%)
ptolemy.util.test.WatchDog.cancel(): canceling Wed Mar 25 13:38:54 UTC 2020
------------------ testing $PTII/ptolemy/domains/de/test/auto/MergeModel1Add.xml
auto.tcl: Setting watchdog for 200 seconds at Wed Mar 25 13:38:54 UTC 2020
30 ms. Memory: 58368K Free: 22392K (38%)
ptolemy.util.test.WatchDog.cancel(): canceling Wed Mar 25 13:38:54 UTC 2020
auto.tcl: Setting watchdog for 200 seconds at Wed Mar 25 13:38:54 UTC 2020
9 ms. Memory: 58368K Free: 20718K (35%)
ptolemy.util.test.WatchDog.cancel(): canceling Wed Mar 25 13:38:54 UTC 2020
------------------ testing $PTII/ptolemy/domains/de/test/auto/MergeModel2Add.xml
auto.tcl: Setting watchdog for 200 seconds at Wed Mar 25 13:38:54 UTC 2020
7 ms. Memory: 55296K Free: 21125K (38%)
ptolemy.util.test.WatchDog.cancel(): canceling Wed Mar 25 13:38:54 UTC 2020
auto.tcl: Setting watchdog for 200 seconds at Wed Mar 25 13:38:54 UTC 2020
8 ms. Memory: 55296K Free: 19406K (35%)
ptolemy.util.test.WatchDog.cancel(): canceling Wed Mar 25 13:38:54 UTC 2020
------------------ testing $PTII/ptolemy/domains/de/test/auto/MergeModel3Add.xml
auto.tcl: Setting watchdog for 200 seconds at Wed Mar 25 13:38:54 UTC 2020
7 ms. Memory: 55296K Free: 21390K (39%)
ptolemy.util.test.WatchDog.cancel(): canceling Wed Mar 25 13:38:54 UTC 2020
auto.tcl: Setting watchdog for 200 seconds at Wed Mar 25 13:38:54 UTC 2020
6 ms. Memory: 55296K Free: 19857K (36%)
ptolemy.util.test.WatchDog.cancel(): canceling Wed Mar 25 13:38:54 UTC 2020
------------------ testing $PTII/ptolemy/domains/de/test/auto/MergeWithoutDiscard.xml
auto.tcl: Setting watchdog for 200 seconds at Wed Mar 25 13:38:54 UTC 2020
3 ms. Memory: 55296K Free: 35914K (65%)
ptolemy.util.test.WatchDog.cancel(): canceling Wed Mar 25 13:38:54 UTC 2020
auto.tcl: Setting watchdog for 200 seconds at Wed Mar 25 13:38:54 UTC 2020
1 ms. Memory: 55296K Free: 35479K (64%)
ptolemy.util.test.WatchDog.cancel(): canceling Wed Mar 25 13:38:54 UTC 2020
------------------ testing $PTII/ptolemy/domains/de/test/auto/Modal1.xml
auto.tcl: Setting watchdog for 200 seconds at Wed Mar 25 13:38:54 UTC 2020
20 ms. Memory: 51200K Free: 24024K (47%)
ptolemy.util.test.WatchDog.cancel(): canceling Wed Mar 25 13:38:54 UTC 2020
auto.tcl: Setting watchdog for 200 seconds at Wed Mar 25 13:38:54 UTC 2020
15 ms. Memory: 51200K Free: 20740K (41%)
ptolemy.util.test.WatchDog.cancel(): canceling Wed Mar 25 13:38:54 UTC 2020
------------------ testing $PTII/ptolemy/domains/de/test/auto/Modal2.xml
auto.tcl: Setting watchdog for 200 seconds at Wed Mar 25 13:38:54 UTC 2020
15 ms. Memory: 51200K Free: 23900K (47%)
ptolemy.util.test.WatchDog.cancel(): canceling Wed Mar 25 13:38:54 UTC 2020
auto.tcl: Setting watchdog for 200 seconds at Wed Mar 25 13:38:54 UTC 2020
17 ms. Memory: 51200K Free: 20644K (40%)
ptolemy.util.test.WatchDog.cancel(): canceling Wed Mar 25 13:38:55 UTC 2020
------------------ testing $PTII/ptolemy/domains/de/test/auto/Modal3.xml
auto.tcl: Setting watchdog for 200 seconds at Wed Mar 25 13:38:55 UTC 2020
11 ms. Memory: 51200K Free: 23412K (46%)
ptolemy.util.test.WatchDog.cancel(): canceling Wed Mar 25 13:38:55 UTC 2020
auto.tcl: Setting watchdog for 200 seconds at Wed Mar 25 13:38:55 UTC 2020
11 ms. Memory: 51200K Free: 20303K (40%)
ptolemy.util.test.WatchDog.cancel(): canceling Wed Mar 25 13:38:55 UTC 2020
------------------ testing $PTII/ptolemy/domains/de/test/auto/Modal4.xml
auto.tcl: Setting watchdog for 200 seconds at Wed Mar 25 13:38:55 UTC 2020
12 ms. Memory: 51200K Free: 22818K (45%)
ptolemy.util.test.WatchDog.cancel(): canceling Wed Mar 25 13:38:55 UTC 2020
auto.tcl: Setting watchdog for 200 seconds at Wed Mar 25 13:38:55 UTC 2020
13 ms. Memory: 51200K Free: 19013K (37%)
ptolemy.util.test.WatchDog.cancel(): canceling Wed Mar 25 13:38:55 UTC 2020
------------------ testing $PTII/ptolemy/domains/de/test/auto/Modal5.xml
auto.tcl: Setting watchdog for 200 seconds at Wed Mar 25 13:38:55 UTC 2020
12 ms. Memory: 51200K Free: 22837K (45%)
ptolemy.util.test.WatchDog.cancel(): canceling Wed Mar 25 13:38:55 UTC 2020
auto.tcl: Setting watchdog for 200 seconds at Wed Mar 25 13:38:55 UTC 2020
13 ms. Memory: 51200K Free: 19001K (37%)
ptolemy.util.test.WatchDog.cancel(): canceling Wed Mar 25 13:38:55 UTC 2020
------------------ testing $PTII/ptolemy/domains/de/test/auto/Modal6.xml
auto.tcl: Setting watchdog for 200 seconds at Wed Mar 25 13:38:55 UTC 2020
15 ms. Memory: 51200K Free: 23645K (46%)
ptolemy.util.test.WatchDog.cancel(): canceling Wed Mar 25 13:38:55 UTC 2020
auto.tcl: Setting watchdog for 200 seconds at Wed Mar 25 13:38:55 UTC 2020
19 ms. Memory: 51200K Free: 19649K (38%)
ptolemy.util.test.WatchDog.cancel(): canceling Wed Mar 25 13:38:55 UTC 2020
------------------ testing $PTII/ptolemy/domains/de/test/auto/Modal7.xml
auto.tcl: Setting watchdog for 200 seconds at Wed Mar 25 13:38:55 UTC 2020
9 ms. Memory: 51200K Free: 22803K (45%)
ptolemy.util.test.WatchDog.cancel(): canceling Wed Mar 25 13:38:55 UTC 2020
auto.tcl: Setting watchdog for 200 seconds at Wed Mar 25 13:38:55 UTC 2020
11 ms. Memory: 51200K Free: 19272K (38%)
ptolemy.util.test.WatchDog.cancel(): canceling Wed Mar 25 13:38:55 UTC 2020
------------------ testing $PTII/ptolemy/domains/de/test/auto/ModalModel.xml
auto.tcl: Setting watchdog for 200 seconds at Wed Mar 25 13:38:55 UTC 2020
169 ms. Memory: 51200K Free: 13023K (25%)
ptolemy.util.test.WatchDog.cancel(): canceling Wed Mar 25 13:38:55 UTC 2020
auto.tcl: Setting watchdog for 200 seconds at Wed Mar 25 13:38:55 UTC 2020
188 ms. Memory: 61440K Free: 40172K (65%)
ptolemy.util.test.WatchDog.cancel(): canceling Wed Mar 25 13:38:55 UTC 2020
------------------ testing $PTII/ptolemy/domains/de/test/auto/ModalSource.xml
auto.tcl: Setting watchdog for 200 seconds at Wed Mar 25 13:38:55 UTC 2020
7 ms. Memory: 55296K Free: 31767K (57%)
ptolemy.util.test.WatchDog.cancel(): canceling Wed Mar 25 13:38:56 UTC 2020
auto.tcl: Setting watchdog for 200 seconds at Wed Mar 25 13:38:56 UTC 2020
5 ms. Memory: 55296K Free: 29719K (54%)
ptolemy.util.test.WatchDog.cancel(): canceling Wed Mar 25 13:38:56 UTC 2020
------------------ testing $PTII/ptolemy/domains/de/test/auto/NonInterruptibleTimerZeroDelay.xml
auto.tcl: Setting watchdog for 200 seconds at Wed Mar 25 13:38:56 UTC 2020
3 ms. Memory: 55296K Free: 36664K (66%)
ptolemy.util.test.WatchDog.cancel(): canceling Wed Mar 25 13:38:56 UTC 2020
auto.tcl: Setting watchdog for 200 seconds at Wed Mar 25 13:38:56 UTC 2020
2 ms. Memory: 55296K Free: 36036K (65%)
ptolemy.util.test.WatchDog.cancel(): canceling Wed Mar 25 13:38:56 UTC 2020
------------------ testing $PTII/ptolemy/domains/de/test/auto/OpenQueueingNetwork.xml
auto.tcl: Setting watchdog for 200 seconds at Wed Mar 25 13:38:56 UTC 2020
2658 ms. Memory: 134144K Free: 84921K (63%)
ptolemy.util.test.WatchDog.cancel(): canceling Wed Mar 25 13:38:58 UTC 2020
auto.tcl: Setting watchdog for 200 seconds at Wed Mar 25 13:38:58 UTC 2020
2332 ms. Memory: 161792K Free: 119235K (74%)
ptolemy.util.test.WatchDog.cancel(): canceling Wed Mar 25 13:39:01 UTC 2020
------------------ testing $PTII/ptolemy/domains/de/test/auto/OpenQueuingNetwork.xml
auto.tcl: Setting watchdog for 200 seconds at Wed Mar 25 13:39:01 UTC 2020
212 ms. Memory: 58368K Free: 31806K (54%)
ptolemy.util.test.WatchDog.cancel(): canceling Wed Mar 25 13:39:01 UTC 2020
auto.tcl: Setting watchdog for 200 seconds at Wed Mar 25 13:39:01 UTC 2020
211 ms. Memory: 58368K Free: 12787K (22%)
ptolemy.util.test.WatchDog.cancel(): canceling Wed Mar 25 13:39:01 UTC 2020
------------------ testing $PTII/ptolemy/domains/de/test/auto/PeriodicSampler.xml
auto.tcl: Setting watchdog for 200 seconds at Wed Mar 25 13:39:01 UTC 2020
3 ms. Memory: 51200K Free: 31806K (62%)
ptolemy.util.test.WatchDog.cancel(): canceling Wed Mar 25 13:39:01 UTC 2020
auto.tcl: Setting watchdog for 200 seconds at Wed Mar 25 13:39:01 UTC 2020
2 ms. Memory: 51200K Free: 31286K (61%)
ptolemy.util.test.WatchDog.cancel(): canceling Wed Mar 25 13:39:01 UTC 2020
------------------ testing $PTII/ptolemy/domains/de/test/auto/PersistentIO.xml
auto.tcl: Setting watchdog for 200 seconds at Wed Mar 25 13:39:01 UTC 2020
5 ms. Memory: 51200K Free: 26730K (52%)
ptolemy.util.test.WatchDog.cancel(): canceling Wed Mar 25 13:39:01 UTC 2020
auto.tcl: Setting watchdog for 200 seconds at Wed Mar 25 13:39:01 UTC 2020
3 ms. Memory: 51200K Free: 25210K (49%)
ptolemy.util.test.WatchDog.cancel(): canceling Wed Mar 25 13:39:01 UTC 2020
------------------ testing $PTII/ptolemy/domains/de/test/auto/PortParameterResetOnInitialize.xml
auto.tcl: Setting watchdog for 200 seconds at Wed Mar 25 13:39:01 UTC 2020
2 ms. Memory: 51200K Free: 31922K (62%)
ptolemy.util.test.WatchDog.cancel(): canceling Wed Mar 25 13:39:01 UTC 2020
auto.tcl: Setting watchdog for 200 seconds at Wed Mar 25 13:39:01 UTC 2020
2 ms. Memory: 51200K Free: 31413K (61%)
ptolemy.util.test.WatchDog.cancel(): canceling Wed Mar 25 13:39:01 UTC 2020
------------------ testing $PTII/ptolemy/domains/de/test/auto/PortParameterUpdates.xml
auto.tcl: Setting watchdog for 200 seconds at Wed Mar 25 13:39:01 UTC 2020
3 ms. Memory: 51200K Free: 29798K (58%)
ptolemy.util.test.WatchDog.cancel(): canceling Wed Mar 25 13:39:02 UTC 2020
auto.tcl: Setting watchdog for 200 seconds at Wed Mar 25 13:39:02 UTC 2020
3 ms. Memory: 51200K Free: 28785K (56%)
ptolemy.util.test.WatchDog.cancel(): canceling Wed Mar 25 13:39:02 UTC 2020
------------------ testing $PTII/ptolemy/domains/de/test/auto/QueueAndServer.xml
auto.tcl: Setting watchdog for 200 seconds at Wed Mar 25 13:39:02 UTC 2020
11 ms. Memory: 51200K Free: 28690K (56%)
ptolemy.util.test.WatchDog.cancel(): canceling Wed Mar 25 13:39:02 UTC 2020
auto.tcl: Setting watchdog for 200 seconds at Wed Mar 25 13:39:02 UTC 2020
9 ms. Memory: 51200K Free: 27218K (53%)
ptolemy.util.test.WatchDog.cancel(): canceling Wed Mar 25 13:39:02 UTC 2020
------------------ testing $PTII/ptolemy/domains/de/test/auto/Records.xml
auto.tcl: Setting watchdog for 200 seconds at Wed Mar 25 13:39:02 UTC 2020
4 ms. Memory: 51200K Free: 30967K (60%)
ptolemy.util.test.WatchDog.cancel(): canceling Wed Mar 25 13:39:02 UTC 2020
auto.tcl: Setting watchdog for 200 seconds at Wed Mar 25 13:39:02 UTC 2020
1 ms. Memory: 51200K Free: 30455K (59%)
ptolemy.util.test.WatchDog.cancel(): canceling Wed Mar 25 13:39:02 UTC 2020
------------------ testing $PTII/ptolemy/domains/de/test/auto/ResetTransitionWithStartTime1.xml
auto.tcl: Setting watchdog for 200 seconds at Wed Mar 25 13:39:02 UTC 2020
12 ms. Memory: 51200K Free: 28214K (55%)
ptolemy.util.test.WatchDog.cancel(): canceling Wed Mar 25 13:39:02 UTC 2020
auto.tcl: Setting watchdog for 200 seconds at Wed Mar 25 13:39:02 UTC 2020
6 ms. Memory: 51200K Free: 26150K (51%)
ptolemy.util.test.WatchDog.cancel(): canceling Wed Mar 25 13:39:02 UTC 2020
------------------ testing $PTII/ptolemy/domains/de/test/auto/ResetTransitionWithStartTime2.xml
auto.tcl: Setting watchdog for 200 seconds at Wed Mar 25 13:39:02 UTC 2020
5 ms. Memory: 51200K Free: 28169K (55%)
ptolemy.util.test.WatchDog.cancel(): canceling Wed Mar 25 13:39:02 UTC 2020
auto.tcl: Setting watchdog for 200 seconds at Wed Mar 25 13:39:02 UTC 2020
5 ms. Memory: 51200K Free: 25607K (50%)
ptolemy.util.test.WatchDog.cancel(): canceling Wed Mar 25 13:39:02 UTC 2020
------------------ testing $PTII/ptolemy/domains/de/test/auto/ResetTransitionWithStartTime3.xml
auto.tcl: Setting watchdog for 200 seconds at Wed Mar 25 13:39:02 UTC 2020
5 ms. Memory: 51200K Free: 28169K (55%)
ptolemy.util.test.WatchDog.cancel(): canceling Wed Mar 25 13:39:02 UTC 2020
auto.tcl: Setting watchdog for 200 seconds at Wed Mar 25 13:39:02 UTC 2020
5 ms. Memory: 51200K Free: 26129K (51%)
ptolemy.util.test.WatchDog.cancel(): canceling Wed Mar 25 13:39:02 UTC 2020
------------------ testing $PTII/ptolemy/domains/de/test/auto/ResetTransitionWithStartTime4.xml
auto.tcl: Setting watchdog for 200 seconds at Wed Mar 25 13:39:02 UTC 2020
10 ms. Memory: 51200K Free: 28615K (56%)
ptolemy.util.test.WatchDog.cancel(): canceling Wed Mar 25 13:39:02 UTC 2020
auto.tcl: Setting watchdog for 200 seconds at Wed Mar 25 13:39:02 UTC 2020
4 ms. Memory: 51200K Free: 27145K (53%)
ptolemy.util.test.WatchDog.cancel(): canceling Wed Mar 25 13:39:02 UTC 2020
------------------ testing $PTII/ptolemy/domains/de/test/auto/ResettableTimer1.xml
auto.tcl: Setting watchdog for 200 seconds at Wed Mar 25 13:39:02 UTC 2020
3 ms. Memory: 51200K Free: 32337K (63%)
ptolemy.util.test.WatchDog.cancel(): canceling Wed Mar 25 13:39:02 UTC 2020
auto.tcl: Setting watchdog for 200 seconds at Wed Mar 25 13:39:02 UTC 2020
2 ms. Memory: 51200K Free: 31717K (62%)
ptolemy.util.test.WatchDog.cancel(): canceling Wed Mar 25 13:39:02 UTC 2020
------------------ testing $PTII/ptolemy/domains/de/test/auto/ResettableTimer2.xml
auto.tcl: Setting watchdog for 200 seconds at Wed Mar 25 13:39:02 UTC 2020
2 ms. Memory: 51200K Free: 32439K (63%)
ptolemy.util.test.WatchDog.cancel(): canceling Wed Mar 25 13:39:02 UTC 2020
auto.tcl: Setting watchdog for 200 seconds at Wed Mar 25 13:39:02 UTC 2020
2 ms. Memory: 51200K Free: 31798K (62%)
ptolemy.util.test.WatchDog.cancel(): canceling Wed Mar 25 13:39:02 UTC 2020
------------------ testing $PTII/ptolemy/domains/de/test/auto/ResettableTimer3.xml
auto.tcl: Setting watchdog for 200 seconds at Wed Mar 25 13:39:02 UTC 2020
1 ms. Memory: 51200K Free: 32301K (63%)
ptolemy.util.test.WatchDog.cancel(): canceling Wed Mar 25 13:39:02 UTC 2020
auto.tcl: Setting watchdog for 200 seconds at Wed Mar 25 13:39:02 UTC 2020
1 ms. Memory: 51200K Free: 32301K (63%)
ptolemy.util.test.WatchDog.cancel(): canceling Wed Mar 25 13:39:02 UTC 2020
------------------ testing $PTII/ptolemy/domains/de/test/auto/ResettableTimer4.xml
auto.tcl: Setting watchdog for 200 seconds at Wed Mar 25 13:39:02 UTC 2020
1 ms. Memory: 51200K Free: 32314K (63%)
ptolemy.util.test.WatchDog.cancel(): canceling Wed Mar 25 13:39:02 UTC 2020
auto.tcl: Setting watchdog for 200 seconds at Wed Mar 25 13:39:02 UTC 2020
1 ms. Memory: 51200K Free: 31800K (62%)
ptolemy.util.test.WatchDog.cancel(): canceling Wed Mar 25 13:39:02 UTC 2020
------------------ testing $PTII/ptolemy/domains/de/test/auto/ResettableTimer5.xml
auto.tcl: Setting watchdog for 200 seconds at Wed Mar 25 13:39:02 UTC 2020
2 ms. Memory: 51200K Free: 31798K (62%)
ptolemy.util.test.WatchDog.cancel(): canceling Wed Mar 25 13:39:02 UTC 2020
auto.tcl: Setting watchdog for 200 seconds at Wed Mar 25 13:39:02 UTC 2020
2 ms. Memory: 51200K Free: 31288K (61%)
ptolemy.util.test.WatchDog.cancel(): canceling Wed Mar 25 13:39:02 UTC 2020
------------------ testing $PTII/ptolemy/domains/de/test/auto/ResettableTimer6.xml
auto.tcl: Setting watchdog for 200 seconds at Wed Mar 25 13:39:02 UTC 2020
1 ms. Memory: 51200K Free: 31789K (62%)
ptolemy.util.test.WatchDog.cancel(): canceling Wed Mar 25 13:39:02 UTC 2020
auto.tcl: Setting watchdog for 200 seconds at Wed Mar 25 13:39:02 UTC 2020
2 ms. Memory: 51200K Free: 31279K (61%)
ptolemy.util.test.WatchDog.cancel(): canceling Wed Mar 25 13:39:02 UTC 2020
------------------ testing $PTII/ptolemy/domains/de/test/auto/ServerZeroDelay.xml
auto.tcl: Setting watchdog for 200 seconds at Wed Mar 25 13:39:02 UTC 2020
3 ms. Memory: 51200K Free: 32294K (63%)
ptolemy.util.test.WatchDog.cancel(): canceling Wed Mar 25 13:39:02 UTC 2020
auto.tcl: Setting watchdog for 200 seconds at Wed Mar 25 13:39:02 UTC 2020
2 ms. Memory: 51200K Free: 31270K (61%)
ptolemy.util.test.WatchDog.cancel(): canceling Wed Mar 25 13:39:02 UTC 2020
------------------ testing $PTII/ptolemy/domains/de/test/auto/SmartSender.xml
auto.tcl: Setting watchdog for 200 seconds at Wed Mar 25 13:39:02 UTC 2020
3002 ms. Memory: 51200K Free: 31774K (62%)
ptolemy.util.test.WatchDog.cancel(): canceling Wed Mar 25 13:39:05 UTC 2020
auto.tcl: Setting watchdog for 200 seconds at Wed Mar 25 13:39:05 UTC 2020
3001 ms. Memory: 51200K Free: 31264K (61%)
ptolemy.util.test.WatchDog.cancel(): canceling Wed Mar 25 13:39:08 UTC 2020
------------------ testing $PTII/ptolemy/domains/de/test/auto/ThreadedComposite.xml
auto.tcl: Setting watchdog for 200 seconds at Wed Mar 25 13:39:08 UTC 2020
240 ms. Memory: 51200K Free: 10799K (21%)
ptolemy.util.test.WatchDog.cancel(): canceling Wed Mar 25 13:39:09 UTC 2020
auto.tcl: Setting watchdog for 200 seconds at Wed Mar 25 13:39:09 UTC 2020
181 ms. Memory: 51200K Free: 23379K (46%)
ptolemy.util.test.WatchDog.cancel(): canceling Wed Mar 25 13:39:09 UTC 2020
------------------ testing $PTII/ptolemy/domains/de/test/auto/Time.xml
auto.tcl: Setting watchdog for 200 seconds at Wed Mar 25 13:39:09 UTC 2020
485 ms. Memory: 51200K Free: 8579K (17%)
ptolemy.util.test.WatchDog.cancel(): canceling Wed Mar 25 13:39:10 UTC 2020
auto.tcl: Setting watchdog for 200 seconds at Wed Mar 25 13:39:10 UTC 2020
524 ms. Memory: 51200K Free: 12088K (24%)
ptolemy.util.test.WatchDog.cancel(): canceling Wed Mar 25 13:39:10 UTC 2020
------------------ testing $PTII/ptolemy/domains/de/test/auto/TimeDelayZeroDelay.xml
auto.tcl: Setting watchdog for 200 seconds at Wed Mar 25 13:39:10 UTC 2020
2 ms. Memory: 51200K Free: 32219K (63%)
ptolemy.util.test.WatchDog.cancel(): canceling Wed Mar 25 13:39:10 UTC 2020
auto.tcl: Setting watchdog for 200 seconds at Wed Mar 25 13:39:10 UTC 2020
2 ms. Memory: 51200K Free: 31347K (61%)
ptolemy.util.test.WatchDog.cancel(): canceling Wed Mar 25 13:39:10 UTC 2020
------------------ testing $PTII/ptolemy/domains/de/test/auto/TimerZeroDelay.xml
auto.tcl: Setting watchdog for 200 seconds at Wed Mar 25 13:39:10 UTC 2020
3 ms. Memory: 51200K Free: 32628K (64%)
ptolemy.util.test.WatchDog.cancel(): canceling Wed Mar 25 13:39:10 UTC 2020
auto.tcl: Setting watchdog for 200 seconds at Wed Mar 25 13:39:10 UTC 2020
1 ms. Memory: 51200K Free: 31826K (62%)
ptolemy.util.test.WatchDog.cancel(): canceling Wed Mar 25 13:39:10 UTC 2020
------------------ testing $PTII/ptolemy/domains/de/test/auto/TimingParadox.xml
auto.tcl: Setting watchdog for 200 seconds at Wed Mar 25 13:39:10 UTC 2020
321 ms. Memory: 63488K Free: 33649K (53%)
ptolemy.util.test.WatchDog.cancel(): canceling Wed Mar 25 13:39:11 UTC 2020
auto.tcl: Setting watchdog for 200 seconds at Wed Mar 25 13:39:11 UTC 2020
286 ms. Memory: 63488K Free: 32665K (51%)
ptolemy.util.test.WatchDog.cancel(): canceling Wed Mar 25 13:39:11 UTC 2020
------------------ testing $PTII/ptolemy/domains/de/test/auto/TransferInputs.xml
auto.tcl: Setting watchdog for 200 seconds at Wed Mar 25 13:39:11 UTC 2020
2 ms. Memory: 55296K Free: 34826K (63%)
ptolemy.util.test.WatchDog.cancel(): canceling Wed Mar 25 13:39:11 UTC 2020
auto.tcl: Setting watchdog for 200 seconds at Wed Mar 25 13:39:11 UTC 2020
1 ms. Memory: 55296K Free: 33966K (61%)
ptolemy.util.test.WatchDog.cancel(): canceling Wed Mar 25 13:39:11 UTC 2020
------------------ testing $PTII/ptolemy/domains/de/test/auto/TransferOutputs2.xml
auto.tcl: Setting watchdog for 200 seconds at Wed Mar 25 13:39:11 UTC 2020
2 ms. Memory: 51200K Free: 28172K (55%)
ptolemy.util.test.WatchDog.cancel(): canceling Wed Mar 25 13:39:11 UTC 2020
auto.tcl: Setting watchdog for 200 seconds at Wed Mar 25 13:39:11 UTC 2020
3 ms. Memory: 51200K Free: 26786K (52%)
ptolemy.util.test.WatchDog.cancel(): canceling Wed Mar 25 13:39:11 UTC 2020
------------------ testing $PTII/ptolemy/domains/de/test/auto/Trilateration.xml
auto.tcl: Setting watchdog for 200 seconds at Wed Mar 25 13:39:11 UTC 2020
11592 ms. Memory: 414720K Free: 292352K (70%)
ptolemy.util.test.WatchDog.cancel(): canceling Wed Mar 25 13:39:24 UTC 2020
auto.tcl: Setting watchdog for 200 seconds at Wed Mar 25 13:39:24 UTC 2020
8744 ms. Memory: 414720K Free: 348676K (84%)
ptolemy.util.test.WatchDog.cancel(): canceling Wed Mar 25 13:39:33 UTC 2020
------------------ testing $PTII/ptolemy/domains/de/test/auto/TwoSigmaDelta.xml
auto.tcl: Setting watchdog for 200 seconds at Wed Mar 25 13:39:33 UTC 2020
2259 ms. Memory: 89088K Free: 13034K (15%)
ptolemy.util.test.WatchDog.cancel(): canceling Wed Mar 25 13:39:35 UTC 2020
auto.tcl: Setting watchdog for 200 seconds at Wed Mar 25 13:39:35 UTC 2020
1609 ms. Memory: 89088K Free: 58570K (66%)
ptolemy.util.test.WatchDog.cancel(): canceling Wed Mar 25 13:39:37 UTC 2020
------------------ testing $PTII/ptolemy/domains/de/test/auto/VariableDelay.xml
auto.tcl: Setting watchdog for 200 seconds at Wed Mar 25 13:39:37 UTC 2020
3 ms. Memory: 55296K Free: 35305K (64%)
ptolemy.util.test.WatchDog.cancel(): canceling Wed Mar 25 13:39:37 UTC 2020
auto.tcl: Setting watchdog for 200 seconds at Wed Mar 25 13:39:37 UTC 2020
1 ms. Memory: 55296K Free: 34311K (62%)
ptolemy.util.test.WatchDog.cancel(): canceling Wed Mar 25 13:39:37 UTC 2020
------------------ testing $PTII/ptolemy/domains/de/test/auto/VariableDelay2.xml
auto.tcl: Setting watchdog for 200 seconds at Wed Mar 25 13:39:37 UTC 2020
6 ms. Memory: 55296K Free: 35719K (65%)
ptolemy.util.test.WatchDog.cancel(): canceling Wed Mar 25 13:39:37 UTC 2020
auto.tcl: Setting watchdog for 200 seconds at Wed Mar 25 13:39:37 UTC 2020
2 ms. Memory: 55296K Free: 35221K (64%)
ptolemy.util.test.WatchDog.cancel(): canceling Wed Mar 25 13:39:37 UTC 2020
------------------ testing $PTII/ptolemy/domains/de/test/auto/VariableDelayZeroDelay.xml
auto.tcl: Setting watchdog for 200 seconds at Wed Mar 25 13:39:37 UTC 2020
2 ms. Memory: 55296K Free: 36259K (66%)
ptolemy.util.test.WatchDog.cancel(): canceling Wed Mar 25 13:39:37 UTC 2020
auto.tcl: Setting watchdog for 200 seconds at Wed Mar 25 13:39:37 UTC 2020
2 ms. Memory: 55296K Free: 35702K (65%)
ptolemy.util.test.WatchDog.cancel(): canceling Wed Mar 25 13:39:37 UTC 2020
------------------ testing $PTII/ptolemy/domains/de/test/auto/VariableDelayZeroDelay2.xml
auto.tcl: Setting watchdog for 200 seconds at Wed Mar 25 13:39:37 UTC 2020
2 ms. Memory: 55296K Free: 36245K (66%)
ptolemy.util.test.WatchDog.cancel(): canceling Wed Mar 25 13:39:37 UTC 2020
auto.tcl: Setting watchdog for 200 seconds at Wed Mar 25 13:39:37 UTC 2020
2 ms. Memory: 55296K Free: 35221K (64%)
ptolemy.util.test.WatchDog.cancel(): canceling Wed Mar 25 13:39:37 UTC 2020
------------------ testing $PTII/ptolemy/domains/de/test/auto/deInCt.xml
auto.tcl: Setting watchdog for 200 seconds at Wed Mar 25 13:39:37 UTC 2020
0
1
1
1
0
0
0
1
1
1
0
0
0
0
0
0
0
0
0
1
1
1
0
0
0
1
1
1
1
1
14 ms. Memory: 55296K Free: 35218K (64%)
ptolemy.util.test.WatchDog.cancel(): canceling Wed Mar 25 13:39:37 UTC 2020
auto.tcl: Setting watchdog for 200 seconds at Wed Mar 25 13:39:37 UTC 2020
0
1
1
1
1
1
0
0
0
1
1
1
0
0
0
0
1
1
1
0
0
1
1
1
0
0
0
0
0
1
1
0
0
0
0
1
1
1
0
0
0
12 ms. Memory: 55296K Free: 33680K (61%)
ptolemy.util.test.WatchDog.cancel(): canceling Wed Mar 25 13:39:37 UTC 2020
------------------ testing $PTII/ptolemy/domains/de/test/auto/deInCt2.xml
auto.tcl: Setting watchdog for 200 seconds at Wed Mar 25 13:39:37 UTC 2020
0
1
1
1
0
0
1
1
1
0
0
1
1
1
0
0
1
1
1
0
0
1
1
1
0
0
1
1
1
0
0
1
1
1
0
0
1
1
1
0
0
0
5 ms. Memory: 51200K Free: 31168K (61%)
ptolemy.util.test.WatchDog.cancel(): canceling Wed Mar 25 13:39:37 UTC 2020
auto.tcl: Setting watchdog for 200 seconds at Wed Mar 25 13:39:37 UTC 2020
0
1
1
1
0
0
1
1
1
0
0
1
1
1
0
0
1
1
1
0
0
1
1
1
0
0
1
1
1
0
0
1
1
1
0
0
1
1
1
0
0
0
5 ms. Memory: 51200K Free: 29571K (58%)
ptolemy.util.test.WatchDog.cancel(): canceling Wed Mar 25 13:39:37 UTC 2020
------------------ testing $PTII/ptolemy/domains/de/test/auto/dynamicCausalityInterface1.xml
auto.tcl: Setting watchdog for 200 seconds at Wed Mar 25 13:39:37 UTC 2020
1 ms. Memory: 51200K Free: 27021K (53%)
ptolemy.util.test.WatchDog.cancel(): canceling Wed Mar 25 13:39:37 UTC 2020
auto.tcl: Setting watchdog for 200 seconds at Wed Mar 25 13:39:37 UTC 2020
1 ms. Memory: 51200K Free: 26524K (52%)
ptolemy.util.test.WatchDog.cancel(): canceling Wed Mar 25 13:39:37 UTC 2020
------------------ testing $PTII/ptolemy/domains/de/test/auto/fsm_de_test.xml
auto.tcl: Setting watchdog for 200 seconds at Wed Mar 25 13:39:37 UTC 2020
10 ms. Memory: 51200K Free: 26920K (53%)
ptolemy.util.test.WatchDog.cancel(): canceling Wed Mar 25 13:39:37 UTC 2020
auto.tcl: Setting watchdog for 200 seconds at Wed Mar 25 13:39:37 UTC 2020
6 ms. Memory: 51200K Free: 24872K (49%)
ptolemy.util.test.WatchDog.cancel(): canceling Wed Mar 25 13:39:37 UTC 2020
------------------ testing $PTII/ptolemy/domains/de/test/auto/functionDependencyReconstruction.xml
auto.tcl: Setting watchdog for 200 seconds at Wed Mar 25 13:39:37 UTC 2020
2 ms. Memory: 51200K Free: 20766K (41%)
ptolemy.util.test.WatchDog.cancel(): canceling Wed Mar 25 13:39:37 UTC 2020
auto.tcl: Setting watchdog for 200 seconds at Wed Mar 25 13:39:37 UTC 2020
3 ms. Memory: 51200K Free: 18718K (37%)
ptolemy.util.test.WatchDog.cancel(): canceling Wed Mar 25 13:39:37 UTC 2020
------------------ testing $PTII/ptolemy/domains/de/test/auto/multirate.xml
auto.tcl: Setting watchdog for 200 seconds at Wed Mar 25 13:39:37 UTC 2020
5 ms. Memory: 51200K Free: 28963K (57%)
ptolemy.util.test.WatchDog.cancel(): canceling Wed Mar 25 13:39:37 UTC 2020
auto.tcl: Setting watchdog for 200 seconds at Wed Mar 25 13:39:37 UTC 2020
3 ms. Memory: 51200K Free: 27816K (54%)
ptolemy.util.test.WatchDog.cancel(): canceling Wed Mar 25 13:39:37 UTC 2020
------------------ testing $PTII/ptolemy/domains/de/test/auto/multirate2.xml
auto.tcl: Setting watchdog for 200 seconds at Wed Mar 25 13:39:37 UTC 2020
3 ms. Memory: 51200K Free: 29517K (58%)
ptolemy.util.test.WatchDog.cancel(): canceling Wed Mar 25 13:39:37 UTC 2020
auto.tcl: Setting watchdog for 200 seconds at Wed Mar 25 13:39:37 UTC 2020
2 ms. Memory: 51200K Free: 27998K (55%)
ptolemy.util.test.WatchDog.cancel(): canceling Wed Mar 25 13:39:37 UTC 2020
------------------ testing $PTII/ptolemy/domains/de/test/auto/realtime.xml
auto.tcl: Setting watchdog for 200 seconds at Wed Mar 25 13:39:37 UTC 2020
10001 ms. Memory: 51200K Free: 31780K (62%)
ptolemy.util.test.WatchDog.cancel(): canceling Wed Mar 25 13:39:47 UTC 2020
auto.tcl: Setting watchdog for 200 seconds at Wed Mar 25 13:39:47 UTC 2020
10001 ms. Memory: 51200K Free: 31067K (61%)
ptolemy.util.test.WatchDog.cancel(): canceling Wed Mar 25 13:39:57 UTC 2020
------------------ testing $PTII/ptolemy/domains/de/test/auto/relationGroup.xml
auto.tcl: Setting watchdog for 200 seconds at Wed Mar 25 13:39:57 UTC 2020
2 ms. Memory: 51200K Free: 32829K (64%)
ptolemy.util.test.WatchDog.cancel(): canceling Wed Mar 25 13:39:57 UTC 2020
auto.tcl: Setting watchdog for 200 seconds at Wed Mar 25 13:39:57 UTC 2020
2 ms. Memory: 51200K Free: 32116K (63%)
ptolemy.util.test.WatchDog.cancel(): canceling Wed Mar 25 13:39:57 UTC 2020
------------------ testing $PTII/ptolemy/domains/de/test/auto/relationGroup2.xml
auto.tcl: Setting watchdog for 200 seconds at Wed Mar 25 13:39:58 UTC 2020
1 ms. Memory: 51200K Free: 32683K (64%)
ptolemy.util.test.WatchDog.cancel(): canceling Wed Mar 25 13:39:58 UTC 2020
auto.tcl: Setting watchdog for 200 seconds at Wed Mar 25 13:39:58 UTC 2020
2 ms. Memory: 51200K Free: 32182K (63%)
ptolemy.util.test.WatchDog.cancel(): canceling Wed Mar 25 13:39:58 UTC 2020
------------------ testing $PTII/ptolemy/domains/de/test/auto/sortWithOpaquePorts.xml
auto.tcl: Setting watchdog for 200 seconds at Wed Mar 25 13:39:58 UTC 2020
2 ms. Memory: 51200K Free: 31648K (62%)
ptolemy.util.test.WatchDog.cancel(): canceling Wed Mar 25 13:39:58 UTC 2020
auto.tcl: Setting watchdog for 200 seconds at Wed Mar 25 13:39:58 UTC 2020
2 ms. Memory: 51200K Free: 30640K (60%)
ptolemy.util.test.WatchDog.cancel(): canceling Wed Mar 25 13:39:58 UTC 2020
------------------ testing $PTII/ptolemy/domains/de/test/auto/transferInputsandOutputs.xml
auto.tcl: Setting watchdog for 200 seconds at Wed Mar 25 13:39:58 UTC 2020
2 ms. Memory: 51200K Free: 29090K (57%)
ptolemy.util.test.WatchDog.cancel(): canceling Wed Mar 25 13:39:58 UTC 2020
auto.tcl: Setting watchdog for 200 seconds at Wed Mar 25 13:39:58 UTC 2020
3 ms. Memory: 51200K Free: 28066K (55%)
ptolemy.util.test.WatchDog.cancel(): canceling Wed Mar 25 13:39:58 UTC 2020
------------------ testing $PTII/ptolemy/domains/de/test/auto/triggerType.xml
auto.tcl: Setting watchdog for 200 seconds at Wed Mar 25 13:39:58 UTC 2020
1 ms. Memory: 51200K Free: 32113K (63%)
ptolemy.util.test.WatchDog.cancel(): canceling Wed Mar 25 13:39:58 UTC 2020
auto.tcl: Setting watchdog for 200 seconds at Wed Mar 25 13:39:58 UTC 2020
1 ms. Memory: 51200K Free: 31089K (61%)
ptolemy.util.test.WatchDog.cancel(): canceling Wed Mar 25 13:39:58 UTC 2020
03/25/20 01:39:58
Failed: 0  Total Tests: 192  ((Passed: 187, Newly Passed: 1)  Known Failed: 5) /home/travis/build/icyphy/ptII/ptolemy/domains/de/test
03/25/20 01:39:58
Failed: 0  Total Tests: 192  ((Passed: 187, Newly Passed: 1)  Known Failed: 5) /home/travis/build/icyphy/ptII/ptolemy/domains/de/test
----------------- testing (KnownFailure) /home/travis/build/icyphy/ptII/ptolemy/domains/de/test/auto/knownFailedTests/DESDFClockTest.xml
2013 ms. Memory: 51200K Free: 24999K (49%)
Known Failure: java.lang.reflect.InvocationTargetException
----------------- testing (KnownFailure) /home/travis/build/icyphy/ptII/ptolemy/domains/de/test/auto/knownFailedTests/DirectFeedback.xml
3 ms. Memory: 51200K Free: 20903K (41%)
Known Failure: java.lang.reflect.InvocationTargetException
----------------- testing (KnownFailure) /home/travis/build/icyphy/ptII/ptolemy/domains/de/test/auto/knownFailedTests/FSMSource.xml
10 ms. Memory: 51200K Free: 13735K (27%)
----------------- testing (KnownFailure) /home/travis/build/icyphy/ptII/ptolemy/domains/de/test/auto/knownFailedTests/HierarchicalModel.xml
2 ms. Memory: 51200K Free: 26969K (53%)
Known Failure: java.lang.reflect.InvocationTargetException
----------------- testing (KnownFailure) /home/travis/build/icyphy/ptII/ptolemy/domains/de/test/auto/knownFailedTests/dependencyLoop.xml
2 ms. Memory: 51200K Free: 11593K (23%)
Known Failure: java.lang.reflect.InvocationTargetException
----------------- testing (KnownFailure) /home/travis/build/icyphy/ptII/ptolemy/domains/de/test/auto/knownFailedTests/dependencyLoop2.xml
6 ms. Memory: 51200K Free: 25463K (50%)
Known Failure: java.lang.reflect.InvocationTargetException
No auto/linux-amd64/*.xml tests in /home/travis/build/icyphy/ptII/ptolemy/domains/de/test
AutoTests.java: About to close Vertx.
AutoTests.java: Vertx closed.

===========================================================================================
----------------- testing Wed Mar 25 13:40:00 UTC 2020 /home/travis/build/icyphy/ptII/ptolemy/domains/de/test/auto/ActorDepthCalculation_actorWithoutPorts.xml
----------------- Instantiating /home/travis/build/icyphy/ptII/ptolemy/domains/de/test/auto/ActorDepthCalculation_actorWithoutPorts.xml
2 ms. Memory: 51200K Free: 18613K (36%)
----------------- Invoking toplevel() on ptolemy.moml.MoMLSimpleApplication@c570136
----------------- Done invoking toplevel() on ptolemy.moml.MoMLSimpleApplication@c570136
reloadAllAccessors: .ActorDepthCalculation_actorWithoutPorts

===========================================================================================
----------------- testing Wed Mar 25 13:40:00 UTC 2020 /home/travis/build/icyphy/ptII/ptolemy/domains/de/test/auto/AssemblyLine.xml
----------------- Instantiating /home/travis/build/icyphy/ptII/ptolemy/domains/de/test/auto/AssemblyLine.xml
4 ms. Memory: 51200K Free: 11501K (22%)
----------------- Invoking toplevel() on ptolemy.moml.MoMLSimpleApplication@6efe8fd2
----------------- Done invoking toplevel() on ptolemy.moml.MoMLSimpleApplication@6efe8fd2
reloadAllAccessors: .AssemblyLine

===========================================================================================
----------------- testing Wed Mar 25 13:40:00 UTC 2020 /home/travis/build/icyphy/ptII/ptolemy/domains/de/test/auto/CQBug1.xml
----------------- Instantiating /home/travis/build/icyphy/ptII/ptolemy/domains/de/test/auto/CQBug1.xml
1 ms. Memory: 51200K Free: 8668K (17%)
----------------- Invoking toplevel() on ptolemy.moml.MoMLSimpleApplication@72dc79fb
----------------- Done invoking toplevel() on ptolemy.moml.MoMLSimpleApplication@72dc79fb
reloadAllAccessors: .CQBug1

===========================================================================================
----------------- testing Wed Mar 25 13:40:00 UTC 2020 /home/travis/build/icyphy/ptII/ptolemy/domains/de/test/auto/CancelFireAt.xml
----------------- Instantiating /home/travis/build/icyphy/ptII/ptolemy/domains/de/test/auto/CancelFireAt.xml
1 ms. Memory: 51200K Free: 35157K (69%)
----------------- Invoking toplevel() on ptolemy.moml.MoMLSimpleApplication@500c38ca
----------------- Done invoking toplevel() on ptolemy.moml.MoMLSimpleApplication@500c38ca
reloadAllAccessors: .CancelFireAt

===========================================================================================
----------------- testing Wed Mar 25 13:40:00 UTC 2020 /home/travis/build/icyphy/ptII/ptolemy/domains/de/test/auto/CausalityAndComposabilityAnalysis.xml
----------------- Instantiating /home/travis/build/icyphy/ptII/ptolemy/domains/de/test/auto/CausalityAndComposabilityAnalysis.xml
2 ms. Memory: 51200K Free: 30824K (60%)
----------------- Invoking toplevel() on ptolemy.moml.MoMLSimpleApplication@47ffb056
----------------- Done invoking toplevel() on ptolemy.moml.MoMLSimpleApplication@47ffb056
reloadAllAccessors: .CausalityAndComposabilityAnalysis

===========================================================================================
----------------- testing Wed Mar 25 13:40:00 UTC 2020 /home/travis/build/icyphy/ptII/ptolemy/domains/de/test/auto/CausalityInterface1.xml
----------------- Instantiating /home/travis/build/icyphy/ptII/ptolemy/domains/de/test/auto/CausalityInterface1.xml
5 ms. Memory: 51200K Free: 25834K (50%)
----------------- Invoking toplevel() on ptolemy.moml.MoMLSimpleApplication@24422ba8
----------------- Done invoking toplevel() on ptolemy.moml.MoMLSimpleApplication@24422ba8
reloadAllAccessors: .CausalityInterface1

===========================================================================================
----------------- testing Wed Mar 25 13:40:00 UTC 2020 /home/travis/build/icyphy/ptII/ptolemy/domains/de/test/auto/CausalityInterface15.xml
----------------- Instantiating /home/travis/build/icyphy/ptII/ptolemy/domains/de/test/auto/CausalityInterface15.xml
2 ms. Memory: 51200K Free: 20340K (40%)
----------------- Invoking toplevel() on ptolemy.moml.MoMLSimpleApplication@173ea069
----------------- Done invoking toplevel() on ptolemy.moml.MoMLSimpleApplication@173ea069
reloadAllAccessors: .CausalityInterface15

===========================================================================================
----------------- testing Wed Mar 25 13:40:00 UTC 2020 /home/travis/build/icyphy/ptII/ptolemy/domains/de/test/auto/CausalityInterface2.xml
----------------- Instantiating /home/travis/build/icyphy/ptII/ptolemy/domains/de/test/auto/CausalityInterface2.xml
1 ms. Memory: 51200K Free: 15704K (31%)
[...]
	at ptolemy.actor.Manager.run(Manager.java:1263)
	at ptolemy.actor.Manager$PtolemyRunThread.run(Manager.java:1933)
java.lang.RuntimeException: Execution failed
	at ptolemy.moml.MoMLSimpleApplication$UnloadThread.run(MoMLSimpleApplication.java:402)
Caused by: ptolemy.kernel.util.IllegalActionException: Actor is not ready to fire.  Perhaps UpSample.prefire() returned false? Try debugging the actor by selecting "Listen to Actor".  Also, for SDF check moml for tokenConsumptionRate on input.
  in .DESDFClockTest.Play Bell.Copy1:SDF Director and .DESDFClockTest.Play Bell.UpSample
	at ptolemy.actor.sched.StaticSchedulingDirector.fire(StaticSchedulingDirector.java:227)
	at ptolemy.domains.sdf.kernel.SDFDirector.fire(SDFDirector.java:500)
	at ptolemy.actor.CompositeActor.fire(CompositeActor.java:455)
	at ptolemy.domains.de.kernel.DEDirector._fire(DEDirector.java:1949)
	at ptolemy.domains.de.kernel.DEDirector.fire(DEDirector.java:502)
	at ptolemy.actor.CompositeActor.fire(CompositeActor.java:455)
	at ptolemy.actor.Manager.iterate(Manager.java:851)
	at ptolemy.actor.Manager.execute(Manager.java:369)
	at ptolemy.actor.Manager.run(Manager.java:1263)
	at ptolemy.actor.Manager$PtolemyRunThread.run(Manager.java:1933)
java.lang.reflect.InvocationTargetException
	at java.base/jdk.internal.reflect.NativeConstructorAccessorImpl.newInstance0(Native Method)
	at java.base/jdk.internal.reflect.NativeConstructorAccessorImpl.newInstance(NativeConstructorAccessorImpl.java:62)
	at java.base/jdk.internal.reflect.DelegatingConstructorAccessorImpl.newInstance(DelegatingConstructorAccessorImpl.java:45)
	at java.base/java.lang.reflect.Constructor.newInstance(Constructor.java:490)
	at ptolemy.util.test.junit.AutoKnownFailedTests.RunModel(AutoKnownFailedTests.java:105)
	at java.base/jdk.internal.reflect.NativeMethodAccessorImpl.invoke0(Native Method)
	at java.base/jdk.internal.reflect.NativeMethodAccessorImpl.invoke(NativeMethodAccessorImpl.java:62)
	at java.base/jdk.internal.reflect.DelegatingMethodAccessorImpl.invoke(DelegatingMethodAccessorImpl.java:43)
	at java.base/java.lang.reflect.Method.invoke(Method.java:566)
	at org.junit.runners.model.FrameworkMethod$1.runReflectiveCall(FrameworkMethod.java:44)
	at org.junit.internal.runners.model.ReflectiveCallable.run(ReflectiveCallable.java:15)
	at org.junit.runners.model.FrameworkMethod.invokeExplosively(FrameworkMethod.java:41)
	at junitparams.internal.InvokeParameterisedMethod.evaluate(InvokeParameterisedMethod.java:102)
	at org.junit.internal.runners.statements.FailOnTimeout$1.run(FailOnTimeout.java:28)
Caused by: ptolemy.kernel.util.IllegalActionException: Actor is not ready to fire.  Perhaps UpSample.prefire() returned false? Try debugging the actor by selecting "Listen to Actor".  Also, for SDF check moml for tokenConsumptionRate on input.
  in .DESDFClockTest.Play Bell.Copy1:SDF Director and .DESDFClockTest.Play Bell.UpSample
	at ptolemy.actor.sched.StaticSchedulingDirector.fire(StaticSchedulingDirector.java:227)
	at ptolemy.domains.sdf.kernel.SDFDirector.fire(SDFDirector.java:500)
	at ptolemy.actor.CompositeActor.fire(CompositeActor.java:455)
	at ptolemy.domains.de.kernel.DEDirector._fire(DEDirector.java:1949)
	at ptolemy.domains.de.kernel.DEDirector.fire(DEDirector.java:502)
	at ptolemy.actor.CompositeActor.fire(CompositeActor.java:455)
	at ptolemy.actor.Manager.iterate(Manager.java:851)
	at ptolemy.actor.Manager.execute(Manager.java:369)
	at ptolemy.actor.Manager.run(Manager.java:1263)
	at ptolemy.actor.Manager$PtolemyRunThread.run(Manager.java:1933)
java.lang.RuntimeException: Execution failed
	at ptolemy.moml.MoMLSimpleApplication$UnloadThread.run(MoMLSimpleApplication.java:402)
Caused by: ptolemy.kernel.util.IllegalActionException: Test fails in iteration 1.
Value was: 1.0. Should have been: 2.0
  in .DirectFeedback.Test
	at ptolemy.actor.lib.Test.fire(Test.java:268)
	at ptolemy.domains.de.kernel.DEDirector._fire(DEDirector.java:1949)
	at ptolemy.domains.de.kernel.DEDirector.fire(DEDirector.java:502)
	at ptolemy.actor.CompositeActor.fire(CompositeActor.java:455)
	at ptolemy.actor.Manager.iterate(Manager.java:851)
	at ptolemy.actor.Manager.execute(Manager.java:369)
	at ptolemy.actor.Manager.run(Manager.java:1263)
	at ptolemy.actor.Manager$PtolemyRunThread.run(Manager.java:1933)
java.lang.reflect.InvocationTargetException
	at java.base/jdk.internal.reflect.NativeConstructorAccessorImpl.newInstance0(Native Method)
	at java.base/jdk.internal.reflect.NativeConstructorAccessorImpl.newInstance(NativeConstructorAccessorImpl.java:62)
	at java.base/jdk.internal.reflect.DelegatingConstructorAccessorImpl.newInstance(DelegatingConstructorAccessorImpl.java:45)
	at java.base/java.lang.reflect.Constructor.newInstance(Constructor.java:490)
	at ptolemy.util.test.junit.AutoKnownFailedTests.RunModel(AutoKnownFailedTests.java:105)
	at java.base/jdk.internal.reflect.NativeMethodAccessorImpl.invoke0(Native Method)
	at java.base/jdk.internal.reflect.NativeMethodAccessorImpl.invoke(NativeMethodAccessorImpl.java:62)
	at java.base/jdk.internal.reflect.DelegatingMethodAccessorImpl.invoke(DelegatingMethodAccessorImpl.java:43)
	at java.base/java.lang.reflect.Method.invoke(Method.java:566)
	at org.junit.runners.model.FrameworkMethod$1.runReflectiveCall(FrameworkMethod.java:44)
	at org.junit.internal.runners.model.ReflectiveCallable.run(ReflectiveCallable.java:15)
	at org.junit.runners.model.FrameworkMethod.invokeExplosively(FrameworkMethod.java:41)
	at junitparams.internal.InvokeParameterisedMethod.evaluate(InvokeParameterisedMethod.java:102)
	at org.junit.internal.runners.statements.FailOnTimeout$1.run(FailOnTimeout.java:28)
Caused by: ptolemy.kernel.util.IllegalActionException: Test fails in iteration 1.
Value was: 1.0. Should have been: 2.0
  in .DirectFeedback.Test
	at ptolemy.actor.lib.Test.fire(Test.java:268)
	at ptolemy.domains.de.kernel.DEDirector._fire(DEDirector.java:1949)
	at ptolemy.domains.de.kernel.DEDirector.fire(DEDirector.java:502)
	at ptolemy.actor.CompositeActor.fire(CompositeActor.java:455)
	at ptolemy.actor.Manager.iterate(Manager.java:851)
	at ptolemy.actor.Manager.execute(Manager.java:369)
	at ptolemy.actor.Manager.run(Manager.java:1263)
	at ptolemy.actor.Manager$PtolemyRunThread.run(Manager.java:1933)
java.lang.RuntimeException: Execution failed
	at ptolemy.moml.MoMLSimpleApplication$UnloadThread.run(MoMLSimpleApplication.java:402)
Caused by: ptolemy.kernel.util.IllegalActionException: Found a zero delay loop containing .HierarchicalModel.A
  in .HierarchicalModel and .HierarchicalModel.A
	at ptolemy.actor.util.CausalityInterfaceForComposites._computeOutputPortDepth(CausalityInterfaceForComposites.java:759)
	at ptolemy.actor.util.CausalityInterfaceForComposites._computeInputDepth(CausalityInterfaceForComposites.java:696)
	at ptolemy.actor.util.CausalityInterfaceForComposites._computeOutputPortDepth(CausalityInterfaceForComposites.java:765)
	at ptolemy.actor.util.CausalityInterfaceForComposites._computeInputDepth(CausalityInterfaceForComposites.java:696)
	at ptolemy.actor.util.CausalityInterfaceForComposites._computeOutputPortDepth(CausalityInterfaceForComposites.java:765)
	at ptolemy.actor.util.CausalityInterfaceForComposites._computeInputDepth(CausalityInterfaceForComposites.java:696)
	at ptolemy.actor.util.CausalityInterfaceForComposites._computeActorDepth(CausalityInterfaceForComposites.java:532)
	at ptolemy.actor.util.CausalityInterfaceForComposites.checkForCycles(CausalityInterfaceForComposites.java:96)
	at ptolemy.domains.de.kernel.DEDirector.preinitialize(DEDirector.java:1338)
	at ptolemy.actor.CompositeActor.preinitialize(CompositeActor.java:1828)
	at ptolemy.actor.Manager.preinitializeAndResolveTypes(Manager.java:1040)
	at ptolemy.actor.Manager.initialize(Manager.java:710)
	at ptolemy.actor.Manager.execute(Manager.java:356)
	at ptolemy.actor.Manager.run(Manager.java:1263)
	at ptolemy.actor.Manager$PtolemyRunThread.run(Manager.java:1933)
java.lang.reflect.InvocationTargetException
	at java.base/jdk.internal.reflect.NativeConstructorAccessorImpl.newInstance0(Native Method)
	at java.base/jdk.internal.reflect.NativeConstructorAccessorImpl.newInstance(NativeConstructorAccessorImpl.java:62)
	at java.base/jdk.internal.reflect.DelegatingConstructorAccessorImpl.newInstance(DelegatingConstructorAccessorImpl.java:45)
	at java.base/java.lang.reflect.Constructor.newInstance(Constructor.java:490)
	at ptolemy.util.test.junit.AutoKnownFailedTests.RunModel(AutoKnownFailedTests.java:105)
	at java.base/jdk.internal.reflect.NativeMethodAccessorImpl.invoke0(Native Method)
	at java.base/jdk.internal.reflect.NativeMethodAccessorImpl.invoke(NativeMethodAccessorImpl.java:62)
	at java.base/jdk.internal.reflect.DelegatingMethodAccessorImpl.invoke(DelegatingMethodAccessorImpl.java:43)
	at java.base/java.lang.reflect.Method.invoke(Method.java:566)
	at org.junit.runners.model.FrameworkMethod$1.runReflectiveCall(FrameworkMethod.java:44)
	at org.junit.internal.runners.model.ReflectiveCallable.run(ReflectiveCallable.java:15)
	at org.junit.runners.model.FrameworkMethod.invokeExplosively(FrameworkMethod.java:41)
	at junitparams.internal.InvokeParameterisedMethod.evaluate(InvokeParameterisedMethod.java:102)
	at org.junit.internal.runners.statements.FailOnTimeout$1.run(FailOnTimeout.java:28)
Caused by: ptolemy.kernel.util.IllegalActionException: Found a zero delay loop containing .HierarchicalModel.A
  in .HierarchicalModel and .HierarchicalModel.A
	at ptolemy.actor.util.CausalityInterfaceForComposites._computeOutputPortDepth(CausalityInterfaceForComposites.java:759)
	at ptolemy.actor.util.CausalityInterfaceForComposites._computeInputDepth(CausalityInterfaceForComposites.java:696)
	at ptolemy.actor.util.CausalityInterfaceForComposites._computeOutputPortDepth(CausalityInterfaceForComposites.java:765)
	at ptolemy.actor.util.CausalityInterfaceForComposites._computeInputDepth(CausalityInterfaceForComposites.java:696)
	at ptolemy.actor.util.CausalityInterfaceForComposites._computeOutputPortDepth(CausalityInterfaceForComposites.java:765)
	at ptolemy.actor.util.CausalityInterfaceForComposites._computeInputDepth(CausalityInterfaceForComposites.java:696)
	at ptolemy.actor.util.CausalityInterfaceForComposites._computeActorDepth(CausalityInterfaceForComposites.java:532)
	at ptolemy.actor.util.CausalityInterfaceForComposites.checkForCycles(CausalityInterfaceForComposites.java:96)
	at ptolemy.domains.de.kernel.DEDirector.preinitialize(DEDirector.java:1338)
	at ptolemy.actor.CompositeActor.preinitialize(CompositeActor.java:1828)
	at ptolemy.actor.Manager.preinitializeAndResolveTypes(Manager.java:1040)
	at ptolemy.actor.Manager.initialize(Manager.java:710)
	at ptolemy.actor.Manager.execute(Manager.java:356)
	at ptolemy.actor.Manager.run(Manager.java:1263)
	at ptolemy.actor.Manager$PtolemyRunThread.run(Manager.java:1933)
java.lang.RuntimeException: Execution failed
	at ptolemy.moml.MoMLSimpleApplication$UnloadThread.run(MoMLSimpleApplication.java:402)
Caused by: ptolemy.kernel.util.IllegalActionException: Found a zero delay loop containing .dependencyLoop.original
  in .dependencyLoop and .dependencyLoop.original
	at ptolemy.actor.util.CausalityInterfaceForComposites._computeOutputPortDepth(CausalityInterfaceForComposites.java:759)
	at ptolemy.actor.util.CausalityInterfaceForComposites._computeInputDepth(CausalityInterfaceForComposites.java:696)
	at ptolemy.actor.util.CausalityInterfaceForComposites._computeOutputPortDepth(CausalityInterfaceForComposites.java:765)
	at ptolemy.actor.util.CausalityInterfaceForComposites._computeInputDepth(CausalityInterfaceForComposites.java:696)
	at ptolemy.actor.util.CausalityInterfaceForComposites._computeOutputPortDepth(CausalityInterfaceForComposites.java:765)
	at ptolemy.actor.util.CausalityInterfaceForComposites._computeInputDepth(CausalityInterfaceForComposites.java:696)
	at ptolemy.actor.util.CausalityInterfaceForComposites._computeActorDepth(CausalityInterfaceForComposites.java:532)
	at ptolemy.actor.util.CausalityInterfaceForComposites.checkForCycles(CausalityInterfaceForComposites.java:96)
	at ptolemy.domains.de.kernel.DEDirector.preinitialize(DEDirector.java:1338)
	at ptolemy.actor.CompositeActor.preinitialize(CompositeActor.java:1828)
	at ptolemy.actor.Manager.preinitializeAndResolveTypes(Manager.java:1040)
	at ptolemy.actor.Manager.initialize(Manager.java:710)
	at ptolemy.actor.Manager.execute(Manager.java:356)
	at ptolemy.actor.Manager.run(Manager.java:1263)
	at ptolemy.actor.Manager$PtolemyRunThread.run(Manager.java:1933)
java.lang.reflect.InvocationTargetException
	at java.base/jdk.internal.reflect.NativeConstructorAccessorImpl.newInstance0(Native Method)
	at java.base/jdk.internal.reflect.NativeConstructorAccessorImpl.newInstance(NativeConstructorAccessorImpl.java:62)
	at java.base/jdk.internal.reflect.DelegatingConstructorAccessorImpl.newInstance(DelegatingConstructorAccessorImpl.java:45)
	at java.base/java.lang.reflect.Constructor.newInstance(Constructor.java:490)
	at ptolemy.util.test.junit.AutoKnownFailedTests.RunModel(AutoKnownFailedTests.java:105)
	at java.base/jdk.internal.reflect.NativeMethodAccessorImpl.invoke0(Native Method)
	at java.base/jdk.internal.reflect.NativeMethodAccessorImpl.invoke(NativeMethodAccessorImpl.java:62)
	at java.base/jdk.internal.reflect.DelegatingMethodAccessorImpl.invoke(DelegatingMethodAccessorImpl.java:43)
	at java.base/java.lang.reflect.Method.invoke(Method.java:566)
	at org.junit.runners.model.FrameworkMethod$1.runReflectiveCall(FrameworkMethod.java:44)
	at org.junit.internal.runners.model.ReflectiveCallable.run(ReflectiveCallable.java:15)
	at org.junit.runners.model.FrameworkMethod.invokeExplosively(FrameworkMethod.java:41)
	at junitparams.internal.InvokeParameterisedMethod.evaluate(InvokeParameterisedMethod.java:102)
	at org.junit.internal.runners.statements.FailOnTimeout$1.run(FailOnTimeout.java:28)
Caused by: ptolemy.kernel.util.IllegalActionException: Found a zero delay loop containing .dependencyLoop.original
  in .dependencyLoop and .dependencyLoop.original
	at ptolemy.actor.util.CausalityInterfaceForComposites._computeOutputPortDepth(CausalityInterfaceForComposites.java:759)
	at ptolemy.actor.util.CausalityInterfaceForComposites._computeInputDepth(CausalityInterfaceForComposites.java:696)
	at ptolemy.actor.util.CausalityInterfaceForComposites._computeOutputPortDepth(CausalityInterfaceForComposites.java:765)
	at ptolemy.actor.util.CausalityInterfaceForComposites._computeInputDepth(CausalityInterfaceForComposites.java:696)
	at ptolemy.actor.util.CausalityInterfaceForComposites._computeOutputPortDepth(CausalityInterfaceForComposites.java:765)
	at ptolemy.actor.util.CausalityInterfaceForComposites._computeInputDepth(CausalityInterfaceForComposites.java:696)
	at ptolemy.actor.util.CausalityInterfaceForComposites._computeActorDepth(CausalityInterfaceForComposites.java:532)
	at ptolemy.actor.util.CausalityInterfaceForComposites.checkForCycles(CausalityInterfaceForComposites.java:96)
	at ptolemy.domains.de.kernel.DEDirector.preinitialize(DEDirector.java:1338)
	at ptolemy.actor.CompositeActor.preinitialize(CompositeActor.java:1828)
	at ptolemy.actor.Manager.preinitializeAndResolveTypes(Manager.java:1040)
	at ptolemy.actor.Manager.initialize(Manager.java:710)
	at ptolemy.actor.Manager.execute(Manager.java:356)
	at ptolemy.actor.Manager.run(Manager.java:1263)
	at ptolemy.actor.Manager$PtolemyRunThread.run(Manager.java:1933)
java.lang.RuntimeException: Execution failed
	at ptolemy.moml.MoMLSimpleApplication$UnloadThread.run(MoMLSimpleApplication.java:402)
Caused by: ptolemy.kernel.util.IllegalActionException: Found a zero delay loop containing .dependencyLoop2.original
  in .dependencyLoop2 and .dependencyLoop2.original
	at ptolemy.actor.util.CausalityInterfaceForComposites._computeOutputPortDepth(CausalityInterfaceForComposites.java:759)
	at ptolemy.actor.util.CausalityInterfaceForComposites._computeInputDepth(CausalityInterfaceForComposites.java:696)
	at ptolemy.actor.util.CausalityInterfaceForComposites._computeOutputPortDepth(CausalityInterfaceForComposites.java:765)
	at ptolemy.actor.util.CausalityInterfaceForComposites._computeInputDepth(CausalityInterfaceForComposites.java:696)
	at ptolemy.actor.util.CausalityInterfaceForComposites._computeOutputPortDepth(CausalityInterfaceForComposites.java:765)
	at ptolemy.actor.util.CausalityInterfaceForComposites._computeInputDepth(CausalityInterfaceForComposites.java:696)
	at ptolemy.actor.util.CausalityInterfaceForComposites._computeActorDepth(CausalityInterfaceForComposites.java:532)
	at ptolemy.actor.util.CausalityInterfaceForComposites.checkForCycles(CausalityInterfaceForComposites.java:96)
	at ptolemy.domains.de.kernel.DEDirector.preinitialize(DEDirector.java:1338)
	at ptolemy.actor.CompositeActor.preinitialize(CompositeActor.java:1828)
	at ptolemy.actor.Manager.preinitializeAndResolveTypes(Manager.java:1040)
	at ptolemy.actor.Manager.initialize(Manager.java:710)
	at ptolemy.actor.Manager.execute(Manager.java:356)
	at ptolemy.actor.Manager.run(Manager.java:1263)
	at ptolemy.actor.Manager$PtolemyRunThread.run(Manager.java:1933)
java.lang.reflect.InvocationTargetException
	at java.base/jdk.internal.reflect.NativeConstructorAccessorImpl.newInstance0(Native Method)
	at java.base/jdk.internal.reflect.NativeConstructorAccessorImpl.newInstance(NativeConstructorAccessorImpl.java:62)
	at java.base/jdk.internal.reflect.DelegatingConstructorAccessorImpl.newInstance(DelegatingConstructorAccessorImpl.java:45)
	at java.base/java.lang.reflect.Constructor.newInstance(Constructor.java:490)
	at ptolemy.util.test.junit.AutoKnownFailedTests.RunModel(AutoKnownFailedTests.java:105)
	at java.base/jdk.internal.reflect.NativeMethodAccessorImpl.invoke0(Native Method)
	at java.base/jdk.internal.reflect.NativeMethodAccessorImpl.invoke(NativeMethodAccessorImpl.java:62)
	at java.base/jdk.internal.reflect.DelegatingMethodAccessorImpl.invoke(DelegatingMethodAccessorImpl.java:43)
	at java.base/java.lang.reflect.Method.invoke(Method.java:566)
	at org.junit.runners.model.FrameworkMethod$1.runReflectiveCall(FrameworkMethod.java:44)
	at org.junit.internal.runners.model.ReflectiveCallable.run(ReflectiveCallable.java:15)
	at org.junit.runners.model.FrameworkMethod.invokeExplosively(FrameworkMethod.java:41)
	at junitparams.internal.InvokeParameterisedMethod.evaluate(InvokeParameterisedMethod.java:102)
	at org.junit.internal.runners.statements.FailOnTimeout$1.run(FailOnTimeout.java:28)
Caused by: ptolemy.kernel.util.IllegalActionException: Found a zero delay loop containing .dependencyLoop2.original
  in .dependencyLoop2 and .dependencyLoop2.original
	at ptolemy.actor.util.CausalityInterfaceForComposites._computeOutputPortDepth(CausalityInterfaceForComposites.java:759)
	at ptolemy.actor.util.CausalityInterfaceForComposites._computeInputDepth(CausalityInterfaceForComposites.java:696)
	at ptolemy.actor.util.CausalityInterfaceForComposites._computeOutputPortDepth(CausalityInterfaceForComposites.java:765)
	at ptolemy.actor.util.CausalityInterfaceForComposites._computeInputDepth(CausalityInterfaceForComposites.java:696)
	at ptolemy.actor.util.CausalityInterfaceForComposites._computeOutputPortDepth(CausalityInterfaceForComposites.java:765)
	at ptolemy.actor.util.CausalityInterfaceForComposites._computeInputDepth(CausalityInterfaceForComposites.java:696)
	at ptolemy.actor.util.CausalityInterfaceForComposites._computeActorDepth(CausalityInterfaceForComposites.java:532)
	at ptolemy.actor.util.CausalityInterfaceForComposites.checkForCycles(CausalityInterfaceForComposites.java:96)
	at ptolemy.domains.de.kernel.DEDirector.preinitialize(DEDirector.java:1338)
	at ptolemy.actor.CompositeActor.preinitialize(CompositeActor.java:1828)
	at ptolemy.actor.Manager.preinitializeAndResolveTypes(Manager.java:1040)
	at ptolemy.actor.Manager.initialize(Manager.java:710)
	at ptolemy.actor.Manager.execute(Manager.java:356)
	at ptolemy.actor.Manager.run(Manager.java:1263)
	at ptolemy.actor.Manager$PtolemyRunThread.run(Manager.java:1933)
]]></system-err>
</testsuite>
