<?xml version="1.0" encoding="UTF-8" ?>
<testsuite errors="0" failures="0" hostname="travis-job-2637310b-7c73-46be-a913-9d233549defb" name="ptolemy.domains.sdf.test.junit.JUnitTclTest" skipped="0" tests="66" time="21.143" timestamp="2019-07-14T18:30:21">
  <properties>
[...]
</properties>
  <testcase classname="ptolemy.util.test.junit.TclTests" name="[0] /home/travis/build/icyphy/ptII/ptolemy/domains/sdf/test/SDFSchedulerErrors.tcl (RunTclFile)" time="1.021" />
  <testcase classname="ptolemy.util.test.junit.TclTests" name="[1] /home/travis/build/icyphy/ptII/ptolemy/domains/sdf/test/composition.tcl (RunTclFile)" time="0.224" />
  <testcase classname="ptolemy.util.test.junit.TclTests" name="[2] /home/travis/build/icyphy/ptII/ptolemy/domains/sdf/test/cycle.tcl (RunTclFile)" time="0.092" />
  <testcase classname="ptolemy.util.test.junit.AutoKnownFailedTests" name="[0] ThereAreNoKnowFailedTests (RunModel)" time="0.001" />
  <testcase classname="ptolemy.util.test.junit.AutoNameArchTests" name="[0] ThereAreNoAutoArchTests (RunModel)" time="0.001" />
  <testcase classname="ptolemy.util.test.junit.AutoTests" name="[0] /home/travis/build/icyphy/ptII/ptolemy/domains/sdf/test/auto/Array.xml (RunModel)" time="0.363" />
  <testcase classname="ptolemy.util.test.junit.AutoTests" name="[1] /home/travis/build/icyphy/ptII/ptolemy/domains/sdf/test/auto/Butterfly.xml (RunModel)" time="0.122" />
  <testcase classname="ptolemy.util.test.junit.AutoTests" name="[2] /home/travis/build/icyphy/ptII/ptolemy/domains/sdf/test/auto/Expression.xml (RunModel)" time="0.128" />
  <testcase classname="ptolemy.util.test.junit.AutoTests" name="[3] /home/travis/build/icyphy/ptII/ptolemy/domains/sdf/test/auto/Eye.xml (RunModel)" time="0.283" />
  <testcase classname="ptolemy.util.test.junit.AutoTests" name="[4] /home/travis/build/icyphy/ptII/ptolemy/domains/sdf/test/auto/FixFIR.xml (RunModel)" time="0.456" />
  <testcase classname="ptolemy.util.test.junit.AutoTests" name="[5] /home/travis/build/icyphy/ptII/ptolemy/domains/sdf/test/auto/FixPoint.xml (RunModel)" time="0.039" />
  <testcase classname="ptolemy.util.test.junit.AutoTests" name="[6] /home/travis/build/icyphy/ptII/ptolemy/domains/sdf/test/auto/Gravitation.xml (RunModel)" time="3.267" />
  <testcase classname="ptolemy.util.test.junit.AutoTests" name="[7] /home/travis/build/icyphy/ptII/ptolemy/domains/sdf/test/auto/GravitationWithCollisionDetection.xml (RunModel)" time="6.691" />
  <testcase classname="ptolemy.util.test.junit.AutoTests" name="[8] /home/travis/build/icyphy/ptII/ptolemy/domains/sdf/test/auto/HDF.xml (RunModel)" time="0.072" />
  <testcase classname="ptolemy.util.test.junit.AutoTests" name="[9] /home/travis/build/icyphy/ptII/ptolemy/domains/sdf/test/auto/HDFwithTransientStates.xml (RunModel)" time="0.103" />
  <testcase classname="ptolemy.util.test.junit.AutoTests" name="[10] /home/travis/build/icyphy/ptII/ptolemy/domains/sdf/test/auto/HTVQ.xml (RunModel)" time="0.87" />
  <testcase classname="ptolemy.util.test.junit.AutoTests" name="[11] /home/travis/build/icyphy/ptII/ptolemy/domains/sdf/test/auto/InferInitProduction.xml (RunModel)" time="0.046" />
  <testcase classname="ptolemy.util.test.junit.AutoTests" name="[12] /home/travis/build/icyphy/ptII/ptolemy/domains/sdf/test/auto/InferInitProductionDeeper.xml (RunModel)" time="0.026" />
  <testcase classname="ptolemy.util.test.junit.AutoTests" name="[13] /home/travis/build/icyphy/ptII/ptolemy/domains/sdf/test/auto/LMSAdaptive.xml (RunModel)" time="0.081" />
  <testcase classname="ptolemy.util.test.junit.AutoTests" name="[14] /home/travis/build/icyphy/ptII/ptolemy/domains/sdf/test/auto/LogisticMap.xml (RunModel)" time="0.472" />
  <testcase classname="ptolemy.util.test.junit.AutoTests" name="[15] /home/travis/build/icyphy/ptII/ptolemy/domains/sdf/test/auto/MaximumEntropySpectrum.xml (RunModel)" time="0.306" />
  <testcase classname="ptolemy.util.test.junit.AutoTests" name="[16] /home/travis/build/icyphy/ptII/ptolemy/domains/sdf/test/auto/MultirateSDF.xml (RunModel)" time="0.064" />
  <testcase classname="ptolemy.util.test.junit.AutoTests" name="[17] /home/travis/build/icyphy/ptII/ptolemy/domains/sdf/test/auto/MultirateSDFwithTransientStates.xml (RunModel)" time="0.084" />
  <testcase classname="ptolemy.util.test.junit.AutoTests" name="[18] /home/travis/build/icyphy/ptII/ptolemy/domains/sdf/test/auto/NoisySinewave.xml (RunModel)" time="0.066" />
  <testcase classname="ptolemy.util.test.junit.AutoTests" name="[19] /home/travis/build/icyphy/ptII/ptolemy/domains/sdf/test/auto/Objects.xml (RunModel)" time="0.05" />
  <testcase classname="ptolemy.util.test.junit.AutoTests" name="[20] /home/travis/build/icyphy/ptII/ptolemy/domains/sdf/test/auto/OrthogonalCom.xml (RunModel)" time="0.048" />
  <testcase classname="ptolemy.util.test.junit.AutoTests" name="[21] /home/travis/build/icyphy/ptII/ptolemy/domains/sdf/test/auto/RijndaelEncryption.xml (RunModel)" time="0.558" />
  <testcase classname="ptolemy.util.test.junit.AutoTests" name="[22] /home/travis/build/icyphy/ptII/ptolemy/domains/sdf/test/auto/SDFEmptyIterations.xml (RunModel)" time="0.024" />
  <testcase classname="ptolemy.util.test.junit.AutoTests" name="[23] /home/travis/build/icyphy/ptII/ptolemy/domains/sdf/test/auto/Spectrum.xml (RunModel)" time="0.099" />
  <testcase classname="ptolemy.util.test.junit.AutoTests" name="[24] /home/travis/build/icyphy/ptII/ptolemy/domains/sdf/test/auto/de_inside_sdf.xml (RunModel)" time="0.025" />
  <testcase classname="ptolemy.util.test.junit.AutoTests" name="[25] /home/travis/build/icyphy/ptII/ptolemy/domains/sdf/test/auto/disconnectedHierarchicalSDF.xml (RunModel)" time="0.027" />
  <testcase classname="ptolemy.util.test.junit.AutoTests" name="[26] /home/travis/build/icyphy/ptII/ptolemy/domains/sdf/test/auto/disconnectedSDF.xml (RunModel)" time="0.018" />
  <testcase classname="ptolemy.util.test.junit.AutoTests" name="[27] /home/travis/build/icyphy/ptII/ptolemy/domains/sdf/test/auto/emptyRefinement.xml (RunModel)" time="0.02" />
  <testcase classname="ptolemy.util.test.junit.AutoTests" name="[28] /home/travis/build/icyphy/ptII/ptolemy/domains/sdf/test/auto/filePortParameter.xml (RunModel)" time="0.043" />
  <testcase classname="ptolemy.util.test.junit.AutoTests" name="[29] /home/travis/build/icyphy/ptII/ptolemy/domains/sdf/test/auto/inferRelationWidth1.xml (RunModel)" time="0.013" />
  <testcase classname="ptolemy.util.test.junit.AutoTests" name="[30] /home/travis/build/icyphy/ptII/ptolemy/domains/sdf/test/auto/initProductionInference.xml (RunModel)" time="0.027" />
  <testcase classname="ptolemy.util.test.junit.AutoTests" name="[31] /home/travis/build/icyphy/ptII/ptolemy/domains/sdf/test/auto/relationGroup.xml (RunModel)" time="0.018" />
  <testcase classname="ptolemy.util.test.junit.AutoTests" name="[32] /home/travis/build/icyphy/ptII/ptolemy/domains/sdf/test/auto/relationGroup10.xml (RunModel)" time="0.013" />
  <testcase classname="ptolemy.util.test.junit.AutoTests" name="[33] /home/travis/build/icyphy/ptII/ptolemy/domains/sdf/test/auto/relationGroup11.xml (RunModel)" time="0.017" />
  <testcase classname="ptolemy.util.test.junit.AutoTests" name="[34] /home/travis/build/icyphy/ptII/ptolemy/domains/sdf/test/auto/relationGroup12.xml (RunModel)" time="0.016" />
  <testcase classname="ptolemy.util.test.junit.AutoTests" name="[35] /home/travis/build/icyphy/ptII/ptolemy/domains/sdf/test/auto/relationGroup13.xml (RunModel)" time="0.018" />
  <testcase classname="ptolemy.util.test.junit.AutoTests" name="[36] /home/travis/build/icyphy/ptII/ptolemy/domains/sdf/test/auto/relationGroup14.xml (RunModel)" time="0.015" />
  <testcase classname="ptolemy.util.test.junit.AutoTests" name="[37] /home/travis/build/icyphy/ptII/ptolemy/domains/sdf/test/auto/relationGroup15.xml (RunModel)" time="0.013" />
  <testcase classname="ptolemy.util.test.junit.AutoTests" name="[38] /home/travis/build/icyphy/ptII/ptolemy/domains/sdf/test/auto/relationGroup2.xml (RunModel)" time="0.011" />
  <testcase classname="ptolemy.util.test.junit.AutoTests" name="[39] /home/travis/build/icyphy/ptII/ptolemy/domains/sdf/test/auto/relationGroup3.xml (RunModel)" time="0.017" />
  <testcase classname="ptolemy.util.test.junit.AutoTests" name="[40] /home/travis/build/icyphy/ptII/ptolemy/domains/sdf/test/auto/relationGroup4.xml (RunModel)" time="0.028" />
  <testcase classname="ptolemy.util.test.junit.AutoTests" name="[41] /home/travis/build/icyphy/ptII/ptolemy/domains/sdf/test/auto/relationGroup5.xml (RunModel)" time="0.013" />
  <testcase classname="ptolemy.util.test.junit.AutoTests" name="[42] /home/travis/build/icyphy/ptII/ptolemy/domains/sdf/test/auto/relationGroup6.xml (RunModel)" time="0.01" />
  <testcase classname="ptolemy.util.test.junit.AutoTests" name="[43] /home/travis/build/icyphy/ptII/ptolemy/domains/sdf/test/auto/relationGroup7.xml (RunModel)" time="0.008" />
  <testcase classname="ptolemy.util.test.junit.AutoTests" name="[44] /home/travis/build/icyphy/ptII/ptolemy/domains/sdf/test/auto/relationGroup8.xml (RunModel)" time="0.009" />
  <testcase classname="ptolemy.util.test.junit.AutoTests" name="[45] /home/travis/build/icyphy/ptII/ptolemy/domains/sdf/test/auto/relationGroup9.xml (RunModel)" time="0.01" />
  <testcase classname="ptolemy.util.test.junit.AutoTests" name="[46] /home/travis/build/icyphy/ptII/ptolemy/domains/sdf/test/auto/sdf_inside_de.xml (RunModel)" time="0.04" />
  <testcase classname="ptolemy.util.test.junit.AutoTests" name="[47] /home/travis/build/icyphy/ptII/ptolemy/domains/sdf/test/auto/sdf_inside_pn.xml (RunModel)" time="0.062" />
  <testcase classname="ptolemy.util.test.junit.AutoTests" name="[48] /home/travis/build/icyphy/ptII/ptolemy/domains/sdf/test/auto/sdf_sdf1.xml (RunModel)" time="0.025" />
  <testcase classname="ptolemy.util.test.junit.AutoTests" name="[49] /home/travis/build/icyphy/ptII/ptolemy/domains/sdf/test/auto/test1.xml (RunModel)" time="0.022" />
  <testcase classname="ptolemy.util.test.junit.AutoTests" name="[50] /home/travis/build/icyphy/ptII/ptolemy/domains/sdf/test/auto/time1.xml (RunModel)" time="0.018" />
  <testcase classname="ptolemy.util.test.junit.AutoTests" name="[51] /home/travis/build/icyphy/ptII/ptolemy/domains/sdf/test/auto/time2.xml (RunModel)" time="0.008" />
  <testcase classname="ptolemy.util.test.junit.AutoTests" name="[52] /home/travis/build/icyphy/ptII/ptolemy/domains/sdf/test/auto/time3.xml (RunModel)" time="0.015" />
  <testcase classname="ptolemy.util.test.junit.AutoTests" name="[53] /home/travis/build/icyphy/ptII/ptolemy/domains/sdf/test/auto/time4.xml (RunModel)" time="0.021" />
  <testcase classname="ptolemy.util.test.junit.AutoTests" name="[54] /home/travis/build/icyphy/ptII/ptolemy/domains/sdf/test/auto/time5.xml (RunModel)" time="4.014" />
  <testcase classname="ptolemy.util.test.junit.AutoTests" name="[55] /home/travis/build/icyphy/ptII/ptolemy/domains/sdf/test/auto/typeSystem_Const_Integer_smallest_Type.xml (RunModel)" time="0.042" />
  <testcase classname="ptolemy.util.test.junit.AutoTests" name="[56] /home/travis/build/icyphy/ptII/ptolemy/domains/sdf/test/auto/typeSystem_declared_Inports_OutportTypeException.xml (RunModel)" time="0.02" />
  <testcase classname="ptolemy.util.test.junit.AutoTests" name="[57] /home/travis/build/icyphy/ptII/ptolemy/domains/sdf/test/auto/typeSystem_oneDeclaredInportType_wrongTypeOutport.xml (RunModel)" time="0.016" />
  <testcase classname="ptolemy.util.test.junit.AutoTests" name="[58] /home/travis/build/icyphy/ptII/ptolemy/domains/sdf/test/auto/width.xml (RunModel)" time="0.011" />
  <testcase classname="ptolemy.util.test.junit.AutoTests" name="[59] /home/travis/build/icyphy/ptII/ptolemy/domains/sdf/test/auto/width2.xml (RunModel)" time="0.038" />
  <testcase classname="ptolemy.util.test.junit.AutoTests" name="[60] /home/travis/build/icyphy/ptII/ptolemy/domains/sdf/test/auto/width3.xml (RunModel)" time="0.04" />
  <system-out><![CDATA[/home/travis/build/icyphy/ptII/ptolemy/domains/sdf/test/SDFSchedulerErrors.tcl
testDefs.tcl: setting time out to 9000 seconds at Sun Jul 14 18:30:21 UTC 2019
100 ms. Memory: 120832K Free: 81864K (68%)
14 ms. Memory: 120832K Free: 74167K (61%)
6 ms. Memory: 120832K Free: 68023K (56%)
15 ms. Memory: 120832K Free: 64966K (54%)
/home/travis/build/icyphy/ptII/ptolemy/domains/sdf/test/composition.tcl
45 ms. Memory: 120832K Free: 60870K (50%)
18 ms. Memory: 120832K Free: 58822K (49%)
/home/travis/build/icyphy/ptII/ptolemy/domains/sdf/test/cycle.tcl
.Toplevel.Director Preinitializing ...
Invoking preinitialize():  .Toplevel.Actor1
Invoking preinitialize():  .Toplevel.Actor2
Invoking preinitialize():  .Toplevel.Delay
.Toplevel.Director Finished preinitialize().
### Schedule:
Execute Schedule{
Fire Actor ptolemy.domains.sdf.kernel.test.SDFTestDelay {.Toplevel.Actor1}
Fire Actor ptolemy.domains.sdf.kernel.test.SDFTestDelay {.Toplevel.Actor2}
Fire Actor ptolemy.domains.sdf.lib.SampleDelay {.Toplevel.Delay}
}
### End schedule
Called initialize().
Invoking initialize():  .Toplevel.Actor1
Initializing actor: .Toplevel.Actor1.
Invoking initialize():  .Toplevel.Actor2
Initializing actor: .Toplevel.Actor2.
Invoking initialize():  .Toplevel.Delay
Initializing actor: .Toplevel.Delay.
Director: Called prefire().
-- Setting current time to 0.0
Director prefire returns true.
The actor .Toplevel.Actor1 will be iterated.
The actor .Toplevel.Actor1 was iterated.
The actor .Toplevel.Actor2 will be iterated.
The actor .Toplevel.Actor2 was iterated.
The actor .Toplevel.Delay will be iterated.
The actor .Toplevel.Delay was iterated.
Director: Called postfire().
Postfire returns: true
Director: Called prefire().
-- Setting current time to 0.0
Director prefire returns true.
The actor .Toplevel.Actor1 will be iterated.
The actor .Toplevel.Actor1 was iterated.
The actor .Toplevel.Actor2 will be iterated.
The actor .Toplevel.Actor2 was iterated.
The actor .Toplevel.Delay will be iterated.
The actor .Toplevel.Delay was iterated.
Director: Called postfire().
Postfire returns: true
Director: Called prefire().
-- Setting current time to 0.0
Director prefire returns true.
The actor .Toplevel.Actor1 will be iterated.
The actor .Toplevel.Actor1 was iterated.
The actor .Toplevel.Actor2 will be iterated.
The actor .Toplevel.Actor2 was iterated.
The actor .Toplevel.Delay will be iterated.
The actor .Toplevel.Delay was iterated.
Director: Called postfire().
Postfire returns: true
Director: Called prefire().
-- Setting current time to 0.0
Director prefire returns true.
The actor .Toplevel.Actor1 will be iterated.
The actor .Toplevel.Actor1 was iterated.
The actor .Toplevel.Actor2 will be iterated.
The actor .Toplevel.Actor2 was iterated.
The actor .Toplevel.Delay will be iterated.
The actor .Toplevel.Delay was iterated.
Director: Called postfire().
Postfire returns: true
Director: Called prefire().
-- Setting current time to 0.0
Director prefire returns true.
The actor .Toplevel.Actor1 will be iterated.
The actor .Toplevel.Actor1 was iterated.
The actor .Toplevel.Actor2 will be iterated.
The actor .Toplevel.Actor2 was iterated.
The actor .Toplevel.Delay will be iterated.
The actor .Toplevel.Delay was iterated.
Director: Called postfire().
Postfire returns: true
Director: Called prefire().
-- Setting current time to 0.0
Director prefire returns true.
The actor .Toplevel.Actor1 will be iterated.
The actor .Toplevel.Actor1 was iterated.
The actor .Toplevel.Actor2 will be iterated.
The actor .Toplevel.Actor2 was iterated.
The actor .Toplevel.Delay will be iterated.
The actor .Toplevel.Delay was iterated.
Reached specified number of iterations: 6
Director: Called wrapup().
39 ms. Memory: 120832K Free: 56264K (47%)
07/14/19 06:30:22
Failed: 0  Total Tests: 8  ((Passed: 8, Newly Passed: 0)  Known Failed: 0) /home/travis/build/icyphy/ptII/ptolemy/domains/sdf/test
No auto/knownFailedTests/*.xml tests in /home/travis/build/icyphy/ptII/ptolemy/domains/sdf/test
No auto/linux-amd64/*.xml tests in /home/travis/build/icyphy/ptII/ptolemy/domains/sdf/test
AutoTests.java: About to close Vertx.
AutoTests.java: Vertx closed.

===========================================================================================
----------------- testing Sun Jul 14 18:30:23 UTC 2019 /home/travis/build/icyphy/ptII/ptolemy/domains/sdf/test/auto/Array.xml
----------------- Instantiating /home/travis/build/icyphy/ptII/ptolemy/domains/sdf/test/auto/Array.xml
77 ms. Memory: 120832K Free: 97070K (80%)
----------------- Invoking toplevel() on ptolemy.moml.MoMLSimpleApplication@27e36eb0
----------------- Done invoking toplevel() on ptolemy.moml.MoMLSimpleApplication@27e36eb0
reloadAllAccessors: .Array

===========================================================================================
----------------- testing Sun Jul 14 18:30:23 UTC 2019 /home/travis/build/icyphy/ptII/ptolemy/domains/sdf/test/auto/Butterfly.xml
----------------- Instantiating /home/travis/build/icyphy/ptII/ptolemy/domains/sdf/test/auto/Butterfly.xml
59 ms. Memory: 120832K Free: 91317K (76%)
----------------- Invoking toplevel() on ptolemy.moml.MoMLSimpleApplication@3a174783
----------------- Done invoking toplevel() on ptolemy.moml.MoMLSimpleApplication@3a174783
reloadAllAccessors: .Butterfly

===========================================================================================
----------------- testing Sun Jul 14 18:30:23 UTC 2019 /home/travis/build/icyphy/ptII/ptolemy/domains/sdf/test/auto/Expression.xml
----------------- Instantiating /home/travis/build/icyphy/ptII/ptolemy/domains/sdf/test/auto/Expression.xml
85 ms. Memory: 120832K Free: 106882K (88%)
----------------- Invoking toplevel() on ptolemy.moml.MoMLSimpleApplication@14e2f531
----------------- Done invoking toplevel() on ptolemy.moml.MoMLSimpleApplication@14e2f531
reloadAllAccessors: .Expression

===========================================================================================
----------------- testing Sun Jul 14 18:30:23 UTC 2019 /home/travis/build/icyphy/ptII/ptolemy/domains/sdf/test/auto/Eye.xml
----------------- Instantiating /home/travis/build/icyphy/ptII/ptolemy/domains/sdf/test/auto/Eye.xml
209 ms. Memory: 120832K Free: 81539K (67%)
----------------- Invoking toplevel() on ptolemy.moml.MoMLSimpleApplication@16469ff8
----------------- Done invoking toplevel() on ptolemy.moml.MoMLSimpleApplication@16469ff8
reloadAllAccessors: .Eye

===========================================================================================
----------------- testing Sun Jul 14 18:30:23 UTC 2019 /home/travis/build/icyphy/ptII/ptolemy/domains/sdf/test/auto/FixFIR.xml
----------------- Instantiating /home/travis/build/icyphy/ptII/ptolemy/domains/sdf/test/auto/FixFIR.xml
207 ms. Memory: 120832K Free: 81256K (67%)
----------------- Invoking toplevel() on ptolemy.moml.MoMLSimpleApplication@361db316
----------------- Done invoking toplevel() on ptolemy.moml.MoMLSimpleApplication@361db316
reloadAllAccessors: .FixFIR

===========================================================================================
----------------- testing Sun Jul 14 18:30:24 UTC 2019 /home/travis/build/icyphy/ptII/ptolemy/domains/sdf/test/auto/FixPoint.xml
----------------- Instantiating /home/travis/build/icyphy/ptII/ptolemy/domains/sdf/test/auto/FixPoint.xml
12 ms. Memory: 120832K Free: 77131K (64%)
----------------- Invoking toplevel() on ptolemy.moml.MoMLSimpleApplication@53b8e4d7
----------------- Done invoking toplevel() on ptolemy.moml.MoMLSimpleApplication@53b8e4d7
reloadAllAccessors: .FixPoint

===========================================================================================
----------------- testing Sun Jul 14 18:30:24 UTC 2019 /home/travis/build/icyphy/ptII/ptolemy/domains/sdf/test/auto/Gravitation.xml
----------------- Instantiating /home/travis/build/icyphy/ptII/ptolemy/domains/sdf/test/auto/Gravitation.xml
3142 ms. Memory: 152576K Free: 103416K (68%)
----------------- Invoking toplevel() on ptolemy.moml.MoMLSimpleApplication@6188e66a
----------------- Done invoking toplevel() on ptolemy.moml.MoMLSimpleApplication@6188e66a
reloadAllAccessors: .Gravitation

===========================================================================================
----------------- testing Sun Jul 14 18:30:27 UTC 2019 /home/travis/build/icyphy/ptII/ptolemy/domains/sdf/test/auto/GravitationWithCollisionDetection.xml
----------------- Instantiating /home/travis/build/icyphy/ptII/ptolemy/domains/sdf/test/auto/GravitationWithCollisionDetection.xml
6573 ms. Memory: 286720K Free: 120612K (42%)
----------------- Invoking toplevel() on ptolemy.moml.MoMLSimpleApplication@77d7cb94
----------------- Done invoking toplevel() on ptolemy.moml.MoMLSimpleApplication@77d7cb94
reloadAllAccessors: .GravitationWithCollisionDetection

===========================================================================================
----------------- testing Sun Jul 14 18:30:34 UTC 2019 /home/travis/build/icyphy/ptII/ptolemy/domains/sdf/test/auto/HDF.xml
----------------- Instantiating /home/travis/build/icyphy/ptII/ptolemy/domains/sdf/test/auto/HDF.xml
21 ms. Memory: 286720K Free: 104732K (37%)
----------------- Invoking toplevel() on ptolemy.moml.MoMLSimpleApplication@416c82d8
----------------- Done invoking toplevel() on ptolemy.moml.MoMLSimpleApplication@416c82d8
reloadAllAccessors: .HDF

===========================================================================================
----------------- testing Sun Jul 14 18:30:34 UTC 2019 /home/travis/build/icyphy/ptII/ptolemy/domains/sdf/test/auto/HDFwithTransientStates.xml
----------------- Instantiating /home/travis/build/icyphy/ptII/ptolemy/domains/sdf/test/auto/HDFwithTransientStates.xml
32 ms. Memory: 286720K Free: 253755K (89%)
----------------- Invoking toplevel() on ptolemy.moml.MoMLSimpleApplication@fbc2be6
----------------- Done invoking toplevel() on ptolemy.moml.MoMLSimpleApplication@fbc2be6
reloadAllAccessors: .HDFwithTransientStates

===========================================================================================
----------------- testing Sun Jul 14 18:30:34 UTC 2019 /home/travis/build/icyphy/ptII/ptolemy/domains/sdf/test/auto/HTVQ.xml
----------------- Instantiating /home/travis/build/icyphy/ptII/ptolemy/domains/sdf/test/auto/HTVQ.xml
819 ms. Memory: 344064K Free: 312971K (91%)
----------------- Invoking toplevel() on ptolemy.moml.MoMLSimpleApplication@68871d36
----------------- Done invoking toplevel() on ptolemy.moml.MoMLSimpleApplication@68871d36
reloadAllAccessors: .HTVQ

===========================================================================================
----------------- testing Sun Jul 14 18:30:35 UTC 2019 /home/travis/build/icyphy/ptII/ptolemy/domains/sdf/test/auto/InferInitProduction.xml
----------------- Instantiating /home/travis/build/icyphy/ptII/ptolemy/domains/sdf/test/auto/InferInitProduction.xml
12 ms. Memory: 344064K Free: 307440K (89%)
----------------- Invoking toplevel() on ptolemy.moml.MoMLSimpleApplication@4b7a065b
----------------- Done invoking toplevel() on ptolemy.moml.MoMLSimpleApplication@4b7a065b
reloadAllAccessors: .InferInitProduction

===========================================================================================
----------------- testing Sun Jul 14 18:30:35 UTC 2019 /home/travis/build/icyphy/ptII/ptolemy/domains/sdf/test/auto/InferInitProductionDeeper.xml
----------------- Instantiating /home/travis/build/icyphy/ptII/ptolemy/domains/sdf/test/auto/InferInitProductionDeeper.xml
4 ms. Memory: 344064K Free: 301776K (88%)
----------------- Invoking toplevel() on ptolemy.moml.MoMLSimpleApplication@7e98e096
----------------- Done invoking toplevel() on ptolemy.moml.MoMLSimpleApplication@7e98e096
reloadAllAccessors: .InferInitProductionDeeper

===========================================================================================
----------------- testing Sun Jul 14 18:30:35 UTC 2019 /home/travis/build/icyphy/ptII/ptolemy/domains/sdf/test/auto/LMSAdaptive.xml
----------------- Instantiating /home/travis/build/icyphy/ptII/ptolemy/domains/sdf/test/auto/LMSAdaptive.xml
19 ms. Memory: 344064K Free: 292590K (85%)
----------------- Invoking toplevel() on ptolemy.moml.MoMLSimpleApplication@ea462c4
----------------- Done invoking toplevel() on ptolemy.moml.MoMLSimpleApplication@ea462c4
reloadAllAccessors: .LMSAdaptive

===========================================================================================
----------------- testing Sun Jul 14 18:30:35 UTC 2019 /home/travis/build/icyphy/ptII/ptolemy/domains/sdf/test/auto/LogisticMap.xml
----------------- Instantiating /home/travis/build/icyphy/ptII/ptolemy/domains/sdf/test/auto/LogisticMap.xml
441 ms. Memory: 344064K Free: 286446K (83%)
----------------- Invoking toplevel() on ptolemy.moml.MoMLSimpleApplication@32a6b645
----------------- Done invoking toplevel() on ptolemy.moml.MoMLSimpleApplication@32a6b645
reloadAllAccessors: .LogisticMap

===========================================================================================
----------------- testing Sun Jul 14 18:30:36 UTC 2019 /home/travis/build/icyphy/ptII/ptolemy/domains/sdf/test/auto/MaximumEntropySpectrum.xml
----------------- Instantiating /home/travis/build/icyphy/ptII/ptolemy/domains/sdf/test/auto/MaximumEntropySpectrum.xml
73 ms. Memory: 344064K Free: 225006K (65%)
----------------- Invoking toplevel() on ptolemy.moml.MoMLSimpleApplication@3f916624
----------------- Done invoking toplevel() on ptolemy.moml.MoMLSimpleApplication@3f916624
reloadAllAccessors: .MaximumEntropySpectrum

===========================================================================================
----------------- testing Sun Jul 14 18:30:36 UTC 2019 /home/travis/build/icyphy/ptII/ptolemy/domains/sdf/test/auto/MultirateSDF.xml
----------------- Instantiating /home/travis/build/icyphy/ptII/ptolemy/domains/sdf/test/auto/MultirateSDF.xml
22 ms. Memory: 344064K Free: 210640K (61%)
----------------- Invoking toplevel() on ptolemy.moml.MoMLSimpleApplication@10554a77
----------------- Done invoking toplevel() on ptolemy.moml.MoMLSimpleApplication@10554a77
reloadAllAccessors: .MultirateSDF

===========================================================================================
----------------- testing Sun Jul 14 18:30:36 UTC 2019 /home/travis/build/icyphy/ptII/ptolemy/domains/sdf/test/auto/MultirateSDFwithTransientStates.xml
----------------- Instantiating /home/travis/build/icyphy/ptII/ptolemy/domains/sdf/test/auto/MultirateSDFwithTransientStates.xml
21 ms. Memory: 344064K Free: 192224K (56%)
----------------- Invoking toplevel() on ptolemy.moml.MoMLSimpleApplication@3db193d7
----------------- Done invoking toplevel() on ptolemy.moml.MoMLSimpleApplication@3db193d7
reloadAllAccessors: .MultirateSDFwithTransientStates

===========================================================================================
----------------- testing Sun Jul 14 18:30:36 UTC 2019 /home/travis/build/icyphy/ptII/ptolemy/domains/sdf/test/auto/NoisySinewave.xml
----------------- Instantiating /home/travis/build/icyphy/ptII/ptolemy/domains/sdf/test/auto/NoisySinewave.xml
14 ms. Memory: 344064K Free: 176368K (51%)
----------------- Invoking toplevel() on ptolemy.moml.MoMLSimpleApplication@15770c9a
----------------- Done invoking toplevel() on ptolemy.moml.MoMLSimpleApplication@15770c9a
reloadAllAccessors: .NoisySinewave

===========================================================================================
----------------- testing Sun Jul 14 18:30:36 UTC 2019 /home/travis/build/icyphy/ptII/ptolemy/domains/sdf/test/auto/Objects.xml
----------------- Instantiating /home/travis/build/icyphy/ptII/ptolemy/domains/sdf/test/auto/Objects.xml
4 ms. Memory: 344064K Free: 167662K (49%)
----------------- Invoking toplevel() on ptolemy.moml.MoMLSimpleApplication@5709b97
----------------- Done invoking toplevel() on ptolemy.moml.MoMLSimpleApplication@5709b97
reloadAllAccessors: .Objects

===========================================================================================
----------------- testing Sun Jul 14 18:30:36 UTC 2019 /home/travis/build/icyphy/ptII/ptolemy/domains/sdf/test/auto/OrthogonalCom.xml
----------------- Instantiating /home/travis/build/icyphy/ptII/ptolemy/domains/sdf/test/auto/OrthogonalCom.xml
7 ms. Memory: 344064K Free: 159984K (46%)
----------------- Invoking toplevel() on ptolemy.moml.MoMLSimpleApplication@4c07cc4c
----------------- Done invoking toplevel() on ptolemy.moml.MoMLSimpleApplication@4c07cc4c
reloadAllAccessors: .OrthogonalCom

===========================================================================================
----------------- testing Sun Jul 14 18:30:36 UTC 2019 /home/travis/build/icyphy/ptII/ptolemy/domains/sdf/test/auto/RijndaelEncryption.xml
----------------- Instantiating /home/travis/build/icyphy/ptII/ptolemy/domains/sdf/test/auto/RijndaelEncryption.xml
270 ms. Memory: 344064K Free: 220683K (64%)
----------------- Invoking toplevel() on ptolemy.moml.MoMLSimpleApplication@4e46776c
----------------- Done invoking toplevel() on ptolemy.moml.MoMLSimpleApplication@4e46776c
reloadAllAccessors: .RijndaelEncryption

===========================================================================================
----------------- testing Sun Jul 14 18:30:37 UTC 2019 /home/travis/build/icyphy/ptII/ptolemy/domains/sdf/test/auto/SDFEmptyIterations.xml
----------------- Instantiating /home/travis/build/icyphy/ptII/ptolemy/domains/sdf/test/auto/SDFEmptyIterations.xml
7 ms. Memory: 344064K Free: 216077K (63%)
----------------- Invoking toplevel() on ptolemy.moml.MoMLSimpleApplication@3d3a9896
----------------- Done invoking toplevel() on ptolemy.moml.MoMLSimpleApplication@3d3a9896
reloadAllAccessors: .SDFEmptyIterations

===========================================================================================
----------------- testing Sun Jul 14 18:30:37 UTC 2019 /home/travis/build/icyphy/ptII/ptolemy/domains/sdf/test/auto/Spectrum.xml
----------------- Instantiating /home/travis/build/icyphy/ptII/ptolemy/domains/sdf/test/auto/Spectrum.xml
32 ms. Memory: 344064K Free: 191501K (56%)
----------------- Invoking toplevel() on ptolemy.moml.MoMLSimpleApplication@23e0afa5
----------------- Done invoking toplevel() on ptolemy.moml.MoMLSimpleApplication@23e0afa5
reloadAllAccessors: .Spectrum

===========================================================================================
----------------- testing Sun Jul 14 18:30:37 UTC 2019 /home/travis/build/icyphy/ptII/ptolemy/domains/sdf/test/auto/de_inside_sdf.xml
----------------- Instantiating /home/travis/build/icyphy/ptII/ptolemy/domains/sdf/test/auto/de_inside_sdf.xml
7 ms. Memory: 344064K Free: 186381K (54%)
----------------- Invoking toplevel() on ptolemy.moml.MoMLSimpleApplication@262b0290
----------------- Done invoking toplevel() on ptolemy.moml.MoMLSimpleApplication@262b0290
reloadAllAccessors: .de_inside_sdf

===========================================================================================
----------------- testing Sun Jul 14 18:30:37 UTC 2019 /home/travis/build/icyphy/ptII/ptolemy/domains/sdf/test/auto/disconnectedHierarchicalSDF.xml
----------------- Instantiating /home/travis/build/icyphy/ptII/ptolemy/domains/sdf/test/auto/disconnectedHierarchicalSDF.xml
4 ms. Memory: 344064K Free: 180237K (52%)
----------------- Invoking toplevel() on ptolemy.moml.MoMLSimpleApplication@1b147c2b
----------------- Done invoking toplevel() on ptolemy.moml.MoMLSimpleApplication@1b147c2b
reloadAllAccessors: .disconnectedHierarchicalSDF

===========================================================================================
----------------- testing Sun Jul 14 18:30:37 UTC 2019 /home/travis/build/icyphy/ptII/ptolemy/domains/sdf/test/auto/disconnectedSDF.xml
----------------- Instantiating /home/travis/build/icyphy/ptII/ptolemy/domains/sdf/test/auto/disconnectedSDF.xml
2 ms. Memory: 344064K Free: 176141K (51%)
----------------- Invoking toplevel() on ptolemy.moml.MoMLSimpleApplication@6b7b51cf
----------------- Done invoking toplevel() on ptolemy.moml.MoMLSimpleApplication@6b7b51cf
reloadAllAccessors: .disconnectedSDF

===========================================================================================
----------------- testing Sun Jul 14 18:30:37 UTC 2019 /home/travis/build/icyphy/ptII/ptolemy/domains/sdf/test/auto/emptyRefinement.xml
----------------- Instantiating /home/travis/build/icyphy/ptII/ptolemy/domains/sdf/test/auto/emptyRefinement.xml
3 ms. Memory: 344064K Free: 171531K (50%)
----------------- Invoking toplevel() on ptolemy.moml.MoMLSimpleApplication@325c6789
----------------- Done invoking toplevel() on ptolemy.moml.MoMLSimpleApplication@325c6789
reloadAllAccessors: .emptyRefinement

===========================================================================================
----------------- testing Sun Jul 14 18:30:37 UTC 2019 /home/travis/build/icyphy/ptII/ptolemy/domains/sdf/test/auto/filePortParameter.xml
----------------- Instantiating /home/travis/build/icyphy/ptII/ptolemy/domains/sdf/test/auto/filePortParameter.xml
15 ms. Memory: 344064K Free: 164363K (48%)
----------------- Invoking toplevel() on ptolemy.moml.MoMLSimpleApplication@47a37621
----------------- Done invoking toplevel() on ptolemy.moml.MoMLSimpleApplication@47a37621
reloadAllAccessors: .filePortParameter

===========================================================================================
----------------- testing Sun Jul 14 18:30:37 UTC 2019 /home/travis/build/icyphy/ptII/ptolemy/domains/sdf/test/auto/inferRelationWidth1.xml
----------------- Instantiating /home/travis/build/icyphy/ptII/ptolemy/domains/sdf/test/auto/inferRelationWidth1.xml
2 ms. Memory: 344064K Free: 161291K (47%)
----------------- Invoking toplevel() on ptolemy.moml.MoMLSimpleApplication@1dbdbf8c
----------------- Done invoking toplevel() on ptolemy.moml.MoMLSimpleApplication@1dbdbf8c
reloadAllAccessors: .inferRelationWidth1

===========================================================================================
----------------- testing Sun Jul 14 18:30:37 UTC 2019 /home/travis/build/icyphy/ptII/ptolemy/domains/sdf/test/auto/initProductionInference.xml
----------------- Instantiating /home/travis/build/icyphy/ptII/ptolemy/domains/sdf/test/auto/initProductionInference.xml
10 ms. Memory: 344064K Free: 157195K (46%)
----------------- Invoking toplevel() on ptolemy.moml.MoMLSimpleApplication@744d23f1
----------------- Done invoking toplevel() on ptolemy.moml.MoMLSimpleApplication@744d23f1
reloadAllAccessors: .initProductionInference

===========================================================================================
----------------- testing Sun Jul 14 18:30:37 UTC 2019 /home/travis/build/icyphy/ptII/ptolemy/domains/sdf/test/auto/relationGroup.xml
----------------- Instantiating /home/travis/build/icyphy/ptII/ptolemy/domains/sdf/test/auto/relationGroup.xml
3 ms. Memory: 344064K Free: 153613K (45%)
----------------- Invoking toplevel() on ptolemy.moml.MoMLSimpleApplication@1c12d7c8
----------------- Done invoking toplevel() on ptolemy.moml.MoMLSimpleApplication@1c12d7c8
reloadAllAccessors: .relationGroup

===========================================================================================
----------------- testing Sun Jul 14 18:30:37 UTC 2019 /home/travis/build/icyphy/ptII/ptolemy/domains/sdf/test/auto/relationGroup10.xml
----------------- Instantiating /home/travis/build/icyphy/ptII/ptolemy/domains/sdf/test/auto/relationGroup10.xml
2 ms. Memory: 344064K Free: 150027K (44%)
----------------- Invoking toplevel() on ptolemy.moml.MoMLSimpleApplication@454f3d6b
----------------- Done invoking toplevel() on ptolemy.moml.MoMLSimpleApplication@454f3d6b
reloadAllAccessors: .relationGroup10

===========================================================================================
----------------- testing Sun Jul 14 18:30:37 UTC 2019 /home/travis/build/icyphy/ptII/ptolemy/domains/sdf/test/auto/relationGroup11.xml
----------------- Instantiating /home/travis/build/icyphy/ptII/ptolemy/domains/sdf/test/auto/relationGroup11.xml
2 ms. Memory: 344064K Free: 146445K (43%)
----------------- Invoking toplevel() on ptolemy.moml.MoMLSimpleApplication@5ac7011
----------------- Done invoking toplevel() on ptolemy.moml.MoMLSimpleApplication@5ac7011
reloadAllAccessors: .relationGroup11

===========================================================================================
----------------- testing Sun Jul 14 18:30:37 UTC 2019 /home/travis/build/icyphy/ptII/ptolemy/domains/sdf/test/auto/relationGroup12.xml
----------------- Instantiating /home/travis/build/icyphy/ptII/ptolemy/domains/sdf/test/auto/relationGroup12.xml
3 ms. Memory: 344064K Free: 142859K (42%)
----------------- Invoking toplevel() on ptolemy.moml.MoMLSimpleApplication@6e45b079
----------------- Done invoking toplevel() on ptolemy.moml.MoMLSimpleApplication@6e45b079
reloadAllAccessors: .relationGroup12

===========================================================================================
----------------- testing Sun Jul 14 18:30:37 UTC 2019 /home/travis/build/icyphy/ptII/ptolemy/domains/sdf/test/auto/relationGroup13.xml
----------------- Instantiating /home/travis/build/icyphy/ptII/ptolemy/domains/sdf/test/auto/relationGroup13.xml
9 ms. Memory: 344064K Free: 138253K (40%)
----------------- Invoking toplevel() on ptolemy.moml.MoMLSimpleApplication@18aa51ae
----------------- Done invoking toplevel() on ptolemy.moml.MoMLSimpleApplication@18aa51ae
reloadAllAccessors: .relationGroup13

===========================================================================================
----------------- testing Sun Jul 14 18:30:37 UTC 2019 /home/travis/build/icyphy/ptII/ptolemy/domains/sdf/test/auto/relationGroup14.xml
----------------- Instantiating /home/travis/build/icyphy/ptII/ptolemy/domains/sdf/test/auto/relationGroup14.xml
3 ms. Memory: 344064K Free: 133643K (39%)
----------------- Invoking toplevel() on ptolemy.moml.MoMLSimpleApplication@1d6b87e5
----------------- Done invoking toplevel() on ptolemy.moml.MoMLSimpleApplication@1d6b87e5
reloadAllAccessors: .relationGroup14

===========================================================================================
----------------- testing Sun Jul 14 18:30:37 UTC 2019 /home/travis/build/icyphy/ptII/ptolemy/domains/sdf/test/auto/relationGroup15.xml
----------------- Instantiating /home/travis/build/icyphy/ptII/ptolemy/domains/sdf/test/auto/relationGroup15.xml
2 ms. Memory: 344064K Free: 130061K (38%)
----------------- Invoking toplevel() on ptolemy.moml.MoMLSimpleApplication@2a99b205
----------------- Done invoking toplevel() on ptolemy.moml.MoMLSimpleApplication@2a99b205
reloadAllAccessors: .relationGroup15

===========================================================================================
----------------- testing Sun Jul 14 18:30:37 UTC 2019 /home/travis/build/icyphy/ptII/ptolemy/domains/sdf/test/auto/relationGroup2.xml
----------------- Instantiating /home/travis/build/icyphy/ptII/ptolemy/domains/sdf/test/auto/relationGroup2.xml
2 ms. Memory: 344064K Free: 126989K (37%)
----------------- Invoking toplevel() on ptolemy.moml.MoMLSimpleApplication@22c5c427
----------------- Done invoking toplevel() on ptolemy.moml.MoMLSimpleApplication@22c5c427
reloadAllAccessors: .relationGroup2

===========================================================================================
----------------- testing Sun Jul 14 18:30:37 UTC 2019 /home/travis/build/icyphy/ptII/ptolemy/domains/sdf/test/auto/relationGroup3.xml
----------------- Instantiating /home/travis/build/icyphy/ptII/ptolemy/domains/sdf/test/auto/relationGroup3.xml
1 ms. Memory: 344064K Free: 123917K (36%)
----------------- Invoking toplevel() on ptolemy.moml.MoMLSimpleApplication@52e5ef4
----------------- Done invoking toplevel() on ptolemy.moml.MoMLSimpleApplication@52e5ef4
reloadAllAccessors: .relationGroup3

===========================================================================================
----------------- testing Sun Jul 14 18:30:37 UTC 2019 /home/travis/build/icyphy/ptII/ptolemy/domains/sdf/test/auto/relationGroup4.xml
----------------- Instantiating /home/travis/build/icyphy/ptII/ptolemy/domains/sdf/test/auto/relationGroup4.xml
10 ms. Memory: 344064K Free: 323847K (94%)
----------------- Invoking toplevel() on ptolemy.moml.MoMLSimpleApplication@2e159335
----------------- Done invoking toplevel() on ptolemy.moml.MoMLSimpleApplication@2e159335
reloadAllAccessors: .relationGroup4

===========================================================================================
----------------- testing Sun Jul 14 18:30:37 UTC 2019 /home/travis/build/icyphy/ptII/ptolemy/domains/sdf/test/auto/relationGroup5.xml
----------------- Instantiating /home/travis/build/icyphy/ptII/ptolemy/domains/sdf/test/auto/relationGroup5.xml
2 ms. Memory: 344064K Free: 319239K (93%)
----------------- Invoking toplevel() on ptolemy.moml.MoMLSimpleApplication@1b96ef3c
----------------- Done invoking toplevel() on ptolemy.moml.MoMLSimpleApplication@1b96ef3c
reloadAllAccessors: .relationGroup5

===========================================================================================
----------------- testing Sun Jul 14 18:30:37 UTC 2019 /home/travis/build/icyphy/ptII/ptolemy/domains/sdf/test/auto/relationGroup6.xml
----------------- Instantiating /home/travis/build/icyphy/ptII/ptolemy/domains/sdf/test/auto/relationGroup6.xml
3 ms. Memory: 344064K Free: 315143K (92%)
----------------- Invoking toplevel() on ptolemy.moml.MoMLSimpleApplication@357341d1
----------------- Done invoking toplevel() on ptolemy.moml.MoMLSimpleApplication@357341d1
reloadAllAccessors: .relationGroup6

===========================================================================================
----------------- testing Sun Jul 14 18:30:37 UTC 2019 /home/travis/build/icyphy/ptII/ptolemy/domains/sdf/test/auto/relationGroup7.xml
----------------- Instantiating /home/travis/build/icyphy/ptII/ptolemy/domains/sdf/test/auto/relationGroup7.xml
2 ms. Memory: 344064K Free: 311561K (91%)
----------------- Invoking toplevel() on ptolemy.moml.MoMLSimpleApplication@308b0efa
----------------- Done invoking toplevel() on ptolemy.moml.MoMLSimpleApplication@308b0efa
reloadAllAccessors: .relationGroup7

===========================================================================================
----------------- testing Sun Jul 14 18:30:37 UTC 2019 /home/travis/build/icyphy/ptII/ptolemy/domains/sdf/test/auto/relationGroup8.xml
----------------- Instantiating /home/travis/build/icyphy/ptII/ptolemy/domains/sdf/test/auto/relationGroup8.xml
1 ms. Memory: 344064K Free: 308489K (90%)
----------------- Invoking toplevel() on ptolemy.moml.MoMLSimpleApplication@41418407
----------------- Done invoking toplevel() on ptolemy.moml.MoMLSimpleApplication@41418407
reloadAllAccessors: .relationGroup8

===========================================================================================
----------------- testing Sun Jul 14 18:30:37 UTC 2019 /home/travis/build/icyphy/ptII/ptolemy/domains/sdf/test/auto/relationGroup9.xml
----------------- Instantiating /home/travis/build/icyphy/ptII/ptolemy/domains/sdf/test/auto/relationGroup9.xml
3 ms. Memory: 344064K Free: 303879K (88%)
----------------- Invoking toplevel() on ptolemy.moml.MoMLSimpleApplication@6ecddc05
----------------- Done invoking toplevel() on ptolemy.moml.MoMLSimpleApplication@6ecddc05
reloadAllAccessors: .relationGroup9

===========================================================================================
----------------- testing Sun Jul 14 18:30:37 UTC 2019 /home/travis/build/icyphy/ptII/ptolemy/domains/sdf/test/auto/sdf_inside_de.xml
----------------- Instantiating /home/travis/build/icyphy/ptII/ptolemy/domains/sdf/test/auto/sdf_inside_de.xml
10 ms. Memory: 344064K Free: 295177K (86%)
----------------- Invoking toplevel() on ptolemy.moml.MoMLSimpleApplication@36ed169a
----------------- Done invoking toplevel() on ptolemy.moml.MoMLSimpleApplication@36ed169a
reloadAllAccessors: .sdf_inside_de

===========================================================================================
----------------- testing Sun Jul 14 18:30:37 UTC 2019 /home/travis/build/icyphy/ptII/ptolemy/domains/sdf/test/auto/sdf_inside_pn.xml
----------------- Instantiating /home/travis/build/icyphy/ptII/ptolemy/domains/sdf/test/auto/sdf_inside_pn.xml
39 ms. Memory: 344064K Free: 285961K (83%)
----------------- Invoking toplevel() on ptolemy.moml.MoMLSimpleApplication@80eb6a9
----------------- Done invoking toplevel() on ptolemy.moml.MoMLSimpleApplication@80eb6a9
reloadAllAccessors: .sdf_inside_pn

===========================================================================================
----------------- testing Sun Jul 14 18:30:37 UTC 2019 /home/travis/build/icyphy/ptII/ptolemy/domains/sdf/test/auto/sdf_sdf1.xml
----------------- Instantiating /home/travis/build/icyphy/ptII/ptolemy/domains/sdf/test/auto/sdf_sdf1.xml
3 ms. Memory: 344064K Free: 280313K (81%)
----------------- Invoking toplevel() on ptolemy.moml.MoMLSimpleApplication@7aed6e1a
----------------- Done invoking toplevel() on ptolemy.moml.MoMLSimpleApplication@7aed6e1a
reloadAllAccessors: .sdf_sdf1

===========================================================================================
----------------- testing Sun Jul 14 18:30:37 UTC 2019 /home/travis/build/icyphy/ptII/ptolemy/domains/sdf/test/auto/test1.xml
----------------- Instantiating /home/travis/build/icyphy/ptII/ptolemy/domains/sdf/test/auto/test1.xml
4 ms. Memory: 344064K Free: 275207K (80%)
----------------- Invoking toplevel() on ptolemy.moml.MoMLSimpleApplication@62bb0d23
----------------- Done invoking toplevel() on ptolemy.moml.MoMLSimpleApplication@62bb0d23
reloadAllAccessors: .test1

===========================================================================================
----------------- testing Sun Jul 14 18:30:38 UTC 2019 /home/travis/build/icyphy/ptII/ptolemy/domains/sdf/test/auto/time1.xml
----------------- Instantiating /home/travis/build/icyphy/ptII/ptolemy/domains/sdf/test/auto/time1.xml
2 ms. Memory: 344064K Free: 271625K (79%)
----------------- Invoking toplevel() on ptolemy.moml.MoMLSimpleApplication@62456cfc
----------------- Done invoking toplevel() on ptolemy.moml.MoMLSimpleApplication@62456cfc
reloadAllAccessors: .time1

===========================================================================================
----------------- testing Sun Jul 14 18:30:38 UTC 2019 /home/travis/build/icyphy/ptII/ptolemy/domains/sdf/test/auto/time2.xml
----------------- Instantiating /home/travis/build/icyphy/ptII/ptolemy/domains/sdf/test/auto/time2.xml
2 ms. Memory: 344064K Free: 268039K (78%)
----------------- Invoking toplevel() on ptolemy.moml.MoMLSimpleApplication@19e105fd
----------------- Done invoking toplevel() on ptolemy.moml.MoMLSimpleApplication@19e105fd
reloadAllAccessors: .time2

===========================================================================================
----------------- testing Sun Jul 14 18:30:38 UTC 2019 /home/travis/build/icyphy/ptII/ptolemy/domains/sdf/test/auto/time3.xml
----------------- Instantiating /home/travis/build/icyphy/ptII/ptolemy/domains/sdf/test/auto/time3.xml
4 ms. Memory: 344064K Free: 262409K (76%)
----------------- Invoking toplevel() on ptolemy.moml.MoMLSimpleApplication@53c04946
----------------- Done invoking toplevel() on ptolemy.moml.MoMLSimpleApplication@53c04946
reloadAllAccessors: .time3

===========================================================================================
----------------- testing Sun Jul 14 18:30:38 UTC 2019 /home/travis/build/icyphy/ptII/ptolemy/domains/sdf/test/auto/time4.xml
----------------- Instantiating /home/travis/build/icyphy/ptII/ptolemy/domains/sdf/test/auto/time4.xml
6 ms. Memory: 344064K Free: 256775K (75%)
----------------- Invoking toplevel() on ptolemy.moml.MoMLSimpleApplication@1efb7a95
----------------- Done invoking toplevel() on ptolemy.moml.MoMLSimpleApplication@1efb7a95
reloadAllAccessors: .time4

===========================================================================================
----------------- testing Sun Jul 14 18:30:38 UTC 2019 /home/travis/build/icyphy/ptII/ptolemy/domains/sdf/test/auto/time5.xml
----------------- Instantiating /home/travis/build/icyphy/ptII/ptolemy/domains/sdf/test/auto/time5.xml
4001 ms. Memory: 344064K Free: 253193K (74%)
----------------- Invoking toplevel() on ptolemy.moml.MoMLSimpleApplication@3dc55c45
----------------- Done invoking toplevel() on ptolemy.moml.MoMLSimpleApplication@3dc55c45
reloadAllAccessors: .time5

===========================================================================================
----------------- testing Sun Jul 14 18:30:42 UTC 2019 /home/travis/build/icyphy/ptII/ptolemy/domains/sdf/test/auto/typeSystem_Const_Integer_smallest_Type.xml
----------------- Instantiating /home/travis/build/icyphy/ptII/ptolemy/domains/sdf/test/auto/typeSystem_Const_Integer_smallest_Type.xml
4 ms. Memory: 344064K Free: 248583K (72%)
----------------- Invoking toplevel() on ptolemy.moml.MoMLSimpleApplication@66f555
----------------- Done invoking toplevel() on ptolemy.moml.MoMLSimpleApplication@66f555
reloadAllAccessors: .typeSystem_Const_Integer_smallest_Type

===========================================================================================
----------------- testing Sun Jul 14 18:30:42 UTC 2019 /home/travis/build/icyphy/ptII/ptolemy/domains/sdf/test/auto/typeSystem_declared_Inports_OutportTypeException.xml
----------------- Instantiating /home/travis/build/icyphy/ptII/ptolemy/domains/sdf/test/auto/typeSystem_declared_Inports_OutportTypeException.xml
.typeSystem_declared_Inports_OutportTypeException.TestExceptionAttribute: initialize() was not invoked, but wrapup() was.  This is unusual, but not always a problem.  For example, exporting JNLP will do this.
6 ms. Memory: 344064K Free: 244487K (71%)
----------------- Invoking toplevel() on ptolemy.moml.MoMLSimpleApplication@7cc2274a
----------------- Done invoking toplevel() on ptolemy.moml.MoMLSimpleApplication@7cc2274a
reloadAllAccessors: .typeSystem_declared_Inports_OutportTypeException

===========================================================================================
----------------- testing Sun Jul 14 18:30:42 UTC 2019 /home/travis/build/icyphy/ptII/ptolemy/domains/sdf/test/auto/typeSystem_oneDeclaredInportType_wrongTypeOutport.xml
----------------- Instantiating /home/travis/build/icyphy/ptII/ptolemy/domains/sdf/test/auto/typeSystem_oneDeclaredInportType_wrongTypeOutport.xml
3 ms. Memory: 344064K Free: 239881K (70%)
----------------- Invoking toplevel() on ptolemy.moml.MoMLSimpleApplication@1ef1de4b
----------------- Done invoking toplevel() on ptolemy.moml.MoMLSimpleApplication@1ef1de4b
reloadAllAccessors: .typeSystem_oneDeclaredInportType_wrongTypeOutport

===========================================================================================
----------------- testing Sun Jul 14 18:30:42 UTC 2019 /home/travis/build/icyphy/ptII/ptolemy/domains/sdf/test/auto/width.xml
----------------- Instantiating /home/travis/build/icyphy/ptII/ptolemy/domains/sdf/test/auto/width.xml
2 ms. Memory: 344064K Free: 236295K (69%)
----------------- Invoking toplevel() on ptolemy.moml.MoMLSimpleApplication@3e25040c
----------------- Done invoking toplevel() on ptolemy.moml.MoMLSimpleApplication@3e25040c
reloadAllAccessors: .width

===========================================================================================
----------------- testing Sun Jul 14 18:30:42 UTC 2019 /home/travis/build/icyphy/ptII/ptolemy/domains/sdf/test/auto/width2.xml
----------------- Instantiating /home/travis/build/icyphy/ptII/ptolemy/domains/sdf/test/auto/width2.xml
29 ms. Memory: 344064K Free: 231175K (67%)
----------------- Invoking toplevel() on ptolemy.moml.MoMLSimpleApplication@3efd0533
----------------- Done invoking toplevel() on ptolemy.moml.MoMLSimpleApplication@3efd0533
reloadAllAccessors: .width2

===========================================================================================
----------------- testing Sun Jul 14 18:30:42 UTC 2019 /home/travis/build/icyphy/ptII/ptolemy/domains/sdf/test/auto/width3.xml
----------------- Instantiating /home/travis/build/icyphy/ptII/ptolemy/domains/sdf/test/auto/width3.xml
28 ms. Memory: 344064K Free: 226055K (66%)
----------------- Invoking toplevel() on ptolemy.moml.MoMLSimpleApplication@2f6aae1c
----------------- Done invoking toplevel() on ptolemy.moml.MoMLSimpleApplication@2f6aae1c
reloadAllAccessors: .width3
AutoTests.java: About to close Vertx.
AutoTests.java: Vertx closed.
]]></system-out>
  <system-err><![CDATA[java.lang.RuntimeException: Execution failed
	at ptolemy.moml.MoMLSimpleApplication$UnloadThread.run(MoMLSimpleApplication.java:402)
Caused by: ptolemy.actor.sched.NotSchedulableException: No solution exists for the balance equations.
Graph is not consistent under the SDF domain detected on external port .rateConsistency.actor.port2
  in .rateConsistency.SDF Director.Scheduler
	at ptolemy.domains.sdf.kernel.SDFScheduler._propagatePort(SDFScheduler.java:1425)
	at ptolemy.domains.sdf.kernel.SDFScheduler._solveBalanceEquations(SDFScheduler.java:710)
	at ptolemy.domains.sdf.kernel.SDFScheduler._getSchedule(SDFScheduler.java:566)
	at ptolemy.actor.sched.Scheduler.getSchedule(Scheduler.java:189)
	at ptolemy.domains.sdf.kernel.SDFDirector.createSchedule(SDFDirector.java:408)
	at ptolemy.domains.sdf.kernel.SDFDirector.preinitialize(SDFDirector.java:764)
	at ptolemy.actor.CompositeActor.preinitialize(CompositeActor.java:1828)
	at ptolemy.actor.Manager.preinitializeAndResolveTypes(Manager.java:1040)
	at ptolemy.actor.Manager.initialize(Manager.java:710)
	at ptolemy.actor.Manager.execute(Manager.java:356)
	at ptolemy.actor.Manager.run(Manager.java:1263)
	at ptolemy.actor.Manager$PtolemyRunThread.run(Manager.java:1915)
java.lang.RuntimeException: Execution failed
	at ptolemy.moml.MoMLSimpleApplication$UnloadThread.run(MoMLSimpleApplication.java:402)
Caused by: ptolemy.kernel.util.IllegalActionException: Failed to compute schedule:
  in .badRateChanges.typed composite actor.SDF Director
Because:
The SDF rate parameter may change. This is not allowed in SDF models that will be run through the code generator.  If you don't care about code generation, then you might consider setting the allowRateChanges parameter of the SDF director to false.
  in .badRateChanges.typed composite actor.Repeat.output.tokenProductionRate
	at ptolemy.domains.sdf.kernel.SDFDirector.createSchedule(SDFDirector.java:418)
	at ptolemy.domains.sdf.kernel.SDFDirector.preinitialize(SDFDirector.java:764)
	at ptolemy.actor.CompositeActor.preinitialize(CompositeActor.java:1828)
	at ptolemy.actor.Director.preinitialize(Director.java:1302)
	at ptolemy.actor.Director.preinitialize(Director.java:1257)
	at ptolemy.domains.sdf.kernel.SDFDirector.preinitialize(SDFDirector.java:763)
	at ptolemy.actor.CompositeActor.preinitialize(CompositeActor.java:1828)
	at ptolemy.actor.Manager.preinitializeAndResolveTypes(Manager.java:1040)
	at ptolemy.actor.Manager.initialize(Manager.java:710)
	at ptolemy.actor.Manager.execute(Manager.java:356)
	at ptolemy.actor.Manager.run(Manager.java:1263)
	at ptolemy.actor.Manager$PtolemyRunThread.run(Manager.java:1915)
Caused by: ptolemy.kernel.util.IllegalActionException: The SDF rate parameter may change. This is not allowed in SDF models that will be run through the code generator.  If you don't care about code generation, then you might consider setting the allowRateChanges parameter of the SDF director to false.
  in .badRateChanges.typed composite actor.Repeat.output.tokenProductionRate
	at ptolemy.domains.sdf.kernel.SDFScheduler._assertDynamicRateVariable(SDFScheduler.java:931)
	at ptolemy.domains.sdf.kernel.SDFScheduler._checkDynamicRateVariables(SDFScheduler.java:339)
	at ptolemy.domains.sdf.kernel.SDFScheduler._getSchedule(SDFScheduler.java:527)
	at ptolemy.actor.sched.Scheduler.getSchedule(Scheduler.java:189)
	at ptolemy.domains.sdf.kernel.SDFDirector.createSchedule(SDFDirector.java:408)
	... 11 more
java.lang.RuntimeException: Execution failed
	at ptolemy.moml.MoMLSimpleApplication$UnloadThread.run(MoMLSimpleApplication.java:402)
Caused by: ptolemy.kernel.util.IllegalActionException: Failed to compute schedule:
  in .badRateChanges2.typed composite actor.SDF Director
Because:
The SDF rate parameter may change. This is not allowed in SDF models that will be run through the code generator.  If you don't care about code generation, then you might consider setting the allowRateChanges parameter of the SDF director to false.
  in .badRateChanges2.typed composite actor.Repeat.output.tokenProductionRate
	at ptolemy.domains.sdf.kernel.SDFDirector.createSchedule(SDFDirector.java:418)
	at ptolemy.domains.sdf.kernel.SDFDirector.preinitialize(SDFDirector.java:764)
	at ptolemy.actor.CompositeActor.preinitialize(CompositeActor.java:1828)
	at ptolemy.actor.Director.preinitialize(Director.java:1302)
	at ptolemy.actor.Director.preinitialize(Director.java:1257)
	at ptolemy.domains.sdf.kernel.SDFDirector.preinitialize(SDFDirector.java:763)
	at ptolemy.actor.CompositeActor.preinitialize(CompositeActor.java:1828)
	at ptolemy.actor.Manager.preinitializeAndResolveTypes(Manager.java:1040)
	at ptolemy.actor.Manager.initialize(Manager.java:710)
	at ptolemy.actor.Manager.execute(Manager.java:356)
	at ptolemy.actor.Manager.run(Manager.java:1263)
	at ptolemy.actor.Manager$PtolemyRunThread.run(Manager.java:1915)
Caused by: ptolemy.kernel.util.IllegalActionException: The SDF rate parameter may change. This is not allowed in SDF models that will be run through the code generator.  If you don't care about code generation, then you might consider setting the allowRateChanges parameter of the SDF director to false.
  in .badRateChanges2.typed composite actor.Repeat.output.tokenProductionRate
	at ptolemy.domains.sdf.kernel.SDFScheduler._assertDynamicRateVariable(SDFScheduler.java:931)
	at ptolemy.domains.sdf.kernel.SDFScheduler._checkDynamicRateVariables(SDFScheduler.java:339)
	at ptolemy.domains.sdf.kernel.SDFScheduler._getSchedule(SDFScheduler.java:527)
	at ptolemy.actor.sched.Scheduler.getSchedule(Scheduler.java:189)
	at ptolemy.domains.sdf.kernel.SDFDirector.createSchedule(SDFDirector.java:408)
	... 11 more
java.lang.RuntimeException: Execution failed
	at ptolemy.moml.MoMLSimpleApplication$UnloadThread.run(MoMLSimpleApplication.java:402)
Caused by: ptolemy.actor.sched.NotSchedulableException: Actors remain that cannot be scheduled!

There are several possible reasons:
* SDF Graphs with feedback loops should have an actor with a delay in the loop, such as a SampleDelay.
* The SDF director has an "allowDisconnectedGraphs"parameter, which, when true, permits disconnected SDF graphs.
* The token consumption rate and production rates might be mismatched.
Usually, actors produce one token or consume one token on a port.  To produce or consume multiple tokens per firing, add a "tokenConsumptionRate" or "tokenProductionRate" parameter to the appropriate port.
Unscheduled actors:
.partiallyConnected.Const2 
Scheduled actors:
.partiallyConnected.Const 
  in .partiallyConnected.SDF Director.Scheduler
	at ptolemy.domains.sdf.kernel.SDFScheduler._scheduleConnectedActors(SDFScheduler.java:1828)
	at ptolemy.domains.sdf.kernel.SDFScheduler._getSchedule(SDFScheduler.java:587)
	at ptolemy.actor.sched.Scheduler.getSchedule(Scheduler.java:189)
	at ptolemy.domains.sdf.kernel.SDFDirector.createSchedule(SDFDirector.java:408)
	at ptolemy.domains.sdf.kernel.SDFDirector.preinitialize(SDFDirector.java:764)
	at ptolemy.actor.CompositeActor.preinitialize(CompositeActor.java:1828)
	at ptolemy.actor.Manager.preinitializeAndResolveTypes(Manager.java:1040)
	at ptolemy.actor.Manager.initialize(Manager.java:710)
	at ptolemy.actor.Manager.execute(Manager.java:356)
	at ptolemy.actor.Manager.run(Manager.java:1263)
	at ptolemy.actor.Manager$PtolemyRunThread.run(Manager.java:1915)
]]></system-err>
</testsuite>
