<?xml version="1.0" encoding="UTF-8" ?>
<testsuite errors="0" failures="0" hostname="travis-job-c0e2df27-a336-4ce3-9ab3-e698bac705ed" name="ptolemy.domains.de.test.junit.JUnitTclTest" skipped="0" tests="101" time="126.825" timestamp="2019-04-23T23:52:40">
  <properties>
[...]
</properties>
  <testcase classname="ptolemy.util.test.junit.TclTests" name="[0] /home/travis/build/icyphy/ptII/ptolemy/domains/de/test/DependencyLoop.tcl (RunTclFile)" time="0.744" />
  <testcase classname="ptolemy.util.test.junit.TclTests" name="[1] /home/travis/build/icyphy/ptII/ptolemy/domains/de/test/RunDETestsAsQSS.tcl (RunTclFile)" time="87.165" />
  <testcase classname="ptolemy.util.test.junit.AutoKnownFailedTests" name="[0] /home/travis/build/icyphy/ptII/ptolemy/domains/de/test/auto/knownFailedTests/DESDFClockTest.xml (RunModel)" time="2.035" />
  <testcase classname="ptolemy.util.test.junit.AutoKnownFailedTests" name="[1] /home/travis/build/icyphy/ptII/ptolemy/domains/de/test/auto/knownFailedTests/DirectFeedback.xml (RunModel)" time="0.014" />
  <testcase classname="ptolemy.util.test.junit.AutoKnownFailedTests" name="[2] /home/travis/build/icyphy/ptII/ptolemy/domains/de/test/auto/knownFailedTests/FSMSource.xml (RunModel)" time="0.016" />
  <testcase classname="ptolemy.util.test.junit.AutoKnownFailedTests" name="[3] /home/travis/build/icyphy/ptII/ptolemy/domains/de/test/auto/knownFailedTests/HierarchicalModel.xml (RunModel)" time="0.037" />
  <testcase classname="ptolemy.util.test.junit.AutoKnownFailedTests" name="[4] /home/travis/build/icyphy/ptII/ptolemy/domains/de/test/auto/knownFailedTests/dependencyLoop.xml (RunModel)" time="0.034" />
  <testcase classname="ptolemy.util.test.junit.AutoKnownFailedTests" name="[5] /home/travis/build/icyphy/ptII/ptolemy/domains/de/test/auto/knownFailedTests/dependencyLoop2.xml (RunModel)" time="0.046" />
  <testcase classname="ptolemy.util.test.junit.AutoNameArchTests" name="[0] ThereAreNoAutoArchTests (RunModel)" time="0.0" />
  <testcase classname="ptolemy.util.test.junit.AutoTests" name="[0] /home/travis/build/icyphy/ptII/ptolemy/domains/de/test/auto/ActorDepthCalculation_actorWithoutPorts.xml (RunModel)" time="0.015" />
  <testcase classname="ptolemy.util.test.junit.AutoTests" name="[1] /home/travis/build/icyphy/ptII/ptolemy/domains/de/test/auto/AssemblyLine.xml (RunModel)" time="0.019" />
  <testcase classname="ptolemy.util.test.junit.AutoTests" name="[2] /home/travis/build/icyphy/ptII/ptolemy/domains/de/test/auto/CQBug1.xml (RunModel)" time="0.006" />
  <testcase classname="ptolemy.util.test.junit.AutoTests" name="[3] /home/travis/build/icyphy/ptII/ptolemy/domains/de/test/auto/CancelFireAt.xml (RunModel)" time="0.005" />
  <testcase classname="ptolemy.util.test.junit.AutoTests" name="[4] /home/travis/build/icyphy/ptII/ptolemy/domains/de/test/auto/CausalityAndComposabilityAnalysis.xml (RunModel)" time="0.009" />
  <testcase classname="ptolemy.util.test.junit.AutoTests" name="[5] /home/travis/build/icyphy/ptII/ptolemy/domains/de/test/auto/CausalityInterface1.xml (RunModel)" time="0.014" />
  <testcase classname="ptolemy.util.test.junit.AutoTests" name="[6] /home/travis/build/icyphy/ptII/ptolemy/domains/de/test/auto/CausalityInterface15.xml (RunModel)" time="0.012" />
  <testcase classname="ptolemy.util.test.junit.AutoTests" name="[7] /home/travis/build/icyphy/ptII/ptolemy/domains/de/test/auto/CausalityInterface2.xml (RunModel)" time="0.01" />
  <testcase classname="ptolemy.util.test.junit.AutoTests" name="[8] /home/travis/build/icyphy/ptII/ptolemy/domains/de/test/auto/CausalityInterface3.xml (RunModel)" time="0.01" />
  <testcase classname="ptolemy.util.test.junit.AutoTests" name="[9] /home/travis/build/icyphy/ptII/ptolemy/domains/de/test/auto/ClockDrift.xml (RunModel)" time="0.031" />
  <testcase classname="ptolemy.util.test.junit.AutoTests" name="[10] /home/travis/build/icyphy/ptII/ptolemy/domains/de/test/auto/ClockDriftAndValueChange.xml (RunModel)" time="0.02" />
  <testcase classname="ptolemy.util.test.junit.AutoTests" name="[11] /home/travis/build/icyphy/ptII/ptolemy/domains/de/test/auto/ClockDriftChange.xml (RunModel)" time="0.017" />
  <testcase classname="ptolemy.util.test.junit.AutoTests" name="[12] /home/travis/build/icyphy/ptII/ptolemy/domains/de/test/auto/ComposableCausalityAnalysis.xml (RunModel)" time="0.013" />
  <testcase classname="ptolemy.util.test.junit.AutoTests" name="[13] /home/travis/build/icyphy/ptII/ptolemy/domains/de/test/auto/DEFixedPointLimitation.xml (RunModel)" time="0.007" />
  <testcase classname="ptolemy.util.test.junit.AutoTests" name="[14] /home/travis/build/icyphy/ptII/ptolemy/domains/de/test/auto/DEScheduleTest.xml (RunModel)" time="0.007" />
  <testcase classname="ptolemy.util.test.junit.AutoTests" name="[15] /home/travis/build/icyphy/ptII/ptolemy/domains/de/test/auto/DEinDEwithStartTimes.xml (RunModel)" time="0.008" />
  <testcase classname="ptolemy.util.test.junit.AutoTests" name="[16] /home/travis/build/icyphy/ptII/ptolemy/domains/de/test/auto/DEinDEwithStartTimes2.xml (RunModel)" time="0.008" />
  <testcase classname="ptolemy.util.test.junit.AutoTests" name="[17] /home/travis/build/icyphy/ptII/ptolemy/domains/de/test/auto/DateDemo.xml (RunModel)" time="0.017" />
  <testcase classname="ptolemy.util.test.junit.AutoTests" name="[18] /home/travis/build/icyphy/ptII/ptolemy/domains/de/test/auto/DateToEvent.xml (RunModel)" time="2.026" />
  <testcase classname="ptolemy.util.test.junit.AutoTests" name="[19] /home/travis/build/icyphy/ptII/ptolemy/domains/de/test/auto/DepthTest1.xml (RunModel)" time="0.006" />
  <testcase classname="ptolemy.util.test.junit.AutoTests" name="[20] /home/travis/build/icyphy/ptII/ptolemy/domains/de/test/auto/DepthTest2.xml (RunModel)" time="0.014" />
  <testcase classname="ptolemy.util.test.junit.AutoTests" name="[21] /home/travis/build/icyphy/ptII/ptolemy/domains/de/test/auto/DepthTest3.xml (RunModel)" time="0.006" />
  <testcase classname="ptolemy.util.test.junit.AutoTests" name="[22] /home/travis/build/icyphy/ptII/ptolemy/domains/de/test/auto/DepthTest4.xml (RunModel)" time="0.01" />
  <testcase classname="ptolemy.util.test.junit.AutoTests" name="[23] /home/travis/build/icyphy/ptII/ptolemy/domains/de/test/auto/DepthTest5.xml (RunModel)" time="0.011" />
  <testcase classname="ptolemy.util.test.junit.AutoTests" name="[24] /home/travis/build/icyphy/ptII/ptolemy/domains/de/test/auto/DepthTest6.xml (RunModel)" time="0.01" />
  <testcase classname="ptolemy.util.test.junit.AutoTests" name="[25] /home/travis/build/icyphy/ptII/ptolemy/domains/de/test/auto/DepthTest7.xml (RunModel)" time="0.009" />
  <testcase classname="ptolemy.util.test.junit.AutoTests" name="[26] /home/travis/build/icyphy/ptII/ptolemy/domains/de/test/auto/EventToDate.xml (RunModel)" time="3.029" />
  <testcase classname="ptolemy.util.test.junit.AutoTests" name="[27] /home/travis/build/icyphy/ptII/ptolemy/domains/de/test/auto/FSM1.xml (RunModel)" time="0.035" />
  <testcase classname="ptolemy.util.test.junit.AutoTests" name="[28] /home/travis/build/icyphy/ptII/ptolemy/domains/de/test/auto/FSM7.xml (RunModel)" time="0.042" />
  <testcase classname="ptolemy.util.test.junit.AutoTests" name="[29] /home/travis/build/icyphy/ptII/ptolemy/domains/de/test/auto/Inspection.xml (RunModel)" time="0.054" />
  <testcase classname="ptolemy.util.test.junit.AutoTests" name="[30] /home/travis/build/icyphy/ptII/ptolemy/domains/de/test/auto/Iteration.xml (RunModel)" time="0.026" />
  <testcase classname="ptolemy.util.test.junit.AutoTests" name="[31] /home/travis/build/icyphy/ptII/ptolemy/domains/de/test/auto/LineFault.xml (RunModel)" time="0.569" />
  <testcase classname="ptolemy.util.test.junit.AutoTests" name="[32] /home/travis/build/icyphy/ptII/ptolemy/domains/de/test/auto/MergeModel1Add.xml (RunModel)" time="0.04" />
  <testcase classname="ptolemy.util.test.junit.AutoTests" name="[33] /home/travis/build/icyphy/ptII/ptolemy/domains/de/test/auto/MergeModel2Add.xml (RunModel)" time="0.031" />
  <testcase classname="ptolemy.util.test.junit.AutoTests" name="[34] /home/travis/build/icyphy/ptII/ptolemy/domains/de/test/auto/MergeModel3Add.xml (RunModel)" time="0.037" />
  <testcase classname="ptolemy.util.test.junit.AutoTests" name="[35] /home/travis/build/icyphy/ptII/ptolemy/domains/de/test/auto/MergeWithoutDiscard.xml (RunModel)" time="0.008" />
  <testcase classname="ptolemy.util.test.junit.AutoTests" name="[36] /home/travis/build/icyphy/ptII/ptolemy/domains/de/test/auto/Modal1.xml (RunModel)" time="0.024" />
  <testcase classname="ptolemy.util.test.junit.AutoTests" name="[37] /home/travis/build/icyphy/ptII/ptolemy/domains/de/test/auto/Modal2.xml (RunModel)" time="0.031" />
  <testcase classname="ptolemy.util.test.junit.AutoTests" name="[38] /home/travis/build/icyphy/ptII/ptolemy/domains/de/test/auto/Modal3.xml (RunModel)" time="0.031" />
  <testcase classname="ptolemy.util.test.junit.AutoTests" name="[39] /home/travis/build/icyphy/ptII/ptolemy/domains/de/test/auto/Modal4.xml (RunModel)" time="0.026" />
  <testcase classname="ptolemy.util.test.junit.AutoTests" name="[40] /home/travis/build/icyphy/ptII/ptolemy/domains/de/test/auto/Modal5.xml (RunModel)" time="0.026" />
  <testcase classname="ptolemy.util.test.junit.AutoTests" name="[41] /home/travis/build/icyphy/ptII/ptolemy/domains/de/test/auto/Modal6.xml (RunModel)" time="0.027" />
  <testcase classname="ptolemy.util.test.junit.AutoTests" name="[42] /home/travis/build/icyphy/ptII/ptolemy/domains/de/test/auto/Modal7.xml (RunModel)" time="0.027" />
  <testcase classname="ptolemy.util.test.junit.AutoTests" name="[43] /home/travis/build/icyphy/ptII/ptolemy/domains/de/test/auto/ModalModel.xml (RunModel)" time="0.148" />
  <testcase classname="ptolemy.util.test.junit.AutoTests" name="[44] /home/travis/build/icyphy/ptII/ptolemy/domains/de/test/auto/ModalSource.xml (RunModel)" time="0.017" />
  <testcase classname="ptolemy.util.test.junit.AutoTests" name="[45] /home/travis/build/icyphy/ptII/ptolemy/domains/de/test/auto/NonInterruptibleTimerZeroDelay.xml (RunModel)" time="0.008" />
  <testcase classname="ptolemy.util.test.junit.AutoTests" name="[46] /home/travis/build/icyphy/ptII/ptolemy/domains/de/test/auto/OpenQueueingNetwork.xml (RunModel)" time="2.205" />
  <testcase classname="ptolemy.util.test.junit.AutoTests" name="[47] /home/travis/build/icyphy/ptII/ptolemy/domains/de/test/auto/OpenQueuingNetwork.xml (RunModel)" time="0.26" />
  <testcase classname="ptolemy.util.test.junit.AutoTests" name="[48] /home/travis/build/icyphy/ptII/ptolemy/domains/de/test/auto/PeriodicSampler.xml (RunModel)" time="0.008" />
  <testcase classname="ptolemy.util.test.junit.AutoTests" name="[49] /home/travis/build/icyphy/ptII/ptolemy/domains/de/test/auto/PersistentIO.xml (RunModel)" time="0.019" />
  <testcase classname="ptolemy.util.test.junit.AutoTests" name="[50] /home/travis/build/icyphy/ptII/ptolemy/domains/de/test/auto/PortParameterResetOnInitialize.xml (RunModel)" time="0.008" />
  <testcase classname="ptolemy.util.test.junit.AutoTests" name="[51] /home/travis/build/icyphy/ptII/ptolemy/domains/de/test/auto/PortParameterUpdates.xml (RunModel)" time="0.012" />
  <testcase classname="ptolemy.util.test.junit.AutoTests" name="[52] /home/travis/build/icyphy/ptII/ptolemy/domains/de/test/auto/QueueAndServer.xml (RunModel)" time="0.02" />
  <testcase classname="ptolemy.util.test.junit.AutoTests" name="[53] /home/travis/build/icyphy/ptII/ptolemy/domains/de/test/auto/Records.xml (RunModel)" time="0.022" />
  <testcase classname="ptolemy.util.test.junit.AutoTests" name="[54] /home/travis/build/icyphy/ptII/ptolemy/domains/de/test/auto/ResetTransitionWithStartTime1.xml (RunModel)" time="0.022" />
  <testcase classname="ptolemy.util.test.junit.AutoTests" name="[55] /home/travis/build/icyphy/ptII/ptolemy/domains/de/test/auto/ResetTransitionWithStartTime2.xml (RunModel)" time="0.018" />
  <testcase classname="ptolemy.util.test.junit.AutoTests" name="[56] /home/travis/build/icyphy/ptII/ptolemy/domains/de/test/auto/ResetTransitionWithStartTime3.xml (RunModel)" time="0.016" />
  <testcase classname="ptolemy.util.test.junit.AutoTests" name="[57] /home/travis/build/icyphy/ptII/ptolemy/domains/de/test/auto/ResetTransitionWithStartTime4.xml (RunModel)" time="0.018" />
  <testcase classname="ptolemy.util.test.junit.AutoTests" name="[58] /home/travis/build/icyphy/ptII/ptolemy/domains/de/test/auto/ResettableTimer1.xml (RunModel)" time="0.01" />
  <testcase classname="ptolemy.util.test.junit.AutoTests" name="[59] /home/travis/build/icyphy/ptII/ptolemy/domains/de/test/auto/ResettableTimer2.xml (RunModel)" time="0.007" />
  <testcase classname="ptolemy.util.test.junit.AutoTests" name="[60] /home/travis/build/icyphy/ptII/ptolemy/domains/de/test/auto/ResettableTimer3.xml (RunModel)" time="0.007" />
  <testcase classname="ptolemy.util.test.junit.AutoTests" name="[61] /home/travis/build/icyphy/ptII/ptolemy/domains/de/test/auto/ResettableTimer4.xml (RunModel)" time="0.007" />
  <testcase classname="ptolemy.util.test.junit.AutoTests" name="[62] /home/travis/build/icyphy/ptII/ptolemy/domains/de/test/auto/ResettableTimer5.xml (RunModel)" time="0.007" />
  <testcase classname="ptolemy.util.test.junit.AutoTests" name="[63] /home/travis/build/icyphy/ptII/ptolemy/domains/de/test/auto/ResettableTimer6.xml (RunModel)" time="0.018" />
  <testcase classname="ptolemy.util.test.junit.AutoTests" name="[64] /home/travis/build/icyphy/ptII/ptolemy/domains/de/test/auto/ServerZeroDelay.xml (RunModel)" time="0.01" />
  <testcase classname="ptolemy.util.test.junit.AutoTests" name="[65] /home/travis/build/icyphy/ptII/ptolemy/domains/de/test/auto/SmartSender.xml (RunModel)" time="3.006" />
  <testcase classname="ptolemy.util.test.junit.AutoTests" name="[66] /home/travis/build/icyphy/ptII/ptolemy/domains/de/test/auto/ThreadedComposite.xml (RunModel)" time="0.105" />
  <testcase classname="ptolemy.util.test.junit.AutoTests" name="[67] /home/travis/build/icyphy/ptII/ptolemy/domains/de/test/auto/Time.xml (RunModel)" time="0.413" />
  <testcase classname="ptolemy.util.test.junit.AutoTests" name="[68] /home/travis/build/icyphy/ptII/ptolemy/domains/de/test/auto/TimeDelayZeroDelay.xml (RunModel)" time="0.01" />
  <testcase classname="ptolemy.util.test.junit.AutoTests" name="[69] /home/travis/build/icyphy/ptII/ptolemy/domains/de/test/auto/TimerZeroDelay.xml (RunModel)" time="0.009" />
  <testcase classname="ptolemy.util.test.junit.AutoTests" name="[70] /home/travis/build/icyphy/ptII/ptolemy/domains/de/test/auto/TimingParadox.xml (RunModel)" time="0.35" />
  <testcase classname="ptolemy.util.test.junit.AutoTests" name="[71] /home/travis/build/icyphy/ptII/ptolemy/domains/de/test/auto/TransferInputs.xml (RunModel)" time="0.015" />
  <testcase classname="ptolemy.util.test.junit.AutoTests" name="[72] /home/travis/build/icyphy/ptII/ptolemy/domains/de/test/auto/TransferOutputs2.xml (RunModel)" time="0.015" />
  <testcase classname="ptolemy.util.test.junit.AutoTests" name="[73] /home/travis/build/icyphy/ptII/ptolemy/domains/de/test/auto/Trilateration.xml (RunModel)" time="11.04" />
  <testcase classname="ptolemy.util.test.junit.AutoTests" name="[74] /home/travis/build/icyphy/ptII/ptolemy/domains/de/test/auto/TwoSigmaDelta.xml (RunModel)" time="2.015" />
  <testcase classname="ptolemy.util.test.junit.AutoTests" name="[75] /home/travis/build/icyphy/ptII/ptolemy/domains/de/test/auto/VariableDelay.xml (RunModel)" time="0.02" />
  <testcase classname="ptolemy.util.test.junit.AutoTests" name="[76] /home/travis/build/icyphy/ptII/ptolemy/domains/de/test/auto/VariableDelay2.xml (RunModel)" time="0.009" />
  <testcase classname="ptolemy.util.test.junit.AutoTests" name="[77] /home/travis/build/icyphy/ptII/ptolemy/domains/de/test/auto/VariableDelayZeroDelay.xml (RunModel)" time="0.015" />
  <testcase classname="ptolemy.util.test.junit.AutoTests" name="[78] /home/travis/build/icyphy/ptII/ptolemy/domains/de/test/auto/VariableDelayZeroDelay2.xml (RunModel)" time="0.008" />
  <testcase classname="ptolemy.util.test.junit.AutoTests" name="[79] /home/travis/build/icyphy/ptII/ptolemy/domains/de/test/auto/deInCt.xml (RunModel)" time="0.011" />
  <testcase classname="ptolemy.util.test.junit.AutoTests" name="[80] /home/travis/build/icyphy/ptII/ptolemy/domains/de/test/auto/deInCt2.xml (RunModel)" time="0.011" />
  <testcase classname="ptolemy.util.test.junit.AutoTests" name="[81] /home/travis/build/icyphy/ptII/ptolemy/domains/de/test/auto/dynamicCausalityInterface1.xml (RunModel)" time="0.019" />
  <testcase classname="ptolemy.util.test.junit.AutoTests" name="[82] /home/travis/build/icyphy/ptII/ptolemy/domains/de/test/auto/fsm_de_test.xml (RunModel)" time="0.019" />
  <testcase classname="ptolemy.util.test.junit.AutoTests" name="[83] /home/travis/build/icyphy/ptII/ptolemy/domains/de/test/auto/functionDependencyReconstruction.xml (RunModel)" time="0.028" />
  <testcase classname="ptolemy.util.test.junit.AutoTests" name="[84] /home/travis/build/icyphy/ptII/ptolemy/domains/de/test/auto/multirate.xml (RunModel)" time="0.014" />
  <testcase classname="ptolemy.util.test.junit.AutoTests" name="[85] /home/travis/build/icyphy/ptII/ptolemy/domains/de/test/auto/multirate2.xml (RunModel)" time="0.012" />
  <testcase classname="ptolemy.util.test.junit.AutoTests" name="[86] /home/travis/build/icyphy/ptII/ptolemy/domains/de/test/auto/realtime.xml (RunModel)" time="10.008" />
  <testcase classname="ptolemy.util.test.junit.AutoTests" name="[87] /home/travis/build/icyphy/ptII/ptolemy/domains/de/test/auto/relationGroup.xml (RunModel)" time="0.007" />
  <testcase classname="ptolemy.util.test.junit.AutoTests" name="[88] /home/travis/build/icyphy/ptII/ptolemy/domains/de/test/auto/relationGroup2.xml (RunModel)" time="0.008" />
  <testcase classname="ptolemy.util.test.junit.AutoTests" name="[89] /home/travis/build/icyphy/ptII/ptolemy/domains/de/test/auto/sortWithOpaquePorts.xml (RunModel)" time="0.007" />
  <testcase classname="ptolemy.util.test.junit.AutoTests" name="[90] /home/travis/build/icyphy/ptII/ptolemy/domains/de/test/auto/transferInputsandOutputs.xml (RunModel)" time="0.018" />
  <testcase classname="ptolemy.util.test.junit.AutoTests" name="[91] /home/travis/build/icyphy/ptII/ptolemy/domains/de/test/auto/triggerType.xml (RunModel)" time="0.008" />
  <system-out><![CDATA[/home/travis/build/icyphy/ptII/ptolemy/domains/de/test/DependencyLoop.tcl
testDefs.tcl: setting time out to 9000 seconds at Tue Apr 23 23:52:40 UTC 2019
13 ms. Memory: 116224K Free: 97400K (84%)
18 ms. Memory: 146944K Free: 141238K (96%)
/home/travis/build/icyphy/ptII/ptolemy/domains/de/test/RunDETestsAsQSS.tcl
Run the DE tests using ptolemy.domains.qss.test.QSSDirectorTest, which extends QSSDirector and prints a message in the constructors.
------------------ testing $PTII/ptolemy/domains/de/test/auto/knownFailedTests/dependencyLoop.xml (Known Failure) 
7 ms. Memory: 146944K Free: 136588K (93%)


==== $PTIIhome/travis/build/icyphy/ptII/ptolemy/domains/de/test/../../../../: Auto Automatic test in file $PTII/ptolemy/domains/de/test/auto/knownFailedTests/dependencyLoop.xml
==== Contents of test case:

	    # FIXME: we should use $relativeFilename here, but it
	    # might have backslashes under Windows, which causes no end
	    # of trouble.
	    createAndExecute $file
	    list {}
	
.... Test generated KNOWN error:
    while executing
ptolemy.kernel.util.IllegalActionException: Found a zero delay loop containing .dependencyLoop.original
  in .dependencyLoop and .dependencyLoop.original
	at ptolemy.actor.util.CausalityInterfaceForComposites._computeOutputPortDepth(CausalityInterfaceForComposites.java:759)
	at ptolemy.actor.util.CausalityInterfaceForComposites._computeInputDepth(CausalityInterfaceForComposites.java:696)
	at ptolemy.actor.util.CausalityInterfaceForComposites._computeOutputPortDepth(CausalityInterfaceForComposites.java:765)
	at ptolemy.actor.util.CausalityInterfaceForComposites._computeInputDepth(CausalityInterfaceForComposites.java:696)
	at ptolemy.actor.util.CausalityInterfaceForComposites._computeOutputPortDepth(CausalityInterfaceForComposites.java:765)
	at ptolemy.actor.util.CausalityInterfaceForComposites._computeInputDepth(CausalityInterfaceForComposites.java:696)
	at ptolemy.actor.util.CausalityInterfaceForComposites._computeActorDepth(CausalityInterfaceForComposites.java:532)
	at ptolemy.actor.util.CausalityInterfaceForComposites.checkForCycles(CausalityInterfaceForComposites.java:96)
	at ptolemy.domains.de.kernel.DEDirector.preinitialize(DEDirector.java:1338)
	at ptolemy.actor.CompositeActor.preinitialize(CompositeActor.java:1828)
	at ptolemy.actor.Manager.preinitializeAndResolveTypes(Manager.java:1040)
	at ptolemy.actor.Manager.initialize(Manager.java:710)
	at ptolemy.actor.Manager.execute(Manager.java:356)
	at ptolemy.actor.Manager.run(Manager.java:1263)
	at ptolemy.actor.Manager$PtolemyRunThread.run(Manager.java:1915)

    while executing
ptolemy.kernel.util.IllegalActionException: Found a zero delay loop containing .dependencyLoop.original
  in .dependencyLoop and .dependencyLoop.original
    while executing
"java::new ptolemy.moml.MoMLSimpleApplication $file
"
    (procedure "createAndExecute" line 2)
    invoked from within
"createAndExecute $file"
    ("uplevel" body line 5)
    invoked from within
"uplevel $contents_of_test"
------------------ testing $PTII/ptolemy/domains/de/test/auto/knownFailedTests/DESDFClockTest.xml (Known Failure) 
2056 ms. Memory: 146944K Free: 121354K (83%)


==== $PTIIhome/travis/build/icyphy/ptII/ptolemy/domains/de/test/../../../../: Auto Automatic test in file $PTII/ptolemy/domains/de/test/auto/knownFailedTests/DESDFClockTest.xml
==== Contents of test case:

	    # FIXME: we should use $relativeFilename here, but it
	    # might have backslashes under Windows, which causes no end
	    # of trouble.
	    createAndExecute $file
	    list {}
	
.... Test generated KNOWN error:
    while executing
ptolemy.kernel.util.IllegalActionException: Actor is not ready to fire.  Perhaps UpSample.prefire() returned false? Try debugging the actor by selecting "Listen to Actor".  Also, for SDF check moml for tokenConsumptionRate on input.
  in .DESDFClockTest.Play Bell.Copy1:SDF Director and .DESDFClockTest.Play Bell.UpSample
	at ptolemy.actor.sched.StaticSchedulingDirector.fire(StaticSchedulingDirector.java:227)
	at ptolemy.domains.sdf.kernel.SDFDirector.fire(SDFDirector.java:500)
	at ptolemy.actor.CompositeActor.fire(CompositeActor.java:455)
	at ptolemy.domains.de.kernel.DEDirector._fire(DEDirector.java:1949)
	at ptolemy.domains.de.kernel.DEDirector.fire(DEDirector.java:502)
	at ptolemy.actor.CompositeActor.fire(CompositeActor.java:455)
	at ptolemy.actor.Manager.iterate(Manager.java:851)
	at ptolemy.actor.Manager.execute(Manager.java:369)
	at ptolemy.actor.Manager.run(Manager.java:1263)
	at ptolemy.actor.Manager$PtolemyRunThread.run(Manager.java:1915)

    while executing
ptolemy.kernel.util.IllegalActionException: Actor is not ready to fire.  Perhaps UpSample.prefire() returned false? Try debugging the actor by selecting "Listen to Actor".  Also, for SDF check moml for tokenConsumptionRate on input.
  in .DESDFClockTest.Play Bell.Copy1:SDF Director and .DESDFClockTest.Play Bell.UpSample
    while executing
"java::new ptolemy.moml.MoMLSimpleApplication $file
"
    (procedure "createAndExecute" line 2)
    invoked from within
"createAndExecute $file"
    ("uplevel" body line 5)
    invoked from within
"uplevel $contents_of_test"
------------------ testing $PTII/ptolemy/domains/de/test/auto/knownFailedTests/FSMSource.xml (Known Failure) 
41 ms. Memory: 146944K Free: 112466K (77%)
!!!! Auto was marked as failing, but now passes
------------------ testing $PTII/ptolemy/domains/de/test/auto/knownFailedTests/dependencyLoop2.xml (Known Failure) 
6 ms. Memory: 146944K Free: 110582K (75%)


==== $PTIIhome/travis/build/icyphy/ptII/ptolemy/domains/de/test/../../../../: Auto Automatic test in file $PTII/ptolemy/domains/de/test/auto/knownFailedTests/dependencyLoop2.xml
==== Contents of test case:

	    # FIXME: we should use $relativeFilename here, but it
	    # might have backslashes under Windows, which causes no end
	    # of trouble.
	    createAndExecute $file
	    list {}
	
.... Test generated KNOWN error:
    while executing
ptolemy.kernel.util.IllegalActionException: Found a zero delay loop containing .dependencyLoop2.original
  in .dependencyLoop2 and .dependencyLoop2.original
	at ptolemy.actor.util.CausalityInterfaceForComposites._computeOutputPortDepth(CausalityInterfaceForComposites.java:759)
	at ptolemy.actor.util.CausalityInterfaceForComposites._computeInputDepth(CausalityInterfaceForComposites.java:696)
	at ptolemy.actor.util.CausalityInterfaceForComposites._computeOutputPortDepth(CausalityInterfaceForComposites.java:765)
	at ptolemy.actor.util.CausalityInterfaceForComposites._computeInputDepth(CausalityInterfaceForComposites.java:696)
	at ptolemy.actor.util.CausalityInterfaceForComposites._computeOutputPortDepth(CausalityInterfaceForComposites.java:765)
	at ptolemy.actor.util.CausalityInterfaceForComposites._computeInputDepth(CausalityInterfaceForComposites.java:696)
	at ptolemy.actor.util.CausalityInterfaceForComposites._computeActorDepth(CausalityInterfaceForComposites.java:532)
	at ptolemy.actor.util.CausalityInterfaceForComposites.checkForCycles(CausalityInterfaceForComposites.java:96)
	at ptolemy.domains.de.kernel.DEDirector.preinitialize(DEDirector.java:1338)
	at ptolemy.actor.CompositeActor.preinitialize(CompositeActor.java:1828)
	at ptolemy.actor.Manager.preinitializeAndResolveTypes(Manager.java:1040)
	at ptolemy.actor.Manager.initialize(Manager.java:710)
	at ptolemy.actor.Manager.execute(Manager.java:356)
	at ptolemy.actor.Manager.run(Manager.java:1263)
	at ptolemy.actor.Manager$PtolemyRunThread.run(Manager.java:1915)

    while executing
ptolemy.kernel.util.IllegalActionException: Found a zero delay loop containing .dependencyLoop2.original
  in .dependencyLoop2 and .dependencyLoop2.original
    while executing
"java::new ptolemy.moml.MoMLSimpleApplication $file
"
    (procedure "createAndExecute" line 2)
    invoked from within
"createAndExecute $file"
    ("uplevel" body line 5)
    invoked from within
"uplevel $contents_of_test"
------------------ testing $PTII/ptolemy/domains/de/test/auto/knownFailedTests/HierarchicalModel.xml (Known Failure) 
5 ms. Memory: 146944K Free: 90225K (61%)


==== $PTIIhome/travis/build/icyphy/ptII/ptolemy/domains/de/test/../../../../: Auto Automatic test in file $PTII/ptolemy/domains/de/test/auto/knownFailedTests/HierarchicalModel.xml
==== Contents of test case:

	    # FIXME: we should use $relativeFilename here, but it
	    # might have backslashes under Windows, which causes no end
	    # of trouble.
	    createAndExecute $file
	    list {}
	
.... Test generated KNOWN error:
    while executing
ptolemy.kernel.util.IllegalActionException: Found a zero delay loop containing .HierarchicalModel.A
  in .HierarchicalModel and .HierarchicalModel.A
	at ptolemy.actor.util.CausalityInterfaceForComposites._computeOutputPortDepth(CausalityInterfaceForComposites.java:759)
	at ptolemy.actor.util.CausalityInterfaceForComposites._computeInputDepth(CausalityInterfaceForComposites.java:696)
	at ptolemy.actor.util.CausalityInterfaceForComposites._computeOutputPortDepth(CausalityInterfaceForComposites.java:765)
	at ptolemy.actor.util.CausalityInterfaceForComposites._computeInputDepth(CausalityInterfaceForComposites.java:696)
	at ptolemy.actor.util.CausalityInterfaceForComposites._computeOutputPortDepth(CausalityInterfaceForComposites.java:765)
	at ptolemy.actor.util.CausalityInterfaceForComposites._computeInputDepth(CausalityInterfaceForComposites.java:696)
	at ptolemy.actor.util.CausalityInterfaceForComposites._computeActorDepth(CausalityInterfaceForComposites.java:532)
	at ptolemy.actor.util.CausalityInterfaceForComposites.checkForCycles(CausalityInterfaceForComposites.java:96)
	at ptolemy.domains.de.kernel.DEDirector.preinitialize(DEDirector.java:1338)
	at ptolemy.actor.CompositeActor.preinitialize(CompositeActor.java:1828)
	at ptolemy.actor.Manager.preinitializeAndResolveTypes(Manager.java:1040)
	at ptolemy.actor.Manager.initialize(Manager.java:710)
	at ptolemy.actor.Manager.execute(Manager.java:356)
	at ptolemy.actor.Manager.run(Manager.java:1263)
	at ptolemy.actor.Manager$PtolemyRunThread.run(Manager.java:1915)

    while executing
ptolemy.kernel.util.IllegalActionException: Found a zero delay loop containing .HierarchicalModel.A
  in .HierarchicalModel and .HierarchicalModel.A
    while executing
"java::new ptolemy.moml.MoMLSimpleApplication $file
"
    (procedure "createAndExecute" line 2)
    invoked from within
"createAndExecute $file"
    ("uplevel" body line 5)
    invoked from within
"uplevel $contents_of_test"
------------------ testing $PTII/ptolemy/domains/de/test/auto/knownFailedTests/DirectFeedback.xml (Known Failure) 
8 ms. Memory: 146944K Free: 86105K (59%)


==== $PTIIhome/travis/build/icyphy/ptII/ptolemy/domains/de/test/../../../../: Auto Automatic test in file $PTII/ptolemy/domains/de/test/auto/knownFailedTests/DirectFeedback.xml
==== Contents of test case:

	    # FIXME: we should use $relativeFilename here, but it
	    # might have backslashes under Windows, which causes no end
	    # of trouble.
	    createAndExecute $file
	    list {}
	
.... Test generated KNOWN error:
    while executing
ptolemy.kernel.util.IllegalActionException: Test fails in iteration 1.
Value was: 1.0. Should have been: 2.0
  in .DirectFeedback.Test
	at ptolemy.actor.lib.Test.fire(Test.java:268)
	at ptolemy.domains.de.kernel.DEDirector._fire(DEDirector.java:1949)
	at ptolemy.domains.de.kernel.DEDirector.fire(DEDirector.java:502)
	at ptolemy.actor.CompositeActor.fire(CompositeActor.java:455)
	at ptolemy.actor.Manager.iterate(Manager.java:851)
	at ptolemy.actor.Manager.execute(Manager.java:369)
	at ptolemy.actor.Manager.run(Manager.java:1263)
	at ptolemy.actor.Manager$PtolemyRunThread.run(Manager.java:1915)

    while executing
ptolemy.kernel.util.IllegalActionException: Test fails in iteration 1.
Value was: 1.0. Should have been: 2.0
  in .DirectFeedback.Test
    while executing
"java::new ptolemy.moml.MoMLSimpleApplication $file
"
    (procedure "createAndExecute" line 2)
    invoked from within
"createAndExecute $file"
    ("uplevel" body line 5)
    invoked from within
"uplevel $contents_of_test"
------------------ testing $PTII/ptolemy/domains/de/test/auto/ActorDepthCalculation_actorWithoutPorts.xml
auto.tcl: Setting watchdog for 200 seconds at Tue Apr 23 23:52:43 UTC 2019
4 ms. Memory: 146944K Free: 138916K (95%)
ptolemy.util.test.WatchDog.cancel(): canceling Tue Apr 23 23:52:43 UTC 2019
auto.tcl: Setting watchdog for 200 seconds at Tue Apr 23 23:52:43 UTC 2019
3 ms. Memory: 146944K Free: 137625K (94%)
ptolemy.util.test.WatchDog.cancel(): canceling Tue Apr 23 23:52:43 UTC 2019
------------------ testing $PTII/ptolemy/domains/de/test/auto/AssemblyLine.xml
auto.tcl: Setting watchdog for 200 seconds at Tue Apr 23 23:52:43 UTC 2019
23 ms. Memory: 208384K Free: 186179K (89%)
ptolemy.util.test.WatchDog.cancel(): canceling Tue Apr 23 23:52:43 UTC 2019
auto.tcl: Setting watchdog for 200 seconds at Tue Apr 23 23:52:43 UTC 2019
10 ms. Memory: 208384K Free: 186179K (89%)
ptolemy.util.test.WatchDog.cancel(): canceling Tue Apr 23 23:52:43 UTC 2019
------------------ testing $PTII/ptolemy/domains/de/test/auto/CQBug1.xml
auto.tcl: Setting watchdog for 200 seconds at Tue Apr 23 23:52:44 UTC 2019
6 ms. Memory: 208384K Free: 197864K (95%)
ptolemy.util.test.WatchDog.cancel(): canceling Tue Apr 23 23:52:44 UTC 2019
auto.tcl: Setting watchdog for 200 seconds at Tue Apr 23 23:52:44 UTC 2019
2 ms. Memory: 208384K Free: 197864K (95%)
ptolemy.util.test.WatchDog.cancel(): canceling Tue Apr 23 23:52:44 UTC 2019
------------------ testing $PTII/ptolemy/domains/de/test/auto/CancelFireAt.xml
auto.tcl: Setting watchdog for 200 seconds at Tue Apr 23 23:52:44 UTC 2019
5 ms. Memory: 208384K Free: 201025K (96%)
ptolemy.util.test.WatchDog.cancel(): canceling Tue Apr 23 23:52:44 UTC 2019
auto.tcl: Setting watchdog for 200 seconds at Tue Apr 23 23:52:44 UTC 2019
2 ms. Memory: 208384K Free: 198964K (95%)
ptolemy.util.test.WatchDog.cancel(): canceling Tue Apr 23 23:52:44 UTC 2019
------------------ testing $PTII/ptolemy/domains/de/test/auto/CausalityAndComposabilityAnalysis.xml
auto.tcl: Setting watchdog for 200 seconds at Tue Apr 23 23:52:44 UTC 2019
15 ms. Memory: 208384K Free: 198561K (95%)
ptolemy.util.test.WatchDog.cancel(): canceling Tue Apr 23 23:52:44 UTC 2019
auto.tcl: Setting watchdog for 200 seconds at Tue Apr 23 23:52:44 UTC 2019
6 ms. Memory: 208384K Free: 196500K (94%)
ptolemy.util.test.WatchDog.cancel(): canceling Tue Apr 23 23:52:44 UTC 2019
------------------ testing $PTII/ptolemy/domains/de/test/auto/CausalityInterface1.xml
auto.tcl: Setting watchdog for 200 seconds at Tue Apr 23 23:52:44 UTC 2019
21 ms. Memory: 208384K Free: 198498K (95%)
ptolemy.util.test.WatchDog.cancel(): canceling Tue Apr 23 23:52:44 UTC 2019
auto.tcl: Setting watchdog for 200 seconds at Tue Apr 23 23:52:44 UTC 2019
4 ms. Memory: 208384K Free: 196437K (94%)
ptolemy.util.test.WatchDog.cancel(): canceling Tue Apr 23 23:52:44 UTC 2019
------------------ testing $PTII/ptolemy/domains/de/test/auto/CausalityInterface15.xml
auto.tcl: Setting watchdog for 200 seconds at Tue Apr 23 23:52:44 UTC 2019
9 ms. Memory: 208384K Free: 196428K (94%)
ptolemy.util.test.WatchDog.cancel(): canceling Tue Apr 23 23:52:44 UTC 2019
auto.tcl: Setting watchdog for 200 seconds at Tue Apr 23 23:52:44 UTC 2019
12 ms. Memory: 208384K Free: 196428K (94%)
ptolemy.util.test.WatchDog.cancel(): canceling Tue Apr 23 23:52:44 UTC 2019
------------------ testing $PTII/ptolemy/domains/de/test/auto/CausalityInterface2.xml
auto.tcl: Setting watchdog for 200 seconds at Tue Apr 23 23:52:44 UTC 2019
8 ms. Memory: 208384K Free: 196412K (94%)
ptolemy.util.test.WatchDog.cancel(): canceling Tue Apr 23 23:52:44 UTC 2019
auto.tcl: Setting watchdog for 200 seconds at Tue Apr 23 23:52:44 UTC 2019
4 ms. Memory: 208384K Free: 196412K (94%)
ptolemy.util.test.WatchDog.cancel(): canceling Tue Apr 23 23:52:44 UTC 2019
------------------ testing $PTII/ptolemy/domains/de/test/auto/CausalityInterface3.xml
auto.tcl: Setting watchdog for 200 seconds at Tue Apr 23 23:52:44 UTC 2019
6 ms. Memory: 208384K Free: 196424K (94%)
ptolemy.util.test.WatchDog.cancel(): canceling Tue Apr 23 23:52:44 UTC 2019
auto.tcl: Setting watchdog for 200 seconds at Tue Apr 23 23:52:44 UTC 2019
4 ms. Memory: 208384K Free: 196424K (94%)
ptolemy.util.test.WatchDog.cancel(): canceling Tue Apr 23 23:52:44 UTC 2019
------------------ testing $PTII/ptolemy/domains/de/test/auto/ClockDrift.xml
auto.tcl: Setting watchdog for 200 seconds at Tue Apr 23 23:52:44 UTC 2019
86 ms. Memory: 208384K Free: 187771K (90%)
ptolemy.util.test.WatchDog.cancel(): canceling Tue Apr 23 23:52:44 UTC 2019
auto.tcl: Setting watchdog for 200 seconds at Tue Apr 23 23:52:44 UTC 2019
34 ms. Memory: 208384K Free: 185710K (89%)
ptolemy.util.test.WatchDog.cancel(): canceling Tue Apr 23 23:52:44 UTC 2019
------------------ testing $PTII/ptolemy/domains/de/test/auto/ClockDriftAndValueChange.xml
auto.tcl: Setting watchdog for 200 seconds at Tue Apr 23 23:52:45 UTC 2019
48 ms. Memory: 208384K Free: 189668K (91%)
ptolemy.util.test.WatchDog.cancel(): canceling Tue Apr 23 23:52:45 UTC 2019
auto.tcl: Setting watchdog for 200 seconds at Tue Apr 23 23:52:45 UTC 2019
36 ms. Memory: 208384K Free: 185545K (89%)
ptolemy.util.test.WatchDog.cancel(): canceling Tue Apr 23 23:52:45 UTC 2019
------------------ testing $PTII/ptolemy/domains/de/test/auto/ClockDriftChange.xml
auto.tcl: Setting watchdog for 200 seconds at Tue Apr 23 23:52:45 UTC 2019
40 ms. Memory: 208384K Free: 190891K (92%)
ptolemy.util.test.WatchDog.cancel(): canceling Tue Apr 23 23:52:45 UTC 2019
auto.tcl: Setting watchdog for 200 seconds at Tue Apr 23 23:52:45 UTC 2019
26 ms. Memory: 208384K Free: 188830K (91%)
ptolemy.util.test.WatchDog.cancel(): canceling Tue Apr 23 23:52:45 UTC 2019
------------------ testing $PTII/ptolemy/domains/de/test/auto/ComposableCausalityAnalysis.xml
auto.tcl: Setting watchdog for 200 seconds at Tue Apr 23 23:52:45 UTC 2019
2 ms. Memory: 208384K Free: 196280K (94%)
ptolemy.util.test.WatchDog.cancel(): canceling Tue Apr 23 23:52:45 UTC 2019
auto.tcl: Setting watchdog for 200 seconds at Tue Apr 23 23:52:45 UTC 2019
2 ms. Memory: 208384K Free: 196280K (94%)
ptolemy.util.test.WatchDog.cancel(): canceling Tue Apr 23 23:52:45 UTC 2019
------------------ testing $PTII/ptolemy/domains/de/test/auto/DEFixedPointLimitation.xml
auto.tcl: Setting watchdog for 200 seconds at Tue Apr 23 23:52:45 UTC 2019
2 ms. Memory: 208384K Free: 198423K (95%)
ptolemy.util.test.WatchDog.cancel(): canceling Tue Apr 23 23:52:45 UTC 2019
auto.tcl: Setting watchdog for 200 seconds at Tue Apr 23 23:52:45 UTC 2019
1 ms. Memory: 208384K Free: 196361K (94%)
ptolemy.util.test.WatchDog.cancel(): canceling Tue Apr 23 23:52:45 UTC 2019
------------------ testing $PTII/ptolemy/domains/de/test/auto/DEScheduleTest.xml
auto.tcl: Setting watchdog for 200 seconds at Tue Apr 23 23:52:45 UTC 2019
7 ms. Memory: 208384K Free: 198977K (95%)
ptolemy.util.test.WatchDog.cancel(): canceling Tue Apr 23 23:52:45 UTC 2019
auto.tcl: Setting watchdog for 200 seconds at Tue Apr 23 23:52:45 UTC 2019
5 ms. Memory: 208384K Free: 196916K (94%)
ptolemy.util.test.WatchDog.cancel(): canceling Tue Apr 23 23:52:45 UTC 2019
------------------ testing $PTII/ptolemy/domains/de/test/auto/DEinDEwithStartTimes.xml
auto.tcl: Setting watchdog for 200 seconds at Tue Apr 23 23:52:45 UTC 2019
8 ms. Memory: 208384K Free: 196366K (94%)
ptolemy.util.test.WatchDog.cancel(): canceling Tue Apr 23 23:52:45 UTC 2019
auto.tcl: Setting watchdog for 200 seconds at Tue Apr 23 23:52:45 UTC 2019
5 ms. Memory: 208384K Free: 196366K (94%)
ptolemy.util.test.WatchDog.cancel(): canceling Tue Apr 23 23:52:45 UTC 2019
------------------ testing $PTII/ptolemy/domains/de/test/auto/DEinDEwithStartTimes2.xml
auto.tcl: Setting watchdog for 200 seconds at Tue Apr 23 23:52:45 UTC 2019
4 ms. Memory: 208384K Free: 196346K (94%)
ptolemy.util.test.WatchDog.cancel(): canceling Tue Apr 23 23:52:45 UTC 2019
auto.tcl: Setting watchdog for 200 seconds at Tue Apr 23 23:52:45 UTC 2019
4 ms. Memory: 208384K Free: 194285K (93%)
ptolemy.util.test.WatchDog.cancel(): canceling Tue Apr 23 23:52:45 UTC 2019
------------------ testing $PTII/ptolemy/domains/de/test/auto/DateDemo.xml
auto.tcl: Setting watchdog for 200 seconds at Tue Apr 23 23:52:45 UTC 2019
12 ms. Memory: 208384K Free: 188890K (91%)
ptolemy.util.test.WatchDog.cancel(): canceling Tue Apr 23 23:52:45 UTC 2019
auto.tcl: Setting watchdog for 200 seconds at Tue Apr 23 23:52:45 UTC 2019
6 ms. Memory: 208384K Free: 186829K (90%)
ptolemy.util.test.WatchDog.cancel(): canceling Tue Apr 23 23:52:45 UTC 2019
------------------ testing $PTII/ptolemy/domains/de/test/auto/DateToEvent.xml
auto.tcl: Setting watchdog for 200 seconds at Tue Apr 23 23:52:45 UTC 2019
2020 ms. Memory: 208384K Free: 183743K (88%)
ptolemy.util.test.WatchDog.cancel(): canceling Tue Apr 23 23:52:48 UTC 2019
auto.tcl: Setting watchdog for 200 seconds at Tue Apr 23 23:52:48 UTC 2019
2004 ms. Memory: 208384K Free: 183743K (88%)
ptolemy.util.test.WatchDog.cancel(): canceling Tue Apr 23 23:52:50 UTC 2019
------------------ testing $PTII/ptolemy/domains/de/test/auto/DepthTest1.xml
auto.tcl: Setting watchdog for 200 seconds at Tue Apr 23 23:52:50 UTC 2019
3 ms. Memory: 208384K Free: 197985K (95%)
ptolemy.util.test.WatchDog.cancel(): canceling Tue Apr 23 23:52:50 UTC 2019
auto.tcl: Setting watchdog for 200 seconds at Tue Apr 23 23:52:50 UTC 2019
1 ms. Memory: 208384K Free: 197985K (95%)
ptolemy.util.test.WatchDog.cancel(): canceling Tue Apr 23 23:52:50 UTC 2019
------------------ testing $PTII/ptolemy/domains/de/test/auto/DepthTest2.xml
auto.tcl: Setting watchdog for 200 seconds at Tue Apr 23 23:52:50 UTC 2019
7 ms. Memory: 208384K Free: 193812K (93%)
ptolemy.util.test.WatchDog.cancel(): canceling Tue Apr 23 23:52:50 UTC 2019
auto.tcl: Setting watchdog for 200 seconds at Tue Apr 23 23:52:50 UTC 2019
4 ms. Memory: 208384K Free: 193812K (93%)
ptolemy.util.test.WatchDog.cancel(): canceling Tue Apr 23 23:52:50 UTC 2019
------------------ testing $PTII/ptolemy/domains/de/test/auto/DepthTest3.xml
auto.tcl: Setting watchdog for 200 seconds at Tue Apr 23 23:52:50 UTC 2019
3 ms. Memory: 208384K Free: 197835K (95%)
ptolemy.util.test.WatchDog.cancel(): canceling Tue Apr 23 23:52:50 UTC 2019
auto.tcl: Setting watchdog for 200 seconds at Tue Apr 23 23:52:50 UTC 2019
1 ms. Memory: 208384K Free: 197835K (95%)
ptolemy.util.test.WatchDog.cancel(): canceling Tue Apr 23 23:52:50 UTC 2019
------------------ testing $PTII/ptolemy/domains/de/test/auto/DepthTest4.xml
auto.tcl: Setting watchdog for 200 seconds at Tue Apr 23 23:52:50 UTC 2019
5 ms. Memory: 208384K Free: 195861K (94%)
ptolemy.util.test.WatchDog.cancel(): canceling Tue Apr 23 23:52:50 UTC 2019
auto.tcl: Setting watchdog for 200 seconds at Tue Apr 23 23:52:50 UTC 2019
2 ms. Memory: 208384K Free: 195861K (94%)
ptolemy.util.test.WatchDog.cancel(): canceling Tue Apr 23 23:52:50 UTC 2019
------------------ testing $PTII/ptolemy/domains/de/test/auto/DepthTest5.xml
auto.tcl: Setting watchdog for 200 seconds at Tue Apr 23 23:52:50 UTC 2019
3 ms. Memory: 208384K Free: 195808K (94%)
ptolemy.util.test.WatchDog.cancel(): canceling Tue Apr 23 23:52:50 UTC 2019
auto.tcl: Setting watchdog for 200 seconds at Tue Apr 23 23:52:50 UTC 2019
3 ms. Memory: 208384K Free: 195808K (94%)
ptolemy.util.test.WatchDog.cancel(): canceling Tue Apr 23 23:52:50 UTC 2019
------------------ testing $PTII/ptolemy/domains/de/test/auto/DepthTest6.xml
auto.tcl: Setting watchdog for 200 seconds at Tue Apr 23 23:52:50 UTC 2019
7 ms. Memory: 208384K Free: 196303K (94%)
ptolemy.util.test.WatchDog.cancel(): canceling Tue Apr 23 23:52:50 UTC 2019
auto.tcl: Setting watchdog for 200 seconds at Tue Apr 23 23:52:50 UTC 2019
2 ms. Memory: 208384K Free: 196303K (94%)
ptolemy.util.test.WatchDog.cancel(): canceling Tue Apr 23 23:52:50 UTC 2019
------------------ testing $PTII/ptolemy/domains/de/test/auto/DepthTest7.xml
auto.tcl: Setting watchdog for 200 seconds at Tue Apr 23 23:52:50 UTC 2019
2 ms. Memory: 208384K Free: 196285K (94%)
ptolemy.util.test.WatchDog.cancel(): canceling Tue Apr 23 23:52:50 UTC 2019
auto.tcl: Setting watchdog for 200 seconds at Tue Apr 23 23:52:50 UTC 2019
2 ms. Memory: 208384K Free: 196285K (94%)
ptolemy.util.test.WatchDog.cancel(): canceling Tue Apr 23 23:52:50 UTC 2019
------------------ testing $PTII/ptolemy/domains/de/test/auto/EventToDate.xml
auto.tcl: Setting watchdog for 200 seconds at Tue Apr 23 23:52:50 UTC 2019
3010 ms. Memory: 208384K Free: 183822K (88%)
ptolemy.util.test.WatchDog.cancel(): canceling Tue Apr 23 23:52:53 UTC 2019
auto.tcl: Setting watchdog for 200 seconds at Tue Apr 23 23:52:53 UTC 2019
3003 ms. Memory: 208384K Free: 181761K (87%)
ptolemy.util.test.WatchDog.cancel(): canceling Tue Apr 23 23:52:56 UTC 2019
------------------ testing $PTII/ptolemy/domains/de/test/auto/FSM1.xml
auto.tcl: Setting watchdog for 200 seconds at Tue Apr 23 23:52:56 UTC 2019
31 ms. Memory: 208384K Free: 188894K (91%)
ptolemy.util.test.WatchDog.cancel(): canceling Tue Apr 23 23:52:56 UTC 2019
auto.tcl: Setting watchdog for 200 seconds at Tue Apr 23 23:52:56 UTC 2019
23 ms. Memory: 208384K Free: 184771K (89%)
ptolemy.util.test.WatchDog.cancel(): canceling Tue Apr 23 23:52:56 UTC 2019
------------------ testing $PTII/ptolemy/domains/de/test/auto/FSM7.xml
auto.tcl: Setting watchdog for 200 seconds at Tue Apr 23 23:52:56 UTC 2019
16 ms. Memory: 208384K Free: 189096K (91%)
ptolemy.util.test.WatchDog.cancel(): canceling Tue Apr 23 23:52:56 UTC 2019
auto.tcl: Setting watchdog for 200 seconds at Tue Apr 23 23:52:56 UTC 2019
13 ms. Memory: 208384K Free: 184973K (89%)
ptolemy.util.test.WatchDog.cancel(): canceling Tue Apr 23 23:52:56 UTC 2019
------------------ testing $PTII/ptolemy/domains/de/test/auto/Inspection.xml
auto.tcl: Setting watchdog for 200 seconds at Tue Apr 23 23:52:56 UTC 2019
25 ms. Memory: 208384K Free: 188754K (91%)
ptolemy.util.test.WatchDog.cancel(): canceling Tue Apr 23 23:52:56 UTC 2019
auto.tcl: Setting watchdog for 200 seconds at Tue Apr 23 23:52:56 UTC 2019
33 ms. Memory: 208384K Free: 186693K (90%)
ptolemy.util.test.WatchDog.cancel(): canceling Tue Apr 23 23:52:57 UTC 2019
------------------ testing $PTII/ptolemy/domains/de/test/auto/Iteration.xml
auto.tcl: Setting watchdog for 200 seconds at Tue Apr 23 23:52:57 UTC 2019
8 ms. Memory: 208384K Free: 195573K (94%)
ptolemy.util.test.WatchDog.cancel(): canceling Tue Apr 23 23:52:57 UTC 2019
auto.tcl: Setting watchdog for 200 seconds at Tue Apr 23 23:52:57 UTC 2019
6 ms. Memory: 208384K Free: 193512K (93%)
ptolemy.util.test.WatchDog.cancel(): canceling Tue Apr 23 23:52:57 UTC 2019
------------------ testing $PTII/ptolemy/domains/de/test/auto/LineFault.xml
auto.tcl: Setting watchdog for 200 seconds at Tue Apr 23 23:52:57 UTC 2019
695 ms. Memory: 208384K Free: 199050K (96%)
ptolemy.util.test.WatchDog.cancel(): canceling Tue Apr 23 23:52:58 UTC 2019
auto.tcl: Setting watchdog for 200 seconds at Tue Apr 23 23:52:58 UTC 2019
601 ms. Memory: 208384K Free: 143210K (69%)
ptolemy.util.test.WatchDog.cancel(): canceling Tue Apr 23 23:52:58 UTC 2019
------------------ testing $PTII/ptolemy/domains/de/test/auto/MergeModel1Add.xml
auto.tcl: Setting watchdog for 200 seconds at Tue Apr 23 23:52:58 UTC 2019
29 ms. Memory: 331264K Free: 300133K (91%)
ptolemy.util.test.WatchDog.cancel(): canceling Tue Apr 23 23:52:58 UTC 2019
auto.tcl: Setting watchdog for 200 seconds at Tue Apr 23 23:52:58 UTC 2019
9 ms. Memory: 331264K Free: 300133K (91%)
ptolemy.util.test.WatchDog.cancel(): canceling Tue Apr 23 23:52:58 UTC 2019
------------------ testing $PTII/ptolemy/domains/de/test/auto/MergeModel2Add.xml
auto.tcl: Setting watchdog for 200 seconds at Tue Apr 23 23:52:58 UTC 2019
9 ms. Memory: 331264K Free: 305073K (92%)
ptolemy.util.test.WatchDog.cancel(): canceling Tue Apr 23 23:52:58 UTC 2019
auto.tcl: Setting watchdog for 200 seconds at Tue Apr 23 23:52:58 UTC 2019
7 ms. Memory: 331264K Free: 301471K (91%)
ptolemy.util.test.WatchDog.cancel(): canceling Tue Apr 23 23:52:58 UTC 2019
------------------ testing $PTII/ptolemy/domains/de/test/auto/MergeModel3Add.xml
auto.tcl: Setting watchdog for 200 seconds at Tue Apr 23 23:52:59 UTC 2019
11 ms. Memory: 331264K Free: 305084K (92%)
ptolemy.util.test.WatchDog.cancel(): canceling Tue Apr 23 23:52:59 UTC 2019
auto.tcl: Setting watchdog for 200 seconds at Tue Apr 23 23:52:59 UTC 2019
8 ms. Memory: 331264K Free: 301481K (91%)
ptolemy.util.test.WatchDog.cancel(): canceling Tue Apr 23 23:52:59 UTC 2019
------------------ testing $PTII/ptolemy/domains/de/test/auto/MergeWithoutDiscard.xml
auto.tcl: Setting watchdog for 200 seconds at Tue Apr 23 23:52:59 UTC 2019
5 ms. Memory: 331264K Free: 315889K (95%)
ptolemy.util.test.WatchDog.cancel(): canceling Tue Apr 23 23:52:59 UTC 2019
auto.tcl: Setting watchdog for 200 seconds at Tue Apr 23 23:52:59 UTC 2019
1 ms. Memory: 331264K Free: 315889K (95%)
ptolemy.util.test.WatchDog.cancel(): canceling Tue Apr 23 23:52:59 UTC 2019
------------------ testing $PTII/ptolemy/domains/de/test/auto/Modal1.xml
auto.tcl: Setting watchdog for 200 seconds at Tue Apr 23 23:52:59 UTC 2019
16 ms. Memory: 331264K Free: 310111K (94%)
ptolemy.util.test.WatchDog.cancel(): canceling Tue Apr 23 23:52:59 UTC 2019
auto.tcl: Setting watchdog for 200 seconds at Tue Apr 23 23:52:59 UTC 2019
12 ms. Memory: 331264K Free: 306508K (93%)
ptolemy.util.test.WatchDog.cancel(): canceling Tue Apr 23 23:52:59 UTC 2019
------------------ testing $PTII/ptolemy/domains/de/test/auto/Modal2.xml
auto.tcl: Setting watchdog for 200 seconds at Tue Apr 23 23:52:59 UTC 2019
14 ms. Memory: 331264K Free: 309984K (94%)
ptolemy.util.test.WatchDog.cancel(): canceling Tue Apr 23 23:52:59 UTC 2019
auto.tcl: Setting watchdog for 200 seconds at Tue Apr 23 23:52:59 UTC 2019
18 ms. Memory: 331264K Free: 306382K (92%)
ptolemy.util.test.WatchDog.cancel(): canceling Tue Apr 23 23:52:59 UTC 2019
------------------ testing $PTII/ptolemy/domains/de/test/auto/Modal3.xml
auto.tcl: Setting watchdog for 200 seconds at Tue Apr 23 23:52:59 UTC 2019
11 ms. Memory: 331264K Free: 309982K (94%)
ptolemy.util.test.WatchDog.cancel(): canceling Tue Apr 23 23:52:59 UTC 2019
auto.tcl: Setting watchdog for 200 seconds at Tue Apr 23 23:52:59 UTC 2019
10 ms. Memory: 331264K Free: 306380K (92%)
ptolemy.util.test.WatchDog.cancel(): canceling Tue Apr 23 23:52:59 UTC 2019
------------------ testing $PTII/ptolemy/domains/de/test/auto/Modal4.xml
auto.tcl: Setting watchdog for 200 seconds at Tue Apr 23 23:52:59 UTC 2019
25 ms. Memory: 331264K Free: 309996K (94%)
ptolemy.util.test.WatchDog.cancel(): canceling Tue Apr 23 23:52:59 UTC 2019
auto.tcl: Setting watchdog for 200 seconds at Tue Apr 23 23:52:59 UTC 2019
17 ms. Memory: 331264K Free: 306393K (92%)
ptolemy.util.test.WatchDog.cancel(): canceling Tue Apr 23 23:52:59 UTC 2019
------------------ testing $PTII/ptolemy/domains/de/test/auto/Modal5.xml
auto.tcl: Setting watchdog for 200 seconds at Tue Apr 23 23:52:59 UTC 2019
20 ms. Memory: 331264K Free: 309996K (94%)
ptolemy.util.test.WatchDog.cancel(): canceling Tue Apr 23 23:52:59 UTC 2019
auto.tcl: Setting watchdog for 200 seconds at Tue Apr 23 23:52:59 UTC 2019
15 ms. Memory: 331264K Free: 306393K (92%)
ptolemy.util.test.WatchDog.cancel(): canceling Tue Apr 23 23:52:59 UTC 2019
------------------ testing $PTII/ptolemy/domains/de/test/auto/Modal6.xml
auto.tcl: Setting watchdog for 200 seconds at Tue Apr 23 23:52:59 UTC 2019
14 ms. Memory: 331264K Free: 309995K (94%)
ptolemy.util.test.WatchDog.cancel(): canceling Tue Apr 23 23:52:59 UTC 2019
auto.tcl: Setting watchdog for 200 seconds at Tue Apr 23 23:52:59 UTC 2019
16 ms. Memory: 331264K Free: 306393K (92%)
ptolemy.util.test.WatchDog.cancel(): canceling Tue Apr 23 23:52:59 UTC 2019
------------------ testing $PTII/ptolemy/domains/de/test/auto/Modal7.xml
auto.tcl: Setting watchdog for 200 seconds at Tue Apr 23 23:52:59 UTC 2019
17 ms. Memory: 331264K Free: 306393K (92%)
ptolemy.util.test.WatchDog.cancel(): canceling Tue Apr 23 23:52:59 UTC 2019
auto.tcl: Setting watchdog for 200 seconds at Tue Apr 23 23:52:59 UTC 2019
10 ms. Memory: 331264K Free: 302791K (91%)
ptolemy.util.test.WatchDog.cancel(): canceling Tue Apr 23 23:52:59 UTC 2019
------------------ testing $PTII/ptolemy/domains/de/test/auto/ModalModel.xml
auto.tcl: Setting watchdog for 200 seconds at Tue Apr 23 23:53:00 UTC 2019
210 ms. Memory: 331264K Free: 242631K (73%)
ptolemy.util.test.WatchDog.cancel(): canceling Tue Apr 23 23:53:00 UTC 2019
auto.tcl: Setting watchdog for 200 seconds at Tue Apr 23 23:53:00 UTC 2019
191 ms. Memory: 331264K Free: 184973K (56%)
ptolemy.util.test.WatchDog.cancel(): canceling Tue Apr 23 23:53:00 UTC 2019
------------------ testing $PTII/ptolemy/domains/de/test/auto/ModalSource.xml
auto.tcl: Setting watchdog for 200 seconds at Tue Apr 23 23:53:00 UTC 2019
8 ms. Memory: 331264K Free: 316375K (96%)
ptolemy.util.test.WatchDog.cancel(): canceling Tue Apr 23 23:53:00 UTC 2019
auto.tcl: Setting watchdog for 200 seconds at Tue Apr 23 23:53:00 UTC 2019
5 ms. Memory: 331264K Free: 313097K (95%)
ptolemy.util.test.WatchDog.cancel(): canceling Tue Apr 23 23:53:00 UTC 2019
------------------ testing $PTII/ptolemy/domains/de/test/auto/NonInterruptibleTimerZeroDelay.xml
auto.tcl: Setting watchdog for 200 seconds at Tue Apr 23 23:53:00 UTC 2019
4 ms. Memory: 331264K Free: 320744K (97%)
ptolemy.util.test.WatchDog.cancel(): canceling Tue Apr 23 23:53:00 UTC 2019
auto.tcl: Setting watchdog for 200 seconds at Tue Apr 23 23:53:00 UTC 2019
3 ms. Memory: 331264K Free: 317466K (96%)
ptolemy.util.test.WatchDog.cancel(): canceling Tue Apr 23 23:53:00 UTC 2019
------------------ testing $PTII/ptolemy/domains/de/test/auto/OpenQueueingNetwork.xml
auto.tcl: Setting watchdog for 200 seconds at Tue Apr 23 23:53:00 UTC 2019
2618 ms. Memory: 307712K Free: 143143K (47%)
ptolemy.util.test.WatchDog.cancel(): canceling Tue Apr 23 23:53:03 UTC 2019
auto.tcl: Setting watchdog for 200 seconds at Tue Apr 23 23:53:03 UTC 2019
2239 ms. Memory: 278528K Free: 185523K (67%)
ptolemy.util.test.WatchDog.cancel(): canceling Tue Apr 23 23:53:05 UTC 2019
------------------ testing $PTII/ptolemy/domains/de/test/auto/OpenQueuingNetwork.xml
auto.tcl: Setting watchdog for 200 seconds at Tue Apr 23 23:53:05 UTC 2019
217 ms. Memory: 278528K Free: 178891K (64%)
ptolemy.util.test.WatchDog.cancel(): canceling Tue Apr 23 23:53:06 UTC 2019
auto.tcl: Setting watchdog for 200 seconds at Tue Apr 23 23:53:06 UTC 2019
215 ms. Memory: 278528K Free: 119340K (43%)
ptolemy.util.test.WatchDog.cancel(): canceling Tue Apr 23 23:53:06 UTC 2019
------------------ testing $PTII/ptolemy/domains/de/test/auto/PeriodicSampler.xml
auto.tcl: Setting watchdog for 200 seconds at Tue Apr 23 23:53:06 UTC 2019
2 ms. Memory: 281088K Free: 266298K (95%)
ptolemy.util.test.WatchDog.cancel(): canceling Tue Apr 23 23:53:06 UTC 2019
auto.tcl: Setting watchdog for 200 seconds at Tue Apr 23 23:53:06 UTC 2019
2 ms. Memory: 281088K Free: 266298K (95%)
ptolemy.util.test.WatchDog.cancel(): canceling Tue Apr 23 23:53:06 UTC 2019
------------------ testing $PTII/ptolemy/domains/de/test/auto/PersistentIO.xml
auto.tcl: Setting watchdog for 200 seconds at Tue Apr 23 23:53:06 UTC 2019
5 ms. Memory: 278528K Free: 258906K (93%)
ptolemy.util.test.WatchDog.cancel(): canceling Tue Apr 23 23:53:06 UTC 2019
auto.tcl: Setting watchdog for 200 seconds at Tue Apr 23 23:53:06 UTC 2019
5 ms. Memory: 278528K Free: 258906K (93%)
ptolemy.util.test.WatchDog.cancel(): canceling Tue Apr 23 23:53:06 UTC 2019
------------------ testing $PTII/ptolemy/domains/de/test/auto/PortParameterResetOnInitialize.xml
auto.tcl: Setting watchdog for 200 seconds at Tue Apr 23 23:53:06 UTC 2019
2 ms. Memory: 280576K Free: 266231K (95%)
ptolemy.util.test.WatchDog.cancel(): canceling Tue Apr 23 23:53:06 UTC 2019
auto.tcl: Setting watchdog for 200 seconds at Tue Apr 23 23:53:06 UTC 2019
2 ms. Memory: 280576K Free: 266231K (95%)
ptolemy.util.test.WatchDog.cancel(): canceling Tue Apr 23 23:53:06 UTC 2019
------------------ testing $PTII/ptolemy/domains/de/test/auto/PortParameterUpdates.xml
auto.tcl: Setting watchdog for 200 seconds at Tue Apr 23 23:53:06 UTC 2019
5 ms. Memory: 278528K Free: 264316K (95%)
ptolemy.util.test.WatchDog.cancel(): canceling Tue Apr 23 23:53:06 UTC 2019
auto.tcl: Setting watchdog for 200 seconds at Tue Apr 23 23:53:06 UTC 2019
5 ms. Memory: 278528K Free: 261584K (94%)
ptolemy.util.test.WatchDog.cancel(): canceling Tue Apr 23 23:53:06 UTC 2019
------------------ testing $PTII/ptolemy/domains/de/test/auto/QueueAndServer.xml
auto.tcl: Setting watchdog for 200 seconds at Tue Apr 23 23:53:06 UTC 2019
9 ms. Memory: 280576K Free: 263447K (94%)
ptolemy.util.test.WatchDog.cancel(): canceling Tue Apr 23 23:53:06 UTC 2019
auto.tcl: Setting watchdog for 200 seconds at Tue Apr 23 23:53:06 UTC 2019
6 ms. Memory: 280576K Free: 263447K (94%)
ptolemy.util.test.WatchDog.cancel(): canceling Tue Apr 23 23:53:06 UTC 2019
------------------ testing $PTII/ptolemy/domains/de/test/auto/Records.xml
auto.tcl: Setting watchdog for 200 seconds at Tue Apr 23 23:53:06 UTC 2019
6 ms. Memory: 278528K Free: 266045K (96%)
ptolemy.util.test.WatchDog.cancel(): canceling Tue Apr 23 23:53:06 UTC 2019
auto.tcl: Setting watchdog for 200 seconds at Tue Apr 23 23:53:06 UTC 2019
2 ms. Memory: 278528K Free: 266045K (96%)
ptolemy.util.test.WatchDog.cancel(): canceling Tue Apr 23 23:53:06 UTC 2019
------------------ testing $PTII/ptolemy/domains/de/test/auto/ResetTransitionWithStartTime1.xml
auto.tcl: Setting watchdog for 200 seconds at Tue Apr 23 23:53:06 UTC 2019
12 ms. Memory: 280064K Free: 262903K (94%)
ptolemy.util.test.WatchDog.cancel(): canceling Tue Apr 23 23:53:06 UTC 2019
auto.tcl: Setting watchdog for 200 seconds at Tue Apr 23 23:53:06 UTC 2019
8 ms. Memory: 280064K Free: 260171K (93%)
ptolemy.util.test.WatchDog.cancel(): canceling Tue Apr 23 23:53:06 UTC 2019
------------------ testing $PTII/ptolemy/domains/de/test/auto/ResetTransitionWithStartTime2.xml
auto.tcl: Setting watchdog for 200 seconds at Tue Apr 23 23:53:06 UTC 2019
5 ms. Memory: 278528K Free: 261507K (94%)
ptolemy.util.test.WatchDog.cancel(): canceling Tue Apr 23 23:53:06 UTC 2019
auto.tcl: Setting watchdog for 200 seconds at Tue Apr 23 23:53:06 UTC 2019
5 ms. Memory: 278528K Free: 258791K (93%)
ptolemy.util.test.WatchDog.cancel(): canceling Tue Apr 23 23:53:06 UTC 2019
------------------ testing $PTII/ptolemy/domains/de/test/auto/ResetTransitionWithStartTime3.xml
auto.tcl: Setting watchdog for 200 seconds at Tue Apr 23 23:53:06 UTC 2019
7 ms. Memory: 280064K Free: 262877K (94%)
ptolemy.util.test.WatchDog.cancel(): canceling Tue Apr 23 23:53:06 UTC 2019
auto.tcl: Setting watchdog for 200 seconds at Tue Apr 23 23:53:06 UTC 2019
9 ms. Memory: 280064K Free: 260161K (93%)
ptolemy.util.test.WatchDog.cancel(): canceling Tue Apr 23 23:53:06 UTC 2019
------------------ testing $PTII/ptolemy/domains/de/test/auto/ResetTransitionWithStartTime4.xml
auto.tcl: Setting watchdog for 200 seconds at Tue Apr 23 23:53:07 UTC 2019
5 ms. Memory: 278528K Free: 263325K (95%)
ptolemy.util.test.WatchDog.cancel(): canceling Tue Apr 23 23:53:07 UTC 2019
auto.tcl: Setting watchdog for 200 seconds at Tue Apr 23 23:53:07 UTC 2019
2 ms. Memory: 278528K Free: 263325K (95%)
ptolemy.util.test.WatchDog.cancel(): canceling Tue Apr 23 23:53:07 UTC 2019
------------------ testing $PTII/ptolemy/domains/de/test/auto/ResettableTimer1.xml
auto.tcl: Setting watchdog for 200 seconds at Tue Apr 23 23:53:07 UTC 2019
3 ms. Memory: 280064K Free: 267589K (96%)
ptolemy.util.test.WatchDog.cancel(): canceling Tue Apr 23 23:53:07 UTC 2019
auto.tcl: Setting watchdog for 200 seconds at Tue Apr 23 23:53:07 UTC 2019
2 ms. Memory: 280064K Free: 267589K (96%)
ptolemy.util.test.WatchDog.cancel(): canceling Tue Apr 23 23:53:07 UTC 2019
------------------ testing $PTII/ptolemy/domains/de/test/auto/ResettableTimer2.xml
auto.tcl: Setting watchdog for 200 seconds at Tue Apr 23 23:53:07 UTC 2019
3 ms. Memory: 278528K Free: 266276K (96%)
ptolemy.util.test.WatchDog.cancel(): canceling Tue Apr 23 23:53:07 UTC 2019
auto.tcl: Setting watchdog for 200 seconds at Tue Apr 23 23:53:07 UTC 2019
2 ms. Memory: 278528K Free: 266276K (96%)
ptolemy.util.test.WatchDog.cancel(): canceling Tue Apr 23 23:53:07 UTC 2019
------------------ testing $PTII/ptolemy/domains/de/test/auto/ResettableTimer3.xml
auto.tcl: Setting watchdog for 200 seconds at Tue Apr 23 23:53:07 UTC 2019
2 ms. Memory: 279552K Free: 267151K (96%)
ptolemy.util.test.WatchDog.cancel(): canceling Tue Apr 23 23:53:07 UTC 2019
auto.tcl: Setting watchdog for 200 seconds at Tue Apr 23 23:53:07 UTC 2019
1 ms. Memory: 279552K Free: 267151K (96%)
ptolemy.util.test.WatchDog.cancel(): canceling Tue Apr 23 23:53:07 UTC 2019
------------------ testing $PTII/ptolemy/domains/de/test/auto/ResettableTimer4.xml
auto.tcl: Setting watchdog for 200 seconds at Tue Apr 23 23:53:07 UTC 2019
1 ms. Memory: 278528K Free: 266272K (96%)
ptolemy.util.test.WatchDog.cancel(): canceling Tue Apr 23 23:53:07 UTC 2019
auto.tcl: Setting watchdog for 200 seconds at Tue Apr 23 23:53:07 UTC 2019
1 ms. Memory: 278528K Free: 266272K (96%)
ptolemy.util.test.WatchDog.cancel(): canceling Tue Apr 23 23:53:07 UTC 2019
------------------ testing $PTII/ptolemy/domains/de/test/auto/ResettableTimer5.xml
auto.tcl: Setting watchdog for 200 seconds at Tue Apr 23 23:53:07 UTC 2019
2 ms. Memory: 279552K Free: 267310K (96%)
ptolemy.util.test.WatchDog.cancel(): canceling Tue Apr 23 23:53:07 UTC 2019
auto.tcl: Setting watchdog for 200 seconds at Tue Apr 23 23:53:07 UTC 2019
1 ms. Memory: 279552K Free: 267310K (96%)
ptolemy.util.test.WatchDog.cancel(): canceling Tue Apr 23 23:53:07 UTC 2019
------------------ testing $PTII/ptolemy/domains/de/test/auto/ResettableTimer6.xml
auto.tcl: Setting watchdog for 200 seconds at Tue Apr 23 23:53:07 UTC 2019
1 ms. Memory: 278528K Free: 264100K (95%)
ptolemy.util.test.WatchDog.cancel(): canceling Tue Apr 23 23:53:07 UTC 2019
auto.tcl: Setting watchdog for 200 seconds at Tue Apr 23 23:53:07 UTC 2019
1 ms. Memory: 278528K Free: 264100K (95%)
ptolemy.util.test.WatchDog.cancel(): canceling Tue Apr 23 23:53:07 UTC 2019
------------------ testing $PTII/ptolemy/domains/de/test/auto/ServerZeroDelay.xml
auto.tcl: Setting watchdog for 200 seconds at Tue Apr 23 23:53:07 UTC 2019
6 ms. Memory: 279552K Free: 267235K (96%)
ptolemy.util.test.WatchDog.cancel(): canceling Tue Apr 23 23:53:07 UTC 2019
auto.tcl: Setting watchdog for 200 seconds at Tue Apr 23 23:53:07 UTC 2019
3 ms. Memory: 279552K Free: 267235K (96%)
ptolemy.util.test.WatchDog.cancel(): canceling Tue Apr 23 23:53:07 UTC 2019
------------------ testing $PTII/ptolemy/domains/de/test/auto/SmartSender.xml
auto.tcl: Setting watchdog for 200 seconds at Tue Apr 23 23:53:07 UTC 2019
3002 ms. Memory: 278528K Free: 264235K (95%)
ptolemy.util.test.WatchDog.cancel(): canceling Tue Apr 23 23:53:10 UTC 2019
auto.tcl: Setting watchdog for 200 seconds at Tue Apr 23 23:53:10 UTC 2019
3002 ms. Memory: 278528K Free: 264235K (95%)
ptolemy.util.test.WatchDog.cancel(): canceling Tue Apr 23 23:53:13 UTC 2019
------------------ testing $PTII/ptolemy/domains/de/test/auto/ThreadedComposite.xml
auto.tcl: Setting watchdog for 200 seconds at Tue Apr 23 23:53:13 UTC 2019
178 ms. Memory: 279552K Free: 245133K (88%)
ptolemy.util.test.WatchDog.cancel(): canceling Tue Apr 23 23:53:13 UTC 2019
auto.tcl: Setting watchdog for 200 seconds at Tue Apr 23 23:53:13 UTC 2019
97 ms. Memory: 279552K Free: 227874K (82%)
ptolemy.util.test.WatchDog.cancel(): canceling Tue Apr 23 23:53:13 UTC 2019
------------------ testing $PTII/ptolemy/domains/de/test/auto/Time.xml
auto.tcl: Setting watchdog for 200 seconds at Tue Apr 23 23:53:13 UTC 2019
478 ms. Memory: 278528K Free: 212559K (76%)
ptolemy.util.test.WatchDog.cancel(): canceling Tue Apr 23 23:53:14 UTC 2019
auto.tcl: Setting watchdog for 200 seconds at Tue Apr 23 23:53:14 UTC 2019
455 ms. Memory: 278528K Free: 158240K (57%)
ptolemy.util.test.WatchDog.cancel(): canceling Tue Apr 23 23:53:14 UTC 2019
------------------ testing $PTII/ptolemy/domains/de/test/auto/TimeDelayZeroDelay.xml
auto.tcl: Setting watchdog for 200 seconds at Tue Apr 23 23:53:14 UTC 2019
2 ms. Memory: 279040K Free: 267078K (96%)
ptolemy.util.test.WatchDog.cancel(): canceling Tue Apr 23 23:53:14 UTC 2019
auto.tcl: Setting watchdog for 200 seconds at Tue Apr 23 23:53:14 UTC 2019
2 ms. Memory: 279040K Free: 267078K (96%)
ptolemy.util.test.WatchDog.cancel(): canceling Tue Apr 23 23:53:14 UTC 2019
------------------ testing $PTII/ptolemy/domains/de/test/auto/TimerZeroDelay.xml
auto.tcl: Setting watchdog for 200 seconds at Tue Apr 23 23:53:15 UTC 2019
3 ms. Memory: 278528K Free: 266714K (96%)
ptolemy.util.test.WatchDog.cancel(): canceling Tue Apr 23 23:53:15 UTC 2019
auto.tcl: Setting watchdog for 200 seconds at Tue Apr 23 23:53:15 UTC 2019
1 ms. Memory: 278528K Free: 266714K (96%)
ptolemy.util.test.WatchDog.cancel(): canceling Tue Apr 23 23:53:15 UTC 2019
------------------ testing $PTII/ptolemy/domains/de/test/auto/TimingParadox.xml
auto.tcl: Setting watchdog for 200 seconds at Tue Apr 23 23:53:15 UTC 2019
330 ms. Memory: 279040K Free: 204162K (73%)
ptolemy.util.test.WatchDog.cancel(): canceling Tue Apr 23 23:53:15 UTC 2019
auto.tcl: Setting watchdog for 200 seconds at Tue Apr 23 23:53:15 UTC 2019
315 ms. Memory: 279040K Free: 167410K (60%)
ptolemy.util.test.WatchDog.cancel(): canceling Tue Apr 23 23:53:15 UTC 2019
------------------ testing $PTII/ptolemy/domains/de/test/auto/TransferInputs.xml
auto.tcl: Setting watchdog for 200 seconds at Tue Apr 23 23:53:15 UTC 2019
2 ms. Memory: 279040K Free: 266119K (95%)
ptolemy.util.test.WatchDog.cancel(): canceling Tue Apr 23 23:53:15 UTC 2019
auto.tcl: Setting watchdog for 200 seconds at Tue Apr 23 23:53:15 UTC 2019
1 ms. Memory: 279040K Free: 266119K (95%)
ptolemy.util.test.WatchDog.cancel(): canceling Tue Apr 23 23:53:15 UTC 2019
------------------ testing $PTII/ptolemy/domains/de/test/auto/TransferOutputs2.xml
auto.tcl: Setting watchdog for 200 seconds at Tue Apr 23 23:53:15 UTC 2019
3 ms. Memory: 278528K Free: 262258K (94%)
ptolemy.util.test.WatchDog.cancel(): canceling Tue Apr 23 23:53:15 UTC 2019
auto.tcl: Setting watchdog for 200 seconds at Tue Apr 23 23:53:15 UTC 2019
2 ms. Memory: 278528K Free: 259763K (93%)
ptolemy.util.test.WatchDog.cancel(): canceling Tue Apr 23 23:53:15 UTC 2019
------------------ testing $PTII/ptolemy/domains/de/test/auto/Trilateration.xml
auto.tcl: Setting watchdog for 200 seconds at Tue Apr 23 23:53:16 UTC 2019
13787 ms. Memory: 521728K Free: 84259K (16%)
ptolemy.util.test.WatchDog.cancel(): canceling Tue Apr 23 23:53:30 UTC 2019
auto.tcl: Setting watchdog for 200 seconds at Tue Apr 23 23:53:30 UTC 2019
10545 ms. Memory: 385024K Free: 349357K (91%)
ptolemy.util.test.WatchDog.cancel(): canceling Tue Apr 23 23:53:41 UTC 2019
------------------ testing $PTII/ptolemy/domains/de/test/auto/TwoSigmaDelta.xml
auto.tcl: Setting watchdog for 200 seconds at Tue Apr 23 23:53:41 UTC 2019
2577 ms. Memory: 381952K Free: 83056K (22%)
ptolemy.util.test.WatchDog.cancel(): canceling Tue Apr 23 23:53:44 UTC 2019
auto.tcl: Setting watchdog for 200 seconds at Tue Apr 23 23:53:44 UTC 2019
2091 ms. Memory: 371200K Free: 141753K (38%)
ptolemy.util.test.WatchDog.cancel(): canceling Tue Apr 23 23:53:46 UTC 2019
------------------ testing $PTII/ptolemy/domains/de/test/auto/VariableDelay.xml
auto.tcl: Setting watchdog for 200 seconds at Tue Apr 23 23:53:46 UTC 2019
4 ms. Memory: 368640K Free: 340943K (92%)
ptolemy.util.test.WatchDog.cancel(): canceling Tue Apr 23 23:53:46 UTC 2019
auto.tcl: Setting watchdog for 200 seconds at Tue Apr 23 23:53:46 UTC 2019
2 ms. Memory: 368640K Free: 340943K (92%)
ptolemy.util.test.WatchDog.cancel(): canceling Tue Apr 23 23:53:46 UTC 2019
------------------ testing $PTII/ptolemy/domains/de/test/auto/VariableDelay2.xml
auto.tcl: Setting watchdog for 200 seconds at Tue Apr 23 23:53:46 UTC 2019
11 ms. Memory: 370688K Free: 346266K (93%)
ptolemy.util.test.WatchDog.cancel(): canceling Tue Apr 23 23:53:46 UTC 2019
auto.tcl: Setting watchdog for 200 seconds at Tue Apr 23 23:53:46 UTC 2019
1 ms. Memory: 370688K Free: 346266K (93%)
ptolemy.util.test.WatchDog.cancel(): canceling Tue Apr 23 23:53:46 UTC 2019
------------------ testing $PTII/ptolemy/domains/de/test/auto/VariableDelayZeroDelay.xml
auto.tcl: Setting watchdog for 200 seconds at Tue Apr 23 23:53:46 UTC 2019
2 ms. Memory: 368640K Free: 341344K (93%)
ptolemy.util.test.WatchDog.cancel(): canceling Tue Apr 23 23:53:46 UTC 2019
auto.tcl: Setting watchdog for 200 seconds at Tue Apr 23 23:53:46 UTC 2019
2 ms. Memory: 368640K Free: 341344K (93%)
ptolemy.util.test.WatchDog.cancel(): canceling Tue Apr 23 23:53:46 UTC 2019
------------------ testing $PTII/ptolemy/domains/de/test/auto/VariableDelayZeroDelay2.xml
auto.tcl: Setting watchdog for 200 seconds at Tue Apr 23 23:53:46 UTC 2019
5 ms. Memory: 370688K Free: 343390K (93%)
ptolemy.util.test.WatchDog.cancel(): canceling Tue Apr 23 23:53:46 UTC 2019
auto.tcl: Setting watchdog for 200 seconds at Tue Apr 23 23:53:46 UTC 2019
2 ms. Memory: 370688K Free: 343390K (93%)
ptolemy.util.test.WatchDog.cancel(): canceling Tue Apr 23 23:53:46 UTC 2019
------------------ testing $PTII/ptolemy/domains/de/test/auto/deInCt.xml
auto.tcl: Setting watchdog for 200 seconds at Tue Apr 23 23:53:46 UTC 2019
0
1
1
0
0
0
1
1
0
0
0
1
1
1
1
0
0
0
1
1
1
0
0
0
1
1
1
0
0
0
1
1
1
0
0
1
1
1
0
0
0
1
1
1
0
0
1
1
1
1
0
0
0
1
1
1
0
0
0
1
1
1
1
1
20 ms. Memory: 368640K Free: 341333K (93%)
ptolemy.util.test.WatchDog.cancel(): canceling Tue Apr 23 23:53:46 UTC 2019
auto.tcl: Setting watchdog for 200 seconds at Tue Apr 23 23:53:46 UTC 2019
0
1
1
1
0
0
0
1
1
1
0
0
1
1
1
1
0
0
0
1
1
1
1
0
0
1
1
1
0
0
0
1
1
1
0
0
0
0
0
0
8 ms. Memory: 368640K Free: 336793K (91%)
ptolemy.util.test.WatchDog.cancel(): canceling Tue Apr 23 23:53:46 UTC 2019
------------------ testing $PTII/ptolemy/domains/de/test/auto/deInCt2.xml
auto.tcl: Setting watchdog for 200 seconds at Tue Apr 23 23:53:46 UTC 2019
0
1
1
1
0
0
1
1
1
0
0
1
1
1
0
0
1
1
1
0
0
1
1
1
0
0
1
1
1
0
0
1
1
1
0
0
1
1
1
0
0
0
11 ms. Memory: 370176K Free: 342868K (93%)
ptolemy.util.test.WatchDog.cancel(): canceling Tue Apr 23 23:53:46 UTC 2019
auto.tcl: Setting watchdog for 200 seconds at Tue Apr 23 23:53:46 UTC 2019
0
1
1
1
0
0
1
1
1
0
0
1
1
1
0
0
1
1
1
0
0
1
1
1
0
0
1
1
1
0
0
1
1
1
0
0
1
1
1
0
0
0
7 ms. Memory: 370176K Free: 338328K (91%)
ptolemy.util.test.WatchDog.cancel(): canceling Tue Apr 23 23:53:46 UTC 2019
------------------ testing $PTII/ptolemy/domains/de/test/auto/dynamicCausalityInterface1.xml
auto.tcl: Setting watchdog for 200 seconds at Tue Apr 23 23:53:46 UTC 2019
1 ms. Memory: 368640K Free: 335142K (91%)
ptolemy.util.test.WatchDog.cancel(): canceling Tue Apr 23 23:53:46 UTC 2019
auto.tcl: Setting watchdog for 200 seconds at Tue Apr 23 23:53:46 UTC 2019
1 ms. Memory: 368640K Free: 335142K (91%)
ptolemy.util.test.WatchDog.cancel(): canceling Tue Apr 23 23:53:46 UTC 2019
------------------ testing $PTII/ptolemy/domains/de/test/auto/fsm_de_test.xml
auto.tcl: Setting watchdog for 200 seconds at Tue Apr 23 23:53:47 UTC 2019
9 ms. Memory: 370176K Free: 338233K (91%)
ptolemy.util.test.WatchDog.cancel(): canceling Tue Apr 23 23:53:47 UTC 2019
auto.tcl: Setting watchdog for 200 seconds at Tue Apr 23 23:53:47 UTC 2019
5 ms. Memory: 370176K Free: 333693K (90%)
ptolemy.util.test.WatchDog.cancel(): canceling Tue Apr 23 23:53:47 UTC 2019
------------------ testing $PTII/ptolemy/domains/de/test/auto/functionDependencyReconstruction.xml
auto.tcl: Setting watchdog for 200 seconds at Tue Apr 23 23:53:47 UTC 2019
2 ms. Memory: 368640K Free: 327631K (89%)
ptolemy.util.test.WatchDog.cancel(): canceling Tue Apr 23 23:53:47 UTC 2019
auto.tcl: Setting watchdog for 200 seconds at Tue Apr 23 23:53:47 UTC 2019
2 ms. Memory: 368640K Free: 327631K (89%)
ptolemy.util.test.WatchDog.cancel(): canceling Tue Apr 23 23:53:47 UTC 2019
------------------ testing $PTII/ptolemy/domains/de/test/auto/multirate.xml
auto.tcl: Setting watchdog for 200 seconds at Tue Apr 23 23:53:47 UTC 2019
3 ms. Memory: 369664K Free: 337580K (91%)
ptolemy.util.test.WatchDog.cancel(): canceling Tue Apr 23 23:53:47 UTC 2019
auto.tcl: Setting watchdog for 200 seconds at Tue Apr 23 23:53:47 UTC 2019
3 ms. Memory: 369664K Free: 337580K (91%)
ptolemy.util.test.WatchDog.cancel(): canceling Tue Apr 23 23:53:47 UTC 2019
------------------ testing $PTII/ptolemy/domains/de/test/auto/multirate2.xml
auto.tcl: Setting watchdog for 200 seconds at Tue Apr 23 23:53:47 UTC 2019
5 ms. Memory: 368640K Free: 336760K (91%)
ptolemy.util.test.WatchDog.cancel(): canceling Tue Apr 23 23:53:47 UTC 2019
auto.tcl: Setting watchdog for 200 seconds at Tue Apr 23 23:53:47 UTC 2019
3 ms. Memory: 368640K Free: 336760K (91%)
ptolemy.util.test.WatchDog.cancel(): canceling Tue Apr 23 23:53:47 UTC 2019
------------------ testing $PTII/ptolemy/domains/de/test/auto/realtime.xml
auto.tcl: Setting watchdog for 200 seconds at Tue Apr 23 23:53:47 UTC 2019
10001 ms. Memory: 369664K Free: 342299K (93%)
ptolemy.util.test.WatchDog.cancel(): canceling Tue Apr 23 23:53:57 UTC 2019
auto.tcl: Setting watchdog for 200 seconds at Tue Apr 23 23:53:57 UTC 2019
10002 ms. Memory: 369664K Free: 342299K (93%)
ptolemy.util.test.WatchDog.cancel(): canceling Tue Apr 23 23:54:07 UTC 2019
------------------ testing $PTII/ptolemy/domains/de/test/auto/relationGroup.xml
auto.tcl: Setting watchdog for 200 seconds at Tue Apr 23 23:54:07 UTC 2019
2 ms. Memory: 368640K Free: 341308K (93%)
ptolemy.util.test.WatchDog.cancel(): canceling Tue Apr 23 23:54:07 UTC 2019
auto.tcl: Setting watchdog for 200 seconds at Tue Apr 23 23:54:07 UTC 2019
1 ms. Memory: 368640K Free: 341308K (93%)
ptolemy.util.test.WatchDog.cancel(): canceling Tue Apr 23 23:54:07 UTC 2019
------------------ testing $PTII/ptolemy/domains/de/test/auto/relationGroup2.xml
auto.tcl: Setting watchdog for 200 seconds at Tue Apr 23 23:54:07 UTC 2019
1 ms. Memory: 369664K Free: 342358K (93%)
ptolemy.util.test.WatchDog.cancel(): canceling Tue Apr 23 23:54:07 UTC 2019
auto.tcl: Setting watchdog for 200 seconds at Tue Apr 23 23:54:07 UTC 2019
2 ms. Memory: 369664K Free: 342358K (93%)
ptolemy.util.test.WatchDog.cancel(): canceling Tue Apr 23 23:54:07 UTC 2019
------------------ testing $PTII/ptolemy/domains/de/test/auto/sortWithOpaquePorts.xml
auto.tcl: Setting watchdog for 200 seconds at Tue Apr 23 23:54:07 UTC 2019
2 ms. Memory: 368640K Free: 341335K (93%)
ptolemy.util.test.WatchDog.cancel(): canceling Tue Apr 23 23:54:07 UTC 2019
auto.tcl: Setting watchdog for 200 seconds at Tue Apr 23 23:54:07 UTC 2019
2 ms. Memory: 368640K Free: 341335K (93%)
ptolemy.util.test.WatchDog.cancel(): canceling Tue Apr 23 23:54:07 UTC 2019
------------------ testing $PTII/ptolemy/domains/de/test/auto/transferInputsandOutputs.xml
auto.tcl: Setting watchdog for 200 seconds at Tue Apr 23 23:54:07 UTC 2019
3 ms. Memory: 369152K Free: 337295K (91%)
ptolemy.util.test.WatchDog.cancel(): canceling Tue Apr 23 23:54:07 UTC 2019
auto.tcl: Setting watchdog for 200 seconds at Tue Apr 23 23:54:07 UTC 2019
2 ms. Memory: 369152K Free: 337295K (91%)
ptolemy.util.test.WatchDog.cancel(): canceling Tue Apr 23 23:54:07 UTC 2019
------------------ testing $PTII/ptolemy/domains/de/test/auto/triggerType.xml
auto.tcl: Setting watchdog for 200 seconds at Tue Apr 23 23:54:07 UTC 2019
1 ms. Memory: 368640K Free: 341271K (93%)
ptolemy.util.test.WatchDog.cancel(): canceling Tue Apr 23 23:54:07 UTC 2019
auto.tcl: Setting watchdog for 200 seconds at Tue Apr 23 23:54:07 UTC 2019
2 ms. Memory: 368640K Free: 341271K (93%)
ptolemy.util.test.WatchDog.cancel(): canceling Tue Apr 23 23:54:07 UTC 2019
04/23/19 11:54:08
Failed: 0  Total Tests: 192  ((Passed: 187, Newly Passed: 1)  Known Failed: 5) /home/travis/build/icyphy/ptII/ptolemy/domains/de/test
04/23/19 11:54:08
Failed: 0  Total Tests: 192  ((Passed: 187, Newly Passed: 1)  Known Failed: 5) /home/travis/build/icyphy/ptII/ptolemy/domains/de/test
----------------- testing (KnownFailure) /home/travis/build/icyphy/ptII/ptolemy/domains/de/test/auto/knownFailedTests/DESDFClockTest.xml
2009 ms. Memory: 369152K Free: 330325K (89%)
Known Failure: java.lang.reflect.InvocationTargetException
----------------- testing (KnownFailure) /home/travis/build/icyphy/ptII/ptolemy/domains/de/test/auto/knownFailedTests/DirectFeedback.xml
1 ms. Memory: 369152K Free: 307346K (83%)
Known Failure: java.lang.reflect.InvocationTargetException
----------------- testing (KnownFailure) /home/travis/build/icyphy/ptII/ptolemy/domains/de/test/auto/knownFailedTests/FSMSource.xml
6 ms. Memory: 369152K Free: 284367K (77%)
----------------- testing (KnownFailure) /home/travis/build/icyphy/ptII/ptolemy/domains/de/test/auto/knownFailedTests/HierarchicalModel.xml
2 ms. Memory: 369152K Free: 261380K (71%)
Known Failure: java.lang.reflect.InvocationTargetException
----------------- testing (KnownFailure) /home/travis/build/icyphy/ptII/ptolemy/domains/de/test/auto/knownFailedTests/dependencyLoop.xml
2 ms. Memory: 369152K Free: 226896K (61%)
Known Failure: java.lang.reflect.InvocationTargetException
----------------- testing (KnownFailure) /home/travis/build/icyphy/ptII/ptolemy/domains/de/test/auto/knownFailedTests/dependencyLoop2.xml
4 ms. Memory: 369152K Free: 192412K (52%)
Known Failure: java.lang.reflect.InvocationTargetException
No auto/linux-amd64/*.xml tests in /home/travis/build/icyphy/ptII/ptolemy/domains/de/test
AutoTests.java: About to close Vertx.
AutoTests.java: Vertx closed.

===========================================================================================
----------------- testing Tue Apr 23 23:54:10 UTC 2019 /home/travis/build/icyphy/ptII/ptolemy/domains/de/test/auto/ActorDepthCalculation_actorWithoutPorts.xml
----------------- Instantiating /home/travis/build/icyphy/ptII/ptolemy/domains/de/test/auto/ActorDepthCalculation_actorWithoutPorts.xml
2 ms. Memory: 369152K Free: 163689K (44%)
----------------- Invoking toplevel() on ptolemy.moml.MoMLSimpleApplication@1f47a330
----------------- Done invoking toplevel() on ptolemy.moml.MoMLSimpleApplication@1f47a330
reloadAllAccessors: .ActorDepthCalculation_actorWithoutPorts

===========================================================================================
----------------- testing Tue Apr 23 23:54:10 UTC 2019 /home/travis/build/icyphy/ptII/ptolemy/domains/de/test/auto/AssemblyLine.xml
----------------- Instantiating /home/travis/build/icyphy/ptII/ptolemy/domains/de/test/auto/AssemblyLine.xml
2 ms. Memory: 369152K Free: 146455K (40%)
----------------- Invoking toplevel() on ptolemy.moml.MoMLSimpleApplication@6b34076d
----------------- Done invoking toplevel() on ptolemy.moml.MoMLSimpleApplication@6b34076d
reloadAllAccessors: .AssemblyLine

===========================================================================================
----------------- testing Tue Apr 23 23:54:10 UTC 2019 /home/travis/build/icyphy/ptII/ptolemy/domains/de/test/auto/CQBug1.xml
----------------- Instantiating /home/travis/build/icyphy/ptII/ptolemy/domains/de/test/auto/CQBug1.xml
1 ms. Memory: 369152K Free: 134965K (37%)
----------------- Invoking toplevel() on ptolemy.moml.MoMLSimpleApplication@5b41ca31
----------------- Done invoking toplevel() on ptolemy.moml.MoMLSimpleApplication@5b41ca31
reloadAllAccessors: .CQBug1

===========================================================================================
----------------- testing Tue Apr 23 23:54:10 UTC 2019 /home/travis/build/icyphy/ptII/ptolemy/domains/de/test/auto/CancelFireAt.xml
----------------- Instantiating /home/travis/build/icyphy/ptII/ptolemy/domains/de/test/auto/CancelFireAt.xml
1 ms. Memory: 369152K Free: 123476K (33%)
----------------- Invoking toplevel() on ptolemy.moml.MoMLSimpleApplication@6d7714c7
----------------- Done invoking toplevel() on ptolemy.moml.MoMLSimpleApplication@6d7714c7
reloadAllAccessors: .CancelFireAt

===========================================================================================
----------------- testing Tue Apr 23 23:54:10 UTC 2019 /home/travis/build/icyphy/ptII/ptolemy/domains/de/test/auto/CausalityAndComposabilityAnalysis.xml
----------------- Instantiating /home/travis/build/icyphy/ptII/ptolemy/domains/de/test/auto/CausalityAndComposabilityAnalysis.xml
1 ms. Memory: 369152K Free: 111987K (30%)
----------------- Invoking toplevel() on ptolemy.moml.MoMLSimpleApplication@60c5628d
----------------- Done invoking toplevel() on ptolemy.moml.MoMLSimpleApplication@60c5628d
reloadAllAccessors: .CausalityAndComposabilityAnalysis

===========================================================================================
----------------- testing Tue Apr 23 23:54:10 UTC 2019 /home/travis/build/icyphy/ptII/ptolemy/domains/de/test/auto/CausalityInterface1.xml
----------------- Instantiating /home/travis/build/icyphy/ptII/ptolemy/domains/de/test/auto/CausalityInterface1.xml
4 ms. Memory: 369152K Free: 100497K (27%)
----------------- Invoking toplevel() on ptolemy.moml.MoMLSimpleApplication@5811e32f
----------------- Done invoking toplevel() on ptolemy.moml.MoMLSimpleApplication@5811e32f
reloadAllAccessors: .CausalityInterface1

===========================================================================================
----------------- testing Tue Apr 23 23:54:10 UTC 2019 /home/travis/build/icyphy/ptII/ptolemy/domains/de/test/auto/CausalityInterface15.xml
----------------- Instantiating /home/travis/build/icyphy/ptII/ptolemy/domains/de/test/auto/CausalityInterface15.xml
1 ms. Memory: 369152K Free: 89008K (24%)
----------------- Invoking toplevel() on ptolemy.moml.MoMLSimpleApplication@5c23ff75
----------------- Done invoking toplevel() on ptolemy.moml.MoMLSimpleApplication@5c23ff75
reloadAllAccessors: .CausalityInterface15

[...]
java.lang.RuntimeException: Execution failed
	at ptolemy.moml.MoMLSimpleApplication$UnloadThread.run(MoMLSimpleApplication.java:402)
Caused by: ptolemy.kernel.util.IllegalActionException: Test fails in iteration 1.
Value was: 1.0. Should have been: 2.0
  in .DirectFeedback.Test
	at ptolemy.actor.lib.Test.fire(Test.java:268)
	at ptolemy.domains.de.kernel.DEDirector._fire(DEDirector.java:1949)
	at ptolemy.domains.de.kernel.DEDirector.fire(DEDirector.java:502)
	at ptolemy.actor.CompositeActor.fire(CompositeActor.java:455)
	at ptolemy.actor.Manager.iterate(Manager.java:851)
	at ptolemy.actor.Manager.execute(Manager.java:369)
	at ptolemy.actor.Manager.run(Manager.java:1263)
	at ptolemy.actor.Manager$PtolemyRunThread.run(Manager.java:1915)
java.lang.RuntimeException: Execution failed
	at ptolemy.moml.MoMLSimpleApplication$UnloadThread.run(MoMLSimpleApplication.java:402)
Caused by: ptolemy.kernel.util.IllegalActionException: Actor is not ready to fire.  Perhaps UpSample.prefire() returned false? Try debugging the actor by selecting "Listen to Actor".  Also, for SDF check moml for tokenConsumptionRate on input.
  in .DESDFClockTest.Play Bell.Copy1:SDF Director and .DESDFClockTest.Play Bell.UpSample
	at ptolemy.actor.sched.StaticSchedulingDirector.fire(StaticSchedulingDirector.java:227)
	at ptolemy.domains.sdf.kernel.SDFDirector.fire(SDFDirector.java:500)
	at ptolemy.actor.CompositeActor.fire(CompositeActor.java:455)
	at ptolemy.domains.de.kernel.DEDirector._fire(DEDirector.java:1949)
	at ptolemy.domains.de.kernel.DEDirector.fire(DEDirector.java:502)
	at ptolemy.actor.CompositeActor.fire(CompositeActor.java:455)
	at ptolemy.actor.Manager.iterate(Manager.java:851)
	at ptolemy.actor.Manager.execute(Manager.java:369)
	at ptolemy.actor.Manager.run(Manager.java:1263)
	at ptolemy.actor.Manager$PtolemyRunThread.run(Manager.java:1915)
java.lang.reflect.InvocationTargetException
	at sun.reflect.NativeConstructorAccessorImpl.newInstance0(Native Method)
	at sun.reflect.NativeConstructorAccessorImpl.newInstance(NativeConstructorAccessorImpl.java:62)
	at sun.reflect.DelegatingConstructorAccessorImpl.newInstance(DelegatingConstructorAccessorImpl.java:45)
	at java.lang.reflect.Constructor.newInstance(Constructor.java:423)
	at ptolemy.util.test.junit.AutoKnownFailedTests.RunModel(AutoKnownFailedTests.java:105)
	at sun.reflect.NativeMethodAccessorImpl.invoke0(Native Method)
	at sun.reflect.NativeMethodAccessorImpl.invoke(NativeMethodAccessorImpl.java:62)
	at sun.reflect.DelegatingMethodAccessorImpl.invoke(DelegatingMethodAccessorImpl.java:43)
	at java.lang.reflect.Method.invoke(Method.java:498)
	at org.junit.runners.model.FrameworkMethod$1.runReflectiveCall(FrameworkMethod.java:44)
	at org.junit.internal.runners.model.ReflectiveCallable.run(ReflectiveCallable.java:15)
	at org.junit.runners.model.FrameworkMethod.invokeExplosively(FrameworkMethod.java:41)
	at junitparams.internal.InvokeParameterisedMethod.evaluate(InvokeParameterisedMethod.java:102)
	at org.junit.internal.runners.statements.FailOnTimeout$1.run(FailOnTimeout.java:28)
Caused by: ptolemy.kernel.util.IllegalActionException: Actor is not ready to fire.  Perhaps UpSample.prefire() returned false? Try debugging the actor by selecting "Listen to Actor".  Also, for SDF check moml for tokenConsumptionRate on input.
  in .DESDFClockTest.Play Bell.Copy1:SDF Director and .DESDFClockTest.Play Bell.UpSample
	at ptolemy.actor.sched.StaticSchedulingDirector.fire(StaticSchedulingDirector.java:227)
	at ptolemy.domains.sdf.kernel.SDFDirector.fire(SDFDirector.java:500)
	at ptolemy.actor.CompositeActor.fire(CompositeActor.java:455)
	at ptolemy.domains.de.kernel.DEDirector._fire(DEDirector.java:1949)
	at ptolemy.domains.de.kernel.DEDirector.fire(DEDirector.java:502)
	at ptolemy.actor.CompositeActor.fire(CompositeActor.java:455)
	at ptolemy.actor.Manager.iterate(Manager.java:851)
	at ptolemy.actor.Manager.execute(Manager.java:369)
	at ptolemy.actor.Manager.run(Manager.java:1263)
	at ptolemy.actor.Manager$PtolemyRunThread.run(Manager.java:1915)
java.lang.RuntimeException: Execution failed
	at ptolemy.moml.MoMLSimpleApplication$UnloadThread.run(MoMLSimpleApplication.java:402)
Caused by: ptolemy.kernel.util.IllegalActionException: Test fails in iteration 1.
Value was: 1.0. Should have been: 2.0
  in .DirectFeedback.Test
	at ptolemy.actor.lib.Test.fire(Test.java:268)
	at ptolemy.domains.de.kernel.DEDirector._fire(DEDirector.java:1949)
	at ptolemy.domains.de.kernel.DEDirector.fire(DEDirector.java:502)
	at ptolemy.actor.CompositeActor.fire(CompositeActor.java:455)
	at ptolemy.actor.Manager.iterate(Manager.java:851)
	at ptolemy.actor.Manager.execute(Manager.java:369)
	at ptolemy.actor.Manager.run(Manager.java:1263)
	at ptolemy.actor.Manager$PtolemyRunThread.run(Manager.java:1915)
java.lang.reflect.InvocationTargetException
	at sun.reflect.NativeConstructorAccessorImpl.newInstance0(Native Method)
	at sun.reflect.NativeConstructorAccessorImpl.newInstance(NativeConstructorAccessorImpl.java:62)
	at sun.reflect.DelegatingConstructorAccessorImpl.newInstance(DelegatingConstructorAccessorImpl.java:45)
	at java.lang.reflect.Constructor.newInstance(Constructor.java:423)
	at ptolemy.util.test.junit.AutoKnownFailedTests.RunModel(AutoKnownFailedTests.java:105)
	at sun.reflect.NativeMethodAccessorImpl.invoke0(Native Method)
	at sun.reflect.NativeMethodAccessorImpl.invoke(NativeMethodAccessorImpl.java:62)
	at sun.reflect.DelegatingMethodAccessorImpl.invoke(DelegatingMethodAccessorImpl.java:43)
	at java.lang.reflect.Method.invoke(Method.java:498)
	at org.junit.runners.model.FrameworkMethod$1.runReflectiveCall(FrameworkMethod.java:44)
	at org.junit.internal.runners.model.ReflectiveCallable.run(ReflectiveCallable.java:15)
	at org.junit.runners.model.FrameworkMethod.invokeExplosively(FrameworkMethod.java:41)
	at junitparams.internal.InvokeParameterisedMethod.evaluate(InvokeParameterisedMethod.java:102)
	at org.junit.internal.runners.statements.FailOnTimeout$1.run(FailOnTimeout.java:28)
Caused by: ptolemy.kernel.util.IllegalActionException: Test fails in iteration 1.
Value was: 1.0. Should have been: 2.0
  in .DirectFeedback.Test
	at ptolemy.actor.lib.Test.fire(Test.java:268)
	at ptolemy.domains.de.kernel.DEDirector._fire(DEDirector.java:1949)
	at ptolemy.domains.de.kernel.DEDirector.fire(DEDirector.java:502)
	at ptolemy.actor.CompositeActor.fire(CompositeActor.java:455)
	at ptolemy.actor.Manager.iterate(Manager.java:851)
	at ptolemy.actor.Manager.execute(Manager.java:369)
	at ptolemy.actor.Manager.run(Manager.java:1263)
	at ptolemy.actor.Manager$PtolemyRunThread.run(Manager.java:1915)
java.lang.RuntimeException: Execution failed
	at ptolemy.moml.MoMLSimpleApplication$UnloadThread.run(MoMLSimpleApplication.java:402)
Caused by: ptolemy.kernel.util.IllegalActionException: Found a zero delay loop containing .HierarchicalModel.A
  in .HierarchicalModel and .HierarchicalModel.A
	at ptolemy.actor.util.CausalityInterfaceForComposites._computeOutputPortDepth(CausalityInterfaceForComposites.java:759)
	at ptolemy.actor.util.CausalityInterfaceForComposites._computeInputDepth(CausalityInterfaceForComposites.java:696)
	at ptolemy.actor.util.CausalityInterfaceForComposites._computeOutputPortDepth(CausalityInterfaceForComposites.java:765)
	at ptolemy.actor.util.CausalityInterfaceForComposites._computeInputDepth(CausalityInterfaceForComposites.java:696)
	at ptolemy.actor.util.CausalityInterfaceForComposites._computeOutputPortDepth(CausalityInterfaceForComposites.java:765)
	at ptolemy.actor.util.CausalityInterfaceForComposites._computeInputDepth(CausalityInterfaceForComposites.java:696)
	at ptolemy.actor.util.CausalityInterfaceForComposites._computeActorDepth(CausalityInterfaceForComposites.java:532)
	at ptolemy.actor.util.CausalityInterfaceForComposites.checkForCycles(CausalityInterfaceForComposites.java:96)
	at ptolemy.domains.de.kernel.DEDirector.preinitialize(DEDirector.java:1338)
	at ptolemy.actor.CompositeActor.preinitialize(CompositeActor.java:1828)
	at ptolemy.actor.Manager.preinitializeAndResolveTypes(Manager.java:1040)
	at ptolemy.actor.Manager.initialize(Manager.java:710)
	at ptolemy.actor.Manager.execute(Manager.java:356)
	at ptolemy.actor.Manager.run(Manager.java:1263)
	at ptolemy.actor.Manager$PtolemyRunThread.run(Manager.java:1915)
java.lang.reflect.InvocationTargetException
	at sun.reflect.NativeConstructorAccessorImpl.newInstance0(Native Method)
	at sun.reflect.NativeConstructorAccessorImpl.newInstance(NativeConstructorAccessorImpl.java:62)
	at sun.reflect.DelegatingConstructorAccessorImpl.newInstance(DelegatingConstructorAccessorImpl.java:45)
	at java.lang.reflect.Constructor.newInstance(Constructor.java:423)
	at ptolemy.util.test.junit.AutoKnownFailedTests.RunModel(AutoKnownFailedTests.java:105)
	at sun.reflect.NativeMethodAccessorImpl.invoke0(Native Method)
	at sun.reflect.NativeMethodAccessorImpl.invoke(NativeMethodAccessorImpl.java:62)
	at sun.reflect.DelegatingMethodAccessorImpl.invoke(DelegatingMethodAccessorImpl.java:43)
	at java.lang.reflect.Method.invoke(Method.java:498)
	at org.junit.runners.model.FrameworkMethod$1.runReflectiveCall(FrameworkMethod.java:44)
	at org.junit.internal.runners.model.ReflectiveCallable.run(ReflectiveCallable.java:15)
	at org.junit.runners.model.FrameworkMethod.invokeExplosively(FrameworkMethod.java:41)
	at junitparams.internal.InvokeParameterisedMethod.evaluate(InvokeParameterisedMethod.java:102)
	at org.junit.internal.runners.statements.FailOnTimeout$1.run(FailOnTimeout.java:28)
Caused by: ptolemy.kernel.util.IllegalActionException: Found a zero delay loop containing .HierarchicalModel.A
  in .HierarchicalModel and .HierarchicalModel.A
	at ptolemy.actor.util.CausalityInterfaceForComposites._computeOutputPortDepth(CausalityInterfaceForComposites.java:759)
	at ptolemy.actor.util.CausalityInterfaceForComposites._computeInputDepth(CausalityInterfaceForComposites.java:696)
	at ptolemy.actor.util.CausalityInterfaceForComposites._computeOutputPortDepth(CausalityInterfaceForComposites.java:765)
	at ptolemy.actor.util.CausalityInterfaceForComposites._computeInputDepth(CausalityInterfaceForComposites.java:696)
	at ptolemy.actor.util.CausalityInterfaceForComposites._computeOutputPortDepth(CausalityInterfaceForComposites.java:765)
	at ptolemy.actor.util.CausalityInterfaceForComposites._computeInputDepth(CausalityInterfaceForComposites.java:696)
	at ptolemy.actor.util.CausalityInterfaceForComposites._computeActorDepth(CausalityInterfaceForComposites.java:532)
	at ptolemy.actor.util.CausalityInterfaceForComposites.checkForCycles(CausalityInterfaceForComposites.java:96)
	at ptolemy.domains.de.kernel.DEDirector.preinitialize(DEDirector.java:1338)
	at ptolemy.actor.CompositeActor.preinitialize(CompositeActor.java:1828)
	at ptolemy.actor.Manager.preinitializeAndResolveTypes(Manager.java:1040)
	at ptolemy.actor.Manager.initialize(Manager.java:710)
	at ptolemy.actor.Manager.execute(Manager.java:356)
	at ptolemy.actor.Manager.run(Manager.java:1263)
	at ptolemy.actor.Manager$PtolemyRunThread.run(Manager.java:1915)
java.lang.RuntimeException: Execution failed
	at ptolemy.moml.MoMLSimpleApplication$UnloadThread.run(MoMLSimpleApplication.java:402)
Caused by: ptolemy.kernel.util.IllegalActionException: Found a zero delay loop containing .dependencyLoop.original
  in .dependencyLoop and .dependencyLoop.original
	at ptolemy.actor.util.CausalityInterfaceForComposites._computeOutputPortDepth(CausalityInterfaceForComposites.java:759)
	at ptolemy.actor.util.CausalityInterfaceForComposites._computeInputDepth(CausalityInterfaceForComposites.java:696)
	at ptolemy.actor.util.CausalityInterfaceForComposites._computeOutputPortDepth(CausalityInterfaceForComposites.java:765)
	at ptolemy.actor.util.CausalityInterfaceForComposites._computeInputDepth(CausalityInterfaceForComposites.java:696)
	at ptolemy.actor.util.CausalityInterfaceForComposites._computeOutputPortDepth(CausalityInterfaceForComposites.java:765)
	at ptolemy.actor.util.CausalityInterfaceForComposites._computeInputDepth(CausalityInterfaceForComposites.java:696)
	at ptolemy.actor.util.CausalityInterfaceForComposites._computeActorDepth(CausalityInterfaceForComposites.java:532)
	at ptolemy.actor.util.CausalityInterfaceForComposites.checkForCycles(CausalityInterfaceForComposites.java:96)
	at ptolemy.domains.de.kernel.DEDirector.preinitialize(DEDirector.java:1338)
	at ptolemy.actor.CompositeActor.preinitialize(CompositeActor.java:1828)
	at ptolemy.actor.Manager.preinitializeAndResolveTypes(Manager.java:1040)
	at ptolemy.actor.Manager.initialize(Manager.java:710)
	at ptolemy.actor.Manager.execute(Manager.java:356)
	at ptolemy.actor.Manager.run(Manager.java:1263)
	at ptolemy.actor.Manager$PtolemyRunThread.run(Manager.java:1915)
java.lang.reflect.InvocationTargetException
	at sun.reflect.NativeConstructorAccessorImpl.newInstance0(Native Method)
	at sun.reflect.NativeConstructorAccessorImpl.newInstance(NativeConstructorAccessorImpl.java:62)
	at sun.reflect.DelegatingConstructorAccessorImpl.newInstance(DelegatingConstructorAccessorImpl.java:45)
	at java.lang.reflect.Constructor.newInstance(Constructor.java:423)
	at ptolemy.util.test.junit.AutoKnownFailedTests.RunModel(AutoKnownFailedTests.java:105)
	at sun.reflect.NativeMethodAccessorImpl.invoke0(Native Method)
	at sun.reflect.NativeMethodAccessorImpl.invoke(NativeMethodAccessorImpl.java:62)
	at sun.reflect.DelegatingMethodAccessorImpl.invoke(DelegatingMethodAccessorImpl.java:43)
	at java.lang.reflect.Method.invoke(Method.java:498)
	at org.junit.runners.model.FrameworkMethod$1.runReflectiveCall(FrameworkMethod.java:44)
	at org.junit.internal.runners.model.ReflectiveCallable.run(ReflectiveCallable.java:15)
	at org.junit.runners.model.FrameworkMethod.invokeExplosively(FrameworkMethod.java:41)
	at junitparams.internal.InvokeParameterisedMethod.evaluate(InvokeParameterisedMethod.java:102)
	at org.junit.internal.runners.statements.FailOnTimeout$1.run(FailOnTimeout.java:28)
Caused by: ptolemy.kernel.util.IllegalActionException: Found a zero delay loop containing .dependencyLoop.original
  in .dependencyLoop and .dependencyLoop.original
	at ptolemy.actor.util.CausalityInterfaceForComposites._computeOutputPortDepth(CausalityInterfaceForComposites.java:759)
	at ptolemy.actor.util.CausalityInterfaceForComposites._computeInputDepth(CausalityInterfaceForComposites.java:696)
	at ptolemy.actor.util.CausalityInterfaceForComposites._computeOutputPortDepth(CausalityInterfaceForComposites.java:765)
	at ptolemy.actor.util.CausalityInterfaceForComposites._computeInputDepth(CausalityInterfaceForComposites.java:696)
	at ptolemy.actor.util.CausalityInterfaceForComposites._computeOutputPortDepth(CausalityInterfaceForComposites.java:765)
	at ptolemy.actor.util.CausalityInterfaceForComposites._computeInputDepth(CausalityInterfaceForComposites.java:696)
	at ptolemy.actor.util.CausalityInterfaceForComposites._computeActorDepth(CausalityInterfaceForComposites.java:532)
	at ptolemy.actor.util.CausalityInterfaceForComposites.checkForCycles(CausalityInterfaceForComposites.java:96)
	at ptolemy.domains.de.kernel.DEDirector.preinitialize(DEDirector.java:1338)
	at ptolemy.actor.CompositeActor.preinitialize(CompositeActor.java:1828)
	at ptolemy.actor.Manager.preinitializeAndResolveTypes(Manager.java:1040)
	at ptolemy.actor.Manager.initialize(Manager.java:710)
	at ptolemy.actor.Manager.execute(Manager.java:356)
	at ptolemy.actor.Manager.run(Manager.java:1263)
	at ptolemy.actor.Manager$PtolemyRunThread.run(Manager.java:1915)
java.lang.RuntimeException: Execution failed
	at ptolemy.moml.MoMLSimpleApplication$UnloadThread.run(MoMLSimpleApplication.java:402)
Caused by: ptolemy.kernel.util.IllegalActionException: Found a zero delay loop containing .dependencyLoop2.original
  in .dependencyLoop2 and .dependencyLoop2.original
	at ptolemy.actor.util.CausalityInterfaceForComposites._computeOutputPortDepth(CausalityInterfaceForComposites.java:759)
	at ptolemy.actor.util.CausalityInterfaceForComposites._computeInputDepth(CausalityInterfaceForComposites.java:696)
	at ptolemy.actor.util.CausalityInterfaceForComposites._computeOutputPortDepth(CausalityInterfaceForComposites.java:765)
	at ptolemy.actor.util.CausalityInterfaceForComposites._computeInputDepth(CausalityInterfaceForComposites.java:696)
	at ptolemy.actor.util.CausalityInterfaceForComposites._computeOutputPortDepth(CausalityInterfaceForComposites.java:765)
	at ptolemy.actor.util.CausalityInterfaceForComposites._computeInputDepth(CausalityInterfaceForComposites.java:696)
	at ptolemy.actor.util.CausalityInterfaceForComposites._computeActorDepth(CausalityInterfaceForComposites.java:532)
	at ptolemy.actor.util.CausalityInterfaceForComposites.checkForCycles(CausalityInterfaceForComposites.java:96)
	at ptolemy.domains.de.kernel.DEDirector.preinitialize(DEDirector.java:1338)
	at ptolemy.actor.CompositeActor.preinitialize(CompositeActor.java:1828)
	at ptolemy.actor.Manager.preinitializeAndResolveTypes(Manager.java:1040)
	at ptolemy.actor.Manager.initialize(Manager.java:710)
	at ptolemy.actor.Manager.execute(Manager.java:356)
	at ptolemy.actor.Manager.run(Manager.java:1263)
	at ptolemy.actor.Manager$PtolemyRunThread.run(Manager.java:1915)
java.lang.reflect.InvocationTargetException
	at sun.reflect.NativeConstructorAccessorImpl.newInstance0(Native Method)
	at sun.reflect.NativeConstructorAccessorImpl.newInstance(NativeConstructorAccessorImpl.java:62)
	at sun.reflect.DelegatingConstructorAccessorImpl.newInstance(DelegatingConstructorAccessorImpl.java:45)
	at java.lang.reflect.Constructor.newInstance(Constructor.java:423)
	at ptolemy.util.test.junit.AutoKnownFailedTests.RunModel(AutoKnownFailedTests.java:105)
	at sun.reflect.NativeMethodAccessorImpl.invoke0(Native Method)
	at sun.reflect.NativeMethodAccessorImpl.invoke(NativeMethodAccessorImpl.java:62)
	at sun.reflect.DelegatingMethodAccessorImpl.invoke(DelegatingMethodAccessorImpl.java:43)
	at java.lang.reflect.Method.invoke(Method.java:498)
	at org.junit.runners.model.FrameworkMethod$1.runReflectiveCall(FrameworkMethod.java:44)
	at org.junit.internal.runners.model.ReflectiveCallable.run(ReflectiveCallable.java:15)
	at org.junit.runners.model.FrameworkMethod.invokeExplosively(FrameworkMethod.java:41)
	at junitparams.internal.InvokeParameterisedMethod.evaluate(InvokeParameterisedMethod.java:102)
	at org.junit.internal.runners.statements.FailOnTimeout$1.run(FailOnTimeout.java:28)
Caused by: ptolemy.kernel.util.IllegalActionException: Found a zero delay loop containing .dependencyLoop2.original
  in .dependencyLoop2 and .dependencyLoop2.original
	at ptolemy.actor.util.CausalityInterfaceForComposites._computeOutputPortDepth(CausalityInterfaceForComposites.java:759)
	at ptolemy.actor.util.CausalityInterfaceForComposites._computeInputDepth(CausalityInterfaceForComposites.java:696)
	at ptolemy.actor.util.CausalityInterfaceForComposites._computeOutputPortDepth(CausalityInterfaceForComposites.java:765)
	at ptolemy.actor.util.CausalityInterfaceForComposites._computeInputDepth(CausalityInterfaceForComposites.java:696)
	at ptolemy.actor.util.CausalityInterfaceForComposites._computeOutputPortDepth(CausalityInterfaceForComposites.java:765)
	at ptolemy.actor.util.CausalityInterfaceForComposites._computeInputDepth(CausalityInterfaceForComposites.java:696)
	at ptolemy.actor.util.CausalityInterfaceForComposites._computeActorDepth(CausalityInterfaceForComposites.java:532)
	at ptolemy.actor.util.CausalityInterfaceForComposites.checkForCycles(CausalityInterfaceForComposites.java:96)
	at ptolemy.domains.de.kernel.DEDirector.preinitialize(DEDirector.java:1338)
	at ptolemy.actor.CompositeActor.preinitialize(CompositeActor.java:1828)
	at ptolemy.actor.Manager.preinitializeAndResolveTypes(Manager.java:1040)
	at ptolemy.actor.Manager.initialize(Manager.java:710)
	at ptolemy.actor.Manager.execute(Manager.java:356)
	at ptolemy.actor.Manager.run(Manager.java:1263)
	at ptolemy.actor.Manager$PtolemyRunThread.run(Manager.java:1915)
]]></system-err>
</testsuite>
