<?xml version="1.0" encoding="UTF-8" ?>
<testsuite errors="0" failures="0" hostname="travis-job-5b7dfed2-6033-49fd-bed9-d58128cbf65c" name="ptolemy.domains.hdf.kernel.test.junit.JUnitTclTest" skipped="0" tests="39" time="5.906" timestamp="2019-07-06T04:46:55">
  <properties>
[...]
</properties>
  <testcase classname="ptolemy.util.test.junit.TclTests" name="[0] /home/travis/build/icyphy/ptII/ptolemy/domains/hdf/kernel/test/RateErrorChecking.tcl (RunTclFile)" time="0.224" />
  <testcase classname="ptolemy.util.test.junit.AutoKnownFailedTests" name="[0] /home/travis/build/icyphy/ptII/ptolemy/domains/hdf/kernel/test/auto/knownFailedTests/badFSMRateChanges.xml (RunModel)" time="0.644" />
  <testcase classname="ptolemy.util.test.junit.AutoNameArchTests" name="[0] ThereAreNoAutoArchTests (RunModel)" time="0.003" />
  <testcase classname="ptolemy.util.test.junit.AutoTests" name="[0] /home/travis/build/icyphy/ptII/ptolemy/domains/hdf/kernel/test/auto/ConstVariableRateTest.xml (RunModel)" time="0.306" />
  <testcase classname="ptolemy.util.test.junit.AutoTests" name="[1] /home/travis/build/icyphy/ptII/ptolemy/domains/hdf/kernel/test/auto/DifferentRefinedRates.xml (RunModel)" time="0.171" />
  <testcase classname="ptolemy.util.test.junit.AutoTests" name="[2] /home/travis/build/icyphy/ptII/ptolemy/domains/hdf/kernel/test/auto/DifferentRefinedRates2.xml (RunModel)" time="0.169" />
  <testcase classname="ptolemy.util.test.junit.AutoTests" name="[3] /home/travis/build/icyphy/ptII/ptolemy/domains/hdf/kernel/test/auto/DifferentRefinedRates3.xml (RunModel)" time="0.082" />
  <testcase classname="ptolemy.util.test.junit.AutoTests" name="[4] /home/travis/build/icyphy/ptII/ptolemy/domains/hdf/kernel/test/auto/DifferentRefinedRates4.xml (RunModel)" time="0.158" />
  <testcase classname="ptolemy.util.test.junit.AutoTests" name="[5] /home/travis/build/icyphy/ptII/ptolemy/domains/hdf/kernel/test/auto/DifferentRefinedRates5.xml (RunModel)" time="0.163" />
  <testcase classname="ptolemy.util.test.junit.AutoTests" name="[6] /home/travis/build/icyphy/ptII/ptolemy/domains/hdf/kernel/test/auto/DifferentRefinedRates6.xml (RunModel)" time="0.106" />
  <testcase classname="ptolemy.util.test.junit.AutoTests" name="[7] /home/travis/build/icyphy/ptII/ptolemy/domains/hdf/kernel/test/auto/DownSample_PowerOfTwo.xml (RunModel)" time="0.191" />
  <testcase classname="ptolemy.util.test.junit.AutoTests" name="[8] /home/travis/build/icyphy/ptII/ptolemy/domains/hdf/kernel/test/auto/FibonacciWithNullInitial.xml (RunModel)" time="0.178" />
  <testcase classname="ptolemy.util.test.junit.AutoTests" name="[9] /home/travis/build/icyphy/ptII/ptolemy/domains/hdf/kernel/test/auto/FibonacciWithNullInitial1.xml (RunModel)" time="0.18" />
  <testcase classname="ptolemy.util.test.junit.AutoTests" name="[10] /home/travis/build/icyphy/ptII/ptolemy/domains/hdf/kernel/test/auto/FibonacciWithTransientStates.xml (RunModel)" time="0.158" />
  <testcase classname="ptolemy.util.test.junit.AutoTests" name="[11] /home/travis/build/icyphy/ptII/ptolemy/domains/hdf/kernel/test/auto/FibonacciWithTransientStates2.xml (RunModel)" time="0.077" />
  <testcase classname="ptolemy.util.test.junit.AutoTests" name="[12] /home/travis/build/icyphy/ptII/ptolemy/domains/hdf/kernel/test/auto/FibonacciWithoutHistoryInitial.xml (RunModel)" time="0.15" />
  <testcase classname="ptolemy.util.test.junit.AutoTests" name="[13] /home/travis/build/icyphy/ptII/ptolemy/domains/hdf/kernel/test/auto/GuardUsingPastTokens.xml (RunModel)" time="0.091" />
  <testcase classname="ptolemy.util.test.junit.AutoTests" name="[14] /home/travis/build/icyphy/ptII/ptolemy/domains/hdf/kernel/test/auto/GuardWithResets.xml (RunModel)" time="0.092" />
  <testcase classname="ptolemy.util.test.junit.AutoTests" name="[15] /home/travis/build/icyphy/ptII/ptolemy/domains/hdf/kernel/test/auto/Hierarchy_2Level_Test1.xml (RunModel)" time="0.094" />
  <testcase classname="ptolemy.util.test.junit.AutoTests" name="[16] /home/travis/build/icyphy/ptII/ptolemy/domains/hdf/kernel/test/auto/Hierarchy_2Level_Test2.xml (RunModel)" time="0.064" />
  <testcase classname="ptolemy.util.test.junit.AutoTests" name="[17] /home/travis/build/icyphy/ptII/ptolemy/domains/hdf/kernel/test/auto/Hysteresis.xml (RunModel)" time="0.058" />
  <testcase classname="ptolemy.util.test.junit.AutoTests" name="[18] /home/travis/build/icyphy/ptII/ptolemy/domains/hdf/kernel/test/auto/InitTransient.xml (RunModel)" time="0.085" />
  <testcase classname="ptolemy.util.test.junit.AutoTests" name="[19] /home/travis/build/icyphy/ptII/ptolemy/domains/hdf/kernel/test/auto/Merge.xml (RunModel)" time="0.086" />
  <testcase classname="ptolemy.util.test.junit.AutoTests" name="[20] /home/travis/build/icyphy/ptII/ptolemy/domains/hdf/kernel/test/auto/ModalModelBooleanSwitch.xml (RunModel)" time="0.097" />
  <testcase classname="ptolemy.util.test.junit.AutoTests" name="[21] /home/travis/build/icyphy/ptII/ptolemy/domains/hdf/kernel/test/auto/SameRates.xml (RunModel)" time="0.052" />
  <testcase classname="ptolemy.util.test.junit.AutoTests" name="[22] /home/travis/build/icyphy/ptII/ptolemy/domains/hdf/kernel/test/auto/SameRefinedRates.xml (RunModel)" time="0.067" />
  <testcase classname="ptolemy.util.test.junit.AutoTests" name="[23] /home/travis/build/icyphy/ptII/ptolemy/domains/hdf/kernel/test/auto/SameRefinedRates2.xml (RunModel)" time="0.061" />
  <testcase classname="ptolemy.util.test.junit.AutoTests" name="[24] /home/travis/build/icyphy/ptII/ptolemy/domains/hdf/kernel/test/auto/TransientStates.xml (RunModel)" time="0.061" />
  <testcase classname="ptolemy.util.test.junit.AutoTests" name="[25] /home/travis/build/icyphy/ptII/ptolemy/domains/hdf/kernel/test/auto/TwoHammingCodec.xml (RunModel)" time="0.081" />
  <testcase classname="ptolemy.util.test.junit.AutoTests" name="[26] /home/travis/build/icyphy/ptII/ptolemy/domains/hdf/kernel/test/auto/TwoHammingCodec1.xml (RunModel)" time="0.109" />
  <testcase classname="ptolemy.util.test.junit.AutoTests" name="[27] /home/travis/build/icyphy/ptII/ptolemy/domains/hdf/kernel/test/auto/TwoLevelHierarchy.xml (RunModel)" time="0.19" />
  <testcase classname="ptolemy.util.test.junit.AutoTests" name="[28] /home/travis/build/icyphy/ptII/ptolemy/domains/hdf/kernel/test/auto/TwoLevelHierarchy1.xml (RunModel)" time="0.155" />
  <testcase classname="ptolemy.util.test.junit.AutoTests" name="[29] /home/travis/build/icyphy/ptII/ptolemy/domains/hdf/kernel/test/auto/TwoLevelHierarchy2.xml (RunModel)" time="0.137" />
  <testcase classname="ptolemy.util.test.junit.AutoTests" name="[30] /home/travis/build/icyphy/ptII/ptolemy/domains/hdf/kernel/test/auto/TwoLevelHierarchyNullStates.xml (RunModel)" time="0.191" />
  <testcase classname="ptolemy.util.test.junit.AutoTests" name="[31] /home/travis/build/icyphy/ptII/ptolemy/domains/hdf/kernel/test/auto/TwoLevelHierarchyWithResets.xml (RunModel)" time="0.165" />
  <testcase classname="ptolemy.util.test.junit.AutoTests" name="[32] /home/travis/build/icyphy/ptII/ptolemy/domains/hdf/kernel/test/auto/TwoLevelHierarchyWithResetsNullStates.xml (RunModel)" time="0.181" />
  <testcase classname="ptolemy.util.test.junit.AutoTests" name="[33] /home/travis/build/icyphy/ptII/ptolemy/domains/hdf/kernel/test/auto/WaterTank_HDF.xml (RunModel)" time="0.108" />
  <testcase classname="ptolemy.util.test.junit.AutoTests" name="[34] /home/travis/build/icyphy/ptII/ptolemy/domains/hdf/kernel/test/auto/WaterTank_HDF2.xml (RunModel)" time="0.112" />
  <testcase classname="ptolemy.util.test.junit.AutoTests" name="[35] /home/travis/build/icyphy/ptII/ptolemy/domains/hdf/kernel/test/auto/badFSMRateChanges.xml (RunModel)" time="0.042" />
  <system-out><![CDATA[/home/travis/build/icyphy/ptII/ptolemy/domains/hdf/kernel/test/RateErrorChecking.tcl
testDefs.tcl: setting time out to 9000 seconds at Sat Jul 06 04:46:55 UTC 2019


==== $PTII/ptolemy/domains/hdf/kernel/test/RateErrorChecking.tcl: RateErrorChecking-1.0 
==== Contents of test case:

    catch {createAndExecute "badFSMRateChanges.xml"} foo
    list $foo

==== Result was:
{java.io.FileNotFoundException: /home/travis/build/icyphy/ptII/ptolemy/domains/hdf/kernel/test/badFSMRateChanges.xml (No such file or directory)}
---- KNOWN Failure, Result should have been:
{ptolemy.kernel.util.IllegalActionException: Failed to compute schedule:
  in .badFSMRateChanges.SDF Director
Because:
The SDF rate parameter may change. This is not allowed in SDF models that will be run through the code generator.  If you don't care about code generation, then you might consider setting the allowRateChanges parameter of the SDF director to false.
    in .badFSMRateChanges.typed composite actor.output.tokenProductionRate}
---- RateErrorChecking-1.0 Failed, but this is a KNOWN failure
07/06/19 04:46:55
Failed: 0  Total Tests: 1  ((Passed: 0, Newly Passed: 0)  Known Failed: 1) /home/travis/build/icyphy/ptII/ptolemy/domains/hdf/kernel/test
----------------- testing (KnownFailure) /home/travis/build/icyphy/ptII/ptolemy/domains/hdf/kernel/test/auto/knownFailedTests/badFSMRateChanges.xml
193 ms. Memory: 120832K Free: 98008K (81%)
No auto/linux-amd64/*.xml tests in /home/travis/build/icyphy/ptII/ptolemy/domains/hdf/kernel/test
AutoTests.java: About to close Vertx.
AutoTests.java: Vertx closed.

===========================================================================================
----------------- testing Sat Jul 06 04:46:56 UTC 2019 /home/travis/build/icyphy/ptII/ptolemy/domains/hdf/kernel/test/auto/ConstVariableRateTest.xml
----------------- Instantiating /home/travis/build/icyphy/ptII/ptolemy/domains/hdf/kernel/test/auto/ConstVariableRateTest.xml
80 ms. Memory: 162816K Free: 127738K (78%)
----------------- Invoking toplevel() on ptolemy.moml.MoMLSimpleApplication@4e65f866
----------------- Done invoking toplevel() on ptolemy.moml.MoMLSimpleApplication@4e65f866
reloadAllAccessors: .ConstVariableRateTest

===========================================================================================
----------------- testing Sat Jul 06 04:46:56 UTC 2019 /home/travis/build/icyphy/ptII/ptolemy/domains/hdf/kernel/test/auto/DifferentRefinedRates.xml
----------------- Instantiating /home/travis/build/icyphy/ptII/ptolemy/domains/hdf/kernel/test/auto/DifferentRefinedRates.xml
69 ms. Memory: 162816K Free: 114456K (70%)
----------------- Invoking toplevel() on ptolemy.moml.MoMLSimpleApplication@1fc60ae4
----------------- Done invoking toplevel() on ptolemy.moml.MoMLSimpleApplication@1fc60ae4
reloadAllAccessors: .DifferentRefinedRates

===========================================================================================
----------------- testing Sat Jul 06 04:46:56 UTC 2019 /home/travis/build/icyphy/ptII/ptolemy/domains/hdf/kernel/test/auto/DifferentRefinedRates2.xml
----------------- Instantiating /home/travis/build/icyphy/ptII/ptolemy/domains/hdf/kernel/test/auto/DifferentRefinedRates2.xml
51 ms. Memory: 162816K Free: 100634K (62%)
----------------- Invoking toplevel() on ptolemy.moml.MoMLSimpleApplication@2b8075bb
----------------- Done invoking toplevel() on ptolemy.moml.MoMLSimpleApplication@2b8075bb
reloadAllAccessors: .DifferentRefinedRates2

===========================================================================================
----------------- testing Sat Jul 06 04:46:57 UTC 2019 /home/travis/build/icyphy/ptII/ptolemy/domains/hdf/kernel/test/auto/DifferentRefinedRates3.xml
----------------- Instantiating /home/travis/build/icyphy/ptII/ptolemy/domains/hdf/kernel/test/auto/DifferentRefinedRates3.xml
29 ms. Memory: 162816K Free: 89370K (55%)
----------------- Invoking toplevel() on ptolemy.moml.MoMLSimpleApplication@7ddd9fb8
----------------- Done invoking toplevel() on ptolemy.moml.MoMLSimpleApplication@7ddd9fb8
reloadAllAccessors: .DifferentRefinedRates3

===========================================================================================
----------------- testing Sat Jul 06 04:46:57 UTC 2019 /home/travis/build/icyphy/ptII/ptolemy/domains/hdf/kernel/test/auto/DifferentRefinedRates4.xml
----------------- Instantiating /home/travis/build/icyphy/ptII/ptolemy/domains/hdf/kernel/test/auto/DifferentRefinedRates4.xml
44 ms. Memory: 162816K Free: 73496K (45%)
----------------- Invoking toplevel() on ptolemy.moml.MoMLSimpleApplication@22bb7927
----------------- Done invoking toplevel() on ptolemy.moml.MoMLSimpleApplication@22bb7927
reloadAllAccessors: .NewHDFtest1

===========================================================================================
----------------- testing Sat Jul 06 04:46:57 UTC 2019 /home/travis/build/icyphy/ptII/ptolemy/domains/hdf/kernel/test/auto/DifferentRefinedRates5.xml
----------------- Instantiating /home/travis/build/icyphy/ptII/ptolemy/domains/hdf/kernel/test/auto/DifferentRefinedRates5.xml
73 ms. Memory: 162816K Free: 58122K (36%)
----------------- Invoking toplevel() on ptolemy.moml.MoMLSimpleApplication@2276a5dc
----------------- Done invoking toplevel() on ptolemy.moml.MoMLSimpleApplication@2276a5dc
reloadAllAccessors: .NewHDFtest2

===========================================================================================
----------------- testing Sat Jul 06 04:46:57 UTC 2019 /home/travis/build/icyphy/ptII/ptolemy/domains/hdf/kernel/test/auto/DifferentRefinedRates6.xml
----------------- Instantiating /home/travis/build/icyphy/ptII/ptolemy/domains/hdf/kernel/test/auto/DifferentRefinedRates6.xml
20 ms. Memory: 162816K Free: 139496K (86%)
----------------- Invoking toplevel() on ptolemy.moml.MoMLSimpleApplication@4c2c96a3
----------------- Done invoking toplevel() on ptolemy.moml.MoMLSimpleApplication@4c2c96a3
reloadAllAccessors: .DifferentRefinedRates6

===========================================================================================
----------------- testing Sat Jul 06 04:46:57 UTC 2019 /home/travis/build/icyphy/ptII/ptolemy/domains/hdf/kernel/test/auto/DownSample_PowerOfTwo.xml
----------------- Instantiating /home/travis/build/icyphy/ptII/ptolemy/domains/hdf/kernel/test/auto/DownSample_PowerOfTwo.xml
160 ms. Memory: 162816K Free: 113400K (70%)
----------------- Invoking toplevel() on ptolemy.moml.MoMLSimpleApplication@3b4a2df5
----------------- Done invoking toplevel() on ptolemy.moml.MoMLSimpleApplication@3b4a2df5
reloadAllAccessors: .SDFDownSample

===========================================================================================
----------------- testing Sat Jul 06 04:46:57 UTC 2019 /home/travis/build/icyphy/ptII/ptolemy/domains/hdf/kernel/test/auto/FibonacciWithNullInitial.xml
----------------- Instantiating /home/travis/build/icyphy/ptII/ptolemy/domains/hdf/kernel/test/auto/FibonacciWithNullInitial.xml
134 ms. Memory: 162816K Free: 89848K (55%)
----------------- Invoking toplevel() on ptolemy.moml.MoMLSimpleApplication@2c0a5c21
----------------- Done invoking toplevel() on ptolemy.moml.MoMLSimpleApplication@2c0a5c21
reloadAllAccessors: .FibonacciWithNullInitial

===========================================================================================
----------------- testing Sat Jul 06 04:46:58 UTC 2019 /home/travis/build/icyphy/ptII/ptolemy/domains/hdf/kernel/test/auto/FibonacciWithNullInitial1.xml
----------------- Instantiating /home/travis/build/icyphy/ptII/ptolemy/domains/hdf/kernel/test/auto/FibonacciWithNullInitial1.xml
132 ms. Memory: 162816K Free: 68344K (42%)
----------------- Invoking toplevel() on ptolemy.moml.MoMLSimpleApplication@10aedda5
----------------- Done invoking toplevel() on ptolemy.moml.MoMLSimpleApplication@10aedda5
reloadAllAccessors: .FibonacciWithNullInitial1

===========================================================================================
----------------- testing Sat Jul 06 04:46:58 UTC 2019 /home/travis/build/icyphy/ptII/ptolemy/domains/hdf/kernel/test/auto/FibonacciWithTransientStates.xml
----------------- Instantiating /home/travis/build/icyphy/ptII/ptolemy/domains/hdf/kernel/test/auto/FibonacciWithTransientStates.xml
119 ms. Memory: 162816K Free: 136660K (84%)
----------------- Invoking toplevel() on ptolemy.moml.MoMLSimpleApplication@17391c26
----------------- Done invoking toplevel() on ptolemy.moml.MoMLSimpleApplication@17391c26
reloadAllAccessors: .FibonacciWithTransientStates

===========================================================================================
----------------- testing Sat Jul 06 04:46:58 UTC 2019 /home/travis/build/icyphy/ptII/ptolemy/domains/hdf/kernel/test/auto/FibonacciWithTransientStates2.xml
----------------- Instantiating /home/travis/build/icyphy/ptII/ptolemy/domains/hdf/kernel/test/auto/FibonacciWithTransientStates2.xml
31 ms. Memory: 162816K Free: 114698K (70%)
----------------- Invoking toplevel() on ptolemy.moml.MoMLSimpleApplication@646feb8e
----------------- Done invoking toplevel() on ptolemy.moml.MoMLSimpleApplication@646feb8e
reloadAllAccessors: .FibonacciWithTransientStates2

===========================================================================================
----------------- testing Sat Jul 06 04:46:58 UTC 2019 /home/travis/build/icyphy/ptII/ptolemy/domains/hdf/kernel/test/auto/FibonacciWithoutHistoryInitial.xml
----------------- Instantiating /home/travis/build/icyphy/ptII/ptolemy/domains/hdf/kernel/test/auto/FibonacciWithoutHistoryInitial.xml
105 ms. Memory: 162816K Free: 94714K (58%)
----------------- Invoking toplevel() on ptolemy.moml.MoMLSimpleApplication@570f4c81
----------------- Done invoking toplevel() on ptolemy.moml.MoMLSimpleApplication@570f4c81
reloadAllAccessors: .FibonacciWithoutHistoryInitial

===========================================================================================
----------------- testing Sat Jul 06 04:46:58 UTC 2019 /home/travis/build/icyphy/ptII/ptolemy/domains/hdf/kernel/test/auto/GuardUsingPastTokens.xml
----------------- Instantiating /home/travis/build/icyphy/ptII/ptolemy/domains/hdf/kernel/test/auto/GuardUsingPastTokens.xml
25 ms. Memory: 162816K Free: 79882K (49%)
----------------- Invoking toplevel() on ptolemy.moml.MoMLSimpleApplication@5a43bd9c
----------------- Done invoking toplevel() on ptolemy.moml.MoMLSimpleApplication@5a43bd9c
reloadAllAccessors: .GuardUsingPastTokens

===========================================================================================
----------------- testing Sat Jul 06 04:46:58 UTC 2019 /home/travis/build/icyphy/ptII/ptolemy/domains/hdf/kernel/test/auto/GuardWithResets.xml
----------------- Instantiating /home/travis/build/icyphy/ptII/ptolemy/domains/hdf/kernel/test/auto/GuardWithResets.xml
35 ms. Memory: 162816K Free: 62970K (39%)
----------------- Invoking toplevel() on ptolemy.moml.MoMLSimpleApplication@5806d284
----------------- Done invoking toplevel() on ptolemy.moml.MoMLSimpleApplication@5806d284
reloadAllAccessors: .GuardWithResets

===========================================================================================
----------------- testing Sat Jul 06 04:46:58 UTC 2019 /home/travis/build/icyphy/ptII/ptolemy/domains/hdf/kernel/test/auto/Hierarchy_2Level_Test1.xml
----------------- Instantiating /home/travis/build/icyphy/ptII/ptolemy/domains/hdf/kernel/test/auto/Hierarchy_2Level_Test1.xml
30 ms. Memory: 162816K Free: 139346K (86%)
----------------- Invoking toplevel() on ptolemy.moml.MoMLSimpleApplication@3e00057c
----------------- Done invoking toplevel() on ptolemy.moml.MoMLSimpleApplication@3e00057c
reloadAllAccessors: .Hierarchy_2Level_Test1

===========================================================================================
----------------- testing Sat Jul 06 04:46:58 UTC 2019 /home/travis/build/icyphy/ptII/ptolemy/domains/hdf/kernel/test/auto/Hierarchy_2Level_Test2.xml
----------------- Instantiating /home/travis/build/icyphy/ptII/ptolemy/domains/hdf/kernel/test/auto/Hierarchy_2Level_Test2.xml
17 ms. Memory: 162816K Free: 121428K (75%)
----------------- Invoking toplevel() on ptolemy.moml.MoMLSimpleApplication@5aedf52f
----------------- Done invoking toplevel() on ptolemy.moml.MoMLSimpleApplication@5aedf52f
reloadAllAccessors: .Hierarchy_4Level_Test2

===========================================================================================
----------------- testing Sat Jul 06 04:46:58 UTC 2019 /home/travis/build/icyphy/ptII/ptolemy/domains/hdf/kernel/test/auto/Hysteresis.xml
----------------- Instantiating /home/travis/build/icyphy/ptII/ptolemy/domains/hdf/kernel/test/auto/Hysteresis.xml
23 ms. Memory: 162816K Free: 110164K (68%)
----------------- Invoking toplevel() on ptolemy.moml.MoMLSimpleApplication@6bd64c8
----------------- Done invoking toplevel() on ptolemy.moml.MoMLSimpleApplication@6bd64c8
reloadAllAccessors: .Hysteresis

===========================================================================================
----------------- testing Sat Jul 06 04:46:59 UTC 2019 /home/travis/build/icyphy/ptII/ptolemy/domains/hdf/kernel/test/auto/InitTransient.xml
----------------- Instantiating /home/travis/build/icyphy/ptII/ptolemy/domains/hdf/kernel/test/auto/InitTransient.xml
26 ms. Memory: 162816K Free: 91204K (56%)
----------------- Invoking toplevel() on ptolemy.moml.MoMLSimpleApplication@279ec21e
----------------- Done invoking toplevel() on ptolemy.moml.MoMLSimpleApplication@279ec21e
reloadAllAccessors: .InitTransient

===========================================================================================
----------------- testing Sat Jul 06 04:46:59 UTC 2019 /home/travis/build/icyphy/ptII/ptolemy/domains/hdf/kernel/test/auto/Merge.xml
----------------- Instantiating /home/travis/build/icyphy/ptII/ptolemy/domains/hdf/kernel/test/auto/Merge.xml
30 ms. Memory: 162816K Free: 73810K (45%)
----------------- Invoking toplevel() on ptolemy.moml.MoMLSimpleApplication@5001fb4
----------------- Done invoking toplevel() on ptolemy.moml.MoMLSimpleApplication@5001fb4
reloadAllAccessors: .Merge

===========================================================================================
----------------- testing Sat Jul 06 04:46:59 UTC 2019 /home/travis/build/icyphy/ptII/ptolemy/domains/hdf/kernel/test/auto/ModalModelBooleanSwitch.xml
----------------- Instantiating /home/travis/build/icyphy/ptII/ptolemy/domains/hdf/kernel/test/auto/ModalModelBooleanSwitch.xml
38 ms. Memory: 195584K Free: 181042K (93%)
----------------- Invoking toplevel() on ptolemy.moml.MoMLSimpleApplication@1ae98ec1
----------------- Done invoking toplevel() on ptolemy.moml.MoMLSimpleApplication@1ae98ec1
reloadAllAccessors: .BooleanSwitchWithModel

===========================================================================================
----------------- testing Sat Jul 06 04:46:59 UTC 2019 /home/travis/build/icyphy/ptII/ptolemy/domains/hdf/kernel/test/auto/SameRates.xml
----------------- Instantiating /home/travis/build/icyphy/ptII/ptolemy/domains/hdf/kernel/test/auto/SameRates.xml
19 ms. Memory: 195584K Free: 168461K (86%)
----------------- Invoking toplevel() on ptolemy.moml.MoMLSimpleApplication@53f35f6f
----------------- Done invoking toplevel() on ptolemy.moml.MoMLSimpleApplication@53f35f6f
reloadAllAccessors: .SameRates

===========================================================================================
----------------- testing Sat Jul 06 04:46:59 UTC 2019 /home/travis/build/icyphy/ptII/ptolemy/domains/hdf/kernel/test/auto/SameRefinedRates.xml
----------------- Instantiating /home/travis/build/icyphy/ptII/ptolemy/domains/hdf/kernel/test/auto/SameRefinedRates.xml
23 ms. Memory: 195584K Free: 155149K (79%)
----------------- Invoking toplevel() on ptolemy.moml.MoMLSimpleApplication@16cb6ce6
----------------- Done invoking toplevel() on ptolemy.moml.MoMLSimpleApplication@16cb6ce6
reloadAllAccessors: .SameRefinedRates

===========================================================================================
----------------- testing Sat Jul 06 04:46:59 UTC 2019 /home/travis/build/icyphy/ptII/ptolemy/domains/hdf/kernel/test/auto/SameRefinedRates2.xml
----------------- Instantiating /home/travis/build/icyphy/ptII/ptolemy/domains/hdf/kernel/test/auto/SameRefinedRates2.xml
23 ms. Memory: 195584K Free: 140813K (72%)
----------------- Invoking toplevel() on ptolemy.moml.MoMLSimpleApplication@354371b0
----------------- Done invoking toplevel() on ptolemy.moml.MoMLSimpleApplication@354371b0
reloadAllAccessors: .SameRefinedRates2

===========================================================================================
----------------- testing Sat Jul 06 04:46:59 UTC 2019 /home/travis/build/icyphy/ptII/ptolemy/domains/hdf/kernel/test/auto/TransientStates.xml
----------------- Instantiating /home/travis/build/icyphy/ptII/ptolemy/domains/hdf/kernel/test/auto/TransientStates.xml
23 ms. Memory: 195584K Free: 121867K (62%)
----------------- Invoking toplevel() on ptolemy.moml.MoMLSimpleApplication@b7f486c
----------------- Done invoking toplevel() on ptolemy.moml.MoMLSimpleApplication@b7f486c
reloadAllAccessors: .TransientStates

===========================================================================================
----------------- testing Sat Jul 06 04:46:59 UTC 2019 /home/travis/build/icyphy/ptII/ptolemy/domains/hdf/kernel/test/auto/TwoHammingCodec.xml
----------------- Instantiating /home/travis/build/icyphy/ptII/ptolemy/domains/hdf/kernel/test/auto/TwoHammingCodec.xml
37 ms. Memory: 195584K Free: 102411K (52%)
----------------- Invoking toplevel() on ptolemy.moml.MoMLSimpleApplication@62fa9530
----------------- Done invoking toplevel() on ptolemy.moml.MoMLSimpleApplication@62fa9530
reloadAllAccessors: .TwoHammingCodec

===========================================================================================
----------------- testing Sat Jul 06 04:46:59 UTC 2019 /home/travis/build/icyphy/ptII/ptolemy/domains/hdf/kernel/test/auto/TwoHammingCodec1.xml
----------------- Instantiating /home/travis/build/icyphy/ptII/ptolemy/domains/hdf/kernel/test/auto/TwoHammingCodec1.xml
63 ms. Memory: 195584K Free: 78845K (40%)
----------------- Invoking toplevel() on ptolemy.moml.MoMLSimpleApplication@7e7b592e
----------------- Done invoking toplevel() on ptolemy.moml.MoMLSimpleApplication@7e7b592e
reloadAllAccessors: .twoHammingCodec1

===========================================================================================
----------------- testing Sat Jul 06 04:46:59 UTC 2019 /home/travis/build/icyphy/ptII/ptolemy/domains/hdf/kernel/test/auto/TwoLevelHierarchy.xml
----------------- Instantiating /home/travis/build/icyphy/ptII/ptolemy/domains/hdf/kernel/test/auto/TwoLevelHierarchy.xml
61 ms. Memory: 195584K Free: 149973K (77%)
----------------- Invoking toplevel() on ptolemy.moml.MoMLSimpleApplication@43a0a365
----------------- Done invoking toplevel() on ptolemy.moml.MoMLSimpleApplication@43a0a365
reloadAllAccessors: .TwoLevelHierarchy

===========================================================================================
----------------- testing Sat Jul 06 04:46:59 UTC 2019 /home/travis/build/icyphy/ptII/ptolemy/domains/hdf/kernel/test/auto/TwoLevelHierarchy1.xml
----------------- Instantiating /home/travis/build/icyphy/ptII/ptolemy/domains/hdf/kernel/test/auto/TwoLevelHierarchy1.xml
58 ms. Memory: 195584K Free: 107493K (55%)
----------------- Invoking toplevel() on ptolemy.moml.MoMLSimpleApplication@4bd381a9
----------------- Done invoking toplevel() on ptolemy.moml.MoMLSimpleApplication@4bd381a9
reloadAllAccessors: .TwoLevelHierarchy1

===========================================================================================
----------------- testing Sat Jul 06 04:47:00 UTC 2019 /home/travis/build/icyphy/ptII/ptolemy/domains/hdf/kernel/test/auto/TwoLevelHierarchy2.xml
----------------- Instantiating /home/travis/build/icyphy/ptII/ptolemy/domains/hdf/kernel/test/auto/TwoLevelHierarchy2.xml
55 ms. Memory: 195584K Free: 73187K (37%)
----------------- Invoking toplevel() on ptolemy.moml.MoMLSimpleApplication@1ae72d55
----------------- Done invoking toplevel() on ptolemy.moml.MoMLSimpleApplication@1ae72d55
reloadAllAccessors: .TwoLevelHierarchy2

===========================================================================================
----------------- testing Sat Jul 06 04:47:00 UTC 2019 /home/travis/build/icyphy/ptII/ptolemy/domains/hdf/kernel/test/auto/TwoLevelHierarchyNullStates.xml
----------------- Instantiating /home/travis/build/icyphy/ptII/ptolemy/domains/hdf/kernel/test/auto/TwoLevelHierarchyNullStates.xml
65 ms. Memory: 195584K Free: 137445K (70%)
----------------- Invoking toplevel() on ptolemy.moml.MoMLSimpleApplication@206942f5
----------------- Done invoking toplevel() on ptolemy.moml.MoMLSimpleApplication@206942f5
reloadAllAccessors: .TwoLevelHierarchyNullStates

===========================================================================================
----------------- testing Sat Jul 06 04:47:00 UTC 2019 /home/travis/build/icyphy/ptII/ptolemy/domains/hdf/kernel/test/auto/TwoLevelHierarchyWithResets.xml
----------------- Instantiating /home/travis/build/icyphy/ptII/ptolemy/domains/hdf/kernel/test/auto/TwoLevelHierarchyWithResets.xml
71 ms. Memory: 195584K Free: 92899K (47%)
----------------- Invoking toplevel() on ptolemy.moml.MoMLSimpleApplication@1fd49eae
----------------- Done invoking toplevel() on ptolemy.moml.MoMLSimpleApplication@1fd49eae
reloadAllAccessors: .TwoLevelHierarchy1

===========================================================================================
----------------- testing Sat Jul 06 04:47:00 UTC 2019 /home/travis/build/icyphy/ptII/ptolemy/domains/hdf/kernel/test/auto/TwoLevelHierarchyWithResetsNullStates.xml
----------------- Instantiating /home/travis/build/icyphy/ptII/ptolemy/domains/hdf/kernel/test/auto/TwoLevelHierarchyWithResetsNullStates.xml
66 ms. Memory: 195584K Free: 147411K (75%)
----------------- Invoking toplevel() on ptolemy.moml.MoMLSimpleApplication@4a31515f
----------------- Done invoking toplevel() on ptolemy.moml.MoMLSimpleApplication@4a31515f
reloadAllAccessors: .TwoLevelHierarchyWithResetsNullStates

===========================================================================================
----------------- testing Sat Jul 06 04:47:00 UTC 2019 /home/travis/build/icyphy/ptII/ptolemy/domains/hdf/kernel/test/auto/WaterTank_HDF.xml
----------------- Instantiating /home/travis/build/icyphy/ptII/ptolemy/domains/hdf/kernel/test/auto/WaterTank_HDF.xml
53 ms. Memory: 195584K Free: 119249K (61%)
----------------- Invoking toplevel() on ptolemy.moml.MoMLSimpleApplication@3768bef9
----------------- Done invoking toplevel() on ptolemy.moml.MoMLSimpleApplication@3768bef9
reloadAllAccessors: .WaterTank_HDF

===========================================================================================
----------------- testing Sat Jul 06 04:47:00 UTC 2019 /home/travis/build/icyphy/ptII/ptolemy/domains/hdf/kernel/test/auto/WaterTank_HDF2.xml
----------------- Instantiating /home/travis/build/icyphy/ptII/ptolemy/domains/hdf/kernel/test/auto/WaterTank_HDF2.xml
40 ms. Memory: 195584K Free: 87505K (45%)
----------------- Invoking toplevel() on ptolemy.moml.MoMLSimpleApplication@49f43462
----------------- Done invoking toplevel() on ptolemy.moml.MoMLSimpleApplication@49f43462
reloadAllAccessors: .WaterTank_HDF2

===========================================================================================
----------------- testing Sat Jul 06 04:47:00 UTC 2019 /home/travis/build/icyphy/ptII/ptolemy/domains/hdf/kernel/test/auto/badFSMRateChanges.xml
----------------- Instantiating /home/travis/build/icyphy/ptII/ptolemy/domains/hdf/kernel/test/auto/badFSMRateChanges.xml
12 ms. Memory: 195584K Free: 73139K (37%)
----------------- Invoking toplevel() on ptolemy.moml.MoMLSimpleApplication@f5dca80
----------------- Done invoking toplevel() on ptolemy.moml.MoMLSimpleApplication@f5dca80
reloadAllAccessors: .badFSMRateChanges
AutoTests.java: About to close Vertx.
AutoTests.java: Vertx closed.
]]></system-out>
  <system-err><![CDATA[]]></system-err>
</testsuite>
