<?xml version="1.0" encoding="UTF-8" ?>
<testsuite errors="0" failures="0" hostname="travis-job-510e9072-95ea-4a6f-a1ac-b8bf2f739bde" name="ptolemy.domains.modal.test.junit.JUnitTclTest" skipped="0" tests="148" time="10.56" timestamp="2020-04-19T14:01:30">
  <properties>
[...]
</properties>
  <testcase classname="ptolemy.util.test.junit.TclTests" name="[0] /home/travis/build/icyphy/ptII/ptolemy/domains/modal/test/SystemLevelType.tcl (RunTclFile)" time="1.842" />
  <testcase classname="ptolemy.util.test.junit.AutoKnownFailedTests" name="[0] /home/travis/build/icyphy/ptII/ptolemy/domains/modal/test/auto/knownFailedTests/CannotAnalysisWithPreemption.xml (RunModel)" time="0.312" />
  <testcase classname="ptolemy.util.test.junit.AutoNameArchTests" name="[0] ThereAreNoAutoArchTests (RunModel)" time="0.004" />
  <testcase classname="ptolemy.util.test.junit.AutoTests" name="[0] /home/travis/build/icyphy/ptII/ptolemy/domains/modal/test/auto/ABPTest.xml (RunModel)" time="0.855" />
  <testcase classname="ptolemy.util.test.junit.AutoTests" name="[1] /home/travis/build/icyphy/ptII/ptolemy/domains/modal/test/auto/ABROFlat.xml (RunModel)" time="0.085" />
  <testcase classname="ptolemy.util.test.junit.AutoTests" name="[2] /home/travis/build/icyphy/ptII/ptolemy/domains/modal/test/auto/ABROFlat2.xml (RunModel)" time="0.081" />
  <testcase classname="ptolemy.util.test.junit.AutoTests" name="[3] /home/travis/build/icyphy/ptII/ptolemy/domains/modal/test/auto/ABRO_present_hmm.xml (RunModel)" time="0.138" />
  <testcase classname="ptolemy.util.test.junit.AutoTests" name="[4] /home/travis/build/icyphy/ptII/ptolemy/domains/modal/test/auto/AMICoderExample.xml (RunModel)" time="0.098" />
  <testcase classname="ptolemy.util.test.junit.AutoTests" name="[5] /home/travis/build/icyphy/ptII/ptolemy/domains/modal/test/auto/AbsentToPresent.xml (RunModel)" time="0.028" />
  <testcase classname="ptolemy.util.test.junit.AutoTests" name="[6] /home/travis/build/icyphy/ptII/ptolemy/domains/modal/test/auto/Blending.xml (RunModel)" time="0.28" />
  <testcase classname="ptolemy.util.test.junit.AutoTests" name="[7] /home/travis/build/icyphy/ptII/ptolemy/domains/modal/test/auto/Broadcast.xml (RunModel)" time="0.05" />
  <testcase classname="ptolemy.util.test.junit.AutoTests" name="[8] /home/travis/build/icyphy/ptII/ptolemy/domains/modal/test/auto/BroadcastHierarchy.xml (RunModel)" time="0.066" />
  <testcase classname="ptolemy.util.test.junit.AutoTests" name="[9] /home/travis/build/icyphy/ptII/ptolemy/domains/modal/test/auto/BroadcastHierarchy2.xml (RunModel)" time="0.112" />
  <testcase classname="ptolemy.util.test.junit.AutoTests" name="[10] /home/travis/build/icyphy/ptII/ptolemy/domains/modal/test/auto/BroadcastHierarchy3.xml (RunModel)" time="0.077" />
  <testcase classname="ptolemy.util.test.junit.AutoTests" name="[11] /home/travis/build/icyphy/ptII/ptolemy/domains/modal/test/auto/BroadcastHierarchy4.xml (RunModel)" time="0.085" />
  <testcase classname="ptolemy.util.test.junit.AutoTests" name="[12] /home/travis/build/icyphy/ptII/ptolemy/domains/modal/test/auto/CannotAnalysisWithPreemption2.xml (RunModel)" time="0.037" />
  <testcase classname="ptolemy.util.test.junit.AutoTests" name="[13] /home/travis/build/icyphy/ptII/ptolemy/domains/modal/test/auto/CannotAnalysisWithPreemption3.xml (RunModel)" time="0.036" />
  <testcase classname="ptolemy.util.test.junit.AutoTests" name="[14] /home/travis/build/icyphy/ptII/ptolemy/domains/modal/test/auto/CannotProduce.xml (RunModel)" time="0.039" />
  <testcase classname="ptolemy.util.test.junit.AutoTests" name="[15] /home/travis/build/icyphy/ptII/ptolemy/domains/modal/test/auto/CannotProduceModal.xml (RunModel)" time="0.021" />
  <testcase classname="ptolemy.util.test.junit.AutoTests" name="[16] /home/travis/build/icyphy/ptII/ptolemy/domains/modal/test/auto/Case.xml (RunModel)" time="0.083" />
  <testcase classname="ptolemy.util.test.junit.AutoTests" name="[17] /home/travis/build/icyphy/ptII/ptolemy/domains/modal/test/auto/Case1.xml (RunModel)" time="0.04" />
  <testcase classname="ptolemy.util.test.junit.AutoTests" name="[18] /home/travis/build/icyphy/ptII/ptolemy/domains/modal/test/auto/Case2.xml (RunModel)" time="0.05" />
  <testcase classname="ptolemy.util.test.junit.AutoTests" name="[19] /home/travis/build/icyphy/ptII/ptolemy/domains/modal/test/auto/CausalityInterface1.xml (RunModel)" time="0.03" />
  <testcase classname="ptolemy.util.test.junit.AutoTests" name="[20] /home/travis/build/icyphy/ptII/ptolemy/domains/modal/test/auto/CausalityInterface10.xml (RunModel)" time="0.055" />
  <testcase classname="ptolemy.util.test.junit.AutoTests" name="[21] /home/travis/build/icyphy/ptII/ptolemy/domains/modal/test/auto/CausalityInterface11.xml (RunModel)" time="0.051" />
  <testcase classname="ptolemy.util.test.junit.AutoTests" name="[22] /home/travis/build/icyphy/ptII/ptolemy/domains/modal/test/auto/CausalityInterface12.xml (RunModel)" time="0.048" />
  <testcase classname="ptolemy.util.test.junit.AutoTests" name="[23] /home/travis/build/icyphy/ptII/ptolemy/domains/modal/test/auto/CausalityInterface13.xml (RunModel)" time="0.071" />
  <testcase classname="ptolemy.util.test.junit.AutoTests" name="[24] /home/travis/build/icyphy/ptII/ptolemy/domains/modal/test/auto/CausalityInterface14.xml (RunModel)" time="0.049" />
  <testcase classname="ptolemy.util.test.junit.AutoTests" name="[25] /home/travis/build/icyphy/ptII/ptolemy/domains/modal/test/auto/CausalityInterface2.xml (RunModel)" time="0.03" />
  <testcase classname="ptolemy.util.test.junit.AutoTests" name="[26] /home/travis/build/icyphy/ptII/ptolemy/domains/modal/test/auto/CausalityInterface3.xml (RunModel)" time="0.022" />
  <testcase classname="ptolemy.util.test.junit.AutoTests" name="[27] /home/travis/build/icyphy/ptII/ptolemy/domains/modal/test/auto/CausalityInterface4.xml (RunModel)" time="0.033" />
  <testcase classname="ptolemy.util.test.junit.AutoTests" name="[28] /home/travis/build/icyphy/ptII/ptolemy/domains/modal/test/auto/CausalityInterface5.xml (RunModel)" time="0.048" />
  <testcase classname="ptolemy.util.test.junit.AutoTests" name="[29] /home/travis/build/icyphy/ptII/ptolemy/domains/modal/test/auto/CausalityInterface6.xml (RunModel)" time="0.033" />
  <testcase classname="ptolemy.util.test.junit.AutoTests" name="[30] /home/travis/build/icyphy/ptII/ptolemy/domains/modal/test/auto/CausalityInterface7.xml (RunModel)" time="0.04" />
  <testcase classname="ptolemy.util.test.junit.AutoTests" name="[31] /home/travis/build/icyphy/ptII/ptolemy/domains/modal/test/auto/CausalityInterface8.xml (RunModel)" time="0.024" />
  <testcase classname="ptolemy.util.test.junit.AutoTests" name="[32] /home/travis/build/icyphy/ptII/ptolemy/domains/modal/test/auto/CausalityInterface9.xml (RunModel)" time="0.043" />
  <testcase classname="ptolemy.util.test.junit.AutoTests" name="[33] /home/travis/build/icyphy/ptII/ptolemy/domains/modal/test/auto/ChainedTransitions.xml (RunModel)" time="0.169" />
  <testcase classname="ptolemy.util.test.junit.AutoTests" name="[34] /home/travis/build/icyphy/ptII/ptolemy/domains/modal/test/auto/CycleOfImmediateTransitionsFSM.xml (RunModel)" time="0.023" />
  <testcase classname="ptolemy.util.test.junit.AutoTests" name="[35] /home/travis/build/icyphy/ptII/ptolemy/domains/modal/test/auto/CycleOfImmediateTransitionsModal.xml (RunModel)" time="0.021" />
  <testcase classname="ptolemy.util.test.junit.AutoTests" name="[36] /home/travis/build/icyphy/ptII/ptolemy/domains/modal/test/auto/CycleOfImmediateTransitionsModal2.xml (RunModel)" time="0.034" />
  <testcase classname="ptolemy.util.test.junit.AutoTests" name="[37] /home/travis/build/icyphy/ptII/ptolemy/domains/modal/test/auto/CycleOfImmediateTransitionsModal3.xml (RunModel)" time="0.084" />
  <testcase classname="ptolemy.util.test.junit.AutoTests" name="[38] /home/travis/build/icyphy/ptII/ptolemy/domains/modal/test/auto/DeepModal1.xml (RunModel)" time="0.056" />
  <testcase classname="ptolemy.util.test.junit.AutoTests" name="[39] /home/travis/build/icyphy/ptII/ptolemy/domains/modal/test/auto/DeepModal2.xml (RunModel)" time="0.062" />
  <testcase classname="ptolemy.util.test.junit.AutoTests" name="[40] /home/travis/build/icyphy/ptII/ptolemy/domains/modal/test/auto/DeepModal3.xml (RunModel)" time="0.083" />
  <testcase classname="ptolemy.util.test.junit.AutoTests" name="[41] /home/travis/build/icyphy/ptII/ptolemy/domains/modal/test/auto/DeepModal4.xml (RunModel)" time="0.069" />
  <testcase classname="ptolemy.util.test.junit.AutoTests" name="[42] /home/travis/build/icyphy/ptII/ptolemy/domains/modal/test/auto/Default1.xml (RunModel)" time="0.021" />
  <testcase classname="ptolemy.util.test.junit.AutoTests" name="[43] /home/travis/build/icyphy/ptII/ptolemy/domains/modal/test/auto/Default2.xml (RunModel)" time="0.022" />
  <testcase classname="ptolemy.util.test.junit.AutoTests" name="[44] /home/travis/build/icyphy/ptII/ptolemy/domains/modal/test/auto/Default3.xml (RunModel)" time="0.014" />
  <testcase classname="ptolemy.util.test.junit.AutoTests" name="[45] /home/travis/build/icyphy/ptII/ptolemy/domains/modal/test/auto/Default4.xml (RunModel)" time="0.019" />
  <testcase classname="ptolemy.util.test.junit.AutoTests" name="[46] /home/travis/build/icyphy/ptII/ptolemy/domains/modal/test/auto/Default5.xml (RunModel)" time="0.028" />
  <testcase classname="ptolemy.util.test.junit.AutoTests" name="[47] /home/travis/build/icyphy/ptII/ptolemy/domains/modal/test/auto/EmptyGuard.xml (RunModel)" time="0.033" />
  <testcase classname="ptolemy.util.test.junit.AutoTests" name="[48] /home/travis/build/icyphy/ptII/ptolemy/domains/modal/test/auto/ErrorTransition1.xml (RunModel)" time="0.045" />
  <testcase classname="ptolemy.util.test.junit.AutoTests" name="[49] /home/travis/build/icyphy/ptII/ptolemy/domains/modal/test/auto/ErrorTransition10.xml (RunModel)" time="0.039" />
  <testcase classname="ptolemy.util.test.junit.AutoTests" name="[50] /home/travis/build/icyphy/ptII/ptolemy/domains/modal/test/auto/ErrorTransition11.xml (RunModel)" time="0.03" />
  <testcase classname="ptolemy.util.test.junit.AutoTests" name="[51] /home/travis/build/icyphy/ptII/ptolemy/domains/modal/test/auto/ErrorTransition2.xml (RunModel)" time="0.025" />
  <testcase classname="ptolemy.util.test.junit.AutoTests" name="[52] /home/travis/build/icyphy/ptII/ptolemy/domains/modal/test/auto/ErrorTransition3.xml (RunModel)" time="0.031" />
  <testcase classname="ptolemy.util.test.junit.AutoTests" name="[53] /home/travis/build/icyphy/ptII/ptolemy/domains/modal/test/auto/ErrorTransition4.xml (RunModel)" time="0.036" />
  <testcase classname="ptolemy.util.test.junit.AutoTests" name="[54] /home/travis/build/icyphy/ptII/ptolemy/domains/modal/test/auto/ErrorTransition5.xml (RunModel)" time="0.027" />
  <testcase classname="ptolemy.util.test.junit.AutoTests" name="[55] /home/travis/build/icyphy/ptII/ptolemy/domains/modal/test/auto/ErrorTransition6.xml (RunModel)" time="0.035" />
  <testcase classname="ptolemy.util.test.junit.AutoTests" name="[56] /home/travis/build/icyphy/ptII/ptolemy/domains/modal/test/auto/ErrorTransition7.xml (RunModel)" time="0.045" />
  <testcase classname="ptolemy.util.test.junit.AutoTests" name="[57] /home/travis/build/icyphy/ptII/ptolemy/domains/modal/test/auto/ErrorTransition8.xml (RunModel)" time="0.057" />
  <testcase classname="ptolemy.util.test.junit.AutoTests" name="[58] /home/travis/build/icyphy/ptII/ptolemy/domains/modal/test/auto/ErrorTransition9.xml (RunModel)" time="0.059" />
  <testcase classname="ptolemy.util.test.junit.AutoTests" name="[59] /home/travis/build/icyphy/ptII/ptolemy/domains/modal/test/auto/ExtendedFSM.xml (RunModel)" time="0.03" />
  <testcase classname="ptolemy.util.test.junit.AutoTests" name="[60] /home/travis/build/icyphy/ptII/ptolemy/domains/modal/test/auto/FinalStates.xml (RunModel)" time="0.026" />
  <testcase classname="ptolemy.util.test.junit.AutoTests" name="[61] /home/travis/build/icyphy/ptII/ptolemy/domains/modal/test/auto/FixedPointFSM.xml (RunModel)" time="0.054" />
  <testcase classname="ptolemy.util.test.junit.AutoTests" name="[62] /home/travis/build/icyphy/ptII/ptolemy/domains/modal/test/auto/FixedPointIterationFSMActor.xml (RunModel)" time="0.031" />
  <testcase classname="ptolemy.util.test.junit.AutoTests" name="[63] /home/travis/build/icyphy/ptII/ptolemy/domains/modal/test/auto/FixedPointIterationFSMActor2.xml (RunModel)" time="0.034" />
  <testcase classname="ptolemy.util.test.junit.AutoTests" name="[64] /home/travis/build/icyphy/ptII/ptolemy/domains/modal/test/auto/ForbiddenInstantanousLoop.xml (RunModel)" time="0.037" />
  <testcase classname="ptolemy.util.test.junit.AutoTests" name="[65] /home/travis/build/icyphy/ptII/ptolemy/domains/modal/test/auto/FunctionDependencyOfFSMActorTest.xml (RunModel)" time="0.032" />
  <testcase classname="ptolemy.util.test.junit.AutoTests" name="[66] /home/travis/build/icyphy/ptII/ptolemy/domains/modal/test/auto/GuardExpression.xml (RunModel)" time="0.016" />
  <testcase classname="ptolemy.util.test.junit.AutoTests" name="[67] /home/travis/build/icyphy/ptII/ptolemy/domains/modal/test/auto/GuardNotEvaluated.xml (RunModel)" time="0.034" />
  <testcase classname="ptolemy.util.test.junit.AutoTests" name="[68] /home/travis/build/icyphy/ptII/ptolemy/domains/modal/test/auto/GuardNotEvaluated2.xml (RunModel)" time="0.028" />
  <testcase classname="ptolemy.util.test.junit.AutoTests" name="[69] /home/travis/build/icyphy/ptII/ptolemy/domains/modal/test/auto/GuardOnAbsent.xml (RunModel)" time="0.026" />
  <testcase classname="ptolemy.util.test.junit.AutoTests" name="[70] /home/travis/build/icyphy/ptII/ptolemy/domains/modal/test/auto/HierarchicalFSMTypeInference.xml (RunModel)" time="0.033" />
  <testcase classname="ptolemy.util.test.junit.AutoTests" name="[71] /home/travis/build/icyphy/ptII/ptolemy/domains/modal/test/auto/Hysteresis.xml (RunModel)" time="0.045" />
  <testcase classname="ptolemy.util.test.junit.AutoTests" name="[72] /home/travis/build/icyphy/ptII/ptolemy/domains/modal/test/auto/HysteresisWithDefault.xml (RunModel)" time="0.088" />
  <testcase classname="ptolemy.util.test.junit.AutoTests" name="[73] /home/travis/build/icyphy/ptII/ptolemy/domains/modal/test/auto/HysteresisWithDefault2.xml (RunModel)" time="0.078" />
  <testcase classname="ptolemy.util.test.junit.AutoTests" name="[74] /home/travis/build/icyphy/ptII/ptolemy/domains/modal/test/auto/ImmediateNonConstructiveness.xml (RunModel)" time="0.019" />
  <testcase classname="ptolemy.util.test.junit.AutoTests" name="[75] /home/travis/build/icyphy/ptII/ptolemy/domains/modal/test/auto/ImmediateNonConstructiveness2.xml (RunModel)" time="0.016" />
  <testcase classname="ptolemy.util.test.junit.AutoTests" name="[76] /home/travis/build/icyphy/ptII/ptolemy/domains/modal/test/auto/ImmediateTransitionReset.xml (RunModel)" time="0.039" />
  <testcase classname="ptolemy.util.test.junit.AutoTests" name="[77] /home/travis/build/icyphy/ptII/ptolemy/domains/modal/test/auto/ImmediateTransitions1.xml (RunModel)" time="0.012" />
  <testcase classname="ptolemy.util.test.junit.AutoTests" name="[78] /home/travis/build/icyphy/ptII/ptolemy/domains/modal/test/auto/ImmediateTransitionsInstantaneousCommunication.xml (RunModel)" time="0.029" />
  <testcase classname="ptolemy.util.test.junit.AutoTests" name="[79] /home/travis/build/icyphy/ptII/ptolemy/domains/modal/test/auto/InitialImmediateTransition.xml (RunModel)" time="0.016" />
  <testcase classname="ptolemy.util.test.junit.AutoTests" name="[80] /home/travis/build/icyphy/ptII/ptolemy/domains/modal/test/auto/InitialOutputs.xml (RunModel)" time="0.017" />
  <testcase classname="ptolemy.util.test.junit.AutoTests" name="[81] /home/travis/build/icyphy/ptII/ptolemy/domains/modal/test/auto/InitialStateTransition1.xml (RunModel)" time="0.018" />
  <testcase classname="ptolemy.util.test.junit.AutoTests" name="[82] /home/travis/build/icyphy/ptII/ptolemy/domains/modal/test/auto/InitialStateTransition2.xml (RunModel)" time="0.023" />
  <testcase classname="ptolemy.util.test.junit.AutoTests" name="[83] /home/travis/build/icyphy/ptII/ptolemy/domains/modal/test/auto/InitialStateTransition3.xml (RunModel)" time="0.019" />
  <testcase classname="ptolemy.util.test.junit.AutoTests" name="[84] /home/travis/build/icyphy/ptII/ptolemy/domains/modal/test/auto/InitialStateTransition4.xml (RunModel)" time="0.023" />
  <testcase classname="ptolemy.util.test.junit.AutoTests" name="[85] /home/travis/build/icyphy/ptII/ptolemy/domains/modal/test/auto/MalformedGuardExpressionNotCaught.xml (RunModel)" time="0.024" />
  <testcase classname="ptolemy.util.test.junit.AutoTests" name="[86] /home/travis/build/icyphy/ptII/ptolemy/domains/modal/test/auto/ModalBSC.xml (RunModel)" time="0.095" />
  <testcase classname="ptolemy.util.test.junit.AutoTests" name="[87] /home/travis/build/icyphy/ptII/ptolemy/domains/modal/test/auto/ModalClocks.xml (RunModel)" time="0.07" />
  <testcase classname="ptolemy.util.test.junit.AutoTests" name="[88] /home/travis/build/icyphy/ptII/ptolemy/domains/modal/test/auto/ModalDelay.xml (RunModel)" time="0.041" />
  <testcase classname="ptolemy.util.test.junit.AutoTests" name="[89] /home/travis/build/icyphy/ptII/ptolemy/domains/modal/test/auto/ModalDelay2.xml (RunModel)" time="0.045" />
  <testcase classname="ptolemy.util.test.junit.AutoTests" name="[90] /home/travis/build/icyphy/ptII/ptolemy/domains/modal/test/auto/ModalModelFromMemo.xml (RunModel)" time="0.062" />
  <testcase classname="ptolemy.util.test.junit.AutoTests" name="[91] /home/travis/build/icyphy/ptII/ptolemy/domains/modal/test/auto/ModalModelWithMultirateTransient.xml (RunModel)" time="0.052" />
  <testcase classname="ptolemy.util.test.junit.AutoTests" name="[92] /home/travis/build/icyphy/ptII/ptolemy/domains/modal/test/auto/ModalModelWithReset.xml (RunModel)" time="0.046" />
  <testcase classname="ptolemy.util.test.junit.AutoTests" name="[93] /home/travis/build/icyphy/ptII/ptolemy/domains/modal/test/auto/MouseClickFSM.xml (RunModel)" time="0.062" />
  <testcase classname="ptolemy.util.test.junit.AutoTests" name="[94] /home/travis/build/icyphy/ptII/ptolemy/domains/modal/test/auto/MouseClickFSMModal.xml (RunModel)" time="0.029" />
  <testcase classname="ptolemy.util.test.junit.AutoTests" name="[95] /home/travis/build/icyphy/ptII/ptolemy/domains/modal/test/auto/NonStrictFSM_FeedbackLoop.xml (RunModel)" time="0.038" />
  <testcase classname="ptolemy.util.test.junit.AutoTests" name="[96] /home/travis/build/icyphy/ptII/ptolemy/domains/modal/test/auto/NonStrictFSM_FeedbackLoop_Refinement.xml (RunModel)" time="0.078" />
  <testcase classname="ptolemy.util.test.junit.AutoTests" name="[97] /home/travis/build/icyphy/ptII/ptolemy/domains/modal/test/auto/NonStrictFSM_FeedbackLoop_preemptive.xml (RunModel)" time="0.049" />
  <testcase classname="ptolemy.util.test.junit.AutoTests" name="[98] /home/travis/build/icyphy/ptII/ptolemy/domains/modal/test/auto/NormalTermination.xml (RunModel)" time="0.047" />
  <testcase classname="ptolemy.util.test.junit.AutoTests" name="[99] /home/travis/build/icyphy/ptII/ptolemy/domains/modal/test/auto/Pong.xml (RunModel)" time="0.078" />
  <testcase classname="ptolemy.util.test.junit.AutoTests" name="[100] /home/travis/build/icyphy/ptII/ptolemy/domains/modal/test/auto/Pong_test.xml (RunModel)" time="0.112" />
  <testcase classname="ptolemy.util.test.junit.AutoTests" name="[101] /home/travis/build/icyphy/ptII/ptolemy/domains/modal/test/auto/PreemptionHierarchy.xml (RunModel)" time="0.044" />
  <testcase classname="ptolemy.util.test.junit.AutoTests" name="[102] /home/travis/build/icyphy/ptII/ptolemy/domains/modal/test/auto/PreemptionHierarchy2.xml (RunModel)" time="0.041" />
  <testcase classname="ptolemy.util.test.junit.AutoTests" name="[103] /home/travis/build/icyphy/ptII/ptolemy/domains/modal/test/auto/PreemptiveTransition.xml (RunModel)" time="0.023" />
  <testcase classname="ptolemy.util.test.junit.AutoTests" name="[104] /home/travis/build/icyphy/ptII/ptolemy/domains/modal/test/auto/Priorities.xml (RunModel)" time="0.088" />
  <testcase classname="ptolemy.util.test.junit.AutoTests" name="[105] /home/travis/build/icyphy/ptII/ptolemy/domains/modal/test/auto/ResetFinal.xml (RunModel)" time="0.041" />
  <testcase classname="ptolemy.util.test.junit.AutoTests" name="[106] /home/travis/build/icyphy/ptII/ptolemy/domains/modal/test/auto/ResetFinal2.xml (RunModel)" time="0.026" />
  <testcase classname="ptolemy.util.test.junit.AutoTests" name="[107] /home/travis/build/icyphy/ptII/ptolemy/domains/modal/test/auto/ResetTransitionWithStartTime.xml (RunModel)" time="0.029" />
  <testcase classname="ptolemy.util.test.junit.AutoTests" name="[108] /home/travis/build/icyphy/ptII/ptolemy/domains/modal/test/auto/SDF-FSMComposite.xml (RunModel)" time="0.03" />
  <testcase classname="ptolemy.util.test.junit.AutoTests" name="[109] /home/travis/build/icyphy/ptII/ptolemy/domains/modal/test/auto/SeeminglyNondeterminate.xml (RunModel)" time="0.071" />
  <testcase classname="ptolemy.util.test.junit.AutoTests" name="[110] /home/travis/build/icyphy/ptII/ptolemy/domains/modal/test/auto/SeeminglyNondeterminate2.xml (RunModel)" time="0.087" />
  <testcase classname="ptolemy.util.test.junit.AutoTests" name="[111] /home/travis/build/icyphy/ptII/ptolemy/domains/modal/test/auto/SpontaneousFSM.xml (RunModel)" time="0.036" />
  <testcase classname="ptolemy.util.test.junit.AutoTests" name="[112] /home/travis/build/icyphy/ptII/ptolemy/domains/modal/test/auto/SpontaneousFSM2.xml (RunModel)" time="0.025" />
  <testcase classname="ptolemy.util.test.junit.AutoTests" name="[113] /home/travis/build/icyphy/ptII/ptolemy/domains/modal/test/auto/SpontaneousFSM3.xml (RunModel)" time="0.041" />
  <testcase classname="ptolemy.util.test.junit.AutoTests" name="[114] /home/travis/build/icyphy/ptII/ptolemy/domains/modal/test/auto/SpontaneousFSM4.xml (RunModel)" time="0.042" />
  <testcase classname="ptolemy.util.test.junit.AutoTests" name="[115] /home/travis/build/icyphy/ptII/ptolemy/domains/modal/test/auto/StateTrackerTest.xml (RunModel)" time="0.061" />
  <testcase classname="ptolemy.util.test.junit.AutoTests" name="[116] /home/travis/build/icyphy/ptII/ptolemy/domains/modal/test/auto/StrongImmediateTransition.xml (RunModel)" time="0.019" />
  <testcase classname="ptolemy.util.test.junit.AutoTests" name="[117] /home/travis/build/icyphy/ptII/ptolemy/domains/modal/test/auto/SustainHierarchy.xml (RunModel)" time="0.026" />
  <testcase classname="ptolemy.util.test.junit.AutoTests" name="[118] /home/travis/build/icyphy/ptII/ptolemy/domains/modal/test/auto/TerminationTransition1.xml (RunModel)" time="0.017" />
  <testcase classname="ptolemy.util.test.junit.AutoTests" name="[119] /home/travis/build/icyphy/ptII/ptolemy/domains/modal/test/auto/TerminationTransition2.xml (RunModel)" time="0.024" />
  <testcase classname="ptolemy.util.test.junit.AutoTests" name="[120] /home/travis/build/icyphy/ptII/ptolemy/domains/modal/test/auto/TerminationTransition3.xml (RunModel)" time="0.019" />
  <testcase classname="ptolemy.util.test.junit.AutoTests" name="[121] /home/travis/build/icyphy/ptII/ptolemy/domains/modal/test/auto/TerminationTransition4.xml (RunModel)" time="0.03" />
  <testcase classname="ptolemy.util.test.junit.AutoTests" name="[122] /home/travis/build/icyphy/ptII/ptolemy/domains/modal/test/auto/TerminationTransition5.xml (RunModel)" time="0.028" />
  <testcase classname="ptolemy.util.test.junit.AutoTests" name="[123] /home/travis/build/icyphy/ptII/ptolemy/domains/modal/test/auto/TerminationTransition6.xml (RunModel)" time="0.019" />
  <testcase classname="ptolemy.util.test.junit.AutoTests" name="[124] /home/travis/build/icyphy/ptII/ptolemy/domains/modal/test/auto/TerminationTransition7.xml (RunModel)" time="0.02" />
  <testcase classname="ptolemy.util.test.junit.AutoTests" name="[125] /home/travis/build/icyphy/ptII/ptolemy/domains/modal/test/auto/TerminationTransition8.xml (RunModel)" time="0.037" />
  <testcase classname="ptolemy.util.test.junit.AutoTests" name="[126] /home/travis/build/icyphy/ptII/ptolemy/domains/modal/test/auto/Thermostat_NoHysteresis.xml (RunModel)" time="0.052" />
  <testcase classname="ptolemy.util.test.junit.AutoTests" name="[127] /home/travis/build/icyphy/ptII/ptolemy/domains/modal/test/auto/TimedFSM.xml (RunModel)" time="0.028" />
  <testcase classname="ptolemy.util.test.junit.AutoTests" name="[128] /home/travis/build/icyphy/ptII/ptolemy/domains/modal/test/auto/Timeout1.xml (RunModel)" time="0.013" />
  <testcase classname="ptolemy.util.test.junit.AutoTests" name="[129] /home/travis/build/icyphy/ptII/ptolemy/domains/modal/test/auto/Timeout2.xml (RunModel)" time="0.019" />
  <testcase classname="ptolemy.util.test.junit.AutoTests" name="[130] /home/travis/build/icyphy/ptII/ptolemy/domains/modal/test/auto/Timeout3.xml (RunModel)" time="0.011" />
  <testcase classname="ptolemy.util.test.junit.AutoTests" name="[131] /home/travis/build/icyphy/ptII/ptolemy/domains/modal/test/auto/Timeout4.xml (RunModel)" time="0.012" />
  <testcase classname="ptolemy.util.test.junit.AutoTests" name="[132] /home/travis/build/icyphy/ptII/ptolemy/domains/modal/test/auto/TransientstateModelAdvanced.xml (RunModel)" time="0.03" />
  <testcase classname="ptolemy.util.test.junit.AutoTests" name="[133] /home/travis/build/icyphy/ptII/ptolemy/domains/modal/test/auto/TransientstateModelAdvanced2.xml (RunModel)" time="0.03" />
  <testcase classname="ptolemy.util.test.junit.AutoTests" name="[134] /home/travis/build/icyphy/ptII/ptolemy/domains/modal/test/auto/TransitionRefinements.xml (RunModel)" time="0.022" />
  <testcase classname="ptolemy.util.test.junit.AutoTests" name="[135] /home/travis/build/icyphy/ptII/ptolemy/domains/modal/test/auto/TwoRefinements1.xml (RunModel)" time="0.022" />
  <testcase classname="ptolemy.util.test.junit.AutoTests" name="[136] /home/travis/build/icyphy/ptII/ptolemy/domains/modal/test/auto/TwoRefinements2.xml (RunModel)" time="0.022" />
  <testcase classname="ptolemy.util.test.junit.AutoTests" name="[137] /home/travis/build/icyphy/ptII/ptolemy/domains/modal/test/auto/WeakImmediateTransition.xml (RunModel)" time="0.023" />
  <testcase classname="ptolemy.util.test.junit.AutoTests" name="[138] /home/travis/build/icyphy/ptII/ptolemy/domains/modal/test/auto/booleanSelect.xml (RunModel)" time="0.066" />
  <testcase classname="ptolemy.util.test.junit.AutoTests" name="[139] /home/travis/build/icyphy/ptII/ptolemy/domains/modal/test/auto/modalChangingParams.xml (RunModel)" time="0.301" />
  <testcase classname="ptolemy.util.test.junit.AutoTests" name="[140] /home/travis/build/icyphy/ptII/ptolemy/domains/modal/test/auto/modalModel.xml (RunModel)" time="0.019" />
  <testcase classname="ptolemy.util.test.junit.AutoTests" name="[141] /home/travis/build/icyphy/ptII/ptolemy/domains/modal/test/auto/modalModel2.xml (RunModel)" time="0.036" />
  <testcase classname="ptolemy.util.test.junit.AutoTests" name="[142] /home/travis/build/icyphy/ptII/ptolemy/domains/modal/test/auto/modalModel3.xml (RunModel)" time="0.051" />
  <testcase classname="ptolemy.util.test.junit.AutoTests" name="[143] /home/travis/build/icyphy/ptII/ptolemy/domains/modal/test/auto/model1.xml (RunModel)" time="0.03" />
  <testcase classname="ptolemy.util.test.junit.AutoTests" name="[144] /home/travis/build/icyphy/ptII/ptolemy/domains/modal/test/auto/test-direct-in-out.xml (RunModel)" time="0.032" />
  <system-out><![CDATA[/home/travis/build/icyphy/ptII/ptolemy/domains/modal/test/SystemLevelType.tcl
testDefs.tcl: setting time out to 9000 seconds at Sun Apr 19 14:01:30 UTC 2020
04/19/20 02:01:32
Failed: 0  Total Tests: 1  ((Passed: 1, Newly Passed: 0)  Known Failed: 0) /home/travis/build/icyphy/ptII/ptolemy/domains/modal/test
----------------- testing (KnownFailure) /home/travis/build/icyphy/ptII/ptolemy/domains/modal/test/auto/knownFailedTests/CannotAnalysisWithPreemption.xml
167 ms. Memory: 129024K Free: 85532K (66%)
Known Failure: java.lang.reflect.InvocationTargetException
No auto/linux-amd64/*.xml tests in /home/travis/build/icyphy/ptII/ptolemy/domains/modal/test
AutoTests.java: About to close Vertx.
AutoTests.java: Vertx closed.

===========================================================================================
----------------- testing Sun Apr 19 14:01:33 UTC 2020 /home/travis/build/icyphy/ptII/ptolemy/domains/modal/test/auto/ABPTest.xml
----------------- Instantiating /home/travis/build/icyphy/ptII/ptolemy/domains/modal/test/auto/ABPTest.xml
422 ms. Memory: 163840K Free: 123652K (75%)
----------------- Invoking toplevel() on ptolemy.moml.MoMLSimpleApplication@5e0c2ff4
----------------- Done invoking toplevel() on ptolemy.moml.MoMLSimpleApplication@5e0c2ff4
reloadAllAccessors: .ABPTest

===========================================================================================
----------------- testing Sun Apr 19 14:01:33 UTC 2020 /home/travis/build/icyphy/ptII/ptolemy/domains/modal/test/auto/ABROFlat.xml
----------------- Instantiating /home/travis/build/icyphy/ptII/ptolemy/domains/modal/test/auto/ABROFlat.xml
24 ms. Memory: 163840K Free: 107728K (66%)
----------------- Invoking toplevel() on ptolemy.moml.MoMLSimpleApplication@2815ab8c
----------------- Done invoking toplevel() on ptolemy.moml.MoMLSimpleApplication@2815ab8c
reloadAllAccessors: .ABROFlat

===========================================================================================
----------------- testing Sun Apr 19 14:01:34 UTC 2020 /home/travis/build/icyphy/ptII/ptolemy/domains/modal/test/auto/ABROFlat2.xml
----------------- Instantiating /home/travis/build/icyphy/ptII/ptolemy/domains/modal/test/auto/ABROFlat2.xml
21 ms. Memory: 163840K Free: 91360K (56%)
----------------- Invoking toplevel() on ptolemy.moml.MoMLSimpleApplication@9b86d4b
----------------- Done invoking toplevel() on ptolemy.moml.MoMLSimpleApplication@9b86d4b
reloadAllAccessors: .ABROFlat2

===========================================================================================
----------------- testing Sun Apr 19 14:01:34 UTC 2020 /home/travis/build/icyphy/ptII/ptolemy/domains/modal/test/auto/ABRO_present_hmm.xml
----------------- Instantiating /home/travis/build/icyphy/ptII/ptolemy/domains/modal/test/auto/ABRO_present_hmm.xml
33 ms. Memory: 163840K Free: 64736K (40%)
----------------- Invoking toplevel() on ptolemy.moml.MoMLSimpleApplication@136c8f38
----------------- Done invoking toplevel() on ptolemy.moml.MoMLSimpleApplication@136c8f38
reloadAllAccessors: .ABRO_present_hmm

===========================================================================================
----------------- testing Sun Apr 19 14:01:34 UTC 2020 /home/travis/build/icyphy/ptII/ptolemy/domains/modal/test/auto/AMICoderExample.xml
----------------- Instantiating /home/travis/build/icyphy/ptII/ptolemy/domains/modal/test/auto/AMICoderExample.xml
64 ms. Memory: 163840K Free: 144223K (88%)
----------------- Invoking toplevel() on ptolemy.moml.MoMLSimpleApplication@3d75b79
----------------- Done invoking toplevel() on ptolemy.moml.MoMLSimpleApplication@3d75b79
reloadAllAccessors: .AMICoderExample

===========================================================================================
----------------- testing Sun Apr 19 14:01:34 UTC 2020 /home/travis/build/icyphy/ptII/ptolemy/domains/modal/test/auto/AbsentToPresent.xml
----------------- Instantiating /home/travis/build/icyphy/ptII/ptolemy/domains/modal/test/auto/AbsentToPresent.xml
7 ms. Memory: 163840K Free: 138933K (85%)
----------------- Invoking toplevel() on ptolemy.moml.MoMLSimpleApplication@185cc8e4
----------------- Done invoking toplevel() on ptolemy.moml.MoMLSimpleApplication@185cc8e4
reloadAllAccessors: .AbsentToPresent

===========================================================================================
----------------- testing Sun Apr 19 14:01:34 UTC 2020 /home/travis/build/icyphy/ptII/ptolemy/domains/modal/test/auto/Blending.xml
----------------- Instantiating /home/travis/build/icyphy/ptII/ptolemy/domains/modal/test/auto/Blending.xml
180 ms. Memory: 163840K Free: 94901K (58%)
----------------- Invoking toplevel() on ptolemy.moml.MoMLSimpleApplication@2370f624
----------------- Done invoking toplevel() on ptolemy.moml.MoMLSimpleApplication@2370f624
reloadAllAccessors: .Blending

===========================================================================================
----------------- testing Sun Apr 19 14:01:34 UTC 2020 /home/travis/build/icyphy/ptII/ptolemy/domains/modal/test/auto/Broadcast.xml
----------------- Instantiating /home/travis/build/icyphy/ptII/ptolemy/domains/modal/test/auto/Broadcast.xml
7 ms. Memory: 163840K Free: 84661K (52%)
----------------- Invoking toplevel() on ptolemy.moml.MoMLSimpleApplication@3e655229
----------------- Done invoking toplevel() on ptolemy.moml.MoMLSimpleApplication@3e655229
reloadAllAccessors: .Broadcast

===========================================================================================
----------------- testing Sun Apr 19 14:01:34 UTC 2020 /home/travis/build/icyphy/ptII/ptolemy/domains/modal/test/auto/BroadcastHierarchy.xml
----------------- Instantiating /home/travis/build/icyphy/ptII/ptolemy/domains/modal/test/auto/BroadcastHierarchy.xml
15 ms. Memory: 163840K Free: 70880K (43%)
----------------- Invoking toplevel() on ptolemy.moml.MoMLSimpleApplication@592e064e
----------------- Done invoking toplevel() on ptolemy.moml.MoMLSimpleApplication@592e064e
reloadAllAccessors: .BroadcastHierarchy

===========================================================================================
----------------- testing Sun Apr 19 14:01:34 UTC 2020 /home/travis/build/icyphy/ptII/ptolemy/domains/modal/test/auto/BroadcastHierarchy2.xml
----------------- Instantiating /home/travis/build/icyphy/ptII/ptolemy/domains/modal/test/auto/BroadcastHierarchy2.xml
27 ms. Memory: 163840K Free: 135818K (83%)
----------------- Invoking toplevel() on ptolemy.moml.MoMLSimpleApplication@2bb374a5
----------------- Done invoking toplevel() on ptolemy.moml.MoMLSimpleApplication@2bb374a5
reloadAllAccessors: .BroadcastHierarchy2

===========================================================================================
----------------- testing Sun Apr 19 14:01:34 UTC 2020 /home/travis/build/icyphy/ptII/ptolemy/domains/modal/test/auto/BroadcastHierarchy3.xml
----------------- Instantiating /home/travis/build/icyphy/ptII/ptolemy/domains/modal/test/auto/BroadcastHierarchy3.xml
18 ms. Memory: 163840K Free: 115352K (70%)
----------------- Invoking toplevel() on ptolemy.moml.MoMLSimpleApplication@5fdb669a
----------------- Done invoking toplevel() on ptolemy.moml.MoMLSimpleApplication@5fdb669a
reloadAllAccessors: .BroadcastHierarchy3

===========================================================================================
----------------- testing Sun Apr 19 14:01:34 UTC 2020 /home/travis/build/icyphy/ptII/ptolemy/domains/modal/test/auto/BroadcastHierarchy4.xml
----------------- Instantiating /home/travis/build/icyphy/ptII/ptolemy/domains/modal/test/auto/BroadcastHierarchy4.xml
20 ms. Memory: 163840K Free: 90770K (55%)
----------------- Invoking toplevel() on ptolemy.moml.MoMLSimpleApplication@1fc0c521
----------------- Done invoking toplevel() on ptolemy.moml.MoMLSimpleApplication@1fc0c521
reloadAllAccessors: .BroadcastHierarchy4

===========================================================================================
----------------- testing Sun Apr 19 14:01:35 UTC 2020 /home/travis/build/icyphy/ptII/ptolemy/domains/modal/test/auto/CannotAnalysisWithPreemption2.xml
----------------- Instantiating /home/travis/build/icyphy/ptII/ptolemy/domains/modal/test/auto/CannotAnalysisWithPreemption2.xml
4 ms. Memory: 163840K Free: 83594K (51%)
----------------- Invoking toplevel() on ptolemy.moml.MoMLSimpleApplication@5614676c
----------------- Done invoking toplevel() on ptolemy.moml.MoMLSimpleApplication@5614676c
reloadAllAccessors: .CannotAnalysisWithPreemption2

===========================================================================================
----------------- testing Sun Apr 19 14:01:35 UTC 2020 /home/travis/build/icyphy/ptII/ptolemy/domains/modal/test/auto/CannotAnalysisWithPreemption3.xml
----------------- Instantiating /home/travis/build/icyphy/ptII/ptolemy/domains/modal/test/auto/CannotAnalysisWithPreemption3.xml
3 ms. Memory: 163840K Free: 73338K (45%)
----------------- Invoking toplevel() on ptolemy.moml.MoMLSimpleApplication@5ac93d7a
----------------- Done invoking toplevel() on ptolemy.moml.MoMLSimpleApplication@5ac93d7a
reloadAllAccessors: .CannotAnalysisWithPreemption3

===========================================================================================
----------------- testing Sun Apr 19 14:01:35 UTC 2020 /home/travis/build/icyphy/ptII/ptolemy/domains/modal/test/auto/CannotProduce.xml
----------------- Instantiating /home/travis/build/icyphy/ptII/ptolemy/domains/modal/test/auto/CannotProduce.xml
14 ms. Memory: 163840K Free: 66714K (41%)
----------------- Invoking toplevel() on ptolemy.moml.MoMLSimpleApplication@2a504c8e
----------------- Done invoking toplevel() on ptolemy.moml.MoMLSimpleApplication@2a504c8e
reloadAllAccessors: .CannotProduce

===========================================================================================
----------------- testing Sun Apr 19 14:01:35 UTC 2020 /home/travis/build/icyphy/ptII/ptolemy/domains/modal/test/auto/CannotProduceModal.xml
----------------- Instantiating /home/travis/build/icyphy/ptII/ptolemy/domains/modal/test/auto/CannotProduceModal.xml
4 ms. Memory: 163840K Free: 59546K (36%)
----------------- Invoking toplevel() on ptolemy.moml.MoMLSimpleApplication@6303b55f
----------------- Done invoking toplevel() on ptolemy.moml.MoMLSimpleApplication@6303b55f
reloadAllAccessors: .CannotProduceModal

===========================================================================================
----------------- testing Sun Apr 19 14:01:35 UTC 2020 /home/travis/build/icyphy/ptII/ptolemy/domains/modal/test/auto/Case.xml
----------------- Instantiating /home/travis/build/icyphy/ptII/ptolemy/domains/modal/test/auto/Case.xml
31 ms. Memory: 200704K Free: 177816K (89%)
----------------- Invoking toplevel() on ptolemy.moml.MoMLSimpleApplication@464bd114
----------------- Done invoking toplevel() on ptolemy.moml.MoMLSimpleApplication@464bd114
reloadAllAccessors: .Case

===========================================================================================
----------------- testing Sun Apr 19 14:01:35 UTC 2020 /home/travis/build/icyphy/ptII/ptolemy/domains/modal/test/auto/Case1.xml
----------------- Instantiating /home/travis/build/icyphy/ptII/ptolemy/domains/modal/test/auto/Case1.xml
6 ms. Memory: 200704K Free: 170648K (85%)
----------------- Invoking toplevel() on ptolemy.moml.MoMLSimpleApplication@43bbd9a6
----------------- Done invoking toplevel() on ptolemy.moml.MoMLSimpleApplication@43bbd9a6
reloadAllAccessors: .Case1

===========================================================================================
----------------- testing Sun Apr 19 14:01:35 UTC 2020 /home/travis/build/icyphy/ptII/ptolemy/domains/modal/test/auto/Case2.xml
----------------- Instantiating /home/travis/build/icyphy/ptII/ptolemy/domains/modal/test/auto/Case2.xml
22 ms. Memory: 200704K Free: 159898K (80%)
----------------- Invoking toplevel() on ptolemy.moml.MoMLSimpleApplication@38ad56cf
----------------- Done invoking toplevel() on ptolemy.moml.MoMLSimpleApplication@38ad56cf
reloadAllAccessors: .Case2

===========================================================================================
----------------- testing Sun Apr 19 14:01:35 UTC 2020 /home/travis/build/icyphy/ptII/ptolemy/domains/modal/test/auto/CausalityInterface1.xml
----------------- Instantiating /home/travis/build/icyphy/ptII/ptolemy/domains/modal/test/auto/CausalityInterface1.xml
3 ms. Memory: 200704K Free: 154778K (77%)
----------------- Invoking toplevel() on ptolemy.moml.MoMLSimpleApplication@61950090
----------------- Done invoking toplevel() on ptolemy.moml.MoMLSimpleApplication@61950090
reloadAllAccessors: .CausalityInterface1

===========================================================================================
----------------- testing Sun Apr 19 14:01:35 UTC 2020 /home/travis/build/icyphy/ptII/ptolemy/domains/modal/test/auto/CausalityInterface10.xml
----------------- Instantiating /home/travis/build/icyphy/ptII/ptolemy/domains/modal/test/auto/CausalityInterface10.xml
8 ms. Memory: 200704K Free: 141466K (70%)
----------------- Invoking toplevel() on ptolemy.moml.MoMLSimpleApplication@7474015f
----------------- Done invoking toplevel() on ptolemy.moml.MoMLSimpleApplication@7474015f
reloadAllAccessors: .CausalityInterface10

===========================================================================================
----------------- testing Sun Apr 19 14:01:35 UTC 2020 /home/travis/build/icyphy/ptII/ptolemy/domains/modal/test/auto/CausalityInterface11.xml
----------------- Instantiating /home/travis/build/icyphy/ptII/ptolemy/domains/modal/test/auto/CausalityInterface11.xml
8 ms. Memory: 200704K Free: 128154K (64%)
----------------- Invoking toplevel() on ptolemy.moml.MoMLSimpleApplication@744e46e5
----------------- Done invoking toplevel() on ptolemy.moml.MoMLSimpleApplication@744e46e5
reloadAllAccessors: .CausalityInterface11

===========================================================================================
----------------- testing Sun Apr 19 14:01:35 UTC 2020 /home/travis/build/icyphy/ptII/ptolemy/domains/modal/test/auto/CausalityInterface12.xml
----------------- Instantiating /home/travis/build/icyphy/ptII/ptolemy/domains/modal/test/auto/CausalityInterface12.xml
7 ms. Memory: 200704K Free: 114842K (57%)
----------------- Invoking toplevel() on ptolemy.moml.MoMLSimpleApplication@36fcb68b
----------------- Done invoking toplevel() on ptolemy.moml.MoMLSimpleApplication@36fcb68b
reloadAllAccessors: .CausalityInterface12

===========================================================================================
----------------- testing Sun Apr 19 14:01:35 UTC 2020 /home/travis/build/icyphy/ptII/ptolemy/domains/modal/test/auto/CausalityInterface13.xml
----------------- Instantiating /home/travis/build/icyphy/ptII/ptolemy/domains/modal/test/auto/CausalityInterface13.xml
18 ms. Memory: 200704K Free: 101002K (50%)
----------------- Invoking toplevel() on ptolemy.moml.MoMLSimpleApplication@25b18350
----------------- Done invoking toplevel() on ptolemy.moml.MoMLSimpleApplication@25b18350
reloadAllAccessors: .CausalityInterface13

===========================================================================================
----------------- testing Sun Apr 19 14:01:35 UTC 2020 /home/travis/build/icyphy/ptII/ptolemy/domains/modal/test/auto/CausalityInterface14.xml
----------------- Instantiating /home/travis/build/icyphy/ptII/ptolemy/domains/modal/test/auto/CausalityInterface14.xml
11 ms. Memory: 200704K Free: 87194K (43%)
----------------- Invoking toplevel() on ptolemy.moml.MoMLSimpleApplication@3f761c47
----------------- Done invoking toplevel() on ptolemy.moml.MoMLSimpleApplication@3f761c47
reloadAllAccessors: .CausalityInterface14

===========================================================================================
----------------- testing Sun Apr 19 14:01:35 UTC 2020 /home/travis/build/icyphy/ptII/ptolemy/domains/modal/test/auto/CausalityInterface2.xml
----------------- Instantiating /home/travis/build/icyphy/ptII/ptolemy/domains/modal/test/auto/CausalityInterface2.xml
3 ms. Memory: 200704K Free: 80506K (40%)
----------------- Invoking toplevel() on ptolemy.moml.MoMLSimpleApplication@3d17e1e4
----------------- Done invoking toplevel() on ptolemy.moml.MoMLSimpleApplication@3d17e1e4
reloadAllAccessors: .CausalityInterface2

===========================================================================================
----------------- testing Sun Apr 19 14:01:35 UTC 2020 /home/travis/build/icyphy/ptII/ptolemy/domains/modal/test/auto/CausalityInterface3.xml
----------------- Instantiating /home/travis/build/icyphy/ptII/ptolemy/domains/modal/test/auto/CausalityInterface3.xml
3 ms. Memory: 200704K Free: 73882K (37%)
----------------- Invoking toplevel() on ptolemy.moml.MoMLSimpleApplication@78e12930
----------------- Done invoking toplevel() on ptolemy.moml.MoMLSimpleApplication@78e12930
reloadAllAccessors: .CausalityInterface3

===========================================================================================
----------------- testing Sun Apr 19 14:01:35 UTC 2020 /home/travis/build/icyphy/ptII/ptolemy/domains/modal/test/auto/CausalityInterface4.xml
----------------- Instantiating /home/travis/build/icyphy/ptII/ptolemy/domains/modal/test/auto/CausalityInterface4.xml
12 ms. Memory: 200704K Free: 181629K (90%)
----------------- Invoking toplevel() on ptolemy.moml.MoMLSimpleApplication@6c4bf59f
----------------- Done invoking toplevel() on ptolemy.moml.MoMLSimpleApplication@6c4bf59f
reloadAllAccessors: .CausalityInterface4

===========================================================================================
----------------- testing Sun Apr 19 14:01:35 UTC 2020 /home/travis/build/icyphy/ptII/ptolemy/domains/modal/test/auto/CausalityInterface5.xml
----------------- Instantiating /home/travis/build/icyphy/ptII/ptolemy/domains/modal/test/auto/CausalityInterface5.xml
5 ms. Memory: 200704K Free: 172698K (86%)
----------------- Invoking toplevel() on ptolemy.moml.MoMLSimpleApplication@22f345c7
----------------- Done invoking toplevel() on ptolemy.moml.MoMLSimpleApplication@22f345c7
reloadAllAccessors: .CausalityInterface5

===========================================================================================
----------------- testing Sun Apr 19 14:01:35 UTC 2020 /home/travis/build/icyphy/ptII/ptolemy/domains/modal/test/auto/CausalityInterface6.xml
----------------- Instantiating /home/travis/build/icyphy/ptII/ptolemy/domains/modal/test/auto/CausalityInterface6.xml
5 ms. Memory: 200704K Free: 164506K (82%)
----------------- Invoking toplevel() on ptolemy.moml.MoMLSimpleApplication@66b6e7fa
----------------- Done invoking toplevel() on ptolemy.moml.MoMLSimpleApplication@66b6e7fa
reloadAllAccessors: .CausalityInterface6

===========================================================================================
----------------- testing Sun Apr 19 14:01:35 UTC 2020 /home/travis/build/icyphy/ptII/ptolemy/domains/modal/test/auto/CausalityInterface7.xml
----------------- Instantiating /home/travis/build/icyphy/ptII/ptolemy/domains/modal/test/auto/CausalityInterface7.xml
10 ms. Memory: 200704K Free: 156314K (78%)
----------------- Invoking toplevel() on ptolemy.moml.MoMLSimpleApplication@63918ac8
----------------- Done invoking toplevel() on ptolemy.moml.MoMLSimpleApplication@63918ac8
reloadAllAccessors: .CausalityInterface7

===========================================================================================
----------------- testing Sun Apr 19 14:01:35 UTC 2020 /home/travis/build/icyphy/ptII/ptolemy/domains/modal/test/auto/CausalityInterface8.xml
----------------- Instantiating /home/travis/build/icyphy/ptII/ptolemy/domains/modal/test/auto/CausalityInterface8.xml
4 ms. Memory: 200704K Free: 147578K (74%)
----------------- Invoking toplevel() on ptolemy.moml.MoMLSimpleApplication@364c0a98
----------------- Done invoking toplevel() on ptolemy.moml.MoMLSimpleApplication@364c0a98
reloadAllAccessors: .CausalityInterface8

===========================================================================================
----------------- testing Sun Apr 19 14:01:35 UTC 2020 /home/travis/build/icyphy/ptII/ptolemy/domains/modal/test/auto/CausalityInterface9.xml
----------------- Instantiating /home/travis/build/icyphy/ptII/ptolemy/domains/modal/test/auto/CausalityInterface9.xml
4 ms. Memory: 200704K Free: 138392K (69%)
----------------- Invoking toplevel() on ptolemy.moml.MoMLSimpleApplication@31817180
----------------- Done invoking toplevel() on ptolemy.moml.MoMLSimpleApplication@31817180
reloadAllAccessors: .CausalityInterface9

===========================================================================================
----------------- testing Sun Apr 19 14:01:35 UTC 2020 /home/travis/build/icyphy/ptII/ptolemy/domains/modal/test/auto/ChainedTransitions.xml
----------------- Instantiating /home/travis/build/icyphy/ptII/ptolemy/domains/modal/test/auto/ChainedTransitions.xml
106 ms. Memory: 200704K Free: 113306K (56%)
----------------- Invoking toplevel() on ptolemy.moml.MoMLSimpleApplication@78c7a45a
----------------- Done invoking toplevel() on ptolemy.moml.MoMLSimpleApplication@78c7a45a
reloadAllAccessors: .ChainedTransitions

===========================================================================================
----------------- testing Sun Apr 19 14:01:36 UTC 2020 /home/travis/build/icyphy/ptII/ptolemy/domains/modal/test/auto/CycleOfImmediateTransitionsFSM.xml
----------------- Instantiating /home/travis/build/icyphy/ptII/ptolemy/domains/modal/test/auto/CycleOfImmediateTransitionsFSM.xml
5 ms. Memory: 200704K Free: 107672K (54%)
----------------- Invoking toplevel() on ptolemy.moml.MoMLSimpleApplication@12b929e5
----------------- Done invoking toplevel() on ptolemy.moml.MoMLSimpleApplication@12b929e5
reloadAllAccessors: .CycleOfImmediateTransitionsFSM

===========================================================================================
----------------- testing Sun Apr 19 14:01:36 UTC 2020 /home/travis/build/icyphy/ptII/ptolemy/domains/modal/test/auto/CycleOfImmediateTransitionsModal.xml
----------------- Instantiating /home/travis/build/icyphy/ptII/ptolemy/domains/modal/test/auto/CycleOfImmediateTransitionsModal.xml
4 ms. Memory: 200704K Free: 101528K (51%)
----------------- Invoking toplevel() on ptolemy.moml.MoMLSimpleApplication@72912269
----------------- Done invoking toplevel() on ptolemy.moml.MoMLSimpleApplication@72912269
reloadAllAccessors: .CycleOfImmediateTransitionsModal

===========================================================================================
----------------- testing Sun Apr 19 14:01:36 UTC 2020 /home/travis/build/icyphy/ptII/ptolemy/domains/modal/test/auto/CycleOfImmediateTransitionsModal2.xml
----------------- Instantiating /home/travis/build/icyphy/ptII/ptolemy/domains/modal/test/auto/CycleOfImmediateTransitionsModal2.xml
9 ms. Memory: 200704K Free: 94874K (47%)
----------------- Invoking toplevel() on ptolemy.moml.MoMLSimpleApplication@15b00dd2
----------------- Done invoking toplevel() on ptolemy.moml.MoMLSimpleApplication@15b00dd2
reloadAllAccessors: .CycleOfImmediateTransitionsModal2

===========================================================================================
----------------- testing Sun Apr 19 14:01:36 UTC 2020 /home/travis/build/icyphy/ptII/ptolemy/domains/modal/test/auto/CycleOfImmediateTransitionsModal3.xml
----------------- Instantiating /home/travis/build/icyphy/ptII/ptolemy/domains/modal/test/auto/CycleOfImmediateTransitionsModal3.xml
17 ms. Memory: 200704K Free: 72346K (36%)
----------------- Invoking toplevel() on ptolemy.moml.MoMLSimpleApplication@102687ee
----------------- Done invoking toplevel() on ptolemy.moml.MoMLSimpleApplication@102687ee
reloadAllAccessors: .CycleOfImmediateTransitionsModal3

===========================================================================================
----------------- testing Sun Apr 19 14:01:36 UTC 2020 /home/travis/build/icyphy/ptII/ptolemy/domains/modal/test/auto/DeepModal1.xml
----------------- Instantiating /home/travis/build/icyphy/ptII/ptolemy/domains/modal/test/auto/DeepModal1.xml
24 ms. Memory: 200704K Free: 171658K (86%)
----------------- Invoking toplevel() on ptolemy.moml.MoMLSimpleApplication@75e8c65b
----------------- Done invoking toplevel() on ptolemy.moml.MoMLSimpleApplication@75e8c65b
reloadAllAccessors: .DeepModal1

===========================================================================================
----------------- testing Sun Apr 19 14:01:36 UTC 2020 /home/travis/build/icyphy/ptII/ptolemy/domains/modal/test/auto/DeepModal2.xml
----------------- Instantiating /home/travis/build/icyphy/ptII/ptolemy/domains/modal/test/auto/DeepModal2.xml
28 ms. Memory: 200704K Free: 152730K (76%)
----------------- Invoking toplevel() on ptolemy.moml.MoMLSimpleApplication@1176f18d
----------------- Done invoking toplevel() on ptolemy.moml.MoMLSimpleApplication@1176f18d
reloadAllAccessors: .DeepModal2

===========================================================================================
----------------- testing Sun Apr 19 14:01:36 UTC 2020 /home/travis/build/icyphy/ptII/ptolemy/domains/modal/test/auto/DeepModal3.xml
----------------- Instantiating /home/travis/build/icyphy/ptII/ptolemy/domains/modal/test/auto/DeepModal3.xml
33 ms. Memory: 200704K Free: 133274K (66%)
----------------- Invoking toplevel() on ptolemy.moml.MoMLSimpleApplication@75f8046e
----------------- Done invoking toplevel() on ptolemy.moml.MoMLSimpleApplication@75f8046e
reloadAllAccessors: .DeepModal3

===========================================================================================
----------------- testing Sun Apr 19 14:01:36 UTC 2020 /home/travis/build/icyphy/ptII/ptolemy/domains/modal/test/auto/DeepModal4.xml
----------------- Instantiating /home/travis/build/icyphy/ptII/ptolemy/domains/modal/test/auto/DeepModal4.xml
29 ms. Memory: 200704K Free: 113818K (57%)
----------------- Invoking toplevel() on ptolemy.moml.MoMLSimpleApplication@2e82cb6c
----------------- Done invoking toplevel() on ptolemy.moml.MoMLSimpleApplication@2e82cb6c
reloadAllAccessors: .DeepModal4

===========================================================================================
----------------- testing Sun Apr 19 14:01:36 UTC 2020 /home/travis/build/icyphy/ptII/ptolemy/domains/modal/test/auto/Default1.xml
----------------- Instantiating /home/travis/build/icyphy/ptII/ptolemy/domains/modal/test/auto/Default1.xml
2 ms. Memory: 200704K Free: 107674K (54%)
----------------- Invoking toplevel() on ptolemy.moml.MoMLSimpleApplication@6f04a72a
----------------- Done invoking toplevel() on ptolemy.moml.MoMLSimpleApplication@6f04a72a
reloadAllAccessors: .Default1

===========================================================================================
----------------- testing Sun Apr 19 14:01:36 UTC 2020 /home/travis/build/icyphy/ptII/ptolemy/domains/modal/test/auto/Default2.xml
----------------- Instantiating /home/travis/build/icyphy/ptII/ptolemy/domains/modal/test/auto/Default2.xml
8 ms. Memory: 200704K Free: 102040K (51%)
----------------- Invoking toplevel() on ptolemy.moml.MoMLSimpleApplication@492d5d57
----------------- Done invoking toplevel() on ptolemy.moml.MoMLSimpleApplication@492d5d57
reloadAllAccessors: .Default2

===========================================================================================
----------------- testing Sun Apr 19 14:01:36 UTC 2020 /home/travis/build/icyphy/ptII/ptolemy/domains/modal/test/auto/Default3.xml
----------------- Instantiating /home/travis/build/icyphy/ptII/ptolemy/domains/modal/test/auto/Default3.xml
2 ms. Memory: 200704K Free: 95896K (48%)
----------------- Invoking toplevel() on ptolemy.moml.MoMLSimpleApplication@287f2e36
----------------- Done invoking toplevel() on ptolemy.moml.MoMLSimpleApplication@287f2e36
reloadAllAccessors: .Default3

===========================================================================================
----------------- testing Sun Apr 19 14:01:36 UTC 2020 /home/travis/build/icyphy/ptII/ptolemy/domains/modal/test/auto/Default4.xml
----------------- Instantiating /home/travis/build/icyphy/ptII/ptolemy/domains/modal/test/auto/Default4.xml
5 ms. Memory: 200704K Free: 89752K (45%)
----------------- Invoking toplevel() on ptolemy.moml.MoMLSimpleApplication@7db5a582
----------------- Done invoking toplevel() on ptolemy.moml.MoMLSimpleApplication@7db5a582
reloadAllAccessors: .Default4

===========================================================================================
----------------- testing Sun Apr 19 14:01:36 UTC 2020 /home/travis/build/icyphy/ptII/ptolemy/domains/modal/test/auto/Default5.xml
----------------- Instantiating /home/travis/build/icyphy/ptII/ptolemy/domains/modal/test/auto/Default5.xml
5 ms. Memory: 200704K Free: 81546K (41%)
----------------- Invoking toplevel() on ptolemy.moml.MoMLSimpleApplication@3fa78bf9
----------------- Done invoking toplevel() on ptolemy.moml.MoMLSimpleApplication@3fa78bf9
reloadAllAccessors: .Default5

===========================================================================================
----------------- testing Sun Apr 19 14:01:36 UTC 2020 /home/travis/build/icyphy/ptII/ptolemy/domains/modal/test/auto/EmptyGuard.xml
----------------- Instantiating /home/travis/build/icyphy/ptII/ptolemy/domains/modal/test/auto/EmptyGuard.xml
15 ms. Memory: 200704K Free: 73882K (37%)
----------------- Invoking toplevel() on ptolemy.moml.MoMLSimpleApplication@865ece8
----------------- Done invoking toplevel() on ptolemy.moml.MoMLSimpleApplication@865ece8
reloadAllAccessors: .EmptyGuard

===========================================================================================
----------------- testing Sun Apr 19 14:01:36 UTC 2020 /home/travis/build/icyphy/ptII/ptolemy/domains/modal/test/auto/ErrorTransition1.xml
----------------- Instantiating /home/travis/build/icyphy/ptII/ptolemy/domains/modal/test/auto/ErrorTransition1.xml
6 ms. Memory: 200704K Free: 178830K (89%)
----------------- Invoking toplevel() on ptolemy.moml.MoMLSimpleApplication@7401e431
----------------- Done invoking toplevel() on ptolemy.moml.MoMLSimpleApplication@7401e431
reloadAllAccessors: .ErrorTransition1

===========================================================================================
----------------- testing Sun Apr 19 14:01:36 UTC 2020 /home/travis/build/icyphy/ptII/ptolemy/domains/modal/test/auto/ErrorTransition10.xml
----------------- Instantiating /home/travis/build/icyphy/ptII/ptolemy/domains/modal/test/auto/ErrorTransition10.xml
14 ms. Memory: 200704K Free: 165018K (82%)
----------------- Invoking toplevel() on ptolemy.moml.MoMLSimpleApplication@30bf3a38
----------------- Done invoking toplevel() on ptolemy.moml.MoMLSimpleApplication@30bf3a38
reloadAllAccessors: .ErrorTransition10

===========================================================================================
----------------- testing Sun Apr 19 14:01:36 UTC 2020 /home/travis/build/icyphy/ptII/ptolemy/domains/modal/test/auto/ErrorTransition11.xml
----------------- Instantiating /home/travis/build/icyphy/ptII/ptolemy/domains/modal/test/auto/ErrorTransition11.xml
4 ms. Memory: 200704K Free: 153754K (77%)
----------------- Invoking toplevel() on ptolemy.moml.MoMLSimpleApplication@6577e388
----------------- Done invoking toplevel() on ptolemy.moml.MoMLSimpleApplication@6577e388
reloadAllAccessors: .ErrorTransition11

===========================================================================================
----------------- testing Sun Apr 19 14:01:36 UTC 2020 /home/travis/build/icyphy/ptII/ptolemy/domains/modal/test/auto/ErrorTransition2.xml
----------------- Instantiating /home/travis/build/icyphy/ptII/ptolemy/domains/modal/test/auto/ErrorTransition2.xml
7 ms. Memory: 200704K Free: 145048K (72%)
----------------- Invoking toplevel() on ptolemy.moml.MoMLSimpleApplication@7146b982
----------------- Done invoking toplevel() on ptolemy.moml.MoMLSimpleApplication@7146b982
reloadAllAccessors: .ErrorTransition2

===========================================================================================
----------------- testing Sun Apr 19 14:01:36 UTC 2020 /home/travis/build/icyphy/ptII/ptolemy/domains/modal/test/auto/ErrorTransition3.xml
----------------- Instantiating /home/travis/build/icyphy/ptII/ptolemy/domains/modal/test/auto/ErrorTransition3.xml
12 ms. Memory: 200704K Free: 135322K (67%)
----------------- Invoking toplevel() on ptolemy.moml.MoMLSimpleApplication@4b9abd47
----------------- Done invoking toplevel() on ptolemy.moml.MoMLSimpleApplication@4b9abd47
reloadAllAccessors: .ErrorTransition3

===========================================================================================
----------------- testing Sun Apr 19 14:01:36 UTC 2020 /home/travis/build/icyphy/ptII/ptolemy/domains/modal/test/auto/ErrorTransition4.xml
----------------- Instantiating /home/travis/build/icyphy/ptII/ptolemy/domains/modal/test/auto/ErrorTransition4.xml
18 ms. Memory: 200704K Free: 124058K (62%)
----------------- Invoking toplevel() on ptolemy.moml.MoMLSimpleApplication@66afb69b
----------------- Done invoking toplevel() on ptolemy.moml.MoMLSimpleApplication@66afb69b
reloadAllAccessors: .ErrorTransition4

===========================================================================================
----------------- testing Sun Apr 19 14:01:36 UTC 2020 /home/travis/build/icyphy/ptII/ptolemy/domains/modal/test/auto/ErrorTransition5.xml
----------------- Instantiating /home/travis/build/icyphy/ptII/ptolemy/domains/modal/test/auto/ErrorTransition5.xml
9 ms. Memory: 200704K Free: 113818K (57%)
----------------- Invoking toplevel() on ptolemy.moml.MoMLSimpleApplication@119a735a
----------------- Done invoking toplevel() on ptolemy.moml.MoMLSimpleApplication@119a735a
reloadAllAccessors: .ErrorTransition5

===========================================================================================
----------------- testing Sun Apr 19 14:01:36 UTC 2020 /home/travis/build/icyphy/ptII/ptolemy/domains/modal/test/auto/ErrorTransition6.xml
----------------- Instantiating /home/travis/build/icyphy/ptII/ptolemy/domains/modal/test/auto/ErrorTransition6.xml
10 ms. Memory: 200704K Free: 103064K (51%)
----------------- Invoking toplevel() on ptolemy.moml.MoMLSimpleApplication@6d84830d
----------------- Done invoking toplevel() on ptolemy.moml.MoMLSimpleApplication@6d84830d
reloadAllAccessors: .ErrorTransition6

===========================================================================================
----------------- testing Sun Apr 19 14:01:37 UTC 2020 /home/travis/build/icyphy/ptII/ptolemy/domains/modal/test/auto/ErrorTransition7.xml
----------------- Instantiating /home/travis/build/icyphy/ptII/ptolemy/domains/modal/test/auto/ErrorTransition7.xml
16 ms. Memory: 200704K Free: 90266K (45%)
----------------- Invoking toplevel() on ptolemy.moml.MoMLSimpleApplication@3b96ea70
----------------- Done invoking toplevel() on ptolemy.moml.MoMLSimpleApplication@3b96ea70
reloadAllAccessors: .ErrorTransition7

===========================================================================================
----------------- testing Sun Apr 19 14:01:37 UTC 2020 /home/travis/build/icyphy/ptII/ptolemy/domains/modal/test/auto/ErrorTransition8.xml
----------------- Instantiating /home/travis/build/icyphy/ptII/ptolemy/domains/modal/test/auto/ErrorTransition8.xml
32 ms. Memory: 200704K Free: 76954K (38%)
----------------- Invoking toplevel() on ptolemy.moml.MoMLSimpleApplication@3ce76952
----------------- Done invoking toplevel() on ptolemy.moml.MoMLSimpleApplication@3ce76952
reloadAllAccessors: .ErrorTransition8

===========================================================================================
----------------- testing Sun Apr 19 14:01:37 UTC 2020 /home/travis/build/icyphy/ptII/ptolemy/domains/modal/test/auto/ErrorTransition9.xml
----------------- Instantiating /home/travis/build/icyphy/ptII/ptolemy/domains/modal/test/auto/ErrorTransition9.xml
20 ms. Memory: 241664K Free: 217754K (90%)
----------------- Invoking toplevel() on ptolemy.moml.MoMLSimpleApplication@4fa1a79e
----------------- Done invoking toplevel() on ptolemy.moml.MoMLSimpleApplication@4fa1a79e
reloadAllAccessors: .ErrorTransition9

===========================================================================================
----------------- testing Sun Apr 19 14:01:37 UTC 2020 /home/travis/build/icyphy/ptII/ptolemy/domains/modal/test/auto/ExtendedFSM.xml
----------------- Instantiating /home/travis/build/icyphy/ptII/ptolemy/domains/modal/test/auto/ExtendedFSM.xml
9 ms. Memory: 241664K Free: 209034K (86%)
----------------- Invoking toplevel() on ptolemy.moml.MoMLSimpleApplication@fcf24d2
----------------- Done invoking toplevel() on ptolemy.moml.MoMLSimpleApplication@fcf24d2
reloadAllAccessors: .ExtendedFSM

===========================================================================================
----------------- testing Sun Apr 19 14:01:37 UTC 2020 /home/travis/build/icyphy/ptII/ptolemy/domains/modal/test/auto/FinalStates.xml
----------------- Instantiating /home/travis/build/icyphy/ptII/ptolemy/domains/modal/test/auto/FinalStates.xml
8 ms. Memory: 241664K Free: 200842K (83%)
----------------- Invoking toplevel() on ptolemy.moml.MoMLSimpleApplication@1380cb79
----------------- Done invoking toplevel() on ptolemy.moml.MoMLSimpleApplication@1380cb79
reloadAllAccessors: .FinalStates

===========================================================================================
----------------- testing Sun Apr 19 14:01:37 UTC 2020 /home/travis/build/icyphy/ptII/ptolemy/domains/modal/test/auto/FixedPointFSM.xml
----------------- Instantiating /home/travis/build/icyphy/ptII/ptolemy/domains/modal/test/auto/FixedPointFSM.xml
25 ms. Memory: 241664K Free: 186010K (77%)
----------------- Invoking toplevel() on ptolemy.moml.MoMLSimpleApplication@70cea62
----------------- Done invoking toplevel() on ptolemy.moml.MoMLSimpleApplication@70cea62
reloadAllAccessors: .FixedPointFSM

===========================================================================================
----------------- testing Sun Apr 19 14:01:37 UTC 2020 /home/travis/build/icyphy/ptII/ptolemy/domains/modal/test/auto/FixedPointIterationFSMActor.xml
----------------- Instantiating /home/travis/build/icyphy/ptII/ptolemy/domains/modal/test/auto/FixedPointIterationFSMActor.xml
9 ms. Memory: 241664K Free: 175250K (73%)
----------------- Invoking toplevel() on ptolemy.moml.MoMLSimpleApplication@38466360
----------------- Done invoking toplevel() on ptolemy.moml.MoMLSimpleApplication@38466360
reloadAllAccessors: .FixedPointIterationFSMActor

===========================================================================================
----------------- testing Sun Apr 19 14:01:37 UTC 2020 /home/travis/build/icyphy/ptII/ptolemy/domains/modal/test/auto/FixedPointIterationFSMActor2.xml
----------------- Instantiating /home/travis/build/icyphy/ptII/ptolemy/domains/modal/test/auto/FixedPointIterationFSMActor2.xml
10 ms. Memory: 241664K Free: 163482K (68%)
----------------- Invoking toplevel() on ptolemy.moml.MoMLSimpleApplication@63c561f5
----------------- Done invoking toplevel() on ptolemy.moml.MoMLSimpleApplication@63c561f5
reloadAllAccessors: .FixedPointIterationFSMActor2

===========================================================================================
----------------- testing Sun Apr 19 14:01:37 UTC 2020 /home/travis/build/icyphy/ptII/ptolemy/domains/modal/test/auto/ForbiddenInstantanousLoop.xml
----------------- Instantiating /home/travis/build/icyphy/ptII/ptolemy/domains/modal/test/auto/ForbiddenInstantanousLoop.xml
6 ms. Memory: 241664K Free: 151194K (63%)
----------------- Invoking toplevel() on ptolemy.moml.MoMLSimpleApplication@dd36fde
----------------- Done invoking toplevel() on ptolemy.moml.MoMLSimpleApplication@dd36fde
reloadAllAccessors: .ForbiddenInstantanousLoop

===========================================================================================
----------------- testing Sun Apr 19 14:01:37 UTC 2020 /home/travis/build/icyphy/ptII/ptolemy/domains/modal/test/auto/FunctionDependencyOfFSMActorTest.xml
----------------- Instantiating /home/travis/build/icyphy/ptII/ptolemy/domains/modal/test/auto/FunctionDependencyOfFSMActorTest.xml
13 ms. Memory: 241664K Free: 144522K (60%)
----------------- Invoking toplevel() on ptolemy.moml.MoMLSimpleApplication@156d0672
----------------- Done invoking toplevel() on ptolemy.moml.MoMLSimpleApplication@156d0672
reloadAllAccessors: .FunctionDependencyOfFSMActorTest

===========================================================================================
----------------- testing Sun Apr 19 14:01:37 UTC 2020 /home/travis/build/icyphy/ptII/ptolemy/domains/modal/test/auto/GuardExpression.xml
----------------- Instantiating /home/travis/build/icyphy/ptII/ptolemy/domains/modal/test/auto/GuardExpression.xml
2 ms. Memory: 241664K Free: 139416K (58%)
----------------- Invoking toplevel() on ptolemy.moml.MoMLSimpleApplication@708eb9f
----------------- Done invoking toplevel() on ptolemy.moml.MoMLSimpleApplication@708eb9f
reloadAllAccessors: .GuardExpression

===========================================================================================
----------------- testing Sun Apr 19 14:01:37 UTC 2020 /home/travis/build/icyphy/ptII/ptolemy/domains/modal/test/auto/GuardNotEvaluated.xml
----------------- Instantiating /home/travis/build/icyphy/ptII/ptolemy/domains/modal/test/auto/GuardNotEvaluated.xml
8 ms. Memory: 241664K Free: 130714K (54%)
----------------- Invoking toplevel() on ptolemy.moml.MoMLSimpleApplication@31d26dd6
----------------- Done invoking toplevel() on ptolemy.moml.MoMLSimpleApplication@31d26dd6
reloadAllAccessors: .GuardNotEvaluated

===========================================================================================
----------------- testing Sun Apr 19 14:01:37 UTC 2020 /home/travis/build/icyphy/ptII/ptolemy/domains/modal/test/auto/GuardNotEvaluated2.xml
----------------- Instantiating /home/travis/build/icyphy/ptII/ptolemy/domains/modal/test/auto/GuardNotEvaluated2.xml
10 ms. Memory: 241664K Free: 120984K (50%)
----------------- Invoking toplevel() on ptolemy.moml.MoMLSimpleApplication@449c8217
----------------- Done invoking toplevel() on ptolemy.moml.MoMLSimpleApplication@449c8217
reloadAllAccessors: .GuardNotEvaluated2

===========================================================================================
----------------- testing Sun Apr 19 14:01:37 UTC 2020 /home/travis/build/icyphy/ptII/ptolemy/domains/modal/test/auto/GuardOnAbsent.xml
----------------- Instantiating /home/travis/build/icyphy/ptII/ptolemy/domains/modal/test/auto/GuardOnAbsent.xml
10 ms. Memory: 241664K Free: 113306K (47%)
----------------- Invoking toplevel() on ptolemy.moml.MoMLSimpleApplication@2f5142d2
----------------- Done invoking toplevel() on ptolemy.moml.MoMLSimpleApplication@2f5142d2
reloadAllAccessors: .GuardOnAbsent

===========================================================================================
----------------- testing Sun Apr 19 14:01:37 UTC 2020 /home/travis/build/icyphy/ptII/ptolemy/domains/modal/test/auto/HierarchicalFSMTypeInference.xml
----------------- Instantiating /home/travis/build/icyphy/ptII/ptolemy/domains/modal/test/auto/HierarchicalFSMTypeInference.xml
6 ms. Memory: 241664K Free: 102552K (42%)
----------------- Invoking toplevel() on ptolemy.moml.MoMLSimpleApplication@3e6d4f32
----------------- Done invoking toplevel() on ptolemy.moml.MoMLSimpleApplication@3e6d4f32
reloadAllAccessors: .HierarchicalFSMTypeInference

===========================================================================================
----------------- testing Sun Apr 19 14:01:37 UTC 2020 /home/travis/build/icyphy/ptII/ptolemy/domains/modal/test/auto/Hysteresis.xml
----------------- Instantiating /home/travis/build/icyphy/ptII/ptolemy/domains/modal/test/auto/Hysteresis.xml
13 ms. Memory: 241664K Free: 88730K (37%)
----------------- Invoking toplevel() on ptolemy.moml.MoMLSimpleApplication@4bf161cd
----------------- Done invoking toplevel() on ptolemy.moml.MoMLSimpleApplication@4bf161cd
reloadAllAccessors: .Hysteresis

===========================================================================================
----------------- testing Sun Apr 19 14:01:37 UTC 2020 /home/travis/build/icyphy/ptII/ptolemy/domains/modal/test/auto/HysteresisWithDefault.xml
----------------- Instantiating /home/travis/build/icyphy/ptII/ptolemy/domains/modal/test/auto/HysteresisWithDefault.xml
43 ms. Memory: 241664K Free: 202904K (84%)
----------------- Invoking toplevel() on ptolemy.moml.MoMLSimpleApplication@76ab285a
----------------- Done invoking toplevel() on ptolemy.moml.MoMLSimpleApplication@76ab285a
reloadAllAccessors: .HysteresisWithDefault

===========================================================================================
----------------- testing Sun Apr 19 14:01:37 UTC 2020 /home/travis/build/icyphy/ptII/ptolemy/domains/modal/test/auto/HysteresisWithDefault2.xml
----------------- Instantiating /home/travis/build/icyphy/ptII/ptolemy/domains/modal/test/auto/HysteresisWithDefault2.xml
50 ms. Memory: 241664K Free: 173720K (72%)
----------------- Invoking toplevel() on ptolemy.moml.MoMLSimpleApplication@4ca8230d
----------------- Done invoking toplevel() on ptolemy.moml.MoMLSimpleApplication@4ca8230d
reloadAllAccessors: .HysteresisWithDefault2

===========================================================================================
----------------- testing Sun Apr 19 14:01:37 UTC 2020 /home/travis/build/icyphy/ptII/ptolemy/domains/modal/test/auto/ImmediateNonConstructiveness.xml
----------------- Instantiating /home/travis/build/icyphy/ptII/ptolemy/domains/modal/test/auto/ImmediateNonConstructiveness.xml
3 ms. Memory: 241664K Free: 166554K (69%)
----------------- Invoking toplevel() on ptolemy.moml.MoMLSimpleApplication@2f2558c2
----------------- Done invoking toplevel() on ptolemy.moml.MoMLSimpleApplication@2f2558c2
reloadAllAccessors: .ImmediateNonConstructiveness

===========================================================================================
----------------- testing Sun Apr 19 14:01:37 UTC 2020 /home/travis/build/icyphy/ptII/ptolemy/domains/modal/test/auto/ImmediateNonConstructiveness2.xml
----------------- Instantiating /home/travis/build/icyphy/ptII/ptolemy/domains/modal/test/auto/ImmediateNonConstructiveness2.xml
3 ms. Memory: 241664K Free: 159896K (66%)
----------------- Invoking toplevel() on ptolemy.moml.MoMLSimpleApplication@3bcac9bc
----------------- Done invoking toplevel() on ptolemy.moml.MoMLSimpleApplication@3bcac9bc
reloadAllAccessors: .ImmediateNonConstructiveness2

===========================================================================================
----------------- testing Sun Apr 19 14:01:37 UTC 2020 /home/travis/build/icyphy/ptII/ptolemy/domains/modal/test/auto/ImmediateTransitionReset.xml
----------------- Instantiating /home/travis/build/icyphy/ptII/ptolemy/domains/modal/test/auto/ImmediateTransitionReset.xml
8 ms. Memory: 241664K Free: 148122K (61%)
----------------- Invoking toplevel() on ptolemy.moml.MoMLSimpleApplication@481ca353
----------------- Done invoking toplevel() on ptolemy.moml.MoMLSimpleApplication@481ca353
reloadAllAccessors: .ImmediateTransitionReset

===========================================================================================
----------------- testing Sun Apr 19 14:01:37 UTC 2020 /home/travis/build/icyphy/ptII/ptolemy/domains/modal/test/auto/ImmediateTransitions1.xml
----------------- Instantiating /home/travis/build/icyphy/ptII/ptolemy/domains/modal/test/auto/ImmediateTransitions1.xml
1 ms. Memory: 241664K Free: 143002K (59%)
----------------- Invoking toplevel() on ptolemy.moml.MoMLSimpleApplication@4956a9d2
----------------- Done invoking toplevel() on ptolemy.moml.MoMLSimpleApplication@4956a9d2
reloadAllAccessors: .ImmediateTransitions1

===========================================================================================
----------------- testing Sun Apr 19 14:01:37 UTC 2020 /home/travis/build/icyphy/ptII/ptolemy/domains/modal/test/auto/ImmediateTransitionsInstantaneousCommunication.xml
----------------- Instantiating /home/travis/build/icyphy/ptII/ptolemy/domains/modal/test/auto/ImmediateTransitionsInstantaneousCommunication.xml
5 ms. Memory: 241664K Free: 130714K (54%)
----------------- Invoking toplevel() on ptolemy.moml.MoMLSimpleApplication@51a185c
----------------- Done invoking toplevel() on ptolemy.moml.MoMLSimpleApplication@51a185c
reloadAllAccessors: .ImmediateTransitionsInstantaneousCommunication

===========================================================================================
----------------- testing Sun Apr 19 14:01:37 UTC 2020 /home/travis/build/icyphy/ptII/ptolemy/domains/modal/test/auto/InitialImmediateTransition.xml
----------------- Instantiating /home/travis/build/icyphy/ptII/ptolemy/domains/modal/test/auto/InitialImmediateTransition.xml
4 ms. Memory: 241664K Free: 123546K (51%)
----------------- Invoking toplevel() on ptolemy.moml.MoMLSimpleApplication@5bd69dfc
----------------- Done invoking toplevel() on ptolemy.moml.MoMLSimpleApplication@5bd69dfc
reloadAllAccessors: .InitialImmediateTransition

===========================================================================================
----------------- testing Sun Apr 19 14:01:37 UTC 2020 /home/travis/build/icyphy/ptII/ptolemy/domains/modal/test/auto/InitialOutputs.xml
----------------- Instantiating /home/travis/build/icyphy/ptII/ptolemy/domains/modal/test/auto/InitialOutputs.xml
3 ms. Memory: 241664K Free: 117402K (49%)
----------------- Invoking toplevel() on ptolemy.moml.MoMLSimpleApplication@37f6402
----------------- Done invoking toplevel() on ptolemy.moml.MoMLSimpleApplication@37f6402
reloadAllAccessors: .InitialOutputs

===========================================================================================
----------------- testing Sun Apr 19 14:01:38 UTC 2020 /home/travis/build/icyphy/ptII/ptolemy/domains/modal/test/auto/InitialStateTransition1.xml
----------------- Instantiating /home/travis/build/icyphy/ptII/ptolemy/domains/modal/test/auto/InitialStateTransition1.xml
2 ms. Memory: 241664K Free: 110234K (46%)
----------------- Invoking toplevel() on ptolemy.moml.MoMLSimpleApplication@3382e6c3
----------------- Done invoking toplevel() on ptolemy.moml.MoMLSimpleApplication@3382e6c3
reloadAllAccessors: .InitialStateTransition1

===========================================================================================
----------------- testing Sun Apr 19 14:01:38 UTC 2020 /home/travis/build/icyphy/ptII/ptolemy/domains/modal/test/auto/InitialStateTransition2.xml
----------------- Instantiating /home/travis/build/icyphy/ptII/ptolemy/domains/modal/test/auto/InitialStateTransition2.xml
.InitialStateTransition2.TestExceptionAttributeNonConstructive: initialize() was not invoked, but wrapup() was.  This is unusual, but not always a problem.  For example, exporting JNLP will do this.
2 ms. Memory: 241664K Free: 103066K (43%)
----------------- Invoking toplevel() on ptolemy.moml.MoMLSimpleApplication@39b0abda
----------------- Done invoking toplevel() on ptolemy.moml.MoMLSimpleApplication@39b0abda
reloadAllAccessors: .InitialStateTransition2

===========================================================================================
----------------- testing Sun Apr 19 14:01:38 UTC 2020 /home/travis/build/icyphy/ptII/ptolemy/domains/modal/test/auto/InitialStateTransition3.xml
----------------- Instantiating /home/travis/build/icyphy/ptII/ptolemy/domains/modal/test/auto/InitialStateTransition3.xml
4 ms. Memory: 241664K Free: 94360K (39%)
----------------- Invoking toplevel() on ptolemy.moml.MoMLSimpleApplication@62f5d608
----------------- Done invoking toplevel() on ptolemy.moml.MoMLSimpleApplication@62f5d608
reloadAllAccessors: .InitialStateTransition3

===========================================================================================
----------------- testing Sun Apr 19 14:01:38 UTC 2020 /home/travis/build/icyphy/ptII/ptolemy/domains/modal/test/auto/InitialStateTransition4.xml
----------------- Instantiating /home/travis/build/icyphy/ptII/ptolemy/domains/modal/test/auto/InitialStateTransition4.xml
3 ms. Memory: 241664K Free: 84634K (35%)
----------------- Invoking toplevel() on ptolemy.moml.MoMLSimpleApplication@72166a38
----------------- Done invoking toplevel() on ptolemy.moml.MoMLSimpleApplication@72166a38
[...]
reloadAllAccessors: .TerminationTransition3

===========================================================================================
----------------- testing Sun Apr 19 14:01:39 UTC 2020 /home/travis/build/icyphy/ptII/ptolemy/domains/modal/test/auto/TerminationTransition4.xml
----------------- Instantiating /home/travis/build/icyphy/ptII/ptolemy/domains/modal/test/auto/TerminationTransition4.xml
5 ms. Memory: 300032K Free: 140345K (47%)
----------------- Invoking toplevel() on ptolemy.moml.MoMLSimpleApplication@727ee446
----------------- Done invoking toplevel() on ptolemy.moml.MoMLSimpleApplication@727ee446
reloadAllAccessors: .TerminationTransition4

===========================================================================================
----------------- testing Sun Apr 19 14:01:39 UTC 2020 /home/travis/build/icyphy/ptII/ptolemy/domains/modal/test/auto/TerminationTransition5.xml
----------------- Instantiating /home/travis/build/icyphy/ptII/ptolemy/domains/modal/test/auto/TerminationTransition5.xml
2 ms. Memory: 300032K Free: 126523K (42%)
----------------- Invoking toplevel() on ptolemy.moml.MoMLSimpleApplication@48c0dc0d
----------------- Done invoking toplevel() on ptolemy.moml.MoMLSimpleApplication@48c0dc0d
reloadAllAccessors: .TerminationTransition5

===========================================================================================
----------------- testing Sun Apr 19 14:01:40 UTC 2020 /home/travis/build/icyphy/ptII/ptolemy/domains/modal/test/auto/TerminationTransition6.xml
----------------- Instantiating /home/travis/build/icyphy/ptII/ptolemy/domains/modal/test/auto/TerminationTransition6.xml
2 ms. Memory: 300032K Free: 117817K (39%)
----------------- Invoking toplevel() on ptolemy.moml.MoMLSimpleApplication@450affe2
----------------- Done invoking toplevel() on ptolemy.moml.MoMLSimpleApplication@450affe2
reloadAllAccessors: .TerminationTransition6

===========================================================================================
----------------- testing Sun Apr 19 14:01:40 UTC 2020 /home/travis/build/icyphy/ptII/ptolemy/domains/modal/test/auto/TerminationTransition7.xml
----------------- Instantiating /home/travis/build/icyphy/ptII/ptolemy/domains/modal/test/auto/TerminationTransition7.xml
2 ms. Memory: 300032K Free: 108601K (36%)
----------------- Invoking toplevel() on ptolemy.moml.MoMLSimpleApplication@4c99c189
----------------- Done invoking toplevel() on ptolemy.moml.MoMLSimpleApplication@4c99c189
reloadAllAccessors: .TerminationTransition7

===========================================================================================
----------------- testing Sun Apr 19 14:01:40 UTC 2020 /home/travis/build/icyphy/ptII/ptolemy/domains/modal/test/auto/TerminationTransition8.xml
----------------- Instantiating /home/travis/build/icyphy/ptII/ptolemy/domains/modal/test/auto/TerminationTransition8.xml
2 ms. Memory: 300032K Free: 272586K (91%)
----------------- Invoking toplevel() on ptolemy.moml.MoMLSimpleApplication@1e3ea81e
----------------- Done invoking toplevel() on ptolemy.moml.MoMLSimpleApplication@1e3ea81e
reloadAllAccessors: .TerminationTransition8

===========================================================================================
----------------- testing Sun Apr 19 14:01:40 UTC 2020 /home/travis/build/icyphy/ptII/ptolemy/domains/modal/test/auto/Thermostat_NoHysteresis.xml
----------------- Instantiating /home/travis/build/icyphy/ptII/ptolemy/domains/modal/test/auto/Thermostat_NoHysteresis.xml
23 ms. Memory: 300032K Free: 248024K (83%)
----------------- Invoking toplevel() on ptolemy.moml.MoMLSimpleApplication@1b106978
----------------- Done invoking toplevel() on ptolemy.moml.MoMLSimpleApplication@1b106978
reloadAllAccessors: .Thermostat_NoHysteresis

===========================================================================================
----------------- testing Sun Apr 19 14:01:40 UTC 2020 /home/travis/build/icyphy/ptII/ptolemy/domains/modal/test/auto/TimedFSM.xml
----------------- Instantiating /home/travis/build/icyphy/ptII/ptolemy/domains/modal/test/auto/TimedFSM.xml
7 ms. Memory: 300032K Free: 236250K (79%)
----------------- Invoking toplevel() on ptolemy.moml.MoMLSimpleApplication@336fd54b
----------------- Done invoking toplevel() on ptolemy.moml.MoMLSimpleApplication@336fd54b
reloadAllAccessors: .TimedFSM

===========================================================================================
----------------- testing Sun Apr 19 14:01:40 UTC 2020 /home/travis/build/icyphy/ptII/ptolemy/domains/modal/test/auto/Timeout1.xml
----------------- Instantiating /home/travis/build/icyphy/ptII/ptolemy/domains/modal/test/auto/Timeout1.xml
3 ms. Memory: 300032K Free: 230602K (77%)
----------------- Invoking toplevel() on ptolemy.moml.MoMLSimpleApplication@6cfc5535
----------------- Done invoking toplevel() on ptolemy.moml.MoMLSimpleApplication@6cfc5535
reloadAllAccessors: .Timeout1

===========================================================================================
----------------- testing Sun Apr 19 14:01:40 UTC 2020 /home/travis/build/icyphy/ptII/ptolemy/domains/modal/test/auto/Timeout2.xml
----------------- Instantiating /home/travis/build/icyphy/ptII/ptolemy/domains/modal/test/auto/Timeout2.xml
7 ms. Memory: 300032K Free: 221914K (74%)
----------------- Invoking toplevel() on ptolemy.moml.MoMLSimpleApplication@7e27d8cf
----------------- Done invoking toplevel() on ptolemy.moml.MoMLSimpleApplication@7e27d8cf
reloadAllAccessors: .Timeout2

===========================================================================================
----------------- testing Sun Apr 19 14:01:40 UTC 2020 /home/travis/build/icyphy/ptII/ptolemy/domains/modal/test/auto/Timeout3.xml
----------------- Instantiating /home/travis/build/icyphy/ptII/ptolemy/domains/modal/test/auto/Timeout3.xml
2 ms. Memory: 300032K Free: 216794K (72%)
----------------- Invoking toplevel() on ptolemy.moml.MoMLSimpleApplication@4785951b
----------------- Done invoking toplevel() on ptolemy.moml.MoMLSimpleApplication@4785951b
reloadAllAccessors: .Timeout3

===========================================================================================
----------------- testing Sun Apr 19 14:01:40 UTC 2020 /home/travis/build/icyphy/ptII/ptolemy/domains/modal/test/auto/Timeout4.xml
----------------- Instantiating /home/travis/build/icyphy/ptII/ptolemy/domains/modal/test/auto/Timeout4.xml
3 ms. Memory: 300032K Free: 211674K (71%)
----------------- Invoking toplevel() on ptolemy.moml.MoMLSimpleApplication@7714bbda
----------------- Done invoking toplevel() on ptolemy.moml.MoMLSimpleApplication@7714bbda
reloadAllAccessors: .Timeout4

===========================================================================================
----------------- testing Sun Apr 19 14:01:40 UTC 2020 /home/travis/build/icyphy/ptII/ptolemy/domains/modal/test/auto/TransientstateModelAdvanced.xml
----------------- Instantiating /home/travis/build/icyphy/ptII/ptolemy/domains/modal/test/auto/TransientstateModelAdvanced.xml
4 ms. Memory: 300032K Free: 199386K (66%)
----------------- Invoking toplevel() on ptolemy.moml.MoMLSimpleApplication@316a83e6
----------------- Done invoking toplevel() on ptolemy.moml.MoMLSimpleApplication@316a83e6
reloadAllAccessors: .TransientstateModelAdvanced

===========================================================================================
----------------- testing Sun Apr 19 14:01:40 UTC 2020 /home/travis/build/icyphy/ptII/ptolemy/domains/modal/test/auto/TransientstateModelAdvanced2.xml
----------------- Instantiating /home/travis/build/icyphy/ptII/ptolemy/domains/modal/test/auto/TransientstateModelAdvanced2.xml
3 ms. Memory: 300032K Free: 185050K (62%)
----------------- Invoking toplevel() on ptolemy.moml.MoMLSimpleApplication@7d12f03
----------------- Done invoking toplevel() on ptolemy.moml.MoMLSimpleApplication@7d12f03
reloadAllAccessors: .transientstatemodelAdvanced

===========================================================================================
----------------- testing Sun Apr 19 14:01:40 UTC 2020 /home/travis/build/icyphy/ptII/ptolemy/domains/modal/test/auto/TransitionRefinements.xml
----------------- Instantiating /home/travis/build/icyphy/ptII/ptolemy/domains/modal/test/auto/TransitionRefinements.xml
6 ms. Memory: 300032K Free: 175306K (58%)
----------------- Invoking toplevel() on ptolemy.moml.MoMLSimpleApplication@56fb0709
----------------- Done invoking toplevel() on ptolemy.moml.MoMLSimpleApplication@56fb0709
reloadAllAccessors: .TransitionRefinements

===========================================================================================
----------------- testing Sun Apr 19 14:01:40 UTC 2020 /home/travis/build/icyphy/ptII/ptolemy/domains/modal/test/auto/TwoRefinements1.xml
----------------- Instantiating /home/travis/build/icyphy/ptII/ptolemy/domains/modal/test/auto/TwoRefinements1.xml
3 ms. Memory: 300032K Free: 165080K (55%)
----------------- Invoking toplevel() on ptolemy.moml.MoMLSimpleApplication@2a494a28
----------------- Done invoking toplevel() on ptolemy.moml.MoMLSimpleApplication@2a494a28
reloadAllAccessors: .TwoRefinements1

===========================================================================================
----------------- testing Sun Apr 19 14:01:40 UTC 2020 /home/travis/build/icyphy/ptII/ptolemy/domains/modal/test/auto/TwoRefinements2.xml
----------------- Instantiating /home/travis/build/icyphy/ptII/ptolemy/domains/modal/test/auto/TwoRefinements2.xml
2 ms. Memory: 300032K Free: 155354K (52%)
----------------- Invoking toplevel() on ptolemy.moml.MoMLSimpleApplication@72667d60
----------------- Done invoking toplevel() on ptolemy.moml.MoMLSimpleApplication@72667d60
reloadAllAccessors: .TwoRefinements2

===========================================================================================
----------------- testing Sun Apr 19 14:01:40 UTC 2020 /home/travis/build/icyphy/ptII/ptolemy/domains/modal/test/auto/WeakImmediateTransition.xml
----------------- Instantiating /home/travis/build/icyphy/ptII/ptolemy/domains/modal/test/auto/WeakImmediateTransition.xml
3 ms. Memory: 300032K Free: 146648K (49%)
----------------- Invoking toplevel() on ptolemy.moml.MoMLSimpleApplication@536619e8
----------------- Done invoking toplevel() on ptolemy.moml.MoMLSimpleApplication@536619e8
reloadAllAccessors: .WeakImmediateTransition

===========================================================================================
----------------- testing Sun Apr 19 14:01:40 UTC 2020 /home/travis/build/icyphy/ptII/ptolemy/domains/modal/test/auto/booleanSelect.xml
----------------- Instantiating /home/travis/build/icyphy/ptII/ptolemy/domains/modal/test/auto/booleanSelect.xml
32 ms. Memory: 300032K Free: 128730K (43%)
----------------- Invoking toplevel() on ptolemy.moml.MoMLSimpleApplication@1b0a2752
----------------- Done invoking toplevel() on ptolemy.moml.MoMLSimpleApplication@1b0a2752
reloadAllAccessors: .booleanSelect

===========================================================================================
----------------- testing Sun Apr 19 14:01:40 UTC 2020 /home/travis/build/icyphy/ptII/ptolemy/domains/modal/test/auto/modalChangingParams.xml
----------------- Instantiating /home/travis/build/icyphy/ptII/ptolemy/domains/modal/test/auto/modalChangingParams.xml
0
1
0
2
4
6
8
7
0
2
4
6
8
13
0
2
4
6
8
19
0
2
4
6
8
25
0
2
4
6
8
31
0
2
4
6
8
37
0
2
4
6
8
43
0
2
4
6
8
49
0
2
4
6
8
55
0
2
4
6
8
61
0
2
4
6
8
67
0
2
4
6
8
73
0
2
4
6
8
79
0
2
4
6
8
85
0
2
4
6
8
91
0
2
4
6
8
97
0
2
4
6
8
103
0
2
4
6
8
109
0
2
4
6
8
115
0
2
4
6
8
121
0
2
4
6
8
127
0
2
4
6
8
133
0
2
4
6
8
139
0
2
4
6
8
145
0
2
4
6
8
151
0
2
4
6
8
157
0
2
4
6
8
163
0
2
4
6
8
169
0
2
4
6
8
175
0
2
4
6
8
181
0
2
4
6
8
187
0
2
4
6
8
193
0
2
4
6
8
199
0
2
4
6
8
205
0
2
4
6
8
211
0
2
4
6
8
217
0
2
4
6
8
223
0
2
4
6
8
229
0
2
4
6
8
235
0
2
4
6
8
241
0
2
4
6
8
247
0
2
4
6
8
253
0
2
4
6
8
259
0
2
4
6
8
265
0
2
4
6
8
271
0
2
4
6
8
277
0
2
4
6
8
283
0
2
4
6
8
289
0
2
4
6
8
295
0
2
4
6
8
301
0
2
4
6
8
307
0
2
4
6
8
313
0
2
4
6
8
319
0
2
4
6
8
325
0
2
4
6
8
331
0
2
4
6
8
337
0
2
4
6
8
343
0
2
4
6
8
349
0
2
4
6
8
355
0
2
4
6
8
361
0
2
4
6
8
367
0
2
4
6
8
373
0
2
4
6
8
379
0
2
4
6
8
385
0
2
4
6
8
391
0
2
4
6
8
397
0
2
4
6
8
403
0
2
4
6
8
409
0
2
4
6
8
415
0
2
4
6
8
421
0
2
4
6
8
427
0
2
4
6
8
433
0
2
4
6
8
439
0
2
4
6
8
445
0
2
4
6
8
451
0
2
4
6
8
457
0
2
4
6
8
463
0
2
4
6
8
469
0
2
4
6
8
475
0
2
4
6
8
481
0
2
4
6
8
487
0
2
4
6
8
493
0
2
4
6
8
499
0
2
4
6
8
505
0
2
4
6
8
511
0
2
4
6
8
517
0
2
4
6
8
523
0
2
4
6
8
529
0
2
4
6
8
535
0
2
4
6
8
541
0
2
4
6
8
547
0
2
4
6
8
553
0
2
4
6
8
559
0
2
4
6
8
565
0
2
4
6
8
571
0
2
4
6
8
577
0
2
4
6
8
583
0
2
4
6
8
589
0
2
4
6
8
595
0
2
4
6
8
601
0
2
4
6
8
607
0
2
4
6
8
613
0
2
4
6
8
619
0
2
4
6
8
625
0
2
4
6
8
631
0
2
4
6
8
637
0
2
4
6
8
643
0
2
4
6
8
649
0
2
4
6
8
655
0
2
4
6
8
661
0
2
4
6
8
667
0
2
4
6
8
673
0
2
4
6
8
679
0
2
4
6
8
685
0
2
4
6
8
691
0
2
4
6
8
697
0
2
4
6
8
703
0
2
4
6
8
709
0
2
4
6
8
715
0
2
4
6
8
721
0
2
4
6
8
727
0
2
4
6
8
733
0
2
4
6
8
739
0
2
4
6
8
745
0
2
4
6
8
751
0
2
4
6
8
757
0
2
4
6
8
763
0
2
4
6
8
769
0
2
4
6
8
775
0
2
4
6
8
781
0
2
4
6
8
787
0
2
4
6
8
793
0
2
4
6
8
799
0
2
4
6
8
805
0
2
4
6
8
811
0
2
4
6
8
817
0
2
4
6
8
823
0
2
4
6
8
829
0
2
4
6
8
835
0
2
4
6
8
841
0
2
4
6
8
847
0
2
4
6
8
853
0
2
4
6
8
859
0
2
4
6
8
865
0
2
4
6
8
871
0
2
4
6
8
877
0
2
4
6
8
883
0
2
4
6
8
889
0
2
4
6
8
895
0
2
4
6
8
901
0
2
4
6
8
907
0
2
4
6
8
913
0
2
4
6
8
919
0
2
4
6
8
925
0
2
4
6
8
931
0
2
4
6
8
937
0
2
4
6
8
943
0
2
4
6
8
949
0
2
4
6
8
955
0
2
4
6
8
961
0
2
4
6
8
967
0
2
4
6
8
973
0
2
4
6
8
979
0
2
4
6
8
985
0
2
4
6
8
991
0
2
4
6
8
997
0
2
274 ms. Memory: 300032K Free: 189685K (63%)
----------------- Invoking toplevel() on ptolemy.moml.MoMLSimpleApplication@6a048ed2
----------------- Done invoking toplevel() on ptolemy.moml.MoMLSimpleApplication@6a048ed2
reloadAllAccessors: .modalChangingParams

===========================================================================================
----------------- testing Sun Apr 19 14:01:40 UTC 2020 /home/travis/build/icyphy/ptII/ptolemy/domains/modal/test/auto/modalModel.xml
----------------- Instantiating /home/travis/build/icyphy/ptII/ptolemy/domains/modal/test/auto/modalModel.xml
5 ms. Memory: 300032K Free: 180756K (60%)
----------------- Invoking toplevel() on ptolemy.moml.MoMLSimpleApplication@2502c78f
----------------- Done invoking toplevel() on ptolemy.moml.MoMLSimpleApplication@2502c78f
reloadAllAccessors: .modalModel

===========================================================================================
----------------- testing Sun Apr 19 14:01:40 UTC 2020 /home/travis/build/icyphy/ptII/ptolemy/domains/modal/test/auto/modalModel2.xml
----------------- Instantiating /home/travis/build/icyphy/ptII/ptolemy/domains/modal/test/auto/modalModel2.xml
13 ms. Memory: 300032K Free: 170036K (57%)
----------------- Invoking toplevel() on ptolemy.moml.MoMLSimpleApplication@21cb6355
----------------- Done invoking toplevel() on ptolemy.moml.MoMLSimpleApplication@21cb6355
reloadAllAccessors: .modalModel2

===========================================================================================
----------------- testing Sun Apr 19 14:01:40 UTC 2020 /home/travis/build/icyphy/ptII/ptolemy/domains/modal/test/auto/modalModel3.xml
----------------- Instantiating /home/travis/build/icyphy/ptII/ptolemy/domains/modal/test/auto/modalModel3.xml
0	0	0
3	2	1
6	4	2
9	6	3
4	0	4
7	2	5
10	4	6
13	6	7
8	0	8
11	2	9
14	4	10
17	6	11
12	0	12
15	2	13
18	4	14
18 ms. Memory: 300032K Free: 155186K (52%)
----------------- Invoking toplevel() on ptolemy.moml.MoMLSimpleApplication@7fa73590
----------------- Done invoking toplevel() on ptolemy.moml.MoMLSimpleApplication@7fa73590
reloadAllAccessors: .modalModel3

===========================================================================================
----------------- testing Sun Apr 19 14:01:40 UTC 2020 /home/travis/build/icyphy/ptII/ptolemy/domains/modal/test/auto/model1.xml
----------------- Instantiating /home/travis/build/icyphy/ptII/ptolemy/domains/modal/test/auto/model1.xml
16 ms. Memory: 300032K Free: 149556K (50%)
----------------- Invoking toplevel() on ptolemy.moml.MoMLSimpleApplication@1c3bc470
----------------- Done invoking toplevel() on ptolemy.moml.MoMLSimpleApplication@1c3bc470
reloadAllAccessors: .model1

===========================================================================================
----------------- testing Sun Apr 19 14:01:40 UTC 2020 /home/travis/build/icyphy/ptII/ptolemy/domains/modal/test/auto/test-direct-in-out.xml
----------------- Instantiating /home/travis/build/icyphy/ptII/ptolemy/domains/modal/test/auto/test-direct-in-out.xml
8 ms. Memory: 300032K Free: 141868K (47%)
----------------- Invoking toplevel() on ptolemy.moml.MoMLSimpleApplication@570e907
----------------- Done invoking toplevel() on ptolemy.moml.MoMLSimpleApplication@570e907
reloadAllAccessors: .test-direct-in-out
AutoTests.java: About to close Vertx.
AutoTests.java: Vertx closed.
]]></system-out>
  <system-err><![CDATA[java.lang.RuntimeException: Execution failed
	at ptolemy.moml.MoMLSimpleApplication$UnloadThread.run(MoMLSimpleApplication.java:402)
Caused by: ptolemy.kernel.util.IllegalActionException: Unknown inputs remain. Possible causality loop:
L_model_1893289564i

  in .CannotAnalysisWithPreemption.model_1893289564_region_1 and .CannotAnalysisWithPreemption.model_1893289564_region_1.L_model_1893289564i
	at ptolemy.actor.sched.FixedPointDirector.postfire(FixedPointDirector.java:515)
	at ptolemy.domains.sr.kernel.SRDirector.postfire(SRDirector.java:417)
	at ptolemy.actor.CompositeActor.postfire(CompositeActor.java:1668)
	at ptolemy.actor.Manager.iterate(Manager.java:852)
	at ptolemy.actor.Manager.execute(Manager.java:369)
	at ptolemy.actor.Manager.run(Manager.java:1263)
	at ptolemy.actor.Manager$PtolemyRunThread.run(Manager.java:1933)
java.lang.reflect.InvocationTargetException
	at java.base/jdk.internal.reflect.NativeConstructorAccessorImpl.newInstance0(Native Method)
	at java.base/jdk.internal.reflect.NativeConstructorAccessorImpl.newInstance(NativeConstructorAccessorImpl.java:62)
	at java.base/jdk.internal.reflect.DelegatingConstructorAccessorImpl.newInstance(DelegatingConstructorAccessorImpl.java:45)
	at java.base/java.lang.reflect.Constructor.newInstance(Constructor.java:490)
	at ptolemy.util.test.junit.AutoKnownFailedTests.RunModel(AutoKnownFailedTests.java:105)
	at java.base/jdk.internal.reflect.NativeMethodAccessorImpl.invoke0(Native Method)
	at java.base/jdk.internal.reflect.NativeMethodAccessorImpl.invoke(NativeMethodAccessorImpl.java:62)
	at java.base/jdk.internal.reflect.DelegatingMethodAccessorImpl.invoke(DelegatingMethodAccessorImpl.java:43)
	at java.base/java.lang.reflect.Method.invoke(Method.java:566)
	at org.junit.runners.model.FrameworkMethod$1.runReflectiveCall(FrameworkMethod.java:44)
	at org.junit.internal.runners.model.ReflectiveCallable.run(ReflectiveCallable.java:15)
	at org.junit.runners.model.FrameworkMethod.invokeExplosively(FrameworkMethod.java:41)
	at junitparams.internal.InvokeParameterisedMethod.evaluate(InvokeParameterisedMethod.java:102)
	at org.junit.internal.runners.statements.FailOnTimeout$1.run(FailOnTimeout.java:28)
Caused by: ptolemy.kernel.util.IllegalActionException: Unknown inputs remain. Possible causality loop:
L_model_1893289564i

  in .CannotAnalysisWithPreemption.model_1893289564_region_1 and .CannotAnalysisWithPreemption.model_1893289564_region_1.L_model_1893289564i
	at ptolemy.actor.sched.FixedPointDirector.postfire(FixedPointDirector.java:515)
	at ptolemy.domains.sr.kernel.SRDirector.postfire(SRDirector.java:417)
	at ptolemy.actor.CompositeActor.postfire(CompositeActor.java:1668)
	at ptolemy.actor.Manager.iterate(Manager.java:852)
	at ptolemy.actor.Manager.execute(Manager.java:369)
	at ptolemy.actor.Manager.run(Manager.java:1263)
	at ptolemy.actor.Manager$PtolemyRunThread.run(Manager.java:1933)
]]></system-err>
</testsuite>
