<?xml version="1.0" encoding="UTF-8" ?>
<testsuite errors="0" failures="0" hostname="travis-job-0227ae40-5179-4901-bade-f3068d50a2ae" name="ptolemy.domains.sdf.test.junit.JUnitTclTest" skipped="0" tests="66" time="21.098" timestamp="2019-07-22T05:12:03">
  <properties>
[...]
</properties>
  <testcase classname="ptolemy.util.test.junit.TclTests" name="[0] /home/travis/build/icyphy/ptII/ptolemy/domains/sdf/test/SDFSchedulerErrors.tcl (RunTclFile)" time="1.05" />
  <testcase classname="ptolemy.util.test.junit.TclTests" name="[1] /home/travis/build/icyphy/ptII/ptolemy/domains/sdf/test/composition.tcl (RunTclFile)" time="0.213" />
  <testcase classname="ptolemy.util.test.junit.TclTests" name="[2] /home/travis/build/icyphy/ptII/ptolemy/domains/sdf/test/cycle.tcl (RunTclFile)" time="0.094" />
  <testcase classname="ptolemy.util.test.junit.AutoKnownFailedTests" name="[0] ThereAreNoKnowFailedTests (RunModel)" time="0.012" />
  <testcase classname="ptolemy.util.test.junit.AutoNameArchTests" name="[0] ThereAreNoAutoArchTests (RunModel)" time="0.007" />
  <testcase classname="ptolemy.util.test.junit.AutoTests" name="[0] /home/travis/build/icyphy/ptII/ptolemy/domains/sdf/test/auto/Array.xml (RunModel)" time="0.338" />
  <testcase classname="ptolemy.util.test.junit.AutoTests" name="[1] /home/travis/build/icyphy/ptII/ptolemy/domains/sdf/test/auto/Butterfly.xml (RunModel)" time="0.19" />
  <testcase classname="ptolemy.util.test.junit.AutoTests" name="[2] /home/travis/build/icyphy/ptII/ptolemy/domains/sdf/test/auto/Expression.xml (RunModel)" time="0.092" />
  <testcase classname="ptolemy.util.test.junit.AutoTests" name="[3] /home/travis/build/icyphy/ptII/ptolemy/domains/sdf/test/auto/Eye.xml (RunModel)" time="0.265" />
  <testcase classname="ptolemy.util.test.junit.AutoTests" name="[4] /home/travis/build/icyphy/ptII/ptolemy/domains/sdf/test/auto/FixFIR.xml (RunModel)" time="0.289" />
  <testcase classname="ptolemy.util.test.junit.AutoTests" name="[5] /home/travis/build/icyphy/ptII/ptolemy/domains/sdf/test/auto/FixPoint.xml (RunModel)" time="0.053" />
  <testcase classname="ptolemy.util.test.junit.AutoTests" name="[6] /home/travis/build/icyphy/ptII/ptolemy/domains/sdf/test/auto/Gravitation.xml (RunModel)" time="3.345" />
  <testcase classname="ptolemy.util.test.junit.AutoTests" name="[7] /home/travis/build/icyphy/ptII/ptolemy/domains/sdf/test/auto/GravitationWithCollisionDetection.xml (RunModel)" time="6.782" />
  <testcase classname="ptolemy.util.test.junit.AutoTests" name="[8] /home/travis/build/icyphy/ptII/ptolemy/domains/sdf/test/auto/HDF.xml (RunModel)" time="0.127" />
  <testcase classname="ptolemy.util.test.junit.AutoTests" name="[9] /home/travis/build/icyphy/ptII/ptolemy/domains/sdf/test/auto/HDFwithTransientStates.xml (RunModel)" time="0.082" />
  <testcase classname="ptolemy.util.test.junit.AutoTests" name="[10] /home/travis/build/icyphy/ptII/ptolemy/domains/sdf/test/auto/HTVQ.xml (RunModel)" time="0.947" />
  <testcase classname="ptolemy.util.test.junit.AutoTests" name="[11] /home/travis/build/icyphy/ptII/ptolemy/domains/sdf/test/auto/InferInitProduction.xml (RunModel)" time="0.017" />
  <testcase classname="ptolemy.util.test.junit.AutoTests" name="[12] /home/travis/build/icyphy/ptII/ptolemy/domains/sdf/test/auto/InferInitProductionDeeper.xml (RunModel)" time="0.025" />
  <testcase classname="ptolemy.util.test.junit.AutoTests" name="[13] /home/travis/build/icyphy/ptII/ptolemy/domains/sdf/test/auto/LMSAdaptive.xml (RunModel)" time="0.086" />
  <testcase classname="ptolemy.util.test.junit.AutoTests" name="[14] /home/travis/build/icyphy/ptII/ptolemy/domains/sdf/test/auto/LogisticMap.xml (RunModel)" time="0.49" />
  <testcase classname="ptolemy.util.test.junit.AutoTests" name="[15] /home/travis/build/icyphy/ptII/ptolemy/domains/sdf/test/auto/MaximumEntropySpectrum.xml (RunModel)" time="0.269" />
  <testcase classname="ptolemy.util.test.junit.AutoTests" name="[16] /home/travis/build/icyphy/ptII/ptolemy/domains/sdf/test/auto/MultirateSDF.xml (RunModel)" time="0.057" />
  <testcase classname="ptolemy.util.test.junit.AutoTests" name="[17] /home/travis/build/icyphy/ptII/ptolemy/domains/sdf/test/auto/MultirateSDFwithTransientStates.xml (RunModel)" time="0.068" />
  <testcase classname="ptolemy.util.test.junit.AutoTests" name="[18] /home/travis/build/icyphy/ptII/ptolemy/domains/sdf/test/auto/NoisySinewave.xml (RunModel)" time="0.056" />
  <testcase classname="ptolemy.util.test.junit.AutoTests" name="[19] /home/travis/build/icyphy/ptII/ptolemy/domains/sdf/test/auto/Objects.xml (RunModel)" time="0.044" />
  <testcase classname="ptolemy.util.test.junit.AutoTests" name="[20] /home/travis/build/icyphy/ptII/ptolemy/domains/sdf/test/auto/OrthogonalCom.xml (RunModel)" time="0.045" />
  <testcase classname="ptolemy.util.test.junit.AutoTests" name="[21] /home/travis/build/icyphy/ptII/ptolemy/domains/sdf/test/auto/RijndaelEncryption.xml (RunModel)" time="0.467" />
  <testcase classname="ptolemy.util.test.junit.AutoTests" name="[22] /home/travis/build/icyphy/ptII/ptolemy/domains/sdf/test/auto/SDFEmptyIterations.xml (RunModel)" time="0.014" />
  <testcase classname="ptolemy.util.test.junit.AutoTests" name="[23] /home/travis/build/icyphy/ptII/ptolemy/domains/sdf/test/auto/Spectrum.xml (RunModel)" time="0.122" />
  <testcase classname="ptolemy.util.test.junit.AutoTests" name="[24] /home/travis/build/icyphy/ptII/ptolemy/domains/sdf/test/auto/de_inside_sdf.xml (RunModel)" time="0.028" />
  <testcase classname="ptolemy.util.test.junit.AutoTests" name="[25] /home/travis/build/icyphy/ptII/ptolemy/domains/sdf/test/auto/disconnectedHierarchicalSDF.xml (RunModel)" time="0.028" />
  <testcase classname="ptolemy.util.test.junit.AutoTests" name="[26] /home/travis/build/icyphy/ptII/ptolemy/domains/sdf/test/auto/disconnectedSDF.xml (RunModel)" time="0.027" />
  <testcase classname="ptolemy.util.test.junit.AutoTests" name="[27] /home/travis/build/icyphy/ptII/ptolemy/domains/sdf/test/auto/emptyRefinement.xml (RunModel)" time="0.031" />
  <testcase classname="ptolemy.util.test.junit.AutoTests" name="[28] /home/travis/build/icyphy/ptII/ptolemy/domains/sdf/test/auto/filePortParameter.xml (RunModel)" time="0.062" />
  <testcase classname="ptolemy.util.test.junit.AutoTests" name="[29] /home/travis/build/icyphy/ptII/ptolemy/domains/sdf/test/auto/inferRelationWidth1.xml (RunModel)" time="0.017" />
  <testcase classname="ptolemy.util.test.junit.AutoTests" name="[30] /home/travis/build/icyphy/ptII/ptolemy/domains/sdf/test/auto/initProductionInference.xml (RunModel)" time="0.024" />
  <testcase classname="ptolemy.util.test.junit.AutoTests" name="[31] /home/travis/build/icyphy/ptII/ptolemy/domains/sdf/test/auto/relationGroup.xml (RunModel)" time="0.017" />
  <testcase classname="ptolemy.util.test.junit.AutoTests" name="[32] /home/travis/build/icyphy/ptII/ptolemy/domains/sdf/test/auto/relationGroup10.xml (RunModel)" time="0.012" />
  <testcase classname="ptolemy.util.test.junit.AutoTests" name="[33] /home/travis/build/icyphy/ptII/ptolemy/domains/sdf/test/auto/relationGroup11.xml (RunModel)" time="0.013" />
  <testcase classname="ptolemy.util.test.junit.AutoTests" name="[34] /home/travis/build/icyphy/ptII/ptolemy/domains/sdf/test/auto/relationGroup12.xml (RunModel)" time="0.012" />
  <testcase classname="ptolemy.util.test.junit.AutoTests" name="[35] /home/travis/build/icyphy/ptII/ptolemy/domains/sdf/test/auto/relationGroup13.xml (RunModel)" time="0.014" />
  <testcase classname="ptolemy.util.test.junit.AutoTests" name="[36] /home/travis/build/icyphy/ptII/ptolemy/domains/sdf/test/auto/relationGroup14.xml (RunModel)" time="0.01" />
  <testcase classname="ptolemy.util.test.junit.AutoTests" name="[37] /home/travis/build/icyphy/ptII/ptolemy/domains/sdf/test/auto/relationGroup15.xml (RunModel)" time="0.011" />
  <testcase classname="ptolemy.util.test.junit.AutoTests" name="[38] /home/travis/build/icyphy/ptII/ptolemy/domains/sdf/test/auto/relationGroup2.xml (RunModel)" time="0.009" />
  <testcase classname="ptolemy.util.test.junit.AutoTests" name="[39] /home/travis/build/icyphy/ptII/ptolemy/domains/sdf/test/auto/relationGroup3.xml (RunModel)" time="0.016" />
  <testcase classname="ptolemy.util.test.junit.AutoTests" name="[40] /home/travis/build/icyphy/ptII/ptolemy/domains/sdf/test/auto/relationGroup4.xml (RunModel)" time="0.016" />
  <testcase classname="ptolemy.util.test.junit.AutoTests" name="[41] /home/travis/build/icyphy/ptII/ptolemy/domains/sdf/test/auto/relationGroup5.xml (RunModel)" time="0.011" />
  <testcase classname="ptolemy.util.test.junit.AutoTests" name="[42] /home/travis/build/icyphy/ptII/ptolemy/domains/sdf/test/auto/relationGroup6.xml (RunModel)" time="0.014" />
  <testcase classname="ptolemy.util.test.junit.AutoTests" name="[43] /home/travis/build/icyphy/ptII/ptolemy/domains/sdf/test/auto/relationGroup7.xml (RunModel)" time="0.01" />
  <testcase classname="ptolemy.util.test.junit.AutoTests" name="[44] /home/travis/build/icyphy/ptII/ptolemy/domains/sdf/test/auto/relationGroup8.xml (RunModel)" time="0.008" />
  <testcase classname="ptolemy.util.test.junit.AutoTests" name="[45] /home/travis/build/icyphy/ptII/ptolemy/domains/sdf/test/auto/relationGroup9.xml (RunModel)" time="0.01" />
  <testcase classname="ptolemy.util.test.junit.AutoTests" name="[46] /home/travis/build/icyphy/ptII/ptolemy/domains/sdf/test/auto/sdf_inside_de.xml (RunModel)" time="0.034" />
  <testcase classname="ptolemy.util.test.junit.AutoTests" name="[47] /home/travis/build/icyphy/ptII/ptolemy/domains/sdf/test/auto/sdf_inside_pn.xml (RunModel)" time="0.056" />
  <testcase classname="ptolemy.util.test.junit.AutoTests" name="[48] /home/travis/build/icyphy/ptII/ptolemy/domains/sdf/test/auto/sdf_sdf1.xml (RunModel)" time="0.028" />
  <testcase classname="ptolemy.util.test.junit.AutoTests" name="[49] /home/travis/build/icyphy/ptII/ptolemy/domains/sdf/test/auto/test1.xml (RunModel)" time="0.015" />
  <testcase classname="ptolemy.util.test.junit.AutoTests" name="[50] /home/travis/build/icyphy/ptII/ptolemy/domains/sdf/test/auto/time1.xml (RunModel)" time="0.016" />
  <testcase classname="ptolemy.util.test.junit.AutoTests" name="[51] /home/travis/build/icyphy/ptII/ptolemy/domains/sdf/test/auto/time2.xml (RunModel)" time="0.009" />
  <testcase classname="ptolemy.util.test.junit.AutoTests" name="[52] /home/travis/build/icyphy/ptII/ptolemy/domains/sdf/test/auto/time3.xml (RunModel)" time="0.021" />
  <testcase classname="ptolemy.util.test.junit.AutoTests" name="[53] /home/travis/build/icyphy/ptII/ptolemy/domains/sdf/test/auto/time4.xml (RunModel)" time="0.019" />
  <testcase classname="ptolemy.util.test.junit.AutoTests" name="[54] /home/travis/build/icyphy/ptII/ptolemy/domains/sdf/test/auto/time5.xml (RunModel)" time="4.008" />
  <testcase classname="ptolemy.util.test.junit.AutoTests" name="[55] /home/travis/build/icyphy/ptII/ptolemy/domains/sdf/test/auto/typeSystem_Const_Integer_smallest_Type.xml (RunModel)" time="0.029" />
  <testcase classname="ptolemy.util.test.junit.AutoTests" name="[56] /home/travis/build/icyphy/ptII/ptolemy/domains/sdf/test/auto/typeSystem_declared_Inports_OutportTypeException.xml (RunModel)" time="0.02" />
  <testcase classname="ptolemy.util.test.junit.AutoTests" name="[57] /home/travis/build/icyphy/ptII/ptolemy/domains/sdf/test/auto/typeSystem_oneDeclaredInportType_wrongTypeOutport.xml (RunModel)" time="0.011" />
  <testcase classname="ptolemy.util.test.junit.AutoTests" name="[58] /home/travis/build/icyphy/ptII/ptolemy/domains/sdf/test/auto/width.xml (RunModel)" time="0.01" />
  <testcase classname="ptolemy.util.test.junit.AutoTests" name="[59] /home/travis/build/icyphy/ptII/ptolemy/domains/sdf/test/auto/width2.xml (RunModel)" time="0.034" />
  <testcase classname="ptolemy.util.test.junit.AutoTests" name="[60] /home/travis/build/icyphy/ptII/ptolemy/domains/sdf/test/auto/width3.xml (RunModel)" time="0.034" />
  <system-out><![CDATA[/home/travis/build/icyphy/ptII/ptolemy/domains/sdf/test/SDFSchedulerErrors.tcl
testDefs.tcl: setting time out to 9000 seconds at Mon Jul 22 05:12:03 UTC 2019
101 ms. Memory: 120832K Free: 81856K (68%)
14 ms. Memory: 120832K Free: 74159K (61%)
13 ms. Memory: 120832K Free: 68015K (56%)
5 ms. Memory: 120832K Free: 64958K (54%)
/home/travis/build/icyphy/ptII/ptolemy/domains/sdf/test/composition.tcl
61 ms. Memory: 120832K Free: 60862K (50%)
8 ms. Memory: 120832K Free: 58814K (49%)
/home/travis/build/icyphy/ptII/ptolemy/domains/sdf/test/cycle.tcl
.Toplevel.Director Preinitializing ...
Invoking preinitialize():  .Toplevel.Actor1
Invoking preinitialize():  .Toplevel.Actor2
Invoking preinitialize():  .Toplevel.Delay
.Toplevel.Director Finished preinitialize().
### Schedule:
Execute Schedule{
Fire Actor ptolemy.domains.sdf.kernel.test.SDFTestDelay {.Toplevel.Actor1}
Fire Actor ptolemy.domains.sdf.kernel.test.SDFTestDelay {.Toplevel.Actor2}
Fire Actor ptolemy.domains.sdf.lib.SampleDelay {.Toplevel.Delay}
}
### End schedule
Called initialize().
Invoking initialize():  .Toplevel.Actor1
Initializing actor: .Toplevel.Actor1.
Invoking initialize():  .Toplevel.Actor2
Initializing actor: .Toplevel.Actor2.
Invoking initialize():  .Toplevel.Delay
Initializing actor: .Toplevel.Delay.
Director: Called prefire().
-- Setting current time to 0.0
Director prefire returns true.
The actor .Toplevel.Actor1 will be iterated.
The actor .Toplevel.Actor1 was iterated.
The actor .Toplevel.Actor2 will be iterated.
The actor .Toplevel.Actor2 was iterated.
The actor .Toplevel.Delay will be iterated.
The actor .Toplevel.Delay was iterated.
Director: Called postfire().
Postfire returns: true
Director: Called prefire().
-- Setting current time to 0.0
Director prefire returns true.
The actor .Toplevel.Actor1 will be iterated.
The actor .Toplevel.Actor1 was iterated.
The actor .Toplevel.Actor2 will be iterated.
The actor .Toplevel.Actor2 was iterated.
The actor .Toplevel.Delay will be iterated.
The actor .Toplevel.Delay was iterated.
Director: Called postfire().
Postfire returns: true
Director: Called prefire().
-- Setting current time to 0.0
Director prefire returns true.
The actor .Toplevel.Actor1 will be iterated.
The actor .Toplevel.Actor1 was iterated.
The actor .Toplevel.Actor2 will be iterated.
The actor .Toplevel.Actor2 was iterated.
The actor .Toplevel.Delay will be iterated.
The actor .Toplevel.Delay was iterated.
Director: Called postfire().
Postfire returns: true
Director: Called prefire().
-- Setting current time to 0.0
Director prefire returns true.
The actor .Toplevel.Actor1 will be iterated.
The actor .Toplevel.Actor1 was iterated.
The actor .Toplevel.Actor2 will be iterated.
The actor .Toplevel.Actor2 was iterated.
The actor .Toplevel.Delay will be iterated.
The actor .Toplevel.Delay was iterated.
Director: Called postfire().
Postfire returns: true
Director: Called prefire().
-- Setting current time to 0.0
Director prefire returns true.
The actor .Toplevel.Actor1 will be iterated.
The actor .Toplevel.Actor1 was iterated.
The actor .Toplevel.Actor2 will be iterated.
The actor .Toplevel.Actor2 was iterated.
The actor .Toplevel.Delay will be iterated.
The actor .Toplevel.Delay was iterated.
Director: Called postfire().
Postfire returns: true
Director: Called prefire().
-- Setting current time to 0.0
Director prefire returns true.
The actor .Toplevel.Actor1 will be iterated.
The actor .Toplevel.Actor1 was iterated.
The actor .Toplevel.Actor2 will be iterated.
The actor .Toplevel.Actor2 was iterated.
The actor .Toplevel.Delay will be iterated.
The actor .Toplevel.Delay was iterated.
Reached specified number of iterations: 6
Director: Called wrapup().
36 ms. Memory: 120832K Free: 56256K (47%)
07/22/19 05:12:05
Failed: 0  Total Tests: 8  ((Passed: 8, Newly Passed: 0)  Known Failed: 0) /home/travis/build/icyphy/ptII/ptolemy/domains/sdf/test
No auto/knownFailedTests/*.xml tests in /home/travis/build/icyphy/ptII/ptolemy/domains/sdf/test
No auto/linux-amd64/*.xml tests in /home/travis/build/icyphy/ptII/ptolemy/domains/sdf/test
AutoTests.java: About to close Vertx.
AutoTests.java: Vertx closed.

===========================================================================================
----------------- testing Mon Jul 22 05:12:05 UTC 2019 /home/travis/build/icyphy/ptII/ptolemy/domains/sdf/test/auto/Array.xml
----------------- Instantiating /home/travis/build/icyphy/ptII/ptolemy/domains/sdf/test/auto/Array.xml
60 ms. Memory: 120832K Free: 97713K (81%)
----------------- Invoking toplevel() on ptolemy.moml.MoMLSimpleApplication@5c2721fb
----------------- Done invoking toplevel() on ptolemy.moml.MoMLSimpleApplication@5c2721fb
reloadAllAccessors: .Array

===========================================================================================
----------------- testing Mon Jul 22 05:12:06 UTC 2019 /home/travis/build/icyphy/ptII/ptolemy/domains/sdf/test/auto/Butterfly.xml
----------------- Instantiating /home/travis/build/icyphy/ptII/ptolemy/domains/sdf/test/auto/Butterfly.xml
113 ms. Memory: 120832K Free: 92367K (76%)
----------------- Invoking toplevel() on ptolemy.moml.MoMLSimpleApplication@3a6ef02c
----------------- Done invoking toplevel() on ptolemy.moml.MoMLSimpleApplication@3a6ef02c
reloadAllAccessors: .Butterfly

===========================================================================================
----------------- testing Mon Jul 22 05:12:06 UTC 2019 /home/travis/build/icyphy/ptII/ptolemy/domains/sdf/test/auto/Expression.xml
----------------- Instantiating /home/travis/build/icyphy/ptII/ptolemy/domains/sdf/test/auto/Expression.xml
61 ms. Memory: 120832K Free: 87449K (72%)
----------------- Invoking toplevel() on ptolemy.moml.MoMLSimpleApplication@6ce18548
----------------- Done invoking toplevel() on ptolemy.moml.MoMLSimpleApplication@6ce18548
reloadAllAccessors: .Expression

===========================================================================================
----------------- testing Mon Jul 22 05:12:06 UTC 2019 /home/travis/build/icyphy/ptII/ptolemy/domains/sdf/test/auto/Eye.xml
----------------- Instantiating /home/travis/build/icyphy/ptII/ptolemy/domains/sdf/test/auto/Eye.xml
173 ms. Memory: 120832K Free: 83738K (69%)
----------------- Invoking toplevel() on ptolemy.moml.MoMLSimpleApplication@666c5082
----------------- Done invoking toplevel() on ptolemy.moml.MoMLSimpleApplication@666c5082
reloadAllAccessors: .Eye

===========================================================================================
----------------- testing Mon Jul 22 05:12:06 UTC 2019 /home/travis/build/icyphy/ptII/ptolemy/domains/sdf/test/auto/FixFIR.xml
----------------- Instantiating /home/travis/build/icyphy/ptII/ptolemy/domains/sdf/test/auto/FixFIR.xml
137 ms. Memory: 120832K Free: 83915K (69%)
----------------- Invoking toplevel() on ptolemy.moml.MoMLSimpleApplication@1ea8771
----------------- Done invoking toplevel() on ptolemy.moml.MoMLSimpleApplication@1ea8771
reloadAllAccessors: .FixFIR

===========================================================================================
----------------- testing Mon Jul 22 05:12:06 UTC 2019 /home/travis/build/icyphy/ptII/ptolemy/domains/sdf/test/auto/FixPoint.xml
----------------- Instantiating /home/travis/build/icyphy/ptII/ptolemy/domains/sdf/test/auto/FixPoint.xml
14 ms. Memory: 120832K Free: 79766K (66%)
----------------- Invoking toplevel() on ptolemy.moml.MoMLSimpleApplication@3e32a29e
----------------- Done invoking toplevel() on ptolemy.moml.MoMLSimpleApplication@3e32a29e
reloadAllAccessors: .FixPoint

===========================================================================================
----------------- testing Mon Jul 22 05:12:06 UTC 2019 /home/travis/build/icyphy/ptII/ptolemy/domains/sdf/test/auto/Gravitation.xml
----------------- Instantiating /home/travis/build/icyphy/ptII/ptolemy/domains/sdf/test/auto/Gravitation.xml
3222 ms. Memory: 149504K Free: 105451K (71%)
----------------- Invoking toplevel() on ptolemy.moml.MoMLSimpleApplication@5d30ccc0
----------------- Done invoking toplevel() on ptolemy.moml.MoMLSimpleApplication@5d30ccc0
reloadAllAccessors: .Gravitation

===========================================================================================
----------------- testing Mon Jul 22 05:12:10 UTC 2019 /home/travis/build/icyphy/ptII/ptolemy/domains/sdf/test/auto/GravitationWithCollisionDetection.xml
----------------- Instantiating /home/travis/build/icyphy/ptII/ptolemy/domains/sdf/test/auto/GravitationWithCollisionDetection.xml
6633 ms. Memory: 277504K Free: 159685K (58%)
----------------- Invoking toplevel() on ptolemy.moml.MoMLSimpleApplication@5ee3f14a
----------------- Done invoking toplevel() on ptolemy.moml.MoMLSimpleApplication@5ee3f14a
reloadAllAccessors: .GravitationWithCollisionDetection

===========================================================================================
----------------- testing Mon Jul 22 05:12:17 UTC 2019 /home/travis/build/icyphy/ptII/ptolemy/domains/sdf/test/auto/HDF.xml
----------------- Instantiating /home/travis/build/icyphy/ptII/ptolemy/domains/sdf/test/auto/HDF.xml
40 ms. Memory: 277504K Free: 143815K (52%)
----------------- Invoking toplevel() on ptolemy.moml.MoMLSimpleApplication@778b3418
----------------- Done invoking toplevel() on ptolemy.moml.MoMLSimpleApplication@778b3418
reloadAllAccessors: .HDF

===========================================================================================
----------------- testing Mon Jul 22 05:12:17 UTC 2019 /home/travis/build/icyphy/ptII/ptolemy/domains/sdf/test/auto/HDFwithTransientStates.xml
----------------- Instantiating /home/travis/build/icyphy/ptII/ptolemy/domains/sdf/test/auto/HDFwithTransientStates.xml
35 ms. Memory: 277504K Free: 124869K (45%)
----------------- Invoking toplevel() on ptolemy.moml.MoMLSimpleApplication@f8e1e07
----------------- Done invoking toplevel() on ptolemy.moml.MoMLSimpleApplication@f8e1e07
reloadAllAccessors: .HDFwithTransientStates

===========================================================================================
----------------- testing Mon Jul 22 05:12:17 UTC 2019 /home/travis/build/icyphy/ptII/ptolemy/domains/sdf/test/auto/HTVQ.xml
----------------- Instantiating /home/travis/build/icyphy/ptII/ptolemy/domains/sdf/test/auto/HTVQ.xml
905 ms. Memory: 333824K Free: 175334K (53%)
----------------- Invoking toplevel() on ptolemy.moml.MoMLSimpleApplication@7cd5fa54
----------------- Done invoking toplevel() on ptolemy.moml.MoMLSimpleApplication@7cd5fa54
reloadAllAccessors: .HTVQ

===========================================================================================
----------------- testing Mon Jul 22 05:12:18 UTC 2019 /home/travis/build/icyphy/ptII/ptolemy/domains/sdf/test/auto/InferInitProduction.xml
----------------- Instantiating /home/travis/build/icyphy/ptII/ptolemy/domains/sdf/test/auto/InferInitProduction.xml
4 ms. Memory: 333824K Free: 170204K (51%)
----------------- Invoking toplevel() on ptolemy.moml.MoMLSimpleApplication@6e055250
----------------- Done invoking toplevel() on ptolemy.moml.MoMLSimpleApplication@6e055250
reloadAllAccessors: .InferInitProduction

===========================================================================================
----------------- testing Mon Jul 22 05:12:18 UTC 2019 /home/travis/build/icyphy/ptII/ptolemy/domains/sdf/test/auto/InferInitProductionDeeper.xml
----------------- Instantiating /home/travis/build/icyphy/ptII/ptolemy/domains/sdf/test/auto/InferInitProductionDeeper.xml
4 ms. Memory: 333824K Free: 164556K (49%)
----------------- Invoking toplevel() on ptolemy.moml.MoMLSimpleApplication@4f40d024
----------------- Done invoking toplevel() on ptolemy.moml.MoMLSimpleApplication@4f40d024
reloadAllAccessors: .InferInitProductionDeeper

===========================================================================================
----------------- testing Mon Jul 22 05:12:18 UTC 2019 /home/travis/build/icyphy/ptII/ptolemy/domains/sdf/test/auto/LMSAdaptive.xml
----------------- Instantiating /home/travis/build/icyphy/ptII/ptolemy/domains/sdf/test/auto/LMSAdaptive.xml
17 ms. Memory: 333824K Free: 154330K (46%)
----------------- Invoking toplevel() on ptolemy.moml.MoMLSimpleApplication@5b2d6e7
----------------- Done invoking toplevel() on ptolemy.moml.MoMLSimpleApplication@5b2d6e7
reloadAllAccessors: .LMSAdaptive

===========================================================================================
----------------- testing Mon Jul 22 05:12:18 UTC 2019 /home/travis/build/icyphy/ptII/ptolemy/domains/sdf/test/auto/LogisticMap.xml
----------------- Instantiating /home/travis/build/icyphy/ptII/ptolemy/domains/sdf/test/auto/LogisticMap.xml
446 ms. Memory: 333824K Free: 148700K (45%)
----------------- Invoking toplevel() on ptolemy.moml.MoMLSimpleApplication@1b15114
----------------- Done invoking toplevel() on ptolemy.moml.MoMLSimpleApplication@1b15114
reloadAllAccessors: .LogisticMap

===========================================================================================
----------------- testing Mon Jul 22 05:12:18 UTC 2019 /home/travis/build/icyphy/ptII/ptolemy/domains/sdf/test/auto/MaximumEntropySpectrum.xml
----------------- Instantiating /home/travis/build/icyphy/ptII/ptolemy/domains/sdf/test/auto/MaximumEntropySpectrum.xml
51 ms. Memory: 333824K Free: 283258K (85%)
----------------- Invoking toplevel() on ptolemy.moml.MoMLSimpleApplication@6f48013c
----------------- Done invoking toplevel() on ptolemy.moml.MoMLSimpleApplication@6f48013c
reloadAllAccessors: .MaximumEntropySpectrum

===========================================================================================
----------------- testing Mon Jul 22 05:12:19 UTC 2019 /home/travis/build/icyphy/ptII/ptolemy/domains/sdf/test/auto/MultirateSDF.xml
----------------- Instantiating /home/travis/build/icyphy/ptII/ptolemy/domains/sdf/test/auto/MultirateSDF.xml
19 ms. Memory: 333824K Free: 267884K (80%)
----------------- Invoking toplevel() on ptolemy.moml.MoMLSimpleApplication@1b6f2609
----------------- Done invoking toplevel() on ptolemy.moml.MoMLSimpleApplication@1b6f2609
reloadAllAccessors: .MultirateSDF

===========================================================================================
----------------- testing Mon Jul 22 05:12:19 UTC 2019 /home/travis/build/icyphy/ptII/ptolemy/domains/sdf/test/auto/MultirateSDFwithTransientStates.xml
----------------- Instantiating /home/travis/build/icyphy/ptII/ptolemy/domains/sdf/test/auto/MultirateSDFwithTransientStates.xml
21 ms. Memory: 333824K Free: 248956K (75%)
----------------- Invoking toplevel() on ptolemy.moml.MoMLSimpleApplication@d97213b
----------------- Done invoking toplevel() on ptolemy.moml.MoMLSimpleApplication@d97213b
reloadAllAccessors: .MultirateSDFwithTransientStates

===========================================================================================
----------------- testing Mon Jul 22 05:12:19 UTC 2019 /home/travis/build/icyphy/ptII/ptolemy/domains/sdf/test/auto/NoisySinewave.xml
----------------- Instantiating /home/travis/build/icyphy/ptII/ptolemy/domains/sdf/test/auto/NoisySinewave.xml
14 ms. Memory: 333824K Free: 232572K (70%)
----------------- Invoking toplevel() on ptolemy.moml.MoMLSimpleApplication@46562e33
----------------- Done invoking toplevel() on ptolemy.moml.MoMLSimpleApplication@46562e33
reloadAllAccessors: .NoisySinewave

===========================================================================================
----------------- testing Mon Jul 22 05:12:19 UTC 2019 /home/travis/build/icyphy/ptII/ptolemy/domains/sdf/test/auto/Objects.xml
----------------- Instantiating /home/travis/build/icyphy/ptII/ptolemy/domains/sdf/test/auto/Objects.xml
6 ms. Memory: 333824K Free: 224890K (67%)
----------------- Invoking toplevel() on ptolemy.moml.MoMLSimpleApplication@1db8cc26
----------------- Done invoking toplevel() on ptolemy.moml.MoMLSimpleApplication@1db8cc26
reloadAllAccessors: .Objects

===========================================================================================
----------------- testing Mon Jul 22 05:12:19 UTC 2019 /home/travis/build/icyphy/ptII/ptolemy/domains/sdf/test/auto/OrthogonalCom.xml
----------------- Instantiating /home/travis/build/icyphy/ptII/ptolemy/domains/sdf/test/auto/OrthogonalCom.xml
6 ms. Memory: 333824K Free: 217212K (65%)
----------------- Invoking toplevel() on ptolemy.moml.MoMLSimpleApplication@87af98d
----------------- Done invoking toplevel() on ptolemy.moml.MoMLSimpleApplication@87af98d
reloadAllAccessors: .OrthogonalCom

===========================================================================================
----------------- testing Mon Jul 22 05:12:19 UTC 2019 /home/travis/build/icyphy/ptII/ptolemy/domains/sdf/test/auto/RijndaelEncryption.xml
----------------- Instantiating /home/travis/build/icyphy/ptII/ptolemy/domains/sdf/test/auto/RijndaelEncryption.xml
181 ms. Memory: 333824K Free: 269647K (81%)
----------------- Invoking toplevel() on ptolemy.moml.MoMLSimpleApplication@59bb2ac1
----------------- Done invoking toplevel() on ptolemy.moml.MoMLSimpleApplication@59bb2ac1
reloadAllAccessors: .RijndaelEncryption

===========================================================================================
----------------- testing Mon Jul 22 05:12:19 UTC 2019 /home/travis/build/icyphy/ptII/ptolemy/domains/sdf/test/auto/SDFEmptyIterations.xml
----------------- Instantiating /home/travis/build/icyphy/ptII/ptolemy/domains/sdf/test/auto/SDFEmptyIterations.xml
6 ms. Memory: 333824K Free: 265041K (79%)
----------------- Invoking toplevel() on ptolemy.moml.MoMLSimpleApplication@3fbf63a6
----------------- Done invoking toplevel() on ptolemy.moml.MoMLSimpleApplication@3fbf63a6
reloadAllAccessors: .SDFEmptyIterations

===========================================================================================
----------------- testing Mon Jul 22 05:12:19 UTC 2019 /home/travis/build/icyphy/ptII/ptolemy/domains/sdf/test/auto/Spectrum.xml
----------------- Instantiating /home/travis/build/icyphy/ptII/ptolemy/domains/sdf/test/auto/Spectrum.xml
39 ms. Memory: 333824K Free: 240465K (72%)
----------------- Invoking toplevel() on ptolemy.moml.MoMLSimpleApplication@40a19ee1
----------------- Done invoking toplevel() on ptolemy.moml.MoMLSimpleApplication@40a19ee1
reloadAllAccessors: .Spectrum

===========================================================================================
----------------- testing Mon Jul 22 05:12:20 UTC 2019 /home/travis/build/icyphy/ptII/ptolemy/domains/sdf/test/auto/de_inside_sdf.xml
----------------- Instantiating /home/travis/build/icyphy/ptII/ptolemy/domains/sdf/test/auto/de_inside_sdf.xml
7 ms. Memory: 333824K Free: 235345K (70%)
----------------- Invoking toplevel() on ptolemy.moml.MoMLSimpleApplication@2c9a2a65
----------------- Done invoking toplevel() on ptolemy.moml.MoMLSimpleApplication@2c9a2a65
reloadAllAccessors: .de_inside_sdf

===========================================================================================
----------------- testing Mon Jul 22 05:12:20 UTC 2019 /home/travis/build/icyphy/ptII/ptolemy/domains/sdf/test/auto/disconnectedHierarchicalSDF.xml
----------------- Instantiating /home/travis/build/icyphy/ptII/ptolemy/domains/sdf/test/auto/disconnectedHierarchicalSDF.xml
6 ms. Memory: 333824K Free: 229201K (69%)
----------------- Invoking toplevel() on ptolemy.moml.MoMLSimpleApplication@25bb2cc9
----------------- Done invoking toplevel() on ptolemy.moml.MoMLSimpleApplication@25bb2cc9
reloadAllAccessors: .disconnectedHierarchicalSDF

===========================================================================================
----------------- testing Mon Jul 22 05:12:20 UTC 2019 /home/travis/build/icyphy/ptII/ptolemy/domains/sdf/test/auto/disconnectedSDF.xml
----------------- Instantiating /home/travis/build/icyphy/ptII/ptolemy/domains/sdf/test/auto/disconnectedSDF.xml
3 ms. Memory: 333824K Free: 225105K (67%)
----------------- Invoking toplevel() on ptolemy.moml.MoMLSimpleApplication@13c6f33c
----------------- Done invoking toplevel() on ptolemy.moml.MoMLSimpleApplication@13c6f33c
reloadAllAccessors: .disconnectedSDF

===========================================================================================
----------------- testing Mon Jul 22 05:12:20 UTC 2019 /home/travis/build/icyphy/ptII/ptolemy/domains/sdf/test/auto/emptyRefinement.xml
----------------- Instantiating /home/travis/build/icyphy/ptII/ptolemy/domains/sdf/test/auto/emptyRefinement.xml
7 ms. Memory: 333824K Free: 220495K (66%)
----------------- Invoking toplevel() on ptolemy.moml.MoMLSimpleApplication@5def05d1
----------------- Done invoking toplevel() on ptolemy.moml.MoMLSimpleApplication@5def05d1
reloadAllAccessors: .emptyRefinement

===========================================================================================
----------------- testing Mon Jul 22 05:12:20 UTC 2019 /home/travis/build/icyphy/ptII/ptolemy/domains/sdf/test/auto/filePortParameter.xml
----------------- Instantiating /home/travis/build/icyphy/ptII/ptolemy/domains/sdf/test/auto/filePortParameter.xml
16 ms. Memory: 333824K Free: 213327K (64%)
----------------- Invoking toplevel() on ptolemy.moml.MoMLSimpleApplication@37d09d60
----------------- Done invoking toplevel() on ptolemy.moml.MoMLSimpleApplication@37d09d60
reloadAllAccessors: .filePortParameter

===========================================================================================
----------------- testing Mon Jul 22 05:12:20 UTC 2019 /home/travis/build/icyphy/ptII/ptolemy/domains/sdf/test/auto/inferRelationWidth1.xml
----------------- Instantiating /home/travis/build/icyphy/ptII/ptolemy/domains/sdf/test/auto/inferRelationWidth1.xml
2 ms. Memory: 333824K Free: 210255K (63%)
----------------- Invoking toplevel() on ptolemy.moml.MoMLSimpleApplication@3dff50d
----------------- Done invoking toplevel() on ptolemy.moml.MoMLSimpleApplication@3dff50d
reloadAllAccessors: .inferRelationWidth1

===========================================================================================
----------------- testing Mon Jul 22 05:12:20 UTC 2019 /home/travis/build/icyphy/ptII/ptolemy/domains/sdf/test/auto/initProductionInference.xml
----------------- Instantiating /home/travis/build/icyphy/ptII/ptolemy/domains/sdf/test/auto/initProductionInference.xml
11 ms. Memory: 333824K Free: 206129K (62%)
----------------- Invoking toplevel() on ptolemy.moml.MoMLSimpleApplication@ec5ffda
----------------- Done invoking toplevel() on ptolemy.moml.MoMLSimpleApplication@ec5ffda
reloadAllAccessors: .initProductionInference

===========================================================================================
----------------- testing Mon Jul 22 05:12:20 UTC 2019 /home/travis/build/icyphy/ptII/ptolemy/domains/sdf/test/auto/relationGroup.xml
----------------- Instantiating /home/travis/build/icyphy/ptII/ptolemy/domains/sdf/test/auto/relationGroup.xml
2 ms. Memory: 333824K Free: 202577K (61%)
----------------- Invoking toplevel() on ptolemy.moml.MoMLSimpleApplication@21dcb4bc
----------------- Done invoking toplevel() on ptolemy.moml.MoMLSimpleApplication@21dcb4bc
reloadAllAccessors: .relationGroup

===========================================================================================
----------------- testing Mon Jul 22 05:12:20 UTC 2019 /home/travis/build/icyphy/ptII/ptolemy/domains/sdf/test/auto/relationGroup10.xml
----------------- Instantiating /home/travis/build/icyphy/ptII/ptolemy/domains/sdf/test/auto/relationGroup10.xml
1 ms. Memory: 333824K Free: 198991K (60%)
----------------- Invoking toplevel() on ptolemy.moml.MoMLSimpleApplication@5ac7011
----------------- Done invoking toplevel() on ptolemy.moml.MoMLSimpleApplication@5ac7011
reloadAllAccessors: .relationGroup10

===========================================================================================
----------------- testing Mon Jul 22 05:12:20 UTC 2019 /home/travis/build/icyphy/ptII/ptolemy/domains/sdf/test/auto/relationGroup11.xml
----------------- Instantiating /home/travis/build/icyphy/ptII/ptolemy/domains/sdf/test/auto/relationGroup11.xml
2 ms. Memory: 333824K Free: 195409K (59%)
----------------- Invoking toplevel() on ptolemy.moml.MoMLSimpleApplication@72ee14d
----------------- Done invoking toplevel() on ptolemy.moml.MoMLSimpleApplication@72ee14d
reloadAllAccessors: .relationGroup11

===========================================================================================
----------------- testing Mon Jul 22 05:12:20 UTC 2019 /home/travis/build/icyphy/ptII/ptolemy/domains/sdf/test/auto/relationGroup12.xml
----------------- Instantiating /home/travis/build/icyphy/ptII/ptolemy/domains/sdf/test/auto/relationGroup12.xml
2 ms. Memory: 333824K Free: 191823K (57%)
----------------- Invoking toplevel() on ptolemy.moml.MoMLSimpleApplication@7b5fea63
----------------- Done invoking toplevel() on ptolemy.moml.MoMLSimpleApplication@7b5fea63
reloadAllAccessors: .relationGroup12

===========================================================================================
----------------- testing Mon Jul 22 05:12:20 UTC 2019 /home/travis/build/icyphy/ptII/ptolemy/domains/sdf/test/auto/relationGroup13.xml
----------------- Instantiating /home/travis/build/icyphy/ptII/ptolemy/domains/sdf/test/auto/relationGroup13.xml
5 ms. Memory: 333824K Free: 186703K (56%)
----------------- Invoking toplevel() on ptolemy.moml.MoMLSimpleApplication@1c9a9f4d
----------------- Done invoking toplevel() on ptolemy.moml.MoMLSimpleApplication@1c9a9f4d
reloadAllAccessors: .relationGroup13

===========================================================================================
----------------- testing Mon Jul 22 05:12:20 UTC 2019 /home/travis/build/icyphy/ptII/ptolemy/domains/sdf/test/auto/relationGroup14.xml
----------------- Instantiating /home/travis/build/icyphy/ptII/ptolemy/domains/sdf/test/auto/relationGroup14.xml
3 ms. Memory: 333824K Free: 182097K (55%)
----------------- Invoking toplevel() on ptolemy.moml.MoMLSimpleApplication@29e9c905
----------------- Done invoking toplevel() on ptolemy.moml.MoMLSimpleApplication@29e9c905
reloadAllAccessors: .relationGroup14

===========================================================================================
----------------- testing Mon Jul 22 05:12:20 UTC 2019 /home/travis/build/icyphy/ptII/ptolemy/domains/sdf/test/auto/relationGroup15.xml
----------------- Instantiating /home/travis/build/icyphy/ptII/ptolemy/domains/sdf/test/auto/relationGroup15.xml
1 ms. Memory: 333824K Free: 178511K (53%)
----------------- Invoking toplevel() on ptolemy.moml.MoMLSimpleApplication@5b519f23
----------------- Done invoking toplevel() on ptolemy.moml.MoMLSimpleApplication@5b519f23
reloadAllAccessors: .relationGroup15

===========================================================================================
----------------- testing Mon Jul 22 05:12:20 UTC 2019 /home/travis/build/icyphy/ptII/ptolemy/domains/sdf/test/auto/relationGroup2.xml
----------------- Instantiating /home/travis/build/icyphy/ptII/ptolemy/domains/sdf/test/auto/relationGroup2.xml
3 ms. Memory: 333824K Free: 175439K (53%)
----------------- Invoking toplevel() on ptolemy.moml.MoMLSimpleApplication@18fcb161
----------------- Done invoking toplevel() on ptolemy.moml.MoMLSimpleApplication@18fcb161
reloadAllAccessors: .relationGroup2

===========================================================================================
----------------- testing Mon Jul 22 05:12:20 UTC 2019 /home/travis/build/icyphy/ptII/ptolemy/domains/sdf/test/auto/relationGroup3.xml
----------------- Instantiating /home/travis/build/icyphy/ptII/ptolemy/domains/sdf/test/auto/relationGroup3.xml
1 ms. Memory: 333824K Free: 172367K (52%)
----------------- Invoking toplevel() on ptolemy.moml.MoMLSimpleApplication@412c2cbd
----------------- Done invoking toplevel() on ptolemy.moml.MoMLSimpleApplication@412c2cbd
reloadAllAccessors: .relationGroup3

===========================================================================================
----------------- testing Mon Jul 22 05:12:20 UTC 2019 /home/travis/build/icyphy/ptII/ptolemy/domains/sdf/test/auto/relationGroup4.xml
----------------- Instantiating /home/travis/build/icyphy/ptII/ptolemy/domains/sdf/test/auto/relationGroup4.xml
7 ms. Memory: 333824K Free: 168241K (50%)
----------------- Invoking toplevel() on ptolemy.moml.MoMLSimpleApplication@67671c5c
----------------- Done invoking toplevel() on ptolemy.moml.MoMLSimpleApplication@67671c5c
reloadAllAccessors: .relationGroup4

===========================================================================================
----------------- testing Mon Jul 22 05:12:20 UTC 2019 /home/travis/build/icyphy/ptII/ptolemy/domains/sdf/test/auto/relationGroup5.xml
----------------- Instantiating /home/travis/build/icyphy/ptII/ptolemy/domains/sdf/test/auto/relationGroup5.xml
2 ms. Memory: 333824K Free: 163665K (49%)
----------------- Invoking toplevel() on ptolemy.moml.MoMLSimpleApplication@3cdea5a4
----------------- Done invoking toplevel() on ptolemy.moml.MoMLSimpleApplication@3cdea5a4
reloadAllAccessors: .relationGroup5

===========================================================================================
----------------- testing Mon Jul 22 05:12:20 UTC 2019 /home/travis/build/icyphy/ptII/ptolemy/domains/sdf/test/auto/relationGroup6.xml
----------------- Instantiating /home/travis/build/icyphy/ptII/ptolemy/domains/sdf/test/auto/relationGroup6.xml
4 ms. Memory: 333824K Free: 159569K (48%)
----------------- Invoking toplevel() on ptolemy.moml.MoMLSimpleApplication@3954d9e7
----------------- Done invoking toplevel() on ptolemy.moml.MoMLSimpleApplication@3954d9e7
reloadAllAccessors: .relationGroup6

===========================================================================================
----------------- testing Mon Jul 22 05:12:20 UTC 2019 /home/travis/build/icyphy/ptII/ptolemy/domains/sdf/test/auto/relationGroup7.xml
----------------- Instantiating /home/travis/build/icyphy/ptII/ptolemy/domains/sdf/test/auto/relationGroup7.xml
2 ms. Memory: 333824K Free: 156497K (47%)
----------------- Invoking toplevel() on ptolemy.moml.MoMLSimpleApplication@57119a62
----------------- Done invoking toplevel() on ptolemy.moml.MoMLSimpleApplication@57119a62
reloadAllAccessors: .relationGroup7

===========================================================================================
----------------- testing Mon Jul 22 05:12:20 UTC 2019 /home/travis/build/icyphy/ptII/ptolemy/domains/sdf/test/auto/relationGroup8.xml
----------------- Instantiating /home/travis/build/icyphy/ptII/ptolemy/domains/sdf/test/auto/relationGroup8.xml
1 ms. Memory: 333824K Free: 152911K (46%)
----------------- Invoking toplevel() on ptolemy.moml.MoMLSimpleApplication@60b33a78
----------------- Done invoking toplevel() on ptolemy.moml.MoMLSimpleApplication@60b33a78
reloadAllAccessors: .relationGroup8

===========================================================================================
----------------- testing Mon Jul 22 05:12:20 UTC 2019 /home/travis/build/icyphy/ptII/ptolemy/domains/sdf/test/auto/relationGroup9.xml
----------------- Instantiating /home/travis/build/icyphy/ptII/ptolemy/domains/sdf/test/auto/relationGroup9.xml
2 ms. Memory: 333824K Free: 148305K (44%)
----------------- Invoking toplevel() on ptolemy.moml.MoMLSimpleApplication@3190da5
----------------- Done invoking toplevel() on ptolemy.moml.MoMLSimpleApplication@3190da5
reloadAllAccessors: .relationGroup9

===========================================================================================
----------------- testing Mon Jul 22 05:12:20 UTC 2019 /home/travis/build/icyphy/ptII/ptolemy/domains/sdf/test/auto/sdf_inside_de.xml
----------------- Instantiating /home/travis/build/icyphy/ptII/ptolemy/domains/sdf/test/auto/sdf_inside_de.xml
10 ms. Memory: 333824K Free: 139599K (42%)
----------------- Invoking toplevel() on ptolemy.moml.MoMLSimpleApplication@7a1c9a1f
----------------- Done invoking toplevel() on ptolemy.moml.MoMLSimpleApplication@7a1c9a1f
reloadAllAccessors: .sdf_inside_de

===========================================================================================
----------------- testing Mon Jul 22 05:12:20 UTC 2019 /home/travis/build/icyphy/ptII/ptolemy/domains/sdf/test/auto/sdf_inside_pn.xml
----------------- Instantiating /home/travis/build/icyphy/ptII/ptolemy/domains/sdf/test/auto/sdf_inside_pn.xml
35 ms. Memory: 333824K Free: 130383K (39%)
----------------- Invoking toplevel() on ptolemy.moml.MoMLSimpleApplication@2ae253dd
----------------- Done invoking toplevel() on ptolemy.moml.MoMLSimpleApplication@2ae253dd
reloadAllAccessors: .sdf_inside_pn

===========================================================================================
----------------- testing Mon Jul 22 05:12:20 UTC 2019 /home/travis/build/icyphy/ptII/ptolemy/domains/sdf/test/auto/sdf_sdf1.xml
----------------- Instantiating /home/travis/build/icyphy/ptII/ptolemy/domains/sdf/test/auto/sdf_sdf1.xml
4 ms. Memory: 333824K Free: 124753K (37%)
----------------- Invoking toplevel() on ptolemy.moml.MoMLSimpleApplication@77b2887
----------------- Done invoking toplevel() on ptolemy.moml.MoMLSimpleApplication@77b2887
reloadAllAccessors: .sdf_sdf1

===========================================================================================
----------------- testing Mon Jul 22 05:12:20 UTC 2019 /home/travis/build/icyphy/ptII/ptolemy/domains/sdf/test/auto/test1.xml
----------------- Instantiating /home/travis/build/icyphy/ptII/ptolemy/domains/sdf/test/auto/test1.xml
3 ms. Memory: 333824K Free: 119633K (36%)
----------------- Invoking toplevel() on ptolemy.moml.MoMLSimpleApplication@1bdbd10d
----------------- Done invoking toplevel() on ptolemy.moml.MoMLSimpleApplication@1bdbd10d
reloadAllAccessors: .test1

===========================================================================================
----------------- testing Mon Jul 22 05:12:20 UTC 2019 /home/travis/build/icyphy/ptII/ptolemy/domains/sdf/test/auto/time1.xml
----------------- Instantiating /home/travis/build/icyphy/ptII/ptolemy/domains/sdf/test/auto/time1.xml
2 ms. Memory: 333824K Free: 314607K (94%)
----------------- Invoking toplevel() on ptolemy.moml.MoMLSimpleApplication@73ab59cb
----------------- Done invoking toplevel() on ptolemy.moml.MoMLSimpleApplication@73ab59cb
reloadAllAccessors: .time1

===========================================================================================
----------------- testing Mon Jul 22 05:12:20 UTC 2019 /home/travis/build/icyphy/ptII/ptolemy/domains/sdf/test/auto/time2.xml
----------------- Instantiating /home/travis/build/icyphy/ptII/ptolemy/domains/sdf/test/auto/time2.xml
1 ms. Memory: 333824K Free: 311021K (93%)
----------------- Invoking toplevel() on ptolemy.moml.MoMLSimpleApplication@716cf2d1
----------------- Done invoking toplevel() on ptolemy.moml.MoMLSimpleApplication@716cf2d1
reloadAllAccessors: .time2

===========================================================================================
----------------- testing Mon Jul 22 05:12:20 UTC 2019 /home/travis/build/icyphy/ptII/ptolemy/domains/sdf/test/auto/time3.xml
----------------- Instantiating /home/travis/build/icyphy/ptII/ptolemy/domains/sdf/test/auto/time3.xml
6 ms. Memory: 333824K Free: 305901K (92%)
----------------- Invoking toplevel() on ptolemy.moml.MoMLSimpleApplication@50fd831a
----------------- Done invoking toplevel() on ptolemy.moml.MoMLSimpleApplication@50fd831a
reloadAllAccessors: .time3

===========================================================================================
----------------- testing Mon Jul 22 05:12:20 UTC 2019 /home/travis/build/icyphy/ptII/ptolemy/domains/sdf/test/auto/time4.xml
----------------- Instantiating /home/travis/build/icyphy/ptII/ptolemy/domains/sdf/test/auto/time4.xml
6 ms. Memory: 333824K Free: 300271K (90%)
----------------- Invoking toplevel() on ptolemy.moml.MoMLSimpleApplication@9293ab5
----------------- Done invoking toplevel() on ptolemy.moml.MoMLSimpleApplication@9293ab5
reloadAllAccessors: .time4

===========================================================================================
----------------- testing Mon Jul 22 05:12:20 UTC 2019 /home/travis/build/icyphy/ptII/ptolemy/domains/sdf/test/auto/time5.xml
----------------- Instantiating /home/travis/build/icyphy/ptII/ptolemy/domains/sdf/test/auto/time5.xml
4001 ms. Memory: 333824K Free: 296685K (89%)
----------------- Invoking toplevel() on ptolemy.moml.MoMLSimpleApplication@67141306
----------------- Done invoking toplevel() on ptolemy.moml.MoMLSimpleApplication@67141306
reloadAllAccessors: .time5

===========================================================================================
----------------- testing Mon Jul 22 05:12:24 UTC 2019 /home/travis/build/icyphy/ptII/ptolemy/domains/sdf/test/auto/typeSystem_Const_Integer_smallest_Type.xml
----------------- Instantiating /home/travis/build/icyphy/ptII/ptolemy/domains/sdf/test/auto/typeSystem_Const_Integer_smallest_Type.xml
9 ms. Memory: 333824K Free: 292079K (87%)
----------------- Invoking toplevel() on ptolemy.moml.MoMLSimpleApplication@6ba2cf38
----------------- Done invoking toplevel() on ptolemy.moml.MoMLSimpleApplication@6ba2cf38
reloadAllAccessors: .typeSystem_Const_Integer_smallest_Type

===========================================================================================
----------------- testing Mon Jul 22 05:12:24 UTC 2019 /home/travis/build/icyphy/ptII/ptolemy/domains/sdf/test/auto/typeSystem_declared_Inports_OutportTypeException.xml
----------------- Instantiating /home/travis/build/icyphy/ptII/ptolemy/domains/sdf/test/auto/typeSystem_declared_Inports_OutportTypeException.xml
.typeSystem_declared_Inports_OutportTypeException.TestExceptionAttribute: initialize() was not invoked, but wrapup() was.  This is unusual, but not always a problem.  For example, exporting JNLP will do this.
4 ms. Memory: 333824K Free: 287469K (86%)
----------------- Invoking toplevel() on ptolemy.moml.MoMLSimpleApplication@608dc6f2
----------------- Done invoking toplevel() on ptolemy.moml.MoMLSimpleApplication@608dc6f2
reloadAllAccessors: .typeSystem_declared_Inports_OutportTypeException

===========================================================================================
----------------- testing Mon Jul 22 05:12:24 UTC 2019 /home/travis/build/icyphy/ptII/ptolemy/domains/sdf/test/auto/typeSystem_oneDeclaredInportType_wrongTypeOutport.xml
----------------- Instantiating /home/travis/build/icyphy/ptII/ptolemy/domains/sdf/test/auto/typeSystem_oneDeclaredInportType_wrongTypeOutport.xml
2 ms. Memory: 333824K Free: 282863K (85%)
----------------- Invoking toplevel() on ptolemy.moml.MoMLSimpleApplication@66b473b4
----------------- Done invoking toplevel() on ptolemy.moml.MoMLSimpleApplication@66b473b4
reloadAllAccessors: .typeSystem_oneDeclaredInportType_wrongTypeOutport

===========================================================================================
----------------- testing Mon Jul 22 05:12:24 UTC 2019 /home/travis/build/icyphy/ptII/ptolemy/domains/sdf/test/auto/width.xml
----------------- Instantiating /home/travis/build/icyphy/ptII/ptolemy/domains/sdf/test/auto/width.xml
1 ms. Memory: 333824K Free: 279277K (84%)
----------------- Invoking toplevel() on ptolemy.moml.MoMLSimpleApplication@38f4a85c
----------------- Done invoking toplevel() on ptolemy.moml.MoMLSimpleApplication@38f4a85c
reloadAllAccessors: .width

===========================================================================================
----------------- testing Mon Jul 22 05:12:24 UTC 2019 /home/travis/build/icyphy/ptII/ptolemy/domains/sdf/test/auto/width2.xml
----------------- Instantiating /home/travis/build/icyphy/ptII/ptolemy/domains/sdf/test/auto/width2.xml
27 ms. Memory: 333824K Free: 274157K (82%)
----------------- Invoking toplevel() on ptolemy.moml.MoMLSimpleApplication@256303a5
----------------- Done invoking toplevel() on ptolemy.moml.MoMLSimpleApplication@256303a5
reloadAllAccessors: .width2

===========================================================================================
----------------- testing Mon Jul 22 05:12:24 UTC 2019 /home/travis/build/icyphy/ptII/ptolemy/domains/sdf/test/auto/width3.xml
----------------- Instantiating /home/travis/build/icyphy/ptII/ptolemy/domains/sdf/test/auto/width3.xml
24 ms. Memory: 333824K Free: 269037K (81%)
----------------- Invoking toplevel() on ptolemy.moml.MoMLSimpleApplication@24f74b0
----------------- Done invoking toplevel() on ptolemy.moml.MoMLSimpleApplication@24f74b0
reloadAllAccessors: .width3
AutoTests.java: About to close Vertx.
AutoTests.java: Vertx closed.
]]></system-out>
  <system-err><![CDATA[java.lang.RuntimeException: Execution failed
	at ptolemy.moml.MoMLSimpleApplication$UnloadThread.run(MoMLSimpleApplication.java:402)
Caused by: ptolemy.actor.sched.NotSchedulableException: No solution exists for the balance equations.
Graph is not consistent under the SDF domain detected on external port .rateConsistency.actor.port2
  in .rateConsistency.SDF Director.Scheduler
	at ptolemy.domains.sdf.kernel.SDFScheduler._propagatePort(SDFScheduler.java:1425)
	at ptolemy.domains.sdf.kernel.SDFScheduler._solveBalanceEquations(SDFScheduler.java:710)
	at ptolemy.domains.sdf.kernel.SDFScheduler._getSchedule(SDFScheduler.java:566)
	at ptolemy.actor.sched.Scheduler.getSchedule(Scheduler.java:189)
	at ptolemy.domains.sdf.kernel.SDFDirector.createSchedule(SDFDirector.java:408)
	at ptolemy.domains.sdf.kernel.SDFDirector.preinitialize(SDFDirector.java:764)
	at ptolemy.actor.CompositeActor.preinitialize(CompositeActor.java:1828)
	at ptolemy.actor.Manager.preinitializeAndResolveTypes(Manager.java:1040)
	at ptolemy.actor.Manager.initialize(Manager.java:710)
	at ptolemy.actor.Manager.execute(Manager.java:356)
	at ptolemy.actor.Manager.run(Manager.java:1263)
	at ptolemy.actor.Manager$PtolemyRunThread.run(Manager.java:1933)
java.lang.RuntimeException: Execution failed
	at ptolemy.moml.MoMLSimpleApplication$UnloadThread.run(MoMLSimpleApplication.java:402)
Caused by: ptolemy.kernel.util.IllegalActionException: Failed to compute schedule:
  in .badRateChanges.typed composite actor.SDF Director
Because:
The SDF rate parameter may change. This is not allowed in SDF models that will be run through the code generator.  If you don't care about code generation, then you might consider setting the allowRateChanges parameter of the SDF director to false.
  in .badRateChanges.typed composite actor.Repeat.output.tokenProductionRate
	at ptolemy.domains.sdf.kernel.SDFDirector.createSchedule(SDFDirector.java:418)
	at ptolemy.domains.sdf.kernel.SDFDirector.preinitialize(SDFDirector.java:764)
	at ptolemy.actor.CompositeActor.preinitialize(CompositeActor.java:1828)
	at ptolemy.actor.Director.preinitialize(Director.java:1302)
	at ptolemy.actor.Director.preinitialize(Director.java:1257)
	at ptolemy.domains.sdf.kernel.SDFDirector.preinitialize(SDFDirector.java:763)
	at ptolemy.actor.CompositeActor.preinitialize(CompositeActor.java:1828)
	at ptolemy.actor.Manager.preinitializeAndResolveTypes(Manager.java:1040)
	at ptolemy.actor.Manager.initialize(Manager.java:710)
	at ptolemy.actor.Manager.execute(Manager.java:356)
	at ptolemy.actor.Manager.run(Manager.java:1263)
	at ptolemy.actor.Manager$PtolemyRunThread.run(Manager.java:1933)
Caused by: ptolemy.kernel.util.IllegalActionException: The SDF rate parameter may change. This is not allowed in SDF models that will be run through the code generator.  If you don't care about code generation, then you might consider setting the allowRateChanges parameter of the SDF director to false.
  in .badRateChanges.typed composite actor.Repeat.output.tokenProductionRate
	at ptolemy.domains.sdf.kernel.SDFScheduler._assertDynamicRateVariable(SDFScheduler.java:931)
	at ptolemy.domains.sdf.kernel.SDFScheduler._checkDynamicRateVariables(SDFScheduler.java:339)
	at ptolemy.domains.sdf.kernel.SDFScheduler._getSchedule(SDFScheduler.java:527)
	at ptolemy.actor.sched.Scheduler.getSchedule(Scheduler.java:189)
	at ptolemy.domains.sdf.kernel.SDFDirector.createSchedule(SDFDirector.java:408)
	... 11 more
java.lang.RuntimeException: Execution failed
	at ptolemy.moml.MoMLSimpleApplication$UnloadThread.run(MoMLSimpleApplication.java:402)
Caused by: ptolemy.kernel.util.IllegalActionException: Failed to compute schedule:
  in .badRateChanges2.typed composite actor.SDF Director
Because:
The SDF rate parameter may change. This is not allowed in SDF models that will be run through the code generator.  If you don't care about code generation, then you might consider setting the allowRateChanges parameter of the SDF director to false.
  in .badRateChanges2.typed composite actor.Repeat.output.tokenProductionRate
	at ptolemy.domains.sdf.kernel.SDFDirector.createSchedule(SDFDirector.java:418)
	at ptolemy.domains.sdf.kernel.SDFDirector.preinitialize(SDFDirector.java:764)
	at ptolemy.actor.CompositeActor.preinitialize(CompositeActor.java:1828)
	at ptolemy.actor.Director.preinitialize(Director.java:1302)
	at ptolemy.actor.Director.preinitialize(Director.java:1257)
	at ptolemy.domains.sdf.kernel.SDFDirector.preinitialize(SDFDirector.java:763)
	at ptolemy.actor.CompositeActor.preinitialize(CompositeActor.java:1828)
	at ptolemy.actor.Manager.preinitializeAndResolveTypes(Manager.java:1040)
	at ptolemy.actor.Manager.initialize(Manager.java:710)
	at ptolemy.actor.Manager.execute(Manager.java:356)
	at ptolemy.actor.Manager.run(Manager.java:1263)
	at ptolemy.actor.Manager$PtolemyRunThread.run(Manager.java:1933)
Caused by: ptolemy.kernel.util.IllegalActionException: The SDF rate parameter may change. This is not allowed in SDF models that will be run through the code generator.  If you don't care about code generation, then you might consider setting the allowRateChanges parameter of the SDF director to false.
  in .badRateChanges2.typed composite actor.Repeat.output.tokenProductionRate
	at ptolemy.domains.sdf.kernel.SDFScheduler._assertDynamicRateVariable(SDFScheduler.java:931)
	at ptolemy.domains.sdf.kernel.SDFScheduler._checkDynamicRateVariables(SDFScheduler.java:339)
	at ptolemy.domains.sdf.kernel.SDFScheduler._getSchedule(SDFScheduler.java:527)
	at ptolemy.actor.sched.Scheduler.getSchedule(Scheduler.java:189)
	at ptolemy.domains.sdf.kernel.SDFDirector.createSchedule(SDFDirector.java:408)
	... 11 more
java.lang.RuntimeException: Execution failed
	at ptolemy.moml.MoMLSimpleApplication$UnloadThread.run(MoMLSimpleApplication.java:402)
Caused by: ptolemy.actor.sched.NotSchedulableException: Actors remain that cannot be scheduled!

There are several possible reasons:
* SDF Graphs with feedback loops should have an actor with a delay in the loop, such as a SampleDelay.
* The SDF director has an "allowDisconnectedGraphs"parameter, which, when true, permits disconnected SDF graphs.
* The token consumption rate and production rates might be mismatched.
Usually, actors produce one token or consume one token on a port.  To produce or consume multiple tokens per firing, add a "tokenConsumptionRate" or "tokenProductionRate" parameter to the appropriate port.
Unscheduled actors:
.partiallyConnected.Const2 
Scheduled actors:
.partiallyConnected.Const 
  in .partiallyConnected.SDF Director.Scheduler
	at ptolemy.domains.sdf.kernel.SDFScheduler._scheduleConnectedActors(SDFScheduler.java:1828)
	at ptolemy.domains.sdf.kernel.SDFScheduler._getSchedule(SDFScheduler.java:587)
	at ptolemy.actor.sched.Scheduler.getSchedule(Scheduler.java:189)
	at ptolemy.domains.sdf.kernel.SDFDirector.createSchedule(SDFDirector.java:408)
	at ptolemy.domains.sdf.kernel.SDFDirector.preinitialize(SDFDirector.java:764)
	at ptolemy.actor.CompositeActor.preinitialize(CompositeActor.java:1828)
	at ptolemy.actor.Manager.preinitializeAndResolveTypes(Manager.java:1040)
	at ptolemy.actor.Manager.initialize(Manager.java:710)
	at ptolemy.actor.Manager.execute(Manager.java:356)
	at ptolemy.actor.Manager.run(Manager.java:1263)
	at ptolemy.actor.Manager$PtolemyRunThread.run(Manager.java:1933)
]]></system-err>
</testsuite>
