<?xml version="1.0" encoding="UTF-8" ?>
<testsuite errors="0" failures="0" hostname="travis-job-46ce2740-6e2f-489a-9ea2-944182aec5f5" name="ptolemy.domains.de.test.junit.JUnitTclTest" skipped="0" tests="101" time="136.659" timestamp="2019-08-10T05:17:43">
  <properties>
[...]
</properties>
  <testcase classname="ptolemy.util.test.junit.TclTests" name="[0] /home/travis/build/icyphy/ptII/ptolemy/domains/de/test/DependencyLoop.tcl (RunTclFile)" time="1.118" />
  <testcase classname="ptolemy.util.test.junit.TclTests" name="[1] /home/travis/build/icyphy/ptII/ptolemy/domains/de/test/RunDETestsAsQSS.tcl (RunTclFile)" time="93.094" />
  <testcase classname="ptolemy.util.test.junit.AutoKnownFailedTests" name="[0] /home/travis/build/icyphy/ptII/ptolemy/domains/de/test/auto/knownFailedTests/DESDFClockTest.xml (RunModel)" time="2.042" />
  <testcase classname="ptolemy.util.test.junit.AutoKnownFailedTests" name="[1] /home/travis/build/icyphy/ptII/ptolemy/domains/de/test/auto/knownFailedTests/DirectFeedback.xml (RunModel)" time="0.024" />
  <testcase classname="ptolemy.util.test.junit.AutoKnownFailedTests" name="[2] /home/travis/build/icyphy/ptII/ptolemy/domains/de/test/auto/knownFailedTests/FSMSource.xml (RunModel)" time="0.025" />
  <testcase classname="ptolemy.util.test.junit.AutoKnownFailedTests" name="[3] /home/travis/build/icyphy/ptII/ptolemy/domains/de/test/auto/knownFailedTests/HierarchicalModel.xml (RunModel)" time="0.063" />
  <testcase classname="ptolemy.util.test.junit.AutoKnownFailedTests" name="[4] /home/travis/build/icyphy/ptII/ptolemy/domains/de/test/auto/knownFailedTests/dependencyLoop.xml (RunModel)" time="0.065" />
  <testcase classname="ptolemy.util.test.junit.AutoKnownFailedTests" name="[5] /home/travis/build/icyphy/ptII/ptolemy/domains/de/test/auto/knownFailedTests/dependencyLoop2.xml (RunModel)" time="0.048" />
  <testcase classname="ptolemy.util.test.junit.AutoNameArchTests" name="[0] ThereAreNoAutoArchTests (RunModel)" time="0.002" />
  <testcase classname="ptolemy.util.test.junit.AutoTests" name="[0] /home/travis/build/icyphy/ptII/ptolemy/domains/de/test/auto/ActorDepthCalculation_actorWithoutPorts.xml (RunModel)" time="0.022" />
  <testcase classname="ptolemy.util.test.junit.AutoTests" name="[1] /home/travis/build/icyphy/ptII/ptolemy/domains/de/test/auto/AssemblyLine.xml (RunModel)" time="0.028" />
  <testcase classname="ptolemy.util.test.junit.AutoTests" name="[2] /home/travis/build/icyphy/ptII/ptolemy/domains/de/test/auto/CQBug1.xml (RunModel)" time="0.017" />
  <testcase classname="ptolemy.util.test.junit.AutoTests" name="[3] /home/travis/build/icyphy/ptII/ptolemy/domains/de/test/auto/CancelFireAt.xml (RunModel)" time="0.017" />
  <testcase classname="ptolemy.util.test.junit.AutoTests" name="[4] /home/travis/build/icyphy/ptII/ptolemy/domains/de/test/auto/CausalityAndComposabilityAnalysis.xml (RunModel)" time="0.013" />
  <testcase classname="ptolemy.util.test.junit.AutoTests" name="[5] /home/travis/build/icyphy/ptII/ptolemy/domains/de/test/auto/CausalityInterface1.xml (RunModel)" time="0.021" />
  <testcase classname="ptolemy.util.test.junit.AutoTests" name="[6] /home/travis/build/icyphy/ptII/ptolemy/domains/de/test/auto/CausalityInterface15.xml (RunModel)" time="0.017" />
  <testcase classname="ptolemy.util.test.junit.AutoTests" name="[7] /home/travis/build/icyphy/ptII/ptolemy/domains/de/test/auto/CausalityInterface2.xml (RunModel)" time="0.015" />
  <testcase classname="ptolemy.util.test.junit.AutoTests" name="[8] /home/travis/build/icyphy/ptII/ptolemy/domains/de/test/auto/CausalityInterface3.xml (RunModel)" time="0.02" />
  <testcase classname="ptolemy.util.test.junit.AutoTests" name="[9] /home/travis/build/icyphy/ptII/ptolemy/domains/de/test/auto/ClockDrift.xml (RunModel)" time="0.038" />
  <testcase classname="ptolemy.util.test.junit.AutoTests" name="[10] /home/travis/build/icyphy/ptII/ptolemy/domains/de/test/auto/ClockDriftAndValueChange.xml (RunModel)" time="0.04" />
  <testcase classname="ptolemy.util.test.junit.AutoTests" name="[11] /home/travis/build/icyphy/ptII/ptolemy/domains/de/test/auto/ClockDriftChange.xml (RunModel)" time="0.037" />
  <testcase classname="ptolemy.util.test.junit.AutoTests" name="[12] /home/travis/build/icyphy/ptII/ptolemy/domains/de/test/auto/ComposableCausalityAnalysis.xml (RunModel)" time="0.013" />
  <testcase classname="ptolemy.util.test.junit.AutoTests" name="[13] /home/travis/build/icyphy/ptII/ptolemy/domains/de/test/auto/DEFixedPointLimitation.xml (RunModel)" time="0.011" />
  <testcase classname="ptolemy.util.test.junit.AutoTests" name="[14] /home/travis/build/icyphy/ptII/ptolemy/domains/de/test/auto/DEScheduleTest.xml (RunModel)" time="0.017" />
  <testcase classname="ptolemy.util.test.junit.AutoTests" name="[15] /home/travis/build/icyphy/ptII/ptolemy/domains/de/test/auto/DEinDEwithStartTimes.xml (RunModel)" time="0.019" />
  <testcase classname="ptolemy.util.test.junit.AutoTests" name="[16] /home/travis/build/icyphy/ptII/ptolemy/domains/de/test/auto/DEinDEwithStartTimes2.xml (RunModel)" time="0.02" />
  <testcase classname="ptolemy.util.test.junit.AutoTests" name="[17] /home/travis/build/icyphy/ptII/ptolemy/domains/de/test/auto/DateDemo.xml (RunModel)" time="0.029" />
  <testcase classname="ptolemy.util.test.junit.AutoTests" name="[18] /home/travis/build/icyphy/ptII/ptolemy/domains/de/test/auto/DateToEvent.xml (RunModel)" time="2.047" />
  <testcase classname="ptolemy.util.test.junit.AutoTests" name="[19] /home/travis/build/icyphy/ptII/ptolemy/domains/de/test/auto/DepthTest1.xml (RunModel)" time="0.008" />
  <testcase classname="ptolemy.util.test.junit.AutoTests" name="[20] /home/travis/build/icyphy/ptII/ptolemy/domains/de/test/auto/DepthTest2.xml (RunModel)" time="0.044" />
  <testcase classname="ptolemy.util.test.junit.AutoTests" name="[21] /home/travis/build/icyphy/ptII/ptolemy/domains/de/test/auto/DepthTest3.xml (RunModel)" time="0.01" />
  <testcase classname="ptolemy.util.test.junit.AutoTests" name="[22] /home/travis/build/icyphy/ptII/ptolemy/domains/de/test/auto/DepthTest4.xml (RunModel)" time="0.025" />
  <testcase classname="ptolemy.util.test.junit.AutoTests" name="[23] /home/travis/build/icyphy/ptII/ptolemy/domains/de/test/auto/DepthTest5.xml (RunModel)" time="0.014" />
  <testcase classname="ptolemy.util.test.junit.AutoTests" name="[24] /home/travis/build/icyphy/ptII/ptolemy/domains/de/test/auto/DepthTest6.xml (RunModel)" time="0.013" />
  <testcase classname="ptolemy.util.test.junit.AutoTests" name="[25] /home/travis/build/icyphy/ptII/ptolemy/domains/de/test/auto/DepthTest7.xml (RunModel)" time="0.011" />
  <testcase classname="ptolemy.util.test.junit.AutoTests" name="[26] /home/travis/build/icyphy/ptII/ptolemy/domains/de/test/auto/EventToDate.xml (RunModel)" time="3.052" />
  <testcase classname="ptolemy.util.test.junit.AutoTests" name="[27] /home/travis/build/icyphy/ptII/ptolemy/domains/de/test/auto/FSM1.xml (RunModel)" time="0.052" />
  <testcase classname="ptolemy.util.test.junit.AutoTests" name="[28] /home/travis/build/icyphy/ptII/ptolemy/domains/de/test/auto/FSM7.xml (RunModel)" time="0.04" />
  <testcase classname="ptolemy.util.test.junit.AutoTests" name="[29] /home/travis/build/icyphy/ptII/ptolemy/domains/de/test/auto/Inspection.xml (RunModel)" time="0.049" />
  <testcase classname="ptolemy.util.test.junit.AutoTests" name="[30] /home/travis/build/icyphy/ptII/ptolemy/domains/de/test/auto/Iteration.xml (RunModel)" time="0.033" />
  <testcase classname="ptolemy.util.test.junit.AutoTests" name="[31] /home/travis/build/icyphy/ptII/ptolemy/domains/de/test/auto/LineFault.xml (RunModel)" time="0.699" />
  <testcase classname="ptolemy.util.test.junit.AutoTests" name="[32] /home/travis/build/icyphy/ptII/ptolemy/domains/de/test/auto/MergeModel1Add.xml (RunModel)" time="0.061" />
  <testcase classname="ptolemy.util.test.junit.AutoTests" name="[33] /home/travis/build/icyphy/ptII/ptolemy/domains/de/test/auto/MergeModel2Add.xml (RunModel)" time="0.035" />
  <testcase classname="ptolemy.util.test.junit.AutoTests" name="[34] /home/travis/build/icyphy/ptII/ptolemy/domains/de/test/auto/MergeModel3Add.xml (RunModel)" time="0.053" />
  <testcase classname="ptolemy.util.test.junit.AutoTests" name="[35] /home/travis/build/icyphy/ptII/ptolemy/domains/de/test/auto/MergeWithoutDiscard.xml (RunModel)" time="0.017" />
  <testcase classname="ptolemy.util.test.junit.AutoTests" name="[36] /home/travis/build/icyphy/ptII/ptolemy/domains/de/test/auto/Modal1.xml (RunModel)" time="0.027" />
  <testcase classname="ptolemy.util.test.junit.AutoTests" name="[37] /home/travis/build/icyphy/ptII/ptolemy/domains/de/test/auto/Modal2.xml (RunModel)" time="0.035" />
  <testcase classname="ptolemy.util.test.junit.AutoTests" name="[38] /home/travis/build/icyphy/ptII/ptolemy/domains/de/test/auto/Modal3.xml (RunModel)" time="0.028" />
  <testcase classname="ptolemy.util.test.junit.AutoTests" name="[39] /home/travis/build/icyphy/ptII/ptolemy/domains/de/test/auto/Modal4.xml (RunModel)" time="0.056" />
  <testcase classname="ptolemy.util.test.junit.AutoTests" name="[40] /home/travis/build/icyphy/ptII/ptolemy/domains/de/test/auto/Modal5.xml (RunModel)" time="0.043" />
  <testcase classname="ptolemy.util.test.junit.AutoTests" name="[41] /home/travis/build/icyphy/ptII/ptolemy/domains/de/test/auto/Modal6.xml (RunModel)" time="0.028" />
  <testcase classname="ptolemy.util.test.junit.AutoTests" name="[42] /home/travis/build/icyphy/ptII/ptolemy/domains/de/test/auto/Modal7.xml (RunModel)" time="0.04" />
  <testcase classname="ptolemy.util.test.junit.AutoTests" name="[43] /home/travis/build/icyphy/ptII/ptolemy/domains/de/test/auto/ModalModel.xml (RunModel)" time="0.177" />
  <testcase classname="ptolemy.util.test.junit.AutoTests" name="[44] /home/travis/build/icyphy/ptII/ptolemy/domains/de/test/auto/ModalSource.xml (RunModel)" time="0.025" />
  <testcase classname="ptolemy.util.test.junit.AutoTests" name="[45] /home/travis/build/icyphy/ptII/ptolemy/domains/de/test/auto/NonInterruptibleTimerZeroDelay.xml (RunModel)" time="0.01" />
  <testcase classname="ptolemy.util.test.junit.AutoTests" name="[46] /home/travis/build/icyphy/ptII/ptolemy/domains/de/test/auto/OpenQueueingNetwork.xml (RunModel)" time="2.716" />
  <testcase classname="ptolemy.util.test.junit.AutoTests" name="[47] /home/travis/build/icyphy/ptII/ptolemy/domains/de/test/auto/OpenQueuingNetwork.xml (RunModel)" time="0.308" />
  <testcase classname="ptolemy.util.test.junit.AutoTests" name="[48] /home/travis/build/icyphy/ptII/ptolemy/domains/de/test/auto/PeriodicSampler.xml (RunModel)" time="0.014" />
  <testcase classname="ptolemy.util.test.junit.AutoTests" name="[49] /home/travis/build/icyphy/ptII/ptolemy/domains/de/test/auto/PersistentIO.xml (RunModel)" time="0.019" />
  <testcase classname="ptolemy.util.test.junit.AutoTests" name="[50] /home/travis/build/icyphy/ptII/ptolemy/domains/de/test/auto/PortParameterResetOnInitialize.xml (RunModel)" time="0.009" />
  <testcase classname="ptolemy.util.test.junit.AutoTests" name="[51] /home/travis/build/icyphy/ptII/ptolemy/domains/de/test/auto/PortParameterUpdates.xml (RunModel)" time="0.017" />
  <testcase classname="ptolemy.util.test.junit.AutoTests" name="[52] /home/travis/build/icyphy/ptII/ptolemy/domains/de/test/auto/QueueAndServer.xml (RunModel)" time="0.021" />
  <testcase classname="ptolemy.util.test.junit.AutoTests" name="[53] /home/travis/build/icyphy/ptII/ptolemy/domains/de/test/auto/Records.xml (RunModel)" time="0.014" />
  <testcase classname="ptolemy.util.test.junit.AutoTests" name="[54] /home/travis/build/icyphy/ptII/ptolemy/domains/de/test/auto/ResetTransitionWithStartTime1.xml (RunModel)" time="0.018" />
  <testcase classname="ptolemy.util.test.junit.AutoTests" name="[55] /home/travis/build/icyphy/ptII/ptolemy/domains/de/test/auto/ResetTransitionWithStartTime2.xml (RunModel)" time="0.019" />
  <testcase classname="ptolemy.util.test.junit.AutoTests" name="[56] /home/travis/build/icyphy/ptII/ptolemy/domains/de/test/auto/ResetTransitionWithStartTime3.xml (RunModel)" time="0.018" />
  <testcase classname="ptolemy.util.test.junit.AutoTests" name="[57] /home/travis/build/icyphy/ptII/ptolemy/domains/de/test/auto/ResetTransitionWithStartTime4.xml (RunModel)" time="0.023" />
  <testcase classname="ptolemy.util.test.junit.AutoTests" name="[58] /home/travis/build/icyphy/ptII/ptolemy/domains/de/test/auto/ResettableTimer1.xml (RunModel)" time="0.011" />
  <testcase classname="ptolemy.util.test.junit.AutoTests" name="[59] /home/travis/build/icyphy/ptII/ptolemy/domains/de/test/auto/ResettableTimer2.xml (RunModel)" time="0.01" />
  <testcase classname="ptolemy.util.test.junit.AutoTests" name="[60] /home/travis/build/icyphy/ptII/ptolemy/domains/de/test/auto/ResettableTimer3.xml (RunModel)" time="0.009" />
  <testcase classname="ptolemy.util.test.junit.AutoTests" name="[61] /home/travis/build/icyphy/ptII/ptolemy/domains/de/test/auto/ResettableTimer4.xml (RunModel)" time="0.012" />
  <testcase classname="ptolemy.util.test.junit.AutoTests" name="[62] /home/travis/build/icyphy/ptII/ptolemy/domains/de/test/auto/ResettableTimer5.xml (RunModel)" time="0.011" />
  <testcase classname="ptolemy.util.test.junit.AutoTests" name="[63] /home/travis/build/icyphy/ptII/ptolemy/domains/de/test/auto/ResettableTimer6.xml (RunModel)" time="0.018" />
  <testcase classname="ptolemy.util.test.junit.AutoTests" name="[64] /home/travis/build/icyphy/ptII/ptolemy/domains/de/test/auto/ServerZeroDelay.xml (RunModel)" time="0.011" />
  <testcase classname="ptolemy.util.test.junit.AutoTests" name="[65] /home/travis/build/icyphy/ptII/ptolemy/domains/de/test/auto/SmartSender.xml (RunModel)" time="3.008" />
  <testcase classname="ptolemy.util.test.junit.AutoTests" name="[66] /home/travis/build/icyphy/ptII/ptolemy/domains/de/test/auto/ThreadedComposite.xml (RunModel)" time="0.279" />
  <testcase classname="ptolemy.util.test.junit.AutoTests" name="[67] /home/travis/build/icyphy/ptII/ptolemy/domains/de/test/auto/Time.xml (RunModel)" time="0.515" />
  <testcase classname="ptolemy.util.test.junit.AutoTests" name="[68] /home/travis/build/icyphy/ptII/ptolemy/domains/de/test/auto/TimeDelayZeroDelay.xml (RunModel)" time="0.014" />
  <testcase classname="ptolemy.util.test.junit.AutoTests" name="[69] /home/travis/build/icyphy/ptII/ptolemy/domains/de/test/auto/TimerZeroDelay.xml (RunModel)" time="0.009" />
  <testcase classname="ptolemy.util.test.junit.AutoTests" name="[70] /home/travis/build/icyphy/ptII/ptolemy/domains/de/test/auto/TimingParadox.xml (RunModel)" time="0.363" />
  <testcase classname="ptolemy.util.test.junit.AutoTests" name="[71] /home/travis/build/icyphy/ptII/ptolemy/domains/de/test/auto/TransferInputs.xml (RunModel)" time="0.015" />
  <testcase classname="ptolemy.util.test.junit.AutoTests" name="[72] /home/travis/build/icyphy/ptII/ptolemy/domains/de/test/auto/TransferOutputs2.xml (RunModel)" time="0.015" />
  <testcase classname="ptolemy.util.test.junit.AutoTests" name="[73] /home/travis/build/icyphy/ptII/ptolemy/domains/de/test/auto/Trilateration.xml (RunModel)" time="12.661" />
  <testcase classname="ptolemy.util.test.junit.AutoTests" name="[74] /home/travis/build/icyphy/ptII/ptolemy/domains/de/test/auto/TwoSigmaDelta.xml (RunModel)" time="2.201" />
  <testcase classname="ptolemy.util.test.junit.AutoTests" name="[75] /home/travis/build/icyphy/ptII/ptolemy/domains/de/test/auto/VariableDelay.xml (RunModel)" time="0.016" />
  <testcase classname="ptolemy.util.test.junit.AutoTests" name="[76] /home/travis/build/icyphy/ptII/ptolemy/domains/de/test/auto/VariableDelay2.xml (RunModel)" time="0.018" />
  <testcase classname="ptolemy.util.test.junit.AutoTests" name="[77] /home/travis/build/icyphy/ptII/ptolemy/domains/de/test/auto/VariableDelayZeroDelay.xml (RunModel)" time="0.012" />
  <testcase classname="ptolemy.util.test.junit.AutoTests" name="[78] /home/travis/build/icyphy/ptII/ptolemy/domains/de/test/auto/VariableDelayZeroDelay2.xml (RunModel)" time="0.01" />
  <testcase classname="ptolemy.util.test.junit.AutoTests" name="[79] /home/travis/build/icyphy/ptII/ptolemy/domains/de/test/auto/deInCt.xml (RunModel)" time="0.019" />
  <testcase classname="ptolemy.util.test.junit.AutoTests" name="[80] /home/travis/build/icyphy/ptII/ptolemy/domains/de/test/auto/deInCt2.xml (RunModel)" time="0.018" />
  <testcase classname="ptolemy.util.test.junit.AutoTests" name="[81] /home/travis/build/icyphy/ptII/ptolemy/domains/de/test/auto/dynamicCausalityInterface1.xml (RunModel)" time="0.024" />
  <testcase classname="ptolemy.util.test.junit.AutoTests" name="[82] /home/travis/build/icyphy/ptII/ptolemy/domains/de/test/auto/fsm_de_test.xml (RunModel)" time="0.031" />
  <testcase classname="ptolemy.util.test.junit.AutoTests" name="[83] /home/travis/build/icyphy/ptII/ptolemy/domains/de/test/auto/functionDependencyReconstruction.xml (RunModel)" time="0.041" />
  <testcase classname="ptolemy.util.test.junit.AutoTests" name="[84] /home/travis/build/icyphy/ptII/ptolemy/domains/de/test/auto/multirate.xml (RunModel)" time="0.027" />
  <testcase classname="ptolemy.util.test.junit.AutoTests" name="[85] /home/travis/build/icyphy/ptII/ptolemy/domains/de/test/auto/multirate2.xml (RunModel)" time="0.019" />
  <testcase classname="ptolemy.util.test.junit.AutoTests" name="[86] /home/travis/build/icyphy/ptII/ptolemy/domains/de/test/auto/realtime.xml (RunModel)" time="10.01" />
  <testcase classname="ptolemy.util.test.junit.AutoTests" name="[87] /home/travis/build/icyphy/ptII/ptolemy/domains/de/test/auto/relationGroup.xml (RunModel)" time="0.01" />
  <testcase classname="ptolemy.util.test.junit.AutoTests" name="[88] /home/travis/build/icyphy/ptII/ptolemy/domains/de/test/auto/relationGroup2.xml (RunModel)" time="0.007" />
  <testcase classname="ptolemy.util.test.junit.AutoTests" name="[89] /home/travis/build/icyphy/ptII/ptolemy/domains/de/test/auto/sortWithOpaquePorts.xml (RunModel)" time="0.013" />
  <testcase classname="ptolemy.util.test.junit.AutoTests" name="[90] /home/travis/build/icyphy/ptII/ptolemy/domains/de/test/auto/transferInputsandOutputs.xml (RunModel)" time="0.022" />
  <testcase classname="ptolemy.util.test.junit.AutoTests" name="[91] /home/travis/build/icyphy/ptII/ptolemy/domains/de/test/auto/triggerType.xml (RunModel)" time="0.01" />
  <system-out><![CDATA[/home/travis/build/icyphy/ptII/ptolemy/domains/de/test/DependencyLoop.tcl
testDefs.tcl: setting time out to 9000 seconds at Sat Aug 10 05:17:43 UTC 2019
95 ms. Memory: 120832K Free: 72130K (60%)
25 ms. Memory: 120832K Free: 54691K (45%)
/home/travis/build/icyphy/ptII/ptolemy/domains/de/test/RunDETestsAsQSS.tcl
Run the DE tests using ptolemy.domains.qss.test.QSSDirectorTest, which extends QSSDirector and prints a message in the constructors.
------------------ testing $PTII/ptolemy/domains/de/test/auto/knownFailedTests/DirectFeedback.xml (Known Failure) 
66 ms. Memory: 120832K Free: 49092K (41%)


==== $PTIIhome/travis/build/icyphy/ptII/ptolemy/domains/de/test/../../../../: Auto Automatic test in file $PTII/ptolemy/domains/de/test/auto/knownFailedTests/DirectFeedback.xml
==== Contents of test case:

	    # FIXME: we should use $relativeFilename here, but it
	    # might have backslashes under Windows, which causes no end
	    # of trouble.
	    createAndExecute $file
	    list {}
	
.... Test generated KNOWN error:
    while executing
ptolemy.kernel.util.IllegalActionException: Test fails in iteration 1.
Value was: 1.0. Should have been: 2.0
  in .DirectFeedback.Test
	at ptolemy.actor.lib.Test.fire(Test.java:268)
	at ptolemy.domains.de.kernel.DEDirector._fire(DEDirector.java:1949)
	at ptolemy.domains.de.kernel.DEDirector.fire(DEDirector.java:502)
	at ptolemy.actor.CompositeActor.fire(CompositeActor.java:455)
	at ptolemy.actor.Manager.iterate(Manager.java:851)
	at ptolemy.actor.Manager.execute(Manager.java:369)
	at ptolemy.actor.Manager.run(Manager.java:1263)
	at ptolemy.actor.Manager$PtolemyRunThread.run(Manager.java:1933)

    while executing
ptolemy.kernel.util.IllegalActionException: Test fails in iteration 1.
Value was: 1.0. Should have been: 2.0
  in .DirectFeedback.Test
    while executing
"java::new ptolemy.moml.MoMLSimpleApplication $file
"
    (procedure "createAndExecute" line 2)
    invoked from within
"createAndExecute $file"
    ("uplevel" body line 5)
    invoked from within
"uplevel $contents_of_test"
------------------ testing $PTII/ptolemy/domains/de/test/auto/knownFailedTests/dependencyLoop.xml (Known Failure) 
16 ms. Memory: 120832K Free: 46020K (38%)


==== $PTIIhome/travis/build/icyphy/ptII/ptolemy/domains/de/test/../../../../: Auto Automatic test in file $PTII/ptolemy/domains/de/test/auto/knownFailedTests/dependencyLoop.xml
==== Contents of test case:

	    # FIXME: we should use $relativeFilename here, but it
	    # might have backslashes under Windows, which causes no end
	    # of trouble.
	    createAndExecute $file
	    list {}
	
.... Test generated KNOWN error:
    while executing
ptolemy.kernel.util.IllegalActionException: Found a zero delay loop containing .dependencyLoop.original
  in .dependencyLoop and .dependencyLoop.original
	at ptolemy.actor.util.CausalityInterfaceForComposites._computeOutputPortDepth(CausalityInterfaceForComposites.java:759)
	at ptolemy.actor.util.CausalityInterfaceForComposites._computeInputDepth(CausalityInterfaceForComposites.java:696)
	at ptolemy.actor.util.CausalityInterfaceForComposites._computeOutputPortDepth(CausalityInterfaceForComposites.java:765)
	at ptolemy.actor.util.CausalityInterfaceForComposites._computeInputDepth(CausalityInterfaceForComposites.java:696)
	at ptolemy.actor.util.CausalityInterfaceForComposites._computeOutputPortDepth(CausalityInterfaceForComposites.java:765)
	at ptolemy.actor.util.CausalityInterfaceForComposites._computeInputDepth(CausalityInterfaceForComposites.java:696)
	at ptolemy.actor.util.CausalityInterfaceForComposites._computeActorDepth(CausalityInterfaceForComposites.java:532)
	at ptolemy.actor.util.CausalityInterfaceForComposites.checkForCycles(CausalityInterfaceForComposites.java:96)
	at ptolemy.domains.de.kernel.DEDirector.preinitialize(DEDirector.java:1338)
	at ptolemy.actor.CompositeActor.preinitialize(CompositeActor.java:1828)
	at ptolemy.actor.Manager.preinitializeAndResolveTypes(Manager.java:1040)
	at ptolemy.actor.Manager.initialize(Manager.java:710)
	at ptolemy.actor.Manager.execute(Manager.java:356)
	at ptolemy.actor.Manager.run(Manager.java:1263)
	at ptolemy.actor.Manager$PtolemyRunThread.run(Manager.java:1933)

    while executing
ptolemy.kernel.util.IllegalActionException: Found a zero delay loop containing .dependencyLoop.original
  in .dependencyLoop and .dependencyLoop.original
    while executing
"java::new ptolemy.moml.MoMLSimpleApplication $file
"
    (procedure "createAndExecute" line 2)
    invoked from within
"createAndExecute $file"
    ("uplevel" body line 5)
    invoked from within
"uplevel $contents_of_test"
------------------ testing $PTII/ptolemy/domains/de/test/auto/knownFailedTests/FSMSource.xml (Known Failure) 
85 ms. Memory: 120832K Free: 99402K (82%)
!!!! Auto was marked as failing, but now passes
------------------ testing $PTII/ptolemy/domains/de/test/auto/knownFailedTests/HierarchicalModel.xml (Known Failure) 
6 ms. Memory: 120832K Free: 82030K (68%)


==== $PTIIhome/travis/build/icyphy/ptII/ptolemy/domains/de/test/../../../../: Auto Automatic test in file $PTII/ptolemy/domains/de/test/auto/knownFailedTests/HierarchicalModel.xml
==== Contents of test case:

	    # FIXME: we should use $relativeFilename here, but it
	    # might have backslashes under Windows, which causes no end
	    # of trouble.
	    createAndExecute $file
	    list {}
	
.... Test generated KNOWN error:
    while executing
ptolemy.kernel.util.IllegalActionException: Found a zero delay loop containing .HierarchicalModel.A
  in .HierarchicalModel and .HierarchicalModel.A
	at ptolemy.actor.util.CausalityInterfaceForComposites._computeOutputPortDepth(CausalityInterfaceForComposites.java:759)
	at ptolemy.actor.util.CausalityInterfaceForComposites._computeInputDepth(CausalityInterfaceForComposites.java:696)
	at ptolemy.actor.util.CausalityInterfaceForComposites._computeOutputPortDepth(CausalityInterfaceForComposites.java:765)
	at ptolemy.actor.util.CausalityInterfaceForComposites._computeInputDepth(CausalityInterfaceForComposites.java:696)
	at ptolemy.actor.util.CausalityInterfaceForComposites._computeOutputPortDepth(CausalityInterfaceForComposites.java:765)
	at ptolemy.actor.util.CausalityInterfaceForComposites._computeInputDepth(CausalityInterfaceForComposites.java:696)
	at ptolemy.actor.util.CausalityInterfaceForComposites._computeActorDepth(CausalityInterfaceForComposites.java:532)
	at ptolemy.actor.util.CausalityInterfaceForComposites.checkForCycles(CausalityInterfaceForComposites.java:96)
	at ptolemy.domains.de.kernel.DEDirector.preinitialize(DEDirector.java:1338)
	at ptolemy.actor.CompositeActor.preinitialize(CompositeActor.java:1828)
	at ptolemy.actor.Manager.preinitializeAndResolveTypes(Manager.java:1040)
	at ptolemy.actor.Manager.initialize(Manager.java:710)
	at ptolemy.actor.Manager.execute(Manager.java:356)
	at ptolemy.actor.Manager.run(Manager.java:1263)
	at ptolemy.actor.Manager$PtolemyRunThread.run(Manager.java:1933)

    while executing
ptolemy.kernel.util.IllegalActionException: Found a zero delay loop containing .HierarchicalModel.A
  in .HierarchicalModel and .HierarchicalModel.A
    while executing
"java::new ptolemy.moml.MoMLSimpleApplication $file
"
    (procedure "createAndExecute" line 2)
    invoked from within
"createAndExecute $file"
    ("uplevel" body line 5)
    invoked from within
"uplevel $contents_of_test"
------------------ testing $PTII/ptolemy/domains/de/test/auto/knownFailedTests/dependencyLoop2.xml (Known Failure) 
21 ms. Memory: 120832K Free: 105734K (88%)


==== $PTIIhome/travis/build/icyphy/ptII/ptolemy/domains/de/test/../../../../: Auto Automatic test in file $PTII/ptolemy/domains/de/test/auto/knownFailedTests/dependencyLoop2.xml
==== Contents of test case:

	    # FIXME: we should use $relativeFilename here, but it
	    # might have backslashes under Windows, which causes no end
	    # of trouble.
	    createAndExecute $file
	    list {}
	
.... Test generated KNOWN error:
    while executing
ptolemy.kernel.util.IllegalActionException: Found a zero delay loop containing .dependencyLoop2.original
  in .dependencyLoop2 and .dependencyLoop2.original
	at ptolemy.actor.util.CausalityInterfaceForComposites._computeOutputPortDepth(CausalityInterfaceForComposites.java:759)
	at ptolemy.actor.util.CausalityInterfaceForComposites._computeInputDepth(CausalityInterfaceForComposites.java:696)
	at ptolemy.actor.util.CausalityInterfaceForComposites._computeOutputPortDepth(CausalityInterfaceForComposites.java:765)
	at ptolemy.actor.util.CausalityInterfaceForComposites._computeInputDepth(CausalityInterfaceForComposites.java:696)
	at ptolemy.actor.util.CausalityInterfaceForComposites._computeOutputPortDepth(CausalityInterfaceForComposites.java:765)
	at ptolemy.actor.util.CausalityInterfaceForComposites._computeInputDepth(CausalityInterfaceForComposites.java:696)
	at ptolemy.actor.util.CausalityInterfaceForComposites._computeActorDepth(CausalityInterfaceForComposites.java:532)
	at ptolemy.actor.util.CausalityInterfaceForComposites.checkForCycles(CausalityInterfaceForComposites.java:96)
	at ptolemy.domains.de.kernel.DEDirector.preinitialize(DEDirector.java:1338)
	at ptolemy.actor.CompositeActor.preinitialize(CompositeActor.java:1828)
	at ptolemy.actor.Manager.preinitializeAndResolveTypes(Manager.java:1040)
	at ptolemy.actor.Manager.initialize(Manager.java:710)
	at ptolemy.actor.Manager.execute(Manager.java:356)
	at ptolemy.actor.Manager.run(Manager.java:1263)
	at ptolemy.actor.Manager$PtolemyRunThread.run(Manager.java:1933)

    while executing
ptolemy.kernel.util.IllegalActionException: Found a zero delay loop containing .dependencyLoop2.original
  in .dependencyLoop2 and .dependencyLoop2.original
    while executing
"java::new ptolemy.moml.MoMLSimpleApplication $file
"
    (procedure "createAndExecute" line 2)
    invoked from within
"createAndExecute $file"
    ("uplevel" body line 5)
    invoked from within
"uplevel $contents_of_test"
------------------ testing $PTII/ptolemy/domains/de/test/auto/knownFailedTests/DESDFClockTest.xml (Known Failure) 
2043 ms. Memory: 120832K Free: 92475K (77%)


==== $PTIIhome/travis/build/icyphy/ptII/ptolemy/domains/de/test/../../../../: Auto Automatic test in file $PTII/ptolemy/domains/de/test/auto/knownFailedTests/DESDFClockTest.xml
==== Contents of test case:

	    # FIXME: we should use $relativeFilename here, but it
	    # might have backslashes under Windows, which causes no end
	    # of trouble.
	    createAndExecute $file
	    list {}
	
.... Test generated KNOWN error:
    while executing
ptolemy.kernel.util.IllegalActionException: Actor is not ready to fire.  Perhaps UpSample.prefire() returned false? Try debugging the actor by selecting "Listen to Actor".  Also, for SDF check moml for tokenConsumptionRate on input.
  in .DESDFClockTest.Play Bell.Copy1:SDF Director and .DESDFClockTest.Play Bell.UpSample
	at ptolemy.actor.sched.StaticSchedulingDirector.fire(StaticSchedulingDirector.java:227)
	at ptolemy.domains.sdf.kernel.SDFDirector.fire(SDFDirector.java:500)
	at ptolemy.actor.CompositeActor.fire(CompositeActor.java:455)
	at ptolemy.domains.de.kernel.DEDirector._fire(DEDirector.java:1949)
	at ptolemy.domains.de.kernel.DEDirector.fire(DEDirector.java:502)
	at ptolemy.actor.CompositeActor.fire(CompositeActor.java:455)
	at ptolemy.actor.Manager.iterate(Manager.java:851)
	at ptolemy.actor.Manager.execute(Manager.java:369)
	at ptolemy.actor.Manager.run(Manager.java:1263)
	at ptolemy.actor.Manager$PtolemyRunThread.run(Manager.java:1933)

    while executing
ptolemy.kernel.util.IllegalActionException: Actor is not ready to fire.  Perhaps UpSample.prefire() returned false? Try debugging the actor by selecting "Listen to Actor".  Also, for SDF check moml for tokenConsumptionRate on input.
  in .DESDFClockTest.Play Bell.Copy1:SDF Director and .DESDFClockTest.Play Bell.UpSample
    while executing
"java::new ptolemy.moml.MoMLSimpleApplication $file
"
    (procedure "createAndExecute" line 2)
    invoked from within
"createAndExecute $file"
    ("uplevel" body line 5)
    invoked from within
"uplevel $contents_of_test"
------------------ testing $PTII/ptolemy/domains/de/test/auto/ActorDepthCalculation_actorWithoutPorts.xml
auto.tcl: Setting watchdog for 200 seconds at Sat Aug 10 05:17:47 UTC 2019
11 ms. Memory: 120832K Free: 85286K (71%)
ptolemy.util.test.WatchDog.cancel(): canceling Sat Aug 10 05:17:47 UTC 2019
auto.tcl: Setting watchdog for 200 seconds at Sat Aug 10 05:17:47 UTC 2019
8 ms. Memory: 120832K Free: 83610K (69%)
ptolemy.util.test.WatchDog.cancel(): canceling Sat Aug 10 05:17:47 UTC 2019
------------------ testing $PTII/ptolemy/domains/de/test/auto/AssemblyLine.xml
auto.tcl: Setting watchdog for 200 seconds at Sat Aug 10 05:17:47 UTC 2019
14 ms. Memory: 48128K Free: 25508K (53%)
ptolemy.util.test.WatchDog.cancel(): canceling Sat Aug 10 05:17:47 UTC 2019
auto.tcl: Setting watchdog for 200 seconds at Sat Aug 10 05:17:47 UTC 2019
11 ms. Memory: 48128K Free: 25073K (52%)
ptolemy.util.test.WatchDog.cancel(): canceling Sat Aug 10 05:17:48 UTC 2019
------------------ testing $PTII/ptolemy/domains/de/test/auto/CQBug1.xml
auto.tcl: Setting watchdog for 200 seconds at Sat Aug 10 05:17:48 UTC 2019
3 ms. Memory: 48128K Free: 31386K (65%)
ptolemy.util.test.WatchDog.cancel(): canceling Sat Aug 10 05:17:48 UTC 2019
auto.tcl: Setting watchdog for 200 seconds at Sat Aug 10 05:17:48 UTC 2019
2 ms. Memory: 48128K Free: 30919K (64%)
ptolemy.util.test.WatchDog.cancel(): canceling Sat Aug 10 05:17:48 UTC 2019
------------------ testing $PTII/ptolemy/domains/de/test/auto/CancelFireAt.xml
auto.tcl: Setting watchdog for 200 seconds at Sat Aug 10 05:17:48 UTC 2019
3 ms. Memory: 48128K Free: 32678K (68%)
ptolemy.util.test.WatchDog.cancel(): canceling Sat Aug 10 05:17:48 UTC 2019
auto.tcl: Setting watchdog for 200 seconds at Sat Aug 10 05:17:48 UTC 2019
5 ms. Memory: 48128K Free: 32235K (67%)
ptolemy.util.test.WatchDog.cancel(): canceling Sat Aug 10 05:17:48 UTC 2019
------------------ testing $PTII/ptolemy/domains/de/test/auto/CausalityAndComposabilityAnalysis.xml
auto.tcl: Setting watchdog for 200 seconds at Sat Aug 10 05:17:48 UTC 2019
9 ms. Memory: 48128K Free: 30907K (64%)
ptolemy.util.test.WatchDog.cancel(): canceling Sat Aug 10 05:17:48 UTC 2019
auto.tcl: Setting watchdog for 200 seconds at Sat Aug 10 05:17:48 UTC 2019
5 ms. Memory: 48128K Free: 30036K (62%)
ptolemy.util.test.WatchDog.cancel(): canceling Sat Aug 10 05:17:48 UTC 2019
------------------ testing $PTII/ptolemy/domains/de/test/auto/CausalityInterface1.xml
auto.tcl: Setting watchdog for 200 seconds at Sat Aug 10 05:17:48 UTC 2019
27 ms. Memory: 48128K Free: 29329K (61%)
ptolemy.util.test.WatchDog.cancel(): canceling Sat Aug 10 05:17:48 UTC 2019
auto.tcl: Setting watchdog for 200 seconds at Sat Aug 10 05:17:48 UTC 2019
8 ms. Memory: 48128K Free: 28362K (59%)
ptolemy.util.test.WatchDog.cancel(): canceling Sat Aug 10 05:17:48 UTC 2019
------------------ testing $PTII/ptolemy/domains/de/test/auto/CausalityInterface15.xml
auto.tcl: Setting watchdog for 200 seconds at Sat Aug 10 05:17:48 UTC 2019
13 ms. Memory: 48128K Free: 29486K (61%)
ptolemy.util.test.WatchDog.cancel(): canceling Sat Aug 10 05:17:48 UTC 2019
auto.tcl: Setting watchdog for 200 seconds at Sat Aug 10 05:17:48 UTC 2019
4 ms. Memory: 48128K Free: 28311K (59%)
ptolemy.util.test.WatchDog.cancel(): canceling Sat Aug 10 05:17:48 UTC 2019
------------------ testing $PTII/ptolemy/domains/de/test/auto/CausalityInterface2.xml
auto.tcl: Setting watchdog for 200 seconds at Sat Aug 10 05:17:48 UTC 2019
4 ms. Memory: 48128K Free: 29521K (61%)
ptolemy.util.test.WatchDog.cancel(): canceling Sat Aug 10 05:17:48 UTC 2019
auto.tcl: Setting watchdog for 200 seconds at Sat Aug 10 05:17:48 UTC 2019
3 ms. Memory: 48128K Free: 29088K (60%)
ptolemy.util.test.WatchDog.cancel(): canceling Sat Aug 10 05:17:48 UTC 2019
------------------ testing $PTII/ptolemy/domains/de/test/auto/CausalityInterface3.xml
auto.tcl: Setting watchdog for 200 seconds at Sat Aug 10 05:17:48 UTC 2019
6 ms. Memory: 48128K Free: 29521K (61%)
ptolemy.util.test.WatchDog.cancel(): canceling Sat Aug 10 05:17:48 UTC 2019
auto.tcl: Setting watchdog for 200 seconds at Sat Aug 10 05:17:48 UTC 2019
3 ms. Memory: 48128K Free: 28745K (60%)
ptolemy.util.test.WatchDog.cancel(): canceling Sat Aug 10 05:17:48 UTC 2019
------------------ testing $PTII/ptolemy/domains/de/test/auto/ClockDrift.xml
auto.tcl: Setting watchdog for 200 seconds at Sat Aug 10 05:17:48 UTC 2019
75 ms. Memory: 48128K Free: 22095K (46%)
ptolemy.util.test.WatchDog.cancel(): canceling Sat Aug 10 05:17:48 UTC 2019
auto.tcl: Setting watchdog for 200 seconds at Sat Aug 10 05:17:48 UTC 2019
72 ms. Memory: 48128K Free: 19079K (40%)
ptolemy.util.test.WatchDog.cancel(): canceling Sat Aug 10 05:17:49 UTC 2019
------------------ testing $PTII/ptolemy/domains/de/test/auto/ClockDriftAndValueChange.xml
auto.tcl: Setting watchdog for 200 seconds at Sat Aug 10 05:17:49 UTC 2019
44 ms. Memory: 48128K Free: 22503K (47%)
ptolemy.util.test.WatchDog.cancel(): canceling Sat Aug 10 05:17:49 UTC 2019
auto.tcl: Setting watchdog for 200 seconds at Sat Aug 10 05:17:49 UTC 2019
30 ms. Memory: 48128K Free: 19351K (40%)
ptolemy.util.test.WatchDog.cancel(): canceling Sat Aug 10 05:17:49 UTC 2019
------------------ testing $PTII/ptolemy/domains/de/test/auto/ClockDriftChange.xml
auto.tcl: Setting watchdog for 200 seconds at Sat Aug 10 05:17:49 UTC 2019
19 ms. Memory: 48128K Free: 24235K (50%)
ptolemy.util.test.WatchDog.cancel(): canceling Sat Aug 10 05:17:49 UTC 2019
auto.tcl: Setting watchdog for 200 seconds at Sat Aug 10 05:17:49 UTC 2019
17 ms. Memory: 48128K Free: 21655K (45%)
ptolemy.util.test.WatchDog.cancel(): canceling Sat Aug 10 05:17:49 UTC 2019
------------------ testing $PTII/ptolemy/domains/de/test/auto/ComposableCausalityAnalysis.xml
auto.tcl: Setting watchdog for 200 seconds at Sat Aug 10 05:17:49 UTC 2019
2 ms. Memory: 48128K Free: 28835K (60%)
ptolemy.util.test.WatchDog.cancel(): canceling Sat Aug 10 05:17:49 UTC 2019
auto.tcl: Setting watchdog for 200 seconds at Sat Aug 10 05:17:49 UTC 2019
5 ms. Memory: 48128K Free: 27788K (58%)
ptolemy.util.test.WatchDog.cancel(): canceling Sat Aug 10 05:17:49 UTC 2019
------------------ testing $PTII/ptolemy/domains/de/test/auto/DEFixedPointLimitation.xml
auto.tcl: Setting watchdog for 200 seconds at Sat Aug 10 05:17:49 UTC 2019
3 ms. Memory: 48128K Free: 30223K (63%)
ptolemy.util.test.WatchDog.cancel(): canceling Sat Aug 10 05:17:49 UTC 2019
auto.tcl: Setting watchdog for 200 seconds at Sat Aug 10 05:17:49 UTC 2019
2 ms. Memory: 48128K Free: 29302K (61%)
ptolemy.util.test.WatchDog.cancel(): canceling Sat Aug 10 05:17:49 UTC 2019
------------------ testing $PTII/ptolemy/domains/de/test/auto/DEScheduleTest.xml
auto.tcl: Setting watchdog for 200 seconds at Sat Aug 10 05:17:49 UTC 2019
4 ms. Memory: 48128K Free: 30492K (63%)
ptolemy.util.test.WatchDog.cancel(): canceling Sat Aug 10 05:17:49 UTC 2019
auto.tcl: Setting watchdog for 200 seconds at Sat Aug 10 05:17:49 UTC 2019
3 ms. Memory: 48128K Free: 29745K (62%)
ptolemy.util.test.WatchDog.cancel(): canceling Sat Aug 10 05:17:49 UTC 2019
------------------ testing $PTII/ptolemy/domains/de/test/auto/DEinDEwithStartTimes.xml
auto.tcl: Setting watchdog for 200 seconds at Sat Aug 10 05:17:49 UTC 2019
4 ms. Memory: 48128K Free: 28673K (60%)
ptolemy.util.test.WatchDog.cancel(): canceling Sat Aug 10 05:17:49 UTC 2019
auto.tcl: Setting watchdog for 200 seconds at Sat Aug 10 05:17:49 UTC 2019
4 ms. Memory: 48128K Free: 27649K (57%)
ptolemy.util.test.WatchDog.cancel(): canceling Sat Aug 10 05:17:49 UTC 2019
------------------ testing $PTII/ptolemy/domains/de/test/auto/DEinDEwithStartTimes2.xml
auto.tcl: Setting watchdog for 200 seconds at Sat Aug 10 05:17:49 UTC 2019
21 ms. Memory: 48128K Free: 27889K (58%)
ptolemy.util.test.WatchDog.cancel(): canceling Sat Aug 10 05:17:49 UTC 2019
auto.tcl: Setting watchdog for 200 seconds at Sat Aug 10 05:17:49 UTC 2019
4 ms. Memory: 48128K Free: 26604K (55%)
ptolemy.util.test.WatchDog.cancel(): canceling Sat Aug 10 05:17:49 UTC 2019
------------------ testing $PTII/ptolemy/domains/de/test/auto/DateDemo.xml
auto.tcl: Setting watchdog for 200 seconds at Sat Aug 10 05:17:49 UTC 2019
24 ms. Memory: 48128K Free: 22522K (47%)
ptolemy.util.test.WatchDog.cancel(): canceling Sat Aug 10 05:17:49 UTC 2019
auto.tcl: Setting watchdog for 200 seconds at Sat Aug 10 05:17:49 UTC 2019
6 ms. Memory: 48128K Free: 20603K (43%)
ptolemy.util.test.WatchDog.cancel(): canceling Sat Aug 10 05:17:49 UTC 2019
------------------ testing $PTII/ptolemy/domains/de/test/auto/DateToEvent.xml
auto.tcl: Setting watchdog for 200 seconds at Sat Aug 10 05:17:49 UTC 2019
2011 ms. Memory: 48128K Free: 18166K (38%)
ptolemy.util.test.WatchDog.cancel(): canceling Sat Aug 10 05:17:52 UTC 2019
auto.tcl: Setting watchdog for 200 seconds at Sat Aug 10 05:17:52 UTC 2019
2005 ms. Memory: 48128K Free: 17394K (36%)
ptolemy.util.test.WatchDog.cancel(): canceling Sat Aug 10 05:17:54 UTC 2019
------------------ testing $PTII/ptolemy/domains/de/test/auto/DepthTest1.xml
auto.tcl: Setting watchdog for 200 seconds at Sat Aug 10 05:17:54 UTC 2019
3 ms. Memory: 48128K Free: 31312K (65%)
ptolemy.util.test.WatchDog.cancel(): canceling Sat Aug 10 05:17:54 UTC 2019
auto.tcl: Setting watchdog for 200 seconds at Sat Aug 10 05:17:54 UTC 2019
2 ms. Memory: 48128K Free: 30878K (64%)
ptolemy.util.test.WatchDog.cancel(): canceling Sat Aug 10 05:17:54 UTC 2019
------------------ testing $PTII/ptolemy/domains/de/test/auto/DepthTest2.xml
auto.tcl: Setting watchdog for 200 seconds at Sat Aug 10 05:17:54 UTC 2019
3 ms. Memory: 48128K Free: 28158K (59%)
ptolemy.util.test.WatchDog.cancel(): canceling Sat Aug 10 05:17:54 UTC 2019
auto.tcl: Setting watchdog for 200 seconds at Sat Aug 10 05:17:54 UTC 2019
6 ms. Memory: 48128K Free: 27738K (58%)
ptolemy.util.test.WatchDog.cancel(): canceling Sat Aug 10 05:17:54 UTC 2019
------------------ testing $PTII/ptolemy/domains/de/test/auto/DepthTest3.xml
auto.tcl: Setting watchdog for 200 seconds at Sat Aug 10 05:17:54 UTC 2019
3 ms. Memory: 48128K Free: 31642K (66%)
ptolemy.util.test.WatchDog.cancel(): canceling Sat Aug 10 05:17:54 UTC 2019
auto.tcl: Setting watchdog for 200 seconds at Sat Aug 10 05:17:54 UTC 2019
2 ms. Memory: 48128K Free: 31208K (65%)
ptolemy.util.test.WatchDog.cancel(): canceling Sat Aug 10 05:17:54 UTC 2019
------------------ testing $PTII/ptolemy/domains/de/test/auto/DepthTest4.xml
auto.tcl: Setting watchdog for 200 seconds at Sat Aug 10 05:17:54 UTC 2019
7 ms. Memory: 48128K Free: 29993K (62%)
ptolemy.util.test.WatchDog.cancel(): canceling Sat Aug 10 05:17:54 UTC 2019
auto.tcl: Setting watchdog for 200 seconds at Sat Aug 10 05:17:54 UTC 2019
2 ms. Memory: 48128K Free: 29274K (61%)
ptolemy.util.test.WatchDog.cancel(): canceling Sat Aug 10 05:17:54 UTC 2019
------------------ testing $PTII/ptolemy/domains/de/test/auto/DepthTest5.xml
auto.tcl: Setting watchdog for 200 seconds at Sat Aug 10 05:17:54 UTC 2019
10 ms. Memory: 48128K Free: 29390K (61%)
ptolemy.util.test.WatchDog.cancel(): canceling Sat Aug 10 05:17:54 UTC 2019
auto.tcl: Setting watchdog for 200 seconds at Sat Aug 10 05:17:54 UTC 2019
3 ms. Memory: 48128K Free: 28604K (59%)
ptolemy.util.test.WatchDog.cancel(): canceling Sat Aug 10 05:17:54 UTC 2019
------------------ testing $PTII/ptolemy/domains/de/test/auto/DepthTest6.xml
auto.tcl: Setting watchdog for 200 seconds at Sat Aug 10 05:17:54 UTC 2019
4 ms. Memory: 48128K Free: 29074K (60%)
ptolemy.util.test.WatchDog.cancel(): canceling Sat Aug 10 05:17:54 UTC 2019
auto.tcl: Setting watchdog for 200 seconds at Sat Aug 10 05:17:54 UTC 2019
3 ms. Memory: 48128K Free: 28638K (60%)
ptolemy.util.test.WatchDog.cancel(): canceling Sat Aug 10 05:17:54 UTC 2019
------------------ testing $PTII/ptolemy/domains/de/test/auto/DepthTest7.xml
auto.tcl: Setting watchdog for 200 seconds at Sat Aug 10 05:17:54 UTC 2019
5 ms. Memory: 48128K Free: 29839K (62%)
ptolemy.util.test.WatchDog.cancel(): canceling Sat Aug 10 05:17:54 UTC 2019
auto.tcl: Setting watchdog for 200 seconds at Sat Aug 10 05:17:54 UTC 2019
2 ms. Memory: 48128K Free: 29181K (61%)
ptolemy.util.test.WatchDog.cancel(): canceling Sat Aug 10 05:17:54 UTC 2019
------------------ testing $PTII/ptolemy/domains/de/test/auto/EventToDate.xml
auto.tcl: Setting watchdog for 200 seconds at Sat Aug 10 05:17:54 UTC 2019
3012 ms. Memory: 48128K Free: 20746K (43%)
ptolemy.util.test.WatchDog.cancel(): canceling Sat Aug 10 05:17:57 UTC 2019
auto.tcl: Setting watchdog for 200 seconds at Sat Aug 10 05:17:57 UTC 2019
3004 ms. Memory: 48128K Free: 19971K (41%)
ptolemy.util.test.WatchDog.cancel(): canceling Sat Aug 10 05:18:00 UTC 2019
------------------ testing $PTII/ptolemy/domains/de/test/auto/FSM1.xml
auto.tcl: Setting watchdog for 200 seconds at Sat Aug 10 05:18:00 UTC 2019
44 ms. Memory: 48128K Free: 22147K (46%)
ptolemy.util.test.WatchDog.cancel(): canceling Sat Aug 10 05:18:00 UTC 2019
auto.tcl: Setting watchdog for 200 seconds at Sat Aug 10 05:18:00 UTC 2019
22 ms. Memory: 48128K Free: 18666K (39%)
ptolemy.util.test.WatchDog.cancel(): canceling Sat Aug 10 05:18:00 UTC 2019
------------------ testing $PTII/ptolemy/domains/de/test/auto/FSM7.xml
auto.tcl: Setting watchdog for 200 seconds at Sat Aug 10 05:18:00 UTC 2019
23 ms. Memory: 48128K Free: 21608K (45%)
ptolemy.util.test.WatchDog.cancel(): canceling Sat Aug 10 05:18:00 UTC 2019
auto.tcl: Setting watchdog for 200 seconds at Sat Aug 10 05:18:00 UTC 2019
15 ms. Memory: 48128K Free: 18496K (38%)
ptolemy.util.test.WatchDog.cancel(): canceling Sat Aug 10 05:18:00 UTC 2019
------------------ testing $PTII/ptolemy/domains/de/test/auto/Inspection.xml
auto.tcl: Setting watchdog for 200 seconds at Sat Aug 10 05:18:01 UTC 2019
32 ms. Memory: 48128K Free: 21624K (45%)
ptolemy.util.test.WatchDog.cancel(): canceling Sat Aug 10 05:18:01 UTC 2019
auto.tcl: Setting watchdog for 200 seconds at Sat Aug 10 05:18:01 UTC 2019
21 ms. Memory: 48128K Free: 19900K (41%)
ptolemy.util.test.WatchDog.cancel(): canceling Sat Aug 10 05:18:01 UTC 2019
------------------ testing $PTII/ptolemy/domains/de/test/auto/Iteration.xml
auto.tcl: Setting watchdog for 200 seconds at Sat Aug 10 05:18:01 UTC 2019
9 ms. Memory: 48128K Free: 27368K (57%)
ptolemy.util.test.WatchDog.cancel(): canceling Sat Aug 10 05:18:01 UTC 2019
auto.tcl: Setting watchdog for 200 seconds at Sat Aug 10 05:18:01 UTC 2019
7 ms. Memory: 48128K Free: 26344K (55%)
ptolemy.util.test.WatchDog.cancel(): canceling Sat Aug 10 05:18:01 UTC 2019
------------------ testing $PTII/ptolemy/domains/de/test/auto/LineFault.xml
auto.tcl: Setting watchdog for 200 seconds at Sat Aug 10 05:18:01 UTC 2019
652 ms. Memory: 58368K Free: 40211K (69%)
ptolemy.util.test.WatchDog.cancel(): canceling Sat Aug 10 05:18:02 UTC 2019
auto.tcl: Setting watchdog for 200 seconds at Sat Aug 10 05:18:02 UTC 2019
604 ms. Memory: 58368K Free: 36367K (62%)
ptolemy.util.test.WatchDog.cancel(): canceling Sat Aug 10 05:18:02 UTC 2019
------------------ testing $PTII/ptolemy/domains/de/test/auto/MergeModel1Add.xml
auto.tcl: Setting watchdog for 200 seconds at Sat Aug 10 05:18:02 UTC 2019
33 ms. Memory: 55296K Free: 20512K (37%)
ptolemy.util.test.WatchDog.cancel(): canceling Sat Aug 10 05:18:03 UTC 2019
auto.tcl: Setting watchdog for 200 seconds at Sat Aug 10 05:18:03 UTC 2019
11 ms. Memory: 55296K Free: 18812K (34%)
ptolemy.util.test.WatchDog.cancel(): canceling Sat Aug 10 05:18:03 UTC 2019
------------------ testing $PTII/ptolemy/domains/de/test/auto/MergeModel2Add.xml
auto.tcl: Setting watchdog for 200 seconds at Sat Aug 10 05:18:03 UTC 2019
8 ms. Memory: 51200K Free: 18467K (36%)
ptolemy.util.test.WatchDog.cancel(): canceling Sat Aug 10 05:18:03 UTC 2019
auto.tcl: Setting watchdog for 200 seconds at Sat Aug 10 05:18:03 UTC 2019
7 ms. Memory: 51200K Free: 16955K (33%)
ptolemy.util.test.WatchDog.cancel(): canceling Sat Aug 10 05:18:03 UTC 2019
------------------ testing $PTII/ptolemy/domains/de/test/auto/MergeModel3Add.xml
auto.tcl: Setting watchdog for 200 seconds at Sat Aug 10 05:18:03 UTC 2019
8 ms. Memory: 48128K Free: 15376K (32%)
ptolemy.util.test.WatchDog.cancel(): canceling Sat Aug 10 05:18:03 UTC 2019
auto.tcl: Setting watchdog for 200 seconds at Sat Aug 10 05:18:03 UTC 2019
7 ms. Memory: 48128K Free: 14026K (29%)
ptolemy.util.test.WatchDog.cancel(): canceling Sat Aug 10 05:18:03 UTC 2019
------------------ testing $PTII/ptolemy/domains/de/test/auto/MergeWithoutDiscard.xml
auto.tcl: Setting watchdog for 200 seconds at Sat Aug 10 05:18:03 UTC 2019
1 ms. Memory: 48128K Free: 29988K (62%)
ptolemy.util.test.WatchDog.cancel(): canceling Sat Aug 10 05:18:03 UTC 2019
auto.tcl: Setting watchdog for 200 seconds at Sat Aug 10 05:18:03 UTC 2019
1 ms. Memory: 48128K Free: 29553K (61%)
ptolemy.util.test.WatchDog.cancel(): canceling Sat Aug 10 05:18:03 UTC 2019
------------------ testing $PTII/ptolemy/domains/de/test/auto/Modal1.xml
auto.tcl: Setting watchdog for 200 seconds at Sat Aug 10 05:18:03 UTC 2019
14 ms. Memory: 48128K Free: 21876K (45%)
ptolemy.util.test.WatchDog.cancel(): canceling Sat Aug 10 05:18:03 UTC 2019
auto.tcl: Setting watchdog for 200 seconds at Sat Aug 10 05:18:03 UTC 2019
18 ms. Memory: 48128K Free: 18432K (38%)
ptolemy.util.test.WatchDog.cancel(): canceling Sat Aug 10 05:18:03 UTC 2019
------------------ testing $PTII/ptolemy/domains/de/test/auto/Modal2.xml
auto.tcl: Setting watchdog for 200 seconds at Sat Aug 10 05:18:03 UTC 2019
11 ms. Memory: 48128K Free: 22269K (46%)
ptolemy.util.test.WatchDog.cancel(): canceling Sat Aug 10 05:18:03 UTC 2019
auto.tcl: Setting watchdog for 200 seconds at Sat Aug 10 05:18:03 UTC 2019
12 ms. Memory: 48128K Free: 18752K (39%)
ptolemy.util.test.WatchDog.cancel(): canceling Sat Aug 10 05:18:03 UTC 2019
------------------ testing $PTII/ptolemy/domains/de/test/auto/Modal3.xml
auto.tcl: Setting watchdog for 200 seconds at Sat Aug 10 05:18:03 UTC 2019
16 ms. Memory: 48128K Free: 22020K (46%)
ptolemy.util.test.WatchDog.cancel(): canceling Sat Aug 10 05:18:03 UTC 2019
auto.tcl: Setting watchdog for 200 seconds at Sat Aug 10 05:18:03 UTC 2019
16 ms. Memory: 48128K Free: 18782K (39%)
ptolemy.util.test.WatchDog.cancel(): canceling Sat Aug 10 05:18:03 UTC 2019
------------------ testing $PTII/ptolemy/domains/de/test/auto/Modal4.xml
auto.tcl: Setting watchdog for 200 seconds at Sat Aug 10 05:18:03 UTC 2019
28 ms. Memory: 48128K Free: 20984K (44%)
ptolemy.util.test.WatchDog.cancel(): canceling Sat Aug 10 05:18:03 UTC 2019
auto.tcl: Setting watchdog for 200 seconds at Sat Aug 10 05:18:03 UTC 2019
32 ms. Memory: 48128K Free: 17144K (36%)
ptolemy.util.test.WatchDog.cancel(): canceling Sat Aug 10 05:18:03 UTC 2019
------------------ testing $PTII/ptolemy/domains/de/test/auto/Modal5.xml
auto.tcl: Setting watchdog for 200 seconds at Sat Aug 10 05:18:03 UTC 2019
18 ms. Memory: 48128K Free: 20979K (44%)
ptolemy.util.test.WatchDog.cancel(): canceling Sat Aug 10 05:18:03 UTC 2019
auto.tcl: Setting watchdog for 200 seconds at Sat Aug 10 05:18:03 UTC 2019
13 ms. Memory: 48128K Free: 17352K (36%)
ptolemy.util.test.WatchDog.cancel(): canceling Sat Aug 10 05:18:03 UTC 2019
------------------ testing $PTII/ptolemy/domains/de/test/auto/Modal6.xml
auto.tcl: Setting watchdog for 200 seconds at Sat Aug 10 05:18:03 UTC 2019
20 ms. Memory: 48128K Free: 21963K (46%)
ptolemy.util.test.WatchDog.cancel(): canceling Sat Aug 10 05:18:04 UTC 2019
auto.tcl: Setting watchdog for 200 seconds at Sat Aug 10 05:18:04 UTC 2019
20 ms. Memory: 48128K Free: 17768K (37%)
ptolemy.util.test.WatchDog.cancel(): canceling Sat Aug 10 05:18:04 UTC 2019
------------------ testing $PTII/ptolemy/domains/de/test/auto/Modal7.xml
auto.tcl: Setting watchdog for 200 seconds at Sat Aug 10 05:18:04 UTC 2019
10 ms. Memory: 48128K Free: 20948K (44%)
ptolemy.util.test.WatchDog.cancel(): canceling Sat Aug 10 05:18:04 UTC 2019
auto.tcl: Setting watchdog for 200 seconds at Sat Aug 10 05:18:04 UTC 2019
11 ms. Memory: 48128K Free: 17392K (36%)
ptolemy.util.test.WatchDog.cancel(): canceling Sat Aug 10 05:18:04 UTC 2019
------------------ testing $PTII/ptolemy/domains/de/test/auto/ModalModel.xml
auto.tcl: Setting watchdog for 200 seconds at Sat Aug 10 05:18:04 UTC 2019
229 ms. Memory: 48128K Free: 12104K (25%)
ptolemy.util.test.WatchDog.cancel(): canceling Sat Aug 10 05:18:04 UTC 2019
auto.tcl: Setting watchdog for 200 seconds at Sat Aug 10 05:18:04 UTC 2019
234 ms. Memory: 59392K Free: 17858K (30%)
ptolemy.util.test.WatchDog.cancel(): canceling Sat Aug 10 05:18:04 UTC 2019
------------------ testing $PTII/ptolemy/domains/de/test/auto/ModalSource.xml
auto.tcl: Setting watchdog for 200 seconds at Sat Aug 10 05:18:04 UTC 2019
6 ms. Memory: 55296K Free: 32972K (60%)
ptolemy.util.test.WatchDog.cancel(): canceling Sat Aug 10 05:18:04 UTC 2019
auto.tcl: Setting watchdog for 200 seconds at Sat Aug 10 05:18:04 UTC 2019
6 ms. Memory: 55296K Free: 30924K (56%)
ptolemy.util.test.WatchDog.cancel(): canceling Sat Aug 10 05:18:04 UTC 2019
------------------ testing $PTII/ptolemy/domains/de/test/auto/NonInterruptibleTimerZeroDelay.xml
auto.tcl: Setting watchdog for 200 seconds at Sat Aug 10 05:18:04 UTC 2019
3 ms. Memory: 51200K Free: 34061K (67%)
ptolemy.util.test.WatchDog.cancel(): canceling Sat Aug 10 05:18:04 UTC 2019
auto.tcl: Setting watchdog for 200 seconds at Sat Aug 10 05:18:04 UTC 2019
3 ms. Memory: 51200K Free: 33175K (65%)
ptolemy.util.test.WatchDog.cancel(): canceling Sat Aug 10 05:18:04 UTC 2019
------------------ testing $PTII/ptolemy/domains/de/test/auto/OpenQueueingNetwork.xml
auto.tcl: Setting watchdog for 200 seconds at Sat Aug 10 05:18:04 UTC 2019
3026 ms. Memory: 122880K Free: 70398K (57%)
ptolemy.util.test.WatchDog.cancel(): canceling Sat Aug 10 05:18:08 UTC 2019
auto.tcl: Setting watchdog for 200 seconds at Sat Aug 10 05:18:08 UTC 2019
2963 ms. Memory: 148480K Free: 82066K (55%)
ptolemy.util.test.WatchDog.cancel(): canceling Sat Aug 10 05:18:11 UTC 2019
------------------ testing $PTII/ptolemy/domains/de/test/auto/OpenQueuingNetwork.xml
auto.tcl: Setting watchdog for 200 seconds at Sat Aug 10 05:18:11 UTC 2019
254 ms. Memory: 51200K Free: 17287K (34%)
ptolemy.util.test.WatchDog.cancel(): canceling Sat Aug 10 05:18:11 UTC 2019
auto.tcl: Setting watchdog for 200 seconds at Sat Aug 10 05:18:11 UTC 2019
288 ms. Memory: 51200K Free: 21711K (42%)
ptolemy.util.test.WatchDog.cancel(): canceling Sat Aug 10 05:18:11 UTC 2019
------------------ testing $PTII/ptolemy/domains/de/test/auto/PeriodicSampler.xml
auto.tcl: Setting watchdog for 200 seconds at Sat Aug 10 05:18:11 UTC 2019
3 ms. Memory: 51200K Free: 33010K (64%)
ptolemy.util.test.WatchDog.cancel(): canceling Sat Aug 10 05:18:11 UTC 2019
auto.tcl: Setting watchdog for 200 seconds at Sat Aug 10 05:18:11 UTC 2019
2 ms. Memory: 51200K Free: 32521K (64%)
ptolemy.util.test.WatchDog.cancel(): canceling Sat Aug 10 05:18:11 UTC 2019
------------------ testing $PTII/ptolemy/domains/de/test/auto/PersistentIO.xml
auto.tcl: Setting watchdog for 200 seconds at Sat Aug 10 05:18:11 UTC 2019
5 ms. Memory: 48128K Free: 24876K (52%)
ptolemy.util.test.WatchDog.cancel(): canceling Sat Aug 10 05:18:11 UTC 2019
auto.tcl: Setting watchdog for 200 seconds at Sat Aug 10 05:18:11 UTC 2019
4 ms. Memory: 48128K Free: 23423K (49%)
ptolemy.util.test.WatchDog.cancel(): canceling Sat Aug 10 05:18:11 UTC 2019
------------------ testing $PTII/ptolemy/domains/de/test/auto/PortParameterResetOnInitialize.xml
auto.tcl: Setting watchdog for 200 seconds at Sat Aug 10 05:18:12 UTC 2019
2 ms. Memory: 48128K Free: 29854K (62%)
ptolemy.util.test.WatchDog.cancel(): canceling Sat Aug 10 05:18:12 UTC 2019
auto.tcl: Setting watchdog for 200 seconds at Sat Aug 10 05:18:12 UTC 2019
2 ms. Memory: 48128K Free: 29379K (61%)
ptolemy.util.test.WatchDog.cancel(): canceling Sat Aug 10 05:18:12 UTC 2019
------------------ testing $PTII/ptolemy/domains/de/test/auto/PortParameterUpdates.xml
auto.tcl: Setting watchdog for 200 seconds at Sat Aug 10 05:18:12 UTC 2019
5 ms. Memory: 48128K Free: 28160K (59%)
ptolemy.util.test.WatchDog.cancel(): canceling Sat Aug 10 05:18:12 UTC 2019
auto.tcl: Setting watchdog for 200 seconds at Sat Aug 10 05:18:12 UTC 2019
6 ms. Memory: 48128K Free: 26952K (56%)
ptolemy.util.test.WatchDog.cancel(): canceling Sat Aug 10 05:18:12 UTC 2019
------------------ testing $PTII/ptolemy/domains/de/test/auto/QueueAndServer.xml
auto.tcl: Setting watchdog for 200 seconds at Sat Aug 10 05:18:12 UTC 2019
6 ms. Memory: 48128K Free: 26863K (56%)
ptolemy.util.test.WatchDog.cancel(): canceling Sat Aug 10 05:18:12 UTC 2019
auto.tcl: Setting watchdog for 200 seconds at Sat Aug 10 05:18:12 UTC 2019
6 ms. Memory: 48128K Free: 25431K (53%)
ptolemy.util.test.WatchDog.cancel(): canceling Sat Aug 10 05:18:12 UTC 2019
------------------ testing $PTII/ptolemy/domains/de/test/auto/Records.xml
auto.tcl: Setting watchdog for 200 seconds at Sat Aug 10 05:18:12 UTC 2019
3 ms. Memory: 48128K Free: 29390K (61%)
ptolemy.util.test.WatchDog.cancel(): canceling Sat Aug 10 05:18:12 UTC 2019
auto.tcl: Setting watchdog for 200 seconds at Sat Aug 10 05:18:12 UTC 2019
2 ms. Memory: 48128K Free: 28900K (60%)
ptolemy.util.test.WatchDog.cancel(): canceling Sat Aug 10 05:18:12 UTC 2019
------------------ testing $PTII/ptolemy/domains/de/test/auto/ResetTransitionWithStartTime1.xml
auto.tcl: Setting watchdog for 200 seconds at Sat Aug 10 05:18:12 UTC 2019
11 ms. Memory: 48128K Free: 26346K (55%)
ptolemy.util.test.WatchDog.cancel(): canceling Sat Aug 10 05:18:12 UTC 2019
auto.tcl: Setting watchdog for 200 seconds at Sat Aug 10 05:18:12 UTC 2019
5 ms. Memory: 48128K Free: 24298K (50%)
ptolemy.util.test.WatchDog.cancel(): canceling Sat Aug 10 05:18:12 UTC 2019
------------------ testing $PTII/ptolemy/domains/de/test/auto/ResetTransitionWithStartTime2.xml
auto.tcl: Setting watchdog for 200 seconds at Sat Aug 10 05:18:12 UTC 2019
9 ms. Memory: 48128K Free: 26301K (55%)
ptolemy.util.test.WatchDog.cancel(): canceling Sat Aug 10 05:18:12 UTC 2019
auto.tcl: Setting watchdog for 200 seconds at Sat Aug 10 05:18:12 UTC 2019
7 ms. Memory: 48128K Free: 24237K (50%)
ptolemy.util.test.WatchDog.cancel(): canceling Sat Aug 10 05:18:12 UTC 2019
------------------ testing $PTII/ptolemy/domains/de/test/auto/ResetTransitionWithStartTime3.xml
auto.tcl: Setting watchdog for 200 seconds at Sat Aug 10 05:18:12 UTC 2019
13 ms. Memory: 48128K Free: 26300K (55%)
ptolemy.util.test.WatchDog.cancel(): canceling Sat Aug 10 05:18:12 UTC 2019
auto.tcl: Setting watchdog for 200 seconds at Sat Aug 10 05:18:12 UTC 2019
6 ms. Memory: 48128K Free: 23794K (49%)
ptolemy.util.test.WatchDog.cancel(): canceling Sat Aug 10 05:18:12 UTC 2019
------------------ testing $PTII/ptolemy/domains/de/test/auto/ResetTransitionWithStartTime4.xml
auto.tcl: Setting watchdog for 200 seconds at Sat Aug 10 05:18:12 UTC 2019
7 ms. Memory: 48128K Free: 26788K (56%)
ptolemy.util.test.WatchDog.cancel(): canceling Sat Aug 10 05:18:12 UTC 2019
auto.tcl: Setting watchdog for 200 seconds at Sat Aug 10 05:18:12 UTC 2019
3 ms. Memory: 48128K Free: 25364K (53%)
ptolemy.util.test.WatchDog.cancel(): canceling Sat Aug 10 05:18:12 UTC 2019
------------------ testing $PTII/ptolemy/domains/de/test/auto/ResettableTimer1.xml
auto.tcl: Setting watchdog for 200 seconds at Sat Aug 10 05:18:12 UTC 2019
2 ms. Memory: 48128K Free: 30796K (64%)
ptolemy.util.test.WatchDog.cancel(): canceling Sat Aug 10 05:18:12 UTC 2019
auto.tcl: Setting watchdog for 200 seconds at Sat Aug 10 05:18:12 UTC 2019
2 ms. Memory: 48128K Free: 29442K (61%)
ptolemy.util.test.WatchDog.cancel(): canceling Sat Aug 10 05:18:12 UTC 2019
------------------ testing $PTII/ptolemy/domains/de/test/auto/ResettableTimer2.xml
auto.tcl: Setting watchdog for 200 seconds at Sat Aug 10 05:18:12 UTC 2019
3 ms. Memory: 48128K Free: 30640K (64%)
ptolemy.util.test.WatchDog.cancel(): canceling Sat Aug 10 05:18:12 UTC 2019
auto.tcl: Setting watchdog for 200 seconds at Sat Aug 10 05:18:12 UTC 2019
2 ms. Memory: 48128K Free: 29954K (62%)
ptolemy.util.test.WatchDog.cancel(): canceling Sat Aug 10 05:18:12 UTC 2019
------------------ testing $PTII/ptolemy/domains/de/test/auto/ResettableTimer3.xml
auto.tcl: Setting watchdog for 200 seconds at Sat Aug 10 05:18:12 UTC 2019
1 ms. Memory: 48128K Free: 30436K (63%)
ptolemy.util.test.WatchDog.cancel(): canceling Sat Aug 10 05:18:12 UTC 2019
auto.tcl: Setting watchdog for 200 seconds at Sat Aug 10 05:18:12 UTC 2019
1 ms. Memory: 48128K Free: 29974K (62%)
ptolemy.util.test.WatchDog.cancel(): canceling Sat Aug 10 05:18:12 UTC 2019
------------------ testing $PTII/ptolemy/domains/de/test/auto/ResettableTimer4.xml
auto.tcl: Setting watchdog for 200 seconds at Sat Aug 10 05:18:13 UTC 2019
1 ms. Memory: 48128K Free: 30500K (63%)
ptolemy.util.test.WatchDog.cancel(): canceling Sat Aug 10 05:18:13 UTC 2019
auto.tcl: Setting watchdog for 200 seconds at Sat Aug 10 05:18:13 UTC 2019
1 ms. Memory: 48128K Free: 29988K (62%)
ptolemy.util.test.WatchDog.cancel(): canceling Sat Aug 10 05:18:13 UTC 2019
------------------ testing $PTII/ptolemy/domains/de/test/auto/ResettableTimer5.xml
auto.tcl: Setting watchdog for 200 seconds at Sat Aug 10 05:18:13 UTC 2019
2 ms. Memory: 48128K Free: 29917K (62%)
ptolemy.util.test.WatchDog.cancel(): canceling Sat Aug 10 05:18:13 UTC 2019
auto.tcl: Setting watchdog for 200 seconds at Sat Aug 10 05:18:13 UTC 2019
5 ms. Memory: 48128K Free: 29429K (61%)
ptolemy.util.test.WatchDog.cancel(): canceling Sat Aug 10 05:18:13 UTC 2019
------------------ testing $PTII/ptolemy/domains/de/test/auto/ResettableTimer6.xml
auto.tcl: Setting watchdog for 200 seconds at Sat Aug 10 05:18:13 UTC 2019
2 ms. Memory: 48128K Free: 29921K (62%)
ptolemy.util.test.WatchDog.cancel(): canceling Sat Aug 10 05:18:13 UTC 2019
auto.tcl: Setting watchdog for 200 seconds at Sat Aug 10 05:18:13 UTC 2019
2 ms. Memory: 48128K Free: 29466K (61%)
ptolemy.util.test.WatchDog.cancel(): canceling Sat Aug 10 05:18:13 UTC 2019
------------------ testing $PTII/ptolemy/domains/de/test/auto/ServerZeroDelay.xml
auto.tcl: Setting watchdog for 200 seconds at Sat Aug 10 05:18:13 UTC 2019
3 ms. Memory: 48128K Free: 30426K (63%)
ptolemy.util.test.WatchDog.cancel(): canceling Sat Aug 10 05:18:13 UTC 2019
auto.tcl: Setting watchdog for 200 seconds at Sat Aug 10 05:18:13 UTC 2019
2 ms. Memory: 48128K Free: 29483K (61%)
ptolemy.util.test.WatchDog.cancel(): canceling Sat Aug 10 05:18:13 UTC 2019
------------------ testing $PTII/ptolemy/domains/de/test/auto/SmartSender.xml
auto.tcl: Setting watchdog for 200 seconds at Sat Aug 10 05:18:13 UTC 2019
3001 ms. Memory: 48128K Free: 30453K (63%)
ptolemy.util.test.WatchDog.cancel(): canceling Sat Aug 10 05:18:16 UTC 2019
auto.tcl: Setting watchdog for 200 seconds at Sat Aug 10 05:18:16 UTC 2019
3002 ms. Memory: 48128K Free: 29941K (62%)
ptolemy.util.test.WatchDog.cancel(): canceling Sat Aug 10 05:18:19 UTC 2019
------------------ testing $PTII/ptolemy/domains/de/test/auto/ThreadedComposite.xml
auto.tcl: Setting watchdog for 200 seconds at Sat Aug 10 05:18:19 UTC 2019
349 ms. Memory: 48128K Free: 29384K (61%)
ptolemy.util.test.WatchDog.cancel(): canceling Sat Aug 10 05:18:19 UTC 2019
auto.tcl: Setting watchdog for 200 seconds at Sat Aug 10 05:18:19 UTC 2019
132 ms. Memory: 48128K Free: 16196K (34%)
ptolemy.util.test.WatchDog.cancel(): canceling Sat Aug 10 05:18:19 UTC 2019
------------------ testing $PTII/ptolemy/domains/de/test/auto/Time.xml
auto.tcl: Setting watchdog for 200 seconds at Sat Aug 10 05:18:19 UTC 2019
555 ms. Memory: 48128K Free: 26936K (56%)
ptolemy.util.test.WatchDog.cancel(): canceling Sat Aug 10 05:18:20 UTC 2019
auto.tcl: Setting watchdog for 200 seconds at Sat Aug 10 05:18:20 UTC 2019
547 ms. Memory: 68608K Free: 17957K (26%)
ptolemy.util.test.WatchDog.cancel(): canceling Sat Aug 10 05:18:21 UTC 2019
------------------ testing $PTII/ptolemy/domains/de/test/auto/TimeDelayZeroDelay.xml
auto.tcl: Setting watchdog for 200 seconds at Sat Aug 10 05:18:21 UTC 2019
3 ms. Memory: 51200K Free: 33900K (66%)
ptolemy.util.test.WatchDog.cancel(): canceling Sat Aug 10 05:18:21 UTC 2019
auto.tcl: Setting watchdog for 200 seconds at Sat Aug 10 05:18:21 UTC 2019
2 ms. Memory: 51200K Free: 33025K (65%)
ptolemy.util.test.WatchDog.cancel(): canceling Sat Aug 10 05:18:21 UTC 2019
------------------ testing $PTII/ptolemy/domains/de/test/auto/TimerZeroDelay.xml
auto.tcl: Setting watchdog for 200 seconds at Sat Aug 10 05:18:21 UTC 2019
4 ms. Memory: 51200K Free: 33874K (66%)
ptolemy.util.test.WatchDog.cancel(): canceling Sat Aug 10 05:18:21 UTC 2019
auto.tcl: Setting watchdog for 200 seconds at Sat Aug 10 05:18:21 UTC 2019
2 ms. Memory: 51200K Free: 33053K (65%)
ptolemy.util.test.WatchDog.cancel(): canceling Sat Aug 10 05:18:21 UTC 2019
------------------ testing $PTII/ptolemy/domains/de/test/auto/TimingParadox.xml
auto.tcl: Setting watchdog for 200 seconds at Sat Aug 10 05:18:21 UTC 2019
464 ms. Memory: 51200K Free: 19524K (38%)
ptolemy.util.test.WatchDog.cancel(): canceling Sat Aug 10 05:18:21 UTC 2019
auto.tcl: Setting watchdog for 200 seconds at Sat Aug 10 05:18:21 UTC 2019
417 ms. Memory: 51200K Free: 34677K (68%)
ptolemy.util.test.WatchDog.cancel(): canceling Sat Aug 10 05:18:22 UTC 2019
------------------ testing $PTII/ptolemy/domains/de/test/auto/TransferInputs.xml
auto.tcl: Setting watchdog for 200 seconds at Sat Aug 10 05:18:22 UTC 2019
10 ms. Memory: 51200K Free: 31931K (62%)
ptolemy.util.test.WatchDog.cancel(): canceling Sat Aug 10 05:18:22 UTC 2019
auto.tcl: Setting watchdog for 200 seconds at Sat Aug 10 05:18:22 UTC 2019
2 ms. Memory: 51200K Free: 31043K (61%)
ptolemy.util.test.WatchDog.cancel(): canceling Sat Aug 10 05:18:22 UTC 2019
------------------ testing $PTII/ptolemy/domains/de/test/auto/TransferOutputs2.xml
auto.tcl: Setting watchdog for 200 seconds at Sat Aug 10 05:18:22 UTC 2019
2 ms. Memory: 51200K Free: 29373K (57%)
ptolemy.util.test.WatchDog.cancel(): canceling Sat Aug 10 05:18:22 UTC 2019
auto.tcl: Setting watchdog for 200 seconds at Sat Aug 10 05:18:22 UTC 2019
3 ms. Memory: 51200K Free: 27957K (55%)
ptolemy.util.test.WatchDog.cancel(): canceling Sat Aug 10 05:18:22 UTC 2019
------------------ testing $PTII/ptolemy/domains/de/test/auto/Trilateration.xml
auto.tcl: Setting watchdog for 200 seconds at Sat Aug 10 05:18:22 UTC 2019
15743 ms. Memory: 406528K Free: 141779K (35%)
ptolemy.util.test.WatchDog.cancel(): canceling Sat Aug 10 05:18:39 UTC 2019
auto.tcl: Setting watchdog for 200 seconds at Sat Aug 10 05:18:39 UTC 2019
11266 ms. Memory: 406528K Free: 145945K (36%)
ptolemy.util.test.WatchDog.cancel(): canceling Sat Aug 10 05:18:50 UTC 2019
------------------ testing $PTII/ptolemy/domains/de/test/auto/TwoSigmaDelta.xml
auto.tcl: Setting watchdog for 200 seconds at Sat Aug 10 05:18:50 UTC 2019
2862 ms. Memory: 89088K Free: 15768K (18%)
ptolemy.util.test.WatchDog.cancel(): canceling Sat Aug 10 05:18:53 UTC 2019
auto.tcl: Setting watchdog for 200 seconds at Sat Aug 10 05:18:53 UTC 2019
2180 ms. Memory: 89088K Free: 14721K (17%)
ptolemy.util.test.WatchDog.cancel(): canceling Sat Aug 10 05:18:55 UTC 2019
------------------ testing $PTII/ptolemy/domains/de/test/auto/VariableDelay.xml
auto.tcl: Setting watchdog for 200 seconds at Sat Aug 10 05:18:56 UTC 2019
3 ms. Memory: 55296K Free: 36521K (66%)
ptolemy.util.test.WatchDog.cancel(): canceling Sat Aug 10 05:18:56 UTC 2019
auto.tcl: Setting watchdog for 200 seconds at Sat Aug 10 05:18:56 UTC 2019
2 ms. Memory: 55296K Free: 35481K (64%)
ptolemy.util.test.WatchDog.cancel(): canceling Sat Aug 10 05:18:56 UTC 2019
------------------ testing $PTII/ptolemy/domains/de/test/auto/VariableDelay2.xml
auto.tcl: Setting watchdog for 200 seconds at Sat Aug 10 05:18:56 UTC 2019
3 ms. Memory: 51200K Free: 32734K (64%)
ptolemy.util.test.WatchDog.cancel(): canceling Sat Aug 10 05:18:56 UTC 2019
auto.tcl: Setting watchdog for 200 seconds at Sat Aug 10 05:18:56 UTC 2019
2 ms. Memory: 51200K Free: 31784K (62%)
ptolemy.util.test.WatchDog.cancel(): canceling Sat Aug 10 05:18:56 UTC 2019
------------------ testing $PTII/ptolemy/domains/de/test/auto/VariableDelayZeroDelay.xml
auto.tcl: Setting watchdog for 200 seconds at Sat Aug 10 05:18:56 UTC 2019
2 ms. Memory: 51200K Free: 33351K (65%)
ptolemy.util.test.WatchDog.cancel(): canceling Sat Aug 10 05:18:56 UTC 2019
auto.tcl: Setting watchdog for 200 seconds at Sat Aug 10 05:18:56 UTC 2019
3 ms. Memory: 51200K Free: 32837K (64%)
ptolemy.util.test.WatchDog.cancel(): canceling Sat Aug 10 05:18:56 UTC 2019
------------------ testing $PTII/ptolemy/domains/de/test/auto/VariableDelayZeroDelay2.xml
auto.tcl: Setting watchdog for 200 seconds at Sat Aug 10 05:18:56 UTC 2019
2 ms. Memory: 51200K Free: 33350K (65%)
ptolemy.util.test.WatchDog.cancel(): canceling Sat Aug 10 05:18:56 UTC 2019
auto.tcl: Setting watchdog for 200 seconds at Sat Aug 10 05:18:56 UTC 2019
3 ms. Memory: 51200K Free: 32326K (63%)
ptolemy.util.test.WatchDog.cancel(): canceling Sat Aug 10 05:18:56 UTC 2019
------------------ testing $PTII/ptolemy/domains/de/test/auto/deInCt.xml
auto.tcl: Setting watchdog for 200 seconds at Sat Aug 10 05:18:56 UTC 2019
0
1
1
1
0
0
0
1
1
1
1
0
0
0
1
1
1
0
0
0
1
1
1
1
0
0
0
1
1
1
0
0
0
1
1
1
1
0
0
0
1
1
1
1
19 ms. Memory: 51200K Free: 32323K (63%)
ptolemy.util.test.WatchDog.cancel(): canceling Sat Aug 10 05:18:56 UTC 2019
auto.tcl: Setting watchdog for 200 seconds at Sat Aug 10 05:18:56 UTC 2019
0
1
1
1
0
0
0
0
0
1
1
1
0
0
0
1
1
1
1
0
0
0
0
1
1
1
1
1
0
0
0
0
9 ms. Memory: 51200K Free: 30785K (60%)
ptolemy.util.test.WatchDog.cancel(): canceling Sat Aug 10 05:18:56 UTC 2019
------------------ testing $PTII/ptolemy/domains/de/test/auto/deInCt2.xml
auto.tcl: Setting watchdog for 200 seconds at Sat Aug 10 05:18:56 UTC 2019
0
1
1
1
0
0
1
1
1
0
0
1
1
1
0
0
1
1
1
0
0
1
1
1
0
0
1
1
1
0
0
1
1
1
0
0
1
1
1
0
0
0
11 ms. Memory: 51200K Free: 32326K (63%)
ptolemy.util.test.WatchDog.cancel(): canceling Sat Aug 10 05:18:56 UTC 2019
auto.tcl: Setting watchdog for 200 seconds at Sat Aug 10 05:18:56 UTC 2019
0
1
1
1
0
0
1
1
1
0
0
1
1
1
0
0
1
1
1
0
0
1
1
1
0
0
1
1
1
0
0
1
1
1
0
0
1
1
1
0
0
0
5 ms. Memory: 51200K Free: 30788K (60%)
ptolemy.util.test.WatchDog.cancel(): canceling Sat Aug 10 05:18:56 UTC 2019
------------------ testing $PTII/ptolemy/domains/de/test/auto/dynamicCausalityInterface1.xml
auto.tcl: Setting watchdog for 200 seconds at Sat Aug 10 05:18:56 UTC 2019
2 ms. Memory: 48128K Free: 24551K (51%)
ptolemy.util.test.WatchDog.cancel(): canceling Sat Aug 10 05:18:56 UTC 2019
auto.tcl: Setting watchdog for 200 seconds at Sat Aug 10 05:18:56 UTC 2019
1 ms. Memory: 48128K Free: 24128K (50%)
ptolemy.util.test.WatchDog.cancel(): canceling Sat Aug 10 05:18:56 UTC 2019
------------------ testing $PTII/ptolemy/domains/de/test/auto/fsm_de_test.xml
auto.tcl: Setting watchdog for 200 seconds at Sat Aug 10 05:18:56 UTC 2019
27 ms. Memory: 48128K Free: 25051K (52%)
ptolemy.util.test.WatchDog.cancel(): canceling Sat Aug 10 05:18:56 UTC 2019
auto.tcl: Setting watchdog for 200 seconds at Sat Aug 10 05:18:56 UTC 2019
8 ms. Memory: 48128K Free: 23059K (48%)
ptolemy.util.test.WatchDog.cancel(): canceling Sat Aug 10 05:18:56 UTC 2019
------------------ testing $PTII/ptolemy/domains/de/test/auto/functionDependencyReconstruction.xml
auto.tcl: Setting watchdog for 200 seconds at Sat Aug 10 05:18:56 UTC 2019
3 ms. Memory: 48128K Free: 19049K (40%)
ptolemy.util.test.WatchDog.cancel(): canceling Sat Aug 10 05:18:56 UTC 2019
auto.tcl: Setting watchdog for 200 seconds at Sat Aug 10 05:18:56 UTC 2019
2 ms. Memory: 48128K Free: 16904K (35%)
ptolemy.util.test.WatchDog.cancel(): canceling Sat Aug 10 05:18:56 UTC 2019
------------------ testing $PTII/ptolemy/domains/de/test/auto/multirate.xml
auto.tcl: Setting watchdog for 200 seconds at Sat Aug 10 05:18:56 UTC 2019
8 ms. Memory: 48128K Free: 27708K (58%)
ptolemy.util.test.WatchDog.cancel(): canceling Sat Aug 10 05:18:56 UTC 2019
auto.tcl: Setting watchdog for 200 seconds at Sat Aug 10 05:18:56 UTC 2019
4 ms. Memory: 48128K Free: 26017K (54%)
ptolemy.util.test.WatchDog.cancel(): canceling Sat Aug 10 05:18:56 UTC 2019
------------------ testing $PTII/ptolemy/domains/de/test/auto/multirate2.xml
auto.tcl: Setting watchdog for 200 seconds at Sat Aug 10 05:18:56 UTC 2019
4 ms. Memory: 48128K Free: 27877K (58%)
ptolemy.util.test.WatchDog.cancel(): canceling Sat Aug 10 05:18:56 UTC 2019
auto.tcl: Setting watchdog for 200 seconds at Sat Aug 10 05:18:56 UTC 2019
4 ms. Memory: 48128K Free: 26202K (54%)
ptolemy.util.test.WatchDog.cancel(): canceling Sat Aug 10 05:18:56 UTC 2019
------------------ testing $PTII/ptolemy/domains/de/test/auto/realtime.xml
auto.tcl: Setting watchdog for 200 seconds at Sat Aug 10 05:18:57 UTC 2019
10003 ms. Memory: 48128K Free: 29955K (62%)
ptolemy.util.test.WatchDog.cancel(): canceling Sat Aug 10 05:19:07 UTC 2019
auto.tcl: Setting watchdog for 200 seconds at Sat Aug 10 05:19:07 UTC 2019
10001 ms. Memory: 48128K Free: 29229K (61%)
ptolemy.util.test.WatchDog.cancel(): canceling Sat Aug 10 05:19:17 UTC 2019
------------------ testing $PTII/ptolemy/domains/de/test/auto/relationGroup.xml
auto.tcl: Setting watchdog for 200 seconds at Sat Aug 10 05:19:17 UTC 2019
2 ms. Memory: 48128K Free: 31013K (64%)
ptolemy.util.test.WatchDog.cancel(): canceling Sat Aug 10 05:19:17 UTC 2019
auto.tcl: Setting watchdog for 200 seconds at Sat Aug 10 05:19:17 UTC 2019
2 ms. Memory: 48128K Free: 30279K (63%)
ptolemy.util.test.WatchDog.cancel(): canceling Sat Aug 10 05:19:17 UTC 2019
------------------ testing $PTII/ptolemy/domains/de/test/auto/relationGroup2.xml
auto.tcl: Setting watchdog for 200 seconds at Sat Aug 10 05:19:17 UTC 2019
1 ms. Memory: 48128K Free: 30983K (64%)
ptolemy.util.test.WatchDog.cancel(): canceling Sat Aug 10 05:19:17 UTC 2019
auto.tcl: Setting watchdog for 200 seconds at Sat Aug 10 05:19:17 UTC 2019
1 ms. Memory: 48128K Free: 30305K (63%)
ptolemy.util.test.WatchDog.cancel(): canceling Sat Aug 10 05:19:17 UTC 2019
------------------ testing $PTII/ptolemy/domains/de/test/auto/sortWithOpaquePorts.xml
auto.tcl: Setting watchdog for 200 seconds at Sat Aug 10 05:19:17 UTC 2019
2 ms. Memory: 48128K Free: 30306K (63%)
ptolemy.util.test.WatchDog.cancel(): canceling Sat Aug 10 05:19:17 UTC 2019
auto.tcl: Setting watchdog for 200 seconds at Sat Aug 10 05:19:17 UTC 2019
2 ms. Memory: 48128K Free: 28822K (60%)
ptolemy.util.test.WatchDog.cancel(): canceling Sat Aug 10 05:19:17 UTC 2019
------------------ testing $PTII/ptolemy/domains/de/test/auto/transferInputsandOutputs.xml
auto.tcl: Setting watchdog for 200 seconds at Sat Aug 10 05:19:17 UTC 2019
2 ms. Memory: 48128K Free: 27222K (57%)
ptolemy.util.test.WatchDog.cancel(): canceling Sat Aug 10 05:19:17 UTC 2019
auto.tcl: Setting watchdog for 200 seconds at Sat Aug 10 05:19:17 UTC 2019
2 ms. Memory: 48128K Free: 26237K (55%)
ptolemy.util.test.WatchDog.cancel(): canceling Sat Aug 10 05:19:17 UTC 2019
------------------ testing $PTII/ptolemy/domains/de/test/auto/triggerType.xml
auto.tcl: Setting watchdog for 200 seconds at Sat Aug 10 05:19:17 UTC 2019
2 ms. Memory: 48128K Free: 30247K (63%)
ptolemy.util.test.WatchDog.cancel(): canceling Sat Aug 10 05:19:17 UTC 2019
auto.tcl: Setting watchdog for 200 seconds at Sat Aug 10 05:19:17 UTC 2019
2 ms. Memory: 48128K Free: 29258K (61%)
ptolemy.util.test.WatchDog.cancel(): canceling Sat Aug 10 05:19:17 UTC 2019
08/10/19 05:19:17
Failed: 0  Total Tests: 192  ((Passed: 187, Newly Passed: 1)  Known Failed: 5) /home/travis/build/icyphy/ptII/ptolemy/domains/de/test
08/10/19 05:19:17
Failed: 0  Total Tests: 192  ((Passed: 187, Newly Passed: 1)  Known Failed: 5) /home/travis/build/icyphy/ptII/ptolemy/domains/de/test
----------------- testing (KnownFailure) /home/travis/build/icyphy/ptII/ptolemy/domains/de/test/auto/knownFailedTests/DESDFClockTest.xml
2011 ms. Memory: 48128K Free: 23131K (48%)
Known Failure: java.lang.reflect.InvocationTargetException
----------------- testing (KnownFailure) /home/travis/build/icyphy/ptII/ptolemy/domains/de/test/auto/knownFailedTests/DirectFeedback.xml
1 ms. Memory: 48128K Free: 19545K (41%)
Known Failure: java.lang.reflect.InvocationTargetException
----------------- testing (KnownFailure) /home/travis/build/icyphy/ptII/ptolemy/domains/de/test/auto/knownFailedTests/FSMSource.xml
8 ms. Memory: 48128K Free: 11867K (25%)
----------------- testing (KnownFailure) /home/travis/build/icyphy/ptII/ptolemy/domains/de/test/auto/knownFailedTests/HierarchicalModel.xml
5 ms. Memory: 48128K Free: 22971K (48%)
Known Failure: java.lang.reflect.InvocationTargetException
----------------- testing (KnownFailure) /home/travis/build/icyphy/ptII/ptolemy/domains/de/test/auto/knownFailedTests/dependencyLoop.xml
2 ms. Memory: 48128K Free: 7918K (16%)
Known Failure: java.lang.reflect.InvocationTargetException
----------------- testing (KnownFailure) /home/travis/build/icyphy/ptII/ptolemy/domains/de/test/auto/knownFailedTests/dependencyLoop2.xml
4 ms. Memory: 48128K Free: 20081K (42%)
Known Failure: java.lang.reflect.InvocationTargetException
No auto/linux-amd64/*.xml tests in /home/travis/build/icyphy/ptII/ptolemy/domains/de/test
AutoTests.java: About to close Vertx.
AutoTests.java: Vertx closed.

===========================================================================================
----------------- testing Sat Aug 10 05:19:19 UTC 2019 /home/travis/build/icyphy/ptII/ptolemy/domains/de/test/auto/ActorDepthCalculation_actorWithoutPorts.xml
----------------- Instantiating /home/travis/build/icyphy/ptII/ptolemy/domains/de/test/auto/ActorDepthCalculation_actorWithoutPorts.xml
1 ms. Memory: 48128K Free: 13518K (28%)
----------------- Invoking toplevel() on ptolemy.moml.MoMLSimpleApplication@18cf1ac9
----------------- Done invoking toplevel() on ptolemy.moml.MoMLSimpleApplication@18cf1ac9
reloadAllAccessors: .ActorDepthCalculation_actorWithoutPorts

===========================================================================================
----------------- testing Sat Aug 10 05:19:19 UTC 2019 /home/travis/build/icyphy/ptII/ptolemy/domains/de/test/auto/AssemblyLine.xml
----------------- Instantiating /home/travis/build/icyphy/ptII/ptolemy/domains/de/test/auto/AssemblyLine.xml
3 ms. Memory: 48128K Free: 32486K (67%)
----------------- Invoking toplevel() on ptolemy.moml.MoMLSimpleApplication@39144eaf
----------------- Done invoking toplevel() on ptolemy.moml.MoMLSimpleApplication@39144eaf
reloadAllAccessors: .AssemblyLine

===========================================================================================
----------------- testing Sat Aug 10 05:19:19 UTC 2019 /home/travis/build/icyphy/ptII/ptolemy/domains/de/test/auto/CQBug1.xml
----------------- Instantiating /home/travis/build/icyphy/ptII/ptolemy/domains/de/test/auto/CQBug1.xml
1 ms. Memory: 48128K Free: 29674K (62%)
----------------- Invoking toplevel() on ptolemy.moml.MoMLSimpleApplication@3702843c
----------------- Done invoking toplevel() on ptolemy.moml.MoMLSimpleApplication@3702843c
reloadAllAccessors: .CQBug1

===========================================================================================
----------------- testing Sat Aug 10 05:19:19 UTC 2019 /home/travis/build/icyphy/ptII/ptolemy/domains/de/test/auto/CancelFireAt.xml
----------------- Instantiating /home/travis/build/icyphy/ptII/ptolemy/domains/de/test/auto/CancelFireAt.xml
1 ms. Memory: 48128K Free: 27062K (56%)
----------------- Invoking toplevel() on ptolemy.moml.MoMLSimpleApplication@699eebfb
----------------- Done invoking toplevel() on ptolemy.moml.MoMLSimpleApplication@699eebfb
reloadAllAccessors: .CancelFireAt

===========================================================================================
----------------- testing Sat Aug 10 05:19:19 UTC 2019 /home/travis/build/icyphy/ptII/ptolemy/domains/de/test/auto/CausalityAndComposabilityAnalysis.xml
----------------- Instantiating /home/travis/build/icyphy/ptII/ptolemy/domains/de/test/auto/CausalityAndComposabilityAnalysis.xml
2 ms. Memory: 48128K Free: 22789K (47%)
----------------- Invoking toplevel() on ptolemy.moml.MoMLSimpleApplication@506615c3
----------------- Done invoking toplevel() on ptolemy.moml.MoMLSimpleApplication@506615c3
reloadAllAccessors: .CausalityAndComposabilityAnalysis

===========================================================================================
----------------- testing Sat Aug 10 05:19:19 UTC 2019 /home/travis/build/icyphy/ptII/ptolemy/domains/de/test/auto/CausalityInterface1.xml
----------------- Instantiating /home/travis/build/icyphy/ptII/ptolemy/domains/de/test/auto/CausalityInterface1.xml
6 ms. Memory: 48128K Free: 17669K (37%)
----------------- Invoking toplevel() on ptolemy.moml.MoMLSimpleApplication@4a30e188
----------------- Done invoking toplevel() on ptolemy.moml.MoMLSimpleApplication@4a30e188
reloadAllAccessors: .CausalityInterface1

===========================================================================================
----------------- testing Sat Aug 10 05:19:19 UTC 2019 /home/travis/build/icyphy/ptII/ptolemy/domains/de/test/auto/CausalityInterface15.xml
----------------- Instantiating /home/travis/build/icyphy/ptII/ptolemy/domains/de/test/auto/CausalityInterface15.xml
2 ms. Memory: 48128K Free: 12259K (25%)
----------------- Invoking toplevel() on ptolemy.moml.MoMLSimpleApplication@764b1df3
----------------- Done invoking toplevel() on ptolemy.moml.MoMLSimpleApplication@764b1df3
reloadAllAccessors: .CausalityInterface15

===========================================================================================
----------------- testing Sat Aug 10 05:19:19 UTC 2019 /home/travis/build/icyphy/ptII/ptolemy/domains/de/test/auto/CausalityInterface2.xml
----------------- Instantiating /home/travis/build/icyphy/ptII/ptolemy/domains/de/test/auto/CausalityInterface2.xml
1 ms. Memory: 48128K Free: 7872K (16%)
[...]
	at ptolemy.actor.Manager.run(Manager.java:1263)
	at ptolemy.actor.Manager$PtolemyRunThread.run(Manager.java:1933)
java.lang.RuntimeException: Execution failed
	at ptolemy.moml.MoMLSimpleApplication$UnloadThread.run(MoMLSimpleApplication.java:402)
Caused by: ptolemy.kernel.util.IllegalActionException: Actor is not ready to fire.  Perhaps UpSample.prefire() returned false? Try debugging the actor by selecting "Listen to Actor".  Also, for SDF check moml for tokenConsumptionRate on input.
  in .DESDFClockTest.Play Bell.Copy1:SDF Director and .DESDFClockTest.Play Bell.UpSample
	at ptolemy.actor.sched.StaticSchedulingDirector.fire(StaticSchedulingDirector.java:227)
	at ptolemy.domains.sdf.kernel.SDFDirector.fire(SDFDirector.java:500)
	at ptolemy.actor.CompositeActor.fire(CompositeActor.java:455)
	at ptolemy.domains.de.kernel.DEDirector._fire(DEDirector.java:1949)
	at ptolemy.domains.de.kernel.DEDirector.fire(DEDirector.java:502)
	at ptolemy.actor.CompositeActor.fire(CompositeActor.java:455)
	at ptolemy.actor.Manager.iterate(Manager.java:851)
	at ptolemy.actor.Manager.execute(Manager.java:369)
	at ptolemy.actor.Manager.run(Manager.java:1263)
	at ptolemy.actor.Manager$PtolemyRunThread.run(Manager.java:1933)
java.lang.reflect.InvocationTargetException
	at java.base/jdk.internal.reflect.NativeConstructorAccessorImpl.newInstance0(Native Method)
	at java.base/jdk.internal.reflect.NativeConstructorAccessorImpl.newInstance(NativeConstructorAccessorImpl.java:62)
	at java.base/jdk.internal.reflect.DelegatingConstructorAccessorImpl.newInstance(DelegatingConstructorAccessorImpl.java:45)
	at java.base/java.lang.reflect.Constructor.newInstance(Constructor.java:490)
	at ptolemy.util.test.junit.AutoKnownFailedTests.RunModel(AutoKnownFailedTests.java:105)
	at java.base/jdk.internal.reflect.NativeMethodAccessorImpl.invoke0(Native Method)
	at java.base/jdk.internal.reflect.NativeMethodAccessorImpl.invoke(NativeMethodAccessorImpl.java:62)
	at java.base/jdk.internal.reflect.DelegatingMethodAccessorImpl.invoke(DelegatingMethodAccessorImpl.java:43)
	at java.base/java.lang.reflect.Method.invoke(Method.java:566)
	at org.junit.runners.model.FrameworkMethod$1.runReflectiveCall(FrameworkMethod.java:44)
	at org.junit.internal.runners.model.ReflectiveCallable.run(ReflectiveCallable.java:15)
	at org.junit.runners.model.FrameworkMethod.invokeExplosively(FrameworkMethod.java:41)
	at junitparams.internal.InvokeParameterisedMethod.evaluate(InvokeParameterisedMethod.java:102)
	at org.junit.internal.runners.statements.FailOnTimeout$1.run(FailOnTimeout.java:28)
Caused by: ptolemy.kernel.util.IllegalActionException: Actor is not ready to fire.  Perhaps UpSample.prefire() returned false? Try debugging the actor by selecting "Listen to Actor".  Also, for SDF check moml for tokenConsumptionRate on input.
  in .DESDFClockTest.Play Bell.Copy1:SDF Director and .DESDFClockTest.Play Bell.UpSample
	at ptolemy.actor.sched.StaticSchedulingDirector.fire(StaticSchedulingDirector.java:227)
	at ptolemy.domains.sdf.kernel.SDFDirector.fire(SDFDirector.java:500)
	at ptolemy.actor.CompositeActor.fire(CompositeActor.java:455)
	at ptolemy.domains.de.kernel.DEDirector._fire(DEDirector.java:1949)
	at ptolemy.domains.de.kernel.DEDirector.fire(DEDirector.java:502)
	at ptolemy.actor.CompositeActor.fire(CompositeActor.java:455)
	at ptolemy.actor.Manager.iterate(Manager.java:851)
	at ptolemy.actor.Manager.execute(Manager.java:369)
	at ptolemy.actor.Manager.run(Manager.java:1263)
	at ptolemy.actor.Manager$PtolemyRunThread.run(Manager.java:1933)
java.lang.RuntimeException: Execution failed
	at ptolemy.moml.MoMLSimpleApplication$UnloadThread.run(MoMLSimpleApplication.java:402)
Caused by: ptolemy.kernel.util.IllegalActionException: Test fails in iteration 1.
Value was: 1.0. Should have been: 2.0
  in .DirectFeedback.Test
	at ptolemy.actor.lib.Test.fire(Test.java:268)
	at ptolemy.domains.de.kernel.DEDirector._fire(DEDirector.java:1949)
	at ptolemy.domains.de.kernel.DEDirector.fire(DEDirector.java:502)
	at ptolemy.actor.CompositeActor.fire(CompositeActor.java:455)
	at ptolemy.actor.Manager.iterate(Manager.java:851)
	at ptolemy.actor.Manager.execute(Manager.java:369)
	at ptolemy.actor.Manager.run(Manager.java:1263)
	at ptolemy.actor.Manager$PtolemyRunThread.run(Manager.java:1933)
java.lang.reflect.InvocationTargetException
	at java.base/jdk.internal.reflect.NativeConstructorAccessorImpl.newInstance0(Native Method)
	at java.base/jdk.internal.reflect.NativeConstructorAccessorImpl.newInstance(NativeConstructorAccessorImpl.java:62)
	at java.base/jdk.internal.reflect.DelegatingConstructorAccessorImpl.newInstance(DelegatingConstructorAccessorImpl.java:45)
	at java.base/java.lang.reflect.Constructor.newInstance(Constructor.java:490)
	at ptolemy.util.test.junit.AutoKnownFailedTests.RunModel(AutoKnownFailedTests.java:105)
	at java.base/jdk.internal.reflect.NativeMethodAccessorImpl.invoke0(Native Method)
	at java.base/jdk.internal.reflect.NativeMethodAccessorImpl.invoke(NativeMethodAccessorImpl.java:62)
	at java.base/jdk.internal.reflect.DelegatingMethodAccessorImpl.invoke(DelegatingMethodAccessorImpl.java:43)
	at java.base/java.lang.reflect.Method.invoke(Method.java:566)
	at org.junit.runners.model.FrameworkMethod$1.runReflectiveCall(FrameworkMethod.java:44)
	at org.junit.internal.runners.model.ReflectiveCallable.run(ReflectiveCallable.java:15)
	at org.junit.runners.model.FrameworkMethod.invokeExplosively(FrameworkMethod.java:41)
	at junitparams.internal.InvokeParameterisedMethod.evaluate(InvokeParameterisedMethod.java:102)
	at org.junit.internal.runners.statements.FailOnTimeout$1.run(FailOnTimeout.java:28)
Caused by: ptolemy.kernel.util.IllegalActionException: Test fails in iteration 1.
Value was: 1.0. Should have been: 2.0
  in .DirectFeedback.Test
	at ptolemy.actor.lib.Test.fire(Test.java:268)
	at ptolemy.domains.de.kernel.DEDirector._fire(DEDirector.java:1949)
	at ptolemy.domains.de.kernel.DEDirector.fire(DEDirector.java:502)
	at ptolemy.actor.CompositeActor.fire(CompositeActor.java:455)
	at ptolemy.actor.Manager.iterate(Manager.java:851)
	at ptolemy.actor.Manager.execute(Manager.java:369)
	at ptolemy.actor.Manager.run(Manager.java:1263)
	at ptolemy.actor.Manager$PtolemyRunThread.run(Manager.java:1933)
java.lang.RuntimeException: Execution failed
	at ptolemy.moml.MoMLSimpleApplication$UnloadThread.run(MoMLSimpleApplication.java:402)
Caused by: ptolemy.kernel.util.IllegalActionException: Found a zero delay loop containing .HierarchicalModel.A
  in .HierarchicalModel and .HierarchicalModel.A
	at ptolemy.actor.util.CausalityInterfaceForComposites._computeOutputPortDepth(CausalityInterfaceForComposites.java:759)
	at ptolemy.actor.util.CausalityInterfaceForComposites._computeInputDepth(CausalityInterfaceForComposites.java:696)
	at ptolemy.actor.util.CausalityInterfaceForComposites._computeOutputPortDepth(CausalityInterfaceForComposites.java:765)
	at ptolemy.actor.util.CausalityInterfaceForComposites._computeInputDepth(CausalityInterfaceForComposites.java:696)
	at ptolemy.actor.util.CausalityInterfaceForComposites._computeOutputPortDepth(CausalityInterfaceForComposites.java:765)
	at ptolemy.actor.util.CausalityInterfaceForComposites._computeInputDepth(CausalityInterfaceForComposites.java:696)
	at ptolemy.actor.util.CausalityInterfaceForComposites._computeActorDepth(CausalityInterfaceForComposites.java:532)
	at ptolemy.actor.util.CausalityInterfaceForComposites.checkForCycles(CausalityInterfaceForComposites.java:96)
	at ptolemy.domains.de.kernel.DEDirector.preinitialize(DEDirector.java:1338)
	at ptolemy.actor.CompositeActor.preinitialize(CompositeActor.java:1828)
	at ptolemy.actor.Manager.preinitializeAndResolveTypes(Manager.java:1040)
	at ptolemy.actor.Manager.initialize(Manager.java:710)
	at ptolemy.actor.Manager.execute(Manager.java:356)
	at ptolemy.actor.Manager.run(Manager.java:1263)
	at ptolemy.actor.Manager$PtolemyRunThread.run(Manager.java:1933)
java.lang.reflect.InvocationTargetException
	at java.base/jdk.internal.reflect.NativeConstructorAccessorImpl.newInstance0(Native Method)
	at java.base/jdk.internal.reflect.NativeConstructorAccessorImpl.newInstance(NativeConstructorAccessorImpl.java:62)
	at java.base/jdk.internal.reflect.DelegatingConstructorAccessorImpl.newInstance(DelegatingConstructorAccessorImpl.java:45)
	at java.base/java.lang.reflect.Constructor.newInstance(Constructor.java:490)
	at ptolemy.util.test.junit.AutoKnownFailedTests.RunModel(AutoKnownFailedTests.java:105)
	at java.base/jdk.internal.reflect.NativeMethodAccessorImpl.invoke0(Native Method)
	at java.base/jdk.internal.reflect.NativeMethodAccessorImpl.invoke(NativeMethodAccessorImpl.java:62)
	at java.base/jdk.internal.reflect.DelegatingMethodAccessorImpl.invoke(DelegatingMethodAccessorImpl.java:43)
	at java.base/java.lang.reflect.Method.invoke(Method.java:566)
	at org.junit.runners.model.FrameworkMethod$1.runReflectiveCall(FrameworkMethod.java:44)
	at org.junit.internal.runners.model.ReflectiveCallable.run(ReflectiveCallable.java:15)
	at org.junit.runners.model.FrameworkMethod.invokeExplosively(FrameworkMethod.java:41)
	at junitparams.internal.InvokeParameterisedMethod.evaluate(InvokeParameterisedMethod.java:102)
	at org.junit.internal.runners.statements.FailOnTimeout$1.run(FailOnTimeout.java:28)
Caused by: ptolemy.kernel.util.IllegalActionException: Found a zero delay loop containing .HierarchicalModel.A
  in .HierarchicalModel and .HierarchicalModel.A
	at ptolemy.actor.util.CausalityInterfaceForComposites._computeOutputPortDepth(CausalityInterfaceForComposites.java:759)
	at ptolemy.actor.util.CausalityInterfaceForComposites._computeInputDepth(CausalityInterfaceForComposites.java:696)
	at ptolemy.actor.util.CausalityInterfaceForComposites._computeOutputPortDepth(CausalityInterfaceForComposites.java:765)
	at ptolemy.actor.util.CausalityInterfaceForComposites._computeInputDepth(CausalityInterfaceForComposites.java:696)
	at ptolemy.actor.util.CausalityInterfaceForComposites._computeOutputPortDepth(CausalityInterfaceForComposites.java:765)
	at ptolemy.actor.util.CausalityInterfaceForComposites._computeInputDepth(CausalityInterfaceForComposites.java:696)
	at ptolemy.actor.util.CausalityInterfaceForComposites._computeActorDepth(CausalityInterfaceForComposites.java:532)
	at ptolemy.actor.util.CausalityInterfaceForComposites.checkForCycles(CausalityInterfaceForComposites.java:96)
	at ptolemy.domains.de.kernel.DEDirector.preinitialize(DEDirector.java:1338)
	at ptolemy.actor.CompositeActor.preinitialize(CompositeActor.java:1828)
	at ptolemy.actor.Manager.preinitializeAndResolveTypes(Manager.java:1040)
	at ptolemy.actor.Manager.initialize(Manager.java:710)
	at ptolemy.actor.Manager.execute(Manager.java:356)
	at ptolemy.actor.Manager.run(Manager.java:1263)
	at ptolemy.actor.Manager$PtolemyRunThread.run(Manager.java:1933)
java.lang.RuntimeException: Execution failed
	at ptolemy.moml.MoMLSimpleApplication$UnloadThread.run(MoMLSimpleApplication.java:402)
Caused by: ptolemy.kernel.util.IllegalActionException: Found a zero delay loop containing .dependencyLoop.original
  in .dependencyLoop and .dependencyLoop.original
	at ptolemy.actor.util.CausalityInterfaceForComposites._computeOutputPortDepth(CausalityInterfaceForComposites.java:759)
	at ptolemy.actor.util.CausalityInterfaceForComposites._computeInputDepth(CausalityInterfaceForComposites.java:696)
	at ptolemy.actor.util.CausalityInterfaceForComposites._computeOutputPortDepth(CausalityInterfaceForComposites.java:765)
	at ptolemy.actor.util.CausalityInterfaceForComposites._computeInputDepth(CausalityInterfaceForComposites.java:696)
	at ptolemy.actor.util.CausalityInterfaceForComposites._computeOutputPortDepth(CausalityInterfaceForComposites.java:765)
	at ptolemy.actor.util.CausalityInterfaceForComposites._computeInputDepth(CausalityInterfaceForComposites.java:696)
	at ptolemy.actor.util.CausalityInterfaceForComposites._computeActorDepth(CausalityInterfaceForComposites.java:532)
	at ptolemy.actor.util.CausalityInterfaceForComposites.checkForCycles(CausalityInterfaceForComposites.java:96)
	at ptolemy.domains.de.kernel.DEDirector.preinitialize(DEDirector.java:1338)
	at ptolemy.actor.CompositeActor.preinitialize(CompositeActor.java:1828)
	at ptolemy.actor.Manager.preinitializeAndResolveTypes(Manager.java:1040)
	at ptolemy.actor.Manager.initialize(Manager.java:710)
	at ptolemy.actor.Manager.execute(Manager.java:356)
	at ptolemy.actor.Manager.run(Manager.java:1263)
	at ptolemy.actor.Manager$PtolemyRunThread.run(Manager.java:1933)
java.lang.reflect.InvocationTargetException
	at java.base/jdk.internal.reflect.NativeConstructorAccessorImpl.newInstance0(Native Method)
	at java.base/jdk.internal.reflect.NativeConstructorAccessorImpl.newInstance(NativeConstructorAccessorImpl.java:62)
	at java.base/jdk.internal.reflect.DelegatingConstructorAccessorImpl.newInstance(DelegatingConstructorAccessorImpl.java:45)
	at java.base/java.lang.reflect.Constructor.newInstance(Constructor.java:490)
	at ptolemy.util.test.junit.AutoKnownFailedTests.RunModel(AutoKnownFailedTests.java:105)
	at java.base/jdk.internal.reflect.NativeMethodAccessorImpl.invoke0(Native Method)
	at java.base/jdk.internal.reflect.NativeMethodAccessorImpl.invoke(NativeMethodAccessorImpl.java:62)
	at java.base/jdk.internal.reflect.DelegatingMethodAccessorImpl.invoke(DelegatingMethodAccessorImpl.java:43)
	at java.base/java.lang.reflect.Method.invoke(Method.java:566)
	at org.junit.runners.model.FrameworkMethod$1.runReflectiveCall(FrameworkMethod.java:44)
	at org.junit.internal.runners.model.ReflectiveCallable.run(ReflectiveCallable.java:15)
	at org.junit.runners.model.FrameworkMethod.invokeExplosively(FrameworkMethod.java:41)
	at junitparams.internal.InvokeParameterisedMethod.evaluate(InvokeParameterisedMethod.java:102)
	at org.junit.internal.runners.statements.FailOnTimeout$1.run(FailOnTimeout.java:28)
Caused by: ptolemy.kernel.util.IllegalActionException: Found a zero delay loop containing .dependencyLoop.original
  in .dependencyLoop and .dependencyLoop.original
	at ptolemy.actor.util.CausalityInterfaceForComposites._computeOutputPortDepth(CausalityInterfaceForComposites.java:759)
	at ptolemy.actor.util.CausalityInterfaceForComposites._computeInputDepth(CausalityInterfaceForComposites.java:696)
	at ptolemy.actor.util.CausalityInterfaceForComposites._computeOutputPortDepth(CausalityInterfaceForComposites.java:765)
	at ptolemy.actor.util.CausalityInterfaceForComposites._computeInputDepth(CausalityInterfaceForComposites.java:696)
	at ptolemy.actor.util.CausalityInterfaceForComposites._computeOutputPortDepth(CausalityInterfaceForComposites.java:765)
	at ptolemy.actor.util.CausalityInterfaceForComposites._computeInputDepth(CausalityInterfaceForComposites.java:696)
	at ptolemy.actor.util.CausalityInterfaceForComposites._computeActorDepth(CausalityInterfaceForComposites.java:532)
	at ptolemy.actor.util.CausalityInterfaceForComposites.checkForCycles(CausalityInterfaceForComposites.java:96)
	at ptolemy.domains.de.kernel.DEDirector.preinitialize(DEDirector.java:1338)
	at ptolemy.actor.CompositeActor.preinitialize(CompositeActor.java:1828)
	at ptolemy.actor.Manager.preinitializeAndResolveTypes(Manager.java:1040)
	at ptolemy.actor.Manager.initialize(Manager.java:710)
	at ptolemy.actor.Manager.execute(Manager.java:356)
	at ptolemy.actor.Manager.run(Manager.java:1263)
	at ptolemy.actor.Manager$PtolemyRunThread.run(Manager.java:1933)
java.lang.RuntimeException: Execution failed
	at ptolemy.moml.MoMLSimpleApplication$UnloadThread.run(MoMLSimpleApplication.java:402)
Caused by: ptolemy.kernel.util.IllegalActionException: Found a zero delay loop containing .dependencyLoop2.original
  in .dependencyLoop2 and .dependencyLoop2.original
	at ptolemy.actor.util.CausalityInterfaceForComposites._computeOutputPortDepth(CausalityInterfaceForComposites.java:759)
	at ptolemy.actor.util.CausalityInterfaceForComposites._computeInputDepth(CausalityInterfaceForComposites.java:696)
	at ptolemy.actor.util.CausalityInterfaceForComposites._computeOutputPortDepth(CausalityInterfaceForComposites.java:765)
	at ptolemy.actor.util.CausalityInterfaceForComposites._computeInputDepth(CausalityInterfaceForComposites.java:696)
	at ptolemy.actor.util.CausalityInterfaceForComposites._computeOutputPortDepth(CausalityInterfaceForComposites.java:765)
	at ptolemy.actor.util.CausalityInterfaceForComposites._computeInputDepth(CausalityInterfaceForComposites.java:696)
	at ptolemy.actor.util.CausalityInterfaceForComposites._computeActorDepth(CausalityInterfaceForComposites.java:532)
	at ptolemy.actor.util.CausalityInterfaceForComposites.checkForCycles(CausalityInterfaceForComposites.java:96)
	at ptolemy.domains.de.kernel.DEDirector.preinitialize(DEDirector.java:1338)
	at ptolemy.actor.CompositeActor.preinitialize(CompositeActor.java:1828)
	at ptolemy.actor.Manager.preinitializeAndResolveTypes(Manager.java:1040)
	at ptolemy.actor.Manager.initialize(Manager.java:710)
	at ptolemy.actor.Manager.execute(Manager.java:356)
	at ptolemy.actor.Manager.run(Manager.java:1263)
	at ptolemy.actor.Manager$PtolemyRunThread.run(Manager.java:1933)
java.lang.reflect.InvocationTargetException
	at java.base/jdk.internal.reflect.NativeConstructorAccessorImpl.newInstance0(Native Method)
	at java.base/jdk.internal.reflect.NativeConstructorAccessorImpl.newInstance(NativeConstructorAccessorImpl.java:62)
	at java.base/jdk.internal.reflect.DelegatingConstructorAccessorImpl.newInstance(DelegatingConstructorAccessorImpl.java:45)
	at java.base/java.lang.reflect.Constructor.newInstance(Constructor.java:490)
	at ptolemy.util.test.junit.AutoKnownFailedTests.RunModel(AutoKnownFailedTests.java:105)
	at java.base/jdk.internal.reflect.NativeMethodAccessorImpl.invoke0(Native Method)
	at java.base/jdk.internal.reflect.NativeMethodAccessorImpl.invoke(NativeMethodAccessorImpl.java:62)
	at java.base/jdk.internal.reflect.DelegatingMethodAccessorImpl.invoke(DelegatingMethodAccessorImpl.java:43)
	at java.base/java.lang.reflect.Method.invoke(Method.java:566)
	at org.junit.runners.model.FrameworkMethod$1.runReflectiveCall(FrameworkMethod.java:44)
	at org.junit.internal.runners.model.ReflectiveCallable.run(ReflectiveCallable.java:15)
	at org.junit.runners.model.FrameworkMethod.invokeExplosively(FrameworkMethod.java:41)
	at junitparams.internal.InvokeParameterisedMethod.evaluate(InvokeParameterisedMethod.java:102)
	at org.junit.internal.runners.statements.FailOnTimeout$1.run(FailOnTimeout.java:28)
Caused by: ptolemy.kernel.util.IllegalActionException: Found a zero delay loop containing .dependencyLoop2.original
  in .dependencyLoop2 and .dependencyLoop2.original
	at ptolemy.actor.util.CausalityInterfaceForComposites._computeOutputPortDepth(CausalityInterfaceForComposites.java:759)
	at ptolemy.actor.util.CausalityInterfaceForComposites._computeInputDepth(CausalityInterfaceForComposites.java:696)
	at ptolemy.actor.util.CausalityInterfaceForComposites._computeOutputPortDepth(CausalityInterfaceForComposites.java:765)
	at ptolemy.actor.util.CausalityInterfaceForComposites._computeInputDepth(CausalityInterfaceForComposites.java:696)
	at ptolemy.actor.util.CausalityInterfaceForComposites._computeOutputPortDepth(CausalityInterfaceForComposites.java:765)
	at ptolemy.actor.util.CausalityInterfaceForComposites._computeInputDepth(CausalityInterfaceForComposites.java:696)
	at ptolemy.actor.util.CausalityInterfaceForComposites._computeActorDepth(CausalityInterfaceForComposites.java:532)
	at ptolemy.actor.util.CausalityInterfaceForComposites.checkForCycles(CausalityInterfaceForComposites.java:96)
	at ptolemy.domains.de.kernel.DEDirector.preinitialize(DEDirector.java:1338)
	at ptolemy.actor.CompositeActor.preinitialize(CompositeActor.java:1828)
	at ptolemy.actor.Manager.preinitializeAndResolveTypes(Manager.java:1040)
	at ptolemy.actor.Manager.initialize(Manager.java:710)
	at ptolemy.actor.Manager.execute(Manager.java:356)
	at ptolemy.actor.Manager.run(Manager.java:1263)
	at ptolemy.actor.Manager$PtolemyRunThread.run(Manager.java:1933)
]]></system-err>
</testsuite>
