<?xml version="1.0" encoding="UTF-8" ?>
<testsuite errors="0" failures="0" hostname="travis-job-212f4b1d-ba22-4eb7-b996-b3cb8aa22491" name="ptolemy.domains.de.test.junit.JUnitTclTest" skipped="0" tests="101" time="129.55" timestamp="2018-06-15T17:31:54">
  <properties>
[...]
</properties>
  <testcase classname="ptolemy.util.test.junit.TclTests" name="[0] /home/travis/build/icyphy/ptII/ptolemy/domains/de/test/DependencyLoop.tcl (RunTclFile)" time="0.743" />
  <testcase classname="ptolemy.util.test.junit.TclTests" name="[1] /home/travis/build/icyphy/ptII/ptolemy/domains/de/test/RunDETestsAsQSS.tcl (RunTclFile)" time="88.21" />
  <testcase classname="ptolemy.util.test.junit.AutoKnownFailedTests" name="[0] /home/travis/build/icyphy/ptII/ptolemy/domains/de/test/auto/knownFailedTests/DESDFClockTest.xml (RunModel)" time="2.029" />
  <testcase classname="ptolemy.util.test.junit.AutoKnownFailedTests" name="[1] /home/travis/build/icyphy/ptII/ptolemy/domains/de/test/auto/knownFailedTests/DirectFeedback.xml (RunModel)" time="0.009" />
  <testcase classname="ptolemy.util.test.junit.AutoKnownFailedTests" name="[2] /home/travis/build/icyphy/ptII/ptolemy/domains/de/test/auto/knownFailedTests/FSMSource.xml (RunModel)" time="0.017" />
  <testcase classname="ptolemy.util.test.junit.AutoKnownFailedTests" name="[3] /home/travis/build/icyphy/ptII/ptolemy/domains/de/test/auto/knownFailedTests/HierarchicalModel.xml (RunModel)" time="0.037" />
  <testcase classname="ptolemy.util.test.junit.AutoKnownFailedTests" name="[4] /home/travis/build/icyphy/ptII/ptolemy/domains/de/test/auto/knownFailedTests/dependencyLoop.xml (RunModel)" time="0.03" />
  <testcase classname="ptolemy.util.test.junit.AutoKnownFailedTests" name="[5] /home/travis/build/icyphy/ptII/ptolemy/domains/de/test/auto/knownFailedTests/dependencyLoop2.xml (RunModel)" time="0.031" />
  <testcase classname="ptolemy.util.test.junit.AutoNameArchTests" name="[0] ThereAreNoAutoArchTests (RunModel)" time="0.0" />
  <testcase classname="ptolemy.util.test.junit.AutoTests" name="[0] /home/travis/build/icyphy/ptII/ptolemy/domains/de/test/auto/ActorDepthCalculation_actorWithoutPorts.xml (RunModel)" time="0.014" />
  <testcase classname="ptolemy.util.test.junit.AutoTests" name="[1] /home/travis/build/icyphy/ptII/ptolemy/domains/de/test/auto/AssemblyLine.xml (RunModel)" time="0.02" />
  <testcase classname="ptolemy.util.test.junit.AutoTests" name="[2] /home/travis/build/icyphy/ptII/ptolemy/domains/de/test/auto/CQBug1.xml (RunModel)" time="0.007" />
  <testcase classname="ptolemy.util.test.junit.AutoTests" name="[3] /home/travis/build/icyphy/ptII/ptolemy/domains/de/test/auto/CancelFireAt.xml (RunModel)" time="0.005" />
  <testcase classname="ptolemy.util.test.junit.AutoTests" name="[4] /home/travis/build/icyphy/ptII/ptolemy/domains/de/test/auto/CausalityAndComposabilityAnalysis.xml (RunModel)" time="0.009" />
  <testcase classname="ptolemy.util.test.junit.AutoTests" name="[5] /home/travis/build/icyphy/ptII/ptolemy/domains/de/test/auto/CausalityInterface1.xml (RunModel)" time="0.014" />
  <testcase classname="ptolemy.util.test.junit.AutoTests" name="[6] /home/travis/build/icyphy/ptII/ptolemy/domains/de/test/auto/CausalityInterface15.xml (RunModel)" time="0.015" />
  <testcase classname="ptolemy.util.test.junit.AutoTests" name="[7] /home/travis/build/icyphy/ptII/ptolemy/domains/de/test/auto/CausalityInterface2.xml (RunModel)" time="0.009" />
  <testcase classname="ptolemy.util.test.junit.AutoTests" name="[8] /home/travis/build/icyphy/ptII/ptolemy/domains/de/test/auto/CausalityInterface3.xml (RunModel)" time="0.01" />
  <testcase classname="ptolemy.util.test.junit.AutoTests" name="[9] /home/travis/build/icyphy/ptII/ptolemy/domains/de/test/auto/ClockDrift.xml (RunModel)" time="0.027" />
  <testcase classname="ptolemy.util.test.junit.AutoTests" name="[10] /home/travis/build/icyphy/ptII/ptolemy/domains/de/test/auto/ClockDriftAndValueChange.xml (RunModel)" time="0.026" />
  <testcase classname="ptolemy.util.test.junit.AutoTests" name="[11] /home/travis/build/icyphy/ptII/ptolemy/domains/de/test/auto/ClockDriftChange.xml (RunModel)" time="0.021" />
  <testcase classname="ptolemy.util.test.junit.AutoTests" name="[12] /home/travis/build/icyphy/ptII/ptolemy/domains/de/test/auto/ComposableCausalityAnalysis.xml (RunModel)" time="0.015" />
  <testcase classname="ptolemy.util.test.junit.AutoTests" name="[13] /home/travis/build/icyphy/ptII/ptolemy/domains/de/test/auto/DEFixedPointLimitation.xml (RunModel)" time="0.01" />
  <testcase classname="ptolemy.util.test.junit.AutoTests" name="[14] /home/travis/build/icyphy/ptII/ptolemy/domains/de/test/auto/DEScheduleTest.xml (RunModel)" time="0.012" />
  <testcase classname="ptolemy.util.test.junit.AutoTests" name="[15] /home/travis/build/icyphy/ptII/ptolemy/domains/de/test/auto/DEinDEwithStartTimes.xml (RunModel)" time="0.012" />
  <testcase classname="ptolemy.util.test.junit.AutoTests" name="[16] /home/travis/build/icyphy/ptII/ptolemy/domains/de/test/auto/DEinDEwithStartTimes2.xml (RunModel)" time="0.012" />
  <testcase classname="ptolemy.util.test.junit.AutoTests" name="[17] /home/travis/build/icyphy/ptII/ptolemy/domains/de/test/auto/DateDemo.xml (RunModel)" time="0.021" />
  <testcase classname="ptolemy.util.test.junit.AutoTests" name="[18] /home/travis/build/icyphy/ptII/ptolemy/domains/de/test/auto/DateToEvent.xml (RunModel)" time="2.032" />
  <testcase classname="ptolemy.util.test.junit.AutoTests" name="[19] /home/travis/build/icyphy/ptII/ptolemy/domains/de/test/auto/DepthTest1.xml (RunModel)" time="0.014" />
  <testcase classname="ptolemy.util.test.junit.AutoTests" name="[20] /home/travis/build/icyphy/ptII/ptolemy/domains/de/test/auto/DepthTest2.xml (RunModel)" time="0.02" />
  <testcase classname="ptolemy.util.test.junit.AutoTests" name="[21] /home/travis/build/icyphy/ptII/ptolemy/domains/de/test/auto/DepthTest3.xml (RunModel)" time="0.012" />
  <testcase classname="ptolemy.util.test.junit.AutoTests" name="[22] /home/travis/build/icyphy/ptII/ptolemy/domains/de/test/auto/DepthTest4.xml (RunModel)" time="0.015" />
  <testcase classname="ptolemy.util.test.junit.AutoTests" name="[23] /home/travis/build/icyphy/ptII/ptolemy/domains/de/test/auto/DepthTest5.xml (RunModel)" time="0.015" />
  <testcase classname="ptolemy.util.test.junit.AutoTests" name="[24] /home/travis/build/icyphy/ptII/ptolemy/domains/de/test/auto/DepthTest6.xml (RunModel)" time="0.013" />
  <testcase classname="ptolemy.util.test.junit.AutoTests" name="[25] /home/travis/build/icyphy/ptII/ptolemy/domains/de/test/auto/DepthTest7.xml (RunModel)" time="0.038" />
  <testcase classname="ptolemy.util.test.junit.AutoTests" name="[26] /home/travis/build/icyphy/ptII/ptolemy/domains/de/test/auto/EventToDate.xml (RunModel)" time="3.048" />
  <testcase classname="ptolemy.util.test.junit.AutoTests" name="[27] /home/travis/build/icyphy/ptII/ptolemy/domains/de/test/auto/FSM1.xml (RunModel)" time="0.047" />
  <testcase classname="ptolemy.util.test.junit.AutoTests" name="[28] /home/travis/build/icyphy/ptII/ptolemy/domains/de/test/auto/FSM7.xml (RunModel)" time="0.028" />
  <testcase classname="ptolemy.util.test.junit.AutoTests" name="[29] /home/travis/build/icyphy/ptII/ptolemy/domains/de/test/auto/Inspection.xml (RunModel)" time="0.035" />
  <testcase classname="ptolemy.util.test.junit.AutoTests" name="[30] /home/travis/build/icyphy/ptII/ptolemy/domains/de/test/auto/Iteration.xml (RunModel)" time="0.017" />
  <testcase classname="ptolemy.util.test.junit.AutoTests" name="[31] /home/travis/build/icyphy/ptII/ptolemy/domains/de/test/auto/LineFault.xml (RunModel)" time="0.517" />
  <testcase classname="ptolemy.util.test.junit.AutoTests" name="[32] /home/travis/build/icyphy/ptII/ptolemy/domains/de/test/auto/MergeModel1Add.xml (RunModel)" time="0.04" />
  <testcase classname="ptolemy.util.test.junit.AutoTests" name="[33] /home/travis/build/icyphy/ptII/ptolemy/domains/de/test/auto/MergeModel2Add.xml (RunModel)" time="0.039" />
  <testcase classname="ptolemy.util.test.junit.AutoTests" name="[34] /home/travis/build/icyphy/ptII/ptolemy/domains/de/test/auto/MergeModel3Add.xml (RunModel)" time="0.034" />
  <testcase classname="ptolemy.util.test.junit.AutoTests" name="[35] /home/travis/build/icyphy/ptII/ptolemy/domains/de/test/auto/MergeWithoutDiscard.xml (RunModel)" time="0.01" />
  <testcase classname="ptolemy.util.test.junit.AutoTests" name="[36] /home/travis/build/icyphy/ptII/ptolemy/domains/de/test/auto/Modal1.xml (RunModel)" time="0.026" />
  <testcase classname="ptolemy.util.test.junit.AutoTests" name="[37] /home/travis/build/icyphy/ptII/ptolemy/domains/de/test/auto/Modal2.xml (RunModel)" time="0.029" />
  <testcase classname="ptolemy.util.test.junit.AutoTests" name="[38] /home/travis/build/icyphy/ptII/ptolemy/domains/de/test/auto/Modal3.xml (RunModel)" time="0.029" />
  <testcase classname="ptolemy.util.test.junit.AutoTests" name="[39] /home/travis/build/icyphy/ptII/ptolemy/domains/de/test/auto/Modal4.xml (RunModel)" time="0.027" />
  <testcase classname="ptolemy.util.test.junit.AutoTests" name="[40] /home/travis/build/icyphy/ptII/ptolemy/domains/de/test/auto/Modal5.xml (RunModel)" time="0.031" />
  <testcase classname="ptolemy.util.test.junit.AutoTests" name="[41] /home/travis/build/icyphy/ptII/ptolemy/domains/de/test/auto/Modal6.xml (RunModel)" time="0.026" />
  <testcase classname="ptolemy.util.test.junit.AutoTests" name="[42] /home/travis/build/icyphy/ptII/ptolemy/domains/de/test/auto/Modal7.xml (RunModel)" time="0.031" />
  <testcase classname="ptolemy.util.test.junit.AutoTests" name="[43] /home/travis/build/icyphy/ptII/ptolemy/domains/de/test/auto/ModalModel.xml (RunModel)" time="0.141" />
  <testcase classname="ptolemy.util.test.junit.AutoTests" name="[44] /home/travis/build/icyphy/ptII/ptolemy/domains/de/test/auto/ModalSource.xml (RunModel)" time="0.016" />
  <testcase classname="ptolemy.util.test.junit.AutoTests" name="[45] /home/travis/build/icyphy/ptII/ptolemy/domains/de/test/auto/NonInterruptibleTimerZeroDelay.xml (RunModel)" time="0.01" />
  <testcase classname="ptolemy.util.test.junit.AutoTests" name="[46] /home/travis/build/icyphy/ptII/ptolemy/domains/de/test/auto/OpenQueueingNetwork.xml (RunModel)" time="2.173" />
  <testcase classname="ptolemy.util.test.junit.AutoTests" name="[47] /home/travis/build/icyphy/ptII/ptolemy/domains/de/test/auto/OpenQueuingNetwork.xml (RunModel)" time="0.261" />
  <testcase classname="ptolemy.util.test.junit.AutoTests" name="[48] /home/travis/build/icyphy/ptII/ptolemy/domains/de/test/auto/PeriodicSampler.xml (RunModel)" time="0.017" />
  <testcase classname="ptolemy.util.test.junit.AutoTests" name="[49] /home/travis/build/icyphy/ptII/ptolemy/domains/de/test/auto/PersistentIO.xml (RunModel)" time="0.022" />
  <testcase classname="ptolemy.util.test.junit.AutoTests" name="[50] /home/travis/build/icyphy/ptII/ptolemy/domains/de/test/auto/PortParameterResetOnInitialize.xml (RunModel)" time="0.009" />
  <testcase classname="ptolemy.util.test.junit.AutoTests" name="[51] /home/travis/build/icyphy/ptII/ptolemy/domains/de/test/auto/PortParameterUpdates.xml (RunModel)" time="0.02" />
  <testcase classname="ptolemy.util.test.junit.AutoTests" name="[52] /home/travis/build/icyphy/ptII/ptolemy/domains/de/test/auto/QueueAndServer.xml (RunModel)" time="0.02" />
  <testcase classname="ptolemy.util.test.junit.AutoTests" name="[53] /home/travis/build/icyphy/ptII/ptolemy/domains/de/test/auto/Records.xml (RunModel)" time="0.017" />
  <testcase classname="ptolemy.util.test.junit.AutoTests" name="[54] /home/travis/build/icyphy/ptII/ptolemy/domains/de/test/auto/ResetTransitionWithStartTime1.xml (RunModel)" time="0.018" />
  <testcase classname="ptolemy.util.test.junit.AutoTests" name="[55] /home/travis/build/icyphy/ptII/ptolemy/domains/de/test/auto/ResetTransitionWithStartTime2.xml (RunModel)" time="0.017" />
  <testcase classname="ptolemy.util.test.junit.AutoTests" name="[56] /home/travis/build/icyphy/ptII/ptolemy/domains/de/test/auto/ResetTransitionWithStartTime3.xml (RunModel)" time="0.02" />
  <testcase classname="ptolemy.util.test.junit.AutoTests" name="[57] /home/travis/build/icyphy/ptII/ptolemy/domains/de/test/auto/ResetTransitionWithStartTime4.xml (RunModel)" time="0.018" />
  <testcase classname="ptolemy.util.test.junit.AutoTests" name="[58] /home/travis/build/icyphy/ptII/ptolemy/domains/de/test/auto/ResettableTimer1.xml (RunModel)" time="0.01" />
  <testcase classname="ptolemy.util.test.junit.AutoTests" name="[59] /home/travis/build/icyphy/ptII/ptolemy/domains/de/test/auto/ResettableTimer2.xml (RunModel)" time="0.009" />
  <testcase classname="ptolemy.util.test.junit.AutoTests" name="[60] /home/travis/build/icyphy/ptII/ptolemy/domains/de/test/auto/ResettableTimer3.xml (RunModel)" time="0.008" />
  <testcase classname="ptolemy.util.test.junit.AutoTests" name="[61] /home/travis/build/icyphy/ptII/ptolemy/domains/de/test/auto/ResettableTimer4.xml (RunModel)" time="0.009" />
  <testcase classname="ptolemy.util.test.junit.AutoTests" name="[62] /home/travis/build/icyphy/ptII/ptolemy/domains/de/test/auto/ResettableTimer5.xml (RunModel)" time="0.011" />
  <testcase classname="ptolemy.util.test.junit.AutoTests" name="[63] /home/travis/build/icyphy/ptII/ptolemy/domains/de/test/auto/ResettableTimer6.xml (RunModel)" time="0.014" />
  <testcase classname="ptolemy.util.test.junit.AutoTests" name="[64] /home/travis/build/icyphy/ptII/ptolemy/domains/de/test/auto/ServerZeroDelay.xml (RunModel)" time="0.017" />
  <testcase classname="ptolemy.util.test.junit.AutoTests" name="[65] /home/travis/build/icyphy/ptII/ptolemy/domains/de/test/auto/SmartSender.xml (RunModel)" time="3.015" />
  <testcase classname="ptolemy.util.test.junit.AutoTests" name="[66] /home/travis/build/icyphy/ptII/ptolemy/domains/de/test/auto/ThreadedComposite.xml (RunModel)" time="0.11" />
  <testcase classname="ptolemy.util.test.junit.AutoTests" name="[67] /home/travis/build/icyphy/ptII/ptolemy/domains/de/test/auto/Time.xml (RunModel)" time="0.415" />
  <testcase classname="ptolemy.util.test.junit.AutoTests" name="[68] /home/travis/build/icyphy/ptII/ptolemy/domains/de/test/auto/TimeDelayZeroDelay.xml (RunModel)" time="0.011" />
  <testcase classname="ptolemy.util.test.junit.AutoTests" name="[69] /home/travis/build/icyphy/ptII/ptolemy/domains/de/test/auto/TimerZeroDelay.xml (RunModel)" time="0.009" />
  <testcase classname="ptolemy.util.test.junit.AutoTests" name="[70] /home/travis/build/icyphy/ptII/ptolemy/domains/de/test/auto/TimingParadox.xml (RunModel)" time="0.339" />
  <testcase classname="ptolemy.util.test.junit.AutoTests" name="[71] /home/travis/build/icyphy/ptII/ptolemy/domains/de/test/auto/TransferInputs.xml (RunModel)" time="0.012" />
  <testcase classname="ptolemy.util.test.junit.AutoTests" name="[72] /home/travis/build/icyphy/ptII/ptolemy/domains/de/test/auto/TransferOutputs2.xml (RunModel)" time="0.014" />
  <testcase classname="ptolemy.util.test.junit.AutoTests" name="[73] /home/travis/build/icyphy/ptII/ptolemy/domains/de/test/auto/Trilateration.xml (RunModel)" time="12.804" />
  <testcase classname="ptolemy.util.test.junit.AutoTests" name="[74] /home/travis/build/icyphy/ptII/ptolemy/domains/de/test/auto/TwoSigmaDelta.xml (RunModel)" time="1.917" />
  <testcase classname="ptolemy.util.test.junit.AutoTests" name="[75] /home/travis/build/icyphy/ptII/ptolemy/domains/de/test/auto/VariableDelay.xml (RunModel)" time="0.017" />
  <testcase classname="ptolemy.util.test.junit.AutoTests" name="[76] /home/travis/build/icyphy/ptII/ptolemy/domains/de/test/auto/VariableDelay2.xml (RunModel)" time="0.008" />
  <testcase classname="ptolemy.util.test.junit.AutoTests" name="[77] /home/travis/build/icyphy/ptII/ptolemy/domains/de/test/auto/VariableDelayZeroDelay.xml (RunModel)" time="0.011" />
  <testcase classname="ptolemy.util.test.junit.AutoTests" name="[78] /home/travis/build/icyphy/ptII/ptolemy/domains/de/test/auto/VariableDelayZeroDelay2.xml (RunModel)" time="0.009" />
  <testcase classname="ptolemy.util.test.junit.AutoTests" name="[79] /home/travis/build/icyphy/ptII/ptolemy/domains/de/test/auto/deInCt.xml (RunModel)" time="0.013" />
  <testcase classname="ptolemy.util.test.junit.AutoTests" name="[80] /home/travis/build/icyphy/ptII/ptolemy/domains/de/test/auto/deInCt2.xml (RunModel)" time="0.014" />
  <testcase classname="ptolemy.util.test.junit.AutoTests" name="[81] /home/travis/build/icyphy/ptII/ptolemy/domains/de/test/auto/dynamicCausalityInterface1.xml (RunModel)" time="0.018" />
  <testcase classname="ptolemy.util.test.junit.AutoTests" name="[82] /home/travis/build/icyphy/ptII/ptolemy/domains/de/test/auto/fsm_de_test.xml (RunModel)" time="0.027" />
  <testcase classname="ptolemy.util.test.junit.AutoTests" name="[83] /home/travis/build/icyphy/ptII/ptolemy/domains/de/test/auto/functionDependencyReconstruction.xml (RunModel)" time="0.032" />
  <testcase classname="ptolemy.util.test.junit.AutoTests" name="[84] /home/travis/build/icyphy/ptII/ptolemy/domains/de/test/auto/multirate.xml (RunModel)" time="0.015" />
  <testcase classname="ptolemy.util.test.junit.AutoTests" name="[85] /home/travis/build/icyphy/ptII/ptolemy/domains/de/test/auto/multirate2.xml (RunModel)" time="0.02" />
  <testcase classname="ptolemy.util.test.junit.AutoTests" name="[86] /home/travis/build/icyphy/ptII/ptolemy/domains/de/test/auto/realtime.xml (RunModel)" time="10.012" />
  <testcase classname="ptolemy.util.test.junit.AutoTests" name="[87] /home/travis/build/icyphy/ptII/ptolemy/domains/de/test/auto/relationGroup.xml (RunModel)" time="0.01" />
  <testcase classname="ptolemy.util.test.junit.AutoTests" name="[88] /home/travis/build/icyphy/ptII/ptolemy/domains/de/test/auto/relationGroup2.xml (RunModel)" time="0.006" />
  <testcase classname="ptolemy.util.test.junit.AutoTests" name="[89] /home/travis/build/icyphy/ptII/ptolemy/domains/de/test/auto/sortWithOpaquePorts.xml (RunModel)" time="0.008" />
  <testcase classname="ptolemy.util.test.junit.AutoTests" name="[90] /home/travis/build/icyphy/ptII/ptolemy/domains/de/test/auto/transferInputsandOutputs.xml (RunModel)" time="0.014" />
  <testcase classname="ptolemy.util.test.junit.AutoTests" name="[91] /home/travis/build/icyphy/ptII/ptolemy/domains/de/test/auto/triggerType.xml (RunModel)" time="0.009" />
  <system-out><![CDATA[/home/travis/build/icyphy/ptII/ptolemy/domains/de/test/DependencyLoop.tcl
testDefs.tcl: setting time out to 9000 seconds at Fri Jun 15 17:31:54 UTC 2018
13 ms. Memory: 116224K Free: 93471K (80%)
10 ms. Memory: 146944K Free: 135472K (92%)
/home/travis/build/icyphy/ptII/ptolemy/domains/de/test/RunDETestsAsQSS.tcl
Run the DE tests using ptolemy.domains.qss.test.QSSDirectorTest, which extends QSSDirector and prints a message in the constructors.
------------------ testing $PTII/ptolemy/domains/de/test/auto/knownFailedTests/dependencyLoop.xml (Known Failure) 
15 ms. Memory: 146944K Free: 132360K (90%)


==== $PTIIhome/travis/build/icyphy/ptII/ptolemy/domains/de/test/../../../../: Auto Automatic test in file $PTII/ptolemy/domains/de/test/auto/knownFailedTests/dependencyLoop.xml
==== Contents of test case:

	    # FIXME: we should use $relativeFilename here, but it
	    # might have backslashes under Windows, which causes no end
	    # of trouble.
	    createAndExecute $file
	    list {}
	
.... Test generated KNOWN error:
    while executing
ptolemy.kernel.util.IllegalActionException: Found a zero delay loop containing .dependencyLoop.original
  in .dependencyLoop and .dependencyLoop.original
	at ptolemy.actor.util.CausalityInterfaceForComposites._computeOutputPortDepth(CausalityInterfaceForComposites.java:759)
	at ptolemy.actor.util.CausalityInterfaceForComposites._computeInputDepth(CausalityInterfaceForComposites.java:696)
	at ptolemy.actor.util.CausalityInterfaceForComposites._computeOutputPortDepth(CausalityInterfaceForComposites.java:765)
	at ptolemy.actor.util.CausalityInterfaceForComposites._computeInputDepth(CausalityInterfaceForComposites.java:696)
	at ptolemy.actor.util.CausalityInterfaceForComposites._computeOutputPortDepth(CausalityInterfaceForComposites.java:765)
	at ptolemy.actor.util.CausalityInterfaceForComposites._computeInputDepth(CausalityInterfaceForComposites.java:696)
	at ptolemy.actor.util.CausalityInterfaceForComposites._computeActorDepth(CausalityInterfaceForComposites.java:532)
	at ptolemy.actor.util.CausalityInterfaceForComposites.checkForCycles(CausalityInterfaceForComposites.java:96)
	at ptolemy.domains.de.kernel.DEDirector.preinitialize(DEDirector.java:1338)
	at ptolemy.actor.CompositeActor.preinitialize(CompositeActor.java:1828)
	at ptolemy.actor.Manager.preinitializeAndResolveTypes(Manager.java:1040)
	at ptolemy.actor.Manager.initialize(Manager.java:710)
	at ptolemy.actor.Manager.execute(Manager.java:356)
	at ptolemy.actor.Manager.run(Manager.java:1263)
	at ptolemy.actor.Manager$PtolemyRunThread.run(Manager.java:1915)

    while executing
ptolemy.kernel.util.IllegalActionException: Found a zero delay loop containing .dependencyLoop.original
  in .dependencyLoop and .dependencyLoop.original
    while executing
"java::new ptolemy.moml.MoMLSimpleApplication $file
"
    (procedure "createAndExecute" line 2)
    invoked from within
"createAndExecute $file"
    ("uplevel" body line 5)
    invoked from within
"uplevel $contents_of_test"
------------------ testing $PTII/ptolemy/domains/de/test/auto/knownFailedTests/DESDFClockTest.xml (Known Failure) 
2053 ms. Memory: 146944K Free: 116589K (79%)


==== $PTIIhome/travis/build/icyphy/ptII/ptolemy/domains/de/test/../../../../: Auto Automatic test in file $PTII/ptolemy/domains/de/test/auto/knownFailedTests/DESDFClockTest.xml
==== Contents of test case:

	    # FIXME: we should use $relativeFilename here, but it
	    # might have backslashes under Windows, which causes no end
	    # of trouble.
	    createAndExecute $file
	    list {}
	
.... Test generated KNOWN error:
    while executing
ptolemy.kernel.util.IllegalActionException: Actor is not ready to fire.  Perhaps UpSample.prefire() returned false? Try debugging the actor by selecting "Listen to Actor".  Also, for SDF check moml for tokenConsumptionRate on input.
  in .DESDFClockTest.Play Bell.Copy1:SDF Director and .DESDFClockTest.Play Bell.UpSample
	at ptolemy.actor.sched.StaticSchedulingDirector.fire(StaticSchedulingDirector.java:227)
	at ptolemy.domains.sdf.kernel.SDFDirector.fire(SDFDirector.java:500)
	at ptolemy.actor.CompositeActor.fire(CompositeActor.java:455)
	at ptolemy.domains.de.kernel.DEDirector._fire(DEDirector.java:1949)
	at ptolemy.domains.de.kernel.DEDirector.fire(DEDirector.java:502)
	at ptolemy.actor.CompositeActor.fire(CompositeActor.java:455)
	at ptolemy.actor.Manager.iterate(Manager.java:851)
	at ptolemy.actor.Manager.execute(Manager.java:369)
	at ptolemy.actor.Manager.run(Manager.java:1263)
	at ptolemy.actor.Manager$PtolemyRunThread.run(Manager.java:1915)

    while executing
ptolemy.kernel.util.IllegalActionException: Actor is not ready to fire.  Perhaps UpSample.prefire() returned false? Try debugging the actor by selecting "Listen to Actor".  Also, for SDF check moml for tokenConsumptionRate on input.
  in .DESDFClockTest.Play Bell.Copy1:SDF Director and .DESDFClockTest.Play Bell.UpSample
    while executing
"java::new ptolemy.moml.MoMLSimpleApplication $file
"
    (procedure "createAndExecute" line 2)
    invoked from within
"createAndExecute $file"
    ("uplevel" body line 5)
    invoked from within
"uplevel $contents_of_test"
------------------ testing $PTII/ptolemy/domains/de/test/auto/knownFailedTests/FSMSource.xml (Known Failure) 
28 ms. Memory: 146944K Free: 107643K (73%)
!!!! Auto was marked as failing, but now passes
------------------ testing $PTII/ptolemy/domains/de/test/auto/knownFailedTests/dependencyLoop2.xml (Known Failure) 
9 ms. Memory: 146944K Free: 105760K (72%)


==== $PTIIhome/travis/build/icyphy/ptII/ptolemy/domains/de/test/../../../../: Auto Automatic test in file $PTII/ptolemy/domains/de/test/auto/knownFailedTests/dependencyLoop2.xml
==== Contents of test case:

	    # FIXME: we should use $relativeFilename here, but it
	    # might have backslashes under Windows, which causes no end
	    # of trouble.
	    createAndExecute $file
	    list {}
	
.... Test generated KNOWN error:
    while executing
ptolemy.kernel.util.IllegalActionException: Found a zero delay loop containing .dependencyLoop2.original
  in .dependencyLoop2 and .dependencyLoop2.original
	at ptolemy.actor.util.CausalityInterfaceForComposites._computeOutputPortDepth(CausalityInterfaceForComposites.java:759)
	at ptolemy.actor.util.CausalityInterfaceForComposites._computeInputDepth(CausalityInterfaceForComposites.java:696)
	at ptolemy.actor.util.CausalityInterfaceForComposites._computeOutputPortDepth(CausalityInterfaceForComposites.java:765)
	at ptolemy.actor.util.CausalityInterfaceForComposites._computeInputDepth(CausalityInterfaceForComposites.java:696)
	at ptolemy.actor.util.CausalityInterfaceForComposites._computeOutputPortDepth(CausalityInterfaceForComposites.java:765)
	at ptolemy.actor.util.CausalityInterfaceForComposites._computeInputDepth(CausalityInterfaceForComposites.java:696)
	at ptolemy.actor.util.CausalityInterfaceForComposites._computeActorDepth(CausalityInterfaceForComposites.java:532)
	at ptolemy.actor.util.CausalityInterfaceForComposites.checkForCycles(CausalityInterfaceForComposites.java:96)
	at ptolemy.domains.de.kernel.DEDirector.preinitialize(DEDirector.java:1338)
	at ptolemy.actor.CompositeActor.preinitialize(CompositeActor.java:1828)
	at ptolemy.actor.Manager.preinitializeAndResolveTypes(Manager.java:1040)
	at ptolemy.actor.Manager.initialize(Manager.java:710)
	at ptolemy.actor.Manager.execute(Manager.java:356)
	at ptolemy.actor.Manager.run(Manager.java:1263)
	at ptolemy.actor.Manager$PtolemyRunThread.run(Manager.java:1915)

    while executing
ptolemy.kernel.util.IllegalActionException: Found a zero delay loop containing .dependencyLoop2.original
  in .dependencyLoop2 and .dependencyLoop2.original
    while executing
"java::new ptolemy.moml.MoMLSimpleApplication $file
"
    (procedure "createAndExecute" line 2)
    invoked from within
"createAndExecute $file"
    ("uplevel" body line 5)
    invoked from within
"uplevel $contents_of_test"
------------------ testing $PTII/ptolemy/domains/de/test/auto/knownFailedTests/HierarchicalModel.xml (Known Failure) 
4 ms. Memory: 146944K Free: 85348K (58%)


==== $PTIIhome/travis/build/icyphy/ptII/ptolemy/domains/de/test/../../../../: Auto Automatic test in file $PTII/ptolemy/domains/de/test/auto/knownFailedTests/HierarchicalModel.xml
==== Contents of test case:

	    # FIXME: we should use $relativeFilename here, but it
	    # might have backslashes under Windows, which causes no end
	    # of trouble.
	    createAndExecute $file
	    list {}
	
.... Test generated KNOWN error:
    while executing
ptolemy.kernel.util.IllegalActionException: Found a zero delay loop containing .HierarchicalModel.A
  in .HierarchicalModel and .HierarchicalModel.A
	at ptolemy.actor.util.CausalityInterfaceForComposites._computeOutputPortDepth(CausalityInterfaceForComposites.java:759)
	at ptolemy.actor.util.CausalityInterfaceForComposites._computeInputDepth(CausalityInterfaceForComposites.java:696)
	at ptolemy.actor.util.CausalityInterfaceForComposites._computeOutputPortDepth(CausalityInterfaceForComposites.java:765)
	at ptolemy.actor.util.CausalityInterfaceForComposites._computeInputDepth(CausalityInterfaceForComposites.java:696)
	at ptolemy.actor.util.CausalityInterfaceForComposites._computeOutputPortDepth(CausalityInterfaceForComposites.java:765)
	at ptolemy.actor.util.CausalityInterfaceForComposites._computeInputDepth(CausalityInterfaceForComposites.java:696)
	at ptolemy.actor.util.CausalityInterfaceForComposites._computeActorDepth(CausalityInterfaceForComposites.java:532)
	at ptolemy.actor.util.CausalityInterfaceForComposites.checkForCycles(CausalityInterfaceForComposites.java:96)
	at ptolemy.domains.de.kernel.DEDirector.preinitialize(DEDirector.java:1338)
	at ptolemy.actor.CompositeActor.preinitialize(CompositeActor.java:1828)
	at ptolemy.actor.Manager.preinitializeAndResolveTypes(Manager.java:1040)
	at ptolemy.actor.Manager.initialize(Manager.java:710)
	at ptolemy.actor.Manager.execute(Manager.java:356)
	at ptolemy.actor.Manager.run(Manager.java:1263)
	at ptolemy.actor.Manager$PtolemyRunThread.run(Manager.java:1915)

    while executing
ptolemy.kernel.util.IllegalActionException: Found a zero delay loop containing .HierarchicalModel.A
  in .HierarchicalModel and .HierarchicalModel.A
    while executing
"java::new ptolemy.moml.MoMLSimpleApplication $file
"
    (procedure "createAndExecute" line 2)
    invoked from within
"createAndExecute $file"
    ("uplevel" body line 5)
    invoked from within
"uplevel $contents_of_test"
------------------ testing $PTII/ptolemy/domains/de/test/auto/knownFailedTests/DirectFeedback.xml (Known Failure) 
6 ms. Memory: 146944K Free: 141373K (96%)


==== $PTIIhome/travis/build/icyphy/ptII/ptolemy/domains/de/test/../../../../: Auto Automatic test in file $PTII/ptolemy/domains/de/test/auto/knownFailedTests/DirectFeedback.xml
==== Contents of test case:

	    # FIXME: we should use $relativeFilename here, but it
	    # might have backslashes under Windows, which causes no end
	    # of trouble.
	    createAndExecute $file
	    list {}
	
.... Test generated KNOWN error:
    while executing
ptolemy.kernel.util.IllegalActionException: Test fails in iteration 1.
Value was: 1.0. Should have been: 2.0
  in .DirectFeedback.Test
	at ptolemy.actor.lib.Test.fire(Test.java:268)
	at ptolemy.domains.de.kernel.DEDirector._fire(DEDirector.java:1949)
	at ptolemy.domains.de.kernel.DEDirector.fire(DEDirector.java:502)
	at ptolemy.actor.CompositeActor.fire(CompositeActor.java:455)
	at ptolemy.actor.Manager.iterate(Manager.java:851)
	at ptolemy.actor.Manager.execute(Manager.java:369)
	at ptolemy.actor.Manager.run(Manager.java:1263)
	at ptolemy.actor.Manager$PtolemyRunThread.run(Manager.java:1915)

    while executing
ptolemy.kernel.util.IllegalActionException: Test fails in iteration 1.
Value was: 1.0. Should have been: 2.0
  in .DirectFeedback.Test
    while executing
"java::new ptolemy.moml.MoMLSimpleApplication $file
"
    (procedure "createAndExecute" line 2)
    invoked from within
"createAndExecute $file"
    ("uplevel" body line 5)
    invoked from within
"uplevel $contents_of_test"
------------------ testing $PTII/ptolemy/domains/de/test/auto/ActorDepthCalculation_actorWithoutPorts.xml
auto.tcl: Setting watchdog for 200 seconds at Fri Jun 15 17:31:58 UTC 2018
4 ms. Memory: 146944K Free: 133410K (91%)
ptolemy.util.test.WatchDog.cancel(): canceling Fri Jun 15 17:31:58 UTC 2018
auto.tcl: Setting watchdog for 200 seconds at Fri Jun 15 17:31:58 UTC 2018
4 ms. Memory: 146944K Free: 131312K (89%)
ptolemy.util.test.WatchDog.cancel(): canceling Fri Jun 15 17:31:58 UTC 2018
------------------ testing $PTII/ptolemy/domains/de/test/auto/AssemblyLine.xml
auto.tcl: Setting watchdog for 200 seconds at Fri Jun 15 17:31:58 UTC 2018
10 ms. Memory: 208384K Free: 182803K (88%)
ptolemy.util.test.WatchDog.cancel(): canceling Fri Jun 15 17:31:58 UTC 2018
auto.tcl: Setting watchdog for 200 seconds at Fri Jun 15 17:31:58 UTC 2018
7 ms. Memory: 208384K Free: 182803K (88%)
ptolemy.util.test.WatchDog.cancel(): canceling Fri Jun 15 17:31:58 UTC 2018
------------------ testing $PTII/ptolemy/domains/de/test/auto/CQBug1.xml
auto.tcl: Setting watchdog for 200 seconds at Fri Jun 15 17:31:58 UTC 2018
3 ms. Memory: 208384K Free: 197699K (95%)
ptolemy.util.test.WatchDog.cancel(): canceling Fri Jun 15 17:31:58 UTC 2018
auto.tcl: Setting watchdog for 200 seconds at Fri Jun 15 17:31:58 UTC 2018
2 ms. Memory: 208384K Free: 197699K (95%)
ptolemy.util.test.WatchDog.cancel(): canceling Fri Jun 15 17:31:58 UTC 2018
------------------ testing $PTII/ptolemy/domains/de/test/auto/CancelFireAt.xml
auto.tcl: Setting watchdog for 200 seconds at Fri Jun 15 17:31:58 UTC 2018
4 ms. Memory: 208384K Free: 201431K (97%)
ptolemy.util.test.WatchDog.cancel(): canceling Fri Jun 15 17:31:58 UTC 2018
auto.tcl: Setting watchdog for 200 seconds at Fri Jun 15 17:31:58 UTC 2018
2 ms. Memory: 208384K Free: 199319K (96%)
ptolemy.util.test.WatchDog.cancel(): canceling Fri Jun 15 17:31:59 UTC 2018
------------------ testing $PTII/ptolemy/domains/de/test/auto/CausalityAndComposabilityAnalysis.xml
auto.tcl: Setting watchdog for 200 seconds at Fri Jun 15 17:31:59 UTC 2018
11 ms. Memory: 208384K Free: 196468K (94%)
ptolemy.util.test.WatchDog.cancel(): canceling Fri Jun 15 17:31:59 UTC 2018
auto.tcl: Setting watchdog for 200 seconds at Fri Jun 15 17:31:59 UTC 2018
6 ms. Memory: 208384K Free: 196468K (94%)
ptolemy.util.test.WatchDog.cancel(): canceling Fri Jun 15 17:31:59 UTC 2018
------------------ testing $PTII/ptolemy/domains/de/test/auto/CausalityInterface1.xml
auto.tcl: Setting watchdog for 200 seconds at Fri Jun 15 17:31:59 UTC 2018
21 ms. Memory: 208384K Free: 196405K (94%)
ptolemy.util.test.WatchDog.cancel(): canceling Fri Jun 15 17:31:59 UTC 2018
auto.tcl: Setting watchdog for 200 seconds at Fri Jun 15 17:31:59 UTC 2018
4 ms. Memory: 208384K Free: 196405K (94%)
ptolemy.util.test.WatchDog.cancel(): canceling Fri Jun 15 17:31:59 UTC 2018
------------------ testing $PTII/ptolemy/domains/de/test/auto/CausalityInterface15.xml
auto.tcl: Setting watchdog for 200 seconds at Fri Jun 15 17:31:59 UTC 2018
11 ms. Memory: 208384K Free: 196396K (94%)
ptolemy.util.test.WatchDog.cancel(): canceling Fri Jun 15 17:31:59 UTC 2018
auto.tcl: Setting watchdog for 200 seconds at Fri Jun 15 17:31:59 UTC 2018
5 ms. Memory: 208384K Free: 196396K (94%)
ptolemy.util.test.WatchDog.cancel(): canceling Fri Jun 15 17:31:59 UTC 2018
------------------ testing $PTII/ptolemy/domains/de/test/auto/CausalityInterface2.xml
auto.tcl: Setting watchdog for 200 seconds at Fri Jun 15 17:31:59 UTC 2018
8 ms. Memory: 208384K Free: 196380K (94%)
ptolemy.util.test.WatchDog.cancel(): canceling Fri Jun 15 17:31:59 UTC 2018
auto.tcl: Setting watchdog for 200 seconds at Fri Jun 15 17:31:59 UTC 2018
2 ms. Memory: 208384K Free: 196380K (94%)
ptolemy.util.test.WatchDog.cancel(): canceling Fri Jun 15 17:31:59 UTC 2018
------------------ testing $PTII/ptolemy/domains/de/test/auto/CausalityInterface3.xml
auto.tcl: Setting watchdog for 200 seconds at Fri Jun 15 17:31:59 UTC 2018
8 ms. Memory: 208384K Free: 196393K (94%)
ptolemy.util.test.WatchDog.cancel(): canceling Fri Jun 15 17:31:59 UTC 2018
auto.tcl: Setting watchdog for 200 seconds at Fri Jun 15 17:31:59 UTC 2018
4 ms. Memory: 208384K Free: 196393K (94%)
ptolemy.util.test.WatchDog.cancel(): canceling Fri Jun 15 17:31:59 UTC 2018
------------------ testing $PTII/ptolemy/domains/de/test/auto/ClockDrift.xml
auto.tcl: Setting watchdog for 200 seconds at Fri Jun 15 17:31:59 UTC 2018
100 ms. Memory: 208384K Free: 187591K (90%)
ptolemy.util.test.WatchDog.cancel(): canceling Fri Jun 15 17:31:59 UTC 2018
auto.tcl: Setting watchdog for 200 seconds at Fri Jun 15 17:31:59 UTC 2018
57 ms. Memory: 208384K Free: 185480K (89%)
ptolemy.util.test.WatchDog.cancel(): canceling Fri Jun 15 17:31:59 UTC 2018
------------------ testing $PTII/ptolemy/domains/de/test/auto/ClockDriftAndValueChange.xml
auto.tcl: Setting watchdog for 200 seconds at Fri Jun 15 17:31:59 UTC 2018
50 ms. Memory: 208384K Free: 187423K (90%)
ptolemy.util.test.WatchDog.cancel(): canceling Fri Jun 15 17:32:00 UTC 2018
auto.tcl: Setting watchdog for 200 seconds at Fri Jun 15 17:32:00 UTC 2018
27 ms. Memory: 208384K Free: 185312K (89%)
ptolemy.util.test.WatchDog.cancel(): canceling Fri Jun 15 17:32:00 UTC 2018
------------------ testing $PTII/ptolemy/domains/de/test/auto/ClockDriftChange.xml
auto.tcl: Setting watchdog for 200 seconds at Fri Jun 15 17:32:00 UTC 2018
35 ms. Memory: 208384K Free: 190758K (92%)
ptolemy.util.test.WatchDog.cancel(): canceling Fri Jun 15 17:32:00 UTC 2018
auto.tcl: Setting watchdog for 200 seconds at Fri Jun 15 17:32:00 UTC 2018
25 ms. Memory: 208384K Free: 188647K (91%)
ptolemy.util.test.WatchDog.cancel(): canceling Fri Jun 15 17:32:00 UTC 2018
------------------ testing $PTII/ptolemy/domains/de/test/auto/ComposableCausalityAnalysis.xml
auto.tcl: Setting watchdog for 200 seconds at Fri Jun 15 17:32:00 UTC 2018
2 ms. Memory: 208384K Free: 196246K (94%)
ptolemy.util.test.WatchDog.cancel(): canceling Fri Jun 15 17:32:00 UTC 2018
auto.tcl: Setting watchdog for 200 seconds at Fri Jun 15 17:32:00 UTC 2018
1 ms. Memory: 208384K Free: 194134K (93%)
ptolemy.util.test.WatchDog.cancel(): canceling Fri Jun 15 17:32:00 UTC 2018
------------------ testing $PTII/ptolemy/domains/de/test/auto/DEFixedPointLimitation.xml
auto.tcl: Setting watchdog for 200 seconds at Fri Jun 15 17:32:00 UTC 2018
2 ms. Memory: 208384K Free: 196326K (94%)
ptolemy.util.test.WatchDog.cancel(): canceling Fri Jun 15 17:32:00 UTC 2018
auto.tcl: Setting watchdog for 200 seconds at Fri Jun 15 17:32:00 UTC 2018
1 ms. Memory: 208384K Free: 196326K (94%)
ptolemy.util.test.WatchDog.cancel(): canceling Fri Jun 15 17:32:00 UTC 2018
------------------ testing $PTII/ptolemy/domains/de/test/auto/DEScheduleTest.xml
auto.tcl: Setting watchdog for 200 seconds at Fri Jun 15 17:32:00 UTC 2018
4 ms. Memory: 208384K Free: 198473K (95%)
ptolemy.util.test.WatchDog.cancel(): canceling Fri Jun 15 17:32:00 UTC 2018
auto.tcl: Setting watchdog for 200 seconds at Fri Jun 15 17:32:00 UTC 2018
6 ms. Memory: 208384K Free: 196362K (94%)
ptolemy.util.test.WatchDog.cancel(): canceling Fri Jun 15 17:32:00 UTC 2018
------------------ testing $PTII/ptolemy/domains/de/test/auto/DEinDEwithStartTimes.xml
auto.tcl: Setting watchdog for 200 seconds at Fri Jun 15 17:32:00 UTC 2018
3 ms. Memory: 208384K Free: 196669K (94%)
ptolemy.util.test.WatchDog.cancel(): canceling Fri Jun 15 17:32:00 UTC 2018
auto.tcl: Setting watchdog for 200 seconds at Fri Jun 15 17:32:00 UTC 2018
3 ms. Memory: 208384K Free: 194558K (93%)
ptolemy.util.test.WatchDog.cancel(): canceling Fri Jun 15 17:32:00 UTC 2018
------------------ testing $PTII/ptolemy/domains/de/test/auto/DEinDEwithStartTimes2.xml
auto.tcl: Setting watchdog for 200 seconds at Fri Jun 15 17:32:00 UTC 2018
4 ms. Memory: 208384K Free: 196649K (94%)
ptolemy.util.test.WatchDog.cancel(): canceling Fri Jun 15 17:32:00 UTC 2018
auto.tcl: Setting watchdog for 200 seconds at Fri Jun 15 17:32:00 UTC 2018
4 ms. Memory: 208384K Free: 194200K (93%)
ptolemy.util.test.WatchDog.cancel(): canceling Fri Jun 15 17:32:00 UTC 2018
------------------ testing $PTII/ptolemy/domains/de/test/auto/DateDemo.xml
auto.tcl: Setting watchdog for 200 seconds at Fri Jun 15 17:32:00 UTC 2018
8 ms. Memory: 208384K Free: 188706K (91%)
ptolemy.util.test.WatchDog.cancel(): canceling Fri Jun 15 17:32:00 UTC 2018
auto.tcl: Setting watchdog for 200 seconds at Fri Jun 15 17:32:00 UTC 2018
6 ms. Memory: 208384K Free: 186595K (90%)
ptolemy.util.test.WatchDog.cancel(): canceling Fri Jun 15 17:32:00 UTC 2018
------------------ testing $PTII/ptolemy/domains/de/test/auto/DateToEvent.xml
auto.tcl: Setting watchdog for 200 seconds at Fri Jun 15 17:32:00 UTC 2018
2011 ms. Memory: 208384K Free: 183380K (88%)
ptolemy.util.test.WatchDog.cancel(): canceling Fri Jun 15 17:32:02 UTC 2018
auto.tcl: Setting watchdog for 200 seconds at Fri Jun 15 17:32:02 UTC 2018
2004 ms. Memory: 208384K Free: 180922K (87%)
ptolemy.util.test.WatchDog.cancel(): canceling Fri Jun 15 17:32:04 UTC 2018
------------------ testing $PTII/ptolemy/domains/de/test/auto/DepthTest1.xml
auto.tcl: Setting watchdog for 200 seconds at Fri Jun 15 17:32:04 UTC 2018
5 ms. Memory: 208384K Free: 198340K (95%)
ptolemy.util.test.WatchDog.cancel(): canceling Fri Jun 15 17:32:04 UTC 2018
auto.tcl: Setting watchdog for 200 seconds at Fri Jun 15 17:32:04 UTC 2018
1 ms. Memory: 208384K Free: 198340K (95%)
ptolemy.util.test.WatchDog.cancel(): canceling Fri Jun 15 17:32:04 UTC 2018
------------------ testing $PTII/ptolemy/domains/de/test/auto/DepthTest2.xml
auto.tcl: Setting watchdog for 200 seconds at Fri Jun 15 17:32:04 UTC 2018
3 ms. Memory: 208384K Free: 194181K (93%)
ptolemy.util.test.WatchDog.cancel(): canceling Fri Jun 15 17:32:05 UTC 2018
auto.tcl: Setting watchdog for 200 seconds at Fri Jun 15 17:32:05 UTC 2018
4 ms. Memory: 208384K Free: 194181K (93%)
ptolemy.util.test.WatchDog.cancel(): canceling Fri Jun 15 17:32:05 UTC 2018
------------------ testing $PTII/ptolemy/domains/de/test/auto/DepthTest3.xml
auto.tcl: Setting watchdog for 200 seconds at Fri Jun 15 17:32:05 UTC 2018
3 ms. Memory: 208384K Free: 198336K (95%)
ptolemy.util.test.WatchDog.cancel(): canceling Fri Jun 15 17:32:05 UTC 2018
auto.tcl: Setting watchdog for 200 seconds at Fri Jun 15 17:32:05 UTC 2018
2 ms. Memory: 208384K Free: 198336K (95%)
ptolemy.util.test.WatchDog.cancel(): canceling Fri Jun 15 17:32:05 UTC 2018
------------------ testing $PTII/ptolemy/domains/de/test/auto/DepthTest4.xml
auto.tcl: Setting watchdog for 200 seconds at Fri Jun 15 17:32:05 UTC 2018
6 ms. Memory: 208384K Free: 196313K (94%)
ptolemy.util.test.WatchDog.cancel(): canceling Fri Jun 15 17:32:05 UTC 2018
auto.tcl: Setting watchdog for 200 seconds at Fri Jun 15 17:32:05 UTC 2018
2 ms. Memory: 208384K Free: 196313K (94%)
ptolemy.util.test.WatchDog.cancel(): canceling Fri Jun 15 17:32:05 UTC 2018
------------------ testing $PTII/ptolemy/domains/de/test/auto/DepthTest5.xml
auto.tcl: Setting watchdog for 200 seconds at Fri Jun 15 17:32:05 UTC 2018
3 ms. Memory: 208384K Free: 196598K (94%)
ptolemy.util.test.WatchDog.cancel(): canceling Fri Jun 15 17:32:05 UTC 2018
auto.tcl: Setting watchdog for 200 seconds at Fri Jun 15 17:32:05 UTC 2018
2 ms. Memory: 208384K Free: 196598K (94%)
ptolemy.util.test.WatchDog.cancel(): canceling Fri Jun 15 17:32:05 UTC 2018
------------------ testing $PTII/ptolemy/domains/de/test/auto/DepthTest6.xml
auto.tcl: Setting watchdog for 200 seconds at Fri Jun 15 17:32:05 UTC 2018
6 ms. Memory: 208384K Free: 196228K (94%)
ptolemy.util.test.WatchDog.cancel(): canceling Fri Jun 15 17:32:05 UTC 2018
auto.tcl: Setting watchdog for 200 seconds at Fri Jun 15 17:32:05 UTC 2018
2 ms. Memory: 208384K Free: 196228K (94%)
ptolemy.util.test.WatchDog.cancel(): canceling Fri Jun 15 17:32:05 UTC 2018
------------------ testing $PTII/ptolemy/domains/de/test/auto/DepthTest7.xml
auto.tcl: Setting watchdog for 200 seconds at Fri Jun 15 17:32:05 UTC 2018
3 ms. Memory: 208384K Free: 196216K (94%)
ptolemy.util.test.WatchDog.cancel(): canceling Fri Jun 15 17:32:05 UTC 2018
auto.tcl: Setting watchdog for 200 seconds at Fri Jun 15 17:32:05 UTC 2018
2 ms. Memory: 208384K Free: 196216K (94%)
ptolemy.util.test.WatchDog.cancel(): canceling Fri Jun 15 17:32:05 UTC 2018
------------------ testing $PTII/ptolemy/domains/de/test/auto/EventToDate.xml
auto.tcl: Setting watchdog for 200 seconds at Fri Jun 15 17:32:05 UTC 2018
3010 ms. Memory: 208384K Free: 185682K (89%)
ptolemy.util.test.WatchDog.cancel(): canceling Fri Jun 15 17:32:08 UTC 2018
auto.tcl: Setting watchdog for 200 seconds at Fri Jun 15 17:32:08 UTC 2018
3003 ms. Memory: 208384K Free: 185682K (89%)
ptolemy.util.test.WatchDog.cancel(): canceling Fri Jun 15 17:32:11 UTC 2018
------------------ testing $PTII/ptolemy/domains/de/test/auto/FSM1.xml
auto.tcl: Setting watchdog for 200 seconds at Fri Jun 15 17:32:11 UTC 2018
17 ms. Memory: 208384K Free: 189247K (91%)
ptolemy.util.test.WatchDog.cancel(): canceling Fri Jun 15 17:32:11 UTC 2018
auto.tcl: Setting watchdog for 200 seconds at Fri Jun 15 17:32:11 UTC 2018
15 ms. Memory: 208384K Free: 185025K (89%)
ptolemy.util.test.WatchDog.cancel(): canceling Fri Jun 15 17:32:11 UTC 2018
------------------ testing $PTII/ptolemy/domains/de/test/auto/FSM7.xml
auto.tcl: Setting watchdog for 200 seconds at Fri Jun 15 17:32:11 UTC 2018
18 ms. Memory: 208384K Free: 187675K (90%)
ptolemy.util.test.WatchDog.cancel(): canceling Fri Jun 15 17:32:11 UTC 2018
auto.tcl: Setting watchdog for 200 seconds at Fri Jun 15 17:32:11 UTC 2018
13 ms. Memory: 208384K Free: 185564K (89%)
ptolemy.util.test.WatchDog.cancel(): canceling Fri Jun 15 17:32:11 UTC 2018
------------------ testing $PTII/ptolemy/domains/de/test/auto/Inspection.xml
auto.tcl: Setting watchdog for 200 seconds at Fri Jun 15 17:32:11 UTC 2018
19 ms. Memory: 208384K Free: 188554K (90%)
ptolemy.util.test.WatchDog.cancel(): canceling Fri Jun 15 17:32:11 UTC 2018
auto.tcl: Setting watchdog for 200 seconds at Fri Jun 15 17:32:11 UTC 2018
22 ms. Memory: 208384K Free: 186443K (89%)
ptolemy.util.test.WatchDog.cancel(): canceling Fri Jun 15 17:32:11 UTC 2018
------------------ testing $PTII/ptolemy/domains/de/test/auto/Iteration.xml
auto.tcl: Setting watchdog for 200 seconds at Fri Jun 15 17:32:11 UTC 2018
9 ms. Memory: 208384K Free: 196363K (94%)
ptolemy.util.test.WatchDog.cancel(): canceling Fri Jun 15 17:32:11 UTC 2018
auto.tcl: Setting watchdog for 200 seconds at Fri Jun 15 17:32:11 UTC 2018
8 ms. Memory: 208384K Free: 193914K (93%)
ptolemy.util.test.WatchDog.cancel(): canceling Fri Jun 15 17:32:12 UTC 2018
------------------ testing $PTII/ptolemy/domains/de/test/auto/LineFault.xml
auto.tcl: Setting watchdog for 200 seconds at Fri Jun 15 17:32:12 UTC 2018
779 ms. Memory: 208384K Free: 196271K (94%)
ptolemy.util.test.WatchDog.cancel(): canceling Fri Jun 15 17:32:13 UTC 2018
auto.tcl: Setting watchdog for 200 seconds at Fri Jun 15 17:32:13 UTC 2018
620 ms. Memory: 208384K Free: 140494K (67%)
ptolemy.util.test.WatchDog.cancel(): canceling Fri Jun 15 17:32:13 UTC 2018
------------------ testing $PTII/ptolemy/domains/de/test/auto/MergeModel1Add.xml
auto.tcl: Setting watchdog for 200 seconds at Fri Jun 15 17:32:13 UTC 2018
27 ms. Memory: 331264K Free: 298849K (90%)
ptolemy.util.test.WatchDog.cancel(): canceling Fri Jun 15 17:32:13 UTC 2018
auto.tcl: Setting watchdog for 200 seconds at Fri Jun 15 17:32:13 UTC 2018
11 ms. Memory: 331264K Free: 298849K (90%)
ptolemy.util.test.WatchDog.cancel(): canceling Fri Jun 15 17:32:13 UTC 2018
------------------ testing $PTII/ptolemy/domains/de/test/auto/MergeModel2Add.xml
auto.tcl: Setting watchdog for 200 seconds at Fri Jun 15 17:32:13 UTC 2018
8 ms. Memory: 331264K Free: 304137K (92%)
ptolemy.util.test.WatchDog.cancel(): canceling Fri Jun 15 17:32:14 UTC 2018
auto.tcl: Setting watchdog for 200 seconds at Fri Jun 15 17:32:14 UTC 2018
7 ms. Memory: 331264K Free: 300186K (91%)
ptolemy.util.test.WatchDog.cancel(): canceling Fri Jun 15 17:32:14 UTC 2018
------------------ testing $PTII/ptolemy/domains/de/test/auto/MergeModel3Add.xml
auto.tcl: Setting watchdog for 200 seconds at Fri Jun 15 17:32:14 UTC 2018
13 ms. Memory: 331264K Free: 304148K (92%)
ptolemy.util.test.WatchDog.cancel(): canceling Fri Jun 15 17:32:14 UTC 2018
auto.tcl: Setting watchdog for 200 seconds at Fri Jun 15 17:32:14 UTC 2018
9 ms. Memory: 331264K Free: 300197K (91%)
ptolemy.util.test.WatchDog.cancel(): canceling Fri Jun 15 17:32:14 UTC 2018
------------------ testing $PTII/ptolemy/domains/de/test/auto/MergeWithoutDiscard.xml
auto.tcl: Setting watchdog for 200 seconds at Fri Jun 15 17:32:14 UTC 2018
2 ms. Memory: 331264K Free: 320235K (97%)
ptolemy.util.test.WatchDog.cancel(): canceling Fri Jun 15 17:32:14 UTC 2018
auto.tcl: Setting watchdog for 200 seconds at Fri Jun 15 17:32:14 UTC 2018
2 ms. Memory: 331264K Free: 316284K (95%)
ptolemy.util.test.WatchDog.cancel(): canceling Fri Jun 15 17:32:14 UTC 2018
------------------ testing $PTII/ptolemy/domains/de/test/auto/Modal1.xml
auto.tcl: Setting watchdog for 200 seconds at Fri Jun 15 17:32:14 UTC 2018
16 ms. Memory: 331264K Free: 309904K (94%)
ptolemy.util.test.WatchDog.cancel(): canceling Fri Jun 15 17:32:14 UTC 2018
auto.tcl: Setting watchdog for 200 seconds at Fri Jun 15 17:32:14 UTC 2018
16 ms. Memory: 331264K Free: 305953K (92%)
ptolemy.util.test.WatchDog.cancel(): canceling Fri Jun 15 17:32:14 UTC 2018
------------------ testing $PTII/ptolemy/domains/de/test/auto/Modal2.xml
auto.tcl: Setting watchdog for 200 seconds at Fri Jun 15 17:32:14 UTC 2018
15 ms. Memory: 331264K Free: 309775K (94%)
ptolemy.util.test.WatchDog.cancel(): canceling Fri Jun 15 17:32:14 UTC 2018
auto.tcl: Setting watchdog for 200 seconds at Fri Jun 15 17:32:14 UTC 2018
12 ms. Memory: 331264K Free: 305824K (92%)
ptolemy.util.test.WatchDog.cancel(): canceling Fri Jun 15 17:32:14 UTC 2018
------------------ testing $PTII/ptolemy/domains/de/test/auto/Modal3.xml
auto.tcl: Setting watchdog for 200 seconds at Fri Jun 15 17:32:14 UTC 2018
17 ms. Memory: 331264K Free: 309760K (94%)
ptolemy.util.test.WatchDog.cancel(): canceling Fri Jun 15 17:32:14 UTC 2018
auto.tcl: Setting watchdog for 200 seconds at Fri Jun 15 17:32:14 UTC 2018
13 ms. Memory: 331264K Free: 305809K (92%)
ptolemy.util.test.WatchDog.cancel(): canceling Fri Jun 15 17:32:14 UTC 2018
------------------ testing $PTII/ptolemy/domains/de/test/auto/Modal4.xml
auto.tcl: Setting watchdog for 200 seconds at Fri Jun 15 17:32:14 UTC 2018
23 ms. Memory: 331264K Free: 309773K (94%)
ptolemy.util.test.WatchDog.cancel(): canceling Fri Jun 15 17:32:14 UTC 2018
auto.tcl: Setting watchdog for 200 seconds at Fri Jun 15 17:32:14 UTC 2018
14 ms. Memory: 331264K Free: 305822K (92%)
ptolemy.util.test.WatchDog.cancel(): canceling Fri Jun 15 17:32:14 UTC 2018
------------------ testing $PTII/ptolemy/domains/de/test/auto/Modal5.xml
auto.tcl: Setting watchdog for 200 seconds at Fri Jun 15 17:32:14 UTC 2018
18 ms. Memory: 331264K Free: 309760K (94%)
ptolemy.util.test.WatchDog.cancel(): canceling Fri Jun 15 17:32:14 UTC 2018
auto.tcl: Setting watchdog for 200 seconds at Fri Jun 15 17:32:14 UTC 2018
11 ms. Memory: 331264K Free: 305809K (92%)
ptolemy.util.test.WatchDog.cancel(): canceling Fri Jun 15 17:32:14 UTC 2018
------------------ testing $PTII/ptolemy/domains/de/test/auto/Modal6.xml
auto.tcl: Setting watchdog for 200 seconds at Fri Jun 15 17:32:14 UTC 2018
10 ms. Memory: 331264K Free: 309758K (94%)
ptolemy.util.test.WatchDog.cancel(): canceling Fri Jun 15 17:32:14 UTC 2018
auto.tcl: Setting watchdog for 200 seconds at Fri Jun 15 17:32:14 UTC 2018
12 ms. Memory: 331264K Free: 305807K (92%)
ptolemy.util.test.WatchDog.cancel(): canceling Fri Jun 15 17:32:14 UTC 2018
------------------ testing $PTII/ptolemy/domains/de/test/auto/Modal7.xml
auto.tcl: Setting watchdog for 200 seconds at Fri Jun 15 17:32:14 UTC 2018
9 ms. Memory: 331264K Free: 309758K (94%)
ptolemy.util.test.WatchDog.cancel(): canceling Fri Jun 15 17:32:14 UTC 2018
auto.tcl: Setting watchdog for 200 seconds at Fri Jun 15 17:32:14 UTC 2018
10 ms. Memory: 331264K Free: 305807K (92%)
ptolemy.util.test.WatchDog.cancel(): canceling Fri Jun 15 17:32:14 UTC 2018
------------------ testing $PTII/ptolemy/domains/de/test/auto/ModalModel.xml
auto.tcl: Setting watchdog for 200 seconds at Fri Jun 15 17:32:15 UTC 2018
160 ms. Memory: 331264K Free: 246263K (74%)
ptolemy.util.test.WatchDog.cancel(): canceling Fri Jun 15 17:32:15 UTC 2018
auto.tcl: Setting watchdog for 200 seconds at Fri Jun 15 17:32:15 UTC 2018
166 ms. Memory: 331264K Free: 190949K (58%)
ptolemy.util.test.WatchDog.cancel(): canceling Fri Jun 15 17:32:15 UTC 2018
------------------ testing $PTII/ptolemy/domains/de/test/auto/ModalSource.xml
auto.tcl: Setting watchdog for 200 seconds at Fri Jun 15 17:32:15 UTC 2018
6 ms. Memory: 331264K Free: 316550K (96%)
ptolemy.util.test.WatchDog.cancel(): canceling Fri Jun 15 17:32:15 UTC 2018
auto.tcl: Setting watchdog for 200 seconds at Fri Jun 15 17:32:15 UTC 2018
6 ms. Memory: 331264K Free: 313032K (94%)
ptolemy.util.test.WatchDog.cancel(): canceling Fri Jun 15 17:32:15 UTC 2018
------------------ testing $PTII/ptolemy/domains/de/test/auto/NonInterruptibleTimerZeroDelay.xml
auto.tcl: Setting watchdog for 200 seconds at Fri Jun 15 17:32:15 UTC 2018
4 ms. Memory: 331264K Free: 320906K (97%)
ptolemy.util.test.WatchDog.cancel(): canceling Fri Jun 15 17:32:15 UTC 2018
auto.tcl: Setting watchdog for 200 seconds at Fri Jun 15 17:32:15 UTC 2018
2 ms. Memory: 331264K Free: 317388K (96%)
ptolemy.util.test.WatchDog.cancel(): canceling Fri Jun 15 17:32:15 UTC 2018
------------------ testing $PTII/ptolemy/domains/de/test/auto/OpenQueueingNetwork.xml
auto.tcl: Setting watchdog for 200 seconds at Fri Jun 15 17:32:15 UTC 2018
3057 ms. Memory: 573952K Free: 397764K (69%)
ptolemy.util.test.WatchDog.cancel(): canceling Fri Jun 15 17:32:18 UTC 2018
auto.tcl: Setting watchdog for 200 seconds at Fri Jun 15 17:32:18 UTC 2018
2629 ms. Memory: 550912K Free: 277895K (50%)
ptolemy.util.test.WatchDog.cancel(): canceling Fri Jun 15 17:32:21 UTC 2018
------------------ testing $PTII/ptolemy/domains/de/test/auto/OpenQueuingNetwork.xml
auto.tcl: Setting watchdog for 200 seconds at Fri Jun 15 17:32:21 UTC 2018
243 ms. Memory: 549888K Free: 444930K (81%)
ptolemy.util.test.WatchDog.cancel(): canceling Fri Jun 15 17:32:21 UTC 2018
auto.tcl: Setting watchdog for 200 seconds at Fri Jun 15 17:32:21 UTC 2018
235 ms. Memory: 549888K Free: 384822K (70%)
ptolemy.util.test.WatchDog.cancel(): canceling Fri Jun 15 17:32:22 UTC 2018
------------------ testing $PTII/ptolemy/domains/de/test/auto/PeriodicSampler.xml
auto.tcl: Setting watchdog for 200 seconds at Fri Jun 15 17:32:22 UTC 2018
3 ms. Memory: 551936K Free: 530908K (96%)
ptolemy.util.test.WatchDog.cancel(): canceling Fri Jun 15 17:32:22 UTC 2018
auto.tcl: Setting watchdog for 200 seconds at Fri Jun 15 17:32:22 UTC 2018
2 ms. Memory: 551936K Free: 530908K (96%)
ptolemy.util.test.WatchDog.cancel(): canceling Fri Jun 15 17:32:22 UTC 2018
------------------ testing $PTII/ptolemy/domains/de/test/auto/PersistentIO.xml
auto.tcl: Setting watchdog for 200 seconds at Fri Jun 15 17:32:22 UTC 2018
4 ms. Memory: 549376K Free: 522268K (95%)
ptolemy.util.test.WatchDog.cancel(): canceling Fri Jun 15 17:32:22 UTC 2018
auto.tcl: Setting watchdog for 200 seconds at Fri Jun 15 17:32:22 UTC 2018
3 ms. Memory: 549376K Free: 522268K (95%)
ptolemy.util.test.WatchDog.cancel(): canceling Fri Jun 15 17:32:22 UTC 2018
------------------ testing $PTII/ptolemy/domains/de/test/auto/PortParameterResetOnInitialize.xml
auto.tcl: Setting watchdog for 200 seconds at Fri Jun 15 17:32:22 UTC 2018
2 ms. Memory: 551424K Free: 535306K (97%)
ptolemy.util.test.WatchDog.cancel(): canceling Fri Jun 15 17:32:22 UTC 2018
auto.tcl: Setting watchdog for 200 seconds at Fri Jun 15 17:32:22 UTC 2018
2 ms. Memory: 551424K Free: 535306K (97%)
ptolemy.util.test.WatchDog.cancel(): canceling Fri Jun 15 17:32:22 UTC 2018
------------------ testing $PTII/ptolemy/domains/de/test/auto/PortParameterUpdates.xml
auto.tcl: Setting watchdog for 200 seconds at Fri Jun 15 17:32:22 UTC 2018
3 ms. Memory: 549376K Free: 533621K (97%)
ptolemy.util.test.WatchDog.cancel(): canceling Fri Jun 15 17:32:22 UTC 2018
auto.tcl: Setting watchdog for 200 seconds at Fri Jun 15 17:32:22 UTC 2018
3 ms. Memory: 549376K Free: 526942K (96%)
ptolemy.util.test.WatchDog.cancel(): canceling Fri Jun 15 17:32:22 UTC 2018
------------------ testing $PTII/ptolemy/domains/de/test/auto/QueueAndServer.xml
auto.tcl: Setting watchdog for 200 seconds at Fri Jun 15 17:32:22 UTC 2018
19 ms. Memory: 551424K Free: 535403K (97%)
ptolemy.util.test.WatchDog.cancel(): canceling Fri Jun 15 17:32:22 UTC 2018
auto.tcl: Setting watchdog for 200 seconds at Fri Jun 15 17:32:22 UTC 2018
7 ms. Memory: 551424K Free: 528724K (96%)
ptolemy.util.test.WatchDog.cancel(): canceling Fri Jun 15 17:32:22 UTC 2018
------------------ testing $PTII/ptolemy/domains/de/test/auto/Records.xml
auto.tcl: Setting watchdog for 200 seconds at Fri Jun 15 17:32:22 UTC 2018
5 ms. Memory: 549376K Free: 533297K (97%)
ptolemy.util.test.WatchDog.cancel(): canceling Fri Jun 15 17:32:22 UTC 2018
auto.tcl: Setting watchdog for 200 seconds at Fri Jun 15 17:32:22 UTC 2018
2 ms. Memory: 549376K Free: 533297K (97%)
ptolemy.util.test.WatchDog.cancel(): canceling Fri Jun 15 17:32:22 UTC 2018
------------------ testing $PTII/ptolemy/domains/de/test/auto/ResetTransitionWithStartTime1.xml
auto.tcl: Setting watchdog for 200 seconds at Fri Jun 15 17:32:22 UTC 2018
9 ms. Memory: 551424K Free: 528692K (96%)
ptolemy.util.test.WatchDog.cancel(): canceling Fri Jun 15 17:32:22 UTC 2018
auto.tcl: Setting watchdog for 200 seconds at Fri Jun 15 17:32:22 UTC 2018
5 ms. Memory: 551424K Free: 528692K (96%)
ptolemy.util.test.WatchDog.cancel(): canceling Fri Jun 15 17:32:22 UTC 2018
------------------ testing $PTII/ptolemy/domains/de/test/auto/ResetTransitionWithStartTime2.xml
auto.tcl: Setting watchdog for 200 seconds at Fri Jun 15 17:32:22 UTC 2018
4 ms. Memory: 549376K Free: 526864K (96%)
ptolemy.util.test.WatchDog.cancel(): canceling Fri Jun 15 17:32:22 UTC 2018
auto.tcl: Setting watchdog for 200 seconds at Fri Jun 15 17:32:22 UTC 2018
5 ms. Memory: 549376K Free: 526864K (96%)
ptolemy.util.test.WatchDog.cancel(): canceling Fri Jun 15 17:32:22 UTC 2018
------------------ testing $PTII/ptolemy/domains/de/test/auto/ResetTransitionWithStartTime3.xml
auto.tcl: Setting watchdog for 200 seconds at Fri Jun 15 17:32:22 UTC 2018
5 ms. Memory: 550912K Free: 528169K (96%)
ptolemy.util.test.WatchDog.cancel(): canceling Fri Jun 15 17:32:22 UTC 2018
auto.tcl: Setting watchdog for 200 seconds at Fri Jun 15 17:32:22 UTC 2018
5 ms. Memory: 550912K Free: 528169K (96%)
ptolemy.util.test.WatchDog.cancel(): canceling Fri Jun 15 17:32:22 UTC 2018
------------------ testing $PTII/ptolemy/domains/de/test/auto/ResetTransitionWithStartTime4.xml
auto.tcl: Setting watchdog for 200 seconds at Fri Jun 15 17:32:22 UTC 2018
4 ms. Memory: 549376K Free: 526632K (96%)
ptolemy.util.test.WatchDog.cancel(): canceling Fri Jun 15 17:32:22 UTC 2018
auto.tcl: Setting watchdog for 200 seconds at Fri Jun 15 17:32:22 UTC 2018
4 ms. Memory: 549376K Free: 526632K (96%)
ptolemy.util.test.WatchDog.cancel(): canceling Fri Jun 15 17:32:22 UTC 2018
------------------ testing $PTII/ptolemy/domains/de/test/auto/ResettableTimer1.xml
auto.tcl: Setting watchdog for 200 seconds at Fri Jun 15 17:32:22 UTC 2018
3 ms. Memory: 550912K Free: 534842K (97%)
ptolemy.util.test.WatchDog.cancel(): canceling Fri Jun 15 17:32:22 UTC 2018
auto.tcl: Setting watchdog for 200 seconds at Fri Jun 15 17:32:22 UTC 2018
2 ms. Memory: 550912K Free: 534842K (97%)
ptolemy.util.test.WatchDog.cancel(): canceling Fri Jun 15 17:32:22 UTC 2018
------------------ testing $PTII/ptolemy/domains/de/test/auto/ResettableTimer2.xml
auto.tcl: Setting watchdog for 200 seconds at Fri Jun 15 17:32:22 UTC 2018
2 ms. Memory: 549376K Free: 533592K (97%)
ptolemy.util.test.WatchDog.cancel(): canceling Fri Jun 15 17:32:22 UTC 2018
auto.tcl: Setting watchdog for 200 seconds at Fri Jun 15 17:32:22 UTC 2018
2 ms. Memory: 549376K Free: 533592K (97%)
ptolemy.util.test.WatchDog.cancel(): canceling Fri Jun 15 17:32:22 UTC 2018
------------------ testing $PTII/ptolemy/domains/de/test/auto/ResettableTimer3.xml
auto.tcl: Setting watchdog for 200 seconds at Fri Jun 15 17:32:23 UTC 2018
1 ms. Memory: 550912K Free: 534898K (97%)
ptolemy.util.test.WatchDog.cancel(): canceling Fri Jun 15 17:32:23 UTC 2018
auto.tcl: Setting watchdog for 200 seconds at Fri Jun 15 17:32:23 UTC 2018
1 ms. Memory: 550912K Free: 534898K (97%)
ptolemy.util.test.WatchDog.cancel(): canceling Fri Jun 15 17:32:23 UTC 2018
------------------ testing $PTII/ptolemy/domains/de/test/auto/ResettableTimer4.xml
auto.tcl: Setting watchdog for 200 seconds at Fri Jun 15 17:32:23 UTC 2018
6 ms. Memory: 549376K Free: 533375K (97%)
ptolemy.util.test.WatchDog.cancel(): canceling Fri Jun 15 17:32:23 UTC 2018
auto.tcl: Setting watchdog for 200 seconds at Fri Jun 15 17:32:23 UTC 2018
1 ms. Memory: 549376K Free: 533375K (97%)
ptolemy.util.test.WatchDog.cancel(): canceling Fri Jun 15 17:32:23 UTC 2018
------------------ testing $PTII/ptolemy/domains/de/test/auto/ResettableTimer5.xml
auto.tcl: Setting watchdog for 200 seconds at Fri Jun 15 17:32:23 UTC 2018
1 ms. Memory: 550400K Free: 534627K (97%)
ptolemy.util.test.WatchDog.cancel(): canceling Fri Jun 15 17:32:23 UTC 2018
auto.tcl: Setting watchdog for 200 seconds at Fri Jun 15 17:32:23 UTC 2018
2 ms. Memory: 550400K Free: 534627K (97%)
ptolemy.util.test.WatchDog.cancel(): canceling Fri Jun 15 17:32:23 UTC 2018
------------------ testing $PTII/ptolemy/domains/de/test/auto/ResettableTimer6.xml
auto.tcl: Setting watchdog for 200 seconds at Fri Jun 15 17:32:23 UTC 2018
2 ms. Memory: 549376K Free: 533323K (97%)
ptolemy.util.test.WatchDog.cancel(): canceling Fri Jun 15 17:32:23 UTC 2018
auto.tcl: Setting watchdog for 200 seconds at Fri Jun 15 17:32:23 UTC 2018
1 ms. Memory: 549376K Free: 533323K (97%)
ptolemy.util.test.WatchDog.cancel(): canceling Fri Jun 15 17:32:23 UTC 2018
------------------ testing $PTII/ptolemy/domains/de/test/auto/ServerZeroDelay.xml
auto.tcl: Setting watchdog for 200 seconds at Fri Jun 15 17:32:23 UTC 2018
4 ms. Memory: 550400K Free: 534567K (97%)
ptolemy.util.test.WatchDog.cancel(): canceling Fri Jun 15 17:32:23 UTC 2018
auto.tcl: Setting watchdog for 200 seconds at Fri Jun 15 17:32:23 UTC 2018
2 ms. Memory: 550400K Free: 534567K (97%)
ptolemy.util.test.WatchDog.cancel(): canceling Fri Jun 15 17:32:23 UTC 2018
------------------ testing $PTII/ptolemy/domains/de/test/auto/SmartSender.xml
auto.tcl: Setting watchdog for 200 seconds at Fri Jun 15 17:32:23 UTC 2018
3004 ms. Memory: 549376K Free: 528858K (96%)
ptolemy.util.test.WatchDog.cancel(): canceling Fri Jun 15 17:32:26 UTC 2018
auto.tcl: Setting watchdog for 200 seconds at Fri Jun 15 17:32:26 UTC 2018
3001 ms. Memory: 549376K Free: 528858K (96%)
ptolemy.util.test.WatchDog.cancel(): canceling Fri Jun 15 17:32:29 UTC 2018
------------------ testing $PTII/ptolemy/domains/de/test/auto/ThreadedComposite.xml
auto.tcl: Setting watchdog for 200 seconds at Fri Jun 15 17:32:29 UTC 2018
211 ms. Memory: 550400K Free: 513628K (93%)
ptolemy.util.test.WatchDog.cancel(): canceling Fri Jun 15 17:32:29 UTC 2018
auto.tcl: Setting watchdog for 200 seconds at Fri Jun 15 17:32:29 UTC 2018
156 ms. Memory: 550400K Free: 488215K (89%)
ptolemy.util.test.WatchDog.cancel(): canceling Fri Jun 15 17:32:29 UTC 2018
------------------ testing $PTII/ptolemy/domains/de/test/auto/Time.xml
auto.tcl: Setting watchdog for 200 seconds at Fri Jun 15 17:32:29 UTC 2018
576 ms. Memory: 549376K Free: 467517K (85%)
ptolemy.util.test.WatchDog.cancel(): canceling Fri Jun 15 17:32:30 UTC 2018
auto.tcl: Setting watchdog for 200 seconds at Fri Jun 15 17:32:30 UTC 2018
496 ms. Memory: 549376K Free: 407409K (74%)
ptolemy.util.test.WatchDog.cancel(): canceling Fri Jun 15 17:32:30 UTC 2018
------------------ testing $PTII/ptolemy/domains/de/test/auto/TimeDelayZeroDelay.xml
auto.tcl: Setting watchdog for 200 seconds at Fri Jun 15 17:32:30 UTC 2018
2 ms. Memory: 550400K Free: 534253K (97%)
ptolemy.util.test.WatchDog.cancel(): canceling Fri Jun 15 17:32:31 UTC 2018
auto.tcl: Setting watchdog for 200 seconds at Fri Jun 15 17:32:31 UTC 2018
2 ms. Memory: 550400K Free: 534253K (97%)
ptolemy.util.test.WatchDog.cancel(): canceling Fri Jun 15 17:32:31 UTC 2018
------------------ testing $PTII/ptolemy/domains/de/test/auto/TimerZeroDelay.xml
auto.tcl: Setting watchdog for 200 seconds at Fri Jun 15 17:32:31 UTC 2018
4 ms. Memory: 549376K Free: 533502K (97%)
ptolemy.util.test.WatchDog.cancel(): canceling Fri Jun 15 17:32:31 UTC 2018
auto.tcl: Setting watchdog for 200 seconds at Fri Jun 15 17:32:31 UTC 2018
3 ms. Memory: 549376K Free: 533502K (97%)
ptolemy.util.test.WatchDog.cancel(): canceling Fri Jun 15 17:32:31 UTC 2018
------------------ testing $PTII/ptolemy/domains/de/test/auto/TimingParadox.xml
auto.tcl: Setting watchdog for 200 seconds at Fri Jun 15 17:32:31 UTC 2018
345 ms. Memory: 549888K Free: 462921K (84%)
ptolemy.util.test.WatchDog.cancel(): canceling Fri Jun 15 17:32:31 UTC 2018
auto.tcl: Setting watchdog for 200 seconds at Fri Jun 15 17:32:31 UTC 2018
332 ms. Memory: 549888K Free: 422849K (77%)
ptolemy.util.test.WatchDog.cancel(): canceling Fri Jun 15 17:32:31 UTC 2018
------------------ testing $PTII/ptolemy/domains/de/test/auto/TransferInputs.xml
auto.tcl: Setting watchdog for 200 seconds at Fri Jun 15 17:32:32 UTC 2018
1 ms. Memory: 549888K Free: 532915K (97%)
ptolemy.util.test.WatchDog.cancel(): canceling Fri Jun 15 17:32:32 UTC 2018
auto.tcl: Setting watchdog for 200 seconds at Fri Jun 15 17:32:32 UTC 2018
2 ms. Memory: 549888K Free: 532915K (97%)
ptolemy.util.test.WatchDog.cancel(): canceling Fri Jun 15 17:32:32 UTC 2018
------------------ testing $PTII/ptolemy/domains/de/test/auto/TransferOutputs2.xml
auto.tcl: Setting watchdog for 200 seconds at Fri Jun 15 17:32:32 UTC 2018
3 ms. Memory: 549376K Free: 526826K (96%)
ptolemy.util.test.WatchDog.cancel(): canceling Fri Jun 15 17:32:32 UTC 2018
auto.tcl: Setting watchdog for 200 seconds at Fri Jun 15 17:32:32 UTC 2018
2 ms. Memory: 549376K Free: 526826K (96%)
ptolemy.util.test.WatchDog.cancel(): canceling Fri Jun 15 17:32:32 UTC 2018
------------------ testing $PTII/ptolemy/domains/de/test/auto/Trilateration.xml
auto.tcl: Setting watchdog for 200 seconds at Fri Jun 15 17:32:32 UTC 2018
13373 ms. Memory: 453632K Free: 68590K (15%)
ptolemy.util.test.WatchDog.cancel(): canceling Fri Jun 15 17:32:46 UTC 2018
auto.tcl: Setting watchdog for 200 seconds at Fri Jun 15 17:32:46 UTC 2018
11105 ms. Memory: 331264K Free: 182489K (55%)
ptolemy.util.test.WatchDog.cancel(): canceling Fri Jun 15 17:32:57 UTC 2018
------------------ testing $PTII/ptolemy/domains/de/test/auto/TwoSigmaDelta.xml
auto.tcl: Setting watchdog for 200 seconds at Fri Jun 15 17:32:57 UTC 2018
2658 ms. Memory: 320000K Free: 253322K (79%)
ptolemy.util.test.WatchDog.cancel(): canceling Fri Jun 15 17:33:00 UTC 2018
auto.tcl: Setting watchdog for 200 seconds at Fri Jun 15 17:33:00 UTC 2018
2082 ms. Memory: 307712K Free: 242319K (79%)
ptolemy.util.test.WatchDog.cancel(): canceling Fri Jun 15 17:33:02 UTC 2018
------------------ testing $PTII/ptolemy/domains/de/test/auto/VariableDelay.xml
auto.tcl: Setting watchdog for 200 seconds at Fri Jun 15 17:33:02 UTC 2018
4 ms. Memory: 309760K Free: 293727K (95%)
ptolemy.util.test.WatchDog.cancel(): canceling Fri Jun 15 17:33:02 UTC 2018
auto.tcl: Setting watchdog for 200 seconds at Fri Jun 15 17:33:02 UTC 2018
2 ms. Memory: 309760K Free: 293727K (95%)
ptolemy.util.test.WatchDog.cancel(): canceling Fri Jun 15 17:33:02 UTC 2018
------------------ testing $PTII/ptolemy/domains/de/test/auto/VariableDelay2.xml
auto.tcl: Setting watchdog for 200 seconds at Fri Jun 15 17:33:02 UTC 2018
1 ms. Memory: 307712K Free: 294357K (96%)
ptolemy.util.test.WatchDog.cancel(): canceling Fri Jun 15 17:33:02 UTC 2018
auto.tcl: Setting watchdog for 200 seconds at Fri Jun 15 17:33:02 UTC 2018
1 ms. Memory: 307712K Free: 294357K (96%)
ptolemy.util.test.WatchDog.cancel(): canceling Fri Jun 15 17:33:02 UTC 2018
------------------ testing $PTII/ptolemy/domains/de/test/auto/VariableDelayZeroDelay.xml
auto.tcl: Setting watchdog for 200 seconds at Fri Jun 15 17:33:02 UTC 2018
2 ms. Memory: 309248K Free: 296859K (96%)
ptolemy.util.test.WatchDog.cancel(): canceling Fri Jun 15 17:33:02 UTC 2018
auto.tcl: Setting watchdog for 200 seconds at Fri Jun 15 17:33:02 UTC 2018
2 ms. Memory: 309248K Free: 293629K (95%)
ptolemy.util.test.WatchDog.cancel(): canceling Fri Jun 15 17:33:02 UTC 2018
------------------ testing $PTII/ptolemy/domains/de/test/auto/VariableDelayZeroDelay2.xml
auto.tcl: Setting watchdog for 200 seconds at Fri Jun 15 17:33:02 UTC 2018
2 ms. Memory: 307712K Free: 292107K (95%)
ptolemy.util.test.WatchDog.cancel(): canceling Fri Jun 15 17:33:02 UTC 2018
auto.tcl: Setting watchdog for 200 seconds at Fri Jun 15 17:33:02 UTC 2018
2 ms. Memory: 307712K Free: 292107K (95%)
ptolemy.util.test.WatchDog.cancel(): canceling Fri Jun 15 17:33:02 UTC 2018
------------------ testing $PTII/ptolemy/domains/de/test/auto/deInCt.xml
auto.tcl: Setting watchdog for 200 seconds at Fri Jun 15 17:33:02 UTC 2018
0
1
1
1
0
0
0
1
1
1
0
0
0
1
1
1
0
0
0
1
1
1
0
0
0
0
1
1
1
1
1
0
0
0
0
1
1
1
1
7 ms. Memory: 309248K Free: 293632K (95%)
ptolemy.util.test.WatchDog.cancel(): canceling Fri Jun 15 17:33:02 UTC 2018
auto.tcl: Setting watchdog for 200 seconds at Fri Jun 15 17:33:02 UTC 2018
0
1
1
1
0
0
1
1
1
1
1
1
0
0
0
1
1
1
0
0
0
1
1
1
0
0
0
1
1
0
0
0
0
1
1
1
0
0
0
0
0
13 ms. Memory: 309248K Free: 293632K (95%)
ptolemy.util.test.WatchDog.cancel(): canceling Fri Jun 15 17:33:02 UTC 2018
------------------ testing $PTII/ptolemy/domains/de/test/auto/deInCt2.xml
auto.tcl: Setting watchdog for 200 seconds at Fri Jun 15 17:33:02 UTC 2018
0
1
1
1
0
0
1
1
1
0
0
1
1
1
0
0
1
1
1
0
0
1
1
1
0
0
1
1
1
0
0
1
1
1
0
0
1
1
1
0
0
0
12 ms. Memory: 307712K Free: 292080K (95%)
ptolemy.util.test.WatchDog.cancel(): canceling Fri Jun 15 17:33:03 UTC 2018
auto.tcl: Setting watchdog for 200 seconds at Fri Jun 15 17:33:03 UTC 2018
0
1
1
1
0
0
1
1
1
0
0
1
1
1
0
0
1
1
1
0
0
1
1
1
0
0
1
1
1
0
0
1
1
1
0
0
1
1
1
0
0
0
7 ms. Memory: 307712K Free: 292080K (95%)
ptolemy.util.test.WatchDog.cancel(): canceling Fri Jun 15 17:33:03 UTC 2018
------------------ testing $PTII/ptolemy/domains/de/test/auto/dynamicCausalityInterface1.xml
auto.tcl: Setting watchdog for 200 seconds at Fri Jun 15 17:33:03 UTC 2018
2 ms. Memory: 308736K Free: 289902K (94%)
ptolemy.util.test.WatchDog.cancel(): canceling Fri Jun 15 17:33:03 UTC 2018
auto.tcl: Setting watchdog for 200 seconds at Fri Jun 15 17:33:03 UTC 2018
1 ms. Memory: 308736K Free: 286672K (93%)
ptolemy.util.test.WatchDog.cancel(): canceling Fri Jun 15 17:33:03 UTC 2018
------------------ testing $PTII/ptolemy/domains/de/test/auto/fsm_de_test.xml
auto.tcl: Setting watchdog for 200 seconds at Fri Jun 15 17:33:03 UTC 2018
13 ms. Memory: 307712K Free: 288765K (94%)
ptolemy.util.test.WatchDog.cancel(): canceling Fri Jun 15 17:33:03 UTC 2018
auto.tcl: Setting watchdog for 200 seconds at Fri Jun 15 17:33:03 UTC 2018
9 ms. Memory: 307712K Free: 285551K (93%)
ptolemy.util.test.WatchDog.cancel(): canceling Fri Jun 15 17:33:03 UTC 2018
------------------ testing $PTII/ptolemy/domains/de/test/auto/functionDependencyReconstruction.xml
auto.tcl: Setting watchdog for 200 seconds at Fri Jun 15 17:33:03 UTC 2018
2 ms. Memory: 308736K Free: 283352K (92%)
ptolemy.util.test.WatchDog.cancel(): canceling Fri Jun 15 17:33:03 UTC 2018
auto.tcl: Setting watchdog for 200 seconds at Fri Jun 15 17:33:03 UTC 2018
2 ms. Memory: 308736K Free: 280123K (91%)
ptolemy.util.test.WatchDog.cancel(): canceling Fri Jun 15 17:33:03 UTC 2018
------------------ testing $PTII/ptolemy/domains/de/test/auto/multirate.xml
auto.tcl: Setting watchdog for 200 seconds at Fri Jun 15 17:33:03 UTC 2018
10 ms. Memory: 307712K Free: 291844K (95%)
ptolemy.util.test.WatchDog.cancel(): canceling Fri Jun 15 17:33:03 UTC 2018
auto.tcl: Setting watchdog for 200 seconds at Fri Jun 15 17:33:03 UTC 2018
3 ms. Memory: 307712K Free: 288630K (94%)
ptolemy.util.test.WatchDog.cancel(): canceling Fri Jun 15 17:33:03 UTC 2018
------------------ testing $PTII/ptolemy/domains/de/test/auto/multirate2.xml
auto.tcl: Setting watchdog for 200 seconds at Fri Jun 15 17:33:03 UTC 2018
2 ms. Memory: 308736K Free: 293071K (95%)
ptolemy.util.test.WatchDog.cancel(): canceling Fri Jun 15 17:33:03 UTC 2018
auto.tcl: Setting watchdog for 200 seconds at Fri Jun 15 17:33:03 UTC 2018
3 ms. Memory: 308736K Free: 289841K (94%)
ptolemy.util.test.WatchDog.cancel(): canceling Fri Jun 15 17:33:03 UTC 2018
------------------ testing $PTII/ptolemy/domains/de/test/auto/realtime.xml
auto.tcl: Setting watchdog for 200 seconds at Fri Jun 15 17:33:03 UTC 2018
10001 ms. Memory: 307712K Free: 292029K (95%)
ptolemy.util.test.WatchDog.cancel(): canceling Fri Jun 15 17:33:13 UTC 2018
auto.tcl: Setting watchdog for 200 seconds at Fri Jun 15 17:33:13 UTC 2018
10001 ms. Memory: 307712K Free: 292029K (95%)
ptolemy.util.test.WatchDog.cancel(): canceling Fri Jun 15 17:33:23 UTC 2018
------------------ testing $PTII/ptolemy/domains/de/test/auto/relationGroup.xml
auto.tcl: Setting watchdog for 200 seconds at Fri Jun 15 17:33:23 UTC 2018
2 ms. Memory: 308224K Free: 295797K (96%)
ptolemy.util.test.WatchDog.cancel(): canceling Fri Jun 15 17:33:23 UTC 2018
auto.tcl: Setting watchdog for 200 seconds at Fri Jun 15 17:33:23 UTC 2018
1 ms. Memory: 308224K Free: 292567K (95%)
ptolemy.util.test.WatchDog.cancel(): canceling Fri Jun 15 17:33:23 UTC 2018
------------------ testing $PTII/ptolemy/domains/de/test/auto/relationGroup2.xml
auto.tcl: Setting watchdog for 200 seconds at Fri Jun 15 17:33:23 UTC 2018
1 ms. Memory: 307712K Free: 295312K (96%)
ptolemy.util.test.WatchDog.cancel(): canceling Fri Jun 15 17:33:23 UTC 2018
auto.tcl: Setting watchdog for 200 seconds at Fri Jun 15 17:33:23 UTC 2018
1 ms. Memory: 307712K Free: 292082K (95%)
ptolemy.util.test.WatchDog.cancel(): canceling Fri Jun 15 17:33:23 UTC 2018
------------------ testing $PTII/ptolemy/domains/de/test/auto/sortWithOpaquePorts.xml
auto.tcl: Setting watchdog for 200 seconds at Fri Jun 15 17:33:23 UTC 2018
1 ms. Memory: 308224K Free: 292603K (95%)
ptolemy.util.test.WatchDog.cancel(): canceling Fri Jun 15 17:33:23 UTC 2018
auto.tcl: Setting watchdog for 200 seconds at Fri Jun 15 17:33:23 UTC 2018
1 ms. Memory: 308224K Free: 292603K (95%)
ptolemy.util.test.WatchDog.cancel(): canceling Fri Jun 15 17:33:23 UTC 2018
------------------ testing $PTII/ptolemy/domains/de/test/auto/transferInputsandOutputs.xml
auto.tcl: Setting watchdog for 200 seconds at Fri Jun 15 17:33:23 UTC 2018
1 ms. Memory: 307712K Free: 292071K (95%)
ptolemy.util.test.WatchDog.cancel(): canceling Fri Jun 15 17:33:23 UTC 2018
auto.tcl: Setting watchdog for 200 seconds at Fri Jun 15 17:33:23 UTC 2018
2 ms. Memory: 307712K Free: 288857K (94%)
ptolemy.util.test.WatchDog.cancel(): canceling Fri Jun 15 17:33:23 UTC 2018
------------------ testing $PTII/ptolemy/domains/de/test/auto/triggerType.xml
auto.tcl: Setting watchdog for 200 seconds at Fri Jun 15 17:33:23 UTC 2018
1 ms. Memory: 308224K Free: 292533K (95%)
ptolemy.util.test.WatchDog.cancel(): canceling Fri Jun 15 17:33:23 UTC 2018
auto.tcl: Setting watchdog for 200 seconds at Fri Jun 15 17:33:23 UTC 2018
1 ms. Memory: 308224K Free: 292533K (95%)
ptolemy.util.test.WatchDog.cancel(): canceling Fri Jun 15 17:33:23 UTC 2018
06/15/18 05:33:23
Failed: 0  Total Tests: 192  ((Passed: 187, Newly Passed: 1)  Known Failed: 5) /home/travis/build/icyphy/ptII/ptolemy/domains/de/test
06/15/18 05:33:23
Failed: 0  Total Tests: 192  ((Passed: 187, Newly Passed: 1)  Known Failed: 5) /home/travis/build/icyphy/ptII/ptolemy/domains/de/test
----------------- testing (KnownFailure) /home/travis/build/icyphy/ptII/ptolemy/domains/de/test/auto/knownFailedTests/DESDFClockTest.xml
2009 ms. Memory: 307712K Free: 286228K (93%)
Known Failure: java.lang.reflect.InvocationTargetException
----------------- testing (KnownFailure) /home/travis/build/icyphy/ptII/ptolemy/domains/de/test/auto/knownFailedTests/DirectFeedback.xml
1 ms. Memory: 307712K Free: 268123K (87%)
Known Failure: java.lang.reflect.InvocationTargetException
----------------- testing (KnownFailure) /home/travis/build/icyphy/ptII/ptolemy/domains/de/test/auto/knownFailedTests/FSMSource.xml
7 ms. Memory: 307712K Free: 245477K (80%)
----------------- testing (KnownFailure) /home/travis/build/icyphy/ptII/ptolemy/domains/de/test/auto/knownFailedTests/HierarchicalModel.xml
8 ms. Memory: 307712K Free: 222814K (72%)
Known Failure: java.lang.reflect.InvocationTargetException
----------------- testing (KnownFailure) /home/travis/build/icyphy/ptII/ptolemy/domains/de/test/auto/knownFailedTests/dependencyLoop.xml
1 ms. Memory: 307712K Free: 191099K (62%)
Known Failure: java.lang.reflect.InvocationTargetException
----------------- testing (KnownFailure) /home/travis/build/icyphy/ptII/ptolemy/domains/de/test/auto/knownFailedTests/dependencyLoop2.xml
1 ms. Memory: 307712K Free: 159384K (52%)
Known Failure: java.lang.reflect.InvocationTargetException
No auto/linux-amd64/*.xml tests in /home/travis/build/icyphy/ptII/ptolemy/domains/de/test
AutoTests.java: About to close Vertx.
AutoTests.java: Vertx closed.

===========================================================================================
----------------- testing Fri Jun 15 17:33:26 UTC 2018 /home/travis/build/icyphy/ptII/ptolemy/domains/de/test/auto/ActorDepthCalculation_actorWithoutPorts.xml
----------------- Instantiating /home/travis/build/icyphy/ptII/ptolemy/domains/de/test/auto/ActorDepthCalculation_actorWithoutPorts.xml
2 ms. Memory: 307712K Free: 132211K (43%)
----------------- Invoking toplevel() on ptolemy.moml.MoMLSimpleApplication@3ba4eac2
----------------- Done invoking toplevel() on ptolemy.moml.MoMLSimpleApplication@3ba4eac2
reloadAllAccessors: .ActorDepthCalculation_actorWithoutPorts

===========================================================================================
----------------- testing Fri Jun 15 17:33:26 UTC 2018 /home/travis/build/icyphy/ptII/ptolemy/domains/de/test/auto/AssemblyLine.xml
----------------- Instantiating /home/travis/build/icyphy/ptII/ptolemy/domains/de/test/auto/AssemblyLine.xml
2 ms. Memory: 307712K Free: 118633K (39%)
----------------- Invoking toplevel() on ptolemy.moml.MoMLSimpleApplication@1226b3af
----------------- Done invoking toplevel() on ptolemy.moml.MoMLSimpleApplication@1226b3af
reloadAllAccessors: .AssemblyLine

===========================================================================================
----------------- testing Fri Jun 15 17:33:26 UTC 2018 /home/travis/build/icyphy/ptII/ptolemy/domains/de/test/auto/CQBug1.xml
----------------- Instantiating /home/travis/build/icyphy/ptII/ptolemy/domains/de/test/auto/CQBug1.xml
1 ms. Memory: 307712K Free: 109581K (36%)
----------------- Invoking toplevel() on ptolemy.moml.MoMLSimpleApplication@40c4fb8a
----------------- Done invoking toplevel() on ptolemy.moml.MoMLSimpleApplication@40c4fb8a
reloadAllAccessors: .CQBug1

===========================================================================================
----------------- testing Fri Jun 15 17:33:26 UTC 2018 /home/travis/build/icyphy/ptII/ptolemy/domains/de/test/auto/CancelFireAt.xml
----------------- Instantiating /home/travis/build/icyphy/ptII/ptolemy/domains/de/test/auto/CancelFireAt.xml
1 ms. Memory: 307712K Free: 100529K (33%)
----------------- Invoking toplevel() on ptolemy.moml.MoMLSimpleApplication@7fe19006
----------------- Done invoking toplevel() on ptolemy.moml.MoMLSimpleApplication@7fe19006
reloadAllAccessors: .CancelFireAt

===========================================================================================
----------------- testing Fri Jun 15 17:33:26 UTC 2018 /home/travis/build/icyphy/ptII/ptolemy/domains/de/test/auto/CausalityAndComposabilityAnalysis.xml
----------------- Instantiating /home/travis/build/icyphy/ptII/ptolemy/domains/de/test/auto/CausalityAndComposabilityAnalysis.xml
1 ms. Memory: 307712K Free: 91476K (30%)
----------------- Invoking toplevel() on ptolemy.moml.MoMLSimpleApplication@bab789d
----------------- Done invoking toplevel() on ptolemy.moml.MoMLSimpleApplication@bab789d
reloadAllAccessors: .CausalityAndComposabilityAnalysis

===========================================================================================
----------------- testing Fri Jun 15 17:33:26 UTC 2018 /home/travis/build/icyphy/ptII/ptolemy/domains/de/test/auto/CausalityInterface1.xml
----------------- Instantiating /home/travis/build/icyphy/ptII/ptolemy/domains/de/test/auto/CausalityInterface1.xml
4 ms. Memory: 307712K Free: 79211K (26%)
----------------- Invoking toplevel() on ptolemy.moml.MoMLSimpleApplication@3da47dc1
----------------- Done invoking toplevel() on ptolemy.moml.MoMLSimpleApplication@3da47dc1
reloadAllAccessors: .CausalityInterface1

===========================================================================================
----------------- testing Fri Jun 15 17:33:26 UTC 2018 /home/travis/build/icyphy/ptII/ptolemy/domains/de/test/auto/CausalityInterface15.xml
----------------- Instantiating /home/travis/build/icyphy/ptII/ptolemy/domains/de/test/auto/CausalityInterface15.xml
1 ms. Memory: 298496K Free: 286787K (96%)
----------------- Invoking toplevel() on ptolemy.moml.MoMLSimpleApplication@738257eb
----------------- Done invoking toplevel() on ptolemy.moml.MoMLSimpleApplication@738257eb
reloadAllAccessors: .CausalityInterface15

[...]
java.lang.RuntimeException: Execution failed
	at ptolemy.moml.MoMLSimpleApplication$UnloadThread.run(MoMLSimpleApplication.java:402)
Caused by: ptolemy.kernel.util.IllegalActionException: Test fails in iteration 1.
Value was: 1.0. Should have been: 2.0
  in .DirectFeedback.Test
	at ptolemy.actor.lib.Test.fire(Test.java:268)
	at ptolemy.domains.de.kernel.DEDirector._fire(DEDirector.java:1949)
	at ptolemy.domains.de.kernel.DEDirector.fire(DEDirector.java:502)
	at ptolemy.actor.CompositeActor.fire(CompositeActor.java:455)
	at ptolemy.actor.Manager.iterate(Manager.java:851)
	at ptolemy.actor.Manager.execute(Manager.java:369)
	at ptolemy.actor.Manager.run(Manager.java:1263)
	at ptolemy.actor.Manager$PtolemyRunThread.run(Manager.java:1915)
java.lang.RuntimeException: Execution failed
	at ptolemy.moml.MoMLSimpleApplication$UnloadThread.run(MoMLSimpleApplication.java:402)
Caused by: ptolemy.kernel.util.IllegalActionException: Actor is not ready to fire.  Perhaps UpSample.prefire() returned false? Try debugging the actor by selecting "Listen to Actor".  Also, for SDF check moml for tokenConsumptionRate on input.
  in .DESDFClockTest.Play Bell.Copy1:SDF Director and .DESDFClockTest.Play Bell.UpSample
	at ptolemy.actor.sched.StaticSchedulingDirector.fire(StaticSchedulingDirector.java:227)
	at ptolemy.domains.sdf.kernel.SDFDirector.fire(SDFDirector.java:500)
	at ptolemy.actor.CompositeActor.fire(CompositeActor.java:455)
	at ptolemy.domains.de.kernel.DEDirector._fire(DEDirector.java:1949)
	at ptolemy.domains.de.kernel.DEDirector.fire(DEDirector.java:502)
	at ptolemy.actor.CompositeActor.fire(CompositeActor.java:455)
	at ptolemy.actor.Manager.iterate(Manager.java:851)
	at ptolemy.actor.Manager.execute(Manager.java:369)
	at ptolemy.actor.Manager.run(Manager.java:1263)
	at ptolemy.actor.Manager$PtolemyRunThread.run(Manager.java:1915)
java.lang.reflect.InvocationTargetException
	at sun.reflect.NativeConstructorAccessorImpl.newInstance0(Native Method)
	at sun.reflect.NativeConstructorAccessorImpl.newInstance(NativeConstructorAccessorImpl.java:62)
	at sun.reflect.DelegatingConstructorAccessorImpl.newInstance(DelegatingConstructorAccessorImpl.java:45)
	at java.lang.reflect.Constructor.newInstance(Constructor.java:423)
	at ptolemy.util.test.junit.AutoKnownFailedTests.RunModel(AutoKnownFailedTests.java:107)
	at sun.reflect.NativeMethodAccessorImpl.invoke0(Native Method)
	at sun.reflect.NativeMethodAccessorImpl.invoke(NativeMethodAccessorImpl.java:62)
	at sun.reflect.DelegatingMethodAccessorImpl.invoke(DelegatingMethodAccessorImpl.java:43)
	at java.lang.reflect.Method.invoke(Method.java:498)
	at org.junit.runners.model.FrameworkMethod$1.runReflectiveCall(FrameworkMethod.java:44)
	at org.junit.internal.runners.model.ReflectiveCallable.run(ReflectiveCallable.java:15)
	at org.junit.runners.model.FrameworkMethod.invokeExplosively(FrameworkMethod.java:41)
	at junitparams.internal.InvokeParameterisedMethod.evaluate(InvokeParameterisedMethod.java:102)
	at org.junit.internal.runners.statements.FailOnTimeout$1.run(FailOnTimeout.java:28)
Caused by: ptolemy.kernel.util.IllegalActionException: Actor is not ready to fire.  Perhaps UpSample.prefire() returned false? Try debugging the actor by selecting "Listen to Actor".  Also, for SDF check moml for tokenConsumptionRate on input.
  in .DESDFClockTest.Play Bell.Copy1:SDF Director and .DESDFClockTest.Play Bell.UpSample
	at ptolemy.actor.sched.StaticSchedulingDirector.fire(StaticSchedulingDirector.java:227)
	at ptolemy.domains.sdf.kernel.SDFDirector.fire(SDFDirector.java:500)
	at ptolemy.actor.CompositeActor.fire(CompositeActor.java:455)
	at ptolemy.domains.de.kernel.DEDirector._fire(DEDirector.java:1949)
	at ptolemy.domains.de.kernel.DEDirector.fire(DEDirector.java:502)
	at ptolemy.actor.CompositeActor.fire(CompositeActor.java:455)
	at ptolemy.actor.Manager.iterate(Manager.java:851)
	at ptolemy.actor.Manager.execute(Manager.java:369)
	at ptolemy.actor.Manager.run(Manager.java:1263)
	at ptolemy.actor.Manager$PtolemyRunThread.run(Manager.java:1915)
java.lang.RuntimeException: Execution failed
	at ptolemy.moml.MoMLSimpleApplication$UnloadThread.run(MoMLSimpleApplication.java:402)
Caused by: ptolemy.kernel.util.IllegalActionException: Test fails in iteration 1.
Value was: 1.0. Should have been: 2.0
  in .DirectFeedback.Test
	at ptolemy.actor.lib.Test.fire(Test.java:268)
	at ptolemy.domains.de.kernel.DEDirector._fire(DEDirector.java:1949)
	at ptolemy.domains.de.kernel.DEDirector.fire(DEDirector.java:502)
	at ptolemy.actor.CompositeActor.fire(CompositeActor.java:455)
	at ptolemy.actor.Manager.iterate(Manager.java:851)
	at ptolemy.actor.Manager.execute(Manager.java:369)
	at ptolemy.actor.Manager.run(Manager.java:1263)
	at ptolemy.actor.Manager$PtolemyRunThread.run(Manager.java:1915)
java.lang.reflect.InvocationTargetException
	at sun.reflect.NativeConstructorAccessorImpl.newInstance0(Native Method)
	at sun.reflect.NativeConstructorAccessorImpl.newInstance(NativeConstructorAccessorImpl.java:62)
	at sun.reflect.DelegatingConstructorAccessorImpl.newInstance(DelegatingConstructorAccessorImpl.java:45)
	at java.lang.reflect.Constructor.newInstance(Constructor.java:423)
	at ptolemy.util.test.junit.AutoKnownFailedTests.RunModel(AutoKnownFailedTests.java:107)
	at sun.reflect.NativeMethodAccessorImpl.invoke0(Native Method)
	at sun.reflect.NativeMethodAccessorImpl.invoke(NativeMethodAccessorImpl.java:62)
	at sun.reflect.DelegatingMethodAccessorImpl.invoke(DelegatingMethodAccessorImpl.java:43)
	at java.lang.reflect.Method.invoke(Method.java:498)
	at org.junit.runners.model.FrameworkMethod$1.runReflectiveCall(FrameworkMethod.java:44)
	at org.junit.internal.runners.model.ReflectiveCallable.run(ReflectiveCallable.java:15)
	at org.junit.runners.model.FrameworkMethod.invokeExplosively(FrameworkMethod.java:41)
	at junitparams.internal.InvokeParameterisedMethod.evaluate(InvokeParameterisedMethod.java:102)
	at org.junit.internal.runners.statements.FailOnTimeout$1.run(FailOnTimeout.java:28)
Caused by: ptolemy.kernel.util.IllegalActionException: Test fails in iteration 1.
Value was: 1.0. Should have been: 2.0
  in .DirectFeedback.Test
	at ptolemy.actor.lib.Test.fire(Test.java:268)
	at ptolemy.domains.de.kernel.DEDirector._fire(DEDirector.java:1949)
	at ptolemy.domains.de.kernel.DEDirector.fire(DEDirector.java:502)
	at ptolemy.actor.CompositeActor.fire(CompositeActor.java:455)
	at ptolemy.actor.Manager.iterate(Manager.java:851)
	at ptolemy.actor.Manager.execute(Manager.java:369)
	at ptolemy.actor.Manager.run(Manager.java:1263)
	at ptolemy.actor.Manager$PtolemyRunThread.run(Manager.java:1915)
java.lang.RuntimeException: Execution failed
	at ptolemy.moml.MoMLSimpleApplication$UnloadThread.run(MoMLSimpleApplication.java:402)
Caused by: ptolemy.kernel.util.IllegalActionException: Found a zero delay loop containing .HierarchicalModel.A
  in .HierarchicalModel and .HierarchicalModel.A
	at ptolemy.actor.util.CausalityInterfaceForComposites._computeOutputPortDepth(CausalityInterfaceForComposites.java:759)
	at ptolemy.actor.util.CausalityInterfaceForComposites._computeInputDepth(CausalityInterfaceForComposites.java:696)
	at ptolemy.actor.util.CausalityInterfaceForComposites._computeOutputPortDepth(CausalityInterfaceForComposites.java:765)
	at ptolemy.actor.util.CausalityInterfaceForComposites._computeInputDepth(CausalityInterfaceForComposites.java:696)
	at ptolemy.actor.util.CausalityInterfaceForComposites._computeOutputPortDepth(CausalityInterfaceForComposites.java:765)
	at ptolemy.actor.util.CausalityInterfaceForComposites._computeInputDepth(CausalityInterfaceForComposites.java:696)
	at ptolemy.actor.util.CausalityInterfaceForComposites._computeActorDepth(CausalityInterfaceForComposites.java:532)
	at ptolemy.actor.util.CausalityInterfaceForComposites.checkForCycles(CausalityInterfaceForComposites.java:96)
	at ptolemy.domains.de.kernel.DEDirector.preinitialize(DEDirector.java:1338)
	at ptolemy.actor.CompositeActor.preinitialize(CompositeActor.java:1828)
	at ptolemy.actor.Manager.preinitializeAndResolveTypes(Manager.java:1040)
	at ptolemy.actor.Manager.initialize(Manager.java:710)
	at ptolemy.actor.Manager.execute(Manager.java:356)
	at ptolemy.actor.Manager.run(Manager.java:1263)
	at ptolemy.actor.Manager$PtolemyRunThread.run(Manager.java:1915)
java.lang.reflect.InvocationTargetException
	at sun.reflect.NativeConstructorAccessorImpl.newInstance0(Native Method)
	at sun.reflect.NativeConstructorAccessorImpl.newInstance(NativeConstructorAccessorImpl.java:62)
	at sun.reflect.DelegatingConstructorAccessorImpl.newInstance(DelegatingConstructorAccessorImpl.java:45)
	at java.lang.reflect.Constructor.newInstance(Constructor.java:423)
	at ptolemy.util.test.junit.AutoKnownFailedTests.RunModel(AutoKnownFailedTests.java:107)
	at sun.reflect.NativeMethodAccessorImpl.invoke0(Native Method)
	at sun.reflect.NativeMethodAccessorImpl.invoke(NativeMethodAccessorImpl.java:62)
	at sun.reflect.DelegatingMethodAccessorImpl.invoke(DelegatingMethodAccessorImpl.java:43)
	at java.lang.reflect.Method.invoke(Method.java:498)
	at org.junit.runners.model.FrameworkMethod$1.runReflectiveCall(FrameworkMethod.java:44)
	at org.junit.internal.runners.model.ReflectiveCallable.run(ReflectiveCallable.java:15)
	at org.junit.runners.model.FrameworkMethod.invokeExplosively(FrameworkMethod.java:41)
	at junitparams.internal.InvokeParameterisedMethod.evaluate(InvokeParameterisedMethod.java:102)
	at org.junit.internal.runners.statements.FailOnTimeout$1.run(FailOnTimeout.java:28)
Caused by: ptolemy.kernel.util.IllegalActionException: Found a zero delay loop containing .HierarchicalModel.A
  in .HierarchicalModel and .HierarchicalModel.A
	at ptolemy.actor.util.CausalityInterfaceForComposites._computeOutputPortDepth(CausalityInterfaceForComposites.java:759)
	at ptolemy.actor.util.CausalityInterfaceForComposites._computeInputDepth(CausalityInterfaceForComposites.java:696)
	at ptolemy.actor.util.CausalityInterfaceForComposites._computeOutputPortDepth(CausalityInterfaceForComposites.java:765)
	at ptolemy.actor.util.CausalityInterfaceForComposites._computeInputDepth(CausalityInterfaceForComposites.java:696)
	at ptolemy.actor.util.CausalityInterfaceForComposites._computeOutputPortDepth(CausalityInterfaceForComposites.java:765)
	at ptolemy.actor.util.CausalityInterfaceForComposites._computeInputDepth(CausalityInterfaceForComposites.java:696)
	at ptolemy.actor.util.CausalityInterfaceForComposites._computeActorDepth(CausalityInterfaceForComposites.java:532)
	at ptolemy.actor.util.CausalityInterfaceForComposites.checkForCycles(CausalityInterfaceForComposites.java:96)
	at ptolemy.domains.de.kernel.DEDirector.preinitialize(DEDirector.java:1338)
	at ptolemy.actor.CompositeActor.preinitialize(CompositeActor.java:1828)
	at ptolemy.actor.Manager.preinitializeAndResolveTypes(Manager.java:1040)
	at ptolemy.actor.Manager.initialize(Manager.java:710)
	at ptolemy.actor.Manager.execute(Manager.java:356)
	at ptolemy.actor.Manager.run(Manager.java:1263)
	at ptolemy.actor.Manager$PtolemyRunThread.run(Manager.java:1915)
java.lang.RuntimeException: Execution failed
	at ptolemy.moml.MoMLSimpleApplication$UnloadThread.run(MoMLSimpleApplication.java:402)
Caused by: ptolemy.kernel.util.IllegalActionException: Found a zero delay loop containing .dependencyLoop.original
  in .dependencyLoop and .dependencyLoop.original
	at ptolemy.actor.util.CausalityInterfaceForComposites._computeOutputPortDepth(CausalityInterfaceForComposites.java:759)
	at ptolemy.actor.util.CausalityInterfaceForComposites._computeInputDepth(CausalityInterfaceForComposites.java:696)
	at ptolemy.actor.util.CausalityInterfaceForComposites._computeOutputPortDepth(CausalityInterfaceForComposites.java:765)
	at ptolemy.actor.util.CausalityInterfaceForComposites._computeInputDepth(CausalityInterfaceForComposites.java:696)
	at ptolemy.actor.util.CausalityInterfaceForComposites._computeOutputPortDepth(CausalityInterfaceForComposites.java:765)
	at ptolemy.actor.util.CausalityInterfaceForComposites._computeInputDepth(CausalityInterfaceForComposites.java:696)
	at ptolemy.actor.util.CausalityInterfaceForComposites._computeActorDepth(CausalityInterfaceForComposites.java:532)
	at ptolemy.actor.util.CausalityInterfaceForComposites.checkForCycles(CausalityInterfaceForComposites.java:96)
	at ptolemy.domains.de.kernel.DEDirector.preinitialize(DEDirector.java:1338)
	at ptolemy.actor.CompositeActor.preinitialize(CompositeActor.java:1828)
	at ptolemy.actor.Manager.preinitializeAndResolveTypes(Manager.java:1040)
	at ptolemy.actor.Manager.initialize(Manager.java:710)
	at ptolemy.actor.Manager.execute(Manager.java:356)
	at ptolemy.actor.Manager.run(Manager.java:1263)
	at ptolemy.actor.Manager$PtolemyRunThread.run(Manager.java:1915)
java.lang.reflect.InvocationTargetException
	at sun.reflect.NativeConstructorAccessorImpl.newInstance0(Native Method)
	at sun.reflect.NativeConstructorAccessorImpl.newInstance(NativeConstructorAccessorImpl.java:62)
	at sun.reflect.DelegatingConstructorAccessorImpl.newInstance(DelegatingConstructorAccessorImpl.java:45)
	at java.lang.reflect.Constructor.newInstance(Constructor.java:423)
	at ptolemy.util.test.junit.AutoKnownFailedTests.RunModel(AutoKnownFailedTests.java:107)
	at sun.reflect.NativeMethodAccessorImpl.invoke0(Native Method)
	at sun.reflect.NativeMethodAccessorImpl.invoke(NativeMethodAccessorImpl.java:62)
	at sun.reflect.DelegatingMethodAccessorImpl.invoke(DelegatingMethodAccessorImpl.java:43)
	at java.lang.reflect.Method.invoke(Method.java:498)
	at org.junit.runners.model.FrameworkMethod$1.runReflectiveCall(FrameworkMethod.java:44)
	at org.junit.internal.runners.model.ReflectiveCallable.run(ReflectiveCallable.java:15)
	at org.junit.runners.model.FrameworkMethod.invokeExplosively(FrameworkMethod.java:41)
	at junitparams.internal.InvokeParameterisedMethod.evaluate(InvokeParameterisedMethod.java:102)
	at org.junit.internal.runners.statements.FailOnTimeout$1.run(FailOnTimeout.java:28)
Caused by: ptolemy.kernel.util.IllegalActionException: Found a zero delay loop containing .dependencyLoop.original
  in .dependencyLoop and .dependencyLoop.original
	at ptolemy.actor.util.CausalityInterfaceForComposites._computeOutputPortDepth(CausalityInterfaceForComposites.java:759)
	at ptolemy.actor.util.CausalityInterfaceForComposites._computeInputDepth(CausalityInterfaceForComposites.java:696)
	at ptolemy.actor.util.CausalityInterfaceForComposites._computeOutputPortDepth(CausalityInterfaceForComposites.java:765)
	at ptolemy.actor.util.CausalityInterfaceForComposites._computeInputDepth(CausalityInterfaceForComposites.java:696)
	at ptolemy.actor.util.CausalityInterfaceForComposites._computeOutputPortDepth(CausalityInterfaceForComposites.java:765)
	at ptolemy.actor.util.CausalityInterfaceForComposites._computeInputDepth(CausalityInterfaceForComposites.java:696)
	at ptolemy.actor.util.CausalityInterfaceForComposites._computeActorDepth(CausalityInterfaceForComposites.java:532)
	at ptolemy.actor.util.CausalityInterfaceForComposites.checkForCycles(CausalityInterfaceForComposites.java:96)
	at ptolemy.domains.de.kernel.DEDirector.preinitialize(DEDirector.java:1338)
	at ptolemy.actor.CompositeActor.preinitialize(CompositeActor.java:1828)
	at ptolemy.actor.Manager.preinitializeAndResolveTypes(Manager.java:1040)
	at ptolemy.actor.Manager.initialize(Manager.java:710)
	at ptolemy.actor.Manager.execute(Manager.java:356)
	at ptolemy.actor.Manager.run(Manager.java:1263)
	at ptolemy.actor.Manager$PtolemyRunThread.run(Manager.java:1915)
java.lang.RuntimeException: Execution failed
	at ptolemy.moml.MoMLSimpleApplication$UnloadThread.run(MoMLSimpleApplication.java:402)
Caused by: ptolemy.kernel.util.IllegalActionException: Found a zero delay loop containing .dependencyLoop2.original
  in .dependencyLoop2 and .dependencyLoop2.original
	at ptolemy.actor.util.CausalityInterfaceForComposites._computeOutputPortDepth(CausalityInterfaceForComposites.java:759)
	at ptolemy.actor.util.CausalityInterfaceForComposites._computeInputDepth(CausalityInterfaceForComposites.java:696)
	at ptolemy.actor.util.CausalityInterfaceForComposites._computeOutputPortDepth(CausalityInterfaceForComposites.java:765)
	at ptolemy.actor.util.CausalityInterfaceForComposites._computeInputDepth(CausalityInterfaceForComposites.java:696)
	at ptolemy.actor.util.CausalityInterfaceForComposites._computeOutputPortDepth(CausalityInterfaceForComposites.java:765)
	at ptolemy.actor.util.CausalityInterfaceForComposites._computeInputDepth(CausalityInterfaceForComposites.java:696)
	at ptolemy.actor.util.CausalityInterfaceForComposites._computeActorDepth(CausalityInterfaceForComposites.java:532)
	at ptolemy.actor.util.CausalityInterfaceForComposites.checkForCycles(CausalityInterfaceForComposites.java:96)
	at ptolemy.domains.de.kernel.DEDirector.preinitialize(DEDirector.java:1338)
	at ptolemy.actor.CompositeActor.preinitialize(CompositeActor.java:1828)
	at ptolemy.actor.Manager.preinitializeAndResolveTypes(Manager.java:1040)
	at ptolemy.actor.Manager.initialize(Manager.java:710)
	at ptolemy.actor.Manager.execute(Manager.java:356)
	at ptolemy.actor.Manager.run(Manager.java:1263)
	at ptolemy.actor.Manager$PtolemyRunThread.run(Manager.java:1915)
java.lang.reflect.InvocationTargetException
	at sun.reflect.NativeConstructorAccessorImpl.newInstance0(Native Method)
	at sun.reflect.NativeConstructorAccessorImpl.newInstance(NativeConstructorAccessorImpl.java:62)
	at sun.reflect.DelegatingConstructorAccessorImpl.newInstance(DelegatingConstructorAccessorImpl.java:45)
	at java.lang.reflect.Constructor.newInstance(Constructor.java:423)
	at ptolemy.util.test.junit.AutoKnownFailedTests.RunModel(AutoKnownFailedTests.java:107)
	at sun.reflect.NativeMethodAccessorImpl.invoke0(Native Method)
	at sun.reflect.NativeMethodAccessorImpl.invoke(NativeMethodAccessorImpl.java:62)
	at sun.reflect.DelegatingMethodAccessorImpl.invoke(DelegatingMethodAccessorImpl.java:43)
	at java.lang.reflect.Method.invoke(Method.java:498)
	at org.junit.runners.model.FrameworkMethod$1.runReflectiveCall(FrameworkMethod.java:44)
	at org.junit.internal.runners.model.ReflectiveCallable.run(ReflectiveCallable.java:15)
	at org.junit.runners.model.FrameworkMethod.invokeExplosively(FrameworkMethod.java:41)
	at junitparams.internal.InvokeParameterisedMethod.evaluate(InvokeParameterisedMethod.java:102)
	at org.junit.internal.runners.statements.FailOnTimeout$1.run(FailOnTimeout.java:28)
Caused by: ptolemy.kernel.util.IllegalActionException: Found a zero delay loop containing .dependencyLoop2.original
  in .dependencyLoop2 and .dependencyLoop2.original
	at ptolemy.actor.util.CausalityInterfaceForComposites._computeOutputPortDepth(CausalityInterfaceForComposites.java:759)
	at ptolemy.actor.util.CausalityInterfaceForComposites._computeInputDepth(CausalityInterfaceForComposites.java:696)
	at ptolemy.actor.util.CausalityInterfaceForComposites._computeOutputPortDepth(CausalityInterfaceForComposites.java:765)
	at ptolemy.actor.util.CausalityInterfaceForComposites._computeInputDepth(CausalityInterfaceForComposites.java:696)
	at ptolemy.actor.util.CausalityInterfaceForComposites._computeOutputPortDepth(CausalityInterfaceForComposites.java:765)
	at ptolemy.actor.util.CausalityInterfaceForComposites._computeInputDepth(CausalityInterfaceForComposites.java:696)
	at ptolemy.actor.util.CausalityInterfaceForComposites._computeActorDepth(CausalityInterfaceForComposites.java:532)
	at ptolemy.actor.util.CausalityInterfaceForComposites.checkForCycles(CausalityInterfaceForComposites.java:96)
	at ptolemy.domains.de.kernel.DEDirector.preinitialize(DEDirector.java:1338)
	at ptolemy.actor.CompositeActor.preinitialize(CompositeActor.java:1828)
	at ptolemy.actor.Manager.preinitializeAndResolveTypes(Manager.java:1040)
	at ptolemy.actor.Manager.initialize(Manager.java:710)
	at ptolemy.actor.Manager.execute(Manager.java:356)
	at ptolemy.actor.Manager.run(Manager.java:1263)
	at ptolemy.actor.Manager$PtolemyRunThread.run(Manager.java:1915)
]]></system-err>
</testsuite>
