<?xml version="1.0" encoding="UTF-8" ?>
<testsuite errors="0" failures="0" hostname="travis-job-e0b44121-b06e-49d6-b1de-b5f147b8513b" name="ptolemy.domains.continuous.test.junit.JUnitTclTest" skipped="0" tests="155" time="77.222" timestamp="2018-09-06T02:05:55">
  <properties>
[...]
</properties>
  <testcase classname="ptolemy.util.test.junit.TclTests" name="[0] ThereAreNoTclTests (RunTclFile)" time="0.001" />
  <testcase classname="ptolemy.util.test.junit.AutoKnownFailedTests" name="[0] ThereAreNoKnowFailedTests (RunModel)" time="0.001" />
  <testcase classname="ptolemy.util.test.junit.AutoNameArchTests" name="[0] ThereAreNoAutoArchTests (RunModel)" time="0.001" />
  <testcase classname="ptolemy.util.test.junit.AutoTests" name="[0] /home/travis/build/icyphy/ptII/ptolemy/domains/continuous/test/auto/BouncingBall.xml (RunModel)" time="2.859" />
  <testcase classname="ptolemy.util.test.junit.AutoTests" name="[1] /home/travis/build/icyphy/ptII/ptolemy/domains/continuous/test/auto/BouncingBallWithoutGR.xml (RunModel)" time="0.749" />
  <testcase classname="ptolemy.util.test.junit.AutoTests" name="[2] /home/travis/build/icyphy/ptII/ptolemy/domains/continuous/test/auto/Brownian.xml (RunModel)" time="0.146" />
  <testcase classname="ptolemy.util.test.junit.AutoTests" name="[3] /home/travis/build/icyphy/ptII/ptolemy/domains/continuous/test/auto/CarTracking.xml (RunModel)" time="3.73" />
  <testcase classname="ptolemy.util.test.junit.AutoTests" name="[4] /home/travis/build/icyphy/ptII/ptolemy/domains/continuous/test/auto/CartPendulum.xml (RunModel)" time="0.539" />
  <testcase classname="ptolemy.util.test.junit.AutoTests" name="[5] /home/travis/build/icyphy/ptII/ptolemy/domains/continuous/test/auto/CausalityInterface10.xml (RunModel)" time="0.036" />
  <testcase classname="ptolemy.util.test.junit.AutoTests" name="[6] /home/travis/build/icyphy/ptII/ptolemy/domains/continuous/test/auto/CausalityInterface11.xml (RunModel)" time="0.021" />
  <testcase classname="ptolemy.util.test.junit.AutoTests" name="[7] /home/travis/build/icyphy/ptII/ptolemy/domains/continuous/test/auto/CausalityInterface12.xml (RunModel)" time="0.026" />
  <testcase classname="ptolemy.util.test.junit.AutoTests" name="[8] /home/travis/build/icyphy/ptII/ptolemy/domains/continuous/test/auto/CausalityInterface13.xml (RunModel)" time="0.043" />
  <testcase classname="ptolemy.util.test.junit.AutoTests" name="[9] /home/travis/build/icyphy/ptII/ptolemy/domains/continuous/test/auto/CausalityInterface14.xml (RunModel)" time="0.037" />
  <testcase classname="ptolemy.util.test.junit.AutoTests" name="[10] /home/travis/build/icyphy/ptII/ptolemy/domains/continuous/test/auto/CausalityInterface4.xml (RunModel)" time="0.046" />
  <testcase classname="ptolemy.util.test.junit.AutoTests" name="[11] /home/travis/build/icyphy/ptII/ptolemy/domains/continuous/test/auto/CausalityInterface5.xml (RunModel)" time="0.041" />
  <testcase classname="ptolemy.util.test.junit.AutoTests" name="[12] /home/travis/build/icyphy/ptII/ptolemy/domains/continuous/test/auto/CausalityInterface6.xml (RunModel)" time="0.042" />
  <testcase classname="ptolemy.util.test.junit.AutoTests" name="[13] /home/travis/build/icyphy/ptII/ptolemy/domains/continuous/test/auto/CausalityInterface7.xml (RunModel)" time="0.05" />
  <testcase classname="ptolemy.util.test.junit.AutoTests" name="[14] /home/travis/build/icyphy/ptII/ptolemy/domains/continuous/test/auto/CausalityInterface8.xml (RunModel)" time="0.053" />
  <testcase classname="ptolemy.util.test.junit.AutoTests" name="[15] /home/travis/build/icyphy/ptII/ptolemy/domains/continuous/test/auto/CausalityInterface9.xml (RunModel)" time="0.057" />
  <testcase classname="ptolemy.util.test.junit.AutoTests" name="[16] /home/travis/build/icyphy/ptII/ptolemy/domains/continuous/test/auto/CausalityInterfaceFeedback1.xml (RunModel)" time="0.035" />
  <testcase classname="ptolemy.util.test.junit.AutoTests" name="[17] /home/travis/build/icyphy/ptII/ptolemy/domains/continuous/test/auto/CausalityInterfaceFeedback2.xml (RunModel)" time="0.042" />
  <testcase classname="ptolemy.util.test.junit.AutoTests" name="[18] /home/travis/build/icyphy/ptII/ptolemy/domains/continuous/test/auto/CompareWithCurrentTime.xml (RunModel)" time="0.032" />
  <testcase classname="ptolemy.util.test.junit.AutoTests" name="[19] /home/travis/build/icyphy/ptII/ptolemy/domains/continuous/test/auto/ComparedClocks.xml (RunModel)" time="0.07" />
  <testcase classname="ptolemy.util.test.junit.AutoTests" name="[20] /home/travis/build/icyphy/ptII/ptolemy/domains/continuous/test/auto/ContinuousAOCClone.xml (RunModel)" time="2.852" />
  <testcase classname="ptolemy.util.test.junit.AutoTests" name="[21] /home/travis/build/icyphy/ptII/ptolemy/domains/continuous/test/auto/ContinuousClock.xml (RunModel)" time="0.127" />
  <testcase classname="ptolemy.util.test.junit.AutoTests" name="[22] /home/travis/build/icyphy/ptII/ptolemy/domains/continuous/test/auto/ContinuousInContinuous.xml (RunModel)" time="0.085" />
  <testcase classname="ptolemy.util.test.junit.AutoTests" name="[23] /home/travis/build/icyphy/ptII/ptolemy/domains/continuous/test/auto/ContinuousInContinuousInContinuous.xml (RunModel)" time="0.038" />
  <testcase classname="ptolemy.util.test.junit.AutoTests" name="[24] /home/travis/build/icyphy/ptII/ptolemy/domains/continuous/test/auto/ContinuousInDE.xml (RunModel)" time="0.138" />
  <testcase classname="ptolemy.util.test.junit.AutoTests" name="[25] /home/travis/build/icyphy/ptII/ptolemy/domains/continuous/test/auto/ContinuousInDE2.xml (RunModel)" time="0.065" />
  <testcase classname="ptolemy.util.test.junit.AutoTests" name="[26] /home/travis/build/icyphy/ptII/ptolemy/domains/continuous/test/auto/ContinuousInDE3.xml (RunModel)" time="0.07" />
  <testcase classname="ptolemy.util.test.junit.AutoTests" name="[27] /home/travis/build/icyphy/ptII/ptolemy/domains/continuous/test/auto/ContinuousInDE4.xml (RunModel)" time="0.036" />
  <testcase classname="ptolemy.util.test.junit.AutoTests" name="[28] /home/travis/build/icyphy/ptII/ptolemy/domains/continuous/test/auto/ContinuousInDEDifferentRefinements.xml (RunModel)" time="0.128" />
  <testcase classname="ptolemy.util.test.junit.AutoTests" name="[29] /home/travis/build/icyphy/ptII/ptolemy/domains/continuous/test/auto/ContinuousInDEDifferentRefinementsPreemptive.xml (RunModel)" time="0.103" />
  <testcase classname="ptolemy.util.test.junit.AutoTests" name="[30] /home/travis/build/icyphy/ptII/ptolemy/domains/continuous/test/auto/ContinuousInDEInContinuous2.xml (RunModel)" time="0.07" />
  <testcase classname="ptolemy.util.test.junit.AutoTests" name="[31] /home/travis/build/icyphy/ptII/ptolemy/domains/continuous/test/auto/ContinuousInDEInContinuous3.xml (RunModel)" time="0.102" />
  <testcase classname="ptolemy.util.test.junit.AutoTests" name="[32] /home/travis/build/icyphy/ptII/ptolemy/domains/continuous/test/auto/ContinuousInDEInput.xml (RunModel)" time="0.051" />
  <testcase classname="ptolemy.util.test.junit.AutoTests" name="[33] /home/travis/build/icyphy/ptII/ptolemy/domains/continuous/test/auto/ContinuousInDEInput2.xml (RunModel)" time="0.04" />
  <testcase classname="ptolemy.util.test.junit.AutoTests" name="[34] /home/travis/build/icyphy/ptII/ptolemy/domains/continuous/test/auto/ContinuousInDEInput3.xml (RunModel)" time="0.036" />
  <testcase classname="ptolemy.util.test.junit.AutoTests" name="[35] /home/travis/build/icyphy/ptII/ptolemy/domains/continuous/test/auto/ContinuousInDESharingRefinement.xml (RunModel)" time="0.19" />
  <testcase classname="ptolemy.util.test.junit.AutoTests" name="[36] /home/travis/build/icyphy/ptII/ptolemy/domains/continuous/test/auto/ContinuousInDEwithNoPorts.xml (RunModel)" time="0.02" />
  <testcase classname="ptolemy.util.test.junit.AutoTests" name="[37] /home/travis/build/icyphy/ptII/ptolemy/domains/continuous/test/auto/ContinuousInsideDE.xml (RunModel)" time="0.078" />
  <testcase classname="ptolemy.util.test.junit.AutoTests" name="[38] /home/travis/build/icyphy/ptII/ptolemy/domains/continuous/test/auto/ContinuousMerge1.xml (RunModel)" time="0.014" />
  <testcase classname="ptolemy.util.test.junit.AutoTests" name="[39] /home/travis/build/icyphy/ptII/ptolemy/domains/continuous/test/auto/ContinuousMerge2.xml (RunModel)" time="0.054" />
  <testcase classname="ptolemy.util.test.junit.AutoTests" name="[40] /home/travis/build/icyphy/ptII/ptolemy/domains/continuous/test/auto/ContinuousMerge3.xml (RunModel)" time="0.078" />
  <testcase classname="ptolemy.util.test.junit.AutoTests" name="[41] /home/travis/build/icyphy/ptII/ptolemy/domains/continuous/test/auto/ContinuousWithinContinuous.xml (RunModel)" time="0.074" />
  <testcase classname="ptolemy.util.test.junit.AutoTests" name="[42] /home/travis/build/icyphy/ptII/ptolemy/domains/continuous/test/auto/ContinuousWithinContinuous2.xml (RunModel)" time="0.09" />
  <testcase classname="ptolemy.util.test.junit.AutoTests" name="[43] /home/travis/build/icyphy/ptII/ptolemy/domains/continuous/test/auto/ContinuousWithinContinuous3.xml (RunModel)" time="0.032" />
  <testcase classname="ptolemy.util.test.junit.AutoTests" name="[44] /home/travis/build/icyphy/ptII/ptolemy/domains/continuous/test/auto/ContinuousWithinContinuous4.xml (RunModel)" time="0.095" />
  <testcase classname="ptolemy.util.test.junit.AutoTests" name="[45] /home/travis/build/icyphy/ptII/ptolemy/domains/continuous/test/auto/ContinuousWithinContinuous5.xml (RunModel)" time="0.029" />
  <testcase classname="ptolemy.util.test.junit.AutoTests" name="[46] /home/travis/build/icyphy/ptII/ptolemy/domains/continuous/test/auto/ContinuousWithinContinuous6.xml (RunModel)" time="0.027" />
  <testcase classname="ptolemy.util.test.junit.AutoTests" name="[47] /home/travis/build/icyphy/ptII/ptolemy/domains/continuous/test/auto/ContinuousWithinContinuous7.xml (RunModel)" time="0.074" />
  <testcase classname="ptolemy.util.test.junit.AutoTests" name="[48] /home/travis/build/icyphy/ptII/ptolemy/domains/continuous/test/auto/DCMotor.xml (RunModel)" time="15.219" />
  <testcase classname="ptolemy.util.test.junit.AutoTests" name="[49] /home/travis/build/icyphy/ptII/ptolemy/domains/continuous/test/auto/DEInContinuous.xml (RunModel)" time="0.035" />
  <testcase classname="ptolemy.util.test.junit.AutoTests" name="[50] /home/travis/build/icyphy/ptII/ptolemy/domains/continuous/test/auto/DEinContinuous2.xml (RunModel)" time="0.027" />
  <testcase classname="ptolemy.util.test.junit.AutoTests" name="[51] /home/travis/build/icyphy/ptII/ptolemy/domains/continuous/test/auto/Derivative.xml (RunModel)" time="0.206" />
  <testcase classname="ptolemy.util.test.junit.AutoTests" name="[52] /home/travis/build/icyphy/ptII/ptolemy/domains/continuous/test/auto/Derivative1.xml (RunModel)" time="0.048" />
  <testcase classname="ptolemy.util.test.junit.AutoTests" name="[53] /home/travis/build/icyphy/ptII/ptolemy/domains/continuous/test/auto/DiscreteClock.xml (RunModel)" time="0.014" />
  <testcase classname="ptolemy.util.test.junit.AutoTests" name="[54] /home/travis/build/icyphy/ptII/ptolemy/domains/continuous/test/auto/EfficiencyCurve.xml (RunModel)" time="0.113" />
  <testcase classname="ptolemy.util.test.junit.AutoTests" name="[55] /home/travis/build/icyphy/ptII/ptolemy/domains/continuous/test/auto/ExponentialResponse.xml (RunModel)" time="0.13" />
  <testcase classname="ptolemy.util.test.junit.AutoTests" name="[56] /home/travis/build/icyphy/ptII/ptolemy/domains/continuous/test/auto/ExponentialResponseRK45.xml (RunModel)" time="0.035" />
  <testcase classname="ptolemy.util.test.junit.AutoTests" name="[57] /home/travis/build/icyphy/ptII/ptolemy/domains/continuous/test/auto/Friction.xml (RunModel)" time="1.543" />
  <testcase classname="ptolemy.util.test.junit.AutoTests" name="[58] /home/travis/build/icyphy/ptII/ptolemy/domains/continuous/test/auto/FurutaPendulum.xml (RunModel)" time="3.908" />
  <testcase classname="ptolemy.util.test.junit.AutoTests" name="[59] /home/travis/build/icyphy/ptII/ptolemy/domains/continuous/test/auto/HierarchicalExecution.xml (RunModel)" time="2.467" />
  <testcase classname="ptolemy.util.test.junit.AutoTests" name="[60] /home/travis/build/icyphy/ptII/ptolemy/domains/continuous/test/auto/HybridPlant.xml (RunModel)" time="0.599" />
  <testcase classname="ptolemy.util.test.junit.AutoTests" name="[61] /home/travis/build/icyphy/ptII/ptolemy/domains/continuous/test/auto/Hysteresis.xml (RunModel)" time="0.178" />
  <testcase classname="ptolemy.util.test.junit.AutoTests" name="[62] /home/travis/build/icyphy/ptII/ptolemy/domains/continuous/test/auto/HysteresisWithRandomDelay.xml (RunModel)" time="0.219" />
  <testcase classname="ptolemy.util.test.junit.AutoTests" name="[63] /home/travis/build/icyphy/ptII/ptolemy/domains/continuous/test/auto/HysteresisWithRandomLosses.xml (RunModel)" time="2.436" />
  <testcase classname="ptolemy.util.test.junit.AutoTests" name="[64] /home/travis/build/icyphy/ptII/ptolemy/domains/continuous/test/auto/ImmediateTransitions.xml (RunModel)" time="0.041" />
  <testcase classname="ptolemy.util.test.junit.AutoTests" name="[65] /home/travis/build/icyphy/ptII/ptolemy/domains/continuous/test/auto/ImpulseFeedback.xml (RunModel)" time="0.029" />
  <testcase classname="ptolemy.util.test.junit.AutoTests" name="[66] /home/travis/build/icyphy/ptII/ptolemy/domains/continuous/test/auto/ImpulseFeedback2.xml (RunModel)" time="0.018" />
  <testcase classname="ptolemy.util.test.junit.AutoTests" name="[67] /home/travis/build/icyphy/ptII/ptolemy/domains/continuous/test/auto/IncreasingRatePoisson.xml (RunModel)" time="0.821" />
  <testcase classname="ptolemy.util.test.junit.AutoTests" name="[68] /home/travis/build/icyphy/ptII/ptolemy/domains/continuous/test/auto/InitialStateFeedback.xml (RunModel)" time="0.015" />
  <testcase classname="ptolemy.util.test.junit.AutoTests" name="[69] /home/travis/build/icyphy/ptII/ptolemy/domains/continuous/test/auto/Integration.xml (RunModel)" time="0.009" />
  <testcase classname="ptolemy.util.test.junit.AutoTests" name="[70] /home/travis/build/icyphy/ptII/ptolemy/domains/continuous/test/auto/Integration2.xml (RunModel)" time="0.087" />
  <testcase classname="ptolemy.util.test.junit.AutoTests" name="[71] /home/travis/build/icyphy/ptII/ptolemy/domains/continuous/test/auto/Integration3.xml (RunModel)" time="0.018" />
  <testcase classname="ptolemy.util.test.junit.AutoTests" name="[72] /home/travis/build/icyphy/ptII/ptolemy/domains/continuous/test/auto/Integration5.xml (RunModel)" time="0.028" />
  <testcase classname="ptolemy.util.test.junit.AutoTests" name="[73] /home/travis/build/icyphy/ptII/ptolemy/domains/continuous/test/auto/IntegratorImpulse.xml (RunModel)" time="0.012" />
  <testcase classname="ptolemy.util.test.junit.AutoTests" name="[74] /home/travis/build/icyphy/ptII/ptolemy/domains/continuous/test/auto/IntegratorImpulse2.xml (RunModel)" time="0.014" />
  <testcase classname="ptolemy.util.test.junit.AutoTests" name="[75] /home/travis/build/icyphy/ptII/ptolemy/domains/continuous/test/auto/LevelCrossing1.xml (RunModel)" time="0.012" />
  <testcase classname="ptolemy.util.test.junit.AutoTests" name="[76] /home/travis/build/icyphy/ptII/ptolemy/domains/continuous/test/auto/LevelCrossing2.xml (RunModel)" time="0.013" />
  <testcase classname="ptolemy.util.test.junit.AutoTests" name="[77] /home/travis/build/icyphy/ptII/ptolemy/domains/continuous/test/auto/LevelCrossing3.xml (RunModel)" time="0.016" />
  <testcase classname="ptolemy.util.test.junit.AutoTests" name="[78] /home/travis/build/icyphy/ptII/ptolemy/domains/continuous/test/auto/LevelCrossing4.xml (RunModel)" time="0.012" />
  <testcase classname="ptolemy.util.test.junit.AutoTests" name="[79] /home/travis/build/icyphy/ptII/ptolemy/domains/continuous/test/auto/LevelCrossing5.xml (RunModel)" time="0.013" />
  <testcase classname="ptolemy.util.test.junit.AutoTests" name="[80] /home/travis/build/icyphy/ptII/ptolemy/domains/continuous/test/auto/LevelCrossing6.xml (RunModel)" time="0.014" />
  <testcase classname="ptolemy.util.test.junit.AutoTests" name="[81] /home/travis/build/icyphy/ptII/ptolemy/domains/continuous/test/auto/LevelCrossingDetector.xml (RunModel)" time="0.062" />
  <testcase classname="ptolemy.util.test.junit.AutoTests" name="[82] /home/travis/build/icyphy/ptII/ptolemy/domains/continuous/test/auto/LevelCrossingDetectorDetectingDirections.xml (RunModel)" time="0.085" />
  <testcase classname="ptolemy.util.test.junit.AutoTests" name="[83] /home/travis/build/icyphy/ptII/ptolemy/domains/continuous/test/auto/LevelCrossingDetectorDetectsGlitches.xml (RunModel)" time="0.072" />
  <testcase classname="ptolemy.util.test.junit.AutoTests" name="[84] /home/travis/build/icyphy/ptII/ptolemy/domains/continuous/test/auto/LevelCrossingNoInitialOuput.xml (RunModel)" time="0.016" />
  <testcase classname="ptolemy.util.test.junit.AutoTests" name="[85] /home/travis/build/icyphy/ptII/ptolemy/domains/continuous/test/auto/LinearStateSpaceExample.xml (RunModel)" time="0.038" />
  <testcase classname="ptolemy.util.test.junit.AutoTests" name="[86] /home/travis/build/icyphy/ptII/ptolemy/domains/continuous/test/auto/Lorenz.xml (RunModel)" time="4.023" />
  <testcase classname="ptolemy.util.test.junit.AutoTests" name="[87] /home/travis/build/icyphy/ptII/ptolemy/domains/continuous/test/auto/LorenzDifferentialSystem.xml (RunModel)" time="1.035" />
  <testcase classname="ptolemy.util.test.junit.AutoTests" name="[88] /home/travis/build/icyphy/ptII/ptolemy/domains/continuous/test/auto/LorenzDifferentialSystemWithInput.xml (RunModel)" time="1.583" />
  <testcase classname="ptolemy.util.test.junit.AutoTests" name="[89] /home/travis/build/icyphy/ptII/ptolemy/domains/continuous/test/auto/LorenzDifferentialSystemWithTime.xml (RunModel)" time="0.87" />
  <testcase classname="ptolemy.util.test.junit.AutoTests" name="[90] /home/travis/build/icyphy/ptII/ptolemy/domains/continuous/test/auto/Microsteps.xml (RunModel)" time="0.027" />
  <testcase classname="ptolemy.util.test.junit.AutoTests" name="[91] /home/travis/build/icyphy/ptII/ptolemy/domains/continuous/test/auto/Modal1.xml (RunModel)" time="0.057" />
  <testcase classname="ptolemy.util.test.junit.AutoTests" name="[92] /home/travis/build/icyphy/ptII/ptolemy/domains/continuous/test/auto/Modal2.xml (RunModel)" time="0.052" />
  <testcase classname="ptolemy.util.test.junit.AutoTests" name="[93] /home/travis/build/icyphy/ptII/ptolemy/domains/continuous/test/auto/ModalTransitionGuardWithReset.xml (RunModel)" time="0.03" />
  <testcase classname="ptolemy.util.test.junit.AutoTests" name="[94] /home/travis/build/icyphy/ptII/ptolemy/domains/continuous/test/auto/ModalTransitionGuardWithResetUsingPreemptiveTransition.xml (RunModel)" time="0.024" />
  <testcase classname="ptolemy.util.test.junit.AutoTests" name="[95] /home/travis/build/icyphy/ptII/ptolemy/domains/continuous/test/auto/ModalTransitionGuardWithResetUsingPreemptiveTransition2.xml (RunModel)" time="0.027" />
  <testcase classname="ptolemy.util.test.junit.AutoTests" name="[96] /home/travis/build/icyphy/ptII/ptolemy/domains/continuous/test/auto/ModalTransitionGuardWithResetUsingPreemptiveTransition3.xml (RunModel)" time="0.034" />
  <testcase classname="ptolemy.util.test.junit.AutoTests" name="[97] /home/travis/build/icyphy/ptII/ptolemy/domains/continuous/test/auto/NewtonsCradle.xml (RunModel)" time="0.803" />
  <testcase classname="ptolemy.util.test.junit.AutoTests" name="[98] /home/travis/build/icyphy/ptII/ptolemy/domains/continuous/test/auto/NewtonsCradleAnimated.xml (RunModel)" time="1.232" />
  <testcase classname="ptolemy.util.test.junit.AutoTests" name="[99] /home/travis/build/icyphy/ptII/ptolemy/domains/continuous/test/auto/NewtonsCradleComplicated.xml (RunModel)" time="0.925" />
  <testcase classname="ptolemy.util.test.junit.AutoTests" name="[100] /home/travis/build/icyphy/ptII/ptolemy/domains/continuous/test/auto/NewtonsCradleNondeterministic.xml (RunModel)" time="0.704" />
  <testcase classname="ptolemy.util.test.junit.AutoTests" name="[101] /home/travis/build/icyphy/ptII/ptolemy/domains/continuous/test/auto/NewtonsCradlePerfectlyInelastic1.xml (RunModel)" time="1.344" />
  <testcase classname="ptolemy.util.test.junit.AutoTests" name="[102] /home/travis/build/icyphy/ptII/ptolemy/domains/continuous/test/auto/Noise.xml (RunModel)" time="0.185" />
  <testcase classname="ptolemy.util.test.junit.AutoTests" name="[103] /home/travis/build/icyphy/ptII/ptolemy/domains/continuous/test/auto/NoiseSpectrum.xml (RunModel)" time="0.779" />
  <testcase classname="ptolemy.util.test.junit.AutoTests" name="[104] /home/travis/build/icyphy/ptII/ptolemy/domains/continuous/test/auto/ParameterizedNewtonsCradleAnimated.xml (RunModel)" time="0.379" />
  <testcase classname="ptolemy.util.test.junit.AutoTests" name="[105] /home/travis/build/icyphy/ptII/ptolemy/domains/continuous/test/auto/ParameterizedNewtonsCradleAnimatedNondeterministic.xml (RunModel)" time="1.324" />
  <testcase classname="ptolemy.util.test.junit.AutoTests" name="[106] /home/travis/build/icyphy/ptII/ptolemy/domains/continuous/test/auto/Pendulum3D.xml (RunModel)" time="0.178" />
  <testcase classname="ptolemy.util.test.junit.AutoTests" name="[107] /home/travis/build/icyphy/ptII/ptolemy/domains/continuous/test/auto/PeriodicSampler.xml (RunModel)" time="0.011" />
  <testcase classname="ptolemy.util.test.junit.AutoTests" name="[108] /home/travis/build/icyphy/ptII/ptolemy/domains/continuous/test/auto/PeriodicSampler1.xml (RunModel)" time="0.049" />
  <testcase classname="ptolemy.util.test.junit.AutoTests" name="[109] /home/travis/build/icyphy/ptII/ptolemy/domains/continuous/test/auto/PeriodicSampler2.xml (RunModel)" time="0.065" />
  <testcase classname="ptolemy.util.test.junit.AutoTests" name="[110] /home/travis/build/icyphy/ptII/ptolemy/domains/continuous/test/auto/Poisson.xml (RunModel)" time="0.436" />
  <testcase classname="ptolemy.util.test.junit.AutoTests" name="[111] /home/travis/build/icyphy/ptII/ptolemy/domains/continuous/test/auto/PoissonClock.xml (RunModel)" time="0.011" />
  <testcase classname="ptolemy.util.test.junit.AutoTests" name="[112] /home/travis/build/icyphy/ptII/ptolemy/domains/continuous/test/auto/PoissonClock2.xml (RunModel)" time="0.013" />
  <testcase classname="ptolemy.util.test.junit.AutoTests" name="[113] /home/travis/build/icyphy/ptII/ptolemy/domains/continuous/test/auto/PortParameterHierarchy.xml (RunModel)" time="0.014" />
  <testcase classname="ptolemy.util.test.junit.AutoTests" name="[114] /home/travis/build/icyphy/ptII/ptolemy/domains/continuous/test/auto/RandomHybridPlant.xml (RunModel)" time="0.503" />
  <testcase classname="ptolemy.util.test.junit.AutoTests" name="[115] /home/travis/build/icyphy/ptII/ptolemy/domains/continuous/test/auto/ResetTransitionWithStartTime1.xml (RunModel)" time="0.031" />
  <testcase classname="ptolemy.util.test.junit.AutoTests" name="[116] /home/travis/build/icyphy/ptII/ptolemy/domains/continuous/test/auto/ResetTransitionWithStartTime2.xml (RunModel)" time="0.037" />
  <testcase classname="ptolemy.util.test.junit.AutoTests" name="[117] /home/travis/build/icyphy/ptII/ptolemy/domains/continuous/test/auto/ResetTransitionWithStartTime3.xml (RunModel)" time="0.045" />
  <testcase classname="ptolemy.util.test.junit.AutoTests" name="[118] /home/travis/build/icyphy/ptII/ptolemy/domains/continuous/test/auto/ResetTransitionWithStartTime4.xml (RunModel)" time="0.038" />
  <testcase classname="ptolemy.util.test.junit.AutoTests" name="[119] /home/travis/build/icyphy/ptII/ptolemy/domains/continuous/test/auto/ResetTransitionWithStartTime5.xml (RunModel)" time="0.036" />
  <testcase classname="ptolemy.util.test.junit.AutoTests" name="[120] /home/travis/build/icyphy/ptII/ptolemy/domains/continuous/test/auto/ResetTransitionWithStartTime6.xml (RunModel)" time="0.026" />
  <testcase classname="ptolemy.util.test.junit.AutoTests" name="[121] /home/travis/build/icyphy/ptII/ptolemy/domains/continuous/test/auto/SRinContinuous.xml (RunModel)" time="0.024" />
  <testcase classname="ptolemy.util.test.junit.AutoTests" name="[122] /home/travis/build/icyphy/ptII/ptolemy/domains/continuous/test/auto/SampledClocks.xml (RunModel)" time="0.027" />
  <testcase classname="ptolemy.util.test.junit.AutoTests" name="[123] /home/travis/build/icyphy/ptII/ptolemy/domains/continuous/test/auto/Satellite.xml (RunModel)" time="0.947" />
  <testcase classname="ptolemy.util.test.junit.AutoTests" name="[124] /home/travis/build/icyphy/ptII/ptolemy/domains/continuous/test/auto/SigmaDelta.xml (RunModel)" time="2.382" />
  <testcase classname="ptolemy.util.test.junit.AutoTests" name="[125] /home/travis/build/icyphy/ptII/ptolemy/domains/continuous/test/auto/SinuBouncingBall.xml (RunModel)" time="0.792" />
  <testcase classname="ptolemy.util.test.junit.AutoTests" name="[126] /home/travis/build/icyphy/ptII/ptolemy/domains/continuous/test/auto/Sinusoid.xml (RunModel)" time="0.014" />
  <testcase classname="ptolemy.util.test.junit.AutoTests" name="[127] /home/travis/build/icyphy/ptII/ptolemy/domains/continuous/test/auto/SinusoidInNoise.xml (RunModel)" time="0.96" />
  <testcase classname="ptolemy.util.test.junit.AutoTests" name="[128] /home/travis/build/icyphy/ptII/ptolemy/domains/continuous/test/auto/SinusoidRK45.xml (RunModel)" time="0.021" />
  <testcase classname="ptolemy.util.test.junit.AutoTests" name="[129] /home/travis/build/icyphy/ptII/ptolemy/domains/continuous/test/auto/SinusoidWithMultipleImpulses.xml (RunModel)" time="0.014" />
  <testcase classname="ptolemy.util.test.junit.AutoTests" name="[130] /home/travis/build/icyphy/ptII/ptolemy/domains/continuous/test/auto/SquareWave.xml (RunModel)" time="0.199" />
  <testcase classname="ptolemy.util.test.junit.AutoTests" name="[131] /home/travis/build/icyphy/ptII/ptolemy/domains/continuous/test/auto/Starmac.xml (RunModel)" time="3.459" />
  <testcase classname="ptolemy.util.test.junit.AutoTests" name="[132] /home/travis/build/icyphy/ptII/ptolemy/domains/continuous/test/auto/StaticUnits.xml (RunModel)" time="2.654" />
  <testcase classname="ptolemy.util.test.junit.AutoTests" name="[133] /home/travis/build/icyphy/ptII/ptolemy/domains/continuous/test/auto/StickyMasses.xml (RunModel)" time="0.194" />
  <testcase classname="ptolemy.util.test.junit.AutoTests" name="[134] /home/travis/build/icyphy/ptII/ptolemy/domains/continuous/test/auto/StopTime.xml (RunModel)" time="0.064" />
  <testcase classname="ptolemy.util.test.junit.AutoTests" name="[135] /home/travis/build/icyphy/ptII/ptolemy/domains/continuous/test/auto/StopTime2.xml (RunModel)" time="0.056" />
  <testcase classname="ptolemy.util.test.junit.AutoTests" name="[136] /home/travis/build/icyphy/ptII/ptolemy/domains/continuous/test/auto/Switch.xml (RunModel)" time="0.075" />
  <testcase classname="ptolemy.util.test.junit.AutoTests" name="[137] /home/travis/build/icyphy/ptII/ptolemy/domains/continuous/test/auto/Thermostat.xml (RunModel)" time="0.198" />
  <testcase classname="ptolemy.util.test.junit.AutoTests" name="[138] /home/travis/build/icyphy/ptII/ptolemy/domains/continuous/test/auto/TimeDelay.xml (RunModel)" time="0.015" />
  <testcase classname="ptolemy.util.test.junit.AutoTests" name="[139] /home/travis/build/icyphy/ptII/ptolemy/domains/continuous/test/auto/TimeDelay2.xml (RunModel)" time="0.018" />
  <testcase classname="ptolemy.util.test.junit.AutoTests" name="[140] /home/travis/build/icyphy/ptII/ptolemy/domains/continuous/test/auto/TimeDelay3.xml (RunModel)" time="0.014" />
  <testcase classname="ptolemy.util.test.junit.AutoTests" name="[141] /home/travis/build/icyphy/ptII/ptolemy/domains/continuous/test/auto/TransferAbsentToInside.xml (RunModel)" time="0.116" />
  <testcase classname="ptolemy.util.test.junit.AutoTests" name="[142] /home/travis/build/icyphy/ptII/ptolemy/domains/continuous/test/auto/Transmission.xml (RunModel)" time="0.835" />
  <testcase classname="ptolemy.util.test.junit.AutoTests" name="[143] /home/travis/build/icyphy/ptII/ptolemy/domains/continuous/test/auto/TriggeredContinuousClock.xml (RunModel)" time="0.076" />
  <testcase classname="ptolemy.util.test.junit.AutoTests" name="[144] /home/travis/build/icyphy/ptII/ptolemy/domains/continuous/test/auto/TwoMachineInfiniteBusControl.xml (RunModel)" time="2.979" />
  <testcase classname="ptolemy.util.test.junit.AutoTests" name="[145] /home/travis/build/icyphy/ptII/ptolemy/domains/continuous/test/auto/V2V.xml (RunModel)" time="0.88" />
  <testcase classname="ptolemy.util.test.junit.AutoTests" name="[146] /home/travis/build/icyphy/ptII/ptolemy/domains/continuous/test/auto/hierarchicalModalModel.xml (RunModel)" time="0.034" />
  <testcase classname="ptolemy.util.test.junit.AutoTests" name="[147] /home/travis/build/icyphy/ptII/ptolemy/domains/continuous/test/auto/hierarchicalModalModel1.xml (RunModel)" time="0.032" />
  <testcase classname="ptolemy.util.test.junit.AutoTests" name="[148] /home/travis/build/icyphy/ptII/ptolemy/domains/continuous/test/auto/hierarchicalModalModel2.xml (RunModel)" time="0.032" />
  <testcase classname="ptolemy.util.test.junit.AutoTests" name="[149] /home/travis/build/icyphy/ptII/ptolemy/domains/continuous/test/auto/hierarchicalModalModel3.xml (RunModel)" time="0.025" />
  <testcase classname="ptolemy.util.test.junit.AutoTests" name="[150] /home/travis/build/icyphy/ptII/ptolemy/domains/continuous/test/auto/hierarchicalModalModel4.xml (RunModel)" time="0.028" />
  <testcase classname="ptolemy.util.test.junit.AutoTests" name="[151] /home/travis/build/icyphy/ptII/ptolemy/domains/continuous/test/auto/junk.xml (RunModel)" time="0.151" />
  <system-out><![CDATA[No tcl tests in /home/travis/build/icyphy/ptII/ptolemy/domains/continuous/test
No auto/knownFailedTests/*.xml tests in /home/travis/build/icyphy/ptII/ptolemy/domains/continuous/test
No auto/linux-amd64/*.xml tests in /home/travis/build/icyphy/ptII/ptolemy/domains/continuous/test
AutoTests.java: About to close Vertx.
AutoTests.java: Vertx closed.

===========================================================================================
----------------- testing Thu Sep 06 02:05:55 UTC 2018 /home/travis/build/icyphy/ptII/ptolemy/domains/continuous/test/auto/BouncingBall.xml
----------------- Instantiating /home/travis/build/icyphy/ptII/ptolemy/domains/continuous/test/auto/BouncingBall.xml
2404 ms. Memory: 331776K Free: 259499K (78%)
----------------- Invoking toplevel() on ptolemy.moml.MoMLSimpleApplication@61890025
----------------- Done invoking toplevel() on ptolemy.moml.MoMLSimpleApplication@61890025
reloadAllAccessors: .BouncingBall

===========================================================================================
----------------- testing Thu Sep 06 02:05:58 UTC 2018 /home/travis/build/icyphy/ptII/ptolemy/domains/continuous/test/auto/BouncingBallWithoutGR.xml
----------------- Instantiating /home/travis/build/icyphy/ptII/ptolemy/domains/continuous/test/auto/BouncingBallWithoutGR.xml
683 ms. Memory: 331776K Free: 315410K (95%)
----------------- Invoking toplevel() on ptolemy.moml.MoMLSimpleApplication@479078c5
----------------- Done invoking toplevel() on ptolemy.moml.MoMLSimpleApplication@479078c5
reloadAllAccessors: .BouncingBallWithoutGR

===========================================================================================
----------------- testing Thu Sep 06 02:05:59 UTC 2018 /home/travis/build/icyphy/ptII/ptolemy/domains/continuous/test/auto/Brownian.xml
----------------- Instantiating /home/travis/build/icyphy/ptII/ptolemy/domains/continuous/test/auto/Brownian.xml
36 ms. Memory: 331776K Free: 301496K (91%)
----------------- Invoking toplevel() on ptolemy.moml.MoMLSimpleApplication@4025e4a0
----------------- Done invoking toplevel() on ptolemy.moml.MoMLSimpleApplication@4025e4a0
reloadAllAccessors: .Brownian

===========================================================================================
----------------- testing Thu Sep 06 02:05:59 UTC 2018 /home/travis/build/icyphy/ptII/ptolemy/domains/continuous/test/auto/CarTracking.xml
----------------- Instantiating /home/travis/build/icyphy/ptII/ptolemy/domains/continuous/test/auto/CarTracking.xml
3300 ms. Memory: 578048K Free: 453938K (79%)
----------------- Invoking toplevel() on ptolemy.moml.MoMLSimpleApplication@45cf792d
----------------- Done invoking toplevel() on ptolemy.moml.MoMLSimpleApplication@45cf792d
reloadAllAccessors: .CarTracking

===========================================================================================
----------------- testing Thu Sep 06 02:06:03 UTC 2018 /home/travis/build/icyphy/ptII/ptolemy/domains/continuous/test/auto/CartPendulum.xml
----------------- Instantiating /home/travis/build/icyphy/ptII/ptolemy/domains/continuous/test/auto/CartPendulum.xml
403 ms. Memory: 578048K Free: 346014K (60%)
----------------- Invoking toplevel() on ptolemy.moml.MoMLSimpleApplication@475a3d18
----------------- Done invoking toplevel() on ptolemy.moml.MoMLSimpleApplication@475a3d18
reloadAllAccessors: .CartPendulum

===========================================================================================
----------------- testing Thu Sep 06 02:06:03 UTC 2018 /home/travis/build/icyphy/ptII/ptolemy/domains/continuous/test/auto/CausalityInterface10.xml
----------------- Instantiating /home/travis/build/icyphy/ptII/ptolemy/domains/continuous/test/auto/CausalityInterface10.xml
6 ms. Memory: 578048K Free: 332890K (58%)
----------------- Invoking toplevel() on ptolemy.moml.MoMLSimpleApplication@24e7976a
----------------- Done invoking toplevel() on ptolemy.moml.MoMLSimpleApplication@24e7976a
reloadAllAccessors: .CausalityInterface10

===========================================================================================
----------------- testing Thu Sep 06 02:06:03 UTC 2018 /home/travis/build/icyphy/ptII/ptolemy/domains/continuous/test/auto/CausalityInterface11.xml
----------------- Instantiating /home/travis/build/icyphy/ptII/ptolemy/domains/continuous/test/auto/CausalityInterface11.xml
3 ms. Memory: 578048K Free: 323052K (56%)
----------------- Invoking toplevel() on ptolemy.moml.MoMLSimpleApplication@166854d7
----------------- Done invoking toplevel() on ptolemy.moml.MoMLSimpleApplication@166854d7
reloadAllAccessors: .CausalityInterface11

===========================================================================================
----------------- testing Thu Sep 06 02:06:03 UTC 2018 /home/travis/build/icyphy/ptII/ptolemy/domains/continuous/test/auto/CausalityInterface12.xml
----------------- Instantiating /home/travis/build/icyphy/ptII/ptolemy/domains/continuous/test/auto/CausalityInterface12.xml
7 ms. Memory: 578048K Free: 313205K (54%)
----------------- Invoking toplevel() on ptolemy.moml.MoMLSimpleApplication@47b0a563
----------------- Done invoking toplevel() on ptolemy.moml.MoMLSimpleApplication@47b0a563
reloadAllAccessors: .CausalityInterface12

===========================================================================================
----------------- testing Thu Sep 06 02:06:03 UTC 2018 /home/travis/build/icyphy/ptII/ptolemy/domains/continuous/test/auto/CausalityInterface13.xml
----------------- Instantiating /home/travis/build/icyphy/ptII/ptolemy/domains/continuous/test/auto/CausalityInterface13.xml
12 ms. Memory: 578048K Free: 300195K (52%)
----------------- Invoking toplevel() on ptolemy.moml.MoMLSimpleApplication@6664cd51
----------------- Done invoking toplevel() on ptolemy.moml.MoMLSimpleApplication@6664cd51
reloadAllAccessors: .CausalityInterface13

===========================================================================================
----------------- testing Thu Sep 06 02:06:03 UTC 2018 /home/travis/build/icyphy/ptII/ptolemy/domains/continuous/test/auto/CausalityInterface14.xml
----------------- Instantiating /home/travis/build/icyphy/ptII/ptolemy/domains/continuous/test/auto/CausalityInterface14.xml
3 ms. Memory: 578048K Free: 290348K (50%)
----------------- Invoking toplevel() on ptolemy.moml.MoMLSimpleApplication@6adf54d3
----------------- Done invoking toplevel() on ptolemy.moml.MoMLSimpleApplication@6adf54d3
reloadAllAccessors: .CausalityInterface14

===========================================================================================
----------------- testing Thu Sep 06 02:06:03 UTC 2018 /home/travis/build/icyphy/ptII/ptolemy/domains/continuous/test/auto/CausalityInterface4.xml
----------------- Instantiating /home/travis/build/icyphy/ptII/ptolemy/domains/continuous/test/auto/CausalityInterface4.xml
7 ms. Memory: 578048K Free: 280517K (49%)
----------------- Invoking toplevel() on ptolemy.moml.MoMLSimpleApplication@26f2243
----------------- Done invoking toplevel() on ptolemy.moml.MoMLSimpleApplication@26f2243
reloadAllAccessors: .CausalityInterface4

===========================================================================================
----------------- testing Thu Sep 06 02:06:03 UTC 2018 /home/travis/build/icyphy/ptII/ptolemy/domains/continuous/test/auto/CausalityInterface5.xml
----------------- Instantiating /home/travis/build/icyphy/ptII/ptolemy/domains/continuous/test/auto/CausalityInterface5.xml
4 ms. Memory: 578048K Free: 267394K (46%)
----------------- Invoking toplevel() on ptolemy.moml.MoMLSimpleApplication@5ac42b5f
----------------- Done invoking toplevel() on ptolemy.moml.MoMLSimpleApplication@5ac42b5f
reloadAllAccessors: .CausalityInterface5

===========================================================================================
----------------- testing Thu Sep 06 02:06:03 UTC 2018 /home/travis/build/icyphy/ptII/ptolemy/domains/continuous/test/auto/CausalityInterface6.xml
----------------- Instantiating /home/travis/build/icyphy/ptII/ptolemy/domains/continuous/test/auto/CausalityInterface6.xml
6 ms. Memory: 578048K Free: 254398K (44%)
----------------- Invoking toplevel() on ptolemy.moml.MoMLSimpleApplication@66478ebe
----------------- Done invoking toplevel() on ptolemy.moml.MoMLSimpleApplication@66478ebe
reloadAllAccessors: .CausalityInterface6

===========================================================================================
----------------- testing Thu Sep 06 02:06:03 UTC 2018 /home/travis/build/icyphy/ptII/ptolemy/domains/continuous/test/auto/CausalityInterface7.xml
----------------- Instantiating /home/travis/build/icyphy/ptII/ptolemy/domains/continuous/test/auto/CausalityInterface7.xml
10 ms. Memory: 578048K Free: 241275K (42%)
----------------- Invoking toplevel() on ptolemy.moml.MoMLSimpleApplication@153decb3
----------------- Done invoking toplevel() on ptolemy.moml.MoMLSimpleApplication@153decb3
reloadAllAccessors: .CausalityInterface7

===========================================================================================
----------------- testing Thu Sep 06 02:06:04 UTC 2018 /home/travis/build/icyphy/ptII/ptolemy/domains/continuous/test/auto/CausalityInterface8.xml
----------------- Instantiating /home/travis/build/icyphy/ptII/ptolemy/domains/continuous/test/auto/CausalityInterface8.xml
11 ms. Memory: 578048K Free: 228152K (39%)
----------------- Invoking toplevel() on ptolemy.moml.MoMLSimpleApplication@6228d2e0
----------------- Done invoking toplevel() on ptolemy.moml.MoMLSimpleApplication@6228d2e0
reloadAllAccessors: .CausalityInterface8

===========================================================================================
----------------- testing Thu Sep 06 02:06:04 UTC 2018 /home/travis/build/icyphy/ptII/ptolemy/domains/continuous/test/auto/CausalityInterface9.xml
----------------- Instantiating /home/travis/build/icyphy/ptII/ptolemy/domains/continuous/test/auto/CausalityInterface9.xml
18 ms. Memory: 578048K Free: 211751K (37%)
----------------- Invoking toplevel() on ptolemy.moml.MoMLSimpleApplication@3bab9fee
----------------- Done invoking toplevel() on ptolemy.moml.MoMLSimpleApplication@3bab9fee
reloadAllAccessors: .CausalityInterface9

===========================================================================================
----------------- testing Thu Sep 06 02:06:04 UTC 2018 /home/travis/build/icyphy/ptII/ptolemy/domains/continuous/test/auto/CausalityInterfaceFeedback1.xml
----------------- Instantiating /home/travis/build/icyphy/ptII/ptolemy/domains/continuous/test/auto/CausalityInterfaceFeedback1.xml
7 ms. Memory: 578048K Free: 198741K (34%)
----------------- Invoking toplevel() on ptolemy.moml.MoMLSimpleApplication@22e7c7a0
----------------- Done invoking toplevel() on ptolemy.moml.MoMLSimpleApplication@22e7c7a0
reloadAllAccessors: .CausalityInterfaceFeedback1

===========================================================================================
----------------- testing Thu Sep 06 02:06:04 UTC 2018 /home/travis/build/icyphy/ptII/ptolemy/domains/continuous/test/auto/CausalityInterfaceFeedback2.xml
----------------- Instantiating /home/travis/build/icyphy/ptII/ptolemy/domains/continuous/test/auto/CausalityInterfaceFeedback2.xml
6 ms. Memory: 578048K Free: 188894K (33%)
----------------- Invoking toplevel() on ptolemy.moml.MoMLSimpleApplication@4b7fdf78
----------------- Done invoking toplevel() on ptolemy.moml.MoMLSimpleApplication@4b7fdf78
reloadAllAccessors: .CausalityInterfaceFeedback2

===========================================================================================
----------------- testing Thu Sep 06 02:06:04 UTC 2018 /home/travis/build/icyphy/ptII/ptolemy/domains/continuous/test/auto/CompareWithCurrentTime.xml
----------------- Instantiating /home/travis/build/icyphy/ptII/ptolemy/domains/continuous/test/auto/CompareWithCurrentTime.xml
7 ms. Memory: 578048K Free: 182341K (32%)
----------------- Invoking toplevel() on ptolemy.moml.MoMLSimpleApplication@2b41cff2
----------------- Done invoking toplevel() on ptolemy.moml.MoMLSimpleApplication@2b41cff2
reloadAllAccessors: .CompareWithCurrentTime

===========================================================================================
----------------- testing Thu Sep 06 02:06:04 UTC 2018 /home/travis/build/icyphy/ptII/ptolemy/domains/continuous/test/auto/ComparedClocks.xml
----------------- Instantiating /home/travis/build/icyphy/ptII/ptolemy/domains/continuous/test/auto/ComparedClocks.xml
9 ms. Memory: 578048K Free: 162648K (28%)
----------------- Invoking toplevel() on ptolemy.moml.MoMLSimpleApplication@3e260bf1
----------------- Done invoking toplevel() on ptolemy.moml.MoMLSimpleApplication@3e260bf1
reloadAllAccessors: .ComparedClocks

===========================================================================================
----------------- testing Thu Sep 06 02:06:04 UTC 2018 /home/travis/build/icyphy/ptII/ptolemy/domains/continuous/test/auto/ContinuousAOCClone.xml
----------------- Instantiating /home/travis/build/icyphy/ptII/ptolemy/domains/continuous/test/auto/ContinuousAOCClone.xml
2621 ms. Memory: 872448K Free: 405243K (46%)
----------------- Invoking toplevel() on ptolemy.moml.MoMLSimpleApplication@5920727e
----------------- Done invoking toplevel() on ptolemy.moml.MoMLSimpleApplication@5920727e
reloadAllAccessors: .ContinuousAOCClone

===========================================================================================
----------------- testing Thu Sep 06 02:06:07 UTC 2018 /home/travis/build/icyphy/ptII/ptolemy/domains/continuous/test/auto/ContinuousClock.xml
----------------- Instantiating /home/travis/build/icyphy/ptII/ptolemy/domains/continuous/test/auto/ContinuousClock.xml
29 ms. Memory: 872448K Free: 372035K (43%)
----------------- Invoking toplevel() on ptolemy.moml.MoMLSimpleApplication@4d5633f9
----------------- Done invoking toplevel() on ptolemy.moml.MoMLSimpleApplication@4d5633f9
reloadAllAccessors: .ContinuousClock

===========================================================================================
----------------- testing Thu Sep 06 02:06:07 UTC 2018 /home/travis/build/icyphy/ptII/ptolemy/domains/continuous/test/auto/ContinuousInContinuous.xml
----------------- Instantiating /home/travis/build/icyphy/ptII/ptolemy/domains/continuous/test/auto/ContinuousInContinuous.xml
41 ms. Memory: 872448K Free: 340573K (39%)
----------------- Invoking toplevel() on ptolemy.moml.MoMLSimpleApplication@40c58627
----------------- Done invoking toplevel() on ptolemy.moml.MoMLSimpleApplication@40c58627
reloadAllAccessors: .ContinuousInContinuous

===========================================================================================
----------------- testing Thu Sep 06 02:06:07 UTC 2018 /home/travis/build/icyphy/ptII/ptolemy/domains/continuous/test/auto/ContinuousInContinuousInContinuous.xml
----------------- Instantiating /home/travis/build/icyphy/ptII/ptolemy/domains/continuous/test/auto/ContinuousInContinuousInContinuous.xml
11 ms. Memory: 872448K Free: 324839K (37%)
----------------- Invoking toplevel() on ptolemy.moml.MoMLSimpleApplication@7d4b42fb
----------------- Done invoking toplevel() on ptolemy.moml.MoMLSimpleApplication@7d4b42fb
reloadAllAccessors: .ContinuousInContinuousInContinuous

===========================================================================================
----------------- testing Thu Sep 06 02:06:07 UTC 2018 /home/travis/build/icyphy/ptII/ptolemy/domains/continuous/test/auto/ContinuousInDE.xml
----------------- Instantiating /home/travis/build/icyphy/ptII/ptolemy/domains/continuous/test/auto/ContinuousInDE.xml
115 ms. Memory: 872448K Free: 309120K (35%)
----------------- Invoking toplevel() on ptolemy.moml.MoMLSimpleApplication@2bac504e
----------------- Done invoking toplevel() on ptolemy.moml.MoMLSimpleApplication@2bac504e
reloadAllAccessors: .ContinuousInDE

===========================================================================================
----------------- testing Thu Sep 06 02:06:07 UTC 2018 /home/travis/build/icyphy/ptII/ptolemy/domains/continuous/test/auto/ContinuousInDE2.xml
----------------- Instantiating /home/travis/build/icyphy/ptII/ptolemy/domains/continuous/test/auto/ContinuousInDE2.xml
42 ms. Memory: 872448K Free: 289972K (33%)
----------------- Invoking toplevel() on ptolemy.moml.MoMLSimpleApplication@50602874
----------------- Done invoking toplevel() on ptolemy.moml.MoMLSimpleApplication@50602874
reloadAllAccessors: .ContinuousInDE2

===========================================================================================
----------------- testing Thu Sep 06 02:06:07 UTC 2018 /home/travis/build/icyphy/ptII/ptolemy/domains/continuous/test/auto/ContinuousInDE3.xml
----------------- Instantiating /home/travis/build/icyphy/ptII/ptolemy/domains/continuous/test/auto/ContinuousInDE3.xml
46 ms. Memory: 872448K Free: 274253K (31%)
----------------- Invoking toplevel() on ptolemy.moml.MoMLSimpleApplication@79a7adfe
----------------- Done invoking toplevel() on ptolemy.moml.MoMLSimpleApplication@79a7adfe
reloadAllAccessors: .ContinuousInDE3

===========================================================================================
----------------- testing Thu Sep 06 02:06:07 UTC 2018 /home/travis/build/icyphy/ptII/ptolemy/domains/continuous/test/auto/ContinuousInDE4.xml
----------------- Instantiating /home/travis/build/icyphy/ptII/ptolemy/domains/continuous/test/auto/ContinuousInDE4.xml
15 ms. Memory: 872448K Free: 263774K (30%)
----------------- Invoking toplevel() on ptolemy.moml.MoMLSimpleApplication@115f1906
----------------- Done invoking toplevel() on ptolemy.moml.MoMLSimpleApplication@115f1906
reloadAllAccessors: .ContinuousInDE4

===========================================================================================
----------------- testing Thu Sep 06 02:06:07 UTC 2018 /home/travis/build/icyphy/ptII/ptolemy/domains/continuous/test/auto/ContinuousInDEDifferentRefinements.xml
----------------- Instantiating /home/travis/build/icyphy/ptII/ptolemy/domains/continuous/test/auto/ContinuousInDEDifferentRefinements.xml
63 ms. Memory: 872448K Free: 227050K (26%)
----------------- Invoking toplevel() on ptolemy.moml.MoMLSimpleApplication@747737b3
----------------- Done invoking toplevel() on ptolemy.moml.MoMLSimpleApplication@747737b3
reloadAllAccessors: .ContinuousInDEDifferentRefinements

===========================================================================================
----------------- testing Thu Sep 06 02:06:07 UTC 2018 /home/travis/build/icyphy/ptII/ptolemy/domains/continuous/test/auto/ContinuousInDEDifferentRefinementsPreemptive.xml
----------------- Instantiating /home/travis/build/icyphy/ptII/ptolemy/domains/continuous/test/auto/ContinuousInDEDifferentRefinementsPreemptive.xml
53 ms. Memory: 872448K Free: 186879K (21%)
----------------- Invoking toplevel() on ptolemy.moml.MoMLSimpleApplication@73a57e91
----------------- Done invoking toplevel() on ptolemy.moml.MoMLSimpleApplication@73a57e91
reloadAllAccessors: .ContinuousInDEDifferentRefinementsPreemptive

===========================================================================================
----------------- testing Thu Sep 06 02:06:08 UTC 2018 /home/travis/build/icyphy/ptII/ptolemy/domains/continuous/test/auto/ContinuousInDEInContinuous2.xml
----------------- Instantiating /home/travis/build/icyphy/ptII/ptolemy/domains/continuous/test/auto/ContinuousInDEInContinuous2.xml
39 ms. Memory: 872448K Free: 171153K (20%)
----------------- Invoking toplevel() on ptolemy.moml.MoMLSimpleApplication@3a1d2560
----------------- Done invoking toplevel() on ptolemy.moml.MoMLSimpleApplication@3a1d2560
reloadAllAccessors: .ContinuousInDEInContinuous2

===========================================================================================
----------------- testing Thu Sep 06 02:06:08 UTC 2018 /home/travis/build/icyphy/ptII/ptolemy/domains/continuous/test/auto/ContinuousInDEInContinuous3.xml
----------------- Instantiating /home/travis/build/icyphy/ptII/ptolemy/domains/continuous/test/auto/ContinuousInDEInContinuous3.xml
76 ms. Memory: 872448K Free: 150195K (17%)
----------------- Invoking toplevel() on ptolemy.moml.MoMLSimpleApplication@4561d247
----------------- Done invoking toplevel() on ptolemy.moml.MoMLSimpleApplication@4561d247
reloadAllAccessors: .ContinuousInDEInContinuous3

===========================================================================================
----------------- testing Thu Sep 06 02:06:08 UTC 2018 /home/travis/build/icyphy/ptII/ptolemy/domains/continuous/test/auto/ContinuousInDEInput.xml
----------------- Instantiating /home/travis/build/icyphy/ptII/ptolemy/domains/continuous/test/auto/ContinuousInDEInput.xml
27 ms. Memory: 872448K Free: 139716K (16%)
----------------- Invoking toplevel() on ptolemy.moml.MoMLSimpleApplication@43cfe201
----------------- Done invoking toplevel() on ptolemy.moml.MoMLSimpleApplication@43cfe201
reloadAllAccessors: .ContinuousInDEInput

===========================================================================================
----------------- testing Thu Sep 06 02:06:08 UTC 2018 /home/travis/build/icyphy/ptII/ptolemy/domains/continuous/test/auto/ContinuousInDEInput2.xml
----------------- Instantiating /home/travis/build/icyphy/ptII/ptolemy/domains/continuous/test/auto/ContinuousInDEInput2.xml
19 ms. Memory: 872448K Free: 125799K (14%)
----------------- Invoking toplevel() on ptolemy.moml.MoMLSimpleApplication@53ea8c14
----------------- Done invoking toplevel() on ptolemy.moml.MoMLSimpleApplication@53ea8c14
reloadAllAccessors: .ContinuousInDEInput2

===========================================================================================
----------------- testing Thu Sep 06 02:06:08 UTC 2018 /home/travis/build/icyphy/ptII/ptolemy/domains/continuous/test/auto/ContinuousInDEInput3.xml
----------------- Instantiating /home/travis/build/icyphy/ptII/ptolemy/domains/continuous/test/auto/ContinuousInDEInput3.xml
17 ms. Memory: 872448K Free: 115320K (13%)
----------------- Invoking toplevel() on ptolemy.moml.MoMLSimpleApplication@77592d60
----------------- Done invoking toplevel() on ptolemy.moml.MoMLSimpleApplication@77592d60
reloadAllAccessors: .ContinuousInDEInput3

===========================================================================================
----------------- testing Thu Sep 06 02:06:08 UTC 2018 /home/travis/build/icyphy/ptII/ptolemy/domains/continuous/test/auto/ContinuousInDESharingRefinement.xml
----------------- Instantiating /home/travis/build/icyphy/ptII/ptolemy/domains/continuous/test/auto/ContinuousInDESharingRefinement.xml
156 ms. Memory: 872960K Free: 803527K (92%)
----------------- Invoking toplevel() on ptolemy.moml.MoMLSimpleApplication@347bd6a7
----------------- Done invoking toplevel() on ptolemy.moml.MoMLSimpleApplication@347bd6a7
reloadAllAccessors: .ContinuousInDESharingRefinement

===========================================================================================
----------------- testing Thu Sep 06 02:06:08 UTC 2018 /home/travis/build/icyphy/ptII/ptolemy/domains/continuous/test/auto/ContinuousInDEwithNoPorts.xml
----------------- Instantiating /home/travis/build/icyphy/ptII/ptolemy/domains/continuous/test/auto/ContinuousInDEwithNoPorts.xml
5 ms. Memory: 872960K Free: 790691K (91%)
----------------- Invoking toplevel() on ptolemy.moml.MoMLSimpleApplication@59bc8eeb
----------------- Done invoking toplevel() on ptolemy.moml.MoMLSimpleApplication@59bc8eeb
reloadAllAccessors: .ContinuousInDEwithNoPorts

===========================================================================================
----------------- testing Thu Sep 06 02:06:08 UTC 2018 /home/travis/build/icyphy/ptII/ptolemy/domains/continuous/test/auto/ContinuousInsideDE.xml
----------------- Instantiating /home/travis/build/icyphy/ptII/ptolemy/domains/continuous/test/auto/ContinuousInsideDE.xml
43 ms. Memory: 872960K Free: 771026K (88%)
----------------- Invoking toplevel() on ptolemy.moml.MoMLSimpleApplication@1e29a481
----------------- Done invoking toplevel() on ptolemy.moml.MoMLSimpleApplication@1e29a481
reloadAllAccessors: .ContinuousInsideDE

===========================================================================================
----------------- testing Thu Sep 06 02:06:08 UTC 2018 /home/travis/build/icyphy/ptII/ptolemy/domains/continuous/test/auto/ContinuousMerge1.xml
----------------- Instantiating /home/travis/build/icyphy/ptII/ptolemy/domains/continuous/test/auto/ContinuousMerge1.xml
3 ms. Memory: 872960K Free: 760862K (87%)
----------------- Invoking toplevel() on ptolemy.moml.MoMLSimpleApplication@2416b7d4
----------------- Done invoking toplevel() on ptolemy.moml.MoMLSimpleApplication@2416b7d4
reloadAllAccessors: .ContinuousMerge1

===========================================================================================
----------------- testing Thu Sep 06 02:06:08 UTC 2018 /home/travis/build/icyphy/ptII/ptolemy/domains/continuous/test/auto/ContinuousMerge2.xml
----------------- Instantiating /home/travis/build/icyphy/ptII/ptolemy/domains/continuous/test/auto/ContinuousMerge2.xml
12 ms. Memory: 872960K Free: 744949K (85%)
----------------- Invoking toplevel() on ptolemy.moml.MoMLSimpleApplication@2f9aaf22
----------------- Done invoking toplevel() on ptolemy.moml.MoMLSimpleApplication@2f9aaf22
reloadAllAccessors: .ContinuousMerge2

===========================================================================================
----------------- testing Thu Sep 06 02:06:08 UTC 2018 /home/travis/build/icyphy/ptII/ptolemy/domains/continuous/test/auto/ContinuousMerge3.xml
----------------- Instantiating /home/travis/build/icyphy/ptII/ptolemy/domains/continuous/test/auto/ContinuousMerge3.xml
47 ms. Memory: 872960K Free: 729214K (84%)
----------------- Invoking toplevel() on ptolemy.moml.MoMLSimpleApplication@3509a435
----------------- Done invoking toplevel() on ptolemy.moml.MoMLSimpleApplication@3509a435
reloadAllAccessors: .ContinuousMerge3

===========================================================================================
----------------- testing Thu Sep 06 02:06:08 UTC 2018 /home/travis/build/icyphy/ptII/ptolemy/domains/continuous/test/auto/ContinuousWithinContinuous.xml
----------------- Instantiating /home/travis/build/icyphy/ptII/ptolemy/domains/continuous/test/auto/ContinuousWithinContinuous.xml
48 ms. Memory: 872960K Free: 711175K (81%)
----------------- Invoking toplevel() on ptolemy.moml.MoMLSimpleApplication@61674e53
----------------- Done invoking toplevel() on ptolemy.moml.MoMLSimpleApplication@61674e53
reloadAllAccessors: .ContinuousWithinContinuous

===========================================================================================
----------------- testing Thu Sep 06 02:06:08 UTC 2018 /home/travis/build/icyphy/ptII/ptolemy/domains/continuous/test/auto/ContinuousWithinContinuous2.xml
----------------- Instantiating /home/travis/build/icyphy/ptII/ptolemy/domains/continuous/test/auto/ContinuousWithinContinuous2.xml
77 ms. Memory: 872960K Free: 699386K (80%)
----------------- Invoking toplevel() on ptolemy.moml.MoMLSimpleApplication@1c46e241
----------------- Done invoking toplevel() on ptolemy.moml.MoMLSimpleApplication@1c46e241
reloadAllAccessors: .ContinuousWithinContinuous2

===========================================================================================
----------------- testing Thu Sep 06 02:06:08 UTC 2018 /home/travis/build/icyphy/ptII/ptolemy/domains/continuous/test/auto/ContinuousWithinContinuous3.xml
----------------- Instantiating /home/travis/build/icyphy/ptII/ptolemy/domains/continuous/test/auto/ContinuousWithinContinuous3.xml
17 ms. Memory: 872960K Free: 687589K (79%)
----------------- Invoking toplevel() on ptolemy.moml.MoMLSimpleApplication@5cae3b
----------------- Done invoking toplevel() on ptolemy.moml.MoMLSimpleApplication@5cae3b
reloadAllAccessors: .ContinuousWithinContinuous3

===========================================================================================
----------------- testing Thu Sep 06 02:06:08 UTC 2018 /home/travis/build/icyphy/ptII/ptolemy/domains/continuous/test/auto/ContinuousWithinContinuous4.xml
----------------- Instantiating /home/travis/build/icyphy/ptII/ptolemy/domains/continuous/test/auto/ContinuousWithinContinuous4.xml
74 ms. Memory: 872960K Free: 665628K (76%)
----------------- Invoking toplevel() on ptolemy.moml.MoMLSimpleApplication@78042cd2
----------------- Done invoking toplevel() on ptolemy.moml.MoMLSimpleApplication@78042cd2
reloadAllAccessors: .ContinuousWithinContinuous4

===========================================================================================
----------------- testing Thu Sep 06 02:06:09 UTC 2018 /home/travis/build/icyphy/ptII/ptolemy/domains/continuous/test/auto/ContinuousWithinContinuous5.xml
----------------- Instantiating /home/travis/build/icyphy/ptII/ptolemy/domains/continuous/test/auto/ContinuousWithinContinuous5.xml
13 ms. Memory: 872960K Free: 653823K (75%)
----------------- Invoking toplevel() on ptolemy.moml.MoMLSimpleApplication@2b5ee887
----------------- Done invoking toplevel() on ptolemy.moml.MoMLSimpleApplication@2b5ee887
reloadAllAccessors: .ContinuousWithinContinuous5

===========================================================================================
----------------- testing Thu Sep 06 02:06:09 UTC 2018 /home/travis/build/icyphy/ptII/ptolemy/domains/continuous/test/auto/ContinuousWithinContinuous6.xml
----------------- Instantiating /home/travis/build/icyphy/ptII/ptolemy/domains/continuous/test/auto/ContinuousWithinContinuous6.xml
12 ms. Memory: 872960K Free: 642019K (74%)
----------------- Invoking toplevel() on ptolemy.moml.MoMLSimpleApplication@3c555120
----------------- Done invoking toplevel() on ptolemy.moml.MoMLSimpleApplication@3c555120
reloadAllAccessors: .ContinuousWithinContinuous6

===========================================================================================
----------------- testing Thu Sep 06 02:06:09 UTC 2018 /home/travis/build/icyphy/ptII/ptolemy/domains/continuous/test/auto/ContinuousWithinContinuous7.xml
----------------- Instantiating /home/travis/build/icyphy/ptII/ptolemy/domains/continuous/test/auto/ContinuousWithinContinuous7.xml
61 ms. Memory: 872960K Free: 627925K (72%)
----------------- Invoking toplevel() on ptolemy.moml.MoMLSimpleApplication@303dc02a
----------------- Done invoking toplevel() on ptolemy.moml.MoMLSimpleApplication@303dc02a
reloadAllAccessors: .ContinuousWithinContinuous7

===========================================================================================
----------------- testing Thu Sep 06 02:06:09 UTC 2018 /home/travis/build/icyphy/ptII/ptolemy/domains/continuous/test/auto/DCMotor.xml
----------------- Instantiating /home/travis/build/icyphy/ptII/ptolemy/domains/continuous/test/auto/DCMotor.xml
15119 ms. Memory: 697344K Free: 617196K (89%)
----------------- Invoking toplevel() on ptolemy.moml.MoMLSimpleApplication@5f753920
----------------- Done invoking toplevel() on ptolemy.moml.MoMLSimpleApplication@5f753920
reloadAllAccessors: .DCMotor

===========================================================================================
----------------- testing Thu Sep 06 02:06:24 UTC 2018 /home/travis/build/icyphy/ptII/ptolemy/domains/continuous/test/auto/DEInContinuous.xml
----------------- Instantiating /home/travis/build/icyphy/ptII/ptolemy/domains/continuous/test/auto/DEInContinuous.xml
13 ms. Memory: 697344K Free: 601858K (86%)
----------------- Invoking toplevel() on ptolemy.moml.MoMLSimpleApplication@18bc60ea
----------------- Done invoking toplevel() on ptolemy.moml.MoMLSimpleApplication@18bc60ea
reloadAllAccessors: .DEInContinuous

===========================================================================================
----------------- testing Thu Sep 06 02:06:24 UTC 2018 /home/travis/build/icyphy/ptII/ptolemy/domains/continuous/test/auto/DEinContinuous2.xml
----------------- Instantiating /home/travis/build/icyphy/ptII/ptolemy/domains/continuous/test/auto/DEinContinuous2.xml
10 ms. Memory: 697344K Free: 582130K (83%)
----------------- Invoking toplevel() on ptolemy.moml.MoMLSimpleApplication@76f79ff2
----------------- Done invoking toplevel() on ptolemy.moml.MoMLSimpleApplication@76f79ff2
reloadAllAccessors: .DEinContinuous2

===========================================================================================
----------------- testing Thu Sep 06 02:06:24 UTC 2018 /home/travis/build/icyphy/ptII/ptolemy/domains/continuous/test/auto/Derivative.xml
----------------- Instantiating /home/travis/build/icyphy/ptII/ptolemy/domains/continuous/test/auto/Derivative.xml
154 ms. Memory: 697344K Free: 537694K (77%)
----------------- Invoking toplevel() on ptolemy.moml.MoMLSimpleApplication@16970a64
----------------- Done invoking toplevel() on ptolemy.moml.MoMLSimpleApplication@16970a64
reloadAllAccessors: .Derivative2

===========================================================================================
----------------- testing Thu Sep 06 02:06:24 UTC 2018 /home/travis/build/icyphy/ptII/ptolemy/domains/continuous/test/auto/Derivative1.xml
----------------- Instantiating /home/travis/build/icyphy/ptII/ptolemy/domains/continuous/test/auto/Derivative1.xml
18 ms. Memory: 697344K Free: 519200K (74%)
----------------- Invoking toplevel() on ptolemy.moml.MoMLSimpleApplication@371d1ca0
----------------- Done invoking toplevel() on ptolemy.moml.MoMLSimpleApplication@371d1ca0
reloadAllAccessors: .Derivative1

===========================================================================================
----------------- testing Thu Sep 06 02:06:24 UTC 2018 /home/travis/build/icyphy/ptII/ptolemy/domains/continuous/test/auto/DiscreteClock.xml
----------------- Instantiating /home/travis/build/icyphy/ptII/ptolemy/domains/continuous/test/auto/DiscreteClock.xml
5 ms. Memory: 697344K Free: 505648K (73%)
----------------- Invoking toplevel() on ptolemy.moml.MoMLSimpleApplication@1b9fc95d
----------------- Done invoking toplevel() on ptolemy.moml.MoMLSimpleApplication@1b9fc95d
reloadAllAccessors: .DiscreteClock

===========================================================================================
----------------- testing Thu Sep 06 02:06:24 UTC 2018 /home/travis/build/icyphy/ptII/ptolemy/domains/continuous/test/auto/EfficiencyCurve.xml
----------------- Instantiating /home/travis/build/icyphy/ptII/ptolemy/domains/continuous/test/auto/EfficiencyCurve.xml
57 ms. Memory: 697344K Free: 492095K (71%)
----------------- Invoking toplevel() on ptolemy.moml.MoMLSimpleApplication@3c802cc2
----------------- Done invoking toplevel() on ptolemy.moml.MoMLSimpleApplication@3c802cc2
reloadAllAccessors: .EfficiencyCurve

===========================================================================================
----------------- testing Thu Sep 06 02:06:24 UTC 2018 /home/travis/build/icyphy/ptII/ptolemy/domains/continuous/test/auto/ExponentialResponse.xml
----------------- Instantiating /home/travis/build/icyphy/ptII/ptolemy/domains/continuous/test/auto/ExponentialResponse.xml
107 ms. Memory: 697344K Free: 467458K (67%)
----------------- Invoking toplevel() on ptolemy.moml.MoMLSimpleApplication@6108a461
----------------- Done invoking toplevel() on ptolemy.moml.MoMLSimpleApplication@6108a461
reloadAllAccessors: .ExponentialResponse

===========================================================================================
----------------- testing Thu Sep 06 02:06:25 UTC 2018 /home/travis/build/icyphy/ptII/ptolemy/domains/continuous/test/auto/ExponentialResponseRK45.xml
----------------- Instantiating /home/travis/build/icyphy/ptII/ptolemy/domains/continuous/test/auto/ExponentialResponseRK45.xml
26 ms. Memory: 697344K Free: 453906K (65%)
----------------- Invoking toplevel() on ptolemy.moml.MoMLSimpleApplication@484ed66f
----------------- Done invoking toplevel() on ptolemy.moml.MoMLSimpleApplication@484ed66f
reloadAllAccessors: .ExponentialResponseRK45

===========================================================================================
----------------- testing Thu Sep 06 02:06:25 UTC 2018 /home/travis/build/icyphy/ptII/ptolemy/domains/continuous/test/auto/Friction.xml
----------------- Instantiating /home/travis/build/icyphy/ptII/ptolemy/domains/continuous/test/auto/Friction.xml
1442 ms. Memory: 674816K Free: 585790K (87%)
----------------- Invoking toplevel() on ptolemy.moml.MoMLSimpleApplication@3cac4499
----------------- Done invoking toplevel() on ptolemy.moml.MoMLSimpleApplication@3cac4499
reloadAllAccessors: .Friction

===========================================================================================
----------------- testing Thu Sep 06 02:06:26 UTC 2018 /home/travis/build/icyphy/ptII/ptolemy/domains/continuous/test/auto/FurutaPendulum.xml
----------------- Instantiating /home/travis/build/icyphy/ptII/ptolemy/domains/continuous/test/auto/FurutaPendulum.xml
3739 ms. Memory: 643584K Free: 594932K (92%)
----------------- Invoking toplevel() on ptolemy.moml.MoMLSimpleApplication@19e69b13
----------------- Done invoking toplevel() on ptolemy.moml.MoMLSimpleApplication@19e69b13
reloadAllAccessors: .FurutaPendulum

===========================================================================================
----------------- testing Thu Sep 06 02:06:30 UTC 2018 /home/travis/build/icyphy/ptII/ptolemy/domains/continuous/test/auto/HierarchicalExecution.xml
----------------- Instantiating /home/travis/build/icyphy/ptII/ptolemy/domains/continuous/test/auto/HierarchicalExecution.xml
2040 ms. Memory: 643584K Free: 268903K (42%)
----------------- Invoking toplevel() on ptolemy.moml.MoMLSimpleApplication@6ae36dd2
----------------- Done invoking toplevel() on ptolemy.moml.MoMLSimpleApplication@6ae36dd2
reloadAllAccessors: .HierarchicalExecution

===========================================================================================
----------------- testing Thu Sep 06 02:06:32 UTC 2018 /home/travis/build/icyphy/ptII/ptolemy/domains/continuous/test/auto/HybridPlant.xml
----------------- Instantiating /home/travis/build/icyphy/ptII/ptolemy/domains/continuous/test/auto/HybridPlant.xml
528 ms. Memory: 614912K Free: 520962K (85%)
----------------- Invoking toplevel() on ptolemy.moml.MoMLSimpleApplication@44b3fd3
----------------- Done invoking toplevel() on ptolemy.moml.MoMLSimpleApplication@44b3fd3
reloadAllAccessors: .HybridPlant

===========================================================================================
----------------- testing Thu Sep 06 02:06:33 UTC 2018 /home/travis/build/icyphy/ptII/ptolemy/domains/continuous/test/auto/Hysteresis.xml
----------------- Instantiating /home/travis/build/icyphy/ptII/ptolemy/domains/continuous/test/auto/Hysteresis.xml
146 ms. Memory: 614912K Free: 454283K (74%)
----------------- Invoking toplevel() on ptolemy.moml.MoMLSimpleApplication@12111e62
----------------- Done invoking toplevel() on ptolemy.moml.MoMLSimpleApplication@12111e62
reloadAllAccessors: .Hysteresis

===========================================================================================
----------------- testing Thu Sep 06 02:06:33 UTC 2018 /home/travis/build/icyphy/ptII/ptolemy/domains/continuous/test/auto/HysteresisWithRandomDelay.xml
----------------- Instantiating /home/travis/build/icyphy/ptII/ptolemy/domains/continuous/test/auto/HysteresisWithRandomDelay.xml
166 ms. Memory: 614912K Free: 375831K (61%)
----------------- Invoking toplevel() on ptolemy.moml.MoMLSimpleApplication@12f4ff75
----------------- Done invoking toplevel() on ptolemy.moml.MoMLSimpleApplication@12f4ff75
reloadAllAccessors: .HysteresisWithRandomDelay

===========================================================================================
----------------- testing Thu Sep 06 02:06:33 UTC 2018 /home/travis/build/icyphy/ptII/ptolemy/domains/continuous/test/auto/HysteresisWithRandomLosses.xml
----------------- Instantiating /home/travis/build/icyphy/ptII/ptolemy/domains/continuous/test/auto/HysteresisWithRandomLosses.xml
2360 ms. Memory: 591872K Free: 110765K (19%)
----------------- Invoking toplevel() on ptolemy.moml.MoMLSimpleApplication@3a1a852a
----------------- Done invoking toplevel() on ptolemy.moml.MoMLSimpleApplication@3a1a852a
reloadAllAccessors: .HysteresisWithRandomLosses

===========================================================================================
----------------- testing Thu Sep 06 02:06:36 UTC 2018 /home/travis/build/icyphy/ptII/ptolemy/domains/continuous/test/auto/ImmediateTransitions.xml
----------------- Instantiating /home/travis/build/icyphy/ptII/ptolemy/domains/continuous/test/auto/ImmediateTransitions.xml
19 ms. Memory: 591872K Free: 95687K (16%)
----------------- Invoking toplevel() on ptolemy.moml.MoMLSimpleApplication@292ea98a
----------------- Done invoking toplevel() on ptolemy.moml.MoMLSimpleApplication@292ea98a
reloadAllAccessors: .ImmediateTransitions

===========================================================================================
----------------- testing Thu Sep 06 02:06:36 UTC 2018 /home/travis/build/icyphy/ptII/ptolemy/domains/continuous/test/auto/ImpulseFeedback.xml
----------------- Instantiating /home/travis/build/icyphy/ptII/ptolemy/domains/continuous/test/auto/ImpulseFeedback.xml
12 ms. Memory: 591872K Free: 87196K (15%)
----------------- Invoking toplevel() on ptolemy.moml.MoMLSimpleApplication@43f94388
----------------- Done invoking toplevel() on ptolemy.moml.MoMLSimpleApplication@43f94388
reloadAllAccessors: .ImpulseFeedback

===========================================================================================
----------------- testing Thu Sep 06 02:06:36 UTC 2018 /home/travis/build/icyphy/ptII/ptolemy/domains/continuous/test/auto/ImpulseFeedback2.xml
----------------- Instantiating /home/travis/build/icyphy/ptII/ptolemy/domains/continuous/test/auto/ImpulseFeedback2.xml
7 ms. Memory: 591872K Free: 78704K (13%)
----------------- Invoking toplevel() on ptolemy.moml.MoMLSimpleApplication@6de1d120
----------------- Done invoking toplevel() on ptolemy.moml.MoMLSimpleApplication@6de1d120
reloadAllAccessors: .ImpulseFeedback2

===========================================================================================
----------------- testing Thu Sep 06 02:06:36 UTC 2018 /home/travis/build/icyphy/ptII/ptolemy/domains/continuous/test/auto/IncreasingRatePoisson.xml
----------------- Instantiating /home/travis/build/icyphy/ptII/ptolemy/domains/continuous/test/auto/IncreasingRatePoisson.xml
791 ms. Memory: 565760K Free: 225209K (40%)
----------------- Invoking toplevel() on ptolemy.moml.MoMLSimpleApplication@297d1445
----------------- Done invoking toplevel() on ptolemy.moml.MoMLSimpleApplication@297d1445
reloadAllAccessors: .IncreasingRatePoisson

===========================================================================================
----------------- testing Thu Sep 06 02:06:37 UTC 2018 /home/travis/build/icyphy/ptII/ptolemy/domains/continuous/test/auto/InitialStateFeedback.xml
----------------- Instantiating /home/travis/build/icyphy/ptII/ptolemy/domains/continuous/test/auto/InitialStateFeedback.xml
3 ms. Memory: 565760K Free: 215693K (38%)
----------------- Invoking toplevel() on ptolemy.moml.MoMLSimpleApplication@5a532b41
----------------- Done invoking toplevel() on ptolemy.moml.MoMLSimpleApplication@5a532b41
reloadAllAccessors: .InitialStateFeedback

===========================================================================================
----------------- testing Thu Sep 06 02:06:37 UTC 2018 /home/travis/build/icyphy/ptII/ptolemy/domains/continuous/test/auto/Integration.xml
----------------- Instantiating /home/travis/build/icyphy/ptII/ptolemy/domains/continuous/test/auto/Integration.xml
2 ms. Memory: 565760K Free: 207618K (37%)
----------------- Invoking toplevel() on ptolemy.moml.MoMLSimpleApplication@53e8508b
----------------- Done invoking toplevel() on ptolemy.moml.MoMLSimpleApplication@53e8508b
reloadAllAccessors: .Integration

===========================================================================================
----------------- testing Thu Sep 06 02:06:37 UTC 2018 /home/travis/build/icyphy/ptII/ptolemy/domains/continuous/test/auto/Integration2.xml
----------------- Instantiating /home/travis/build/icyphy/ptII/ptolemy/domains/continuous/test/auto/Integration2.xml
76 ms. Memory: 565760K Free: 187434K (33%)
----------------- Invoking toplevel() on ptolemy.moml.MoMLSimpleApplication@73aaa1a
----------------- Done invoking toplevel() on ptolemy.moml.MoMLSimpleApplication@73aaa1a
reloadAllAccessors: .Integration2

===========================================================================================
----------------- testing Thu Sep 06 02:06:37 UTC 2018 /home/travis/build/icyphy/ptII/ptolemy/domains/continuous/test/auto/Integration3.xml
----------------- Instantiating /home/travis/build/icyphy/ptII/ptolemy/domains/continuous/test/auto/Integration3.xml
4 ms. Memory: 565760K Free: 179216K (32%)
----------------- Invoking toplevel() on ptolemy.moml.MoMLSimpleApplication@35dc3562
----------------- Done invoking toplevel() on ptolemy.moml.MoMLSimpleApplication@35dc3562
reloadAllAccessors: .Integration3

===========================================================================================
----------------- testing Thu Sep 06 02:06:37 UTC 2018 /home/travis/build/icyphy/ptII/ptolemy/domains/continuous/test/auto/Integration5.xml
----------------- Instantiating /home/travis/build/icyphy/ptII/ptolemy/domains/continuous/test/auto/Integration5.xml
5 ms. Memory: 565760K Free: 171157K (30%)
----------------- Invoking toplevel() on ptolemy.moml.MoMLSimpleApplication@15f74f8d
----------------- Done invoking toplevel() on ptolemy.moml.MoMLSimpleApplication@15f74f8d
reloadAllAccessors: .Integration5

===========================================================================================
----------------- testing Thu Sep 06 02:06:37 UTC 2018 /home/travis/build/icyphy/ptII/ptolemy/domains/continuous/test/auto/IntegratorImpulse.xml
----------------- Instantiating /home/travis/build/icyphy/ptII/ptolemy/domains/continuous/test/auto/IntegratorImpulse.xml
2 ms. Memory: 565760K Free: 163090K (29%)
----------------- Invoking toplevel() on ptolemy.moml.MoMLSimpleApplication@188c35f7
----------------- Done invoking toplevel() on ptolemy.moml.MoMLSimpleApplication@188c35f7
reloadAllAccessors: .IntegratorImpulse

===========================================================================================
----------------- testing Thu Sep 06 02:06:37 UTC 2018 /home/travis/build/icyphy/ptII/ptolemy/domains/continuous/test/auto/IntegratorImpulse2.xml
----------------- Instantiating /home/travis/build/icyphy/ptII/ptolemy/domains/continuous/test/auto/IntegratorImpulse2.xml
4 ms. Memory: 565760K Free: 154857K (27%)
----------------- Invoking toplevel() on ptolemy.moml.MoMLSimpleApplication@1c83cf17
----------------- Done invoking toplevel() on ptolemy.moml.MoMLSimpleApplication@1c83cf17
reloadAllAccessors: .IntegratorImpulse2

===========================================================================================
----------------- testing Thu Sep 06 02:06:37 UTC 2018 /home/travis/build/icyphy/ptII/ptolemy/domains/continuous/test/auto/LevelCrossing1.xml
----------------- Instantiating /home/travis/build/icyphy/ptII/ptolemy/domains/continuous/test/auto/LevelCrossing1.xml
2 ms. Memory: 565760K Free: 146782K (26%)
----------------- Invoking toplevel() on ptolemy.moml.MoMLSimpleApplication@3eb6afab
----------------- Done invoking toplevel() on ptolemy.moml.MoMLSimpleApplication@3eb6afab
reloadAllAccessors: .LevelCrossing1

===========================================================================================
----------------- testing Thu Sep 06 02:06:37 UTC 2018 /home/travis/build/icyphy/ptII/ptolemy/domains/continuous/test/auto/LevelCrossing2.xml
----------------- Instantiating /home/travis/build/icyphy/ptII/ptolemy/domains/continuous/test/auto/LevelCrossing2.xml
3 ms. Memory: 565760K Free: 138549K (24%)
----------------- Invoking toplevel() on ptolemy.moml.MoMLSimpleApplication@7070167f
----------------- Done invoking toplevel() on ptolemy.moml.MoMLSimpleApplication@7070167f
reloadAllAccessors: .LevelCrossing2

===========================================================================================
----------------- testing Thu Sep 06 02:06:37 UTC 2018 /home/travis/build/icyphy/ptII/ptolemy/domains/continuous/test/auto/LevelCrossing3.xml
----------------- Instantiating /home/travis/build/icyphy/ptII/ptolemy/domains/continuous/test/auto/LevelCrossing3.xml
2 ms. Memory: 565760K Free: 130474K (23%)
----------------- Invoking toplevel() on ptolemy.moml.MoMLSimpleApplication@44ca8ac
----------------- Done invoking toplevel() on ptolemy.moml.MoMLSimpleApplication@44ca8ac
reloadAllAccessors: .LevelCrossing3

===========================================================================================
----------------- testing Thu Sep 06 02:06:37 UTC 2018 /home/travis/build/icyphy/ptII/ptolemy/domains/continuous/test/auto/LevelCrossing4.xml
----------------- Instantiating /home/travis/build/icyphy/ptII/ptolemy/domains/continuous/test/auto/LevelCrossing4.xml
3 ms. Memory: 565760K Free: 122416K (22%)
----------------- Invoking toplevel() on ptolemy.moml.MoMLSimpleApplication@3487e48
----------------- Done invoking toplevel() on ptolemy.moml.MoMLSimpleApplication@3487e48
reloadAllAccessors: .LevelCrossing4

===========================================================================================
----------------- testing Thu Sep 06 02:06:37 UTC 2018 /home/travis/build/icyphy/ptII/ptolemy/domains/continuous/test/auto/LevelCrossing5.xml
----------------- Instantiating /home/travis/build/icyphy/ptII/ptolemy/domains/continuous/test/auto/LevelCrossing5.xml
3 ms. Memory: 565760K Free: 114182K (20%)
----------------- Invoking toplevel() on ptolemy.moml.MoMLSimpleApplication@4160a43
----------------- Done invoking toplevel() on ptolemy.moml.MoMLSimpleApplication@4160a43
reloadAllAccessors: .LevelCrossing5

===========================================================================================
----------------- testing Thu Sep 06 02:06:37 UTC 2018 /home/travis/build/icyphy/ptII/ptolemy/domains/continuous/test/auto/LevelCrossing6.xml
----------------- Instantiating /home/travis/build/icyphy/ptII/ptolemy/domains/continuous/test/auto/LevelCrossing6.xml
[...]
----------------- testing Thu Sep 06 02:06:54 UTC 2018 /home/travis/build/icyphy/ptII/ptolemy/domains/continuous/test/auto/ResetTransitionWithStartTime6.xml
----------------- Instantiating /home/travis/build/icyphy/ptII/ptolemy/domains/continuous/test/auto/ResetTransitionWithStartTime6.xml
10 ms. Memory: 616960K Free: 520997K (84%)
----------------- Invoking toplevel() on ptolemy.moml.MoMLSimpleApplication@2334dac1
----------------- Done invoking toplevel() on ptolemy.moml.MoMLSimpleApplication@2334dac1
reloadAllAccessors: .ResetTransitionWithStartTime6

===========================================================================================
----------------- testing Thu Sep 06 02:06:54 UTC 2018 /home/travis/build/icyphy/ptII/ptolemy/domains/continuous/test/auto/SRinContinuous.xml
----------------- Instantiating /home/travis/build/icyphy/ptII/ptolemy/domains/continuous/test/auto/SRinContinuous.xml
3 ms. Memory: 616960K Free: 509321K (83%)
----------------- Invoking toplevel() on ptolemy.moml.MoMLSimpleApplication@5e763923
----------------- Done invoking toplevel() on ptolemy.moml.MoMLSimpleApplication@5e763923
reloadAllAccessors: .SRinContinuous

===========================================================================================
----------------- testing Thu Sep 06 02:06:54 UTC 2018 /home/travis/build/icyphy/ptII/ptolemy/domains/continuous/test/auto/SampledClocks.xml
----------------- Instantiating /home/travis/build/icyphy/ptII/ptolemy/domains/continuous/test/auto/SampledClocks.xml
6 ms. Memory: 616960K Free: 494160K (80%)
----------------- Invoking toplevel() on ptolemy.moml.MoMLSimpleApplication@5832b2a1
----------------- Done invoking toplevel() on ptolemy.moml.MoMLSimpleApplication@5832b2a1
reloadAllAccessors: .SampledClocks

===========================================================================================
----------------- testing Thu Sep 06 02:06:54 UTC 2018 /home/travis/build/icyphy/ptII/ptolemy/domains/continuous/test/auto/Satellite.xml
----------------- Instantiating /home/travis/build/icyphy/ptII/ptolemy/domains/continuous/test/auto/Satellite.xml
925 ms. Memory: 616960K Free: 303988K (49%)
----------------- Invoking toplevel() on ptolemy.moml.MoMLSimpleApplication@437448bb
----------------- Done invoking toplevel() on ptolemy.moml.MoMLSimpleApplication@437448bb
reloadAllAccessors: .Satellite

===========================================================================================
----------------- testing Thu Sep 06 02:06:55 UTC 2018 /home/travis/build/icyphy/ptII/ptolemy/domains/continuous/test/auto/SigmaDelta.xml
----------------- Instantiating /home/travis/build/icyphy/ptII/ptolemy/domains/continuous/test/auto/SigmaDelta.xml
2244 ms. Memory: 599040K Free: 438083K (73%)
----------------- Invoking toplevel() on ptolemy.moml.MoMLSimpleApplication@12fe5ee4
----------------- Done invoking toplevel() on ptolemy.moml.MoMLSimpleApplication@12fe5ee4
reloadAllAccessors: .SigmaDelta

===========================================================================================
----------------- testing Thu Sep 06 02:06:58 UTC 2018 /home/travis/build/icyphy/ptII/ptolemy/domains/continuous/test/auto/SinuBouncingBall.xml
----------------- Instantiating /home/travis/build/icyphy/ptII/ptolemy/domains/continuous/test/auto/SinuBouncingBall.xml
707 ms. Memory: 599040K Free: 207326K (35%)
----------------- Invoking toplevel() on ptolemy.moml.MoMLSimpleApplication@6a3e7abc
----------------- Done invoking toplevel() on ptolemy.moml.MoMLSimpleApplication@6a3e7abc
reloadAllAccessors: .SinuBouncingBall

===========================================================================================
----------------- testing Thu Sep 06 02:06:59 UTC 2018 /home/travis/build/icyphy/ptII/ptolemy/domains/continuous/test/auto/Sinusoid.xml
----------------- Instantiating /home/travis/build/icyphy/ptII/ptolemy/domains/continuous/test/auto/Sinusoid.xml
5 ms. Memory: 599040K Free: 201318K (34%)
----------------- Invoking toplevel() on ptolemy.moml.MoMLSimpleApplication@5175a04e
----------------- Done invoking toplevel() on ptolemy.moml.MoMLSimpleApplication@5175a04e
reloadAllAccessors: .Sinusoid

===========================================================================================
----------------- testing Thu Sep 06 02:06:59 UTC 2018 /home/travis/build/icyphy/ptII/ptolemy/domains/continuous/test/auto/SinusoidInNoise.xml
----------------- Instantiating /home/travis/build/icyphy/ptII/ptolemy/domains/continuous/test/auto/SinusoidInNoise.xml
924 ms. Memory: 569344K Free: 477401K (84%)
----------------- Invoking toplevel() on ptolemy.moml.MoMLSimpleApplication@2b7ec6f3
----------------- Done invoking toplevel() on ptolemy.moml.MoMLSimpleApplication@2b7ec6f3
reloadAllAccessors: .SinusoidInNoise

===========================================================================================
----------------- testing Thu Sep 06 02:07:00 UTC 2018 /home/travis/build/icyphy/ptII/ptolemy/domains/continuous/test/auto/SinusoidRK45.xml
----------------- Instantiating /home/travis/build/icyphy/ptII/ptolemy/domains/continuous/test/auto/SinusoidRK45.xml
3 ms. Memory: 569344K Free: 468613K (82%)
----------------- Invoking toplevel() on ptolemy.moml.MoMLSimpleApplication@68347c8e
----------------- Done invoking toplevel() on ptolemy.moml.MoMLSimpleApplication@68347c8e
reloadAllAccessors: .SinusoidRK45

===========================================================================================
----------------- testing Thu Sep 06 02:07:00 UTC 2018 /home/travis/build/icyphy/ptII/ptolemy/domains/continuous/test/auto/SinusoidWithMultipleImpulses.xml
----------------- Instantiating /home/travis/build/icyphy/ptII/ptolemy/domains/continuous/test/auto/SinusoidWithMultipleImpulses.xml
3 ms. Memory: 569344K Free: 461244K (81%)
----------------- Invoking toplevel() on ptolemy.moml.MoMLSimpleApplication@1546a96b
----------------- Done invoking toplevel() on ptolemy.moml.MoMLSimpleApplication@1546a96b
reloadAllAccessors: .SinusoidWithMultipleImpulses

===========================================================================================
----------------- testing Thu Sep 06 02:07:00 UTC 2018 /home/travis/build/icyphy/ptII/ptolemy/domains/continuous/test/auto/SquareWave.xml
----------------- Instantiating /home/travis/build/icyphy/ptII/ptolemy/domains/continuous/test/auto/SquareWave.xml
178 ms. Memory: 569344K Free: 431063K (76%)
----------------- Invoking toplevel() on ptolemy.moml.MoMLSimpleApplication@51adcbd1
----------------- Done invoking toplevel() on ptolemy.moml.MoMLSimpleApplication@51adcbd1
reloadAllAccessors: .SquareWave

===========================================================================================
----------------- testing Thu Sep 06 02:07:00 UTC 2018 /home/travis/build/icyphy/ptII/ptolemy/domains/continuous/test/auto/Starmac.xml
----------------- Instantiating /home/travis/build/icyphy/ptII/ptolemy/domains/continuous/test/auto/Starmac.xml
3093 ms. Memory: 569344K Free: 56876K (10%)
----------------- Invoking toplevel() on ptolemy.moml.MoMLSimpleApplication@521a3970
----------------- Done invoking toplevel() on ptolemy.moml.MoMLSimpleApplication@521a3970
reloadAllAccessors: .Starmac

===========================================================================================
----------------- testing Thu Sep 06 02:07:03 UTC 2018 /home/travis/build/icyphy/ptII/ptolemy/domains/continuous/test/auto/StaticUnits.xml
----------------- Instantiating /home/travis/build/icyphy/ptII/ptolemy/domains/continuous/test/auto/StaticUnits.xml
2225 ms. Memory: 553984K Free: 53686K (10%)
----------------- Invoking toplevel() on ptolemy.moml.MoMLSimpleApplication@4694b726
----------------- Done invoking toplevel() on ptolemy.moml.MoMLSimpleApplication@4694b726
reloadAllAccessors: .StaticUnits

===========================================================================================
----------------- testing Thu Sep 06 02:07:06 UTC 2018 /home/travis/build/icyphy/ptII/ptolemy/domains/continuous/test/auto/StickyMasses.xml
----------------- Instantiating /home/travis/build/icyphy/ptII/ptolemy/domains/continuous/test/auto/StickyMasses.xml
134 ms. Memory: 526848K Free: 434018K (82%)
----------------- Invoking toplevel() on ptolemy.moml.MoMLSimpleApplication@b094681
----------------- Done invoking toplevel() on ptolemy.moml.MoMLSimpleApplication@b094681
reloadAllAccessors: .StickyMasses

===========================================================================================
----------------- testing Thu Sep 06 02:07:06 UTC 2018 /home/travis/build/icyphy/ptII/ptolemy/domains/continuous/test/auto/StopTime.xml
----------------- Instantiating /home/travis/build/icyphy/ptII/ptolemy/domains/continuous/test/auto/StopTime.xml
40 ms. Memory: 526848K Free: 401841K (76%)
----------------- Invoking toplevel() on ptolemy.moml.MoMLSimpleApplication@666f5269
----------------- Done invoking toplevel() on ptolemy.moml.MoMLSimpleApplication@666f5269
reloadAllAccessors: .StopTime

===========================================================================================
----------------- testing Thu Sep 06 02:07:06 UTC 2018 /home/travis/build/icyphy/ptII/ptolemy/domains/continuous/test/auto/StopTime2.xml
----------------- Instantiating /home/travis/build/icyphy/ptII/ptolemy/domains/continuous/test/auto/StopTime2.xml
32 ms. Memory: 526848K Free: 374317K (71%)
----------------- Invoking toplevel() on ptolemy.moml.MoMLSimpleApplication@1c26f4b8
----------------- Done invoking toplevel() on ptolemy.moml.MoMLSimpleApplication@1c26f4b8
reloadAllAccessors: .StopTime2

===========================================================================================
----------------- testing Thu Sep 06 02:07:06 UTC 2018 /home/travis/build/icyphy/ptII/ptolemy/domains/continuous/test/auto/Switch.xml
----------------- Instantiating /home/travis/build/icyphy/ptII/ptolemy/domains/continuous/test/auto/Switch.xml
50 ms. Memory: 526848K Free: 343859K (65%)
----------------- Invoking toplevel() on ptolemy.moml.MoMLSimpleApplication@11e36caa
----------------- Done invoking toplevel() on ptolemy.moml.MoMLSimpleApplication@11e36caa
reloadAllAccessors: .Switch

===========================================================================================
----------------- testing Thu Sep 06 02:07:06 UTC 2018 /home/travis/build/icyphy/ptII/ptolemy/domains/continuous/test/auto/Thermostat.xml
----------------- Instantiating /home/travis/build/icyphy/ptII/ptolemy/domains/continuous/test/auto/Thermostat.xml
173 ms. Memory: 526848K Free: 266032K (50%)
----------------- Invoking toplevel() on ptolemy.moml.MoMLSimpleApplication@67ea021a
----------------- Done invoking toplevel() on ptolemy.moml.MoMLSimpleApplication@67ea021a
reloadAllAccessors: .Thermostat

===========================================================================================
----------------- testing Thu Sep 06 02:07:07 UTC 2018 /home/travis/build/icyphy/ptII/ptolemy/domains/continuous/test/auto/TimeDelay.xml
----------------- Instantiating /home/travis/build/icyphy/ptII/ptolemy/domains/continuous/test/auto/TimeDelay.xml
5 ms. Memory: 526848K Free: 256267K (49%)
----------------- Invoking toplevel() on ptolemy.moml.MoMLSimpleApplication@fc37f87
----------------- Done invoking toplevel() on ptolemy.moml.MoMLSimpleApplication@fc37f87
reloadAllAccessors: .TimeDelay

===========================================================================================
----------------- testing Thu Sep 06 02:07:07 UTC 2018 /home/travis/build/icyphy/ptII/ptolemy/domains/continuous/test/auto/TimeDelay2.xml
----------------- Instantiating /home/travis/build/icyphy/ptII/ptolemy/domains/continuous/test/auto/TimeDelay2.xml
7 ms. Memory: 526848K Free: 246462K (47%)
----------------- Invoking toplevel() on ptolemy.moml.MoMLSimpleApplication@f5409f3
----------------- Done invoking toplevel() on ptolemy.moml.MoMLSimpleApplication@f5409f3
reloadAllAccessors: .TimeDelay2

===========================================================================================
----------------- testing Thu Sep 06 02:07:07 UTC 2018 /home/travis/build/icyphy/ptII/ptolemy/domains/continuous/test/auto/TimeDelay3.xml
----------------- Instantiating /home/travis/build/icyphy/ptII/ptolemy/domains/continuous/test/auto/TimeDelay3.xml
6 ms. Memory: 526848K Free: 239653K (45%)
----------------- Invoking toplevel() on ptolemy.moml.MoMLSimpleApplication@407ab83c
----------------- Done invoking toplevel() on ptolemy.moml.MoMLSimpleApplication@407ab83c
reloadAllAccessors: .TimeDelay3

===========================================================================================
----------------- testing Thu Sep 06 02:07:07 UTC 2018 /home/travis/build/icyphy/ptII/ptolemy/domains/continuous/test/auto/TransferAbsentToInside.xml
----------------- Instantiating /home/travis/build/icyphy/ptII/ptolemy/domains/continuous/test/auto/TransferAbsentToInside.xml
27 ms. Memory: 526848K Free: 179560K (34%)
----------------- Invoking toplevel() on ptolemy.moml.MoMLSimpleApplication@21c7365f
----------------- Done invoking toplevel() on ptolemy.moml.MoMLSimpleApplication@21c7365f
reloadAllAccessors: .TransferAbsentToInside

===========================================================================================
----------------- testing Thu Sep 06 02:07:07 UTC 2018 /home/travis/build/icyphy/ptII/ptolemy/domains/continuous/test/auto/Transmission.xml
----------------- Instantiating /home/travis/build/icyphy/ptII/ptolemy/domains/continuous/test/auto/Transmission.xml
802 ms. Memory: 503808K Free: 356929K (71%)
----------------- Invoking toplevel() on ptolemy.moml.MoMLSimpleApplication@27ecb64b
----------------- Done invoking toplevel() on ptolemy.moml.MoMLSimpleApplication@27ecb64b
reloadAllAccessors: .Transmission

===========================================================================================
----------------- testing Thu Sep 06 02:07:08 UTC 2018 /home/travis/build/icyphy/ptII/ptolemy/domains/continuous/test/auto/TriggeredContinuousClock.xml
----------------- Instantiating /home/travis/build/icyphy/ptII/ptolemy/domains/continuous/test/auto/TriggeredContinuousClock.xml
40 ms. Memory: 503808K Free: 320607K (64%)
----------------- Invoking toplevel() on ptolemy.moml.MoMLSimpleApplication@72f6f51c
----------------- Done invoking toplevel() on ptolemy.moml.MoMLSimpleApplication@72f6f51c
reloadAllAccessors: .TriggeredContinuousClock

===========================================================================================
----------------- testing Thu Sep 06 02:07:08 UTC 2018 /home/travis/build/icyphy/ptII/ptolemy/domains/continuous/test/auto/TwoMachineInfiniteBusControl.xml
----------------- Instantiating /home/travis/build/icyphy/ptII/ptolemy/domains/continuous/test/auto/TwoMachineInfiniteBusControl.xml
2822 ms. Memory: 485376K Free: 147426K (30%)
----------------- Invoking toplevel() on ptolemy.moml.MoMLSimpleApplication@43967a8a
----------------- Done invoking toplevel() on ptolemy.moml.MoMLSimpleApplication@43967a8a
reloadAllAccessors: .TwoMachineInfiniteBusControl

===========================================================================================
----------------- testing Thu Sep 06 02:07:11 UTC 2018 /home/travis/build/icyphy/ptII/ptolemy/domains/continuous/test/auto/V2V.xml
----------------- Instantiating /home/travis/build/icyphy/ptII/ptolemy/domains/continuous/test/auto/V2V.xml
783 ms. Memory: 465920K Free: 331087K (71%)
----------------- Invoking toplevel() on ptolemy.moml.MoMLSimpleApplication@4bcd64ca
----------------- Done invoking toplevel() on ptolemy.moml.MoMLSimpleApplication@4bcd64ca
reloadAllAccessors: .V2V

===========================================================================================
----------------- testing Thu Sep 06 02:07:11 UTC 2018 /home/travis/build/icyphy/ptII/ptolemy/domains/continuous/test/auto/hierarchicalModalModel.xml
----------------- Instantiating /home/travis/build/icyphy/ptII/ptolemy/domains/continuous/test/auto/hierarchicalModalModel.xml
9 ms. Memory: 465920K Free: 311456K (67%)
----------------- Invoking toplevel() on ptolemy.moml.MoMLSimpleApplication@50780c19
----------------- Done invoking toplevel() on ptolemy.moml.MoMLSimpleApplication@50780c19
reloadAllAccessors: .hierarchicalModalModel

===========================================================================================
----------------- testing Thu Sep 06 02:07:12 UTC 2018 /home/travis/build/icyphy/ptII/ptolemy/domains/continuous/test/auto/hierarchicalModalModel1.xml
----------------- Instantiating /home/travis/build/icyphy/ptII/ptolemy/domains/continuous/test/auto/hierarchicalModalModel1.xml
8 ms. Memory: 465920K Free: 293153K (63%)
----------------- Invoking toplevel() on ptolemy.moml.MoMLSimpleApplication@5935e517
----------------- Done invoking toplevel() on ptolemy.moml.MoMLSimpleApplication@5935e517
reloadAllAccessors: .hierarchicalModalModel1

===========================================================================================
----------------- testing Thu Sep 06 02:07:12 UTC 2018 /home/travis/build/icyphy/ptII/ptolemy/domains/continuous/test/auto/hierarchicalModalModel2.xml
----------------- Instantiating /home/travis/build/icyphy/ptII/ptolemy/domains/continuous/test/auto/hierarchicalModalModel2.xml
5 ms. Memory: 465920K Free: 276791K (59%)
----------------- Invoking toplevel() on ptolemy.moml.MoMLSimpleApplication@140aab5d
----------------- Done invoking toplevel() on ptolemy.moml.MoMLSimpleApplication@140aab5d
reloadAllAccessors: .hierarchicalModalModel2

===========================================================================================
----------------- testing Thu Sep 06 02:07:12 UTC 2018 /home/travis/build/icyphy/ptII/ptolemy/domains/continuous/test/auto/hierarchicalModalModel3.xml
----------------- Instantiating /home/travis/build/icyphy/ptII/ptolemy/domains/continuous/test/auto/hierarchicalModalModel3.xml
6 ms. Memory: 465920K Free: 262367K (56%)
----------------- Invoking toplevel() on ptolemy.moml.MoMLSimpleApplication@4b03c49d
----------------- Done invoking toplevel() on ptolemy.moml.MoMLSimpleApplication@4b03c49d
reloadAllAccessors: .hierarchicalModalModel3

===========================================================================================
----------------- testing Thu Sep 06 02:07:12 UTC 2018 /home/travis/build/icyphy/ptII/ptolemy/domains/continuous/test/auto/hierarchicalModalModel4.xml
----------------- Instantiating /home/travis/build/icyphy/ptII/ptolemy/domains/continuous/test/auto/hierarchicalModalModel4.xml
5 ms. Memory: 465920K Free: 247888K (53%)
----------------- Invoking toplevel() on ptolemy.moml.MoMLSimpleApplication@477646c4
----------------- Done invoking toplevel() on ptolemy.moml.MoMLSimpleApplication@477646c4
reloadAllAccessors: .hierarchicalModalModel4

===========================================================================================
----------------- testing Thu Sep 06 02:07:12 UTC 2018 /home/travis/build/icyphy/ptII/ptolemy/domains/continuous/test/auto/junk.xml
----------------- Instantiating /home/travis/build/icyphy/ptII/ptolemy/domains/continuous/test/auto/junk.xml
134 ms. Memory: 465920K Free: 216207K (46%)
----------------- Invoking toplevel() on ptolemy.moml.MoMLSimpleApplication@3319ec54
----------------- Done invoking toplevel() on ptolemy.moml.MoMLSimpleApplication@3319ec54
reloadAllAccessors: .junk
AutoTests.java: About to close Vertx.
AutoTests.java: Vertx closed.
]]></system-out>
  <system-err><![CDATA[Warning: '.HysteresisWithRandomDelay.NonStrictTest' The test produced only 221 tokens, yet the correctValues parameter was expecting 222 tokens.
Warning: '.HysteresisWithRandomDelay.NonStrictTest2' The test produced only 220 tokens, yet the correctValues parameter was expecting 221 tokens.
Warning: '.Poisson.NonStrictTest' The test produced only 392 tokens, yet the correctValues parameter was expecting 430 tokens.
]]></system-err>
</testsuite>
