<?xml version="1.0" encoding="UTF-8" ?>
<testsuite errors="0" failures="0" hostname="travis-job-4c6e135a-7771-4f6e-b997-b7b49ffa538b" name="ptolemy.domains.de.test.junit.JUnitTclTest" skipped="0" tests="101" time="134.789" timestamp="2018-07-24T01:42:20">
  <properties>
[...]
</properties>
  <testcase classname="ptolemy.util.test.junit.TclTests" name="[0] /home/travis/build/icyphy/ptII/ptolemy/domains/de/test/DependencyLoop.tcl (RunTclFile)" time="0.817" />
  <testcase classname="ptolemy.util.test.junit.TclTests" name="[1] /home/travis/build/icyphy/ptII/ptolemy/domains/de/test/RunDETestsAsQSS.tcl (RunTclFile)" time="92.457" />
  <testcase classname="ptolemy.util.test.junit.AutoKnownFailedTests" name="[0] /home/travis/build/icyphy/ptII/ptolemy/domains/de/test/auto/knownFailedTests/DESDFClockTest.xml (RunModel)" time="2.029" />
  <testcase classname="ptolemy.util.test.junit.AutoKnownFailedTests" name="[1] /home/travis/build/icyphy/ptII/ptolemy/domains/de/test/auto/knownFailedTests/DirectFeedback.xml (RunModel)" time="0.007" />
  <testcase classname="ptolemy.util.test.junit.AutoKnownFailedTests" name="[2] /home/travis/build/icyphy/ptII/ptolemy/domains/de/test/auto/knownFailedTests/FSMSource.xml (RunModel)" time="0.025" />
  <testcase classname="ptolemy.util.test.junit.AutoKnownFailedTests" name="[3] /home/travis/build/icyphy/ptII/ptolemy/domains/de/test/auto/knownFailedTests/HierarchicalModel.xml (RunModel)" time="0.033" />
  <testcase classname="ptolemy.util.test.junit.AutoKnownFailedTests" name="[4] /home/travis/build/icyphy/ptII/ptolemy/domains/de/test/auto/knownFailedTests/dependencyLoop.xml (RunModel)" time="0.033" />
  <testcase classname="ptolemy.util.test.junit.AutoKnownFailedTests" name="[5] /home/travis/build/icyphy/ptII/ptolemy/domains/de/test/auto/knownFailedTests/dependencyLoop2.xml (RunModel)" time="0.037" />
  <testcase classname="ptolemy.util.test.junit.AutoNameArchTests" name="[0] ThereAreNoAutoArchTests (RunModel)" time="0.001" />
  <testcase classname="ptolemy.util.test.junit.AutoTests" name="[0] /home/travis/build/icyphy/ptII/ptolemy/domains/de/test/auto/ActorDepthCalculation_actorWithoutPorts.xml (RunModel)" time="0.018" />
  <testcase classname="ptolemy.util.test.junit.AutoTests" name="[1] /home/travis/build/icyphy/ptII/ptolemy/domains/de/test/auto/AssemblyLine.xml (RunModel)" time="0.011" />
  <testcase classname="ptolemy.util.test.junit.AutoTests" name="[2] /home/travis/build/icyphy/ptII/ptolemy/domains/de/test/auto/CQBug1.xml (RunModel)" time="0.004" />
  <testcase classname="ptolemy.util.test.junit.AutoTests" name="[3] /home/travis/build/icyphy/ptII/ptolemy/domains/de/test/auto/CancelFireAt.xml (RunModel)" time="0.004" />
  <testcase classname="ptolemy.util.test.junit.AutoTests" name="[4] /home/travis/build/icyphy/ptII/ptolemy/domains/de/test/auto/CausalityAndComposabilityAnalysis.xml (RunModel)" time="0.008" />
  <testcase classname="ptolemy.util.test.junit.AutoTests" name="[5] /home/travis/build/icyphy/ptII/ptolemy/domains/de/test/auto/CausalityInterface1.xml (RunModel)" time="0.008" />
  <testcase classname="ptolemy.util.test.junit.AutoTests" name="[6] /home/travis/build/icyphy/ptII/ptolemy/domains/de/test/auto/CausalityInterface15.xml (RunModel)" time="0.009" />
  <testcase classname="ptolemy.util.test.junit.AutoTests" name="[7] /home/travis/build/icyphy/ptII/ptolemy/domains/de/test/auto/CausalityInterface2.xml (RunModel)" time="0.007" />
  <testcase classname="ptolemy.util.test.junit.AutoTests" name="[8] /home/travis/build/icyphy/ptII/ptolemy/domains/de/test/auto/CausalityInterface3.xml (RunModel)" time="0.012" />
  <testcase classname="ptolemy.util.test.junit.AutoTests" name="[9] /home/travis/build/icyphy/ptII/ptolemy/domains/de/test/auto/ClockDrift.xml (RunModel)" time="0.041" />
  <testcase classname="ptolemy.util.test.junit.AutoTests" name="[10] /home/travis/build/icyphy/ptII/ptolemy/domains/de/test/auto/ClockDriftAndValueChange.xml (RunModel)" time="0.022" />
  <testcase classname="ptolemy.util.test.junit.AutoTests" name="[11] /home/travis/build/icyphy/ptII/ptolemy/domains/de/test/auto/ClockDriftChange.xml (RunModel)" time="0.023" />
  <testcase classname="ptolemy.util.test.junit.AutoTests" name="[12] /home/travis/build/icyphy/ptII/ptolemy/domains/de/test/auto/ComposableCausalityAnalysis.xml (RunModel)" time="0.01" />
  <testcase classname="ptolemy.util.test.junit.AutoTests" name="[13] /home/travis/build/icyphy/ptII/ptolemy/domains/de/test/auto/DEFixedPointLimitation.xml (RunModel)" time="0.009" />
  <testcase classname="ptolemy.util.test.junit.AutoTests" name="[14] /home/travis/build/icyphy/ptII/ptolemy/domains/de/test/auto/DEScheduleTest.xml (RunModel)" time="0.008" />
  <testcase classname="ptolemy.util.test.junit.AutoTests" name="[15] /home/travis/build/icyphy/ptII/ptolemy/domains/de/test/auto/DEinDEwithStartTimes.xml (RunModel)" time="0.009" />
  <testcase classname="ptolemy.util.test.junit.AutoTests" name="[16] /home/travis/build/icyphy/ptII/ptolemy/domains/de/test/auto/DEinDEwithStartTimes2.xml (RunModel)" time="0.01" />
  <testcase classname="ptolemy.util.test.junit.AutoTests" name="[17] /home/travis/build/icyphy/ptII/ptolemy/domains/de/test/auto/DateDemo.xml (RunModel)" time="0.019" />
  <testcase classname="ptolemy.util.test.junit.AutoTests" name="[18] /home/travis/build/icyphy/ptII/ptolemy/domains/de/test/auto/DateToEvent.xml (RunModel)" time="2.027" />
  <testcase classname="ptolemy.util.test.junit.AutoTests" name="[19] /home/travis/build/icyphy/ptII/ptolemy/domains/de/test/auto/DepthTest1.xml (RunModel)" time="0.008" />
  <testcase classname="ptolemy.util.test.junit.AutoTests" name="[20] /home/travis/build/icyphy/ptII/ptolemy/domains/de/test/auto/DepthTest2.xml (RunModel)" time="0.017" />
  <testcase classname="ptolemy.util.test.junit.AutoTests" name="[21] /home/travis/build/icyphy/ptII/ptolemy/domains/de/test/auto/DepthTest3.xml (RunModel)" time="0.007" />
  <testcase classname="ptolemy.util.test.junit.AutoTests" name="[22] /home/travis/build/icyphy/ptII/ptolemy/domains/de/test/auto/DepthTest4.xml (RunModel)" time="0.016" />
  <testcase classname="ptolemy.util.test.junit.AutoTests" name="[23] /home/travis/build/icyphy/ptII/ptolemy/domains/de/test/auto/DepthTest5.xml (RunModel)" time="0.014" />
  <testcase classname="ptolemy.util.test.junit.AutoTests" name="[24] /home/travis/build/icyphy/ptII/ptolemy/domains/de/test/auto/DepthTest6.xml (RunModel)" time="0.022" />
  <testcase classname="ptolemy.util.test.junit.AutoTests" name="[25] /home/travis/build/icyphy/ptII/ptolemy/domains/de/test/auto/DepthTest7.xml (RunModel)" time="0.012" />
  <testcase classname="ptolemy.util.test.junit.AutoTests" name="[26] /home/travis/build/icyphy/ptII/ptolemy/domains/de/test/auto/EventToDate.xml (RunModel)" time="3.038" />
  <testcase classname="ptolemy.util.test.junit.AutoTests" name="[27] /home/travis/build/icyphy/ptII/ptolemy/domains/de/test/auto/FSM1.xml (RunModel)" time="0.035" />
  <testcase classname="ptolemy.util.test.junit.AutoTests" name="[28] /home/travis/build/icyphy/ptII/ptolemy/domains/de/test/auto/FSM7.xml (RunModel)" time="0.041" />
  <testcase classname="ptolemy.util.test.junit.AutoTests" name="[29] /home/travis/build/icyphy/ptII/ptolemy/domains/de/test/auto/Inspection.xml (RunModel)" time="0.047" />
  <testcase classname="ptolemy.util.test.junit.AutoTests" name="[30] /home/travis/build/icyphy/ptII/ptolemy/domains/de/test/auto/Iteration.xml (RunModel)" time="0.021" />
  <testcase classname="ptolemy.util.test.junit.AutoTests" name="[31] /home/travis/build/icyphy/ptII/ptolemy/domains/de/test/auto/LineFault.xml (RunModel)" time="0.633" />
  <testcase classname="ptolemy.util.test.junit.AutoTests" name="[32] /home/travis/build/icyphy/ptII/ptolemy/domains/de/test/auto/MergeModel1Add.xml (RunModel)" time="0.05" />
  <testcase classname="ptolemy.util.test.junit.AutoTests" name="[33] /home/travis/build/icyphy/ptII/ptolemy/domains/de/test/auto/MergeModel2Add.xml (RunModel)" time="0.046" />
  <testcase classname="ptolemy.util.test.junit.AutoTests" name="[34] /home/travis/build/icyphy/ptII/ptolemy/domains/de/test/auto/MergeModel3Add.xml (RunModel)" time="0.051" />
  <testcase classname="ptolemy.util.test.junit.AutoTests" name="[35] /home/travis/build/icyphy/ptII/ptolemy/domains/de/test/auto/MergeWithoutDiscard.xml (RunModel)" time="0.011" />
  <testcase classname="ptolemy.util.test.junit.AutoTests" name="[36] /home/travis/build/icyphy/ptII/ptolemy/domains/de/test/auto/Modal1.xml (RunModel)" time="0.038" />
  <testcase classname="ptolemy.util.test.junit.AutoTests" name="[37] /home/travis/build/icyphy/ptII/ptolemy/domains/de/test/auto/Modal2.xml (RunModel)" time="0.037" />
  <testcase classname="ptolemy.util.test.junit.AutoTests" name="[38] /home/travis/build/icyphy/ptII/ptolemy/domains/de/test/auto/Modal3.xml (RunModel)" time="0.039" />
  <testcase classname="ptolemy.util.test.junit.AutoTests" name="[39] /home/travis/build/icyphy/ptII/ptolemy/domains/de/test/auto/Modal4.xml (RunModel)" time="0.046" />
  <testcase classname="ptolemy.util.test.junit.AutoTests" name="[40] /home/travis/build/icyphy/ptII/ptolemy/domains/de/test/auto/Modal5.xml (RunModel)" time="0.032" />
  <testcase classname="ptolemy.util.test.junit.AutoTests" name="[41] /home/travis/build/icyphy/ptII/ptolemy/domains/de/test/auto/Modal6.xml (RunModel)" time="0.032" />
  <testcase classname="ptolemy.util.test.junit.AutoTests" name="[42] /home/travis/build/icyphy/ptII/ptolemy/domains/de/test/auto/Modal7.xml (RunModel)" time="0.034" />
  <testcase classname="ptolemy.util.test.junit.AutoTests" name="[43] /home/travis/build/icyphy/ptII/ptolemy/domains/de/test/auto/ModalModel.xml (RunModel)" time="0.194" />
  <testcase classname="ptolemy.util.test.junit.AutoTests" name="[44] /home/travis/build/icyphy/ptII/ptolemy/domains/de/test/auto/ModalSource.xml (RunModel)" time="0.02" />
  <testcase classname="ptolemy.util.test.junit.AutoTests" name="[45] /home/travis/build/icyphy/ptII/ptolemy/domains/de/test/auto/NonInterruptibleTimerZeroDelay.xml (RunModel)" time="0.015" />
  <testcase classname="ptolemy.util.test.junit.AutoTests" name="[46] /home/travis/build/icyphy/ptII/ptolemy/domains/de/test/auto/OpenQueueingNetwork.xml (RunModel)" time="2.631" />
  <testcase classname="ptolemy.util.test.junit.AutoTests" name="[47] /home/travis/build/icyphy/ptII/ptolemy/domains/de/test/auto/OpenQueuingNetwork.xml (RunModel)" time="0.311" />
  <testcase classname="ptolemy.util.test.junit.AutoTests" name="[48] /home/travis/build/icyphy/ptII/ptolemy/domains/de/test/auto/PeriodicSampler.xml (RunModel)" time="0.008" />
  <testcase classname="ptolemy.util.test.junit.AutoTests" name="[49] /home/travis/build/icyphy/ptII/ptolemy/domains/de/test/auto/PersistentIO.xml (RunModel)" time="0.021" />
  <testcase classname="ptolemy.util.test.junit.AutoTests" name="[50] /home/travis/build/icyphy/ptII/ptolemy/domains/de/test/auto/PortParameterResetOnInitialize.xml (RunModel)" time="0.009" />
  <testcase classname="ptolemy.util.test.junit.AutoTests" name="[51] /home/travis/build/icyphy/ptII/ptolemy/domains/de/test/auto/PortParameterUpdates.xml (RunModel)" time="0.016" />
  <testcase classname="ptolemy.util.test.junit.AutoTests" name="[52] /home/travis/build/icyphy/ptII/ptolemy/domains/de/test/auto/QueueAndServer.xml (RunModel)" time="0.024" />
  <testcase classname="ptolemy.util.test.junit.AutoTests" name="[53] /home/travis/build/icyphy/ptII/ptolemy/domains/de/test/auto/Records.xml (RunModel)" time="0.02" />
  <testcase classname="ptolemy.util.test.junit.AutoTests" name="[54] /home/travis/build/icyphy/ptII/ptolemy/domains/de/test/auto/ResetTransitionWithStartTime1.xml (RunModel)" time="0.021" />
  <testcase classname="ptolemy.util.test.junit.AutoTests" name="[55] /home/travis/build/icyphy/ptII/ptolemy/domains/de/test/auto/ResetTransitionWithStartTime2.xml (RunModel)" time="0.019" />
  <testcase classname="ptolemy.util.test.junit.AutoTests" name="[56] /home/travis/build/icyphy/ptII/ptolemy/domains/de/test/auto/ResetTransitionWithStartTime3.xml (RunModel)" time="0.024" />
  <testcase classname="ptolemy.util.test.junit.AutoTests" name="[57] /home/travis/build/icyphy/ptII/ptolemy/domains/de/test/auto/ResetTransitionWithStartTime4.xml (RunModel)" time="0.019" />
  <testcase classname="ptolemy.util.test.junit.AutoTests" name="[58] /home/travis/build/icyphy/ptII/ptolemy/domains/de/test/auto/ResettableTimer1.xml (RunModel)" time="0.011" />
  <testcase classname="ptolemy.util.test.junit.AutoTests" name="[59] /home/travis/build/icyphy/ptII/ptolemy/domains/de/test/auto/ResettableTimer2.xml (RunModel)" time="0.011" />
  <testcase classname="ptolemy.util.test.junit.AutoTests" name="[60] /home/travis/build/icyphy/ptII/ptolemy/domains/de/test/auto/ResettableTimer3.xml (RunModel)" time="0.01" />
  <testcase classname="ptolemy.util.test.junit.AutoTests" name="[61] /home/travis/build/icyphy/ptII/ptolemy/domains/de/test/auto/ResettableTimer4.xml (RunModel)" time="0.01" />
  <testcase classname="ptolemy.util.test.junit.AutoTests" name="[62] /home/travis/build/icyphy/ptII/ptolemy/domains/de/test/auto/ResettableTimer5.xml (RunModel)" time="0.01" />
  <testcase classname="ptolemy.util.test.junit.AutoTests" name="[63] /home/travis/build/icyphy/ptII/ptolemy/domains/de/test/auto/ResettableTimer6.xml (RunModel)" time="0.01" />
  <testcase classname="ptolemy.util.test.junit.AutoTests" name="[64] /home/travis/build/icyphy/ptII/ptolemy/domains/de/test/auto/ServerZeroDelay.xml (RunModel)" time="0.01" />
  <testcase classname="ptolemy.util.test.junit.AutoTests" name="[65] /home/travis/build/icyphy/ptII/ptolemy/domains/de/test/auto/SmartSender.xml (RunModel)" time="3.009" />
  <testcase classname="ptolemy.util.test.junit.AutoTests" name="[66] /home/travis/build/icyphy/ptII/ptolemy/domains/de/test/auto/ThreadedComposite.xml (RunModel)" time="0.163" />
  <testcase classname="ptolemy.util.test.junit.AutoTests" name="[67] /home/travis/build/icyphy/ptII/ptolemy/domains/de/test/auto/Time.xml (RunModel)" time="0.479" />
  <testcase classname="ptolemy.util.test.junit.AutoTests" name="[68] /home/travis/build/icyphy/ptII/ptolemy/domains/de/test/auto/TimeDelayZeroDelay.xml (RunModel)" time="0.01" />
  <testcase classname="ptolemy.util.test.junit.AutoTests" name="[69] /home/travis/build/icyphy/ptII/ptolemy/domains/de/test/auto/TimerZeroDelay.xml (RunModel)" time="0.008" />
  <testcase classname="ptolemy.util.test.junit.AutoTests" name="[70] /home/travis/build/icyphy/ptII/ptolemy/domains/de/test/auto/TimingParadox.xml (RunModel)" time="0.342" />
  <testcase classname="ptolemy.util.test.junit.AutoTests" name="[71] /home/travis/build/icyphy/ptII/ptolemy/domains/de/test/auto/TransferInputs.xml (RunModel)" time="0.01" />
  <testcase classname="ptolemy.util.test.junit.AutoTests" name="[72] /home/travis/build/icyphy/ptII/ptolemy/domains/de/test/auto/TransferOutputs2.xml (RunModel)" time="0.013" />
  <testcase classname="ptolemy.util.test.junit.AutoTests" name="[73] /home/travis/build/icyphy/ptII/ptolemy/domains/de/test/auto/Trilateration.xml (RunModel)" time="12.477" />
  <testcase classname="ptolemy.util.test.junit.AutoTests" name="[74] /home/travis/build/icyphy/ptII/ptolemy/domains/de/test/auto/TwoSigmaDelta.xml (RunModel)" time="2.308" />
  <testcase classname="ptolemy.util.test.junit.AutoTests" name="[75] /home/travis/build/icyphy/ptII/ptolemy/domains/de/test/auto/VariableDelay.xml (RunModel)" time="0.011" />
  <testcase classname="ptolemy.util.test.junit.AutoTests" name="[76] /home/travis/build/icyphy/ptII/ptolemy/domains/de/test/auto/VariableDelay2.xml (RunModel)" time="0.01" />
  <testcase classname="ptolemy.util.test.junit.AutoTests" name="[77] /home/travis/build/icyphy/ptII/ptolemy/domains/de/test/auto/VariableDelayZeroDelay.xml (RunModel)" time="0.01" />
  <testcase classname="ptolemy.util.test.junit.AutoTests" name="[78] /home/travis/build/icyphy/ptII/ptolemy/domains/de/test/auto/VariableDelayZeroDelay2.xml (RunModel)" time="0.01" />
  <testcase classname="ptolemy.util.test.junit.AutoTests" name="[79] /home/travis/build/icyphy/ptII/ptolemy/domains/de/test/auto/deInCt.xml (RunModel)" time="0.018" />
  <testcase classname="ptolemy.util.test.junit.AutoTests" name="[80] /home/travis/build/icyphy/ptII/ptolemy/domains/de/test/auto/deInCt2.xml (RunModel)" time="0.018" />
  <testcase classname="ptolemy.util.test.junit.AutoTests" name="[81] /home/travis/build/icyphy/ptII/ptolemy/domains/de/test/auto/dynamicCausalityInterface1.xml (RunModel)" time="0.021" />
  <testcase classname="ptolemy.util.test.junit.AutoTests" name="[82] /home/travis/build/icyphy/ptII/ptolemy/domains/de/test/auto/fsm_de_test.xml (RunModel)" time="0.032" />
  <testcase classname="ptolemy.util.test.junit.AutoTests" name="[83] /home/travis/build/icyphy/ptII/ptolemy/domains/de/test/auto/functionDependencyReconstruction.xml (RunModel)" time="0.038" />
  <testcase classname="ptolemy.util.test.junit.AutoTests" name="[84] /home/travis/build/icyphy/ptII/ptolemy/domains/de/test/auto/multirate.xml (RunModel)" time="0.016" />
  <testcase classname="ptolemy.util.test.junit.AutoTests" name="[85] /home/travis/build/icyphy/ptII/ptolemy/domains/de/test/auto/multirate2.xml (RunModel)" time="0.016" />
  <testcase classname="ptolemy.util.test.junit.AutoTests" name="[86] /home/travis/build/icyphy/ptII/ptolemy/domains/de/test/auto/realtime.xml (RunModel)" time="10.012" />
  <testcase classname="ptolemy.util.test.junit.AutoTests" name="[87] /home/travis/build/icyphy/ptII/ptolemy/domains/de/test/auto/relationGroup.xml (RunModel)" time="0.014" />
  <testcase classname="ptolemy.util.test.junit.AutoTests" name="[88] /home/travis/build/icyphy/ptII/ptolemy/domains/de/test/auto/relationGroup2.xml (RunModel)" time="0.007" />
  <testcase classname="ptolemy.util.test.junit.AutoTests" name="[89] /home/travis/build/icyphy/ptII/ptolemy/domains/de/test/auto/sortWithOpaquePorts.xml (RunModel)" time="0.006" />
  <testcase classname="ptolemy.util.test.junit.AutoTests" name="[90] /home/travis/build/icyphy/ptII/ptolemy/domains/de/test/auto/transferInputsandOutputs.xml (RunModel)" time="0.012" />
  <testcase classname="ptolemy.util.test.junit.AutoTests" name="[91] /home/travis/build/icyphy/ptII/ptolemy/domains/de/test/auto/triggerType.xml (RunModel)" time="0.01" />
  <system-out><![CDATA[/home/travis/build/icyphy/ptII/ptolemy/domains/de/test/DependencyLoop.tcl
testDefs.tcl: setting time out to 9000 seconds at Tue Jul 24 01:42:20 UTC 2018
18 ms. Memory: 116224K Free: 93929K (81%)
7 ms. Memory: 146944K Free: 135016K (92%)
/home/travis/build/icyphy/ptII/ptolemy/domains/de/test/RunDETestsAsQSS.tcl
Run the DE tests using ptolemy.domains.qss.test.QSSDirectorTest, which extends QSSDirector and prints a message in the constructors.
------------------ testing $PTII/ptolemy/domains/de/test/auto/knownFailedTests/dependencyLoop.xml (Known Failure) 
7 ms. Memory: 146944K Free: 131904K (90%)


==== $PTIIhome/travis/build/icyphy/ptII/ptolemy/domains/de/test/../../../../: Auto Automatic test in file $PTII/ptolemy/domains/de/test/auto/knownFailedTests/dependencyLoop.xml
==== Contents of test case:

	    # FIXME: we should use $relativeFilename here, but it
	    # might have backslashes under Windows, which causes no end
	    # of trouble.
	    createAndExecute $file
	    list {}
	
.... Test generated KNOWN error:
    while executing
ptolemy.kernel.util.IllegalActionException: Found a zero delay loop containing .dependencyLoop.original
  in .dependencyLoop and .dependencyLoop.original
	at ptolemy.actor.util.CausalityInterfaceForComposites._computeOutputPortDepth(CausalityInterfaceForComposites.java:759)
	at ptolemy.actor.util.CausalityInterfaceForComposites._computeInputDepth(CausalityInterfaceForComposites.java:696)
	at ptolemy.actor.util.CausalityInterfaceForComposites._computeOutputPortDepth(CausalityInterfaceForComposites.java:765)
	at ptolemy.actor.util.CausalityInterfaceForComposites._computeInputDepth(CausalityInterfaceForComposites.java:696)
	at ptolemy.actor.util.CausalityInterfaceForComposites._computeOutputPortDepth(CausalityInterfaceForComposites.java:765)
	at ptolemy.actor.util.CausalityInterfaceForComposites._computeInputDepth(CausalityInterfaceForComposites.java:696)
	at ptolemy.actor.util.CausalityInterfaceForComposites._computeActorDepth(CausalityInterfaceForComposites.java:532)
	at ptolemy.actor.util.CausalityInterfaceForComposites.checkForCycles(CausalityInterfaceForComposites.java:96)
	at ptolemy.domains.de.kernel.DEDirector.preinitialize(DEDirector.java:1338)
	at ptolemy.actor.CompositeActor.preinitialize(CompositeActor.java:1828)
	at ptolemy.actor.Manager.preinitializeAndResolveTypes(Manager.java:1040)
	at ptolemy.actor.Manager.initialize(Manager.java:710)
	at ptolemy.actor.Manager.execute(Manager.java:356)
	at ptolemy.actor.Manager.run(Manager.java:1263)
	at ptolemy.actor.Manager$PtolemyRunThread.run(Manager.java:1915)

    while executing
ptolemy.kernel.util.IllegalActionException: Found a zero delay loop containing .dependencyLoop.original
  in .dependencyLoop and .dependencyLoop.original
    while executing
"java::new ptolemy.moml.MoMLSimpleApplication $file
"
    (procedure "createAndExecute" line 2)
    invoked from within
"createAndExecute $file"
    ("uplevel" body line 5)
    invoked from within
"uplevel $contents_of_test"
------------------ testing $PTII/ptolemy/domains/de/test/auto/knownFailedTests/DESDFClockTest.xml (Known Failure) 
2067 ms. Memory: 146944K Free: 116388K (79%)


==== $PTIIhome/travis/build/icyphy/ptII/ptolemy/domains/de/test/../../../../: Auto Automatic test in file $PTII/ptolemy/domains/de/test/auto/knownFailedTests/DESDFClockTest.xml
==== Contents of test case:

	    # FIXME: we should use $relativeFilename here, but it
	    # might have backslashes under Windows, which causes no end
	    # of trouble.
	    createAndExecute $file
	    list {}
	
.... Test generated KNOWN error:
    while executing
ptolemy.kernel.util.IllegalActionException: Actor is not ready to fire.  Perhaps UpSample.prefire() returned false? Try debugging the actor by selecting "Listen to Actor".  Also, for SDF check moml for tokenConsumptionRate on input.
  in .DESDFClockTest.Play Bell.Copy1:SDF Director and .DESDFClockTest.Play Bell.UpSample
	at ptolemy.actor.sched.StaticSchedulingDirector.fire(StaticSchedulingDirector.java:227)
	at ptolemy.domains.sdf.kernel.SDFDirector.fire(SDFDirector.java:500)
	at ptolemy.actor.CompositeActor.fire(CompositeActor.java:455)
	at ptolemy.domains.de.kernel.DEDirector._fire(DEDirector.java:1949)
	at ptolemy.domains.de.kernel.DEDirector.fire(DEDirector.java:502)
	at ptolemy.actor.CompositeActor.fire(CompositeActor.java:455)
	at ptolemy.actor.Manager.iterate(Manager.java:851)
	at ptolemy.actor.Manager.execute(Manager.java:369)
	at ptolemy.actor.Manager.run(Manager.java:1263)
	at ptolemy.actor.Manager$PtolemyRunThread.run(Manager.java:1915)

    while executing
ptolemy.kernel.util.IllegalActionException: Actor is not ready to fire.  Perhaps UpSample.prefire() returned false? Try debugging the actor by selecting "Listen to Actor".  Also, for SDF check moml for tokenConsumptionRate on input.
  in .DESDFClockTest.Play Bell.Copy1:SDF Director and .DESDFClockTest.Play Bell.UpSample
    while executing
"java::new ptolemy.moml.MoMLSimpleApplication $file
"
    (procedure "createAndExecute" line 2)
    invoked from within
"createAndExecute $file"
    ("uplevel" body line 5)
    invoked from within
"uplevel $contents_of_test"
------------------ testing $PTII/ptolemy/domains/de/test/auto/knownFailedTests/FSMSource.xml (Known Failure) 
23 ms. Memory: 146944K Free: 106732K (73%)
!!!! Auto was marked as failing, but now passes
------------------ testing $PTII/ptolemy/domains/de/test/auto/knownFailedTests/dependencyLoop2.xml (Known Failure) 
7 ms. Memory: 146944K Free: 104849K (71%)


==== $PTIIhome/travis/build/icyphy/ptII/ptolemy/domains/de/test/../../../../: Auto Automatic test in file $PTII/ptolemy/domains/de/test/auto/knownFailedTests/dependencyLoop2.xml
==== Contents of test case:

	    # FIXME: we should use $relativeFilename here, but it
	    # might have backslashes under Windows, which causes no end
	    # of trouble.
	    createAndExecute $file
	    list {}
	
.... Test generated KNOWN error:
    while executing
ptolemy.kernel.util.IllegalActionException: Found a zero delay loop containing .dependencyLoop2.original
  in .dependencyLoop2 and .dependencyLoop2.original
	at ptolemy.actor.util.CausalityInterfaceForComposites._computeOutputPortDepth(CausalityInterfaceForComposites.java:759)
	at ptolemy.actor.util.CausalityInterfaceForComposites._computeInputDepth(CausalityInterfaceForComposites.java:696)
	at ptolemy.actor.util.CausalityInterfaceForComposites._computeOutputPortDepth(CausalityInterfaceForComposites.java:765)
	at ptolemy.actor.util.CausalityInterfaceForComposites._computeInputDepth(CausalityInterfaceForComposites.java:696)
	at ptolemy.actor.util.CausalityInterfaceForComposites._computeOutputPortDepth(CausalityInterfaceForComposites.java:765)
	at ptolemy.actor.util.CausalityInterfaceForComposites._computeInputDepth(CausalityInterfaceForComposites.java:696)
	at ptolemy.actor.util.CausalityInterfaceForComposites._computeActorDepth(CausalityInterfaceForComposites.java:532)
	at ptolemy.actor.util.CausalityInterfaceForComposites.checkForCycles(CausalityInterfaceForComposites.java:96)
	at ptolemy.domains.de.kernel.DEDirector.preinitialize(DEDirector.java:1338)
	at ptolemy.actor.CompositeActor.preinitialize(CompositeActor.java:1828)
	at ptolemy.actor.Manager.preinitializeAndResolveTypes(Manager.java:1040)
	at ptolemy.actor.Manager.initialize(Manager.java:710)
	at ptolemy.actor.Manager.execute(Manager.java:356)
	at ptolemy.actor.Manager.run(Manager.java:1263)
	at ptolemy.actor.Manager$PtolemyRunThread.run(Manager.java:1915)

    while executing
ptolemy.kernel.util.IllegalActionException: Found a zero delay loop containing .dependencyLoop2.original
  in .dependencyLoop2 and .dependencyLoop2.original
    while executing
"java::new ptolemy.moml.MoMLSimpleApplication $file
"
    (procedure "createAndExecute" line 2)
    invoked from within
"createAndExecute $file"
    ("uplevel" body line 5)
    invoked from within
"uplevel $contents_of_test"
------------------ testing $PTII/ptolemy/domains/de/test/auto/knownFailedTests/HierarchicalModel.xml (Known Failure) 
7 ms. Memory: 146944K Free: 84212K (57%)


==== $PTIIhome/travis/build/icyphy/ptII/ptolemy/domains/de/test/../../../../: Auto Automatic test in file $PTII/ptolemy/domains/de/test/auto/knownFailedTests/HierarchicalModel.xml
==== Contents of test case:

	    # FIXME: we should use $relativeFilename here, but it
	    # might have backslashes under Windows, which causes no end
	    # of trouble.
	    createAndExecute $file
	    list {}
	
.... Test generated KNOWN error:
    while executing
ptolemy.kernel.util.IllegalActionException: Found a zero delay loop containing .HierarchicalModel.A
  in .HierarchicalModel and .HierarchicalModel.A
	at ptolemy.actor.util.CausalityInterfaceForComposites._computeOutputPortDepth(CausalityInterfaceForComposites.java:759)
	at ptolemy.actor.util.CausalityInterfaceForComposites._computeInputDepth(CausalityInterfaceForComposites.java:696)
	at ptolemy.actor.util.CausalityInterfaceForComposites._computeOutputPortDepth(CausalityInterfaceForComposites.java:765)
	at ptolemy.actor.util.CausalityInterfaceForComposites._computeInputDepth(CausalityInterfaceForComposites.java:696)
	at ptolemy.actor.util.CausalityInterfaceForComposites._computeOutputPortDepth(CausalityInterfaceForComposites.java:765)
	at ptolemy.actor.util.CausalityInterfaceForComposites._computeInputDepth(CausalityInterfaceForComposites.java:696)
	at ptolemy.actor.util.CausalityInterfaceForComposites._computeActorDepth(CausalityInterfaceForComposites.java:532)
	at ptolemy.actor.util.CausalityInterfaceForComposites.checkForCycles(CausalityInterfaceForComposites.java:96)
	at ptolemy.domains.de.kernel.DEDirector.preinitialize(DEDirector.java:1338)
	at ptolemy.actor.CompositeActor.preinitialize(CompositeActor.java:1828)
	at ptolemy.actor.Manager.preinitializeAndResolveTypes(Manager.java:1040)
	at ptolemy.actor.Manager.initialize(Manager.java:710)
	at ptolemy.actor.Manager.execute(Manager.java:356)
	at ptolemy.actor.Manager.run(Manager.java:1263)
	at ptolemy.actor.Manager$PtolemyRunThread.run(Manager.java:1915)

    while executing
ptolemy.kernel.util.IllegalActionException: Found a zero delay loop containing .HierarchicalModel.A
  in .HierarchicalModel and .HierarchicalModel.A
    while executing
"java::new ptolemy.moml.MoMLSimpleApplication $file
"
    (procedure "createAndExecute" line 2)
    invoked from within
"createAndExecute $file"
    ("uplevel" body line 5)
    invoked from within
"uplevel $contents_of_test"
------------------ testing $PTII/ptolemy/domains/de/test/auto/knownFailedTests/DirectFeedback.xml (Known Failure) 
8 ms. Memory: 146944K Free: 140042K (95%)


==== $PTIIhome/travis/build/icyphy/ptII/ptolemy/domains/de/test/../../../../: Auto Automatic test in file $PTII/ptolemy/domains/de/test/auto/knownFailedTests/DirectFeedback.xml
==== Contents of test case:

	    # FIXME: we should use $relativeFilename here, but it
	    # might have backslashes under Windows, which causes no end
	    # of trouble.
	    createAndExecute $file
	    list {}
	
.... Test generated KNOWN error:
    while executing
ptolemy.kernel.util.IllegalActionException: Test fails in iteration 1.
Value was: 1.0. Should have been: 2.0
  in .DirectFeedback.Test
	at ptolemy.actor.lib.Test.fire(Test.java:268)
	at ptolemy.domains.de.kernel.DEDirector._fire(DEDirector.java:1949)
	at ptolemy.domains.de.kernel.DEDirector.fire(DEDirector.java:502)
	at ptolemy.actor.CompositeActor.fire(CompositeActor.java:455)
	at ptolemy.actor.Manager.iterate(Manager.java:851)
	at ptolemy.actor.Manager.execute(Manager.java:369)
	at ptolemy.actor.Manager.run(Manager.java:1263)
	at ptolemy.actor.Manager$PtolemyRunThread.run(Manager.java:1915)

    while executing
ptolemy.kernel.util.IllegalActionException: Test fails in iteration 1.
Value was: 1.0. Should have been: 2.0
  in .DirectFeedback.Test
    while executing
"java::new ptolemy.moml.MoMLSimpleApplication $file
"
    (procedure "createAndExecute" line 2)
    invoked from within
"createAndExecute $file"
    ("uplevel" body line 5)
    invoked from within
"uplevel $contents_of_test"
------------------ testing $PTII/ptolemy/domains/de/test/auto/ActorDepthCalculation_actorWithoutPorts.xml
auto.tcl: Setting watchdog for 200 seconds at Tue Jul 24 01:42:24 UTC 2018
5 ms. Memory: 146944K Free: 132349K (90%)
ptolemy.util.test.WatchDog.cancel(): canceling Tue Jul 24 01:42:24 UTC 2018
auto.tcl: Setting watchdog for 200 seconds at Tue Jul 24 01:42:24 UTC 2018
5 ms. Memory: 146944K Free: 131302K (89%)
ptolemy.util.test.WatchDog.cancel(): canceling Tue Jul 24 01:42:24 UTC 2018
------------------ testing $PTII/ptolemy/domains/de/test/auto/AssemblyLine.xml
auto.tcl: Setting watchdog for 200 seconds at Tue Jul 24 01:42:24 UTC 2018
21 ms. Memory: 208384K Free: 186322K (89%)
ptolemy.util.test.WatchDog.cancel(): canceling Tue Jul 24 01:42:24 UTC 2018
auto.tcl: Setting watchdog for 200 seconds at Tue Jul 24 01:42:24 UTC 2018
12 ms. Memory: 208384K Free: 186322K (89%)
ptolemy.util.test.WatchDog.cancel(): canceling Tue Jul 24 01:42:24 UTC 2018
------------------ testing $PTII/ptolemy/domains/de/test/auto/CQBug1.xml
auto.tcl: Setting watchdog for 200 seconds at Tue Jul 24 01:42:24 UTC 2018
4 ms. Memory: 208384K Free: 197718K (95%)
ptolemy.util.test.WatchDog.cancel(): canceling Tue Jul 24 01:42:24 UTC 2018
auto.tcl: Setting watchdog for 200 seconds at Tue Jul 24 01:42:24 UTC 2018
2 ms. Memory: 208384K Free: 197718K (95%)
ptolemy.util.test.WatchDog.cancel(): canceling Tue Jul 24 01:42:24 UTC 2018
------------------ testing $PTII/ptolemy/domains/de/test/auto/CancelFireAt.xml
auto.tcl: Setting watchdog for 200 seconds at Tue Jul 24 01:42:24 UTC 2018
11 ms. Memory: 208384K Free: 201100K (97%)
ptolemy.util.test.WatchDog.cancel(): canceling Tue Jul 24 01:42:24 UTC 2018
auto.tcl: Setting watchdog for 200 seconds at Tue Jul 24 01:42:24 UTC 2018
6 ms. Memory: 208384K Free: 199001K (95%)
ptolemy.util.test.WatchDog.cancel(): canceling Tue Jul 24 01:42:24 UTC 2018
------------------ testing $PTII/ptolemy/domains/de/test/auto/CausalityAndComposabilityAnalysis.xml
auto.tcl: Setting watchdog for 200 seconds at Tue Jul 24 01:42:24 UTC 2018
21 ms. Memory: 208384K Free: 196500K (94%)
ptolemy.util.test.WatchDog.cancel(): canceling Tue Jul 24 01:42:24 UTC 2018
auto.tcl: Setting watchdog for 200 seconds at Tue Jul 24 01:42:24 UTC 2018
7 ms. Memory: 208384K Free: 196500K (94%)
ptolemy.util.test.WatchDog.cancel(): canceling Tue Jul 24 01:42:25 UTC 2018
------------------ testing $PTII/ptolemy/domains/de/test/auto/CausalityInterface1.xml
auto.tcl: Setting watchdog for 200 seconds at Tue Jul 24 01:42:25 UTC 2018
27 ms. Memory: 208384K Free: 196435K (94%)
ptolemy.util.test.WatchDog.cancel(): canceling Tue Jul 24 01:42:25 UTC 2018
auto.tcl: Setting watchdog for 200 seconds at Tue Jul 24 01:42:25 UTC 2018
7 ms. Memory: 208384K Free: 196435K (94%)
ptolemy.util.test.WatchDog.cancel(): canceling Tue Jul 24 01:42:25 UTC 2018
------------------ testing $PTII/ptolemy/domains/de/test/auto/CausalityInterface15.xml
auto.tcl: Setting watchdog for 200 seconds at Tue Jul 24 01:42:25 UTC 2018
5 ms. Memory: 208384K Free: 196426K (94%)
ptolemy.util.test.WatchDog.cancel(): canceling Tue Jul 24 01:42:25 UTC 2018
auto.tcl: Setting watchdog for 200 seconds at Tue Jul 24 01:42:25 UTC 2018
8 ms. Memory: 208384K Free: 196426K (94%)
ptolemy.util.test.WatchDog.cancel(): canceling Tue Jul 24 01:42:25 UTC 2018
------------------ testing $PTII/ptolemy/domains/de/test/auto/CausalityInterface2.xml
auto.tcl: Setting watchdog for 200 seconds at Tue Jul 24 01:42:25 UTC 2018
9 ms. Memory: 208384K Free: 196411K (94%)
ptolemy.util.test.WatchDog.cancel(): canceling Tue Jul 24 01:42:25 UTC 2018
auto.tcl: Setting watchdog for 200 seconds at Tue Jul 24 01:42:25 UTC 2018
3 ms. Memory: 208384K Free: 196411K (94%)
ptolemy.util.test.WatchDog.cancel(): canceling Tue Jul 24 01:42:25 UTC 2018
------------------ testing $PTII/ptolemy/domains/de/test/auto/CausalityInterface3.xml
auto.tcl: Setting watchdog for 200 seconds at Tue Jul 24 01:42:25 UTC 2018
7 ms. Memory: 208384K Free: 196424K (94%)
ptolemy.util.test.WatchDog.cancel(): canceling Tue Jul 24 01:42:25 UTC 2018
auto.tcl: Setting watchdog for 200 seconds at Tue Jul 24 01:42:25 UTC 2018
3 ms. Memory: 208384K Free: 196424K (94%)
ptolemy.util.test.WatchDog.cancel(): canceling Tue Jul 24 01:42:25 UTC 2018
------------------ testing $PTII/ptolemy/domains/de/test/auto/ClockDrift.xml
auto.tcl: Setting watchdog for 200 seconds at Tue Jul 24 01:42:25 UTC 2018
99 ms. Memory: 208384K Free: 187658K (90%)
ptolemy.util.test.WatchDog.cancel(): canceling Tue Jul 24 01:42:25 UTC 2018
auto.tcl: Setting watchdog for 200 seconds at Tue Jul 24 01:42:25 UTC 2018
70 ms. Memory: 208384K Free: 185559K (89%)
ptolemy.util.test.WatchDog.cancel(): canceling Tue Jul 24 01:42:25 UTC 2018
------------------ testing $PTII/ptolemy/domains/de/test/auto/ClockDriftAndValueChange.xml
auto.tcl: Setting watchdog for 200 seconds at Tue Jul 24 01:42:25 UTC 2018
41 ms. Memory: 208384K Free: 187490K (90%)
ptolemy.util.test.WatchDog.cancel(): canceling Tue Jul 24 01:42:25 UTC 2018
auto.tcl: Setting watchdog for 200 seconds at Tue Jul 24 01:42:25 UTC 2018
26 ms. Memory: 208384K Free: 185391K (89%)
ptolemy.util.test.WatchDog.cancel(): canceling Tue Jul 24 01:42:25 UTC 2018
------------------ testing $PTII/ptolemy/domains/de/test/auto/ClockDriftChange.xml
auto.tcl: Setting watchdog for 200 seconds at Tue Jul 24 01:42:25 UTC 2018
33 ms. Memory: 208384K Free: 190814K (92%)
ptolemy.util.test.WatchDog.cancel(): canceling Tue Jul 24 01:42:26 UTC 2018
auto.tcl: Setting watchdog for 200 seconds at Tue Jul 24 01:42:26 UTC 2018
30 ms. Memory: 208384K Free: 188715K (91%)
ptolemy.util.test.WatchDog.cancel(): canceling Tue Jul 24 01:42:26 UTC 2018
------------------ testing $PTII/ptolemy/domains/de/test/auto/ComposableCausalityAnalysis.xml
auto.tcl: Setting watchdog for 200 seconds at Tue Jul 24 01:42:26 UTC 2018
3 ms. Memory: 208384K Free: 196279K (94%)
ptolemy.util.test.WatchDog.cancel(): canceling Tue Jul 24 01:42:26 UTC 2018
auto.tcl: Setting watchdog for 200 seconds at Tue Jul 24 01:42:26 UTC 2018
4 ms. Memory: 208384K Free: 194180K (93%)
ptolemy.util.test.WatchDog.cancel(): canceling Tue Jul 24 01:42:26 UTC 2018
------------------ testing $PTII/ptolemy/domains/de/test/auto/DEFixedPointLimitation.xml
auto.tcl: Setting watchdog for 200 seconds at Tue Jul 24 01:42:26 UTC 2018
2 ms. Memory: 208384K Free: 196157K (94%)
ptolemy.util.test.WatchDog.cancel(): canceling Tue Jul 24 01:42:26 UTC 2018
auto.tcl: Setting watchdog for 200 seconds at Tue Jul 24 01:42:26 UTC 2018
2 ms. Memory: 208384K Free: 196157K (94%)
ptolemy.util.test.WatchDog.cancel(): canceling Tue Jul 24 01:42:26 UTC 2018
------------------ testing $PTII/ptolemy/domains/de/test/auto/DEScheduleTest.xml
auto.tcl: Setting watchdog for 200 seconds at Tue Jul 24 01:42:26 UTC 2018
4 ms. Memory: 208384K Free: 198290K (95%)
ptolemy.util.test.WatchDog.cancel(): canceling Tue Jul 24 01:42:26 UTC 2018
auto.tcl: Setting watchdog for 200 seconds at Tue Jul 24 01:42:26 UTC 2018
7 ms. Memory: 208384K Free: 196192K (94%)
ptolemy.util.test.WatchDog.cancel(): canceling Tue Jul 24 01:42:26 UTC 2018
------------------ testing $PTII/ptolemy/domains/de/test/auto/DEinDEwithStartTimes.xml
auto.tcl: Setting watchdog for 200 seconds at Tue Jul 24 01:42:26 UTC 2018
7 ms. Memory: 208384K Free: 196161K (94%)
ptolemy.util.test.WatchDog.cancel(): canceling Tue Jul 24 01:42:26 UTC 2018
auto.tcl: Setting watchdog for 200 seconds at Tue Jul 24 01:42:26 UTC 2018
8 ms. Memory: 208384K Free: 194062K (93%)
ptolemy.util.test.WatchDog.cancel(): canceling Tue Jul 24 01:42:26 UTC 2018
------------------ testing $PTII/ptolemy/domains/de/test/auto/DEinDEwithStartTimes2.xml
auto.tcl: Setting watchdog for 200 seconds at Tue Jul 24 01:42:26 UTC 2018
8 ms. Memory: 208384K Free: 196140K (94%)
ptolemy.util.test.WatchDog.cancel(): canceling Tue Jul 24 01:42:26 UTC 2018
auto.tcl: Setting watchdog for 200 seconds at Tue Jul 24 01:42:26 UTC 2018
5 ms. Memory: 208384K Free: 194041K (93%)
ptolemy.util.test.WatchDog.cancel(): canceling Tue Jul 24 01:42:26 UTC 2018
------------------ testing $PTII/ptolemy/domains/de/test/auto/DateDemo.xml
auto.tcl: Setting watchdog for 200 seconds at Tue Jul 24 01:42:26 UTC 2018
17 ms. Memory: 208384K Free: 188580K (90%)
ptolemy.util.test.WatchDog.cancel(): canceling Tue Jul 24 01:42:26 UTC 2018
auto.tcl: Setting watchdog for 200 seconds at Tue Jul 24 01:42:26 UTC 2018
9 ms. Memory: 208384K Free: 186481K (89%)
ptolemy.util.test.WatchDog.cancel(): canceling Tue Jul 24 01:42:26 UTC 2018
------------------ testing $PTII/ptolemy/domains/de/test/auto/DateToEvent.xml
auto.tcl: Setting watchdog for 200 seconds at Tue Jul 24 01:42:26 UTC 2018
2019 ms. Memory: 208384K Free: 183311K (88%)
ptolemy.util.test.WatchDog.cancel(): canceling Tue Jul 24 01:42:28 UTC 2018
auto.tcl: Setting watchdog for 200 seconds at Tue Jul 24 01:42:28 UTC 2018
2009 ms. Memory: 208384K Free: 180854K (87%)
ptolemy.util.test.WatchDog.cancel(): canceling Tue Jul 24 01:42:30 UTC 2018
------------------ testing $PTII/ptolemy/domains/de/test/auto/DepthTest1.xml
auto.tcl: Setting watchdog for 200 seconds at Tue Jul 24 01:42:30 UTC 2018
5 ms. Memory: 208384K Free: 197817K (95%)
ptolemy.util.test.WatchDog.cancel(): canceling Tue Jul 24 01:42:31 UTC 2018
auto.tcl: Setting watchdog for 200 seconds at Tue Jul 24 01:42:31 UTC 2018
2 ms. Memory: 208384K Free: 197817K (95%)
ptolemy.util.test.WatchDog.cancel(): canceling Tue Jul 24 01:42:31 UTC 2018
------------------ testing $PTII/ptolemy/domains/de/test/auto/DepthTest2.xml
auto.tcl: Setting watchdog for 200 seconds at Tue Jul 24 01:42:31 UTC 2018
3 ms. Memory: 208384K Free: 194021K (93%)
ptolemy.util.test.WatchDog.cancel(): canceling Tue Jul 24 01:42:31 UTC 2018
auto.tcl: Setting watchdog for 200 seconds at Tue Jul 24 01:42:31 UTC 2018
3 ms. Memory: 208384K Free: 194021K (93%)
ptolemy.util.test.WatchDog.cancel(): canceling Tue Jul 24 01:42:31 UTC 2018
------------------ testing $PTII/ptolemy/domains/de/test/auto/DepthTest3.xml
auto.tcl: Setting watchdog for 200 seconds at Tue Jul 24 01:42:31 UTC 2018
3 ms. Memory: 208384K Free: 198153K (95%)
ptolemy.util.test.WatchDog.cancel(): canceling Tue Jul 24 01:42:31 UTC 2018
auto.tcl: Setting watchdog for 200 seconds at Tue Jul 24 01:42:31 UTC 2018
2 ms. Memory: 208384K Free: 198153K (95%)
ptolemy.util.test.WatchDog.cancel(): canceling Tue Jul 24 01:42:31 UTC 2018
------------------ testing $PTII/ptolemy/domains/de/test/auto/DepthTest4.xml
auto.tcl: Setting watchdog for 200 seconds at Tue Jul 24 01:42:31 UTC 2018
3 ms. Memory: 208384K Free: 196141K (94%)
ptolemy.util.test.WatchDog.cancel(): canceling Tue Jul 24 01:42:31 UTC 2018
auto.tcl: Setting watchdog for 200 seconds at Tue Jul 24 01:42:31 UTC 2018
3 ms. Memory: 208384K Free: 196141K (94%)
ptolemy.util.test.WatchDog.cancel(): canceling Tue Jul 24 01:42:31 UTC 2018
------------------ testing $PTII/ptolemy/domains/de/test/auto/DepthTest5.xml
auto.tcl: Setting watchdog for 200 seconds at Tue Jul 24 01:42:31 UTC 2018
6 ms. Memory: 208384K Free: 196088K (94%)
ptolemy.util.test.WatchDog.cancel(): canceling Tue Jul 24 01:42:31 UTC 2018
auto.tcl: Setting watchdog for 200 seconds at Tue Jul 24 01:42:31 UTC 2018
4 ms. Memory: 208384K Free: 196088K (94%)
ptolemy.util.test.WatchDog.cancel(): canceling Tue Jul 24 01:42:31 UTC 2018
------------------ testing $PTII/ptolemy/domains/de/test/auto/DepthTest6.xml
auto.tcl: Setting watchdog for 200 seconds at Tue Jul 24 01:42:31 UTC 2018
10 ms. Memory: 208384K Free: 196393K (94%)
ptolemy.util.test.WatchDog.cancel(): canceling Tue Jul 24 01:42:31 UTC 2018
auto.tcl: Setting watchdog for 200 seconds at Tue Jul 24 01:42:31 UTC 2018
3 ms. Memory: 208384K Free: 196393K (94%)
ptolemy.util.test.WatchDog.cancel(): canceling Tue Jul 24 01:42:31 UTC 2018
------------------ testing $PTII/ptolemy/domains/de/test/auto/DepthTest7.xml
auto.tcl: Setting watchdog for 200 seconds at Tue Jul 24 01:42:31 UTC 2018
3 ms. Memory: 208384K Free: 196046K (94%)
ptolemy.util.test.WatchDog.cancel(): canceling Tue Jul 24 01:42:31 UTC 2018
auto.tcl: Setting watchdog for 200 seconds at Tue Jul 24 01:42:31 UTC 2018
3 ms. Memory: 208384K Free: 196046K (94%)
ptolemy.util.test.WatchDog.cancel(): canceling Tue Jul 24 01:42:31 UTC 2018
------------------ testing $PTII/ptolemy/domains/de/test/auto/EventToDate.xml
auto.tcl: Setting watchdog for 200 seconds at Tue Jul 24 01:42:31 UTC 2018
3008 ms. Memory: 208384K Free: 185572K (89%)
ptolemy.util.test.WatchDog.cancel(): canceling Tue Jul 24 01:42:34 UTC 2018
auto.tcl: Setting watchdog for 200 seconds at Tue Jul 24 01:42:34 UTC 2018
3004 ms. Memory: 208384K Free: 185572K (89%)
ptolemy.util.test.WatchDog.cancel(): canceling Tue Jul 24 01:42:37 UTC 2018
------------------ testing $PTII/ptolemy/domains/de/test/auto/FSM1.xml
auto.tcl: Setting watchdog for 200 seconds at Tue Jul 24 01:42:37 UTC 2018
21 ms. Memory: 208384K Free: 189100K (91%)
ptolemy.util.test.WatchDog.cancel(): canceling Tue Jul 24 01:42:37 UTC 2018
auto.tcl: Setting watchdog for 200 seconds at Tue Jul 24 01:42:37 UTC 2018
23 ms. Memory: 208384K Free: 184902K (89%)
ptolemy.util.test.WatchDog.cancel(): canceling Tue Jul 24 01:42:37 UTC 2018
------------------ testing $PTII/ptolemy/domains/de/test/auto/FSM7.xml
auto.tcl: Setting watchdog for 200 seconds at Tue Jul 24 01:42:37 UTC 2018
18 ms. Memory: 208384K Free: 187541K (90%)
ptolemy.util.test.WatchDog.cancel(): canceling Tue Jul 24 01:42:37 UTC 2018
auto.tcl: Setting watchdog for 200 seconds at Tue Jul 24 01:42:37 UTC 2018
17 ms. Memory: 208384K Free: 185105K (89%)
ptolemy.util.test.WatchDog.cancel(): canceling Tue Jul 24 01:42:37 UTC 2018
------------------ testing $PTII/ptolemy/domains/de/test/auto/Inspection.xml
auto.tcl: Setting watchdog for 200 seconds at Tue Jul 24 01:42:37 UTC 2018
52 ms. Memory: 208384K Free: 188419K (90%)
ptolemy.util.test.WatchDog.cancel(): canceling Tue Jul 24 01:42:38 UTC 2018
auto.tcl: Setting watchdog for 200 seconds at Tue Jul 24 01:42:38 UTC 2018
47 ms. Memory: 208384K Free: 186320K (89%)
ptolemy.util.test.WatchDog.cancel(): canceling Tue Jul 24 01:42:38 UTC 2018
------------------ testing $PTII/ptolemy/domains/de/test/auto/Iteration.xml
auto.tcl: Setting watchdog for 200 seconds at Tue Jul 24 01:42:38 UTC 2018
11 ms. Memory: 208384K Free: 195854K (94%)
ptolemy.util.test.WatchDog.cancel(): canceling Tue Jul 24 01:42:38 UTC 2018
auto.tcl: Setting watchdog for 200 seconds at Tue Jul 24 01:42:38 UTC 2018
11 ms. Memory: 208384K Free: 193755K (93%)
ptolemy.util.test.WatchDog.cancel(): canceling Tue Jul 24 01:42:38 UTC 2018
------------------ testing $PTII/ptolemy/domains/de/test/auto/LineFault.xml
auto.tcl: Setting watchdog for 200 seconds at Tue Jul 24 01:42:38 UTC 2018
946 ms. Memory: 208384K Free: 195967K (94%)
ptolemy.util.test.WatchDog.cancel(): canceling Tue Jul 24 01:42:39 UTC 2018
auto.tcl: Setting watchdog for 200 seconds at Tue Jul 24 01:42:39 UTC 2018
765 ms. Memory: 208384K Free: 138667K (67%)
ptolemy.util.test.WatchDog.cancel(): canceling Tue Jul 24 01:42:40 UTC 2018
------------------ testing $PTII/ptolemy/domains/de/test/auto/MergeModel1Add.xml
auto.tcl: Setting watchdog for 200 seconds at Tue Jul 24 01:42:40 UTC 2018
32 ms. Memory: 331264K Free: 298669K (90%)
ptolemy.util.test.WatchDog.cancel(): canceling Tue Jul 24 01:42:40 UTC 2018
auto.tcl: Setting watchdog for 200 seconds at Tue Jul 24 01:42:40 UTC 2018
21 ms. Memory: 331264K Free: 298669K (90%)
ptolemy.util.test.WatchDog.cancel(): canceling Tue Jul 24 01:42:40 UTC 2018
------------------ testing $PTII/ptolemy/domains/de/test/auto/MergeModel2Add.xml
auto.tcl: Setting watchdog for 200 seconds at Tue Jul 24 01:42:40 UTC 2018
16 ms. Memory: 331264K Free: 303954K (92%)
ptolemy.util.test.WatchDog.cancel(): canceling Tue Jul 24 01:42:40 UTC 2018
auto.tcl: Setting watchdog for 200 seconds at Tue Jul 24 01:42:40 UTC 2018
13 ms. Memory: 331264K Free: 300008K (91%)
ptolemy.util.test.WatchDog.cancel(): canceling Tue Jul 24 01:42:40 UTC 2018
------------------ testing $PTII/ptolemy/domains/de/test/auto/MergeModel3Add.xml
auto.tcl: Setting watchdog for 200 seconds at Tue Jul 24 01:42:40 UTC 2018
10 ms. Memory: 331264K Free: 303964K (92%)
ptolemy.util.test.WatchDog.cancel(): canceling Tue Jul 24 01:42:40 UTC 2018
auto.tcl: Setting watchdog for 200 seconds at Tue Jul 24 01:42:40 UTC 2018
9 ms. Memory: 331264K Free: 300017K (91%)
ptolemy.util.test.WatchDog.cancel(): canceling Tue Jul 24 01:42:40 UTC 2018
------------------ testing $PTII/ptolemy/domains/de/test/auto/MergeWithoutDiscard.xml
auto.tcl: Setting watchdog for 200 seconds at Tue Jul 24 01:42:40 UTC 2018
5 ms. Memory: 331264K Free: 319631K (96%)
ptolemy.util.test.WatchDog.cancel(): canceling Tue Jul 24 01:42:40 UTC 2018
auto.tcl: Setting watchdog for 200 seconds at Tue Jul 24 01:42:40 UTC 2018
1 ms. Memory: 331264K Free: 315685K (95%)
ptolemy.util.test.WatchDog.cancel(): canceling Tue Jul 24 01:42:40 UTC 2018
------------------ testing $PTII/ptolemy/domains/de/test/auto/Modal1.xml
auto.tcl: Setting watchdog for 200 seconds at Tue Jul 24 01:42:40 UTC 2018
13 ms. Memory: 331264K Free: 309292K (93%)
ptolemy.util.test.WatchDog.cancel(): canceling Tue Jul 24 01:42:40 UTC 2018
auto.tcl: Setting watchdog for 200 seconds at Tue Jul 24 01:42:40 UTC 2018
16 ms. Memory: 331264K Free: 305346K (92%)
ptolemy.util.test.WatchDog.cancel(): canceling Tue Jul 24 01:42:40 UTC 2018
------------------ testing $PTII/ptolemy/domains/de/test/auto/Modal2.xml
auto.tcl: Setting watchdog for 200 seconds at Tue Jul 24 01:42:40 UTC 2018
20 ms. Memory: 331264K Free: 309175K (93%)
ptolemy.util.test.WatchDog.cancel(): canceling Tue Jul 24 01:42:41 UTC 2018
auto.tcl: Setting watchdog for 200 seconds at Tue Jul 24 01:42:41 UTC 2018
21 ms. Memory: 331264K Free: 305228K (92%)
ptolemy.util.test.WatchDog.cancel(): canceling Tue Jul 24 01:42:41 UTC 2018
------------------ testing $PTII/ptolemy/domains/de/test/auto/Modal3.xml
auto.tcl: Setting watchdog for 200 seconds at Tue Jul 24 01:42:41 UTC 2018
13 ms. Memory: 331264K Free: 304250K (92%)
ptolemy.util.test.WatchDog.cancel(): canceling Tue Jul 24 01:42:41 UTC 2018
auto.tcl: Setting watchdog for 200 seconds at Tue Jul 24 01:42:41 UTC 2018
21 ms. Memory: 331264K Free: 300303K (91%)
ptolemy.util.test.WatchDog.cancel(): canceling Tue Jul 24 01:42:41 UTC 2018
------------------ testing $PTII/ptolemy/domains/de/test/auto/Modal4.xml
auto.tcl: Setting watchdog for 200 seconds at Tue Jul 24 01:42:41 UTC 2018
28 ms. Memory: 331264K Free: 308969K (93%)
ptolemy.util.test.WatchDog.cancel(): canceling Tue Jul 24 01:42:41 UTC 2018
auto.tcl: Setting watchdog for 200 seconds at Tue Jul 24 01:42:41 UTC 2018
29 ms. Memory: 331264K Free: 305023K (92%)
ptolemy.util.test.WatchDog.cancel(): canceling Tue Jul 24 01:42:41 UTC 2018
------------------ testing $PTII/ptolemy/domains/de/test/auto/Modal5.xml
auto.tcl: Setting watchdog for 200 seconds at Tue Jul 24 01:42:41 UTC 2018
20 ms. Memory: 331264K Free: 308955K (93%)
ptolemy.util.test.WatchDog.cancel(): canceling Tue Jul 24 01:42:41 UTC 2018
auto.tcl: Setting watchdog for 200 seconds at Tue Jul 24 01:42:41 UTC 2018
27 ms. Memory: 331264K Free: 305008K (92%)
ptolemy.util.test.WatchDog.cancel(): canceling Tue Jul 24 01:42:41 UTC 2018
------------------ testing $PTII/ptolemy/domains/de/test/auto/Modal6.xml
auto.tcl: Setting watchdog for 200 seconds at Tue Jul 24 01:42:41 UTC 2018
13 ms. Memory: 331264K Free: 308952K (93%)
ptolemy.util.test.WatchDog.cancel(): canceling Tue Jul 24 01:42:41 UTC 2018
auto.tcl: Setting watchdog for 200 seconds at Tue Jul 24 01:42:41 UTC 2018
16 ms. Memory: 331264K Free: 305005K (92%)
ptolemy.util.test.WatchDog.cancel(): canceling Tue Jul 24 01:42:41 UTC 2018
------------------ testing $PTII/ptolemy/domains/de/test/auto/Modal7.xml
auto.tcl: Setting watchdog for 200 seconds at Tue Jul 24 01:42:41 UTC 2018
11 ms. Memory: 331264K Free: 308952K (93%)
ptolemy.util.test.WatchDog.cancel(): canceling Tue Jul 24 01:42:41 UTC 2018
auto.tcl: Setting watchdog for 200 seconds at Tue Jul 24 01:42:41 UTC 2018
12 ms. Memory: 331264K Free: 305006K (92%)
ptolemy.util.test.WatchDog.cancel(): canceling Tue Jul 24 01:42:41 UTC 2018
------------------ testing $PTII/ptolemy/domains/de/test/auto/ModalModel.xml
auto.tcl: Setting watchdog for 200 seconds at Tue Jul 24 01:42:41 UTC 2018
216 ms. Memory: 331264K Free: 245359K (74%)
ptolemy.util.test.WatchDog.cancel(): canceling Tue Jul 24 01:42:42 UTC 2018
auto.tcl: Setting watchdog for 200 seconds at Tue Jul 24 01:42:42 UTC 2018
242 ms. Memory: 331264K Free: 189941K (57%)
ptolemy.util.test.WatchDog.cancel(): canceling Tue Jul 24 01:42:42 UTC 2018
------------------ testing $PTII/ptolemy/domains/de/test/auto/ModalSource.xml
auto.tcl: Setting watchdog for 200 seconds at Tue Jul 24 01:42:42 UTC 2018
7 ms. Memory: 331264K Free: 315719K (95%)
ptolemy.util.test.WatchDog.cancel(): canceling Tue Jul 24 01:42:42 UTC 2018
auto.tcl: Setting watchdog for 200 seconds at Tue Jul 24 01:42:42 UTC 2018
7 ms. Memory: 331264K Free: 312189K (94%)
ptolemy.util.test.WatchDog.cancel(): canceling Tue Jul 24 01:42:42 UTC 2018
------------------ testing $PTII/ptolemy/domains/de/test/auto/NonInterruptibleTimerZeroDelay.xml
auto.tcl: Setting watchdog for 200 seconds at Tue Jul 24 01:42:42 UTC 2018
4 ms. Memory: 331264K Free: 320087K (97%)
ptolemy.util.test.WatchDog.cancel(): canceling Tue Jul 24 01:42:42 UTC 2018
auto.tcl: Setting watchdog for 200 seconds at Tue Jul 24 01:42:42 UTC 2018
3 ms. Memory: 331264K Free: 316557K (96%)
ptolemy.util.test.WatchDog.cancel(): canceling Tue Jul 24 01:42:42 UTC 2018
------------------ testing $PTII/ptolemy/domains/de/test/auto/OpenQueueingNetwork.xml
auto.tcl: Setting watchdog for 200 seconds at Tue Jul 24 01:42:42 UTC 2018
3641 ms. Memory: 317952K Free: 145655K (46%)
ptolemy.util.test.WatchDog.cancel(): canceling Tue Jul 24 01:42:46 UTC 2018
auto.tcl: Setting watchdog for 200 seconds at Tue Jul 24 01:42:46 UTC 2018
3047 ms. Memory: 287232K Free: 214076K (75%)
ptolemy.util.test.WatchDog.cancel(): canceling Tue Jul 24 01:42:49 UTC 2018
------------------ testing $PTII/ptolemy/domains/de/test/auto/OpenQueuingNetwork.xml
auto.tcl: Setting watchdog for 200 seconds at Tue Jul 24 01:42:49 UTC 2018
333 ms. Memory: 287232K Free: 187050K (65%)
ptolemy.util.test.WatchDog.cancel(): canceling Tue Jul 24 01:42:49 UTC 2018
auto.tcl: Setting watchdog for 200 seconds at Tue Jul 24 01:42:49 UTC 2018
310 ms. Memory: 287232K Free: 127277K (44%)
ptolemy.util.test.WatchDog.cancel(): canceling Tue Jul 24 01:42:50 UTC 2018
------------------ testing $PTII/ptolemy/domains/de/test/auto/PeriodicSampler.xml
auto.tcl: Setting watchdog for 200 seconds at Tue Jul 24 01:42:50 UTC 2018
5 ms. Memory: 289792K Free: 274095K (95%)
ptolemy.util.test.WatchDog.cancel(): canceling Tue Jul 24 01:42:50 UTC 2018
auto.tcl: Setting watchdog for 200 seconds at Tue Jul 24 01:42:50 UTC 2018
3 ms. Memory: 289792K Free: 274095K (95%)
ptolemy.util.test.WatchDog.cancel(): canceling Tue Jul 24 01:42:50 UTC 2018
------------------ testing $PTII/ptolemy/domains/de/test/auto/PersistentIO.xml
auto.tcl: Setting watchdog for 200 seconds at Tue Jul 24 01:42:50 UTC 2018
13 ms. Memory: 287232K Free: 266385K (93%)
ptolemy.util.test.WatchDog.cancel(): canceling Tue Jul 24 01:42:50 UTC 2018
auto.tcl: Setting watchdog for 200 seconds at Tue Jul 24 01:42:50 UTC 2018
4 ms. Memory: 287232K Free: 266385K (93%)
ptolemy.util.test.WatchDog.cancel(): canceling Tue Jul 24 01:42:50 UTC 2018
------------------ testing $PTII/ptolemy/domains/de/test/auto/PortParameterResetOnInitialize.xml
auto.tcl: Setting watchdog for 200 seconds at Tue Jul 24 01:42:50 UTC 2018
3 ms. Memory: 289280K Free: 273950K (95%)
ptolemy.util.test.WatchDog.cancel(): canceling Tue Jul 24 01:42:50 UTC 2018
auto.tcl: Setting watchdog for 200 seconds at Tue Jul 24 01:42:50 UTC 2018
2 ms. Memory: 289280K Free: 273950K (95%)
ptolemy.util.test.WatchDog.cancel(): canceling Tue Jul 24 01:42:50 UTC 2018
------------------ testing $PTII/ptolemy/domains/de/test/auto/PortParameterUpdates.xml
auto.tcl: Setting watchdog for 200 seconds at Tue Jul 24 01:42:50 UTC 2018
5 ms. Memory: 287232K Free: 274085K (95%)
ptolemy.util.test.WatchDog.cancel(): canceling Tue Jul 24 01:42:50 UTC 2018
auto.tcl: Setting watchdog for 200 seconds at Tue Jul 24 01:42:50 UTC 2018
5 ms. Memory: 287232K Free: 271195K (94%)
ptolemy.util.test.WatchDog.cancel(): canceling Tue Jul 24 01:42:50 UTC 2018
------------------ testing $PTII/ptolemy/domains/de/test/auto/QueueAndServer.xml
auto.tcl: Setting watchdog for 200 seconds at Tue Jul 24 01:42:50 UTC 2018
8 ms. Memory: 289280K Free: 273207K (94%)
ptolemy.util.test.WatchDog.cancel(): canceling Tue Jul 24 01:42:50 UTC 2018
auto.tcl: Setting watchdog for 200 seconds at Tue Jul 24 01:42:50 UTC 2018
8 ms. Memory: 289280K Free: 273207K (94%)
ptolemy.util.test.WatchDog.cancel(): canceling Tue Jul 24 01:42:50 UTC 2018
------------------ testing $PTII/ptolemy/domains/de/test/auto/Records.xml
auto.tcl: Setting watchdog for 200 seconds at Tue Jul 24 01:42:50 UTC 2018
3 ms. Memory: 287232K Free: 274107K (95%)
ptolemy.util.test.WatchDog.cancel(): canceling Tue Jul 24 01:42:50 UTC 2018
auto.tcl: Setting watchdog for 200 seconds at Tue Jul 24 01:42:50 UTC 2018
2 ms. Memory: 287232K Free: 274107K (95%)
ptolemy.util.test.WatchDog.cancel(): canceling Tue Jul 24 01:42:50 UTC 2018
------------------ testing $PTII/ptolemy/domains/de/test/auto/ResetTransitionWithStartTime1.xml
auto.tcl: Setting watchdog for 200 seconds at Tue Jul 24 01:42:50 UTC 2018
11 ms. Memory: 288768K Free: 272787K (94%)
ptolemy.util.test.WatchDog.cancel(): canceling Tue Jul 24 01:42:50 UTC 2018
auto.tcl: Setting watchdog for 200 seconds at Tue Jul 24 01:42:50 UTC 2018
11 ms. Memory: 288768K Free: 269811K (93%)
ptolemy.util.test.WatchDog.cancel(): canceling Tue Jul 24 01:42:50 UTC 2018
------------------ testing $PTII/ptolemy/domains/de/test/auto/ResetTransitionWithStartTime2.xml
auto.tcl: Setting watchdog for 200 seconds at Tue Jul 24 01:42:50 UTC 2018
7 ms. Memory: 287232K Free: 271241K (94%)
ptolemy.util.test.WatchDog.cancel(): canceling Tue Jul 24 01:42:50 UTC 2018
auto.tcl: Setting watchdog for 200 seconds at Tue Jul 24 01:42:50 UTC 2018
9 ms. Memory: 287232K Free: 268366K (93%)
ptolemy.util.test.WatchDog.cancel(): canceling Tue Jul 24 01:42:50 UTC 2018
------------------ testing $PTII/ptolemy/domains/de/test/auto/ResetTransitionWithStartTime3.xml
auto.tcl: Setting watchdog for 200 seconds at Tue Jul 24 01:42:50 UTC 2018
9 ms. Memory: 288768K Free: 272544K (94%)
ptolemy.util.test.WatchDog.cancel(): canceling Tue Jul 24 01:42:51 UTC 2018
auto.tcl: Setting watchdog for 200 seconds at Tue Jul 24 01:42:51 UTC 2018
11 ms. Memory: 288768K Free: 269653K (93%)
ptolemy.util.test.WatchDog.cancel(): canceling Tue Jul 24 01:42:51 UTC 2018
------------------ testing $PTII/ptolemy/domains/de/test/auto/ResetTransitionWithStartTime4.xml
auto.tcl: Setting watchdog for 200 seconds at Tue Jul 24 01:42:51 UTC 2018
4 ms. Memory: 287232K Free: 270997K (94%)
ptolemy.util.test.WatchDog.cancel(): canceling Tue Jul 24 01:42:51 UTC 2018
auto.tcl: Setting watchdog for 200 seconds at Tue Jul 24 01:42:51 UTC 2018
5 ms. Memory: 287232K Free: 270997K (94%)
ptolemy.util.test.WatchDog.cancel(): canceling Tue Jul 24 01:42:51 UTC 2018
------------------ testing $PTII/ptolemy/domains/de/test/auto/ResettableTimer1.xml
auto.tcl: Setting watchdog for 200 seconds at Tue Jul 24 01:42:51 UTC 2018
4 ms. Memory: 288768K Free: 275395K (95%)
ptolemy.util.test.WatchDog.cancel(): canceling Tue Jul 24 01:42:51 UTC 2018
auto.tcl: Setting watchdog for 200 seconds at Tue Jul 24 01:42:51 UTC 2018
5 ms. Memory: 288768K Free: 275395K (95%)
ptolemy.util.test.WatchDog.cancel(): canceling Tue Jul 24 01:42:51 UTC 2018
------------------ testing $PTII/ptolemy/domains/de/test/auto/ResettableTimer2.xml
auto.tcl: Setting watchdog for 200 seconds at Tue Jul 24 01:42:51 UTC 2018
2 ms. Memory: 287232K Free: 274017K (95%)
ptolemy.util.test.WatchDog.cancel(): canceling Tue Jul 24 01:42:51 UTC 2018
auto.tcl: Setting watchdog for 200 seconds at Tue Jul 24 01:42:51 UTC 2018
3 ms. Memory: 287232K Free: 274017K (95%)
ptolemy.util.test.WatchDog.cancel(): canceling Tue Jul 24 01:42:51 UTC 2018
------------------ testing $PTII/ptolemy/domains/de/test/auto/ResettableTimer3.xml
auto.tcl: Setting watchdog for 200 seconds at Tue Jul 24 01:42:51 UTC 2018
2 ms. Memory: 288256K Free: 274940K (95%)
ptolemy.util.test.WatchDog.cancel(): canceling Tue Jul 24 01:42:51 UTC 2018
auto.tcl: Setting watchdog for 200 seconds at Tue Jul 24 01:42:51 UTC 2018
1 ms. Memory: 288256K Free: 274940K (95%)
ptolemy.util.test.WatchDog.cancel(): canceling Tue Jul 24 01:42:51 UTC 2018
------------------ testing $PTII/ptolemy/domains/de/test/auto/ResettableTimer4.xml
auto.tcl: Setting watchdog for 200 seconds at Tue Jul 24 01:42:51 UTC 2018
1 ms. Memory: 287232K Free: 274046K (95%)
ptolemy.util.test.WatchDog.cancel(): canceling Tue Jul 24 01:42:51 UTC 2018
auto.tcl: Setting watchdog for 200 seconds at Tue Jul 24 01:42:51 UTC 2018
1 ms. Memory: 287232K Free: 274046K (95%)
ptolemy.util.test.WatchDog.cancel(): canceling Tue Jul 24 01:42:51 UTC 2018
------------------ testing $PTII/ptolemy/domains/de/test/auto/ResettableTimer5.xml
auto.tcl: Setting watchdog for 200 seconds at Tue Jul 24 01:42:51 UTC 2018
2 ms. Memory: 288256K Free: 273001K (95%)
ptolemy.util.test.WatchDog.cancel(): canceling Tue Jul 24 01:42:51 UTC 2018
auto.tcl: Setting watchdog for 200 seconds at Tue Jul 24 01:42:51 UTC 2018
2 ms. Memory: 288256K Free: 273001K (95%)
ptolemy.util.test.WatchDog.cancel(): canceling Tue Jul 24 01:42:51 UTC 2018
------------------ testing $PTII/ptolemy/domains/de/test/auto/ResettableTimer6.xml
auto.tcl: Setting watchdog for 200 seconds at Tue Jul 24 01:42:51 UTC 2018
1 ms. Memory: 287232K Free: 271818K (95%)
ptolemy.util.test.WatchDog.cancel(): canceling Tue Jul 24 01:42:51 UTC 2018
auto.tcl: Setting watchdog for 200 seconds at Tue Jul 24 01:42:51 UTC 2018
1 ms. Memory: 287232K Free: 271818K (95%)
ptolemy.util.test.WatchDog.cancel(): canceling Tue Jul 24 01:42:51 UTC 2018
------------------ testing $PTII/ptolemy/domains/de/test/auto/ServerZeroDelay.xml
auto.tcl: Setting watchdog for 200 seconds at Tue Jul 24 01:42:51 UTC 2018
4 ms. Memory: 288256K Free: 274991K (95%)
ptolemy.util.test.WatchDog.cancel(): canceling Tue Jul 24 01:42:51 UTC 2018
auto.tcl: Setting watchdog for 200 seconds at Tue Jul 24 01:42:51 UTC 2018
7 ms. Memory: 288256K Free: 274991K (95%)
ptolemy.util.test.WatchDog.cancel(): canceling Tue Jul 24 01:42:51 UTC 2018
------------------ testing $PTII/ptolemy/domains/de/test/auto/SmartSender.xml
auto.tcl: Setting watchdog for 200 seconds at Tue Jul 24 01:42:51 UTC 2018
3002 ms. Memory: 287232K Free: 271921K (95%)
ptolemy.util.test.WatchDog.cancel(): canceling Tue Jul 24 01:42:54 UTC 2018
auto.tcl: Setting watchdog for 200 seconds at Tue Jul 24 01:42:54 UTC 2018
3002 ms. Memory: 287232K Free: 271921K (95%)
ptolemy.util.test.WatchDog.cancel(): canceling Tue Jul 24 01:42:57 UTC 2018
------------------ testing $PTII/ptolemy/domains/de/test/auto/ThreadedComposite.xml
auto.tcl: Setting watchdog for 200 seconds at Tue Jul 24 01:42:57 UTC 2018
336 ms. Memory: 288256K Free: 251836K (87%)
ptolemy.util.test.WatchDog.cancel(): canceling Tue Jul 24 01:42:58 UTC 2018
auto.tcl: Setting watchdog for 200 seconds at Tue Jul 24 01:42:58 UTC 2018
260 ms. Memory: 288256K Free: 233737K (81%)
ptolemy.util.test.WatchDog.cancel(): canceling Tue Jul 24 01:42:58 UTC 2018
------------------ testing $PTII/ptolemy/domains/de/test/auto/Time.xml
auto.tcl: Setting watchdog for 200 seconds at Tue Jul 24 01:42:58 UTC 2018
640 ms. Memory: 287232K Free: 220069K (77%)
ptolemy.util.test.WatchDog.cancel(): canceling Tue Jul 24 01:42:59 UTC 2018
auto.tcl: Setting watchdog for 200 seconds at Tue Jul 24 01:42:59 UTC 2018
573 ms. Memory: 287232K Free: 165454K (58%)
ptolemy.util.test.WatchDog.cancel(): canceling Tue Jul 24 01:42:59 UTC 2018
------------------ testing $PTII/ptolemy/domains/de/test/auto/TimeDelayZeroDelay.xml
auto.tcl: Setting watchdog for 200 seconds at Tue Jul 24 01:42:59 UTC 2018
3 ms. Memory: 287744K Free: 274913K (96%)
ptolemy.util.test.WatchDog.cancel(): canceling Tue Jul 24 01:42:59 UTC 2018
auto.tcl: Setting watchdog for 200 seconds at Tue Jul 24 01:42:59 UTC 2018
3 ms. Memory: 287744K Free: 274913K (96%)
ptolemy.util.test.WatchDog.cancel(): canceling Tue Jul 24 01:42:59 UTC 2018
------------------ testing $PTII/ptolemy/domains/de/test/auto/TimerZeroDelay.xml
auto.tcl: Setting watchdog for 200 seconds at Tue Jul 24 01:42:59 UTC 2018
4 ms. Memory: 287232K Free: 274511K (96%)
ptolemy.util.test.WatchDog.cancel(): canceling Tue Jul 24 01:42:59 UTC 2018
auto.tcl: Setting watchdog for 200 seconds at Tue Jul 24 01:42:59 UTC 2018
3 ms. Memory: 287232K Free: 274511K (96%)
ptolemy.util.test.WatchDog.cancel(): canceling Tue Jul 24 01:42:59 UTC 2018
------------------ testing $PTII/ptolemy/domains/de/test/auto/TimingParadox.xml
auto.tcl: Setting watchdog for 200 seconds at Tue Jul 24 01:42:59 UTC 2018
474 ms. Memory: 287744K Free: 208907K (73%)
ptolemy.util.test.WatchDog.cancel(): canceling Tue Jul 24 01:43:00 UTC 2018
auto.tcl: Setting watchdog for 200 seconds at Tue Jul 24 01:43:00 UTC 2018
405 ms. Memory: 287744K Free: 172740K (60%)
ptolemy.util.test.WatchDog.cancel(): canceling Tue Jul 24 01:43:00 UTC 2018
------------------ testing $PTII/ptolemy/domains/de/test/auto/TransferInputs.xml
auto.tcl: Setting watchdog for 200 seconds at Tue Jul 24 01:43:00 UTC 2018
2 ms. Memory: 287744K Free: 273914K (95%)
ptolemy.util.test.WatchDog.cancel(): canceling Tue Jul 24 01:43:00 UTC 2018
auto.tcl: Setting watchdog for 200 seconds at Tue Jul 24 01:43:00 UTC 2018
2 ms. Memory: 287744K Free: 273914K (95%)
ptolemy.util.test.WatchDog.cancel(): canceling Tue Jul 24 01:43:00 UTC 2018
------------------ testing $PTII/ptolemy/domains/de/test/auto/TransferOutputs2.xml
auto.tcl: Setting watchdog for 200 seconds at Tue Jul 24 01:43:01 UTC 2018
4 ms. Memory: 287232K Free: 269850K (94%)
ptolemy.util.test.WatchDog.cancel(): canceling Tue Jul 24 01:43:01 UTC 2018
auto.tcl: Setting watchdog for 200 seconds at Tue Jul 24 01:43:01 UTC 2018
3 ms. Memory: 287232K Free: 267238K (93%)
ptolemy.util.test.WatchDog.cancel(): canceling Tue Jul 24 01:43:01 UTC 2018
------------------ testing $PTII/ptolemy/domains/de/test/auto/Trilateration.xml
auto.tcl: Setting watchdog for 200 seconds at Tue Jul 24 01:43:01 UTC 2018
13223 ms. Memory: 473088K Free: 287694K (61%)
ptolemy.util.test.WatchDog.cancel(): canceling Tue Jul 24 01:43:15 UTC 2018
auto.tcl: Setting watchdog for 200 seconds at Tue Jul 24 01:43:15 UTC 2018
11198 ms. Memory: 352256K Free: 238793K (68%)
ptolemy.util.test.WatchDog.cancel(): canceling Tue Jul 24 01:43:26 UTC 2018
------------------ testing $PTII/ptolemy/domains/de/test/auto/TwoSigmaDelta.xml
auto.tcl: Setting watchdog for 200 seconds at Tue Jul 24 01:43:27 UTC 2018
3171 ms. Memory: 339968K Free: 302339K (89%)
ptolemy.util.test.WatchDog.cancel(): canceling Tue Jul 24 01:43:30 UTC 2018
auto.tcl: Setting watchdog for 200 seconds at Tue Jul 24 01:43:30 UTC 2018
2208 ms. Memory: 339968K Free: 70485K (21%)
ptolemy.util.test.WatchDog.cancel(): canceling Tue Jul 24 01:43:32 UTC 2018
------------------ testing $PTII/ptolemy/domains/de/test/auto/VariableDelay.xml
auto.tcl: Setting watchdog for 200 seconds at Tue Jul 24 01:43:32 UTC 2018
3 ms. Memory: 337408K Free: 324972K (96%)
ptolemy.util.test.WatchDog.cancel(): canceling Tue Jul 24 01:43:32 UTC 2018
auto.tcl: Setting watchdog for 200 seconds at Tue Jul 24 01:43:32 UTC 2018
2 ms. Memory: 337408K Free: 321110K (95%)
ptolemy.util.test.WatchDog.cancel(): canceling Tue Jul 24 01:43:32 UTC 2018
------------------ testing $PTII/ptolemy/domains/de/test/auto/VariableDelay2.xml
auto.tcl: Setting watchdog for 200 seconds at Tue Jul 24 01:43:32 UTC 2018
3 ms. Memory: 339456K Free: 327430K (96%)
ptolemy.util.test.WatchDog.cancel(): canceling Tue Jul 24 01:43:32 UTC 2018
auto.tcl: Setting watchdog for 200 seconds at Tue Jul 24 01:43:32 UTC 2018
2 ms. Memory: 339456K Free: 323568K (95%)
ptolemy.util.test.WatchDog.cancel(): canceling Tue Jul 24 01:43:32 UTC 2018
------------------ testing $PTII/ptolemy/domains/de/test/auto/VariableDelayZeroDelay.xml
auto.tcl: Setting watchdog for 200 seconds at Tue Jul 24 01:43:32 UTC 2018
2 ms. Memory: 337408K Free: 322821K (96%)
ptolemy.util.test.WatchDog.cancel(): canceling Tue Jul 24 01:43:32 UTC 2018
auto.tcl: Setting watchdog for 200 seconds at Tue Jul 24 01:43:32 UTC 2018
2 ms. Memory: 337408K Free: 318975K (95%)
ptolemy.util.test.WatchDog.cancel(): canceling Tue Jul 24 01:43:32 UTC 2018
------------------ testing $PTII/ptolemy/domains/de/test/auto/VariableDelayZeroDelay2.xml
auto.tcl: Setting watchdog for 200 seconds at Tue Jul 24 01:43:32 UTC 2018
6 ms. Memory: 339456K Free: 324868K (96%)
ptolemy.util.test.WatchDog.cancel(): canceling Tue Jul 24 01:43:32 UTC 2018
auto.tcl: Setting watchdog for 200 seconds at Tue Jul 24 01:43:32 UTC 2018
2 ms. Memory: 339456K Free: 321013K (95%)
ptolemy.util.test.WatchDog.cancel(): canceling Tue Jul 24 01:43:32 UTC 2018
------------------ testing $PTII/ptolemy/domains/de/test/auto/deInCt.xml
auto.tcl: Setting watchdog for 200 seconds at Tue Jul 24 01:43:32 UTC 2018
0
1
1
1
0
0
0
1
1
1
1
0
0
0
1
1
1
0
0
0
1
1
1
0
0
0
1
1
1
0
0
0
1
1
1
1
0
0
0
1
1
1
0
0
0
0
1
1
0
0
0
0
13 ms. Memory: 337408K Free: 318950K (95%)
ptolemy.util.test.WatchDog.cancel(): canceling Tue Jul 24 01:43:32 UTC 2018
auto.tcl: Setting watchdog for 200 seconds at Tue Jul 24 01:43:32 UTC 2018
0
1
1
1
1
0
0
0
0
1
1
1
0
0
0
1
1
1
0
0
0
0
0
1
1
1
0
0
0
1
1
0
0
0
0
6 ms. Memory: 337408K Free: 318950K (95%)
ptolemy.util.test.WatchDog.cancel(): canceling Tue Jul 24 01:43:32 UTC 2018
------------------ testing $PTII/ptolemy/domains/de/test/auto/deInCt2.xml
auto.tcl: Setting watchdog for 200 seconds at Tue Jul 24 01:43:33 UTC 2018
0
1
1
1
0
0
1
1
1
0
0
1
1
1
0
0
1
1
1
0
0
1
1
1
0
0
1
1
1
0
0
1
1
1
0
0
1
1
1
0
0
0
11 ms. Memory: 338944K Free: 320486K (95%)
ptolemy.util.test.WatchDog.cancel(): canceling Tue Jul 24 01:43:33 UTC 2018
auto.tcl: Setting watchdog for 200 seconds at Tue Jul 24 01:43:33 UTC 2018
0
1
1
1
0
0
1
1
1
0
0
1
1
1
0
0
1
1
1
0
0
1
1
1
0
0
1
1
1
0
0
1
1
1
0
0
1
1
1
0
0
0
6 ms. Memory: 338944K Free: 320486K (95%)
ptolemy.util.test.WatchDog.cancel(): canceling Tue Jul 24 01:43:33 UTC 2018
------------------ testing $PTII/ptolemy/domains/de/test/auto/dynamicCausalityInterface1.xml
auto.tcl: Setting watchdog for 200 seconds at Tue Jul 24 01:43:33 UTC 2018
4 ms. Memory: 337408K Free: 317663K (94%)
ptolemy.util.test.WatchDog.cancel(): canceling Tue Jul 24 01:43:33 UTC 2018
auto.tcl: Setting watchdog for 200 seconds at Tue Jul 24 01:43:33 UTC 2018
1 ms. Memory: 337408K Free: 317663K (94%)
ptolemy.util.test.WatchDog.cancel(): canceling Tue Jul 24 01:43:33 UTC 2018
------------------ testing $PTII/ptolemy/domains/de/test/auto/fsm_de_test.xml
auto.tcl: Setting watchdog for 200 seconds at Tue Jul 24 01:43:33 UTC 2018
7 ms. Memory: 338944K Free: 316519K (93%)
ptolemy.util.test.WatchDog.cancel(): canceling Tue Jul 24 01:43:33 UTC 2018
auto.tcl: Setting watchdog for 200 seconds at Tue Jul 24 01:43:33 UTC 2018
5 ms. Memory: 338944K Free: 316519K (93%)
ptolemy.util.test.WatchDog.cancel(): canceling Tue Jul 24 01:43:33 UTC 2018
------------------ testing $PTII/ptolemy/domains/de/test/auto/functionDependencyReconstruction.xml
auto.tcl: Setting watchdog for 200 seconds at Tue Jul 24 01:43:33 UTC 2018
4 ms. Memory: 337408K Free: 311159K (92%)
ptolemy.util.test.WatchDog.cancel(): canceling Tue Jul 24 01:43:33 UTC 2018
auto.tcl: Setting watchdog for 200 seconds at Tue Jul 24 01:43:33 UTC 2018
3 ms. Memory: 337408K Free: 307313K (91%)
ptolemy.util.test.WatchDog.cancel(): canceling Tue Jul 24 01:43:33 UTC 2018
------------------ testing $PTII/ptolemy/domains/de/test/auto/multirate.xml
auto.tcl: Setting watchdog for 200 seconds at Tue Jul 24 01:43:33 UTC 2018
4 ms. Memory: 338432K Free: 319752K (94%)
ptolemy.util.test.WatchDog.cancel(): canceling Tue Jul 24 01:43:33 UTC 2018
auto.tcl: Setting watchdog for 200 seconds at Tue Jul 24 01:43:33 UTC 2018
3 ms. Memory: 338432K Free: 319752K (94%)
ptolemy.util.test.WatchDog.cancel(): canceling Tue Jul 24 01:43:33 UTC 2018
------------------ testing $PTII/ptolemy/domains/de/test/auto/multirate2.xml
auto.tcl: Setting watchdog for 200 seconds at Tue Jul 24 01:43:33 UTC 2018
4 ms. Memory: 337408K Free: 318904K (95%)
ptolemy.util.test.WatchDog.cancel(): canceling Tue Jul 24 01:43:33 UTC 2018
auto.tcl: Setting watchdog for 200 seconds at Tue Jul 24 01:43:33 UTC 2018
3 ms. Memory: 337408K Free: 318904K (95%)
ptolemy.util.test.WatchDog.cancel(): canceling Tue Jul 24 01:43:33 UTC 2018
------------------ testing $PTII/ptolemy/domains/de/test/auto/realtime.xml
auto.tcl: Setting watchdog for 200 seconds at Tue Jul 24 01:43:33 UTC 2018
10001 ms. Memory: 338432K Free: 319927K (95%)
ptolemy.util.test.WatchDog.cancel(): canceling Tue Jul 24 01:43:43 UTC 2018
auto.tcl: Setting watchdog for 200 seconds at Tue Jul 24 01:43:43 UTC 2018
10001 ms. Memory: 338432K Free: 319927K (95%)
ptolemy.util.test.WatchDog.cancel(): canceling Tue Jul 24 01:43:53 UTC 2018
------------------ testing $PTII/ptolemy/domains/de/test/auto/relationGroup.xml
auto.tcl: Setting watchdog for 200 seconds at Tue Jul 24 01:43:53 UTC 2018
2 ms. Memory: 337408K Free: 325347K (96%)
ptolemy.util.test.WatchDog.cancel(): canceling Tue Jul 24 01:43:53 UTC 2018
auto.tcl: Setting watchdog for 200 seconds at Tue Jul 24 01:43:53 UTC 2018
1 ms. Memory: 337408K Free: 325347K (96%)
ptolemy.util.test.WatchDog.cancel(): canceling Tue Jul 24 01:43:53 UTC 2018
------------------ testing $PTII/ptolemy/domains/de/test/auto/relationGroup2.xml
auto.tcl: Setting watchdog for 200 seconds at Tue Jul 24 01:43:53 UTC 2018
1 ms. Memory: 338432K Free: 323838K (96%)
ptolemy.util.test.WatchDog.cancel(): canceling Tue Jul 24 01:43:53 UTC 2018
auto.tcl: Setting watchdog for 200 seconds at Tue Jul 24 01:43:53 UTC 2018
1 ms. Memory: 338432K Free: 323838K (96%)
ptolemy.util.test.WatchDog.cancel(): canceling Tue Jul 24 01:43:53 UTC 2018
------------------ testing $PTII/ptolemy/domains/de/test/auto/sortWithOpaquePorts.xml
auto.tcl: Setting watchdog for 200 seconds at Tue Jul 24 01:43:53 UTC 2018
1 ms. Memory: 337408K Free: 322814K (96%)
ptolemy.util.test.WatchDog.cancel(): canceling Tue Jul 24 01:43:53 UTC 2018
auto.tcl: Setting watchdog for 200 seconds at Tue Jul 24 01:43:53 UTC 2018
1 ms. Memory: 337408K Free: 318952K (95%)
ptolemy.util.test.WatchDog.cancel(): canceling Tue Jul 24 01:43:53 UTC 2018
------------------ testing $PTII/ptolemy/domains/de/test/auto/transferInputsandOutputs.xml
auto.tcl: Setting watchdog for 200 seconds at Tue Jul 24 01:43:53 UTC 2018
1 ms. Memory: 337920K Free: 319451K (95%)
ptolemy.util.test.WatchDog.cancel(): canceling Tue Jul 24 01:43:53 UTC 2018
auto.tcl: Setting watchdog for 200 seconds at Tue Jul 24 01:43:53 UTC 2018
2 ms. Memory: 337920K Free: 319451K (95%)
ptolemy.util.test.WatchDog.cancel(): canceling Tue Jul 24 01:43:53 UTC 2018
------------------ testing $PTII/ptolemy/domains/de/test/auto/triggerType.xml
auto.tcl: Setting watchdog for 200 seconds at Tue Jul 24 01:43:53 UTC 2018
1 ms. Memory: 337408K Free: 322752K (96%)
ptolemy.util.test.WatchDog.cancel(): canceling Tue Jul 24 01:43:53 UTC 2018
auto.tcl: Setting watchdog for 200 seconds at Tue Jul 24 01:43:53 UTC 2018
1 ms. Memory: 337408K Free: 318890K (95%)
ptolemy.util.test.WatchDog.cancel(): canceling Tue Jul 24 01:43:53 UTC 2018
07/24/18 01:43:53
Failed: 0  Total Tests: 192  ((Passed: 187, Newly Passed: 1)  Known Failed: 5) /home/travis/build/icyphy/ptII/ptolemy/domains/de/test
07/24/18 01:43:53
Failed: 0  Total Tests: 192  ((Passed: 187, Newly Passed: 1)  Known Failed: 5) /home/travis/build/icyphy/ptII/ptolemy/domains/de/test
----------------- testing (KnownFailure) /home/travis/build/icyphy/ptII/ptolemy/domains/de/test/auto/knownFailedTests/DESDFClockTest.xml
2014 ms. Memory: 337920K Free: 313058K (93%)
Known Failure: java.lang.reflect.InvocationTargetException
----------------- testing (KnownFailure) /home/travis/build/icyphy/ptII/ptolemy/domains/de/test/auto/knownFailedTests/DirectFeedback.xml
2 ms. Memory: 337920K Free: 292578K (87%)
Known Failure: java.lang.reflect.InvocationTargetException
----------------- testing (KnownFailure) /home/travis/build/icyphy/ptII/ptolemy/domains/de/test/auto/knownFailedTests/FSMSource.xml
8 ms. Memory: 337920K Free: 266961K (79%)
----------------- testing (KnownFailure) /home/travis/build/icyphy/ptII/ptolemy/domains/de/test/auto/knownFailedTests/HierarchicalModel.xml
2 ms. Memory: 337920K Free: 241345K (71%)
Known Failure: java.lang.reflect.InvocationTargetException
----------------- testing (KnownFailure) /home/travis/build/icyphy/ptII/ptolemy/domains/de/test/auto/knownFailedTests/dependencyLoop.xml
2 ms. Memory: 337920K Free: 210609K (62%)
Known Failure: java.lang.reflect.InvocationTargetException
----------------- testing (KnownFailure) /home/travis/build/icyphy/ptII/ptolemy/domains/de/test/auto/knownFailedTests/dependencyLoop2.xml
2 ms. Memory: 337920K Free: 179872K (53%)
Known Failure: java.lang.reflect.InvocationTargetException
No auto/linux-amd64/*.xml tests in /home/travis/build/icyphy/ptII/ptolemy/domains/de/test
AutoTests.java: About to close Vertx.
AutoTests.java: Vertx closed.

===========================================================================================
----------------- testing Tue Jul 24 01:43:56 UTC 2018 /home/travis/build/icyphy/ptII/ptolemy/domains/de/test/auto/ActorDepthCalculation_actorWithoutPorts.xml
----------------- Instantiating /home/travis/build/icyphy/ptII/ptolemy/domains/de/test/auto/ActorDepthCalculation_actorWithoutPorts.xml
1 ms. Memory: 337920K Free: 154272K (46%)
----------------- Invoking toplevel() on ptolemy.moml.MoMLSimpleApplication@4053ceae
----------------- Done invoking toplevel() on ptolemy.moml.MoMLSimpleApplication@4053ceae
reloadAllAccessors: .ActorDepthCalculation_actorWithoutPorts

===========================================================================================
----------------- testing Tue Jul 24 01:43:56 UTC 2018 /home/travis/build/icyphy/ptII/ptolemy/domains/de/test/auto/AssemblyLine.xml
----------------- Instantiating /home/travis/build/icyphy/ptII/ptolemy/domains/de/test/auto/AssemblyLine.xml
2 ms. Memory: 337920K Free: 138912K (41%)
----------------- Invoking toplevel() on ptolemy.moml.MoMLSimpleApplication@74881388
----------------- Done invoking toplevel() on ptolemy.moml.MoMLSimpleApplication@74881388
reloadAllAccessors: .AssemblyLine

===========================================================================================
----------------- testing Tue Jul 24 01:43:56 UTC 2018 /home/travis/build/icyphy/ptII/ptolemy/domains/de/test/auto/CQBug1.xml
----------------- Instantiating /home/travis/build/icyphy/ptII/ptolemy/domains/de/test/auto/CQBug1.xml
0 ms. Memory: 337920K Free: 128672K (38%)
----------------- Invoking toplevel() on ptolemy.moml.MoMLSimpleApplication@35738a2b
----------------- Done invoking toplevel() on ptolemy.moml.MoMLSimpleApplication@35738a2b
reloadAllAccessors: .CQBug1

===========================================================================================
----------------- testing Tue Jul 24 01:43:56 UTC 2018 /home/travis/build/icyphy/ptII/ptolemy/domains/de/test/auto/CancelFireAt.xml
----------------- Instantiating /home/travis/build/icyphy/ptII/ptolemy/domains/de/test/auto/CancelFireAt.xml
0 ms. Memory: 337920K Free: 118432K (35%)
----------------- Invoking toplevel() on ptolemy.moml.MoMLSimpleApplication@7bcb2e6a
----------------- Done invoking toplevel() on ptolemy.moml.MoMLSimpleApplication@7bcb2e6a
reloadAllAccessors: .CancelFireAt

===========================================================================================
----------------- testing Tue Jul 24 01:43:56 UTC 2018 /home/travis/build/icyphy/ptII/ptolemy/domains/de/test/auto/CausalityAndComposabilityAnalysis.xml
----------------- Instantiating /home/travis/build/icyphy/ptII/ptolemy/domains/de/test/auto/CausalityAndComposabilityAnalysis.xml
1 ms. Memory: 337920K Free: 108192K (32%)
----------------- Invoking toplevel() on ptolemy.moml.MoMLSimpleApplication@10c62289
----------------- Done invoking toplevel() on ptolemy.moml.MoMLSimpleApplication@10c62289
reloadAllAccessors: .CausalityAndComposabilityAnalysis

===========================================================================================
----------------- testing Tue Jul 24 01:43:56 UTC 2018 /home/travis/build/icyphy/ptII/ptolemy/domains/de/test/auto/CausalityInterface1.xml
----------------- Instantiating /home/travis/build/icyphy/ptII/ptolemy/domains/de/test/auto/CausalityInterface1.xml
3 ms. Memory: 337920K Free: 97952K (29%)
----------------- Invoking toplevel() on ptolemy.moml.MoMLSimpleApplication@2ac18957
----------------- Done invoking toplevel() on ptolemy.moml.MoMLSimpleApplication@2ac18957
reloadAllAccessors: .CausalityInterface1

===========================================================================================
----------------- testing Tue Jul 24 01:43:56 UTC 2018 /home/travis/build/icyphy/ptII/ptolemy/domains/de/test/auto/CausalityInterface15.xml
----------------- Instantiating /home/travis/build/icyphy/ptII/ptolemy/domains/de/test/auto/CausalityInterface15.xml
1 ms. Memory: 337920K Free: 83865K (25%)
----------------- Invoking toplevel() on ptolemy.moml.MoMLSimpleApplication@5a7d08b5
----------------- Done invoking toplevel() on ptolemy.moml.MoMLSimpleApplication@5a7d08b5
reloadAllAccessors: .CausalityInterface15

[...]
java.lang.RuntimeException: Execution failed
	at ptolemy.moml.MoMLSimpleApplication$UnloadThread.run(MoMLSimpleApplication.java:402)
Caused by: ptolemy.kernel.util.IllegalActionException: Test fails in iteration 1.
Value was: 1.0. Should have been: 2.0
  in .DirectFeedback.Test
	at ptolemy.actor.lib.Test.fire(Test.java:268)
	at ptolemy.domains.de.kernel.DEDirector._fire(DEDirector.java:1949)
	at ptolemy.domains.de.kernel.DEDirector.fire(DEDirector.java:502)
	at ptolemy.actor.CompositeActor.fire(CompositeActor.java:455)
	at ptolemy.actor.Manager.iterate(Manager.java:851)
	at ptolemy.actor.Manager.execute(Manager.java:369)
	at ptolemy.actor.Manager.run(Manager.java:1263)
	at ptolemy.actor.Manager$PtolemyRunThread.run(Manager.java:1915)
java.lang.RuntimeException: Execution failed
	at ptolemy.moml.MoMLSimpleApplication$UnloadThread.run(MoMLSimpleApplication.java:402)
Caused by: ptolemy.kernel.util.IllegalActionException: Actor is not ready to fire.  Perhaps UpSample.prefire() returned false? Try debugging the actor by selecting "Listen to Actor".  Also, for SDF check moml for tokenConsumptionRate on input.
  in .DESDFClockTest.Play Bell.Copy1:SDF Director and .DESDFClockTest.Play Bell.UpSample
	at ptolemy.actor.sched.StaticSchedulingDirector.fire(StaticSchedulingDirector.java:227)
	at ptolemy.domains.sdf.kernel.SDFDirector.fire(SDFDirector.java:500)
	at ptolemy.actor.CompositeActor.fire(CompositeActor.java:455)
	at ptolemy.domains.de.kernel.DEDirector._fire(DEDirector.java:1949)
	at ptolemy.domains.de.kernel.DEDirector.fire(DEDirector.java:502)
	at ptolemy.actor.CompositeActor.fire(CompositeActor.java:455)
	at ptolemy.actor.Manager.iterate(Manager.java:851)
	at ptolemy.actor.Manager.execute(Manager.java:369)
	at ptolemy.actor.Manager.run(Manager.java:1263)
	at ptolemy.actor.Manager$PtolemyRunThread.run(Manager.java:1915)
java.lang.reflect.InvocationTargetException
	at sun.reflect.NativeConstructorAccessorImpl.newInstance0(Native Method)
	at sun.reflect.NativeConstructorAccessorImpl.newInstance(NativeConstructorAccessorImpl.java:62)
	at sun.reflect.DelegatingConstructorAccessorImpl.newInstance(DelegatingConstructorAccessorImpl.java:45)
	at java.lang.reflect.Constructor.newInstance(Constructor.java:423)
	at ptolemy.util.test.junit.AutoKnownFailedTests.RunModel(AutoKnownFailedTests.java:107)
	at sun.reflect.NativeMethodAccessorImpl.invoke0(Native Method)
	at sun.reflect.NativeMethodAccessorImpl.invoke(NativeMethodAccessorImpl.java:62)
	at sun.reflect.DelegatingMethodAccessorImpl.invoke(DelegatingMethodAccessorImpl.java:43)
	at java.lang.reflect.Method.invoke(Method.java:498)
	at org.junit.runners.model.FrameworkMethod$1.runReflectiveCall(FrameworkMethod.java:44)
	at org.junit.internal.runners.model.ReflectiveCallable.run(ReflectiveCallable.java:15)
	at org.junit.runners.model.FrameworkMethod.invokeExplosively(FrameworkMethod.java:41)
	at junitparams.internal.InvokeParameterisedMethod.evaluate(InvokeParameterisedMethod.java:102)
	at org.junit.internal.runners.statements.FailOnTimeout$1.run(FailOnTimeout.java:28)
Caused by: ptolemy.kernel.util.IllegalActionException: Actor is not ready to fire.  Perhaps UpSample.prefire() returned false? Try debugging the actor by selecting "Listen to Actor".  Also, for SDF check moml for tokenConsumptionRate on input.
  in .DESDFClockTest.Play Bell.Copy1:SDF Director and .DESDFClockTest.Play Bell.UpSample
	at ptolemy.actor.sched.StaticSchedulingDirector.fire(StaticSchedulingDirector.java:227)
	at ptolemy.domains.sdf.kernel.SDFDirector.fire(SDFDirector.java:500)
	at ptolemy.actor.CompositeActor.fire(CompositeActor.java:455)
	at ptolemy.domains.de.kernel.DEDirector._fire(DEDirector.java:1949)
	at ptolemy.domains.de.kernel.DEDirector.fire(DEDirector.java:502)
	at ptolemy.actor.CompositeActor.fire(CompositeActor.java:455)
	at ptolemy.actor.Manager.iterate(Manager.java:851)
	at ptolemy.actor.Manager.execute(Manager.java:369)
	at ptolemy.actor.Manager.run(Manager.java:1263)
	at ptolemy.actor.Manager$PtolemyRunThread.run(Manager.java:1915)
java.lang.RuntimeException: Execution failed
	at ptolemy.moml.MoMLSimpleApplication$UnloadThread.run(MoMLSimpleApplication.java:402)
Caused by: ptolemy.kernel.util.IllegalActionException: Test fails in iteration 1.
Value was: 1.0. Should have been: 2.0
  in .DirectFeedback.Test
	at ptolemy.actor.lib.Test.fire(Test.java:268)
	at ptolemy.domains.de.kernel.DEDirector._fire(DEDirector.java:1949)
	at ptolemy.domains.de.kernel.DEDirector.fire(DEDirector.java:502)
	at ptolemy.actor.CompositeActor.fire(CompositeActor.java:455)
	at ptolemy.actor.Manager.iterate(Manager.java:851)
	at ptolemy.actor.Manager.execute(Manager.java:369)
	at ptolemy.actor.Manager.run(Manager.java:1263)
	at ptolemy.actor.Manager$PtolemyRunThread.run(Manager.java:1915)
java.lang.reflect.InvocationTargetException
	at sun.reflect.NativeConstructorAccessorImpl.newInstance0(Native Method)
	at sun.reflect.NativeConstructorAccessorImpl.newInstance(NativeConstructorAccessorImpl.java:62)
	at sun.reflect.DelegatingConstructorAccessorImpl.newInstance(DelegatingConstructorAccessorImpl.java:45)
	at java.lang.reflect.Constructor.newInstance(Constructor.java:423)
	at ptolemy.util.test.junit.AutoKnownFailedTests.RunModel(AutoKnownFailedTests.java:107)
	at sun.reflect.NativeMethodAccessorImpl.invoke0(Native Method)
	at sun.reflect.NativeMethodAccessorImpl.invoke(NativeMethodAccessorImpl.java:62)
	at sun.reflect.DelegatingMethodAccessorImpl.invoke(DelegatingMethodAccessorImpl.java:43)
	at java.lang.reflect.Method.invoke(Method.java:498)
	at org.junit.runners.model.FrameworkMethod$1.runReflectiveCall(FrameworkMethod.java:44)
	at org.junit.internal.runners.model.ReflectiveCallable.run(ReflectiveCallable.java:15)
	at org.junit.runners.model.FrameworkMethod.invokeExplosively(FrameworkMethod.java:41)
	at junitparams.internal.InvokeParameterisedMethod.evaluate(InvokeParameterisedMethod.java:102)
	at org.junit.internal.runners.statements.FailOnTimeout$1.run(FailOnTimeout.java:28)
Caused by: ptolemy.kernel.util.IllegalActionException: Test fails in iteration 1.
Value was: 1.0. Should have been: 2.0
  in .DirectFeedback.Test
	at ptolemy.actor.lib.Test.fire(Test.java:268)
	at ptolemy.domains.de.kernel.DEDirector._fire(DEDirector.java:1949)
	at ptolemy.domains.de.kernel.DEDirector.fire(DEDirector.java:502)
	at ptolemy.actor.CompositeActor.fire(CompositeActor.java:455)
	at ptolemy.actor.Manager.iterate(Manager.java:851)
	at ptolemy.actor.Manager.execute(Manager.java:369)
	at ptolemy.actor.Manager.run(Manager.java:1263)
	at ptolemy.actor.Manager$PtolemyRunThread.run(Manager.java:1915)
java.lang.RuntimeException: Execution failed
	at ptolemy.moml.MoMLSimpleApplication$UnloadThread.run(MoMLSimpleApplication.java:402)
Caused by: ptolemy.kernel.util.IllegalActionException: Found a zero delay loop containing .HierarchicalModel.A
  in .HierarchicalModel and .HierarchicalModel.A
	at ptolemy.actor.util.CausalityInterfaceForComposites._computeOutputPortDepth(CausalityInterfaceForComposites.java:759)
	at ptolemy.actor.util.CausalityInterfaceForComposites._computeInputDepth(CausalityInterfaceForComposites.java:696)
	at ptolemy.actor.util.CausalityInterfaceForComposites._computeOutputPortDepth(CausalityInterfaceForComposites.java:765)
	at ptolemy.actor.util.CausalityInterfaceForComposites._computeInputDepth(CausalityInterfaceForComposites.java:696)
	at ptolemy.actor.util.CausalityInterfaceForComposites._computeOutputPortDepth(CausalityInterfaceForComposites.java:765)
	at ptolemy.actor.util.CausalityInterfaceForComposites._computeInputDepth(CausalityInterfaceForComposites.java:696)
	at ptolemy.actor.util.CausalityInterfaceForComposites._computeActorDepth(CausalityInterfaceForComposites.java:532)
	at ptolemy.actor.util.CausalityInterfaceForComposites.checkForCycles(CausalityInterfaceForComposites.java:96)
	at ptolemy.domains.de.kernel.DEDirector.preinitialize(DEDirector.java:1338)
	at ptolemy.actor.CompositeActor.preinitialize(CompositeActor.java:1828)
	at ptolemy.actor.Manager.preinitializeAndResolveTypes(Manager.java:1040)
	at ptolemy.actor.Manager.initialize(Manager.java:710)
	at ptolemy.actor.Manager.execute(Manager.java:356)
	at ptolemy.actor.Manager.run(Manager.java:1263)
	at ptolemy.actor.Manager$PtolemyRunThread.run(Manager.java:1915)
java.lang.reflect.InvocationTargetException
	at sun.reflect.NativeConstructorAccessorImpl.newInstance0(Native Method)
	at sun.reflect.NativeConstructorAccessorImpl.newInstance(NativeConstructorAccessorImpl.java:62)
	at sun.reflect.DelegatingConstructorAccessorImpl.newInstance(DelegatingConstructorAccessorImpl.java:45)
	at java.lang.reflect.Constructor.newInstance(Constructor.java:423)
	at ptolemy.util.test.junit.AutoKnownFailedTests.RunModel(AutoKnownFailedTests.java:107)
	at sun.reflect.NativeMethodAccessorImpl.invoke0(Native Method)
	at sun.reflect.NativeMethodAccessorImpl.invoke(NativeMethodAccessorImpl.java:62)
	at sun.reflect.DelegatingMethodAccessorImpl.invoke(DelegatingMethodAccessorImpl.java:43)
	at java.lang.reflect.Method.invoke(Method.java:498)
	at org.junit.runners.model.FrameworkMethod$1.runReflectiveCall(FrameworkMethod.java:44)
	at org.junit.internal.runners.model.ReflectiveCallable.run(ReflectiveCallable.java:15)
	at org.junit.runners.model.FrameworkMethod.invokeExplosively(FrameworkMethod.java:41)
	at junitparams.internal.InvokeParameterisedMethod.evaluate(InvokeParameterisedMethod.java:102)
	at org.junit.internal.runners.statements.FailOnTimeout$1.run(FailOnTimeout.java:28)
Caused by: ptolemy.kernel.util.IllegalActionException: Found a zero delay loop containing .HierarchicalModel.A
  in .HierarchicalModel and .HierarchicalModel.A
	at ptolemy.actor.util.CausalityInterfaceForComposites._computeOutputPortDepth(CausalityInterfaceForComposites.java:759)
	at ptolemy.actor.util.CausalityInterfaceForComposites._computeInputDepth(CausalityInterfaceForComposites.java:696)
	at ptolemy.actor.util.CausalityInterfaceForComposites._computeOutputPortDepth(CausalityInterfaceForComposites.java:765)
	at ptolemy.actor.util.CausalityInterfaceForComposites._computeInputDepth(CausalityInterfaceForComposites.java:696)
	at ptolemy.actor.util.CausalityInterfaceForComposites._computeOutputPortDepth(CausalityInterfaceForComposites.java:765)
	at ptolemy.actor.util.CausalityInterfaceForComposites._computeInputDepth(CausalityInterfaceForComposites.java:696)
	at ptolemy.actor.util.CausalityInterfaceForComposites._computeActorDepth(CausalityInterfaceForComposites.java:532)
	at ptolemy.actor.util.CausalityInterfaceForComposites.checkForCycles(CausalityInterfaceForComposites.java:96)
	at ptolemy.domains.de.kernel.DEDirector.preinitialize(DEDirector.java:1338)
	at ptolemy.actor.CompositeActor.preinitialize(CompositeActor.java:1828)
	at ptolemy.actor.Manager.preinitializeAndResolveTypes(Manager.java:1040)
	at ptolemy.actor.Manager.initialize(Manager.java:710)
	at ptolemy.actor.Manager.execute(Manager.java:356)
	at ptolemy.actor.Manager.run(Manager.java:1263)
	at ptolemy.actor.Manager$PtolemyRunThread.run(Manager.java:1915)
java.lang.RuntimeException: Execution failed
	at ptolemy.moml.MoMLSimpleApplication$UnloadThread.run(MoMLSimpleApplication.java:402)
Caused by: ptolemy.kernel.util.IllegalActionException: Found a zero delay loop containing .dependencyLoop.original
  in .dependencyLoop and .dependencyLoop.original
	at ptolemy.actor.util.CausalityInterfaceForComposites._computeOutputPortDepth(CausalityInterfaceForComposites.java:759)
	at ptolemy.actor.util.CausalityInterfaceForComposites._computeInputDepth(CausalityInterfaceForComposites.java:696)
	at ptolemy.actor.util.CausalityInterfaceForComposites._computeOutputPortDepth(CausalityInterfaceForComposites.java:765)
	at ptolemy.actor.util.CausalityInterfaceForComposites._computeInputDepth(CausalityInterfaceForComposites.java:696)
	at ptolemy.actor.util.CausalityInterfaceForComposites._computeOutputPortDepth(CausalityInterfaceForComposites.java:765)
	at ptolemy.actor.util.CausalityInterfaceForComposites._computeInputDepth(CausalityInterfaceForComposites.java:696)
	at ptolemy.actor.util.CausalityInterfaceForComposites._computeActorDepth(CausalityInterfaceForComposites.java:532)
	at ptolemy.actor.util.CausalityInterfaceForComposites.checkForCycles(CausalityInterfaceForComposites.java:96)
	at ptolemy.domains.de.kernel.DEDirector.preinitialize(DEDirector.java:1338)
	at ptolemy.actor.CompositeActor.preinitialize(CompositeActor.java:1828)
	at ptolemy.actor.Manager.preinitializeAndResolveTypes(Manager.java:1040)
	at ptolemy.actor.Manager.initialize(Manager.java:710)
	at ptolemy.actor.Manager.execute(Manager.java:356)
	at ptolemy.actor.Manager.run(Manager.java:1263)
	at ptolemy.actor.Manager$PtolemyRunThread.run(Manager.java:1915)
java.lang.reflect.InvocationTargetException
	at sun.reflect.NativeConstructorAccessorImpl.newInstance0(Native Method)
	at sun.reflect.NativeConstructorAccessorImpl.newInstance(NativeConstructorAccessorImpl.java:62)
	at sun.reflect.DelegatingConstructorAccessorImpl.newInstance(DelegatingConstructorAccessorImpl.java:45)
	at java.lang.reflect.Constructor.newInstance(Constructor.java:423)
	at ptolemy.util.test.junit.AutoKnownFailedTests.RunModel(AutoKnownFailedTests.java:107)
	at sun.reflect.NativeMethodAccessorImpl.invoke0(Native Method)
	at sun.reflect.NativeMethodAccessorImpl.invoke(NativeMethodAccessorImpl.java:62)
	at sun.reflect.DelegatingMethodAccessorImpl.invoke(DelegatingMethodAccessorImpl.java:43)
	at java.lang.reflect.Method.invoke(Method.java:498)
	at org.junit.runners.model.FrameworkMethod$1.runReflectiveCall(FrameworkMethod.java:44)
	at org.junit.internal.runners.model.ReflectiveCallable.run(ReflectiveCallable.java:15)
	at org.junit.runners.model.FrameworkMethod.invokeExplosively(FrameworkMethod.java:41)
	at junitparams.internal.InvokeParameterisedMethod.evaluate(InvokeParameterisedMethod.java:102)
	at org.junit.internal.runners.statements.FailOnTimeout$1.run(FailOnTimeout.java:28)
Caused by: ptolemy.kernel.util.IllegalActionException: Found a zero delay loop containing .dependencyLoop.original
  in .dependencyLoop and .dependencyLoop.original
	at ptolemy.actor.util.CausalityInterfaceForComposites._computeOutputPortDepth(CausalityInterfaceForComposites.java:759)
	at ptolemy.actor.util.CausalityInterfaceForComposites._computeInputDepth(CausalityInterfaceForComposites.java:696)
	at ptolemy.actor.util.CausalityInterfaceForComposites._computeOutputPortDepth(CausalityInterfaceForComposites.java:765)
	at ptolemy.actor.util.CausalityInterfaceForComposites._computeInputDepth(CausalityInterfaceForComposites.java:696)
	at ptolemy.actor.util.CausalityInterfaceForComposites._computeOutputPortDepth(CausalityInterfaceForComposites.java:765)
	at ptolemy.actor.util.CausalityInterfaceForComposites._computeInputDepth(CausalityInterfaceForComposites.java:696)
	at ptolemy.actor.util.CausalityInterfaceForComposites._computeActorDepth(CausalityInterfaceForComposites.java:532)
	at ptolemy.actor.util.CausalityInterfaceForComposites.checkForCycles(CausalityInterfaceForComposites.java:96)
	at ptolemy.domains.de.kernel.DEDirector.preinitialize(DEDirector.java:1338)
	at ptolemy.actor.CompositeActor.preinitialize(CompositeActor.java:1828)
	at ptolemy.actor.Manager.preinitializeAndResolveTypes(Manager.java:1040)
	at ptolemy.actor.Manager.initialize(Manager.java:710)
	at ptolemy.actor.Manager.execute(Manager.java:356)
	at ptolemy.actor.Manager.run(Manager.java:1263)
	at ptolemy.actor.Manager$PtolemyRunThread.run(Manager.java:1915)
java.lang.RuntimeException: Execution failed
	at ptolemy.moml.MoMLSimpleApplication$UnloadThread.run(MoMLSimpleApplication.java:402)
Caused by: ptolemy.kernel.util.IllegalActionException: Found a zero delay loop containing .dependencyLoop2.original
  in .dependencyLoop2 and .dependencyLoop2.original
	at ptolemy.actor.util.CausalityInterfaceForComposites._computeOutputPortDepth(CausalityInterfaceForComposites.java:759)
	at ptolemy.actor.util.CausalityInterfaceForComposites._computeInputDepth(CausalityInterfaceForComposites.java:696)
	at ptolemy.actor.util.CausalityInterfaceForComposites._computeOutputPortDepth(CausalityInterfaceForComposites.java:765)
	at ptolemy.actor.util.CausalityInterfaceForComposites._computeInputDepth(CausalityInterfaceForComposites.java:696)
	at ptolemy.actor.util.CausalityInterfaceForComposites._computeOutputPortDepth(CausalityInterfaceForComposites.java:765)
	at ptolemy.actor.util.CausalityInterfaceForComposites._computeInputDepth(CausalityInterfaceForComposites.java:696)
	at ptolemy.actor.util.CausalityInterfaceForComposites._computeActorDepth(CausalityInterfaceForComposites.java:532)
	at ptolemy.actor.util.CausalityInterfaceForComposites.checkForCycles(CausalityInterfaceForComposites.java:96)
	at ptolemy.domains.de.kernel.DEDirector.preinitialize(DEDirector.java:1338)
	at ptolemy.actor.CompositeActor.preinitialize(CompositeActor.java:1828)
	at ptolemy.actor.Manager.preinitializeAndResolveTypes(Manager.java:1040)
	at ptolemy.actor.Manager.initialize(Manager.java:710)
	at ptolemy.actor.Manager.execute(Manager.java:356)
	at ptolemy.actor.Manager.run(Manager.java:1263)
	at ptolemy.actor.Manager$PtolemyRunThread.run(Manager.java:1915)
java.lang.reflect.InvocationTargetException
	at sun.reflect.NativeConstructorAccessorImpl.newInstance0(Native Method)
	at sun.reflect.NativeConstructorAccessorImpl.newInstance(NativeConstructorAccessorImpl.java:62)
	at sun.reflect.DelegatingConstructorAccessorImpl.newInstance(DelegatingConstructorAccessorImpl.java:45)
	at java.lang.reflect.Constructor.newInstance(Constructor.java:423)
	at ptolemy.util.test.junit.AutoKnownFailedTests.RunModel(AutoKnownFailedTests.java:107)
	at sun.reflect.NativeMethodAccessorImpl.invoke0(Native Method)
	at sun.reflect.NativeMethodAccessorImpl.invoke(NativeMethodAccessorImpl.java:62)
	at sun.reflect.DelegatingMethodAccessorImpl.invoke(DelegatingMethodAccessorImpl.java:43)
	at java.lang.reflect.Method.invoke(Method.java:498)
	at org.junit.runners.model.FrameworkMethod$1.runReflectiveCall(FrameworkMethod.java:44)
	at org.junit.internal.runners.model.ReflectiveCallable.run(ReflectiveCallable.java:15)
	at org.junit.runners.model.FrameworkMethod.invokeExplosively(FrameworkMethod.java:41)
	at junitparams.internal.InvokeParameterisedMethod.evaluate(InvokeParameterisedMethod.java:102)
	at org.junit.internal.runners.statements.FailOnTimeout$1.run(FailOnTimeout.java:28)
Caused by: ptolemy.kernel.util.IllegalActionException: Found a zero delay loop containing .dependencyLoop2.original
  in .dependencyLoop2 and .dependencyLoop2.original
	at ptolemy.actor.util.CausalityInterfaceForComposites._computeOutputPortDepth(CausalityInterfaceForComposites.java:759)
	at ptolemy.actor.util.CausalityInterfaceForComposites._computeInputDepth(CausalityInterfaceForComposites.java:696)
	at ptolemy.actor.util.CausalityInterfaceForComposites._computeOutputPortDepth(CausalityInterfaceForComposites.java:765)
	at ptolemy.actor.util.CausalityInterfaceForComposites._computeInputDepth(CausalityInterfaceForComposites.java:696)
	at ptolemy.actor.util.CausalityInterfaceForComposites._computeOutputPortDepth(CausalityInterfaceForComposites.java:765)
	at ptolemy.actor.util.CausalityInterfaceForComposites._computeInputDepth(CausalityInterfaceForComposites.java:696)
	at ptolemy.actor.util.CausalityInterfaceForComposites._computeActorDepth(CausalityInterfaceForComposites.java:532)
	at ptolemy.actor.util.CausalityInterfaceForComposites.checkForCycles(CausalityInterfaceForComposites.java:96)
	at ptolemy.domains.de.kernel.DEDirector.preinitialize(DEDirector.java:1338)
	at ptolemy.actor.CompositeActor.preinitialize(CompositeActor.java:1828)
	at ptolemy.actor.Manager.preinitializeAndResolveTypes(Manager.java:1040)
	at ptolemy.actor.Manager.initialize(Manager.java:710)
	at ptolemy.actor.Manager.execute(Manager.java:356)
	at ptolemy.actor.Manager.run(Manager.java:1263)
	at ptolemy.actor.Manager$PtolemyRunThread.run(Manager.java:1915)
]]></system-err>
</testsuite>
