<?xml version="1.0" encoding="UTF-8" ?>
<testsuite errors="0" failures="0" hostname="travis-job-ad7b81e3-edbb-431d-9010-984f4e71f675" name="ptolemy.actor.lib.hoc.test.junit.JUnitTclTest" skipped="0" tests="58" time="33.491" timestamp="2019-07-19T08:44:58">
  <properties>
[...]
</properties>
  <testcase classname="ptolemy.util.test.junit.TclTests" name="[0] /home/travis/build/icyphy/ptII/ptolemy/actor/lib/hoc/test/IterateOverArray.tcl (RunTclFile)" time="0.265" />
  <testcase classname="ptolemy.util.test.junit.AutoKnownFailedTests" name="[0] /home/travis/build/icyphy/ptII/ptolemy/actor/lib/hoc/test/auto/knownFailedTests/PreinitializeMustBeInvokedRunComposite.xml (RunModel)" time="0.439" />
  <testcase classname="ptolemy.util.test.junit.AutoNameArchTests" name="[0] ThereAreNoAutoArchTests (RunModel)" time="0.001" />
  <testcase classname="ptolemy.util.test.junit.AutoTests" name="[0] /home/travis/build/icyphy/ptII/ptolemy/actor/lib/hoc/test/auto/AllToAllMultiInstanceComposite.xml (RunModel)" time="0.395" />
  <testcase classname="ptolemy.util.test.junit.AutoTests" name="[1] /home/travis/build/icyphy/ptII/ptolemy/actor/lib/hoc/test/auto/ApplyFFTTest.xml (RunModel)" time="0.484" />
  <testcase classname="ptolemy.util.test.junit.AutoTests" name="[2] /home/travis/build/icyphy/ptII/ptolemy/actor/lib/hoc/test/auto/ApplyFunction.xml (RunModel)" time="0.048" />
  <testcase classname="ptolemy.util.test.junit.AutoTests" name="[3] /home/travis/build/icyphy/ptII/ptolemy/actor/lib/hoc/test/auto/BackgroundExecution.xml (RunModel)" time="0.756" />
  <testcase classname="ptolemy.util.test.junit.AutoTests" name="[4] /home/travis/build/icyphy/ptII/ptolemy/actor/lib/hoc/test/auto/Case.xml (RunModel)" time="0.089" />
  <testcase classname="ptolemy.util.test.junit.AutoTests" name="[5] /home/travis/build/icyphy/ptII/ptolemy/actor/lib/hoc/test/auto/Case1.xml (RunModel)" time="0.065" />
  <testcase classname="ptolemy.util.test.junit.AutoTests" name="[6] /home/travis/build/icyphy/ptII/ptolemy/actor/lib/hoc/test/auto/Case2.xml (RunModel)" time="0.105" />
  <testcase classname="ptolemy.util.test.junit.AutoTests" name="[7] /home/travis/build/icyphy/ptII/ptolemy/actor/lib/hoc/test/auto/Case3.xml (RunModel)" time="0.036" />
  <testcase classname="ptolemy.util.test.junit.AutoTests" name="[8] /home/travis/build/icyphy/ptII/ptolemy/actor/lib/hoc/test/auto/Case4.xml (RunModel)" time="0.061" />
  <testcase classname="ptolemy.util.test.junit.AutoTests" name="[9] /home/travis/build/icyphy/ptII/ptolemy/actor/lib/hoc/test/auto/Case5.xml (RunModel)" time="0.094" />
  <testcase classname="ptolemy.util.test.junit.AutoTests" name="[10] /home/travis/build/icyphy/ptII/ptolemy/actor/lib/hoc/test/auto/Case6.xml (RunModel)" time="0.135" />
  <testcase classname="ptolemy.util.test.junit.AutoTests" name="[11] /home/travis/build/icyphy/ptII/ptolemy/actor/lib/hoc/test/auto/CaseString2.xml (RunModel)" time="0.049" />
  <testcase classname="ptolemy.util.test.junit.AutoTests" name="[12] /home/travis/build/icyphy/ptII/ptolemy/actor/lib/hoc/test/auto/CatchUpComposite1.xml (RunModel)" time="0.084" />
  <testcase classname="ptolemy.util.test.junit.AutoTests" name="[13] /home/travis/build/icyphy/ptII/ptolemy/actor/lib/hoc/test/auto/CatchUpComposite2.xml (RunModel)" time="0.08" />
  <testcase classname="ptolemy.util.test.junit.AutoTests" name="[14] /home/travis/build/icyphy/ptII/ptolemy/actor/lib/hoc/test/auto/CatchUpComposite3.xml (RunModel)" time="0.072" />
  <testcase classname="ptolemy.util.test.junit.AutoTests" name="[15] /home/travis/build/icyphy/ptII/ptolemy/actor/lib/hoc/test/auto/CatchUpComposite4.xml (RunModel)" time="0.067" />
  <testcase classname="ptolemy.util.test.junit.AutoTests" name="[16] /home/travis/build/icyphy/ptII/ptolemy/actor/lib/hoc/test/auto/CatchUpComposite5.xml (RunModel)" time="0.038" />
  <testcase classname="ptolemy.util.test.junit.AutoTests" name="[17] /home/travis/build/icyphy/ptII/ptolemy/actor/lib/hoc/test/auto/CatchUpComposite6.xml (RunModel)" time="0.185" />
  <testcase classname="ptolemy.util.test.junit.AutoTests" name="[18] /home/travis/build/icyphy/ptII/ptolemy/actor/lib/hoc/test/auto/CatchUpComposite7.xml (RunModel)" time="0.101" />
  <testcase classname="ptolemy.util.test.junit.AutoTests" name="[19] /home/travis/build/icyphy/ptII/ptolemy/actor/lib/hoc/test/auto/ConcurrentExecutionTimeSDF.xml (RunModel)" time="1.47" />
  <testcase classname="ptolemy.util.test.junit.AutoTests" name="[20] /home/travis/build/icyphy/ptII/ptolemy/actor/lib/hoc/test/auto/ConcurrentSleep.xml (RunModel)" time="0.774" />
  <testcase classname="ptolemy.util.test.junit.AutoTests" name="[21] /home/travis/build/icyphy/ptII/ptolemy/actor/lib/hoc/test/auto/DEInPNInRunCompositeActor.xml (RunModel)" time="0.031" />
  <testcase classname="ptolemy.util.test.junit.AutoTests" name="[22] /home/travis/build/icyphy/ptII/ptolemy/actor/lib/hoc/test/auto/DFTSubSetTest.xml (RunModel)" time="0.312" />
  <testcase classname="ptolemy.util.test.junit.AutoTests" name="[23] /home/travis/build/icyphy/ptII/ptolemy/actor/lib/hoc/test/auto/HocDE.xml (RunModel)" time="0.162" />
  <testcase classname="ptolemy.util.test.junit.AutoTests" name="[24] /home/travis/build/icyphy/ptII/ptolemy/actor/lib/hoc/test/auto/IterateOverArray.xml (RunModel)" time="0.041" />
  <testcase classname="ptolemy.util.test.junit.AutoTests" name="[25] /home/travis/build/icyphy/ptII/ptolemy/actor/lib/hoc/test/auto/IterateOverArray10.xml (RunModel)" time="0.025" />
  <testcase classname="ptolemy.util.test.junit.AutoTests" name="[26] /home/travis/build/icyphy/ptII/ptolemy/actor/lib/hoc/test/auto/IterateOverArray11.xml (RunModel)" time="0.024" />
  <testcase classname="ptolemy.util.test.junit.AutoTests" name="[27] /home/travis/build/icyphy/ptII/ptolemy/actor/lib/hoc/test/auto/IterateOverArray12.xml (RunModel)" time="0.028" />
  <testcase classname="ptolemy.util.test.junit.AutoTests" name="[28] /home/travis/build/icyphy/ptII/ptolemy/actor/lib/hoc/test/auto/IterateOverArray13.xml (RunModel)" time="0.171" />
  <testcase classname="ptolemy.util.test.junit.AutoTests" name="[29] /home/travis/build/icyphy/ptII/ptolemy/actor/lib/hoc/test/auto/IterateOverArray14.xml (RunModel)" time="0.17" />
  <testcase classname="ptolemy.util.test.junit.AutoTests" name="[30] /home/travis/build/icyphy/ptII/ptolemy/actor/lib/hoc/test/auto/IterateOverArray2.xml (RunModel)" time="0.03" />
  <testcase classname="ptolemy.util.test.junit.AutoTests" name="[31] /home/travis/build/icyphy/ptII/ptolemy/actor/lib/hoc/test/auto/IterateOverArray3.xml (RunModel)" time="0.045" />
  <testcase classname="ptolemy.util.test.junit.AutoTests" name="[32] /home/travis/build/icyphy/ptII/ptolemy/actor/lib/hoc/test/auto/IterateOverArray4.xml (RunModel)" time="0.022" />
  <testcase classname="ptolemy.util.test.junit.AutoTests" name="[33] /home/travis/build/icyphy/ptII/ptolemy/actor/lib/hoc/test/auto/IterateOverArray5.xml (RunModel)" time="0.018" />
  <testcase classname="ptolemy.util.test.junit.AutoTests" name="[34] /home/travis/build/icyphy/ptII/ptolemy/actor/lib/hoc/test/auto/IterateOverArray6.xml (RunModel)" time="0.014" />
  <testcase classname="ptolemy.util.test.junit.AutoTests" name="[35] /home/travis/build/icyphy/ptII/ptolemy/actor/lib/hoc/test/auto/IterateOverArray7.xml (RunModel)" time="0.018" />
  <testcase classname="ptolemy.util.test.junit.AutoTests" name="[36] /home/travis/build/icyphy/ptII/ptolemy/actor/lib/hoc/test/auto/IterateOverArray8.xml (RunModel)" time="0.02" />
  <testcase classname="ptolemy.util.test.junit.AutoTests" name="[37] /home/travis/build/icyphy/ptII/ptolemy/actor/lib/hoc/test/auto/IterateOverArray9.xml (RunModel)" time="0.025" />
  <testcase classname="ptolemy.util.test.junit.AutoTests" name="[38] /home/travis/build/icyphy/ptII/ptolemy/actor/lib/hoc/test/auto/IterateOverArrayCoercedOutputType.xml (RunModel)" time="0.045" />
  <testcase classname="ptolemy.util.test.junit.AutoTests" name="[39] /home/travis/build/icyphy/ptII/ptolemy/actor/lib/hoc/test/auto/IterateOverArrayInferredOutputType.xml (RunModel)" time="0.024" />
  <testcase classname="ptolemy.util.test.junit.AutoTests" name="[40] /home/travis/build/icyphy/ptII/ptolemy/actor/lib/hoc/test/auto/MobileFunctionTest.xml (RunModel)" time="0.016" />
  <testcase classname="ptolemy.util.test.junit.AutoTests" name="[41] /home/travis/build/icyphy/ptII/ptolemy/actor/lib/hoc/test/auto/MobileModelTest.xml (RunModel)" time="0.184" />
  <testcase classname="ptolemy.util.test.junit.AutoTests" name="[42] /home/travis/build/icyphy/ptII/ptolemy/actor/lib/hoc/test/auto/ModelReference.xml (RunModel)" time="0.065" />
  <testcase classname="ptolemy.util.test.junit.AutoTests" name="[43] /home/travis/build/icyphy/ptII/ptolemy/actor/lib/hoc/test/auto/ModelReference3.xml (RunModel)" time="0.047" />
  <testcase classname="ptolemy.util.test.junit.AutoTests" name="[44] /home/travis/build/icyphy/ptII/ptolemy/actor/lib/hoc/test/auto/ModelReference4.xml (RunModel)" time="10.033" />
  <testcase classname="ptolemy.util.test.junit.AutoTests" name="[45] /home/travis/build/icyphy/ptII/ptolemy/actor/lib/hoc/test/auto/MultiInstanceComposite.xml (RunModel)" time="0.051" />
  <testcase classname="ptolemy.util.test.junit.AutoTests" name="[46] /home/travis/build/icyphy/ptII/ptolemy/actor/lib/hoc/test/auto/MultiInstanceComposite2.xml (RunModel)" time="0.038" />
  <testcase classname="ptolemy.util.test.junit.AutoTests" name="[47] /home/travis/build/icyphy/ptII/ptolemy/actor/lib/hoc/test/auto/MulticoreExecution.xml (RunModel)" time="1.078" />
  <testcase classname="ptolemy.util.test.junit.AutoTests" name="[48] /home/travis/build/icyphy/ptII/ptolemy/actor/lib/hoc/test/auto/ParallelExecution.xml (RunModel)" time="0.943" />
  <testcase classname="ptolemy.util.test.junit.AutoTests" name="[49] /home/travis/build/icyphy/ptII/ptolemy/actor/lib/hoc/test/auto/RunCompositeActor.xml (RunModel)" time="0.027" />
  <testcase classname="ptolemy.util.test.junit.AutoTests" name="[50] /home/travis/build/icyphy/ptII/ptolemy/actor/lib/hoc/test/auto/RunCompositeActor2.xml (RunModel)" time="0.024" />
  <testcase classname="ptolemy.util.test.junit.AutoTests" name="[51] /home/travis/build/icyphy/ptII/ptolemy/actor/lib/hoc/test/auto/RunCompositeActor3.xml (RunModel)" time="0.022" />
  <testcase classname="ptolemy.util.test.junit.AutoTests" name="[52] /home/travis/build/icyphy/ptII/ptolemy/actor/lib/hoc/test/auto/RunCompositeActor4.xml (RunModel)" time="0.033" />
  <testcase classname="ptolemy.util.test.junit.AutoTests" name="[53] /home/travis/build/icyphy/ptII/ptolemy/actor/lib/hoc/test/auto/RunCompositeIterateOverArray.xml (RunModel)" time="0.045" />
  <testcase classname="ptolemy.util.test.junit.AutoTests" name="[54] /home/travis/build/icyphy/ptII/ptolemy/actor/lib/hoc/test/auto/ThreadedJS.xml (RunModel)" time="13.105" />
  <system-out><![CDATA[/home/travis/build/icyphy/ptII/ptolemy/actor/lib/hoc/test/IterateOverArray.tcl
testDefs.tcl: setting time out to 9000 seconds at Fri Jul 19 08:44:58 UTC 2019
07/19/19 08:44:59
Failed: 0  Total Tests: 2  ((Passed: 2, Newly Passed: 0)  Known Failed: 0) /home/travis/build/icyphy/ptII/ptolemy/actor/lib/hoc/test
----------------- testing (KnownFailure) /home/travis/build/icyphy/ptII/ptolemy/actor/lib/hoc/test/auto/knownFailedTests/PreinitializeMustBeInvokedRunComposite.xml
137 ms. Memory: 120832K Free: 79816K (66%)
Known Failure: java.lang.reflect.InvocationTargetException
No auto/linux-amd64/*.xml tests in /home/travis/build/icyphy/ptII/ptolemy/actor/lib/hoc/test
AutoTests.java: About to close Vertx.
AutoTests.java: Vertx closed.

===========================================================================================
----------------- testing Fri Jul 19 08:45:00 UTC 2019 /home/travis/build/icyphy/ptII/ptolemy/actor/lib/hoc/test/auto/AllToAllMultiInstanceComposite.xml
----------------- Instantiating /home/travis/build/icyphy/ptII/ptolemy/actor/lib/hoc/test/auto/AllToAllMultiInstanceComposite.xml
203 ms. Memory: 120832K Free: 98694K (82%)
----------------- Invoking toplevel() on ptolemy.moml.MoMLSimpleApplication@cadb76b
----------------- Done invoking toplevel() on ptolemy.moml.MoMLSimpleApplication@cadb76b
reloadAllAccessors: .AllToAllMultiInstanceComposite

===========================================================================================
----------------- testing Fri Jul 19 08:45:00 UTC 2019 /home/travis/build/icyphy/ptII/ptolemy/actor/lib/hoc/test/auto/ApplyFFTTest.xml
----------------- Instantiating /home/travis/build/icyphy/ptII/ptolemy/actor/lib/hoc/test/auto/ApplyFFTTest.xml
153 ms. Memory: 120832K Free: 79859K (66%)
----------------- Invoking toplevel() on ptolemy.moml.MoMLSimpleApplication@75c83c18
----------------- Done invoking toplevel() on ptolemy.moml.MoMLSimpleApplication@75c83c18
reloadAllAccessors: .ApplyFFTTest

===========================================================================================
----------------- testing Fri Jul 19 08:45:00 UTC 2019 /home/travis/build/icyphy/ptII/ptolemy/actor/lib/hoc/test/auto/ApplyFunction.xml
----------------- Instantiating /home/travis/build/icyphy/ptII/ptolemy/actor/lib/hoc/test/auto/ApplyFunction.xml
7 ms. Memory: 120832K Free: 106624K (88%)
----------------- Invoking toplevel() on ptolemy.moml.MoMLSimpleApplication@20b605a5
----------------- Done invoking toplevel() on ptolemy.moml.MoMLSimpleApplication@20b605a5
reloadAllAccessors: .ApplyFunction

===========================================================================================
----------------- testing Fri Jul 19 08:45:00 UTC 2019 /home/travis/build/icyphy/ptII/ptolemy/actor/lib/hoc/test/auto/BackgroundExecution.xml
----------------- Instantiating /home/travis/build/icyphy/ptII/ptolemy/actor/lib/hoc/test/auto/BackgroundExecution.xml
654 ms. Memory: 120832K Free: 98923K (82%)
----------------- Invoking toplevel() on ptolemy.moml.MoMLSimpleApplication@5b66b460
----------------- Done invoking toplevel() on ptolemy.moml.MoMLSimpleApplication@5b66b460
reloadAllAccessors: .BackgroundExecution

===========================================================================================
----------------- testing Fri Jul 19 08:45:01 UTC 2019 /home/travis/build/icyphy/ptII/ptolemy/actor/lib/hoc/test/auto/Case.xml
----------------- Instantiating /home/travis/build/icyphy/ptII/ptolemy/actor/lib/hoc/test/auto/Case.xml
29 ms. Memory: 120832K Free: 91991K (76%)
----------------- Invoking toplevel() on ptolemy.moml.MoMLSimpleApplication@2d497ffe
----------------- Done invoking toplevel() on ptolemy.moml.MoMLSimpleApplication@2d497ffe
reloadAllAccessors: .Case

===========================================================================================
----------------- testing Fri Jul 19 08:45:01 UTC 2019 /home/travis/build/icyphy/ptII/ptolemy/actor/lib/hoc/test/auto/Case1.xml
----------------- Instantiating /home/travis/build/icyphy/ptII/ptolemy/actor/lib/hoc/test/auto/Case1.xml
21 ms. Memory: 120832K Free: 85509K (71%)
----------------- Invoking toplevel() on ptolemy.moml.MoMLSimpleApplication@263178b3
----------------- Done invoking toplevel() on ptolemy.moml.MoMLSimpleApplication@263178b3
reloadAllAccessors: .Case1

===========================================================================================
----------------- testing Fri Jul 19 08:45:01 UTC 2019 /home/travis/build/icyphy/ptII/ptolemy/actor/lib/hoc/test/auto/Case2.xml
----------------- Instantiating /home/travis/build/icyphy/ptII/ptolemy/actor/lib/hoc/test/auto/Case2.xml
32 ms. Memory: 120832K Free: 75644K (63%)
----------------- Invoking toplevel() on ptolemy.moml.MoMLSimpleApplication@279ef20d
----------------- Done invoking toplevel() on ptolemy.moml.MoMLSimpleApplication@279ef20d
reloadAllAccessors: .Case2

===========================================================================================
----------------- testing Fri Jul 19 08:45:01 UTC 2019 /home/travis/build/icyphy/ptII/ptolemy/actor/lib/hoc/test/auto/Case3.xml
----------------- Instantiating /home/travis/build/icyphy/ptII/ptolemy/actor/lib/hoc/test/auto/Case3.xml
8 ms. Memory: 120832K Free: 69227K (57%)
----------------- Invoking toplevel() on ptolemy.moml.MoMLSimpleApplication@cac5d9c
----------------- Done invoking toplevel() on ptolemy.moml.MoMLSimpleApplication@cac5d9c
reloadAllAccessors: .Case3

===========================================================================================
----------------- testing Fri Jul 19 08:45:01 UTC 2019 /home/travis/build/icyphy/ptII/ptolemy/actor/lib/hoc/test/auto/Case4.xml
----------------- Instantiating /home/travis/build/icyphy/ptII/ptolemy/actor/lib/hoc/test/auto/Case4.xml
12 ms. Memory: 120832K Free: 100680K (83%)
----------------- Invoking toplevel() on ptolemy.moml.MoMLSimpleApplication@69a0940e
----------------- Done invoking toplevel() on ptolemy.moml.MoMLSimpleApplication@69a0940e
reloadAllAccessors: .Case4

===========================================================================================
----------------- testing Fri Jul 19 08:45:02 UTC 2019 /home/travis/build/icyphy/ptII/ptolemy/actor/lib/hoc/test/auto/Case5.xml
----------------- Instantiating /home/travis/build/icyphy/ptII/ptolemy/actor/lib/hoc/test/auto/Case5.xml
62 ms. Memory: 120832K Free: 94248K (78%)
----------------- Invoking toplevel() on ptolemy.moml.MoMLSimpleApplication@2c71ed40
----------------- Done invoking toplevel() on ptolemy.moml.MoMLSimpleApplication@2c71ed40
reloadAllAccessors: .junk

===========================================================================================
----------------- testing Fri Jul 19 08:45:02 UTC 2019 /home/travis/build/icyphy/ptII/ptolemy/actor/lib/hoc/test/auto/Case6.xml
----------------- Instantiating /home/travis/build/icyphy/ptII/ptolemy/actor/lib/hoc/test/auto/Case6.xml
53 ms. Memory: 120832K Free: 82646K (68%)
----------------- Invoking toplevel() on ptolemy.moml.MoMLSimpleApplication@5d9f49a2
----------------- Done invoking toplevel() on ptolemy.moml.MoMLSimpleApplication@5d9f49a2
reloadAllAccessors: .Case6

===========================================================================================
----------------- testing Fri Jul 19 08:45:02 UTC 2019 /home/travis/build/icyphy/ptII/ptolemy/actor/lib/hoc/test/auto/CaseString2.xml
----------------- Instantiating /home/travis/build/icyphy/ptII/ptolemy/actor/lib/hoc/test/auto/CaseString2.xml
16 ms. Memory: 120832K Free: 75072K (62%)
----------------- Invoking toplevel() on ptolemy.moml.MoMLSimpleApplication@6b9c5338
----------------- Done invoking toplevel() on ptolemy.moml.MoMLSimpleApplication@6b9c5338
reloadAllAccessors: .CaseString2

===========================================================================================
----------------- testing Fri Jul 19 08:45:02 UTC 2019 /home/travis/build/icyphy/ptII/ptolemy/actor/lib/hoc/test/auto/CatchUpComposite1.xml
----------------- Instantiating /home/travis/build/icyphy/ptII/ptolemy/actor/lib/hoc/test/auto/CatchUpComposite1.xml
34 ms. Memory: 120832K Free: 65934K (55%)
----------------- Invoking toplevel() on ptolemy.moml.MoMLSimpleApplication@2163b259
----------------- Done invoking toplevel() on ptolemy.moml.MoMLSimpleApplication@2163b259
reloadAllAccessors: .CatchUpComposite1

===========================================================================================
----------------- testing Fri Jul 19 08:45:02 UTC 2019 /home/travis/build/icyphy/ptII/ptolemy/actor/lib/hoc/test/auto/CatchUpComposite2.xml
----------------- Instantiating /home/travis/build/icyphy/ptII/ptolemy/actor/lib/hoc/test/auto/CatchUpComposite2.xml
21 ms. Memory: 120832K Free: 106763K (88%)
----------------- Invoking toplevel() on ptolemy.moml.MoMLSimpleApplication@575c7813
----------------- Done invoking toplevel() on ptolemy.moml.MoMLSimpleApplication@575c7813
reloadAllAccessors: .CatchUpComposite2

===========================================================================================
----------------- testing Fri Jul 19 08:45:02 UTC 2019 /home/travis/build/icyphy/ptII/ptolemy/actor/lib/hoc/test/auto/CatchUpComposite3.xml
----------------- Instantiating /home/travis/build/icyphy/ptII/ptolemy/actor/lib/hoc/test/auto/CatchUpComposite3.xml
26 ms. Memory: 120832K Free: 97873K (81%)
----------------- Invoking toplevel() on ptolemy.moml.MoMLSimpleApplication@15c01f13
----------------- Done invoking toplevel() on ptolemy.moml.MoMLSimpleApplication@15c01f13
reloadAllAccessors: .CatchUpComposite3

===========================================================================================
----------------- testing Fri Jul 19 08:45:02 UTC 2019 /home/travis/build/icyphy/ptII/ptolemy/actor/lib/hoc/test/auto/CatchUpComposite4.xml
----------------- Instantiating /home/travis/build/icyphy/ptII/ptolemy/actor/lib/hoc/test/auto/CatchUpComposite4.xml
21 ms. Memory: 120832K Free: 90045K (75%)
----------------- Invoking toplevel() on ptolemy.moml.MoMLSimpleApplication@2cf01f5c
----------------- Done invoking toplevel() on ptolemy.moml.MoMLSimpleApplication@2cf01f5c
reloadAllAccessors: .CatchUpComposite4

===========================================================================================
----------------- testing Fri Jul 19 08:45:02 UTC 2019 /home/travis/build/icyphy/ptII/ptolemy/actor/lib/hoc/test/auto/CatchUpComposite5.xml
----------------- Instantiating /home/travis/build/icyphy/ptII/ptolemy/actor/lib/hoc/test/auto/CatchUpComposite5.xml
7 ms. Memory: 120832K Free: 82505K (68%)
----------------- Invoking toplevel() on ptolemy.moml.MoMLSimpleApplication@670c00ea
----------------- Done invoking toplevel() on ptolemy.moml.MoMLSimpleApplication@670c00ea
reloadAllAccessors: .CatchUpComposite5

===========================================================================================
----------------- testing Fri Jul 19 08:45:02 UTC 2019 /home/travis/build/icyphy/ptII/ptolemy/actor/lib/hoc/test/auto/CatchUpComposite6.xml
----------------- Instantiating /home/travis/build/icyphy/ptII/ptolemy/actor/lib/hoc/test/auto/CatchUpComposite6.xml
WARNING: The execution aspects in this model can influence the timing of actors by delaying the 
execution, potentially changing the behavior. There is no guarantee that actors fire at the 
time they request to be fired. 
Use Ptides for deterministic DE behavior that is not influenced by execution aspects. 

94 ms. Memory: 120832K Free: 67816K (56%)
----------------- Invoking toplevel() on ptolemy.moml.MoMLSimpleApplication@15511444
----------------- Done invoking toplevel() on ptolemy.moml.MoMLSimpleApplication@15511444
reloadAllAccessors: .CatchUpComposite6

===========================================================================================
----------------- testing Fri Jul 19 08:45:02 UTC 2019 /home/travis/build/icyphy/ptII/ptolemy/actor/lib/hoc/test/auto/CatchUpComposite7.xml
----------------- Instantiating /home/travis/build/icyphy/ptII/ptolemy/actor/lib/hoc/test/auto/CatchUpComposite7.xml
WARNING: The execution aspects in this model can influence the timing of actors by delaying the 
execution, potentially changing the behavior. There is no guarantee that actors fire at the 
time they request to be fired. 
Use Ptides for deterministic DE behavior that is not influenced by execution aspects. 

47 ms. Memory: 120832K Free: 54504K (45%)
----------------- Invoking toplevel() on ptolemy.moml.MoMLSimpleApplication@4454e7da
----------------- Done invoking toplevel() on ptolemy.moml.MoMLSimpleApplication@4454e7da
reloadAllAccessors: .CatchUpComposite7

===========================================================================================
----------------- testing Fri Jul 19 08:45:02 UTC 2019 /home/travis/build/icyphy/ptII/ptolemy/actor/lib/hoc/test/auto/ConcurrentExecutionTimeSDF.xml
----------------- Instantiating /home/travis/build/icyphy/ptII/ptolemy/actor/lib/hoc/test/auto/ConcurrentExecutionTimeSDF.xml
Fired ExecutionTime: 40400000
Fired ExecutionTime: 40400000
Fired ExecutionTime: 40400000
Fired ExecutionTime: 40400000
Fired ExecutionTime: 40400000
Fired ExecutionTime: 40400000
Fired ExecutionTime: 40400000
Fired ExecutionTime: 40400000
Fired ExecutionTime: 40400000
Fired ExecutionTime: 40400000
Fired ExecutionTime: 40400000
Fired ExecutionTime: 40400000
Fired ExecutionTime: 40400000
Fired ExecutionTime: 40400000
Fired ExecutionTime: 40400000
Fired ExecutionTime: 40400000
Fired ExecutionTime: 40400000
Fired ExecutionTime: 40400000
Fired ExecutionTime: 40400000
Fired ExecutionTime: 40400000
1428 ms. Memory: 120832K Free: 101302K (84%)
----------------- Invoking toplevel() on ptolemy.moml.MoMLSimpleApplication@5f4c3b7a
----------------- Done invoking toplevel() on ptolemy.moml.MoMLSimpleApplication@5f4c3b7a
reloadAllAccessors: .ConcurrentExecutionTimeSDF

===========================================================================================
----------------- testing Fri Jul 19 08:45:04 UTC 2019 /home/travis/build/icyphy/ptII/ptolemy/actor/lib/hoc/test/auto/ConcurrentSleep.xml
----------------- Instantiating /home/travis/build/icyphy/ptII/ptolemy/actor/lib/hoc/test/auto/ConcurrentSleep.xml
727 ms. Memory: 120832K Free: 90955K (75%)
----------------- Invoking toplevel() on ptolemy.moml.MoMLSimpleApplication@673ad728
----------------- Done invoking toplevel() on ptolemy.moml.MoMLSimpleApplication@673ad728
reloadAllAccessors: .ConcurrentSleep

===========================================================================================
----------------- testing Fri Jul 19 08:45:05 UTC 2019 /home/travis/build/icyphy/ptII/ptolemy/actor/lib/hoc/test/auto/DEInPNInRunCompositeActor.xml
----------------- Instantiating /home/travis/build/icyphy/ptII/ptolemy/actor/lib/hoc/test/auto/DEInPNInRunCompositeActor.xml
9 ms. Memory: 120832K Free: 85835K (71%)
----------------- Invoking toplevel() on ptolemy.moml.MoMLSimpleApplication@6ee7e1e9
----------------- Done invoking toplevel() on ptolemy.moml.MoMLSimpleApplication@6ee7e1e9
reloadAllAccessors: .DEInPNInRunCompositeActor

===========================================================================================
----------------- testing Fri Jul 19 08:45:05 UTC 2019 /home/travis/build/icyphy/ptII/ptolemy/actor/lib/hoc/test/auto/DFTSubSetTest.xml
----------------- Instantiating /home/travis/build/icyphy/ptII/ptolemy/actor/lib/hoc/test/auto/DFTSubSetTest.xml
221 ms. Memory: 120832K Free: 42934K (36%)
----------------- Invoking toplevel() on ptolemy.moml.MoMLSimpleApplication@76aadd1d
----------------- Done invoking toplevel() on ptolemy.moml.MoMLSimpleApplication@76aadd1d
reloadAllAccessors: .DFTSubSetTest

===========================================================================================
----------------- testing Fri Jul 19 08:45:05 UTC 2019 /home/travis/build/icyphy/ptII/ptolemy/actor/lib/hoc/test/auto/HocDE.xml
----------------- Instantiating /home/travis/build/icyphy/ptII/ptolemy/actor/lib/hoc/test/auto/HocDE.xml
106 ms. Memory: 120832K Free: 86022K (71%)
----------------- Invoking toplevel() on ptolemy.moml.MoMLSimpleApplication@2d1d0e42
----------------- Done invoking toplevel() on ptolemy.moml.MoMLSimpleApplication@2d1d0e42
reloadAllAccessors: .HocDE

===========================================================================================
----------------- testing Fri Jul 19 08:45:05 UTC 2019 /home/travis/build/icyphy/ptII/ptolemy/actor/lib/hoc/test/auto/IterateOverArray.xml
----------------- Instantiating /home/travis/build/icyphy/ptII/ptolemy/actor/lib/hoc/test/auto/IterateOverArray.xml
11 ms. Memory: 120832K Free: 81462K (67%)
----------------- Invoking toplevel() on ptolemy.moml.MoMLSimpleApplication@48cd9d7a
----------------- Done invoking toplevel() on ptolemy.moml.MoMLSimpleApplication@48cd9d7a
reloadAllAccessors: .IterateOverArray

===========================================================================================
----------------- testing Fri Jul 19 08:45:05 UTC 2019 /home/travis/build/icyphy/ptII/ptolemy/actor/lib/hoc/test/auto/IterateOverArray10.xml
----------------- Instantiating /home/travis/build/icyphy/ptII/ptolemy/actor/lib/hoc/test/auto/IterateOverArray10.xml
3 ms. Memory: 120832K Free: 78360K (65%)
----------------- Invoking toplevel() on ptolemy.moml.MoMLSimpleApplication@2d0a2b1d
----------------- Done invoking toplevel() on ptolemy.moml.MoMLSimpleApplication@2d0a2b1d
reloadAllAccessors: .IterateOverArray10

===========================================================================================
----------------- testing Fri Jul 19 08:45:05 UTC 2019 /home/travis/build/icyphy/ptII/ptolemy/actor/lib/hoc/test/auto/IterateOverArray11.xml
----------------- Instantiating /home/travis/build/icyphy/ptII/ptolemy/actor/lib/hoc/test/auto/IterateOverArray11.xml
5 ms. Memory: 120832K Free: 74256K (61%)
----------------- Invoking toplevel() on ptolemy.moml.MoMLSimpleApplication@3fa8dffe
----------------- Done invoking toplevel() on ptolemy.moml.MoMLSimpleApplication@3fa8dffe
reloadAllAccessors: .IterateOverArray11

===========================================================================================
----------------- testing Fri Jul 19 08:45:05 UTC 2019 /home/travis/build/icyphy/ptII/ptolemy/actor/lib/hoc/test/auto/IterateOverArray12.xml
----------------- Instantiating /home/travis/build/icyphy/ptII/ptolemy/actor/lib/hoc/test/auto/IterateOverArray12.xml
10 ms. Memory: 120832K Free: 68150K (56%)
----------------- Invoking toplevel() on ptolemy.moml.MoMLSimpleApplication@459d7bba
----------------- Done invoking toplevel() on ptolemy.moml.MoMLSimpleApplication@459d7bba
reloadAllAccessors: .IterateOverArray12

===========================================================================================
----------------- testing Fri Jul 19 08:45:05 UTC 2019 /home/travis/build/icyphy/ptII/ptolemy/actor/lib/hoc/test/auto/IterateOverArray13.xml
----------------- Instantiating /home/travis/build/icyphy/ptII/ptolemy/actor/lib/hoc/test/auto/IterateOverArray13.xml
85 ms. Memory: 120832K Free: 38918K (32%)
----------------- Invoking toplevel() on ptolemy.moml.MoMLSimpleApplication@4bcd4585
----------------- Done invoking toplevel() on ptolemy.moml.MoMLSimpleApplication@4bcd4585
reloadAllAccessors: .IterateOverArray13

===========================================================================================
----------------- testing Fri Jul 19 08:45:06 UTC 2019 /home/travis/build/icyphy/ptII/ptolemy/actor/lib/hoc/test/auto/IterateOverArray14.xml
----------------- Instantiating /home/travis/build/icyphy/ptII/ptolemy/actor/lib/hoc/test/auto/IterateOverArray14.xml
79 ms. Memory: 120832K Free: 74691K (62%)
----------------- Invoking toplevel() on ptolemy.moml.MoMLSimpleApplication@2d76b7fe
----------------- Done invoking toplevel() on ptolemy.moml.MoMLSimpleApplication@2d76b7fe
reloadAllAccessors: .IterateOverArray14

===========================================================================================
----------------- testing Fri Jul 19 08:45:06 UTC 2019 /home/travis/build/icyphy/ptII/ptolemy/actor/lib/hoc/test/auto/IterateOverArray2.xml
----------------- Instantiating /home/travis/build/icyphy/ptII/ptolemy/actor/lib/hoc/test/auto/IterateOverArray2.xml
8 ms. Memory: 120832K Free: 70029K (58%)
----------------- Invoking toplevel() on ptolemy.moml.MoMLSimpleApplication@49f8614d
----------------- Done invoking toplevel() on ptolemy.moml.MoMLSimpleApplication@49f8614d
reloadAllAccessors: .IterateOverArray2

===========================================================================================
----------------- testing Fri Jul 19 08:45:06 UTC 2019 /home/travis/build/icyphy/ptII/ptolemy/actor/lib/hoc/test/auto/IterateOverArray3.xml
----------------- Instantiating /home/travis/build/icyphy/ptII/ptolemy/actor/lib/hoc/test/auto/IterateOverArray3.xml
16 ms. Memory: 120832K Free: 64344K (53%)
----------------- Invoking toplevel() on ptolemy.moml.MoMLSimpleApplication@32f3507
----------------- Done invoking toplevel() on ptolemy.moml.MoMLSimpleApplication@32f3507
reloadAllAccessors: .IterateOverArray3

===========================================================================================
----------------- testing Fri Jul 19 08:45:06 UTC 2019 /home/travis/build/icyphy/ptII/ptolemy/actor/lib/hoc/test/auto/IterateOverArray4.xml
----------------- Instantiating /home/travis/build/icyphy/ptII/ptolemy/actor/lib/hoc/test/auto/IterateOverArray4.xml
4 ms. Memory: 120832K Free: 60325K (50%)
----------------- Invoking toplevel() on ptolemy.moml.MoMLSimpleApplication@6fd670fd
----------------- Done invoking toplevel() on ptolemy.moml.MoMLSimpleApplication@6fd670fd
reloadAllAccessors: .IterateOverArray4

===========================================================================================
----------------- testing Fri Jul 19 08:45:06 UTC 2019 /home/travis/build/icyphy/ptII/ptolemy/actor/lib/hoc/test/auto/IterateOverArray5.xml
----------------- Instantiating /home/travis/build/icyphy/ptII/ptolemy/actor/lib/hoc/test/auto/IterateOverArray5.xml
3 ms. Memory: 120832K Free: 56237K (47%)
----------------- Invoking toplevel() on ptolemy.moml.MoMLSimpleApplication@5284a118
----------------- Done invoking toplevel() on ptolemy.moml.MoMLSimpleApplication@5284a118
reloadAllAccessors: .IterateOverArray5

===========================================================================================
----------------- testing Fri Jul 19 08:45:06 UTC 2019 /home/travis/build/icyphy/ptII/ptolemy/actor/lib/hoc/test/auto/IterateOverArray6.xml
----------------- Instantiating /home/travis/build/icyphy/ptII/ptolemy/actor/lib/hoc/test/auto/IterateOverArray6.xml
2 ms. Memory: 120832K Free: 53187K (44%)
----------------- Invoking toplevel() on ptolemy.moml.MoMLSimpleApplication@46dacb49
----------------- Done invoking toplevel() on ptolemy.moml.MoMLSimpleApplication@46dacb49
reloadAllAccessors: .IterateOverArray6

===========================================================================================
----------------- testing Fri Jul 19 08:45:06 UTC 2019 /home/travis/build/icyphy/ptII/ptolemy/actor/lib/hoc/test/auto/IterateOverArray7.xml
----------------- Instantiating /home/travis/build/icyphy/ptII/ptolemy/actor/lib/hoc/test/auto/IterateOverArray7.xml
7 ms. Memory: 120832K Free: 48984K (41%)
----------------- Invoking toplevel() on ptolemy.moml.MoMLSimpleApplication@314b5d7a
----------------- Done invoking toplevel() on ptolemy.moml.MoMLSimpleApplication@314b5d7a
reloadAllAccessors: .IterateOverArray7

===========================================================================================
----------------- testing Fri Jul 19 08:45:06 UTC 2019 /home/travis/build/icyphy/ptII/ptolemy/actor/lib/hoc/test/auto/IterateOverArray8.xml
----------------- Instantiating /home/travis/build/icyphy/ptII/ptolemy/actor/lib/hoc/test/auto/IterateOverArray8.xml
4 ms. Memory: 120832K Free: 44981K (37%)
----------------- Invoking toplevel() on ptolemy.moml.MoMLSimpleApplication@5b1ebb6d
----------------- Done invoking toplevel() on ptolemy.moml.MoMLSimpleApplication@5b1ebb6d
reloadAllAccessors: .IterateOverArray8

===========================================================================================
----------------- testing Fri Jul 19 08:45:06 UTC 2019 /home/travis/build/icyphy/ptII/ptolemy/actor/lib/hoc/test/auto/IterateOverArray9.xml
----------------- Instantiating /home/travis/build/icyphy/ptII/ptolemy/actor/lib/hoc/test/auto/IterateOverArray9.xml
7 ms. Memory: 120832K Free: 40869K (34%)
----------------- Invoking toplevel() on ptolemy.moml.MoMLSimpleApplication@18c5560b
----------------- Done invoking toplevel() on ptolemy.moml.MoMLSimpleApplication@18c5560b
reloadAllAccessors: .IterateOverArray9

===========================================================================================
----------------- testing Fri Jul 19 08:45:06 UTC 2019 /home/travis/build/icyphy/ptII/ptolemy/actor/lib/hoc/test/auto/IterateOverArrayCoercedOutputType.xml
----------------- Instantiating /home/travis/build/icyphy/ptII/ptolemy/actor/lib/hoc/test/auto/IterateOverArrayCoercedOutputType.xml
11 ms. Memory: 120832K Free: 105454K (87%)
----------------- Invoking toplevel() on ptolemy.moml.MoMLSimpleApplication@576b02c5
----------------- Done invoking toplevel() on ptolemy.moml.MoMLSimpleApplication@576b02c5
reloadAllAccessors: .IterateOverArrayCoercedOutputType

===========================================================================================
----------------- testing Fri Jul 19 08:45:06 UTC 2019 /home/travis/build/icyphy/ptII/ptolemy/actor/lib/hoc/test/auto/IterateOverArrayInferredOutputType.xml
----------------- Instantiating /home/travis/build/icyphy/ptII/ptolemy/actor/lib/hoc/test/auto/IterateOverArrayInferredOutputType.xml
7 ms. Memory: 120832K Free: 100932K (84%)
----------------- Invoking toplevel() on ptolemy.moml.MoMLSimpleApplication@339505fa
----------------- Done invoking toplevel() on ptolemy.moml.MoMLSimpleApplication@339505fa
reloadAllAccessors: .IterateOverArrayInferredOutputType

===========================================================================================
----------------- testing Fri Jul 19 08:45:06 UTC 2019 /home/travis/build/icyphy/ptII/ptolemy/actor/lib/hoc/test/auto/MobileFunctionTest.xml
----------------- Instantiating /home/travis/build/icyphy/ptII/ptolemy/actor/lib/hoc/test/auto/MobileFunctionTest.xml
3 ms. Memory: 120832K Free: 96814K (80%)
----------------- Invoking toplevel() on ptolemy.moml.MoMLSimpleApplication@55ac34a1
----------------- Done invoking toplevel() on ptolemy.moml.MoMLSimpleApplication@55ac34a1
reloadAllAccessors: .MobileFunctionTest

===========================================================================================
----------------- testing Fri Jul 19 08:45:06 UTC 2019 /home/travis/build/icyphy/ptII/ptolemy/actor/lib/hoc/test/auto/MobileModelTest.xml
----------------- Instantiating /home/travis/build/icyphy/ptII/ptolemy/actor/lib/hoc/test/auto/MobileModelTest.xml
158 ms. Memory: 120832K Free: 75796K (63%)
----------------- Invoking toplevel() on ptolemy.moml.MoMLSimpleApplication@30e9da64
----------------- Done invoking toplevel() on ptolemy.moml.MoMLSimpleApplication@30e9da64
reloadAllAccessors: .MobileModelTest

===========================================================================================
----------------- testing Fri Jul 19 08:45:06 UTC 2019 /home/travis/build/icyphy/ptII/ptolemy/actor/lib/hoc/test/auto/ModelReference.xml
----------------- Instantiating /home/travis/build/icyphy/ptII/ptolemy/actor/lib/hoc/test/auto/ModelReference.xml
3 ms. Memory: 120832K Free: 69109K (57%)
2 ms. Memory: 120832K Free: 68606K (57%)
2 ms. Memory: 120832K Free: 67604K (56%)
3 ms. Memory: 120832K Free: 67046K (55%)
1 ms. Memory: 120832K Free: 66053K (55%)
3 ms. Memory: 120832K Free: 65038K (54%)
4 ms. Memory: 120832K Free: 64486K (53%)
1 ms. Memory: 120832K Free: 63494K (53%)
2 ms. Memory: 120832K Free: 62950K (52%)
2 ms. Memory: 120832K Free: 61971K (51%)
34 ms. Memory: 120832K Free: 61971K (51%)
----------------- Invoking toplevel() on ptolemy.moml.MoMLSimpleApplication@4bb423af
----------------- Done invoking toplevel() on ptolemy.moml.MoMLSimpleApplication@4bb423af
reloadAllAccessors: .ModelReference

===========================================================================================
----------------- testing Fri Jul 19 08:45:06 UTC 2019 /home/travis/build/icyphy/ptII/ptolemy/actor/lib/hoc/test/auto/ModelReference3.xml
----------------- Instantiating /home/travis/build/icyphy/ptII/ptolemy/actor/lib/hoc/test/auto/ModelReference3.xml
1 ms. Memory: 120832K Free: 57334K (47%)
4 ms. Memory: 120832K Free: 56861K (47%)
1 ms. Memory: 120832K Free: 55854K (46%)
3 ms. Memory: 120832K Free: 55278K (46%)
1 ms. Memory: 120832K Free: 54278K (45%)
1 ms. Memory: 120832K Free: 53254K (44%)
3 ms. Memory: 120832K Free: 52789K (44%)
3 ms. Memory: 120832K Free: 51750K (43%)
2 ms. Memory: 120832K Free: 51174K (42%)
1 ms. Memory: 120832K Free: 50182K (42%)
33 ms. Memory: 120832K Free: 50182K (42%)
----------------- Invoking toplevel() on ptolemy.moml.MoMLSimpleApplication@22699dcc
----------------- Done invoking toplevel() on ptolemy.moml.MoMLSimpleApplication@22699dcc
reloadAllAccessors: .ModelReference3

===========================================================================================
----------------- testing Fri Jul 19 08:45:06 UTC 2019 /home/travis/build/icyphy/ptII/ptolemy/actor/lib/hoc/test/auto/ModelReference4.xml
----------------- Instantiating /home/travis/build/icyphy/ptII/ptolemy/actor/lib/hoc/test/auto/ModelReference4.xml
1 ms. Memory: 120832K Free: 45613K (38%)
2 ms. Memory: 120832K Free: 44030K (36%)
2 ms. Memory: 120832K Free: 43028K (36%)
3 ms. Memory: 120832K Free: 41486K (34%)
5 ms. Memory: 120832K Free: 40478K (33%)
2 ms. Memory: 120832K Free: 39469K (33%)
4 ms. Memory: 120832K Free: 37894K (31%)
9 ms. Memory: 120832K Free: 106509K (88%)
2 ms. Memory: 120832K Free: 105367K (87%)
2 ms. Memory: 120832K Free: 104359K (86%)
10019 ms. Memory: 120832K Free: 104359K (86%)
----------------- Invoking toplevel() on ptolemy.moml.MoMLSimpleApplication@7f2cc926
----------------- Done invoking toplevel() on ptolemy.moml.MoMLSimpleApplication@7f2cc926
reloadAllAccessors: .ModelReference4

===========================================================================================
----------------- testing Fri Jul 19 08:45:16 UTC 2019 /home/travis/build/icyphy/ptII/ptolemy/actor/lib/hoc/test/auto/MultiInstanceComposite.xml
----------------- Instantiating /home/travis/build/icyphy/ptII/ptolemy/actor/lib/hoc/test/auto/MultiInstanceComposite.xml
23 ms. Memory: 120832K Free: 85592K (71%)
----------------- Invoking toplevel() on ptolemy.moml.MoMLSimpleApplication@7b114d7b
----------------- Done invoking toplevel() on ptolemy.moml.MoMLSimpleApplication@7b114d7b
reloadAllAccessors: .MultiInstanceComposite

===========================================================================================
----------------- testing Fri Jul 19 08:45:16 UTC 2019 /home/travis/build/icyphy/ptII/ptolemy/actor/lib/hoc/test/auto/MultiInstanceComposite2.xml
----------------- Instantiating /home/travis/build/icyphy/ptII/ptolemy/actor/lib/hoc/test/auto/MultiInstanceComposite2.xml
14 ms. Memory: 120832K Free: 74677K (62%)
----------------- Invoking toplevel() on ptolemy.moml.MoMLSimpleApplication@59ed0d35
----------------- Done invoking toplevel() on ptolemy.moml.MoMLSimpleApplication@59ed0d35
reloadAllAccessors: .MultiInstanceComposite2

===========================================================================================
----------------- testing Fri Jul 19 08:45:16 UTC 2019 /home/travis/build/icyphy/ptII/ptolemy/actor/lib/hoc/test/auto/MulticoreExecution.xml
----------------- Instantiating /home/travis/build/icyphy/ptII/ptolemy/actor/lib/hoc/test/auto/MulticoreExecution.xml
Fired ExecutionTime: 4000000
Fired ExecutionTime: 2000000
Fired ExecutionTime: 3600000
Fired ExecutionTime: 2400000
Fired ExecutionTime: 72800000
Fired ExecutionTime: 78000000
Fired ExecutionTime: 90000000
Fired ExecutionTime: 88800000
Fired ExecutionTime: 86400000
Fired ExecutionTime: 87200000
Fired ExecutionTime: 66000000
Fired ExecutionTime: 92800000
Fired ExecutionTime: 90800000
Fired ExecutionTime: 90400000
Fired ExecutionTime: 88400000
Fired ExecutionTime: 88800000
Fired ExecutionTime: 88000000
Fired ExecutionTime: 89200000
Fired ExecutionTime: 92400000
Fired ExecutionTime: 94000000
1059 ms. Memory: 120832K Free: 66485K (55%)
----------------- Invoking toplevel() on ptolemy.moml.MoMLSimpleApplication@55b50364
----------------- Done invoking toplevel() on ptolemy.moml.MoMLSimpleApplication@55b50364
reloadAllAccessors: .MulticoreExecution

===========================================================================================
----------------- testing Fri Jul 19 08:45:17 UTC 2019 /home/travis/build/icyphy/ptII/ptolemy/actor/lib/hoc/test/auto/ParallelExecution.xml
----------------- Instantiating /home/travis/build/icyphy/ptII/ptolemy/actor/lib/hoc/test/auto/ParallelExecution.xml
916 ms. Memory: 120832K Free: 58969K (49%)
----------------- Invoking toplevel() on ptolemy.moml.MoMLSimpleApplication@619420a0
----------------- Done invoking toplevel() on ptolemy.moml.MoMLSimpleApplication@619420a0
reloadAllAccessors: .ParallelExecution

===========================================================================================
----------------- testing Fri Jul 19 08:45:18 UTC 2019 /home/travis/build/icyphy/ptII/ptolemy/actor/lib/hoc/test/auto/RunCompositeActor.xml
----------------- Instantiating /home/travis/build/icyphy/ptII/ptolemy/actor/lib/hoc/test/auto/RunCompositeActor.xml
14 ms. Memory: 120832K Free: 51769K (43%)
----------------- Invoking toplevel() on ptolemy.moml.MoMLSimpleApplication@26f0eb94
----------------- Done invoking toplevel() on ptolemy.moml.MoMLSimpleApplication@26f0eb94
reloadAllAccessors: .RunCompositeActor

===========================================================================================
----------------- testing Fri Jul 19 08:45:18 UTC 2019 /home/travis/build/icyphy/ptII/ptolemy/actor/lib/hoc/test/auto/RunCompositeActor2.xml
----------------- Instantiating /home/travis/build/icyphy/ptII/ptolemy/actor/lib/hoc/test/auto/RunCompositeActor2.xml
9 ms. Memory: 120832K Free: 45983K (38%)
----------------- Invoking toplevel() on ptolemy.moml.MoMLSimpleApplication@4d3bf73b
----------------- Done invoking toplevel() on ptolemy.moml.MoMLSimpleApplication@4d3bf73b
reloadAllAccessors: .RunCompositeActor2

===========================================================================================
----------------- testing Fri Jul 19 08:45:18 UTC 2019 /home/travis/build/icyphy/ptII/ptolemy/actor/lib/hoc/test/auto/RunCompositeActor3.xml
----------------- Instantiating /home/travis/build/icyphy/ptII/ptolemy/actor/lib/hoc/test/auto/RunCompositeActor3.xml
7 ms. Memory: 120832K Free: 40515K (34%)
----------------- Invoking toplevel() on ptolemy.moml.MoMLSimpleApplication@3e202dbd
----------------- Done invoking toplevel() on ptolemy.moml.MoMLSimpleApplication@3e202dbd
reloadAllAccessors: .RunCompositeActor3

===========================================================================================
----------------- testing Fri Jul 19 08:45:19 UTC 2019 /home/travis/build/icyphy/ptII/ptolemy/actor/lib/hoc/test/auto/RunCompositeActor4.xml
----------------- Instantiating /home/travis/build/icyphy/ptII/ptolemy/actor/lib/hoc/test/auto/RunCompositeActor4.xml
12 ms. Memory: 120832K Free: 102210K (85%)
----------------- Invoking toplevel() on ptolemy.moml.MoMLSimpleApplication@79b4aa97
----------------- Done invoking toplevel() on ptolemy.moml.MoMLSimpleApplication@79b4aa97
reloadAllAccessors: .RunCompositeActor4

===========================================================================================
----------------- testing Fri Jul 19 08:45:19 UTC 2019 /home/travis/build/icyphy/ptII/ptolemy/actor/lib/hoc/test/auto/RunCompositeIterateOverArray.xml
----------------- Instantiating /home/travis/build/icyphy/ptII/ptolemy/actor/lib/hoc/test/auto/RunCompositeIterateOverArray.xml
3 ms. Memory: 120832K Free: 96540K (80%)
----------------- Invoking toplevel() on ptolemy.moml.MoMLSimpleApplication@41bf577b
----------------- Done invoking toplevel() on ptolemy.moml.MoMLSimpleApplication@41bf577b
reloadAllAccessors: .RunCompositeIterateOverArray

===========================================================================================
----------------- testing Fri Jul 19 08:45:19 UTC 2019 /home/travis/build/icyphy/ptII/ptolemy/actor/lib/hoc/test/auto/ThreadedJS.xml
----------------- Instantiating /home/travis/build/icyphy/ptII/ptolemy/actor/lib/hoc/test/auto/ThreadedJS.xml
5829 ms. Memory: 175104K Free: 57731K (33%)
----------------- Invoking toplevel() on ptolemy.moml.MoMLSimpleApplication@78d0867b
----------------- Done invoking toplevel() on ptolemy.moml.MoMLSimpleApplication@78d0867b
reloadAllAccessors: .ThreadedJS
AutoTests.java: About to close Vertx.
AutoTests.java: Vertx closed.
]]></system-out>
  <system-err><![CDATA[java.lang.RuntimeException: Execution failed
	at ptolemy.moml.MoMLSimpleApplication$UnloadThread.run(MoMLSimpleApplication.java:402)
Caused by: ptolemy.kernel.util.IllegalActionException: initialize() was called after wrapup() was called but preinitialize() was not called after wrapup().
	at ptolemy.actor.lib.hoc.test.PreinitializeMustBeInvoked.initialize(PreinitializeMustBeInvoked.java:78)
	at ptolemy.actor.Director.initialize(Director.java:938)
	at ptolemy.actor.Director.initialize(Director.java:907)
	at ptolemy.actor.sched.StaticSchedulingDirector.initialize(StaticSchedulingDirector.java:159)
	at ptolemy.domains.sdf.kernel.SDFDirector.initialize(SDFDirector.java:544)
	at ptolemy.actor.CompositeActor.initialize(CompositeActor.java:935)
	at ptolemy.actor.lib.hoc.LifeCycleManager._executeInsideModel(LifeCycleManager.java:339)
	at ptolemy.actor.lib.hoc.RunCompositeActor.fire(RunCompositeActor.java:205)
	at ptolemy.actor.CompositeActor.iterate(CompositeActor.java:1146)
	at ptolemy.actor.sched.StaticSchedulingDirector.fire(StaticSchedulingDirector.java:216)
	at ptolemy.domains.sdf.kernel.SDFDirector.fire(SDFDirector.java:500)
	at ptolemy.actor.CompositeActor.fire(CompositeActor.java:455)
	at ptolemy.actor.Manager.iterate(Manager.java:851)
	at ptolemy.actor.Manager.execute(Manager.java:369)
	at ptolemy.actor.Manager.run(Manager.java:1263)
	at ptolemy.actor.Manager$PtolemyRunThread.run(Manager.java:1933)
java.lang.reflect.InvocationTargetException
	at java.base/jdk.internal.reflect.NativeConstructorAccessorImpl.newInstance0(Native Method)
	at java.base/jdk.internal.reflect.NativeConstructorAccessorImpl.newInstance(NativeConstructorAccessorImpl.java:62)
	at java.base/jdk.internal.reflect.DelegatingConstructorAccessorImpl.newInstance(DelegatingConstructorAccessorImpl.java:45)
	at java.base/java.lang.reflect.Constructor.newInstance(Constructor.java:490)
	at ptolemy.util.test.junit.AutoKnownFailedTests.RunModel(AutoKnownFailedTests.java:105)
	at java.base/jdk.internal.reflect.NativeMethodAccessorImpl.invoke0(Native Method)
	at java.base/jdk.internal.reflect.NativeMethodAccessorImpl.invoke(NativeMethodAccessorImpl.java:62)
	at java.base/jdk.internal.reflect.DelegatingMethodAccessorImpl.invoke(DelegatingMethodAccessorImpl.java:43)
	at java.base/java.lang.reflect.Method.invoke(Method.java:566)
	at org.junit.runners.model.FrameworkMethod$1.runReflectiveCall(FrameworkMethod.java:44)
	at org.junit.internal.runners.model.ReflectiveCallable.run(ReflectiveCallable.java:15)
	at org.junit.runners.model.FrameworkMethod.invokeExplosively(FrameworkMethod.java:41)
	at junitparams.internal.InvokeParameterisedMethod.evaluate(InvokeParameterisedMethod.java:102)
	at org.junit.internal.runners.statements.FailOnTimeout$1.run(FailOnTimeout.java:28)
Caused by: ptolemy.kernel.util.IllegalActionException: initialize() was called after wrapup() was called but preinitialize() was not called after wrapup().
	at ptolemy.actor.lib.hoc.test.PreinitializeMustBeInvoked.initialize(PreinitializeMustBeInvoked.java:78)
	at ptolemy.actor.Director.initialize(Director.java:938)
	at ptolemy.actor.Director.initialize(Director.java:907)
	at ptolemy.actor.sched.StaticSchedulingDirector.initialize(StaticSchedulingDirector.java:159)
	at ptolemy.domains.sdf.kernel.SDFDirector.initialize(SDFDirector.java:544)
	at ptolemy.actor.CompositeActor.initialize(CompositeActor.java:935)
	at ptolemy.actor.lib.hoc.LifeCycleManager._executeInsideModel(LifeCycleManager.java:339)
	at ptolemy.actor.lib.hoc.RunCompositeActor.fire(RunCompositeActor.java:205)
	at ptolemy.actor.CompositeActor.iterate(CompositeActor.java:1146)
	at ptolemy.actor.sched.StaticSchedulingDirector.fire(StaticSchedulingDirector.java:216)
	at ptolemy.domains.sdf.kernel.SDFDirector.fire(SDFDirector.java:500)
	at ptolemy.actor.CompositeActor.fire(CompositeActor.java:455)
	at ptolemy.actor.Manager.iterate(Manager.java:851)
	at ptolemy.actor.Manager.execute(Manager.java:369)
	at ptolemy.actor.Manager.run(Manager.java:1263)
	at ptolemy.actor.Manager$PtolemyRunThread.run(Manager.java:1933)
Warning: Nashorn engine is planned to be removed from a future JDK release
Warning: Nashorn engine is planned to be removed from a future JDK release
Warning: Nashorn engine is planned to be removed from a future JDK release
Warning: Nashorn engine is planned to be removed from a future JDK release
Warning: Nashorn engine is planned to be removed from a future JDK release
Warning: Nashorn engine is planned to be removed from a future JDK release
Warning: Nashorn engine is planned to be removed from a future JDK release
Warning: Nashorn engine is planned to be removed from a future JDK release
]]></system-err>
</testsuite>
