<?xml version="1.0" encoding="UTF-8" ?>
<testsuite errors="0" failures="0" hostname="travis-job-7053d4b9-daea-4b23-be7a-798762ff9c53" name="ptolemy.domains.de.test.junit.JUnitTclTest" skipped="0" tests="101" time="135.543" timestamp="2019-11-09T06:15:41">
  <properties>
[...]
</properties>
  <testcase classname="ptolemy.util.test.junit.TclTests" name="[0] /home/travis/build/icyphy/ptII/ptolemy/domains/de/test/DependencyLoop.tcl (RunTclFile)" time="1.013" />
  <testcase classname="ptolemy.util.test.junit.TclTests" name="[1] /home/travis/build/icyphy/ptII/ptolemy/domains/de/test/RunDETestsAsQSS.tcl (RunTclFile)" time="92.792" />
  <testcase classname="ptolemy.util.test.junit.AutoKnownFailedTests" name="[0] /home/travis/build/icyphy/ptII/ptolemy/domains/de/test/auto/knownFailedTests/DESDFClockTest.xml (RunModel)" time="2.046" />
  <testcase classname="ptolemy.util.test.junit.AutoKnownFailedTests" name="[1] /home/travis/build/icyphy/ptII/ptolemy/domains/de/test/auto/knownFailedTests/DirectFeedback.xml (RunModel)" time="0.022" />
  <testcase classname="ptolemy.util.test.junit.AutoKnownFailedTests" name="[2] /home/travis/build/icyphy/ptII/ptolemy/domains/de/test/auto/knownFailedTests/FSMSource.xml (RunModel)" time="0.031" />
  <testcase classname="ptolemy.util.test.junit.AutoKnownFailedTests" name="[3] /home/travis/build/icyphy/ptII/ptolemy/domains/de/test/auto/knownFailedTests/HierarchicalModel.xml (RunModel)" time="0.047" />
  <testcase classname="ptolemy.util.test.junit.AutoKnownFailedTests" name="[4] /home/travis/build/icyphy/ptII/ptolemy/domains/de/test/auto/knownFailedTests/dependencyLoop.xml (RunModel)" time="0.048" />
  <testcase classname="ptolemy.util.test.junit.AutoKnownFailedTests" name="[5] /home/travis/build/icyphy/ptII/ptolemy/domains/de/test/auto/knownFailedTests/dependencyLoop2.xml (RunModel)" time="0.038" />
  <testcase classname="ptolemy.util.test.junit.AutoNameArchTests" name="[0] ThereAreNoAutoArchTests (RunModel)" time="0.004" />
  <testcase classname="ptolemy.util.test.junit.AutoTests" name="[0] /home/travis/build/icyphy/ptII/ptolemy/domains/de/test/auto/ActorDepthCalculation_actorWithoutPorts.xml (RunModel)" time="0.024" />
  <testcase classname="ptolemy.util.test.junit.AutoTests" name="[1] /home/travis/build/icyphy/ptII/ptolemy/domains/de/test/auto/AssemblyLine.xml (RunModel)" time="0.031" />
  <testcase classname="ptolemy.util.test.junit.AutoTests" name="[2] /home/travis/build/icyphy/ptII/ptolemy/domains/de/test/auto/CQBug1.xml (RunModel)" time="0.011" />
  <testcase classname="ptolemy.util.test.junit.AutoTests" name="[3] /home/travis/build/icyphy/ptII/ptolemy/domains/de/test/auto/CancelFireAt.xml (RunModel)" time="0.018" />
  <testcase classname="ptolemy.util.test.junit.AutoTests" name="[4] /home/travis/build/icyphy/ptII/ptolemy/domains/de/test/auto/CausalityAndComposabilityAnalysis.xml (RunModel)" time="0.018" />
  <testcase classname="ptolemy.util.test.junit.AutoTests" name="[5] /home/travis/build/icyphy/ptII/ptolemy/domains/de/test/auto/CausalityInterface1.xml (RunModel)" time="0.022" />
  <testcase classname="ptolemy.util.test.junit.AutoTests" name="[6] /home/travis/build/icyphy/ptII/ptolemy/domains/de/test/auto/CausalityInterface15.xml (RunModel)" time="0.015" />
  <testcase classname="ptolemy.util.test.junit.AutoTests" name="[7] /home/travis/build/icyphy/ptII/ptolemy/domains/de/test/auto/CausalityInterface2.xml (RunModel)" time="0.016" />
  <testcase classname="ptolemy.util.test.junit.AutoTests" name="[8] /home/travis/build/icyphy/ptII/ptolemy/domains/de/test/auto/CausalityInterface3.xml (RunModel)" time="0.012" />
  <testcase classname="ptolemy.util.test.junit.AutoTests" name="[9] /home/travis/build/icyphy/ptII/ptolemy/domains/de/test/auto/ClockDrift.xml (RunModel)" time="0.039" />
  <testcase classname="ptolemy.util.test.junit.AutoTests" name="[10] /home/travis/build/icyphy/ptII/ptolemy/domains/de/test/auto/ClockDriftAndValueChange.xml (RunModel)" time="0.037" />
  <testcase classname="ptolemy.util.test.junit.AutoTests" name="[11] /home/travis/build/icyphy/ptII/ptolemy/domains/de/test/auto/ClockDriftChange.xml (RunModel)" time="0.035" />
  <testcase classname="ptolemy.util.test.junit.AutoTests" name="[12] /home/travis/build/icyphy/ptII/ptolemy/domains/de/test/auto/ComposableCausalityAnalysis.xml (RunModel)" time="0.016" />
  <testcase classname="ptolemy.util.test.junit.AutoTests" name="[13] /home/travis/build/icyphy/ptII/ptolemy/domains/de/test/auto/DEFixedPointLimitation.xml (RunModel)" time="0.012" />
  <testcase classname="ptolemy.util.test.junit.AutoTests" name="[14] /home/travis/build/icyphy/ptII/ptolemy/domains/de/test/auto/DEScheduleTest.xml (RunModel)" time="0.014" />
  <testcase classname="ptolemy.util.test.junit.AutoTests" name="[15] /home/travis/build/icyphy/ptII/ptolemy/domains/de/test/auto/DEinDEwithStartTimes.xml (RunModel)" time="0.012" />
  <testcase classname="ptolemy.util.test.junit.AutoTests" name="[16] /home/travis/build/icyphy/ptII/ptolemy/domains/de/test/auto/DEinDEwithStartTimes2.xml (RunModel)" time="0.022" />
  <testcase classname="ptolemy.util.test.junit.AutoTests" name="[17] /home/travis/build/icyphy/ptII/ptolemy/domains/de/test/auto/DateDemo.xml (RunModel)" time="0.03" />
  <testcase classname="ptolemy.util.test.junit.AutoTests" name="[18] /home/travis/build/icyphy/ptII/ptolemy/domains/de/test/auto/DateToEvent.xml (RunModel)" time="2.04" />
  <testcase classname="ptolemy.util.test.junit.AutoTests" name="[19] /home/travis/build/icyphy/ptII/ptolemy/domains/de/test/auto/DepthTest1.xml (RunModel)" time="0.009" />
  <testcase classname="ptolemy.util.test.junit.AutoTests" name="[20] /home/travis/build/icyphy/ptII/ptolemy/domains/de/test/auto/DepthTest2.xml (RunModel)" time="0.024" />
  <testcase classname="ptolemy.util.test.junit.AutoTests" name="[21] /home/travis/build/icyphy/ptII/ptolemy/domains/de/test/auto/DepthTest3.xml (RunModel)" time="0.011" />
  <testcase classname="ptolemy.util.test.junit.AutoTests" name="[22] /home/travis/build/icyphy/ptII/ptolemy/domains/de/test/auto/DepthTest4.xml (RunModel)" time="0.019" />
  <testcase classname="ptolemy.util.test.junit.AutoTests" name="[23] /home/travis/build/icyphy/ptII/ptolemy/domains/de/test/auto/DepthTest5.xml (RunModel)" time="0.012" />
  <testcase classname="ptolemy.util.test.junit.AutoTests" name="[24] /home/travis/build/icyphy/ptII/ptolemy/domains/de/test/auto/DepthTest6.xml (RunModel)" time="0.012" />
  <testcase classname="ptolemy.util.test.junit.AutoTests" name="[25] /home/travis/build/icyphy/ptII/ptolemy/domains/de/test/auto/DepthTest7.xml (RunModel)" time="0.018" />
  <testcase classname="ptolemy.util.test.junit.AutoTests" name="[26] /home/travis/build/icyphy/ptII/ptolemy/domains/de/test/auto/EventToDate.xml (RunModel)" time="3.042" />
  <testcase classname="ptolemy.util.test.junit.AutoTests" name="[27] /home/travis/build/icyphy/ptII/ptolemy/domains/de/test/auto/FSM1.xml (RunModel)" time="0.069" />
  <testcase classname="ptolemy.util.test.junit.AutoTests" name="[28] /home/travis/build/icyphy/ptII/ptolemy/domains/de/test/auto/FSM7.xml (RunModel)" time="0.043" />
  <testcase classname="ptolemy.util.test.junit.AutoTests" name="[29] /home/travis/build/icyphy/ptII/ptolemy/domains/de/test/auto/Inspection.xml (RunModel)" time="0.044" />
  <testcase classname="ptolemy.util.test.junit.AutoTests" name="[30] /home/travis/build/icyphy/ptII/ptolemy/domains/de/test/auto/Iteration.xml (RunModel)" time="0.022" />
  <testcase classname="ptolemy.util.test.junit.AutoTests" name="[31] /home/travis/build/icyphy/ptII/ptolemy/domains/de/test/auto/LineFault.xml (RunModel)" time="0.659" />
  <testcase classname="ptolemy.util.test.junit.AutoTests" name="[32] /home/travis/build/icyphy/ptII/ptolemy/domains/de/test/auto/MergeModel1Add.xml (RunModel)" time="0.057" />
  <testcase classname="ptolemy.util.test.junit.AutoTests" name="[33] /home/travis/build/icyphy/ptII/ptolemy/domains/de/test/auto/MergeModel2Add.xml (RunModel)" time="0.044" />
  <testcase classname="ptolemy.util.test.junit.AutoTests" name="[34] /home/travis/build/icyphy/ptII/ptolemy/domains/de/test/auto/MergeModel3Add.xml (RunModel)" time="0.042" />
  <testcase classname="ptolemy.util.test.junit.AutoTests" name="[35] /home/travis/build/icyphy/ptII/ptolemy/domains/de/test/auto/MergeWithoutDiscard.xml (RunModel)" time="0.023" />
  <testcase classname="ptolemy.util.test.junit.AutoTests" name="[36] /home/travis/build/icyphy/ptII/ptolemy/domains/de/test/auto/Modal1.xml (RunModel)" time="0.031" />
  <testcase classname="ptolemy.util.test.junit.AutoTests" name="[37] /home/travis/build/icyphy/ptII/ptolemy/domains/de/test/auto/Modal2.xml (RunModel)" time="0.042" />
  <testcase classname="ptolemy.util.test.junit.AutoTests" name="[38] /home/travis/build/icyphy/ptII/ptolemy/domains/de/test/auto/Modal3.xml (RunModel)" time="0.026" />
  <testcase classname="ptolemy.util.test.junit.AutoTests" name="[39] /home/travis/build/icyphy/ptII/ptolemy/domains/de/test/auto/Modal4.xml (RunModel)" time="0.045" />
  <testcase classname="ptolemy.util.test.junit.AutoTests" name="[40] /home/travis/build/icyphy/ptII/ptolemy/domains/de/test/auto/Modal5.xml (RunModel)" time="0.032" />
  <testcase classname="ptolemy.util.test.junit.AutoTests" name="[41] /home/travis/build/icyphy/ptII/ptolemy/domains/de/test/auto/Modal6.xml (RunModel)" time="0.04" />
  <testcase classname="ptolemy.util.test.junit.AutoTests" name="[42] /home/travis/build/icyphy/ptII/ptolemy/domains/de/test/auto/Modal7.xml (RunModel)" time="0.028" />
  <testcase classname="ptolemy.util.test.junit.AutoTests" name="[43] /home/travis/build/icyphy/ptII/ptolemy/domains/de/test/auto/ModalModel.xml (RunModel)" time="0.204" />
  <testcase classname="ptolemy.util.test.junit.AutoTests" name="[44] /home/travis/build/icyphy/ptII/ptolemy/domains/de/test/auto/ModalSource.xml (RunModel)" time="0.049" />
  <testcase classname="ptolemy.util.test.junit.AutoTests" name="[45] /home/travis/build/icyphy/ptII/ptolemy/domains/de/test/auto/NonInterruptibleTimerZeroDelay.xml (RunModel)" time="0.014" />
  <testcase classname="ptolemy.util.test.junit.AutoTests" name="[46] /home/travis/build/icyphy/ptII/ptolemy/domains/de/test/auto/OpenQueueingNetwork.xml (RunModel)" time="2.712" />
  <testcase classname="ptolemy.util.test.junit.AutoTests" name="[47] /home/travis/build/icyphy/ptII/ptolemy/domains/de/test/auto/OpenQueuingNetwork.xml (RunModel)" time="0.318" />
  <testcase classname="ptolemy.util.test.junit.AutoTests" name="[48] /home/travis/build/icyphy/ptII/ptolemy/domains/de/test/auto/PeriodicSampler.xml (RunModel)" time="0.01" />
  <testcase classname="ptolemy.util.test.junit.AutoTests" name="[49] /home/travis/build/icyphy/ptII/ptolemy/domains/de/test/auto/PersistentIO.xml (RunModel)" time="0.023" />
  <testcase classname="ptolemy.util.test.junit.AutoTests" name="[50] /home/travis/build/icyphy/ptII/ptolemy/domains/de/test/auto/PortParameterResetOnInitialize.xml (RunModel)" time="0.01" />
  <testcase classname="ptolemy.util.test.junit.AutoTests" name="[51] /home/travis/build/icyphy/ptII/ptolemy/domains/de/test/auto/PortParameterUpdates.xml (RunModel)" time="0.018" />
  <testcase classname="ptolemy.util.test.junit.AutoTests" name="[52] /home/travis/build/icyphy/ptII/ptolemy/domains/de/test/auto/QueueAndServer.xml (RunModel)" time="0.023" />
  <testcase classname="ptolemy.util.test.junit.AutoTests" name="[53] /home/travis/build/icyphy/ptII/ptolemy/domains/de/test/auto/Records.xml (RunModel)" time="0.016" />
  <testcase classname="ptolemy.util.test.junit.AutoTests" name="[54] /home/travis/build/icyphy/ptII/ptolemy/domains/de/test/auto/ResetTransitionWithStartTime1.xml (RunModel)" time="0.017" />
  <testcase classname="ptolemy.util.test.junit.AutoTests" name="[55] /home/travis/build/icyphy/ptII/ptolemy/domains/de/test/auto/ResetTransitionWithStartTime2.xml (RunModel)" time="0.02" />
  <testcase classname="ptolemy.util.test.junit.AutoTests" name="[56] /home/travis/build/icyphy/ptII/ptolemy/domains/de/test/auto/ResetTransitionWithStartTime3.xml (RunModel)" time="0.019" />
  <testcase classname="ptolemy.util.test.junit.AutoTests" name="[57] /home/travis/build/icyphy/ptII/ptolemy/domains/de/test/auto/ResetTransitionWithStartTime4.xml (RunModel)" time="0.017" />
  <testcase classname="ptolemy.util.test.junit.AutoTests" name="[58] /home/travis/build/icyphy/ptII/ptolemy/domains/de/test/auto/ResettableTimer1.xml (RunModel)" time="0.011" />
  <testcase classname="ptolemy.util.test.junit.AutoTests" name="[59] /home/travis/build/icyphy/ptII/ptolemy/domains/de/test/auto/ResettableTimer2.xml (RunModel)" time="0.011" />
  <testcase classname="ptolemy.util.test.junit.AutoTests" name="[60] /home/travis/build/icyphy/ptII/ptolemy/domains/de/test/auto/ResettableTimer3.xml (RunModel)" time="0.009" />
  <testcase classname="ptolemy.util.test.junit.AutoTests" name="[61] /home/travis/build/icyphy/ptII/ptolemy/domains/de/test/auto/ResettableTimer4.xml (RunModel)" time="0.01" />
  <testcase classname="ptolemy.util.test.junit.AutoTests" name="[62] /home/travis/build/icyphy/ptII/ptolemy/domains/de/test/auto/ResettableTimer5.xml (RunModel)" time="0.01" />
  <testcase classname="ptolemy.util.test.junit.AutoTests" name="[63] /home/travis/build/icyphy/ptII/ptolemy/domains/de/test/auto/ResettableTimer6.xml (RunModel)" time="0.019" />
  <testcase classname="ptolemy.util.test.junit.AutoTests" name="[64] /home/travis/build/icyphy/ptII/ptolemy/domains/de/test/auto/ServerZeroDelay.xml (RunModel)" time="0.012" />
  <testcase classname="ptolemy.util.test.junit.AutoTests" name="[65] /home/travis/build/icyphy/ptII/ptolemy/domains/de/test/auto/SmartSender.xml (RunModel)" time="3.009" />
  <testcase classname="ptolemy.util.test.junit.AutoTests" name="[66] /home/travis/build/icyphy/ptII/ptolemy/domains/de/test/auto/ThreadedComposite.xml (RunModel)" time="0.192" />
  <testcase classname="ptolemy.util.test.junit.AutoTests" name="[67] /home/travis/build/icyphy/ptII/ptolemy/domains/de/test/auto/Time.xml (RunModel)" time="0.484" />
  <testcase classname="ptolemy.util.test.junit.AutoTests" name="[68] /home/travis/build/icyphy/ptII/ptolemy/domains/de/test/auto/TimeDelayZeroDelay.xml (RunModel)" time="0.017" />
  <testcase classname="ptolemy.util.test.junit.AutoTests" name="[69] /home/travis/build/icyphy/ptII/ptolemy/domains/de/test/auto/TimerZeroDelay.xml (RunModel)" time="0.01" />
  <testcase classname="ptolemy.util.test.junit.AutoTests" name="[70] /home/travis/build/icyphy/ptII/ptolemy/domains/de/test/auto/TimingParadox.xml (RunModel)" time="0.378" />
  <testcase classname="ptolemy.util.test.junit.AutoTests" name="[71] /home/travis/build/icyphy/ptII/ptolemy/domains/de/test/auto/TransferInputs.xml (RunModel)" time="0.013" />
  <testcase classname="ptolemy.util.test.junit.AutoTests" name="[72] /home/travis/build/icyphy/ptII/ptolemy/domains/de/test/auto/TransferOutputs2.xml (RunModel)" time="0.014" />
  <testcase classname="ptolemy.util.test.junit.AutoTests" name="[73] /home/travis/build/icyphy/ptII/ptolemy/domains/de/test/auto/Trilateration.xml (RunModel)" time="11.991" />
  <testcase classname="ptolemy.util.test.junit.AutoTests" name="[74] /home/travis/build/icyphy/ptII/ptolemy/domains/de/test/auto/TwoSigmaDelta.xml (RunModel)" time="2.331" />
  <testcase classname="ptolemy.util.test.junit.AutoTests" name="[75] /home/travis/build/icyphy/ptII/ptolemy/domains/de/test/auto/VariableDelay.xml (RunModel)" time="0.016" />
  <testcase classname="ptolemy.util.test.junit.AutoTests" name="[76] /home/travis/build/icyphy/ptII/ptolemy/domains/de/test/auto/VariableDelay2.xml (RunModel)" time="0.012" />
  <testcase classname="ptolemy.util.test.junit.AutoTests" name="[77] /home/travis/build/icyphy/ptII/ptolemy/domains/de/test/auto/VariableDelayZeroDelay.xml (RunModel)" time="0.011" />
  <testcase classname="ptolemy.util.test.junit.AutoTests" name="[78] /home/travis/build/icyphy/ptII/ptolemy/domains/de/test/auto/VariableDelayZeroDelay2.xml (RunModel)" time="0.017" />
  <testcase classname="ptolemy.util.test.junit.AutoTests" name="[79] /home/travis/build/icyphy/ptII/ptolemy/domains/de/test/auto/deInCt.xml (RunModel)" time="0.016" />
  <testcase classname="ptolemy.util.test.junit.AutoTests" name="[80] /home/travis/build/icyphy/ptII/ptolemy/domains/de/test/auto/deInCt2.xml (RunModel)" time="0.022" />
  <testcase classname="ptolemy.util.test.junit.AutoTests" name="[81] /home/travis/build/icyphy/ptII/ptolemy/domains/de/test/auto/dynamicCausalityInterface1.xml (RunModel)" time="0.018" />
  <testcase classname="ptolemy.util.test.junit.AutoTests" name="[82] /home/travis/build/icyphy/ptII/ptolemy/domains/de/test/auto/fsm_de_test.xml (RunModel)" time="0.028" />
  <testcase classname="ptolemy.util.test.junit.AutoTests" name="[83] /home/travis/build/icyphy/ptII/ptolemy/domains/de/test/auto/functionDependencyReconstruction.xml (RunModel)" time="0.028" />
  <testcase classname="ptolemy.util.test.junit.AutoTests" name="[84] /home/travis/build/icyphy/ptII/ptolemy/domains/de/test/auto/multirate.xml (RunModel)" time="0.014" />
  <testcase classname="ptolemy.util.test.junit.AutoTests" name="[85] /home/travis/build/icyphy/ptII/ptolemy/domains/de/test/auto/multirate2.xml (RunModel)" time="0.014" />
  <testcase classname="ptolemy.util.test.junit.AutoTests" name="[86] /home/travis/build/icyphy/ptII/ptolemy/domains/de/test/auto/realtime.xml (RunModel)" time="10.01" />
  <testcase classname="ptolemy.util.test.junit.AutoTests" name="[87] /home/travis/build/icyphy/ptII/ptolemy/domains/de/test/auto/relationGroup.xml (RunModel)" time="0.015" />
  <testcase classname="ptolemy.util.test.junit.AutoTests" name="[88] /home/travis/build/icyphy/ptII/ptolemy/domains/de/test/auto/relationGroup2.xml (RunModel)" time="0.037" />
  <testcase classname="ptolemy.util.test.junit.AutoTests" name="[89] /home/travis/build/icyphy/ptII/ptolemy/domains/de/test/auto/sortWithOpaquePorts.xml (RunModel)" time="0.008" />
  <testcase classname="ptolemy.util.test.junit.AutoTests" name="[90] /home/travis/build/icyphy/ptII/ptolemy/domains/de/test/auto/transferInputsandOutputs.xml (RunModel)" time="0.014" />
  <testcase classname="ptolemy.util.test.junit.AutoTests" name="[91] /home/travis/build/icyphy/ptII/ptolemy/domains/de/test/auto/triggerType.xml (RunModel)" time="0.009" />
  <system-out><![CDATA[/home/travis/build/icyphy/ptII/ptolemy/domains/de/test/DependencyLoop.tcl
testDefs.tcl: setting time out to 9000 seconds at Sat Nov 09 06:15:41 UTC 2019
58 ms. Memory: 120832K Free: 72138K (60%)
20 ms. Memory: 120832K Free: 54699K (45%)
/home/travis/build/icyphy/ptII/ptolemy/domains/de/test/RunDETestsAsQSS.tcl
Run the DE tests using ptolemy.domains.qss.test.QSSDirectorTest, which extends QSSDirector and prints a message in the constructors.
------------------ testing $PTII/ptolemy/domains/de/test/auto/knownFailedTests/DirectFeedback.xml (Known Failure) 
46 ms. Memory: 120832K Free: 49100K (41%)


==== $PTIIhome/travis/build/icyphy/ptII/ptolemy/domains/de/test/../../../../: Auto Automatic test in file $PTII/ptolemy/domains/de/test/auto/knownFailedTests/DirectFeedback.xml
==== Contents of test case:

	    # FIXME: we should use $relativeFilename here, but it
	    # might have backslashes under Windows, which causes no end
	    # of trouble.
	    createAndExecute $file
	    list {}
	
.... Test generated KNOWN error:
    while executing
ptolemy.kernel.util.IllegalActionException: Test fails in iteration 1.
Value was: 1.0. Should have been: 2.0
  in .DirectFeedback.Test
	at ptolemy.actor.lib.Test.fire(Test.java:268)
	at ptolemy.domains.de.kernel.DEDirector._fire(DEDirector.java:1949)
	at ptolemy.domains.de.kernel.DEDirector.fire(DEDirector.java:502)
	at ptolemy.actor.CompositeActor.fire(CompositeActor.java:455)
	at ptolemy.actor.Manager.iterate(Manager.java:851)
	at ptolemy.actor.Manager.execute(Manager.java:369)
	at ptolemy.actor.Manager.run(Manager.java:1263)
	at ptolemy.actor.Manager$PtolemyRunThread.run(Manager.java:1933)

    while executing
ptolemy.kernel.util.IllegalActionException: Test fails in iteration 1.
Value was: 1.0. Should have been: 2.0
  in .DirectFeedback.Test
    while executing
"java::new ptolemy.moml.MoMLSimpleApplication $file
"
    (procedure "createAndExecute" line 2)
    invoked from within
"createAndExecute $file"
    ("uplevel" body line 5)
    invoked from within
"uplevel $contents_of_test"
------------------ testing $PTII/ptolemy/domains/de/test/auto/knownFailedTests/dependencyLoop.xml (Known Failure) 
18 ms. Memory: 120832K Free: 46028K (38%)


==== $PTIIhome/travis/build/icyphy/ptII/ptolemy/domains/de/test/../../../../: Auto Automatic test in file $PTII/ptolemy/domains/de/test/auto/knownFailedTests/dependencyLoop.xml
==== Contents of test case:

	    # FIXME: we should use $relativeFilename here, but it
	    # might have backslashes under Windows, which causes no end
	    # of trouble.
	    createAndExecute $file
	    list {}
	
.... Test generated KNOWN error:
    while executing
ptolemy.kernel.util.IllegalActionException: Found a zero delay loop containing .dependencyLoop.original
  in .dependencyLoop and .dependencyLoop.original
	at ptolemy.actor.util.CausalityInterfaceForComposites._computeOutputPortDepth(CausalityInterfaceForComposites.java:759)
	at ptolemy.actor.util.CausalityInterfaceForComposites._computeInputDepth(CausalityInterfaceForComposites.java:696)
	at ptolemy.actor.util.CausalityInterfaceForComposites._computeOutputPortDepth(CausalityInterfaceForComposites.java:765)
	at ptolemy.actor.util.CausalityInterfaceForComposites._computeInputDepth(CausalityInterfaceForComposites.java:696)
	at ptolemy.actor.util.CausalityInterfaceForComposites._computeOutputPortDepth(CausalityInterfaceForComposites.java:765)
	at ptolemy.actor.util.CausalityInterfaceForComposites._computeInputDepth(CausalityInterfaceForComposites.java:696)
	at ptolemy.actor.util.CausalityInterfaceForComposites._computeActorDepth(CausalityInterfaceForComposites.java:532)
	at ptolemy.actor.util.CausalityInterfaceForComposites.checkForCycles(CausalityInterfaceForComposites.java:96)
	at ptolemy.domains.de.kernel.DEDirector.preinitialize(DEDirector.java:1338)
	at ptolemy.actor.CompositeActor.preinitialize(CompositeActor.java:1828)
	at ptolemy.actor.Manager.preinitializeAndResolveTypes(Manager.java:1040)
	at ptolemy.actor.Manager.initialize(Manager.java:710)
	at ptolemy.actor.Manager.execute(Manager.java:356)
	at ptolemy.actor.Manager.run(Manager.java:1263)
	at ptolemy.actor.Manager$PtolemyRunThread.run(Manager.java:1933)

    while executing
ptolemy.kernel.util.IllegalActionException: Found a zero delay loop containing .dependencyLoop.original
  in .dependencyLoop and .dependencyLoop.original
    while executing
"java::new ptolemy.moml.MoMLSimpleApplication $file
"
    (procedure "createAndExecute" line 2)
    invoked from within
"createAndExecute $file"
    ("uplevel" body line 5)
    invoked from within
"uplevel $contents_of_test"
------------------ testing $PTII/ptolemy/domains/de/test/auto/knownFailedTests/FSMSource.xml (Known Failure) 
60 ms. Memory: 120832K Free: 99887K (83%)
!!!! Auto was marked as failing, but now passes
------------------ testing $PTII/ptolemy/domains/de/test/auto/knownFailedTests/HierarchicalModel.xml (Known Failure) 
7 ms. Memory: 120832K Free: 82198K (68%)


==== $PTIIhome/travis/build/icyphy/ptII/ptolemy/domains/de/test/../../../../: Auto Automatic test in file $PTII/ptolemy/domains/de/test/auto/knownFailedTests/HierarchicalModel.xml
==== Contents of test case:

	    # FIXME: we should use $relativeFilename here, but it
	    # might have backslashes under Windows, which causes no end
	    # of trouble.
	    createAndExecute $file
	    list {}
	
.... Test generated KNOWN error:
    while executing
ptolemy.kernel.util.IllegalActionException: Found a zero delay loop containing .HierarchicalModel.A
  in .HierarchicalModel and .HierarchicalModel.A
	at ptolemy.actor.util.CausalityInterfaceForComposites._computeOutputPortDepth(CausalityInterfaceForComposites.java:759)
	at ptolemy.actor.util.CausalityInterfaceForComposites._computeInputDepth(CausalityInterfaceForComposites.java:696)
	at ptolemy.actor.util.CausalityInterfaceForComposites._computeOutputPortDepth(CausalityInterfaceForComposites.java:765)
	at ptolemy.actor.util.CausalityInterfaceForComposites._computeInputDepth(CausalityInterfaceForComposites.java:696)
	at ptolemy.actor.util.CausalityInterfaceForComposites._computeOutputPortDepth(CausalityInterfaceForComposites.java:765)
	at ptolemy.actor.util.CausalityInterfaceForComposites._computeInputDepth(CausalityInterfaceForComposites.java:696)
	at ptolemy.actor.util.CausalityInterfaceForComposites._computeActorDepth(CausalityInterfaceForComposites.java:532)
	at ptolemy.actor.util.CausalityInterfaceForComposites.checkForCycles(CausalityInterfaceForComposites.java:96)
	at ptolemy.domains.de.kernel.DEDirector.preinitialize(DEDirector.java:1338)
	at ptolemy.actor.CompositeActor.preinitialize(CompositeActor.java:1828)
	at ptolemy.actor.Manager.preinitializeAndResolveTypes(Manager.java:1040)
	at ptolemy.actor.Manager.initialize(Manager.java:710)
	at ptolemy.actor.Manager.execute(Manager.java:356)
	at ptolemy.actor.Manager.run(Manager.java:1263)
	at ptolemy.actor.Manager$PtolemyRunThread.run(Manager.java:1933)

    while executing
ptolemy.kernel.util.IllegalActionException: Found a zero delay loop containing .HierarchicalModel.A
  in .HierarchicalModel and .HierarchicalModel.A
    while executing
"java::new ptolemy.moml.MoMLSimpleApplication $file
"
    (procedure "createAndExecute" line 2)
    invoked from within
"createAndExecute $file"
    ("uplevel" body line 5)
    invoked from within
"uplevel $contents_of_test"
------------------ testing $PTII/ptolemy/domains/de/test/auto/knownFailedTests/dependencyLoop2.xml (Known Failure) 
28 ms. Memory: 120832K Free: 106002K (88%)


==== $PTIIhome/travis/build/icyphy/ptII/ptolemy/domains/de/test/../../../../: Auto Automatic test in file $PTII/ptolemy/domains/de/test/auto/knownFailedTests/dependencyLoop2.xml
==== Contents of test case:

	    # FIXME: we should use $relativeFilename here, but it
	    # might have backslashes under Windows, which causes no end
	    # of trouble.
	    createAndExecute $file
	    list {}
	
.... Test generated KNOWN error:
    while executing
ptolemy.kernel.util.IllegalActionException: Found a zero delay loop containing .dependencyLoop2.original
  in .dependencyLoop2 and .dependencyLoop2.original
	at ptolemy.actor.util.CausalityInterfaceForComposites._computeOutputPortDepth(CausalityInterfaceForComposites.java:759)
	at ptolemy.actor.util.CausalityInterfaceForComposites._computeInputDepth(CausalityInterfaceForComposites.java:696)
	at ptolemy.actor.util.CausalityInterfaceForComposites._computeOutputPortDepth(CausalityInterfaceForComposites.java:765)
	at ptolemy.actor.util.CausalityInterfaceForComposites._computeInputDepth(CausalityInterfaceForComposites.java:696)
	at ptolemy.actor.util.CausalityInterfaceForComposites._computeOutputPortDepth(CausalityInterfaceForComposites.java:765)
	at ptolemy.actor.util.CausalityInterfaceForComposites._computeInputDepth(CausalityInterfaceForComposites.java:696)
	at ptolemy.actor.util.CausalityInterfaceForComposites._computeActorDepth(CausalityInterfaceForComposites.java:532)
	at ptolemy.actor.util.CausalityInterfaceForComposites.checkForCycles(CausalityInterfaceForComposites.java:96)
	at ptolemy.domains.de.kernel.DEDirector.preinitialize(DEDirector.java:1338)
	at ptolemy.actor.CompositeActor.preinitialize(CompositeActor.java:1828)
	at ptolemy.actor.Manager.preinitializeAndResolveTypes(Manager.java:1040)
	at ptolemy.actor.Manager.initialize(Manager.java:710)
	at ptolemy.actor.Manager.execute(Manager.java:356)
	at ptolemy.actor.Manager.run(Manager.java:1263)
	at ptolemy.actor.Manager$PtolemyRunThread.run(Manager.java:1933)

    while executing
ptolemy.kernel.util.IllegalActionException: Found a zero delay loop containing .dependencyLoop2.original
  in .dependencyLoop2 and .dependencyLoop2.original
    while executing
"java::new ptolemy.moml.MoMLSimpleApplication $file
"
    (procedure "createAndExecute" line 2)
    invoked from within
"createAndExecute $file"
    ("uplevel" body line 5)
    invoked from within
"uplevel $contents_of_test"
------------------ testing $PTII/ptolemy/domains/de/test/auto/knownFailedTests/DESDFClockTest.xml (Known Failure) 
2073 ms. Memory: 120832K Free: 92750K (77%)


==== $PTIIhome/travis/build/icyphy/ptII/ptolemy/domains/de/test/../../../../: Auto Automatic test in file $PTII/ptolemy/domains/de/test/auto/knownFailedTests/DESDFClockTest.xml
==== Contents of test case:

	    # FIXME: we should use $relativeFilename here, but it
	    # might have backslashes under Windows, which causes no end
	    # of trouble.
	    createAndExecute $file
	    list {}
	
.... Test generated KNOWN error:
    while executing
ptolemy.kernel.util.IllegalActionException: Actor is not ready to fire.  Perhaps UpSample.prefire() returned false? Try debugging the actor by selecting "Listen to Actor".  Also, for SDF check moml for tokenConsumptionRate on input.
  in .DESDFClockTest.Play Bell.Copy1:SDF Director and .DESDFClockTest.Play Bell.UpSample
	at ptolemy.actor.sched.StaticSchedulingDirector.fire(StaticSchedulingDirector.java:227)
	at ptolemy.domains.sdf.kernel.SDFDirector.fire(SDFDirector.java:500)
	at ptolemy.actor.CompositeActor.fire(CompositeActor.java:455)
	at ptolemy.domains.de.kernel.DEDirector._fire(DEDirector.java:1949)
	at ptolemy.domains.de.kernel.DEDirector.fire(DEDirector.java:502)
	at ptolemy.actor.CompositeActor.fire(CompositeActor.java:455)
	at ptolemy.actor.Manager.iterate(Manager.java:851)
	at ptolemy.actor.Manager.execute(Manager.java:369)
	at ptolemy.actor.Manager.run(Manager.java:1263)
	at ptolemy.actor.Manager$PtolemyRunThread.run(Manager.java:1933)

    while executing
ptolemy.kernel.util.IllegalActionException: Actor is not ready to fire.  Perhaps UpSample.prefire() returned false? Try debugging the actor by selecting "Listen to Actor".  Also, for SDF check moml for tokenConsumptionRate on input.
  in .DESDFClockTest.Play Bell.Copy1:SDF Director and .DESDFClockTest.Play Bell.UpSample
    while executing
"java::new ptolemy.moml.MoMLSimpleApplication $file
"
    (procedure "createAndExecute" line 2)
    invoked from within
"createAndExecute $file"
    ("uplevel" body line 5)
    invoked from within
"uplevel $contents_of_test"
------------------ testing $PTII/ptolemy/domains/de/test/auto/ActorDepthCalculation_actorWithoutPorts.xml
auto.tcl: Setting watchdog for 200 seconds at Sat Nov 09 06:15:45 UTC 2019
6 ms. Memory: 120832K Free: 85562K (71%)
ptolemy.util.test.WatchDog.cancel(): canceling Sat Nov 09 06:15:45 UTC 2019
auto.tcl: Setting watchdog for 200 seconds at Sat Nov 09 06:15:45 UTC 2019
4 ms. Memory: 120832K Free: 84389K (70%)
ptolemy.util.test.WatchDog.cancel(): canceling Sat Nov 09 06:15:45 UTC 2019
------------------ testing $PTII/ptolemy/domains/de/test/auto/AssemblyLine.xml
auto.tcl: Setting watchdog for 200 seconds at Sat Nov 09 06:15:45 UTC 2019
19 ms. Memory: 48128K Free: 26011K (54%)
ptolemy.util.test.WatchDog.cancel(): canceling Sat Nov 09 06:15:45 UTC 2019
auto.tcl: Setting watchdog for 200 seconds at Sat Nov 09 06:15:45 UTC 2019
7 ms. Memory: 48128K Free: 25317K (53%)
ptolemy.util.test.WatchDog.cancel(): canceling Sat Nov 09 06:15:45 UTC 2019
------------------ testing $PTII/ptolemy/domains/de/test/auto/CQBug1.xml
auto.tcl: Setting watchdog for 200 seconds at Sat Nov 09 06:15:46 UTC 2019
4 ms. Memory: 45056K Free: 28544K (63%)
ptolemy.util.test.WatchDog.cancel(): canceling Sat Nov 09 06:15:46 UTC 2019
auto.tcl: Setting watchdog for 200 seconds at Sat Nov 09 06:15:46 UTC 2019
2 ms. Memory: 45056K Free: 28127K (62%)
ptolemy.util.test.WatchDog.cancel(): canceling Sat Nov 09 06:15:46 UTC 2019
------------------ testing $PTII/ptolemy/domains/de/test/auto/CancelFireAt.xml
auto.tcl: Setting watchdog for 200 seconds at Sat Nov 09 06:15:46 UTC 2019
3 ms. Memory: 45056K Free: 29698K (66%)
ptolemy.util.test.WatchDog.cancel(): canceling Sat Nov 09 06:15:46 UTC 2019
auto.tcl: Setting watchdog for 200 seconds at Sat Nov 09 06:15:46 UTC 2019
1 ms. Memory: 45056K Free: 29250K (65%)
ptolemy.util.test.WatchDog.cancel(): canceling Sat Nov 09 06:15:46 UTC 2019
------------------ testing $PTII/ptolemy/domains/de/test/auto/CausalityAndComposabilityAnalysis.xml
auto.tcl: Setting watchdog for 200 seconds at Sat Nov 09 06:15:46 UTC 2019
19 ms. Memory: 45056K Free: 27422K (61%)
ptolemy.util.test.WatchDog.cancel(): canceling Sat Nov 09 06:15:46 UTC 2019
auto.tcl: Setting watchdog for 200 seconds at Sat Nov 09 06:15:46 UTC 2019
6 ms. Memory: 45056K Free: 26990K (60%)
ptolemy.util.test.WatchDog.cancel(): canceling Sat Nov 09 06:15:46 UTC 2019
------------------ testing $PTII/ptolemy/domains/de/test/auto/CausalityInterface1.xml
auto.tcl: Setting watchdog for 200 seconds at Sat Nov 09 06:15:46 UTC 2019
31 ms. Memory: 45056K Free: 26368K (59%)
ptolemy.util.test.WatchDog.cancel(): canceling Sat Nov 09 06:15:46 UTC 2019
auto.tcl: Setting watchdog for 200 seconds at Sat Nov 09 06:15:46 UTC 2019
4 ms. Memory: 45056K Free: 25398K (56%)
ptolemy.util.test.WatchDog.cancel(): canceling Sat Nov 09 06:15:46 UTC 2019
------------------ testing $PTII/ptolemy/domains/de/test/auto/CausalityInterface15.xml
auto.tcl: Setting watchdog for 200 seconds at Sat Nov 09 06:15:46 UTC 2019
6 ms. Memory: 45056K Free: 26539K (59%)
ptolemy.util.test.WatchDog.cancel(): canceling Sat Nov 09 06:15:46 UTC 2019
auto.tcl: Setting watchdog for 200 seconds at Sat Nov 09 06:15:46 UTC 2019
4 ms. Memory: 45056K Free: 25342K (56%)
ptolemy.util.test.WatchDog.cancel(): canceling Sat Nov 09 06:15:46 UTC 2019
------------------ testing $PTII/ptolemy/domains/de/test/auto/CausalityInterface2.xml
auto.tcl: Setting watchdog for 200 seconds at Sat Nov 09 06:15:46 UTC 2019
4 ms. Memory: 45056K Free: 27082K (60%)
ptolemy.util.test.WatchDog.cancel(): canceling Sat Nov 09 06:15:46 UTC 2019
auto.tcl: Setting watchdog for 200 seconds at Sat Nov 09 06:15:46 UTC 2019
3 ms. Memory: 45056K Free: 26318K (58%)
ptolemy.util.test.WatchDog.cancel(): canceling Sat Nov 09 06:15:46 UTC 2019
------------------ testing $PTII/ptolemy/domains/de/test/auto/CausalityInterface3.xml
auto.tcl: Setting watchdog for 200 seconds at Sat Nov 09 06:15:46 UTC 2019
5 ms. Memory: 45056K Free: 26539K (59%)
ptolemy.util.test.WatchDog.cancel(): canceling Sat Nov 09 06:15:46 UTC 2019
auto.tcl: Setting watchdog for 200 seconds at Sat Nov 09 06:15:46 UTC 2019
2 ms. Memory: 45056K Free: 25753K (57%)
ptolemy.util.test.WatchDog.cancel(): canceling Sat Nov 09 06:15:46 UTC 2019
------------------ testing $PTII/ptolemy/domains/de/test/auto/ClockDrift.xml
auto.tcl: Setting watchdog for 200 seconds at Sat Nov 09 06:15:46 UTC 2019
84 ms. Memory: 45056K Free: 19123K (42%)
ptolemy.util.test.WatchDog.cancel(): canceling Sat Nov 09 06:15:46 UTC 2019
auto.tcl: Setting watchdog for 200 seconds at Sat Nov 09 06:15:46 UTC 2019
71 ms. Memory: 45056K Free: 16106K (36%)
ptolemy.util.test.WatchDog.cancel(): canceling Sat Nov 09 06:15:46 UTC 2019
------------------ testing $PTII/ptolemy/domains/de/test/auto/ClockDriftAndValueChange.xml
auto.tcl: Setting watchdog for 200 seconds at Sat Nov 09 06:15:46 UTC 2019
24 ms. Memory: 45056K Free: 19564K (43%)
ptolemy.util.test.WatchDog.cancel(): canceling Sat Nov 09 06:15:47 UTC 2019
auto.tcl: Setting watchdog for 200 seconds at Sat Nov 09 06:15:47 UTC 2019
33 ms. Memory: 45056K Free: 16371K (36%)
ptolemy.util.test.WatchDog.cancel(): canceling Sat Nov 09 06:15:47 UTC 2019
------------------ testing $PTII/ptolemy/domains/de/test/auto/ClockDriftChange.xml
auto.tcl: Setting watchdog for 200 seconds at Sat Nov 09 06:15:47 UTC 2019
30 ms. Memory: 45056K Free: 21263K (47%)
ptolemy.util.test.WatchDog.cancel(): canceling Sat Nov 09 06:15:47 UTC 2019
auto.tcl: Setting watchdog for 200 seconds at Sat Nov 09 06:15:47 UTC 2019
28 ms. Memory: 45056K Free: 18707K (42%)
ptolemy.util.test.WatchDog.cancel(): canceling Sat Nov 09 06:15:47 UTC 2019
------------------ testing $PTII/ptolemy/domains/de/test/auto/ComposableCausalityAnalysis.xml
auto.tcl: Setting watchdog for 200 seconds at Sat Nov 09 06:15:47 UTC 2019
3 ms. Memory: 45056K Free: 25925K (58%)
ptolemy.util.test.WatchDog.cancel(): canceling Sat Nov 09 06:15:47 UTC 2019
auto.tcl: Setting watchdog for 200 seconds at Sat Nov 09 06:15:47 UTC 2019
5 ms. Memory: 45056K Free: 24861K (55%)
ptolemy.util.test.WatchDog.cancel(): canceling Sat Nov 09 06:15:47 UTC 2019
------------------ testing $PTII/ptolemy/domains/de/test/auto/DEFixedPointLimitation.xml
auto.tcl: Setting watchdog for 200 seconds at Sat Nov 09 06:15:47 UTC 2019
2 ms. Memory: 45056K Free: 27233K (60%)
ptolemy.util.test.WatchDog.cancel(): canceling Sat Nov 09 06:15:47 UTC 2019
auto.tcl: Setting watchdog for 200 seconds at Sat Nov 09 06:15:47 UTC 2019
2 ms. Memory: 45056K Free: 26318K (58%)
ptolemy.util.test.WatchDog.cancel(): canceling Sat Nov 09 06:15:47 UTC 2019
------------------ testing $PTII/ptolemy/domains/de/test/auto/DEScheduleTest.xml
auto.tcl: Setting watchdog for 200 seconds at Sat Nov 09 06:15:47 UTC 2019
4 ms. Memory: 45056K Free: 27538K (61%)
ptolemy.util.test.WatchDog.cancel(): canceling Sat Nov 09 06:15:47 UTC 2019
auto.tcl: Setting watchdog for 200 seconds at Sat Nov 09 06:15:47 UTC 2019
3 ms. Memory: 45056K Free: 26782K (59%)
ptolemy.util.test.WatchDog.cancel(): canceling Sat Nov 09 06:15:47 UTC 2019
------------------ testing $PTII/ptolemy/domains/de/test/auto/DEinDEwithStartTimes.xml
auto.tcl: Setting watchdog for 200 seconds at Sat Nov 09 06:15:47 UTC 2019
4 ms. Memory: 45056K Free: 25717K (57%)
ptolemy.util.test.WatchDog.cancel(): canceling Sat Nov 09 06:15:47 UTC 2019
auto.tcl: Setting watchdog for 200 seconds at Sat Nov 09 06:15:47 UTC 2019
3 ms. Memory: 45056K Free: 24667K (55%)
ptolemy.util.test.WatchDog.cancel(): canceling Sat Nov 09 06:15:47 UTC 2019
------------------ testing $PTII/ptolemy/domains/de/test/auto/DEinDEwithStartTimes2.xml
auto.tcl: Setting watchdog for 200 seconds at Sat Nov 09 06:15:47 UTC 2019
5 ms. Memory: 45056K Free: 24904K (55%)
ptolemy.util.test.WatchDog.cancel(): canceling Sat Nov 09 06:15:47 UTC 2019
auto.tcl: Setting watchdog for 200 seconds at Sat Nov 09 06:15:47 UTC 2019
5 ms. Memory: 45056K Free: 23622K (52%)
ptolemy.util.test.WatchDog.cancel(): canceling Sat Nov 09 06:15:47 UTC 2019
------------------ testing $PTII/ptolemy/domains/de/test/auto/DateDemo.xml
auto.tcl: Setting watchdog for 200 seconds at Sat Nov 09 06:15:47 UTC 2019
19 ms. Memory: 45056K Free: 19573K (43%)
ptolemy.util.test.WatchDog.cancel(): canceling Sat Nov 09 06:15:47 UTC 2019
auto.tcl: Setting watchdog for 200 seconds at Sat Nov 09 06:15:47 UTC 2019
7 ms. Memory: 45056K Free: 17721K (39%)
ptolemy.util.test.WatchDog.cancel(): canceling Sat Nov 09 06:15:47 UTC 2019
------------------ testing $PTII/ptolemy/domains/de/test/auto/DateToEvent.xml
auto.tcl: Setting watchdog for 200 seconds at Sat Nov 09 06:15:47 UTC 2019
2014 ms. Memory: 45056K Free: 15186K (34%)
ptolemy.util.test.WatchDog.cancel(): canceling Sat Nov 09 06:15:49 UTC 2019
auto.tcl: Setting watchdog for 200 seconds at Sat Nov 09 06:15:49 UTC 2019
2006 ms. Memory: 45056K Free: 14441K (32%)
ptolemy.util.test.WatchDog.cancel(): canceling Sat Nov 09 06:15:51 UTC 2019
------------------ testing $PTII/ptolemy/domains/de/test/auto/DepthTest1.xml
auto.tcl: Setting watchdog for 200 seconds at Sat Nov 09 06:15:51 UTC 2019
2 ms. Memory: 45056K Free: 28484K (63%)
ptolemy.util.test.WatchDog.cancel(): canceling Sat Nov 09 06:15:51 UTC 2019
auto.tcl: Setting watchdog for 200 seconds at Sat Nov 09 06:15:51 UTC 2019
2 ms. Memory: 45056K Free: 27922K (62%)
ptolemy.util.test.WatchDog.cancel(): canceling Sat Nov 09 06:15:51 UTC 2019
------------------ testing $PTII/ptolemy/domains/de/test/auto/DepthTest2.xml
auto.tcl: Setting watchdog for 200 seconds at Sat Nov 09 06:15:52 UTC 2019
3 ms. Memory: 45056K Free: 25174K (56%)
ptolemy.util.test.WatchDog.cancel(): canceling Sat Nov 09 06:15:52 UTC 2019
auto.tcl: Setting watchdog for 200 seconds at Sat Nov 09 06:15:52 UTC 2019
3 ms. Memory: 45056K Free: 24759K (55%)
ptolemy.util.test.WatchDog.cancel(): canceling Sat Nov 09 06:15:52 UTC 2019
------------------ testing $PTII/ptolemy/domains/de/test/auto/DepthTest3.xml
auto.tcl: Setting watchdog for 200 seconds at Sat Nov 09 06:15:52 UTC 2019
2 ms. Memory: 45056K Free: 28663K (64%)
ptolemy.util.test.WatchDog.cancel(): canceling Sat Nov 09 06:15:52 UTC 2019
auto.tcl: Setting watchdog for 200 seconds at Sat Nov 09 06:15:52 UTC 2019
2 ms. Memory: 45056K Free: 28253K (63%)
ptolemy.util.test.WatchDog.cancel(): canceling Sat Nov 09 06:15:52 UTC 2019
------------------ testing $PTII/ptolemy/domains/de/test/auto/DepthTest4.xml
auto.tcl: Setting watchdog for 200 seconds at Sat Nov 09 06:15:52 UTC 2019
8 ms. Memory: 45056K Free: 27014K (60%)
ptolemy.util.test.WatchDog.cancel(): canceling Sat Nov 09 06:15:52 UTC 2019
auto.tcl: Setting watchdog for 200 seconds at Sat Nov 09 06:15:52 UTC 2019
2 ms. Memory: 45056K Free: 26279K (58%)
ptolemy.util.test.WatchDog.cancel(): canceling Sat Nov 09 06:15:52 UTC 2019
------------------ testing $PTII/ptolemy/domains/de/test/auto/DepthTest5.xml
auto.tcl: Setting watchdog for 200 seconds at Sat Nov 09 06:15:52 UTC 2019
4 ms. Memory: 45056K Free: 26411K (59%)
ptolemy.util.test.WatchDog.cancel(): canceling Sat Nov 09 06:15:52 UTC 2019
auto.tcl: Setting watchdog for 200 seconds at Sat Nov 09 06:15:52 UTC 2019
3 ms. Memory: 45056K Free: 25624K (57%)
ptolemy.util.test.WatchDog.cancel(): canceling Sat Nov 09 06:15:52 UTC 2019
------------------ testing $PTII/ptolemy/domains/de/test/auto/DepthTest6.xml
auto.tcl: Setting watchdog for 200 seconds at Sat Nov 09 06:15:52 UTC 2019
4 ms. Memory: 45056K Free: 26103K (58%)
ptolemy.util.test.WatchDog.cancel(): canceling Sat Nov 09 06:15:52 UTC 2019
auto.tcl: Setting watchdog for 200 seconds at Sat Nov 09 06:15:52 UTC 2019
3 ms. Memory: 45056K Free: 25685K (57%)
ptolemy.util.test.WatchDog.cancel(): canceling Sat Nov 09 06:15:52 UTC 2019
------------------ testing $PTII/ptolemy/domains/de/test/auto/DepthTest7.xml
auto.tcl: Setting watchdog for 200 seconds at Sat Nov 09 06:15:52 UTC 2019
3 ms. Memory: 45056K Free: 26945K (60%)
ptolemy.util.test.WatchDog.cancel(): canceling Sat Nov 09 06:15:52 UTC 2019
auto.tcl: Setting watchdog for 200 seconds at Sat Nov 09 06:15:52 UTC 2019
2 ms. Memory: 45056K Free: 26221K (58%)
ptolemy.util.test.WatchDog.cancel(): canceling Sat Nov 09 06:15:52 UTC 2019
------------------ testing $PTII/ptolemy/domains/de/test/auto/EventToDate.xml
auto.tcl: Setting watchdog for 200 seconds at Sat Nov 09 06:15:52 UTC 2019
3013 ms. Memory: 45056K Free: 17721K (39%)
ptolemy.util.test.WatchDog.cancel(): canceling Sat Nov 09 06:15:55 UTC 2019
auto.tcl: Setting watchdog for 200 seconds at Sat Nov 09 06:15:55 UTC 2019
3004 ms. Memory: 45056K Free: 17022K (38%)
ptolemy.util.test.WatchDog.cancel(): canceling Sat Nov 09 06:15:58 UTC 2019
------------------ testing $PTII/ptolemy/domains/de/test/auto/FSM1.xml
auto.tcl: Setting watchdog for 200 seconds at Sat Nov 09 06:15:58 UTC 2019
37 ms. Memory: 45056K Free: 18951K (42%)
ptolemy.util.test.WatchDog.cancel(): canceling Sat Nov 09 06:15:58 UTC 2019
auto.tcl: Setting watchdog for 200 seconds at Sat Nov 09 06:15:58 UTC 2019
28 ms. Memory: 45056K Free: 15693K (35%)
ptolemy.util.test.WatchDog.cancel(): canceling Sat Nov 09 06:15:58 UTC 2019
------------------ testing $PTII/ptolemy/domains/de/test/auto/FSM7.xml
auto.tcl: Setting watchdog for 200 seconds at Sat Nov 09 06:15:58 UTC 2019
37 ms. Memory: 45056K Free: 18848K (42%)
ptolemy.util.test.WatchDog.cancel(): canceling Sat Nov 09 06:15:58 UTC 2019
auto.tcl: Setting watchdog for 200 seconds at Sat Nov 09 06:15:58 UTC 2019
22 ms. Memory: 45056K Free: 15520K (34%)
ptolemy.util.test.WatchDog.cancel(): canceling Sat Nov 09 06:15:58 UTC 2019
------------------ testing $PTII/ptolemy/domains/de/test/auto/Inspection.xml
auto.tcl: Setting watchdog for 200 seconds at Sat Nov 09 06:15:58 UTC 2019
31 ms. Memory: 45056K Free: 18679K (41%)
ptolemy.util.test.WatchDog.cancel(): canceling Sat Nov 09 06:15:59 UTC 2019
auto.tcl: Setting watchdog for 200 seconds at Sat Nov 09 06:15:59 UTC 2019
32 ms. Memory: 45056K Free: 16942K (38%)
ptolemy.util.test.WatchDog.cancel(): canceling Sat Nov 09 06:15:59 UTC 2019
------------------ testing $PTII/ptolemy/domains/de/test/auto/Iteration.xml
auto.tcl: Setting watchdog for 200 seconds at Sat Nov 09 06:15:59 UTC 2019
9 ms. Memory: 45056K Free: 24165K (54%)
ptolemy.util.test.WatchDog.cancel(): canceling Sat Nov 09 06:15:59 UTC 2019
auto.tcl: Setting watchdog for 200 seconds at Sat Nov 09 06:15:59 UTC 2019
9 ms. Memory: 45056K Free: 22997K (51%)
ptolemy.util.test.WatchDog.cancel(): canceling Sat Nov 09 06:15:59 UTC 2019
------------------ testing $PTII/ptolemy/domains/de/test/auto/LineFault.xml
auto.tcl: Setting watchdog for 200 seconds at Sat Nov 09 06:15:59 UTC 2019
670 ms. Memory: 45056K Free: 12917K (29%)
ptolemy.util.test.WatchDog.cancel(): canceling Sat Nov 09 06:16:00 UTC 2019
auto.tcl: Setting watchdog for 200 seconds at Sat Nov 09 06:16:00 UTC 2019
685 ms. Memory: 58368K Free: 32489K (56%)
ptolemy.util.test.WatchDog.cancel(): canceling Sat Nov 09 06:16:00 UTC 2019
------------------ testing $PTII/ptolemy/domains/de/test/auto/MergeModel1Add.xml
auto.tcl: Setting watchdog for 200 seconds at Sat Nov 09 06:16:00 UTC 2019
18 ms. Memory: 51200K Free: 16539K (32%)
ptolemy.util.test.WatchDog.cancel(): canceling Sat Nov 09 06:16:00 UTC 2019
auto.tcl: Setting watchdog for 200 seconds at Sat Nov 09 06:16:00 UTC 2019
11 ms. Memory: 51200K Free: 14956K (29%)
ptolemy.util.test.WatchDog.cancel(): canceling Sat Nov 09 06:16:00 UTC 2019
------------------ testing $PTII/ptolemy/domains/de/test/auto/MergeModel2Add.xml
auto.tcl: Setting watchdog for 200 seconds at Sat Nov 09 06:16:01 UTC 2019
10 ms. Memory: 51200K Free: 18561K (36%)
ptolemy.util.test.WatchDog.cancel(): canceling Sat Nov 09 06:16:01 UTC 2019
auto.tcl: Setting watchdog for 200 seconds at Sat Nov 09 06:16:01 UTC 2019
7 ms. Memory: 51200K Free: 16640K (33%)
ptolemy.util.test.WatchDog.cancel(): canceling Sat Nov 09 06:16:01 UTC 2019
------------------ testing $PTII/ptolemy/domains/de/test/auto/MergeModel3Add.xml
auto.tcl: Setting watchdog for 200 seconds at Sat Nov 09 06:16:01 UTC 2019
8 ms. Memory: 51200K Free: 18585K (36%)
ptolemy.util.test.WatchDog.cancel(): canceling Sat Nov 09 06:16:01 UTC 2019
auto.tcl: Setting watchdog for 200 seconds at Sat Nov 09 06:16:01 UTC 2019
7 ms. Memory: 51200K Free: 17056K (33%)
ptolemy.util.test.WatchDog.cancel(): canceling Sat Nov 09 06:16:01 UTC 2019
------------------ testing $PTII/ptolemy/domains/de/test/auto/MergeWithoutDiscard.xml
auto.tcl: Setting watchdog for 200 seconds at Sat Nov 09 06:16:01 UTC 2019
2 ms. Memory: 51200K Free: 33131K (65%)
ptolemy.util.test.WatchDog.cancel(): canceling Sat Nov 09 06:16:01 UTC 2019
auto.tcl: Setting watchdog for 200 seconds at Sat Nov 09 06:16:01 UTC 2019
1 ms. Memory: 51200K Free: 32704K (64%)
ptolemy.util.test.WatchDog.cancel(): canceling Sat Nov 09 06:16:01 UTC 2019
------------------ testing $PTII/ptolemy/domains/de/test/auto/Modal1.xml
auto.tcl: Setting watchdog for 200 seconds at Sat Nov 09 06:16:01 UTC 2019
13 ms. Memory: 48128K Free: 22018K (46%)
ptolemy.util.test.WatchDog.cancel(): canceling Sat Nov 09 06:16:01 UTC 2019
auto.tcl: Setting watchdog for 200 seconds at Sat Nov 09 06:16:01 UTC 2019
14 ms. Memory: 48128K Free: 18610K (39%)
ptolemy.util.test.WatchDog.cancel(): canceling Sat Nov 09 06:16:01 UTC 2019
------------------ testing $PTII/ptolemy/domains/de/test/auto/Modal2.xml
auto.tcl: Setting watchdog for 200 seconds at Sat Nov 09 06:16:01 UTC 2019
19 ms. Memory: 48128K Free: 22120K (46%)
ptolemy.util.test.WatchDog.cancel(): canceling Sat Nov 09 06:16:01 UTC 2019
auto.tcl: Setting watchdog for 200 seconds at Sat Nov 09 06:16:01 UTC 2019
21 ms. Memory: 48128K Free: 18883K (39%)
ptolemy.util.test.WatchDog.cancel(): canceling Sat Nov 09 06:16:01 UTC 2019
------------------ testing $PTII/ptolemy/domains/de/test/auto/Modal3.xml
auto.tcl: Setting watchdog for 200 seconds at Sat Nov 09 06:16:01 UTC 2019
11 ms. Memory: 48128K Free: 22119K (46%)
ptolemy.util.test.WatchDog.cancel(): canceling Sat Nov 09 06:16:01 UTC 2019
auto.tcl: Setting watchdog for 200 seconds at Sat Nov 09 06:16:01 UTC 2019
11 ms. Memory: 48128K Free: 18925K (39%)
ptolemy.util.test.WatchDog.cancel(): canceling Sat Nov 09 06:16:01 UTC 2019
------------------ testing $PTII/ptolemy/domains/de/test/auto/Modal4.xml
auto.tcl: Setting watchdog for 200 seconds at Sat Nov 09 06:16:01 UTC 2019
14 ms. Memory: 48128K Free: 21106K (44%)
ptolemy.util.test.WatchDog.cancel(): canceling Sat Nov 09 06:16:01 UTC 2019
auto.tcl: Setting watchdog for 200 seconds at Sat Nov 09 06:16:01 UTC 2019
15 ms. Memory: 48128K Free: 17237K (36%)
ptolemy.util.test.WatchDog.cancel(): canceling Sat Nov 09 06:16:01 UTC 2019
------------------ testing $PTII/ptolemy/domains/de/test/auto/Modal5.xml
auto.tcl: Setting watchdog for 200 seconds at Sat Nov 09 06:16:01 UTC 2019
14 ms. Memory: 48128K Free: 21078K (44%)
ptolemy.util.test.WatchDog.cancel(): canceling Sat Nov 09 06:16:01 UTC 2019
auto.tcl: Setting watchdog for 200 seconds at Sat Nov 09 06:16:01 UTC 2019
14 ms. Memory: 48128K Free: 17224K (36%)
ptolemy.util.test.WatchDog.cancel(): canceling Sat Nov 09 06:16:01 UTC 2019
------------------ testing $PTII/ptolemy/domains/de/test/auto/Modal6.xml
auto.tcl: Setting watchdog for 200 seconds at Sat Nov 09 06:16:01 UTC 2019
19 ms. Memory: 48128K Free: 21873K (45%)
ptolemy.util.test.WatchDog.cancel(): canceling Sat Nov 09 06:16:01 UTC 2019
auto.tcl: Setting watchdog for 200 seconds at Sat Nov 09 06:16:01 UTC 2019
17 ms. Memory: 48128K Free: 18246K (38%)
ptolemy.util.test.WatchDog.cancel(): canceling Sat Nov 09 06:16:01 UTC 2019
------------------ testing $PTII/ptolemy/domains/de/test/auto/Modal7.xml
auto.tcl: Setting watchdog for 200 seconds at Sat Nov 09 06:16:01 UTC 2019
18 ms. Memory: 48128K Free: 20858K (43%)
ptolemy.util.test.WatchDog.cancel(): canceling Sat Nov 09 06:16:01 UTC 2019
auto.tcl: Setting watchdog for 200 seconds at Sat Nov 09 06:16:01 UTC 2019
19 ms. Memory: 48128K Free: 17519K (36%)
ptolemy.util.test.WatchDog.cancel(): canceling Sat Nov 09 06:16:02 UTC 2019
------------------ testing $PTII/ptolemy/domains/de/test/auto/ModalModel.xml
auto.tcl: Setting watchdog for 200 seconds at Sat Nov 09 06:16:02 UTC 2019
187 ms. Memory: 61440K Free: 42948K (70%)
ptolemy.util.test.WatchDog.cancel(): canceling Sat Nov 09 06:16:02 UTC 2019
auto.tcl: Setting watchdog for 200 seconds at Sat Nov 09 06:16:02 UTC 2019
214 ms. Memory: 61440K Free: 39378K (64%)
ptolemy.util.test.WatchDog.cancel(): canceling Sat Nov 09 06:16:02 UTC 2019
------------------ testing $PTII/ptolemy/domains/de/test/auto/ModalSource.xml
auto.tcl: Setting watchdog for 200 seconds at Sat Nov 09 06:16:02 UTC 2019
15 ms. Memory: 48128K Free: 25932K (54%)
ptolemy.util.test.WatchDog.cancel(): canceling Sat Nov 09 06:16:02 UTC 2019
auto.tcl: Setting watchdog for 200 seconds at Sat Nov 09 06:16:02 UTC 2019
7 ms. Memory: 48128K Free: 23850K (50%)
ptolemy.util.test.WatchDog.cancel(): canceling Sat Nov 09 06:16:02 UTC 2019
------------------ testing $PTII/ptolemy/domains/de/test/auto/NonInterruptibleTimerZeroDelay.xml
auto.tcl: Setting watchdog for 200 seconds at Sat Nov 09 06:16:02 UTC 2019
4 ms. Memory: 48128K Free: 30904K (64%)
ptolemy.util.test.WatchDog.cancel(): canceling Sat Nov 09 06:16:02 UTC 2019
auto.tcl: Setting watchdog for 200 seconds at Sat Nov 09 06:16:02 UTC 2019
2 ms. Memory: 48128K Free: 30189K (63%)
ptolemy.util.test.WatchDog.cancel(): canceling Sat Nov 09 06:16:02 UTC 2019
------------------ testing $PTII/ptolemy/domains/de/test/auto/OpenQueueingNetwork.xml
auto.tcl: Setting watchdog for 200 seconds at Sat Nov 09 06:16:02 UTC 2019
3796 ms. Memory: 102400K Free: 83690K (82%)
ptolemy.util.test.WatchDog.cancel(): canceling Sat Nov 09 06:16:06 UTC 2019
auto.tcl: Setting watchdog for 200 seconds at Sat Nov 09 06:16:06 UTC 2019
2834 ms. Memory: 122880K Free: 74486K (61%)
ptolemy.util.test.WatchDog.cancel(): canceling Sat Nov 09 06:16:09 UTC 2019
------------------ testing $PTII/ptolemy/domains/de/test/auto/OpenQueuingNetwork.xml
auto.tcl: Setting watchdog for 200 seconds at Sat Nov 09 06:16:09 UTC 2019
301 ms. Memory: 51200K Free: 16388K (32%)
ptolemy.util.test.WatchDog.cancel(): canceling Sat Nov 09 06:16:10 UTC 2019
auto.tcl: Setting watchdog for 200 seconds at Sat Nov 09 06:16:10 UTC 2019
292 ms. Memory: 51200K Free: 19772K (39%)
ptolemy.util.test.WatchDog.cancel(): canceling Sat Nov 09 06:16:10 UTC 2019
------------------ testing $PTII/ptolemy/domains/de/test/auto/PeriodicSampler.xml
auto.tcl: Setting watchdog for 200 seconds at Sat Nov 09 06:16:10 UTC 2019
3 ms. Memory: 51200K Free: 33115K (65%)
ptolemy.util.test.WatchDog.cancel(): canceling Sat Nov 09 06:16:10 UTC 2019
auto.tcl: Setting watchdog for 200 seconds at Sat Nov 09 06:16:10 UTC 2019
2 ms. Memory: 51200K Free: 32611K (64%)
ptolemy.util.test.WatchDog.cancel(): canceling Sat Nov 09 06:16:10 UTC 2019
------------------ testing $PTII/ptolemy/domains/de/test/auto/PersistentIO.xml
auto.tcl: Setting watchdog for 200 seconds at Sat Nov 09 06:16:10 UTC 2019
6 ms. Memory: 48128K Free: 24967K (52%)
ptolemy.util.test.WatchDog.cancel(): canceling Sat Nov 09 06:16:10 UTC 2019
auto.tcl: Setting watchdog for 200 seconds at Sat Nov 09 06:16:10 UTC 2019
7 ms. Memory: 48128K Free: 23515K (49%)
ptolemy.util.test.WatchDog.cancel(): canceling Sat Nov 09 06:16:10 UTC 2019
------------------ testing $PTII/ptolemy/domains/de/test/auto/PortParameterResetOnInitialize.xml
auto.tcl: Setting watchdog for 200 seconds at Sat Nov 09 06:16:10 UTC 2019
7 ms. Memory: 48128K Free: 29951K (62%)
ptolemy.util.test.WatchDog.cancel(): canceling Sat Nov 09 06:16:10 UTC 2019
auto.tcl: Setting watchdog for 200 seconds at Sat Nov 09 06:16:10 UTC 2019
2 ms. Memory: 48128K Free: 29473K (61%)
ptolemy.util.test.WatchDog.cancel(): canceling Sat Nov 09 06:16:10 UTC 2019
------------------ testing $PTII/ptolemy/domains/de/test/auto/PortParameterUpdates.xml
auto.tcl: Setting watchdog for 200 seconds at Sat Nov 09 06:16:10 UTC 2019
4 ms. Memory: 48128K Free: 28257K (59%)
ptolemy.util.test.WatchDog.cancel(): canceling Sat Nov 09 06:16:10 UTC 2019
auto.tcl: Setting watchdog for 200 seconds at Sat Nov 09 06:16:10 UTC 2019
4 ms. Memory: 48128K Free: 27043K (56%)
ptolemy.util.test.WatchDog.cancel(): canceling Sat Nov 09 06:16:10 UTC 2019
------------------ testing $PTII/ptolemy/domains/de/test/auto/QueueAndServer.xml
auto.tcl: Setting watchdog for 200 seconds at Sat Nov 09 06:16:10 UTC 2019
7 ms. Memory: 48128K Free: 26969K (56%)
ptolemy.util.test.WatchDog.cancel(): canceling Sat Nov 09 06:16:10 UTC 2019
auto.tcl: Setting watchdog for 200 seconds at Sat Nov 09 06:16:10 UTC 2019
7 ms. Memory: 48128K Free: 25523K (53%)
ptolemy.util.test.WatchDog.cancel(): canceling Sat Nov 09 06:16:10 UTC 2019
------------------ testing $PTII/ptolemy/domains/de/test/auto/Records.xml
auto.tcl: Setting watchdog for 200 seconds at Sat Nov 09 06:16:10 UTC 2019
5 ms. Memory: 48128K Free: 29224K (61%)
ptolemy.util.test.WatchDog.cancel(): canceling Sat Nov 09 06:16:10 UTC 2019
auto.tcl: Setting watchdog for 200 seconds at Sat Nov 09 06:16:10 UTC 2019
2 ms. Memory: 48128K Free: 28746K (60%)
ptolemy.util.test.WatchDog.cancel(): canceling Sat Nov 09 06:16:10 UTC 2019
------------------ testing $PTII/ptolemy/domains/de/test/auto/ResetTransitionWithStartTime1.xml
auto.tcl: Setting watchdog for 200 seconds at Sat Nov 09 06:16:10 UTC 2019
6 ms. Memory: 48128K Free: 26451K (55%)
ptolemy.util.test.WatchDog.cancel(): canceling Sat Nov 09 06:16:10 UTC 2019
auto.tcl: Setting watchdog for 200 seconds at Sat Nov 09 06:16:10 UTC 2019
6 ms. Memory: 48128K Free: 24403K (51%)
ptolemy.util.test.WatchDog.cancel(): canceling Sat Nov 09 06:16:10 UTC 2019
------------------ testing $PTII/ptolemy/domains/de/test/auto/ResetTransitionWithStartTime2.xml
auto.tcl: Setting watchdog for 200 seconds at Sat Nov 09 06:16:10 UTC 2019
5 ms. Memory: 48128K Free: 26407K (55%)
ptolemy.util.test.WatchDog.cancel(): canceling Sat Nov 09 06:16:11 UTC 2019
auto.tcl: Setting watchdog for 200 seconds at Sat Nov 09 06:16:11 UTC 2019
6 ms. Memory: 48128K Free: 23880K (50%)
ptolemy.util.test.WatchDog.cancel(): canceling Sat Nov 09 06:16:11 UTC 2019
------------------ testing $PTII/ptolemy/domains/de/test/auto/ResetTransitionWithStartTime3.xml
auto.tcl: Setting watchdog for 200 seconds at Sat Nov 09 06:16:11 UTC 2019
5 ms. Memory: 48128K Free: 26404K (55%)
ptolemy.util.test.WatchDog.cancel(): canceling Sat Nov 09 06:16:11 UTC 2019
auto.tcl: Setting watchdog for 200 seconds at Sat Nov 09 06:16:11 UTC 2019
7 ms. Memory: 48128K Free: 24356K (51%)
ptolemy.util.test.WatchDog.cancel(): canceling Sat Nov 09 06:16:11 UTC 2019
------------------ testing $PTII/ptolemy/domains/de/test/auto/ResetTransitionWithStartTime4.xml
auto.tcl: Setting watchdog for 200 seconds at Sat Nov 09 06:16:11 UTC 2019
10 ms. Memory: 48128K Free: 26894K (56%)
ptolemy.util.test.WatchDog.cancel(): canceling Sat Nov 09 06:16:11 UTC 2019
auto.tcl: Setting watchdog for 200 seconds at Sat Nov 09 06:16:11 UTC 2019
5 ms. Memory: 48128K Free: 25416K (53%)
ptolemy.util.test.WatchDog.cancel(): canceling Sat Nov 09 06:16:11 UTC 2019
------------------ testing $PTII/ptolemy/domains/de/test/auto/ResettableTimer1.xml
auto.tcl: Setting watchdog for 200 seconds at Sat Nov 09 06:16:11 UTC 2019
2 ms. Memory: 48128K Free: 30641K (64%)
ptolemy.util.test.WatchDog.cancel(): canceling Sat Nov 09 06:16:11 UTC 2019
auto.tcl: Setting watchdog for 200 seconds at Sat Nov 09 06:16:11 UTC 2019
2 ms. Memory: 48128K Free: 29988K (62%)
ptolemy.util.test.WatchDog.cancel(): canceling Sat Nov 09 06:16:11 UTC 2019
------------------ testing $PTII/ptolemy/domains/de/test/auto/ResettableTimer2.xml
auto.tcl: Setting watchdog for 200 seconds at Sat Nov 09 06:16:11 UTC 2019
2 ms. Memory: 48128K Free: 30667K (64%)
ptolemy.util.test.WatchDog.cancel(): canceling Sat Nov 09 06:16:11 UTC 2019
auto.tcl: Setting watchdog for 200 seconds at Sat Nov 09 06:16:11 UTC 2019
2 ms. Memory: 48128K Free: 29582K (61%)
ptolemy.util.test.WatchDog.cancel(): canceling Sat Nov 09 06:16:11 UTC 2019
------------------ testing $PTII/ptolemy/domains/de/test/auto/ResettableTimer3.xml
auto.tcl: Setting watchdog for 200 seconds at Sat Nov 09 06:16:11 UTC 2019
1 ms. Memory: 48128K Free: 30585K (64%)
ptolemy.util.test.WatchDog.cancel(): canceling Sat Nov 09 06:16:11 UTC 2019
auto.tcl: Setting watchdog for 200 seconds at Sat Nov 09 06:16:11 UTC 2019
1 ms. Memory: 48128K Free: 30537K (63%)
ptolemy.util.test.WatchDog.cancel(): canceling Sat Nov 09 06:16:11 UTC 2019
------------------ testing $PTII/ptolemy/domains/de/test/auto/ResettableTimer4.xml
auto.tcl: Setting watchdog for 200 seconds at Sat Nov 09 06:16:11 UTC 2019
1 ms. Memory: 48128K Free: 30599K (64%)
ptolemy.util.test.WatchDog.cancel(): canceling Sat Nov 09 06:16:11 UTC 2019
auto.tcl: Setting watchdog for 200 seconds at Sat Nov 09 06:16:11 UTC 2019
1 ms. Memory: 48128K Free: 30086K (63%)
ptolemy.util.test.WatchDog.cancel(): canceling Sat Nov 09 06:16:11 UTC 2019
------------------ testing $PTII/ptolemy/domains/de/test/auto/ResettableTimer5.xml
auto.tcl: Setting watchdog for 200 seconds at Sat Nov 09 06:16:11 UTC 2019
1 ms. Memory: 48128K Free: 30029K (62%)
ptolemy.util.test.WatchDog.cancel(): canceling Sat Nov 09 06:16:11 UTC 2019
auto.tcl: Setting watchdog for 200 seconds at Sat Nov 09 06:16:11 UTC 2019
2 ms. Memory: 48128K Free: 29567K (61%)
ptolemy.util.test.WatchDog.cancel(): canceling Sat Nov 09 06:16:11 UTC 2019
------------------ testing $PTII/ptolemy/domains/de/test/auto/ResettableTimer6.xml
auto.tcl: Setting watchdog for 200 seconds at Sat Nov 09 06:16:11 UTC 2019
2 ms. Memory: 48128K Free: 30025K (62%)
ptolemy.util.test.WatchDog.cancel(): canceling Sat Nov 09 06:16:11 UTC 2019
auto.tcl: Setting watchdog for 200 seconds at Sat Nov 09 06:16:11 UTC 2019
2 ms. Memory: 48128K Free: 29531K (61%)
ptolemy.util.test.WatchDog.cancel(): canceling Sat Nov 09 06:16:11 UTC 2019
------------------ testing $PTII/ptolemy/domains/de/test/auto/ServerZeroDelay.xml
auto.tcl: Setting watchdog for 200 seconds at Sat Nov 09 06:16:11 UTC 2019
4 ms. Memory: 48128K Free: 30531K (63%)
ptolemy.util.test.WatchDog.cancel(): canceling Sat Nov 09 06:16:11 UTC 2019
auto.tcl: Setting watchdog for 200 seconds at Sat Nov 09 06:16:11 UTC 2019
2 ms. Memory: 48128K Free: 29556K (61%)
ptolemy.util.test.WatchDog.cancel(): canceling Sat Nov 09 06:16:11 UTC 2019
------------------ testing $PTII/ptolemy/domains/de/test/auto/SmartSender.xml
auto.tcl: Setting watchdog for 200 seconds at Sat Nov 09 06:16:11 UTC 2019
3001 ms. Memory: 48128K Free: 30558K (63%)
ptolemy.util.test.WatchDog.cancel(): canceling Sat Nov 09 06:16:14 UTC 2019
auto.tcl: Setting watchdog for 200 seconds at Sat Nov 09 06:16:14 UTC 2019
3003 ms. Memory: 48128K Free: 30038K (62%)
ptolemy.util.test.WatchDog.cancel(): canceling Sat Nov 09 06:16:17 UTC 2019
------------------ testing $PTII/ptolemy/domains/de/test/auto/ThreadedComposite.xml
auto.tcl: Setting watchdog for 200 seconds at Sat Nov 09 06:16:17 UTC 2019
191 ms. Memory: 48128K Free: 11082K (23%)
ptolemy.util.test.WatchDog.cancel(): canceling Sat Nov 09 06:16:17 UTC 2019
auto.tcl: Setting watchdog for 200 seconds at Sat Nov 09 06:16:17 UTC 2019
152 ms. Memory: 48128K Free: 23419K (49%)
ptolemy.util.test.WatchDog.cancel(): canceling Sat Nov 09 06:16:18 UTC 2019
------------------ testing $PTII/ptolemy/domains/de/test/auto/Time.xml
auto.tcl: Setting watchdog for 200 seconds at Sat Nov 09 06:16:18 UTC 2019
531 ms. Memory: 48128K Free: 26014K (54%)
ptolemy.util.test.WatchDog.cancel(): canceling Sat Nov 09 06:16:18 UTC 2019
auto.tcl: Setting watchdog for 200 seconds at Sat Nov 09 06:16:18 UTC 2019
495 ms. Memory: 48128K Free: 22161K (46%)
ptolemy.util.test.WatchDog.cancel(): canceling Sat Nov 09 06:16:19 UTC 2019
------------------ testing $PTII/ptolemy/domains/de/test/auto/TimeDelayZeroDelay.xml
auto.tcl: Setting watchdog for 200 seconds at Sat Nov 09 06:16:19 UTC 2019
2 ms. Memory: 48128K Free: 30959K (64%)
ptolemy.util.test.WatchDog.cancel(): canceling Sat Nov 09 06:16:19 UTC 2019
auto.tcl: Setting watchdog for 200 seconds at Sat Nov 09 06:16:19 UTC 2019
2 ms. Memory: 48128K Free: 30449K (63%)
ptolemy.util.test.WatchDog.cancel(): canceling Sat Nov 09 06:16:19 UTC 2019
------------------ testing $PTII/ptolemy/domains/de/test/auto/TimerZeroDelay.xml
auto.tcl: Setting watchdog for 200 seconds at Sat Nov 09 06:16:19 UTC 2019
4 ms. Memory: 48128K Free: 30903K (64%)
ptolemy.util.test.WatchDog.cancel(): canceling Sat Nov 09 06:16:19 UTC 2019
auto.tcl: Setting watchdog for 200 seconds at Sat Nov 09 06:16:19 UTC 2019
2 ms. Memory: 48128K Free: 30079K (62%)
ptolemy.util.test.WatchDog.cancel(): canceling Sat Nov 09 06:16:19 UTC 2019
------------------ testing $PTII/ptolemy/domains/de/test/auto/TimingParadox.xml
auto.tcl: Setting watchdog for 200 seconds at Sat Nov 09 06:16:19 UTC 2019
362 ms. Memory: 48128K Free: 11909K (25%)
ptolemy.util.test.WatchDog.cancel(): canceling Sat Nov 09 06:16:19 UTC 2019
auto.tcl: Setting watchdog for 200 seconds at Sat Nov 09 06:16:19 UTC 2019
374 ms. Memory: 60416K Free: 35063K (58%)
ptolemy.util.test.WatchDog.cancel(): canceling Sat Nov 09 06:16:20 UTC 2019
------------------ testing $PTII/ptolemy/domains/de/test/auto/TransferInputs.xml
auto.tcl: Setting watchdog for 200 seconds at Sat Nov 09 06:16:20 UTC 2019
1 ms. Memory: 51200K Free: 32031K (63%)
ptolemy.util.test.WatchDog.cancel(): canceling Sat Nov 09 06:16:20 UTC 2019
auto.tcl: Setting watchdog for 200 seconds at Sat Nov 09 06:16:20 UTC 2019
1 ms. Memory: 51200K Free: 31140K (61%)
ptolemy.util.test.WatchDog.cancel(): canceling Sat Nov 09 06:16:20 UTC 2019
------------------ testing $PTII/ptolemy/domains/de/test/auto/TransferOutputs2.xml
auto.tcl: Setting watchdog for 200 seconds at Sat Nov 09 06:16:20 UTC 2019
3 ms. Memory: 48128K Free: 26402K (55%)
ptolemy.util.test.WatchDog.cancel(): canceling Sat Nov 09 06:16:20 UTC 2019
auto.tcl: Setting watchdog for 200 seconds at Sat Nov 09 06:16:20 UTC 2019
3 ms. Memory: 48128K Free: 25001K (52%)
ptolemy.util.test.WatchDog.cancel(): canceling Sat Nov 09 06:16:20 UTC 2019
------------------ testing $PTII/ptolemy/domains/de/test/auto/Trilateration.xml
auto.tcl: Setting watchdog for 200 seconds at Sat Nov 09 06:16:20 UTC 2019
15911 ms. Memory: 344064K Free: 205168K (60%)
ptolemy.util.test.WatchDog.cancel(): canceling Sat Nov 09 06:16:37 UTC 2019
auto.tcl: Setting watchdog for 200 seconds at Sat Nov 09 06:16:37 UTC 2019
10917 ms. Memory: 344064K Free: 214722K (62%)
ptolemy.util.test.WatchDog.cancel(): canceling Sat Nov 09 06:16:48 UTC 2019
------------------ testing $PTII/ptolemy/domains/de/test/auto/TwoSigmaDelta.xml
auto.tcl: Setting watchdog for 200 seconds at Sat Nov 09 06:16:48 UTC 2019
2789 ms. Memory: 86016K Free: 55782K (65%)
ptolemy.util.test.WatchDog.cancel(): canceling Sat Nov 09 06:16:51 UTC 2019
auto.tcl: Setting watchdog for 200 seconds at Sat Nov 09 06:16:51 UTC 2019
2240 ms. Memory: 86016K Free: 39439K (46%)
ptolemy.util.test.WatchDog.cancel(): canceling Sat Nov 09 06:16:53 UTC 2019
------------------ testing $PTII/ptolemy/domains/de/test/auto/VariableDelay.xml
auto.tcl: Setting watchdog for 200 seconds at Sat Nov 09 06:16:53 UTC 2019
3 ms. Memory: 51200K Free: 32519K (64%)
ptolemy.util.test.WatchDog.cancel(): canceling Sat Nov 09 06:16:53 UTC 2019
auto.tcl: Setting watchdog for 200 seconds at Sat Nov 09 06:16:53 UTC 2019
2 ms. Memory: 51200K Free: 31479K (61%)
ptolemy.util.test.WatchDog.cancel(): canceling Sat Nov 09 06:16:53 UTC 2019
------------------ testing $PTII/ptolemy/domains/de/test/auto/VariableDelay2.xml
auto.tcl: Setting watchdog for 200 seconds at Sat Nov 09 06:16:53 UTC 2019
3 ms. Memory: 51200K Free: 32924K (64%)
ptolemy.util.test.WatchDog.cancel(): canceling Sat Nov 09 06:16:53 UTC 2019
auto.tcl: Setting watchdog for 200 seconds at Sat Nov 09 06:16:53 UTC 2019
2 ms. Memory: 51200K Free: 32420K (63%)
ptolemy.util.test.WatchDog.cancel(): canceling Sat Nov 09 06:16:53 UTC 2019
------------------ testing $PTII/ptolemy/domains/de/test/auto/VariableDelayZeroDelay.xml
auto.tcl: Setting watchdog for 200 seconds at Sat Nov 09 06:16:53 UTC 2019
2 ms. Memory: 51200K Free: 33443K (65%)
ptolemy.util.test.WatchDog.cancel(): canceling Sat Nov 09 06:16:53 UTC 2019
auto.tcl: Setting watchdog for 200 seconds at Sat Nov 09 06:16:53 UTC 2019
3 ms. Memory: 51200K Free: 32929K (64%)
ptolemy.util.test.WatchDog.cancel(): canceling Sat Nov 09 06:16:53 UTC 2019
------------------ testing $PTII/ptolemy/domains/de/test/auto/VariableDelayZeroDelay2.xml
auto.tcl: Setting watchdog for 200 seconds at Sat Nov 09 06:16:53 UTC 2019
3 ms. Memory: 51200K Free: 33443K (65%)
ptolemy.util.test.WatchDog.cancel(): canceling Sat Nov 09 06:16:53 UTC 2019
auto.tcl: Setting watchdog for 200 seconds at Sat Nov 09 06:16:53 UTC 2019
4 ms. Memory: 51200K Free: 32419K (63%)
ptolemy.util.test.WatchDog.cancel(): canceling Sat Nov 09 06:16:53 UTC 2019
------------------ testing $PTII/ptolemy/domains/de/test/auto/deInCt.xml
auto.tcl: Setting watchdog for 200 seconds at Sat Nov 09 06:16:54 UTC 2019
0
1
1
0
0
0
0
1
1
1
0
0
0
1
1
1
1
0
0
0
1
1
1
0
0
0
1
1
0
0
0
1
1
1
0
0
0
0
1
1
1
0
0
0
1
1
1
1
16 ms. Memory: 48128K Free: 29344K (61%)
ptolemy.util.test.WatchDog.cancel(): canceling Sat Nov 09 06:16:54 UTC 2019
auto.tcl: Setting watchdog for 200 seconds at Sat Nov 09 06:16:54 UTC 2019
0
1
1
1
0
0
0
0
0
1
1
1
0
0
0
0
1
1
0
0
0
1
1
1
0
0
0
1
1
1
0
0
0
1
1
0
0
0
1
1
1
0
0
0
10 ms. Memory: 48128K Free: 27807K (58%)
ptolemy.util.test.WatchDog.cancel(): canceling Sat Nov 09 06:16:54 UTC 2019
------------------ testing $PTII/ptolemy/domains/de/test/auto/deInCt2.xml
auto.tcl: Setting watchdog for 200 seconds at Sat Nov 09 06:16:54 UTC 2019
0
1
1
1
0
0
1
1
1
0
0
1
1
1
0
0
1
1
1
0
0
1
1
1
0
0
1
1
1
0
0
1
1
1
0
0
1
1
1
0
0
0
8 ms. Memory: 48128K Free: 29346K (61%)
ptolemy.util.test.WatchDog.cancel(): canceling Sat Nov 09 06:16:54 UTC 2019
auto.tcl: Setting watchdog for 200 seconds at Sat Nov 09 06:16:54 UTC 2019
0
1
1
1
0
0
1
1
1
0
0
1
1
1
0
0
1
1
1
0
0
1
1
1
0
0
1
1
1
0
0
1
1
1
0
0
1
1
1
0
0
0
6 ms. Memory: 48128K Free: 27809K (58%)
ptolemy.util.test.WatchDog.cancel(): canceling Sat Nov 09 06:16:54 UTC 2019
------------------ testing $PTII/ptolemy/domains/de/test/auto/dynamicCausalityInterface1.xml
auto.tcl: Setting watchdog for 200 seconds at Sat Nov 09 06:16:54 UTC 2019
1 ms. Memory: 48128K Free: 25244K (52%)
ptolemy.util.test.WatchDog.cancel(): canceling Sat Nov 09 06:16:54 UTC 2019
auto.tcl: Setting watchdog for 200 seconds at Sat Nov 09 06:16:54 UTC 2019
1 ms. Memory: 48128K Free: 24750K (51%)
ptolemy.util.test.WatchDog.cancel(): canceling Sat Nov 09 06:16:54 UTC 2019
------------------ testing $PTII/ptolemy/domains/de/test/auto/fsm_de_test.xml
auto.tcl: Setting watchdog for 200 seconds at Sat Nov 09 06:16:54 UTC 2019
7 ms. Memory: 48128K Free: 25143K (52%)
ptolemy.util.test.WatchDog.cancel(): canceling Sat Nov 09 06:16:54 UTC 2019
auto.tcl: Setting watchdog for 200 seconds at Sat Nov 09 06:16:54 UTC 2019
6 ms. Memory: 48128K Free: 23095K (48%)
ptolemy.util.test.WatchDog.cancel(): canceling Sat Nov 09 06:16:54 UTC 2019
------------------ testing $PTII/ptolemy/domains/de/test/auto/functionDependencyReconstruction.xml
auto.tcl: Setting watchdog for 200 seconds at Sat Nov 09 06:16:54 UTC 2019
3 ms. Memory: 48128K Free: 18988K (39%)
ptolemy.util.test.WatchDog.cancel(): canceling Sat Nov 09 06:16:54 UTC 2019
auto.tcl: Setting watchdog for 200 seconds at Sat Nov 09 06:16:54 UTC 2019
3 ms. Memory: 48128K Free: 16940K (35%)
ptolemy.util.test.WatchDog.cancel(): canceling Sat Nov 09 06:16:54 UTC 2019
------------------ testing $PTII/ptolemy/domains/de/test/auto/multirate.xml
auto.tcl: Setting watchdog for 200 seconds at Sat Nov 09 06:16:54 UTC 2019
8 ms. Memory: 48128K Free: 27841K (58%)
ptolemy.util.test.WatchDog.cancel(): canceling Sat Nov 09 06:16:54 UTC 2019
auto.tcl: Setting watchdog for 200 seconds at Sat Nov 09 06:16:54 UTC 2019
3 ms. Memory: 48128K Free: 26567K (55%)
ptolemy.util.test.WatchDog.cancel(): canceling Sat Nov 09 06:16:54 UTC 2019
------------------ testing $PTII/ptolemy/domains/de/test/auto/multirate2.xml
auto.tcl: Setting watchdog for 200 seconds at Sat Nov 09 06:16:54 UTC 2019
4 ms. Memory: 48128K Free: 27757K (58%)
ptolemy.util.test.WatchDog.cancel(): canceling Sat Nov 09 06:16:54 UTC 2019
auto.tcl: Setting watchdog for 200 seconds at Sat Nov 09 06:16:54 UTC 2019
3 ms. Memory: 48128K Free: 26283K (55%)
ptolemy.util.test.WatchDog.cancel(): canceling Sat Nov 09 06:16:54 UTC 2019
------------------ testing $PTII/ptolemy/domains/de/test/auto/realtime.xml
auto.tcl: Setting watchdog for 200 seconds at Sat Nov 09 06:16:54 UTC 2019
10001 ms. Memory: 48128K Free: 30068K (62%)
ptolemy.util.test.WatchDog.cancel(): canceling Sat Nov 09 06:17:04 UTC 2019
auto.tcl: Setting watchdog for 200 seconds at Sat Nov 09 06:17:04 UTC 2019
10002 ms. Memory: 48128K Free: 29322K (61%)
ptolemy.util.test.WatchDog.cancel(): canceling Sat Nov 09 06:17:14 UTC 2019
------------------ testing $PTII/ptolemy/domains/de/test/auto/relationGroup.xml
auto.tcl: Setting watchdog for 200 seconds at Sat Nov 09 06:17:14 UTC 2019
2 ms. Memory: 48128K Free: 31128K (65%)
ptolemy.util.test.WatchDog.cancel(): canceling Sat Nov 09 06:17:14 UTC 2019
auto.tcl: Setting watchdog for 200 seconds at Sat Nov 09 06:17:14 UTC 2019
2 ms. Memory: 48128K Free: 30634K (64%)
ptolemy.util.test.WatchDog.cancel(): canceling Sat Nov 09 06:17:14 UTC 2019
------------------ testing $PTII/ptolemy/domains/de/test/auto/relationGroup2.xml
auto.tcl: Setting watchdog for 200 seconds at Sat Nov 09 06:17:14 UTC 2019
1 ms. Memory: 48128K Free: 30901K (64%)
ptolemy.util.test.WatchDog.cancel(): canceling Sat Nov 09 06:17:14 UTC 2019
auto.tcl: Setting watchdog for 200 seconds at Sat Nov 09 06:17:14 UTC 2019
1 ms. Memory: 48128K Free: 30400K (63%)
ptolemy.util.test.WatchDog.cancel(): canceling Sat Nov 09 06:17:14 UTC 2019
------------------ testing $PTII/ptolemy/domains/de/test/auto/sortWithOpaquePorts.xml
auto.tcl: Setting watchdog for 200 seconds at Sat Nov 09 06:17:14 UTC 2019
1 ms. Memory: 48128K Free: 30398K (63%)
ptolemy.util.test.WatchDog.cancel(): canceling Sat Nov 09 06:17:14 UTC 2019
auto.tcl: Setting watchdog for 200 seconds at Sat Nov 09 06:17:14 UTC 2019
2 ms. Memory: 48128K Free: 28894K (60%)
ptolemy.util.test.WatchDog.cancel(): canceling Sat Nov 09 06:17:14 UTC 2019
------------------ testing $PTII/ptolemy/domains/de/test/auto/transferInputsandOutputs.xml
auto.tcl: Setting watchdog for 200 seconds at Sat Nov 09 06:17:14 UTC 2019
2 ms. Memory: 48128K Free: 27314K (57%)
ptolemy.util.test.WatchDog.cancel(): canceling Sat Nov 09 06:17:14 UTC 2019
auto.tcl: Setting watchdog for 200 seconds at Sat Nov 09 06:17:14 UTC 2019
3 ms. Memory: 48128K Free: 26332K (55%)
ptolemy.util.test.WatchDog.cancel(): canceling Sat Nov 09 06:17:15 UTC 2019
------------------ testing $PTII/ptolemy/domains/de/test/auto/triggerType.xml
auto.tcl: Setting watchdog for 200 seconds at Sat Nov 09 06:17:15 UTC 2019
1 ms. Memory: 48128K Free: 30339K (63%)
ptolemy.util.test.WatchDog.cancel(): canceling Sat Nov 09 06:17:15 UTC 2019
auto.tcl: Setting watchdog for 200 seconds at Sat Nov 09 06:17:15 UTC 2019
2 ms. Memory: 48128K Free: 29381K (61%)
ptolemy.util.test.WatchDog.cancel(): canceling Sat Nov 09 06:17:15 UTC 2019
11/09/19 06:17:15
Failed: 0  Total Tests: 192  ((Passed: 187, Newly Passed: 1)  Known Failed: 5) /home/travis/build/icyphy/ptII/ptolemy/domains/de/test
11/09/19 06:17:15
Failed: 0  Total Tests: 192  ((Passed: 187, Newly Passed: 1)  Known Failed: 5) /home/travis/build/icyphy/ptII/ptolemy/domains/de/test
----------------- testing (KnownFailure) /home/travis/build/icyphy/ptII/ptolemy/domains/de/test/auto/knownFailedTests/DESDFClockTest.xml
2017 ms. Memory: 48128K Free: 23734K (49%)
Known Failure: java.lang.reflect.InvocationTargetException
----------------- testing (KnownFailure) /home/travis/build/icyphy/ptII/ptolemy/domains/de/test/auto/knownFailedTests/DirectFeedback.xml
2 ms. Memory: 48128K Free: 19638K (41%)
Known Failure: java.lang.reflect.InvocationTargetException
----------------- testing (KnownFailure) /home/travis/build/icyphy/ptII/ptolemy/domains/de/test/auto/knownFailedTests/FSMSource.xml
17 ms. Memory: 48128K Free: 11960K (25%)
----------------- testing (KnownFailure) /home/travis/build/icyphy/ptII/ptolemy/domains/de/test/auto/knownFailedTests/HierarchicalModel.xml
2 ms. Memory: 48128K Free: 22116K (46%)
Known Failure: java.lang.reflect.InvocationTargetException
----------------- testing (KnownFailure) /home/travis/build/icyphy/ptII/ptolemy/domains/de/test/auto/knownFailedTests/dependencyLoop.xml
9 ms. Memory: 48128K Free: 32081K (67%)
Known Failure: java.lang.reflect.InvocationTargetException
----------------- testing (KnownFailure) /home/travis/build/icyphy/ptII/ptolemy/domains/de/test/auto/knownFailedTests/dependencyLoop2.xml
3 ms. Memory: 48128K Free: 16887K (35%)
Known Failure: java.lang.reflect.InvocationTargetException
No auto/linux-amd64/*.xml tests in /home/travis/build/icyphy/ptII/ptolemy/domains/de/test
AutoTests.java: About to close Vertx.
AutoTests.java: Vertx closed.

===========================================================================================
----------------- testing Sat Nov 09 06:17:17 UTC 2019 /home/travis/build/icyphy/ptII/ptolemy/domains/de/test/auto/ActorDepthCalculation_actorWithoutPorts.xml
----------------- Instantiating /home/travis/build/icyphy/ptII/ptolemy/domains/de/test/auto/ActorDepthCalculation_actorWithoutPorts.xml
5 ms. Memory: 48128K Free: 10319K (21%)
----------------- Invoking toplevel() on ptolemy.moml.MoMLSimpleApplication@4b32b12b
----------------- Done invoking toplevel() on ptolemy.moml.MoMLSimpleApplication@4b32b12b
reloadAllAccessors: .ActorDepthCalculation_actorWithoutPorts

===========================================================================================
----------------- testing Sat Nov 09 06:17:17 UTC 2019 /home/travis/build/icyphy/ptII/ptolemy/domains/de/test/auto/AssemblyLine.xml
----------------- Instantiating /home/travis/build/icyphy/ptII/ptolemy/domains/de/test/auto/AssemblyLine.xml
4 ms. Memory: 48128K Free: 28695K (60%)
----------------- Invoking toplevel() on ptolemy.moml.MoMLSimpleApplication@5f34300d
----------------- Done invoking toplevel() on ptolemy.moml.MoMLSimpleApplication@5f34300d
reloadAllAccessors: .AssemblyLine

===========================================================================================
----------------- testing Sat Nov 09 06:17:17 UTC 2019 /home/travis/build/icyphy/ptII/ptolemy/domains/de/test/auto/CQBug1.xml
----------------- Instantiating /home/travis/build/icyphy/ptII/ptolemy/domains/de/test/auto/CQBug1.xml
2 ms. Memory: 48128K Free: 25881K (54%)
----------------- Invoking toplevel() on ptolemy.moml.MoMLSimpleApplication@2156eea4
----------------- Done invoking toplevel() on ptolemy.moml.MoMLSimpleApplication@2156eea4
reloadAllAccessors: .CQBug1

===========================================================================================
----------------- testing Sat Nov 09 06:17:17 UTC 2019 /home/travis/build/icyphy/ptII/ptolemy/domains/de/test/auto/CancelFireAt.xml
----------------- Instantiating /home/travis/build/icyphy/ptII/ptolemy/domains/de/test/auto/CancelFireAt.xml
7 ms. Memory: 48128K Free: 23527K (49%)
----------------- Invoking toplevel() on ptolemy.moml.MoMLSimpleApplication@38021bd0
----------------- Done invoking toplevel() on ptolemy.moml.MoMLSimpleApplication@38021bd0
reloadAllAccessors: .CancelFireAt

===========================================================================================
----------------- testing Sat Nov 09 06:17:17 UTC 2019 /home/travis/build/icyphy/ptII/ptolemy/domains/de/test/auto/CausalityAndComposabilityAnalysis.xml
----------------- Instantiating /home/travis/build/icyphy/ptII/ptolemy/domains/de/test/auto/CausalityAndComposabilityAnalysis.xml
4 ms. Memory: 48128K Free: 19153K (40%)
----------------- Invoking toplevel() on ptolemy.moml.MoMLSimpleApplication@6e12f5b8
----------------- Done invoking toplevel() on ptolemy.moml.MoMLSimpleApplication@6e12f5b8
reloadAllAccessors: .CausalityAndComposabilityAnalysis

===========================================================================================
----------------- testing Sat Nov 09 06:17:17 UTC 2019 /home/travis/build/icyphy/ptII/ptolemy/domains/de/test/auto/CausalityInterface1.xml
----------------- Instantiating /home/travis/build/icyphy/ptII/ptolemy/domains/de/test/auto/CausalityInterface1.xml
5 ms. Memory: 48128K Free: 14089K (29%)
----------------- Invoking toplevel() on ptolemy.moml.MoMLSimpleApplication@3dd9977e
----------------- Done invoking toplevel() on ptolemy.moml.MoMLSimpleApplication@3dd9977e
reloadAllAccessors: .CausalityInterface1

===========================================================================================
----------------- testing Sat Nov 09 06:17:17 UTC 2019 /home/travis/build/icyphy/ptII/ptolemy/domains/de/test/auto/CausalityInterface15.xml
----------------- Instantiating /home/travis/build/icyphy/ptII/ptolemy/domains/de/test/auto/CausalityInterface15.xml
1 ms. Memory: 48128K Free: 8671K (18%)
----------------- Invoking toplevel() on ptolemy.moml.MoMLSimpleApplication@fbe660b
----------------- Done invoking toplevel() on ptolemy.moml.MoMLSimpleApplication@fbe660b
reloadAllAccessors: .CausalityInterface15

===========================================================================================
----------------- testing Sat Nov 09 06:17:17 UTC 2019 /home/travis/build/icyphy/ptII/ptolemy/domains/de/test/auto/CausalityInterface2.xml
----------------- Instantiating /home/travis/build/icyphy/ptII/ptolemy/domains/de/test/auto/CausalityInterface2.xml
1 ms. Memory: 48128K Free: 29810K (62%)
[...]
	at ptolemy.actor.Manager.run(Manager.java:1263)
	at ptolemy.actor.Manager$PtolemyRunThread.run(Manager.java:1933)
java.lang.RuntimeException: Execution failed
	at ptolemy.moml.MoMLSimpleApplication$UnloadThread.run(MoMLSimpleApplication.java:402)
Caused by: ptolemy.kernel.util.IllegalActionException: Actor is not ready to fire.  Perhaps UpSample.prefire() returned false? Try debugging the actor by selecting "Listen to Actor".  Also, for SDF check moml for tokenConsumptionRate on input.
  in .DESDFClockTest.Play Bell.Copy1:SDF Director and .DESDFClockTest.Play Bell.UpSample
	at ptolemy.actor.sched.StaticSchedulingDirector.fire(StaticSchedulingDirector.java:227)
	at ptolemy.domains.sdf.kernel.SDFDirector.fire(SDFDirector.java:500)
	at ptolemy.actor.CompositeActor.fire(CompositeActor.java:455)
	at ptolemy.domains.de.kernel.DEDirector._fire(DEDirector.java:1949)
	at ptolemy.domains.de.kernel.DEDirector.fire(DEDirector.java:502)
	at ptolemy.actor.CompositeActor.fire(CompositeActor.java:455)
	at ptolemy.actor.Manager.iterate(Manager.java:851)
	at ptolemy.actor.Manager.execute(Manager.java:369)
	at ptolemy.actor.Manager.run(Manager.java:1263)
	at ptolemy.actor.Manager$PtolemyRunThread.run(Manager.java:1933)
java.lang.reflect.InvocationTargetException
	at java.base/jdk.internal.reflect.NativeConstructorAccessorImpl.newInstance0(Native Method)
	at java.base/jdk.internal.reflect.NativeConstructorAccessorImpl.newInstance(NativeConstructorAccessorImpl.java:62)
	at java.base/jdk.internal.reflect.DelegatingConstructorAccessorImpl.newInstance(DelegatingConstructorAccessorImpl.java:45)
	at java.base/java.lang.reflect.Constructor.newInstance(Constructor.java:490)
	at ptolemy.util.test.junit.AutoKnownFailedTests.RunModel(AutoKnownFailedTests.java:105)
	at java.base/jdk.internal.reflect.NativeMethodAccessorImpl.invoke0(Native Method)
	at java.base/jdk.internal.reflect.NativeMethodAccessorImpl.invoke(NativeMethodAccessorImpl.java:62)
	at java.base/jdk.internal.reflect.DelegatingMethodAccessorImpl.invoke(DelegatingMethodAccessorImpl.java:43)
	at java.base/java.lang.reflect.Method.invoke(Method.java:566)
	at org.junit.runners.model.FrameworkMethod$1.runReflectiveCall(FrameworkMethod.java:44)
	at org.junit.internal.runners.model.ReflectiveCallable.run(ReflectiveCallable.java:15)
	at org.junit.runners.model.FrameworkMethod.invokeExplosively(FrameworkMethod.java:41)
	at junitparams.internal.InvokeParameterisedMethod.evaluate(InvokeParameterisedMethod.java:102)
	at org.junit.internal.runners.statements.FailOnTimeout$1.run(FailOnTimeout.java:28)
Caused by: ptolemy.kernel.util.IllegalActionException: Actor is not ready to fire.  Perhaps UpSample.prefire() returned false? Try debugging the actor by selecting "Listen to Actor".  Also, for SDF check moml for tokenConsumptionRate on input.
  in .DESDFClockTest.Play Bell.Copy1:SDF Director and .DESDFClockTest.Play Bell.UpSample
	at ptolemy.actor.sched.StaticSchedulingDirector.fire(StaticSchedulingDirector.java:227)
	at ptolemy.domains.sdf.kernel.SDFDirector.fire(SDFDirector.java:500)
	at ptolemy.actor.CompositeActor.fire(CompositeActor.java:455)
	at ptolemy.domains.de.kernel.DEDirector._fire(DEDirector.java:1949)
	at ptolemy.domains.de.kernel.DEDirector.fire(DEDirector.java:502)
	at ptolemy.actor.CompositeActor.fire(CompositeActor.java:455)
	at ptolemy.actor.Manager.iterate(Manager.java:851)
	at ptolemy.actor.Manager.execute(Manager.java:369)
	at ptolemy.actor.Manager.run(Manager.java:1263)
	at ptolemy.actor.Manager$PtolemyRunThread.run(Manager.java:1933)
java.lang.RuntimeException: Execution failed
	at ptolemy.moml.MoMLSimpleApplication$UnloadThread.run(MoMLSimpleApplication.java:402)
Caused by: ptolemy.kernel.util.IllegalActionException: Test fails in iteration 1.
Value was: 1.0. Should have been: 2.0
  in .DirectFeedback.Test
	at ptolemy.actor.lib.Test.fire(Test.java:268)
	at ptolemy.domains.de.kernel.DEDirector._fire(DEDirector.java:1949)
	at ptolemy.domains.de.kernel.DEDirector.fire(DEDirector.java:502)
	at ptolemy.actor.CompositeActor.fire(CompositeActor.java:455)
	at ptolemy.actor.Manager.iterate(Manager.java:851)
	at ptolemy.actor.Manager.execute(Manager.java:369)
	at ptolemy.actor.Manager.run(Manager.java:1263)
	at ptolemy.actor.Manager$PtolemyRunThread.run(Manager.java:1933)
java.lang.reflect.InvocationTargetException
	at java.base/jdk.internal.reflect.NativeConstructorAccessorImpl.newInstance0(Native Method)
	at java.base/jdk.internal.reflect.NativeConstructorAccessorImpl.newInstance(NativeConstructorAccessorImpl.java:62)
	at java.base/jdk.internal.reflect.DelegatingConstructorAccessorImpl.newInstance(DelegatingConstructorAccessorImpl.java:45)
	at java.base/java.lang.reflect.Constructor.newInstance(Constructor.java:490)
	at ptolemy.util.test.junit.AutoKnownFailedTests.RunModel(AutoKnownFailedTests.java:105)
	at java.base/jdk.internal.reflect.NativeMethodAccessorImpl.invoke0(Native Method)
	at java.base/jdk.internal.reflect.NativeMethodAccessorImpl.invoke(NativeMethodAccessorImpl.java:62)
	at java.base/jdk.internal.reflect.DelegatingMethodAccessorImpl.invoke(DelegatingMethodAccessorImpl.java:43)
	at java.base/java.lang.reflect.Method.invoke(Method.java:566)
	at org.junit.runners.model.FrameworkMethod$1.runReflectiveCall(FrameworkMethod.java:44)
	at org.junit.internal.runners.model.ReflectiveCallable.run(ReflectiveCallable.java:15)
	at org.junit.runners.model.FrameworkMethod.invokeExplosively(FrameworkMethod.java:41)
	at junitparams.internal.InvokeParameterisedMethod.evaluate(InvokeParameterisedMethod.java:102)
	at org.junit.internal.runners.statements.FailOnTimeout$1.run(FailOnTimeout.java:28)
Caused by: ptolemy.kernel.util.IllegalActionException: Test fails in iteration 1.
Value was: 1.0. Should have been: 2.0
  in .DirectFeedback.Test
	at ptolemy.actor.lib.Test.fire(Test.java:268)
	at ptolemy.domains.de.kernel.DEDirector._fire(DEDirector.java:1949)
	at ptolemy.domains.de.kernel.DEDirector.fire(DEDirector.java:502)
	at ptolemy.actor.CompositeActor.fire(CompositeActor.java:455)
	at ptolemy.actor.Manager.iterate(Manager.java:851)
	at ptolemy.actor.Manager.execute(Manager.java:369)
	at ptolemy.actor.Manager.run(Manager.java:1263)
	at ptolemy.actor.Manager$PtolemyRunThread.run(Manager.java:1933)
java.lang.RuntimeException: Execution failed
	at ptolemy.moml.MoMLSimpleApplication$UnloadThread.run(MoMLSimpleApplication.java:402)
Caused by: ptolemy.kernel.util.IllegalActionException: Found a zero delay loop containing .HierarchicalModel.A
  in .HierarchicalModel and .HierarchicalModel.A
	at ptolemy.actor.util.CausalityInterfaceForComposites._computeOutputPortDepth(CausalityInterfaceForComposites.java:759)
	at ptolemy.actor.util.CausalityInterfaceForComposites._computeInputDepth(CausalityInterfaceForComposites.java:696)
	at ptolemy.actor.util.CausalityInterfaceForComposites._computeOutputPortDepth(CausalityInterfaceForComposites.java:765)
	at ptolemy.actor.util.CausalityInterfaceForComposites._computeInputDepth(CausalityInterfaceForComposites.java:696)
	at ptolemy.actor.util.CausalityInterfaceForComposites._computeOutputPortDepth(CausalityInterfaceForComposites.java:765)
	at ptolemy.actor.util.CausalityInterfaceForComposites._computeInputDepth(CausalityInterfaceForComposites.java:696)
	at ptolemy.actor.util.CausalityInterfaceForComposites._computeActorDepth(CausalityInterfaceForComposites.java:532)
	at ptolemy.actor.util.CausalityInterfaceForComposites.checkForCycles(CausalityInterfaceForComposites.java:96)
	at ptolemy.domains.de.kernel.DEDirector.preinitialize(DEDirector.java:1338)
	at ptolemy.actor.CompositeActor.preinitialize(CompositeActor.java:1828)
	at ptolemy.actor.Manager.preinitializeAndResolveTypes(Manager.java:1040)
	at ptolemy.actor.Manager.initialize(Manager.java:710)
	at ptolemy.actor.Manager.execute(Manager.java:356)
	at ptolemy.actor.Manager.run(Manager.java:1263)
	at ptolemy.actor.Manager$PtolemyRunThread.run(Manager.java:1933)
java.lang.reflect.InvocationTargetException
	at java.base/jdk.internal.reflect.NativeConstructorAccessorImpl.newInstance0(Native Method)
	at java.base/jdk.internal.reflect.NativeConstructorAccessorImpl.newInstance(NativeConstructorAccessorImpl.java:62)
	at java.base/jdk.internal.reflect.DelegatingConstructorAccessorImpl.newInstance(DelegatingConstructorAccessorImpl.java:45)
	at java.base/java.lang.reflect.Constructor.newInstance(Constructor.java:490)
	at ptolemy.util.test.junit.AutoKnownFailedTests.RunModel(AutoKnownFailedTests.java:105)
	at java.base/jdk.internal.reflect.NativeMethodAccessorImpl.invoke0(Native Method)
	at java.base/jdk.internal.reflect.NativeMethodAccessorImpl.invoke(NativeMethodAccessorImpl.java:62)
	at java.base/jdk.internal.reflect.DelegatingMethodAccessorImpl.invoke(DelegatingMethodAccessorImpl.java:43)
	at java.base/java.lang.reflect.Method.invoke(Method.java:566)
	at org.junit.runners.model.FrameworkMethod$1.runReflectiveCall(FrameworkMethod.java:44)
	at org.junit.internal.runners.model.ReflectiveCallable.run(ReflectiveCallable.java:15)
	at org.junit.runners.model.FrameworkMethod.invokeExplosively(FrameworkMethod.java:41)
	at junitparams.internal.InvokeParameterisedMethod.evaluate(InvokeParameterisedMethod.java:102)
	at org.junit.internal.runners.statements.FailOnTimeout$1.run(FailOnTimeout.java:28)
Caused by: ptolemy.kernel.util.IllegalActionException: Found a zero delay loop containing .HierarchicalModel.A
  in .HierarchicalModel and .HierarchicalModel.A
	at ptolemy.actor.util.CausalityInterfaceForComposites._computeOutputPortDepth(CausalityInterfaceForComposites.java:759)
	at ptolemy.actor.util.CausalityInterfaceForComposites._computeInputDepth(CausalityInterfaceForComposites.java:696)
	at ptolemy.actor.util.CausalityInterfaceForComposites._computeOutputPortDepth(CausalityInterfaceForComposites.java:765)
	at ptolemy.actor.util.CausalityInterfaceForComposites._computeInputDepth(CausalityInterfaceForComposites.java:696)
	at ptolemy.actor.util.CausalityInterfaceForComposites._computeOutputPortDepth(CausalityInterfaceForComposites.java:765)
	at ptolemy.actor.util.CausalityInterfaceForComposites._computeInputDepth(CausalityInterfaceForComposites.java:696)
	at ptolemy.actor.util.CausalityInterfaceForComposites._computeActorDepth(CausalityInterfaceForComposites.java:532)
	at ptolemy.actor.util.CausalityInterfaceForComposites.checkForCycles(CausalityInterfaceForComposites.java:96)
	at ptolemy.domains.de.kernel.DEDirector.preinitialize(DEDirector.java:1338)
	at ptolemy.actor.CompositeActor.preinitialize(CompositeActor.java:1828)
	at ptolemy.actor.Manager.preinitializeAndResolveTypes(Manager.java:1040)
	at ptolemy.actor.Manager.initialize(Manager.java:710)
	at ptolemy.actor.Manager.execute(Manager.java:356)
	at ptolemy.actor.Manager.run(Manager.java:1263)
	at ptolemy.actor.Manager$PtolemyRunThread.run(Manager.java:1933)
java.lang.RuntimeException: Execution failed
	at ptolemy.moml.MoMLSimpleApplication$UnloadThread.run(MoMLSimpleApplication.java:402)
Caused by: ptolemy.kernel.util.IllegalActionException: Found a zero delay loop containing .dependencyLoop.original
  in .dependencyLoop and .dependencyLoop.original
	at ptolemy.actor.util.CausalityInterfaceForComposites._computeOutputPortDepth(CausalityInterfaceForComposites.java:759)
	at ptolemy.actor.util.CausalityInterfaceForComposites._computeInputDepth(CausalityInterfaceForComposites.java:696)
	at ptolemy.actor.util.CausalityInterfaceForComposites._computeOutputPortDepth(CausalityInterfaceForComposites.java:765)
	at ptolemy.actor.util.CausalityInterfaceForComposites._computeInputDepth(CausalityInterfaceForComposites.java:696)
	at ptolemy.actor.util.CausalityInterfaceForComposites._computeOutputPortDepth(CausalityInterfaceForComposites.java:765)
	at ptolemy.actor.util.CausalityInterfaceForComposites._computeInputDepth(CausalityInterfaceForComposites.java:696)
	at ptolemy.actor.util.CausalityInterfaceForComposites._computeActorDepth(CausalityInterfaceForComposites.java:532)
	at ptolemy.actor.util.CausalityInterfaceForComposites.checkForCycles(CausalityInterfaceForComposites.java:96)
	at ptolemy.domains.de.kernel.DEDirector.preinitialize(DEDirector.java:1338)
	at ptolemy.actor.CompositeActor.preinitialize(CompositeActor.java:1828)
	at ptolemy.actor.Manager.preinitializeAndResolveTypes(Manager.java:1040)
	at ptolemy.actor.Manager.initialize(Manager.java:710)
	at ptolemy.actor.Manager.execute(Manager.java:356)
	at ptolemy.actor.Manager.run(Manager.java:1263)
	at ptolemy.actor.Manager$PtolemyRunThread.run(Manager.java:1933)
java.lang.reflect.InvocationTargetException
	at java.base/jdk.internal.reflect.NativeConstructorAccessorImpl.newInstance0(Native Method)
	at java.base/jdk.internal.reflect.NativeConstructorAccessorImpl.newInstance(NativeConstructorAccessorImpl.java:62)
	at java.base/jdk.internal.reflect.DelegatingConstructorAccessorImpl.newInstance(DelegatingConstructorAccessorImpl.java:45)
	at java.base/java.lang.reflect.Constructor.newInstance(Constructor.java:490)
	at ptolemy.util.test.junit.AutoKnownFailedTests.RunModel(AutoKnownFailedTests.java:105)
	at java.base/jdk.internal.reflect.NativeMethodAccessorImpl.invoke0(Native Method)
	at java.base/jdk.internal.reflect.NativeMethodAccessorImpl.invoke(NativeMethodAccessorImpl.java:62)
	at java.base/jdk.internal.reflect.DelegatingMethodAccessorImpl.invoke(DelegatingMethodAccessorImpl.java:43)
	at java.base/java.lang.reflect.Method.invoke(Method.java:566)
	at org.junit.runners.model.FrameworkMethod$1.runReflectiveCall(FrameworkMethod.java:44)
	at org.junit.internal.runners.model.ReflectiveCallable.run(ReflectiveCallable.java:15)
	at org.junit.runners.model.FrameworkMethod.invokeExplosively(FrameworkMethod.java:41)
	at junitparams.internal.InvokeParameterisedMethod.evaluate(InvokeParameterisedMethod.java:102)
	at org.junit.internal.runners.statements.FailOnTimeout$1.run(FailOnTimeout.java:28)
Caused by: ptolemy.kernel.util.IllegalActionException: Found a zero delay loop containing .dependencyLoop.original
  in .dependencyLoop and .dependencyLoop.original
	at ptolemy.actor.util.CausalityInterfaceForComposites._computeOutputPortDepth(CausalityInterfaceForComposites.java:759)
	at ptolemy.actor.util.CausalityInterfaceForComposites._computeInputDepth(CausalityInterfaceForComposites.java:696)
	at ptolemy.actor.util.CausalityInterfaceForComposites._computeOutputPortDepth(CausalityInterfaceForComposites.java:765)
	at ptolemy.actor.util.CausalityInterfaceForComposites._computeInputDepth(CausalityInterfaceForComposites.java:696)
	at ptolemy.actor.util.CausalityInterfaceForComposites._computeOutputPortDepth(CausalityInterfaceForComposites.java:765)
	at ptolemy.actor.util.CausalityInterfaceForComposites._computeInputDepth(CausalityInterfaceForComposites.java:696)
	at ptolemy.actor.util.CausalityInterfaceForComposites._computeActorDepth(CausalityInterfaceForComposites.java:532)
	at ptolemy.actor.util.CausalityInterfaceForComposites.checkForCycles(CausalityInterfaceForComposites.java:96)
	at ptolemy.domains.de.kernel.DEDirector.preinitialize(DEDirector.java:1338)
	at ptolemy.actor.CompositeActor.preinitialize(CompositeActor.java:1828)
	at ptolemy.actor.Manager.preinitializeAndResolveTypes(Manager.java:1040)
	at ptolemy.actor.Manager.initialize(Manager.java:710)
	at ptolemy.actor.Manager.execute(Manager.java:356)
	at ptolemy.actor.Manager.run(Manager.java:1263)
	at ptolemy.actor.Manager$PtolemyRunThread.run(Manager.java:1933)
java.lang.RuntimeException: Execution failed
	at ptolemy.moml.MoMLSimpleApplication$UnloadThread.run(MoMLSimpleApplication.java:402)
Caused by: ptolemy.kernel.util.IllegalActionException: Found a zero delay loop containing .dependencyLoop2.original
  in .dependencyLoop2 and .dependencyLoop2.original
	at ptolemy.actor.util.CausalityInterfaceForComposites._computeOutputPortDepth(CausalityInterfaceForComposites.java:759)
	at ptolemy.actor.util.CausalityInterfaceForComposites._computeInputDepth(CausalityInterfaceForComposites.java:696)
	at ptolemy.actor.util.CausalityInterfaceForComposites._computeOutputPortDepth(CausalityInterfaceForComposites.java:765)
	at ptolemy.actor.util.CausalityInterfaceForComposites._computeInputDepth(CausalityInterfaceForComposites.java:696)
	at ptolemy.actor.util.CausalityInterfaceForComposites._computeOutputPortDepth(CausalityInterfaceForComposites.java:765)
	at ptolemy.actor.util.CausalityInterfaceForComposites._computeInputDepth(CausalityInterfaceForComposites.java:696)
	at ptolemy.actor.util.CausalityInterfaceForComposites._computeActorDepth(CausalityInterfaceForComposites.java:532)
	at ptolemy.actor.util.CausalityInterfaceForComposites.checkForCycles(CausalityInterfaceForComposites.java:96)
	at ptolemy.domains.de.kernel.DEDirector.preinitialize(DEDirector.java:1338)
	at ptolemy.actor.CompositeActor.preinitialize(CompositeActor.java:1828)
	at ptolemy.actor.Manager.preinitializeAndResolveTypes(Manager.java:1040)
	at ptolemy.actor.Manager.initialize(Manager.java:710)
	at ptolemy.actor.Manager.execute(Manager.java:356)
	at ptolemy.actor.Manager.run(Manager.java:1263)
	at ptolemy.actor.Manager$PtolemyRunThread.run(Manager.java:1933)
java.lang.reflect.InvocationTargetException
	at java.base/jdk.internal.reflect.NativeConstructorAccessorImpl.newInstance0(Native Method)
	at java.base/jdk.internal.reflect.NativeConstructorAccessorImpl.newInstance(NativeConstructorAccessorImpl.java:62)
	at java.base/jdk.internal.reflect.DelegatingConstructorAccessorImpl.newInstance(DelegatingConstructorAccessorImpl.java:45)
	at java.base/java.lang.reflect.Constructor.newInstance(Constructor.java:490)
	at ptolemy.util.test.junit.AutoKnownFailedTests.RunModel(AutoKnownFailedTests.java:105)
	at java.base/jdk.internal.reflect.NativeMethodAccessorImpl.invoke0(Native Method)
	at java.base/jdk.internal.reflect.NativeMethodAccessorImpl.invoke(NativeMethodAccessorImpl.java:62)
	at java.base/jdk.internal.reflect.DelegatingMethodAccessorImpl.invoke(DelegatingMethodAccessorImpl.java:43)
	at java.base/java.lang.reflect.Method.invoke(Method.java:566)
	at org.junit.runners.model.FrameworkMethod$1.runReflectiveCall(FrameworkMethod.java:44)
	at org.junit.internal.runners.model.ReflectiveCallable.run(ReflectiveCallable.java:15)
	at org.junit.runners.model.FrameworkMethod.invokeExplosively(FrameworkMethod.java:41)
	at junitparams.internal.InvokeParameterisedMethod.evaluate(InvokeParameterisedMethod.java:102)
	at org.junit.internal.runners.statements.FailOnTimeout$1.run(FailOnTimeout.java:28)
Caused by: ptolemy.kernel.util.IllegalActionException: Found a zero delay loop containing .dependencyLoop2.original
  in .dependencyLoop2 and .dependencyLoop2.original
	at ptolemy.actor.util.CausalityInterfaceForComposites._computeOutputPortDepth(CausalityInterfaceForComposites.java:759)
	at ptolemy.actor.util.CausalityInterfaceForComposites._computeInputDepth(CausalityInterfaceForComposites.java:696)
	at ptolemy.actor.util.CausalityInterfaceForComposites._computeOutputPortDepth(CausalityInterfaceForComposites.java:765)
	at ptolemy.actor.util.CausalityInterfaceForComposites._computeInputDepth(CausalityInterfaceForComposites.java:696)
	at ptolemy.actor.util.CausalityInterfaceForComposites._computeOutputPortDepth(CausalityInterfaceForComposites.java:765)
	at ptolemy.actor.util.CausalityInterfaceForComposites._computeInputDepth(CausalityInterfaceForComposites.java:696)
	at ptolemy.actor.util.CausalityInterfaceForComposites._computeActorDepth(CausalityInterfaceForComposites.java:532)
	at ptolemy.actor.util.CausalityInterfaceForComposites.checkForCycles(CausalityInterfaceForComposites.java:96)
	at ptolemy.domains.de.kernel.DEDirector.preinitialize(DEDirector.java:1338)
	at ptolemy.actor.CompositeActor.preinitialize(CompositeActor.java:1828)
	at ptolemy.actor.Manager.preinitializeAndResolveTypes(Manager.java:1040)
	at ptolemy.actor.Manager.initialize(Manager.java:710)
	at ptolemy.actor.Manager.execute(Manager.java:356)
	at ptolemy.actor.Manager.run(Manager.java:1263)
	at ptolemy.actor.Manager$PtolemyRunThread.run(Manager.java:1933)
]]></system-err>
</testsuite>
