<?xml version="1.0" encoding="UTF-8" ?>
<testsuite errors="0" failures="0" hostname="travis-job-cf45fb68-6a0f-4467-9e66-10f8467dd912" name="ptolemy.domains.continuous.test.junit.JUnitTclTest" skipped="0" tests="155" time="71.861" timestamp="2018-06-14T01:31:49">
  <properties>
[...]
</properties>
  <testcase classname="ptolemy.util.test.junit.TclTests" name="[0] ThereAreNoTclTests (RunTclFile)" time="0.001" />
  <testcase classname="ptolemy.util.test.junit.AutoKnownFailedTests" name="[0] ThereAreNoKnowFailedTests (RunModel)" time="0.002" />
  <testcase classname="ptolemy.util.test.junit.AutoNameArchTests" name="[0] ThereAreNoAutoArchTests (RunModel)" time="0.0" />
  <testcase classname="ptolemy.util.test.junit.AutoTests" name="[0] /home/travis/build/icyphy/ptII/ptolemy/domains/continuous/test/auto/BouncingBall.xml (RunModel)" time="2.759" />
  <testcase classname="ptolemy.util.test.junit.AutoTests" name="[1] /home/travis/build/icyphy/ptII/ptolemy/domains/continuous/test/auto/BouncingBallWithoutGR.xml (RunModel)" time="0.945" />
  <testcase classname="ptolemy.util.test.junit.AutoTests" name="[2] /home/travis/build/icyphy/ptII/ptolemy/domains/continuous/test/auto/Brownian.xml (RunModel)" time="0.119" />
  <testcase classname="ptolemy.util.test.junit.AutoTests" name="[3] /home/travis/build/icyphy/ptII/ptolemy/domains/continuous/test/auto/CarTracking.xml (RunModel)" time="3.681" />
  <testcase classname="ptolemy.util.test.junit.AutoTests" name="[4] /home/travis/build/icyphy/ptII/ptolemy/domains/continuous/test/auto/CartPendulum.xml (RunModel)" time="0.546" />
  <testcase classname="ptolemy.util.test.junit.AutoTests" name="[5] /home/travis/build/icyphy/ptII/ptolemy/domains/continuous/test/auto/CausalityInterface10.xml (RunModel)" time="0.06" />
  <testcase classname="ptolemy.util.test.junit.AutoTests" name="[6] /home/travis/build/icyphy/ptII/ptolemy/domains/continuous/test/auto/CausalityInterface11.xml (RunModel)" time="0.033" />
  <testcase classname="ptolemy.util.test.junit.AutoTests" name="[7] /home/travis/build/icyphy/ptII/ptolemy/domains/continuous/test/auto/CausalityInterface12.xml (RunModel)" time="0.033" />
  <testcase classname="ptolemy.util.test.junit.AutoTests" name="[8] /home/travis/build/icyphy/ptII/ptolemy/domains/continuous/test/auto/CausalityInterface13.xml (RunModel)" time="0.048" />
  <testcase classname="ptolemy.util.test.junit.AutoTests" name="[9] /home/travis/build/icyphy/ptII/ptolemy/domains/continuous/test/auto/CausalityInterface14.xml (RunModel)" time="0.028" />
  <testcase classname="ptolemy.util.test.junit.AutoTests" name="[10] /home/travis/build/icyphy/ptII/ptolemy/domains/continuous/test/auto/CausalityInterface4.xml (RunModel)" time="0.033" />
  <testcase classname="ptolemy.util.test.junit.AutoTests" name="[11] /home/travis/build/icyphy/ptII/ptolemy/domains/continuous/test/auto/CausalityInterface5.xml (RunModel)" time="0.044" />
  <testcase classname="ptolemy.util.test.junit.AutoTests" name="[12] /home/travis/build/icyphy/ptII/ptolemy/domains/continuous/test/auto/CausalityInterface6.xml (RunModel)" time="0.027" />
  <testcase classname="ptolemy.util.test.junit.AutoTests" name="[13] /home/travis/build/icyphy/ptII/ptolemy/domains/continuous/test/auto/CausalityInterface7.xml (RunModel)" time="0.048" />
  <testcase classname="ptolemy.util.test.junit.AutoTests" name="[14] /home/travis/build/icyphy/ptII/ptolemy/domains/continuous/test/auto/CausalityInterface8.xml (RunModel)" time="0.046" />
  <testcase classname="ptolemy.util.test.junit.AutoTests" name="[15] /home/travis/build/icyphy/ptII/ptolemy/domains/continuous/test/auto/CausalityInterface9.xml (RunModel)" time="0.048" />
  <testcase classname="ptolemy.util.test.junit.AutoTests" name="[16] /home/travis/build/icyphy/ptII/ptolemy/domains/continuous/test/auto/CausalityInterfaceFeedback1.xml (RunModel)" time="0.031" />
  <testcase classname="ptolemy.util.test.junit.AutoTests" name="[17] /home/travis/build/icyphy/ptII/ptolemy/domains/continuous/test/auto/CausalityInterfaceFeedback2.xml (RunModel)" time="0.033" />
  <testcase classname="ptolemy.util.test.junit.AutoTests" name="[18] /home/travis/build/icyphy/ptII/ptolemy/domains/continuous/test/auto/CompareWithCurrentTime.xml (RunModel)" time="0.031" />
  <testcase classname="ptolemy.util.test.junit.AutoTests" name="[19] /home/travis/build/icyphy/ptII/ptolemy/domains/continuous/test/auto/ComparedClocks.xml (RunModel)" time="0.073" />
  <testcase classname="ptolemy.util.test.junit.AutoTests" name="[20] /home/travis/build/icyphy/ptII/ptolemy/domains/continuous/test/auto/ContinuousAOCClone.xml (RunModel)" time="2.684" />
  <testcase classname="ptolemy.util.test.junit.AutoTests" name="[21] /home/travis/build/icyphy/ptII/ptolemy/domains/continuous/test/auto/ContinuousClock.xml (RunModel)" time="0.087" />
  <testcase classname="ptolemy.util.test.junit.AutoTests" name="[22] /home/travis/build/icyphy/ptII/ptolemy/domains/continuous/test/auto/ContinuousInContinuous.xml (RunModel)" time="0.085" />
  <testcase classname="ptolemy.util.test.junit.AutoTests" name="[23] /home/travis/build/icyphy/ptII/ptolemy/domains/continuous/test/auto/ContinuousInContinuousInContinuous.xml (RunModel)" time="0.032" />
  <testcase classname="ptolemy.util.test.junit.AutoTests" name="[24] /home/travis/build/icyphy/ptII/ptolemy/domains/continuous/test/auto/ContinuousInDE.xml (RunModel)" time="0.138" />
  <testcase classname="ptolemy.util.test.junit.AutoTests" name="[25] /home/travis/build/icyphy/ptII/ptolemy/domains/continuous/test/auto/ContinuousInDE2.xml (RunModel)" time="0.069" />
  <testcase classname="ptolemy.util.test.junit.AutoTests" name="[26] /home/travis/build/icyphy/ptII/ptolemy/domains/continuous/test/auto/ContinuousInDE3.xml (RunModel)" time="0.075" />
  <testcase classname="ptolemy.util.test.junit.AutoTests" name="[27] /home/travis/build/icyphy/ptII/ptolemy/domains/continuous/test/auto/ContinuousInDE4.xml (RunModel)" time="0.043" />
  <testcase classname="ptolemy.util.test.junit.AutoTests" name="[28] /home/travis/build/icyphy/ptII/ptolemy/domains/continuous/test/auto/ContinuousInDEDifferentRefinements.xml (RunModel)" time="0.114" />
  <testcase classname="ptolemy.util.test.junit.AutoTests" name="[29] /home/travis/build/icyphy/ptII/ptolemy/domains/continuous/test/auto/ContinuousInDEDifferentRefinementsPreemptive.xml (RunModel)" time="0.092" />
  <testcase classname="ptolemy.util.test.junit.AutoTests" name="[30] /home/travis/build/icyphy/ptII/ptolemy/domains/continuous/test/auto/ContinuousInDEInContinuous2.xml (RunModel)" time="0.058" />
  <testcase classname="ptolemy.util.test.junit.AutoTests" name="[31] /home/travis/build/icyphy/ptII/ptolemy/domains/continuous/test/auto/ContinuousInDEInContinuous3.xml (RunModel)" time="0.064" />
  <testcase classname="ptolemy.util.test.junit.AutoTests" name="[32] /home/travis/build/icyphy/ptII/ptolemy/domains/continuous/test/auto/ContinuousInDEInput.xml (RunModel)" time="0.035" />
  <testcase classname="ptolemy.util.test.junit.AutoTests" name="[33] /home/travis/build/icyphy/ptII/ptolemy/domains/continuous/test/auto/ContinuousInDEInput2.xml (RunModel)" time="0.042" />
  <testcase classname="ptolemy.util.test.junit.AutoTests" name="[34] /home/travis/build/icyphy/ptII/ptolemy/domains/continuous/test/auto/ContinuousInDEInput3.xml (RunModel)" time="0.041" />
  <testcase classname="ptolemy.util.test.junit.AutoTests" name="[35] /home/travis/build/icyphy/ptII/ptolemy/domains/continuous/test/auto/ContinuousInDESharingRefinement.xml (RunModel)" time="0.181" />
  <testcase classname="ptolemy.util.test.junit.AutoTests" name="[36] /home/travis/build/icyphy/ptII/ptolemy/domains/continuous/test/auto/ContinuousInDEwithNoPorts.xml (RunModel)" time="0.018" />
  <testcase classname="ptolemy.util.test.junit.AutoTests" name="[37] /home/travis/build/icyphy/ptII/ptolemy/domains/continuous/test/auto/ContinuousInsideDE.xml (RunModel)" time="0.074" />
  <testcase classname="ptolemy.util.test.junit.AutoTests" name="[38] /home/travis/build/icyphy/ptII/ptolemy/domains/continuous/test/auto/ContinuousMerge1.xml (RunModel)" time="0.016" />
  <testcase classname="ptolemy.util.test.junit.AutoTests" name="[39] /home/travis/build/icyphy/ptII/ptolemy/domains/continuous/test/auto/ContinuousMerge2.xml (RunModel)" time="0.043" />
  <testcase classname="ptolemy.util.test.junit.AutoTests" name="[40] /home/travis/build/icyphy/ptII/ptolemy/domains/continuous/test/auto/ContinuousMerge3.xml (RunModel)" time="0.077" />
  <testcase classname="ptolemy.util.test.junit.AutoTests" name="[41] /home/travis/build/icyphy/ptII/ptolemy/domains/continuous/test/auto/ContinuousWithinContinuous.xml (RunModel)" time="0.06" />
  <testcase classname="ptolemy.util.test.junit.AutoTests" name="[42] /home/travis/build/icyphy/ptII/ptolemy/domains/continuous/test/auto/ContinuousWithinContinuous2.xml (RunModel)" time="0.078" />
  <testcase classname="ptolemy.util.test.junit.AutoTests" name="[43] /home/travis/build/icyphy/ptII/ptolemy/domains/continuous/test/auto/ContinuousWithinContinuous3.xml (RunModel)" time="0.03" />
  <testcase classname="ptolemy.util.test.junit.AutoTests" name="[44] /home/travis/build/icyphy/ptII/ptolemy/domains/continuous/test/auto/ContinuousWithinContinuous4.xml (RunModel)" time="0.115" />
  <testcase classname="ptolemy.util.test.junit.AutoTests" name="[45] /home/travis/build/icyphy/ptII/ptolemy/domains/continuous/test/auto/ContinuousWithinContinuous5.xml (RunModel)" time="0.032" />
  <testcase classname="ptolemy.util.test.junit.AutoTests" name="[46] /home/travis/build/icyphy/ptII/ptolemy/domains/continuous/test/auto/ContinuousWithinContinuous6.xml (RunModel)" time="0.038" />
  <testcase classname="ptolemy.util.test.junit.AutoTests" name="[47] /home/travis/build/icyphy/ptII/ptolemy/domains/continuous/test/auto/ContinuousWithinContinuous7.xml (RunModel)" time="0.076" />
  <testcase classname="ptolemy.util.test.junit.AutoTests" name="[48] /home/travis/build/icyphy/ptII/ptolemy/domains/continuous/test/auto/DCMotor.xml (RunModel)" time="13.024" />
  <testcase classname="ptolemy.util.test.junit.AutoTests" name="[49] /home/travis/build/icyphy/ptII/ptolemy/domains/continuous/test/auto/DEInContinuous.xml (RunModel)" time="0.031" />
  <testcase classname="ptolemy.util.test.junit.AutoTests" name="[50] /home/travis/build/icyphy/ptII/ptolemy/domains/continuous/test/auto/DEinContinuous2.xml (RunModel)" time="0.031" />
  <testcase classname="ptolemy.util.test.junit.AutoTests" name="[51] /home/travis/build/icyphy/ptII/ptolemy/domains/continuous/test/auto/Derivative.xml (RunModel)" time="0.192" />
  <testcase classname="ptolemy.util.test.junit.AutoTests" name="[52] /home/travis/build/icyphy/ptII/ptolemy/domains/continuous/test/auto/Derivative1.xml (RunModel)" time="0.059" />
  <testcase classname="ptolemy.util.test.junit.AutoTests" name="[53] /home/travis/build/icyphy/ptII/ptolemy/domains/continuous/test/auto/DiscreteClock.xml (RunModel)" time="0.017" />
  <testcase classname="ptolemy.util.test.junit.AutoTests" name="[54] /home/travis/build/icyphy/ptII/ptolemy/domains/continuous/test/auto/EfficiencyCurve.xml (RunModel)" time="0.107" />
  <testcase classname="ptolemy.util.test.junit.AutoTests" name="[55] /home/travis/build/icyphy/ptII/ptolemy/domains/continuous/test/auto/ExponentialResponse.xml (RunModel)" time="0.118" />
  <testcase classname="ptolemy.util.test.junit.AutoTests" name="[56] /home/travis/build/icyphy/ptII/ptolemy/domains/continuous/test/auto/ExponentialResponseRK45.xml (RunModel)" time="0.035" />
  <testcase classname="ptolemy.util.test.junit.AutoTests" name="[57] /home/travis/build/icyphy/ptII/ptolemy/domains/continuous/test/auto/Friction.xml (RunModel)" time="1.401" />
  <testcase classname="ptolemy.util.test.junit.AutoTests" name="[58] /home/travis/build/icyphy/ptII/ptolemy/domains/continuous/test/auto/FurutaPendulum.xml (RunModel)" time="3.265" />
  <testcase classname="ptolemy.util.test.junit.AutoTests" name="[59] /home/travis/build/icyphy/ptII/ptolemy/domains/continuous/test/auto/HierarchicalExecution.xml (RunModel)" time="1.997" />
  <testcase classname="ptolemy.util.test.junit.AutoTests" name="[60] /home/travis/build/icyphy/ptII/ptolemy/domains/continuous/test/auto/HybridPlant.xml (RunModel)" time="0.532" />
  <testcase classname="ptolemy.util.test.junit.AutoTests" name="[61] /home/travis/build/icyphy/ptII/ptolemy/domains/continuous/test/auto/Hysteresis.xml (RunModel)" time="0.16" />
  <testcase classname="ptolemy.util.test.junit.AutoTests" name="[62] /home/travis/build/icyphy/ptII/ptolemy/domains/continuous/test/auto/HysteresisWithRandomDelay.xml (RunModel)" time="0.21" />
  <testcase classname="ptolemy.util.test.junit.AutoTests" name="[63] /home/travis/build/icyphy/ptII/ptolemy/domains/continuous/test/auto/HysteresisWithRandomLosses.xml (RunModel)" time="2.208" />
  <testcase classname="ptolemy.util.test.junit.AutoTests" name="[64] /home/travis/build/icyphy/ptII/ptolemy/domains/continuous/test/auto/ImmediateTransitions.xml (RunModel)" time="0.025" />
  <testcase classname="ptolemy.util.test.junit.AutoTests" name="[65] /home/travis/build/icyphy/ptII/ptolemy/domains/continuous/test/auto/ImpulseFeedback.xml (RunModel)" time="0.022" />
  <testcase classname="ptolemy.util.test.junit.AutoTests" name="[66] /home/travis/build/icyphy/ptII/ptolemy/domains/continuous/test/auto/ImpulseFeedback2.xml (RunModel)" time="0.016" />
  <testcase classname="ptolemy.util.test.junit.AutoTests" name="[67] /home/travis/build/icyphy/ptII/ptolemy/domains/continuous/test/auto/IncreasingRatePoisson.xml (RunModel)" time="0.678" />
  <testcase classname="ptolemy.util.test.junit.AutoTests" name="[68] /home/travis/build/icyphy/ptII/ptolemy/domains/continuous/test/auto/InitialStateFeedback.xml (RunModel)" time="0.018" />
  <testcase classname="ptolemy.util.test.junit.AutoTests" name="[69] /home/travis/build/icyphy/ptII/ptolemy/domains/continuous/test/auto/Integration.xml (RunModel)" time="0.014" />
  <testcase classname="ptolemy.util.test.junit.AutoTests" name="[70] /home/travis/build/icyphy/ptII/ptolemy/domains/continuous/test/auto/Integration2.xml (RunModel)" time="0.092" />
  <testcase classname="ptolemy.util.test.junit.AutoTests" name="[71] /home/travis/build/icyphy/ptII/ptolemy/domains/continuous/test/auto/Integration3.xml (RunModel)" time="0.013" />
  <testcase classname="ptolemy.util.test.junit.AutoTests" name="[72] /home/travis/build/icyphy/ptII/ptolemy/domains/continuous/test/auto/Integration5.xml (RunModel)" time="0.02" />
  <testcase classname="ptolemy.util.test.junit.AutoTests" name="[73] /home/travis/build/icyphy/ptII/ptolemy/domains/continuous/test/auto/IntegratorImpulse.xml (RunModel)" time="0.011" />
  <testcase classname="ptolemy.util.test.junit.AutoTests" name="[74] /home/travis/build/icyphy/ptII/ptolemy/domains/continuous/test/auto/IntegratorImpulse2.xml (RunModel)" time="0.011" />
  <testcase classname="ptolemy.util.test.junit.AutoTests" name="[75] /home/travis/build/icyphy/ptII/ptolemy/domains/continuous/test/auto/LevelCrossing1.xml (RunModel)" time="0.011" />
  <testcase classname="ptolemy.util.test.junit.AutoTests" name="[76] /home/travis/build/icyphy/ptII/ptolemy/domains/continuous/test/auto/LevelCrossing2.xml (RunModel)" time="0.013" />
  <testcase classname="ptolemy.util.test.junit.AutoTests" name="[77] /home/travis/build/icyphy/ptII/ptolemy/domains/continuous/test/auto/LevelCrossing3.xml (RunModel)" time="0.027" />
  <testcase classname="ptolemy.util.test.junit.AutoTests" name="[78] /home/travis/build/icyphy/ptII/ptolemy/domains/continuous/test/auto/LevelCrossing4.xml (RunModel)" time="0.013" />
  <testcase classname="ptolemy.util.test.junit.AutoTests" name="[79] /home/travis/build/icyphy/ptII/ptolemy/domains/continuous/test/auto/LevelCrossing5.xml (RunModel)" time="0.013" />
  <testcase classname="ptolemy.util.test.junit.AutoTests" name="[80] /home/travis/build/icyphy/ptII/ptolemy/domains/continuous/test/auto/LevelCrossing6.xml (RunModel)" time="0.013" />
  <testcase classname="ptolemy.util.test.junit.AutoTests" name="[81] /home/travis/build/icyphy/ptII/ptolemy/domains/continuous/test/auto/LevelCrossingDetector.xml (RunModel)" time="0.044" />
  <testcase classname="ptolemy.util.test.junit.AutoTests" name="[82] /home/travis/build/icyphy/ptII/ptolemy/domains/continuous/test/auto/LevelCrossingDetectorDetectingDirections.xml (RunModel)" time="0.076" />
  <testcase classname="ptolemy.util.test.junit.AutoTests" name="[83] /home/travis/build/icyphy/ptII/ptolemy/domains/continuous/test/auto/LevelCrossingDetectorDetectsGlitches.xml (RunModel)" time="0.062" />
  <testcase classname="ptolemy.util.test.junit.AutoTests" name="[84] /home/travis/build/icyphy/ptII/ptolemy/domains/continuous/test/auto/LevelCrossingNoInitialOuput.xml (RunModel)" time="0.012" />
  <testcase classname="ptolemy.util.test.junit.AutoTests" name="[85] /home/travis/build/icyphy/ptII/ptolemy/domains/continuous/test/auto/LinearStateSpaceExample.xml (RunModel)" time="0.051" />
  <testcase classname="ptolemy.util.test.junit.AutoTests" name="[86] /home/travis/build/icyphy/ptII/ptolemy/domains/continuous/test/auto/Lorenz.xml (RunModel)" time="4.271" />
  <testcase classname="ptolemy.util.test.junit.AutoTests" name="[87] /home/travis/build/icyphy/ptII/ptolemy/domains/continuous/test/auto/LorenzDifferentialSystem.xml (RunModel)" time="1.091" />
  <testcase classname="ptolemy.util.test.junit.AutoTests" name="[88] /home/travis/build/icyphy/ptII/ptolemy/domains/continuous/test/auto/LorenzDifferentialSystemWithInput.xml (RunModel)" time="1.457" />
  <testcase classname="ptolemy.util.test.junit.AutoTests" name="[89] /home/travis/build/icyphy/ptII/ptolemy/domains/continuous/test/auto/LorenzDifferentialSystemWithTime.xml (RunModel)" time="0.789" />
  <testcase classname="ptolemy.util.test.junit.AutoTests" name="[90] /home/travis/build/icyphy/ptII/ptolemy/domains/continuous/test/auto/Microsteps.xml (RunModel)" time="0.026" />
  <testcase classname="ptolemy.util.test.junit.AutoTests" name="[91] /home/travis/build/icyphy/ptII/ptolemy/domains/continuous/test/auto/Modal1.xml (RunModel)" time="0.054" />
  <testcase classname="ptolemy.util.test.junit.AutoTests" name="[92] /home/travis/build/icyphy/ptII/ptolemy/domains/continuous/test/auto/Modal2.xml (RunModel)" time="0.042" />
  <testcase classname="ptolemy.util.test.junit.AutoTests" name="[93] /home/travis/build/icyphy/ptII/ptolemy/domains/continuous/test/auto/ModalTransitionGuardWithReset.xml (RunModel)" time="0.024" />
  <testcase classname="ptolemy.util.test.junit.AutoTests" name="[94] /home/travis/build/icyphy/ptII/ptolemy/domains/continuous/test/auto/ModalTransitionGuardWithResetUsingPreemptiveTransition.xml (RunModel)" time="0.054" />
  <testcase classname="ptolemy.util.test.junit.AutoTests" name="[95] /home/travis/build/icyphy/ptII/ptolemy/domains/continuous/test/auto/ModalTransitionGuardWithResetUsingPreemptiveTransition2.xml (RunModel)" time="0.034" />
  <testcase classname="ptolemy.util.test.junit.AutoTests" name="[96] /home/travis/build/icyphy/ptII/ptolemy/domains/continuous/test/auto/ModalTransitionGuardWithResetUsingPreemptiveTransition3.xml (RunModel)" time="0.035" />
  <testcase classname="ptolemy.util.test.junit.AutoTests" name="[97] /home/travis/build/icyphy/ptII/ptolemy/domains/continuous/test/auto/NewtonsCradle.xml (RunModel)" time="0.745" />
  <testcase classname="ptolemy.util.test.junit.AutoTests" name="[98] /home/travis/build/icyphy/ptII/ptolemy/domains/continuous/test/auto/NewtonsCradleAnimated.xml (RunModel)" time="1.189" />
  <testcase classname="ptolemy.util.test.junit.AutoTests" name="[99] /home/travis/build/icyphy/ptII/ptolemy/domains/continuous/test/auto/NewtonsCradleComplicated.xml (RunModel)" time="0.987" />
  <testcase classname="ptolemy.util.test.junit.AutoTests" name="[100] /home/travis/build/icyphy/ptII/ptolemy/domains/continuous/test/auto/NewtonsCradleNondeterministic.xml (RunModel)" time="0.659" />
  <testcase classname="ptolemy.util.test.junit.AutoTests" name="[101] /home/travis/build/icyphy/ptII/ptolemy/domains/continuous/test/auto/NewtonsCradlePerfectlyInelastic1.xml (RunModel)" time="1.205" />
  <testcase classname="ptolemy.util.test.junit.AutoTests" name="[102] /home/travis/build/icyphy/ptII/ptolemy/domains/continuous/test/auto/Noise.xml (RunModel)" time="0.169" />
  <testcase classname="ptolemy.util.test.junit.AutoTests" name="[103] /home/travis/build/icyphy/ptII/ptolemy/domains/continuous/test/auto/NoiseSpectrum.xml (RunModel)" time="0.746" />
  <testcase classname="ptolemy.util.test.junit.AutoTests" name="[104] /home/travis/build/icyphy/ptII/ptolemy/domains/continuous/test/auto/ParameterizedNewtonsCradleAnimated.xml (RunModel)" time="0.396" />
  <testcase classname="ptolemy.util.test.junit.AutoTests" name="[105] /home/travis/build/icyphy/ptII/ptolemy/domains/continuous/test/auto/ParameterizedNewtonsCradleAnimatedNondeterministic.xml (RunModel)" time="1.044" />
  <testcase classname="ptolemy.util.test.junit.AutoTests" name="[106] /home/travis/build/icyphy/ptII/ptolemy/domains/continuous/test/auto/Pendulum3D.xml (RunModel)" time="0.188" />
  <testcase classname="ptolemy.util.test.junit.AutoTests" name="[107] /home/travis/build/icyphy/ptII/ptolemy/domains/continuous/test/auto/PeriodicSampler.xml (RunModel)" time="0.014" />
  <testcase classname="ptolemy.util.test.junit.AutoTests" name="[108] /home/travis/build/icyphy/ptII/ptolemy/domains/continuous/test/auto/PeriodicSampler1.xml (RunModel)" time="0.044" />
  <testcase classname="ptolemy.util.test.junit.AutoTests" name="[109] /home/travis/build/icyphy/ptII/ptolemy/domains/continuous/test/auto/PeriodicSampler2.xml (RunModel)" time="0.067" />
  <testcase classname="ptolemy.util.test.junit.AutoTests" name="[110] /home/travis/build/icyphy/ptII/ptolemy/domains/continuous/test/auto/Poisson.xml (RunModel)" time="0.457" />
  <testcase classname="ptolemy.util.test.junit.AutoTests" name="[111] /home/travis/build/icyphy/ptII/ptolemy/domains/continuous/test/auto/PoissonClock.xml (RunModel)" time="0.012" />
  <testcase classname="ptolemy.util.test.junit.AutoTests" name="[112] /home/travis/build/icyphy/ptII/ptolemy/domains/continuous/test/auto/PoissonClock2.xml (RunModel)" time="0.014" />
  <testcase classname="ptolemy.util.test.junit.AutoTests" name="[113] /home/travis/build/icyphy/ptII/ptolemy/domains/continuous/test/auto/PortParameterHierarchy.xml (RunModel)" time="0.017" />
  <testcase classname="ptolemy.util.test.junit.AutoTests" name="[114] /home/travis/build/icyphy/ptII/ptolemy/domains/continuous/test/auto/RandomHybridPlant.xml (RunModel)" time="0.499" />
  <testcase classname="ptolemy.util.test.junit.AutoTests" name="[115] /home/travis/build/icyphy/ptII/ptolemy/domains/continuous/test/auto/ResetTransitionWithStartTime1.xml (RunModel)" time="0.027" />
  <testcase classname="ptolemy.util.test.junit.AutoTests" name="[116] /home/travis/build/icyphy/ptII/ptolemy/domains/continuous/test/auto/ResetTransitionWithStartTime2.xml (RunModel)" time="0.033" />
  <testcase classname="ptolemy.util.test.junit.AutoTests" name="[117] /home/travis/build/icyphy/ptII/ptolemy/domains/continuous/test/auto/ResetTransitionWithStartTime3.xml (RunModel)" time="0.032" />
  <testcase classname="ptolemy.util.test.junit.AutoTests" name="[118] /home/travis/build/icyphy/ptII/ptolemy/domains/continuous/test/auto/ResetTransitionWithStartTime4.xml (RunModel)" time="0.022" />
  <testcase classname="ptolemy.util.test.junit.AutoTests" name="[119] /home/travis/build/icyphy/ptII/ptolemy/domains/continuous/test/auto/ResetTransitionWithStartTime5.xml (RunModel)" time="0.034" />
  <testcase classname="ptolemy.util.test.junit.AutoTests" name="[120] /home/travis/build/icyphy/ptII/ptolemy/domains/continuous/test/auto/ResetTransitionWithStartTime6.xml (RunModel)" time="0.042" />
  <testcase classname="ptolemy.util.test.junit.AutoTests" name="[121] /home/travis/build/icyphy/ptII/ptolemy/domains/continuous/test/auto/SRinContinuous.xml (RunModel)" time="0.034" />
  <testcase classname="ptolemy.util.test.junit.AutoTests" name="[122] /home/travis/build/icyphy/ptII/ptolemy/domains/continuous/test/auto/SampledClocks.xml (RunModel)" time="0.025" />
  <testcase classname="ptolemy.util.test.junit.AutoTests" name="[123] /home/travis/build/icyphy/ptII/ptolemy/domains/continuous/test/auto/Satellite.xml (RunModel)" time="0.901" />
  <testcase classname="ptolemy.util.test.junit.AutoTests" name="[124] /home/travis/build/icyphy/ptII/ptolemy/domains/continuous/test/auto/SigmaDelta.xml (RunModel)" time="2.289" />
  <testcase classname="ptolemy.util.test.junit.AutoTests" name="[125] /home/travis/build/icyphy/ptII/ptolemy/domains/continuous/test/auto/SinuBouncingBall.xml (RunModel)" time="0.737" />
  <testcase classname="ptolemy.util.test.junit.AutoTests" name="[126] /home/travis/build/icyphy/ptII/ptolemy/domains/continuous/test/auto/Sinusoid.xml (RunModel)" time="0.015" />
  <testcase classname="ptolemy.util.test.junit.AutoTests" name="[127] /home/travis/build/icyphy/ptII/ptolemy/domains/continuous/test/auto/SinusoidInNoise.xml (RunModel)" time="0.934" />
  <testcase classname="ptolemy.util.test.junit.AutoTests" name="[128] /home/travis/build/icyphy/ptII/ptolemy/domains/continuous/test/auto/SinusoidRK45.xml (RunModel)" time="0.01" />
  <testcase classname="ptolemy.util.test.junit.AutoTests" name="[129] /home/travis/build/icyphy/ptII/ptolemy/domains/continuous/test/auto/SinusoidWithMultipleImpulses.xml (RunModel)" time="0.011" />
  <testcase classname="ptolemy.util.test.junit.AutoTests" name="[130] /home/travis/build/icyphy/ptII/ptolemy/domains/continuous/test/auto/SquareWave.xml (RunModel)" time="0.182" />
  <testcase classname="ptolemy.util.test.junit.AutoTests" name="[131] /home/travis/build/icyphy/ptII/ptolemy/domains/continuous/test/auto/Starmac.xml (RunModel)" time="3.395" />
  <testcase classname="ptolemy.util.test.junit.AutoTests" name="[132] /home/travis/build/icyphy/ptII/ptolemy/domains/continuous/test/auto/StaticUnits.xml (RunModel)" time="2.612" />
  <testcase classname="ptolemy.util.test.junit.AutoTests" name="[133] /home/travis/build/icyphy/ptII/ptolemy/domains/continuous/test/auto/StickyMasses.xml (RunModel)" time="0.17" />
  <testcase classname="ptolemy.util.test.junit.AutoTests" name="[134] /home/travis/build/icyphy/ptII/ptolemy/domains/continuous/test/auto/StopTime.xml (RunModel)" time="0.071" />
  <testcase classname="ptolemy.util.test.junit.AutoTests" name="[135] /home/travis/build/icyphy/ptII/ptolemy/domains/continuous/test/auto/StopTime2.xml (RunModel)" time="0.056" />
  <testcase classname="ptolemy.util.test.junit.AutoTests" name="[136] /home/travis/build/icyphy/ptII/ptolemy/domains/continuous/test/auto/Switch.xml (RunModel)" time="0.079" />
  <testcase classname="ptolemy.util.test.junit.AutoTests" name="[137] /home/travis/build/icyphy/ptII/ptolemy/domains/continuous/test/auto/Thermostat.xml (RunModel)" time="0.191" />
  <testcase classname="ptolemy.util.test.junit.AutoTests" name="[138] /home/travis/build/icyphy/ptII/ptolemy/domains/continuous/test/auto/TimeDelay.xml (RunModel)" time="0.014" />
  <testcase classname="ptolemy.util.test.junit.AutoTests" name="[139] /home/travis/build/icyphy/ptII/ptolemy/domains/continuous/test/auto/TimeDelay2.xml (RunModel)" time="0.022" />
  <testcase classname="ptolemy.util.test.junit.AutoTests" name="[140] /home/travis/build/icyphy/ptII/ptolemy/domains/continuous/test/auto/TimeDelay3.xml (RunModel)" time="0.017" />
  <testcase classname="ptolemy.util.test.junit.AutoTests" name="[141] /home/travis/build/icyphy/ptII/ptolemy/domains/continuous/test/auto/TransferAbsentToInside.xml (RunModel)" time="0.121" />
  <testcase classname="ptolemy.util.test.junit.AutoTests" name="[142] /home/travis/build/icyphy/ptII/ptolemy/domains/continuous/test/auto/Transmission.xml (RunModel)" time="0.737" />
  <testcase classname="ptolemy.util.test.junit.AutoTests" name="[143] /home/travis/build/icyphy/ptII/ptolemy/domains/continuous/test/auto/TriggeredContinuousClock.xml (RunModel)" time="0.073" />
  <testcase classname="ptolemy.util.test.junit.AutoTests" name="[144] /home/travis/build/icyphy/ptII/ptolemy/domains/continuous/test/auto/TwoMachineInfiniteBusControl.xml (RunModel)" time="2.88" />
  <testcase classname="ptolemy.util.test.junit.AutoTests" name="[145] /home/travis/build/icyphy/ptII/ptolemy/domains/continuous/test/auto/V2V.xml (RunModel)" time="0.783" />
  <testcase classname="ptolemy.util.test.junit.AutoTests" name="[146] /home/travis/build/icyphy/ptII/ptolemy/domains/continuous/test/auto/hierarchicalModalModel.xml (RunModel)" time="0.03" />
  <testcase classname="ptolemy.util.test.junit.AutoTests" name="[147] /home/travis/build/icyphy/ptII/ptolemy/domains/continuous/test/auto/hierarchicalModalModel1.xml (RunModel)" time="0.034" />
  <testcase classname="ptolemy.util.test.junit.AutoTests" name="[148] /home/travis/build/icyphy/ptII/ptolemy/domains/continuous/test/auto/hierarchicalModalModel2.xml (RunModel)" time="0.034" />
  <testcase classname="ptolemy.util.test.junit.AutoTests" name="[149] /home/travis/build/icyphy/ptII/ptolemy/domains/continuous/test/auto/hierarchicalModalModel3.xml (RunModel)" time="0.026" />
  <testcase classname="ptolemy.util.test.junit.AutoTests" name="[150] /home/travis/build/icyphy/ptII/ptolemy/domains/continuous/test/auto/hierarchicalModalModel4.xml (RunModel)" time="0.036" />
  <testcase classname="ptolemy.util.test.junit.AutoTests" name="[151] /home/travis/build/icyphy/ptII/ptolemy/domains/continuous/test/auto/junk.xml (RunModel)" time="0.157" />
  <system-out><![CDATA[No tcl tests in /home/travis/build/icyphy/ptII/ptolemy/domains/continuous/test
No auto/knownFailedTests/*.xml tests in /home/travis/build/icyphy/ptII/ptolemy/domains/continuous/test
No auto/linux-amd64/*.xml tests in /home/travis/build/icyphy/ptII/ptolemy/domains/continuous/test
AutoTests.java: About to close Vertx.
AutoTests.java: Vertx closed.

===========================================================================================
----------------- testing Thu Jun 14 01:31:49 UTC 2018 /home/travis/build/icyphy/ptII/ptolemy/domains/continuous/test/auto/BouncingBall.xml
----------------- Instantiating /home/travis/build/icyphy/ptII/ptolemy/domains/continuous/test/auto/BouncingBall.xml
2264 ms. Memory: 331776K Free: 259574K (78%)
----------------- Invoking toplevel() on ptolemy.moml.MoMLSimpleApplication@206eae6a
----------------- Done invoking toplevel() on ptolemy.moml.MoMLSimpleApplication@206eae6a
reloadAllAccessors: .BouncingBall

===========================================================================================
----------------- testing Thu Jun 14 01:31:52 UTC 2018 /home/travis/build/icyphy/ptII/ptolemy/domains/continuous/test/auto/BouncingBallWithoutGR.xml
----------------- Instantiating /home/travis/build/icyphy/ptII/ptolemy/domains/continuous/test/auto/BouncingBallWithoutGR.xml
804 ms. Memory: 331776K Free: 318221K (96%)
----------------- Invoking toplevel() on ptolemy.moml.MoMLSimpleApplication@21a25903
----------------- Done invoking toplevel() on ptolemy.moml.MoMLSimpleApplication@21a25903
reloadAllAccessors: .BouncingBallWithoutGR

===========================================================================================
----------------- testing Thu Jun 14 01:31:53 UTC 2018 /home/travis/build/icyphy/ptII/ptolemy/domains/continuous/test/auto/Brownian.xml
----------------- Instantiating /home/travis/build/icyphy/ptII/ptolemy/domains/continuous/test/auto/Brownian.xml
42 ms. Memory: 331776K Free: 304323K (92%)
----------------- Invoking toplevel() on ptolemy.moml.MoMLSimpleApplication@1c0a9f4f
----------------- Done invoking toplevel() on ptolemy.moml.MoMLSimpleApplication@1c0a9f4f
reloadAllAccessors: .Brownian

===========================================================================================
----------------- testing Thu Jun 14 01:31:53 UTC 2018 /home/travis/build/icyphy/ptII/ptolemy/domains/continuous/test/auto/CarTracking.xml
----------------- Instantiating /home/travis/build/icyphy/ptII/ptolemy/domains/continuous/test/auto/CarTracking.xml
3326 ms. Memory: 578048K Free: 459739K (80%)
----------------- Invoking toplevel() on ptolemy.moml.MoMLSimpleApplication@62e832e2
----------------- Done invoking toplevel() on ptolemy.moml.MoMLSimpleApplication@62e832e2
reloadAllAccessors: .CarTracking

===========================================================================================
----------------- testing Thu Jun 14 01:31:57 UTC 2018 /home/travis/build/icyphy/ptII/ptolemy/domains/continuous/test/auto/CartPendulum.xml
----------------- Instantiating /home/travis/build/icyphy/ptII/ptolemy/domains/continuous/test/auto/CartPendulum.xml
396 ms. Memory: 578048K Free: 350084K (61%)
----------------- Invoking toplevel() on ptolemy.moml.MoMLSimpleApplication@35c93def
----------------- Done invoking toplevel() on ptolemy.moml.MoMLSimpleApplication@35c93def
reloadAllAccessors: .CartPendulum

===========================================================================================
----------------- testing Thu Jun 14 01:31:57 UTC 2018 /home/travis/build/icyphy/ptII/ptolemy/domains/continuous/test/auto/CausalityInterface10.xml
----------------- Instantiating /home/travis/build/icyphy/ptII/ptolemy/domains/continuous/test/auto/CausalityInterface10.xml
6 ms. Memory: 578048K Free: 333699K (58%)
----------------- Invoking toplevel() on ptolemy.moml.MoMLSimpleApplication@286f5cef
----------------- Done invoking toplevel() on ptolemy.moml.MoMLSimpleApplication@286f5cef
reloadAllAccessors: .CausalityInterface10

===========================================================================================
----------------- testing Thu Jun 14 01:31:58 UTC 2018 /home/travis/build/icyphy/ptII/ptolemy/domains/continuous/test/auto/CausalityInterface11.xml
----------------- Instantiating /home/travis/build/icyphy/ptII/ptolemy/domains/continuous/test/auto/CausalityInterface11.xml
9 ms. Memory: 578048K Free: 323853K (56%)
----------------- Invoking toplevel() on ptolemy.moml.MoMLSimpleApplication@31368b4e
----------------- Done invoking toplevel() on ptolemy.moml.MoMLSimpleApplication@31368b4e
reloadAllAccessors: .CausalityInterface11

===========================================================================================
----------------- testing Thu Jun 14 01:31:58 UTC 2018 /home/travis/build/icyphy/ptII/ptolemy/domains/continuous/test/auto/CausalityInterface12.xml
----------------- Instantiating /home/travis/build/icyphy/ptII/ptolemy/domains/continuous/test/auto/CausalityInterface12.xml
10 ms. Memory: 578048K Free: 314022K (54%)
----------------- Invoking toplevel() on ptolemy.moml.MoMLSimpleApplication@4e1924c
----------------- Done invoking toplevel() on ptolemy.moml.MoMLSimpleApplication@4e1924c
reloadAllAccessors: .CausalityInterface12

===========================================================================================
----------------- testing Thu Jun 14 01:31:58 UTC 2018 /home/travis/build/icyphy/ptII/ptolemy/domains/continuous/test/auto/CausalityInterface13.xml
----------------- Instantiating /home/travis/build/icyphy/ptII/ptolemy/domains/continuous/test/auto/CausalityInterface13.xml
7 ms. Memory: 578048K Free: 301012K (52%)
----------------- Invoking toplevel() on ptolemy.moml.MoMLSimpleApplication@145c102f
----------------- Done invoking toplevel() on ptolemy.moml.MoMLSimpleApplication@145c102f
reloadAllAccessors: .CausalityInterface13

===========================================================================================
----------------- testing Thu Jun 14 01:31:58 UTC 2018 /home/travis/build/icyphy/ptII/ptolemy/domains/continuous/test/auto/CausalityInterface14.xml
----------------- Instantiating /home/travis/build/icyphy/ptII/ptolemy/domains/continuous/test/auto/CausalityInterface14.xml
4 ms. Memory: 578048K Free: 291165K (50%)
----------------- Invoking toplevel() on ptolemy.moml.MoMLSimpleApplication@39889065
----------------- Done invoking toplevel() on ptolemy.moml.MoMLSimpleApplication@39889065
reloadAllAccessors: .CausalityInterface14

===========================================================================================
----------------- testing Thu Jun 14 01:31:58 UTC 2018 /home/travis/build/icyphy/ptII/ptolemy/domains/continuous/test/auto/CausalityInterface4.xml
----------------- Instantiating /home/travis/build/icyphy/ptII/ptolemy/domains/continuous/test/auto/CausalityInterface4.xml
5 ms. Memory: 578048K Free: 281319K (49%)
----------------- Invoking toplevel() on ptolemy.moml.MoMLSimpleApplication@4dc89ac9
----------------- Done invoking toplevel() on ptolemy.moml.MoMLSimpleApplication@4dc89ac9
reloadAllAccessors: .CausalityInterface4

===========================================================================================
----------------- testing Thu Jun 14 01:31:58 UTC 2018 /home/travis/build/icyphy/ptII/ptolemy/domains/continuous/test/auto/CausalityInterface5.xml
----------------- Instantiating /home/travis/build/icyphy/ptII/ptolemy/domains/continuous/test/auto/CausalityInterface5.xml
8 ms. Memory: 578048K Free: 268196K (46%)
----------------- Invoking toplevel() on ptolemy.moml.MoMLSimpleApplication@4e0cc1e3
----------------- Done invoking toplevel() on ptolemy.moml.MoMLSimpleApplication@4e0cc1e3
reloadAllAccessors: .CausalityInterface5

===========================================================================================
----------------- testing Thu Jun 14 01:31:58 UTC 2018 /home/travis/build/icyphy/ptII/ptolemy/domains/continuous/test/auto/CausalityInterface6.xml
----------------- Instantiating /home/travis/build/icyphy/ptII/ptolemy/domains/continuous/test/auto/CausalityInterface6.xml
4 ms. Memory: 578048K Free: 255201K (44%)
----------------- Invoking toplevel() on ptolemy.moml.MoMLSimpleApplication@2a2782bc
----------------- Done invoking toplevel() on ptolemy.moml.MoMLSimpleApplication@2a2782bc
reloadAllAccessors: .CausalityInterface6

===========================================================================================
----------------- testing Thu Jun 14 01:31:58 UTC 2018 /home/travis/build/icyphy/ptII/ptolemy/domains/continuous/test/auto/CausalityInterface7.xml
----------------- Instantiating /home/travis/build/icyphy/ptII/ptolemy/domains/continuous/test/auto/CausalityInterface7.xml
13 ms. Memory: 578048K Free: 242077K (42%)
----------------- Invoking toplevel() on ptolemy.moml.MoMLSimpleApplication@4e051133
----------------- Done invoking toplevel() on ptolemy.moml.MoMLSimpleApplication@4e051133
reloadAllAccessors: .CausalityInterface7

===========================================================================================
----------------- testing Thu Jun 14 01:31:58 UTC 2018 /home/travis/build/icyphy/ptII/ptolemy/domains/continuous/test/auto/CausalityInterface8.xml
----------------- Instantiating /home/travis/build/icyphy/ptII/ptolemy/domains/continuous/test/auto/CausalityInterface8.xml
5 ms. Memory: 578048K Free: 228954K (40%)
----------------- Invoking toplevel() on ptolemy.moml.MoMLSimpleApplication@7aef23f9
----------------- Done invoking toplevel() on ptolemy.moml.MoMLSimpleApplication@7aef23f9
reloadAllAccessors: .CausalityInterface8

===========================================================================================
----------------- testing Thu Jun 14 01:31:58 UTC 2018 /home/travis/build/icyphy/ptII/ptolemy/domains/continuous/test/auto/CausalityInterface9.xml
----------------- Instantiating /home/travis/build/icyphy/ptII/ptolemy/domains/continuous/test/auto/CausalityInterface9.xml
7 ms. Memory: 578048K Free: 212546K (37%)
----------------- Invoking toplevel() on ptolemy.moml.MoMLSimpleApplication@685050dd
----------------- Done invoking toplevel() on ptolemy.moml.MoMLSimpleApplication@685050dd
reloadAllAccessors: .CausalityInterface9

===========================================================================================
----------------- testing Thu Jun 14 01:31:58 UTC 2018 /home/travis/build/icyphy/ptII/ptolemy/domains/continuous/test/auto/CausalityInterfaceFeedback1.xml
----------------- Instantiating /home/travis/build/icyphy/ptII/ptolemy/domains/continuous/test/auto/CausalityInterfaceFeedback1.xml
6 ms. Memory: 578048K Free: 199543K (35%)
----------------- Invoking toplevel() on ptolemy.moml.MoMLSimpleApplication@d7f1d2
----------------- Done invoking toplevel() on ptolemy.moml.MoMLSimpleApplication@d7f1d2
reloadAllAccessors: .CausalityInterfaceFeedback1

===========================================================================================
----------------- testing Thu Jun 14 01:31:58 UTC 2018 /home/travis/build/icyphy/ptII/ptolemy/domains/continuous/test/auto/CausalityInterfaceFeedback2.xml
----------------- Instantiating /home/travis/build/icyphy/ptII/ptolemy/domains/continuous/test/auto/CausalityInterfaceFeedback2.xml
5 ms. Memory: 578048K Free: 189697K (33%)
----------------- Invoking toplevel() on ptolemy.moml.MoMLSimpleApplication@7996104d
----------------- Done invoking toplevel() on ptolemy.moml.MoMLSimpleApplication@7996104d
reloadAllAccessors: .CausalityInterfaceFeedback2

===========================================================================================
----------------- testing Thu Jun 14 01:31:58 UTC 2018 /home/travis/build/icyphy/ptII/ptolemy/domains/continuous/test/auto/CompareWithCurrentTime.xml
----------------- Instantiating /home/travis/build/icyphy/ptII/ptolemy/domains/continuous/test/auto/CompareWithCurrentTime.xml
4 ms. Memory: 578048K Free: 183143K (32%)
----------------- Invoking toplevel() on ptolemy.moml.MoMLSimpleApplication@27c72a08
----------------- Done invoking toplevel() on ptolemy.moml.MoMLSimpleApplication@27c72a08
reloadAllAccessors: .CompareWithCurrentTime

===========================================================================================
----------------- testing Thu Jun 14 01:31:58 UTC 2018 /home/travis/build/icyphy/ptII/ptolemy/domains/continuous/test/auto/ComparedClocks.xml
----------------- Instantiating /home/travis/build/icyphy/ptII/ptolemy/domains/continuous/test/auto/ComparedClocks.xml
9 ms. Memory: 578048K Free: 163450K (28%)
----------------- Invoking toplevel() on ptolemy.moml.MoMLSimpleApplication@7c6a042e
----------------- Done invoking toplevel() on ptolemy.moml.MoMLSimpleApplication@7c6a042e
reloadAllAccessors: .ComparedClocks

===========================================================================================
----------------- testing Thu Jun 14 01:31:58 UTC 2018 /home/travis/build/icyphy/ptII/ptolemy/domains/continuous/test/auto/ContinuousAOCClone.xml
----------------- Instantiating /home/travis/build/icyphy/ptII/ptolemy/domains/continuous/test/auto/ContinuousAOCClone.xml
2463 ms. Memory: 872960K Free: 426870K (49%)
----------------- Invoking toplevel() on ptolemy.moml.MoMLSimpleApplication@6035b515
----------------- Done invoking toplevel() on ptolemy.moml.MoMLSimpleApplication@6035b515
reloadAllAccessors: .ContinuousAOCClone

===========================================================================================
----------------- testing Thu Jun 14 01:32:01 UTC 2018 /home/travis/build/icyphy/ptII/ptolemy/domains/continuous/test/auto/ContinuousClock.xml
----------------- Instantiating /home/travis/build/icyphy/ptII/ptolemy/domains/continuous/test/auto/ContinuousClock.xml
26 ms. Memory: 872960K Free: 392321K (45%)
----------------- Invoking toplevel() on ptolemy.moml.MoMLSimpleApplication@60fecbdc
----------------- Done invoking toplevel() on ptolemy.moml.MoMLSimpleApplication@60fecbdc
reloadAllAccessors: .ContinuousClock

===========================================================================================
----------------- testing Thu Jun 14 01:32:01 UTC 2018 /home/travis/build/icyphy/ptII/ptolemy/domains/continuous/test/auto/ContinuousInContinuous.xml
----------------- Instantiating /home/travis/build/icyphy/ptII/ptolemy/domains/continuous/test/auto/ContinuousInContinuous.xml
41 ms. Memory: 872960K Free: 364766K (42%)
----------------- Invoking toplevel() on ptolemy.moml.MoMLSimpleApplication@25566e1b
----------------- Done invoking toplevel() on ptolemy.moml.MoMLSimpleApplication@25566e1b
reloadAllAccessors: .ContinuousInContinuous

===========================================================================================
----------------- testing Thu Jun 14 01:32:01 UTC 2018 /home/travis/build/icyphy/ptII/ptolemy/domains/continuous/test/auto/ContinuousInContinuousInContinuous.xml
----------------- Instantiating /home/travis/build/icyphy/ptII/ptolemy/domains/continuous/test/auto/ContinuousInContinuousInContinuous.xml
11 ms. Memory: 872960K Free: 352961K (40%)
----------------- Invoking toplevel() on ptolemy.moml.MoMLSimpleApplication@434b383f
----------------- Done invoking toplevel() on ptolemy.moml.MoMLSimpleApplication@434b383f
reloadAllAccessors: .ContinuousInContinuousInContinuous

===========================================================================================
----------------- testing Thu Jun 14 01:32:01 UTC 2018 /home/travis/build/icyphy/ptII/ptolemy/domains/continuous/test/auto/ContinuousInDE.xml
----------------- Instantiating /home/travis/build/icyphy/ptII/ptolemy/domains/continuous/test/auto/ContinuousInDE.xml
108 ms. Memory: 872960K Free: 337226K (39%)
----------------- Invoking toplevel() on ptolemy.moml.MoMLSimpleApplication@7b8c078b
----------------- Done invoking toplevel() on ptolemy.moml.MoMLSimpleApplication@7b8c078b
reloadAllAccessors: .ContinuousInDE

===========================================================================================
----------------- testing Thu Jun 14 01:32:01 UTC 2018 /home/travis/build/icyphy/ptII/ptolemy/domains/continuous/test/auto/ContinuousInDE2.xml
----------------- Instantiating /home/travis/build/icyphy/ptII/ptolemy/domains/continuous/test/auto/ContinuousInDE2.xml
47 ms. Memory: 872960K Free: 318062K (36%)
----------------- Invoking toplevel() on ptolemy.moml.MoMLSimpleApplication@22ea7215
----------------- Done invoking toplevel() on ptolemy.moml.MoMLSimpleApplication@22ea7215
reloadAllAccessors: .ContinuousInDE2

===========================================================================================
----------------- testing Thu Jun 14 01:32:01 UTC 2018 /home/travis/build/icyphy/ptII/ptolemy/domains/continuous/test/auto/ContinuousInDE3.xml
----------------- Instantiating /home/travis/build/icyphy/ptII/ptolemy/domains/continuous/test/auto/ContinuousInDE3.xml
46 ms. Memory: 872960K Free: 302335K (35%)
----------------- Invoking toplevel() on ptolemy.moml.MoMLSimpleApplication@20465d3e
----------------- Done invoking toplevel() on ptolemy.moml.MoMLSimpleApplication@20465d3e
reloadAllAccessors: .ContinuousInDE3

===========================================================================================
----------------- testing Thu Jun 14 01:32:01 UTC 2018 /home/travis/build/icyphy/ptII/ptolemy/domains/continuous/test/auto/ContinuousInDE4.xml
----------------- Instantiating /home/travis/build/icyphy/ptII/ptolemy/domains/continuous/test/auto/ContinuousInDE4.xml
17 ms. Memory: 872960K Free: 290531K (33%)
----------------- Invoking toplevel() on ptolemy.moml.MoMLSimpleApplication@6cd5a8a5
----------------- Done invoking toplevel() on ptolemy.moml.MoMLSimpleApplication@6cd5a8a5
reloadAllAccessors: .ContinuousInDE4

===========================================================================================
----------------- testing Thu Jun 14 01:32:01 UTC 2018 /home/travis/build/icyphy/ptII/ptolemy/domains/continuous/test/auto/ContinuousInDEDifferentRefinements.xml
----------------- Instantiating /home/travis/build/icyphy/ptII/ptolemy/domains/continuous/test/auto/ContinuousInDEDifferentRefinements.xml
58 ms. Memory: 872960K Free: 255108K (29%)
----------------- Invoking toplevel() on ptolemy.moml.MoMLSimpleApplication@3dd62194
----------------- Done invoking toplevel() on ptolemy.moml.MoMLSimpleApplication@3dd62194
reloadAllAccessors: .ContinuousInDEDifferentRefinements

===========================================================================================
----------------- testing Thu Jun 14 01:32:01 UTC 2018 /home/travis/build/icyphy/ptII/ptolemy/domains/continuous/test/auto/ContinuousInDEDifferentRefinementsPreemptive.xml
----------------- Instantiating /home/travis/build/icyphy/ptII/ptolemy/domains/continuous/test/auto/ContinuousInDEDifferentRefinementsPreemptive.xml
50 ms. Memory: 872960K Free: 216231K (25%)
----------------- Invoking toplevel() on ptolemy.moml.MoMLSimpleApplication@265e6a23
----------------- Done invoking toplevel() on ptolemy.moml.MoMLSimpleApplication@265e6a23
reloadAllAccessors: .ContinuousInDEDifferentRefinementsPreemptive

===========================================================================================
----------------- testing Thu Jun 14 01:32:02 UTC 2018 /home/travis/build/icyphy/ptII/ptolemy/domains/continuous/test/auto/ContinuousInDEInContinuous2.xml
----------------- Instantiating /home/travis/build/icyphy/ptII/ptolemy/domains/continuous/test/auto/ContinuousInDEInContinuous2.xml
33 ms. Memory: 872960K Free: 196583K (23%)
----------------- Invoking toplevel() on ptolemy.moml.MoMLSimpleApplication@414387e4
----------------- Done invoking toplevel() on ptolemy.moml.MoMLSimpleApplication@414387e4
reloadAllAccessors: .ContinuousInDEInContinuous2

===========================================================================================
----------------- testing Thu Jun 14 01:32:02 UTC 2018 /home/travis/build/icyphy/ptII/ptolemy/domains/continuous/test/auto/ContinuousInDEInContinuous3.xml
----------------- Instantiating /home/travis/build/icyphy/ptII/ptolemy/domains/continuous/test/auto/ContinuousInDEInContinuous3.xml
38 ms. Memory: 872960K Free: 176903K (20%)
----------------- Invoking toplevel() on ptolemy.moml.MoMLSimpleApplication@4012d9f0
----------------- Done invoking toplevel() on ptolemy.moml.MoMLSimpleApplication@4012d9f0
reloadAllAccessors: .ContinuousInDEInContinuous3

===========================================================================================
----------------- testing Thu Jun 14 01:32:02 UTC 2018 /home/travis/build/icyphy/ptII/ptolemy/domains/continuous/test/auto/ContinuousInDEInput.xml
----------------- Instantiating /home/travis/build/icyphy/ptII/ptolemy/domains/continuous/test/auto/ContinuousInDEInput.xml
17 ms. Memory: 872960K Free: 165114K (19%)
----------------- Invoking toplevel() on ptolemy.moml.MoMLSimpleApplication@1347be3f
----------------- Done invoking toplevel() on ptolemy.moml.MoMLSimpleApplication@1347be3f
reloadAllAccessors: .ContinuousInDEInput

===========================================================================================
----------------- testing Thu Jun 14 01:32:02 UTC 2018 /home/travis/build/icyphy/ptII/ptolemy/domains/continuous/test/auto/ContinuousInDEInput2.xml
----------------- Instantiating /home/travis/build/icyphy/ptII/ptolemy/domains/continuous/test/auto/ContinuousInDEInput2.xml
22 ms. Memory: 872960K Free: 149887K (17%)
----------------- Invoking toplevel() on ptolemy.moml.MoMLSimpleApplication@7d8f1020
----------------- Done invoking toplevel() on ptolemy.moml.MoMLSimpleApplication@7d8f1020
reloadAllAccessors: .ContinuousInDEInput2

===========================================================================================
----------------- testing Thu Jun 14 01:32:02 UTC 2018 /home/travis/build/icyphy/ptII/ptolemy/domains/continuous/test/auto/ContinuousInDEInput3.xml
----------------- Instantiating /home/travis/build/icyphy/ptII/ptolemy/domains/continuous/test/auto/ContinuousInDEInput3.xml
23 ms. Memory: 872960K Free: 138098K (16%)
----------------- Invoking toplevel() on ptolemy.moml.MoMLSimpleApplication@3241faff
----------------- Done invoking toplevel() on ptolemy.moml.MoMLSimpleApplication@3241faff
reloadAllAccessors: .ContinuousInDEInput3

===========================================================================================
----------------- testing Thu Jun 14 01:32:02 UTC 2018 /home/travis/build/icyphy/ptII/ptolemy/domains/continuous/test/auto/ContinuousInDESharingRefinement.xml
----------------- Instantiating /home/travis/build/icyphy/ptII/ptolemy/domains/continuous/test/auto/ContinuousInDESharingRefinement.xml
154 ms. Memory: 829952K Free: 781541K (94%)
----------------- Invoking toplevel() on ptolemy.moml.MoMLSimpleApplication@77e8e30a
----------------- Done invoking toplevel() on ptolemy.moml.MoMLSimpleApplication@77e8e30a
reloadAllAccessors: .ContinuousInDESharingRefinement

===========================================================================================
----------------- testing Thu Jun 14 01:32:02 UTC 2018 /home/travis/build/icyphy/ptII/ptolemy/domains/continuous/test/auto/ContinuousInDEwithNoPorts.xml
----------------- Instantiating /home/travis/build/icyphy/ptII/ptolemy/domains/continuous/test/auto/ContinuousInDEwithNoPorts.xml
2 ms. Memory: 829952K Free: 769914K (93%)
----------------- Invoking toplevel() on ptolemy.moml.MoMLSimpleApplication@3db82916
----------------- Done invoking toplevel() on ptolemy.moml.MoMLSimpleApplication@3db82916
reloadAllAccessors: .ContinuousInDEwithNoPorts

===========================================================================================
----------------- testing Thu Jun 14 01:32:02 UTC 2018 /home/travis/build/icyphy/ptII/ptolemy/domains/continuous/test/auto/ContinuousInsideDE.xml
----------------- Instantiating /home/travis/build/icyphy/ptII/ptolemy/domains/continuous/test/auto/ContinuousInsideDE.xml
42 ms. Memory: 829952K Free: 751184K (91%)
----------------- Invoking toplevel() on ptolemy.moml.MoMLSimpleApplication@5c899e23
----------------- Done invoking toplevel() on ptolemy.moml.MoMLSimpleApplication@5c899e23
reloadAllAccessors: .ContinuousInsideDE

===========================================================================================
----------------- testing Thu Jun 14 01:32:02 UTC 2018 /home/travis/build/icyphy/ptII/ptolemy/domains/continuous/test/auto/ContinuousMerge1.xml
----------------- Instantiating /home/travis/build/icyphy/ptII/ptolemy/domains/continuous/test/auto/ContinuousMerge1.xml
2 ms. Memory: 829952K Free: 741503K (89%)
----------------- Invoking toplevel() on ptolemy.moml.MoMLSimpleApplication@1c634099
----------------- Done invoking toplevel() on ptolemy.moml.MoMLSimpleApplication@1c634099
reloadAllAccessors: .ContinuousMerge1

===========================================================================================
----------------- testing Thu Jun 14 01:32:02 UTC 2018 /home/travis/build/icyphy/ptII/ptolemy/domains/continuous/test/auto/ContinuousMerge2.xml
----------------- Instantiating /home/travis/build/icyphy/ptII/ptolemy/domains/continuous/test/auto/ContinuousMerge2.xml
16 ms. Memory: 829952K Free: 726345K (88%)
----------------- Invoking toplevel() on ptolemy.moml.MoMLSimpleApplication@5b4c79c0
----------------- Done invoking toplevel() on ptolemy.moml.MoMLSimpleApplication@5b4c79c0
reloadAllAccessors: .ContinuousMerge2

===========================================================================================
----------------- testing Thu Jun 14 01:32:02 UTC 2018 /home/travis/build/icyphy/ptII/ptolemy/domains/continuous/test/auto/ContinuousMerge3.xml
----------------- Instantiating /home/travis/build/icyphy/ptII/ptolemy/domains/continuous/test/auto/ContinuousMerge3.xml
56 ms. Memory: 829952K Free: 711374K (86%)
----------------- Invoking toplevel() on ptolemy.moml.MoMLSimpleApplication@230c2e2d
----------------- Done invoking toplevel() on ptolemy.moml.MoMLSimpleApplication@230c2e2d
reloadAllAccessors: .ContinuousMerge3

===========================================================================================
----------------- testing Thu Jun 14 01:32:02 UTC 2018 /home/travis/build/icyphy/ptII/ptolemy/domains/continuous/test/auto/ContinuousWithinContinuous.xml
----------------- Instantiating /home/travis/build/icyphy/ptII/ptolemy/domains/continuous/test/auto/ContinuousWithinContinuous.xml
46 ms. Memory: 829952K Free: 694192K (84%)
----------------- Invoking toplevel() on ptolemy.moml.MoMLSimpleApplication@63958fbe
----------------- Done invoking toplevel() on ptolemy.moml.MoMLSimpleApplication@63958fbe
reloadAllAccessors: .ContinuousWithinContinuous

===========================================================================================
----------------- testing Thu Jun 14 01:32:02 UTC 2018 /home/travis/build/icyphy/ptII/ptolemy/domains/continuous/test/auto/ContinuousWithinContinuous2.xml
----------------- Instantiating /home/travis/build/icyphy/ptII/ptolemy/domains/continuous/test/auto/ContinuousWithinContinuous2.xml
67 ms. Memory: 829952K Free: 682964K (82%)
----------------- Invoking toplevel() on ptolemy.moml.MoMLSimpleApplication@17c6c2ff
----------------- Done invoking toplevel() on ptolemy.moml.MoMLSimpleApplication@17c6c2ff
reloadAllAccessors: .ContinuousWithinContinuous2

===========================================================================================
----------------- testing Thu Jun 14 01:32:02 UTC 2018 /home/travis/build/icyphy/ptII/ptolemy/domains/continuous/test/auto/ContinuousWithinContinuous3.xml
----------------- Instantiating /home/travis/build/icyphy/ptII/ptolemy/domains/continuous/test/auto/ContinuousWithinContinuous3.xml
14 ms. Memory: 829952K Free: 671719K (81%)
----------------- Invoking toplevel() on ptolemy.moml.MoMLSimpleApplication@4941f6c2
----------------- Done invoking toplevel() on ptolemy.moml.MoMLSimpleApplication@4941f6c2
reloadAllAccessors: .ContinuousWithinContinuous3

===========================================================================================
----------------- testing Thu Jun 14 01:32:02 UTC 2018 /home/travis/build/icyphy/ptII/ptolemy/domains/continuous/test/auto/ContinuousWithinContinuous4.xml
----------------- Instantiating /home/travis/build/icyphy/ptII/ptolemy/domains/continuous/test/auto/ContinuousWithinContinuous4.xml
100 ms. Memory: 829952K Free: 650795K (78%)
----------------- Invoking toplevel() on ptolemy.moml.MoMLSimpleApplication@10ac466
----------------- Done invoking toplevel() on ptolemy.moml.MoMLSimpleApplication@10ac466
reloadAllAccessors: .ContinuousWithinContinuous4

===========================================================================================
----------------- testing Thu Jun 14 01:32:03 UTC 2018 /home/travis/build/icyphy/ptII/ptolemy/domains/continuous/test/auto/ContinuousWithinContinuous5.xml
----------------- Instantiating /home/travis/build/icyphy/ptII/ptolemy/domains/continuous/test/auto/ContinuousWithinContinuous5.xml
13 ms. Memory: 829952K Free: 639550K (77%)
----------------- Invoking toplevel() on ptolemy.moml.MoMLSimpleApplication@6d15d225
----------------- Done invoking toplevel() on ptolemy.moml.MoMLSimpleApplication@6d15d225
reloadAllAccessors: .ContinuousWithinContinuous5

===========================================================================================
----------------- testing Thu Jun 14 01:32:03 UTC 2018 /home/travis/build/icyphy/ptII/ptolemy/domains/continuous/test/auto/ContinuousWithinContinuous6.xml
----------------- Instantiating /home/travis/build/icyphy/ptII/ptolemy/domains/continuous/test/auto/ContinuousWithinContinuous6.xml
21 ms. Memory: 829952K Free: 626111K (75%)
----------------- Invoking toplevel() on ptolemy.moml.MoMLSimpleApplication@44c62ddd
----------------- Done invoking toplevel() on ptolemy.moml.MoMLSimpleApplication@44c62ddd
reloadAllAccessors: .ContinuousWithinContinuous6

===========================================================================================
----------------- testing Thu Jun 14 01:32:03 UTC 2018 /home/travis/build/icyphy/ptII/ptolemy/domains/continuous/test/auto/ContinuousWithinContinuous7.xml
----------------- Instantiating /home/travis/build/icyphy/ptII/ptolemy/domains/continuous/test/auto/ContinuousWithinContinuous7.xml
62 ms. Memory: 829952K Free: 611124K (74%)
----------------- Invoking toplevel() on ptolemy.moml.MoMLSimpleApplication@6bb168ee
----------------- Done invoking toplevel() on ptolemy.moml.MoMLSimpleApplication@6bb168ee
reloadAllAccessors: .ContinuousWithinContinuous7

===========================================================================================
----------------- testing Thu Jun 14 01:32:03 UTC 2018 /home/travis/build/icyphy/ptII/ptolemy/domains/continuous/test/auto/DCMotor.xml
----------------- Instantiating /home/travis/build/icyphy/ptII/ptolemy/domains/continuous/test/auto/DCMotor.xml
12937 ms. Memory: 668160K Free: 559113K (84%)
----------------- Invoking toplevel() on ptolemy.moml.MoMLSimpleApplication@5fbc985f
----------------- Done invoking toplevel() on ptolemy.moml.MoMLSimpleApplication@5fbc985f
reloadAllAccessors: .DCMotor

===========================================================================================
----------------- testing Thu Jun 14 01:32:16 UTC 2018 /home/travis/build/icyphy/ptII/ptolemy/domains/continuous/test/auto/DEInContinuous.xml
----------------- Instantiating /home/travis/build/icyphy/ptII/ptolemy/domains/continuous/test/auto/DEInContinuous.xml
7 ms. Memory: 668160K Free: 544501K (81%)
----------------- Invoking toplevel() on ptolemy.moml.MoMLSimpleApplication@3de5a8de
----------------- Done invoking toplevel() on ptolemy.moml.MoMLSimpleApplication@3de5a8de
reloadAllAccessors: .DEInContinuous

===========================================================================================
----------------- testing Thu Jun 14 01:32:16 UTC 2018 /home/travis/build/icyphy/ptII/ptolemy/domains/continuous/test/auto/DEinContinuous2.xml
----------------- Instantiating /home/travis/build/icyphy/ptII/ptolemy/domains/continuous/test/auto/DEinContinuous2.xml
7 ms. Memory: 668160K Free: 525707K (79%)
----------------- Invoking toplevel() on ptolemy.moml.MoMLSimpleApplication@2580979d
----------------- Done invoking toplevel() on ptolemy.moml.MoMLSimpleApplication@2580979d
reloadAllAccessors: .DEinContinuous2

===========================================================================================
----------------- testing Thu Jun 14 01:32:16 UTC 2018 /home/travis/build/icyphy/ptII/ptolemy/domains/continuous/test/auto/Derivative.xml
----------------- Instantiating /home/travis/build/icyphy/ptII/ptolemy/domains/continuous/test/auto/Derivative.xml
140 ms. Memory: 668160K Free: 483391K (72%)
----------------- Invoking toplevel() on ptolemy.moml.MoMLSimpleApplication@7f4e333a
----------------- Done invoking toplevel() on ptolemy.moml.MoMLSimpleApplication@7f4e333a
reloadAllAccessors: .Derivative2

===========================================================================================
----------------- testing Thu Jun 14 01:32:16 UTC 2018 /home/travis/build/icyphy/ptII/ptolemy/domains/continuous/test/auto/Derivative1.xml
----------------- Instantiating /home/travis/build/icyphy/ptII/ptolemy/domains/continuous/test/auto/Derivative1.xml
33 ms. Memory: 668160K Free: 465772K (70%)
----------------- Invoking toplevel() on ptolemy.moml.MoMLSimpleApplication@620eabb2
----------------- Done invoking toplevel() on ptolemy.moml.MoMLSimpleApplication@620eabb2
reloadAllAccessors: .Derivative1

===========================================================================================
----------------- testing Thu Jun 14 01:32:16 UTC 2018 /home/travis/build/icyphy/ptII/ptolemy/domains/continuous/test/auto/DiscreteClock.xml
----------------- Instantiating /home/travis/build/icyphy/ptII/ptolemy/domains/continuous/test/auto/DiscreteClock.xml
6 ms. Memory: 668160K Free: 452861K (68%)
----------------- Invoking toplevel() on ptolemy.moml.MoMLSimpleApplication@3237215b
----------------- Done invoking toplevel() on ptolemy.moml.MoMLSimpleApplication@3237215b
reloadAllAccessors: .DiscreteClock

===========================================================================================
----------------- testing Thu Jun 14 01:32:16 UTC 2018 /home/travis/build/icyphy/ptII/ptolemy/domains/continuous/test/auto/EfficiencyCurve.xml
----------------- Instantiating /home/travis/build/icyphy/ptII/ptolemy/domains/continuous/test/auto/EfficiencyCurve.xml
52 ms. Memory: 668160K Free: 439951K (66%)
----------------- Invoking toplevel() on ptolemy.moml.MoMLSimpleApplication@38533c8f
----------------- Done invoking toplevel() on ptolemy.moml.MoMLSimpleApplication@38533c8f
reloadAllAccessors: .EfficiencyCurve

===========================================================================================
----------------- testing Thu Jun 14 01:32:16 UTC 2018 /home/travis/build/icyphy/ptII/ptolemy/domains/continuous/test/auto/ExponentialResponse.xml
----------------- Instantiating /home/travis/build/icyphy/ptII/ptolemy/domains/continuous/test/auto/ExponentialResponse.xml
106 ms. Memory: 668160K Free: 412667K (62%)
----------------- Invoking toplevel() on ptolemy.moml.MoMLSimpleApplication@27ac4085
----------------- Done invoking toplevel() on ptolemy.moml.MoMLSimpleApplication@27ac4085
reloadAllAccessors: .ExponentialResponse

===========================================================================================
----------------- testing Thu Jun 14 01:32:16 UTC 2018 /home/travis/build/icyphy/ptII/ptolemy/domains/continuous/test/auto/ExponentialResponseRK45.xml
----------------- Instantiating /home/travis/build/icyphy/ptII/ptolemy/domains/continuous/test/auto/ExponentialResponseRK45.xml
25 ms. Memory: 668160K Free: 399756K (60%)
----------------- Invoking toplevel() on ptolemy.moml.MoMLSimpleApplication@9091ef9
----------------- Done invoking toplevel() on ptolemy.moml.MoMLSimpleApplication@9091ef9
reloadAllAccessors: .ExponentialResponseRK45

===========================================================================================
----------------- testing Thu Jun 14 01:32:16 UTC 2018 /home/travis/build/icyphy/ptII/ptolemy/domains/continuous/test/auto/Friction.xml
----------------- Instantiating /home/travis/build/icyphy/ptII/ptolemy/domains/continuous/test/auto/Friction.xml
1302 ms. Memory: 647168K Free: 514168K (79%)
----------------- Invoking toplevel() on ptolemy.moml.MoMLSimpleApplication@4c2e46f4
----------------- Done invoking toplevel() on ptolemy.moml.MoMLSimpleApplication@4c2e46f4
reloadAllAccessors: .Friction

===========================================================================================
----------------- testing Thu Jun 14 01:32:18 UTC 2018 /home/travis/build/icyphy/ptII/ptolemy/domains/continuous/test/auto/FurutaPendulum.xml
----------------- Instantiating /home/travis/build/icyphy/ptII/ptolemy/domains/continuous/test/auto/FurutaPendulum.xml
3085 ms. Memory: 617472K Free: 545765K (88%)
----------------- Invoking toplevel() on ptolemy.moml.MoMLSimpleApplication@3680a5ef
----------------- Done invoking toplevel() on ptolemy.moml.MoMLSimpleApplication@3680a5ef
reloadAllAccessors: .FurutaPendulum

===========================================================================================
----------------- testing Thu Jun 14 01:32:21 UTC 2018 /home/travis/build/icyphy/ptII/ptolemy/domains/continuous/test/auto/HierarchicalExecution.xml
----------------- Instantiating /home/travis/build/icyphy/ptII/ptolemy/domains/continuous/test/auto/HierarchicalExecution.xml
1722 ms. Memory: 617472K Free: 249131K (40%)
----------------- Invoking toplevel() on ptolemy.moml.MoMLSimpleApplication@558470fa
----------------- Done invoking toplevel() on ptolemy.moml.MoMLSimpleApplication@558470fa
reloadAllAccessors: .HierarchicalExecution

===========================================================================================
----------------- testing Thu Jun 14 01:32:23 UTC 2018 /home/travis/build/icyphy/ptII/ptolemy/domains/continuous/test/auto/HybridPlant.xml
----------------- Instantiating /home/travis/build/icyphy/ptII/ptolemy/domains/continuous/test/auto/HybridPlant.xml
467 ms. Memory: 589824K Free: 479712K (81%)
----------------- Invoking toplevel() on ptolemy.moml.MoMLSimpleApplication@4ae0dc45
----------------- Done invoking toplevel() on ptolemy.moml.MoMLSimpleApplication@4ae0dc45
reloadAllAccessors: .HybridPlant

===========================================================================================
----------------- testing Thu Jun 14 01:32:24 UTC 2018 /home/travis/build/icyphy/ptII/ptolemy/domains/continuous/test/auto/Hysteresis.xml
----------------- Instantiating /home/travis/build/icyphy/ptII/ptolemy/domains/continuous/test/auto/Hysteresis.xml
124 ms. Memory: 589824K Free: 413643K (70%)
----------------- Invoking toplevel() on ptolemy.moml.MoMLSimpleApplication@385b729c
----------------- Done invoking toplevel() on ptolemy.moml.MoMLSimpleApplication@385b729c
reloadAllAccessors: .Hysteresis

===========================================================================================
----------------- testing Thu Jun 14 01:32:24 UTC 2018 /home/travis/build/icyphy/ptII/ptolemy/domains/continuous/test/auto/HysteresisWithRandomDelay.xml
----------------- Instantiating /home/travis/build/icyphy/ptII/ptolemy/domains/continuous/test/auto/HysteresisWithRandomDelay.xml
153 ms. Memory: 589824K Free: 333711K (57%)
----------------- Invoking toplevel() on ptolemy.moml.MoMLSimpleApplication@2e8a0a28
----------------- Done invoking toplevel() on ptolemy.moml.MoMLSimpleApplication@2e8a0a28
reloadAllAccessors: .HysteresisWithRandomDelay

===========================================================================================
----------------- testing Thu Jun 14 01:32:24 UTC 2018 /home/travis/build/icyphy/ptII/ptolemy/domains/continuous/test/auto/HysteresisWithRandomLosses.xml
----------------- Instantiating /home/travis/build/icyphy/ptII/ptolemy/domains/continuous/test/auto/HysteresisWithRandomLosses.xml
2131 ms. Memory: 543232K Free: 510705K (94%)
----------------- Invoking toplevel() on ptolemy.moml.MoMLSimpleApplication@7ca44fc9
----------------- Done invoking toplevel() on ptolemy.moml.MoMLSimpleApplication@7ca44fc9
reloadAllAccessors: .HysteresisWithRandomLosses

===========================================================================================
----------------- testing Thu Jun 14 01:32:26 UTC 2018 /home/travis/build/icyphy/ptII/ptolemy/domains/continuous/test/auto/ImmediateTransitions.xml
----------------- Instantiating /home/travis/build/icyphy/ptII/ptolemy/domains/continuous/test/auto/ImmediateTransitions.xml
8 ms. Memory: 543232K Free: 492883K (91%)
----------------- Invoking toplevel() on ptolemy.moml.MoMLSimpleApplication@6e9ff7a9
----------------- Done invoking toplevel() on ptolemy.moml.MoMLSimpleApplication@6e9ff7a9
reloadAllAccessors: .ImmediateTransitions

===========================================================================================
----------------- testing Thu Jun 14 01:32:26 UTC 2018 /home/travis/build/icyphy/ptII/ptolemy/domains/continuous/test/auto/ImpulseFeedback.xml
----------------- Instantiating /home/travis/build/icyphy/ptII/ptolemy/domains/continuous/test/auto/ImpulseFeedback.xml
7 ms. Memory: 543232K Free: 482815K (89%)
----------------- Invoking toplevel() on ptolemy.moml.MoMLSimpleApplication@6aadab5
----------------- Done invoking toplevel() on ptolemy.moml.MoMLSimpleApplication@6aadab5
reloadAllAccessors: .ImpulseFeedback

===========================================================================================
----------------- testing Thu Jun 14 01:32:26 UTC 2018 /home/travis/build/icyphy/ptII/ptolemy/domains/continuous/test/auto/ImpulseFeedback2.xml
----------------- Instantiating /home/travis/build/icyphy/ptII/ptolemy/domains/continuous/test/auto/ImpulseFeedback2.xml
6 ms. Memory: 543232K Free: 472754K (87%)
----------------- Invoking toplevel() on ptolemy.moml.MoMLSimpleApplication@5856b784
----------------- Done invoking toplevel() on ptolemy.moml.MoMLSimpleApplication@5856b784
reloadAllAccessors: .ImpulseFeedback2

===========================================================================================
----------------- testing Thu Jun 14 01:32:26 UTC 2018 /home/travis/build/icyphy/ptII/ptolemy/domains/continuous/test/auto/IncreasingRatePoisson.xml
----------------- Instantiating /home/travis/build/icyphy/ptII/ptolemy/domains/continuous/test/auto/IncreasingRatePoisson.xml
654 ms. Memory: 543232K Free: 147672K (27%)
----------------- Invoking toplevel() on ptolemy.moml.MoMLSimpleApplication@db03905
----------------- Done invoking toplevel() on ptolemy.moml.MoMLSimpleApplication@db03905
reloadAllAccessors: .IncreasingRatePoisson

===========================================================================================
----------------- testing Thu Jun 14 01:32:27 UTC 2018 /home/travis/build/icyphy/ptII/ptolemy/domains/continuous/test/auto/InitialStateFeedback.xml
----------------- Instantiating /home/travis/build/icyphy/ptII/ptolemy/domains/continuous/test/auto/InitialStateFeedback.xml
4 ms. Memory: 543232K Free: 140706K (26%)
----------------- Invoking toplevel() on ptolemy.moml.MoMLSimpleApplication@443acd57
----------------- Done invoking toplevel() on ptolemy.moml.MoMLSimpleApplication@443acd57
reloadAllAccessors: .InitialStateFeedback

===========================================================================================
----------------- testing Thu Jun 14 01:32:27 UTC 2018 /home/travis/build/icyphy/ptII/ptolemy/domains/continuous/test/auto/Integration.xml
----------------- Instantiating /home/travis/build/icyphy/ptII/ptolemy/domains/continuous/test/auto/Integration.xml
5 ms. Memory: 543232K Free: 133538K (25%)
----------------- Invoking toplevel() on ptolemy.moml.MoMLSimpleApplication@36a652a7
----------------- Done invoking toplevel() on ptolemy.moml.MoMLSimpleApplication@36a652a7
reloadAllAccessors: .Integration

===========================================================================================
----------------- testing Thu Jun 14 01:32:27 UTC 2018 /home/travis/build/icyphy/ptII/ptolemy/domains/continuous/test/auto/Integration2.xml
----------------- Instantiating /home/travis/build/icyphy/ptII/ptolemy/domains/continuous/test/auto/Integration2.xml
78 ms. Memory: 543232K Free: 114249K (21%)
----------------- Invoking toplevel() on ptolemy.moml.MoMLSimpleApplication@2cfd1ae3
----------------- Done invoking toplevel() on ptolemy.moml.MoMLSimpleApplication@2cfd1ae3
reloadAllAccessors: .Integration2

===========================================================================================
----------------- testing Thu Jun 14 01:32:27 UTC 2018 /home/travis/build/icyphy/ptII/ptolemy/domains/continuous/test/auto/Integration3.xml
----------------- Instantiating /home/travis/build/icyphy/ptII/ptolemy/domains/continuous/test/auto/Integration3.xml
2 ms. Memory: 543232K Free: 107283K (20%)
----------------- Invoking toplevel() on ptolemy.moml.MoMLSimpleApplication@27d14625
----------------- Done invoking toplevel() on ptolemy.moml.MoMLSimpleApplication@27d14625
reloadAllAccessors: .Integration3

===========================================================================================
----------------- testing Thu Jun 14 01:32:27 UTC 2018 /home/travis/build/icyphy/ptII/ptolemy/domains/continuous/test/auto/Integration5.xml
----------------- Instantiating /home/travis/build/icyphy/ptII/ptolemy/domains/continuous/test/auto/Integration5.xml
2 ms. Memory: 543232K Free: 100317K (18%)
----------------- Invoking toplevel() on ptolemy.moml.MoMLSimpleApplication@6f46c012
----------------- Done invoking toplevel() on ptolemy.moml.MoMLSimpleApplication@6f46c012
reloadAllAccessors: .Integration5

===========================================================================================
----------------- testing Thu Jun 14 01:32:27 UTC 2018 /home/travis/build/icyphy/ptII/ptolemy/domains/continuous/test/auto/IntegratorImpulse.xml
----------------- Instantiating /home/travis/build/icyphy/ptII/ptolemy/domains/continuous/test/auto/IntegratorImpulse.xml
2 ms. Memory: 543232K Free: 93351K (17%)
----------------- Invoking toplevel() on ptolemy.moml.MoMLSimpleApplication@5d19fefb
----------------- Done invoking toplevel() on ptolemy.moml.MoMLSimpleApplication@5d19fefb
reloadAllAccessors: .IntegratorImpulse

===========================================================================================
----------------- testing Thu Jun 14 01:32:27 UTC 2018 /home/travis/build/icyphy/ptII/ptolemy/domains/continuous/test/auto/IntegratorImpulse2.xml
----------------- Instantiating /home/travis/build/icyphy/ptII/ptolemy/domains/continuous/test/auto/IntegratorImpulse2.xml
3 ms. Memory: 543232K Free: 86183K (16%)
----------------- Invoking toplevel() on ptolemy.moml.MoMLSimpleApplication@30ae5704
----------------- Done invoking toplevel() on ptolemy.moml.MoMLSimpleApplication@30ae5704
reloadAllAccessors: .IntegratorImpulse2

===========================================================================================
----------------- testing Thu Jun 14 01:32:27 UTC 2018 /home/travis/build/icyphy/ptII/ptolemy/domains/continuous/test/auto/LevelCrossing1.xml
----------------- Instantiating /home/travis/build/icyphy/ptII/ptolemy/domains/continuous/test/auto/LevelCrossing1.xml
1 ms. Memory: 543232K Free: 76139K (14%)
----------------- Invoking toplevel() on ptolemy.moml.MoMLSimpleApplication@3384c0fd
----------------- Done invoking toplevel() on ptolemy.moml.MoMLSimpleApplication@3384c0fd
reloadAllAccessors: .LevelCrossing1

===========================================================================================
----------------- testing Thu Jun 14 01:32:27 UTC 2018 /home/travis/build/icyphy/ptII/ptolemy/domains/continuous/test/auto/LevelCrossing2.xml
----------------- Instantiating /home/travis/build/icyphy/ptII/ptolemy/domains/continuous/test/auto/LevelCrossing2.xml
3 ms. Memory: 543232K Free: 66094K (12%)
----------------- Invoking toplevel() on ptolemy.moml.MoMLSimpleApplication@25d29734
----------------- Done invoking toplevel() on ptolemy.moml.MoMLSimpleApplication@25d29734
reloadAllAccessors: .LevelCrossing2

===========================================================================================
----------------- testing Thu Jun 14 01:32:27 UTC 2018 /home/travis/build/icyphy/ptII/ptolemy/domains/continuous/test/auto/LevelCrossing3.xml
----------------- Instantiating /home/travis/build/icyphy/ptII/ptolemy/domains/continuous/test/auto/LevelCrossing3.xml
8 ms. Memory: 521728K Free: 496893K (95%)
----------------- Invoking toplevel() on ptolemy.moml.MoMLSimpleApplication@2ed98980
----------------- Done invoking toplevel() on ptolemy.moml.MoMLSimpleApplication@2ed98980
reloadAllAccessors: .LevelCrossing3

===========================================================================================
----------------- testing Thu Jun 14 01:32:27 UTC 2018 /home/travis/build/icyphy/ptII/ptolemy/domains/continuous/test/auto/LevelCrossing4.xml
----------------- Instantiating /home/travis/build/icyphy/ptII/ptolemy/domains/continuous/test/auto/LevelCrossing4.xml
3 ms. Memory: 521728K Free: 485556K (93%)
----------------- Invoking toplevel() on ptolemy.moml.MoMLSimpleApplication@499ffbea
----------------- Done invoking toplevel() on ptolemy.moml.MoMLSimpleApplication@499ffbea
reloadAllAccessors: .LevelCrossing4

===========================================================================================
----------------- testing Thu Jun 14 01:32:27 UTC 2018 /home/travis/build/icyphy/ptII/ptolemy/domains/continuous/test/auto/LevelCrossing5.xml
----------------- Instantiating /home/travis/build/icyphy/ptII/ptolemy/domains/continuous/test/auto/LevelCrossing5.xml
3 ms. Memory: 521728K Free: 475928K (91%)
----------------- Invoking toplevel() on ptolemy.moml.MoMLSimpleApplication@47d6f450
----------------- Done invoking toplevel() on ptolemy.moml.MoMLSimpleApplication@47d6f450
reloadAllAccessors: .LevelCrossing5

===========================================================================================
----------------- testing Thu Jun 14 01:32:27 UTC 2018 /home/travis/build/icyphy/ptII/ptolemy/domains/continuous/test/auto/LevelCrossing6.xml
----------------- Instantiating /home/travis/build/icyphy/ptII/ptolemy/domains/continuous/test/auto/LevelCrossing6.xml
[...]
----------------- Invoking toplevel() on ptolemy.moml.MoMLSimpleApplication@714d54da
----------------- Done invoking toplevel() on ptolemy.moml.MoMLSimpleApplication@714d54da
reloadAllAccessors: .ResetTransitionWithStartTime5

===========================================================================================
----------------- testing Thu Jun 14 01:32:44 UTC 2018 /home/travis/build/icyphy/ptII/ptolemy/domains/continuous/test/auto/ResetTransitionWithStartTime6.xml
----------------- Instantiating /home/travis/build/icyphy/ptII/ptolemy/domains/continuous/test/auto/ResetTransitionWithStartTime6.xml
23 ms. Memory: 334336K Free: 278610K (83%)
----------------- Invoking toplevel() on ptolemy.moml.MoMLSimpleApplication@51b2feac
----------------- Done invoking toplevel() on ptolemy.moml.MoMLSimpleApplication@51b2feac
reloadAllAccessors: .ResetTransitionWithStartTime6

===========================================================================================
----------------- testing Thu Jun 14 01:32:44 UTC 2018 /home/travis/build/icyphy/ptII/ptolemy/domains/continuous/test/auto/SRinContinuous.xml
----------------- Instantiating /home/travis/build/icyphy/ptII/ptolemy/domains/continuous/test/auto/SRinContinuous.xml
8 ms. Memory: 334336K Free: 270018K (81%)
----------------- Invoking toplevel() on ptolemy.moml.MoMLSimpleApplication@70393dab
----------------- Done invoking toplevel() on ptolemy.moml.MoMLSimpleApplication@70393dab
reloadAllAccessors: .SRinContinuous

===========================================================================================
----------------- testing Thu Jun 14 01:32:44 UTC 2018 /home/travis/build/icyphy/ptII/ptolemy/domains/continuous/test/auto/SampledClocks.xml
----------------- Instantiating /home/travis/build/icyphy/ptII/ptolemy/domains/continuous/test/auto/SampledClocks.xml
7 ms. Memory: 334336K Free: 259015K (77%)
----------------- Invoking toplevel() on ptolemy.moml.MoMLSimpleApplication@34ad800b
----------------- Done invoking toplevel() on ptolemy.moml.MoMLSimpleApplication@34ad800b
reloadAllAccessors: .SampledClocks

===========================================================================================
----------------- testing Thu Jun 14 01:32:44 UTC 2018 /home/travis/build/icyphy/ptII/ptolemy/domains/continuous/test/auto/Satellite.xml
----------------- Instantiating /home/travis/build/icyphy/ptII/ptolemy/domains/continuous/test/auto/Satellite.xml
876 ms. Memory: 334336K Free: 82258K (25%)
----------------- Invoking toplevel() on ptolemy.moml.MoMLSimpleApplication@4b5c6f1b
----------------- Done invoking toplevel() on ptolemy.moml.MoMLSimpleApplication@4b5c6f1b
reloadAllAccessors: .Satellite

===========================================================================================
----------------- testing Thu Jun 14 01:32:45 UTC 2018 /home/travis/build/icyphy/ptII/ptolemy/domains/continuous/test/auto/SigmaDelta.xml
----------------- Instantiating /home/travis/build/icyphy/ptII/ptolemy/domains/continuous/test/auto/SigmaDelta.xml
2143 ms. Memory: 312832K Free: 172917K (55%)
----------------- Invoking toplevel() on ptolemy.moml.MoMLSimpleApplication@12568532
----------------- Done invoking toplevel() on ptolemy.moml.MoMLSimpleApplication@12568532
reloadAllAccessors: .SigmaDelta

===========================================================================================
----------------- testing Thu Jun 14 01:32:47 UTC 2018 /home/travis/build/icyphy/ptII/ptolemy/domains/continuous/test/auto/SinuBouncingBall.xml
----------------- Instantiating /home/travis/build/icyphy/ptII/ptolemy/domains/continuous/test/auto/SinuBouncingBall.xml
636 ms. Memory: 311808K Free: 181864K (58%)
----------------- Invoking toplevel() on ptolemy.moml.MoMLSimpleApplication@70b85ca6
----------------- Done invoking toplevel() on ptolemy.moml.MoMLSimpleApplication@70b85ca6
reloadAllAccessors: .SinuBouncingBall

===========================================================================================
----------------- testing Thu Jun 14 01:32:48 UTC 2018 /home/travis/build/icyphy/ptII/ptolemy/domains/continuous/test/auto/Sinusoid.xml
----------------- Instantiating /home/travis/build/icyphy/ptII/ptolemy/domains/continuous/test/auto/Sinusoid.xml
4 ms. Memory: 311808K Free: 175420K (56%)
----------------- Invoking toplevel() on ptolemy.moml.MoMLSimpleApplication@2cb09a55
----------------- Done invoking toplevel() on ptolemy.moml.MoMLSimpleApplication@2cb09a55
reloadAllAccessors: .Sinusoid

===========================================================================================
----------------- testing Thu Jun 14 01:32:48 UTC 2018 /home/travis/build/icyphy/ptII/ptolemy/domains/continuous/test/auto/SinusoidInNoise.xml
----------------- Instantiating /home/travis/build/icyphy/ptII/ptolemy/domains/continuous/test/auto/SinusoidInNoise.xml
898 ms. Memory: 294912K Free: 178124K (60%)
----------------- Invoking toplevel() on ptolemy.moml.MoMLSimpleApplication@27e9638b
----------------- Done invoking toplevel() on ptolemy.moml.MoMLSimpleApplication@27e9638b
reloadAllAccessors: .SinusoidInNoise

===========================================================================================
----------------- testing Thu Jun 14 01:32:49 UTC 2018 /home/travis/build/icyphy/ptII/ptolemy/domains/continuous/test/auto/SinusoidRK45.xml
----------------- Instantiating /home/travis/build/icyphy/ptII/ptolemy/domains/continuous/test/auto/SinusoidRK45.xml
2 ms. Memory: 294912K Free: 172172K (58%)
----------------- Invoking toplevel() on ptolemy.moml.MoMLSimpleApplication@378d443f
----------------- Done invoking toplevel() on ptolemy.moml.MoMLSimpleApplication@378d443f
reloadAllAccessors: .SinusoidRK45

===========================================================================================
----------------- testing Thu Jun 14 01:32:49 UTC 2018 /home/travis/build/icyphy/ptII/ptolemy/domains/continuous/test/auto/SinusoidWithMultipleImpulses.xml
----------------- Instantiating /home/travis/build/icyphy/ptII/ptolemy/domains/continuous/test/auto/SinusoidWithMultipleImpulses.xml
3 ms. Memory: 294912K Free: 165630K (56%)
----------------- Invoking toplevel() on ptolemy.moml.MoMLSimpleApplication@3a1b01
----------------- Done invoking toplevel() on ptolemy.moml.MoMLSimpleApplication@3a1b01
reloadAllAccessors: .SinusoidWithMultipleImpulses

===========================================================================================
----------------- testing Thu Jun 14 01:32:49 UTC 2018 /home/travis/build/icyphy/ptII/ptolemy/domains/continuous/test/auto/SquareWave.xml
----------------- Instantiating /home/travis/build/icyphy/ptII/ptolemy/domains/continuous/test/auto/SquareWave.xml
153 ms. Memory: 294912K Free: 137834K (47%)
----------------- Invoking toplevel() on ptolemy.moml.MoMLSimpleApplication@db88be4
----------------- Done invoking toplevel() on ptolemy.moml.MoMLSimpleApplication@db88be4
reloadAllAccessors: .SquareWave

===========================================================================================
----------------- testing Thu Jun 14 01:32:49 UTC 2018 /home/travis/build/icyphy/ptII/ptolemy/domains/continuous/test/auto/Starmac.xml
----------------- Instantiating /home/travis/build/icyphy/ptII/ptolemy/domains/continuous/test/auto/Starmac.xml
3066 ms. Memory: 276480K Free: 169168K (61%)
----------------- Invoking toplevel() on ptolemy.moml.MoMLSimpleApplication@1aa73ddc
----------------- Done invoking toplevel() on ptolemy.moml.MoMLSimpleApplication@1aa73ddc
reloadAllAccessors: .Starmac

===========================================================================================
----------------- testing Thu Jun 14 01:32:53 UTC 2018 /home/travis/build/icyphy/ptII/ptolemy/domains/continuous/test/auto/StaticUnits.xml
----------------- Instantiating /home/travis/build/icyphy/ptII/ptolemy/domains/continuous/test/auto/StaticUnits.xml
2246 ms. Memory: 259584K Free: 77210K (30%)
----------------- Invoking toplevel() on ptolemy.moml.MoMLSimpleApplication@22df12ac
----------------- Done invoking toplevel() on ptolemy.moml.MoMLSimpleApplication@22df12ac
reloadAllAccessors: .StaticUnits

===========================================================================================
----------------- testing Thu Jun 14 01:32:55 UTC 2018 /home/travis/build/icyphy/ptII/ptolemy/domains/continuous/test/auto/StickyMasses.xml
----------------- Instantiating /home/travis/build/icyphy/ptII/ptolemy/domains/continuous/test/auto/StickyMasses.xml
123 ms. Memory: 259584K Free: 19547K (8%)
----------------- Invoking toplevel() on ptolemy.moml.MoMLSimpleApplication@70d76fa8
----------------- Done invoking toplevel() on ptolemy.moml.MoMLSimpleApplication@70d76fa8
reloadAllAccessors: .StickyMasses

===========================================================================================
----------------- testing Thu Jun 14 01:32:55 UTC 2018 /home/travis/build/icyphy/ptII/ptolemy/domains/continuous/test/auto/StopTime.xml
----------------- Instantiating /home/travis/build/icyphy/ptII/ptolemy/domains/continuous/test/auto/StopTime.xml
36 ms. Memory: 259584K Free: 170354K (66%)
----------------- Invoking toplevel() on ptolemy.moml.MoMLSimpleApplication@6fcaec77
----------------- Done invoking toplevel() on ptolemy.moml.MoMLSimpleApplication@6fcaec77
reloadAllAccessors: .StopTime

===========================================================================================
----------------- testing Thu Jun 14 01:32:55 UTC 2018 /home/travis/build/icyphy/ptII/ptolemy/domains/continuous/test/auto/StopTime2.xml
----------------- Instantiating /home/travis/build/icyphy/ptII/ptolemy/domains/continuous/test/auto/StopTime2.xml
31 ms. Memory: 259584K Free: 143672K (55%)
----------------- Invoking toplevel() on ptolemy.moml.MoMLSimpleApplication@42c900de
----------------- Done invoking toplevel() on ptolemy.moml.MoMLSimpleApplication@42c900de
reloadAllAccessors: .StopTime2

===========================================================================================
----------------- testing Thu Jun 14 01:32:56 UTC 2018 /home/travis/build/icyphy/ptII/ptolemy/domains/continuous/test/auto/Switch.xml
----------------- Instantiating /home/travis/build/icyphy/ptII/ptolemy/domains/continuous/test/auto/Switch.xml
49 ms. Memory: 259584K Free: 115336K (44%)
----------------- Invoking toplevel() on ptolemy.moml.MoMLSimpleApplication@2b88c3dc
----------------- Done invoking toplevel() on ptolemy.moml.MoMLSimpleApplication@2b88c3dc
reloadAllAccessors: .Switch

===========================================================================================
----------------- testing Thu Jun 14 01:32:56 UTC 2018 /home/travis/build/icyphy/ptII/ptolemy/domains/continuous/test/auto/Thermostat.xml
----------------- Instantiating /home/travis/build/icyphy/ptII/ptolemy/domains/continuous/test/auto/Thermostat.xml
162 ms. Memory: 259584K Free: 40652K (16%)
----------------- Invoking toplevel() on ptolemy.moml.MoMLSimpleApplication@6346b81a
----------------- Done invoking toplevel() on ptolemy.moml.MoMLSimpleApplication@6346b81a
reloadAllAccessors: .Thermostat

===========================================================================================
----------------- testing Thu Jun 14 01:32:56 UTC 2018 /home/travis/build/icyphy/ptII/ptolemy/domains/continuous/test/auto/TimeDelay.xml
----------------- Instantiating /home/travis/build/icyphy/ptII/ptolemy/domains/continuous/test/auto/TimeDelay.xml
6 ms. Memory: 259584K Free: 34594K (13%)
----------------- Invoking toplevel() on ptolemy.moml.MoMLSimpleApplication@146e53e7
----------------- Done invoking toplevel() on ptolemy.moml.MoMLSimpleApplication@146e53e7
reloadAllAccessors: .TimeDelay

===========================================================================================
----------------- testing Thu Jun 14 01:32:56 UTC 2018 /home/travis/build/icyphy/ptII/ptolemy/domains/continuous/test/auto/TimeDelay2.xml
----------------- Instantiating /home/travis/build/icyphy/ptII/ptolemy/domains/continuous/test/auto/TimeDelay2.xml
7 ms. Memory: 259584K Free: 25158K (10%)
----------------- Invoking toplevel() on ptolemy.moml.MoMLSimpleApplication@6861a6da
----------------- Done invoking toplevel() on ptolemy.moml.MoMLSimpleApplication@6861a6da
reloadAllAccessors: .TimeDelay2

===========================================================================================
----------------- testing Thu Jun 14 01:32:56 UTC 2018 /home/travis/build/icyphy/ptII/ptolemy/domains/continuous/test/auto/TimeDelay3.xml
----------------- Instantiating /home/travis/build/icyphy/ptII/ptolemy/domains/continuous/test/auto/TimeDelay3.xml
9 ms. Memory: 245248K Free: 176305K (72%)
----------------- Invoking toplevel() on ptolemy.moml.MoMLSimpleApplication@5f0ffce0
----------------- Done invoking toplevel() on ptolemy.moml.MoMLSimpleApplication@5f0ffce0
reloadAllAccessors: .TimeDelay3

===========================================================================================
----------------- testing Thu Jun 14 01:32:56 UTC 2018 /home/travis/build/icyphy/ptII/ptolemy/domains/continuous/test/auto/TransferAbsentToInside.xml
----------------- Instantiating /home/travis/build/icyphy/ptII/ptolemy/domains/continuous/test/auto/TransferAbsentToInside.xml
35 ms. Memory: 245248K Free: 116937K (48%)
----------------- Invoking toplevel() on ptolemy.moml.MoMLSimpleApplication@1dcd42e8
----------------- Done invoking toplevel() on ptolemy.moml.MoMLSimpleApplication@1dcd42e8
reloadAllAccessors: .TransferAbsentToInside

===========================================================================================
----------------- testing Thu Jun 14 01:32:56 UTC 2018 /home/travis/build/icyphy/ptII/ptolemy/domains/continuous/test/auto/Transmission.xml
----------------- Instantiating /home/travis/build/icyphy/ptII/ptolemy/domains/continuous/test/auto/Transmission.xml
703 ms. Memory: 245760K Free: 44396K (18%)
----------------- Invoking toplevel() on ptolemy.moml.MoMLSimpleApplication@77117182
----------------- Done invoking toplevel() on ptolemy.moml.MoMLSimpleApplication@77117182
reloadAllAccessors: .Transmission

===========================================================================================
----------------- testing Thu Jun 14 01:32:57 UTC 2018 /home/travis/build/icyphy/ptII/ptolemy/domains/continuous/test/auto/TriggeredContinuousClock.xml
----------------- Instantiating /home/travis/build/icyphy/ptII/ptolemy/domains/continuous/test/auto/TriggeredContinuousClock.xml
42 ms. Memory: 232448K Free: 154227K (66%)
----------------- Invoking toplevel() on ptolemy.moml.MoMLSimpleApplication@5898fd8f
----------------- Done invoking toplevel() on ptolemy.moml.MoMLSimpleApplication@5898fd8f
reloadAllAccessors: .TriggeredContinuousClock

===========================================================================================
----------------- testing Thu Jun 14 01:32:57 UTC 2018 /home/travis/build/icyphy/ptII/ptolemy/domains/continuous/test/auto/TwoMachineInfiniteBusControl.xml
----------------- Instantiating /home/travis/build/icyphy/ptII/ptolemy/domains/continuous/test/auto/TwoMachineInfiniteBusControl.xml
2743 ms. Memory: 256512K Free: 133258K (52%)
----------------- Invoking toplevel() on ptolemy.moml.MoMLSimpleApplication@104772c
----------------- Done invoking toplevel() on ptolemy.moml.MoMLSimpleApplication@104772c
reloadAllAccessors: .TwoMachineInfiniteBusControl

===========================================================================================
----------------- testing Thu Jun 14 01:33:00 UTC 2018 /home/travis/build/icyphy/ptII/ptolemy/domains/continuous/test/auto/V2V.xml
----------------- Instantiating /home/travis/build/icyphy/ptII/ptolemy/domains/continuous/test/auto/V2V.xml
700 ms. Memory: 244224K Free: 95236K (39%)
----------------- Invoking toplevel() on ptolemy.moml.MoMLSimpleApplication@51a9fe82
----------------- Done invoking toplevel() on ptolemy.moml.MoMLSimpleApplication@51a9fe82
reloadAllAccessors: .V2V

===========================================================================================
----------------- testing Thu Jun 14 01:33:00 UTC 2018 /home/travis/build/icyphy/ptII/ptolemy/domains/continuous/test/auto/hierarchicalModalModel.xml
----------------- Instantiating /home/travis/build/icyphy/ptII/ptolemy/domains/continuous/test/auto/hierarchicalModalModel.xml
8 ms. Memory: 244224K Free: 78255K (32%)
----------------- Invoking toplevel() on ptolemy.moml.MoMLSimpleApplication@2b076665
----------------- Done invoking toplevel() on ptolemy.moml.MoMLSimpleApplication@2b076665
reloadAllAccessors: .hierarchicalModalModel

===========================================================================================
----------------- testing Thu Jun 14 01:33:00 UTC 2018 /home/travis/build/icyphy/ptII/ptolemy/domains/continuous/test/auto/hierarchicalModalModel1.xml
----------------- Instantiating /home/travis/build/icyphy/ptII/ptolemy/domains/continuous/test/auto/hierarchicalModalModel1.xml
8 ms. Memory: 244224K Free: 62132K (25%)
----------------- Invoking toplevel() on ptolemy.moml.MoMLSimpleApplication@3f28352c
----------------- Done invoking toplevel() on ptolemy.moml.MoMLSimpleApplication@3f28352c
reloadAllAccessors: .hierarchicalModalModel1

===========================================================================================
----------------- testing Thu Jun 14 01:33:01 UTC 2018 /home/travis/build/icyphy/ptII/ptolemy/domains/continuous/test/auto/hierarchicalModalModel2.xml
----------------- Instantiating /home/travis/build/icyphy/ptII/ptolemy/domains/continuous/test/auto/hierarchicalModalModel2.xml
6 ms. Memory: 244224K Free: 47098K (19%)
----------------- Invoking toplevel() on ptolemy.moml.MoMLSimpleApplication@161a003d
----------------- Done invoking toplevel() on ptolemy.moml.MoMLSimpleApplication@161a003d
reloadAllAccessors: .hierarchicalModalModel2

===========================================================================================
----------------- testing Thu Jun 14 01:33:01 UTC 2018 /home/travis/build/icyphy/ptII/ptolemy/domains/continuous/test/auto/hierarchicalModalModel3.xml
----------------- Instantiating /home/travis/build/icyphy/ptII/ptolemy/domains/continuous/test/auto/hierarchicalModalModel3.xml
8 ms. Memory: 244224K Free: 34261K (14%)
----------------- Invoking toplevel() on ptolemy.moml.MoMLSimpleApplication@1b25150a
----------------- Done invoking toplevel() on ptolemy.moml.MoMLSimpleApplication@1b25150a
reloadAllAccessors: .hierarchicalModalModel3

===========================================================================================
----------------- testing Thu Jun 14 01:33:01 UTC 2018 /home/travis/build/icyphy/ptII/ptolemy/domains/continuous/test/auto/hierarchicalModalModel4.xml
----------------- Instantiating /home/travis/build/icyphy/ptII/ptolemy/domains/continuous/test/auto/hierarchicalModalModel4.xml
5 ms. Memory: 244224K Free: 20330K (8%)
----------------- Invoking toplevel() on ptolemy.moml.MoMLSimpleApplication@5889b12
----------------- Done invoking toplevel() on ptolemy.moml.MoMLSimpleApplication@5889b12
reloadAllAccessors: .hierarchicalModalModel4

===========================================================================================
----------------- testing Thu Jun 14 01:33:01 UTC 2018 /home/travis/build/icyphy/ptII/ptolemy/domains/continuous/test/auto/junk.xml
----------------- Instantiating /home/travis/build/icyphy/ptII/ptolemy/domains/continuous/test/auto/junk.xml
139 ms. Memory: 237568K Free: 144392K (61%)
----------------- Invoking toplevel() on ptolemy.moml.MoMLSimpleApplication@4724c9a0
----------------- Done invoking toplevel() on ptolemy.moml.MoMLSimpleApplication@4724c9a0
reloadAllAccessors: .junk
AutoTests.java: About to close Vertx.
AutoTests.java: Vertx closed.
]]></system-out>
  <system-err><![CDATA[Warning: '.HysteresisWithRandomDelay.NonStrictTest3' The test produced only 27 tokens, yet the correctValues parameter was expecting 30 tokens.
]]></system-err>
</testsuite>
