<?xml version="1.0" encoding="UTF-8" ?>
<testsuite errors="0" failures="0" hostname="travis-job-567e1d99-070b-44f6-a740-07e49dcf982a" name="ptolemy.domains.de.test.junit.JUnitTclTest" skipped="0" tests="101" time="128.104" timestamp="2019-03-02T03:41:11">
  <properties>
[...]
</properties>
  <testcase classname="ptolemy.util.test.junit.TclTests" name="[0] /home/travis/build/icyphy/ptII/ptolemy/domains/de/test/DependencyLoop.tcl (RunTclFile)" time="0.714" />
  <testcase classname="ptolemy.util.test.junit.TclTests" name="[1] /home/travis/build/icyphy/ptII/ptolemy/domains/de/test/RunDETestsAsQSS.tcl (RunTclFile)" time="88.304" />
  <testcase classname="ptolemy.util.test.junit.AutoKnownFailedTests" name="[0] /home/travis/build/icyphy/ptII/ptolemy/domains/de/test/auto/knownFailedTests/DESDFClockTest.xml (RunModel)" time="2.025" />
  <testcase classname="ptolemy.util.test.junit.AutoKnownFailedTests" name="[1] /home/travis/build/icyphy/ptII/ptolemy/domains/de/test/auto/knownFailedTests/DirectFeedback.xml (RunModel)" time="0.009" />
  <testcase classname="ptolemy.util.test.junit.AutoKnownFailedTests" name="[2] /home/travis/build/icyphy/ptII/ptolemy/domains/de/test/auto/knownFailedTests/FSMSource.xml (RunModel)" time="0.013" />
  <testcase classname="ptolemy.util.test.junit.AutoKnownFailedTests" name="[3] /home/travis/build/icyphy/ptII/ptolemy/domains/de/test/auto/knownFailedTests/HierarchicalModel.xml (RunModel)" time="0.027" />
  <testcase classname="ptolemy.util.test.junit.AutoKnownFailedTests" name="[4] /home/travis/build/icyphy/ptII/ptolemy/domains/de/test/auto/knownFailedTests/dependencyLoop.xml (RunModel)" time="0.034" />
  <testcase classname="ptolemy.util.test.junit.AutoKnownFailedTests" name="[5] /home/travis/build/icyphy/ptII/ptolemy/domains/de/test/auto/knownFailedTests/dependencyLoop2.xml (RunModel)" time="0.035" />
  <testcase classname="ptolemy.util.test.junit.AutoNameArchTests" name="[0] ThereAreNoAutoArchTests (RunModel)" time="0.001" />
  <testcase classname="ptolemy.util.test.junit.AutoTests" name="[0] /home/travis/build/icyphy/ptII/ptolemy/domains/de/test/auto/ActorDepthCalculation_actorWithoutPorts.xml (RunModel)" time="0.01" />
  <testcase classname="ptolemy.util.test.junit.AutoTests" name="[1] /home/travis/build/icyphy/ptII/ptolemy/domains/de/test/auto/AssemblyLine.xml (RunModel)" time="0.013" />
  <testcase classname="ptolemy.util.test.junit.AutoTests" name="[2] /home/travis/build/icyphy/ptII/ptolemy/domains/de/test/auto/CQBug1.xml (RunModel)" time="0.006" />
  <testcase classname="ptolemy.util.test.junit.AutoTests" name="[3] /home/travis/build/icyphy/ptII/ptolemy/domains/de/test/auto/CancelFireAt.xml (RunModel)" time="0.006" />
  <testcase classname="ptolemy.util.test.junit.AutoTests" name="[4] /home/travis/build/icyphy/ptII/ptolemy/domains/de/test/auto/CausalityAndComposabilityAnalysis.xml (RunModel)" time="0.009" />
  <testcase classname="ptolemy.util.test.junit.AutoTests" name="[5] /home/travis/build/icyphy/ptII/ptolemy/domains/de/test/auto/CausalityInterface1.xml (RunModel)" time="0.01" />
  <testcase classname="ptolemy.util.test.junit.AutoTests" name="[6] /home/travis/build/icyphy/ptII/ptolemy/domains/de/test/auto/CausalityInterface15.xml (RunModel)" time="0.009" />
  <testcase classname="ptolemy.util.test.junit.AutoTests" name="[7] /home/travis/build/icyphy/ptII/ptolemy/domains/de/test/auto/CausalityInterface2.xml (RunModel)" time="0.009" />
  <testcase classname="ptolemy.util.test.junit.AutoTests" name="[8] /home/travis/build/icyphy/ptII/ptolemy/domains/de/test/auto/CausalityInterface3.xml (RunModel)" time="0.008" />
  <testcase classname="ptolemy.util.test.junit.AutoTests" name="[9] /home/travis/build/icyphy/ptII/ptolemy/domains/de/test/auto/ClockDrift.xml (RunModel)" time="0.025" />
  <testcase classname="ptolemy.util.test.junit.AutoTests" name="[10] /home/travis/build/icyphy/ptII/ptolemy/domains/de/test/auto/ClockDriftAndValueChange.xml (RunModel)" time="0.024" />
  <testcase classname="ptolemy.util.test.junit.AutoTests" name="[11] /home/travis/build/icyphy/ptII/ptolemy/domains/de/test/auto/ClockDriftChange.xml (RunModel)" time="0.021" />
  <testcase classname="ptolemy.util.test.junit.AutoTests" name="[12] /home/travis/build/icyphy/ptII/ptolemy/domains/de/test/auto/ComposableCausalityAnalysis.xml (RunModel)" time="0.017" />
  <testcase classname="ptolemy.util.test.junit.AutoTests" name="[13] /home/travis/build/icyphy/ptII/ptolemy/domains/de/test/auto/DEFixedPointLimitation.xml (RunModel)" time="0.007" />
  <testcase classname="ptolemy.util.test.junit.AutoTests" name="[14] /home/travis/build/icyphy/ptII/ptolemy/domains/de/test/auto/DEScheduleTest.xml (RunModel)" time="0.009" />
  <testcase classname="ptolemy.util.test.junit.AutoTests" name="[15] /home/travis/build/icyphy/ptII/ptolemy/domains/de/test/auto/DEinDEwithStartTimes.xml (RunModel)" time="0.01" />
  <testcase classname="ptolemy.util.test.junit.AutoTests" name="[16] /home/travis/build/icyphy/ptII/ptolemy/domains/de/test/auto/DEinDEwithStartTimes2.xml (RunModel)" time="0.01" />
  <testcase classname="ptolemy.util.test.junit.AutoTests" name="[17] /home/travis/build/icyphy/ptII/ptolemy/domains/de/test/auto/DateDemo.xml (RunModel)" time="0.023" />
  <testcase classname="ptolemy.util.test.junit.AutoTests" name="[18] /home/travis/build/icyphy/ptII/ptolemy/domains/de/test/auto/DateToEvent.xml (RunModel)" time="2.031" />
  <testcase classname="ptolemy.util.test.junit.AutoTests" name="[19] /home/travis/build/icyphy/ptII/ptolemy/domains/de/test/auto/DepthTest1.xml (RunModel)" time="0.013" />
  <testcase classname="ptolemy.util.test.junit.AutoTests" name="[20] /home/travis/build/icyphy/ptII/ptolemy/domains/de/test/auto/DepthTest2.xml (RunModel)" time="0.013" />
  <testcase classname="ptolemy.util.test.junit.AutoTests" name="[21] /home/travis/build/icyphy/ptII/ptolemy/domains/de/test/auto/DepthTest3.xml (RunModel)" time="0.01" />
  <testcase classname="ptolemy.util.test.junit.AutoTests" name="[22] /home/travis/build/icyphy/ptII/ptolemy/domains/de/test/auto/DepthTest4.xml (RunModel)" time="0.009" />
  <testcase classname="ptolemy.util.test.junit.AutoTests" name="[23] /home/travis/build/icyphy/ptII/ptolemy/domains/de/test/auto/DepthTest5.xml (RunModel)" time="0.011" />
  <testcase classname="ptolemy.util.test.junit.AutoTests" name="[24] /home/travis/build/icyphy/ptII/ptolemy/domains/de/test/auto/DepthTest6.xml (RunModel)" time="0.011" />
  <testcase classname="ptolemy.util.test.junit.AutoTests" name="[25] /home/travis/build/icyphy/ptII/ptolemy/domains/de/test/auto/DepthTest7.xml (RunModel)" time="0.009" />
  <testcase classname="ptolemy.util.test.junit.AutoTests" name="[26] /home/travis/build/icyphy/ptII/ptolemy/domains/de/test/auto/EventToDate.xml (RunModel)" time="3.026" />
  <testcase classname="ptolemy.util.test.junit.AutoTests" name="[27] /home/travis/build/icyphy/ptII/ptolemy/domains/de/test/auto/FSM1.xml (RunModel)" time="0.042" />
  <testcase classname="ptolemy.util.test.junit.AutoTests" name="[28] /home/travis/build/icyphy/ptII/ptolemy/domains/de/test/auto/FSM7.xml (RunModel)" time="0.045" />
  <testcase classname="ptolemy.util.test.junit.AutoTests" name="[29] /home/travis/build/icyphy/ptII/ptolemy/domains/de/test/auto/Inspection.xml (RunModel)" time="0.039" />
  <testcase classname="ptolemy.util.test.junit.AutoTests" name="[30] /home/travis/build/icyphy/ptII/ptolemy/domains/de/test/auto/Iteration.xml (RunModel)" time="0.019" />
  <testcase classname="ptolemy.util.test.junit.AutoTests" name="[31] /home/travis/build/icyphy/ptII/ptolemy/domains/de/test/auto/LineFault.xml (RunModel)" time="0.418" />
  <testcase classname="ptolemy.util.test.junit.AutoTests" name="[32] /home/travis/build/icyphy/ptII/ptolemy/domains/de/test/auto/MergeModel1Add.xml (RunModel)" time="0.03" />
  <testcase classname="ptolemy.util.test.junit.AutoTests" name="[33] /home/travis/build/icyphy/ptII/ptolemy/domains/de/test/auto/MergeModel2Add.xml (RunModel)" time="0.022" />
  <testcase classname="ptolemy.util.test.junit.AutoTests" name="[34] /home/travis/build/icyphy/ptII/ptolemy/domains/de/test/auto/MergeModel3Add.xml (RunModel)" time="0.021" />
  <testcase classname="ptolemy.util.test.junit.AutoTests" name="[35] /home/travis/build/icyphy/ptII/ptolemy/domains/de/test/auto/MergeWithoutDiscard.xml (RunModel)" time="0.008" />
  <testcase classname="ptolemy.util.test.junit.AutoTests" name="[36] /home/travis/build/icyphy/ptII/ptolemy/domains/de/test/auto/Modal1.xml (RunModel)" time="0.016" />
  <testcase classname="ptolemy.util.test.junit.AutoTests" name="[37] /home/travis/build/icyphy/ptII/ptolemy/domains/de/test/auto/Modal2.xml (RunModel)" time="0.017" />
  <testcase classname="ptolemy.util.test.junit.AutoTests" name="[38] /home/travis/build/icyphy/ptII/ptolemy/domains/de/test/auto/Modal3.xml (RunModel)" time="0.022" />
  <testcase classname="ptolemy.util.test.junit.AutoTests" name="[39] /home/travis/build/icyphy/ptII/ptolemy/domains/de/test/auto/Modal4.xml (RunModel)" time="0.019" />
  <testcase classname="ptolemy.util.test.junit.AutoTests" name="[40] /home/travis/build/icyphy/ptII/ptolemy/domains/de/test/auto/Modal5.xml (RunModel)" time="0.019" />
  <testcase classname="ptolemy.util.test.junit.AutoTests" name="[41] /home/travis/build/icyphy/ptII/ptolemy/domains/de/test/auto/Modal6.xml (RunModel)" time="0.02" />
  <testcase classname="ptolemy.util.test.junit.AutoTests" name="[42] /home/travis/build/icyphy/ptII/ptolemy/domains/de/test/auto/Modal7.xml (RunModel)" time="0.025" />
  <testcase classname="ptolemy.util.test.junit.AutoTests" name="[43] /home/travis/build/icyphy/ptII/ptolemy/domains/de/test/auto/ModalModel.xml (RunModel)" time="0.123" />
  <testcase classname="ptolemy.util.test.junit.AutoTests" name="[44] /home/travis/build/icyphy/ptII/ptolemy/domains/de/test/auto/ModalSource.xml (RunModel)" time="0.021" />
  <testcase classname="ptolemy.util.test.junit.AutoTests" name="[45] /home/travis/build/icyphy/ptII/ptolemy/domains/de/test/auto/NonInterruptibleTimerZeroDelay.xml (RunModel)" time="0.007" />
  <testcase classname="ptolemy.util.test.junit.AutoTests" name="[46] /home/travis/build/icyphy/ptII/ptolemy/domains/de/test/auto/OpenQueueingNetwork.xml (RunModel)" time="2.134" />
  <testcase classname="ptolemy.util.test.junit.AutoTests" name="[47] /home/travis/build/icyphy/ptII/ptolemy/domains/de/test/auto/OpenQueuingNetwork.xml (RunModel)" time="0.276" />
  <testcase classname="ptolemy.util.test.junit.AutoTests" name="[48] /home/travis/build/icyphy/ptII/ptolemy/domains/de/test/auto/PeriodicSampler.xml (RunModel)" time="0.007" />
  <testcase classname="ptolemy.util.test.junit.AutoTests" name="[49] /home/travis/build/icyphy/ptII/ptolemy/domains/de/test/auto/PersistentIO.xml (RunModel)" time="0.017" />
  <testcase classname="ptolemy.util.test.junit.AutoTests" name="[50] /home/travis/build/icyphy/ptII/ptolemy/domains/de/test/auto/PortParameterResetOnInitialize.xml (RunModel)" time="0.009" />
  <testcase classname="ptolemy.util.test.junit.AutoTests" name="[51] /home/travis/build/icyphy/ptII/ptolemy/domains/de/test/auto/PortParameterUpdates.xml (RunModel)" time="0.015" />
  <testcase classname="ptolemy.util.test.junit.AutoTests" name="[52] /home/travis/build/icyphy/ptII/ptolemy/domains/de/test/auto/QueueAndServer.xml (RunModel)" time="0.02" />
  <testcase classname="ptolemy.util.test.junit.AutoTests" name="[53] /home/travis/build/icyphy/ptII/ptolemy/domains/de/test/auto/Records.xml (RunModel)" time="0.018" />
  <testcase classname="ptolemy.util.test.junit.AutoTests" name="[54] /home/travis/build/icyphy/ptII/ptolemy/domains/de/test/auto/ResetTransitionWithStartTime1.xml (RunModel)" time="0.019" />
  <testcase classname="ptolemy.util.test.junit.AutoTests" name="[55] /home/travis/build/icyphy/ptII/ptolemy/domains/de/test/auto/ResetTransitionWithStartTime2.xml (RunModel)" time="0.016" />
  <testcase classname="ptolemy.util.test.junit.AutoTests" name="[56] /home/travis/build/icyphy/ptII/ptolemy/domains/de/test/auto/ResetTransitionWithStartTime3.xml (RunModel)" time="0.019" />
  <testcase classname="ptolemy.util.test.junit.AutoTests" name="[57] /home/travis/build/icyphy/ptII/ptolemy/domains/de/test/auto/ResetTransitionWithStartTime4.xml (RunModel)" time="0.015" />
  <testcase classname="ptolemy.util.test.junit.AutoTests" name="[58] /home/travis/build/icyphy/ptII/ptolemy/domains/de/test/auto/ResettableTimer1.xml (RunModel)" time="0.009" />
  <testcase classname="ptolemy.util.test.junit.AutoTests" name="[59] /home/travis/build/icyphy/ptII/ptolemy/domains/de/test/auto/ResettableTimer2.xml (RunModel)" time="0.009" />
  <testcase classname="ptolemy.util.test.junit.AutoTests" name="[60] /home/travis/build/icyphy/ptII/ptolemy/domains/de/test/auto/ResettableTimer3.xml (RunModel)" time="0.009" />
  <testcase classname="ptolemy.util.test.junit.AutoTests" name="[61] /home/travis/build/icyphy/ptII/ptolemy/domains/de/test/auto/ResettableTimer4.xml (RunModel)" time="0.012" />
  <testcase classname="ptolemy.util.test.junit.AutoTests" name="[62] /home/travis/build/icyphy/ptII/ptolemy/domains/de/test/auto/ResettableTimer5.xml (RunModel)" time="0.01" />
  <testcase classname="ptolemy.util.test.junit.AutoTests" name="[63] /home/travis/build/icyphy/ptII/ptolemy/domains/de/test/auto/ResettableTimer6.xml (RunModel)" time="0.018" />
  <testcase classname="ptolemy.util.test.junit.AutoTests" name="[64] /home/travis/build/icyphy/ptII/ptolemy/domains/de/test/auto/ServerZeroDelay.xml (RunModel)" time="0.016" />
  <testcase classname="ptolemy.util.test.junit.AutoTests" name="[65] /home/travis/build/icyphy/ptII/ptolemy/domains/de/test/auto/SmartSender.xml (RunModel)" time="3.009" />
  <testcase classname="ptolemy.util.test.junit.AutoTests" name="[66] /home/travis/build/icyphy/ptII/ptolemy/domains/de/test/auto/ThreadedComposite.xml (RunModel)" time="0.119" />
  <testcase classname="ptolemy.util.test.junit.AutoTests" name="[67] /home/travis/build/icyphy/ptII/ptolemy/domains/de/test/auto/Time.xml (RunModel)" time="0.425" />
  <testcase classname="ptolemy.util.test.junit.AutoTests" name="[68] /home/travis/build/icyphy/ptII/ptolemy/domains/de/test/auto/TimeDelayZeroDelay.xml (RunModel)" time="0.009" />
  <testcase classname="ptolemy.util.test.junit.AutoTests" name="[69] /home/travis/build/icyphy/ptII/ptolemy/domains/de/test/auto/TimerZeroDelay.xml (RunModel)" time="0.008" />
  <testcase classname="ptolemy.util.test.junit.AutoTests" name="[70] /home/travis/build/icyphy/ptII/ptolemy/domains/de/test/auto/TimingParadox.xml (RunModel)" time="0.34" />
  <testcase classname="ptolemy.util.test.junit.AutoTests" name="[71] /home/travis/build/icyphy/ptII/ptolemy/domains/de/test/auto/TransferInputs.xml (RunModel)" time="0.008" />
  <testcase classname="ptolemy.util.test.junit.AutoTests" name="[72] /home/travis/build/icyphy/ptII/ptolemy/domains/de/test/auto/TransferOutputs2.xml (RunModel)" time="0.014" />
  <testcase classname="ptolemy.util.test.junit.AutoTests" name="[73] /home/travis/build/icyphy/ptII/ptolemy/domains/de/test/auto/Trilateration.xml (RunModel)" time="11.482" />
  <testcase classname="ptolemy.util.test.junit.AutoTests" name="[74] /home/travis/build/icyphy/ptII/ptolemy/domains/de/test/auto/TwoSigmaDelta.xml (RunModel)" time="2.114" />
  <testcase classname="ptolemy.util.test.junit.AutoTests" name="[75] /home/travis/build/icyphy/ptII/ptolemy/domains/de/test/auto/VariableDelay.xml (RunModel)" time="0.012" />
  <testcase classname="ptolemy.util.test.junit.AutoTests" name="[76] /home/travis/build/icyphy/ptII/ptolemy/domains/de/test/auto/VariableDelay2.xml (RunModel)" time="0.008" />
  <testcase classname="ptolemy.util.test.junit.AutoTests" name="[77] /home/travis/build/icyphy/ptII/ptolemy/domains/de/test/auto/VariableDelayZeroDelay.xml (RunModel)" time="0.011" />
  <testcase classname="ptolemy.util.test.junit.AutoTests" name="[78] /home/travis/build/icyphy/ptII/ptolemy/domains/de/test/auto/VariableDelayZeroDelay2.xml (RunModel)" time="0.01" />
  <testcase classname="ptolemy.util.test.junit.AutoTests" name="[79] /home/travis/build/icyphy/ptII/ptolemy/domains/de/test/auto/deInCt.xml (RunModel)" time="0.013" />
  <testcase classname="ptolemy.util.test.junit.AutoTests" name="[80] /home/travis/build/icyphy/ptII/ptolemy/domains/de/test/auto/deInCt2.xml (RunModel)" time="0.012" />
  <testcase classname="ptolemy.util.test.junit.AutoTests" name="[81] /home/travis/build/icyphy/ptII/ptolemy/domains/de/test/auto/dynamicCausalityInterface1.xml (RunModel)" time="0.016" />
  <testcase classname="ptolemy.util.test.junit.AutoTests" name="[82] /home/travis/build/icyphy/ptII/ptolemy/domains/de/test/auto/fsm_de_test.xml (RunModel)" time="0.039" />
  <testcase classname="ptolemy.util.test.junit.AutoTests" name="[83] /home/travis/build/icyphy/ptII/ptolemy/domains/de/test/auto/functionDependencyReconstruction.xml (RunModel)" time="0.028" />
  <testcase classname="ptolemy.util.test.junit.AutoTests" name="[84] /home/travis/build/icyphy/ptII/ptolemy/domains/de/test/auto/multirate.xml (RunModel)" time="0.014" />
  <testcase classname="ptolemy.util.test.junit.AutoTests" name="[85] /home/travis/build/icyphy/ptII/ptolemy/domains/de/test/auto/multirate2.xml (RunModel)" time="0.013" />
  <testcase classname="ptolemy.util.test.junit.AutoTests" name="[86] /home/travis/build/icyphy/ptII/ptolemy/domains/de/test/auto/realtime.xml (RunModel)" time="10.013" />
  <testcase classname="ptolemy.util.test.junit.AutoTests" name="[87] /home/travis/build/icyphy/ptII/ptolemy/domains/de/test/auto/relationGroup.xml (RunModel)" time="0.012" />
  <testcase classname="ptolemy.util.test.junit.AutoTests" name="[88] /home/travis/build/icyphy/ptII/ptolemy/domains/de/test/auto/relationGroup2.xml (RunModel)" time="0.014" />
  <testcase classname="ptolemy.util.test.junit.AutoTests" name="[89] /home/travis/build/icyphy/ptII/ptolemy/domains/de/test/auto/sortWithOpaquePorts.xml (RunModel)" time="0.007" />
  <testcase classname="ptolemy.util.test.junit.AutoTests" name="[90] /home/travis/build/icyphy/ptII/ptolemy/domains/de/test/auto/transferInputsandOutputs.xml (RunModel)" time="0.014" />
  <testcase classname="ptolemy.util.test.junit.AutoTests" name="[91] /home/travis/build/icyphy/ptII/ptolemy/domains/de/test/auto/triggerType.xml (RunModel)" time="0.006" />
  <system-out><![CDATA[/home/travis/build/icyphy/ptII/ptolemy/domains/de/test/DependencyLoop.tcl
testDefs.tcl: setting time out to 9000 seconds at Sat Mar 02 03:41:11 UTC 2019
15 ms. Memory: 116224K Free: 97602K (84%)
22 ms. Memory: 146944K Free: 141205K (96%)
/home/travis/build/icyphy/ptII/ptolemy/domains/de/test/RunDETestsAsQSS.tcl
Run the DE tests using ptolemy.domains.qss.test.QSSDirectorTest, which extends QSSDirector and prints a message in the constructors.
------------------ testing $PTII/ptolemy/domains/de/test/auto/knownFailedTests/dependencyLoop.xml (Known Failure) 
11 ms. Memory: 146944K Free: 136959K (93%)


==== $PTIIhome/travis/build/icyphy/ptII/ptolemy/domains/de/test/../../../../: Auto Automatic test in file $PTII/ptolemy/domains/de/test/auto/knownFailedTests/dependencyLoop.xml
==== Contents of test case:

	    # FIXME: we should use $relativeFilename here, but it
	    # might have backslashes under Windows, which causes no end
	    # of trouble.
	    createAndExecute $file
	    list {}
	
.... Test generated KNOWN error:
    while executing
ptolemy.kernel.util.IllegalActionException: Found a zero delay loop containing .dependencyLoop.original
  in .dependencyLoop and .dependencyLoop.original
	at ptolemy.actor.util.CausalityInterfaceForComposites._computeOutputPortDepth(CausalityInterfaceForComposites.java:759)
	at ptolemy.actor.util.CausalityInterfaceForComposites._computeInputDepth(CausalityInterfaceForComposites.java:696)
	at ptolemy.actor.util.CausalityInterfaceForComposites._computeOutputPortDepth(CausalityInterfaceForComposites.java:765)
	at ptolemy.actor.util.CausalityInterfaceForComposites._computeInputDepth(CausalityInterfaceForComposites.java:696)
	at ptolemy.actor.util.CausalityInterfaceForComposites._computeOutputPortDepth(CausalityInterfaceForComposites.java:765)
	at ptolemy.actor.util.CausalityInterfaceForComposites._computeInputDepth(CausalityInterfaceForComposites.java:696)
	at ptolemy.actor.util.CausalityInterfaceForComposites._computeActorDepth(CausalityInterfaceForComposites.java:532)
	at ptolemy.actor.util.CausalityInterfaceForComposites.checkForCycles(CausalityInterfaceForComposites.java:96)
	at ptolemy.domains.de.kernel.DEDirector.preinitialize(DEDirector.java:1338)
	at ptolemy.actor.CompositeActor.preinitialize(CompositeActor.java:1828)
	at ptolemy.actor.Manager.preinitializeAndResolveTypes(Manager.java:1040)
	at ptolemy.actor.Manager.initialize(Manager.java:710)
	at ptolemy.actor.Manager.execute(Manager.java:356)
	at ptolemy.actor.Manager.run(Manager.java:1263)
	at ptolemy.actor.Manager$PtolemyRunThread.run(Manager.java:1915)

    while executing
ptolemy.kernel.util.IllegalActionException: Found a zero delay loop containing .dependencyLoop.original
  in .dependencyLoop and .dependencyLoop.original
    while executing
"java::new ptolemy.moml.MoMLSimpleApplication $file
"
    (procedure "createAndExecute" line 2)
    invoked from within
"createAndExecute $file"
    ("uplevel" body line 5)
    invoked from within
"uplevel $contents_of_test"
------------------ testing $PTII/ptolemy/domains/de/test/auto/knownFailedTests/DESDFClockTest.xml (Known Failure) 
2084 ms. Memory: 146944K Free: 121396K (83%)


==== $PTIIhome/travis/build/icyphy/ptII/ptolemy/domains/de/test/../../../../: Auto Automatic test in file $PTII/ptolemy/domains/de/test/auto/knownFailedTests/DESDFClockTest.xml
==== Contents of test case:

	    # FIXME: we should use $relativeFilename here, but it
	    # might have backslashes under Windows, which causes no end
	    # of trouble.
	    createAndExecute $file
	    list {}
	
.... Test generated KNOWN error:
    while executing
ptolemy.kernel.util.IllegalActionException: Actor is not ready to fire.  Perhaps UpSample.prefire() returned false? Try debugging the actor by selecting "Listen to Actor".  Also, for SDF check moml for tokenConsumptionRate on input.
  in .DESDFClockTest.Play Bell.Copy1:SDF Director and .DESDFClockTest.Play Bell.UpSample
	at ptolemy.actor.sched.StaticSchedulingDirector.fire(StaticSchedulingDirector.java:227)
	at ptolemy.domains.sdf.kernel.SDFDirector.fire(SDFDirector.java:500)
	at ptolemy.actor.CompositeActor.fire(CompositeActor.java:455)
	at ptolemy.domains.de.kernel.DEDirector._fire(DEDirector.java:1949)
	at ptolemy.domains.de.kernel.DEDirector.fire(DEDirector.java:502)
	at ptolemy.actor.CompositeActor.fire(CompositeActor.java:455)
	at ptolemy.actor.Manager.iterate(Manager.java:851)
	at ptolemy.actor.Manager.execute(Manager.java:369)
	at ptolemy.actor.Manager.run(Manager.java:1263)
	at ptolemy.actor.Manager$PtolemyRunThread.run(Manager.java:1915)

    while executing
ptolemy.kernel.util.IllegalActionException: Actor is not ready to fire.  Perhaps UpSample.prefire() returned false? Try debugging the actor by selecting "Listen to Actor".  Also, for SDF check moml for tokenConsumptionRate on input.
  in .DESDFClockTest.Play Bell.Copy1:SDF Director and .DESDFClockTest.Play Bell.UpSample
    while executing
"java::new ptolemy.moml.MoMLSimpleApplication $file
"
    (procedure "createAndExecute" line 2)
    invoked from within
"createAndExecute $file"
    ("uplevel" body line 5)
    invoked from within
"uplevel $contents_of_test"
------------------ testing $PTII/ptolemy/domains/de/test/auto/knownFailedTests/FSMSource.xml (Known Failure) 
35 ms. Memory: 146944K Free: 111978K (76%)
!!!! Auto was marked as failing, but now passes
------------------ testing $PTII/ptolemy/domains/de/test/auto/knownFailedTests/dependencyLoop2.xml (Known Failure) 
6 ms. Memory: 146944K Free: 110119K (75%)


==== $PTIIhome/travis/build/icyphy/ptII/ptolemy/domains/de/test/../../../../: Auto Automatic test in file $PTII/ptolemy/domains/de/test/auto/knownFailedTests/dependencyLoop2.xml
==== Contents of test case:

	    # FIXME: we should use $relativeFilename here, but it
	    # might have backslashes under Windows, which causes no end
	    # of trouble.
	    createAndExecute $file
	    list {}
	
.... Test generated KNOWN error:
    while executing
ptolemy.kernel.util.IllegalActionException: Found a zero delay loop containing .dependencyLoop2.original
  in .dependencyLoop2 and .dependencyLoop2.original
	at ptolemy.actor.util.CausalityInterfaceForComposites._computeOutputPortDepth(CausalityInterfaceForComposites.java:759)
	at ptolemy.actor.util.CausalityInterfaceForComposites._computeInputDepth(CausalityInterfaceForComposites.java:696)
	at ptolemy.actor.util.CausalityInterfaceForComposites._computeOutputPortDepth(CausalityInterfaceForComposites.java:765)
	at ptolemy.actor.util.CausalityInterfaceForComposites._computeInputDepth(CausalityInterfaceForComposites.java:696)
	at ptolemy.actor.util.CausalityInterfaceForComposites._computeOutputPortDepth(CausalityInterfaceForComposites.java:765)
	at ptolemy.actor.util.CausalityInterfaceForComposites._computeInputDepth(CausalityInterfaceForComposites.java:696)
	at ptolemy.actor.util.CausalityInterfaceForComposites._computeActorDepth(CausalityInterfaceForComposites.java:532)
	at ptolemy.actor.util.CausalityInterfaceForComposites.checkForCycles(CausalityInterfaceForComposites.java:96)
	at ptolemy.domains.de.kernel.DEDirector.preinitialize(DEDirector.java:1338)
	at ptolemy.actor.CompositeActor.preinitialize(CompositeActor.java:1828)
	at ptolemy.actor.Manager.preinitializeAndResolveTypes(Manager.java:1040)
	at ptolemy.actor.Manager.initialize(Manager.java:710)
	at ptolemy.actor.Manager.execute(Manager.java:356)
	at ptolemy.actor.Manager.run(Manager.java:1263)
	at ptolemy.actor.Manager$PtolemyRunThread.run(Manager.java:1915)

    while executing
ptolemy.kernel.util.IllegalActionException: Found a zero delay loop containing .dependencyLoop2.original
  in .dependencyLoop2 and .dependencyLoop2.original
    while executing
"java::new ptolemy.moml.MoMLSimpleApplication $file
"
    (procedure "createAndExecute" line 2)
    invoked from within
"createAndExecute $file"
    ("uplevel" body line 5)
    invoked from within
"uplevel $contents_of_test"
------------------ testing $PTII/ptolemy/domains/de/test/auto/knownFailedTests/HierarchicalModel.xml (Known Failure) 
5 ms. Memory: 146944K Free: 90014K (61%)


==== $PTIIhome/travis/build/icyphy/ptII/ptolemy/domains/de/test/../../../../: Auto Automatic test in file $PTII/ptolemy/domains/de/test/auto/knownFailedTests/HierarchicalModel.xml
==== Contents of test case:

	    # FIXME: we should use $relativeFilename here, but it
	    # might have backslashes under Windows, which causes no end
	    # of trouble.
	    createAndExecute $file
	    list {}
	
.... Test generated KNOWN error:
    while executing
ptolemy.kernel.util.IllegalActionException: Found a zero delay loop containing .HierarchicalModel.A
  in .HierarchicalModel and .HierarchicalModel.A
	at ptolemy.actor.util.CausalityInterfaceForComposites._computeOutputPortDepth(CausalityInterfaceForComposites.java:759)
	at ptolemy.actor.util.CausalityInterfaceForComposites._computeInputDepth(CausalityInterfaceForComposites.java:696)
	at ptolemy.actor.util.CausalityInterfaceForComposites._computeOutputPortDepth(CausalityInterfaceForComposites.java:765)
	at ptolemy.actor.util.CausalityInterfaceForComposites._computeInputDepth(CausalityInterfaceForComposites.java:696)
	at ptolemy.actor.util.CausalityInterfaceForComposites._computeOutputPortDepth(CausalityInterfaceForComposites.java:765)
	at ptolemy.actor.util.CausalityInterfaceForComposites._computeInputDepth(CausalityInterfaceForComposites.java:696)
	at ptolemy.actor.util.CausalityInterfaceForComposites._computeActorDepth(CausalityInterfaceForComposites.java:532)
	at ptolemy.actor.util.CausalityInterfaceForComposites.checkForCycles(CausalityInterfaceForComposites.java:96)
	at ptolemy.domains.de.kernel.DEDirector.preinitialize(DEDirector.java:1338)
	at ptolemy.actor.CompositeActor.preinitialize(CompositeActor.java:1828)
	at ptolemy.actor.Manager.preinitializeAndResolveTypes(Manager.java:1040)
	at ptolemy.actor.Manager.initialize(Manager.java:710)
	at ptolemy.actor.Manager.execute(Manager.java:356)
	at ptolemy.actor.Manager.run(Manager.java:1263)
	at ptolemy.actor.Manager$PtolemyRunThread.run(Manager.java:1915)

    while executing
ptolemy.kernel.util.IllegalActionException: Found a zero delay loop containing .HierarchicalModel.A
  in .HierarchicalModel and .HierarchicalModel.A
    while executing
"java::new ptolemy.moml.MoMLSimpleApplication $file
"
    (procedure "createAndExecute" line 2)
    invoked from within
"createAndExecute $file"
    ("uplevel" body line 5)
    invoked from within
"uplevel $contents_of_test"
------------------ testing $PTII/ptolemy/domains/de/test/auto/knownFailedTests/DirectFeedback.xml (Known Failure) 
8 ms. Memory: 146944K Free: 85904K (58%)


==== $PTIIhome/travis/build/icyphy/ptII/ptolemy/domains/de/test/../../../../: Auto Automatic test in file $PTII/ptolemy/domains/de/test/auto/knownFailedTests/DirectFeedback.xml
==== Contents of test case:

	    # FIXME: we should use $relativeFilename here, but it
	    # might have backslashes under Windows, which causes no end
	    # of trouble.
	    createAndExecute $file
	    list {}
	
.... Test generated KNOWN error:
    while executing
ptolemy.kernel.util.IllegalActionException: Test fails in iteration 1.
Value was: 1.0. Should have been: 2.0
  in .DirectFeedback.Test
	at ptolemy.actor.lib.Test.fire(Test.java:268)
	at ptolemy.domains.de.kernel.DEDirector._fire(DEDirector.java:1949)
	at ptolemy.domains.de.kernel.DEDirector.fire(DEDirector.java:502)
	at ptolemy.actor.CompositeActor.fire(CompositeActor.java:455)
	at ptolemy.actor.Manager.iterate(Manager.java:851)
	at ptolemy.actor.Manager.execute(Manager.java:369)
	at ptolemy.actor.Manager.run(Manager.java:1263)
	at ptolemy.actor.Manager$PtolemyRunThread.run(Manager.java:1915)

    while executing
ptolemy.kernel.util.IllegalActionException: Test fails in iteration 1.
Value was: 1.0. Should have been: 2.0
  in .DirectFeedback.Test
    while executing
"java::new ptolemy.moml.MoMLSimpleApplication $file
"
    (procedure "createAndExecute" line 2)
    invoked from within
"createAndExecute $file"
    ("uplevel" body line 5)
    invoked from within
"uplevel $contents_of_test"
------------------ testing $PTII/ptolemy/domains/de/test/auto/ActorDepthCalculation_actorWithoutPorts.xml
auto.tcl: Setting watchdog for 200 seconds at Sat Mar 02 03:41:15 UTC 2019
4 ms. Memory: 146944K Free: 138938K (95%)
ptolemy.util.test.WatchDog.cancel(): canceling Sat Mar 02 03:41:15 UTC 2019
auto.tcl: Setting watchdog for 200 seconds at Sat Mar 02 03:41:15 UTC 2019
4 ms. Memory: 146944K Free: 137925K (94%)
ptolemy.util.test.WatchDog.cancel(): canceling Sat Mar 02 03:41:15 UTC 2019
------------------ testing $PTII/ptolemy/domains/de/test/auto/AssemblyLine.xml
auto.tcl: Setting watchdog for 200 seconds at Sat Mar 02 03:41:15 UTC 2019
12 ms. Memory: 208384K Free: 183447K (88%)
ptolemy.util.test.WatchDog.cancel(): canceling Sat Mar 02 03:41:15 UTC 2019
auto.tcl: Setting watchdog for 200 seconds at Sat Mar 02 03:41:15 UTC 2019
7 ms. Memory: 208384K Free: 183447K (88%)
ptolemy.util.test.WatchDog.cancel(): canceling Sat Mar 02 03:41:15 UTC 2019
------------------ testing $PTII/ptolemy/domains/de/test/auto/CQBug1.xml
auto.tcl: Setting watchdog for 200 seconds at Sat Mar 02 03:41:15 UTC 2019
4 ms. Memory: 208384K Free: 197925K (95%)
ptolemy.util.test.WatchDog.cancel(): canceling Sat Mar 02 03:41:15 UTC 2019
auto.tcl: Setting watchdog for 200 seconds at Sat Mar 02 03:41:15 UTC 2019
3 ms. Memory: 208384K Free: 197925K (95%)
ptolemy.util.test.WatchDog.cancel(): canceling Sat Mar 02 03:41:15 UTC 2019
------------------ testing $PTII/ptolemy/domains/de/test/auto/CancelFireAt.xml
auto.tcl: Setting watchdog for 200 seconds at Sat Mar 02 03:41:15 UTC 2019
7 ms. Memory: 208384K Free: 201573K (97%)
ptolemy.util.test.WatchDog.cancel(): canceling Sat Mar 02 03:41:15 UTC 2019
auto.tcl: Setting watchdog for 200 seconds at Sat Mar 02 03:41:15 UTC 2019
4 ms. Memory: 208384K Free: 199546K (96%)
ptolemy.util.test.WatchDog.cancel(): canceling Sat Mar 02 03:41:16 UTC 2019
------------------ testing $PTII/ptolemy/domains/de/test/auto/CausalityAndComposabilityAnalysis.xml
auto.tcl: Setting watchdog for 200 seconds at Sat Mar 02 03:41:16 UTC 2019
18 ms. Memory: 208384K Free: 198625K (95%)
ptolemy.util.test.WatchDog.cancel(): canceling Sat Mar 02 03:41:16 UTC 2019
auto.tcl: Setting watchdog for 200 seconds at Sat Mar 02 03:41:16 UTC 2019
5 ms. Memory: 208384K Free: 196597K (94%)
ptolemy.util.test.WatchDog.cancel(): canceling Sat Mar 02 03:41:16 UTC 2019
------------------ testing $PTII/ptolemy/domains/de/test/auto/CausalityInterface1.xml
auto.tcl: Setting watchdog for 200 seconds at Sat Mar 02 03:41:16 UTC 2019
10 ms. Memory: 208384K Free: 196535K (94%)
ptolemy.util.test.WatchDog.cancel(): canceling Sat Mar 02 03:41:16 UTC 2019
auto.tcl: Setting watchdog for 200 seconds at Sat Mar 02 03:41:16 UTC 2019
4 ms. Memory: 208384K Free: 196535K (94%)
ptolemy.util.test.WatchDog.cancel(): canceling Sat Mar 02 03:41:16 UTC 2019
------------------ testing $PTII/ptolemy/domains/de/test/auto/CausalityInterface15.xml
auto.tcl: Setting watchdog for 200 seconds at Sat Mar 02 03:41:16 UTC 2019
13 ms. Memory: 208384K Free: 196494K (94%)
ptolemy.util.test.WatchDog.cancel(): canceling Sat Mar 02 03:41:16 UTC 2019
auto.tcl: Setting watchdog for 200 seconds at Sat Mar 02 03:41:16 UTC 2019
4 ms. Memory: 208384K Free: 196494K (94%)
ptolemy.util.test.WatchDog.cancel(): canceling Sat Mar 02 03:41:16 UTC 2019
------------------ testing $PTII/ptolemy/domains/de/test/auto/CausalityInterface2.xml
auto.tcl: Setting watchdog for 200 seconds at Sat Mar 02 03:41:16 UTC 2019
4 ms. Memory: 208384K Free: 196510K (94%)
ptolemy.util.test.WatchDog.cancel(): canceling Sat Mar 02 03:41:16 UTC 2019
auto.tcl: Setting watchdog for 200 seconds at Sat Mar 02 03:41:16 UTC 2019
3 ms. Memory: 208384K Free: 196510K (94%)
ptolemy.util.test.WatchDog.cancel(): canceling Sat Mar 02 03:41:16 UTC 2019
------------------ testing $PTII/ptolemy/domains/de/test/auto/CausalityInterface3.xml
auto.tcl: Setting watchdog for 200 seconds at Sat Mar 02 03:41:16 UTC 2019
7 ms. Memory: 208384K Free: 196522K (94%)
ptolemy.util.test.WatchDog.cancel(): canceling Sat Mar 02 03:41:16 UTC 2019
auto.tcl: Setting watchdog for 200 seconds at Sat Mar 02 03:41:16 UTC 2019
5 ms. Memory: 208384K Free: 196522K (94%)
ptolemy.util.test.WatchDog.cancel(): canceling Sat Mar 02 03:41:16 UTC 2019
------------------ testing $PTII/ptolemy/domains/de/test/auto/ClockDrift.xml
auto.tcl: Setting watchdog for 200 seconds at Sat Mar 02 03:41:16 UTC 2019
99 ms. Memory: 208384K Free: 187972K (90%)
ptolemy.util.test.WatchDog.cancel(): canceling Sat Mar 02 03:41:16 UTC 2019
auto.tcl: Setting watchdog for 200 seconds at Sat Mar 02 03:41:16 UTC 2019
66 ms. Memory: 208384K Free: 185945K (89%)
ptolemy.util.test.WatchDog.cancel(): canceling Sat Mar 02 03:41:16 UTC 2019
------------------ testing $PTII/ptolemy/domains/de/test/auto/ClockDriftAndValueChange.xml
auto.tcl: Setting watchdog for 200 seconds at Sat Mar 02 03:41:16 UTC 2019
54 ms. Memory: 208384K Free: 187807K (90%)
ptolemy.util.test.WatchDog.cancel(): canceling Sat Mar 02 03:41:16 UTC 2019
auto.tcl: Setting watchdog for 200 seconds at Sat Mar 02 03:41:16 UTC 2019
40 ms. Memory: 208384K Free: 185780K (89%)
ptolemy.util.test.WatchDog.cancel(): canceling Sat Mar 02 03:41:16 UTC 2019
------------------ testing $PTII/ptolemy/domains/de/test/auto/ClockDriftChange.xml
auto.tcl: Setting watchdog for 200 seconds at Sat Mar 02 03:41:17 UTC 2019
35 ms. Memory: 208384K Free: 191061K (92%)
ptolemy.util.test.WatchDog.cancel(): canceling Sat Mar 02 03:41:17 UTC 2019
auto.tcl: Setting watchdog for 200 seconds at Sat Mar 02 03:41:17 UTC 2019
32 ms. Memory: 208384K Free: 189034K (91%)
ptolemy.util.test.WatchDog.cancel(): canceling Sat Mar 02 03:41:17 UTC 2019
------------------ testing $PTII/ptolemy/domains/de/test/auto/ComposableCausalityAnalysis.xml
auto.tcl: Setting watchdog for 200 seconds at Sat Mar 02 03:41:17 UTC 2019
3 ms. Memory: 208384K Free: 196383K (94%)
ptolemy.util.test.WatchDog.cancel(): canceling Sat Mar 02 03:41:17 UTC 2019
auto.tcl: Setting watchdog for 200 seconds at Sat Mar 02 03:41:17 UTC 2019
2 ms. Memory: 208384K Free: 194356K (93%)
ptolemy.util.test.WatchDog.cancel(): canceling Sat Mar 02 03:41:17 UTC 2019
------------------ testing $PTII/ptolemy/domains/de/test/auto/DEFixedPointLimitation.xml
auto.tcl: Setting watchdog for 200 seconds at Sat Mar 02 03:41:17 UTC 2019
2 ms. Memory: 208384K Free: 196464K (94%)
ptolemy.util.test.WatchDog.cancel(): canceling Sat Mar 02 03:41:17 UTC 2019
auto.tcl: Setting watchdog for 200 seconds at Sat Mar 02 03:41:17 UTC 2019
2 ms. Memory: 208384K Free: 196464K (94%)
ptolemy.util.test.WatchDog.cancel(): canceling Sat Mar 02 03:41:17 UTC 2019
------------------ testing $PTII/ptolemy/domains/de/test/auto/DEScheduleTest.xml
auto.tcl: Setting watchdog for 200 seconds at Sat Mar 02 03:41:17 UTC 2019
8 ms. Memory: 208384K Free: 198527K (95%)
ptolemy.util.test.WatchDog.cancel(): canceling Sat Mar 02 03:41:17 UTC 2019
auto.tcl: Setting watchdog for 200 seconds at Sat Mar 02 03:41:17 UTC 2019
4 ms. Memory: 208384K Free: 196500K (94%)
ptolemy.util.test.WatchDog.cancel(): canceling Sat Mar 02 03:41:17 UTC 2019
------------------ testing $PTII/ptolemy/domains/de/test/auto/DEinDEwithStartTimes.xml
auto.tcl: Setting watchdog for 200 seconds at Sat Mar 02 03:41:17 UTC 2019
4 ms. Memory: 208384K Free: 196469K (94%)
ptolemy.util.test.WatchDog.cancel(): canceling Sat Mar 02 03:41:17 UTC 2019
auto.tcl: Setting watchdog for 200 seconds at Sat Mar 02 03:41:17 UTC 2019
5 ms. Memory: 208384K Free: 194442K (93%)
ptolemy.util.test.WatchDog.cancel(): canceling Sat Mar 02 03:41:17 UTC 2019
------------------ testing $PTII/ptolemy/domains/de/test/auto/DEinDEwithStartTimes2.xml
auto.tcl: Setting watchdog for 200 seconds at Sat Mar 02 03:41:17 UTC 2019
8 ms. Memory: 208384K Free: 196449K (94%)
ptolemy.util.test.WatchDog.cancel(): canceling Sat Mar 02 03:41:17 UTC 2019
auto.tcl: Setting watchdog for 200 seconds at Sat Mar 02 03:41:17 UTC 2019
4 ms. Memory: 208384K Free: 194422K (93%)
ptolemy.util.test.WatchDog.cancel(): canceling Sat Mar 02 03:41:17 UTC 2019
------------------ testing $PTII/ptolemy/domains/de/test/auto/DateDemo.xml
auto.tcl: Setting watchdog for 200 seconds at Sat Mar 02 03:41:17 UTC 2019
18 ms. Memory: 208384K Free: 189097K (91%)
ptolemy.util.test.WatchDog.cancel(): canceling Sat Mar 02 03:41:17 UTC 2019
auto.tcl: Setting watchdog for 200 seconds at Sat Mar 02 03:41:17 UTC 2019
11 ms. Memory: 208384K Free: 187070K (90%)
ptolemy.util.test.WatchDog.cancel(): canceling Sat Mar 02 03:41:17 UTC 2019
------------------ testing $PTII/ptolemy/domains/de/test/auto/DateToEvent.xml
auto.tcl: Setting watchdog for 200 seconds at Sat Mar 02 03:41:17 UTC 2019
2011 ms. Memory: 208384K Free: 184022K (88%)
ptolemy.util.test.WatchDog.cancel(): canceling Sat Mar 02 03:41:19 UTC 2019
auto.tcl: Setting watchdog for 200 seconds at Sat Mar 02 03:41:19 UTC 2019
2006 ms. Memory: 208384K Free: 184022K (88%)
ptolemy.util.test.WatchDog.cancel(): canceling Sat Mar 02 03:41:21 UTC 2019
------------------ testing $PTII/ptolemy/domains/de/test/auto/DepthTest1.xml
auto.tcl: Setting watchdog for 200 seconds at Sat Mar 02 03:41:21 UTC 2019
4 ms. Memory: 208384K Free: 198055K (95%)
ptolemy.util.test.WatchDog.cancel(): canceling Sat Mar 02 03:41:21 UTC 2019
auto.tcl: Setting watchdog for 200 seconds at Sat Mar 02 03:41:21 UTC 2019
2 ms. Memory: 208384K Free: 198055K (95%)
ptolemy.util.test.WatchDog.cancel(): canceling Sat Mar 02 03:41:21 UTC 2019
------------------ testing $PTII/ptolemy/domains/de/test/auto/DepthTest2.xml
auto.tcl: Setting watchdog for 200 seconds at Sat Mar 02 03:41:21 UTC 2019
5 ms. Memory: 208384K Free: 194402K (93%)
ptolemy.util.test.WatchDog.cancel(): canceling Sat Mar 02 03:41:21 UTC 2019
auto.tcl: Setting watchdog for 200 seconds at Sat Mar 02 03:41:21 UTC 2019
2 ms. Memory: 208384K Free: 194402K (93%)
ptolemy.util.test.WatchDog.cancel(): canceling Sat Mar 02 03:41:21 UTC 2019
------------------ testing $PTII/ptolemy/domains/de/test/auto/DepthTest3.xml
auto.tcl: Setting watchdog for 200 seconds at Sat Mar 02 03:41:22 UTC 2019
2 ms. Memory: 208384K Free: 198390K (95%)
ptolemy.util.test.WatchDog.cancel(): canceling Sat Mar 02 03:41:22 UTC 2019
auto.tcl: Setting watchdog for 200 seconds at Sat Mar 02 03:41:22 UTC 2019
1 ms. Memory: 208384K Free: 198390K (95%)
ptolemy.util.test.WatchDog.cancel(): canceling Sat Mar 02 03:41:22 UTC 2019
------------------ testing $PTII/ptolemy/domains/de/test/auto/DepthTest4.xml
auto.tcl: Setting watchdog for 200 seconds at Sat Mar 02 03:41:22 UTC 2019
3 ms. Memory: 208384K Free: 196450K (94%)
ptolemy.util.test.WatchDog.cancel(): canceling Sat Mar 02 03:41:22 UTC 2019
auto.tcl: Setting watchdog for 200 seconds at Sat Mar 02 03:41:22 UTC 2019
3 ms. Memory: 208384K Free: 196450K (94%)
ptolemy.util.test.WatchDog.cancel(): canceling Sat Mar 02 03:41:22 UTC 2019
------------------ testing $PTII/ptolemy/domains/de/test/auto/DepthTest5.xml
auto.tcl: Setting watchdog for 200 seconds at Sat Mar 02 03:41:22 UTC 2019
7 ms. Memory: 208384K Free: 196397K (94%)
ptolemy.util.test.WatchDog.cancel(): canceling Sat Mar 02 03:41:22 UTC 2019
auto.tcl: Setting watchdog for 200 seconds at Sat Mar 02 03:41:22 UTC 2019
2 ms. Memory: 208384K Free: 196397K (94%)
ptolemy.util.test.WatchDog.cancel(): canceling Sat Mar 02 03:41:22 UTC 2019
------------------ testing $PTII/ptolemy/domains/de/test/auto/DepthTest6.xml
auto.tcl: Setting watchdog for 200 seconds at Sat Mar 02 03:41:22 UTC 2019
7 ms. Memory: 208384K Free: 196891K (94%)
ptolemy.util.test.WatchDog.cancel(): canceling Sat Mar 02 03:41:22 UTC 2019
auto.tcl: Setting watchdog for 200 seconds at Sat Mar 02 03:41:22 UTC 2019
3 ms. Memory: 208384K Free: 196891K (94%)
ptolemy.util.test.WatchDog.cancel(): canceling Sat Mar 02 03:41:22 UTC 2019
------------------ testing $PTII/ptolemy/domains/de/test/auto/DepthTest7.xml
auto.tcl: Setting watchdog for 200 seconds at Sat Mar 02 03:41:22 UTC 2019
2 ms. Memory: 208384K Free: 196353K (94%)
ptolemy.util.test.WatchDog.cancel(): canceling Sat Mar 02 03:41:22 UTC 2019
auto.tcl: Setting watchdog for 200 seconds at Sat Mar 02 03:41:22 UTC 2019
2 ms. Memory: 208384K Free: 196353K (94%)
ptolemy.util.test.WatchDog.cancel(): canceling Sat Mar 02 03:41:22 UTC 2019
------------------ testing $PTII/ptolemy/domains/de/test/auto/EventToDate.xml
auto.tcl: Setting watchdog for 200 seconds at Sat Mar 02 03:41:22 UTC 2019
3007 ms. Memory: 208384K Free: 186239K (89%)
ptolemy.util.test.WatchDog.cancel(): canceling Sat Mar 02 03:41:25 UTC 2019
auto.tcl: Setting watchdog for 200 seconds at Sat Mar 02 03:41:25 UTC 2019
3005 ms. Memory: 208384K Free: 186239K (89%)
ptolemy.util.test.WatchDog.cancel(): canceling Sat Mar 02 03:41:28 UTC 2019
------------------ testing $PTII/ptolemy/domains/de/test/auto/FSM1.xml
auto.tcl: Setting watchdog for 200 seconds at Sat Mar 02 03:41:28 UTC 2019
31 ms. Memory: 208384K Free: 187094K (90%)
ptolemy.util.test.WatchDog.cancel(): canceling Sat Mar 02 03:41:28 UTC 2019
auto.tcl: Setting watchdog for 200 seconds at Sat Mar 02 03:41:28 UTC 2019
24 ms. Memory: 208384K Free: 183040K (88%)
ptolemy.util.test.WatchDog.cancel(): canceling Sat Mar 02 03:41:28 UTC 2019
------------------ testing $PTII/ptolemy/domains/de/test/auto/FSM7.xml
auto.tcl: Setting watchdog for 200 seconds at Sat Mar 02 03:41:28 UTC 2019
24 ms. Memory: 208384K Free: 187726K (90%)
ptolemy.util.test.WatchDog.cancel(): canceling Sat Mar 02 03:41:28 UTC 2019
auto.tcl: Setting watchdog for 200 seconds at Sat Mar 02 03:41:28 UTC 2019
19 ms. Memory: 208384K Free: 185699K (89%)
ptolemy.util.test.WatchDog.cancel(): canceling Sat Mar 02 03:41:28 UTC 2019
------------------ testing $PTII/ptolemy/domains/de/test/auto/Inspection.xml
auto.tcl: Setting watchdog for 200 seconds at Sat Mar 02 03:41:28 UTC 2019
42 ms. Memory: 208384K Free: 189250K (91%)
ptolemy.util.test.WatchDog.cancel(): canceling Sat Mar 02 03:41:28 UTC 2019
auto.tcl: Setting watchdog for 200 seconds at Sat Mar 02 03:41:28 UTC 2019
19 ms. Memory: 208384K Free: 187223K (90%)
ptolemy.util.test.WatchDog.cancel(): canceling Sat Mar 02 03:41:28 UTC 2019
------------------ testing $PTII/ptolemy/domains/de/test/auto/Iteration.xml
auto.tcl: Setting watchdog for 200 seconds at Sat Mar 02 03:41:28 UTC 2019
6 ms. Memory: 208384K Free: 195949K (94%)
ptolemy.util.test.WatchDog.cancel(): canceling Sat Mar 02 03:41:29 UTC 2019
auto.tcl: Setting watchdog for 200 seconds at Sat Mar 02 03:41:29 UTC 2019
9 ms. Memory: 208384K Free: 193922K (93%)
ptolemy.util.test.WatchDog.cancel(): canceling Sat Mar 02 03:41:29 UTC 2019
------------------ testing $PTII/ptolemy/domains/de/test/auto/LineFault.xml
auto.tcl: Setting watchdog for 200 seconds at Sat Mar 02 03:41:29 UTC 2019
816 ms. Memory: 208384K Free: 200861K (96%)
ptolemy.util.test.WatchDog.cancel(): canceling Sat Mar 02 03:41:30 UTC 2019
auto.tcl: Setting watchdog for 200 seconds at Sat Mar 02 03:41:30 UTC 2019
667 ms. Memory: 208384K Free: 143856K (69%)
ptolemy.util.test.WatchDog.cancel(): canceling Sat Mar 02 03:41:30 UTC 2019
------------------ testing $PTII/ptolemy/domains/de/test/auto/MergeModel1Add.xml
auto.tcl: Setting watchdog for 200 seconds at Sat Mar 02 03:41:30 UTC 2019
32 ms. Memory: 331264K Free: 300754K (91%)
ptolemy.util.test.WatchDog.cancel(): canceling Sat Mar 02 03:41:30 UTC 2019
auto.tcl: Setting watchdog for 200 seconds at Sat Mar 02 03:41:30 UTC 2019
12 ms. Memory: 331264K Free: 300754K (91%)
ptolemy.util.test.WatchDog.cancel(): canceling Sat Mar 02 03:41:31 UTC 2019
------------------ testing $PTII/ptolemy/domains/de/test/auto/MergeModel2Add.xml
auto.tcl: Setting watchdog for 200 seconds at Sat Mar 02 03:41:31 UTC 2019
11 ms. Memory: 331264K Free: 305650K (92%)
ptolemy.util.test.WatchDog.cancel(): canceling Sat Mar 02 03:41:31 UTC 2019
auto.tcl: Setting watchdog for 200 seconds at Sat Mar 02 03:41:31 UTC 2019
10 ms. Memory: 331264K Free: 302109K (91%)
ptolemy.util.test.WatchDog.cancel(): canceling Sat Mar 02 03:41:31 UTC 2019
------------------ testing $PTII/ptolemy/domains/de/test/auto/MergeModel3Add.xml
auto.tcl: Setting watchdog for 200 seconds at Sat Mar 02 03:41:31 UTC 2019
10 ms. Memory: 331264K Free: 305628K (92%)
ptolemy.util.test.WatchDog.cancel(): canceling Sat Mar 02 03:41:31 UTC 2019
auto.tcl: Setting watchdog for 200 seconds at Sat Mar 02 03:41:31 UTC 2019
9 ms. Memory: 331264K Free: 302086K (91%)
ptolemy.util.test.WatchDog.cancel(): canceling Sat Mar 02 03:41:31 UTC 2019
------------------ testing $PTII/ptolemy/domains/de/test/auto/MergeWithoutDiscard.xml
auto.tcl: Setting watchdog for 200 seconds at Sat Mar 02 03:41:31 UTC 2019
8 ms. Memory: 331264K Free: 315882K (95%)
ptolemy.util.test.WatchDog.cancel(): canceling Sat Mar 02 03:41:31 UTC 2019
auto.tcl: Setting watchdog for 200 seconds at Sat Mar 02 03:41:31 UTC 2019
1 ms. Memory: 331264K Free: 315882K (95%)
ptolemy.util.test.WatchDog.cancel(): canceling Sat Mar 02 03:41:31 UTC 2019
------------------ testing $PTII/ptolemy/domains/de/test/auto/Modal1.xml
auto.tcl: Setting watchdog for 200 seconds at Sat Mar 02 03:41:31 UTC 2019
12 ms. Memory: 331264K Free: 310180K (94%)
ptolemy.util.test.WatchDog.cancel(): canceling Sat Mar 02 03:41:31 UTC 2019
auto.tcl: Setting watchdog for 200 seconds at Sat Mar 02 03:41:31 UTC 2019
12 ms. Memory: 331264K Free: 306638K (93%)
ptolemy.util.test.WatchDog.cancel(): canceling Sat Mar 02 03:41:31 UTC 2019
------------------ testing $PTII/ptolemy/domains/de/test/auto/Modal2.xml
auto.tcl: Setting watchdog for 200 seconds at Sat Mar 02 03:41:31 UTC 2019
11 ms. Memory: 331264K Free: 305146K (92%)
ptolemy.util.test.WatchDog.cancel(): canceling Sat Mar 02 03:41:31 UTC 2019
auto.tcl: Setting watchdog for 200 seconds at Sat Mar 02 03:41:31 UTC 2019
10 ms. Memory: 331264K Free: 301604K (91%)
ptolemy.util.test.WatchDog.cancel(): canceling Sat Mar 02 03:41:31 UTC 2019
------------------ testing $PTII/ptolemy/domains/de/test/auto/Modal3.xml
auto.tcl: Setting watchdog for 200 seconds at Sat Mar 02 03:41:31 UTC 2019
17 ms. Memory: 331264K Free: 310052K (94%)
ptolemy.util.test.WatchDog.cancel(): canceling Sat Mar 02 03:41:31 UTC 2019
auto.tcl: Setting watchdog for 200 seconds at Sat Mar 02 03:41:31 UTC 2019
14 ms. Memory: 331264K Free: 306510K (93%)
ptolemy.util.test.WatchDog.cancel(): canceling Sat Mar 02 03:41:31 UTC 2019
------------------ testing $PTII/ptolemy/domains/de/test/auto/Modal4.xml
auto.tcl: Setting watchdog for 200 seconds at Sat Mar 02 03:41:31 UTC 2019
19 ms. Memory: 331264K Free: 310065K (94%)
ptolemy.util.test.WatchDog.cancel(): canceling Sat Mar 02 03:41:31 UTC 2019
auto.tcl: Setting watchdog for 200 seconds at Sat Mar 02 03:41:31 UTC 2019
12 ms. Memory: 331264K Free: 306523K (93%)
ptolemy.util.test.WatchDog.cancel(): canceling Sat Mar 02 03:41:31 UTC 2019
------------------ testing $PTII/ptolemy/domains/de/test/auto/Modal5.xml
auto.tcl: Setting watchdog for 200 seconds at Sat Mar 02 03:41:31 UTC 2019
18 ms. Memory: 331264K Free: 310052K (94%)
ptolemy.util.test.WatchDog.cancel(): canceling Sat Mar 02 03:41:31 UTC 2019
auto.tcl: Setting watchdog for 200 seconds at Sat Mar 02 03:41:31 UTC 2019
13 ms. Memory: 331264K Free: 306510K (93%)
ptolemy.util.test.WatchDog.cancel(): canceling Sat Mar 02 03:41:31 UTC 2019
------------------ testing $PTII/ptolemy/domains/de/test/auto/Modal6.xml
auto.tcl: Setting watchdog for 200 seconds at Sat Mar 02 03:41:31 UTC 2019
13 ms. Memory: 331264K Free: 310049K (94%)
ptolemy.util.test.WatchDog.cancel(): canceling Sat Mar 02 03:41:31 UTC 2019
auto.tcl: Setting watchdog for 200 seconds at Sat Mar 02 03:41:31 UTC 2019
17 ms. Memory: 331264K Free: 306508K (93%)
ptolemy.util.test.WatchDog.cancel(): canceling Sat Mar 02 03:41:32 UTC 2019
------------------ testing $PTII/ptolemy/domains/de/test/auto/Modal7.xml
auto.tcl: Setting watchdog for 200 seconds at Sat Mar 02 03:41:32 UTC 2019
10 ms. Memory: 331264K Free: 306507K (93%)
ptolemy.util.test.WatchDog.cancel(): canceling Sat Mar 02 03:41:32 UTC 2019
auto.tcl: Setting watchdog for 200 seconds at Sat Mar 02 03:41:32 UTC 2019
10 ms. Memory: 331264K Free: 302966K (91%)
ptolemy.util.test.WatchDog.cancel(): canceling Sat Mar 02 03:41:32 UTC 2019
------------------ testing $PTII/ptolemy/domains/de/test/auto/ModalModel.xml
auto.tcl: Setting watchdog for 200 seconds at Sat Mar 02 03:41:32 UTC 2019
214 ms. Memory: 331264K Free: 247783K (75%)
ptolemy.util.test.WatchDog.cancel(): canceling Sat Mar 02 03:41:32 UTC 2019
auto.tcl: Setting watchdog for 200 seconds at Sat Mar 02 03:41:32 UTC 2019
196 ms. Memory: 331264K Free: 191115K (58%)
ptolemy.util.test.WatchDog.cancel(): canceling Sat Mar 02 03:41:32 UTC 2019
------------------ testing $PTII/ptolemy/domains/de/test/auto/ModalSource.xml
auto.tcl: Setting watchdog for 200 seconds at Sat Mar 02 03:41:32 UTC 2019
9 ms. Memory: 331264K Free: 316729K (96%)
ptolemy.util.test.WatchDog.cancel(): canceling Sat Mar 02 03:41:32 UTC 2019
auto.tcl: Setting watchdog for 200 seconds at Sat Mar 02 03:41:32 UTC 2019
4 ms. Memory: 331264K Free: 313482K (95%)
ptolemy.util.test.WatchDog.cancel(): canceling Sat Mar 02 03:41:32 UTC 2019
------------------ testing $PTII/ptolemy/domains/de/test/auto/NonInterruptibleTimerZeroDelay.xml
auto.tcl: Setting watchdog for 200 seconds at Sat Mar 02 03:41:32 UTC 2019
4 ms. Memory: 331264K Free: 320629K (97%)
ptolemy.util.test.WatchDog.cancel(): canceling Sat Mar 02 03:41:32 UTC 2019
auto.tcl: Setting watchdog for 200 seconds at Sat Mar 02 03:41:32 UTC 2019
3 ms. Memory: 331264K Free: 317382K (96%)
ptolemy.util.test.WatchDog.cancel(): canceling Sat Mar 02 03:41:32 UTC 2019
------------------ testing $PTII/ptolemy/domains/de/test/auto/OpenQueueingNetwork.xml
auto.tcl: Setting watchdog for 200 seconds at Sat Mar 02 03:41:32 UTC 2019
3034 ms. Memory: 573952K Free: 400000K (70%)
ptolemy.util.test.WatchDog.cancel(): canceling Sat Mar 02 03:41:35 UTC 2019
auto.tcl: Setting watchdog for 200 seconds at Sat Mar 02 03:41:35 UTC 2019
2514 ms. Memory: 550912K Free: 298829K (54%)
ptolemy.util.test.WatchDog.cancel(): canceling Sat Mar 02 03:41:38 UTC 2019
------------------ testing $PTII/ptolemy/domains/de/test/auto/OpenQueuingNetwork.xml
auto.tcl: Setting watchdog for 200 seconds at Sat Mar 02 03:41:38 UTC 2019
247 ms. Memory: 549888K Free: 444552K (81%)
ptolemy.util.test.WatchDog.cancel(): canceling Sat Mar 02 03:41:38 UTC 2019
auto.tcl: Setting watchdog for 200 seconds at Sat Mar 02 03:41:38 UTC 2019
243 ms. Memory: 549888K Free: 385788K (70%)
ptolemy.util.test.WatchDog.cancel(): canceling Sat Mar 02 03:41:39 UTC 2019
------------------ testing $PTII/ptolemy/domains/de/test/auto/PeriodicSampler.xml
auto.tcl: Setting watchdog for 200 seconds at Sat Mar 02 03:41:39 UTC 2019
2 ms. Memory: 551936K Free: 535188K (97%)
ptolemy.util.test.WatchDog.cancel(): canceling Sat Mar 02 03:41:39 UTC 2019
auto.tcl: Setting watchdog for 200 seconds at Sat Mar 02 03:41:39 UTC 2019
2 ms. Memory: 551936K Free: 535188K (97%)
ptolemy.util.test.WatchDog.cancel(): canceling Sat Mar 02 03:41:39 UTC 2019
------------------ testing $PTII/ptolemy/domains/de/test/auto/PersistentIO.xml
auto.tcl: Setting watchdog for 200 seconds at Sat Mar 02 03:41:39 UTC 2019
5 ms. Memory: 549376K Free: 522002K (95%)
ptolemy.util.test.WatchDog.cancel(): canceling Sat Mar 02 03:41:39 UTC 2019
auto.tcl: Setting watchdog for 200 seconds at Sat Mar 02 03:41:39 UTC 2019
4 ms. Memory: 549376K Free: 522002K (95%)
ptolemy.util.test.WatchDog.cancel(): canceling Sat Mar 02 03:41:39 UTC 2019
------------------ testing $PTII/ptolemy/domains/de/test/auto/PortParameterResetOnInitialize.xml
auto.tcl: Setting watchdog for 200 seconds at Sat Mar 02 03:41:39 UTC 2019
3 ms. Memory: 551424K Free: 530457K (96%)
ptolemy.util.test.WatchDog.cancel(): canceling Sat Mar 02 03:41:39 UTC 2019
auto.tcl: Setting watchdog for 200 seconds at Sat Mar 02 03:41:39 UTC 2019
2 ms. Memory: 551424K Free: 530457K (96%)
ptolemy.util.test.WatchDog.cancel(): canceling Sat Mar 02 03:41:39 UTC 2019
------------------ testing $PTII/ptolemy/domains/de/test/auto/PortParameterUpdates.xml
auto.tcl: Setting watchdog for 200 seconds at Sat Mar 02 03:41:39 UTC 2019
3 ms. Memory: 549376K Free: 528000K (96%)
ptolemy.util.test.WatchDog.cancel(): canceling Sat Mar 02 03:41:39 UTC 2019
auto.tcl: Setting watchdog for 200 seconds at Sat Mar 02 03:41:39 UTC 2019
3 ms. Memory: 549376K Free: 528000K (96%)
ptolemy.util.test.WatchDog.cancel(): canceling Sat Mar 02 03:41:39 UTC 2019
------------------ testing $PTII/ptolemy/domains/de/test/auto/QueueAndServer.xml
auto.tcl: Setting watchdog for 200 seconds at Sat Mar 02 03:41:39 UTC 2019
13 ms. Memory: 551424K Free: 534691K (97%)
ptolemy.util.test.WatchDog.cancel(): canceling Sat Mar 02 03:41:39 UTC 2019
auto.tcl: Setting watchdog for 200 seconds at Sat Mar 02 03:41:39 UTC 2019
7 ms. Memory: 551424K Free: 528146K (96%)
ptolemy.util.test.WatchDog.cancel(): canceling Sat Mar 02 03:41:39 UTC 2019
------------------ testing $PTII/ptolemy/domains/de/test/auto/Records.xml
auto.tcl: Setting watchdog for 200 seconds at Sat Mar 02 03:41:39 UTC 2019
9 ms. Memory: 549376K Free: 532585K (97%)
ptolemy.util.test.WatchDog.cancel(): canceling Sat Mar 02 03:41:39 UTC 2019
auto.tcl: Setting watchdog for 200 seconds at Sat Mar 02 03:41:39 UTC 2019
2 ms. Memory: 549376K Free: 532585K (97%)
ptolemy.util.test.WatchDog.cancel(): canceling Sat Mar 02 03:41:39 UTC 2019
------------------ testing $PTII/ptolemy/domains/de/test/auto/ResetTransitionWithStartTime1.xml
auto.tcl: Setting watchdog for 200 seconds at Sat Mar 02 03:41:39 UTC 2019
12 ms. Memory: 551424K Free: 535200K (97%)
ptolemy.util.test.WatchDog.cancel(): canceling Sat Mar 02 03:41:39 UTC 2019
auto.tcl: Setting watchdog for 200 seconds at Sat Mar 02 03:41:39 UTC 2019
6 ms. Memory: 551424K Free: 528128K (96%)
ptolemy.util.test.WatchDog.cancel(): canceling Sat Mar 02 03:41:39 UTC 2019
------------------ testing $PTII/ptolemy/domains/de/test/auto/ResetTransitionWithStartTime2.xml
auto.tcl: Setting watchdog for 200 seconds at Sat Mar 02 03:41:39 UTC 2019
14 ms. Memory: 549376K Free: 533144K (97%)
ptolemy.util.test.WatchDog.cancel(): canceling Sat Mar 02 03:41:39 UTC 2019
auto.tcl: Setting watchdog for 200 seconds at Sat Mar 02 03:41:39 UTC 2019
6 ms. Memory: 549376K Free: 526615K (96%)
ptolemy.util.test.WatchDog.cancel(): canceling Sat Mar 02 03:41:39 UTC 2019
------------------ testing $PTII/ptolemy/domains/de/test/auto/ResetTransitionWithStartTime3.xml
auto.tcl: Setting watchdog for 200 seconds at Sat Mar 02 03:41:39 UTC 2019
7 ms. Memory: 550912K Free: 534136K (97%)
ptolemy.util.test.WatchDog.cancel(): canceling Sat Mar 02 03:41:39 UTC 2019
auto.tcl: Setting watchdog for 200 seconds at Sat Mar 02 03:41:39 UTC 2019
7 ms. Memory: 550912K Free: 527606K (96%)
ptolemy.util.test.WatchDog.cancel(): canceling Sat Mar 02 03:41:39 UTC 2019
------------------ testing $PTII/ptolemy/domains/de/test/auto/ResetTransitionWithStartTime4.xml
auto.tcl: Setting watchdog for 200 seconds at Sat Mar 02 03:41:39 UTC 2019
5 ms. Memory: 549376K Free: 532599K (97%)
ptolemy.util.test.WatchDog.cancel(): canceling Sat Mar 02 03:41:39 UTC 2019
auto.tcl: Setting watchdog for 200 seconds at Sat Mar 02 03:41:39 UTC 2019
3 ms. Memory: 549376K Free: 526068K (96%)
ptolemy.util.test.WatchDog.cancel(): canceling Sat Mar 02 03:41:39 UTC 2019
------------------ testing $PTII/ptolemy/domains/de/test/auto/ResettableTimer1.xml
auto.tcl: Setting watchdog for 200 seconds at Sat Mar 02 03:41:39 UTC 2019
3 ms. Memory: 550912K Free: 534130K (97%)
ptolemy.util.test.WatchDog.cancel(): canceling Sat Mar 02 03:41:39 UTC 2019
auto.tcl: Setting watchdog for 200 seconds at Sat Mar 02 03:41:39 UTC 2019
2 ms. Memory: 550912K Free: 534130K (97%)
ptolemy.util.test.WatchDog.cancel(): canceling Sat Mar 02 03:41:39 UTC 2019
------------------ testing $PTII/ptolemy/domains/de/test/auto/ResettableTimer2.xml
auto.tcl: Setting watchdog for 200 seconds at Sat Mar 02 03:41:40 UTC 2019
2 ms. Memory: 549376K Free: 533196K (97%)
ptolemy.util.test.WatchDog.cancel(): canceling Sat Mar 02 03:41:40 UTC 2019
auto.tcl: Setting watchdog for 200 seconds at Sat Mar 02 03:41:40 UTC 2019
2 ms. Memory: 549376K Free: 533196K (97%)
ptolemy.util.test.WatchDog.cancel(): canceling Sat Mar 02 03:41:40 UTC 2019
------------------ testing $PTII/ptolemy/domains/de/test/auto/ResettableTimer3.xml
auto.tcl: Setting watchdog for 200 seconds at Sat Mar 02 03:41:40 UTC 2019
1 ms. Memory: 550912K Free: 534188K (97%)
ptolemy.util.test.WatchDog.cancel(): canceling Sat Mar 02 03:41:40 UTC 2019
auto.tcl: Setting watchdog for 200 seconds at Sat Mar 02 03:41:40 UTC 2019
2 ms. Memory: 550912K Free: 534188K (97%)
ptolemy.util.test.WatchDog.cancel(): canceling Sat Mar 02 03:41:40 UTC 2019
------------------ testing $PTII/ptolemy/domains/de/test/auto/ResettableTimer4.xml
auto.tcl: Setting watchdog for 200 seconds at Sat Mar 02 03:41:40 UTC 2019
1 ms. Memory: 549376K Free: 533208K (97%)
ptolemy.util.test.WatchDog.cancel(): canceling Sat Mar 02 03:41:40 UTC 2019
auto.tcl: Setting watchdog for 200 seconds at Sat Mar 02 03:41:40 UTC 2019
1 ms. Memory: 549376K Free: 533208K (97%)
ptolemy.util.test.WatchDog.cancel(): canceling Sat Mar 02 03:41:40 UTC 2019
------------------ testing $PTII/ptolemy/domains/de/test/auto/ResettableTimer5.xml
auto.tcl: Setting watchdog for 200 seconds at Sat Mar 02 03:41:40 UTC 2019
1 ms. Memory: 550400K Free: 529008K (96%)
ptolemy.util.test.WatchDog.cancel(): canceling Sat Mar 02 03:41:40 UTC 2019
auto.tcl: Setting watchdog for 200 seconds at Sat Mar 02 03:41:40 UTC 2019
1 ms. Memory: 550400K Free: 529008K (96%)
ptolemy.util.test.WatchDog.cancel(): canceling Sat Mar 02 03:41:40 UTC 2019
------------------ testing $PTII/ptolemy/domains/de/test/auto/ResettableTimer6.xml
auto.tcl: Setting watchdog for 200 seconds at Sat Mar 02 03:41:40 UTC 2019
6 ms. Memory: 549376K Free: 532612K (97%)
ptolemy.util.test.WatchDog.cancel(): canceling Sat Mar 02 03:41:40 UTC 2019
auto.tcl: Setting watchdog for 200 seconds at Sat Mar 02 03:41:40 UTC 2019
1 ms. Memory: 549376K Free: 532612K (97%)
ptolemy.util.test.WatchDog.cancel(): canceling Sat Mar 02 03:41:40 UTC 2019
------------------ testing $PTII/ptolemy/domains/de/test/auto/ServerZeroDelay.xml
auto.tcl: Setting watchdog for 200 seconds at Sat Mar 02 03:41:40 UTC 2019
4 ms. Memory: 550400K Free: 534170K (97%)
ptolemy.util.test.WatchDog.cancel(): canceling Sat Mar 02 03:41:40 UTC 2019
auto.tcl: Setting watchdog for 200 seconds at Sat Mar 02 03:41:40 UTC 2019
2 ms. Memory: 550400K Free: 534170K (97%)
ptolemy.util.test.WatchDog.cancel(): canceling Sat Mar 02 03:41:40 UTC 2019
------------------ testing $PTII/ptolemy/domains/de/test/auto/SmartSender.xml
auto.tcl: Setting watchdog for 200 seconds at Sat Mar 02 03:41:40 UTC 2019
3001 ms. Memory: 549376K Free: 533142K (97%)
ptolemy.util.test.WatchDog.cancel(): canceling Sat Mar 02 03:41:43 UTC 2019
auto.tcl: Setting watchdog for 200 seconds at Sat Mar 02 03:41:43 UTC 2019
3001 ms. Memory: 549376K Free: 533142K (97%)
ptolemy.util.test.WatchDog.cancel(): canceling Sat Mar 02 03:41:46 UTC 2019
------------------ testing $PTII/ptolemy/domains/de/test/auto/ThreadedComposite.xml
auto.tcl: Setting watchdog for 200 seconds at Sat Mar 02 03:41:46 UTC 2019
197 ms. Memory: 550400K Free: 513066K (93%)
ptolemy.util.test.WatchDog.cancel(): canceling Sat Mar 02 03:41:46 UTC 2019
auto.tcl: Setting watchdog for 200 seconds at Sat Mar 02 03:41:46 UTC 2019
145 ms. Memory: 550400K Free: 497177K (90%)
ptolemy.util.test.WatchDog.cancel(): canceling Sat Mar 02 03:41:46 UTC 2019
------------------ testing $PTII/ptolemy/domains/de/test/auto/Time.xml
auto.tcl: Setting watchdog for 200 seconds at Sat Mar 02 03:41:46 UTC 2019
518 ms. Memory: 549376K Free: 480843K (88%)
ptolemy.util.test.WatchDog.cancel(): canceling Sat Mar 02 03:41:47 UTC 2019
auto.tcl: Setting watchdog for 200 seconds at Sat Mar 02 03:41:47 UTC 2019
478 ms. Memory: 549376K Free: 428608K (78%)
ptolemy.util.test.WatchDog.cancel(): canceling Sat Mar 02 03:41:47 UTC 2019
------------------ testing $PTII/ptolemy/domains/de/test/auto/TimeDelayZeroDelay.xml
auto.tcl: Setting watchdog for 200 seconds at Sat Mar 02 03:41:47 UTC 2019
2 ms. Memory: 550400K Free: 533541K (97%)
ptolemy.util.test.WatchDog.cancel(): canceling Sat Mar 02 03:41:47 UTC 2019
auto.tcl: Setting watchdog for 200 seconds at Sat Mar 02 03:41:47 UTC 2019
1 ms. Memory: 550400K Free: 533541K (97%)
ptolemy.util.test.WatchDog.cancel(): canceling Sat Mar 02 03:41:47 UTC 2019
------------------ testing $PTII/ptolemy/domains/de/test/auto/TimerZeroDelay.xml
auto.tcl: Setting watchdog for 200 seconds at Sat Mar 02 03:41:48 UTC 2019
5 ms. Memory: 549376K Free: 533104K (97%)
ptolemy.util.test.WatchDog.cancel(): canceling Sat Mar 02 03:41:48 UTC 2019
auto.tcl: Setting watchdog for 200 seconds at Sat Mar 02 03:41:48 UTC 2019
2 ms. Memory: 549376K Free: 533104K (97%)
ptolemy.util.test.WatchDog.cancel(): canceling Sat Mar 02 03:41:48 UTC 2019
------------------ testing $PTII/ptolemy/domains/de/test/auto/TimingParadox.xml
auto.tcl: Setting watchdog for 200 seconds at Sat Mar 02 03:41:48 UTC 2019
341 ms. Memory: 549888K Free: 467652K (85%)
ptolemy.util.test.WatchDog.cancel(): canceling Sat Mar 02 03:41:48 UTC 2019
auto.tcl: Setting watchdog for 200 seconds at Sat Mar 02 03:41:48 UTC 2019
318 ms. Memory: 549888K Free: 435005K (79%)
ptolemy.util.test.WatchDog.cancel(): canceling Sat Mar 02 03:41:48 UTC 2019
------------------ testing $PTII/ptolemy/domains/de/test/auto/TransferInputs.xml
auto.tcl: Setting watchdog for 200 seconds at Sat Mar 02 03:41:48 UTC 2019
2 ms. Memory: 549888K Free: 532578K (97%)
ptolemy.util.test.WatchDog.cancel(): canceling Sat Mar 02 03:41:48 UTC 2019
auto.tcl: Setting watchdog for 200 seconds at Sat Mar 02 03:41:48 UTC 2019
2 ms. Memory: 549888K Free: 532578K (97%)
ptolemy.util.test.WatchDog.cancel(): canceling Sat Mar 02 03:41:48 UTC 2019
------------------ testing $PTII/ptolemy/domains/de/test/auto/TransferOutputs2.xml
auto.tcl: Setting watchdog for 200 seconds at Sat Mar 02 03:41:48 UTC 2019
3 ms. Memory: 549376K Free: 521942K (95%)
ptolemy.util.test.WatchDog.cancel(): canceling Sat Mar 02 03:41:48 UTC 2019
auto.tcl: Setting watchdog for 200 seconds at Sat Mar 02 03:41:48 UTC 2019
3 ms. Memory: 549376K Free: 521942K (95%)
ptolemy.util.test.WatchDog.cancel(): canceling Sat Mar 02 03:41:48 UTC 2019
------------------ testing $PTII/ptolemy/domains/de/test/auto/Trilateration.xml
auto.tcl: Setting watchdog for 200 seconds at Sat Mar 02 03:41:49 UTC 2019
13774 ms. Memory: 766976K Free: 234739K (31%)
ptolemy.util.test.WatchDog.cancel(): canceling Sat Mar 02 03:42:03 UTC 2019
auto.tcl: Setting watchdog for 200 seconds at Sat Mar 02 03:42:03 UTC 2019
10873 ms. Memory: 646144K Free: 92194K (14%)
ptolemy.util.test.WatchDog.cancel(): canceling Sat Mar 02 03:42:14 UTC 2019
------------------ testing $PTII/ptolemy/domains/de/test/auto/TwoSigmaDelta.xml
auto.tcl: Setting watchdog for 200 seconds at Sat Mar 02 03:42:14 UTC 2019
2729 ms. Memory: 649728K Free: 352065K (54%)
ptolemy.util.test.WatchDog.cancel(): canceling Sat Mar 02 03:42:17 UTC 2019
auto.tcl: Setting watchdog for 200 seconds at Sat Mar 02 03:42:17 UTC 2019
2106 ms. Memory: 649728K Free: 114397K (18%)
ptolemy.util.test.WatchDog.cancel(): canceling Sat Mar 02 03:42:19 UTC 2019
------------------ testing $PTII/ptolemy/domains/de/test/auto/VariableDelay.xml
auto.tcl: Setting watchdog for 200 seconds at Sat Mar 02 03:42:19 UTC 2019
3 ms. Memory: 646656K Free: 626778K (97%)
ptolemy.util.test.WatchDog.cancel(): canceling Sat Mar 02 03:42:19 UTC 2019
auto.tcl: Setting watchdog for 200 seconds at Sat Mar 02 03:42:19 UTC 2019
2 ms. Memory: 646656K Free: 626778K (97%)
ptolemy.util.test.WatchDog.cancel(): canceling Sat Mar 02 03:42:19 UTC 2019
------------------ testing $PTII/ptolemy/domains/de/test/auto/VariableDelay2.xml
auto.tcl: Setting watchdog for 200 seconds at Sat Mar 02 03:42:19 UTC 2019
9 ms. Memory: 646144K Free: 626756K (97%)
ptolemy.util.test.WatchDog.cancel(): canceling Sat Mar 02 03:42:19 UTC 2019
auto.tcl: Setting watchdog for 200 seconds at Sat Mar 02 03:42:19 UTC 2019
2 ms. Memory: 646144K Free: 626756K (97%)
ptolemy.util.test.WatchDog.cancel(): canceling Sat Mar 02 03:42:19 UTC 2019
------------------ testing $PTII/ptolemy/domains/de/test/auto/VariableDelayZeroDelay.xml
auto.tcl: Setting watchdog for 200 seconds at Sat Mar 02 03:42:19 UTC 2019
2 ms. Memory: 646144K Free: 621107K (96%)
ptolemy.util.test.WatchDog.cancel(): canceling Sat Mar 02 03:42:19 UTC 2019
auto.tcl: Setting watchdog for 200 seconds at Sat Mar 02 03:42:19 UTC 2019
2 ms. Memory: 646144K Free: 621107K (96%)
ptolemy.util.test.WatchDog.cancel(): canceling Sat Mar 02 03:42:19 UTC 2019
------------------ testing $PTII/ptolemy/domains/de/test/auto/VariableDelayZeroDelay2.xml
auto.tcl: Setting watchdog for 200 seconds at Sat Mar 02 03:42:19 UTC 2019
2 ms. Memory: 649216K Free: 624177K (96%)
ptolemy.util.test.WatchDog.cancel(): canceling Sat Mar 02 03:42:19 UTC 2019
auto.tcl: Setting watchdog for 200 seconds at Sat Mar 02 03:42:19 UTC 2019
1 ms. Memory: 649216K Free: 624177K (96%)
ptolemy.util.test.WatchDog.cancel(): canceling Sat Mar 02 03:42:19 UTC 2019
------------------ testing $PTII/ptolemy/domains/de/test/auto/deInCt.xml
auto.tcl: Setting watchdog for 200 seconds at Sat Mar 02 03:42:20 UTC 2019
0
1
1
1
0
0
1
1
1
1
0
0
0
1
1
1
0
0
1
1
1
1
1
1
1
1
1
1
8 ms. Memory: 646144K Free: 621026K (96%)
ptolemy.util.test.WatchDog.cancel(): canceling Sat Mar 02 03:42:20 UTC 2019
auto.tcl: Setting watchdog for 200 seconds at Sat Mar 02 03:42:20 UTC 2019
0
1
1
0
0
0
1
1
1
0
0
0
1
1
1
1
0
0
0
1
1
0
0
0
1
1
1
0
0
0
0
0
1
1
1
1
0
0
0
0
0
6 ms. Memory: 646144K Free: 621026K (96%)
ptolemy.util.test.WatchDog.cancel(): canceling Sat Mar 02 03:42:20 UTC 2019
------------------ testing $PTII/ptolemy/domains/de/test/auto/deInCt2.xml
auto.tcl: Setting watchdog for 200 seconds at Sat Mar 02 03:42:20 UTC 2019
0
1
1
1
0
0
1
1
1
0
0
1
1
1
0
0
1
1
1
0
0
1
1
1
0
0
1
1
1
0
0
1
1
1
0
0
1
1
1
0
0
0
13 ms. Memory: 648704K Free: 623586K (96%)
ptolemy.util.test.WatchDog.cancel(): canceling Sat Mar 02 03:42:20 UTC 2019
auto.tcl: Setting watchdog for 200 seconds at Sat Mar 02 03:42:20 UTC 2019
0
1
1
1
0
0
1
1
1
0
0
1
1
1
0
0
1
1
1
0
0
1
1
1
0
0
1
1
1
0
0
1
1
1
0
0
1
1
1
0
0
0
7 ms. Memory: 648704K Free: 623586K (96%)
ptolemy.util.test.WatchDog.cancel(): canceling Sat Mar 02 03:42:20 UTC 2019
------------------ testing $PTII/ptolemy/domains/de/test/auto/dynamicCausalityInterface1.xml
auto.tcl: Setting watchdog for 200 seconds at Sat Mar 02 03:42:20 UTC 2019
1 ms. Memory: 646144K Free: 618120K (96%)
ptolemy.util.test.WatchDog.cancel(): canceling Sat Mar 02 03:42:20 UTC 2019
auto.tcl: Setting watchdog for 200 seconds at Sat Mar 02 03:42:20 UTC 2019
1 ms. Memory: 646144K Free: 618120K (96%)
ptolemy.util.test.WatchDog.cancel(): canceling Sat Mar 02 03:42:20 UTC 2019
------------------ testing $PTII/ptolemy/domains/de/test/auto/fsm_de_test.xml
auto.tcl: Setting watchdog for 200 seconds at Sat Mar 02 03:42:20 UTC 2019
6 ms. Memory: 648192K Free: 623040K (96%)
ptolemy.util.test.WatchDog.cancel(): canceling Sat Mar 02 03:42:20 UTC 2019
auto.tcl: Setting watchdog for 200 seconds at Sat Mar 02 03:42:20 UTC 2019
5 ms. Memory: 648192K Free: 614424K (95%)
ptolemy.util.test.WatchDog.cancel(): canceling Sat Mar 02 03:42:20 UTC 2019
------------------ testing $PTII/ptolemy/domains/de/test/auto/functionDependencyReconstruction.xml
auto.tcl: Setting watchdog for 200 seconds at Sat Mar 02 03:42:20 UTC 2019
2 ms. Memory: 646144K Free: 612366K (95%)
ptolemy.util.test.WatchDog.cancel(): canceling Sat Mar 02 03:42:20 UTC 2019
auto.tcl: Setting watchdog for 200 seconds at Sat Mar 02 03:42:20 UTC 2019
3 ms. Memory: 646144K Free: 612366K (95%)
ptolemy.util.test.WatchDog.cancel(): canceling Sat Mar 02 03:42:20 UTC 2019
------------------ testing $PTII/ptolemy/domains/de/test/auto/multirate.xml
auto.tcl: Setting watchdog for 200 seconds at Sat Mar 02 03:42:20 UTC 2019
5 ms. Memory: 648192K Free: 628553K (97%)
ptolemy.util.test.WatchDog.cancel(): canceling Sat Mar 02 03:42:20 UTC 2019
auto.tcl: Setting watchdog for 200 seconds at Sat Mar 02 03:42:20 UTC 2019
2 ms. Memory: 648192K Free: 628553K (97%)
ptolemy.util.test.WatchDog.cancel(): canceling Sat Mar 02 03:42:20 UTC 2019
------------------ testing $PTII/ptolemy/domains/de/test/auto/multirate2.xml
auto.tcl: Setting watchdog for 200 seconds at Sat Mar 02 03:42:20 UTC 2019
3 ms. Memory: 646144K Free: 621045K (96%)
ptolemy.util.test.WatchDog.cancel(): canceling Sat Mar 02 03:42:20 UTC 2019
auto.tcl: Setting watchdog for 200 seconds at Sat Mar 02 03:42:20 UTC 2019
3 ms. Memory: 646144K Free: 621045K (96%)
ptolemy.util.test.WatchDog.cancel(): canceling Sat Mar 02 03:42:20 UTC 2019
------------------ testing $PTII/ptolemy/domains/de/test/auto/realtime.xml
auto.tcl: Setting watchdog for 200 seconds at Sat Mar 02 03:42:20 UTC 2019
10001 ms. Memory: 647680K Free: 622504K (96%)
ptolemy.util.test.WatchDog.cancel(): canceling Sat Mar 02 03:42:30 UTC 2019
auto.tcl: Setting watchdog for 200 seconds at Sat Mar 02 03:42:30 UTC 2019
10001 ms. Memory: 647680K Free: 622504K (96%)
ptolemy.util.test.WatchDog.cancel(): canceling Sat Mar 02 03:42:40 UTC 2019
------------------ testing $PTII/ptolemy/domains/de/test/auto/relationGroup.xml
auto.tcl: Setting watchdog for 200 seconds at Sat Mar 02 03:42:40 UTC 2019
2 ms. Memory: 646144K Free: 621069K (96%)
ptolemy.util.test.WatchDog.cancel(): canceling Sat Mar 02 03:42:40 UTC 2019
auto.tcl: Setting watchdog for 200 seconds at Sat Mar 02 03:42:40 UTC 2019
1 ms. Memory: 646144K Free: 621069K (96%)
ptolemy.util.test.WatchDog.cancel(): canceling Sat Mar 02 03:42:40 UTC 2019
------------------ testing $PTII/ptolemy/domains/de/test/auto/relationGroup2.xml
auto.tcl: Setting watchdog for 200 seconds at Sat Mar 02 03:42:40 UTC 2019
1 ms. Memory: 647680K Free: 622631K (96%)
ptolemy.util.test.WatchDog.cancel(): canceling Sat Mar 02 03:42:40 UTC 2019
auto.tcl: Setting watchdog for 200 seconds at Sat Mar 02 03:42:40 UTC 2019
1 ms. Memory: 647680K Free: 622631K (96%)
ptolemy.util.test.WatchDog.cancel(): canceling Sat Mar 02 03:42:40 UTC 2019
------------------ testing $PTII/ptolemy/domains/de/test/auto/sortWithOpaquePorts.xml
auto.tcl: Setting watchdog for 200 seconds at Sat Mar 02 03:42:40 UTC 2019
1 ms. Memory: 646144K Free: 621096K (96%)
ptolemy.util.test.WatchDog.cancel(): canceling Sat Mar 02 03:42:40 UTC 2019
auto.tcl: Setting watchdog for 200 seconds at Sat Mar 02 03:42:40 UTC 2019
2 ms. Memory: 646144K Free: 621096K (96%)
ptolemy.util.test.WatchDog.cancel(): canceling Sat Mar 02 03:42:40 UTC 2019
------------------ testing $PTII/ptolemy/domains/de/test/auto/transferInputsandOutputs.xml
auto.tcl: Setting watchdog for 200 seconds at Sat Mar 02 03:42:40 UTC 2019
2 ms. Memory: 647168K Free: 622107K (96%)
ptolemy.util.test.WatchDog.cancel(): canceling Sat Mar 02 03:42:40 UTC 2019
auto.tcl: Setting watchdog for 200 seconds at Sat Mar 02 03:42:40 UTC 2019
1 ms. Memory: 647168K Free: 622107K (96%)
ptolemy.util.test.WatchDog.cancel(): canceling Sat Mar 02 03:42:40 UTC 2019
------------------ testing $PTII/ptolemy/domains/de/test/auto/triggerType.xml
auto.tcl: Setting watchdog for 200 seconds at Sat Mar 02 03:42:40 UTC 2019
2 ms. Memory: 646144K Free: 621033K (96%)
ptolemy.util.test.WatchDog.cancel(): canceling Sat Mar 02 03:42:40 UTC 2019
auto.tcl: Setting watchdog for 200 seconds at Sat Mar 02 03:42:40 UTC 2019
1 ms. Memory: 646144K Free: 621033K (96%)
ptolemy.util.test.WatchDog.cancel(): canceling Sat Mar 02 03:42:40 UTC 2019
03/02/19 03:42:40
Failed: 0  Total Tests: 192  ((Passed: 187, Newly Passed: 1)  Known Failed: 5) /home/travis/build/icyphy/ptII/ptolemy/domains/de/test
03/02/19 03:42:40
Failed: 0  Total Tests: 192  ((Passed: 187, Newly Passed: 1)  Known Failed: 5) /home/travis/build/icyphy/ptII/ptolemy/domains/de/test
----------------- testing (KnownFailure) /home/travis/build/icyphy/ptII/ptolemy/domains/de/test/auto/knownFailedTests/DESDFClockTest.xml
2008 ms. Memory: 647168K Free: 610740K (94%)
Known Failure: java.lang.reflect.InvocationTargetException
----------------- testing (KnownFailure) /home/travis/build/icyphy/ptII/ptolemy/domains/de/test/auto/knownFailedTests/DirectFeedback.xml
1 ms. Memory: 647168K Free: 565560K (87%)
Known Failure: java.lang.reflect.InvocationTargetException
----------------- testing (KnownFailure) /home/travis/build/icyphy/ptII/ptolemy/domains/de/test/auto/knownFailedTests/FSMSource.xml
4 ms. Memory: 647168K Free: 520381K (80%)
----------------- testing (KnownFailure) /home/travis/build/icyphy/ptII/ptolemy/domains/de/test/auto/knownFailedTests/HierarchicalModel.xml
2 ms. Memory: 647168K Free: 486497K (75%)
Known Failure: java.lang.reflect.InvocationTargetException
----------------- testing (KnownFailure) /home/travis/build/icyphy/ptII/ptolemy/domains/de/test/auto/knownFailedTests/dependencyLoop.xml
1 ms. Memory: 647168K Free: 430007K (66%)
Known Failure: java.lang.reflect.InvocationTargetException
----------------- testing (KnownFailure) /home/travis/build/icyphy/ptII/ptolemy/domains/de/test/auto/knownFailedTests/dependencyLoop2.xml
2 ms. Memory: 647168K Free: 373525K (58%)
Known Failure: java.lang.reflect.InvocationTargetException
No auto/linux-amd64/*.xml tests in /home/travis/build/icyphy/ptII/ptolemy/domains/de/test
AutoTests.java: About to close Vertx.
AutoTests.java: Vertx closed.

===========================================================================================
----------------- testing Sat Mar 02 03:42:43 UTC 2019 /home/travis/build/icyphy/ptII/ptolemy/domains/de/test/auto/ActorDepthCalculation_actorWithoutPorts.xml
----------------- Instantiating /home/travis/build/icyphy/ptII/ptolemy/domains/de/test/auto/ActorDepthCalculation_actorWithoutPorts.xml
2 ms. Memory: 647168K Free: 317051K (49%)
----------------- Invoking toplevel() on ptolemy.moml.MoMLSimpleApplication@36efc204
----------------- Done invoking toplevel() on ptolemy.moml.MoMLSimpleApplication@36efc204
reloadAllAccessors: .ActorDepthCalculation_actorWithoutPorts

===========================================================================================
----------------- testing Sat Mar 02 03:42:43 UTC 2019 /home/travis/build/icyphy/ptII/ptolemy/domains/de/test/auto/AssemblyLine.xml
----------------- Instantiating /home/travis/build/icyphy/ptII/ptolemy/domains/de/test/auto/AssemblyLine.xml
1 ms. Memory: 647168K Free: 294462K (46%)
----------------- Invoking toplevel() on ptolemy.moml.MoMLSimpleApplication@67ef71c4
----------------- Done invoking toplevel() on ptolemy.moml.MoMLSimpleApplication@67ef71c4
reloadAllAccessors: .AssemblyLine

===========================================================================================
----------------- testing Sat Mar 02 03:42:43 UTC 2019 /home/travis/build/icyphy/ptII/ptolemy/domains/de/test/auto/CQBug1.xml
----------------- Instantiating /home/travis/build/icyphy/ptII/ptolemy/domains/de/test/auto/CQBug1.xml
0 ms. Memory: 647168K Free: 271872K (42%)
----------------- Invoking toplevel() on ptolemy.moml.MoMLSimpleApplication@3f395c57
----------------- Done invoking toplevel() on ptolemy.moml.MoMLSimpleApplication@3f395c57
reloadAllAccessors: .CQBug1

===========================================================================================
----------------- testing Sat Mar 02 03:42:43 UTC 2019 /home/travis/build/icyphy/ptII/ptolemy/domains/de/test/auto/CancelFireAt.xml
----------------- Instantiating /home/travis/build/icyphy/ptII/ptolemy/domains/de/test/auto/CancelFireAt.xml
1 ms. Memory: 647168K Free: 249283K (39%)
----------------- Invoking toplevel() on ptolemy.moml.MoMLSimpleApplication@1fd8d774
----------------- Done invoking toplevel() on ptolemy.moml.MoMLSimpleApplication@1fd8d774
reloadAllAccessors: .CancelFireAt

===========================================================================================
----------------- testing Sat Mar 02 03:42:43 UTC 2019 /home/travis/build/icyphy/ptII/ptolemy/domains/de/test/auto/CausalityAndComposabilityAnalysis.xml
----------------- Instantiating /home/travis/build/icyphy/ptII/ptolemy/domains/de/test/auto/CausalityAndComposabilityAnalysis.xml
1 ms. Memory: 647168K Free: 226693K (35%)
----------------- Invoking toplevel() on ptolemy.moml.MoMLSimpleApplication@188beded
----------------- Done invoking toplevel() on ptolemy.moml.MoMLSimpleApplication@188beded
reloadAllAccessors: .CausalityAndComposabilityAnalysis

===========================================================================================
----------------- testing Sat Mar 02 03:42:43 UTC 2019 /home/travis/build/icyphy/ptII/ptolemy/domains/de/test/auto/CausalityInterface1.xml
----------------- Instantiating /home/travis/build/icyphy/ptII/ptolemy/domains/de/test/auto/CausalityInterface1.xml
3 ms. Memory: 647168K Free: 204104K (32%)
----------------- Invoking toplevel() on ptolemy.moml.MoMLSimpleApplication@668c885
----------------- Done invoking toplevel() on ptolemy.moml.MoMLSimpleApplication@668c885
reloadAllAccessors: .CausalityInterface1

===========================================================================================
----------------- testing Sat Mar 02 03:42:43 UTC 2019 /home/travis/build/icyphy/ptII/ptolemy/domains/de/test/auto/CausalityInterface15.xml
----------------- Instantiating /home/travis/build/icyphy/ptII/ptolemy/domains/de/test/auto/CausalityInterface15.xml
1 ms. Memory: 647168K Free: 181514K (28%)
----------------- Invoking toplevel() on ptolemy.moml.MoMLSimpleApplication@4a04409b
----------------- Done invoking toplevel() on ptolemy.moml.MoMLSimpleApplication@4a04409b
reloadAllAccessors: .CausalityInterface15

[...]
java.lang.RuntimeException: Execution failed
	at ptolemy.moml.MoMLSimpleApplication$UnloadThread.run(MoMLSimpleApplication.java:402)
Caused by: ptolemy.kernel.util.IllegalActionException: Test fails in iteration 1.
Value was: 1.0. Should have been: 2.0
  in .DirectFeedback.Test
	at ptolemy.actor.lib.Test.fire(Test.java:268)
	at ptolemy.domains.de.kernel.DEDirector._fire(DEDirector.java:1949)
	at ptolemy.domains.de.kernel.DEDirector.fire(DEDirector.java:502)
	at ptolemy.actor.CompositeActor.fire(CompositeActor.java:455)
	at ptolemy.actor.Manager.iterate(Manager.java:851)
	at ptolemy.actor.Manager.execute(Manager.java:369)
	at ptolemy.actor.Manager.run(Manager.java:1263)
	at ptolemy.actor.Manager$PtolemyRunThread.run(Manager.java:1915)
java.lang.RuntimeException: Execution failed
	at ptolemy.moml.MoMLSimpleApplication$UnloadThread.run(MoMLSimpleApplication.java:402)
Caused by: ptolemy.kernel.util.IllegalActionException: Actor is not ready to fire.  Perhaps UpSample.prefire() returned false? Try debugging the actor by selecting "Listen to Actor".  Also, for SDF check moml for tokenConsumptionRate on input.
  in .DESDFClockTest.Play Bell.Copy1:SDF Director and .DESDFClockTest.Play Bell.UpSample
	at ptolemy.actor.sched.StaticSchedulingDirector.fire(StaticSchedulingDirector.java:227)
	at ptolemy.domains.sdf.kernel.SDFDirector.fire(SDFDirector.java:500)
	at ptolemy.actor.CompositeActor.fire(CompositeActor.java:455)
	at ptolemy.domains.de.kernel.DEDirector._fire(DEDirector.java:1949)
	at ptolemy.domains.de.kernel.DEDirector.fire(DEDirector.java:502)
	at ptolemy.actor.CompositeActor.fire(CompositeActor.java:455)
	at ptolemy.actor.Manager.iterate(Manager.java:851)
	at ptolemy.actor.Manager.execute(Manager.java:369)
	at ptolemy.actor.Manager.run(Manager.java:1263)
	at ptolemy.actor.Manager$PtolemyRunThread.run(Manager.java:1915)
java.lang.reflect.InvocationTargetException
	at sun.reflect.NativeConstructorAccessorImpl.newInstance0(Native Method)
	at sun.reflect.NativeConstructorAccessorImpl.newInstance(NativeConstructorAccessorImpl.java:62)
	at sun.reflect.DelegatingConstructorAccessorImpl.newInstance(DelegatingConstructorAccessorImpl.java:45)
	at java.lang.reflect.Constructor.newInstance(Constructor.java:423)
	at ptolemy.util.test.junit.AutoKnownFailedTests.RunModel(AutoKnownFailedTests.java:105)
	at sun.reflect.NativeMethodAccessorImpl.invoke0(Native Method)
	at sun.reflect.NativeMethodAccessorImpl.invoke(NativeMethodAccessorImpl.java:62)
	at sun.reflect.DelegatingMethodAccessorImpl.invoke(DelegatingMethodAccessorImpl.java:43)
	at java.lang.reflect.Method.invoke(Method.java:498)
	at org.junit.runners.model.FrameworkMethod$1.runReflectiveCall(FrameworkMethod.java:44)
	at org.junit.internal.runners.model.ReflectiveCallable.run(ReflectiveCallable.java:15)
	at org.junit.runners.model.FrameworkMethod.invokeExplosively(FrameworkMethod.java:41)
	at junitparams.internal.InvokeParameterisedMethod.evaluate(InvokeParameterisedMethod.java:102)
	at org.junit.internal.runners.statements.FailOnTimeout$1.run(FailOnTimeout.java:28)
Caused by: ptolemy.kernel.util.IllegalActionException: Actor is not ready to fire.  Perhaps UpSample.prefire() returned false? Try debugging the actor by selecting "Listen to Actor".  Also, for SDF check moml for tokenConsumptionRate on input.
  in .DESDFClockTest.Play Bell.Copy1:SDF Director and .DESDFClockTest.Play Bell.UpSample
	at ptolemy.actor.sched.StaticSchedulingDirector.fire(StaticSchedulingDirector.java:227)
	at ptolemy.domains.sdf.kernel.SDFDirector.fire(SDFDirector.java:500)
	at ptolemy.actor.CompositeActor.fire(CompositeActor.java:455)
	at ptolemy.domains.de.kernel.DEDirector._fire(DEDirector.java:1949)
	at ptolemy.domains.de.kernel.DEDirector.fire(DEDirector.java:502)
	at ptolemy.actor.CompositeActor.fire(CompositeActor.java:455)
	at ptolemy.actor.Manager.iterate(Manager.java:851)
	at ptolemy.actor.Manager.execute(Manager.java:369)
	at ptolemy.actor.Manager.run(Manager.java:1263)
	at ptolemy.actor.Manager$PtolemyRunThread.run(Manager.java:1915)
java.lang.RuntimeException: Execution failed
	at ptolemy.moml.MoMLSimpleApplication$UnloadThread.run(MoMLSimpleApplication.java:402)
Caused by: ptolemy.kernel.util.IllegalActionException: Test fails in iteration 1.
Value was: 1.0. Should have been: 2.0
  in .DirectFeedback.Test
	at ptolemy.actor.lib.Test.fire(Test.java:268)
	at ptolemy.domains.de.kernel.DEDirector._fire(DEDirector.java:1949)
	at ptolemy.domains.de.kernel.DEDirector.fire(DEDirector.java:502)
	at ptolemy.actor.CompositeActor.fire(CompositeActor.java:455)
	at ptolemy.actor.Manager.iterate(Manager.java:851)
	at ptolemy.actor.Manager.execute(Manager.java:369)
	at ptolemy.actor.Manager.run(Manager.java:1263)
	at ptolemy.actor.Manager$PtolemyRunThread.run(Manager.java:1915)
java.lang.reflect.InvocationTargetException
	at sun.reflect.NativeConstructorAccessorImpl.newInstance0(Native Method)
	at sun.reflect.NativeConstructorAccessorImpl.newInstance(NativeConstructorAccessorImpl.java:62)
	at sun.reflect.DelegatingConstructorAccessorImpl.newInstance(DelegatingConstructorAccessorImpl.java:45)
	at java.lang.reflect.Constructor.newInstance(Constructor.java:423)
	at ptolemy.util.test.junit.AutoKnownFailedTests.RunModel(AutoKnownFailedTests.java:105)
	at sun.reflect.NativeMethodAccessorImpl.invoke0(Native Method)
	at sun.reflect.NativeMethodAccessorImpl.invoke(NativeMethodAccessorImpl.java:62)
	at sun.reflect.DelegatingMethodAccessorImpl.invoke(DelegatingMethodAccessorImpl.java:43)
	at java.lang.reflect.Method.invoke(Method.java:498)
	at org.junit.runners.model.FrameworkMethod$1.runReflectiveCall(FrameworkMethod.java:44)
	at org.junit.internal.runners.model.ReflectiveCallable.run(ReflectiveCallable.java:15)
	at org.junit.runners.model.FrameworkMethod.invokeExplosively(FrameworkMethod.java:41)
	at junitparams.internal.InvokeParameterisedMethod.evaluate(InvokeParameterisedMethod.java:102)
	at org.junit.internal.runners.statements.FailOnTimeout$1.run(FailOnTimeout.java:28)
Caused by: ptolemy.kernel.util.IllegalActionException: Test fails in iteration 1.
Value was: 1.0. Should have been: 2.0
  in .DirectFeedback.Test
	at ptolemy.actor.lib.Test.fire(Test.java:268)
	at ptolemy.domains.de.kernel.DEDirector._fire(DEDirector.java:1949)
	at ptolemy.domains.de.kernel.DEDirector.fire(DEDirector.java:502)
	at ptolemy.actor.CompositeActor.fire(CompositeActor.java:455)
	at ptolemy.actor.Manager.iterate(Manager.java:851)
	at ptolemy.actor.Manager.execute(Manager.java:369)
	at ptolemy.actor.Manager.run(Manager.java:1263)
	at ptolemy.actor.Manager$PtolemyRunThread.run(Manager.java:1915)
java.lang.RuntimeException: Execution failed
	at ptolemy.moml.MoMLSimpleApplication$UnloadThread.run(MoMLSimpleApplication.java:402)
Caused by: ptolemy.kernel.util.IllegalActionException: Found a zero delay loop containing .HierarchicalModel.A
  in .HierarchicalModel and .HierarchicalModel.A
	at ptolemy.actor.util.CausalityInterfaceForComposites._computeOutputPortDepth(CausalityInterfaceForComposites.java:759)
	at ptolemy.actor.util.CausalityInterfaceForComposites._computeInputDepth(CausalityInterfaceForComposites.java:696)
	at ptolemy.actor.util.CausalityInterfaceForComposites._computeOutputPortDepth(CausalityInterfaceForComposites.java:765)
	at ptolemy.actor.util.CausalityInterfaceForComposites._computeInputDepth(CausalityInterfaceForComposites.java:696)
	at ptolemy.actor.util.CausalityInterfaceForComposites._computeOutputPortDepth(CausalityInterfaceForComposites.java:765)
	at ptolemy.actor.util.CausalityInterfaceForComposites._computeInputDepth(CausalityInterfaceForComposites.java:696)
	at ptolemy.actor.util.CausalityInterfaceForComposites._computeActorDepth(CausalityInterfaceForComposites.java:532)
	at ptolemy.actor.util.CausalityInterfaceForComposites.checkForCycles(CausalityInterfaceForComposites.java:96)
	at ptolemy.domains.de.kernel.DEDirector.preinitialize(DEDirector.java:1338)
	at ptolemy.actor.CompositeActor.preinitialize(CompositeActor.java:1828)
	at ptolemy.actor.Manager.preinitializeAndResolveTypes(Manager.java:1040)
	at ptolemy.actor.Manager.initialize(Manager.java:710)
	at ptolemy.actor.Manager.execute(Manager.java:356)
	at ptolemy.actor.Manager.run(Manager.java:1263)
	at ptolemy.actor.Manager$PtolemyRunThread.run(Manager.java:1915)
java.lang.reflect.InvocationTargetException
	at sun.reflect.NativeConstructorAccessorImpl.newInstance0(Native Method)
	at sun.reflect.NativeConstructorAccessorImpl.newInstance(NativeConstructorAccessorImpl.java:62)
	at sun.reflect.DelegatingConstructorAccessorImpl.newInstance(DelegatingConstructorAccessorImpl.java:45)
	at java.lang.reflect.Constructor.newInstance(Constructor.java:423)
	at ptolemy.util.test.junit.AutoKnownFailedTests.RunModel(AutoKnownFailedTests.java:105)
	at sun.reflect.NativeMethodAccessorImpl.invoke0(Native Method)
	at sun.reflect.NativeMethodAccessorImpl.invoke(NativeMethodAccessorImpl.java:62)
	at sun.reflect.DelegatingMethodAccessorImpl.invoke(DelegatingMethodAccessorImpl.java:43)
	at java.lang.reflect.Method.invoke(Method.java:498)
	at org.junit.runners.model.FrameworkMethod$1.runReflectiveCall(FrameworkMethod.java:44)
	at org.junit.internal.runners.model.ReflectiveCallable.run(ReflectiveCallable.java:15)
	at org.junit.runners.model.FrameworkMethod.invokeExplosively(FrameworkMethod.java:41)
	at junitparams.internal.InvokeParameterisedMethod.evaluate(InvokeParameterisedMethod.java:102)
	at org.junit.internal.runners.statements.FailOnTimeout$1.run(FailOnTimeout.java:28)
Caused by: ptolemy.kernel.util.IllegalActionException: Found a zero delay loop containing .HierarchicalModel.A
  in .HierarchicalModel and .HierarchicalModel.A
	at ptolemy.actor.util.CausalityInterfaceForComposites._computeOutputPortDepth(CausalityInterfaceForComposites.java:759)
	at ptolemy.actor.util.CausalityInterfaceForComposites._computeInputDepth(CausalityInterfaceForComposites.java:696)
	at ptolemy.actor.util.CausalityInterfaceForComposites._computeOutputPortDepth(CausalityInterfaceForComposites.java:765)
	at ptolemy.actor.util.CausalityInterfaceForComposites._computeInputDepth(CausalityInterfaceForComposites.java:696)
	at ptolemy.actor.util.CausalityInterfaceForComposites._computeOutputPortDepth(CausalityInterfaceForComposites.java:765)
	at ptolemy.actor.util.CausalityInterfaceForComposites._computeInputDepth(CausalityInterfaceForComposites.java:696)
	at ptolemy.actor.util.CausalityInterfaceForComposites._computeActorDepth(CausalityInterfaceForComposites.java:532)
	at ptolemy.actor.util.CausalityInterfaceForComposites.checkForCycles(CausalityInterfaceForComposites.java:96)
	at ptolemy.domains.de.kernel.DEDirector.preinitialize(DEDirector.java:1338)
	at ptolemy.actor.CompositeActor.preinitialize(CompositeActor.java:1828)
	at ptolemy.actor.Manager.preinitializeAndResolveTypes(Manager.java:1040)
	at ptolemy.actor.Manager.initialize(Manager.java:710)
	at ptolemy.actor.Manager.execute(Manager.java:356)
	at ptolemy.actor.Manager.run(Manager.java:1263)
	at ptolemy.actor.Manager$PtolemyRunThread.run(Manager.java:1915)
java.lang.RuntimeException: Execution failed
	at ptolemy.moml.MoMLSimpleApplication$UnloadThread.run(MoMLSimpleApplication.java:402)
Caused by: ptolemy.kernel.util.IllegalActionException: Found a zero delay loop containing .dependencyLoop.original
  in .dependencyLoop and .dependencyLoop.original
	at ptolemy.actor.util.CausalityInterfaceForComposites._computeOutputPortDepth(CausalityInterfaceForComposites.java:759)
	at ptolemy.actor.util.CausalityInterfaceForComposites._computeInputDepth(CausalityInterfaceForComposites.java:696)
	at ptolemy.actor.util.CausalityInterfaceForComposites._computeOutputPortDepth(CausalityInterfaceForComposites.java:765)
	at ptolemy.actor.util.CausalityInterfaceForComposites._computeInputDepth(CausalityInterfaceForComposites.java:696)
	at ptolemy.actor.util.CausalityInterfaceForComposites._computeOutputPortDepth(CausalityInterfaceForComposites.java:765)
	at ptolemy.actor.util.CausalityInterfaceForComposites._computeInputDepth(CausalityInterfaceForComposites.java:696)
	at ptolemy.actor.util.CausalityInterfaceForComposites._computeActorDepth(CausalityInterfaceForComposites.java:532)
	at ptolemy.actor.util.CausalityInterfaceForComposites.checkForCycles(CausalityInterfaceForComposites.java:96)
	at ptolemy.domains.de.kernel.DEDirector.preinitialize(DEDirector.java:1338)
	at ptolemy.actor.CompositeActor.preinitialize(CompositeActor.java:1828)
	at ptolemy.actor.Manager.preinitializeAndResolveTypes(Manager.java:1040)
	at ptolemy.actor.Manager.initialize(Manager.java:710)
	at ptolemy.actor.Manager.execute(Manager.java:356)
	at ptolemy.actor.Manager.run(Manager.java:1263)
	at ptolemy.actor.Manager$PtolemyRunThread.run(Manager.java:1915)
java.lang.reflect.InvocationTargetException
	at sun.reflect.NativeConstructorAccessorImpl.newInstance0(Native Method)
	at sun.reflect.NativeConstructorAccessorImpl.newInstance(NativeConstructorAccessorImpl.java:62)
	at sun.reflect.DelegatingConstructorAccessorImpl.newInstance(DelegatingConstructorAccessorImpl.java:45)
	at java.lang.reflect.Constructor.newInstance(Constructor.java:423)
	at ptolemy.util.test.junit.AutoKnownFailedTests.RunModel(AutoKnownFailedTests.java:105)
	at sun.reflect.NativeMethodAccessorImpl.invoke0(Native Method)
	at sun.reflect.NativeMethodAccessorImpl.invoke(NativeMethodAccessorImpl.java:62)
	at sun.reflect.DelegatingMethodAccessorImpl.invoke(DelegatingMethodAccessorImpl.java:43)
	at java.lang.reflect.Method.invoke(Method.java:498)
	at org.junit.runners.model.FrameworkMethod$1.runReflectiveCall(FrameworkMethod.java:44)
	at org.junit.internal.runners.model.ReflectiveCallable.run(ReflectiveCallable.java:15)
	at org.junit.runners.model.FrameworkMethod.invokeExplosively(FrameworkMethod.java:41)
	at junitparams.internal.InvokeParameterisedMethod.evaluate(InvokeParameterisedMethod.java:102)
	at org.junit.internal.runners.statements.FailOnTimeout$1.run(FailOnTimeout.java:28)
Caused by: ptolemy.kernel.util.IllegalActionException: Found a zero delay loop containing .dependencyLoop.original
  in .dependencyLoop and .dependencyLoop.original
	at ptolemy.actor.util.CausalityInterfaceForComposites._computeOutputPortDepth(CausalityInterfaceForComposites.java:759)
	at ptolemy.actor.util.CausalityInterfaceForComposites._computeInputDepth(CausalityInterfaceForComposites.java:696)
	at ptolemy.actor.util.CausalityInterfaceForComposites._computeOutputPortDepth(CausalityInterfaceForComposites.java:765)
	at ptolemy.actor.util.CausalityInterfaceForComposites._computeInputDepth(CausalityInterfaceForComposites.java:696)
	at ptolemy.actor.util.CausalityInterfaceForComposites._computeOutputPortDepth(CausalityInterfaceForComposites.java:765)
	at ptolemy.actor.util.CausalityInterfaceForComposites._computeInputDepth(CausalityInterfaceForComposites.java:696)
	at ptolemy.actor.util.CausalityInterfaceForComposites._computeActorDepth(CausalityInterfaceForComposites.java:532)
	at ptolemy.actor.util.CausalityInterfaceForComposites.checkForCycles(CausalityInterfaceForComposites.java:96)
	at ptolemy.domains.de.kernel.DEDirector.preinitialize(DEDirector.java:1338)
	at ptolemy.actor.CompositeActor.preinitialize(CompositeActor.java:1828)
	at ptolemy.actor.Manager.preinitializeAndResolveTypes(Manager.java:1040)
	at ptolemy.actor.Manager.initialize(Manager.java:710)
	at ptolemy.actor.Manager.execute(Manager.java:356)
	at ptolemy.actor.Manager.run(Manager.java:1263)
	at ptolemy.actor.Manager$PtolemyRunThread.run(Manager.java:1915)
java.lang.RuntimeException: Execution failed
	at ptolemy.moml.MoMLSimpleApplication$UnloadThread.run(MoMLSimpleApplication.java:402)
Caused by: ptolemy.kernel.util.IllegalActionException: Found a zero delay loop containing .dependencyLoop2.original
  in .dependencyLoop2 and .dependencyLoop2.original
	at ptolemy.actor.util.CausalityInterfaceForComposites._computeOutputPortDepth(CausalityInterfaceForComposites.java:759)
	at ptolemy.actor.util.CausalityInterfaceForComposites._computeInputDepth(CausalityInterfaceForComposites.java:696)
	at ptolemy.actor.util.CausalityInterfaceForComposites._computeOutputPortDepth(CausalityInterfaceForComposites.java:765)
	at ptolemy.actor.util.CausalityInterfaceForComposites._computeInputDepth(CausalityInterfaceForComposites.java:696)
	at ptolemy.actor.util.CausalityInterfaceForComposites._computeOutputPortDepth(CausalityInterfaceForComposites.java:765)
	at ptolemy.actor.util.CausalityInterfaceForComposites._computeInputDepth(CausalityInterfaceForComposites.java:696)
	at ptolemy.actor.util.CausalityInterfaceForComposites._computeActorDepth(CausalityInterfaceForComposites.java:532)
	at ptolemy.actor.util.CausalityInterfaceForComposites.checkForCycles(CausalityInterfaceForComposites.java:96)
	at ptolemy.domains.de.kernel.DEDirector.preinitialize(DEDirector.java:1338)
	at ptolemy.actor.CompositeActor.preinitialize(CompositeActor.java:1828)
	at ptolemy.actor.Manager.preinitializeAndResolveTypes(Manager.java:1040)
	at ptolemy.actor.Manager.initialize(Manager.java:710)
	at ptolemy.actor.Manager.execute(Manager.java:356)
	at ptolemy.actor.Manager.run(Manager.java:1263)
	at ptolemy.actor.Manager$PtolemyRunThread.run(Manager.java:1915)
java.lang.reflect.InvocationTargetException
	at sun.reflect.NativeConstructorAccessorImpl.newInstance0(Native Method)
	at sun.reflect.NativeConstructorAccessorImpl.newInstance(NativeConstructorAccessorImpl.java:62)
	at sun.reflect.DelegatingConstructorAccessorImpl.newInstance(DelegatingConstructorAccessorImpl.java:45)
	at java.lang.reflect.Constructor.newInstance(Constructor.java:423)
	at ptolemy.util.test.junit.AutoKnownFailedTests.RunModel(AutoKnownFailedTests.java:105)
	at sun.reflect.NativeMethodAccessorImpl.invoke0(Native Method)
	at sun.reflect.NativeMethodAccessorImpl.invoke(NativeMethodAccessorImpl.java:62)
	at sun.reflect.DelegatingMethodAccessorImpl.invoke(DelegatingMethodAccessorImpl.java:43)
	at java.lang.reflect.Method.invoke(Method.java:498)
	at org.junit.runners.model.FrameworkMethod$1.runReflectiveCall(FrameworkMethod.java:44)
	at org.junit.internal.runners.model.ReflectiveCallable.run(ReflectiveCallable.java:15)
	at org.junit.runners.model.FrameworkMethod.invokeExplosively(FrameworkMethod.java:41)
	at junitparams.internal.InvokeParameterisedMethod.evaluate(InvokeParameterisedMethod.java:102)
	at org.junit.internal.runners.statements.FailOnTimeout$1.run(FailOnTimeout.java:28)
Caused by: ptolemy.kernel.util.IllegalActionException: Found a zero delay loop containing .dependencyLoop2.original
  in .dependencyLoop2 and .dependencyLoop2.original
	at ptolemy.actor.util.CausalityInterfaceForComposites._computeOutputPortDepth(CausalityInterfaceForComposites.java:759)
	at ptolemy.actor.util.CausalityInterfaceForComposites._computeInputDepth(CausalityInterfaceForComposites.java:696)
	at ptolemy.actor.util.CausalityInterfaceForComposites._computeOutputPortDepth(CausalityInterfaceForComposites.java:765)
	at ptolemy.actor.util.CausalityInterfaceForComposites._computeInputDepth(CausalityInterfaceForComposites.java:696)
	at ptolemy.actor.util.CausalityInterfaceForComposites._computeOutputPortDepth(CausalityInterfaceForComposites.java:765)
	at ptolemy.actor.util.CausalityInterfaceForComposites._computeInputDepth(CausalityInterfaceForComposites.java:696)
	at ptolemy.actor.util.CausalityInterfaceForComposites._computeActorDepth(CausalityInterfaceForComposites.java:532)
	at ptolemy.actor.util.CausalityInterfaceForComposites.checkForCycles(CausalityInterfaceForComposites.java:96)
	at ptolemy.domains.de.kernel.DEDirector.preinitialize(DEDirector.java:1338)
	at ptolemy.actor.CompositeActor.preinitialize(CompositeActor.java:1828)
	at ptolemy.actor.Manager.preinitializeAndResolveTypes(Manager.java:1040)
	at ptolemy.actor.Manager.initialize(Manager.java:710)
	at ptolemy.actor.Manager.execute(Manager.java:356)
	at ptolemy.actor.Manager.run(Manager.java:1263)
	at ptolemy.actor.Manager$PtolemyRunThread.run(Manager.java:1915)
]]></system-err>
</testsuite>
