<?xml version="1.0" encoding="UTF-8" ?>
<testsuite errors="0" failures="0" hostname="travis-job-0688a167-43c1-48e3-a4ff-eb6a2f972306" name="ptolemy.domains.de.test.junit.JUnitTclTest" skipped="0" tests="101" time="128.422" timestamp="2019-03-28T21:34:00">
  <properties>
[...]
</properties>
  <testcase classname="ptolemy.util.test.junit.TclTests" name="[0] /home/travis/build/icyphy/ptII/ptolemy/domains/de/test/DependencyLoop.tcl (RunTclFile)" time="0.779" />
  <testcase classname="ptolemy.util.test.junit.TclTests" name="[1] /home/travis/build/icyphy/ptII/ptolemy/domains/de/test/RunDETestsAsQSS.tcl (RunTclFile)" time="87.834" />
  <testcase classname="ptolemy.util.test.junit.AutoKnownFailedTests" name="[0] /home/travis/build/icyphy/ptII/ptolemy/domains/de/test/auto/knownFailedTests/DESDFClockTest.xml (RunModel)" time="2.049" />
  <testcase classname="ptolemy.util.test.junit.AutoKnownFailedTests" name="[1] /home/travis/build/icyphy/ptII/ptolemy/domains/de/test/auto/knownFailedTests/DirectFeedback.xml (RunModel)" time="0.022" />
  <testcase classname="ptolemy.util.test.junit.AutoKnownFailedTests" name="[2] /home/travis/build/icyphy/ptII/ptolemy/domains/de/test/auto/knownFailedTests/FSMSource.xml (RunModel)" time="0.035" />
  <testcase classname="ptolemy.util.test.junit.AutoKnownFailedTests" name="[3] /home/travis/build/icyphy/ptII/ptolemy/domains/de/test/auto/knownFailedTests/HierarchicalModel.xml (RunModel)" time="0.047" />
  <testcase classname="ptolemy.util.test.junit.AutoKnownFailedTests" name="[4] /home/travis/build/icyphy/ptII/ptolemy/domains/de/test/auto/knownFailedTests/dependencyLoop.xml (RunModel)" time="0.045" />
  <testcase classname="ptolemy.util.test.junit.AutoKnownFailedTests" name="[5] /home/travis/build/icyphy/ptII/ptolemy/domains/de/test/auto/knownFailedTests/dependencyLoop2.xml (RunModel)" time="0.059" />
  <testcase classname="ptolemy.util.test.junit.AutoNameArchTests" name="[0] ThereAreNoAutoArchTests (RunModel)" time="0.001" />
  <testcase classname="ptolemy.util.test.junit.AutoTests" name="[0] /home/travis/build/icyphy/ptII/ptolemy/domains/de/test/auto/ActorDepthCalculation_actorWithoutPorts.xml (RunModel)" time="0.017" />
  <testcase classname="ptolemy.util.test.junit.AutoTests" name="[1] /home/travis/build/icyphy/ptII/ptolemy/domains/de/test/auto/AssemblyLine.xml (RunModel)" time="0.021" />
  <testcase classname="ptolemy.util.test.junit.AutoTests" name="[2] /home/travis/build/icyphy/ptII/ptolemy/domains/de/test/auto/CQBug1.xml (RunModel)" time="0.009" />
  <testcase classname="ptolemy.util.test.junit.AutoTests" name="[3] /home/travis/build/icyphy/ptII/ptolemy/domains/de/test/auto/CancelFireAt.xml (RunModel)" time="0.007" />
  <testcase classname="ptolemy.util.test.junit.AutoTests" name="[4] /home/travis/build/icyphy/ptII/ptolemy/domains/de/test/auto/CausalityAndComposabilityAnalysis.xml (RunModel)" time="0.013" />
  <testcase classname="ptolemy.util.test.junit.AutoTests" name="[5] /home/travis/build/icyphy/ptII/ptolemy/domains/de/test/auto/CausalityInterface1.xml (RunModel)" time="0.016" />
  <testcase classname="ptolemy.util.test.junit.AutoTests" name="[6] /home/travis/build/icyphy/ptII/ptolemy/domains/de/test/auto/CausalityInterface15.xml (RunModel)" time="0.016" />
  <testcase classname="ptolemy.util.test.junit.AutoTests" name="[7] /home/travis/build/icyphy/ptII/ptolemy/domains/de/test/auto/CausalityInterface2.xml (RunModel)" time="0.012" />
  <testcase classname="ptolemy.util.test.junit.AutoTests" name="[8] /home/travis/build/icyphy/ptII/ptolemy/domains/de/test/auto/CausalityInterface3.xml (RunModel)" time="0.013" />
  <testcase classname="ptolemy.util.test.junit.AutoTests" name="[9] /home/travis/build/icyphy/ptII/ptolemy/domains/de/test/auto/ClockDrift.xml (RunModel)" time="0.044" />
  <testcase classname="ptolemy.util.test.junit.AutoTests" name="[10] /home/travis/build/icyphy/ptII/ptolemy/domains/de/test/auto/ClockDriftAndValueChange.xml (RunModel)" time="0.037" />
  <testcase classname="ptolemy.util.test.junit.AutoTests" name="[11] /home/travis/build/icyphy/ptII/ptolemy/domains/de/test/auto/ClockDriftChange.xml (RunModel)" time="0.03" />
  <testcase classname="ptolemy.util.test.junit.AutoTests" name="[12] /home/travis/build/icyphy/ptII/ptolemy/domains/de/test/auto/ComposableCausalityAnalysis.xml (RunModel)" time="0.019" />
  <testcase classname="ptolemy.util.test.junit.AutoTests" name="[13] /home/travis/build/icyphy/ptII/ptolemy/domains/de/test/auto/DEFixedPointLimitation.xml (RunModel)" time="0.011" />
  <testcase classname="ptolemy.util.test.junit.AutoTests" name="[14] /home/travis/build/icyphy/ptII/ptolemy/domains/de/test/auto/DEScheduleTest.xml (RunModel)" time="0.014" />
  <testcase classname="ptolemy.util.test.junit.AutoTests" name="[15] /home/travis/build/icyphy/ptII/ptolemy/domains/de/test/auto/DEinDEwithStartTimes.xml (RunModel)" time="0.016" />
  <testcase classname="ptolemy.util.test.junit.AutoTests" name="[16] /home/travis/build/icyphy/ptII/ptolemy/domains/de/test/auto/DEinDEwithStartTimes2.xml (RunModel)" time="0.017" />
  <testcase classname="ptolemy.util.test.junit.AutoTests" name="[17] /home/travis/build/icyphy/ptII/ptolemy/domains/de/test/auto/DateDemo.xml (RunModel)" time="0.035" />
  <testcase classname="ptolemy.util.test.junit.AutoTests" name="[18] /home/travis/build/icyphy/ptII/ptolemy/domains/de/test/auto/DateToEvent.xml (RunModel)" time="2.047" />
  <testcase classname="ptolemy.util.test.junit.AutoTests" name="[19] /home/travis/build/icyphy/ptII/ptolemy/domains/de/test/auto/DepthTest1.xml (RunModel)" time="0.01" />
  <testcase classname="ptolemy.util.test.junit.AutoTests" name="[20] /home/travis/build/icyphy/ptII/ptolemy/domains/de/test/auto/DepthTest2.xml (RunModel)" time="0.016" />
  <testcase classname="ptolemy.util.test.junit.AutoTests" name="[21] /home/travis/build/icyphy/ptII/ptolemy/domains/de/test/auto/DepthTest3.xml (RunModel)" time="0.007" />
  <testcase classname="ptolemy.util.test.junit.AutoTests" name="[22] /home/travis/build/icyphy/ptII/ptolemy/domains/de/test/auto/DepthTest4.xml (RunModel)" time="0.012" />
  <testcase classname="ptolemy.util.test.junit.AutoTests" name="[23] /home/travis/build/icyphy/ptII/ptolemy/domains/de/test/auto/DepthTest5.xml (RunModel)" time="0.012" />
  <testcase classname="ptolemy.util.test.junit.AutoTests" name="[24] /home/travis/build/icyphy/ptII/ptolemy/domains/de/test/auto/DepthTest6.xml (RunModel)" time="0.012" />
  <testcase classname="ptolemy.util.test.junit.AutoTests" name="[25] /home/travis/build/icyphy/ptII/ptolemy/domains/de/test/auto/DepthTest7.xml (RunModel)" time="0.011" />
  <testcase classname="ptolemy.util.test.junit.AutoTests" name="[26] /home/travis/build/icyphy/ptII/ptolemy/domains/de/test/auto/EventToDate.xml (RunModel)" time="3.031" />
  <testcase classname="ptolemy.util.test.junit.AutoTests" name="[27] /home/travis/build/icyphy/ptII/ptolemy/domains/de/test/auto/FSM1.xml (RunModel)" time="0.03" />
  <testcase classname="ptolemy.util.test.junit.AutoTests" name="[28] /home/travis/build/icyphy/ptII/ptolemy/domains/de/test/auto/FSM7.xml (RunModel)" time="0.052" />
  <testcase classname="ptolemy.util.test.junit.AutoTests" name="[29] /home/travis/build/icyphy/ptII/ptolemy/domains/de/test/auto/Inspection.xml (RunModel)" time="0.053" />
  <testcase classname="ptolemy.util.test.junit.AutoTests" name="[30] /home/travis/build/icyphy/ptII/ptolemy/domains/de/test/auto/Iteration.xml (RunModel)" time="0.022" />
  <testcase classname="ptolemy.util.test.junit.AutoTests" name="[31] /home/travis/build/icyphy/ptII/ptolemy/domains/de/test/auto/LineFault.xml (RunModel)" time="0.56" />
  <testcase classname="ptolemy.util.test.junit.AutoTests" name="[32] /home/travis/build/icyphy/ptII/ptolemy/domains/de/test/auto/MergeModel1Add.xml (RunModel)" time="0.043" />
  <testcase classname="ptolemy.util.test.junit.AutoTests" name="[33] /home/travis/build/icyphy/ptII/ptolemy/domains/de/test/auto/MergeModel2Add.xml (RunModel)" time="0.033" />
  <testcase classname="ptolemy.util.test.junit.AutoTests" name="[34] /home/travis/build/icyphy/ptII/ptolemy/domains/de/test/auto/MergeModel3Add.xml (RunModel)" time="0.038" />
  <testcase classname="ptolemy.util.test.junit.AutoTests" name="[35] /home/travis/build/icyphy/ptII/ptolemy/domains/de/test/auto/MergeWithoutDiscard.xml (RunModel)" time="0.01" />
  <testcase classname="ptolemy.util.test.junit.AutoTests" name="[36] /home/travis/build/icyphy/ptII/ptolemy/domains/de/test/auto/Modal1.xml (RunModel)" time="0.038" />
  <testcase classname="ptolemy.util.test.junit.AutoTests" name="[37] /home/travis/build/icyphy/ptII/ptolemy/domains/de/test/auto/Modal2.xml (RunModel)" time="0.03" />
  <testcase classname="ptolemy.util.test.junit.AutoTests" name="[38] /home/travis/build/icyphy/ptII/ptolemy/domains/de/test/auto/Modal3.xml (RunModel)" time="0.023" />
  <testcase classname="ptolemy.util.test.junit.AutoTests" name="[39] /home/travis/build/icyphy/ptII/ptolemy/domains/de/test/auto/Modal4.xml (RunModel)" time="0.031" />
  <testcase classname="ptolemy.util.test.junit.AutoTests" name="[40] /home/travis/build/icyphy/ptII/ptolemy/domains/de/test/auto/Modal5.xml (RunModel)" time="0.026" />
  <testcase classname="ptolemy.util.test.junit.AutoTests" name="[41] /home/travis/build/icyphy/ptII/ptolemy/domains/de/test/auto/Modal6.xml (RunModel)" time="0.026" />
  <testcase classname="ptolemy.util.test.junit.AutoTests" name="[42] /home/travis/build/icyphy/ptII/ptolemy/domains/de/test/auto/Modal7.xml (RunModel)" time="0.027" />
  <testcase classname="ptolemy.util.test.junit.AutoTests" name="[43] /home/travis/build/icyphy/ptII/ptolemy/domains/de/test/auto/ModalModel.xml (RunModel)" time="0.146" />
  <testcase classname="ptolemy.util.test.junit.AutoTests" name="[44] /home/travis/build/icyphy/ptII/ptolemy/domains/de/test/auto/ModalSource.xml (RunModel)" time="0.017" />
  <testcase classname="ptolemy.util.test.junit.AutoTests" name="[45] /home/travis/build/icyphy/ptII/ptolemy/domains/de/test/auto/NonInterruptibleTimerZeroDelay.xml (RunModel)" time="0.009" />
  <testcase classname="ptolemy.util.test.junit.AutoTests" name="[46] /home/travis/build/icyphy/ptII/ptolemy/domains/de/test/auto/OpenQueueingNetwork.xml (RunModel)" time="2.35" />
  <testcase classname="ptolemy.util.test.junit.AutoTests" name="[47] /home/travis/build/icyphy/ptII/ptolemy/domains/de/test/auto/OpenQueuingNetwork.xml (RunModel)" time="0.3" />
  <testcase classname="ptolemy.util.test.junit.AutoTests" name="[48] /home/travis/build/icyphy/ptII/ptolemy/domains/de/test/auto/PeriodicSampler.xml (RunModel)" time="0.018" />
  <testcase classname="ptolemy.util.test.junit.AutoTests" name="[49] /home/travis/build/icyphy/ptII/ptolemy/domains/de/test/auto/PersistentIO.xml (RunModel)" time="0.028" />
  <testcase classname="ptolemy.util.test.junit.AutoTests" name="[50] /home/travis/build/icyphy/ptII/ptolemy/domains/de/test/auto/PortParameterResetOnInitialize.xml (RunModel)" time="0.019" />
  <testcase classname="ptolemy.util.test.junit.AutoTests" name="[51] /home/travis/build/icyphy/ptII/ptolemy/domains/de/test/auto/PortParameterUpdates.xml (RunModel)" time="0.013" />
  <testcase classname="ptolemy.util.test.junit.AutoTests" name="[52] /home/travis/build/icyphy/ptII/ptolemy/domains/de/test/auto/QueueAndServer.xml (RunModel)" time="0.022" />
  <testcase classname="ptolemy.util.test.junit.AutoTests" name="[53] /home/travis/build/icyphy/ptII/ptolemy/domains/de/test/auto/Records.xml (RunModel)" time="0.023" />
  <testcase classname="ptolemy.util.test.junit.AutoTests" name="[54] /home/travis/build/icyphy/ptII/ptolemy/domains/de/test/auto/ResetTransitionWithStartTime1.xml (RunModel)" time="0.02" />
  <testcase classname="ptolemy.util.test.junit.AutoTests" name="[55] /home/travis/build/icyphy/ptII/ptolemy/domains/de/test/auto/ResetTransitionWithStartTime2.xml (RunModel)" time="0.018" />
  <testcase classname="ptolemy.util.test.junit.AutoTests" name="[56] /home/travis/build/icyphy/ptII/ptolemy/domains/de/test/auto/ResetTransitionWithStartTime3.xml (RunModel)" time="0.023" />
  <testcase classname="ptolemy.util.test.junit.AutoTests" name="[57] /home/travis/build/icyphy/ptII/ptolemy/domains/de/test/auto/ResetTransitionWithStartTime4.xml (RunModel)" time="0.017" />
  <testcase classname="ptolemy.util.test.junit.AutoTests" name="[58] /home/travis/build/icyphy/ptII/ptolemy/domains/de/test/auto/ResettableTimer1.xml (RunModel)" time="0.01" />
  <testcase classname="ptolemy.util.test.junit.AutoTests" name="[59] /home/travis/build/icyphy/ptII/ptolemy/domains/de/test/auto/ResettableTimer2.xml (RunModel)" time="0.009" />
  <testcase classname="ptolemy.util.test.junit.AutoTests" name="[60] /home/travis/build/icyphy/ptII/ptolemy/domains/de/test/auto/ResettableTimer3.xml (RunModel)" time="0.009" />
  <testcase classname="ptolemy.util.test.junit.AutoTests" name="[61] /home/travis/build/icyphy/ptII/ptolemy/domains/de/test/auto/ResettableTimer4.xml (RunModel)" time="0.011" />
  <testcase classname="ptolemy.util.test.junit.AutoTests" name="[62] /home/travis/build/icyphy/ptII/ptolemy/domains/de/test/auto/ResettableTimer5.xml (RunModel)" time="0.01" />
  <testcase classname="ptolemy.util.test.junit.AutoTests" name="[63] /home/travis/build/icyphy/ptII/ptolemy/domains/de/test/auto/ResettableTimer6.xml (RunModel)" time="0.014" />
  <testcase classname="ptolemy.util.test.junit.AutoTests" name="[64] /home/travis/build/icyphy/ptII/ptolemy/domains/de/test/auto/ServerZeroDelay.xml (RunModel)" time="0.009" />
  <testcase classname="ptolemy.util.test.junit.AutoTests" name="[65] /home/travis/build/icyphy/ptII/ptolemy/domains/de/test/auto/SmartSender.xml (RunModel)" time="3.008" />
  <testcase classname="ptolemy.util.test.junit.AutoTests" name="[66] /home/travis/build/icyphy/ptII/ptolemy/domains/de/test/auto/ThreadedComposite.xml (RunModel)" time="0.107" />
  <testcase classname="ptolemy.util.test.junit.AutoTests" name="[67] /home/travis/build/icyphy/ptII/ptolemy/domains/de/test/auto/Time.xml (RunModel)" time="0.398" />
  <testcase classname="ptolemy.util.test.junit.AutoTests" name="[68] /home/travis/build/icyphy/ptII/ptolemy/domains/de/test/auto/TimeDelayZeroDelay.xml (RunModel)" time="0.011" />
  <testcase classname="ptolemy.util.test.junit.AutoTests" name="[69] /home/travis/build/icyphy/ptII/ptolemy/domains/de/test/auto/TimerZeroDelay.xml (RunModel)" time="0.009" />
  <testcase classname="ptolemy.util.test.junit.AutoTests" name="[70] /home/travis/build/icyphy/ptII/ptolemy/domains/de/test/auto/TimingParadox.xml (RunModel)" time="0.339" />
  <testcase classname="ptolemy.util.test.junit.AutoTests" name="[71] /home/travis/build/icyphy/ptII/ptolemy/domains/de/test/auto/TransferInputs.xml (RunModel)" time="0.009" />
  <testcase classname="ptolemy.util.test.junit.AutoTests" name="[72] /home/travis/build/icyphy/ptII/ptolemy/domains/de/test/auto/TransferOutputs2.xml (RunModel)" time="0.016" />
  <testcase classname="ptolemy.util.test.junit.AutoTests" name="[73] /home/travis/build/icyphy/ptII/ptolemy/domains/de/test/auto/Trilateration.xml (RunModel)" time="11.48" />
  <testcase classname="ptolemy.util.test.junit.AutoTests" name="[74] /home/travis/build/icyphy/ptII/ptolemy/domains/de/test/auto/TwoSigmaDelta.xml (RunModel)" time="1.962" />
  <testcase classname="ptolemy.util.test.junit.AutoTests" name="[75] /home/travis/build/icyphy/ptII/ptolemy/domains/de/test/auto/VariableDelay.xml (RunModel)" time="0.017" />
  <testcase classname="ptolemy.util.test.junit.AutoTests" name="[76] /home/travis/build/icyphy/ptII/ptolemy/domains/de/test/auto/VariableDelay2.xml (RunModel)" time="0.017" />
  <testcase classname="ptolemy.util.test.junit.AutoTests" name="[77] /home/travis/build/icyphy/ptII/ptolemy/domains/de/test/auto/VariableDelayZeroDelay.xml (RunModel)" time="0.011" />
  <testcase classname="ptolemy.util.test.junit.AutoTests" name="[78] /home/travis/build/icyphy/ptII/ptolemy/domains/de/test/auto/VariableDelayZeroDelay2.xml (RunModel)" time="0.009" />
  <testcase classname="ptolemy.util.test.junit.AutoTests" name="[79] /home/travis/build/icyphy/ptII/ptolemy/domains/de/test/auto/deInCt.xml (RunModel)" time="0.012" />
  <testcase classname="ptolemy.util.test.junit.AutoTests" name="[80] /home/travis/build/icyphy/ptII/ptolemy/domains/de/test/auto/deInCt2.xml (RunModel)" time="0.013" />
  <testcase classname="ptolemy.util.test.junit.AutoTests" name="[81] /home/travis/build/icyphy/ptII/ptolemy/domains/de/test/auto/dynamicCausalityInterface1.xml (RunModel)" time="0.016" />
  <testcase classname="ptolemy.util.test.junit.AutoTests" name="[82] /home/travis/build/icyphy/ptII/ptolemy/domains/de/test/auto/fsm_de_test.xml (RunModel)" time="0.023" />
  <testcase classname="ptolemy.util.test.junit.AutoTests" name="[83] /home/travis/build/icyphy/ptII/ptolemy/domains/de/test/auto/functionDependencyReconstruction.xml (RunModel)" time="0.029" />
  <testcase classname="ptolemy.util.test.junit.AutoTests" name="[84] /home/travis/build/icyphy/ptII/ptolemy/domains/de/test/auto/multirate.xml (RunModel)" time="0.014" />
  <testcase classname="ptolemy.util.test.junit.AutoTests" name="[85] /home/travis/build/icyphy/ptII/ptolemy/domains/de/test/auto/multirate2.xml (RunModel)" time="0.015" />
  <testcase classname="ptolemy.util.test.junit.AutoTests" name="[86] /home/travis/build/icyphy/ptII/ptolemy/domains/de/test/auto/realtime.xml (RunModel)" time="10.009" />
  <testcase classname="ptolemy.util.test.junit.AutoTests" name="[87] /home/travis/build/icyphy/ptII/ptolemy/domains/de/test/auto/relationGroup.xml (RunModel)" time="0.008" />
  <testcase classname="ptolemy.util.test.junit.AutoTests" name="[88] /home/travis/build/icyphy/ptII/ptolemy/domains/de/test/auto/relationGroup2.xml (RunModel)" time="0.009" />
  <testcase classname="ptolemy.util.test.junit.AutoTests" name="[89] /home/travis/build/icyphy/ptII/ptolemy/domains/de/test/auto/sortWithOpaquePorts.xml (RunModel)" time="0.012" />
  <testcase classname="ptolemy.util.test.junit.AutoTests" name="[90] /home/travis/build/icyphy/ptII/ptolemy/domains/de/test/auto/transferInputsandOutputs.xml (RunModel)" time="0.02" />
  <testcase classname="ptolemy.util.test.junit.AutoTests" name="[91] /home/travis/build/icyphy/ptII/ptolemy/domains/de/test/auto/triggerType.xml (RunModel)" time="0.008" />
  <system-out><![CDATA[/home/travis/build/icyphy/ptII/ptolemy/domains/de/test/DependencyLoop.tcl
testDefs.tcl: setting time out to 9000 seconds at Thu Mar 28 21:34:00 UTC 2019
15 ms. Memory: 116224K Free: 97407K (84%)
29 ms. Memory: 146944K Free: 140907K (96%)
/home/travis/build/icyphy/ptII/ptolemy/domains/de/test/RunDETestsAsQSS.tcl
Run the DE tests using ptolemy.domains.qss.test.QSSDirectorTest, which extends QSSDirector and prints a message in the constructors.
------------------ testing $PTII/ptolemy/domains/de/test/auto/knownFailedTests/dependencyLoop.xml (Known Failure) 
11 ms. Memory: 146944K Free: 136649K (93%)


==== $PTIIhome/travis/build/icyphy/ptII/ptolemy/domains/de/test/../../../../: Auto Automatic test in file $PTII/ptolemy/domains/de/test/auto/knownFailedTests/dependencyLoop.xml
==== Contents of test case:

	    # FIXME: we should use $relativeFilename here, but it
	    # might have backslashes under Windows, which causes no end
	    # of trouble.
	    createAndExecute $file
	    list {}
	
.... Test generated KNOWN error:
    while executing
ptolemy.kernel.util.IllegalActionException: Found a zero delay loop containing .dependencyLoop.original
  in .dependencyLoop and .dependencyLoop.original
	at ptolemy.actor.util.CausalityInterfaceForComposites._computeOutputPortDepth(CausalityInterfaceForComposites.java:759)
	at ptolemy.actor.util.CausalityInterfaceForComposites._computeInputDepth(CausalityInterfaceForComposites.java:696)
	at ptolemy.actor.util.CausalityInterfaceForComposites._computeOutputPortDepth(CausalityInterfaceForComposites.java:765)
	at ptolemy.actor.util.CausalityInterfaceForComposites._computeInputDepth(CausalityInterfaceForComposites.java:696)
	at ptolemy.actor.util.CausalityInterfaceForComposites._computeOutputPortDepth(CausalityInterfaceForComposites.java:765)
	at ptolemy.actor.util.CausalityInterfaceForComposites._computeInputDepth(CausalityInterfaceForComposites.java:696)
	at ptolemy.actor.util.CausalityInterfaceForComposites._computeActorDepth(CausalityInterfaceForComposites.java:532)
	at ptolemy.actor.util.CausalityInterfaceForComposites.checkForCycles(CausalityInterfaceForComposites.java:96)
	at ptolemy.domains.de.kernel.DEDirector.preinitialize(DEDirector.java:1338)
	at ptolemy.actor.CompositeActor.preinitialize(CompositeActor.java:1828)
	at ptolemy.actor.Manager.preinitializeAndResolveTypes(Manager.java:1040)
	at ptolemy.actor.Manager.initialize(Manager.java:710)
	at ptolemy.actor.Manager.execute(Manager.java:356)
	at ptolemy.actor.Manager.run(Manager.java:1263)
	at ptolemy.actor.Manager$PtolemyRunThread.run(Manager.java:1915)

    while executing
ptolemy.kernel.util.IllegalActionException: Found a zero delay loop containing .dependencyLoop.original
  in .dependencyLoop and .dependencyLoop.original
    while executing
"java::new ptolemy.moml.MoMLSimpleApplication $file
"
    (procedure "createAndExecute" line 2)
    invoked from within
"createAndExecute $file"
    ("uplevel" body line 5)
    invoked from within
"uplevel $contents_of_test"
------------------ testing $PTII/ptolemy/domains/de/test/auto/knownFailedTests/DESDFClockTest.xml (Known Failure) 
2096 ms. Memory: 146944K Free: 120962K (82%)


==== $PTIIhome/travis/build/icyphy/ptII/ptolemy/domains/de/test/../../../../: Auto Automatic test in file $PTII/ptolemy/domains/de/test/auto/knownFailedTests/DESDFClockTest.xml
==== Contents of test case:

	    # FIXME: we should use $relativeFilename here, but it
	    # might have backslashes under Windows, which causes no end
	    # of trouble.
	    createAndExecute $file
	    list {}
	
.... Test generated KNOWN error:
    while executing
ptolemy.kernel.util.IllegalActionException: Actor is not ready to fire.  Perhaps UpSample.prefire() returned false? Try debugging the actor by selecting "Listen to Actor".  Also, for SDF check moml for tokenConsumptionRate on input.
  in .DESDFClockTest.Play Bell.Copy1:SDF Director and .DESDFClockTest.Play Bell.UpSample
	at ptolemy.actor.sched.StaticSchedulingDirector.fire(StaticSchedulingDirector.java:227)
	at ptolemy.domains.sdf.kernel.SDFDirector.fire(SDFDirector.java:500)
	at ptolemy.actor.CompositeActor.fire(CompositeActor.java:455)
	at ptolemy.domains.de.kernel.DEDirector._fire(DEDirector.java:1949)
	at ptolemy.domains.de.kernel.DEDirector.fire(DEDirector.java:502)
	at ptolemy.actor.CompositeActor.fire(CompositeActor.java:455)
	at ptolemy.actor.Manager.iterate(Manager.java:851)
	at ptolemy.actor.Manager.execute(Manager.java:369)
	at ptolemy.actor.Manager.run(Manager.java:1263)
	at ptolemy.actor.Manager$PtolemyRunThread.run(Manager.java:1915)

    while executing
ptolemy.kernel.util.IllegalActionException: Actor is not ready to fire.  Perhaps UpSample.prefire() returned false? Try debugging the actor by selecting "Listen to Actor".  Also, for SDF check moml for tokenConsumptionRate on input.
  in .DESDFClockTest.Play Bell.Copy1:SDF Director and .DESDFClockTest.Play Bell.UpSample
    while executing
"java::new ptolemy.moml.MoMLSimpleApplication $file
"
    (procedure "createAndExecute" line 2)
    invoked from within
"createAndExecute $file"
    ("uplevel" body line 5)
    invoked from within
"uplevel $contents_of_test"
------------------ testing $PTII/ptolemy/domains/de/test/auto/knownFailedTests/FSMSource.xml (Known Failure) 
44 ms. Memory: 146944K Free: 111453K (76%)
!!!! Auto was marked as failing, but now passes
------------------ testing $PTII/ptolemy/domains/de/test/auto/knownFailedTests/dependencyLoop2.xml (Known Failure) 
11 ms. Memory: 146944K Free: 109593K (75%)


==== $PTIIhome/travis/build/icyphy/ptII/ptolemy/domains/de/test/../../../../: Auto Automatic test in file $PTII/ptolemy/domains/de/test/auto/knownFailedTests/dependencyLoop2.xml
==== Contents of test case:

	    # FIXME: we should use $relativeFilename here, but it
	    # might have backslashes under Windows, which causes no end
	    # of trouble.
	    createAndExecute $file
	    list {}
	
.... Test generated KNOWN error:
    while executing
ptolemy.kernel.util.IllegalActionException: Found a zero delay loop containing .dependencyLoop2.original
  in .dependencyLoop2 and .dependencyLoop2.original
	at ptolemy.actor.util.CausalityInterfaceForComposites._computeOutputPortDepth(CausalityInterfaceForComposites.java:759)
	at ptolemy.actor.util.CausalityInterfaceForComposites._computeInputDepth(CausalityInterfaceForComposites.java:696)
	at ptolemy.actor.util.CausalityInterfaceForComposites._computeOutputPortDepth(CausalityInterfaceForComposites.java:765)
	at ptolemy.actor.util.CausalityInterfaceForComposites._computeInputDepth(CausalityInterfaceForComposites.java:696)
	at ptolemy.actor.util.CausalityInterfaceForComposites._computeOutputPortDepth(CausalityInterfaceForComposites.java:765)
	at ptolemy.actor.util.CausalityInterfaceForComposites._computeInputDepth(CausalityInterfaceForComposites.java:696)
	at ptolemy.actor.util.CausalityInterfaceForComposites._computeActorDepth(CausalityInterfaceForComposites.java:532)
	at ptolemy.actor.util.CausalityInterfaceForComposites.checkForCycles(CausalityInterfaceForComposites.java:96)
	at ptolemy.domains.de.kernel.DEDirector.preinitialize(DEDirector.java:1338)
	at ptolemy.actor.CompositeActor.preinitialize(CompositeActor.java:1828)
	at ptolemy.actor.Manager.preinitializeAndResolveTypes(Manager.java:1040)
	at ptolemy.actor.Manager.initialize(Manager.java:710)
	at ptolemy.actor.Manager.execute(Manager.java:356)
	at ptolemy.actor.Manager.run(Manager.java:1263)
	at ptolemy.actor.Manager$PtolemyRunThread.run(Manager.java:1915)

    while executing
ptolemy.kernel.util.IllegalActionException: Found a zero delay loop containing .dependencyLoop2.original
  in .dependencyLoop2 and .dependencyLoop2.original
    while executing
"java::new ptolemy.moml.MoMLSimpleApplication $file
"
    (procedure "createAndExecute" line 2)
    invoked from within
"createAndExecute $file"
    ("uplevel" body line 5)
    invoked from within
"uplevel $contents_of_test"
------------------ testing $PTII/ptolemy/domains/de/test/auto/knownFailedTests/HierarchicalModel.xml (Known Failure) 
12 ms. Memory: 146944K Free: 89305K (61%)


==== $PTIIhome/travis/build/icyphy/ptII/ptolemy/domains/de/test/../../../../: Auto Automatic test in file $PTII/ptolemy/domains/de/test/auto/knownFailedTests/HierarchicalModel.xml
==== Contents of test case:

	    # FIXME: we should use $relativeFilename here, but it
	    # might have backslashes under Windows, which causes no end
	    # of trouble.
	    createAndExecute $file
	    list {}
	
.... Test generated KNOWN error:
    while executing
ptolemy.kernel.util.IllegalActionException: Found a zero delay loop containing .HierarchicalModel.A
  in .HierarchicalModel and .HierarchicalModel.A
	at ptolemy.actor.util.CausalityInterfaceForComposites._computeOutputPortDepth(CausalityInterfaceForComposites.java:759)
	at ptolemy.actor.util.CausalityInterfaceForComposites._computeInputDepth(CausalityInterfaceForComposites.java:696)
	at ptolemy.actor.util.CausalityInterfaceForComposites._computeOutputPortDepth(CausalityInterfaceForComposites.java:765)
	at ptolemy.actor.util.CausalityInterfaceForComposites._computeInputDepth(CausalityInterfaceForComposites.java:696)
	at ptolemy.actor.util.CausalityInterfaceForComposites._computeOutputPortDepth(CausalityInterfaceForComposites.java:765)
	at ptolemy.actor.util.CausalityInterfaceForComposites._computeInputDepth(CausalityInterfaceForComposites.java:696)
	at ptolemy.actor.util.CausalityInterfaceForComposites._computeActorDepth(CausalityInterfaceForComposites.java:532)
	at ptolemy.actor.util.CausalityInterfaceForComposites.checkForCycles(CausalityInterfaceForComposites.java:96)
	at ptolemy.domains.de.kernel.DEDirector.preinitialize(DEDirector.java:1338)
	at ptolemy.actor.CompositeActor.preinitialize(CompositeActor.java:1828)
	at ptolemy.actor.Manager.preinitializeAndResolveTypes(Manager.java:1040)
	at ptolemy.actor.Manager.initialize(Manager.java:710)
	at ptolemy.actor.Manager.execute(Manager.java:356)
	at ptolemy.actor.Manager.run(Manager.java:1263)
	at ptolemy.actor.Manager$PtolemyRunThread.run(Manager.java:1915)

    while executing
ptolemy.kernel.util.IllegalActionException: Found a zero delay loop containing .HierarchicalModel.A
  in .HierarchicalModel and .HierarchicalModel.A
    while executing
"java::new ptolemy.moml.MoMLSimpleApplication $file
"
    (procedure "createAndExecute" line 2)
    invoked from within
"createAndExecute $file"
    ("uplevel" body line 5)
    invoked from within
"uplevel $contents_of_test"
------------------ testing $PTII/ptolemy/domains/de/test/auto/knownFailedTests/DirectFeedback.xml (Known Failure) 
4 ms. Memory: 146944K Free: 85171K (58%)


==== $PTIIhome/travis/build/icyphy/ptII/ptolemy/domains/de/test/../../../../: Auto Automatic test in file $PTII/ptolemy/domains/de/test/auto/knownFailedTests/DirectFeedback.xml
==== Contents of test case:

	    # FIXME: we should use $relativeFilename here, but it
	    # might have backslashes under Windows, which causes no end
	    # of trouble.
	    createAndExecute $file
	    list {}
	
.... Test generated KNOWN error:
    while executing
ptolemy.kernel.util.IllegalActionException: Test fails in iteration 1.
Value was: 1.0. Should have been: 2.0
  in .DirectFeedback.Test
	at ptolemy.actor.lib.Test.fire(Test.java:268)
	at ptolemy.domains.de.kernel.DEDirector._fire(DEDirector.java:1949)
	at ptolemy.domains.de.kernel.DEDirector.fire(DEDirector.java:502)
	at ptolemy.actor.CompositeActor.fire(CompositeActor.java:455)
	at ptolemy.actor.Manager.iterate(Manager.java:851)
	at ptolemy.actor.Manager.execute(Manager.java:369)
	at ptolemy.actor.Manager.run(Manager.java:1263)
	at ptolemy.actor.Manager$PtolemyRunThread.run(Manager.java:1915)

    while executing
ptolemy.kernel.util.IllegalActionException: Test fails in iteration 1.
Value was: 1.0. Should have been: 2.0
  in .DirectFeedback.Test
    while executing
"java::new ptolemy.moml.MoMLSimpleApplication $file
"
    (procedure "createAndExecute" line 2)
    invoked from within
"createAndExecute $file"
    ("uplevel" body line 5)
    invoked from within
"uplevel $contents_of_test"
------------------ testing $PTII/ptolemy/domains/de/test/auto/ActorDepthCalculation_actorWithoutPorts.xml
auto.tcl: Setting watchdog for 200 seconds at Thu Mar 28 21:34:03 UTC 2019
4 ms. Memory: 146944K Free: 137641K (94%)
ptolemy.util.test.WatchDog.cancel(): canceling Thu Mar 28 21:34:04 UTC 2019
auto.tcl: Setting watchdog for 200 seconds at Thu Mar 28 21:34:04 UTC 2019
3 ms. Memory: 146944K Free: 136614K (93%)
ptolemy.util.test.WatchDog.cancel(): canceling Thu Mar 28 21:34:04 UTC 2019
------------------ testing $PTII/ptolemy/domains/de/test/auto/AssemblyLine.xml
auto.tcl: Setting watchdog for 200 seconds at Thu Mar 28 21:34:04 UTC 2019
37 ms. Memory: 208384K Free: 183346K (88%)
ptolemy.util.test.WatchDog.cancel(): canceling Thu Mar 28 21:34:04 UTC 2019
auto.tcl: Setting watchdog for 200 seconds at Thu Mar 28 21:34:04 UTC 2019
13 ms. Memory: 208384K Free: 183346K (88%)
ptolemy.util.test.WatchDog.cancel(): canceling Thu Mar 28 21:34:04 UTC 2019
------------------ testing $PTII/ptolemy/domains/de/test/auto/CQBug1.xml
auto.tcl: Setting watchdog for 200 seconds at Thu Mar 28 21:34:04 UTC 2019
8 ms. Memory: 208384K Free: 197879K (95%)
ptolemy.util.test.WatchDog.cancel(): canceling Thu Mar 28 21:34:04 UTC 2019
auto.tcl: Setting watchdog for 200 seconds at Thu Mar 28 21:34:04 UTC 2019
2 ms. Memory: 208384K Free: 197879K (95%)
ptolemy.util.test.WatchDog.cancel(): canceling Thu Mar 28 21:34:04 UTC 2019
------------------ testing $PTII/ptolemy/domains/de/test/auto/CancelFireAt.xml
auto.tcl: Setting watchdog for 200 seconds at Thu Mar 28 21:34:04 UTC 2019
4 ms. Memory: 208384K Free: 201548K (97%)
ptolemy.util.test.WatchDog.cancel(): canceling Thu Mar 28 21:34:04 UTC 2019
auto.tcl: Setting watchdog for 200 seconds at Thu Mar 28 21:34:04 UTC 2019
6 ms. Memory: 208384K Free: 198974K (95%)
ptolemy.util.test.WatchDog.cancel(): canceling Thu Mar 28 21:34:04 UTC 2019
------------------ testing $PTII/ptolemy/domains/de/test/auto/CausalityAndComposabilityAnalysis.xml
auto.tcl: Setting watchdog for 200 seconds at Thu Mar 28 21:34:04 UTC 2019
11 ms. Memory: 208384K Free: 198572K (95%)
ptolemy.util.test.WatchDog.cancel(): canceling Thu Mar 28 21:34:04 UTC 2019
auto.tcl: Setting watchdog for 200 seconds at Thu Mar 28 21:34:04 UTC 2019
5 ms. Memory: 208384K Free: 196517K (94%)
ptolemy.util.test.WatchDog.cancel(): canceling Thu Mar 28 21:34:04 UTC 2019
------------------ testing $PTII/ptolemy/domains/de/test/auto/CausalityInterface1.xml
auto.tcl: Setting watchdog for 200 seconds at Thu Mar 28 21:34:05 UTC 2019
12 ms. Memory: 208384K Free: 196454K (94%)
ptolemy.util.test.WatchDog.cancel(): canceling Thu Mar 28 21:34:05 UTC 2019
auto.tcl: Setting watchdog for 200 seconds at Thu Mar 28 21:34:05 UTC 2019
4 ms. Memory: 208384K Free: 196454K (94%)
ptolemy.util.test.WatchDog.cancel(): canceling Thu Mar 28 21:34:05 UTC 2019
------------------ testing $PTII/ptolemy/domains/de/test/auto/CausalityInterface15.xml
auto.tcl: Setting watchdog for 200 seconds at Thu Mar 28 21:34:05 UTC 2019
7 ms. Memory: 208384K Free: 196444K (94%)
ptolemy.util.test.WatchDog.cancel(): canceling Thu Mar 28 21:34:05 UTC 2019
auto.tcl: Setting watchdog for 200 seconds at Thu Mar 28 21:34:05 UTC 2019
4 ms. Memory: 208384K Free: 196444K (94%)
ptolemy.util.test.WatchDog.cancel(): canceling Thu Mar 28 21:34:05 UTC 2019
------------------ testing $PTII/ptolemy/domains/de/test/auto/CausalityInterface2.xml
auto.tcl: Setting watchdog for 200 seconds at Thu Mar 28 21:34:05 UTC 2019
10 ms. Memory: 208384K Free: 196428K (94%)
ptolemy.util.test.WatchDog.cancel(): canceling Thu Mar 28 21:34:05 UTC 2019
auto.tcl: Setting watchdog for 200 seconds at Thu Mar 28 21:34:05 UTC 2019
3 ms. Memory: 208384K Free: 196428K (94%)
ptolemy.util.test.WatchDog.cancel(): canceling Thu Mar 28 21:34:05 UTC 2019
------------------ testing $PTII/ptolemy/domains/de/test/auto/CausalityInterface3.xml
auto.tcl: Setting watchdog for 200 seconds at Thu Mar 28 21:34:05 UTC 2019
5 ms. Memory: 208384K Free: 196438K (94%)
ptolemy.util.test.WatchDog.cancel(): canceling Thu Mar 28 21:34:05 UTC 2019
auto.tcl: Setting watchdog for 200 seconds at Thu Mar 28 21:34:05 UTC 2019
3 ms. Memory: 208384K Free: 196438K (94%)
ptolemy.util.test.WatchDog.cancel(): canceling Thu Mar 28 21:34:05 UTC 2019
------------------ testing $PTII/ptolemy/domains/de/test/auto/ClockDrift.xml
auto.tcl: Setting watchdog for 200 seconds at Thu Mar 28 21:34:05 UTC 2019
85 ms. Memory: 208384K Free: 187804K (90%)
ptolemy.util.test.WatchDog.cancel(): canceling Thu Mar 28 21:34:05 UTC 2019
auto.tcl: Setting watchdog for 200 seconds at Thu Mar 28 21:34:05 UTC 2019
55 ms. Memory: 208384K Free: 185749K (89%)
ptolemy.util.test.WatchDog.cancel(): canceling Thu Mar 28 21:34:05 UTC 2019
------------------ testing $PTII/ptolemy/domains/de/test/auto/ClockDriftAndValueChange.xml
auto.tcl: Setting watchdog for 200 seconds at Thu Mar 28 21:34:05 UTC 2019
54 ms. Memory: 208384K Free: 189690K (91%)
ptolemy.util.test.WatchDog.cancel(): canceling Thu Mar 28 21:34:05 UTC 2019
auto.tcl: Setting watchdog for 200 seconds at Thu Mar 28 21:34:05 UTC 2019
22 ms. Memory: 208384K Free: 185580K (89%)
ptolemy.util.test.WatchDog.cancel(): canceling Thu Mar 28 21:34:05 UTC 2019
------------------ testing $PTII/ptolemy/domains/de/test/auto/ClockDriftChange.xml
auto.tcl: Setting watchdog for 200 seconds at Thu Mar 28 21:34:05 UTC 2019
17 ms. Memory: 208384K Free: 190916K (92%)
ptolemy.util.test.WatchDog.cancel(): canceling Thu Mar 28 21:34:05 UTC 2019
auto.tcl: Setting watchdog for 200 seconds at Thu Mar 28 21:34:05 UTC 2019
18 ms. Memory: 208384K Free: 188862K (91%)
ptolemy.util.test.WatchDog.cancel(): canceling Thu Mar 28 21:34:05 UTC 2019
------------------ testing $PTII/ptolemy/domains/de/test/auto/ComposableCausalityAnalysis.xml
auto.tcl: Setting watchdog for 200 seconds at Thu Mar 28 21:34:06 UTC 2019
4 ms. Memory: 208384K Free: 196048K (94%)
ptolemy.util.test.WatchDog.cancel(): canceling Thu Mar 28 21:34:06 UTC 2019
auto.tcl: Setting watchdog for 200 seconds at Thu Mar 28 21:34:06 UTC 2019
1 ms. Memory: 208384K Free: 196048K (94%)
ptolemy.util.test.WatchDog.cancel(): canceling Thu Mar 28 21:34:06 UTC 2019
------------------ testing $PTII/ptolemy/domains/de/test/auto/DEFixedPointLimitation.xml
auto.tcl: Setting watchdog for 200 seconds at Thu Mar 28 21:34:06 UTC 2019
2 ms. Memory: 208384K Free: 197980K (95%)
ptolemy.util.test.WatchDog.cancel(): canceling Thu Mar 28 21:34:06 UTC 2019
auto.tcl: Setting watchdog for 200 seconds at Thu Mar 28 21:34:06 UTC 2019
1 ms. Memory: 208384K Free: 195925K (94%)
ptolemy.util.test.WatchDog.cancel(): canceling Thu Mar 28 21:34:06 UTC 2019
------------------ testing $PTII/ptolemy/domains/de/test/auto/DEScheduleTest.xml
auto.tcl: Setting watchdog for 200 seconds at Thu Mar 28 21:34:06 UTC 2019
4 ms. Memory: 208384K Free: 198015K (95%)
ptolemy.util.test.WatchDog.cancel(): canceling Thu Mar 28 21:34:06 UTC 2019
auto.tcl: Setting watchdog for 200 seconds at Thu Mar 28 21:34:06 UTC 2019
5 ms. Memory: 208384K Free: 195960K (94%)
ptolemy.util.test.WatchDog.cancel(): canceling Thu Mar 28 21:34:06 UTC 2019
------------------ testing $PTII/ptolemy/domains/de/test/auto/DEinDEwithStartTimes.xml
auto.tcl: Setting watchdog for 200 seconds at Thu Mar 28 21:34:06 UTC 2019
3 ms. Memory: 208384K Free: 196449K (94%)
ptolemy.util.test.WatchDog.cancel(): canceling Thu Mar 28 21:34:06 UTC 2019
auto.tcl: Setting watchdog for 200 seconds at Thu Mar 28 21:34:06 UTC 2019
6 ms. Memory: 208384K Free: 196449K (94%)
ptolemy.util.test.WatchDog.cancel(): canceling Thu Mar 28 21:34:06 UTC 2019
------------------ testing $PTII/ptolemy/domains/de/test/auto/DEinDEwithStartTimes2.xml
auto.tcl: Setting watchdog for 200 seconds at Thu Mar 28 21:34:06 UTC 2019
7 ms. Memory: 208384K Free: 196429K (94%)
ptolemy.util.test.WatchDog.cancel(): canceling Thu Mar 28 21:34:06 UTC 2019
auto.tcl: Setting watchdog for 200 seconds at Thu Mar 28 21:34:06 UTC 2019
4 ms. Memory: 208384K Free: 193854K (93%)
ptolemy.util.test.WatchDog.cancel(): canceling Thu Mar 28 21:34:06 UTC 2019
------------------ testing $PTII/ptolemy/domains/de/test/auto/DateDemo.xml
auto.tcl: Setting watchdog for 200 seconds at Thu Mar 28 21:34:06 UTC 2019
20 ms. Memory: 208384K Free: 188474K (90%)
ptolemy.util.test.WatchDog.cancel(): canceling Thu Mar 28 21:34:06 UTC 2019
auto.tcl: Setting watchdog for 200 seconds at Thu Mar 28 21:34:06 UTC 2019
14 ms. Memory: 208384K Free: 186419K (89%)
ptolemy.util.test.WatchDog.cancel(): canceling Thu Mar 28 21:34:06 UTC 2019
------------------ testing $PTII/ptolemy/domains/de/test/auto/DateToEvent.xml
auto.tcl: Setting watchdog for 200 seconds at Thu Mar 28 21:34:06 UTC 2019
2017 ms. Memory: 208384K Free: 183316K (88%)
ptolemy.util.test.WatchDog.cancel(): canceling Thu Mar 28 21:34:08 UTC 2019
auto.tcl: Setting watchdog for 200 seconds at Thu Mar 28 21:34:08 UTC 2019
2005 ms. Memory: 208384K Free: 180859K (87%)
ptolemy.util.test.WatchDog.cancel(): canceling Thu Mar 28 21:34:10 UTC 2019
------------------ testing $PTII/ptolemy/domains/de/test/auto/DepthTest1.xml
auto.tcl: Setting watchdog for 200 seconds at Thu Mar 28 21:34:10 UTC 2019
2 ms. Memory: 208384K Free: 197545K (95%)
ptolemy.util.test.WatchDog.cancel(): canceling Thu Mar 28 21:34:10 UTC 2019
auto.tcl: Setting watchdog for 200 seconds at Thu Mar 28 21:34:10 UTC 2019
5 ms. Memory: 208384K Free: 197545K (95%)
ptolemy.util.test.WatchDog.cancel(): canceling Thu Mar 28 21:34:10 UTC 2019
------------------ testing $PTII/ptolemy/domains/de/test/auto/DepthTest2.xml
auto.tcl: Setting watchdog for 200 seconds at Thu Mar 28 21:34:10 UTC 2019
6 ms. Memory: 208384K Free: 193868K (93%)
ptolemy.util.test.WatchDog.cancel(): canceling Thu Mar 28 21:34:10 UTC 2019
auto.tcl: Setting watchdog for 200 seconds at Thu Mar 28 21:34:10 UTC 2019
3 ms. Memory: 208384K Free: 193868K (93%)
ptolemy.util.test.WatchDog.cancel(): canceling Thu Mar 28 21:34:10 UTC 2019
------------------ testing $PTII/ptolemy/domains/de/test/auto/DepthTest3.xml
auto.tcl: Setting watchdog for 200 seconds at Thu Mar 28 21:34:10 UTC 2019
11 ms. Memory: 208384K Free: 197879K (95%)
ptolemy.util.test.WatchDog.cancel(): canceling Thu Mar 28 21:34:10 UTC 2019
auto.tcl: Setting watchdog for 200 seconds at Thu Mar 28 21:34:10 UTC 2019
1 ms. Memory: 208384K Free: 197879K (95%)
ptolemy.util.test.WatchDog.cancel(): canceling Thu Mar 28 21:34:10 UTC 2019
------------------ testing $PTII/ptolemy/domains/de/test/auto/DepthTest4.xml
auto.tcl: Setting watchdog for 200 seconds at Thu Mar 28 21:34:11 UTC 2019
3 ms. Memory: 208384K Free: 195911K (94%)
ptolemy.util.test.WatchDog.cancel(): canceling Thu Mar 28 21:34:11 UTC 2019
auto.tcl: Setting watchdog for 200 seconds at Thu Mar 28 21:34:11 UTC 2019
2 ms. Memory: 208384K Free: 195911K (94%)
ptolemy.util.test.WatchDog.cancel(): canceling Thu Mar 28 21:34:11 UTC 2019
------------------ testing $PTII/ptolemy/domains/de/test/auto/DepthTest5.xml
auto.tcl: Setting watchdog for 200 seconds at Thu Mar 28 21:34:11 UTC 2019
6 ms. Memory: 208384K Free: 196378K (94%)
ptolemy.util.test.WatchDog.cancel(): canceling Thu Mar 28 21:34:11 UTC 2019
auto.tcl: Setting watchdog for 200 seconds at Thu Mar 28 21:34:11 UTC 2019
3 ms. Memory: 208384K Free: 196378K (94%)
ptolemy.util.test.WatchDog.cancel(): canceling Thu Mar 28 21:34:11 UTC 2019
------------------ testing $PTII/ptolemy/domains/de/test/auto/DepthTest6.xml
auto.tcl: Setting watchdog for 200 seconds at Thu Mar 28 21:34:11 UTC 2019
6 ms. Memory: 208384K Free: 196353K (94%)
ptolemy.util.test.WatchDog.cancel(): canceling Thu Mar 28 21:34:11 UTC 2019
auto.tcl: Setting watchdog for 200 seconds at Thu Mar 28 21:34:11 UTC 2019
3 ms. Memory: 208384K Free: 196353K (94%)
ptolemy.util.test.WatchDog.cancel(): canceling Thu Mar 28 21:34:11 UTC 2019
------------------ testing $PTII/ptolemy/domains/de/test/auto/DepthTest7.xml
auto.tcl: Setting watchdog for 200 seconds at Thu Mar 28 21:34:11 UTC 2019
3 ms. Memory: 208384K Free: 195816K (94%)
ptolemy.util.test.WatchDog.cancel(): canceling Thu Mar 28 21:34:11 UTC 2019
auto.tcl: Setting watchdog for 200 seconds at Thu Mar 28 21:34:11 UTC 2019
2 ms. Memory: 208384K Free: 195816K (94%)
ptolemy.util.test.WatchDog.cancel(): canceling Thu Mar 28 21:34:11 UTC 2019
------------------ testing $PTII/ptolemy/domains/de/test/auto/EventToDate.xml
auto.tcl: Setting watchdog for 200 seconds at Thu Mar 28 21:34:11 UTC 2019
3007 ms. Memory: 208384K Free: 187618K (90%)
ptolemy.util.test.WatchDog.cancel(): canceling Thu Mar 28 21:34:14 UTC 2019
auto.tcl: Setting watchdog for 200 seconds at Thu Mar 28 21:34:14 UTC 2019
3006 ms. Memory: 208384K Free: 185563K (89%)
ptolemy.util.test.WatchDog.cancel(): canceling Thu Mar 28 21:34:17 UTC 2019
------------------ testing $PTII/ptolemy/domains/de/test/auto/FSM1.xml
auto.tcl: Setting watchdog for 200 seconds at Thu Mar 28 21:34:17 UTC 2019
33 ms. Memory: 208384K Free: 188958K (91%)
ptolemy.util.test.WatchDog.cancel(): canceling Thu Mar 28 21:34:17 UTC 2019
auto.tcl: Setting watchdog for 200 seconds at Thu Mar 28 21:34:17 UTC 2019
26 ms. Memory: 208384K Free: 184848K (89%)
ptolemy.util.test.WatchDog.cancel(): canceling Thu Mar 28 21:34:17 UTC 2019
------------------ testing $PTII/ptolemy/domains/de/test/auto/FSM7.xml
auto.tcl: Setting watchdog for 200 seconds at Thu Mar 28 21:34:17 UTC 2019
14 ms. Memory: 208384K Free: 189161K (91%)
ptolemy.util.test.WatchDog.cancel(): canceling Thu Mar 28 21:34:17 UTC 2019
auto.tcl: Setting watchdog for 200 seconds at Thu Mar 28 21:34:17 UTC 2019
14 ms. Memory: 208384K Free: 185052K (89%)
ptolemy.util.test.WatchDog.cancel(): canceling Thu Mar 28 21:34:17 UTC 2019
------------------ testing $PTII/ptolemy/domains/de/test/auto/Inspection.xml
auto.tcl: Setting watchdog for 200 seconds at Thu Mar 28 21:34:17 UTC 2019
39 ms. Memory: 208384K Free: 188313K (90%)
ptolemy.util.test.WatchDog.cancel(): canceling Thu Mar 28 21:34:17 UTC 2019
auto.tcl: Setting watchdog for 200 seconds at Thu Mar 28 21:34:17 UTC 2019
34 ms. Memory: 208384K Free: 186258K (89%)
ptolemy.util.test.WatchDog.cancel(): canceling Thu Mar 28 21:34:17 UTC 2019
------------------ testing $PTII/ptolemy/domains/de/test/auto/Iteration.xml
auto.tcl: Setting watchdog for 200 seconds at Thu Mar 28 21:34:17 UTC 2019
8 ms. Memory: 208384K Free: 196142K (94%)
ptolemy.util.test.WatchDog.cancel(): canceling Thu Mar 28 21:34:17 UTC 2019
auto.tcl: Setting watchdog for 200 seconds at Thu Mar 28 21:34:17 UTC 2019
7 ms. Memory: 208384K Free: 193568K (93%)
ptolemy.util.test.WatchDog.cancel(): canceling Thu Mar 28 21:34:17 UTC 2019
------------------ testing $PTII/ptolemy/domains/de/test/auto/LineFault.xml
auto.tcl: Setting watchdog for 200 seconds at Thu Mar 28 21:34:18 UTC 2019
802 ms. Memory: 208384K Free: 199406K (96%)
ptolemy.util.test.WatchDog.cancel(): canceling Thu Mar 28 21:34:19 UTC 2019
auto.tcl: Setting watchdog for 200 seconds at Thu Mar 28 21:34:19 UTC 2019
646 ms. Memory: 208384K Free: 141617K (68%)
ptolemy.util.test.WatchDog.cancel(): canceling Thu Mar 28 21:34:19 UTC 2019
------------------ testing $PTII/ptolemy/domains/de/test/auto/MergeModel1Add.xml
auto.tcl: Setting watchdog for 200 seconds at Thu Mar 28 21:34:19 UTC 2019
21 ms. Memory: 331264K Free: 300201K (91%)
ptolemy.util.test.WatchDog.cancel(): canceling Thu Mar 28 21:34:19 UTC 2019
auto.tcl: Setting watchdog for 200 seconds at Thu Mar 28 21:34:19 UTC 2019
11 ms. Memory: 331264K Free: 300201K (91%)
ptolemy.util.test.WatchDog.cancel(): canceling Thu Mar 28 21:34:19 UTC 2019
------------------ testing $PTII/ptolemy/domains/de/test/auto/MergeModel2Add.xml
auto.tcl: Setting watchdog for 200 seconds at Thu Mar 28 21:34:19 UTC 2019
14 ms. Memory: 331264K Free: 305163K (92%)
ptolemy.util.test.WatchDog.cancel(): canceling Thu Mar 28 21:34:19 UTC 2019
auto.tcl: Setting watchdog for 200 seconds at Thu Mar 28 21:34:19 UTC 2019
14 ms. Memory: 331264K Free: 301572K (91%)
ptolemy.util.test.WatchDog.cancel(): canceling Thu Mar 28 21:34:19 UTC 2019
------------------ testing $PTII/ptolemy/domains/de/test/auto/MergeModel3Add.xml
auto.tcl: Setting watchdog for 200 seconds at Thu Mar 28 21:34:20 UTC 2019
11 ms. Memory: 331264K Free: 305173K (92%)
ptolemy.util.test.WatchDog.cancel(): canceling Thu Mar 28 21:34:20 UTC 2019
auto.tcl: Setting watchdog for 200 seconds at Thu Mar 28 21:34:20 UTC 2019
10 ms. Memory: 331264K Free: 301582K (91%)
ptolemy.util.test.WatchDog.cancel(): canceling Thu Mar 28 21:34:20 UTC 2019
------------------ testing $PTII/ptolemy/domains/de/test/auto/MergeWithoutDiscard.xml
auto.tcl: Setting watchdog for 200 seconds at Thu Mar 28 21:34:20 UTC 2019
4 ms. Memory: 331264K Free: 315942K (95%)
ptolemy.util.test.WatchDog.cancel(): canceling Thu Mar 28 21:34:20 UTC 2019
auto.tcl: Setting watchdog for 200 seconds at Thu Mar 28 21:34:20 UTC 2019
1 ms. Memory: 331264K Free: 315942K (95%)
ptolemy.util.test.WatchDog.cancel(): canceling Thu Mar 28 21:34:20 UTC 2019
------------------ testing $PTII/ptolemy/domains/de/test/auto/Modal1.xml
auto.tcl: Setting watchdog for 200 seconds at Thu Mar 28 21:34:20 UTC 2019
22 ms. Memory: 331264K Free: 310176K (94%)
ptolemy.util.test.WatchDog.cancel(): canceling Thu Mar 28 21:34:20 UTC 2019
auto.tcl: Setting watchdog for 200 seconds at Thu Mar 28 21:34:20 UTC 2019
18 ms. Memory: 331264K Free: 306585K (93%)
ptolemy.util.test.WatchDog.cancel(): canceling Thu Mar 28 21:34:20 UTC 2019
------------------ testing $PTII/ptolemy/domains/de/test/auto/Modal2.xml
auto.tcl: Setting watchdog for 200 seconds at Thu Mar 28 21:34:20 UTC 2019
18 ms. Memory: 331264K Free: 310047K (94%)
ptolemy.util.test.WatchDog.cancel(): canceling Thu Mar 28 21:34:20 UTC 2019
auto.tcl: Setting watchdog for 200 seconds at Thu Mar 28 21:34:20 UTC 2019
16 ms. Memory: 331264K Free: 306456K (93%)
ptolemy.util.test.WatchDog.cancel(): canceling Thu Mar 28 21:34:20 UTC 2019
------------------ testing $PTII/ptolemy/domains/de/test/auto/Modal3.xml
auto.tcl: Setting watchdog for 200 seconds at Thu Mar 28 21:34:20 UTC 2019
19 ms. Memory: 331264K Free: 309837K (94%)
ptolemy.util.test.WatchDog.cancel(): canceling Thu Mar 28 21:34:20 UTC 2019
auto.tcl: Setting watchdog for 200 seconds at Thu Mar 28 21:34:20 UTC 2019
17 ms. Memory: 331264K Free: 306246K (92%)
ptolemy.util.test.WatchDog.cancel(): canceling Thu Mar 28 21:34:20 UTC 2019
------------------ testing $PTII/ptolemy/domains/de/test/auto/Modal4.xml
auto.tcl: Setting watchdog for 200 seconds at Thu Mar 28 21:34:20 UTC 2019
30 ms. Memory: 331264K Free: 309865K (94%)
ptolemy.util.test.WatchDog.cancel(): canceling Thu Mar 28 21:34:20 UTC 2019
auto.tcl: Setting watchdog for 200 seconds at Thu Mar 28 21:34:20 UTC 2019
21 ms. Memory: 331264K Free: 306274K (92%)
ptolemy.util.test.WatchDog.cancel(): canceling Thu Mar 28 21:34:20 UTC 2019
------------------ testing $PTII/ptolemy/domains/de/test/auto/Modal5.xml
auto.tcl: Setting watchdog for 200 seconds at Thu Mar 28 21:34:20 UTC 2019
17 ms. Memory: 331264K Free: 309845K (94%)
ptolemy.util.test.WatchDog.cancel(): canceling Thu Mar 28 21:34:20 UTC 2019
auto.tcl: Setting watchdog for 200 seconds at Thu Mar 28 21:34:20 UTC 2019
12 ms. Memory: 331264K Free: 306254K (92%)
ptolemy.util.test.WatchDog.cancel(): canceling Thu Mar 28 21:34:20 UTC 2019
------------------ testing $PTII/ptolemy/domains/de/test/auto/Modal6.xml
auto.tcl: Setting watchdog for 200 seconds at Thu Mar 28 21:34:20 UTC 2019
13 ms. Memory: 331264K Free: 309850K (94%)
ptolemy.util.test.WatchDog.cancel(): canceling Thu Mar 28 21:34:20 UTC 2019
auto.tcl: Setting watchdog for 200 seconds at Thu Mar 28 21:34:20 UTC 2019
13 ms. Memory: 331264K Free: 306259K (92%)
ptolemy.util.test.WatchDog.cancel(): canceling Thu Mar 28 21:34:20 UTC 2019
------------------ testing $PTII/ptolemy/domains/de/test/auto/Modal7.xml
auto.tcl: Setting watchdog for 200 seconds at Thu Mar 28 21:34:20 UTC 2019
20 ms. Memory: 331264K Free: 306260K (92%)
ptolemy.util.test.WatchDog.cancel(): canceling Thu Mar 28 21:34:21 UTC 2019
auto.tcl: Setting watchdog for 200 seconds at Thu Mar 28 21:34:21 UTC 2019
12 ms. Memory: 331264K Free: 302669K (91%)
ptolemy.util.test.WatchDog.cancel(): canceling Thu Mar 28 21:34:21 UTC 2019
------------------ testing $PTII/ptolemy/domains/de/test/auto/ModalModel.xml
auto.tcl: Setting watchdog for 200 seconds at Thu Mar 28 21:34:21 UTC 2019
202 ms. Memory: 331264K Free: 247436K (75%)
ptolemy.util.test.WatchDog.cancel(): canceling Thu Mar 28 21:34:21 UTC 2019
auto.tcl: Setting watchdog for 200 seconds at Thu Mar 28 21:34:21 UTC 2019
192 ms. Memory: 331264K Free: 189921K (57%)
ptolemy.util.test.WatchDog.cancel(): canceling Thu Mar 28 21:34:21 UTC 2019
------------------ testing $PTII/ptolemy/domains/de/test/auto/ModalSource.xml
auto.tcl: Setting watchdog for 200 seconds at Thu Mar 28 21:34:21 UTC 2019
7 ms. Memory: 331264K Free: 316586K (96%)
ptolemy.util.test.WatchDog.cancel(): canceling Thu Mar 28 21:34:21 UTC 2019
auto.tcl: Setting watchdog for 200 seconds at Thu Mar 28 21:34:21 UTC 2019
9 ms. Memory: 331264K Free: 313285K (95%)
ptolemy.util.test.WatchDog.cancel(): canceling Thu Mar 28 21:34:21 UTC 2019
------------------ testing $PTII/ptolemy/domains/de/test/auto/NonInterruptibleTimerZeroDelay.xml
auto.tcl: Setting watchdog for 200 seconds at Thu Mar 28 21:34:21 UTC 2019
3 ms. Memory: 331264K Free: 320539K (97%)
ptolemy.util.test.WatchDog.cancel(): canceling Thu Mar 28 21:34:21 UTC 2019
auto.tcl: Setting watchdog for 200 seconds at Thu Mar 28 21:34:21 UTC 2019
2 ms. Memory: 331264K Free: 317238K (96%)
ptolemy.util.test.WatchDog.cancel(): canceling Thu Mar 28 21:34:21 UTC 2019
------------------ testing $PTII/ptolemy/domains/de/test/auto/OpenQueueingNetwork.xml
auto.tcl: Setting watchdog for 200 seconds at Thu Mar 28 21:34:21 UTC 2019
2644 ms. Memory: 307712K Free: 139566K (45%)
ptolemy.util.test.WatchDog.cancel(): canceling Thu Mar 28 21:34:24 UTC 2019
auto.tcl: Setting watchdog for 200 seconds at Thu Mar 28 21:34:24 UTC 2019
2400 ms. Memory: 278528K Free: 203290K (73%)
ptolemy.util.test.WatchDog.cancel(): canceling Thu Mar 28 21:34:26 UTC 2019
------------------ testing $PTII/ptolemy/domains/de/test/auto/OpenQueuingNetwork.xml
auto.tcl: Setting watchdog for 200 seconds at Thu Mar 28 21:34:27 UTC 2019
245 ms. Memory: 278528K Free: 182717K (66%)
ptolemy.util.test.WatchDog.cancel(): canceling Thu Mar 28 21:34:27 UTC 2019
auto.tcl: Setting watchdog for 200 seconds at Thu Mar 28 21:34:27 UTC 2019
231 ms. Memory: 278528K Free: 123266K (44%)
ptolemy.util.test.WatchDog.cancel(): canceling Thu Mar 28 21:34:27 UTC 2019
------------------ testing $PTII/ptolemy/domains/de/test/auto/PeriodicSampler.xml
auto.tcl: Setting watchdog for 200 seconds at Thu Mar 28 21:34:27 UTC 2019
2 ms. Memory: 281088K Free: 265925K (95%)
ptolemy.util.test.WatchDog.cancel(): canceling Thu Mar 28 21:34:27 UTC 2019
auto.tcl: Setting watchdog for 200 seconds at Thu Mar 28 21:34:27 UTC 2019
2 ms. Memory: 281088K Free: 265925K (95%)
ptolemy.util.test.WatchDog.cancel(): canceling Thu Mar 28 21:34:27 UTC 2019
------------------ testing $PTII/ptolemy/domains/de/test/auto/PersistentIO.xml
auto.tcl: Setting watchdog for 200 seconds at Thu Mar 28 21:34:27 UTC 2019
4 ms. Memory: 278528K Free: 260610K (94%)
ptolemy.util.test.WatchDog.cancel(): canceling Thu Mar 28 21:34:27 UTC 2019
auto.tcl: Setting watchdog for 200 seconds at Thu Mar 28 21:34:27 UTC 2019
3 ms. Memory: 278528K Free: 260610K (94%)
ptolemy.util.test.WatchDog.cancel(): canceling Thu Mar 28 21:34:27 UTC 2019
------------------ testing $PTII/ptolemy/domains/de/test/auto/PortParameterResetOnInitialize.xml
auto.tcl: Setting watchdog for 200 seconds at Thu Mar 28 21:34:27 UTC 2019
3 ms. Memory: 280576K Free: 265890K (95%)
ptolemy.util.test.WatchDog.cancel(): canceling Thu Mar 28 21:34:27 UTC 2019
auto.tcl: Setting watchdog for 200 seconds at Thu Mar 28 21:34:27 UTC 2019
2 ms. Memory: 280576K Free: 265890K (95%)
ptolemy.util.test.WatchDog.cancel(): canceling Thu Mar 28 21:34:27 UTC 2019
------------------ testing $PTII/ptolemy/domains/de/test/auto/PortParameterUpdates.xml
auto.tcl: Setting watchdog for 200 seconds at Thu Mar 28 21:34:27 UTC 2019
5 ms. Memory: 278528K Free: 266078K (96%)
ptolemy.util.test.WatchDog.cancel(): canceling Thu Mar 28 21:34:27 UTC 2019
auto.tcl: Setting watchdog for 200 seconds at Thu Mar 28 21:34:27 UTC 2019
4 ms. Memory: 278528K Free: 263338K (95%)
ptolemy.util.test.WatchDog.cancel(): canceling Thu Mar 28 21:34:27 UTC 2019
------------------ testing $PTII/ptolemy/domains/de/test/auto/QueueAndServer.xml
auto.tcl: Setting watchdog for 200 seconds at Thu Mar 28 21:34:27 UTC 2019
13 ms. Memory: 280576K Free: 265224K (95%)
ptolemy.util.test.WatchDog.cancel(): canceling Thu Mar 28 21:34:27 UTC 2019
auto.tcl: Setting watchdog for 200 seconds at Thu Mar 28 21:34:27 UTC 2019
6 ms. Memory: 280576K Free: 265224K (95%)
ptolemy.util.test.WatchDog.cancel(): canceling Thu Mar 28 21:34:27 UTC 2019
------------------ testing $PTII/ptolemy/domains/de/test/auto/Records.xml
auto.tcl: Setting watchdog for 200 seconds at Thu Mar 28 21:34:28 UTC 2019
6 ms. Memory: 278528K Free: 265836K (95%)
ptolemy.util.test.WatchDog.cancel(): canceling Thu Mar 28 21:34:28 UTC 2019
auto.tcl: Setting watchdog for 200 seconds at Thu Mar 28 21:34:28 UTC 2019
2 ms. Memory: 278528K Free: 265836K (95%)
ptolemy.util.test.WatchDog.cancel(): canceling Thu Mar 28 21:34:28 UTC 2019
------------------ testing $PTII/ptolemy/domains/de/test/auto/ResetTransitionWithStartTime1.xml
auto.tcl: Setting watchdog for 200 seconds at Thu Mar 28 21:34:28 UTC 2019
7 ms. Memory: 280064K Free: 262809K (94%)
ptolemy.util.test.WatchDog.cancel(): canceling Thu Mar 28 21:34:28 UTC 2019
auto.tcl: Setting watchdog for 200 seconds at Thu Mar 28 21:34:28 UTC 2019
6 ms. Memory: 280064K Free: 259912K (93%)
ptolemy.util.test.WatchDog.cancel(): canceling Thu Mar 28 21:34:28 UTC 2019
------------------ testing $PTII/ptolemy/domains/de/test/auto/ResetTransitionWithStartTime2.xml
auto.tcl: Setting watchdog for 200 seconds at Thu Mar 28 21:34:28 UTC 2019
6 ms. Memory: 278528K Free: 261273K (94%)
ptolemy.util.test.WatchDog.cancel(): canceling Thu Mar 28 21:34:28 UTC 2019
auto.tcl: Setting watchdog for 200 seconds at Thu Mar 28 21:34:28 UTC 2019
6 ms. Memory: 278528K Free: 258540K (93%)
ptolemy.util.test.WatchDog.cancel(): canceling Thu Mar 28 21:34:28 UTC 2019
------------------ testing $PTII/ptolemy/domains/de/test/auto/ResetTransitionWithStartTime3.xml
auto.tcl: Setting watchdog for 200 seconds at Thu Mar 28 21:34:28 UTC 2019
5 ms. Memory: 280064K Free: 262655K (94%)
ptolemy.util.test.WatchDog.cancel(): canceling Thu Mar 28 21:34:28 UTC 2019
auto.tcl: Setting watchdog for 200 seconds at Thu Mar 28 21:34:28 UTC 2019
8 ms. Memory: 280064K Free: 259922K (93%)
ptolemy.util.test.WatchDog.cancel(): canceling Thu Mar 28 21:34:28 UTC 2019
------------------ testing $PTII/ptolemy/domains/de/test/auto/ResetTransitionWithStartTime4.xml
auto.tcl: Setting watchdog for 200 seconds at Thu Mar 28 21:34:28 UTC 2019
4 ms. Memory: 278528K Free: 263104K (94%)
ptolemy.util.test.WatchDog.cancel(): canceling Thu Mar 28 21:34:28 UTC 2019
auto.tcl: Setting watchdog for 200 seconds at Thu Mar 28 21:34:28 UTC 2019
3 ms. Memory: 278528K Free: 263104K (94%)
ptolemy.util.test.WatchDog.cancel(): canceling Thu Mar 28 21:34:28 UTC 2019
------------------ testing $PTII/ptolemy/domains/de/test/auto/ResettableTimer1.xml
auto.tcl: Setting watchdog for 200 seconds at Thu Mar 28 21:34:28 UTC 2019
2 ms. Memory: 280064K Free: 263450K (94%)
ptolemy.util.test.WatchDog.cancel(): canceling Thu Mar 28 21:34:28 UTC 2019
auto.tcl: Setting watchdog for 200 seconds at Thu Mar 28 21:34:28 UTC 2019
2 ms. Memory: 280064K Free: 263450K (94%)
ptolemy.util.test.WatchDog.cancel(): canceling Thu Mar 28 21:34:28 UTC 2019
------------------ testing $PTII/ptolemy/domains/de/test/auto/ResettableTimer2.xml
auto.tcl: Setting watchdog for 200 seconds at Thu Mar 28 21:34:28 UTC 2019
3 ms. Memory: 278528K Free: 266047K (96%)
ptolemy.util.test.WatchDog.cancel(): canceling Thu Mar 28 21:34:28 UTC 2019
auto.tcl: Setting watchdog for 200 seconds at Thu Mar 28 21:34:28 UTC 2019
2 ms. Memory: 278528K Free: 266047K (96%)
ptolemy.util.test.WatchDog.cancel(): canceling Thu Mar 28 21:34:28 UTC 2019
------------------ testing $PTII/ptolemy/domains/de/test/auto/ResettableTimer3.xml
auto.tcl: Setting watchdog for 200 seconds at Thu Mar 28 21:34:28 UTC 2019
2 ms. Memory: 279552K Free: 266930K (95%)
ptolemy.util.test.WatchDog.cancel(): canceling Thu Mar 28 21:34:28 UTC 2019
auto.tcl: Setting watchdog for 200 seconds at Thu Mar 28 21:34:28 UTC 2019
1 ms. Memory: 279552K Free: 266930K (95%)
ptolemy.util.test.WatchDog.cancel(): canceling Thu Mar 28 21:34:28 UTC 2019
------------------ testing $PTII/ptolemy/domains/de/test/auto/ResettableTimer4.xml
auto.tcl: Setting watchdog for 200 seconds at Thu Mar 28 21:34:28 UTC 2019
2 ms. Memory: 278528K Free: 266067K (96%)
ptolemy.util.test.WatchDog.cancel(): canceling Thu Mar 28 21:34:28 UTC 2019
auto.tcl: Setting watchdog for 200 seconds at Thu Mar 28 21:34:28 UTC 2019
1 ms. Memory: 278528K Free: 266067K (96%)
ptolemy.util.test.WatchDog.cancel(): canceling Thu Mar 28 21:34:28 UTC 2019
------------------ testing $PTII/ptolemy/domains/de/test/auto/ResettableTimer5.xml
auto.tcl: Setting watchdog for 200 seconds at Thu Mar 28 21:34:28 UTC 2019
2 ms. Memory: 279552K Free: 267090K (96%)
ptolemy.util.test.WatchDog.cancel(): canceling Thu Mar 28 21:34:28 UTC 2019
auto.tcl: Setting watchdog for 200 seconds at Thu Mar 28 21:34:28 UTC 2019
1 ms. Memory: 279552K Free: 267090K (96%)
ptolemy.util.test.WatchDog.cancel(): canceling Thu Mar 28 21:34:28 UTC 2019
------------------ testing $PTII/ptolemy/domains/de/test/auto/ResettableTimer6.xml
auto.tcl: Setting watchdog for 200 seconds at Thu Mar 28 21:34:28 UTC 2019
1 ms. Memory: 278528K Free: 263887K (95%)
ptolemy.util.test.WatchDog.cancel(): canceling Thu Mar 28 21:34:28 UTC 2019
auto.tcl: Setting watchdog for 200 seconds at Thu Mar 28 21:34:28 UTC 2019
2 ms. Memory: 278528K Free: 263887K (95%)
ptolemy.util.test.WatchDog.cancel(): canceling Thu Mar 28 21:34:28 UTC 2019
------------------ testing $PTII/ptolemy/domains/de/test/auto/ServerZeroDelay.xml
auto.tcl: Setting watchdog for 200 seconds at Thu Mar 28 21:34:28 UTC 2019
6 ms. Memory: 279552K Free: 267021K (96%)
ptolemy.util.test.WatchDog.cancel(): canceling Thu Mar 28 21:34:28 UTC 2019
auto.tcl: Setting watchdog for 200 seconds at Thu Mar 28 21:34:28 UTC 2019
3 ms. Memory: 279552K Free: 267021K (96%)
ptolemy.util.test.WatchDog.cancel(): canceling Thu Mar 28 21:34:28 UTC 2019
------------------ testing $PTII/ptolemy/domains/de/test/auto/SmartSender.xml
auto.tcl: Setting watchdog for 200 seconds at Thu Mar 28 21:34:28 UTC 2019
3002 ms. Memory: 278528K Free: 264022K (95%)
ptolemy.util.test.WatchDog.cancel(): canceling Thu Mar 28 21:34:31 UTC 2019
auto.tcl: Setting watchdog for 200 seconds at Thu Mar 28 21:34:31 UTC 2019
3001 ms. Memory: 278528K Free: 264022K (95%)
ptolemy.util.test.WatchDog.cancel(): canceling Thu Mar 28 21:34:34 UTC 2019
------------------ testing $PTII/ptolemy/domains/de/test/auto/ThreadedComposite.xml
auto.tcl: Setting watchdog for 200 seconds at Thu Mar 28 21:34:34 UTC 2019
166 ms. Memory: 279552K Free: 244869K (88%)
ptolemy.util.test.WatchDog.cancel(): canceling Thu Mar 28 21:34:35 UTC 2019
auto.tcl: Setting watchdog for 200 seconds at Thu Mar 28 21:34:35 UTC 2019
109 ms. Memory: 279552K Free: 227576K (81%)
ptolemy.util.test.WatchDog.cancel(): canceling Thu Mar 28 21:34:35 UTC 2019
------------------ testing $PTII/ptolemy/domains/de/test/auto/Time.xml
auto.tcl: Setting watchdog for 200 seconds at Thu Mar 28 21:34:35 UTC 2019
489 ms. Memory: 278528K Free: 220232K (79%)
ptolemy.util.test.WatchDog.cancel(): canceling Thu Mar 28 21:34:35 UTC 2019
auto.tcl: Setting watchdog for 200 seconds at Thu Mar 28 21:34:35 UTC 2019
431 ms. Memory: 278528K Free: 173776K (62%)
ptolemy.util.test.WatchDog.cancel(): canceling Thu Mar 28 21:34:36 UTC 2019
------------------ testing $PTII/ptolemy/domains/de/test/auto/TimeDelayZeroDelay.xml
auto.tcl: Setting watchdog for 200 seconds at Thu Mar 28 21:34:36 UTC 2019
2 ms. Memory: 279040K Free: 266878K (96%)
ptolemy.util.test.WatchDog.cancel(): canceling Thu Mar 28 21:34:36 UTC 2019
auto.tcl: Setting watchdog for 200 seconds at Thu Mar 28 21:34:36 UTC 2019
2 ms. Memory: 279040K Free: 266878K (96%)
ptolemy.util.test.WatchDog.cancel(): canceling Thu Mar 28 21:34:36 UTC 2019
------------------ testing $PTII/ptolemy/domains/de/test/auto/TimerZeroDelay.xml
auto.tcl: Setting watchdog for 200 seconds at Thu Mar 28 21:34:36 UTC 2019
2 ms. Memory: 278528K Free: 266506K (96%)
ptolemy.util.test.WatchDog.cancel(): canceling Thu Mar 28 21:34:36 UTC 2019
auto.tcl: Setting watchdog for 200 seconds at Thu Mar 28 21:34:36 UTC 2019
2 ms. Memory: 278528K Free: 266506K (96%)
ptolemy.util.test.WatchDog.cancel(): canceling Thu Mar 28 21:34:36 UTC 2019
------------------ testing $PTII/ptolemy/domains/de/test/auto/TimingParadox.xml
auto.tcl: Setting watchdog for 200 seconds at Thu Mar 28 21:34:36 UTC 2019
326 ms. Memory: 279040K Free: 207762K (74%)
ptolemy.util.test.WatchDog.cancel(): canceling Thu Mar 28 21:34:36 UTC 2019
auto.tcl: Setting watchdog for 200 seconds at Thu Mar 28 21:34:36 UTC 2019
321 ms. Memory: 279040K Free: 175777K (63%)
ptolemy.util.test.WatchDog.cancel(): canceling Thu Mar 28 21:34:37 UTC 2019
------------------ testing $PTII/ptolemy/domains/de/test/auto/TransferInputs.xml
auto.tcl: Setting watchdog for 200 seconds at Thu Mar 28 21:34:37 UTC 2019
1 ms. Memory: 279040K Free: 265995K (95%)
ptolemy.util.test.WatchDog.cancel(): canceling Thu Mar 28 21:34:37 UTC 2019
auto.tcl: Setting watchdog for 200 seconds at Thu Mar 28 21:34:37 UTC 2019
2 ms. Memory: 279040K Free: 265995K (95%)
ptolemy.util.test.WatchDog.cancel(): canceling Thu Mar 28 21:34:37 UTC 2019
------------------ testing $PTII/ptolemy/domains/de/test/auto/TransferOutputs2.xml
auto.tcl: Setting watchdog for 200 seconds at Thu Mar 28 21:34:37 UTC 2019
3 ms. Memory: 278528K Free: 262138K (94%)
ptolemy.util.test.WatchDog.cancel(): canceling Thu Mar 28 21:34:37 UTC 2019
auto.tcl: Setting watchdog for 200 seconds at Thu Mar 28 21:34:37 UTC 2019
3 ms. Memory: 278528K Free: 259663K (93%)
ptolemy.util.test.WatchDog.cancel(): canceling Thu Mar 28 21:34:37 UTC 2019
------------------ testing $PTII/ptolemy/domains/de/test/auto/Trilateration.xml
auto.tcl: Setting watchdog for 200 seconds at Thu Mar 28 21:34:37 UTC 2019
13589 ms. Memory: 542720K Free: 211809K (39%)
ptolemy.util.test.WatchDog.cancel(): canceling Thu Mar 28 21:34:51 UTC 2019
auto.tcl: Setting watchdog for 200 seconds at Thu Mar 28 21:34:51 UTC 2019
10697 ms. Memory: 411136K Free: 335383K (82%)
ptolemy.util.test.WatchDog.cancel(): canceling Thu Mar 28 21:35:02 UTC 2019
------------------ testing $PTII/ptolemy/domains/de/test/auto/TwoSigmaDelta.xml
auto.tcl: Setting watchdog for 200 seconds at Thu Mar 28 21:35:02 UTC 2019
2955 ms. Memory: 414208K Free: 107696K (26%)
ptolemy.util.test.WatchDog.cancel(): canceling Thu Mar 28 21:35:05 UTC 2019
auto.tcl: Setting watchdog for 200 seconds at Thu Mar 28 21:35:05 UTC 2019
2151 ms. Memory: 396800K Free: 193876K (49%)
ptolemy.util.test.WatchDog.cancel(): canceling Thu Mar 28 21:35:07 UTC 2019
------------------ testing $PTII/ptolemy/domains/de/test/auto/VariableDelay.xml
auto.tcl: Setting watchdog for 200 seconds at Thu Mar 28 21:35:07 UTC 2019
3 ms. Memory: 396288K Free: 379369K (96%)
ptolemy.util.test.WatchDog.cancel(): canceling Thu Mar 28 21:35:07 UTC 2019
auto.tcl: Setting watchdog for 200 seconds at Thu Mar 28 21:35:07 UTC 2019
6 ms. Memory: 396288K Free: 379369K (96%)
ptolemy.util.test.WatchDog.cancel(): canceling Thu Mar 28 21:35:08 UTC 2019
------------------ testing $PTII/ptolemy/domains/de/test/auto/VariableDelay2.xml
auto.tcl: Setting watchdog for 200 seconds at Thu Mar 28 21:35:08 UTC 2019
2 ms. Memory: 396288K Free: 382934K (97%)
ptolemy.util.test.WatchDog.cancel(): canceling Thu Mar 28 21:35:08 UTC 2019
auto.tcl: Setting watchdog for 200 seconds at Thu Mar 28 21:35:08 UTC 2019
1 ms. Memory: 396288K Free: 382934K (97%)
ptolemy.util.test.WatchDog.cancel(): canceling Thu Mar 28 21:35:08 UTC 2019
------------------ testing $PTII/ptolemy/domains/de/test/auto/VariableDelayZeroDelay.xml
auto.tcl: Setting watchdog for 200 seconds at Thu Mar 28 21:35:08 UTC 2019
2 ms. Memory: 398336K Free: 381832K (96%)
ptolemy.util.test.WatchDog.cancel(): canceling Thu Mar 28 21:35:08 UTC 2019
auto.tcl: Setting watchdog for 200 seconds at Thu Mar 28 21:35:08 UTC 2019
2 ms. Memory: 398336K Free: 381832K (96%)
ptolemy.util.test.WatchDog.cancel(): canceling Thu Mar 28 21:35:08 UTC 2019
------------------ testing $PTII/ptolemy/domains/de/test/auto/VariableDelayZeroDelay2.xml
auto.tcl: Setting watchdog for 200 seconds at Thu Mar 28 21:35:08 UTC 2019
2 ms. Memory: 396288K Free: 379783K (96%)
ptolemy.util.test.WatchDog.cancel(): canceling Thu Mar 28 21:35:08 UTC 2019
auto.tcl: Setting watchdog for 200 seconds at Thu Mar 28 21:35:08 UTC 2019
2 ms. Memory: 396288K Free: 379783K (96%)
ptolemy.util.test.WatchDog.cancel(): canceling Thu Mar 28 21:35:08 UTC 2019
------------------ testing $PTII/ptolemy/domains/de/test/auto/deInCt.xml
auto.tcl: Setting watchdog for 200 seconds at Thu Mar 28 21:35:08 UTC 2019
0
1
1
1
0
0
0
0
0
1
1
1
1
1
0
0
1
1
1
0
0
0
1
1
1
0
0
0
1
1
1
0
0
0
1
1
1
1
0
0
0
0
6 ms. Memory: 398336K Free: 381827K (96%)
ptolemy.util.test.WatchDog.cancel(): canceling Thu Mar 28 21:35:08 UTC 2019
auto.tcl: Setting watchdog for 200 seconds at Thu Mar 28 21:35:08 UTC 2019
0
1
1
1
0
0
0
1
1
1
0
0
0
1
1
1
0
0
0
0
1
1
1
0
0
0
0
0
1
1
1
0
0
0
0
1
1
1
0
0
1
1
1
0
0
0
0
6 ms. Memory: 398336K Free: 376810K (95%)
ptolemy.util.test.WatchDog.cancel(): canceling Thu Mar 28 21:35:08 UTC 2019
------------------ testing $PTII/ptolemy/domains/de/test/auto/deInCt2.xml
auto.tcl: Setting watchdog for 200 seconds at Thu Mar 28 21:35:08 UTC 2019
0
1
1
1
0
0
1
1
1
0
0
1
1
1
0
0
1
1
1
0
0
1
1
1
0
0
1
1
1
0
0
1
1
1
0
0
1
1
1
0
0
0
12 ms. Memory: 396288K Free: 379779K (96%)
ptolemy.util.test.WatchDog.cancel(): canceling Thu Mar 28 21:35:08 UTC 2019
auto.tcl: Setting watchdog for 200 seconds at Thu Mar 28 21:35:08 UTC 2019
0
1
1
1
0
0
1
1
1
0
0
1
1
1
0
0
1
1
1
0
0
1
1
1
0
0
1
1
1
0
0
1
1
1
0
0
1
1
1
0
0
0
9 ms. Memory: 396288K Free: 374745K (95%)
ptolemy.util.test.WatchDog.cancel(): canceling Thu Mar 28 21:35:08 UTC 2019
------------------ testing $PTII/ptolemy/domains/de/test/auto/dynamicCausalityInterface1.xml
auto.tcl: Setting watchdog for 200 seconds at Thu Mar 28 21:35:08 UTC 2019
2 ms. Memory: 397824K Free: 376277K (95%)
ptolemy.util.test.WatchDog.cancel(): canceling Thu Mar 28 21:35:08 UTC 2019
auto.tcl: Setting watchdog for 200 seconds at Thu Mar 28 21:35:08 UTC 2019
1 ms. Memory: 397824K Free: 376277K (95%)
ptolemy.util.test.WatchDog.cancel(): canceling Thu Mar 28 21:35:08 UTC 2019
------------------ testing $PTII/ptolemy/domains/de/test/auto/fsm_de_test.xml
auto.tcl: Setting watchdog for 200 seconds at Thu Mar 28 21:35:08 UTC 2019
11 ms. Memory: 396288K Free: 374635K (95%)
ptolemy.util.test.WatchDog.cancel(): canceling Thu Mar 28 21:35:08 UTC 2019
auto.tcl: Setting watchdog for 200 seconds at Thu Mar 28 21:35:08 UTC 2019
5 ms. Memory: 396288K Free: 374635K (95%)
ptolemy.util.test.WatchDog.cancel(): canceling Thu Mar 28 21:35:08 UTC 2019
------------------ testing $PTII/ptolemy/domains/de/test/auto/functionDependencyReconstruction.xml
auto.tcl: Setting watchdog for 200 seconds at Thu Mar 28 21:35:08 UTC 2019
3 ms. Memory: 397824K Free: 371152K (93%)
ptolemy.util.test.WatchDog.cancel(): canceling Thu Mar 28 21:35:08 UTC 2019
auto.tcl: Setting watchdog for 200 seconds at Thu Mar 28 21:35:08 UTC 2019
3 ms. Memory: 397824K Free: 366118K (92%)
ptolemy.util.test.WatchDog.cancel(): canceling Thu Mar 28 21:35:08 UTC 2019
------------------ testing $PTII/ptolemy/domains/de/test/auto/multirate.xml
auto.tcl: Setting watchdog for 200 seconds at Thu Mar 28 21:35:08 UTC 2019
3 ms. Memory: 396288K Free: 374490K (94%)
ptolemy.util.test.WatchDog.cancel(): canceling Thu Mar 28 21:35:08 UTC 2019
auto.tcl: Setting watchdog for 200 seconds at Thu Mar 28 21:35:08 UTC 2019
3 ms. Memory: 396288K Free: 374490K (94%)
ptolemy.util.test.WatchDog.cancel(): canceling Thu Mar 28 21:35:08 UTC 2019
------------------ testing $PTII/ptolemy/domains/de/test/auto/multirate2.xml
auto.tcl: Setting watchdog for 200 seconds at Thu Mar 28 21:35:08 UTC 2019
5 ms. Memory: 397312K Free: 378863K (95%)
ptolemy.util.test.WatchDog.cancel(): canceling Thu Mar 28 21:35:08 UTC 2019
auto.tcl: Setting watchdog for 200 seconds at Thu Mar 28 21:35:08 UTC 2019
3 ms. Memory: 397312K Free: 378863K (95%)
ptolemy.util.test.WatchDog.cancel(): canceling Thu Mar 28 21:35:08 UTC 2019
------------------ testing $PTII/ptolemy/domains/de/test/auto/realtime.xml
auto.tcl: Setting watchdog for 200 seconds at Thu Mar 28 21:35:08 UTC 2019
10001 ms. Memory: 396288K Free: 379710K (96%)
ptolemy.util.test.WatchDog.cancel(): canceling Thu Mar 28 21:35:18 UTC 2019
auto.tcl: Setting watchdog for 200 seconds at Thu Mar 28 21:35:18 UTC 2019
10001 ms. Memory: 396288K Free: 379710K (96%)
ptolemy.util.test.WatchDog.cancel(): canceling Thu Mar 28 21:35:28 UTC 2019
------------------ testing $PTII/ptolemy/domains/de/test/auto/relationGroup.xml
auto.tcl: Setting watchdog for 200 seconds at Thu Mar 28 21:35:28 UTC 2019
2 ms. Memory: 397312K Free: 383921K (97%)
ptolemy.util.test.WatchDog.cancel(): canceling Thu Mar 28 21:35:28 UTC 2019
auto.tcl: Setting watchdog for 200 seconds at Thu Mar 28 21:35:28 UTC 2019
2 ms. Memory: 397312K Free: 383921K (97%)
ptolemy.util.test.WatchDog.cancel(): canceling Thu Mar 28 21:35:28 UTC 2019
------------------ testing $PTII/ptolemy/domains/de/test/auto/relationGroup2.xml
auto.tcl: Setting watchdog for 200 seconds at Thu Mar 28 21:35:28 UTC 2019
2 ms. Memory: 396288K Free: 379774K (96%)
ptolemy.util.test.WatchDog.cancel(): canceling Thu Mar 28 21:35:28 UTC 2019
auto.tcl: Setting watchdog for 200 seconds at Thu Mar 28 21:35:28 UTC 2019
1 ms. Memory: 396288K Free: 379774K (96%)
ptolemy.util.test.WatchDog.cancel(): canceling Thu Mar 28 21:35:28 UTC 2019
------------------ testing $PTII/ptolemy/domains/de/test/auto/sortWithOpaquePorts.xml
auto.tcl: Setting watchdog for 200 seconds at Thu Mar 28 21:35:28 UTC 2019
2 ms. Memory: 397312K Free: 380799K (96%)
ptolemy.util.test.WatchDog.cancel(): canceling Thu Mar 28 21:35:28 UTC 2019
auto.tcl: Setting watchdog for 200 seconds at Thu Mar 28 21:35:28 UTC 2019
2 ms. Memory: 397312K Free: 380799K (96%)
ptolemy.util.test.WatchDog.cancel(): canceling Thu Mar 28 21:35:28 UTC 2019
------------------ testing $PTII/ptolemy/domains/de/test/auto/transferInputsandOutputs.xml
auto.tcl: Setting watchdog for 200 seconds at Thu Mar 28 21:35:29 UTC 2019
2 ms. Memory: 396288K Free: 374728K (95%)
ptolemy.util.test.WatchDog.cancel(): canceling Thu Mar 28 21:35:29 UTC 2019
auto.tcl: Setting watchdog for 200 seconds at Thu Mar 28 21:35:29 UTC 2019
3 ms. Memory: 396288K Free: 374728K (95%)
ptolemy.util.test.WatchDog.cancel(): canceling Thu Mar 28 21:35:29 UTC 2019
------------------ testing $PTII/ptolemy/domains/de/test/auto/triggerType.xml
auto.tcl: Setting watchdog for 200 seconds at Thu Mar 28 21:35:29 UTC 2019
1 ms. Memory: 396800K Free: 380223K (96%)
ptolemy.util.test.WatchDog.cancel(): canceling Thu Mar 28 21:35:29 UTC 2019
auto.tcl: Setting watchdog for 200 seconds at Thu Mar 28 21:35:29 UTC 2019
1 ms. Memory: 396800K Free: 380223K (96%)
ptolemy.util.test.WatchDog.cancel(): canceling Thu Mar 28 21:35:29 UTC 2019
03/28/19 09:35:29
Failed: 0  Total Tests: 192  ((Passed: 187, Newly Passed: 1)  Known Failed: 5) /home/travis/build/icyphy/ptII/ptolemy/domains/de/test
03/28/19 09:35:29
Failed: 0  Total Tests: 192  ((Passed: 187, Newly Passed: 1)  Known Failed: 5) /home/travis/build/icyphy/ptII/ptolemy/domains/de/test
----------------- testing (KnownFailure) /home/travis/build/icyphy/ptII/ptolemy/domains/de/test/auto/knownFailedTests/DESDFClockTest.xml
2016 ms. Memory: 396288K Free: 367142K (93%)
Known Failure: java.lang.reflect.InvocationTargetException
----------------- testing (KnownFailure) /home/travis/build/icyphy/ptII/ptolemy/domains/de/test/auto/knownFailedTests/DirectFeedback.xml
3 ms. Memory: 396288K Free: 341951K (86%)
Known Failure: java.lang.reflect.InvocationTargetException
----------------- testing (KnownFailure) /home/travis/build/icyphy/ptII/ptolemy/domains/de/test/auto/knownFailedTests/FSMSource.xml
13 ms. Memory: 396288K Free: 316760K (80%)
----------------- testing (KnownFailure) /home/travis/build/icyphy/ptII/ptolemy/domains/de/test/auto/knownFailedTests/HierarchicalModel.xml
6 ms. Memory: 396288K Free: 291554K (74%)
Known Failure: java.lang.reflect.InvocationTargetException
----------------- testing (KnownFailure) /home/travis/build/icyphy/ptII/ptolemy/domains/de/test/auto/knownFailedTests/dependencyLoop.xml
3 ms. Memory: 396288K Free: 253752K (64%)
Known Failure: java.lang.reflect.InvocationTargetException
----------------- testing (KnownFailure) /home/travis/build/icyphy/ptII/ptolemy/domains/de/test/auto/knownFailedTests/dependencyLoop2.xml
15 ms. Memory: 396288K Free: 215942K (54%)
Known Failure: java.lang.reflect.InvocationTargetException
No auto/linux-amd64/*.xml tests in /home/travis/build/icyphy/ptII/ptolemy/domains/de/test
AutoTests.java: About to close Vertx.
AutoTests.java: Vertx closed.

===========================================================================================
----------------- testing Thu Mar 28 21:35:31 UTC 2019 /home/travis/build/icyphy/ptII/ptolemy/domains/de/test/auto/ActorDepthCalculation_actorWithoutPorts.xml
----------------- Instantiating /home/travis/build/icyphy/ptII/ptolemy/domains/de/test/auto/ActorDepthCalculation_actorWithoutPorts.xml
2 ms. Memory: 396288K Free: 184453K (47%)
----------------- Invoking toplevel() on ptolemy.moml.MoMLSimpleApplication@8e06cd1
----------------- Done invoking toplevel() on ptolemy.moml.MoMLSimpleApplication@8e06cd1
reloadAllAccessors: .ActorDepthCalculation_actorWithoutPorts

===========================================================================================
----------------- testing Thu Mar 28 21:35:31 UTC 2019 /home/travis/build/icyphy/ptII/ptolemy/domains/de/test/auto/AssemblyLine.xml
----------------- Instantiating /home/travis/build/icyphy/ptII/ptolemy/domains/de/test/auto/AssemblyLine.xml
2 ms. Memory: 396288K Free: 165560K (42%)
----------------- Invoking toplevel() on ptolemy.moml.MoMLSimpleApplication@5b9207dc
----------------- Done invoking toplevel() on ptolemy.moml.MoMLSimpleApplication@5b9207dc
reloadAllAccessors: .AssemblyLine

===========================================================================================
----------------- testing Thu Mar 28 21:35:31 UTC 2019 /home/travis/build/icyphy/ptII/ptolemy/domains/de/test/auto/CQBug1.xml
----------------- Instantiating /home/travis/build/icyphy/ptII/ptolemy/domains/de/test/auto/CQBug1.xml
2 ms. Memory: 396288K Free: 152965K (39%)
----------------- Invoking toplevel() on ptolemy.moml.MoMLSimpleApplication@36a72be
----------------- Done invoking toplevel() on ptolemy.moml.MoMLSimpleApplication@36a72be
reloadAllAccessors: .CQBug1

===========================================================================================
----------------- testing Thu Mar 28 21:35:31 UTC 2019 /home/travis/build/icyphy/ptII/ptolemy/domains/de/test/auto/CancelFireAt.xml
----------------- Instantiating /home/travis/build/icyphy/ptII/ptolemy/domains/de/test/auto/CancelFireAt.xml
1 ms. Memory: 396288K Free: 140370K (35%)
----------------- Invoking toplevel() on ptolemy.moml.MoMLSimpleApplication@77efbf68
----------------- Done invoking toplevel() on ptolemy.moml.MoMLSimpleApplication@77efbf68
reloadAllAccessors: .CancelFireAt

===========================================================================================
----------------- testing Thu Mar 28 21:35:31 UTC 2019 /home/travis/build/icyphy/ptII/ptolemy/domains/de/test/auto/CausalityAndComposabilityAnalysis.xml
----------------- Instantiating /home/travis/build/icyphy/ptII/ptolemy/domains/de/test/auto/CausalityAndComposabilityAnalysis.xml
3 ms. Memory: 396288K Free: 127775K (32%)
----------------- Invoking toplevel() on ptolemy.moml.MoMLSimpleApplication@201f7448
----------------- Done invoking toplevel() on ptolemy.moml.MoMLSimpleApplication@201f7448
reloadAllAccessors: .CausalityAndComposabilityAnalysis

===========================================================================================
----------------- testing Thu Mar 28 21:35:31 UTC 2019 /home/travis/build/icyphy/ptII/ptolemy/domains/de/test/auto/CausalityInterface1.xml
----------------- Instantiating /home/travis/build/icyphy/ptII/ptolemy/domains/de/test/auto/CausalityInterface1.xml
5 ms. Memory: 396288K Free: 115180K (29%)
----------------- Invoking toplevel() on ptolemy.moml.MoMLSimpleApplication@481679df
----------------- Done invoking toplevel() on ptolemy.moml.MoMLSimpleApplication@481679df
reloadAllAccessors: .CausalityInterface1

===========================================================================================
----------------- testing Thu Mar 28 21:35:31 UTC 2019 /home/travis/build/icyphy/ptII/ptolemy/domains/de/test/auto/CausalityInterface15.xml
----------------- Instantiating /home/travis/build/icyphy/ptII/ptolemy/domains/de/test/auto/CausalityInterface15.xml
2 ms. Memory: 396288K Free: 102584K (26%)
----------------- Invoking toplevel() on ptolemy.moml.MoMLSimpleApplication@144ebcb3
----------------- Done invoking toplevel() on ptolemy.moml.MoMLSimpleApplication@144ebcb3
reloadAllAccessors: .CausalityInterface15

[...]
java.lang.RuntimeException: Execution failed
	at ptolemy.moml.MoMLSimpleApplication$UnloadThread.run(MoMLSimpleApplication.java:402)
Caused by: ptolemy.kernel.util.IllegalActionException: Test fails in iteration 1.
Value was: 1.0. Should have been: 2.0
  in .DirectFeedback.Test
	at ptolemy.actor.lib.Test.fire(Test.java:268)
	at ptolemy.domains.de.kernel.DEDirector._fire(DEDirector.java:1949)
	at ptolemy.domains.de.kernel.DEDirector.fire(DEDirector.java:502)
	at ptolemy.actor.CompositeActor.fire(CompositeActor.java:455)
	at ptolemy.actor.Manager.iterate(Manager.java:851)
	at ptolemy.actor.Manager.execute(Manager.java:369)
	at ptolemy.actor.Manager.run(Manager.java:1263)
	at ptolemy.actor.Manager$PtolemyRunThread.run(Manager.java:1915)
java.lang.RuntimeException: Execution failed
	at ptolemy.moml.MoMLSimpleApplication$UnloadThread.run(MoMLSimpleApplication.java:402)
Caused by: ptolemy.kernel.util.IllegalActionException: Actor is not ready to fire.  Perhaps UpSample.prefire() returned false? Try debugging the actor by selecting "Listen to Actor".  Also, for SDF check moml for tokenConsumptionRate on input.
  in .DESDFClockTest.Play Bell.Copy1:SDF Director and .DESDFClockTest.Play Bell.UpSample
	at ptolemy.actor.sched.StaticSchedulingDirector.fire(StaticSchedulingDirector.java:227)
	at ptolemy.domains.sdf.kernel.SDFDirector.fire(SDFDirector.java:500)
	at ptolemy.actor.CompositeActor.fire(CompositeActor.java:455)
	at ptolemy.domains.de.kernel.DEDirector._fire(DEDirector.java:1949)
	at ptolemy.domains.de.kernel.DEDirector.fire(DEDirector.java:502)
	at ptolemy.actor.CompositeActor.fire(CompositeActor.java:455)
	at ptolemy.actor.Manager.iterate(Manager.java:851)
	at ptolemy.actor.Manager.execute(Manager.java:369)
	at ptolemy.actor.Manager.run(Manager.java:1263)
	at ptolemy.actor.Manager$PtolemyRunThread.run(Manager.java:1915)
java.lang.reflect.InvocationTargetException
	at sun.reflect.NativeConstructorAccessorImpl.newInstance0(Native Method)
	at sun.reflect.NativeConstructorAccessorImpl.newInstance(NativeConstructorAccessorImpl.java:62)
	at sun.reflect.DelegatingConstructorAccessorImpl.newInstance(DelegatingConstructorAccessorImpl.java:45)
	at java.lang.reflect.Constructor.newInstance(Constructor.java:423)
	at ptolemy.util.test.junit.AutoKnownFailedTests.RunModel(AutoKnownFailedTests.java:105)
	at sun.reflect.NativeMethodAccessorImpl.invoke0(Native Method)
	at sun.reflect.NativeMethodAccessorImpl.invoke(NativeMethodAccessorImpl.java:62)
	at sun.reflect.DelegatingMethodAccessorImpl.invoke(DelegatingMethodAccessorImpl.java:43)
	at java.lang.reflect.Method.invoke(Method.java:498)
	at org.junit.runners.model.FrameworkMethod$1.runReflectiveCall(FrameworkMethod.java:44)
	at org.junit.internal.runners.model.ReflectiveCallable.run(ReflectiveCallable.java:15)
	at org.junit.runners.model.FrameworkMethod.invokeExplosively(FrameworkMethod.java:41)
	at junitparams.internal.InvokeParameterisedMethod.evaluate(InvokeParameterisedMethod.java:102)
	at org.junit.internal.runners.statements.FailOnTimeout$1.run(FailOnTimeout.java:28)
Caused by: ptolemy.kernel.util.IllegalActionException: Actor is not ready to fire.  Perhaps UpSample.prefire() returned false? Try debugging the actor by selecting "Listen to Actor".  Also, for SDF check moml for tokenConsumptionRate on input.
  in .DESDFClockTest.Play Bell.Copy1:SDF Director and .DESDFClockTest.Play Bell.UpSample
	at ptolemy.actor.sched.StaticSchedulingDirector.fire(StaticSchedulingDirector.java:227)
	at ptolemy.domains.sdf.kernel.SDFDirector.fire(SDFDirector.java:500)
	at ptolemy.actor.CompositeActor.fire(CompositeActor.java:455)
	at ptolemy.domains.de.kernel.DEDirector._fire(DEDirector.java:1949)
	at ptolemy.domains.de.kernel.DEDirector.fire(DEDirector.java:502)
	at ptolemy.actor.CompositeActor.fire(CompositeActor.java:455)
	at ptolemy.actor.Manager.iterate(Manager.java:851)
	at ptolemy.actor.Manager.execute(Manager.java:369)
	at ptolemy.actor.Manager.run(Manager.java:1263)
	at ptolemy.actor.Manager$PtolemyRunThread.run(Manager.java:1915)
java.lang.RuntimeException: Execution failed
	at ptolemy.moml.MoMLSimpleApplication$UnloadThread.run(MoMLSimpleApplication.java:402)
Caused by: ptolemy.kernel.util.IllegalActionException: Test fails in iteration 1.
Value was: 1.0. Should have been: 2.0
  in .DirectFeedback.Test
	at ptolemy.actor.lib.Test.fire(Test.java:268)
	at ptolemy.domains.de.kernel.DEDirector._fire(DEDirector.java:1949)
	at ptolemy.domains.de.kernel.DEDirector.fire(DEDirector.java:502)
	at ptolemy.actor.CompositeActor.fire(CompositeActor.java:455)
	at ptolemy.actor.Manager.iterate(Manager.java:851)
	at ptolemy.actor.Manager.execute(Manager.java:369)
	at ptolemy.actor.Manager.run(Manager.java:1263)
	at ptolemy.actor.Manager$PtolemyRunThread.run(Manager.java:1915)
java.lang.reflect.InvocationTargetException
	at sun.reflect.NativeConstructorAccessorImpl.newInstance0(Native Method)
	at sun.reflect.NativeConstructorAccessorImpl.newInstance(NativeConstructorAccessorImpl.java:62)
	at sun.reflect.DelegatingConstructorAccessorImpl.newInstance(DelegatingConstructorAccessorImpl.java:45)
	at java.lang.reflect.Constructor.newInstance(Constructor.java:423)
	at ptolemy.util.test.junit.AutoKnownFailedTests.RunModel(AutoKnownFailedTests.java:105)
	at sun.reflect.NativeMethodAccessorImpl.invoke0(Native Method)
	at sun.reflect.NativeMethodAccessorImpl.invoke(NativeMethodAccessorImpl.java:62)
	at sun.reflect.DelegatingMethodAccessorImpl.invoke(DelegatingMethodAccessorImpl.java:43)
	at java.lang.reflect.Method.invoke(Method.java:498)
	at org.junit.runners.model.FrameworkMethod$1.runReflectiveCall(FrameworkMethod.java:44)
	at org.junit.internal.runners.model.ReflectiveCallable.run(ReflectiveCallable.java:15)
	at org.junit.runners.model.FrameworkMethod.invokeExplosively(FrameworkMethod.java:41)
	at junitparams.internal.InvokeParameterisedMethod.evaluate(InvokeParameterisedMethod.java:102)
	at org.junit.internal.runners.statements.FailOnTimeout$1.run(FailOnTimeout.java:28)
Caused by: ptolemy.kernel.util.IllegalActionException: Test fails in iteration 1.
Value was: 1.0. Should have been: 2.0
  in .DirectFeedback.Test
	at ptolemy.actor.lib.Test.fire(Test.java:268)
	at ptolemy.domains.de.kernel.DEDirector._fire(DEDirector.java:1949)
	at ptolemy.domains.de.kernel.DEDirector.fire(DEDirector.java:502)
	at ptolemy.actor.CompositeActor.fire(CompositeActor.java:455)
	at ptolemy.actor.Manager.iterate(Manager.java:851)
	at ptolemy.actor.Manager.execute(Manager.java:369)
	at ptolemy.actor.Manager.run(Manager.java:1263)
	at ptolemy.actor.Manager$PtolemyRunThread.run(Manager.java:1915)
java.lang.RuntimeException: Execution failed
	at ptolemy.moml.MoMLSimpleApplication$UnloadThread.run(MoMLSimpleApplication.java:402)
Caused by: ptolemy.kernel.util.IllegalActionException: Found a zero delay loop containing .HierarchicalModel.A
  in .HierarchicalModel and .HierarchicalModel.A
	at ptolemy.actor.util.CausalityInterfaceForComposites._computeOutputPortDepth(CausalityInterfaceForComposites.java:759)
	at ptolemy.actor.util.CausalityInterfaceForComposites._computeInputDepth(CausalityInterfaceForComposites.java:696)
	at ptolemy.actor.util.CausalityInterfaceForComposites._computeOutputPortDepth(CausalityInterfaceForComposites.java:765)
	at ptolemy.actor.util.CausalityInterfaceForComposites._computeInputDepth(CausalityInterfaceForComposites.java:696)
	at ptolemy.actor.util.CausalityInterfaceForComposites._computeOutputPortDepth(CausalityInterfaceForComposites.java:765)
	at ptolemy.actor.util.CausalityInterfaceForComposites._computeInputDepth(CausalityInterfaceForComposites.java:696)
	at ptolemy.actor.util.CausalityInterfaceForComposites._computeActorDepth(CausalityInterfaceForComposites.java:532)
	at ptolemy.actor.util.CausalityInterfaceForComposites.checkForCycles(CausalityInterfaceForComposites.java:96)
	at ptolemy.domains.de.kernel.DEDirector.preinitialize(DEDirector.java:1338)
	at ptolemy.actor.CompositeActor.preinitialize(CompositeActor.java:1828)
	at ptolemy.actor.Manager.preinitializeAndResolveTypes(Manager.java:1040)
	at ptolemy.actor.Manager.initialize(Manager.java:710)
	at ptolemy.actor.Manager.execute(Manager.java:356)
	at ptolemy.actor.Manager.run(Manager.java:1263)
	at ptolemy.actor.Manager$PtolemyRunThread.run(Manager.java:1915)
java.lang.reflect.InvocationTargetException
	at sun.reflect.NativeConstructorAccessorImpl.newInstance0(Native Method)
	at sun.reflect.NativeConstructorAccessorImpl.newInstance(NativeConstructorAccessorImpl.java:62)
	at sun.reflect.DelegatingConstructorAccessorImpl.newInstance(DelegatingConstructorAccessorImpl.java:45)
	at java.lang.reflect.Constructor.newInstance(Constructor.java:423)
	at ptolemy.util.test.junit.AutoKnownFailedTests.RunModel(AutoKnownFailedTests.java:105)
	at sun.reflect.NativeMethodAccessorImpl.invoke0(Native Method)
	at sun.reflect.NativeMethodAccessorImpl.invoke(NativeMethodAccessorImpl.java:62)
	at sun.reflect.DelegatingMethodAccessorImpl.invoke(DelegatingMethodAccessorImpl.java:43)
	at java.lang.reflect.Method.invoke(Method.java:498)
	at org.junit.runners.model.FrameworkMethod$1.runReflectiveCall(FrameworkMethod.java:44)
	at org.junit.internal.runners.model.ReflectiveCallable.run(ReflectiveCallable.java:15)
	at org.junit.runners.model.FrameworkMethod.invokeExplosively(FrameworkMethod.java:41)
	at junitparams.internal.InvokeParameterisedMethod.evaluate(InvokeParameterisedMethod.java:102)
	at org.junit.internal.runners.statements.FailOnTimeout$1.run(FailOnTimeout.java:28)
Caused by: ptolemy.kernel.util.IllegalActionException: Found a zero delay loop containing .HierarchicalModel.A
  in .HierarchicalModel and .HierarchicalModel.A
	at ptolemy.actor.util.CausalityInterfaceForComposites._computeOutputPortDepth(CausalityInterfaceForComposites.java:759)
	at ptolemy.actor.util.CausalityInterfaceForComposites._computeInputDepth(CausalityInterfaceForComposites.java:696)
	at ptolemy.actor.util.CausalityInterfaceForComposites._computeOutputPortDepth(CausalityInterfaceForComposites.java:765)
	at ptolemy.actor.util.CausalityInterfaceForComposites._computeInputDepth(CausalityInterfaceForComposites.java:696)
	at ptolemy.actor.util.CausalityInterfaceForComposites._computeOutputPortDepth(CausalityInterfaceForComposites.java:765)
	at ptolemy.actor.util.CausalityInterfaceForComposites._computeInputDepth(CausalityInterfaceForComposites.java:696)
	at ptolemy.actor.util.CausalityInterfaceForComposites._computeActorDepth(CausalityInterfaceForComposites.java:532)
	at ptolemy.actor.util.CausalityInterfaceForComposites.checkForCycles(CausalityInterfaceForComposites.java:96)
	at ptolemy.domains.de.kernel.DEDirector.preinitialize(DEDirector.java:1338)
	at ptolemy.actor.CompositeActor.preinitialize(CompositeActor.java:1828)
	at ptolemy.actor.Manager.preinitializeAndResolveTypes(Manager.java:1040)
	at ptolemy.actor.Manager.initialize(Manager.java:710)
	at ptolemy.actor.Manager.execute(Manager.java:356)
	at ptolemy.actor.Manager.run(Manager.java:1263)
	at ptolemy.actor.Manager$PtolemyRunThread.run(Manager.java:1915)
java.lang.RuntimeException: Execution failed
	at ptolemy.moml.MoMLSimpleApplication$UnloadThread.run(MoMLSimpleApplication.java:402)
Caused by: ptolemy.kernel.util.IllegalActionException: Found a zero delay loop containing .dependencyLoop.original
  in .dependencyLoop and .dependencyLoop.original
	at ptolemy.actor.util.CausalityInterfaceForComposites._computeOutputPortDepth(CausalityInterfaceForComposites.java:759)
	at ptolemy.actor.util.CausalityInterfaceForComposites._computeInputDepth(CausalityInterfaceForComposites.java:696)
	at ptolemy.actor.util.CausalityInterfaceForComposites._computeOutputPortDepth(CausalityInterfaceForComposites.java:765)
	at ptolemy.actor.util.CausalityInterfaceForComposites._computeInputDepth(CausalityInterfaceForComposites.java:696)
	at ptolemy.actor.util.CausalityInterfaceForComposites._computeOutputPortDepth(CausalityInterfaceForComposites.java:765)
	at ptolemy.actor.util.CausalityInterfaceForComposites._computeInputDepth(CausalityInterfaceForComposites.java:696)
	at ptolemy.actor.util.CausalityInterfaceForComposites._computeActorDepth(CausalityInterfaceForComposites.java:532)
	at ptolemy.actor.util.CausalityInterfaceForComposites.checkForCycles(CausalityInterfaceForComposites.java:96)
	at ptolemy.domains.de.kernel.DEDirector.preinitialize(DEDirector.java:1338)
	at ptolemy.actor.CompositeActor.preinitialize(CompositeActor.java:1828)
	at ptolemy.actor.Manager.preinitializeAndResolveTypes(Manager.java:1040)
	at ptolemy.actor.Manager.initialize(Manager.java:710)
	at ptolemy.actor.Manager.execute(Manager.java:356)
	at ptolemy.actor.Manager.run(Manager.java:1263)
	at ptolemy.actor.Manager$PtolemyRunThread.run(Manager.java:1915)
java.lang.reflect.InvocationTargetException
	at sun.reflect.NativeConstructorAccessorImpl.newInstance0(Native Method)
	at sun.reflect.NativeConstructorAccessorImpl.newInstance(NativeConstructorAccessorImpl.java:62)
	at sun.reflect.DelegatingConstructorAccessorImpl.newInstance(DelegatingConstructorAccessorImpl.java:45)
	at java.lang.reflect.Constructor.newInstance(Constructor.java:423)
	at ptolemy.util.test.junit.AutoKnownFailedTests.RunModel(AutoKnownFailedTests.java:105)
	at sun.reflect.NativeMethodAccessorImpl.invoke0(Native Method)
	at sun.reflect.NativeMethodAccessorImpl.invoke(NativeMethodAccessorImpl.java:62)
	at sun.reflect.DelegatingMethodAccessorImpl.invoke(DelegatingMethodAccessorImpl.java:43)
	at java.lang.reflect.Method.invoke(Method.java:498)
	at org.junit.runners.model.FrameworkMethod$1.runReflectiveCall(FrameworkMethod.java:44)
	at org.junit.internal.runners.model.ReflectiveCallable.run(ReflectiveCallable.java:15)
	at org.junit.runners.model.FrameworkMethod.invokeExplosively(FrameworkMethod.java:41)
	at junitparams.internal.InvokeParameterisedMethod.evaluate(InvokeParameterisedMethod.java:102)
	at org.junit.internal.runners.statements.FailOnTimeout$1.run(FailOnTimeout.java:28)
Caused by: ptolemy.kernel.util.IllegalActionException: Found a zero delay loop containing .dependencyLoop.original
  in .dependencyLoop and .dependencyLoop.original
	at ptolemy.actor.util.CausalityInterfaceForComposites._computeOutputPortDepth(CausalityInterfaceForComposites.java:759)
	at ptolemy.actor.util.CausalityInterfaceForComposites._computeInputDepth(CausalityInterfaceForComposites.java:696)
	at ptolemy.actor.util.CausalityInterfaceForComposites._computeOutputPortDepth(CausalityInterfaceForComposites.java:765)
	at ptolemy.actor.util.CausalityInterfaceForComposites._computeInputDepth(CausalityInterfaceForComposites.java:696)
	at ptolemy.actor.util.CausalityInterfaceForComposites._computeOutputPortDepth(CausalityInterfaceForComposites.java:765)
	at ptolemy.actor.util.CausalityInterfaceForComposites._computeInputDepth(CausalityInterfaceForComposites.java:696)
	at ptolemy.actor.util.CausalityInterfaceForComposites._computeActorDepth(CausalityInterfaceForComposites.java:532)
	at ptolemy.actor.util.CausalityInterfaceForComposites.checkForCycles(CausalityInterfaceForComposites.java:96)
	at ptolemy.domains.de.kernel.DEDirector.preinitialize(DEDirector.java:1338)
	at ptolemy.actor.CompositeActor.preinitialize(CompositeActor.java:1828)
	at ptolemy.actor.Manager.preinitializeAndResolveTypes(Manager.java:1040)
	at ptolemy.actor.Manager.initialize(Manager.java:710)
	at ptolemy.actor.Manager.execute(Manager.java:356)
	at ptolemy.actor.Manager.run(Manager.java:1263)
	at ptolemy.actor.Manager$PtolemyRunThread.run(Manager.java:1915)
java.lang.RuntimeException: Execution failed
	at ptolemy.moml.MoMLSimpleApplication$UnloadThread.run(MoMLSimpleApplication.java:402)
Caused by: ptolemy.kernel.util.IllegalActionException: Found a zero delay loop containing .dependencyLoop2.original
  in .dependencyLoop2 and .dependencyLoop2.original
	at ptolemy.actor.util.CausalityInterfaceForComposites._computeOutputPortDepth(CausalityInterfaceForComposites.java:759)
	at ptolemy.actor.util.CausalityInterfaceForComposites._computeInputDepth(CausalityInterfaceForComposites.java:696)
	at ptolemy.actor.util.CausalityInterfaceForComposites._computeOutputPortDepth(CausalityInterfaceForComposites.java:765)
	at ptolemy.actor.util.CausalityInterfaceForComposites._computeInputDepth(CausalityInterfaceForComposites.java:696)
	at ptolemy.actor.util.CausalityInterfaceForComposites._computeOutputPortDepth(CausalityInterfaceForComposites.java:765)
	at ptolemy.actor.util.CausalityInterfaceForComposites._computeInputDepth(CausalityInterfaceForComposites.java:696)
	at ptolemy.actor.util.CausalityInterfaceForComposites._computeActorDepth(CausalityInterfaceForComposites.java:532)
	at ptolemy.actor.util.CausalityInterfaceForComposites.checkForCycles(CausalityInterfaceForComposites.java:96)
	at ptolemy.domains.de.kernel.DEDirector.preinitialize(DEDirector.java:1338)
	at ptolemy.actor.CompositeActor.preinitialize(CompositeActor.java:1828)
	at ptolemy.actor.Manager.preinitializeAndResolveTypes(Manager.java:1040)
	at ptolemy.actor.Manager.initialize(Manager.java:710)
	at ptolemy.actor.Manager.execute(Manager.java:356)
	at ptolemy.actor.Manager.run(Manager.java:1263)
	at ptolemy.actor.Manager$PtolemyRunThread.run(Manager.java:1915)
java.lang.reflect.InvocationTargetException
	at sun.reflect.NativeConstructorAccessorImpl.newInstance0(Native Method)
	at sun.reflect.NativeConstructorAccessorImpl.newInstance(NativeConstructorAccessorImpl.java:62)
	at sun.reflect.DelegatingConstructorAccessorImpl.newInstance(DelegatingConstructorAccessorImpl.java:45)
	at java.lang.reflect.Constructor.newInstance(Constructor.java:423)
	at ptolemy.util.test.junit.AutoKnownFailedTests.RunModel(AutoKnownFailedTests.java:105)
	at sun.reflect.NativeMethodAccessorImpl.invoke0(Native Method)
	at sun.reflect.NativeMethodAccessorImpl.invoke(NativeMethodAccessorImpl.java:62)
	at sun.reflect.DelegatingMethodAccessorImpl.invoke(DelegatingMethodAccessorImpl.java:43)
	at java.lang.reflect.Method.invoke(Method.java:498)
	at org.junit.runners.model.FrameworkMethod$1.runReflectiveCall(FrameworkMethod.java:44)
	at org.junit.internal.runners.model.ReflectiveCallable.run(ReflectiveCallable.java:15)
	at org.junit.runners.model.FrameworkMethod.invokeExplosively(FrameworkMethod.java:41)
	at junitparams.internal.InvokeParameterisedMethod.evaluate(InvokeParameterisedMethod.java:102)
	at org.junit.internal.runners.statements.FailOnTimeout$1.run(FailOnTimeout.java:28)
Caused by: ptolemy.kernel.util.IllegalActionException: Found a zero delay loop containing .dependencyLoop2.original
  in .dependencyLoop2 and .dependencyLoop2.original
	at ptolemy.actor.util.CausalityInterfaceForComposites._computeOutputPortDepth(CausalityInterfaceForComposites.java:759)
	at ptolemy.actor.util.CausalityInterfaceForComposites._computeInputDepth(CausalityInterfaceForComposites.java:696)
	at ptolemy.actor.util.CausalityInterfaceForComposites._computeOutputPortDepth(CausalityInterfaceForComposites.java:765)
	at ptolemy.actor.util.CausalityInterfaceForComposites._computeInputDepth(CausalityInterfaceForComposites.java:696)
	at ptolemy.actor.util.CausalityInterfaceForComposites._computeOutputPortDepth(CausalityInterfaceForComposites.java:765)
	at ptolemy.actor.util.CausalityInterfaceForComposites._computeInputDepth(CausalityInterfaceForComposites.java:696)
	at ptolemy.actor.util.CausalityInterfaceForComposites._computeActorDepth(CausalityInterfaceForComposites.java:532)
	at ptolemy.actor.util.CausalityInterfaceForComposites.checkForCycles(CausalityInterfaceForComposites.java:96)
	at ptolemy.domains.de.kernel.DEDirector.preinitialize(DEDirector.java:1338)
	at ptolemy.actor.CompositeActor.preinitialize(CompositeActor.java:1828)
	at ptolemy.actor.Manager.preinitializeAndResolveTypes(Manager.java:1040)
	at ptolemy.actor.Manager.initialize(Manager.java:710)
	at ptolemy.actor.Manager.execute(Manager.java:356)
	at ptolemy.actor.Manager.run(Manager.java:1263)
	at ptolemy.actor.Manager$PtolemyRunThread.run(Manager.java:1915)
]]></system-err>
</testsuite>
