<?xml version="1.0" encoding="UTF-8" ?>
<testsuite errors="0" failures="0" hostname="travis-job-518f23fb-b39e-49e5-974e-0fb5f4471e97" name="ptolemy.domains.continuous.test.junit.JUnitTclTest" skipped="0" tests="156" time="76.766" timestamp="2018-11-18T02:46:42">
  <properties>
[...]
</properties>
  <testcase classname="ptolemy.util.test.junit.TclTests" name="[0] ThereAreNoTclTests (RunTclFile)" time="0.001" />
  <testcase classname="ptolemy.util.test.junit.AutoKnownFailedTests" name="[0] ThereAreNoKnowFailedTests (RunModel)" time="0.001" />
  <testcase classname="ptolemy.util.test.junit.AutoNameArchTests" name="[0] ThereAreNoAutoArchTests (RunModel)" time="0.004" />
  <testcase classname="ptolemy.util.test.junit.AutoTests" name="[0] /home/travis/build/icyphy/ptII/ptolemy/domains/continuous/test/auto/BouncingBall.xml (RunModel)" time="2.822" />
  <testcase classname="ptolemy.util.test.junit.AutoTests" name="[1] /home/travis/build/icyphy/ptII/ptolemy/domains/continuous/test/auto/BouncingBallWithoutGR.xml (RunModel)" time="0.848" />
  <testcase classname="ptolemy.util.test.junit.AutoTests" name="[2] /home/travis/build/icyphy/ptII/ptolemy/domains/continuous/test/auto/Brownian.xml (RunModel)" time="0.088" />
  <testcase classname="ptolemy.util.test.junit.AutoTests" name="[3] /home/travis/build/icyphy/ptII/ptolemy/domains/continuous/test/auto/CarTracking.xml (RunModel)" time="4.284" />
  <testcase classname="ptolemy.util.test.junit.AutoTests" name="[4] /home/travis/build/icyphy/ptII/ptolemy/domains/continuous/test/auto/CartPendulum.xml (RunModel)" time="0.641" />
  <testcase classname="ptolemy.util.test.junit.AutoTests" name="[5] /home/travis/build/icyphy/ptII/ptolemy/domains/continuous/test/auto/CausalityInterface10.xml (RunModel)" time="0.077" />
  <testcase classname="ptolemy.util.test.junit.AutoTests" name="[6] /home/travis/build/icyphy/ptII/ptolemy/domains/continuous/test/auto/CausalityInterface11.xml (RunModel)" time="0.043" />
  <testcase classname="ptolemy.util.test.junit.AutoTests" name="[7] /home/travis/build/icyphy/ptII/ptolemy/domains/continuous/test/auto/CausalityInterface12.xml (RunModel)" time="0.041" />
  <testcase classname="ptolemy.util.test.junit.AutoTests" name="[8] /home/travis/build/icyphy/ptII/ptolemy/domains/continuous/test/auto/CausalityInterface13.xml (RunModel)" time="0.039" />
  <testcase classname="ptolemy.util.test.junit.AutoTests" name="[9] /home/travis/build/icyphy/ptII/ptolemy/domains/continuous/test/auto/CausalityInterface14.xml (RunModel)" time="0.034" />
  <testcase classname="ptolemy.util.test.junit.AutoTests" name="[10] /home/travis/build/icyphy/ptII/ptolemy/domains/continuous/test/auto/CausalityInterface4.xml (RunModel)" time="0.038" />
  <testcase classname="ptolemy.util.test.junit.AutoTests" name="[11] /home/travis/build/icyphy/ptII/ptolemy/domains/continuous/test/auto/CausalityInterface5.xml (RunModel)" time="0.046" />
  <testcase classname="ptolemy.util.test.junit.AutoTests" name="[12] /home/travis/build/icyphy/ptII/ptolemy/domains/continuous/test/auto/CausalityInterface6.xml (RunModel)" time="0.039" />
  <testcase classname="ptolemy.util.test.junit.AutoTests" name="[13] /home/travis/build/icyphy/ptII/ptolemy/domains/continuous/test/auto/CausalityInterface7.xml (RunModel)" time="0.05" />
  <testcase classname="ptolemy.util.test.junit.AutoTests" name="[14] /home/travis/build/icyphy/ptII/ptolemy/domains/continuous/test/auto/CausalityInterface8.xml (RunModel)" time="0.044" />
  <testcase classname="ptolemy.util.test.junit.AutoTests" name="[15] /home/travis/build/icyphy/ptII/ptolemy/domains/continuous/test/auto/CausalityInterface9.xml (RunModel)" time="0.052" />
  <testcase classname="ptolemy.util.test.junit.AutoTests" name="[16] /home/travis/build/icyphy/ptII/ptolemy/domains/continuous/test/auto/CausalityInterfaceFeedback1.xml (RunModel)" time="0.039" />
  <testcase classname="ptolemy.util.test.junit.AutoTests" name="[17] /home/travis/build/icyphy/ptII/ptolemy/domains/continuous/test/auto/CausalityInterfaceFeedback2.xml (RunModel)" time="0.034" />
  <testcase classname="ptolemy.util.test.junit.AutoTests" name="[18] /home/travis/build/icyphy/ptII/ptolemy/domains/continuous/test/auto/CompareWithCurrentTime.xml (RunModel)" time="0.028" />
  <testcase classname="ptolemy.util.test.junit.AutoTests" name="[19] /home/travis/build/icyphy/ptII/ptolemy/domains/continuous/test/auto/ComparedClocks.xml (RunModel)" time="0.09" />
  <testcase classname="ptolemy.util.test.junit.AutoTests" name="[20] /home/travis/build/icyphy/ptII/ptolemy/domains/continuous/test/auto/ContinuousAOCClone.xml (RunModel)" time="3.127" />
  <testcase classname="ptolemy.util.test.junit.AutoTests" name="[21] /home/travis/build/icyphy/ptII/ptolemy/domains/continuous/test/auto/ContinuousClock.xml (RunModel)" time="0.108" />
  <testcase classname="ptolemy.util.test.junit.AutoTests" name="[22] /home/travis/build/icyphy/ptII/ptolemy/domains/continuous/test/auto/ContinuousInContinuous.xml (RunModel)" time="0.096" />
  <testcase classname="ptolemy.util.test.junit.AutoTests" name="[23] /home/travis/build/icyphy/ptII/ptolemy/domains/continuous/test/auto/ContinuousInContinuousInContinuous.xml (RunModel)" time="0.032" />
  <testcase classname="ptolemy.util.test.junit.AutoTests" name="[24] /home/travis/build/icyphy/ptII/ptolemy/domains/continuous/test/auto/ContinuousInDE.xml (RunModel)" time="0.145" />
  <testcase classname="ptolemy.util.test.junit.AutoTests" name="[25] /home/travis/build/icyphy/ptII/ptolemy/domains/continuous/test/auto/ContinuousInDE2.xml (RunModel)" time="0.059" />
  <testcase classname="ptolemy.util.test.junit.AutoTests" name="[26] /home/travis/build/icyphy/ptII/ptolemy/domains/continuous/test/auto/ContinuousInDE3.xml (RunModel)" time="0.064" />
  <testcase classname="ptolemy.util.test.junit.AutoTests" name="[27] /home/travis/build/icyphy/ptII/ptolemy/domains/continuous/test/auto/ContinuousInDE4.xml (RunModel)" time="0.038" />
  <testcase classname="ptolemy.util.test.junit.AutoTests" name="[28] /home/travis/build/icyphy/ptII/ptolemy/domains/continuous/test/auto/ContinuousInDEDifferentRefinements.xml (RunModel)" time="0.121" />
  <testcase classname="ptolemy.util.test.junit.AutoTests" name="[29] /home/travis/build/icyphy/ptII/ptolemy/domains/continuous/test/auto/ContinuousInDEDifferentRefinementsPreemptive.xml (RunModel)" time="0.099" />
  <testcase classname="ptolemy.util.test.junit.AutoTests" name="[30] /home/travis/build/icyphy/ptII/ptolemy/domains/continuous/test/auto/ContinuousInDEInContinuous2.xml (RunModel)" time="0.066" />
  <testcase classname="ptolemy.util.test.junit.AutoTests" name="[31] /home/travis/build/icyphy/ptII/ptolemy/domains/continuous/test/auto/ContinuousInDEInContinuous3.xml (RunModel)" time="0.065" />
  <testcase classname="ptolemy.util.test.junit.AutoTests" name="[32] /home/travis/build/icyphy/ptII/ptolemy/domains/continuous/test/auto/ContinuousInDEInput.xml (RunModel)" time="0.037" />
  <testcase classname="ptolemy.util.test.junit.AutoTests" name="[33] /home/travis/build/icyphy/ptII/ptolemy/domains/continuous/test/auto/ContinuousInDEInput2.xml (RunModel)" time="0.044" />
  <testcase classname="ptolemy.util.test.junit.AutoTests" name="[34] /home/travis/build/icyphy/ptII/ptolemy/domains/continuous/test/auto/ContinuousInDEInput3.xml (RunModel)" time="0.035" />
  <testcase classname="ptolemy.util.test.junit.AutoTests" name="[35] /home/travis/build/icyphy/ptII/ptolemy/domains/continuous/test/auto/ContinuousInDESharingRefinement.xml (RunModel)" time="0.193" />
  <testcase classname="ptolemy.util.test.junit.AutoTests" name="[36] /home/travis/build/icyphy/ptII/ptolemy/domains/continuous/test/auto/ContinuousInDEwithNoPorts.xml (RunModel)" time="0.021" />
  <testcase classname="ptolemy.util.test.junit.AutoTests" name="[37] /home/travis/build/icyphy/ptII/ptolemy/domains/continuous/test/auto/ContinuousInsideDE.xml (RunModel)" time="0.092" />
  <testcase classname="ptolemy.util.test.junit.AutoTests" name="[38] /home/travis/build/icyphy/ptII/ptolemy/domains/continuous/test/auto/ContinuousMerge1.xml (RunModel)" time="0.015" />
  <testcase classname="ptolemy.util.test.junit.AutoTests" name="[39] /home/travis/build/icyphy/ptII/ptolemy/domains/continuous/test/auto/ContinuousMerge2.xml (RunModel)" time="0.056" />
  <testcase classname="ptolemy.util.test.junit.AutoTests" name="[40] /home/travis/build/icyphy/ptII/ptolemy/domains/continuous/test/auto/ContinuousMerge3.xml (RunModel)" time="0.082" />
  <testcase classname="ptolemy.util.test.junit.AutoTests" name="[41] /home/travis/build/icyphy/ptII/ptolemy/domains/continuous/test/auto/ContinuousWithinContinuous.xml (RunModel)" time="0.062" />
  <testcase classname="ptolemy.util.test.junit.AutoTests" name="[42] /home/travis/build/icyphy/ptII/ptolemy/domains/continuous/test/auto/ContinuousWithinContinuous2.xml (RunModel)" time="0.099" />
  <testcase classname="ptolemy.util.test.junit.AutoTests" name="[43] /home/travis/build/icyphy/ptII/ptolemy/domains/continuous/test/auto/ContinuousWithinContinuous3.xml (RunModel)" time="0.041" />
  <testcase classname="ptolemy.util.test.junit.AutoTests" name="[44] /home/travis/build/icyphy/ptII/ptolemy/domains/continuous/test/auto/ContinuousWithinContinuous4.xml (RunModel)" time="0.088" />
  <testcase classname="ptolemy.util.test.junit.AutoTests" name="[45] /home/travis/build/icyphy/ptII/ptolemy/domains/continuous/test/auto/ContinuousWithinContinuous5.xml (RunModel)" time="0.033" />
  <testcase classname="ptolemy.util.test.junit.AutoTests" name="[46] /home/travis/build/icyphy/ptII/ptolemy/domains/continuous/test/auto/ContinuousWithinContinuous6.xml (RunModel)" time="0.033" />
  <testcase classname="ptolemy.util.test.junit.AutoTests" name="[47] /home/travis/build/icyphy/ptII/ptolemy/domains/continuous/test/auto/ContinuousWithinContinuous7.xml (RunModel)" time="0.105" />
  <testcase classname="ptolemy.util.test.junit.AutoTests" name="[48] /home/travis/build/icyphy/ptII/ptolemy/domains/continuous/test/auto/DCMotor.xml (RunModel)" time="15.314" />
  <testcase classname="ptolemy.util.test.junit.AutoTests" name="[49] /home/travis/build/icyphy/ptII/ptolemy/domains/continuous/test/auto/DEInContinuous.xml (RunModel)" time="0.028" />
  <testcase classname="ptolemy.util.test.junit.AutoTests" name="[50] /home/travis/build/icyphy/ptII/ptolemy/domains/continuous/test/auto/DEinContinuous2.xml (RunModel)" time="0.025" />
  <testcase classname="ptolemy.util.test.junit.AutoTests" name="[51] /home/travis/build/icyphy/ptII/ptolemy/domains/continuous/test/auto/Derivative.xml (RunModel)" time="0.197" />
  <testcase classname="ptolemy.util.test.junit.AutoTests" name="[52] /home/travis/build/icyphy/ptII/ptolemy/domains/continuous/test/auto/Derivative1.xml (RunModel)" time="0.046" />
  <testcase classname="ptolemy.util.test.junit.AutoTests" name="[53] /home/travis/build/icyphy/ptII/ptolemy/domains/continuous/test/auto/DiscreteClock.xml (RunModel)" time="0.02" />
  <testcase classname="ptolemy.util.test.junit.AutoTests" name="[54] /home/travis/build/icyphy/ptII/ptolemy/domains/continuous/test/auto/EfficiencyCurve.xml (RunModel)" time="0.107" />
  <testcase classname="ptolemy.util.test.junit.AutoTests" name="[55] /home/travis/build/icyphy/ptII/ptolemy/domains/continuous/test/auto/ExponentialResponse.xml (RunModel)" time="0.124" />
  <testcase classname="ptolemy.util.test.junit.AutoTests" name="[56] /home/travis/build/icyphy/ptII/ptolemy/domains/continuous/test/auto/ExponentialResponseRK45.xml (RunModel)" time="0.034" />
  <testcase classname="ptolemy.util.test.junit.AutoTests" name="[57] /home/travis/build/icyphy/ptII/ptolemy/domains/continuous/test/auto/Friction.xml (RunModel)" time="1.388" />
  <testcase classname="ptolemy.util.test.junit.AutoTests" name="[58] /home/travis/build/icyphy/ptII/ptolemy/domains/continuous/test/auto/FurutaPendulum.xml (RunModel)" time="3.731" />
  <testcase classname="ptolemy.util.test.junit.AutoTests" name="[59] /home/travis/build/icyphy/ptII/ptolemy/domains/continuous/test/auto/HierarchicalExecution.xml (RunModel)" time="2.305" />
  <testcase classname="ptolemy.util.test.junit.AutoTests" name="[60] /home/travis/build/icyphy/ptII/ptolemy/domains/continuous/test/auto/HybridPlant.xml (RunModel)" time="0.583" />
  <testcase classname="ptolemy.util.test.junit.AutoTests" name="[61] /home/travis/build/icyphy/ptII/ptolemy/domains/continuous/test/auto/Hysteresis.xml (RunModel)" time="0.212" />
  <testcase classname="ptolemy.util.test.junit.AutoTests" name="[62] /home/travis/build/icyphy/ptII/ptolemy/domains/continuous/test/auto/HysteresisWithRandomDelay.xml (RunModel)" time="0.221" />
  <testcase classname="ptolemy.util.test.junit.AutoTests" name="[63] /home/travis/build/icyphy/ptII/ptolemy/domains/continuous/test/auto/HysteresisWithRandomLosses.xml (RunModel)" time="2.361" />
  <testcase classname="ptolemy.util.test.junit.AutoTests" name="[64] /home/travis/build/icyphy/ptII/ptolemy/domains/continuous/test/auto/ImmediateTransitions.xml (RunModel)" time="0.03" />
  <testcase classname="ptolemy.util.test.junit.AutoTests" name="[65] /home/travis/build/icyphy/ptII/ptolemy/domains/continuous/test/auto/ImpulseFeedback.xml (RunModel)" time="0.042" />
  <testcase classname="ptolemy.util.test.junit.AutoTests" name="[66] /home/travis/build/icyphy/ptII/ptolemy/domains/continuous/test/auto/ImpulseFeedback2.xml (RunModel)" time="0.022" />
  <testcase classname="ptolemy.util.test.junit.AutoTests" name="[67] /home/travis/build/icyphy/ptII/ptolemy/domains/continuous/test/auto/IncreasingRatePoisson.xml (RunModel)" time="0.759" />
  <testcase classname="ptolemy.util.test.junit.AutoTests" name="[68] /home/travis/build/icyphy/ptII/ptolemy/domains/continuous/test/auto/InitialStateFeedback.xml (RunModel)" time="0.018" />
  <testcase classname="ptolemy.util.test.junit.AutoTests" name="[69] /home/travis/build/icyphy/ptII/ptolemy/domains/continuous/test/auto/Integration.xml (RunModel)" time="0.012" />
  <testcase classname="ptolemy.util.test.junit.AutoTests" name="[70] /home/travis/build/icyphy/ptII/ptolemy/domains/continuous/test/auto/Integration2.xml (RunModel)" time="0.09" />
  <testcase classname="ptolemy.util.test.junit.AutoTests" name="[71] /home/travis/build/icyphy/ptII/ptolemy/domains/continuous/test/auto/Integration3.xml (RunModel)" time="0.015" />
  <testcase classname="ptolemy.util.test.junit.AutoTests" name="[72] /home/travis/build/icyphy/ptII/ptolemy/domains/continuous/test/auto/Integration5.xml (RunModel)" time="0.021" />
  <testcase classname="ptolemy.util.test.junit.AutoTests" name="[73] /home/travis/build/icyphy/ptII/ptolemy/domains/continuous/test/auto/IntegratorImpulse.xml (RunModel)" time="0.012" />
  <testcase classname="ptolemy.util.test.junit.AutoTests" name="[74] /home/travis/build/icyphy/ptII/ptolemy/domains/continuous/test/auto/IntegratorImpulse2.xml (RunModel)" time="0.012" />
  <testcase classname="ptolemy.util.test.junit.AutoTests" name="[75] /home/travis/build/icyphy/ptII/ptolemy/domains/continuous/test/auto/LevelCrossing1.xml (RunModel)" time="0.012" />
  <testcase classname="ptolemy.util.test.junit.AutoTests" name="[76] /home/travis/build/icyphy/ptII/ptolemy/domains/continuous/test/auto/LevelCrossing2.xml (RunModel)" time="0.021" />
  <testcase classname="ptolemy.util.test.junit.AutoTests" name="[77] /home/travis/build/icyphy/ptII/ptolemy/domains/continuous/test/auto/LevelCrossing3.xml (RunModel)" time="0.013" />
  <testcase classname="ptolemy.util.test.junit.AutoTests" name="[78] /home/travis/build/icyphy/ptII/ptolemy/domains/continuous/test/auto/LevelCrossing4.xml (RunModel)" time="0.022" />
  <testcase classname="ptolemy.util.test.junit.AutoTests" name="[79] /home/travis/build/icyphy/ptII/ptolemy/domains/continuous/test/auto/LevelCrossing5.xml (RunModel)" time="0.015" />
  <testcase classname="ptolemy.util.test.junit.AutoTests" name="[80] /home/travis/build/icyphy/ptII/ptolemy/domains/continuous/test/auto/LevelCrossing6.xml (RunModel)" time="0.015" />
  <testcase classname="ptolemy.util.test.junit.AutoTests" name="[81] /home/travis/build/icyphy/ptII/ptolemy/domains/continuous/test/auto/LevelCrossingDetector.xml (RunModel)" time="0.047" />
  <testcase classname="ptolemy.util.test.junit.AutoTests" name="[82] /home/travis/build/icyphy/ptII/ptolemy/domains/continuous/test/auto/LevelCrossingDetectorDetectingDirections.xml (RunModel)" time="0.079" />
  <testcase classname="ptolemy.util.test.junit.AutoTests" name="[83] /home/travis/build/icyphy/ptII/ptolemy/domains/continuous/test/auto/LevelCrossingDetectorDetectsGlitches.xml (RunModel)" time="0.067" />
  <testcase classname="ptolemy.util.test.junit.AutoTests" name="[84] /home/travis/build/icyphy/ptII/ptolemy/domains/continuous/test/auto/LevelCrossingNoInitialOuput.xml (RunModel)" time="0.013" />
  <testcase classname="ptolemy.util.test.junit.AutoTests" name="[85] /home/travis/build/icyphy/ptII/ptolemy/domains/continuous/test/auto/LinearStateSpaceExample.xml (RunModel)" time="0.041" />
  <testcase classname="ptolemy.util.test.junit.AutoTests" name="[86] /home/travis/build/icyphy/ptII/ptolemy/domains/continuous/test/auto/Lorenz.xml (RunModel)" time="3.97" />
  <testcase classname="ptolemy.util.test.junit.AutoTests" name="[87] /home/travis/build/icyphy/ptII/ptolemy/domains/continuous/test/auto/LorenzDifferentialSystem.xml (RunModel)" time="1.153" />
  <testcase classname="ptolemy.util.test.junit.AutoTests" name="[88] /home/travis/build/icyphy/ptII/ptolemy/domains/continuous/test/auto/LorenzDifferentialSystemWithInput.xml (RunModel)" time="1.436" />
  <testcase classname="ptolemy.util.test.junit.AutoTests" name="[89] /home/travis/build/icyphy/ptII/ptolemy/domains/continuous/test/auto/LorenzDifferentialSystemWithTime.xml (RunModel)" time="0.754" />
  <testcase classname="ptolemy.util.test.junit.AutoTests" name="[90] /home/travis/build/icyphy/ptII/ptolemy/domains/continuous/test/auto/Microsteps.xml (RunModel)" time="0.036" />
  <testcase classname="ptolemy.util.test.junit.AutoTests" name="[91] /home/travis/build/icyphy/ptII/ptolemy/domains/continuous/test/auto/Modal1.xml (RunModel)" time="0.05" />
  <testcase classname="ptolemy.util.test.junit.AutoTests" name="[92] /home/travis/build/icyphy/ptII/ptolemy/domains/continuous/test/auto/Modal2.xml (RunModel)" time="0.046" />
  <testcase classname="ptolemy.util.test.junit.AutoTests" name="[93] /home/travis/build/icyphy/ptII/ptolemy/domains/continuous/test/auto/ModalTransitionGuardWithReset.xml (RunModel)" time="0.022" />
  <testcase classname="ptolemy.util.test.junit.AutoTests" name="[94] /home/travis/build/icyphy/ptII/ptolemy/domains/continuous/test/auto/ModalTransitionGuardWithResetUsingPreemptiveTransition.xml (RunModel)" time="0.036" />
  <testcase classname="ptolemy.util.test.junit.AutoTests" name="[95] /home/travis/build/icyphy/ptII/ptolemy/domains/continuous/test/auto/ModalTransitionGuardWithResetUsingPreemptiveTransition2.xml (RunModel)" time="0.035" />
  <testcase classname="ptolemy.util.test.junit.AutoTests" name="[96] /home/travis/build/icyphy/ptII/ptolemy/domains/continuous/test/auto/ModalTransitionGuardWithResetUsingPreemptiveTransition3.xml (RunModel)" time="0.036" />
  <testcase classname="ptolemy.util.test.junit.AutoTests" name="[97] /home/travis/build/icyphy/ptII/ptolemy/domains/continuous/test/auto/NewtonsCradle.xml (RunModel)" time="0.86" />
  <testcase classname="ptolemy.util.test.junit.AutoTests" name="[98] /home/travis/build/icyphy/ptII/ptolemy/domains/continuous/test/auto/NewtonsCradleAnimated.xml (RunModel)" time="1.178" />
  <testcase classname="ptolemy.util.test.junit.AutoTests" name="[99] /home/travis/build/icyphy/ptII/ptolemy/domains/continuous/test/auto/NewtonsCradleComplicated.xml (RunModel)" time="0.897" />
  <testcase classname="ptolemy.util.test.junit.AutoTests" name="[100] /home/travis/build/icyphy/ptII/ptolemy/domains/continuous/test/auto/NewtonsCradleNondeterministic.xml (RunModel)" time="0.633" />
  <testcase classname="ptolemy.util.test.junit.AutoTests" name="[101] /home/travis/build/icyphy/ptII/ptolemy/domains/continuous/test/auto/NewtonsCradlePerfectlyInelastic1.xml (RunModel)" time="1.202" />
  <testcase classname="ptolemy.util.test.junit.AutoTests" name="[102] /home/travis/build/icyphy/ptII/ptolemy/domains/continuous/test/auto/Noise.xml (RunModel)" time="0.166" />
  <testcase classname="ptolemy.util.test.junit.AutoTests" name="[103] /home/travis/build/icyphy/ptII/ptolemy/domains/continuous/test/auto/NoiseSpectrum.xml (RunModel)" time="0.778" />
  <testcase classname="ptolemy.util.test.junit.AutoTests" name="[104] /home/travis/build/icyphy/ptII/ptolemy/domains/continuous/test/auto/ParameterizedNewtonsCradleAnimated.xml (RunModel)" time="0.395" />
  <testcase classname="ptolemy.util.test.junit.AutoTests" name="[105] /home/travis/build/icyphy/ptII/ptolemy/domains/continuous/test/auto/ParameterizedNewtonsCradleAnimatedNondeterministic.xml (RunModel)" time="1.147" />
  <testcase classname="ptolemy.util.test.junit.AutoTests" name="[106] /home/travis/build/icyphy/ptII/ptolemy/domains/continuous/test/auto/Pendulum3D.xml (RunModel)" time="0.171" />
  <testcase classname="ptolemy.util.test.junit.AutoTests" name="[107] /home/travis/build/icyphy/ptII/ptolemy/domains/continuous/test/auto/PeriodicSampler.xml (RunModel)" time="0.011" />
  <testcase classname="ptolemy.util.test.junit.AutoTests" name="[108] /home/travis/build/icyphy/ptII/ptolemy/domains/continuous/test/auto/PeriodicSampler1.xml (RunModel)" time="0.041" />
  <testcase classname="ptolemy.util.test.junit.AutoTests" name="[109] /home/travis/build/icyphy/ptII/ptolemy/domains/continuous/test/auto/PeriodicSampler2.xml (RunModel)" time="0.066" />
  <testcase classname="ptolemy.util.test.junit.AutoTests" name="[110] /home/travis/build/icyphy/ptII/ptolemy/domains/continuous/test/auto/Poisson.xml (RunModel)" time="0.447" />
  <testcase classname="ptolemy.util.test.junit.AutoTests" name="[111] /home/travis/build/icyphy/ptII/ptolemy/domains/continuous/test/auto/PoissonClock.xml (RunModel)" time="0.012" />
  <testcase classname="ptolemy.util.test.junit.AutoTests" name="[112] /home/travis/build/icyphy/ptII/ptolemy/domains/continuous/test/auto/PoissonClock2.xml (RunModel)" time="0.014" />
  <testcase classname="ptolemy.util.test.junit.AutoTests" name="[113] /home/travis/build/icyphy/ptII/ptolemy/domains/continuous/test/auto/PortParameterHierarchy.xml (RunModel)" time="0.017" />
  <testcase classname="ptolemy.util.test.junit.AutoTests" name="[114] /home/travis/build/icyphy/ptII/ptolemy/domains/continuous/test/auto/RandomHybridPlant.xml (RunModel)" time="0.545" />
  <testcase classname="ptolemy.util.test.junit.AutoTests" name="[115] /home/travis/build/icyphy/ptII/ptolemy/domains/continuous/test/auto/ResetTransitionWithStartTime1.xml (RunModel)" time="0.036" />
  <testcase classname="ptolemy.util.test.junit.AutoTests" name="[116] /home/travis/build/icyphy/ptII/ptolemy/domains/continuous/test/auto/ResetTransitionWithStartTime2.xml (RunModel)" time="0.034" />
  <testcase classname="ptolemy.util.test.junit.AutoTests" name="[117] /home/travis/build/icyphy/ptII/ptolemy/domains/continuous/test/auto/ResetTransitionWithStartTime3.xml (RunModel)" time="0.039" />
  <testcase classname="ptolemy.util.test.junit.AutoTests" name="[118] /home/travis/build/icyphy/ptII/ptolemy/domains/continuous/test/auto/ResetTransitionWithStartTime4.xml (RunModel)" time="0.024" />
  <testcase classname="ptolemy.util.test.junit.AutoTests" name="[119] /home/travis/build/icyphy/ptII/ptolemy/domains/continuous/test/auto/ResetTransitionWithStartTime5.xml (RunModel)" time="0.036" />
  <testcase classname="ptolemy.util.test.junit.AutoTests" name="[120] /home/travis/build/icyphy/ptII/ptolemy/domains/continuous/test/auto/ResetTransitionWithStartTime6.xml (RunModel)" time="0.023" />
  <testcase classname="ptolemy.util.test.junit.AutoTests" name="[121] /home/travis/build/icyphy/ptII/ptolemy/domains/continuous/test/auto/SRinContinuous.xml (RunModel)" time="0.028" />
  <testcase classname="ptolemy.util.test.junit.AutoTests" name="[122] /home/travis/build/icyphy/ptII/ptolemy/domains/continuous/test/auto/SampledClocks.xml (RunModel)" time="0.027" />
  <testcase classname="ptolemy.util.test.junit.AutoTests" name="[123] /home/travis/build/icyphy/ptII/ptolemy/domains/continuous/test/auto/Satellite.xml (RunModel)" time="0.878" />
  <testcase classname="ptolemy.util.test.junit.AutoTests" name="[124] /home/travis/build/icyphy/ptII/ptolemy/domains/continuous/test/auto/SigmaDelta.xml (RunModel)" time="2.35" />
  <testcase classname="ptolemy.util.test.junit.AutoTests" name="[125] /home/travis/build/icyphy/ptII/ptolemy/domains/continuous/test/auto/SingleRefinement.xml (RunModel)" time="0.412" />
  <testcase classname="ptolemy.util.test.junit.AutoTests" name="[126] /home/travis/build/icyphy/ptII/ptolemy/domains/continuous/test/auto/SinuBouncingBall.xml (RunModel)" time="0.816" />
  <testcase classname="ptolemy.util.test.junit.AutoTests" name="[127] /home/travis/build/icyphy/ptII/ptolemy/domains/continuous/test/auto/Sinusoid.xml (RunModel)" time="0.017" />
  <testcase classname="ptolemy.util.test.junit.AutoTests" name="[128] /home/travis/build/icyphy/ptII/ptolemy/domains/continuous/test/auto/SinusoidInNoise.xml (RunModel)" time="1.039" />
  <testcase classname="ptolemy.util.test.junit.AutoTests" name="[129] /home/travis/build/icyphy/ptII/ptolemy/domains/continuous/test/auto/SinusoidRK45.xml (RunModel)" time="0.012" />
  <testcase classname="ptolemy.util.test.junit.AutoTests" name="[130] /home/travis/build/icyphy/ptII/ptolemy/domains/continuous/test/auto/SinusoidWithMultipleImpulses.xml (RunModel)" time="0.012" />
  <testcase classname="ptolemy.util.test.junit.AutoTests" name="[131] /home/travis/build/icyphy/ptII/ptolemy/domains/continuous/test/auto/SquareWave.xml (RunModel)" time="0.165" />
  <testcase classname="ptolemy.util.test.junit.AutoTests" name="[132] /home/travis/build/icyphy/ptII/ptolemy/domains/continuous/test/auto/Starmac.xml (RunModel)" time="3.344" />
  <testcase classname="ptolemy.util.test.junit.AutoTests" name="[133] /home/travis/build/icyphy/ptII/ptolemy/domains/continuous/test/auto/StaticUnits.xml (RunModel)" time="2.476" />
  <testcase classname="ptolemy.util.test.junit.AutoTests" name="[134] /home/travis/build/icyphy/ptII/ptolemy/domains/continuous/test/auto/StickyMasses.xml (RunModel)" time="0.184" />
  <testcase classname="ptolemy.util.test.junit.AutoTests" name="[135] /home/travis/build/icyphy/ptII/ptolemy/domains/continuous/test/auto/StopTime.xml (RunModel)" time="0.063" />
  <testcase classname="ptolemy.util.test.junit.AutoTests" name="[136] /home/travis/build/icyphy/ptII/ptolemy/domains/continuous/test/auto/StopTime2.xml (RunModel)" time="0.064" />
  <testcase classname="ptolemy.util.test.junit.AutoTests" name="[137] /home/travis/build/icyphy/ptII/ptolemy/domains/continuous/test/auto/Switch.xml (RunModel)" time="0.163" />
  <testcase classname="ptolemy.util.test.junit.AutoTests" name="[138] /home/travis/build/icyphy/ptII/ptolemy/domains/continuous/test/auto/Thermostat.xml (RunModel)" time="0.197" />
  <testcase classname="ptolemy.util.test.junit.AutoTests" name="[139] /home/travis/build/icyphy/ptII/ptolemy/domains/continuous/test/auto/TimeDelay.xml (RunModel)" time="0.013" />
  <testcase classname="ptolemy.util.test.junit.AutoTests" name="[140] /home/travis/build/icyphy/ptII/ptolemy/domains/continuous/test/auto/TimeDelay2.xml (RunModel)" time="0.026" />
  <testcase classname="ptolemy.util.test.junit.AutoTests" name="[141] /home/travis/build/icyphy/ptII/ptolemy/domains/continuous/test/auto/TimeDelay3.xml (RunModel)" time="0.01" />
  <testcase classname="ptolemy.util.test.junit.AutoTests" name="[142] /home/travis/build/icyphy/ptII/ptolemy/domains/continuous/test/auto/TransferAbsentToInside.xml (RunModel)" time="0.098" />
  <testcase classname="ptolemy.util.test.junit.AutoTests" name="[143] /home/travis/build/icyphy/ptII/ptolemy/domains/continuous/test/auto/Transmission.xml (RunModel)" time="0.737" />
  <testcase classname="ptolemy.util.test.junit.AutoTests" name="[144] /home/travis/build/icyphy/ptII/ptolemy/domains/continuous/test/auto/TriggeredContinuousClock.xml (RunModel)" time="0.064" />
  <testcase classname="ptolemy.util.test.junit.AutoTests" name="[145] /home/travis/build/icyphy/ptII/ptolemy/domains/continuous/test/auto/TwoMachineInfiniteBusControl.xml (RunModel)" time="2.811" />
  <testcase classname="ptolemy.util.test.junit.AutoTests" name="[146] /home/travis/build/icyphy/ptII/ptolemy/domains/continuous/test/auto/V2V.xml (RunModel)" time="0.744" />
  <testcase classname="ptolemy.util.test.junit.AutoTests" name="[147] /home/travis/build/icyphy/ptII/ptolemy/domains/continuous/test/auto/hierarchicalModalModel.xml (RunModel)" time="0.035" />
  <testcase classname="ptolemy.util.test.junit.AutoTests" name="[148] /home/travis/build/icyphy/ptII/ptolemy/domains/continuous/test/auto/hierarchicalModalModel1.xml (RunModel)" time="0.03" />
  <testcase classname="ptolemy.util.test.junit.AutoTests" name="[149] /home/travis/build/icyphy/ptII/ptolemy/domains/continuous/test/auto/hierarchicalModalModel2.xml (RunModel)" time="0.026" />
  <testcase classname="ptolemy.util.test.junit.AutoTests" name="[150] /home/travis/build/icyphy/ptII/ptolemy/domains/continuous/test/auto/hierarchicalModalModel3.xml (RunModel)" time="0.022" />
  <testcase classname="ptolemy.util.test.junit.AutoTests" name="[151] /home/travis/build/icyphy/ptII/ptolemy/domains/continuous/test/auto/hierarchicalModalModel4.xml (RunModel)" time="0.025" />
  <testcase classname="ptolemy.util.test.junit.AutoTests" name="[152] /home/travis/build/icyphy/ptII/ptolemy/domains/continuous/test/auto/junk.xml (RunModel)" time="0.14" />
  <system-out><![CDATA[No tcl tests in /home/travis/build/icyphy/ptII/ptolemy/domains/continuous/test
No auto/knownFailedTests/*.xml tests in /home/travis/build/icyphy/ptII/ptolemy/domains/continuous/test
No auto/linux-amd64/*.xml tests in /home/travis/build/icyphy/ptII/ptolemy/domains/continuous/test
AutoTests.java: About to close Vertx.
AutoTests.java: Vertx closed.

===========================================================================================
----------------- testing Sun Nov 18 02:46:42 UTC 2018 /home/travis/build/icyphy/ptII/ptolemy/domains/continuous/test/auto/BouncingBall.xml
----------------- Instantiating /home/travis/build/icyphy/ptII/ptolemy/domains/continuous/test/auto/BouncingBall.xml
2355 ms. Memory: 331776K Free: 255254K (77%)
----------------- Invoking toplevel() on ptolemy.moml.MoMLSimpleApplication@25982fcb
----------------- Done invoking toplevel() on ptolemy.moml.MoMLSimpleApplication@25982fcb
reloadAllAccessors: .BouncingBall

===========================================================================================
----------------- testing Sun Nov 18 02:46:45 UTC 2018 /home/travis/build/icyphy/ptII/ptolemy/domains/continuous/test/auto/BouncingBallWithoutGR.xml
----------------- Instantiating /home/travis/build/icyphy/ptII/ptolemy/domains/continuous/test/auto/BouncingBallWithoutGR.xml
735 ms. Memory: 331776K Free: 312723K (94%)
----------------- Invoking toplevel() on ptolemy.moml.MoMLSimpleApplication@7df11ca3
----------------- Done invoking toplevel() on ptolemy.moml.MoMLSimpleApplication@7df11ca3
reloadAllAccessors: .BouncingBallWithoutGR

===========================================================================================
----------------- testing Sun Nov 18 02:46:46 UTC 2018 /home/travis/build/icyphy/ptII/ptolemy/domains/continuous/test/auto/Brownian.xml
----------------- Instantiating /home/travis/build/icyphy/ptII/ptolemy/domains/continuous/test/auto/Brownian.xml
27 ms. Memory: 331776K Free: 298802K (90%)
----------------- Invoking toplevel() on ptolemy.moml.MoMLSimpleApplication@3143e7d5
----------------- Done invoking toplevel() on ptolemy.moml.MoMLSimpleApplication@3143e7d5
reloadAllAccessors: .Brownian

===========================================================================================
----------------- testing Sun Nov 18 02:46:46 UTC 2018 /home/travis/build/icyphy/ptII/ptolemy/domains/continuous/test/auto/CarTracking.xml
----------------- Instantiating /home/travis/build/icyphy/ptII/ptolemy/domains/continuous/test/auto/CarTracking.xml
3834 ms. Memory: 578048K Free: 440834K (76%)
----------------- Invoking toplevel() on ptolemy.moml.MoMLSimpleApplication@45cf792d
----------------- Done invoking toplevel() on ptolemy.moml.MoMLSimpleApplication@45cf792d
reloadAllAccessors: .CarTracking

===========================================================================================
----------------- testing Sun Nov 18 02:46:50 UTC 2018 /home/travis/build/icyphy/ptII/ptolemy/domains/continuous/test/auto/CartPendulum.xml
----------------- Instantiating /home/travis/build/icyphy/ptII/ptolemy/domains/continuous/test/auto/CartPendulum.xml
441 ms. Memory: 578048K Free: 332996K (58%)
----------------- Invoking toplevel() on ptolemy.moml.MoMLSimpleApplication@573a06c5
----------------- Done invoking toplevel() on ptolemy.moml.MoMLSimpleApplication@573a06c5
reloadAllAccessors: .CartPendulum

===========================================================================================
----------------- testing Sun Nov 18 02:46:51 UTC 2018 /home/travis/build/icyphy/ptII/ptolemy/domains/continuous/test/auto/CausalityInterface10.xml
----------------- Instantiating /home/travis/build/icyphy/ptII/ptolemy/domains/continuous/test/auto/CausalityInterface10.xml
8 ms. Memory: 578048K Free: 316580K (55%)
----------------- Invoking toplevel() on ptolemy.moml.MoMLSimpleApplication@509fe7de
----------------- Done invoking toplevel() on ptolemy.moml.MoMLSimpleApplication@509fe7de
reloadAllAccessors: .CausalityInterface10

===========================================================================================
----------------- testing Sun Nov 18 02:46:51 UTC 2018 /home/travis/build/icyphy/ptII/ptolemy/domains/continuous/test/auto/CausalityInterface11.xml
----------------- Instantiating /home/travis/build/icyphy/ptII/ptolemy/domains/continuous/test/auto/CausalityInterface11.xml
13 ms. Memory: 578048K Free: 306733K (53%)
----------------- Invoking toplevel() on ptolemy.moml.MoMLSimpleApplication@7c16e8c4
----------------- Done invoking toplevel() on ptolemy.moml.MoMLSimpleApplication@7c16e8c4
reloadAllAccessors: .CausalityInterface11

===========================================================================================
----------------- testing Sun Nov 18 02:46:51 UTC 2018 /home/travis/build/icyphy/ptII/ptolemy/domains/continuous/test/auto/CausalityInterface12.xml
----------------- Instantiating /home/travis/build/icyphy/ptII/ptolemy/domains/continuous/test/auto/CausalityInterface12.xml
11 ms. Memory: 578048K Free: 296887K (51%)
----------------- Invoking toplevel() on ptolemy.moml.MoMLSimpleApplication@597355ec
----------------- Done invoking toplevel() on ptolemy.moml.MoMLSimpleApplication@597355ec
reloadAllAccessors: .CausalityInterface12

===========================================================================================
----------------- testing Sun Nov 18 02:46:51 UTC 2018 /home/travis/build/icyphy/ptII/ptolemy/domains/continuous/test/auto/CausalityInterface13.xml
----------------- Instantiating /home/travis/build/icyphy/ptII/ptolemy/domains/continuous/test/auto/CausalityInterface13.xml
4 ms. Memory: 578048K Free: 283861K (49%)
----------------- Invoking toplevel() on ptolemy.moml.MoMLSimpleApplication@3b0dda42
----------------- Done invoking toplevel() on ptolemy.moml.MoMLSimpleApplication@3b0dda42
reloadAllAccessors: .CausalityInterface13

===========================================================================================
----------------- testing Sun Nov 18 02:46:51 UTC 2018 /home/travis/build/icyphy/ptII/ptolemy/domains/continuous/test/auto/CausalityInterface14.xml
----------------- Instantiating /home/travis/build/icyphy/ptII/ptolemy/domains/continuous/test/auto/CausalityInterface14.xml
3 ms. Memory: 578048K Free: 274023K (47%)
----------------- Invoking toplevel() on ptolemy.moml.MoMLSimpleApplication@2a2782bc
----------------- Done invoking toplevel() on ptolemy.moml.MoMLSimpleApplication@2a2782bc
reloadAllAccessors: .CausalityInterface14

===========================================================================================
----------------- testing Sun Nov 18 02:46:51 UTC 2018 /home/travis/build/icyphy/ptII/ptolemy/domains/continuous/test/auto/CausalityInterface4.xml
----------------- Instantiating /home/travis/build/icyphy/ptII/ptolemy/domains/continuous/test/auto/CausalityInterface4.xml
3 ms. Memory: 578048K Free: 264185K (46%)
----------------- Invoking toplevel() on ptolemy.moml.MoMLSimpleApplication@2cb3a44
----------------- Done invoking toplevel() on ptolemy.moml.MoMLSimpleApplication@2cb3a44
reloadAllAccessors: .CausalityInterface4

===========================================================================================
----------------- testing Sun Nov 18 02:46:51 UTC 2018 /home/travis/build/icyphy/ptII/ptolemy/domains/continuous/test/auto/CausalityInterface5.xml
----------------- Instantiating /home/travis/build/icyphy/ptII/ptolemy/domains/continuous/test/auto/CausalityInterface5.xml
4 ms. Memory: 578048K Free: 251077K (43%)
----------------- Invoking toplevel() on ptolemy.moml.MoMLSimpleApplication@5ac42b5f
----------------- Done invoking toplevel() on ptolemy.moml.MoMLSimpleApplication@5ac42b5f
reloadAllAccessors: .CausalityInterface5

===========================================================================================
----------------- testing Sun Nov 18 02:46:51 UTC 2018 /home/travis/build/icyphy/ptII/ptolemy/domains/continuous/test/auto/CausalityInterface6.xml
----------------- Instantiating /home/travis/build/icyphy/ptII/ptolemy/domains/continuous/test/auto/CausalityInterface6.xml
9 ms. Memory: 578048K Free: 238036K (41%)
----------------- Invoking toplevel() on ptolemy.moml.MoMLSimpleApplication@1c0dc930
----------------- Done invoking toplevel() on ptolemy.moml.MoMLSimpleApplication@1c0dc930
reloadAllAccessors: .CausalityInterface6

===========================================================================================
----------------- testing Sun Nov 18 02:46:51 UTC 2018 /home/travis/build/icyphy/ptII/ptolemy/domains/continuous/test/auto/CausalityInterface7.xml
----------------- Instantiating /home/travis/build/icyphy/ptII/ptolemy/domains/continuous/test/auto/CausalityInterface7.xml
13 ms. Memory: 578048K Free: 224913K (39%)
----------------- Invoking toplevel() on ptolemy.moml.MoMLSimpleApplication@a922242
----------------- Done invoking toplevel() on ptolemy.moml.MoMLSimpleApplication@a922242
reloadAllAccessors: .CausalityInterface7

===========================================================================================
----------------- testing Sun Nov 18 02:46:51 UTC 2018 /home/travis/build/icyphy/ptII/ptolemy/domains/continuous/test/auto/CausalityInterface8.xml
----------------- Instantiating /home/travis/build/icyphy/ptII/ptolemy/domains/continuous/test/auto/CausalityInterface8.xml
5 ms. Memory: 578048K Free: 211789K (37%)
----------------- Invoking toplevel() on ptolemy.moml.MoMLSimpleApplication@5e39f155
----------------- Done invoking toplevel() on ptolemy.moml.MoMLSimpleApplication@5e39f155
reloadAllAccessors: .CausalityInterface8

===========================================================================================
----------------- testing Sun Nov 18 02:46:51 UTC 2018 /home/travis/build/icyphy/ptII/ptolemy/domains/continuous/test/auto/CausalityInterface9.xml
----------------- Instantiating /home/travis/build/icyphy/ptII/ptolemy/domains/continuous/test/auto/CausalityInterface9.xml
9 ms. Memory: 578048K Free: 195389K (34%)
----------------- Invoking toplevel() on ptolemy.moml.MoMLSimpleApplication@8b173f0
----------------- Done invoking toplevel() on ptolemy.moml.MoMLSimpleApplication@8b173f0
reloadAllAccessors: .CausalityInterface9

===========================================================================================
----------------- testing Sun Nov 18 02:46:51 UTC 2018 /home/travis/build/icyphy/ptII/ptolemy/domains/continuous/test/auto/CausalityInterfaceFeedback1.xml
----------------- Instantiating /home/travis/build/icyphy/ptII/ptolemy/domains/continuous/test/auto/CausalityInterfaceFeedback1.xml
10 ms. Memory: 578048K Free: 182364K (32%)
----------------- Invoking toplevel() on ptolemy.moml.MoMLSimpleApplication@1628fb94
----------------- Done invoking toplevel() on ptolemy.moml.MoMLSimpleApplication@1628fb94
reloadAllAccessors: .CausalityInterfaceFeedback1

===========================================================================================
----------------- testing Sun Nov 18 02:46:51 UTC 2018 /home/travis/build/icyphy/ptII/ptolemy/domains/continuous/test/auto/CausalityInterfaceFeedback2.xml
----------------- Instantiating /home/travis/build/icyphy/ptII/ptolemy/domains/continuous/test/auto/CausalityInterfaceFeedback2.xml
4 ms. Memory: 578048K Free: 172517K (30%)
----------------- Invoking toplevel() on ptolemy.moml.MoMLSimpleApplication@57c8446b
----------------- Done invoking toplevel() on ptolemy.moml.MoMLSimpleApplication@57c8446b
reloadAllAccessors: .CausalityInterfaceFeedback2

===========================================================================================
----------------- testing Sun Nov 18 02:46:51 UTC 2018 /home/travis/build/icyphy/ptII/ptolemy/domains/continuous/test/auto/CompareWithCurrentTime.xml
----------------- Instantiating /home/travis/build/icyphy/ptII/ptolemy/domains/continuous/test/auto/CompareWithCurrentTime.xml
4 ms. Memory: 578048K Free: 165964K (29%)
----------------- Invoking toplevel() on ptolemy.moml.MoMLSimpleApplication@74e3b8a6
----------------- Done invoking toplevel() on ptolemy.moml.MoMLSimpleApplication@74e3b8a6
reloadAllAccessors: .CompareWithCurrentTime

===========================================================================================
----------------- testing Sun Nov 18 02:46:51 UTC 2018 /home/travis/build/icyphy/ptII/ptolemy/domains/continuous/test/auto/ComparedClocks.xml
----------------- Instantiating /home/travis/build/icyphy/ptII/ptolemy/domains/continuous/test/auto/ComparedClocks.xml
12 ms. Memory: 578048K Free: 146271K (25%)
----------------- Invoking toplevel() on ptolemy.moml.MoMLSimpleApplication@7ee2f755
----------------- Done invoking toplevel() on ptolemy.moml.MoMLSimpleApplication@7ee2f755
reloadAllAccessors: .ComparedClocks

===========================================================================================
----------------- testing Sun Nov 18 02:46:51 UTC 2018 /home/travis/build/icyphy/ptII/ptolemy/domains/continuous/test/auto/ContinuousAOCClone.xml
----------------- Instantiating /home/travis/build/icyphy/ptII/ptolemy/domains/continuous/test/auto/ContinuousAOCClone.xml
2907 ms. Memory: 872960K Free: 385213K (44%)
----------------- Invoking toplevel() on ptolemy.moml.MoMLSimpleApplication@49dac298
----------------- Done invoking toplevel() on ptolemy.moml.MoMLSimpleApplication@49dac298
reloadAllAccessors: .ContinuousAOCClone

===========================================================================================
----------------- testing Sun Nov 18 02:46:55 UTC 2018 /home/travis/build/icyphy/ptII/ptolemy/domains/continuous/test/auto/ContinuousClock.xml
----------------- Instantiating /home/travis/build/icyphy/ptII/ptolemy/domains/continuous/test/auto/ContinuousClock.xml
33 ms. Memory: 872960K Free: 351956K (40%)
----------------- Invoking toplevel() on ptolemy.moml.MoMLSimpleApplication@500ed29e
----------------- Done invoking toplevel() on ptolemy.moml.MoMLSimpleApplication@500ed29e
reloadAllAccessors: .ContinuousClock

===========================================================================================
----------------- testing Sun Nov 18 02:46:55 UTC 2018 /home/travis/build/icyphy/ptII/ptolemy/domains/continuous/test/auto/ContinuousInContinuous.xml
----------------- Instantiating /home/travis/build/icyphy/ptII/ptolemy/domains/continuous/test/auto/ContinuousInContinuous.xml
45 ms. Memory: 872960K Free: 320487K (37%)
----------------- Invoking toplevel() on ptolemy.moml.MoMLSimpleApplication@3a5444ad
----------------- Done invoking toplevel() on ptolemy.moml.MoMLSimpleApplication@3a5444ad
reloadAllAccessors: .ContinuousInContinuous

===========================================================================================
----------------- testing Sun Nov 18 02:46:55 UTC 2018 /home/travis/build/icyphy/ptII/ptolemy/domains/continuous/test/auto/ContinuousInContinuousInContinuous.xml
----------------- Instantiating /home/travis/build/icyphy/ptII/ptolemy/domains/continuous/test/auto/ContinuousInContinuousInContinuous.xml
9 ms. Memory: 872960K Free: 304753K (35%)
----------------- Invoking toplevel() on ptolemy.moml.MoMLSimpleApplication@207c28d9
----------------- Done invoking toplevel() on ptolemy.moml.MoMLSimpleApplication@207c28d9
reloadAllAccessors: .ContinuousInContinuousInContinuous

===========================================================================================
----------------- testing Sun Nov 18 02:46:55 UTC 2018 /home/travis/build/icyphy/ptII/ptolemy/domains/continuous/test/auto/ContinuousInDE.xml
----------------- Instantiating /home/travis/build/icyphy/ptII/ptolemy/domains/continuous/test/auto/ContinuousInDE.xml
123 ms. Memory: 872960K Free: 289034K (33%)
----------------- Invoking toplevel() on ptolemy.moml.MoMLSimpleApplication@3626f774
----------------- Done invoking toplevel() on ptolemy.moml.MoMLSimpleApplication@3626f774
reloadAllAccessors: .ContinuousInDE

===========================================================================================
----------------- testing Sun Nov 18 02:46:55 UTC 2018 /home/travis/build/icyphy/ptII/ptolemy/domains/continuous/test/auto/ContinuousInDE2.xml
----------------- Instantiating /home/travis/build/icyphy/ptII/ptolemy/domains/continuous/test/auto/ContinuousInDE2.xml
39 ms. Memory: 872960K Free: 269852K (31%)
----------------- Invoking toplevel() on ptolemy.moml.MoMLSimpleApplication@62276a4a
----------------- Done invoking toplevel() on ptolemy.moml.MoMLSimpleApplication@62276a4a
reloadAllAccessors: .ContinuousInDE2

===========================================================================================
----------------- testing Sun Nov 18 02:46:55 UTC 2018 /home/travis/build/icyphy/ptII/ptolemy/domains/continuous/test/auto/ContinuousInDE3.xml
----------------- Instantiating /home/travis/build/icyphy/ptII/ptolemy/domains/continuous/test/auto/ContinuousInDE3.xml
41 ms. Memory: 872960K Free: 254134K (29%)
----------------- Invoking toplevel() on ptolemy.moml.MoMLSimpleApplication@50f35f08
----------------- Done invoking toplevel() on ptolemy.moml.MoMLSimpleApplication@50f35f08
reloadAllAccessors: .ContinuousInDE3

===========================================================================================
----------------- testing Sun Nov 18 02:46:55 UTC 2018 /home/travis/build/icyphy/ptII/ptolemy/domains/continuous/test/auto/ContinuousInDE4.xml
----------------- Instantiating /home/travis/build/icyphy/ptII/ptolemy/domains/continuous/test/auto/ContinuousInDE4.xml
17 ms. Memory: 872960K Free: 243655K (28%)
----------------- Invoking toplevel() on ptolemy.moml.MoMLSimpleApplication@1685475c
----------------- Done invoking toplevel() on ptolemy.moml.MoMLSimpleApplication@1685475c
reloadAllAccessors: .ContinuousInDE4

===========================================================================================
----------------- testing Sun Nov 18 02:46:55 UTC 2018 /home/travis/build/icyphy/ptII/ptolemy/domains/continuous/test/auto/ContinuousInDEDifferentRefinements.xml
----------------- Instantiating /home/travis/build/icyphy/ptII/ptolemy/domains/continuous/test/auto/ContinuousInDEDifferentRefinements.xml
57 ms. Memory: 872960K Free: 206930K (24%)
----------------- Invoking toplevel() on ptolemy.moml.MoMLSimpleApplication@d018770
----------------- Done invoking toplevel() on ptolemy.moml.MoMLSimpleApplication@d018770
reloadAllAccessors: .ContinuousInDEDifferentRefinements

===========================================================================================
----------------- testing Sun Nov 18 02:46:55 UTC 2018 /home/travis/build/icyphy/ptII/ptolemy/domains/continuous/test/auto/ContinuousInDEDifferentRefinementsPreemptive.xml
----------------- Instantiating /home/travis/build/icyphy/ptII/ptolemy/domains/continuous/test/auto/ContinuousInDEDifferentRefinementsPreemptive.xml
47 ms. Memory: 872960K Free: 166726K (19%)
----------------- Invoking toplevel() on ptolemy.moml.MoMLSimpleApplication@6f00d881
----------------- Done invoking toplevel() on ptolemy.moml.MoMLSimpleApplication@6f00d881
reloadAllAccessors: .ContinuousInDEDifferentRefinementsPreemptive

===========================================================================================
----------------- testing Sun Nov 18 02:46:55 UTC 2018 /home/travis/build/icyphy/ptII/ptolemy/domains/continuous/test/auto/ContinuousInDEInContinuous2.xml
----------------- Instantiating /home/travis/build/icyphy/ptII/ptolemy/domains/continuous/test/auto/ContinuousInDEInContinuous2.xml
37 ms. Memory: 872960K Free: 150992K (17%)
----------------- Invoking toplevel() on ptolemy.moml.MoMLSimpleApplication@97bcd71
----------------- Done invoking toplevel() on ptolemy.moml.MoMLSimpleApplication@97bcd71
reloadAllAccessors: .ContinuousInDEInContinuous2

===========================================================================================
----------------- testing Sun Nov 18 02:46:55 UTC 2018 /home/travis/build/icyphy/ptII/ptolemy/domains/continuous/test/auto/ContinuousInDEInContinuous3.xml
----------------- Instantiating /home/travis/build/icyphy/ptII/ptolemy/domains/continuous/test/auto/ContinuousInDEInContinuous3.xml
42 ms. Memory: 872960K Free: 130026K (15%)
----------------- Invoking toplevel() on ptolemy.moml.MoMLSimpleApplication@5bbccbcb
----------------- Done invoking toplevel() on ptolemy.moml.MoMLSimpleApplication@5bbccbcb
reloadAllAccessors: .ContinuousInDEInContinuous3

===========================================================================================
----------------- testing Sun Nov 18 02:46:55 UTC 2018 /home/travis/build/icyphy/ptII/ptolemy/domains/continuous/test/auto/ContinuousInDEInput.xml
----------------- Instantiating /home/travis/build/icyphy/ptII/ptolemy/domains/continuous/test/auto/ContinuousInDEInput.xml
17 ms. Memory: 872960K Free: 119547K (14%)
----------------- Invoking toplevel() on ptolemy.moml.MoMLSimpleApplication@26e654f2
----------------- Done invoking toplevel() on ptolemy.moml.MoMLSimpleApplication@26e654f2
reloadAllAccessors: .ContinuousInDEInput

===========================================================================================
----------------- testing Sun Nov 18 02:46:56 UTC 2018 /home/travis/build/icyphy/ptII/ptolemy/domains/continuous/test/auto/ContinuousInDEInput2.xml
----------------- Instantiating /home/travis/build/icyphy/ptII/ptolemy/domains/continuous/test/auto/ContinuousInDEInput2.xml
20 ms. Memory: 872960K Free: 109068K (12%)
----------------- Invoking toplevel() on ptolemy.moml.MoMLSimpleApplication@51b1d1b7
----------------- Done invoking toplevel() on ptolemy.moml.MoMLSimpleApplication@51b1d1b7
reloadAllAccessors: .ContinuousInDEInput2

===========================================================================================
----------------- testing Sun Nov 18 02:46:56 UTC 2018 /home/travis/build/icyphy/ptII/ptolemy/domains/continuous/test/auto/ContinuousInDEInput3.xml
----------------- Instantiating /home/travis/build/icyphy/ptII/ptolemy/domains/continuous/test/auto/ContinuousInDEInput3.xml
15 ms. Memory: 872960K Free: 95125K (11%)
----------------- Invoking toplevel() on ptolemy.moml.MoMLSimpleApplication@44014442
----------------- Done invoking toplevel() on ptolemy.moml.MoMLSimpleApplication@44014442
reloadAllAccessors: .ContinuousInDEInput3

===========================================================================================
----------------- testing Sun Nov 18 02:46:56 UTC 2018 /home/travis/build/icyphy/ptII/ptolemy/domains/continuous/test/auto/ContinuousInDESharingRefinement.xml
----------------- Instantiating /home/travis/build/icyphy/ptII/ptolemy/domains/continuous/test/auto/ContinuousInDESharingRefinement.xml
160 ms. Memory: 873472K Free: 781765K (90%)
----------------- Invoking toplevel() on ptolemy.moml.MoMLSimpleApplication@2a35ad47
----------------- Done invoking toplevel() on ptolemy.moml.MoMLSimpleApplication@2a35ad47
reloadAllAccessors: .ContinuousInDESharingRefinement

===========================================================================================
----------------- testing Sun Nov 18 02:46:56 UTC 2018 /home/travis/build/icyphy/ptII/ptolemy/domains/continuous/test/auto/ContinuousInDEwithNoPorts.xml
----------------- Instantiating /home/travis/build/icyphy/ptII/ptolemy/domains/continuous/test/auto/ContinuousInDEwithNoPorts.xml
5 ms. Memory: 873472K Free: 768907K (88%)
----------------- Invoking toplevel() on ptolemy.moml.MoMLSimpleApplication@73498544
----------------- Done invoking toplevel() on ptolemy.moml.MoMLSimpleApplication@73498544
reloadAllAccessors: .ContinuousInDEwithNoPorts

===========================================================================================
----------------- testing Sun Nov 18 02:46:56 UTC 2018 /home/travis/build/icyphy/ptII/ptolemy/domains/continuous/test/auto/ContinuousInsideDE.xml
----------------- Instantiating /home/travis/build/icyphy/ptII/ptolemy/domains/continuous/test/auto/ContinuousInsideDE.xml
42 ms. Memory: 873472K Free: 749080K (86%)
----------------- Invoking toplevel() on ptolemy.moml.MoMLSimpleApplication@2ab89e45
----------------- Done invoking toplevel() on ptolemy.moml.MoMLSimpleApplication@2ab89e45
reloadAllAccessors: .ContinuousInsideDE

===========================================================================================
----------------- testing Sun Nov 18 02:46:56 UTC 2018 /home/travis/build/icyphy/ptII/ptolemy/domains/continuous/test/auto/ContinuousMerge1.xml
----------------- Instantiating /home/travis/build/icyphy/ptII/ptolemy/domains/continuous/test/auto/ContinuousMerge1.xml
3 ms. Memory: 873472K Free: 738894K (85%)
----------------- Invoking toplevel() on ptolemy.moml.MoMLSimpleApplication@7a324fa3
----------------- Done invoking toplevel() on ptolemy.moml.MoMLSimpleApplication@7a324fa3
reloadAllAccessors: .ContinuousMerge1

===========================================================================================
----------------- testing Sun Nov 18 02:46:56 UTC 2018 /home/travis/build/icyphy/ptII/ptolemy/domains/continuous/test/auto/ContinuousMerge2.xml
----------------- Instantiating /home/travis/build/icyphy/ptII/ptolemy/domains/continuous/test/auto/ContinuousMerge2.xml
15 ms. Memory: 873472K Free: 723151K (83%)
----------------- Invoking toplevel() on ptolemy.moml.MoMLSimpleApplication@26938b38
----------------- Done invoking toplevel() on ptolemy.moml.MoMLSimpleApplication@26938b38
reloadAllAccessors: .ContinuousMerge2

===========================================================================================
----------------- testing Sun Nov 18 02:46:56 UTC 2018 /home/travis/build/icyphy/ptII/ptolemy/domains/continuous/test/auto/ContinuousMerge3.xml
----------------- Instantiating /home/travis/build/icyphy/ptII/ptolemy/domains/continuous/test/auto/ContinuousMerge3.xml
53 ms. Memory: 873472K Free: 707417K (81%)
----------------- Invoking toplevel() on ptolemy.moml.MoMLSimpleApplication@e1da3a3
----------------- Done invoking toplevel() on ptolemy.moml.MoMLSimpleApplication@e1da3a3
reloadAllAccessors: .ContinuousMerge3

===========================================================================================
----------------- testing Sun Nov 18 02:46:56 UTC 2018 /home/travis/build/icyphy/ptII/ptolemy/domains/continuous/test/auto/ContinuousWithinContinuous.xml
----------------- Instantiating /home/travis/build/icyphy/ptII/ptolemy/domains/continuous/test/auto/ContinuousWithinContinuous.xml
38 ms. Memory: 873472K Free: 689355K (79%)
----------------- Invoking toplevel() on ptolemy.moml.MoMLSimpleApplication@1ea93abe
----------------- Done invoking toplevel() on ptolemy.moml.MoMLSimpleApplication@1ea93abe
reloadAllAccessors: .ContinuousWithinContinuous

===========================================================================================
----------------- testing Sun Nov 18 02:46:56 UTC 2018 /home/travis/build/icyphy/ptII/ptolemy/domains/continuous/test/auto/ContinuousWithinContinuous2.xml
----------------- Instantiating /home/travis/build/icyphy/ptII/ptolemy/domains/continuous/test/auto/ContinuousWithinContinuous2.xml
81 ms. Memory: 873472K Free: 677566K (78%)
----------------- Invoking toplevel() on ptolemy.moml.MoMLSimpleApplication@3284e34f
----------------- Done invoking toplevel() on ptolemy.moml.MoMLSimpleApplication@3284e34f
reloadAllAccessors: .ContinuousWithinContinuous2

===========================================================================================
----------------- testing Sun Nov 18 02:46:56 UTC 2018 /home/travis/build/icyphy/ptII/ptolemy/domains/continuous/test/auto/ContinuousWithinContinuous3.xml
----------------- Instantiating /home/travis/build/icyphy/ptII/ptolemy/domains/continuous/test/auto/ContinuousWithinContinuous3.xml
17 ms. Memory: 873472K Free: 665761K (76%)
----------------- Invoking toplevel() on ptolemy.moml.MoMLSimpleApplication@1e27b548
----------------- Done invoking toplevel() on ptolemy.moml.MoMLSimpleApplication@1e27b548
reloadAllAccessors: .ContinuousWithinContinuous3

===========================================================================================
----------------- testing Sun Nov 18 02:46:56 UTC 2018 /home/travis/build/icyphy/ptII/ptolemy/domains/continuous/test/auto/ContinuousWithinContinuous4.xml
----------------- Instantiating /home/travis/build/icyphy/ptII/ptolemy/domains/continuous/test/auto/ContinuousWithinContinuous4.xml
74 ms. Memory: 873472K Free: 643771K (74%)
----------------- Invoking toplevel() on ptolemy.moml.MoMLSimpleApplication@4861cc2c
----------------- Done invoking toplevel() on ptolemy.moml.MoMLSimpleApplication@4861cc2c
reloadAllAccessors: .ContinuousWithinContinuous4

===========================================================================================
----------------- testing Sun Nov 18 02:46:56 UTC 2018 /home/travis/build/icyphy/ptII/ptolemy/domains/continuous/test/auto/ContinuousWithinContinuous5.xml
----------------- Instantiating /home/travis/build/icyphy/ptII/ptolemy/domains/continuous/test/auto/ContinuousWithinContinuous5.xml
16 ms. Memory: 873472K Free: 631966K (72%)
----------------- Invoking toplevel() on ptolemy.moml.MoMLSimpleApplication@26ba826a
----------------- Done invoking toplevel() on ptolemy.moml.MoMLSimpleApplication@26ba826a
reloadAllAccessors: .ContinuousWithinContinuous5

===========================================================================================
----------------- testing Sun Nov 18 02:46:56 UTC 2018 /home/travis/build/icyphy/ptII/ptolemy/domains/continuous/test/auto/ContinuousWithinContinuous6.xml
----------------- Instantiating /home/travis/build/icyphy/ptII/ptolemy/domains/continuous/test/auto/ContinuousWithinContinuous6.xml
14 ms. Memory: 873472K Free: 620177K (71%)
----------------- Invoking toplevel() on ptolemy.moml.MoMLSimpleApplication@4eab460d
----------------- Done invoking toplevel() on ptolemy.moml.MoMLSimpleApplication@4eab460d
reloadAllAccessors: .ContinuousWithinContinuous6

===========================================================================================
----------------- testing Sun Nov 18 02:46:56 UTC 2018 /home/travis/build/icyphy/ptII/ptolemy/domains/continuous/test/auto/ContinuousWithinContinuous7.xml
----------------- Instantiating /home/travis/build/icyphy/ptII/ptolemy/domains/continuous/test/auto/ContinuousWithinContinuous7.xml
70 ms. Memory: 873472K Free: 606061K (69%)
----------------- Invoking toplevel() on ptolemy.moml.MoMLSimpleApplication@1d65ae45
----------------- Done invoking toplevel() on ptolemy.moml.MoMLSimpleApplication@1d65ae45
reloadAllAccessors: .ContinuousWithinContinuous7

===========================================================================================
----------------- testing Sun Nov 18 02:46:57 UTC 2018 /home/travis/build/icyphy/ptII/ptolemy/domains/continuous/test/auto/DCMotor.xml
----------------- Instantiating /home/travis/build/icyphy/ptII/ptolemy/domains/continuous/test/auto/DCMotor.xml
15215 ms. Memory: 697344K Free: 650691K (93%)
----------------- Invoking toplevel() on ptolemy.moml.MoMLSimpleApplication@ad4177f
----------------- Done invoking toplevel() on ptolemy.moml.MoMLSimpleApplication@ad4177f
reloadAllAccessors: .DCMotor

===========================================================================================
----------------- testing Sun Nov 18 02:47:12 UTC 2018 /home/travis/build/icyphy/ptII/ptolemy/domains/continuous/test/auto/DEInContinuous.xml
----------------- Instantiating /home/travis/build/icyphy/ptII/ptolemy/domains/continuous/test/auto/DEInContinuous.xml
10 ms. Memory: 697344K Free: 635341K (91%)
----------------- Invoking toplevel() on ptolemy.moml.MoMLSimpleApplication@36709aea
----------------- Done invoking toplevel() on ptolemy.moml.MoMLSimpleApplication@36709aea
reloadAllAccessors: .DEInContinuous

===========================================================================================
----------------- testing Sun Nov 18 02:47:12 UTC 2018 /home/travis/build/icyphy/ptII/ptolemy/domains/continuous/test/auto/DEinContinuous2.xml
----------------- Instantiating /home/travis/build/icyphy/ptII/ptolemy/domains/continuous/test/auto/DEinContinuous2.xml
6 ms. Memory: 697344K Free: 615602K (88%)
----------------- Invoking toplevel() on ptolemy.moml.MoMLSimpleApplication@6e4b59d9
----------------- Done invoking toplevel() on ptolemy.moml.MoMLSimpleApplication@6e4b59d9
reloadAllAccessors: .DEinContinuous2

===========================================================================================
----------------- testing Sun Nov 18 02:47:12 UTC 2018 /home/travis/build/icyphy/ptII/ptolemy/domains/continuous/test/auto/Derivative.xml
----------------- Instantiating /home/travis/build/icyphy/ptII/ptolemy/domains/continuous/test/auto/Derivative.xml
144 ms. Memory: 697344K Free: 578575K (83%)
----------------- Invoking toplevel() on ptolemy.moml.MoMLSimpleApplication@73fe3d8a
----------------- Done invoking toplevel() on ptolemy.moml.MoMLSimpleApplication@73fe3d8a
reloadAllAccessors: .Derivative2

===========================================================================================
----------------- testing Sun Nov 18 02:47:12 UTC 2018 /home/travis/build/icyphy/ptII/ptolemy/domains/continuous/test/auto/Derivative1.xml
----------------- Instantiating /home/travis/build/icyphy/ptII/ptolemy/domains/continuous/test/auto/Derivative1.xml
12 ms. Memory: 697344K Free: 558836K (80%)
----------------- Invoking toplevel() on ptolemy.moml.MoMLSimpleApplication@76b659f8
----------------- Done invoking toplevel() on ptolemy.moml.MoMLSimpleApplication@76b659f8
reloadAllAccessors: .Derivative1

===========================================================================================
----------------- testing Sun Nov 18 02:47:12 UTC 2018 /home/travis/build/icyphy/ptII/ptolemy/domains/continuous/test/auto/DiscreteClock.xml
----------------- Instantiating /home/travis/build/icyphy/ptII/ptolemy/domains/continuous/test/auto/DiscreteClock.xml
5 ms. Memory: 697344K Free: 545272K (78%)
----------------- Invoking toplevel() on ptolemy.moml.MoMLSimpleApplication@7374e5bf
----------------- Done invoking toplevel() on ptolemy.moml.MoMLSimpleApplication@7374e5bf
reloadAllAccessors: .DiscreteClock

===========================================================================================
----------------- testing Sun Nov 18 02:47:12 UTC 2018 /home/travis/build/icyphy/ptII/ptolemy/domains/continuous/test/auto/EfficiencyCurve.xml
----------------- Instantiating /home/travis/build/icyphy/ptII/ptolemy/domains/continuous/test/auto/EfficiencyCurve.xml
68 ms. Memory: 697344K Free: 532953K (76%)
----------------- Invoking toplevel() on ptolemy.moml.MoMLSimpleApplication@37502d03
----------------- Done invoking toplevel() on ptolemy.moml.MoMLSimpleApplication@37502d03
reloadAllAccessors: .EfficiencyCurve

===========================================================================================
----------------- testing Sun Nov 18 02:47:12 UTC 2018 /home/travis/build/icyphy/ptII/ptolemy/domains/continuous/test/auto/ExponentialResponse.xml
----------------- Instantiating /home/travis/build/icyphy/ptII/ptolemy/domains/continuous/test/auto/ExponentialResponse.xml
109 ms. Memory: 697344K Free: 503067K (72%)
----------------- Invoking toplevel() on ptolemy.moml.MoMLSimpleApplication@1a9030d6
----------------- Done invoking toplevel() on ptolemy.moml.MoMLSimpleApplication@1a9030d6
reloadAllAccessors: .ExponentialResponse

===========================================================================================
----------------- testing Sun Nov 18 02:47:12 UTC 2018 /home/travis/build/icyphy/ptII/ptolemy/domains/continuous/test/auto/ExponentialResponseRK45.xml
----------------- Instantiating /home/travis/build/icyphy/ptII/ptolemy/domains/continuous/test/auto/ExponentialResponseRK45.xml
26 ms. Memory: 697344K Free: 489503K (70%)
----------------- Invoking toplevel() on ptolemy.moml.MoMLSimpleApplication@31fcc34
----------------- Done invoking toplevel() on ptolemy.moml.MoMLSimpleApplication@31fcc34
reloadAllAccessors: .ExponentialResponseRK45

===========================================================================================
----------------- testing Sun Nov 18 02:47:12 UTC 2018 /home/travis/build/icyphy/ptII/ptolemy/domains/continuous/test/auto/Friction.xml
----------------- Instantiating /home/travis/build/icyphy/ptII/ptolemy/domains/continuous/test/auto/Friction.xml
1299 ms. Memory: 674816K Free: 627356K (93%)
----------------- Invoking toplevel() on ptolemy.moml.MoMLSimpleApplication@10bc053
----------------- Done invoking toplevel() on ptolemy.moml.MoMLSimpleApplication@10bc053
reloadAllAccessors: .Friction

===========================================================================================
----------------- testing Sun Nov 18 02:47:14 UTC 2018 /home/travis/build/icyphy/ptII/ptolemy/domains/continuous/test/auto/FurutaPendulum.xml
----------------- Instantiating /home/travis/build/icyphy/ptII/ptolemy/domains/continuous/test/auto/FurutaPendulum.xml
3556 ms. Memory: 674816K Free: 117680K (17%)
----------------- Invoking toplevel() on ptolemy.moml.MoMLSimpleApplication@7a64a0ad
----------------- Done invoking toplevel() on ptolemy.moml.MoMLSimpleApplication@7a64a0ad
reloadAllAccessors: .FurutaPendulum

===========================================================================================
----------------- testing Sun Nov 18 02:47:18 UTC 2018 /home/travis/build/icyphy/ptII/ptolemy/domains/continuous/test/auto/HierarchicalExecution.xml
----------------- Instantiating /home/travis/build/icyphy/ptII/ptolemy/domains/continuous/test/auto/HierarchicalExecution.xml
1973 ms. Memory: 646656K Free: 365183K (56%)
----------------- Invoking toplevel() on ptolemy.moml.MoMLSimpleApplication@6093b4fc
----------------- Done invoking toplevel() on ptolemy.moml.MoMLSimpleApplication@6093b4fc
reloadAllAccessors: .HierarchicalExecution

===========================================================================================
----------------- testing Sun Nov 18 02:47:20 UTC 2018 /home/travis/build/icyphy/ptII/ptolemy/domains/continuous/test/auto/HybridPlant.xml
----------------- Instantiating /home/travis/build/icyphy/ptII/ptolemy/domains/continuous/test/auto/HybridPlant.xml
509 ms. Memory: 646656K Free: 84021K (13%)
----------------- Invoking toplevel() on ptolemy.moml.MoMLSimpleApplication@851eb96
----------------- Done invoking toplevel() on ptolemy.moml.MoMLSimpleApplication@851eb96
reloadAllAccessors: .HybridPlant

===========================================================================================
----------------- testing Sun Nov 18 02:47:21 UTC 2018 /home/travis/build/icyphy/ptII/ptolemy/domains/continuous/test/auto/Hysteresis.xml
----------------- Instantiating /home/travis/build/icyphy/ptII/ptolemy/domains/continuous/test/auto/Hysteresis.xml
167 ms. Memory: 619520K Free: 548646K (89%)
----------------- Invoking toplevel() on ptolemy.moml.MoMLSimpleApplication@4139055e
----------------- Done invoking toplevel() on ptolemy.moml.MoMLSimpleApplication@4139055e
reloadAllAccessors: .Hysteresis

===========================================================================================
----------------- testing Sun Nov 18 02:47:21 UTC 2018 /home/travis/build/icyphy/ptII/ptolemy/domains/continuous/test/auto/HysteresisWithRandomDelay.xml
----------------- Instantiating /home/travis/build/icyphy/ptII/ptolemy/domains/continuous/test/auto/HysteresisWithRandomDelay.xml
169 ms. Memory: 619520K Free: 467426K (75%)
----------------- Invoking toplevel() on ptolemy.moml.MoMLSimpleApplication@57d77108
----------------- Done invoking toplevel() on ptolemy.moml.MoMLSimpleApplication@57d77108
reloadAllAccessors: .HysteresisWithRandomDelay

===========================================================================================
----------------- testing Sun Nov 18 02:47:21 UTC 2018 /home/travis/build/icyphy/ptII/ptolemy/domains/continuous/test/auto/HysteresisWithRandomLosses.xml
----------------- Instantiating /home/travis/build/icyphy/ptII/ptolemy/domains/continuous/test/auto/HysteresisWithRandomLosses.xml
2284 ms. Memory: 591872K Free: 191928K (32%)
----------------- Invoking toplevel() on ptolemy.moml.MoMLSimpleApplication@53bcc20a
----------------- Done invoking toplevel() on ptolemy.moml.MoMLSimpleApplication@53bcc20a
reloadAllAccessors: .HysteresisWithRandomLosses

===========================================================================================
----------------- testing Sun Nov 18 02:47:23 UTC 2018 /home/travis/build/icyphy/ptII/ptolemy/domains/continuous/test/auto/ImmediateTransitions.xml
----------------- Instantiating /home/travis/build/icyphy/ptII/ptolemy/domains/continuous/test/auto/ImmediateTransitions.xml
11 ms. Memory: 591872K Free: 176396K (30%)
----------------- Invoking toplevel() on ptolemy.moml.MoMLSimpleApplication@1bce4f4e
----------------- Done invoking toplevel() on ptolemy.moml.MoMLSimpleApplication@1bce4f4e
reloadAllAccessors: .ImmediateTransitions

===========================================================================================
----------------- testing Sun Nov 18 02:47:23 UTC 2018 /home/travis/build/icyphy/ptII/ptolemy/domains/continuous/test/auto/ImpulseFeedback.xml
----------------- Instantiating /home/travis/build/icyphy/ptII/ptolemy/domains/continuous/test/auto/ImpulseFeedback.xml
13 ms. Memory: 591872K Free: 167890K (28%)
----------------- Invoking toplevel() on ptolemy.moml.MoMLSimpleApplication@4c1d4990
----------------- Done invoking toplevel() on ptolemy.moml.MoMLSimpleApplication@4c1d4990
reloadAllAccessors: .ImpulseFeedback

===========================================================================================
----------------- testing Sun Nov 18 02:47:23 UTC 2018 /home/travis/build/icyphy/ptII/ptolemy/domains/continuous/test/auto/ImpulseFeedback2.xml
----------------- Instantiating /home/travis/build/icyphy/ptII/ptolemy/domains/continuous/test/auto/ImpulseFeedback2.xml
6 ms. Memory: 591872K Free: 159383K (27%)
----------------- Invoking toplevel() on ptolemy.moml.MoMLSimpleApplication@5c3be369
----------------- Done invoking toplevel() on ptolemy.moml.MoMLSimpleApplication@5c3be369
reloadAllAccessors: .ImpulseFeedback2

===========================================================================================
----------------- testing Sun Nov 18 02:47:23 UTC 2018 /home/travis/build/icyphy/ptII/ptolemy/domains/continuous/test/auto/IncreasingRatePoisson.xml
----------------- Instantiating /home/travis/build/icyphy/ptII/ptolemy/domains/continuous/test/auto/IncreasingRatePoisson.xml
733 ms. Memory: 565760K Free: 305165K (54%)
----------------- Invoking toplevel() on ptolemy.moml.MoMLSimpleApplication@36cdfb6a
----------------- Done invoking toplevel() on ptolemy.moml.MoMLSimpleApplication@36cdfb6a
reloadAllAccessors: .IncreasingRatePoisson

===========================================================================================
----------------- testing Sun Nov 18 02:47:24 UTC 2018 /home/travis/build/icyphy/ptII/ptolemy/domains/continuous/test/auto/InitialStateFeedback.xml
----------------- Instantiating /home/travis/build/icyphy/ptII/ptolemy/domains/continuous/test/auto/InitialStateFeedback.xml
8 ms. Memory: 565760K Free: 295673K (52%)
----------------- Invoking toplevel() on ptolemy.moml.MoMLSimpleApplication@7fa3f11a
----------------- Done invoking toplevel() on ptolemy.moml.MoMLSimpleApplication@7fa3f11a
reloadAllAccessors: .InitialStateFeedback

===========================================================================================
----------------- testing Sun Nov 18 02:47:24 UTC 2018 /home/travis/build/icyphy/ptII/ptolemy/domains/continuous/test/auto/Integration.xml
----------------- Instantiating /home/travis/build/icyphy/ptII/ptolemy/domains/continuous/test/auto/Integration.xml
2 ms. Memory: 565760K Free: 287605K (51%)
----------------- Invoking toplevel() on ptolemy.moml.MoMLSimpleApplication@5962f6d7
----------------- Done invoking toplevel() on ptolemy.moml.MoMLSimpleApplication@5962f6d7
reloadAllAccessors: .Integration

===========================================================================================
----------------- testing Sun Nov 18 02:47:24 UTC 2018 /home/travis/build/icyphy/ptII/ptolemy/domains/continuous/test/auto/Integration2.xml
----------------- Instantiating /home/travis/build/icyphy/ptII/ptolemy/domains/continuous/test/auto/Integration2.xml
80 ms. Memory: 565760K Free: 269693K (48%)
----------------- Invoking toplevel() on ptolemy.moml.MoMLSimpleApplication@12938610
----------------- Done invoking toplevel() on ptolemy.moml.MoMLSimpleApplication@12938610
reloadAllAccessors: .Integration2

===========================================================================================
----------------- testing Sun Nov 18 02:47:24 UTC 2018 /home/travis/build/icyphy/ptII/ptolemy/domains/continuous/test/auto/Integration3.xml
----------------- Instantiating /home/travis/build/icyphy/ptII/ptolemy/domains/continuous/test/auto/Integration3.xml
4 ms. Memory: 565760K Free: 261625K (46%)
----------------- Invoking toplevel() on ptolemy.moml.MoMLSimpleApplication@59fdfff7
----------------- Done invoking toplevel() on ptolemy.moml.MoMLSimpleApplication@59fdfff7
reloadAllAccessors: .Integration3

===========================================================================================
----------------- testing Sun Nov 18 02:47:24 UTC 2018 /home/travis/build/icyphy/ptII/ptolemy/domains/continuous/test/auto/Integration5.xml
----------------- Instantiating /home/travis/build/icyphy/ptII/ptolemy/domains/continuous/test/auto/Integration5.xml
2 ms. Memory: 565760K Free: 253401K (45%)
----------------- Invoking toplevel() on ptolemy.moml.MoMLSimpleApplication@734c662e
----------------- Done invoking toplevel() on ptolemy.moml.MoMLSimpleApplication@734c662e
reloadAllAccessors: .Integration5

===========================================================================================
----------------- testing Sun Nov 18 02:47:24 UTC 2018 /home/travis/build/icyphy/ptII/ptolemy/domains/continuous/test/auto/IntegratorImpulse.xml
----------------- Instantiating /home/travis/build/icyphy/ptII/ptolemy/domains/continuous/test/auto/IntegratorImpulse.xml
2 ms. Memory: 565760K Free: 245333K (43%)
----------------- Invoking toplevel() on ptolemy.moml.MoMLSimpleApplication@38cf6769
----------------- Done invoking toplevel() on ptolemy.moml.MoMLSimpleApplication@38cf6769
reloadAllAccessors: .IntegratorImpulse

===========================================================================================
----------------- testing Sun Nov 18 02:47:24 UTC 2018 /home/travis/build/icyphy/ptII/ptolemy/domains/continuous/test/auto/IntegratorImpulse2.xml
----------------- Instantiating /home/travis/build/icyphy/ptII/ptolemy/domains/continuous/test/auto/IntegratorImpulse2.xml
4 ms. Memory: 565760K Free: 237108K (42%)
----------------- Invoking toplevel() on ptolemy.moml.MoMLSimpleApplication@76e0da97
----------------- Done invoking toplevel() on ptolemy.moml.MoMLSimpleApplication@76e0da97
reloadAllAccessors: .IntegratorImpulse2

===========================================================================================
----------------- testing Sun Nov 18 02:47:24 UTC 2018 /home/travis/build/icyphy/ptII/ptolemy/domains/continuous/test/auto/LevelCrossing1.xml
----------------- Instantiating /home/travis/build/icyphy/ptII/ptolemy/domains/continuous/test/auto/LevelCrossing1.xml
2 ms. Memory: 565760K Free: 229040K (40%)
----------------- Invoking toplevel() on ptolemy.moml.MoMLSimpleApplication@30e30ab4
----------------- Done invoking toplevel() on ptolemy.moml.MoMLSimpleApplication@30e30ab4
reloadAllAccessors: .LevelCrossing1

===========================================================================================
----------------- testing Sun Nov 18 02:47:24 UTC 2018 /home/travis/build/icyphy/ptII/ptolemy/domains/continuous/test/auto/LevelCrossing2.xml
----------------- Instantiating /home/travis/build/icyphy/ptII/ptolemy/domains/continuous/test/auto/LevelCrossing2.xml
3 ms. Memory: 565760K Free: 220811K (39%)
----------------- Invoking toplevel() on ptolemy.moml.MoMLSimpleApplication@32b866d5
----------------- Done invoking toplevel() on ptolemy.moml.MoMLSimpleApplication@32b866d5
reloadAllAccessors: .LevelCrossing2

===========================================================================================
----------------- testing Sun Nov 18 02:47:24 UTC 2018 /home/travis/build/icyphy/ptII/ptolemy/domains/continuous/test/auto/LevelCrossing3.xml
----------------- Instantiating /home/travis/build/icyphy/ptII/ptolemy/domains/continuous/test/auto/LevelCrossing3.xml
2 ms. Memory: 565760K Free: 212744K (38%)
----------------- Invoking toplevel() on ptolemy.moml.MoMLSimpleApplication@41ccec5
----------------- Done invoking toplevel() on ptolemy.moml.MoMLSimpleApplication@41ccec5
reloadAllAccessors: .LevelCrossing3

===========================================================================================
----------------- testing Sun Nov 18 02:47:24 UTC 2018 /home/travis/build/icyphy/ptII/ptolemy/domains/continuous/test/auto/LevelCrossing4.xml
----------------- Instantiating /home/travis/build/icyphy/ptII/ptolemy/domains/continuous/test/auto/LevelCrossing4.xml
6 ms. Memory: 565760K Free: 204536K (36%)
----------------- Invoking toplevel() on ptolemy.moml.MoMLSimpleApplication@5aaa3ed9
----------------- Done invoking toplevel() on ptolemy.moml.MoMLSimpleApplication@5aaa3ed9
reloadAllAccessors: .LevelCrossing4

===========================================================================================
----------------- testing Sun Nov 18 02:47:24 UTC 2018 /home/travis/build/icyphy/ptII/ptolemy/domains/continuous/test/auto/LevelCrossing5.xml
----------------- Instantiating /home/travis/build/icyphy/ptII/ptolemy/domains/continuous/test/auto/LevelCrossing5.xml
3 ms. Memory: 565760K Free: 196469K (35%)
----------------- Invoking toplevel() on ptolemy.moml.MoMLSimpleApplication@3c0d9b1f
----------------- Done invoking toplevel() on ptolemy.moml.MoMLSimpleApplication@3c0d9b1f
reloadAllAccessors: .LevelCrossing5

===========================================================================================
[...]
----------------- Instantiating /home/travis/build/icyphy/ptII/ptolemy/domains/continuous/test/auto/SRinContinuous.xml
9 ms. Memory: 371712K Free: 76916K (21%)
----------------- Invoking toplevel() on ptolemy.moml.MoMLSimpleApplication@52d5e03e
----------------- Done invoking toplevel() on ptolemy.moml.MoMLSimpleApplication@52d5e03e
reloadAllAccessors: .SRinContinuous

===========================================================================================
----------------- testing Sun Nov 18 02:47:41 UTC 2018 /home/travis/build/icyphy/ptII/ptolemy/domains/continuous/test/auto/SampledClocks.xml
----------------- Instantiating /home/travis/build/icyphy/ptII/ptolemy/domains/continuous/test/auto/SampledClocks.xml
8 ms. Memory: 371712K Free: 65791K (18%)
----------------- Invoking toplevel() on ptolemy.moml.MoMLSimpleApplication@46c77ddc
----------------- Done invoking toplevel() on ptolemy.moml.MoMLSimpleApplication@46c77ddc
reloadAllAccessors: .SampledClocks

===========================================================================================
----------------- testing Sun Nov 18 02:47:41 UTC 2018 /home/travis/build/icyphy/ptII/ptolemy/domains/continuous/test/auto/Satellite.xml
----------------- Instantiating /home/travis/build/icyphy/ptII/ptolemy/domains/continuous/test/auto/Satellite.xml
855 ms. Memory: 365568K Free: 172861K (47%)
----------------- Invoking toplevel() on ptolemy.moml.MoMLSimpleApplication@4d4e1659
----------------- Done invoking toplevel() on ptolemy.moml.MoMLSimpleApplication@4d4e1659
reloadAllAccessors: .Satellite

===========================================================================================
----------------- testing Sun Nov 18 02:47:42 UTC 2018 /home/travis/build/icyphy/ptII/ptolemy/domains/continuous/test/auto/SigmaDelta.xml
----------------- Instantiating /home/travis/build/icyphy/ptII/ptolemy/domains/continuous/test/auto/SigmaDelta.xml
2223 ms. Memory: 434688K Free: 144284K (33%)
----------------- Invoking toplevel() on ptolemy.moml.MoMLSimpleApplication@37023a62
----------------- Done invoking toplevel() on ptolemy.moml.MoMLSimpleApplication@37023a62
reloadAllAccessors: .SigmaDelta

===========================================================================================
----------------- testing Sun Nov 18 02:47:44 UTC 2018 /home/travis/build/icyphy/ptII/ptolemy/domains/continuous/test/auto/SingleRefinement.xml
----------------- Instantiating /home/travis/build/icyphy/ptII/ptolemy/domains/continuous/test/auto/SingleRefinement.xml
296 ms. Memory: 516096K Free: 383837K (74%)
----------------- Invoking toplevel() on ptolemy.moml.MoMLSimpleApplication@5577d87
----------------- Done invoking toplevel() on ptolemy.moml.MoMLSimpleApplication@5577d87
reloadAllAccessors: .SingleRefinement

===========================================================================================
----------------- testing Sun Nov 18 02:47:45 UTC 2018 /home/travis/build/icyphy/ptII/ptolemy/domains/continuous/test/auto/SinuBouncingBall.xml
----------------- Instantiating /home/travis/build/icyphy/ptII/ptolemy/domains/continuous/test/auto/SinuBouncingBall.xml
735 ms. Memory: 516096K Free: 161484K (31%)
----------------- Invoking toplevel() on ptolemy.moml.MoMLSimpleApplication@6a3e7abc
----------------- Done invoking toplevel() on ptolemy.moml.MoMLSimpleApplication@6a3e7abc
reloadAllAccessors: .SinuBouncingBall

===========================================================================================
----------------- testing Sun Nov 18 02:47:46 UTC 2018 /home/travis/build/icyphy/ptII/ptolemy/domains/continuous/test/auto/Sinusoid.xml
----------------- Instantiating /home/travis/build/icyphy/ptII/ptolemy/domains/continuous/test/auto/Sinusoid.xml
7 ms. Memory: 516096K Free: 154064K (30%)
----------------- Invoking toplevel() on ptolemy.moml.MoMLSimpleApplication@32b5b482
----------------- Done invoking toplevel() on ptolemy.moml.MoMLSimpleApplication@32b5b482
reloadAllAccessors: .Sinusoid

===========================================================================================
----------------- testing Sun Nov 18 02:47:46 UTC 2018 /home/travis/build/icyphy/ptII/ptolemy/domains/continuous/test/auto/SinusoidInNoise.xml
----------------- Instantiating /home/travis/build/icyphy/ptII/ptolemy/domains/continuous/test/auto/SinusoidInNoise.xml
1000 ms. Memory: 625152K Free: 491852K (79%)
----------------- Invoking toplevel() on ptolemy.moml.MoMLSimpleApplication@63537a9c
----------------- Done invoking toplevel() on ptolemy.moml.MoMLSimpleApplication@63537a9c
reloadAllAccessors: .SinusoidInNoise

===========================================================================================
----------------- testing Sun Nov 18 02:47:47 UTC 2018 /home/travis/build/icyphy/ptII/ptolemy/domains/continuous/test/auto/SinusoidRK45.xml
----------------- Instantiating /home/travis/build/icyphy/ptII/ptolemy/domains/continuous/test/auto/SinusoidRK45.xml
2 ms. Memory: 625152K Free: 483971K (77%)
----------------- Invoking toplevel() on ptolemy.moml.MoMLSimpleApplication@45afd76
----------------- Done invoking toplevel() on ptolemy.moml.MoMLSimpleApplication@45afd76
reloadAllAccessors: .SinusoidRK45

===========================================================================================
----------------- testing Sun Nov 18 02:47:47 UTC 2018 /home/travis/build/icyphy/ptII/ptolemy/domains/continuous/test/auto/SinusoidWithMultipleImpulses.xml
----------------- Instantiating /home/travis/build/icyphy/ptII/ptolemy/domains/continuous/test/auto/SinusoidWithMultipleImpulses.xml
3 ms. Memory: 625152K Free: 474891K (76%)
----------------- Invoking toplevel() on ptolemy.moml.MoMLSimpleApplication@25bbb79f
----------------- Done invoking toplevel() on ptolemy.moml.MoMLSimpleApplication@25bbb79f
reloadAllAccessors: .SinusoidWithMultipleImpulses

===========================================================================================
----------------- testing Sun Nov 18 02:47:47 UTC 2018 /home/travis/build/icyphy/ptII/ptolemy/domains/continuous/test/auto/SquareWave.xml
----------------- Instantiating /home/travis/build/icyphy/ptII/ptolemy/domains/continuous/test/auto/SquareWave.xml
142 ms. Memory: 625152K Free: 444114K (71%)
----------------- Invoking toplevel() on ptolemy.moml.MoMLSimpleApplication@1d7fc9ef
----------------- Done invoking toplevel() on ptolemy.moml.MoMLSimpleApplication@1d7fc9ef
reloadAllAccessors: .SquareWave

===========================================================================================
----------------- testing Sun Nov 18 02:47:47 UTC 2018 /home/travis/build/icyphy/ptII/ptolemy/domains/continuous/test/auto/Starmac.xml
----------------- Instantiating /home/travis/build/icyphy/ptII/ptolemy/domains/continuous/test/auto/Starmac.xml
3044 ms. Memory: 625152K Free: 82191K (13%)
----------------- Invoking toplevel() on ptolemy.moml.MoMLSimpleApplication@9ed089c
----------------- Done invoking toplevel() on ptolemy.moml.MoMLSimpleApplication@9ed089c
reloadAllAccessors: .Starmac

===========================================================================================
----------------- testing Sun Nov 18 02:47:50 UTC 2018 /home/travis/build/icyphy/ptII/ptolemy/domains/continuous/test/auto/StaticUnits.xml
----------------- Instantiating /home/travis/build/icyphy/ptII/ptolemy/domains/continuous/test/auto/StaticUnits.xml
2022 ms. Memory: 605696K Free: 143002K (24%)
----------------- Invoking toplevel() on ptolemy.moml.MoMLSimpleApplication@5f031d57
----------------- Done invoking toplevel() on ptolemy.moml.MoMLSimpleApplication@5f031d57
reloadAllAccessors: .StaticUnits

===========================================================================================
----------------- testing Sun Nov 18 02:47:53 UTC 2018 /home/travis/build/icyphy/ptII/ptolemy/domains/continuous/test/auto/StickyMasses.xml
----------------- Instantiating /home/travis/build/icyphy/ptII/ptolemy/domains/continuous/test/auto/StickyMasses.xml
127 ms. Memory: 605696K Free: 83352K (14%)
----------------- Invoking toplevel() on ptolemy.moml.MoMLSimpleApplication@249733b6
----------------- Done invoking toplevel() on ptolemy.moml.MoMLSimpleApplication@249733b6
reloadAllAccessors: .StickyMasses

===========================================================================================
----------------- testing Sun Nov 18 02:47:53 UTC 2018 /home/travis/build/icyphy/ptII/ptolemy/domains/continuous/test/auto/StopTime.xml
----------------- Instantiating /home/travis/build/icyphy/ptII/ptolemy/domains/continuous/test/auto/StopTime.xml
38 ms. Memory: 605696K Free: 54822K (9%)
----------------- Invoking toplevel() on ptolemy.moml.MoMLSimpleApplication@666f5269
----------------- Done invoking toplevel() on ptolemy.moml.MoMLSimpleApplication@666f5269
reloadAllAccessors: .StopTime

===========================================================================================
----------------- testing Sun Nov 18 02:47:53 UTC 2018 /home/travis/build/icyphy/ptII/ptolemy/domains/continuous/test/auto/StopTime2.xml
----------------- Instantiating /home/travis/build/icyphy/ptII/ptolemy/domains/continuous/test/auto/StopTime2.xml
37 ms. Memory: 605696K Free: 29744K (5%)
----------------- Invoking toplevel() on ptolemy.moml.MoMLSimpleApplication@6212f309
----------------- Done invoking toplevel() on ptolemy.moml.MoMLSimpleApplication@6212f309
reloadAllAccessors: .StopTime2

===========================================================================================
----------------- testing Sun Nov 18 02:47:53 UTC 2018 /home/travis/build/icyphy/ptII/ptolemy/domains/continuous/test/auto/Switch.xml
----------------- Instantiating /home/travis/build/icyphy/ptII/ptolemy/domains/continuous/test/auto/Switch.xml
140 ms. Memory: 550400K Free: 523384K (95%)
----------------- Invoking toplevel() on ptolemy.moml.MoMLSimpleApplication@4ceb425f
----------------- Done invoking toplevel() on ptolemy.moml.MoMLSimpleApplication@4ceb425f
reloadAllAccessors: .Switch

===========================================================================================
----------------- testing Sun Nov 18 02:47:53 UTC 2018 /home/travis/build/icyphy/ptII/ptolemy/domains/continuous/test/auto/Thermostat.xml
----------------- Instantiating /home/travis/build/icyphy/ptII/ptolemy/domains/continuous/test/auto/Thermostat.xml
170 ms. Memory: 550400K Free: 444974K (81%)
----------------- Invoking toplevel() on ptolemy.moml.MoMLSimpleApplication@5f24b09
----------------- Done invoking toplevel() on ptolemy.moml.MoMLSimpleApplication@5f24b09
reloadAllAccessors: .Thermostat

===========================================================================================
----------------- testing Sun Nov 18 02:47:53 UTC 2018 /home/travis/build/icyphy/ptII/ptolemy/domains/continuous/test/auto/TimeDelay.xml
----------------- Instantiating /home/travis/build/icyphy/ptII/ptolemy/domains/continuous/test/auto/TimeDelay.xml
5 ms. Memory: 550400K Free: 437483K (79%)
----------------- Invoking toplevel() on ptolemy.moml.MoMLSimpleApplication@45924045
----------------- Done invoking toplevel() on ptolemy.moml.MoMLSimpleApplication@45924045
reloadAllAccessors: .TimeDelay

===========================================================================================
----------------- testing Sun Nov 18 02:47:53 UTC 2018 /home/travis/build/icyphy/ptII/ptolemy/domains/continuous/test/auto/TimeDelay2.xml
----------------- Instantiating /home/travis/build/icyphy/ptII/ptolemy/domains/continuous/test/auto/TimeDelay2.xml
7 ms. Memory: 550400K Free: 423409K (77%)
----------------- Invoking toplevel() on ptolemy.moml.MoMLSimpleApplication@42085212
----------------- Done invoking toplevel() on ptolemy.moml.MoMLSimpleApplication@42085212
reloadAllAccessors: .TimeDelay2

===========================================================================================
----------------- testing Sun Nov 18 02:47:54 UTC 2018 /home/travis/build/icyphy/ptII/ptolemy/domains/continuous/test/auto/TimeDelay3.xml
----------------- Instantiating /home/travis/build/icyphy/ptII/ptolemy/domains/continuous/test/auto/TimeDelay3.xml
2 ms. Memory: 550400K Free: 415841K (76%)
----------------- Invoking toplevel() on ptolemy.moml.MoMLSimpleApplication@76f2194f
----------------- Done invoking toplevel() on ptolemy.moml.MoMLSimpleApplication@76f2194f
reloadAllAccessors: .TimeDelay3

===========================================================================================
----------------- testing Sun Nov 18 02:47:54 UTC 2018 /home/travis/build/icyphy/ptII/ptolemy/domains/continuous/test/auto/TransferAbsentToInside.xml
----------------- Instantiating /home/travis/build/icyphy/ptII/ptolemy/domains/continuous/test/auto/TransferAbsentToInside.xml
28 ms. Memory: 550400K Free: 355650K (65%)
----------------- Invoking toplevel() on ptolemy.moml.MoMLSimpleApplication@1257511e
----------------- Done invoking toplevel() on ptolemy.moml.MoMLSimpleApplication@1257511e
reloadAllAccessors: .TransferAbsentToInside

===========================================================================================
----------------- testing Sun Nov 18 02:47:54 UTC 2018 /home/travis/build/icyphy/ptII/ptolemy/domains/continuous/test/auto/Transmission.xml
----------------- Instantiating /home/travis/build/icyphy/ptII/ptolemy/domains/continuous/test/auto/Transmission.xml
701 ms. Memory: 550400K Free: 114418K (21%)
----------------- Invoking toplevel() on ptolemy.moml.MoMLSimpleApplication@1633c1ad
----------------- Done invoking toplevel() on ptolemy.moml.MoMLSimpleApplication@1633c1ad
reloadAllAccessors: .Transmission

===========================================================================================
----------------- testing Sun Nov 18 02:47:54 UTC 2018 /home/travis/build/icyphy/ptII/ptolemy/domains/continuous/test/auto/TriggeredContinuousClock.xml
----------------- Instantiating /home/travis/build/icyphy/ptII/ptolemy/domains/continuous/test/auto/TriggeredContinuousClock.xml
35 ms. Memory: 550400K Free: 80501K (15%)
----------------- Invoking toplevel() on ptolemy.moml.MoMLSimpleApplication@2ace9002
----------------- Done invoking toplevel() on ptolemy.moml.MoMLSimpleApplication@2ace9002
reloadAllAccessors: .TriggeredContinuousClock

===========================================================================================
----------------- testing Sun Nov 18 02:47:54 UTC 2018 /home/travis/build/icyphy/ptII/ptolemy/domains/continuous/test/auto/TwoMachineInfiniteBusControl.xml
----------------- Instantiating /home/travis/build/icyphy/ptII/ptolemy/domains/continuous/test/auto/TwoMachineInfiniteBusControl.xml
2666 ms. Memory: 502784K Free: 414942K (83%)
----------------- Invoking toplevel() on ptolemy.moml.MoMLSimpleApplication@30b2aeaa
----------------- Done invoking toplevel() on ptolemy.moml.MoMLSimpleApplication@30b2aeaa
reloadAllAccessors: .TwoMachineInfiniteBusControl

===========================================================================================
----------------- testing Sun Nov 18 02:47:57 UTC 2018 /home/travis/build/icyphy/ptII/ptolemy/domains/continuous/test/auto/V2V.xml
----------------- Instantiating /home/travis/build/icyphy/ptII/ptolemy/domains/continuous/test/auto/V2V.xml
652 ms. Memory: 502784K Free: 212076K (42%)
----------------- Invoking toplevel() on ptolemy.moml.MoMLSimpleApplication@1d98a935
----------------- Done invoking toplevel() on ptolemy.moml.MoMLSimpleApplication@1d98a935
reloadAllAccessors: .V2V

===========================================================================================
----------------- testing Sun Nov 18 02:47:58 UTC 2018 /home/travis/build/icyphy/ptII/ptolemy/domains/continuous/test/auto/hierarchicalModalModel.xml
----------------- Instantiating /home/travis/build/icyphy/ptII/ptolemy/domains/continuous/test/auto/hierarchicalModalModel.xml
7 ms. Memory: 502784K Free: 196175K (39%)
----------------- Invoking toplevel() on ptolemy.moml.MoMLSimpleApplication@79b225a5
----------------- Done invoking toplevel() on ptolemy.moml.MoMLSimpleApplication@79b225a5
reloadAllAccessors: .hierarchicalModalModel

===========================================================================================
----------------- testing Sun Nov 18 02:47:58 UTC 2018 /home/travis/build/icyphy/ptII/ptolemy/domains/continuous/test/auto/hierarchicalModalModel1.xml
----------------- Instantiating /home/travis/build/icyphy/ptII/ptolemy/domains/continuous/test/auto/hierarchicalModalModel1.xml
7 ms. Memory: 502784K Free: 177287K (35%)
----------------- Invoking toplevel() on ptolemy.moml.MoMLSimpleApplication@54dc1774
----------------- Done invoking toplevel() on ptolemy.moml.MoMLSimpleApplication@54dc1774
reloadAllAccessors: .hierarchicalModalModel1

===========================================================================================
----------------- testing Sun Nov 18 02:47:58 UTC 2018 /home/travis/build/icyphy/ptII/ptolemy/domains/continuous/test/auto/hierarchicalModalModel2.xml
----------------- Instantiating /home/travis/build/icyphy/ptII/ptolemy/domains/continuous/test/auto/hierarchicalModalModel2.xml
6 ms. Memory: 502784K Free: 161402K (32%)
----------------- Invoking toplevel() on ptolemy.moml.MoMLSimpleApplication@494e2a0e
----------------- Done invoking toplevel() on ptolemy.moml.MoMLSimpleApplication@494e2a0e
reloadAllAccessors: .hierarchicalModalModel2

===========================================================================================
----------------- testing Sun Nov 18 02:47:58 UTC 2018 /home/travis/build/icyphy/ptII/ptolemy/domains/continuous/test/auto/hierarchicalModalModel3.xml
----------------- Instantiating /home/travis/build/icyphy/ptII/ptolemy/domains/continuous/test/auto/hierarchicalModalModel3.xml
5 ms. Memory: 502784K Free: 148520K (30%)
----------------- Invoking toplevel() on ptolemy.moml.MoMLSimpleApplication@5345cedd
----------------- Done invoking toplevel() on ptolemy.moml.MoMLSimpleApplication@5345cedd
reloadAllAccessors: .hierarchicalModalModel3

===========================================================================================
----------------- testing Sun Nov 18 02:47:58 UTC 2018 /home/travis/build/icyphy/ptII/ptolemy/domains/continuous/test/auto/hierarchicalModalModel4.xml
----------------- Instantiating /home/travis/build/icyphy/ptII/ptolemy/domains/continuous/test/auto/hierarchicalModalModel4.xml
5 ms. Memory: 502784K Free: 132533K (26%)
----------------- Invoking toplevel() on ptolemy.moml.MoMLSimpleApplication@61d156a5
----------------- Done invoking toplevel() on ptolemy.moml.MoMLSimpleApplication@61d156a5
reloadAllAccessors: .hierarchicalModalModel4

===========================================================================================
----------------- testing Sun Nov 18 02:47:58 UTC 2018 /home/travis/build/icyphy/ptII/ptolemy/domains/continuous/test/auto/junk.xml
----------------- Instantiating /home/travis/build/icyphy/ptII/ptolemy/domains/continuous/test/auto/junk.xml
122 ms. Memory: 502784K Free: 98744K (20%)
----------------- Invoking toplevel() on ptolemy.moml.MoMLSimpleApplication@4e267bbf
----------------- Done invoking toplevel() on ptolemy.moml.MoMLSimpleApplication@4e267bbf
reloadAllAccessors: .junk
AutoTests.java: About to close Vertx.
AutoTests.java: Vertx closed.
]]></system-out>
  <system-err><![CDATA[Warning: '.HysteresisWithRandomDelay.NonStrictTest' The test produced only 221 tokens, yet the correctValues parameter was expecting 222 tokens.
Warning: '.HysteresisWithRandomDelay.NonStrictTest2' The test produced only 220 tokens, yet the correctValues parameter was expecting 221 tokens.
Warning: '.HysteresisWithRandomDelay.NonStrictTest3' The test produced only 16 tokens, yet the correctValues parameter was expecting 30 tokens.
Warning: '.Poisson.NonStrictTest' The test produced only 393 tokens, yet the correctValues parameter was expecting 430 tokens.
]]></system-err>
</testsuite>
