<?xml version="1.0" encoding="UTF-8" ?>
<testsuite errors="0" failures="0" hostname="travis-job-ac96d702-177c-4c11-9944-93f84bdb82ed" name="ptolemy.domains.continuous.test.junit.JUnitTclTest" skipped="0" tests="156" time="67.504" timestamp="2020-03-22T13:23:46">
  <properties>
[...]
</properties>
  <testcase classname="ptolemy.util.test.junit.TclTests" name="[0] ThereAreNoTclTests (RunTclFile)" time="0.008" />
  <testcase classname="ptolemy.util.test.junit.AutoKnownFailedTests" name="[0] ThereAreNoKnowFailedTests (RunModel)" time="0.002" />
  <testcase classname="ptolemy.util.test.junit.AutoNameArchTests" name="[0] ThereAreNoAutoArchTests (RunModel)" time="0.023" />
  <testcase classname="ptolemy.util.test.junit.AutoTests" name="[0] /home/travis/build/icyphy/ptII/ptolemy/domains/continuous/test/auto/BouncingBall.xml (RunModel)" time="2.863" />
  <testcase classname="ptolemy.util.test.junit.AutoTests" name="[1] /home/travis/build/icyphy/ptII/ptolemy/domains/continuous/test/auto/BouncingBallWithoutGR.xml (RunModel)" time="0.855" />
  <testcase classname="ptolemy.util.test.junit.AutoTests" name="[2] /home/travis/build/icyphy/ptII/ptolemy/domains/continuous/test/auto/Brownian.xml (RunModel)" time="0.094" />
  <testcase classname="ptolemy.util.test.junit.AutoTests" name="[3] /home/travis/build/icyphy/ptII/ptolemy/domains/continuous/test/auto/CarTracking.xml (RunModel)" time="3.61" />
  <testcase classname="ptolemy.util.test.junit.AutoTests" name="[4] /home/travis/build/icyphy/ptII/ptolemy/domains/continuous/test/auto/CartPendulum.xml (RunModel)" time="0.415" />
  <testcase classname="ptolemy.util.test.junit.AutoTests" name="[5] /home/travis/build/icyphy/ptII/ptolemy/domains/continuous/test/auto/CausalityInterface10.xml (RunModel)" time="0.034" />
  <testcase classname="ptolemy.util.test.junit.AutoTests" name="[6] /home/travis/build/icyphy/ptII/ptolemy/domains/continuous/test/auto/CausalityInterface11.xml (RunModel)" time="0.021" />
  <testcase classname="ptolemy.util.test.junit.AutoTests" name="[7] /home/travis/build/icyphy/ptII/ptolemy/domains/continuous/test/auto/CausalityInterface12.xml (RunModel)" time="0.022" />
  <testcase classname="ptolemy.util.test.junit.AutoTests" name="[8] /home/travis/build/icyphy/ptII/ptolemy/domains/continuous/test/auto/CausalityInterface13.xml (RunModel)" time="0.05" />
  <testcase classname="ptolemy.util.test.junit.AutoTests" name="[9] /home/travis/build/icyphy/ptII/ptolemy/domains/continuous/test/auto/CausalityInterface14.xml (RunModel)" time="0.026" />
  <testcase classname="ptolemy.util.test.junit.AutoTests" name="[10] /home/travis/build/icyphy/ptII/ptolemy/domains/continuous/test/auto/CausalityInterface4.xml (RunModel)" time="0.028" />
  <testcase classname="ptolemy.util.test.junit.AutoTests" name="[11] /home/travis/build/icyphy/ptII/ptolemy/domains/continuous/test/auto/CausalityInterface5.xml (RunModel)" time="0.065" />
  <testcase classname="ptolemy.util.test.junit.AutoTests" name="[12] /home/travis/build/icyphy/ptII/ptolemy/domains/continuous/test/auto/CausalityInterface6.xml (RunModel)" time="0.022" />
  <testcase classname="ptolemy.util.test.junit.AutoTests" name="[13] /home/travis/build/icyphy/ptII/ptolemy/domains/continuous/test/auto/CausalityInterface7.xml (RunModel)" time="0.029" />
  <testcase classname="ptolemy.util.test.junit.AutoTests" name="[14] /home/travis/build/icyphy/ptII/ptolemy/domains/continuous/test/auto/CausalityInterface8.xml (RunModel)" time="0.027" />
  <testcase classname="ptolemy.util.test.junit.AutoTests" name="[15] /home/travis/build/icyphy/ptII/ptolemy/domains/continuous/test/auto/CausalityInterface9.xml (RunModel)" time="0.032" />
  <testcase classname="ptolemy.util.test.junit.AutoTests" name="[16] /home/travis/build/icyphy/ptII/ptolemy/domains/continuous/test/auto/CausalityInterfaceFeedback1.xml (RunModel)" time="0.021" />
  <testcase classname="ptolemy.util.test.junit.AutoTests" name="[17] /home/travis/build/icyphy/ptII/ptolemy/domains/continuous/test/auto/CausalityInterfaceFeedback2.xml (RunModel)" time="0.021" />
  <testcase classname="ptolemy.util.test.junit.AutoTests" name="[18] /home/travis/build/icyphy/ptII/ptolemy/domains/continuous/test/auto/CompareWithCurrentTime.xml (RunModel)" time="0.014" />
  <testcase classname="ptolemy.util.test.junit.AutoTests" name="[19] /home/travis/build/icyphy/ptII/ptolemy/domains/continuous/test/auto/ComparedClocks.xml (RunModel)" time="0.048" />
  <testcase classname="ptolemy.util.test.junit.AutoTests" name="[20] /home/travis/build/icyphy/ptII/ptolemy/domains/continuous/test/auto/ContinuousAOCClone.xml (RunModel)" time="2.327" />
  <testcase classname="ptolemy.util.test.junit.AutoTests" name="[21] /home/travis/build/icyphy/ptII/ptolemy/domains/continuous/test/auto/ContinuousClock.xml (RunModel)" time="0.068" />
  <testcase classname="ptolemy.util.test.junit.AutoTests" name="[22] /home/travis/build/icyphy/ptII/ptolemy/domains/continuous/test/auto/ContinuousInContinuous.xml (RunModel)" time="0.078" />
  <testcase classname="ptolemy.util.test.junit.AutoTests" name="[23] /home/travis/build/icyphy/ptII/ptolemy/domains/continuous/test/auto/ContinuousInContinuousInContinuous.xml (RunModel)" time="0.023" />
  <testcase classname="ptolemy.util.test.junit.AutoTests" name="[24] /home/travis/build/icyphy/ptII/ptolemy/domains/continuous/test/auto/ContinuousInDE.xml (RunModel)" time="0.106" />
  <testcase classname="ptolemy.util.test.junit.AutoTests" name="[25] /home/travis/build/icyphy/ptII/ptolemy/domains/continuous/test/auto/ContinuousInDE2.xml (RunModel)" time="0.048" />
  <testcase classname="ptolemy.util.test.junit.AutoTests" name="[26] /home/travis/build/icyphy/ptII/ptolemy/domains/continuous/test/auto/ContinuousInDE3.xml (RunModel)" time="0.05" />
  <testcase classname="ptolemy.util.test.junit.AutoTests" name="[27] /home/travis/build/icyphy/ptII/ptolemy/domains/continuous/test/auto/ContinuousInDE4.xml (RunModel)" time="0.028" />
  <testcase classname="ptolemy.util.test.junit.AutoTests" name="[28] /home/travis/build/icyphy/ptII/ptolemy/domains/continuous/test/auto/ContinuousInDEDifferentRefinements.xml (RunModel)" time="0.1" />
  <testcase classname="ptolemy.util.test.junit.AutoTests" name="[29] /home/travis/build/icyphy/ptII/ptolemy/domains/continuous/test/auto/ContinuousInDEDifferentRefinementsPreemptive.xml (RunModel)" time="0.098" />
  <testcase classname="ptolemy.util.test.junit.AutoTests" name="[30] /home/travis/build/icyphy/ptII/ptolemy/domains/continuous/test/auto/ContinuousInDEInContinuous2.xml (RunModel)" time="0.066" />
  <testcase classname="ptolemy.util.test.junit.AutoTests" name="[31] /home/travis/build/icyphy/ptII/ptolemy/domains/continuous/test/auto/ContinuousInDEInContinuous3.xml (RunModel)" time="0.066" />
  <testcase classname="ptolemy.util.test.junit.AutoTests" name="[32] /home/travis/build/icyphy/ptII/ptolemy/domains/continuous/test/auto/ContinuousInDEInput.xml (RunModel)" time="0.029" />
  <testcase classname="ptolemy.util.test.junit.AutoTests" name="[33] /home/travis/build/icyphy/ptII/ptolemy/domains/continuous/test/auto/ContinuousInDEInput2.xml (RunModel)" time="0.032" />
  <testcase classname="ptolemy.util.test.junit.AutoTests" name="[34] /home/travis/build/icyphy/ptII/ptolemy/domains/continuous/test/auto/ContinuousInDEInput3.xml (RunModel)" time="0.034" />
  <testcase classname="ptolemy.util.test.junit.AutoTests" name="[35] /home/travis/build/icyphy/ptII/ptolemy/domains/continuous/test/auto/ContinuousInDESharingRefinement.xml (RunModel)" time="0.178" />
  <testcase classname="ptolemy.util.test.junit.AutoTests" name="[36] /home/travis/build/icyphy/ptII/ptolemy/domains/continuous/test/auto/ContinuousInDEwithNoPorts.xml (RunModel)" time="0.02" />
  <testcase classname="ptolemy.util.test.junit.AutoTests" name="[37] /home/travis/build/icyphy/ptII/ptolemy/domains/continuous/test/auto/ContinuousInsideDE.xml (RunModel)" time="0.086" />
  <testcase classname="ptolemy.util.test.junit.AutoTests" name="[38] /home/travis/build/icyphy/ptII/ptolemy/domains/continuous/test/auto/ContinuousMerge1.xml (RunModel)" time="0.017" />
  <testcase classname="ptolemy.util.test.junit.AutoTests" name="[39] /home/travis/build/icyphy/ptII/ptolemy/domains/continuous/test/auto/ContinuousMerge2.xml (RunModel)" time="0.047" />
  <testcase classname="ptolemy.util.test.junit.AutoTests" name="[40] /home/travis/build/icyphy/ptII/ptolemy/domains/continuous/test/auto/ContinuousMerge3.xml (RunModel)" time="0.063" />
  <testcase classname="ptolemy.util.test.junit.AutoTests" name="[41] /home/travis/build/icyphy/ptII/ptolemy/domains/continuous/test/auto/ContinuousWithinContinuous.xml (RunModel)" time="0.05" />
  <testcase classname="ptolemy.util.test.junit.AutoTests" name="[42] /home/travis/build/icyphy/ptII/ptolemy/domains/continuous/test/auto/ContinuousWithinContinuous2.xml (RunModel)" time="0.074" />
  <testcase classname="ptolemy.util.test.junit.AutoTests" name="[43] /home/travis/build/icyphy/ptII/ptolemy/domains/continuous/test/auto/ContinuousWithinContinuous3.xml (RunModel)" time="0.032" />
  <testcase classname="ptolemy.util.test.junit.AutoTests" name="[44] /home/travis/build/icyphy/ptII/ptolemy/domains/continuous/test/auto/ContinuousWithinContinuous4.xml (RunModel)" time="0.066" />
  <testcase classname="ptolemy.util.test.junit.AutoTests" name="[45] /home/travis/build/icyphy/ptII/ptolemy/domains/continuous/test/auto/ContinuousWithinContinuous5.xml (RunModel)" time="0.031" />
  <testcase classname="ptolemy.util.test.junit.AutoTests" name="[46] /home/travis/build/icyphy/ptII/ptolemy/domains/continuous/test/auto/ContinuousWithinContinuous6.xml (RunModel)" time="0.03" />
  <testcase classname="ptolemy.util.test.junit.AutoTests" name="[47] /home/travis/build/icyphy/ptII/ptolemy/domains/continuous/test/auto/ContinuousWithinContinuous7.xml (RunModel)" time="0.057" />
  <testcase classname="ptolemy.util.test.junit.AutoTests" name="[48] /home/travis/build/icyphy/ptII/ptolemy/domains/continuous/test/auto/DCMotor.xml (RunModel)" time="12.374" />
  <testcase classname="ptolemy.util.test.junit.AutoTests" name="[49] /home/travis/build/icyphy/ptII/ptolemy/domains/continuous/test/auto/DEInContinuous.xml (RunModel)" time="0.023" />
  <testcase classname="ptolemy.util.test.junit.AutoTests" name="[50] /home/travis/build/icyphy/ptII/ptolemy/domains/continuous/test/auto/DEinContinuous2.xml (RunModel)" time="0.032" />
  <testcase classname="ptolemy.util.test.junit.AutoTests" name="[51] /home/travis/build/icyphy/ptII/ptolemy/domains/continuous/test/auto/Derivative.xml (RunModel)" time="0.165" />
  <testcase classname="ptolemy.util.test.junit.AutoTests" name="[52] /home/travis/build/icyphy/ptII/ptolemy/domains/continuous/test/auto/Derivative1.xml (RunModel)" time="0.051" />
  <testcase classname="ptolemy.util.test.junit.AutoTests" name="[53] /home/travis/build/icyphy/ptII/ptolemy/domains/continuous/test/auto/DiscreteClock.xml (RunModel)" time="0.013" />
  <testcase classname="ptolemy.util.test.junit.AutoTests" name="[54] /home/travis/build/icyphy/ptII/ptolemy/domains/continuous/test/auto/EfficiencyCurve.xml (RunModel)" time="0.069" />
  <testcase classname="ptolemy.util.test.junit.AutoTests" name="[55] /home/travis/build/icyphy/ptII/ptolemy/domains/continuous/test/auto/ExponentialResponse.xml (RunModel)" time="0.098" />
  <testcase classname="ptolemy.util.test.junit.AutoTests" name="[56] /home/travis/build/icyphy/ptII/ptolemy/domains/continuous/test/auto/ExponentialResponseRK45.xml (RunModel)" time="0.028" />
  <testcase classname="ptolemy.util.test.junit.AutoTests" name="[57] /home/travis/build/icyphy/ptII/ptolemy/domains/continuous/test/auto/Friction.xml (RunModel)" time="1.542" />
  <testcase classname="ptolemy.util.test.junit.AutoTests" name="[58] /home/travis/build/icyphy/ptII/ptolemy/domains/continuous/test/auto/FurutaPendulum.xml (RunModel)" time="2.989" />
  <testcase classname="ptolemy.util.test.junit.AutoTests" name="[59] /home/travis/build/icyphy/ptII/ptolemy/domains/continuous/test/auto/HierarchicalExecution.xml (RunModel)" time="1.749" />
  <testcase classname="ptolemy.util.test.junit.AutoTests" name="[60] /home/travis/build/icyphy/ptII/ptolemy/domains/continuous/test/auto/HybridPlant.xml (RunModel)" time="0.52" />
  <testcase classname="ptolemy.util.test.junit.AutoTests" name="[61] /home/travis/build/icyphy/ptII/ptolemy/domains/continuous/test/auto/Hysteresis.xml (RunModel)" time="0.185" />
  <testcase classname="ptolemy.util.test.junit.AutoTests" name="[62] /home/travis/build/icyphy/ptII/ptolemy/domains/continuous/test/auto/HysteresisWithRandomDelay.xml (RunModel)" time="0.203" />
  <testcase classname="ptolemy.util.test.junit.AutoTests" name="[63] /home/travis/build/icyphy/ptII/ptolemy/domains/continuous/test/auto/HysteresisWithRandomLosses.xml (RunModel)" time="2.169" />
  <testcase classname="ptolemy.util.test.junit.AutoTests" name="[64] /home/travis/build/icyphy/ptII/ptolemy/domains/continuous/test/auto/ImmediateTransitions.xml (RunModel)" time="0.032" />
  <testcase classname="ptolemy.util.test.junit.AutoTests" name="[65] /home/travis/build/icyphy/ptII/ptolemy/domains/continuous/test/auto/ImpulseFeedback.xml (RunModel)" time="0.017" />
  <testcase classname="ptolemy.util.test.junit.AutoTests" name="[66] /home/travis/build/icyphy/ptII/ptolemy/domains/continuous/test/auto/ImpulseFeedback2.xml (RunModel)" time="0.014" />
  <testcase classname="ptolemy.util.test.junit.AutoTests" name="[67] /home/travis/build/icyphy/ptII/ptolemy/domains/continuous/test/auto/IncreasingRatePoisson.xml (RunModel)" time="0.721" />
  <testcase classname="ptolemy.util.test.junit.AutoTests" name="[68] /home/travis/build/icyphy/ptII/ptolemy/domains/continuous/test/auto/InitialStateFeedback.xml (RunModel)" time="0.017" />
  <testcase classname="ptolemy.util.test.junit.AutoTests" name="[69] /home/travis/build/icyphy/ptII/ptolemy/domains/continuous/test/auto/Integration.xml (RunModel)" time="0.01" />
  <testcase classname="ptolemy.util.test.junit.AutoTests" name="[70] /home/travis/build/icyphy/ptII/ptolemy/domains/continuous/test/auto/Integration2.xml (RunModel)" time="0.078" />
  <testcase classname="ptolemy.util.test.junit.AutoTests" name="[71] /home/travis/build/icyphy/ptII/ptolemy/domains/continuous/test/auto/Integration3.xml (RunModel)" time="0.03" />
  <testcase classname="ptolemy.util.test.junit.AutoTests" name="[72] /home/travis/build/icyphy/ptII/ptolemy/domains/continuous/test/auto/Integration5.xml (RunModel)" time="0.01" />
  <testcase classname="ptolemy.util.test.junit.AutoTests" name="[73] /home/travis/build/icyphy/ptII/ptolemy/domains/continuous/test/auto/IntegratorImpulse.xml (RunModel)" time="0.014" />
  <testcase classname="ptolemy.util.test.junit.AutoTests" name="[74] /home/travis/build/icyphy/ptII/ptolemy/domains/continuous/test/auto/IntegratorImpulse2.xml (RunModel)" time="0.012" />
  <testcase classname="ptolemy.util.test.junit.AutoTests" name="[75] /home/travis/build/icyphy/ptII/ptolemy/domains/continuous/test/auto/LevelCrossing1.xml (RunModel)" time="0.009" />
  <testcase classname="ptolemy.util.test.junit.AutoTests" name="[76] /home/travis/build/icyphy/ptII/ptolemy/domains/continuous/test/auto/LevelCrossing2.xml (RunModel)" time="0.011" />
  <testcase classname="ptolemy.util.test.junit.AutoTests" name="[77] /home/travis/build/icyphy/ptII/ptolemy/domains/continuous/test/auto/LevelCrossing3.xml (RunModel)" time="0.009" />
  <testcase classname="ptolemy.util.test.junit.AutoTests" name="[78] /home/travis/build/icyphy/ptII/ptolemy/domains/continuous/test/auto/LevelCrossing4.xml (RunModel)" time="0.011" />
  <testcase classname="ptolemy.util.test.junit.AutoTests" name="[79] /home/travis/build/icyphy/ptII/ptolemy/domains/continuous/test/auto/LevelCrossing5.xml (RunModel)" time="0.014" />
  <testcase classname="ptolemy.util.test.junit.AutoTests" name="[80] /home/travis/build/icyphy/ptII/ptolemy/domains/continuous/test/auto/LevelCrossing6.xml (RunModel)" time="0.011" />
  <testcase classname="ptolemy.util.test.junit.AutoTests" name="[81] /home/travis/build/icyphy/ptII/ptolemy/domains/continuous/test/auto/LevelCrossingDetector.xml (RunModel)" time="0.036" />
  <testcase classname="ptolemy.util.test.junit.AutoTests" name="[82] /home/travis/build/icyphy/ptII/ptolemy/domains/continuous/test/auto/LevelCrossingDetectorDetectingDirections.xml (RunModel)" time="0.077" />
  <testcase classname="ptolemy.util.test.junit.AutoTests" name="[83] /home/travis/build/icyphy/ptII/ptolemy/domains/continuous/test/auto/LevelCrossingDetectorDetectsGlitches.xml (RunModel)" time="0.056" />
  <testcase classname="ptolemy.util.test.junit.AutoTests" name="[84] /home/travis/build/icyphy/ptII/ptolemy/domains/continuous/test/auto/LevelCrossingNoInitialOuput.xml (RunModel)" time="0.013" />
  <testcase classname="ptolemy.util.test.junit.AutoTests" name="[85] /home/travis/build/icyphy/ptII/ptolemy/domains/continuous/test/auto/LinearStateSpaceExample.xml (RunModel)" time="0.057" />
  <testcase classname="ptolemy.util.test.junit.AutoTests" name="[86] /home/travis/build/icyphy/ptII/ptolemy/domains/continuous/test/auto/Lorenz.xml (RunModel)" time="3.243" />
  <testcase classname="ptolemy.util.test.junit.AutoTests" name="[87] /home/travis/build/icyphy/ptII/ptolemy/domains/continuous/test/auto/LorenzDifferentialSystem.xml (RunModel)" time="0.857" />
  <testcase classname="ptolemy.util.test.junit.AutoTests" name="[88] /home/travis/build/icyphy/ptII/ptolemy/domains/continuous/test/auto/LorenzDifferentialSystemWithInput.xml (RunModel)" time="1.291" />
  <testcase classname="ptolemy.util.test.junit.AutoTests" name="[89] /home/travis/build/icyphy/ptII/ptolemy/domains/continuous/test/auto/LorenzDifferentialSystemWithTime.xml (RunModel)" time="0.751" />
  <testcase classname="ptolemy.util.test.junit.AutoTests" name="[90] /home/travis/build/icyphy/ptII/ptolemy/domains/continuous/test/auto/Microsteps.xml (RunModel)" time="0.026" />
  <testcase classname="ptolemy.util.test.junit.AutoTests" name="[91] /home/travis/build/icyphy/ptII/ptolemy/domains/continuous/test/auto/Modal1.xml (RunModel)" time="0.039" />
  <testcase classname="ptolemy.util.test.junit.AutoTests" name="[92] /home/travis/build/icyphy/ptII/ptolemy/domains/continuous/test/auto/Modal2.xml (RunModel)" time="0.049" />
  <testcase classname="ptolemy.util.test.junit.AutoTests" name="[93] /home/travis/build/icyphy/ptII/ptolemy/domains/continuous/test/auto/ModalTransitionGuardWithReset.xml (RunModel)" time="0.032" />
  <testcase classname="ptolemy.util.test.junit.AutoTests" name="[94] /home/travis/build/icyphy/ptII/ptolemy/domains/continuous/test/auto/ModalTransitionGuardWithResetUsingPreemptiveTransition.xml (RunModel)" time="0.025" />
  <testcase classname="ptolemy.util.test.junit.AutoTests" name="[95] /home/travis/build/icyphy/ptII/ptolemy/domains/continuous/test/auto/ModalTransitionGuardWithResetUsingPreemptiveTransition2.xml (RunModel)" time="0.028" />
  <testcase classname="ptolemy.util.test.junit.AutoTests" name="[96] /home/travis/build/icyphy/ptII/ptolemy/domains/continuous/test/auto/ModalTransitionGuardWithResetUsingPreemptiveTransition3.xml (RunModel)" time="0.021" />
  <testcase classname="ptolemy.util.test.junit.AutoTests" name="[97] /home/travis/build/icyphy/ptII/ptolemy/domains/continuous/test/auto/NewtonsCradle.xml (RunModel)" time="0.71" />
  <testcase classname="ptolemy.util.test.junit.AutoTests" name="[98] /home/travis/build/icyphy/ptII/ptolemy/domains/continuous/test/auto/NewtonsCradleAnimated.xml (RunModel)" time="1.238" />
  <testcase classname="ptolemy.util.test.junit.AutoTests" name="[99] /home/travis/build/icyphy/ptII/ptolemy/domains/continuous/test/auto/NewtonsCradleComplicated.xml (RunModel)" time="0.881" />
  <testcase classname="ptolemy.util.test.junit.AutoTests" name="[100] /home/travis/build/icyphy/ptII/ptolemy/domains/continuous/test/auto/NewtonsCradleNondeterministic.xml (RunModel)" time="0.588" />
  <testcase classname="ptolemy.util.test.junit.AutoTests" name="[101] /home/travis/build/icyphy/ptII/ptolemy/domains/continuous/test/auto/NewtonsCradlePerfectlyInelastic1.xml (RunModel)" time="1.098" />
  <testcase classname="ptolemy.util.test.junit.AutoTests" name="[102] /home/travis/build/icyphy/ptII/ptolemy/domains/continuous/test/auto/Noise.xml (RunModel)" time="0.168" />
  <testcase classname="ptolemy.util.test.junit.AutoTests" name="[103] /home/travis/build/icyphy/ptII/ptolemy/domains/continuous/test/auto/NoiseSpectrum.xml (RunModel)" time="0.594" />
  <testcase classname="ptolemy.util.test.junit.AutoTests" name="[104] /home/travis/build/icyphy/ptII/ptolemy/domains/continuous/test/auto/ParameterizedNewtonsCradleAnimated.xml (RunModel)" time="0.32" />
  <testcase classname="ptolemy.util.test.junit.AutoTests" name="[105] /home/travis/build/icyphy/ptII/ptolemy/domains/continuous/test/auto/ParameterizedNewtonsCradleAnimatedNondeterministic.xml (RunModel)" time="1.066" />
  <testcase classname="ptolemy.util.test.junit.AutoTests" name="[106] /home/travis/build/icyphy/ptII/ptolemy/domains/continuous/test/auto/Pendulum3D.xml (RunModel)" time="0.151" />
  <testcase classname="ptolemy.util.test.junit.AutoTests" name="[107] /home/travis/build/icyphy/ptII/ptolemy/domains/continuous/test/auto/PeriodicSampler.xml (RunModel)" time="0.013" />
  <testcase classname="ptolemy.util.test.junit.AutoTests" name="[108] /home/travis/build/icyphy/ptII/ptolemy/domains/continuous/test/auto/PeriodicSampler1.xml (RunModel)" time="0.036" />
  <testcase classname="ptolemy.util.test.junit.AutoTests" name="[109] /home/travis/build/icyphy/ptII/ptolemy/domains/continuous/test/auto/PeriodicSampler2.xml (RunModel)" time="0.065" />
  <testcase classname="ptolemy.util.test.junit.AutoTests" name="[110] /home/travis/build/icyphy/ptII/ptolemy/domains/continuous/test/auto/Poisson.xml (RunModel)" time="0.452" />
  <testcase classname="ptolemy.util.test.junit.AutoTests" name="[111] /home/travis/build/icyphy/ptII/ptolemy/domains/continuous/test/auto/PoissonClock.xml (RunModel)" time="0.013" />
  <testcase classname="ptolemy.util.test.junit.AutoTests" name="[112] /home/travis/build/icyphy/ptII/ptolemy/domains/continuous/test/auto/PoissonClock2.xml (RunModel)" time="0.009" />
  <testcase classname="ptolemy.util.test.junit.AutoTests" name="[113] /home/travis/build/icyphy/ptII/ptolemy/domains/continuous/test/auto/PortParameterHierarchy.xml (RunModel)" time="0.023" />
  <testcase classname="ptolemy.util.test.junit.AutoTests" name="[114] /home/travis/build/icyphy/ptII/ptolemy/domains/continuous/test/auto/RandomHybridPlant.xml (RunModel)" time="0.547" />
  <testcase classname="ptolemy.util.test.junit.AutoTests" name="[115] /home/travis/build/icyphy/ptII/ptolemy/domains/continuous/test/auto/ResetTransitionWithStartTime1.xml (RunModel)" time="0.025" />
  <testcase classname="ptolemy.util.test.junit.AutoTests" name="[116] /home/travis/build/icyphy/ptII/ptolemy/domains/continuous/test/auto/ResetTransitionWithStartTime2.xml (RunModel)" time="0.038" />
  <testcase classname="ptolemy.util.test.junit.AutoTests" name="[117] /home/travis/build/icyphy/ptII/ptolemy/domains/continuous/test/auto/ResetTransitionWithStartTime3.xml (RunModel)" time="0.037" />
  <testcase classname="ptolemy.util.test.junit.AutoTests" name="[118] /home/travis/build/icyphy/ptII/ptolemy/domains/continuous/test/auto/ResetTransitionWithStartTime4.xml (RunModel)" time="0.027" />
  <testcase classname="ptolemy.util.test.junit.AutoTests" name="[119] /home/travis/build/icyphy/ptII/ptolemy/domains/continuous/test/auto/ResetTransitionWithStartTime5.xml (RunModel)" time="0.034" />
  <testcase classname="ptolemy.util.test.junit.AutoTests" name="[120] /home/travis/build/icyphy/ptII/ptolemy/domains/continuous/test/auto/ResetTransitionWithStartTime6.xml (RunModel)" time="0.039" />
  <testcase classname="ptolemy.util.test.junit.AutoTests" name="[121] /home/travis/build/icyphy/ptII/ptolemy/domains/continuous/test/auto/SRinContinuous.xml (RunModel)" time="0.028" />
  <testcase classname="ptolemy.util.test.junit.AutoTests" name="[122] /home/travis/build/icyphy/ptII/ptolemy/domains/continuous/test/auto/SampledClocks.xml (RunModel)" time="0.032" />
  <testcase classname="ptolemy.util.test.junit.AutoTests" name="[123] /home/travis/build/icyphy/ptII/ptolemy/domains/continuous/test/auto/Satellite.xml (RunModel)" time="0.753" />
  <testcase classname="ptolemy.util.test.junit.AutoTests" name="[124] /home/travis/build/icyphy/ptII/ptolemy/domains/continuous/test/auto/SigmaDelta.xml (RunModel)" time="2.076" />
  <testcase classname="ptolemy.util.test.junit.AutoTests" name="[125] /home/travis/build/icyphy/ptII/ptolemy/domains/continuous/test/auto/SingleRefinement.xml (RunModel)" time="0.383" />
  <testcase classname="ptolemy.util.test.junit.AutoTests" name="[126] /home/travis/build/icyphy/ptII/ptolemy/domains/continuous/test/auto/SinuBouncingBall.xml (RunModel)" time="0.82" />
  <testcase classname="ptolemy.util.test.junit.AutoTests" name="[127] /home/travis/build/icyphy/ptII/ptolemy/domains/continuous/test/auto/Sinusoid.xml (RunModel)" time="0.016" />
  <testcase classname="ptolemy.util.test.junit.AutoTests" name="[128] /home/travis/build/icyphy/ptII/ptolemy/domains/continuous/test/auto/SinusoidInNoise.xml (RunModel)" time="0.841" />
  <testcase classname="ptolemy.util.test.junit.AutoTests" name="[129] /home/travis/build/icyphy/ptII/ptolemy/domains/continuous/test/auto/SinusoidRK45.xml (RunModel)" time="0.008" />
  <testcase classname="ptolemy.util.test.junit.AutoTests" name="[130] /home/travis/build/icyphy/ptII/ptolemy/domains/continuous/test/auto/SinusoidWithMultipleImpulses.xml (RunModel)" time="0.009" />
  <testcase classname="ptolemy.util.test.junit.AutoTests" name="[131] /home/travis/build/icyphy/ptII/ptolemy/domains/continuous/test/auto/SquareWave.xml (RunModel)" time="0.155" />
  <testcase classname="ptolemy.util.test.junit.AutoTests" name="[132] /home/travis/build/icyphy/ptII/ptolemy/domains/continuous/test/auto/Starmac.xml (RunModel)" time="3.359" />
  <testcase classname="ptolemy.util.test.junit.AutoTests" name="[133] /home/travis/build/icyphy/ptII/ptolemy/domains/continuous/test/auto/StaticUnits.xml (RunModel)" time="2.362" />
  <testcase classname="ptolemy.util.test.junit.AutoTests" name="[134] /home/travis/build/icyphy/ptII/ptolemy/domains/continuous/test/auto/StickyMasses.xml (RunModel)" time="0.186" />
  <testcase classname="ptolemy.util.test.junit.AutoTests" name="[135] /home/travis/build/icyphy/ptII/ptolemy/domains/continuous/test/auto/StopTime.xml (RunModel)" time="0.061" />
  <testcase classname="ptolemy.util.test.junit.AutoTests" name="[136] /home/travis/build/icyphy/ptII/ptolemy/domains/continuous/test/auto/StopTime2.xml (RunModel)" time="0.051" />
  <testcase classname="ptolemy.util.test.junit.AutoTests" name="[137] /home/travis/build/icyphy/ptII/ptolemy/domains/continuous/test/auto/Switch.xml (RunModel)" time="0.06" />
  <testcase classname="ptolemy.util.test.junit.AutoTests" name="[138] /home/travis/build/icyphy/ptII/ptolemy/domains/continuous/test/auto/Thermostat.xml (RunModel)" time="0.19" />
  <testcase classname="ptolemy.util.test.junit.AutoTests" name="[139] /home/travis/build/icyphy/ptII/ptolemy/domains/continuous/test/auto/TimeDelay.xml (RunModel)" time="0.011" />
  <testcase classname="ptolemy.util.test.junit.AutoTests" name="[140] /home/travis/build/icyphy/ptII/ptolemy/domains/continuous/test/auto/TimeDelay2.xml (RunModel)" time="0.024" />
  <testcase classname="ptolemy.util.test.junit.AutoTests" name="[141] /home/travis/build/icyphy/ptII/ptolemy/domains/continuous/test/auto/TimeDelay3.xml (RunModel)" time="0.011" />
  <testcase classname="ptolemy.util.test.junit.AutoTests" name="[142] /home/travis/build/icyphy/ptII/ptolemy/domains/continuous/test/auto/TransferAbsentToInside.xml (RunModel)" time="0.154" />
  <testcase classname="ptolemy.util.test.junit.AutoTests" name="[143] /home/travis/build/icyphy/ptII/ptolemy/domains/continuous/test/auto/Transmission.xml (RunModel)" time="0.759" />
  <testcase classname="ptolemy.util.test.junit.AutoTests" name="[144] /home/travis/build/icyphy/ptII/ptolemy/domains/continuous/test/auto/TriggeredContinuousClock.xml (RunModel)" time="0.057" />
  <testcase classname="ptolemy.util.test.junit.AutoTests" name="[145] /home/travis/build/icyphy/ptII/ptolemy/domains/continuous/test/auto/TwoMachineInfiniteBusControl.xml (RunModel)" time="2.526" />
  <testcase classname="ptolemy.util.test.junit.AutoTests" name="[146] /home/travis/build/icyphy/ptII/ptolemy/domains/continuous/test/auto/V2V.xml (RunModel)" time="0.954" />
  <testcase classname="ptolemy.util.test.junit.AutoTests" name="[147] /home/travis/build/icyphy/ptII/ptolemy/domains/continuous/test/auto/hierarchicalModalModel.xml (RunModel)" time="0.042" />
  <testcase classname="ptolemy.util.test.junit.AutoTests" name="[148] /home/travis/build/icyphy/ptII/ptolemy/domains/continuous/test/auto/hierarchicalModalModel1.xml (RunModel)" time="0.028" />
  <testcase classname="ptolemy.util.test.junit.AutoTests" name="[149] /home/travis/build/icyphy/ptII/ptolemy/domains/continuous/test/auto/hierarchicalModalModel2.xml (RunModel)" time="0.027" />
  <testcase classname="ptolemy.util.test.junit.AutoTests" name="[150] /home/travis/build/icyphy/ptII/ptolemy/domains/continuous/test/auto/hierarchicalModalModel3.xml (RunModel)" time="0.024" />
  <testcase classname="ptolemy.util.test.junit.AutoTests" name="[151] /home/travis/build/icyphy/ptII/ptolemy/domains/continuous/test/auto/hierarchicalModalModel4.xml (RunModel)" time="0.028" />
  <testcase classname="ptolemy.util.test.junit.AutoTests" name="[152] /home/travis/build/icyphy/ptII/ptolemy/domains/continuous/test/auto/junk.xml (RunModel)" time="0.143" />
  <system-out><![CDATA[No tcl tests in /home/travis/build/icyphy/ptII/ptolemy/domains/continuous/test
No auto/knownFailedTests/*.xml tests in /home/travis/build/icyphy/ptII/ptolemy/domains/continuous/test
No auto/linux-amd64/*.xml tests in /home/travis/build/icyphy/ptII/ptolemy/domains/continuous/test
AutoTests.java: About to close Vertx.
AutoTests.java: Vertx closed.

===========================================================================================
----------------- testing Sun Mar 22 13:23:46 UTC 2020 /home/travis/build/icyphy/ptII/ptolemy/domains/continuous/test/auto/BouncingBall.xml
----------------- Instantiating /home/travis/build/icyphy/ptII/ptolemy/domains/continuous/test/auto/BouncingBall.xml
2310 ms. Memory: 161792K Free: 86908K (54%)
----------------- Invoking toplevel() on ptolemy.moml.MoMLSimpleApplication@68057f57
----------------- Done invoking toplevel() on ptolemy.moml.MoMLSimpleApplication@68057f57
reloadAllAccessors: .BouncingBall

===========================================================================================
----------------- testing Sun Mar 22 13:23:49 UTC 2020 /home/travis/build/icyphy/ptII/ptolemy/domains/continuous/test/auto/BouncingBallWithoutGR.xml
----------------- Instantiating /home/travis/build/icyphy/ptII/ptolemy/domains/continuous/test/auto/BouncingBallWithoutGR.xml
737 ms. Memory: 161792K Free: 92412K (57%)
----------------- Invoking toplevel() on ptolemy.moml.MoMLSimpleApplication@5d0cfff3
----------------- Done invoking toplevel() on ptolemy.moml.MoMLSimpleApplication@5d0cfff3
reloadAllAccessors: .BouncingBallWithoutGR

===========================================================================================
----------------- testing Sun Mar 22 13:23:50 UTC 2020 /home/travis/build/icyphy/ptII/ptolemy/domains/continuous/test/auto/Brownian.xml
----------------- Instantiating /home/travis/build/icyphy/ptII/ptolemy/domains/continuous/test/auto/Brownian.xml
23 ms. Memory: 161792K Free: 83196K (51%)
----------------- Invoking toplevel() on ptolemy.moml.MoMLSimpleApplication@1eb9ef49
----------------- Done invoking toplevel() on ptolemy.moml.MoMLSimpleApplication@1eb9ef49
reloadAllAccessors: .Brownian

===========================================================================================
----------------- testing Sun Mar 22 13:23:50 UTC 2020 /home/travis/build/icyphy/ptII/ptolemy/domains/continuous/test/auto/CarTracking.xml
----------------- Instantiating /home/travis/build/icyphy/ptII/ptolemy/domains/continuous/test/auto/CarTracking.xml
3229 ms. Memory: 233472K Free: 201105K (86%)
----------------- Invoking toplevel() on ptolemy.moml.MoMLSimpleApplication@675cd1a1
----------------- Done invoking toplevel() on ptolemy.moml.MoMLSimpleApplication@675cd1a1
reloadAllAccessors: .CarTracking

===========================================================================================
----------------- testing Sun Mar 22 13:23:54 UTC 2020 /home/travis/build/icyphy/ptII/ptolemy/domains/continuous/test/auto/CartPendulum.xml
----------------- Instantiating /home/travis/build/icyphy/ptII/ptolemy/domains/continuous/test/auto/CartPendulum.xml
332 ms. Memory: 233472K Free: 106897K (46%)
----------------- Invoking toplevel() on ptolemy.moml.MoMLSimpleApplication@3ad587c0
----------------- Done invoking toplevel() on ptolemy.moml.MoMLSimpleApplication@3ad587c0
reloadAllAccessors: .CartPendulum

===========================================================================================
----------------- testing Sun Mar 22 13:23:54 UTC 2020 /home/travis/build/icyphy/ptII/ptolemy/domains/continuous/test/auto/CausalityInterface10.xml
----------------- Instantiating /home/travis/build/icyphy/ptII/ptolemy/domains/continuous/test/auto/CausalityInterface10.xml
6 ms. Memory: 233472K Free: 96657K (41%)
----------------- Invoking toplevel() on ptolemy.moml.MoMLSimpleApplication@401e3340
----------------- Done invoking toplevel() on ptolemy.moml.MoMLSimpleApplication@401e3340
reloadAllAccessors: .CausalityInterface10

===========================================================================================
----------------- testing Sun Mar 22 13:23:54 UTC 2020 /home/travis/build/icyphy/ptII/ptolemy/domains/continuous/test/auto/CausalityInterface11.xml
----------------- Instantiating /home/travis/build/icyphy/ptII/ptolemy/domains/continuous/test/auto/CausalityInterface11.xml
4 ms. Memory: 233472K Free: 90499K (39%)
----------------- Invoking toplevel() on ptolemy.moml.MoMLSimpleApplication@15fc0ea6
----------------- Done invoking toplevel() on ptolemy.moml.MoMLSimpleApplication@15fc0ea6
reloadAllAccessors: .CausalityInterface11

===========================================================================================
----------------- testing Sun Mar 22 13:23:54 UTC 2020 /home/travis/build/icyphy/ptII/ptolemy/domains/continuous/test/auto/CausalityInterface12.xml
----------------- Instantiating /home/travis/build/icyphy/ptII/ptolemy/domains/continuous/test/auto/CausalityInterface12.xml
5 ms. Memory: 233472K Free: 84355K (36%)
----------------- Invoking toplevel() on ptolemy.moml.MoMLSimpleApplication@6b4b2a39
----------------- Done invoking toplevel() on ptolemy.moml.MoMLSimpleApplication@6b4b2a39
reloadAllAccessors: .CausalityInterface12

===========================================================================================
----------------- testing Sun Mar 22 13:23:54 UTC 2020 /home/travis/build/icyphy/ptII/ptolemy/domains/continuous/test/auto/CausalityInterface13.xml
----------------- Instantiating /home/travis/build/icyphy/ptII/ptolemy/domains/continuous/test/auto/CausalityInterface13.xml
12 ms. Memory: 233472K Free: 215081K (92%)
----------------- Invoking toplevel() on ptolemy.moml.MoMLSimpleApplication@290856f1
----------------- Done invoking toplevel() on ptolemy.moml.MoMLSimpleApplication@290856f1
reloadAllAccessors: .CausalityInterface13

===========================================================================================
----------------- testing Sun Mar 22 13:23:54 UTC 2020 /home/travis/build/icyphy/ptII/ptolemy/domains/continuous/test/auto/CausalityInterface14.xml
----------------- Instantiating /home/travis/build/icyphy/ptII/ptolemy/domains/continuous/test/auto/CausalityInterface14.xml
4 ms. Memory: 233472K Free: 209451K (90%)
----------------- Invoking toplevel() on ptolemy.moml.MoMLSimpleApplication@32e5c5b
----------------- Done invoking toplevel() on ptolemy.moml.MoMLSimpleApplication@32e5c5b
reloadAllAccessors: .CausalityInterface14

===========================================================================================
----------------- testing Sun Mar 22 13:23:54 UTC 2020 /home/travis/build/icyphy/ptII/ptolemy/domains/continuous/test/auto/CausalityInterface4.xml
----------------- Instantiating /home/travis/build/icyphy/ptII/ptolemy/domains/continuous/test/auto/CausalityInterface4.xml
3 ms. Memory: 233472K Free: 202283K (87%)
----------------- Invoking toplevel() on ptolemy.moml.MoMLSimpleApplication@fbe6565
----------------- Done invoking toplevel() on ptolemy.moml.MoMLSimpleApplication@fbe6565
reloadAllAccessors: .CausalityInterface4

===========================================================================================
----------------- testing Sun Mar 22 13:23:54 UTC 2020 /home/travis/build/icyphy/ptII/ptolemy/domains/continuous/test/auto/CausalityInterface5.xml
----------------- Instantiating /home/travis/build/icyphy/ptII/ptolemy/domains/continuous/test/auto/CausalityInterface5.xml
8 ms. Memory: 233472K Free: 194091K (83%)
----------------- Invoking toplevel() on ptolemy.moml.MoMLSimpleApplication@21f5005d
----------------- Done invoking toplevel() on ptolemy.moml.MoMLSimpleApplication@21f5005d
reloadAllAccessors: .CausalityInterface5

===========================================================================================
----------------- testing Sun Mar 22 13:23:54 UTC 2020 /home/travis/build/icyphy/ptII/ptolemy/domains/continuous/test/auto/CausalityInterface6.xml
----------------- Instantiating /home/travis/build/icyphy/ptII/ptolemy/domains/continuous/test/auto/CausalityInterface6.xml
4 ms. Memory: 233472K Free: 188457K (81%)
----------------- Invoking toplevel() on ptolemy.moml.MoMLSimpleApplication@7ba1c0de
----------------- Done invoking toplevel() on ptolemy.moml.MoMLSimpleApplication@7ba1c0de
reloadAllAccessors: .CausalityInterface6

===========================================================================================
----------------- testing Sun Mar 22 13:23:54 UTC 2020 /home/travis/build/icyphy/ptII/ptolemy/domains/continuous/test/auto/CausalityInterface7.xml
----------------- Instantiating /home/travis/build/icyphy/ptII/ptolemy/domains/continuous/test/auto/CausalityInterface7.xml
6 ms. Memory: 233472K Free: 179755K (77%)
----------------- Invoking toplevel() on ptolemy.moml.MoMLSimpleApplication@51ca7faf
----------------- Done invoking toplevel() on ptolemy.moml.MoMLSimpleApplication@51ca7faf
reloadAllAccessors: .CausalityInterface7

===========================================================================================
----------------- testing Sun Mar 22 13:23:55 UTC 2020 /home/travis/build/icyphy/ptII/ptolemy/domains/continuous/test/auto/CausalityInterface8.xml
----------------- Instantiating /home/travis/build/icyphy/ptII/ptolemy/domains/continuous/test/auto/CausalityInterface8.xml
4 ms. Memory: 233472K Free: 170539K (73%)
----------------- Invoking toplevel() on ptolemy.moml.MoMLSimpleApplication@141d373b
----------------- Done invoking toplevel() on ptolemy.moml.MoMLSimpleApplication@141d373b
reloadAllAccessors: .CausalityInterface8

===========================================================================================
----------------- testing Sun Mar 22 13:23:55 UTC 2020 /home/travis/build/icyphy/ptII/ptolemy/domains/continuous/test/auto/CausalityInterface9.xml
----------------- Instantiating /home/travis/build/icyphy/ptII/ptolemy/domains/continuous/test/auto/CausalityInterface9.xml
5 ms. Memory: 233472K Free: 159785K (68%)
----------------- Invoking toplevel() on ptolemy.moml.MoMLSimpleApplication@e79a91a
----------------- Done invoking toplevel() on ptolemy.moml.MoMLSimpleApplication@e79a91a
reloadAllAccessors: .CausalityInterface9

===========================================================================================
----------------- testing Sun Mar 22 13:23:55 UTC 2020 /home/travis/build/icyphy/ptII/ptolemy/domains/continuous/test/auto/CausalityInterfaceFeedback1.xml
----------------- Instantiating /home/travis/build/icyphy/ptII/ptolemy/domains/continuous/test/auto/CausalityInterfaceFeedback1.xml
3 ms. Memory: 233472K Free: 153131K (66%)
----------------- Invoking toplevel() on ptolemy.moml.MoMLSimpleApplication@480bdf71
----------------- Done invoking toplevel() on ptolemy.moml.MoMLSimpleApplication@480bdf71
reloadAllAccessors: .CausalityInterfaceFeedback1

===========================================================================================
----------------- testing Sun Mar 22 13:23:55 UTC 2020 /home/travis/build/icyphy/ptII/ptolemy/domains/continuous/test/auto/CausalityInterfaceFeedback2.xml
----------------- Instantiating /home/travis/build/icyphy/ptII/ptolemy/domains/continuous/test/auto/CausalityInterfaceFeedback2.xml
2 ms. Memory: 233472K Free: 146987K (63%)
----------------- Invoking toplevel() on ptolemy.moml.MoMLSimpleApplication@9d173c5
----------------- Done invoking toplevel() on ptolemy.moml.MoMLSimpleApplication@9d173c5
reloadAllAccessors: .CausalityInterfaceFeedback2

===========================================================================================
----------------- testing Sun Mar 22 13:23:55 UTC 2020 /home/travis/build/icyphy/ptII/ptolemy/domains/continuous/test/auto/CompareWithCurrentTime.xml
----------------- Instantiating /home/travis/build/icyphy/ptII/ptolemy/domains/continuous/test/auto/CompareWithCurrentTime.xml
2 ms. Memory: 233472K Free: 142891K (61%)
----------------- Invoking toplevel() on ptolemy.moml.MoMLSimpleApplication@3365a9d2
----------------- Done invoking toplevel() on ptolemy.moml.MoMLSimpleApplication@3365a9d2
reloadAllAccessors: .CompareWithCurrentTime

===========================================================================================
----------------- testing Sun Mar 22 13:23:55 UTC 2020 /home/travis/build/icyphy/ptII/ptolemy/domains/continuous/test/auto/ComparedClocks.xml
----------------- Instantiating /home/travis/build/icyphy/ptII/ptolemy/domains/continuous/test/auto/ComparedClocks.xml
5 ms. Memory: 233472K Free: 127531K (55%)
----------------- Invoking toplevel() on ptolemy.moml.MoMLSimpleApplication@7af46762
----------------- Done invoking toplevel() on ptolemy.moml.MoMLSimpleApplication@7af46762
reloadAllAccessors: .ComparedClocks

===========================================================================================
----------------- testing Sun Mar 22 13:23:55 UTC 2020 /home/travis/build/icyphy/ptII/ptolemy/domains/continuous/test/auto/ContinuousAOCClone.xml
----------------- Instantiating /home/travis/build/icyphy/ptII/ptolemy/domains/continuous/test/auto/ContinuousAOCClone.xml
2166 ms. Memory: 280576K Free: 244495K (87%)
----------------- Invoking toplevel() on ptolemy.moml.MoMLSimpleApplication@6490fc24
----------------- Done invoking toplevel() on ptolemy.moml.MoMLSimpleApplication@6490fc24
reloadAllAccessors: .ContinuousAOCClone

===========================================================================================
----------------- testing Sun Mar 22 13:23:57 UTC 2020 /home/travis/build/icyphy/ptII/ptolemy/domains/continuous/test/auto/ContinuousClock.xml
----------------- Instantiating /home/travis/build/icyphy/ptII/ptolemy/domains/continuous/test/auto/ContinuousClock.xml
29 ms. Memory: 280576K Free: 222447K (79%)
----------------- Invoking toplevel() on ptolemy.moml.MoMLSimpleApplication@3de3388e
----------------- Done invoking toplevel() on ptolemy.moml.MoMLSimpleApplication@3de3388e
reloadAllAccessors: .ContinuousClock

===========================================================================================
----------------- testing Sun Mar 22 13:23:57 UTC 2020 /home/travis/build/icyphy/ptII/ptolemy/domains/continuous/test/auto/ContinuousInContinuous.xml
----------------- Instantiating /home/travis/build/icyphy/ptII/ptolemy/domains/continuous/test/auto/ContinuousInContinuous.xml
41 ms. Memory: 280576K Free: 198911K (71%)
----------------- Invoking toplevel() on ptolemy.moml.MoMLSimpleApplication@2675c23d
----------------- Done invoking toplevel() on ptolemy.moml.MoMLSimpleApplication@2675c23d
reloadAllAccessors: .ContinuousInContinuous

===========================================================================================
----------------- testing Sun Mar 22 13:23:57 UTC 2020 /home/travis/build/icyphy/ptII/ptolemy/domains/continuous/test/auto/ContinuousInContinuousInContinuous.xml
----------------- Instantiating /home/travis/build/icyphy/ptII/ptolemy/domains/continuous/test/auto/ContinuousInContinuousInContinuous.xml
6 ms. Memory: 280576K Free: 190733K (68%)
----------------- Invoking toplevel() on ptolemy.moml.MoMLSimpleApplication@32a1e9a3
----------------- Done invoking toplevel() on ptolemy.moml.MoMLSimpleApplication@32a1e9a3
reloadAllAccessors: .ContinuousInContinuousInContinuous

===========================================================================================
----------------- testing Sun Mar 22 13:23:57 UTC 2020 /home/travis/build/icyphy/ptII/ptolemy/domains/continuous/test/auto/ContinuousInDE.xml
----------------- Instantiating /home/travis/build/icyphy/ptII/ptolemy/domains/continuous/test/auto/ContinuousInDE.xml
82 ms. Memory: 280576K Free: 179983K (64%)
----------------- Invoking toplevel() on ptolemy.moml.MoMLSimpleApplication@7deb261f
----------------- Done invoking toplevel() on ptolemy.moml.MoMLSimpleApplication@7deb261f
reloadAllAccessors: .ContinuousInDE

===========================================================================================
----------------- testing Sun Mar 22 13:23:57 UTC 2020 /home/travis/build/icyphy/ptII/ptolemy/domains/continuous/test/auto/ContinuousInDE2.xml
----------------- Instantiating /home/travis/build/icyphy/ptII/ptolemy/domains/continuous/test/auto/ContinuousInDE2.xml
31 ms. Memory: 280576K Free: 170253K (61%)
----------------- Invoking toplevel() on ptolemy.moml.MoMLSimpleApplication@4488dc43
----------------- Done invoking toplevel() on ptolemy.moml.MoMLSimpleApplication@4488dc43
reloadAllAccessors: .ContinuousInDE2

===========================================================================================
----------------- testing Sun Mar 22 13:23:57 UTC 2020 /home/travis/build/icyphy/ptII/ptolemy/domains/continuous/test/auto/ContinuousInDE3.xml
----------------- Instantiating /home/travis/build/icyphy/ptII/ptolemy/domains/continuous/test/auto/ContinuousInDE3.xml
34 ms. Memory: 280576K Free: 160527K (57%)
----------------- Invoking toplevel() on ptolemy.moml.MoMLSimpleApplication@6a2ffce0
----------------- Done invoking toplevel() on ptolemy.moml.MoMLSimpleApplication@6a2ffce0
reloadAllAccessors: .ContinuousInDE3

===========================================================================================
----------------- testing Sun Mar 22 13:23:57 UTC 2020 /home/travis/build/icyphy/ptII/ptolemy/domains/continuous/test/auto/ContinuousInDE4.xml
----------------- Instantiating /home/travis/build/icyphy/ptII/ptolemy/domains/continuous/test/auto/ContinuousInDE4.xml
11 ms. Memory: 280576K Free: 154381K (55%)
----------------- Invoking toplevel() on ptolemy.moml.MoMLSimpleApplication@37e9f0f8
----------------- Done invoking toplevel() on ptolemy.moml.MoMLSimpleApplication@37e9f0f8
reloadAllAccessors: .ContinuousInDE4

===========================================================================================
----------------- testing Sun Mar 22 13:23:57 UTC 2020 /home/travis/build/icyphy/ptII/ptolemy/domains/continuous/test/auto/ContinuousInDEDifferentRefinements.xml
----------------- Instantiating /home/travis/build/icyphy/ptII/ptolemy/domains/continuous/test/auto/ContinuousInDEDifferentRefinements.xml
58 ms. Memory: 280576K Free: 123143K (44%)
----------------- Invoking toplevel() on ptolemy.moml.MoMLSimpleApplication@1bcf56e5
----------------- Done invoking toplevel() on ptolemy.moml.MoMLSimpleApplication@1bcf56e5
reloadAllAccessors: .ContinuousInDEDifferentRefinements

===========================================================================================
----------------- testing Sun Mar 22 13:23:58 UTC 2020 /home/travis/build/icyphy/ptII/ptolemy/domains/continuous/test/auto/ContinuousInDEDifferentRefinementsPreemptive.xml
----------------- Instantiating /home/travis/build/icyphy/ptII/ptolemy/domains/continuous/test/auto/ContinuousInDEDifferentRefinementsPreemptive.xml
54 ms. Memory: 280576K Free: 258412K (92%)
----------------- Invoking toplevel() on ptolemy.moml.MoMLSimpleApplication@58a95e4
----------------- Done invoking toplevel() on ptolemy.moml.MoMLSimpleApplication@58a95e4
reloadAllAccessors: .ContinuousInDEDifferentRefinementsPreemptive

===========================================================================================
----------------- testing Sun Mar 22 13:23:58 UTC 2020 /home/travis/build/icyphy/ptII/ptolemy/domains/continuous/test/auto/ContinuousInDEInContinuous2.xml
----------------- Instantiating /home/travis/build/icyphy/ptII/ptolemy/domains/continuous/test/auto/ContinuousInDEInContinuous2.xml
38 ms. Memory: 280576K Free: 246537K (88%)
----------------- Invoking toplevel() on ptolemy.moml.MoMLSimpleApplication@51ad5db1
----------------- Done invoking toplevel() on ptolemy.moml.MoMLSimpleApplication@51ad5db1
reloadAllAccessors: .ContinuousInDEInContinuous2

===========================================================================================
----------------- testing Sun Mar 22 13:23:58 UTC 2020 /home/travis/build/icyphy/ptII/ptolemy/domains/continuous/test/auto/ContinuousInDEInContinuous3.xml
----------------- Instantiating /home/travis/build/icyphy/ptII/ptolemy/domains/continuous/test/auto/ContinuousInDEInContinuous3.xml
43 ms. Memory: 280576K Free: 234759K (84%)
----------------- Invoking toplevel() on ptolemy.moml.MoMLSimpleApplication@2785de4b
----------------- Done invoking toplevel() on ptolemy.moml.MoMLSimpleApplication@2785de4b
reloadAllAccessors: .ContinuousInDEInContinuous3

===========================================================================================
----------------- testing Sun Mar 22 13:23:58 UTC 2020 /home/travis/build/icyphy/ptII/ptolemy/domains/continuous/test/auto/ContinuousInDEInput.xml
----------------- Instantiating /home/travis/build/icyphy/ptII/ptolemy/domains/continuous/test/auto/ContinuousInDEInput.xml
13 ms. Memory: 280576K Free: 227591K (81%)
----------------- Invoking toplevel() on ptolemy.moml.MoMLSimpleApplication@61c45119
----------------- Done invoking toplevel() on ptolemy.moml.MoMLSimpleApplication@61c45119
reloadAllAccessors: .ContinuousInDEInput

===========================================================================================
----------------- testing Sun Mar 22 13:23:58 UTC 2020 /home/travis/build/icyphy/ptII/ptolemy/domains/continuous/test/auto/ContinuousInDEInput2.xml
----------------- Instantiating /home/travis/build/icyphy/ptII/ptolemy/domains/continuous/test/auto/ContinuousInDEInput2.xml
12 ms. Memory: 280576K Free: 220423K (79%)
----------------- Invoking toplevel() on ptolemy.moml.MoMLSimpleApplication@7691b8c5
----------------- Done invoking toplevel() on ptolemy.moml.MoMLSimpleApplication@7691b8c5
reloadAllAccessors: .ContinuousInDEInput2

===========================================================================================
----------------- testing Sun Mar 22 13:23:58 UTC 2020 /home/travis/build/icyphy/ptII/ptolemy/domains/continuous/test/auto/ContinuousInDEInput3.xml
----------------- Instantiating /home/travis/build/icyphy/ptII/ptolemy/domains/continuous/test/auto/ContinuousInDEInput3.xml
12 ms. Memory: 280576K Free: 213255K (76%)
----------------- Invoking toplevel() on ptolemy.moml.MoMLSimpleApplication@541c41d8
----------------- Done invoking toplevel() on ptolemy.moml.MoMLSimpleApplication@541c41d8
reloadAllAccessors: .ContinuousInDEInput3

===========================================================================================
----------------- testing Sun Mar 22 13:23:58 UTC 2020 /home/travis/build/icyphy/ptII/ptolemy/domains/continuous/test/auto/ContinuousInDESharingRefinement.xml
----------------- Instantiating /home/travis/build/icyphy/ptII/ptolemy/domains/continuous/test/auto/ContinuousInDESharingRefinement.xml
149 ms. Memory: 280576K Free: 119016K (42%)
----------------- Invoking toplevel() on ptolemy.moml.MoMLSimpleApplication@6e024d90
----------------- Done invoking toplevel() on ptolemy.moml.MoMLSimpleApplication@6e024d90
reloadAllAccessors: .ContinuousInDESharingRefinement

===========================================================================================
----------------- testing Sun Mar 22 13:23:58 UTC 2020 /home/travis/build/icyphy/ptII/ptolemy/domains/continuous/test/auto/ContinuousInDEwithNoPorts.xml
----------------- Instantiating /home/travis/build/icyphy/ptII/ptolemy/domains/continuous/test/auto/ContinuousInDEwithNoPorts.xml
7 ms. Memory: 280576K Free: 114920K (41%)
----------------- Invoking toplevel() on ptolemy.moml.MoMLSimpleApplication@32c27576
----------------- Done invoking toplevel() on ptolemy.moml.MoMLSimpleApplication@32c27576
reloadAllAccessors: .ContinuousInDEwithNoPorts

===========================================================================================
----------------- testing Sun Mar 22 13:23:58 UTC 2020 /home/travis/build/icyphy/ptII/ptolemy/domains/continuous/test/auto/ContinuousInsideDE.xml
----------------- Instantiating /home/travis/build/icyphy/ptII/ptolemy/domains/continuous/test/auto/ContinuousInsideDE.xml
33 ms. Memory: 280576K Free: 103687K (37%)
----------------- Invoking toplevel() on ptolemy.moml.MoMLSimpleApplication@651d8141
----------------- Done invoking toplevel() on ptolemy.moml.MoMLSimpleApplication@651d8141
reloadAllAccessors: .ContinuousInsideDE

===========================================================================================
----------------- testing Sun Mar 22 13:23:58 UTC 2020 /home/travis/build/icyphy/ptII/ptolemy/domains/continuous/test/auto/ContinuousMerge1.xml
----------------- Instantiating /home/travis/build/icyphy/ptII/ptolemy/domains/continuous/test/auto/ContinuousMerge1.xml
3 ms. Memory: 280576K Free: 99081K (35%)
----------------- Invoking toplevel() on ptolemy.moml.MoMLSimpleApplication@111bd684
----------------- Done invoking toplevel() on ptolemy.moml.MoMLSimpleApplication@111bd684
reloadAllAccessors: .ContinuousMerge1

===========================================================================================
----------------- testing Sun Mar 22 13:23:58 UTC 2020 /home/travis/build/icyphy/ptII/ptolemy/domains/continuous/test/auto/ContinuousMerge2.xml
----------------- Instantiating /home/travis/build/icyphy/ptII/ptolemy/domains/continuous/test/auto/ContinuousMerge2.xml
11 ms. Memory: 280576K Free: 255012K (91%)
----------------- Invoking toplevel() on ptolemy.moml.MoMLSimpleApplication@22f78fbb
----------------- Done invoking toplevel() on ptolemy.moml.MoMLSimpleApplication@22f78fbb
reloadAllAccessors: .ContinuousMerge2

===========================================================================================
----------------- testing Sun Mar 22 13:23:58 UTC 2020 /home/travis/build/icyphy/ptII/ptolemy/domains/continuous/test/auto/ContinuousMerge3.xml
----------------- Instantiating /home/travis/build/icyphy/ptII/ptolemy/domains/continuous/test/auto/ContinuousMerge3.xml
36 ms. Memory: 280576K Free: 244262K (87%)
----------------- Invoking toplevel() on ptolemy.moml.MoMLSimpleApplication@4b06e401
----------------- Done invoking toplevel() on ptolemy.moml.MoMLSimpleApplication@4b06e401
reloadAllAccessors: .ContinuousMerge3

===========================================================================================
----------------- testing Sun Mar 22 13:23:58 UTC 2020 /home/travis/build/icyphy/ptII/ptolemy/domains/continuous/test/auto/ContinuousWithinContinuous.xml
----------------- Instantiating /home/travis/build/icyphy/ptII/ptolemy/domains/continuous/test/auto/ContinuousWithinContinuous.xml
31 ms. Memory: 280576K Free: 235046K (84%)
----------------- Invoking toplevel() on ptolemy.moml.MoMLSimpleApplication@4d91ffaf
----------------- Done invoking toplevel() on ptolemy.moml.MoMLSimpleApplication@4d91ffaf
reloadAllAccessors: .ContinuousWithinContinuous

===========================================================================================
----------------- testing Sun Mar 22 13:23:58 UTC 2020 /home/travis/build/icyphy/ptII/ptolemy/domains/continuous/test/auto/ContinuousWithinContinuous2.xml
----------------- Instantiating /home/travis/build/icyphy/ptII/ptolemy/domains/continuous/test/auto/ContinuousWithinContinuous2.xml
60 ms. Memory: 280576K Free: 224292K (80%)
----------------- Invoking toplevel() on ptolemy.moml.MoMLSimpleApplication@446f4428
----------------- Done invoking toplevel() on ptolemy.moml.MoMLSimpleApplication@446f4428
reloadAllAccessors: .ContinuousWithinContinuous2

===========================================================================================
----------------- testing Sun Mar 22 13:23:58 UTC 2020 /home/travis/build/icyphy/ptII/ptolemy/domains/continuous/test/auto/ContinuousWithinContinuous3.xml
----------------- Instantiating /home/travis/build/icyphy/ptII/ptolemy/domains/continuous/test/auto/ContinuousWithinContinuous3.xml
14 ms. Memory: 280576K Free: 217638K (78%)
----------------- Invoking toplevel() on ptolemy.moml.MoMLSimpleApplication@74615233
----------------- Done invoking toplevel() on ptolemy.moml.MoMLSimpleApplication@74615233
reloadAllAccessors: .ContinuousWithinContinuous3

===========================================================================================
----------------- testing Sun Mar 22 13:23:58 UTC 2020 /home/travis/build/icyphy/ptII/ptolemy/domains/continuous/test/auto/ContinuousWithinContinuous4.xml
----------------- Instantiating /home/travis/build/icyphy/ptII/ptolemy/domains/continuous/test/auto/ContinuousWithinContinuous4.xml
53 ms. Memory: 280576K Free: 204836K (73%)
----------------- Invoking toplevel() on ptolemy.moml.MoMLSimpleApplication@40e1195d
----------------- Done invoking toplevel() on ptolemy.moml.MoMLSimpleApplication@40e1195d
reloadAllAccessors: .ContinuousWithinContinuous4

===========================================================================================
----------------- testing Sun Mar 22 13:23:59 UTC 2020 /home/travis/build/icyphy/ptII/ptolemy/domains/continuous/test/auto/ContinuousWithinContinuous5.xml
----------------- Instantiating /home/travis/build/icyphy/ptII/ptolemy/domains/continuous/test/auto/ContinuousWithinContinuous5.xml
11 ms. Memory: 280576K Free: 197668K (70%)
----------------- Invoking toplevel() on ptolemy.moml.MoMLSimpleApplication@6804e01d
----------------- Done invoking toplevel() on ptolemy.moml.MoMLSimpleApplication@6804e01d
reloadAllAccessors: .ContinuousWithinContinuous5

===========================================================================================
----------------- testing Sun Mar 22 13:23:59 UTC 2020 /home/travis/build/icyphy/ptII/ptolemy/domains/continuous/test/auto/ContinuousWithinContinuous6.xml
----------------- Instantiating /home/travis/build/icyphy/ptII/ptolemy/domains/continuous/test/auto/ContinuousWithinContinuous6.xml
16 ms. Memory: 280576K Free: 190500K (68%)
----------------- Invoking toplevel() on ptolemy.moml.MoMLSimpleApplication@25b99adf
----------------- Done invoking toplevel() on ptolemy.moml.MoMLSimpleApplication@25b99adf
reloadAllAccessors: .ContinuousWithinContinuous6

===========================================================================================
----------------- testing Sun Mar 22 13:23:59 UTC 2020 /home/travis/build/icyphy/ptII/ptolemy/domains/continuous/test/auto/ContinuousWithinContinuous7.xml
----------------- Instantiating /home/travis/build/icyphy/ptII/ptolemy/domains/continuous/test/auto/ContinuousWithinContinuous7.xml
46 ms. Memory: 280576K Free: 179750K (64%)
----------------- Invoking toplevel() on ptolemy.moml.MoMLSimpleApplication@3532a965
----------------- Done invoking toplevel() on ptolemy.moml.MoMLSimpleApplication@3532a965
reloadAllAccessors: .ContinuousWithinContinuous7

===========================================================================================
----------------- testing Sun Mar 22 13:23:59 UTC 2020 /home/travis/build/icyphy/ptII/ptolemy/domains/continuous/test/auto/DCMotor.xml
----------------- Instantiating /home/travis/build/icyphy/ptII/ptolemy/domains/continuous/test/auto/DCMotor.xml
12289 ms. Memory: 280576K Free: 248667K (89%)
----------------- Invoking toplevel() on ptolemy.moml.MoMLSimpleApplication@757e3f4e
----------------- Done invoking toplevel() on ptolemy.moml.MoMLSimpleApplication@757e3f4e
reloadAllAccessors: .DCMotor

===========================================================================================
----------------- testing Sun Mar 22 13:24:11 UTC 2020 /home/travis/build/icyphy/ptII/ptolemy/domains/continuous/test/auto/DEInContinuous.xml
----------------- Instantiating /home/travis/build/icyphy/ptII/ptolemy/domains/continuous/test/auto/DEInContinuous.xml
13 ms. Memory: 280576K Free: 242523K (86%)
----------------- Invoking toplevel() on ptolemy.moml.MoMLSimpleApplication@7cfc9b95
----------------- Done invoking toplevel() on ptolemy.moml.MoMLSimpleApplication@7cfc9b95
reloadAllAccessors: .DEInContinuous

===========================================================================================
----------------- testing Sun Mar 22 13:24:11 UTC 2020 /home/travis/build/icyphy/ptII/ptolemy/domains/continuous/test/auto/DEinContinuous2.xml
----------------- Instantiating /home/travis/build/icyphy/ptII/ptolemy/domains/continuous/test/auto/DEinContinuous2.xml
7 ms. Memory: 280576K Free: 234331K (84%)
----------------- Invoking toplevel() on ptolemy.moml.MoMLSimpleApplication@478e2d7e
----------------- Done invoking toplevel() on ptolemy.moml.MoMLSimpleApplication@478e2d7e
reloadAllAccessors: .DEinContinuous2

===========================================================================================
----------------- testing Sun Mar 22 13:24:11 UTC 2020 /home/travis/build/icyphy/ptII/ptolemy/domains/continuous/test/auto/Derivative.xml
----------------- Instantiating /home/travis/build/icyphy/ptII/ptolemy/domains/continuous/test/auto/Derivative.xml
123 ms. Memory: 280576K Free: 205145K (73%)
----------------- Invoking toplevel() on ptolemy.moml.MoMLSimpleApplication@7961dad
----------------- Done invoking toplevel() on ptolemy.moml.MoMLSimpleApplication@7961dad
reloadAllAccessors: .Derivative2

===========================================================================================
----------------- testing Sun Mar 22 13:24:11 UTC 2020 /home/travis/build/icyphy/ptII/ptolemy/domains/continuous/test/auto/Derivative1.xml
----------------- Instantiating /home/travis/build/icyphy/ptII/ptolemy/domains/continuous/test/auto/Derivative1.xml
25 ms. Memory: 280576K Free: 190809K (68%)
----------------- Invoking toplevel() on ptolemy.moml.MoMLSimpleApplication@535231f3
----------------- Done invoking toplevel() on ptolemy.moml.MoMLSimpleApplication@535231f3
reloadAllAccessors: .Derivative1

===========================================================================================
----------------- testing Sun Mar 22 13:24:11 UTC 2020 /home/travis/build/icyphy/ptII/ptolemy/domains/continuous/test/auto/DiscreteClock.xml
----------------- Instantiating /home/travis/build/icyphy/ptII/ptolemy/domains/continuous/test/auto/DiscreteClock.xml
4 ms. Memory: 280576K Free: 185689K (66%)
----------------- Invoking toplevel() on ptolemy.moml.MoMLSimpleApplication@19d0d6f2
----------------- Done invoking toplevel() on ptolemy.moml.MoMLSimpleApplication@19d0d6f2
reloadAllAccessors: .DiscreteClock

===========================================================================================
----------------- testing Sun Mar 22 13:24:11 UTC 2020 /home/travis/build/icyphy/ptII/ptolemy/domains/continuous/test/auto/EfficiencyCurve.xml
----------------- Instantiating /home/travis/build/icyphy/ptII/ptolemy/domains/continuous/test/auto/EfficiencyCurve.xml
45 ms. Memory: 280576K Free: 176473K (63%)
----------------- Invoking toplevel() on ptolemy.moml.MoMLSimpleApplication@137496ac
----------------- Done invoking toplevel() on ptolemy.moml.MoMLSimpleApplication@137496ac
reloadAllAccessors: .EfficiencyCurve

===========================================================================================
----------------- testing Sun Mar 22 13:24:11 UTC 2020 /home/travis/build/icyphy/ptII/ptolemy/domains/continuous/test/auto/ExponentialResponse.xml
----------------- Instantiating /home/travis/build/icyphy/ptII/ptolemy/domains/continuous/test/auto/ExponentialResponse.xml
87 ms. Memory: 280576K Free: 159579K (57%)
----------------- Invoking toplevel() on ptolemy.moml.MoMLSimpleApplication@6c2c8729
----------------- Done invoking toplevel() on ptolemy.moml.MoMLSimpleApplication@6c2c8729
reloadAllAccessors: .ExponentialResponse

===========================================================================================
----------------- testing Sun Mar 22 13:24:12 UTC 2020 /home/travis/build/icyphy/ptII/ptolemy/domains/continuous/test/auto/ExponentialResponseRK45.xml
----------------- Instantiating /home/travis/build/icyphy/ptII/ptolemy/domains/continuous/test/auto/ExponentialResponseRK45.xml
20 ms. Memory: 280576K Free: 152921K (55%)
----------------- Invoking toplevel() on ptolemy.moml.MoMLSimpleApplication@40667c7e
----------------- Done invoking toplevel() on ptolemy.moml.MoMLSimpleApplication@40667c7e
reloadAllAccessors: .ExponentialResponseRK45

===========================================================================================
----------------- testing Sun Mar 22 13:24:12 UTC 2020 /home/travis/build/icyphy/ptII/ptolemy/domains/continuous/test/auto/Friction.xml
----------------- Instantiating /home/travis/build/icyphy/ptII/ptolemy/domains/continuous/test/auto/Friction.xml
1430 ms. Memory: 280576K Free: 226952K (81%)
----------------- Invoking toplevel() on ptolemy.moml.MoMLSimpleApplication@78a0db54
----------------- Done invoking toplevel() on ptolemy.moml.MoMLSimpleApplication@78a0db54
reloadAllAccessors: .Friction

===========================================================================================
----------------- testing Sun Mar 22 13:24:13 UTC 2020 /home/travis/build/icyphy/ptII/ptolemy/domains/continuous/test/auto/FurutaPendulum.xml
----------------- Instantiating /home/travis/build/icyphy/ptII/ptolemy/domains/continuous/test/auto/FurutaPendulum.xml
2842 ms. Memory: 336896K Free: 271627K (81%)
----------------- Invoking toplevel() on ptolemy.moml.MoMLSimpleApplication@1f30eea1
----------------- Done invoking toplevel() on ptolemy.moml.MoMLSimpleApplication@1f30eea1
reloadAllAccessors: .FurutaPendulum

===========================================================================================
----------------- testing Sun Mar 22 13:24:16 UTC 2020 /home/travis/build/icyphy/ptII/ptolemy/domains/continuous/test/auto/HierarchicalExecution.xml
----------------- Instantiating /home/travis/build/icyphy/ptII/ptolemy/domains/continuous/test/auto/HierarchicalExecution.xml
1480 ms. Memory: 336896K Free: 190525K (57%)
----------------- Invoking toplevel() on ptolemy.moml.MoMLSimpleApplication@50cd8366
----------------- Done invoking toplevel() on ptolemy.moml.MoMLSimpleApplication@50cd8366
reloadAllAccessors: .HierarchicalExecution

===========================================================================================
----------------- testing Sun Mar 22 13:24:18 UTC 2020 /home/travis/build/icyphy/ptII/ptolemy/domains/continuous/test/auto/HybridPlant.xml
----------------- Instantiating /home/travis/build/icyphy/ptII/ptolemy/domains/continuous/test/auto/HybridPlant.xml
461 ms. Memory: 336896K Free: 126821K (38%)
----------------- Invoking toplevel() on ptolemy.moml.MoMLSimpleApplication@2585d889
----------------- Done invoking toplevel() on ptolemy.moml.MoMLSimpleApplication@2585d889
reloadAllAccessors: .HybridPlant

===========================================================================================
----------------- testing Sun Mar 22 13:24:18 UTC 2020 /home/travis/build/icyphy/ptII/ptolemy/domains/continuous/test/auto/Hysteresis.xml
----------------- Instantiating /home/travis/build/icyphy/ptII/ptolemy/domains/continuous/test/auto/Hysteresis.xml
133 ms. Memory: 336896K Free: 265393K (79%)
----------------- Invoking toplevel() on ptolemy.moml.MoMLSimpleApplication@1767f9fe
----------------- Done invoking toplevel() on ptolemy.moml.MoMLSimpleApplication@1767f9fe
reloadAllAccessors: .Hysteresis

===========================================================================================
----------------- testing Sun Mar 22 13:24:19 UTC 2020 /home/travis/build/icyphy/ptII/ptolemy/domains/continuous/test/auto/HysteresisWithRandomDelay.xml
----------------- Instantiating /home/travis/build/icyphy/ptII/ptolemy/domains/continuous/test/auto/HysteresisWithRandomDelay.xml
163 ms. Memory: 336896K Free: 194223K (58%)
----------------- Invoking toplevel() on ptolemy.moml.MoMLSimpleApplication@2e1b6ee0
----------------- Done invoking toplevel() on ptolemy.moml.MoMLSimpleApplication@2e1b6ee0
reloadAllAccessors: .HysteresisWithRandomDelay

===========================================================================================
----------------- testing Sun Mar 22 13:24:19 UTC 2020 /home/travis/build/icyphy/ptII/ptolemy/domains/continuous/test/auto/HysteresisWithRandomLosses.xml
----------------- Instantiating /home/travis/build/icyphy/ptII/ptolemy/domains/continuous/test/auto/HysteresisWithRandomLosses.xml
2096 ms. Memory: 336896K Free: 252992K (75%)
----------------- Invoking toplevel() on ptolemy.moml.MoMLSimpleApplication@7848fcda
----------------- Done invoking toplevel() on ptolemy.moml.MoMLSimpleApplication@7848fcda
reloadAllAccessors: .HysteresisWithRandomLosses

===========================================================================================
----------------- testing Sun Mar 22 13:24:21 UTC 2020 /home/travis/build/icyphy/ptII/ptolemy/domains/continuous/test/auto/ImmediateTransitions.xml
----------------- Instantiating /home/travis/build/icyphy/ptII/ptolemy/domains/continuous/test/auto/ImmediateTransitions.xml
8 ms. Memory: 336896K Free: 242242K (72%)
----------------- Invoking toplevel() on ptolemy.moml.MoMLSimpleApplication@32e561fa
----------------- Done invoking toplevel() on ptolemy.moml.MoMLSimpleApplication@32e561fa
reloadAllAccessors: .ImmediateTransitions

===========================================================================================
----------------- testing Sun Mar 22 13:24:21 UTC 2020 /home/travis/build/icyphy/ptII/ptolemy/domains/continuous/test/auto/ImpulseFeedback.xml
----------------- Instantiating /home/travis/build/icyphy/ptII/ptolemy/domains/continuous/test/auto/ImpulseFeedback.xml
6 ms. Memory: 336896K Free: 236608K (70%)
----------------- Invoking toplevel() on ptolemy.moml.MoMLSimpleApplication@78630001
----------------- Done invoking toplevel() on ptolemy.moml.MoMLSimpleApplication@78630001
reloadAllAccessors: .ImpulseFeedback

===========================================================================================
----------------- testing Sun Mar 22 13:24:21 UTC 2020 /home/travis/build/icyphy/ptII/ptolemy/domains/continuous/test/auto/ImpulseFeedback2.xml
----------------- Instantiating /home/travis/build/icyphy/ptII/ptolemy/domains/continuous/test/auto/ImpulseFeedback2.xml
4 ms. Memory: 336896K Free: 230978K (69%)
----------------- Invoking toplevel() on ptolemy.moml.MoMLSimpleApplication@c13b93e
----------------- Done invoking toplevel() on ptolemy.moml.MoMLSimpleApplication@c13b93e
reloadAllAccessors: .ImpulseFeedback2

===========================================================================================
----------------- testing Sun Mar 22 13:24:21 UTC 2020 /home/travis/build/icyphy/ptII/ptolemy/domains/continuous/test/auto/IncreasingRatePoisson.xml
----------------- Instantiating /home/travis/build/icyphy/ptII/ptolemy/domains/continuous/test/auto/IncreasingRatePoisson.xml
700 ms. Memory: 336896K Free: 311043K (92%)
----------------- Invoking toplevel() on ptolemy.moml.MoMLSimpleApplication@172bc235
----------------- Done invoking toplevel() on ptolemy.moml.MoMLSimpleApplication@172bc235
reloadAllAccessors: .IncreasingRatePoisson

===========================================================================================
----------------- testing Sun Mar 22 13:24:22 UTC 2020 /home/travis/build/icyphy/ptII/ptolemy/domains/continuous/test/auto/InitialStateFeedback.xml
----------------- Instantiating /home/travis/build/icyphy/ptII/ptolemy/domains/continuous/test/auto/InitialStateFeedback.xml
4 ms. Memory: 336896K Free: 306451K (91%)
----------------- Invoking toplevel() on ptolemy.moml.MoMLSimpleApplication@3bd4ed5e
----------------- Done invoking toplevel() on ptolemy.moml.MoMLSimpleApplication@3bd4ed5e
reloadAllAccessors: .InitialStateFeedback

===========================================================================================
----------------- testing Sun Mar 22 13:24:22 UTC 2020 /home/travis/build/icyphy/ptII/ptolemy/domains/continuous/test/auto/Integration.xml
----------------- Instantiating /home/travis/build/icyphy/ptII/ptolemy/domains/continuous/test/auto/Integration.xml
4 ms. Memory: 336896K Free: 302355K (90%)
----------------- Invoking toplevel() on ptolemy.moml.MoMLSimpleApplication@4296d9d3
----------------- Done invoking toplevel() on ptolemy.moml.MoMLSimpleApplication@4296d9d3
reloadAllAccessors: .Integration

===========================================================================================
----------------- testing Sun Mar 22 13:24:22 UTC 2020 /home/travis/build/icyphy/ptII/ptolemy/domains/continuous/test/auto/Integration2.xml
----------------- Instantiating /home/travis/build/icyphy/ptII/ptolemy/domains/continuous/test/auto/Integration2.xml
66 ms. Memory: 336896K Free: 288019K (85%)
----------------- Invoking toplevel() on ptolemy.moml.MoMLSimpleApplication@3cfc8b82
----------------- Done invoking toplevel() on ptolemy.moml.MoMLSimpleApplication@3cfc8b82
reloadAllAccessors: .Integration2

===========================================================================================
----------------- testing Sun Mar 22 13:24:22 UTC 2020 /home/travis/build/icyphy/ptII/ptolemy/domains/continuous/test/auto/Integration3.xml
----------------- Instantiating /home/travis/build/icyphy/ptII/ptolemy/domains/continuous/test/auto/Integration3.xml
5 ms. Memory: 336896K Free: 283409K (84%)
----------------- Invoking toplevel() on ptolemy.moml.MoMLSimpleApplication@46827f8d
----------------- Done invoking toplevel() on ptolemy.moml.MoMLSimpleApplication@46827f8d
reloadAllAccessors: .Integration3

===========================================================================================
----------------- testing Sun Mar 22 13:24:22 UTC 2020 /home/travis/build/icyphy/ptII/ptolemy/domains/continuous/test/auto/Integration5.xml
----------------- Instantiating /home/travis/build/icyphy/ptII/ptolemy/domains/continuous/test/auto/Integration5.xml
3 ms. Memory: 336896K Free: 279313K (83%)
----------------- Invoking toplevel() on ptolemy.moml.MoMLSimpleApplication@7dc9e9c8
----------------- Done invoking toplevel() on ptolemy.moml.MoMLSimpleApplication@7dc9e9c8
reloadAllAccessors: .Integration5

===========================================================================================
----------------- testing Sun Mar 22 13:24:22 UTC 2020 /home/travis/build/icyphy/ptII/ptolemy/domains/continuous/test/auto/IntegratorImpulse.xml
----------------- Instantiating /home/travis/build/icyphy/ptII/ptolemy/domains/continuous/test/auto/IntegratorImpulse.xml
2 ms. Memory: 336896K Free: 275187K (82%)
----------------- Invoking toplevel() on ptolemy.moml.MoMLSimpleApplication@7e96ab76
----------------- Done invoking toplevel() on ptolemy.moml.MoMLSimpleApplication@7e96ab76
reloadAllAccessors: .IntegratorImpulse

===========================================================================================
----------------- testing Sun Mar 22 13:24:22 UTC 2020 /home/travis/build/icyphy/ptII/ptolemy/domains/continuous/test/auto/IntegratorImpulse2.xml
----------------- Instantiating /home/travis/build/icyphy/ptII/ptolemy/domains/continuous/test/auto/IntegratorImpulse2.xml
5 ms. Memory: 336896K Free: 270611K (80%)
----------------- Invoking toplevel() on ptolemy.moml.MoMLSimpleApplication@102f853a
----------------- Done invoking toplevel() on ptolemy.moml.MoMLSimpleApplication@102f853a
reloadAllAccessors: .IntegratorImpulse2

===========================================================================================
----------------- testing Sun Mar 22 13:24:22 UTC 2020 /home/travis/build/icyphy/ptII/ptolemy/domains/continuous/test/auto/LevelCrossing1.xml
----------------- Instantiating /home/travis/build/icyphy/ptII/ptolemy/domains/continuous/test/auto/LevelCrossing1.xml
2 ms. Memory: 336896K Free: 265491K (79%)
----------------- Invoking toplevel() on ptolemy.moml.MoMLSimpleApplication@6d655c04
----------------- Done invoking toplevel() on ptolemy.moml.MoMLSimpleApplication@6d655c04
reloadAllAccessors: .LevelCrossing1

===========================================================================================
----------------- testing Sun Mar 22 13:24:22 UTC 2020 /home/travis/build/icyphy/ptII/ptolemy/domains/continuous/test/auto/LevelCrossing2.xml
----------------- Instantiating /home/travis/build/icyphy/ptII/ptolemy/domains/continuous/test/auto/LevelCrossing2.xml
2 ms. Memory: 336896K Free: 260371K (77%)
----------------- Invoking toplevel() on ptolemy.moml.MoMLSimpleApplication@20c2d427
----------------- Done invoking toplevel() on ptolemy.moml.MoMLSimpleApplication@20c2d427
reloadAllAccessors: .LevelCrossing2

===========================================================================================
----------------- testing Sun Mar 22 13:24:22 UTC 2020 /home/travis/build/icyphy/ptII/ptolemy/domains/continuous/test/auto/LevelCrossing3.xml
----------------- Instantiating /home/travis/build/icyphy/ptII/ptolemy/domains/continuous/test/auto/LevelCrossing3.xml
2 ms. Memory: 336896K Free: 255251K (76%)
----------------- Invoking toplevel() on ptolemy.moml.MoMLSimpleApplication@51755b52
----------------- Done invoking toplevel() on ptolemy.moml.MoMLSimpleApplication@51755b52
reloadAllAccessors: .LevelCrossing3

===========================================================================================
----------------- testing Sun Mar 22 13:24:22 UTC 2020 /home/travis/build/icyphy/ptII/ptolemy/domains/continuous/test/auto/LevelCrossing4.xml
----------------- Instantiating /home/travis/build/icyphy/ptII/ptolemy/domains/continuous/test/auto/LevelCrossing4.xml
3 ms. Memory: 336896K Free: 250131K (74%)
----------------- Invoking toplevel() on ptolemy.moml.MoMLSimpleApplication@268b347b
----------------- Done invoking toplevel() on ptolemy.moml.MoMLSimpleApplication@268b347b
reloadAllAccessors: .LevelCrossing4

===========================================================================================
----------------- testing Sun Mar 22 13:24:22 UTC 2020 /home/travis/build/icyphy/ptII/ptolemy/domains/continuous/test/auto/LevelCrossing5.xml
----------------- Instantiating /home/travis/build/icyphy/ptII/ptolemy/domains/continuous/test/auto/LevelCrossing5.xml
4 ms. Memory: 336896K Free: 245011K (73%)
----------------- Invoking toplevel() on ptolemy.moml.MoMLSimpleApplication@6a7e6817
----------------- Done invoking toplevel() on ptolemy.moml.MoMLSimpleApplication@6a7e6817
reloadAllAccessors: .LevelCrossing5

===========================================================================================
[...]
reloadAllAccessors: .ResetTransitionWithStartTime6

===========================================================================================
----------------- testing Sun Mar 22 13:24:37 UTC 2020 /home/travis/build/icyphy/ptII/ptolemy/domains/continuous/test/auto/SRinContinuous.xml
----------------- Instantiating /home/travis/build/icyphy/ptII/ptolemy/domains/continuous/test/auto/SRinContinuous.xml
4 ms. Memory: 404480K Free: 263633K (65%)
----------------- Invoking toplevel() on ptolemy.moml.MoMLSimpleApplication@56ebd942
----------------- Done invoking toplevel() on ptolemy.moml.MoMLSimpleApplication@56ebd942
reloadAllAccessors: .SRinContinuous

===========================================================================================
----------------- testing Sun Mar 22 13:24:37 UTC 2020 /home/travis/build/icyphy/ptII/ptolemy/domains/continuous/test/auto/SampledClocks.xml
----------------- Instantiating /home/travis/build/icyphy/ptII/ptolemy/domains/continuous/test/auto/SampledClocks.xml
6 ms. Memory: 404480K Free: 250831K (62%)
----------------- Invoking toplevel() on ptolemy.moml.MoMLSimpleApplication@58bb2205
----------------- Done invoking toplevel() on ptolemy.moml.MoMLSimpleApplication@58bb2205
reloadAllAccessors: .SampledClocks

===========================================================================================
----------------- testing Sun Mar 22 13:24:37 UTC 2020 /home/travis/build/icyphy/ptII/ptolemy/domains/continuous/test/auto/Satellite.xml
----------------- Instantiating /home/travis/build/icyphy/ptII/ptolemy/domains/continuous/test/auto/Satellite.xml
736 ms. Memory: 404480K Free: 290355K (72%)
----------------- Invoking toplevel() on ptolemy.moml.MoMLSimpleApplication@d11043e
----------------- Done invoking toplevel() on ptolemy.moml.MoMLSimpleApplication@d11043e
reloadAllAccessors: .Satellite

===========================================================================================
----------------- testing Sun Mar 22 13:24:38 UTC 2020 /home/travis/build/icyphy/ptII/ptolemy/domains/continuous/test/auto/SigmaDelta.xml
----------------- Instantiating /home/travis/build/icyphy/ptII/ptolemy/domains/continuous/test/auto/SigmaDelta.xml
1956 ms. Memory: 404480K Free: 267343K (66%)
----------------- Invoking toplevel() on ptolemy.moml.MoMLSimpleApplication@4bd1bd5e
----------------- Done invoking toplevel() on ptolemy.moml.MoMLSimpleApplication@4bd1bd5e
reloadAllAccessors: .SigmaDelta

===========================================================================================
----------------- testing Sun Mar 22 13:24:40 UTC 2020 /home/travis/build/icyphy/ptII/ptolemy/domains/continuous/test/auto/SingleRefinement.xml
----------------- Instantiating /home/travis/build/icyphy/ptII/ptolemy/domains/continuous/test/auto/SingleRefinement.xml
288 ms. Memory: 404480K Free: 322851K (80%)
----------------- Invoking toplevel() on ptolemy.moml.MoMLSimpleApplication@620b057c
----------------- Done invoking toplevel() on ptolemy.moml.MoMLSimpleApplication@620b057c
reloadAllAccessors: .SingleRefinement

===========================================================================================
----------------- testing Sun Mar 22 13:24:40 UTC 2020 /home/travis/build/icyphy/ptII/ptolemy/domains/continuous/test/auto/SinuBouncingBall.xml
----------------- Instantiating /home/travis/build/icyphy/ptII/ptolemy/domains/continuous/test/auto/SinuBouncingBall.xml
751 ms. Memory: 404480K Free: 344445K (85%)
----------------- Invoking toplevel() on ptolemy.moml.MoMLSimpleApplication@795ab8d5
----------------- Done invoking toplevel() on ptolemy.moml.MoMLSimpleApplication@795ab8d5
reloadAllAccessors: .SinuBouncingBall

===========================================================================================
----------------- testing Sun Mar 22 13:24:41 UTC 2020 /home/travis/build/icyphy/ptII/ptolemy/domains/continuous/test/auto/Sinusoid.xml
----------------- Instantiating /home/travis/build/icyphy/ptII/ptolemy/domains/continuous/test/auto/Sinusoid.xml
4 ms. Memory: 404480K Free: 339821K (84%)
----------------- Invoking toplevel() on ptolemy.moml.MoMLSimpleApplication@f2bac7a
----------------- Done invoking toplevel() on ptolemy.moml.MoMLSimpleApplication@f2bac7a
reloadAllAccessors: .Sinusoid

===========================================================================================
----------------- testing Sun Mar 22 13:24:41 UTC 2020 /home/travis/build/icyphy/ptII/ptolemy/domains/continuous/test/auto/SinusoidInNoise.xml
----------------- Instantiating /home/travis/build/icyphy/ptII/ptolemy/domains/continuous/test/auto/SinusoidInNoise.xml
805 ms. Memory: 404480K Free: 205181K (51%)
----------------- Invoking toplevel() on ptolemy.moml.MoMLSimpleApplication@586d4c4e
----------------- Done invoking toplevel() on ptolemy.moml.MoMLSimpleApplication@586d4c4e
reloadAllAccessors: .SinusoidInNoise

===========================================================================================
----------------- testing Sun Mar 22 13:24:42 UTC 2020 /home/travis/build/icyphy/ptII/ptolemy/domains/continuous/test/auto/SinusoidRK45.xml
----------------- Instantiating /home/travis/build/icyphy/ptII/ptolemy/domains/continuous/test/auto/SinusoidRK45.xml
2 ms. Memory: 404480K Free: 201085K (50%)
----------------- Invoking toplevel() on ptolemy.moml.MoMLSimpleApplication@6b065443
----------------- Done invoking toplevel() on ptolemy.moml.MoMLSimpleApplication@6b065443
reloadAllAccessors: .SinusoidRK45

===========================================================================================
----------------- testing Sun Mar 22 13:24:42 UTC 2020 /home/travis/build/icyphy/ptII/ptolemy/domains/continuous/test/auto/SinusoidWithMultipleImpulses.xml
----------------- Instantiating /home/travis/build/icyphy/ptII/ptolemy/domains/continuous/test/auto/SinusoidWithMultipleImpulses.xml
3 ms. Memory: 404480K Free: 196475K (49%)
----------------- Invoking toplevel() on ptolemy.moml.MoMLSimpleApplication@19300d05
----------------- Done invoking toplevel() on ptolemy.moml.MoMLSimpleApplication@19300d05
reloadAllAccessors: .SinusoidWithMultipleImpulses

===========================================================================================
----------------- testing Sun Mar 22 13:24:42 UTC 2020 /home/travis/build/icyphy/ptII/ptolemy/domains/continuous/test/auto/SquareWave.xml
----------------- Instantiating /home/travis/build/icyphy/ptII/ptolemy/domains/continuous/test/auto/SquareWave.xml
127 ms. Memory: 404480K Free: 168827K (42%)
----------------- Invoking toplevel() on ptolemy.moml.MoMLSimpleApplication@32042278
----------------- Done invoking toplevel() on ptolemy.moml.MoMLSimpleApplication@32042278
reloadAllAccessors: .SquareWave

===========================================================================================
----------------- testing Sun Mar 22 13:24:42 UTC 2020 /home/travis/build/icyphy/ptII/ptolemy/domains/continuous/test/auto/Starmac.xml
----------------- Instantiating /home/travis/build/icyphy/ptII/ptolemy/domains/continuous/test/auto/Starmac.xml
3058 ms. Memory: 404480K Free: 332532K (82%)
----------------- Invoking toplevel() on ptolemy.moml.MoMLSimpleApplication@4dc70b76
----------------- Done invoking toplevel() on ptolemy.moml.MoMLSimpleApplication@4dc70b76
reloadAllAccessors: .Starmac

===========================================================================================
----------------- testing Sun Mar 22 13:24:45 UTC 2020 /home/travis/build/icyphy/ptII/ptolemy/domains/continuous/test/auto/StaticUnits.xml
----------------- Instantiating /home/travis/build/icyphy/ptII/ptolemy/domains/continuous/test/auto/StaticUnits.xml
1672 ms. Memory: 404480K Free: 344811K (85%)
----------------- Invoking toplevel() on ptolemy.moml.MoMLSimpleApplication@704da41e
----------------- Done invoking toplevel() on ptolemy.moml.MoMLSimpleApplication@704da41e
reloadAllAccessors: .StaticUnits

===========================================================================================
----------------- testing Sun Mar 22 13:24:48 UTC 2020 /home/travis/build/icyphy/ptII/ptolemy/domains/continuous/test/auto/StickyMasses.xml
----------------- Instantiating /home/travis/build/icyphy/ptII/ptolemy/domains/continuous/test/auto/StickyMasses.xml
140 ms. Memory: 404480K Free: 295145K (73%)
----------------- Invoking toplevel() on ptolemy.moml.MoMLSimpleApplication@686dc73f
----------------- Done invoking toplevel() on ptolemy.moml.MoMLSimpleApplication@686dc73f
reloadAllAccessors: .StickyMasses

===========================================================================================
----------------- testing Sun Mar 22 13:24:48 UTC 2020 /home/travis/build/icyphy/ptII/ptolemy/domains/continuous/test/auto/StopTime.xml
----------------- Instantiating /home/travis/build/icyphy/ptII/ptolemy/domains/continuous/test/auto/StopTime.xml
39 ms. Memory: 404480K Free: 269530K (67%)
----------------- Invoking toplevel() on ptolemy.moml.MoMLSimpleApplication@3f1a4826
----------------- Done invoking toplevel() on ptolemy.moml.MoMLSimpleApplication@3f1a4826
reloadAllAccessors: .StopTime

===========================================================================================
----------------- testing Sun Mar 22 13:24:48 UTC 2020 /home/travis/build/icyphy/ptII/ptolemy/domains/continuous/test/auto/StopTime2.xml
----------------- Instantiating /home/travis/build/icyphy/ptII/ptolemy/domains/continuous/test/auto/StopTime2.xml
32 ms. Memory: 404480K Free: 247017K (61%)
----------------- Invoking toplevel() on ptolemy.moml.MoMLSimpleApplication@3065b973
----------------- Done invoking toplevel() on ptolemy.moml.MoMLSimpleApplication@3065b973
reloadAllAccessors: .StopTime2

===========================================================================================
----------------- testing Sun Mar 22 13:24:48 UTC 2020 /home/travis/build/icyphy/ptII/ptolemy/domains/continuous/test/auto/Switch.xml
----------------- Instantiating /home/travis/build/icyphy/ptII/ptolemy/domains/continuous/test/auto/Switch.xml
41 ms. Memory: 404480K Free: 222410K (55%)
----------------- Invoking toplevel() on ptolemy.moml.MoMLSimpleApplication@7105e4be
----------------- Done invoking toplevel() on ptolemy.moml.MoMLSimpleApplication@7105e4be
reloadAllAccessors: .Switch

===========================================================================================
----------------- testing Sun Mar 22 13:24:48 UTC 2020 /home/travis/build/icyphy/ptII/ptolemy/domains/continuous/test/auto/Thermostat.xml
----------------- Instantiating /home/travis/build/icyphy/ptII/ptolemy/domains/continuous/test/auto/Thermostat.xml
166 ms. Memory: 404480K Free: 149722K (37%)
----------------- Invoking toplevel() on ptolemy.moml.MoMLSimpleApplication@5c295186
----------------- Done invoking toplevel() on ptolemy.moml.MoMLSimpleApplication@5c295186
reloadAllAccessors: .Thermostat

===========================================================================================
----------------- testing Sun Mar 22 13:24:48 UTC 2020 /home/travis/build/icyphy/ptII/ptolemy/domains/continuous/test/auto/TimeDelay.xml
----------------- Instantiating /home/travis/build/icyphy/ptII/ptolemy/domains/continuous/test/auto/TimeDelay.xml
5 ms. Memory: 404480K Free: 145131K (36%)
----------------- Invoking toplevel() on ptolemy.moml.MoMLSimpleApplication@60e91e12
----------------- Done invoking toplevel() on ptolemy.moml.MoMLSimpleApplication@60e91e12
reloadAllAccessors: .TimeDelay

===========================================================================================
----------------- testing Sun Mar 22 13:24:48 UTC 2020 /home/travis/build/icyphy/ptII/ptolemy/domains/continuous/test/auto/TimeDelay2.xml
----------------- Instantiating /home/travis/build/icyphy/ptII/ptolemy/domains/continuous/test/auto/TimeDelay2.xml
8 ms. Memory: 404480K Free: 372454K (92%)
----------------- Invoking toplevel() on ptolemy.moml.MoMLSimpleApplication@65eff1a9
----------------- Done invoking toplevel() on ptolemy.moml.MoMLSimpleApplication@65eff1a9
reloadAllAccessors: .TimeDelay2

===========================================================================================
----------------- testing Sun Mar 22 13:24:48 UTC 2020 /home/travis/build/icyphy/ptII/ptolemy/domains/continuous/test/auto/TimeDelay3.xml
----------------- Instantiating /home/travis/build/icyphy/ptII/ptolemy/domains/continuous/test/auto/TimeDelay3.xml
5 ms. Memory: 404480K Free: 367827K (91%)
----------------- Invoking toplevel() on ptolemy.moml.MoMLSimpleApplication@40d29aa9
----------------- Done invoking toplevel() on ptolemy.moml.MoMLSimpleApplication@40d29aa9
reloadAllAccessors: .TimeDelay3

===========================================================================================
----------------- testing Sun Mar 22 13:24:48 UTC 2020 /home/travis/build/icyphy/ptII/ptolemy/domains/continuous/test/auto/TransferAbsentToInside.xml
----------------- Instantiating /home/travis/build/icyphy/ptII/ptolemy/domains/continuous/test/auto/TransferAbsentToInside.xml
46 ms. Memory: 404480K Free: 314086K (78%)
----------------- Invoking toplevel() on ptolemy.moml.MoMLSimpleApplication@48d1a709
----------------- Done invoking toplevel() on ptolemy.moml.MoMLSimpleApplication@48d1a709
reloadAllAccessors: .TransferAbsentToInside

===========================================================================================
----------------- testing Sun Mar 22 13:24:48 UTC 2020 /home/travis/build/icyphy/ptII/ptolemy/domains/continuous/test/auto/Transmission.xml
----------------- Instantiating /home/travis/build/icyphy/ptII/ptolemy/domains/continuous/test/auto/Transmission.xml
733 ms. Memory: 404480K Free: 318163K (79%)
----------------- Invoking toplevel() on ptolemy.moml.MoMLSimpleApplication@51186b4e
----------------- Done invoking toplevel() on ptolemy.moml.MoMLSimpleApplication@51186b4e
reloadAllAccessors: .Transmission

===========================================================================================
----------------- testing Sun Mar 22 13:24:49 UTC 2020 /home/travis/build/icyphy/ptII/ptolemy/domains/continuous/test/auto/TriggeredContinuousClock.xml
----------------- Instantiating /home/travis/build/icyphy/ptII/ptolemy/domains/continuous/test/auto/TriggeredContinuousClock.xml
32 ms. Memory: 404480K Free: 288467K (71%)
----------------- Invoking toplevel() on ptolemy.moml.MoMLSimpleApplication@ece2cdd
----------------- Done invoking toplevel() on ptolemy.moml.MoMLSimpleApplication@ece2cdd
reloadAllAccessors: .TriggeredContinuousClock

===========================================================================================
----------------- testing Sun Mar 22 13:24:49 UTC 2020 /home/travis/build/icyphy/ptII/ptolemy/domains/continuous/test/auto/TwoMachineInfiniteBusControl.xml
----------------- Instantiating /home/travis/build/icyphy/ptII/ptolemy/domains/continuous/test/auto/TwoMachineInfiniteBusControl.xml
2423 ms. Memory: 404480K Free: 170123K (42%)
----------------- Invoking toplevel() on ptolemy.moml.MoMLSimpleApplication@54635404
----------------- Done invoking toplevel() on ptolemy.moml.MoMLSimpleApplication@54635404
reloadAllAccessors: .TwoMachineInfiniteBusControl

===========================================================================================
----------------- testing Sun Mar 22 13:24:52 UTC 2020 /home/travis/build/icyphy/ptII/ptolemy/domains/continuous/test/auto/V2V.xml
----------------- Instantiating /home/travis/build/icyphy/ptII/ptolemy/domains/continuous/test/auto/V2V.xml
857 ms. Memory: 404480K Free: 216699K (54%)
----------------- Invoking toplevel() on ptolemy.moml.MoMLSimpleApplication@7cda2e0d
----------------- Done invoking toplevel() on ptolemy.moml.MoMLSimpleApplication@7cda2e0d
reloadAllAccessors: .V2V

===========================================================================================
----------------- testing Sun Mar 22 13:24:53 UTC 2020 /home/travis/build/icyphy/ptII/ptolemy/domains/continuous/test/auto/hierarchicalModalModel.xml
----------------- Instantiating /home/travis/build/icyphy/ptII/ptolemy/domains/continuous/test/auto/hierarchicalModalModel.xml
8 ms. Memory: 404480K Free: 202363K (50%)
----------------- Invoking toplevel() on ptolemy.moml.MoMLSimpleApplication@59fc784c
----------------- Done invoking toplevel() on ptolemy.moml.MoMLSimpleApplication@59fc784c
reloadAllAccessors: .hierarchicalModalModel

===========================================================================================
----------------- testing Sun Mar 22 13:24:53 UTC 2020 /home/travis/build/icyphy/ptII/ptolemy/domains/continuous/test/auto/hierarchicalModalModel1.xml
----------------- Instantiating /home/travis/build/icyphy/ptII/ptolemy/domains/continuous/test/auto/hierarchicalModalModel1.xml
8 ms. Memory: 404480K Free: 188027K (46%)
----------------- Invoking toplevel() on ptolemy.moml.MoMLSimpleApplication@16cfa2a5
----------------- Done invoking toplevel() on ptolemy.moml.MoMLSimpleApplication@16cfa2a5
reloadAllAccessors: .hierarchicalModalModel1

===========================================================================================
----------------- testing Sun Mar 22 13:24:53 UTC 2020 /home/travis/build/icyphy/ptII/ptolemy/domains/continuous/test/auto/hierarchicalModalModel2.xml
----------------- Instantiating /home/travis/build/icyphy/ptII/ptolemy/domains/continuous/test/auto/hierarchicalModalModel2.xml
7 ms. Memory: 404480K Free: 175739K (43%)
----------------- Invoking toplevel() on ptolemy.moml.MoMLSimpleApplication@4b240f3d
----------------- Done invoking toplevel() on ptolemy.moml.MoMLSimpleApplication@4b240f3d
reloadAllAccessors: .hierarchicalModalModel2

===========================================================================================
----------------- testing Sun Mar 22 13:24:53 UTC 2020 /home/travis/build/icyphy/ptII/ptolemy/domains/continuous/test/auto/hierarchicalModalModel3.xml
----------------- Instantiating /home/travis/build/icyphy/ptII/ptolemy/domains/continuous/test/auto/hierarchicalModalModel3.xml
6 ms. Memory: 404480K Free: 164985K (41%)
----------------- Invoking toplevel() on ptolemy.moml.MoMLSimpleApplication@605eae22
----------------- Done invoking toplevel() on ptolemy.moml.MoMLSimpleApplication@605eae22
reloadAllAccessors: .hierarchicalModalModel3

===========================================================================================
----------------- testing Sun Mar 22 13:24:53 UTC 2020 /home/travis/build/icyphy/ptII/ptolemy/domains/continuous/test/auto/hierarchicalModalModel4.xml
----------------- Instantiating /home/travis/build/icyphy/ptII/ptolemy/domains/continuous/test/auto/hierarchicalModalModel4.xml
7 ms. Memory: 404480K Free: 153211K (38%)
----------------- Invoking toplevel() on ptolemy.moml.MoMLSimpleApplication@4f52c4ac
----------------- Done invoking toplevel() on ptolemy.moml.MoMLSimpleApplication@4f52c4ac
reloadAllAccessors: .hierarchicalModalModel4

===========================================================================================
----------------- testing Sun Mar 22 13:24:53 UTC 2020 /home/travis/build/icyphy/ptII/ptolemy/domains/continuous/test/auto/junk.xml
----------------- Instantiating /home/travis/build/icyphy/ptII/ptolemy/domains/continuous/test/auto/junk.xml
128 ms. Memory: 404480K Free: 362606K (90%)
----------------- Invoking toplevel() on ptolemy.moml.MoMLSimpleApplication@2d5379a1
----------------- Done invoking toplevel() on ptolemy.moml.MoMLSimpleApplication@2d5379a1
reloadAllAccessors: .junk
AutoTests.java: About to close Vertx.
AutoTests.java: Vertx closed.
]]></system-out>
  <system-err><![CDATA[Warning: '.HysteresisWithRandomDelay.NonStrictTest3' The test produced only 17 tokens, yet the correctValues parameter was expecting 30 tokens.
Warning: '.Poisson.NonStrictTest' The test produced only 418 tokens, yet the correctValues parameter was expecting 430 tokens.
]]></system-err>
</testsuite>
