<?xml version="1.0" encoding="UTF-8" ?>
<testsuite errors="0" failures="0" hostname="travis-job-b290e555-77c3-4eac-8dd6-f5ea903a66b1" name="ptolemy.domains.continuous.test.junit.JUnitTclTest" skipped="0" tests="156" time="76.057" timestamp="2018-11-11T02:42:15">
  <properties>
[...]
</properties>
  <testcase classname="ptolemy.util.test.junit.TclTests" name="[0] ThereAreNoTclTests (RunTclFile)" time="0.001" />
  <testcase classname="ptolemy.util.test.junit.AutoKnownFailedTests" name="[0] ThereAreNoKnowFailedTests (RunModel)" time="0.001" />
  <testcase classname="ptolemy.util.test.junit.AutoNameArchTests" name="[0] ThereAreNoAutoArchTests (RunModel)" time="0.002" />
  <testcase classname="ptolemy.util.test.junit.AutoTests" name="[0] /home/travis/build/icyphy/ptII/ptolemy/domains/continuous/test/auto/BouncingBall.xml (RunModel)" time="2.976" />
  <testcase classname="ptolemy.util.test.junit.AutoTests" name="[1] /home/travis/build/icyphy/ptII/ptolemy/domains/continuous/test/auto/BouncingBallWithoutGR.xml (RunModel)" time="1.001" />
  <testcase classname="ptolemy.util.test.junit.AutoTests" name="[2] /home/travis/build/icyphy/ptII/ptolemy/domains/continuous/test/auto/Brownian.xml (RunModel)" time="0.112" />
  <testcase classname="ptolemy.util.test.junit.AutoTests" name="[3] /home/travis/build/icyphy/ptII/ptolemy/domains/continuous/test/auto/CarTracking.xml (RunModel)" time="3.838" />
  <testcase classname="ptolemy.util.test.junit.AutoTests" name="[4] /home/travis/build/icyphy/ptII/ptolemy/domains/continuous/test/auto/CartPendulum.xml (RunModel)" time="0.523" />
  <testcase classname="ptolemy.util.test.junit.AutoTests" name="[5] /home/travis/build/icyphy/ptII/ptolemy/domains/continuous/test/auto/CausalityInterface10.xml (RunModel)" time="0.049" />
  <testcase classname="ptolemy.util.test.junit.AutoTests" name="[6] /home/travis/build/icyphy/ptII/ptolemy/domains/continuous/test/auto/CausalityInterface11.xml (RunModel)" time="0.046" />
  <testcase classname="ptolemy.util.test.junit.AutoTests" name="[7] /home/travis/build/icyphy/ptII/ptolemy/domains/continuous/test/auto/CausalityInterface12.xml (RunModel)" time="0.037" />
  <testcase classname="ptolemy.util.test.junit.AutoTests" name="[8] /home/travis/build/icyphy/ptII/ptolemy/domains/continuous/test/auto/CausalityInterface13.xml (RunModel)" time="0.032" />
  <testcase classname="ptolemy.util.test.junit.AutoTests" name="[9] /home/travis/build/icyphy/ptII/ptolemy/domains/continuous/test/auto/CausalityInterface14.xml (RunModel)" time="0.037" />
  <testcase classname="ptolemy.util.test.junit.AutoTests" name="[10] /home/travis/build/icyphy/ptII/ptolemy/domains/continuous/test/auto/CausalityInterface4.xml (RunModel)" time="0.045" />
  <testcase classname="ptolemy.util.test.junit.AutoTests" name="[11] /home/travis/build/icyphy/ptII/ptolemy/domains/continuous/test/auto/CausalityInterface5.xml (RunModel)" time="0.043" />
  <testcase classname="ptolemy.util.test.junit.AutoTests" name="[12] /home/travis/build/icyphy/ptII/ptolemy/domains/continuous/test/auto/CausalityInterface6.xml (RunModel)" time="0.026" />
  <testcase classname="ptolemy.util.test.junit.AutoTests" name="[13] /home/travis/build/icyphy/ptII/ptolemy/domains/continuous/test/auto/CausalityInterface7.xml (RunModel)" time="0.034" />
  <testcase classname="ptolemy.util.test.junit.AutoTests" name="[14] /home/travis/build/icyphy/ptII/ptolemy/domains/continuous/test/auto/CausalityInterface8.xml (RunModel)" time="0.042" />
  <testcase classname="ptolemy.util.test.junit.AutoTests" name="[15] /home/travis/build/icyphy/ptII/ptolemy/domains/continuous/test/auto/CausalityInterface9.xml (RunModel)" time="0.053" />
  <testcase classname="ptolemy.util.test.junit.AutoTests" name="[16] /home/travis/build/icyphy/ptII/ptolemy/domains/continuous/test/auto/CausalityInterfaceFeedback1.xml (RunModel)" time="0.028" />
  <testcase classname="ptolemy.util.test.junit.AutoTests" name="[17] /home/travis/build/icyphy/ptII/ptolemy/domains/continuous/test/auto/CausalityInterfaceFeedback2.xml (RunModel)" time="0.035" />
  <testcase classname="ptolemy.util.test.junit.AutoTests" name="[18] /home/travis/build/icyphy/ptII/ptolemy/domains/continuous/test/auto/CompareWithCurrentTime.xml (RunModel)" time="0.025" />
  <testcase classname="ptolemy.util.test.junit.AutoTests" name="[19] /home/travis/build/icyphy/ptII/ptolemy/domains/continuous/test/auto/ComparedClocks.xml (RunModel)" time="0.076" />
  <testcase classname="ptolemy.util.test.junit.AutoTests" name="[20] /home/travis/build/icyphy/ptII/ptolemy/domains/continuous/test/auto/ContinuousAOCClone.xml (RunModel)" time="2.7" />
  <testcase classname="ptolemy.util.test.junit.AutoTests" name="[21] /home/travis/build/icyphy/ptII/ptolemy/domains/continuous/test/auto/ContinuousClock.xml (RunModel)" time="0.086" />
  <testcase classname="ptolemy.util.test.junit.AutoTests" name="[22] /home/travis/build/icyphy/ptII/ptolemy/domains/continuous/test/auto/ContinuousInContinuous.xml (RunModel)" time="0.08" />
  <testcase classname="ptolemy.util.test.junit.AutoTests" name="[23] /home/travis/build/icyphy/ptII/ptolemy/domains/continuous/test/auto/ContinuousInContinuousInContinuous.xml (RunModel)" time="0.026" />
  <testcase classname="ptolemy.util.test.junit.AutoTests" name="[24] /home/travis/build/icyphy/ptII/ptolemy/domains/continuous/test/auto/ContinuousInDE.xml (RunModel)" time="0.139" />
  <testcase classname="ptolemy.util.test.junit.AutoTests" name="[25] /home/travis/build/icyphy/ptII/ptolemy/domains/continuous/test/auto/ContinuousInDE2.xml (RunModel)" time="0.068" />
  <testcase classname="ptolemy.util.test.junit.AutoTests" name="[26] /home/travis/build/icyphy/ptII/ptolemy/domains/continuous/test/auto/ContinuousInDE3.xml (RunModel)" time="0.065" />
  <testcase classname="ptolemy.util.test.junit.AutoTests" name="[27] /home/travis/build/icyphy/ptII/ptolemy/domains/continuous/test/auto/ContinuousInDE4.xml (RunModel)" time="0.039" />
  <testcase classname="ptolemy.util.test.junit.AutoTests" name="[28] /home/travis/build/icyphy/ptII/ptolemy/domains/continuous/test/auto/ContinuousInDEDifferentRefinements.xml (RunModel)" time="0.125" />
  <testcase classname="ptolemy.util.test.junit.AutoTests" name="[29] /home/travis/build/icyphy/ptII/ptolemy/domains/continuous/test/auto/ContinuousInDEDifferentRefinementsPreemptive.xml (RunModel)" time="0.094" />
  <testcase classname="ptolemy.util.test.junit.AutoTests" name="[30] /home/travis/build/icyphy/ptII/ptolemy/domains/continuous/test/auto/ContinuousInDEInContinuous2.xml (RunModel)" time="0.068" />
  <testcase classname="ptolemy.util.test.junit.AutoTests" name="[31] /home/travis/build/icyphy/ptII/ptolemy/domains/continuous/test/auto/ContinuousInDEInContinuous3.xml (RunModel)" time="0.076" />
  <testcase classname="ptolemy.util.test.junit.AutoTests" name="[32] /home/travis/build/icyphy/ptII/ptolemy/domains/continuous/test/auto/ContinuousInDEInput.xml (RunModel)" time="0.051" />
  <testcase classname="ptolemy.util.test.junit.AutoTests" name="[33] /home/travis/build/icyphy/ptII/ptolemy/domains/continuous/test/auto/ContinuousInDEInput2.xml (RunModel)" time="0.036" />
  <testcase classname="ptolemy.util.test.junit.AutoTests" name="[34] /home/travis/build/icyphy/ptII/ptolemy/domains/continuous/test/auto/ContinuousInDEInput3.xml (RunModel)" time="0.03" />
  <testcase classname="ptolemy.util.test.junit.AutoTests" name="[35] /home/travis/build/icyphy/ptII/ptolemy/domains/continuous/test/auto/ContinuousInDESharingRefinement.xml (RunModel)" time="0.207" />
  <testcase classname="ptolemy.util.test.junit.AutoTests" name="[36] /home/travis/build/icyphy/ptII/ptolemy/domains/continuous/test/auto/ContinuousInDEwithNoPorts.xml (RunModel)" time="0.019" />
  <testcase classname="ptolemy.util.test.junit.AutoTests" name="[37] /home/travis/build/icyphy/ptII/ptolemy/domains/continuous/test/auto/ContinuousInsideDE.xml (RunModel)" time="0.098" />
  <testcase classname="ptolemy.util.test.junit.AutoTests" name="[38] /home/travis/build/icyphy/ptII/ptolemy/domains/continuous/test/auto/ContinuousMerge1.xml (RunModel)" time="0.019" />
  <testcase classname="ptolemy.util.test.junit.AutoTests" name="[39] /home/travis/build/icyphy/ptII/ptolemy/domains/continuous/test/auto/ContinuousMerge2.xml (RunModel)" time="0.046" />
  <testcase classname="ptolemy.util.test.junit.AutoTests" name="[40] /home/travis/build/icyphy/ptII/ptolemy/domains/continuous/test/auto/ContinuousMerge3.xml (RunModel)" time="0.075" />
  <testcase classname="ptolemy.util.test.junit.AutoTests" name="[41] /home/travis/build/icyphy/ptII/ptolemy/domains/continuous/test/auto/ContinuousWithinContinuous.xml (RunModel)" time="0.066" />
  <testcase classname="ptolemy.util.test.junit.AutoTests" name="[42] /home/travis/build/icyphy/ptII/ptolemy/domains/continuous/test/auto/ContinuousWithinContinuous2.xml (RunModel)" time="0.077" />
  <testcase classname="ptolemy.util.test.junit.AutoTests" name="[43] /home/travis/build/icyphy/ptII/ptolemy/domains/continuous/test/auto/ContinuousWithinContinuous3.xml (RunModel)" time="0.033" />
  <testcase classname="ptolemy.util.test.junit.AutoTests" name="[44] /home/travis/build/icyphy/ptII/ptolemy/domains/continuous/test/auto/ContinuousWithinContinuous4.xml (RunModel)" time="0.095" />
  <testcase classname="ptolemy.util.test.junit.AutoTests" name="[45] /home/travis/build/icyphy/ptII/ptolemy/domains/continuous/test/auto/ContinuousWithinContinuous5.xml (RunModel)" time="0.033" />
  <testcase classname="ptolemy.util.test.junit.AutoTests" name="[46] /home/travis/build/icyphy/ptII/ptolemy/domains/continuous/test/auto/ContinuousWithinContinuous6.xml (RunModel)" time="0.03" />
  <testcase classname="ptolemy.util.test.junit.AutoTests" name="[47] /home/travis/build/icyphy/ptII/ptolemy/domains/continuous/test/auto/ContinuousWithinContinuous7.xml (RunModel)" time="0.077" />
  <testcase classname="ptolemy.util.test.junit.AutoTests" name="[48] /home/travis/build/icyphy/ptII/ptolemy/domains/continuous/test/auto/DCMotor.xml (RunModel)" time="15.476" />
  <testcase classname="ptolemy.util.test.junit.AutoTests" name="[49] /home/travis/build/icyphy/ptII/ptolemy/domains/continuous/test/auto/DEInContinuous.xml (RunModel)" time="0.034" />
  <testcase classname="ptolemy.util.test.junit.AutoTests" name="[50] /home/travis/build/icyphy/ptII/ptolemy/domains/continuous/test/auto/DEinContinuous2.xml (RunModel)" time="0.035" />
  <testcase classname="ptolemy.util.test.junit.AutoTests" name="[51] /home/travis/build/icyphy/ptII/ptolemy/domains/continuous/test/auto/Derivative.xml (RunModel)" time="0.222" />
  <testcase classname="ptolemy.util.test.junit.AutoTests" name="[52] /home/travis/build/icyphy/ptII/ptolemy/domains/continuous/test/auto/Derivative1.xml (RunModel)" time="0.06" />
  <testcase classname="ptolemy.util.test.junit.AutoTests" name="[53] /home/travis/build/icyphy/ptII/ptolemy/domains/continuous/test/auto/DiscreteClock.xml (RunModel)" time="0.018" />
  <testcase classname="ptolemy.util.test.junit.AutoTests" name="[54] /home/travis/build/icyphy/ptII/ptolemy/domains/continuous/test/auto/EfficiencyCurve.xml (RunModel)" time="0.07" />
  <testcase classname="ptolemy.util.test.junit.AutoTests" name="[55] /home/travis/build/icyphy/ptII/ptolemy/domains/continuous/test/auto/ExponentialResponse.xml (RunModel)" time="0.113" />
  <testcase classname="ptolemy.util.test.junit.AutoTests" name="[56] /home/travis/build/icyphy/ptII/ptolemy/domains/continuous/test/auto/ExponentialResponseRK45.xml (RunModel)" time="0.034" />
  <testcase classname="ptolemy.util.test.junit.AutoTests" name="[57] /home/travis/build/icyphy/ptII/ptolemy/domains/continuous/test/auto/Friction.xml (RunModel)" time="1.4" />
  <testcase classname="ptolemy.util.test.junit.AutoTests" name="[58] /home/travis/build/icyphy/ptII/ptolemy/domains/continuous/test/auto/FurutaPendulum.xml (RunModel)" time="3.566" />
  <testcase classname="ptolemy.util.test.junit.AutoTests" name="[59] /home/travis/build/icyphy/ptII/ptolemy/domains/continuous/test/auto/HierarchicalExecution.xml (RunModel)" time="1.986" />
  <testcase classname="ptolemy.util.test.junit.AutoTests" name="[60] /home/travis/build/icyphy/ptII/ptolemy/domains/continuous/test/auto/HybridPlant.xml (RunModel)" time="0.499" />
  <testcase classname="ptolemy.util.test.junit.AutoTests" name="[61] /home/travis/build/icyphy/ptII/ptolemy/domains/continuous/test/auto/Hysteresis.xml (RunModel)" time="0.158" />
  <testcase classname="ptolemy.util.test.junit.AutoTests" name="[62] /home/travis/build/icyphy/ptII/ptolemy/domains/continuous/test/auto/HysteresisWithRandomDelay.xml (RunModel)" time="0.235" />
  <testcase classname="ptolemy.util.test.junit.AutoTests" name="[63] /home/travis/build/icyphy/ptII/ptolemy/domains/continuous/test/auto/HysteresisWithRandomLosses.xml (RunModel)" time="2.3" />
  <testcase classname="ptolemy.util.test.junit.AutoTests" name="[64] /home/travis/build/icyphy/ptII/ptolemy/domains/continuous/test/auto/ImmediateTransitions.xml (RunModel)" time="0.035" />
  <testcase classname="ptolemy.util.test.junit.AutoTests" name="[65] /home/travis/build/icyphy/ptII/ptolemy/domains/continuous/test/auto/ImpulseFeedback.xml (RunModel)" time="0.027" />
  <testcase classname="ptolemy.util.test.junit.AutoTests" name="[66] /home/travis/build/icyphy/ptII/ptolemy/domains/continuous/test/auto/ImpulseFeedback2.xml (RunModel)" time="0.023" />
  <testcase classname="ptolemy.util.test.junit.AutoTests" name="[67] /home/travis/build/icyphy/ptII/ptolemy/domains/continuous/test/auto/IncreasingRatePoisson.xml (RunModel)" time="0.698" />
  <testcase classname="ptolemy.util.test.junit.AutoTests" name="[68] /home/travis/build/icyphy/ptII/ptolemy/domains/continuous/test/auto/InitialStateFeedback.xml (RunModel)" time="0.024" />
  <testcase classname="ptolemy.util.test.junit.AutoTests" name="[69] /home/travis/build/icyphy/ptII/ptolemy/domains/continuous/test/auto/Integration.xml (RunModel)" time="0.011" />
  <testcase classname="ptolemy.util.test.junit.AutoTests" name="[70] /home/travis/build/icyphy/ptII/ptolemy/domains/continuous/test/auto/Integration2.xml (RunModel)" time="0.101" />
  <testcase classname="ptolemy.util.test.junit.AutoTests" name="[71] /home/travis/build/icyphy/ptII/ptolemy/domains/continuous/test/auto/Integration3.xml (RunModel)" time="0.013" />
  <testcase classname="ptolemy.util.test.junit.AutoTests" name="[72] /home/travis/build/icyphy/ptII/ptolemy/domains/continuous/test/auto/Integration5.xml (RunModel)" time="0.031" />
  <testcase classname="ptolemy.util.test.junit.AutoTests" name="[73] /home/travis/build/icyphy/ptII/ptolemy/domains/continuous/test/auto/IntegratorImpulse.xml (RunModel)" time="0.011" />
  <testcase classname="ptolemy.util.test.junit.AutoTests" name="[74] /home/travis/build/icyphy/ptII/ptolemy/domains/continuous/test/auto/IntegratorImpulse2.xml (RunModel)" time="0.013" />
  <testcase classname="ptolemy.util.test.junit.AutoTests" name="[75] /home/travis/build/icyphy/ptII/ptolemy/domains/continuous/test/auto/LevelCrossing1.xml (RunModel)" time="0.016" />
  <testcase classname="ptolemy.util.test.junit.AutoTests" name="[76] /home/travis/build/icyphy/ptII/ptolemy/domains/continuous/test/auto/LevelCrossing2.xml (RunModel)" time="0.012" />
  <testcase classname="ptolemy.util.test.junit.AutoTests" name="[77] /home/travis/build/icyphy/ptII/ptolemy/domains/continuous/test/auto/LevelCrossing3.xml (RunModel)" time="0.013" />
  <testcase classname="ptolemy.util.test.junit.AutoTests" name="[78] /home/travis/build/icyphy/ptII/ptolemy/domains/continuous/test/auto/LevelCrossing4.xml (RunModel)" time="0.014" />
  <testcase classname="ptolemy.util.test.junit.AutoTests" name="[79] /home/travis/build/icyphy/ptII/ptolemy/domains/continuous/test/auto/LevelCrossing5.xml (RunModel)" time="0.013" />
  <testcase classname="ptolemy.util.test.junit.AutoTests" name="[80] /home/travis/build/icyphy/ptII/ptolemy/domains/continuous/test/auto/LevelCrossing6.xml (RunModel)" time="0.013" />
  <testcase classname="ptolemy.util.test.junit.AutoTests" name="[81] /home/travis/build/icyphy/ptII/ptolemy/domains/continuous/test/auto/LevelCrossingDetector.xml (RunModel)" time="0.038" />
  <testcase classname="ptolemy.util.test.junit.AutoTests" name="[82] /home/travis/build/icyphy/ptII/ptolemy/domains/continuous/test/auto/LevelCrossingDetectorDetectingDirections.xml (RunModel)" time="0.088" />
  <testcase classname="ptolemy.util.test.junit.AutoTests" name="[83] /home/travis/build/icyphy/ptII/ptolemy/domains/continuous/test/auto/LevelCrossingDetectorDetectsGlitches.xml (RunModel)" time="0.066" />
  <testcase classname="ptolemy.util.test.junit.AutoTests" name="[84] /home/travis/build/icyphy/ptII/ptolemy/domains/continuous/test/auto/LevelCrossingNoInitialOuput.xml (RunModel)" time="0.013" />
  <testcase classname="ptolemy.util.test.junit.AutoTests" name="[85] /home/travis/build/icyphy/ptII/ptolemy/domains/continuous/test/auto/LinearStateSpaceExample.xml (RunModel)" time="0.045" />
  <testcase classname="ptolemy.util.test.junit.AutoTests" name="[86] /home/travis/build/icyphy/ptII/ptolemy/domains/continuous/test/auto/Lorenz.xml (RunModel)" time="4.037" />
  <testcase classname="ptolemy.util.test.junit.AutoTests" name="[87] /home/travis/build/icyphy/ptII/ptolemy/domains/continuous/test/auto/LorenzDifferentialSystem.xml (RunModel)" time="1.186" />
  <testcase classname="ptolemy.util.test.junit.AutoTests" name="[88] /home/travis/build/icyphy/ptII/ptolemy/domains/continuous/test/auto/LorenzDifferentialSystemWithInput.xml (RunModel)" time="1.362" />
  <testcase classname="ptolemy.util.test.junit.AutoTests" name="[89] /home/travis/build/icyphy/ptII/ptolemy/domains/continuous/test/auto/LorenzDifferentialSystemWithTime.xml (RunModel)" time="0.812" />
  <testcase classname="ptolemy.util.test.junit.AutoTests" name="[90] /home/travis/build/icyphy/ptII/ptolemy/domains/continuous/test/auto/Microsteps.xml (RunModel)" time="0.022" />
  <testcase classname="ptolemy.util.test.junit.AutoTests" name="[91] /home/travis/build/icyphy/ptII/ptolemy/domains/continuous/test/auto/Modal1.xml (RunModel)" time="0.043" />
  <testcase classname="ptolemy.util.test.junit.AutoTests" name="[92] /home/travis/build/icyphy/ptII/ptolemy/domains/continuous/test/auto/Modal2.xml (RunModel)" time="0.052" />
  <testcase classname="ptolemy.util.test.junit.AutoTests" name="[93] /home/travis/build/icyphy/ptII/ptolemy/domains/continuous/test/auto/ModalTransitionGuardWithReset.xml (RunModel)" time="0.031" />
  <testcase classname="ptolemy.util.test.junit.AutoTests" name="[94] /home/travis/build/icyphy/ptII/ptolemy/domains/continuous/test/auto/ModalTransitionGuardWithResetUsingPreemptiveTransition.xml (RunModel)" time="0.04" />
  <testcase classname="ptolemy.util.test.junit.AutoTests" name="[95] /home/travis/build/icyphy/ptII/ptolemy/domains/continuous/test/auto/ModalTransitionGuardWithResetUsingPreemptiveTransition2.xml (RunModel)" time="0.036" />
  <testcase classname="ptolemy.util.test.junit.AutoTests" name="[96] /home/travis/build/icyphy/ptII/ptolemy/domains/continuous/test/auto/ModalTransitionGuardWithResetUsingPreemptiveTransition3.xml (RunModel)" time="0.039" />
  <testcase classname="ptolemy.util.test.junit.AutoTests" name="[97] /home/travis/build/icyphy/ptII/ptolemy/domains/continuous/test/auto/NewtonsCradle.xml (RunModel)" time="0.809" />
  <testcase classname="ptolemy.util.test.junit.AutoTests" name="[98] /home/travis/build/icyphy/ptII/ptolemy/domains/continuous/test/auto/NewtonsCradleAnimated.xml (RunModel)" time="1.17" />
  <testcase classname="ptolemy.util.test.junit.AutoTests" name="[99] /home/travis/build/icyphy/ptII/ptolemy/domains/continuous/test/auto/NewtonsCradleComplicated.xml (RunModel)" time="0.866" />
  <testcase classname="ptolemy.util.test.junit.AutoTests" name="[100] /home/travis/build/icyphy/ptII/ptolemy/domains/continuous/test/auto/NewtonsCradleNondeterministic.xml (RunModel)" time="0.688" />
  <testcase classname="ptolemy.util.test.junit.AutoTests" name="[101] /home/travis/build/icyphy/ptII/ptolemy/domains/continuous/test/auto/NewtonsCradlePerfectlyInelastic1.xml (RunModel)" time="1.23" />
  <testcase classname="ptolemy.util.test.junit.AutoTests" name="[102] /home/travis/build/icyphy/ptII/ptolemy/domains/continuous/test/auto/Noise.xml (RunModel)" time="0.191" />
  <testcase classname="ptolemy.util.test.junit.AutoTests" name="[103] /home/travis/build/icyphy/ptII/ptolemy/domains/continuous/test/auto/NoiseSpectrum.xml (RunModel)" time="0.742" />
  <testcase classname="ptolemy.util.test.junit.AutoTests" name="[104] /home/travis/build/icyphy/ptII/ptolemy/domains/continuous/test/auto/ParameterizedNewtonsCradleAnimated.xml (RunModel)" time="0.339" />
  <testcase classname="ptolemy.util.test.junit.AutoTests" name="[105] /home/travis/build/icyphy/ptII/ptolemy/domains/continuous/test/auto/ParameterizedNewtonsCradleAnimatedNondeterministic.xml (RunModel)" time="1.137" />
  <testcase classname="ptolemy.util.test.junit.AutoTests" name="[106] /home/travis/build/icyphy/ptII/ptolemy/domains/continuous/test/auto/Pendulum3D.xml (RunModel)" time="0.194" />
  <testcase classname="ptolemy.util.test.junit.AutoTests" name="[107] /home/travis/build/icyphy/ptII/ptolemy/domains/continuous/test/auto/PeriodicSampler.xml (RunModel)" time="0.013" />
  <testcase classname="ptolemy.util.test.junit.AutoTests" name="[108] /home/travis/build/icyphy/ptII/ptolemy/domains/continuous/test/auto/PeriodicSampler1.xml (RunModel)" time="0.048" />
  <testcase classname="ptolemy.util.test.junit.AutoTests" name="[109] /home/travis/build/icyphy/ptII/ptolemy/domains/continuous/test/auto/PeriodicSampler2.xml (RunModel)" time="0.093" />
  <testcase classname="ptolemy.util.test.junit.AutoTests" name="[110] /home/travis/build/icyphy/ptII/ptolemy/domains/continuous/test/auto/Poisson.xml (RunModel)" time="0.45" />
  <testcase classname="ptolemy.util.test.junit.AutoTests" name="[111] /home/travis/build/icyphy/ptII/ptolemy/domains/continuous/test/auto/PoissonClock.xml (RunModel)" time="0.011" />
  <testcase classname="ptolemy.util.test.junit.AutoTests" name="[112] /home/travis/build/icyphy/ptII/ptolemy/domains/continuous/test/auto/PoissonClock2.xml (RunModel)" time="0.014" />
  <testcase classname="ptolemy.util.test.junit.AutoTests" name="[113] /home/travis/build/icyphy/ptII/ptolemy/domains/continuous/test/auto/PortParameterHierarchy.xml (RunModel)" time="0.025" />
  <testcase classname="ptolemy.util.test.junit.AutoTests" name="[114] /home/travis/build/icyphy/ptII/ptolemy/domains/continuous/test/auto/RandomHybridPlant.xml (RunModel)" time="0.49" />
  <testcase classname="ptolemy.util.test.junit.AutoTests" name="[115] /home/travis/build/icyphy/ptII/ptolemy/domains/continuous/test/auto/ResetTransitionWithStartTime1.xml (RunModel)" time="0.033" />
  <testcase classname="ptolemy.util.test.junit.AutoTests" name="[116] /home/travis/build/icyphy/ptII/ptolemy/domains/continuous/test/auto/ResetTransitionWithStartTime2.xml (RunModel)" time="0.042" />
  <testcase classname="ptolemy.util.test.junit.AutoTests" name="[117] /home/travis/build/icyphy/ptII/ptolemy/domains/continuous/test/auto/ResetTransitionWithStartTime3.xml (RunModel)" time="0.035" />
  <testcase classname="ptolemy.util.test.junit.AutoTests" name="[118] /home/travis/build/icyphy/ptII/ptolemy/domains/continuous/test/auto/ResetTransitionWithStartTime4.xml (RunModel)" time="0.027" />
  <testcase classname="ptolemy.util.test.junit.AutoTests" name="[119] /home/travis/build/icyphy/ptII/ptolemy/domains/continuous/test/auto/ResetTransitionWithStartTime5.xml (RunModel)" time="0.034" />
  <testcase classname="ptolemy.util.test.junit.AutoTests" name="[120] /home/travis/build/icyphy/ptII/ptolemy/domains/continuous/test/auto/ResetTransitionWithStartTime6.xml (RunModel)" time="0.035" />
  <testcase classname="ptolemy.util.test.junit.AutoTests" name="[121] /home/travis/build/icyphy/ptII/ptolemy/domains/continuous/test/auto/SRinContinuous.xml (RunModel)" time="0.027" />
  <testcase classname="ptolemy.util.test.junit.AutoTests" name="[122] /home/travis/build/icyphy/ptII/ptolemy/domains/continuous/test/auto/SampledClocks.xml (RunModel)" time="0.025" />
  <testcase classname="ptolemy.util.test.junit.AutoTests" name="[123] /home/travis/build/icyphy/ptII/ptolemy/domains/continuous/test/auto/Satellite.xml (RunModel)" time="0.881" />
  <testcase classname="ptolemy.util.test.junit.AutoTests" name="[124] /home/travis/build/icyphy/ptII/ptolemy/domains/continuous/test/auto/SigmaDelta.xml (RunModel)" time="2.399" />
  <testcase classname="ptolemy.util.test.junit.AutoTests" name="[125] /home/travis/build/icyphy/ptII/ptolemy/domains/continuous/test/auto/SingleRefinement.xml (RunModel)" time="0.506" />
  <testcase classname="ptolemy.util.test.junit.AutoTests" name="[126] /home/travis/build/icyphy/ptII/ptolemy/domains/continuous/test/auto/SinuBouncingBall.xml (RunModel)" time="0.806" />
  <testcase classname="ptolemy.util.test.junit.AutoTests" name="[127] /home/travis/build/icyphy/ptII/ptolemy/domains/continuous/test/auto/Sinusoid.xml (RunModel)" time="0.015" />
  <testcase classname="ptolemy.util.test.junit.AutoTests" name="[128] /home/travis/build/icyphy/ptII/ptolemy/domains/continuous/test/auto/SinusoidInNoise.xml (RunModel)" time="0.988" />
  <testcase classname="ptolemy.util.test.junit.AutoTests" name="[129] /home/travis/build/icyphy/ptII/ptolemy/domains/continuous/test/auto/SinusoidRK45.xml (RunModel)" time="0.013" />
  <testcase classname="ptolemy.util.test.junit.AutoTests" name="[130] /home/travis/build/icyphy/ptII/ptolemy/domains/continuous/test/auto/SinusoidWithMultipleImpulses.xml (RunModel)" time="0.014" />
  <testcase classname="ptolemy.util.test.junit.AutoTests" name="[131] /home/travis/build/icyphy/ptII/ptolemy/domains/continuous/test/auto/SquareWave.xml (RunModel)" time="0.188" />
  <testcase classname="ptolemy.util.test.junit.AutoTests" name="[132] /home/travis/build/icyphy/ptII/ptolemy/domains/continuous/test/auto/Starmac.xml (RunModel)" time="3.438" />
  <testcase classname="ptolemy.util.test.junit.AutoTests" name="[133] /home/travis/build/icyphy/ptII/ptolemy/domains/continuous/test/auto/StaticUnits.xml (RunModel)" time="2.51" />
  <testcase classname="ptolemy.util.test.junit.AutoTests" name="[134] /home/travis/build/icyphy/ptII/ptolemy/domains/continuous/test/auto/StickyMasses.xml (RunModel)" time="0.18" />
  <testcase classname="ptolemy.util.test.junit.AutoTests" name="[135] /home/travis/build/icyphy/ptII/ptolemy/domains/continuous/test/auto/StopTime.xml (RunModel)" time="0.07" />
  <testcase classname="ptolemy.util.test.junit.AutoTests" name="[136] /home/travis/build/icyphy/ptII/ptolemy/domains/continuous/test/auto/StopTime2.xml (RunModel)" time="0.058" />
  <testcase classname="ptolemy.util.test.junit.AutoTests" name="[137] /home/travis/build/icyphy/ptII/ptolemy/domains/continuous/test/auto/Switch.xml (RunModel)" time="0.061" />
  <testcase classname="ptolemy.util.test.junit.AutoTests" name="[138] /home/travis/build/icyphy/ptII/ptolemy/domains/continuous/test/auto/Thermostat.xml (RunModel)" time="0.191" />
  <testcase classname="ptolemy.util.test.junit.AutoTests" name="[139] /home/travis/build/icyphy/ptII/ptolemy/domains/continuous/test/auto/TimeDelay.xml (RunModel)" time="0.015" />
  <testcase classname="ptolemy.util.test.junit.AutoTests" name="[140] /home/travis/build/icyphy/ptII/ptolemy/domains/continuous/test/auto/TimeDelay2.xml (RunModel)" time="0.017" />
  <testcase classname="ptolemy.util.test.junit.AutoTests" name="[141] /home/travis/build/icyphy/ptII/ptolemy/domains/continuous/test/auto/TimeDelay3.xml (RunModel)" time="0.014" />
  <testcase classname="ptolemy.util.test.junit.AutoTests" name="[142] /home/travis/build/icyphy/ptII/ptolemy/domains/continuous/test/auto/TransferAbsentToInside.xml (RunModel)" time="0.117" />
  <testcase classname="ptolemy.util.test.junit.AutoTests" name="[143] /home/travis/build/icyphy/ptII/ptolemy/domains/continuous/test/auto/Transmission.xml (RunModel)" time="0.776" />
  <testcase classname="ptolemy.util.test.junit.AutoTests" name="[144] /home/travis/build/icyphy/ptII/ptolemy/domains/continuous/test/auto/TriggeredContinuousClock.xml (RunModel)" time="0.069" />
  <testcase classname="ptolemy.util.test.junit.AutoTests" name="[145] /home/travis/build/icyphy/ptII/ptolemy/domains/continuous/test/auto/TwoMachineInfiniteBusControl.xml (RunModel)" time="3.065" />
  <testcase classname="ptolemy.util.test.junit.AutoTests" name="[146] /home/travis/build/icyphy/ptII/ptolemy/domains/continuous/test/auto/V2V.xml (RunModel)" time="0.85" />
  <testcase classname="ptolemy.util.test.junit.AutoTests" name="[147] /home/travis/build/icyphy/ptII/ptolemy/domains/continuous/test/auto/hierarchicalModalModel.xml (RunModel)" time="0.038" />
  <testcase classname="ptolemy.util.test.junit.AutoTests" name="[148] /home/travis/build/icyphy/ptII/ptolemy/domains/continuous/test/auto/hierarchicalModalModel1.xml (RunModel)" time="0.036" />
  <testcase classname="ptolemy.util.test.junit.AutoTests" name="[149] /home/travis/build/icyphy/ptII/ptolemy/domains/continuous/test/auto/hierarchicalModalModel2.xml (RunModel)" time="0.028" />
  <testcase classname="ptolemy.util.test.junit.AutoTests" name="[150] /home/travis/build/icyphy/ptII/ptolemy/domains/continuous/test/auto/hierarchicalModalModel3.xml (RunModel)" time="0.025" />
  <testcase classname="ptolemy.util.test.junit.AutoTests" name="[151] /home/travis/build/icyphy/ptII/ptolemy/domains/continuous/test/auto/hierarchicalModalModel4.xml (RunModel)" time="0.029" />
  <testcase classname="ptolemy.util.test.junit.AutoTests" name="[152] /home/travis/build/icyphy/ptII/ptolemy/domains/continuous/test/auto/junk.xml (RunModel)" time="0.155" />
  <system-out><![CDATA[No tcl tests in /home/travis/build/icyphy/ptII/ptolemy/domains/continuous/test
No auto/knownFailedTests/*.xml tests in /home/travis/build/icyphy/ptII/ptolemy/domains/continuous/test
No auto/linux-amd64/*.xml tests in /home/travis/build/icyphy/ptII/ptolemy/domains/continuous/test
AutoTests.java: About to close Vertx.
AutoTests.java: Vertx closed.

===========================================================================================
----------------- testing Sun Nov 11 02:42:15 UTC 2018 /home/travis/build/icyphy/ptII/ptolemy/domains/continuous/test/auto/BouncingBall.xml
----------------- Instantiating /home/travis/build/icyphy/ptII/ptolemy/domains/continuous/test/auto/BouncingBall.xml
2453 ms. Memory: 331776K Free: 259295K (78%)
----------------- Invoking toplevel() on ptolemy.moml.MoMLSimpleApplication@245649ec
----------------- Done invoking toplevel() on ptolemy.moml.MoMLSimpleApplication@245649ec
reloadAllAccessors: .BouncingBall

===========================================================================================
----------------- testing Sun Nov 11 02:42:18 UTC 2018 /home/travis/build/icyphy/ptII/ptolemy/domains/continuous/test/auto/BouncingBallWithoutGR.xml
----------------- Instantiating /home/travis/build/icyphy/ptII/ptolemy/domains/continuous/test/auto/BouncingBallWithoutGR.xml
841 ms. Memory: 331776K Free: 318173K (96%)
----------------- Invoking toplevel() on ptolemy.moml.MoMLSimpleApplication@14574b96
----------------- Done invoking toplevel() on ptolemy.moml.MoMLSimpleApplication@14574b96
reloadAllAccessors: .BouncingBallWithoutGR

===========================================================================================
----------------- testing Sun Nov 11 02:42:19 UTC 2018 /home/travis/build/icyphy/ptII/ptolemy/domains/continuous/test/auto/Brownian.xml
----------------- Instantiating /home/travis/build/icyphy/ptII/ptolemy/domains/continuous/test/auto/Brownian.xml
50 ms. Memory: 331776K Free: 304234K (92%)
----------------- Invoking toplevel() on ptolemy.moml.MoMLSimpleApplication@4025e4a0
----------------- Done invoking toplevel() on ptolemy.moml.MoMLSimpleApplication@4025e4a0
reloadAllAccessors: .Brownian

===========================================================================================
----------------- testing Sun Nov 11 02:42:19 UTC 2018 /home/travis/build/icyphy/ptII/ptolemy/domains/continuous/test/auto/CarTracking.xml
----------------- Instantiating /home/travis/build/icyphy/ptII/ptolemy/domains/continuous/test/auto/CarTracking.xml
3330 ms. Memory: 578048K Free: 479314K (83%)
----------------- Invoking toplevel() on ptolemy.moml.MoMLSimpleApplication@45cf792d
----------------- Done invoking toplevel() on ptolemy.moml.MoMLSimpleApplication@45cf792d
reloadAllAccessors: .CarTracking

===========================================================================================
----------------- testing Sun Nov 11 02:42:23 UTC 2018 /home/travis/build/icyphy/ptII/ptolemy/domains/continuous/test/auto/CartPendulum.xml
----------------- Instantiating /home/travis/build/icyphy/ptII/ptolemy/domains/continuous/test/auto/CartPendulum.xml
384 ms. Memory: 578048K Free: 374651K (65%)
----------------- Invoking toplevel() on ptolemy.moml.MoMLSimpleApplication@2572a67c
----------------- Done invoking toplevel() on ptolemy.moml.MoMLSimpleApplication@2572a67c
reloadAllAccessors: .CartPendulum

===========================================================================================
----------------- testing Sun Nov 11 02:42:24 UTC 2018 /home/travis/build/icyphy/ptII/ptolemy/domains/continuous/test/auto/CausalityInterface10.xml
----------------- Instantiating /home/travis/build/icyphy/ptII/ptolemy/domains/continuous/test/auto/CausalityInterface10.xml
13 ms. Memory: 578048K Free: 361527K (63%)
----------------- Invoking toplevel() on ptolemy.moml.MoMLSimpleApplication@509fe7de
----------------- Done invoking toplevel() on ptolemy.moml.MoMLSimpleApplication@509fe7de
reloadAllAccessors: .CausalityInterface10

===========================================================================================
----------------- testing Sun Nov 11 02:42:24 UTC 2018 /home/travis/build/icyphy/ptII/ptolemy/domains/continuous/test/auto/CausalityInterface11.xml
----------------- Instantiating /home/travis/build/icyphy/ptII/ptolemy/domains/continuous/test/auto/CausalityInterface11.xml
10 ms. Memory: 578048K Free: 351689K (61%)
----------------- Invoking toplevel() on ptolemy.moml.MoMLSimpleApplication@32a13bef
----------------- Done invoking toplevel() on ptolemy.moml.MoMLSimpleApplication@32a13bef
reloadAllAccessors: .CausalityInterface11

===========================================================================================
----------------- testing Sun Nov 11 02:42:24 UTC 2018 /home/travis/build/icyphy/ptII/ptolemy/domains/continuous/test/auto/CausalityInterface12.xml
----------------- Instantiating /home/travis/build/icyphy/ptII/ptolemy/domains/continuous/test/auto/CausalityInterface12.xml
4 ms. Memory: 578048K Free: 341842K (59%)
----------------- Invoking toplevel() on ptolemy.moml.MoMLSimpleApplication@3ffe8963
----------------- Done invoking toplevel() on ptolemy.moml.MoMLSimpleApplication@3ffe8963
reloadAllAccessors: .CausalityInterface12

===========================================================================================
----------------- testing Sun Nov 11 02:42:24 UTC 2018 /home/travis/build/icyphy/ptII/ptolemy/domains/continuous/test/auto/CausalityInterface13.xml
----------------- Instantiating /home/travis/build/icyphy/ptII/ptolemy/domains/continuous/test/auto/CausalityInterface13.xml
4 ms. Memory: 578048K Free: 328800K (57%)
----------------- Invoking toplevel() on ptolemy.moml.MoMLSimpleApplication@38b50e10
----------------- Done invoking toplevel() on ptolemy.moml.MoMLSimpleApplication@38b50e10
reloadAllAccessors: .CausalityInterface13

===========================================================================================
----------------- testing Sun Nov 11 02:42:24 UTC 2018 /home/travis/build/icyphy/ptII/ptolemy/domains/continuous/test/auto/CausalityInterface14.xml
----------------- Instantiating /home/travis/build/icyphy/ptII/ptolemy/domains/continuous/test/auto/CausalityInterface14.xml
13 ms. Memory: 578048K Free: 318961K (55%)
----------------- Invoking toplevel() on ptolemy.moml.MoMLSimpleApplication@6baf9bae
----------------- Done invoking toplevel() on ptolemy.moml.MoMLSimpleApplication@6baf9bae
reloadAllAccessors: .CausalityInterface14

===========================================================================================
----------------- testing Sun Nov 11 02:42:24 UTC 2018 /home/travis/build/icyphy/ptII/ptolemy/domains/continuous/test/auto/CausalityInterface4.xml
----------------- Instantiating /home/travis/build/icyphy/ptII/ptolemy/domains/continuous/test/auto/CausalityInterface4.xml
6 ms. Memory: 578048K Free: 309115K (53%)
----------------- Invoking toplevel() on ptolemy.moml.MoMLSimpleApplication@21bd9655
----------------- Done invoking toplevel() on ptolemy.moml.MoMLSimpleApplication@21bd9655
reloadAllAccessors: .CausalityInterface4

===========================================================================================
----------------- testing Sun Nov 11 02:42:24 UTC 2018 /home/travis/build/icyphy/ptII/ptolemy/domains/continuous/test/auto/CausalityInterface5.xml
----------------- Instantiating /home/travis/build/icyphy/ptII/ptolemy/domains/continuous/test/auto/CausalityInterface5.xml
6 ms. Memory: 578048K Free: 295991K (51%)
----------------- Invoking toplevel() on ptolemy.moml.MoMLSimpleApplication@65aa3243
----------------- Done invoking toplevel() on ptolemy.moml.MoMLSimpleApplication@65aa3243
reloadAllAccessors: .CausalityInterface5

===========================================================================================
----------------- testing Sun Nov 11 02:42:24 UTC 2018 /home/travis/build/icyphy/ptII/ptolemy/domains/continuous/test/auto/CausalityInterface6.xml
----------------- Instantiating /home/travis/build/icyphy/ptII/ptolemy/domains/continuous/test/auto/CausalityInterface6.xml
5 ms. Memory: 578048K Free: 282965K (49%)
----------------- Invoking toplevel() on ptolemy.moml.MoMLSimpleApplication@139dfe6c
----------------- Done invoking toplevel() on ptolemy.moml.MoMLSimpleApplication@139dfe6c
reloadAllAccessors: .CausalityInterface6

===========================================================================================
----------------- testing Sun Nov 11 02:42:24 UTC 2018 /home/travis/build/icyphy/ptII/ptolemy/domains/continuous/test/auto/CausalityInterface7.xml
----------------- Instantiating /home/travis/build/icyphy/ptII/ptolemy/domains/continuous/test/auto/CausalityInterface7.xml
7 ms. Memory: 578048K Free: 269841K (47%)
----------------- Invoking toplevel() on ptolemy.moml.MoMLSimpleApplication@71d64bd8
----------------- Done invoking toplevel() on ptolemy.moml.MoMLSimpleApplication@71d64bd8
reloadAllAccessors: .CausalityInterface7

===========================================================================================
----------------- testing Sun Nov 11 02:42:24 UTC 2018 /home/travis/build/icyphy/ptII/ptolemy/domains/continuous/test/auto/CausalityInterface8.xml
----------------- Instantiating /home/travis/build/icyphy/ptII/ptolemy/domains/continuous/test/auto/CausalityInterface8.xml
8 ms. Memory: 578048K Free: 256718K (44%)
----------------- Invoking toplevel() on ptolemy.moml.MoMLSimpleApplication@452b2772
----------------- Done invoking toplevel() on ptolemy.moml.MoMLSimpleApplication@452b2772
reloadAllAccessors: .CausalityInterface8

===========================================================================================
----------------- testing Sun Nov 11 02:42:24 UTC 2018 /home/travis/build/icyphy/ptII/ptolemy/domains/continuous/test/auto/CausalityInterface9.xml
----------------- Instantiating /home/travis/build/icyphy/ptII/ptolemy/domains/continuous/test/auto/CausalityInterface9.xml
8 ms. Memory: 578048K Free: 240325K (42%)
----------------- Invoking toplevel() on ptolemy.moml.MoMLSimpleApplication@46a0fcc5
----------------- Done invoking toplevel() on ptolemy.moml.MoMLSimpleApplication@46a0fcc5
reloadAllAccessors: .CausalityInterface9

===========================================================================================
----------------- testing Sun Nov 11 02:42:24 UTC 2018 /home/travis/build/icyphy/ptII/ptolemy/domains/continuous/test/auto/CausalityInterfaceFeedback1.xml
----------------- Instantiating /home/travis/build/icyphy/ptII/ptolemy/domains/continuous/test/auto/CausalityInterfaceFeedback1.xml
3 ms. Memory: 578048K Free: 227282K (39%)
----------------- Invoking toplevel() on ptolemy.moml.MoMLSimpleApplication@941f1df
----------------- Done invoking toplevel() on ptolemy.moml.MoMLSimpleApplication@941f1df
reloadAllAccessors: .CausalityInterfaceFeedback1

===========================================================================================
----------------- testing Sun Nov 11 02:42:24 UTC 2018 /home/travis/build/icyphy/ptII/ptolemy/domains/continuous/test/auto/CausalityInterfaceFeedback2.xml
----------------- Instantiating /home/travis/build/icyphy/ptII/ptolemy/domains/continuous/test/auto/CausalityInterfaceFeedback2.xml
6 ms. Memory: 578048K Free: 217436K (38%)
----------------- Invoking toplevel() on ptolemy.moml.MoMLSimpleApplication@4a0a2181
----------------- Done invoking toplevel() on ptolemy.moml.MoMLSimpleApplication@4a0a2181
reloadAllAccessors: .CausalityInterfaceFeedback2

===========================================================================================
----------------- testing Sun Nov 11 02:42:24 UTC 2018 /home/travis/build/icyphy/ptII/ptolemy/domains/continuous/test/auto/CompareWithCurrentTime.xml
----------------- Instantiating /home/travis/build/icyphy/ptII/ptolemy/domains/continuous/test/auto/CompareWithCurrentTime.xml
3 ms. Memory: 578048K Free: 210882K (36%)
----------------- Invoking toplevel() on ptolemy.moml.MoMLSimpleApplication@21daa360
----------------- Done invoking toplevel() on ptolemy.moml.MoMLSimpleApplication@21daa360
reloadAllAccessors: .CompareWithCurrentTime

===========================================================================================
----------------- testing Sun Nov 11 02:42:24 UTC 2018 /home/travis/build/icyphy/ptII/ptolemy/domains/continuous/test/auto/ComparedClocks.xml
----------------- Instantiating /home/travis/build/icyphy/ptII/ptolemy/domains/continuous/test/auto/ComparedClocks.xml
6 ms. Memory: 578048K Free: 191189K (33%)
----------------- Invoking toplevel() on ptolemy.moml.MoMLSimpleApplication@8d73520
----------------- Done invoking toplevel() on ptolemy.moml.MoMLSimpleApplication@8d73520
reloadAllAccessors: .ComparedClocks

===========================================================================================
----------------- testing Sun Nov 11 02:42:24 UTC 2018 /home/travis/build/icyphy/ptII/ptolemy/domains/continuous/test/auto/ContinuousAOCClone.xml
----------------- Instantiating /home/travis/build/icyphy/ptII/ptolemy/domains/continuous/test/auto/ContinuousAOCClone.xml
2471 ms. Memory: 871936K Free: 453491K (52%)
----------------- Invoking toplevel() on ptolemy.moml.MoMLSimpleApplication@773726a
----------------- Done invoking toplevel() on ptolemy.moml.MoMLSimpleApplication@773726a
reloadAllAccessors: .ContinuousAOCClone

===========================================================================================
----------------- testing Sun Nov 11 02:42:27 UTC 2018 /home/travis/build/icyphy/ptII/ptolemy/domains/continuous/test/auto/ContinuousClock.xml
----------------- Instantiating /home/travis/build/icyphy/ptII/ptolemy/domains/continuous/test/auto/ContinuousClock.xml
26 ms. Memory: 871936K Free: 420262K (48%)
----------------- Invoking toplevel() on ptolemy.moml.MoMLSimpleApplication@6f1d26f3
----------------- Done invoking toplevel() on ptolemy.moml.MoMLSimpleApplication@6f1d26f3
reloadAllAccessors: .ContinuousClock

===========================================================================================
----------------- testing Sun Nov 11 02:42:27 UTC 2018 /home/travis/build/icyphy/ptII/ptolemy/domains/continuous/test/auto/ContinuousInContinuous.xml
----------------- Instantiating /home/travis/build/icyphy/ptII/ptolemy/domains/continuous/test/auto/ContinuousInContinuous.xml
41 ms. Memory: 871936K Free: 388829K (45%)
----------------- Invoking toplevel() on ptolemy.moml.MoMLSimpleApplication@3e14d09
----------------- Done invoking toplevel() on ptolemy.moml.MoMLSimpleApplication@3e14d09
reloadAllAccessors: .ContinuousInContinuous

===========================================================================================
----------------- testing Sun Nov 11 02:42:27 UTC 2018 /home/travis/build/icyphy/ptII/ptolemy/domains/continuous/test/auto/ContinuousInContinuousInContinuous.xml
----------------- Instantiating /home/travis/build/icyphy/ptII/ptolemy/domains/continuous/test/auto/ContinuousInContinuousInContinuous.xml
7 ms. Memory: 871936K Free: 373113K (43%)
----------------- Invoking toplevel() on ptolemy.moml.MoMLSimpleApplication@1d6b597b
----------------- Done invoking toplevel() on ptolemy.moml.MoMLSimpleApplication@1d6b597b
reloadAllAccessors: .ContinuousInContinuousInContinuous

===========================================================================================
----------------- testing Sun Nov 11 02:42:27 UTC 2018 /home/travis/build/icyphy/ptII/ptolemy/domains/continuous/test/auto/ContinuousInDE.xml
----------------- Instantiating /home/travis/build/icyphy/ptII/ptolemy/domains/continuous/test/auto/ContinuousInDE.xml
109 ms. Memory: 871936K Free: 357405K (41%)
----------------- Invoking toplevel() on ptolemy.moml.MoMLSimpleApplication@5f6dd254
----------------- Done invoking toplevel() on ptolemy.moml.MoMLSimpleApplication@5f6dd254
reloadAllAccessors: .ContinuousInDE

===========================================================================================
----------------- testing Sun Nov 11 02:42:27 UTC 2018 /home/travis/build/icyphy/ptII/ptolemy/domains/continuous/test/auto/ContinuousInDE2.xml
----------------- Instantiating /home/travis/build/icyphy/ptII/ptolemy/domains/continuous/test/auto/ContinuousInDE2.xml
44 ms. Memory: 871936K Free: 338234K (39%)
----------------- Invoking toplevel() on ptolemy.moml.MoMLSimpleApplication@6f796824
----------------- Done invoking toplevel() on ptolemy.moml.MoMLSimpleApplication@6f796824
reloadAllAccessors: .ContinuousInDE2

===========================================================================================
----------------- testing Sun Nov 11 02:42:27 UTC 2018 /home/travis/build/icyphy/ptII/ptolemy/domains/continuous/test/auto/ContinuousInDE3.xml
----------------- Instantiating /home/travis/build/icyphy/ptII/ptolemy/domains/continuous/test/auto/ContinuousInDE3.xml
38 ms. Memory: 871936K Free: 322526K (37%)
----------------- Invoking toplevel() on ptolemy.moml.MoMLSimpleApplication@3dfe5dbc
----------------- Done invoking toplevel() on ptolemy.moml.MoMLSimpleApplication@3dfe5dbc
reloadAllAccessors: .ContinuousInDE3

===========================================================================================
----------------- testing Sun Nov 11 02:42:27 UTC 2018 /home/travis/build/icyphy/ptII/ptolemy/domains/continuous/test/auto/ContinuousInDE4.xml
----------------- Instantiating /home/travis/build/icyphy/ptII/ptolemy/domains/continuous/test/auto/ContinuousInDE4.xml
17 ms. Memory: 871936K Free: 312054K (36%)
----------------- Invoking toplevel() on ptolemy.moml.MoMLSimpleApplication@4ab88cfe
----------------- Done invoking toplevel() on ptolemy.moml.MoMLSimpleApplication@4ab88cfe
reloadAllAccessors: .ContinuousInDE4

===========================================================================================
----------------- testing Sun Nov 11 02:42:28 UTC 2018 /home/travis/build/icyphy/ptII/ptolemy/domains/continuous/test/auto/ContinuousInDEDifferentRefinements.xml
----------------- Instantiating /home/travis/build/icyphy/ptII/ptolemy/domains/continuous/test/auto/ContinuousInDEDifferentRefinements.xml
65 ms. Memory: 871936K Free: 275353K (32%)
----------------- Invoking toplevel() on ptolemy.moml.MoMLSimpleApplication@3f6f3656
----------------- Done invoking toplevel() on ptolemy.moml.MoMLSimpleApplication@3f6f3656
reloadAllAccessors: .ContinuousInDEDifferentRefinements

===========================================================================================
----------------- testing Sun Nov 11 02:42:28 UTC 2018 /home/travis/build/icyphy/ptII/ptolemy/domains/continuous/test/auto/ContinuousInDEDifferentRefinementsPreemptive.xml
----------------- Instantiating /home/travis/build/icyphy/ptII/ptolemy/domains/continuous/test/auto/ContinuousInDEDifferentRefinementsPreemptive.xml
48 ms. Memory: 871936K Free: 235206K (27%)
----------------- Invoking toplevel() on ptolemy.moml.MoMLSimpleApplication@33a64112
----------------- Done invoking toplevel() on ptolemy.moml.MoMLSimpleApplication@33a64112
reloadAllAccessors: .ContinuousInDEDifferentRefinementsPreemptive

===========================================================================================
----------------- testing Sun Nov 11 02:42:28 UTC 2018 /home/travis/build/icyphy/ptII/ptolemy/domains/continuous/test/auto/ContinuousInDEInContinuous2.xml
----------------- Instantiating /home/travis/build/icyphy/ptII/ptolemy/domains/continuous/test/auto/ContinuousInDEInContinuous2.xml
43 ms. Memory: 871936K Free: 219482K (25%)
----------------- Invoking toplevel() on ptolemy.moml.MoMLSimpleApplication@16433f6d
----------------- Done invoking toplevel() on ptolemy.moml.MoMLSimpleApplication@16433f6d
reloadAllAccessors: .ContinuousInDEInContinuous2

===========================================================================================
----------------- testing Sun Nov 11 02:42:28 UTC 2018 /home/travis/build/icyphy/ptII/ptolemy/domains/continuous/test/auto/ContinuousInDEInContinuous3.xml
----------------- Instantiating /home/travis/build/icyphy/ptII/ptolemy/domains/continuous/test/auto/ContinuousInDEInContinuous3.xml
37 ms. Memory: 871936K Free: 198536K (23%)
----------------- Invoking toplevel() on ptolemy.moml.MoMLSimpleApplication@770311a9
----------------- Done invoking toplevel() on ptolemy.moml.MoMLSimpleApplication@770311a9
reloadAllAccessors: .ContinuousInDEInContinuous3

===========================================================================================
----------------- testing Sun Nov 11 02:42:28 UTC 2018 /home/travis/build/icyphy/ptII/ptolemy/domains/continuous/test/auto/ContinuousInDEInput.xml
----------------- Instantiating /home/travis/build/icyphy/ptII/ptolemy/domains/continuous/test/auto/ContinuousInDEInput.xml
23 ms. Memory: 871936K Free: 188064K (22%)
----------------- Invoking toplevel() on ptolemy.moml.MoMLSimpleApplication@627920aa
----------------- Done invoking toplevel() on ptolemy.moml.MoMLSimpleApplication@627920aa
reloadAllAccessors: .ContinuousInDEInput

===========================================================================================
----------------- testing Sun Nov 11 02:42:28 UTC 2018 /home/travis/build/icyphy/ptII/ptolemy/domains/continuous/test/auto/ContinuousInDEInput2.xml
----------------- Instantiating /home/travis/build/icyphy/ptII/ptolemy/domains/continuous/test/auto/ContinuousInDEInput2.xml
19 ms. Memory: 871936K Free: 177592K (20%)
----------------- Invoking toplevel() on ptolemy.moml.MoMLSimpleApplication@69e0fe19
----------------- Done invoking toplevel() on ptolemy.moml.MoMLSimpleApplication@69e0fe19
reloadAllAccessors: .ContinuousInDEInput2

===========================================================================================
----------------- testing Sun Nov 11 02:42:28 UTC 2018 /home/travis/build/icyphy/ptII/ptolemy/domains/continuous/test/auto/ContinuousInDEInput3.xml
----------------- Instantiating /home/travis/build/icyphy/ptII/ptolemy/domains/continuous/test/auto/ContinuousInDEInput3.xml
13 ms. Memory: 871936K Free: 163657K (19%)
----------------- Invoking toplevel() on ptolemy.moml.MoMLSimpleApplication@5d86a826
----------------- Done invoking toplevel() on ptolemy.moml.MoMLSimpleApplication@5d86a826
reloadAllAccessors: .ContinuousInDEInput3

===========================================================================================
----------------- testing Sun Nov 11 02:42:28 UTC 2018 /home/travis/build/icyphy/ptII/ptolemy/domains/continuous/test/auto/ContinuousInDESharingRefinement.xml
----------------- Instantiating /home/travis/build/icyphy/ptII/ptolemy/domains/continuous/test/auto/ContinuousInDESharingRefinement.xml
167 ms. Memory: 872960K Free: 849950K (97%)
----------------- Invoking toplevel() on ptolemy.moml.MoMLSimpleApplication@6ef9f593
----------------- Done invoking toplevel() on ptolemy.moml.MoMLSimpleApplication@6ef9f593
reloadAllAccessors: .ContinuousInDESharingRefinement

===========================================================================================
----------------- testing Sun Nov 11 02:42:28 UTC 2018 /home/travis/build/icyphy/ptII/ptolemy/domains/continuous/test/auto/ContinuousInDEwithNoPorts.xml
----------------- Instantiating /home/travis/build/icyphy/ptII/ptolemy/domains/continuous/test/auto/ContinuousInDEwithNoPorts.xml
6 ms. Memory: 872960K Free: 837099K (96%)
----------------- Invoking toplevel() on ptolemy.moml.MoMLSimpleApplication@64cf6c2
----------------- Done invoking toplevel() on ptolemy.moml.MoMLSimpleApplication@64cf6c2
reloadAllAccessors: .ContinuousInDEwithNoPorts

===========================================================================================
----------------- testing Sun Nov 11 02:42:28 UTC 2018 /home/travis/build/icyphy/ptII/ptolemy/domains/continuous/test/auto/ContinuousInsideDE.xml
----------------- Instantiating /home/travis/build/icyphy/ptII/ptolemy/domains/continuous/test/auto/ContinuousInsideDE.xml
56 ms. Memory: 872960K Free: 817464K (94%)
----------------- Invoking toplevel() on ptolemy.moml.MoMLSimpleApplication@47e181cd
----------------- Done invoking toplevel() on ptolemy.moml.MoMLSimpleApplication@47e181cd
reloadAllAccessors: .ContinuousInsideDE

===========================================================================================
----------------- testing Sun Nov 11 02:42:28 UTC 2018 /home/travis/build/icyphy/ptII/ptolemy/domains/continuous/test/auto/ContinuousMerge1.xml
----------------- Instantiating /home/travis/build/icyphy/ptII/ptolemy/domains/continuous/test/auto/ContinuousMerge1.xml
5 ms. Memory: 872960K Free: 807283K (92%)
----------------- Invoking toplevel() on ptolemy.moml.MoMLSimpleApplication@37df9548
----------------- Done invoking toplevel() on ptolemy.moml.MoMLSimpleApplication@37df9548
reloadAllAccessors: .ContinuousMerge1

===========================================================================================
----------------- testing Sun Nov 11 02:42:28 UTC 2018 /home/travis/build/icyphy/ptII/ptolemy/domains/continuous/test/auto/ContinuousMerge2.xml
----------------- Instantiating /home/travis/build/icyphy/ptII/ptolemy/domains/continuous/test/auto/ContinuousMerge2.xml
12 ms. Memory: 872960K Free: 791395K (91%)
----------------- Invoking toplevel() on ptolemy.moml.MoMLSimpleApplication@2b5d3b86
----------------- Done invoking toplevel() on ptolemy.moml.MoMLSimpleApplication@2b5d3b86
reloadAllAccessors: .ContinuousMerge2

===========================================================================================
----------------- testing Sun Nov 11 02:42:28 UTC 2018 /home/travis/build/icyphy/ptII/ptolemy/domains/continuous/test/auto/ContinuousMerge3.xml
----------------- Instantiating /home/travis/build/icyphy/ptII/ptolemy/domains/continuous/test/auto/ContinuousMerge3.xml
45 ms. Memory: 872960K Free: 775671K (89%)
----------------- Invoking toplevel() on ptolemy.moml.MoMLSimpleApplication@6b555dba
----------------- Done invoking toplevel() on ptolemy.moml.MoMLSimpleApplication@6b555dba
reloadAllAccessors: .ContinuousMerge3

===========================================================================================
----------------- testing Sun Nov 11 02:42:29 UTC 2018 /home/travis/build/icyphy/ptII/ptolemy/domains/continuous/test/auto/ContinuousWithinContinuous.xml
----------------- Instantiating /home/travis/build/icyphy/ptII/ptolemy/domains/continuous/test/auto/ContinuousWithinContinuous.xml
41 ms. Memory: 872960K Free: 757636K (87%)
----------------- Invoking toplevel() on ptolemy.moml.MoMLSimpleApplication@282cb705
----------------- Done invoking toplevel() on ptolemy.moml.MoMLSimpleApplication@282cb705
reloadAllAccessors: .ContinuousWithinContinuous

===========================================================================================
----------------- testing Sun Nov 11 02:42:29 UTC 2018 /home/travis/build/icyphy/ptII/ptolemy/domains/continuous/test/auto/ContinuousWithinContinuous2.xml
----------------- Instantiating /home/travis/build/icyphy/ptII/ptolemy/domains/continuous/test/auto/ContinuousWithinContinuous2.xml
66 ms. Memory: 872960K Free: 745855K (85%)
----------------- Invoking toplevel() on ptolemy.moml.MoMLSimpleApplication@7fd9f62d
----------------- Done invoking toplevel() on ptolemy.moml.MoMLSimpleApplication@7fd9f62d
reloadAllAccessors: .ContinuousWithinContinuous2

===========================================================================================
----------------- testing Sun Nov 11 02:42:29 UTC 2018 /home/travis/build/icyphy/ptII/ptolemy/domains/continuous/test/auto/ContinuousWithinContinuous3.xml
----------------- Instantiating /home/travis/build/icyphy/ptII/ptolemy/domains/continuous/test/auto/ContinuousWithinContinuous3.xml
14 ms. Memory: 872960K Free: 734058K (84%)
----------------- Invoking toplevel() on ptolemy.moml.MoMLSimpleApplication@46c2936e
----------------- Done invoking toplevel() on ptolemy.moml.MoMLSimpleApplication@46c2936e
reloadAllAccessors: .ContinuousWithinContinuous3

===========================================================================================
----------------- testing Sun Nov 11 02:42:29 UTC 2018 /home/travis/build/icyphy/ptII/ptolemy/domains/continuous/test/auto/ContinuousWithinContinuous4.xml
----------------- Instantiating /home/travis/build/icyphy/ptII/ptolemy/domains/continuous/test/auto/ContinuousWithinContinuous4.xml
76 ms. Memory: 872960K Free: 712080K (82%)
----------------- Invoking toplevel() on ptolemy.moml.MoMLSimpleApplication@614d5fdb
----------------- Done invoking toplevel() on ptolemy.moml.MoMLSimpleApplication@614d5fdb
reloadAllAccessors: .ContinuousWithinContinuous4

===========================================================================================
----------------- testing Sun Nov 11 02:42:29 UTC 2018 /home/travis/build/icyphy/ptII/ptolemy/domains/continuous/test/auto/ContinuousWithinContinuous5.xml
----------------- Instantiating /home/travis/build/icyphy/ptII/ptolemy/domains/continuous/test/auto/ContinuousWithinContinuous5.xml
14 ms. Memory: 872960K Free: 700283K (80%)
----------------- Invoking toplevel() on ptolemy.moml.MoMLSimpleApplication@37d6d20c
----------------- Done invoking toplevel() on ptolemy.moml.MoMLSimpleApplication@37d6d20c
reloadAllAccessors: .ContinuousWithinContinuous5

===========================================================================================
----------------- testing Sun Nov 11 02:42:29 UTC 2018 /home/travis/build/icyphy/ptII/ptolemy/domains/continuous/test/auto/ContinuousWithinContinuous6.xml
----------------- Instantiating /home/travis/build/icyphy/ptII/ptolemy/domains/continuous/test/auto/ContinuousWithinContinuous6.xml
14 ms. Memory: 872960K Free: 688494K (79%)
----------------- Invoking toplevel() on ptolemy.moml.MoMLSimpleApplication@185ba4d9
----------------- Done invoking toplevel() on ptolemy.moml.MoMLSimpleApplication@185ba4d9
reloadAllAccessors: .ContinuousWithinContinuous6

===========================================================================================
----------------- testing Sun Nov 11 02:42:29 UTC 2018 /home/travis/build/icyphy/ptII/ptolemy/domains/continuous/test/auto/ContinuousWithinContinuous7.xml
----------------- Instantiating /home/travis/build/icyphy/ptII/ptolemy/domains/continuous/test/auto/ContinuousWithinContinuous7.xml
63 ms. Memory: 872960K Free: 674386K (77%)
----------------- Invoking toplevel() on ptolemy.moml.MoMLSimpleApplication@700aa6ac
----------------- Done invoking toplevel() on ptolemy.moml.MoMLSimpleApplication@700aa6ac
reloadAllAccessors: .ContinuousWithinContinuous7

===========================================================================================
----------------- testing Sun Nov 11 02:42:29 UTC 2018 /home/travis/build/icyphy/ptII/ptolemy/domains/continuous/test/auto/DCMotor.xml
----------------- Instantiating /home/travis/build/icyphy/ptII/ptolemy/domains/continuous/test/auto/DCMotor.xml
15392 ms. Memory: 734208K Free: 121047K (16%)
----------------- Invoking toplevel() on ptolemy.moml.MoMLSimpleApplication@50715f7e
----------------- Done invoking toplevel() on ptolemy.moml.MoMLSimpleApplication@50715f7e
reloadAllAccessors: .DCMotor

===========================================================================================
----------------- testing Sun Nov 11 02:42:44 UTC 2018 /home/travis/build/icyphy/ptII/ptolemy/domains/continuous/test/auto/DEInContinuous.xml
----------------- Instantiating /home/travis/build/icyphy/ptII/ptolemy/domains/continuous/test/auto/DEInContinuous.xml
18 ms. Memory: 734208K Free: 104975K (14%)
----------------- Invoking toplevel() on ptolemy.moml.MoMLSimpleApplication@67a274f8
----------------- Done invoking toplevel() on ptolemy.moml.MoMLSimpleApplication@67a274f8
reloadAllAccessors: .DEInContinuous

===========================================================================================
----------------- testing Sun Nov 11 02:42:44 UTC 2018 /home/travis/build/icyphy/ptII/ptolemy/domains/continuous/test/auto/DEinContinuous2.xml
----------------- Instantiating /home/travis/build/icyphy/ptII/ptolemy/domains/continuous/test/auto/DEinContinuous2.xml
8 ms. Memory: 734208K Free: 84268K (11%)
----------------- Invoking toplevel() on ptolemy.moml.MoMLSimpleApplication@68b4efd3
----------------- Done invoking toplevel() on ptolemy.moml.MoMLSimpleApplication@68b4efd3
reloadAllAccessors: .DEinContinuous2

===========================================================================================
----------------- testing Sun Nov 11 02:42:45 UTC 2018 /home/travis/build/icyphy/ptII/ptolemy/domains/continuous/test/auto/Derivative.xml
----------------- Instantiating /home/travis/build/icyphy/ptII/ptolemy/domains/continuous/test/auto/Derivative.xml
163 ms. Memory: 697344K Free: 655080K (94%)
----------------- Invoking toplevel() on ptolemy.moml.MoMLSimpleApplication@55ef9b7e
----------------- Done invoking toplevel() on ptolemy.moml.MoMLSimpleApplication@55ef9b7e
reloadAllAccessors: .Derivative2

===========================================================================================
----------------- testing Sun Nov 11 02:42:45 UTC 2018 /home/travis/build/icyphy/ptII/ptolemy/domains/continuous/test/auto/Derivative1.xml
----------------- Instantiating /home/travis/build/icyphy/ptII/ptolemy/domains/continuous/test/auto/Derivative1.xml
17 ms. Memory: 697344K Free: 634966K (91%)
----------------- Invoking toplevel() on ptolemy.moml.MoMLSimpleApplication@2bfd8994
----------------- Done invoking toplevel() on ptolemy.moml.MoMLSimpleApplication@2bfd8994
reloadAllAccessors: .Derivative1

===========================================================================================
----------------- testing Sun Nov 11 02:42:45 UTC 2018 /home/travis/build/icyphy/ptII/ptolemy/domains/continuous/test/auto/DiscreteClock.xml
----------------- Instantiating /home/travis/build/icyphy/ptII/ptolemy/domains/continuous/test/auto/DiscreteClock.xml
4 ms. Memory: 697344K Free: 621839K (89%)
----------------- Invoking toplevel() on ptolemy.moml.MoMLSimpleApplication@18fe90e3
----------------- Done invoking toplevel() on ptolemy.moml.MoMLSimpleApplication@18fe90e3
reloadAllAccessors: .DiscreteClock

===========================================================================================
----------------- testing Sun Nov 11 02:42:45 UTC 2018 /home/travis/build/icyphy/ptII/ptolemy/domains/continuous/test/auto/EfficiencyCurve.xml
----------------- Instantiating /home/travis/build/icyphy/ptII/ptolemy/domains/continuous/test/auto/EfficiencyCurve.xml
44 ms. Memory: 697344K Free: 608713K (87%)
----------------- Invoking toplevel() on ptolemy.moml.MoMLSimpleApplication@7980858c
----------------- Done invoking toplevel() on ptolemy.moml.MoMLSimpleApplication@7980858c
reloadAllAccessors: .EfficiencyCurve

===========================================================================================
----------------- testing Sun Nov 11 02:42:45 UTC 2018 /home/travis/build/icyphy/ptII/ptolemy/domains/continuous/test/auto/ExponentialResponse.xml
----------------- Instantiating /home/travis/build/icyphy/ptII/ptolemy/domains/continuous/test/auto/ExponentialResponse.xml
103 ms. Memory: 697344K Free: 583278K (84%)
----------------- Invoking toplevel() on ptolemy.moml.MoMLSimpleApplication@2f955850
----------------- Done invoking toplevel() on ptolemy.moml.MoMLSimpleApplication@2f955850
reloadAllAccessors: .ExponentialResponse

===========================================================================================
----------------- testing Sun Nov 11 02:42:45 UTC 2018 /home/travis/build/icyphy/ptII/ptolemy/domains/continuous/test/auto/ExponentialResponseRK45.xml
----------------- Instantiating /home/travis/build/icyphy/ptII/ptolemy/domains/continuous/test/auto/ExponentialResponseRK45.xml
24 ms. Memory: 697344K Free: 563998K (81%)
----------------- Invoking toplevel() on ptolemy.moml.MoMLSimpleApplication@75cb737d
----------------- Done invoking toplevel() on ptolemy.moml.MoMLSimpleApplication@75cb737d
reloadAllAccessors: .ExponentialResponseRK45

===========================================================================================
----------------- testing Sun Nov 11 02:42:45 UTC 2018 /home/travis/build/icyphy/ptII/ptolemy/domains/continuous/test/auto/Friction.xml
----------------- Instantiating /home/travis/build/icyphy/ptII/ptolemy/domains/continuous/test/auto/Friction.xml
1307 ms. Memory: 697344K Free: 119616K (17%)
----------------- Invoking toplevel() on ptolemy.moml.MoMLSimpleApplication@3fadc6c0
----------------- Done invoking toplevel() on ptolemy.moml.MoMLSimpleApplication@3fadc6c0
reloadAllAccessors: .Friction

===========================================================================================
----------------- testing Sun Nov 11 02:42:46 UTC 2018 /home/travis/build/icyphy/ptII/ptolemy/domains/continuous/test/auto/FurutaPendulum.xml
----------------- Instantiating /home/travis/build/icyphy/ptII/ptolemy/domains/continuous/test/auto/FurutaPendulum.xml
3381 ms. Memory: 674304K Free: 215458K (32%)
----------------- Invoking toplevel() on ptolemy.moml.MoMLSimpleApplication@3ceb7392
----------------- Done invoking toplevel() on ptolemy.moml.MoMLSimpleApplication@3ceb7392
reloadAllAccessors: .FurutaPendulum

===========================================================================================
----------------- testing Sun Nov 11 02:42:50 UTC 2018 /home/travis/build/icyphy/ptII/ptolemy/domains/continuous/test/auto/HierarchicalExecution.xml
----------------- Instantiating /home/travis/build/icyphy/ptII/ptolemy/domains/continuous/test/auto/HierarchicalExecution.xml
1715 ms. Memory: 646144K Free: 470821K (73%)
----------------- Invoking toplevel() on ptolemy.moml.MoMLSimpleApplication@5553e273
----------------- Done invoking toplevel() on ptolemy.moml.MoMLSimpleApplication@5553e273
reloadAllAccessors: .HierarchicalExecution

===========================================================================================
----------------- testing Sun Nov 11 02:42:52 UTC 2018 /home/travis/build/icyphy/ptII/ptolemy/domains/continuous/test/auto/HybridPlant.xml
----------------- Instantiating /home/travis/build/icyphy/ptII/ptolemy/domains/continuous/test/auto/HybridPlant.xml
440 ms. Memory: 646144K Free: 194632K (30%)
----------------- Invoking toplevel() on ptolemy.moml.MoMLSimpleApplication@e4cd246
----------------- Done invoking toplevel() on ptolemy.moml.MoMLSimpleApplication@e4cd246
reloadAllAccessors: .HybridPlant

===========================================================================================
----------------- testing Sun Nov 11 02:42:52 UTC 2018 /home/travis/build/icyphy/ptII/ptolemy/domains/continuous/test/auto/Hysteresis.xml
----------------- Instantiating /home/travis/build/icyphy/ptII/ptolemy/domains/continuous/test/auto/Hysteresis.xml
125 ms. Memory: 646144K Free: 130494K (20%)
----------------- Invoking toplevel() on ptolemy.moml.MoMLSimpleApplication@575b46c7
----------------- Done invoking toplevel() on ptolemy.moml.MoMLSimpleApplication@575b46c7
reloadAllAccessors: .Hysteresis

===========================================================================================
----------------- testing Sun Nov 11 02:42:53 UTC 2018 /home/travis/build/icyphy/ptII/ptolemy/domains/continuous/test/auto/HysteresisWithRandomDelay.xml
----------------- Instantiating /home/travis/build/icyphy/ptII/ptolemy/domains/continuous/test/auto/HysteresisWithRandomDelay.xml
181 ms. Memory: 614400K Free: 578049K (94%)
----------------- Invoking toplevel() on ptolemy.moml.MoMLSimpleApplication@29b9aef1
----------------- Done invoking toplevel() on ptolemy.moml.MoMLSimpleApplication@29b9aef1
reloadAllAccessors: .HysteresisWithRandomDelay

===========================================================================================
----------------- testing Sun Nov 11 02:42:53 UTC 2018 /home/travis/build/icyphy/ptII/ptolemy/domains/continuous/test/auto/HysteresisWithRandomLosses.xml
----------------- Instantiating /home/travis/build/icyphy/ptII/ptolemy/domains/continuous/test/auto/HysteresisWithRandomLosses.xml
2218 ms. Memory: 591360K Free: 319233K (54%)
----------------- Invoking toplevel() on ptolemy.moml.MoMLSimpleApplication@eb4270a
----------------- Done invoking toplevel() on ptolemy.moml.MoMLSimpleApplication@eb4270a
reloadAllAccessors: .HysteresisWithRandomLosses

===========================================================================================
----------------- testing Sun Nov 11 02:42:55 UTC 2018 /home/travis/build/icyphy/ptII/ptolemy/domains/continuous/test/auto/ImmediateTransitions.xml
----------------- Instantiating /home/travis/build/icyphy/ptII/ptolemy/domains/continuous/test/auto/ImmediateTransitions.xml
16 ms. Memory: 591360K Free: 303284K (51%)
----------------- Invoking toplevel() on ptolemy.moml.MoMLSimpleApplication@216bba75
----------------- Done invoking toplevel() on ptolemy.moml.MoMLSimpleApplication@216bba75
reloadAllAccessors: .ImmediateTransitions

===========================================================================================
----------------- testing Sun Nov 11 02:42:55 UTC 2018 /home/travis/build/icyphy/ptII/ptolemy/domains/continuous/test/auto/ImpulseFeedback.xml
----------------- Instantiating /home/travis/build/icyphy/ptII/ptolemy/domains/continuous/test/auto/ImpulseFeedback.xml
9 ms. Memory: 591360K Free: 292210K (49%)
----------------- Invoking toplevel() on ptolemy.moml.MoMLSimpleApplication@10d47b3
----------------- Done invoking toplevel() on ptolemy.moml.MoMLSimpleApplication@10d47b3
reloadAllAccessors: .ImpulseFeedback

===========================================================================================
----------------- testing Sun Nov 11 02:42:55 UTC 2018 /home/travis/build/icyphy/ptII/ptolemy/domains/continuous/test/auto/ImpulseFeedback2.xml
----------------- Instantiating /home/travis/build/icyphy/ptII/ptolemy/domains/continuous/test/auto/ImpulseFeedback2.xml
6 ms. Memory: 591360K Free: 281155K (48%)
----------------- Invoking toplevel() on ptolemy.moml.MoMLSimpleApplication@33ce58f3
----------------- Done invoking toplevel() on ptolemy.moml.MoMLSimpleApplication@33ce58f3
reloadAllAccessors: .ImpulseFeedback2

===========================================================================================
----------------- testing Sun Nov 11 02:42:55 UTC 2018 /home/travis/build/icyphy/ptII/ptolemy/domains/continuous/test/auto/IncreasingRatePoisson.xml
----------------- Instantiating /home/travis/build/icyphy/ptII/ptolemy/domains/continuous/test/auto/IncreasingRatePoisson.xml
667 ms. Memory: 565248K Free: 460194K (81%)
----------------- Invoking toplevel() on ptolemy.moml.MoMLSimpleApplication@6f38b4bc
----------------- Done invoking toplevel() on ptolemy.moml.MoMLSimpleApplication@6f38b4bc
reloadAllAccessors: .IncreasingRatePoisson

===========================================================================================
----------------- testing Sun Nov 11 02:42:56 UTC 2018 /home/travis/build/icyphy/ptII/ptolemy/domains/continuous/test/auto/InitialStateFeedback.xml
----------------- Instantiating /home/travis/build/icyphy/ptII/ptolemy/domains/continuous/test/auto/InitialStateFeedback.xml
8 ms. Memory: 565248K Free: 450309K (80%)
----------------- Invoking toplevel() on ptolemy.moml.MoMLSimpleApplication@1150599
----------------- Done invoking toplevel() on ptolemy.moml.MoMLSimpleApplication@1150599
reloadAllAccessors: .InitialStateFeedback

===========================================================================================
----------------- testing Sun Nov 11 02:42:56 UTC 2018 /home/travis/build/icyphy/ptII/ptolemy/domains/continuous/test/auto/Integration.xml
----------------- Instantiating /home/travis/build/icyphy/ptII/ptolemy/domains/continuous/test/auto/Integration.xml
3 ms. Memory: 565248K Free: 442225K (78%)
----------------- Invoking toplevel() on ptolemy.moml.MoMLSimpleApplication@2a329f5e
----------------- Done invoking toplevel() on ptolemy.moml.MoMLSimpleApplication@2a329f5e
reloadAllAccessors: .Integration

===========================================================================================
----------------- testing Sun Nov 11 02:42:56 UTC 2018 /home/travis/build/icyphy/ptII/ptolemy/domains/continuous/test/auto/Integration2.xml
----------------- Instantiating /home/travis/build/icyphy/ptII/ptolemy/domains/continuous/test/auto/Integration2.xml
89 ms. Memory: 565248K Free: 424348K (75%)
----------------- Invoking toplevel() on ptolemy.moml.MoMLSimpleApplication@713b7002
----------------- Done invoking toplevel() on ptolemy.moml.MoMLSimpleApplication@713b7002
reloadAllAccessors: .Integration2

===========================================================================================
----------------- testing Sun Nov 11 02:42:56 UTC 2018 /home/travis/build/icyphy/ptII/ptolemy/domains/continuous/test/auto/Integration3.xml
----------------- Instantiating /home/travis/build/icyphy/ptII/ptolemy/domains/continuous/test/auto/Integration3.xml
2 ms. Memory: 565248K Free: 416264K (74%)
----------------- Invoking toplevel() on ptolemy.moml.MoMLSimpleApplication@5ae6fa4f
----------------- Done invoking toplevel() on ptolemy.moml.MoMLSimpleApplication@5ae6fa4f
reloadAllAccessors: .Integration3

===========================================================================================
----------------- testing Sun Nov 11 02:42:56 UTC 2018 /home/travis/build/icyphy/ptII/ptolemy/domains/continuous/test/auto/Integration5.xml
----------------- Instantiating /home/travis/build/icyphy/ptII/ptolemy/domains/continuous/test/auto/Integration5.xml
3 ms. Memory: 565248K Free: 408180K (72%)
----------------- Invoking toplevel() on ptolemy.moml.MoMLSimpleApplication@1acec002
----------------- Done invoking toplevel() on ptolemy.moml.MoMLSimpleApplication@1acec002
reloadAllAccessors: .Integration5

===========================================================================================
----------------- testing Sun Nov 11 02:42:56 UTC 2018 /home/travis/build/icyphy/ptII/ptolemy/domains/continuous/test/auto/IntegratorImpulse.xml
----------------- Instantiating /home/travis/build/icyphy/ptII/ptolemy/domains/continuous/test/auto/IntegratorImpulse.xml
2 ms. Memory: 565248K Free: 399996K (71%)
----------------- Invoking toplevel() on ptolemy.moml.MoMLSimpleApplication@7f9621b7
----------------- Done invoking toplevel() on ptolemy.moml.MoMLSimpleApplication@7f9621b7
reloadAllAccessors: .IntegratorImpulse

===========================================================================================
----------------- testing Sun Nov 11 02:42:56 UTC 2018 /home/travis/build/icyphy/ptII/ptolemy/domains/continuous/test/auto/IntegratorImpulse2.xml
----------------- Instantiating /home/travis/build/icyphy/ptII/ptolemy/domains/continuous/test/auto/IntegratorImpulse2.xml
4 ms. Memory: 565248K Free: 391927K (69%)
----------------- Invoking toplevel() on ptolemy.moml.MoMLSimpleApplication@77c2eab4
----------------- Done invoking toplevel() on ptolemy.moml.MoMLSimpleApplication@77c2eab4
reloadAllAccessors: .IntegratorImpulse2

===========================================================================================
----------------- testing Sun Nov 11 02:42:56 UTC 2018 /home/travis/build/icyphy/ptII/ptolemy/domains/continuous/test/auto/LevelCrossing1.xml
----------------- Instantiating /home/travis/build/icyphy/ptII/ptolemy/domains/continuous/test/auto/LevelCrossing1.xml
2 ms. Memory: 565248K Free: 383727K (68%)
----------------- Invoking toplevel() on ptolemy.moml.MoMLSimpleApplication@cd6ea29
----------------- Done invoking toplevel() on ptolemy.moml.MoMLSimpleApplication@cd6ea29
reloadAllAccessors: .LevelCrossing1

===========================================================================================
----------------- testing Sun Nov 11 02:42:56 UTC 2018 /home/travis/build/icyphy/ptII/ptolemy/domains/continuous/test/auto/LevelCrossing2.xml
----------------- Instantiating /home/travis/build/icyphy/ptII/ptolemy/domains/continuous/test/auto/LevelCrossing2.xml
3 ms. Memory: 565248K Free: 375643K (66%)
----------------- Invoking toplevel() on ptolemy.moml.MoMLSimpleApplication@16757f6c
----------------- Done invoking toplevel() on ptolemy.moml.MoMLSimpleApplication@16757f6c
reloadAllAccessors: .LevelCrossing2

===========================================================================================
----------------- testing Sun Nov 11 02:42:56 UTC 2018 /home/travis/build/icyphy/ptII/ptolemy/domains/continuous/test/auto/LevelCrossing3.xml
----------------- Instantiating /home/travis/build/icyphy/ptII/ptolemy/domains/continuous/test/auto/LevelCrossing3.xml
2 ms. Memory: 565248K Free: 367443K (65%)
----------------- Invoking toplevel() on ptolemy.moml.MoMLSimpleApplication@59c03cfd
----------------- Done invoking toplevel() on ptolemy.moml.MoMLSimpleApplication@59c03cfd
reloadAllAccessors: .LevelCrossing3

===========================================================================================
----------------- testing Sun Nov 11 02:42:56 UTC 2018 /home/travis/build/icyphy/ptII/ptolemy/domains/continuous/test/auto/LevelCrossing4.xml
----------------- Instantiating /home/travis/build/icyphy/ptII/ptolemy/domains/continuous/test/auto/LevelCrossing4.xml
2 ms. Memory: 565248K Free: 359367K (64%)
----------------- Invoking toplevel() on ptolemy.moml.MoMLSimpleApplication@67737c66
----------------- Done invoking toplevel() on ptolemy.moml.MoMLSimpleApplication@67737c66
reloadAllAccessors: .LevelCrossing4

===========================================================================================
----------------- testing Sun Nov 11 02:42:56 UTC 2018 /home/travis/build/icyphy/ptII/ptolemy/domains/continuous/test/auto/LevelCrossing5.xml
----------------- Instantiating /home/travis/build/icyphy/ptII/ptolemy/domains/continuous/test/auto/LevelCrossing5.xml
3 ms. Memory: 565248K Free: 351167K (62%)
----------------- Invoking toplevel() on ptolemy.moml.MoMLSimpleApplication@41ccec5
----------------- Done invoking toplevel() on ptolemy.moml.MoMLSimpleApplication@41ccec5
reloadAllAccessors: .LevelCrossing5

===========================================================================================
[...]

===========================================================================================
----------------- testing Sun Nov 11 02:43:13 UTC 2018 /home/travis/build/icyphy/ptII/ptolemy/domains/continuous/test/auto/SRinContinuous.xml
----------------- Instantiating /home/travis/build/icyphy/ptII/ptolemy/domains/continuous/test/auto/SRinContinuous.xml
4 ms. Memory: 370688K Free: 226380K (61%)
----------------- Invoking toplevel() on ptolemy.moml.MoMLSimpleApplication@b2d91fd
----------------- Done invoking toplevel() on ptolemy.moml.MoMLSimpleApplication@b2d91fd
reloadAllAccessors: .SRinContinuous

===========================================================================================
----------------- testing Sun Nov 11 02:43:13 UTC 2018 /home/travis/build/icyphy/ptII/ptolemy/domains/continuous/test/auto/SampledClocks.xml
----------------- Instantiating /home/travis/build/icyphy/ptII/ptolemy/domains/continuous/test/auto/SampledClocks.xml
3 ms. Memory: 370688K Free: 215781K (58%)
----------------- Invoking toplevel() on ptolemy.moml.MoMLSimpleApplication@592da605
----------------- Done invoking toplevel() on ptolemy.moml.MoMLSimpleApplication@592da605
reloadAllAccessors: .SampledClocks

===========================================================================================
----------------- testing Sun Nov 11 02:43:13 UTC 2018 /home/travis/build/icyphy/ptII/ptolemy/domains/continuous/test/auto/Satellite.xml
----------------- Instantiating /home/travis/build/icyphy/ptII/ptolemy/domains/continuous/test/auto/Satellite.xml
857 ms. Memory: 370688K Free: 35497K (10%)
----------------- Invoking toplevel() on ptolemy.moml.MoMLSimpleApplication@30c6cd57
----------------- Done invoking toplevel() on ptolemy.moml.MoMLSimpleApplication@30c6cd57
reloadAllAccessors: .Satellite

===========================================================================================
----------------- testing Sun Nov 11 02:43:14 UTC 2018 /home/travis/build/icyphy/ptII/ptolemy/domains/continuous/test/auto/SigmaDelta.xml
----------------- Instantiating /home/travis/build/icyphy/ptII/ptolemy/domains/continuous/test/auto/SigmaDelta.xml
2265 ms. Memory: 351744K Free: 205073K (58%)
----------------- Invoking toplevel() on ptolemy.moml.MoMLSimpleApplication@5c9947bc
----------------- Done invoking toplevel() on ptolemy.moml.MoMLSimpleApplication@5c9947bc
reloadAllAccessors: .SigmaDelta

===========================================================================================
----------------- testing Sun Nov 11 02:43:16 UTC 2018 /home/travis/build/icyphy/ptII/ptolemy/domains/continuous/test/auto/SingleRefinement.xml
----------------- Instantiating /home/travis/build/icyphy/ptII/ptolemy/domains/continuous/test/auto/SingleRefinement.xml
372 ms. Memory: 334848K Free: 264952K (79%)
----------------- Invoking toplevel() on ptolemy.moml.MoMLSimpleApplication@631712c3
----------------- Done invoking toplevel() on ptolemy.moml.MoMLSimpleApplication@631712c3
reloadAllAccessors: .SingleRefinement

===========================================================================================
----------------- testing Sun Nov 11 02:43:17 UTC 2018 /home/travis/build/icyphy/ptII/ptolemy/domains/continuous/test/auto/SinuBouncingBall.xml
----------------- Instantiating /home/travis/build/icyphy/ptII/ptolemy/domains/continuous/test/auto/SinuBouncingBall.xml
729 ms. Memory: 334848K Free: 41261K (12%)
----------------- Invoking toplevel() on ptolemy.moml.MoMLSimpleApplication@5c6f5ebc
----------------- Done invoking toplevel() on ptolemy.moml.MoMLSimpleApplication@5c6f5ebc
reloadAllAccessors: .SinuBouncingBall

===========================================================================================
----------------- testing Sun Nov 11 02:43:18 UTC 2018 /home/travis/build/icyphy/ptII/ptolemy/domains/continuous/test/auto/Sinusoid.xml
----------------- Instantiating /home/travis/build/icyphy/ptII/ptolemy/domains/continuous/test/auto/Sinusoid.xml
4 ms. Memory: 334848K Free: 35273K (11%)
----------------- Invoking toplevel() on ptolemy.moml.MoMLSimpleApplication@68f2a91f
----------------- Done invoking toplevel() on ptolemy.moml.MoMLSimpleApplication@68f2a91f
reloadAllAccessors: .Sinusoid

===========================================================================================
----------------- testing Sun Nov 11 02:43:18 UTC 2018 /home/travis/build/icyphy/ptII/ptolemy/domains/continuous/test/auto/SinusoidInNoise.xml
----------------- Instantiating /home/travis/build/icyphy/ptII/ptolemy/domains/continuous/test/auto/SinusoidInNoise.xml
948 ms. Memory: 324608K Free: 75439K (23%)
----------------- Invoking toplevel() on ptolemy.moml.MoMLSimpleApplication@7fac5a1a
----------------- Done invoking toplevel() on ptolemy.moml.MoMLSimpleApplication@7fac5a1a
reloadAllAccessors: .SinusoidInNoise

===========================================================================================
----------------- testing Sun Nov 11 02:43:19 UTC 2018 /home/travis/build/icyphy/ptII/ptolemy/domains/continuous/test/auto/SinusoidRK45.xml
----------------- Instantiating /home/travis/build/icyphy/ptII/ptolemy/domains/continuous/test/auto/SinusoidRK45.xml
2 ms. Memory: 324608K Free: 69602K (21%)
----------------- Invoking toplevel() on ptolemy.moml.MoMLSimpleApplication@68347c8e
----------------- Done invoking toplevel() on ptolemy.moml.MoMLSimpleApplication@68347c8e
reloadAllAccessors: .SinusoidRK45

===========================================================================================
----------------- testing Sun Nov 11 02:43:19 UTC 2018 /home/travis/build/icyphy/ptII/ptolemy/domains/continuous/test/auto/SinusoidWithMultipleImpulses.xml
----------------- Instantiating /home/travis/build/icyphy/ptII/ptolemy/domains/continuous/test/auto/SinusoidWithMultipleImpulses.xml
3 ms. Memory: 324608K Free: 63867K (20%)
----------------- Invoking toplevel() on ptolemy.moml.MoMLSimpleApplication@584bec6b
----------------- Done invoking toplevel() on ptolemy.moml.MoMLSimpleApplication@584bec6b
reloadAllAccessors: .SinusoidWithMultipleImpulses

===========================================================================================
----------------- testing Sun Nov 11 02:43:19 UTC 2018 /home/travis/build/icyphy/ptII/ptolemy/domains/continuous/test/auto/SquareWave.xml
----------------- Instantiating /home/travis/build/icyphy/ptII/ptolemy/domains/continuous/test/auto/SquareWave.xml
162 ms. Memory: 324608K Free: 35451K (11%)
----------------- Invoking toplevel() on ptolemy.moml.MoMLSimpleApplication@7270aa38
----------------- Done invoking toplevel() on ptolemy.moml.MoMLSimpleApplication@7270aa38
reloadAllAccessors: .SquareWave

===========================================================================================
----------------- testing Sun Nov 11 02:43:19 UTC 2018 /home/travis/build/icyphy/ptII/ptolemy/domains/continuous/test/auto/Starmac.xml
----------------- Instantiating /home/travis/build/icyphy/ptII/ptolemy/domains/continuous/test/auto/Starmac.xml
3073 ms. Memory: 307200K Free: 124363K (40%)
----------------- Invoking toplevel() on ptolemy.moml.MoMLSimpleApplication@9ed089c
----------------- Done invoking toplevel() on ptolemy.moml.MoMLSimpleApplication@9ed089c
reloadAllAccessors: .Starmac

===========================================================================================
----------------- testing Sun Nov 11 02:43:22 UTC 2018 /home/travis/build/icyphy/ptII/ptolemy/domains/continuous/test/auto/StaticUnits.xml
----------------- Instantiating /home/travis/build/icyphy/ptII/ptolemy/domains/continuous/test/auto/StaticUnits.xml
2107 ms. Memory: 284160K Free: 80055K (28%)
----------------- Invoking toplevel() on ptolemy.moml.MoMLSimpleApplication@5cc2d63c
----------------- Done invoking toplevel() on ptolemy.moml.MoMLSimpleApplication@5cc2d63c
reloadAllAccessors: .StaticUnits

===========================================================================================
----------------- testing Sun Nov 11 02:43:25 UTC 2018 /home/travis/build/icyphy/ptII/ptolemy/domains/continuous/test/auto/StickyMasses.xml
----------------- Instantiating /home/travis/build/icyphy/ptII/ptolemy/domains/continuous/test/auto/StickyMasses.xml
125 ms. Memory: 284160K Free: 22725K (8%)
----------------- Invoking toplevel() on ptolemy.moml.MoMLSimpleApplication@76adb93
----------------- Done invoking toplevel() on ptolemy.moml.MoMLSimpleApplication@76adb93
reloadAllAccessors: .StickyMasses

===========================================================================================
----------------- testing Sun Nov 11 02:43:25 UTC 2018 /home/travis/build/icyphy/ptII/ptolemy/domains/continuous/test/auto/StopTime.xml
----------------- Instantiating /home/travis/build/icyphy/ptII/ptolemy/domains/continuous/test/auto/StopTime.xml
43 ms. Memory: 282624K Free: 195857K (69%)
----------------- Invoking toplevel() on ptolemy.moml.MoMLSimpleApplication@671b5a7f
----------------- Done invoking toplevel() on ptolemy.moml.MoMLSimpleApplication@671b5a7f
reloadAllAccessors: .StopTime

===========================================================================================
----------------- testing Sun Nov 11 02:43:25 UTC 2018 /home/travis/build/icyphy/ptII/ptolemy/domains/continuous/test/auto/StopTime2.xml
----------------- Instantiating /home/travis/build/icyphy/ptII/ptolemy/domains/continuous/test/auto/StopTime2.xml
35 ms. Memory: 282624K Free: 169590K (60%)
----------------- Invoking toplevel() on ptolemy.moml.MoMLSimpleApplication@30eaf71c
----------------- Done invoking toplevel() on ptolemy.moml.MoMLSimpleApplication@30eaf71c
reloadAllAccessors: .StopTime2

===========================================================================================
----------------- testing Sun Nov 11 02:43:25 UTC 2018 /home/travis/build/icyphy/ptII/ptolemy/domains/continuous/test/auto/Switch.xml
----------------- Instantiating /home/travis/build/icyphy/ptII/ptolemy/domains/continuous/test/auto/Switch.xml
38 ms. Memory: 282624K Free: 141323K (50%)
----------------- Invoking toplevel() on ptolemy.moml.MoMLSimpleApplication@7566cad2
----------------- Done invoking toplevel() on ptolemy.moml.MoMLSimpleApplication@7566cad2
reloadAllAccessors: .Switch

===========================================================================================
----------------- testing Sun Nov 11 02:43:25 UTC 2018 /home/travis/build/icyphy/ptII/ptolemy/domains/continuous/test/auto/Thermostat.xml
----------------- Instantiating /home/travis/build/icyphy/ptII/ptolemy/domains/continuous/test/auto/Thermostat.xml
164 ms. Memory: 282624K Free: 64348K (23%)
----------------- Invoking toplevel() on ptolemy.moml.MoMLSimpleApplication@15761295
----------------- Done invoking toplevel() on ptolemy.moml.MoMLSimpleApplication@15761295
reloadAllAccessors: .Thermostat

===========================================================================================
----------------- testing Sun Nov 11 02:43:25 UTC 2018 /home/travis/build/icyphy/ptII/ptolemy/domains/continuous/test/auto/TimeDelay.xml
----------------- Instantiating /home/travis/build/icyphy/ptII/ptolemy/domains/continuous/test/auto/TimeDelay.xml
5 ms. Memory: 282624K Free: 57593K (20%)
----------------- Invoking toplevel() on ptolemy.moml.MoMLSimpleApplication@341e2bfc
----------------- Done invoking toplevel() on ptolemy.moml.MoMLSimpleApplication@341e2bfc
reloadAllAccessors: .TimeDelay

===========================================================================================
----------------- testing Sun Nov 11 02:43:25 UTC 2018 /home/travis/build/icyphy/ptII/ptolemy/domains/continuous/test/auto/TimeDelay2.xml
----------------- Instantiating /home/travis/build/icyphy/ptII/ptolemy/domains/continuous/test/auto/TimeDelay2.xml
7 ms. Memory: 282624K Free: 48879K (17%)
----------------- Invoking toplevel() on ptolemy.moml.MoMLSimpleApplication@534b73f0
----------------- Done invoking toplevel() on ptolemy.moml.MoMLSimpleApplication@534b73f0
reloadAllAccessors: .TimeDelay2

===========================================================================================
----------------- testing Sun Nov 11 02:43:26 UTC 2018 /home/travis/build/icyphy/ptII/ptolemy/domains/continuous/test/auto/TimeDelay3.xml
----------------- Instantiating /home/travis/build/icyphy/ptII/ptolemy/domains/continuous/test/auto/TimeDelay3.xml
5 ms. Memory: 282624K Free: 42060K (15%)
----------------- Invoking toplevel() on ptolemy.moml.MoMLSimpleApplication@1ce81903
----------------- Done invoking toplevel() on ptolemy.moml.MoMLSimpleApplication@1ce81903
reloadAllAccessors: .TimeDelay3

===========================================================================================
----------------- testing Sun Nov 11 02:43:26 UTC 2018 /home/travis/build/icyphy/ptII/ptolemy/domains/continuous/test/auto/TransferAbsentToInside.xml
----------------- Instantiating /home/travis/build/icyphy/ptII/ptolemy/domains/continuous/test/auto/TransferAbsentToInside.xml
28 ms. Memory: 268288K Free: 163753K (61%)
----------------- Invoking toplevel() on ptolemy.moml.MoMLSimpleApplication@2fcca7f7
----------------- Done invoking toplevel() on ptolemy.moml.MoMLSimpleApplication@2fcca7f7
reloadAllAccessors: .TransferAbsentToInside

===========================================================================================
----------------- testing Sun Nov 11 02:43:26 UTC 2018 /home/travis/build/icyphy/ptII/ptolemy/domains/continuous/test/auto/Transmission.xml
----------------- Instantiating /home/travis/build/icyphy/ptII/ptolemy/domains/continuous/test/auto/Transmission.xml
747 ms. Memory: 308736K Free: 152108K (49%)
----------------- Invoking toplevel() on ptolemy.moml.MoMLSimpleApplication@58a95c1b
----------------- Done invoking toplevel() on ptolemy.moml.MoMLSimpleApplication@58a95c1b
reloadAllAccessors: .Transmission

===========================================================================================
----------------- testing Sun Nov 11 02:43:26 UTC 2018 /home/travis/build/icyphy/ptII/ptolemy/domains/continuous/test/auto/TriggeredContinuousClock.xml
----------------- Instantiating /home/travis/build/icyphy/ptII/ptolemy/domains/continuous/test/auto/TriggeredContinuousClock.xml
35 ms. Memory: 308736K Free: 118296K (38%)
----------------- Invoking toplevel() on ptolemy.moml.MoMLSimpleApplication@4dd26d93
----------------- Done invoking toplevel() on ptolemy.moml.MoMLSimpleApplication@4dd26d93
reloadAllAccessors: .TriggeredContinuousClock

===========================================================================================
----------------- testing Sun Nov 11 02:43:26 UTC 2018 /home/travis/build/icyphy/ptII/ptolemy/domains/continuous/test/auto/TwoMachineInfiniteBusControl.xml
----------------- Instantiating /home/travis/build/icyphy/ptII/ptolemy/domains/continuous/test/auto/TwoMachineInfiniteBusControl.xml
2916 ms. Memory: 346112K Free: 104302K (30%)
----------------- Invoking toplevel() on ptolemy.moml.MoMLSimpleApplication@696cc71d
----------------- Done invoking toplevel() on ptolemy.moml.MoMLSimpleApplication@696cc71d
reloadAllAccessors: .TwoMachineInfiniteBusControl

===========================================================================================
----------------- testing Sun Nov 11 02:43:30 UTC 2018 /home/travis/build/icyphy/ptII/ptolemy/domains/continuous/test/auto/V2V.xml
----------------- Instantiating /home/travis/build/icyphy/ptII/ptolemy/domains/continuous/test/auto/V2V.xml
748 ms. Memory: 334848K Free: 160843K (48%)
----------------- Invoking toplevel() on ptolemy.moml.MoMLSimpleApplication@4e181cab
----------------- Done invoking toplevel() on ptolemy.moml.MoMLSimpleApplication@4e181cab
reloadAllAccessors: .V2V

===========================================================================================
----------------- testing Sun Nov 11 02:43:30 UTC 2018 /home/travis/build/icyphy/ptII/ptolemy/domains/continuous/test/auto/hierarchicalModalModel.xml
----------------- Instantiating /home/travis/build/icyphy/ptII/ptolemy/domains/continuous/test/auto/hierarchicalModalModel.xml
8 ms. Memory: 334848K Free: 142164K (42%)
----------------- Invoking toplevel() on ptolemy.moml.MoMLSimpleApplication@39fe73d9
----------------- Done invoking toplevel() on ptolemy.moml.MoMLSimpleApplication@39fe73d9
reloadAllAccessors: .hierarchicalModalModel

===========================================================================================
----------------- testing Sun Nov 11 02:43:30 UTC 2018 /home/travis/build/icyphy/ptII/ptolemy/domains/continuous/test/auto/hierarchicalModalModel1.xml
----------------- Instantiating /home/travis/build/icyphy/ptII/ptolemy/domains/continuous/test/auto/hierarchicalModalModel1.xml
8 ms. Memory: 334848K Free: 125958K (38%)
----------------- Invoking toplevel() on ptolemy.moml.MoMLSimpleApplication@701a21c2
----------------- Done invoking toplevel() on ptolemy.moml.MoMLSimpleApplication@701a21c2
reloadAllAccessors: .hierarchicalModalModel1

===========================================================================================
----------------- testing Sun Nov 11 02:43:30 UTC 2018 /home/travis/build/icyphy/ptII/ptolemy/domains/continuous/test/auto/hierarchicalModalModel2.xml
----------------- Instantiating /home/travis/build/icyphy/ptII/ptolemy/domains/continuous/test/auto/hierarchicalModalModel2.xml
6 ms. Memory: 334848K Free: 111063K (33%)
----------------- Invoking toplevel() on ptolemy.moml.MoMLSimpleApplication@323f890c
----------------- Done invoking toplevel() on ptolemy.moml.MoMLSimpleApplication@323f890c
reloadAllAccessors: .hierarchicalModalModel2

===========================================================================================
----------------- testing Sun Nov 11 02:43:31 UTC 2018 /home/travis/build/icyphy/ptII/ptolemy/domains/continuous/test/auto/hierarchicalModalModel3.xml
----------------- Instantiating /home/travis/build/icyphy/ptII/ptolemy/domains/continuous/test/auto/hierarchicalModalModel3.xml
6 ms. Memory: 334848K Free: 98614K (29%)
----------------- Invoking toplevel() on ptolemy.moml.MoMLSimpleApplication@45a73075
----------------- Done invoking toplevel() on ptolemy.moml.MoMLSimpleApplication@45a73075
reloadAllAccessors: .hierarchicalModalModel3

===========================================================================================
----------------- testing Sun Nov 11 02:43:31 UTC 2018 /home/travis/build/icyphy/ptII/ptolemy/domains/continuous/test/auto/hierarchicalModalModel4.xml
----------------- Instantiating /home/travis/build/icyphy/ptII/ptolemy/domains/continuous/test/auto/hierarchicalModalModel4.xml
4 ms. Memory: 334848K Free: 83696K (25%)
----------------- Invoking toplevel() on ptolemy.moml.MoMLSimpleApplication@2bbf75fc
----------------- Done invoking toplevel() on ptolemy.moml.MoMLSimpleApplication@2bbf75fc
reloadAllAccessors: .hierarchicalModalModel4

===========================================================================================
----------------- testing Sun Nov 11 02:43:31 UTC 2018 /home/travis/build/icyphy/ptII/ptolemy/domains/continuous/test/auto/junk.xml
----------------- Instantiating /home/travis/build/icyphy/ptII/ptolemy/domains/continuous/test/auto/junk.xml
134 ms. Memory: 334848K Free: 52305K (16%)
----------------- Invoking toplevel() on ptolemy.moml.MoMLSimpleApplication@296880ac
----------------- Done invoking toplevel() on ptolemy.moml.MoMLSimpleApplication@296880ac
reloadAllAccessors: .junk
AutoTests.java: About to close Vertx.
AutoTests.java: Vertx closed.
]]></system-out>
  <system-err><![CDATA[Warning: '.HysteresisWithRandomDelay.NonStrictTest3' The test produced only 24 tokens, yet the correctValues parameter was expecting 30 tokens.
Warning: '.IncreasingRatePoisson.NonStrictTest' The test produced only 373 tokens, yet the correctValues parameter was expecting 402 tokens.
Warning: '.Poisson.NonStrictTest' The test produced only 406 tokens, yet the correctValues parameter was expecting 430 tokens.
]]></system-err>
</testsuite>
