<?xml version="1.0" encoding="UTF-8" ?>
<testsuite errors="0" failures="0" hostname="travis-job-3ea4eb03-3e64-4ae4-9aed-89551513799c" name="ptolemy.domains.sdf.test.junit.JUnitTclTest" skipped="0" tests="66" time="21.058" timestamp="2018-09-30T02:26:41">
  <properties>
[...]
</properties>
  <testcase classname="ptolemy.util.test.junit.TclTests" name="[0] /home/travis/build/icyphy/ptII/ptolemy/domains/sdf/test/SDFSchedulerErrors.tcl (RunTclFile)" time="0.712" />
  <testcase classname="ptolemy.util.test.junit.TclTests" name="[1] /home/travis/build/icyphy/ptII/ptolemy/domains/sdf/test/composition.tcl (RunTclFile)" time="0.15" />
  <testcase classname="ptolemy.util.test.junit.TclTests" name="[2] /home/travis/build/icyphy/ptII/ptolemy/domains/sdf/test/cycle.tcl (RunTclFile)" time="0.081" />
  <testcase classname="ptolemy.util.test.junit.AutoKnownFailedTests" name="[0] ThereAreNoKnowFailedTests (RunModel)" time="0.02" />
  <testcase classname="ptolemy.util.test.junit.AutoNameArchTests" name="[0] ThereAreNoAutoArchTests (RunModel)" time="0.008" />
  <testcase classname="ptolemy.util.test.junit.AutoTests" name="[0] /home/travis/build/icyphy/ptII/ptolemy/domains/sdf/test/auto/Array.xml (RunModel)" time="0.253" />
  <testcase classname="ptolemy.util.test.junit.AutoTests" name="[1] /home/travis/build/icyphy/ptII/ptolemy/domains/sdf/test/auto/Butterfly.xml (RunModel)" time="0.133" />
  <testcase classname="ptolemy.util.test.junit.AutoTests" name="[2] /home/travis/build/icyphy/ptII/ptolemy/domains/sdf/test/auto/Expression.xml (RunModel)" time="0.099" />
  <testcase classname="ptolemy.util.test.junit.AutoTests" name="[3] /home/travis/build/icyphy/ptII/ptolemy/domains/sdf/test/auto/Eye.xml (RunModel)" time="0.413" />
  <testcase classname="ptolemy.util.test.junit.AutoTests" name="[4] /home/travis/build/icyphy/ptII/ptolemy/domains/sdf/test/auto/FixFIR.xml (RunModel)" time="0.352" />
  <testcase classname="ptolemy.util.test.junit.AutoTests" name="[5] /home/travis/build/icyphy/ptII/ptolemy/domains/sdf/test/auto/FixPoint.xml (RunModel)" time="0.055" />
  <testcase classname="ptolemy.util.test.junit.AutoTests" name="[6] /home/travis/build/icyphy/ptII/ptolemy/domains/sdf/test/auto/Gravitation.xml (RunModel)" time="3.286" />
  <testcase classname="ptolemy.util.test.junit.AutoTests" name="[7] /home/travis/build/icyphy/ptII/ptolemy/domains/sdf/test/auto/GravitationWithCollisionDetection.xml (RunModel)" time="6.955" />
  <testcase classname="ptolemy.util.test.junit.AutoTests" name="[8] /home/travis/build/icyphy/ptII/ptolemy/domains/sdf/test/auto/HDF.xml (RunModel)" time="0.116" />
  <testcase classname="ptolemy.util.test.junit.AutoTests" name="[9] /home/travis/build/icyphy/ptII/ptolemy/domains/sdf/test/auto/HDFwithTransientStates.xml (RunModel)" time="0.119" />
  <testcase classname="ptolemy.util.test.junit.AutoTests" name="[10] /home/travis/build/icyphy/ptII/ptolemy/domains/sdf/test/auto/HTVQ.xml (RunModel)" time="0.919" />
  <testcase classname="ptolemy.util.test.junit.AutoTests" name="[11] /home/travis/build/icyphy/ptII/ptolemy/domains/sdf/test/auto/InferInitProduction.xml (RunModel)" time="0.044" />
  <testcase classname="ptolemy.util.test.junit.AutoTests" name="[12] /home/travis/build/icyphy/ptII/ptolemy/domains/sdf/test/auto/InferInitProductionDeeper.xml (RunModel)" time="0.038" />
  <testcase classname="ptolemy.util.test.junit.AutoTests" name="[13] /home/travis/build/icyphy/ptII/ptolemy/domains/sdf/test/auto/LMSAdaptive.xml (RunModel)" time="0.095" />
  <testcase classname="ptolemy.util.test.junit.AutoTests" name="[14] /home/travis/build/icyphy/ptII/ptolemy/domains/sdf/test/auto/LogisticMap.xml (RunModel)" time="0.469" />
  <testcase classname="ptolemy.util.test.junit.AutoTests" name="[15] /home/travis/build/icyphy/ptII/ptolemy/domains/sdf/test/auto/MaximumEntropySpectrum.xml (RunModel)" time="0.254" />
  <testcase classname="ptolemy.util.test.junit.AutoTests" name="[16] /home/travis/build/icyphy/ptII/ptolemy/domains/sdf/test/auto/MultirateSDF.xml (RunModel)" time="0.082" />
  <testcase classname="ptolemy.util.test.junit.AutoTests" name="[17] /home/travis/build/icyphy/ptII/ptolemy/domains/sdf/test/auto/MultirateSDFwithTransientStates.xml (RunModel)" time="0.094" />
  <testcase classname="ptolemy.util.test.junit.AutoTests" name="[18] /home/travis/build/icyphy/ptII/ptolemy/domains/sdf/test/auto/NoisySinewave.xml (RunModel)" time="0.074" />
  <testcase classname="ptolemy.util.test.junit.AutoTests" name="[19] /home/travis/build/icyphy/ptII/ptolemy/domains/sdf/test/auto/Objects.xml (RunModel)" time="0.063" />
  <testcase classname="ptolemy.util.test.junit.AutoTests" name="[20] /home/travis/build/icyphy/ptII/ptolemy/domains/sdf/test/auto/OrthogonalCom.xml (RunModel)" time="0.047" />
  <testcase classname="ptolemy.util.test.junit.AutoTests" name="[21] /home/travis/build/icyphy/ptII/ptolemy/domains/sdf/test/auto/RijndaelEncryption.xml (RunModel)" time="0.531" />
  <testcase classname="ptolemy.util.test.junit.AutoTests" name="[22] /home/travis/build/icyphy/ptII/ptolemy/domains/sdf/test/auto/SDFEmptyIterations.xml (RunModel)" time="0.036" />
  <testcase classname="ptolemy.util.test.junit.AutoTests" name="[23] /home/travis/build/icyphy/ptII/ptolemy/domains/sdf/test/auto/Spectrum.xml (RunModel)" time="0.096" />
  <testcase classname="ptolemy.util.test.junit.AutoTests" name="[24] /home/travis/build/icyphy/ptII/ptolemy/domains/sdf/test/auto/de_inside_sdf.xml (RunModel)" time="0.031" />
  <testcase classname="ptolemy.util.test.junit.AutoTests" name="[25] /home/travis/build/icyphy/ptII/ptolemy/domains/sdf/test/auto/disconnectedHierarchicalSDF.xml (RunModel)" time="0.033" />
  <testcase classname="ptolemy.util.test.junit.AutoTests" name="[26] /home/travis/build/icyphy/ptII/ptolemy/domains/sdf/test/auto/disconnectedSDF.xml (RunModel)" time="0.023" />
  <testcase classname="ptolemy.util.test.junit.AutoTests" name="[27] /home/travis/build/icyphy/ptII/ptolemy/domains/sdf/test/auto/emptyRefinement.xml (RunModel)" time="0.023" />
  <testcase classname="ptolemy.util.test.junit.AutoTests" name="[28] /home/travis/build/icyphy/ptII/ptolemy/domains/sdf/test/auto/filePortParameter.xml (RunModel)" time="0.05" />
  <testcase classname="ptolemy.util.test.junit.AutoTests" name="[29] /home/travis/build/icyphy/ptII/ptolemy/domains/sdf/test/auto/inferRelationWidth1.xml (RunModel)" time="0.017" />
  <testcase classname="ptolemy.util.test.junit.AutoTests" name="[30] /home/travis/build/icyphy/ptII/ptolemy/domains/sdf/test/auto/initProductionInference.xml (RunModel)" time="0.023" />
  <testcase classname="ptolemy.util.test.junit.AutoTests" name="[31] /home/travis/build/icyphy/ptII/ptolemy/domains/sdf/test/auto/relationGroup.xml (RunModel)" time="0.02" />
  <testcase classname="ptolemy.util.test.junit.AutoTests" name="[32] /home/travis/build/icyphy/ptII/ptolemy/domains/sdf/test/auto/relationGroup10.xml (RunModel)" time="0.023" />
  <testcase classname="ptolemy.util.test.junit.AutoTests" name="[33] /home/travis/build/icyphy/ptII/ptolemy/domains/sdf/test/auto/relationGroup11.xml (RunModel)" time="0.018" />
  <testcase classname="ptolemy.util.test.junit.AutoTests" name="[34] /home/travis/build/icyphy/ptII/ptolemy/domains/sdf/test/auto/relationGroup12.xml (RunModel)" time="0.016" />
  <testcase classname="ptolemy.util.test.junit.AutoTests" name="[35] /home/travis/build/icyphy/ptII/ptolemy/domains/sdf/test/auto/relationGroup13.xml (RunModel)" time="0.022" />
  <testcase classname="ptolemy.util.test.junit.AutoTests" name="[36] /home/travis/build/icyphy/ptII/ptolemy/domains/sdf/test/auto/relationGroup14.xml (RunModel)" time="0.018" />
  <testcase classname="ptolemy.util.test.junit.AutoTests" name="[37] /home/travis/build/icyphy/ptII/ptolemy/domains/sdf/test/auto/relationGroup15.xml (RunModel)" time="0.013" />
  <testcase classname="ptolemy.util.test.junit.AutoTests" name="[38] /home/travis/build/icyphy/ptII/ptolemy/domains/sdf/test/auto/relationGroup2.xml (RunModel)" time="0.016" />
  <testcase classname="ptolemy.util.test.junit.AutoTests" name="[39] /home/travis/build/icyphy/ptII/ptolemy/domains/sdf/test/auto/relationGroup3.xml (RunModel)" time="0.011" />
  <testcase classname="ptolemy.util.test.junit.AutoTests" name="[40] /home/travis/build/icyphy/ptII/ptolemy/domains/sdf/test/auto/relationGroup4.xml (RunModel)" time="0.021" />
  <testcase classname="ptolemy.util.test.junit.AutoTests" name="[41] /home/travis/build/icyphy/ptII/ptolemy/domains/sdf/test/auto/relationGroup5.xml (RunModel)" time="0.019" />
  <testcase classname="ptolemy.util.test.junit.AutoTests" name="[42] /home/travis/build/icyphy/ptII/ptolemy/domains/sdf/test/auto/relationGroup6.xml (RunModel)" time="0.022" />
  <testcase classname="ptolemy.util.test.junit.AutoTests" name="[43] /home/travis/build/icyphy/ptII/ptolemy/domains/sdf/test/auto/relationGroup7.xml (RunModel)" time="0.015" />
  <testcase classname="ptolemy.util.test.junit.AutoTests" name="[44] /home/travis/build/icyphy/ptII/ptolemy/domains/sdf/test/auto/relationGroup8.xml (RunModel)" time="0.022" />
  <testcase classname="ptolemy.util.test.junit.AutoTests" name="[45] /home/travis/build/icyphy/ptII/ptolemy/domains/sdf/test/auto/relationGroup9.xml (RunModel)" time="0.023" />
  <testcase classname="ptolemy.util.test.junit.AutoTests" name="[46] /home/travis/build/icyphy/ptII/ptolemy/domains/sdf/test/auto/sdf_inside_de.xml (RunModel)" time="0.056" />
  <testcase classname="ptolemy.util.test.junit.AutoTests" name="[47] /home/travis/build/icyphy/ptII/ptolemy/domains/sdf/test/auto/sdf_inside_pn.xml (RunModel)" time="0.07" />
  <testcase classname="ptolemy.util.test.junit.AutoTests" name="[48] /home/travis/build/icyphy/ptII/ptolemy/domains/sdf/test/auto/sdf_sdf1.xml (RunModel)" time="0.02" />
  <testcase classname="ptolemy.util.test.junit.AutoTests" name="[49] /home/travis/build/icyphy/ptII/ptolemy/domains/sdf/test/auto/test1.xml (RunModel)" time="0.017" />
  <testcase classname="ptolemy.util.test.junit.AutoTests" name="[50] /home/travis/build/icyphy/ptII/ptolemy/domains/sdf/test/auto/time1.xml (RunModel)" time="0.009" />
  <testcase classname="ptolemy.util.test.junit.AutoTests" name="[51] /home/travis/build/icyphy/ptII/ptolemy/domains/sdf/test/auto/time2.xml (RunModel)" time="0.01" />
  <testcase classname="ptolemy.util.test.junit.AutoTests" name="[52] /home/travis/build/icyphy/ptII/ptolemy/domains/sdf/test/auto/time3.xml (RunModel)" time="0.02" />
  <testcase classname="ptolemy.util.test.junit.AutoTests" name="[53] /home/travis/build/icyphy/ptII/ptolemy/domains/sdf/test/auto/time4.xml (RunModel)" time="0.022" />
  <testcase classname="ptolemy.util.test.junit.AutoTests" name="[54] /home/travis/build/icyphy/ptII/ptolemy/domains/sdf/test/auto/time5.xml (RunModel)" time="4.009" />
  <testcase classname="ptolemy.util.test.junit.AutoTests" name="[55] /home/travis/build/icyphy/ptII/ptolemy/domains/sdf/test/auto/typeSystem_Const_Integer_smallest_Type.xml (RunModel)" time="0.025" />
  <testcase classname="ptolemy.util.test.junit.AutoTests" name="[56] /home/travis/build/icyphy/ptII/ptolemy/domains/sdf/test/auto/typeSystem_declared_Inports_OutportTypeException.xml (RunModel)" time="0.027" />
  <testcase classname="ptolemy.util.test.junit.AutoTests" name="[57] /home/travis/build/icyphy/ptII/ptolemy/domains/sdf/test/auto/typeSystem_oneDeclaredInportType_wrongTypeOutport.xml (RunModel)" time="0.013" />
  <testcase classname="ptolemy.util.test.junit.AutoTests" name="[58] /home/travis/build/icyphy/ptII/ptolemy/domains/sdf/test/auto/width.xml (RunModel)" time="0.01" />
  <testcase classname="ptolemy.util.test.junit.AutoTests" name="[59] /home/travis/build/icyphy/ptII/ptolemy/domains/sdf/test/auto/width2.xml (RunModel)" time="0.035" />
  <testcase classname="ptolemy.util.test.junit.AutoTests" name="[60] /home/travis/build/icyphy/ptII/ptolemy/domains/sdf/test/auto/width3.xml (RunModel)" time="0.039" />
  <system-out><![CDATA[/home/travis/build/icyphy/ptII/ptolemy/domains/sdf/test/SDFSchedulerErrors.tcl
testDefs.tcl: setting time out to 9000 seconds at Sun Sep 30 02:26:41 UTC 2018
23 ms. Memory: 116224K Free: 105489K (91%)
10 ms. Memory: 116224K Free: 98441K (85%)
13 ms. Memory: 116224K Free: 91465K (79%)
3 ms. Memory: 116224K Free: 88386K (76%)
/home/travis/build/icyphy/ptII/ptolemy/domains/sdf/test/composition.tcl
31 ms. Memory: 116224K Free: 84759K (73%)
7 ms. Memory: 116224K Free: 82350K (71%)
/home/travis/build/icyphy/ptII/ptolemy/domains/sdf/test/cycle.tcl
.Toplevel.Director Preinitializing ...
Invoking preinitialize():  .Toplevel.Actor1
Invoking preinitialize():  .Toplevel.Actor2
Invoking preinitialize():  .Toplevel.Delay
.Toplevel.Director Finished preinitialize().
### Schedule:
Execute Schedule{
Fire Actor ptolemy.domains.sdf.kernel.test.SDFTestDelay {.Toplevel.Actor1}
Fire Actor ptolemy.domains.sdf.kernel.test.SDFTestDelay {.Toplevel.Actor2}
Fire Actor ptolemy.domains.sdf.lib.SampleDelay {.Toplevel.Delay}
}
### End schedule
Called initialize().
Invoking initialize():  .Toplevel.Actor1
Initializing actor: .Toplevel.Actor1.
Invoking initialize():  .Toplevel.Actor2
Initializing actor: .Toplevel.Actor2.
Invoking initialize():  .Toplevel.Delay
Initializing actor: .Toplevel.Delay.
Director: Called prefire().
-- Setting current time to 0.0
Director prefire returns true.
The actor .Toplevel.Actor1 will be iterated.
The actor .Toplevel.Actor1 was iterated.
The actor .Toplevel.Actor2 will be iterated.
The actor .Toplevel.Actor2 was iterated.
The actor .Toplevel.Delay will be iterated.
The actor .Toplevel.Delay was iterated.
Director: Called postfire().
Postfire returns: true
Director: Called prefire().
-- Setting current time to 0.0
Director prefire returns true.
The actor .Toplevel.Actor1 will be iterated.
The actor .Toplevel.Actor1 was iterated.
The actor .Toplevel.Actor2 will be iterated.
The actor .Toplevel.Actor2 was iterated.
The actor .Toplevel.Delay will be iterated.
The actor .Toplevel.Delay was iterated.
Director: Called postfire().
Postfire returns: true
Director: Called prefire().
-- Setting current time to 0.0
Director prefire returns true.
The actor .Toplevel.Actor1 will be iterated.
The actor .Toplevel.Actor1 was iterated.
The actor .Toplevel.Actor2 will be iterated.
The actor .Toplevel.Actor2 was iterated.
The actor .Toplevel.Delay will be iterated.
The actor .Toplevel.Delay was iterated.
Director: Called postfire().
Postfire returns: true
Director: Called prefire().
-- Setting current time to 0.0
Director prefire returns true.
The actor .Toplevel.Actor1 will be iterated.
The actor .Toplevel.Actor1 was iterated.
The actor .Toplevel.Actor2 will be iterated.
The actor .Toplevel.Actor2 was iterated.
The actor .Toplevel.Delay will be iterated.
The actor .Toplevel.Delay was iterated.
Director: Called postfire().
Postfire returns: true
Director: Called prefire().
-- Setting current time to 0.0
Director prefire returns true.
The actor .Toplevel.Actor1 will be iterated.
The actor .Toplevel.Actor1 was iterated.
The actor .Toplevel.Actor2 will be iterated.
The actor .Toplevel.Actor2 was iterated.
The actor .Toplevel.Delay will be iterated.
The actor .Toplevel.Delay was iterated.
Director: Called postfire().
Postfire returns: true
Director: Called prefire().
-- Setting current time to 0.0
Director prefire returns true.
The actor .Toplevel.Actor1 will be iterated.
The actor .Toplevel.Actor1 was iterated.
The actor .Toplevel.Actor2 will be iterated.
The actor .Toplevel.Actor2 was iterated.
The actor .Toplevel.Delay will be iterated.
The actor .Toplevel.Delay was iterated.
Reached specified number of iterations: 6
Director: Called wrapup().
26 ms. Memory: 146944K Free: 141102K (96%)
09/30/18 02:26:42
Failed: 0  Total Tests: 8  ((Passed: 8, Newly Passed: 0)  Known Failed: 0) /home/travis/build/icyphy/ptII/ptolemy/domains/sdf/test
No auto/knownFailedTests/*.xml tests in /home/travis/build/icyphy/ptII/ptolemy/domains/sdf/test
No auto/linux-amd64/*.xml tests in /home/travis/build/icyphy/ptII/ptolemy/domains/sdf/test
AutoTests.java: About to close Vertx.
AutoTests.java: Vertx closed.

===========================================================================================
----------------- testing Sun Sep 30 02:26:43 UTC 2018 /home/travis/build/icyphy/ptII/ptolemy/domains/sdf/test/auto/Array.xml
----------------- Instantiating /home/travis/build/icyphy/ptII/ptolemy/domains/sdf/test/auto/Array.xml
71 ms. Memory: 146944K Free: 101070K (69%)
----------------- Invoking toplevel() on ptolemy.moml.MoMLSimpleApplication@6105827c
----------------- Done invoking toplevel() on ptolemy.moml.MoMLSimpleApplication@6105827c
reloadAllAccessors: .Array

===========================================================================================
----------------- testing Sun Sep 30 02:26:43 UTC 2018 /home/travis/build/icyphy/ptII/ptolemy/domains/sdf/test/auto/Butterfly.xml
----------------- Instantiating /home/travis/build/icyphy/ptII/ptolemy/domains/sdf/test/auto/Butterfly.xml
66 ms. Memory: 146944K Free: 94893K (65%)
----------------- Invoking toplevel() on ptolemy.moml.MoMLSimpleApplication@77d76eac
----------------- Done invoking toplevel() on ptolemy.moml.MoMLSimpleApplication@77d76eac
reloadAllAccessors: .Butterfly

===========================================================================================
----------------- testing Sun Sep 30 02:26:43 UTC 2018 /home/travis/build/icyphy/ptII/ptolemy/domains/sdf/test/auto/Expression.xml
----------------- Instantiating /home/travis/build/icyphy/ptII/ptolemy/domains/sdf/test/auto/Expression.xml
75 ms. Memory: 146944K Free: 88223K (60%)
----------------- Invoking toplevel() on ptolemy.moml.MoMLSimpleApplication@2be3f58b
----------------- Done invoking toplevel() on ptolemy.moml.MoMLSimpleApplication@2be3f58b
reloadAllAccessors: .Expression

===========================================================================================
----------------- testing Sun Sep 30 02:26:43 UTC 2018 /home/travis/build/icyphy/ptII/ptolemy/domains/sdf/test/auto/Eye.xml
----------------- Instantiating /home/travis/build/icyphy/ptII/ptolemy/domains/sdf/test/auto/Eye.xml
241 ms. Memory: 146944K Free: 119256K (81%)
----------------- Invoking toplevel() on ptolemy.moml.MoMLSimpleApplication@1824bf57
----------------- Done invoking toplevel() on ptolemy.moml.MoMLSimpleApplication@1824bf57
reloadAllAccessors: .Eye

===========================================================================================
----------------- testing Sun Sep 30 02:26:44 UTC 2018 /home/travis/build/icyphy/ptII/ptolemy/domains/sdf/test/auto/FixFIR.xml
----------------- Instantiating /home/travis/build/icyphy/ptII/ptolemy/domains/sdf/test/auto/FixFIR.xml
161 ms. Memory: 146944K Free: 81722K (56%)
----------------- Invoking toplevel() on ptolemy.moml.MoMLSimpleApplication@33c8326e
----------------- Done invoking toplevel() on ptolemy.moml.MoMLSimpleApplication@33c8326e
reloadAllAccessors: .FixFIR

===========================================================================================
----------------- testing Sun Sep 30 02:26:44 UTC 2018 /home/travis/build/icyphy/ptII/ptolemy/domains/sdf/test/auto/FixPoint.xml
----------------- Instantiating /home/travis/build/icyphy/ptII/ptolemy/domains/sdf/test/auto/FixPoint.xml
14 ms. Memory: 208384K Free: 200314K (96%)
----------------- Invoking toplevel() on ptolemy.moml.MoMLSimpleApplication@1dbb5ce1
----------------- Done invoking toplevel() on ptolemy.moml.MoMLSimpleApplication@1dbb5ce1
reloadAllAccessors: .FixPoint

===========================================================================================
----------------- testing Sun Sep 30 02:26:44 UTC 2018 /home/travis/build/icyphy/ptII/ptolemy/domains/sdf/test/auto/Gravitation.xml
----------------- Instantiating /home/travis/build/icyphy/ptII/ptolemy/domains/sdf/test/auto/Gravitation.xml
3204 ms. Memory: 208384K Free: 110956K (53%)
----------------- Invoking toplevel() on ptolemy.moml.MoMLSimpleApplication@289dfc63
----------------- Done invoking toplevel() on ptolemy.moml.MoMLSimpleApplication@289dfc63
reloadAllAccessors: .Gravitation

===========================================================================================
----------------- testing Sun Sep 30 02:26:47 UTC 2018 /home/travis/build/icyphy/ptII/ptolemy/domains/sdf/test/auto/GravitationWithCollisionDetection.xml
----------------- Instantiating /home/travis/build/icyphy/ptII/ptolemy/domains/sdf/test/auto/GravitationWithCollisionDetection.xml
6808 ms. Memory: 873984K Free: 303404K (35%)
----------------- Invoking toplevel() on ptolemy.moml.MoMLSimpleApplication@35d7b75
----------------- Done invoking toplevel() on ptolemy.moml.MoMLSimpleApplication@35d7b75
reloadAllAccessors: .GravitationWithCollisionDetection

===========================================================================================
----------------- testing Sun Sep 30 02:26:54 UTC 2018 /home/travis/build/icyphy/ptII/ptolemy/domains/sdf/test/auto/HDF.xml
----------------- Instantiating /home/travis/build/icyphy/ptII/ptolemy/domains/sdf/test/auto/HDF.xml
40 ms. Memory: 873984K Free: 273083K (31%)
----------------- Invoking toplevel() on ptolemy.moml.MoMLSimpleApplication@3468e4c6
----------------- Done invoking toplevel() on ptolemy.moml.MoMLSimpleApplication@3468e4c6
reloadAllAccessors: .HDF

===========================================================================================
----------------- testing Sun Sep 30 02:26:54 UTC 2018 /home/travis/build/icyphy/ptII/ptolemy/domains/sdf/test/auto/HDFwithTransientStates.xml
----------------- Instantiating /home/travis/build/icyphy/ptII/ptolemy/domains/sdf/test/auto/HDFwithTransientStates.xml
31 ms. Memory: 873984K Free: 249104K (29%)
----------------- Invoking toplevel() on ptolemy.moml.MoMLSimpleApplication@64eb86af
----------------- Done invoking toplevel() on ptolemy.moml.MoMLSimpleApplication@64eb86af
reloadAllAccessors: .HDFwithTransientStates

===========================================================================================
----------------- testing Sun Sep 30 02:26:55 UTC 2018 /home/travis/build/icyphy/ptII/ptolemy/domains/sdf/test/auto/HTVQ.xml
----------------- Instantiating /home/travis/build/icyphy/ptII/ptolemy/domains/sdf/test/auto/HTVQ.xml
873 ms. Memory: 873984K Free: 77085K (9%)
----------------- Invoking toplevel() on ptolemy.moml.MoMLSimpleApplication@2170cced
----------------- Done invoking toplevel() on ptolemy.moml.MoMLSimpleApplication@2170cced
reloadAllAccessors: .HTVQ

===========================================================================================
----------------- testing Sun Sep 30 02:26:56 UTC 2018 /home/travis/build/icyphy/ptII/ptolemy/domains/sdf/test/auto/InferInitProduction.xml
----------------- Instantiating /home/travis/build/icyphy/ptII/ptolemy/domains/sdf/test/auto/InferInitProduction.xml
9 ms. Memory: 829952K Free: 803555K (97%)
----------------- Invoking toplevel() on ptolemy.moml.MoMLSimpleApplication@798acbc0
----------------- Done invoking toplevel() on ptolemy.moml.MoMLSimpleApplication@798acbc0
reloadAllAccessors: .InferInitProduction

===========================================================================================
----------------- testing Sun Sep 30 02:26:56 UTC 2018 /home/travis/build/icyphy/ptII/ptolemy/domains/sdf/test/auto/InferInitProductionDeeper.xml
----------------- Instantiating /home/travis/build/icyphy/ptII/ptolemy/domains/sdf/test/auto/InferInitProductionDeeper.xml
12 ms. Memory: 829952K Free: 786631K (95%)
----------------- Invoking toplevel() on ptolemy.moml.MoMLSimpleApplication@615dfd53
----------------- Done invoking toplevel() on ptolemy.moml.MoMLSimpleApplication@615dfd53
reloadAllAccessors: .InferInitProductionDeeper

===========================================================================================
----------------- testing Sun Sep 30 02:26:56 UTC 2018 /home/travis/build/icyphy/ptII/ptolemy/domains/sdf/test/auto/LMSAdaptive.xml
----------------- Instantiating /home/travis/build/icyphy/ptII/ptolemy/domains/sdf/test/auto/LMSAdaptive.xml
18 ms. Memory: 829952K Free: 764159K (92%)
----------------- Invoking toplevel() on ptolemy.moml.MoMLSimpleApplication@61021922
----------------- Done invoking toplevel() on ptolemy.moml.MoMLSimpleApplication@61021922
reloadAllAccessors: .LMSAdaptive

===========================================================================================
----------------- testing Sun Sep 30 02:26:56 UTC 2018 /home/travis/build/icyphy/ptII/ptolemy/domains/sdf/test/auto/LogisticMap.xml
----------------- Instantiating /home/travis/build/icyphy/ptII/ptolemy/domains/sdf/test/auto/LogisticMap.xml
441 ms. Memory: 829952K Free: 749188K (90%)
----------------- Invoking toplevel() on ptolemy.moml.MoMLSimpleApplication@4f17f77d
----------------- Done invoking toplevel() on ptolemy.moml.MoMLSimpleApplication@4f17f77d
reloadAllAccessors: .LogisticMap

===========================================================================================
----------------- testing Sun Sep 30 02:26:56 UTC 2018 /home/travis/build/icyphy/ptII/ptolemy/domains/sdf/test/auto/MaximumEntropySpectrum.xml
----------------- Instantiating /home/travis/build/icyphy/ptII/ptolemy/domains/sdf/test/auto/MaximumEntropySpectrum.xml
52 ms. Memory: 829952K Free: 674252K (81%)
----------------- Invoking toplevel() on ptolemy.moml.MoMLSimpleApplication@7d59be71
----------------- Done invoking toplevel() on ptolemy.moml.MoMLSimpleApplication@7d59be71
reloadAllAccessors: .MaximumEntropySpectrum

===========================================================================================
----------------- testing Sun Sep 30 02:26:56 UTC 2018 /home/travis/build/icyphy/ptII/ptolemy/domains/sdf/test/auto/MultirateSDF.xml
----------------- Instantiating /home/travis/build/icyphy/ptII/ptolemy/domains/sdf/test/auto/MultirateSDF.xml
18 ms. Memory: 829952K Free: 651780K (79%)
----------------- Invoking toplevel() on ptolemy.moml.MoMLSimpleApplication@5be996c5
----------------- Done invoking toplevel() on ptolemy.moml.MoMLSimpleApplication@5be996c5
reloadAllAccessors: .MultirateSDF

===========================================================================================
----------------- testing Sun Sep 30 02:26:56 UTC 2018 /home/travis/build/icyphy/ptII/ptolemy/domains/sdf/test/auto/MultirateSDFwithTransientStates.xml
----------------- Instantiating /home/travis/build/icyphy/ptII/ptolemy/domains/sdf/test/auto/MultirateSDFwithTransientStates.xml
24 ms. Memory: 829952K Free: 629308K (76%)
----------------- Invoking toplevel() on ptolemy.moml.MoMLSimpleApplication@6d6c9ef7
----------------- Done invoking toplevel() on ptolemy.moml.MoMLSimpleApplication@6d6c9ef7
reloadAllAccessors: .MultirateSDFwithTransientStates

===========================================================================================
----------------- testing Sun Sep 30 02:26:57 UTC 2018 /home/travis/build/icyphy/ptII/ptolemy/domains/sdf/test/auto/NoisySinewave.xml
----------------- Instantiating /home/travis/build/icyphy/ptII/ptolemy/domains/sdf/test/auto/NoisySinewave.xml
17 ms. Memory: 829952K Free: 604882K (73%)
----------------- Invoking toplevel() on ptolemy.moml.MoMLSimpleApplication@2f1f94d1
----------------- Done invoking toplevel() on ptolemy.moml.MoMLSimpleApplication@2f1f94d1
reloadAllAccessors: .NoisySinewave

===========================================================================================
----------------- testing Sun Sep 30 02:26:57 UTC 2018 /home/travis/build/icyphy/ptII/ptolemy/domains/sdf/test/auto/Objects.xml
----------------- Instantiating /home/travis/build/icyphy/ptII/ptolemy/domains/sdf/test/auto/Objects.xml
3 ms. Memory: 829952K Free: 582409K (70%)
----------------- Invoking toplevel() on ptolemy.moml.MoMLSimpleApplication@1c881c5b
----------------- Done invoking toplevel() on ptolemy.moml.MoMLSimpleApplication@1c881c5b
reloadAllAccessors: .Objects

===========================================================================================
----------------- testing Sun Sep 30 02:26:57 UTC 2018 /home/travis/build/icyphy/ptII/ptolemy/domains/sdf/test/auto/OrthogonalCom.xml
----------------- Instantiating /home/travis/build/icyphy/ptII/ptolemy/domains/sdf/test/auto/OrthogonalCom.xml
7 ms. Memory: 829952K Free: 567439K (68%)
----------------- Invoking toplevel() on ptolemy.moml.MoMLSimpleApplication@e430786
----------------- Done invoking toplevel() on ptolemy.moml.MoMLSimpleApplication@e430786
reloadAllAccessors: .OrthogonalCom

===========================================================================================
----------------- testing Sun Sep 30 02:26:57 UTC 2018 /home/travis/build/icyphy/ptII/ptolemy/domains/sdf/test/auto/RijndaelEncryption.xml
----------------- Instantiating /home/travis/build/icyphy/ptII/ptolemy/domains/sdf/test/auto/RijndaelEncryption.xml
244 ms. Memory: 829952K Free: 410048K (49%)
----------------- Invoking toplevel() on ptolemy.moml.MoMLSimpleApplication@386228eb
----------------- Done invoking toplevel() on ptolemy.moml.MoMLSimpleApplication@386228eb
reloadAllAccessors: .RijndaelEncryption

===========================================================================================
----------------- testing Sun Sep 30 02:26:57 UTC 2018 /home/travis/build/icyphy/ptII/ptolemy/domains/sdf/test/auto/SDFEmptyIterations.xml
----------------- Instantiating /home/travis/build/icyphy/ptII/ptolemy/domains/sdf/test/auto/SDFEmptyIterations.xml
5 ms. Memory: 829952K Free: 395077K (48%)
----------------- Invoking toplevel() on ptolemy.moml.MoMLSimpleApplication@73d8ec39
----------------- Done invoking toplevel() on ptolemy.moml.MoMLSimpleApplication@73d8ec39
reloadAllAccessors: .SDFEmptyIterations

===========================================================================================
----------------- testing Sun Sep 30 02:26:57 UTC 2018 /home/travis/build/icyphy/ptII/ptolemy/domains/sdf/test/auto/Spectrum.xml
----------------- Instantiating /home/travis/build/icyphy/ptII/ptolemy/domains/sdf/test/auto/Spectrum.xml
34 ms. Memory: 829952K Free: 372605K (45%)
----------------- Invoking toplevel() on ptolemy.moml.MoMLSimpleApplication@29caa7eb
----------------- Done invoking toplevel() on ptolemy.moml.MoMLSimpleApplication@29caa7eb
reloadAllAccessors: .Spectrum

===========================================================================================
----------------- testing Sun Sep 30 02:26:57 UTC 2018 /home/travis/build/icyphy/ptII/ptolemy/domains/sdf/test/auto/de_inside_sdf.xml
----------------- Instantiating /home/travis/build/icyphy/ptII/ptolemy/domains/sdf/test/auto/de_inside_sdf.xml
9 ms. Memory: 829952K Free: 355680K (43%)
----------------- Invoking toplevel() on ptolemy.moml.MoMLSimpleApplication@3b8568f0
----------------- Done invoking toplevel() on ptolemy.moml.MoMLSimpleApplication@3b8568f0
reloadAllAccessors: .de_inside_sdf

===========================================================================================
----------------- testing Sun Sep 30 02:26:57 UTC 2018 /home/travis/build/icyphy/ptII/ptolemy/domains/sdf/test/auto/disconnectedHierarchicalSDF.xml
----------------- Instantiating /home/travis/build/icyphy/ptII/ptolemy/domains/sdf/test/auto/disconnectedHierarchicalSDF.xml
5 ms. Memory: 829952K Free: 340709K (41%)
----------------- Invoking toplevel() on ptolemy.moml.MoMLSimpleApplication@2db4c66e
----------------- Done invoking toplevel() on ptolemy.moml.MoMLSimpleApplication@2db4c66e
reloadAllAccessors: .disconnectedHierarchicalSDF

===========================================================================================
----------------- testing Sun Sep 30 02:26:58 UTC 2018 /home/travis/build/icyphy/ptII/ptolemy/domains/sdf/test/auto/disconnectedSDF.xml
----------------- Instantiating /home/travis/build/icyphy/ptII/ptolemy/domains/sdf/test/auto/disconnectedSDF.xml
2 ms. Memory: 829952K Free: 325739K (39%)
----------------- Invoking toplevel() on ptolemy.moml.MoMLSimpleApplication@46dc45c3
----------------- Done invoking toplevel() on ptolemy.moml.MoMLSimpleApplication@46dc45c3
reloadAllAccessors: .disconnectedSDF

===========================================================================================
----------------- testing Sun Sep 30 02:26:58 UTC 2018 /home/travis/build/icyphy/ptII/ptolemy/domains/sdf/test/auto/emptyRefinement.xml
----------------- Instantiating /home/travis/build/icyphy/ptII/ptolemy/domains/sdf/test/auto/emptyRefinement.xml
3 ms. Memory: 829952K Free: 310768K (37%)
----------------- Invoking toplevel() on ptolemy.moml.MoMLSimpleApplication@386b3c94
----------------- Done invoking toplevel() on ptolemy.moml.MoMLSimpleApplication@386b3c94
reloadAllAccessors: .emptyRefinement

===========================================================================================
----------------- testing Sun Sep 30 02:26:58 UTC 2018 /home/travis/build/icyphy/ptII/ptolemy/domains/sdf/test/auto/filePortParameter.xml
----------------- Instantiating /home/travis/build/icyphy/ptII/ptolemy/domains/sdf/test/auto/filePortParameter.xml
16 ms. Memory: 829952K Free: 295797K (36%)
----------------- Invoking toplevel() on ptolemy.moml.MoMLSimpleApplication@962c70
----------------- Done invoking toplevel() on ptolemy.moml.MoMLSimpleApplication@962c70
reloadAllAccessors: .filePortParameter

===========================================================================================
----------------- testing Sun Sep 30 02:26:58 UTC 2018 /home/travis/build/icyphy/ptII/ptolemy/domains/sdf/test/auto/inferRelationWidth1.xml
----------------- Instantiating /home/travis/build/icyphy/ptII/ptolemy/domains/sdf/test/auto/inferRelationWidth1.xml
2 ms. Memory: 829952K Free: 278872K (34%)
----------------- Invoking toplevel() on ptolemy.moml.MoMLSimpleApplication@4ed251bf
----------------- Done invoking toplevel() on ptolemy.moml.MoMLSimpleApplication@4ed251bf
reloadAllAccessors: .inferRelationWidth1

===========================================================================================
----------------- testing Sun Sep 30 02:26:58 UTC 2018 /home/travis/build/icyphy/ptII/ptolemy/domains/sdf/test/auto/initProductionInference.xml
----------------- Instantiating /home/travis/build/icyphy/ptII/ptolemy/domains/sdf/test/auto/initProductionInference.xml
4 ms. Memory: 829952K Free: 263902K (32%)
----------------- Invoking toplevel() on ptolemy.moml.MoMLSimpleApplication@c988a4a
----------------- Done invoking toplevel() on ptolemy.moml.MoMLSimpleApplication@c988a4a
reloadAllAccessors: .initProductionInference

===========================================================================================
----------------- testing Sun Sep 30 02:26:58 UTC 2018 /home/travis/build/icyphy/ptII/ptolemy/domains/sdf/test/auto/relationGroup.xml
----------------- Instantiating /home/travis/build/icyphy/ptII/ptolemy/domains/sdf/test/auto/relationGroup.xml
2 ms. Memory: 829952K Free: 248931K (30%)
----------------- Invoking toplevel() on ptolemy.moml.MoMLSimpleApplication@3814021f
----------------- Done invoking toplevel() on ptolemy.moml.MoMLSimpleApplication@3814021f
reloadAllAccessors: .relationGroup

===========================================================================================
----------------- testing Sun Sep 30 02:26:58 UTC 2018 /home/travis/build/icyphy/ptII/ptolemy/domains/sdf/test/auto/relationGroup10.xml
----------------- Instantiating /home/travis/build/icyphy/ptII/ptolemy/domains/sdf/test/auto/relationGroup10.xml
2 ms. Memory: 829952K Free: 233960K (28%)
----------------- Invoking toplevel() on ptolemy.moml.MoMLSimpleApplication@11be1a41
----------------- Done invoking toplevel() on ptolemy.moml.MoMLSimpleApplication@11be1a41
reloadAllAccessors: .relationGroup10

===========================================================================================
----------------- testing Sun Sep 30 02:26:58 UTC 2018 /home/travis/build/icyphy/ptII/ptolemy/domains/sdf/test/auto/relationGroup11.xml
----------------- Instantiating /home/travis/build/icyphy/ptII/ptolemy/domains/sdf/test/auto/relationGroup11.xml
2 ms. Memory: 829952K Free: 218989K (26%)
----------------- Invoking toplevel() on ptolemy.moml.MoMLSimpleApplication@42a14410
----------------- Done invoking toplevel() on ptolemy.moml.MoMLSimpleApplication@42a14410
reloadAllAccessors: .relationGroup11

===========================================================================================
----------------- testing Sun Sep 30 02:26:58 UTC 2018 /home/travis/build/icyphy/ptII/ptolemy/domains/sdf/test/auto/relationGroup12.xml
----------------- Instantiating /home/travis/build/icyphy/ptII/ptolemy/domains/sdf/test/auto/relationGroup12.xml
3 ms. Memory: 829952K Free: 204018K (25%)
----------------- Invoking toplevel() on ptolemy.moml.MoMLSimpleApplication@a3321bb
----------------- Done invoking toplevel() on ptolemy.moml.MoMLSimpleApplication@a3321bb
reloadAllAccessors: .relationGroup12

===========================================================================================
----------------- testing Sun Sep 30 02:26:58 UTC 2018 /home/travis/build/icyphy/ptII/ptolemy/domains/sdf/test/auto/relationGroup13.xml
----------------- Instantiating /home/travis/build/icyphy/ptII/ptolemy/domains/sdf/test/auto/relationGroup13.xml
10 ms. Memory: 829952K Free: 187094K (23%)
----------------- Invoking toplevel() on ptolemy.moml.MoMLSimpleApplication@42c4dd65
----------------- Done invoking toplevel() on ptolemy.moml.MoMLSimpleApplication@42c4dd65
reloadAllAccessors: .relationGroup13

===========================================================================================
----------------- testing Sun Sep 30 02:26:58 UTC 2018 /home/travis/build/icyphy/ptII/ptolemy/domains/sdf/test/auto/relationGroup14.xml
----------------- Instantiating /home/travis/build/icyphy/ptII/ptolemy/domains/sdf/test/auto/relationGroup14.xml
4 ms. Memory: 829952K Free: 172123K (21%)
----------------- Invoking toplevel() on ptolemy.moml.MoMLSimpleApplication@6ad68b24
----------------- Done invoking toplevel() on ptolemy.moml.MoMLSimpleApplication@6ad68b24
reloadAllAccessors: .relationGroup14

===========================================================================================
----------------- testing Sun Sep 30 02:26:58 UTC 2018 /home/travis/build/icyphy/ptII/ptolemy/domains/sdf/test/auto/relationGroup15.xml
----------------- Instantiating /home/travis/build/icyphy/ptII/ptolemy/domains/sdf/test/auto/relationGroup15.xml
2 ms. Memory: 829952K Free: 157152K (19%)
----------------- Invoking toplevel() on ptolemy.moml.MoMLSimpleApplication@7cda17ba
----------------- Done invoking toplevel() on ptolemy.moml.MoMLSimpleApplication@7cda17ba
reloadAllAccessors: .relationGroup15

===========================================================================================
----------------- testing Sun Sep 30 02:26:58 UTC 2018 /home/travis/build/icyphy/ptII/ptolemy/domains/sdf/test/auto/relationGroup2.xml
----------------- Instantiating /home/travis/build/icyphy/ptII/ptolemy/domains/sdf/test/auto/relationGroup2.xml
2 ms. Memory: 829952K Free: 142181K (17%)
----------------- Invoking toplevel() on ptolemy.moml.MoMLSimpleApplication@af16a5b
----------------- Done invoking toplevel() on ptolemy.moml.MoMLSimpleApplication@af16a5b
reloadAllAccessors: .relationGroup2

===========================================================================================
----------------- testing Sun Sep 30 02:26:58 UTC 2018 /home/travis/build/icyphy/ptII/ptolemy/domains/sdf/test/auto/relationGroup3.xml
----------------- Instantiating /home/travis/build/icyphy/ptII/ptolemy/domains/sdf/test/auto/relationGroup3.xml
2 ms. Memory: 829952K Free: 127210K (15%)
----------------- Invoking toplevel() on ptolemy.moml.MoMLSimpleApplication@1b0b70aa
----------------- Done invoking toplevel() on ptolemy.moml.MoMLSimpleApplication@1b0b70aa
reloadAllAccessors: .relationGroup3

===========================================================================================
----------------- testing Sun Sep 30 02:26:58 UTC 2018 /home/travis/build/icyphy/ptII/ptolemy/domains/sdf/test/auto/relationGroup4.xml
----------------- Instantiating /home/travis/build/icyphy/ptII/ptolemy/domains/sdf/test/auto/relationGroup4.xml
4 ms. Memory: 829952K Free: 112239K (14%)
----------------- Invoking toplevel() on ptolemy.moml.MoMLSimpleApplication@5a9cbe8e
----------------- Done invoking toplevel() on ptolemy.moml.MoMLSimpleApplication@5a9cbe8e
reloadAllAccessors: .relationGroup4

===========================================================================================
----------------- testing Sun Sep 30 02:26:58 UTC 2018 /home/travis/build/icyphy/ptII/ptolemy/domains/sdf/test/auto/relationGroup5.xml
----------------- Instantiating /home/travis/build/icyphy/ptII/ptolemy/domains/sdf/test/auto/relationGroup5.xml
3 ms. Memory: 829952K Free: 95315K (11%)
----------------- Invoking toplevel() on ptolemy.moml.MoMLSimpleApplication@263a9133
----------------- Done invoking toplevel() on ptolemy.moml.MoMLSimpleApplication@263a9133
reloadAllAccessors: .relationGroup5

===========================================================================================
----------------- testing Sun Sep 30 02:26:58 UTC 2018 /home/travis/build/icyphy/ptII/ptolemy/domains/sdf/test/auto/relationGroup6.xml
----------------- Instantiating /home/travis/build/icyphy/ptII/ptolemy/domains/sdf/test/auto/relationGroup6.xml
5 ms. Memory: 829952K Free: 80344K (10%)
----------------- Invoking toplevel() on ptolemy.moml.MoMLSimpleApplication@1086fd83
----------------- Done invoking toplevel() on ptolemy.moml.MoMLSimpleApplication@1086fd83
reloadAllAccessors: .relationGroup6

===========================================================================================
----------------- testing Sun Sep 30 02:26:58 UTC 2018 /home/travis/build/icyphy/ptII/ptolemy/domains/sdf/test/auto/relationGroup7.xml
----------------- Instantiating /home/travis/build/icyphy/ptII/ptolemy/domains/sdf/test/auto/relationGroup7.xml
2 ms. Memory: 829952K Free: 70221K (8%)
----------------- Invoking toplevel() on ptolemy.moml.MoMLSimpleApplication@3a8ec922
----------------- Done invoking toplevel() on ptolemy.moml.MoMLSimpleApplication@3a8ec922
reloadAllAccessors: .relationGroup7

===========================================================================================
----------------- testing Sun Sep 30 02:26:58 UTC 2018 /home/travis/build/icyphy/ptII/ptolemy/domains/sdf/test/auto/relationGroup8.xml
----------------- Instantiating /home/travis/build/icyphy/ptII/ptolemy/domains/sdf/test/auto/relationGroup8.xml
2 ms. Memory: 794624K Free: 768616K (97%)
----------------- Invoking toplevel() on ptolemy.moml.MoMLSimpleApplication@43f82dee
----------------- Done invoking toplevel() on ptolemy.moml.MoMLSimpleApplication@43f82dee
reloadAllAccessors: .relationGroup8

===========================================================================================
----------------- testing Sun Sep 30 02:26:58 UTC 2018 /home/travis/build/icyphy/ptII/ptolemy/domains/sdf/test/auto/relationGroup9.xml
----------------- Instantiating /home/travis/build/icyphy/ptII/ptolemy/domains/sdf/test/auto/relationGroup9.xml
3 ms. Memory: 794624K Free: 752932K (95%)
----------------- Invoking toplevel() on ptolemy.moml.MoMLSimpleApplication@16ebcd40
----------------- Done invoking toplevel() on ptolemy.moml.MoMLSimpleApplication@16ebcd40
reloadAllAccessors: .relationGroup9

===========================================================================================
----------------- testing Sun Sep 30 02:26:58 UTC 2018 /home/travis/build/icyphy/ptII/ptolemy/domains/sdf/test/auto/sdf_inside_de.xml
----------------- Instantiating /home/travis/build/icyphy/ptII/ptolemy/domains/sdf/test/auto/sdf_inside_de.xml
16 ms. Memory: 794624K Free: 731535K (92%)
----------------- Invoking toplevel() on ptolemy.moml.MoMLSimpleApplication@681798ad
----------------- Done invoking toplevel() on ptolemy.moml.MoMLSimpleApplication@681798ad
reloadAllAccessors: .sdf_inside_de

===========================================================================================
----------------- testing Sun Sep 30 02:26:58 UTC 2018 /home/travis/build/icyphy/ptII/ptolemy/domains/sdf/test/auto/sdf_inside_pn.xml
----------------- Instantiating /home/travis/build/icyphy/ptII/ptolemy/domains/sdf/test/auto/sdf_inside_pn.xml
45 ms. Memory: 794624K Free: 681645K (86%)
----------------- Invoking toplevel() on ptolemy.moml.MoMLSimpleApplication@4d32b7d0
----------------- Done invoking toplevel() on ptolemy.moml.MoMLSimpleApplication@4d32b7d0
reloadAllAccessors: .sdf_inside_pn

===========================================================================================
----------------- testing Sun Sep 30 02:26:58 UTC 2018 /home/travis/build/icyphy/ptII/ptolemy/domains/sdf/test/auto/sdf_sdf1.xml
----------------- Instantiating /home/travis/build/icyphy/ptII/ptolemy/domains/sdf/test/auto/sdf_sdf1.xml
4 ms. Memory: 794624K Free: 666109K (84%)
----------------- Invoking toplevel() on ptolemy.moml.MoMLSimpleApplication@747200a1
----------------- Done invoking toplevel() on ptolemy.moml.MoMLSimpleApplication@747200a1
reloadAllAccessors: .sdf_sdf1

===========================================================================================
----------------- testing Sun Sep 30 02:26:58 UTC 2018 /home/travis/build/icyphy/ptII/ptolemy/domains/sdf/test/auto/test1.xml
----------------- Instantiating /home/travis/build/icyphy/ptII/ptolemy/domains/sdf/test/auto/test1.xml
3 ms. Memory: 794624K Free: 651855K (82%)
----------------- Invoking toplevel() on ptolemy.moml.MoMLSimpleApplication@3cd02dac
----------------- Done invoking toplevel() on ptolemy.moml.MoMLSimpleApplication@3cd02dac
reloadAllAccessors: .test1

===========================================================================================
----------------- testing Sun Sep 30 02:26:58 UTC 2018 /home/travis/build/icyphy/ptII/ptolemy/domains/sdf/test/auto/time1.xml
----------------- Instantiating /home/travis/build/icyphy/ptII/ptolemy/domains/sdf/test/auto/time1.xml
1 ms. Memory: 794624K Free: 637600K (80%)
----------------- Invoking toplevel() on ptolemy.moml.MoMLSimpleApplication@70223f15
----------------- Done invoking toplevel() on ptolemy.moml.MoMLSimpleApplication@70223f15
reloadAllAccessors: .time1

===========================================================================================
----------------- testing Sun Sep 30 02:26:58 UTC 2018 /home/travis/build/icyphy/ptII/ptolemy/domains/sdf/test/auto/time2.xml
----------------- Instantiating /home/travis/build/icyphy/ptII/ptolemy/domains/sdf/test/auto/time2.xml
3 ms. Memory: 794624K Free: 623346K (78%)
----------------- Invoking toplevel() on ptolemy.moml.MoMLSimpleApplication@22760a97
----------------- Done invoking toplevel() on ptolemy.moml.MoMLSimpleApplication@22760a97
reloadAllAccessors: .time2

===========================================================================================
----------------- testing Sun Sep 30 02:26:58 UTC 2018 /home/travis/build/icyphy/ptII/ptolemy/domains/sdf/test/auto/time3.xml
----------------- Instantiating /home/travis/build/icyphy/ptII/ptolemy/domains/sdf/test/auto/time3.xml
7 ms. Memory: 794624K Free: 607810K (76%)
----------------- Invoking toplevel() on ptolemy.moml.MoMLSimpleApplication@7cdceb44
----------------- Done invoking toplevel() on ptolemy.moml.MoMLSimpleApplication@7cdceb44
reloadAllAccessors: .time3

===========================================================================================
----------------- testing Sun Sep 30 02:26:58 UTC 2018 /home/travis/build/icyphy/ptII/ptolemy/domains/sdf/test/auto/time4.xml
----------------- Instantiating /home/travis/build/icyphy/ptII/ptolemy/domains/sdf/test/auto/time4.xml
7 ms. Memory: 794624K Free: 593556K (75%)
----------------- Invoking toplevel() on ptolemy.moml.MoMLSimpleApplication@4c6d9d3
----------------- Done invoking toplevel() on ptolemy.moml.MoMLSimpleApplication@4c6d9d3
reloadAllAccessors: .time4

===========================================================================================
----------------- testing Sun Sep 30 02:26:58 UTC 2018 /home/travis/build/icyphy/ptII/ptolemy/domains/sdf/test/auto/time5.xml
----------------- Instantiating /home/travis/build/icyphy/ptII/ptolemy/domains/sdf/test/auto/time5.xml
4002 ms. Memory: 794624K Free: 579302K (73%)
----------------- Invoking toplevel() on ptolemy.moml.MoMLSimpleApplication@1ac45289
----------------- Done invoking toplevel() on ptolemy.moml.MoMLSimpleApplication@1ac45289
reloadAllAccessors: .time5

===========================================================================================
----------------- testing Sun Sep 30 02:27:02 UTC 2018 /home/travis/build/icyphy/ptII/ptolemy/domains/sdf/test/auto/typeSystem_Const_Integer_smallest_Type.xml
----------------- Instantiating /home/travis/build/icyphy/ptII/ptolemy/domains/sdf/test/auto/typeSystem_Const_Integer_smallest_Type.xml
3 ms. Memory: 794624K Free: 563765K (71%)
----------------- Invoking toplevel() on ptolemy.moml.MoMLSimpleApplication@12e5b69c
----------------- Done invoking toplevel() on ptolemy.moml.MoMLSimpleApplication@12e5b69c
reloadAllAccessors: .typeSystem_Const_Integer_smallest_Type

===========================================================================================
----------------- testing Sun Sep 30 02:27:02 UTC 2018 /home/travis/build/icyphy/ptII/ptolemy/domains/sdf/test/auto/typeSystem_declared_Inports_OutportTypeException.xml
----------------- Instantiating /home/travis/build/icyphy/ptII/ptolemy/domains/sdf/test/auto/typeSystem_declared_Inports_OutportTypeException.xml
.typeSystem_declared_Inports_OutportTypeException.TestExceptionAttribute: initialize() was not invoked, but wrapup() was.  This is unusual, but not always a problem.  For example, exporting JNLP will do this.
3 ms. Memory: 794624K Free: 549511K (69%)
----------------- Invoking toplevel() on ptolemy.moml.MoMLSimpleApplication@4453787f
----------------- Done invoking toplevel() on ptolemy.moml.MoMLSimpleApplication@4453787f
reloadAllAccessors: .typeSystem_declared_Inports_OutportTypeException

===========================================================================================
----------------- testing Sun Sep 30 02:27:02 UTC 2018 /home/travis/build/icyphy/ptII/ptolemy/domains/sdf/test/auto/typeSystem_oneDeclaredInportType_wrongTypeOutport.xml
----------------- Instantiating /home/travis/build/icyphy/ptII/ptolemy/domains/sdf/test/auto/typeSystem_oneDeclaredInportType_wrongTypeOutport.xml
2 ms. Memory: 794624K Free: 535257K (67%)
----------------- Invoking toplevel() on ptolemy.moml.MoMLSimpleApplication@508d41ae
----------------- Done invoking toplevel() on ptolemy.moml.MoMLSimpleApplication@508d41ae
reloadAllAccessors: .typeSystem_oneDeclaredInportType_wrongTypeOutport

===========================================================================================
----------------- testing Sun Sep 30 02:27:02 UTC 2018 /home/travis/build/icyphy/ptII/ptolemy/domains/sdf/test/auto/width.xml
----------------- Instantiating /home/travis/build/icyphy/ptII/ptolemy/domains/sdf/test/auto/width.xml
2 ms. Memory: 794624K Free: 519720K (65%)
----------------- Invoking toplevel() on ptolemy.moml.MoMLSimpleApplication@3423e92d
----------------- Done invoking toplevel() on ptolemy.moml.MoMLSimpleApplication@3423e92d
reloadAllAccessors: .width

===========================================================================================
----------------- testing Sun Sep 30 02:27:02 UTC 2018 /home/travis/build/icyphy/ptII/ptolemy/domains/sdf/test/auto/width2.xml
----------------- Instantiating /home/travis/build/icyphy/ptII/ptolemy/domains/sdf/test/auto/width2.xml
25 ms. Memory: 794624K Free: 505466K (64%)
----------------- Invoking toplevel() on ptolemy.moml.MoMLSimpleApplication@20856cb5
----------------- Done invoking toplevel() on ptolemy.moml.MoMLSimpleApplication@20856cb5
reloadAllAccessors: .width2

===========================================================================================
----------------- testing Sun Sep 30 02:27:02 UTC 2018 /home/travis/build/icyphy/ptII/ptolemy/domains/sdf/test/auto/width3.xml
----------------- Instantiating /home/travis/build/icyphy/ptII/ptolemy/domains/sdf/test/auto/width3.xml
28 ms. Memory: 794624K Free: 491212K (62%)
----------------- Invoking toplevel() on ptolemy.moml.MoMLSimpleApplication@1ede2599
----------------- Done invoking toplevel() on ptolemy.moml.MoMLSimpleApplication@1ede2599
reloadAllAccessors: .width3
AutoTests.java: About to close Vertx.
AutoTests.java: Vertx closed.
]]></system-out>
  <system-err><![CDATA[java.lang.RuntimeException: Execution failed
	at ptolemy.moml.MoMLSimpleApplication$UnloadThread.run(MoMLSimpleApplication.java:402)
Caused by: ptolemy.actor.sched.NotSchedulableException: No solution exists for the balance equations.
Graph is not consistent under the SDF domain detected on external port .rateConsistency.actor.port2
  in .rateConsistency.SDF Director.Scheduler
	at ptolemy.domains.sdf.kernel.SDFScheduler._propagatePort(SDFScheduler.java:1425)
	at ptolemy.domains.sdf.kernel.SDFScheduler._solveBalanceEquations(SDFScheduler.java:710)
	at ptolemy.domains.sdf.kernel.SDFScheduler._getSchedule(SDFScheduler.java:566)
	at ptolemy.actor.sched.Scheduler.getSchedule(Scheduler.java:189)
	at ptolemy.domains.sdf.kernel.SDFDirector.createSchedule(SDFDirector.java:408)
	at ptolemy.domains.sdf.kernel.SDFDirector.preinitialize(SDFDirector.java:764)
	at ptolemy.actor.CompositeActor.preinitialize(CompositeActor.java:1828)
	at ptolemy.actor.Manager.preinitializeAndResolveTypes(Manager.java:1040)
	at ptolemy.actor.Manager.initialize(Manager.java:710)
	at ptolemy.actor.Manager.execute(Manager.java:356)
	at ptolemy.actor.Manager.run(Manager.java:1263)
	at ptolemy.actor.Manager$PtolemyRunThread.run(Manager.java:1915)
java.lang.RuntimeException: Execution failed
	at ptolemy.moml.MoMLSimpleApplication$UnloadThread.run(MoMLSimpleApplication.java:402)
Caused by: ptolemy.kernel.util.IllegalActionException: Failed to compute schedule:
  in .badRateChanges.typed composite actor.SDF Director
Because:
The SDF rate parameter may change. This is not allowed in SDF models that will be run through the code generator.  If you don't care about code generation, then you might consider setting the allowRateChanges parameter of the SDF director to false.
  in .badRateChanges.typed composite actor.Repeat.output.tokenProductionRate
	at ptolemy.domains.sdf.kernel.SDFDirector.createSchedule(SDFDirector.java:418)
	at ptolemy.domains.sdf.kernel.SDFDirector.preinitialize(SDFDirector.java:764)
	at ptolemy.actor.CompositeActor.preinitialize(CompositeActor.java:1828)
	at ptolemy.actor.Director.preinitialize(Director.java:1302)
	at ptolemy.actor.Director.preinitialize(Director.java:1257)
	at ptolemy.domains.sdf.kernel.SDFDirector.preinitialize(SDFDirector.java:763)
	at ptolemy.actor.CompositeActor.preinitialize(CompositeActor.java:1828)
	at ptolemy.actor.Manager.preinitializeAndResolveTypes(Manager.java:1040)
	at ptolemy.actor.Manager.initialize(Manager.java:710)
	at ptolemy.actor.Manager.execute(Manager.java:356)
	at ptolemy.actor.Manager.run(Manager.java:1263)
	at ptolemy.actor.Manager$PtolemyRunThread.run(Manager.java:1915)
Caused by: ptolemy.kernel.util.IllegalActionException: The SDF rate parameter may change. This is not allowed in SDF models that will be run through the code generator.  If you don't care about code generation, then you might consider setting the allowRateChanges parameter of the SDF director to false.
  in .badRateChanges.typed composite actor.Repeat.output.tokenProductionRate
	at ptolemy.domains.sdf.kernel.SDFScheduler._assertDynamicRateVariable(SDFScheduler.java:931)
	at ptolemy.domains.sdf.kernel.SDFScheduler._checkDynamicRateVariables(SDFScheduler.java:339)
	at ptolemy.domains.sdf.kernel.SDFScheduler._getSchedule(SDFScheduler.java:527)
	at ptolemy.actor.sched.Scheduler.getSchedule(Scheduler.java:189)
	at ptolemy.domains.sdf.kernel.SDFDirector.createSchedule(SDFDirector.java:408)
	... 11 more
java.lang.RuntimeException: Execution failed
	at ptolemy.moml.MoMLSimpleApplication$UnloadThread.run(MoMLSimpleApplication.java:402)
Caused by: ptolemy.kernel.util.IllegalActionException: Failed to compute schedule:
  in .badRateChanges2.typed composite actor.SDF Director
Because:
The SDF rate parameter may change. This is not allowed in SDF models that will be run through the code generator.  If you don't care about code generation, then you might consider setting the allowRateChanges parameter of the SDF director to false.
  in .badRateChanges2.typed composite actor.Repeat.output.tokenProductionRate
	at ptolemy.domains.sdf.kernel.SDFDirector.createSchedule(SDFDirector.java:418)
	at ptolemy.domains.sdf.kernel.SDFDirector.preinitialize(SDFDirector.java:764)
	at ptolemy.actor.CompositeActor.preinitialize(CompositeActor.java:1828)
	at ptolemy.actor.Director.preinitialize(Director.java:1302)
	at ptolemy.actor.Director.preinitialize(Director.java:1257)
	at ptolemy.domains.sdf.kernel.SDFDirector.preinitialize(SDFDirector.java:763)
	at ptolemy.actor.CompositeActor.preinitialize(CompositeActor.java:1828)
	at ptolemy.actor.Manager.preinitializeAndResolveTypes(Manager.java:1040)
	at ptolemy.actor.Manager.initialize(Manager.java:710)
	at ptolemy.actor.Manager.execute(Manager.java:356)
	at ptolemy.actor.Manager.run(Manager.java:1263)
	at ptolemy.actor.Manager$PtolemyRunThread.run(Manager.java:1915)
Caused by: ptolemy.kernel.util.IllegalActionException: The SDF rate parameter may change. This is not allowed in SDF models that will be run through the code generator.  If you don't care about code generation, then you might consider setting the allowRateChanges parameter of the SDF director to false.
  in .badRateChanges2.typed composite actor.Repeat.output.tokenProductionRate
	at ptolemy.domains.sdf.kernel.SDFScheduler._assertDynamicRateVariable(SDFScheduler.java:931)
	at ptolemy.domains.sdf.kernel.SDFScheduler._checkDynamicRateVariables(SDFScheduler.java:339)
	at ptolemy.domains.sdf.kernel.SDFScheduler._getSchedule(SDFScheduler.java:527)
	at ptolemy.actor.sched.Scheduler.getSchedule(Scheduler.java:189)
	at ptolemy.domains.sdf.kernel.SDFDirector.createSchedule(SDFDirector.java:408)
	... 11 more
java.lang.RuntimeException: Execution failed
	at ptolemy.moml.MoMLSimpleApplication$UnloadThread.run(MoMLSimpleApplication.java:402)
Caused by: ptolemy.actor.sched.NotSchedulableException: Actors remain that cannot be scheduled!

There are several possible reasons:
* SDF Graphs with feedback loops should have an actor with a delay in the loop, such as a SampleDelay.
* The SDF director has an "allowDisconnectedGraphs"parameter, which, when true, permits disconnected SDF graphs.
* The token consumption rate and production rates might be mismatched.
Usually, actors produce one token or consume one token on a port.  To produce or consume multiple tokens per firing, add a "tokenConsumptionRate" or "tokenProductionRate" parameter to the appropriate port.
Unscheduled actors:
.partiallyConnected.Const2 
Scheduled actors:
.partiallyConnected.Const 
  in .partiallyConnected.SDF Director.Scheduler
	at ptolemy.domains.sdf.kernel.SDFScheduler._scheduleConnectedActors(SDFScheduler.java:1828)
	at ptolemy.domains.sdf.kernel.SDFScheduler._getSchedule(SDFScheduler.java:587)
	at ptolemy.actor.sched.Scheduler.getSchedule(Scheduler.java:189)
	at ptolemy.domains.sdf.kernel.SDFDirector.createSchedule(SDFDirector.java:408)
	at ptolemy.domains.sdf.kernel.SDFDirector.preinitialize(SDFDirector.java:764)
	at ptolemy.actor.CompositeActor.preinitialize(CompositeActor.java:1828)
	at ptolemy.actor.Manager.preinitializeAndResolveTypes(Manager.java:1040)
	at ptolemy.actor.Manager.initialize(Manager.java:710)
	at ptolemy.actor.Manager.execute(Manager.java:356)
	at ptolemy.actor.Manager.run(Manager.java:1263)
	at ptolemy.actor.Manager$PtolemyRunThread.run(Manager.java:1915)
]]></system-err>
</testsuite>
