<?xml version="1.0" encoding="UTF-8" ?>
<testsuite errors="0" failures="0" hostname="travis-job-18d9b5d4-0689-496d-ab81-5c0d0d243afd" name="ptolemy.domains.continuous.test.junit.JUnitTclTest" skipped="0" tests="156" time="77.996" timestamp="2019-06-24T01:49:11">
  <properties>
[...]
</properties>
  <testcase classname="ptolemy.util.test.junit.TclTests" name="[0] ThereAreNoTclTests (RunTclFile)" time="0.008" />
  <testcase classname="ptolemy.util.test.junit.AutoKnownFailedTests" name="[0] ThereAreNoKnowFailedTests (RunModel)" time="0.002" />
  <testcase classname="ptolemy.util.test.junit.AutoNameArchTests" name="[0] ThereAreNoAutoArchTests (RunModel)" time="0.026" />
  <testcase classname="ptolemy.util.test.junit.AutoTests" name="[0] /home/travis/build/icyphy/ptII/ptolemy/domains/continuous/test/auto/BouncingBall.xml (RunModel)" time="3.153" />
  <testcase classname="ptolemy.util.test.junit.AutoTests" name="[1] /home/travis/build/icyphy/ptII/ptolemy/domains/continuous/test/auto/BouncingBallWithoutGR.xml (RunModel)" time="0.821" />
  <testcase classname="ptolemy.util.test.junit.AutoTests" name="[2] /home/travis/build/icyphy/ptII/ptolemy/domains/continuous/test/auto/Brownian.xml (RunModel)" time="0.117" />
  <testcase classname="ptolemy.util.test.junit.AutoTests" name="[3] /home/travis/build/icyphy/ptII/ptolemy/domains/continuous/test/auto/CarTracking.xml (RunModel)" time="4.57" />
  <testcase classname="ptolemy.util.test.junit.AutoTests" name="[4] /home/travis/build/icyphy/ptII/ptolemy/domains/continuous/test/auto/CartPendulum.xml (RunModel)" time="0.635" />
  <testcase classname="ptolemy.util.test.junit.AutoTests" name="[5] /home/travis/build/icyphy/ptII/ptolemy/domains/continuous/test/auto/CausalityInterface10.xml (RunModel)" time="0.065" />
  <testcase classname="ptolemy.util.test.junit.AutoTests" name="[6] /home/travis/build/icyphy/ptII/ptolemy/domains/continuous/test/auto/CausalityInterface11.xml (RunModel)" time="0.032" />
  <testcase classname="ptolemy.util.test.junit.AutoTests" name="[7] /home/travis/build/icyphy/ptII/ptolemy/domains/continuous/test/auto/CausalityInterface12.xml (RunModel)" time="0.038" />
  <testcase classname="ptolemy.util.test.junit.AutoTests" name="[8] /home/travis/build/icyphy/ptII/ptolemy/domains/continuous/test/auto/CausalityInterface13.xml (RunModel)" time="0.043" />
  <testcase classname="ptolemy.util.test.junit.AutoTests" name="[9] /home/travis/build/icyphy/ptII/ptolemy/domains/continuous/test/auto/CausalityInterface14.xml (RunModel)" time="0.026" />
  <testcase classname="ptolemy.util.test.junit.AutoTests" name="[10] /home/travis/build/icyphy/ptII/ptolemy/domains/continuous/test/auto/CausalityInterface4.xml (RunModel)" time="0.035" />
  <testcase classname="ptolemy.util.test.junit.AutoTests" name="[11] /home/travis/build/icyphy/ptII/ptolemy/domains/continuous/test/auto/CausalityInterface5.xml (RunModel)" time="0.037" />
  <testcase classname="ptolemy.util.test.junit.AutoTests" name="[12] /home/travis/build/icyphy/ptII/ptolemy/domains/continuous/test/auto/CausalityInterface6.xml (RunModel)" time="0.04" />
  <testcase classname="ptolemy.util.test.junit.AutoTests" name="[13] /home/travis/build/icyphy/ptII/ptolemy/domains/continuous/test/auto/CausalityInterface7.xml (RunModel)" time="0.041" />
  <testcase classname="ptolemy.util.test.junit.AutoTests" name="[14] /home/travis/build/icyphy/ptII/ptolemy/domains/continuous/test/auto/CausalityInterface8.xml (RunModel)" time="0.032" />
  <testcase classname="ptolemy.util.test.junit.AutoTests" name="[15] /home/travis/build/icyphy/ptII/ptolemy/domains/continuous/test/auto/CausalityInterface9.xml (RunModel)" time="0.053" />
  <testcase classname="ptolemy.util.test.junit.AutoTests" name="[16] /home/travis/build/icyphy/ptII/ptolemy/domains/continuous/test/auto/CausalityInterfaceFeedback1.xml (RunModel)" time="0.029" />
  <testcase classname="ptolemy.util.test.junit.AutoTests" name="[17] /home/travis/build/icyphy/ptII/ptolemy/domains/continuous/test/auto/CausalityInterfaceFeedback2.xml (RunModel)" time="0.041" />
  <testcase classname="ptolemy.util.test.junit.AutoTests" name="[18] /home/travis/build/icyphy/ptII/ptolemy/domains/continuous/test/auto/CompareWithCurrentTime.xml (RunModel)" time="0.013" />
  <testcase classname="ptolemy.util.test.junit.AutoTests" name="[19] /home/travis/build/icyphy/ptII/ptolemy/domains/continuous/test/auto/ComparedClocks.xml (RunModel)" time="0.081" />
  <testcase classname="ptolemy.util.test.junit.AutoTests" name="[20] /home/travis/build/icyphy/ptII/ptolemy/domains/continuous/test/auto/ContinuousAOCClone.xml (RunModel)" time="2.723" />
  <testcase classname="ptolemy.util.test.junit.AutoTests" name="[21] /home/travis/build/icyphy/ptII/ptolemy/domains/continuous/test/auto/ContinuousClock.xml (RunModel)" time="0.109" />
  <testcase classname="ptolemy.util.test.junit.AutoTests" name="[22] /home/travis/build/icyphy/ptII/ptolemy/domains/continuous/test/auto/ContinuousInContinuous.xml (RunModel)" time="0.119" />
  <testcase classname="ptolemy.util.test.junit.AutoTests" name="[23] /home/travis/build/icyphy/ptII/ptolemy/domains/continuous/test/auto/ContinuousInContinuousInContinuous.xml (RunModel)" time="0.037" />
  <testcase classname="ptolemy.util.test.junit.AutoTests" name="[24] /home/travis/build/icyphy/ptII/ptolemy/domains/continuous/test/auto/ContinuousInDE.xml (RunModel)" time="0.136" />
  <testcase classname="ptolemy.util.test.junit.AutoTests" name="[25] /home/travis/build/icyphy/ptII/ptolemy/domains/continuous/test/auto/ContinuousInDE2.xml (RunModel)" time="0.058" />
  <testcase classname="ptolemy.util.test.junit.AutoTests" name="[26] /home/travis/build/icyphy/ptII/ptolemy/domains/continuous/test/auto/ContinuousInDE3.xml (RunModel)" time="0.063" />
  <testcase classname="ptolemy.util.test.junit.AutoTests" name="[27] /home/travis/build/icyphy/ptII/ptolemy/domains/continuous/test/auto/ContinuousInDE4.xml (RunModel)" time="0.033" />
  <testcase classname="ptolemy.util.test.junit.AutoTests" name="[28] /home/travis/build/icyphy/ptII/ptolemy/domains/continuous/test/auto/ContinuousInDEDifferentRefinements.xml (RunModel)" time="0.1" />
  <testcase classname="ptolemy.util.test.junit.AutoTests" name="[29] /home/travis/build/icyphy/ptII/ptolemy/domains/continuous/test/auto/ContinuousInDEDifferentRefinementsPreemptive.xml (RunModel)" time="0.089" />
  <testcase classname="ptolemy.util.test.junit.AutoTests" name="[30] /home/travis/build/icyphy/ptII/ptolemy/domains/continuous/test/auto/ContinuousInDEInContinuous2.xml (RunModel)" time="0.058" />
  <testcase classname="ptolemy.util.test.junit.AutoTests" name="[31] /home/travis/build/icyphy/ptII/ptolemy/domains/continuous/test/auto/ContinuousInDEInContinuous3.xml (RunModel)" time="0.06" />
  <testcase classname="ptolemy.util.test.junit.AutoTests" name="[32] /home/travis/build/icyphy/ptII/ptolemy/domains/continuous/test/auto/ContinuousInDEInput.xml (RunModel)" time="0.038" />
  <testcase classname="ptolemy.util.test.junit.AutoTests" name="[33] /home/travis/build/icyphy/ptII/ptolemy/domains/continuous/test/auto/ContinuousInDEInput2.xml (RunModel)" time="0.033" />
  <testcase classname="ptolemy.util.test.junit.AutoTests" name="[34] /home/travis/build/icyphy/ptII/ptolemy/domains/continuous/test/auto/ContinuousInDEInput3.xml (RunModel)" time="0.032" />
  <testcase classname="ptolemy.util.test.junit.AutoTests" name="[35] /home/travis/build/icyphy/ptII/ptolemy/domains/continuous/test/auto/ContinuousInDESharingRefinement.xml (RunModel)" time="0.184" />
  <testcase classname="ptolemy.util.test.junit.AutoTests" name="[36] /home/travis/build/icyphy/ptII/ptolemy/domains/continuous/test/auto/ContinuousInDEwithNoPorts.xml (RunModel)" time="0.014" />
  <testcase classname="ptolemy.util.test.junit.AutoTests" name="[37] /home/travis/build/icyphy/ptII/ptolemy/domains/continuous/test/auto/ContinuousInsideDE.xml (RunModel)" time="0.086" />
  <testcase classname="ptolemy.util.test.junit.AutoTests" name="[38] /home/travis/build/icyphy/ptII/ptolemy/domains/continuous/test/auto/ContinuousMerge1.xml (RunModel)" time="0.022" />
  <testcase classname="ptolemy.util.test.junit.AutoTests" name="[39] /home/travis/build/icyphy/ptII/ptolemy/domains/continuous/test/auto/ContinuousMerge2.xml (RunModel)" time="0.053" />
  <testcase classname="ptolemy.util.test.junit.AutoTests" name="[40] /home/travis/build/icyphy/ptII/ptolemy/domains/continuous/test/auto/ContinuousMerge3.xml (RunModel)" time="0.072" />
  <testcase classname="ptolemy.util.test.junit.AutoTests" name="[41] /home/travis/build/icyphy/ptII/ptolemy/domains/continuous/test/auto/ContinuousWithinContinuous.xml (RunModel)" time="0.067" />
  <testcase classname="ptolemy.util.test.junit.AutoTests" name="[42] /home/travis/build/icyphy/ptII/ptolemy/domains/continuous/test/auto/ContinuousWithinContinuous2.xml (RunModel)" time="0.091" />
  <testcase classname="ptolemy.util.test.junit.AutoTests" name="[43] /home/travis/build/icyphy/ptII/ptolemy/domains/continuous/test/auto/ContinuousWithinContinuous3.xml (RunModel)" time="0.032" />
  <testcase classname="ptolemy.util.test.junit.AutoTests" name="[44] /home/travis/build/icyphy/ptII/ptolemy/domains/continuous/test/auto/ContinuousWithinContinuous4.xml (RunModel)" time="0.101" />
  <testcase classname="ptolemy.util.test.junit.AutoTests" name="[45] /home/travis/build/icyphy/ptII/ptolemy/domains/continuous/test/auto/ContinuousWithinContinuous5.xml (RunModel)" time="0.033" />
  <testcase classname="ptolemy.util.test.junit.AutoTests" name="[46] /home/travis/build/icyphy/ptII/ptolemy/domains/continuous/test/auto/ContinuousWithinContinuous6.xml (RunModel)" time="0.037" />
  <testcase classname="ptolemy.util.test.junit.AutoTests" name="[47] /home/travis/build/icyphy/ptII/ptolemy/domains/continuous/test/auto/ContinuousWithinContinuous7.xml (RunModel)" time="0.08" />
  <testcase classname="ptolemy.util.test.junit.AutoTests" name="[48] /home/travis/build/icyphy/ptII/ptolemy/domains/continuous/test/auto/DCMotor.xml (RunModel)" time="14.239" />
  <testcase classname="ptolemy.util.test.junit.AutoTests" name="[49] /home/travis/build/icyphy/ptII/ptolemy/domains/continuous/test/auto/DEInContinuous.xml (RunModel)" time="0.036" />
  <testcase classname="ptolemy.util.test.junit.AutoTests" name="[50] /home/travis/build/icyphy/ptII/ptolemy/domains/continuous/test/auto/DEinContinuous2.xml (RunModel)" time="0.03" />
  <testcase classname="ptolemy.util.test.junit.AutoTests" name="[51] /home/travis/build/icyphy/ptII/ptolemy/domains/continuous/test/auto/Derivative.xml (RunModel)" time="0.208" />
  <testcase classname="ptolemy.util.test.junit.AutoTests" name="[52] /home/travis/build/icyphy/ptII/ptolemy/domains/continuous/test/auto/Derivative1.xml (RunModel)" time="0.049" />
  <testcase classname="ptolemy.util.test.junit.AutoTests" name="[53] /home/travis/build/icyphy/ptII/ptolemy/domains/continuous/test/auto/DiscreteClock.xml (RunModel)" time="0.02" />
  <testcase classname="ptolemy.util.test.junit.AutoTests" name="[54] /home/travis/build/icyphy/ptII/ptolemy/domains/continuous/test/auto/EfficiencyCurve.xml (RunModel)" time="0.09" />
  <testcase classname="ptolemy.util.test.junit.AutoTests" name="[55] /home/travis/build/icyphy/ptII/ptolemy/domains/continuous/test/auto/ExponentialResponse.xml (RunModel)" time="0.126" />
  <testcase classname="ptolemy.util.test.junit.AutoTests" name="[56] /home/travis/build/icyphy/ptII/ptolemy/domains/continuous/test/auto/ExponentialResponseRK45.xml (RunModel)" time="0.039" />
  <testcase classname="ptolemy.util.test.junit.AutoTests" name="[57] /home/travis/build/icyphy/ptII/ptolemy/domains/continuous/test/auto/Friction.xml (RunModel)" time="1.698" />
  <testcase classname="ptolemy.util.test.junit.AutoTests" name="[58] /home/travis/build/icyphy/ptII/ptolemy/domains/continuous/test/auto/FurutaPendulum.xml (RunModel)" time="3.536" />
  <testcase classname="ptolemy.util.test.junit.AutoTests" name="[59] /home/travis/build/icyphy/ptII/ptolemy/domains/continuous/test/auto/HierarchicalExecution.xml (RunModel)" time="2.0" />
  <testcase classname="ptolemy.util.test.junit.AutoTests" name="[60] /home/travis/build/icyphy/ptII/ptolemy/domains/continuous/test/auto/HybridPlant.xml (RunModel)" time="0.549" />
  <testcase classname="ptolemy.util.test.junit.AutoTests" name="[61] /home/travis/build/icyphy/ptII/ptolemy/domains/continuous/test/auto/Hysteresis.xml (RunModel)" time="0.189" />
  <testcase classname="ptolemy.util.test.junit.AutoTests" name="[62] /home/travis/build/icyphy/ptII/ptolemy/domains/continuous/test/auto/HysteresisWithRandomDelay.xml (RunModel)" time="0.242" />
  <testcase classname="ptolemy.util.test.junit.AutoTests" name="[63] /home/travis/build/icyphy/ptII/ptolemy/domains/continuous/test/auto/HysteresisWithRandomLosses.xml (RunModel)" time="2.377" />
  <testcase classname="ptolemy.util.test.junit.AutoTests" name="[64] /home/travis/build/icyphy/ptII/ptolemy/domains/continuous/test/auto/ImmediateTransitions.xml (RunModel)" time="0.035" />
  <testcase classname="ptolemy.util.test.junit.AutoTests" name="[65] /home/travis/build/icyphy/ptII/ptolemy/domains/continuous/test/auto/ImpulseFeedback.xml (RunModel)" time="0.016" />
  <testcase classname="ptolemy.util.test.junit.AutoTests" name="[66] /home/travis/build/icyphy/ptII/ptolemy/domains/continuous/test/auto/ImpulseFeedback2.xml (RunModel)" time="0.019" />
  <testcase classname="ptolemy.util.test.junit.AutoTests" name="[67] /home/travis/build/icyphy/ptII/ptolemy/domains/continuous/test/auto/IncreasingRatePoisson.xml (RunModel)" time="0.734" />
  <testcase classname="ptolemy.util.test.junit.AutoTests" name="[68] /home/travis/build/icyphy/ptII/ptolemy/domains/continuous/test/auto/InitialStateFeedback.xml (RunModel)" time="0.015" />
  <testcase classname="ptolemy.util.test.junit.AutoTests" name="[69] /home/travis/build/icyphy/ptII/ptolemy/domains/continuous/test/auto/Integration.xml (RunModel)" time="0.015" />
  <testcase classname="ptolemy.util.test.junit.AutoTests" name="[70] /home/travis/build/icyphy/ptII/ptolemy/domains/continuous/test/auto/Integration2.xml (RunModel)" time="0.095" />
  <testcase classname="ptolemy.util.test.junit.AutoTests" name="[71] /home/travis/build/icyphy/ptII/ptolemy/domains/continuous/test/auto/Integration3.xml (RunModel)" time="0.012" />
  <testcase classname="ptolemy.util.test.junit.AutoTests" name="[72] /home/travis/build/icyphy/ptII/ptolemy/domains/continuous/test/auto/Integration5.xml (RunModel)" time="0.024" />
  <testcase classname="ptolemy.util.test.junit.AutoTests" name="[73] /home/travis/build/icyphy/ptII/ptolemy/domains/continuous/test/auto/IntegratorImpulse.xml (RunModel)" time="0.012" />
  <testcase classname="ptolemy.util.test.junit.AutoTests" name="[74] /home/travis/build/icyphy/ptII/ptolemy/domains/continuous/test/auto/IntegratorImpulse2.xml (RunModel)" time="0.011" />
  <testcase classname="ptolemy.util.test.junit.AutoTests" name="[75] /home/travis/build/icyphy/ptII/ptolemy/domains/continuous/test/auto/LevelCrossing1.xml (RunModel)" time="0.011" />
  <testcase classname="ptolemy.util.test.junit.AutoTests" name="[76] /home/travis/build/icyphy/ptII/ptolemy/domains/continuous/test/auto/LevelCrossing2.xml (RunModel)" time="0.019" />
  <testcase classname="ptolemy.util.test.junit.AutoTests" name="[77] /home/travis/build/icyphy/ptII/ptolemy/domains/continuous/test/auto/LevelCrossing3.xml (RunModel)" time="0.01" />
  <testcase classname="ptolemy.util.test.junit.AutoTests" name="[78] /home/travis/build/icyphy/ptII/ptolemy/domains/continuous/test/auto/LevelCrossing4.xml (RunModel)" time="0.012" />
  <testcase classname="ptolemy.util.test.junit.AutoTests" name="[79] /home/travis/build/icyphy/ptII/ptolemy/domains/continuous/test/auto/LevelCrossing5.xml (RunModel)" time="0.012" />
  <testcase classname="ptolemy.util.test.junit.AutoTests" name="[80] /home/travis/build/icyphy/ptII/ptolemy/domains/continuous/test/auto/LevelCrossing6.xml (RunModel)" time="0.011" />
  <testcase classname="ptolemy.util.test.junit.AutoTests" name="[81] /home/travis/build/icyphy/ptII/ptolemy/domains/continuous/test/auto/LevelCrossingDetector.xml (RunModel)" time="0.039" />
  <testcase classname="ptolemy.util.test.junit.AutoTests" name="[82] /home/travis/build/icyphy/ptII/ptolemy/domains/continuous/test/auto/LevelCrossingDetectorDetectingDirections.xml (RunModel)" time="0.086" />
  <testcase classname="ptolemy.util.test.junit.AutoTests" name="[83] /home/travis/build/icyphy/ptII/ptolemy/domains/continuous/test/auto/LevelCrossingDetectorDetectsGlitches.xml (RunModel)" time="0.06" />
  <testcase classname="ptolemy.util.test.junit.AutoTests" name="[84] /home/travis/build/icyphy/ptII/ptolemy/domains/continuous/test/auto/LevelCrossingNoInitialOuput.xml (RunModel)" time="0.031" />
  <testcase classname="ptolemy.util.test.junit.AutoTests" name="[85] /home/travis/build/icyphy/ptII/ptolemy/domains/continuous/test/auto/LinearStateSpaceExample.xml (RunModel)" time="0.067" />
  <testcase classname="ptolemy.util.test.junit.AutoTests" name="[86] /home/travis/build/icyphy/ptII/ptolemy/domains/continuous/test/auto/Lorenz.xml (RunModel)" time="4.272" />
  <testcase classname="ptolemy.util.test.junit.AutoTests" name="[87] /home/travis/build/icyphy/ptII/ptolemy/domains/continuous/test/auto/LorenzDifferentialSystem.xml (RunModel)" time="1.259" />
  <testcase classname="ptolemy.util.test.junit.AutoTests" name="[88] /home/travis/build/icyphy/ptII/ptolemy/domains/continuous/test/auto/LorenzDifferentialSystemWithInput.xml (RunModel)" time="1.337" />
  <testcase classname="ptolemy.util.test.junit.AutoTests" name="[89] /home/travis/build/icyphy/ptII/ptolemy/domains/continuous/test/auto/LorenzDifferentialSystemWithTime.xml (RunModel)" time="0.723" />
  <testcase classname="ptolemy.util.test.junit.AutoTests" name="[90] /home/travis/build/icyphy/ptII/ptolemy/domains/continuous/test/auto/Microsteps.xml (RunModel)" time="0.023" />
  <testcase classname="ptolemy.util.test.junit.AutoTests" name="[91] /home/travis/build/icyphy/ptII/ptolemy/domains/continuous/test/auto/Modal1.xml (RunModel)" time="0.037" />
  <testcase classname="ptolemy.util.test.junit.AutoTests" name="[92] /home/travis/build/icyphy/ptII/ptolemy/domains/continuous/test/auto/Modal2.xml (RunModel)" time="0.057" />
  <testcase classname="ptolemy.util.test.junit.AutoTests" name="[93] /home/travis/build/icyphy/ptII/ptolemy/domains/continuous/test/auto/ModalTransitionGuardWithReset.xml (RunModel)" time="0.027" />
  <testcase classname="ptolemy.util.test.junit.AutoTests" name="[94] /home/travis/build/icyphy/ptII/ptolemy/domains/continuous/test/auto/ModalTransitionGuardWithResetUsingPreemptiveTransition.xml (RunModel)" time="0.032" />
  <testcase classname="ptolemy.util.test.junit.AutoTests" name="[95] /home/travis/build/icyphy/ptII/ptolemy/domains/continuous/test/auto/ModalTransitionGuardWithResetUsingPreemptiveTransition2.xml (RunModel)" time="0.028" />
  <testcase classname="ptolemy.util.test.junit.AutoTests" name="[96] /home/travis/build/icyphy/ptII/ptolemy/domains/continuous/test/auto/ModalTransitionGuardWithResetUsingPreemptiveTransition3.xml (RunModel)" time="0.023" />
  <testcase classname="ptolemy.util.test.junit.AutoTests" name="[97] /home/travis/build/icyphy/ptII/ptolemy/domains/continuous/test/auto/NewtonsCradle.xml (RunModel)" time="0.809" />
  <testcase classname="ptolemy.util.test.junit.AutoTests" name="[98] /home/travis/build/icyphy/ptII/ptolemy/domains/continuous/test/auto/NewtonsCradleAnimated.xml (RunModel)" time="1.333" />
  <testcase classname="ptolemy.util.test.junit.AutoTests" name="[99] /home/travis/build/icyphy/ptII/ptolemy/domains/continuous/test/auto/NewtonsCradleComplicated.xml (RunModel)" time="0.903" />
  <testcase classname="ptolemy.util.test.junit.AutoTests" name="[100] /home/travis/build/icyphy/ptII/ptolemy/domains/continuous/test/auto/NewtonsCradleNondeterministic.xml (RunModel)" time="0.889" />
  <testcase classname="ptolemy.util.test.junit.AutoTests" name="[101] /home/travis/build/icyphy/ptII/ptolemy/domains/continuous/test/auto/NewtonsCradlePerfectlyInelastic1.xml (RunModel)" time="1.249" />
  <testcase classname="ptolemy.util.test.junit.AutoTests" name="[102] /home/travis/build/icyphy/ptII/ptolemy/domains/continuous/test/auto/Noise.xml (RunModel)" time="0.224" />
  <testcase classname="ptolemy.util.test.junit.AutoTests" name="[103] /home/travis/build/icyphy/ptII/ptolemy/domains/continuous/test/auto/NoiseSpectrum.xml (RunModel)" time="0.814" />
  <testcase classname="ptolemy.util.test.junit.AutoTests" name="[104] /home/travis/build/icyphy/ptII/ptolemy/domains/continuous/test/auto/ParameterizedNewtonsCradleAnimated.xml (RunModel)" time="0.387" />
  <testcase classname="ptolemy.util.test.junit.AutoTests" name="[105] /home/travis/build/icyphy/ptII/ptolemy/domains/continuous/test/auto/ParameterizedNewtonsCradleAnimatedNondeterministic.xml (RunModel)" time="1.209" />
  <testcase classname="ptolemy.util.test.junit.AutoTests" name="[106] /home/travis/build/icyphy/ptII/ptolemy/domains/continuous/test/auto/Pendulum3D.xml (RunModel)" time="0.193" />
  <testcase classname="ptolemy.util.test.junit.AutoTests" name="[107] /home/travis/build/icyphy/ptII/ptolemy/domains/continuous/test/auto/PeriodicSampler.xml (RunModel)" time="0.011" />
  <testcase classname="ptolemy.util.test.junit.AutoTests" name="[108] /home/travis/build/icyphy/ptII/ptolemy/domains/continuous/test/auto/PeriodicSampler1.xml (RunModel)" time="0.048" />
  <testcase classname="ptolemy.util.test.junit.AutoTests" name="[109] /home/travis/build/icyphy/ptII/ptolemy/domains/continuous/test/auto/PeriodicSampler2.xml (RunModel)" time="0.095" />
  <testcase classname="ptolemy.util.test.junit.AutoTests" name="[110] /home/travis/build/icyphy/ptII/ptolemy/domains/continuous/test/auto/Poisson.xml (RunModel)" time="0.471" />
  <testcase classname="ptolemy.util.test.junit.AutoTests" name="[111] /home/travis/build/icyphy/ptII/ptolemy/domains/continuous/test/auto/PoissonClock.xml (RunModel)" time="0.012" />
  <testcase classname="ptolemy.util.test.junit.AutoTests" name="[112] /home/travis/build/icyphy/ptII/ptolemy/domains/continuous/test/auto/PoissonClock2.xml (RunModel)" time="0.012" />
  <testcase classname="ptolemy.util.test.junit.AutoTests" name="[113] /home/travis/build/icyphy/ptII/ptolemy/domains/continuous/test/auto/PortParameterHierarchy.xml (RunModel)" time="0.027" />
  <testcase classname="ptolemy.util.test.junit.AutoTests" name="[114] /home/travis/build/icyphy/ptII/ptolemy/domains/continuous/test/auto/RandomHybridPlant.xml (RunModel)" time="0.521" />
  <testcase classname="ptolemy.util.test.junit.AutoTests" name="[115] /home/travis/build/icyphy/ptII/ptolemy/domains/continuous/test/auto/ResetTransitionWithStartTime1.xml (RunModel)" time="0.031" />
  <testcase classname="ptolemy.util.test.junit.AutoTests" name="[116] /home/travis/build/icyphy/ptII/ptolemy/domains/continuous/test/auto/ResetTransitionWithStartTime2.xml (RunModel)" time="0.035" />
  <testcase classname="ptolemy.util.test.junit.AutoTests" name="[117] /home/travis/build/icyphy/ptII/ptolemy/domains/continuous/test/auto/ResetTransitionWithStartTime3.xml (RunModel)" time="0.037" />
  <testcase classname="ptolemy.util.test.junit.AutoTests" name="[118] /home/travis/build/icyphy/ptII/ptolemy/domains/continuous/test/auto/ResetTransitionWithStartTime4.xml (RunModel)" time="0.032" />
  <testcase classname="ptolemy.util.test.junit.AutoTests" name="[119] /home/travis/build/icyphy/ptII/ptolemy/domains/continuous/test/auto/ResetTransitionWithStartTime5.xml (RunModel)" time="0.036" />
  <testcase classname="ptolemy.util.test.junit.AutoTests" name="[120] /home/travis/build/icyphy/ptII/ptolemy/domains/continuous/test/auto/ResetTransitionWithStartTime6.xml (RunModel)" time="0.024" />
  <testcase classname="ptolemy.util.test.junit.AutoTests" name="[121] /home/travis/build/icyphy/ptII/ptolemy/domains/continuous/test/auto/SRinContinuous.xml (RunModel)" time="0.025" />
  <testcase classname="ptolemy.util.test.junit.AutoTests" name="[122] /home/travis/build/icyphy/ptII/ptolemy/domains/continuous/test/auto/SampledClocks.xml (RunModel)" time="0.035" />
  <testcase classname="ptolemy.util.test.junit.AutoTests" name="[123] /home/travis/build/icyphy/ptII/ptolemy/domains/continuous/test/auto/Satellite.xml (RunModel)" time="0.883" />
  <testcase classname="ptolemy.util.test.junit.AutoTests" name="[124] /home/travis/build/icyphy/ptII/ptolemy/domains/continuous/test/auto/SigmaDelta.xml (RunModel)" time="2.648" />
  <testcase classname="ptolemy.util.test.junit.AutoTests" name="[125] /home/travis/build/icyphy/ptII/ptolemy/domains/continuous/test/auto/SingleRefinement.xml (RunModel)" time="0.495" />
  <testcase classname="ptolemy.util.test.junit.AutoTests" name="[126] /home/travis/build/icyphy/ptII/ptolemy/domains/continuous/test/auto/SinuBouncingBall.xml (RunModel)" time="0.859" />
  <testcase classname="ptolemy.util.test.junit.AutoTests" name="[127] /home/travis/build/icyphy/ptII/ptolemy/domains/continuous/test/auto/Sinusoid.xml (RunModel)" time="0.017" />
  <testcase classname="ptolemy.util.test.junit.AutoTests" name="[128] /home/travis/build/icyphy/ptII/ptolemy/domains/continuous/test/auto/SinusoidInNoise.xml (RunModel)" time="1.042" />
  <testcase classname="ptolemy.util.test.junit.AutoTests" name="[129] /home/travis/build/icyphy/ptII/ptolemy/domains/continuous/test/auto/SinusoidRK45.xml (RunModel)" time="0.01" />
  <testcase classname="ptolemy.util.test.junit.AutoTests" name="[130] /home/travis/build/icyphy/ptII/ptolemy/domains/continuous/test/auto/SinusoidWithMultipleImpulses.xml (RunModel)" time="0.011" />
  <testcase classname="ptolemy.util.test.junit.AutoTests" name="[131] /home/travis/build/icyphy/ptII/ptolemy/domains/continuous/test/auto/SquareWave.xml (RunModel)" time="0.205" />
  <testcase classname="ptolemy.util.test.junit.AutoTests" name="[132] /home/travis/build/icyphy/ptII/ptolemy/domains/continuous/test/auto/Starmac.xml (RunModel)" time="3.392" />
  <testcase classname="ptolemy.util.test.junit.AutoTests" name="[133] /home/travis/build/icyphy/ptII/ptolemy/domains/continuous/test/auto/StaticUnits.xml (RunModel)" time="2.967" />
  <testcase classname="ptolemy.util.test.junit.AutoTests" name="[134] /home/travis/build/icyphy/ptII/ptolemy/domains/continuous/test/auto/StickyMasses.xml (RunModel)" time="0.196" />
  <testcase classname="ptolemy.util.test.junit.AutoTests" name="[135] /home/travis/build/icyphy/ptII/ptolemy/domains/continuous/test/auto/StopTime.xml (RunModel)" time="0.085" />
  <testcase classname="ptolemy.util.test.junit.AutoTests" name="[136] /home/travis/build/icyphy/ptII/ptolemy/domains/continuous/test/auto/StopTime2.xml (RunModel)" time="0.053" />
  <testcase classname="ptolemy.util.test.junit.AutoTests" name="[137] /home/travis/build/icyphy/ptII/ptolemy/domains/continuous/test/auto/Switch.xml (RunModel)" time="0.061" />
  <testcase classname="ptolemy.util.test.junit.AutoTests" name="[138] /home/travis/build/icyphy/ptII/ptolemy/domains/continuous/test/auto/Thermostat.xml (RunModel)" time="0.208" />
  <testcase classname="ptolemy.util.test.junit.AutoTests" name="[139] /home/travis/build/icyphy/ptII/ptolemy/domains/continuous/test/auto/TimeDelay.xml (RunModel)" time="0.017" />
  <testcase classname="ptolemy.util.test.junit.AutoTests" name="[140] /home/travis/build/icyphy/ptII/ptolemy/domains/continuous/test/auto/TimeDelay2.xml (RunModel)" time="0.042" />
  <testcase classname="ptolemy.util.test.junit.AutoTests" name="[141] /home/travis/build/icyphy/ptII/ptolemy/domains/continuous/test/auto/TimeDelay3.xml (RunModel)" time="0.01" />
  <testcase classname="ptolemy.util.test.junit.AutoTests" name="[142] /home/travis/build/icyphy/ptII/ptolemy/domains/continuous/test/auto/TransferAbsentToInside.xml (RunModel)" time="0.092" />
  <testcase classname="ptolemy.util.test.junit.AutoTests" name="[143] /home/travis/build/icyphy/ptII/ptolemy/domains/continuous/test/auto/Transmission.xml (RunModel)" time="0.795" />
  <testcase classname="ptolemy.util.test.junit.AutoTests" name="[144] /home/travis/build/icyphy/ptII/ptolemy/domains/continuous/test/auto/TriggeredContinuousClock.xml (RunModel)" time="0.069" />
  <testcase classname="ptolemy.util.test.junit.AutoTests" name="[145] /home/travis/build/icyphy/ptII/ptolemy/domains/continuous/test/auto/TwoMachineInfiniteBusControl.xml (RunModel)" time="3.245" />
  <testcase classname="ptolemy.util.test.junit.AutoTests" name="[146] /home/travis/build/icyphy/ptII/ptolemy/domains/continuous/test/auto/V2V.xml (RunModel)" time="0.886" />
  <testcase classname="ptolemy.util.test.junit.AutoTests" name="[147] /home/travis/build/icyphy/ptII/ptolemy/domains/continuous/test/auto/hierarchicalModalModel.xml (RunModel)" time="0.031" />
  <testcase classname="ptolemy.util.test.junit.AutoTests" name="[148] /home/travis/build/icyphy/ptII/ptolemy/domains/continuous/test/auto/hierarchicalModalModel1.xml (RunModel)" time="0.029" />
  <testcase classname="ptolemy.util.test.junit.AutoTests" name="[149] /home/travis/build/icyphy/ptII/ptolemy/domains/continuous/test/auto/hierarchicalModalModel2.xml (RunModel)" time="0.026" />
  <testcase classname="ptolemy.util.test.junit.AutoTests" name="[150] /home/travis/build/icyphy/ptII/ptolemy/domains/continuous/test/auto/hierarchicalModalModel3.xml (RunModel)" time="0.024" />
  <testcase classname="ptolemy.util.test.junit.AutoTests" name="[151] /home/travis/build/icyphy/ptII/ptolemy/domains/continuous/test/auto/hierarchicalModalModel4.xml (RunModel)" time="0.025" />
  <testcase classname="ptolemy.util.test.junit.AutoTests" name="[152] /home/travis/build/icyphy/ptII/ptolemy/domains/continuous/test/auto/junk.xml (RunModel)" time="0.143" />
  <system-out><![CDATA[No tcl tests in /home/travis/build/icyphy/ptII/ptolemy/domains/continuous/test
No auto/knownFailedTests/*.xml tests in /home/travis/build/icyphy/ptII/ptolemy/domains/continuous/test
No auto/linux-amd64/*.xml tests in /home/travis/build/icyphy/ptII/ptolemy/domains/continuous/test
AutoTests.java: About to close Vertx.
AutoTests.java: Vertx closed.

===========================================================================================
----------------- testing Mon Jun 24 01:49:11 UTC 2019 /home/travis/build/icyphy/ptII/ptolemy/domains/continuous/test/auto/BouncingBall.xml
----------------- Instantiating /home/travis/build/icyphy/ptII/ptolemy/domains/continuous/test/auto/BouncingBall.xml
2428 ms. Memory: 205824K Free: 78501K (38%)
----------------- Invoking toplevel() on ptolemy.moml.MoMLSimpleApplication@30f18ba6
----------------- Done invoking toplevel() on ptolemy.moml.MoMLSimpleApplication@30f18ba6
reloadAllAccessors: .BouncingBall

===========================================================================================
----------------- testing Mon Jun 24 01:49:14 UTC 2019 /home/travis/build/icyphy/ptII/ptolemy/domains/continuous/test/auto/BouncingBallWithoutGR.xml
----------------- Instantiating /home/travis/build/icyphy/ptII/ptolemy/domains/continuous/test/auto/BouncingBallWithoutGR.xml
711 ms. Memory: 205824K Free: 137159K (67%)
----------------- Invoking toplevel() on ptolemy.moml.MoMLSimpleApplication@761d5a21
----------------- Done invoking toplevel() on ptolemy.moml.MoMLSimpleApplication@761d5a21
reloadAllAccessors: .BouncingBallWithoutGR

===========================================================================================
----------------- testing Mon Jun 24 01:49:15 UTC 2019 /home/travis/build/icyphy/ptII/ptolemy/domains/continuous/test/auto/Brownian.xml
----------------- Instantiating /home/travis/build/icyphy/ptII/ptolemy/domains/continuous/test/auto/Brownian.xml
39 ms. Memory: 205824K Free: 128453K (62%)
----------------- Invoking toplevel() on ptolemy.moml.MoMLSimpleApplication@1377e9c5
----------------- Done invoking toplevel() on ptolemy.moml.MoMLSimpleApplication@1377e9c5
reloadAllAccessors: .Brownian

===========================================================================================
----------------- testing Mon Jun 24 01:49:15 UTC 2019 /home/travis/build/icyphy/ptII/ptolemy/domains/continuous/test/auto/CarTracking.xml
----------------- Instantiating /home/travis/build/icyphy/ptII/ptolemy/domains/continuous/test/auto/CarTracking.xml
4007 ms. Memory: 247808K Free: 112665K (45%)
----------------- Invoking toplevel() on ptolemy.moml.MoMLSimpleApplication@7b895d23
----------------- Done invoking toplevel() on ptolemy.moml.MoMLSimpleApplication@7b895d23
reloadAllAccessors: .CarTracking

===========================================================================================
----------------- testing Mon Jun 24 01:49:20 UTC 2019 /home/travis/build/icyphy/ptII/ptolemy/domains/continuous/test/auto/CartPendulum.xml
----------------- Instantiating /home/travis/build/icyphy/ptII/ptolemy/domains/continuous/test/auto/CartPendulum.xml
431 ms. Memory: 305152K Free: 223870K (73%)
----------------- Invoking toplevel() on ptolemy.moml.MoMLSimpleApplication@3d6aa9e6
----------------- Done invoking toplevel() on ptolemy.moml.MoMLSimpleApplication@3d6aa9e6
reloadAllAccessors: .CartPendulum

===========================================================================================
----------------- testing Mon Jun 24 01:49:21 UTC 2019 /home/travis/build/icyphy/ptII/ptolemy/domains/continuous/test/auto/CausalityInterface10.xml
----------------- Instantiating /home/travis/build/icyphy/ptII/ptolemy/domains/continuous/test/auto/CausalityInterface10.xml
12 ms. Memory: 305152K Free: 213630K (70%)
----------------- Invoking toplevel() on ptolemy.moml.MoMLSimpleApplication@72d5986f
----------------- Done invoking toplevel() on ptolemy.moml.MoMLSimpleApplication@72d5986f
reloadAllAccessors: .CausalityInterface10

===========================================================================================
----------------- testing Mon Jun 24 01:49:21 UTC 2019 /home/travis/build/icyphy/ptII/ptolemy/domains/continuous/test/auto/CausalityInterface11.xml
----------------- Instantiating /home/travis/build/icyphy/ptII/ptolemy/domains/continuous/test/auto/CausalityInterface11.xml
7 ms. Memory: 305152K Free: 207486K (68%)
----------------- Invoking toplevel() on ptolemy.moml.MoMLSimpleApplication@59ae48a4
----------------- Done invoking toplevel() on ptolemy.moml.MoMLSimpleApplication@59ae48a4
reloadAllAccessors: .CausalityInterface11

===========================================================================================
----------------- testing Mon Jun 24 01:49:21 UTC 2019 /home/travis/build/icyphy/ptII/ptolemy/domains/continuous/test/auto/CausalityInterface12.xml
----------------- Instantiating /home/travis/build/icyphy/ptII/ptolemy/domains/continuous/test/auto/CausalityInterface12.xml
9 ms. Memory: 305152K Free: 201342K (66%)
----------------- Invoking toplevel() on ptolemy.moml.MoMLSimpleApplication@cf79d3
----------------- Done invoking toplevel() on ptolemy.moml.MoMLSimpleApplication@cf79d3
reloadAllAccessors: .CausalityInterface12

===========================================================================================
----------------- testing Mon Jun 24 01:49:21 UTC 2019 /home/travis/build/icyphy/ptII/ptolemy/domains/continuous/test/auto/CausalityInterface13.xml
----------------- Instantiating /home/travis/build/icyphy/ptII/ptolemy/domains/continuous/test/auto/CausalityInterface13.xml
8 ms. Memory: 305152K Free: 195198K (64%)
----------------- Invoking toplevel() on ptolemy.moml.MoMLSimpleApplication@339ea1da
----------------- Done invoking toplevel() on ptolemy.moml.MoMLSimpleApplication@339ea1da
reloadAllAccessors: .CausalityInterface13

===========================================================================================
----------------- testing Mon Jun 24 01:49:21 UTC 2019 /home/travis/build/icyphy/ptII/ptolemy/domains/continuous/test/auto/CausalityInterface14.xml
----------------- Instantiating /home/travis/build/icyphy/ptII/ptolemy/domains/continuous/test/auto/CausalityInterface14.xml
2 ms. Memory: 305152K Free: 189550K (62%)
----------------- Invoking toplevel() on ptolemy.moml.MoMLSimpleApplication@da3a583
----------------- Done invoking toplevel() on ptolemy.moml.MoMLSimpleApplication@da3a583
reloadAllAccessors: .CausalityInterface14

===========================================================================================
----------------- testing Mon Jun 24 01:49:21 UTC 2019 /home/travis/build/icyphy/ptII/ptolemy/domains/continuous/test/auto/CausalityInterface4.xml
----------------- Instantiating /home/travis/build/icyphy/ptII/ptolemy/domains/continuous/test/auto/CausalityInterface4.xml
5 ms. Memory: 305152K Free: 182910K (60%)
----------------- Invoking toplevel() on ptolemy.moml.MoMLSimpleApplication@198f5d53
----------------- Done invoking toplevel() on ptolemy.moml.MoMLSimpleApplication@198f5d53
reloadAllAccessors: .CausalityInterface4

===========================================================================================
----------------- testing Mon Jun 24 01:49:21 UTC 2019 /home/travis/build/icyphy/ptII/ptolemy/domains/continuous/test/auto/CausalityInterface5.xml
----------------- Instantiating /home/travis/build/icyphy/ptII/ptolemy/domains/continuous/test/auto/CausalityInterface5.xml
8 ms. Memory: 305152K Free: 174718K (57%)
----------------- Invoking toplevel() on ptolemy.moml.MoMLSimpleApplication@15006f61
----------------- Done invoking toplevel() on ptolemy.moml.MoMLSimpleApplication@15006f61
reloadAllAccessors: .CausalityInterface5

===========================================================================================
----------------- testing Mon Jun 24 01:49:21 UTC 2019 /home/travis/build/icyphy/ptII/ptolemy/domains/continuous/test/auto/CausalityInterface6.xml
----------------- Instantiating /home/travis/build/icyphy/ptII/ptolemy/domains/continuous/test/auto/CausalityInterface6.xml
8 ms. Memory: 305152K Free: 169598K (56%)
----------------- Invoking toplevel() on ptolemy.moml.MoMLSimpleApplication@b962762
----------------- Done invoking toplevel() on ptolemy.moml.MoMLSimpleApplication@b962762
reloadAllAccessors: .CausalityInterface6

===========================================================================================
----------------- testing Mon Jun 24 01:49:21 UTC 2019 /home/travis/build/icyphy/ptII/ptolemy/domains/continuous/test/auto/CausalityInterface7.xml
----------------- Instantiating /home/travis/build/icyphy/ptII/ptolemy/domains/continuous/test/auto/CausalityInterface7.xml
10 ms. Memory: 305152K Free: 160892K (53%)
----------------- Invoking toplevel() on ptolemy.moml.MoMLSimpleApplication@6112f950
----------------- Done invoking toplevel() on ptolemy.moml.MoMLSimpleApplication@6112f950
reloadAllAccessors: .CausalityInterface7

===========================================================================================
----------------- testing Mon Jun 24 01:49:21 UTC 2019 /home/travis/build/icyphy/ptII/ptolemy/domains/continuous/test/auto/CausalityInterface8.xml
----------------- Instantiating /home/travis/build/icyphy/ptII/ptolemy/domains/continuous/test/auto/CausalityInterface8.xml
6 ms. Memory: 305152K Free: 152190K (50%)
----------------- Invoking toplevel() on ptolemy.moml.MoMLSimpleApplication@62d5040f
----------------- Done invoking toplevel() on ptolemy.moml.MoMLSimpleApplication@62d5040f
reloadAllAccessors: .CausalityInterface8

===========================================================================================
----------------- testing Mon Jun 24 01:49:21 UTC 2019 /home/travis/build/icyphy/ptII/ptolemy/domains/continuous/test/auto/CausalityInterface9.xml
----------------- Instantiating /home/travis/build/icyphy/ptII/ptolemy/domains/continuous/test/auto/CausalityInterface9.xml
13 ms. Memory: 305152K Free: 141436K (46%)
----------------- Invoking toplevel() on ptolemy.moml.MoMLSimpleApplication@f993b15
----------------- Done invoking toplevel() on ptolemy.moml.MoMLSimpleApplication@f993b15
reloadAllAccessors: .CausalityInterface9

===========================================================================================
----------------- testing Mon Jun 24 01:49:21 UTC 2019 /home/travis/build/icyphy/ptII/ptolemy/domains/continuous/test/auto/CausalityInterfaceFeedback1.xml
----------------- Instantiating /home/travis/build/icyphy/ptII/ptolemy/domains/continuous/test/auto/CausalityInterfaceFeedback1.xml
5 ms. Memory: 305152K Free: 134782K (44%)
----------------- Invoking toplevel() on ptolemy.moml.MoMLSimpleApplication@7e58d4d3
----------------- Done invoking toplevel() on ptolemy.moml.MoMLSimpleApplication@7e58d4d3
reloadAllAccessors: .CausalityInterfaceFeedback1

===========================================================================================
----------------- testing Mon Jun 24 01:49:21 UTC 2019 /home/travis/build/icyphy/ptII/ptolemy/domains/continuous/test/auto/CausalityInterfaceFeedback2.xml
----------------- Instantiating /home/travis/build/icyphy/ptII/ptolemy/domains/continuous/test/auto/CausalityInterfaceFeedback2.xml
7 ms. Memory: 305152K Free: 128124K (42%)
----------------- Invoking toplevel() on ptolemy.moml.MoMLSimpleApplication@9ae8ba3
----------------- Done invoking toplevel() on ptolemy.moml.MoMLSimpleApplication@9ae8ba3
reloadAllAccessors: .CausalityInterfaceFeedback2

===========================================================================================
----------------- testing Mon Jun 24 01:49:21 UTC 2019 /home/travis/build/icyphy/ptII/ptolemy/domains/continuous/test/auto/CompareWithCurrentTime.xml
----------------- Instantiating /home/travis/build/icyphy/ptII/ptolemy/domains/continuous/test/auto/CompareWithCurrentTime.xml
3 ms. Memory: 305152K Free: 124028K (41%)
----------------- Invoking toplevel() on ptolemy.moml.MoMLSimpleApplication@57f88bdd
----------------- Done invoking toplevel() on ptolemy.moml.MoMLSimpleApplication@57f88bdd
reloadAllAccessors: .CompareWithCurrentTime

===========================================================================================
----------------- testing Mon Jun 24 01:49:21 UTC 2019 /home/travis/build/icyphy/ptII/ptolemy/domains/continuous/test/auto/ComparedClocks.xml
----------------- Instantiating /home/travis/build/icyphy/ptII/ptolemy/domains/continuous/test/auto/ComparedClocks.xml
6 ms. Memory: 305152K Free: 287745K (94%)
----------------- Invoking toplevel() on ptolemy.moml.MoMLSimpleApplication@657fec79
----------------- Done invoking toplevel() on ptolemy.moml.MoMLSimpleApplication@657fec79
reloadAllAccessors: .ComparedClocks

===========================================================================================
----------------- testing Mon Jun 24 01:49:21 UTC 2019 /home/travis/build/icyphy/ptII/ptolemy/domains/continuous/test/auto/ContinuousAOCClone.xml
----------------- Instantiating /home/travis/build/icyphy/ptII/ptolemy/domains/continuous/test/auto/ContinuousAOCClone.xml
2517 ms. Memory: 305152K Free: 134602K (44%)
----------------- Invoking toplevel() on ptolemy.moml.MoMLSimpleApplication@41e19f16
----------------- Done invoking toplevel() on ptolemy.moml.MoMLSimpleApplication@41e19f16
reloadAllAccessors: .ContinuousAOCClone

===========================================================================================
----------------- testing Mon Jun 24 01:49:24 UTC 2019 /home/travis/build/icyphy/ptII/ptolemy/domains/continuous/test/auto/ContinuousClock.xml
----------------- Instantiating /home/travis/build/icyphy/ptII/ptolemy/domains/continuous/test/auto/ContinuousClock.xml
67 ms. Memory: 305152K Free: 113098K (37%)
----------------- Invoking toplevel() on ptolemy.moml.MoMLSimpleApplication@437208b4
----------------- Done invoking toplevel() on ptolemy.moml.MoMLSimpleApplication@437208b4
reloadAllAccessors: .ContinuousClock

===========================================================================================
----------------- testing Mon Jun 24 01:49:24 UTC 2019 /home/travis/build/icyphy/ptII/ptolemy/domains/continuous/test/auto/ContinuousInContinuous.xml
----------------- Instantiating /home/travis/build/icyphy/ptII/ptolemy/domains/continuous/test/auto/ContinuousInContinuous.xml
53 ms. Memory: 366592K Free: 331219K (90%)
----------------- Invoking toplevel() on ptolemy.moml.MoMLSimpleApplication@41e623e0
----------------- Done invoking toplevel() on ptolemy.moml.MoMLSimpleApplication@41e623e0
reloadAllAccessors: .ContinuousInContinuous

===========================================================================================
----------------- testing Mon Jun 24 01:49:24 UTC 2019 /home/travis/build/icyphy/ptII/ptolemy/domains/continuous/test/auto/ContinuousInContinuousInContinuous.xml
----------------- Instantiating /home/travis/build/icyphy/ptII/ptolemy/domains/continuous/test/auto/ContinuousInContinuousInContinuous.xml
10 ms. Memory: 366592K Free: 323537K (88%)
----------------- Invoking toplevel() on ptolemy.moml.MoMLSimpleApplication@79e40a4a
----------------- Done invoking toplevel() on ptolemy.moml.MoMLSimpleApplication@79e40a4a
reloadAllAccessors: .ContinuousInContinuousInContinuous

===========================================================================================
----------------- testing Mon Jun 24 01:49:24 UTC 2019 /home/travis/build/icyphy/ptII/ptolemy/domains/continuous/test/auto/ContinuousInDE.xml
----------------- Instantiating /home/travis/build/icyphy/ptII/ptolemy/domains/continuous/test/auto/ContinuousInDE.xml
104 ms. Memory: 366592K Free: 313297K (85%)
----------------- Invoking toplevel() on ptolemy.moml.MoMLSimpleApplication@4087b97e
----------------- Done invoking toplevel() on ptolemy.moml.MoMLSimpleApplication@4087b97e
reloadAllAccessors: .ContinuousInDE

===========================================================================================
----------------- testing Mon Jun 24 01:49:24 UTC 2019 /home/travis/build/icyphy/ptII/ptolemy/domains/continuous/test/auto/ContinuousInDE2.xml
----------------- Instantiating /home/travis/build/icyphy/ptII/ptolemy/domains/continuous/test/auto/ContinuousInDE2.xml
42 ms. Memory: 366592K Free: 303571K (83%)
----------------- Invoking toplevel() on ptolemy.moml.MoMLSimpleApplication@1391aac6
----------------- Done invoking toplevel() on ptolemy.moml.MoMLSimpleApplication@1391aac6
reloadAllAccessors: .ContinuousInDE2

===========================================================================================
----------------- testing Mon Jun 24 01:49:24 UTC 2019 /home/travis/build/icyphy/ptII/ptolemy/domains/continuous/test/auto/ContinuousInDE3.xml
----------------- Instantiating /home/travis/build/icyphy/ptII/ptolemy/domains/continuous/test/auto/ContinuousInDE3.xml
42 ms. Memory: 366592K Free: 293841K (80%)
----------------- Invoking toplevel() on ptolemy.moml.MoMLSimpleApplication@5708382e
----------------- Done invoking toplevel() on ptolemy.moml.MoMLSimpleApplication@5708382e
reloadAllAccessors: .ContinuousInDE3

===========================================================================================
----------------- testing Mon Jun 24 01:49:25 UTC 2019 /home/travis/build/icyphy/ptII/ptolemy/domains/continuous/test/auto/ContinuousInDE4.xml
----------------- Instantiating /home/travis/build/icyphy/ptII/ptolemy/domains/continuous/test/auto/ContinuousInDE4.xml
16 ms. Memory: 366592K Free: 287697K (78%)
----------------- Invoking toplevel() on ptolemy.moml.MoMLSimpleApplication@33e38fb5
----------------- Done invoking toplevel() on ptolemy.moml.MoMLSimpleApplication@33e38fb5
reloadAllAccessors: .ContinuousInDE4

===========================================================================================
----------------- testing Mon Jun 24 01:49:25 UTC 2019 /home/travis/build/icyphy/ptII/ptolemy/domains/continuous/test/auto/ContinuousInDEDifferentRefinements.xml
----------------- Instantiating /home/travis/build/icyphy/ptII/ptolemy/domains/continuous/test/auto/ContinuousInDEDifferentRefinements.xml
56 ms. Memory: 366592K Free: 256963K (70%)
----------------- Invoking toplevel() on ptolemy.moml.MoMLSimpleApplication@5ac8fff5
----------------- Done invoking toplevel() on ptolemy.moml.MoMLSimpleApplication@5ac8fff5
reloadAllAccessors: .ContinuousInDEDifferentRefinements

===========================================================================================
----------------- testing Mon Jun 24 01:49:25 UTC 2019 /home/travis/build/icyphy/ptII/ptolemy/domains/continuous/test/auto/ContinuousInDEDifferentRefinementsPreemptive.xml
----------------- Instantiating /home/travis/build/icyphy/ptII/ptolemy/domains/continuous/test/auto/ContinuousInDEDifferentRefinementsPreemptive.xml
47 ms. Memory: 366592K Free: 226257K (62%)
----------------- Invoking toplevel() on ptolemy.moml.MoMLSimpleApplication@1fb898c2
----------------- Done invoking toplevel() on ptolemy.moml.MoMLSimpleApplication@1fb898c2
reloadAllAccessors: .ContinuousInDEDifferentRefinementsPreemptive

===========================================================================================
----------------- testing Mon Jun 24 01:49:25 UTC 2019 /home/travis/build/icyphy/ptII/ptolemy/domains/continuous/test/auto/ContinuousInDEInContinuous2.xml
----------------- Instantiating /home/travis/build/icyphy/ptII/ptolemy/domains/continuous/test/auto/ContinuousInDEInContinuous2.xml
34 ms. Memory: 366592K Free: 214993K (59%)
----------------- Invoking toplevel() on ptolemy.moml.MoMLSimpleApplication@7ebede74
----------------- Done invoking toplevel() on ptolemy.moml.MoMLSimpleApplication@7ebede74
reloadAllAccessors: .ContinuousInDEInContinuous2

===========================================================================================
----------------- testing Mon Jun 24 01:49:25 UTC 2019 /home/travis/build/icyphy/ptII/ptolemy/domains/continuous/test/auto/ContinuousInDEInContinuous3.xml
----------------- Instantiating /home/travis/build/icyphy/ptII/ptolemy/domains/continuous/test/auto/ContinuousInDEInContinuous3.xml
37 ms. Memory: 366592K Free: 203219K (55%)
----------------- Invoking toplevel() on ptolemy.moml.MoMLSimpleApplication@44ae9b18
----------------- Done invoking toplevel() on ptolemy.moml.MoMLSimpleApplication@44ae9b18
reloadAllAccessors: .ContinuousInDEInContinuous3

===========================================================================================
----------------- testing Mon Jun 24 01:49:25 UTC 2019 /home/travis/build/icyphy/ptII/ptolemy/domains/continuous/test/auto/ContinuousInDEInput.xml
----------------- Instantiating /home/travis/build/icyphy/ptII/ptolemy/domains/continuous/test/auto/ContinuousInDEInput.xml
19 ms. Memory: 366592K Free: 196051K (53%)
----------------- Invoking toplevel() on ptolemy.moml.MoMLSimpleApplication@13ae4512
----------------- Done invoking toplevel() on ptolemy.moml.MoMLSimpleApplication@13ae4512
reloadAllAccessors: .ContinuousInDEInput

===========================================================================================
----------------- testing Mon Jun 24 01:49:25 UTC 2019 /home/travis/build/icyphy/ptII/ptolemy/domains/continuous/test/auto/ContinuousInDEInput2.xml
----------------- Instantiating /home/travis/build/icyphy/ptII/ptolemy/domains/continuous/test/auto/ContinuousInDEInput2.xml
16 ms. Memory: 366592K Free: 188883K (52%)
----------------- Invoking toplevel() on ptolemy.moml.MoMLSimpleApplication@556d330d
----------------- Done invoking toplevel() on ptolemy.moml.MoMLSimpleApplication@556d330d
reloadAllAccessors: .ContinuousInDEInput2

===========================================================================================
----------------- testing Mon Jun 24 01:49:25 UTC 2019 /home/travis/build/icyphy/ptII/ptolemy/domains/continuous/test/auto/ContinuousInDEInput3.xml
----------------- Instantiating /home/travis/build/icyphy/ptII/ptolemy/domains/continuous/test/auto/ContinuousInDEInput3.xml
16 ms. Memory: 366592K Free: 181715K (50%)
----------------- Invoking toplevel() on ptolemy.moml.MoMLSimpleApplication@4af3352e
----------------- Done invoking toplevel() on ptolemy.moml.MoMLSimpleApplication@4af3352e
reloadAllAccessors: .ContinuousInDEInput3

===========================================================================================
----------------- testing Mon Jun 24 01:49:25 UTC 2019 /home/travis/build/icyphy/ptII/ptolemy/domains/continuous/test/auto/ContinuousInDESharingRefinement.xml
----------------- Instantiating /home/travis/build/icyphy/ptII/ptolemy/domains/continuous/test/auto/ContinuousInDESharingRefinement.xml
157 ms. Memory: 366592K Free: 305074K (83%)
----------------- Invoking toplevel() on ptolemy.moml.MoMLSimpleApplication@6a33fb3e
----------------- Done invoking toplevel() on ptolemy.moml.MoMLSimpleApplication@6a33fb3e
reloadAllAccessors: .ContinuousInDESharingRefinement

===========================================================================================
----------------- testing Mon Jun 24 01:49:25 UTC 2019 /home/travis/build/icyphy/ptII/ptolemy/domains/continuous/test/auto/ContinuousInDEwithNoPorts.xml
----------------- Instantiating /home/travis/build/icyphy/ptII/ptolemy/domains/continuous/test/auto/ContinuousInDEwithNoPorts.xml
2 ms. Memory: 366592K Free: 300482K (82%)
----------------- Invoking toplevel() on ptolemy.moml.MoMLSimpleApplication@62ba2efa
----------------- Done invoking toplevel() on ptolemy.moml.MoMLSimpleApplication@62ba2efa
reloadAllAccessors: .ContinuousInDEwithNoPorts

===========================================================================================
----------------- testing Mon Jun 24 01:49:25 UTC 2019 /home/travis/build/icyphy/ptII/ptolemy/domains/continuous/test/auto/ContinuousInsideDE.xml
----------------- Instantiating /home/travis/build/icyphy/ptII/ptolemy/domains/continuous/test/auto/ContinuousInsideDE.xml
40 ms. Memory: 366592K Free: 289218K (79%)
----------------- Invoking toplevel() on ptolemy.moml.MoMLSimpleApplication@79173fe1
----------------- Done invoking toplevel() on ptolemy.moml.MoMLSimpleApplication@79173fe1
reloadAllAccessors: .ContinuousInsideDE

===========================================================================================
----------------- testing Mon Jun 24 01:49:25 UTC 2019 /home/travis/build/icyphy/ptII/ptolemy/domains/continuous/test/auto/ContinuousMerge1.xml
----------------- Instantiating /home/travis/build/icyphy/ptII/ptolemy/domains/continuous/test/auto/ContinuousMerge1.xml
5 ms. Memory: 366592K Free: 285122K (78%)
----------------- Invoking toplevel() on ptolemy.moml.MoMLSimpleApplication@27407bf5
----------------- Done invoking toplevel() on ptolemy.moml.MoMLSimpleApplication@27407bf5
reloadAllAccessors: .ContinuousMerge1

===========================================================================================
----------------- testing Mon Jun 24 01:49:25 UTC 2019 /home/travis/build/icyphy/ptII/ptolemy/domains/continuous/test/auto/ContinuousMerge2.xml
----------------- Instantiating /home/travis/build/icyphy/ptII/ptolemy/domains/continuous/test/auto/ContinuousMerge2.xml
18 ms. Memory: 366592K Free: 274882K (75%)
----------------- Invoking toplevel() on ptolemy.moml.MoMLSimpleApplication@575f93b3
----------------- Done invoking toplevel() on ptolemy.moml.MoMLSimpleApplication@575f93b3
reloadAllAccessors: .ContinuousMerge2

===========================================================================================
----------------- testing Mon Jun 24 01:49:25 UTC 2019 /home/travis/build/icyphy/ptII/ptolemy/domains/continuous/test/auto/ContinuousMerge3.xml
----------------- Instantiating /home/travis/build/icyphy/ptII/ptolemy/domains/continuous/test/auto/ContinuousMerge3.xml
49 ms. Memory: 366592K Free: 264128K (72%)
----------------- Invoking toplevel() on ptolemy.moml.MoMLSimpleApplication@12bfff96
----------------- Done invoking toplevel() on ptolemy.moml.MoMLSimpleApplication@12bfff96
reloadAllAccessors: .ContinuousMerge3

===========================================================================================
----------------- testing Mon Jun 24 01:49:25 UTC 2019 /home/travis/build/icyphy/ptII/ptolemy/domains/continuous/test/auto/ContinuousWithinContinuous.xml
----------------- Instantiating /home/travis/build/icyphy/ptII/ptolemy/domains/continuous/test/auto/ContinuousWithinContinuous.xml
51 ms. Memory: 366592K Free: 254912K (70%)
----------------- Invoking toplevel() on ptolemy.moml.MoMLSimpleApplication@1d0fc619
----------------- Done invoking toplevel() on ptolemy.moml.MoMLSimpleApplication@1d0fc619
reloadAllAccessors: .ContinuousWithinContinuous

===========================================================================================
----------------- testing Mon Jun 24 01:49:26 UTC 2019 /home/travis/build/icyphy/ptII/ptolemy/domains/continuous/test/auto/ContinuousWithinContinuous2.xml
----------------- Instantiating /home/travis/build/icyphy/ptII/ptolemy/domains/continuous/test/auto/ContinuousWithinContinuous2.xml
77 ms. Memory: 366592K Free: 243138K (66%)
----------------- Invoking toplevel() on ptolemy.moml.MoMLSimpleApplication@68cb921d
----------------- Done invoking toplevel() on ptolemy.moml.MoMLSimpleApplication@68cb921d
reloadAllAccessors: .ContinuousWithinContinuous2

===========================================================================================
----------------- testing Mon Jun 24 01:49:26 UTC 2019 /home/travis/build/icyphy/ptII/ptolemy/domains/continuous/test/auto/ContinuousWithinContinuous3.xml
----------------- Instantiating /home/travis/build/icyphy/ptII/ptolemy/domains/continuous/test/auto/ContinuousWithinContinuous3.xml
14 ms. Memory: 366592K Free: 236480K (65%)
----------------- Invoking toplevel() on ptolemy.moml.MoMLSimpleApplication@618921d2
----------------- Done invoking toplevel() on ptolemy.moml.MoMLSimpleApplication@618921d2
reloadAllAccessors: .ContinuousWithinContinuous3

===========================================================================================
----------------- testing Mon Jun 24 01:49:26 UTC 2019 /home/travis/build/icyphy/ptII/ptolemy/domains/continuous/test/auto/ContinuousWithinContinuous4.xml
----------------- Instantiating /home/travis/build/icyphy/ptII/ptolemy/domains/continuous/test/auto/ContinuousWithinContinuous4.xml
77 ms. Memory: 366592K Free: 224192K (61%)
----------------- Invoking toplevel() on ptolemy.moml.MoMLSimpleApplication@2b1460b3
----------------- Done invoking toplevel() on ptolemy.moml.MoMLSimpleApplication@2b1460b3
reloadAllAccessors: .ContinuousWithinContinuous4

===========================================================================================
----------------- testing Mon Jun 24 01:49:26 UTC 2019 /home/travis/build/icyphy/ptII/ptolemy/domains/continuous/test/auto/ContinuousWithinContinuous5.xml
----------------- Instantiating /home/travis/build/icyphy/ptII/ptolemy/domains/continuous/test/auto/ContinuousWithinContinuous5.xml
13 ms. Memory: 366592K Free: 217024K (59%)
----------------- Invoking toplevel() on ptolemy.moml.MoMLSimpleApplication@5e048d65
----------------- Done invoking toplevel() on ptolemy.moml.MoMLSimpleApplication@5e048d65
reloadAllAccessors: .ContinuousWithinContinuous5

===========================================================================================
----------------- testing Mon Jun 24 01:49:26 UTC 2019 /home/travis/build/icyphy/ptII/ptolemy/domains/continuous/test/auto/ContinuousWithinContinuous6.xml
----------------- Instantiating /home/travis/build/icyphy/ptII/ptolemy/domains/continuous/test/auto/ContinuousWithinContinuous6.xml
13 ms. Memory: 366592K Free: 209856K (57%)
----------------- Invoking toplevel() on ptolemy.moml.MoMLSimpleApplication@6e5c45a5
----------------- Done invoking toplevel() on ptolemy.moml.MoMLSimpleApplication@6e5c45a5
reloadAllAccessors: .ContinuousWithinContinuous6

===========================================================================================
----------------- testing Mon Jun 24 01:49:26 UTC 2019 /home/travis/build/icyphy/ptII/ptolemy/domains/continuous/test/auto/ContinuousWithinContinuous7.xml
----------------- Instantiating /home/travis/build/icyphy/ptII/ptolemy/domains/continuous/test/auto/ContinuousWithinContinuous7.xml
67 ms. Memory: 366592K Free: 198592K (54%)
----------------- Invoking toplevel() on ptolemy.moml.MoMLSimpleApplication@97fbc53
----------------- Done invoking toplevel() on ptolemy.moml.MoMLSimpleApplication@97fbc53
reloadAllAccessors: .ContinuousWithinContinuous7

===========================================================================================
----------------- testing Mon Jun 24 01:49:26 UTC 2019 /home/travis/build/icyphy/ptII/ptolemy/domains/continuous/test/auto/DCMotor.xml
----------------- Instantiating /home/travis/build/icyphy/ptII/ptolemy/domains/continuous/test/auto/DCMotor.xml
14149 ms. Memory: 366592K Free: 219141K (60%)
----------------- Invoking toplevel() on ptolemy.moml.MoMLSimpleApplication@152e2a06
----------------- Done invoking toplevel() on ptolemy.moml.MoMLSimpleApplication@152e2a06
reloadAllAccessors: .DCMotor

===========================================================================================
----------------- testing Mon Jun 24 01:49:40 UTC 2019 /home/travis/build/icyphy/ptII/ptolemy/domains/continuous/test/auto/DEInContinuous.xml
----------------- Instantiating /home/travis/build/icyphy/ptII/ptolemy/domains/continuous/test/auto/DEInContinuous.xml
19 ms. Memory: 366592K Free: 212997K (58%)
----------------- Invoking toplevel() on ptolemy.moml.MoMLSimpleApplication@3f93811b
----------------- Done invoking toplevel() on ptolemy.moml.MoMLSimpleApplication@3f93811b
reloadAllAccessors: .DEInContinuous

===========================================================================================
----------------- testing Mon Jun 24 01:49:40 UTC 2019 /home/travis/build/icyphy/ptII/ptolemy/domains/continuous/test/auto/DEinContinuous2.xml
----------------- Instantiating /home/travis/build/icyphy/ptII/ptolemy/domains/continuous/test/auto/DEinContinuous2.xml
10 ms. Memory: 366592K Free: 204805K (56%)
----------------- Invoking toplevel() on ptolemy.moml.MoMLSimpleApplication@4f82f84d
----------------- Done invoking toplevel() on ptolemy.moml.MoMLSimpleApplication@4f82f84d
reloadAllAccessors: .DEinContinuous2

===========================================================================================
----------------- testing Mon Jun 24 01:49:40 UTC 2019 /home/travis/build/icyphy/ptII/ptolemy/domains/continuous/test/auto/Derivative.xml
----------------- Instantiating /home/travis/build/icyphy/ptII/ptolemy/domains/continuous/test/auto/Derivative.xml
162 ms. Memory: 366592K Free: 176133K (48%)
----------------- Invoking toplevel() on ptolemy.moml.MoMLSimpleApplication@9e62723
----------------- Done invoking toplevel() on ptolemy.moml.MoMLSimpleApplication@9e62723
reloadAllAccessors: .Derivative2

===========================================================================================
----------------- testing Mon Jun 24 01:49:40 UTC 2019 /home/travis/build/icyphy/ptII/ptolemy/domains/continuous/test/auto/Derivative1.xml
----------------- Instantiating /home/travis/build/icyphy/ptII/ptolemy/domains/continuous/test/auto/Derivative1.xml
20 ms. Memory: 366592K Free: 161797K (44%)
----------------- Invoking toplevel() on ptolemy.moml.MoMLSimpleApplication@44165ffb
----------------- Done invoking toplevel() on ptolemy.moml.MoMLSimpleApplication@44165ffb
reloadAllAccessors: .Derivative1

===========================================================================================
----------------- testing Mon Jun 24 01:49:40 UTC 2019 /home/travis/build/icyphy/ptII/ptolemy/domains/continuous/test/auto/DiscreteClock.xml
----------------- Instantiating /home/travis/build/icyphy/ptII/ptolemy/domains/continuous/test/auto/DiscreteClock.xml
5 ms. Memory: 366592K Free: 156677K (43%)
----------------- Invoking toplevel() on ptolemy.moml.MoMLSimpleApplication@5e913098
----------------- Done invoking toplevel() on ptolemy.moml.MoMLSimpleApplication@5e913098
reloadAllAccessors: .DiscreteClock

===========================================================================================
----------------- testing Mon Jun 24 01:49:41 UTC 2019 /home/travis/build/icyphy/ptII/ptolemy/domains/continuous/test/auto/EfficiencyCurve.xml
----------------- Instantiating /home/travis/build/icyphy/ptII/ptolemy/domains/continuous/test/auto/EfficiencyCurve.xml
46 ms. Memory: 366592K Free: 147971K (40%)
----------------- Invoking toplevel() on ptolemy.moml.MoMLSimpleApplication@4fc0cb90
----------------- Done invoking toplevel() on ptolemy.moml.MoMLSimpleApplication@4fc0cb90
reloadAllAccessors: .EfficiencyCurve

===========================================================================================
----------------- testing Mon Jun 24 01:49:41 UTC 2019 /home/travis/build/icyphy/ptII/ptolemy/domains/continuous/test/auto/ExponentialResponse.xml
----------------- Instantiating /home/travis/build/icyphy/ptII/ptolemy/domains/continuous/test/auto/ExponentialResponse.xml
116 ms. Memory: 366592K Free: 350429K (96%)
----------------- Invoking toplevel() on ptolemy.moml.MoMLSimpleApplication@644d15e0
----------------- Done invoking toplevel() on ptolemy.moml.MoMLSimpleApplication@644d15e0
reloadAllAccessors: .ExponentialResponse

===========================================================================================
----------------- testing Mon Jun 24 01:49:41 UTC 2019 /home/travis/build/icyphy/ptII/ptolemy/domains/continuous/test/auto/ExponentialResponseRK45.xml
----------------- Instantiating /home/travis/build/icyphy/ptII/ptolemy/domains/continuous/test/auto/ExponentialResponseRK45.xml
27 ms. Memory: 366592K Free: 343455K (94%)
----------------- Invoking toplevel() on ptolemy.moml.MoMLSimpleApplication@175dddac
----------------- Done invoking toplevel() on ptolemy.moml.MoMLSimpleApplication@175dddac
reloadAllAccessors: .ExponentialResponseRK45

===========================================================================================
----------------- testing Mon Jun 24 01:49:41 UTC 2019 /home/travis/build/icyphy/ptII/ptolemy/domains/continuous/test/auto/Friction.xml
----------------- Instantiating /home/travis/build/icyphy/ptII/ptolemy/domains/continuous/test/auto/Friction.xml
1577 ms. Memory: 366592K Free: 140138K (38%)
----------------- Invoking toplevel() on ptolemy.moml.MoMLSimpleApplication@22a81aa0
----------------- Done invoking toplevel() on ptolemy.moml.MoMLSimpleApplication@22a81aa0
reloadAllAccessors: .Friction

===========================================================================================
----------------- testing Mon Jun 24 01:49:42 UTC 2019 /home/travis/build/icyphy/ptII/ptolemy/domains/continuous/test/auto/FurutaPendulum.xml
----------------- Instantiating /home/travis/build/icyphy/ptII/ptolemy/domains/continuous/test/auto/FurutaPendulum.xml
3402 ms. Memory: 366592K Free: 306222K (84%)
----------------- Invoking toplevel() on ptolemy.moml.MoMLSimpleApplication@30ac197a
----------------- Done invoking toplevel() on ptolemy.moml.MoMLSimpleApplication@30ac197a
reloadAllAccessors: .FurutaPendulum

===========================================================================================
----------------- testing Mon Jun 24 01:49:46 UTC 2019 /home/travis/build/icyphy/ptII/ptolemy/domains/continuous/test/auto/HierarchicalExecution.xml
----------------- Instantiating /home/travis/build/icyphy/ptII/ptolemy/domains/continuous/test/auto/HierarchicalExecution.xml
1732 ms. Memory: 366592K Free: 253705K (69%)
----------------- Invoking toplevel() on ptolemy.moml.MoMLSimpleApplication@6a74bdb2
----------------- Done invoking toplevel() on ptolemy.moml.MoMLSimpleApplication@6a74bdb2
reloadAllAccessors: .HierarchicalExecution

===========================================================================================
----------------- testing Mon Jun 24 01:49:48 UTC 2019 /home/travis/build/icyphy/ptII/ptolemy/domains/continuous/test/auto/HybridPlant.xml
----------------- Instantiating /home/travis/build/icyphy/ptII/ptolemy/domains/continuous/test/auto/HybridPlant.xml
495 ms. Memory: 366592K Free: 207500K (57%)
----------------- Invoking toplevel() on ptolemy.moml.MoMLSimpleApplication@171270ac
----------------- Done invoking toplevel() on ptolemy.moml.MoMLSimpleApplication@171270ac
reloadAllAccessors: .HybridPlant

===========================================================================================
----------------- testing Mon Jun 24 01:49:49 UTC 2019 /home/travis/build/icyphy/ptII/ptolemy/domains/continuous/test/auto/Hysteresis.xml
----------------- Instantiating /home/travis/build/icyphy/ptII/ptolemy/domains/continuous/test/auto/Hysteresis.xml
149 ms. Memory: 366592K Free: 146060K (40%)
----------------- Invoking toplevel() on ptolemy.moml.MoMLSimpleApplication@7a356960
----------------- Done invoking toplevel() on ptolemy.moml.MoMLSimpleApplication@7a356960
reloadAllAccessors: .Hysteresis

===========================================================================================
----------------- testing Mon Jun 24 01:49:49 UTC 2019 /home/travis/build/icyphy/ptII/ptolemy/domains/continuous/test/auto/HysteresisWithRandomDelay.xml
----------------- Instantiating /home/travis/build/icyphy/ptII/ptolemy/domains/continuous/test/auto/HysteresisWithRandomDelay.xml
191 ms. Memory: 366592K Free: 292354K (80%)
----------------- Invoking toplevel() on ptolemy.moml.MoMLSimpleApplication@7e65a86d
----------------- Done invoking toplevel() on ptolemy.moml.MoMLSimpleApplication@7e65a86d
reloadAllAccessors: .HysteresisWithRandomDelay

===========================================================================================
----------------- testing Mon Jun 24 01:49:49 UTC 2019 /home/travis/build/icyphy/ptII/ptolemy/domains/continuous/test/auto/HysteresisWithRandomLosses.xml
----------------- Instantiating /home/travis/build/icyphy/ptII/ptolemy/domains/continuous/test/auto/HysteresisWithRandomLosses.xml
2313 ms. Memory: 366592K Free: 223481K (61%)
----------------- Invoking toplevel() on ptolemy.moml.MoMLSimpleApplication@1086af4c
----------------- Done invoking toplevel() on ptolemy.moml.MoMLSimpleApplication@1086af4c
reloadAllAccessors: .HysteresisWithRandomLosses

===========================================================================================
----------------- testing Mon Jun 24 01:49:51 UTC 2019 /home/travis/build/icyphy/ptII/ptolemy/domains/continuous/test/auto/ImmediateTransitions.xml
----------------- Instantiating /home/travis/build/icyphy/ptII/ptolemy/domains/continuous/test/auto/ImmediateTransitions.xml
10 ms. Memory: 366592K Free: 212223K (58%)
----------------- Invoking toplevel() on ptolemy.moml.MoMLSimpleApplication@3ad83fb0
----------------- Done invoking toplevel() on ptolemy.moml.MoMLSimpleApplication@3ad83fb0
reloadAllAccessors: .ImmediateTransitions

===========================================================================================
----------------- testing Mon Jun 24 01:49:51 UTC 2019 /home/travis/build/icyphy/ptII/ptolemy/domains/continuous/test/auto/ImpulseFeedback.xml
----------------- Instantiating /home/travis/build/icyphy/ptII/ptolemy/domains/continuous/test/auto/ImpulseFeedback.xml
5 ms. Memory: 366592K Free: 206593K (56%)
----------------- Invoking toplevel() on ptolemy.moml.MoMLSimpleApplication@4881cf08
----------------- Done invoking toplevel() on ptolemy.moml.MoMLSimpleApplication@4881cf08
reloadAllAccessors: .ImpulseFeedback

===========================================================================================
----------------- testing Mon Jun 24 01:49:51 UTC 2019 /home/travis/build/icyphy/ptII/ptolemy/domains/continuous/test/auto/ImpulseFeedback2.xml
----------------- Instantiating /home/travis/build/icyphy/ptII/ptolemy/domains/continuous/test/auto/ImpulseFeedback2.xml
4 ms. Memory: 366592K Free: 200959K (55%)
----------------- Invoking toplevel() on ptolemy.moml.MoMLSimpleApplication@3c1a4afe
----------------- Done invoking toplevel() on ptolemy.moml.MoMLSimpleApplication@3c1a4afe
reloadAllAccessors: .ImpulseFeedback2

===========================================================================================
----------------- testing Mon Jun 24 01:49:51 UTC 2019 /home/travis/build/icyphy/ptII/ptolemy/domains/continuous/test/auto/IncreasingRatePoisson.xml
----------------- Instantiating /home/travis/build/icyphy/ptII/ptolemy/domains/continuous/test/auto/IncreasingRatePoisson.xml
716 ms. Memory: 366592K Free: 324459K (89%)
----------------- Invoking toplevel() on ptolemy.moml.MoMLSimpleApplication@6e087bec
----------------- Done invoking toplevel() on ptolemy.moml.MoMLSimpleApplication@6e087bec
reloadAllAccessors: .IncreasingRatePoisson

===========================================================================================
----------------- testing Mon Jun 24 01:49:52 UTC 2019 /home/travis/build/icyphy/ptII/ptolemy/domains/continuous/test/auto/InitialStateFeedback.xml
----------------- Instantiating /home/travis/build/icyphy/ptII/ptolemy/domains/continuous/test/auto/InitialStateFeedback.xml
4 ms. Memory: 366592K Free: 319867K (87%)
----------------- Invoking toplevel() on ptolemy.moml.MoMLSimpleApplication@7e8be30
----------------- Done invoking toplevel() on ptolemy.moml.MoMLSimpleApplication@7e8be30
reloadAllAccessors: .InitialStateFeedback

===========================================================================================
----------------- testing Mon Jun 24 01:49:52 UTC 2019 /home/travis/build/icyphy/ptII/ptolemy/domains/continuous/test/auto/Integration.xml
----------------- Instantiating /home/travis/build/icyphy/ptII/ptolemy/domains/continuous/test/auto/Integration.xml
5 ms. Memory: 366592K Free: 315771K (86%)
----------------- Invoking toplevel() on ptolemy.moml.MoMLSimpleApplication@6c1a6d01
----------------- Done invoking toplevel() on ptolemy.moml.MoMLSimpleApplication@6c1a6d01
reloadAllAccessors: .Integration

===========================================================================================
----------------- testing Mon Jun 24 01:49:52 UTC 2019 /home/travis/build/icyphy/ptII/ptolemy/domains/continuous/test/auto/Integration2.xml
----------------- Instantiating /home/travis/build/icyphy/ptII/ptolemy/domains/continuous/test/auto/Integration2.xml
82 ms. Memory: 366592K Free: 301945K (82%)
----------------- Invoking toplevel() on ptolemy.moml.MoMLSimpleApplication@45df65ef
----------------- Done invoking toplevel() on ptolemy.moml.MoMLSimpleApplication@45df65ef
reloadAllAccessors: .Integration2

===========================================================================================
----------------- testing Mon Jun 24 01:49:52 UTC 2019 /home/travis/build/icyphy/ptII/ptolemy/domains/continuous/test/auto/Integration3.xml
----------------- Instantiating /home/travis/build/icyphy/ptII/ptolemy/domains/continuous/test/auto/Integration3.xml
2 ms. Memory: 366592K Free: 297339K (81%)
----------------- Invoking toplevel() on ptolemy.moml.MoMLSimpleApplication@2892a22e
----------------- Done invoking toplevel() on ptolemy.moml.MoMLSimpleApplication@2892a22e
reloadAllAccessors: .Integration3

===========================================================================================
----------------- testing Mon Jun 24 01:49:52 UTC 2019 /home/travis/build/icyphy/ptII/ptolemy/domains/continuous/test/auto/Integration5.xml
----------------- Instantiating /home/travis/build/icyphy/ptII/ptolemy/domains/continuous/test/auto/Integration5.xml
2 ms. Memory: 366592K Free: 293243K (80%)
----------------- Invoking toplevel() on ptolemy.moml.MoMLSimpleApplication@6f10eee9
----------------- Done invoking toplevel() on ptolemy.moml.MoMLSimpleApplication@6f10eee9
reloadAllAccessors: .Integration5

===========================================================================================
----------------- testing Mon Jun 24 01:49:52 UTC 2019 /home/travis/build/icyphy/ptII/ptolemy/domains/continuous/test/auto/IntegratorImpulse.xml
----------------- Instantiating /home/travis/build/icyphy/ptII/ptolemy/domains/continuous/test/auto/IntegratorImpulse.xml
2 ms. Memory: 366592K Free: 289147K (79%)
----------------- Invoking toplevel() on ptolemy.moml.MoMLSimpleApplication@46c415ef
----------------- Done invoking toplevel() on ptolemy.moml.MoMLSimpleApplication@46c415ef
reloadAllAccessors: .IntegratorImpulse

===========================================================================================
----------------- testing Mon Jun 24 01:49:52 UTC 2019 /home/travis/build/icyphy/ptII/ptolemy/domains/continuous/test/auto/IntegratorImpulse2.xml
----------------- Instantiating /home/travis/build/icyphy/ptII/ptolemy/domains/continuous/test/auto/IntegratorImpulse2.xml
4 ms. Memory: 366592K Free: 284507K (78%)
----------------- Invoking toplevel() on ptolemy.moml.MoMLSimpleApplication@50d9dd74
----------------- Done invoking toplevel() on ptolemy.moml.MoMLSimpleApplication@50d9dd74
reloadAllAccessors: .IntegratorImpulse2

===========================================================================================
----------------- testing Mon Jun 24 01:49:52 UTC 2019 /home/travis/build/icyphy/ptII/ptolemy/domains/continuous/test/auto/LevelCrossing1.xml
----------------- Instantiating /home/travis/build/icyphy/ptII/ptolemy/domains/continuous/test/auto/LevelCrossing1.xml
2 ms. Memory: 366592K Free: 279417K (76%)
----------------- Invoking toplevel() on ptolemy.moml.MoMLSimpleApplication@691f82d9
----------------- Done invoking toplevel() on ptolemy.moml.MoMLSimpleApplication@691f82d9
reloadAllAccessors: .LevelCrossing1

===========================================================================================
----------------- testing Mon Jun 24 01:49:52 UTC 2019 /home/travis/build/icyphy/ptII/ptolemy/domains/continuous/test/auto/LevelCrossing2.xml
----------------- Instantiating /home/travis/build/icyphy/ptII/ptolemy/domains/continuous/test/auto/LevelCrossing2.xml
8 ms. Memory: 366592K Free: 274297K (75%)
----------------- Invoking toplevel() on ptolemy.moml.MoMLSimpleApplication@215b560d
----------------- Done invoking toplevel() on ptolemy.moml.MoMLSimpleApplication@215b560d
reloadAllAccessors: .LevelCrossing2

===========================================================================================
----------------- testing Mon Jun 24 01:49:52 UTC 2019 /home/travis/build/icyphy/ptII/ptolemy/domains/continuous/test/auto/LevelCrossing3.xml
----------------- Instantiating /home/travis/build/icyphy/ptII/ptolemy/domains/continuous/test/auto/LevelCrossing3.xml
2 ms. Memory: 366592K Free: 269177K (73%)
----------------- Invoking toplevel() on ptolemy.moml.MoMLSimpleApplication@3a7d77e5
----------------- Done invoking toplevel() on ptolemy.moml.MoMLSimpleApplication@3a7d77e5
reloadAllAccessors: .LevelCrossing3

===========================================================================================
----------------- testing Mon Jun 24 01:49:52 UTC 2019 /home/travis/build/icyphy/ptII/ptolemy/domains/continuous/test/auto/LevelCrossing4.xml
----------------- Instantiating /home/travis/build/icyphy/ptII/ptolemy/domains/continuous/test/auto/LevelCrossing4.xml
3 ms. Memory: 366592K Free: 264057K (72%)
----------------- Invoking toplevel() on ptolemy.moml.MoMLSimpleApplication@73696f68
----------------- Done invoking toplevel() on ptolemy.moml.MoMLSimpleApplication@73696f68
reloadAllAccessors: .LevelCrossing4

===========================================================================================
----------------- testing Mon Jun 24 01:49:52 UTC 2019 /home/travis/build/icyphy/ptII/ptolemy/domains/continuous/test/auto/LevelCrossing5.xml
----------------- Instantiating /home/travis/build/icyphy/ptII/ptolemy/domains/continuous/test/auto/LevelCrossing5.xml
3 ms. Memory: 366592K Free: 258923K (71%)
----------------- Invoking toplevel() on ptolemy.moml.MoMLSimpleApplication@4fcd8be6
----------------- Done invoking toplevel() on ptolemy.moml.MoMLSimpleApplication@4fcd8be6
reloadAllAccessors: .LevelCrossing5

===========================================================================================
[...]
reloadAllAccessors: .ResetTransitionWithStartTime6

===========================================================================================
----------------- testing Mon Jun 24 01:50:10 UTC 2019 /home/travis/build/icyphy/ptII/ptolemy/domains/continuous/test/auto/SRinContinuous.xml
----------------- Instantiating /home/travis/build/icyphy/ptII/ptolemy/domains/continuous/test/auto/SRinContinuous.xml
4 ms. Memory: 366592K Free: 346043K (94%)
----------------- Invoking toplevel() on ptolemy.moml.MoMLSimpleApplication@5c90cb66
----------------- Done invoking toplevel() on ptolemy.moml.MoMLSimpleApplication@5c90cb66
reloadAllAccessors: .SRinContinuous

===========================================================================================
----------------- testing Mon Jun 24 01:50:10 UTC 2019 /home/travis/build/icyphy/ptII/ptolemy/domains/continuous/test/auto/SampledClocks.xml
----------------- Instantiating /home/travis/build/icyphy/ptII/ptolemy/domains/continuous/test/auto/SampledClocks.xml
8 ms. Memory: 366592K Free: 333241K (91%)
----------------- Invoking toplevel() on ptolemy.moml.MoMLSimpleApplication@15424cda
----------------- Done invoking toplevel() on ptolemy.moml.MoMLSimpleApplication@15424cda
reloadAllAccessors: .SampledClocks

===========================================================================================
----------------- testing Mon Jun 24 01:50:10 UTC 2019 /home/travis/build/icyphy/ptII/ptolemy/domains/continuous/test/auto/Satellite.xml
----------------- Instantiating /home/travis/build/icyphy/ptII/ptolemy/domains/continuous/test/auto/Satellite.xml
863 ms. Memory: 366592K Free: 142777K (39%)
----------------- Invoking toplevel() on ptolemy.moml.MoMLSimpleApplication@6bc977db
----------------- Done invoking toplevel() on ptolemy.moml.MoMLSimpleApplication@6bc977db
reloadAllAccessors: .Satellite

===========================================================================================
----------------- testing Mon Jun 24 01:50:11 UTC 2019 /home/travis/build/icyphy/ptII/ptolemy/domains/continuous/test/auto/SigmaDelta.xml
----------------- Instantiating /home/travis/build/icyphy/ptII/ptolemy/domains/continuous/test/auto/SigmaDelta.xml
2517 ms. Memory: 366592K Free: 319318K (87%)
----------------- Invoking toplevel() on ptolemy.moml.MoMLSimpleApplication@4fa125e7
----------------- Done invoking toplevel() on ptolemy.moml.MoMLSimpleApplication@4fa125e7
reloadAllAccessors: .SigmaDelta

===========================================================================================
----------------- testing Mon Jun 24 01:50:14 UTC 2019 /home/travis/build/icyphy/ptII/ptolemy/domains/continuous/test/auto/SingleRefinement.xml
----------------- Instantiating /home/travis/build/icyphy/ptII/ptolemy/domains/continuous/test/auto/SingleRefinement.xml
347 ms. Memory: 366592K Free: 139080K (38%)
----------------- Invoking toplevel() on ptolemy.moml.MoMLSimpleApplication@779f578d
----------------- Done invoking toplevel() on ptolemy.moml.MoMLSimpleApplication@779f578d
reloadAllAccessors: .SingleRefinement

===========================================================================================
----------------- testing Mon Jun 24 01:50:14 UTC 2019 /home/travis/build/icyphy/ptII/ptolemy/domains/continuous/test/auto/SinuBouncingBall.xml
----------------- Instantiating /home/travis/build/icyphy/ptII/ptolemy/domains/continuous/test/auto/SinuBouncingBall.xml
778 ms. Memory: 366592K Free: 144835K (40%)
----------------- Invoking toplevel() on ptolemy.moml.MoMLSimpleApplication@2dc1ce4c
----------------- Done invoking toplevel() on ptolemy.moml.MoMLSimpleApplication@2dc1ce4c
reloadAllAccessors: .SinuBouncingBall

===========================================================================================
----------------- testing Mon Jun 24 01:50:15 UTC 2019 /home/travis/build/icyphy/ptII/ptolemy/domains/continuous/test/auto/Sinusoid.xml
----------------- Instantiating /home/travis/build/icyphy/ptII/ptolemy/domains/continuous/test/auto/Sinusoid.xml
4 ms. Memory: 366592K Free: 140739K (38%)
----------------- Invoking toplevel() on ptolemy.moml.MoMLSimpleApplication@53dbcb07
----------------- Done invoking toplevel() on ptolemy.moml.MoMLSimpleApplication@53dbcb07
reloadAllAccessors: .Sinusoid

===========================================================================================
----------------- testing Mon Jun 24 01:50:15 UTC 2019 /home/travis/build/icyphy/ptII/ptolemy/domains/continuous/test/auto/SinusoidInNoise.xml
----------------- Instantiating /home/travis/build/icyphy/ptII/ptolemy/domains/continuous/test/auto/SinusoidInNoise.xml
998 ms. Memory: 366592K Free: 226967K (62%)
----------------- Invoking toplevel() on ptolemy.moml.MoMLSimpleApplication@119faad6
----------------- Done invoking toplevel() on ptolemy.moml.MoMLSimpleApplication@119faad6
reloadAllAccessors: .SinusoidInNoise

===========================================================================================
----------------- testing Mon Jun 24 01:50:16 UTC 2019 /home/travis/build/icyphy/ptII/ptolemy/domains/continuous/test/auto/SinusoidRK45.xml
----------------- Instantiating /home/travis/build/icyphy/ptII/ptolemy/domains/continuous/test/auto/SinusoidRK45.xml
2 ms. Memory: 366592K Free: 222841K (61%)
----------------- Invoking toplevel() on ptolemy.moml.MoMLSimpleApplication@4786a29d
----------------- Done invoking toplevel() on ptolemy.moml.MoMLSimpleApplication@4786a29d
reloadAllAccessors: .SinusoidRK45

===========================================================================================
----------------- testing Mon Jun 24 01:50:16 UTC 2019 /home/travis/build/icyphy/ptII/ptolemy/domains/continuous/test/auto/SinusoidWithMultipleImpulses.xml
----------------- Instantiating /home/travis/build/icyphy/ptII/ptolemy/domains/continuous/test/auto/SinusoidWithMultipleImpulses.xml
3 ms. Memory: 366592K Free: 218265K (60%)
----------------- Invoking toplevel() on ptolemy.moml.MoMLSimpleApplication@21f40426
----------------- Done invoking toplevel() on ptolemy.moml.MoMLSimpleApplication@21f40426
reloadAllAccessors: .SinusoidWithMultipleImpulses

===========================================================================================
----------------- testing Mon Jun 24 01:50:16 UTC 2019 /home/travis/build/icyphy/ptII/ptolemy/domains/continuous/test/auto/SquareWave.xml
----------------- Instantiating /home/travis/build/icyphy/ptII/ptolemy/domains/continuous/test/auto/SquareWave.xml
171 ms. Memory: 366592K Free: 191641K (52%)
----------------- Invoking toplevel() on ptolemy.moml.MoMLSimpleApplication@199151b1
----------------- Done invoking toplevel() on ptolemy.moml.MoMLSimpleApplication@199151b1
reloadAllAccessors: .SquareWave

===========================================================================================
----------------- testing Mon Jun 24 01:50:16 UTC 2019 /home/travis/build/icyphy/ptII/ptolemy/domains/continuous/test/auto/Starmac.xml
----------------- Instantiating /home/travis/build/icyphy/ptII/ptolemy/domains/continuous/test/auto/Starmac.xml
3067 ms. Memory: 366592K Free: 314300K (86%)
----------------- Invoking toplevel() on ptolemy.moml.MoMLSimpleApplication@23aa107
----------------- Done invoking toplevel() on ptolemy.moml.MoMLSimpleApplication@23aa107
reloadAllAccessors: .Starmac

===========================================================================================
----------------- testing Mon Jun 24 01:50:20 UTC 2019 /home/travis/build/icyphy/ptII/ptolemy/domains/continuous/test/auto/StaticUnits.xml
----------------- Instantiating /home/travis/build/icyphy/ptII/ptolemy/domains/continuous/test/auto/StaticUnits.xml
2206 ms. Memory: 440320K Free: 363751K (83%)
----------------- Invoking toplevel() on ptolemy.moml.MoMLSimpleApplication@7f30b762
----------------- Done invoking toplevel() on ptolemy.moml.MoMLSimpleApplication@7f30b762
reloadAllAccessors: .StaticUnits

===========================================================================================
----------------- testing Mon Jun 24 01:50:23 UTC 2019 /home/travis/build/icyphy/ptII/ptolemy/domains/continuous/test/auto/StickyMasses.xml
----------------- Instantiating /home/travis/build/icyphy/ptII/ptolemy/domains/continuous/test/auto/StickyMasses.xml
132 ms. Memory: 440320K Free: 314089K (71%)
----------------- Invoking toplevel() on ptolemy.moml.MoMLSimpleApplication@58f11f44
----------------- Done invoking toplevel() on ptolemy.moml.MoMLSimpleApplication@58f11f44
reloadAllAccessors: .StickyMasses

===========================================================================================
----------------- testing Mon Jun 24 01:50:23 UTC 2019 /home/travis/build/icyphy/ptII/ptolemy/domains/continuous/test/auto/StopTime.xml
----------------- Instantiating /home/travis/build/icyphy/ptII/ptolemy/domains/continuous/test/auto/StopTime.xml
41 ms. Memory: 440320K Free: 289513K (66%)
----------------- Invoking toplevel() on ptolemy.moml.MoMLSimpleApplication@7d53667f
----------------- Done invoking toplevel() on ptolemy.moml.MoMLSimpleApplication@7d53667f
reloadAllAccessors: .StopTime

===========================================================================================
----------------- testing Mon Jun 24 01:50:23 UTC 2019 /home/travis/build/icyphy/ptII/ptolemy/domains/continuous/test/auto/StopTime2.xml
----------------- Instantiating /home/travis/build/icyphy/ptII/ptolemy/domains/continuous/test/auto/StopTime2.xml
33 ms. Memory: 440320K Free: 268009K (61%)
----------------- Invoking toplevel() on ptolemy.moml.MoMLSimpleApplication@79840139
----------------- Done invoking toplevel() on ptolemy.moml.MoMLSimpleApplication@79840139
reloadAllAccessors: .StopTime2

===========================================================================================
----------------- testing Mon Jun 24 01:50:23 UTC 2019 /home/travis/build/icyphy/ptII/ptolemy/domains/continuous/test/auto/Switch.xml
----------------- Instantiating /home/travis/build/icyphy/ptII/ptolemy/domains/continuous/test/auto/Switch.xml
41 ms. Memory: 440320K Free: 243433K (55%)
----------------- Invoking toplevel() on ptolemy.moml.MoMLSimpleApplication@1a71dcca
----------------- Done invoking toplevel() on ptolemy.moml.MoMLSimpleApplication@1a71dcca
reloadAllAccessors: .Switch

===========================================================================================
----------------- testing Mon Jun 24 01:50:23 UTC 2019 /home/travis/build/icyphy/ptII/ptolemy/domains/continuous/test/auto/Thermostat.xml
----------------- Instantiating /home/travis/build/icyphy/ptII/ptolemy/domains/continuous/test/auto/Thermostat.xml
183 ms. Memory: 440320K Free: 171753K (39%)
----------------- Invoking toplevel() on ptolemy.moml.MoMLSimpleApplication@12a066c0
----------------- Done invoking toplevel() on ptolemy.moml.MoMLSimpleApplication@12a066c0
reloadAllAccessors: .Thermostat

===========================================================================================
----------------- testing Mon Jun 24 01:50:23 UTC 2019 /home/travis/build/icyphy/ptII/ptolemy/domains/continuous/test/auto/TimeDelay.xml
----------------- Instantiating /home/travis/build/icyphy/ptII/ptolemy/domains/continuous/test/auto/TimeDelay.xml
5 ms. Memory: 440320K Free: 167113K (38%)
----------------- Invoking toplevel() on ptolemy.moml.MoMLSimpleApplication@266fbe14
----------------- Done invoking toplevel() on ptolemy.moml.MoMLSimpleApplication@266fbe14
reloadAllAccessors: .TimeDelay

===========================================================================================
----------------- testing Mon Jun 24 01:50:23 UTC 2019 /home/travis/build/icyphy/ptII/ptolemy/domains/continuous/test/auto/TimeDelay2.xml
----------------- Instantiating /home/travis/build/icyphy/ptII/ptolemy/domains/continuous/test/auto/TimeDelay2.xml
7 ms. Memory: 440320K Free: 416134K (95%)
----------------- Invoking toplevel() on ptolemy.moml.MoMLSimpleApplication@57f855d8
----------------- Done invoking toplevel() on ptolemy.moml.MoMLSimpleApplication@57f855d8
reloadAllAccessors: .TimeDelay2

===========================================================================================
----------------- testing Mon Jun 24 01:50:23 UTC 2019 /home/travis/build/icyphy/ptII/ptolemy/domains/continuous/test/auto/TimeDelay3.xml
----------------- Instantiating /home/travis/build/icyphy/ptII/ptolemy/domains/continuous/test/auto/TimeDelay3.xml
2 ms. Memory: 440320K Free: 411509K (93%)
----------------- Invoking toplevel() on ptolemy.moml.MoMLSimpleApplication@724cdf2
----------------- Done invoking toplevel() on ptolemy.moml.MoMLSimpleApplication@724cdf2
reloadAllAccessors: .TimeDelay3

===========================================================================================
----------------- testing Mon Jun 24 01:50:23 UTC 2019 /home/travis/build/icyphy/ptII/ptolemy/domains/continuous/test/auto/TransferAbsentToInside.xml
----------------- Instantiating /home/travis/build/icyphy/ptII/ptolemy/domains/continuous/test/auto/TransferAbsentToInside.xml
25 ms. Memory: 440320K Free: 359300K (82%)
----------------- Invoking toplevel() on ptolemy.moml.MoMLSimpleApplication@62658304
----------------- Done invoking toplevel() on ptolemy.moml.MoMLSimpleApplication@62658304
reloadAllAccessors: .TransferAbsentToInside

===========================================================================================
----------------- testing Mon Jun 24 01:50:23 UTC 2019 /home/travis/build/icyphy/ptII/ptolemy/domains/continuous/test/auto/Transmission.xml
----------------- Instantiating /home/travis/build/icyphy/ptII/ptolemy/domains/continuous/test/auto/Transmission.xml
768 ms. Memory: 440320K Free: 388919K (88%)
----------------- Invoking toplevel() on ptolemy.moml.MoMLSimpleApplication@175fd024
----------------- Done invoking toplevel() on ptolemy.moml.MoMLSimpleApplication@175fd024
reloadAllAccessors: .Transmission

===========================================================================================
----------------- testing Mon Jun 24 01:50:24 UTC 2019 /home/travis/build/icyphy/ptII/ptolemy/domains/continuous/test/auto/TriggeredContinuousClock.xml
----------------- Instantiating /home/travis/build/icyphy/ptII/ptolemy/domains/continuous/test/auto/TriggeredContinuousClock.xml
36 ms. Memory: 440320K Free: 359719K (82%)
----------------- Invoking toplevel() on ptolemy.moml.MoMLSimpleApplication@617a2b26
----------------- Done invoking toplevel() on ptolemy.moml.MoMLSimpleApplication@617a2b26
reloadAllAccessors: .TriggeredContinuousClock

===========================================================================================
----------------- testing Mon Jun 24 01:50:24 UTC 2019 /home/travis/build/icyphy/ptII/ptolemy/domains/continuous/test/auto/TwoMachineInfiniteBusControl.xml
----------------- Instantiating /home/travis/build/icyphy/ptII/ptolemy/domains/continuous/test/auto/TwoMachineInfiniteBusControl.xml
3129 ms. Memory: 440320K Free: 282926K (64%)
----------------- Invoking toplevel() on ptolemy.moml.MoMLSimpleApplication@22cad4e6
----------------- Done invoking toplevel() on ptolemy.moml.MoMLSimpleApplication@22cad4e6
reloadAllAccessors: .TwoMachineInfiniteBusControl

===========================================================================================
----------------- testing Mon Jun 24 01:50:28 UTC 2019 /home/travis/build/icyphy/ptII/ptolemy/domains/continuous/test/auto/V2V.xml
----------------- Instantiating /home/travis/build/icyphy/ptII/ptolemy/domains/continuous/test/auto/V2V.xml
817 ms. Memory: 440320K Free: 354591K (81%)
----------------- Invoking toplevel() on ptolemy.moml.MoMLSimpleApplication@5d74da62
----------------- Done invoking toplevel() on ptolemy.moml.MoMLSimpleApplication@5d74da62
reloadAllAccessors: .V2V

===========================================================================================
----------------- testing Mon Jun 24 01:50:28 UTC 2019 /home/travis/build/icyphy/ptII/ptolemy/domains/continuous/test/auto/hierarchicalModalModel.xml
----------------- Instantiating /home/travis/build/icyphy/ptII/ptolemy/domains/continuous/test/auto/hierarchicalModalModel.xml
7 ms. Memory: 440320K Free: 340255K (77%)
----------------- Invoking toplevel() on ptolemy.moml.MoMLSimpleApplication@16531e72
----------------- Done invoking toplevel() on ptolemy.moml.MoMLSimpleApplication@16531e72
reloadAllAccessors: .hierarchicalModalModel

===========================================================================================
----------------- testing Mon Jun 24 01:50:28 UTC 2019 /home/travis/build/icyphy/ptII/ptolemy/domains/continuous/test/auto/hierarchicalModalModel1.xml
----------------- Instantiating /home/travis/build/icyphy/ptII/ptolemy/domains/continuous/test/auto/hierarchicalModalModel1.xml
8 ms. Memory: 440320K Free: 325919K (74%)
----------------- Invoking toplevel() on ptolemy.moml.MoMLSimpleApplication@1fec1192
----------------- Done invoking toplevel() on ptolemy.moml.MoMLSimpleApplication@1fec1192
reloadAllAccessors: .hierarchicalModalModel1

===========================================================================================
----------------- testing Mon Jun 24 01:50:29 UTC 2019 /home/travis/build/icyphy/ptII/ptolemy/domains/continuous/test/auto/hierarchicalModalModel2.xml
----------------- Instantiating /home/travis/build/icyphy/ptII/ptolemy/domains/continuous/test/auto/hierarchicalModalModel2.xml
6 ms. Memory: 440320K Free: 313631K (71%)
----------------- Invoking toplevel() on ptolemy.moml.MoMLSimpleApplication@2dc11d56
----------------- Done invoking toplevel() on ptolemy.moml.MoMLSimpleApplication@2dc11d56
reloadAllAccessors: .hierarchicalModalModel2

===========================================================================================
----------------- testing Mon Jun 24 01:50:29 UTC 2019 /home/travis/build/icyphy/ptII/ptolemy/domains/continuous/test/auto/hierarchicalModalModel3.xml
----------------- Instantiating /home/travis/build/icyphy/ptII/ptolemy/domains/continuous/test/auto/hierarchicalModalModel3.xml
8 ms. Memory: 440320K Free: 302877K (69%)
----------------- Invoking toplevel() on ptolemy.moml.MoMLSimpleApplication@2dbeca8f
----------------- Done invoking toplevel() on ptolemy.moml.MoMLSimpleApplication@2dbeca8f
reloadAllAccessors: .hierarchicalModalModel3

===========================================================================================
----------------- testing Mon Jun 24 01:50:29 UTC 2019 /home/travis/build/icyphy/ptII/ptolemy/domains/continuous/test/auto/hierarchicalModalModel4.xml
----------------- Instantiating /home/travis/build/icyphy/ptII/ptolemy/domains/continuous/test/auto/hierarchicalModalModel4.xml
5 ms. Memory: 440320K Free: 291103K (66%)
----------------- Invoking toplevel() on ptolemy.moml.MoMLSimpleApplication@59a50471
----------------- Done invoking toplevel() on ptolemy.moml.MoMLSimpleApplication@59a50471
reloadAllAccessors: .hierarchicalModalModel4

===========================================================================================
----------------- testing Mon Jun 24 01:50:29 UTC 2019 /home/travis/build/icyphy/ptII/ptolemy/domains/continuous/test/auto/junk.xml
----------------- Instantiating /home/travis/build/icyphy/ptII/ptolemy/domains/continuous/test/auto/junk.xml
127 ms. Memory: 440320K Free: 267037K (61%)
----------------- Invoking toplevel() on ptolemy.moml.MoMLSimpleApplication@2462dc4d
----------------- Done invoking toplevel() on ptolemy.moml.MoMLSimpleApplication@2462dc4d
reloadAllAccessors: .junk
AutoTests.java: About to close Vertx.
AutoTests.java: Vertx closed.
]]></system-out>
  <system-err><![CDATA[Warning: '.HysteresisWithRandomDelay.NonStrictTest3' The test produced only 28 tokens, yet the correctValues parameter was expecting 30 tokens.
Warning: '.Poisson.NonStrictTest' The test produced only 410 tokens, yet the correctValues parameter was expecting 430 tokens.
]]></system-err>
</testsuite>
