<?xml version="1.0" encoding="UTF-8" ?>
<testsuite errors="0" failures="0" hostname="travis-job-6956e9cb-d1b4-4783-84dc-292f39a8c7ac" name="ptolemy.domains.continuous.test.junit.JUnitTclTest" skipped="0" tests="156" time="71.935" timestamp="2020-10-04T15:40:26">
  <properties>
[...]
</properties>
  <testcase classname="ptolemy.util.test.junit.TclTests" name="[0] ThereAreNoTclTests (RunTclFile)" time="0.009" />
  <testcase classname="ptolemy.util.test.junit.AutoKnownFailedTests" name="[0] ThereAreNoKnowFailedTests (RunModel)" time="0.002" />
  <testcase classname="ptolemy.util.test.junit.AutoNameArchTests" name="[0] ThereAreNoAutoArchTests (RunModel)" time="0.023" />
  <testcase classname="ptolemy.util.test.junit.AutoTests" name="[0] /home/travis/build/icyphy/ptII/ptolemy/domains/continuous/test/auto/BouncingBall.xml (RunModel)" time="3.059" />
  <testcase classname="ptolemy.util.test.junit.AutoTests" name="[1] /home/travis/build/icyphy/ptII/ptolemy/domains/continuous/test/auto/BouncingBallWithoutGR.xml (RunModel)" time="0.964" />
  <testcase classname="ptolemy.util.test.junit.AutoTests" name="[2] /home/travis/build/icyphy/ptII/ptolemy/domains/continuous/test/auto/Brownian.xml (RunModel)" time="0.101" />
  <testcase classname="ptolemy.util.test.junit.AutoTests" name="[3] /home/travis/build/icyphy/ptII/ptolemy/domains/continuous/test/auto/CarTracking.xml (RunModel)" time="4.123" />
  <testcase classname="ptolemy.util.test.junit.AutoTests" name="[4] /home/travis/build/icyphy/ptII/ptolemy/domains/continuous/test/auto/CartPendulum.xml (RunModel)" time="0.508" />
  <testcase classname="ptolemy.util.test.junit.AutoTests" name="[5] /home/travis/build/icyphy/ptII/ptolemy/domains/continuous/test/auto/CausalityInterface10.xml (RunModel)" time="0.056" />
  <testcase classname="ptolemy.util.test.junit.AutoTests" name="[6] /home/travis/build/icyphy/ptII/ptolemy/domains/continuous/test/auto/CausalityInterface11.xml (RunModel)" time="0.033" />
  <testcase classname="ptolemy.util.test.junit.AutoTests" name="[7] /home/travis/build/icyphy/ptII/ptolemy/domains/continuous/test/auto/CausalityInterface12.xml (RunModel)" time="0.043" />
  <testcase classname="ptolemy.util.test.junit.AutoTests" name="[8] /home/travis/build/icyphy/ptII/ptolemy/domains/continuous/test/auto/CausalityInterface13.xml (RunModel)" time="0.025" />
  <testcase classname="ptolemy.util.test.junit.AutoTests" name="[9] /home/travis/build/icyphy/ptII/ptolemy/domains/continuous/test/auto/CausalityInterface14.xml (RunModel)" time="0.018" />
  <testcase classname="ptolemy.util.test.junit.AutoTests" name="[10] /home/travis/build/icyphy/ptII/ptolemy/domains/continuous/test/auto/CausalityInterface4.xml (RunModel)" time="0.028" />
  <testcase classname="ptolemy.util.test.junit.AutoTests" name="[11] /home/travis/build/icyphy/ptII/ptolemy/domains/continuous/test/auto/CausalityInterface5.xml (RunModel)" time="0.034" />
  <testcase classname="ptolemy.util.test.junit.AutoTests" name="[12] /home/travis/build/icyphy/ptII/ptolemy/domains/continuous/test/auto/CausalityInterface6.xml (RunModel)" time="0.025" />
  <testcase classname="ptolemy.util.test.junit.AutoTests" name="[13] /home/travis/build/icyphy/ptII/ptolemy/domains/continuous/test/auto/CausalityInterface7.xml (RunModel)" time="0.04" />
  <testcase classname="ptolemy.util.test.junit.AutoTests" name="[14] /home/travis/build/icyphy/ptII/ptolemy/domains/continuous/test/auto/CausalityInterface8.xml (RunModel)" time="0.037" />
  <testcase classname="ptolemy.util.test.junit.AutoTests" name="[15] /home/travis/build/icyphy/ptII/ptolemy/domains/continuous/test/auto/CausalityInterface9.xml (RunModel)" time="0.046" />
  <testcase classname="ptolemy.util.test.junit.AutoTests" name="[16] /home/travis/build/icyphy/ptII/ptolemy/domains/continuous/test/auto/CausalityInterfaceFeedback1.xml (RunModel)" time="0.03" />
  <testcase classname="ptolemy.util.test.junit.AutoTests" name="[17] /home/travis/build/icyphy/ptII/ptolemy/domains/continuous/test/auto/CausalityInterfaceFeedback2.xml (RunModel)" time="0.036" />
  <testcase classname="ptolemy.util.test.junit.AutoTests" name="[18] /home/travis/build/icyphy/ptII/ptolemy/domains/continuous/test/auto/CompareWithCurrentTime.xml (RunModel)" time="0.026" />
  <testcase classname="ptolemy.util.test.junit.AutoTests" name="[19] /home/travis/build/icyphy/ptII/ptolemy/domains/continuous/test/auto/ComparedClocks.xml (RunModel)" time="0.079" />
  <testcase classname="ptolemy.util.test.junit.AutoTests" name="[20] /home/travis/build/icyphy/ptII/ptolemy/domains/continuous/test/auto/ContinuousAOCClone.xml (RunModel)" time="2.568" />
  <testcase classname="ptolemy.util.test.junit.AutoTests" name="[21] /home/travis/build/icyphy/ptII/ptolemy/domains/continuous/test/auto/ContinuousClock.xml (RunModel)" time="0.087" />
  <testcase classname="ptolemy.util.test.junit.AutoTests" name="[22] /home/travis/build/icyphy/ptII/ptolemy/domains/continuous/test/auto/ContinuousInContinuous.xml (RunModel)" time="0.097" />
  <testcase classname="ptolemy.util.test.junit.AutoTests" name="[23] /home/travis/build/icyphy/ptII/ptolemy/domains/continuous/test/auto/ContinuousInContinuousInContinuous.xml (RunModel)" time="0.023" />
  <testcase classname="ptolemy.util.test.junit.AutoTests" name="[24] /home/travis/build/icyphy/ptII/ptolemy/domains/continuous/test/auto/ContinuousInDE.xml (RunModel)" time="0.12" />
  <testcase classname="ptolemy.util.test.junit.AutoTests" name="[25] /home/travis/build/icyphy/ptII/ptolemy/domains/continuous/test/auto/ContinuousInDE2.xml (RunModel)" time="0.051" />
  <testcase classname="ptolemy.util.test.junit.AutoTests" name="[26] /home/travis/build/icyphy/ptII/ptolemy/domains/continuous/test/auto/ContinuousInDE3.xml (RunModel)" time="0.05" />
  <testcase classname="ptolemy.util.test.junit.AutoTests" name="[27] /home/travis/build/icyphy/ptII/ptolemy/domains/continuous/test/auto/ContinuousInDE4.xml (RunModel)" time="0.031" />
  <testcase classname="ptolemy.util.test.junit.AutoTests" name="[28] /home/travis/build/icyphy/ptII/ptolemy/domains/continuous/test/auto/ContinuousInDEDifferentRefinements.xml (RunModel)" time="0.102" />
  <testcase classname="ptolemy.util.test.junit.AutoTests" name="[29] /home/travis/build/icyphy/ptII/ptolemy/domains/continuous/test/auto/ContinuousInDEDifferentRefinementsPreemptive.xml (RunModel)" time="0.088" />
  <testcase classname="ptolemy.util.test.junit.AutoTests" name="[30] /home/travis/build/icyphy/ptII/ptolemy/domains/continuous/test/auto/ContinuousInDEInContinuous2.xml (RunModel)" time="0.054" />
  <testcase classname="ptolemy.util.test.junit.AutoTests" name="[31] /home/travis/build/icyphy/ptII/ptolemy/domains/continuous/test/auto/ContinuousInDEInContinuous3.xml (RunModel)" time="0.06" />
  <testcase classname="ptolemy.util.test.junit.AutoTests" name="[32] /home/travis/build/icyphy/ptII/ptolemy/domains/continuous/test/auto/ContinuousInDEInput.xml (RunModel)" time="0.034" />
  <testcase classname="ptolemy.util.test.junit.AutoTests" name="[33] /home/travis/build/icyphy/ptII/ptolemy/domains/continuous/test/auto/ContinuousInDEInput2.xml (RunModel)" time="0.038" />
  <testcase classname="ptolemy.util.test.junit.AutoTests" name="[34] /home/travis/build/icyphy/ptII/ptolemy/domains/continuous/test/auto/ContinuousInDEInput3.xml (RunModel)" time="0.028" />
  <testcase classname="ptolemy.util.test.junit.AutoTests" name="[35] /home/travis/build/icyphy/ptII/ptolemy/domains/continuous/test/auto/ContinuousInDESharingRefinement.xml (RunModel)" time="0.182" />
  <testcase classname="ptolemy.util.test.junit.AutoTests" name="[36] /home/travis/build/icyphy/ptII/ptolemy/domains/continuous/test/auto/ContinuousInDEwithNoPorts.xml (RunModel)" time="0.023" />
  <testcase classname="ptolemy.util.test.junit.AutoTests" name="[37] /home/travis/build/icyphy/ptII/ptolemy/domains/continuous/test/auto/ContinuousInsideDE.xml (RunModel)" time="0.07" />
  <testcase classname="ptolemy.util.test.junit.AutoTests" name="[38] /home/travis/build/icyphy/ptII/ptolemy/domains/continuous/test/auto/ContinuousMerge1.xml (RunModel)" time="0.016" />
  <testcase classname="ptolemy.util.test.junit.AutoTests" name="[39] /home/travis/build/icyphy/ptII/ptolemy/domains/continuous/test/auto/ContinuousMerge2.xml (RunModel)" time="0.036" />
  <testcase classname="ptolemy.util.test.junit.AutoTests" name="[40] /home/travis/build/icyphy/ptII/ptolemy/domains/continuous/test/auto/ContinuousMerge3.xml (RunModel)" time="0.063" />
  <testcase classname="ptolemy.util.test.junit.AutoTests" name="[41] /home/travis/build/icyphy/ptII/ptolemy/domains/continuous/test/auto/ContinuousWithinContinuous.xml (RunModel)" time="0.053" />
  <testcase classname="ptolemy.util.test.junit.AutoTests" name="[42] /home/travis/build/icyphy/ptII/ptolemy/domains/continuous/test/auto/ContinuousWithinContinuous2.xml (RunModel)" time="0.069" />
  <testcase classname="ptolemy.util.test.junit.AutoTests" name="[43] /home/travis/build/icyphy/ptII/ptolemy/domains/continuous/test/auto/ContinuousWithinContinuous3.xml (RunModel)" time="0.025" />
  <testcase classname="ptolemy.util.test.junit.AutoTests" name="[44] /home/travis/build/icyphy/ptII/ptolemy/domains/continuous/test/auto/ContinuousWithinContinuous4.xml (RunModel)" time="0.063" />
  <testcase classname="ptolemy.util.test.junit.AutoTests" name="[45] /home/travis/build/icyphy/ptII/ptolemy/domains/continuous/test/auto/ContinuousWithinContinuous5.xml (RunModel)" time="0.023" />
  <testcase classname="ptolemy.util.test.junit.AutoTests" name="[46] /home/travis/build/icyphy/ptII/ptolemy/domains/continuous/test/auto/ContinuousWithinContinuous6.xml (RunModel)" time="0.023" />
  <testcase classname="ptolemy.util.test.junit.AutoTests" name="[47] /home/travis/build/icyphy/ptII/ptolemy/domains/continuous/test/auto/ContinuousWithinContinuous7.xml (RunModel)" time="0.058" />
  <testcase classname="ptolemy.util.test.junit.AutoTests" name="[48] /home/travis/build/icyphy/ptII/ptolemy/domains/continuous/test/auto/DCMotor.xml (RunModel)" time="12.723" />
  <testcase classname="ptolemy.util.test.junit.AutoTests" name="[49] /home/travis/build/icyphy/ptII/ptolemy/domains/continuous/test/auto/DEInContinuous.xml (RunModel)" time="0.032" />
  <testcase classname="ptolemy.util.test.junit.AutoTests" name="[50] /home/travis/build/icyphy/ptII/ptolemy/domains/continuous/test/auto/DEinContinuous2.xml (RunModel)" time="0.038" />
  <testcase classname="ptolemy.util.test.junit.AutoTests" name="[51] /home/travis/build/icyphy/ptII/ptolemy/domains/continuous/test/auto/Derivative.xml (RunModel)" time="0.193" />
  <testcase classname="ptolemy.util.test.junit.AutoTests" name="[52] /home/travis/build/icyphy/ptII/ptolemy/domains/continuous/test/auto/Derivative1.xml (RunModel)" time="0.066" />
  <testcase classname="ptolemy.util.test.junit.AutoTests" name="[53] /home/travis/build/icyphy/ptII/ptolemy/domains/continuous/test/auto/DiscreteClock.xml (RunModel)" time="0.014" />
  <testcase classname="ptolemy.util.test.junit.AutoTests" name="[54] /home/travis/build/icyphy/ptII/ptolemy/domains/continuous/test/auto/EfficiencyCurve.xml (RunModel)" time="0.096" />
  <testcase classname="ptolemy.util.test.junit.AutoTests" name="[55] /home/travis/build/icyphy/ptII/ptolemy/domains/continuous/test/auto/ExponentialResponse.xml (RunModel)" time="0.134" />
  <testcase classname="ptolemy.util.test.junit.AutoTests" name="[56] /home/travis/build/icyphy/ptII/ptolemy/domains/continuous/test/auto/ExponentialResponseRK45.xml (RunModel)" time="0.035" />
  <testcase classname="ptolemy.util.test.junit.AutoTests" name="[57] /home/travis/build/icyphy/ptII/ptolemy/domains/continuous/test/auto/Friction.xml (RunModel)" time="1.659" />
  <testcase classname="ptolemy.util.test.junit.AutoTests" name="[58] /home/travis/build/icyphy/ptII/ptolemy/domains/continuous/test/auto/FurutaPendulum.xml (RunModel)" time="3.306" />
  <testcase classname="ptolemy.util.test.junit.AutoTests" name="[59] /home/travis/build/icyphy/ptII/ptolemy/domains/continuous/test/auto/HierarchicalExecution.xml (RunModel)" time="1.938" />
  <testcase classname="ptolemy.util.test.junit.AutoTests" name="[60] /home/travis/build/icyphy/ptII/ptolemy/domains/continuous/test/auto/HybridPlant.xml (RunModel)" time="0.65" />
  <testcase classname="ptolemy.util.test.junit.AutoTests" name="[61] /home/travis/build/icyphy/ptII/ptolemy/domains/continuous/test/auto/Hysteresis.xml (RunModel)" time="0.18" />
  <testcase classname="ptolemy.util.test.junit.AutoTests" name="[62] /home/travis/build/icyphy/ptII/ptolemy/domains/continuous/test/auto/HysteresisWithRandomDelay.xml (RunModel)" time="0.222" />
  <testcase classname="ptolemy.util.test.junit.AutoTests" name="[63] /home/travis/build/icyphy/ptII/ptolemy/domains/continuous/test/auto/HysteresisWithRandomLosses.xml (RunModel)" time="2.482" />
  <testcase classname="ptolemy.util.test.junit.AutoTests" name="[64] /home/travis/build/icyphy/ptII/ptolemy/domains/continuous/test/auto/ImmediateTransitions.xml (RunModel)" time="0.033" />
  <testcase classname="ptolemy.util.test.junit.AutoTests" name="[65] /home/travis/build/icyphy/ptII/ptolemy/domains/continuous/test/auto/ImpulseFeedback.xml (RunModel)" time="0.021" />
  <testcase classname="ptolemy.util.test.junit.AutoTests" name="[66] /home/travis/build/icyphy/ptII/ptolemy/domains/continuous/test/auto/ImpulseFeedback2.xml (RunModel)" time="0.02" />
  <testcase classname="ptolemy.util.test.junit.AutoTests" name="[67] /home/travis/build/icyphy/ptII/ptolemy/domains/continuous/test/auto/IncreasingRatePoisson.xml (RunModel)" time="0.748" />
  <testcase classname="ptolemy.util.test.junit.AutoTests" name="[68] /home/travis/build/icyphy/ptII/ptolemy/domains/continuous/test/auto/InitialStateFeedback.xml (RunModel)" time="0.015" />
  <testcase classname="ptolemy.util.test.junit.AutoTests" name="[69] /home/travis/build/icyphy/ptII/ptolemy/domains/continuous/test/auto/Integration.xml (RunModel)" time="0.008" />
  <testcase classname="ptolemy.util.test.junit.AutoTests" name="[70] /home/travis/build/icyphy/ptII/ptolemy/domains/continuous/test/auto/Integration2.xml (RunModel)" time="0.091" />
  <testcase classname="ptolemy.util.test.junit.AutoTests" name="[71] /home/travis/build/icyphy/ptII/ptolemy/domains/continuous/test/auto/Integration3.xml (RunModel)" time="0.03" />
  <testcase classname="ptolemy.util.test.junit.AutoTests" name="[72] /home/travis/build/icyphy/ptII/ptolemy/domains/continuous/test/auto/Integration5.xml (RunModel)" time="0.014" />
  <testcase classname="ptolemy.util.test.junit.AutoTests" name="[73] /home/travis/build/icyphy/ptII/ptolemy/domains/continuous/test/auto/IntegratorImpulse.xml (RunModel)" time="0.01" />
  <testcase classname="ptolemy.util.test.junit.AutoTests" name="[74] /home/travis/build/icyphy/ptII/ptolemy/domains/continuous/test/auto/IntegratorImpulse2.xml (RunModel)" time="0.012" />
  <testcase classname="ptolemy.util.test.junit.AutoTests" name="[75] /home/travis/build/icyphy/ptII/ptolemy/domains/continuous/test/auto/LevelCrossing1.xml (RunModel)" time="0.015" />
  <testcase classname="ptolemy.util.test.junit.AutoTests" name="[76] /home/travis/build/icyphy/ptII/ptolemy/domains/continuous/test/auto/LevelCrossing2.xml (RunModel)" time="0.012" />
  <testcase classname="ptolemy.util.test.junit.AutoTests" name="[77] /home/travis/build/icyphy/ptII/ptolemy/domains/continuous/test/auto/LevelCrossing3.xml (RunModel)" time="0.014" />
  <testcase classname="ptolemy.util.test.junit.AutoTests" name="[78] /home/travis/build/icyphy/ptII/ptolemy/domains/continuous/test/auto/LevelCrossing4.xml (RunModel)" time="0.013" />
  <testcase classname="ptolemy.util.test.junit.AutoTests" name="[79] /home/travis/build/icyphy/ptII/ptolemy/domains/continuous/test/auto/LevelCrossing5.xml (RunModel)" time="0.015" />
  <testcase classname="ptolemy.util.test.junit.AutoTests" name="[80] /home/travis/build/icyphy/ptII/ptolemy/domains/continuous/test/auto/LevelCrossing6.xml (RunModel)" time="0.012" />
  <testcase classname="ptolemy.util.test.junit.AutoTests" name="[81] /home/travis/build/icyphy/ptII/ptolemy/domains/continuous/test/auto/LevelCrossingDetector.xml (RunModel)" time="0.037" />
  <testcase classname="ptolemy.util.test.junit.AutoTests" name="[82] /home/travis/build/icyphy/ptII/ptolemy/domains/continuous/test/auto/LevelCrossingDetectorDetectingDirections.xml (RunModel)" time="0.08" />
  <testcase classname="ptolemy.util.test.junit.AutoTests" name="[83] /home/travis/build/icyphy/ptII/ptolemy/domains/continuous/test/auto/LevelCrossingDetectorDetectsGlitches.xml (RunModel)" time="0.062" />
  <testcase classname="ptolemy.util.test.junit.AutoTests" name="[84] /home/travis/build/icyphy/ptII/ptolemy/domains/continuous/test/auto/LevelCrossingNoInitialOuput.xml (RunModel)" time="0.017" />
  <testcase classname="ptolemy.util.test.junit.AutoTests" name="[85] /home/travis/build/icyphy/ptII/ptolemy/domains/continuous/test/auto/LinearStateSpaceExample.xml (RunModel)" time="0.062" />
  <testcase classname="ptolemy.util.test.junit.AutoTests" name="[86] /home/travis/build/icyphy/ptII/ptolemy/domains/continuous/test/auto/Lorenz.xml (RunModel)" time="3.843" />
  <testcase classname="ptolemy.util.test.junit.AutoTests" name="[87] /home/travis/build/icyphy/ptII/ptolemy/domains/continuous/test/auto/LorenzDifferentialSystem.xml (RunModel)" time="1.092" />
  <testcase classname="ptolemy.util.test.junit.AutoTests" name="[88] /home/travis/build/icyphy/ptII/ptolemy/domains/continuous/test/auto/LorenzDifferentialSystemWithInput.xml (RunModel)" time="1.305" />
  <testcase classname="ptolemy.util.test.junit.AutoTests" name="[89] /home/travis/build/icyphy/ptII/ptolemy/domains/continuous/test/auto/LorenzDifferentialSystemWithTime.xml (RunModel)" time="0.844" />
  <testcase classname="ptolemy.util.test.junit.AutoTests" name="[90] /home/travis/build/icyphy/ptII/ptolemy/domains/continuous/test/auto/Microsteps.xml (RunModel)" time="0.021" />
  <testcase classname="ptolemy.util.test.junit.AutoTests" name="[91] /home/travis/build/icyphy/ptII/ptolemy/domains/continuous/test/auto/Modal1.xml (RunModel)" time="0.031" />
  <testcase classname="ptolemy.util.test.junit.AutoTests" name="[92] /home/travis/build/icyphy/ptII/ptolemy/domains/continuous/test/auto/Modal2.xml (RunModel)" time="0.051" />
  <testcase classname="ptolemy.util.test.junit.AutoTests" name="[93] /home/travis/build/icyphy/ptII/ptolemy/domains/continuous/test/auto/ModalTransitionGuardWithReset.xml (RunModel)" time="0.027" />
  <testcase classname="ptolemy.util.test.junit.AutoTests" name="[94] /home/travis/build/icyphy/ptII/ptolemy/domains/continuous/test/auto/ModalTransitionGuardWithResetUsingPreemptiveTransition.xml (RunModel)" time="0.023" />
  <testcase classname="ptolemy.util.test.junit.AutoTests" name="[95] /home/travis/build/icyphy/ptII/ptolemy/domains/continuous/test/auto/ModalTransitionGuardWithResetUsingPreemptiveTransition2.xml (RunModel)" time="0.027" />
  <testcase classname="ptolemy.util.test.junit.AutoTests" name="[96] /home/travis/build/icyphy/ptII/ptolemy/domains/continuous/test/auto/ModalTransitionGuardWithResetUsingPreemptiveTransition3.xml (RunModel)" time="0.024" />
  <testcase classname="ptolemy.util.test.junit.AutoTests" name="[97] /home/travis/build/icyphy/ptII/ptolemy/domains/continuous/test/auto/NewtonsCradle.xml (RunModel)" time="0.853" />
  <testcase classname="ptolemy.util.test.junit.AutoTests" name="[98] /home/travis/build/icyphy/ptII/ptolemy/domains/continuous/test/auto/NewtonsCradleAnimated.xml (RunModel)" time="1.326" />
  <testcase classname="ptolemy.util.test.junit.AutoTests" name="[99] /home/travis/build/icyphy/ptII/ptolemy/domains/continuous/test/auto/NewtonsCradleComplicated.xml (RunModel)" time="0.944" />
  <testcase classname="ptolemy.util.test.junit.AutoTests" name="[100] /home/travis/build/icyphy/ptII/ptolemy/domains/continuous/test/auto/NewtonsCradleNondeterministic.xml (RunModel)" time="0.669" />
  <testcase classname="ptolemy.util.test.junit.AutoTests" name="[101] /home/travis/build/icyphy/ptII/ptolemy/domains/continuous/test/auto/NewtonsCradlePerfectlyInelastic1.xml (RunModel)" time="1.12" />
  <testcase classname="ptolemy.util.test.junit.AutoTests" name="[102] /home/travis/build/icyphy/ptII/ptolemy/domains/continuous/test/auto/Noise.xml (RunModel)" time="0.169" />
  <testcase classname="ptolemy.util.test.junit.AutoTests" name="[103] /home/travis/build/icyphy/ptII/ptolemy/domains/continuous/test/auto/NoiseSpectrum.xml (RunModel)" time="0.682" />
  <testcase classname="ptolemy.util.test.junit.AutoTests" name="[104] /home/travis/build/icyphy/ptII/ptolemy/domains/continuous/test/auto/ParameterizedNewtonsCradleAnimated.xml (RunModel)" time="0.348" />
  <testcase classname="ptolemy.util.test.junit.AutoTests" name="[105] /home/travis/build/icyphy/ptII/ptolemy/domains/continuous/test/auto/ParameterizedNewtonsCradleAnimatedNondeterministic.xml (RunModel)" time="1.118" />
  <testcase classname="ptolemy.util.test.junit.AutoTests" name="[106] /home/travis/build/icyphy/ptII/ptolemy/domains/continuous/test/auto/Pendulum3D.xml (RunModel)" time="0.149" />
  <testcase classname="ptolemy.util.test.junit.AutoTests" name="[107] /home/travis/build/icyphy/ptII/ptolemy/domains/continuous/test/auto/PeriodicSampler.xml (RunModel)" time="0.009" />
  <testcase classname="ptolemy.util.test.junit.AutoTests" name="[108] /home/travis/build/icyphy/ptII/ptolemy/domains/continuous/test/auto/PeriodicSampler1.xml (RunModel)" time="0.038" />
  <testcase classname="ptolemy.util.test.junit.AutoTests" name="[109] /home/travis/build/icyphy/ptII/ptolemy/domains/continuous/test/auto/PeriodicSampler2.xml (RunModel)" time="0.074" />
  <testcase classname="ptolemy.util.test.junit.AutoTests" name="[110] /home/travis/build/icyphy/ptII/ptolemy/domains/continuous/test/auto/Poisson.xml (RunModel)" time="0.456" />
  <testcase classname="ptolemy.util.test.junit.AutoTests" name="[111] /home/travis/build/icyphy/ptII/ptolemy/domains/continuous/test/auto/PoissonClock.xml (RunModel)" time="0.01" />
  <testcase classname="ptolemy.util.test.junit.AutoTests" name="[112] /home/travis/build/icyphy/ptII/ptolemy/domains/continuous/test/auto/PoissonClock2.xml (RunModel)" time="0.012" />
  <testcase classname="ptolemy.util.test.junit.AutoTests" name="[113] /home/travis/build/icyphy/ptII/ptolemy/domains/continuous/test/auto/PortParameterHierarchy.xml (RunModel)" time="0.026" />
  <testcase classname="ptolemy.util.test.junit.AutoTests" name="[114] /home/travis/build/icyphy/ptII/ptolemy/domains/continuous/test/auto/RandomHybridPlant.xml (RunModel)" time="0.585" />
  <testcase classname="ptolemy.util.test.junit.AutoTests" name="[115] /home/travis/build/icyphy/ptII/ptolemy/domains/continuous/test/auto/ResetTransitionWithStartTime1.xml (RunModel)" time="0.036" />
  <testcase classname="ptolemy.util.test.junit.AutoTests" name="[116] /home/travis/build/icyphy/ptII/ptolemy/domains/continuous/test/auto/ResetTransitionWithStartTime2.xml (RunModel)" time="0.032" />
  <testcase classname="ptolemy.util.test.junit.AutoTests" name="[117] /home/travis/build/icyphy/ptII/ptolemy/domains/continuous/test/auto/ResetTransitionWithStartTime3.xml (RunModel)" time="0.034" />
  <testcase classname="ptolemy.util.test.junit.AutoTests" name="[118] /home/travis/build/icyphy/ptII/ptolemy/domains/continuous/test/auto/ResetTransitionWithStartTime4.xml (RunModel)" time="0.022" />
  <testcase classname="ptolemy.util.test.junit.AutoTests" name="[119] /home/travis/build/icyphy/ptII/ptolemy/domains/continuous/test/auto/ResetTransitionWithStartTime5.xml (RunModel)" time="0.03" />
  <testcase classname="ptolemy.util.test.junit.AutoTests" name="[120] /home/travis/build/icyphy/ptII/ptolemy/domains/continuous/test/auto/ResetTransitionWithStartTime6.xml (RunModel)" time="0.024" />
  <testcase classname="ptolemy.util.test.junit.AutoTests" name="[121] /home/travis/build/icyphy/ptII/ptolemy/domains/continuous/test/auto/SRinContinuous.xml (RunModel)" time="0.018" />
  <testcase classname="ptolemy.util.test.junit.AutoTests" name="[122] /home/travis/build/icyphy/ptII/ptolemy/domains/continuous/test/auto/SampledClocks.xml (RunModel)" time="0.03" />
  <testcase classname="ptolemy.util.test.junit.AutoTests" name="[123] /home/travis/build/icyphy/ptII/ptolemy/domains/continuous/test/auto/Satellite.xml (RunModel)" time="0.771" />
  <testcase classname="ptolemy.util.test.junit.AutoTests" name="[124] /home/travis/build/icyphy/ptII/ptolemy/domains/continuous/test/auto/SigmaDelta.xml (RunModel)" time="2.005" />
  <testcase classname="ptolemy.util.test.junit.AutoTests" name="[125] /home/travis/build/icyphy/ptII/ptolemy/domains/continuous/test/auto/SingleRefinement.xml (RunModel)" time="0.365" />
  <testcase classname="ptolemy.util.test.junit.AutoTests" name="[126] /home/travis/build/icyphy/ptII/ptolemy/domains/continuous/test/auto/SinuBouncingBall.xml (RunModel)" time="0.837" />
  <testcase classname="ptolemy.util.test.junit.AutoTests" name="[127] /home/travis/build/icyphy/ptII/ptolemy/domains/continuous/test/auto/Sinusoid.xml (RunModel)" time="0.017" />
  <testcase classname="ptolemy.util.test.junit.AutoTests" name="[128] /home/travis/build/icyphy/ptII/ptolemy/domains/continuous/test/auto/SinusoidInNoise.xml (RunModel)" time="0.792" />
  <testcase classname="ptolemy.util.test.junit.AutoTests" name="[129] /home/travis/build/icyphy/ptII/ptolemy/domains/continuous/test/auto/SinusoidRK45.xml (RunModel)" time="0.014" />
  <testcase classname="ptolemy.util.test.junit.AutoTests" name="[130] /home/travis/build/icyphy/ptII/ptolemy/domains/continuous/test/auto/SinusoidWithMultipleImpulses.xml (RunModel)" time="0.012" />
  <testcase classname="ptolemy.util.test.junit.AutoTests" name="[131] /home/travis/build/icyphy/ptII/ptolemy/domains/continuous/test/auto/SquareWave.xml (RunModel)" time="0.176" />
  <testcase classname="ptolemy.util.test.junit.AutoTests" name="[132] /home/travis/build/icyphy/ptII/ptolemy/domains/continuous/test/auto/Starmac.xml (RunModel)" time="3.342" />
  <testcase classname="ptolemy.util.test.junit.AutoTests" name="[133] /home/travis/build/icyphy/ptII/ptolemy/domains/continuous/test/auto/StaticUnits.xml (RunModel)" time="2.649" />
  <testcase classname="ptolemy.util.test.junit.AutoTests" name="[134] /home/travis/build/icyphy/ptII/ptolemy/domains/continuous/test/auto/StickyMasses.xml (RunModel)" time="0.2" />
  <testcase classname="ptolemy.util.test.junit.AutoTests" name="[135] /home/travis/build/icyphy/ptII/ptolemy/domains/continuous/test/auto/StopTime.xml (RunModel)" time="0.08" />
  <testcase classname="ptolemy.util.test.junit.AutoTests" name="[136] /home/travis/build/icyphy/ptII/ptolemy/domains/continuous/test/auto/StopTime2.xml (RunModel)" time="0.114" />
  <testcase classname="ptolemy.util.test.junit.AutoTests" name="[137] /home/travis/build/icyphy/ptII/ptolemy/domains/continuous/test/auto/Switch.xml (RunModel)" time="0.068" />
  <testcase classname="ptolemy.util.test.junit.AutoTests" name="[138] /home/travis/build/icyphy/ptII/ptolemy/domains/continuous/test/auto/Thermostat.xml (RunModel)" time="0.261" />
  <testcase classname="ptolemy.util.test.junit.AutoTests" name="[139] /home/travis/build/icyphy/ptII/ptolemy/domains/continuous/test/auto/TimeDelay.xml (RunModel)" time="0.028" />
  <testcase classname="ptolemy.util.test.junit.AutoTests" name="[140] /home/travis/build/icyphy/ptII/ptolemy/domains/continuous/test/auto/TimeDelay2.xml (RunModel)" time="0.029" />
  <testcase classname="ptolemy.util.test.junit.AutoTests" name="[141] /home/travis/build/icyphy/ptII/ptolemy/domains/continuous/test/auto/TimeDelay3.xml (RunModel)" time="0.011" />
  <testcase classname="ptolemy.util.test.junit.AutoTests" name="[142] /home/travis/build/icyphy/ptII/ptolemy/domains/continuous/test/auto/TransferAbsentToInside.xml (RunModel)" time="0.104" />
  <testcase classname="ptolemy.util.test.junit.AutoTests" name="[143] /home/travis/build/icyphy/ptII/ptolemy/domains/continuous/test/auto/Transmission.xml (RunModel)" time="0.778" />
  <testcase classname="ptolemy.util.test.junit.AutoTests" name="[144] /home/travis/build/icyphy/ptII/ptolemy/domains/continuous/test/auto/TriggeredContinuousClock.xml (RunModel)" time="0.061" />
  <testcase classname="ptolemy.util.test.junit.AutoTests" name="[145] /home/travis/build/icyphy/ptII/ptolemy/domains/continuous/test/auto/TwoMachineInfiniteBusControl.xml (RunModel)" time="2.471" />
  <testcase classname="ptolemy.util.test.junit.AutoTests" name="[146] /home/travis/build/icyphy/ptII/ptolemy/domains/continuous/test/auto/V2V.xml (RunModel)" time="0.834" />
  <testcase classname="ptolemy.util.test.junit.AutoTests" name="[147] /home/travis/build/icyphy/ptII/ptolemy/domains/continuous/test/auto/hierarchicalModalModel.xml (RunModel)" time="0.032" />
  <testcase classname="ptolemy.util.test.junit.AutoTests" name="[148] /home/travis/build/icyphy/ptII/ptolemy/domains/continuous/test/auto/hierarchicalModalModel1.xml (RunModel)" time="0.034" />
  <testcase classname="ptolemy.util.test.junit.AutoTests" name="[149] /home/travis/build/icyphy/ptII/ptolemy/domains/continuous/test/auto/hierarchicalModalModel2.xml (RunModel)" time="0.024" />
  <testcase classname="ptolemy.util.test.junit.AutoTests" name="[150] /home/travis/build/icyphy/ptII/ptolemy/domains/continuous/test/auto/hierarchicalModalModel3.xml (RunModel)" time="0.021" />
  <testcase classname="ptolemy.util.test.junit.AutoTests" name="[151] /home/travis/build/icyphy/ptII/ptolemy/domains/continuous/test/auto/hierarchicalModalModel4.xml (RunModel)" time="0.022" />
  <testcase classname="ptolemy.util.test.junit.AutoTests" name="[152] /home/travis/build/icyphy/ptII/ptolemy/domains/continuous/test/auto/junk.xml (RunModel)" time="0.124" />
  <system-out><![CDATA[No tcl tests in /home/travis/build/icyphy/ptII/ptolemy/domains/continuous/test
No auto/knownFailedTests/*.xml tests in /home/travis/build/icyphy/ptII/ptolemy/domains/continuous/test
No auto/linux-amd64/*.xml tests in /home/travis/build/icyphy/ptII/ptolemy/domains/continuous/test
AutoTests.java: About to close Vertx.
AutoTests.java: Vertx closed.

===========================================================================================
----------------- testing Sun Oct 04 15:40:27 UTC 2020 /home/travis/build/icyphy/ptII/ptolemy/domains/continuous/test/auto/BouncingBall.xml
----------------- Instantiating /home/travis/build/icyphy/ptII/ptolemy/domains/continuous/test/auto/BouncingBall.xml
2425 ms. Memory: 158720K Free: 98942K (62%)
----------------- Invoking toplevel() on ptolemy.moml.MoMLSimpleApplication@4244b7f
----------------- Done invoking toplevel() on ptolemy.moml.MoMLSimpleApplication@4244b7f
reloadAllAccessors: .BouncingBall

===========================================================================================
----------------- testing Sun Oct 04 15:40:30 UTC 2020 /home/travis/build/icyphy/ptII/ptolemy/domains/continuous/test/auto/BouncingBallWithoutGR.xml
----------------- Instantiating /home/travis/build/icyphy/ptII/ptolemy/domains/continuous/test/auto/BouncingBallWithoutGR.xml
802 ms. Memory: 158720K Free: 105574K (67%)
----------------- Invoking toplevel() on ptolemy.moml.MoMLSimpleApplication@48c5b7c4
----------------- Done invoking toplevel() on ptolemy.moml.MoMLSimpleApplication@48c5b7c4
reloadAllAccessors: .BouncingBallWithoutGR

===========================================================================================
----------------- testing Sun Oct 04 15:40:31 UTC 2020 /home/travis/build/icyphy/ptII/ptolemy/domains/continuous/test/auto/Brownian.xml
----------------- Instantiating /home/travis/build/icyphy/ptII/ptolemy/domains/continuous/test/auto/Brownian.xml
25 ms. Memory: 158720K Free: 96372K (61%)
----------------- Invoking toplevel() on ptolemy.moml.MoMLSimpleApplication@2c072b43
----------------- Done invoking toplevel() on ptolemy.moml.MoMLSimpleApplication@2c072b43
reloadAllAccessors: .Brownian

===========================================================================================
----------------- testing Sun Oct 04 15:40:31 UTC 2020 /home/travis/build/icyphy/ptII/ptolemy/domains/continuous/test/auto/CarTracking.xml
----------------- Instantiating /home/travis/build/icyphy/ptII/ptolemy/domains/continuous/test/auto/CarTracking.xml
3639 ms. Memory: 229376K Free: 165539K (72%)
----------------- Invoking toplevel() on ptolemy.moml.MoMLSimpleApplication@5c407549
----------------- Done invoking toplevel() on ptolemy.moml.MoMLSimpleApplication@5c407549
reloadAllAccessors: .CarTracking

===========================================================================================
----------------- testing Sun Oct 04 15:40:35 UTC 2020 /home/travis/build/icyphy/ptII/ptolemy/domains/continuous/test/auto/CartPendulum.xml
----------------- Instantiating /home/travis/build/icyphy/ptII/ptolemy/domains/continuous/test/auto/CartPendulum.xml
418 ms. Memory: 229376K Free: 210189K (92%)
----------------- Invoking toplevel() on ptolemy.moml.MoMLSimpleApplication@4f1718c7
----------------- Done invoking toplevel() on ptolemy.moml.MoMLSimpleApplication@4f1718c7
reloadAllAccessors: .CartPendulum

===========================================================================================
----------------- testing Sun Oct 04 15:40:35 UTC 2020 /home/travis/build/icyphy/ptII/ptolemy/domains/continuous/test/auto/CausalityInterface10.xml
----------------- Instantiating /home/travis/build/icyphy/ptII/ptolemy/domains/continuous/test/auto/CausalityInterface10.xml
12 ms. Memory: 229376K Free: 199435K (87%)
----------------- Invoking toplevel() on ptolemy.moml.MoMLSimpleApplication@4e5a2e77
----------------- Done invoking toplevel() on ptolemy.moml.MoMLSimpleApplication@4e5a2e77
reloadAllAccessors: .CausalityInterface10

===========================================================================================
----------------- testing Sun Oct 04 15:40:35 UTC 2020 /home/travis/build/icyphy/ptII/ptolemy/domains/continuous/test/auto/CausalityInterface11.xml
----------------- Instantiating /home/travis/build/icyphy/ptII/ptolemy/domains/continuous/test/auto/CausalityInterface11.xml
10 ms. Memory: 229376K Free: 193277K (84%)
----------------- Invoking toplevel() on ptolemy.moml.MoMLSimpleApplication@7d9573ae
----------------- Done invoking toplevel() on ptolemy.moml.MoMLSimpleApplication@7d9573ae
reloadAllAccessors: .CausalityInterface11

===========================================================================================
----------------- testing Sun Oct 04 15:40:35 UTC 2020 /home/travis/build/icyphy/ptII/ptolemy/domains/continuous/test/auto/CausalityInterface12.xml
----------------- Instantiating /home/travis/build/icyphy/ptII/ptolemy/domains/continuous/test/auto/CausalityInterface12.xml
4 ms. Memory: 229376K Free: 187133K (82%)
----------------- Invoking toplevel() on ptolemy.moml.MoMLSimpleApplication@20f58b25
----------------- Done invoking toplevel() on ptolemy.moml.MoMLSimpleApplication@20f58b25
reloadAllAccessors: .CausalityInterface12

===========================================================================================
----------------- testing Sun Oct 04 15:40:35 UTC 2020 /home/travis/build/icyphy/ptII/ptolemy/domains/continuous/test/auto/CausalityInterface13.xml
----------------- Instantiating /home/travis/build/icyphy/ptII/ptolemy/domains/continuous/test/auto/CausalityInterface13.xml
4 ms. Memory: 229376K Free: 181003K (79%)
----------------- Invoking toplevel() on ptolemy.moml.MoMLSimpleApplication@7e40ed40
----------------- Done invoking toplevel() on ptolemy.moml.MoMLSimpleApplication@7e40ed40
reloadAllAccessors: .CausalityInterface13

===========================================================================================
----------------- testing Sun Oct 04 15:40:36 UTC 2020 /home/travis/build/icyphy/ptII/ptolemy/domains/continuous/test/auto/CausalityInterface14.xml
----------------- Instantiating /home/travis/build/icyphy/ptII/ptolemy/domains/continuous/test/auto/CausalityInterface14.xml
3 ms. Memory: 229376K Free: 175373K (76%)
----------------- Invoking toplevel() on ptolemy.moml.MoMLSimpleApplication@642fc6c8
----------------- Done invoking toplevel() on ptolemy.moml.MoMLSimpleApplication@642fc6c8
reloadAllAccessors: .CausalityInterface14

===========================================================================================
----------------- testing Sun Oct 04 15:40:36 UTC 2020 /home/travis/build/icyphy/ptII/ptolemy/domains/continuous/test/auto/CausalityInterface4.xml
----------------- Instantiating /home/travis/build/icyphy/ptII/ptolemy/domains/continuous/test/auto/CausalityInterface4.xml
7 ms. Memory: 229376K Free: 168701K (74%)
----------------- Invoking toplevel() on ptolemy.moml.MoMLSimpleApplication@4c0d3e90
----------------- Done invoking toplevel() on ptolemy.moml.MoMLSimpleApplication@4c0d3e90
reloadAllAccessors: .CausalityInterface4

===========================================================================================
----------------- testing Sun Oct 04 15:40:36 UTC 2020 /home/travis/build/icyphy/ptII/ptolemy/domains/continuous/test/auto/CausalityInterface5.xml
----------------- Instantiating /home/travis/build/icyphy/ptII/ptolemy/domains/continuous/test/auto/CausalityInterface5.xml
4 ms. Memory: 229376K Free: 160523K (70%)
----------------- Invoking toplevel() on ptolemy.moml.MoMLSimpleApplication@50be3b3d
----------------- Done invoking toplevel() on ptolemy.moml.MoMLSimpleApplication@50be3b3d
reloadAllAccessors: .CausalityInterface5

===========================================================================================
----------------- testing Sun Oct 04 15:40:36 UTC 2020 /home/travis/build/icyphy/ptII/ptolemy/domains/continuous/test/auto/CausalityInterface6.xml
----------------- Instantiating /home/travis/build/icyphy/ptII/ptolemy/domains/continuous/test/auto/CausalityInterface6.xml
3 ms. Memory: 229376K Free: 154893K (68%)
----------------- Invoking toplevel() on ptolemy.moml.MoMLSimpleApplication@584c7ae1
----------------- Done invoking toplevel() on ptolemy.moml.MoMLSimpleApplication@584c7ae1
reloadAllAccessors: .CausalityInterface6

===========================================================================================
----------------- testing Sun Oct 04 15:40:36 UTC 2020 /home/travis/build/icyphy/ptII/ptolemy/domains/continuous/test/auto/CausalityInterface7.xml
----------------- Instantiating /home/travis/build/icyphy/ptII/ptolemy/domains/continuous/test/auto/CausalityInterface7.xml
12 ms. Memory: 229376K Free: 146701K (64%)
----------------- Invoking toplevel() on ptolemy.moml.MoMLSimpleApplication@5999ca24
----------------- Done invoking toplevel() on ptolemy.moml.MoMLSimpleApplication@5999ca24
reloadAllAccessors: .CausalityInterface7

===========================================================================================
----------------- testing Sun Oct 04 15:40:36 UTC 2020 /home/travis/build/icyphy/ptII/ptolemy/domains/continuous/test/auto/CausalityInterface8.xml
----------------- Instantiating /home/travis/build/icyphy/ptII/ptolemy/domains/continuous/test/auto/CausalityInterface8.xml
7 ms. Memory: 229376K Free: 137485K (60%)
----------------- Invoking toplevel() on ptolemy.moml.MoMLSimpleApplication@3f25c31c
----------------- Done invoking toplevel() on ptolemy.moml.MoMLSimpleApplication@3f25c31c
reloadAllAccessors: .CausalityInterface8

===========================================================================================
----------------- testing Sun Oct 04 15:40:36 UTC 2020 /home/travis/build/icyphy/ptII/ptolemy/domains/continuous/test/auto/CausalityInterface9.xml
----------------- Instantiating /home/travis/build/icyphy/ptII/ptolemy/domains/continuous/test/auto/CausalityInterface9.xml
9 ms. Memory: 229376K Free: 126731K (55%)
----------------- Invoking toplevel() on ptolemy.moml.MoMLSimpleApplication@605d3ff7
----------------- Done invoking toplevel() on ptolemy.moml.MoMLSimpleApplication@605d3ff7
reloadAllAccessors: .CausalityInterface9

===========================================================================================
----------------- testing Sun Oct 04 15:40:36 UTC 2020 /home/travis/build/icyphy/ptII/ptolemy/domains/continuous/test/auto/CausalityInterfaceFeedback1.xml
----------------- Instantiating /home/travis/build/icyphy/ptII/ptolemy/domains/continuous/test/auto/CausalityInterfaceFeedback1.xml
7 ms. Memory: 229376K Free: 120077K (52%)
----------------- Invoking toplevel() on ptolemy.moml.MoMLSimpleApplication@2a7c6a94
----------------- Done invoking toplevel() on ptolemy.moml.MoMLSimpleApplication@2a7c6a94
reloadAllAccessors: .CausalityInterfaceFeedback1

===========================================================================================
----------------- testing Sun Oct 04 15:40:36 UTC 2020 /home/travis/build/icyphy/ptII/ptolemy/domains/continuous/test/auto/CausalityInterfaceFeedback2.xml
----------------- Instantiating /home/travis/build/icyphy/ptII/ptolemy/domains/continuous/test/auto/CausalityInterfaceFeedback2.xml
4 ms. Memory: 229376K Free: 113405K (49%)
----------------- Invoking toplevel() on ptolemy.moml.MoMLSimpleApplication@128f8a11
----------------- Done invoking toplevel() on ptolemy.moml.MoMLSimpleApplication@128f8a11
reloadAllAccessors: .CausalityInterfaceFeedback2

===========================================================================================
----------------- testing Sun Oct 04 15:40:36 UTC 2020 /home/travis/build/icyphy/ptII/ptolemy/domains/continuous/test/auto/CompareWithCurrentTime.xml
----------------- Instantiating /home/travis/build/icyphy/ptII/ptolemy/domains/continuous/test/auto/CompareWithCurrentTime.xml
4 ms. Memory: 229376K Free: 109323K (48%)
----------------- Invoking toplevel() on ptolemy.moml.MoMLSimpleApplication@2e355635
----------------- Done invoking toplevel() on ptolemy.moml.MoMLSimpleApplication@2e355635
reloadAllAccessors: .CompareWithCurrentTime

===========================================================================================
----------------- testing Sun Oct 04 15:40:36 UTC 2020 /home/travis/build/icyphy/ptII/ptolemy/domains/continuous/test/auto/ComparedClocks.xml
----------------- Instantiating /home/travis/build/icyphy/ptII/ptolemy/domains/continuous/test/auto/ComparedClocks.xml
8 ms. Memory: 229376K Free: 94477K (41%)
----------------- Invoking toplevel() on ptolemy.moml.MoMLSimpleApplication@60250e00
----------------- Done invoking toplevel() on ptolemy.moml.MoMLSimpleApplication@60250e00
reloadAllAccessors: .ComparedClocks

===========================================================================================
----------------- testing Sun Oct 04 15:40:36 UTC 2020 /home/travis/build/icyphy/ptII/ptolemy/domains/continuous/test/auto/ContinuousAOCClone.xml
----------------- Instantiating /home/travis/build/icyphy/ptII/ptolemy/domains/continuous/test/auto/ContinuousAOCClone.xml
2356 ms. Memory: 275456K Free: 159381K (58%)
----------------- Invoking toplevel() on ptolemy.moml.MoMLSimpleApplication@23d90132
----------------- Done invoking toplevel() on ptolemy.moml.MoMLSimpleApplication@23d90132
reloadAllAccessors: .ContinuousAOCClone

===========================================================================================
----------------- testing Sun Oct 04 15:40:39 UTC 2020 /home/travis/build/icyphy/ptII/ptolemy/domains/continuous/test/auto/ContinuousClock.xml
----------------- Instantiating /home/travis/build/icyphy/ptII/ptolemy/domains/continuous/test/auto/ContinuousClock.xml
33 ms. Memory: 275456K Free: 137877K (50%)
----------------- Invoking toplevel() on ptolemy.moml.MoMLSimpleApplication@590538a7
----------------- Done invoking toplevel() on ptolemy.moml.MoMLSimpleApplication@590538a7
reloadAllAccessors: .ContinuousClock

===========================================================================================
----------------- testing Sun Oct 04 15:40:39 UTC 2020 /home/travis/build/icyphy/ptII/ptolemy/domains/continuous/test/auto/ContinuousInContinuous.xml
----------------- Instantiating /home/travis/build/icyphy/ptII/ptolemy/domains/continuous/test/auto/ContinuousInContinuous.xml
53 ms. Memory: 275456K Free: 114325K (42%)
----------------- Invoking toplevel() on ptolemy.moml.MoMLSimpleApplication@c870ca2
----------------- Done invoking toplevel() on ptolemy.moml.MoMLSimpleApplication@c870ca2
reloadAllAccessors: .ContinuousInContinuous

===========================================================================================
----------------- testing Sun Oct 04 15:40:39 UTC 2020 /home/travis/build/icyphy/ptII/ptolemy/domains/continuous/test/auto/ContinuousInContinuousInContinuous.xml
----------------- Instantiating /home/travis/build/icyphy/ptII/ptolemy/domains/continuous/test/auto/ContinuousInContinuousInContinuous.xml
10 ms. Memory: 275456K Free: 106643K (39%)
----------------- Invoking toplevel() on ptolemy.moml.MoMLSimpleApplication@72c3b43b
----------------- Done invoking toplevel() on ptolemy.moml.MoMLSimpleApplication@72c3b43b
reloadAllAccessors: .ContinuousInContinuousInContinuous

===========================================================================================
----------------- testing Sun Oct 04 15:40:39 UTC 2020 /home/travis/build/icyphy/ptII/ptolemy/domains/continuous/test/auto/ContinuousInDE.xml
----------------- Instantiating /home/travis/build/icyphy/ptII/ptolemy/domains/continuous/test/auto/ContinuousInDE.xml
101 ms. Memory: 275456K Free: 259298K (94%)
----------------- Invoking toplevel() on ptolemy.moml.MoMLSimpleApplication@1fd88ef4
----------------- Done invoking toplevel() on ptolemy.moml.MoMLSimpleApplication@1fd88ef4
reloadAllAccessors: .ContinuousInDE

===========================================================================================
----------------- testing Sun Oct 04 15:40:39 UTC 2020 /home/travis/build/icyphy/ptII/ptolemy/domains/continuous/test/auto/ContinuousInDE2.xml
----------------- Instantiating /home/travis/build/icyphy/ptII/ptolemy/domains/continuous/test/auto/ContinuousInDE2.xml
32 ms. Memory: 275456K Free: 249481K (91%)
----------------- Invoking toplevel() on ptolemy.moml.MoMLSimpleApplication@571bf8b
----------------- Done invoking toplevel() on ptolemy.moml.MoMLSimpleApplication@571bf8b
reloadAllAccessors: .ContinuousInDE2

===========================================================================================
----------------- testing Sun Oct 04 15:40:39 UTC 2020 /home/travis/build/icyphy/ptII/ptolemy/domains/continuous/test/auto/ContinuousInDE3.xml
----------------- Instantiating /home/travis/build/icyphy/ptII/ptolemy/domains/continuous/test/auto/ContinuousInDE3.xml
32 ms. Memory: 275456K Free: 239755K (87%)
----------------- Invoking toplevel() on ptolemy.moml.MoMLSimpleApplication@6f1ceeb7
----------------- Done invoking toplevel() on ptolemy.moml.MoMLSimpleApplication@6f1ceeb7
reloadAllAccessors: .ContinuousInDE3

===========================================================================================
----------------- testing Sun Oct 04 15:40:39 UTC 2020 /home/travis/build/icyphy/ptII/ptolemy/domains/continuous/test/auto/ContinuousInDE4.xml
----------------- Instantiating /home/travis/build/icyphy/ptII/ptolemy/domains/continuous/test/auto/ContinuousInDE4.xml
13 ms. Memory: 275456K Free: 233611K (85%)
----------------- Invoking toplevel() on ptolemy.moml.MoMLSimpleApplication@ab9f690
----------------- Done invoking toplevel() on ptolemy.moml.MoMLSimpleApplication@ab9f690
reloadAllAccessors: .ContinuousInDE4

===========================================================================================
----------------- testing Sun Oct 04 15:40:39 UTC 2020 /home/travis/build/icyphy/ptII/ptolemy/domains/continuous/test/auto/ContinuousInDEDifferentRefinements.xml
----------------- Instantiating /home/travis/build/icyphy/ptII/ptolemy/domains/continuous/test/auto/ContinuousInDEDifferentRefinements.xml
57 ms. Memory: 275456K Free: 202891K (74%)
----------------- Invoking toplevel() on ptolemy.moml.MoMLSimpleApplication@832f0eb
----------------- Done invoking toplevel() on ptolemy.moml.MoMLSimpleApplication@832f0eb
reloadAllAccessors: .ContinuousInDEDifferentRefinements

===========================================================================================
----------------- testing Sun Oct 04 15:40:39 UTC 2020 /home/travis/build/icyphy/ptII/ptolemy/domains/continuous/test/auto/ContinuousInDEDifferentRefinementsPreemptive.xml
----------------- Instantiating /home/travis/build/icyphy/ptII/ptolemy/domains/continuous/test/auto/ContinuousInDEDifferentRefinementsPreemptive.xml
46 ms. Memory: 275456K Free: 172171K (63%)
----------------- Invoking toplevel() on ptolemy.moml.MoMLSimpleApplication@a7c69c1
----------------- Done invoking toplevel() on ptolemy.moml.MoMLSimpleApplication@a7c69c1
reloadAllAccessors: .ContinuousInDEDifferentRefinementsPreemptive

===========================================================================================
----------------- testing Sun Oct 04 15:40:39 UTC 2020 /home/travis/build/icyphy/ptII/ptolemy/domains/continuous/test/auto/ContinuousInDEInContinuous2.xml
----------------- Instantiating /home/travis/build/icyphy/ptII/ptolemy/domains/continuous/test/auto/ContinuousInDEInContinuous2.xml
35 ms. Memory: 275456K Free: 160393K (58%)
----------------- Invoking toplevel() on ptolemy.moml.MoMLSimpleApplication@11a6e72
----------------- Done invoking toplevel() on ptolemy.moml.MoMLSimpleApplication@11a6e72
reloadAllAccessors: .ContinuousInDEInContinuous2

===========================================================================================
----------------- testing Sun Oct 04 15:40:39 UTC 2020 /home/travis/build/icyphy/ptII/ptolemy/domains/continuous/test/auto/ContinuousInDEInContinuous3.xml
----------------- Instantiating /home/travis/build/icyphy/ptII/ptolemy/domains/continuous/test/auto/ContinuousInDEInContinuous3.xml
34 ms. Memory: 275456K Free: 148619K (54%)
----------------- Invoking toplevel() on ptolemy.moml.MoMLSimpleApplication@73c9089b
----------------- Done invoking toplevel() on ptolemy.moml.MoMLSimpleApplication@73c9089b
reloadAllAccessors: .ContinuousInDEInContinuous3

===========================================================================================
----------------- testing Sun Oct 04 15:40:39 UTC 2020 /home/travis/build/icyphy/ptII/ptolemy/domains/continuous/test/auto/ContinuousInDEInput.xml
----------------- Instantiating /home/travis/build/icyphy/ptII/ptolemy/domains/continuous/test/auto/ContinuousInDEInput.xml
17 ms. Memory: 275456K Free: 141451K (51%)
----------------- Invoking toplevel() on ptolemy.moml.MoMLSimpleApplication@3be9edfd
----------------- Done invoking toplevel() on ptolemy.moml.MoMLSimpleApplication@3be9edfd
reloadAllAccessors: .ContinuousInDEInput

===========================================================================================
----------------- testing Sun Oct 04 15:40:39 UTC 2020 /home/travis/build/icyphy/ptII/ptolemy/domains/continuous/test/auto/ContinuousInDEInput2.xml
----------------- Instantiating /home/travis/build/icyphy/ptII/ptolemy/domains/continuous/test/auto/ContinuousInDEInput2.xml
13 ms. Memory: 275456K Free: 134283K (49%)
----------------- Invoking toplevel() on ptolemy.moml.MoMLSimpleApplication@7f01e3c0
----------------- Done invoking toplevel() on ptolemy.moml.MoMLSimpleApplication@7f01e3c0
reloadAllAccessors: .ContinuousInDEInput2

===========================================================================================
----------------- testing Sun Oct 04 15:40:39 UTC 2020 /home/travis/build/icyphy/ptII/ptolemy/domains/continuous/test/auto/ContinuousInDEInput3.xml
----------------- Instantiating /home/travis/build/icyphy/ptII/ptolemy/domains/continuous/test/auto/ContinuousInDEInput3.xml
12 ms. Memory: 275456K Free: 127115K (46%)
----------------- Invoking toplevel() on ptolemy.moml.MoMLSimpleApplication@373ea0cc
----------------- Done invoking toplevel() on ptolemy.moml.MoMLSimpleApplication@373ea0cc
reloadAllAccessors: .ContinuousInDEInput3

===========================================================================================
----------------- testing Sun Oct 04 15:40:39 UTC 2020 /home/travis/build/icyphy/ptII/ptolemy/domains/continuous/test/auto/ContinuousInDESharingRefinement.xml
----------------- Instantiating /home/travis/build/icyphy/ptII/ptolemy/domains/continuous/test/auto/ContinuousInDESharingRefinement.xml
156 ms. Memory: 275456K Free: 196298K (71%)
----------------- Invoking toplevel() on ptolemy.moml.MoMLSimpleApplication@23df3a2d
----------------- Done invoking toplevel() on ptolemy.moml.MoMLSimpleApplication@23df3a2d
reloadAllAccessors: .ContinuousInDESharingRefinement

===========================================================================================
----------------- testing Sun Oct 04 15:40:40 UTC 2020 /home/travis/build/icyphy/ptII/ptolemy/domains/continuous/test/auto/ContinuousInDEwithNoPorts.xml
----------------- Instantiating /home/travis/build/icyphy/ptII/ptolemy/domains/continuous/test/auto/ContinuousInDEwithNoPorts.xml
9 ms. Memory: 275456K Free: 191675K (70%)
----------------- Invoking toplevel() on ptolemy.moml.MoMLSimpleApplication@6b9705bc
----------------- Done invoking toplevel() on ptolemy.moml.MoMLSimpleApplication@6b9705bc
reloadAllAccessors: .ContinuousInDEwithNoPorts

===========================================================================================
----------------- testing Sun Oct 04 15:40:40 UTC 2020 /home/travis/build/icyphy/ptII/ptolemy/domains/continuous/test/auto/ContinuousInsideDE.xml
----------------- Instantiating /home/travis/build/icyphy/ptII/ptolemy/domains/continuous/test/auto/ContinuousInsideDE.xml
27 ms. Memory: 275456K Free: 179897K (65%)
----------------- Invoking toplevel() on ptolemy.moml.MoMLSimpleApplication@4b5fa373
----------------- Done invoking toplevel() on ptolemy.moml.MoMLSimpleApplication@4b5fa373
reloadAllAccessors: .ContinuousInsideDE

===========================================================================================
----------------- testing Sun Oct 04 15:40:40 UTC 2020 /home/travis/build/icyphy/ptII/ptolemy/domains/continuous/test/auto/ContinuousMerge1.xml
----------------- Instantiating /home/travis/build/icyphy/ptII/ptolemy/domains/continuous/test/auto/ContinuousMerge1.xml
3 ms. Memory: 275456K Free: 175291K (64%)
----------------- Invoking toplevel() on ptolemy.moml.MoMLSimpleApplication@18eace36
----------------- Done invoking toplevel() on ptolemy.moml.MoMLSimpleApplication@18eace36
reloadAllAccessors: .ContinuousMerge1

===========================================================================================
----------------- testing Sun Oct 04 15:40:40 UTC 2020 /home/travis/build/icyphy/ptII/ptolemy/domains/continuous/test/auto/ContinuousMerge2.xml
----------------- Instantiating /home/travis/build/icyphy/ptII/ptolemy/domains/continuous/test/auto/ContinuousMerge2.xml
12 ms. Memory: 275456K Free: 165051K (60%)
----------------- Invoking toplevel() on ptolemy.moml.MoMLSimpleApplication@6f6e648d
----------------- Done invoking toplevel() on ptolemy.moml.MoMLSimpleApplication@6f6e648d
reloadAllAccessors: .ContinuousMerge2

===========================================================================================
----------------- testing Sun Oct 04 15:40:40 UTC 2020 /home/travis/build/icyphy/ptII/ptolemy/domains/continuous/test/auto/ContinuousMerge3.xml
----------------- Instantiating /home/travis/build/icyphy/ptII/ptolemy/domains/continuous/test/auto/ContinuousMerge3.xml
41 ms. Memory: 275456K Free: 154811K (56%)
----------------- Invoking toplevel() on ptolemy.moml.MoMLSimpleApplication@4e8ee2f0
----------------- Done invoking toplevel() on ptolemy.moml.MoMLSimpleApplication@4e8ee2f0
reloadAllAccessors: .ContinuousMerge3

===========================================================================================
----------------- testing Sun Oct 04 15:40:40 UTC 2020 /home/travis/build/icyphy/ptII/ptolemy/domains/continuous/test/auto/ContinuousWithinContinuous.xml
----------------- Instantiating /home/travis/build/icyphy/ptII/ptolemy/domains/continuous/test/auto/ContinuousWithinContinuous.xml
34 ms. Memory: 275456K Free: 145595K (53%)
----------------- Invoking toplevel() on ptolemy.moml.MoMLSimpleApplication@36f200e6
----------------- Done invoking toplevel() on ptolemy.moml.MoMLSimpleApplication@36f200e6
reloadAllAccessors: .ContinuousWithinContinuous

===========================================================================================
----------------- testing Sun Oct 04 15:40:40 UTC 2020 /home/travis/build/icyphy/ptII/ptolemy/domains/continuous/test/auto/ContinuousWithinContinuous2.xml
----------------- Instantiating /home/travis/build/icyphy/ptII/ptolemy/domains/continuous/test/auto/ContinuousWithinContinuous2.xml
57 ms. Memory: 275456K Free: 134841K (49%)
----------------- Invoking toplevel() on ptolemy.moml.MoMLSimpleApplication@2426a3aa
----------------- Done invoking toplevel() on ptolemy.moml.MoMLSimpleApplication@2426a3aa
reloadAllAccessors: .ContinuousWithinContinuous2

===========================================================================================
----------------- testing Sun Oct 04 15:40:40 UTC 2020 /home/travis/build/icyphy/ptII/ptolemy/domains/continuous/test/auto/ContinuousWithinContinuous3.xml
----------------- Instantiating /home/travis/build/icyphy/ptII/ptolemy/domains/continuous/test/auto/ContinuousWithinContinuous3.xml
11 ms. Memory: 275456K Free: 128187K (47%)
----------------- Invoking toplevel() on ptolemy.moml.MoMLSimpleApplication@b820505
----------------- Done invoking toplevel() on ptolemy.moml.MoMLSimpleApplication@b820505
reloadAllAccessors: .ContinuousWithinContinuous3

===========================================================================================
----------------- testing Sun Oct 04 15:40:40 UTC 2020 /home/travis/build/icyphy/ptII/ptolemy/domains/continuous/test/auto/ContinuousWithinContinuous4.xml
----------------- Instantiating /home/travis/build/icyphy/ptII/ptolemy/domains/continuous/test/auto/ContinuousWithinContinuous4.xml
51 ms. Memory: 275456K Free: 116409K (42%)
----------------- Invoking toplevel() on ptolemy.moml.MoMLSimpleApplication@1b08160a
----------------- Done invoking toplevel() on ptolemy.moml.MoMLSimpleApplication@1b08160a
reloadAllAccessors: .ContinuousWithinContinuous4

===========================================================================================
----------------- testing Sun Oct 04 15:40:40 UTC 2020 /home/travis/build/icyphy/ptII/ptolemy/domains/continuous/test/auto/ContinuousWithinContinuous5.xml
----------------- Instantiating /home/travis/build/icyphy/ptII/ptolemy/domains/continuous/test/auto/ContinuousWithinContinuous5.xml
9 ms. Memory: 275456K Free: 109241K (40%)
----------------- Invoking toplevel() on ptolemy.moml.MoMLSimpleApplication@1ff44325
----------------- Done invoking toplevel() on ptolemy.moml.MoMLSimpleApplication@1ff44325
reloadAllAccessors: .ContinuousWithinContinuous5

===========================================================================================
----------------- testing Sun Oct 04 15:40:40 UTC 2020 /home/travis/build/icyphy/ptII/ptolemy/domains/continuous/test/auto/ContinuousWithinContinuous6.xml
----------------- Instantiating /home/travis/build/icyphy/ptII/ptolemy/domains/continuous/test/auto/ContinuousWithinContinuous6.xml
9 ms. Memory: 275456K Free: 102073K (37%)
----------------- Invoking toplevel() on ptolemy.moml.MoMLSimpleApplication@539813c3
----------------- Done invoking toplevel() on ptolemy.moml.MoMLSimpleApplication@539813c3
reloadAllAccessors: .ContinuousWithinContinuous6

===========================================================================================
----------------- testing Sun Oct 04 15:40:40 UTC 2020 /home/travis/build/icyphy/ptII/ptolemy/domains/continuous/test/auto/ContinuousWithinContinuous7.xml
----------------- Instantiating /home/travis/build/icyphy/ptII/ptolemy/domains/continuous/test/auto/ContinuousWithinContinuous7.xml
48 ms. Memory: 275456K Free: 255375K (93%)
----------------- Invoking toplevel() on ptolemy.moml.MoMLSimpleApplication@d48df07
----------------- Done invoking toplevel() on ptolemy.moml.MoMLSimpleApplication@d48df07
reloadAllAccessors: .ContinuousWithinContinuous7

===========================================================================================
----------------- testing Sun Oct 04 15:40:40 UTC 2020 /home/travis/build/icyphy/ptII/ptolemy/domains/continuous/test/auto/DCMotor.xml
----------------- Instantiating /home/travis/build/icyphy/ptII/ptolemy/domains/continuous/test/auto/DCMotor.xml
12657 ms. Memory: 275456K Free: 129822K (47%)
----------------- Invoking toplevel() on ptolemy.moml.MoMLSimpleApplication@64d3e5a7
----------------- Done invoking toplevel() on ptolemy.moml.MoMLSimpleApplication@64d3e5a7
reloadAllAccessors: .DCMotor

===========================================================================================
----------------- testing Sun Oct 04 15:40:53 UTC 2020 /home/travis/build/icyphy/ptII/ptolemy/domains/continuous/test/auto/DEInContinuous.xml
----------------- Instantiating /home/travis/build/icyphy/ptII/ptolemy/domains/continuous/test/auto/DEInContinuous.xml
19 ms. Memory: 275456K Free: 123678K (45%)
----------------- Invoking toplevel() on ptolemy.moml.MoMLSimpleApplication@1fb7b11b
----------------- Done invoking toplevel() on ptolemy.moml.MoMLSimpleApplication@1fb7b11b
reloadAllAccessors: .DEInContinuous

===========================================================================================
----------------- testing Sun Oct 04 15:40:53 UTC 2020 /home/travis/build/icyphy/ptII/ptolemy/domains/continuous/test/auto/DEinContinuous2.xml
----------------- Instantiating /home/travis/build/icyphy/ptII/ptolemy/domains/continuous/test/auto/DEinContinuous2.xml
11 ms. Memory: 275456K Free: 115982K (42%)
----------------- Invoking toplevel() on ptolemy.moml.MoMLSimpleApplication@3573bf6f
----------------- Done invoking toplevel() on ptolemy.moml.MoMLSimpleApplication@3573bf6f
reloadAllAccessors: .DEinContinuous2

===========================================================================================
----------------- testing Sun Oct 04 15:40:53 UTC 2020 /home/travis/build/icyphy/ptII/ptolemy/domains/continuous/test/auto/Derivative.xml
----------------- Instantiating /home/travis/build/icyphy/ptII/ptolemy/domains/continuous/test/auto/Derivative.xml
145 ms. Memory: 275456K Free: 250283K (91%)
----------------- Invoking toplevel() on ptolemy.moml.MoMLSimpleApplication@3be54fe2
----------------- Done invoking toplevel() on ptolemy.moml.MoMLSimpleApplication@3be54fe2
reloadAllAccessors: .Derivative2

===========================================================================================
----------------- testing Sun Oct 04 15:40:53 UTC 2020 /home/travis/build/icyphy/ptII/ptolemy/domains/continuous/test/auto/Derivative1.xml
----------------- Instantiating /home/travis/build/icyphy/ptII/ptolemy/domains/continuous/test/auto/Derivative1.xml
27 ms. Memory: 275456K Free: 235830K (86%)
----------------- Invoking toplevel() on ptolemy.moml.MoMLSimpleApplication@21de8815
----------------- Done invoking toplevel() on ptolemy.moml.MoMLSimpleApplication@21de8815
reloadAllAccessors: .Derivative1

===========================================================================================
----------------- testing Sun Oct 04 15:40:53 UTC 2020 /home/travis/build/icyphy/ptII/ptolemy/domains/continuous/test/auto/DiscreteClock.xml
----------------- Instantiating /home/travis/build/icyphy/ptII/ptolemy/domains/continuous/test/auto/DiscreteClock.xml
4 ms. Memory: 275456K Free: 230710K (84%)
----------------- Invoking toplevel() on ptolemy.moml.MoMLSimpleApplication@6cd3659b
----------------- Done invoking toplevel() on ptolemy.moml.MoMLSimpleApplication@6cd3659b
reloadAllAccessors: .DiscreteClock

===========================================================================================
----------------- testing Sun Oct 04 15:40:53 UTC 2020 /home/travis/build/icyphy/ptII/ptolemy/domains/continuous/test/auto/EfficiencyCurve.xml
----------------- Instantiating /home/travis/build/icyphy/ptII/ptolemy/domains/continuous/test/auto/EfficiencyCurve.xml
49 ms. Memory: 275456K Free: 221494K (80%)
----------------- Invoking toplevel() on ptolemy.moml.MoMLSimpleApplication@60f3026
----------------- Done invoking toplevel() on ptolemy.moml.MoMLSimpleApplication@60f3026
reloadAllAccessors: .EfficiencyCurve

===========================================================================================
----------------- testing Sun Oct 04 15:40:53 UTC 2020 /home/travis/build/icyphy/ptII/ptolemy/domains/continuous/test/auto/ExponentialResponse.xml
----------------- Instantiating /home/travis/build/icyphy/ptII/ptolemy/domains/continuous/test/auto/ExponentialResponse.xml
111 ms. Memory: 275456K Free: 206134K (75%)
----------------- Invoking toplevel() on ptolemy.moml.MoMLSimpleApplication@717153c
----------------- Done invoking toplevel() on ptolemy.moml.MoMLSimpleApplication@717153c
reloadAllAccessors: .ExponentialResponse

===========================================================================================
----------------- testing Sun Oct 04 15:40:53 UTC 2020 /home/travis/build/icyphy/ptII/ptolemy/domains/continuous/test/auto/ExponentialResponseRK45.xml
----------------- Instantiating /home/travis/build/icyphy/ptII/ptolemy/domains/continuous/test/auto/ExponentialResponseRK45.xml
25 ms. Memory: 275456K Free: 199476K (72%)
----------------- Invoking toplevel() on ptolemy.moml.MoMLSimpleApplication@5e1cab23
----------------- Done invoking toplevel() on ptolemy.moml.MoMLSimpleApplication@5e1cab23
reloadAllAccessors: .ExponentialResponseRK45

===========================================================================================
----------------- testing Sun Oct 04 15:40:53 UTC 2020 /home/travis/build/icyphy/ptII/ptolemy/domains/continuous/test/auto/Friction.xml
----------------- Instantiating /home/travis/build/icyphy/ptII/ptolemy/domains/continuous/test/auto/Friction.xml
1533 ms. Memory: 275456K Free: 102592K (37%)
----------------- Invoking toplevel() on ptolemy.moml.MoMLSimpleApplication@733810d2
----------------- Done invoking toplevel() on ptolemy.moml.MoMLSimpleApplication@733810d2
reloadAllAccessors: .Friction

===========================================================================================
----------------- testing Sun Oct 04 15:40:55 UTC 2020 /home/travis/build/icyphy/ptII/ptolemy/domains/continuous/test/auto/FurutaPendulum.xml
----------------- Instantiating /home/travis/build/icyphy/ptII/ptolemy/domains/continuous/test/auto/FurutaPendulum.xml
3126 ms. Memory: 275456K Free: 240812K (87%)
----------------- Invoking toplevel() on ptolemy.moml.MoMLSimpleApplication@3f6055ab
----------------- Done invoking toplevel() on ptolemy.moml.MoMLSimpleApplication@3f6055ab
reloadAllAccessors: .FurutaPendulum

===========================================================================================
----------------- testing Sun Oct 04 15:40:58 UTC 2020 /home/travis/build/icyphy/ptII/ptolemy/domains/continuous/test/auto/HierarchicalExecution.xml
----------------- Instantiating /home/travis/build/icyphy/ptII/ptolemy/domains/continuous/test/auto/HierarchicalExecution.xml
1656 ms. Memory: 275456K Free: 126939K (46%)
----------------- Invoking toplevel() on ptolemy.moml.MoMLSimpleApplication@5186addc
----------------- Done invoking toplevel() on ptolemy.moml.MoMLSimpleApplication@5186addc
reloadAllAccessors: .HierarchicalExecution

===========================================================================================
----------------- testing Sun Oct 04 15:41:00 UTC 2020 /home/travis/build/icyphy/ptII/ptolemy/domains/continuous/test/auto/HybridPlant.xml
----------------- Instantiating /home/travis/build/icyphy/ptII/ptolemy/domains/continuous/test/auto/HybridPlant.xml
585 ms. Memory: 275456K Free: 189037K (69%)
----------------- Invoking toplevel() on ptolemy.moml.MoMLSimpleApplication@3a7339f2
----------------- Done invoking toplevel() on ptolemy.moml.MoMLSimpleApplication@3a7339f2
reloadAllAccessors: .HybridPlant

===========================================================================================
----------------- testing Sun Oct 04 15:41:01 UTC 2020 /home/travis/build/icyphy/ptII/ptolemy/domains/continuous/test/auto/Hysteresis.xml
----------------- Instantiating /home/travis/build/icyphy/ptII/ptolemy/domains/continuous/test/auto/Hysteresis.xml
131 ms. Memory: 275456K Free: 127069K (46%)
----------------- Invoking toplevel() on ptolemy.moml.MoMLSimpleApplication@6b31a663
----------------- Done invoking toplevel() on ptolemy.moml.MoMLSimpleApplication@6b31a663
reloadAllAccessors: .Hysteresis

===========================================================================================
----------------- testing Sun Oct 04 15:41:01 UTC 2020 /home/travis/build/icyphy/ptII/ptolemy/domains/continuous/test/auto/HysteresisWithRandomDelay.xml
----------------- Instantiating /home/travis/build/icyphy/ptII/ptolemy/domains/continuous/test/auto/HysteresisWithRandomDelay.xml
175 ms. Memory: 275456K Free: 219193K (80%)
----------------- Invoking toplevel() on ptolemy.moml.MoMLSimpleApplication@54e72b93
----------------- Done invoking toplevel() on ptolemy.moml.MoMLSimpleApplication@54e72b93
reloadAllAccessors: .HysteresisWithRandomDelay

===========================================================================================
----------------- testing Sun Oct 04 15:41:01 UTC 2020 /home/travis/build/icyphy/ptII/ptolemy/domains/continuous/test/auto/HysteresisWithRandomLosses.xml
----------------- Instantiating /home/travis/build/icyphy/ptII/ptolemy/domains/continuous/test/auto/HysteresisWithRandomLosses.xml
2396 ms. Memory: 275456K Free: 135038K (49%)
----------------- Invoking toplevel() on ptolemy.moml.MoMLSimpleApplication@5cdce637
----------------- Done invoking toplevel() on ptolemy.moml.MoMLSimpleApplication@5cdce637
reloadAllAccessors: .HysteresisWithRandomLosses

===========================================================================================
----------------- testing Sun Oct 04 15:41:04 UTC 2020 /home/travis/build/icyphy/ptII/ptolemy/domains/continuous/test/auto/ImmediateTransitions.xml
----------------- Instantiating /home/travis/build/icyphy/ptII/ptolemy/domains/continuous/test/auto/ImmediateTransitions.xml
10 ms. Memory: 275456K Free: 124302K (45%)
----------------- Invoking toplevel() on ptolemy.moml.MoMLSimpleApplication@3ecfb97f
----------------- Done invoking toplevel() on ptolemy.moml.MoMLSimpleApplication@3ecfb97f
reloadAllAccessors: .ImmediateTransitions

===========================================================================================
----------------- testing Sun Oct 04 15:41:04 UTC 2020 /home/travis/build/icyphy/ptII/ptolemy/domains/continuous/test/auto/ImpulseFeedback.xml
----------------- Instantiating /home/travis/build/icyphy/ptII/ptolemy/domains/continuous/test/auto/ImpulseFeedback.xml
7 ms. Memory: 275456K Free: 118668K (43%)
----------------- Invoking toplevel() on ptolemy.moml.MoMLSimpleApplication@7a97e464
----------------- Done invoking toplevel() on ptolemy.moml.MoMLSimpleApplication@7a97e464
reloadAllAccessors: .ImpulseFeedback

===========================================================================================
----------------- testing Sun Oct 04 15:41:04 UTC 2020 /home/travis/build/icyphy/ptII/ptolemy/domains/continuous/test/auto/ImpulseFeedback2.xml
----------------- Instantiating /home/travis/build/icyphy/ptII/ptolemy/domains/continuous/test/auto/ImpulseFeedback2.xml
6 ms. Memory: 275456K Free: 113038K (41%)
----------------- Invoking toplevel() on ptolemy.moml.MoMLSimpleApplication@29b745be
----------------- Done invoking toplevel() on ptolemy.moml.MoMLSimpleApplication@29b745be
reloadAllAccessors: .ImpulseFeedback2

===========================================================================================
----------------- testing Sun Oct 04 15:41:04 UTC 2020 /home/travis/build/icyphy/ptII/ptolemy/domains/continuous/test/auto/IncreasingRatePoisson.xml
----------------- Instantiating /home/travis/build/icyphy/ptII/ptolemy/domains/continuous/test/auto/IncreasingRatePoisson.xml
720 ms. Memory: 275456K Free: 140277K (51%)
----------------- Invoking toplevel() on ptolemy.moml.MoMLSimpleApplication@2bd31327
----------------- Done invoking toplevel() on ptolemy.moml.MoMLSimpleApplication@2bd31327
reloadAllAccessors: .IncreasingRatePoisson

===========================================================================================
----------------- testing Sun Oct 04 15:41:05 UTC 2020 /home/travis/build/icyphy/ptII/ptolemy/domains/continuous/test/auto/InitialStateFeedback.xml
----------------- Instantiating /home/travis/build/icyphy/ptII/ptolemy/domains/continuous/test/auto/InitialStateFeedback.xml
6 ms. Memory: 275456K Free: 135667K (49%)
----------------- Invoking toplevel() on ptolemy.moml.MoMLSimpleApplication@233bf103
----------------- Done invoking toplevel() on ptolemy.moml.MoMLSimpleApplication@233bf103
reloadAllAccessors: .InitialStateFeedback

===========================================================================================
----------------- testing Sun Oct 04 15:41:05 UTC 2020 /home/travis/build/icyphy/ptII/ptolemy/domains/continuous/test/auto/Integration.xml
----------------- Instantiating /home/travis/build/icyphy/ptII/ptolemy/domains/continuous/test/auto/Integration.xml
1 ms. Memory: 275456K Free: 131571K (48%)
----------------- Invoking toplevel() on ptolemy.moml.MoMLSimpleApplication@1f250440
----------------- Done invoking toplevel() on ptolemy.moml.MoMLSimpleApplication@1f250440
reloadAllAccessors: .Integration

===========================================================================================
----------------- testing Sun Oct 04 15:41:05 UTC 2020 /home/travis/build/icyphy/ptII/ptolemy/domains/continuous/test/auto/Integration2.xml
----------------- Instantiating /home/travis/build/icyphy/ptII/ptolemy/domains/continuous/test/auto/Integration2.xml
81 ms. Memory: 275456K Free: 117235K (43%)
----------------- Invoking toplevel() on ptolemy.moml.MoMLSimpleApplication@4ebbfb88
----------------- Done invoking toplevel() on ptolemy.moml.MoMLSimpleApplication@4ebbfb88
reloadAllAccessors: .Integration2

===========================================================================================
----------------- testing Sun Oct 04 15:41:05 UTC 2020 /home/travis/build/icyphy/ptII/ptolemy/domains/continuous/test/auto/Integration3.xml
----------------- Instantiating /home/travis/build/icyphy/ptII/ptolemy/domains/continuous/test/auto/Integration3.xml
2 ms. Memory: 275456K Free: 112629K (41%)
----------------- Invoking toplevel() on ptolemy.moml.MoMLSimpleApplication@3035881b
----------------- Done invoking toplevel() on ptolemy.moml.MoMLSimpleApplication@3035881b
reloadAllAccessors: .Integration3

===========================================================================================
----------------- testing Sun Oct 04 15:41:05 UTC 2020 /home/travis/build/icyphy/ptII/ptolemy/domains/continuous/test/auto/Integration5.xml
----------------- Instantiating /home/travis/build/icyphy/ptII/ptolemy/domains/continuous/test/auto/Integration5.xml
7 ms. Memory: 275456K Free: 108533K (39%)
----------------- Invoking toplevel() on ptolemy.moml.MoMLSimpleApplication@66fe1c26
----------------- Done invoking toplevel() on ptolemy.moml.MoMLSimpleApplication@66fe1c26
reloadAllAccessors: .Integration5

===========================================================================================
----------------- testing Sun Oct 04 15:41:05 UTC 2020 /home/travis/build/icyphy/ptII/ptolemy/domains/continuous/test/auto/IntegratorImpulse.xml
----------------- Instantiating /home/travis/build/icyphy/ptII/ptolemy/domains/continuous/test/auto/IntegratorImpulse.xml
2 ms. Memory: 275456K Free: 104437K (38%)
----------------- Invoking toplevel() on ptolemy.moml.MoMLSimpleApplication@3775de22
----------------- Done invoking toplevel() on ptolemy.moml.MoMLSimpleApplication@3775de22
reloadAllAccessors: .IntegratorImpulse

===========================================================================================
----------------- testing Sun Oct 04 15:41:05 UTC 2020 /home/travis/build/icyphy/ptII/ptolemy/domains/continuous/test/auto/IntegratorImpulse2.xml
----------------- Instantiating /home/travis/build/icyphy/ptII/ptolemy/domains/continuous/test/auto/IntegratorImpulse2.xml
4 ms. Memory: 275456K Free: 99797K (36%)
----------------- Invoking toplevel() on ptolemy.moml.MoMLSimpleApplication@38b52af8
----------------- Done invoking toplevel() on ptolemy.moml.MoMLSimpleApplication@38b52af8
reloadAllAccessors: .IntegratorImpulse2

===========================================================================================
----------------- testing Sun Oct 04 15:41:05 UTC 2020 /home/travis/build/icyphy/ptII/ptolemy/domains/continuous/test/auto/LevelCrossing1.xml
----------------- Instantiating /home/travis/build/icyphy/ptII/ptolemy/domains/continuous/test/auto/LevelCrossing1.xml
6 ms. Memory: 275456K Free: 259029K (94%)
----------------- Invoking toplevel() on ptolemy.moml.MoMLSimpleApplication@22a90856
----------------- Done invoking toplevel() on ptolemy.moml.MoMLSimpleApplication@22a90856
reloadAllAccessors: .LevelCrossing1

===========================================================================================
----------------- testing Sun Oct 04 15:41:05 UTC 2020 /home/travis/build/icyphy/ptII/ptolemy/domains/continuous/test/auto/LevelCrossing2.xml
----------------- Instantiating /home/travis/build/icyphy/ptII/ptolemy/domains/continuous/test/auto/LevelCrossing2.xml
3 ms. Memory: 275456K Free: 253680K (92%)
----------------- Invoking toplevel() on ptolemy.moml.MoMLSimpleApplication@61909e82
----------------- Done invoking toplevel() on ptolemy.moml.MoMLSimpleApplication@61909e82
reloadAllAccessors: .LevelCrossing2

===========================================================================================
----------------- testing Sun Oct 04 15:41:05 UTC 2020 /home/travis/build/icyphy/ptII/ptolemy/domains/continuous/test/auto/LevelCrossing3.xml
----------------- Instantiating /home/travis/build/icyphy/ptII/ptolemy/domains/continuous/test/auto/LevelCrossing3.xml
2 ms. Memory: 275456K Free: 248560K (90%)
----------------- Invoking toplevel() on ptolemy.moml.MoMLSimpleApplication@3abbe51
----------------- Done invoking toplevel() on ptolemy.moml.MoMLSimpleApplication@3abbe51
reloadAllAccessors: .LevelCrossing3

===========================================================================================
----------------- testing Sun Oct 04 15:41:05 UTC 2020 /home/travis/build/icyphy/ptII/ptolemy/domains/continuous/test/auto/LevelCrossing4.xml
----------------- Instantiating /home/travis/build/icyphy/ptII/ptolemy/domains/continuous/test/auto/LevelCrossing4.xml
3 ms. Memory: 275456K Free: 243434K (88%)
----------------- Invoking toplevel() on ptolemy.moml.MoMLSimpleApplication@3da709d8
----------------- Done invoking toplevel() on ptolemy.moml.MoMLSimpleApplication@3da709d8
reloadAllAccessors: .LevelCrossing4

===========================================================================================
----------------- testing Sun Oct 04 15:41:05 UTC 2020 /home/travis/build/icyphy/ptII/ptolemy/domains/continuous/test/auto/LevelCrossing5.xml
----------------- Instantiating /home/travis/build/icyphy/ptII/ptolemy/domains/continuous/test/auto/LevelCrossing5.xml
3 ms. Memory: 275456K Free: 238320K (87%)
----------------- Invoking toplevel() on ptolemy.moml.MoMLSimpleApplication@288045bc
----------------- Done invoking toplevel() on ptolemy.moml.MoMLSimpleApplication@288045bc
reloadAllAccessors: .LevelCrossing5

===========================================================================================
[...]
4 ms. Memory: 275456K Free: 166819K (61%)
----------------- Invoking toplevel() on ptolemy.moml.MoMLSimpleApplication@39694f51
----------------- Done invoking toplevel() on ptolemy.moml.MoMLSimpleApplication@39694f51
reloadAllAccessors: .SRinContinuous

===========================================================================================
----------------- testing Sun Oct 04 15:41:21 UTC 2020 /home/travis/build/icyphy/ptII/ptolemy/domains/continuous/test/auto/SampledClocks.xml
----------------- Instantiating /home/travis/build/icyphy/ptII/ptolemy/domains/continuous/test/auto/SampledClocks.xml
7 ms. Memory: 275456K Free: 154531K (56%)
----------------- Invoking toplevel() on ptolemy.moml.MoMLSimpleApplication@5e9a24f1
----------------- Done invoking toplevel() on ptolemy.moml.MoMLSimpleApplication@5e9a24f1
reloadAllAccessors: .SampledClocks

===========================================================================================
----------------- testing Sun Oct 04 15:41:22 UTC 2020 /home/travis/build/icyphy/ptII/ptolemy/domains/continuous/test/auto/Satellite.xml
----------------- Instantiating /home/travis/build/icyphy/ptII/ptolemy/domains/continuous/test/auto/Satellite.xml
752 ms. Memory: 275456K Free: 115138K (42%)
----------------- Invoking toplevel() on ptolemy.moml.MoMLSimpleApplication@20010d45
----------------- Done invoking toplevel() on ptolemy.moml.MoMLSimpleApplication@20010d45
reloadAllAccessors: .Satellite

===========================================================================================
----------------- testing Sun Oct 04 15:41:22 UTC 2020 /home/travis/build/icyphy/ptII/ptolemy/domains/continuous/test/auto/SigmaDelta.xml
----------------- Instantiating /home/travis/build/icyphy/ptII/ptolemy/domains/continuous/test/auto/SigmaDelta.xml
1846 ms. Memory: 275456K Free: 177029K (64%)
----------------- Invoking toplevel() on ptolemy.moml.MoMLSimpleApplication@5256b580
----------------- Done invoking toplevel() on ptolemy.moml.MoMLSimpleApplication@5256b580
reloadAllAccessors: .SigmaDelta

===========================================================================================
----------------- testing Sun Oct 04 15:41:24 UTC 2020 /home/travis/build/icyphy/ptII/ptolemy/domains/continuous/test/auto/SingleRefinement.xml
----------------- Instantiating /home/travis/build/icyphy/ptII/ptolemy/domains/continuous/test/auto/SingleRefinement.xml
265 ms. Memory: 275456K Free: 155280K (56%)
----------------- Invoking toplevel() on ptolemy.moml.MoMLSimpleApplication@5092c268
----------------- Done invoking toplevel() on ptolemy.moml.MoMLSimpleApplication@5092c268
reloadAllAccessors: .SingleRefinement

===========================================================================================
----------------- testing Sun Oct 04 15:41:25 UTC 2020 /home/travis/build/icyphy/ptII/ptolemy/domains/continuous/test/auto/SinuBouncingBall.xml
----------------- Instantiating /home/travis/build/icyphy/ptII/ptolemy/domains/continuous/test/auto/SinuBouncingBall.xml
769 ms. Memory: 275456K Free: 100011K (36%)
----------------- Invoking toplevel() on ptolemy.moml.MoMLSimpleApplication@1865aba4
----------------- Done invoking toplevel() on ptolemy.moml.MoMLSimpleApplication@1865aba4
reloadAllAccessors: .SinuBouncingBall

===========================================================================================
----------------- testing Sun Oct 04 15:41:26 UTC 2020 /home/travis/build/icyphy/ptII/ptolemy/domains/continuous/test/auto/Sinusoid.xml
----------------- Instantiating /home/travis/build/icyphy/ptII/ptolemy/domains/continuous/test/auto/Sinusoid.xml
4 ms. Memory: 275456K Free: 95405K (35%)
----------------- Invoking toplevel() on ptolemy.moml.MoMLSimpleApplication@32bf12dc
----------------- Done invoking toplevel() on ptolemy.moml.MoMLSimpleApplication@32bf12dc
reloadAllAccessors: .Sinusoid

===========================================================================================
----------------- testing Sun Oct 04 15:41:26 UTC 2020 /home/travis/build/icyphy/ptII/ptolemy/domains/continuous/test/auto/SinusoidInNoise.xml
----------------- Instantiating /home/travis/build/icyphy/ptII/ptolemy/domains/continuous/test/auto/SinusoidInNoise.xml
752 ms. Memory: 275456K Free: 124832K (45%)
----------------- Invoking toplevel() on ptolemy.moml.MoMLSimpleApplication@6e268b7a
----------------- Done invoking toplevel() on ptolemy.moml.MoMLSimpleApplication@6e268b7a
reloadAllAccessors: .SinusoidInNoise

===========================================================================================
----------------- testing Sun Oct 04 15:41:26 UTC 2020 /home/travis/build/icyphy/ptII/ptolemy/domains/continuous/test/auto/SinusoidRK45.xml
----------------- Instantiating /home/travis/build/icyphy/ptII/ptolemy/domains/continuous/test/auto/SinusoidRK45.xml
7 ms. Memory: 275456K Free: 120730K (44%)
----------------- Invoking toplevel() on ptolemy.moml.MoMLSimpleApplication@55021eb2
----------------- Done invoking toplevel() on ptolemy.moml.MoMLSimpleApplication@55021eb2
reloadAllAccessors: .SinusoidRK45

===========================================================================================
----------------- testing Sun Oct 04 15:41:26 UTC 2020 /home/travis/build/icyphy/ptII/ptolemy/domains/continuous/test/auto/SinusoidWithMultipleImpulses.xml
----------------- Instantiating /home/travis/build/icyphy/ptII/ptolemy/domains/continuous/test/auto/SinusoidWithMultipleImpulses.xml
2 ms. Memory: 275456K Free: 116130K (42%)
----------------- Invoking toplevel() on ptolemy.moml.MoMLSimpleApplication@61663ba6
----------------- Done invoking toplevel() on ptolemy.moml.MoMLSimpleApplication@61663ba6
reloadAllAccessors: .SinusoidWithMultipleImpulses

===========================================================================================
----------------- testing Sun Oct 04 15:41:26 UTC 2020 /home/travis/build/icyphy/ptII/ptolemy/domains/continuous/test/auto/SquareWave.xml
----------------- Instantiating /home/travis/build/icyphy/ptII/ptolemy/domains/continuous/test/auto/SquareWave.xml
142 ms. Memory: 275456K Free: 252460K (92%)
----------------- Invoking toplevel() on ptolemy.moml.MoMLSimpleApplication@2f010fee
----------------- Done invoking toplevel() on ptolemy.moml.MoMLSimpleApplication@2f010fee
reloadAllAccessors: .SquareWave

===========================================================================================
----------------- testing Sun Oct 04 15:41:27 UTC 2020 /home/travis/build/icyphy/ptII/ptolemy/domains/continuous/test/auto/Starmac.xml
----------------- Instantiating /home/travis/build/icyphy/ptII/ptolemy/domains/continuous/test/auto/Starmac.xml
3046 ms. Memory: 275456K Free: 96540K (35%)
----------------- Invoking toplevel() on ptolemy.moml.MoMLSimpleApplication@762c6131
----------------- Done invoking toplevel() on ptolemy.moml.MoMLSimpleApplication@762c6131
reloadAllAccessors: .Starmac

===========================================================================================
----------------- testing Sun Oct 04 15:41:30 UTC 2020 /home/travis/build/icyphy/ptII/ptolemy/domains/continuous/test/auto/StaticUnits.xml
----------------- Instantiating /home/travis/build/icyphy/ptII/ptolemy/domains/continuous/test/auto/StaticUnits.xml
1988 ms. Memory: 275456K Free: 102947K (37%)
----------------- Invoking toplevel() on ptolemy.moml.MoMLSimpleApplication@7bb88503
----------------- Done invoking toplevel() on ptolemy.moml.MoMLSimpleApplication@7bb88503
reloadAllAccessors: .StaticUnits

===========================================================================================
----------------- testing Sun Oct 04 15:41:33 UTC 2020 /home/travis/build/icyphy/ptII/ptolemy/domains/continuous/test/auto/StickyMasses.xml
----------------- Instantiating /home/travis/build/icyphy/ptII/ptolemy/domains/continuous/test/auto/StickyMasses.xml
142 ms. Memory: 275456K Free: 213010K (77%)
----------------- Invoking toplevel() on ptolemy.moml.MoMLSimpleApplication@3cc44f35
----------------- Done invoking toplevel() on ptolemy.moml.MoMLSimpleApplication@3cc44f35
reloadAllAccessors: .StickyMasses

===========================================================================================
----------------- testing Sun Oct 04 15:41:33 UTC 2020 /home/travis/build/icyphy/ptII/ptolemy/domains/continuous/test/auto/StopTime.xml
----------------- Instantiating /home/travis/build/icyphy/ptII/ptolemy/domains/continuous/test/auto/StopTime.xml
47 ms. Memory: 275456K Free: 188434K (68%)
----------------- Invoking toplevel() on ptolemy.moml.MoMLSimpleApplication@63287501
----------------- Done invoking toplevel() on ptolemy.moml.MoMLSimpleApplication@63287501
reloadAllAccessors: .StopTime

===========================================================================================
----------------- testing Sun Oct 04 15:41:33 UTC 2020 /home/travis/build/icyphy/ptII/ptolemy/domains/continuous/test/auto/StopTime2.xml
----------------- Instantiating /home/travis/build/icyphy/ptII/ptolemy/domains/continuous/test/auto/StopTime2.xml
55 ms. Memory: 275456K Free: 166416K (60%)
----------------- Invoking toplevel() on ptolemy.moml.MoMLSimpleApplication@42430ccb
----------------- Done invoking toplevel() on ptolemy.moml.MoMLSimpleApplication@42430ccb
reloadAllAccessors: .StopTime2

===========================================================================================
----------------- testing Sun Oct 04 15:41:33 UTC 2020 /home/travis/build/icyphy/ptII/ptolemy/domains/continuous/test/auto/Switch.xml
----------------- Instantiating /home/travis/build/icyphy/ptII/ptolemy/domains/continuous/test/auto/Switch.xml
38 ms. Memory: 275456K Free: 141840K (51%)
----------------- Invoking toplevel() on ptolemy.moml.MoMLSimpleApplication@5fbd7cbb
----------------- Done invoking toplevel() on ptolemy.moml.MoMLSimpleApplication@5fbd7cbb
reloadAllAccessors: .Switch

===========================================================================================
----------------- testing Sun Oct 04 15:41:33 UTC 2020 /home/travis/build/icyphy/ptII/ptolemy/domains/continuous/test/auto/Thermostat.xml
----------------- Instantiating /home/travis/build/icyphy/ptII/ptolemy/domains/continuous/test/auto/Thermostat.xml
224 ms. Memory: 275456K Free: 228874K (83%)
----------------- Invoking toplevel() on ptolemy.moml.MoMLSimpleApplication@c6738d8
----------------- Done invoking toplevel() on ptolemy.moml.MoMLSimpleApplication@c6738d8
reloadAllAccessors: .Thermostat

===========================================================================================
----------------- testing Sun Oct 04 15:41:33 UTC 2020 /home/travis/build/icyphy/ptII/ptolemy/domains/continuous/test/auto/TimeDelay.xml
----------------- Instantiating /home/travis/build/icyphy/ptII/ptolemy/domains/continuous/test/auto/TimeDelay.xml
18 ms. Memory: 275456K Free: 223754K (81%)
----------------- Invoking toplevel() on ptolemy.moml.MoMLSimpleApplication@9ce28e2
----------------- Done invoking toplevel() on ptolemy.moml.MoMLSimpleApplication@9ce28e2
reloadAllAccessors: .TimeDelay

===========================================================================================
----------------- testing Sun Oct 04 15:41:33 UTC 2020 /home/travis/build/icyphy/ptII/ptolemy/domains/continuous/test/auto/TimeDelay2.xml
----------------- Instantiating /home/travis/build/icyphy/ptII/ptolemy/domains/continuous/test/auto/TimeDelay2.xml
9 ms. Memory: 275456K Free: 214034K (78%)
----------------- Invoking toplevel() on ptolemy.moml.MoMLSimpleApplication@73ceb694
----------------- Done invoking toplevel() on ptolemy.moml.MoMLSimpleApplication@73ceb694
reloadAllAccessors: .TimeDelay2

===========================================================================================
----------------- testing Sun Oct 04 15:41:33 UTC 2020 /home/travis/build/icyphy/ptII/ptolemy/domains/continuous/test/auto/TimeDelay3.xml
----------------- Instantiating /home/travis/build/icyphy/ptII/ptolemy/domains/continuous/test/auto/TimeDelay3.xml
5 ms. Memory: 275456K Free: 209936K (76%)
----------------- Invoking toplevel() on ptolemy.moml.MoMLSimpleApplication@2b34271d
----------------- Done invoking toplevel() on ptolemy.moml.MoMLSimpleApplication@2b34271d
reloadAllAccessors: .TimeDelay3

===========================================================================================
----------------- testing Sun Oct 04 15:41:33 UTC 2020 /home/travis/build/icyphy/ptII/ptolemy/domains/continuous/test/auto/TransferAbsentToInside.xml
----------------- Instantiating /home/travis/build/icyphy/ptII/ptolemy/domains/continuous/test/auto/TransferAbsentToInside.xml
25 ms. Memory: 275456K Free: 156162K (57%)
----------------- Invoking toplevel() on ptolemy.moml.MoMLSimpleApplication@39b3e4c0
----------------- Done invoking toplevel() on ptolemy.moml.MoMLSimpleApplication@39b3e4c0
reloadAllAccessors: .TransferAbsentToInside

===========================================================================================
----------------- testing Sun Oct 04 15:41:33 UTC 2020 /home/travis/build/icyphy/ptII/ptolemy/domains/continuous/test/auto/Transmission.xml
----------------- Instantiating /home/travis/build/icyphy/ptII/ptolemy/domains/continuous/test/auto/Transmission.xml
748 ms. Memory: 275456K Free: 243201K (88%)
----------------- Invoking toplevel() on ptolemy.moml.MoMLSimpleApplication@253b7366
----------------- Done invoking toplevel() on ptolemy.moml.MoMLSimpleApplication@253b7366
reloadAllAccessors: .Transmission

===========================================================================================
----------------- testing Sun Oct 04 15:41:34 UTC 2020 /home/travis/build/icyphy/ptII/ptolemy/domains/continuous/test/auto/TriggeredContinuousClock.xml
----------------- Instantiating /home/travis/build/icyphy/ptII/ptolemy/domains/continuous/test/auto/TriggeredContinuousClock.xml
33 ms. Memory: 275456K Free: 214019K (78%)
----------------- Invoking toplevel() on ptolemy.moml.MoMLSimpleApplication@a3fcdd7
----------------- Done invoking toplevel() on ptolemy.moml.MoMLSimpleApplication@a3fcdd7
reloadAllAccessors: .TriggeredContinuousClock

===========================================================================================
----------------- testing Sun Oct 04 15:41:34 UTC 2020 /home/travis/build/icyphy/ptII/ptolemy/domains/continuous/test/auto/TwoMachineInfiniteBusControl.xml
----------------- Instantiating /home/travis/build/icyphy/ptII/ptolemy/domains/continuous/test/auto/TwoMachineInfiniteBusControl.xml
2357 ms. Memory: 330752K Free: 183252K (55%)
----------------- Invoking toplevel() on ptolemy.moml.MoMLSimpleApplication@68fb0134
----------------- Done invoking toplevel() on ptolemy.moml.MoMLSimpleApplication@68fb0134
reloadAllAccessors: .TwoMachineInfiniteBusControl

===========================================================================================
----------------- testing Sun Oct 04 15:41:37 UTC 2020 /home/travis/build/icyphy/ptII/ptolemy/domains/continuous/test/auto/V2V.xml
----------------- Instantiating /home/travis/build/icyphy/ptII/ptolemy/domains/continuous/test/auto/V2V.xml
743 ms. Memory: 330752K Free: 186299K (56%)
----------------- Invoking toplevel() on ptolemy.moml.MoMLSimpleApplication@26ac7b69
----------------- Done invoking toplevel() on ptolemy.moml.MoMLSimpleApplication@26ac7b69
reloadAllAccessors: .V2V

===========================================================================================
----------------- testing Sun Oct 04 15:41:38 UTC 2020 /home/travis/build/icyphy/ptII/ptolemy/domains/continuous/test/auto/hierarchicalModalModel.xml
----------------- Instantiating /home/travis/build/icyphy/ptII/ptolemy/domains/continuous/test/auto/hierarchicalModalModel.xml
9 ms. Memory: 330752K Free: 171963K (52%)
----------------- Invoking toplevel() on ptolemy.moml.MoMLSimpleApplication@6ce87810
----------------- Done invoking toplevel() on ptolemy.moml.MoMLSimpleApplication@6ce87810
reloadAllAccessors: .hierarchicalModalModel

===========================================================================================
----------------- testing Sun Oct 04 15:41:38 UTC 2020 /home/travis/build/icyphy/ptII/ptolemy/domains/continuous/test/auto/hierarchicalModalModel1.xml
----------------- Instantiating /home/travis/build/icyphy/ptII/ptolemy/domains/continuous/test/auto/hierarchicalModalModel1.xml
7 ms. Memory: 330752K Free: 157641K (48%)
----------------- Invoking toplevel() on ptolemy.moml.MoMLSimpleApplication@509d1697
----------------- Done invoking toplevel() on ptolemy.moml.MoMLSimpleApplication@509d1697
reloadAllAccessors: .hierarchicalModalModel1

===========================================================================================
----------------- testing Sun Oct 04 15:41:38 UTC 2020 /home/travis/build/icyphy/ptII/ptolemy/domains/continuous/test/auto/hierarchicalModalModel2.xml
----------------- Instantiating /home/travis/build/icyphy/ptII/ptolemy/domains/continuous/test/auto/hierarchicalModalModel2.xml
6 ms. Memory: 330752K Free: 145339K (44%)
----------------- Invoking toplevel() on ptolemy.moml.MoMLSimpleApplication@305a6f3d
----------------- Done invoking toplevel() on ptolemy.moml.MoMLSimpleApplication@305a6f3d
reloadAllAccessors: .hierarchicalModalModel2

===========================================================================================
----------------- testing Sun Oct 04 15:41:38 UTC 2020 /home/travis/build/icyphy/ptII/ptolemy/domains/continuous/test/auto/hierarchicalModalModel3.xml
----------------- Instantiating /home/travis/build/icyphy/ptII/ptolemy/domains/continuous/test/auto/hierarchicalModalModel3.xml
6 ms. Memory: 330752K Free: 134603K (41%)
----------------- Invoking toplevel() on ptolemy.moml.MoMLSimpleApplication@11e4876d
----------------- Done invoking toplevel() on ptolemy.moml.MoMLSimpleApplication@11e4876d
reloadAllAccessors: .hierarchicalModalModel3

===========================================================================================
----------------- testing Sun Oct 04 15:41:38 UTC 2020 /home/travis/build/icyphy/ptII/ptolemy/domains/continuous/test/auto/hierarchicalModalModel4.xml
----------------- Instantiating /home/travis/build/icyphy/ptII/ptolemy/domains/continuous/test/auto/hierarchicalModalModel4.xml
4 ms. Memory: 330752K Free: 122825K (37%)
----------------- Invoking toplevel() on ptolemy.moml.MoMLSimpleApplication@945bbe6
----------------- Done invoking toplevel() on ptolemy.moml.MoMLSimpleApplication@945bbe6
reloadAllAccessors: .hierarchicalModalModel4

===========================================================================================
----------------- testing Sun Oct 04 15:41:38 UTC 2020 /home/travis/build/icyphy/ptII/ptolemy/domains/continuous/test/auto/junk.xml
----------------- Instantiating /home/travis/build/icyphy/ptII/ptolemy/domains/continuous/test/auto/junk.xml
94 ms. Memory: 330752K Free: 288042K (87%)
----------------- Invoking toplevel() on ptolemy.moml.MoMLSimpleApplication@782ef556
----------------- Done invoking toplevel() on ptolemy.moml.MoMLSimpleApplication@782ef556
reloadAllAccessors: .junk
AutoTests.java: About to close Vertx.
AutoTests.java: Vertx closed.
]]></system-out>
  <system-err><![CDATA[Warning: '.HysteresisWithRandomDelay.NonStrictTest' The test produced only 221 tokens, yet the correctValues parameter was expecting 222 tokens.
Warning: '.HysteresisWithRandomDelay.NonStrictTest2' The test produced only 220 tokens, yet the correctValues parameter was expecting 221 tokens.
Warning: '.HysteresisWithRandomDelay.NonStrictTest3' The test produced only 26 tokens, yet the correctValues parameter was expecting 30 tokens.
Warning: '.IncreasingRatePoisson.NonStrictTest' The test produced only 388 tokens, yet the correctValues parameter was expecting 402 tokens.
Warning: '.Poisson.NonStrictTest' The test produced only 421 tokens, yet the correctValues parameter was expecting 430 tokens.
]]></system-err>
</testsuite>
