<?xml version="1.0" encoding="UTF-8" ?>
<testsuite errors="0" failures="0" hostname="travis-job-425cd71e-6211-47ad-89cd-11c5446568da" name="ptolemy.domains.modal.test.junit.JUnitTclTest" skipped="0" tests="148" time="9.662" timestamp="2018-09-11T02:11:20">
  <properties>
[...]
</properties>
  <testcase classname="ptolemy.util.test.junit.TclTests" name="[0] /home/travis/build/icyphy/ptII/ptolemy/domains/modal/test/SystemLevelType.tcl (RunTclFile)" time="1.752" />
  <testcase classname="ptolemy.util.test.junit.AutoKnownFailedTests" name="[0] /home/travis/build/icyphy/ptII/ptolemy/domains/modal/test/auto/knownFailedTests/CannotAnalysisWithPreemption.xml (RunModel)" time="0.15" />
  <testcase classname="ptolemy.util.test.junit.AutoNameArchTests" name="[0] ThereAreNoAutoArchTests (RunModel)" time="0.009" />
  <testcase classname="ptolemy.util.test.junit.AutoTests" name="[0] /home/travis/build/icyphy/ptII/ptolemy/domains/modal/test/auto/ABPTest.xml (RunModel)" time="0.663" />
  <testcase classname="ptolemy.util.test.junit.AutoTests" name="[1] /home/travis/build/icyphy/ptII/ptolemy/domains/modal/test/auto/ABROFlat.xml (RunModel)" time="0.086" />
  <testcase classname="ptolemy.util.test.junit.AutoTests" name="[2] /home/travis/build/icyphy/ptII/ptolemy/domains/modal/test/auto/ABROFlat2.xml (RunModel)" time="0.074" />
  <testcase classname="ptolemy.util.test.junit.AutoTests" name="[3] /home/travis/build/icyphy/ptII/ptolemy/domains/modal/test/auto/ABRO_present_hmm.xml (RunModel)" time="0.147" />
  <testcase classname="ptolemy.util.test.junit.AutoTests" name="[4] /home/travis/build/icyphy/ptII/ptolemy/domains/modal/test/auto/AMICoderExample.xml (RunModel)" time="0.051" />
  <testcase classname="ptolemy.util.test.junit.AutoTests" name="[5] /home/travis/build/icyphy/ptII/ptolemy/domains/modal/test/auto/AbsentToPresent.xml (RunModel)" time="0.022" />
  <testcase classname="ptolemy.util.test.junit.AutoTests" name="[6] /home/travis/build/icyphy/ptII/ptolemy/domains/modal/test/auto/Blending.xml (RunModel)" time="0.25" />
  <testcase classname="ptolemy.util.test.junit.AutoTests" name="[7] /home/travis/build/icyphy/ptII/ptolemy/domains/modal/test/auto/Broadcast.xml (RunModel)" time="0.081" />
  <testcase classname="ptolemy.util.test.junit.AutoTests" name="[8] /home/travis/build/icyphy/ptII/ptolemy/domains/modal/test/auto/BroadcastHierarchy.xml (RunModel)" time="0.078" />
  <testcase classname="ptolemy.util.test.junit.AutoTests" name="[9] /home/travis/build/icyphy/ptII/ptolemy/domains/modal/test/auto/BroadcastHierarchy2.xml (RunModel)" time="0.123" />
  <testcase classname="ptolemy.util.test.junit.AutoTests" name="[10] /home/travis/build/icyphy/ptII/ptolemy/domains/modal/test/auto/BroadcastHierarchy3.xml (RunModel)" time="0.115" />
  <testcase classname="ptolemy.util.test.junit.AutoTests" name="[11] /home/travis/build/icyphy/ptII/ptolemy/domains/modal/test/auto/BroadcastHierarchy4.xml (RunModel)" time="0.093" />
  <testcase classname="ptolemy.util.test.junit.AutoTests" name="[12] /home/travis/build/icyphy/ptII/ptolemy/domains/modal/test/auto/CannotAnalysisWithPreemption2.xml (RunModel)" time="0.031" />
  <testcase classname="ptolemy.util.test.junit.AutoTests" name="[13] /home/travis/build/icyphy/ptII/ptolemy/domains/modal/test/auto/CannotAnalysisWithPreemption3.xml (RunModel)" time="0.034" />
  <testcase classname="ptolemy.util.test.junit.AutoTests" name="[14] /home/travis/build/icyphy/ptII/ptolemy/domains/modal/test/auto/CannotProduce.xml (RunModel)" time="0.023" />
  <testcase classname="ptolemy.util.test.junit.AutoTests" name="[15] /home/travis/build/icyphy/ptII/ptolemy/domains/modal/test/auto/CannotProduceModal.xml (RunModel)" time="0.027" />
  <testcase classname="ptolemy.util.test.junit.AutoTests" name="[16] /home/travis/build/icyphy/ptII/ptolemy/domains/modal/test/auto/Case.xml (RunModel)" time="0.067" />
  <testcase classname="ptolemy.util.test.junit.AutoTests" name="[17] /home/travis/build/icyphy/ptII/ptolemy/domains/modal/test/auto/Case1.xml (RunModel)" time="0.033" />
  <testcase classname="ptolemy.util.test.junit.AutoTests" name="[18] /home/travis/build/icyphy/ptII/ptolemy/domains/modal/test/auto/Case2.xml (RunModel)" time="0.069" />
  <testcase classname="ptolemy.util.test.junit.AutoTests" name="[19] /home/travis/build/icyphy/ptII/ptolemy/domains/modal/test/auto/CausalityInterface1.xml (RunModel)" time="0.03" />
  <testcase classname="ptolemy.util.test.junit.AutoTests" name="[20] /home/travis/build/icyphy/ptII/ptolemy/domains/modal/test/auto/CausalityInterface10.xml (RunModel)" time="0.064" />
  <testcase classname="ptolemy.util.test.junit.AutoTests" name="[21] /home/travis/build/icyphy/ptII/ptolemy/domains/modal/test/auto/CausalityInterface11.xml (RunModel)" time="0.05" />
  <testcase classname="ptolemy.util.test.junit.AutoTests" name="[22] /home/travis/build/icyphy/ptII/ptolemy/domains/modal/test/auto/CausalityInterface12.xml (RunModel)" time="0.047" />
  <testcase classname="ptolemy.util.test.junit.AutoTests" name="[23] /home/travis/build/icyphy/ptII/ptolemy/domains/modal/test/auto/CausalityInterface13.xml (RunModel)" time="0.063" />
  <testcase classname="ptolemy.util.test.junit.AutoTests" name="[24] /home/travis/build/icyphy/ptII/ptolemy/domains/modal/test/auto/CausalityInterface14.xml (RunModel)" time="0.043" />
  <testcase classname="ptolemy.util.test.junit.AutoTests" name="[25] /home/travis/build/icyphy/ptII/ptolemy/domains/modal/test/auto/CausalityInterface2.xml (RunModel)" time="0.024" />
  <testcase classname="ptolemy.util.test.junit.AutoTests" name="[26] /home/travis/build/icyphy/ptII/ptolemy/domains/modal/test/auto/CausalityInterface3.xml (RunModel)" time="0.034" />
  <testcase classname="ptolemy.util.test.junit.AutoTests" name="[27] /home/travis/build/icyphy/ptII/ptolemy/domains/modal/test/auto/CausalityInterface4.xml (RunModel)" time="0.026" />
  <testcase classname="ptolemy.util.test.junit.AutoTests" name="[28] /home/travis/build/icyphy/ptII/ptolemy/domains/modal/test/auto/CausalityInterface5.xml (RunModel)" time="0.036" />
  <testcase classname="ptolemy.util.test.junit.AutoTests" name="[29] /home/travis/build/icyphy/ptII/ptolemy/domains/modal/test/auto/CausalityInterface6.xml (RunModel)" time="0.046" />
  <testcase classname="ptolemy.util.test.junit.AutoTests" name="[30] /home/travis/build/icyphy/ptII/ptolemy/domains/modal/test/auto/CausalityInterface7.xml (RunModel)" time="0.046" />
  <testcase classname="ptolemy.util.test.junit.AutoTests" name="[31] /home/travis/build/icyphy/ptII/ptolemy/domains/modal/test/auto/CausalityInterface8.xml (RunModel)" time="0.033" />
  <testcase classname="ptolemy.util.test.junit.AutoTests" name="[32] /home/travis/build/icyphy/ptII/ptolemy/domains/modal/test/auto/CausalityInterface9.xml (RunModel)" time="0.03" />
  <testcase classname="ptolemy.util.test.junit.AutoTests" name="[33] /home/travis/build/icyphy/ptII/ptolemy/domains/modal/test/auto/ChainedTransitions.xml (RunModel)" time="0.124" />
  <testcase classname="ptolemy.util.test.junit.AutoTests" name="[34] /home/travis/build/icyphy/ptII/ptolemy/domains/modal/test/auto/CycleOfImmediateTransitionsFSM.xml (RunModel)" time="0.021" />
  <testcase classname="ptolemy.util.test.junit.AutoTests" name="[35] /home/travis/build/icyphy/ptII/ptolemy/domains/modal/test/auto/CycleOfImmediateTransitionsModal.xml (RunModel)" time="0.025" />
  <testcase classname="ptolemy.util.test.junit.AutoTests" name="[36] /home/travis/build/icyphy/ptII/ptolemy/domains/modal/test/auto/CycleOfImmediateTransitionsModal2.xml (RunModel)" time="0.032" />
  <testcase classname="ptolemy.util.test.junit.AutoTests" name="[37] /home/travis/build/icyphy/ptII/ptolemy/domains/modal/test/auto/CycleOfImmediateTransitionsModal3.xml (RunModel)" time="0.069" />
  <testcase classname="ptolemy.util.test.junit.AutoTests" name="[38] /home/travis/build/icyphy/ptII/ptolemy/domains/modal/test/auto/DeepModal1.xml (RunModel)" time="0.054" />
  <testcase classname="ptolemy.util.test.junit.AutoTests" name="[39] /home/travis/build/icyphy/ptII/ptolemy/domains/modal/test/auto/DeepModal2.xml (RunModel)" time="0.063" />
  <testcase classname="ptolemy.util.test.junit.AutoTests" name="[40] /home/travis/build/icyphy/ptII/ptolemy/domains/modal/test/auto/DeepModal3.xml (RunModel)" time="0.068" />
  <testcase classname="ptolemy.util.test.junit.AutoTests" name="[41] /home/travis/build/icyphy/ptII/ptolemy/domains/modal/test/auto/DeepModal4.xml (RunModel)" time="0.072" />
  <testcase classname="ptolemy.util.test.junit.AutoTests" name="[42] /home/travis/build/icyphy/ptII/ptolemy/domains/modal/test/auto/Default1.xml (RunModel)" time="0.025" />
  <testcase classname="ptolemy.util.test.junit.AutoTests" name="[43] /home/travis/build/icyphy/ptII/ptolemy/domains/modal/test/auto/Default2.xml (RunModel)" time="0.02" />
  <testcase classname="ptolemy.util.test.junit.AutoTests" name="[44] /home/travis/build/icyphy/ptII/ptolemy/domains/modal/test/auto/Default3.xml (RunModel)" time="0.026" />
  <testcase classname="ptolemy.util.test.junit.AutoTests" name="[45] /home/travis/build/icyphy/ptII/ptolemy/domains/modal/test/auto/Default4.xml (RunModel)" time="0.026" />
  <testcase classname="ptolemy.util.test.junit.AutoTests" name="[46] /home/travis/build/icyphy/ptII/ptolemy/domains/modal/test/auto/Default5.xml (RunModel)" time="0.033" />
  <testcase classname="ptolemy.util.test.junit.AutoTests" name="[47] /home/travis/build/icyphy/ptII/ptolemy/domains/modal/test/auto/EmptyGuard.xml (RunModel)" time="0.028" />
  <testcase classname="ptolemy.util.test.junit.AutoTests" name="[48] /home/travis/build/icyphy/ptII/ptolemy/domains/modal/test/auto/ErrorTransition1.xml (RunModel)" time="0.031" />
  <testcase classname="ptolemy.util.test.junit.AutoTests" name="[49] /home/travis/build/icyphy/ptII/ptolemy/domains/modal/test/auto/ErrorTransition10.xml (RunModel)" time="0.041" />
  <testcase classname="ptolemy.util.test.junit.AutoTests" name="[50] /home/travis/build/icyphy/ptII/ptolemy/domains/modal/test/auto/ErrorTransition11.xml (RunModel)" time="0.031" />
  <testcase classname="ptolemy.util.test.junit.AutoTests" name="[51] /home/travis/build/icyphy/ptII/ptolemy/domains/modal/test/auto/ErrorTransition2.xml (RunModel)" time="0.021" />
  <testcase classname="ptolemy.util.test.junit.AutoTests" name="[52] /home/travis/build/icyphy/ptII/ptolemy/domains/modal/test/auto/ErrorTransition3.xml (RunModel)" time="0.025" />
  <testcase classname="ptolemy.util.test.junit.AutoTests" name="[53] /home/travis/build/icyphy/ptII/ptolemy/domains/modal/test/auto/ErrorTransition4.xml (RunModel)" time="0.031" />
  <testcase classname="ptolemy.util.test.junit.AutoTests" name="[54] /home/travis/build/icyphy/ptII/ptolemy/domains/modal/test/auto/ErrorTransition5.xml (RunModel)" time="0.031" />
  <testcase classname="ptolemy.util.test.junit.AutoTests" name="[55] /home/travis/build/icyphy/ptII/ptolemy/domains/modal/test/auto/ErrorTransition6.xml (RunModel)" time="0.034" />
  <testcase classname="ptolemy.util.test.junit.AutoTests" name="[56] /home/travis/build/icyphy/ptII/ptolemy/domains/modal/test/auto/ErrorTransition7.xml (RunModel)" time="0.041" />
  <testcase classname="ptolemy.util.test.junit.AutoTests" name="[57] /home/travis/build/icyphy/ptII/ptolemy/domains/modal/test/auto/ErrorTransition8.xml (RunModel)" time="0.076" />
  <testcase classname="ptolemy.util.test.junit.AutoTests" name="[58] /home/travis/build/icyphy/ptII/ptolemy/domains/modal/test/auto/ErrorTransition9.xml (RunModel)" time="0.038" />
  <testcase classname="ptolemy.util.test.junit.AutoTests" name="[59] /home/travis/build/icyphy/ptII/ptolemy/domains/modal/test/auto/ExtendedFSM.xml (RunModel)" time="0.034" />
  <testcase classname="ptolemy.util.test.junit.AutoTests" name="[60] /home/travis/build/icyphy/ptII/ptolemy/domains/modal/test/auto/FinalStates.xml (RunModel)" time="0.025" />
  <testcase classname="ptolemy.util.test.junit.AutoTests" name="[61] /home/travis/build/icyphy/ptII/ptolemy/domains/modal/test/auto/FixedPointFSM.xml (RunModel)" time="0.044" />
  <testcase classname="ptolemy.util.test.junit.AutoTests" name="[62] /home/travis/build/icyphy/ptII/ptolemy/domains/modal/test/auto/FixedPointIterationFSMActor.xml (RunModel)" time="0.029" />
  <testcase classname="ptolemy.util.test.junit.AutoTests" name="[63] /home/travis/build/icyphy/ptII/ptolemy/domains/modal/test/auto/FixedPointIterationFSMActor2.xml (RunModel)" time="0.035" />
  <testcase classname="ptolemy.util.test.junit.AutoTests" name="[64] /home/travis/build/icyphy/ptII/ptolemy/domains/modal/test/auto/ForbiddenInstantanousLoop.xml (RunModel)" time="0.031" />
  <testcase classname="ptolemy.util.test.junit.AutoTests" name="[65] /home/travis/build/icyphy/ptII/ptolemy/domains/modal/test/auto/FunctionDependencyOfFSMActorTest.xml (RunModel)" time="0.025" />
  <testcase classname="ptolemy.util.test.junit.AutoTests" name="[66] /home/travis/build/icyphy/ptII/ptolemy/domains/modal/test/auto/GuardExpression.xml (RunModel)" time="0.025" />
  <testcase classname="ptolemy.util.test.junit.AutoTests" name="[67] /home/travis/build/icyphy/ptII/ptolemy/domains/modal/test/auto/GuardNotEvaluated.xml (RunModel)" time="0.029" />
  <testcase classname="ptolemy.util.test.junit.AutoTests" name="[68] /home/travis/build/icyphy/ptII/ptolemy/domains/modal/test/auto/GuardNotEvaluated2.xml (RunModel)" time="0.019" />
  <testcase classname="ptolemy.util.test.junit.AutoTests" name="[69] /home/travis/build/icyphy/ptII/ptolemy/domains/modal/test/auto/GuardOnAbsent.xml (RunModel)" time="0.021" />
  <testcase classname="ptolemy.util.test.junit.AutoTests" name="[70] /home/travis/build/icyphy/ptII/ptolemy/domains/modal/test/auto/HierarchicalFSMTypeInference.xml (RunModel)" time="0.023" />
  <testcase classname="ptolemy.util.test.junit.AutoTests" name="[71] /home/travis/build/icyphy/ptII/ptolemy/domains/modal/test/auto/Hysteresis.xml (RunModel)" time="0.035" />
  <testcase classname="ptolemy.util.test.junit.AutoTests" name="[72] /home/travis/build/icyphy/ptII/ptolemy/domains/modal/test/auto/HysteresisWithDefault.xml (RunModel)" time="0.068" />
  <testcase classname="ptolemy.util.test.junit.AutoTests" name="[73] /home/travis/build/icyphy/ptII/ptolemy/domains/modal/test/auto/HysteresisWithDefault2.xml (RunModel)" time="0.069" />
  <testcase classname="ptolemy.util.test.junit.AutoTests" name="[74] /home/travis/build/icyphy/ptII/ptolemy/domains/modal/test/auto/ImmediateNonConstructiveness.xml (RunModel)" time="0.017" />
  <testcase classname="ptolemy.util.test.junit.AutoTests" name="[75] /home/travis/build/icyphy/ptII/ptolemy/domains/modal/test/auto/ImmediateNonConstructiveness2.xml (RunModel)" time="0.015" />
  <testcase classname="ptolemy.util.test.junit.AutoTests" name="[76] /home/travis/build/icyphy/ptII/ptolemy/domains/modal/test/auto/ImmediateTransitionReset.xml (RunModel)" time="0.03" />
  <testcase classname="ptolemy.util.test.junit.AutoTests" name="[77] /home/travis/build/icyphy/ptII/ptolemy/domains/modal/test/auto/ImmediateTransitions1.xml (RunModel)" time="0.013" />
  <testcase classname="ptolemy.util.test.junit.AutoTests" name="[78] /home/travis/build/icyphy/ptII/ptolemy/domains/modal/test/auto/ImmediateTransitionsInstantaneousCommunication.xml (RunModel)" time="0.039" />
  <testcase classname="ptolemy.util.test.junit.AutoTests" name="[79] /home/travis/build/icyphy/ptII/ptolemy/domains/modal/test/auto/InitialImmediateTransition.xml (RunModel)" time="0.016" />
  <testcase classname="ptolemy.util.test.junit.AutoTests" name="[80] /home/travis/build/icyphy/ptII/ptolemy/domains/modal/test/auto/InitialOutputs.xml (RunModel)" time="0.015" />
  <testcase classname="ptolemy.util.test.junit.AutoTests" name="[81] /home/travis/build/icyphy/ptII/ptolemy/domains/modal/test/auto/InitialStateTransition1.xml (RunModel)" time="0.022" />
  <testcase classname="ptolemy.util.test.junit.AutoTests" name="[82] /home/travis/build/icyphy/ptII/ptolemy/domains/modal/test/auto/InitialStateTransition2.xml (RunModel)" time="0.024" />
  <testcase classname="ptolemy.util.test.junit.AutoTests" name="[83] /home/travis/build/icyphy/ptII/ptolemy/domains/modal/test/auto/InitialStateTransition3.xml (RunModel)" time="0.023" />
  <testcase classname="ptolemy.util.test.junit.AutoTests" name="[84] /home/travis/build/icyphy/ptII/ptolemy/domains/modal/test/auto/InitialStateTransition4.xml (RunModel)" time="0.026" />
  <testcase classname="ptolemy.util.test.junit.AutoTests" name="[85] /home/travis/build/icyphy/ptII/ptolemy/domains/modal/test/auto/MalformedGuardExpressionNotCaught.xml (RunModel)" time="0.017" />
  <testcase classname="ptolemy.util.test.junit.AutoTests" name="[86] /home/travis/build/icyphy/ptII/ptolemy/domains/modal/test/auto/ModalBSC.xml (RunModel)" time="0.084" />
  <testcase classname="ptolemy.util.test.junit.AutoTests" name="[87] /home/travis/build/icyphy/ptII/ptolemy/domains/modal/test/auto/ModalClocks.xml (RunModel)" time="0.077" />
  <testcase classname="ptolemy.util.test.junit.AutoTests" name="[88] /home/travis/build/icyphy/ptII/ptolemy/domains/modal/test/auto/ModalDelay.xml (RunModel)" time="0.047" />
  <testcase classname="ptolemy.util.test.junit.AutoTests" name="[89] /home/travis/build/icyphy/ptII/ptolemy/domains/modal/test/auto/ModalDelay2.xml (RunModel)" time="0.043" />
  <testcase classname="ptolemy.util.test.junit.AutoTests" name="[90] /home/travis/build/icyphy/ptII/ptolemy/domains/modal/test/auto/ModalModelFromMemo.xml (RunModel)" time="0.05" />
  <testcase classname="ptolemy.util.test.junit.AutoTests" name="[91] /home/travis/build/icyphy/ptII/ptolemy/domains/modal/test/auto/ModalModelWithMultirateTransient.xml (RunModel)" time="0.042" />
  <testcase classname="ptolemy.util.test.junit.AutoTests" name="[92] /home/travis/build/icyphy/ptII/ptolemy/domains/modal/test/auto/ModalModelWithReset.xml (RunModel)" time="0.048" />
  <testcase classname="ptolemy.util.test.junit.AutoTests" name="[93] /home/travis/build/icyphy/ptII/ptolemy/domains/modal/test/auto/MouseClickFSM.xml (RunModel)" time="0.041" />
  <testcase classname="ptolemy.util.test.junit.AutoTests" name="[94] /home/travis/build/icyphy/ptII/ptolemy/domains/modal/test/auto/MouseClickFSMModal.xml (RunModel)" time="0.035" />
  <testcase classname="ptolemy.util.test.junit.AutoTests" name="[95] /home/travis/build/icyphy/ptII/ptolemy/domains/modal/test/auto/NonStrictFSM_FeedbackLoop.xml (RunModel)" time="0.053" />
  <testcase classname="ptolemy.util.test.junit.AutoTests" name="[96] /home/travis/build/icyphy/ptII/ptolemy/domains/modal/test/auto/NonStrictFSM_FeedbackLoop_Refinement.xml (RunModel)" time="0.075" />
  <testcase classname="ptolemy.util.test.junit.AutoTests" name="[97] /home/travis/build/icyphy/ptII/ptolemy/domains/modal/test/auto/NonStrictFSM_FeedbackLoop_preemptive.xml (RunModel)" time="0.041" />
  <testcase classname="ptolemy.util.test.junit.AutoTests" name="[98] /home/travis/build/icyphy/ptII/ptolemy/domains/modal/test/auto/NormalTermination.xml (RunModel)" time="0.051" />
  <testcase classname="ptolemy.util.test.junit.AutoTests" name="[99] /home/travis/build/icyphy/ptII/ptolemy/domains/modal/test/auto/Pong.xml (RunModel)" time="0.065" />
  <testcase classname="ptolemy.util.test.junit.AutoTests" name="[100] /home/travis/build/icyphy/ptII/ptolemy/domains/modal/test/auto/Pong_test.xml (RunModel)" time="0.103" />
  <testcase classname="ptolemy.util.test.junit.AutoTests" name="[101] /home/travis/build/icyphy/ptII/ptolemy/domains/modal/test/auto/PreemptionHierarchy.xml (RunModel)" time="0.021" />
  <testcase classname="ptolemy.util.test.junit.AutoTests" name="[102] /home/travis/build/icyphy/ptII/ptolemy/domains/modal/test/auto/PreemptionHierarchy2.xml (RunModel)" time="0.026" />
  <testcase classname="ptolemy.util.test.junit.AutoTests" name="[103] /home/travis/build/icyphy/ptII/ptolemy/domains/modal/test/auto/PreemptiveTransition.xml (RunModel)" time="0.017" />
  <testcase classname="ptolemy.util.test.junit.AutoTests" name="[104] /home/travis/build/icyphy/ptII/ptolemy/domains/modal/test/auto/Priorities.xml (RunModel)" time="0.059" />
  <testcase classname="ptolemy.util.test.junit.AutoTests" name="[105] /home/travis/build/icyphy/ptII/ptolemy/domains/modal/test/auto/ResetFinal.xml (RunModel)" time="0.042" />
  <testcase classname="ptolemy.util.test.junit.AutoTests" name="[106] /home/travis/build/icyphy/ptII/ptolemy/domains/modal/test/auto/ResetFinal2.xml (RunModel)" time="0.031" />
  <testcase classname="ptolemy.util.test.junit.AutoTests" name="[107] /home/travis/build/icyphy/ptII/ptolemy/domains/modal/test/auto/ResetTransitionWithStartTime.xml (RunModel)" time="0.021" />
  <testcase classname="ptolemy.util.test.junit.AutoTests" name="[108] /home/travis/build/icyphy/ptII/ptolemy/domains/modal/test/auto/SDF-FSMComposite.xml (RunModel)" time="0.018" />
  <testcase classname="ptolemy.util.test.junit.AutoTests" name="[109] /home/travis/build/icyphy/ptII/ptolemy/domains/modal/test/auto/SeeminglyNondeterminate.xml (RunModel)" time="0.059" />
  <testcase classname="ptolemy.util.test.junit.AutoTests" name="[110] /home/travis/build/icyphy/ptII/ptolemy/domains/modal/test/auto/SeeminglyNondeterminate2.xml (RunModel)" time="0.068" />
  <testcase classname="ptolemy.util.test.junit.AutoTests" name="[111] /home/travis/build/icyphy/ptII/ptolemy/domains/modal/test/auto/SpontaneousFSM.xml (RunModel)" time="0.042" />
  <testcase classname="ptolemy.util.test.junit.AutoTests" name="[112] /home/travis/build/icyphy/ptII/ptolemy/domains/modal/test/auto/SpontaneousFSM2.xml (RunModel)" time="0.032" />
  <testcase classname="ptolemy.util.test.junit.AutoTests" name="[113] /home/travis/build/icyphy/ptII/ptolemy/domains/modal/test/auto/SpontaneousFSM3.xml (RunModel)" time="0.038" />
  <testcase classname="ptolemy.util.test.junit.AutoTests" name="[114] /home/travis/build/icyphy/ptII/ptolemy/domains/modal/test/auto/SpontaneousFSM4.xml (RunModel)" time="0.046" />
  <testcase classname="ptolemy.util.test.junit.AutoTests" name="[115] /home/travis/build/icyphy/ptII/ptolemy/domains/modal/test/auto/StateTrackerTest.xml (RunModel)" time="0.05" />
  <testcase classname="ptolemy.util.test.junit.AutoTests" name="[116] /home/travis/build/icyphy/ptII/ptolemy/domains/modal/test/auto/StrongImmediateTransition.xml (RunModel)" time="0.033" />
  <testcase classname="ptolemy.util.test.junit.AutoTests" name="[117] /home/travis/build/icyphy/ptII/ptolemy/domains/modal/test/auto/SustainHierarchy.xml (RunModel)" time="0.039" />
  <testcase classname="ptolemy.util.test.junit.AutoTests" name="[118] /home/travis/build/icyphy/ptII/ptolemy/domains/modal/test/auto/TerminationTransition1.xml (RunModel)" time="0.021" />
  <testcase classname="ptolemy.util.test.junit.AutoTests" name="[119] /home/travis/build/icyphy/ptII/ptolemy/domains/modal/test/auto/TerminationTransition2.xml (RunModel)" time="0.026" />
  <testcase classname="ptolemy.util.test.junit.AutoTests" name="[120] /home/travis/build/icyphy/ptII/ptolemy/domains/modal/test/auto/TerminationTransition3.xml (RunModel)" time="0.026" />
  <testcase classname="ptolemy.util.test.junit.AutoTests" name="[121] /home/travis/build/icyphy/ptII/ptolemy/domains/modal/test/auto/TerminationTransition4.xml (RunModel)" time="0.035" />
  <testcase classname="ptolemy.util.test.junit.AutoTests" name="[122] /home/travis/build/icyphy/ptII/ptolemy/domains/modal/test/auto/TerminationTransition5.xml (RunModel)" time="0.043" />
  <testcase classname="ptolemy.util.test.junit.AutoTests" name="[123] /home/travis/build/icyphy/ptII/ptolemy/domains/modal/test/auto/TerminationTransition6.xml (RunModel)" time="0.021" />
  <testcase classname="ptolemy.util.test.junit.AutoTests" name="[124] /home/travis/build/icyphy/ptII/ptolemy/domains/modal/test/auto/TerminationTransition7.xml (RunModel)" time="0.021" />
  <testcase classname="ptolemy.util.test.junit.AutoTests" name="[125] /home/travis/build/icyphy/ptII/ptolemy/domains/modal/test/auto/TerminationTransition8.xml (RunModel)" time="0.022" />
  <testcase classname="ptolemy.util.test.junit.AutoTests" name="[126] /home/travis/build/icyphy/ptII/ptolemy/domains/modal/test/auto/Thermostat_NoHysteresis.xml (RunModel)" time="0.052" />
  <testcase classname="ptolemy.util.test.junit.AutoTests" name="[127] /home/travis/build/icyphy/ptII/ptolemy/domains/modal/test/auto/TimedFSM.xml (RunModel)" time="0.029" />
  <testcase classname="ptolemy.util.test.junit.AutoTests" name="[128] /home/travis/build/icyphy/ptII/ptolemy/domains/modal/test/auto/Timeout1.xml (RunModel)" time="0.012" />
  <testcase classname="ptolemy.util.test.junit.AutoTests" name="[129] /home/travis/build/icyphy/ptII/ptolemy/domains/modal/test/auto/Timeout2.xml (RunModel)" time="0.016" />
  <testcase classname="ptolemy.util.test.junit.AutoTests" name="[130] /home/travis/build/icyphy/ptII/ptolemy/domains/modal/test/auto/Timeout3.xml (RunModel)" time="0.019" />
  <testcase classname="ptolemy.util.test.junit.AutoTests" name="[131] /home/travis/build/icyphy/ptII/ptolemy/domains/modal/test/auto/Timeout4.xml (RunModel)" time="0.01" />
  <testcase classname="ptolemy.util.test.junit.AutoTests" name="[132] /home/travis/build/icyphy/ptII/ptolemy/domains/modal/test/auto/TransientstateModelAdvanced.xml (RunModel)" time="0.026" />
  <testcase classname="ptolemy.util.test.junit.AutoTests" name="[133] /home/travis/build/icyphy/ptII/ptolemy/domains/modal/test/auto/TransientstateModelAdvanced2.xml (RunModel)" time="0.028" />
  <testcase classname="ptolemy.util.test.junit.AutoTests" name="[134] /home/travis/build/icyphy/ptII/ptolemy/domains/modal/test/auto/TransitionRefinements.xml (RunModel)" time="0.026" />
  <testcase classname="ptolemy.util.test.junit.AutoTests" name="[135] /home/travis/build/icyphy/ptII/ptolemy/domains/modal/test/auto/TwoRefinements1.xml (RunModel)" time="0.027" />
  <testcase classname="ptolemy.util.test.junit.AutoTests" name="[136] /home/travis/build/icyphy/ptII/ptolemy/domains/modal/test/auto/TwoRefinements2.xml (RunModel)" time="0.024" />
  <testcase classname="ptolemy.util.test.junit.AutoTests" name="[137] /home/travis/build/icyphy/ptII/ptolemy/domains/modal/test/auto/WeakImmediateTransition.xml (RunModel)" time="0.026" />
  <testcase classname="ptolemy.util.test.junit.AutoTests" name="[138] /home/travis/build/icyphy/ptII/ptolemy/domains/modal/test/auto/booleanSelect.xml (RunModel)" time="0.049" />
  <testcase classname="ptolemy.util.test.junit.AutoTests" name="[139] /home/travis/build/icyphy/ptII/ptolemy/domains/modal/test/auto/modalChangingParams.xml (RunModel)" time="0.22" />
  <testcase classname="ptolemy.util.test.junit.AutoTests" name="[140] /home/travis/build/icyphy/ptII/ptolemy/domains/modal/test/auto/modalModel.xml (RunModel)" time="0.032" />
  <testcase classname="ptolemy.util.test.junit.AutoTests" name="[141] /home/travis/build/icyphy/ptII/ptolemy/domains/modal/test/auto/modalModel2.xml (RunModel)" time="0.029" />
  <testcase classname="ptolemy.util.test.junit.AutoTests" name="[142] /home/travis/build/icyphy/ptII/ptolemy/domains/modal/test/auto/modalModel3.xml (RunModel)" time="0.032" />
  <testcase classname="ptolemy.util.test.junit.AutoTests" name="[143] /home/travis/build/icyphy/ptII/ptolemy/domains/modal/test/auto/model1.xml (RunModel)" time="0.022" />
  <testcase classname="ptolemy.util.test.junit.AutoTests" name="[144] /home/travis/build/icyphy/ptII/ptolemy/domains/modal/test/auto/test-direct-in-out.xml (RunModel)" time="0.021" />
  <system-out><![CDATA[/home/travis/build/icyphy/ptII/ptolemy/domains/modal/test/SystemLevelType.tcl
testDefs.tcl: setting time out to 9000 seconds at Tue Sep 11 02:11:21 UTC 2018
09/11/18 02:11:22
Failed: 0  Total Tests: 1  ((Passed: 1, Newly Passed: 0)  Known Failed: 0) /home/travis/build/icyphy/ptII/ptolemy/domains/modal/test
----------------- testing (KnownFailure) /home/travis/build/icyphy/ptII/ptolemy/domains/modal/test/auto/knownFailedTests/CannotAnalysisWithPreemption.xml
55 ms. Memory: 208384K Free: 185975K (89%)
Known Failure: java.lang.reflect.InvocationTargetException
No auto/linux-amd64/*.xml tests in /home/travis/build/icyphy/ptII/ptolemy/domains/modal/test
AutoTests.java: About to close Vertx.
AutoTests.java: Vertx closed.

===========================================================================================
----------------- testing Tue Sep 11 02:11:23 UTC 2018 /home/travis/build/icyphy/ptII/ptolemy/domains/modal/test/auto/ABPTest.xml
----------------- Instantiating /home/travis/build/icyphy/ptII/ptolemy/domains/modal/test/auto/ABPTest.xml
289 ms. Memory: 332288K Free: 290299K (87%)
----------------- Invoking toplevel() on ptolemy.moml.MoMLSimpleApplication@ca8607b
----------------- Done invoking toplevel() on ptolemy.moml.MoMLSimpleApplication@ca8607b
reloadAllAccessors: .ABPTest

===========================================================================================
----------------- testing Tue Sep 11 02:11:24 UTC 2018 /home/travis/build/icyphy/ptII/ptolemy/domains/modal/test/auto/ABROFlat.xml
----------------- Instantiating /home/travis/build/icyphy/ptII/ptolemy/domains/modal/test/auto/ABROFlat.xml
24 ms. Memory: 332288K Free: 268120K (81%)
----------------- Invoking toplevel() on ptolemy.moml.MoMLSimpleApplication@11b7c00f
----------------- Done invoking toplevel() on ptolemy.moml.MoMLSimpleApplication@11b7c00f
reloadAllAccessors: .ABROFlat

===========================================================================================
----------------- testing Tue Sep 11 02:11:24 UTC 2018 /home/travis/build/icyphy/ptII/ptolemy/domains/modal/test/auto/ABROFlat2.xml
----------------- Instantiating /home/travis/build/icyphy/ptII/ptolemy/domains/modal/test/auto/ABROFlat2.xml
17 ms. Memory: 332288K Free: 250161K (75%)
----------------- Invoking toplevel() on ptolemy.moml.MoMLSimpleApplication@9be779b
----------------- Done invoking toplevel() on ptolemy.moml.MoMLSimpleApplication@9be779b
reloadAllAccessors: .ABROFlat2

===========================================================================================
----------------- testing Tue Sep 11 02:11:24 UTC 2018 /home/travis/build/icyphy/ptII/ptolemy/domains/modal/test/auto/ABRO_present_hmm.xml
----------------- Instantiating /home/travis/build/icyphy/ptII/ptolemy/domains/modal/test/auto/ABRO_present_hmm.xml
36 ms. Memory: 332288K Free: 219097K (66%)
----------------- Invoking toplevel() on ptolemy.moml.MoMLSimpleApplication@6ed6126b
----------------- Done invoking toplevel() on ptolemy.moml.MoMLSimpleApplication@6ed6126b
reloadAllAccessors: .ABRO_present_hmm

===========================================================================================
----------------- testing Tue Sep 11 02:11:24 UTC 2018 /home/travis/build/icyphy/ptII/ptolemy/domains/modal/test/auto/AMICoderExample.xml
----------------- Instantiating /home/travis/build/icyphy/ptII/ptolemy/domains/modal/test/auto/AMICoderExample.xml
19 ms. Memory: 332288K Free: 207668K (62%)
----------------- Invoking toplevel() on ptolemy.moml.MoMLSimpleApplication@7fcb6351
----------------- Done invoking toplevel() on ptolemy.moml.MoMLSimpleApplication@7fcb6351
reloadAllAccessors: .AMICoderExample

===========================================================================================
----------------- testing Tue Sep 11 02:11:24 UTC 2018 /home/travis/build/icyphy/ptII/ptolemy/domains/modal/test/auto/AbsentToPresent.xml
----------------- Instantiating /home/travis/build/icyphy/ptII/ptolemy/domains/modal/test/auto/AbsentToPresent.xml
5 ms. Memory: 332288K Free: 199314K (60%)
----------------- Invoking toplevel() on ptolemy.moml.MoMLSimpleApplication@6319d6a5
----------------- Done invoking toplevel() on ptolemy.moml.MoMLSimpleApplication@6319d6a5
reloadAllAccessors: .AbsentToPresent

===========================================================================================
----------------- testing Tue Sep 11 02:11:24 UTC 2018 /home/travis/build/icyphy/ptII/ptolemy/domains/modal/test/auto/Blending.xml
----------------- Instantiating /home/travis/build/icyphy/ptII/ptolemy/domains/modal/test/auto/Blending.xml
143 ms. Memory: 332288K Free: 150316K (45%)
----------------- Invoking toplevel() on ptolemy.moml.MoMLSimpleApplication@1dcaff06
----------------- Done invoking toplevel() on ptolemy.moml.MoMLSimpleApplication@1dcaff06
reloadAllAccessors: .Blending

===========================================================================================
----------------- testing Tue Sep 11 02:11:24 UTC 2018 /home/travis/build/icyphy/ptII/ptolemy/domains/modal/test/auto/Broadcast.xml
----------------- Instantiating /home/travis/build/icyphy/ptII/ptolemy/domains/modal/test/auto/Broadcast.xml
11 ms. Memory: 332288K Free: 137259K (41%)
----------------- Invoking toplevel() on ptolemy.moml.MoMLSimpleApplication@4a08aeb
----------------- Done invoking toplevel() on ptolemy.moml.MoMLSimpleApplication@4a08aeb
reloadAllAccessors: .Broadcast

===========================================================================================
----------------- testing Tue Sep 11 02:11:24 UTC 2018 /home/travis/build/icyphy/ptII/ptolemy/domains/modal/test/auto/BroadcastHierarchy.xml
----------------- Instantiating /home/travis/build/icyphy/ptII/ptolemy/domains/modal/test/auto/BroadcastHierarchy.xml
17 ms. Memory: 332288K Free: 120921K (36%)
----------------- Invoking toplevel() on ptolemy.moml.MoMLSimpleApplication@6f25b37c
----------------- Done invoking toplevel() on ptolemy.moml.MoMLSimpleApplication@6f25b37c
reloadAllAccessors: .BroadcastHierarchy

===========================================================================================
----------------- testing Tue Sep 11 02:11:24 UTC 2018 /home/travis/build/icyphy/ptII/ptolemy/domains/modal/test/auto/BroadcastHierarchy2.xml
----------------- Instantiating /home/travis/build/icyphy/ptII/ptolemy/domains/modal/test/auto/BroadcastHierarchy2.xml
26 ms. Memory: 332288K Free: 86600K (26%)
----------------- Invoking toplevel() on ptolemy.moml.MoMLSimpleApplication@2692c9a3
----------------- Done invoking toplevel() on ptolemy.moml.MoMLSimpleApplication@2692c9a3
reloadAllAccessors: .BroadcastHierarchy2

===========================================================================================
----------------- testing Tue Sep 11 02:11:24 UTC 2018 /home/travis/build/icyphy/ptII/ptolemy/domains/modal/test/auto/BroadcastHierarchy3.xml
----------------- Instantiating /home/travis/build/icyphy/ptII/ptolemy/domains/modal/test/auto/BroadcastHierarchy3.xml
17 ms. Memory: 333824K Free: 303693K (91%)
----------------- Invoking toplevel() on ptolemy.moml.MoMLSimpleApplication@590867dc
----------------- Done invoking toplevel() on ptolemy.moml.MoMLSimpleApplication@590867dc
reloadAllAccessors: .BroadcastHierarchy3

===========================================================================================
----------------- testing Tue Sep 11 02:11:25 UTC 2018 /home/travis/build/icyphy/ptII/ptolemy/domains/modal/test/auto/BroadcastHierarchy4.xml
----------------- Instantiating /home/travis/build/icyphy/ptII/ptolemy/domains/modal/test/auto/BroadcastHierarchy4.xml
13 ms. Memory: 333824K Free: 270735K (81%)
----------------- Invoking toplevel() on ptolemy.moml.MoMLSimpleApplication@5d2e8459
----------------- Done invoking toplevel() on ptolemy.moml.MoMLSimpleApplication@5d2e8459
reloadAllAccessors: .BroadcastHierarchy4

===========================================================================================
----------------- testing Tue Sep 11 02:11:25 UTC 2018 /home/travis/build/icyphy/ptII/ptolemy/domains/modal/test/auto/CannotAnalysisWithPreemption2.xml
----------------- Instantiating /home/travis/build/icyphy/ptII/ptolemy/domains/modal/test/auto/CannotAnalysisWithPreemption2.xml
4 ms. Memory: 333824K Free: 262155K (79%)
----------------- Invoking toplevel() on ptolemy.moml.MoMLSimpleApplication@223bb3bd
----------------- Done invoking toplevel() on ptolemy.moml.MoMLSimpleApplication@223bb3bd
reloadAllAccessors: .CannotAnalysisWithPreemption2

===========================================================================================
----------------- testing Tue Sep 11 02:11:25 UTC 2018 /home/travis/build/icyphy/ptII/ptolemy/domains/modal/test/auto/CannotAnalysisWithPreemption3.xml
----------------- Instantiating /home/travis/build/icyphy/ptII/ptolemy/domains/modal/test/auto/CannotAnalysisWithPreemption3.xml
3 ms. Memory: 333824K Free: 249888K (75%)
----------------- Invoking toplevel() on ptolemy.moml.MoMLSimpleApplication@31d99be3
----------------- Done invoking toplevel() on ptolemy.moml.MoMLSimpleApplication@31d99be3
reloadAllAccessors: .CannotAnalysisWithPreemption3

===========================================================================================
----------------- testing Tue Sep 11 02:11:25 UTC 2018 /home/travis/build/icyphy/ptII/ptolemy/domains/modal/test/auto/CannotProduce.xml
----------------- Instantiating /home/travis/build/icyphy/ptII/ptolemy/domains/modal/test/auto/CannotProduce.xml
5 ms. Memory: 333824K Free: 240237K (72%)
----------------- Invoking toplevel() on ptolemy.moml.MoMLSimpleApplication@74721b60
----------------- Done invoking toplevel() on ptolemy.moml.MoMLSimpleApplication@74721b60
reloadAllAccessors: .CannotProduce

===========================================================================================
----------------- testing Tue Sep 11 02:11:25 UTC 2018 /home/travis/build/icyphy/ptII/ptolemy/domains/modal/test/auto/CannotProduceModal.xml
----------------- Instantiating /home/travis/build/icyphy/ptII/ptolemy/domains/modal/test/auto/CannotProduceModal.xml
3 ms. Memory: 333824K Free: 231632K (69%)
----------------- Invoking toplevel() on ptolemy.moml.MoMLSimpleApplication@51662903
----------------- Done invoking toplevel() on ptolemy.moml.MoMLSimpleApplication@51662903
reloadAllAccessors: .CannotProduceModal

===========================================================================================
----------------- testing Tue Sep 11 02:11:25 UTC 2018 /home/travis/build/icyphy/ptII/ptolemy/domains/modal/test/auto/Case.xml
----------------- Instantiating /home/travis/build/icyphy/ptII/ptolemy/domains/modal/test/auto/Case.xml
25 ms. Memory: 333824K Free: 218120K (65%)
----------------- Invoking toplevel() on ptolemy.moml.MoMLSimpleApplication@7ed46fb8
----------------- Done invoking toplevel() on ptolemy.moml.MoMLSimpleApplication@7ed46fb8
reloadAllAccessors: .Case

===========================================================================================
----------------- testing Tue Sep 11 02:11:25 UTC 2018 /home/travis/build/icyphy/ptII/ptolemy/domains/modal/test/auto/Case1.xml
----------------- Instantiating /home/travis/build/icyphy/ptII/ptolemy/domains/modal/test/auto/Case1.xml
10 ms. Memory: 333824K Free: 207224K (62%)
----------------- Invoking toplevel() on ptolemy.moml.MoMLSimpleApplication@15811d0b
----------------- Done invoking toplevel() on ptolemy.moml.MoMLSimpleApplication@15811d0b
reloadAllAccessors: .Case1

===========================================================================================
----------------- testing Tue Sep 11 02:11:25 UTC 2018 /home/travis/build/icyphy/ptII/ptolemy/domains/modal/test/auto/Case2.xml
----------------- Instantiating /home/travis/build/icyphy/ptII/ptolemy/domains/modal/test/auto/Case2.xml
27 ms. Memory: 333824K Free: 194964K (58%)
----------------- Invoking toplevel() on ptolemy.moml.MoMLSimpleApplication@1863019d
----------------- Done invoking toplevel() on ptolemy.moml.MoMLSimpleApplication@1863019d
reloadAllAccessors: .Case2

===========================================================================================
----------------- testing Tue Sep 11 02:11:25 UTC 2018 /home/travis/build/icyphy/ptII/ptolemy/domains/modal/test/auto/CausalityInterface1.xml
----------------- Instantiating /home/travis/build/icyphy/ptII/ptolemy/domains/modal/test/auto/CausalityInterface1.xml
3 ms. Memory: 333824K Free: 188850K (57%)
----------------- Invoking toplevel() on ptolemy.moml.MoMLSimpleApplication@3237cd6d
----------------- Done invoking toplevel() on ptolemy.moml.MoMLSimpleApplication@3237cd6d
reloadAllAccessors: .CausalityInterface1

===========================================================================================
----------------- testing Tue Sep 11 02:11:25 UTC 2018 /home/travis/build/icyphy/ptII/ptolemy/domains/modal/test/auto/CausalityInterface10.xml
----------------- Instantiating /home/travis/build/icyphy/ptII/ptolemy/domains/modal/test/auto/CausalityInterface10.xml
9 ms. Memory: 333824K Free: 170619K (51%)
----------------- Invoking toplevel() on ptolemy.moml.MoMLSimpleApplication@2a198987
----------------- Done invoking toplevel() on ptolemy.moml.MoMLSimpleApplication@2a198987
reloadAllAccessors: .CausalityInterface10

===========================================================================================
----------------- testing Tue Sep 11 02:11:25 UTC 2018 /home/travis/build/icyphy/ptII/ptolemy/domains/modal/test/auto/CausalityInterface11.xml
----------------- Instantiating /home/travis/build/icyphy/ptII/ptolemy/domains/modal/test/auto/CausalityInterface11.xml
4 ms. Memory: 333824K Free: 155869K (47%)
----------------- Invoking toplevel() on ptolemy.moml.MoMLSimpleApplication@26d4519b
----------------- Done invoking toplevel() on ptolemy.moml.MoMLSimpleApplication@26d4519b
reloadAllAccessors: .CausalityInterface11

===========================================================================================
----------------- testing Tue Sep 11 02:11:25 UTC 2018 /home/travis/build/icyphy/ptII/ptolemy/domains/modal/test/auto/CausalityInterface12.xml
----------------- Instantiating /home/travis/build/icyphy/ptII/ptolemy/domains/modal/test/auto/CausalityInterface12.xml
6 ms. Memory: 333824K Free: 141150K (42%)
----------------- Invoking toplevel() on ptolemy.moml.MoMLSimpleApplication@694a668a
----------------- Done invoking toplevel() on ptolemy.moml.MoMLSimpleApplication@694a668a
reloadAllAccessors: .CausalityInterface12

===========================================================================================
----------------- testing Tue Sep 11 02:11:25 UTC 2018 /home/travis/build/icyphy/ptII/ptolemy/domains/modal/test/auto/CausalityInterface13.xml
----------------- Instantiating /home/travis/build/icyphy/ptII/ptolemy/domains/modal/test/auto/CausalityInterface13.xml
13 ms. Memory: 333824K Free: 121650K (36%)
----------------- Invoking toplevel() on ptolemy.moml.MoMLSimpleApplication@406e1ef0
----------------- Done invoking toplevel() on ptolemy.moml.MoMLSimpleApplication@406e1ef0
reloadAllAccessors: .CausalityInterface13

===========================================================================================
----------------- testing Tue Sep 11 02:11:25 UTC 2018 /home/travis/build/icyphy/ptII/ptolemy/domains/modal/test/auto/CausalityInterface14.xml
----------------- Instantiating /home/travis/build/icyphy/ptII/ptolemy/domains/modal/test/auto/CausalityInterface14.xml
7 ms. Memory: 333824K Free: 104450K (31%)
----------------- Invoking toplevel() on ptolemy.moml.MoMLSimpleApplication@289fd679
----------------- Done invoking toplevel() on ptolemy.moml.MoMLSimpleApplication@289fd679
reloadAllAccessors: .CausalityInterface14

===========================================================================================
----------------- testing Tue Sep 11 02:11:25 UTC 2018 /home/travis/build/icyphy/ptII/ptolemy/domains/modal/test/auto/CausalityInterface2.xml
----------------- Instantiating /home/travis/build/icyphy/ptII/ptolemy/domains/modal/test/auto/CausalityInterface2.xml
2 ms. Memory: 333824K Free: 97099K (29%)
----------------- Invoking toplevel() on ptolemy.moml.MoMLSimpleApplication@214c7ffa
----------------- Done invoking toplevel() on ptolemy.moml.MoMLSimpleApplication@214c7ffa
reloadAllAccessors: .CausalityInterface2

===========================================================================================
----------------- testing Tue Sep 11 02:11:25 UTC 2018 /home/travis/build/icyphy/ptII/ptolemy/domains/modal/test/auto/CausalityInterface3.xml
----------------- Instantiating /home/travis/build/icyphy/ptII/ptolemy/domains/modal/test/auto/CausalityInterface3.xml
7 ms. Memory: 333824K Free: 87440K (26%)
----------------- Invoking toplevel() on ptolemy.moml.MoMLSimpleApplication@7a6725a
----------------- Done invoking toplevel() on ptolemy.moml.MoMLSimpleApplication@7a6725a
reloadAllAccessors: .CausalityInterface3

===========================================================================================
----------------- testing Tue Sep 11 02:11:25 UTC 2018 /home/travis/build/icyphy/ptII/ptolemy/domains/modal/test/auto/CausalityInterface4.xml
----------------- Instantiating /home/travis/build/icyphy/ptII/ptolemy/domains/modal/test/auto/CausalityInterface4.xml
3 ms. Memory: 333824K Free: 80105K (24%)
----------------- Invoking toplevel() on ptolemy.moml.MoMLSimpleApplication@3c1640c8
----------------- Done invoking toplevel() on ptolemy.moml.MoMLSimpleApplication@3c1640c8
reloadAllAccessors: .CausalityInterface4

===========================================================================================
----------------- testing Tue Sep 11 02:11:25 UTC 2018 /home/travis/build/icyphy/ptII/ptolemy/domains/modal/test/auto/CausalityInterface5.xml
----------------- Instantiating /home/travis/build/icyphy/ptII/ptolemy/domains/modal/test/auto/CausalityInterface5.xml
2 ms. Memory: 577536K Free: 556610K (96%)
----------------- Invoking toplevel() on ptolemy.moml.MoMLSimpleApplication@aca2c91
----------------- Done invoking toplevel() on ptolemy.moml.MoMLSimpleApplication@aca2c91
reloadAllAccessors: .CausalityInterface5

===========================================================================================
----------------- testing Tue Sep 11 02:11:25 UTC 2018 /home/travis/build/icyphy/ptII/ptolemy/domains/modal/test/auto/CausalityInterface6.xml
----------------- Instantiating /home/travis/build/icyphy/ptII/ptolemy/domains/modal/test/auto/CausalityInterface6.xml
4 ms. Memory: 577536K Free: 540193K (94%)
----------------- Invoking toplevel() on ptolemy.moml.MoMLSimpleApplication@7152fa4b
----------------- Done invoking toplevel() on ptolemy.moml.MoMLSimpleApplication@7152fa4b
reloadAllAccessors: .CausalityInterface6

===========================================================================================
----------------- testing Tue Sep 11 02:11:25 UTC 2018 /home/travis/build/icyphy/ptII/ptolemy/domains/modal/test/auto/CausalityInterface7.xml
----------------- Instantiating /home/travis/build/icyphy/ptII/ptolemy/domains/modal/test/auto/CausalityInterface7.xml
3 ms. Memory: 577536K Free: 527173K (91%)
----------------- Invoking toplevel() on ptolemy.moml.MoMLSimpleApplication@1fad509e
----------------- Done invoking toplevel() on ptolemy.moml.MoMLSimpleApplication@1fad509e
reloadAllAccessors: .CausalityInterface7

===========================================================================================
----------------- testing Tue Sep 11 02:11:26 UTC 2018 /home/travis/build/icyphy/ptII/ptolemy/domains/modal/test/auto/CausalityInterface8.xml
----------------- Instantiating /home/travis/build/icyphy/ptII/ptolemy/domains/modal/test/auto/CausalityInterface8.xml
8 ms. Memory: 577536K Free: 514145K (89%)
----------------- Invoking toplevel() on ptolemy.moml.MoMLSimpleApplication@34a4d84
----------------- Done invoking toplevel() on ptolemy.moml.MoMLSimpleApplication@34a4d84
reloadAllAccessors: .CausalityInterface8

===========================================================================================
----------------- testing Tue Sep 11 02:11:26 UTC 2018 /home/travis/build/icyphy/ptII/ptolemy/domains/modal/test/auto/CausalityInterface9.xml
----------------- Instantiating /home/travis/build/icyphy/ptII/ptolemy/domains/modal/test/auto/CausalityInterface9.xml
3 ms. Memory: 577536K Free: 501118K (87%)
----------------- Invoking toplevel() on ptolemy.moml.MoMLSimpleApplication@24b96f14
----------------- Done invoking toplevel() on ptolemy.moml.MoMLSimpleApplication@24b96f14
reloadAllAccessors: .CausalityInterface9

===========================================================================================
----------------- testing Tue Sep 11 02:11:26 UTC 2018 /home/travis/build/icyphy/ptII/ptolemy/domains/modal/test/auto/ChainedTransitions.xml
----------------- Instantiating /home/travis/build/icyphy/ptII/ptolemy/domains/modal/test/auto/ChainedTransitions.xml
74 ms. Memory: 577536K Free: 468644K (81%)
----------------- Invoking toplevel() on ptolemy.moml.MoMLSimpleApplication@4a562cfd
----------------- Done invoking toplevel() on ptolemy.moml.MoMLSimpleApplication@4a562cfd
reloadAllAccessors: .ChainedTransitions

===========================================================================================
----------------- testing Tue Sep 11 02:11:26 UTC 2018 /home/travis/build/icyphy/ptII/ptolemy/domains/modal/test/auto/CycleOfImmediateTransitionsFSM.xml
----------------- Instantiating /home/travis/build/icyphy/ptII/ptolemy/domains/modal/test/auto/CycleOfImmediateTransitionsFSM.xml
2 ms. Memory: 577536K Free: 458869K (79%)
----------------- Invoking toplevel() on ptolemy.moml.MoMLSimpleApplication@6042cf96
----------------- Done invoking toplevel() on ptolemy.moml.MoMLSimpleApplication@6042cf96
reloadAllAccessors: .CycleOfImmediateTransitionsFSM

===========================================================================================
----------------- testing Tue Sep 11 02:11:26 UTC 2018 /home/travis/build/icyphy/ptII/ptolemy/domains/modal/test/auto/CycleOfImmediateTransitionsModal.xml
----------------- Instantiating /home/travis/build/icyphy/ptII/ptolemy/domains/modal/test/auto/CycleOfImmediateTransitionsModal.xml
2 ms. Memory: 577536K Free: 449102K (78%)
----------------- Invoking toplevel() on ptolemy.moml.MoMLSimpleApplication@2574fe18
----------------- Done invoking toplevel() on ptolemy.moml.MoMLSimpleApplication@2574fe18
reloadAllAccessors: .CycleOfImmediateTransitionsModal

===========================================================================================
----------------- testing Tue Sep 11 02:11:26 UTC 2018 /home/travis/build/icyphy/ptII/ptolemy/domains/modal/test/auto/CycleOfImmediateTransitionsModal2.xml
----------------- Instantiating /home/travis/build/icyphy/ptII/ptolemy/domains/modal/test/auto/CycleOfImmediateTransitionsModal2.xml
3 ms. Memory: 577536K Free: 439327K (76%)
----------------- Invoking toplevel() on ptolemy.moml.MoMLSimpleApplication@5e3a4e00
----------------- Done invoking toplevel() on ptolemy.moml.MoMLSimpleApplication@5e3a4e00
reloadAllAccessors: .CycleOfImmediateTransitionsModal2

===========================================================================================
----------------- testing Tue Sep 11 02:11:26 UTC 2018 /home/travis/build/icyphy/ptII/ptolemy/domains/modal/test/auto/CycleOfImmediateTransitionsModal3.xml
----------------- Instantiating /home/travis/build/icyphy/ptII/ptolemy/domains/modal/test/auto/CycleOfImmediateTransitionsModal3.xml
9 ms. Memory: 577536K Free: 406845K (70%)
----------------- Invoking toplevel() on ptolemy.moml.MoMLSimpleApplication@32ce0440
----------------- Done invoking toplevel() on ptolemy.moml.MoMLSimpleApplication@32ce0440
reloadAllAccessors: .CycleOfImmediateTransitionsModal3

===========================================================================================
----------------- testing Tue Sep 11 02:11:26 UTC 2018 /home/travis/build/icyphy/ptII/ptolemy/domains/modal/test/auto/DeepModal1.xml
----------------- Instantiating /home/travis/build/icyphy/ptII/ptolemy/domains/modal/test/auto/DeepModal1.xml
28 ms. Memory: 577536K Free: 387288K (67%)
----------------- Invoking toplevel() on ptolemy.moml.MoMLSimpleApplication@4157c41
----------------- Done invoking toplevel() on ptolemy.moml.MoMLSimpleApplication@4157c41
reloadAllAccessors: .DeepModal1

===========================================================================================
----------------- testing Tue Sep 11 02:11:26 UTC 2018 /home/travis/build/icyphy/ptII/ptolemy/domains/modal/test/auto/DeepModal2.xml
----------------- Instantiating /home/travis/build/icyphy/ptII/ptolemy/domains/modal/test/auto/DeepModal2.xml
25 ms. Memory: 577536K Free: 364469K (63%)
----------------- Invoking toplevel() on ptolemy.moml.MoMLSimpleApplication@1d2b54a3
----------------- Done invoking toplevel() on ptolemy.moml.MoMLSimpleApplication@1d2b54a3
reloadAllAccessors: .DeepModal2

===========================================================================================
----------------- testing Tue Sep 11 02:11:26 UTC 2018 /home/travis/build/icyphy/ptII/ptolemy/domains/modal/test/auto/DeepModal3.xml
----------------- Instantiating /home/travis/build/icyphy/ptII/ptolemy/domains/modal/test/auto/DeepModal3.xml
24 ms. Memory: 577536K Free: 341667K (59%)
----------------- Invoking toplevel() on ptolemy.moml.MoMLSimpleApplication@31ddc218
----------------- Done invoking toplevel() on ptolemy.moml.MoMLSimpleApplication@31ddc218
reloadAllAccessors: .DeepModal3

===========================================================================================
----------------- testing Tue Sep 11 02:11:26 UTC 2018 /home/travis/build/icyphy/ptII/ptolemy/domains/modal/test/auto/DeepModal4.xml
----------------- Instantiating /home/travis/build/icyphy/ptII/ptolemy/domains/modal/test/auto/DeepModal4.xml
26 ms. Memory: 577536K Free: 315699K (55%)
----------------- Invoking toplevel() on ptolemy.moml.MoMLSimpleApplication@5930df1b
----------------- Done invoking toplevel() on ptolemy.moml.MoMLSimpleApplication@5930df1b
reloadAllAccessors: .DeepModal4

===========================================================================================
----------------- testing Tue Sep 11 02:11:26 UTC 2018 /home/travis/build/icyphy/ptII/ptolemy/domains/modal/test/auto/Default1.xml
----------------- Instantiating /home/travis/build/icyphy/ptII/ptolemy/domains/modal/test/auto/Default1.xml
2 ms. Memory: 577536K Free: 305924K (53%)
----------------- Invoking toplevel() on ptolemy.moml.MoMLSimpleApplication@57e13421
----------------- Done invoking toplevel() on ptolemy.moml.MoMLSimpleApplication@57e13421
reloadAllAccessors: .Default1

===========================================================================================
----------------- testing Tue Sep 11 02:11:26 UTC 2018 /home/travis/build/icyphy/ptII/ptolemy/domains/modal/test/auto/Default2.xml
----------------- Instantiating /home/travis/build/icyphy/ptII/ptolemy/domains/modal/test/auto/Default2.xml
3 ms. Memory: 577536K Free: 296149K (51%)
----------------- Invoking toplevel() on ptolemy.moml.MoMLSimpleApplication@74552d9c
----------------- Done invoking toplevel() on ptolemy.moml.MoMLSimpleApplication@74552d9c
reloadAllAccessors: .Default2

===========================================================================================
----------------- testing Tue Sep 11 02:11:26 UTC 2018 /home/travis/build/icyphy/ptII/ptolemy/domains/modal/test/auto/Default3.xml
----------------- Instantiating /home/travis/build/icyphy/ptII/ptolemy/domains/modal/test/auto/Default3.xml
3 ms. Memory: 577536K Free: 286375K (50%)
----------------- Invoking toplevel() on ptolemy.moml.MoMLSimpleApplication@3f2f68de
----------------- Done invoking toplevel() on ptolemy.moml.MoMLSimpleApplication@3f2f68de
reloadAllAccessors: .Default3

===========================================================================================
----------------- testing Tue Sep 11 02:11:26 UTC 2018 /home/travis/build/icyphy/ptII/ptolemy/domains/modal/test/auto/Default4.xml
----------------- Instantiating /home/travis/build/icyphy/ptII/ptolemy/domains/modal/test/auto/Default4.xml
3 ms. Memory: 577536K Free: 273450K (47%)
----------------- Invoking toplevel() on ptolemy.moml.MoMLSimpleApplication@3999ad6f
----------------- Done invoking toplevel() on ptolemy.moml.MoMLSimpleApplication@3999ad6f
reloadAllAccessors: .Default4

===========================================================================================
----------------- testing Tue Sep 11 02:11:26 UTC 2018 /home/travis/build/icyphy/ptII/ptolemy/domains/modal/test/auto/Default5.xml
----------------- Instantiating /home/travis/build/icyphy/ptII/ptolemy/domains/modal/test/auto/Default5.xml
12 ms. Memory: 577536K Free: 260422K (45%)
----------------- Invoking toplevel() on ptolemy.moml.MoMLSimpleApplication@c5477e9
----------------- Done invoking toplevel() on ptolemy.moml.MoMLSimpleApplication@c5477e9
reloadAllAccessors: .Default5

===========================================================================================
----------------- testing Tue Sep 11 02:11:26 UTC 2018 /home/travis/build/icyphy/ptII/ptolemy/domains/modal/test/auto/EmptyGuard.xml
----------------- Instantiating /home/travis/build/icyphy/ptII/ptolemy/domains/modal/test/auto/EmptyGuard.xml
12 ms. Memory: 577536K Free: 250664K (43%)
----------------- Invoking toplevel() on ptolemy.moml.MoMLSimpleApplication@7b1105ae
----------------- Done invoking toplevel() on ptolemy.moml.MoMLSimpleApplication@7b1105ae
reloadAllAccessors: .EmptyGuard

===========================================================================================
----------------- testing Tue Sep 11 02:11:26 UTC 2018 /home/travis/build/icyphy/ptII/ptolemy/domains/modal/test/auto/ErrorTransition1.xml
----------------- Instantiating /home/travis/build/icyphy/ptII/ptolemy/domains/modal/test/auto/ErrorTransition1.xml
5 ms. Memory: 577536K Free: 237628K (41%)
----------------- Invoking toplevel() on ptolemy.moml.MoMLSimpleApplication@2c75136a
----------------- Done invoking toplevel() on ptolemy.moml.MoMLSimpleApplication@2c75136a
reloadAllAccessors: .ErrorTransition1

===========================================================================================
----------------- testing Tue Sep 11 02:11:26 UTC 2018 /home/travis/build/icyphy/ptII/ptolemy/domains/modal/test/auto/ErrorTransition10.xml
----------------- Instantiating /home/travis/build/icyphy/ptII/ptolemy/domains/modal/test/auto/ErrorTransition10.xml
10 ms. Memory: 577536K Free: 218182K (38%)
----------------- Invoking toplevel() on ptolemy.moml.MoMLSimpleApplication@4f339d6e
----------------- Done invoking toplevel() on ptolemy.moml.MoMLSimpleApplication@4f339d6e
reloadAllAccessors: .ErrorTransition10

===========================================================================================
----------------- testing Tue Sep 11 02:11:26 UTC 2018 /home/travis/build/icyphy/ptII/ptolemy/domains/modal/test/auto/ErrorTransition11.xml
----------------- Instantiating /home/travis/build/icyphy/ptII/ptolemy/domains/modal/test/auto/ErrorTransition11.xml
3 ms. Memory: 577536K Free: 201885K (35%)
----------------- Invoking toplevel() on ptolemy.moml.MoMLSimpleApplication@48bc9f9e
----------------- Done invoking toplevel() on ptolemy.moml.MoMLSimpleApplication@48bc9f9e
reloadAllAccessors: .ErrorTransition11

===========================================================================================
----------------- testing Tue Sep 11 02:11:26 UTC 2018 /home/travis/build/icyphy/ptII/ptolemy/domains/modal/test/auto/ErrorTransition2.xml
----------------- Instantiating /home/travis/build/icyphy/ptII/ptolemy/domains/modal/test/auto/ErrorTransition2.xml
5 ms. Memory: 577536K Free: 188857K (33%)
----------------- Invoking toplevel() on ptolemy.moml.MoMLSimpleApplication@4dffbcd0
----------------- Done invoking toplevel() on ptolemy.moml.MoMLSimpleApplication@4dffbcd0
reloadAllAccessors: .ErrorTransition2

===========================================================================================
----------------- testing Tue Sep 11 02:11:26 UTC 2018 /home/travis/build/icyphy/ptII/ptolemy/domains/modal/test/auto/ErrorTransition3.xml
----------------- Instantiating /home/travis/build/icyphy/ptII/ptolemy/domains/modal/test/auto/ErrorTransition3.xml
5 ms. Memory: 577536K Free: 175830K (30%)
----------------- Invoking toplevel() on ptolemy.moml.MoMLSimpleApplication@78e339c0
----------------- Done invoking toplevel() on ptolemy.moml.MoMLSimpleApplication@78e339c0
reloadAllAccessors: .ErrorTransition3

===========================================================================================
----------------- testing Tue Sep 11 02:11:26 UTC 2018 /home/travis/build/icyphy/ptII/ptolemy/domains/modal/test/auto/ErrorTransition4.xml
----------------- Instantiating /home/travis/build/icyphy/ptII/ptolemy/domains/modal/test/auto/ErrorTransition4.xml
10 ms. Memory: 577536K Free: 162802K (28%)
----------------- Invoking toplevel() on ptolemy.moml.MoMLSimpleApplication@150916a2
----------------- Done invoking toplevel() on ptolemy.moml.MoMLSimpleApplication@150916a2
reloadAllAccessors: .ErrorTransition4

===========================================================================================
----------------- testing Tue Sep 11 02:11:26 UTC 2018 /home/travis/build/icyphy/ptII/ptolemy/domains/modal/test/auto/ErrorTransition5.xml
----------------- Instantiating /home/travis/build/icyphy/ptII/ptolemy/domains/modal/test/auto/ErrorTransition5.xml
6 ms. Memory: 577536K Free: 146625K (25%)
----------------- Invoking toplevel() on ptolemy.moml.MoMLSimpleApplication@123c52f9
----------------- Done invoking toplevel() on ptolemy.moml.MoMLSimpleApplication@123c52f9
reloadAllAccessors: .ErrorTransition5

===========================================================================================
----------------- testing Tue Sep 11 02:11:27 UTC 2018 /home/travis/build/icyphy/ptII/ptolemy/domains/modal/test/auto/ErrorTransition6.xml
----------------- Instantiating /home/travis/build/icyphy/ptII/ptolemy/domains/modal/test/auto/ErrorTransition6.xml
7 ms. Memory: 577536K Free: 133597K (23%)
----------------- Invoking toplevel() on ptolemy.moml.MoMLSimpleApplication@39587562
----------------- Done invoking toplevel() on ptolemy.moml.MoMLSimpleApplication@39587562
reloadAllAccessors: .ErrorTransition6

===========================================================================================
----------------- testing Tue Sep 11 02:11:27 UTC 2018 /home/travis/build/icyphy/ptII/ptolemy/domains/modal/test/auto/ErrorTransition7.xml
----------------- Instantiating /home/travis/build/icyphy/ptII/ptolemy/domains/modal/test/auto/ErrorTransition7.xml
14 ms. Memory: 577536K Free: 117301K (20%)
----------------- Invoking toplevel() on ptolemy.moml.MoMLSimpleApplication@62d090ee
----------------- Done invoking toplevel() on ptolemy.moml.MoMLSimpleApplication@62d090ee
reloadAllAccessors: .ErrorTransition7

===========================================================================================
----------------- testing Tue Sep 11 02:11:27 UTC 2018 /home/travis/build/icyphy/ptII/ptolemy/domains/modal/test/auto/ErrorTransition8.xml
----------------- Instantiating /home/travis/build/icyphy/ptII/ptolemy/domains/modal/test/auto/ErrorTransition8.xml
45 ms. Memory: 577536K Free: 101020K (17%)
----------------- Invoking toplevel() on ptolemy.moml.MoMLSimpleApplication@45d443c1
----------------- Done invoking toplevel() on ptolemy.moml.MoMLSimpleApplication@45d443c1
reloadAllAccessors: .ErrorTransition8

===========================================================================================
----------------- testing Tue Sep 11 02:11:27 UTC 2018 /home/travis/build/icyphy/ptII/ptolemy/domains/modal/test/auto/ErrorTransition9.xml
----------------- Instantiating /home/travis/build/icyphy/ptII/ptolemy/domains/modal/test/auto/ErrorTransition9.xml
11 ms. Memory: 577536K Free: 81589K (14%)
----------------- Invoking toplevel() on ptolemy.moml.MoMLSimpleApplication@5975d9ce
----------------- Done invoking toplevel() on ptolemy.moml.MoMLSimpleApplication@5975d9ce
reloadAllAccessors: .ErrorTransition9

===========================================================================================
----------------- testing Tue Sep 11 02:11:27 UTC 2018 /home/travis/build/icyphy/ptII/ptolemy/domains/modal/test/auto/ExtendedFSM.xml
----------------- Instantiating /home/travis/build/icyphy/ptII/ptolemy/domains/modal/test/auto/ExtendedFSM.xml
5 ms. Memory: 578048K Free: 558894K (97%)
----------------- Invoking toplevel() on ptolemy.moml.MoMLSimpleApplication@4a71111a
----------------- Done invoking toplevel() on ptolemy.moml.MoMLSimpleApplication@4a71111a
reloadAllAccessors: .ExtendedFSM

===========================================================================================
----------------- testing Tue Sep 11 02:11:27 UTC 2018 /home/travis/build/icyphy/ptII/ptolemy/domains/modal/test/auto/FinalStates.xml
----------------- Instantiating /home/travis/build/icyphy/ptII/ptolemy/domains/modal/test/auto/FinalStates.xml
7 ms. Memory: 578048K Free: 546907K (95%)
----------------- Invoking toplevel() on ptolemy.moml.MoMLSimpleApplication@62188cf2
----------------- Done invoking toplevel() on ptolemy.moml.MoMLSimpleApplication@62188cf2
reloadAllAccessors: .FinalStates

===========================================================================================
----------------- testing Tue Sep 11 02:11:27 UTC 2018 /home/travis/build/icyphy/ptII/ptolemy/domains/modal/test/auto/FixedPointFSM.xml
----------------- Instantiating /home/travis/build/icyphy/ptII/ptolemy/domains/modal/test/auto/FixedPointFSM.xml
17 ms. Memory: 578048K Free: 527186K (91%)
----------------- Invoking toplevel() on ptolemy.moml.MoMLSimpleApplication@828837c
----------------- Done invoking toplevel() on ptolemy.moml.MoMLSimpleApplication@828837c
reloadAllAccessors: .FixedPointFSM

===========================================================================================
----------------- testing Tue Sep 11 02:11:27 UTC 2018 /home/travis/build/icyphy/ptII/ptolemy/domains/modal/test/auto/FixedPointIterationFSMActor.xml
----------------- Instantiating /home/travis/build/icyphy/ptII/ptolemy/domains/modal/test/auto/FixedPointIterationFSMActor.xml
5 ms. Memory: 578048K Free: 511946K (89%)
----------------- Invoking toplevel() on ptolemy.moml.MoMLSimpleApplication@30af6c5b
----------------- Done invoking toplevel() on ptolemy.moml.MoMLSimpleApplication@30af6c5b
reloadAllAccessors: .FixedPointIterationFSMActor

===========================================================================================
----------------- testing Tue Sep 11 02:11:27 UTC 2018 /home/travis/build/icyphy/ptII/ptolemy/domains/modal/test/auto/FixedPointIterationFSMActor2.xml
----------------- Instantiating /home/travis/build/icyphy/ptII/ptolemy/domains/modal/test/auto/FixedPointIterationFSMActor2.xml
11 ms. Memory: 578048K Free: 495665K (86%)
----------------- Invoking toplevel() on ptolemy.moml.MoMLSimpleApplication@4eb468b7
----------------- Done invoking toplevel() on ptolemy.moml.MoMLSimpleApplication@4eb468b7
reloadAllAccessors: .FixedPointIterationFSMActor2

===========================================================================================
----------------- testing Tue Sep 11 02:11:27 UTC 2018 /home/travis/build/icyphy/ptII/ptolemy/domains/modal/test/auto/ForbiddenInstantanousLoop.xml
----------------- Instantiating /home/travis/build/icyphy/ptII/ptolemy/domains/modal/test/auto/ForbiddenInstantanousLoop.xml
4 ms. Memory: 578048K Free: 479368K (83%)
----------------- Invoking toplevel() on ptolemy.moml.MoMLSimpleApplication@53ec2589
----------------- Done invoking toplevel() on ptolemy.moml.MoMLSimpleApplication@53ec2589
reloadAllAccessors: .ForbiddenInstantanousLoop

===========================================================================================
----------------- testing Tue Sep 11 02:11:27 UTC 2018 /home/travis/build/icyphy/ptII/ptolemy/domains/modal/test/auto/FunctionDependencyOfFSMActorTest.xml
----------------- Instantiating /home/travis/build/icyphy/ptII/ptolemy/domains/modal/test/auto/FunctionDependencyOfFSMActorTest.xml
5 ms. Memory: 578048K Free: 467381K (81%)
----------------- Invoking toplevel() on ptolemy.moml.MoMLSimpleApplication@30692625
----------------- Done invoking toplevel() on ptolemy.moml.MoMLSimpleApplication@30692625
reloadAllAccessors: .FunctionDependencyOfFSMActorTest

===========================================================================================
----------------- testing Tue Sep 11 02:11:27 UTC 2018 /home/travis/build/icyphy/ptII/ptolemy/domains/modal/test/auto/GuardExpression.xml
----------------- Instantiating /home/travis/build/icyphy/ptII/ptolemy/domains/modal/test/auto/GuardExpression.xml
3 ms. Memory: 578048K Free: 457606K (79%)
----------------- Invoking toplevel() on ptolemy.moml.MoMLSimpleApplication@5c74c92a
----------------- Done invoking toplevel() on ptolemy.moml.MoMLSimpleApplication@5c74c92a
reloadAllAccessors: .GuardExpression

===========================================================================================
----------------- testing Tue Sep 11 02:11:27 UTC 2018 /home/travis/build/icyphy/ptII/ptolemy/domains/modal/test/auto/GuardNotEvaluated.xml
----------------- Instantiating /home/travis/build/icyphy/ptII/ptolemy/domains/modal/test/auto/GuardNotEvaluated.xml
5 ms. Memory: 578048K Free: 444579K (77%)
----------------- Invoking toplevel() on ptolemy.moml.MoMLSimpleApplication@4af488bf
----------------- Done invoking toplevel() on ptolemy.moml.MoMLSimpleApplication@4af488bf
reloadAllAccessors: .GuardNotEvaluated

===========================================================================================
----------------- testing Tue Sep 11 02:11:27 UTC 2018 /home/travis/build/icyphy/ptII/ptolemy/domains/modal/test/auto/GuardNotEvaluated2.xml
----------------- Instantiating /home/travis/build/icyphy/ptII/ptolemy/domains/modal/test/auto/GuardNotEvaluated2.xml
5 ms. Memory: 578048K Free: 429339K (74%)
----------------- Invoking toplevel() on ptolemy.moml.MoMLSimpleApplication@4b07f0ee
----------------- Done invoking toplevel() on ptolemy.moml.MoMLSimpleApplication@4b07f0ee
reloadAllAccessors: .GuardNotEvaluated2

===========================================================================================
----------------- testing Tue Sep 11 02:11:27 UTC 2018 /home/travis/build/icyphy/ptII/ptolemy/domains/modal/test/auto/GuardOnAbsent.xml
----------------- Instantiating /home/travis/build/icyphy/ptII/ptolemy/domains/modal/test/auto/GuardOnAbsent.xml
9 ms. Memory: 578048K Free: 419564K (73%)
----------------- Invoking toplevel() on ptolemy.moml.MoMLSimpleApplication@357476a5
----------------- Done invoking toplevel() on ptolemy.moml.MoMLSimpleApplication@357476a5
reloadAllAccessors: .GuardOnAbsent

===========================================================================================
----------------- testing Tue Sep 11 02:11:27 UTC 2018 /home/travis/build/icyphy/ptII/ptolemy/domains/modal/test/auto/HierarchicalFSMTypeInference.xml
----------------- Instantiating /home/travis/build/icyphy/ptII/ptolemy/domains/modal/test/auto/HierarchicalFSMTypeInference.xml
3 ms. Memory: 578048K Free: 403267K (70%)
----------------- Invoking toplevel() on ptolemy.moml.MoMLSimpleApplication@5129b8ab
----------------- Done invoking toplevel() on ptolemy.moml.MoMLSimpleApplication@5129b8ab
reloadAllAccessors: .HierarchicalFSMTypeInference

===========================================================================================
----------------- testing Tue Sep 11 02:11:27 UTC 2018 /home/travis/build/icyphy/ptII/ptolemy/domains/modal/test/auto/Hysteresis.xml
----------------- Instantiating /home/travis/build/icyphy/ptII/ptolemy/domains/modal/test/auto/Hysteresis.xml
7 ms. Memory: 578048K Free: 381489K (66%)
----------------- Invoking toplevel() on ptolemy.moml.MoMLSimpleApplication@142c9e6b
----------------- Done invoking toplevel() on ptolemy.moml.MoMLSimpleApplication@142c9e6b
reloadAllAccessors: .Hysteresis

===========================================================================================
----------------- testing Tue Sep 11 02:11:27 UTC 2018 /home/travis/build/icyphy/ptII/ptolemy/domains/modal/test/auto/HysteresisWithDefault.xml
----------------- Instantiating /home/travis/build/icyphy/ptII/ptolemy/domains/modal/test/auto/HysteresisWithDefault.xml
35 ms. Memory: 578048K Free: 355394K (61%)
----------------- Invoking toplevel() on ptolemy.moml.MoMLSimpleApplication@3ef35f98
----------------- Done invoking toplevel() on ptolemy.moml.MoMLSimpleApplication@3ef35f98
reloadAllAccessors: .HysteresisWithDefault

===========================================================================================
----------------- testing Tue Sep 11 02:11:27 UTC 2018 /home/travis/build/icyphy/ptII/ptolemy/domains/modal/test/auto/HysteresisWithDefault2.xml
----------------- Instantiating /home/travis/build/icyphy/ptII/ptolemy/domains/modal/test/auto/HysteresisWithDefault2.xml
41 ms. Memory: 578048K Free: 322776K (56%)
----------------- Invoking toplevel() on ptolemy.moml.MoMLSimpleApplication@1f80c3c2
----------------- Done invoking toplevel() on ptolemy.moml.MoMLSimpleApplication@1f80c3c2
reloadAllAccessors: .HysteresisWithDefault2

===========================================================================================
----------------- testing Tue Sep 11 02:11:27 UTC 2018 /home/travis/build/icyphy/ptII/ptolemy/domains/modal/test/auto/ImmediateNonConstructiveness.xml
----------------- Instantiating /home/travis/build/icyphy/ptII/ptolemy/domains/modal/test/auto/ImmediateNonConstructiveness.xml
3 ms. Memory: 578048K Free: 310805K (54%)
----------------- Invoking toplevel() on ptolemy.moml.MoMLSimpleApplication@1619c64f
----------------- Done invoking toplevel() on ptolemy.moml.MoMLSimpleApplication@1619c64f
reloadAllAccessors: .ImmediateNonConstructiveness

===========================================================================================
----------------- testing Tue Sep 11 02:11:27 UTC 2018 /home/travis/build/icyphy/ptII/ptolemy/domains/modal/test/auto/ImmediateNonConstructiveness2.xml
----------------- Instantiating /home/travis/build/icyphy/ptII/ptolemy/domains/modal/test/auto/ImmediateNonConstructiveness2.xml
2 ms. Memory: 578048K Free: 301030K (52%)
----------------- Invoking toplevel() on ptolemy.moml.MoMLSimpleApplication@d527752
----------------- Done invoking toplevel() on ptolemy.moml.MoMLSimpleApplication@d527752
reloadAllAccessors: .ImmediateNonConstructiveness2

===========================================================================================
----------------- testing Tue Sep 11 02:11:27 UTC 2018 /home/travis/build/icyphy/ptII/ptolemy/domains/modal/test/auto/ImmediateTransitionReset.xml
----------------- Instantiating /home/travis/build/icyphy/ptII/ptolemy/domains/modal/test/auto/ImmediateTransitionReset.xml
5 ms. Memory: 578048K Free: 282521K (49%)
----------------- Invoking toplevel() on ptolemy.moml.MoMLSimpleApplication@1012b875
----------------- Done invoking toplevel() on ptolemy.moml.MoMLSimpleApplication@1012b875
reloadAllAccessors: .ImmediateTransitionReset

===========================================================================================
----------------- testing Tue Sep 11 02:11:27 UTC 2018 /home/travis/build/icyphy/ptII/ptolemy/domains/modal/test/auto/ImmediateTransitions1.xml
----------------- Instantiating /home/travis/build/icyphy/ptII/ptolemy/domains/modal/test/auto/ImmediateTransitions1.xml
1 ms. Memory: 578048K Free: 272754K (47%)
----------------- Invoking toplevel() on ptolemy.moml.MoMLSimpleApplication@5b463995
----------------- Done invoking toplevel() on ptolemy.moml.MoMLSimpleApplication@5b463995
reloadAllAccessors: .ImmediateTransitions1

===========================================================================================
----------------- testing Tue Sep 11 02:11:27 UTC 2018 /home/travis/build/icyphy/ptII/ptolemy/domains/modal/test/auto/ImmediateTransitionsInstantaneousCommunication.xml
----------------- Instantiating /home/travis/build/icyphy/ptII/ptolemy/domains/modal/test/auto/ImmediateTransitionsInstantaneousCommunication.xml
4 ms. Memory: 578048K Free: 256473K (44%)
----------------- Invoking toplevel() on ptolemy.moml.MoMLSimpleApplication@78fc8e32
----------------- Done invoking toplevel() on ptolemy.moml.MoMLSimpleApplication@78fc8e32
reloadAllAccessors: .ImmediateTransitionsInstantaneousCommunication

===========================================================================================
----------------- testing Tue Sep 11 02:11:27 UTC 2018 /home/travis/build/icyphy/ptII/ptolemy/domains/modal/test/auto/InitialImmediateTransition.xml
----------------- Instantiating /home/travis/build/icyphy/ptII/ptolemy/domains/modal/test/auto/InitialImmediateTransition.xml
3 ms. Memory: 578048K Free: 244502K (42%)
----------------- Invoking toplevel() on ptolemy.moml.MoMLSimpleApplication@3dff025d
----------------- Done invoking toplevel() on ptolemy.moml.MoMLSimpleApplication@3dff025d
reloadAllAccessors: .InitialImmediateTransition

===========================================================================================
----------------- testing Tue Sep 11 02:11:27 UTC 2018 /home/travis/build/icyphy/ptII/ptolemy/domains/modal/test/auto/InitialOutputs.xml
----------------- Instantiating /home/travis/build/icyphy/ptII/ptolemy/domains/modal/test/auto/InitialOutputs.xml
2 ms. Memory: 578048K Free: 234727K (41%)
----------------- Invoking toplevel() on ptolemy.moml.MoMLSimpleApplication@33e5b003
----------------- Done invoking toplevel() on ptolemy.moml.MoMLSimpleApplication@33e5b003
reloadAllAccessors: .InitialOutputs

===========================================================================================
----------------- testing Tue Sep 11 02:11:27 UTC 2018 /home/travis/build/icyphy/ptII/ptolemy/domains/modal/test/auto/InitialStateTransition1.xml
----------------- Instantiating /home/travis/build/icyphy/ptII/ptolemy/domains/modal/test/auto/InitialStateTransition1.xml
3 ms. Memory: 578048K Free: 221700K (38%)
----------------- Invoking toplevel() on ptolemy.moml.MoMLSimpleApplication@77d7b256
----------------- Done invoking toplevel() on ptolemy.moml.MoMLSimpleApplication@77d7b256
reloadAllAccessors: .InitialStateTransition1

===========================================================================================
----------------- testing Tue Sep 11 02:11:27 UTC 2018 /home/travis/build/icyphy/ptII/ptolemy/domains/modal/test/auto/InitialStateTransition2.xml
----------------- Instantiating /home/travis/build/icyphy/ptII/ptolemy/domains/modal/test/auto/InitialStateTransition2.xml
.InitialStateTransition2.TestExceptionAttributeNonConstructive: initialize() was not invoked, but wrapup() was.  This is unusual, but not always a problem.  For example, exporting JNLP will do this.
1 ms. Memory: 578048K Free: 206475K (36%)
----------------- Invoking toplevel() on ptolemy.moml.MoMLSimpleApplication@5223b881
----------------- Done invoking toplevel() on ptolemy.moml.MoMLSimpleApplication@5223b881
reloadAllAccessors: .InitialStateTransition2

===========================================================================================
----------------- testing Tue Sep 11 02:11:27 UTC 2018 /home/travis/build/icyphy/ptII/ptolemy/domains/modal/test/auto/InitialStateTransition3.xml
----------------- Instantiating /home/travis/build/icyphy/ptII/ptolemy/domains/modal/test/auto/InitialStateTransition3.xml
3 ms. Memory: 578048K Free: 193463K (33%)
----------------- Invoking toplevel() on ptolemy.moml.MoMLSimpleApplication@6039f53b
----------------- Done invoking toplevel() on ptolemy.moml.MoMLSimpleApplication@6039f53b
reloadAllAccessors: .InitialStateTransition3

===========================================================================================
----------------- testing Tue Sep 11 02:11:28 UTC 2018 /home/travis/build/icyphy/ptII/ptolemy/domains/modal/test/auto/InitialStateTransition4.xml
----------------- Instantiating /home/travis/build/icyphy/ptII/ptolemy/domains/modal/test/auto/InitialStateTransition4.xml
3 ms. Memory: 578048K Free: 180444K (31%)
----------------- Invoking toplevel() on ptolemy.moml.MoMLSimpleApplication@db07f9c
----------------- Done invoking toplevel() on ptolemy.moml.MoMLSimpleApplication@db07f9c
[...]
----------------- Done invoking toplevel() on ptolemy.moml.MoMLSimpleApplication@56633e8c
reloadAllAccessors: .TerminationTransition3

===========================================================================================
----------------- testing Tue Sep 11 02:11:29 UTC 2018 /home/travis/build/icyphy/ptII/ptolemy/domains/modal/test/auto/TerminationTransition4.xml
----------------- Instantiating /home/travis/build/icyphy/ptII/ptolemy/domains/modal/test/auto/TerminationTransition4.xml
6 ms. Memory: 870912K Free: 93979K (11%)
----------------- Invoking toplevel() on ptolemy.moml.MoMLSimpleApplication@409b7eaa
----------------- Done invoking toplevel() on ptolemy.moml.MoMLSimpleApplication@409b7eaa
reloadAllAccessors: .TerminationTransition4

===========================================================================================
----------------- testing Tue Sep 11 02:11:29 UTC 2018 /home/travis/build/icyphy/ptII/ptolemy/domains/modal/test/auto/TerminationTransition5.xml
----------------- Instantiating /home/travis/build/icyphy/ptII/ptolemy/domains/modal/test/auto/TerminationTransition5.xml
14 ms. Memory: 870912K Free: 856731K (98%)
----------------- Invoking toplevel() on ptolemy.moml.MoMLSimpleApplication@48608329
----------------- Done invoking toplevel() on ptolemy.moml.MoMLSimpleApplication@48608329
reloadAllAccessors: .TerminationTransition5

===========================================================================================
----------------- testing Tue Sep 11 02:11:29 UTC 2018 /home/travis/build/icyphy/ptII/ptolemy/domains/modal/test/auto/TerminationTransition6.xml
----------------- Instantiating /home/travis/build/icyphy/ptII/ptolemy/domains/modal/test/auto/TerminationTransition6.xml
1 ms. Memory: 870912K Free: 836532K (96%)
----------------- Invoking toplevel() on ptolemy.moml.MoMLSimpleApplication@1a7bc4a1
----------------- Done invoking toplevel() on ptolemy.moml.MoMLSimpleApplication@1a7bc4a1
reloadAllAccessors: .TerminationTransition6

===========================================================================================
----------------- testing Tue Sep 11 02:11:29 UTC 2018 /home/travis/build/icyphy/ptII/ptolemy/domains/modal/test/auto/TerminationTransition7.xml
----------------- Instantiating /home/travis/build/icyphy/ptII/ptolemy/domains/modal/test/auto/TerminationTransition7.xml
3 ms. Memory: 870912K Free: 820794K (94%)
----------------- Invoking toplevel() on ptolemy.moml.MoMLSimpleApplication@8ae9e3d
----------------- Done invoking toplevel() on ptolemy.moml.MoMLSimpleApplication@8ae9e3d
reloadAllAccessors: .TerminationTransition7

===========================================================================================
----------------- testing Tue Sep 11 02:11:29 UTC 2018 /home/travis/build/icyphy/ptII/ptolemy/domains/modal/test/auto/TerminationTransition8.xml
----------------- Instantiating /home/travis/build/icyphy/ptII/ptolemy/domains/modal/test/auto/TerminationTransition8.xml
1 ms. Memory: 870912K Free: 803303K (92%)
----------------- Invoking toplevel() on ptolemy.moml.MoMLSimpleApplication@54d6048a
----------------- Done invoking toplevel() on ptolemy.moml.MoMLSimpleApplication@54d6048a
reloadAllAccessors: .TerminationTransition8

===========================================================================================
----------------- testing Tue Sep 11 02:11:29 UTC 2018 /home/travis/build/icyphy/ptII/ptolemy/domains/modal/test/auto/Thermostat_NoHysteresis.xml
----------------- Instantiating /home/travis/build/icyphy/ptII/ptolemy/domains/modal/test/auto/Thermostat_NoHysteresis.xml
20 ms. Memory: 870912K Free: 772046K (89%)
----------------- Invoking toplevel() on ptolemy.moml.MoMLSimpleApplication@b1be30a
----------------- Done invoking toplevel() on ptolemy.moml.MoMLSimpleApplication@b1be30a
reloadAllAccessors: .Thermostat_NoHysteresis

===========================================================================================
----------------- testing Tue Sep 11 02:11:29 UTC 2018 /home/travis/build/icyphy/ptII/ptolemy/domains/modal/test/auto/TimedFSM.xml
----------------- Instantiating /home/travis/build/icyphy/ptII/ptolemy/domains/modal/test/auto/TimedFSM.xml
7 ms. Memory: 870912K Free: 754570K (87%)
----------------- Invoking toplevel() on ptolemy.moml.MoMLSimpleApplication@5cfe3cfd
----------------- Done invoking toplevel() on ptolemy.moml.MoMLSimpleApplication@5cfe3cfd
reloadAllAccessors: .TimedFSM

===========================================================================================
----------------- testing Tue Sep 11 02:11:29 UTC 2018 /home/travis/build/icyphy/ptII/ptolemy/domains/modal/test/auto/Timeout1.xml
----------------- Instantiating /home/travis/build/icyphy/ptII/ptolemy/domains/modal/test/auto/Timeout1.xml
3 ms. Memory: 870912K Free: 744160K (85%)
----------------- Invoking toplevel() on ptolemy.moml.MoMLSimpleApplication@90cb09f
----------------- Done invoking toplevel() on ptolemy.moml.MoMLSimpleApplication@90cb09f
reloadAllAccessors: .Timeout1

===========================================================================================
----------------- testing Tue Sep 11 02:11:29 UTC 2018 /home/travis/build/icyphy/ptII/ptolemy/domains/modal/test/auto/Timeout2.xml
----------------- Instantiating /home/travis/build/icyphy/ptII/ptolemy/domains/modal/test/auto/Timeout2.xml
4 ms. Memory: 870912K Free: 726668K (83%)
----------------- Invoking toplevel() on ptolemy.moml.MoMLSimpleApplication@10f1faa1
----------------- Done invoking toplevel() on ptolemy.moml.MoMLSimpleApplication@10f1faa1
reloadAllAccessors: .Timeout2

===========================================================================================
----------------- testing Tue Sep 11 02:11:29 UTC 2018 /home/travis/build/icyphy/ptII/ptolemy/domains/modal/test/auto/Timeout3.xml
----------------- Instantiating /home/travis/build/icyphy/ptII/ptolemy/domains/modal/test/auto/Timeout3.xml
6 ms. Memory: 870912K Free: 716257K (82%)
----------------- Invoking toplevel() on ptolemy.moml.MoMLSimpleApplication@37e12955
----------------- Done invoking toplevel() on ptolemy.moml.MoMLSimpleApplication@37e12955
reloadAllAccessors: .Timeout3

===========================================================================================
----------------- testing Tue Sep 11 02:11:30 UTC 2018 /home/travis/build/icyphy/ptII/ptolemy/domains/modal/test/auto/Timeout4.xml
----------------- Instantiating /home/travis/build/icyphy/ptII/ptolemy/domains/modal/test/auto/Timeout4.xml
2 ms. Memory: 870912K Free: 703986K (81%)
----------------- Invoking toplevel() on ptolemy.moml.MoMLSimpleApplication@67f7e21
----------------- Done invoking toplevel() on ptolemy.moml.MoMLSimpleApplication@67f7e21
reloadAllAccessors: .Timeout4

===========================================================================================
----------------- testing Tue Sep 11 02:11:30 UTC 2018 /home/travis/build/icyphy/ptII/ptolemy/domains/modal/test/auto/TransientstateModelAdvanced.xml
----------------- Instantiating /home/travis/build/icyphy/ptII/ptolemy/domains/modal/test/auto/TransientstateModelAdvanced.xml
2 ms. Memory: 870912K Free: 683148K (78%)
----------------- Invoking toplevel() on ptolemy.moml.MoMLSimpleApplication@1460e706
----------------- Done invoking toplevel() on ptolemy.moml.MoMLSimpleApplication@1460e706
reloadAllAccessors: .TransientstateModelAdvanced

===========================================================================================
----------------- testing Tue Sep 11 02:11:30 UTC 2018 /home/travis/build/icyphy/ptII/ptolemy/domains/modal/test/auto/TransientstateModelAdvanced2.xml
----------------- Instantiating /home/travis/build/icyphy/ptII/ptolemy/domains/modal/test/auto/TransientstateModelAdvanced2.xml
3 ms. Memory: 870912K Free: 660459K (76%)
----------------- Invoking toplevel() on ptolemy.moml.MoMLSimpleApplication@39f6f382
----------------- Done invoking toplevel() on ptolemy.moml.MoMLSimpleApplication@39f6f382
reloadAllAccessors: .transientstatemodelAdvanced

===========================================================================================
----------------- testing Tue Sep 11 02:11:30 UTC 2018 /home/travis/build/icyphy/ptII/ptolemy/domains/modal/test/auto/TransitionRefinements.xml
----------------- Instantiating /home/travis/build/icyphy/ptII/ptolemy/domains/modal/test/auto/TransitionRefinements.xml
10 ms. Memory: 870912K Free: 644827K (74%)
----------------- Invoking toplevel() on ptolemy.moml.MoMLSimpleApplication@5a4522d6
----------------- Done invoking toplevel() on ptolemy.moml.MoMLSimpleApplication@5a4522d6
reloadAllAccessors: .TransitionRefinements

===========================================================================================
----------------- testing Tue Sep 11 02:11:30 UTC 2018 /home/travis/build/icyphy/ptII/ptolemy/domains/modal/test/auto/TwoRefinements1.xml
----------------- Instantiating /home/travis/build/icyphy/ptII/ptolemy/domains/modal/test/auto/TwoRefinements1.xml
2 ms. Memory: 870912K Free: 627335K (72%)
----------------- Invoking toplevel() on ptolemy.moml.MoMLSimpleApplication@58c0a42
----------------- Done invoking toplevel() on ptolemy.moml.MoMLSimpleApplication@58c0a42
reloadAllAccessors: .TwoRefinements1

===========================================================================================
----------------- testing Tue Sep 11 02:11:30 UTC 2018 /home/travis/build/icyphy/ptII/ptolemy/domains/modal/test/auto/TwoRefinements2.xml
----------------- Instantiating /home/travis/build/icyphy/ptII/ptolemy/domains/modal/test/auto/TwoRefinements2.xml
2 ms. Memory: 870912K Free: 611703K (70%)
----------------- Invoking toplevel() on ptolemy.moml.MoMLSimpleApplication@1a28f779
----------------- Done invoking toplevel() on ptolemy.moml.MoMLSimpleApplication@1a28f779
reloadAllAccessors: .TwoRefinements2

===========================================================================================
----------------- testing Tue Sep 11 02:11:30 UTC 2018 /home/travis/build/icyphy/ptII/ptolemy/domains/modal/test/auto/WeakImmediateTransition.xml
----------------- Instantiating /home/travis/build/icyphy/ptII/ptolemy/domains/modal/test/auto/WeakImmediateTransition.xml
2 ms. Memory: 870912K Free: 594227K (68%)
----------------- Invoking toplevel() on ptolemy.moml.MoMLSimpleApplication@2ae89701
----------------- Done invoking toplevel() on ptolemy.moml.MoMLSimpleApplication@2ae89701
reloadAllAccessors: .WeakImmediateTransition

===========================================================================================
----------------- testing Tue Sep 11 02:11:30 UTC 2018 /home/travis/build/icyphy/ptII/ptolemy/domains/modal/test/auto/booleanSelect.xml
----------------- Instantiating /home/travis/build/icyphy/ptII/ptolemy/domains/modal/test/auto/booleanSelect.xml
28 ms. Memory: 870912K Free: 568177K (65%)
----------------- Invoking toplevel() on ptolemy.moml.MoMLSimpleApplication@1e0dad3f
----------------- Done invoking toplevel() on ptolemy.moml.MoMLSimpleApplication@1e0dad3f
reloadAllAccessors: .booleanSelect

===========================================================================================
----------------- testing Tue Sep 11 02:11:30 UTC 2018 /home/travis/build/icyphy/ptII/ptolemy/domains/modal/test/auto/modalChangingParams.xml
----------------- Instantiating /home/travis/build/icyphy/ptII/ptolemy/domains/modal/test/auto/modalChangingParams.xml
0
1
0
2
4
6
8
7
0
2
4
6
8
13
0
2
4
6
8
19
0
2
4
6
8
25
0
2
4
6
8
31
0
2
4
6
8
37
0
2
4
6
8
43
0
2
4
6
8
49
0
2
4
6
8
55
0
2
4
6
8
61
0
2
4
6
8
67
0
2
4
6
8
73
0
2
4
6
8
79
0
2
4
6
8
85
0
2
4
6
8
91
0
2
4
6
8
97
0
2
4
6
8
103
0
2
4
6
8
109
0
2
4
6
8
115
0
2
4
6
8
121
0
2
4
6
8
127
0
2
4
6
8
133
0
2
4
6
8
139
0
2
4
6
8
145
0
2
4
6
8
151
0
2
4
6
8
157
0
2
4
6
8
163
0
2
4
6
8
169
0
2
4
6
8
175
0
2
4
6
8
181
0
2
4
6
8
187
0
2
4
6
8
193
0
2
4
6
8
199
0
2
4
6
8
205
0
2
4
6
8
211
0
2
4
6
8
217
0
2
4
6
8
223
0
2
4
6
8
229
0
2
4
6
8
235
0
2
4
6
8
241
0
2
4
6
8
247
0
2
4
6
8
253
0
2
4
6
8
259
0
2
4
6
8
265
0
2
4
6
8
271
0
2
4
6
8
277
0
2
4
6
8
283
0
2
4
6
8
289
0
2
4
6
8
295
0
2
4
6
8
301
0
2
4
6
8
307
0
2
4
6
8
313
0
2
4
6
8
319
0
2
4
6
8
325
0
2
4
6
8
331
0
2
4
6
8
337
0
2
4
6
8
343
0
2
4
6
8
349
0
2
4
6
8
355
0
2
4
6
8
361
0
2
4
6
8
367
0
2
4
6
8
373
0
2
4
6
8
379
0
2
4
6
8
385
0
2
4
6
8
391
0
2
4
6
8
397
0
2
4
6
8
403
0
2
4
6
8
409
0
2
4
6
8
415
0
2
4
6
8
421
0
2
4
6
8
427
0
2
4
6
8
433
0
2
4
6
8
439
0
2
4
6
8
445
0
2
4
6
8
451
0
2
4
6
8
457
0
2
4
6
8
463
0
2
4
6
8
469
0
2
4
6
8
475
0
2
4
6
8
481
0
2
4
6
8
487
0
2
4
6
8
493
0
2
4
6
8
499
0
2
4
6
8
505
0
2
4
6
8
511
0
2
4
6
8
517
0
2
4
6
8
523
0
2
4
6
8
529
0
2
4
6
8
535
0
2
4
6
8
541
0
2
4
6
8
547
0
2
4
6
8
553
0
2
4
6
8
559
0
2
4
6
8
565
0
2
4
6
8
571
0
2
4
6
8
577
0
2
4
6
8
583
0
2
4
6
8
589
0
2
4
6
8
595
0
2
4
6
8
601
0
2
4
6
8
607
0
2
4
6
8
613
0
2
4
6
8
619
0
2
4
6
8
625
0
2
4
6
8
631
0
2
4
6
8
637
0
2
4
6
8
643
0
2
4
6
8
649
0
2
4
6
8
655
0
2
4
6
8
661
0
2
4
6
8
667
0
2
4
6
8
673
0
2
4
6
8
679
0
2
4
6
8
685
0
2
4
6
8
691
0
2
4
6
8
697
0
2
4
6
8
703
0
2
4
6
8
709
0
2
4
6
8
715
0
2
4
6
8
721
0
2
4
6
8
727
0
2
4
6
8
733
0
2
4
6
8
739
0
2
4
6
8
745
0
2
4
6
8
751
0
2
4
6
8
757
0
2
4
6
8
763
0
2
4
6
8
769
0
2
4
6
8
775
0
2
4
6
8
781
0
2
4
6
8
787
0
2
4
6
8
793
0
2
4
6
8
799
0
2
4
6
8
805
0
2
4
6
8
811
0
2
4
6
8
817
0
2
4
6
8
823
0
2
4
6
8
829
0
2
4
6
8
835
0
2
4
6
8
841
0
2
4
6
8
847
0
2
4
6
8
853
0
2
4
6
8
859
0
2
4
6
8
865
0
2
4
6
8
871
0
2
4
6
8
877
0
2
4
6
8
883
0
2
4
6
8
889
0
2
4
6
8
895
0
2
4
6
8
901
0
2
4
6
8
907
0
2
4
6
8
913
0
2
4
6
8
919
0
2
4
6
8
925
0
2
4
6
8
931
0
2
4
6
8
937
0
2
4
6
8
943
0
2
4
6
8
949
0
2
4
6
8
955
0
2
4
6
8
961
0
2
4
6
8
967
0
2
4
6
8
973
0
2
4
6
8
979
0
2
4
6
8
985
0
2
4
6
8
991
0
2
4
6
8
997
0
2
186 ms. Memory: 870912K Free: 451534K (52%)
----------------- Invoking toplevel() on ptolemy.moml.MoMLSimpleApplication@7304ad06
----------------- Done invoking toplevel() on ptolemy.moml.MoMLSimpleApplication@7304ad06
reloadAllAccessors: .modalChangingParams

===========================================================================================
----------------- testing Tue Sep 11 02:11:30 UTC 2018 /home/travis/build/icyphy/ptII/ptolemy/domains/modal/test/auto/modalModel.xml
----------------- Instantiating /home/travis/build/icyphy/ptII/ptolemy/domains/modal/test/auto/modalModel.xml
16 ms. Memory: 870912K Free: 435902K (50%)
----------------- Invoking toplevel() on ptolemy.moml.MoMLSimpleApplication@7310e559
----------------- Done invoking toplevel() on ptolemy.moml.MoMLSimpleApplication@7310e559
reloadAllAccessors: .modalModel

===========================================================================================
----------------- testing Tue Sep 11 02:11:30 UTC 2018 /home/travis/build/icyphy/ptII/ptolemy/domains/modal/test/auto/modalModel2.xml
----------------- Instantiating /home/travis/build/icyphy/ptII/ptolemy/domains/modal/test/auto/modalModel2.xml
10 ms. Memory: 870912K Free: 420270K (48%)
----------------- Invoking toplevel() on ptolemy.moml.MoMLSimpleApplication@4fc7bb2d
----------------- Done invoking toplevel() on ptolemy.moml.MoMLSimpleApplication@4fc7bb2d
reloadAllAccessors: .modalModel2

===========================================================================================
----------------- testing Tue Sep 11 02:11:30 UTC 2018 /home/travis/build/icyphy/ptII/ptolemy/domains/modal/test/auto/modalModel3.xml
----------------- Instantiating /home/travis/build/icyphy/ptII/ptolemy/domains/modal/test/auto/modalModel3.xml
0	0	0
3	2	1
6	4	2
9	6	3
4	0	4
7	2	5
10	4	6
13	6	7
8	0	8
11	2	9
14	4	10
17	6	11
12	0	12
15	2	13
18	4	14
11 ms. Memory: 870912K Free: 402778K (46%)
----------------- Invoking toplevel() on ptolemy.moml.MoMLSimpleApplication@51d38f40
----------------- Done invoking toplevel() on ptolemy.moml.MoMLSimpleApplication@51d38f40
reloadAllAccessors: .modalModel3

===========================================================================================
----------------- testing Tue Sep 11 02:11:30 UTC 2018 /home/travis/build/icyphy/ptII/ptolemy/domains/modal/test/auto/model1.xml
----------------- Instantiating /home/travis/build/icyphy/ptII/ptolemy/domains/modal/test/auto/model1.xml
9 ms. Memory: 870912K Free: 392367K (45%)
----------------- Invoking toplevel() on ptolemy.moml.MoMLSimpleApplication@5a1ba016
----------------- Done invoking toplevel() on ptolemy.moml.MoMLSimpleApplication@5a1ba016
reloadAllAccessors: .model1

===========================================================================================
----------------- testing Tue Sep 11 02:11:30 UTC 2018 /home/travis/build/icyphy/ptII/ptolemy/domains/modal/test/auto/test-direct-in-out.xml
----------------- Instantiating /home/travis/build/icyphy/ptII/ptolemy/domains/modal/test/auto/test-direct-in-out.xml
4 ms. Memory: 870912K Free: 374875K (43%)
----------------- Invoking toplevel() on ptolemy.moml.MoMLSimpleApplication@5e809059
----------------- Done invoking toplevel() on ptolemy.moml.MoMLSimpleApplication@5e809059
reloadAllAccessors: .test-direct-in-out
AutoTests.java: About to close Vertx.
AutoTests.java: Vertx closed.
]]></system-out>
  <system-err><![CDATA[java.lang.RuntimeException: Execution failed
	at ptolemy.moml.MoMLSimpleApplication$UnloadThread.run(MoMLSimpleApplication.java:402)
Caused by: ptolemy.kernel.util.IllegalActionException: Unknown inputs remain. Possible causality loop:
L_model_1893289564i

  in .CannotAnalysisWithPreemption.model_1893289564_region_1 and .CannotAnalysisWithPreemption.model_1893289564_region_1.L_model_1893289564i
	at ptolemy.actor.sched.FixedPointDirector.postfire(FixedPointDirector.java:515)
	at ptolemy.domains.sr.kernel.SRDirector.postfire(SRDirector.java:417)
	at ptolemy.actor.CompositeActor.postfire(CompositeActor.java:1668)
	at ptolemy.actor.Manager.iterate(Manager.java:852)
	at ptolemy.actor.Manager.execute(Manager.java:369)
	at ptolemy.actor.Manager.run(Manager.java:1263)
	at ptolemy.actor.Manager$PtolemyRunThread.run(Manager.java:1915)
java.lang.reflect.InvocationTargetException
	at sun.reflect.NativeConstructorAccessorImpl.newInstance0(Native Method)
	at sun.reflect.NativeConstructorAccessorImpl.newInstance(NativeConstructorAccessorImpl.java:62)
	at sun.reflect.DelegatingConstructorAccessorImpl.newInstance(DelegatingConstructorAccessorImpl.java:45)
	at java.lang.reflect.Constructor.newInstance(Constructor.java:423)
	at ptolemy.util.test.junit.AutoKnownFailedTests.RunModel(AutoKnownFailedTests.java:107)
	at sun.reflect.NativeMethodAccessorImpl.invoke0(Native Method)
	at sun.reflect.NativeMethodAccessorImpl.invoke(NativeMethodAccessorImpl.java:62)
	at sun.reflect.DelegatingMethodAccessorImpl.invoke(DelegatingMethodAccessorImpl.java:43)
	at java.lang.reflect.Method.invoke(Method.java:498)
	at org.junit.runners.model.FrameworkMethod$1.runReflectiveCall(FrameworkMethod.java:44)
	at org.junit.internal.runners.model.ReflectiveCallable.run(ReflectiveCallable.java:15)
	at org.junit.runners.model.FrameworkMethod.invokeExplosively(FrameworkMethod.java:41)
	at junitparams.internal.InvokeParameterisedMethod.evaluate(InvokeParameterisedMethod.java:102)
	at org.junit.internal.runners.statements.FailOnTimeout$1.run(FailOnTimeout.java:28)
Caused by: ptolemy.kernel.util.IllegalActionException: Unknown inputs remain. Possible causality loop:
L_model_1893289564i

  in .CannotAnalysisWithPreemption.model_1893289564_region_1 and .CannotAnalysisWithPreemption.model_1893289564_region_1.L_model_1893289564i
	at ptolemy.actor.sched.FixedPointDirector.postfire(FixedPointDirector.java:515)
	at ptolemy.domains.sr.kernel.SRDirector.postfire(SRDirector.java:417)
	at ptolemy.actor.CompositeActor.postfire(CompositeActor.java:1668)
	at ptolemy.actor.Manager.iterate(Manager.java:852)
	at ptolemy.actor.Manager.execute(Manager.java:369)
	at ptolemy.actor.Manager.run(Manager.java:1263)
	at ptolemy.actor.Manager$PtolemyRunThread.run(Manager.java:1915)
]]></system-err>
</testsuite>
