<?xml version="1.0" encoding="UTF-8" ?>
<testsuite errors="0" failures="0" hostname="travis-job-868d5e24-9f79-43f5-8aab-b00bce418351" name="ptolemy.domains.sdf.test.junit.JUnitTclTest" skipped="0" tests="66" time="20.601" timestamp="2019-12-31T06:54:17">
  <properties>
[...]
</properties>
  <testcase classname="ptolemy.util.test.junit.TclTests" name="[0] /home/travis/build/icyphy/ptII/ptolemy/domains/sdf/test/SDFSchedulerErrors.tcl (RunTclFile)" time="0.922" />
  <testcase classname="ptolemy.util.test.junit.TclTests" name="[1] /home/travis/build/icyphy/ptII/ptolemy/domains/sdf/test/composition.tcl (RunTclFile)" time="0.181" />
  <testcase classname="ptolemy.util.test.junit.TclTests" name="[2] /home/travis/build/icyphy/ptII/ptolemy/domains/sdf/test/cycle.tcl (RunTclFile)" time="0.056" />
  <testcase classname="ptolemy.util.test.junit.AutoKnownFailedTests" name="[0] ThereAreNoKnowFailedTests (RunModel)" time="0.001" />
  <testcase classname="ptolemy.util.test.junit.AutoNameArchTests" name="[0] ThereAreNoAutoArchTests (RunModel)" time="0.002" />
  <testcase classname="ptolemy.util.test.junit.AutoTests" name="[0] /home/travis/build/icyphy/ptII/ptolemy/domains/sdf/test/auto/Array.xml (RunModel)" time="0.284" />
  <testcase classname="ptolemy.util.test.junit.AutoTests" name="[1] /home/travis/build/icyphy/ptII/ptolemy/domains/sdf/test/auto/Butterfly.xml (RunModel)" time="0.192" />
  <testcase classname="ptolemy.util.test.junit.AutoTests" name="[2] /home/travis/build/icyphy/ptII/ptolemy/domains/sdf/test/auto/Expression.xml (RunModel)" time="0.108" />
  <testcase classname="ptolemy.util.test.junit.AutoTests" name="[3] /home/travis/build/icyphy/ptII/ptolemy/domains/sdf/test/auto/Eye.xml (RunModel)" time="0.346" />
  <testcase classname="ptolemy.util.test.junit.AutoTests" name="[4] /home/travis/build/icyphy/ptII/ptolemy/domains/sdf/test/auto/FixFIR.xml (RunModel)" time="0.394" />
  <testcase classname="ptolemy.util.test.junit.AutoTests" name="[5] /home/travis/build/icyphy/ptII/ptolemy/domains/sdf/test/auto/FixPoint.xml (RunModel)" time="0.026" />
  <testcase classname="ptolemy.util.test.junit.AutoTests" name="[6] /home/travis/build/icyphy/ptII/ptolemy/domains/sdf/test/auto/Gravitation.xml (RunModel)" time="3.285" />
  <testcase classname="ptolemy.util.test.junit.AutoTests" name="[7] /home/travis/build/icyphy/ptII/ptolemy/domains/sdf/test/auto/GravitationWithCollisionDetection.xml (RunModel)" time="6.291" />
  <testcase classname="ptolemy.util.test.junit.AutoTests" name="[8] /home/travis/build/icyphy/ptII/ptolemy/domains/sdf/test/auto/HDF.xml (RunModel)" time="0.122" />
  <testcase classname="ptolemy.util.test.junit.AutoTests" name="[9] /home/travis/build/icyphy/ptII/ptolemy/domains/sdf/test/auto/HDFwithTransientStates.xml (RunModel)" time="0.105" />
  <testcase classname="ptolemy.util.test.junit.AutoTests" name="[10] /home/travis/build/icyphy/ptII/ptolemy/domains/sdf/test/auto/HTVQ.xml (RunModel)" time="0.815" />
  <testcase classname="ptolemy.util.test.junit.AutoTests" name="[11] /home/travis/build/icyphy/ptII/ptolemy/domains/sdf/test/auto/InferInitProduction.xml (RunModel)" time="0.03" />
  <testcase classname="ptolemy.util.test.junit.AutoTests" name="[12] /home/travis/build/icyphy/ptII/ptolemy/domains/sdf/test/auto/InferInitProductionDeeper.xml (RunModel)" time="0.026" />
  <testcase classname="ptolemy.util.test.junit.AutoTests" name="[13] /home/travis/build/icyphy/ptII/ptolemy/domains/sdf/test/auto/LMSAdaptive.xml (RunModel)" time="0.086" />
  <testcase classname="ptolemy.util.test.junit.AutoTests" name="[14] /home/travis/build/icyphy/ptII/ptolemy/domains/sdf/test/auto/LogisticMap.xml (RunModel)" time="0.472" />
  <testcase classname="ptolemy.util.test.junit.AutoTests" name="[15] /home/travis/build/icyphy/ptII/ptolemy/domains/sdf/test/auto/MaximumEntropySpectrum.xml (RunModel)" time="0.328" />
  <testcase classname="ptolemy.util.test.junit.AutoTests" name="[16] /home/travis/build/icyphy/ptII/ptolemy/domains/sdf/test/auto/MultirateSDF.xml (RunModel)" time="0.072" />
  <testcase classname="ptolemy.util.test.junit.AutoTests" name="[17] /home/travis/build/icyphy/ptII/ptolemy/domains/sdf/test/auto/MultirateSDFwithTransientStates.xml (RunModel)" time="0.079" />
  <testcase classname="ptolemy.util.test.junit.AutoTests" name="[18] /home/travis/build/icyphy/ptII/ptolemy/domains/sdf/test/auto/NoisySinewave.xml (RunModel)" time="0.066" />
  <testcase classname="ptolemy.util.test.junit.AutoTests" name="[19] /home/travis/build/icyphy/ptII/ptolemy/domains/sdf/test/auto/Objects.xml (RunModel)" time="0.045" />
  <testcase classname="ptolemy.util.test.junit.AutoTests" name="[20] /home/travis/build/icyphy/ptII/ptolemy/domains/sdf/test/auto/OrthogonalCom.xml (RunModel)" time="0.045" />
  <testcase classname="ptolemy.util.test.junit.AutoTests" name="[21] /home/travis/build/icyphy/ptII/ptolemy/domains/sdf/test/auto/RijndaelEncryption.xml (RunModel)" time="0.626" />
  <testcase classname="ptolemy.util.test.junit.AutoTests" name="[22] /home/travis/build/icyphy/ptII/ptolemy/domains/sdf/test/auto/SDFEmptyIterations.xml (RunModel)" time="0.021" />
  <testcase classname="ptolemy.util.test.junit.AutoTests" name="[23] /home/travis/build/icyphy/ptII/ptolemy/domains/sdf/test/auto/Spectrum.xml (RunModel)" time="0.103" />
  <testcase classname="ptolemy.util.test.junit.AutoTests" name="[24] /home/travis/build/icyphy/ptII/ptolemy/domains/sdf/test/auto/de_inside_sdf.xml (RunModel)" time="0.024" />
  <testcase classname="ptolemy.util.test.junit.AutoTests" name="[25] /home/travis/build/icyphy/ptII/ptolemy/domains/sdf/test/auto/disconnectedHierarchicalSDF.xml (RunModel)" time="0.03" />
  <testcase classname="ptolemy.util.test.junit.AutoTests" name="[26] /home/travis/build/icyphy/ptII/ptolemy/domains/sdf/test/auto/disconnectedSDF.xml (RunModel)" time="0.021" />
  <testcase classname="ptolemy.util.test.junit.AutoTests" name="[27] /home/travis/build/icyphy/ptII/ptolemy/domains/sdf/test/auto/emptyRefinement.xml (RunModel)" time="0.019" />
  <testcase classname="ptolemy.util.test.junit.AutoTests" name="[28] /home/travis/build/icyphy/ptII/ptolemy/domains/sdf/test/auto/filePortParameter.xml (RunModel)" time="0.055" />
  <testcase classname="ptolemy.util.test.junit.AutoTests" name="[29] /home/travis/build/icyphy/ptII/ptolemy/domains/sdf/test/auto/inferRelationWidth1.xml (RunModel)" time="0.024" />
  <testcase classname="ptolemy.util.test.junit.AutoTests" name="[30] /home/travis/build/icyphy/ptII/ptolemy/domains/sdf/test/auto/initProductionInference.xml (RunModel)" time="0.025" />
  <testcase classname="ptolemy.util.test.junit.AutoTests" name="[31] /home/travis/build/icyphy/ptII/ptolemy/domains/sdf/test/auto/relationGroup.xml (RunModel)" time="0.012" />
  <testcase classname="ptolemy.util.test.junit.AutoTests" name="[32] /home/travis/build/icyphy/ptII/ptolemy/domains/sdf/test/auto/relationGroup10.xml (RunModel)" time="0.013" />
  <testcase classname="ptolemy.util.test.junit.AutoTests" name="[33] /home/travis/build/icyphy/ptII/ptolemy/domains/sdf/test/auto/relationGroup11.xml (RunModel)" time="0.013" />
  <testcase classname="ptolemy.util.test.junit.AutoTests" name="[34] /home/travis/build/icyphy/ptII/ptolemy/domains/sdf/test/auto/relationGroup12.xml (RunModel)" time="0.009" />
  <testcase classname="ptolemy.util.test.junit.AutoTests" name="[35] /home/travis/build/icyphy/ptII/ptolemy/domains/sdf/test/auto/relationGroup13.xml (RunModel)" time="0.013" />
  <testcase classname="ptolemy.util.test.junit.AutoTests" name="[36] /home/travis/build/icyphy/ptII/ptolemy/domains/sdf/test/auto/relationGroup14.xml (RunModel)" time="0.015" />
  <testcase classname="ptolemy.util.test.junit.AutoTests" name="[37] /home/travis/build/icyphy/ptII/ptolemy/domains/sdf/test/auto/relationGroup15.xml (RunModel)" time="0.011" />
  <testcase classname="ptolemy.util.test.junit.AutoTests" name="[38] /home/travis/build/icyphy/ptII/ptolemy/domains/sdf/test/auto/relationGroup2.xml (RunModel)" time="0.008" />
  <testcase classname="ptolemy.util.test.junit.AutoTests" name="[39] /home/travis/build/icyphy/ptII/ptolemy/domains/sdf/test/auto/relationGroup3.xml (RunModel)" time="0.007" />
  <testcase classname="ptolemy.util.test.junit.AutoTests" name="[40] /home/travis/build/icyphy/ptII/ptolemy/domains/sdf/test/auto/relationGroup4.xml (RunModel)" time="0.011" />
  <testcase classname="ptolemy.util.test.junit.AutoTests" name="[41] /home/travis/build/icyphy/ptII/ptolemy/domains/sdf/test/auto/relationGroup5.xml (RunModel)" time="0.01" />
  <testcase classname="ptolemy.util.test.junit.AutoTests" name="[42] /home/travis/build/icyphy/ptII/ptolemy/domains/sdf/test/auto/relationGroup6.xml (RunModel)" time="0.01" />
  <testcase classname="ptolemy.util.test.junit.AutoTests" name="[43] /home/travis/build/icyphy/ptII/ptolemy/domains/sdf/test/auto/relationGroup7.xml (RunModel)" time="0.008" />
  <testcase classname="ptolemy.util.test.junit.AutoTests" name="[44] /home/travis/build/icyphy/ptII/ptolemy/domains/sdf/test/auto/relationGroup8.xml (RunModel)" time="0.009" />
  <testcase classname="ptolemy.util.test.junit.AutoTests" name="[45] /home/travis/build/icyphy/ptII/ptolemy/domains/sdf/test/auto/relationGroup9.xml (RunModel)" time="0.012" />
  <testcase classname="ptolemy.util.test.junit.AutoTests" name="[46] /home/travis/build/icyphy/ptII/ptolemy/domains/sdf/test/auto/sdf_inside_de.xml (RunModel)" time="0.032" />
  <testcase classname="ptolemy.util.test.junit.AutoTests" name="[47] /home/travis/build/icyphy/ptII/ptolemy/domains/sdf/test/auto/sdf_inside_pn.xml (RunModel)" time="0.047" />
  <testcase classname="ptolemy.util.test.junit.AutoTests" name="[48] /home/travis/build/icyphy/ptII/ptolemy/domains/sdf/test/auto/sdf_sdf1.xml (RunModel)" time="0.029" />
  <testcase classname="ptolemy.util.test.junit.AutoTests" name="[49] /home/travis/build/icyphy/ptII/ptolemy/domains/sdf/test/auto/test1.xml (RunModel)" time="0.016" />
  <testcase classname="ptolemy.util.test.junit.AutoTests" name="[50] /home/travis/build/icyphy/ptII/ptolemy/domains/sdf/test/auto/time1.xml (RunModel)" time="0.018" />
  <testcase classname="ptolemy.util.test.junit.AutoTests" name="[51] /home/travis/build/icyphy/ptII/ptolemy/domains/sdf/test/auto/time2.xml (RunModel)" time="0.009" />
  <testcase classname="ptolemy.util.test.junit.AutoTests" name="[52] /home/travis/build/icyphy/ptII/ptolemy/domains/sdf/test/auto/time3.xml (RunModel)" time="0.022" />
  <testcase classname="ptolemy.util.test.junit.AutoTests" name="[53] /home/travis/build/icyphy/ptII/ptolemy/domains/sdf/test/auto/time4.xml (RunModel)" time="0.02" />
  <testcase classname="ptolemy.util.test.junit.AutoTests" name="[54] /home/travis/build/icyphy/ptII/ptolemy/domains/sdf/test/auto/time5.xml (RunModel)" time="4.007" />
  <testcase classname="ptolemy.util.test.junit.AutoTests" name="[55] /home/travis/build/icyphy/ptII/ptolemy/domains/sdf/test/auto/typeSystem_Const_Integer_smallest_Type.xml (RunModel)" time="0.024" />
  <testcase classname="ptolemy.util.test.junit.AutoTests" name="[56] /home/travis/build/icyphy/ptII/ptolemy/domains/sdf/test/auto/typeSystem_declared_Inports_OutportTypeException.xml (RunModel)" time="0.021" />
  <testcase classname="ptolemy.util.test.junit.AutoTests" name="[57] /home/travis/build/icyphy/ptII/ptolemy/domains/sdf/test/auto/typeSystem_oneDeclaredInportType_wrongTypeOutport.xml (RunModel)" time="0.019" />
  <testcase classname="ptolemy.util.test.junit.AutoTests" name="[58] /home/travis/build/icyphy/ptII/ptolemy/domains/sdf/test/auto/width.xml (RunModel)" time="0.011" />
  <testcase classname="ptolemy.util.test.junit.AutoTests" name="[59] /home/travis/build/icyphy/ptII/ptolemy/domains/sdf/test/auto/width2.xml (RunModel)" time="0.043" />
  <testcase classname="ptolemy.util.test.junit.AutoTests" name="[60] /home/travis/build/icyphy/ptII/ptolemy/domains/sdf/test/auto/width3.xml (RunModel)" time="0.033" />
  <system-out><![CDATA[/home/travis/build/icyphy/ptII/ptolemy/domains/sdf/test/SDFSchedulerErrors.tcl
testDefs.tcl: setting time out to 9000 seconds at Tue Dec 31 06:54:17 UTC 2019
76 ms. Memory: 129024K Free: 90566K (70%)
20 ms. Memory: 129024K Free: 82888K (64%)
11 ms. Memory: 129024K Free: 76744K (59%)
6 ms. Memory: 129024K Free: 73672K (57%)
/home/travis/build/icyphy/ptII/ptolemy/domains/sdf/test/composition.tcl
25 ms. Memory: 129024K Free: 69576K (54%)
8 ms. Memory: 129024K Free: 67528K (52%)
/home/travis/build/icyphy/ptII/ptolemy/domains/sdf/test/cycle.tcl
.Toplevel.Director Preinitializing ...
Invoking preinitialize():  .Toplevel.Actor1
Invoking preinitialize():  .Toplevel.Actor2
Invoking preinitialize():  .Toplevel.Delay
.Toplevel.Director Finished preinitialize().
### Schedule:
Execute Schedule{
Fire Actor ptolemy.domains.sdf.kernel.test.SDFTestDelay {.Toplevel.Actor1}
Fire Actor ptolemy.domains.sdf.kernel.test.SDFTestDelay {.Toplevel.Actor2}
Fire Actor ptolemy.domains.sdf.lib.SampleDelay {.Toplevel.Delay}
}
### End schedule
Called initialize().
Invoking initialize():  .Toplevel.Actor1
Initializing actor: .Toplevel.Actor1.
Invoking initialize():  .Toplevel.Actor2
Initializing actor: .Toplevel.Actor2.
Invoking initialize():  .Toplevel.Delay
Initializing actor: .Toplevel.Delay.
Director: Called prefire().
-- Setting current time to 0.0
Director prefire returns true.
The actor .Toplevel.Actor1 will be iterated.
The actor .Toplevel.Actor1 was iterated.
The actor .Toplevel.Actor2 will be iterated.
The actor .Toplevel.Actor2 was iterated.
The actor .Toplevel.Delay will be iterated.
The actor .Toplevel.Delay was iterated.
Director: Called postfire().
Postfire returns: true
Director: Called prefire().
-- Setting current time to 0.0
Director prefire returns true.
The actor .Toplevel.Actor1 will be iterated.
The actor .Toplevel.Actor1 was iterated.
The actor .Toplevel.Actor2 will be iterated.
The actor .Toplevel.Actor2 was iterated.
The actor .Toplevel.Delay will be iterated.
The actor .Toplevel.Delay was iterated.
Director: Called postfire().
Postfire returns: true
Director: Called prefire().
-- Setting current time to 0.0
Director prefire returns true.
The actor .Toplevel.Actor1 will be iterated.
The actor .Toplevel.Actor1 was iterated.
The actor .Toplevel.Actor2 will be iterated.
The actor .Toplevel.Actor2 was iterated.
The actor .Toplevel.Delay will be iterated.
The actor .Toplevel.Delay was iterated.
Director: Called postfire().
Postfire returns: true
Director: Called prefire().
-- Setting current time to 0.0
Director prefire returns true.
The actor .Toplevel.Actor1 will be iterated.
The actor .Toplevel.Actor1 was iterated.
The actor .Toplevel.Actor2 will be iterated.
The actor .Toplevel.Actor2 was iterated.
The actor .Toplevel.Delay will be iterated.
The actor .Toplevel.Delay was iterated.
Director: Called postfire().
Postfire returns: true
Director: Called prefire().
-- Setting current time to 0.0
Director prefire returns true.
The actor .Toplevel.Actor1 will be iterated.
The actor .Toplevel.Actor1 was iterated.
The actor .Toplevel.Actor2 will be iterated.
The actor .Toplevel.Actor2 was iterated.
The actor .Toplevel.Delay will be iterated.
The actor .Toplevel.Delay was iterated.
Director: Called postfire().
Postfire returns: true
Director: Called prefire().
-- Setting current time to 0.0
Director prefire returns true.
The actor .Toplevel.Actor1 will be iterated.
The actor .Toplevel.Actor1 was iterated.
The actor .Toplevel.Actor2 will be iterated.
The actor .Toplevel.Actor2 was iterated.
The actor .Toplevel.Delay will be iterated.
The actor .Toplevel.Delay was iterated.
Reached specified number of iterations: 6
Director: Called wrapup().
33 ms. Memory: 129024K Free: 64966K (50%)
12/31/19 06:54:18
Failed: 0  Total Tests: 8  ((Passed: 8, Newly Passed: 0)  Known Failed: 0) /home/travis/build/icyphy/ptII/ptolemy/domains/sdf/test
No auto/knownFailedTests/*.xml tests in /home/travis/build/icyphy/ptII/ptolemy/domains/sdf/test
No auto/linux-amd64/*.xml tests in /home/travis/build/icyphy/ptII/ptolemy/domains/sdf/test
AutoTests.java: About to close Vertx.
AutoTests.java: Vertx closed.

===========================================================================================
----------------- testing Tue Dec 31 06:54:18 UTC 2019 /home/travis/build/icyphy/ptII/ptolemy/domains/sdf/test/auto/Array.xml
----------------- Instantiating /home/travis/build/icyphy/ptII/ptolemy/domains/sdf/test/auto/Array.xml
62 ms. Memory: 129024K Free: 112094K (87%)
----------------- Invoking toplevel() on ptolemy.moml.MoMLSimpleApplication@a466ecc
----------------- Done invoking toplevel() on ptolemy.moml.MoMLSimpleApplication@a466ecc
reloadAllAccessors: .Array

===========================================================================================
----------------- testing Tue Dec 31 06:54:19 UTC 2019 /home/travis/build/icyphy/ptII/ptolemy/domains/sdf/test/auto/Butterfly.xml
----------------- Instantiating /home/travis/build/icyphy/ptII/ptolemy/domains/sdf/test/auto/Butterfly.xml
109 ms. Memory: 129024K Free: 105950K (82%)
----------------- Invoking toplevel() on ptolemy.moml.MoMLSimpleApplication@2aaec5e4
----------------- Done invoking toplevel() on ptolemy.moml.MoMLSimpleApplication@2aaec5e4
reloadAllAccessors: .Butterfly

===========================================================================================
----------------- testing Tue Dec 31 06:54:19 UTC 2019 /home/travis/build/icyphy/ptII/ptolemy/domains/sdf/test/auto/Expression.xml
----------------- Instantiating /home/travis/build/icyphy/ptII/ptolemy/domains/sdf/test/auto/Expression.xml
69 ms. Memory: 129024K Free: 101410K (79%)
----------------- Invoking toplevel() on ptolemy.moml.MoMLSimpleApplication@3ae83bf8
----------------- Done invoking toplevel() on ptolemy.moml.MoMLSimpleApplication@3ae83bf8
reloadAllAccessors: .Expression

===========================================================================================
----------------- testing Tue Dec 31 06:54:19 UTC 2019 /home/travis/build/icyphy/ptII/ptolemy/domains/sdf/test/auto/Eye.xml
----------------- Instantiating /home/travis/build/icyphy/ptII/ptolemy/domains/sdf/test/auto/Eye.xml
196 ms. Memory: 129024K Free: 76848K (60%)
----------------- Invoking toplevel() on ptolemy.moml.MoMLSimpleApplication@1f58c6c1
----------------- Done invoking toplevel() on ptolemy.moml.MoMLSimpleApplication@1f58c6c1
reloadAllAccessors: .Eye

===========================================================================================
----------------- testing Tue Dec 31 06:54:19 UTC 2019 /home/travis/build/icyphy/ptII/ptolemy/domains/sdf/test/auto/FixFIR.xml
----------------- Instantiating /home/travis/build/icyphy/ptII/ptolemy/domains/sdf/test/auto/FixFIR.xml
196 ms. Memory: 129024K Free: 107898K (84%)
----------------- Invoking toplevel() on ptolemy.moml.MoMLSimpleApplication@5c363e42
----------------- Done invoking toplevel() on ptolemy.moml.MoMLSimpleApplication@5c363e42
reloadAllAccessors: .FixFIR

===========================================================================================
----------------- testing Tue Dec 31 06:54:20 UTC 2019 /home/travis/build/icyphy/ptII/ptolemy/domains/sdf/test/auto/FixPoint.xml
----------------- Instantiating /home/travis/build/icyphy/ptII/ptolemy/domains/sdf/test/auto/FixPoint.xml
7 ms. Memory: 129024K Free: 103012K (80%)
----------------- Invoking toplevel() on ptolemy.moml.MoMLSimpleApplication@27437a7b
----------------- Done invoking toplevel() on ptolemy.moml.MoMLSimpleApplication@27437a7b
reloadAllAccessors: .FixPoint

===========================================================================================
----------------- testing Tue Dec 31 06:54:20 UTC 2019 /home/travis/build/icyphy/ptII/ptolemy/domains/sdf/test/auto/Gravitation.xml
----------------- Instantiating /home/travis/build/icyphy/ptII/ptolemy/domains/sdf/test/auto/Gravitation.xml
3157 ms. Memory: 155648K Free: 110267K (71%)
----------------- Invoking toplevel() on ptolemy.moml.MoMLSimpleApplication@200d5899
----------------- Done invoking toplevel() on ptolemy.moml.MoMLSimpleApplication@200d5899
reloadAllAccessors: .Gravitation

===========================================================================================
----------------- testing Tue Dec 31 06:54:23 UTC 2019 /home/travis/build/icyphy/ptII/ptolemy/domains/sdf/test/auto/GravitationWithCollisionDetection.xml
----------------- Instantiating /home/travis/build/icyphy/ptII/ptolemy/domains/sdf/test/auto/GravitationWithCollisionDetection.xml
6095 ms. Memory: 284672K Free: 169152K (59%)
----------------- Invoking toplevel() on ptolemy.moml.MoMLSimpleApplication@357da8a8
----------------- Done invoking toplevel() on ptolemy.moml.MoMLSimpleApplication@357da8a8
reloadAllAccessors: .GravitationWithCollisionDetection

===========================================================================================
----------------- testing Tue Dec 31 06:54:29 UTC 2019 /home/travis/build/icyphy/ptII/ptolemy/domains/sdf/test/auto/HDF.xml
----------------- Instantiating /home/travis/build/icyphy/ptII/ptolemy/domains/sdf/test/auto/HDF.xml
43 ms. Memory: 284672K Free: 153248K (54%)
----------------- Invoking toplevel() on ptolemy.moml.MoMLSimpleApplication@71009092
----------------- Done invoking toplevel() on ptolemy.moml.MoMLSimpleApplication@71009092
reloadAllAccessors: .HDF

===========================================================================================
----------------- testing Tue Dec 31 06:54:29 UTC 2019 /home/travis/build/icyphy/ptII/ptolemy/domains/sdf/test/auto/HDFwithTransientStates.xml
----------------- Instantiating /home/travis/build/icyphy/ptII/ptolemy/domains/sdf/test/auto/HDFwithTransientStates.xml
28 ms. Memory: 284672K Free: 134336K (47%)
----------------- Invoking toplevel() on ptolemy.moml.MoMLSimpleApplication@34538199
----------------- Done invoking toplevel() on ptolemy.moml.MoMLSimpleApplication@34538199
reloadAllAccessors: .HDFwithTransientStates

===========================================================================================
----------------- testing Tue Dec 31 06:54:30 UTC 2019 /home/travis/build/icyphy/ptII/ptolemy/domains/sdf/test/auto/HTVQ.xml
----------------- Instantiating /home/travis/build/icyphy/ptII/ptolemy/domains/sdf/test/auto/HTVQ.xml
766 ms. Memory: 284672K Free: 132390K (47%)
----------------- Invoking toplevel() on ptolemy.moml.MoMLSimpleApplication@6b3064ec
----------------- Done invoking toplevel() on ptolemy.moml.MoMLSimpleApplication@6b3064ec
reloadAllAccessors: .HTVQ

===========================================================================================
----------------- testing Tue Dec 31 06:54:30 UTC 2019 /home/travis/build/icyphy/ptII/ptolemy/domains/sdf/test/auto/InferInitProduction.xml
----------------- Instantiating /home/travis/build/icyphy/ptII/ptolemy/domains/sdf/test/auto/InferInitProduction.xml
6 ms. Memory: 284672K Free: 126729K (45%)
----------------- Invoking toplevel() on ptolemy.moml.MoMLSimpleApplication@eb05507
----------------- Done invoking toplevel() on ptolemy.moml.MoMLSimpleApplication@eb05507
reloadAllAccessors: .InferInitProduction

===========================================================================================
----------------- testing Tue Dec 31 06:54:30 UTC 2019 /home/travis/build/icyphy/ptII/ptolemy/domains/sdf/test/auto/InferInitProductionDeeper.xml
----------------- Instantiating /home/travis/build/icyphy/ptII/ptolemy/domains/sdf/test/auto/InferInitProductionDeeper.xml
7 ms. Memory: 284672K Free: 121065K (43%)
----------------- Invoking toplevel() on ptolemy.moml.MoMLSimpleApplication@429a6322
----------------- Done invoking toplevel() on ptolemy.moml.MoMLSimpleApplication@429a6322
reloadAllAccessors: .InferInitProductionDeeper

===========================================================================================
----------------- testing Tue Dec 31 06:54:30 UTC 2019 /home/travis/build/icyphy/ptII/ptolemy/domains/sdf/test/auto/LMSAdaptive.xml
----------------- Instantiating /home/travis/build/icyphy/ptII/ptolemy/domains/sdf/test/auto/LMSAdaptive.xml
15 ms. Memory: 284672K Free: 111879K (39%)
----------------- Invoking toplevel() on ptolemy.moml.MoMLSimpleApplication@f24928f
----------------- Done invoking toplevel() on ptolemy.moml.MoMLSimpleApplication@f24928f
reloadAllAccessors: .LMSAdaptive

===========================================================================================
----------------- testing Tue Dec 31 06:54:30 UTC 2019 /home/travis/build/icyphy/ptII/ptolemy/domains/sdf/test/auto/LogisticMap.xml
----------------- Instantiating /home/travis/build/icyphy/ptII/ptolemy/domains/sdf/test/auto/LogisticMap.xml
439 ms. Memory: 284672K Free: 105735K (37%)
----------------- Invoking toplevel() on ptolemy.moml.MoMLSimpleApplication@733b8fb2
----------------- Done invoking toplevel() on ptolemy.moml.MoMLSimpleApplication@733b8fb2
reloadAllAccessors: .LogisticMap

===========================================================================================
----------------- testing Tue Dec 31 06:54:31 UTC 2019 /home/travis/build/icyphy/ptII/ptolemy/domains/sdf/test/auto/MaximumEntropySpectrum.xml
----------------- Instantiating /home/travis/build/icyphy/ptII/ptolemy/domains/sdf/test/auto/MaximumEntropySpectrum.xml
52 ms. Memory: 351232K Free: 277759K (79%)
----------------- Invoking toplevel() on ptolemy.moml.MoMLSimpleApplication@49902939
----------------- Done invoking toplevel() on ptolemy.moml.MoMLSimpleApplication@49902939
reloadAllAccessors: .MaximumEntropySpectrum

===========================================================================================
----------------- testing Tue Dec 31 06:54:31 UTC 2019 /home/travis/build/icyphy/ptII/ptolemy/domains/sdf/test/auto/MultirateSDF.xml
----------------- Instantiating /home/travis/build/icyphy/ptII/ptolemy/domains/sdf/test/auto/MultirateSDF.xml
23 ms. Memory: 351232K Free: 262913K (75%)
----------------- Invoking toplevel() on ptolemy.moml.MoMLSimpleApplication@63e8ecee
----------------- Done invoking toplevel() on ptolemy.moml.MoMLSimpleApplication@63e8ecee
reloadAllAccessors: .MultirateSDF

===========================================================================================
----------------- testing Tue Dec 31 06:54:31 UTC 2019 /home/travis/build/icyphy/ptII/ptolemy/domains/sdf/test/auto/MultirateSDFwithTransientStates.xml
----------------- Instantiating /home/travis/build/icyphy/ptII/ptolemy/domains/sdf/test/auto/MultirateSDFwithTransientStates.xml
23 ms. Memory: 351232K Free: 243967K (69%)
----------------- Invoking toplevel() on ptolemy.moml.MoMLSimpleApplication@36e1cf02
----------------- Done invoking toplevel() on ptolemy.moml.MoMLSimpleApplication@36e1cf02
reloadAllAccessors: .MultirateSDFwithTransientStates

===========================================================================================
----------------- testing Tue Dec 31 06:54:31 UTC 2019 /home/travis/build/icyphy/ptII/ptolemy/domains/sdf/test/auto/NoisySinewave.xml
----------------- Instantiating /home/travis/build/icyphy/ptII/ptolemy/domains/sdf/test/auto/NoisySinewave.xml
13 ms. Memory: 351232K Free: 227583K (65%)
----------------- Invoking toplevel() on ptolemy.moml.MoMLSimpleApplication@4a362fc4
----------------- Done invoking toplevel() on ptolemy.moml.MoMLSimpleApplication@4a362fc4
reloadAllAccessors: .NoisySinewave

===========================================================================================
----------------- testing Tue Dec 31 06:54:32 UTC 2019 /home/travis/build/icyphy/ptII/ptolemy/domains/sdf/test/auto/Objects.xml
----------------- Instantiating /home/travis/build/icyphy/ptII/ptolemy/domains/sdf/test/auto/Objects.xml
4 ms. Memory: 351232K Free: 219391K (62%)
----------------- Invoking toplevel() on ptolemy.moml.MoMLSimpleApplication@67f93312
----------------- Done invoking toplevel() on ptolemy.moml.MoMLSimpleApplication@67f93312
reloadAllAccessors: .Objects

===========================================================================================
----------------- testing Tue Dec 31 06:54:32 UTC 2019 /home/travis/build/icyphy/ptII/ptolemy/domains/sdf/test/auto/OrthogonalCom.xml
----------------- Instantiating /home/travis/build/icyphy/ptII/ptolemy/domains/sdf/test/auto/OrthogonalCom.xml
7 ms. Memory: 351232K Free: 211713K (60%)
----------------- Invoking toplevel() on ptolemy.moml.MoMLSimpleApplication@37d3cd70
----------------- Done invoking toplevel() on ptolemy.moml.MoMLSimpleApplication@37d3cd70
reloadAllAccessors: .OrthogonalCom

===========================================================================================
----------------- testing Tue Dec 31 06:54:32 UTC 2019 /home/travis/build/icyphy/ptII/ptolemy/domains/sdf/test/auto/RijndaelEncryption.xml
----------------- Instantiating /home/travis/build/icyphy/ptII/ptolemy/domains/sdf/test/auto/RijndaelEncryption.xml
325 ms. Memory: 351232K Free: 274473K (78%)
----------------- Invoking toplevel() on ptolemy.moml.MoMLSimpleApplication@7f32688c
----------------- Done invoking toplevel() on ptolemy.moml.MoMLSimpleApplication@7f32688c
reloadAllAccessors: .RijndaelEncryption

===========================================================================================
----------------- testing Tue Dec 31 06:54:32 UTC 2019 /home/travis/build/icyphy/ptII/ptolemy/domains/sdf/test/auto/SDFEmptyIterations.xml
----------------- Instantiating /home/travis/build/icyphy/ptII/ptolemy/domains/sdf/test/auto/SDFEmptyIterations.xml
8 ms. Memory: 351232K Free: 269867K (77%)
----------------- Invoking toplevel() on ptolemy.moml.MoMLSimpleApplication@26982456
----------------- Done invoking toplevel() on ptolemy.moml.MoMLSimpleApplication@26982456
reloadAllAccessors: .SDFEmptyIterations

===========================================================================================
----------------- testing Tue Dec 31 06:54:32 UTC 2019 /home/travis/build/icyphy/ptII/ptolemy/domains/sdf/test/auto/Spectrum.xml
----------------- Instantiating /home/travis/build/icyphy/ptII/ptolemy/domains/sdf/test/auto/Spectrum.xml
31 ms. Memory: 351232K Free: 245291K (70%)
----------------- Invoking toplevel() on ptolemy.moml.MoMLSimpleApplication@23da30ac
----------------- Done invoking toplevel() on ptolemy.moml.MoMLSimpleApplication@23da30ac
reloadAllAccessors: .Spectrum

===========================================================================================
----------------- testing Tue Dec 31 06:54:32 UTC 2019 /home/travis/build/icyphy/ptII/ptolemy/domains/sdf/test/auto/de_inside_sdf.xml
----------------- Instantiating /home/travis/build/icyphy/ptII/ptolemy/domains/sdf/test/auto/de_inside_sdf.xml
7 ms. Memory: 351232K Free: 240171K (68%)
----------------- Invoking toplevel() on ptolemy.moml.MoMLSimpleApplication@3890fc95
----------------- Done invoking toplevel() on ptolemy.moml.MoMLSimpleApplication@3890fc95
reloadAllAccessors: .de_inside_sdf

===========================================================================================
----------------- testing Tue Dec 31 06:54:32 UTC 2019 /home/travis/build/icyphy/ptII/ptolemy/domains/sdf/test/auto/disconnectedHierarchicalSDF.xml
----------------- Instantiating /home/travis/build/icyphy/ptII/ptolemy/domains/sdf/test/auto/disconnectedHierarchicalSDF.xml
6 ms. Memory: 351232K Free: 234027K (67%)
----------------- Invoking toplevel() on ptolemy.moml.MoMLSimpleApplication@5dedce5c
----------------- Done invoking toplevel() on ptolemy.moml.MoMLSimpleApplication@5dedce5c
reloadAllAccessors: .disconnectedHierarchicalSDF

===========================================================================================
----------------- testing Tue Dec 31 06:54:32 UTC 2019 /home/travis/build/icyphy/ptII/ptolemy/domains/sdf/test/auto/disconnectedSDF.xml
----------------- Instantiating /home/travis/build/icyphy/ptII/ptolemy/domains/sdf/test/auto/disconnectedSDF.xml
2 ms. Memory: 351232K Free: 229931K (65%)
----------------- Invoking toplevel() on ptolemy.moml.MoMLSimpleApplication@2951b7dd
----------------- Done invoking toplevel() on ptolemy.moml.MoMLSimpleApplication@2951b7dd
reloadAllAccessors: .disconnectedSDF

===========================================================================================
----------------- testing Tue Dec 31 06:54:32 UTC 2019 /home/travis/build/icyphy/ptII/ptolemy/domains/sdf/test/auto/emptyRefinement.xml
----------------- Instantiating /home/travis/build/icyphy/ptII/ptolemy/domains/sdf/test/auto/emptyRefinement.xml
4 ms. Memory: 351232K Free: 225321K (64%)
----------------- Invoking toplevel() on ptolemy.moml.MoMLSimpleApplication@78d7a063
----------------- Done invoking toplevel() on ptolemy.moml.MoMLSimpleApplication@78d7a063
reloadAllAccessors: .emptyRefinement

===========================================================================================
----------------- testing Tue Dec 31 06:54:32 UTC 2019 /home/travis/build/icyphy/ptII/ptolemy/domains/sdf/test/auto/filePortParameter.xml
----------------- Instantiating /home/travis/build/icyphy/ptII/ptolemy/domains/sdf/test/auto/filePortParameter.xml
19 ms. Memory: 351232K Free: 218153K (62%)
----------------- Invoking toplevel() on ptolemy.moml.MoMLSimpleApplication@6afcd1dd
----------------- Done invoking toplevel() on ptolemy.moml.MoMLSimpleApplication@6afcd1dd
reloadAllAccessors: .filePortParameter

===========================================================================================
----------------- testing Tue Dec 31 06:54:33 UTC 2019 /home/travis/build/icyphy/ptII/ptolemy/domains/sdf/test/auto/inferRelationWidth1.xml
----------------- Instantiating /home/travis/build/icyphy/ptII/ptolemy/domains/sdf/test/auto/inferRelationWidth1.xml
3 ms. Memory: 351232K Free: 215081K (61%)
----------------- Invoking toplevel() on ptolemy.moml.MoMLSimpleApplication@5e7b7134
----------------- Done invoking toplevel() on ptolemy.moml.MoMLSimpleApplication@5e7b7134
reloadAllAccessors: .inferRelationWidth1

===========================================================================================
----------------- testing Tue Dec 31 06:54:33 UTC 2019 /home/travis/build/icyphy/ptII/ptolemy/domains/sdf/test/auto/initProductionInference.xml
----------------- Instantiating /home/travis/build/icyphy/ptII/ptolemy/domains/sdf/test/auto/initProductionInference.xml
8 ms. Memory: 351232K Free: 210971K (60%)
----------------- Invoking toplevel() on ptolemy.moml.MoMLSimpleApplication@77c3c27f
----------------- Done invoking toplevel() on ptolemy.moml.MoMLSimpleApplication@77c3c27f
reloadAllAccessors: .initProductionInference

===========================================================================================
----------------- testing Tue Dec 31 06:54:33 UTC 2019 /home/travis/build/icyphy/ptII/ptolemy/domains/sdf/test/auto/relationGroup.xml
----------------- Instantiating /home/travis/build/icyphy/ptII/ptolemy/domains/sdf/test/auto/relationGroup.xml
3 ms. Memory: 351232K Free: 207403K (59%)
----------------- Invoking toplevel() on ptolemy.moml.MoMLSimpleApplication@58e5ca3c
----------------- Done invoking toplevel() on ptolemy.moml.MoMLSimpleApplication@58e5ca3c
reloadAllAccessors: .relationGroup

===========================================================================================
----------------- testing Tue Dec 31 06:54:33 UTC 2019 /home/travis/build/icyphy/ptII/ptolemy/domains/sdf/test/auto/relationGroup10.xml
----------------- Instantiating /home/travis/build/icyphy/ptII/ptolemy/domains/sdf/test/auto/relationGroup10.xml
2 ms. Memory: 351232K Free: 203817K (58%)
----------------- Invoking toplevel() on ptolemy.moml.MoMLSimpleApplication@31c31ef7
----------------- Done invoking toplevel() on ptolemy.moml.MoMLSimpleApplication@31c31ef7
reloadAllAccessors: .relationGroup10

===========================================================================================
----------------- testing Tue Dec 31 06:54:33 UTC 2019 /home/travis/build/icyphy/ptII/ptolemy/domains/sdf/test/auto/relationGroup11.xml
----------------- Instantiating /home/travis/build/icyphy/ptII/ptolemy/domains/sdf/test/auto/relationGroup11.xml
2 ms. Memory: 351232K Free: 200235K (57%)
----------------- Invoking toplevel() on ptolemy.moml.MoMLSimpleApplication@200f4e0
----------------- Done invoking toplevel() on ptolemy.moml.MoMLSimpleApplication@200f4e0
reloadAllAccessors: .relationGroup11

===========================================================================================
----------------- testing Tue Dec 31 06:54:33 UTC 2019 /home/travis/build/icyphy/ptII/ptolemy/domains/sdf/test/auto/relationGroup12.xml
----------------- Instantiating /home/travis/build/icyphy/ptII/ptolemy/domains/sdf/test/auto/relationGroup12.xml
2 ms. Memory: 351232K Free: 196649K (56%)
----------------- Invoking toplevel() on ptolemy.moml.MoMLSimpleApplication@4dff2a38
----------------- Done invoking toplevel() on ptolemy.moml.MoMLSimpleApplication@4dff2a38
reloadAllAccessors: .relationGroup12

===========================================================================================
----------------- testing Tue Dec 31 06:54:33 UTC 2019 /home/travis/build/icyphy/ptII/ptolemy/domains/sdf/test/auto/relationGroup13.xml
----------------- Instantiating /home/travis/build/icyphy/ptII/ptolemy/domains/sdf/test/auto/relationGroup13.xml
5 ms. Memory: 351232K Free: 192043K (55%)
----------------- Invoking toplevel() on ptolemy.moml.MoMLSimpleApplication@23b8e8dd
----------------- Done invoking toplevel() on ptolemy.moml.MoMLSimpleApplication@23b8e8dd
reloadAllAccessors: .relationGroup13

===========================================================================================
----------------- testing Tue Dec 31 06:54:33 UTC 2019 /home/travis/build/icyphy/ptII/ptolemy/domains/sdf/test/auto/relationGroup14.xml
----------------- Instantiating /home/travis/build/icyphy/ptII/ptolemy/domains/sdf/test/auto/relationGroup14.xml
3 ms. Memory: 351232K Free: 187433K (53%)
----------------- Invoking toplevel() on ptolemy.moml.MoMLSimpleApplication@25053eb4
----------------- Done invoking toplevel() on ptolemy.moml.MoMLSimpleApplication@25053eb4
reloadAllAccessors: .relationGroup14

===========================================================================================
----------------- testing Tue Dec 31 06:54:33 UTC 2019 /home/travis/build/icyphy/ptII/ptolemy/domains/sdf/test/auto/relationGroup15.xml
----------------- Instantiating /home/travis/build/icyphy/ptII/ptolemy/domains/sdf/test/auto/relationGroup15.xml
2 ms. Memory: 351232K Free: 183851K (52%)
----------------- Invoking toplevel() on ptolemy.moml.MoMLSimpleApplication@5d108ecd
----------------- Done invoking toplevel() on ptolemy.moml.MoMLSimpleApplication@5d108ecd
reloadAllAccessors: .relationGroup15

===========================================================================================
----------------- testing Tue Dec 31 06:54:33 UTC 2019 /home/travis/build/icyphy/ptII/ptolemy/domains/sdf/test/auto/relationGroup2.xml
----------------- Instantiating /home/travis/build/icyphy/ptII/ptolemy/domains/sdf/test/auto/relationGroup2.xml
2 ms. Memory: 351232K Free: 180779K (51%)
----------------- Invoking toplevel() on ptolemy.moml.MoMLSimpleApplication@6dd4736c
----------------- Done invoking toplevel() on ptolemy.moml.MoMLSimpleApplication@6dd4736c
reloadAllAccessors: .relationGroup2

===========================================================================================
----------------- testing Tue Dec 31 06:54:33 UTC 2019 /home/travis/build/icyphy/ptII/ptolemy/domains/sdf/test/auto/relationGroup3.xml
----------------- Instantiating /home/travis/build/icyphy/ptII/ptolemy/domains/sdf/test/auto/relationGroup3.xml
1 ms. Memory: 351232K Free: 177707K (51%)
----------------- Invoking toplevel() on ptolemy.moml.MoMLSimpleApplication@328cfd9a
----------------- Done invoking toplevel() on ptolemy.moml.MoMLSimpleApplication@328cfd9a
reloadAllAccessors: .relationGroup3

===========================================================================================
----------------- testing Tue Dec 31 06:54:33 UTC 2019 /home/travis/build/icyphy/ptII/ptolemy/domains/sdf/test/auto/relationGroup4.xml
----------------- Instantiating /home/travis/build/icyphy/ptII/ptolemy/domains/sdf/test/auto/relationGroup4.xml
3 ms. Memory: 351232K Free: 173611K (49%)
----------------- Invoking toplevel() on ptolemy.moml.MoMLSimpleApplication@525fe573
----------------- Done invoking toplevel() on ptolemy.moml.MoMLSimpleApplication@525fe573
reloadAllAccessors: .relationGroup4

===========================================================================================
----------------- testing Tue Dec 31 06:54:33 UTC 2019 /home/travis/build/icyphy/ptII/ptolemy/domains/sdf/test/auto/relationGroup5.xml
----------------- Instantiating /home/travis/build/icyphy/ptII/ptolemy/domains/sdf/test/auto/relationGroup5.xml
3 ms. Memory: 351232K Free: 169001K (48%)
----------------- Invoking toplevel() on ptolemy.moml.MoMLSimpleApplication@7c795e44
----------------- Done invoking toplevel() on ptolemy.moml.MoMLSimpleApplication@7c795e44
reloadAllAccessors: .relationGroup5

===========================================================================================
----------------- testing Tue Dec 31 06:54:33 UTC 2019 /home/travis/build/icyphy/ptII/ptolemy/domains/sdf/test/auto/relationGroup6.xml
----------------- Instantiating /home/travis/build/icyphy/ptII/ptolemy/domains/sdf/test/auto/relationGroup6.xml
2 ms. Memory: 351232K Free: 164395K (47%)
----------------- Invoking toplevel() on ptolemy.moml.MoMLSimpleApplication@e47e1d
----------------- Done invoking toplevel() on ptolemy.moml.MoMLSimpleApplication@e47e1d
reloadAllAccessors: .relationGroup6

===========================================================================================
----------------- testing Tue Dec 31 06:54:33 UTC 2019 /home/travis/build/icyphy/ptII/ptolemy/domains/sdf/test/auto/relationGroup7.xml
----------------- Instantiating /home/travis/build/icyphy/ptII/ptolemy/domains/sdf/test/auto/relationGroup7.xml
2 ms. Memory: 351232K Free: 161323K (46%)
----------------- Invoking toplevel() on ptolemy.moml.MoMLSimpleApplication@5a0ffc83
----------------- Done invoking toplevel() on ptolemy.moml.MoMLSimpleApplication@5a0ffc83
reloadAllAccessors: .relationGroup7

===========================================================================================
----------------- testing Tue Dec 31 06:54:33 UTC 2019 /home/travis/build/icyphy/ptII/ptolemy/domains/sdf/test/auto/relationGroup8.xml
----------------- Instantiating /home/travis/build/icyphy/ptII/ptolemy/domains/sdf/test/auto/relationGroup8.xml
1 ms. Memory: 351232K Free: 158251K (45%)
----------------- Invoking toplevel() on ptolemy.moml.MoMLSimpleApplication@6a0071a6
----------------- Done invoking toplevel() on ptolemy.moml.MoMLSimpleApplication@6a0071a6
reloadAllAccessors: .relationGroup8

===========================================================================================
----------------- testing Tue Dec 31 06:54:33 UTC 2019 /home/travis/build/icyphy/ptII/ptolemy/domains/sdf/test/auto/relationGroup9.xml
----------------- Instantiating /home/travis/build/icyphy/ptII/ptolemy/domains/sdf/test/auto/relationGroup9.xml
4 ms. Memory: 351232K Free: 153641K (44%)
----------------- Invoking toplevel() on ptolemy.moml.MoMLSimpleApplication@363a31a3
----------------- Done invoking toplevel() on ptolemy.moml.MoMLSimpleApplication@363a31a3
reloadAllAccessors: .relationGroup9

===========================================================================================
----------------- testing Tue Dec 31 06:54:33 UTC 2019 /home/travis/build/icyphy/ptII/ptolemy/domains/sdf/test/auto/sdf_inside_de.xml
----------------- Instantiating /home/travis/build/icyphy/ptII/ptolemy/domains/sdf/test/auto/sdf_inside_de.xml
7 ms. Memory: 351232K Free: 144939K (41%)
----------------- Invoking toplevel() on ptolemy.moml.MoMLSimpleApplication@5434e0d4
----------------- Done invoking toplevel() on ptolemy.moml.MoMLSimpleApplication@5434e0d4
reloadAllAccessors: .sdf_inside_de

===========================================================================================
----------------- testing Tue Dec 31 06:54:33 UTC 2019 /home/travis/build/icyphy/ptII/ptolemy/domains/sdf/test/auto/sdf_inside_pn.xml
----------------- Instantiating /home/travis/build/icyphy/ptII/ptolemy/domains/sdf/test/auto/sdf_inside_pn.xml
26 ms. Memory: 351232K Free: 135723K (39%)
----------------- Invoking toplevel() on ptolemy.moml.MoMLSimpleApplication@1d105a94
----------------- Done invoking toplevel() on ptolemy.moml.MoMLSimpleApplication@1d105a94
reloadAllAccessors: .sdf_inside_pn

===========================================================================================
----------------- testing Tue Dec 31 06:54:33 UTC 2019 /home/travis/build/icyphy/ptII/ptolemy/domains/sdf/test/auto/sdf_sdf1.xml
----------------- Instantiating /home/travis/build/icyphy/ptII/ptolemy/domains/sdf/test/auto/sdf_sdf1.xml
4 ms. Memory: 351232K Free: 130603K (37%)
----------------- Invoking toplevel() on ptolemy.moml.MoMLSimpleApplication@1d6eedc6
----------------- Done invoking toplevel() on ptolemy.moml.MoMLSimpleApplication@1d6eedc6
reloadAllAccessors: .sdf_sdf1

===========================================================================================
----------------- testing Tue Dec 31 06:54:33 UTC 2019 /home/travis/build/icyphy/ptII/ptolemy/domains/sdf/test/auto/test1.xml
----------------- Instantiating /home/travis/build/icyphy/ptII/ptolemy/domains/sdf/test/auto/test1.xml
3 ms. Memory: 351232K Free: 125483K (36%)
----------------- Invoking toplevel() on ptolemy.moml.MoMLSimpleApplication@1cd86583
----------------- Done invoking toplevel() on ptolemy.moml.MoMLSimpleApplication@1cd86583
reloadAllAccessors: .test1

===========================================================================================
----------------- testing Tue Dec 31 06:54:33 UTC 2019 /home/travis/build/icyphy/ptII/ptolemy/domains/sdf/test/auto/time1.xml
----------------- Instantiating /home/travis/build/icyphy/ptII/ptolemy/domains/sdf/test/auto/time1.xml
2 ms. Memory: 351232K Free: 330578K (94%)
----------------- Invoking toplevel() on ptolemy.moml.MoMLSimpleApplication@93c3a8c
----------------- Done invoking toplevel() on ptolemy.moml.MoMLSimpleApplication@93c3a8c
reloadAllAccessors: .time1

===========================================================================================
----------------- testing Tue Dec 31 06:54:33 UTC 2019 /home/travis/build/icyphy/ptII/ptolemy/domains/sdf/test/auto/time2.xml
----------------- Instantiating /home/travis/build/icyphy/ptII/ptolemy/domains/sdf/test/auto/time2.xml
2 ms. Memory: 351232K Free: 326992K (93%)
----------------- Invoking toplevel() on ptolemy.moml.MoMLSimpleApplication@169cdf06
----------------- Done invoking toplevel() on ptolemy.moml.MoMLSimpleApplication@169cdf06
reloadAllAccessors: .time2

===========================================================================================
----------------- testing Tue Dec 31 06:54:33 UTC 2019 /home/travis/build/icyphy/ptII/ptolemy/domains/sdf/test/auto/time3.xml
----------------- Instantiating /home/travis/build/icyphy/ptII/ptolemy/domains/sdf/test/auto/time3.xml
8 ms. Memory: 351232K Free: 321872K (92%)
----------------- Invoking toplevel() on ptolemy.moml.MoMLSimpleApplication@28513695
----------------- Done invoking toplevel() on ptolemy.moml.MoMLSimpleApplication@28513695
reloadAllAccessors: .time3

===========================================================================================
----------------- testing Tue Dec 31 06:54:33 UTC 2019 /home/travis/build/icyphy/ptII/ptolemy/domains/sdf/test/auto/time4.xml
----------------- Instantiating /home/travis/build/icyphy/ptII/ptolemy/domains/sdf/test/auto/time4.xml
6 ms. Memory: 351232K Free: 316242K (90%)
----------------- Invoking toplevel() on ptolemy.moml.MoMLSimpleApplication@dd8c8b2
----------------- Done invoking toplevel() on ptolemy.moml.MoMLSimpleApplication@dd8c8b2
reloadAllAccessors: .time4

===========================================================================================
----------------- testing Tue Dec 31 06:54:33 UTC 2019 /home/travis/build/icyphy/ptII/ptolemy/domains/sdf/test/auto/time5.xml
----------------- Instantiating /home/travis/build/icyphy/ptII/ptolemy/domains/sdf/test/auto/time5.xml
4001 ms. Memory: 351232K Free: 312656K (89%)
----------------- Invoking toplevel() on ptolemy.moml.MoMLSimpleApplication@281bbd99
----------------- Done invoking toplevel() on ptolemy.moml.MoMLSimpleApplication@281bbd99
reloadAllAccessors: .time5

===========================================================================================
----------------- testing Tue Dec 31 06:54:37 UTC 2019 /home/travis/build/icyphy/ptII/ptolemy/domains/sdf/test/auto/typeSystem_Const_Integer_smallest_Type.xml
----------------- Instantiating /home/travis/build/icyphy/ptII/ptolemy/domains/sdf/test/auto/typeSystem_Const_Integer_smallest_Type.xml
6 ms. Memory: 351232K Free: 308050K (88%)
----------------- Invoking toplevel() on ptolemy.moml.MoMLSimpleApplication@54cb280d
----------------- Done invoking toplevel() on ptolemy.moml.MoMLSimpleApplication@54cb280d
reloadAllAccessors: .typeSystem_Const_Integer_smallest_Type

===========================================================================================
----------------- testing Tue Dec 31 06:54:37 UTC 2019 /home/travis/build/icyphy/ptII/ptolemy/domains/sdf/test/auto/typeSystem_declared_Inports_OutportTypeException.xml
----------------- Instantiating /home/travis/build/icyphy/ptII/ptolemy/domains/sdf/test/auto/typeSystem_declared_Inports_OutportTypeException.xml
.typeSystem_declared_Inports_OutportTypeException.TestExceptionAttribute: initialize() was not invoked, but wrapup() was.  This is unusual, but not always a problem.  For example, exporting JNLP will do this.
6 ms. Memory: 351232K Free: 303440K (86%)
----------------- Invoking toplevel() on ptolemy.moml.MoMLSimpleApplication@13e8a919
----------------- Done invoking toplevel() on ptolemy.moml.MoMLSimpleApplication@13e8a919
reloadAllAccessors: .typeSystem_declared_Inports_OutportTypeException

===========================================================================================
----------------- testing Tue Dec 31 06:54:37 UTC 2019 /home/travis/build/icyphy/ptII/ptolemy/domains/sdf/test/auto/typeSystem_oneDeclaredInportType_wrongTypeOutport.xml
----------------- Instantiating /home/travis/build/icyphy/ptII/ptolemy/domains/sdf/test/auto/typeSystem_oneDeclaredInportType_wrongTypeOutport.xml
4 ms. Memory: 351232K Free: 299344K (85%)
----------------- Invoking toplevel() on ptolemy.moml.MoMLSimpleApplication@1a38dce4
----------------- Done invoking toplevel() on ptolemy.moml.MoMLSimpleApplication@1a38dce4
reloadAllAccessors: .typeSystem_oneDeclaredInportType_wrongTypeOutport

===========================================================================================
----------------- testing Tue Dec 31 06:54:37 UTC 2019 /home/travis/build/icyphy/ptII/ptolemy/domains/sdf/test/auto/width.xml
----------------- Instantiating /home/travis/build/icyphy/ptII/ptolemy/domains/sdf/test/auto/width.xml
1 ms. Memory: 351232K Free: 295762K (84%)
----------------- Invoking toplevel() on ptolemy.moml.MoMLSimpleApplication@264eb169
----------------- Done invoking toplevel() on ptolemy.moml.MoMLSimpleApplication@264eb169
reloadAllAccessors: .width

===========================================================================================
----------------- testing Tue Dec 31 06:54:37 UTC 2019 /home/travis/build/icyphy/ptII/ptolemy/domains/sdf/test/auto/width2.xml
----------------- Instantiating /home/travis/build/icyphy/ptII/ptolemy/domains/sdf/test/auto/width2.xml
33 ms. Memory: 351232K Free: 291152K (83%)
----------------- Invoking toplevel() on ptolemy.moml.MoMLSimpleApplication@6835d53d
----------------- Done invoking toplevel() on ptolemy.moml.MoMLSimpleApplication@6835d53d
reloadAllAccessors: .width2

===========================================================================================
----------------- testing Tue Dec 31 06:54:37 UTC 2019 /home/travis/build/icyphy/ptII/ptolemy/domains/sdf/test/auto/width3.xml
----------------- Instantiating /home/travis/build/icyphy/ptII/ptolemy/domains/sdf/test/auto/width3.xml
22 ms. Memory: 351232K Free: 286032K (81%)
----------------- Invoking toplevel() on ptolemy.moml.MoMLSimpleApplication@473599f7
----------------- Done invoking toplevel() on ptolemy.moml.MoMLSimpleApplication@473599f7
reloadAllAccessors: .width3
AutoTests.java: About to close Vertx.
AutoTests.java: Vertx closed.
]]></system-out>
  <system-err><![CDATA[java.lang.RuntimeException: Execution failed
	at ptolemy.moml.MoMLSimpleApplication$UnloadThread.run(MoMLSimpleApplication.java:402)
Caused by: ptolemy.actor.sched.NotSchedulableException: No solution exists for the balance equations.
Graph is not consistent under the SDF domain detected on external port .rateConsistency.actor.port2
  in .rateConsistency.SDF Director.Scheduler
	at ptolemy.domains.sdf.kernel.SDFScheduler._propagatePort(SDFScheduler.java:1425)
	at ptolemy.domains.sdf.kernel.SDFScheduler._solveBalanceEquations(SDFScheduler.java:710)
	at ptolemy.domains.sdf.kernel.SDFScheduler._getSchedule(SDFScheduler.java:566)
	at ptolemy.actor.sched.Scheduler.getSchedule(Scheduler.java:189)
	at ptolemy.domains.sdf.kernel.SDFDirector.createSchedule(SDFDirector.java:408)
	at ptolemy.domains.sdf.kernel.SDFDirector.preinitialize(SDFDirector.java:764)
	at ptolemy.actor.CompositeActor.preinitialize(CompositeActor.java:1828)
	at ptolemy.actor.Manager.preinitializeAndResolveTypes(Manager.java:1040)
	at ptolemy.actor.Manager.initialize(Manager.java:710)
	at ptolemy.actor.Manager.execute(Manager.java:356)
	at ptolemy.actor.Manager.run(Manager.java:1263)
	at ptolemy.actor.Manager$PtolemyRunThread.run(Manager.java:1933)
java.lang.RuntimeException: Execution failed
	at ptolemy.moml.MoMLSimpleApplication$UnloadThread.run(MoMLSimpleApplication.java:402)
Caused by: ptolemy.kernel.util.IllegalActionException: Failed to compute schedule:
  in .badRateChanges.typed composite actor.SDF Director
Because:
The SDF rate parameter may change. This is not allowed in SDF models that will be run through the code generator.  If you don't care about code generation, then you might consider setting the allowRateChanges parameter of the SDF director to false.
  in .badRateChanges.typed composite actor.Repeat.output.tokenProductionRate
	at ptolemy.domains.sdf.kernel.SDFDirector.createSchedule(SDFDirector.java:418)
	at ptolemy.domains.sdf.kernel.SDFDirector.preinitialize(SDFDirector.java:764)
	at ptolemy.actor.CompositeActor.preinitialize(CompositeActor.java:1828)
	at ptolemy.actor.Director.preinitialize(Director.java:1302)
	at ptolemy.actor.Director.preinitialize(Director.java:1257)
	at ptolemy.domains.sdf.kernel.SDFDirector.preinitialize(SDFDirector.java:763)
	at ptolemy.actor.CompositeActor.preinitialize(CompositeActor.java:1828)
	at ptolemy.actor.Manager.preinitializeAndResolveTypes(Manager.java:1040)
	at ptolemy.actor.Manager.initialize(Manager.java:710)
	at ptolemy.actor.Manager.execute(Manager.java:356)
	at ptolemy.actor.Manager.run(Manager.java:1263)
	at ptolemy.actor.Manager$PtolemyRunThread.run(Manager.java:1933)
Caused by: ptolemy.kernel.util.IllegalActionException: The SDF rate parameter may change. This is not allowed in SDF models that will be run through the code generator.  If you don't care about code generation, then you might consider setting the allowRateChanges parameter of the SDF director to false.
  in .badRateChanges.typed composite actor.Repeat.output.tokenProductionRate
	at ptolemy.domains.sdf.kernel.SDFScheduler._assertDynamicRateVariable(SDFScheduler.java:931)
	at ptolemy.domains.sdf.kernel.SDFScheduler._checkDynamicRateVariables(SDFScheduler.java:339)
	at ptolemy.domains.sdf.kernel.SDFScheduler._getSchedule(SDFScheduler.java:527)
	at ptolemy.actor.sched.Scheduler.getSchedule(Scheduler.java:189)
	at ptolemy.domains.sdf.kernel.SDFDirector.createSchedule(SDFDirector.java:408)
	... 11 more
java.lang.RuntimeException: Execution failed
	at ptolemy.moml.MoMLSimpleApplication$UnloadThread.run(MoMLSimpleApplication.java:402)
Caused by: ptolemy.kernel.util.IllegalActionException: Failed to compute schedule:
  in .badRateChanges2.typed composite actor.SDF Director
Because:
The SDF rate parameter may change. This is not allowed in SDF models that will be run through the code generator.  If you don't care about code generation, then you might consider setting the allowRateChanges parameter of the SDF director to false.
  in .badRateChanges2.typed composite actor.Repeat.output.tokenProductionRate
	at ptolemy.domains.sdf.kernel.SDFDirector.createSchedule(SDFDirector.java:418)
	at ptolemy.domains.sdf.kernel.SDFDirector.preinitialize(SDFDirector.java:764)
	at ptolemy.actor.CompositeActor.preinitialize(CompositeActor.java:1828)
	at ptolemy.actor.Director.preinitialize(Director.java:1302)
	at ptolemy.actor.Director.preinitialize(Director.java:1257)
	at ptolemy.domains.sdf.kernel.SDFDirector.preinitialize(SDFDirector.java:763)
	at ptolemy.actor.CompositeActor.preinitialize(CompositeActor.java:1828)
	at ptolemy.actor.Manager.preinitializeAndResolveTypes(Manager.java:1040)
	at ptolemy.actor.Manager.initialize(Manager.java:710)
	at ptolemy.actor.Manager.execute(Manager.java:356)
	at ptolemy.actor.Manager.run(Manager.java:1263)
	at ptolemy.actor.Manager$PtolemyRunThread.run(Manager.java:1933)
Caused by: ptolemy.kernel.util.IllegalActionException: The SDF rate parameter may change. This is not allowed in SDF models that will be run through the code generator.  If you don't care about code generation, then you might consider setting the allowRateChanges parameter of the SDF director to false.
  in .badRateChanges2.typed composite actor.Repeat.output.tokenProductionRate
	at ptolemy.domains.sdf.kernel.SDFScheduler._assertDynamicRateVariable(SDFScheduler.java:931)
	at ptolemy.domains.sdf.kernel.SDFScheduler._checkDynamicRateVariables(SDFScheduler.java:339)
	at ptolemy.domains.sdf.kernel.SDFScheduler._getSchedule(SDFScheduler.java:527)
	at ptolemy.actor.sched.Scheduler.getSchedule(Scheduler.java:189)
	at ptolemy.domains.sdf.kernel.SDFDirector.createSchedule(SDFDirector.java:408)
	... 11 more
java.lang.RuntimeException: Execution failed
	at ptolemy.moml.MoMLSimpleApplication$UnloadThread.run(MoMLSimpleApplication.java:402)
Caused by: ptolemy.actor.sched.NotSchedulableException: Actors remain that cannot be scheduled!

There are several possible reasons:
* SDF Graphs with feedback loops should have an actor with a delay in the loop, such as a SampleDelay.
* The SDF director has an "allowDisconnectedGraphs"parameter, which, when true, permits disconnected SDF graphs.
* The token consumption rate and production rates might be mismatched.
Usually, actors produce one token or consume one token on a port.  To produce or consume multiple tokens per firing, add a "tokenConsumptionRate" or "tokenProductionRate" parameter to the appropriate port.
Unscheduled actors:
.partiallyConnected.Const2 
Scheduled actors:
.partiallyConnected.Const 
  in .partiallyConnected.SDF Director.Scheduler
	at ptolemy.domains.sdf.kernel.SDFScheduler._scheduleConnectedActors(SDFScheduler.java:1828)
	at ptolemy.domains.sdf.kernel.SDFScheduler._getSchedule(SDFScheduler.java:587)
	at ptolemy.actor.sched.Scheduler.getSchedule(Scheduler.java:189)
	at ptolemy.domains.sdf.kernel.SDFDirector.createSchedule(SDFDirector.java:408)
	at ptolemy.domains.sdf.kernel.SDFDirector.preinitialize(SDFDirector.java:764)
	at ptolemy.actor.CompositeActor.preinitialize(CompositeActor.java:1828)
	at ptolemy.actor.Manager.preinitializeAndResolveTypes(Manager.java:1040)
	at ptolemy.actor.Manager.initialize(Manager.java:710)
	at ptolemy.actor.Manager.execute(Manager.java:356)
	at ptolemy.actor.Manager.run(Manager.java:1263)
	at ptolemy.actor.Manager$PtolemyRunThread.run(Manager.java:1933)
]]></system-err>
</testsuite>
