/home/travis/build/icyphy/ptII/bin/ant: Running /home/travis/build/icyphy/ptII/ant/bin/ant build test.export2.xml
Buildfile: /home/travis/build/icyphy/ptII/build.xml

build-message:
     [echo] Use ant -p to see other targets. JAVA_HOME=/usr/lib/jvm/java-8-oracle
     [echo] tools.jar is necessary for compilation of doc/doclets/.
     [echo] If compilation fails, try setting JAVA_HOME to the location of the JDK.
     [echo] For example:
     [echo]   [bldmastr@sisyphus ptII]$ which java
     [echo]   /usr/bin/java
     [echo]   [bldmastr@sisyphus ptII]$ ls -l /usr/bin/java
     [echo]   lrwxrwxrwx 1 root root 26 Jul 31 10:12 /usr/bin/java -> /usr/java/default/bin/java
     [echo]   [bldmastr@sisyphus ptII]$ export JAVA_HOME=/usr/java/default
     [echo]     

-build-subprojects-empty:

-check-maven-ant-task:

build-websensor:

build-subprojects:

-check-node:

-check-node-works:
     [exec] v7.10.1

-check-npm:

-check-npm-works:
     [exec] 4.2.0

-check-if-npmjs-org-is-up:
     [echo] Check to see if https://www.npmjs.org is up.

-jsdoc-no-network-message:

-check-jsdoc:

jsdoc-install:
    [mkdir] Created dir: /home/travis/build/icyphy/ptII/node_modules
     [exec] /home/travis/build/icyphy/ptII
     [exec] └─┬ @terraswarm/jsdoc@3.5.1-dev 
     [exec]   ├── bluebird@3.4.7 
     [exec]   ├─┬ catharsis@0.8.9 
     [exec]   │ └─┬ underscore-contrib@0.3.0 
     [exec]   │   └── underscore@1.6.0 
     [exec]   ├── escape-string-regexp@1.0.5 
     [exec]   ├─┬ espree@3.1.7 
     [exec]   │ ├── acorn@3.3.0 
     [exec]   │ └── acorn-jsx@3.0.1 
     [exec]   ├── js2xmlparser@1.0.0 
     [exec]   ├─┬ klaw@1.3.1 
     [exec]   │ └── graceful-fs@4.1.11 
     [exec]   ├── marked@0.3.19 
     [exec]   ├─┬ mkdirp@0.5.1 
     [exec]   │ └── minimist@0.0.8 
     [exec]   ├─┬ requizzle@0.2.1 
     [exec]   │ └── underscore@1.6.0 
     [exec]   ├── strip-json-comments@2.0.1 
     [exec]   ├── taffydb@2.6.2 
     [exec]   └── underscore@1.8.3 
     [exec] 
     [exec] npm WARN enoent ENOENT: no such file or directory, open '/home/travis/build/icyphy/ptII/package.json'
     [exec] npm WARN ptII No description
     [exec] npm WARN ptII No repository field.
     [exec] npm WARN ptII No README data
     [exec] npm WARN ptII No license field.

jsdoc-update:

-ptdoc-no-node:

-ptdoc-no-npm:

ptdoc:
     [echo] 
     [echo]       If the ptdoc target fails, then try running:
     [echo]           ant build-project build-bin
     [echo]     

-check-node:

-check-node-works:
     [exec] v7.10.1

-check-npm:

-check-npm-works:
     [exec] 4.2.0

-check-if-npmjs-org-is-up:
     [echo] Check to see if https://www.npmjs.org is up or $TRAVIS is set.

-jsdoc-no-network-message:

-check-jsdoc:
     [echo] To stop CapeCode from invoking jsdoc and svn, set the PT_NO_NET environment variable.  
     [echo]     Under BASH:
     [echo]         export PT_NO_NET=true
     [echo]     If ptdoc fails, and you are building from $PTII, try:
     [echo]         ant build-project build-bin
     [echo]     

jsdoc-install:
     [echo] npm.executable: npm
    [mkdir] Created dir: /home/travis/build/icyphy/ptII/org/terraswarm/accessor/accessors/node_modules
     [exec] /home/travis/build/icyphy/ptII/org/terraswarm/accessor/accessors
     [exec] └─┬ @terraswarm/jsdoc@3.5.1-dev 
     [exec]   ├── bluebird@3.4.7 
     [exec]   ├─┬ catharsis@0.8.9 
     [exec]   │ └─┬ underscore-contrib@0.3.0 
     [exec]   │   └── underscore@1.6.0 
     [exec]   ├── escape-string-regexp@1.0.5 
     [exec]   ├─┬ espree@3.1.7 
     [exec]   │ ├── acorn@3.3.0 
     [exec]   │ └── acorn-jsx@3.0.1 
     [exec]   ├── js2xmlparser@1.0.0 
     [exec]   ├─┬ klaw@1.3.1 
     [exec]   │ └── graceful-fs@4.1.11 
     [exec]   ├── marked@0.3.19 
     [exec]   ├─┬ mkdirp@0.5.1 
     [exec]   │ └── minimist@0.0.8 
     [exec]   ├─┬ requizzle@0.2.1 
     [exec]   │ └── underscore@1.6.0 
     [exec]   ├── strip-json-comments@2.0.1 
     [exec]   ├── taffydb@2.6.2 
     [exec]   └── underscore@1.8.3 
     [exec] 
     [exec] npm WARN enoent ENOENT: no such file or directory, open '/home/travis/build/icyphy/ptII/org/terraswarm/accessor/accessors/package.json'
     [exec] npm WARN accessors No description
     [exec] npm WARN accessors No repository field.
     [exec] npm WARN accessors No README data
     [exec] npm WARN accessors No license field.

jsdoc-update:

-ptdoc-no-node-message:

-ptdoc-no-npm-message:

-check-jsdoc-again:

-jsdoc-command-message:

ptdoc:
     [echo] Invoke /home/travis/build/icyphy/ptII/org/terraswarm/accessor/accessors/web/../node_modules/@terraswarm/jsdoc/jsdoc.js to read *.js files and generate *PtDoc.xml files suitable for Ptolemy.
     [echo]     See https://chess.eecs.berkeley.edu/ptexternal/wiki/Main/JSDocSystems
     [echo]     See jsdoc/jsdoc.json
     [echo]     See jsdoc/plugins/accessorJSDocTags.js
     [echo]     See jsdoc/templates/ptdoc/publish.js
     [echo] 
     [echo]     If the ptdoc target fails, the there is likely a problem with node or npm.  It is possible
     [echo]     to use CapeCode even if the ptdoc target fails.
     [echo]     
     [echo]     If you are building from $PTII, try:
     [echo]         ant build-project build-bin
     [echo] 
     [echo]     
     [exec] Generating output files...
     [exec] Finished running in 4.39 seconds.

build-project:
     [echo] ptII: /home/travis/build/icyphy/ptII/build.xml
    [javac] Compiling 4724 source files to /home/travis/build/icyphy/ptII
    [javac] /home/travis/build/icyphy/ptII/ptolemy/copernicus/applet/JarSigner.java:61: warning: ManifestDigester is internal proprietary API and may be removed in a future release
    [javac] import sun.security.util.ManifestDigester;
    [javac]                         ^
    [javac] /home/travis/build/icyphy/ptII/ptolemy/media/viewer/AudioViewer.java:51: warning: AudioPlayer is internal proprietary API and may be removed in a future release
    [javac] import sun.audio.AudioPlayer;
    [javac]                 ^
    [javac] /home/travis/build/icyphy/ptII/ptolemy/util/StringUtilities.java:48: warning: Unsafe is internal proprietary API and may be removed in a future release
    [javac] import sun.misc.Unsafe;
    [javac]                ^
    [javac] warning: Supported source version 'RELEASE_6' from annotation processor 'org.netbeans.modules.openide.util.NbBundleProcessor' less than -source '1.8'
    [javac] warning: Supported source version 'RELEASE_6' from annotation processor 'org.netbeans.modules.openide.util.URLStreamHandlerRegistrationProcessor' less than -source '1.8'
    [javac] warning: Supported source version 'RELEASE_6' from annotation processor 'org.netbeans.modules.openide.util.ServiceProviderProcessor' less than -source '1.8'
    [javac] /home/travis/build/icyphy/ptII/ptolemy/copernicus/applet/JarSigner.java:61: warning: ManifestDigester is internal proprietary API and may be removed in a future release
    [javac] import sun.security.util.ManifestDigester;
    [javac]                         ^
    [javac] /home/travis/build/icyphy/ptII/ptolemy/media/viewer/AudioViewer.java:51: warning: AudioPlayer is internal proprietary API and may be removed in a future release
    [javac] import sun.audio.AudioPlayer;
    [javac]                 ^
    [javac] /home/travis/build/icyphy/ptII/ptolemy/util/StringUtilities.java:48: warning: Unsafe is internal proprietary API and may be removed in a future release
    [javac] import sun.misc.Unsafe;
    [javac]                ^
    [javac] /home/travis/build/icyphy/ptII/ptolemy/copernicus/applet/JarSigner.java:61: warning: ManifestDigester is internal proprietary API and may be removed in a future release
    [javac] import sun.security.util.ManifestDigester;
    [javac]                         ^
    [javac] /home/travis/build/icyphy/ptII/ptolemy/media/viewer/AudioViewer.java:51: warning: AudioPlayer is internal proprietary API and may be removed in a future release
    [javac] import sun.audio.AudioPlayer;
    [javac]                 ^
    [javac] /home/travis/build/icyphy/ptII/ptolemy/util/StringUtilities.java:48: warning: Unsafe is internal proprietary API and may be removed in a future release
    [javac] import sun.misc.Unsafe;
    [javac]                ^
    [javac] /home/travis/build/icyphy/ptII/ptolemy/copernicus/applet/JarSigner.java:320: warning: ManifestDigester is internal proprietary API and may be removed in a future release
    [javac]         ManifestDigester manifestDigester = new ManifestDigester(
    [javac]         ^
    [javac] /home/travis/build/icyphy/ptII/ptolemy/copernicus/applet/JarSigner.java:320: warning: ManifestDigester is internal proprietary API and may be removed in a future release
    [javac]         ManifestDigester manifestDigester = new ManifestDigester(
    [javac]                                                 ^
    [javac] /home/travis/build/icyphy/ptII/ptolemy/copernicus/applet/JarSigner.java:634: warning: ManifestDigester is internal proprietary API and may be removed in a future release
    [javac]                 ManifestDigester md, String baseName, boolean signManifest)
    [javac]                 ^
    [javac] /home/travis/build/icyphy/ptII/ptolemy/copernicus/applet/JarSigner.java:648: warning: ManifestDigester is internal proprietary API and may be removed in a future release
    [javac]                     ManifestDigester.class, String.class, Boolean.TYPE);
    [javac]                     ^
    [javac] /home/travis/build/icyphy/ptII/ptolemy/media/viewer/AudioViewer.java:242: warning: AudioPlayer is internal proprietary API and may be removed in a future release
    [javac]         AudioPlayer.player.start(_instream);
    [javac]         ^
    [javac] /home/travis/build/icyphy/ptII/ptolemy/util/StringUtilities.java:118: warning: Unsafe is internal proprietary API and may be removed in a future release
    [javac]             Field theUnsafe = Unsafe.class.getDeclaredField("theUnsafe");
    [javac]                               ^
    [javac] /home/travis/build/icyphy/ptII/ptolemy/util/StringUtilities.java:120: warning: Unsafe is internal proprietary API and may be removed in a future release
    [javac]             Unsafe unsafe = (Unsafe) theUnsafe.get(null);
    [javac]             ^
    [javac] /home/travis/build/icyphy/ptII/ptolemy/util/StringUtilities.java:120: warning: Unsafe is internal proprietary API and may be removed in a future release
    [javac]             Unsafe unsafe = (Unsafe) theUnsafe.get(null);
    [javac]                              ^
    [javac] Note: Some input files use or override a deprecated API.
    [javac] Note: Recompile with -Xlint:deprecation for details.
    [javac] Note: Some input files use unchecked or unsafe operations.
    [javac] Note: Recompile with -Xlint:unchecked for details.
    [javac] 20 warnings

-check-ptII-mk-file:

-check-bin-vergil:

-check-make-bin-vergil:

build-bin-not:

build-not-bin-vergil:
     [echo] 
     [echo] 	$PTII/bin/vergil does not exist, perhaps (cd $PTII/bin; make) has not been run?
     [echo] 	This can happen if the make binary cannot be found in the path or if $PTII/mk/ptII.mk
     [echo] 	is not present.
     [echo] 	Skipping running make in $PTII/bin, which creates scripts like $PTII/bin/vergil.
     [echo] 	This is only an issue if you want to invoke "$PTII/bin/vergil" instead of "ant vergil".
     [echo] 	However, $PTII/bin does include other scripts that may be of use.
     [echo]       

build-bin:
     [exec] for file in .momllib-util .nc2moml-util .ncapp2moml-util capecode convertToLazy copernicus decompile emachine giottoc histogram homer jode mescal moml obfuscate ptcg ptcodegen ptexecute ptjacl ptjaclapp ptplot ptstartjini ptolemy ptweb pxgraph soot tinicomm tinic tiniconverter startjini.gui vergil; do \
     [exec] 		echo "$file"; \
     [exec] 		rm -f "$file"; \
     [exec] 		ln -s ptinvoke "$file"; \
     [exec] 		chmod a+x "$file"; \
     [exec] 	done
     [exec] .momllib-util
     [exec] .nc2moml-util
     [exec] .ncapp2moml-util
     [exec] capecode
     [exec] convertToLazy
     [exec] copernicus
     [exec] decompile
     [exec] emachine
     [exec] giottoc
     [exec] histogram
     [exec] homer
     [exec] jode
     [exec] mescal
     [exec] moml
     [exec] obfuscate
     [exec] ptcg
     [exec] ptcodegen
     [exec] ptexecute
     [exec] ptjacl
     [exec] ptjaclapp
     [exec] ptplot
     [exec] ptstartjini
     [exec] ptolemy
     [exec] ptweb
     [exec] pxgraph
     [exec] soot
     [exec] tinicomm
     [exec] tinic
     [exec] tiniconverter
     [exec] startjini.gui
     [exec] vergil
     [exec] rm -f makebat
     [exec] ln -s ptinvoke makebat
     [exec] rm -f ".momllib-util.bat"
     [exec] ./makebat -q "`basename .momllib-util.bat .bat`"
     [exec] rm -f ".nc2moml-util.bat"
     [exec] ./makebat -q "`basename .nc2moml-util.bat .bat`"
     [exec] rm -f ".ncapp2moml-util.bat"
     [exec] ./makebat -q "`basename .ncapp2moml-util.bat .bat`"
     [exec] rm -f "capecode.bat"
     [exec] ./makebat -q "`basename capecode.bat .bat`"
     [exec] rm -f "convertToLazy.bat"
     [exec] ./makebat -q "`basename convertToLazy.bat .bat`"
     [exec] rm -f "copernicus.bat"
     [exec] ./makebat -q "`basename copernicus.bat .bat`"
     [exec] rm -f "decompile.bat"
     [exec] ./makebat -q "`basename decompile.bat .bat`"
     [exec] rm -f "emachine.bat"
     [exec] ./makebat -q "`basename emachine.bat .bat`"
     [exec] rm -f "giottoc.bat"
     [exec] ./makebat -q "`basename giottoc.bat .bat`"
     [exec] rm -f "histogram.bat"
     [exec] ./makebat -q "`basename histogram.bat .bat`"
     [exec] rm -f "homer.bat"
     [exec] ./makebat -q "`basename homer.bat .bat`"
     [exec] rm -f "jode.bat"
     [exec] ./makebat -q "`basename jode.bat .bat`"
     [exec] rm -f "mescal.bat"
     [exec] ./makebat -q "`basename mescal.bat .bat`"
     [exec] LD_LIBRARY_PATH = /home/travis/build/icyphy/ptII/mescal/lib:/home/travis/build/icyphy/ptII/mescal/bin:/usr/local/lib:/home/travis/build/icyphy/ptII/lib:/home/travis/pthla/certi-tools/lib:/home/travis/pthla/certi-tools/lib:/usr/lib/jni:/usr/local/share/OpenCV/java/:/usr/share/OpenCV/java:
     [exec] rm -f "moml.bat"
     [exec] ./makebat -q "`basename moml.bat .bat`"
     [exec] rm -f "obfuscate.bat"
     [exec] ./makebat -q "`basename obfuscate.bat .bat`"
     [exec] rm -f "ptcg.bat"
     [exec] ./makebat -q "`basename ptcg.bat .bat`"
     [exec] rm -f "ptcodegen.bat"
     [exec] ./makebat -q "`basename ptcodegen.bat .bat`"
     [exec] rm -f "ptexecute.bat"
     [exec] ./makebat -q "`basename ptexecute.bat .bat`"
     [exec] rm -f "ptjacl.bat"
     [exec] ./makebat -q "`basename ptjacl.bat .bat`"
     [exec] rm -f "ptjaclapp.bat"
     [exec] ./makebat -q "`basename ptjaclapp.bat .bat`"
     [exec] rm -f "ptplot.bat"
     [exec] ./makebat -q "`basename ptplot.bat .bat`"
     [exec] rm -f "ptstartjini.bat"
     [exec] ./makebat -q "`basename ptstartjini.bat .bat`"
     [exec] rm -f "ptolemy.bat"
     [exec] ./makebat -q "`basename ptolemy.bat .bat`"
     [exec] rm -f "ptweb.bat"
     [exec] ./makebat -q "`basename ptweb.bat .bat`"
     [exec] rm -f "pxgraph.bat"
     [exec] ./makebat -q "`basename pxgraph.bat .bat`"
     [exec] rm -f "soot.bat"
     [exec] ./makebat -q "`basename soot.bat .bat`"
     [exec] rm -f "tinicomm.bat"
     [exec] ./makebat -q "`basename tinicomm.bat .bat`"
     [exec] rm -f "tinic.bat"
     [exec] ./makebat -q "`basename tinic.bat .bat`"
     [exec] rm -f "tiniconverter.bat"
     [exec] ./makebat -q "`basename tiniconverter.bat .bat`"
     [exec] rm -f "startjini.gui.bat"
     [exec] ./makebat -q "`basename startjini.gui.bat .bat`"
     [exec] rm -f "vergil.bat"
     [exec] ./makebat -q "`basename vergil.bat .bat`"
     [exec] Cloning into 'universalJavaApplicationStub'...
     [exec] rm -f makeapp
     [exec] ln -s ptinvoke makeapp
     [exec] chmod a+x ptinvoke makeapp
     [exec] ./makeapp CapeCode.app CAPECODE -capecode
     [exec] ./makeapp: /home/travis/build/icyphy/ptII/vendors/universalJavaApplicationStub/src/universalJavaApplicationStub does not exist, creating it from GitHub.
     [exec] Updating universalJavaApplicationStub from /home/travis/build/icyphy/ptII/vendors/universalJavaApplicationStub/src/universalJavaApplicationStub
     [exec] ./makeapp: Could not find MacJVMTar in /home/travis/build/icyphy/ptII/vendors/installer/MacJVM.tar.gz, downloading it now: Sat Aug 11 02:38:47 UTC 2018
     [exec] Untaring /home/travis/build/icyphy/ptII/vendors/installer/MacJVM.tar.gz in /home/travis/build/icyphy/ptII/ now: Sat Aug 11 02:39:18 UTC 2018
     [exec] ./makeapp: Installation of /home/travis/build/icyphy/ptII/jdk succeeded.
     [exec] ./makeapp: copying /home/travis/build/icyphy/ptII/vendors/jogl to /home/travis/build/icyphy/ptII/bin
     [exec] touch CapeCode.app
     [exec] ./makeapp Vergil.app FULL -full
     [exec] Updating universalJavaApplicationStub from /home/travis/build/icyphy/ptII/vendors/universalJavaApplicationStub/src/universalJavaApplicationStub
     [exec] Untaring /home/travis/build/icyphy/ptII/vendors/installer/MacJVM.tar.gz in /home/travis/build/icyphy/ptII/ now: Sat Aug 11 02:39:21 UTC 2018
     [exec] ./makeapp: Installation of /home/travis/build/icyphy/ptII/jdk succeeded.
     [exec] touch Vergil.app
     [exec] chmod a+x ant cyphysim hyvisual startjini mkjnlp mkl4j mkosgi mkptdemo mkptlivelinkdemo mkpttest node npm ptjunit ptIITravisBuild.sh reloadAllAccessors updateFmu viptos 

build:

initReports:
    [mkdir] Created dir: /home/travis/build/icyphy/ptII/reports/doccheck
    [mkdir] Created dir: /home/travis/build/icyphy/ptII/reports/ojdcheck

test.export2.xml:
     [echo] 
     [echo]       ==test.export2.xml ==
     [echo]       This target runs the second batch of export demo tests
     [echo]       and generates JUnit xml output.
     [echo]       timeout = 4000000 milliseconds
     [echo]     
    [junit] javachdir: directory = ptolemy/vergil/basic/export/test
    [junit] javachdir: pwd: /home/travis/build/icyphy/ptII/ptolemy/vergil/basic/export/test  Invoking with -Djava.net.preferIPv4Stack=true
    [junit] ExportModeJUnitTestBatch: There are 756 demos. Exporting demos: 151 to 200.
    [junit] Running ptolemy.vergil.basic.export.test.junit.ExportModelJUnitTestBatch2
    [junit] ####### 1 Sat Aug 11 02:39:25 UTC 2018 $PTII/bin/ptinvoke ptolemy.vergil.basic.export.ExportModel -force htm -run -openComposites -timeOut 30000 -whiteBackground ptolemy/actor/lib/jai/demo/AdaptiveMedian/AdaptiveMedian.xml $PTII/ptolemy/actor/lib/jai/demo/AdaptiveMedian/AdaptiveMedian
    [junit] Running .AdaptiveMedian
    [junit] Could not find mediaLib accelerator wrapper classes. Continuing in pure Java mode.
    [junit] 910 ms. Memory: 179712K Free: 143802K (80%)
    [junit] Exported /home/travis/build/icyphy/ptII/ptolemy/actor/lib/jai/demo/AdaptiveMedian/AdaptiveMedian/index.html
    [junit] 8549 ms. Memory: 179712K Free: 110541K (62%)
    [junit] ####### 2 Sat Aug 11 02:39:33 UTC 2018 $PTII/bin/ptinvoke ptolemy.vergil.basic.export.ExportModel -force htm -run -openComposites -timeOut 30000 -whiteBackground ptolemy/actor/lib/jai/demo/ImageReconstruction/ImageReconstruction.xml $PTII/ptolemy/actor/lib/jai/demo/ImageReconstruction/ImageReconstruction
    [junit] Running .ImageReconstruction
    [junit] 71 ms. Memory: 234496K Free: 166175K (71%)
    [junit] Exported /home/travis/build/icyphy/ptII/ptolemy/actor/lib/jai/demo/ImageReconstruction/ImageReconstruction/index.html
    [junit] 4762 ms. Memory: 234496K Free: 129672K (55%)
    [junit] ####### 3 Sat Aug 11 02:39:38 UTC 2018 $PTII/bin/ptinvoke ptolemy.vergil.basic.export.ExportModel -force htm -run -openComposites -timeOut 30000 -whiteBackground ptolemy/actor/lib/jai/demo/VQSequenceDisplay/VQSequenceDisplay.xml $PTII/ptolemy/actor/lib/jai/demo/VQSequenceDisplay/VQSequenceDisplay
    [junit] Running .VQSequenceDisplay
    [junit] 738 ms. Memory: 239616K Free: 131584K (55%)
    [junit] Exported /home/travis/build/icyphy/ptII/ptolemy/actor/lib/jai/demo/VQSequenceDisplay/VQSequenceDisplay/index.html
    [junit] 5134 ms. Memory: 239616K Free: 95779K (40%)
    [junit] ####### 4 Sat Aug 11 02:39:43 UTC 2018 $PTII/bin/ptinvoke ptolemy.vergil.basic.export.ExportModel -force htm  -openComposites -timeOut 30000 -whiteBackground ptolemy/actor/lib/javasound/demo/KarplusStrong/KarplusStrong.xml $PTII/ptolemy/actor/lib/javasound/demo/KarplusStrong/KarplusStrong
    [junit] Warning: not running ptolemy/actor/lib/javasound/demo/KarplusStrong/KarplusStrong.xml. See ptolemy/vergil/basic/export/test/junit/ExportModelJUnitTest.java
    [junit] Exported /home/travis/build/icyphy/ptII/ptolemy/actor/lib/javasound/demo/KarplusStrong/KarplusStrong/index.html
    [junit] 3410 ms. Memory: 300032K Free: 177977K (59%)
    [junit] ####### 5 Sat Aug 11 02:39:47 UTC 2018 $PTII/bin/ptinvoke ptolemy.vergil.basic.export.ExportModel -force htm -run -openComposites -timeOut 30000 -whiteBackground ptolemy/actor/lib/jjs/demo/Factorial/Factorial.xml $PTII/ptolemy/actor/lib/jjs/demo/Factorial/Factorial
    [junit] ----------------- Sat Aug 11 02:39:47 UTC 2018 About to sleep for 5.0 seconds before running or rerunning.  Test is: /home/travis/build/icyphy/ptII/ptolemy/actor/lib/jjs/demo/Factorial/Factorial.xml
    [junit] Done sleeping
    [junit] Running .Factorial
    [junit] 2107 ms. Memory: 411648K Free: 213801K (52%)
    [junit] Exported /home/travis/build/icyphy/ptII/ptolemy/actor/lib/jjs/demo/Factorial/Factorial/index.html
    [junit] 10187 ms. Memory: 411648K Free: 185621K (45%)
    [junit] ####### 6 Sat Aug 11 02:40:02 UTC 2018 $PTII/bin/ptinvoke ptolemy.vergil.basic.export.ExportModel -force htm -run -openComposites -timeOut 30000 -whiteBackground ptolemy/actor/lib/jjs/demo/JavaScriptShell/JavaScriptShell.xml $PTII/ptolemy/actor/lib/jjs/demo/JavaScriptShell/JavaScriptShell
    [junit] ----------------- Sat Aug 11 02:40:02 UTC 2018 About to sleep for 5.0 seconds before running or rerunning.  Test is: /home/travis/build/icyphy/ptII/ptolemy/actor/lib/jjs/demo/JavaScriptShell/JavaScriptShell.xml
    [junit] Done sleeping
    [junit] .JavaScriptShell.InteractiveShell invoked SwingUtilities.invokeAndWait()
    [junit] Model ".JavaScriptShell" contains actors such cannot be run  as part of the export process from ExportModel or it has a WebExportParameters value that runBeforeExport set to false. To export run this model and export it, use vergil.
    [junit] Exported /home/travis/build/icyphy/ptII/ptolemy/actor/lib/jjs/demo/JavaScriptShell/JavaScriptShell/index.html
    [junit] 4268 ms. Memory: 413696K Free: 207105K (50%)
    [junit] ####### 7 Sat Aug 11 02:40:11 UTC 2018 $PTII/bin/ptinvoke ptolemy.vergil.basic.export.ExportModel -force htm -run -openComposites -timeOut 30000 -whiteBackground ptolemy/actor/lib/jjs/demo/ModelBuilder/ModelBuilder.xml $PTII/ptolemy/actor/lib/jjs/demo/ModelBuilder/ModelBuilder
    [junit] ----------------- Sat Aug 11 02:40:11 UTC 2018 About to sleep for 5.0 seconds before running or rerunning.  Test is: /home/travis/build/icyphy/ptII/ptolemy/actor/lib/jjs/demo/ModelBuilder/ModelBuilder.xml
    [junit] Done sleeping
    [junit] Running .ModelBuilder
    [junit] 0
    [junit] 1
    [junit] 2
    [junit] 3
    [junit] 4
    [junit] 5
    [junit] 6
    [junit] 7
    [junit] 8
    [junit] 9
    [junit] 10
    [junit] 11
    [junit] 12
    [junit] 13
    [junit] 14
    [junit] 15
    [junit] 16
    [junit] 17
    [junit] 18
    [junit] 19
    [junit] 20
    [junit] 21
    [junit] 22
    [junit] 23
    [junit] 24
    [junit] 25
    [junit] 26
    [junit] 27
    [junit] 28
    [junit] 29
    [junit] 30
    [junit] 31
    [junit] 32
    [junit] 33
    [junit] 34
    [junit] 35
    [junit] 36
    [junit] 37
    [junit] 38
    [junit] 39
    [junit] 40
    [junit] 41
    [junit] 42
    [junit] 43
    [junit] 44
    [junit] 45
    [junit] 46
    [junit] 47
    [junit] 48
    [junit] 49
    [junit] 50
    [junit] 51
    [junit] 52
    [junit] 53
    [junit] 54
    [junit] 55
    [junit] 56
    [junit] 57
    [junit] 58
    [junit] 59
    [junit] 60
    [junit] 61
    [junit] 62
    [junit] 63
    [junit] 64
    [junit] 65
    [junit] 66
    [junit] 67
    [junit] 68
    [junit] 69
    [junit] 70
    [junit] 71
    [junit] 72
    [junit] 73
    [junit] 74
    [junit] 75
    [junit] 76
    [junit] 77
    [junit] 78
    [junit] 79
    [junit] 80
    [junit] 81
    [junit] 82
    [junit] 83
    [junit] 84
    [junit] 85
    [junit] 86
    [junit] 87
    [junit] 88
    [junit] 89
    [junit] 90
    [junit] 91
    [junit] 92
    [junit] 93
    [junit] 94
    [junit] 95
    [junit] 96
    [junit] 97
    [junit] 98
    [junit] 99
    [junit] 26 ms. Memory: 488960K Free: 111426K (23%)
    [junit] Counted to 99
    [junit] 2545 ms. Memory: 488960K Free: 103835K (21%)
    [junit] Exported /home/travis/build/icyphy/ptII/ptolemy/actor/lib/jjs/demo/ModelBuilder/ModelBuilder/index.html
    [junit] 8536 ms. Memory: 610304K Free: 489274K (80%)
    [junit] ####### 8 Sat Aug 11 02:40:25 UTC 2018 $PTII/bin/ptinvoke ptolemy.vergil.basic.export.ExportModel -force htm -run -openComposites -timeOut 30000 -whiteBackground ptolemy/actor/lib/jjs/modules/aprilTags/demo/AprilTags/AprilTags.xml $PTII/ptolemy/actor/lib/jjs/modules/aprilTags/demo/AprilTags/AprilTags
    [junit] ----------------- Sat Aug 11 02:40:25 UTC 2018 About to sleep for 5.0 seconds before running or rerunning.  Test is: /home/travis/build/icyphy/ptII/ptolemy/actor/lib/jjs/modules/aprilTags/demo/AprilTags/AprilTags.xml
    [junit] Done sleeping
    [junit] JSAccessor: PT_NO_NET environment variable is set, so git pull and ptdoc are not being run.
    [junit] [AWT-EventQueue-0] INFO com.github.sarxos.webcam.Webcam - WebcamDefaultDriver capture driver will be used
    [junit] No physical cameras found, using WebcamDummyDriver.
    [junit] Running .AprilTags
    [junit] [atomic-processor-1] INFO com.github.sarxos.webcam.ds.cgt.WebcamOpenTask - Opening webcam Dummy Webcam 0
    [junit] [atomic-processor-1] INFO com.github.sarxos.webcam.ds.cgt.WebcamCloseTask - Closing Dummy Webcam 0
    [junit] ExportHTMLTimer went off after 30000 ms., calling getDirector().finish and getDirector().stopFire()
    [junit] 30040 ms. Memory: 2059264K Free: 924040K (45%)
    [junit] Exported /home/travis/build/icyphy/ptII/ptolemy/actor/lib/jjs/modules/aprilTags/demo/AprilTags/AprilTags/index.html
    [junit] 39315 ms. Memory: 2059264K Free: 915566K (44%)
    [junit] ####### 9 Sat Aug 11 02:41:09 UTC 2018 $PTII/bin/ptinvoke ptolemy.vergil.basic.export.ExportModel -force htm -run -openComposites -timeOut 30000 -whiteBackground ptolemy/actor/lib/jjs/modules/aprilTags/demo/Kubi/Kubi.xml $PTII/ptolemy/actor/lib/jjs/modules/aprilTags/demo/Kubi/Kubi
    [junit] ----------------- Sat Aug 11 02:41:09 UTC 2018 About to sleep for 5.0 seconds before running or rerunning.  Test is: /home/travis/build/icyphy/ptII/ptolemy/actor/lib/jjs/modules/aprilTags/demo/Kubi/Kubi.xml
    [junit] Done sleeping
    [junit] libdc1394 error: Failed to initialize libdc1394
    [junit] Running .Kubi
    [junit] Kubi: Kubi.js: Initializing... (Thread[AWT-EventQueue-0,6,main])
    [junit] Kubi: Kubi.js: Handler added (Thread[AWT-EventQueue-0,6,main])
    [junit] Kubi: Kubi.js: Connecting... (Thread[AWT-EventQueue-0,6,main])
    [junit] Kubi2: Kubi.js: Initializing... (Thread[AWT-EventQueue-0,6,main])
    [junit] Kubi2: Kubi.js: Handler added (Thread[AWT-EventQueue-0,6,main])
    [junit] Kubi2: Kubi.js: Connecting... (Thread[AWT-EventQueue-0,6,main])
    [junit] [atomic-processor-1] INFO com.github.sarxos.webcam.ds.cgt.WebcamOpenTask - Opening webcam Dummy Webcam 0
    [junit] ExportHTMLTimer went off after 30000 ms., calling getDirector().finish and getDirector().stopFire()
    [junit] [atomic-processor-1] INFO com.github.sarxos.webcam.ds.cgt.WebcamCloseTask - Closing Dummy Webcam 0
    [junit] 30068 ms. Memory: 1789440K Free: 755528K (42%)
    [junit] Exported /home/travis/build/icyphy/ptII/ptolemy/actor/lib/jjs/modules/aprilTags/demo/Kubi/Kubi/index.html
    [junit] 39610 ms. Memory: 1789440K Free: 720428K (40%)
    [junit] ####### 10 Sat Aug 11 02:41:54 UTC 2018 $PTII/bin/ptinvoke ptolemy.vergil.basic.export.ExportModel -force htm  -openComposites -timeOut 30000 -whiteBackground ptolemy/actor/lib/jjs/modules/audio/demo/Audio/Audio.xml $PTII/ptolemy/actor/lib/jjs/modules/audio/demo/Audio/Audio
    [junit] Warning: not running ptolemy/actor/lib/jjs/modules/audio/demo/Audio/Audio.xml. See ptolemy/vergil/basic/export/test/junit/ExportModelJUnitTest.java
    [junit] ----------------- Sat Aug 11 02:41:54 UTC 2018 About to sleep for 5.0 seconds before running or rerunning.  Test is: /home/travis/build/icyphy/ptII/ptolemy/actor/lib/jjs/modules/audio/demo/Audio/Audio.xml
    [junit] Done sleeping
    [junit] Exported /home/travis/build/icyphy/ptII/ptolemy/actor/lib/jjs/modules/audio/demo/Audio/Audio/index.html
    [junit] 3211 ms. Memory: 1789440K Free: 585202K (33%)
    [junit] ####### 11 Sat Aug 11 02:42:02 UTC 2018 $PTII/bin/ptinvoke ptolemy.vergil.basic.export.ExportModel -force htm  -openComposites -timeOut 30000 -whiteBackground ptolemy/actor/lib/jjs/modules/audio/demo/Audio/AudioCapture.xml $PTII/ptolemy/actor/lib/jjs/modules/audio/demo/Audio/AudioCapture
    [junit] Warning: not running ptolemy/actor/lib/jjs/modules/audio/demo/Audio/AudioCapture.xml. See ptolemy/vergil/basic/export/test/junit/ExportModelJUnitTest.java
    [junit] ----------------- Sat Aug 11 02:42:02 UTC 2018 About to sleep for 5.0 seconds before running or rerunning.  Test is: /home/travis/build/icyphy/ptII/ptolemy/actor/lib/jjs/modules/audio/demo/Audio/AudioCapture.xml
    [junit] Done sleeping
    [junit] Xlib:  extension "RANDR" missing on display ":99.0".
    [junit] Exported /home/travis/build/icyphy/ptII/ptolemy/actor/lib/jjs/modules/audio/demo/Audio/AudioCapture/index.html
    [junit] 4345 ms. Memory: 1866240K Free: 1643160K (88%)
    [junit] ####### 12 Sat Aug 11 02:42:11 UTC 2018 $PTII/bin/ptinvoke ptolemy.vergil.basic.export.ExportModel -force htm  -openComposites -timeOut 30000 -whiteBackground ptolemy/actor/lib/jjs/modules/audio/demo/Audio/AudioClipPlayer.xml $PTII/ptolemy/actor/lib/jjs/modules/audio/demo/Audio/AudioClipPlayer
    [junit] Warning: not running ptolemy/actor/lib/jjs/modules/audio/demo/Audio/AudioClipPlayer.xml. See ptolemy/vergil/basic/export/test/junit/ExportModelJUnitTest.java
    [junit] ----------------- Sat Aug 11 02:42:11 UTC 2018 About to sleep for 5.0 seconds before running or rerunning.  Test is: /home/travis/build/icyphy/ptII/ptolemy/actor/lib/jjs/modules/audio/demo/Audio/AudioClipPlayer.xml
    [junit] Done sleeping
    [junit] Exported /home/travis/build/icyphy/ptII/ptolemy/actor/lib/jjs/modules/audio/demo/Audio/AudioClipPlayer/index.html
    [junit] 4040 ms. Memory: 1866240K Free: 1353088K (73%)
    [junit] ####### 13 Sat Aug 11 02:42:20 UTC 2018 $PTII/bin/ptinvoke ptolemy.vergil.basic.export.ExportModel -force htm  -openComposites -timeOut 30000 -whiteBackground ptolemy/actor/lib/jjs/modules/audio/demo/Audio/AudioRecorder.xml $PTII/ptolemy/actor/lib/jjs/modules/audio/demo/Audio/AudioRecorder
    [junit] Warning: not running ptolemy/actor/lib/jjs/modules/audio/demo/Audio/AudioRecorder.xml. See ptolemy/vergil/basic/export/test/junit/ExportModelJUnitTest.java
    [junit] ----------------- Sat Aug 11 02:42:20 UTC 2018 About to sleep for 5.0 seconds before running or rerunning.  Test is: /home/travis/build/icyphy/ptII/ptolemy/actor/lib/jjs/modules/audio/demo/Audio/AudioRecorder.xml
    [junit] Done sleeping
    [junit] Exported /home/travis/build/icyphy/ptII/ptolemy/actor/lib/jjs/modules/audio/demo/Audio/AudioRecorder/index.html
    [junit] 5193 ms. Memory: 1866240K Free: 841341K (45%)
    [junit] ####### 14 Sat Aug 11 02:42:30 UTC 2018 $PTII/bin/ptinvoke ptolemy.vergil.basic.export.ExportModel -force htm  -openComposites -timeOut 30000 -whiteBackground ptolemy/actor/lib/jjs/modules/audio/demo/Audio/AudioSynthesis.xml $PTII/ptolemy/actor/lib/jjs/modules/audio/demo/Audio/AudioSynthesis
    [junit] Warning: not running ptolemy/actor/lib/jjs/modules/audio/demo/Audio/AudioSynthesis.xml. See ptolemy/vergil/basic/export/test/junit/ExportModelJUnitTest.java
    [junit] ----------------- Sat Aug 11 02:42:30 UTC 2018 About to sleep for 5.0 seconds before running or rerunning.  Test is: /home/travis/build/icyphy/ptII/ptolemy/actor/lib/jjs/modules/audio/demo/Audio/AudioSynthesis.xml
    [junit] Done sleeping
    [junit] Exported /home/travis/build/icyphy/ptII/ptolemy/actor/lib/jjs/modules/audio/demo/Audio/AudioSynthesis/index.html
    [junit] 4561 ms. Memory: 1866240K Free: 457923K (25%)
    [junit] ####### 15 Sat Aug 11 02:42:40 UTC 2018 $PTII/bin/ptinvoke ptolemy.vergil.basic.export.ExportModel -force htm -run -openComposites -timeOut 30000 -whiteBackground ptolemy/actor/lib/jjs/modules/audio/demo/Audio/SpeechSynthesis.xml $PTII/ptolemy/actor/lib/jjs/modules/audio/demo/Audio/SpeechSynthesis
    [junit] ----------------- Sat Aug 11 02:42:40 UTC 2018 About to sleep for 5.0 seconds before running or rerunning.  Test is: /home/travis/build/icyphy/ptII/ptolemy/actor/lib/jjs/modules/audio/demo/Audio/SpeechSynthesis.xml
    [junit] Done sleeping
    [junit] Running .SpeechSynthesis
    [junit] ExportHTMLTimer went off after 30000 ms., calling getDirector().finish and getDirector().stopFire()
    [junit] 30044 ms. Memory: 1860096K Free: 1045819K (56%)
    [junit] Exported /home/travis/build/icyphy/ptII/ptolemy/actor/lib/jjs/modules/audio/demo/Audio/SpeechSynthesis/index.html
    [junit] 37566 ms. Memory: 1860096K Free: 1017058K (55%)
    [junit] ####### 16 Sat Aug 11 02:43:23 UTC 2018 $PTII/bin/ptinvoke ptolemy.vergil.basic.export.ExportModel -force htm -run -openComposites -timeOut 30000 -whiteBackground ptolemy/actor/lib/jjs/modules/cameras/demo/Camera/Camera.xml $PTII/ptolemy/actor/lib/jjs/modules/cameras/demo/Camera/Camera
    [junit] ----------------- Sat Aug 11 02:43:23 UTC 2018 About to sleep for 5.0 seconds before running or rerunning.  Test is: /home/travis/build/icyphy/ptII/ptolemy/actor/lib/jjs/modules/cameras/demo/Camera/Camera.xml
    [junit] Done sleeping
    [junit] Running .Camera
    [junit] [atomic-processor-1] INFO com.github.sarxos.webcam.ds.cgt.WebcamOpenTask - Opening webcam Dummy Webcam 0
    [junit] [atomic-processor-1] INFO com.github.sarxos.webcam.ds.cgt.WebcamCloseTask - Closing Dummy Webcam 0
    [junit] WARNING: TestSpontaneous: Model stopped before executing actions (e.g. producing outputs) scheduled for execution at times [20.1]
    [junit] 23617 ms. Memory: 1989120K Free: 781172K (39%)
    [junit] Exported /home/travis/build/icyphy/ptII/ptolemy/actor/lib/jjs/modules/cameras/demo/Camera/Camera/index.html
    [junit] 29935 ms. Memory: 1989120K Free: 741965K (37%)
    [junit] ####### 17 Sat Aug 11 02:43:58 UTC 2018 $PTII/bin/ptinvoke ptolemy.vergil.basic.export.ExportModel -force htm -run -openComposites -timeOut 30000 -whiteBackground ptolemy/actor/lib/jjs/modules/cameras/demo/Camera/CaptureOpenLoop.xml $PTII/ptolemy/actor/lib/jjs/modules/cameras/demo/Camera/CaptureOpenLoop
    [junit] ----------------- Sat Aug 11 02:43:58 UTC 2018 About to sleep for 5.0 seconds before running or rerunning.  Test is: /home/travis/build/icyphy/ptII/ptolemy/actor/lib/jjs/modules/cameras/demo/Camera/CaptureOpenLoop.xml
    [junit] Done sleeping
    [junit] Running .CaptureOpenLoop
    [junit] [atomic-processor-1] INFO com.github.sarxos.webcam.ds.cgt.WebcamOpenTask - Opening webcam Dummy Webcam 0
    [junit] [atomic-processor-1] INFO com.github.sarxos.webcam.ds.cgt.WebcamCloseTask - Closing Dummy Webcam 0
    [junit] 22259 ms. Memory: 1889280K Free: 449564K (24%)
    [junit] Exported /home/travis/build/icyphy/ptII/ptolemy/actor/lib/jjs/modules/cameras/demo/Camera/CaptureOpenLoop/index.html
    [junit] 27748 ms. Memory: 1889280K Free: 422730K (22%)
    [junit] ####### 18 Sat Aug 11 02:44:30 UTC 2018 $PTII/bin/ptinvoke ptolemy.vergil.basic.export.ExportModel -force htm -run -openComposites -timeOut 30000 -whiteBackground ptolemy/actor/lib/jjs/modules/cameras/demo/CameraWebSocket/CameraWebSocket.xml $PTII/ptolemy/actor/lib/jjs/modules/cameras/demo/CameraWebSocket/CameraWebSocket
    [junit] ----------------- Sat Aug 11 02:44:30 UTC 2018 About to sleep for 5.0 seconds before running or rerunning.  Test is: /home/travis/build/icyphy/ptII/ptolemy/actor/lib/jjs/modules/cameras/demo/CameraWebSocket/CameraWebSocket.xml
    [junit] Done sleeping
    [junit] Running .CameraWebSocket
    [junit] WebSocketClient: Connection failed. Will try again: Connection refused: localhost/127.0.0.1:8071
    [junit] Connection refused (Thread[vert.x-eventloop-thread-0,6,main])
    [junit] [atomic-processor-1] INFO com.github.sarxos.webcam.ds.cgt.WebcamOpenTask - Opening webcam Dummy Webcam 0
    [junit] WebSocketServer: WebSocketServer message(): {type="class ptolemy.data.AWTImageToken", width="176", height="144"}, typeof message: object (Thread[AWT-EventQueue-0,6,main])
    [junit] WebSocketServer: WebSocketServer message(): {type="class ptolemy.data.AWTImageToken", width="176", height="144"}, typeof message: object (Thread[AWT-EventQueue-0,6,main])
    [junit] WebSocketServer: WebSocketServer message(): {type="class ptolemy.data.AWTImageToken", width="176", height="144"}, typeof message: object (Thread[AWT-EventQueue-0,6,main])
    [junit] WebSocketServer: WebSocketServer message(): {type="class ptolemy.data.AWTImageToken", width="176", height="144"}, typeof message: object (Thread[AWT-EventQueue-0,6,main])
    [junit] WebSocketServer: WebSocketServer message(): {type="class ptolemy.data.AWTImageToken", width="176", height="144"}, typeof message: object (Thread[AWT-EventQueue-0,6,main])
    [junit] WebSocketServer: WebSocketServer message(): {type="class ptolemy.data.AWTImageToken", width="176", height="144"}, typeof message: object (Thread[AWT-EventQueue-0,6,main])
    [junit] WebSocketServer: WebSocketServer message(): {type="class ptolemy.data.AWTImageToken", width="176", height="144"}, typeof message: object (Thread[AWT-EventQueue-0,6,main])
    [junit] WebSocketServer: WebSocketServer message(): {type="class ptolemy.data.AWTImageToken", width="176", height="144"}, typeof message: object (Thread[AWT-EventQueue-0,6,main])
    [junit] WebSocketServer: WebSocketServer message(): {type="class ptolemy.data.AWTImageToken", width="176", height="144"}, typeof message: object (Thread[AWT-EventQueue-0,6,main])
    [junit] WebSocketServer: WebSocketServer message(): {type="class ptolemy.data.AWTImageToken", width="176", height="144"}, typeof message: object (Thread[AWT-EventQueue-0,6,main])
    [junit] WebSocketServer: WebSocketServer message(): {type="class ptolemy.data.AWTImageToken", width="176", height="144"}, typeof message: object (Thread[AWT-EventQueue-0,6,main])
    [junit] WebSocketClient: Connection closed because model is no longer running. (Thread[AWT-EventQueue-0,6,main])
    [junit] WARNING: Invoking send() too late (probably in a callback), so WebSocketServer is not able to send the token {socketID = 0, status = "closed"} to the output connection. Token is discarded.
    [junit] WARNING: Invoking send() too late (probably in a callback), so WebSocketServer is not able to send the token {socketID = 0, status = "closed"} to the output connection. Token is discarded.
    [junit] [atomic-processor-1] INFO com.github.sarxos.webcam.ds.cgt.WebcamCloseTask - Closing Dummy Webcam 0
    [junit] 25959 ms. Memory: 1987072K Free: 1495962K (75%)
    [junit] Exported /home/travis/build/icyphy/ptII/ptolemy/actor/lib/jjs/modules/cameras/demo/CameraWebSocket/CameraWebSocket/index.html
    [junit] 32899 ms. Memory: 1987072K Free: 1475825K (74%)
    [junit] ####### 19 Sat Aug 11 02:45:08 UTC 2018 $PTII/bin/ptinvoke ptolemy.vergil.basic.export.ExportModel -force htm -run -openComposites -timeOut 30000 -whiteBackground ptolemy/actor/lib/jjs/modules/cameras/demo/Foscam/Foscam.xml $PTII/ptolemy/actor/lib/jjs/modules/cameras/demo/Foscam/Foscam
    [junit] ----------------- Sat Aug 11 02:45:08 UTC 2018 About to sleep for 5.0 seconds before running or rerunning.  Test is: /home/travis/build/icyphy/ptII/ptolemy/actor/lib/jjs/modules/cameras/demo/Foscam/Foscam.xml
    [junit] Done sleeping
    [junit] Running .Foscam
    [junit] Foscam2: snapshot.cgi?user=admin&pwd=&undefined= (Thread[AWT-EventQueue-0,6,main])
    [junit] Foscam2: Making an HTTP request. (Thread[AWT-EventQueue-0,6,main])
    [junit] Foscam2: The timeout period of 5000ms has been exceeded.
    [junit] HttpClientHelper.java: Received an error for request 0: io.netty.channel.ConnectTimeoutException: connection timed out: /10.0.0.46:80
    [junit] io.netty.channel.ConnectTimeoutException: connection timed out: /10.0.0.46:80
    [junit] 	at io.netty.channel.nio.AbstractNioChannel$AbstractNioUnsafe$1.run(AbstractNioChannel.java:267)
    [junit] 	at io.netty.util.concurrent.PromiseTask$RunnableAdapter.call(PromiseTask.java:38)
    [junit] 	at io.netty.util.concurrent.ScheduledFutureTask.run(ScheduledFutureTask.java:125)
    [junit] 	at io.netty.util.concurrent.AbstractEventExecutor.safeExecute(AbstractEventExecutor.java:163)
    [junit] 	at io.netty.util.concurrent.SingleThreadEventExecutor.runAllTasks(SingleThreadEventExecutor.java:404)
    [junit] 	at io.netty.channel.nio.NioEventLoop.run(NioEventLoop.java:463)
    [junit] 	at io.netty.util.concurrent.SingleThreadEventExecutor$5.run(SingleThreadEventExecutor.java:886)
    [junit] 	at io.netty.util.concurrent.FastThreadLocalRunnable.run(FastThreadLocalRunnable.java:30)
    [junit] 	at java.lang.Thread.run(Thread.java:748)
    [junit] Foscam2: Error: connection timed out: /10.0.0.46:80
    [junit] ExportHTMLTimer went off after 30000 ms., calling getDirector().finish and getDirector().stopFire()
    [junit] WARNING: Foscam2: Model stopped before executing actions (e.g. producing outputs) scheduled for execution at times [10.0]
    [junit] Foscam2: undefined.cgi?user=admin&pwd=&undefined= (Thread[AWT-EventQueue-0,6,main])
    [junit] Foscam2: Making an HTTP request. (Thread[AWT-EventQueue-0,6,main])
    [junit] 30022 ms. Memory: 1987072K Free: 950627K (48%)
    [junit] Exported /home/travis/build/icyphy/ptII/ptolemy/actor/lib/jjs/modules/cameras/demo/Foscam/Foscam/index.html
    [junit] 35209 ms. Memory: 1987072K Free: 930496K (47%)
    [junit] ####### 20 Sat Aug 11 02:45:48 UTC 2018 $PTII/bin/ptinvoke ptolemy.vergil.basic.export.ExportModel -force htm -run -openComposites -timeOut 30000 -whiteBackground ptolemy/actor/lib/jjs/modules/computerVision/demo/ComputerVision/ComputerVision.xml $PTII/ptolemy/actor/lib/jjs/modules/computerVision/demo/ComputerVision/ComputerVision
    [junit] ----------------- Sat Aug 11 02:45:48 UTC 2018 About to sleep for 5.0 seconds before running or rerunning.  Test is: /home/travis/build/icyphy/ptII/ptolemy/actor/lib/jjs/modules/computerVision/demo/ComputerVision/ComputerVision.xml
    [junit] HttpClientHelper.java: Received an error for request 0: io.netty.channel.ConnectTimeoutException: connection timed out: /10.0.0.46:80
    [junit] io.netty.channel.ConnectTimeoutException: connection timed out: /10.0.0.46:80
    [junit] 	at io.netty.channel.nio.AbstractNioChannel$AbstractNioUnsafe$1.run(AbstractNioChannel.java:267)
    [junit] 	at io.netty.util.concurrent.PromiseTask$RunnableAdapter.call(PromiseTask.java:38)
    [junit] 	at io.netty.util.concurrent.ScheduledFutureTask.run(ScheduledFutureTask.java:125)
    [junit] 	at io.netty.util.concurrent.AbstractEventExecutor.safeExecute(AbstractEventExecutor.java:163)
    [junit] 	at io.netty.util.concurrent.SingleThreadEventExecutor.runAllTasks(SingleThreadEventExecutor.java:404)
    [junit] 	at io.netty.channel.nio.NioEventLoop.run(NioEventLoop.java:463)
    [junit] 	at io.netty.util.concurrent.SingleThreadEventExecutor$5.run(SingleThreadEventExecutor.java:886)
    [junit] 	at io.netty.util.concurrent.FastThreadLocalRunnable.run(FastThreadLocalRunnable.java:30)
    [junit] 	at java.lang.Thread.run(Thread.java:748)
    [junit] Done sleeping
    [junit] Running .ComputerVision
    [junit] Manager.initialize() finished: 13738 ms. Memory: 2115584K Free: 1114347K (53%)
    [junit] 16224 ms. Memory: 2115584K Free: 843227K (40%)
    [junit] Exported /home/travis/build/icyphy/ptII/ptolemy/actor/lib/jjs/modules/computerVision/demo/ComputerVision/ComputerVision/index.html
    [junit] 30471 ms. Memory: 2115584K Free: 789778K (37%)
    [junit] ####### 21 Sat Aug 11 02:46:24 UTC 2018 $PTII/bin/ptinvoke ptolemy.vergil.basic.export.ExportModel -force htm  -openComposites -timeOut 30000 -whiteBackground ptolemy/actor/lib/jjs/modules/contextAware/demo/ContextAware/ContextAware.xml $PTII/ptolemy/actor/lib/jjs/modules/contextAware/demo/ContextAware/ContextAware
    [junit] Warning: not running ptolemy/actor/lib/jjs/modules/contextAware/demo/ContextAware/ContextAware.xml. See ptolemy/vergil/basic/export/test/junit/ExportModelJUnitTest.java
    [junit] ----------------- Sat Aug 11 02:46:24 UTC 2018 About to sleep for 5.0 seconds before running or rerunning.  Test is: /home/travis/build/icyphy/ptII/ptolemy/actor/lib/jjs/modules/contextAware/demo/ContextAware/ContextAware.xml
    [junit] Done sleeping
    [junit] Exported /home/travis/build/icyphy/ptII/ptolemy/actor/lib/jjs/modules/contextAware/demo/ContextAware/ContextAware/index.html
    [junit] 4056 ms. Memory: 2115584K Free: 486650K (23%)
    [junit] ####### 22 Sat Aug 11 02:46:33 UTC 2018 $PTII/bin/ptinvoke ptolemy.vergil.basic.export.ExportModel -force htm -run -openComposites -timeOut 30000 -whiteBackground ptolemy/actor/lib/jjs/modules/crypto/demo/AsymmetricEncrypt/AsymmetricEncrypt.xml $PTII/ptolemy/actor/lib/jjs/modules/crypto/demo/AsymmetricEncrypt/AsymmetricEncrypt
    [junit] ----------------- Sat Aug 11 02:46:33 UTC 2018 About to sleep for 5.0 seconds before running or rerunning.  Test is: /home/travis/build/icyphy/ptII/ptolemy/actor/lib/jjs/modules/crypto/demo/AsymmetricEncrypt/AsymmetricEncrypt.xml
    [junit] Done sleeping
    [junit] Running .AsymmetricEncrypt
    [junit] Manager.initialize() finished: 10148 ms. Memory: 2155008K Free: 1613316K (75%)
    [junit] RandomBytes: [ 76 ] (Thread[AWT-EventQueue-0,6,main])
    [junit] EncryptWithHash: ### it is a string: hello world! (Thread[AWT-EventQueue-0,6,main])
    [junit] RandomBytes: [ -43, 81 ] (Thread[AWT-EventQueue-0,6,main])
    [junit] EncryptWithHash: ### it is a string: bye world! (Thread[AWT-EventQueue-0,6,main])
    [junit] RandomBytes: [ 85, 103, 69 ] (Thread[AWT-EventQueue-0,6,main])
    [junit] RandomBytes: [ 82, -52, 67, 35 ] (Thread[AWT-EventQueue-0,6,main])
    [junit] 13249 ms. Memory: 2155008K Free: 1504644K (70%)
    [junit] Exported /home/travis/build/icyphy/ptII/ptolemy/actor/lib/jjs/modules/crypto/demo/AsymmetricEncrypt/AsymmetricEncrypt/index.html
    [junit] 24276 ms. Memory: 2155008K Free: 1391155K (65%)
    [junit] ####### 23 Sat Aug 11 02:47:02 UTC 2018 $PTII/bin/ptinvoke ptolemy.vergil.basic.export.ExportModel -force htm -run -openComposites -timeOut 30000 -whiteBackground ptolemy/actor/lib/jjs/modules/crypto/demo/MessageDigest/MessageDigest.xml $PTII/ptolemy/actor/lib/jjs/modules/crypto/demo/MessageDigest/MessageDigest
    [junit] ----------------- Sat Aug 11 02:47:02 UTC 2018 About to sleep for 5.0 seconds before running or rerunning.  Test is: /home/travis/build/icyphy/ptII/ptolemy/actor/lib/jjs/modules/crypto/demo/MessageDigest/MessageDigest.xml
    [junit] Done sleeping
    [junit] Running .MessageDigest
    [junit] RandomBytes: [ 122 ] (Thread[AWT-EventQueue-0,6,main])
    [junit] EncryptWithHash: ### it is a string: hello world! (Thread[AWT-EventQueue-0,6,main])
    [junit] EncryptWithHash: [ 104,
    [junit]   101,
    [junit]   108,
    [junit]   108,
    [junit]   111,
    [junit]   32,
    [junit]   119,
    [junit]   111,
    [junit]   114,
    [junit]   108,
    [junit]   100,
    [junit]   33,
    [junit]   117,
    [junit]   9,
    [junit]   -27,
    [junit]   -67,
    [junit]   -96,
    [junit]   -57,
    [junit]   98,
    [junit]   -46,
    [junit]   -70,
    [junit]   -57,
    [junit]   -7,
    [junit]   13,
    [junit]   117,
    [junit]   -117,
    [junit]   91,
    [junit]   34,
    [junit]   99,
    [junit]   -6,
    [junit]   1,
    [junit]   -52,
    [junit]   -68,
    [junit]   84,
    [junit]   42,
    [junit]   -75,
    [junit]   -29,
    [junit]   -33,
    [junit]   22,
    [junit]   59,
    [junit]   -32,
    [junit]   -114,
    [junit]   108,
    [junit]   -87 ] (Thread[AWT-EventQueue-0,6,main])
    [junit] DecryptWithHash: [ 104, 101, 108, 108, 111, 32, 119, 111, 114, 108, 100, 33 ] (Thread[AWT-EventQueue-0,6,main])
    [junit] DecryptWithHash: [ 117,
    [junit]   9,
    [junit]   -27,
    [junit]   -67,
    [junit]   -96,
    [junit]   -57,
    [junit]   98,
    [junit]   -46,
    [junit]   -70,
    [junit]   -57,
    [junit]   -7,
    [junit]   13,
    [junit]   117,
    [junit]   -117,
    [junit]   91,
    [junit]   34,
    [junit]   99,
    [junit]   -6,
    [junit]   1,
    [junit]   -52,
    [junit]   -68,
    [junit]   84,
    [junit]   42,
    [junit]   -75,
    [junit]   -29,
    [junit]   -33,
    [junit]   22,
    [junit]   59,
    [junit]   -32,
    [junit]   -114,
    [junit]   108,
    [junit]   -87 ] (Thread[AWT-EventQueue-0,6,main])
    [junit] DecryptWithHash: [ 117,
    [junit]   9,
    [junit]   -27,
    [junit]   -67,
    [junit]   -96,
    [junit]   -57,
    [junit]   98,
    [junit]   -46,
    [junit]   -70,
    [junit]   -57,
    [junit]   -7,
    [junit]   13,
    [junit]   117,
    [junit]   -117,
    [junit]   91,
    [junit]   34,
    [junit]   99,
    [junit]   -6,
    [junit]   1,
    [junit]   -52,
    [junit]   -68,
    [junit]   84,
    [junit]   42,
    [junit]   -75,
    [junit]   -29,
    [junit]   -33,
    [junit]   22,
    [junit]   59,
    [junit]   -32,
    [junit]   -114,
    [junit]   108,
    [junit]   -87 ] (Thread[AWT-EventQueue-0,6,main])
    [junit] RandomBytes: [ 57, -48 ] (Thread[AWT-EventQueue-0,6,main])
    [junit] EncryptWithHash: ### it is a string: bye world! (Thread[AWT-EventQueue-0,6,main])
    [junit] EncryptWithHash: [ 98,
    [junit]   121,
    [junit]   101,
    [junit]   32,
    [junit]   119,
    [junit]   111,
    [junit]   114,
    [junit]   108,
    [junit]   100,
    [junit]   33,
    [junit]   87,
    [junit]   -40,
    [junit]   61,
    [junit]   -97,
    [junit]   47,
    [junit]   -93,
    [junit]   111,
    [junit]   -126,
    [junit]   41,
    [junit]   -41,
    [junit]   5,
    [junit]   71,
    [junit]   -116,
    [junit]   -126,
    [junit]   88,
    [junit]   -110,
    [junit]   -25,
    [junit]   18,
    [junit]   9,
    [junit]   123,
    [junit]   68,
    [junit]   24,
    [junit]   11,
    [junit]   -64,
    [junit]   -67,
    [junit]   36,
    [junit]   -65,
    [junit]   21,
    [junit]   -14,
    [junit]   -69,
    [junit]   -122,
    [junit]   53 ] (Thread[AWT-EventQueue-0,6,main])
    [junit] DecryptWithHash: [ 98, 121, 101, 32, 119, 111, 114, 108, 100, 33 ] (Thread[AWT-EventQueue-0,6,main])
    [junit] DecryptWithHash: [ 87,
    [junit]   -40,
    [junit]   61,
    [junit]   -97,
    [junit]   47,
    [junit]   -93,
    [junit]   111,
    [junit]   -126,
    [junit]   41,
    [junit]   -41,
    [junit]   5,
    [junit]   71,
    [junit]   -116,
    [junit]   -126,
    [junit]   88,
    [junit]   -110,
    [junit]   -25,
    [junit]   18,
    [junit]   9,
    [junit]   123,
    [junit]   68,
    [junit]   24,
    [junit]   11,
    [junit]   -64,
    [junit]   -67,
    [junit]   36,
    [junit]   -65,
    [junit]   21,
    [junit]   -14,
    [junit]   -69,
    [junit]   -122,
    [junit]   53 ] (Thread[AWT-EventQueue-0,6,main])
    [junit] DecryptWithHash: [ 87,
    [junit]   -40,
    [junit]   61,
    [junit]   -97,
    [junit]   47,
    [junit]   -93,
    [junit]   111,
    [junit]   -126,
    [junit]   41,
    [junit]   -41,
    [junit]   5,
    [junit]   71,
    [junit]   -116,
    [junit]   -126,
    [junit]   88,
    [junit]   -110,
    [junit]   -25,
    [junit]   18,
    [junit]   9,
    [junit]   123,
    [junit]   68,
    [junit]   24,
    [junit]   11,
    [junit]   -64,
    [junit]   -67,
    [junit]   36,
    [junit]   -65,
    [junit]   21,
    [junit]   -14,
    [junit]   -69,
    [junit]   -122,
    [junit]   53 ] (Thread[AWT-EventQueue-0,6,main])
    [junit] RandomBytes: [ -76, 37, 109 ] (Thread[AWT-EventQueue-0,6,main])
    [junit] RandomBytes: [ -64, 69, 35, 40 ] (Thread[AWT-EventQueue-0,6,main])
    [junit] 9201 ms. Memory: 2189312K Free: 1165117K (53%)
    [junit] Exported /home/travis/build/icyphy/ptII/ptolemy/actor/lib/jjs/modules/crypto/demo/MessageDigest/MessageDigest/index.html
    [junit] 16620 ms. Memory: 2189312K Free: 1106088K (51%)
    [junit] ####### 24 Sat Aug 11 02:47:24 UTC 2018 $PTII/bin/ptinvoke ptolemy.vergil.basic.export.ExportModel -force htm -run -openComposites -timeOut 30000 -whiteBackground ptolemy/actor/lib/jjs/modules/crypto/demo/RandomBytes/RandomBytes.xml $PTII/ptolemy/actor/lib/jjs/modules/crypto/demo/RandomBytes/RandomBytes
    [junit] ----------------- Sat Aug 11 02:47:24 UTC 2018 About to sleep for 5.0 seconds before running or rerunning.  Test is: /home/travis/build/icyphy/ptII/ptolemy/actor/lib/jjs/modules/crypto/demo/RandomBytes/RandomBytes.xml
    [junit] Done sleeping
    [junit] Running .RandomBytes
    [junit] RandomBytes: [ -16 ] (Thread[AWT-EventQueue-0,6,main])
    [junit] RandomBytes: [ -92, 117 ] (Thread[AWT-EventQueue-0,6,main])
    [junit] RandomBytes: [ 35, -46, -27 ] (Thread[AWT-EventQueue-0,6,main])
    [junit] RandomBytes: [ 65, -11, 120, 101 ] (Thread[AWT-EventQueue-0,6,main])
    [junit] 4083 ms. Memory: 2189312K Free: 659304K (30%)
    [junit] Exported /home/travis/build/icyphy/ptII/ptolemy/actor/lib/jjs/modules/crypto/demo/RandomBytes/RandomBytes/index.html
    [junit] 8856 ms. Memory: 2189312K Free: 627860K (29%)
    [junit] ####### 25 Sat Aug 11 02:47:38 UTC 2018 $PTII/bin/ptinvoke ptolemy.vergil.basic.export.ExportModel -force htm -run -openComposites -timeOut 30000 -whiteBackground ptolemy/actor/lib/jjs/modules/crypto/demo/SymmetricEncrypt/SymmetricEncrypt.xml $PTII/ptolemy/actor/lib/jjs/modules/crypto/demo/SymmetricEncrypt/SymmetricEncrypt
    [junit] ----------------- Sat Aug 11 02:47:38 UTC 2018 About to sleep for 5.0 seconds before running or rerunning.  Test is: /home/travis/build/icyphy/ptII/ptolemy/actor/lib/jjs/modules/crypto/demo/SymmetricEncrypt/SymmetricEncrypt.xml
    [junit] Done sleeping
    [junit] Running .SymmetricEncrypt
    [junit] RandomBytes: [ 86 ] (Thread[AWT-EventQueue-0,6,main])
    [junit] RandomBytes: [ 19, -13 ] (Thread[AWT-EventQueue-0,6,main])
    [junit] RandomBytes: [ 125, 83, 106 ] (Thread[AWT-EventQueue-0,6,main])
    [junit] RandomBytes: [ 80, -56, -92, -57 ] (Thread[AWT-EventQueue-0,6,main])
    [junit] 6261 ms. Memory: 2190336K Free: 822280K (38%)
    [junit] Exported /home/travis/build/icyphy/ptII/ptolemy/actor/lib/jjs/modules/crypto/demo/SymmetricEncrypt/SymmetricEncrypt/index.html
    [junit] 12420 ms. Memory: 2190336K Free: 760542K (35%)
    [junit] ####### 26 Sat Aug 11 02:47:55 UTC 2018 $PTII/bin/ptinvoke ptolemy.vergil.basic.export.ExportModel -force htm  -openComposites -timeOut 30000 -whiteBackground ptolemy/actor/lib/jjs/modules/discovery/demo/Discovery/Discovery.xml $PTII/ptolemy/actor/lib/jjs/modules/discovery/demo/Discovery/Discovery
    [junit] Warning: not running ptolemy/actor/lib/jjs/modules/discovery/demo/Discovery/Discovery.xml. See ptolemy/vergil/basic/export/test/junit/ExportModelJUnitTest.java
    [junit] ----------------- Sat Aug 11 02:47:55 UTC 2018 About to sleep for 5.0 seconds before running or rerunning.  Test is: /home/travis/build/icyphy/ptII/ptolemy/actor/lib/jjs/modules/discovery/demo/Discovery/Discovery.xml
    [junit] Done sleeping
    [junit] Exported /home/travis/build/icyphy/ptII/ptolemy/actor/lib/jjs/modules/discovery/demo/Discovery/Discovery/index.html
    [junit] 3211 ms. Memory: 2190336K Free: 614407K (28%)
    [junit] ####### 27 Sat Aug 11 02:48:03 UTC 2018 $PTII/bin/ptinvoke ptolemy.vergil.basic.export.ExportModel -force htm -run -openComposites -timeOut 30000 -whiteBackground ptolemy/actor/lib/jjs/modules/discovery/demo/Discovery/DiscoveryJS.xml $PTII/ptolemy/actor/lib/jjs/modules/discovery/demo/Discovery/DiscoveryJS
    [junit] ----------------- Sat Aug 11 02:48:03 UTC 2018 About to sleep for 5.0 seconds before running or rerunning.  Test is: /home/travis/build/icyphy/ptII/ptolemy/actor/lib/jjs/modules/discovery/demo/Discovery/DiscoveryJS.xml
    [junit] Done sleeping
    [junit] Running .DiscoveryJS
    [junit] 7167 ms. Memory: 2190848K Free: 1587688K (72%)
    [junit] Exported /home/travis/build/icyphy/ptII/ptolemy/actor/lib/jjs/modules/discovery/demo/Discovery/DiscoveryJS/index.html
    [junit] 12743 ms. Memory: 2190848K Free: 1565101K (71%)
    [junit] ####### 28 Sat Aug 11 02:48:21 UTC 2018 $PTII/bin/ptinvoke ptolemy.vergil.basic.export.ExportModel -force htm -run -openComposites -timeOut 30000 -whiteBackground ptolemy/actor/lib/jjs/modules/discovery/demo/Discovery/PopulateSwarmboxMap.xml $PTII/ptolemy/actor/lib/jjs/modules/discovery/demo/Discovery/PopulateSwarmboxMap
    [junit] ----------------- Sat Aug 11 02:48:21 UTC 2018 About to sleep for 5.0 seconds before running or rerunning.  Test is: /home/travis/build/icyphy/ptII/ptolemy/actor/lib/jjs/modules/discovery/demo/Discovery/PopulateSwarmboxMap.xml
    [junit] Done sleeping
    [junit] Running .PopulateSwarmboxMap
    [junit] Manager.initialize() finished: 11510 ms. Memory: 2227200K Free: 1179751K (53%)
    [junit] REST: Making an HTTP request. (Thread[AWT-EventQueue-0,6,main])
    [junit] HttpClientHelper.java: Received an error for request 0: io.netty.resolver.dns.DnsNameResolverContext$SearchDomainUnknownHostException: Search domain query failed. Original hostname: 'terra.eecs.berkeley.edu' failed to resolve 'terra.eecs.berkeley.edu.google.internal' after 2 queries 
    [junit] io.netty.resolver.dns.DnsNameResolverContext$SearchDomainUnknownHostException: Search domain query failed. Original hostname: 'terra.eecs.berkeley.edu' failed to resolve 'terra.eecs.berkeley.edu.google.internal' after 2 queries 
    [junit] 	at io.netty.resolver.dns.DnsNameResolverContext.finishResolve(DnsNameResolverContext.java:721)
    [junit] 	at io.netty.resolver.dns.DnsNameResolverContext.tryToFinishResolve(DnsNameResolverContext.java:663)
    [junit] 	at io.netty.resolver.dns.DnsNameResolverContext.query(DnsNameResolverContext.java:306)
    [junit] 	at io.netty.resolver.dns.DnsNameResolverContext.query(DnsNameResolverContext.java:295)
    [junit] 	at io.netty.resolver.dns.DnsNameResolverContext.tryToFinishResolve(DnsNameResolverContext.java:636)
    [junit] 	at io.netty.resolver.dns.DnsNameResolverContext$3.operationComplete(DnsNameResolverContext.java:342)
    [junit] 	at io.netty.util.concurrent.DefaultPromise.notifyListener0(DefaultPromise.java:507)
    [junit] 	at io.netty.util.concurrent.DefaultPromise.notifyListenersNow(DefaultPromise.java:481)
    [junit] 	at io.netty.util.concurrent.DefaultPromise.notifyListeners(DefaultPromise.java:420)
    [junit] 	at io.netty.util.concurrent.DefaultPromise.trySuccess(DefaultPromise.java:104)
    [junit] 	at io.netty.resolver.dns.DnsQueryContext.setSuccess(DnsQueryContext.java:197)
    [junit] 	at io.netty.resolver.dns.DnsQueryContext.finish(DnsQueryContext.java:180)
    [junit] 	at io.netty.resolver.dns.DnsNameResolver$DnsResponseHandler.channelRead(DnsNameResolver.java:965)
    [junit] 	at io.netty.channel.AbstractChannelHandlerContext.invokeChannelRead(AbstractChannelHandlerContext.java:362)
    [junit] 	at io.netty.channel.AbstractChannelHandlerContext.invokeChannelRead(AbstractChannelHandlerContext.java:348)
    [junit] 	at io.netty.channel.AbstractChannelHandlerContext.fireChannelRead(AbstractChannelHandlerContext.java:340)
    [junit] 	at io.netty.handler.codec.MessageToMessageDecoder.channelRead(MessageToMessageDecoder.java:102)
    [junit] 	at io.netty.channel.AbstractChannelHandlerContext.invokeChannelRead(AbstractChannelHandlerContext.java:362)
    [junit] 	at io.netty.channel.AbstractChannelHandlerContext.invokeChannelRead(AbstractChannelHandlerContext.java:348)
    [junit] 	at io.netty.channel.AbstractChannelHandlerContext.fireChannelRead(AbstractChannelHandlerContext.java:340)
    [junit] 	at io.netty.channel.DefaultChannelPipeline$HeadContext.channelRead(DefaultChannelPipeline.java:1359)
    [junit] 	at io.netty.channel.AbstractChannelHandlerContext.invokeChannelRead(AbstractChannelHandlerContext.java:362)
    [junit] 	at io.netty.channel.AbstractChannelHandlerContext.invokeChannelRead(AbstractChannelHandlerContext.java:348)
    [junit] 	at io.netty.channel.DefaultChannelPipeline.fireChannelRead(DefaultChannelPipeline.java:935)
    [junit] 	at io.netty.channel.nio.AbstractNioMessageChannel$NioMessageUnsafe.read(AbstractNioMessageChannel.java:93)
    [junit] 	at io.netty.channel.nio.NioEventLoop.processSelectedKey(NioEventLoop.java:645)
    [junit] 	at io.netty.channel.nio.NioEventLoop.processSelectedKeysOptimized(NioEventLoop.java:580)
    [junit] 	at io.netty.channel.nio.NioEventLoop.processSelectedKeys(NioEventLoop.java:497)
    [junit] 	at io.netty.channel.nio.NioEventLoop.run(NioEventLoop.java:459)
    [junit] 	at io.netty.util.concurrent.SingleThreadEventExecutor$5.run(SingleThreadEventExecutor.java:886)
    [junit] 	at io.netty.util.concurrent.FastThreadLocalRunnable.run(FastThreadLocalRunnable.java:30)
    [junit] 	at java.lang.Thread.run(Thread.java:748)
    [junit] REST: Error: Search domain query failed. Original hostname: 'terra.eecs.berkeley.edu' failed to resolve 'terra.eecs.berkeley.edu.google.internal' after 2 queries 
    [junit] REST: The timeout period of 5000ms has been exceeded.
    [junit] 21583 ms. Memory: 2227200K Free: 1144452K (51%)
    [junit] Exported /home/travis/build/icyphy/ptII/ptolemy/actor/lib/jjs/modules/discovery/demo/Discovery/PopulateSwarmboxMap/index.html
    [junit] 32385 ms. Memory: 2227200K Free: 1015763K (46%)
    [junit] ####### 29 Sat Aug 11 02:48:58 UTC 2018 $PTII/bin/ptinvoke ptolemy.vergil.basic.export.ExportModel -force htm -run -openComposites -timeOut 30000 -whiteBackground ptolemy/actor/lib/jjs/modules/discovery/demo/Discovery/PostSwarmboxDevices.xml $PTII/ptolemy/actor/lib/jjs/modules/discovery/demo/Discovery/PostSwarmboxDevices
    [junit] ----------------- Sat Aug 11 02:48:58 UTC 2018 About to sleep for 5.0 seconds before running or rerunning.  Test is: /home/travis/build/icyphy/ptII/ptolemy/actor/lib/jjs/modules/discovery/demo/Discovery/PostSwarmboxDevices.xml
    [junit] Done sleeping
    [junit] Running .PostSwarmboxDevices
    [junit] REST: Making an HTTP request. (Thread[AWT-EventQueue-0,6,main])
    [junit] REST: The timeout period of 5000ms has been exceeded.
    [junit] HttpClientHelper.java: Received an error for request 0: io.netty.resolver.dns.DnsNameResolverContext$SearchDomainUnknownHostException: Search domain query failed. Original hostname: 'terra.eecs.berkeley.edu' failed to resolve 'terra.eecs.berkeley.edu.google.internal' after 2 queries 
    [junit] io.netty.resolver.dns.DnsNameResolverContext$SearchDomainUnknownHostException: Search domain query failed. Original hostname: 'terra.eecs.berkeley.edu' failed to resolve 'terra.eecs.berkeley.edu.google.internal' after 2 queries 
    [junit] 	at io.netty.resolver.dns.DnsNameResolverContext.finishResolve(DnsNameResolverContext.java:721)
    [junit] 	at io.netty.resolver.dns.DnsNameResolverContext.tryToFinishResolve(DnsNameResolverContext.java:663)
    [junit] 	at io.netty.resolver.dns.DnsNameResolverContext.query(DnsNameResolverContext.java:306)
    [junit] 	at io.netty.resolver.dns.DnsNameResolverContext.query(DnsNameResolverContext.java:295)
    [junit] 	at io.netty.resolver.dns.DnsNameResolverContext.tryToFinishResolve(DnsNameResolverContext.java:636)
    [junit] 	at io.netty.resolver.dns.DnsNameResolverContext$3.operationComplete(DnsNameResolverContext.java:342)
    [junit] 	at io.netty.util.concurrent.DefaultPromise.notifyListener0(DefaultPromise.java:507)
    [junit] 	at io.netty.util.concurrent.DefaultPromise.notifyListenersNow(DefaultPromise.java:481)
    [junit] 	at io.netty.util.concurrent.DefaultPromise.notifyListeners(DefaultPromise.java:420)
    [junit] 	at io.netty.util.concurrent.DefaultPromise.trySuccess(DefaultPromise.java:104)
    [junit] 	at io.netty.resolver.dns.DnsQueryContext.setSuccess(DnsQueryContext.java:197)
    [junit] 	at io.netty.resolver.dns.DnsQueryContext.finish(DnsQueryContext.java:180)
    [junit] 	at io.netty.resolver.dns.DnsNameResolver$DnsResponseHandler.channelRead(DnsNameResolver.java:965)
    [junit] 	at io.netty.channel.AbstractChannelHandlerContext.invokeChannelRead(AbstractChannelHandlerContext.java:362)
    [junit] 	at io.netty.channel.AbstractChannelHandlerContext.invokeChannelRead(AbstractChannelHandlerContext.java:348)
    [junit] 	at io.netty.channel.AbstractChannelHandlerContext.fireChannelRead(AbstractChannelHandlerContext.java:340)
    [junit] 	at io.netty.handler.codec.MessageToMessageDecoder.channelRead(MessageToMessageDecoder.java:102)
    [junit] 	at io.netty.channel.AbstractChannelHandlerContext.invokeChannelRead(AbstractChannelHandlerContext.java:362)
    [junit] 	at io.netty.channel.AbstractChannelHandlerContext.invokeChannelRead(AbstractChannelHandlerContext.java:348)
    [junit] 	at io.netty.channel.AbstractChannelHandlerContext.fireChannelRead(AbstractChannelHandlerContext.java:340)
    [junit] 	at io.netty.channel.DefaultChannelPipeline$HeadContext.channelRead(DefaultChannelPipeline.java:1359)
    [junit] 	at io.netty.channel.AbstractChannelHandlerContext.invokeChannelRead(AbstractChannelHandlerContext.java:362)
    [junit] 	at io.netty.channel.AbstractChannelHandlerContext.invokeChannelRead(AbstractChannelHandlerContext.java:348)
    [junit] 	at io.netty.channel.DefaultChannelPipeline.fireChannelRead(DefaultChannelPipeline.java:935)
    [junit] 	at io.netty.channel.nio.AbstractNioMessageChannel$NioMessageUnsafe.read(AbstractNioMessageChannel.java:93)
    [junit] 	at io.netty.channel.nio.NioEventLoop.processSelectedKey(NioEventLoop.java:645)
    [junit] 	at io.netty.channel.nio.NioEventLoop.processSelectedKeysOptimized(NioEventLoop.java:580)
    [junit] 	at io.netty.channel.nio.NioEventLoop.processSelectedKeys(NioEventLoop.java:497)
    [junit] 	at io.netty.channel.nio.NioEventLoop.run(NioEventLoop.java:459)
    [junit] 	at io.netty.util.concurrent.SingleThreadEventExecutor$5.run(SingleThreadEventExecutor.java:886)
    [junit] 	at io.netty.util.concurrent.FastThreadLocalRunnable.run(FastThreadLocalRunnable.java:30)
    [junit] 	at java.lang.Thread.run(Thread.java:748)
    [junit] REST: Error: Search domain query failed. Original hostname: 'terra.eecs.berkeley.edu' failed to resolve 'terra.eecs.berkeley.edu.google.internal' after 2 queries 
    [junit] ExportHTMLTimer went off after 30000 ms., calling getDirector().finish and getDirector().stopFire()
    [junit] 30027 ms. Memory: 2231808K Free: 712728K (32%)
    [junit] Exported /home/travis/build/icyphy/ptII/ptolemy/actor/lib/jjs/modules/discovery/demo/Discovery/PostSwarmboxDevices/index.html
    [junit] 35870 ms. Memory: 2231808K Free: 685313K (31%)
    [junit] ####### 30 Sat Aug 11 02:49:39 UTC 2018 $PTII/bin/ptinvoke ptolemy.vergil.basic.export.ExportModel -force htm -run -openComposites -timeOut 30000 -whiteBackground ptolemy/actor/lib/jjs/modules/discovery/demo/Heartbeat/Heartbeat.xml $PTII/ptolemy/actor/lib/jjs/modules/discovery/demo/Heartbeat/Heartbeat
    [junit] ----------------- Sat Aug 11 02:49:39 UTC 2018 About to sleep for 5.0 seconds before running or rerunning.  Test is: /home/travis/build/icyphy/ptII/ptolemy/actor/lib/jjs/modules/discovery/demo/Heartbeat/Heartbeat.xml
    [junit] Done sleeping
    [junit] Running .Heartbeat
    [junit] Heartbeat: HeartBeat: pingMothership (Thread[AWT-EventQueue-0,6,main])
    [junit] Heartbeat: Making an HTTP request. (Thread[AWT-EventQueue-0,6,main])
    [junit] HttpClientHelper.java: Received an error for request 0: io.netty.resolver.dns.DnsNameResolverContext$SearchDomainUnknownHostException: Search domain query failed. Original hostname: 'terra.eecs.berkeley.edu' failed to resolve 'terra.eecs.berkeley.edu.google.internal' after 2 queries 
    [junit] io.netty.resolver.dns.DnsNameResolverContext$SearchDomainUnknownHostException: Search domain query failed. Original hostname: 'terra.eecs.berkeley.edu' failed to resolve 'terra.eecs.berkeley.edu.google.internal' after 2 queries 
    [junit] 	at io.netty.resolver.dns.DnsNameResolverContext.finishResolve(DnsNameResolverContext.java:721)
    [junit] 	at io.netty.resolver.dns.DnsNameResolverContext.tryToFinishResolve(DnsNameResolverContext.java:663)
    [junit] 	at io.netty.resolver.dns.DnsNameResolverContext.query(DnsNameResolverContext.java:306)
    [junit] 	at io.netty.resolver.dns.DnsNameResolverContext.query(DnsNameResolverContext.java:295)
    [junit] 	at io.netty.resolver.dns.DnsNameResolverContext.tryToFinishResolve(DnsNameResolverContext.java:636)
    [junit] 	at io.netty.resolver.dns.DnsNameResolverContext$3.operationComplete(DnsNameResolverContext.java:342)
    [junit] 	at io.netty.util.concurrent.DefaultPromise.notifyListener0(DefaultPromise.java:507)
    [junit] 	at io.netty.util.concurrent.DefaultPromise.notifyListenersNow(DefaultPromise.java:481)
    [junit] 	at io.netty.util.concurrent.DefaultPromise.notifyListeners(DefaultPromise.java:420)
    [junit] 	at io.netty.util.concurrent.DefaultPromise.trySuccess(DefaultPromise.java:104)
    [junit] 	at io.netty.resolver.dns.DnsQueryContext.setSuccess(DnsQueryContext.java:197)
    [junit] 	at io.netty.resolver.dns.DnsQueryContext.finish(DnsQueryContext.java:180)
    [junit] 	at io.netty.resolver.dns.DnsNameResolver$DnsResponseHandler.channelRead(DnsNameResolver.java:965)
    [junit] 	at io.netty.channel.AbstractChannelHandlerContext.invokeChannelRead(AbstractChannelHandlerContext.java:362)
    [junit] 	at io.netty.channel.AbstractChannelHandlerContext.invokeChannelRead(AbstractChannelHandlerContext.java:348)
    [junit] 	at io.netty.channel.AbstractChannelHandlerContext.fireChannelRead(AbstractChannelHandlerContext.java:340)
    [junit] 	at io.netty.handler.codec.MessageToMessageDecoder.channelRead(MessageToMessageDecoder.java:102)
    [junit] 	at io.netty.channel.AbstractChannelHandlerContext.invokeChannelRead(AbstractChannelHandlerContext.java:362)
    [junit] 	at io.netty.channel.AbstractChannelHandlerContext.invokeChannelRead(AbstractChannelHandlerContext.java:348)
    [junit] 	at io.netty.channel.AbstractChannelHandlerContext.fireChannelRead(AbstractChannelHandlerContext.java:340)
    [junit] 	at io.netty.channel.DefaultChannelPipeline$HeadContext.channelRead(DefaultChannelPipeline.java:1359)
    [junit] 	at io.netty.channel.AbstractChannelHandlerContext.invokeChannelRead(AbstractChannelHandlerContext.java:362)
    [junit] 	at io.netty.channel.AbstractChannelHandlerContext.invokeChannelRead(AbstractChannelHandlerContext.java:348)
    [junit] 	at io.netty.channel.DefaultChannelPipeline.fireChannelRead(DefaultChannelPipeline.java:935)
    [junit] 	at io.netty.channel.nio.AbstractNioMessageChannel$NioMessageUnsafe.read(AbstractNioMessageChannel.java:93)
    [junit] 	at io.netty.channel.nio.NioEventLoop.processSelectedKey(NioEventLoop.java:645)
    [junit] 	at io.netty.channel.nio.NioEventLoop.processSelectedKeysOptimized(NioEventLoop.java:580)
    [junit] 	at io.netty.channel.nio.NioEventLoop.processSelectedKeys(NioEventLoop.java:497)
    [junit] 	at io.netty.channel.nio.NioEventLoop.run(NioEventLoop.java:459)
    [junit] 	at io.netty.util.concurrent.SingleThreadEventExecutor$5.run(SingleThreadEventExecutor.java:886)
    [junit] 	at io.netty.util.concurrent.FastThreadLocalRunnable.run(FastThreadLocalRunnable.java:30)
    [junit] 	at java.lang.Thread.run(Thread.java:748)
    [junit] Heartbeat: Request problem: Unable to check in with server: Error: Search domain query failed. Original hostname: 'terra.eecs.berkeley.edu' failed to resolve 'terra.eecs.berkeley.edu.google.internal' after 2 queries  (Thread[AWT-EventQueue-0,6,main])
    [junit] Heartbeat: HeartBeat: pingMothership (Thread[AWT-EventQueue-0,6,main])
    [junit] Heartbeat: Making an HTTP request. (Thread[AWT-EventQueue-0,6,main])
    [junit] HttpClientHelper.java: Received an error for request 1: io.netty.resolver.dns.DnsNameResolverContext$SearchDomainUnknownHostException: Search domain query failed. Original hostname: 'terra.eecs.berkeley.edu' failed to resolve 'terra.eecs.berkeley.edu.google.internal' after 2 queries 
    [junit] io.netty.resolver.dns.DnsNameResolverContext$SearchDomainUnknownHostException: Search domain query failed. Original hostname: 'terra.eecs.berkeley.edu' failed to resolve 'terra.eecs.berkeley.edu.google.internal' after 2 queries 
    [junit] 	at io.netty.resolver.dns.DnsNameResolverContext.finishResolve(DnsNameResolverContext.java:721)
    [junit] 	at io.netty.resolver.dns.DnsNameResolverContext.tryToFinishResolve(DnsNameResolverContext.java:663)
    [junit] 	at io.netty.resolver.dns.DnsNameResolverContext.query(DnsNameResolverContext.java:306)
    [junit] 	at io.netty.resolver.dns.DnsNameResolverContext.query(DnsNameResolverContext.java:295)
    [junit] 	at io.netty.resolver.dns.DnsNameResolverContext.tryToFinishResolve(DnsNameResolverContext.java:636)
    [junit] 	at io.netty.resolver.dns.DnsNameResolverContext$3.operationComplete(DnsNameResolverContext.java:342)
    [junit] 	at io.netty.util.concurrent.DefaultPromise.notifyListener0(DefaultPromise.java:507)
    [junit] 	at io.netty.util.concurrent.DefaultPromise.notifyListenersNow(DefaultPromise.java:481)
    [junit] 	at io.netty.util.concurrent.DefaultPromise.notifyListeners(DefaultPromise.java:420)
    [junit] 	at io.netty.util.concurrent.DefaultPromise.trySuccess(DefaultPromise.java:104)
    [junit] 	at io.netty.resolver.dns.DnsQueryContext.setSuccess(DnsQueryContext.java:197)
    [junit] 	at io.netty.resolver.dns.DnsQueryContext.finish(DnsQueryContext.java:180)
    [junit] 	at io.netty.resolver.dns.DnsNameResolver$DnsResponseHandler.channelRead(DnsNameResolver.java:965)
    [junit] 	at io.netty.channel.AbstractChannelHandlerContext.invokeChannelRead(AbstractChannelHandlerContext.java:362)
    [junit] 	at io.netty.channel.AbstractChannelHandlerContext.invokeChannelRead(AbstractChannelHandlerContext.java:348)
    [junit] 	at io.netty.channel.AbstractChannelHandlerContext.fireChannelRead(AbstractChannelHandlerContext.java:340)
    [junit] 	at io.netty.handler.codec.MessageToMessageDecoder.channelRead(MessageToMessageDecoder.java:102)
    [junit] 	at io.netty.channel.AbstractChannelHandlerContext.invokeChannelRead(AbstractChannelHandlerContext.java:362)
    [junit] 	at io.netty.channel.AbstractChannelHandlerContext.invokeChannelRead(AbstractChannelHandlerContext.java:348)
    [junit] 	at io.netty.channel.AbstractChannelHandlerContext.fireChannelRead(AbstractChannelHandlerContext.java:340)
    [junit] 	at io.netty.channel.DefaultChannelPipeline$HeadContext.channelRead(DefaultChannelPipeline.java:1359)
    [junit] 	at io.netty.channel.AbstractChannelHandlerContext.invokeChannelRead(AbstractChannelHandlerContext.java:362)
    [junit] 	at io.netty.channel.AbstractChannelHandlerContext.invokeChannelRead(AbstractChannelHandlerContext.java:348)
    [junit] 	at io.netty.channel.DefaultChannelPipeline.fireChannelRead(DefaultChannelPipeline.java:935)
    [junit] 	at io.netty.channel.nio.AbstractNioMessageChannel$NioMessageUnsafe.read(AbstractNioMessageChannel.java:93)
    [junit] 	at io.netty.channel.nio.NioEventLoop.processSelectedKey(NioEventLoop.java:645)
    [junit] 	at io.netty.channel.nio.NioEventLoop.processSelectedKeysOptimized(NioEventLoop.java:580)
    [junit] 	at io.netty.channel.nio.NioEventLoop.processSelectedKeys(NioEventLoop.java:497)
    [junit] 	at io.netty.channel.nio.NioEventLoop.run(NioEventLoop.java:459)
    [junit] 	at io.netty.util.concurrent.SingleThreadEventExecutor$5.run(SingleThreadEventExecutor.java:886)
    [junit] 	at io.netty.util.concurrent.FastThreadLocalRunnable.run(FastThreadLocalRunnable.java:30)
    [junit] 	at java.lang.Thread.run(Thread.java:748)
    [junit] Heartbeat: Request problem: Unable to check in with server: Error: Search domain query failed. Original hostname: 'terra.eecs.berkeley.edu' failed to resolve 'terra.eecs.berkeley.edu.google.internal' after 2 queries  (Thread[AWT-EventQueue-0,6,main])
    [junit] Heartbeat: HeartBeat: pingMothership (Thread[AWT-EventQueue-0,6,main])
    [junit] Heartbeat: Making an HTTP request. (Thread[AWT-EventQueue-0,6,main])
    [junit] Heartbeat: Request problem: Unable to check in with server: Error: Search domain query failed. Original hostname: 'terra.eecs.berkeley.edu' failed to resolve 'terra.eecs.berkeley.edu.google.internal' after 2 queries  (Thread[AWT-EventQueue-0,6,main])
    [junit] HttpClientHelper.java: Received an error for request 2: io.netty.resolver.dns.DnsNameResolverContext$SearchDomainUnknownHostException: Search domain query failed. Original hostname: 'terra.eecs.berkeley.edu' failed to resolve 'terra.eecs.berkeley.edu.google.internal' after 2 queries 
    [junit] io.netty.resolver.dns.DnsNameResolverContext$SearchDomainUnknownHostException: Search domain query failed. Original hostname: 'terra.eecs.berkeley.edu' failed to resolve 'terra.eecs.berkeley.edu.google.internal' after 2 queries 
    [junit] 	at io.netty.resolver.dns.DnsNameResolverContext.finishResolve(DnsNameResolverContext.java:721)
    [junit] 	at io.netty.resolver.dns.DnsNameResolverContext.tryToFinishResolve(DnsNameResolverContext.java:663)
    [junit] 	at io.netty.resolver.dns.DnsNameResolverContext.query(DnsNameResolverContext.java:306)
    [junit] 	at io.netty.resolver.dns.DnsNameResolverContext.query(DnsNameResolverContext.java:295)
    [junit] 	at io.netty.resolver.dns.DnsNameResolverContext.tryToFinishResolve(DnsNameResolverContext.java:636)
    [junit] 	at io.netty.resolver.dns.DnsNameResolverContext$3.operationComplete(DnsNameResolverContext.java:342)
    [junit] 	at io.netty.util.concurrent.DefaultPromise.notifyListener0(DefaultPromise.java:507)
    [junit] 	at io.netty.util.concurrent.DefaultPromise.notifyListenersNow(DefaultPromise.java:481)
    [junit] 	at io.netty.util.concurrent.DefaultPromise.notifyListeners(DefaultPromise.java:420)
    [junit] 	at io.netty.util.concurrent.DefaultPromise.trySuccess(DefaultPromise.java:104)
    [junit] 	at io.netty.resolver.dns.DnsQueryContext.setSuccess(DnsQueryContext.java:197)
    [junit] 	at io.netty.resolver.dns.DnsQueryContext.finish(DnsQueryContext.java:180)
    [junit] 	at io.netty.resolver.dns.DnsNameResolver$DnsResponseHandler.channelRead(DnsNameResolver.java:965)
    [junit] 	at io.netty.channel.AbstractChannelHandlerContext.invokeChannelRead(AbstractChannelHandlerContext.java:362)
    [junit] 	at io.netty.channel.AbstractChannelHandlerContext.invokeChannelRead(AbstractChannelHandlerContext.java:348)
    [junit] 	at io.netty.channel.AbstractChannelHandlerContext.fireChannelRead(AbstractChannelHandlerContext.java:340)
    [junit] 	at io.netty.handler.codec.MessageToMessageDecoder.channelRead(MessageToMessageDecoder.java:102)
    [junit] 	at io.netty.channel.AbstractChannelHandlerContext.invokeChannelRead(AbstractChannelHandlerContext.java:362)
    [junit] 	at io.netty.channel.AbstractChannelHandlerContext.invokeChannelRead(AbstractChannelHandlerContext.java:348)
    [junit] 	at io.netty.channel.AbstractChannelHandlerContext.fireChannelRead(AbstractChannelHandlerContext.java:340)
    [junit] 	at io.netty.channel.DefaultChannelPipeline$HeadContext.channelRead(DefaultChannelPipeline.java:1359)
    [junit] 	at io.netty.channel.AbstractChannelHandlerContext.invokeChannelRead(AbstractChannelHandlerContext.java:362)
    [junit] 	at io.netty.channel.AbstractChannelHandlerContext.invokeChannelRead(AbstractChannelHandlerContext.java:348)
    [junit] 	at io.netty.channel.DefaultChannelPipeline.fireChannelRead(DefaultChannelPipeline.java:935)
    [junit] 	at io.netty.channel.nio.AbstractNioMessageChannel$NioMessageUnsafe.read(AbstractNioMessageChannel.java:93)
    [junit] 	at io.netty.channel.nio.NioEventLoop.processSelectedKey(NioEventLoop.java:645)
    [junit] 	at io.netty.channel.nio.NioEventLoop.processSelectedKeysOptimized(NioEventLoop.java:580)
    [junit] 	at io.netty.channel.nio.NioEventLoop.processSelectedKeys(NioEventLoop.java:497)
    [junit] 	at io.netty.channel.nio.NioEventLoop.run(NioEventLoop.java:459)
    [junit] 	at io.netty.util.concurrent.SingleThreadEventExecutor$5.run(SingleThreadEventExecutor.java:886)
    [junit] 	at io.netty.util.concurrent.FastThreadLocalRunnable.run(FastThreadLocalRunnable.java:30)
    [junit] 	at java.lang.Thread.run(Thread.java:748)
    [junit] Heartbeat: HeartBeat: pingMothership (Thread[AWT-EventQueue-0,6,main])
    [junit] Heartbeat: Making an HTTP request. (Thread[AWT-EventQueue-0,6,main])
    [junit] Heartbeat: Request problem: Unable to check in with server: Error: Search domain query failed. Original hostname: 'terra.eecs.berkeley.edu' failed to resolve 'terra.eecs.berkeley.edu.google.internal' after 2 queries  (Thread[AWT-EventQueue-0,6,main])
    [junit] HttpClientHelper.java: Received an error for request 3: io.netty.resolver.dns.DnsNameResolverContext$SearchDomainUnknownHostException: Search domain query failed. Original hostname: 'terra.eecs.berkeley.edu' failed to resolve 'terra.eecs.berkeley.edu.google.internal' after 2 queries 
    [junit] io.netty.resolver.dns.DnsNameResolverContext$SearchDomainUnknownHostException: Search domain query failed. Original hostname: 'terra.eecs.berkeley.edu' failed to resolve 'terra.eecs.berkeley.edu.google.internal' after 2 queries 
    [junit] 	at io.netty.resolver.dns.DnsNameResolverContext.finishResolve(DnsNameResolverContext.java:721)
    [junit] 	at io.netty.resolver.dns.DnsNameResolverContext.tryToFinishResolve(DnsNameResolverContext.java:663)
    [junit] 	at io.netty.resolver.dns.DnsNameResolverContext.query(DnsNameResolverContext.java:306)
    [junit] 	at io.netty.resolver.dns.DnsNameResolverContext.query(DnsNameResolverContext.java:295)
    [junit] 	at io.netty.resolver.dns.DnsNameResolverContext.tryToFinishResolve(DnsNameResolverContext.java:636)
    [junit] 	at io.netty.resolver.dns.DnsNameResolverContext$3.operationComplete(DnsNameResolverContext.java:342)
    [junit] 	at io.netty.util.concurrent.DefaultPromise.notifyListener0(DefaultPromise.java:507)
    [junit] 	at io.netty.util.concurrent.DefaultPromise.notifyListenersNow(DefaultPromise.java:481)
    [junit] 	at io.netty.util.concurrent.DefaultPromise.notifyListeners(DefaultPromise.java:420)
    [junit] 	at io.netty.util.concurrent.DefaultPromise.trySuccess(DefaultPromise.java:104)
    [junit] 	at io.netty.resolver.dns.DnsQueryContext.setSuccess(DnsQueryContext.java:197)
    [junit] 	at io.netty.resolver.dns.DnsQueryContext.finish(DnsQueryContext.java:180)
    [junit] 	at io.netty.resolver.dns.DnsNameResolver$DnsResponseHandler.channelRead(DnsNameResolver.java:965)
    [junit] 	at io.netty.channel.AbstractChannelHandlerContext.invokeChannelRead(AbstractChannelHandlerContext.java:362)
    [junit] 	at io.netty.channel.AbstractChannelHandlerContext.invokeChannelRead(AbstractChannelHandlerContext.java:348)
    [junit] 	at io.netty.channel.AbstractChannelHandlerContext.fireChannelRead(AbstractChannelHandlerContext.java:340)
    [junit] 	at io.netty.handler.codec.MessageToMessageDecoder.channelRead(MessageToMessageDecoder.java:102)
    [junit] 	at io.netty.channel.AbstractChannelHandlerContext.invokeChannelRead(AbstractChannelHandlerContext.java:362)
    [junit] 	at io.netty.channel.AbstractChannelHandlerContext.invokeChannelRead(AbstractChannelHandlerContext.java:348)
    [junit] 	at io.netty.channel.AbstractChannelHandlerContext.fireChannelRead(AbstractChannelHandlerContext.java:340)
    [junit] 	at io.netty.channel.DefaultChannelPipeline$HeadContext.channelRead(DefaultChannelPipeline.java:1359)
    [junit] 	at io.netty.channel.AbstractChannelHandlerContext.invokeChannelRead(AbstractChannelHandlerContext.java:362)
    [junit] 	at io.netty.channel.AbstractChannelHandlerContext.invokeChannelRead(AbstractChannelHandlerContext.java:348)
    [junit] 	at io.netty.channel.DefaultChannelPipeline.fireChannelRead(DefaultChannelPipeline.java:935)
    [junit] 	at io.netty.channel.nio.AbstractNioMessageChannel$NioMessageUnsafe.read(AbstractNioMessageChannel.java:93)
    [junit] 	at io.netty.channel.nio.NioEventLoop.processSelectedKey(NioEventLoop.java:645)
    [junit] 	at io.netty.channel.nio.NioEventLoop.processSelectedKeysOptimized(NioEventLoop.java:580)
    [junit] 	at io.netty.channel.nio.NioEventLoop.processSelectedKeys(NioEventLoop.java:497)
    [junit] 	at io.netty.channel.nio.NioEventLoop.run(NioEventLoop.java:459)
    [junit] 	at io.netty.util.concurrent.SingleThreadEventExecutor$5.run(SingleThreadEventExecutor.java:886)
    [junit] 	at io.netty.util.concurrent.FastThreadLocalRunnable.run(FastThreadLocalRunnable.java:30)
    [junit] 	at java.lang.Thread.run(Thread.java:748)
    [junit] Heartbeat: HeartBeat: pingMothership (Thread[AWT-EventQueue-0,6,main])
    [junit] Heartbeat: Making an HTTP request. (Thread[AWT-EventQueue-0,6,main])
    [junit] Heartbeat: Request problem: Unable to check in with server: Error: Search domain query failed. Original hostname: 'terra.eecs.berkeley.edu' failed to resolve 'terra.eecs.berkeley.edu.google.internal' after 2 queries  (Thread[AWT-EventQueue-0,6,main])
    [junit] HttpClientHelper.java: Received an error for request 4: io.netty.resolver.dns.DnsNameResolverContext$SearchDomainUnknownHostException: Search domain query failed. Original hostname: 'terra.eecs.berkeley.edu' failed to resolve 'terra.eecs.berkeley.edu.google.internal' after 2 queries 
    [junit] io.netty.resolver.dns.DnsNameResolverContext$SearchDomainUnknownHostException: Search domain query failed. Original hostname: 'terra.eecs.berkeley.edu' failed to resolve 'terra.eecs.berkeley.edu.google.internal' after 2 queries 
    [junit] 	at io.netty.resolver.dns.DnsNameResolverContext.finishResolve(DnsNameResolverContext.java:721)
    [junit] 	at io.netty.resolver.dns.DnsNameResolverContext.tryToFinishResolve(DnsNameResolverContext.java:663)
    [junit] 	at io.netty.resolver.dns.DnsNameResolverContext.query(DnsNameResolverContext.java:306)
    [junit] 	at io.netty.resolver.dns.DnsNameResolverContext.query(DnsNameResolverContext.java:295)
    [junit] 	at io.netty.resolver.dns.DnsNameResolverContext.tryToFinishResolve(DnsNameResolverContext.java:636)
    [junit] 	at io.netty.resolver.dns.DnsNameResolverContext$3.operationComplete(DnsNameResolverContext.java:342)
    [junit] 	at io.netty.util.concurrent.DefaultPromise.notifyListener0(DefaultPromise.java:507)
    [junit] 	at io.netty.util.concurrent.DefaultPromise.notifyListenersNow(DefaultPromise.java:481)
    [junit] 	at io.netty.util.concurrent.DefaultPromise.notifyListeners(DefaultPromise.java:420)
    [junit] 	at io.netty.util.concurrent.DefaultPromise.trySuccess(DefaultPromise.java:104)
    [junit] 	at io.netty.resolver.dns.DnsQueryContext.setSuccess(DnsQueryContext.java:197)
    [junit] 	at io.netty.resolver.dns.DnsQueryContext.finish(DnsQueryContext.java:180)
    [junit] 	at io.netty.resolver.dns.DnsNameResolver$DnsResponseHandler.channelRead(DnsNameResolver.java:965)
    [junit] 	at io.netty.channel.AbstractChannelHandlerContext.invokeChannelRead(AbstractChannelHandlerContext.java:362)
    [junit] 	at io.netty.channel.AbstractChannelHandlerContext.invokeChannelRead(AbstractChannelHandlerContext.java:348)
    [junit] 	at io.netty.channel.AbstractChannelHandlerContext.fireChannelRead(AbstractChannelHandlerContext.java:340)
    [junit] 	at io.netty.handler.codec.MessageToMessageDecoder.channelRead(MessageToMessageDecoder.java:102)
    [junit] 	at io.netty.channel.AbstractChannelHandlerContext.invokeChannelRead(AbstractChannelHandlerContext.java:362)
    [junit] 	at io.netty.channel.AbstractChannelHandlerContext.invokeChannelRead(AbstractChannelHandlerContext.java:348)
    [junit] 	at io.netty.channel.AbstractChannelHandlerContext.fireChannelRead(AbstractChannelHandlerContext.java:340)
    [junit] 	at io.netty.channel.DefaultChannelPipeline$HeadContext.channelRead(DefaultChannelPipeline.java:1359)
    [junit] 	at io.netty.channel.AbstractChannelHandlerContext.invokeChannelRead(AbstractChannelHandlerContext.java:362)
    [junit] 	at io.netty.channel.AbstractChannelHandlerContext.invokeChannelRead(AbstractChannelHandlerContext.java:348)
    [junit] 	at io.netty.channel.DefaultChannelPipeline.fireChannelRead(DefaultChannelPipeline.java:935)
    [junit] 	at io.netty.channel.nio.AbstractNioMessageChannel$NioMessageUnsafe.read(AbstractNioMessageChannel.java:93)
    [junit] 	at io.netty.channel.nio.NioEventLoop.processSelectedKey(NioEventLoop.java:645)
    [junit] 	at io.netty.channel.nio.NioEventLoop.processSelectedKeysOptimized(NioEventLoop.java:580)
    [junit] 	at io.netty.channel.nio.NioEventLoop.processSelectedKeys(NioEventLoop.java:497)
    [junit] 	at io.netty.channel.nio.NioEventLoop.run(NioEventLoop.java:459)
    [junit] 	at io.netty.util.concurrent.SingleThreadEventExecutor$5.run(SingleThreadEventExecutor.java:886)
    [junit] 	at io.netty.util.concurrent.FastThreadLocalRunnable.run(FastThreadLocalRunnable.java:30)
    [junit] 	at java.lang.Thread.run(Thread.java:748)
    [junit] Heartbeat: HeartBeat: pingMothership (Thread[AWT-EventQueue-0,6,main])
    [junit] Heartbeat: Making an HTTP request. (Thread[AWT-EventQueue-0,6,main])
    [junit] HttpClientHelper.java: Received an error for request 5: io.netty.resolver.dns.DnsNameResolverContext$SearchDomainUnknownHostException: Search domain query failed. Original hostname: 'terra.eecs.berkeley.edu' failed to resolve 'terra.eecs.berkeley.edu.google.internal' after 2 queries 
    [junit] io.netty.resolver.dns.DnsNameResolverContext$SearchDomainUnknownHostException: Search domain query failed. Original hostname: 'terra.eecs.berkeley.edu' failed to resolve 'terra.eecs.berkeley.edu.google.internal' after 2 queries 
    [junit] 	at io.netty.resolver.dns.DnsNameResolverContext.finishResolve(DnsNameResolverContext.java:721)
    [junit] 	at io.netty.resolver.dns.DnsNameResolverContext.tryToFinishResolve(DnsNameResolverContext.java:663)
    [junit] 	at io.netty.resolver.dns.DnsNameResolverContext.query(DnsNameResolverContext.java:306)
    [junit] 	at io.netty.resolver.dns.DnsNameResolverContext.query(DnsNameResolverContext.java:295)
    [junit] 	at io.netty.resolver.dns.DnsNameResolverContext.tryToFinishResolve(DnsNameResolverContext.java:636)
    [junit] 	at io.netty.resolver.dns.DnsNameResolverContext$3.operationComplete(DnsNameResolverContext.java:342)
    [junit] 	at io.netty.util.concurrent.DefaultPromise.notifyListener0(DefaultPromise.java:507)
    [junit] 	at io.netty.util.concurrent.DefaultPromise.notifyListenersNow(DefaultPromise.java:481)
    [junit] 	at io.netty.util.concurrent.DefaultPromise.notifyListeners(DefaultPromise.java:420)
    [junit] 	at io.netty.util.concurrent.DefaultPromise.trySuccess(DefaultPromise.java:104)
    [junit] 	at io.netty.resolver.dns.DnsQueryContext.setSuccess(DnsQueryContext.java:197)
    [junit] 	at io.netty.resolver.dns.DnsQueryContext.finish(DnsQueryContext.java:180)
    [junit] 	at io.netty.resolver.dns.DnsNameResolver$DnsResponseHandler.channelRead(DnsNameResolver.java:965)
    [junit] 	at io.netty.channel.AbstractChannelHandlerContext.invokeChannelRead(AbstractChannelHandlerContext.java:362)
    [junit] 	at io.netty.channel.AbstractChannelHandlerContext.invokeChannelRead(AbstractChannelHandlerContext.java:348)
    [junit] 	at io.netty.channel.AbstractChannelHandlerContext.fireChannelRead(AbstractChannelHandlerContext.java:340)
    [junit] 	at io.netty.handler.codec.MessageToMessageDecoder.channelRead(MessageToMessageDecoder.java:102)
    [junit] 	at io.netty.channel.AbstractChannelHandlerContext.invokeChannelRead(AbstractChannelHandlerContext.java:362)
    [junit] 	at io.netty.channel.AbstractChannelHandlerContext.invokeChannelRead(AbstractChannelHandlerContext.java:348)
    [junit] 	at io.netty.channel.AbstractChannelHandlerContext.fireChannelRead(AbstractChannelHandlerContext.java:340)
    [junit] 	at io.netty.channel.DefaultChannelPipeline$HeadContext.channelRead(DefaultChannelPipeline.java:1359)
    [junit] 	at io.netty.channel.AbstractChannelHandlerContext.invokeChannelRead(AbstractChannelHandlerContext.java:362)
    [junit] 	at io.netty.channel.AbstractChannelHandlerContext.invokeChannelRead(AbstractChannelHandlerContext.java:348)
    [junit] 	at io.netty.channel.DefaultChannelPipeline.fireChannelRead(DefaultChannelPipeline.java:935)
    [junit] 	at io.netty.channel.nio.AbstractNioMessageChannel$NioMessageUnsafe.read(AbstractNioMessageChannel.java:93)
    [junit] 	at io.netty.channel.nio.NioEventLoop.processSelectedKey(NioEventLoop.java:645)
    [junit] 	at io.netty.channel.nio.NioEventLoop.processSelectedKeysOptimized(NioEventLoop.java:580)
    [junit] 	at io.netty.channel.nio.NioEventLoop.processSelectedKeys(NioEventLoop.java:497)
    [junit] 	at io.netty.channel.nio.NioEventLoop.run(NioEventLoop.java:459)
    [junit] 	at io.netty.util.concurrent.SingleThreadEventExecutor$5.run(SingleThreadEventExecutor.java:886)
    [junit] 	at io.netty.util.concurrent.FastThreadLocalRunnable.run(FastThreadLocalRunnable.java:30)
    [junit] 	at java.lang.Thread.run(Thread.java:748)
    [junit] Heartbeat: Request problem: Unable to check in with server: Error: Search domain query failed. Original hostname: 'terra.eecs.berkeley.edu' failed to resolve 'terra.eecs.berkeley.edu.google.internal' after 2 queries  (Thread[AWT-EventQueue-0,6,main])
    [junit] Heartbeat: HeartBeat: pingMothership (Thread[AWT-EventQueue-0,6,main])
    [junit] Heartbeat: Making an HTTP request. (Thread[AWT-EventQueue-0,6,main])
    [junit] Heartbeat: Request problem: Unable to check in with server: Error: Search domain query failed. Original hostname: 'terra.eecs.berkeley.edu' failed to resolve 'terra.eecs.berkeley.edu.google.internal' after 2 queries  (Thread[AWT-EventQueue-0,6,main])
    [junit] HttpClientHelper.java: Received an error for request 6: io.netty.resolver.dns.DnsNameResolverContext$SearchDomainUnknownHostException: Search domain query failed. Original hostname: 'terra.eecs.berkeley.edu' failed to resolve 'terra.eecs.berkeley.edu.google.internal' after 2 queries 
    [junit] io.netty.resolver.dns.DnsNameResolverContext$SearchDomainUnknownHostException: Search domain query failed. Original hostname: 'terra.eecs.berkeley.edu' failed to resolve 'terra.eecs.berkeley.edu.google.internal' after 2 queries 
    [junit] 	at io.netty.resolver.dns.DnsNameResolverContext.finishResolve(DnsNameResolverContext.java:721)
    [junit] 	at io.netty.resolver.dns.DnsNameResolverContext.tryToFinishResolve(DnsNameResolverContext.java:663)
    [junit] 	at io.netty.resolver.dns.DnsNameResolverContext.query(DnsNameResolverContext.java:306)
    [junit] 	at io.netty.resolver.dns.DnsNameResolverContext.query(DnsNameResolverContext.java:295)
    [junit] 	at io.netty.resolver.dns.DnsNameResolverContext.tryToFinishResolve(DnsNameResolverContext.java:636)
    [junit] 	at io.netty.resolver.dns.DnsNameResolverContext$3.operationComplete(DnsNameResolverContext.java:342)
    [junit] 	at io.netty.util.concurrent.DefaultPromise.notifyListener0(DefaultPromise.java:507)
    [junit] 	at io.netty.util.concurrent.DefaultPromise.notifyListenersNow(DefaultPromise.java:481)
    [junit] 	at io.netty.util.concurrent.DefaultPromise.notifyListeners(DefaultPromise.java:420)
    [junit] 	at io.netty.util.concurrent.DefaultPromise.trySuccess(DefaultPromise.java:104)
    [junit] 	at io.netty.resolver.dns.DnsQueryContext.setSuccess(DnsQueryContext.java:197)
    [junit] 	at io.netty.resolver.dns.DnsQueryContext.finish(DnsQueryContext.java:180)
    [junit] 	at io.netty.resolver.dns.DnsNameResolver$DnsResponseHandler.channelRead(DnsNameResolver.java:965)
    [junit] 	at io.netty.channel.AbstractChannelHandlerContext.invokeChannelRead(AbstractChannelHandlerContext.java:362)
    [junit] 	at io.netty.channel.AbstractChannelHandlerContext.invokeChannelRead(AbstractChannelHandlerContext.java:348)
    [junit] 	at io.netty.channel.AbstractChannelHandlerContext.fireChannelRead(AbstractChannelHandlerContext.java:340)
    [junit] 	at io.netty.handler.codec.MessageToMessageDecoder.channelRead(MessageToMessageDecoder.java:102)
    [junit] 	at io.netty.channel.AbstractChannelHandlerContext.invokeChannelRead(AbstractChannelHandlerContext.java:362)
    [junit] 	at io.netty.channel.AbstractChannelHandlerContext.invokeChannelRead(AbstractChannelHandlerContext.java:348)
    [junit] 	at io.netty.channel.AbstractChannelHandlerContext.fireChannelRead(AbstractChannelHandlerContext.java:340)
    [junit] 	at io.netty.channel.DefaultChannelPipeline$HeadContext.channelRead(DefaultChannelPipeline.java:1359)
    [junit] 	at io.netty.channel.AbstractChannelHandlerContext.invokeChannelRead(AbstractChannelHandlerContext.java:362)
    [junit] 	at io.netty.channel.AbstractChannelHandlerContext.invokeChannelRead(AbstractChannelHandlerContext.java:348)
    [junit] 	at io.netty.channel.DefaultChannelPipeline.fireChannelRead(DefaultChannelPipeline.java:935)
    [junit] 	at io.netty.channel.nio.AbstractNioMessageChannel$NioMessageUnsafe.read(AbstractNioMessageChannel.java:93)
    [junit] 	at io.netty.channel.nio.NioEventLoop.processSelectedKey(NioEventLoop.java:645)
    [junit] 	at io.netty.channel.nio.NioEventLoop.processSelectedKeysOptimized(NioEventLoop.java:580)
    [junit] 	at io.netty.channel.nio.NioEventLoop.processSelectedKeys(NioEventLoop.java:497)
    [junit] 	at io.netty.channel.nio.NioEventLoop.run(NioEventLoop.java:459)
    [junit] 	at io.netty.util.concurrent.SingleThreadEventExecutor$5.run(SingleThreadEventExecutor.java:886)
    [junit] 	at io.netty.util.concurrent.FastThreadLocalRunnable.run(FastThreadLocalRunnable.java:30)
    [junit] 	at java.lang.Thread.run(Thread.java:748)
    [junit] Heartbeat: HeartBeat: pingMothership (Thread[AWT-EventQueue-0,6,main])
    [junit] Heartbeat: Making an HTTP request. (Thread[AWT-EventQueue-0,6,main])
    [junit] Heartbeat: Request problem: Unable to check in with server: Error: Search domain query failed. Original hostname: 'terra.eecs.berkeley.edu' failed to resolve 'terra.eecs.berkeley.edu.google.internal' after 2 queries  (Thread[AWT-EventQueue-0,6,main])
    [junit] HttpClientHelper.java: Received an error for request 7: io.netty.resolver.dns.DnsNameResolverContext$SearchDomainUnknownHostException: Search domain query failed. Original hostname: 'terra.eecs.berkeley.edu' failed to resolve 'terra.eecs.berkeley.edu.google.internal' after 2 queries 
    [junit] io.netty.resolver.dns.DnsNameResolverContext$SearchDomainUnknownHostException: Search domain query failed. Original hostname: 'terra.eecs.berkeley.edu' failed to resolve 'terra.eecs.berkeley.edu.google.internal' after 2 queries 
    [junit] 	at io.netty.resolver.dns.DnsNameResolverContext.finishResolve(DnsNameResolverContext.java:721)
    [junit] 	at io.netty.resolver.dns.DnsNameResolverContext.tryToFinishResolve(DnsNameResolverContext.java:663)
    [junit] 	at io.netty.resolver.dns.DnsNameResolverContext.query(DnsNameResolverContext.java:306)
    [junit] 	at io.netty.resolver.dns.DnsNameResolverContext.query(DnsNameResolverContext.java:295)
    [junit] 	at io.netty.resolver.dns.DnsNameResolverContext.tryToFinishResolve(DnsNameResolverContext.java:636)
    [junit] 	at io.netty.resolver.dns.DnsNameResolverContext$3.operationComplete(DnsNameResolverContext.java:342)
    [junit] 	at io.netty.util.concurrent.DefaultPromise.notifyListener0(DefaultPromise.java:507)
    [junit] 	at io.netty.util.concurrent.DefaultPromise.notifyListenersNow(DefaultPromise.java:481)
    [junit] 	at io.netty.util.concurrent.DefaultPromise.notifyListeners(DefaultPromise.java:420)
    [junit] 	at io.netty.util.concurrent.DefaultPromise.trySuccess(DefaultPromise.java:104)
    [junit] 	at io.netty.resolver.dns.DnsQueryContext.setSuccess(DnsQueryContext.java:197)
    [junit] 	at io.netty.resolver.dns.DnsQueryContext.finish(DnsQueryContext.java:180)
    [junit] 	at io.netty.resolver.dns.DnsNameResolver$DnsResponseHandler.channelRead(DnsNameResolver.java:965)
    [junit] 	at io.netty.channel.AbstractChannelHandlerContext.invokeChannelRead(AbstractChannelHandlerContext.java:362)
    [junit] 	at io.netty.channel.AbstractChannelHandlerContext.invokeChannelRead(AbstractChannelHandlerContext.java:348)
    [junit] 	at io.netty.channel.AbstractChannelHandlerContext.fireChannelRead(AbstractChannelHandlerContext.java:340)
    [junit] 	at io.netty.handler.codec.MessageToMessageDecoder.channelRead(MessageToMessageDecoder.java:102)
    [junit] 	at io.netty.channel.AbstractChannelHandlerContext.invokeChannelRead(AbstractChannelHandlerContext.java:362)
    [junit] 	at io.netty.channel.AbstractChannelHandlerContext.invokeChannelRead(AbstractChannelHandlerContext.java:348)
    [junit] 	at io.netty.channel.AbstractChannelHandlerContext.fireChannelRead(AbstractChannelHandlerContext.java:340)
    [junit] 	at io.netty.channel.DefaultChannelPipeline$HeadContext.channelRead(DefaultChannelPipeline.java:1359)
    [junit] 	at io.netty.channel.AbstractChannelHandlerContext.invokeChannelRead(AbstractChannelHandlerContext.java:362)
    [junit] 	at io.netty.channel.AbstractChannelHandlerContext.invokeChannelRead(AbstractChannelHandlerContext.java:348)
    [junit] 	at io.netty.channel.DefaultChannelPipeline.fireChannelRead(DefaultChannelPipeline.java:935)
    [junit] 	at io.netty.channel.nio.AbstractNioMessageChannel$NioMessageUnsafe.read(AbstractNioMessageChannel.java:93)
    [junit] 	at io.netty.channel.nio.NioEventLoop.processSelectedKey(NioEventLoop.java:645)
    [junit] 	at io.netty.channel.nio.NioEventLoop.processSelectedKeysOptimized(NioEventLoop.java:580)
    [junit] 	at io.netty.channel.nio.NioEventLoop.processSelectedKeys(NioEventLoop.java:497)
    [junit] 	at io.netty.channel.nio.NioEventLoop.run(NioEventLoop.java:459)
    [junit] 	at io.netty.util.concurrent.SingleThreadEventExecutor$5.run(SingleThreadEventExecutor.java:886)
    [junit] 	at io.netty.util.concurrent.FastThreadLocalRunnable.run(FastThreadLocalRunnable.java:30)
    [junit] 	at java.lang.Thread.run(Thread.java:748)
    [junit] Heartbeat: HeartBeat: pingMothership (Thread[AWT-EventQueue-0,6,main])
    [junit] Heartbeat: Making an HTTP request. (Thread[AWT-EventQueue-0,6,main])
    [junit] Heartbeat: Request problem: Unable to check in with server: Error: Search domain query failed. Original hostname: 'terra.eecs.berkeley.edu' failed to resolve 'terra.eecs.berkeley.edu.google.internal' after 2 queries  (Thread[AWT-EventQueue-0,6,main])
    [junit] HttpClientHelper.java: Received an error for request 8: io.netty.resolver.dns.DnsNameResolverContext$SearchDomainUnknownHostException: Search domain query failed. Original hostname: 'terra.eecs.berkeley.edu' failed to resolve 'terra.eecs.berkeley.edu.google.internal' after 2 queries 
    [junit] io.netty.resolver.dns.DnsNameResolverContext$SearchDomainUnknownHostException: Search domain query failed. Original hostname: 'terra.eecs.berkeley.edu' failed to resolve 'terra.eecs.berkeley.edu.google.internal' after 2 queries 
    [junit] 	at io.netty.resolver.dns.DnsNameResolverContext.finishResolve(DnsNameResolverContext.java:721)
    [junit] 	at io.netty.resolver.dns.DnsNameResolverContext.tryToFinishResolve(DnsNameResolverContext.java:663)
    [junit] 	at io.netty.resolver.dns.DnsNameResolverContext.query(DnsNameResolverContext.java:306)
    [junit] 	at io.netty.resolver.dns.DnsNameResolverContext.query(DnsNameResolverContext.java:295)
    [junit] 	at io.netty.resolver.dns.DnsNameResolverContext.tryToFinishResolve(DnsNameResolverContext.java:636)
    [junit] 	at io.netty.resolver.dns.DnsNameResolverContext$3.operationComplete(DnsNameResolverContext.java:342)
    [junit] 	at io.netty.util.concurrent.DefaultPromise.notifyListener0(DefaultPromise.java:507)
    [junit] 	at io.netty.util.concurrent.DefaultPromise.notifyListenersNow(DefaultPromise.java:481)
    [junit] 	at io.netty.util.concurrent.DefaultPromise.notifyListeners(DefaultPromise.java:420)
    [junit] 	at io.netty.util.concurrent.DefaultPromise.trySuccess(DefaultPromise.java:104)
    [junit] 	at io.netty.resolver.dns.DnsQueryContext.setSuccess(DnsQueryContext.java:197)
    [junit] 	at io.netty.resolver.dns.DnsQueryContext.finish(DnsQueryContext.java:180)
    [junit] 	at io.netty.resolver.dns.DnsNameResolver$DnsResponseHandler.channelRead(DnsNameResolver.java:965)
    [junit] 	at io.netty.channel.AbstractChannelHandlerContext.invokeChannelRead(AbstractChannelHandlerContext.java:362)
    [junit] 	at io.netty.channel.AbstractChannelHandlerContext.invokeChannelRead(AbstractChannelHandlerContext.java:348)
    [junit] 	at io.netty.channel.AbstractChannelHandlerContext.fireChannelRead(AbstractChannelHandlerContext.java:340)
    [junit] 	at io.netty.handler.codec.MessageToMessageDecoder.channelRead(MessageToMessageDecoder.java:102)
    [junit] 	at io.netty.channel.AbstractChannelHandlerContext.invokeChannelRead(AbstractChannelHandlerContext.java:362)
    [junit] 	at io.netty.channel.AbstractChannelHandlerContext.invokeChannelRead(AbstractChannelHandlerContext.java:348)
    [junit] 	at io.netty.channel.AbstractChannelHandlerContext.fireChannelRead(AbstractChannelHandlerContext.java:340)
    [junit] 	at io.netty.channel.DefaultChannelPipeline$HeadContext.channelRead(DefaultChannelPipeline.java:1359)
    [junit] 	at io.netty.channel.AbstractChannelHandlerContext.invokeChannelRead(AbstractChannelHandlerContext.java:362)
    [junit] 	at io.netty.channel.AbstractChannelHandlerContext.invokeChannelRead(AbstractChannelHandlerContext.java:348)
    [junit] 	at io.netty.channel.DefaultChannelPipeline.fireChannelRead(DefaultChannelPipeline.java:935)
    [junit] 	at io.netty.channel.nio.AbstractNioMessageChannel$NioMessageUnsafe.read(AbstractNioMessageChannel.java:93)
    [junit] 	at io.netty.channel.nio.NioEventLoop.processSelectedKey(NioEventLoop.java:645)
    [junit] 	at io.netty.channel.nio.NioEventLoop.processSelectedKeysOptimized(NioEventLoop.java:580)
    [junit] 	at io.netty.channel.nio.NioEventLoop.processSelectedKeys(NioEventLoop.java:497)
    [junit] 	at io.netty.channel.nio.NioEventLoop.run(NioEventLoop.java:459)
    [junit] 	at io.netty.util.concurrent.SingleThreadEventExecutor$5.run(SingleThreadEventExecutor.java:886)
    [junit] 	at io.netty.util.concurrent.FastThreadLocalRunnable.run(FastThreadLocalRunnable.java:30)
    [junit] 	at java.lang.Thread.run(Thread.java:748)
    [junit] Heartbeat: HeartBeat: pingMothership (Thread[AWT-EventQueue-0,6,main])
    [junit] Heartbeat: Making an HTTP request. (Thread[AWT-EventQueue-0,6,main])
    [junit] HttpClientHelper.java: Received an error for request 9: io.netty.resolver.dns.DnsNameResolverContext$SearchDomainUnknownHostException: Search domain query failed. Original hostname: 'terra.eecs.berkeley.edu' failed to resolve 'terra.eecs.berkeley.edu.google.internal' after 2 queries 
    [junit] io.netty.resolver.dns.DnsNameResolverContext$SearchDomainUnknownHostException: Search domain query failed. Original hostname: 'terra.eecs.berkeley.edu' failed to resolve 'terra.eecs.berkeley.edu.google.internal' after 2 queries 
    [junit] 	at io.netty.resolver.dns.DnsNameResolverContext.finishResolve(DnsNameResolverContext.java:721)
    [junit] 	at io.netty.resolver.dns.DnsNameResolverContext.tryToFinishResolve(DnsNameResolverContext.java:663)
    [junit] 	at io.netty.resolver.dns.DnsNameResolverContext.query(DnsNameResolverContext.java:306)
    [junit] 	at io.netty.resolver.dns.DnsNameResolverContext.query(DnsNameResolverContext.java:295)
    [junit] 	at io.netty.resolver.dns.DnsNameResolverContext.tryToFinishResolve(DnsNameResolverContext.java:636)
    [junit] 	at io.netty.resolver.dns.DnsNameResolverContext$3.operationComplete(DnsNameResolverContext.java:342)
    [junit] 	at io.netty.util.concurrent.DefaultPromise.notifyListener0(DefaultPromise.java:507)
    [junit] 	at io.netty.util.concurrent.DefaultPromise.notifyListenersNow(DefaultPromise.java:481)
    [junit] 	at io.netty.util.concurrent.DefaultPromise.notifyListeners(DefaultPromise.java:420)
    [junit] 	at io.netty.util.concurrent.DefaultPromise.trySuccess(DefaultPromise.java:104)
    [junit] 	at io.netty.resolver.dns.DnsQueryContext.setSuccess(DnsQueryContext.java:197)
    [junit] 	at io.netty.resolver.dns.DnsQueryContext.finish(DnsQueryContext.java:180)
    [junit] 	at io.netty.resolver.dns.DnsNameResolver$DnsResponseHandler.channelRead(DnsNameResolver.java:965)
    [junit] 	at io.netty.channel.AbstractChannelHandlerContext.invokeChannelRead(AbstractChannelHandlerContext.java:362)
    [junit] 	at io.netty.channel.AbstractChannelHandlerContext.invokeChannelRead(AbstractChannelHandlerContext.java:348)
    [junit] 	at io.netty.channel.AbstractChannelHandlerContext.fireChannelRead(AbstractChannelHandlerContext.java:340)
    [junit] 	at io.netty.handler.codec.MessageToMessageDecoder.channelRead(MessageToMessageDecoder.java:102)
    [junit] 	at io.netty.channel.AbstractChannelHandlerContext.invokeChannelRead(AbstractChannelHandlerContext.java:362)
    [junit] 	at io.netty.channel.AbstractChannelHandlerContext.invokeChannelRead(AbstractChannelHandlerContext.java:348)
    [junit] 	at io.netty.channel.AbstractChannelHandlerContext.fireChannelRead(AbstractChannelHandlerContext.java:340)
    [junit] 	at io.netty.channel.DefaultChannelPipeline$HeadContext.channelRead(DefaultChannelPipeline.java:1359)
    [junit] 	at io.netty.channel.AbstractChannelHandlerContext.invokeChannelRead(AbstractChannelHandlerContext.java:362)
    [junit] 	at io.netty.channel.AbstractChannelHandlerContext.invokeChannelRead(AbstractChannelHandlerContext.java:348)
    [junit] 	at io.netty.channel.DefaultChannelPipeline.fireChannelRead(DefaultChannelPipeline.java:935)
    [junit] 	at io.netty.channel.nio.AbstractNioMessageChannel$NioMessageUnsafe.read(AbstractNioMessageChannel.java:93)
    [junit] 	at io.netty.channel.nio.NioEventLoop.processSelectedKey(NioEventLoop.java:645)
    [junit] 	at io.netty.channel.nio.NioEventLoop.processSelectedKeysOptimized(NioEventLoop.java:580)
    [junit] 	at io.netty.channel.nio.NioEventLoop.processSelectedKeys(NioEventLoop.java:497)
    [junit] 	at io.netty.channel.nio.NioEventLoop.run(NioEventLoop.java:459)
    [junit] 	at io.netty.util.concurrent.SingleThreadEventExecutor$5.run(SingleThreadEventExecutor.java:886)
    [junit] 	at io.netty.util.concurrent.FastThreadLocalRunnable.run(FastThreadLocalRunnable.java:30)
    [junit] 	at java.lang.Thread.run(Thread.java:748)
    [junit] WARNING: TestSpontaneous: Model stopped before executing actions (e.g. producing outputs) scheduled for execution at times [11.0]
    [junit] 13084 ms. Memory: 2163200K Free: 801195K (37%)
    [junit] Exported /home/travis/build/icyphy/ptII/ptolemy/actor/lib/jjs/modules/discovery/demo/Heartbeat/Heartbeat/index.html
    [junit] 19095 ms. Memory: 2163200K Free: 749455K (35%)
    [junit] ####### 31 Sat Aug 11 02:50:03 UTC 2018 $PTII/bin/ptinvoke ptolemy.vergil.basic.export.ExportModel -force htm  -openComposites -timeOut 30000 -whiteBackground ptolemy/actor/lib/jjs/modules/dsp/demo/AudioFFT/AudioFFT.xml $PTII/ptolemy/actor/lib/jjs/modules/dsp/demo/AudioFFT/AudioFFT
    [junit] Warning: not running ptolemy/actor/lib/jjs/modules/dsp/demo/AudioFFT/AudioFFT.xml. See ptolemy/vergil/basic/export/test/junit/ExportModelJUnitTest.java
    [junit] ----------------- Sat Aug 11 02:50:03 UTC 2018 About to sleep for 5.0 seconds before running or rerunning.  Test is: /home/travis/build/icyphy/ptII/ptolemy/actor/lib/jjs/modules/dsp/demo/AudioFFT/AudioFFT.xml
    [junit] Done sleeping
    [junit] Exported /home/travis/build/icyphy/ptII/ptolemy/actor/lib/jjs/modules/dsp/demo/AudioFFT/AudioFFT/index.html
    [junit] 5284 ms. Memory: 2229248K Free: 1652282K (74%)
    [junit] ####### 32 Sat Aug 11 02:50:14 UTC 2018 $PTII/bin/ptinvoke ptolemy.vergil.basic.export.ExportModel -force htm -run -openComposites -timeOut 30000 -whiteBackground ptolemy/actor/lib/jjs/modules/dsp/demo/AudioFFT/SinusoidFFT.xml $PTII/ptolemy/actor/lib/jjs/modules/dsp/demo/AudioFFT/SinusoidFFT
    [junit] ----------------- Sat Aug 11 02:50:14 UTC 2018 About to sleep for 5.0 seconds before running or rerunning.  Test is: /home/travis/build/icyphy/ptII/ptolemy/actor/lib/jjs/modules/dsp/demo/AudioFFT/SinusoidFFT.xml
    [junit] Done sleeping
    [junit] Running .SinusoidFFT
    [junit] 2243 ms. Memory: 2229248K Free: 912397K (41%)
    [junit] Exported /home/travis/build/icyphy/ptII/ptolemy/actor/lib/jjs/modules/dsp/demo/AudioFFT/SinusoidFFT/index.html
    [junit] 7716 ms. Memory: 2229248K Free: 808816K (36%)
    [junit] ####### 33 Sat Aug 11 02:50:26 UTC 2018 $PTII/bin/ptinvoke ptolemy.vergil.basic.export.ExportModel -force htm -run -openComposites -timeOut 30000 -whiteBackground ptolemy/actor/lib/jjs/modules/eventbus/demo/VertxBus/VertxBus.xml $PTII/ptolemy/actor/lib/jjs/modules/eventbus/demo/VertxBus/VertxBus
    [junit] ----------------- Sat Aug 11 02:50:26 UTC 2018 About to sleep for 5.0 seconds before running or rerunning.  Test is: /home/travis/build/icyphy/ptII/ptolemy/actor/lib/jjs/modules/eventbus/demo/VertxBus/VertxBus.xml
    [junit] Done sleeping
    [junit] Running .VertxBus
    [junit] 13307 ms. Memory: 2296320K Free: 1708920K (74%)
    [junit] WARNING: VertxSubscribe: Model stopped before executing actions (e.g. producing outputs) scheduled for execution at times [11.0]
    [junit] Exported /home/travis/build/icyphy/ptII/ptolemy/actor/lib/jjs/modules/eventbus/demo/VertxBus/VertxBus/index.html
    [junit] 18772 ms. Memory: 2296320K Free: 1681789K (73%)
    [junit] ####### 34 Sat Aug 11 02:50:50 UTC 2018 $PTII/bin/ptinvoke ptolemy.vergil.basic.export.ExportModel -force htm -run -openComposites -timeOut 30000 -whiteBackground ptolemy/actor/lib/jjs/modules/eventbus/demo/VertxChat/VertxChat.xml $PTII/ptolemy/actor/lib/jjs/modules/eventbus/demo/VertxChat/VertxChat
    [junit] ----------------- Sat Aug 11 02:50:50 UTC 2018 About to sleep for 5.0 seconds before running or rerunning.  Test is: /home/travis/build/icyphy/ptII/ptolemy/actor/lib/jjs/modules/eventbus/demo/VertxChat/VertxChat.xml
    [junit] Done sleeping
    [junit] .VertxChat.ThreadedComposite.InteractiveShell invoked SwingUtilities.invokeAndWait()
    [junit] Model ".VertxChat" contains actors such cannot be run  as part of the export process from ExportModel or it has a WebExportParameters value that runBeforeExport set to false. To export run this model and export it, use vergil.
    [junit] Exported /home/travis/build/icyphy/ptII/ptolemy/actor/lib/jjs/modules/eventbus/demo/VertxChat/VertxChat/index.html
    [junit] 5338 ms. Memory: 2296320K Free: 1175308K (51%)
    [junit] ####### 35 Sat Aug 11 02:51:01 UTC 2018 $PTII/bin/ptinvoke ptolemy.vergil.basic.export.ExportModel -force htm -run -openComposites -timeOut 30000 -whiteBackground ptolemy/actor/lib/jjs/modules/faceDetector/demo/FaceDetector/FaceDetector.xml $PTII/ptolemy/actor/lib/jjs/modules/faceDetector/demo/FaceDetector/FaceDetector
    [junit] ----------------- Sat Aug 11 02:51:01 UTC 2018 About to sleep for 5.0 seconds before running or rerunning.  Test is: /home/travis/build/icyphy/ptII/ptolemy/actor/lib/jjs/modules/faceDetector/demo/FaceDetector/FaceDetector.xml
    [junit] Done sleeping
    [junit] Running .FaceDetector
    [junit] 1370 ms. Memory: 2296320K Free: 722097K (31%)
    [junit] Exported /home/travis/build/icyphy/ptII/ptolemy/actor/lib/jjs/modules/faceDetector/demo/FaceDetector/FaceDetector/index.html
    [junit] 6265 ms. Memory: 2296320K Free: 694959K (30%)
    [junit] ####### 36 Sat Aug 11 02:51:12 UTC 2018 $PTII/bin/ptinvoke ptolemy.vergil.basic.export.ExportModel -force htm -run -openComposites -timeOut 30000 -whiteBackground ptolemy/actor/lib/jjs/modules/faceDetector/demo/FaceDetectorCamera/FaceDetectorCamera.xml $PTII/ptolemy/actor/lib/jjs/modules/faceDetector/demo/FaceDetectorCamera/FaceDetectorCamera
    [junit] ----------------- Sat Aug 11 02:51:12 UTC 2018 About to sleep for 5.0 seconds before running or rerunning.  Test is: /home/travis/build/icyphy/ptII/ptolemy/actor/lib/jjs/modules/faceDetector/demo/FaceDetectorCamera/FaceDetectorCamera.xml
    [junit] Done sleeping
    [junit] Running .FaceDetectorCamera
    [junit] [atomic-processor-1] INFO com.github.sarxos.webcam.ds.cgt.WebcamOpenTask - Opening webcam Dummy Webcam 0
    [junit] ExportHTMLTimer went off after 30000 ms., calling getDirector().finish and getDirector().stopFire()
    [junit] 30800 ms. Memory: 2556416K Free: 1913888K (75%)
    [junit] [atomic-processor-1] INFO com.github.sarxos.webcam.ds.cgt.WebcamCloseTask - Closing Dummy Webcam 0
    [junit] WARNING: Camera: Model stopped before executing actions (e.g. producing outputs) scheduled for execution at times [13.595, 21.062, 14.973, 22.44, 24.257, 13.167, 26.053, 17.835, 22.972, 25.207, 24.581, 14.754000000000001, 23.619, 21.595000000000002, 18.262, 20.424, 15.506, 15.934000000000001, 25.104, 19.006, 17.304000000000002, 20.215, 15.612, 25.519000000000002, 26.796, 22.333000000000002, 13.701, 26.584, 14.651, 19.431, 15.399000000000001, 17.729, 22.546, 23.19, 21.907, 20.112000000000002, 17.091, 26.159000000000002, 20.85, 25.946, 25.627000000000002, 16.773, 21.382, 25.001, 18.37, 28.232, 23.403000000000002, 13.917, 19.325, 23.085, 23.832, 26.902, 24.151, 17.623, 20.531000000000002, 15.828000000000001, 23.726, 14.343, 22.013, 17.197, 20.956, 16.253, 13.273, 22.865000000000002, 24.475, 15.079, 24.796, 14.238000000000001, 26.478, 16.566, 23.938000000000002, 15.292, 18.79, 27.008000000000003, 19.856, 21.275000000000002, 26.372, 16.879, 22.226, 19.75, 20.743000000000002, 14.445, 17.411, 18.049, 24.691000000000003, 15.719000000000001, 22.12, 26.266000000000002, 16.359, 16.147000000000002, 22.759, 16.671, 17.517, 16.463, 18.155, 15.186, 14.132, 17.942, 25.733, 14.548, 13.488000000000001, 24.898, 19.219, 24.045, 20.318, 20.637, 19.644000000000002, 13.808, 16.041, 19.962, 21.488, 13.38, 18.584, 21.169, 24.364, 23.513, 14.027000000000001, 21.8, 16.985, 18.479, 18.687, 21.697, 14.857000000000001, 22.652, 25.310000000000002, 27.115000000000002, 25.413, 23.296, 19.112000000000002, 26.69, 18.895, 25.839000000000002, 19.538]
    [junit] Exported /home/travis/build/icyphy/ptII/ptolemy/actor/lib/jjs/modules/faceDetector/demo/FaceDetectorCamera/FaceDetectorCamera/index.html
    [junit] 36362 ms. Memory: 2556416K Free: 1889538K (74%)
    [junit] ####### 37 Sat Aug 11 02:51:53 UTC 2018 $PTII/bin/ptinvoke ptolemy.vergil.basic.export.ExportModel -force htm -run -openComposites -timeOut 30000 -whiteBackground ptolemy/actor/lib/jjs/modules/faceDetector/demo/OccupancyCount/OccupancyCount.xml $PTII/ptolemy/actor/lib/jjs/modules/faceDetector/demo/OccupancyCount/OccupancyCount
    [junit] ----------------- Sat Aug 11 02:51:53 UTC 2018 About to sleep for 5.0 seconds before running or rerunning.  Test is: /home/travis/build/icyphy/ptII/ptolemy/actor/lib/jjs/modules/faceDetector/demo/OccupancyCount/OccupancyCount.xml
    [junit] Done sleeping
    [junit] Running .OccupancyCount
    [junit] [atomic-processor-1] INFO com.github.sarxos.webcam.ds.cgt.WebcamOpenTask - Opening webcam Dummy Webcam 0
    [junit] ExportHTMLTimer went off after 30000 ms., calling getDirector().finish and getDirector().stopFire()
    [junit] 30030 ms. Memory: 2568704K Free: 1732697K (67%)
    [junit] [atomic-processor-1] INFO com.github.sarxos.webcam.ds.cgt.WebcamCloseTask - Closing Dummy Webcam 0
    [junit] Exported /home/travis/build/icyphy/ptII/ptolemy/actor/lib/jjs/modules/faceDetector/demo/OccupancyCount/OccupancyCount/index.html
    [junit] 35605 ms. Memory: 2568704K Free: 1693177K (66%)
    [junit] ####### 38 Sat Aug 11 02:52:34 UTC 2018 $PTII/bin/ptinvoke ptolemy.vergil.basic.export.ExportModel -force htm  -openComposites -timeOut 30000 -whiteBackground ptolemy/actor/lib/jjs/modules/httpClient/demo/REST/REST.xml $PTII/ptolemy/actor/lib/jjs/modules/httpClient/demo/REST/REST
    [junit] Warning: not running ptolemy/actor/lib/jjs/modules/httpClient/demo/REST/REST.xml. See ptolemy/vergil/basic/export/test/junit/ExportModelJUnitTest.java
    [junit] ----------------- Sat Aug 11 02:52:34 UTC 2018 About to sleep for 5.0 seconds before running or rerunning.  Test is: /home/travis/build/icyphy/ptII/ptolemy/actor/lib/jjs/modules/httpClient/demo/REST/REST.xml
    [junit] Done sleeping
    [junit] Exported /home/travis/build/icyphy/ptII/ptolemy/actor/lib/jjs/modules/httpClient/demo/REST/REST/index.html
    [junit] 3170 ms. Memory: 2568704K Free: 1571554K (61%)
    [junit] ####### 39 Sat Aug 11 02:52:42 UTC 2018 $PTII/bin/ptinvoke ptolemy.vergil.basic.export.ExportModel -force htm -run -openComposites -timeOut 30000 -whiteBackground ptolemy/actor/lib/jjs/modules/httpClient/demo/REST/RESTSimple.xml $PTII/ptolemy/actor/lib/jjs/modules/httpClient/demo/REST/RESTSimple
    [junit] ----------------- Sat Aug 11 02:52:42 UTC 2018 About to sleep for 5.0 seconds before running or rerunning.  Test is: /home/travis/build/icyphy/ptII/ptolemy/actor/lib/jjs/modules/httpClient/demo/REST/RESTSimple.xml
    [junit] Done sleeping
    [junit] Running .RESTSimple
    [junit] REST: Making an HTTP request. (Thread[AWT-EventQueue-0,6,main])
    [junit] REST: Making an HTTP request. (Thread[AWT-EventQueue-0,6,main])
    [junit] true
    [junit] 2109 ms. Memory: 2568704K Free: 1091544K (42%)
    [junit] WARNING: REST: Model stopped before executing actions (e.g. producing outputs) scheduled for execution at times [5.0, 5.436]
    [junit] Exported /home/travis/build/icyphy/ptII/ptolemy/actor/lib/jjs/modules/httpClient/demo/REST/RESTSimple/index.html
    [junit] 7061 ms. Memory: 2568704K Free: 1052055K (41%)
    [junit] ####### 40 Sat Aug 11 02:52:54 UTC 2018 $PTII/bin/ptinvoke ptolemy.vergil.basic.export.ExportModel -force htm  -openComposites -timeOut 30000 -whiteBackground ptolemy/actor/lib/jjs/modules/httpClient/demo/REST/Weather.xml $PTII/ptolemy/actor/lib/jjs/modules/httpClient/demo/REST/Weather
    [junit] Warning: not running ptolemy/actor/lib/jjs/modules/httpClient/demo/REST/Weather.xml. See ptolemy/vergil/basic/export/test/junit/ExportModelJUnitTest.java
    [junit] ----------------- Sat Aug 11 02:52:54 UTC 2018 About to sleep for 5.0 seconds before running or rerunning.  Test is: /home/travis/build/icyphy/ptII/ptolemy/actor/lib/jjs/modules/httpClient/demo/REST/Weather.xml
    [junit] Done sleeping
    [junit] Exported /home/travis/build/icyphy/ptII/ptolemy/actor/lib/jjs/modules/httpClient/demo/REST/Weather/index.html
    [junit] 4813 ms. Memory: 2568704K Free: 611805K (24%)
    [junit] ####### 41 Sat Aug 11 02:53:04 UTC 2018 $PTII/bin/ptinvoke ptolemy.vergil.basic.export.ExportModel -force htm -run -openComposites -timeOut 30000 -whiteBackground ptolemy/actor/lib/jjs/modules/httpServer/demo/HttpServer/HttpServer.xml $PTII/ptolemy/actor/lib/jjs/modules/httpServer/demo/HttpServer/HttpServer
    [junit] ----------------- Sat Aug 11 02:53:04 UTC 2018 About to sleep for 5.0 seconds before running or rerunning.  Test is: /home/travis/build/icyphy/ptII/ptolemy/actor/lib/jjs/modules/httpServer/demo/HttpServer/HttpServer.xml
    [junit] Done sleeping
    [junit] Running .HttpServer
    [junit] ExportHTMLTimer went off after 30000 ms., calling getDirector().finish and getDirector().stopFire()
    [junit] 30012 ms. Memory: 2574848K Free: 1483739K (58%)
    [junit] Exported /home/travis/build/icyphy/ptII/ptolemy/actor/lib/jjs/modules/httpServer/demo/HttpServer/HttpServer/index.html
    [junit] 34923 ms. Memory: 2574848K Free: 1460559K (57%)
    [junit] ####### 42 Sat Aug 11 02:53:44 UTC 2018 $PTII/bin/ptinvoke ptolemy.vergil.basic.export.ExportModel -force htm -run -openComposites -timeOut 30000 -whiteBackground ptolemy/actor/lib/jjs/modules/httpServer/demo/KeyValueStoreClient/KeyValueStoreClient.xml $PTII/ptolemy/actor/lib/jjs/modules/httpServer/demo/KeyValueStoreClient/KeyValueStoreClient
    [junit] ----------------- Sat Aug 11 02:53:44 UTC 2018 About to sleep for 5.0 seconds before running or rerunning.  Test is: /home/travis/build/icyphy/ptII/ptolemy/actor/lib/jjs/modules/httpServer/demo/KeyValueStoreClient/KeyValueStoreClient.xml
    [junit] Done sleeping
    [junit] Running .KeyValueStoreClient
    [junit] HttpClientHelper.java: Received an error for request 0: io.netty.channel.AbstractChannel$AnnotatedConnectException: Connection refused: localhost/127.0.0.1:8077
    [junit] io.netty.channel.AbstractChannel$AnnotatedConnectException: Connection refused: localhost/127.0.0.1:8077
    [junit] 	at sun.nio.ch.SocketChannelImpl.checkConnect(Native Method)
    [junit] 	at sun.nio.ch.SocketChannelImpl.finishConnect(SocketChannelImpl.java:717)
    [junit] 	at io.netty.channel.socket.nio.NioSocketChannel.doFinishConnect(NioSocketChannel.java:325)
    [junit] 	at io.netty.channel.nio.AbstractNioChannel$AbstractNioUnsafe.finishConnect(AbstractNioChannel.java:340)
    [junit] 	at io.netty.channel.nio.NioEventLoop.processSelectedKey(NioEventLoop.java:633)
    [junit] 	at io.netty.channel.nio.NioEventLoop.processSelectedKeysOptimized(NioEventLoop.java:580)
    [junit] 	at io.netty.channel.nio.NioEventLoop.processSelectedKeys(NioEventLoop.java:497)
    [junit] 	at io.netty.channel.nio.NioEventLoop.run(NioEventLoop.java:459)
    [junit] 	at io.netty.util.concurrent.SingleThreadEventExecutor$5.run(SingleThreadEventExecutor.java:886)
    [junit] 	at io.netty.util.concurrent.FastThreadLocalRunnable.run(FastThreadLocalRunnable.java:30)
    [junit] 	at java.lang.Thread.run(Thread.java:748)
    [junit] Caused by: java.net.ConnectException: Connection refused
    [junit] 	... 11 more
    [junit] KeyValueStore: Making an HTTP request. (Thread[AWT-EventQueue-0,6,main])
    [junit] KeyValueStore: Making an HTTP request. (Thread[AWT-EventQueue-0,6,main])
    [junit] HttpClientHelper.java: Received an error for request 1: io.netty.channel.AbstractChannel$AnnotatedConnectException: Connection refused: localhost/127.0.0.1:8077
    [junit] io.netty.channel.AbstractChannel$AnnotatedConnectException: Connection refused: localhost/127.0.0.1:8077
    [junit] 	at sun.nio.ch.SocketChannelImpl.checkConnect(Native Method)
    [junit] 	at sun.nio.ch.SocketChannelImpl.finishConnect(SocketChannelImpl.java:717)
    [junit] 	at io.netty.channel.socket.nio.NioSocketChannel.doFinishConnect(NioSocketChannel.java:325)
    [junit] 	at io.netty.channel.nio.AbstractNioChannel$AbstractNioUnsafe.finishConnect(AbstractNioChannel.java:340)
    [junit] 	at io.netty.channel.nio.NioEventLoop.processSelectedKey(NioEventLoop.java:633)
    [junit] 	at io.netty.channel.nio.NioEventLoop.processSelectedKeysOptimized(NioEventLoop.java:580)
    [junit] 	at io.netty.channel.nio.NioEventLoop.processSelectedKeys(NioEventLoop.java:497)
    [junit] 	at io.netty.channel.nio.NioEventLoop.run(NioEventLoop.java:459)
    [junit] 	at io.netty.util.concurrent.SingleThreadEventExecutor$5.run(SingleThreadEventExecutor.java:886)
    [junit] 	at io.netty.util.concurrent.FastThreadLocalRunnable.run(FastThreadLocalRunnable.java:30)
    [junit] 	at java.lang.Thread.run(Thread.java:748)
    [junit] Caused by: java.net.ConnectException: Connection refused
    [junit] 	... 11 more
    [junit] KeyValueStore: Making an HTTP request. (Thread[AWT-EventQueue-0,6,main])
    [junit] HttpClientHelper.java: Received an error for request 2: io.netty.channel.AbstractChannel$AnnotatedConnectException: Connection refused: localhost/127.0.0.1:8077
    [junit] io.netty.channel.AbstractChannel$AnnotatedConnectException: Connection refused: localhost/127.0.0.1:8077
    [junit] 	at sun.nio.ch.SocketChannelImpl.checkConnect(Native Method)
    [junit] 	at sun.nio.ch.SocketChannelImpl.finishConnect(SocketChannelImpl.java:717)
    [junit] 	at io.netty.channel.socket.nio.NioSocketChannel.doFinishConnect(NioSocketChannel.java:325)
    [junit] 	at io.netty.channel.nio.AbstractNioChannel$AbstractNioUnsafe.finishConnect(AbstractNioChannel.java:340)
    [junit] 	at io.netty.channel.nio.NioEventLoop.processSelectedKey(NioEventLoop.java:633)
    [junit] 	at io.netty.channel.nio.NioEventLoop.processSelectedKeysOptimized(NioEventLoop.java:580)
    [junit] 	at io.netty.channel.nio.NioEventLoop.processSelectedKeys(NioEventLoop.java:497)
    [junit] 	at io.netty.channel.nio.NioEventLoop.run(NioEventLoop.java:459)
    [junit] 	at io.netty.util.concurrent.SingleThreadEventExecutor$5.run(SingleThreadEventExecutor.java:886)
    [junit] 	at io.netty.util.concurrent.FastThreadLocalRunnable.run(FastThreadLocalRunnable.java:30)
    [junit] 	at java.lang.Thread.run(Thread.java:748)
    [junit] Caused by: java.net.ConnectException: Connection refused
    [junit] 	... 11 more
    [junit] KeyValueStore: Making an HTTP request. (Thread[AWT-EventQueue-0,6,main])
    [junit] HttpClientHelper.java: Received an error for request 3: io.netty.channel.AbstractChannel$AnnotatedConnectException: Connection refused: localhost/127.0.0.1:8077
    [junit] io.netty.channel.AbstractChannel$AnnotatedConnectException: Connection refused: localhost/127.0.0.1:8077
    [junit] 	at sun.nio.ch.SocketChannelImpl.checkConnect(Native Method)
    [junit] 	at sun.nio.ch.SocketChannelImpl.finishConnect(SocketChannelImpl.java:717)
    [junit] 	at io.netty.channel.socket.nio.NioSocketChannel.doFinishConnect(NioSocketChannel.java:325)
    [junit] 	at io.netty.channel.nio.AbstractNioChannel$AbstractNioUnsafe.finishConnect(AbstractNioChannel.java:340)
    [junit] 	at io.netty.channel.nio.NioEventLoop.processSelectedKey(NioEventLoop.java:633)
    [junit] 	at io.netty.channel.nio.NioEventLoop.processSelectedKeysOptimized(NioEventLoop.java:580)
    [junit] 	at io.netty.channel.nio.NioEventLoop.processSelectedKeys(NioEventLoop.java:497)
    [junit] 	at io.netty.channel.nio.NioEventLoop.run(NioEventLoop.java:459)
    [junit] 	at io.netty.util.concurrent.SingleThreadEventExecutor$5.run(SingleThreadEventExecutor.java:886)
    [junit] 	at io.netty.util.concurrent.FastThreadLocalRunnable.run(FastThreadLocalRunnable.java:30)
    [junit] 	at java.lang.Thread.run(Thread.java:748)
    [junit] Caused by: java.net.ConnectException: Connection refused
    [junit] 	... 11 more
    [junit] KeyValueStore: Making an HTTP request. (Thread[AWT-EventQueue-0,6,main])
    [junit] HttpClientHelper.java: Received an error for request 4: io.netty.channel.AbstractChannel$AnnotatedConnectException: Connection refused: localhost/127.0.0.1:8077
    [junit] io.netty.channel.AbstractChannel$AnnotatedConnectException: Connection refused: localhost/127.0.0.1:8077
    [junit] 	at sun.nio.ch.SocketChannelImpl.checkConnect(Native Method)
    [junit] 	at sun.nio.ch.SocketChannelImpl.finishConnect(SocketChannelImpl.java:717)
    [junit] 	at io.netty.channel.socket.nio.NioSocketChannel.doFinishConnect(NioSocketChannel.java:325)
    [junit] 	at io.netty.channel.nio.AbstractNioChannel$AbstractNioUnsafe.finishConnect(AbstractNioChannel.java:340)
    [junit] 	at io.netty.channel.nio.NioEventLoop.processSelectedKey(NioEventLoop.java:633)
    [junit] 	at io.netty.channel.nio.NioEventLoop.processSelectedKeysOptimized(NioEventLoop.java:580)
    [junit] 	at io.netty.channel.nio.NioEventLoop.processSelectedKeys(NioEventLoop.java:497)
    [junit] 	at io.netty.channel.nio.NioEventLoop.run(NioEventLoop.java:459)
    [junit] 	at io.netty.util.concurrent.SingleThreadEventExecutor$5.run(SingleThreadEventExecutor.java:886)
    [junit] 	at io.netty.util.concurrent.FastThreadLocalRunnable.run(FastThreadLocalRunnable.java:30)
    [junit] 	at java.lang.Thread.run(Thread.java:748)
    [junit] Caused by: java.net.ConnectException: Connection refused
    [junit] 	... 11 more
    [junit] HttpClientHelper.java: Received an error for request 5: io.netty.channel.AbstractChannel$AnnotatedConnectException: Connection refused: localhost/127.0.0.1:8077
    [junit] io.netty.channel.AbstractChannel$AnnotatedConnectException: Connection refused: localhost/127.0.0.1:8077
    [junit] 	at sun.nio.ch.SocketChannelImpl.checkConnect(Native Method)
    [junit] 	at sun.nio.ch.SocketChannelImpl.finishConnect(SocketChannelImpl.java:717)
    [junit] 	at io.netty.channel.socket.nio.NioSocketChannel.doFinishConnect(NioSocketChannel.java:325)
    [junit] 	at io.netty.channel.nio.AbstractNioChannel$AbstractNioUnsafe.finishConnect(AbstractNioChannel.java:340)
    [junit] 	at io.netty.channel.nio.NioEventLoop.processSelectedKey(NioEventLoop.java:633)
    [junit] 	at io.netty.channel.nio.NioEventLoop.processSelectedKeysOptimized(NioEventLoop.java:580)
    [junit] 	at io.netty.channel.nio.NioEventLoop.processSelectedKeys(NioEventLoop.java:497)
    [junit] 	at io.netty.channel.nio.NioEventLoop.run(NioEventLoop.java:459)
    [junit] 	at io.netty.util.concurrent.SingleThreadEventExecutor$5.run(SingleThreadEventExecutor.java:886)
    [junit] 	at io.netty.util.concurrent.FastThreadLocalRunnable.run(FastThreadLocalRunnable.java:30)
    [junit] 	at java.lang.Thread.run(Thread.java:748)
    [junit] Caused by: java.net.ConnectException: Connection refused
    [junit] 	... 11 more
    [junit] KeyValueStore: Making an HTTP request. (Thread[AWT-EventQueue-0,6,main])
    [junit] HttpClientHelper.java: Received an error for request 6: io.netty.channel.AbstractChannel$AnnotatedConnectException: Connection refused: localhost/127.0.0.1:8077
    [junit] io.netty.channel.AbstractChannel$AnnotatedConnectException: Connection refused: localhost/127.0.0.1:8077
    [junit] 	at sun.nio.ch.SocketChannelImpl.checkConnect(Native Method)
    [junit] 	at sun.nio.ch.SocketChannelImpl.finishConnect(SocketChannelImpl.java:717)
    [junit] 	at io.netty.channel.socket.nio.NioSocketChannel.doFinishConnect(NioSocketChannel.java:325)
    [junit] 	at io.netty.channel.nio.AbstractNioChannel$AbstractNioUnsafe.finishConnect(AbstractNioChannel.java:340)
    [junit] 	at io.netty.channel.nio.NioEventLoop.processSelectedKey(NioEventLoop.java:633)
    [junit] 	at io.netty.channel.nio.NioEventLoop.processSelectedKeysOptimized(NioEventLoop.java:580)
    [junit] 	at io.netty.channel.nio.NioEventLoop.processSelectedKeys(NioEventLoop.java:497)
    [junit] 	at io.netty.channel.nio.NioEventLoop.run(NioEventLoop.java:459)
    [junit] 	at io.netty.util.concurrent.SingleThreadEventExecutor$5.run(SingleThreadEventExecutor.java:886)
    [junit] 	at io.netty.util.concurrent.FastThreadLocalRunnable.run(FastThreadLocalRunnable.java:30)
    [junit] 	at java.lang.Thread.run(Thread.java:748)
    [junit] Caused by: java.net.ConnectException: Connection refused
    [junit] 	... 11 more
    [junit] KeyValueStore: Making an HTTP request. (Thread[AWT-EventQueue-0,6,main])
    [junit] HttpClientHelper.java: Received an error for request 7: io.netty.channel.AbstractChannel$AnnotatedConnectException: Connection refused: localhost/127.0.0.1:8077
    [junit] io.netty.channel.AbstractChannel$AnnotatedConnectException: Connection refused: localhost/127.0.0.1:8077
    [junit] 	at sun.nio.ch.SocketChannelImpl.checkConnect(Native Method)
    [junit] 	at sun.nio.ch.SocketChannelImpl.finishConnect(SocketChannelImpl.java:717)
    [junit] 	at io.netty.channel.socket.nio.NioSocketChannel.doFinishConnect(NioSocketChannel.java:325)
    [junit] 	at io.netty.channel.nio.AbstractNioChannel$AbstractNioUnsafe.finishConnect(AbstractNioChannel.java:340)
    [junit] 	at io.netty.channel.nio.NioEventLoop.processSelectedKey(NioEventLoop.java:633)
    [junit] 	at io.netty.channel.nio.NioEventLoop.processSelectedKeysOptimized(NioEventLoop.java:580)
    [junit] 	at io.netty.channel.nio.NioEventLoop.processSelectedKeys(NioEventLoop.java:497)
    [junit] 	at io.netty.channel.nio.NioEventLoop.run(NioEventLoop.java:459)
    [junit] 	at io.netty.util.concurrent.SingleThreadEventExecutor$5.run(SingleThreadEventExecutor.java:886)
    [junit] 	at io.netty.util.concurrent.FastThreadLocalRunnable.run(FastThreadLocalRunnable.java:30)
    [junit] 	at java.lang.Thread.run(Thread.java:748)
    [junit] Caused by: java.net.ConnectException: Connection refused
    [junit] 	... 11 more
    [junit] KeyValueStore: Making an HTTP request. (Thread[AWT-EventQueue-0,6,main])
    [junit] HttpClientHelper.java: Received an error for request 8: io.netty.channel.AbstractChannel$AnnotatedConnectException: Connection refused: localhost/127.0.0.1:8077
    [junit] io.netty.channel.AbstractChannel$AnnotatedConnectException: Connection refused: localhost/127.0.0.1:8077
    [junit] 	at sun.nio.ch.SocketChannelImpl.checkConnect(Native Method)
    [junit] 	at sun.nio.ch.SocketChannelImpl.finishConnect(SocketChannelImpl.java:717)
    [junit] 	at io.netty.channel.socket.nio.NioSocketChannel.doFinishConnect(NioSocketChannel.java:325)
    [junit] 	at io.netty.channel.nio.AbstractNioChannel$AbstractNioUnsafe.finishConnect(AbstractNioChannel.java:340)
    [junit] 	at io.netty.channel.nio.NioEventLoop.processSelectedKey(NioEventLoop.java:633)
    [junit] 	at io.netty.channel.nio.NioEventLoop.processSelectedKeysOptimized(NioEventLoop.java:580)
    [junit] 	at io.netty.channel.nio.NioEventLoop.processSelectedKeys(NioEventLoop.java:497)
    [junit] 	at io.netty.channel.nio.NioEventLoop.run(NioEventLoop.java:459)
    [junit] 	at io.netty.util.concurrent.SingleThreadEventExecutor$5.run(SingleThreadEventExecutor.java:886)
    [junit] 	at io.netty.util.concurrent.FastThreadLocalRunnable.run(FastThreadLocalRunnable.java:30)
    [junit] 	at java.lang.Thread.run(Thread.java:748)
    [junit] Caused by: java.net.ConnectException: Connection refused
    [junit] 	... 11 more
    [junit] KeyValueStore: Making an HTTP request. (Thread[AWT-EventQueue-0,6,main])
    [junit] HttpClientHelper.java: Received an error for request 9: io.netty.channel.AbstractChannel$AnnotatedConnectException: Connection refused: localhost/127.0.0.1:8077
    [junit] io.netty.channel.AbstractChannel$AnnotatedConnectException: Connection refused: localhost/127.0.0.1:8077
    [junit] 	at sun.nio.ch.SocketChannelImpl.checkConnect(Native Method)
    [junit] 	at sun.nio.ch.SocketChannelImpl.finishConnect(SocketChannelImpl.java:717)
    [junit] 	at io.netty.channel.socket.nio.NioSocketChannel.doFinishConnect(NioSocketChannel.java:325)
    [junit] 	at io.netty.channel.nio.AbstractNioChannel$AbstractNioUnsafe.finishConnect(AbstractNioChannel.java:340)
    [junit] 	at io.netty.channel.nio.NioEventLoop.processSelectedKey(NioEventLoop.java:633)
    [junit] 	at io.netty.channel.nio.NioEventLoop.processSelectedKeysOptimized(NioEventLoop.java:580)
    [junit] 	at io.netty.channel.nio.NioEventLoop.processSelectedKeys(NioEventLoop.java:497)
    [junit] 	at io.netty.channel.nio.NioEventLoop.run(NioEventLoop.java:459)
    [junit] 	at io.netty.util.concurrent.SingleThreadEventExecutor$5.run(SingleThreadEventExecutor.java:886)
    [junit] 	at io.netty.util.concurrent.FastThreadLocalRunnable.run(FastThreadLocalRunnable.java:30)
    [junit] 	at java.lang.Thread.run(Thread.java:748)
    [junit] Caused by: java.net.ConnectException: Connection refused
    [junit] 	... 11 more
    [junit] KeyValueStore: Making an HTTP request. (Thread[AWT-EventQueue-0,6,main])
    [junit] HttpClientHelper.java: Received an error for request 10: io.netty.channel.AbstractChannel$AnnotatedConnectException: Connection refused: localhost/127.0.0.1:8077
    [junit] io.netty.channel.AbstractChannel$AnnotatedConnectException: Connection refused: localhost/127.0.0.1:8077
    [junit] 	at sun.nio.ch.SocketChannelImpl.checkConnect(Native Method)
    [junit] 	at sun.nio.ch.SocketChannelImpl.finishConnect(SocketChannelImpl.java:717)
    [junit] 	at io.netty.channel.socket.nio.NioSocketChannel.doFinishConnect(NioSocketChannel.java:325)
    [junit] 	at io.netty.channel.nio.AbstractNioChannel$AbstractNioUnsafe.finishConnect(AbstractNioChannel.java:340)
    [junit] 	at io.netty.channel.nio.NioEventLoop.processSelectedKey(NioEventLoop.java:633)
    [junit] 	at io.netty.channel.nio.NioEventLoop.processSelectedKeysOptimized(NioEventLoop.java:580)
    [junit] 	at io.netty.channel.nio.NioEventLoop.processSelectedKeys(NioEventLoop.java:497)
    [junit] 	at io.netty.channel.nio.NioEventLoop.run(NioEventLoop.java:459)
    [junit] 	at io.netty.util.concurrent.SingleThreadEventExecutor$5.run(SingleThreadEventExecutor.java:886)
    [junit] 	at io.netty.util.concurrent.FastThreadLocalRunnable.run(FastThreadLocalRunnable.java:30)
    [junit] 	at java.lang.Thread.run(Thread.java:748)
    [junit] Caused by: java.net.ConnectException: Connection refused
    [junit] 	... 11 more
    [junit] KeyValueStore: Making an HTTP request. (Thread[AWT-EventQueue-0,6,main])
    [junit] HttpClientHelper.java: Received an error for request 11: io.netty.channel.AbstractChannel$AnnotatedConnectException: Connection refused: localhost/127.0.0.1:8077
    [junit] io.netty.channel.AbstractChannel$AnnotatedConnectException: Connection refused: localhost/127.0.0.1:8077
    [junit] 	at sun.nio.ch.SocketChannelImpl.checkConnect(Native Method)
    [junit] 	at sun.nio.ch.SocketChannelImpl.finishConnect(SocketChannelImpl.java:717)
    [junit] 	at io.netty.channel.socket.nio.NioSocketChannel.doFinishConnect(NioSocketChannel.java:325)
    [junit] 	at io.netty.channel.nio.AbstractNioChannel$AbstractNioUnsafe.finishConnect(AbstractNioChannel.java:340)
    [junit] 	at io.netty.channel.nio.NioEventLoop.processSelectedKey(NioEventLoop.java:633)
    [junit] 	at io.netty.channel.nio.NioEventLoop.processSelectedKeysOptimized(NioEventLoop.java:580)
    [junit] 	at io.netty.channel.nio.NioEventLoop.processSelectedKeys(NioEventLoop.java:497)
    [junit] 	at io.netty.channel.nio.NioEventLoop.run(NioEventLoop.java:459)
    [junit] 	at io.netty.util.concurrent.SingleThreadEventExecutor$5.run(SingleThreadEventExecutor.java:886)
    [junit] 	at io.netty.util.concurrent.FastThreadLocalRunnable.run(FastThreadLocalRunnable.java:30)
    [junit] 	at java.lang.Thread.run(Thread.java:748)
    [junit] Caused by: java.net.ConnectException: Connection refused
    [junit] 	... 11 more
    [junit] KeyValueStore: Making an HTTP request. (Thread[AWT-EventQueue-0,6,main])
    [junit] HttpClientHelper.java: Received an error for request 12: io.netty.channel.AbstractChannel$AnnotatedConnectException: Connection refused: localhost/127.0.0.1:8077
    [junit] io.netty.channel.AbstractChannel$AnnotatedConnectException: Connection refused: localhost/127.0.0.1:8077
    [junit] 	at sun.nio.ch.SocketChannelImpl.checkConnect(Native Method)
    [junit] 	at sun.nio.ch.SocketChannelImpl.finishConnect(SocketChannelImpl.java:717)
    [junit] 	at io.netty.channel.socket.nio.NioSocketChannel.doFinishConnect(NioSocketChannel.java:325)
    [junit] 	at io.netty.channel.nio.AbstractNioChannel$AbstractNioUnsafe.finishConnect(AbstractNioChannel.java:340)
    [junit] 	at io.netty.channel.nio.NioEventLoop.processSelectedKey(NioEventLoop.java:633)
    [junit] 	at io.netty.channel.nio.NioEventLoop.processSelectedKeysOptimized(NioEventLoop.java:580)
    [junit] 	at io.netty.channel.nio.NioEventLoop.processSelectedKeys(NioEventLoop.java:497)
    [junit] 	at io.netty.channel.nio.NioEventLoop.run(NioEventLoop.java:459)
    [junit] 	at io.netty.util.concurrent.SingleThreadEventExecutor$5.run(SingleThreadEventExecutor.java:886)
    [junit] 	at io.netty.util.concurrent.FastThreadLocalRunnable.run(FastThreadLocalRunnable.java:30)
    [junit] 	at java.lang.Thread.run(Thread.java:748)
    [junit] Caused by: java.net.ConnectException: Connection refused
    [junit] 	... 11 more
    [junit] KeyValueStore: Making an HTTP request. (Thread[AWT-EventQueue-0,6,main])
    [junit] HttpClientHelper.java: Received an error for request 13: io.netty.channel.AbstractChannel$AnnotatedConnectException: Connection refused: localhost/127.0.0.1:8077
    [junit] io.netty.channel.AbstractChannel$AnnotatedConnectException: Connection refused: localhost/127.0.0.1:8077
    [junit] 	at sun.nio.ch.SocketChannelImpl.checkConnect(Native Method)
    [junit] 	at sun.nio.ch.SocketChannelImpl.finishConnect(SocketChannelImpl.java:717)
    [junit] 	at io.netty.channel.socket.nio.NioSocketChannel.doFinishConnect(NioSocketChannel.java:325)
    [junit] 	at io.netty.channel.nio.AbstractNioChannel$AbstractNioUnsafe.finishConnect(AbstractNioChannel.java:340)
    [junit] 	at io.netty.channel.nio.NioEventLoop.processSelectedKey(NioEventLoop.java:633)
    [junit] 	at io.netty.channel.nio.NioEventLoop.processSelectedKeysOptimized(NioEventLoop.java:580)
    [junit] 	at io.netty.channel.nio.NioEventLoop.processSelectedKeys(NioEventLoop.java:497)
    [junit] 	at io.netty.channel.nio.NioEventLoop.run(NioEventLoop.java:459)
    [junit] 	at io.netty.util.concurrent.SingleThreadEventExecutor$5.run(SingleThreadEventExecutor.java:886)
    [junit] 	at io.netty.util.concurrent.FastThreadLocalRunnable.run(FastThreadLocalRunnable.java:30)
    [junit] 	at java.lang.Thread.run(Thread.java:748)
    [junit] Caused by: java.net.ConnectException: Connection refused
    [junit] 	... 11 more
    [junit] KeyValueStore: Making an HTTP request. (Thread[AWT-EventQueue-0,6,main])
    [junit] ExportHTMLTimer went off after 30000 ms., calling getDirector().finish and getDirector().stopFire()
    [junit] 30035 ms. Memory: 2553344K Free: 1554576K (61%)
    [junit] WARNING: Clock: Model stopped before executing actions (e.g. producing outputs) scheduled for execution at times [28.0]
    [junit] Exported /home/travis/build/icyphy/ptII/ptolemy/actor/lib/jjs/modules/httpServer/demo/KeyValueStoreClient/KeyValueStoreClient/index.html
    [junit] 36192 ms. Memory: 2553344K Free: 1507155K (59%)
    [junit] ####### 43 Sat Aug 11 02:54:25 UTC 2018 $PTII/bin/ptinvoke ptolemy.vergil.basic.export.ExportModel -force htm -run -openComposites -timeOut 30000 -whiteBackground ptolemy/actor/lib/jjs/modules/httpServer/demo/KeyValueStoreClient/KeyValueStoreServer.xml $PTII/ptolemy/actor/lib/jjs/modules/httpServer/demo/KeyValueStoreClient/KeyValueStoreServer
    [junit] ----------------- Sat Aug 11 02:54:25 UTC 2018 About to sleep for 5.0 seconds before running or rerunning.  Test is: /home/travis/build/icyphy/ptII/ptolemy/actor/lib/jjs/modules/httpServer/demo/KeyValueStoreClient/KeyValueStoreServer.xml
    [junit] Done sleeping
    [junit] Running .KeyValueStoreServer
    [junit] WebServer: WebServer: Creating new server. (Thread[AWT-EventQueue-0,6,main])
    [junit] WebServer: WebServer: Listening for requests. (Thread[vert.x-eventloop-thread-1,6,main])
    [junit] ExportHTMLTimer went off after 30000 ms., calling getDirector().finish and getDirector().stopFire()
    [junit] WebServer: WebServer: Stopping the server. (Thread[AWT-EventQueue-0,6,main])
    [junit] 30086 ms. Memory: 2566144K Free: 440920K (17%)
    [junit] Exported /home/travis/build/icyphy/ptII/ptolemy/actor/lib/jjs/modules/httpServer/demo/KeyValueStoreClient/KeyValueStoreServer/index.html
    [junit] 38909 ms. Memory: 2566144K Free: 391141K (15%)
    [junit] ####### 44 Sat Aug 11 02:55:09 UTC 2018 $PTII/bin/ptinvoke ptolemy.vergil.basic.export.ExportModel -force htm -run -openComposites -timeOut 30000 -whiteBackground ptolemy/actor/lib/jjs/modules/httpServer/demo/KeyValueStoreClient/KeyValueStoreServerTerra.xml $PTII/ptolemy/actor/lib/jjs/modules/httpServer/demo/KeyValueStoreClient/KeyValueStoreServerTerra
    [junit] ----------------- Sat Aug 11 02:55:09 UTC 2018 About to sleep for 5.0 seconds before running or rerunning.  Test is: /home/travis/build/icyphy/ptII/ptolemy/actor/lib/jjs/modules/httpServer/demo/KeyValueStoreClient/KeyValueStoreServerTerra.xml
2018-08-11 02:55:11
Full thread dump Java HotSpot(TM) 64-Bit Server VM (25.151-b12 mixed mode):

"WATCHDOG" #69 daemon prio=5 os_prio=0 tid=0x00007fb4ac88f000 nid=0x99b in Object.wait() [0x00007fb494a5a000]
   java.lang.Thread.State: TIMED_WAITING (on object monitor)
	at java.lang.Object.wait(Native Method)
	at org.apache.tools.ant.util.Watchdog.run(Watchdog.java:117)
	- locked <0x00000000d800ff70> (a org.apache.tools.ant.util.Watchdog)
	at java.lang.Thread.run(Thread.java:748)

"Thread-29" #67 daemon prio=5 os_prio=0 tid=0x00007fb4ac88e800 nid=0x99a in Object.wait() [0x00007fb494d5d000]
   java.lang.Thread.State: TIMED_WAITING (on object monitor)
	at java.lang.Object.wait(Native Method)
	at org.apache.tools.ant.taskdefs.StreamPumper.waitForInput(StreamPumper.java:246)
	- locked <0x00000000d89c5fe0> (a org.apache.tools.ant.taskdefs.StreamPumper)
	at org.apache.tools.ant.taskdefs.StreamPumper.run(StreamPumper.java:126)
	at java.lang.Thread.run(Thread.java:748)

"Thread-28" #66 daemon prio=5 os_prio=0 tid=0x00007fb4ac971800 nid=0x999 in Object.wait() [0x00007fb494c5c000]
   java.lang.Thread.State: TIMED_WAITING (on object monitor)
	at java.lang.Object.wait(Native Method)
	at org.apache.tools.ant.taskdefs.StreamPumper.waitForInput(StreamPumper.java:246)
	- locked <0x00000000d89c5c70> (a org.apache.tools.ant.taskdefs.StreamPumper)
	at org.apache.tools.ant.taskdefs.StreamPumper.run(StreamPumper.java:126)
	at java.lang.Thread.run(Thread.java:748)

"Keep-Alive-SocketCleaner" #58 daemon prio=8 os_prio=0 tid=0x00007fb478001800 nid=0x3e5 in Object.wait() [0x00007fb494b5b000]
   java.lang.Thread.State: WAITING (on object monitor)
	at java.lang.Object.wait(Native Method)
	at sun.net.www.http.KeepAliveStreamCleaner.run(KeepAliveStreamCleaner.java:101)
	- locked <0x00000000801af3e0> (a sun.net.www.http.KeepAliveStreamCleaner)
	at java.lang.Thread.run(Thread.java:748)

"process reaper" #8 daemon prio=10 os_prio=0 tid=0x00007fb4ac38d800 nid=0x375 runnable [0x00007fb494d96000]
   java.lang.Thread.State: RUNNABLE
	at java.lang.UNIXProcess.waitForProcessExit(Native Method)
	at java.lang.UNIXProcess.lambda$initStreams$3(UNIXProcess.java:289)
	at java.lang.UNIXProcess$$Lambda$7/507084503.run(Unknown Source)
	at java.util.concurrent.ThreadPoolExecutor.runWorker(ThreadPoolExecutor.java:1149)
	at java.util.concurrent.ThreadPoolExecutor$Worker.run(ThreadPoolExecutor.java:624)
	at java.lang.Thread.run(Thread.java:748)

"Service Thread" #7 daemon prio=9 os_prio=0 tid=0x00007fb4ac0cc000 nid=0x372 runnable [0x0000000000000000]
   java.lang.Thread.State: RUNNABLE

"C1 CompilerThread1" #6 daemon prio=9 os_prio=0 tid=0x00007fb4ac0b7800 nid=0x371 waiting on condition [0x0000000000000000]
   java.lang.Thread.State: RUNNABLE

"C2 CompilerThread0" #5 daemon prio=9 os_prio=0 tid=0x00007fb4ac0b4800 nid=0x370 waiting on condition [0x0000000000000000]
   java.lang.Thread.State: RUNNABLE

"Signal Dispatcher" #4 daemon prio=9 os_prio=0 tid=0x00007fb4ac0b3000 nid=0x36f waiting on condition [0x0000000000000000]
   java.lang.Thread.State: RUNNABLE

"Finalizer" #3 daemon prio=8 os_prio=0 tid=0x00007fb4ac080000 nid=0x36e in Object.wait() [0x00007fb496063000]
   java.lang.Thread.State: WAITING (on object monitor)
	at java.lang.Object.wait(Native Method)
	at java.lang.ref.ReferenceQueue.remove(ReferenceQueue.java:143)
	- locked <0x00000000806eb960> (a java.lang.ref.ReferenceQueue$Lock)
	at java.lang.ref.ReferenceQueue.remove(ReferenceQueue.java:164)
	at java.lang.ref.Finalizer$FinalizerThread.run(Finalizer.java:209)

"Reference Handler" #2 daemon prio=10 os_prio=0 tid=0x00007fb4ac07b800 nid=0x36d in Object.wait() [0x00007fb496164000]
   java.lang.Thread.State: WAITING (on object monitor)
	at java.lang.Object.wait(Native Method)
	at java.lang.Object.wait(Object.java:502)
	at java.lang.ref.Reference.tryHandlePending(Reference.java:191)
	- locked <0x00000000806eb9a0> (a java.lang.ref.Reference$Lock)
	at java.lang.ref.Reference$ReferenceHandler.run(Reference.java:153)

"main" #1 prio=5 os_prio=0 tid=0x00007fb4ac00a000 nid=0x369 in Object.wait() [0x00007fb4b2272000]
   java.lang.Thread.State: WAITING (on object monitor)
	at java.lang.Object.wait(Native Method)
	at java.lang.Object.wait(Object.java:502)
	at java.lang.UNIXProcess.waitFor(UNIXProcess.java:395)
	- locked <0x00000000d89bf8e8> (a java.lang.UNIXProcess)
	at org.apache.tools.ant.taskdefs.Execute.waitFor(Execute.java:532)
	at org.apache.tools.ant.taskdefs.Execute.execute(Execute.java:461)
	at org.apache.tools.ant.taskdefs.optional.junit.JUnitTask.executeAsForked(JUnitTask.java:1284)
	at org.apache.tools.ant.taskdefs.optional.junit.JUnitTask.execute(JUnitTask.java:1050)
	at org.apache.tools.ant.taskdefs.optional.junit.JUnitTask.executeOrQueue(JUnitTask.java:2207)
	at org.apache.tools.ant.taskdefs.optional.junit.JUnitTask.execute(JUnitTask.java:858)
	at org.apache.tools.ant.UnknownElement.execute(UnknownElement.java:293)
	at sun.reflect.GeneratedMethodAccessor4.invoke(Unknown Source)
	at sun.reflect.DelegatingMethodAccessorImpl.invoke(DelegatingMethodAccessorImpl.java:43)
	at java.lang.reflect.Method.invoke(Method.java:498)
	at org.apache.tools.ant.dispatch.DispatchUtils.execute(DispatchUtils.java:106)
	at org.apache.tools.ant.Task.perform(Task.java:348)
	at org.apache.tools.ant.Target.execute(Target.java:435)
	at org.apache.tools.ant.Target.performTasks(Target.java:456)
	at org.apache.tools.ant.Project.executeSortedTargets(Project.java:1405)
	at org.apache.tools.ant.Project.executeTarget(Project.java:1376)
	at org.apache.tools.ant.helper.DefaultExecutor.executeTargets(DefaultExecutor.java:41)
	at org.apache.tools.ant.Project.executeTargets(Project.java:1260)
	at org.apache.tools.ant.Main.runBuild(Main.java:857)
	at org.apache.tools.ant.Main.startAnt(Main.java:236)
	at org.apache.tools.ant.launch.Launcher.run(Launcher.java:287)
	at org.apache.tools.ant.launch.Launcher.main(Launcher.java:113)

"VM Thread" os_prio=0 tid=0x00007fb4ac073800 nid=0x36c runnable 

"GC task thread#0 (ParallelGC)" os_prio=0 tid=0x00007fb4ac01f000 nid=0x36a runnable 

"GC task thread#1 (ParallelGC)" os_prio=0 tid=0x00007fb4ac021000 nid=0x36b runnable 

"VM Periodic Task Thread" os_prio=0 tid=0x00007fb4ac0d7000 nid=0x373 waiting on condition 

JNI global references: 282

Heap
 PSYoungGen      total 256000K, used 89285K [0x00000000d5580000, 0x00000000e5980000, 0x0000000100000000)
  eden space 245760K, 33% used [0x00000000d5580000,0x00000000da6ad150,0x00000000e4580000)
  from space 10240K, 60% used [0x00000000e4f80000,0x00000000e5584598,0x00000000e5980000)
  to   space 10240K, 0% used [0x00000000e4580000,0x00000000e4580000,0x00000000e4f80000)
 ParOldGen       total 80896K, used 11725K [0x0000000080000000, 0x0000000084f00000, 0x00000000d5580000)
  object space 80896K, 14% used [0x0000000080000000,0x0000000080b735c0,0x0000000084f00000)
 Metaspace       used 13840K, capacity 14160K, committed 14464K, reserved 1062912K
  class space    used 1486K, capacity 1593K, committed 1664K, reserved 1048576K

    [junit] 2018-08-11 02:55:11
    [junit] Full thread dump Java HotSpot(TM) 64-Bit Server VM (25.151-b12 mixed mode):
    [junit] 
    [junit] "vert.x-eventloop-thread-0" #580 prio=6 os_prio=0 tid=0x00007fa54f48b800 nid=0xddf runnable [0x00007fa520e34000]
    [junit]    java.lang.Thread.State: RUNNABLE
    [junit] 	at sun.nio.ch.EPollArrayWrapper.epollWait(Native Method)
    [junit] 	at sun.nio.ch.EPollArrayWrapper.poll(EPollArrayWrapper.java:269)
    [junit] 	at sun.nio.ch.EPollSelectorImpl.doSelect(EPollSelectorImpl.java:93)
    [junit] 	at sun.nio.ch.SelectorImpl.lockAndDoSelect(SelectorImpl.java:86)
    [junit] 	- locked <0x000000069ac2f850> (a io.netty.channel.nio.SelectedSelectionKeySet)
    [junit] 	- locked <0x000000069ac2f950> (a java.util.Collections$UnmodifiableSet)
    [junit] 	- locked <0x000000069ac2f868> (a sun.nio.ch.EPollSelectorImpl)
    [junit] 	at sun.nio.ch.SelectorImpl.select(SelectorImpl.java:97)
    [junit] 	at io.netty.channel.nio.SelectedSelectionKeySetSelector.select(SelectedSelectionKeySetSelector.java:62)
    [junit] 	at io.netty.channel.nio.NioEventLoop.select(NioEventLoop.java:753)
    [junit] 	at io.netty.channel.nio.NioEventLoop.run(NioEventLoop.java:409)
    [junit] 	at io.netty.util.concurrent.SingleThreadEventExecutor$5.run(SingleThreadEventExecutor.java:886)
    [junit] 	at io.netty.util.concurrent.FastThreadLocalRunnable.run(FastThreadLocalRunnable.java:30)
    [junit] 	at java.lang.Thread.run(Thread.java:748)
    [junit] 
    [junit] "vertx-blocked-thread-checker" #578 daemon prio=6 os_prio=0 tid=0x00007fa54ee5d000 nid=0xdde in Object.wait() [0x00007fa521785000]
    [junit]    java.lang.Thread.State: TIMED_WAITING (on object monitor)
    [junit] 	at java.lang.Object.wait(Native Method)
    [junit] 	at java.util.TimerThread.mainLoop(Timer.java:552)
    [junit] 	- locked <0x000000069ac40b08> (a java.util.TaskQueue)
    [junit] 	at java.util.TimerThread.run(Timer.java:505)
    [junit] 
    [junit] "vert.x-acceptor-thread-0" #235 prio=6 os_prio=0 tid=0x00007fa54d12a000 nid=0xa62 runnable [0x00007fa5469fc000]
    [junit]    java.lang.Thread.State: RUNNABLE
    [junit] 	at sun.nio.ch.EPollArrayWrapper.epollWait(Native Method)
    [junit] 	at sun.nio.ch.EPollArrayWrapper.poll(EPollArrayWrapper.java:269)
    [junit] 	at sun.nio.ch.EPollSelectorImpl.doSelect(EPollSelectorImpl.java:93)
    [junit] 	at sun.nio.ch.SelectorImpl.lockAndDoSelect(SelectorImpl.java:86)
    [junit] 	- locked <0x000000068a7078b0> (a io.netty.channel.nio.SelectedSelectionKeySet)
    [junit] 	- locked <0x000000068a7079a0> (a java.util.Collections$UnmodifiableSet)
    [junit] 	- locked <0x000000068a7078c8> (a sun.nio.ch.EPollSelectorImpl)
    [junit] 	at sun.nio.ch.SelectorImpl.select(SelectorImpl.java:97)
    [junit] 	at io.netty.channel.nio.SelectedSelectionKeySetSelector.select(SelectedSelectionKeySetSelector.java:62)
    [junit] 	at io.netty.channel.nio.NioEventLoop.select(NioEventLoop.java:753)
    [junit] 	at io.netty.channel.nio.NioEventLoop.run(NioEventLoop.java:409)
    [junit] 	at io.netty.util.concurrent.SingleThreadEventExecutor$5.run(SingleThreadEventExecutor.java:886)
    [junit] 	at io.netty.util.concurrent.FastThreadLocalRunnable.run(FastThreadLocalRunnable.java:30)
    [junit] 	at java.lang.Thread.run(Thread.java:748)
    [junit] 
    [junit] "vert.x-eventloop-thread-3" #234 prio=6 os_prio=0 tid=0x00007fa54cb7a000 nid=0xa61 runnable [0x00007fa57598c000]
    [junit]    java.lang.Thread.State: RUNNABLE
    [junit] 	at sun.nio.ch.EPollArrayWrapper.epollWait(Native Method)
    [junit] 	at sun.nio.ch.EPollArrayWrapper.poll(EPollArrayWrapper.java:269)
    [junit] 	at sun.nio.ch.EPollSelectorImpl.doSelect(EPollSelectorImpl.java:93)
    [junit] 	at sun.nio.ch.SelectorImpl.lockAndDoSelect(SelectorImpl.java:86)
    [junit] 	- locked <0x000000068a6dc568> (a io.netty.channel.nio.SelectedSelectionKeySet)
    [junit] 	- locked <0x000000068a6dc658> (a java.util.Collections$UnmodifiableSet)
    [junit] 	- locked <0x000000068a6dc580> (a sun.nio.ch.EPollSelectorImpl)
    [junit] 	at sun.nio.ch.SelectorImpl.select(SelectorImpl.java:97)
    [junit] 	at io.netty.channel.nio.SelectedSelectionKeySetSelector.select(SelectedSelectionKeySetSelector.java:62)
    [junit] 	at io.netty.channel.nio.NioEventLoop.select(NioEventLoop.java:753)
    [junit] 	at io.netty.channel.nio.NioEventLoop.run(NioEventLoop.java:409)
    [junit] 	at io.netty.util.concurrent.SingleThreadEventExecutor$5.run(SingleThreadEventExecutor.java:886)
    [junit] 	at io.netty.util.concurrent.FastThreadLocalRunnable.run(FastThreadLocalRunnable.java:30)
    [junit] 	at java.lang.Thread.run(Thread.java:748)
    [junit] 
    [junit] "vert.x-eventloop-thread-2" #233 prio=6 os_prio=0 tid=0x00007fa54cde1000 nid=0xa60 runnable [0x00007fa523189000]
    [junit]    java.lang.Thread.State: RUNNABLE
    [junit] 	at sun.nio.ch.EPollArrayWrapper.epollWait(Native Method)
    [junit] 	at sun.nio.ch.EPollArrayWrapper.poll(EPollArrayWrapper.java:269)
    [junit] 	at sun.nio.ch.EPollSelectorImpl.doSelect(EPollSelectorImpl.java:93)
    [junit] 	at sun.nio.ch.SelectorImpl.lockAndDoSelect(SelectorImpl.java:86)
    [junit] 	- locked <0x000000068a6dbc58> (a io.netty.channel.nio.SelectedSelectionKeySet)
    [junit] 	- locked <0x000000068a6dbd58> (a java.util.Collections$UnmodifiableSet)
    [junit] 	- locked <0x000000068a6dbc70> (a sun.nio.ch.EPollSelectorImpl)
    [junit] 	at sun.nio.ch.SelectorImpl.select(SelectorImpl.java:97)
    [junit] 	at io.netty.channel.nio.SelectedSelectionKeySetSelector.select(SelectedSelectionKeySetSelector.java:62)
    [junit] 	at io.netty.channel.nio.NioEventLoop.select(NioEventLoop.java:753)
    [junit] 	at io.netty.channel.nio.NioEventLoop.run(NioEventLoop.java:409)
    [junit] 	at io.netty.util.concurrent.SingleThreadEventExecutor$5.run(SingleThreadEventExecutor.java:886)
    [junit] 	at io.netty.util.concurrent.FastThreadLocalRunnable.run(FastThreadLocalRunnable.java:30)
    [junit] 	at java.lang.Thread.run(Thread.java:748)
    [junit] 
    [junit] "vert.x-eventloop-thread-1" #232 prio=6 os_prio=0 tid=0x00007fa54f103000 nid=0xa5f runnable [0x00007fa521886000]
    [junit]    java.lang.Thread.State: RUNNABLE
    [junit] 	at sun.nio.ch.EPollArrayWrapper.epollWait(Native Method)
    [junit] 	at sun.nio.ch.EPollArrayWrapper.poll(EPollArrayWrapper.java:269)
    [junit] 	at sun.nio.ch.EPollSelectorImpl.doSelect(EPollSelectorImpl.java:93)
    [junit] 	at sun.nio.ch.SelectorImpl.lockAndDoSelect(SelectorImpl.java:86)
    [junit] 	- locked <0x000000068a6f3260> (a io.netty.channel.nio.SelectedSelectionKeySet)
    [junit] 	- locked <0x000000068a6f3350> (a java.util.Collections$UnmodifiableSet)
    [junit] 	- locked <0x000000068a6f3278> (a sun.nio.ch.EPollSelectorImpl)
    [junit] 	at sun.nio.ch.SelectorImpl.select(SelectorImpl.java:97)
    [junit] 	at io.netty.channel.nio.SelectedSelectionKeySetSelector.select(SelectedSelectionKeySetSelector.java:62)
    [junit] 	at io.netty.channel.nio.NioEventLoop.select(NioEventLoop.java:753)
    [junit] 	at io.netty.channel.nio.NioEventLoop.run(NioEventLoop.java:409)
    [junit] 	at io.netty.util.concurrent.SingleThreadEventExecutor$5.run(SingleThreadEventExecutor.java:886)
    [junit] 	at io.netty.util.concurrent.FastThreadLocalRunnable.run(FastThreadLocalRunnable.java:30)
    [junit] 	at java.lang.Thread.run(Thread.java:748)
    [junit] 
    [junit] "vert.x-eventloop-thread-0" #231 prio=6 os_prio=0 tid=0x00007fa54cfe8800 nid=0xa5e runnable [0x00007fa52573a000]
    [junit]    java.lang.Thread.State: RUNNABLE
    [junit] 	at sun.nio.ch.EPollArrayWrapper.epollWait(Native Method)
    [junit] 	at sun.nio.ch.EPollArrayWrapper.poll(EPollArrayWrapper.java:269)
    [junit] 	at sun.nio.ch.EPollSelectorImpl.doSelect(EPollSelectorImpl.java:93)
    [junit] 	at sun.nio.ch.SelectorImpl.lockAndDoSelect(SelectorImpl.java:86)
    [junit] 	- locked <0x000000068a6f2970> (a io.netty.channel.nio.SelectedSelectionKeySet)
    [junit] 	- locked <0x000000068a6f2a60> (a java.util.Collections$UnmodifiableSet)
    [junit] 	- locked <0x000000068a6f2988> (a sun.nio.ch.EPollSelectorImpl)
    [junit] 	at sun.nio.ch.SelectorImpl.select(SelectorImpl.java:97)
    [junit] 	at io.netty.channel.nio.SelectedSelectionKeySetSelector.select(SelectedSelectionKeySetSelector.java:62)
    [junit] 	at io.netty.channel.nio.NioEventLoop.select(NioEventLoop.java:753)
    [junit] 	at io.netty.channel.nio.NioEventLoop.run(NioEventLoop.java:409)
    [junit] 	at io.netty.util.concurrent.SingleThreadEventExecutor$5.run(SingleThreadEventExecutor.java:886)
    [junit] 	at io.netty.util.concurrent.FastThreadLocalRunnable.run(FastThreadLocalRunnable.java:30)
    [junit] 	at java.lang.Thread.run(Thread.java:748)
    [junit] 
    [junit] "AWT-EventQueue-0" #205 prio=6 os_prio=0 tid=0x00007fa5a095b800 nid=0xa42 waiting on condition [0x00007fa52583b000]
    [junit]    java.lang.Thread.State: WAITING (parking)
    [junit] 	at sun.misc.Unsafe.park(Native Method)
    [junit] 	- parking to wait for  <0x00000006879cd110> (a java.util.concurrent.locks.AbstractQueuedSynchronizer$ConditionObject)
    [junit] 	at java.util.concurrent.locks.LockSupport.park(LockSupport.java:175)
    [junit] 	at java.util.concurrent.locks.AbstractQueuedSynchronizer$ConditionObject.await(AbstractQueuedSynchronizer.java:2039)
    [junit] 	at java.awt.EventQueue.getNextEvent(EventQueue.java:554)
    [junit] 	at java.awt.EventDispatchThread.pumpOneEventForFilters(EventDispatchThread.java:170)
    [junit] 	at java.awt.EventDispatchThread.pumpEventsForFilter(EventDispatchThread.java:116)
    [junit] 	at java.awt.EventDispatchThread.pumpEventsForHierarchy(EventDispatchThread.java:105)
    [junit] 	at java.awt.EventDispatchThread.pumpEvents(EventDispatchThread.java:101)
    [junit] 	at java.awt.EventDispatchThread.pumpEvents(EventDispatchThread.java:93)
    [junit] 	at java.awt.EventDispatchThread.run(EventDispatchThread.java:82)
    [junit] 
    [junit] "AWT-Shutdown" #206 prio=5 os_prio=0 tid=0x00007fa5a095d000 nid=0xa41 in Object.wait() [0x00007fa57588c000]
    [junit]    java.lang.Thread.State: WAITING (on object monitor)
    [junit] 	at java.lang.Object.wait(Native Method)
    [junit] 	at java.lang.Object.wait(Object.java:502)
    [junit] 	at sun.awt.AWTAutoShutdown.run(AWTAutoShutdown.java:295)
    [junit] 	- locked <0x0000000687970378> (a java.lang.Object)
    [junit] 	at java.lang.Thread.run(Thread.java:748)
    [junit] 
    [junit] "Media Resource Disposer" #155 daemon prio=6 os_prio=0 tid=0x00007fa54ccf0000 nid=0xa3e in Object.wait() [0x00007fa574131000]
    [junit]    java.lang.Thread.State: WAITING (on object monitor)
    [junit] 	at java.lang.Object.wait(Native Method)
    [junit] 	at java.lang.ref.ReferenceQueue.remove(ReferenceQueue.java:143)
    [junit] 	- locked <0x000000068eb8b4f0> (a java.lang.ref.ReferenceQueue$Lock)
    [junit] 	at java.lang.ref.ReferenceQueue.remove(ReferenceQueue.java:164)
    [junit] 	at com.sun.media.jfxmediaimpl.MediaDisposer.disposerLoop(MediaDisposer.java:129)
    [junit] 	at com.sun.media.jfxmediaimpl.MediaDisposer.lambda$disposinator$2(MediaDisposer.java:109)
    [junit] 	at com.sun.media.jfxmediaimpl.MediaDisposer$$Lambda$92/1154944911.run(Unknown Source)
    [junit] 	at java.lang.Thread.run(Thread.java:748)
    [junit] 
    [junit] "Keep-Alive-SocketCleaner" #135 daemon prio=8 os_prio=0 tid=0x00007fa54c96d800 nid=0xa38 in Object.wait() [0x00007fa525ba1000]
    [junit]    java.lang.Thread.State: WAITING (on object monitor)
    [junit] 	at java.lang.Object.wait(Native Method)
    [junit] 	at sun.net.www.http.KeepAliveStreamCleaner.run(KeepAliveStreamCleaner.java:101)
    [junit] 	- locked <0x000000068f272df8> (a sun.net.www.http.KeepAliveStreamCleaner)
    [junit] 	at java.lang.Thread.run(Thread.java:748)
    [junit] 
    [junit] "JavaFX Application Thread" #104 prio=6 os_prio=0 tid=0x00007fa54cc3b000 nid=0xa12 runnable [0x00007fa5761be000]
    [junit]    java.lang.Thread.State: RUNNABLE
    [junit] 	at com.sun.glass.ui.gtk.GtkApplication._runLoop(Native Method)
    [junit] 	at com.sun.glass.ui.gtk.GtkApplication.lambda$null$48(GtkApplication.java:139)
    [junit] 	at com.sun.glass.ui.gtk.GtkApplication$$Lambda$73/1079794074.run(Unknown Source)
    [junit] 	at java.lang.Thread.run(Thread.java:748)
    [junit] 
    [junit] "Thread-41" #103 daemon prio=6 os_prio=0 tid=0x00007fa54cce9000 nid=0xa11 waiting on condition [0x00007fa575fbc000]
    [junit]    java.lang.Thread.State: WAITING (parking)
    [junit] 	at sun.misc.Unsafe.park(Native Method)
    [junit] 	- parking to wait for  <0x000000068c9af470> (a java.util.concurrent.locks.AbstractQueuedSynchronizer$ConditionObject)
    [junit] 	at java.util.concurrent.locks.LockSupport.park(LockSupport.java:175)
    [junit] 	at java.util.concurrent.locks.AbstractQueuedSynchronizer$ConditionObject.await(AbstractQueuedSynchronizer.java:2039)
    [junit] 	at java.util.concurrent.LinkedBlockingDeque.takeFirst(LinkedBlockingDeque.java:492)
    [junit] 	at com.sun.glass.ui.InvokeLaterDispatcher.run(InvokeLaterDispatcher.java:108)
    [junit] 
    [junit] "QuantumRenderer-0" #101 daemon prio=6 os_prio=0 tid=0x00007fa54ccdd000 nid=0xa0e waiting on condition [0x00007fa5852de000]
    [junit]    java.lang.Thread.State: WAITING (parking)
    [junit] 	at sun.misc.Unsafe.park(Native Method)
    [junit] 	- parking to wait for  <0x000000068c9ae230> (a java.util.concurrent.locks.AbstractQueuedSynchronizer$ConditionObject)
    [junit] 	at java.util.concurrent.locks.LockSupport.park(LockSupport.java:175)
    [junit] 	at java.util.concurrent.locks.AbstractQueuedSynchronizer$ConditionObject.await(AbstractQueuedSynchronizer.java:2039)
    [junit] 	at java.util.concurrent.LinkedBlockingQueue.take(LinkedBlockingQueue.java:442)
    [junit] 	at java.util.concurrent.ThreadPoolExecutor.getTask(ThreadPoolExecutor.java:1074)
    [junit] 	at java.util.concurrent.ThreadPoolExecutor.runWorker(ThreadPoolExecutor.java:1134)
    [junit] 	at java.util.concurrent.ThreadPoolExecutor$Worker.run(ThreadPoolExecutor.java:624)
    [junit] 	at com.sun.javafx.tk.quantum.QuantumRenderer$PipelineRunnable.run(QuantumRenderer.java:125)
    [junit] 	at java.lang.Thread.run(Thread.java:748)
    [junit] 
    [junit] "vertx-blocked-thread-checker" #81 daemon prio=6 os_prio=0 tid=0x00007fa54c598000 nid=0x9f4 in Object.wait() [0x00007fa5760bd000]
    [junit]    java.lang.Thread.State: TIMED_WAITING (on object monitor)
    [junit] 	at java.lang.Object.wait(Native Method)
    [junit] 	at java.util.TimerThread.mainLoop(Timer.java:552)
    [junit] 	- locked <0x000000068a6d8710> (a java.util.TaskQueue)
    [junit] 	at java.util.TimerThread.run(Timer.java:505)
    [junit] 
    [junit] "webcam-discovery-service" #69 daemon prio=6 os_prio=0 tid=0x00007fa54c9fc800 nid=0x9e9 in Object.wait() [0x00007fa575ebb000]
    [junit]    java.lang.Thread.State: TIMED_WAITING (on object monitor)
    [junit] 	at java.lang.Object.wait(Native Method)
    [junit] 	at com.github.sarxos.webcam.WebcamDiscoveryService.run(WebcamDiscoveryService.java:257)
    [junit] 	- locked <0x00000006894b4070> (a java.lang.Object)
    [junit] 	at java.lang.Thread.run(Thread.java:748)
    [junit] 
    [junit] "atomic-processor-1" #65 daemon prio=6 os_prio=0 tid=0x00007fa54c5d7800 nid=0x9e6 waiting on condition [0x00007fa5851dd000]
    [junit]    java.lang.Thread.State: WAITING (parking)
    [junit] 	at sun.misc.Unsafe.park(Native Method)
    [junit] 	- parking to wait for  <0x0000000688b431f0> (a java.util.concurrent.SynchronousQueue$TransferQueue)
    [junit] 	at java.util.concurrent.locks.LockSupport.park(LockSupport.java:175)
    [junit] 	at java.util.concurrent.SynchronousQueue$TransferQueue.awaitFulfill(SynchronousQueue.java:762)
    [junit] 	at java.util.concurrent.SynchronousQueue$TransferQueue.transfer(SynchronousQueue.java:695)
    [junit] 	at java.util.concurrent.SynchronousQueue.take(SynchronousQueue.java:924)
    [junit] 	at com.github.sarxos.webcam.WebcamProcessor$AtomicProcessor.run(WebcamProcessor.java:81)
    [junit] 	at java.util.concurrent.ThreadPoolExecutor.runWorker(ThreadPoolExecutor.java:1149)
    [junit] 	at java.util.concurrent.ThreadPoolExecutor$Worker.run(ThreadPoolExecutor.java:624)
    [junit] 	at java.lang.Thread.run(Thread.java:748)
    [junit] 
    [junit] "TimerQueue" #17 daemon prio=5 os_prio=0 tid=0x00007fa540603800 nid=0x9b7 waiting on condition [0x00007fa58419e000]
    [junit]    java.lang.Thread.State: WAITING (parking)
    [junit] 	at sun.misc.Unsafe.park(Native Method)
    [junit] 	- parking to wait for  <0x00000006882e6230> (a java.util.concurrent.locks.AbstractQueuedSynchronizer$ConditionObject)
    [junit] 	at java.util.concurrent.locks.LockSupport.park(LockSupport.java:175)
    [junit] 	at java.util.concurrent.locks.AbstractQueuedSynchronizer$ConditionObject.await(AbstractQueuedSynchronizer.java:2039)
    [junit] 	at java.util.concurrent.DelayQueue.take(DelayQueue.java:211)
    [junit] 	at javax.swing.TimerQueue.run(TimerQueue.java:174)
    [junit] 	at java.lang.Thread.run(Thread.java:748)
    [junit] 
    [junit] "AWT-XAWT" #10 daemon prio=6 os_prio=0 tid=0x00007fa5a0957000 nid=0x9b0 runnable [0x00007fa5853df000]
    [junit]    java.lang.Thread.State: RUNNABLE
    [junit] 	at sun.awt.X11.XToolkit.waitForEvents(Native Method)
    [junit] 	at sun.awt.X11.XToolkit.run(XToolkit.java:568)
    [junit] 	at sun.awt.X11.XToolkit.run(XToolkit.java:532)
    [junit] 	at java.lang.Thread.run(Thread.java:748)
    [junit] 
    [junit] "Java2D Disposer" #8 daemon prio=10 os_prio=0 tid=0x00007fa5a093a800 nid=0x9af in Object.wait() [0x00007fa5858f0000]
    [junit]    java.lang.Thread.State: WAITING (on object monitor)
    [junit] 	at java.lang.Object.wait(Native Method)
    [junit] 	at java.lang.ref.ReferenceQueue.remove(ReferenceQueue.java:143)
    [junit] 	- locked <0x0000000687a21f18> (a java.lang.ref.ReferenceQueue$Lock)
    [junit] 	at java.lang.ref.ReferenceQueue.remove(ReferenceQueue.java:164)
    [junit] 	at sun.java2d.Disposer.run(Disposer.java:148)
    [junit] 	at java.lang.Thread.run(Thread.java:748)
    [junit] 
    [junit] "Service Thread" #7 daemon prio=9 os_prio=0 tid=0x00007fa5a00bd800 nid=0x9ad runnable [0x0000000000000000]
    [junit]    java.lang.Thread.State: RUNNABLE
    [junit] 
    [junit] "C1 CompilerThread1" #6 daemon prio=9 os_prio=0 tid=0x00007fa5a00ba800 nid=0x9ac waiting on condition [0x0000000000000000]
    [junit]    java.lang.Thread.State: RUNNABLE
    [junit] 
    [junit] "C2 CompilerThread0" #5 daemon prio=9 os_prio=0 tid=0x00007fa5a00b7800 nid=0x9ab waiting on condition [0x0000000000000000]
    [junit]    java.lang.Thread.State: RUNNABLE
    [junit] 
    [junit] "Signal Dispatcher" #4 daemon prio=9 os_prio=0 tid=0x00007fa5a00b6000 nid=0x9aa waiting on condition [0x0000000000000000]
    [junit]    java.lang.Thread.State: RUNNABLE
    [junit] 
    [junit] "Finalizer" #3 daemon prio=8 os_prio=0 tid=0x00007fa5a0083800 nid=0x9a9 in Object.wait() [0x00007fa58dc81000]
    [junit]    java.lang.Thread.State: WAITING (on object monitor)
    [junit] 	at java.lang.Object.wait(Native Method)
    [junit] 	at java.lang.ref.ReferenceQueue.remove(ReferenceQueue.java:143)
    [junit] 	- locked <0x0000000687ad95b8> (a java.lang.ref.ReferenceQueue$Lock)
    [junit] 	at java.lang.ref.ReferenceQueue.remove(ReferenceQueue.java:164)
    [junit] 	at java.lang.ref.Finalizer$FinalizerThread.run(Finalizer.java:209)
    [junit] 
    [junit] "Reference Handler" #2 daemon prio=10 os_prio=0 tid=0x00007fa5a007f000 nid=0x9a8 in Object.wait() [0x00007fa58dd82000]
    [junit]    java.lang.Thread.State: WAITING (on object monitor)
    [junit] 	at java.lang.Object.wait(Native Method)
    [junit] 	at java.lang.Object.wait(Object.java:502)
    [junit] 	at java.lang.ref.Reference.tryHandlePending(Reference.java:191)
    [junit] 	- locked <0x0000000687ad33a8> (a java.lang.ref.Reference$Lock)
    [junit] 	at java.lang.ref.Reference$ReferenceHandler.run(Reference.java:153)
    [junit] 
    [junit] "main" #1 prio=5 os_prio=0 tid=0x00007fa5a000d800 nid=0x9a4 waiting on condition [0x00007fa5a683c000]
    [junit]    java.lang.Thread.State: TIMED_WAITING (sleeping)
    [junit] 	at java.lang.Thread.sleep(Native Method)
    [junit] 	at ptolemy.util.test.junit.AutoTests.delayIfNecessary(AutoTests.java:113)
    [junit] 	at ptolemy.vergil.basic.export.test.junit.ExportModelJUnitTest.RunExportModel(ExportModelJUnitTest.java:144)
    [junit] 	at ptolemy.vergil.basic.export.test.junit.ExportModelJUnitTestBatch.RunExportModel(ExportModelJUnitTestBatch.java:84)
    [junit] 	at sun.reflect.GeneratedMethodAccessor23.invoke(Unknown Source)
    [junit] 	at sun.reflect.DelegatingMethodAccessorImpl.invoke(DelegatingMethodAccessorImpl.java:43)
    [junit] 	at java.lang.reflect.Method.invoke(Method.java:498)
    [junit] 	at org.junit.runners.model.FrameworkMethod$1.runReflectiveCall(FrameworkMethod.java:44)
    [junit] 	at org.junit.internal.runners.model.ReflectiveCallable.run(ReflectiveCallable.java:15)
    [junit] 	at org.junit.runners.model.FrameworkMethod.invokeExplosively(FrameworkMethod.java:41)
    [junit] 	at junitparams.internal.InvokeParameterisedMethod.evaluate(InvokeParameterisedMethod.java:102)
    [junit] 	at junitparams.internal.ParameterisedTestMethodRunner.runMethodInvoker(ParameterisedTestMethodRunner.java:47)
    [junit] 	at junitparams.internal.ParameterisedTestMethodRunner.runTestMethod(ParameterisedTestMethodRunner.java:41)
    [junit] 	at junitparams.internal.ParameterisedTestClassRunner.runParameterisedTest(ParameterisedTestClassRunner.java:143)
    [junit] 	at junitparams.JUnitParamsRunner.runChild(JUnitParamsRunner.java:237)
    [junit] 	at junitparams.JUnitParamsRunner.runChild(JUnitParamsRunner.java:215)
    [junit] 	at org.junit.runners.ParentRunner$3.run(ParentRunner.java:193)
    [junit] 	at org.junit.runners.ParentRunner$1.schedule(ParentRunner.java:52)
    [junit] 	at org.junit.runners.ParentRunner.runChildren(ParentRunner.java:191)
    [junit] 	at org.junit.runners.ParentRunner.access$000(ParentRunner.java:42)
    [junit] 	at org.junit.runners.ParentRunner$2.evaluate(ParentRunner.java:184)
    [junit] 	at org.junit.runners.ParentRunner.run(ParentRunner.java:236)
    [junit] 	at junit.framework.JUnit4TestAdapter.run(JUnit4TestAdapter.java:39)
    [junit] 	at org.apache.tools.ant.taskdefs.optional.junit.JUnitTestRunner.run(JUnitTestRunner.java:535)
    [junit] 	at org.apache.tools.ant.taskdefs.optional.junit.JUnitTestRunner.launch(JUnitTestRunner.java:1182)
    [junit] 	at org.apache.tools.ant.taskdefs.optional.junit.JUnitTestRunner.main(JUnitTestRunner.java:1033)
    [junit] 
    [junit] "VM Thread" os_prio=0 tid=0x00007fa5a0077000 nid=0x9a7 runnable 
    [junit] 
    [junit] "GC task thread#0 (ParallelGC)" os_prio=0 tid=0x00007fa5a0022800 nid=0x9a5 runnable 
    [junit] 
    [junit] "GC task thread#1 (ParallelGC)" os_prio=0 tid=0x00007fa5a0024800 nid=0x9a6 runnable 
    [junit] 
    [junit] "VM Periodic Task Thread" os_prio=0 tid=0x00007fa5a00c0800 nid=0x9ae waiting on condition 
    [junit] 
    [junit] JNI global references: 23520
    [junit] 
    [junit] Heap
    [junit]  PSYoungGen      total 1513984K, used 1443450K [0x0000000757d80000, 0x00000007c0000000, 0x00000007c0000000)
    [junit]   eden space 1321472K, 94% used [0x0000000757d80000,0x00000007a4325340,0x00000007a8800000)
    [junit]   from space 192512K, 99% used [0x00000007a8800000,0x00000007b43f95c8,0x00000007b4400000)
    [junit]   to   space 192512K, 0% used [0x00000007b4400000,0x00000007b4400000,0x00000007c0000000)
    [junit]  ParOldGen       total 1052160K, used 731854K [0x0000000687800000, 0x00000006c7b80000, 0x0000000757d80000)
    [junit]   object space 1052160K, 69% used [0x0000000687800000,0x00000006b42b3a40,0x00000006c7b80000)
    [junit]  Metaspace       used 116430K, capacity 178086K, committed 178264K, reserved 1210368K
    [junit]   class space    used 13387K, capacity 16970K, committed 16984K, reserved 1048576K
    [junit] 
    [junit] Done sleeping
    [junit] Running .KeyValueStoreServerTerra
    [junit] WebServer: WebServer: Creating new server. (Thread[AWT-EventQueue-0,6,main])
    [junit] WebServer: WebServer: Listening for requests. (Thread[vert.x-eventloop-thread-2,6,main])
