<?xml version="1.0" encoding="UTF-8" ?>
<testsuite errors="0" failures="0" hostname="travis-job-52abc05f-4ea8-4691-873c-ea6bd52b93a3" name="ptolemy.domains.de.test.junit.JUnitTclTest" skipped="0" tests="101" time="128.819" timestamp="2018-10-14T02:32:17">
  <properties>
[...]
</properties>
  <testcase classname="ptolemy.util.test.junit.TclTests" name="[0] /home/travis/build/icyphy/ptII/ptolemy/domains/de/test/DependencyLoop.tcl (RunTclFile)" time="0.759" />
  <testcase classname="ptolemy.util.test.junit.TclTests" name="[1] /home/travis/build/icyphy/ptII/ptolemy/domains/de/test/RunDETestsAsQSS.tcl (RunTclFile)" time="86.659" />
  <testcase classname="ptolemy.util.test.junit.AutoKnownFailedTests" name="[0] /home/travis/build/icyphy/ptII/ptolemy/domains/de/test/auto/knownFailedTests/DESDFClockTest.xml (RunModel)" time="2.026" />
  <testcase classname="ptolemy.util.test.junit.AutoKnownFailedTests" name="[1] /home/travis/build/icyphy/ptII/ptolemy/domains/de/test/auto/knownFailedTests/DirectFeedback.xml (RunModel)" time="0.018" />
  <testcase classname="ptolemy.util.test.junit.AutoKnownFailedTests" name="[2] /home/travis/build/icyphy/ptII/ptolemy/domains/de/test/auto/knownFailedTests/FSMSource.xml (RunModel)" time="0.021" />
  <testcase classname="ptolemy.util.test.junit.AutoKnownFailedTests" name="[3] /home/travis/build/icyphy/ptII/ptolemy/domains/de/test/auto/knownFailedTests/HierarchicalModel.xml (RunModel)" time="0.04" />
  <testcase classname="ptolemy.util.test.junit.AutoKnownFailedTests" name="[4] /home/travis/build/icyphy/ptII/ptolemy/domains/de/test/auto/knownFailedTests/dependencyLoop.xml (RunModel)" time="0.037" />
  <testcase classname="ptolemy.util.test.junit.AutoKnownFailedTests" name="[5] /home/travis/build/icyphy/ptII/ptolemy/domains/de/test/auto/knownFailedTests/dependencyLoop2.xml (RunModel)" time="0.03" />
  <testcase classname="ptolemy.util.test.junit.AutoNameArchTests" name="[0] ThereAreNoAutoArchTests (RunModel)" time="0.004" />
  <testcase classname="ptolemy.util.test.junit.AutoTests" name="[0] /home/travis/build/icyphy/ptII/ptolemy/domains/de/test/auto/ActorDepthCalculation_actorWithoutPorts.xml (RunModel)" time="0.014" />
  <testcase classname="ptolemy.util.test.junit.AutoTests" name="[1] /home/travis/build/icyphy/ptII/ptolemy/domains/de/test/auto/AssemblyLine.xml (RunModel)" time="0.016" />
  <testcase classname="ptolemy.util.test.junit.AutoTests" name="[2] /home/travis/build/icyphy/ptII/ptolemy/domains/de/test/auto/CQBug1.xml (RunModel)" time="0.011" />
  <testcase classname="ptolemy.util.test.junit.AutoTests" name="[3] /home/travis/build/icyphy/ptII/ptolemy/domains/de/test/auto/CancelFireAt.xml (RunModel)" time="0.011" />
  <testcase classname="ptolemy.util.test.junit.AutoTests" name="[4] /home/travis/build/icyphy/ptII/ptolemy/domains/de/test/auto/CausalityAndComposabilityAnalysis.xml (RunModel)" time="0.011" />
  <testcase classname="ptolemy.util.test.junit.AutoTests" name="[5] /home/travis/build/icyphy/ptII/ptolemy/domains/de/test/auto/CausalityInterface1.xml (RunModel)" time="0.013" />
  <testcase classname="ptolemy.util.test.junit.AutoTests" name="[6] /home/travis/build/icyphy/ptII/ptolemy/domains/de/test/auto/CausalityInterface15.xml (RunModel)" time="0.014" />
  <testcase classname="ptolemy.util.test.junit.AutoTests" name="[7] /home/travis/build/icyphy/ptII/ptolemy/domains/de/test/auto/CausalityInterface2.xml (RunModel)" time="0.011" />
  <testcase classname="ptolemy.util.test.junit.AutoTests" name="[8] /home/travis/build/icyphy/ptII/ptolemy/domains/de/test/auto/CausalityInterface3.xml (RunModel)" time="0.012" />
  <testcase classname="ptolemy.util.test.junit.AutoTests" name="[9] /home/travis/build/icyphy/ptII/ptolemy/domains/de/test/auto/ClockDrift.xml (RunModel)" time="0.05" />
  <testcase classname="ptolemy.util.test.junit.AutoTests" name="[10] /home/travis/build/icyphy/ptII/ptolemy/domains/de/test/auto/ClockDriftAndValueChange.xml (RunModel)" time="0.03" />
  <testcase classname="ptolemy.util.test.junit.AutoTests" name="[11] /home/travis/build/icyphy/ptII/ptolemy/domains/de/test/auto/ClockDriftChange.xml (RunModel)" time="0.031" />
  <testcase classname="ptolemy.util.test.junit.AutoTests" name="[12] /home/travis/build/icyphy/ptII/ptolemy/domains/de/test/auto/ComposableCausalityAnalysis.xml (RunModel)" time="0.013" />
  <testcase classname="ptolemy.util.test.junit.AutoTests" name="[13] /home/travis/build/icyphy/ptII/ptolemy/domains/de/test/auto/DEFixedPointLimitation.xml (RunModel)" time="0.008" />
  <testcase classname="ptolemy.util.test.junit.AutoTests" name="[14] /home/travis/build/icyphy/ptII/ptolemy/domains/de/test/auto/DEScheduleTest.xml (RunModel)" time="0.025" />
  <testcase classname="ptolemy.util.test.junit.AutoTests" name="[15] /home/travis/build/icyphy/ptII/ptolemy/domains/de/test/auto/DEinDEwithStartTimes.xml (RunModel)" time="0.018" />
  <testcase classname="ptolemy.util.test.junit.AutoTests" name="[16] /home/travis/build/icyphy/ptII/ptolemy/domains/de/test/auto/DEinDEwithStartTimes2.xml (RunModel)" time="0.013" />
  <testcase classname="ptolemy.util.test.junit.AutoTests" name="[17] /home/travis/build/icyphy/ptII/ptolemy/domains/de/test/auto/DateDemo.xml (RunModel)" time="0.041" />
  <testcase classname="ptolemy.util.test.junit.AutoTests" name="[18] /home/travis/build/icyphy/ptII/ptolemy/domains/de/test/auto/DateToEvent.xml (RunModel)" time="2.043" />
  <testcase classname="ptolemy.util.test.junit.AutoTests" name="[19] /home/travis/build/icyphy/ptII/ptolemy/domains/de/test/auto/DepthTest1.xml (RunModel)" time="0.015" />
  <testcase classname="ptolemy.util.test.junit.AutoTests" name="[20] /home/travis/build/icyphy/ptII/ptolemy/domains/de/test/auto/DepthTest2.xml (RunModel)" time="0.027" />
  <testcase classname="ptolemy.util.test.junit.AutoTests" name="[21] /home/travis/build/icyphy/ptII/ptolemy/domains/de/test/auto/DepthTest3.xml (RunModel)" time="0.007" />
  <testcase classname="ptolemy.util.test.junit.AutoTests" name="[22] /home/travis/build/icyphy/ptII/ptolemy/domains/de/test/auto/DepthTest4.xml (RunModel)" time="0.012" />
  <testcase classname="ptolemy.util.test.junit.AutoTests" name="[23] /home/travis/build/icyphy/ptII/ptolemy/domains/de/test/auto/DepthTest5.xml (RunModel)" time="0.014" />
  <testcase classname="ptolemy.util.test.junit.AutoTests" name="[24] /home/travis/build/icyphy/ptII/ptolemy/domains/de/test/auto/DepthTest6.xml (RunModel)" time="0.013" />
  <testcase classname="ptolemy.util.test.junit.AutoTests" name="[25] /home/travis/build/icyphy/ptII/ptolemy/domains/de/test/auto/DepthTest7.xml (RunModel)" time="0.016" />
  <testcase classname="ptolemy.util.test.junit.AutoTests" name="[26] /home/travis/build/icyphy/ptII/ptolemy/domains/de/test/auto/EventToDate.xml (RunModel)" time="3.039" />
  <testcase classname="ptolemy.util.test.junit.AutoTests" name="[27] /home/travis/build/icyphy/ptII/ptolemy/domains/de/test/auto/FSM1.xml (RunModel)" time="0.028" />
  <testcase classname="ptolemy.util.test.junit.AutoTests" name="[28] /home/travis/build/icyphy/ptII/ptolemy/domains/de/test/auto/FSM7.xml (RunModel)" time="0.027" />
  <testcase classname="ptolemy.util.test.junit.AutoTests" name="[29] /home/travis/build/icyphy/ptII/ptolemy/domains/de/test/auto/Inspection.xml (RunModel)" time="0.046" />
  <testcase classname="ptolemy.util.test.junit.AutoTests" name="[30] /home/travis/build/icyphy/ptII/ptolemy/domains/de/test/auto/Iteration.xml (RunModel)" time="0.027" />
  <testcase classname="ptolemy.util.test.junit.AutoTests" name="[31] /home/travis/build/icyphy/ptII/ptolemy/domains/de/test/auto/LineFault.xml (RunModel)" time="0.571" />
  <testcase classname="ptolemy.util.test.junit.AutoTests" name="[32] /home/travis/build/icyphy/ptII/ptolemy/domains/de/test/auto/MergeModel1Add.xml (RunModel)" time="0.043" />
  <testcase classname="ptolemy.util.test.junit.AutoTests" name="[33] /home/travis/build/icyphy/ptII/ptolemy/domains/de/test/auto/MergeModel2Add.xml (RunModel)" time="0.038" />
  <testcase classname="ptolemy.util.test.junit.AutoTests" name="[34] /home/travis/build/icyphy/ptII/ptolemy/domains/de/test/auto/MergeModel3Add.xml (RunModel)" time="0.043" />
  <testcase classname="ptolemy.util.test.junit.AutoTests" name="[35] /home/travis/build/icyphy/ptII/ptolemy/domains/de/test/auto/MergeWithoutDiscard.xml (RunModel)" time="0.013" />
  <testcase classname="ptolemy.util.test.junit.AutoTests" name="[36] /home/travis/build/icyphy/ptII/ptolemy/domains/de/test/auto/Modal1.xml (RunModel)" time="0.027" />
  <testcase classname="ptolemy.util.test.junit.AutoTests" name="[37] /home/travis/build/icyphy/ptII/ptolemy/domains/de/test/auto/Modal2.xml (RunModel)" time="0.032" />
  <testcase classname="ptolemy.util.test.junit.AutoTests" name="[38] /home/travis/build/icyphy/ptII/ptolemy/domains/de/test/auto/Modal3.xml (RunModel)" time="0.025" />
  <testcase classname="ptolemy.util.test.junit.AutoTests" name="[39] /home/travis/build/icyphy/ptII/ptolemy/domains/de/test/auto/Modal4.xml (RunModel)" time="0.031" />
  <testcase classname="ptolemy.util.test.junit.AutoTests" name="[40] /home/travis/build/icyphy/ptII/ptolemy/domains/de/test/auto/Modal5.xml (RunModel)" time="0.027" />
  <testcase classname="ptolemy.util.test.junit.AutoTests" name="[41] /home/travis/build/icyphy/ptII/ptolemy/domains/de/test/auto/Modal6.xml (RunModel)" time="0.024" />
  <testcase classname="ptolemy.util.test.junit.AutoTests" name="[42] /home/travis/build/icyphy/ptII/ptolemy/domains/de/test/auto/Modal7.xml (RunModel)" time="0.027" />
  <testcase classname="ptolemy.util.test.junit.AutoTests" name="[43] /home/travis/build/icyphy/ptII/ptolemy/domains/de/test/auto/ModalModel.xml (RunModel)" time="0.138" />
  <testcase classname="ptolemy.util.test.junit.AutoTests" name="[44] /home/travis/build/icyphy/ptII/ptolemy/domains/de/test/auto/ModalSource.xml (RunModel)" time="0.018" />
  <testcase classname="ptolemy.util.test.junit.AutoTests" name="[45] /home/travis/build/icyphy/ptII/ptolemy/domains/de/test/auto/NonInterruptibleTimerZeroDelay.xml (RunModel)" time="0.009" />
  <testcase classname="ptolemy.util.test.junit.AutoTests" name="[46] /home/travis/build/icyphy/ptII/ptolemy/domains/de/test/auto/OpenQueueingNetwork.xml (RunModel)" time="2.118" />
  <testcase classname="ptolemy.util.test.junit.AutoTests" name="[47] /home/travis/build/icyphy/ptII/ptolemy/domains/de/test/auto/OpenQueuingNetwork.xml (RunModel)" time="0.266" />
  <testcase classname="ptolemy.util.test.junit.AutoTests" name="[48] /home/travis/build/icyphy/ptII/ptolemy/domains/de/test/auto/PeriodicSampler.xml (RunModel)" time="0.008" />
  <testcase classname="ptolemy.util.test.junit.AutoTests" name="[49] /home/travis/build/icyphy/ptII/ptolemy/domains/de/test/auto/PersistentIO.xml (RunModel)" time="0.023" />
  <testcase classname="ptolemy.util.test.junit.AutoTests" name="[50] /home/travis/build/icyphy/ptII/ptolemy/domains/de/test/auto/PortParameterResetOnInitialize.xml (RunModel)" time="0.009" />
  <testcase classname="ptolemy.util.test.junit.AutoTests" name="[51] /home/travis/build/icyphy/ptII/ptolemy/domains/de/test/auto/PortParameterUpdates.xml (RunModel)" time="0.014" />
  <testcase classname="ptolemy.util.test.junit.AutoTests" name="[52] /home/travis/build/icyphy/ptII/ptolemy/domains/de/test/auto/QueueAndServer.xml (RunModel)" time="0.019" />
  <testcase classname="ptolemy.util.test.junit.AutoTests" name="[53] /home/travis/build/icyphy/ptII/ptolemy/domains/de/test/auto/Records.xml (RunModel)" time="0.02" />
  <testcase classname="ptolemy.util.test.junit.AutoTests" name="[54] /home/travis/build/icyphy/ptII/ptolemy/domains/de/test/auto/ResetTransitionWithStartTime1.xml (RunModel)" time="0.017" />
  <testcase classname="ptolemy.util.test.junit.AutoTests" name="[55] /home/travis/build/icyphy/ptII/ptolemy/domains/de/test/auto/ResetTransitionWithStartTime2.xml (RunModel)" time="0.024" />
  <testcase classname="ptolemy.util.test.junit.AutoTests" name="[56] /home/travis/build/icyphy/ptII/ptolemy/domains/de/test/auto/ResetTransitionWithStartTime3.xml (RunModel)" time="0.019" />
  <testcase classname="ptolemy.util.test.junit.AutoTests" name="[57] /home/travis/build/icyphy/ptII/ptolemy/domains/de/test/auto/ResetTransitionWithStartTime4.xml (RunModel)" time="0.019" />
  <testcase classname="ptolemy.util.test.junit.AutoTests" name="[58] /home/travis/build/icyphy/ptII/ptolemy/domains/de/test/auto/ResettableTimer1.xml (RunModel)" time="0.01" />
  <testcase classname="ptolemy.util.test.junit.AutoTests" name="[59] /home/travis/build/icyphy/ptII/ptolemy/domains/de/test/auto/ResettableTimer2.xml (RunModel)" time="0.01" />
  <testcase classname="ptolemy.util.test.junit.AutoTests" name="[60] /home/travis/build/icyphy/ptII/ptolemy/domains/de/test/auto/ResettableTimer3.xml (RunModel)" time="0.008" />
  <testcase classname="ptolemy.util.test.junit.AutoTests" name="[61] /home/travis/build/icyphy/ptII/ptolemy/domains/de/test/auto/ResettableTimer4.xml (RunModel)" time="0.009" />
  <testcase classname="ptolemy.util.test.junit.AutoTests" name="[62] /home/travis/build/icyphy/ptII/ptolemy/domains/de/test/auto/ResettableTimer5.xml (RunModel)" time="0.008" />
  <testcase classname="ptolemy.util.test.junit.AutoTests" name="[63] /home/travis/build/icyphy/ptII/ptolemy/domains/de/test/auto/ResettableTimer6.xml (RunModel)" time="0.018" />
  <testcase classname="ptolemy.util.test.junit.AutoTests" name="[64] /home/travis/build/icyphy/ptII/ptolemy/domains/de/test/auto/ServerZeroDelay.xml (RunModel)" time="0.01" />
  <testcase classname="ptolemy.util.test.junit.AutoTests" name="[65] /home/travis/build/icyphy/ptII/ptolemy/domains/de/test/auto/SmartSender.xml (RunModel)" time="3.007" />
  <testcase classname="ptolemy.util.test.junit.AutoTests" name="[66] /home/travis/build/icyphy/ptII/ptolemy/domains/de/test/auto/ThreadedComposite.xml (RunModel)" time="2.26" />
  <testcase classname="ptolemy.util.test.junit.AutoTests" name="[67] /home/travis/build/icyphy/ptII/ptolemy/domains/de/test/auto/Time.xml (RunModel)" time="0.393" />
  <testcase classname="ptolemy.util.test.junit.AutoTests" name="[68] /home/travis/build/icyphy/ptII/ptolemy/domains/de/test/auto/TimeDelayZeroDelay.xml (RunModel)" time="0.014" />
  <testcase classname="ptolemy.util.test.junit.AutoTests" name="[69] /home/travis/build/icyphy/ptII/ptolemy/domains/de/test/auto/TimerZeroDelay.xml (RunModel)" time="0.014" />
  <testcase classname="ptolemy.util.test.junit.AutoTests" name="[70] /home/travis/build/icyphy/ptII/ptolemy/domains/de/test/auto/TimingParadox.xml (RunModel)" time="0.34" />
  <testcase classname="ptolemy.util.test.junit.AutoTests" name="[71] /home/travis/build/icyphy/ptII/ptolemy/domains/de/test/auto/TransferInputs.xml (RunModel)" time="0.014" />
  <testcase classname="ptolemy.util.test.junit.AutoTests" name="[72] /home/travis/build/icyphy/ptII/ptolemy/domains/de/test/auto/TransferOutputs2.xml (RunModel)" time="0.019" />
  <testcase classname="ptolemy.util.test.junit.AutoTests" name="[73] /home/travis/build/icyphy/ptII/ptolemy/domains/de/test/auto/Trilateration.xml (RunModel)" time="11.271" />
  <testcase classname="ptolemy.util.test.junit.AutoTests" name="[74] /home/travis/build/icyphy/ptII/ptolemy/domains/de/test/auto/TwoSigmaDelta.xml (RunModel)" time="2.0" />
  <testcase classname="ptolemy.util.test.junit.AutoTests" name="[75] /home/travis/build/icyphy/ptII/ptolemy/domains/de/test/auto/VariableDelay.xml (RunModel)" time="0.023" />
  <testcase classname="ptolemy.util.test.junit.AutoTests" name="[76] /home/travis/build/icyphy/ptII/ptolemy/domains/de/test/auto/VariableDelay2.xml (RunModel)" time="0.009" />
  <testcase classname="ptolemy.util.test.junit.AutoTests" name="[77] /home/travis/build/icyphy/ptII/ptolemy/domains/de/test/auto/VariableDelayZeroDelay.xml (RunModel)" time="0.011" />
  <testcase classname="ptolemy.util.test.junit.AutoTests" name="[78] /home/travis/build/icyphy/ptII/ptolemy/domains/de/test/auto/VariableDelayZeroDelay2.xml (RunModel)" time="0.009" />
  <testcase classname="ptolemy.util.test.junit.AutoTests" name="[79] /home/travis/build/icyphy/ptII/ptolemy/domains/de/test/auto/deInCt.xml (RunModel)" time="0.016" />
  <testcase classname="ptolemy.util.test.junit.AutoTests" name="[80] /home/travis/build/icyphy/ptII/ptolemy/domains/de/test/auto/deInCt2.xml (RunModel)" time="0.014" />
  <testcase classname="ptolemy.util.test.junit.AutoTests" name="[81] /home/travis/build/icyphy/ptII/ptolemy/domains/de/test/auto/dynamicCausalityInterface1.xml (RunModel)" time="0.018" />
  <testcase classname="ptolemy.util.test.junit.AutoTests" name="[82] /home/travis/build/icyphy/ptII/ptolemy/domains/de/test/auto/fsm_de_test.xml (RunModel)" time="0.025" />
  <testcase classname="ptolemy.util.test.junit.AutoTests" name="[83] /home/travis/build/icyphy/ptII/ptolemy/domains/de/test/auto/functionDependencyReconstruction.xml (RunModel)" time="0.031" />
  <testcase classname="ptolemy.util.test.junit.AutoTests" name="[84] /home/travis/build/icyphy/ptII/ptolemy/domains/de/test/auto/multirate.xml (RunModel)" time="0.018" />
  <testcase classname="ptolemy.util.test.junit.AutoTests" name="[85] /home/travis/build/icyphy/ptII/ptolemy/domains/de/test/auto/multirate2.xml (RunModel)" time="0.014" />
  <testcase classname="ptolemy.util.test.junit.AutoTests" name="[86] /home/travis/build/icyphy/ptII/ptolemy/domains/de/test/auto/realtime.xml (RunModel)" time="10.011" />
  <testcase classname="ptolemy.util.test.junit.AutoTests" name="[87] /home/travis/build/icyphy/ptII/ptolemy/domains/de/test/auto/relationGroup.xml (RunModel)" time="0.007" />
  <testcase classname="ptolemy.util.test.junit.AutoTests" name="[88] /home/travis/build/icyphy/ptII/ptolemy/domains/de/test/auto/relationGroup2.xml (RunModel)" time="0.007" />
  <testcase classname="ptolemy.util.test.junit.AutoTests" name="[89] /home/travis/build/icyphy/ptII/ptolemy/domains/de/test/auto/sortWithOpaquePorts.xml (RunModel)" time="0.012" />
  <testcase classname="ptolemy.util.test.junit.AutoTests" name="[90] /home/travis/build/icyphy/ptII/ptolemy/domains/de/test/auto/transferInputsandOutputs.xml (RunModel)" time="0.02" />
  <testcase classname="ptolemy.util.test.junit.AutoTests" name="[91] /home/travis/build/icyphy/ptII/ptolemy/domains/de/test/auto/triggerType.xml (RunModel)" time="0.011" />
  <system-out><![CDATA[/home/travis/build/icyphy/ptII/ptolemy/domains/de/test/DependencyLoop.tcl
testDefs.tcl: setting time out to 9000 seconds at Sun Oct 14 02:32:17 UTC 2018
26 ms. Memory: 116224K Free: 93900K (81%)
6 ms. Memory: 146944K Free: 135466K (92%)
/home/travis/build/icyphy/ptII/ptolemy/domains/de/test/RunDETestsAsQSS.tcl
Run the DE tests using ptolemy.domains.qss.test.QSSDirectorTest, which extends QSSDirector and prints a message in the constructors.
------------------ testing $PTII/ptolemy/domains/de/test/auto/knownFailedTests/dependencyLoop.xml (Known Failure) 
7 ms. Memory: 146944K Free: 132353K (90%)


==== $PTIIhome/travis/build/icyphy/ptII/ptolemy/domains/de/test/../../../../: Auto Automatic test in file $PTII/ptolemy/domains/de/test/auto/knownFailedTests/dependencyLoop.xml
==== Contents of test case:

	    # FIXME: we should use $relativeFilename here, but it
	    # might have backslashes under Windows, which causes no end
	    # of trouble.
	    createAndExecute $file
	    list {}
	
.... Test generated KNOWN error:
    while executing
ptolemy.kernel.util.IllegalActionException: Found a zero delay loop containing .dependencyLoop.original
  in .dependencyLoop and .dependencyLoop.original
	at ptolemy.actor.util.CausalityInterfaceForComposites._computeOutputPortDepth(CausalityInterfaceForComposites.java:759)
	at ptolemy.actor.util.CausalityInterfaceForComposites._computeInputDepth(CausalityInterfaceForComposites.java:696)
	at ptolemy.actor.util.CausalityInterfaceForComposites._computeOutputPortDepth(CausalityInterfaceForComposites.java:765)
	at ptolemy.actor.util.CausalityInterfaceForComposites._computeInputDepth(CausalityInterfaceForComposites.java:696)
	at ptolemy.actor.util.CausalityInterfaceForComposites._computeOutputPortDepth(CausalityInterfaceForComposites.java:765)
	at ptolemy.actor.util.CausalityInterfaceForComposites._computeInputDepth(CausalityInterfaceForComposites.java:696)
	at ptolemy.actor.util.CausalityInterfaceForComposites._computeActorDepth(CausalityInterfaceForComposites.java:532)
	at ptolemy.actor.util.CausalityInterfaceForComposites.checkForCycles(CausalityInterfaceForComposites.java:96)
	at ptolemy.domains.de.kernel.DEDirector.preinitialize(DEDirector.java:1338)
	at ptolemy.actor.CompositeActor.preinitialize(CompositeActor.java:1828)
	at ptolemy.actor.Manager.preinitializeAndResolveTypes(Manager.java:1040)
	at ptolemy.actor.Manager.initialize(Manager.java:710)
	at ptolemy.actor.Manager.execute(Manager.java:356)
	at ptolemy.actor.Manager.run(Manager.java:1263)
	at ptolemy.actor.Manager$PtolemyRunThread.run(Manager.java:1915)

    while executing
ptolemy.kernel.util.IllegalActionException: Found a zero delay loop containing .dependencyLoop.original
  in .dependencyLoop and .dependencyLoop.original
    while executing
"java::new ptolemy.moml.MoMLSimpleApplication $file
"
    (procedure "createAndExecute" line 2)
    invoked from within
"createAndExecute $file"
    ("uplevel" body line 5)
    invoked from within
"uplevel $contents_of_test"
------------------ testing $PTII/ptolemy/domains/de/test/auto/knownFailedTests/DESDFClockTest.xml (Known Failure) 
2085 ms. Memory: 146944K Free: 116513K (79%)


==== $PTIIhome/travis/build/icyphy/ptII/ptolemy/domains/de/test/../../../../: Auto Automatic test in file $PTII/ptolemy/domains/de/test/auto/knownFailedTests/DESDFClockTest.xml
==== Contents of test case:

	    # FIXME: we should use $relativeFilename here, but it
	    # might have backslashes under Windows, which causes no end
	    # of trouble.
	    createAndExecute $file
	    list {}
	
.... Test generated KNOWN error:
    while executing
ptolemy.kernel.util.IllegalActionException: Actor is not ready to fire.  Perhaps UpSample.prefire() returned false? Try debugging the actor by selecting "Listen to Actor".  Also, for SDF check moml for tokenConsumptionRate on input.
  in .DESDFClockTest.Play Bell.Copy1:SDF Director and .DESDFClockTest.Play Bell.UpSample
	at ptolemy.actor.sched.StaticSchedulingDirector.fire(StaticSchedulingDirector.java:227)
	at ptolemy.domains.sdf.kernel.SDFDirector.fire(SDFDirector.java:500)
	at ptolemy.actor.CompositeActor.fire(CompositeActor.java:455)
	at ptolemy.domains.de.kernel.DEDirector._fire(DEDirector.java:1949)
	at ptolemy.domains.de.kernel.DEDirector.fire(DEDirector.java:502)
	at ptolemy.actor.CompositeActor.fire(CompositeActor.java:455)
	at ptolemy.actor.Manager.iterate(Manager.java:851)
	at ptolemy.actor.Manager.execute(Manager.java:369)
	at ptolemy.actor.Manager.run(Manager.java:1263)
	at ptolemy.actor.Manager$PtolemyRunThread.run(Manager.java:1915)

    while executing
ptolemy.kernel.util.IllegalActionException: Actor is not ready to fire.  Perhaps UpSample.prefire() returned false? Try debugging the actor by selecting "Listen to Actor".  Also, for SDF check moml for tokenConsumptionRate on input.
  in .DESDFClockTest.Play Bell.Copy1:SDF Director and .DESDFClockTest.Play Bell.UpSample
    while executing
"java::new ptolemy.moml.MoMLSimpleApplication $file
"
    (procedure "createAndExecute" line 2)
    invoked from within
"createAndExecute $file"
    ("uplevel" body line 5)
    invoked from within
"uplevel $contents_of_test"
------------------ testing $PTII/ptolemy/domains/de/test/auto/knownFailedTests/FSMSource.xml (Known Failure) 
20 ms. Memory: 146944K Free: 107538K (73%)
!!!! Auto was marked as failing, but now passes
------------------ testing $PTII/ptolemy/domains/de/test/auto/knownFailedTests/dependencyLoop2.xml (Known Failure) 
10 ms. Memory: 146944K Free: 105655K (72%)


==== $PTIIhome/travis/build/icyphy/ptII/ptolemy/domains/de/test/../../../../: Auto Automatic test in file $PTII/ptolemy/domains/de/test/auto/knownFailedTests/dependencyLoop2.xml
==== Contents of test case:

	    # FIXME: we should use $relativeFilename here, but it
	    # might have backslashes under Windows, which causes no end
	    # of trouble.
	    createAndExecute $file
	    list {}
	
.... Test generated KNOWN error:
    while executing
ptolemy.kernel.util.IllegalActionException: Found a zero delay loop containing .dependencyLoop2.original
  in .dependencyLoop2 and .dependencyLoop2.original
	at ptolemy.actor.util.CausalityInterfaceForComposites._computeOutputPortDepth(CausalityInterfaceForComposites.java:759)
	at ptolemy.actor.util.CausalityInterfaceForComposites._computeInputDepth(CausalityInterfaceForComposites.java:696)
	at ptolemy.actor.util.CausalityInterfaceForComposites._computeOutputPortDepth(CausalityInterfaceForComposites.java:765)
	at ptolemy.actor.util.CausalityInterfaceForComposites._computeInputDepth(CausalityInterfaceForComposites.java:696)
	at ptolemy.actor.util.CausalityInterfaceForComposites._computeOutputPortDepth(CausalityInterfaceForComposites.java:765)
	at ptolemy.actor.util.CausalityInterfaceForComposites._computeInputDepth(CausalityInterfaceForComposites.java:696)
	at ptolemy.actor.util.CausalityInterfaceForComposites._computeActorDepth(CausalityInterfaceForComposites.java:532)
	at ptolemy.actor.util.CausalityInterfaceForComposites.checkForCycles(CausalityInterfaceForComposites.java:96)
	at ptolemy.domains.de.kernel.DEDirector.preinitialize(DEDirector.java:1338)
	at ptolemy.actor.CompositeActor.preinitialize(CompositeActor.java:1828)
	at ptolemy.actor.Manager.preinitializeAndResolveTypes(Manager.java:1040)
	at ptolemy.actor.Manager.initialize(Manager.java:710)
	at ptolemy.actor.Manager.execute(Manager.java:356)
	at ptolemy.actor.Manager.run(Manager.java:1263)
	at ptolemy.actor.Manager$PtolemyRunThread.run(Manager.java:1915)

    while executing
ptolemy.kernel.util.IllegalActionException: Found a zero delay loop containing .dependencyLoop2.original
  in .dependencyLoop2 and .dependencyLoop2.original
    while executing
"java::new ptolemy.moml.MoMLSimpleApplication $file
"
    (procedure "createAndExecute" line 2)
    invoked from within
"createAndExecute $file"
    ("uplevel" body line 5)
    invoked from within
"uplevel $contents_of_test"
------------------ testing $PTII/ptolemy/domains/de/test/auto/knownFailedTests/HierarchicalModel.xml (Known Failure) 
6 ms. Memory: 146944K Free: 83951K (57%)


==== $PTIIhome/travis/build/icyphy/ptII/ptolemy/domains/de/test/../../../../: Auto Automatic test in file $PTII/ptolemy/domains/de/test/auto/knownFailedTests/HierarchicalModel.xml
==== Contents of test case:

	    # FIXME: we should use $relativeFilename here, but it
	    # might have backslashes under Windows, which causes no end
	    # of trouble.
	    createAndExecute $file
	    list {}
	
.... Test generated KNOWN error:
    while executing
ptolemy.kernel.util.IllegalActionException: Found a zero delay loop containing .HierarchicalModel.A
  in .HierarchicalModel and .HierarchicalModel.A
	at ptolemy.actor.util.CausalityInterfaceForComposites._computeOutputPortDepth(CausalityInterfaceForComposites.java:759)
	at ptolemy.actor.util.CausalityInterfaceForComposites._computeInputDepth(CausalityInterfaceForComposites.java:696)
	at ptolemy.actor.util.CausalityInterfaceForComposites._computeOutputPortDepth(CausalityInterfaceForComposites.java:765)
	at ptolemy.actor.util.CausalityInterfaceForComposites._computeInputDepth(CausalityInterfaceForComposites.java:696)
	at ptolemy.actor.util.CausalityInterfaceForComposites._computeOutputPortDepth(CausalityInterfaceForComposites.java:765)
	at ptolemy.actor.util.CausalityInterfaceForComposites._computeInputDepth(CausalityInterfaceForComposites.java:696)
	at ptolemy.actor.util.CausalityInterfaceForComposites._computeActorDepth(CausalityInterfaceForComposites.java:532)
	at ptolemy.actor.util.CausalityInterfaceForComposites.checkForCycles(CausalityInterfaceForComposites.java:96)
	at ptolemy.domains.de.kernel.DEDirector.preinitialize(DEDirector.java:1338)
	at ptolemy.actor.CompositeActor.preinitialize(CompositeActor.java:1828)
	at ptolemy.actor.Manager.preinitializeAndResolveTypes(Manager.java:1040)
	at ptolemy.actor.Manager.initialize(Manager.java:710)
	at ptolemy.actor.Manager.execute(Manager.java:356)
	at ptolemy.actor.Manager.run(Manager.java:1263)
	at ptolemy.actor.Manager$PtolemyRunThread.run(Manager.java:1915)

    while executing
ptolemy.kernel.util.IllegalActionException: Found a zero delay loop containing .HierarchicalModel.A
  in .HierarchicalModel and .HierarchicalModel.A
    while executing
"java::new ptolemy.moml.MoMLSimpleApplication $file
"
    (procedure "createAndExecute" line 2)
    invoked from within
"createAndExecute $file"
    ("uplevel" body line 5)
    invoked from within
"uplevel $contents_of_test"
------------------ testing $PTII/ptolemy/domains/de/test/auto/knownFailedTests/DirectFeedback.xml (Known Failure) 
6 ms. Memory: 146944K Free: 141403K (96%)


==== $PTIIhome/travis/build/icyphy/ptII/ptolemy/domains/de/test/../../../../: Auto Automatic test in file $PTII/ptolemy/domains/de/test/auto/knownFailedTests/DirectFeedback.xml
==== Contents of test case:

	    # FIXME: we should use $relativeFilename here, but it
	    # might have backslashes under Windows, which causes no end
	    # of trouble.
	    createAndExecute $file
	    list {}
	
.... Test generated KNOWN error:
    while executing
ptolemy.kernel.util.IllegalActionException: Test fails in iteration 1.
Value was: 1.0. Should have been: 2.0
  in .DirectFeedback.Test
	at ptolemy.actor.lib.Test.fire(Test.java:268)
	at ptolemy.domains.de.kernel.DEDirector._fire(DEDirector.java:1949)
	at ptolemy.domains.de.kernel.DEDirector.fire(DEDirector.java:502)
	at ptolemy.actor.CompositeActor.fire(CompositeActor.java:455)
	at ptolemy.actor.Manager.iterate(Manager.java:851)
	at ptolemy.actor.Manager.execute(Manager.java:369)
	at ptolemy.actor.Manager.run(Manager.java:1263)
	at ptolemy.actor.Manager$PtolemyRunThread.run(Manager.java:1915)

    while executing
ptolemy.kernel.util.IllegalActionException: Test fails in iteration 1.
Value was: 1.0. Should have been: 2.0
  in .DirectFeedback.Test
    while executing
"java::new ptolemy.moml.MoMLSimpleApplication $file
"
    (procedure "createAndExecute" line 2)
    invoked from within
"createAndExecute $file"
    ("uplevel" body line 5)
    invoked from within
"uplevel $contents_of_test"
------------------ testing $PTII/ptolemy/domains/de/test/auto/ActorDepthCalculation_actorWithoutPorts.xml
auto.tcl: Setting watchdog for 200 seconds at Sun Oct 14 02:32:20 UTC 2018
4 ms. Memory: 146944K Free: 132407K (90%)
ptolemy.util.test.WatchDog.cancel(): canceling Sun Oct 14 02:32:20 UTC 2018
auto.tcl: Setting watchdog for 200 seconds at Sun Oct 14 02:32:20 UTC 2018
4 ms. Memory: 146944K Free: 131363K (89%)
ptolemy.util.test.WatchDog.cancel(): canceling Sun Oct 14 02:32:20 UTC 2018
------------------ testing $PTII/ptolemy/domains/de/test/auto/AssemblyLine.xml
auto.tcl: Setting watchdog for 200 seconds at Sun Oct 14 02:32:21 UTC 2018
19 ms. Memory: 208384K Free: 182810K (88%)
ptolemy.util.test.WatchDog.cancel(): canceling Sun Oct 14 02:32:21 UTC 2018
auto.tcl: Setting watchdog for 200 seconds at Sun Oct 14 02:32:21 UTC 2018
8 ms. Memory: 208384K Free: 182810K (88%)
ptolemy.util.test.WatchDog.cancel(): canceling Sun Oct 14 02:32:21 UTC 2018
------------------ testing $PTII/ptolemy/domains/de/test/auto/CQBug1.xml
auto.tcl: Setting watchdog for 200 seconds at Sun Oct 14 02:32:21 UTC 2018
16 ms. Memory: 208384K Free: 197698K (95%)
ptolemy.util.test.WatchDog.cancel(): canceling Sun Oct 14 02:32:21 UTC 2018
auto.tcl: Setting watchdog for 200 seconds at Sun Oct 14 02:32:21 UTC 2018
2 ms. Memory: 208384K Free: 197698K (95%)
ptolemy.util.test.WatchDog.cancel(): canceling Sun Oct 14 02:32:21 UTC 2018
------------------ testing $PTII/ptolemy/domains/de/test/auto/CancelFireAt.xml
auto.tcl: Setting watchdog for 200 seconds at Sun Oct 14 02:32:21 UTC 2018
6 ms. Memory: 208384K Free: 201425K (97%)
ptolemy.util.test.WatchDog.cancel(): canceling Sun Oct 14 02:32:21 UTC 2018
auto.tcl: Setting watchdog for 200 seconds at Sun Oct 14 02:32:21 UTC 2018
2 ms. Memory: 208384K Free: 199318K (96%)
ptolemy.util.test.WatchDog.cancel(): canceling Sun Oct 14 02:32:21 UTC 2018
------------------ testing $PTII/ptolemy/domains/de/test/auto/CausalityAndComposabilityAnalysis.xml
auto.tcl: Setting watchdog for 200 seconds at Sun Oct 14 02:32:21 UTC 2018
15 ms. Memory: 208384K Free: 196472K (94%)
ptolemy.util.test.WatchDog.cancel(): canceling Sun Oct 14 02:32:21 UTC 2018
auto.tcl: Setting watchdog for 200 seconds at Sun Oct 14 02:32:21 UTC 2018
5 ms. Memory: 208384K Free: 196472K (94%)
ptolemy.util.test.WatchDog.cancel(): canceling Sun Oct 14 02:32:21 UTC 2018
------------------ testing $PTII/ptolemy/domains/de/test/auto/CausalityInterface1.xml
auto.tcl: Setting watchdog for 200 seconds at Sun Oct 14 02:32:21 UTC 2018
15 ms. Memory: 208384K Free: 196409K (94%)
ptolemy.util.test.WatchDog.cancel(): canceling Sun Oct 14 02:32:21 UTC 2018
auto.tcl: Setting watchdog for 200 seconds at Sun Oct 14 02:32:21 UTC 2018
5 ms. Memory: 208384K Free: 196409K (94%)
ptolemy.util.test.WatchDog.cancel(): canceling Sun Oct 14 02:32:21 UTC 2018
------------------ testing $PTII/ptolemy/domains/de/test/auto/CausalityInterface15.xml
auto.tcl: Setting watchdog for 200 seconds at Sun Oct 14 02:32:21 UTC 2018
8 ms. Memory: 208384K Free: 196399K (94%)
ptolemy.util.test.WatchDog.cancel(): canceling Sun Oct 14 02:32:21 UTC 2018
auto.tcl: Setting watchdog for 200 seconds at Sun Oct 14 02:32:21 UTC 2018
4 ms. Memory: 208384K Free: 196399K (94%)
ptolemy.util.test.WatchDog.cancel(): canceling Sun Oct 14 02:32:21 UTC 2018
------------------ testing $PTII/ptolemy/domains/de/test/auto/CausalityInterface2.xml
auto.tcl: Setting watchdog for 200 seconds at Sun Oct 14 02:32:21 UTC 2018
4 ms. Memory: 208384K Free: 196721K (94%)
ptolemy.util.test.WatchDog.cancel(): canceling Sun Oct 14 02:32:22 UTC 2018
auto.tcl: Setting watchdog for 200 seconds at Sun Oct 14 02:32:22 UTC 2018
3 ms. Memory: 208384K Free: 196383K (94%)
ptolemy.util.test.WatchDog.cancel(): canceling Sun Oct 14 02:32:22 UTC 2018
------------------ testing $PTII/ptolemy/domains/de/test/auto/CausalityInterface3.xml
auto.tcl: Setting watchdog for 200 seconds at Sun Oct 14 02:32:22 UTC 2018
4 ms. Memory: 208384K Free: 196396K (94%)
ptolemy.util.test.WatchDog.cancel(): canceling Sun Oct 14 02:32:22 UTC 2018
auto.tcl: Setting watchdog for 200 seconds at Sun Oct 14 02:32:22 UTC 2018
3 ms. Memory: 208384K Free: 196396K (94%)
ptolemy.util.test.WatchDog.cancel(): canceling Sun Oct 14 02:32:22 UTC 2018
------------------ testing $PTII/ptolemy/domains/de/test/auto/ClockDrift.xml
auto.tcl: Setting watchdog for 200 seconds at Sun Oct 14 02:32:22 UTC 2018
94 ms. Memory: 208384K Free: 187607K (90%)
ptolemy.util.test.WatchDog.cancel(): canceling Sun Oct 14 02:32:22 UTC 2018
auto.tcl: Setting watchdog for 200 seconds at Sun Oct 14 02:32:22 UTC 2018
57 ms. Memory: 208384K Free: 185500K (89%)
ptolemy.util.test.WatchDog.cancel(): canceling Sun Oct 14 02:32:22 UTC 2018
------------------ testing $PTII/ptolemy/domains/de/test/auto/ClockDriftAndValueChange.xml
auto.tcl: Setting watchdog for 200 seconds at Sun Oct 14 02:32:22 UTC 2018
42 ms. Memory: 208384K Free: 187440K (90%)
ptolemy.util.test.WatchDog.cancel(): canceling Sun Oct 14 02:32:22 UTC 2018
auto.tcl: Setting watchdog for 200 seconds at Sun Oct 14 02:32:22 UTC 2018
22 ms. Memory: 208384K Free: 185333K (89%)
ptolemy.util.test.WatchDog.cancel(): canceling Sun Oct 14 02:32:22 UTC 2018
------------------ testing $PTII/ptolemy/domains/de/test/auto/ClockDriftChange.xml
auto.tcl: Setting watchdog for 200 seconds at Sun Oct 14 02:32:22 UTC 2018
37 ms. Memory: 208384K Free: 190771K (92%)
ptolemy.util.test.WatchDog.cancel(): canceling Sun Oct 14 02:32:22 UTC 2018
auto.tcl: Setting watchdog for 200 seconds at Sun Oct 14 02:32:22 UTC 2018
19 ms. Memory: 208384K Free: 188664K (91%)
ptolemy.util.test.WatchDog.cancel(): canceling Sun Oct 14 02:32:22 UTC 2018
------------------ testing $PTII/ptolemy/domains/de/test/auto/ComposableCausalityAnalysis.xml
auto.tcl: Setting watchdog for 200 seconds at Sun Oct 14 02:32:22 UTC 2018
2 ms. Memory: 208384K Free: 196250K (94%)
ptolemy.util.test.WatchDog.cancel(): canceling Sun Oct 14 02:32:22 UTC 2018
auto.tcl: Setting watchdog for 200 seconds at Sun Oct 14 02:32:22 UTC 2018
6 ms. Memory: 208384K Free: 194143K (93%)
ptolemy.util.test.WatchDog.cancel(): canceling Sun Oct 14 02:32:22 UTC 2018
------------------ testing $PTII/ptolemy/domains/de/test/auto/DEFixedPointLimitation.xml
auto.tcl: Setting watchdog for 200 seconds at Sun Oct 14 02:32:22 UTC 2018
2 ms. Memory: 208384K Free: 196128K (94%)
ptolemy.util.test.WatchDog.cancel(): canceling Sun Oct 14 02:32:22 UTC 2018
auto.tcl: Setting watchdog for 200 seconds at Sun Oct 14 02:32:22 UTC 2018
2 ms. Memory: 208384K Free: 196128K (94%)
ptolemy.util.test.WatchDog.cancel(): canceling Sun Oct 14 02:32:22 UTC 2018
------------------ testing $PTII/ptolemy/domains/de/test/auto/DEScheduleTest.xml
auto.tcl: Setting watchdog for 200 seconds at Sun Oct 14 02:32:22 UTC 2018
7 ms. Memory: 208384K Free: 198270K (95%)
ptolemy.util.test.WatchDog.cancel(): canceling Sun Oct 14 02:32:22 UTC 2018
auto.tcl: Setting watchdog for 200 seconds at Sun Oct 14 02:32:22 UTC 2018
7 ms. Memory: 208384K Free: 196163K (94%)
ptolemy.util.test.WatchDog.cancel(): canceling Sun Oct 14 02:32:22 UTC 2018
------------------ testing $PTII/ptolemy/domains/de/test/auto/DEinDEwithStartTimes.xml
auto.tcl: Setting watchdog for 200 seconds at Sun Oct 14 02:32:22 UTC 2018
4 ms. Memory: 208384K Free: 196132K (94%)
ptolemy.util.test.WatchDog.cancel(): canceling Sun Oct 14 02:32:23 UTC 2018
auto.tcl: Setting watchdog for 200 seconds at Sun Oct 14 02:32:23 UTC 2018
6 ms. Memory: 208384K Free: 194025K (93%)
ptolemy.util.test.WatchDog.cancel(): canceling Sun Oct 14 02:32:23 UTC 2018
------------------ testing $PTII/ptolemy/domains/de/test/auto/DEinDEwithStartTimes2.xml
auto.tcl: Setting watchdog for 200 seconds at Sun Oct 14 02:32:23 UTC 2018
4 ms. Memory: 208384K Free: 196111K (94%)
ptolemy.util.test.WatchDog.cancel(): canceling Sun Oct 14 02:32:23 UTC 2018
auto.tcl: Setting watchdog for 200 seconds at Sun Oct 14 02:32:23 UTC 2018
5 ms. Memory: 208384K Free: 194004K (93%)
ptolemy.util.test.WatchDog.cancel(): canceling Sun Oct 14 02:32:23 UTC 2018
------------------ testing $PTII/ptolemy/domains/de/test/auto/DateDemo.xml
auto.tcl: Setting watchdog for 200 seconds at Sun Oct 14 02:32:23 UTC 2018
8 ms. Memory: 208384K Free: 188520K (90%)
ptolemy.util.test.WatchDog.cancel(): canceling Sun Oct 14 02:32:23 UTC 2018
auto.tcl: Setting watchdog for 200 seconds at Sun Oct 14 02:32:23 UTC 2018
6 ms. Memory: 208384K Free: 186413K (89%)
ptolemy.util.test.WatchDog.cancel(): canceling Sun Oct 14 02:32:23 UTC 2018
------------------ testing $PTII/ptolemy/domains/de/test/auto/DateToEvent.xml
auto.tcl: Setting watchdog for 200 seconds at Sun Oct 14 02:32:23 UTC 2018
2019 ms. Memory: 208384K Free: 183221K (88%)
ptolemy.util.test.WatchDog.cancel(): canceling Sun Oct 14 02:32:25 UTC 2018
auto.tcl: Setting watchdog for 200 seconds at Sun Oct 14 02:32:25 UTC 2018
2007 ms. Memory: 208384K Free: 180763K (87%)
ptolemy.util.test.WatchDog.cancel(): canceling Sun Oct 14 02:32:27 UTC 2018
------------------ testing $PTII/ptolemy/domains/de/test/auto/DepthTest1.xml
auto.tcl: Setting watchdog for 200 seconds at Sun Oct 14 02:32:27 UTC 2018
5 ms. Memory: 208384K Free: 197797K (95%)
ptolemy.util.test.WatchDog.cancel(): canceling Sun Oct 14 02:32:27 UTC 2018
auto.tcl: Setting watchdog for 200 seconds at Sun Oct 14 02:32:27 UTC 2018
2 ms. Memory: 208384K Free: 197797K (95%)
ptolemy.util.test.WatchDog.cancel(): canceling Sun Oct 14 02:32:27 UTC 2018
------------------ testing $PTII/ptolemy/domains/de/test/auto/DepthTest2.xml
auto.tcl: Setting watchdog for 200 seconds at Sun Oct 14 02:32:27 UTC 2018
3 ms. Memory: 208384K Free: 193985K (93%)
ptolemy.util.test.WatchDog.cancel(): canceling Sun Oct 14 02:32:27 UTC 2018
auto.tcl: Setting watchdog for 200 seconds at Sun Oct 14 02:32:27 UTC 2018
7 ms. Memory: 208384K Free: 193985K (93%)
ptolemy.util.test.WatchDog.cancel(): canceling Sun Oct 14 02:32:27 UTC 2018
------------------ testing $PTII/ptolemy/domains/de/test/auto/DepthTest3.xml
auto.tcl: Setting watchdog for 200 seconds at Sun Oct 14 02:32:27 UTC 2018
3 ms. Memory: 208384K Free: 198469K (95%)
ptolemy.util.test.WatchDog.cancel(): canceling Sun Oct 14 02:32:27 UTC 2018
auto.tcl: Setting watchdog for 200 seconds at Sun Oct 14 02:32:27 UTC 2018
2 ms. Memory: 208384K Free: 198469K (95%)
ptolemy.util.test.WatchDog.cancel(): canceling Sun Oct 14 02:32:27 UTC 2018
------------------ testing $PTII/ptolemy/domains/de/test/auto/DepthTest4.xml
auto.tcl: Setting watchdog for 200 seconds at Sun Oct 14 02:32:27 UTC 2018
7 ms. Memory: 208384K Free: 196111K (94%)
ptolemy.util.test.WatchDog.cancel(): canceling Sun Oct 14 02:32:27 UTC 2018
auto.tcl: Setting watchdog for 200 seconds at Sun Oct 14 02:32:27 UTC 2018
2 ms. Memory: 208384K Free: 196111K (94%)
ptolemy.util.test.WatchDog.cancel(): canceling Sun Oct 14 02:32:27 UTC 2018
------------------ testing $PTII/ptolemy/domains/de/test/auto/DepthTest5.xml
auto.tcl: Setting watchdog for 200 seconds at Sun Oct 14 02:32:27 UTC 2018
4 ms. Memory: 208384K Free: 196397K (94%)
ptolemy.util.test.WatchDog.cancel(): canceling Sun Oct 14 02:32:27 UTC 2018
auto.tcl: Setting watchdog for 200 seconds at Sun Oct 14 02:32:27 UTC 2018
2 ms. Memory: 208384K Free: 196397K (94%)
ptolemy.util.test.WatchDog.cancel(): canceling Sun Oct 14 02:32:27 UTC 2018
------------------ testing $PTII/ptolemy/domains/de/test/auto/DepthTest6.xml
auto.tcl: Setting watchdog for 200 seconds at Sun Oct 14 02:32:27 UTC 2018
10 ms. Memory: 208384K Free: 196365K (94%)
ptolemy.util.test.WatchDog.cancel(): canceling Sun Oct 14 02:32:27 UTC 2018
auto.tcl: Setting watchdog for 200 seconds at Sun Oct 14 02:32:27 UTC 2018
3 ms. Memory: 208384K Free: 196365K (94%)
ptolemy.util.test.WatchDog.cancel(): canceling Sun Oct 14 02:32:27 UTC 2018
------------------ testing $PTII/ptolemy/domains/de/test/auto/DepthTest7.xml
auto.tcl: Setting watchdog for 200 seconds at Sun Oct 14 02:32:27 UTC 2018
3 ms. Memory: 208384K Free: 196016K (94%)
ptolemy.util.test.WatchDog.cancel(): canceling Sun Oct 14 02:32:27 UTC 2018
auto.tcl: Setting watchdog for 200 seconds at Sun Oct 14 02:32:27 UTC 2018
2 ms. Memory: 208384K Free: 196016K (94%)
ptolemy.util.test.WatchDog.cancel(): canceling Sun Oct 14 02:32:27 UTC 2018
------------------ testing $PTII/ptolemy/domains/de/test/auto/EventToDate.xml
auto.tcl: Setting watchdog for 200 seconds at Sun Oct 14 02:32:27 UTC 2018
3005 ms. Memory: 208384K Free: 185503K (89%)
ptolemy.util.test.WatchDog.cancel(): canceling Sun Oct 14 02:32:31 UTC 2018
auto.tcl: Setting watchdog for 200 seconds at Sun Oct 14 02:32:31 UTC 2018
3004 ms. Memory: 208384K Free: 185503K (89%)
ptolemy.util.test.WatchDog.cancel(): canceling Sun Oct 14 02:32:34 UTC 2018
------------------ testing $PTII/ptolemy/domains/de/test/auto/FSM1.xml
auto.tcl: Setting watchdog for 200 seconds at Sun Oct 14 02:32:34 UTC 2018
42 ms. Memory: 208384K Free: 189054K (91%)
ptolemy.util.test.WatchDog.cancel(): canceling Sun Oct 14 02:32:34 UTC 2018
auto.tcl: Setting watchdog for 200 seconds at Sun Oct 14 02:32:34 UTC 2018
26 ms. Memory: 208384K Free: 184840K (89%)
ptolemy.util.test.WatchDog.cancel(): canceling Sun Oct 14 02:32:34 UTC 2018
------------------ testing $PTII/ptolemy/domains/de/test/auto/FSM7.xml
auto.tcl: Setting watchdog for 200 seconds at Sun Oct 14 02:32:34 UTC 2018
22 ms. Memory: 208384K Free: 187148K (90%)
ptolemy.util.test.WatchDog.cancel(): canceling Sun Oct 14 02:32:34 UTC 2018
auto.tcl: Setting watchdog for 200 seconds at Sun Oct 14 02:32:34 UTC 2018
22 ms. Memory: 208384K Free: 185041K (89%)
ptolemy.util.test.WatchDog.cancel(): canceling Sun Oct 14 02:32:34 UTC 2018
------------------ testing $PTII/ptolemy/domains/de/test/auto/Inspection.xml
auto.tcl: Setting watchdog for 200 seconds at Sun Oct 14 02:32:34 UTC 2018
29 ms. Memory: 208384K Free: 188698K (91%)
ptolemy.util.test.WatchDog.cancel(): canceling Sun Oct 14 02:32:34 UTC 2018
auto.tcl: Setting watchdog for 200 seconds at Sun Oct 14 02:32:34 UTC 2018
21 ms. Memory: 208384K Free: 186591K (90%)
ptolemy.util.test.WatchDog.cancel(): canceling Sun Oct 14 02:32:34 UTC 2018
------------------ testing $PTII/ptolemy/domains/de/test/auto/Iteration.xml
auto.tcl: Setting watchdog for 200 seconds at Sun Oct 14 02:32:34 UTC 2018
6 ms. Memory: 208384K Free: 196157K (94%)
ptolemy.util.test.WatchDog.cancel(): canceling Sun Oct 14 02:32:34 UTC 2018
auto.tcl: Setting watchdog for 200 seconds at Sun Oct 14 02:32:34 UTC 2018
6 ms. Memory: 208384K Free: 194050K (93%)
ptolemy.util.test.WatchDog.cancel(): canceling Sun Oct 14 02:32:34 UTC 2018
------------------ testing $PTII/ptolemy/domains/de/test/auto/LineFault.xml
auto.tcl: Setting watchdog for 200 seconds at Sun Oct 14 02:32:34 UTC 2018
719 ms. Memory: 208384K Free: 194606K (93%)
ptolemy.util.test.WatchDog.cancel(): canceling Sun Oct 14 02:32:35 UTC 2018
auto.tcl: Setting watchdog for 200 seconds at Sun Oct 14 02:32:35 UTC 2018
599 ms. Memory: 208384K Free: 137082K (66%)
ptolemy.util.test.WatchDog.cancel(): canceling Sun Oct 14 02:32:36 UTC 2018
------------------ testing $PTII/ptolemy/domains/de/test/auto/MergeModel1Add.xml
auto.tcl: Setting watchdog for 200 seconds at Sun Oct 14 02:32:36 UTC 2018
15 ms. Memory: 331264K Free: 298816K (90%)
ptolemy.util.test.WatchDog.cancel(): canceling Sun Oct 14 02:32:36 UTC 2018
auto.tcl: Setting watchdog for 200 seconds at Sun Oct 14 02:32:36 UTC 2018
10 ms. Memory: 331264K Free: 298816K (90%)
ptolemy.util.test.WatchDog.cancel(): canceling Sun Oct 14 02:32:36 UTC 2018
------------------ testing $PTII/ptolemy/domains/de/test/auto/MergeModel2Add.xml
auto.tcl: Setting watchdog for 200 seconds at Sun Oct 14 02:32:36 UTC 2018
7 ms. Memory: 331264K Free: 304101K (92%)
ptolemy.util.test.WatchDog.cancel(): canceling Sun Oct 14 02:32:36 UTC 2018
auto.tcl: Setting watchdog for 200 seconds at Sun Oct 14 02:32:36 UTC 2018
12 ms. Memory: 331264K Free: 300186K (91%)
ptolemy.util.test.WatchDog.cancel(): canceling Sun Oct 14 02:32:36 UTC 2018
------------------ testing $PTII/ptolemy/domains/de/test/auto/MergeModel3Add.xml
auto.tcl: Setting watchdog for 200 seconds at Sun Oct 14 02:32:36 UTC 2018
13 ms. Memory: 331264K Free: 304111K (92%)
ptolemy.util.test.WatchDog.cancel(): canceling Sun Oct 14 02:32:36 UTC 2018
auto.tcl: Setting watchdog for 200 seconds at Sun Oct 14 02:32:36 UTC 2018
9 ms. Memory: 331264K Free: 300196K (91%)
ptolemy.util.test.WatchDog.cancel(): canceling Sun Oct 14 02:32:36 UTC 2018
------------------ testing $PTII/ptolemy/domains/de/test/auto/MergeWithoutDiscard.xml
auto.tcl: Setting watchdog for 200 seconds at Sun Oct 14 02:32:36 UTC 2018
8 ms. Memory: 331264K Free: 319770K (97%)
ptolemy.util.test.WatchDog.cancel(): canceling Sun Oct 14 02:32:36 UTC 2018
auto.tcl: Setting watchdog for 200 seconds at Sun Oct 14 02:32:36 UTC 2018
2 ms. Memory: 331264K Free: 315854K (95%)
ptolemy.util.test.WatchDog.cancel(): canceling Sun Oct 14 02:32:36 UTC 2018
------------------ testing $PTII/ptolemy/domains/de/test/auto/Modal1.xml
auto.tcl: Setting watchdog for 200 seconds at Sun Oct 14 02:32:36 UTC 2018
13 ms. Memory: 331264K Free: 309796K (94%)
ptolemy.util.test.WatchDog.cancel(): canceling Sun Oct 14 02:32:36 UTC 2018
auto.tcl: Setting watchdog for 200 seconds at Sun Oct 14 02:32:36 UTC 2018
11 ms. Memory: 331264K Free: 305881K (92%)
ptolemy.util.test.WatchDog.cancel(): canceling Sun Oct 14 02:32:36 UTC 2018
------------------ testing $PTII/ptolemy/domains/de/test/auto/Modal2.xml
auto.tcl: Setting watchdog for 200 seconds at Sun Oct 14 02:32:36 UTC 2018
16 ms. Memory: 331264K Free: 309669K (93%)
ptolemy.util.test.WatchDog.cancel(): canceling Sun Oct 14 02:32:36 UTC 2018
auto.tcl: Setting watchdog for 200 seconds at Sun Oct 14 02:32:36 UTC 2018
17 ms. Memory: 331264K Free: 305754K (92%)
ptolemy.util.test.WatchDog.cancel(): canceling Sun Oct 14 02:32:36 UTC 2018
------------------ testing $PTII/ptolemy/domains/de/test/auto/Modal3.xml
auto.tcl: Setting watchdog for 200 seconds at Sun Oct 14 02:32:36 UTC 2018
15 ms. Memory: 331264K Free: 309953K (94%)
ptolemy.util.test.WatchDog.cancel(): canceling Sun Oct 14 02:32:36 UTC 2018
auto.tcl: Setting watchdog for 200 seconds at Sun Oct 14 02:32:36 UTC 2018
14 ms. Memory: 331264K Free: 305752K (92%)
ptolemy.util.test.WatchDog.cancel(): canceling Sun Oct 14 02:32:36 UTC 2018
------------------ testing $PTII/ptolemy/domains/de/test/auto/Modal4.xml
auto.tcl: Setting watchdog for 200 seconds at Sun Oct 14 02:32:37 UTC 2018
24 ms. Memory: 331264K Free: 309665K (93%)
ptolemy.util.test.WatchDog.cancel(): canceling Sun Oct 14 02:32:37 UTC 2018
auto.tcl: Setting watchdog for 200 seconds at Sun Oct 14 02:32:37 UTC 2018
16 ms. Memory: 331264K Free: 305749K (92%)
ptolemy.util.test.WatchDog.cancel(): canceling Sun Oct 14 02:32:37 UTC 2018
------------------ testing $PTII/ptolemy/domains/de/test/auto/Modal5.xml
auto.tcl: Setting watchdog for 200 seconds at Sun Oct 14 02:32:37 UTC 2018
24 ms. Memory: 331264K Free: 309652K (93%)
ptolemy.util.test.WatchDog.cancel(): canceling Sun Oct 14 02:32:37 UTC 2018
auto.tcl: Setting watchdog for 200 seconds at Sun Oct 14 02:32:37 UTC 2018
14 ms. Memory: 331264K Free: 305736K (92%)
ptolemy.util.test.WatchDog.cancel(): canceling Sun Oct 14 02:32:37 UTC 2018
------------------ testing $PTII/ptolemy/domains/de/test/auto/Modal6.xml
auto.tcl: Setting watchdog for 200 seconds at Sun Oct 14 02:32:37 UTC 2018
15 ms. Memory: 331264K Free: 309649K (93%)
ptolemy.util.test.WatchDog.cancel(): canceling Sun Oct 14 02:32:37 UTC 2018
auto.tcl: Setting watchdog for 200 seconds at Sun Oct 14 02:32:37 UTC 2018
17 ms. Memory: 331264K Free: 305734K (92%)
ptolemy.util.test.WatchDog.cancel(): canceling Sun Oct 14 02:32:37 UTC 2018
------------------ testing $PTII/ptolemy/domains/de/test/auto/Modal7.xml
auto.tcl: Setting watchdog for 200 seconds at Sun Oct 14 02:32:37 UTC 2018
9 ms. Memory: 331264K Free: 305734K (92%)
ptolemy.util.test.WatchDog.cancel(): canceling Sun Oct 14 02:32:37 UTC 2018
auto.tcl: Setting watchdog for 200 seconds at Sun Oct 14 02:32:37 UTC 2018
10 ms. Memory: 331264K Free: 305734K (92%)
ptolemy.util.test.WatchDog.cancel(): canceling Sun Oct 14 02:32:37 UTC 2018
------------------ testing $PTII/ptolemy/domains/de/test/auto/ModalModel.xml
auto.tcl: Setting watchdog for 200 seconds at Sun Oct 14 02:32:37 UTC 2018
178 ms. Memory: 331264K Free: 241346K (73%)
ptolemy.util.test.WatchDog.cancel(): canceling Sun Oct 14 02:32:37 UTC 2018
auto.tcl: Setting watchdog for 200 seconds at Sun Oct 14 02:32:37 UTC 2018
182 ms. Memory: 331264K Free: 186530K (56%)
ptolemy.util.test.WatchDog.cancel(): canceling Sun Oct 14 02:32:37 UTC 2018
------------------ testing $PTII/ptolemy/domains/de/test/auto/ModalSource.xml
auto.tcl: Setting watchdog for 200 seconds at Sun Oct 14 02:32:37 UTC 2018
9 ms. Memory: 331264K Free: 316411K (96%)
ptolemy.util.test.WatchDog.cancel(): canceling Sun Oct 14 02:32:37 UTC 2018
auto.tcl: Setting watchdog for 200 seconds at Sun Oct 14 02:32:37 UTC 2018
5 ms. Memory: 331264K Free: 312931K (94%)
ptolemy.util.test.WatchDog.cancel(): canceling Sun Oct 14 02:32:37 UTC 2018
------------------ testing $PTII/ptolemy/domains/de/test/auto/NonInterruptibleTimerZeroDelay.xml
auto.tcl: Setting watchdog for 200 seconds at Sun Oct 14 02:32:38 UTC 2018
4 ms. Memory: 331264K Free: 320728K (97%)
ptolemy.util.test.WatchDog.cancel(): canceling Sun Oct 14 02:32:38 UTC 2018
auto.tcl: Setting watchdog for 200 seconds at Sun Oct 14 02:32:38 UTC 2018
2 ms. Memory: 331264K Free: 317249K (96%)
ptolemy.util.test.WatchDog.cancel(): canceling Sun Oct 14 02:32:38 UTC 2018
------------------ testing $PTII/ptolemy/domains/de/test/auto/OpenQueueingNetwork.xml
auto.tcl: Setting watchdog for 200 seconds at Sun Oct 14 02:32:38 UTC 2018
2555 ms. Memory: 573952K Free: 413317K (72%)
ptolemy.util.test.WatchDog.cancel(): canceling Sun Oct 14 02:32:40 UTC 2018
auto.tcl: Setting watchdog for 200 seconds at Sun Oct 14 02:32:40 UTC 2018
2156 ms. Memory: 550912K Free: 323850K (59%)
ptolemy.util.test.WatchDog.cancel(): canceling Sun Oct 14 02:32:42 UTC 2018
------------------ testing $PTII/ptolemy/domains/de/test/auto/OpenQueuingNetwork.xml
auto.tcl: Setting watchdog for 200 seconds at Sun Oct 14 02:32:43 UTC 2018
223 ms. Memory: 549888K Free: 445770K (81%)
ptolemy.util.test.WatchDog.cancel(): canceling Sun Oct 14 02:32:43 UTC 2018
auto.tcl: Setting watchdog for 200 seconds at Sun Oct 14 02:32:43 UTC 2018
215 ms. Memory: 549888K Free: 386591K (70%)
ptolemy.util.test.WatchDog.cancel(): canceling Sun Oct 14 02:32:43 UTC 2018
------------------ testing $PTII/ptolemy/domains/de/test/auto/PeriodicSampler.xml
auto.tcl: Setting watchdog for 200 seconds at Sun Oct 14 02:32:43 UTC 2018
4 ms. Memory: 551936K Free: 531751K (96%)
ptolemy.util.test.WatchDog.cancel(): canceling Sun Oct 14 02:32:43 UTC 2018
auto.tcl: Setting watchdog for 200 seconds at Sun Oct 14 02:32:43 UTC 2018
2 ms. Memory: 551936K Free: 531751K (96%)
ptolemy.util.test.WatchDog.cancel(): canceling Sun Oct 14 02:32:43 UTC 2018
------------------ testing $PTII/ptolemy/domains/de/test/auto/PersistentIO.xml
auto.tcl: Setting watchdog for 200 seconds at Sun Oct 14 02:32:43 UTC 2018
5 ms. Memory: 549376K Free: 524623K (95%)
ptolemy.util.test.WatchDog.cancel(): canceling Sun Oct 14 02:32:43 UTC 2018
auto.tcl: Setting watchdog for 200 seconds at Sun Oct 14 02:32:43 UTC 2018
4 ms. Memory: 549376K Free: 524623K (95%)
ptolemy.util.test.WatchDog.cancel(): canceling Sun Oct 14 02:32:43 UTC 2018
------------------ testing $PTII/ptolemy/domains/de/test/auto/PortParameterResetOnInitialize.xml
auto.tcl: Setting watchdog for 200 seconds at Sun Oct 14 02:32:43 UTC 2018
2 ms. Memory: 551424K Free: 531699K (96%)
ptolemy.util.test.WatchDog.cancel(): canceling Sun Oct 14 02:32:43 UTC 2018
auto.tcl: Setting watchdog for 200 seconds at Sun Oct 14 02:32:43 UTC 2018
2 ms. Memory: 551424K Free: 531699K (96%)
ptolemy.util.test.WatchDog.cancel(): canceling Sun Oct 14 02:32:43 UTC 2018
------------------ testing $PTII/ptolemy/domains/de/test/auto/PortParameterUpdates.xml
auto.tcl: Setting watchdog for 200 seconds at Sun Oct 14 02:32:43 UTC 2018
3 ms. Memory: 549376K Free: 529305K (96%)
ptolemy.util.test.WatchDog.cancel(): canceling Sun Oct 14 02:32:43 UTC 2018
auto.tcl: Setting watchdog for 200 seconds at Sun Oct 14 02:32:43 UTC 2018
3 ms. Memory: 549376K Free: 529305K (96%)
ptolemy.util.test.WatchDog.cancel(): canceling Sun Oct 14 02:32:43 UTC 2018
------------------ testing $PTII/ptolemy/domains/de/test/auto/QueueAndServer.xml
auto.tcl: Setting watchdog for 200 seconds at Sun Oct 14 02:32:43 UTC 2018
6 ms. Memory: 551424K Free: 526416K (95%)
ptolemy.util.test.WatchDog.cancel(): canceling Sun Oct 14 02:32:43 UTC 2018
auto.tcl: Setting watchdog for 200 seconds at Sun Oct 14 02:32:43 UTC 2018
7 ms. Memory: 551424K Free: 526416K (95%)
ptolemy.util.test.WatchDog.cancel(): canceling Sun Oct 14 02:32:43 UTC 2018
------------------ testing $PTII/ptolemy/domains/de/test/auto/Records.xml
auto.tcl: Setting watchdog for 200 seconds at Sun Oct 14 02:32:43 UTC 2018
11 ms. Memory: 549376K Free: 534370K (97%)
ptolemy.util.test.WatchDog.cancel(): canceling Sun Oct 14 02:32:44 UTC 2018
auto.tcl: Setting watchdog for 200 seconds at Sun Oct 14 02:32:44 UTC 2018
4 ms. Memory: 549376K Free: 528989K (96%)
ptolemy.util.test.WatchDog.cancel(): canceling Sun Oct 14 02:32:44 UTC 2018
------------------ testing $PTII/ptolemy/domains/de/test/auto/ResetTransitionWithStartTime1.xml
auto.tcl: Setting watchdog for 200 seconds at Sun Oct 14 02:32:44 UTC 2018
6 ms. Memory: 551424K Free: 531063K (96%)
ptolemy.util.test.WatchDog.cancel(): canceling Sun Oct 14 02:32:44 UTC 2018
auto.tcl: Setting watchdog for 200 seconds at Sun Oct 14 02:32:44 UTC 2018
5 ms. Memory: 551424K Free: 531063K (96%)
ptolemy.util.test.WatchDog.cancel(): canceling Sun Oct 14 02:32:44 UTC 2018
------------------ testing $PTII/ptolemy/domains/de/test/auto/ResetTransitionWithStartTime2.xml
auto.tcl: Setting watchdog for 200 seconds at Sun Oct 14 02:32:44 UTC 2018
5 ms. Memory: 549376K Free: 529236K (96%)
ptolemy.util.test.WatchDog.cancel(): canceling Sun Oct 14 02:32:44 UTC 2018
auto.tcl: Setting watchdog for 200 seconds at Sun Oct 14 02:32:44 UTC 2018
6 ms. Memory: 549376K Free: 529236K (96%)
ptolemy.util.test.WatchDog.cancel(): canceling Sun Oct 14 02:32:44 UTC 2018
------------------ testing $PTII/ptolemy/domains/de/test/auto/ResetTransitionWithStartTime3.xml
auto.tcl: Setting watchdog for 200 seconds at Sun Oct 14 02:32:44 UTC 2018
9 ms. Memory: 550912K Free: 530541K (96%)
ptolemy.util.test.WatchDog.cancel(): canceling Sun Oct 14 02:32:44 UTC 2018
auto.tcl: Setting watchdog for 200 seconds at Sun Oct 14 02:32:44 UTC 2018
9 ms. Memory: 550912K Free: 530541K (96%)
ptolemy.util.test.WatchDog.cancel(): canceling Sun Oct 14 02:32:44 UTC 2018
------------------ testing $PTII/ptolemy/domains/de/test/auto/ResetTransitionWithStartTime4.xml
auto.tcl: Setting watchdog for 200 seconds at Sun Oct 14 02:32:44 UTC 2018
4 ms. Memory: 549376K Free: 528994K (96%)
ptolemy.util.test.WatchDog.cancel(): canceling Sun Oct 14 02:32:44 UTC 2018
auto.tcl: Setting watchdog for 200 seconds at Sun Oct 14 02:32:44 UTC 2018
3 ms. Memory: 549376K Free: 528994K (96%)
ptolemy.util.test.WatchDog.cancel(): canceling Sun Oct 14 02:32:44 UTC 2018
------------------ testing $PTII/ptolemy/domains/de/test/auto/ResettableTimer1.xml
auto.tcl: Setting watchdog for 200 seconds at Sun Oct 14 02:32:44 UTC 2018
2 ms. Memory: 550912K Free: 535913K (97%)
ptolemy.util.test.WatchDog.cancel(): canceling Sun Oct 14 02:32:44 UTC 2018
auto.tcl: Setting watchdog for 200 seconds at Sun Oct 14 02:32:44 UTC 2018
2 ms. Memory: 550912K Free: 535913K (97%)
ptolemy.util.test.WatchDog.cancel(): canceling Sun Oct 14 02:32:44 UTC 2018
------------------ testing $PTII/ptolemy/domains/de/test/auto/ResettableTimer2.xml
auto.tcl: Setting watchdog for 200 seconds at Sun Oct 14 02:32:44 UTC 2018
4 ms. Memory: 549376K Free: 534665K (97%)
ptolemy.util.test.WatchDog.cancel(): canceling Sun Oct 14 02:32:44 UTC 2018
auto.tcl: Setting watchdog for 200 seconds at Sun Oct 14 02:32:44 UTC 2018
3 ms. Memory: 549376K Free: 534665K (97%)
ptolemy.util.test.WatchDog.cancel(): canceling Sun Oct 14 02:32:44 UTC 2018
------------------ testing $PTII/ptolemy/domains/de/test/auto/ResettableTimer3.xml
auto.tcl: Setting watchdog for 200 seconds at Sun Oct 14 02:32:44 UTC 2018
2 ms. Memory: 550912K Free: 535971K (97%)
ptolemy.util.test.WatchDog.cancel(): canceling Sun Oct 14 02:32:44 UTC 2018
auto.tcl: Setting watchdog for 200 seconds at Sun Oct 14 02:32:44 UTC 2018
1 ms. Memory: 550912K Free: 535971K (97%)
ptolemy.util.test.WatchDog.cancel(): canceling Sun Oct 14 02:32:44 UTC 2018
------------------ testing $PTII/ptolemy/domains/de/test/auto/ResettableTimer4.xml
auto.tcl: Setting watchdog for 200 seconds at Sun Oct 14 02:32:44 UTC 2018
2 ms. Memory: 549376K Free: 534677K (97%)
ptolemy.util.test.WatchDog.cancel(): canceling Sun Oct 14 02:32:44 UTC 2018
auto.tcl: Setting watchdog for 200 seconds at Sun Oct 14 02:32:44 UTC 2018
1 ms. Memory: 549376K Free: 534677K (97%)
ptolemy.util.test.WatchDog.cancel(): canceling Sun Oct 14 02:32:44 UTC 2018
------------------ testing $PTII/ptolemy/domains/de/test/auto/ResettableTimer5.xml
auto.tcl: Setting watchdog for 200 seconds at Sun Oct 14 02:32:44 UTC 2018
2 ms. Memory: 550400K Free: 530790K (96%)
ptolemy.util.test.WatchDog.cancel(): canceling Sun Oct 14 02:32:44 UTC 2018
auto.tcl: Setting watchdog for 200 seconds at Sun Oct 14 02:32:44 UTC 2018
1 ms. Memory: 550400K Free: 530790K (96%)
ptolemy.util.test.WatchDog.cancel(): canceling Sun Oct 14 02:32:44 UTC 2018
------------------ testing $PTII/ptolemy/domains/de/test/auto/ResettableTimer6.xml
auto.tcl: Setting watchdog for 200 seconds at Sun Oct 14 02:32:44 UTC 2018
2 ms. Memory: 549376K Free: 534395K (97%)
ptolemy.util.test.WatchDog.cancel(): canceling Sun Oct 14 02:32:44 UTC 2018
auto.tcl: Setting watchdog for 200 seconds at Sun Oct 14 02:32:44 UTC 2018
1 ms. Memory: 549376K Free: 534395K (97%)
ptolemy.util.test.WatchDog.cancel(): canceling Sun Oct 14 02:32:44 UTC 2018
------------------ testing $PTII/ptolemy/domains/de/test/auto/ServerZeroDelay.xml
auto.tcl: Setting watchdog for 200 seconds at Sun Oct 14 02:32:44 UTC 2018
4 ms. Memory: 550400K Free: 535640K (97%)
ptolemy.util.test.WatchDog.cancel(): canceling Sun Oct 14 02:32:44 UTC 2018
auto.tcl: Setting watchdog for 200 seconds at Sun Oct 14 02:32:44 UTC 2018
2 ms. Memory: 550400K Free: 535640K (97%)
ptolemy.util.test.WatchDog.cancel(): canceling Sun Oct 14 02:32:44 UTC 2018
------------------ testing $PTII/ptolemy/domains/de/test/auto/SmartSender.xml
auto.tcl: Setting watchdog for 200 seconds at Sun Oct 14 02:32:44 UTC 2018
3002 ms. Memory: 549376K Free: 534611K (97%)
ptolemy.util.test.WatchDog.cancel(): canceling Sun Oct 14 02:32:47 UTC 2018
auto.tcl: Setting watchdog for 200 seconds at Sun Oct 14 02:32:47 UTC 2018
3001 ms. Memory: 549376K Free: 534611K (97%)
ptolemy.util.test.WatchDog.cancel(): canceling Sun Oct 14 02:32:50 UTC 2018
------------------ testing $PTII/ptolemy/domains/de/test/auto/ThreadedComposite.xml
auto.tcl: Setting watchdog for 200 seconds at Sun Oct 14 02:32:50 UTC 2018
167 ms. Memory: 550400K Free: 510588K (93%)
ptolemy.util.test.WatchDog.cancel(): canceling Sun Oct 14 02:32:51 UTC 2018
auto.tcl: Setting watchdog for 200 seconds at Sun Oct 14 02:32:51 UTC 2018
113 ms. Memory: 550400K Free: 495849K (90%)
ptolemy.util.test.WatchDog.cancel(): canceling Sun Oct 14 02:32:51 UTC 2018
------------------ testing $PTII/ptolemy/domains/de/test/auto/Time.xml
auto.tcl: Setting watchdog for 200 seconds at Sun Oct 14 02:32:51 UTC 2018
496 ms. Memory: 549376K Free: 482629K (88%)
ptolemy.util.test.WatchDog.cancel(): canceling Sun Oct 14 02:32:51 UTC 2018
auto.tcl: Setting watchdog for 200 seconds at Sun Oct 14 02:32:51 UTC 2018
492 ms. Memory: 549376K Free: 423451K (77%)
ptolemy.util.test.WatchDog.cancel(): canceling Sun Oct 14 02:32:52 UTC 2018
------------------ testing $PTII/ptolemy/domains/de/test/auto/TimeDelayZeroDelay.xml
auto.tcl: Setting watchdog for 200 seconds at Sun Oct 14 02:32:52 UTC 2018
2 ms. Memory: 550400K Free: 535328K (97%)
ptolemy.util.test.WatchDog.cancel(): canceling Sun Oct 14 02:32:52 UTC 2018
auto.tcl: Setting watchdog for 200 seconds at Sun Oct 14 02:32:52 UTC 2018
2 ms. Memory: 550400K Free: 535328K (97%)
ptolemy.util.test.WatchDog.cancel(): canceling Sun Oct 14 02:32:52 UTC 2018
------------------ testing $PTII/ptolemy/domains/de/test/auto/TimerZeroDelay.xml
auto.tcl: Setting watchdog for 200 seconds at Sun Oct 14 02:32:52 UTC 2018
2 ms. Memory: 549376K Free: 534577K (97%)
ptolemy.util.test.WatchDog.cancel(): canceling Sun Oct 14 02:32:52 UTC 2018
auto.tcl: Setting watchdog for 200 seconds at Sun Oct 14 02:32:52 UTC 2018
3 ms. Memory: 549376K Free: 534577K (97%)
ptolemy.util.test.WatchDog.cancel(): canceling Sun Oct 14 02:32:52 UTC 2018
------------------ testing $PTII/ptolemy/domains/de/test/auto/TimingParadox.xml
auto.tcl: Setting watchdog for 200 seconds at Sun Oct 14 02:32:52 UTC 2018
343 ms. Memory: 549888K Free: 469798K (85%)
ptolemy.util.test.WatchDog.cancel(): canceling Sun Oct 14 02:32:52 UTC 2018
auto.tcl: Setting watchdog for 200 seconds at Sun Oct 14 02:32:52 UTC 2018
328 ms. Memory: 549888K Free: 437518K (80%)
ptolemy.util.test.WatchDog.cancel(): canceling Sun Oct 14 02:32:53 UTC 2018
------------------ testing $PTII/ptolemy/domains/de/test/auto/TransferInputs.xml
auto.tcl: Setting watchdog for 200 seconds at Sun Oct 14 02:32:53 UTC 2018
1 ms. Memory: 549888K Free: 533993K (97%)
ptolemy.util.test.WatchDog.cancel(): canceling Sun Oct 14 02:32:53 UTC 2018
auto.tcl: Setting watchdog for 200 seconds at Sun Oct 14 02:32:53 UTC 2018
1 ms. Memory: 549888K Free: 533993K (97%)
ptolemy.util.test.WatchDog.cancel(): canceling Sun Oct 14 02:32:53 UTC 2018
------------------ testing $PTII/ptolemy/domains/de/test/auto/TransferOutputs2.xml
auto.tcl: Setting watchdog for 200 seconds at Sun Oct 14 02:32:53 UTC 2018
3 ms. Memory: 549376K Free: 524507K (95%)
ptolemy.util.test.WatchDog.cancel(): canceling Sun Oct 14 02:32:53 UTC 2018
auto.tcl: Setting watchdog for 200 seconds at Sun Oct 14 02:32:53 UTC 2018
3 ms. Memory: 549376K Free: 524507K (95%)
ptolemy.util.test.WatchDog.cancel(): canceling Sun Oct 14 02:32:53 UTC 2018
------------------ testing $PTII/ptolemy/domains/de/test/auto/Trilateration.xml
auto.tcl: Setting watchdog for 200 seconds at Sun Oct 14 02:32:53 UTC 2018
13447 ms. Memory: 766976K Free: 240242K (31%)
ptolemy.util.test.WatchDog.cancel(): canceling Sun Oct 14 02:33:07 UTC 2018
auto.tcl: Setting watchdog for 200 seconds at Sun Oct 14 02:33:07 UTC 2018
11020 ms. Memory: 646144K Free: 98919K (15%)
ptolemy.util.test.WatchDog.cancel(): canceling Sun Oct 14 02:33:18 UTC 2018
------------------ testing $PTII/ptolemy/domains/de/test/auto/TwoSigmaDelta.xml
auto.tcl: Setting watchdog for 200 seconds at Sun Oct 14 02:33:18 UTC 2018
2647 ms. Memory: 649728K Free: 342319K (53%)
ptolemy.util.test.WatchDog.cancel(): canceling Sun Oct 14 02:33:21 UTC 2018
auto.tcl: Setting watchdog for 200 seconds at Sun Oct 14 02:33:21 UTC 2018
1991 ms. Memory: 649728K Free: 116757K (18%)
ptolemy.util.test.WatchDog.cancel(): canceling Sun Oct 14 02:33:23 UTC 2018
------------------ testing $PTII/ptolemy/domains/de/test/auto/VariableDelay.xml
auto.tcl: Setting watchdog for 200 seconds at Sun Oct 14 02:33:23 UTC 2018
3 ms. Memory: 646656K Free: 627144K (97%)
ptolemy.util.test.WatchDog.cancel(): canceling Sun Oct 14 02:33:23 UTC 2018
auto.tcl: Setting watchdog for 200 seconds at Sun Oct 14 02:33:23 UTC 2018
1 ms. Memory: 646656K Free: 627144K (97%)
ptolemy.util.test.WatchDog.cancel(): canceling Sun Oct 14 02:33:23 UTC 2018
------------------ testing $PTII/ptolemy/domains/de/test/auto/VariableDelay2.xml
auto.tcl: Setting watchdog for 200 seconds at Sun Oct 14 02:33:23 UTC 2018
6 ms. Memory: 646144K Free: 627078K (97%)
ptolemy.util.test.WatchDog.cancel(): canceling Sun Oct 14 02:33:23 UTC 2018
auto.tcl: Setting watchdog for 200 seconds at Sun Oct 14 02:33:23 UTC 2018
2 ms. Memory: 646144K Free: 627078K (97%)
ptolemy.util.test.WatchDog.cancel(): canceling Sun Oct 14 02:33:23 UTC 2018
------------------ testing $PTII/ptolemy/domains/de/test/auto/VariableDelayZeroDelay.xml
auto.tcl: Setting watchdog for 200 seconds at Sun Oct 14 02:33:23 UTC 2018
4 ms. Memory: 646144K Free: 621429K (96%)
ptolemy.util.test.WatchDog.cancel(): canceling Sun Oct 14 02:33:23 UTC 2018
auto.tcl: Setting watchdog for 200 seconds at Sun Oct 14 02:33:23 UTC 2018
2 ms. Memory: 646144K Free: 621429K (96%)
ptolemy.util.test.WatchDog.cancel(): canceling Sun Oct 14 02:33:23 UTC 2018
------------------ testing $PTII/ptolemy/domains/de/test/auto/VariableDelayZeroDelay2.xml
auto.tcl: Setting watchdog for 200 seconds at Sun Oct 14 02:33:23 UTC 2018
2 ms. Memory: 649216K Free: 624499K (96%)
ptolemy.util.test.WatchDog.cancel(): canceling Sun Oct 14 02:33:23 UTC 2018
auto.tcl: Setting watchdog for 200 seconds at Sun Oct 14 02:33:23 UTC 2018
2 ms. Memory: 649216K Free: 624499K (96%)
ptolemy.util.test.WatchDog.cancel(): canceling Sun Oct 14 02:33:23 UTC 2018
------------------ testing $PTII/ptolemy/domains/de/test/auto/deInCt.xml
auto.tcl: Setting watchdog for 200 seconds at Sun Oct 14 02:33:23 UTC 2018
0
1
1
1
1
0
0
0
0
1
1
0
0
0
0
1
1
1
0
0
1
1
1
0
0
1
1
1
1
1
0
0
0
1
1
1
1
1
10 ms. Memory: 646144K Free: 621393K (96%)
ptolemy.util.test.WatchDog.cancel(): canceling Sun Oct 14 02:33:24 UTC 2018
auto.tcl: Setting watchdog for 200 seconds at Sun Oct 14 02:33:24 UTC 2018
0
1
1
1
1
1
0
0
0
1
1
1
1
1
0
0
0
1
1
1
0
0
0
1
1
1
0
0
0
1
1
1
1
1
0
0
0
8 ms. Memory: 646144K Free: 621393K (96%)
ptolemy.util.test.WatchDog.cancel(): canceling Sun Oct 14 02:33:24 UTC 2018
------------------ testing $PTII/ptolemy/domains/de/test/auto/deInCt2.xml
auto.tcl: Setting watchdog for 200 seconds at Sun Oct 14 02:33:24 UTC 2018
0
1
1
1
0
0
1
1
1
0
0
1
1
1
0
0
1
1
1
0
0
1
1
1
0
0
1
1
1
0
0
1
1
1
0
0
1
1
1
0
0
0
8 ms. Memory: 648704K Free: 623985K (96%)
ptolemy.util.test.WatchDog.cancel(): canceling Sun Oct 14 02:33:24 UTC 2018
auto.tcl: Setting watchdog for 200 seconds at Sun Oct 14 02:33:24 UTC 2018
0
1
1
1
0
0
1
1
1
0
0
1
1
1
0
0
1
1
1
0
0
1
1
1
0
0
1
1
1
0
0
1
1
1
0
0
1
1
1
0
0
0
5 ms. Memory: 648704K Free: 623985K (96%)
ptolemy.util.test.WatchDog.cancel(): canceling Sun Oct 14 02:33:24 UTC 2018
------------------ testing $PTII/ptolemy/domains/de/test/auto/dynamicCausalityInterface1.xml
auto.tcl: Setting watchdog for 200 seconds at Sun Oct 14 02:33:24 UTC 2018
1 ms. Memory: 646144K Free: 612871K (95%)
ptolemy.util.test.WatchDog.cancel(): canceling Sun Oct 14 02:33:24 UTC 2018
auto.tcl: Setting watchdog for 200 seconds at Sun Oct 14 02:33:24 UTC 2018
1 ms. Memory: 646144K Free: 612871K (95%)
ptolemy.util.test.WatchDog.cancel(): canceling Sun Oct 14 02:33:24 UTC 2018
------------------ testing $PTII/ptolemy/domains/de/test/auto/fsm_de_test.xml
auto.tcl: Setting watchdog for 200 seconds at Sun Oct 14 02:33:24 UTC 2018
13 ms. Memory: 648192K Free: 623363K (96%)
ptolemy.util.test.WatchDog.cancel(): canceling Sun Oct 14 02:33:24 UTC 2018
auto.tcl: Setting watchdog for 200 seconds at Sun Oct 14 02:33:24 UTC 2018
5 ms. Memory: 648192K Free: 614798K (95%)
ptolemy.util.test.WatchDog.cancel(): canceling Sun Oct 14 02:33:24 UTC 2018
------------------ testing $PTII/ptolemy/domains/de/test/auto/functionDependencyReconstruction.xml
auto.tcl: Setting watchdog for 200 seconds at Sun Oct 14 02:33:24 UTC 2018
2 ms. Memory: 646144K Free: 612749K (95%)
ptolemy.util.test.WatchDog.cancel(): canceling Sun Oct 14 02:33:24 UTC 2018
auto.tcl: Setting watchdog for 200 seconds at Sun Oct 14 02:33:24 UTC 2018
3 ms. Memory: 646144K Free: 604184K (94%)
ptolemy.util.test.WatchDog.cancel(): canceling Sun Oct 14 02:33:24 UTC 2018
------------------ testing $PTII/ptolemy/domains/de/test/auto/multirate.xml
auto.tcl: Setting watchdog for 200 seconds at Sun Oct 14 02:33:24 UTC 2018
5 ms. Memory: 648192K Free: 623230K (96%)
ptolemy.util.test.WatchDog.cancel(): canceling Sun Oct 14 02:33:24 UTC 2018
auto.tcl: Setting watchdog for 200 seconds at Sun Oct 14 02:33:24 UTC 2018
3 ms. Memory: 648192K Free: 623230K (96%)
ptolemy.util.test.WatchDog.cancel(): canceling Sun Oct 14 02:33:24 UTC 2018
------------------ testing $PTII/ptolemy/domains/de/test/auto/multirate2.xml
auto.tcl: Setting watchdog for 200 seconds at Sun Oct 14 02:33:24 UTC 2018
3 ms. Memory: 646144K Free: 621370K (96%)
ptolemy.util.test.WatchDog.cancel(): canceling Sun Oct 14 02:33:24 UTC 2018
auto.tcl: Setting watchdog for 200 seconds at Sun Oct 14 02:33:24 UTC 2018
3 ms. Memory: 646144K Free: 621370K (96%)
ptolemy.util.test.WatchDog.cancel(): canceling Sun Oct 14 02:33:24 UTC 2018
------------------ testing $PTII/ptolemy/domains/de/test/auto/realtime.xml
auto.tcl: Setting watchdog for 200 seconds at Sun Oct 14 02:33:24 UTC 2018
10002 ms. Memory: 647680K Free: 622873K (96%)
ptolemy.util.test.WatchDog.cancel(): canceling Sun Oct 14 02:33:34 UTC 2018
auto.tcl: Setting watchdog for 200 seconds at Sun Oct 14 02:33:34 UTC 2018
10001 ms. Memory: 647680K Free: 622873K (96%)
ptolemy.util.test.WatchDog.cancel(): canceling Sun Oct 14 02:33:44 UTC 2018
------------------ testing $PTII/ptolemy/domains/de/test/auto/relationGroup.xml
auto.tcl: Setting watchdog for 200 seconds at Sun Oct 14 02:33:44 UTC 2018
1 ms. Memory: 646144K Free: 621395K (96%)
ptolemy.util.test.WatchDog.cancel(): canceling Sun Oct 14 02:33:44 UTC 2018
auto.tcl: Setting watchdog for 200 seconds at Sun Oct 14 02:33:44 UTC 2018
1 ms. Memory: 646144K Free: 621395K (96%)
ptolemy.util.test.WatchDog.cancel(): canceling Sun Oct 14 02:33:44 UTC 2018
------------------ testing $PTII/ptolemy/domains/de/test/auto/relationGroup2.xml
auto.tcl: Setting watchdog for 200 seconds at Sun Oct 14 02:33:44 UTC 2018
2 ms. Memory: 647680K Free: 622958K (96%)
ptolemy.util.test.WatchDog.cancel(): canceling Sun Oct 14 02:33:44 UTC 2018
auto.tcl: Setting watchdog for 200 seconds at Sun Oct 14 02:33:44 UTC 2018
2 ms. Memory: 647680K Free: 622958K (96%)
ptolemy.util.test.WatchDog.cancel(): canceling Sun Oct 14 02:33:44 UTC 2018
------------------ testing $PTII/ptolemy/domains/de/test/auto/sortWithOpaquePorts.xml
auto.tcl: Setting watchdog for 200 seconds at Sun Oct 14 02:33:44 UTC 2018
1 ms. Memory: 646144K Free: 621423K (96%)
ptolemy.util.test.WatchDog.cancel(): canceling Sun Oct 14 02:33:44 UTC 2018
auto.tcl: Setting watchdog for 200 seconds at Sun Oct 14 02:33:44 UTC 2018
2 ms. Memory: 646144K Free: 621423K (96%)
ptolemy.util.test.WatchDog.cancel(): canceling Sun Oct 14 02:33:44 UTC 2018
------------------ testing $PTII/ptolemy/domains/de/test/auto/transferInputsandOutputs.xml
auto.tcl: Setting watchdog for 200 seconds at Sun Oct 14 02:33:44 UTC 2018
2 ms. Memory: 647168K Free: 622433K (96%)
ptolemy.util.test.WatchDog.cancel(): canceling Sun Oct 14 02:33:44 UTC 2018
auto.tcl: Setting watchdog for 200 seconds at Sun Oct 14 02:33:44 UTC 2018
1 ms. Memory: 647168K Free: 622433K (96%)
ptolemy.util.test.WatchDog.cancel(): canceling Sun Oct 14 02:33:44 UTC 2018
------------------ testing $PTII/ptolemy/domains/de/test/auto/triggerType.xml
auto.tcl: Setting watchdog for 200 seconds at Sun Oct 14 02:33:44 UTC 2018
1 ms. Memory: 646144K Free: 621359K (96%)
ptolemy.util.test.WatchDog.cancel(): canceling Sun Oct 14 02:33:44 UTC 2018
auto.tcl: Setting watchdog for 200 seconds at Sun Oct 14 02:33:44 UTC 2018
1 ms. Memory: 646144K Free: 621359K (96%)
ptolemy.util.test.WatchDog.cancel(): canceling Sun Oct 14 02:33:44 UTC 2018
10/14/18 02:33:44
Failed: 0  Total Tests: 192  ((Passed: 187, Newly Passed: 1)  Known Failed: 5) /home/travis/build/icyphy/ptII/ptolemy/domains/de/test
10/14/18 02:33:44
Failed: 0  Total Tests: 192  ((Passed: 187, Newly Passed: 1)  Known Failed: 5) /home/travis/build/icyphy/ptII/ptolemy/domains/de/test
----------------- testing (KnownFailure) /home/travis/build/icyphy/ptII/ptolemy/domains/de/test/auto/knownFailedTests/DESDFClockTest.xml
2009 ms. Memory: 647168K Free: 611110K (94%)
Known Failure: java.lang.reflect.InvocationTargetException
----------------- testing (KnownFailure) /home/travis/build/icyphy/ptII/ptolemy/domains/de/test/auto/knownFailedTests/DirectFeedback.xml
2 ms. Memory: 647168K Free: 565931K (87%)
Known Failure: java.lang.reflect.InvocationTargetException
----------------- testing (KnownFailure) /home/travis/build/icyphy/ptII/ptolemy/domains/de/test/auto/knownFailedTests/FSMSource.xml
7 ms. Memory: 647168K Free: 520752K (80%)
----------------- testing (KnownFailure) /home/travis/build/icyphy/ptII/ptolemy/domains/de/test/auto/knownFailedTests/HierarchicalModel.xml
3 ms. Memory: 647168K Free: 486852K (75%)
Known Failure: java.lang.reflect.InvocationTargetException
----------------- testing (KnownFailure) /home/travis/build/icyphy/ptII/ptolemy/domains/de/test/auto/knownFailedTests/dependencyLoop.xml
2 ms. Memory: 647168K Free: 430370K (67%)
Known Failure: java.lang.reflect.InvocationTargetException
----------------- testing (KnownFailure) /home/travis/build/icyphy/ptII/ptolemy/domains/de/test/auto/knownFailedTests/dependencyLoop2.xml
2 ms. Memory: 647168K Free: 373880K (58%)
Known Failure: java.lang.reflect.InvocationTargetException
No auto/linux-amd64/*.xml tests in /home/travis/build/icyphy/ptII/ptolemy/domains/de/test
AutoTests.java: About to close Vertx.
AutoTests.java: Vertx closed.

===========================================================================================
----------------- testing Sun Oct 14 02:33:47 UTC 2018 /home/travis/build/icyphy/ptII/ptolemy/domains/de/test/auto/ActorDepthCalculation_actorWithoutPorts.xml
----------------- Instantiating /home/travis/build/icyphy/ptII/ptolemy/domains/de/test/auto/ActorDepthCalculation_actorWithoutPorts.xml
1 ms. Memory: 647168K Free: 317406K (49%)
----------------- Invoking toplevel() on ptolemy.moml.MoMLSimpleApplication@24dcb703
----------------- Done invoking toplevel() on ptolemy.moml.MoMLSimpleApplication@24dcb703
reloadAllAccessors: .ActorDepthCalculation_actorWithoutPorts

===========================================================================================
----------------- testing Sun Oct 14 02:33:47 UTC 2018 /home/travis/build/icyphy/ptII/ptolemy/domains/de/test/auto/AssemblyLine.xml
----------------- Instantiating /home/travis/build/icyphy/ptII/ptolemy/domains/de/test/auto/AssemblyLine.xml
1 ms. Memory: 647168K Free: 294817K (46%)
----------------- Invoking toplevel() on ptolemy.moml.MoMLSimpleApplication@51a1a5d1
----------------- Done invoking toplevel() on ptolemy.moml.MoMLSimpleApplication@51a1a5d1
reloadAllAccessors: .AssemblyLine

===========================================================================================
----------------- testing Sun Oct 14 02:33:47 UTC 2018 /home/travis/build/icyphy/ptII/ptolemy/domains/de/test/auto/CQBug1.xml
----------------- Instantiating /home/travis/build/icyphy/ptII/ptolemy/domains/de/test/auto/CQBug1.xml
1 ms. Memory: 647168K Free: 272227K (42%)
----------------- Invoking toplevel() on ptolemy.moml.MoMLSimpleApplication@2f5d9a92
----------------- Done invoking toplevel() on ptolemy.moml.MoMLSimpleApplication@2f5d9a92
reloadAllAccessors: .CQBug1

===========================================================================================
----------------- testing Sun Oct 14 02:33:47 UTC 2018 /home/travis/build/icyphy/ptII/ptolemy/domains/de/test/auto/CancelFireAt.xml
----------------- Instantiating /home/travis/build/icyphy/ptII/ptolemy/domains/de/test/auto/CancelFireAt.xml
2 ms. Memory: 647168K Free: 249638K (39%)
----------------- Invoking toplevel() on ptolemy.moml.MoMLSimpleApplication@54c2043d
----------------- Done invoking toplevel() on ptolemy.moml.MoMLSimpleApplication@54c2043d
reloadAllAccessors: .CancelFireAt

===========================================================================================
----------------- testing Sun Oct 14 02:33:47 UTC 2018 /home/travis/build/icyphy/ptII/ptolemy/domains/de/test/auto/CausalityAndComposabilityAnalysis.xml
----------------- Instantiating /home/travis/build/icyphy/ptII/ptolemy/domains/de/test/auto/CausalityAndComposabilityAnalysis.xml
2 ms. Memory: 647168K Free: 227048K (35%)
----------------- Invoking toplevel() on ptolemy.moml.MoMLSimpleApplication@61215ba6
----------------- Done invoking toplevel() on ptolemy.moml.MoMLSimpleApplication@61215ba6
reloadAllAccessors: .CausalityAndComposabilityAnalysis

===========================================================================================
----------------- testing Sun Oct 14 02:33:47 UTC 2018 /home/travis/build/icyphy/ptII/ptolemy/domains/de/test/auto/CausalityInterface1.xml
----------------- Instantiating /home/travis/build/icyphy/ptII/ptolemy/domains/de/test/auto/CausalityInterface1.xml
5 ms. Memory: 647168K Free: 204459K (32%)
----------------- Invoking toplevel() on ptolemy.moml.MoMLSimpleApplication@40561803
----------------- Done invoking toplevel() on ptolemy.moml.MoMLSimpleApplication@40561803
reloadAllAccessors: .CausalityInterface1

===========================================================================================
----------------- testing Sun Oct 14 02:33:47 UTC 2018 /home/travis/build/icyphy/ptII/ptolemy/domains/de/test/auto/CausalityInterface15.xml
----------------- Instantiating /home/travis/build/icyphy/ptII/ptolemy/domains/de/test/auto/CausalityInterface15.xml
1 ms. Memory: 647168K Free: 181869K (28%)
----------------- Invoking toplevel() on ptolemy.moml.MoMLSimpleApplication@315936aa
----------------- Done invoking toplevel() on ptolemy.moml.MoMLSimpleApplication@315936aa
reloadAllAccessors: .CausalityInterface15

[...]
java.lang.RuntimeException: Execution failed
	at ptolemy.moml.MoMLSimpleApplication$UnloadThread.run(MoMLSimpleApplication.java:402)
Caused by: ptolemy.kernel.util.IllegalActionException: Test fails in iteration 1.
Value was: 1.0. Should have been: 2.0
  in .DirectFeedback.Test
	at ptolemy.actor.lib.Test.fire(Test.java:268)
	at ptolemy.domains.de.kernel.DEDirector._fire(DEDirector.java:1949)
	at ptolemy.domains.de.kernel.DEDirector.fire(DEDirector.java:502)
	at ptolemy.actor.CompositeActor.fire(CompositeActor.java:455)
	at ptolemy.actor.Manager.iterate(Manager.java:851)
	at ptolemy.actor.Manager.execute(Manager.java:369)
	at ptolemy.actor.Manager.run(Manager.java:1263)
	at ptolemy.actor.Manager$PtolemyRunThread.run(Manager.java:1915)
java.lang.RuntimeException: Execution failed
	at ptolemy.moml.MoMLSimpleApplication$UnloadThread.run(MoMLSimpleApplication.java:402)
Caused by: ptolemy.kernel.util.IllegalActionException: Actor is not ready to fire.  Perhaps UpSample.prefire() returned false? Try debugging the actor by selecting "Listen to Actor".  Also, for SDF check moml for tokenConsumptionRate on input.
  in .DESDFClockTest.Play Bell.Copy1:SDF Director and .DESDFClockTest.Play Bell.UpSample
	at ptolemy.actor.sched.StaticSchedulingDirector.fire(StaticSchedulingDirector.java:227)
	at ptolemy.domains.sdf.kernel.SDFDirector.fire(SDFDirector.java:500)
	at ptolemy.actor.CompositeActor.fire(CompositeActor.java:455)
	at ptolemy.domains.de.kernel.DEDirector._fire(DEDirector.java:1949)
	at ptolemy.domains.de.kernel.DEDirector.fire(DEDirector.java:502)
	at ptolemy.actor.CompositeActor.fire(CompositeActor.java:455)
	at ptolemy.actor.Manager.iterate(Manager.java:851)
	at ptolemy.actor.Manager.execute(Manager.java:369)
	at ptolemy.actor.Manager.run(Manager.java:1263)
	at ptolemy.actor.Manager$PtolemyRunThread.run(Manager.java:1915)
java.lang.reflect.InvocationTargetException
	at sun.reflect.NativeConstructorAccessorImpl.newInstance0(Native Method)
	at sun.reflect.NativeConstructorAccessorImpl.newInstance(NativeConstructorAccessorImpl.java:62)
	at sun.reflect.DelegatingConstructorAccessorImpl.newInstance(DelegatingConstructorAccessorImpl.java:45)
	at java.lang.reflect.Constructor.newInstance(Constructor.java:423)
	at ptolemy.util.test.junit.AutoKnownFailedTests.RunModel(AutoKnownFailedTests.java:107)
	at sun.reflect.NativeMethodAccessorImpl.invoke0(Native Method)
	at sun.reflect.NativeMethodAccessorImpl.invoke(NativeMethodAccessorImpl.java:62)
	at sun.reflect.DelegatingMethodAccessorImpl.invoke(DelegatingMethodAccessorImpl.java:43)
	at java.lang.reflect.Method.invoke(Method.java:498)
	at org.junit.runners.model.FrameworkMethod$1.runReflectiveCall(FrameworkMethod.java:44)
	at org.junit.internal.runners.model.ReflectiveCallable.run(ReflectiveCallable.java:15)
	at org.junit.runners.model.FrameworkMethod.invokeExplosively(FrameworkMethod.java:41)
	at junitparams.internal.InvokeParameterisedMethod.evaluate(InvokeParameterisedMethod.java:102)
	at org.junit.internal.runners.statements.FailOnTimeout$1.run(FailOnTimeout.java:28)
Caused by: ptolemy.kernel.util.IllegalActionException: Actor is not ready to fire.  Perhaps UpSample.prefire() returned false? Try debugging the actor by selecting "Listen to Actor".  Also, for SDF check moml for tokenConsumptionRate on input.
  in .DESDFClockTest.Play Bell.Copy1:SDF Director and .DESDFClockTest.Play Bell.UpSample
	at ptolemy.actor.sched.StaticSchedulingDirector.fire(StaticSchedulingDirector.java:227)
	at ptolemy.domains.sdf.kernel.SDFDirector.fire(SDFDirector.java:500)
	at ptolemy.actor.CompositeActor.fire(CompositeActor.java:455)
	at ptolemy.domains.de.kernel.DEDirector._fire(DEDirector.java:1949)
	at ptolemy.domains.de.kernel.DEDirector.fire(DEDirector.java:502)
	at ptolemy.actor.CompositeActor.fire(CompositeActor.java:455)
	at ptolemy.actor.Manager.iterate(Manager.java:851)
	at ptolemy.actor.Manager.execute(Manager.java:369)
	at ptolemy.actor.Manager.run(Manager.java:1263)
	at ptolemy.actor.Manager$PtolemyRunThread.run(Manager.java:1915)
java.lang.RuntimeException: Execution failed
	at ptolemy.moml.MoMLSimpleApplication$UnloadThread.run(MoMLSimpleApplication.java:402)
Caused by: ptolemy.kernel.util.IllegalActionException: Test fails in iteration 1.
Value was: 1.0. Should have been: 2.0
  in .DirectFeedback.Test
	at ptolemy.actor.lib.Test.fire(Test.java:268)
	at ptolemy.domains.de.kernel.DEDirector._fire(DEDirector.java:1949)
	at ptolemy.domains.de.kernel.DEDirector.fire(DEDirector.java:502)
	at ptolemy.actor.CompositeActor.fire(CompositeActor.java:455)
	at ptolemy.actor.Manager.iterate(Manager.java:851)
	at ptolemy.actor.Manager.execute(Manager.java:369)
	at ptolemy.actor.Manager.run(Manager.java:1263)
	at ptolemy.actor.Manager$PtolemyRunThread.run(Manager.java:1915)
java.lang.reflect.InvocationTargetException
	at sun.reflect.NativeConstructorAccessorImpl.newInstance0(Native Method)
	at sun.reflect.NativeConstructorAccessorImpl.newInstance(NativeConstructorAccessorImpl.java:62)
	at sun.reflect.DelegatingConstructorAccessorImpl.newInstance(DelegatingConstructorAccessorImpl.java:45)
	at java.lang.reflect.Constructor.newInstance(Constructor.java:423)
	at ptolemy.util.test.junit.AutoKnownFailedTests.RunModel(AutoKnownFailedTests.java:107)
	at sun.reflect.NativeMethodAccessorImpl.invoke0(Native Method)
	at sun.reflect.NativeMethodAccessorImpl.invoke(NativeMethodAccessorImpl.java:62)
	at sun.reflect.DelegatingMethodAccessorImpl.invoke(DelegatingMethodAccessorImpl.java:43)
	at java.lang.reflect.Method.invoke(Method.java:498)
	at org.junit.runners.model.FrameworkMethod$1.runReflectiveCall(FrameworkMethod.java:44)
	at org.junit.internal.runners.model.ReflectiveCallable.run(ReflectiveCallable.java:15)
	at org.junit.runners.model.FrameworkMethod.invokeExplosively(FrameworkMethod.java:41)
	at junitparams.internal.InvokeParameterisedMethod.evaluate(InvokeParameterisedMethod.java:102)
	at org.junit.internal.runners.statements.FailOnTimeout$1.run(FailOnTimeout.java:28)
Caused by: ptolemy.kernel.util.IllegalActionException: Test fails in iteration 1.
Value was: 1.0. Should have been: 2.0
  in .DirectFeedback.Test
	at ptolemy.actor.lib.Test.fire(Test.java:268)
	at ptolemy.domains.de.kernel.DEDirector._fire(DEDirector.java:1949)
	at ptolemy.domains.de.kernel.DEDirector.fire(DEDirector.java:502)
	at ptolemy.actor.CompositeActor.fire(CompositeActor.java:455)
	at ptolemy.actor.Manager.iterate(Manager.java:851)
	at ptolemy.actor.Manager.execute(Manager.java:369)
	at ptolemy.actor.Manager.run(Manager.java:1263)
	at ptolemy.actor.Manager$PtolemyRunThread.run(Manager.java:1915)
java.lang.RuntimeException: Execution failed
	at ptolemy.moml.MoMLSimpleApplication$UnloadThread.run(MoMLSimpleApplication.java:402)
Caused by: ptolemy.kernel.util.IllegalActionException: Found a zero delay loop containing .HierarchicalModel.A
  in .HierarchicalModel and .HierarchicalModel.A
	at ptolemy.actor.util.CausalityInterfaceForComposites._computeOutputPortDepth(CausalityInterfaceForComposites.java:759)
	at ptolemy.actor.util.CausalityInterfaceForComposites._computeInputDepth(CausalityInterfaceForComposites.java:696)
	at ptolemy.actor.util.CausalityInterfaceForComposites._computeOutputPortDepth(CausalityInterfaceForComposites.java:765)
	at ptolemy.actor.util.CausalityInterfaceForComposites._computeInputDepth(CausalityInterfaceForComposites.java:696)
	at ptolemy.actor.util.CausalityInterfaceForComposites._computeOutputPortDepth(CausalityInterfaceForComposites.java:765)
	at ptolemy.actor.util.CausalityInterfaceForComposites._computeInputDepth(CausalityInterfaceForComposites.java:696)
	at ptolemy.actor.util.CausalityInterfaceForComposites._computeActorDepth(CausalityInterfaceForComposites.java:532)
	at ptolemy.actor.util.CausalityInterfaceForComposites.checkForCycles(CausalityInterfaceForComposites.java:96)
	at ptolemy.domains.de.kernel.DEDirector.preinitialize(DEDirector.java:1338)
	at ptolemy.actor.CompositeActor.preinitialize(CompositeActor.java:1828)
	at ptolemy.actor.Manager.preinitializeAndResolveTypes(Manager.java:1040)
	at ptolemy.actor.Manager.initialize(Manager.java:710)
	at ptolemy.actor.Manager.execute(Manager.java:356)
	at ptolemy.actor.Manager.run(Manager.java:1263)
	at ptolemy.actor.Manager$PtolemyRunThread.run(Manager.java:1915)
java.lang.reflect.InvocationTargetException
	at sun.reflect.NativeConstructorAccessorImpl.newInstance0(Native Method)
	at sun.reflect.NativeConstructorAccessorImpl.newInstance(NativeConstructorAccessorImpl.java:62)
	at sun.reflect.DelegatingConstructorAccessorImpl.newInstance(DelegatingConstructorAccessorImpl.java:45)
	at java.lang.reflect.Constructor.newInstance(Constructor.java:423)
	at ptolemy.util.test.junit.AutoKnownFailedTests.RunModel(AutoKnownFailedTests.java:107)
	at sun.reflect.NativeMethodAccessorImpl.invoke0(Native Method)
	at sun.reflect.NativeMethodAccessorImpl.invoke(NativeMethodAccessorImpl.java:62)
	at sun.reflect.DelegatingMethodAccessorImpl.invoke(DelegatingMethodAccessorImpl.java:43)
	at java.lang.reflect.Method.invoke(Method.java:498)
	at org.junit.runners.model.FrameworkMethod$1.runReflectiveCall(FrameworkMethod.java:44)
	at org.junit.internal.runners.model.ReflectiveCallable.run(ReflectiveCallable.java:15)
	at org.junit.runners.model.FrameworkMethod.invokeExplosively(FrameworkMethod.java:41)
	at junitparams.internal.InvokeParameterisedMethod.evaluate(InvokeParameterisedMethod.java:102)
	at org.junit.internal.runners.statements.FailOnTimeout$1.run(FailOnTimeout.java:28)
Caused by: ptolemy.kernel.util.IllegalActionException: Found a zero delay loop containing .HierarchicalModel.A
  in .HierarchicalModel and .HierarchicalModel.A
	at ptolemy.actor.util.CausalityInterfaceForComposites._computeOutputPortDepth(CausalityInterfaceForComposites.java:759)
	at ptolemy.actor.util.CausalityInterfaceForComposites._computeInputDepth(CausalityInterfaceForComposites.java:696)
	at ptolemy.actor.util.CausalityInterfaceForComposites._computeOutputPortDepth(CausalityInterfaceForComposites.java:765)
	at ptolemy.actor.util.CausalityInterfaceForComposites._computeInputDepth(CausalityInterfaceForComposites.java:696)
	at ptolemy.actor.util.CausalityInterfaceForComposites._computeOutputPortDepth(CausalityInterfaceForComposites.java:765)
	at ptolemy.actor.util.CausalityInterfaceForComposites._computeInputDepth(CausalityInterfaceForComposites.java:696)
	at ptolemy.actor.util.CausalityInterfaceForComposites._computeActorDepth(CausalityInterfaceForComposites.java:532)
	at ptolemy.actor.util.CausalityInterfaceForComposites.checkForCycles(CausalityInterfaceForComposites.java:96)
	at ptolemy.domains.de.kernel.DEDirector.preinitialize(DEDirector.java:1338)
	at ptolemy.actor.CompositeActor.preinitialize(CompositeActor.java:1828)
	at ptolemy.actor.Manager.preinitializeAndResolveTypes(Manager.java:1040)
	at ptolemy.actor.Manager.initialize(Manager.java:710)
	at ptolemy.actor.Manager.execute(Manager.java:356)
	at ptolemy.actor.Manager.run(Manager.java:1263)
	at ptolemy.actor.Manager$PtolemyRunThread.run(Manager.java:1915)
java.lang.RuntimeException: Execution failed
	at ptolemy.moml.MoMLSimpleApplication$UnloadThread.run(MoMLSimpleApplication.java:402)
Caused by: ptolemy.kernel.util.IllegalActionException: Found a zero delay loop containing .dependencyLoop.original
  in .dependencyLoop and .dependencyLoop.original
	at ptolemy.actor.util.CausalityInterfaceForComposites._computeOutputPortDepth(CausalityInterfaceForComposites.java:759)
	at ptolemy.actor.util.CausalityInterfaceForComposites._computeInputDepth(CausalityInterfaceForComposites.java:696)
	at ptolemy.actor.util.CausalityInterfaceForComposites._computeOutputPortDepth(CausalityInterfaceForComposites.java:765)
	at ptolemy.actor.util.CausalityInterfaceForComposites._computeInputDepth(CausalityInterfaceForComposites.java:696)
	at ptolemy.actor.util.CausalityInterfaceForComposites._computeOutputPortDepth(CausalityInterfaceForComposites.java:765)
	at ptolemy.actor.util.CausalityInterfaceForComposites._computeInputDepth(CausalityInterfaceForComposites.java:696)
	at ptolemy.actor.util.CausalityInterfaceForComposites._computeActorDepth(CausalityInterfaceForComposites.java:532)
	at ptolemy.actor.util.CausalityInterfaceForComposites.checkForCycles(CausalityInterfaceForComposites.java:96)
	at ptolemy.domains.de.kernel.DEDirector.preinitialize(DEDirector.java:1338)
	at ptolemy.actor.CompositeActor.preinitialize(CompositeActor.java:1828)
	at ptolemy.actor.Manager.preinitializeAndResolveTypes(Manager.java:1040)
	at ptolemy.actor.Manager.initialize(Manager.java:710)
	at ptolemy.actor.Manager.execute(Manager.java:356)
	at ptolemy.actor.Manager.run(Manager.java:1263)
	at ptolemy.actor.Manager$PtolemyRunThread.run(Manager.java:1915)
java.lang.reflect.InvocationTargetException
	at sun.reflect.NativeConstructorAccessorImpl.newInstance0(Native Method)
	at sun.reflect.NativeConstructorAccessorImpl.newInstance(NativeConstructorAccessorImpl.java:62)
	at sun.reflect.DelegatingConstructorAccessorImpl.newInstance(DelegatingConstructorAccessorImpl.java:45)
	at java.lang.reflect.Constructor.newInstance(Constructor.java:423)
	at ptolemy.util.test.junit.AutoKnownFailedTests.RunModel(AutoKnownFailedTests.java:107)
	at sun.reflect.NativeMethodAccessorImpl.invoke0(Native Method)
	at sun.reflect.NativeMethodAccessorImpl.invoke(NativeMethodAccessorImpl.java:62)
	at sun.reflect.DelegatingMethodAccessorImpl.invoke(DelegatingMethodAccessorImpl.java:43)
	at java.lang.reflect.Method.invoke(Method.java:498)
	at org.junit.runners.model.FrameworkMethod$1.runReflectiveCall(FrameworkMethod.java:44)
	at org.junit.internal.runners.model.ReflectiveCallable.run(ReflectiveCallable.java:15)
	at org.junit.runners.model.FrameworkMethod.invokeExplosively(FrameworkMethod.java:41)
	at junitparams.internal.InvokeParameterisedMethod.evaluate(InvokeParameterisedMethod.java:102)
	at org.junit.internal.runners.statements.FailOnTimeout$1.run(FailOnTimeout.java:28)
Caused by: ptolemy.kernel.util.IllegalActionException: Found a zero delay loop containing .dependencyLoop.original
  in .dependencyLoop and .dependencyLoop.original
	at ptolemy.actor.util.CausalityInterfaceForComposites._computeOutputPortDepth(CausalityInterfaceForComposites.java:759)
	at ptolemy.actor.util.CausalityInterfaceForComposites._computeInputDepth(CausalityInterfaceForComposites.java:696)
	at ptolemy.actor.util.CausalityInterfaceForComposites._computeOutputPortDepth(CausalityInterfaceForComposites.java:765)
	at ptolemy.actor.util.CausalityInterfaceForComposites._computeInputDepth(CausalityInterfaceForComposites.java:696)
	at ptolemy.actor.util.CausalityInterfaceForComposites._computeOutputPortDepth(CausalityInterfaceForComposites.java:765)
	at ptolemy.actor.util.CausalityInterfaceForComposites._computeInputDepth(CausalityInterfaceForComposites.java:696)
	at ptolemy.actor.util.CausalityInterfaceForComposites._computeActorDepth(CausalityInterfaceForComposites.java:532)
	at ptolemy.actor.util.CausalityInterfaceForComposites.checkForCycles(CausalityInterfaceForComposites.java:96)
	at ptolemy.domains.de.kernel.DEDirector.preinitialize(DEDirector.java:1338)
	at ptolemy.actor.CompositeActor.preinitialize(CompositeActor.java:1828)
	at ptolemy.actor.Manager.preinitializeAndResolveTypes(Manager.java:1040)
	at ptolemy.actor.Manager.initialize(Manager.java:710)
	at ptolemy.actor.Manager.execute(Manager.java:356)
	at ptolemy.actor.Manager.run(Manager.java:1263)
	at ptolemy.actor.Manager$PtolemyRunThread.run(Manager.java:1915)
java.lang.RuntimeException: Execution failed
	at ptolemy.moml.MoMLSimpleApplication$UnloadThread.run(MoMLSimpleApplication.java:402)
Caused by: ptolemy.kernel.util.IllegalActionException: Found a zero delay loop containing .dependencyLoop2.original
  in .dependencyLoop2 and .dependencyLoop2.original
	at ptolemy.actor.util.CausalityInterfaceForComposites._computeOutputPortDepth(CausalityInterfaceForComposites.java:759)
	at ptolemy.actor.util.CausalityInterfaceForComposites._computeInputDepth(CausalityInterfaceForComposites.java:696)
	at ptolemy.actor.util.CausalityInterfaceForComposites._computeOutputPortDepth(CausalityInterfaceForComposites.java:765)
	at ptolemy.actor.util.CausalityInterfaceForComposites._computeInputDepth(CausalityInterfaceForComposites.java:696)
	at ptolemy.actor.util.CausalityInterfaceForComposites._computeOutputPortDepth(CausalityInterfaceForComposites.java:765)
	at ptolemy.actor.util.CausalityInterfaceForComposites._computeInputDepth(CausalityInterfaceForComposites.java:696)
	at ptolemy.actor.util.CausalityInterfaceForComposites._computeActorDepth(CausalityInterfaceForComposites.java:532)
	at ptolemy.actor.util.CausalityInterfaceForComposites.checkForCycles(CausalityInterfaceForComposites.java:96)
	at ptolemy.domains.de.kernel.DEDirector.preinitialize(DEDirector.java:1338)
	at ptolemy.actor.CompositeActor.preinitialize(CompositeActor.java:1828)
	at ptolemy.actor.Manager.preinitializeAndResolveTypes(Manager.java:1040)
	at ptolemy.actor.Manager.initialize(Manager.java:710)
	at ptolemy.actor.Manager.execute(Manager.java:356)
	at ptolemy.actor.Manager.run(Manager.java:1263)
	at ptolemy.actor.Manager$PtolemyRunThread.run(Manager.java:1915)
java.lang.reflect.InvocationTargetException
	at sun.reflect.NativeConstructorAccessorImpl.newInstance0(Native Method)
	at sun.reflect.NativeConstructorAccessorImpl.newInstance(NativeConstructorAccessorImpl.java:62)
	at sun.reflect.DelegatingConstructorAccessorImpl.newInstance(DelegatingConstructorAccessorImpl.java:45)
	at java.lang.reflect.Constructor.newInstance(Constructor.java:423)
	at ptolemy.util.test.junit.AutoKnownFailedTests.RunModel(AutoKnownFailedTests.java:107)
	at sun.reflect.NativeMethodAccessorImpl.invoke0(Native Method)
	at sun.reflect.NativeMethodAccessorImpl.invoke(NativeMethodAccessorImpl.java:62)
	at sun.reflect.DelegatingMethodAccessorImpl.invoke(DelegatingMethodAccessorImpl.java:43)
	at java.lang.reflect.Method.invoke(Method.java:498)
	at org.junit.runners.model.FrameworkMethod$1.runReflectiveCall(FrameworkMethod.java:44)
	at org.junit.internal.runners.model.ReflectiveCallable.run(ReflectiveCallable.java:15)
	at org.junit.runners.model.FrameworkMethod.invokeExplosively(FrameworkMethod.java:41)
	at junitparams.internal.InvokeParameterisedMethod.evaluate(InvokeParameterisedMethod.java:102)
	at org.junit.internal.runners.statements.FailOnTimeout$1.run(FailOnTimeout.java:28)
Caused by: ptolemy.kernel.util.IllegalActionException: Found a zero delay loop containing .dependencyLoop2.original
  in .dependencyLoop2 and .dependencyLoop2.original
	at ptolemy.actor.util.CausalityInterfaceForComposites._computeOutputPortDepth(CausalityInterfaceForComposites.java:759)
	at ptolemy.actor.util.CausalityInterfaceForComposites._computeInputDepth(CausalityInterfaceForComposites.java:696)
	at ptolemy.actor.util.CausalityInterfaceForComposites._computeOutputPortDepth(CausalityInterfaceForComposites.java:765)
	at ptolemy.actor.util.CausalityInterfaceForComposites._computeInputDepth(CausalityInterfaceForComposites.java:696)
	at ptolemy.actor.util.CausalityInterfaceForComposites._computeOutputPortDepth(CausalityInterfaceForComposites.java:765)
	at ptolemy.actor.util.CausalityInterfaceForComposites._computeInputDepth(CausalityInterfaceForComposites.java:696)
	at ptolemy.actor.util.CausalityInterfaceForComposites._computeActorDepth(CausalityInterfaceForComposites.java:532)
	at ptolemy.actor.util.CausalityInterfaceForComposites.checkForCycles(CausalityInterfaceForComposites.java:96)
	at ptolemy.domains.de.kernel.DEDirector.preinitialize(DEDirector.java:1338)
	at ptolemy.actor.CompositeActor.preinitialize(CompositeActor.java:1828)
	at ptolemy.actor.Manager.preinitializeAndResolveTypes(Manager.java:1040)
	at ptolemy.actor.Manager.initialize(Manager.java:710)
	at ptolemy.actor.Manager.execute(Manager.java:356)
	at ptolemy.actor.Manager.run(Manager.java:1263)
	at ptolemy.actor.Manager$PtolemyRunThread.run(Manager.java:1915)
]]></system-err>
</testsuite>
