<?xml version="1.0" encoding="UTF-8" ?>
<testsuite errors="0" failures="0" hostname="travis-job-a0818520-9d08-4ceb-aea0-f607b8cf40e8" name="ptolemy.domains.de.test.junit.JUnitTclTest" skipped="0" tests="101" time="127.906" timestamp="2019-03-03T03:40:06">
  <properties>
[...]
</properties>
  <testcase classname="ptolemy.util.test.junit.TclTests" name="[0] /home/travis/build/icyphy/ptII/ptolemy/domains/de/test/DependencyLoop.tcl (RunTclFile)" time="0.749" />
  <testcase classname="ptolemy.util.test.junit.TclTests" name="[1] /home/travis/build/icyphy/ptII/ptolemy/domains/de/test/RunDETestsAsQSS.tcl (RunTclFile)" time="88.405" />
  <testcase classname="ptolemy.util.test.junit.AutoKnownFailedTests" name="[0] /home/travis/build/icyphy/ptII/ptolemy/domains/de/test/auto/knownFailedTests/DESDFClockTest.xml (RunModel)" time="2.024" />
  <testcase classname="ptolemy.util.test.junit.AutoKnownFailedTests" name="[1] /home/travis/build/icyphy/ptII/ptolemy/domains/de/test/auto/knownFailedTests/DirectFeedback.xml (RunModel)" time="0.008" />
  <testcase classname="ptolemy.util.test.junit.AutoKnownFailedTests" name="[2] /home/travis/build/icyphy/ptII/ptolemy/domains/de/test/auto/knownFailedTests/FSMSource.xml (RunModel)" time="0.014" />
  <testcase classname="ptolemy.util.test.junit.AutoKnownFailedTests" name="[3] /home/travis/build/icyphy/ptII/ptolemy/domains/de/test/auto/knownFailedTests/HierarchicalModel.xml (RunModel)" time="0.036" />
  <testcase classname="ptolemy.util.test.junit.AutoKnownFailedTests" name="[4] /home/travis/build/icyphy/ptII/ptolemy/domains/de/test/auto/knownFailedTests/dependencyLoop.xml (RunModel)" time="0.029" />
  <testcase classname="ptolemy.util.test.junit.AutoKnownFailedTests" name="[5] /home/travis/build/icyphy/ptII/ptolemy/domains/de/test/auto/knownFailedTests/dependencyLoop2.xml (RunModel)" time="0.044" />
  <testcase classname="ptolemy.util.test.junit.AutoNameArchTests" name="[0] ThereAreNoAutoArchTests (RunModel)" time="0.001" />
  <testcase classname="ptolemy.util.test.junit.AutoTests" name="[0] /home/travis/build/icyphy/ptII/ptolemy/domains/de/test/auto/ActorDepthCalculation_actorWithoutPorts.xml (RunModel)" time="0.018" />
  <testcase classname="ptolemy.util.test.junit.AutoTests" name="[1] /home/travis/build/icyphy/ptII/ptolemy/domains/de/test/auto/AssemblyLine.xml (RunModel)" time="0.013" />
  <testcase classname="ptolemy.util.test.junit.AutoTests" name="[2] /home/travis/build/icyphy/ptII/ptolemy/domains/de/test/auto/CQBug1.xml (RunModel)" time="0.005" />
  <testcase classname="ptolemy.util.test.junit.AutoTests" name="[3] /home/travis/build/icyphy/ptII/ptolemy/domains/de/test/auto/CancelFireAt.xml (RunModel)" time="0.005" />
  <testcase classname="ptolemy.util.test.junit.AutoTests" name="[4] /home/travis/build/icyphy/ptII/ptolemy/domains/de/test/auto/CausalityAndComposabilityAnalysis.xml (RunModel)" time="0.008" />
  <testcase classname="ptolemy.util.test.junit.AutoTests" name="[5] /home/travis/build/icyphy/ptII/ptolemy/domains/de/test/auto/CausalityInterface1.xml (RunModel)" time="0.01" />
  <testcase classname="ptolemy.util.test.junit.AutoTests" name="[6] /home/travis/build/icyphy/ptII/ptolemy/domains/de/test/auto/CausalityInterface15.xml (RunModel)" time="0.01" />
  <testcase classname="ptolemy.util.test.junit.AutoTests" name="[7] /home/travis/build/icyphy/ptII/ptolemy/domains/de/test/auto/CausalityInterface2.xml (RunModel)" time="0.009" />
  <testcase classname="ptolemy.util.test.junit.AutoTests" name="[8] /home/travis/build/icyphy/ptII/ptolemy/domains/de/test/auto/CausalityInterface3.xml (RunModel)" time="0.01" />
  <testcase classname="ptolemy.util.test.junit.AutoTests" name="[9] /home/travis/build/icyphy/ptII/ptolemy/domains/de/test/auto/ClockDrift.xml (RunModel)" time="0.026" />
  <testcase classname="ptolemy.util.test.junit.AutoTests" name="[10] /home/travis/build/icyphy/ptII/ptolemy/domains/de/test/auto/ClockDriftAndValueChange.xml (RunModel)" time="0.023" />
  <testcase classname="ptolemy.util.test.junit.AutoTests" name="[11] /home/travis/build/icyphy/ptII/ptolemy/domains/de/test/auto/ClockDriftChange.xml (RunModel)" time="0.02" />
  <testcase classname="ptolemy.util.test.junit.AutoTests" name="[12] /home/travis/build/icyphy/ptII/ptolemy/domains/de/test/auto/ComposableCausalityAnalysis.xml (RunModel)" time="0.015" />
  <testcase classname="ptolemy.util.test.junit.AutoTests" name="[13] /home/travis/build/icyphy/ptII/ptolemy/domains/de/test/auto/DEFixedPointLimitation.xml (RunModel)" time="0.012" />
  <testcase classname="ptolemy.util.test.junit.AutoTests" name="[14] /home/travis/build/icyphy/ptII/ptolemy/domains/de/test/auto/DEScheduleTest.xml (RunModel)" time="0.01" />
  <testcase classname="ptolemy.util.test.junit.AutoTests" name="[15] /home/travis/build/icyphy/ptII/ptolemy/domains/de/test/auto/DEinDEwithStartTimes.xml (RunModel)" time="0.012" />
  <testcase classname="ptolemy.util.test.junit.AutoTests" name="[16] /home/travis/build/icyphy/ptII/ptolemy/domains/de/test/auto/DEinDEwithStartTimes2.xml (RunModel)" time="0.017" />
  <testcase classname="ptolemy.util.test.junit.AutoTests" name="[17] /home/travis/build/icyphy/ptII/ptolemy/domains/de/test/auto/DateDemo.xml (RunModel)" time="0.024" />
  <testcase classname="ptolemy.util.test.junit.AutoTests" name="[18] /home/travis/build/icyphy/ptII/ptolemy/domains/de/test/auto/DateToEvent.xml (RunModel)" time="2.037" />
  <testcase classname="ptolemy.util.test.junit.AutoTests" name="[19] /home/travis/build/icyphy/ptII/ptolemy/domains/de/test/auto/DepthTest1.xml (RunModel)" time="0.006" />
  <testcase classname="ptolemy.util.test.junit.AutoTests" name="[20] /home/travis/build/icyphy/ptII/ptolemy/domains/de/test/auto/DepthTest2.xml (RunModel)" time="0.012" />
  <testcase classname="ptolemy.util.test.junit.AutoTests" name="[21] /home/travis/build/icyphy/ptII/ptolemy/domains/de/test/auto/DepthTest3.xml (RunModel)" time="0.007" />
  <testcase classname="ptolemy.util.test.junit.AutoTests" name="[22] /home/travis/build/icyphy/ptII/ptolemy/domains/de/test/auto/DepthTest4.xml (RunModel)" time="0.009" />
  <testcase classname="ptolemy.util.test.junit.AutoTests" name="[23] /home/travis/build/icyphy/ptII/ptolemy/domains/de/test/auto/DepthTest5.xml (RunModel)" time="0.01" />
  <testcase classname="ptolemy.util.test.junit.AutoTests" name="[24] /home/travis/build/icyphy/ptII/ptolemy/domains/de/test/auto/DepthTest6.xml (RunModel)" time="0.01" />
  <testcase classname="ptolemy.util.test.junit.AutoTests" name="[25] /home/travis/build/icyphy/ptII/ptolemy/domains/de/test/auto/DepthTest7.xml (RunModel)" time="0.009" />
  <testcase classname="ptolemy.util.test.junit.AutoTests" name="[26] /home/travis/build/icyphy/ptII/ptolemy/domains/de/test/auto/EventToDate.xml (RunModel)" time="3.025" />
  <testcase classname="ptolemy.util.test.junit.AutoTests" name="[27] /home/travis/build/icyphy/ptII/ptolemy/domains/de/test/auto/FSM1.xml (RunModel)" time="0.024" />
  <testcase classname="ptolemy.util.test.junit.AutoTests" name="[28] /home/travis/build/icyphy/ptII/ptolemy/domains/de/test/auto/FSM7.xml (RunModel)" time="0.023" />
  <testcase classname="ptolemy.util.test.junit.AutoTests" name="[29] /home/travis/build/icyphy/ptII/ptolemy/domains/de/test/auto/Inspection.xml (RunModel)" time="0.029" />
  <testcase classname="ptolemy.util.test.junit.AutoTests" name="[30] /home/travis/build/icyphy/ptII/ptolemy/domains/de/test/auto/Iteration.xml (RunModel)" time="0.014" />
  <testcase classname="ptolemy.util.test.junit.AutoTests" name="[31] /home/travis/build/icyphy/ptII/ptolemy/domains/de/test/auto/LineFault.xml (RunModel)" time="0.382" />
  <testcase classname="ptolemy.util.test.junit.AutoTests" name="[32] /home/travis/build/icyphy/ptII/ptolemy/domains/de/test/auto/MergeModel1Add.xml (RunModel)" time="0.03" />
  <testcase classname="ptolemy.util.test.junit.AutoTests" name="[33] /home/travis/build/icyphy/ptII/ptolemy/domains/de/test/auto/MergeModel2Add.xml (RunModel)" time="0.031" />
  <testcase classname="ptolemy.util.test.junit.AutoTests" name="[34] /home/travis/build/icyphy/ptII/ptolemy/domains/de/test/auto/MergeModel3Add.xml (RunModel)" time="0.033" />
  <testcase classname="ptolemy.util.test.junit.AutoTests" name="[35] /home/travis/build/icyphy/ptII/ptolemy/domains/de/test/auto/MergeWithoutDiscard.xml (RunModel)" time="0.009" />
  <testcase classname="ptolemy.util.test.junit.AutoTests" name="[36] /home/travis/build/icyphy/ptII/ptolemy/domains/de/test/auto/Modal1.xml (RunModel)" time="0.028" />
  <testcase classname="ptolemy.util.test.junit.AutoTests" name="[37] /home/travis/build/icyphy/ptII/ptolemy/domains/de/test/auto/Modal2.xml (RunModel)" time="0.024" />
  <testcase classname="ptolemy.util.test.junit.AutoTests" name="[38] /home/travis/build/icyphy/ptII/ptolemy/domains/de/test/auto/Modal3.xml (RunModel)" time="0.031" />
  <testcase classname="ptolemy.util.test.junit.AutoTests" name="[39] /home/travis/build/icyphy/ptII/ptolemy/domains/de/test/auto/Modal4.xml (RunModel)" time="0.024" />
  <testcase classname="ptolemy.util.test.junit.AutoTests" name="[40] /home/travis/build/icyphy/ptII/ptolemy/domains/de/test/auto/Modal5.xml (RunModel)" time="0.023" />
  <testcase classname="ptolemy.util.test.junit.AutoTests" name="[41] /home/travis/build/icyphy/ptII/ptolemy/domains/de/test/auto/Modal6.xml (RunModel)" time="0.021" />
  <testcase classname="ptolemy.util.test.junit.AutoTests" name="[42] /home/travis/build/icyphy/ptII/ptolemy/domains/de/test/auto/Modal7.xml (RunModel)" time="0.023" />
  <testcase classname="ptolemy.util.test.junit.AutoTests" name="[43] /home/travis/build/icyphy/ptII/ptolemy/domains/de/test/auto/ModalModel.xml (RunModel)" time="0.094" />
  <testcase classname="ptolemy.util.test.junit.AutoTests" name="[44] /home/travis/build/icyphy/ptII/ptolemy/domains/de/test/auto/ModalSource.xml (RunModel)" time="0.012" />
  <testcase classname="ptolemy.util.test.junit.AutoTests" name="[45] /home/travis/build/icyphy/ptII/ptolemy/domains/de/test/auto/NonInterruptibleTimerZeroDelay.xml (RunModel)" time="0.006" />
  <testcase classname="ptolemy.util.test.junit.AutoTests" name="[46] /home/travis/build/icyphy/ptII/ptolemy/domains/de/test/auto/OpenQueueingNetwork.xml (RunModel)" time="1.918" />
  <testcase classname="ptolemy.util.test.junit.AutoTests" name="[47] /home/travis/build/icyphy/ptII/ptolemy/domains/de/test/auto/OpenQueuingNetwork.xml (RunModel)" time="0.254" />
  <testcase classname="ptolemy.util.test.junit.AutoTests" name="[48] /home/travis/build/icyphy/ptII/ptolemy/domains/de/test/auto/PeriodicSampler.xml (RunModel)" time="0.007" />
  <testcase classname="ptolemy.util.test.junit.AutoTests" name="[49] /home/travis/build/icyphy/ptII/ptolemy/domains/de/test/auto/PersistentIO.xml (RunModel)" time="0.015" />
  <testcase classname="ptolemy.util.test.junit.AutoTests" name="[50] /home/travis/build/icyphy/ptII/ptolemy/domains/de/test/auto/PortParameterResetOnInitialize.xml (RunModel)" time="0.014" />
  <testcase classname="ptolemy.util.test.junit.AutoTests" name="[51] /home/travis/build/icyphy/ptII/ptolemy/domains/de/test/auto/PortParameterUpdates.xml (RunModel)" time="0.018" />
  <testcase classname="ptolemy.util.test.junit.AutoTests" name="[52] /home/travis/build/icyphy/ptII/ptolemy/domains/de/test/auto/QueueAndServer.xml (RunModel)" time="0.024" />
  <testcase classname="ptolemy.util.test.junit.AutoTests" name="[53] /home/travis/build/icyphy/ptII/ptolemy/domains/de/test/auto/Records.xml (RunModel)" time="0.019" />
  <testcase classname="ptolemy.util.test.junit.AutoTests" name="[54] /home/travis/build/icyphy/ptII/ptolemy/domains/de/test/auto/ResetTransitionWithStartTime1.xml (RunModel)" time="0.021" />
  <testcase classname="ptolemy.util.test.junit.AutoTests" name="[55] /home/travis/build/icyphy/ptII/ptolemy/domains/de/test/auto/ResetTransitionWithStartTime2.xml (RunModel)" time="0.016" />
  <testcase classname="ptolemy.util.test.junit.AutoTests" name="[56] /home/travis/build/icyphy/ptII/ptolemy/domains/de/test/auto/ResetTransitionWithStartTime3.xml (RunModel)" time="0.018" />
  <testcase classname="ptolemy.util.test.junit.AutoTests" name="[57] /home/travis/build/icyphy/ptII/ptolemy/domains/de/test/auto/ResetTransitionWithStartTime4.xml (RunModel)" time="0.02" />
  <testcase classname="ptolemy.util.test.junit.AutoTests" name="[58] /home/travis/build/icyphy/ptII/ptolemy/domains/de/test/auto/ResettableTimer1.xml (RunModel)" time="0.01" />
  <testcase classname="ptolemy.util.test.junit.AutoTests" name="[59] /home/travis/build/icyphy/ptII/ptolemy/domains/de/test/auto/ResettableTimer2.xml (RunModel)" time="0.009" />
  <testcase classname="ptolemy.util.test.junit.AutoTests" name="[60] /home/travis/build/icyphy/ptII/ptolemy/domains/de/test/auto/ResettableTimer3.xml (RunModel)" time="0.008" />
  <testcase classname="ptolemy.util.test.junit.AutoTests" name="[61] /home/travis/build/icyphy/ptII/ptolemy/domains/de/test/auto/ResettableTimer4.xml (RunModel)" time="0.008" />
  <testcase classname="ptolemy.util.test.junit.AutoTests" name="[62] /home/travis/build/icyphy/ptII/ptolemy/domains/de/test/auto/ResettableTimer5.xml (RunModel)" time="0.009" />
  <testcase classname="ptolemy.util.test.junit.AutoTests" name="[63] /home/travis/build/icyphy/ptII/ptolemy/domains/de/test/auto/ResettableTimer6.xml (RunModel)" time="0.009" />
  <testcase classname="ptolemy.util.test.junit.AutoTests" name="[64] /home/travis/build/icyphy/ptII/ptolemy/domains/de/test/auto/ServerZeroDelay.xml (RunModel)" time="0.009" />
  <testcase classname="ptolemy.util.test.junit.AutoTests" name="[65] /home/travis/build/icyphy/ptII/ptolemy/domains/de/test/auto/SmartSender.xml (RunModel)" time="3.007" />
  <testcase classname="ptolemy.util.test.junit.AutoTests" name="[66] /home/travis/build/icyphy/ptII/ptolemy/domains/de/test/auto/ThreadedComposite.xml (RunModel)" time="0.139" />
  <testcase classname="ptolemy.util.test.junit.AutoTests" name="[67] /home/travis/build/icyphy/ptII/ptolemy/domains/de/test/auto/Time.xml (RunModel)" time="0.392" />
  <testcase classname="ptolemy.util.test.junit.AutoTests" name="[68] /home/travis/build/icyphy/ptII/ptolemy/domains/de/test/auto/TimeDelayZeroDelay.xml (RunModel)" time="0.01" />
  <testcase classname="ptolemy.util.test.junit.AutoTests" name="[69] /home/travis/build/icyphy/ptII/ptolemy/domains/de/test/auto/TimerZeroDelay.xml (RunModel)" time="0.008" />
  <testcase classname="ptolemy.util.test.junit.AutoTests" name="[70] /home/travis/build/icyphy/ptII/ptolemy/domains/de/test/auto/TimingParadox.xml (RunModel)" time="0.329" />
  <testcase classname="ptolemy.util.test.junit.AutoTests" name="[71] /home/travis/build/icyphy/ptII/ptolemy/domains/de/test/auto/TransferInputs.xml (RunModel)" time="0.008" />
  <testcase classname="ptolemy.util.test.junit.AutoTests" name="[72] /home/travis/build/icyphy/ptII/ptolemy/domains/de/test/auto/TransferOutputs2.xml (RunModel)" time="0.015" />
  <testcase classname="ptolemy.util.test.junit.AutoTests" name="[73] /home/travis/build/icyphy/ptII/ptolemy/domains/de/test/auto/Trilateration.xml (RunModel)" time="11.681" />
  <testcase classname="ptolemy.util.test.junit.AutoTests" name="[74] /home/travis/build/icyphy/ptII/ptolemy/domains/de/test/auto/TwoSigmaDelta.xml (RunModel)" time="1.902" />
  <testcase classname="ptolemy.util.test.junit.AutoTests" name="[75] /home/travis/build/icyphy/ptII/ptolemy/domains/de/test/auto/VariableDelay.xml (RunModel)" time="0.017" />
  <testcase classname="ptolemy.util.test.junit.AutoTests" name="[76] /home/travis/build/icyphy/ptII/ptolemy/domains/de/test/auto/VariableDelay2.xml (RunModel)" time="0.008" />
  <testcase classname="ptolemy.util.test.junit.AutoTests" name="[77] /home/travis/build/icyphy/ptII/ptolemy/domains/de/test/auto/VariableDelayZeroDelay.xml (RunModel)" time="0.009" />
  <testcase classname="ptolemy.util.test.junit.AutoTests" name="[78] /home/travis/build/icyphy/ptII/ptolemy/domains/de/test/auto/VariableDelayZeroDelay2.xml (RunModel)" time="0.009" />
  <testcase classname="ptolemy.util.test.junit.AutoTests" name="[79] /home/travis/build/icyphy/ptII/ptolemy/domains/de/test/auto/deInCt.xml (RunModel)" time="0.017" />
  <testcase classname="ptolemy.util.test.junit.AutoTests" name="[80] /home/travis/build/icyphy/ptII/ptolemy/domains/de/test/auto/deInCt2.xml (RunModel)" time="0.012" />
  <testcase classname="ptolemy.util.test.junit.AutoTests" name="[81] /home/travis/build/icyphy/ptII/ptolemy/domains/de/test/auto/dynamicCausalityInterface1.xml (RunModel)" time="0.017" />
  <testcase classname="ptolemy.util.test.junit.AutoTests" name="[82] /home/travis/build/icyphy/ptII/ptolemy/domains/de/test/auto/fsm_de_test.xml (RunModel)" time="0.021" />
  <testcase classname="ptolemy.util.test.junit.AutoTests" name="[83] /home/travis/build/icyphy/ptII/ptolemy/domains/de/test/auto/functionDependencyReconstruction.xml (RunModel)" time="0.031" />
  <testcase classname="ptolemy.util.test.junit.AutoTests" name="[84] /home/travis/build/icyphy/ptII/ptolemy/domains/de/test/auto/multirate.xml (RunModel)" time="0.014" />
  <testcase classname="ptolemy.util.test.junit.AutoTests" name="[85] /home/travis/build/icyphy/ptII/ptolemy/domains/de/test/auto/multirate2.xml (RunModel)" time="0.014" />
  <testcase classname="ptolemy.util.test.junit.AutoTests" name="[86] /home/travis/build/icyphy/ptII/ptolemy/domains/de/test/auto/realtime.xml (RunModel)" time="10.01" />
  <testcase classname="ptolemy.util.test.junit.AutoTests" name="[87] /home/travis/build/icyphy/ptII/ptolemy/domains/de/test/auto/relationGroup.xml (RunModel)" time="0.01" />
  <testcase classname="ptolemy.util.test.junit.AutoTests" name="[88] /home/travis/build/icyphy/ptII/ptolemy/domains/de/test/auto/relationGroup2.xml (RunModel)" time="0.007" />
  <testcase classname="ptolemy.util.test.junit.AutoTests" name="[89] /home/travis/build/icyphy/ptII/ptolemy/domains/de/test/auto/sortWithOpaquePorts.xml (RunModel)" time="0.008" />
  <testcase classname="ptolemy.util.test.junit.AutoTests" name="[90] /home/travis/build/icyphy/ptII/ptolemy/domains/de/test/auto/transferInputsandOutputs.xml (RunModel)" time="0.01" />
  <testcase classname="ptolemy.util.test.junit.AutoTests" name="[91] /home/travis/build/icyphy/ptII/ptolemy/domains/de/test/auto/triggerType.xml (RunModel)" time="0.006" />
  <system-out><![CDATA[/home/travis/build/icyphy/ptII/ptolemy/domains/de/test/DependencyLoop.tcl
testDefs.tcl: setting time out to 9000 seconds at Sun Mar 03 03:40:06 UTC 2019
15 ms. Memory: 116224K Free: 97569K (84%)
30 ms. Memory: 146944K Free: 141184K (96%)
/home/travis/build/icyphy/ptII/ptolemy/domains/de/test/RunDETestsAsQSS.tcl
Run the DE tests using ptolemy.domains.qss.test.QSSDirectorTest, which extends QSSDirector and prints a message in the constructors.
------------------ testing $PTII/ptolemy/domains/de/test/auto/knownFailedTests/dependencyLoop.xml (Known Failure) 
7 ms. Memory: 146944K Free: 136939K (93%)


==== $PTIIhome/travis/build/icyphy/ptII/ptolemy/domains/de/test/../../../../: Auto Automatic test in file $PTII/ptolemy/domains/de/test/auto/knownFailedTests/dependencyLoop.xml
==== Contents of test case:

	    # FIXME: we should use $relativeFilename here, but it
	    # might have backslashes under Windows, which causes no end
	    # of trouble.
	    createAndExecute $file
	    list {}
	
.... Test generated KNOWN error:
    while executing
ptolemy.kernel.util.IllegalActionException: Found a zero delay loop containing .dependencyLoop.original
  in .dependencyLoop and .dependencyLoop.original
	at ptolemy.actor.util.CausalityInterfaceForComposites._computeOutputPortDepth(CausalityInterfaceForComposites.java:759)
	at ptolemy.actor.util.CausalityInterfaceForComposites._computeInputDepth(CausalityInterfaceForComposites.java:696)
	at ptolemy.actor.util.CausalityInterfaceForComposites._computeOutputPortDepth(CausalityInterfaceForComposites.java:765)
	at ptolemy.actor.util.CausalityInterfaceForComposites._computeInputDepth(CausalityInterfaceForComposites.java:696)
	at ptolemy.actor.util.CausalityInterfaceForComposites._computeOutputPortDepth(CausalityInterfaceForComposites.java:765)
	at ptolemy.actor.util.CausalityInterfaceForComposites._computeInputDepth(CausalityInterfaceForComposites.java:696)
	at ptolemy.actor.util.CausalityInterfaceForComposites._computeActorDepth(CausalityInterfaceForComposites.java:532)
	at ptolemy.actor.util.CausalityInterfaceForComposites.checkForCycles(CausalityInterfaceForComposites.java:96)
	at ptolemy.domains.de.kernel.DEDirector.preinitialize(DEDirector.java:1338)
	at ptolemy.actor.CompositeActor.preinitialize(CompositeActor.java:1828)
	at ptolemy.actor.Manager.preinitializeAndResolveTypes(Manager.java:1040)
	at ptolemy.actor.Manager.initialize(Manager.java:710)
	at ptolemy.actor.Manager.execute(Manager.java:356)
	at ptolemy.actor.Manager.run(Manager.java:1263)
	at ptolemy.actor.Manager$PtolemyRunThread.run(Manager.java:1915)

    while executing
ptolemy.kernel.util.IllegalActionException: Found a zero delay loop containing .dependencyLoop.original
  in .dependencyLoop and .dependencyLoop.original
    while executing
"java::new ptolemy.moml.MoMLSimpleApplication $file
"
    (procedure "createAndExecute" line 2)
    invoked from within
"createAndExecute $file"
    ("uplevel" body line 5)
    invoked from within
"uplevel $contents_of_test"
------------------ testing $PTII/ptolemy/domains/de/test/auto/knownFailedTests/DESDFClockTest.xml (Known Failure) 
2093 ms. Memory: 146944K Free: 121359K (83%)


==== $PTIIhome/travis/build/icyphy/ptII/ptolemy/domains/de/test/../../../../: Auto Automatic test in file $PTII/ptolemy/domains/de/test/auto/knownFailedTests/DESDFClockTest.xml
==== Contents of test case:

	    # FIXME: we should use $relativeFilename here, but it
	    # might have backslashes under Windows, which causes no end
	    # of trouble.
	    createAndExecute $file
	    list {}
	
.... Test generated KNOWN error:
    while executing
ptolemy.kernel.util.IllegalActionException: Actor is not ready to fire.  Perhaps UpSample.prefire() returned false? Try debugging the actor by selecting "Listen to Actor".  Also, for SDF check moml for tokenConsumptionRate on input.
  in .DESDFClockTest.Play Bell.Copy1:SDF Director and .DESDFClockTest.Play Bell.UpSample
	at ptolemy.actor.sched.StaticSchedulingDirector.fire(StaticSchedulingDirector.java:227)
	at ptolemy.domains.sdf.kernel.SDFDirector.fire(SDFDirector.java:500)
	at ptolemy.actor.CompositeActor.fire(CompositeActor.java:455)
	at ptolemy.domains.de.kernel.DEDirector._fire(DEDirector.java:1949)
	at ptolemy.domains.de.kernel.DEDirector.fire(DEDirector.java:502)
	at ptolemy.actor.CompositeActor.fire(CompositeActor.java:455)
	at ptolemy.actor.Manager.iterate(Manager.java:851)
	at ptolemy.actor.Manager.execute(Manager.java:369)
	at ptolemy.actor.Manager.run(Manager.java:1263)
	at ptolemy.actor.Manager$PtolemyRunThread.run(Manager.java:1915)

    while executing
ptolemy.kernel.util.IllegalActionException: Actor is not ready to fire.  Perhaps UpSample.prefire() returned false? Try debugging the actor by selecting "Listen to Actor".  Also, for SDF check moml for tokenConsumptionRate on input.
  in .DESDFClockTest.Play Bell.Copy1:SDF Director and .DESDFClockTest.Play Bell.UpSample
    while executing
"java::new ptolemy.moml.MoMLSimpleApplication $file
"
    (procedure "createAndExecute" line 2)
    invoked from within
"createAndExecute $file"
    ("uplevel" body line 5)
    invoked from within
"uplevel $contents_of_test"
------------------ testing $PTII/ptolemy/domains/de/test/auto/knownFailedTests/FSMSource.xml (Known Failure) 
26 ms. Memory: 146944K Free: 112533K (77%)
!!!! Auto was marked as failing, but now passes
------------------ testing $PTII/ptolemy/domains/de/test/auto/knownFailedTests/dependencyLoop2.xml (Known Failure) 
10 ms. Memory: 146944K Free: 110649K (75%)


==== $PTIIhome/travis/build/icyphy/ptII/ptolemy/domains/de/test/../../../../: Auto Automatic test in file $PTII/ptolemy/domains/de/test/auto/knownFailedTests/dependencyLoop2.xml
==== Contents of test case:

	    # FIXME: we should use $relativeFilename here, but it
	    # might have backslashes under Windows, which causes no end
	    # of trouble.
	    createAndExecute $file
	    list {}
	
.... Test generated KNOWN error:
    while executing
ptolemy.kernel.util.IllegalActionException: Found a zero delay loop containing .dependencyLoop2.original
  in .dependencyLoop2 and .dependencyLoop2.original
	at ptolemy.actor.util.CausalityInterfaceForComposites._computeOutputPortDepth(CausalityInterfaceForComposites.java:759)
	at ptolemy.actor.util.CausalityInterfaceForComposites._computeInputDepth(CausalityInterfaceForComposites.java:696)
	at ptolemy.actor.util.CausalityInterfaceForComposites._computeOutputPortDepth(CausalityInterfaceForComposites.java:765)
	at ptolemy.actor.util.CausalityInterfaceForComposites._computeInputDepth(CausalityInterfaceForComposites.java:696)
	at ptolemy.actor.util.CausalityInterfaceForComposites._computeOutputPortDepth(CausalityInterfaceForComposites.java:765)
	at ptolemy.actor.util.CausalityInterfaceForComposites._computeInputDepth(CausalityInterfaceForComposites.java:696)
	at ptolemy.actor.util.CausalityInterfaceForComposites._computeActorDepth(CausalityInterfaceForComposites.java:532)
	at ptolemy.actor.util.CausalityInterfaceForComposites.checkForCycles(CausalityInterfaceForComposites.java:96)
	at ptolemy.domains.de.kernel.DEDirector.preinitialize(DEDirector.java:1338)
	at ptolemy.actor.CompositeActor.preinitialize(CompositeActor.java:1828)
	at ptolemy.actor.Manager.preinitializeAndResolveTypes(Manager.java:1040)
	at ptolemy.actor.Manager.initialize(Manager.java:710)
	at ptolemy.actor.Manager.execute(Manager.java:356)
	at ptolemy.actor.Manager.run(Manager.java:1263)
	at ptolemy.actor.Manager$PtolemyRunThread.run(Manager.java:1915)

    while executing
ptolemy.kernel.util.IllegalActionException: Found a zero delay loop containing .dependencyLoop2.original
  in .dependencyLoop2 and .dependencyLoop2.original
    while executing
"java::new ptolemy.moml.MoMLSimpleApplication $file
"
    (procedure "createAndExecute" line 2)
    invoked from within
"createAndExecute $file"
    ("uplevel" body line 5)
    invoked from within
"uplevel $contents_of_test"
------------------ testing $PTII/ptolemy/domains/de/test/auto/knownFailedTests/HierarchicalModel.xml (Known Failure) 
5 ms. Memory: 146944K Free: 90417K (62%)


==== $PTIIhome/travis/build/icyphy/ptII/ptolemy/domains/de/test/../../../../: Auto Automatic test in file $PTII/ptolemy/domains/de/test/auto/knownFailedTests/HierarchicalModel.xml
==== Contents of test case:

	    # FIXME: we should use $relativeFilename here, but it
	    # might have backslashes under Windows, which causes no end
	    # of trouble.
	    createAndExecute $file
	    list {}
	
.... Test generated KNOWN error:
    while executing
ptolemy.kernel.util.IllegalActionException: Found a zero delay loop containing .HierarchicalModel.A
  in .HierarchicalModel and .HierarchicalModel.A
	at ptolemy.actor.util.CausalityInterfaceForComposites._computeOutputPortDepth(CausalityInterfaceForComposites.java:759)
	at ptolemy.actor.util.CausalityInterfaceForComposites._computeInputDepth(CausalityInterfaceForComposites.java:696)
	at ptolemy.actor.util.CausalityInterfaceForComposites._computeOutputPortDepth(CausalityInterfaceForComposites.java:765)
	at ptolemy.actor.util.CausalityInterfaceForComposites._computeInputDepth(CausalityInterfaceForComposites.java:696)
	at ptolemy.actor.util.CausalityInterfaceForComposites._computeOutputPortDepth(CausalityInterfaceForComposites.java:765)
	at ptolemy.actor.util.CausalityInterfaceForComposites._computeInputDepth(CausalityInterfaceForComposites.java:696)
	at ptolemy.actor.util.CausalityInterfaceForComposites._computeActorDepth(CausalityInterfaceForComposites.java:532)
	at ptolemy.actor.util.CausalityInterfaceForComposites.checkForCycles(CausalityInterfaceForComposites.java:96)
	at ptolemy.domains.de.kernel.DEDirector.preinitialize(DEDirector.java:1338)
	at ptolemy.actor.CompositeActor.preinitialize(CompositeActor.java:1828)
	at ptolemy.actor.Manager.preinitializeAndResolveTypes(Manager.java:1040)
	at ptolemy.actor.Manager.initialize(Manager.java:710)
	at ptolemy.actor.Manager.execute(Manager.java:356)
	at ptolemy.actor.Manager.run(Manager.java:1263)
	at ptolemy.actor.Manager$PtolemyRunThread.run(Manager.java:1915)

    while executing
ptolemy.kernel.util.IllegalActionException: Found a zero delay loop containing .HierarchicalModel.A
  in .HierarchicalModel and .HierarchicalModel.A
    while executing
"java::new ptolemy.moml.MoMLSimpleApplication $file
"
    (procedure "createAndExecute" line 2)
    invoked from within
"createAndExecute $file"
    ("uplevel" body line 5)
    invoked from within
"uplevel $contents_of_test"
------------------ testing $PTII/ptolemy/domains/de/test/auto/knownFailedTests/DirectFeedback.xml (Known Failure) 
4 ms. Memory: 146944K Free: 86307K (59%)


==== $PTIIhome/travis/build/icyphy/ptII/ptolemy/domains/de/test/../../../../: Auto Automatic test in file $PTII/ptolemy/domains/de/test/auto/knownFailedTests/DirectFeedback.xml
==== Contents of test case:

	    # FIXME: we should use $relativeFilename here, but it
	    # might have backslashes under Windows, which causes no end
	    # of trouble.
	    createAndExecute $file
	    list {}
	
.... Test generated KNOWN error:
    while executing
ptolemy.kernel.util.IllegalActionException: Test fails in iteration 1.
Value was: 1.0. Should have been: 2.0
  in .DirectFeedback.Test
	at ptolemy.actor.lib.Test.fire(Test.java:268)
	at ptolemy.domains.de.kernel.DEDirector._fire(DEDirector.java:1949)
	at ptolemy.domains.de.kernel.DEDirector.fire(DEDirector.java:502)
	at ptolemy.actor.CompositeActor.fire(CompositeActor.java:455)
	at ptolemy.actor.Manager.iterate(Manager.java:851)
	at ptolemy.actor.Manager.execute(Manager.java:369)
	at ptolemy.actor.Manager.run(Manager.java:1263)
	at ptolemy.actor.Manager$PtolemyRunThread.run(Manager.java:1915)

    while executing
ptolemy.kernel.util.IllegalActionException: Test fails in iteration 1.
Value was: 1.0. Should have been: 2.0
  in .DirectFeedback.Test
    while executing
"java::new ptolemy.moml.MoMLSimpleApplication $file
"
    (procedure "createAndExecute" line 2)
    invoked from within
"createAndExecute $file"
    ("uplevel" body line 5)
    invoked from within
"uplevel $contents_of_test"
------------------ testing $PTII/ptolemy/domains/de/test/auto/ActorDepthCalculation_actorWithoutPorts.xml
auto.tcl: Setting watchdog for 200 seconds at Sun Mar 03 03:40:10 UTC 2019
4 ms. Memory: 146944K Free: 138696K (94%)
ptolemy.util.test.WatchDog.cancel(): canceling Sun Mar 03 03:40:10 UTC 2019
auto.tcl: Setting watchdog for 200 seconds at Sun Mar 03 03:40:10 UTC 2019
4 ms. Memory: 146944K Free: 137676K (94%)
ptolemy.util.test.WatchDog.cancel(): canceling Sun Mar 03 03:40:10 UTC 2019
------------------ testing $PTII/ptolemy/domains/de/test/auto/AssemblyLine.xml
auto.tcl: Setting watchdog for 200 seconds at Sun Mar 03 03:40:10 UTC 2019
38 ms. Memory: 208384K Free: 183393K (88%)
ptolemy.util.test.WatchDog.cancel(): canceling Sun Mar 03 03:40:10 UTC 2019
auto.tcl: Setting watchdog for 200 seconds at Sun Mar 03 03:40:10 UTC 2019
7 ms. Memory: 208384K Free: 183393K (88%)
ptolemy.util.test.WatchDog.cancel(): canceling Sun Mar 03 03:40:10 UTC 2019
------------------ testing $PTII/ptolemy/domains/de/test/auto/CQBug1.xml
auto.tcl: Setting watchdog for 200 seconds at Sun Mar 03 03:40:10 UTC 2019
5 ms. Memory: 208384K Free: 197897K (95%)
ptolemy.util.test.WatchDog.cancel(): canceling Sun Mar 03 03:40:10 UTC 2019
auto.tcl: Setting watchdog for 200 seconds at Sun Mar 03 03:40:10 UTC 2019
2 ms. Memory: 208384K Free: 197897K (95%)
ptolemy.util.test.WatchDog.cancel(): canceling Sun Mar 03 03:40:10 UTC 2019
------------------ testing $PTII/ptolemy/domains/de/test/auto/CancelFireAt.xml
auto.tcl: Setting watchdog for 200 seconds at Sun Mar 03 03:40:10 UTC 2019
11 ms. Memory: 208384K Free: 201038K (96%)
ptolemy.util.test.WatchDog.cancel(): canceling Sun Mar 03 03:40:10 UTC 2019
auto.tcl: Setting watchdog for 200 seconds at Sun Mar 03 03:40:10 UTC 2019
3 ms. Memory: 208384K Free: 198998K (95%)
ptolemy.util.test.WatchDog.cancel(): canceling Sun Mar 03 03:40:11 UTC 2019
------------------ testing $PTII/ptolemy/domains/de/test/auto/CausalityAndComposabilityAnalysis.xml
auto.tcl: Setting watchdog for 200 seconds at Sun Mar 03 03:40:11 UTC 2019
11 ms. Memory: 208384K Free: 198596K (95%)
ptolemy.util.test.WatchDog.cancel(): canceling Sun Mar 03 03:40:11 UTC 2019
auto.tcl: Setting watchdog for 200 seconds at Sun Mar 03 03:40:11 UTC 2019
14 ms. Memory: 208384K Free: 196556K (94%)
ptolemy.util.test.WatchDog.cancel(): canceling Sun Mar 03 03:40:11 UTC 2019
------------------ testing $PTII/ptolemy/domains/de/test/auto/CausalityInterface1.xml
auto.tcl: Setting watchdog for 200 seconds at Sun Mar 03 03:40:11 UTC 2019
15 ms. Memory: 208384K Free: 196492K (94%)
ptolemy.util.test.WatchDog.cancel(): canceling Sun Mar 03 03:40:11 UTC 2019
auto.tcl: Setting watchdog for 200 seconds at Sun Mar 03 03:40:11 UTC 2019
6 ms. Memory: 208384K Free: 196492K (94%)
ptolemy.util.test.WatchDog.cancel(): canceling Sun Mar 03 03:40:11 UTC 2019
------------------ testing $PTII/ptolemy/domains/de/test/auto/CausalityInterface15.xml
auto.tcl: Setting watchdog for 200 seconds at Sun Mar 03 03:40:11 UTC 2019
9 ms. Memory: 208384K Free: 196451K (94%)
ptolemy.util.test.WatchDog.cancel(): canceling Sun Mar 03 03:40:11 UTC 2019
auto.tcl: Setting watchdog for 200 seconds at Sun Mar 03 03:40:11 UTC 2019
3 ms. Memory: 208384K Free: 196451K (94%)
ptolemy.util.test.WatchDog.cancel(): canceling Sun Mar 03 03:40:11 UTC 2019
------------------ testing $PTII/ptolemy/domains/de/test/auto/CausalityInterface2.xml
auto.tcl: Setting watchdog for 200 seconds at Sun Mar 03 03:40:11 UTC 2019
8 ms. Memory: 208384K Free: 196468K (94%)
ptolemy.util.test.WatchDog.cancel(): canceling Sun Mar 03 03:40:11 UTC 2019
auto.tcl: Setting watchdog for 200 seconds at Sun Mar 03 03:40:11 UTC 2019
4 ms. Memory: 208384K Free: 196468K (94%)
ptolemy.util.test.WatchDog.cancel(): canceling Sun Mar 03 03:40:11 UTC 2019
------------------ testing $PTII/ptolemy/domains/de/test/auto/CausalityInterface3.xml
auto.tcl: Setting watchdog for 200 seconds at Sun Mar 03 03:40:11 UTC 2019
3 ms. Memory: 208384K Free: 196480K (94%)
ptolemy.util.test.WatchDog.cancel(): canceling Sun Mar 03 03:40:11 UTC 2019
auto.tcl: Setting watchdog for 200 seconds at Sun Mar 03 03:40:11 UTC 2019
5 ms. Memory: 208384K Free: 196480K (94%)
ptolemy.util.test.WatchDog.cancel(): canceling Sun Mar 03 03:40:11 UTC 2019
------------------ testing $PTII/ptolemy/domains/de/test/auto/ClockDrift.xml
auto.tcl: Setting watchdog for 200 seconds at Sun Mar 03 03:40:11 UTC 2019
74 ms. Memory: 208384K Free: 187891K (90%)
ptolemy.util.test.WatchDog.cancel(): canceling Sun Mar 03 03:40:11 UTC 2019
auto.tcl: Setting watchdog for 200 seconds at Sun Mar 03 03:40:11 UTC 2019
65 ms. Memory: 208384K Free: 185851K (89%)
ptolemy.util.test.WatchDog.cancel(): canceling Sun Mar 03 03:40:11 UTC 2019
------------------ testing $PTII/ptolemy/domains/de/test/auto/ClockDriftAndValueChange.xml
auto.tcl: Setting watchdog for 200 seconds at Sun Mar 03 03:40:11 UTC 2019
54 ms. Memory: 208384K Free: 187728K (90%)
ptolemy.util.test.WatchDog.cancel(): canceling Sun Mar 03 03:40:11 UTC 2019
auto.tcl: Setting watchdog for 200 seconds at Sun Mar 03 03:40:11 UTC 2019
37 ms. Memory: 208384K Free: 185688K (89%)
ptolemy.util.test.WatchDog.cancel(): canceling Sun Mar 03 03:40:11 UTC 2019
------------------ testing $PTII/ptolemy/domains/de/test/auto/ClockDriftChange.xml
auto.tcl: Setting watchdog for 200 seconds at Sun Mar 03 03:40:12 UTC 2019
37 ms. Memory: 208384K Free: 190994K (92%)
ptolemy.util.test.WatchDog.cancel(): canceling Sun Mar 03 03:40:12 UTC 2019
auto.tcl: Setting watchdog for 200 seconds at Sun Mar 03 03:40:12 UTC 2019
20 ms. Memory: 208384K Free: 188954K (91%)
ptolemy.util.test.WatchDog.cancel(): canceling Sun Mar 03 03:40:12 UTC 2019
------------------ testing $PTII/ptolemy/domains/de/test/auto/ComposableCausalityAnalysis.xml
auto.tcl: Setting watchdog for 200 seconds at Sun Mar 03 03:40:12 UTC 2019
2 ms. Memory: 208384K Free: 196341K (94%)
ptolemy.util.test.WatchDog.cancel(): canceling Sun Mar 03 03:40:12 UTC 2019
auto.tcl: Setting watchdog for 200 seconds at Sun Mar 03 03:40:12 UTC 2019
2 ms. Memory: 208384K Free: 194301K (93%)
ptolemy.util.test.WatchDog.cancel(): canceling Sun Mar 03 03:40:12 UTC 2019
------------------ testing $PTII/ptolemy/domains/de/test/auto/DEFixedPointLimitation.xml
auto.tcl: Setting watchdog for 200 seconds at Sun Mar 03 03:40:12 UTC 2019
5 ms. Memory: 208384K Free: 198258K (95%)
ptolemy.util.test.WatchDog.cancel(): canceling Sun Mar 03 03:40:12 UTC 2019
auto.tcl: Setting watchdog for 200 seconds at Sun Mar 03 03:40:12 UTC 2019
2 ms. Memory: 208384K Free: 196218K (94%)
ptolemy.util.test.WatchDog.cancel(): canceling Sun Mar 03 03:40:12 UTC 2019
------------------ testing $PTII/ptolemy/domains/de/test/auto/DEScheduleTest.xml
auto.tcl: Setting watchdog for 200 seconds at Sun Mar 03 03:40:12 UTC 2019
4 ms. Memory: 208384K Free: 198294K (95%)
ptolemy.util.test.WatchDog.cancel(): canceling Sun Mar 03 03:40:12 UTC 2019
auto.tcl: Setting watchdog for 200 seconds at Sun Mar 03 03:40:12 UTC 2019
8 ms. Memory: 208384K Free: 196254K (94%)
ptolemy.util.test.WatchDog.cancel(): canceling Sun Mar 03 03:40:12 UTC 2019
------------------ testing $PTII/ptolemy/domains/de/test/auto/DEinDEwithStartTimes.xml
auto.tcl: Setting watchdog for 200 seconds at Sun Mar 03 03:40:12 UTC 2019
5 ms. Memory: 208384K Free: 196223K (94%)
ptolemy.util.test.WatchDog.cancel(): canceling Sun Mar 03 03:40:12 UTC 2019
auto.tcl: Setting watchdog for 200 seconds at Sun Mar 03 03:40:12 UTC 2019
9 ms. Memory: 208384K Free: 196223K (94%)
ptolemy.util.test.WatchDog.cancel(): canceling Sun Mar 03 03:40:12 UTC 2019
------------------ testing $PTII/ptolemy/domains/de/test/auto/DEinDEwithStartTimes2.xml
auto.tcl: Setting watchdog for 200 seconds at Sun Mar 03 03:40:12 UTC 2019
6 ms. Memory: 208384K Free: 196723K (94%)
ptolemy.util.test.WatchDog.cancel(): canceling Sun Mar 03 03:40:12 UTC 2019
auto.tcl: Setting watchdog for 200 seconds at Sun Mar 03 03:40:12 UTC 2019
5 ms. Memory: 208384K Free: 194163K (93%)
ptolemy.util.test.WatchDog.cancel(): canceling Sun Mar 03 03:40:12 UTC 2019
------------------ testing $PTII/ptolemy/domains/de/test/auto/DateDemo.xml
auto.tcl: Setting watchdog for 200 seconds at Sun Mar 03 03:40:12 UTC 2019
17 ms. Memory: 208384K Free: 188813K (91%)
ptolemy.util.test.WatchDog.cancel(): canceling Sun Mar 03 03:40:12 UTC 2019
auto.tcl: Setting watchdog for 200 seconds at Sun Mar 03 03:40:12 UTC 2019
21 ms. Memory: 208384K Free: 186773K (90%)
ptolemy.util.test.WatchDog.cancel(): canceling Sun Mar 03 03:40:12 UTC 2019
------------------ testing $PTII/ptolemy/domains/de/test/auto/DateToEvent.xml
auto.tcl: Setting watchdog for 200 seconds at Sun Mar 03 03:40:12 UTC 2019
2020 ms. Memory: 208384K Free: 183699K (88%)
ptolemy.util.test.WatchDog.cancel(): canceling Sun Mar 03 03:40:14 UTC 2019
auto.tcl: Setting watchdog for 200 seconds at Sun Mar 03 03:40:14 UTC 2019
2005 ms. Memory: 208384K Free: 183699K (88%)
ptolemy.util.test.WatchDog.cancel(): canceling Sun Mar 03 03:40:16 UTC 2019
------------------ testing $PTII/ptolemy/domains/de/test/auto/DepthTest1.xml
auto.tcl: Setting watchdog for 200 seconds at Sun Mar 03 03:40:16 UTC 2019
6 ms. Memory: 208384K Free: 195885K (94%)
ptolemy.util.test.WatchDog.cancel(): canceling Sun Mar 03 03:40:16 UTC 2019
auto.tcl: Setting watchdog for 200 seconds at Sun Mar 03 03:40:16 UTC 2019
8 ms. Memory: 208384K Free: 195365K (94%)
ptolemy.util.test.WatchDog.cancel(): canceling Sun Mar 03 03:40:16 UTC 2019
------------------ testing $PTII/ptolemy/domains/de/test/auto/DepthTest2.xml
auto.tcl: Setting watchdog for 200 seconds at Sun Mar 03 03:40:17 UTC 2019
3 ms. Memory: 208384K Free: 194177K (93%)
ptolemy.util.test.WatchDog.cancel(): canceling Sun Mar 03 03:40:17 UTC 2019
auto.tcl: Setting watchdog for 200 seconds at Sun Mar 03 03:40:17 UTC 2019
4 ms. Memory: 208384K Free: 194177K (93%)
ptolemy.util.test.WatchDog.cancel(): canceling Sun Mar 03 03:40:17 UTC 2019
------------------ testing $PTII/ptolemy/domains/de/test/auto/DepthTest3.xml
auto.tcl: Setting watchdog for 200 seconds at Sun Mar 03 03:40:17 UTC 2019
5 ms. Memory: 208384K Free: 198158K (95%)
ptolemy.util.test.WatchDog.cancel(): canceling Sun Mar 03 03:40:17 UTC 2019
auto.tcl: Setting watchdog for 200 seconds at Sun Mar 03 03:40:17 UTC 2019
2 ms. Memory: 208384K Free: 198158K (95%)
ptolemy.util.test.WatchDog.cancel(): canceling Sun Mar 03 03:40:17 UTC 2019
------------------ testing $PTII/ptolemy/domains/de/test/auto/DepthTest4.xml
auto.tcl: Setting watchdog for 200 seconds at Sun Mar 03 03:40:17 UTC 2019
3 ms. Memory: 208384K Free: 196206K (94%)
ptolemy.util.test.WatchDog.cancel(): canceling Sun Mar 03 03:40:17 UTC 2019
auto.tcl: Setting watchdog for 200 seconds at Sun Mar 03 03:40:17 UTC 2019
3 ms. Memory: 208384K Free: 196206K (94%)
ptolemy.util.test.WatchDog.cancel(): canceling Sun Mar 03 03:40:17 UTC 2019
------------------ testing $PTII/ptolemy/domains/de/test/auto/DepthTest5.xml
auto.tcl: Setting watchdog for 200 seconds at Sun Mar 03 03:40:17 UTC 2019
4 ms. Memory: 208384K Free: 196153K (94%)
ptolemy.util.test.WatchDog.cancel(): canceling Sun Mar 03 03:40:17 UTC 2019
auto.tcl: Setting watchdog for 200 seconds at Sun Mar 03 03:40:17 UTC 2019
1 ms. Memory: 208384K Free: 196153K (94%)
ptolemy.util.test.WatchDog.cancel(): canceling Sun Mar 03 03:40:17 UTC 2019
------------------ testing $PTII/ptolemy/domains/de/test/auto/DepthTest6.xml
auto.tcl: Setting watchdog for 200 seconds at Sun Mar 03 03:40:17 UTC 2019
11 ms. Memory: 208384K Free: 196129K (94%)
ptolemy.util.test.WatchDog.cancel(): canceling Sun Mar 03 03:40:17 UTC 2019
auto.tcl: Setting watchdog for 200 seconds at Sun Mar 03 03:40:17 UTC 2019
2 ms. Memory: 208384K Free: 196129K (94%)
ptolemy.util.test.WatchDog.cancel(): canceling Sun Mar 03 03:40:17 UTC 2019
------------------ testing $PTII/ptolemy/domains/de/test/auto/DepthTest7.xml
auto.tcl: Setting watchdog for 200 seconds at Sun Mar 03 03:40:17 UTC 2019
3 ms. Memory: 208384K Free: 196110K (94%)
ptolemy.util.test.WatchDog.cancel(): canceling Sun Mar 03 03:40:17 UTC 2019
auto.tcl: Setting watchdog for 200 seconds at Sun Mar 03 03:40:17 UTC 2019
2 ms. Memory: 208384K Free: 196110K (94%)
ptolemy.util.test.WatchDog.cancel(): canceling Sun Mar 03 03:40:17 UTC 2019
------------------ testing $PTII/ptolemy/domains/de/test/auto/EventToDate.xml
auto.tcl: Setting watchdog for 200 seconds at Sun Mar 03 03:40:17 UTC 2019
3009 ms. Memory: 208384K Free: 185923K (89%)
ptolemy.util.test.WatchDog.cancel(): canceling Sun Mar 03 03:40:20 UTC 2019
auto.tcl: Setting watchdog for 200 seconds at Sun Mar 03 03:40:20 UTC 2019
3004 ms. Memory: 208384K Free: 185923K (89%)
ptolemy.util.test.WatchDog.cancel(): canceling Sun Mar 03 03:40:23 UTC 2019
------------------ testing $PTII/ptolemy/domains/de/test/auto/FSM1.xml
auto.tcl: Setting watchdog for 200 seconds at Sun Mar 03 03:40:23 UTC 2019
28 ms. Memory: 208384K Free: 189282K (91%)
ptolemy.util.test.WatchDog.cancel(): canceling Sun Mar 03 03:40:23 UTC 2019
auto.tcl: Setting watchdog for 200 seconds at Sun Mar 03 03:40:23 UTC 2019
23 ms. Memory: 208384K Free: 185202K (89%)
ptolemy.util.test.WatchDog.cancel(): canceling Sun Mar 03 03:40:23 UTC 2019
------------------ testing $PTII/ptolemy/domains/de/test/auto/FSM7.xml
auto.tcl: Setting watchdog for 200 seconds at Sun Mar 03 03:40:23 UTC 2019
25 ms. Memory: 208384K Free: 189485K (91%)
ptolemy.util.test.WatchDog.cancel(): canceling Sun Mar 03 03:40:23 UTC 2019
auto.tcl: Setting watchdog for 200 seconds at Sun Mar 03 03:40:23 UTC 2019
18 ms. Memory: 208384K Free: 185405K (89%)
ptolemy.util.test.WatchDog.cancel(): canceling Sun Mar 03 03:40:23 UTC 2019
------------------ testing $PTII/ptolemy/domains/de/test/auto/Inspection.xml
auto.tcl: Setting watchdog for 200 seconds at Sun Mar 03 03:40:23 UTC 2019
39 ms. Memory: 208384K Free: 189178K (91%)
ptolemy.util.test.WatchDog.cancel(): canceling Sun Mar 03 03:40:23 UTC 2019
auto.tcl: Setting watchdog for 200 seconds at Sun Mar 03 03:40:23 UTC 2019
35 ms. Memory: 208384K Free: 187138K (90%)
ptolemy.util.test.WatchDog.cancel(): canceling Sun Mar 03 03:40:23 UTC 2019
------------------ testing $PTII/ptolemy/domains/de/test/auto/Iteration.xml
auto.tcl: Setting watchdog for 200 seconds at Sun Mar 03 03:40:24 UTC 2019
7 ms. Memory: 208384K Free: 195915K (94%)
ptolemy.util.test.WatchDog.cancel(): canceling Sun Mar 03 03:40:24 UTC 2019
auto.tcl: Setting watchdog for 200 seconds at Sun Mar 03 03:40:24 UTC 2019
8 ms. Memory: 208384K Free: 193875K (93%)
ptolemy.util.test.WatchDog.cancel(): canceling Sun Mar 03 03:40:24 UTC 2019
------------------ testing $PTII/ptolemy/domains/de/test/auto/LineFault.xml
auto.tcl: Setting watchdog for 200 seconds at Sun Mar 03 03:40:24 UTC 2019
614 ms. Memory: 208384K Free: 199676K (96%)
ptolemy.util.test.WatchDog.cancel(): canceling Sun Mar 03 03:40:24 UTC 2019
auto.tcl: Setting watchdog for 200 seconds at Sun Mar 03 03:40:24 UTC 2019
597 ms. Memory: 208384K Free: 142275K (68%)
ptolemy.util.test.WatchDog.cancel(): canceling Sun Mar 03 03:40:25 UTC 2019
------------------ testing $PTII/ptolemy/domains/de/test/auto/MergeModel1Add.xml
auto.tcl: Setting watchdog for 200 seconds at Sun Mar 03 03:40:25 UTC 2019
32 ms. Memory: 331264K Free: 300556K (91%)
ptolemy.util.test.WatchDog.cancel(): canceling Sun Mar 03 03:40:25 UTC 2019
auto.tcl: Setting watchdog for 200 seconds at Sun Mar 03 03:40:25 UTC 2019
10 ms. Memory: 331264K Free: 300556K (91%)
ptolemy.util.test.WatchDog.cancel(): canceling Sun Mar 03 03:40:25 UTC 2019
------------------ testing $PTII/ptolemy/domains/de/test/auto/MergeModel2Add.xml
auto.tcl: Setting watchdog for 200 seconds at Sun Mar 03 03:40:25 UTC 2019
13 ms. Memory: 331264K Free: 305499K (92%)
ptolemy.util.test.WatchDog.cancel(): canceling Sun Mar 03 03:40:25 UTC 2019
auto.tcl: Setting watchdog for 200 seconds at Sun Mar 03 03:40:25 UTC 2019
10 ms. Memory: 331264K Free: 301919K (91%)
ptolemy.util.test.WatchDog.cancel(): canceling Sun Mar 03 03:40:25 UTC 2019
------------------ testing $PTII/ptolemy/domains/de/test/auto/MergeModel3Add.xml
auto.tcl: Setting watchdog for 200 seconds at Sun Mar 03 03:40:25 UTC 2019
10 ms. Memory: 331264K Free: 305501K (92%)
ptolemy.util.test.WatchDog.cancel(): canceling Sun Mar 03 03:40:26 UTC 2019
auto.tcl: Setting watchdog for 200 seconds at Sun Mar 03 03:40:26 UTC 2019
10 ms. Memory: 331264K Free: 301920K (91%)
ptolemy.util.test.WatchDog.cancel(): canceling Sun Mar 03 03:40:26 UTC 2019
------------------ testing $PTII/ptolemy/domains/de/test/auto/MergeWithoutDiscard.xml
auto.tcl: Setting watchdog for 200 seconds at Sun Mar 03 03:40:26 UTC 2019
3 ms. Memory: 331264K Free: 315824K (95%)
ptolemy.util.test.WatchDog.cancel(): canceling Sun Mar 03 03:40:26 UTC 2019
auto.tcl: Setting watchdog for 200 seconds at Sun Mar 03 03:40:26 UTC 2019
1 ms. Memory: 331264K Free: 315824K (95%)
ptolemy.util.test.WatchDog.cancel(): canceling Sun Mar 03 03:40:26 UTC 2019
------------------ testing $PTII/ptolemy/domains/de/test/auto/Modal1.xml
auto.tcl: Setting watchdog for 200 seconds at Sun Mar 03 03:40:26 UTC 2019
25 ms. Memory: 331264K Free: 310099K (94%)
ptolemy.util.test.WatchDog.cancel(): canceling Sun Mar 03 03:40:26 UTC 2019
auto.tcl: Setting watchdog for 200 seconds at Sun Mar 03 03:40:26 UTC 2019
13 ms. Memory: 331264K Free: 306526K (93%)
ptolemy.util.test.WatchDog.cancel(): canceling Sun Mar 03 03:40:26 UTC 2019
------------------ testing $PTII/ptolemy/domains/de/test/auto/Modal2.xml
auto.tcl: Setting watchdog for 200 seconds at Sun Mar 03 03:40:26 UTC 2019
16 ms. Memory: 331264K Free: 309957K (94%)
ptolemy.util.test.WatchDog.cancel(): canceling Sun Mar 03 03:40:26 UTC 2019
auto.tcl: Setting watchdog for 200 seconds at Sun Mar 03 03:40:26 UTC 2019
12 ms. Memory: 331264K Free: 306392K (92%)
ptolemy.util.test.WatchDog.cancel(): canceling Sun Mar 03 03:40:26 UTC 2019
------------------ testing $PTII/ptolemy/domains/de/test/auto/Modal3.xml
auto.tcl: Setting watchdog for 200 seconds at Sun Mar 03 03:40:26 UTC 2019
17 ms. Memory: 331264K Free: 309980K (94%)
ptolemy.util.test.WatchDog.cancel(): canceling Sun Mar 03 03:40:26 UTC 2019
auto.tcl: Setting watchdog for 200 seconds at Sun Mar 03 03:40:26 UTC 2019
15 ms. Memory: 331264K Free: 306415K (92%)
ptolemy.util.test.WatchDog.cancel(): canceling Sun Mar 03 03:40:26 UTC 2019
------------------ testing $PTII/ptolemy/domains/de/test/auto/Modal4.xml
auto.tcl: Setting watchdog for 200 seconds at Sun Mar 03 03:40:26 UTC 2019
17 ms. Memory: 331264K Free: 309990K (94%)
ptolemy.util.test.WatchDog.cancel(): canceling Sun Mar 03 03:40:26 UTC 2019
auto.tcl: Setting watchdog for 200 seconds at Sun Mar 03 03:40:26 UTC 2019
14 ms. Memory: 331264K Free: 306409K (92%)
ptolemy.util.test.WatchDog.cancel(): canceling Sun Mar 03 03:40:26 UTC 2019
------------------ testing $PTII/ptolemy/domains/de/test/auto/Modal5.xml
auto.tcl: Setting watchdog for 200 seconds at Sun Mar 03 03:40:26 UTC 2019
26 ms. Memory: 331264K Free: 309978K (94%)
ptolemy.util.test.WatchDog.cancel(): canceling Sun Mar 03 03:40:26 UTC 2019
auto.tcl: Setting watchdog for 200 seconds at Sun Mar 03 03:40:26 UTC 2019
11 ms. Memory: 331264K Free: 306397K (92%)
ptolemy.util.test.WatchDog.cancel(): canceling Sun Mar 03 03:40:26 UTC 2019
------------------ testing $PTII/ptolemy/domains/de/test/auto/Modal6.xml
auto.tcl: Setting watchdog for 200 seconds at Sun Mar 03 03:40:26 UTC 2019
11 ms. Memory: 331264K Free: 309965K (94%)
ptolemy.util.test.WatchDog.cancel(): canceling Sun Mar 03 03:40:26 UTC 2019
auto.tcl: Setting watchdog for 200 seconds at Sun Mar 03 03:40:26 UTC 2019
13 ms. Memory: 331264K Free: 306400K (92%)
ptolemy.util.test.WatchDog.cancel(): canceling Sun Mar 03 03:40:26 UTC 2019
------------------ testing $PTII/ptolemy/domains/de/test/auto/Modal7.xml
auto.tcl: Setting watchdog for 200 seconds at Sun Mar 03 03:40:26 UTC 2019
9 ms. Memory: 331264K Free: 306384K (92%)
ptolemy.util.test.WatchDog.cancel(): canceling Sun Mar 03 03:40:26 UTC 2019
auto.tcl: Setting watchdog for 200 seconds at Sun Mar 03 03:40:26 UTC 2019
10 ms. Memory: 331264K Free: 302811K (91%)
ptolemy.util.test.WatchDog.cancel(): canceling Sun Mar 03 03:40:26 UTC 2019
------------------ testing $PTII/ptolemy/domains/de/test/auto/ModalModel.xml
auto.tcl: Setting watchdog for 200 seconds at Sun Mar 03 03:40:26 UTC 2019
170 ms. Memory: 331264K Free: 249861K (75%)
ptolemy.util.test.WatchDog.cancel(): canceling Sun Mar 03 03:40:27 UTC 2019
auto.tcl: Setting watchdog for 200 seconds at Sun Mar 03 03:40:27 UTC 2019
174 ms. Memory: 331264K Free: 192701K (58%)
ptolemy.util.test.WatchDog.cancel(): canceling Sun Mar 03 03:40:27 UTC 2019
------------------ testing $PTII/ptolemy/domains/de/test/auto/ModalSource.xml
auto.tcl: Setting watchdog for 200 seconds at Sun Mar 03 03:40:27 UTC 2019
6 ms. Memory: 331264K Free: 316644K (96%)
ptolemy.util.test.WatchDog.cancel(): canceling Sun Mar 03 03:40:27 UTC 2019
auto.tcl: Setting watchdog for 200 seconds at Sun Mar 03 03:40:27 UTC 2019
5 ms. Memory: 331264K Free: 313346K (95%)
ptolemy.util.test.WatchDog.cancel(): canceling Sun Mar 03 03:40:27 UTC 2019
------------------ testing $PTII/ptolemy/domains/de/test/auto/NonInterruptibleTimerZeroDelay.xml
auto.tcl: Setting watchdog for 200 seconds at Sun Mar 03 03:40:27 UTC 2019
4 ms. Memory: 331264K Free: 320595K (97%)
ptolemy.util.test.WatchDog.cancel(): canceling Sun Mar 03 03:40:27 UTC 2019
auto.tcl: Setting watchdog for 200 seconds at Sun Mar 03 03:40:27 UTC 2019
2 ms. Memory: 331264K Free: 317296K (96%)
ptolemy.util.test.WatchDog.cancel(): canceling Sun Mar 03 03:40:27 UTC 2019
------------------ testing $PTII/ptolemy/domains/de/test/auto/OpenQueueingNetwork.xml
auto.tcl: Setting watchdog for 200 seconds at Sun Mar 03 03:40:27 UTC 2019
2767 ms. Memory: 573952K Free: 409090K (71%)
ptolemy.util.test.WatchDog.cancel(): canceling Sun Mar 03 03:40:30 UTC 2019
auto.tcl: Setting watchdog for 200 seconds at Sun Mar 03 03:40:30 UTC 2019
2301 ms. Memory: 574464K Free: 334140K (58%)
ptolemy.util.test.WatchDog.cancel(): canceling Sun Mar 03 03:40:32 UTC 2019
------------------ testing $PTII/ptolemy/domains/de/test/auto/OpenQueuingNetwork.xml
auto.tcl: Setting watchdog for 200 seconds at Sun Mar 03 03:40:32 UTC 2019
216 ms. Memory: 1064960K Free: 946125K (89%)
ptolemy.util.test.WatchDog.cancel(): canceling Sun Mar 03 03:40:33 UTC 2019
auto.tcl: Setting watchdog for 200 seconds at Sun Mar 03 03:40:33 UTC 2019
212 ms. Memory: 1064960K Free: 861360K (81%)
ptolemy.util.test.WatchDog.cancel(): canceling Sun Mar 03 03:40:33 UTC 2019
------------------ testing $PTII/ptolemy/domains/de/test/auto/PeriodicSampler.xml
auto.tcl: Setting watchdog for 200 seconds at Sun Mar 03 03:40:33 UTC 2019
2 ms. Memory: 1065472K Free: 1039259K (98%)
ptolemy.util.test.WatchDog.cancel(): canceling Sun Mar 03 03:40:33 UTC 2019
auto.tcl: Setting watchdog for 200 seconds at Sun Mar 03 03:40:33 UTC 2019
2 ms. Memory: 1065472K Free: 1039259K (98%)
ptolemy.util.test.WatchDog.cancel(): canceling Sun Mar 03 03:40:33 UTC 2019
------------------ testing $PTII/ptolemy/domains/de/test/auto/PersistentIO.xml
auto.tcl: Setting watchdog for 200 seconds at Sun Mar 03 03:40:33 UTC 2019
4 ms. Memory: 1065472K Free: 1039848K (98%)
ptolemy.util.test.WatchDog.cancel(): canceling Sun Mar 03 03:40:33 UTC 2019
auto.tcl: Setting watchdog for 200 seconds at Sun Mar 03 03:40:33 UTC 2019
3 ms. Memory: 1065472K Free: 1039848K (98%)
ptolemy.util.test.WatchDog.cancel(): canceling Sun Mar 03 03:40:33 UTC 2019
------------------ testing $PTII/ptolemy/domains/de/test/auto/PortParameterResetOnInitialize.xml
auto.tcl: Setting watchdog for 200 seconds at Sun Mar 03 03:40:33 UTC 2019
3 ms. Memory: 1065472K Free: 1029890K (97%)
ptolemy.util.test.WatchDog.cancel(): canceling Sun Mar 03 03:40:33 UTC 2019
auto.tcl: Setting watchdog for 200 seconds at Sun Mar 03 03:40:33 UTC 2019
2 ms. Memory: 1065472K Free: 1029890K (97%)
ptolemy.util.test.WatchDog.cancel(): canceling Sun Mar 03 03:40:33 UTC 2019
------------------ testing $PTII/ptolemy/domains/de/test/auto/PortParameterUpdates.xml
auto.tcl: Setting watchdog for 200 seconds at Sun Mar 03 03:40:33 UTC 2019
3 ms. Memory: 1065472K Free: 1028883K (97%)
ptolemy.util.test.WatchDog.cancel(): canceling Sun Mar 03 03:40:33 UTC 2019
auto.tcl: Setting watchdog for 200 seconds at Sun Mar 03 03:40:33 UTC 2019
3 ms. Memory: 1065472K Free: 1028883K (97%)
ptolemy.util.test.WatchDog.cancel(): canceling Sun Mar 03 03:40:33 UTC 2019
------------------ testing $PTII/ptolemy/domains/de/test/auto/QueueAndServer.xml
auto.tcl: Setting watchdog for 200 seconds at Sun Mar 03 03:40:33 UTC 2019
7 ms. Memory: 1065472K Free: 1038666K (97%)
ptolemy.util.test.WatchDog.cancel(): canceling Sun Mar 03 03:40:33 UTC 2019
auto.tcl: Setting watchdog for 200 seconds at Sun Mar 03 03:40:33 UTC 2019
6 ms. Memory: 1065472K Free: 1038666K (97%)
ptolemy.util.test.WatchDog.cancel(): canceling Sun Mar 03 03:40:33 UTC 2019
------------------ testing $PTII/ptolemy/domains/de/test/auto/Records.xml
auto.tcl: Setting watchdog for 200 seconds at Sun Mar 03 03:40:33 UTC 2019
12 ms. Memory: 1065472K Free: 1038607K (97%)
ptolemy.util.test.WatchDog.cancel(): canceling Sun Mar 03 03:40:33 UTC 2019
auto.tcl: Setting watchdog for 200 seconds at Sun Mar 03 03:40:33 UTC 2019
2 ms. Memory: 1065472K Free: 1038607K (97%)
ptolemy.util.test.WatchDog.cancel(): canceling Sun Mar 03 03:40:33 UTC 2019
------------------ testing $PTII/ptolemy/domains/de/test/auto/ResetTransitionWithStartTime1.xml
auto.tcl: Setting watchdog for 200 seconds at Sun Mar 03 03:40:33 UTC 2019
16 ms. Memory: 1065472K Free: 1038629K (97%)
ptolemy.util.test.WatchDog.cancel(): canceling Sun Mar 03 03:40:33 UTC 2019
auto.tcl: Setting watchdog for 200 seconds at Sun Mar 03 03:40:33 UTC 2019
6 ms. Memory: 1065472K Free: 1038629K (97%)
ptolemy.util.test.WatchDog.cancel(): canceling Sun Mar 03 03:40:33 UTC 2019
------------------ testing $PTII/ptolemy/domains/de/test/auto/ResetTransitionWithStartTime2.xml
auto.tcl: Setting watchdog for 200 seconds at Sun Mar 03 03:40:33 UTC 2019
11 ms. Memory: 1064448K Free: 1038736K (98%)
ptolemy.util.test.WatchDog.cancel(): canceling Sun Mar 03 03:40:33 UTC 2019
auto.tcl: Setting watchdog for 200 seconds at Sun Mar 03 03:40:33 UTC 2019
6 ms. Memory: 1064448K Free: 1038736K (98%)
ptolemy.util.test.WatchDog.cancel(): canceling Sun Mar 03 03:40:33 UTC 2019
------------------ testing $PTII/ptolemy/domains/de/test/auto/ResetTransitionWithStartTime3.xml
auto.tcl: Setting watchdog for 200 seconds at Sun Mar 03 03:40:34 UTC 2019
9 ms. Memory: 1064960K Free: 1038107K (97%)
ptolemy.util.test.WatchDog.cancel(): canceling Sun Mar 03 03:40:34 UTC 2019
auto.tcl: Setting watchdog for 200 seconds at Sun Mar 03 03:40:34 UTC 2019
5 ms. Memory: 1064960K Free: 1038107K (97%)
ptolemy.util.test.WatchDog.cancel(): canceling Sun Mar 03 03:40:34 UTC 2019
------------------ testing $PTII/ptolemy/domains/de/test/auto/ResetTransitionWithStartTime4.xml
auto.tcl: Setting watchdog for 200 seconds at Sun Mar 03 03:40:34 UTC 2019
4 ms. Memory: 1064960K Free: 1038106K (97%)
ptolemy.util.test.WatchDog.cancel(): canceling Sun Mar 03 03:40:34 UTC 2019
auto.tcl: Setting watchdog for 200 seconds at Sun Mar 03 03:40:34 UTC 2019
4 ms. Memory: 1064960K Free: 1038106K (97%)
ptolemy.util.test.WatchDog.cancel(): canceling Sun Mar 03 03:40:34 UTC 2019
------------------ testing $PTII/ptolemy/domains/de/test/auto/ResettableTimer1.xml
auto.tcl: Setting watchdog for 200 seconds at Sun Mar 03 03:40:34 UTC 2019
8 ms. Memory: 1064960K Free: 1038101K (97%)
ptolemy.util.test.WatchDog.cancel(): canceling Sun Mar 03 03:40:34 UTC 2019
auto.tcl: Setting watchdog for 200 seconds at Sun Mar 03 03:40:34 UTC 2019
3 ms. Memory: 1064960K Free: 1038101K (97%)
ptolemy.util.test.WatchDog.cancel(): canceling Sun Mar 03 03:40:34 UTC 2019
------------------ testing $PTII/ptolemy/domains/de/test/auto/ResettableTimer2.xml
auto.tcl: Setting watchdog for 200 seconds at Sun Mar 03 03:40:34 UTC 2019
3 ms. Memory: 1064960K Free: 1039298K (98%)
ptolemy.util.test.WatchDog.cancel(): canceling Sun Mar 03 03:40:34 UTC 2019
auto.tcl: Setting watchdog for 200 seconds at Sun Mar 03 03:40:34 UTC 2019
2 ms. Memory: 1064960K Free: 1039298K (98%)
ptolemy.util.test.WatchDog.cancel(): canceling Sun Mar 03 03:40:34 UTC 2019
------------------ testing $PTII/ptolemy/domains/de/test/auto/ResettableTimer3.xml
auto.tcl: Setting watchdog for 200 seconds at Sun Mar 03 03:40:34 UTC 2019
1 ms. Memory: 1064960K Free: 1038159K (97%)
ptolemy.util.test.WatchDog.cancel(): canceling Sun Mar 03 03:40:34 UTC 2019
auto.tcl: Setting watchdog for 200 seconds at Sun Mar 03 03:40:34 UTC 2019
2 ms. Memory: 1064960K Free: 1038159K (97%)
ptolemy.util.test.WatchDog.cancel(): canceling Sun Mar 03 03:40:34 UTC 2019
------------------ testing $PTII/ptolemy/domains/de/test/auto/ResettableTimer4.xml
auto.tcl: Setting watchdog for 200 seconds at Sun Mar 03 03:40:34 UTC 2019
1 ms. Memory: 1063936K Free: 1038287K (98%)
ptolemy.util.test.WatchDog.cancel(): canceling Sun Mar 03 03:40:34 UTC 2019
auto.tcl: Setting watchdog for 200 seconds at Sun Mar 03 03:40:34 UTC 2019
1 ms. Memory: 1063936K Free: 1038287K (98%)
ptolemy.util.test.WatchDog.cancel(): canceling Sun Mar 03 03:40:34 UTC 2019
------------------ testing $PTII/ptolemy/domains/de/test/auto/ResettableTimer5.xml
auto.tcl: Setting watchdog for 200 seconds at Sun Mar 03 03:40:34 UTC 2019
2 ms. Memory: 1064448K Free: 1038798K (98%)
ptolemy.util.test.WatchDog.cancel(): canceling Sun Mar 03 03:40:34 UTC 2019
auto.tcl: Setting watchdog for 200 seconds at Sun Mar 03 03:40:34 UTC 2019
2 ms. Memory: 1064448K Free: 1038798K (98%)
ptolemy.util.test.WatchDog.cancel(): canceling Sun Mar 03 03:40:34 UTC 2019
------------------ testing $PTII/ptolemy/domains/de/test/auto/ResettableTimer6.xml
auto.tcl: Setting watchdog for 200 seconds at Sun Mar 03 03:40:34 UTC 2019
1 ms. Memory: 1064448K Free: 1027787K (97%)
ptolemy.util.test.WatchDog.cancel(): canceling Sun Mar 03 03:40:34 UTC 2019
auto.tcl: Setting watchdog for 200 seconds at Sun Mar 03 03:40:34 UTC 2019
2 ms. Memory: 1064448K Free: 1027787K (97%)
ptolemy.util.test.WatchDog.cancel(): canceling Sun Mar 03 03:40:34 UTC 2019
------------------ testing $PTII/ptolemy/domains/de/test/auto/ServerZeroDelay.xml
auto.tcl: Setting watchdog for 200 seconds at Sun Mar 03 03:40:34 UTC 2019
3 ms. Memory: 1064448K Free: 1038738K (98%)
ptolemy.util.test.WatchDog.cancel(): canceling Sun Mar 03 03:40:34 UTC 2019
auto.tcl: Setting watchdog for 200 seconds at Sun Mar 03 03:40:34 UTC 2019
3 ms. Memory: 1064448K Free: 1038738K (98%)
ptolemy.util.test.WatchDog.cancel(): canceling Sun Mar 03 03:40:34 UTC 2019
------------------ testing $PTII/ptolemy/domains/de/test/auto/SmartSender.xml
auto.tcl: Setting watchdog for 200 seconds at Sun Mar 03 03:40:34 UTC 2019
3001 ms. Memory: 1064448K Free: 1028913K (97%)
ptolemy.util.test.WatchDog.cancel(): canceling Sun Mar 03 03:40:37 UTC 2019
auto.tcl: Setting watchdog for 200 seconds at Sun Mar 03 03:40:37 UTC 2019
3001 ms. Memory: 1064448K Free: 1028913K (97%)
ptolemy.util.test.WatchDog.cancel(): canceling Sun Mar 03 03:40:40 UTC 2019
------------------ testing $PTII/ptolemy/domains/de/test/auto/ThreadedComposite.xml
auto.tcl: Setting watchdog for 200 seconds at Sun Mar 03 03:40:40 UTC 2019
241 ms. Memory: 1064448K Free: 997285K (94%)
ptolemy.util.test.WatchDog.cancel(): canceling Sun Mar 03 03:40:41 UTC 2019
auto.tcl: Setting watchdog for 200 seconds at Sun Mar 03 03:40:41 UTC 2019
133 ms. Memory: 1064448K Free: 977644K (92%)
ptolemy.util.test.WatchDog.cancel(): canceling Sun Mar 03 03:40:41 UTC 2019
------------------ testing $PTII/ptolemy/domains/de/test/auto/Time.xml
auto.tcl: Setting watchdog for 200 seconds at Sun Mar 03 03:40:41 UTC 2019
480 ms. Memory: 1064448K Free: 988215K (93%)
ptolemy.util.test.WatchDog.cancel(): canceling Sun Mar 03 03:40:41 UTC 2019
auto.tcl: Setting watchdog for 200 seconds at Sun Mar 03 03:40:41 UTC 2019
463 ms. Memory: 1064448K Free: 933907K (88%)
ptolemy.util.test.WatchDog.cancel(): canceling Sun Mar 03 03:40:42 UTC 2019
------------------ testing $PTII/ptolemy/domains/de/test/auto/TimeDelayZeroDelay.xml
auto.tcl: Setting watchdog for 200 seconds at Sun Mar 03 03:40:42 UTC 2019
4 ms. Memory: 1064448K Free: 1037513K (97%)
ptolemy.util.test.WatchDog.cancel(): canceling Sun Mar 03 03:40:42 UTC 2019
auto.tcl: Setting watchdog for 200 seconds at Sun Mar 03 03:40:42 UTC 2019
2 ms. Memory: 1064448K Free: 1037513K (97%)
ptolemy.util.test.WatchDog.cancel(): canceling Sun Mar 03 03:40:42 UTC 2019
------------------ testing $PTII/ptolemy/domains/de/test/auto/TimerZeroDelay.xml
auto.tcl: Setting watchdog for 200 seconds at Sun Mar 03 03:40:42 UTC 2019
3 ms. Memory: 1063424K Free: 1036533K (97%)
ptolemy.util.test.WatchDog.cancel(): canceling Sun Mar 03 03:40:42 UTC 2019
auto.tcl: Setting watchdog for 200 seconds at Sun Mar 03 03:40:42 UTC 2019
1 ms. Memory: 1063424K Free: 1036533K (97%)
ptolemy.util.test.WatchDog.cancel(): canceling Sun Mar 03 03:40:42 UTC 2019
------------------ testing $PTII/ptolemy/domains/de/test/auto/TimingParadox.xml
auto.tcl: Setting watchdog for 200 seconds at Sun Mar 03 03:40:42 UTC 2019
343 ms. Memory: 1063936K Free: 974984K (92%)
ptolemy.util.test.WatchDog.cancel(): canceling Sun Mar 03 03:40:42 UTC 2019
auto.tcl: Setting watchdog for 200 seconds at Sun Mar 03 03:40:42 UTC 2019
327 ms. Memory: 1063936K Free: 942399K (89%)
ptolemy.util.test.WatchDog.cancel(): canceling Sun Mar 03 03:40:43 UTC 2019
------------------ testing $PTII/ptolemy/domains/de/test/auto/TransferInputs.xml
auto.tcl: Setting watchdog for 200 seconds at Sun Mar 03 03:40:43 UTC 2019
2 ms. Memory: 1063424K Free: 1036644K (97%)
ptolemy.util.test.WatchDog.cancel(): canceling Sun Mar 03 03:40:43 UTC 2019
auto.tcl: Setting watchdog for 200 seconds at Sun Mar 03 03:40:43 UTC 2019
1 ms. Memory: 1063424K Free: 1036644K (97%)
ptolemy.util.test.WatchDog.cancel(): canceling Sun Mar 03 03:40:43 UTC 2019
------------------ testing $PTII/ptolemy/domains/de/test/auto/TransferOutputs2.xml
auto.tcl: Setting watchdog for 200 seconds at Sun Mar 03 03:40:43 UTC 2019
3 ms. Memory: 1063936K Free: 1038257K (98%)
ptolemy.util.test.WatchDog.cancel(): canceling Sun Mar 03 03:40:43 UTC 2019
auto.tcl: Setting watchdog for 200 seconds at Sun Mar 03 03:40:43 UTC 2019
3 ms. Memory: 1063936K Free: 1038257K (98%)
ptolemy.util.test.WatchDog.cancel(): canceling Sun Mar 03 03:40:43 UTC 2019
------------------ testing $PTII/ptolemy/domains/de/test/auto/Trilateration.xml
auto.tcl: Setting watchdog for 200 seconds at Sun Mar 03 03:40:43 UTC 2019
14388 ms. Memory: 976384K Free: 909848K (93%)
ptolemy.util.test.WatchDog.cancel(): canceling Sun Mar 03 03:40:58 UTC 2019
auto.tcl: Setting watchdog for 200 seconds at Sun Mar 03 03:40:58 UTC 2019
11021 ms. Memory: 849408K Free: 740232K (87%)
ptolemy.util.test.WatchDog.cancel(): canceling Sun Mar 03 03:41:09 UTC 2019
------------------ testing $PTII/ptolemy/domains/de/test/auto/TwoSigmaDelta.xml
auto.tcl: Setting watchdog for 200 seconds at Sun Mar 03 03:41:09 UTC 2019
2693 ms. Memory: 853504K Free: 549031K (64%)
ptolemy.util.test.WatchDog.cancel(): canceling Sun Mar 03 03:41:12 UTC 2019
auto.tcl: Setting watchdog for 200 seconds at Sun Mar 03 03:41:12 UTC 2019
2045 ms. Memory: 853504K Free: 313834K (37%)
ptolemy.util.test.WatchDog.cancel(): canceling Sun Mar 03 03:41:14 UTC 2019
------------------ testing $PTII/ptolemy/domains/de/test/auto/VariableDelay.xml
auto.tcl: Setting watchdog for 200 seconds at Sun Mar 03 03:41:14 UTC 2019
2 ms. Memory: 849920K Free: 825542K (97%)
ptolemy.util.test.WatchDog.cancel(): canceling Sun Mar 03 03:41:14 UTC 2019
auto.tcl: Setting watchdog for 200 seconds at Sun Mar 03 03:41:14 UTC 2019
1 ms. Memory: 849920K Free: 825542K (97%)
ptolemy.util.test.WatchDog.cancel(): canceling Sun Mar 03 03:41:14 UTC 2019
------------------ testing $PTII/ptolemy/domains/de/test/auto/VariableDelay2.xml
auto.tcl: Setting watchdog for 200 seconds at Sun Mar 03 03:41:14 UTC 2019
2 ms. Memory: 849408K Free: 825547K (97%)
ptolemy.util.test.WatchDog.cancel(): canceling Sun Mar 03 03:41:14 UTC 2019
auto.tcl: Setting watchdog for 200 seconds at Sun Mar 03 03:41:14 UTC 2019
1 ms. Memory: 849408K Free: 825547K (97%)
ptolemy.util.test.WatchDog.cancel(): canceling Sun Mar 03 03:41:14 UTC 2019
------------------ testing $PTII/ptolemy/domains/de/test/auto/VariableDelayZeroDelay.xml
auto.tcl: Setting watchdog for 200 seconds at Sun Mar 03 03:41:14 UTC 2019
2 ms. Memory: 849408K Free: 825546K (97%)
ptolemy.util.test.WatchDog.cancel(): canceling Sun Mar 03 03:41:14 UTC 2019
auto.tcl: Setting watchdog for 200 seconds at Sun Mar 03 03:41:14 UTC 2019
2 ms. Memory: 849408K Free: 825546K (97%)
ptolemy.util.test.WatchDog.cancel(): canceling Sun Mar 03 03:41:14 UTC 2019
------------------ testing $PTII/ptolemy/domains/de/test/auto/VariableDelayZeroDelay2.xml
auto.tcl: Setting watchdog for 200 seconds at Sun Mar 03 03:41:14 UTC 2019
2 ms. Memory: 852992K Free: 821448K (96%)
ptolemy.util.test.WatchDog.cancel(): canceling Sun Mar 03 03:41:14 UTC 2019
auto.tcl: Setting watchdog for 200 seconds at Sun Mar 03 03:41:14 UTC 2019
2 ms. Memory: 852992K Free: 821448K (96%)
ptolemy.util.test.WatchDog.cancel(): canceling Sun Mar 03 03:41:14 UTC 2019
------------------ testing $PTII/ptolemy/domains/de/test/auto/deInCt.xml
auto.tcl: Setting watchdog for 200 seconds at Sun Mar 03 03:41:14 UTC 2019
0
1
1
1
1
0
0
0
0
1
1
1
0
0
0
0
1
1
1
0
0
0
1
1
1
0
0
0
1
1
1
0
0
0
1
1
1
0
0
0
1
1
1
1
7 ms. Memory: 849408K Free: 817758K (96%)
ptolemy.util.test.WatchDog.cancel(): canceling Sun Mar 03 03:41:14 UTC 2019
auto.tcl: Setting watchdog for 200 seconds at Sun Mar 03 03:41:14 UTC 2019
0
1
1
1
1
0
0
0
1
1
1
0
0
0
1
1
1
0
0
0
1
1
0
0
0
0
1
1
1
0
0
0
1
1
1
0
0
0
1
1
1
1
1
1
8 ms. Memory: 849408K Free: 817758K (96%)
ptolemy.util.test.WatchDog.cancel(): canceling Sun Mar 03 03:41:15 UTC 2019
------------------ testing $PTII/ptolemy/domains/de/test/auto/deInCt2.xml
auto.tcl: Setting watchdog for 200 seconds at Sun Mar 03 03:41:15 UTC 2019
0
1
1
1
0
0
1
1
1
0
0
1
1
1
0
0
1
1
1
0
0
1
1
1
0
0
1
1
1
0
0
1
1
1
0
0
1
1
1
0
0
0
9 ms. Memory: 852480K Free: 820829K (96%)
ptolemy.util.test.WatchDog.cancel(): canceling Sun Mar 03 03:41:15 UTC 2019
auto.tcl: Setting watchdog for 200 seconds at Sun Mar 03 03:41:15 UTC 2019
0
1
1
1
0
0
1
1
1
0
0
1
1
1
0
0
1
1
1
0
0
1
1
1
0
0
1
1
1
0
0
1
1
1
0
0
1
1
1
0
0
0
6 ms. Memory: 852480K Free: 820829K (96%)
ptolemy.util.test.WatchDog.cancel(): canceling Sun Mar 03 03:41:15 UTC 2019
------------------ testing $PTII/ptolemy/domains/de/test/auto/dynamicCausalityInterface1.xml
auto.tcl: Setting watchdog for 200 seconds at Sun Mar 03 03:41:15 UTC 2019
3 ms. Memory: 849408K Free: 825536K (97%)
ptolemy.util.test.WatchDog.cancel(): canceling Sun Mar 03 03:41:15 UTC 2019
auto.tcl: Setting watchdog for 200 seconds at Sun Mar 03 03:41:15 UTC 2019
0 ms. Memory: 849408K Free: 825536K (97%)
ptolemy.util.test.WatchDog.cancel(): canceling Sun Mar 03 03:41:15 UTC 2019
------------------ testing $PTII/ptolemy/domains/de/test/auto/fsm_de_test.xml
auto.tcl: Setting watchdog for 200 seconds at Sun Mar 03 03:41:15 UTC 2019
6 ms. Memory: 851968K Free: 820310K (96%)
ptolemy.util.test.WatchDog.cancel(): canceling Sun Mar 03 03:41:15 UTC 2019
auto.tcl: Setting watchdog for 200 seconds at Sun Mar 03 03:41:15 UTC 2019
5 ms. Memory: 851968K Free: 820310K (96%)
ptolemy.util.test.WatchDog.cancel(): canceling Sun Mar 03 03:41:15 UTC 2019
------------------ testing $PTII/ptolemy/domains/de/test/auto/functionDependencyReconstruction.xml
auto.tcl: Setting watchdog for 200 seconds at Sun Mar 03 03:41:15 UTC 2019
2 ms. Memory: 849408K Free: 806678K (95%)
ptolemy.util.test.WatchDog.cancel(): canceling Sun Mar 03 03:41:15 UTC 2019
auto.tcl: Setting watchdog for 200 seconds at Sun Mar 03 03:41:15 UTC 2019
2 ms. Memory: 849408K Free: 806678K (95%)
ptolemy.util.test.WatchDog.cancel(): canceling Sun Mar 03 03:41:15 UTC 2019
------------------ testing $PTII/ptolemy/domains/de/test/auto/multirate.xml
auto.tcl: Setting watchdog for 200 seconds at Sun Mar 03 03:41:15 UTC 2019
3 ms. Memory: 851456K Free: 819665K (96%)
ptolemy.util.test.WatchDog.cancel(): canceling Sun Mar 03 03:41:15 UTC 2019
auto.tcl: Setting watchdog for 200 seconds at Sun Mar 03 03:41:15 UTC 2019
8 ms. Memory: 851456K Free: 819665K (96%)
ptolemy.util.test.WatchDog.cancel(): canceling Sun Mar 03 03:41:15 UTC 2019
------------------ testing $PTII/ptolemy/domains/de/test/auto/multirate2.xml
auto.tcl: Setting watchdog for 200 seconds at Sun Mar 03 03:41:15 UTC 2019
7 ms. Memory: 849408K Free: 817805K (96%)
ptolemy.util.test.WatchDog.cancel(): canceling Sun Mar 03 03:41:15 UTC 2019
auto.tcl: Setting watchdog for 200 seconds at Sun Mar 03 03:41:15 UTC 2019
3 ms. Memory: 849408K Free: 817805K (96%)
ptolemy.util.test.WatchDog.cancel(): canceling Sun Mar 03 03:41:15 UTC 2019
------------------ testing $PTII/ptolemy/domains/de/test/auto/realtime.xml
auto.tcl: Setting watchdog for 200 seconds at Sun Mar 03 03:41:15 UTC 2019
10001 ms. Memory: 851456K Free: 819748K (96%)
ptolemy.util.test.WatchDog.cancel(): canceling Sun Mar 03 03:41:25 UTC 2019
auto.tcl: Setting watchdog for 200 seconds at Sun Mar 03 03:41:25 UTC 2019
10003 ms. Memory: 851456K Free: 819748K (96%)
ptolemy.util.test.WatchDog.cancel(): canceling Sun Mar 03 03:41:35 UTC 2019
------------------ testing $PTII/ptolemy/domains/de/test/auto/relationGroup.xml
auto.tcl: Setting watchdog for 200 seconds at Sun Mar 03 03:41:35 UTC 2019
1 ms. Memory: 849408K Free: 817830K (96%)
ptolemy.util.test.WatchDog.cancel(): canceling Sun Mar 03 03:41:35 UTC 2019
auto.tcl: Setting watchdog for 200 seconds at Sun Mar 03 03:41:35 UTC 2019
1 ms. Memory: 849408K Free: 817830K (96%)
ptolemy.util.test.WatchDog.cancel(): canceling Sun Mar 03 03:41:35 UTC 2019
------------------ testing $PTII/ptolemy/domains/de/test/auto/relationGroup2.xml
auto.tcl: Setting watchdog for 200 seconds at Sun Mar 03 03:41:35 UTC 2019
2 ms. Memory: 850944K Free: 819392K (96%)
ptolemy.util.test.WatchDog.cancel(): canceling Sun Mar 03 03:41:35 UTC 2019
auto.tcl: Setting watchdog for 200 seconds at Sun Mar 03 03:41:35 UTC 2019
1 ms. Memory: 850944K Free: 819392K (96%)
ptolemy.util.test.WatchDog.cancel(): canceling Sun Mar 03 03:41:35 UTC 2019
------------------ testing $PTII/ptolemy/domains/de/test/auto/sortWithOpaquePorts.xml
auto.tcl: Setting watchdog for 200 seconds at Sun Mar 03 03:41:35 UTC 2019
1 ms. Memory: 849408K Free: 817857K (96%)
ptolemy.util.test.WatchDog.cancel(): canceling Sun Mar 03 03:41:35 UTC 2019
auto.tcl: Setting watchdog for 200 seconds at Sun Mar 03 03:41:35 UTC 2019
1 ms. Memory: 849408K Free: 817857K (96%)
ptolemy.util.test.WatchDog.cancel(): canceling Sun Mar 03 03:41:35 UTC 2019
------------------ testing $PTII/ptolemy/domains/de/test/auto/transferInputsandOutputs.xml
auto.tcl: Setting watchdog for 200 seconds at Sun Mar 03 03:41:35 UTC 2019
2 ms. Memory: 850944K Free: 819380K (96%)
ptolemy.util.test.WatchDog.cancel(): canceling Sun Mar 03 03:41:35 UTC 2019
auto.tcl: Setting watchdog for 200 seconds at Sun Mar 03 03:41:35 UTC 2019
2 ms. Memory: 850944K Free: 819380K (96%)
ptolemy.util.test.WatchDog.cancel(): canceling Sun Mar 03 03:41:35 UTC 2019
------------------ testing $PTII/ptolemy/domains/de/test/auto/triggerType.xml
auto.tcl: Setting watchdog for 200 seconds at Sun Mar 03 03:41:35 UTC 2019
1 ms. Memory: 849408K Free: 817794K (96%)
ptolemy.util.test.WatchDog.cancel(): canceling Sun Mar 03 03:41:35 UTC 2019
auto.tcl: Setting watchdog for 200 seconds at Sun Mar 03 03:41:35 UTC 2019
1 ms. Memory: 849408K Free: 817794K (96%)
ptolemy.util.test.WatchDog.cancel(): canceling Sun Mar 03 03:41:35 UTC 2019
03/03/19 03:41:35
Failed: 0  Total Tests: 192  ((Passed: 187, Newly Passed: 1)  Known Failed: 5) /home/travis/build/icyphy/ptII/ptolemy/domains/de/test
03/03/19 03:41:35
Failed: 0  Total Tests: 192  ((Passed: 187, Newly Passed: 1)  Known Failed: 5) /home/travis/build/icyphy/ptII/ptolemy/domains/de/test
----------------- testing (KnownFailure) /home/travis/build/icyphy/ptII/ptolemy/domains/de/test/auto/knownFailedTests/DESDFClockTest.xml
2007 ms. Memory: 850432K Free: 803408K (94%)
Known Failure: java.lang.reflect.InvocationTargetException
----------------- testing (KnownFailure) /home/travis/build/icyphy/ptII/ptolemy/domains/de/test/auto/knownFailedTests/DirectFeedback.xml
1 ms. Memory: 850432K Free: 741968K (87%)
Known Failure: java.lang.reflect.InvocationTargetException
----------------- testing (KnownFailure) /home/travis/build/icyphy/ptII/ptolemy/domains/de/test/auto/knownFailedTests/FSMSource.xml
4 ms. Memory: 850432K Free: 680528K (80%)
----------------- testing (KnownFailure) /home/travis/build/icyphy/ptII/ptolemy/domains/de/test/auto/knownFailedTests/HierarchicalModel.xml
2 ms. Memory: 850432K Free: 634432K (75%)
Known Failure: java.lang.reflect.InvocationTargetException
----------------- testing (KnownFailure) /home/travis/build/icyphy/ptII/ptolemy/domains/de/test/auto/knownFailedTests/dependencyLoop.xml
5 ms. Memory: 850432K Free: 572991K (67%)
Known Failure: java.lang.reflect.InvocationTargetException
----------------- testing (KnownFailure) /home/travis/build/icyphy/ptII/ptolemy/domains/de/test/auto/knownFailedTests/dependencyLoop2.xml
3 ms. Memory: 850432K Free: 511551K (60%)
Known Failure: java.lang.reflect.InvocationTargetException
No auto/linux-amd64/*.xml tests in /home/travis/build/icyphy/ptII/ptolemy/domains/de/test
AutoTests.java: About to close Vertx.
AutoTests.java: Vertx closed.

===========================================================================================
----------------- testing Sun Mar 03 03:41:38 UTC 2019 /home/travis/build/icyphy/ptII/ptolemy/domains/de/test/auto/ActorDepthCalculation_actorWithoutPorts.xml
----------------- Instantiating /home/travis/build/icyphy/ptII/ptolemy/domains/de/test/auto/ActorDepthCalculation_actorWithoutPorts.xml
1 ms. Memory: 850432K Free: 434751K (51%)
----------------- Invoking toplevel() on ptolemy.moml.MoMLSimpleApplication@2a942525
----------------- Done invoking toplevel() on ptolemy.moml.MoMLSimpleApplication@2a942525
reloadAllAccessors: .ActorDepthCalculation_actorWithoutPorts

===========================================================================================
----------------- testing Sun Mar 03 03:41:38 UTC 2019 /home/travis/build/icyphy/ptII/ptolemy/domains/de/test/auto/AssemblyLine.xml
----------------- Instantiating /home/travis/build/icyphy/ptII/ptolemy/domains/de/test/auto/AssemblyLine.xml
2 ms. Memory: 850432K Free: 404031K (48%)
----------------- Invoking toplevel() on ptolemy.moml.MoMLSimpleApplication@31b869db
----------------- Done invoking toplevel() on ptolemy.moml.MoMLSimpleApplication@31b869db
reloadAllAccessors: .AssemblyLine

===========================================================================================
----------------- testing Sun Mar 03 03:41:38 UTC 2019 /home/travis/build/icyphy/ptII/ptolemy/domains/de/test/auto/CQBug1.xml
----------------- Instantiating /home/travis/build/icyphy/ptII/ptolemy/domains/de/test/auto/CQBug1.xml
1 ms. Memory: 850432K Free: 373311K (44%)
----------------- Invoking toplevel() on ptolemy.moml.MoMLSimpleApplication@2663f5e1
----------------- Done invoking toplevel() on ptolemy.moml.MoMLSimpleApplication@2663f5e1
reloadAllAccessors: .CQBug1

===========================================================================================
----------------- testing Sun Mar 03 03:41:38 UTC 2019 /home/travis/build/icyphy/ptII/ptolemy/domains/de/test/auto/CancelFireAt.xml
----------------- Instantiating /home/travis/build/icyphy/ptII/ptolemy/domains/de/test/auto/CancelFireAt.xml
1 ms. Memory: 850432K Free: 342591K (40%)
----------------- Invoking toplevel() on ptolemy.moml.MoMLSimpleApplication@33501f36
----------------- Done invoking toplevel() on ptolemy.moml.MoMLSimpleApplication@33501f36
reloadAllAccessors: .CancelFireAt

===========================================================================================
----------------- testing Sun Mar 03 03:41:38 UTC 2019 /home/travis/build/icyphy/ptII/ptolemy/domains/de/test/auto/CausalityAndComposabilityAnalysis.xml
----------------- Instantiating /home/travis/build/icyphy/ptII/ptolemy/domains/de/test/auto/CausalityAndComposabilityAnalysis.xml
2 ms. Memory: 850432K Free: 311870K (37%)
----------------- Invoking toplevel() on ptolemy.moml.MoMLSimpleApplication@60c5628d
----------------- Done invoking toplevel() on ptolemy.moml.MoMLSimpleApplication@60c5628d
reloadAllAccessors: .CausalityAndComposabilityAnalysis

===========================================================================================
----------------- testing Sun Mar 03 03:41:38 UTC 2019 /home/travis/build/icyphy/ptII/ptolemy/domains/de/test/auto/CausalityInterface1.xml
----------------- Instantiating /home/travis/build/icyphy/ptII/ptolemy/domains/de/test/auto/CausalityInterface1.xml
3 ms. Memory: 850432K Free: 281150K (33%)
----------------- Invoking toplevel() on ptolemy.moml.MoMLSimpleApplication@5811e32f
----------------- Done invoking toplevel() on ptolemy.moml.MoMLSimpleApplication@5811e32f
reloadAllAccessors: .CausalityInterface1

===========================================================================================
----------------- testing Sun Mar 03 03:41:38 UTC 2019 /home/travis/build/icyphy/ptII/ptolemy/domains/de/test/auto/CausalityInterface15.xml
----------------- Instantiating /home/travis/build/icyphy/ptII/ptolemy/domains/de/test/auto/CausalityInterface15.xml
2 ms. Memory: 850432K Free: 250430K (29%)
----------------- Invoking toplevel() on ptolemy.moml.MoMLSimpleApplication@5c23ff75
[...]
java.lang.RuntimeException: Execution failed
	at ptolemy.moml.MoMLSimpleApplication$UnloadThread.run(MoMLSimpleApplication.java:402)
Caused by: ptolemy.kernel.util.IllegalActionException: Test fails in iteration 1.
Value was: 1.0. Should have been: 2.0
  in .DirectFeedback.Test
	at ptolemy.actor.lib.Test.fire(Test.java:268)
	at ptolemy.domains.de.kernel.DEDirector._fire(DEDirector.java:1949)
	at ptolemy.domains.de.kernel.DEDirector.fire(DEDirector.java:502)
	at ptolemy.actor.CompositeActor.fire(CompositeActor.java:455)
	at ptolemy.actor.Manager.iterate(Manager.java:851)
	at ptolemy.actor.Manager.execute(Manager.java:369)
	at ptolemy.actor.Manager.run(Manager.java:1263)
	at ptolemy.actor.Manager$PtolemyRunThread.run(Manager.java:1915)
java.lang.RuntimeException: Execution failed
	at ptolemy.moml.MoMLSimpleApplication$UnloadThread.run(MoMLSimpleApplication.java:402)
Caused by: ptolemy.kernel.util.IllegalActionException: Actor is not ready to fire.  Perhaps UpSample.prefire() returned false? Try debugging the actor by selecting "Listen to Actor".  Also, for SDF check moml for tokenConsumptionRate on input.
  in .DESDFClockTest.Play Bell.Copy1:SDF Director and .DESDFClockTest.Play Bell.UpSample
	at ptolemy.actor.sched.StaticSchedulingDirector.fire(StaticSchedulingDirector.java:227)
	at ptolemy.domains.sdf.kernel.SDFDirector.fire(SDFDirector.java:500)
	at ptolemy.actor.CompositeActor.fire(CompositeActor.java:455)
	at ptolemy.domains.de.kernel.DEDirector._fire(DEDirector.java:1949)
	at ptolemy.domains.de.kernel.DEDirector.fire(DEDirector.java:502)
	at ptolemy.actor.CompositeActor.fire(CompositeActor.java:455)
	at ptolemy.actor.Manager.iterate(Manager.java:851)
	at ptolemy.actor.Manager.execute(Manager.java:369)
	at ptolemy.actor.Manager.run(Manager.java:1263)
	at ptolemy.actor.Manager$PtolemyRunThread.run(Manager.java:1915)
java.lang.reflect.InvocationTargetException
	at sun.reflect.NativeConstructorAccessorImpl.newInstance0(Native Method)
	at sun.reflect.NativeConstructorAccessorImpl.newInstance(NativeConstructorAccessorImpl.java:62)
	at sun.reflect.DelegatingConstructorAccessorImpl.newInstance(DelegatingConstructorAccessorImpl.java:45)
	at java.lang.reflect.Constructor.newInstance(Constructor.java:423)
	at ptolemy.util.test.junit.AutoKnownFailedTests.RunModel(AutoKnownFailedTests.java:105)
	at sun.reflect.NativeMethodAccessorImpl.invoke0(Native Method)
	at sun.reflect.NativeMethodAccessorImpl.invoke(NativeMethodAccessorImpl.java:62)
	at sun.reflect.DelegatingMethodAccessorImpl.invoke(DelegatingMethodAccessorImpl.java:43)
	at java.lang.reflect.Method.invoke(Method.java:498)
	at org.junit.runners.model.FrameworkMethod$1.runReflectiveCall(FrameworkMethod.java:44)
	at org.junit.internal.runners.model.ReflectiveCallable.run(ReflectiveCallable.java:15)
	at org.junit.runners.model.FrameworkMethod.invokeExplosively(FrameworkMethod.java:41)
	at junitparams.internal.InvokeParameterisedMethod.evaluate(InvokeParameterisedMethod.java:102)
	at org.junit.internal.runners.statements.FailOnTimeout$1.run(FailOnTimeout.java:28)
Caused by: ptolemy.kernel.util.IllegalActionException: Actor is not ready to fire.  Perhaps UpSample.prefire() returned false? Try debugging the actor by selecting "Listen to Actor".  Also, for SDF check moml for tokenConsumptionRate on input.
  in .DESDFClockTest.Play Bell.Copy1:SDF Director and .DESDFClockTest.Play Bell.UpSample
	at ptolemy.actor.sched.StaticSchedulingDirector.fire(StaticSchedulingDirector.java:227)
	at ptolemy.domains.sdf.kernel.SDFDirector.fire(SDFDirector.java:500)
	at ptolemy.actor.CompositeActor.fire(CompositeActor.java:455)
	at ptolemy.domains.de.kernel.DEDirector._fire(DEDirector.java:1949)
	at ptolemy.domains.de.kernel.DEDirector.fire(DEDirector.java:502)
	at ptolemy.actor.CompositeActor.fire(CompositeActor.java:455)
	at ptolemy.actor.Manager.iterate(Manager.java:851)
	at ptolemy.actor.Manager.execute(Manager.java:369)
	at ptolemy.actor.Manager.run(Manager.java:1263)
	at ptolemy.actor.Manager$PtolemyRunThread.run(Manager.java:1915)
java.lang.RuntimeException: Execution failed
	at ptolemy.moml.MoMLSimpleApplication$UnloadThread.run(MoMLSimpleApplication.java:402)
Caused by: ptolemy.kernel.util.IllegalActionException: Test fails in iteration 1.
Value was: 1.0. Should have been: 2.0
  in .DirectFeedback.Test
	at ptolemy.actor.lib.Test.fire(Test.java:268)
	at ptolemy.domains.de.kernel.DEDirector._fire(DEDirector.java:1949)
	at ptolemy.domains.de.kernel.DEDirector.fire(DEDirector.java:502)
	at ptolemy.actor.CompositeActor.fire(CompositeActor.java:455)
	at ptolemy.actor.Manager.iterate(Manager.java:851)
	at ptolemy.actor.Manager.execute(Manager.java:369)
	at ptolemy.actor.Manager.run(Manager.java:1263)
	at ptolemy.actor.Manager$PtolemyRunThread.run(Manager.java:1915)
java.lang.reflect.InvocationTargetException
	at sun.reflect.NativeConstructorAccessorImpl.newInstance0(Native Method)
	at sun.reflect.NativeConstructorAccessorImpl.newInstance(NativeConstructorAccessorImpl.java:62)
	at sun.reflect.DelegatingConstructorAccessorImpl.newInstance(DelegatingConstructorAccessorImpl.java:45)
	at java.lang.reflect.Constructor.newInstance(Constructor.java:423)
	at ptolemy.util.test.junit.AutoKnownFailedTests.RunModel(AutoKnownFailedTests.java:105)
	at sun.reflect.NativeMethodAccessorImpl.invoke0(Native Method)
	at sun.reflect.NativeMethodAccessorImpl.invoke(NativeMethodAccessorImpl.java:62)
	at sun.reflect.DelegatingMethodAccessorImpl.invoke(DelegatingMethodAccessorImpl.java:43)
	at java.lang.reflect.Method.invoke(Method.java:498)
	at org.junit.runners.model.FrameworkMethod$1.runReflectiveCall(FrameworkMethod.java:44)
	at org.junit.internal.runners.model.ReflectiveCallable.run(ReflectiveCallable.java:15)
	at org.junit.runners.model.FrameworkMethod.invokeExplosively(FrameworkMethod.java:41)
	at junitparams.internal.InvokeParameterisedMethod.evaluate(InvokeParameterisedMethod.java:102)
	at org.junit.internal.runners.statements.FailOnTimeout$1.run(FailOnTimeout.java:28)
Caused by: ptolemy.kernel.util.IllegalActionException: Test fails in iteration 1.
Value was: 1.0. Should have been: 2.0
  in .DirectFeedback.Test
	at ptolemy.actor.lib.Test.fire(Test.java:268)
	at ptolemy.domains.de.kernel.DEDirector._fire(DEDirector.java:1949)
	at ptolemy.domains.de.kernel.DEDirector.fire(DEDirector.java:502)
	at ptolemy.actor.CompositeActor.fire(CompositeActor.java:455)
	at ptolemy.actor.Manager.iterate(Manager.java:851)
	at ptolemy.actor.Manager.execute(Manager.java:369)
	at ptolemy.actor.Manager.run(Manager.java:1263)
	at ptolemy.actor.Manager$PtolemyRunThread.run(Manager.java:1915)
java.lang.RuntimeException: Execution failed
	at ptolemy.moml.MoMLSimpleApplication$UnloadThread.run(MoMLSimpleApplication.java:402)
Caused by: ptolemy.kernel.util.IllegalActionException: Found a zero delay loop containing .HierarchicalModel.A
  in .HierarchicalModel and .HierarchicalModel.A
	at ptolemy.actor.util.CausalityInterfaceForComposites._computeOutputPortDepth(CausalityInterfaceForComposites.java:759)
	at ptolemy.actor.util.CausalityInterfaceForComposites._computeInputDepth(CausalityInterfaceForComposites.java:696)
	at ptolemy.actor.util.CausalityInterfaceForComposites._computeOutputPortDepth(CausalityInterfaceForComposites.java:765)
	at ptolemy.actor.util.CausalityInterfaceForComposites._computeInputDepth(CausalityInterfaceForComposites.java:696)
	at ptolemy.actor.util.CausalityInterfaceForComposites._computeOutputPortDepth(CausalityInterfaceForComposites.java:765)
	at ptolemy.actor.util.CausalityInterfaceForComposites._computeInputDepth(CausalityInterfaceForComposites.java:696)
	at ptolemy.actor.util.CausalityInterfaceForComposites._computeActorDepth(CausalityInterfaceForComposites.java:532)
	at ptolemy.actor.util.CausalityInterfaceForComposites.checkForCycles(CausalityInterfaceForComposites.java:96)
	at ptolemy.domains.de.kernel.DEDirector.preinitialize(DEDirector.java:1338)
	at ptolemy.actor.CompositeActor.preinitialize(CompositeActor.java:1828)
	at ptolemy.actor.Manager.preinitializeAndResolveTypes(Manager.java:1040)
	at ptolemy.actor.Manager.initialize(Manager.java:710)
	at ptolemy.actor.Manager.execute(Manager.java:356)
	at ptolemy.actor.Manager.run(Manager.java:1263)
	at ptolemy.actor.Manager$PtolemyRunThread.run(Manager.java:1915)
java.lang.reflect.InvocationTargetException
	at sun.reflect.NativeConstructorAccessorImpl.newInstance0(Native Method)
	at sun.reflect.NativeConstructorAccessorImpl.newInstance(NativeConstructorAccessorImpl.java:62)
	at sun.reflect.DelegatingConstructorAccessorImpl.newInstance(DelegatingConstructorAccessorImpl.java:45)
	at java.lang.reflect.Constructor.newInstance(Constructor.java:423)
	at ptolemy.util.test.junit.AutoKnownFailedTests.RunModel(AutoKnownFailedTests.java:105)
	at sun.reflect.NativeMethodAccessorImpl.invoke0(Native Method)
	at sun.reflect.NativeMethodAccessorImpl.invoke(NativeMethodAccessorImpl.java:62)
	at sun.reflect.DelegatingMethodAccessorImpl.invoke(DelegatingMethodAccessorImpl.java:43)
	at java.lang.reflect.Method.invoke(Method.java:498)
	at org.junit.runners.model.FrameworkMethod$1.runReflectiveCall(FrameworkMethod.java:44)
	at org.junit.internal.runners.model.ReflectiveCallable.run(ReflectiveCallable.java:15)
	at org.junit.runners.model.FrameworkMethod.invokeExplosively(FrameworkMethod.java:41)
	at junitparams.internal.InvokeParameterisedMethod.evaluate(InvokeParameterisedMethod.java:102)
	at org.junit.internal.runners.statements.FailOnTimeout$1.run(FailOnTimeout.java:28)
Caused by: ptolemy.kernel.util.IllegalActionException: Found a zero delay loop containing .HierarchicalModel.A
  in .HierarchicalModel and .HierarchicalModel.A
	at ptolemy.actor.util.CausalityInterfaceForComposites._computeOutputPortDepth(CausalityInterfaceForComposites.java:759)
	at ptolemy.actor.util.CausalityInterfaceForComposites._computeInputDepth(CausalityInterfaceForComposites.java:696)
	at ptolemy.actor.util.CausalityInterfaceForComposites._computeOutputPortDepth(CausalityInterfaceForComposites.java:765)
	at ptolemy.actor.util.CausalityInterfaceForComposites._computeInputDepth(CausalityInterfaceForComposites.java:696)
	at ptolemy.actor.util.CausalityInterfaceForComposites._computeOutputPortDepth(CausalityInterfaceForComposites.java:765)
	at ptolemy.actor.util.CausalityInterfaceForComposites._computeInputDepth(CausalityInterfaceForComposites.java:696)
	at ptolemy.actor.util.CausalityInterfaceForComposites._computeActorDepth(CausalityInterfaceForComposites.java:532)
	at ptolemy.actor.util.CausalityInterfaceForComposites.checkForCycles(CausalityInterfaceForComposites.java:96)
	at ptolemy.domains.de.kernel.DEDirector.preinitialize(DEDirector.java:1338)
	at ptolemy.actor.CompositeActor.preinitialize(CompositeActor.java:1828)
	at ptolemy.actor.Manager.preinitializeAndResolveTypes(Manager.java:1040)
	at ptolemy.actor.Manager.initialize(Manager.java:710)
	at ptolemy.actor.Manager.execute(Manager.java:356)
	at ptolemy.actor.Manager.run(Manager.java:1263)
	at ptolemy.actor.Manager$PtolemyRunThread.run(Manager.java:1915)
java.lang.RuntimeException: Execution failed
	at ptolemy.moml.MoMLSimpleApplication$UnloadThread.run(MoMLSimpleApplication.java:402)
Caused by: ptolemy.kernel.util.IllegalActionException: Found a zero delay loop containing .dependencyLoop.original
  in .dependencyLoop and .dependencyLoop.original
	at ptolemy.actor.util.CausalityInterfaceForComposites._computeOutputPortDepth(CausalityInterfaceForComposites.java:759)
	at ptolemy.actor.util.CausalityInterfaceForComposites._computeInputDepth(CausalityInterfaceForComposites.java:696)
	at ptolemy.actor.util.CausalityInterfaceForComposites._computeOutputPortDepth(CausalityInterfaceForComposites.java:765)
	at ptolemy.actor.util.CausalityInterfaceForComposites._computeInputDepth(CausalityInterfaceForComposites.java:696)
	at ptolemy.actor.util.CausalityInterfaceForComposites._computeOutputPortDepth(CausalityInterfaceForComposites.java:765)
	at ptolemy.actor.util.CausalityInterfaceForComposites._computeInputDepth(CausalityInterfaceForComposites.java:696)
	at ptolemy.actor.util.CausalityInterfaceForComposites._computeActorDepth(CausalityInterfaceForComposites.java:532)
	at ptolemy.actor.util.CausalityInterfaceForComposites.checkForCycles(CausalityInterfaceForComposites.java:96)
	at ptolemy.domains.de.kernel.DEDirector.preinitialize(DEDirector.java:1338)
	at ptolemy.actor.CompositeActor.preinitialize(CompositeActor.java:1828)
	at ptolemy.actor.Manager.preinitializeAndResolveTypes(Manager.java:1040)
	at ptolemy.actor.Manager.initialize(Manager.java:710)
	at ptolemy.actor.Manager.execute(Manager.java:356)
	at ptolemy.actor.Manager.run(Manager.java:1263)
	at ptolemy.actor.Manager$PtolemyRunThread.run(Manager.java:1915)
java.lang.reflect.InvocationTargetException
	at sun.reflect.NativeConstructorAccessorImpl.newInstance0(Native Method)
	at sun.reflect.NativeConstructorAccessorImpl.newInstance(NativeConstructorAccessorImpl.java:62)
	at sun.reflect.DelegatingConstructorAccessorImpl.newInstance(DelegatingConstructorAccessorImpl.java:45)
	at java.lang.reflect.Constructor.newInstance(Constructor.java:423)
	at ptolemy.util.test.junit.AutoKnownFailedTests.RunModel(AutoKnownFailedTests.java:105)
	at sun.reflect.NativeMethodAccessorImpl.invoke0(Native Method)
	at sun.reflect.NativeMethodAccessorImpl.invoke(NativeMethodAccessorImpl.java:62)
	at sun.reflect.DelegatingMethodAccessorImpl.invoke(DelegatingMethodAccessorImpl.java:43)
	at java.lang.reflect.Method.invoke(Method.java:498)
	at org.junit.runners.model.FrameworkMethod$1.runReflectiveCall(FrameworkMethod.java:44)
	at org.junit.internal.runners.model.ReflectiveCallable.run(ReflectiveCallable.java:15)
	at org.junit.runners.model.FrameworkMethod.invokeExplosively(FrameworkMethod.java:41)
	at junitparams.internal.InvokeParameterisedMethod.evaluate(InvokeParameterisedMethod.java:102)
	at org.junit.internal.runners.statements.FailOnTimeout$1.run(FailOnTimeout.java:28)
Caused by: ptolemy.kernel.util.IllegalActionException: Found a zero delay loop containing .dependencyLoop.original
  in .dependencyLoop and .dependencyLoop.original
	at ptolemy.actor.util.CausalityInterfaceForComposites._computeOutputPortDepth(CausalityInterfaceForComposites.java:759)
	at ptolemy.actor.util.CausalityInterfaceForComposites._computeInputDepth(CausalityInterfaceForComposites.java:696)
	at ptolemy.actor.util.CausalityInterfaceForComposites._computeOutputPortDepth(CausalityInterfaceForComposites.java:765)
	at ptolemy.actor.util.CausalityInterfaceForComposites._computeInputDepth(CausalityInterfaceForComposites.java:696)
	at ptolemy.actor.util.CausalityInterfaceForComposites._computeOutputPortDepth(CausalityInterfaceForComposites.java:765)
	at ptolemy.actor.util.CausalityInterfaceForComposites._computeInputDepth(CausalityInterfaceForComposites.java:696)
	at ptolemy.actor.util.CausalityInterfaceForComposites._computeActorDepth(CausalityInterfaceForComposites.java:532)
	at ptolemy.actor.util.CausalityInterfaceForComposites.checkForCycles(CausalityInterfaceForComposites.java:96)
	at ptolemy.domains.de.kernel.DEDirector.preinitialize(DEDirector.java:1338)
	at ptolemy.actor.CompositeActor.preinitialize(CompositeActor.java:1828)
	at ptolemy.actor.Manager.preinitializeAndResolveTypes(Manager.java:1040)
	at ptolemy.actor.Manager.initialize(Manager.java:710)
	at ptolemy.actor.Manager.execute(Manager.java:356)
	at ptolemy.actor.Manager.run(Manager.java:1263)
	at ptolemy.actor.Manager$PtolemyRunThread.run(Manager.java:1915)
java.lang.RuntimeException: Execution failed
	at ptolemy.moml.MoMLSimpleApplication$UnloadThread.run(MoMLSimpleApplication.java:402)
Caused by: ptolemy.kernel.util.IllegalActionException: Found a zero delay loop containing .dependencyLoop2.original
  in .dependencyLoop2 and .dependencyLoop2.original
	at ptolemy.actor.util.CausalityInterfaceForComposites._computeOutputPortDepth(CausalityInterfaceForComposites.java:759)
	at ptolemy.actor.util.CausalityInterfaceForComposites._computeInputDepth(CausalityInterfaceForComposites.java:696)
	at ptolemy.actor.util.CausalityInterfaceForComposites._computeOutputPortDepth(CausalityInterfaceForComposites.java:765)
	at ptolemy.actor.util.CausalityInterfaceForComposites._computeInputDepth(CausalityInterfaceForComposites.java:696)
	at ptolemy.actor.util.CausalityInterfaceForComposites._computeOutputPortDepth(CausalityInterfaceForComposites.java:765)
	at ptolemy.actor.util.CausalityInterfaceForComposites._computeInputDepth(CausalityInterfaceForComposites.java:696)
	at ptolemy.actor.util.CausalityInterfaceForComposites._computeActorDepth(CausalityInterfaceForComposites.java:532)
	at ptolemy.actor.util.CausalityInterfaceForComposites.checkForCycles(CausalityInterfaceForComposites.java:96)
	at ptolemy.domains.de.kernel.DEDirector.preinitialize(DEDirector.java:1338)
	at ptolemy.actor.CompositeActor.preinitialize(CompositeActor.java:1828)
	at ptolemy.actor.Manager.preinitializeAndResolveTypes(Manager.java:1040)
	at ptolemy.actor.Manager.initialize(Manager.java:710)
	at ptolemy.actor.Manager.execute(Manager.java:356)
	at ptolemy.actor.Manager.run(Manager.java:1263)
	at ptolemy.actor.Manager$PtolemyRunThread.run(Manager.java:1915)
java.lang.reflect.InvocationTargetException
	at sun.reflect.NativeConstructorAccessorImpl.newInstance0(Native Method)
	at sun.reflect.NativeConstructorAccessorImpl.newInstance(NativeConstructorAccessorImpl.java:62)
	at sun.reflect.DelegatingConstructorAccessorImpl.newInstance(DelegatingConstructorAccessorImpl.java:45)
	at java.lang.reflect.Constructor.newInstance(Constructor.java:423)
	at ptolemy.util.test.junit.AutoKnownFailedTests.RunModel(AutoKnownFailedTests.java:105)
	at sun.reflect.NativeMethodAccessorImpl.invoke0(Native Method)
	at sun.reflect.NativeMethodAccessorImpl.invoke(NativeMethodAccessorImpl.java:62)
	at sun.reflect.DelegatingMethodAccessorImpl.invoke(DelegatingMethodAccessorImpl.java:43)
	at java.lang.reflect.Method.invoke(Method.java:498)
	at org.junit.runners.model.FrameworkMethod$1.runReflectiveCall(FrameworkMethod.java:44)
	at org.junit.internal.runners.model.ReflectiveCallable.run(ReflectiveCallable.java:15)
	at org.junit.runners.model.FrameworkMethod.invokeExplosively(FrameworkMethod.java:41)
	at junitparams.internal.InvokeParameterisedMethod.evaluate(InvokeParameterisedMethod.java:102)
	at org.junit.internal.runners.statements.FailOnTimeout$1.run(FailOnTimeout.java:28)
Caused by: ptolemy.kernel.util.IllegalActionException: Found a zero delay loop containing .dependencyLoop2.original
  in .dependencyLoop2 and .dependencyLoop2.original
	at ptolemy.actor.util.CausalityInterfaceForComposites._computeOutputPortDepth(CausalityInterfaceForComposites.java:759)
	at ptolemy.actor.util.CausalityInterfaceForComposites._computeInputDepth(CausalityInterfaceForComposites.java:696)
	at ptolemy.actor.util.CausalityInterfaceForComposites._computeOutputPortDepth(CausalityInterfaceForComposites.java:765)
	at ptolemy.actor.util.CausalityInterfaceForComposites._computeInputDepth(CausalityInterfaceForComposites.java:696)
	at ptolemy.actor.util.CausalityInterfaceForComposites._computeOutputPortDepth(CausalityInterfaceForComposites.java:765)
	at ptolemy.actor.util.CausalityInterfaceForComposites._computeInputDepth(CausalityInterfaceForComposites.java:696)
	at ptolemy.actor.util.CausalityInterfaceForComposites._computeActorDepth(CausalityInterfaceForComposites.java:532)
	at ptolemy.actor.util.CausalityInterfaceForComposites.checkForCycles(CausalityInterfaceForComposites.java:96)
	at ptolemy.domains.de.kernel.DEDirector.preinitialize(DEDirector.java:1338)
	at ptolemy.actor.CompositeActor.preinitialize(CompositeActor.java:1828)
	at ptolemy.actor.Manager.preinitializeAndResolveTypes(Manager.java:1040)
	at ptolemy.actor.Manager.initialize(Manager.java:710)
	at ptolemy.actor.Manager.execute(Manager.java:356)
	at ptolemy.actor.Manager.run(Manager.java:1263)
	at ptolemy.actor.Manager$PtolemyRunThread.run(Manager.java:1915)
]]></system-err>
</testsuite>
