<?xml version="1.0" encoding="UTF-8" ?>
<testsuite errors="0" failures="0" hostname="travis-job-d0b909a9-c01e-4662-80f4-bcbde83e21b7" name="ptolemy.domains.de.test.junit.JUnitTclTest" skipped="0" tests="101" time="128.704" timestamp="2019-06-11T04:32:04">
  <properties>
[...]
</properties>
  <testcase classname="ptolemy.util.test.junit.TclTests" name="[0] /home/travis/build/icyphy/ptII/ptolemy/domains/de/test/DependencyLoop.tcl (RunTclFile)" time="0.776" />
  <testcase classname="ptolemy.util.test.junit.TclTests" name="[1] /home/travis/build/icyphy/ptII/ptolemy/domains/de/test/RunDETestsAsQSS.tcl (RunTclFile)" time="88.091" />
  <testcase classname="ptolemy.util.test.junit.AutoKnownFailedTests" name="[0] /home/travis/build/icyphy/ptII/ptolemy/domains/de/test/auto/knownFailedTests/DESDFClockTest.xml (RunModel)" time="2.038" />
  <testcase classname="ptolemy.util.test.junit.AutoKnownFailedTests" name="[1] /home/travis/build/icyphy/ptII/ptolemy/domains/de/test/auto/knownFailedTests/DirectFeedback.xml (RunModel)" time="0.014" />
  <testcase classname="ptolemy.util.test.junit.AutoKnownFailedTests" name="[2] /home/travis/build/icyphy/ptII/ptolemy/domains/de/test/auto/knownFailedTests/FSMSource.xml (RunModel)" time="0.027" />
  <testcase classname="ptolemy.util.test.junit.AutoKnownFailedTests" name="[3] /home/travis/build/icyphy/ptII/ptolemy/domains/de/test/auto/knownFailedTests/HierarchicalModel.xml (RunModel)" time="0.045" />
  <testcase classname="ptolemy.util.test.junit.AutoKnownFailedTests" name="[4] /home/travis/build/icyphy/ptII/ptolemy/domains/de/test/auto/knownFailedTests/dependencyLoop.xml (RunModel)" time="0.041" />
  <testcase classname="ptolemy.util.test.junit.AutoKnownFailedTests" name="[5] /home/travis/build/icyphy/ptII/ptolemy/domains/de/test/auto/knownFailedTests/dependencyLoop2.xml (RunModel)" time="0.044" />
  <testcase classname="ptolemy.util.test.junit.AutoNameArchTests" name="[0] ThereAreNoAutoArchTests (RunModel)" time="0.002" />
  <testcase classname="ptolemy.util.test.junit.AutoTests" name="[0] /home/travis/build/icyphy/ptII/ptolemy/domains/de/test/auto/ActorDepthCalculation_actorWithoutPorts.xml (RunModel)" time="0.021" />
  <testcase classname="ptolemy.util.test.junit.AutoTests" name="[1] /home/travis/build/icyphy/ptII/ptolemy/domains/de/test/auto/AssemblyLine.xml (RunModel)" time="0.019" />
  <testcase classname="ptolemy.util.test.junit.AutoTests" name="[2] /home/travis/build/icyphy/ptII/ptolemy/domains/de/test/auto/CQBug1.xml (RunModel)" time="0.018" />
  <testcase classname="ptolemy.util.test.junit.AutoTests" name="[3] /home/travis/build/icyphy/ptII/ptolemy/domains/de/test/auto/CancelFireAt.xml (RunModel)" time="0.01" />
  <testcase classname="ptolemy.util.test.junit.AutoTests" name="[4] /home/travis/build/icyphy/ptII/ptolemy/domains/de/test/auto/CausalityAndComposabilityAnalysis.xml (RunModel)" time="0.012" />
  <testcase classname="ptolemy.util.test.junit.AutoTests" name="[5] /home/travis/build/icyphy/ptII/ptolemy/domains/de/test/auto/CausalityInterface1.xml (RunModel)" time="0.014" />
  <testcase classname="ptolemy.util.test.junit.AutoTests" name="[6] /home/travis/build/icyphy/ptII/ptolemy/domains/de/test/auto/CausalityInterface15.xml (RunModel)" time="0.013" />
  <testcase classname="ptolemy.util.test.junit.AutoTests" name="[7] /home/travis/build/icyphy/ptII/ptolemy/domains/de/test/auto/CausalityInterface2.xml (RunModel)" time="0.012" />
  <testcase classname="ptolemy.util.test.junit.AutoTests" name="[8] /home/travis/build/icyphy/ptII/ptolemy/domains/de/test/auto/CausalityInterface3.xml (RunModel)" time="0.012" />
  <testcase classname="ptolemy.util.test.junit.AutoTests" name="[9] /home/travis/build/icyphy/ptII/ptolemy/domains/de/test/auto/ClockDrift.xml (RunModel)" time="0.033" />
  <testcase classname="ptolemy.util.test.junit.AutoTests" name="[10] /home/travis/build/icyphy/ptII/ptolemy/domains/de/test/auto/ClockDriftAndValueChange.xml (RunModel)" time="0.029" />
  <testcase classname="ptolemy.util.test.junit.AutoTests" name="[11] /home/travis/build/icyphy/ptII/ptolemy/domains/de/test/auto/ClockDriftChange.xml (RunModel)" time="0.035" />
  <testcase classname="ptolemy.util.test.junit.AutoTests" name="[12] /home/travis/build/icyphy/ptII/ptolemy/domains/de/test/auto/ComposableCausalityAnalysis.xml (RunModel)" time="0.016" />
  <testcase classname="ptolemy.util.test.junit.AutoTests" name="[13] /home/travis/build/icyphy/ptII/ptolemy/domains/de/test/auto/DEFixedPointLimitation.xml (RunModel)" time="0.011" />
  <testcase classname="ptolemy.util.test.junit.AutoTests" name="[14] /home/travis/build/icyphy/ptII/ptolemy/domains/de/test/auto/DEScheduleTest.xml (RunModel)" time="0.01" />
  <testcase classname="ptolemy.util.test.junit.AutoTests" name="[15] /home/travis/build/icyphy/ptII/ptolemy/domains/de/test/auto/DEinDEwithStartTimes.xml (RunModel)" time="0.012" />
  <testcase classname="ptolemy.util.test.junit.AutoTests" name="[16] /home/travis/build/icyphy/ptII/ptolemy/domains/de/test/auto/DEinDEwithStartTimes2.xml (RunModel)" time="0.014" />
  <testcase classname="ptolemy.util.test.junit.AutoTests" name="[17] /home/travis/build/icyphy/ptII/ptolemy/domains/de/test/auto/DateDemo.xml (RunModel)" time="0.026" />
  <testcase classname="ptolemy.util.test.junit.AutoTests" name="[18] /home/travis/build/icyphy/ptII/ptolemy/domains/de/test/auto/DateToEvent.xml (RunModel)" time="2.037" />
  <testcase classname="ptolemy.util.test.junit.AutoTests" name="[19] /home/travis/build/icyphy/ptII/ptolemy/domains/de/test/auto/DepthTest1.xml (RunModel)" time="0.008" />
  <testcase classname="ptolemy.util.test.junit.AutoTests" name="[20] /home/travis/build/icyphy/ptII/ptolemy/domains/de/test/auto/DepthTest2.xml (RunModel)" time="0.016" />
  <testcase classname="ptolemy.util.test.junit.AutoTests" name="[21] /home/travis/build/icyphy/ptII/ptolemy/domains/de/test/auto/DepthTest3.xml (RunModel)" time="0.007" />
  <testcase classname="ptolemy.util.test.junit.AutoTests" name="[22] /home/travis/build/icyphy/ptII/ptolemy/domains/de/test/auto/DepthTest4.xml (RunModel)" time="0.012" />
  <testcase classname="ptolemy.util.test.junit.AutoTests" name="[23] /home/travis/build/icyphy/ptII/ptolemy/domains/de/test/auto/DepthTest5.xml (RunModel)" time="0.014" />
  <testcase classname="ptolemy.util.test.junit.AutoTests" name="[24] /home/travis/build/icyphy/ptII/ptolemy/domains/de/test/auto/DepthTest6.xml (RunModel)" time="0.014" />
  <testcase classname="ptolemy.util.test.junit.AutoTests" name="[25] /home/travis/build/icyphy/ptII/ptolemy/domains/de/test/auto/DepthTest7.xml (RunModel)" time="0.013" />
  <testcase classname="ptolemy.util.test.junit.AutoTests" name="[26] /home/travis/build/icyphy/ptII/ptolemy/domains/de/test/auto/EventToDate.xml (RunModel)" time="3.033" />
  <testcase classname="ptolemy.util.test.junit.AutoTests" name="[27] /home/travis/build/icyphy/ptII/ptolemy/domains/de/test/auto/FSM1.xml (RunModel)" time="0.051" />
  <testcase classname="ptolemy.util.test.junit.AutoTests" name="[28] /home/travis/build/icyphy/ptII/ptolemy/domains/de/test/auto/FSM7.xml (RunModel)" time="0.03" />
  <testcase classname="ptolemy.util.test.junit.AutoTests" name="[29] /home/travis/build/icyphy/ptII/ptolemy/domains/de/test/auto/Inspection.xml (RunModel)" time="0.029" />
  <testcase classname="ptolemy.util.test.junit.AutoTests" name="[30] /home/travis/build/icyphy/ptII/ptolemy/domains/de/test/auto/Iteration.xml (RunModel)" time="0.017" />
  <testcase classname="ptolemy.util.test.junit.AutoTests" name="[31] /home/travis/build/icyphy/ptII/ptolemy/domains/de/test/auto/LineFault.xml (RunModel)" time="0.562" />
  <testcase classname="ptolemy.util.test.junit.AutoTests" name="[32] /home/travis/build/icyphy/ptII/ptolemy/domains/de/test/auto/MergeModel1Add.xml (RunModel)" time="0.038" />
  <testcase classname="ptolemy.util.test.junit.AutoTests" name="[33] /home/travis/build/icyphy/ptII/ptolemy/domains/de/test/auto/MergeModel2Add.xml (RunModel)" time="0.037" />
  <testcase classname="ptolemy.util.test.junit.AutoTests" name="[34] /home/travis/build/icyphy/ptII/ptolemy/domains/de/test/auto/MergeModel3Add.xml (RunModel)" time="0.043" />
  <testcase classname="ptolemy.util.test.junit.AutoTests" name="[35] /home/travis/build/icyphy/ptII/ptolemy/domains/de/test/auto/MergeWithoutDiscard.xml (RunModel)" time="0.017" />
  <testcase classname="ptolemy.util.test.junit.AutoTests" name="[36] /home/travis/build/icyphy/ptII/ptolemy/domains/de/test/auto/Modal1.xml (RunModel)" time="0.026" />
  <testcase classname="ptolemy.util.test.junit.AutoTests" name="[37] /home/travis/build/icyphy/ptII/ptolemy/domains/de/test/auto/Modal2.xml (RunModel)" time="0.032" />
  <testcase classname="ptolemy.util.test.junit.AutoTests" name="[38] /home/travis/build/icyphy/ptII/ptolemy/domains/de/test/auto/Modal3.xml (RunModel)" time="0.033" />
  <testcase classname="ptolemy.util.test.junit.AutoTests" name="[39] /home/travis/build/icyphy/ptII/ptolemy/domains/de/test/auto/Modal4.xml (RunModel)" time="0.029" />
  <testcase classname="ptolemy.util.test.junit.AutoTests" name="[40] /home/travis/build/icyphy/ptII/ptolemy/domains/de/test/auto/Modal5.xml (RunModel)" time="0.029" />
  <testcase classname="ptolemy.util.test.junit.AutoTests" name="[41] /home/travis/build/icyphy/ptII/ptolemy/domains/de/test/auto/Modal6.xml (RunModel)" time="0.032" />
  <testcase classname="ptolemy.util.test.junit.AutoTests" name="[42] /home/travis/build/icyphy/ptII/ptolemy/domains/de/test/auto/Modal7.xml (RunModel)" time="0.03" />
  <testcase classname="ptolemy.util.test.junit.AutoTests" name="[43] /home/travis/build/icyphy/ptII/ptolemy/domains/de/test/auto/ModalModel.xml (RunModel)" time="0.155" />
  <testcase classname="ptolemy.util.test.junit.AutoTests" name="[44] /home/travis/build/icyphy/ptII/ptolemy/domains/de/test/auto/ModalSource.xml (RunModel)" time="0.019" />
  <testcase classname="ptolemy.util.test.junit.AutoTests" name="[45] /home/travis/build/icyphy/ptII/ptolemy/domains/de/test/auto/NonInterruptibleTimerZeroDelay.xml (RunModel)" time="0.009" />
  <testcase classname="ptolemy.util.test.junit.AutoTests" name="[46] /home/travis/build/icyphy/ptII/ptolemy/domains/de/test/auto/OpenQueueingNetwork.xml (RunModel)" time="2.117" />
  <testcase classname="ptolemy.util.test.junit.AutoTests" name="[47] /home/travis/build/icyphy/ptII/ptolemy/domains/de/test/auto/OpenQueuingNetwork.xml (RunModel)" time="0.252" />
  <testcase classname="ptolemy.util.test.junit.AutoTests" name="[48] /home/travis/build/icyphy/ptII/ptolemy/domains/de/test/auto/PeriodicSampler.xml (RunModel)" time="0.007" />
  <testcase classname="ptolemy.util.test.junit.AutoTests" name="[49] /home/travis/build/icyphy/ptII/ptolemy/domains/de/test/auto/PersistentIO.xml (RunModel)" time="0.021" />
  <testcase classname="ptolemy.util.test.junit.AutoTests" name="[50] /home/travis/build/icyphy/ptII/ptolemy/domains/de/test/auto/PortParameterResetOnInitialize.xml (RunModel)" time="0.011" />
  <testcase classname="ptolemy.util.test.junit.AutoTests" name="[51] /home/travis/build/icyphy/ptII/ptolemy/domains/de/test/auto/PortParameterUpdates.xml (RunModel)" time="0.013" />
  <testcase classname="ptolemy.util.test.junit.AutoTests" name="[52] /home/travis/build/icyphy/ptII/ptolemy/domains/de/test/auto/QueueAndServer.xml (RunModel)" time="0.02" />
  <testcase classname="ptolemy.util.test.junit.AutoTests" name="[53] /home/travis/build/icyphy/ptII/ptolemy/domains/de/test/auto/Records.xml (RunModel)" time="0.014" />
  <testcase classname="ptolemy.util.test.junit.AutoTests" name="[54] /home/travis/build/icyphy/ptII/ptolemy/domains/de/test/auto/ResetTransitionWithStartTime1.xml (RunModel)" time="0.018" />
  <testcase classname="ptolemy.util.test.junit.AutoTests" name="[55] /home/travis/build/icyphy/ptII/ptolemy/domains/de/test/auto/ResetTransitionWithStartTime2.xml (RunModel)" time="0.018" />
  <testcase classname="ptolemy.util.test.junit.AutoTests" name="[56] /home/travis/build/icyphy/ptII/ptolemy/domains/de/test/auto/ResetTransitionWithStartTime3.xml (RunModel)" time="0.019" />
  <testcase classname="ptolemy.util.test.junit.AutoTests" name="[57] /home/travis/build/icyphy/ptII/ptolemy/domains/de/test/auto/ResetTransitionWithStartTime4.xml (RunModel)" time="0.021" />
  <testcase classname="ptolemy.util.test.junit.AutoTests" name="[58] /home/travis/build/icyphy/ptII/ptolemy/domains/de/test/auto/ResettableTimer1.xml (RunModel)" time="0.011" />
  <testcase classname="ptolemy.util.test.junit.AutoTests" name="[59] /home/travis/build/icyphy/ptII/ptolemy/domains/de/test/auto/ResettableTimer2.xml (RunModel)" time="0.01" />
  <testcase classname="ptolemy.util.test.junit.AutoTests" name="[60] /home/travis/build/icyphy/ptII/ptolemy/domains/de/test/auto/ResettableTimer3.xml (RunModel)" time="0.01" />
  <testcase classname="ptolemy.util.test.junit.AutoTests" name="[61] /home/travis/build/icyphy/ptII/ptolemy/domains/de/test/auto/ResettableTimer4.xml (RunModel)" time="0.01" />
  <testcase classname="ptolemy.util.test.junit.AutoTests" name="[62] /home/travis/build/icyphy/ptII/ptolemy/domains/de/test/auto/ResettableTimer5.xml (RunModel)" time="0.01" />
  <testcase classname="ptolemy.util.test.junit.AutoTests" name="[63] /home/travis/build/icyphy/ptII/ptolemy/domains/de/test/auto/ResettableTimer6.xml (RunModel)" time="0.019" />
  <testcase classname="ptolemy.util.test.junit.AutoTests" name="[64] /home/travis/build/icyphy/ptII/ptolemy/domains/de/test/auto/ServerZeroDelay.xml (RunModel)" time="0.012" />
  <testcase classname="ptolemy.util.test.junit.AutoTests" name="[65] /home/travis/build/icyphy/ptII/ptolemy/domains/de/test/auto/SmartSender.xml (RunModel)" time="3.016" />
  <testcase classname="ptolemy.util.test.junit.AutoTests" name="[66] /home/travis/build/icyphy/ptII/ptolemy/domains/de/test/auto/ThreadedComposite.xml (RunModel)" time="0.245" />
  <testcase classname="ptolemy.util.test.junit.AutoTests" name="[67] /home/travis/build/icyphy/ptII/ptolemy/domains/de/test/auto/Time.xml (RunModel)" time="0.42" />
  <testcase classname="ptolemy.util.test.junit.AutoTests" name="[68] /home/travis/build/icyphy/ptII/ptolemy/domains/de/test/auto/TimeDelayZeroDelay.xml (RunModel)" time="0.012" />
  <testcase classname="ptolemy.util.test.junit.AutoTests" name="[69] /home/travis/build/icyphy/ptII/ptolemy/domains/de/test/auto/TimerZeroDelay.xml (RunModel)" time="0.01" />
  <testcase classname="ptolemy.util.test.junit.AutoTests" name="[70] /home/travis/build/icyphy/ptII/ptolemy/domains/de/test/auto/TimingParadox.xml (RunModel)" time="0.348" />
  <testcase classname="ptolemy.util.test.junit.AutoTests" name="[71] /home/travis/build/icyphy/ptII/ptolemy/domains/de/test/auto/TransferInputs.xml (RunModel)" time="0.018" />
  <testcase classname="ptolemy.util.test.junit.AutoTests" name="[72] /home/travis/build/icyphy/ptII/ptolemy/domains/de/test/auto/TransferOutputs2.xml (RunModel)" time="0.019" />
  <testcase classname="ptolemy.util.test.junit.AutoTests" name="[73] /home/travis/build/icyphy/ptII/ptolemy/domains/de/test/auto/Trilateration.xml (RunModel)" time="11.502" />
  <testcase classname="ptolemy.util.test.junit.AutoTests" name="[74] /home/travis/build/icyphy/ptII/ptolemy/domains/de/test/auto/TwoSigmaDelta.xml (RunModel)" time="2.225" />
  <testcase classname="ptolemy.util.test.junit.AutoTests" name="[75] /home/travis/build/icyphy/ptII/ptolemy/domains/de/test/auto/VariableDelay.xml (RunModel)" time="0.011" />
  <testcase classname="ptolemy.util.test.junit.AutoTests" name="[76] /home/travis/build/icyphy/ptII/ptolemy/domains/de/test/auto/VariableDelay2.xml (RunModel)" time="0.009" />
  <testcase classname="ptolemy.util.test.junit.AutoTests" name="[77] /home/travis/build/icyphy/ptII/ptolemy/domains/de/test/auto/VariableDelayZeroDelay.xml (RunModel)" time="0.01" />
  <testcase classname="ptolemy.util.test.junit.AutoTests" name="[78] /home/travis/build/icyphy/ptII/ptolemy/domains/de/test/auto/VariableDelayZeroDelay2.xml (RunModel)" time="0.01" />
  <testcase classname="ptolemy.util.test.junit.AutoTests" name="[79] /home/travis/build/icyphy/ptII/ptolemy/domains/de/test/auto/deInCt.xml (RunModel)" time="0.019" />
  <testcase classname="ptolemy.util.test.junit.AutoTests" name="[80] /home/travis/build/icyphy/ptII/ptolemy/domains/de/test/auto/deInCt2.xml (RunModel)" time="0.017" />
  <testcase classname="ptolemy.util.test.junit.AutoTests" name="[81] /home/travis/build/icyphy/ptII/ptolemy/domains/de/test/auto/dynamicCausalityInterface1.xml (RunModel)" time="0.017" />
  <testcase classname="ptolemy.util.test.junit.AutoTests" name="[82] /home/travis/build/icyphy/ptII/ptolemy/domains/de/test/auto/fsm_de_test.xml (RunModel)" time="0.021" />
  <testcase classname="ptolemy.util.test.junit.AutoTests" name="[83] /home/travis/build/icyphy/ptII/ptolemy/domains/de/test/auto/functionDependencyReconstruction.xml (RunModel)" time="0.032" />
  <testcase classname="ptolemy.util.test.junit.AutoTests" name="[84] /home/travis/build/icyphy/ptII/ptolemy/domains/de/test/auto/multirate.xml (RunModel)" time="0.015" />
  <testcase classname="ptolemy.util.test.junit.AutoTests" name="[85] /home/travis/build/icyphy/ptII/ptolemy/domains/de/test/auto/multirate2.xml (RunModel)" time="0.014" />
  <testcase classname="ptolemy.util.test.junit.AutoTests" name="[86] /home/travis/build/icyphy/ptII/ptolemy/domains/de/test/auto/realtime.xml (RunModel)" time="10.011" />
  <testcase classname="ptolemy.util.test.junit.AutoTests" name="[87] /home/travis/build/icyphy/ptII/ptolemy/domains/de/test/auto/relationGroup.xml (RunModel)" time="0.008" />
  <testcase classname="ptolemy.util.test.junit.AutoTests" name="[88] /home/travis/build/icyphy/ptII/ptolemy/domains/de/test/auto/relationGroup2.xml (RunModel)" time="0.007" />
  <testcase classname="ptolemy.util.test.junit.AutoTests" name="[89] /home/travis/build/icyphy/ptII/ptolemy/domains/de/test/auto/sortWithOpaquePorts.xml (RunModel)" time="0.011" />
  <testcase classname="ptolemy.util.test.junit.AutoTests" name="[90] /home/travis/build/icyphy/ptII/ptolemy/domains/de/test/auto/transferInputsandOutputs.xml (RunModel)" time="0.017" />
  <testcase classname="ptolemy.util.test.junit.AutoTests" name="[91] /home/travis/build/icyphy/ptII/ptolemy/domains/de/test/auto/triggerType.xml (RunModel)" time="0.008" />
  <system-out><![CDATA[/home/travis/build/icyphy/ptII/ptolemy/domains/de/test/DependencyLoop.tcl
testDefs.tcl: setting time out to 9000 seconds at Tue Jun 11 04:32:04 UTC 2019
29 ms. Memory: 116224K Free: 97416K (84%)
30 ms. Memory: 146944K Free: 141549K (96%)
/home/travis/build/icyphy/ptII/ptolemy/domains/de/test/RunDETestsAsQSS.tcl
Run the DE tests using ptolemy.domains.qss.test.QSSDirectorTest, which extends QSSDirector and prints a message in the constructors.
------------------ testing $PTII/ptolemy/domains/de/test/auto/knownFailedTests/dependencyLoop.xml (Known Failure) 
7 ms. Memory: 146944K Free: 137299K (93%)


==== $PTIIhome/travis/build/icyphy/ptII/ptolemy/domains/de/test/../../../../: Auto Automatic test in file $PTII/ptolemy/domains/de/test/auto/knownFailedTests/dependencyLoop.xml
==== Contents of test case:

	    # FIXME: we should use $relativeFilename here, but it
	    # might have backslashes under Windows, which causes no end
	    # of trouble.
	    createAndExecute $file
	    list {}
	
.... Test generated KNOWN error:
    while executing
ptolemy.kernel.util.IllegalActionException: Found a zero delay loop containing .dependencyLoop.original
  in .dependencyLoop and .dependencyLoop.original
	at ptolemy.actor.util.CausalityInterfaceForComposites._computeOutputPortDepth(CausalityInterfaceForComposites.java:759)
	at ptolemy.actor.util.CausalityInterfaceForComposites._computeInputDepth(CausalityInterfaceForComposites.java:696)
	at ptolemy.actor.util.CausalityInterfaceForComposites._computeOutputPortDepth(CausalityInterfaceForComposites.java:765)
	at ptolemy.actor.util.CausalityInterfaceForComposites._computeInputDepth(CausalityInterfaceForComposites.java:696)
	at ptolemy.actor.util.CausalityInterfaceForComposites._computeOutputPortDepth(CausalityInterfaceForComposites.java:765)
	at ptolemy.actor.util.CausalityInterfaceForComposites._computeInputDepth(CausalityInterfaceForComposites.java:696)
	at ptolemy.actor.util.CausalityInterfaceForComposites._computeActorDepth(CausalityInterfaceForComposites.java:532)
	at ptolemy.actor.util.CausalityInterfaceForComposites.checkForCycles(CausalityInterfaceForComposites.java:96)
	at ptolemy.domains.de.kernel.DEDirector.preinitialize(DEDirector.java:1338)
	at ptolemy.actor.CompositeActor.preinitialize(CompositeActor.java:1828)
	at ptolemy.actor.Manager.preinitializeAndResolveTypes(Manager.java:1040)
	at ptolemy.actor.Manager.initialize(Manager.java:710)
	at ptolemy.actor.Manager.execute(Manager.java:356)
	at ptolemy.actor.Manager.run(Manager.java:1263)
	at ptolemy.actor.Manager$PtolemyRunThread.run(Manager.java:1915)

    while executing
ptolemy.kernel.util.IllegalActionException: Found a zero delay loop containing .dependencyLoop.original
  in .dependencyLoop and .dependencyLoop.original
    while executing
"java::new ptolemy.moml.MoMLSimpleApplication $file
"
    (procedure "createAndExecute" line 2)
    invoked from within
"createAndExecute $file"
    ("uplevel" body line 5)
    invoked from within
"uplevel $contents_of_test"
------------------ testing $PTII/ptolemy/domains/de/test/auto/knownFailedTests/DESDFClockTest.xml (Known Failure) 
2072 ms. Memory: 146944K Free: 121682K (83%)


==== $PTIIhome/travis/build/icyphy/ptII/ptolemy/domains/de/test/../../../../: Auto Automatic test in file $PTII/ptolemy/domains/de/test/auto/knownFailedTests/DESDFClockTest.xml
==== Contents of test case:

	    # FIXME: we should use $relativeFilename here, but it
	    # might have backslashes under Windows, which causes no end
	    # of trouble.
	    createAndExecute $file
	    list {}
	
.... Test generated KNOWN error:
    while executing
ptolemy.kernel.util.IllegalActionException: Actor is not ready to fire.  Perhaps UpSample.prefire() returned false? Try debugging the actor by selecting "Listen to Actor".  Also, for SDF check moml for tokenConsumptionRate on input.
  in .DESDFClockTest.Play Bell.Copy1:SDF Director and .DESDFClockTest.Play Bell.UpSample
	at ptolemy.actor.sched.StaticSchedulingDirector.fire(StaticSchedulingDirector.java:227)
	at ptolemy.domains.sdf.kernel.SDFDirector.fire(SDFDirector.java:500)
	at ptolemy.actor.CompositeActor.fire(CompositeActor.java:455)
	at ptolemy.domains.de.kernel.DEDirector._fire(DEDirector.java:1949)
	at ptolemy.domains.de.kernel.DEDirector.fire(DEDirector.java:502)
	at ptolemy.actor.CompositeActor.fire(CompositeActor.java:455)
	at ptolemy.actor.Manager.iterate(Manager.java:851)
	at ptolemy.actor.Manager.execute(Manager.java:369)
	at ptolemy.actor.Manager.run(Manager.java:1263)
	at ptolemy.actor.Manager$PtolemyRunThread.run(Manager.java:1915)

    while executing
ptolemy.kernel.util.IllegalActionException: Actor is not ready to fire.  Perhaps UpSample.prefire() returned false? Try debugging the actor by selecting "Listen to Actor".  Also, for SDF check moml for tokenConsumptionRate on input.
  in .DESDFClockTest.Play Bell.Copy1:SDF Director and .DESDFClockTest.Play Bell.UpSample
    while executing
"java::new ptolemy.moml.MoMLSimpleApplication $file
"
    (procedure "createAndExecute" line 2)
    invoked from within
"createAndExecute $file"
    ("uplevel" body line 5)
    invoked from within
"uplevel $contents_of_test"
------------------ testing $PTII/ptolemy/domains/de/test/auto/knownFailedTests/FSMSource.xml (Known Failure) 
30 ms. Memory: 146944K Free: 112786K (77%)
!!!! Auto was marked as failing, but now passes
------------------ testing $PTII/ptolemy/domains/de/test/auto/knownFailedTests/dependencyLoop2.xml (Known Failure) 
6 ms. Memory: 146944K Free: 110902K (75%)


==== $PTIIhome/travis/build/icyphy/ptII/ptolemy/domains/de/test/../../../../: Auto Automatic test in file $PTII/ptolemy/domains/de/test/auto/knownFailedTests/dependencyLoop2.xml
==== Contents of test case:

	    # FIXME: we should use $relativeFilename here, but it
	    # might have backslashes under Windows, which causes no end
	    # of trouble.
	    createAndExecute $file
	    list {}
	
.... Test generated KNOWN error:
    while executing
ptolemy.kernel.util.IllegalActionException: Found a zero delay loop containing .dependencyLoop2.original
  in .dependencyLoop2 and .dependencyLoop2.original
	at ptolemy.actor.util.CausalityInterfaceForComposites._computeOutputPortDepth(CausalityInterfaceForComposites.java:759)
	at ptolemy.actor.util.CausalityInterfaceForComposites._computeInputDepth(CausalityInterfaceForComposites.java:696)
	at ptolemy.actor.util.CausalityInterfaceForComposites._computeOutputPortDepth(CausalityInterfaceForComposites.java:765)
	at ptolemy.actor.util.CausalityInterfaceForComposites._computeInputDepth(CausalityInterfaceForComposites.java:696)
	at ptolemy.actor.util.CausalityInterfaceForComposites._computeOutputPortDepth(CausalityInterfaceForComposites.java:765)
	at ptolemy.actor.util.CausalityInterfaceForComposites._computeInputDepth(CausalityInterfaceForComposites.java:696)
	at ptolemy.actor.util.CausalityInterfaceForComposites._computeActorDepth(CausalityInterfaceForComposites.java:532)
	at ptolemy.actor.util.CausalityInterfaceForComposites.checkForCycles(CausalityInterfaceForComposites.java:96)
	at ptolemy.domains.de.kernel.DEDirector.preinitialize(DEDirector.java:1338)
	at ptolemy.actor.CompositeActor.preinitialize(CompositeActor.java:1828)
	at ptolemy.actor.Manager.preinitializeAndResolveTypes(Manager.java:1040)
	at ptolemy.actor.Manager.initialize(Manager.java:710)
	at ptolemy.actor.Manager.execute(Manager.java:356)
	at ptolemy.actor.Manager.run(Manager.java:1263)
	at ptolemy.actor.Manager$PtolemyRunThread.run(Manager.java:1915)

    while executing
ptolemy.kernel.util.IllegalActionException: Found a zero delay loop containing .dependencyLoop2.original
  in .dependencyLoop2 and .dependencyLoop2.original
    while executing
"java::new ptolemy.moml.MoMLSimpleApplication $file
"
    (procedure "createAndExecute" line 2)
    invoked from within
"createAndExecute $file"
    ("uplevel" body line 5)
    invoked from within
"uplevel $contents_of_test"
------------------ testing $PTII/ptolemy/domains/de/test/auto/knownFailedTests/HierarchicalModel.xml (Known Failure) 
11 ms. Memory: 146944K Free: 90670K (62%)


==== $PTIIhome/travis/build/icyphy/ptII/ptolemy/domains/de/test/../../../../: Auto Automatic test in file $PTII/ptolemy/domains/de/test/auto/knownFailedTests/HierarchicalModel.xml
==== Contents of test case:

	    # FIXME: we should use $relativeFilename here, but it
	    # might have backslashes under Windows, which causes no end
	    # of trouble.
	    createAndExecute $file
	    list {}
	
.... Test generated KNOWN error:
    while executing
ptolemy.kernel.util.IllegalActionException: Found a zero delay loop containing .HierarchicalModel.A
  in .HierarchicalModel and .HierarchicalModel.A
	at ptolemy.actor.util.CausalityInterfaceForComposites._computeOutputPortDepth(CausalityInterfaceForComposites.java:759)
	at ptolemy.actor.util.CausalityInterfaceForComposites._computeInputDepth(CausalityInterfaceForComposites.java:696)
	at ptolemy.actor.util.CausalityInterfaceForComposites._computeOutputPortDepth(CausalityInterfaceForComposites.java:765)
	at ptolemy.actor.util.CausalityInterfaceForComposites._computeInputDepth(CausalityInterfaceForComposites.java:696)
	at ptolemy.actor.util.CausalityInterfaceForComposites._computeOutputPortDepth(CausalityInterfaceForComposites.java:765)
	at ptolemy.actor.util.CausalityInterfaceForComposites._computeInputDepth(CausalityInterfaceForComposites.java:696)
	at ptolemy.actor.util.CausalityInterfaceForComposites._computeActorDepth(CausalityInterfaceForComposites.java:532)
	at ptolemy.actor.util.CausalityInterfaceForComposites.checkForCycles(CausalityInterfaceForComposites.java:96)
	at ptolemy.domains.de.kernel.DEDirector.preinitialize(DEDirector.java:1338)
	at ptolemy.actor.CompositeActor.preinitialize(CompositeActor.java:1828)
	at ptolemy.actor.Manager.preinitializeAndResolveTypes(Manager.java:1040)
	at ptolemy.actor.Manager.initialize(Manager.java:710)
	at ptolemy.actor.Manager.execute(Manager.java:356)
	at ptolemy.actor.Manager.run(Manager.java:1263)
	at ptolemy.actor.Manager$PtolemyRunThread.run(Manager.java:1915)

    while executing
ptolemy.kernel.util.IllegalActionException: Found a zero delay loop containing .HierarchicalModel.A
  in .HierarchicalModel and .HierarchicalModel.A
    while executing
"java::new ptolemy.moml.MoMLSimpleApplication $file
"
    (procedure "createAndExecute" line 2)
    invoked from within
"createAndExecute $file"
    ("uplevel" body line 5)
    invoked from within
"uplevel $contents_of_test"
------------------ testing $PTII/ptolemy/domains/de/test/auto/knownFailedTests/DirectFeedback.xml (Known Failure) 
4 ms. Memory: 146944K Free: 86551K (59%)


==== $PTIIhome/travis/build/icyphy/ptII/ptolemy/domains/de/test/../../../../: Auto Automatic test in file $PTII/ptolemy/domains/de/test/auto/knownFailedTests/DirectFeedback.xml
==== Contents of test case:

	    # FIXME: we should use $relativeFilename here, but it
	    # might have backslashes under Windows, which causes no end
	    # of trouble.
	    createAndExecute $file
	    list {}
	
.... Test generated KNOWN error:
    while executing
ptolemy.kernel.util.IllegalActionException: Test fails in iteration 1.
Value was: 1.0. Should have been: 2.0
  in .DirectFeedback.Test
	at ptolemy.actor.lib.Test.fire(Test.java:268)
	at ptolemy.domains.de.kernel.DEDirector._fire(DEDirector.java:1949)
	at ptolemy.domains.de.kernel.DEDirector.fire(DEDirector.java:502)
	at ptolemy.actor.CompositeActor.fire(CompositeActor.java:455)
	at ptolemy.actor.Manager.iterate(Manager.java:851)
	at ptolemy.actor.Manager.execute(Manager.java:369)
	at ptolemy.actor.Manager.run(Manager.java:1263)
	at ptolemy.actor.Manager$PtolemyRunThread.run(Manager.java:1915)

    while executing
ptolemy.kernel.util.IllegalActionException: Test fails in iteration 1.
Value was: 1.0. Should have been: 2.0
  in .DirectFeedback.Test
    while executing
"java::new ptolemy.moml.MoMLSimpleApplication $file
"
    (procedure "createAndExecute" line 2)
    invoked from within
"createAndExecute $file"
    ("uplevel" body line 5)
    invoked from within
"uplevel $contents_of_test"
------------------ testing $PTII/ptolemy/domains/de/test/auto/ActorDepthCalculation_actorWithoutPorts.xml
auto.tcl: Setting watchdog for 200 seconds at Tue Jun 11 04:32:07 UTC 2019
13 ms. Memory: 146944K Free: 139983K (95%)
ptolemy.util.test.WatchDog.cancel(): canceling Tue Jun 11 04:32:07 UTC 2019
auto.tcl: Setting watchdog for 200 seconds at Tue Jun 11 04:32:07 UTC 2019
4 ms. Memory: 146944K Free: 137666K (94%)
ptolemy.util.test.WatchDog.cancel(): canceling Tue Jun 11 04:32:07 UTC 2019
------------------ testing $PTII/ptolemy/domains/de/test/auto/AssemblyLine.xml
auto.tcl: Setting watchdog for 200 seconds at Tue Jun 11 04:32:08 UTC 2019
14 ms. Memory: 208384K Free: 183337K (88%)
ptolemy.util.test.WatchDog.cancel(): canceling Tue Jun 11 04:32:08 UTC 2019
auto.tcl: Setting watchdog for 200 seconds at Tue Jun 11 04:32:08 UTC 2019
12 ms. Memory: 208384K Free: 183337K (88%)
ptolemy.util.test.WatchDog.cancel(): canceling Tue Jun 11 04:32:08 UTC 2019
------------------ testing $PTII/ptolemy/domains/de/test/auto/CQBug1.xml
auto.tcl: Setting watchdog for 200 seconds at Tue Jun 11 04:32:08 UTC 2019
4 ms. Memory: 208384K Free: 197874K (95%)
ptolemy.util.test.WatchDog.cancel(): canceling Tue Jun 11 04:32:08 UTC 2019
auto.tcl: Setting watchdog for 200 seconds at Tue Jun 11 04:32:08 UTC 2019
2 ms. Memory: 208384K Free: 197874K (95%)
ptolemy.util.test.WatchDog.cancel(): canceling Tue Jun 11 04:32:08 UTC 2019
------------------ testing $PTII/ptolemy/domains/de/test/auto/CancelFireAt.xml
auto.tcl: Setting watchdog for 200 seconds at Tue Jun 11 04:32:08 UTC 2019
9 ms. Memory: 208384K Free: 201407K (97%)
ptolemy.util.test.WatchDog.cancel(): canceling Tue Jun 11 04:32:08 UTC 2019
auto.tcl: Setting watchdog for 200 seconds at Tue Jun 11 04:32:08 UTC 2019
8 ms. Memory: 208384K Free: 198830K (95%)
ptolemy.util.test.WatchDog.cancel(): canceling Tue Jun 11 04:32:08 UTC 2019
------------------ testing $PTII/ptolemy/domains/de/test/auto/CausalityAndComposabilityAnalysis.xml
auto.tcl: Setting watchdog for 200 seconds at Tue Jun 11 04:32:08 UTC 2019
9 ms. Memory: 208384K Free: 198427K (95%)
ptolemy.util.test.WatchDog.cancel(): canceling Tue Jun 11 04:32:08 UTC 2019
auto.tcl: Setting watchdog for 200 seconds at Tue Jun 11 04:32:08 UTC 2019
6 ms. Memory: 208384K Free: 196370K (94%)
ptolemy.util.test.WatchDog.cancel(): canceling Tue Jun 11 04:32:08 UTC 2019
------------------ testing $PTII/ptolemy/domains/de/test/auto/CausalityInterface1.xml
auto.tcl: Setting watchdog for 200 seconds at Tue Jun 11 04:32:08 UTC 2019
9 ms. Memory: 208384K Free: 198364K (95%)
ptolemy.util.test.WatchDog.cancel(): canceling Tue Jun 11 04:32:08 UTC 2019
auto.tcl: Setting watchdog for 200 seconds at Tue Jun 11 04:32:08 UTC 2019
4 ms. Memory: 208384K Free: 196307K (94%)
ptolemy.util.test.WatchDog.cancel(): canceling Tue Jun 11 04:32:08 UTC 2019
------------------ testing $PTII/ptolemy/domains/de/test/auto/CausalityInterface15.xml
auto.tcl: Setting watchdog for 200 seconds at Tue Jun 11 04:32:08 UTC 2019
15 ms. Memory: 208384K Free: 196297K (94%)
ptolemy.util.test.WatchDog.cancel(): canceling Tue Jun 11 04:32:09 UTC 2019
auto.tcl: Setting watchdog for 200 seconds at Tue Jun 11 04:32:09 UTC 2019
10 ms. Memory: 208384K Free: 196297K (94%)
ptolemy.util.test.WatchDog.cancel(): canceling Tue Jun 11 04:32:09 UTC 2019
------------------ testing $PTII/ptolemy/domains/de/test/auto/CausalityInterface2.xml
auto.tcl: Setting watchdog for 200 seconds at Tue Jun 11 04:32:09 UTC 2019
8 ms. Memory: 208384K Free: 196282K (94%)
ptolemy.util.test.WatchDog.cancel(): canceling Tue Jun 11 04:32:09 UTC 2019
auto.tcl: Setting watchdog for 200 seconds at Tue Jun 11 04:32:09 UTC 2019
3 ms. Memory: 208384K Free: 196282K (94%)
ptolemy.util.test.WatchDog.cancel(): canceling Tue Jun 11 04:32:09 UTC 2019
------------------ testing $PTII/ptolemy/domains/de/test/auto/CausalityInterface3.xml
auto.tcl: Setting watchdog for 200 seconds at Tue Jun 11 04:32:09 UTC 2019
4 ms. Memory: 208384K Free: 196294K (94%)
ptolemy.util.test.WatchDog.cancel(): canceling Tue Jun 11 04:32:09 UTC 2019
auto.tcl: Setting watchdog for 200 seconds at Tue Jun 11 04:32:09 UTC 2019
6 ms. Memory: 208384K Free: 196294K (94%)
ptolemy.util.test.WatchDog.cancel(): canceling Tue Jun 11 04:32:09 UTC 2019
------------------ testing $PTII/ptolemy/domains/de/test/auto/ClockDrift.xml
auto.tcl: Setting watchdog for 200 seconds at Tue Jun 11 04:32:09 UTC 2019
89 ms. Memory: 208384K Free: 187653K (90%)
ptolemy.util.test.WatchDog.cancel(): canceling Tue Jun 11 04:32:09 UTC 2019
auto.tcl: Setting watchdog for 200 seconds at Tue Jun 11 04:32:09 UTC 2019
53 ms. Memory: 208384K Free: 185596K (89%)
ptolemy.util.test.WatchDog.cancel(): canceling Tue Jun 11 04:32:09 UTC 2019
------------------ testing $PTII/ptolemy/domains/de/test/auto/ClockDriftAndValueChange.xml
auto.tcl: Setting watchdog for 200 seconds at Tue Jun 11 04:32:09 UTC 2019
25 ms. Memory: 208384K Free: 189545K (91%)
ptolemy.util.test.WatchDog.cancel(): canceling Tue Jun 11 04:32:09 UTC 2019
auto.tcl: Setting watchdog for 200 seconds at Tue Jun 11 04:32:09 UTC 2019
27 ms. Memory: 208384K Free: 185430K (89%)
ptolemy.util.test.WatchDog.cancel(): canceling Tue Jun 11 04:32:09 UTC 2019
------------------ testing $PTII/ptolemy/domains/de/test/auto/ClockDriftChange.xml
auto.tcl: Setting watchdog for 200 seconds at Tue Jun 11 04:32:09 UTC 2019
24 ms. Memory: 208384K Free: 190768K (92%)
ptolemy.util.test.WatchDog.cancel(): canceling Tue Jun 11 04:32:09 UTC 2019
auto.tcl: Setting watchdog for 200 seconds at Tue Jun 11 04:32:09 UTC 2019
31 ms. Memory: 208384K Free: 188711K (91%)
ptolemy.util.test.WatchDog.cancel(): canceling Tue Jun 11 04:32:09 UTC 2019
------------------ testing $PTII/ptolemy/domains/de/test/auto/ComposableCausalityAnalysis.xml
auto.tcl: Setting watchdog for 200 seconds at Tue Jun 11 04:32:09 UTC 2019
5 ms. Memory: 208384K Free: 196149K (94%)
ptolemy.util.test.WatchDog.cancel(): canceling Tue Jun 11 04:32:09 UTC 2019
auto.tcl: Setting watchdog for 200 seconds at Tue Jun 11 04:32:09 UTC 2019
2 ms. Memory: 208384K Free: 196149K (94%)
ptolemy.util.test.WatchDog.cancel(): canceling Tue Jun 11 04:32:09 UTC 2019
------------------ testing $PTII/ptolemy/domains/de/test/auto/DEFixedPointLimitation.xml
auto.tcl: Setting watchdog for 200 seconds at Tue Jun 11 04:32:09 UTC 2019
1 ms. Memory: 208384K Free: 198287K (95%)
ptolemy.util.test.WatchDog.cancel(): canceling Tue Jun 11 04:32:09 UTC 2019
auto.tcl: Setting watchdog for 200 seconds at Tue Jun 11 04:32:09 UTC 2019
2 ms. Memory: 208384K Free: 196230K (94%)
ptolemy.util.test.WatchDog.cancel(): canceling Tue Jun 11 04:32:09 UTC 2019
------------------ testing $PTII/ptolemy/domains/de/test/auto/DEScheduleTest.xml
auto.tcl: Setting watchdog for 200 seconds at Tue Jun 11 04:32:09 UTC 2019
5 ms. Memory: 208384K Free: 198323K (95%)
ptolemy.util.test.WatchDog.cancel(): canceling Tue Jun 11 04:32:09 UTC 2019
auto.tcl: Setting watchdog for 200 seconds at Tue Jun 11 04:32:09 UTC 2019
9 ms. Memory: 208384K Free: 196265K (94%)
ptolemy.util.test.WatchDog.cancel(): canceling Tue Jun 11 04:32:09 UTC 2019
------------------ testing $PTII/ptolemy/domains/de/test/auto/DEinDEwithStartTimes.xml
auto.tcl: Setting watchdog for 200 seconds at Tue Jun 11 04:32:10 UTC 2019
8 ms. Memory: 208384K Free: 196235K (94%)
ptolemy.util.test.WatchDog.cancel(): canceling Tue Jun 11 04:32:10 UTC 2019
auto.tcl: Setting watchdog for 200 seconds at Tue Jun 11 04:32:10 UTC 2019
4 ms. Memory: 208384K Free: 196235K (94%)
ptolemy.util.test.WatchDog.cancel(): canceling Tue Jun 11 04:32:10 UTC 2019
------------------ testing $PTII/ptolemy/domains/de/test/auto/DEinDEwithStartTimes2.xml
auto.tcl: Setting watchdog for 200 seconds at Tue Jun 11 04:32:10 UTC 2019
9 ms. Memory: 208384K Free: 196213K (94%)
ptolemy.util.test.WatchDog.cancel(): canceling Tue Jun 11 04:32:10 UTC 2019
auto.tcl: Setting watchdog for 200 seconds at Tue Jun 11 04:32:10 UTC 2019
4 ms. Memory: 208384K Free: 194155K (93%)
ptolemy.util.test.WatchDog.cancel(): canceling Tue Jun 11 04:32:10 UTC 2019
------------------ testing $PTII/ptolemy/domains/de/test/auto/DateDemo.xml
auto.tcl: Setting watchdog for 200 seconds at Tue Jun 11 04:32:10 UTC 2019
19 ms. Memory: 208384K Free: 188772K (91%)
ptolemy.util.test.WatchDog.cancel(): canceling Tue Jun 11 04:32:10 UTC 2019
auto.tcl: Setting watchdog for 200 seconds at Tue Jun 11 04:32:10 UTC 2019
10 ms. Memory: 208384K Free: 186714K (90%)
ptolemy.util.test.WatchDog.cancel(): canceling Tue Jun 11 04:32:10 UTC 2019
------------------ testing $PTII/ptolemy/domains/de/test/auto/DateToEvent.xml
auto.tcl: Setting watchdog for 200 seconds at Tue Jun 11 04:32:10 UTC 2019
2019 ms. Memory: 208384K Free: 183637K (88%)
ptolemy.util.test.WatchDog.cancel(): canceling Tue Jun 11 04:32:12 UTC 2019
auto.tcl: Setting watchdog for 200 seconds at Tue Jun 11 04:32:12 UTC 2019
2009 ms. Memory: 208384K Free: 183637K (88%)
ptolemy.util.test.WatchDog.cancel(): canceling Tue Jun 11 04:32:14 UTC 2019
------------------ testing $PTII/ptolemy/domains/de/test/auto/DepthTest1.xml
auto.tcl: Setting watchdog for 200 seconds at Tue Jun 11 04:32:14 UTC 2019
7 ms. Memory: 208384K Free: 197851K (95%)
ptolemy.util.test.WatchDog.cancel(): canceling Tue Jun 11 04:32:14 UTC 2019
auto.tcl: Setting watchdog for 200 seconds at Tue Jun 11 04:32:14 UTC 2019
1 ms. Memory: 208384K Free: 197851K (95%)
ptolemy.util.test.WatchDog.cancel(): canceling Tue Jun 11 04:32:14 UTC 2019
------------------ testing $PTII/ptolemy/domains/de/test/auto/DepthTest2.xml
auto.tcl: Setting watchdog for 200 seconds at Tue Jun 11 04:32:14 UTC 2019
6 ms. Memory: 208384K Free: 194170K (93%)
ptolemy.util.test.WatchDog.cancel(): canceling Tue Jun 11 04:32:14 UTC 2019
auto.tcl: Setting watchdog for 200 seconds at Tue Jun 11 04:32:14 UTC 2019
7 ms. Memory: 208384K Free: 194170K (93%)
ptolemy.util.test.WatchDog.cancel(): canceling Tue Jun 11 04:32:14 UTC 2019
------------------ testing $PTII/ptolemy/domains/de/test/auto/DepthTest3.xml
auto.tcl: Setting watchdog for 200 seconds at Tue Jun 11 04:32:14 UTC 2019
9 ms. Memory: 208384K Free: 198186K (95%)
ptolemy.util.test.WatchDog.cancel(): canceling Tue Jun 11 04:32:14 UTC 2019
auto.tcl: Setting watchdog for 200 seconds at Tue Jun 11 04:32:14 UTC 2019
1 ms. Memory: 208384K Free: 198186K (95%)
ptolemy.util.test.WatchDog.cancel(): canceling Tue Jun 11 04:32:14 UTC 2019
------------------ testing $PTII/ptolemy/domains/de/test/auto/DepthTest4.xml
auto.tcl: Setting watchdog for 200 seconds at Tue Jun 11 04:32:14 UTC 2019
6 ms. Memory: 208384K Free: 196214K (94%)
ptolemy.util.test.WatchDog.cancel(): canceling Tue Jun 11 04:32:14 UTC 2019
auto.tcl: Setting watchdog for 200 seconds at Tue Jun 11 04:32:14 UTC 2019
2 ms. Memory: 208384K Free: 196214K (94%)
ptolemy.util.test.WatchDog.cancel(): canceling Tue Jun 11 04:32:14 UTC 2019
------------------ testing $PTII/ptolemy/domains/de/test/auto/DepthTest5.xml
auto.tcl: Setting watchdog for 200 seconds at Tue Jun 11 04:32:14 UTC 2019
4 ms. Memory: 208384K Free: 196162K (94%)
ptolemy.util.test.WatchDog.cancel(): canceling Tue Jun 11 04:32:14 UTC 2019
auto.tcl: Setting watchdog for 200 seconds at Tue Jun 11 04:32:14 UTC 2019
3 ms. Memory: 208384K Free: 196162K (94%)
ptolemy.util.test.WatchDog.cancel(): canceling Tue Jun 11 04:32:14 UTC 2019
------------------ testing $PTII/ptolemy/domains/de/test/auto/DepthTest6.xml
auto.tcl: Setting watchdog for 200 seconds at Tue Jun 11 04:32:14 UTC 2019
10 ms. Memory: 208384K Free: 196658K (94%)
ptolemy.util.test.WatchDog.cancel(): canceling Tue Jun 11 04:32:15 UTC 2019
auto.tcl: Setting watchdog for 200 seconds at Tue Jun 11 04:32:15 UTC 2019
3 ms. Memory: 208384K Free: 196658K (94%)
ptolemy.util.test.WatchDog.cancel(): canceling Tue Jun 11 04:32:15 UTC 2019
------------------ testing $PTII/ptolemy/domains/de/test/auto/DepthTest7.xml
auto.tcl: Setting watchdog for 200 seconds at Tue Jun 11 04:32:15 UTC 2019
5 ms. Memory: 208384K Free: 196119K (94%)
ptolemy.util.test.WatchDog.cancel(): canceling Tue Jun 11 04:32:15 UTC 2019
auto.tcl: Setting watchdog for 200 seconds at Tue Jun 11 04:32:15 UTC 2019
3 ms. Memory: 208384K Free: 196119K (94%)
ptolemy.util.test.WatchDog.cancel(): canceling Tue Jun 11 04:32:15 UTC 2019
------------------ testing $PTII/ptolemy/domains/de/test/auto/EventToDate.xml
auto.tcl: Setting watchdog for 200 seconds at Tue Jun 11 04:32:15 UTC 2019
3011 ms. Memory: 208384K Free: 187880K (90%)
ptolemy.util.test.WatchDog.cancel(): canceling Tue Jun 11 04:32:18 UTC 2019
auto.tcl: Setting watchdog for 200 seconds at Tue Jun 11 04:32:18 UTC 2019
3004 ms. Memory: 208384K Free: 185823K (89%)
ptolemy.util.test.WatchDog.cancel(): canceling Tue Jun 11 04:32:21 UTC 2019
------------------ testing $PTII/ptolemy/domains/de/test/auto/FSM1.xml
auto.tcl: Setting watchdog for 200 seconds at Tue Jun 11 04:32:21 UTC 2019
18 ms. Memory: 208384K Free: 189256K (91%)
ptolemy.util.test.WatchDog.cancel(): canceling Tue Jun 11 04:32:21 UTC 2019
auto.tcl: Setting watchdog for 200 seconds at Tue Jun 11 04:32:21 UTC 2019
16 ms. Memory: 208384K Free: 185142K (89%)
ptolemy.util.test.WatchDog.cancel(): canceling Tue Jun 11 04:32:21 UTC 2019
------------------ testing $PTII/ptolemy/domains/de/test/auto/FSM7.xml
auto.tcl: Setting watchdog for 200 seconds at Tue Jun 11 04:32:21 UTC 2019
30 ms. Memory: 208384K Free: 189459K (91%)
ptolemy.util.test.WatchDog.cancel(): canceling Tue Jun 11 04:32:21 UTC 2019
auto.tcl: Setting watchdog for 200 seconds at Tue Jun 11 04:32:21 UTC 2019
20 ms. Memory: 208384K Free: 185344K (89%)
ptolemy.util.test.WatchDog.cancel(): canceling Tue Jun 11 04:32:21 UTC 2019
------------------ testing $PTII/ptolemy/domains/de/test/auto/Inspection.xml
auto.tcl: Setting watchdog for 200 seconds at Tue Jun 11 04:32:21 UTC 2019
34 ms. Memory: 208384K Free: 189133K (91%)
ptolemy.util.test.WatchDog.cancel(): canceling Tue Jun 11 04:32:21 UTC 2019
auto.tcl: Setting watchdog for 200 seconds at Tue Jun 11 04:32:21 UTC 2019
33 ms. Memory: 208384K Free: 187076K (90%)
ptolemy.util.test.WatchDog.cancel(): canceling Tue Jun 11 04:32:21 UTC 2019
------------------ testing $PTII/ptolemy/domains/de/test/auto/Iteration.xml
auto.tcl: Setting watchdog for 200 seconds at Tue Jun 11 04:32:21 UTC 2019
8 ms. Memory: 208384K Free: 195925K (94%)
ptolemy.util.test.WatchDog.cancel(): canceling Tue Jun 11 04:32:21 UTC 2019
auto.tcl: Setting watchdog for 200 seconds at Tue Jun 11 04:32:21 UTC 2019
6 ms. Memory: 208384K Free: 193868K (93%)
ptolemy.util.test.WatchDog.cancel(): canceling Tue Jun 11 04:32:21 UTC 2019
------------------ testing $PTII/ptolemy/domains/de/test/auto/LineFault.xml
auto.tcl: Setting watchdog for 200 seconds at Tue Jun 11 04:32:21 UTC 2019
724 ms. Memory: 208384K Free: 197162K (95%)
ptolemy.util.test.WatchDog.cancel(): canceling Tue Jun 11 04:32:22 UTC 2019
auto.tcl: Setting watchdog for 200 seconds at Tue Jun 11 04:32:22 UTC 2019
539 ms. Memory: 208384K Free: 141423K (68%)
ptolemy.util.test.WatchDog.cancel(): canceling Tue Jun 11 04:32:23 UTC 2019
------------------ testing $PTII/ptolemy/domains/de/test/auto/MergeModel1Add.xml
auto.tcl: Setting watchdog for 200 seconds at Tue Jun 11 04:32:23 UTC 2019
23 ms. Memory: 331264K Free: 302900K (91%)
ptolemy.util.test.WatchDog.cancel(): canceling Tue Jun 11 04:32:23 UTC 2019
auto.tcl: Setting watchdog for 200 seconds at Tue Jun 11 04:32:23 UTC 2019
8 ms. Memory: 331264K Free: 299004K (90%)
ptolemy.util.test.WatchDog.cancel(): canceling Tue Jun 11 04:32:23 UTC 2019
------------------ testing $PTII/ptolemy/domains/de/test/auto/MergeModel2Add.xml
auto.tcl: Setting watchdog for 200 seconds at Tue Jun 11 04:32:23 UTC 2019
13 ms. Memory: 331264K Free: 304222K (92%)
ptolemy.util.test.WatchDog.cancel(): canceling Tue Jun 11 04:32:23 UTC 2019
auto.tcl: Setting watchdog for 200 seconds at Tue Jun 11 04:32:23 UTC 2019
15 ms. Memory: 331264K Free: 304222K (92%)
ptolemy.util.test.WatchDog.cancel(): canceling Tue Jun 11 04:32:23 UTC 2019
------------------ testing $PTII/ptolemy/domains/de/test/auto/MergeModel3Add.xml
auto.tcl: Setting watchdog for 200 seconds at Tue Jun 11 04:32:23 UTC 2019
13 ms. Memory: 331264K Free: 304233K (92%)
ptolemy.util.test.WatchDog.cancel(): canceling Tue Jun 11 04:32:23 UTC 2019
auto.tcl: Setting watchdog for 200 seconds at Tue Jun 11 04:32:23 UTC 2019
11 ms. Memory: 331264K Free: 304233K (92%)
ptolemy.util.test.WatchDog.cancel(): canceling Tue Jun 11 04:32:23 UTC 2019
------------------ testing $PTII/ptolemy/domains/de/test/auto/MergeWithoutDiscard.xml
auto.tcl: Setting watchdog for 200 seconds at Tue Jun 11 04:32:23 UTC 2019
6 ms. Memory: 331264K Free: 320223K (97%)
ptolemy.util.test.WatchDog.cancel(): canceling Tue Jun 11 04:32:23 UTC 2019
auto.tcl: Setting watchdog for 200 seconds at Tue Jun 11 04:32:23 UTC 2019
1 ms. Memory: 331264K Free: 316327K (95%)
ptolemy.util.test.WatchDog.cancel(): canceling Tue Jun 11 04:32:23 UTC 2019
------------------ testing $PTII/ptolemy/domains/de/test/auto/Modal1.xml
auto.tcl: Setting watchdog for 200 seconds at Tue Jun 11 04:32:23 UTC 2019
17 ms. Memory: 331264K Free: 309880K (94%)
ptolemy.util.test.WatchDog.cancel(): canceling Tue Jun 11 04:32:23 UTC 2019
auto.tcl: Setting watchdog for 200 seconds at Tue Jun 11 04:32:23 UTC 2019
20 ms. Memory: 331264K Free: 305983K (92%)
ptolemy.util.test.WatchDog.cancel(): canceling Tue Jun 11 04:32:23 UTC 2019
------------------ testing $PTII/ptolemy/domains/de/test/auto/Modal2.xml
auto.tcl: Setting watchdog for 200 seconds at Tue Jun 11 04:32:24 UTC 2019
21 ms. Memory: 331264K Free: 309737K (94%)
ptolemy.util.test.WatchDog.cancel(): canceling Tue Jun 11 04:32:24 UTC 2019
auto.tcl: Setting watchdog for 200 seconds at Tue Jun 11 04:32:24 UTC 2019
19 ms. Memory: 331264K Free: 305856K (92%)
ptolemy.util.test.WatchDog.cancel(): canceling Tue Jun 11 04:32:24 UTC 2019
------------------ testing $PTII/ptolemy/domains/de/test/auto/Modal3.xml
auto.tcl: Setting watchdog for 200 seconds at Tue Jun 11 04:32:24 UTC 2019
11 ms. Memory: 331264K Free: 310190K (94%)
ptolemy.util.test.WatchDog.cancel(): canceling Tue Jun 11 04:32:24 UTC 2019
auto.tcl: Setting watchdog for 200 seconds at Tue Jun 11 04:32:24 UTC 2019
16 ms. Memory: 331264K Free: 305854K (92%)
ptolemy.util.test.WatchDog.cancel(): canceling Tue Jun 11 04:32:24 UTC 2019
------------------ testing $PTII/ptolemy/domains/de/test/auto/Modal4.xml
auto.tcl: Setting watchdog for 200 seconds at Tue Jun 11 04:32:24 UTC 2019
24 ms. Memory: 331264K Free: 309748K (94%)
ptolemy.util.test.WatchDog.cancel(): canceling Tue Jun 11 04:32:24 UTC 2019
auto.tcl: Setting watchdog for 200 seconds at Tue Jun 11 04:32:24 UTC 2019
27 ms. Memory: 331264K Free: 305868K (92%)
ptolemy.util.test.WatchDog.cancel(): canceling Tue Jun 11 04:32:24 UTC 2019
------------------ testing $PTII/ptolemy/domains/de/test/auto/Modal5.xml
auto.tcl: Setting watchdog for 200 seconds at Tue Jun 11 04:32:24 UTC 2019
17 ms. Memory: 331264K Free: 309720K (93%)
ptolemy.util.test.WatchDog.cancel(): canceling Tue Jun 11 04:32:24 UTC 2019
auto.tcl: Setting watchdog for 200 seconds at Tue Jun 11 04:32:24 UTC 2019
14 ms. Memory: 331264K Free: 305840K (92%)
ptolemy.util.test.WatchDog.cancel(): canceling Tue Jun 11 04:32:24 UTC 2019
------------------ testing $PTII/ptolemy/domains/de/test/auto/Modal6.xml
auto.tcl: Setting watchdog for 200 seconds at Tue Jun 11 04:32:24 UTC 2019
11 ms. Memory: 331264K Free: 310141K (94%)
ptolemy.util.test.WatchDog.cancel(): canceling Tue Jun 11 04:32:24 UTC 2019
auto.tcl: Setting watchdog for 200 seconds at Tue Jun 11 04:32:24 UTC 2019
13 ms. Memory: 331264K Free: 306252K (92%)
ptolemy.util.test.WatchDog.cancel(): canceling Tue Jun 11 04:32:24 UTC 2019
------------------ testing $PTII/ptolemy/domains/de/test/auto/Modal7.xml
auto.tcl: Setting watchdog for 200 seconds at Tue Jun 11 04:32:24 UTC 2019
9 ms. Memory: 331264K Free: 309686K (93%)
ptolemy.util.test.WatchDog.cancel(): canceling Tue Jun 11 04:32:24 UTC 2019
auto.tcl: Setting watchdog for 200 seconds at Tue Jun 11 04:32:24 UTC 2019
10 ms. Memory: 331264K Free: 305805K (92%)
ptolemy.util.test.WatchDog.cancel(): canceling Tue Jun 11 04:32:24 UTC 2019
------------------ testing $PTII/ptolemy/domains/de/test/auto/ModalModel.xml
auto.tcl: Setting watchdog for 200 seconds at Tue Jun 11 04:32:24 UTC 2019
208 ms. Memory: 331264K Free: 252604K (76%)
ptolemy.util.test.WatchDog.cancel(): canceling Tue Jun 11 04:32:24 UTC 2019
auto.tcl: Setting watchdog for 200 seconds at Tue Jun 11 04:32:24 UTC 2019
174 ms. Memory: 331264K Free: 194172K (59%)
ptolemy.util.test.WatchDog.cancel(): canceling Tue Jun 11 04:32:25 UTC 2019
------------------ testing $PTII/ptolemy/domains/de/test/auto/ModalSource.xml
auto.tcl: Setting watchdog for 200 seconds at Tue Jun 11 04:32:25 UTC 2019
7 ms. Memory: 331264K Free: 316426K (96%)
ptolemy.util.test.WatchDog.cancel(): canceling Tue Jun 11 04:32:25 UTC 2019
auto.tcl: Setting watchdog for 200 seconds at Tue Jun 11 04:32:25 UTC 2019
6 ms. Memory: 331264K Free: 312945K (94%)
ptolemy.util.test.WatchDog.cancel(): canceling Tue Jun 11 04:32:25 UTC 2019
------------------ testing $PTII/ptolemy/domains/de/test/auto/NonInterruptibleTimerZeroDelay.xml
auto.tcl: Setting watchdog for 200 seconds at Tue Jun 11 04:32:25 UTC 2019
5 ms. Memory: 331264K Free: 320861K (97%)
ptolemy.util.test.WatchDog.cancel(): canceling Tue Jun 11 04:32:25 UTC 2019
auto.tcl: Setting watchdog for 200 seconds at Tue Jun 11 04:32:25 UTC 2019
3 ms. Memory: 331264K Free: 317380K (96%)
ptolemy.util.test.WatchDog.cancel(): canceling Tue Jun 11 04:32:25 UTC 2019
------------------ testing $PTII/ptolemy/domains/de/test/auto/OpenQueueingNetwork.xml
auto.tcl: Setting watchdog for 200 seconds at Tue Jun 11 04:32:25 UTC 2019
2626 ms. Memory: 573952K Free: 421176K (73%)
ptolemy.util.test.WatchDog.cancel(): canceling Tue Jun 11 04:32:28 UTC 2019
auto.tcl: Setting watchdog for 200 seconds at Tue Jun 11 04:32:28 UTC 2019
2147 ms. Memory: 574464K Free: 351523K (61%)
ptolemy.util.test.WatchDog.cancel(): canceling Tue Jun 11 04:32:30 UTC 2019
------------------ testing $PTII/ptolemy/domains/de/test/auto/OpenQueuingNetwork.xml
auto.tcl: Setting watchdog for 200 seconds at Tue Jun 11 04:32:30 UTC 2019
229 ms. Memory: 1064960K Free: 945365K (89%)
ptolemy.util.test.WatchDog.cancel(): canceling Tue Jun 11 04:32:30 UTC 2019
auto.tcl: Setting watchdog for 200 seconds at Tue Jun 11 04:32:30 UTC 2019
209 ms. Memory: 1064960K Free: 888396K (83%)
ptolemy.util.test.WatchDog.cancel(): canceling Tue Jun 11 04:32:30 UTC 2019
------------------ testing $PTII/ptolemy/domains/de/test/auto/PeriodicSampler.xml
auto.tcl: Setting watchdog for 200 seconds at Tue Jun 11 04:32:30 UTC 2019
4 ms. Memory: 1065472K Free: 1039186K (98%)
ptolemy.util.test.WatchDog.cancel(): canceling Tue Jun 11 04:32:30 UTC 2019
auto.tcl: Setting watchdog for 200 seconds at Tue Jun 11 04:32:30 UTC 2019
2 ms. Memory: 1065472K Free: 1039186K (98%)
ptolemy.util.test.WatchDog.cancel(): canceling Tue Jun 11 04:32:30 UTC 2019
------------------ testing $PTII/ptolemy/domains/de/test/auto/PersistentIO.xml
auto.tcl: Setting watchdog for 200 seconds at Tue Jun 11 04:32:30 UTC 2019
9 ms. Memory: 1065472K Free: 1029954K (97%)
ptolemy.util.test.WatchDog.cancel(): canceling Tue Jun 11 04:32:31 UTC 2019
auto.tcl: Setting watchdog for 200 seconds at Tue Jun 11 04:32:31 UTC 2019
5 ms. Memory: 1065472K Free: 1029954K (97%)
ptolemy.util.test.WatchDog.cancel(): canceling Tue Jun 11 04:32:31 UTC 2019
------------------ testing $PTII/ptolemy/domains/de/test/auto/PortParameterResetOnInitialize.xml
auto.tcl: Setting watchdog for 200 seconds at Tue Jun 11 04:32:31 UTC 2019
2 ms. Memory: 1065472K Free: 1029817K (97%)
ptolemy.util.test.WatchDog.cancel(): canceling Tue Jun 11 04:32:31 UTC 2019
auto.tcl: Setting watchdog for 200 seconds at Tue Jun 11 04:32:31 UTC 2019
2 ms. Memory: 1065472K Free: 1029817K (97%)
ptolemy.util.test.WatchDog.cancel(): canceling Tue Jun 11 04:32:31 UTC 2019
------------------ testing $PTII/ptolemy/domains/de/test/auto/PortParameterUpdates.xml
auto.tcl: Setting watchdog for 200 seconds at Tue Jun 11 04:32:31 UTC 2019
3 ms. Memory: 1065472K Free: 1029208K (97%)
ptolemy.util.test.WatchDog.cancel(): canceling Tue Jun 11 04:32:31 UTC 2019
auto.tcl: Setting watchdog for 200 seconds at Tue Jun 11 04:32:31 UTC 2019
3 ms. Memory: 1065472K Free: 1029208K (97%)
ptolemy.util.test.WatchDog.cancel(): canceling Tue Jun 11 04:32:31 UTC 2019
------------------ testing $PTII/ptolemy/domains/de/test/auto/QueueAndServer.xml
auto.tcl: Setting watchdog for 200 seconds at Tue Jun 11 04:32:31 UTC 2019
13 ms. Memory: 1065472K Free: 1038993K (98%)
ptolemy.util.test.WatchDog.cancel(): canceling Tue Jun 11 04:32:31 UTC 2019
auto.tcl: Setting watchdog for 200 seconds at Tue Jun 11 04:32:31 UTC 2019
6 ms. Memory: 1065472K Free: 1038993K (98%)
ptolemy.util.test.WatchDog.cancel(): canceling Tue Jun 11 04:32:31 UTC 2019
------------------ testing $PTII/ptolemy/domains/de/test/auto/Records.xml
auto.tcl: Setting watchdog for 200 seconds at Tue Jun 11 04:32:31 UTC 2019
5 ms. Memory: 1065472K Free: 1038934K (98%)
ptolemy.util.test.WatchDog.cancel(): canceling Tue Jun 11 04:32:31 UTC 2019
auto.tcl: Setting watchdog for 200 seconds at Tue Jun 11 04:32:31 UTC 2019
2 ms. Memory: 1065472K Free: 1038934K (98%)
ptolemy.util.test.WatchDog.cancel(): canceling Tue Jun 11 04:32:31 UTC 2019
------------------ testing $PTII/ptolemy/domains/de/test/auto/ResetTransitionWithStartTime1.xml
auto.tcl: Setting watchdog for 200 seconds at Tue Jun 11 04:32:31 UTC 2019
6 ms. Memory: 1065472K Free: 1039701K (98%)
ptolemy.util.test.WatchDog.cancel(): canceling Tue Jun 11 04:32:31 UTC 2019
auto.tcl: Setting watchdog for 200 seconds at Tue Jun 11 04:32:31 UTC 2019
5 ms. Memory: 1065472K Free: 1039701K (98%)
ptolemy.util.test.WatchDog.cancel(): canceling Tue Jun 11 04:32:31 UTC 2019
------------------ testing $PTII/ptolemy/domains/de/test/auto/ResetTransitionWithStartTime2.xml
auto.tcl: Setting watchdog for 200 seconds at Tue Jun 11 04:32:31 UTC 2019
14 ms. Memory: 1064448K Free: 1037927K (98%)
ptolemy.util.test.WatchDog.cancel(): canceling Tue Jun 11 04:32:31 UTC 2019
auto.tcl: Setting watchdog for 200 seconds at Tue Jun 11 04:32:31 UTC 2019
7 ms. Memory: 1064448K Free: 1037927K (98%)
ptolemy.util.test.WatchDog.cancel(): canceling Tue Jun 11 04:32:31 UTC 2019
------------------ testing $PTII/ptolemy/domains/de/test/auto/ResetTransitionWithStartTime3.xml
auto.tcl: Setting watchdog for 200 seconds at Tue Jun 11 04:32:31 UTC 2019
10 ms. Memory: 1064960K Free: 1039179K (98%)
ptolemy.util.test.WatchDog.cancel(): canceling Tue Jun 11 04:32:31 UTC 2019
auto.tcl: Setting watchdog for 200 seconds at Tue Jun 11 04:32:31 UTC 2019
10 ms. Memory: 1064960K Free: 1038437K (98%)
ptolemy.util.test.WatchDog.cancel(): canceling Tue Jun 11 04:32:31 UTC 2019
------------------ testing $PTII/ptolemy/domains/de/test/auto/ResetTransitionWithStartTime4.xml
auto.tcl: Setting watchdog for 200 seconds at Tue Jun 11 04:32:31 UTC 2019
6 ms. Memory: 1064960K Free: 1038435K (98%)
ptolemy.util.test.WatchDog.cancel(): canceling Tue Jun 11 04:32:31 UTC 2019
auto.tcl: Setting watchdog for 200 seconds at Tue Jun 11 04:32:31 UTC 2019
4 ms. Memory: 1064960K Free: 1038435K (98%)
ptolemy.util.test.WatchDog.cancel(): canceling Tue Jun 11 04:32:31 UTC 2019
------------------ testing $PTII/ptolemy/domains/de/test/auto/ResettableTimer1.xml
auto.tcl: Setting watchdog for 200 seconds at Tue Jun 11 04:32:31 UTC 2019
5 ms. Memory: 1064960K Free: 1038431K (98%)
ptolemy.util.test.WatchDog.cancel(): canceling Tue Jun 11 04:32:31 UTC 2019
auto.tcl: Setting watchdog for 200 seconds at Tue Jun 11 04:32:31 UTC 2019
2 ms. Memory: 1064960K Free: 1038431K (98%)
ptolemy.util.test.WatchDog.cancel(): canceling Tue Jun 11 04:32:31 UTC 2019
------------------ testing $PTII/ptolemy/domains/de/test/auto/ResettableTimer2.xml
auto.tcl: Setting watchdog for 200 seconds at Tue Jun 11 04:32:31 UTC 2019
2 ms. Memory: 1064960K Free: 1039229K (98%)
ptolemy.util.test.WatchDog.cancel(): canceling Tue Jun 11 04:32:31 UTC 2019
auto.tcl: Setting watchdog for 200 seconds at Tue Jun 11 04:32:31 UTC 2019
3 ms. Memory: 1064960K Free: 1039229K (98%)
ptolemy.util.test.WatchDog.cancel(): canceling Tue Jun 11 04:32:31 UTC 2019
------------------ testing $PTII/ptolemy/domains/de/test/auto/ResettableTimer3.xml
auto.tcl: Setting watchdog for 200 seconds at Tue Jun 11 04:32:31 UTC 2019
6 ms. Memory: 1064960K Free: 1038487K (98%)
ptolemy.util.test.WatchDog.cancel(): canceling Tue Jun 11 04:32:31 UTC 2019
auto.tcl: Setting watchdog for 200 seconds at Tue Jun 11 04:32:31 UTC 2019
1 ms. Memory: 1064960K Free: 1038487K (98%)
ptolemy.util.test.WatchDog.cancel(): canceling Tue Jun 11 04:32:31 UTC 2019
------------------ testing $PTII/ptolemy/domains/de/test/auto/ResettableTimer4.xml
auto.tcl: Setting watchdog for 200 seconds at Tue Jun 11 04:32:31 UTC 2019
1 ms. Memory: 1063936K Free: 1038217K (98%)
ptolemy.util.test.WatchDog.cancel(): canceling Tue Jun 11 04:32:31 UTC 2019
auto.tcl: Setting watchdog for 200 seconds at Tue Jun 11 04:32:31 UTC 2019
1 ms. Memory: 1063936K Free: 1038217K (98%)
ptolemy.util.test.WatchDog.cancel(): canceling Tue Jun 11 04:32:31 UTC 2019
------------------ testing $PTII/ptolemy/domains/de/test/auto/ResettableTimer5.xml
auto.tcl: Setting watchdog for 200 seconds at Tue Jun 11 04:32:31 UTC 2019
2 ms. Memory: 1064448K Free: 1028907K (97%)
ptolemy.util.test.WatchDog.cancel(): canceling Tue Jun 11 04:32:32 UTC 2019
auto.tcl: Setting watchdog for 200 seconds at Tue Jun 11 04:32:32 UTC 2019
2 ms. Memory: 1064448K Free: 1028907K (97%)
ptolemy.util.test.WatchDog.cancel(): canceling Tue Jun 11 04:32:32 UTC 2019
------------------ testing $PTII/ptolemy/domains/de/test/auto/ResettableTimer6.xml
auto.tcl: Setting watchdog for 200 seconds at Tue Jun 11 04:32:32 UTC 2019
1 ms. Memory: 1064448K Free: 1028115K (97%)
ptolemy.util.test.WatchDog.cancel(): canceling Tue Jun 11 04:32:32 UTC 2019
auto.tcl: Setting watchdog for 200 seconds at Tue Jun 11 04:32:32 UTC 2019
2 ms. Memory: 1064448K Free: 1028115K (97%)
ptolemy.util.test.WatchDog.cancel(): canceling Tue Jun 11 04:32:32 UTC 2019
------------------ testing $PTII/ptolemy/domains/de/test/auto/ServerZeroDelay.xml
auto.tcl: Setting watchdog for 200 seconds at Tue Jun 11 04:32:32 UTC 2019
3 ms. Memory: 1064448K Free: 1038667K (98%)
ptolemy.util.test.WatchDog.cancel(): canceling Tue Jun 11 04:32:32 UTC 2019
auto.tcl: Setting watchdog for 200 seconds at Tue Jun 11 04:32:32 UTC 2019
3 ms. Memory: 1064448K Free: 1038667K (98%)
ptolemy.util.test.WatchDog.cancel(): canceling Tue Jun 11 04:32:32 UTC 2019
------------------ testing $PTII/ptolemy/domains/de/test/auto/SmartSender.xml
auto.tcl: Setting watchdog for 200 seconds at Tue Jun 11 04:32:32 UTC 2019
3001 ms. Memory: 1064448K Free: 1028843K (97%)
ptolemy.util.test.WatchDog.cancel(): canceling Tue Jun 11 04:32:35 UTC 2019
auto.tcl: Setting watchdog for 200 seconds at Tue Jun 11 04:32:35 UTC 2019
3001 ms. Memory: 1064448K Free: 1028843K (97%)
ptolemy.util.test.WatchDog.cancel(): canceling Tue Jun 11 04:32:38 UTC 2019
------------------ testing $PTII/ptolemy/domains/de/test/auto/ThreadedComposite.xml
auto.tcl: Setting watchdog for 200 seconds at Tue Jun 11 04:32:38 UTC 2019
257 ms. Memory: 1064448K Free: 997059K (94%)
ptolemy.util.test.WatchDog.cancel(): canceling Tue Jun 11 04:32:38 UTC 2019
auto.tcl: Setting watchdog for 200 seconds at Tue Jun 11 04:32:38 UTC 2019
198 ms. Memory: 1064448K Free: 977418K (92%)
ptolemy.util.test.WatchDog.cancel(): canceling Tue Jun 11 04:32:38 UTC 2019
------------------ testing $PTII/ptolemy/domains/de/test/auto/Time.xml
auto.tcl: Setting watchdog for 200 seconds at Tue Jun 11 04:32:38 UTC 2019
498 ms. Memory: 1064448K Free: 988546K (93%)
ptolemy.util.test.WatchDog.cancel(): canceling Tue Jun 11 04:32:39 UTC 2019
auto.tcl: Setting watchdog for 200 seconds at Tue Jun 11 04:32:39 UTC 2019
500 ms. Memory: 1064448K Free: 931547K (88%)
ptolemy.util.test.WatchDog.cancel(): canceling Tue Jun 11 04:32:39 UTC 2019
------------------ testing $PTII/ptolemy/domains/de/test/auto/TimeDelayZeroDelay.xml
auto.tcl: Setting watchdog for 200 seconds at Tue Jun 11 04:32:39 UTC 2019
2 ms. Memory: 1064448K Free: 1037844K (98%)
ptolemy.util.test.WatchDog.cancel(): canceling Tue Jun 11 04:32:39 UTC 2019
auto.tcl: Setting watchdog for 200 seconds at Tue Jun 11 04:32:39 UTC 2019
2 ms. Memory: 1064448K Free: 1037844K (98%)
ptolemy.util.test.WatchDog.cancel(): canceling Tue Jun 11 04:32:39 UTC 2019
------------------ testing $PTII/ptolemy/domains/de/test/auto/TimerZeroDelay.xml
auto.tcl: Setting watchdog for 200 seconds at Tue Jun 11 04:32:40 UTC 2019
4 ms. Memory: 1063424K Free: 1036864K (98%)
ptolemy.util.test.WatchDog.cancel(): canceling Tue Jun 11 04:32:40 UTC 2019
auto.tcl: Setting watchdog for 200 seconds at Tue Jun 11 04:32:40 UTC 2019
2 ms. Memory: 1063424K Free: 1036864K (98%)
ptolemy.util.test.WatchDog.cancel(): canceling Tue Jun 11 04:32:40 UTC 2019
------------------ testing $PTII/ptolemy/domains/de/test/auto/TimingParadox.xml
auto.tcl: Setting watchdog for 200 seconds at Tue Jun 11 04:32:40 UTC 2019
410 ms. Memory: 1063936K Free: 985083K (93%)
ptolemy.util.test.WatchDog.cancel(): canceling Tue Jun 11 04:32:40 UTC 2019
auto.tcl: Setting watchdog for 200 seconds at Tue Jun 11 04:32:40 UTC 2019
387 ms. Memory: 1063936K Free: 939468K (88%)
ptolemy.util.test.WatchDog.cancel(): canceling Tue Jun 11 04:32:40 UTC 2019
------------------ testing $PTII/ptolemy/domains/de/test/auto/TransferInputs.xml
auto.tcl: Setting watchdog for 200 seconds at Tue Jun 11 04:32:41 UTC 2019
1 ms. Memory: 1063424K Free: 1036578K (97%)
ptolemy.util.test.WatchDog.cancel(): canceling Tue Jun 11 04:32:41 UTC 2019
auto.tcl: Setting watchdog for 200 seconds at Tue Jun 11 04:32:41 UTC 2019
1 ms. Memory: 1063424K Free: 1036578K (97%)
ptolemy.util.test.WatchDog.cancel(): canceling Tue Jun 11 04:32:41 UTC 2019
------------------ testing $PTII/ptolemy/domains/de/test/auto/TransferOutputs2.xml
auto.tcl: Setting watchdog for 200 seconds at Tue Jun 11 04:32:41 UTC 2019
8 ms. Memory: 1063936K Free: 1038191K (98%)
ptolemy.util.test.WatchDog.cancel(): canceling Tue Jun 11 04:32:41 UTC 2019
auto.tcl: Setting watchdog for 200 seconds at Tue Jun 11 04:32:41 UTC 2019
3 ms. Memory: 1063936K Free: 1038191K (98%)
ptolemy.util.test.WatchDog.cancel(): canceling Tue Jun 11 04:32:41 UTC 2019
------------------ testing $PTII/ptolemy/domains/de/test/auto/Trilateration.xml
auto.tcl: Setting watchdog for 200 seconds at Tue Jun 11 04:32:41 UTC 2019
13754 ms. Memory: 933376K Free: 775919K (83%)
ptolemy.util.test.WatchDog.cancel(): canceling Tue Jun 11 04:32:55 UTC 2019
auto.tcl: Setting watchdog for 200 seconds at Tue Jun 11 04:32:55 UTC 2019
10860 ms. Memory: 812544K Free: 488203K (60%)
ptolemy.util.test.WatchDog.cancel(): canceling Tue Jun 11 04:33:06 UTC 2019
------------------ testing $PTII/ptolemy/domains/de/test/auto/TwoSigmaDelta.xml
auto.tcl: Setting watchdog for 200 seconds at Tue Jun 11 04:33:06 UTC 2019
2854 ms. Memory: 816640K Free: 497518K (61%)
ptolemy.util.test.WatchDog.cancel(): canceling Tue Jun 11 04:33:09 UTC 2019
auto.tcl: Setting watchdog for 200 seconds at Tue Jun 11 04:33:09 UTC 2019
2076 ms. Memory: 816640K Free: 264175K (32%)
ptolemy.util.test.WatchDog.cancel(): canceling Tue Jun 11 04:33:11 UTC 2019
------------------ testing $PTII/ptolemy/domains/de/test/auto/VariableDelay.xml
auto.tcl: Setting watchdog for 200 seconds at Tue Jun 11 04:33:11 UTC 2019
3 ms. Memory: 813056K Free: 790279K (97%)
ptolemy.util.test.WatchDog.cancel(): canceling Tue Jun 11 04:33:12 UTC 2019
auto.tcl: Setting watchdog for 200 seconds at Tue Jun 11 04:33:12 UTC 2019
2 ms. Memory: 813056K Free: 790279K (97%)
ptolemy.util.test.WatchDog.cancel(): canceling Tue Jun 11 04:33:12 UTC 2019
------------------ testing $PTII/ptolemy/domains/de/test/auto/VariableDelay2.xml
auto.tcl: Setting watchdog for 200 seconds at Tue Jun 11 04:33:12 UTC 2019
7 ms. Memory: 812544K Free: 789760K (97%)
ptolemy.util.test.WatchDog.cancel(): canceling Tue Jun 11 04:33:12 UTC 2019
auto.tcl: Setting watchdog for 200 seconds at Tue Jun 11 04:33:12 UTC 2019
2 ms. Memory: 812544K Free: 789760K (97%)
ptolemy.util.test.WatchDog.cancel(): canceling Tue Jun 11 04:33:12 UTC 2019
------------------ testing $PTII/ptolemy/domains/de/test/auto/VariableDelayZeroDelay.xml
auto.tcl: Setting watchdog for 200 seconds at Tue Jun 11 04:33:12 UTC 2019
3 ms. Memory: 812544K Free: 789759K (97%)
ptolemy.util.test.WatchDog.cancel(): canceling Tue Jun 11 04:33:12 UTC 2019
auto.tcl: Setting watchdog for 200 seconds at Tue Jun 11 04:33:12 UTC 2019
8 ms. Memory: 812544K Free: 789695K (97%)
ptolemy.util.test.WatchDog.cancel(): canceling Tue Jun 11 04:33:12 UTC 2019
------------------ testing $PTII/ptolemy/domains/de/test/auto/VariableDelayZeroDelay2.xml
auto.tcl: Setting watchdog for 200 seconds at Tue Jun 11 04:33:12 UTC 2019
2 ms. Memory: 815616K Free: 792829K (97%)
ptolemy.util.test.WatchDog.cancel(): canceling Tue Jun 11 04:33:12 UTC 2019
auto.tcl: Setting watchdog for 200 seconds at Tue Jun 11 04:33:12 UTC 2019
2 ms. Memory: 815616K Free: 792829K (97%)
ptolemy.util.test.WatchDog.cancel(): canceling Tue Jun 11 04:33:12 UTC 2019
------------------ testing $PTII/ptolemy/domains/de/test/auto/deInCt.xml
auto.tcl: Setting watchdog for 200 seconds at Tue Jun 11 04:33:12 UTC 2019
0
1
1
1
1
0
0
0
1
1
1
0
0
1
1
1
1
1
0
0
0
1
1
1
0
0
0
0
1
1
1
1
1
1
9 ms. Memory: 812544K Free: 782378K (96%)
ptolemy.util.test.WatchDog.cancel(): canceling Tue Jun 11 04:33:12 UTC 2019
auto.tcl: Setting watchdog for 200 seconds at Tue Jun 11 04:33:12 UTC 2019
0
1
1
1
1
1
0
0
0
0
1
1
1
1
1
1
0
0
0
1
1
1
0
0
0
0
7 ms. Memory: 812544K Free: 782378K (96%)
ptolemy.util.test.WatchDog.cancel(): canceling Tue Jun 11 04:33:12 UTC 2019
------------------ testing $PTII/ptolemy/domains/de/test/auto/deInCt2.xml
auto.tcl: Setting watchdog for 200 seconds at Tue Jun 11 04:33:12 UTC 2019
0
1
1
1
0
0
1
1
1
0
0
1
1
1
0
0
1
1
1
0
0
1
1
1
0
0
1
1
1
0
0
1
1
1
0
0
1
1
1
0
0
0
5 ms. Memory: 815616K Free: 792761K (97%)
ptolemy.util.test.WatchDog.cancel(): canceling Tue Jun 11 04:33:12 UTC 2019
auto.tcl: Setting watchdog for 200 seconds at Tue Jun 11 04:33:12 UTC 2019
0
1
1
1
0
0
1
1
1
0
0
1
1
1
0
0
1
1
1
0
0
1
1
1
0
0
1
1
1
0
0
1
1
1
0
0
1
1
1
0
0
0
6 ms. Memory: 815616K Free: 792761K (97%)
ptolemy.util.test.WatchDog.cancel(): canceling Tue Jun 11 04:33:12 UTC 2019
------------------ testing $PTII/ptolemy/domains/de/test/auto/dynamicCausalityInterface1.xml
auto.tcl: Setting watchdog for 200 seconds at Tue Jun 11 04:33:12 UTC 2019
1 ms. Memory: 812544K Free: 789748K (97%)
ptolemy.util.test.WatchDog.cancel(): canceling Tue Jun 11 04:33:12 UTC 2019
auto.tcl: Setting watchdog for 200 seconds at Tue Jun 11 04:33:12 UTC 2019
1 ms. Memory: 812544K Free: 789748K (97%)
ptolemy.util.test.WatchDog.cancel(): canceling Tue Jun 11 04:33:12 UTC 2019
------------------ testing $PTII/ptolemy/domains/de/test/auto/fsm_de_test.xml
auto.tcl: Setting watchdog for 200 seconds at Tue Jun 11 04:33:12 UTC 2019
7 ms. Memory: 815104K Free: 784891K (96%)
ptolemy.util.test.WatchDog.cancel(): canceling Tue Jun 11 04:33:12 UTC 2019
auto.tcl: Setting watchdog for 200 seconds at Tue Jun 11 04:33:12 UTC 2019
5 ms. Memory: 815104K Free: 784891K (96%)
ptolemy.util.test.WatchDog.cancel(): canceling Tue Jun 11 04:33:12 UTC 2019
------------------ testing $PTII/ptolemy/domains/de/test/auto/functionDependencyReconstruction.xml
auto.tcl: Setting watchdog for 200 seconds at Tue Jun 11 04:33:12 UTC 2019
5 ms. Memory: 812544K Free: 771978K (95%)
ptolemy.util.test.WatchDog.cancel(): canceling Tue Jun 11 04:33:12 UTC 2019
auto.tcl: Setting watchdog for 200 seconds at Tue Jun 11 04:33:12 UTC 2019
2 ms. Memory: 812544K Free: 771978K (95%)
ptolemy.util.test.WatchDog.cancel(): canceling Tue Jun 11 04:33:12 UTC 2019
------------------ testing $PTII/ptolemy/domains/de/test/auto/multirate.xml
auto.tcl: Setting watchdog for 200 seconds at Tue Jun 11 04:33:12 UTC 2019
6 ms. Memory: 814592K Free: 784246K (96%)
ptolemy.util.test.WatchDog.cancel(): canceling Tue Jun 11 04:33:12 UTC 2019
auto.tcl: Setting watchdog for 200 seconds at Tue Jun 11 04:33:12 UTC 2019
3 ms. Memory: 814592K Free: 784246K (96%)
ptolemy.util.test.WatchDog.cancel(): canceling Tue Jun 11 04:33:12 UTC 2019
------------------ testing $PTII/ptolemy/domains/de/test/auto/multirate2.xml
auto.tcl: Setting watchdog for 200 seconds at Tue Jun 11 04:33:12 UTC 2019
4 ms. Memory: 812544K Free: 782386K (96%)
ptolemy.util.test.WatchDog.cancel(): canceling Tue Jun 11 04:33:12 UTC 2019
auto.tcl: Setting watchdog for 200 seconds at Tue Jun 11 04:33:12 UTC 2019
2 ms. Memory: 812544K Free: 782386K (96%)
ptolemy.util.test.WatchDog.cancel(): canceling Tue Jun 11 04:33:12 UTC 2019
------------------ testing $PTII/ptolemy/domains/de/test/auto/realtime.xml
auto.tcl: Setting watchdog for 200 seconds at Tue Jun 11 04:33:12 UTC 2019
10002 ms. Memory: 814592K Free: 777057K (95%)
ptolemy.util.test.WatchDog.cancel(): canceling Tue Jun 11 04:33:22 UTC 2019
auto.tcl: Setting watchdog for 200 seconds at Tue Jun 11 04:33:22 UTC 2019
10003 ms. Memory: 814592K Free: 777057K (95%)
ptolemy.util.test.WatchDog.cancel(): canceling Tue Jun 11 04:33:32 UTC 2019
------------------ testing $PTII/ptolemy/domains/de/test/auto/relationGroup.xml
auto.tcl: Setting watchdog for 200 seconds at Tue Jun 11 04:33:32 UTC 2019
1 ms. Memory: 812544K Free: 789722K (97%)
ptolemy.util.test.WatchDog.cancel(): canceling Tue Jun 11 04:33:32 UTC 2019
auto.tcl: Setting watchdog for 200 seconds at Tue Jun 11 04:33:32 UTC 2019
2 ms. Memory: 812544K Free: 789722K (97%)
ptolemy.util.test.WatchDog.cancel(): canceling Tue Jun 11 04:33:32 UTC 2019
------------------ testing $PTII/ptolemy/domains/de/test/auto/relationGroup2.xml
auto.tcl: Setting watchdog for 200 seconds at Tue Jun 11 04:33:33 UTC 2019
3 ms. Memory: 814080K Free: 783973K (96%)
ptolemy.util.test.WatchDog.cancel(): canceling Tue Jun 11 04:33:33 UTC 2019
auto.tcl: Setting watchdog for 200 seconds at Tue Jun 11 04:33:33 UTC 2019
1 ms. Memory: 814080K Free: 783973K (96%)
ptolemy.util.test.WatchDog.cancel(): canceling Tue Jun 11 04:33:33 UTC 2019
------------------ testing $PTII/ptolemy/domains/de/test/auto/sortWithOpaquePorts.xml
auto.tcl: Setting watchdog for 200 seconds at Tue Jun 11 04:33:33 UTC 2019
4 ms. Memory: 812544K Free: 782437K (96%)
ptolemy.util.test.WatchDog.cancel(): canceling Tue Jun 11 04:33:33 UTC 2019
auto.tcl: Setting watchdog for 200 seconds at Tue Jun 11 04:33:33 UTC 2019
2 ms. Memory: 812544K Free: 782437K (96%)
ptolemy.util.test.WatchDog.cancel(): canceling Tue Jun 11 04:33:33 UTC 2019
------------------ testing $PTII/ptolemy/domains/de/test/auto/transferInputsandOutputs.xml
auto.tcl: Setting watchdog for 200 seconds at Tue Jun 11 04:33:33 UTC 2019
2 ms. Memory: 814080K Free: 783960K (96%)
ptolemy.util.test.WatchDog.cancel(): canceling Tue Jun 11 04:33:33 UTC 2019
auto.tcl: Setting watchdog for 200 seconds at Tue Jun 11 04:33:33 UTC 2019
2 ms. Memory: 814080K Free: 783960K (96%)
ptolemy.util.test.WatchDog.cancel(): canceling Tue Jun 11 04:33:33 UTC 2019
------------------ testing $PTII/ptolemy/domains/de/test/auto/triggerType.xml
auto.tcl: Setting watchdog for 200 seconds at Tue Jun 11 04:33:33 UTC 2019
2 ms. Memory: 812544K Free: 782373K (96%)
ptolemy.util.test.WatchDog.cancel(): canceling Tue Jun 11 04:33:33 UTC 2019
auto.tcl: Setting watchdog for 200 seconds at Tue Jun 11 04:33:33 UTC 2019
2 ms. Memory: 812544K Free: 782373K (96%)
ptolemy.util.test.WatchDog.cancel(): canceling Tue Jun 11 04:33:33 UTC 2019
06/11/19 04:33:33
Failed: 0  Total Tests: 192  ((Passed: 187, Newly Passed: 1)  Known Failed: 5) /home/travis/build/icyphy/ptII/ptolemy/domains/de/test
06/11/19 04:33:33
Failed: 0  Total Tests: 192  ((Passed: 187, Newly Passed: 1)  Known Failed: 5) /home/travis/build/icyphy/ptII/ptolemy/domains/de/test
----------------- testing (KnownFailure) /home/travis/build/icyphy/ptII/ptolemy/domains/de/test/auto/knownFailedTests/DESDFClockTest.xml
2011 ms. Memory: 813568K Free: 768764K (94%)
Known Failure: java.lang.reflect.InvocationTargetException
----------------- testing (KnownFailure) /home/travis/build/icyphy/ptII/ptolemy/domains/de/test/auto/knownFailedTests/DirectFeedback.xml
2 ms. Memory: 813568K Free: 710273K (87%)
Known Failure: java.lang.reflect.InvocationTargetException
----------------- testing (KnownFailure) /home/travis/build/icyphy/ptII/ptolemy/domains/de/test/auto/knownFailedTests/FSMSource.xml
9 ms. Memory: 813568K Free: 651781K (80%)
----------------- testing (KnownFailure) /home/travis/build/icyphy/ptII/ptolemy/domains/de/test/auto/knownFailedTests/HierarchicalModel.xml
2 ms. Memory: 813568K Free: 607897K (75%)
Known Failure: java.lang.reflect.InvocationTargetException
----------------- testing (KnownFailure) /home/travis/build/icyphy/ptII/ptolemy/domains/de/test/auto/knownFailedTests/dependencyLoop.xml
6 ms. Memory: 813568K Free: 549406K (68%)
Known Failure: java.lang.reflect.InvocationTargetException
----------------- testing (KnownFailure) /home/travis/build/icyphy/ptII/ptolemy/domains/de/test/auto/knownFailedTests/dependencyLoop2.xml
6 ms. Memory: 813568K Free: 490915K (60%)
Known Failure: java.lang.reflect.InvocationTargetException
No auto/linux-amd64/*.xml tests in /home/travis/build/icyphy/ptII/ptolemy/domains/de/test
AutoTests.java: About to close Vertx.
AutoTests.java: Vertx closed.

===========================================================================================
----------------- testing Tue Jun 11 04:33:35 UTC 2019 /home/travis/build/icyphy/ptII/ptolemy/domains/de/test/auto/ActorDepthCalculation_actorWithoutPorts.xml
----------------- Instantiating /home/travis/build/icyphy/ptII/ptolemy/domains/de/test/auto/ActorDepthCalculation_actorWithoutPorts.xml
1 ms. Memory: 813568K Free: 417801K (51%)
----------------- Invoking toplevel() on ptolemy.moml.MoMLSimpleApplication@26ae6f5b
----------------- Done invoking toplevel() on ptolemy.moml.MoMLSimpleApplication@26ae6f5b
reloadAllAccessors: .ActorDepthCalculation_actorWithoutPorts

===========================================================================================
----------------- testing Tue Jun 11 04:33:35 UTC 2019 /home/travis/build/icyphy/ptII/ptolemy/domains/de/test/auto/AssemblyLine.xml
----------------- Instantiating /home/travis/build/icyphy/ptII/ptolemy/domains/de/test/auto/AssemblyLine.xml
2 ms. Memory: 813568K Free: 388555K (48%)
----------------- Invoking toplevel() on ptolemy.moml.MoMLSimpleApplication@114741a9
----------------- Done invoking toplevel() on ptolemy.moml.MoMLSimpleApplication@114741a9
reloadAllAccessors: .AssemblyLine

===========================================================================================
----------------- testing Tue Jun 11 04:33:35 UTC 2019 /home/travis/build/icyphy/ptII/ptolemy/domains/de/test/auto/CQBug1.xml
----------------- Instantiating /home/travis/build/icyphy/ptII/ptolemy/domains/de/test/auto/CQBug1.xml
3 ms. Memory: 813568K Free: 359310K (44%)
----------------- Invoking toplevel() on ptolemy.moml.MoMLSimpleApplication@37e673f
----------------- Done invoking toplevel() on ptolemy.moml.MoMLSimpleApplication@37e673f
reloadAllAccessors: .CQBug1

===========================================================================================
----------------- testing Tue Jun 11 04:33:35 UTC 2019 /home/travis/build/icyphy/ptII/ptolemy/domains/de/test/auto/CancelFireAt.xml
----------------- Instantiating /home/travis/build/icyphy/ptII/ptolemy/domains/de/test/auto/CancelFireAt.xml
4 ms. Memory: 813568K Free: 330064K (41%)
----------------- Invoking toplevel() on ptolemy.moml.MoMLSimpleApplication@4915f8c8
----------------- Done invoking toplevel() on ptolemy.moml.MoMLSimpleApplication@4915f8c8
reloadAllAccessors: .CancelFireAt

===========================================================================================
----------------- testing Tue Jun 11 04:33:35 UTC 2019 /home/travis/build/icyphy/ptII/ptolemy/domains/de/test/auto/CausalityAndComposabilityAnalysis.xml
----------------- Instantiating /home/travis/build/icyphy/ptII/ptolemy/domains/de/test/auto/CausalityAndComposabilityAnalysis.xml
2 ms. Memory: 813568K Free: 300819K (37%)
----------------- Invoking toplevel() on ptolemy.moml.MoMLSimpleApplication@4e541955
----------------- Done invoking toplevel() on ptolemy.moml.MoMLSimpleApplication@4e541955
reloadAllAccessors: .CausalityAndComposabilityAnalysis

===========================================================================================
----------------- testing Tue Jun 11 04:33:35 UTC 2019 /home/travis/build/icyphy/ptII/ptolemy/domains/de/test/auto/CausalityInterface1.xml
----------------- Instantiating /home/travis/build/icyphy/ptII/ptolemy/domains/de/test/auto/CausalityInterface1.xml
4 ms. Memory: 813568K Free: 271574K (33%)
----------------- Invoking toplevel() on ptolemy.moml.MoMLSimpleApplication@36f8a70a
----------------- Done invoking toplevel() on ptolemy.moml.MoMLSimpleApplication@36f8a70a
reloadAllAccessors: .CausalityInterface1

===========================================================================================
----------------- testing Tue Jun 11 04:33:35 UTC 2019 /home/travis/build/icyphy/ptII/ptolemy/domains/de/test/auto/CausalityInterface15.xml
----------------- Instantiating /home/travis/build/icyphy/ptII/ptolemy/domains/de/test/auto/CausalityInterface15.xml
2 ms. Memory: 813568K Free: 242328K (30%)
----------------- Invoking toplevel() on ptolemy.moml.MoMLSimpleApplication@1203f4fa
----------------- Done invoking toplevel() on ptolemy.moml.MoMLSimpleApplication@1203f4fa
[...]
java.lang.RuntimeException: Execution failed
	at ptolemy.moml.MoMLSimpleApplication$UnloadThread.run(MoMLSimpleApplication.java:402)
Caused by: ptolemy.kernel.util.IllegalActionException: Test fails in iteration 1.
Value was: 1.0. Should have been: 2.0
  in .DirectFeedback.Test
	at ptolemy.actor.lib.Test.fire(Test.java:268)
	at ptolemy.domains.de.kernel.DEDirector._fire(DEDirector.java:1949)
	at ptolemy.domains.de.kernel.DEDirector.fire(DEDirector.java:502)
	at ptolemy.actor.CompositeActor.fire(CompositeActor.java:455)
	at ptolemy.actor.Manager.iterate(Manager.java:851)
	at ptolemy.actor.Manager.execute(Manager.java:369)
	at ptolemy.actor.Manager.run(Manager.java:1263)
	at ptolemy.actor.Manager$PtolemyRunThread.run(Manager.java:1915)
java.lang.RuntimeException: Execution failed
	at ptolemy.moml.MoMLSimpleApplication$UnloadThread.run(MoMLSimpleApplication.java:402)
Caused by: ptolemy.kernel.util.IllegalActionException: Actor is not ready to fire.  Perhaps UpSample.prefire() returned false? Try debugging the actor by selecting "Listen to Actor".  Also, for SDF check moml for tokenConsumptionRate on input.
  in .DESDFClockTest.Play Bell.Copy1:SDF Director and .DESDFClockTest.Play Bell.UpSample
	at ptolemy.actor.sched.StaticSchedulingDirector.fire(StaticSchedulingDirector.java:227)
	at ptolemy.domains.sdf.kernel.SDFDirector.fire(SDFDirector.java:500)
	at ptolemy.actor.CompositeActor.fire(CompositeActor.java:455)
	at ptolemy.domains.de.kernel.DEDirector._fire(DEDirector.java:1949)
	at ptolemy.domains.de.kernel.DEDirector.fire(DEDirector.java:502)
	at ptolemy.actor.CompositeActor.fire(CompositeActor.java:455)
	at ptolemy.actor.Manager.iterate(Manager.java:851)
	at ptolemy.actor.Manager.execute(Manager.java:369)
	at ptolemy.actor.Manager.run(Manager.java:1263)
	at ptolemy.actor.Manager$PtolemyRunThread.run(Manager.java:1915)
java.lang.reflect.InvocationTargetException
	at sun.reflect.NativeConstructorAccessorImpl.newInstance0(Native Method)
	at sun.reflect.NativeConstructorAccessorImpl.newInstance(NativeConstructorAccessorImpl.java:62)
	at sun.reflect.DelegatingConstructorAccessorImpl.newInstance(DelegatingConstructorAccessorImpl.java:45)
	at java.lang.reflect.Constructor.newInstance(Constructor.java:423)
	at ptolemy.util.test.junit.AutoKnownFailedTests.RunModel(AutoKnownFailedTests.java:105)
	at sun.reflect.NativeMethodAccessorImpl.invoke0(Native Method)
	at sun.reflect.NativeMethodAccessorImpl.invoke(NativeMethodAccessorImpl.java:62)
	at sun.reflect.DelegatingMethodAccessorImpl.invoke(DelegatingMethodAccessorImpl.java:43)
	at java.lang.reflect.Method.invoke(Method.java:498)
	at org.junit.runners.model.FrameworkMethod$1.runReflectiveCall(FrameworkMethod.java:44)
	at org.junit.internal.runners.model.ReflectiveCallable.run(ReflectiveCallable.java:15)
	at org.junit.runners.model.FrameworkMethod.invokeExplosively(FrameworkMethod.java:41)
	at junitparams.internal.InvokeParameterisedMethod.evaluate(InvokeParameterisedMethod.java:102)
	at org.junit.internal.runners.statements.FailOnTimeout$1.run(FailOnTimeout.java:28)
Caused by: ptolemy.kernel.util.IllegalActionException: Actor is not ready to fire.  Perhaps UpSample.prefire() returned false? Try debugging the actor by selecting "Listen to Actor".  Also, for SDF check moml for tokenConsumptionRate on input.
  in .DESDFClockTest.Play Bell.Copy1:SDF Director and .DESDFClockTest.Play Bell.UpSample
	at ptolemy.actor.sched.StaticSchedulingDirector.fire(StaticSchedulingDirector.java:227)
	at ptolemy.domains.sdf.kernel.SDFDirector.fire(SDFDirector.java:500)
	at ptolemy.actor.CompositeActor.fire(CompositeActor.java:455)
	at ptolemy.domains.de.kernel.DEDirector._fire(DEDirector.java:1949)
	at ptolemy.domains.de.kernel.DEDirector.fire(DEDirector.java:502)
	at ptolemy.actor.CompositeActor.fire(CompositeActor.java:455)
	at ptolemy.actor.Manager.iterate(Manager.java:851)
	at ptolemy.actor.Manager.execute(Manager.java:369)
	at ptolemy.actor.Manager.run(Manager.java:1263)
	at ptolemy.actor.Manager$PtolemyRunThread.run(Manager.java:1915)
java.lang.RuntimeException: Execution failed
	at ptolemy.moml.MoMLSimpleApplication$UnloadThread.run(MoMLSimpleApplication.java:402)
Caused by: ptolemy.kernel.util.IllegalActionException: Test fails in iteration 1.
Value was: 1.0. Should have been: 2.0
  in .DirectFeedback.Test
	at ptolemy.actor.lib.Test.fire(Test.java:268)
	at ptolemy.domains.de.kernel.DEDirector._fire(DEDirector.java:1949)
	at ptolemy.domains.de.kernel.DEDirector.fire(DEDirector.java:502)
	at ptolemy.actor.CompositeActor.fire(CompositeActor.java:455)
	at ptolemy.actor.Manager.iterate(Manager.java:851)
	at ptolemy.actor.Manager.execute(Manager.java:369)
	at ptolemy.actor.Manager.run(Manager.java:1263)
	at ptolemy.actor.Manager$PtolemyRunThread.run(Manager.java:1915)
java.lang.reflect.InvocationTargetException
	at sun.reflect.NativeConstructorAccessorImpl.newInstance0(Native Method)
	at sun.reflect.NativeConstructorAccessorImpl.newInstance(NativeConstructorAccessorImpl.java:62)
	at sun.reflect.DelegatingConstructorAccessorImpl.newInstance(DelegatingConstructorAccessorImpl.java:45)
	at java.lang.reflect.Constructor.newInstance(Constructor.java:423)
	at ptolemy.util.test.junit.AutoKnownFailedTests.RunModel(AutoKnownFailedTests.java:105)
	at sun.reflect.NativeMethodAccessorImpl.invoke0(Native Method)
	at sun.reflect.NativeMethodAccessorImpl.invoke(NativeMethodAccessorImpl.java:62)
	at sun.reflect.DelegatingMethodAccessorImpl.invoke(DelegatingMethodAccessorImpl.java:43)
	at java.lang.reflect.Method.invoke(Method.java:498)
	at org.junit.runners.model.FrameworkMethod$1.runReflectiveCall(FrameworkMethod.java:44)
	at org.junit.internal.runners.model.ReflectiveCallable.run(ReflectiveCallable.java:15)
	at org.junit.runners.model.FrameworkMethod.invokeExplosively(FrameworkMethod.java:41)
	at junitparams.internal.InvokeParameterisedMethod.evaluate(InvokeParameterisedMethod.java:102)
	at org.junit.internal.runners.statements.FailOnTimeout$1.run(FailOnTimeout.java:28)
Caused by: ptolemy.kernel.util.IllegalActionException: Test fails in iteration 1.
Value was: 1.0. Should have been: 2.0
  in .DirectFeedback.Test
	at ptolemy.actor.lib.Test.fire(Test.java:268)
	at ptolemy.domains.de.kernel.DEDirector._fire(DEDirector.java:1949)
	at ptolemy.domains.de.kernel.DEDirector.fire(DEDirector.java:502)
	at ptolemy.actor.CompositeActor.fire(CompositeActor.java:455)
	at ptolemy.actor.Manager.iterate(Manager.java:851)
	at ptolemy.actor.Manager.execute(Manager.java:369)
	at ptolemy.actor.Manager.run(Manager.java:1263)
	at ptolemy.actor.Manager$PtolemyRunThread.run(Manager.java:1915)
java.lang.RuntimeException: Execution failed
	at ptolemy.moml.MoMLSimpleApplication$UnloadThread.run(MoMLSimpleApplication.java:402)
Caused by: ptolemy.kernel.util.IllegalActionException: Found a zero delay loop containing .HierarchicalModel.A
  in .HierarchicalModel and .HierarchicalModel.A
	at ptolemy.actor.util.CausalityInterfaceForComposites._computeOutputPortDepth(CausalityInterfaceForComposites.java:759)
	at ptolemy.actor.util.CausalityInterfaceForComposites._computeInputDepth(CausalityInterfaceForComposites.java:696)
	at ptolemy.actor.util.CausalityInterfaceForComposites._computeOutputPortDepth(CausalityInterfaceForComposites.java:765)
	at ptolemy.actor.util.CausalityInterfaceForComposites._computeInputDepth(CausalityInterfaceForComposites.java:696)
	at ptolemy.actor.util.CausalityInterfaceForComposites._computeOutputPortDepth(CausalityInterfaceForComposites.java:765)
	at ptolemy.actor.util.CausalityInterfaceForComposites._computeInputDepth(CausalityInterfaceForComposites.java:696)
	at ptolemy.actor.util.CausalityInterfaceForComposites._computeActorDepth(CausalityInterfaceForComposites.java:532)
	at ptolemy.actor.util.CausalityInterfaceForComposites.checkForCycles(CausalityInterfaceForComposites.java:96)
	at ptolemy.domains.de.kernel.DEDirector.preinitialize(DEDirector.java:1338)
	at ptolemy.actor.CompositeActor.preinitialize(CompositeActor.java:1828)
	at ptolemy.actor.Manager.preinitializeAndResolveTypes(Manager.java:1040)
	at ptolemy.actor.Manager.initialize(Manager.java:710)
	at ptolemy.actor.Manager.execute(Manager.java:356)
	at ptolemy.actor.Manager.run(Manager.java:1263)
	at ptolemy.actor.Manager$PtolemyRunThread.run(Manager.java:1915)
java.lang.reflect.InvocationTargetException
	at sun.reflect.NativeConstructorAccessorImpl.newInstance0(Native Method)
	at sun.reflect.NativeConstructorAccessorImpl.newInstance(NativeConstructorAccessorImpl.java:62)
	at sun.reflect.DelegatingConstructorAccessorImpl.newInstance(DelegatingConstructorAccessorImpl.java:45)
	at java.lang.reflect.Constructor.newInstance(Constructor.java:423)
	at ptolemy.util.test.junit.AutoKnownFailedTests.RunModel(AutoKnownFailedTests.java:105)
	at sun.reflect.NativeMethodAccessorImpl.invoke0(Native Method)
	at sun.reflect.NativeMethodAccessorImpl.invoke(NativeMethodAccessorImpl.java:62)
	at sun.reflect.DelegatingMethodAccessorImpl.invoke(DelegatingMethodAccessorImpl.java:43)
	at java.lang.reflect.Method.invoke(Method.java:498)
	at org.junit.runners.model.FrameworkMethod$1.runReflectiveCall(FrameworkMethod.java:44)
	at org.junit.internal.runners.model.ReflectiveCallable.run(ReflectiveCallable.java:15)
	at org.junit.runners.model.FrameworkMethod.invokeExplosively(FrameworkMethod.java:41)
	at junitparams.internal.InvokeParameterisedMethod.evaluate(InvokeParameterisedMethod.java:102)
	at org.junit.internal.runners.statements.FailOnTimeout$1.run(FailOnTimeout.java:28)
Caused by: ptolemy.kernel.util.IllegalActionException: Found a zero delay loop containing .HierarchicalModel.A
  in .HierarchicalModel and .HierarchicalModel.A
	at ptolemy.actor.util.CausalityInterfaceForComposites._computeOutputPortDepth(CausalityInterfaceForComposites.java:759)
	at ptolemy.actor.util.CausalityInterfaceForComposites._computeInputDepth(CausalityInterfaceForComposites.java:696)
	at ptolemy.actor.util.CausalityInterfaceForComposites._computeOutputPortDepth(CausalityInterfaceForComposites.java:765)
	at ptolemy.actor.util.CausalityInterfaceForComposites._computeInputDepth(CausalityInterfaceForComposites.java:696)
	at ptolemy.actor.util.CausalityInterfaceForComposites._computeOutputPortDepth(CausalityInterfaceForComposites.java:765)
	at ptolemy.actor.util.CausalityInterfaceForComposites._computeInputDepth(CausalityInterfaceForComposites.java:696)
	at ptolemy.actor.util.CausalityInterfaceForComposites._computeActorDepth(CausalityInterfaceForComposites.java:532)
	at ptolemy.actor.util.CausalityInterfaceForComposites.checkForCycles(CausalityInterfaceForComposites.java:96)
	at ptolemy.domains.de.kernel.DEDirector.preinitialize(DEDirector.java:1338)
	at ptolemy.actor.CompositeActor.preinitialize(CompositeActor.java:1828)
	at ptolemy.actor.Manager.preinitializeAndResolveTypes(Manager.java:1040)
	at ptolemy.actor.Manager.initialize(Manager.java:710)
	at ptolemy.actor.Manager.execute(Manager.java:356)
	at ptolemy.actor.Manager.run(Manager.java:1263)
	at ptolemy.actor.Manager$PtolemyRunThread.run(Manager.java:1915)
java.lang.RuntimeException: Execution failed
	at ptolemy.moml.MoMLSimpleApplication$UnloadThread.run(MoMLSimpleApplication.java:402)
Caused by: ptolemy.kernel.util.IllegalActionException: Found a zero delay loop containing .dependencyLoop.original
  in .dependencyLoop and .dependencyLoop.original
	at ptolemy.actor.util.CausalityInterfaceForComposites._computeOutputPortDepth(CausalityInterfaceForComposites.java:759)
	at ptolemy.actor.util.CausalityInterfaceForComposites._computeInputDepth(CausalityInterfaceForComposites.java:696)
	at ptolemy.actor.util.CausalityInterfaceForComposites._computeOutputPortDepth(CausalityInterfaceForComposites.java:765)
	at ptolemy.actor.util.CausalityInterfaceForComposites._computeInputDepth(CausalityInterfaceForComposites.java:696)
	at ptolemy.actor.util.CausalityInterfaceForComposites._computeOutputPortDepth(CausalityInterfaceForComposites.java:765)
	at ptolemy.actor.util.CausalityInterfaceForComposites._computeInputDepth(CausalityInterfaceForComposites.java:696)
	at ptolemy.actor.util.CausalityInterfaceForComposites._computeActorDepth(CausalityInterfaceForComposites.java:532)
	at ptolemy.actor.util.CausalityInterfaceForComposites.checkForCycles(CausalityInterfaceForComposites.java:96)
	at ptolemy.domains.de.kernel.DEDirector.preinitialize(DEDirector.java:1338)
	at ptolemy.actor.CompositeActor.preinitialize(CompositeActor.java:1828)
	at ptolemy.actor.Manager.preinitializeAndResolveTypes(Manager.java:1040)
	at ptolemy.actor.Manager.initialize(Manager.java:710)
	at ptolemy.actor.Manager.execute(Manager.java:356)
	at ptolemy.actor.Manager.run(Manager.java:1263)
	at ptolemy.actor.Manager$PtolemyRunThread.run(Manager.java:1915)
java.lang.reflect.InvocationTargetException
	at sun.reflect.NativeConstructorAccessorImpl.newInstance0(Native Method)
	at sun.reflect.NativeConstructorAccessorImpl.newInstance(NativeConstructorAccessorImpl.java:62)
	at sun.reflect.DelegatingConstructorAccessorImpl.newInstance(DelegatingConstructorAccessorImpl.java:45)
	at java.lang.reflect.Constructor.newInstance(Constructor.java:423)
	at ptolemy.util.test.junit.AutoKnownFailedTests.RunModel(AutoKnownFailedTests.java:105)
	at sun.reflect.NativeMethodAccessorImpl.invoke0(Native Method)
	at sun.reflect.NativeMethodAccessorImpl.invoke(NativeMethodAccessorImpl.java:62)
	at sun.reflect.DelegatingMethodAccessorImpl.invoke(DelegatingMethodAccessorImpl.java:43)
	at java.lang.reflect.Method.invoke(Method.java:498)
	at org.junit.runners.model.FrameworkMethod$1.runReflectiveCall(FrameworkMethod.java:44)
	at org.junit.internal.runners.model.ReflectiveCallable.run(ReflectiveCallable.java:15)
	at org.junit.runners.model.FrameworkMethod.invokeExplosively(FrameworkMethod.java:41)
	at junitparams.internal.InvokeParameterisedMethod.evaluate(InvokeParameterisedMethod.java:102)
	at org.junit.internal.runners.statements.FailOnTimeout$1.run(FailOnTimeout.java:28)
Caused by: ptolemy.kernel.util.IllegalActionException: Found a zero delay loop containing .dependencyLoop.original
  in .dependencyLoop and .dependencyLoop.original
	at ptolemy.actor.util.CausalityInterfaceForComposites._computeOutputPortDepth(CausalityInterfaceForComposites.java:759)
	at ptolemy.actor.util.CausalityInterfaceForComposites._computeInputDepth(CausalityInterfaceForComposites.java:696)
	at ptolemy.actor.util.CausalityInterfaceForComposites._computeOutputPortDepth(CausalityInterfaceForComposites.java:765)
	at ptolemy.actor.util.CausalityInterfaceForComposites._computeInputDepth(CausalityInterfaceForComposites.java:696)
	at ptolemy.actor.util.CausalityInterfaceForComposites._computeOutputPortDepth(CausalityInterfaceForComposites.java:765)
	at ptolemy.actor.util.CausalityInterfaceForComposites._computeInputDepth(CausalityInterfaceForComposites.java:696)
	at ptolemy.actor.util.CausalityInterfaceForComposites._computeActorDepth(CausalityInterfaceForComposites.java:532)
	at ptolemy.actor.util.CausalityInterfaceForComposites.checkForCycles(CausalityInterfaceForComposites.java:96)
	at ptolemy.domains.de.kernel.DEDirector.preinitialize(DEDirector.java:1338)
	at ptolemy.actor.CompositeActor.preinitialize(CompositeActor.java:1828)
	at ptolemy.actor.Manager.preinitializeAndResolveTypes(Manager.java:1040)
	at ptolemy.actor.Manager.initialize(Manager.java:710)
	at ptolemy.actor.Manager.execute(Manager.java:356)
	at ptolemy.actor.Manager.run(Manager.java:1263)
	at ptolemy.actor.Manager$PtolemyRunThread.run(Manager.java:1915)
java.lang.RuntimeException: Execution failed
	at ptolemy.moml.MoMLSimpleApplication$UnloadThread.run(MoMLSimpleApplication.java:402)
Caused by: ptolemy.kernel.util.IllegalActionException: Found a zero delay loop containing .dependencyLoop2.original
  in .dependencyLoop2 and .dependencyLoop2.original
	at ptolemy.actor.util.CausalityInterfaceForComposites._computeOutputPortDepth(CausalityInterfaceForComposites.java:759)
	at ptolemy.actor.util.CausalityInterfaceForComposites._computeInputDepth(CausalityInterfaceForComposites.java:696)
	at ptolemy.actor.util.CausalityInterfaceForComposites._computeOutputPortDepth(CausalityInterfaceForComposites.java:765)
	at ptolemy.actor.util.CausalityInterfaceForComposites._computeInputDepth(CausalityInterfaceForComposites.java:696)
	at ptolemy.actor.util.CausalityInterfaceForComposites._computeOutputPortDepth(CausalityInterfaceForComposites.java:765)
	at ptolemy.actor.util.CausalityInterfaceForComposites._computeInputDepth(CausalityInterfaceForComposites.java:696)
	at ptolemy.actor.util.CausalityInterfaceForComposites._computeActorDepth(CausalityInterfaceForComposites.java:532)
	at ptolemy.actor.util.CausalityInterfaceForComposites.checkForCycles(CausalityInterfaceForComposites.java:96)
	at ptolemy.domains.de.kernel.DEDirector.preinitialize(DEDirector.java:1338)
	at ptolemy.actor.CompositeActor.preinitialize(CompositeActor.java:1828)
	at ptolemy.actor.Manager.preinitializeAndResolveTypes(Manager.java:1040)
	at ptolemy.actor.Manager.initialize(Manager.java:710)
	at ptolemy.actor.Manager.execute(Manager.java:356)
	at ptolemy.actor.Manager.run(Manager.java:1263)
	at ptolemy.actor.Manager$PtolemyRunThread.run(Manager.java:1915)
java.lang.reflect.InvocationTargetException
	at sun.reflect.NativeConstructorAccessorImpl.newInstance0(Native Method)
	at sun.reflect.NativeConstructorAccessorImpl.newInstance(NativeConstructorAccessorImpl.java:62)
	at sun.reflect.DelegatingConstructorAccessorImpl.newInstance(DelegatingConstructorAccessorImpl.java:45)
	at java.lang.reflect.Constructor.newInstance(Constructor.java:423)
	at ptolemy.util.test.junit.AutoKnownFailedTests.RunModel(AutoKnownFailedTests.java:105)
	at sun.reflect.NativeMethodAccessorImpl.invoke0(Native Method)
	at sun.reflect.NativeMethodAccessorImpl.invoke(NativeMethodAccessorImpl.java:62)
	at sun.reflect.DelegatingMethodAccessorImpl.invoke(DelegatingMethodAccessorImpl.java:43)
	at java.lang.reflect.Method.invoke(Method.java:498)
	at org.junit.runners.model.FrameworkMethod$1.runReflectiveCall(FrameworkMethod.java:44)
	at org.junit.internal.runners.model.ReflectiveCallable.run(ReflectiveCallable.java:15)
	at org.junit.runners.model.FrameworkMethod.invokeExplosively(FrameworkMethod.java:41)
	at junitparams.internal.InvokeParameterisedMethod.evaluate(InvokeParameterisedMethod.java:102)
	at org.junit.internal.runners.statements.FailOnTimeout$1.run(FailOnTimeout.java:28)
Caused by: ptolemy.kernel.util.IllegalActionException: Found a zero delay loop containing .dependencyLoop2.original
  in .dependencyLoop2 and .dependencyLoop2.original
	at ptolemy.actor.util.CausalityInterfaceForComposites._computeOutputPortDepth(CausalityInterfaceForComposites.java:759)
	at ptolemy.actor.util.CausalityInterfaceForComposites._computeInputDepth(CausalityInterfaceForComposites.java:696)
	at ptolemy.actor.util.CausalityInterfaceForComposites._computeOutputPortDepth(CausalityInterfaceForComposites.java:765)
	at ptolemy.actor.util.CausalityInterfaceForComposites._computeInputDepth(CausalityInterfaceForComposites.java:696)
	at ptolemy.actor.util.CausalityInterfaceForComposites._computeOutputPortDepth(CausalityInterfaceForComposites.java:765)
	at ptolemy.actor.util.CausalityInterfaceForComposites._computeInputDepth(CausalityInterfaceForComposites.java:696)
	at ptolemy.actor.util.CausalityInterfaceForComposites._computeActorDepth(CausalityInterfaceForComposites.java:532)
	at ptolemy.actor.util.CausalityInterfaceForComposites.checkForCycles(CausalityInterfaceForComposites.java:96)
	at ptolemy.domains.de.kernel.DEDirector.preinitialize(DEDirector.java:1338)
	at ptolemy.actor.CompositeActor.preinitialize(CompositeActor.java:1828)
	at ptolemy.actor.Manager.preinitializeAndResolveTypes(Manager.java:1040)
	at ptolemy.actor.Manager.initialize(Manager.java:710)
	at ptolemy.actor.Manager.execute(Manager.java:356)
	at ptolemy.actor.Manager.run(Manager.java:1263)
	at ptolemy.actor.Manager$PtolemyRunThread.run(Manager.java:1915)
]]></system-err>
</testsuite>
