<?xml version="1.0" encoding="UTF-8" ?>
<testsuite errors="0" failures="0" hostname="travis-job-fdf46d73-3499-4938-b25d-a05857c87d2b" name="ptolemy.domains.sdf.test.junit.JUnitTclTest" skipped="0" tests="66" time="21.328" timestamp="2019-09-25T06:04:13">
  <properties>
[...]
</properties>
  <testcase classname="ptolemy.util.test.junit.TclTests" name="[0] /home/travis/build/icyphy/ptII/ptolemy/domains/sdf/test/SDFSchedulerErrors.tcl (RunTclFile)" time="1.003" />
  <testcase classname="ptolemy.util.test.junit.TclTests" name="[1] /home/travis/build/icyphy/ptII/ptolemy/domains/sdf/test/composition.tcl (RunTclFile)" time="0.24" />
  <testcase classname="ptolemy.util.test.junit.TclTests" name="[2] /home/travis/build/icyphy/ptII/ptolemy/domains/sdf/test/cycle.tcl (RunTclFile)" time="0.076" />
  <testcase classname="ptolemy.util.test.junit.AutoKnownFailedTests" name="[0] ThereAreNoKnowFailedTests (RunModel)" time="0.001" />
  <testcase classname="ptolemy.util.test.junit.AutoNameArchTests" name="[0] ThereAreNoAutoArchTests (RunModel)" time="0.001" />
  <testcase classname="ptolemy.util.test.junit.AutoTests" name="[0] /home/travis/build/icyphy/ptII/ptolemy/domains/sdf/test/auto/Array.xml (RunModel)" time="0.288" />
  <testcase classname="ptolemy.util.test.junit.AutoTests" name="[1] /home/travis/build/icyphy/ptII/ptolemy/domains/sdf/test/auto/Butterfly.xml (RunModel)" time="0.15" />
  <testcase classname="ptolemy.util.test.junit.AutoTests" name="[2] /home/travis/build/icyphy/ptII/ptolemy/domains/sdf/test/auto/Expression.xml (RunModel)" time="0.101" />
  <testcase classname="ptolemy.util.test.junit.AutoTests" name="[3] /home/travis/build/icyphy/ptII/ptolemy/domains/sdf/test/auto/Eye.xml (RunModel)" time="0.262" />
  <testcase classname="ptolemy.util.test.junit.AutoTests" name="[4] /home/travis/build/icyphy/ptII/ptolemy/domains/sdf/test/auto/FixFIR.xml (RunModel)" time="0.394" />
  <testcase classname="ptolemy.util.test.junit.AutoTests" name="[5] /home/travis/build/icyphy/ptII/ptolemy/domains/sdf/test/auto/FixPoint.xml (RunModel)" time="0.023" />
  <testcase classname="ptolemy.util.test.junit.AutoTests" name="[6] /home/travis/build/icyphy/ptII/ptolemy/domains/sdf/test/auto/Gravitation.xml (RunModel)" time="3.303" />
  <testcase classname="ptolemy.util.test.junit.AutoTests" name="[7] /home/travis/build/icyphy/ptII/ptolemy/domains/sdf/test/auto/GravitationWithCollisionDetection.xml (RunModel)" time="6.716" />
  <testcase classname="ptolemy.util.test.junit.AutoTests" name="[8] /home/travis/build/icyphy/ptII/ptolemy/domains/sdf/test/auto/HDF.xml (RunModel)" time="0.107" />
  <testcase classname="ptolemy.util.test.junit.AutoTests" name="[9] /home/travis/build/icyphy/ptII/ptolemy/domains/sdf/test/auto/HDFwithTransientStates.xml (RunModel)" time="0.101" />
  <testcase classname="ptolemy.util.test.junit.AutoTests" name="[10] /home/travis/build/icyphy/ptII/ptolemy/domains/sdf/test/auto/HTVQ.xml (RunModel)" time="1.174" />
  <testcase classname="ptolemy.util.test.junit.AutoTests" name="[11] /home/travis/build/icyphy/ptII/ptolemy/domains/sdf/test/auto/InferInitProduction.xml (RunModel)" time="0.023" />
  <testcase classname="ptolemy.util.test.junit.AutoTests" name="[12] /home/travis/build/icyphy/ptII/ptolemy/domains/sdf/test/auto/InferInitProductionDeeper.xml (RunModel)" time="0.027" />
  <testcase classname="ptolemy.util.test.junit.AutoTests" name="[13] /home/travis/build/icyphy/ptII/ptolemy/domains/sdf/test/auto/LMSAdaptive.xml (RunModel)" time="0.057" />
  <testcase classname="ptolemy.util.test.junit.AutoTests" name="[14] /home/travis/build/icyphy/ptII/ptolemy/domains/sdf/test/auto/LogisticMap.xml (RunModel)" time="0.473" />
  <testcase classname="ptolemy.util.test.junit.AutoTests" name="[15] /home/travis/build/icyphy/ptII/ptolemy/domains/sdf/test/auto/MaximumEntropySpectrum.xml (RunModel)" time="0.323" />
  <testcase classname="ptolemy.util.test.junit.AutoTests" name="[16] /home/travis/build/icyphy/ptII/ptolemy/domains/sdf/test/auto/MultirateSDF.xml (RunModel)" time="0.068" />
  <testcase classname="ptolemy.util.test.junit.AutoTests" name="[17] /home/travis/build/icyphy/ptII/ptolemy/domains/sdf/test/auto/MultirateSDFwithTransientStates.xml (RunModel)" time="0.082" />
  <testcase classname="ptolemy.util.test.junit.AutoTests" name="[18] /home/travis/build/icyphy/ptII/ptolemy/domains/sdf/test/auto/NoisySinewave.xml (RunModel)" time="0.065" />
  <testcase classname="ptolemy.util.test.junit.AutoTests" name="[19] /home/travis/build/icyphy/ptII/ptolemy/domains/sdf/test/auto/Objects.xml (RunModel)" time="0.042" />
  <testcase classname="ptolemy.util.test.junit.AutoTests" name="[20] /home/travis/build/icyphy/ptII/ptolemy/domains/sdf/test/auto/OrthogonalCom.xml (RunModel)" time="0.04" />
  <testcase classname="ptolemy.util.test.junit.AutoTests" name="[21] /home/travis/build/icyphy/ptII/ptolemy/domains/sdf/test/auto/RijndaelEncryption.xml (RunModel)" time="0.611" />
  <testcase classname="ptolemy.util.test.junit.AutoTests" name="[22] /home/travis/build/icyphy/ptII/ptolemy/domains/sdf/test/auto/SDFEmptyIterations.xml (RunModel)" time="0.018" />
  <testcase classname="ptolemy.util.test.junit.AutoTests" name="[23] /home/travis/build/icyphy/ptII/ptolemy/domains/sdf/test/auto/Spectrum.xml (RunModel)" time="0.104" />
  <testcase classname="ptolemy.util.test.junit.AutoTests" name="[24] /home/travis/build/icyphy/ptII/ptolemy/domains/sdf/test/auto/de_inside_sdf.xml (RunModel)" time="0.025" />
  <testcase classname="ptolemy.util.test.junit.AutoTests" name="[25] /home/travis/build/icyphy/ptII/ptolemy/domains/sdf/test/auto/disconnectedHierarchicalSDF.xml (RunModel)" time="0.026" />
  <testcase classname="ptolemy.util.test.junit.AutoTests" name="[26] /home/travis/build/icyphy/ptII/ptolemy/domains/sdf/test/auto/disconnectedSDF.xml (RunModel)" time="0.016" />
  <testcase classname="ptolemy.util.test.junit.AutoTests" name="[27] /home/travis/build/icyphy/ptII/ptolemy/domains/sdf/test/auto/emptyRefinement.xml (RunModel)" time="0.014" />
  <testcase classname="ptolemy.util.test.junit.AutoTests" name="[28] /home/travis/build/icyphy/ptII/ptolemy/domains/sdf/test/auto/filePortParameter.xml (RunModel)" time="0.035" />
  <testcase classname="ptolemy.util.test.junit.AutoTests" name="[29] /home/travis/build/icyphy/ptII/ptolemy/domains/sdf/test/auto/inferRelationWidth1.xml (RunModel)" time="0.016" />
  <testcase classname="ptolemy.util.test.junit.AutoTests" name="[30] /home/travis/build/icyphy/ptII/ptolemy/domains/sdf/test/auto/initProductionInference.xml (RunModel)" time="0.015" />
  <testcase classname="ptolemy.util.test.junit.AutoTests" name="[31] /home/travis/build/icyphy/ptII/ptolemy/domains/sdf/test/auto/relationGroup.xml (RunModel)" time="0.019" />
  <testcase classname="ptolemy.util.test.junit.AutoTests" name="[32] /home/travis/build/icyphy/ptII/ptolemy/domains/sdf/test/auto/relationGroup10.xml (RunModel)" time="0.014" />
  <testcase classname="ptolemy.util.test.junit.AutoTests" name="[33] /home/travis/build/icyphy/ptII/ptolemy/domains/sdf/test/auto/relationGroup11.xml (RunModel)" time="0.015" />
  <testcase classname="ptolemy.util.test.junit.AutoTests" name="[34] /home/travis/build/icyphy/ptII/ptolemy/domains/sdf/test/auto/relationGroup12.xml (RunModel)" time="0.014" />
  <testcase classname="ptolemy.util.test.junit.AutoTests" name="[35] /home/travis/build/icyphy/ptII/ptolemy/domains/sdf/test/auto/relationGroup13.xml (RunModel)" time="0.017" />
  <testcase classname="ptolemy.util.test.junit.AutoTests" name="[36] /home/travis/build/icyphy/ptII/ptolemy/domains/sdf/test/auto/relationGroup14.xml (RunModel)" time="0.015" />
  <testcase classname="ptolemy.util.test.junit.AutoTests" name="[37] /home/travis/build/icyphy/ptII/ptolemy/domains/sdf/test/auto/relationGroup15.xml (RunModel)" time="0.013" />
  <testcase classname="ptolemy.util.test.junit.AutoTests" name="[38] /home/travis/build/icyphy/ptII/ptolemy/domains/sdf/test/auto/relationGroup2.xml (RunModel)" time="0.013" />
  <testcase classname="ptolemy.util.test.junit.AutoTests" name="[39] /home/travis/build/icyphy/ptII/ptolemy/domains/sdf/test/auto/relationGroup3.xml (RunModel)" time="0.014" />
  <testcase classname="ptolemy.util.test.junit.AutoTests" name="[40] /home/travis/build/icyphy/ptII/ptolemy/domains/sdf/test/auto/relationGroup4.xml (RunModel)" time="0.015" />
  <testcase classname="ptolemy.util.test.junit.AutoTests" name="[41] /home/travis/build/icyphy/ptII/ptolemy/domains/sdf/test/auto/relationGroup5.xml (RunModel)" time="0.014" />
  <testcase classname="ptolemy.util.test.junit.AutoTests" name="[42] /home/travis/build/icyphy/ptII/ptolemy/domains/sdf/test/auto/relationGroup6.xml (RunModel)" time="0.011" />
  <testcase classname="ptolemy.util.test.junit.AutoTests" name="[43] /home/travis/build/icyphy/ptII/ptolemy/domains/sdf/test/auto/relationGroup7.xml (RunModel)" time="0.009" />
  <testcase classname="ptolemy.util.test.junit.AutoTests" name="[44] /home/travis/build/icyphy/ptII/ptolemy/domains/sdf/test/auto/relationGroup8.xml (RunModel)" time="0.016" />
  <testcase classname="ptolemy.util.test.junit.AutoTests" name="[45] /home/travis/build/icyphy/ptII/ptolemy/domains/sdf/test/auto/relationGroup9.xml (RunModel)" time="0.015" />
  <testcase classname="ptolemy.util.test.junit.AutoTests" name="[46] /home/travis/build/icyphy/ptII/ptolemy/domains/sdf/test/auto/sdf_inside_de.xml (RunModel)" time="0.037" />
  <testcase classname="ptolemy.util.test.junit.AutoTests" name="[47] /home/travis/build/icyphy/ptII/ptolemy/domains/sdf/test/auto/sdf_inside_pn.xml (RunModel)" time="0.059" />
  <testcase classname="ptolemy.util.test.junit.AutoTests" name="[48] /home/travis/build/icyphy/ptII/ptolemy/domains/sdf/test/auto/sdf_sdf1.xml (RunModel)" time="0.019" />
  <testcase classname="ptolemy.util.test.junit.AutoTests" name="[49] /home/travis/build/icyphy/ptII/ptolemy/domains/sdf/test/auto/test1.xml (RunModel)" time="0.015" />
  <testcase classname="ptolemy.util.test.junit.AutoTests" name="[50] /home/travis/build/icyphy/ptII/ptolemy/domains/sdf/test/auto/time1.xml (RunModel)" time="0.01" />
  <testcase classname="ptolemy.util.test.junit.AutoTests" name="[51] /home/travis/build/icyphy/ptII/ptolemy/domains/sdf/test/auto/time2.xml (RunModel)" time="0.02" />
  <testcase classname="ptolemy.util.test.junit.AutoTests" name="[52] /home/travis/build/icyphy/ptII/ptolemy/domains/sdf/test/auto/time3.xml (RunModel)" time="0.021" />
  <testcase classname="ptolemy.util.test.junit.AutoTests" name="[53] /home/travis/build/icyphy/ptII/ptolemy/domains/sdf/test/auto/time4.xml (RunModel)" time="0.018" />
  <testcase classname="ptolemy.util.test.junit.AutoTests" name="[54] /home/travis/build/icyphy/ptII/ptolemy/domains/sdf/test/auto/time5.xml (RunModel)" time="4.009" />
  <testcase classname="ptolemy.util.test.junit.AutoTests" name="[55] /home/travis/build/icyphy/ptII/ptolemy/domains/sdf/test/auto/typeSystem_Const_Integer_smallest_Type.xml (RunModel)" time="0.049" />
  <testcase classname="ptolemy.util.test.junit.AutoTests" name="[56] /home/travis/build/icyphy/ptII/ptolemy/domains/sdf/test/auto/typeSystem_declared_Inports_OutportTypeException.xml (RunModel)" time="0.024" />
  <testcase classname="ptolemy.util.test.junit.AutoTests" name="[57] /home/travis/build/icyphy/ptII/ptolemy/domains/sdf/test/auto/typeSystem_oneDeclaredInportType_wrongTypeOutport.xml (RunModel)" time="0.016" />
  <testcase classname="ptolemy.util.test.junit.AutoTests" name="[58] /home/travis/build/icyphy/ptII/ptolemy/domains/sdf/test/auto/width.xml (RunModel)" time="0.013" />
  <testcase classname="ptolemy.util.test.junit.AutoTests" name="[59] /home/travis/build/icyphy/ptII/ptolemy/domains/sdf/test/auto/width2.xml (RunModel)" time="0.049" />
  <testcase classname="ptolemy.util.test.junit.AutoTests" name="[60] /home/travis/build/icyphy/ptII/ptolemy/domains/sdf/test/auto/width3.xml (RunModel)" time="0.041" />
  <system-out><![CDATA[/home/travis/build/icyphy/ptII/ptolemy/domains/sdf/test/SDFSchedulerErrors.tcl
testDefs.tcl: setting time out to 9000 seconds at Wed Sep 25 06:04:13 UTC 2019
77 ms. Memory: 120832K Free: 82374K (68%)
18 ms. Memory: 120832K Free: 74696K (62%)
6 ms. Memory: 120832K Free: 68031K (56%)
5 ms. Memory: 120832K Free: 65480K (54%)
/home/travis/build/icyphy/ptII/ptolemy/domains/sdf/test/composition.tcl
62 ms. Memory: 120832K Free: 61384K (51%)
23 ms. Memory: 120832K Free: 59336K (49%)
/home/travis/build/icyphy/ptII/ptolemy/domains/sdf/test/cycle.tcl
.Toplevel.Director Preinitializing ...
Invoking preinitialize():  .Toplevel.Actor1
Invoking preinitialize():  .Toplevel.Actor2
Invoking preinitialize():  .Toplevel.Delay
.Toplevel.Director Finished preinitialize().
### Schedule:
Execute Schedule{
Fire Actor ptolemy.domains.sdf.kernel.test.SDFTestDelay {.Toplevel.Actor1}
Fire Actor ptolemy.domains.sdf.kernel.test.SDFTestDelay {.Toplevel.Actor2}
Fire Actor ptolemy.domains.sdf.lib.SampleDelay {.Toplevel.Delay}
}
### End schedule
Called initialize().
Invoking initialize():  .Toplevel.Actor1
Initializing actor: .Toplevel.Actor1.
Invoking initialize():  .Toplevel.Actor2
Initializing actor: .Toplevel.Actor2.
Invoking initialize():  .Toplevel.Delay
Initializing actor: .Toplevel.Delay.
Director: Called prefire().
-- Setting current time to 0.0
Director prefire returns true.
The actor .Toplevel.Actor1 will be iterated.
The actor .Toplevel.Actor1 was iterated.
The actor .Toplevel.Actor2 will be iterated.
The actor .Toplevel.Actor2 was iterated.
The actor .Toplevel.Delay will be iterated.
The actor .Toplevel.Delay was iterated.
Director: Called postfire().
Postfire returns: true
Director: Called prefire().
-- Setting current time to 0.0
Director prefire returns true.
The actor .Toplevel.Actor1 will be iterated.
The actor .Toplevel.Actor1 was iterated.
The actor .Toplevel.Actor2 will be iterated.
The actor .Toplevel.Actor2 was iterated.
The actor .Toplevel.Delay will be iterated.
The actor .Toplevel.Delay was iterated.
Director: Called postfire().
Postfire returns: true
Director: Called prefire().
-- Setting current time to 0.0
Director prefire returns true.
The actor .Toplevel.Actor1 will be iterated.
The actor .Toplevel.Actor1 was iterated.
The actor .Toplevel.Actor2 will be iterated.
The actor .Toplevel.Actor2 was iterated.
The actor .Toplevel.Delay will be iterated.
The actor .Toplevel.Delay was iterated.
Director: Called postfire().
Postfire returns: true
Director: Called prefire().
-- Setting current time to 0.0
Director prefire returns true.
The actor .Toplevel.Actor1 will be iterated.
The actor .Toplevel.Actor1 was iterated.
The actor .Toplevel.Actor2 will be iterated.
The actor .Toplevel.Actor2 was iterated.
The actor .Toplevel.Delay will be iterated.
The actor .Toplevel.Delay was iterated.
Director: Called postfire().
Postfire returns: true
Director: Called prefire().
-- Setting current time to 0.0
Director prefire returns true.
The actor .Toplevel.Actor1 will be iterated.
The actor .Toplevel.Actor1 was iterated.
The actor .Toplevel.Actor2 will be iterated.
The actor .Toplevel.Actor2 was iterated.
The actor .Toplevel.Delay will be iterated.
The actor .Toplevel.Delay was iterated.
Director: Called postfire().
Postfire returns: true
Director: Called prefire().
-- Setting current time to 0.0
Director prefire returns true.
The actor .Toplevel.Actor1 will be iterated.
The actor .Toplevel.Actor1 was iterated.
The actor .Toplevel.Actor2 will be iterated.
The actor .Toplevel.Actor2 was iterated.
The actor .Toplevel.Delay will be iterated.
The actor .Toplevel.Delay was iterated.
Reached specified number of iterations: 6
Director: Called wrapup().
48 ms. Memory: 120832K Free: 56264K (47%)
09/25/19 06:04:14
Failed: 0  Total Tests: 8  ((Passed: 8, Newly Passed: 0)  Known Failed: 0) /home/travis/build/icyphy/ptII/ptolemy/domains/sdf/test
No auto/knownFailedTests/*.xml tests in /home/travis/build/icyphy/ptII/ptolemy/domains/sdf/test
No auto/linux-amd64/*.xml tests in /home/travis/build/icyphy/ptII/ptolemy/domains/sdf/test
AutoTests.java: About to close Vertx.
AutoTests.java: Vertx closed.

===========================================================================================
----------------- testing Wed Sep 25 06:04:15 UTC 2019 /home/travis/build/icyphy/ptII/ptolemy/domains/sdf/test/auto/Array.xml
----------------- Instantiating /home/travis/build/icyphy/ptII/ptolemy/domains/sdf/test/auto/Array.xml
54 ms. Memory: 120832K Free: 97106K (80%)
----------------- Invoking toplevel() on ptolemy.moml.MoMLSimpleApplication@49525e20
----------------- Done invoking toplevel() on ptolemy.moml.MoMLSimpleApplication@49525e20
reloadAllAccessors: .Array

===========================================================================================
----------------- testing Wed Sep 25 06:04:15 UTC 2019 /home/travis/build/icyphy/ptII/ptolemy/domains/sdf/test/auto/Butterfly.xml
----------------- Instantiating /home/travis/build/icyphy/ptII/ptolemy/domains/sdf/test/auto/Butterfly.xml
73 ms. Memory: 120832K Free: 91317K (76%)
----------------- Invoking toplevel() on ptolemy.moml.MoMLSimpleApplication@55e995be
----------------- Done invoking toplevel() on ptolemy.moml.MoMLSimpleApplication@55e995be
reloadAllAccessors: .Butterfly

===========================================================================================
----------------- testing Wed Sep 25 06:04:15 UTC 2019 /home/travis/build/icyphy/ptII/ptolemy/domains/sdf/test/auto/Expression.xml
----------------- Instantiating /home/travis/build/icyphy/ptII/ptolemy/domains/sdf/test/auto/Expression.xml
66 ms. Memory: 120832K Free: 106900K (88%)
----------------- Invoking toplevel() on ptolemy.moml.MoMLSimpleApplication@60e0b381
----------------- Done invoking toplevel() on ptolemy.moml.MoMLSimpleApplication@60e0b381
reloadAllAccessors: .Expression

===========================================================================================
----------------- testing Wed Sep 25 06:04:15 UTC 2019 /home/travis/build/icyphy/ptII/ptolemy/domains/sdf/test/auto/Eye.xml
----------------- Instantiating /home/travis/build/icyphy/ptII/ptolemy/domains/sdf/test/auto/Eye.xml
190 ms. Memory: 120832K Free: 82005K (68%)
----------------- Invoking toplevel() on ptolemy.moml.MoMLSimpleApplication@6d58a909
----------------- Done invoking toplevel() on ptolemy.moml.MoMLSimpleApplication@6d58a909
reloadAllAccessors: .Eye

===========================================================================================
----------------- testing Wed Sep 25 06:04:15 UTC 2019 /home/travis/build/icyphy/ptII/ptolemy/domains/sdf/test/auto/FixFIR.xml
----------------- Instantiating /home/travis/build/icyphy/ptII/ptolemy/domains/sdf/test/auto/FixFIR.xml
155 ms. Memory: 120832K Free: 82133K (68%)
----------------- Invoking toplevel() on ptolemy.moml.MoMLSimpleApplication@10371ea
----------------- Done invoking toplevel() on ptolemy.moml.MoMLSimpleApplication@10371ea
reloadAllAccessors: .FixFIR

===========================================================================================
----------------- testing Wed Sep 25 06:04:16 UTC 2019 /home/travis/build/icyphy/ptII/ptolemy/domains/sdf/test/auto/FixPoint.xml
----------------- Instantiating /home/travis/build/icyphy/ptII/ptolemy/domains/sdf/test/auto/FixPoint.xml
8 ms. Memory: 120832K Free: 78007K (65%)
----------------- Invoking toplevel() on ptolemy.moml.MoMLSimpleApplication@69312914
----------------- Done invoking toplevel() on ptolemy.moml.MoMLSimpleApplication@69312914
reloadAllAccessors: .FixPoint

===========================================================================================
----------------- testing Wed Sep 25 06:04:16 UTC 2019 /home/travis/build/icyphy/ptII/ptolemy/domains/sdf/test/auto/Gravitation.xml
----------------- Instantiating /home/travis/build/icyphy/ptII/ptolemy/domains/sdf/test/auto/Gravitation.xml
3187 ms. Memory: 145408K Free: 97537K (67%)
----------------- Invoking toplevel() on ptolemy.moml.MoMLSimpleApplication@6188e66a
----------------- Done invoking toplevel() on ptolemy.moml.MoMLSimpleApplication@6188e66a
reloadAllAccessors: .Gravitation

===========================================================================================
----------------- testing Wed Sep 25 06:04:19 UTC 2019 /home/travis/build/icyphy/ptII/ptolemy/domains/sdf/test/auto/GravitationWithCollisionDetection.xml
----------------- Instantiating /home/travis/build/icyphy/ptII/ptolemy/domains/sdf/test/auto/GravitationWithCollisionDetection.xml
6570 ms. Memory: 288768K Free: 140484K (49%)
----------------- Invoking toplevel() on ptolemy.moml.MoMLSimpleApplication@5e93dca1
----------------- Done invoking toplevel() on ptolemy.moml.MoMLSimpleApplication@5e93dca1
reloadAllAccessors: .GravitationWithCollisionDetection

===========================================================================================
----------------- testing Wed Sep 25 06:04:26 UTC 2019 /home/travis/build/icyphy/ptII/ptolemy/domains/sdf/test/auto/HDF.xml
----------------- Instantiating /home/travis/build/icyphy/ptII/ptolemy/domains/sdf/test/auto/HDF.xml
39 ms. Memory: 288768K Free: 124604K (43%)
----------------- Invoking toplevel() on ptolemy.moml.MoMLSimpleApplication@3a82902f
----------------- Done invoking toplevel() on ptolemy.moml.MoMLSimpleApplication@3a82902f
reloadAllAccessors: .HDF

===========================================================================================
----------------- testing Wed Sep 25 06:04:26 UTC 2019 /home/travis/build/icyphy/ptII/ptolemy/domains/sdf/test/auto/HDFwithTransientStates.xml
----------------- Instantiating /home/travis/build/icyphy/ptII/ptolemy/domains/sdf/test/auto/HDFwithTransientStates.xml
29 ms. Memory: 288768K Free: 105668K (37%)
----------------- Invoking toplevel() on ptolemy.moml.MoMLSimpleApplication@b4f11d3
----------------- Done invoking toplevel() on ptolemy.moml.MoMLSimpleApplication@b4f11d3
reloadAllAccessors: .HDFwithTransientStates

===========================================================================================
----------------- testing Wed Sep 25 06:04:26 UTC 2019 /home/travis/build/icyphy/ptII/ptolemy/domains/sdf/test/auto/HTVQ.xml
----------------- Instantiating /home/travis/build/icyphy/ptII/ptolemy/domains/sdf/test/auto/HTVQ.xml
1117 ms. Memory: 347136K Free: 169773K (49%)
----------------- Invoking toplevel() on ptolemy.moml.MoMLSimpleApplication@ed38aac
----------------- Done invoking toplevel() on ptolemy.moml.MoMLSimpleApplication@ed38aac
reloadAllAccessors: .HTVQ

===========================================================================================
----------------- testing Wed Sep 25 06:04:27 UTC 2019 /home/travis/build/icyphy/ptII/ptolemy/domains/sdf/test/auto/InferInitProduction.xml
----------------- Instantiating /home/travis/build/icyphy/ptII/ptolemy/domains/sdf/test/auto/InferInitProduction.xml
4 ms. Memory: 347136K Free: 164242K (47%)
----------------- Invoking toplevel() on ptolemy.moml.MoMLSimpleApplication@31ad262b
----------------- Done invoking toplevel() on ptolemy.moml.MoMLSimpleApplication@31ad262b
reloadAllAccessors: .InferInitProduction

===========================================================================================
----------------- testing Wed Sep 25 06:04:27 UTC 2019 /home/travis/build/icyphy/ptII/ptolemy/domains/sdf/test/auto/InferInitProductionDeeper.xml
----------------- Instantiating /home/travis/build/icyphy/ptII/ptolemy/domains/sdf/test/auto/InferInitProductionDeeper.xml
3 ms. Memory: 347136K Free: 158594K (46%)
----------------- Invoking toplevel() on ptolemy.moml.MoMLSimpleApplication@3aa02914
----------------- Done invoking toplevel() on ptolemy.moml.MoMLSimpleApplication@3aa02914
reloadAllAccessors: .InferInitProductionDeeper

===========================================================================================
----------------- testing Wed Sep 25 06:04:27 UTC 2019 /home/travis/build/icyphy/ptII/ptolemy/domains/sdf/test/auto/LMSAdaptive.xml
----------------- Instantiating /home/travis/build/icyphy/ptII/ptolemy/domains/sdf/test/auto/LMSAdaptive.xml
15 ms. Memory: 347136K Free: 148882K (43%)
----------------- Invoking toplevel() on ptolemy.moml.MoMLSimpleApplication@12b7a03c
----------------- Done invoking toplevel() on ptolemy.moml.MoMLSimpleApplication@12b7a03c
reloadAllAccessors: .LMSAdaptive

===========================================================================================
----------------- testing Wed Sep 25 06:04:27 UTC 2019 /home/travis/build/icyphy/ptII/ptolemy/domains/sdf/test/auto/LogisticMap.xml
----------------- Instantiating /home/travis/build/icyphy/ptII/ptolemy/domains/sdf/test/auto/LogisticMap.xml
443 ms. Memory: 347136K Free: 143248K (41%)
----------------- Invoking toplevel() on ptolemy.moml.MoMLSimpleApplication@45106c72
----------------- Done invoking toplevel() on ptolemy.moml.MoMLSimpleApplication@45106c72
reloadAllAccessors: .LogisticMap

===========================================================================================
----------------- testing Wed Sep 25 06:04:28 UTC 2019 /home/travis/build/icyphy/ptII/ptolemy/domains/sdf/test/auto/MaximumEntropySpectrum.xml
----------------- Instantiating /home/travis/build/icyphy/ptII/ptolemy/domains/sdf/test/auto/MaximumEntropySpectrum.xml
83 ms. Memory: 347136K Free: 285660K (82%)
----------------- Invoking toplevel() on ptolemy.moml.MoMLSimpleApplication@2d6d297e
----------------- Done invoking toplevel() on ptolemy.moml.MoMLSimpleApplication@2d6d297e
reloadAllAccessors: .MaximumEntropySpectrum

===========================================================================================
----------------- testing Wed Sep 25 06:04:28 UTC 2019 /home/travis/build/icyphy/ptII/ptolemy/domains/sdf/test/auto/MultirateSDF.xml
----------------- Instantiating /home/travis/build/icyphy/ptII/ptolemy/domains/sdf/test/auto/MultirateSDF.xml
23 ms. Memory: 347136K Free: 270814K (78%)
----------------- Invoking toplevel() on ptolemy.moml.MoMLSimpleApplication@7f5382ab
----------------- Done invoking toplevel() on ptolemy.moml.MoMLSimpleApplication@7f5382ab
reloadAllAccessors: .MultirateSDF

===========================================================================================
----------------- testing Wed Sep 25 06:04:28 UTC 2019 /home/travis/build/icyphy/ptII/ptolemy/domains/sdf/test/auto/MultirateSDFwithTransientStates.xml
----------------- Instantiating /home/travis/build/icyphy/ptII/ptolemy/domains/sdf/test/auto/MultirateSDFwithTransientStates.xml
21 ms. Memory: 347136K Free: 251868K (73%)
----------------- Invoking toplevel() on ptolemy.moml.MoMLSimpleApplication@4c8f7524
----------------- Done invoking toplevel() on ptolemy.moml.MoMLSimpleApplication@4c8f7524
reloadAllAccessors: .MultirateSDFwithTransientStates

===========================================================================================
----------------- testing Wed Sep 25 06:04:28 UTC 2019 /home/travis/build/icyphy/ptII/ptolemy/domains/sdf/test/auto/NoisySinewave.xml
----------------- Instantiating /home/travis/build/icyphy/ptII/ptolemy/domains/sdf/test/auto/NoisySinewave.xml
16 ms. Memory: 347136K Free: 235484K (68%)
----------------- Invoking toplevel() on ptolemy.moml.MoMLSimpleApplication@280af329
----------------- Done invoking toplevel() on ptolemy.moml.MoMLSimpleApplication@280af329
reloadAllAccessors: .NoisySinewave

===========================================================================================
----------------- testing Wed Sep 25 06:04:28 UTC 2019 /home/travis/build/icyphy/ptII/ptolemy/domains/sdf/test/auto/Objects.xml
----------------- Instantiating /home/travis/build/icyphy/ptII/ptolemy/domains/sdf/test/auto/Objects.xml
4 ms. Memory: 347136K Free: 227292K (65%)
----------------- Invoking toplevel() on ptolemy.moml.MoMLSimpleApplication@619aa371
----------------- Done invoking toplevel() on ptolemy.moml.MoMLSimpleApplication@619aa371
reloadAllAccessors: .Objects

===========================================================================================
----------------- testing Wed Sep 25 06:04:28 UTC 2019 /home/travis/build/icyphy/ptII/ptolemy/domains/sdf/test/auto/OrthogonalCom.xml
----------------- Instantiating /home/travis/build/icyphy/ptII/ptolemy/domains/sdf/test/auto/OrthogonalCom.xml
8 ms. Memory: 347136K Free: 219614K (63%)
----------------- Invoking toplevel() on ptolemy.moml.MoMLSimpleApplication@d14df5d
----------------- Done invoking toplevel() on ptolemy.moml.MoMLSimpleApplication@d14df5d
reloadAllAccessors: .OrthogonalCom

===========================================================================================
----------------- testing Wed Sep 25 06:04:29 UTC 2019 /home/travis/build/icyphy/ptII/ptolemy/domains/sdf/test/auto/RijndaelEncryption.xml
----------------- Instantiating /home/travis/build/icyphy/ptII/ptolemy/domains/sdf/test/auto/RijndaelEncryption.xml
335 ms. Memory: 347136K Free: 278136K (80%)
----------------- Invoking toplevel() on ptolemy.moml.MoMLSimpleApplication@2ee37ad9
----------------- Done invoking toplevel() on ptolemy.moml.MoMLSimpleApplication@2ee37ad9
reloadAllAccessors: .RijndaelEncryption

===========================================================================================
----------------- testing Wed Sep 25 06:04:29 UTC 2019 /home/travis/build/icyphy/ptII/ptolemy/domains/sdf/test/auto/SDFEmptyIterations.xml
----------------- Instantiating /home/travis/build/icyphy/ptII/ptolemy/domains/sdf/test/auto/SDFEmptyIterations.xml
5 ms. Memory: 347136K Free: 273512K (79%)
----------------- Invoking toplevel() on ptolemy.moml.MoMLSimpleApplication@31ab5169
----------------- Done invoking toplevel() on ptolemy.moml.MoMLSimpleApplication@31ab5169
reloadAllAccessors: .SDFEmptyIterations

===========================================================================================
----------------- testing Wed Sep 25 06:04:29 UTC 2019 /home/travis/build/icyphy/ptII/ptolemy/domains/sdf/test/auto/Spectrum.xml
----------------- Instantiating /home/travis/build/icyphy/ptII/ptolemy/domains/sdf/test/auto/Spectrum.xml
38 ms. Memory: 347136K Free: 248950K (72%)
----------------- Invoking toplevel() on ptolemy.moml.MoMLSimpleApplication@21e79b63
----------------- Done invoking toplevel() on ptolemy.moml.MoMLSimpleApplication@21e79b63
reloadAllAccessors: .Spectrum

===========================================================================================
----------------- testing Wed Sep 25 06:04:29 UTC 2019 /home/travis/build/icyphy/ptII/ptolemy/domains/sdf/test/auto/de_inside_sdf.xml
----------------- Instantiating /home/travis/build/icyphy/ptII/ptolemy/domains/sdf/test/auto/de_inside_sdf.xml
7 ms. Memory: 347136K Free: 243800K (70%)
----------------- Invoking toplevel() on ptolemy.moml.MoMLSimpleApplication@7d64781c
----------------- Done invoking toplevel() on ptolemy.moml.MoMLSimpleApplication@7d64781c
reloadAllAccessors: .de_inside_sdf

===========================================================================================
----------------- testing Wed Sep 25 06:04:29 UTC 2019 /home/travis/build/icyphy/ptII/ptolemy/domains/sdf/test/auto/disconnectedHierarchicalSDF.xml
----------------- Instantiating /home/travis/build/icyphy/ptII/ptolemy/domains/sdf/test/auto/disconnectedHierarchicalSDF.xml
10 ms. Memory: 347136K Free: 237672K (68%)
----------------- Invoking toplevel() on ptolemy.moml.MoMLSimpleApplication@5283fdd8
----------------- Done invoking toplevel() on ptolemy.moml.MoMLSimpleApplication@5283fdd8
reloadAllAccessors: .disconnectedHierarchicalSDF

===========================================================================================
----------------- testing Wed Sep 25 06:04:29 UTC 2019 /home/travis/build/icyphy/ptII/ptolemy/domains/sdf/test/auto/disconnectedSDF.xml
----------------- Instantiating /home/travis/build/icyphy/ptII/ptolemy/domains/sdf/test/auto/disconnectedSDF.xml
2 ms. Memory: 347136K Free: 233590K (67%)
----------------- Invoking toplevel() on ptolemy.moml.MoMLSimpleApplication@3cd8665d
----------------- Done invoking toplevel() on ptolemy.moml.MoMLSimpleApplication@3cd8665d
reloadAllAccessors: .disconnectedSDF

===========================================================================================
----------------- testing Wed Sep 25 06:04:29 UTC 2019 /home/travis/build/icyphy/ptII/ptolemy/domains/sdf/test/auto/emptyRefinement.xml
----------------- Instantiating /home/travis/build/icyphy/ptII/ptolemy/domains/sdf/test/auto/emptyRefinement.xml
3 ms. Memory: 347136K Free: 228984K (66%)
----------------- Invoking toplevel() on ptolemy.moml.MoMLSimpleApplication@6505008b
----------------- Done invoking toplevel() on ptolemy.moml.MoMLSimpleApplication@6505008b
reloadAllAccessors: .emptyRefinement

===========================================================================================
----------------- testing Wed Sep 25 06:04:29 UTC 2019 /home/travis/build/icyphy/ptII/ptolemy/domains/sdf/test/auto/filePortParameter.xml
----------------- Instantiating /home/travis/build/icyphy/ptII/ptolemy/domains/sdf/test/auto/filePortParameter.xml
8 ms. Memory: 347136K Free: 221816K (64%)
----------------- Invoking toplevel() on ptolemy.moml.MoMLSimpleApplication@32dead88
----------------- Done invoking toplevel() on ptolemy.moml.MoMLSimpleApplication@32dead88
reloadAllAccessors: .filePortParameter

===========================================================================================
----------------- testing Wed Sep 25 06:04:29 UTC 2019 /home/travis/build/icyphy/ptII/ptolemy/domains/sdf/test/auto/inferRelationWidth1.xml
----------------- Instantiating /home/travis/build/icyphy/ptII/ptolemy/domains/sdf/test/auto/inferRelationWidth1.xml
2 ms. Memory: 347136K Free: 218744K (63%)
----------------- Invoking toplevel() on ptolemy.moml.MoMLSimpleApplication@4dbb28a8
----------------- Done invoking toplevel() on ptolemy.moml.MoMLSimpleApplication@4dbb28a8
reloadAllAccessors: .inferRelationWidth1

===========================================================================================
----------------- testing Wed Sep 25 06:04:29 UTC 2019 /home/travis/build/icyphy/ptII/ptolemy/domains/sdf/test/auto/initProductionInference.xml
----------------- Instantiating /home/travis/build/icyphy/ptII/ptolemy/domains/sdf/test/auto/initProductionInference.xml
3 ms. Memory: 347136K Free: 214648K (62%)
----------------- Invoking toplevel() on ptolemy.moml.MoMLSimpleApplication@777709d6
----------------- Done invoking toplevel() on ptolemy.moml.MoMLSimpleApplication@777709d6
reloadAllAccessors: .initProductionInference

===========================================================================================
----------------- testing Wed Sep 25 06:04:29 UTC 2019 /home/travis/build/icyphy/ptII/ptolemy/domains/sdf/test/auto/relationGroup.xml
----------------- Instantiating /home/travis/build/icyphy/ptII/ptolemy/domains/sdf/test/auto/relationGroup.xml
6 ms. Memory: 347136K Free: 211576K (61%)
----------------- Invoking toplevel() on ptolemy.moml.MoMLSimpleApplication@4f7c7098
----------------- Done invoking toplevel() on ptolemy.moml.MoMLSimpleApplication@4f7c7098
reloadAllAccessors: .relationGroup

===========================================================================================
----------------- testing Wed Sep 25 06:04:29 UTC 2019 /home/travis/build/icyphy/ptII/ptolemy/domains/sdf/test/auto/relationGroup10.xml
----------------- Instantiating /home/travis/build/icyphy/ptII/ptolemy/domains/sdf/test/auto/relationGroup10.xml
2 ms. Memory: 347136K Free: 207480K (60%)
----------------- Invoking toplevel() on ptolemy.moml.MoMLSimpleApplication@1c12d7c8
----------------- Done invoking toplevel() on ptolemy.moml.MoMLSimpleApplication@1c12d7c8
reloadAllAccessors: .relationGroup10

===========================================================================================
----------------- testing Wed Sep 25 06:04:29 UTC 2019 /home/travis/build/icyphy/ptII/ptolemy/domains/sdf/test/auto/relationGroup11.xml
----------------- Instantiating /home/travis/build/icyphy/ptII/ptolemy/domains/sdf/test/auto/relationGroup11.xml
3 ms. Memory: 347136K Free: 203384K (59%)
----------------- Invoking toplevel() on ptolemy.moml.MoMLSimpleApplication@21dcb4bc
----------------- Done invoking toplevel() on ptolemy.moml.MoMLSimpleApplication@21dcb4bc
reloadAllAccessors: .relationGroup11

===========================================================================================
----------------- testing Wed Sep 25 06:04:29 UTC 2019 /home/travis/build/icyphy/ptII/ptolemy/domains/sdf/test/auto/relationGroup12.xml
----------------- Instantiating /home/travis/build/icyphy/ptII/ptolemy/domains/sdf/test/auto/relationGroup12.xml
2 ms. Memory: 347136K Free: 199798K (58%)
----------------- Invoking toplevel() on ptolemy.moml.MoMLSimpleApplication@7f93af5e
----------------- Done invoking toplevel() on ptolemy.moml.MoMLSimpleApplication@7f93af5e
reloadAllAccessors: .relationGroup12

===========================================================================================
----------------- testing Wed Sep 25 06:04:29 UTC 2019 /home/travis/build/icyphy/ptII/ptolemy/domains/sdf/test/auto/relationGroup13.xml
----------------- Instantiating /home/travis/build/icyphy/ptII/ptolemy/domains/sdf/test/auto/relationGroup13.xml
9 ms. Memory: 347136K Free: 195192K (56%)
----------------- Invoking toplevel() on ptolemy.moml.MoMLSimpleApplication@10786334
----------------- Done invoking toplevel() on ptolemy.moml.MoMLSimpleApplication@10786334
reloadAllAccessors: .relationGroup13

===========================================================================================
----------------- testing Wed Sep 25 06:04:30 UTC 2019 /home/travis/build/icyphy/ptII/ptolemy/domains/sdf/test/auto/relationGroup14.xml
----------------- Instantiating /home/travis/build/icyphy/ptII/ptolemy/domains/sdf/test/auto/relationGroup14.xml
3 ms. Memory: 347136K Free: 190582K (55%)
----------------- Invoking toplevel() on ptolemy.moml.MoMLSimpleApplication@226d599f
----------------- Done invoking toplevel() on ptolemy.moml.MoMLSimpleApplication@226d599f
reloadAllAccessors: .relationGroup14

===========================================================================================
----------------- testing Wed Sep 25 06:04:30 UTC 2019 /home/travis/build/icyphy/ptII/ptolemy/domains/sdf/test/auto/relationGroup15.xml
----------------- Instantiating /home/travis/build/icyphy/ptII/ptolemy/domains/sdf/test/auto/relationGroup15.xml
2 ms. Memory: 347136K Free: 187000K (54%)
----------------- Invoking toplevel() on ptolemy.moml.MoMLSimpleApplication@2744f34d
----------------- Done invoking toplevel() on ptolemy.moml.MoMLSimpleApplication@2744f34d
reloadAllAccessors: .relationGroup15

===========================================================================================
----------------- testing Wed Sep 25 06:04:30 UTC 2019 /home/travis/build/icyphy/ptII/ptolemy/domains/sdf/test/auto/relationGroup2.xml
----------------- Instantiating /home/travis/build/icyphy/ptII/ptolemy/domains/sdf/test/auto/relationGroup2.xml
3 ms. Memory: 347136K Free: 183928K (53%)
----------------- Invoking toplevel() on ptolemy.moml.MoMLSimpleApplication@3532f85e
----------------- Done invoking toplevel() on ptolemy.moml.MoMLSimpleApplication@3532f85e
reloadAllAccessors: .relationGroup2

===========================================================================================
----------------- testing Wed Sep 25 06:04:30 UTC 2019 /home/travis/build/icyphy/ptII/ptolemy/domains/sdf/test/auto/relationGroup3.xml
----------------- Instantiating /home/travis/build/icyphy/ptII/ptolemy/domains/sdf/test/auto/relationGroup3.xml
1 ms. Memory: 347136K Free: 180856K (52%)
----------------- Invoking toplevel() on ptolemy.moml.MoMLSimpleApplication@4231fed
----------------- Done invoking toplevel() on ptolemy.moml.MoMLSimpleApplication@4231fed
reloadAllAccessors: .relationGroup3

===========================================================================================
----------------- testing Wed Sep 25 06:04:30 UTC 2019 /home/travis/build/icyphy/ptII/ptolemy/domains/sdf/test/auto/relationGroup4.xml
----------------- Instantiating /home/travis/build/icyphy/ptII/ptolemy/domains/sdf/test/auto/relationGroup4.xml
6 ms. Memory: 347136K Free: 176760K (51%)
----------------- Invoking toplevel() on ptolemy.moml.MoMLSimpleApplication@57f753d1
----------------- Done invoking toplevel() on ptolemy.moml.MoMLSimpleApplication@57f753d1
reloadAllAccessors: .relationGroup4

===========================================================================================
----------------- testing Wed Sep 25 06:04:30 UTC 2019 /home/travis/build/icyphy/ptII/ptolemy/domains/sdf/test/auto/relationGroup5.xml
----------------- Instantiating /home/travis/build/icyphy/ptII/ptolemy/domains/sdf/test/auto/relationGroup5.xml
2 ms. Memory: 347136K Free: 172150K (50%)
----------------- Invoking toplevel() on ptolemy.moml.MoMLSimpleApplication@7f33a699
----------------- Done invoking toplevel() on ptolemy.moml.MoMLSimpleApplication@7f33a699
reloadAllAccessors: .relationGroup5

===========================================================================================
----------------- testing Wed Sep 25 06:04:30 UTC 2019 /home/travis/build/icyphy/ptII/ptolemy/domains/sdf/test/auto/relationGroup6.xml
----------------- Instantiating /home/travis/build/icyphy/ptII/ptolemy/domains/sdf/test/auto/relationGroup6.xml
3 ms. Memory: 347136K Free: 168054K (48%)
----------------- Invoking toplevel() on ptolemy.moml.MoMLSimpleApplication@38d59f85
----------------- Done invoking toplevel() on ptolemy.moml.MoMLSimpleApplication@38d59f85
reloadAllAccessors: .relationGroup6

===========================================================================================
----------------- testing Wed Sep 25 06:04:30 UTC 2019 /home/travis/build/icyphy/ptII/ptolemy/domains/sdf/test/auto/relationGroup7.xml
----------------- Instantiating /home/travis/build/icyphy/ptII/ptolemy/domains/sdf/test/auto/relationGroup7.xml
2 ms. Memory: 347136K Free: 164982K (48%)
----------------- Invoking toplevel() on ptolemy.moml.MoMLSimpleApplication@6234b0c1
----------------- Done invoking toplevel() on ptolemy.moml.MoMLSimpleApplication@6234b0c1
reloadAllAccessors: .relationGroup7

===========================================================================================
----------------- testing Wed Sep 25 06:04:30 UTC 2019 /home/travis/build/icyphy/ptII/ptolemy/domains/sdf/test/auto/relationGroup8.xml
----------------- Instantiating /home/travis/build/icyphy/ptII/ptolemy/domains/sdf/test/auto/relationGroup8.xml
2 ms. Memory: 347136K Free: 161400K (46%)
----------------- Invoking toplevel() on ptolemy.moml.MoMLSimpleApplication@65d90341
----------------- Done invoking toplevel() on ptolemy.moml.MoMLSimpleApplication@65d90341
reloadAllAccessors: .relationGroup8

===========================================================================================
----------------- testing Wed Sep 25 06:04:30 UTC 2019 /home/travis/build/icyphy/ptII/ptolemy/domains/sdf/test/auto/relationGroup9.xml
----------------- Instantiating /home/travis/build/icyphy/ptII/ptolemy/domains/sdf/test/auto/relationGroup9.xml
5 ms. Memory: 347136K Free: 156790K (45%)
----------------- Invoking toplevel() on ptolemy.moml.MoMLSimpleApplication@17dedee6
----------------- Done invoking toplevel() on ptolemy.moml.MoMLSimpleApplication@17dedee6
reloadAllAccessors: .relationGroup9

===========================================================================================
----------------- testing Wed Sep 25 06:04:30 UTC 2019 /home/travis/build/icyphy/ptII/ptolemy/domains/sdf/test/auto/sdf_inside_de.xml
----------------- Instantiating /home/travis/build/icyphy/ptII/ptolemy/domains/sdf/test/auto/sdf_inside_de.xml
10 ms. Memory: 347136K Free: 148088K (43%)
----------------- Invoking toplevel() on ptolemy.moml.MoMLSimpleApplication@56da395a
----------------- Done invoking toplevel() on ptolemy.moml.MoMLSimpleApplication@56da395a
reloadAllAccessors: .sdf_inside_de

===========================================================================================
----------------- testing Wed Sep 25 06:04:30 UTC 2019 /home/travis/build/icyphy/ptII/ptolemy/domains/sdf/test/auto/sdf_inside_pn.xml
----------------- Instantiating /home/travis/build/icyphy/ptII/ptolemy/domains/sdf/test/auto/sdf_inside_pn.xml
39 ms. Memory: 347136K Free: 138872K (40%)
----------------- Invoking toplevel() on ptolemy.moml.MoMLSimpleApplication@922ca03
----------------- Done invoking toplevel() on ptolemy.moml.MoMLSimpleApplication@922ca03
reloadAllAccessors: .sdf_inside_pn

===========================================================================================
----------------- testing Wed Sep 25 06:04:30 UTC 2019 /home/travis/build/icyphy/ptII/ptolemy/domains/sdf/test/auto/sdf_sdf1.xml
----------------- Instantiating /home/travis/build/icyphy/ptII/ptolemy/domains/sdf/test/auto/sdf_sdf1.xml
4 ms. Memory: 347136K Free: 133752K (39%)
----------------- Invoking toplevel() on ptolemy.moml.MoMLSimpleApplication@30635d62
----------------- Done invoking toplevel() on ptolemy.moml.MoMLSimpleApplication@30635d62
reloadAllAccessors: .sdf_sdf1

===========================================================================================
----------------- testing Wed Sep 25 06:04:30 UTC 2019 /home/travis/build/icyphy/ptII/ptolemy/domains/sdf/test/auto/test1.xml
----------------- Instantiating /home/travis/build/icyphy/ptII/ptolemy/domains/sdf/test/auto/test1.xml
3 ms. Memory: 347136K Free: 128632K (37%)
----------------- Invoking toplevel() on ptolemy.moml.MoMLSimpleApplication@23f485d7
----------------- Done invoking toplevel() on ptolemy.moml.MoMLSimpleApplication@23f485d7
reloadAllAccessors: .test1

===========================================================================================
----------------- testing Wed Sep 25 06:04:30 UTC 2019 /home/travis/build/icyphy/ptII/ptolemy/domains/sdf/test/auto/time1.xml
----------------- Instantiating /home/travis/build/icyphy/ptII/ptolemy/domains/sdf/test/auto/time1.xml
2 ms. Memory: 347136K Free: 125046K (36%)
----------------- Invoking toplevel() on ptolemy.moml.MoMLSimpleApplication@22ba39bd
----------------- Done invoking toplevel() on ptolemy.moml.MoMLSimpleApplication@22ba39bd
reloadAllAccessors: .time1

===========================================================================================
----------------- testing Wed Sep 25 06:04:30 UTC 2019 /home/travis/build/icyphy/ptII/ptolemy/domains/sdf/test/auto/time2.xml
----------------- Instantiating /home/travis/build/icyphy/ptII/ptolemy/domains/sdf/test/auto/time2.xml
13 ms. Memory: 347136K Free: 327964K (94%)
----------------- Invoking toplevel() on ptolemy.moml.MoMLSimpleApplication@70abe581
----------------- Done invoking toplevel() on ptolemy.moml.MoMLSimpleApplication@70abe581
reloadAllAccessors: .time2

===========================================================================================
----------------- testing Wed Sep 25 06:04:30 UTC 2019 /home/travis/build/icyphy/ptII/ptolemy/domains/sdf/test/auto/time3.xml
----------------- Instantiating /home/travis/build/icyphy/ptII/ptolemy/domains/sdf/test/auto/time3.xml
5 ms. Memory: 347136K Free: 322330K (93%)
----------------- Invoking toplevel() on ptolemy.moml.MoMLSimpleApplication@57d1ab23
----------------- Done invoking toplevel() on ptolemy.moml.MoMLSimpleApplication@57d1ab23
reloadAllAccessors: .time3

===========================================================================================
----------------- testing Wed Sep 25 06:04:30 UTC 2019 /home/travis/build/icyphy/ptII/ptolemy/domains/sdf/test/auto/time4.xml
----------------- Instantiating /home/travis/build/icyphy/ptII/ptolemy/domains/sdf/test/auto/time4.xml
7 ms. Memory: 347136K Free: 316700K (91%)
----------------- Invoking toplevel() on ptolemy.moml.MoMLSimpleApplication@3d9acb8c
----------------- Done invoking toplevel() on ptolemy.moml.MoMLSimpleApplication@3d9acb8c
reloadAllAccessors: .time4

===========================================================================================
----------------- testing Wed Sep 25 06:04:30 UTC 2019 /home/travis/build/icyphy/ptII/ptolemy/domains/sdf/test/auto/time5.xml
----------------- Instantiating /home/travis/build/icyphy/ptII/ptolemy/domains/sdf/test/auto/time5.xml
4001 ms. Memory: 347136K Free: 313114K (90%)
----------------- Invoking toplevel() on ptolemy.moml.MoMLSimpleApplication@7c5e5e4a
----------------- Done invoking toplevel() on ptolemy.moml.MoMLSimpleApplication@7c5e5e4a
reloadAllAccessors: .time5

===========================================================================================
----------------- testing Wed Sep 25 06:04:34 UTC 2019 /home/travis/build/icyphy/ptII/ptolemy/domains/sdf/test/auto/typeSystem_Const_Integer_smallest_Type.xml
----------------- Instantiating /home/travis/build/icyphy/ptII/ptolemy/domains/sdf/test/auto/typeSystem_Const_Integer_smallest_Type.xml
7 ms. Memory: 347136K Free: 308508K (89%)
----------------- Invoking toplevel() on ptolemy.moml.MoMLSimpleApplication@23ec5800
----------------- Done invoking toplevel() on ptolemy.moml.MoMLSimpleApplication@23ec5800
reloadAllAccessors: .typeSystem_Const_Integer_smallest_Type

===========================================================================================
----------------- testing Wed Sep 25 06:04:34 UTC 2019 /home/travis/build/icyphy/ptII/ptolemy/domains/sdf/test/auto/typeSystem_declared_Inports_OutportTypeException.xml
----------------- Instantiating /home/travis/build/icyphy/ptII/ptolemy/domains/sdf/test/auto/typeSystem_declared_Inports_OutportTypeException.xml
.typeSystem_declared_Inports_OutportTypeException.TestExceptionAttribute: initialize() was not invoked, but wrapup() was.  This is unusual, but not always a problem.  For example, exporting JNLP will do this.
6 ms. Memory: 347136K Free: 303898K (88%)
----------------- Invoking toplevel() on ptolemy.moml.MoMLSimpleApplication@3bf40606
----------------- Done invoking toplevel() on ptolemy.moml.MoMLSimpleApplication@3bf40606
reloadAllAccessors: .typeSystem_declared_Inports_OutportTypeException

===========================================================================================
----------------- testing Wed Sep 25 06:04:34 UTC 2019 /home/travis/build/icyphy/ptII/ptolemy/domains/sdf/test/auto/typeSystem_oneDeclaredInportType_wrongTypeOutport.xml
----------------- Instantiating /home/travis/build/icyphy/ptII/ptolemy/domains/sdf/test/auto/typeSystem_oneDeclaredInportType_wrongTypeOutport.xml
3 ms. Memory: 347136K Free: 299802K (86%)
----------------- Invoking toplevel() on ptolemy.moml.MoMLSimpleApplication@5a611920
----------------- Done invoking toplevel() on ptolemy.moml.MoMLSimpleApplication@5a611920
reloadAllAccessors: .typeSystem_oneDeclaredInportType_wrongTypeOutport

===========================================================================================
----------------- testing Wed Sep 25 06:04:34 UTC 2019 /home/travis/build/icyphy/ptII/ptolemy/domains/sdf/test/auto/width.xml
----------------- Instantiating /home/travis/build/icyphy/ptII/ptolemy/domains/sdf/test/auto/width.xml
2 ms. Memory: 347136K Free: 295706K (85%)
----------------- Invoking toplevel() on ptolemy.moml.MoMLSimpleApplication@99dee8e
----------------- Done invoking toplevel() on ptolemy.moml.MoMLSimpleApplication@99dee8e
reloadAllAccessors: .width

===========================================================================================
----------------- testing Wed Sep 25 06:04:34 UTC 2019 /home/travis/build/icyphy/ptII/ptolemy/domains/sdf/test/auto/width2.xml
----------------- Instantiating /home/travis/build/icyphy/ptII/ptolemy/domains/sdf/test/auto/width2.xml
39 ms. Memory: 347136K Free: 290586K (84%)
----------------- Invoking toplevel() on ptolemy.moml.MoMLSimpleApplication@449a89f9
----------------- Done invoking toplevel() on ptolemy.moml.MoMLSimpleApplication@449a89f9
reloadAllAccessors: .width2

===========================================================================================
----------------- testing Wed Sep 25 06:04:34 UTC 2019 /home/travis/build/icyphy/ptII/ptolemy/domains/sdf/test/auto/width3.xml
----------------- Instantiating /home/travis/build/icyphy/ptII/ptolemy/domains/sdf/test/auto/width3.xml
28 ms. Memory: 347136K Free: 285466K (82%)
----------------- Invoking toplevel() on ptolemy.moml.MoMLSimpleApplication@6bdf3eea
----------------- Done invoking toplevel() on ptolemy.moml.MoMLSimpleApplication@6bdf3eea
reloadAllAccessors: .width3
AutoTests.java: About to close Vertx.
AutoTests.java: Vertx closed.
]]></system-out>
  <system-err><![CDATA[java.lang.RuntimeException: Execution failed
	at ptolemy.moml.MoMLSimpleApplication$UnloadThread.run(MoMLSimpleApplication.java:402)
Caused by: ptolemy.actor.sched.NotSchedulableException: No solution exists for the balance equations.
Graph is not consistent under the SDF domain detected on external port .rateConsistency.actor.port2
  in .rateConsistency.SDF Director.Scheduler
	at ptolemy.domains.sdf.kernel.SDFScheduler._propagatePort(SDFScheduler.java:1425)
	at ptolemy.domains.sdf.kernel.SDFScheduler._solveBalanceEquations(SDFScheduler.java:710)
	at ptolemy.domains.sdf.kernel.SDFScheduler._getSchedule(SDFScheduler.java:566)
	at ptolemy.actor.sched.Scheduler.getSchedule(Scheduler.java:189)
	at ptolemy.domains.sdf.kernel.SDFDirector.createSchedule(SDFDirector.java:408)
	at ptolemy.domains.sdf.kernel.SDFDirector.preinitialize(SDFDirector.java:764)
	at ptolemy.actor.CompositeActor.preinitialize(CompositeActor.java:1828)
	at ptolemy.actor.Manager.preinitializeAndResolveTypes(Manager.java:1040)
	at ptolemy.actor.Manager.initialize(Manager.java:710)
	at ptolemy.actor.Manager.execute(Manager.java:356)
	at ptolemy.actor.Manager.run(Manager.java:1263)
	at ptolemy.actor.Manager$PtolemyRunThread.run(Manager.java:1933)
java.lang.RuntimeException: Execution failed
	at ptolemy.moml.MoMLSimpleApplication$UnloadThread.run(MoMLSimpleApplication.java:402)
Caused by: ptolemy.kernel.util.IllegalActionException: Failed to compute schedule:
  in .badRateChanges.typed composite actor.SDF Director
Because:
The SDF rate parameter may change. This is not allowed in SDF models that will be run through the code generator.  If you don't care about code generation, then you might consider setting the allowRateChanges parameter of the SDF director to false.
  in .badRateChanges.typed composite actor.Repeat.output.tokenProductionRate
	at ptolemy.domains.sdf.kernel.SDFDirector.createSchedule(SDFDirector.java:418)
	at ptolemy.domains.sdf.kernel.SDFDirector.preinitialize(SDFDirector.java:764)
	at ptolemy.actor.CompositeActor.preinitialize(CompositeActor.java:1828)
	at ptolemy.actor.Director.preinitialize(Director.java:1302)
	at ptolemy.actor.Director.preinitialize(Director.java:1257)
	at ptolemy.domains.sdf.kernel.SDFDirector.preinitialize(SDFDirector.java:763)
	at ptolemy.actor.CompositeActor.preinitialize(CompositeActor.java:1828)
	at ptolemy.actor.Manager.preinitializeAndResolveTypes(Manager.java:1040)
	at ptolemy.actor.Manager.initialize(Manager.java:710)
	at ptolemy.actor.Manager.execute(Manager.java:356)
	at ptolemy.actor.Manager.run(Manager.java:1263)
	at ptolemy.actor.Manager$PtolemyRunThread.run(Manager.java:1933)
Caused by: ptolemy.kernel.util.IllegalActionException: The SDF rate parameter may change. This is not allowed in SDF models that will be run through the code generator.  If you don't care about code generation, then you might consider setting the allowRateChanges parameter of the SDF director to false.
  in .badRateChanges.typed composite actor.Repeat.output.tokenProductionRate
	at ptolemy.domains.sdf.kernel.SDFScheduler._assertDynamicRateVariable(SDFScheduler.java:931)
	at ptolemy.domains.sdf.kernel.SDFScheduler._checkDynamicRateVariables(SDFScheduler.java:339)
	at ptolemy.domains.sdf.kernel.SDFScheduler._getSchedule(SDFScheduler.java:527)
	at ptolemy.actor.sched.Scheduler.getSchedule(Scheduler.java:189)
	at ptolemy.domains.sdf.kernel.SDFDirector.createSchedule(SDFDirector.java:408)
	... 11 more
java.lang.RuntimeException: Execution failed
	at ptolemy.moml.MoMLSimpleApplication$UnloadThread.run(MoMLSimpleApplication.java:402)
Caused by: ptolemy.kernel.util.IllegalActionException: Failed to compute schedule:
  in .badRateChanges2.typed composite actor.SDF Director
Because:
The SDF rate parameter may change. This is not allowed in SDF models that will be run through the code generator.  If you don't care about code generation, then you might consider setting the allowRateChanges parameter of the SDF director to false.
  in .badRateChanges2.typed composite actor.Repeat.output.tokenProductionRate
	at ptolemy.domains.sdf.kernel.SDFDirector.createSchedule(SDFDirector.java:418)
	at ptolemy.domains.sdf.kernel.SDFDirector.preinitialize(SDFDirector.java:764)
	at ptolemy.actor.CompositeActor.preinitialize(CompositeActor.java:1828)
	at ptolemy.actor.Director.preinitialize(Director.java:1302)
	at ptolemy.actor.Director.preinitialize(Director.java:1257)
	at ptolemy.domains.sdf.kernel.SDFDirector.preinitialize(SDFDirector.java:763)
	at ptolemy.actor.CompositeActor.preinitialize(CompositeActor.java:1828)
	at ptolemy.actor.Manager.preinitializeAndResolveTypes(Manager.java:1040)
	at ptolemy.actor.Manager.initialize(Manager.java:710)
	at ptolemy.actor.Manager.execute(Manager.java:356)
	at ptolemy.actor.Manager.run(Manager.java:1263)
	at ptolemy.actor.Manager$PtolemyRunThread.run(Manager.java:1933)
Caused by: ptolemy.kernel.util.IllegalActionException: The SDF rate parameter may change. This is not allowed in SDF models that will be run through the code generator.  If you don't care about code generation, then you might consider setting the allowRateChanges parameter of the SDF director to false.
  in .badRateChanges2.typed composite actor.Repeat.output.tokenProductionRate
	at ptolemy.domains.sdf.kernel.SDFScheduler._assertDynamicRateVariable(SDFScheduler.java:931)
	at ptolemy.domains.sdf.kernel.SDFScheduler._checkDynamicRateVariables(SDFScheduler.java:339)
	at ptolemy.domains.sdf.kernel.SDFScheduler._getSchedule(SDFScheduler.java:527)
	at ptolemy.actor.sched.Scheduler.getSchedule(Scheduler.java:189)
	at ptolemy.domains.sdf.kernel.SDFDirector.createSchedule(SDFDirector.java:408)
	... 11 more
java.lang.RuntimeException: Execution failed
	at ptolemy.moml.MoMLSimpleApplication$UnloadThread.run(MoMLSimpleApplication.java:402)
Caused by: ptolemy.actor.sched.NotSchedulableException: Actors remain that cannot be scheduled!

There are several possible reasons:
* SDF Graphs with feedback loops should have an actor with a delay in the loop, such as a SampleDelay.
* The SDF director has an "allowDisconnectedGraphs"parameter, which, when true, permits disconnected SDF graphs.
* The token consumption rate and production rates might be mismatched.
Usually, actors produce one token or consume one token on a port.  To produce or consume multiple tokens per firing, add a "tokenConsumptionRate" or "tokenProductionRate" parameter to the appropriate port.
Unscheduled actors:
.partiallyConnected.Const2 
Scheduled actors:
.partiallyConnected.Const 
  in .partiallyConnected.SDF Director.Scheduler
	at ptolemy.domains.sdf.kernel.SDFScheduler._scheduleConnectedActors(SDFScheduler.java:1828)
	at ptolemy.domains.sdf.kernel.SDFScheduler._getSchedule(SDFScheduler.java:587)
	at ptolemy.actor.sched.Scheduler.getSchedule(Scheduler.java:189)
	at ptolemy.domains.sdf.kernel.SDFDirector.createSchedule(SDFDirector.java:408)
	at ptolemy.domains.sdf.kernel.SDFDirector.preinitialize(SDFDirector.java:764)
	at ptolemy.actor.CompositeActor.preinitialize(CompositeActor.java:1828)
	at ptolemy.actor.Manager.preinitializeAndResolveTypes(Manager.java:1040)
	at ptolemy.actor.Manager.initialize(Manager.java:710)
	at ptolemy.actor.Manager.execute(Manager.java:356)
	at ptolemy.actor.Manager.run(Manager.java:1263)
	at ptolemy.actor.Manager$PtolemyRunThread.run(Manager.java:1933)
]]></system-err>
</testsuite>
